<?xml version="1.0" encoding="UTF-8"?>
<robot generator="Robot 7.0 (Python 3.12.2 on linux)" generated="2024-03-22T02:19:31.220164" rpa="false" schemaversion="5">
<suite id="s1" name="Tests" source="/home/runner/work/DesafioQAItauRogerioJordao/DesafioQAItauRogerioJordao/RamdonUser/tests">
<suite id="s1-s1" name="Random-User-Test" source="/home/runner/work/DesafioQAItauRogerioJordao/DesafioQAItauRogerioJordao/RamdonUser/tests/random-user-test.robot">
<test id="s1-s1-t1" name="Conectar" line="13">
<kw name="Conectar API" owner="random-user-service">
<kw name="Create Session" owner="RequestsLibrary">
<msg time="2024-03-22T02:19:31.569796" level="INFO">Creating Session using : alias=consultarAPI, url=https://randomuser.me/, headers={},                     cookies={}, auth=None, timeout=None, proxies=None, verify=False,                     debug=0 </msg>
<arg>consultarAPI</arg>
<arg>${URL}</arg>
<doc>Create Session: create a HTTP session to a server</doc>
<status status="PASS" start="2024-03-22T02:19:31.569598" elapsed="0.000360"/>
</kw>
<status status="PASS" start="2024-03-22T02:19:31.568633" elapsed="0.001678"/>
</kw>
<status status="PASS" start="2024-03-22T02:19:31.568039" elapsed="0.002477"/>
</test>
<test id="s1-s1-t2" name="Validar retorno 200 e JSON Válido" line="16">
<kw name="Teste de Requisicao Basica" owner="random-user-service">
<kw name="GET On Session" owner="RequestsLibrary">
<msg time="2024-03-22T02:19:31.974339" level="INFO">GET Request : url=https://randomuser.me/api 
 path_url=/api 
 headers={'User-Agent': 'python-requests/2.31.0', 'Accept-Encoding': 'gzip, deflate', 'Accept': '*/*', 'Connection': 'keep-alive'} 
 body=None 
 </msg>
<msg time="2024-03-22T02:19:31.974454" level="INFO">GET Response : url=https://randomuser.me/api 
 status=200, reason=OK 
 headers={'Date': 'Fri, 22 Mar 2024 02:19:31 GMT', 'Content-Type': 'application/json; charset=utf-8', 'Transfer-Encoding': 'chunked', 'Connection': 'keep-alive', 'X-Powered-By': 'Express', 'Access-Control-Allow-Origin': '*', 'Cache-Control': 'no-cache', 'ETag': 'W/"484-N8DlaQwO7G6HeMmEysF4U+TP9FA"', 'Vary': 'Accept-Encoding', 'Content-Encoding': 'gzip', 'CF-Cache-Status': 'DYNAMIC', 'Report-To': '{"endpoints":[{"url":"https:\\/\\/a.nel.cloudflare.com\\/report\\/v4?s=t4qPAgEt3ymRgMaNtO5HSByEIlLwfk6MzJ9YemwjRssMGNZn6XhRUsq%2BKDbxDlnOMYlTvs0CWXWH%2FwOjCb46aUTYLMa3Jj%2ByzHcVGOQn06bYU0j68p%2BP9bmYYxdbkbx%2B"}],"group":"cf-nel","max_age":604800}', 'NEL': '{"success_fraction":0,"report_to":"cf-nel","max_age":604800}', 'Server': 'cloudflare', 'CF-RAY': '8682b28459578710-ORD', 'alt-svc': 'h3=":443"; ma=86400'} 
 body={"results":[{"gender":"female","name":{"title":"Miss","first":"Eileen","last":"Furu"},"location":{"street":{"number":4561,"name":"Granveien"},"city":"Kodal","state":"Hordaland","country":"Norway","postcode":"7819","coordinates":{"latitude":"45.0579","longitude":"172.2870"},"timezone":{"offset":"-4:00","description":"Atlantic Time (Canada), Caracas, La Paz"}},"email":"eileen.furu@example.com","login":{"uuid":"33447465-3010-41b7-af06-3a7556ddfb76","username":"heavyduck675","password":"1121","salt":"afbgSBP9","md5":"8826a9dcbad5728481b7df4a8a230a6f","sha1":"782f0a4891870789b30186df56b00067e8a58e8c","sha256":"ae018bb28df7508554d5c47caa5386348b2b3eb5815d5b4d951b55e8fd991a2b"},"dob":{"date":"1972-08-22T18:12:09.044Z","age":51},"registered":{"date":"2008-08-24T21:58:39.188Z","age":15},"phone":"58897445","cell":"47500298","id":{"name":"FN","value":"22087232089"},"picture":{"large":"https://randomuser.me/api/portraits/women/32.jpg","medium":"https://randomuser.me/api/portraits/med/women/32.jpg","thumbnail":"https://randomuser.me/api/portraits/thumb/women/32.jpg"},"nat":"NO"}],"info":{"seed":"b056d84bd1799249","results":1,"page":1,"version":"1.4"}} 
 </msg>
<msg time="2024-03-22T02:19:31.974548" level="INFO">/opt/hostedtoolcache/Python/3.12.2/x64/lib/python3.12/site-packages/urllib3/connectionpool.py:1103: InsecureRequestWarning: Unverified HTTPS request is being made to host 'randomuser.me'. Adding certificate verification is strongly advised. See: https://urllib3.readthedocs.io/en/latest/advanced-usage.html#tls-warnings
  warnings.warn(</msg>
<msg time="2024-03-22T02:19:31.974670" level="INFO">${response} = &lt;Response [200]&gt;</msg>
<var>${response}</var>
<arg>consultarAPI</arg>
<arg>/api</arg>
<doc>Sends a GET request on a previously created HTTP Session.</doc>
<status status="PASS" start="2024-03-22T02:19:31.573181" elapsed="0.401531"/>
</kw>
<kw name="Should Be Equal As Numbers" owner="BuiltIn">
<msg time="2024-03-22T02:19:31.975746" level="INFO">Argument types are:
&lt;class 'int'&gt;
&lt;class 'str'&gt;</msg>
<arg>${response.status_code}</arg>
<arg>200</arg>
<doc>Fails if objects are unequal after converting them to real numbers.</doc>
<status status="PASS" start="2024-03-22T02:19:31.975275" elapsed="0.000533"/>
</kw>
<kw name="Log" owner="BuiltIn">
<msg time="2024-03-22T02:19:31.976478" level="INFO">200</msg>
<arg>${response.status_code}</arg>
<doc>Logs the given message with the given level.</doc>
<status status="PASS" start="2024-03-22T02:19:31.976126" elapsed="0.000394"/>
</kw>
<kw name="Set Variable" owner="BuiltIn">
<msg time="2024-03-22T02:19:31.977268" level="INFO">${json_data} = {'results': [{'gender': 'female', 'name': {'title': 'Miss', 'first': 'Eileen', 'last': 'Furu'}, 'location': {'street': {'number': 4561, 'name': 'Granveien'}, 'city': 'Kodal', 'state': 'Hordaland', 'co...</msg>
<var>${json_data}</var>
<arg>${response.json()}</arg>
<doc>Returns the given values which can then be assigned to a variables.</doc>
<status status="PASS" start="2024-03-22T02:19:31.976838" elapsed="0.000457"/>
</kw>
<kw name="Dictionary Should Contain Key" owner="Collections">
<msg time="2024-03-22T02:19:31.977756" level="INFO">False</msg>
<arg>${json_data}</arg>
<arg>results</arg>
<doc>Fails if ``key`` is not found from ``dictionary``.</doc>
<status status="PASS" start="2024-03-22T02:19:31.977594" elapsed="0.000200"/>
</kw>
<status status="PASS" start="2024-03-22T02:19:31.572935" elapsed="0.405115"/>
</kw>
<doc>Testa se a API responde corretamente e retorna um objeto JSON válido.</doc>
<tag>testeRequisicaoBasica</tag>
<status status="PASS" start="2024-03-22T02:19:31.572397" elapsed="0.405827"/>
</test>
<test id="s1-s1-t3" name="Validar estrutura de resposta" line="22">
<kw name="Teste de Estrutura de Resposta" owner="random-user-service">
<kw name="GET On Session" owner="RequestsLibrary">
<msg time="2024-03-22T02:19:32.078786" level="INFO">GET Request : url=https://randomuser.me/api 
 path_url=/api 
 headers={'User-Agent': 'python-requests/2.31.0', 'Accept-Encoding': 'gzip, deflate', 'Accept': '*/*', 'Connection': 'keep-alive'} 
 body=None 
 </msg>
<msg time="2024-03-22T02:19:32.078875" level="INFO">GET Response : url=https://randomuser.me/api 
 status=200, reason=OK 
 headers={'Date': 'Fri, 22 Mar 2024 02:19:32 GMT', 'Content-Type': 'application/json; charset=utf-8', 'Transfer-Encoding': 'chunked', 'Connection': 'keep-alive', 'X-Powered-By': 'Express', 'Access-Control-Allow-Origin': '*', 'Cache-Control': 'no-cache', 'ETag': 'W/"47a-QZlmm2bQpWDUINmZqCBDSQzxQuk"', 'Vary': 'Accept-Encoding', 'Content-Encoding': 'gzip', 'CF-Cache-Status': 'DYNAMIC', 'Report-To': '{"endpoints":[{"url":"https:\\/\\/a.nel.cloudflare.com\\/report\\/v4?s=S2OoE3C3Rsv58FX150V0QC7uqQQcoaoLiuLdhtjkuTTiOTFei2BBpDWnXYRbirOFgqQZ75NjuxllbpnoWwdP3rHBH1vFQFF75R2F6pRS9yDLeweh8Dfz3yknbchVMY%2BV"}],"group":"cf-nel","max_age":604800}', 'NEL': '{"success_fraction":0,"report_to":"cf-nel","max_age":604800}', 'Server': 'cloudflare', 'CF-RAY': '8682b284e9f48710-ORD', 'alt-svc': 'h3=":443"; ma=86400'} 
 body={"results":[{"gender":"male","name":{"title":"Mr","first":"Ekapad","last":"Shetty"},"location":{"street":{"number":2145,"name":"Tank Bund Rd"},"city":"Khandwa","state":"Chandigarh","country":"India","postcode":52048,"coordinates":{"latitude":"4.5866","longitude":"-51.0867"},"timezone":{"offset":"-11:00","description":"Midway Island, Samoa"}},"email":"ekapad.shetty@example.com","login":{"uuid":"5e03f727-90b3-4af2-af49-3dcf0c6b004f","username":"goldenmeercat283","password":"zhei","salt":"JaQnN0j4","md5":"744880d36db7fcba77e93b50612d0700","sha1":"415d003e1ed942acdc539c37327ac14ac56650e6","sha256":"ccb53c46f96b9ac046e9efff58623877f5b81fd6280cc6ec76177dc5404262e3"},"dob":{"date":"1992-04-18T14:31:54.910Z","age":31},"registered":{"date":"2017-10-21T07:57:32.670Z","age":6},"phone":"7737002943","cell":"9473135897","id":{"name":"UIDAI","value":"997055461142"},"picture":{"large":"https://randomuser.me/api/portraits/men/95.jpg","medium":"https://randomuser.me/api/portraits/med/men/95.jpg","thumbnail":"https://randomuser.me/api/portraits/thumb/men/95.jpg"},"nat":"IN"}],"info":{"seed":"c328523a2895180a","results":1,"page":1,"version":"1.4"}} 
 </msg>
<msg time="2024-03-22T02:19:32.079011" level="INFO">/opt/hostedtoolcache/Python/3.12.2/x64/lib/python3.12/site-packages/urllib3/connectionpool.py:1103: InsecureRequestWarning: Unverified HTTPS request is being made to host 'randomuser.me'. Adding certificate verification is strongly advised. See: https://urllib3.readthedocs.io/en/latest/advanced-usage.html#tls-warnings
  warnings.warn(</msg>
<msg time="2024-03-22T02:19:32.079168" level="INFO">${response} = &lt;Response [200]&gt;</msg>
<var>${response}</var>
<arg>consultarAPI</arg>
<arg>/api</arg>
<doc>Sends a GET request on a previously created HTTP Session.</doc>
<status status="PASS" start="2024-03-22T02:19:31.981003" elapsed="0.098221"/>
</kw>
<kw name="Set Variable" owner="BuiltIn">
<msg time="2024-03-22T02:19:32.080336" level="INFO">${json_data} = {'results': [{'gender': 'male', 'name': {'title': 'Mr', 'first': 'Ekapad', 'last': 'Shetty'}, 'location': {'street': {'number': 2145, 'name': 'Tank Bund Rd'}, 'city': 'Khandwa', 'state': 'Chandigarh',...</msg>
<var>${json_data}</var>
<arg>${response.json()}</arg>
<doc>Returns the given values which can then be assigned to a variables.</doc>
<status status="PASS" start="2024-03-22T02:19:32.079796" elapsed="0.000569"/>
</kw>
<kw name="Log" owner="BuiltIn">
<msg time="2024-03-22T02:19:32.080845" level="INFO">{'results': [{'gender': 'male', 'name': {'title': 'Mr', 'first': 'Ekapad', 'last': 'Shetty'}, 'location': {'street': {'number': 2145, 'name': 'Tank Bund Rd'}, 'city': 'Khandwa', 'state': 'Chandigarh', 'country': 'India', 'postcode': 52048, 'coordinates': {'latitude': '4.5866', 'longitude': '-51.0867'}, 'timezone': {'offset': '-11:00', 'description': 'Midway Island, Samoa'}}, 'email': 'ekapad.shetty@example.com', 'login': {'uuid': '5e03f727-90b3-4af2-af49-3dcf0c6b004f', 'username': 'goldenmeercat283', 'password': 'zhei', 'salt': 'JaQnN0j4', 'md5': '744880d36db7fcba77e93b50612d0700', 'sha1': '415d003e1ed942acdc539c37327ac14ac56650e6', 'sha256': 'ccb53c46f96b9ac046e9efff58623877f5b81fd6280cc6ec76177dc5404262e3'}, 'dob': {'date': '1992-04-18T14:31:54.910Z', 'age': 31}, 'registered': {'date': '2017-10-21T07:57:32.670Z', 'age': 6}, 'phone': '7737002943', 'cell': '9473135897', 'id': {'name': 'UIDAI', 'value': '997055461142'}, 'picture': {'large': 'https://randomuser.me/api/portraits/men/95.jpg', 'medium': 'https://randomuser.me/api/portraits/med/men/95.jpg', 'thumbnail': 'https://randomuser.me/api/portraits/thumb/men/95.jpg'}, 'nat': 'IN'}], 'info': {'seed': 'c328523a2895180a', 'results': 1, 'page': 1, 'version': '1.4'}}</msg>
<arg>${json_data}</arg>
<doc>Logs the given message with the given level.</doc>
<status status="PASS" start="2024-03-22T02:19:32.080670" elapsed="0.000222"/>
</kw>
<kw name="Dictionary Should Contain Key" owner="Collections">
<msg time="2024-03-22T02:19:32.081332" level="INFO">False</msg>
<arg>${json_data}</arg>
<arg>results</arg>
<doc>Fails if ``key`` is not found from ``dictionary``.</doc>
<status status="PASS" start="2024-03-22T02:19:32.081183" elapsed="0.000185"/>
</kw>
<kw name="Should Not Be Empty" owner="BuiltIn">
<msg time="2024-03-22T02:19:32.081786" level="INFO">Length is 2.</msg>
<arg>${json_data}</arg>
<doc>Verifies that the given item is not empty.</doc>
<status status="PASS" start="2024-03-22T02:19:32.081657" elapsed="0.000168"/>
</kw>
<kw name="Create List" owner="BuiltIn">
<msg time="2024-03-22T02:19:32.082257" level="INFO">${expected_keys} = ['gender', 'name', 'location', 'email', 'login']</msg>
<var>${expected_keys}</var>
<arg>gender</arg>
<arg>name</arg>
<arg>location</arg>
<arg>email</arg>
<arg>login</arg>
<doc>Returns a list containing given items.</doc>
<status status="PASS" start="2024-03-22T02:19:32.082111" elapsed="0.000170"/>
</kw>
<for flavor="IN">
<iter>
<kw name="Dictionary Should Contain Key" owner="Collections">
<msg time="2024-03-22T02:19:32.083281" level="INFO">False</msg>
<arg>${json_data['results'][0]}</arg>
<arg>${key}</arg>
<doc>Fails if ``key`` is not found from ``dictionary``.</doc>
<status status="PASS" start="2024-03-22T02:19:32.082846" elapsed="0.000475"/>
</kw>
<kw name="Log" owner="BuiltIn">
<msg time="2024-03-22T02:19:32.083992" level="INFO">{'gender': 'male', 'name': {'title': 'Mr', 'first': 'Ekapad', 'last': 'Shetty'}, 'location': {'street': {'number': 2145, 'name': 'Tank Bund Rd'}, 'city': 'Khandwa', 'state': 'Chandigarh', 'country': 'India', 'postcode': 52048, 'coordinates': {'latitude': '4.5866', 'longitude': '-51.0867'}, 'timezone': {'offset': '-11:00', 'description': 'Midway Island, Samoa'}}, 'email': 'ekapad.shetty@example.com', 'login': {'uuid': '5e03f727-90b3-4af2-af49-3dcf0c6b004f', 'username': 'goldenmeercat283', 'password': 'zhei', 'salt': 'JaQnN0j4', 'md5': '744880d36db7fcba77e93b50612d0700', 'sha1': '415d003e1ed942acdc539c37327ac14ac56650e6', 'sha256': 'ccb53c46f96b9ac046e9efff58623877f5b81fd6280cc6ec76177dc5404262e3'}, 'dob': {'date': '1992-04-18T14:31:54.910Z', 'age': 31}, 'registered': {'date': '2017-10-21T07:57:32.670Z', 'age': 6}, 'phone': '7737002943', 'cell': '9473135897', 'id': {'name': 'UIDAI', 'value': '997055461142'}, 'picture': {'large': 'https://randomuser.me/api/portraits/men/95.jpg', 'medium': 'https://randomuser.me/api/portraits/med/men/95.jpg', 'thumbnail': 'https://randomuser.me/api/portraits/thumb/men/95.jpg'}, 'nat': 'IN'}</msg>
<arg>${json_data['results'][0]}</arg>
<doc>Logs the given message with the given level.</doc>
<status status="PASS" start="2024-03-22T02:19:32.083625" elapsed="0.000420"/>
</kw>
<kw name="Log" owner="BuiltIn">
<msg time="2024-03-22T02:19:32.084479" level="INFO">gender</msg>
<arg>${key}</arg>
<doc>Logs the given message with the given level.</doc>
<status status="PASS" start="2024-03-22T02:19:32.084349" elapsed="0.000168"/>
</kw>
<var name="${key}">gender</var>
<status status="PASS" start="2024-03-22T02:19:32.082724" elapsed="0.002021"/>
</iter>
<iter>
<kw name="Dictionary Should Contain Key" owner="Collections">
<msg time="2024-03-22T02:19:32.085419" level="INFO">False</msg>
<arg>${json_data['results'][0]}</arg>
<arg>${key}</arg>
<doc>Fails if ``key`` is not found from ``dictionary``.</doc>
<status status="PASS" start="2024-03-22T02:19:32.085048" elapsed="0.000408"/>
</kw>
<kw name="Log" owner="BuiltIn">
<msg time="2024-03-22T02:19:32.086144" level="INFO">{'gender': 'male', 'name': {'title': 'Mr', 'first': 'Ekapad', 'last': 'Shetty'}, 'location': {'street': {'number': 2145, 'name': 'Tank Bund Rd'}, 'city': 'Khandwa', 'state': 'Chandigarh', 'country': 'India', 'postcode': 52048, 'coordinates': {'latitude': '4.5866', 'longitude': '-51.0867'}, 'timezone': {'offset': '-11:00', 'description': 'Midway Island, Samoa'}}, 'email': 'ekapad.shetty@example.com', 'login': {'uuid': '5e03f727-90b3-4af2-af49-3dcf0c6b004f', 'username': 'goldenmeercat283', 'password': 'zhei', 'salt': 'JaQnN0j4', 'md5': '744880d36db7fcba77e93b50612d0700', 'sha1': '415d003e1ed942acdc539c37327ac14ac56650e6', 'sha256': 'ccb53c46f96b9ac046e9efff58623877f5b81fd6280cc6ec76177dc5404262e3'}, 'dob': {'date': '1992-04-18T14:31:54.910Z', 'age': 31}, 'registered': {'date': '2017-10-21T07:57:32.670Z', 'age': 6}, 'phone': '7737002943', 'cell': '9473135897', 'id': {'name': 'UIDAI', 'value': '997055461142'}, 'picture': {'large': 'https://randomuser.me/api/portraits/men/95.jpg', 'medium': 'https://randomuser.me/api/portraits/med/men/95.jpg', 'thumbnail': 'https://randomuser.me/api/portraits/thumb/men/95.jpg'}, 'nat': 'IN'}</msg>
<arg>${json_data['results'][0]}</arg>
<doc>Logs the given message with the given level.</doc>
<status status="PASS" start="2024-03-22T02:19:32.085786" elapsed="0.000406"/>
</kw>
<kw name="Log" owner="BuiltIn">
<msg time="2024-03-22T02:19:32.086617" level="INFO">name</msg>
<arg>${key}</arg>
<doc>Logs the given message with the given level.</doc>
<status status="PASS" start="2024-03-22T02:19:32.086490" elapsed="0.000164"/>
</kw>
<var name="${key}">name</var>
<status status="PASS" start="2024-03-22T02:19:32.084933" elapsed="0.001936"/>
</iter>
<iter>
<kw name="Dictionary Should Contain Key" owner="Collections">
<msg time="2024-03-22T02:19:32.087568" level="INFO">False</msg>
<arg>${json_data['results'][0]}</arg>
<arg>${key}</arg>
<doc>Fails if ``key`` is not found from ``dictionary``.</doc>
<status status="PASS" start="2024-03-22T02:19:32.087184" elapsed="0.000421"/>
</kw>
<kw name="Log" owner="BuiltIn">
<msg time="2024-03-22T02:19:32.088262" level="INFO">{'gender': 'male', 'name': {'title': 'Mr', 'first': 'Ekapad', 'last': 'Shetty'}, 'location': {'street': {'number': 2145, 'name': 'Tank Bund Rd'}, 'city': 'Khandwa', 'state': 'Chandigarh', 'country': 'India', 'postcode': 52048, 'coordinates': {'latitude': '4.5866', 'longitude': '-51.0867'}, 'timezone': {'offset': '-11:00', 'description': 'Midway Island, Samoa'}}, 'email': 'ekapad.shetty@example.com', 'login': {'uuid': '5e03f727-90b3-4af2-af49-3dcf0c6b004f', 'username': 'goldenmeercat283', 'password': 'zhei', 'salt': 'JaQnN0j4', 'md5': '744880d36db7fcba77e93b50612d0700', 'sha1': '415d003e1ed942acdc539c37327ac14ac56650e6', 'sha256': 'ccb53c46f96b9ac046e9efff58623877f5b81fd6280cc6ec76177dc5404262e3'}, 'dob': {'date': '1992-04-18T14:31:54.910Z', 'age': 31}, 'registered': {'date': '2017-10-21T07:57:32.670Z', 'age': 6}, 'phone': '7737002943', 'cell': '9473135897', 'id': {'name': 'UIDAI', 'value': '997055461142'}, 'picture': {'large': 'https://randomuser.me/api/portraits/men/95.jpg', 'medium': 'https://randomuser.me/api/portraits/med/men/95.jpg', 'thumbnail': 'https://randomuser.me/api/portraits/thumb/men/95.jpg'}, 'nat': 'IN'}</msg>
<arg>${json_data['results'][0]}</arg>
<doc>Logs the given message with the given level.</doc>
<status status="PASS" start="2024-03-22T02:19:32.087904" elapsed="0.000416"/>
</kw>
<kw name="Log" owner="BuiltIn">
<msg time="2024-03-22T02:19:32.088737" level="INFO">location</msg>
<arg>${key}</arg>
<doc>Logs the given message with the given level.</doc>
<status status="PASS" start="2024-03-22T02:19:32.088612" elapsed="0.000163"/>
</kw>
<var name="${key}">location</var>
<status status="PASS" start="2024-03-22T02:19:32.087046" elapsed="0.001945"/>
</iter>
<iter>
<kw name="Dictionary Should Contain Key" owner="Collections">
<msg time="2024-03-22T02:19:32.089650" level="INFO">False</msg>
<arg>${json_data['results'][0]}</arg>
<arg>${key}</arg>
<doc>Fails if ``key`` is not found from ``dictionary``.</doc>
<status status="PASS" start="2024-03-22T02:19:32.089279" elapsed="0.000409"/>
</kw>
<kw name="Log" owner="BuiltIn">
<msg time="2024-03-22T02:19:32.090344" level="INFO">{'gender': 'male', 'name': {'title': 'Mr', 'first': 'Ekapad', 'last': 'Shetty'}, 'location': {'street': {'number': 2145, 'name': 'Tank Bund Rd'}, 'city': 'Khandwa', 'state': 'Chandigarh', 'country': 'India', 'postcode': 52048, 'coordinates': {'latitude': '4.5866', 'longitude': '-51.0867'}, 'timezone': {'offset': '-11:00', 'description': 'Midway Island, Samoa'}}, 'email': 'ekapad.shetty@example.com', 'login': {'uuid': '5e03f727-90b3-4af2-af49-3dcf0c6b004f', 'username': 'goldenmeercat283', 'password': 'zhei', 'salt': 'JaQnN0j4', 'md5': '744880d36db7fcba77e93b50612d0700', 'sha1': '415d003e1ed942acdc539c37327ac14ac56650e6', 'sha256': 'ccb53c46f96b9ac046e9efff58623877f5b81fd6280cc6ec76177dc5404262e3'}, 'dob': {'date': '1992-04-18T14:31:54.910Z', 'age': 31}, 'registered': {'date': '2017-10-21T07:57:32.670Z', 'age': 6}, 'phone': '7737002943', 'cell': '9473135897', 'id': {'name': 'UIDAI', 'value': '997055461142'}, 'picture': {'large': 'https://randomuser.me/api/portraits/men/95.jpg', 'medium': 'https://randomuser.me/api/portraits/med/men/95.jpg', 'thumbnail': 'https://randomuser.me/api/portraits/thumb/men/95.jpg'}, 'nat': 'IN'}</msg>
<arg>${json_data['results'][0]}</arg>
<doc>Logs the given message with the given level.</doc>
<status status="PASS" start="2024-03-22T02:19:32.089991" elapsed="0.000399"/>
</kw>
<kw name="Log" owner="BuiltIn">
<msg time="2024-03-22T02:19:32.090809" level="INFO">email</msg>
<arg>${key}</arg>
<doc>Logs the given message with the given level.</doc>
<status status="PASS" start="2024-03-22T02:19:32.090681" elapsed="0.000165"/>
</kw>
<var name="${key}">email</var>
<status status="PASS" start="2024-03-22T02:19:32.089167" elapsed="0.001893"/>
</iter>
<iter>
<kw name="Dictionary Should Contain Key" owner="Collections">
<msg time="2024-03-22T02:19:32.091776" level="INFO">False</msg>
<arg>${json_data['results'][0]}</arg>
<arg>${key}</arg>
<doc>Fails if ``key`` is not found from ``dictionary``.</doc>
<status status="PASS" start="2024-03-22T02:19:32.091395" elapsed="0.000419"/>
</kw>
<kw name="Log" owner="BuiltIn">
<msg time="2024-03-22T02:19:32.092467" level="INFO">{'gender': 'male', 'name': {'title': 'Mr', 'first': 'Ekapad', 'last': 'Shetty'}, 'location': {'street': {'number': 2145, 'name': 'Tank Bund Rd'}, 'city': 'Khandwa', 'state': 'Chandigarh', 'country': 'India', 'postcode': 52048, 'coordinates': {'latitude': '4.5866', 'longitude': '-51.0867'}, 'timezone': {'offset': '-11:00', 'description': 'Midway Island, Samoa'}}, 'email': 'ekapad.shetty@example.com', 'login': {'uuid': '5e03f727-90b3-4af2-af49-3dcf0c6b004f', 'username': 'goldenmeercat283', 'password': 'zhei', 'salt': 'JaQnN0j4', 'md5': '744880d36db7fcba77e93b50612d0700', 'sha1': '415d003e1ed942acdc539c37327ac14ac56650e6', 'sha256': 'ccb53c46f96b9ac046e9efff58623877f5b81fd6280cc6ec76177dc5404262e3'}, 'dob': {'date': '1992-04-18T14:31:54.910Z', 'age': 31}, 'registered': {'date': '2017-10-21T07:57:32.670Z', 'age': 6}, 'phone': '7737002943', 'cell': '9473135897', 'id': {'name': 'UIDAI', 'value': '997055461142'}, 'picture': {'large': 'https://randomuser.me/api/portraits/men/95.jpg', 'medium': 'https://randomuser.me/api/portraits/med/men/95.jpg', 'thumbnail': 'https://randomuser.me/api/portraits/thumb/men/95.jpg'}, 'nat': 'IN'}</msg>
<arg>${json_data['results'][0]}</arg>
<doc>Logs the given message with the given level.</doc>
<status status="PASS" start="2024-03-22T02:19:32.092109" elapsed="0.000405"/>
</kw>
<kw name="Log" owner="BuiltIn">
<msg time="2024-03-22T02:19:32.092933" level="INFO">login</msg>
<arg>${key}</arg>
<doc>Logs the given message with the given level.</doc>
<status status="PASS" start="2024-03-22T02:19:32.092805" elapsed="0.000267"/>
</kw>
<var name="${key}">login</var>
<status status="PASS" start="2024-03-22T02:19:32.091273" elapsed="0.002030"/>
</iter>
<var>${key}</var>
<value>@{expected_keys}</value>
<status status="PASS" start="2024-03-22T02:19:32.082542" elapsed="0.010911"/>
</for>
<kw name="Create List" owner="BuiltIn">
<msg time="2024-03-22T02:19:32.093794" level="INFO">${expected_keysTwo} = ['username', 'password']</msg>
<var>${expected_keysTwo}</var>
<arg>username</arg>
<arg>password</arg>
<doc>Returns a list containing given items.</doc>
<status status="PASS" start="2024-03-22T02:19:32.093656" elapsed="0.000162"/>
</kw>
<for flavor="IN">
<iter>
<kw name="Dictionary Should Contain Key" owner="Collections">
<msg time="2024-03-22T02:19:32.094697" level="INFO">False</msg>
<arg>${json_data['results'][0]['login']}</arg>
<arg>${keyTwo}</arg>
<doc>Fails if ``key`` is not found from ``dictionary``.</doc>
<status status="PASS" start="2024-03-22T02:19:32.094317" elapsed="0.000417"/>
</kw>
<kw name="Dictionary Should Contain Key" owner="Collections">
<msg time="2024-03-22T02:19:32.095437" level="INFO">False</msg>
<arg>${json_data['results'][0]['login']}</arg>
<arg>${keyTwo}</arg>
<doc>Fails if ``key`` is not found from ``dictionary``.</doc>
<status status="PASS" start="2024-03-22T02:19:32.095029" elapsed="0.000446"/>
</kw>
<kw name="Log" owner="BuiltIn">
<msg time="2024-03-22T02:19:32.095902" level="INFO">username</msg>
<arg>${keyTwo}</arg>
<doc>Logs the given message with the given level.</doc>
<status status="PASS" start="2024-03-22T02:19:32.095774" elapsed="0.000166"/>
</kw>
<var name="${keyTwo}">username</var>
<status status="PASS" start="2024-03-22T02:19:32.094206" elapsed="0.001948"/>
</iter>
<iter>
<kw name="Dictionary Should Contain Key" owner="Collections">
<msg time="2024-03-22T02:19:32.096807" level="INFO">False</msg>
<arg>${json_data['results'][0]['login']}</arg>
<arg>${keyTwo}</arg>
<doc>Fails if ``key`` is not found from ``dictionary``.</doc>
<status status="PASS" start="2024-03-22T02:19:32.096435" elapsed="0.000409"/>
</kw>
<kw name="Dictionary Should Contain Key" owner="Collections">
<msg time="2024-03-22T02:19:32.097519" level="INFO">False</msg>
<arg>${json_data['results'][0]['login']}</arg>
<arg>${keyTwo}</arg>
<doc>Fails if ``key`` is not found from ``dictionary``.</doc>
<status status="PASS" start="2024-03-22T02:19:32.097137" elapsed="0.000418"/>
</kw>
<kw name="Log" owner="BuiltIn">
<msg time="2024-03-22T02:19:32.097974" level="INFO">password</msg>
<arg>${keyTwo}</arg>
<doc>Logs the given message with the given level.</doc>
<status status="PASS" start="2024-03-22T02:19:32.097847" elapsed="0.000165"/>
</kw>
<var name="${keyTwo}">password</var>
<status status="PASS" start="2024-03-22T02:19:32.096326" elapsed="0.001902"/>
</iter>
<var>${keyTwo}</var>
<value>@{expected_keysTwo}</value>
<status status="PASS" start="2024-03-22T02:19:32.094056" elapsed="0.004302"/>
</for>
<status status="PASS" start="2024-03-22T02:19:31.980771" elapsed="0.117728"/>
</kw>
<doc>Testa a estrutura da resposta da API.</doc>
<tag>testeEstruturaResposta</tag>
<status status="PASS" start="2024-03-22T02:19:31.980064" elapsed="0.118591"/>
</test>
<test id="s1-s1-t4" name="Validar tipos de dados" line="28">
<kw name="Teste de Tipos de Dados" owner="random-user-service">
<kw name="GET On Session" owner="RequestsLibrary">
<msg time="2024-03-22T02:19:32.171010" level="INFO">GET Request : url=https://randomuser.me/api 
 path_url=/api 
 headers={'User-Agent': 'python-requests/2.31.0', 'Accept-Encoding': 'gzip, deflate', 'Accept': '*/*', 'Connection': 'keep-alive'} 
 body=None 
 </msg>
<msg time="2024-03-22T02:19:32.171099" level="INFO">GET Response : url=https://randomuser.me/api 
 status=200, reason=OK 
 headers={'Date': 'Fri, 22 Mar 2024 02:19:32 GMT', 'Content-Type': 'application/json; charset=utf-8', 'Transfer-Encoding': 'chunked', 'Connection': 'keep-alive', 'X-Powered-By': 'Express', 'Access-Control-Allow-Origin': '*', 'Cache-Control': 'no-cache', 'ETag': 'W/"499-NFPZpSCiFcEkBg0napeHK5+cdOk"', 'Vary': 'Accept-Encoding', 'Content-Encoding': 'gzip', 'CF-Cache-Status': 'DYNAMIC', 'Report-To': '{"endpoints":[{"url":"https:\\/\\/a.nel.cloudflare.com\\/report\\/v4?s=GvszobkEOPIlY%2FHUOa9MK%2B%2BDOXuqLaKkF1n%2BX2ZS98FLdNALWpBudWn9gzmgsEkd7gvnnEsPYjFvBoJZSmDkjFNqipD8qnIJBvybemaTso2V%2Fme5KnNlhSeFjeHEaOuw"}],"group":"cf-nel","max_age":604800}', 'NEL': '{"success_fraction":0,"report_to":"cf-nel","max_age":604800}', 'Server': 'cloudflare', 'CF-RAY': '8682b285aac78710-ORD', 'alt-svc': 'h3=":443"; ma=86400'} 
 body={"results":[{"gender":"male","name":{"title":"Mr","first":"Vittorio","last":"Scheibel"},"location":{"street":{"number":2948,"name":"Rosenweg"},"city":"Elsterwerda","state":"Bayern","country":"Germany","postcode":66007,"coordinates":{"latitude":"-55.4224","longitude":"-100.2850"},"timezone":{"offset":"+5:00","description":"Ekaterinburg, Islamabad, Karachi, Tashkent"}},"email":"vittorio.scheibel@example.com","login":{"uuid":"fcb4c319-6391-490e-a625-9301f889d1b0","username":"blackfrog632","password":"games","salt":"xmJfKd5l","md5":"cacd5b4b1a1286500458079a4a47e876","sha1":"368b9624f7762a1e72ff3ed39578689952d67e7b","sha256":"52e41cc00ac4804a295f06d3550232ee8bc8dde610a80ac9089b9c6daad46bf8"},"dob":{"date":"1956-02-09T18:03:21.313Z","age":68},"registered":{"date":"2002-07-10T22:07:00.742Z","age":21},"phone":"0955-5807047","cell":"0173-2221850","id":{"name":"SVNR","value":"77 090256 S 423"},"picture":{"large":"https://randomuser.me/api/portraits/men/6.jpg","medium":"https://randomuser.me/api/portraits/med/men/6.jpg","thumbnail":"https://randomuser.me/api/portraits/thumb/men/6.jpg"},"nat":"DE"}],"info":{"seed":"435b100dd07a0f08","results":1,"page":1,"version":"1.4"}} 
 </msg>
<msg time="2024-03-22T02:19:32.171210" level="INFO">/opt/hostedtoolcache/Python/3.12.2/x64/lib/python3.12/site-packages/urllib3/connectionpool.py:1103: InsecureRequestWarning: Unverified HTTPS request is being made to host 'randomuser.me'. Adding certificate verification is strongly advised. See: https://urllib3.readthedocs.io/en/latest/advanced-usage.html#tls-warnings
  warnings.warn(</msg>
<msg time="2024-03-22T02:19:32.171335" level="INFO">${response} = &lt;Response [200]&gt;</msg>
<var>${response}</var>
<arg>consultarAPI</arg>
<arg>/api</arg>
<doc>Sends a GET request on a previously created HTTP Session.</doc>
<status status="PASS" start="2024-03-22T02:19:32.101141" elapsed="0.070234"/>
</kw>
<kw name="Set Variable" owner="BuiltIn">
<msg time="2024-03-22T02:19:32.172524" level="INFO">${json_data} = {'results': [{'gender': 'male', 'name': {'title': 'Mr', 'first': 'Vittorio', 'last': 'Scheibel'}, 'location': {'street': {'number': 2948, 'name': 'Rosenweg'}, 'city': 'Elsterwerda', 'state': 'Bayern',...</msg>
<var>${json_data}</var>
<arg>${response.json()}</arg>
<doc>Returns the given values which can then be assigned to a variables.</doc>
<status status="PASS" start="2024-03-22T02:19:32.171860" elapsed="0.000707"/>
</kw>
<kw name="Log" owner="BuiltIn">
<msg time="2024-03-22T02:19:32.173238" level="INFO">{'results': [{'gender': 'male', 'name': {'title': 'Mr', 'first': 'Vittorio', 'last': 'Scheibel'}, 'location': {'street': {'number': 2948, 'name': 'Rosenweg'}, 'city': 'Elsterwerda', 'state': 'Bayern', 'country': 'Germany', 'postcode': 66007, 'coordinates': {'latitude': '-55.4224', 'longitude': '-100.2850'}, 'timezone': {'offset': '+5:00', 'description': 'Ekaterinburg, Islamabad, Karachi, Tashkent'}}, 'email': 'vittorio.scheibel@example.com', 'login': {'uuid': 'fcb4c319-6391-490e-a625-9301f889d1b0', 'username': 'blackfrog632', 'password': 'games', 'salt': 'xmJfKd5l', 'md5': 'cacd5b4b1a1286500458079a4a47e876', 'sha1': '368b9624f7762a1e72ff3ed39578689952d67e7b', 'sha256': '52e41cc00ac4804a295f06d3550232ee8bc8dde610a80ac9089b9c6daad46bf8'}, 'dob': {'date': '1956-02-09T18:03:21.313Z', 'age': 68}, 'registered': {'date': '2002-07-10T22:07:00.742Z', 'age': 21}, 'phone': '0955-5807047', 'cell': '0173-2221850', 'id': {'name': 'SVNR', 'value': '77 090256 S 423'}, 'picture': {'large': 'https://randomuser.me/api/portraits/men/6.jpg', 'medium': 'https://randomuser.me/api/portraits/med/men/6.jpg', 'thumbnail': 'https://randomuser.me/api/portraits/thumb/men/6.jpg'}, 'nat': 'DE'}], 'info': {'seed': '435b100dd07a0f08', 'results': 1, 'page': 1, 'version': '1.4'}}</msg>
<arg>${json_data}</arg>
<doc>Logs the given message with the given level.</doc>
<status status="PASS" start="2024-03-22T02:19:32.173010" elapsed="0.000346"/>
</kw>
<kw name="Should Be String" owner="String">
<arg>${json_data['results'][0]['gender']}</arg>
<doc>Fails if the given ``item`` is not a string.</doc>
<status status="PASS" start="2024-03-22T02:19:32.173791" elapsed="0.000557"/>
</kw>
<kw name="Should Match Regexp" owner="BuiltIn">
<arg>${json_data['results'][0]['email']}</arg>
<arg>^[a-zA-Z0-9._%+-]+@[a-zA-Z0-9.-]+\.[a-zA-Z]{2,}$</arg>
<doc>Fails if ``string`` does not match ``pattern`` as a regular expression.</doc>
<status status="PASS" start="2024-03-22T02:19:32.174653" elapsed="0.000812"/>
</kw>
<kw name="Should Match Regexp" owner="BuiltIn">
<arg>${json_data['results'][0]['dob']['date']}</arg>
<arg>\\d{4}-\\d{2}-\\d{2}T\\d{2}:\\d{2}:\\d{2}\\.\\d{3}Z</arg>
<doc>Fails if ``string`` does not match ``pattern`` as a regular expression.</doc>
<status status="PASS" start="2024-03-22T02:19:32.175781" elapsed="0.000777"/>
</kw>
<kw name="Should Match Regexp" owner="BuiltIn">
<arg>${json_data['results'][0]['registered']['date']}</arg>
<arg>\\d{4}-\\d{2}-\\d{2}T\\d{2}:\\d{2}:\\d{2}\\.\\d{3}Z</arg>
<doc>Fails if ``string`` does not match ``pattern`` as a regular expression.</doc>
<status status="PASS" start="2024-03-22T02:19:32.176877" elapsed="0.000593"/>
</kw>
<kw name="Should Match Regexp" owner="BuiltIn">
<arg>${json_data['results'][0]['picture']['large']}</arg>
<arg>^https?://.*\.(?:png|jpe?g|gif|bmp)$</arg>
<doc>Fails if ``string`` does not match ``pattern`` as a regular expression.</doc>
<status status="PASS" start="2024-03-22T02:19:32.177778" elapsed="0.000747"/>
</kw>
<kw name="Should Match Regexp" owner="BuiltIn">
<arg>${json_data['results'][0]['picture']['medium']}</arg>
<arg>^https?://.*\.(?:png|jpe?g|gif|bmp)$</arg>
<doc>Fails if ``string`` does not match ``pattern`` as a regular expression.</doc>
<status status="PASS" start="2024-03-22T02:19:32.178836" elapsed="0.000627"/>
</kw>
<kw name="Should Match Regexp" owner="BuiltIn">
<arg>${json_data['results'][0]['picture']['thumbnail']}</arg>
<arg>^https?://.*\.(?:png|jpe?g|gif|bmp)$</arg>
<doc>Fails if ``string`` does not match ``pattern`` as a regular expression.</doc>
<status status="PASS" start="2024-03-22T02:19:32.179774" elapsed="0.000584"/>
</kw>
<kw name="Log" owner="BuiltIn">
<msg time="2024-03-22T02:19:32.181196" level="INFO">{'large': 'https://randomuser.me/api/portraits/men/6.jpg', 'medium': 'https://randomuser.me/api/portraits/med/men/6.jpg', 'thumbnail': 'https://randomuser.me/api/portraits/thumb/men/6.jpg'}</msg>
<arg>${json_data['results'][0]['picture']}</arg>
<doc>Logs the given message with the given level.</doc>
<status status="PASS" start="2024-03-22T02:19:32.180664" elapsed="0.000609"/>
</kw>
<status status="PASS" start="2024-03-22T02:19:32.100921" elapsed="0.080708"/>
</kw>
<kw name="Teste de Tipos de Dados - Postcode" owner="random-user-service">
<kw name="GET On Session" owner="RequestsLibrary">
<msg time="2024-03-22T02:19:32.275292" level="INFO">GET Request : url=https://randomuser.me/api 
 path_url=/api 
 headers={'User-Agent': 'python-requests/2.31.0', 'Accept-Encoding': 'gzip, deflate', 'Accept': '*/*', 'Connection': 'keep-alive'} 
 body=None 
 </msg>
<msg time="2024-03-22T02:19:32.275370" level="INFO">GET Response : url=https://randomuser.me/api 
 status=200, reason=OK 
 headers={'Date': 'Fri, 22 Mar 2024 02:19:32 GMT', 'Content-Type': 'application/json; charset=utf-8', 'Transfer-Encoding': 'chunked', 'Connection': 'keep-alive', 'X-Powered-By': 'Express', 'Access-Control-Allow-Origin': '*', 'Cache-Control': 'no-cache', 'ETag': 'W/"47e-/kbJiobAqimp10eaffOt5ZiOP/s"', 'Vary': 'Accept-Encoding', 'Content-Encoding': 'gzip', 'CF-Cache-Status': 'DYNAMIC', 'Report-To': '{"endpoints":[{"url":"https:\\/\\/a.nel.cloudflare.com\\/report\\/v4?s=3Ko%2Buq%2BUT0qPgJD7SaKuXn%2BPTHLA6w%2FdpvqDPBM%2Beiu%2FPmSQes%2BuhSjEF1XklR0WQ%2BtyovxQ%2FnrSYJWQSczhhGx8atFCadbAy%2FjZZ2UaakBBLRqMRS9RQJ%2Flq28oA8ac"}],"group":"cf-nel","max_age":604800}', 'NEL': '{"success_fraction":0,"report_to":"cf-nel","max_age":604800}', 'Server': 'cloudflare', 'CF-RAY': '8682b2862b428710-ORD', 'alt-svc': 'h3=":443"; ma=86400'} 
 body={"results":[{"gender":"male","name":{"title":"Mr","first":"Dietrich","last":"Stumpe"},"location":{"street":{"number":640,"name":"Bergstraße"},"city":"Wiehl","state":"Rheinland-Pfalz","country":"Germany","postcode":85790,"coordinates":{"latitude":"-48.8657","longitude":"-90.6713"},"timezone":{"offset":"-2:00","description":"Mid-Atlantic"}},"email":"dietrich.stumpe@example.com","login":{"uuid":"2e611fad-849b-45ff-91e0-75abdcc348cc","username":"tinybear542","password":"bearcat","salt":"HqMTu00h","md5":"eb5e4291f924f1c3eb81d65a21f556f9","sha1":"18a7562ede824a7dc049795420812bfaa99ccb1c","sha256":"ac911df99a47b2445404a6e4476cb3dfcd7b6174a6921a0a9bf5ff1f7bfc1567"},"dob":{"date":"1964-04-09T03:23:40.005Z","age":59},"registered":{"date":"2015-03-14T16:15:42.262Z","age":9},"phone":"0878-2257849","cell":"0173-1016765","id":{"name":"SVNR","value":"71 080464 S 038"},"picture":{"large":"https://randomuser.me/api/portraits/men/71.jpg","medium":"https://randomuser.me/api/portraits/med/men/71.jpg","thumbnail":"https://randomuser.me/api/portraits/thumb/men/71.jpg"},"nat":"DE"}],"info":{"seed":"4a50f09b4fd54bff","results":1,"page":1,"version":"1.4"}} 
 </msg>
<msg time="2024-03-22T02:19:32.275437" level="INFO">/opt/hostedtoolcache/Python/3.12.2/x64/lib/python3.12/site-packages/urllib3/connectionpool.py:1103: InsecureRequestWarning: Unverified HTTPS request is being made to host 'randomuser.me'. Adding certificate verification is strongly advised. See: https://urllib3.readthedocs.io/en/latest/advanced-usage.html#tls-warnings
  warnings.warn(</msg>
<msg time="2024-03-22T02:19:32.275523" level="INFO">${response} = &lt;Response [200]&gt;</msg>
<var>${response}</var>
<arg>consultarAPI</arg>
<arg>/api</arg>
<doc>Sends a GET request on a previously created HTTP Session.</doc>
<status status="PASS" start="2024-03-22T02:19:32.182457" elapsed="0.093094"/>
</kw>
<kw name="Set Variable" owner="BuiltIn">
<msg time="2024-03-22T02:19:32.276381" level="INFO">${json_data} = {'results': [{'gender': 'male', 'name': {'title': 'Mr', 'first': 'Dietrich', 'last': 'Stumpe'}, 'location': {'street': {'number': 640, 'name': 'Bergstraße'}, 'city': 'Wiehl', 'state': 'Rheinland-Pfalz...</msg>
<var>${json_data}</var>
<arg>${response.json()}</arg>
<doc>Returns the given values which can then be assigned to a variables.</doc>
<status status="PASS" start="2024-03-22T02:19:32.275934" elapsed="0.000476"/>
</kw>
<kw name="Log" owner="BuiltIn">
<msg time="2024-03-22T02:19:32.276880" level="INFO">{'results': [{'gender': 'male', 'name': {'title': 'Mr', 'first': 'Dietrich', 'last': 'Stumpe'}, 'location': {'street': {'number': 640, 'name': 'Bergstraße'}, 'city': 'Wiehl', 'state': 'Rheinland-Pfalz', 'country': 'Germany', 'postcode': 85790, 'coordinates': {'latitude': '-48.8657', 'longitude': '-90.6713'}, 'timezone': {'offset': '-2:00', 'description': 'Mid-Atlantic'}}, 'email': 'dietrich.stumpe@example.com', 'login': {'uuid': '2e611fad-849b-45ff-91e0-75abdcc348cc', 'username': 'tinybear542', 'password': 'bearcat', 'salt': 'HqMTu00h', 'md5': 'eb5e4291f924f1c3eb81d65a21f556f9', 'sha1': '18a7562ede824a7dc049795420812bfaa99ccb1c', 'sha256': 'ac911df99a47b2445404a6e4476cb3dfcd7b6174a6921a0a9bf5ff1f7bfc1567'}, 'dob': {'date': '1964-04-09T03:23:40.005Z', 'age': 59}, 'registered': {'date': '2015-03-14T16:15:42.262Z', 'age': 9}, 'phone': '0878-2257849', 'cell': '0173-1016765', 'id': {'name': 'SVNR', 'value': '71 080464 S 038'}, 'picture': {'large': 'https://randomuser.me/api/portraits/men/71.jpg', 'medium': 'https://randomuser.me/api/portraits/med/men/71.jpg', 'thumbnail': 'https://randomuser.me/api/portraits/thumb/men/71.jpg'}, 'nat': 'DE'}], 'info': {'seed': '4a50f09b4fd54bff', 'results': 1, 'page': 1, 'version': '1.4'}}</msg>
<arg>${json_data}</arg>
<doc>Logs the given message with the given level.</doc>
<status status="PASS" start="2024-03-22T02:19:32.276725" elapsed="0.000246"/>
</kw>
<kw name="Should Be Equal As Numbers" owner="BuiltIn">
<arg>${json_data['results'][0]['location']['postcode']}</arg>
<arg>${json_data['results'][0]['location']['postcode']}</arg>
<doc>Fails if objects are unequal after converting them to real numbers.</doc>
<status status="PASS" start="2024-03-22T02:19:32.277280" elapsed="0.000624"/>
</kw>
<kw name="Log" owner="BuiltIn">
<msg time="2024-03-22T02:19:32.278432" level="INFO">85790</msg>
<arg>${json_data['results'][0]['location']['postcode']}</arg>
<doc>Logs the given message with the given level.</doc>
<status status="PASS" start="2024-03-22T02:19:32.278098" elapsed="0.000374"/>
</kw>
<status status="PASS" start="2024-03-22T02:19:32.181957" elapsed="0.096766"/>
</kw>
<doc>Testa se os tipos de dados na resposta da API estão corretos.</doc>
<tag>testeTiposDados</tag>
<status status="PASS" start="2024-03-22T02:19:32.100393" elapsed="0.178493"/>
</test>
<test id="s1-s1-t5" name="Validar conteudo" line="35">
<kw name="Teste de Tipos de Conteudo" owner="random-user-service">
<kw name="GET On Session" owner="RequestsLibrary">
<msg time="2024-03-22T02:19:32.369761" level="INFO">GET Request : url=https://randomuser.me/api 
 path_url=/api 
 headers={'User-Agent': 'python-requests/2.31.0', 'Accept-Encoding': 'gzip, deflate', 'Accept': '*/*', 'Connection': 'keep-alive'} 
 body=None 
 </msg>
<msg time="2024-03-22T02:19:32.369824" level="INFO">GET Response : url=https://randomuser.me/api 
 status=200, reason=OK 
 headers={'Date': 'Fri, 22 Mar 2024 02:19:32 GMT', 'Content-Type': 'application/json; charset=utf-8', 'Transfer-Encoding': 'chunked', 'Connection': 'keep-alive', 'X-Powered-By': 'Express', 'Access-Control-Allow-Origin': '*', 'Cache-Control': 'no-cache', 'ETag': 'W/"47f-3RWmHWY+/tzJgJm3+ZOkFwSQRNo"', 'Vary': 'Accept-Encoding', 'Content-Encoding': 'gzip', 'CF-Cache-Status': 'DYNAMIC', 'Report-To': '{"endpoints":[{"url":"https:\\/\\/a.nel.cloudflare.com\\/report\\/v4?s=E0j%2B79LhkX20HyGim1XJHetdqknKbVRpfI5MbVTaNfF%2FPV6J%2B2dl2YuWfn68zyrSjflDs75pgzdaEpt1SjAPbxxHYsAcZ9AYGlphukKkLfpLPdpATPzzzlnYqAvtfhY8"}],"group":"cf-nel","max_age":604800}', 'NEL': '{"success_fraction":0,"report_to":"cf-nel","max_age":604800}', 'Server': 'cloudflare', 'CF-RAY': '8682b286cbe88710-ORD', 'alt-svc': 'h3=":443"; ma=86400'} 
 body={"results":[{"gender":"male","name":{"title":"Mr","first":"Pat","last":"Jensen"},"location":{"street":{"number":8798,"name":"Church Lane"},"city":"Kildare","state":"Carlow","country":"Ireland","postcode":41530,"coordinates":{"latitude":"-3.7984","longitude":"-11.1593"},"timezone":{"offset":"+1:00","description":"Brussels, Copenhagen, Madrid, Paris"}},"email":"pat.jensen@example.com","login":{"uuid":"c77e1705-cd35-4686-bb17-ac10ae32ac4f","username":"beautifulladybug675","password":"redd","salt":"W2nwBGzo","md5":"5ece88751b048ea231aae756c1bd3eae","sha1":"ad6f1dab79553bd2438b1cd1a183ea45392c3c73","sha256":"4102dbd058514fc1dbd8663be9fc8fd0a6c70dac02aa1c4440ef53e5b4368c7d"},"dob":{"date":"1988-12-28T10:36:26.659Z","age":35},"registered":{"date":"2004-09-21T01:41:15.765Z","age":19},"phone":"051-921-6729","cell":"081-738-4017","id":{"name":"PPS","value":"2659570T"},"picture":{"large":"https://randomuser.me/api/portraits/men/4.jpg","medium":"https://randomuser.me/api/portraits/med/men/4.jpg","thumbnail":"https://randomuser.me/api/portraits/thumb/men/4.jpg"},"nat":"IE"}],"info":{"seed":"cec116f1e5aa1875","results":1,"page":1,"version":"1.4"}} 
 </msg>
<msg time="2024-03-22T02:19:32.369877" level="INFO">/opt/hostedtoolcache/Python/3.12.2/x64/lib/python3.12/site-packages/urllib3/connectionpool.py:1103: InsecureRequestWarning: Unverified HTTPS request is being made to host 'randomuser.me'. Adding certificate verification is strongly advised. See: https://urllib3.readthedocs.io/en/latest/advanced-usage.html#tls-warnings
  warnings.warn(</msg>
<msg time="2024-03-22T02:19:32.369959" level="INFO">${response} = &lt;Response [200]&gt;</msg>
<var>${response}</var>
<arg>consultarAPI</arg>
<arg>/api</arg>
<doc>Sends a GET request on a previously created HTTP Session.</doc>
<status status="PASS" start="2024-03-22T02:19:32.281727" elapsed="0.088256"/>
</kw>
<kw name="Set Variable" owner="BuiltIn">
<msg time="2024-03-22T02:19:32.370818" level="INFO">${json_data} = {'results': [{'gender': 'male', 'name': {'title': 'Mr', 'first': 'Pat', 'last': 'Jensen'}, 'location': {'street': {'number': 8798, 'name': 'Church Lane'}, 'city': 'Kildare', 'state': 'Carlow', 'countr...</msg>
<var>${json_data}</var>
<arg>${response.json()}</arg>
<doc>Returns the given values which can then be assigned to a variables.</doc>
<status status="PASS" start="2024-03-22T02:19:32.370371" elapsed="0.000475"/>
</kw>
<kw name="Set Variable" owner="BuiltIn">
<msg time="2024-03-22T02:19:32.371579" level="INFO">${name_title} = Mr</msg>
<var>${name_title}</var>
<arg>${json_data["results"][0]["name"]["title"]}</arg>
<doc>Returns the given values which can then be assigned to a variables.</doc>
<status status="PASS" start="2024-03-22T02:19:32.371184" elapsed="0.000421"/>
</kw>
<kw name="Create List" owner="BuiltIn">
<msg time="2024-03-22T02:19:32.372053" level="INFO">${allowed_titles} = ['Mr', 'Ms', 'Miss', 'Mrs', 'Madame', 'Monsieur']</msg>
<var>${allowed_titles}</var>
<arg>Mr</arg>
<arg>Ms</arg>
<arg>Miss</arg>
<arg>Mrs</arg>
<arg>Madame</arg>
<arg>Monsieur</arg>
<doc>Returns a list containing given items.</doc>
<status status="PASS" start="2024-03-22T02:19:32.371904" elapsed="0.000173"/>
</kw>
<kw name="List Should Contain Value" owner="Collections">
<msg time="2024-03-22T02:19:32.372561" level="INFO">False</msg>
<arg>${allowed_titles}</arg>
<arg>${name_title}</arg>
<doc>Fails if the ``value`` is not found from ``list``.</doc>
<status status="PASS" start="2024-03-22T02:19:32.372385" elapsed="0.000214"/>
</kw>
<kw name="Set Variable" owner="BuiltIn">
<msg time="2024-03-22T02:19:32.373264" level="INFO">${name_country} = IE</msg>
<var>${name_country}</var>
<arg>${json_data["results"][0]["nat"]}</arg>
<doc>Returns the given values which can then be assigned to a variables.</doc>
<status status="PASS" start="2024-03-22T02:19:32.372887" elapsed="0.000402"/>
</kw>
<kw name="Create List" owner="BuiltIn">
<msg time="2024-03-22T02:19:32.374200" level="INFO">${list_country} = ['AD', 'AE', 'AF', 'AG', 'AI', 'AL', 'AM', 'AO', 'AQ', 'AR', 'AS', 'AT', 'AU', 'AW', 'AX', 'AZ', 'BA', 'BB', 'BD', 'BE', 'BF', 'BG', 'BH', 'BI', 'BJ', 'BL', 'BM', 'BN', 'BO', 'BQ', 'BR', 'BS', 'BT', '...</msg>
<var>${list_country}</var>
<arg>AD</arg>
<arg>AE</arg>
<arg>AF</arg>
<arg>AG</arg>
<arg>AI</arg>
<arg>AL</arg>
<arg>AM</arg>
<arg>AO</arg>
<arg>AQ</arg>
<arg>AR</arg>
<arg>AS</arg>
<arg>AT</arg>
<arg>AU</arg>
<arg>AW</arg>
<arg>AX</arg>
<arg>AZ</arg>
<arg>BA</arg>
<arg>BB</arg>
<arg>BD</arg>
<arg>BE</arg>
<arg>BF</arg>
<arg>BG</arg>
<arg>BH</arg>
<arg>BI</arg>
<arg>BJ</arg>
<arg>BL</arg>
<arg>BM</arg>
<arg>BN</arg>
<arg>BO</arg>
<arg>BQ</arg>
<arg>BR</arg>
<arg>BS</arg>
<arg>BT</arg>
<arg>BV</arg>
<arg>BW</arg>
<arg>BY</arg>
<arg>BZ</arg>
<arg>CA</arg>
<arg>CC</arg>
<arg>CD</arg>
<arg>CF</arg>
<arg>CG</arg>
<arg>CH</arg>
<arg>CI</arg>
<arg>CK</arg>
<arg>CL</arg>
<arg>CM</arg>
<arg>CN</arg>
<arg>CO</arg>
<arg>CR</arg>
<arg>CU</arg>
<arg>CV</arg>
<arg>CW</arg>
<arg>CX</arg>
<arg>CY</arg>
<arg>CZ</arg>
<arg>DE</arg>
<arg>DJ</arg>
<arg>DK</arg>
<arg>DM</arg>
<arg>DO</arg>
<arg>DZ</arg>
<arg>EC</arg>
<arg>EE</arg>
<arg>EG</arg>
<arg>EH</arg>
<arg>ER</arg>
<arg>ES</arg>
<arg>ET</arg>
<arg>FI</arg>
<arg>FJ</arg>
<arg>FK</arg>
<arg>FM</arg>
<arg>FO</arg>
<arg>FR</arg>
<arg>GA</arg>
<arg>GB</arg>
<arg>GD</arg>
<arg>GE</arg>
<arg>GF</arg>
<arg>GG</arg>
<arg>GH</arg>
<arg>GI</arg>
<arg>GL</arg>
<arg>GM</arg>
<arg>GN</arg>
<arg>GP</arg>
<arg>GQ</arg>
<arg>GR</arg>
<arg>GS</arg>
<arg>GT</arg>
<arg>GU</arg>
<arg>GW</arg>
<arg>GY</arg>
<arg>HK</arg>
<arg>HM</arg>
<arg>HN</arg>
<arg>HR</arg>
<arg>HT</arg>
<arg>HU</arg>
<arg>ID</arg>
<arg>IE</arg>
<arg>IL</arg>
<arg>IM</arg>
<arg>IN</arg>
<arg>IO</arg>
<arg>IQ</arg>
<arg>IR</arg>
<arg>IS</arg>
<arg>IT</arg>
<arg>JE</arg>
<arg>JM</arg>
<arg>JO</arg>
<arg>JP</arg>
<arg>KE</arg>
<arg>KG</arg>
<arg>KH</arg>
<arg>KI</arg>
<arg>KM</arg>
<arg>KN</arg>
<arg>KP</arg>
<arg>KR</arg>
<arg>KW</arg>
<arg>KY</arg>
<arg>KZ</arg>
<arg>LA</arg>
<arg>LB</arg>
<arg>LC</arg>
<arg>LI</arg>
<arg>LK</arg>
<arg>LR</arg>
<arg>LS</arg>
<arg>LT</arg>
<arg>LU</arg>
<arg>LV</arg>
<arg>LY</arg>
<arg>MA</arg>
<arg>MC</arg>
<arg>MD</arg>
<arg>ME</arg>
<arg>MF</arg>
<arg>MG</arg>
<arg>MH</arg>
<arg>MK</arg>
<arg>ML</arg>
<arg>MM</arg>
<arg>MN</arg>
<arg>MO</arg>
<arg>MP</arg>
<arg>MQ</arg>
<arg>MR</arg>
<arg>MS</arg>
<arg>MT</arg>
<arg>MU</arg>
<arg>MV</arg>
<arg>MW</arg>
<arg>MX</arg>
<arg>MY</arg>
<arg>MZ</arg>
<arg>NA</arg>
<arg>NC</arg>
<arg>NE</arg>
<arg>NF</arg>
<arg>NG</arg>
<arg>NI</arg>
<arg>NL</arg>
<arg>NO</arg>
<arg>NP</arg>
<arg>NR</arg>
<arg>NU</arg>
<arg>NZ</arg>
<arg>OM</arg>
<arg>PA</arg>
<arg>PE</arg>
<arg>PF</arg>
<arg>PG</arg>
<arg>PH</arg>
<arg>PK</arg>
<arg>PL</arg>
<arg>PM</arg>
<arg>PN</arg>
<arg>PR</arg>
<arg>PS</arg>
<arg>PT</arg>
<arg>PW</arg>
<arg>PY</arg>
<arg>QA</arg>
<arg>RE</arg>
<arg>RO</arg>
<arg>RS</arg>
<arg>RU</arg>
<arg>RW</arg>
<arg>SA</arg>
<arg>SB</arg>
<arg>SC</arg>
<arg>SD</arg>
<arg>SE</arg>
<arg>SG</arg>
<arg>SH</arg>
<arg>SI</arg>
<arg>SJ</arg>
<arg>SK</arg>
<arg>SL</arg>
<arg>SM</arg>
<arg>SN</arg>
<arg>SO</arg>
<arg>SR</arg>
<arg>SS</arg>
<arg>ST</arg>
<arg>SV</arg>
<arg>SX</arg>
<arg>SY</arg>
<arg>SZ</arg>
<arg>TC</arg>
<arg>TD</arg>
<arg>TF</arg>
<arg>TG</arg>
<arg>TH</arg>
<arg>TJ</arg>
<arg>TK</arg>
<arg>TL</arg>
<arg>TM</arg>
<arg>TN</arg>
<arg>TO</arg>
<arg>TR</arg>
<arg>TT</arg>
<arg>TV</arg>
<arg>TW</arg>
<arg>TZ</arg>
<arg>UA</arg>
<arg>UG</arg>
<arg>UM</arg>
<arg>US</arg>
<arg>UY</arg>
<arg>UZ</arg>
<arg>VA</arg>
<arg>VC</arg>
<arg>VE</arg>
<arg>VG</arg>
<arg>VI</arg>
<arg>VN</arg>
<arg>VU</arg>
<arg>WF</arg>
<arg>WS</arg>
<arg>XK</arg>
<arg>YE</arg>
<arg>YT</arg>
<arg>ZA</arg>
<arg>ZM</arg>
<arg>ZW</arg>
<doc>Returns a list containing given items.</doc>
<status status="PASS" start="2024-03-22T02:19:32.373599" elapsed="0.000626"/>
</kw>
<kw name="List Should Contain Value" owner="Collections">
<msg time="2024-03-22T02:19:32.375375" level="INFO">False</msg>
<arg>${list_country}</arg>
<arg>${name_country}</arg>
<doc>Fails if the ``value`` is not found from ``list``.</doc>
<status status="PASS" start="2024-03-22T02:19:32.375160" elapsed="0.000253"/>
</kw>
<kw name="Run Keyword If" owner="BuiltIn">
<kw name="Should Be True" owner="BuiltIn">
<arg>${True}</arg>
<doc>Fails if the given condition is not true.</doc>
<status status="PASS" start="2024-03-22T02:19:32.376496" elapsed="0.000153"/>
</kw>
<arg>${json_data["results"][0]["location"]["coordinates"]["latitude"]} &gt;= -90 and ${json_data["results"][0]["location"]["coordinates"]["latitude"]} &lt;= 90</arg>
<arg>Should Be True</arg>
<arg>${True}</arg>
<doc>Runs the given keyword with the given arguments, if ``condition`` is true.</doc>
<status status="PASS" start="2024-03-22T02:19:32.375731" elapsed="0.001046"/>
</kw>
<kw name="Run Keyword If" owner="BuiltIn">
<kw name="Should Be True" owner="BuiltIn">
<arg>${True}</arg>
<doc>Fails if the given condition is not true.</doc>
<status status="PASS" start="2024-03-22T02:19:32.377669" elapsed="0.000137"/>
</kw>
<arg>${json_data["results"][0]["location"]["coordinates"]["longitude"]} &gt;= -180 and ${json_data["results"][0]["location"]["coordinates"]["longitude"]} &lt;= 180</arg>
<arg>Should Be True</arg>
<arg>${True}</arg>
<doc>Runs the given keyword with the given arguments, if ``condition`` is true.</doc>
<status status="PASS" start="2024-03-22T02:19:32.376963" elapsed="0.000971"/>
</kw>
<status status="PASS" start="2024-03-22T02:19:32.281351" elapsed="0.096713"/>
</kw>
<doc>Testa o conteúdo específico dos campos retornados pela API.</doc>
<tag>testeConteudo</tag>
<status status="PASS" start="2024-03-22T02:19:32.280690" elapsed="0.097529"/>
</test>
<status status="PASS" start="2024-03-22T02:19:31.272725" elapsed="1.107397"/>
</suite>
<status status="PASS" start="2024-03-22T02:19:31.258988" elapsed="1.126346"/>
</suite>
<statistics>
<total>
<stat pass="5" fail="0" skip="0">All Tests</stat>
</total>
<tag>
<stat pass="1" fail="0" skip="0">testeConteudo</stat>
<stat pass="1" fail="0" skip="0">testeEstruturaResposta</stat>
<stat pass="1" fail="0" skip="0">testeRequisicaoBasica</stat>
<stat pass="1" fail="0" skip="0">testeTiposDados</stat>
</tag>
<suite>
<stat pass="5" fail="0" skip="0" id="s1" name="Tests">Tests</stat>
<stat pass="5" fail="0" skip="0" id="s1-s1" name="Random-User-Test">Tests.Random-User-Test</stat>
</suite>
</statistics>
<errors>
</errors>
</robot>
