<?xml version="1.0" encoding="UTF-8"?>
<robot generator="Robot 7.0 (Python 3.12.2 on linux)" generated="2024-03-27T23:12:59.327216" rpa="false" schemaversion="5">
<suite id="s1" name="Tests" source="/home/runner/work/DesafioQAItauRogerioJordao/DesafioQAItauRogerioJordao/RamdonUser/tests">
<suite id="s1-s1" name="Random-User-Test" source="/home/runner/work/DesafioQAItauRogerioJordao/DesafioQAItauRogerioJordao/RamdonUser/tests/random-user-test.robot">
<test id="s1-s1-t1" name="Conectar" line="13">
<kw name="Conectar API" owner="random-user-service">
<kw name="Create Session" owner="RequestsLibrary">
<msg time="2024-03-27T23:12:59.686205" level="INFO">Creating Session using : alias=consultarAPI, url=https://randomuser.me/, headers={},                     cookies={}, auth=None, timeout=None, proxies=None, verify=False,                     debug=0 </msg>
<arg>consultarAPI</arg>
<arg>${URL}</arg>
<doc>Create Session: create a HTTP session to a server</doc>
<status status="PASS" start="2024-03-27T23:12:59.685969" elapsed="0.000427"/>
</kw>
<status status="PASS" start="2024-03-27T23:12:59.684891" elapsed="0.001885"/>
</kw>
<status status="PASS" start="2024-03-27T23:12:59.684230" elapsed="0.002786"/>
</test>
<test id="s1-s1-t2" name="Validar retorno 200 e JSON Válido" line="16">
<kw name="Teste de Requisicao Basica" owner="random-user-service">
<kw name="GET On Session" owner="RequestsLibrary">
<msg time="2024-03-27T23:12:59.768892" level="INFO">GET Request : url=https://randomuser.me/api 
 path_url=/api 
 headers={'User-Agent': 'python-requests/2.31.0', 'Accept-Encoding': 'gzip, deflate', 'Accept': '*/*', 'Connection': 'keep-alive'} 
 body=None 
 </msg>
<msg time="2024-03-27T23:12:59.769045" level="INFO">GET Response : url=https://randomuser.me/api 
 status=200, reason=OK 
 headers={'Date': 'Wed, 27 Mar 2024 23:12:59 GMT', 'Content-Type': 'application/json; charset=utf-8', 'Transfer-Encoding': 'chunked', 'Connection': 'keep-alive', 'X-Powered-By': 'Express', 'Access-Control-Allow-Origin': '*', 'Cache-Control': 'no-cache', 'ETag': 'W/"48e-ZKbXoJ9vm6C8JGmFUP2N7aKBR/M"', 'Vary': 'Accept-Encoding', 'Content-Encoding': 'gzip', 'CF-Cache-Status': 'DYNAMIC', 'Report-To': '{"endpoints":[{"url":"https:\\/\\/a.nel.cloudflare.com\\/report\\/v4?s=kUMTBQwhDqL7GiiBiJkXT3rG7OO1DKPIdSdj31OxuzwI%2Ba8sJkjqhP%2Fy0qkK3zJpxeIsD02hofDGTx2z%2FmIUvK9kYIVYl4ZWJF%2FCquDZNHF4cVyO1Fo1P309RN%2Bv7heH"}],"group":"cf-nel","max_age":604800}', 'NEL': '{"success_fraction":0,"report_to":"cf-nel","max_age":604800}', 'Server': 'cloudflare', 'CF-RAY': '86b311854e0961fe-ORD', 'alt-svc': 'h3=":443"; ma=86400'} 
 body={"results":[{"gender":"female","name":{"title":"Mrs","first":"Danielle","last":"Kennedy"},"location":{"street":{"number":1251,"name":"The Green"},"city":"Swords","state":"Cork","country":"Ireland","postcode":44896,"coordinates":{"latitude":"-0.2127","longitude":"139.0230"},"timezone":{"offset":"+10:00","description":"Eastern Australia, Guam, Vladivostok"}},"email":"danielle.kennedy@example.com","login":{"uuid":"476f2ed1-6344-4818-944f-71d60f026150","username":"yellowladybug179","password":"diva","salt":"lsrGhFwr","md5":"ea13269458d49295b0e885bc6f3c59ab","sha1":"c369d8e027f3f1531cefd28dbeebd7735c39f6fa","sha256":"227b47dde6f68ebd18b45e043a98b6d524f0663100b89a2a70ceda1f751e8efe"},"dob":{"date":"1993-11-21T10:23:05.310Z","age":30},"registered":{"date":"2010-01-27T22:30:37.016Z","age":14},"phone":"071-014-0304","cell":"081-935-5482","id":{"name":"PPS","value":"6212523T"},"picture":{"large":"https://randomuser.me/api/portraits/women/2.jpg","medium":"https://randomuser.me/api/portraits/med/women/2.jpg","thumbnail":"https://randomuser.me/api/portraits/thumb/women/2.jpg"},"nat":"IE"}],"info":{"seed":"37ff658e1313adc0","results":1,"page":1,"version":"1.4"}} 
 </msg>
<msg time="2024-03-27T23:12:59.769161" level="INFO">/opt/hostedtoolcache/Python/3.12.2/x64/lib/python3.12/site-packages/urllib3/connectionpool.py:1103: InsecureRequestWarning: Unverified HTTPS request is being made to host 'randomuser.me'. Adding certificate verification is strongly advised. See: https://urllib3.readthedocs.io/en/latest/advanced-usage.html#tls-warnings
  warnings.warn(</msg>
<msg time="2024-03-27T23:12:59.769329" level="INFO">${response} = &lt;Response [200]&gt;</msg>
<var>${response}</var>
<arg>consultarAPI</arg>
<arg>/api</arg>
<doc>Sends a GET request on a previously created HTTP Session.</doc>
<status status="PASS" start="2024-03-27T23:12:59.689635" elapsed="0.079736"/>
</kw>
<kw name="Should Be Equal As Numbers" owner="BuiltIn">
<msg time="2024-03-27T23:12:59.770572" level="INFO">Argument types are:
&lt;class 'int'&gt;
&lt;class 'str'&gt;</msg>
<arg>${response.status_code}</arg>
<arg>200</arg>
<doc>Fails if objects are unequal after converting them to real numbers.</doc>
<status status="PASS" start="2024-03-27T23:12:59.770059" elapsed="0.000581"/>
</kw>
<kw name="Log" owner="BuiltIn">
<msg time="2024-03-27T23:12:59.771374" level="INFO">200</msg>
<arg>${response.status_code}</arg>
<doc>Logs the given message with the given level.</doc>
<status status="PASS" start="2024-03-27T23:12:59.771008" elapsed="0.000410"/>
</kw>
<kw name="Set Variable" owner="BuiltIn">
<msg time="2024-03-27T23:12:59.772213" level="INFO">${json_data} = {'results': [{'gender': 'female', 'name': {'title': 'Mrs', 'first': 'Danielle', 'last': 'Kennedy'}, 'location': {'street': {'number': 1251, 'name': 'The Green'}, 'city': 'Swords', 'state': 'Cork', 'co...</msg>
<var>${json_data}</var>
<arg>${response.json()}</arg>
<doc>Returns the given values which can then be assigned to a variables.</doc>
<status status="PASS" start="2024-03-27T23:12:59.771767" elapsed="0.000474"/>
</kw>
<kw name="Dictionary Should Contain Key" owner="Collections">
<msg time="2024-03-27T23:12:59.772719" level="INFO">False</msg>
<arg>${json_data}</arg>
<arg>results</arg>
<doc>Fails if ``key`` is not found from ``dictionary``.</doc>
<status status="PASS" start="2024-03-27T23:12:59.772546" elapsed="0.000213"/>
</kw>
<status status="PASS" start="2024-03-27T23:12:59.689379" elapsed="0.083641"/>
</kw>
<doc>Testa se a API responde corretamente e retorna um objeto JSON válido.</doc>
<tag>testeRequisicaoBasica</tag>
<status status="PASS" start="2024-03-27T23:12:59.688878" elapsed="0.084332"/>
</test>
<test id="s1-s1-t3" name="Validar estrutura de resposta" line="22">
<kw name="Teste de Estrutura de Resposta" owner="random-user-service">
<kw name="GET On Session" owner="RequestsLibrary">
<msg time="2024-03-27T23:12:59.881509" level="INFO">GET Request : url=https://randomuser.me/api 
 path_url=/api 
 headers={'User-Agent': 'python-requests/2.31.0', 'Accept-Encoding': 'gzip, deflate', 'Accept': '*/*', 'Connection': 'keep-alive'} 
 body=None 
 </msg>
<msg time="2024-03-27T23:12:59.881628" level="INFO">GET Response : url=https://randomuser.me/api 
 status=200, reason=OK 
 headers={'Date': 'Wed, 27 Mar 2024 23:12:59 GMT', 'Content-Type': 'application/json; charset=utf-8', 'Transfer-Encoding': 'chunked', 'Connection': 'keep-alive', 'X-Powered-By': 'Express', 'Access-Control-Allow-Origin': '*', 'Cache-Control': 'no-cache', 'ETag': 'W/"491-rraP5COrQ6KYr/bqtBIT3ItdHqM"', 'Vary': 'Accept-Encoding', 'Content-Encoding': 'gzip', 'CF-Cache-Status': 'DYNAMIC', 'Report-To': '{"endpoints":[{"url":"https:\\/\\/a.nel.cloudflare.com\\/report\\/v4?s=o31ugr4NMoYlXN1nMn4LD0nRtKuQreEk3U6JuoMxa2xdxi0cj7O7rTXLxKdz0iHBGa2XMnkktKlQoZsmtnxC%2BwVmNnvNpncVhXxyl7vAqh1rwU4xeQweSFNTX2J%2FYIV6"}],"group":"cf-nel","max_age":604800}', 'NEL': '{"success_fraction":0,"report_to":"cf-nel","max_age":604800}', 'Server': 'cloudflare', 'CF-RAY': '86b311859e5a61fe-ORD', 'alt-svc': 'h3=":443"; ma=86400'} 
 body={"results":[{"gender":"male","name":{"title":"Mr","first":"Samuel","last":"Lundquist"},"location":{"street":{"number":3182,"name":"Godliasvingen"},"city":"Hallingby","state":"Hedmark","country":"Norway","postcode":"4064","coordinates":{"latitude":"44.9218","longitude":"-21.5356"},"timezone":{"offset":"+3:00","description":"Baghdad, Riyadh, Moscow, St. Petersburg"}},"email":"samuel.lundquist@example.com","login":{"uuid":"c8854349-036c-49e9-9326-f5198fdc7e6e","username":"blackgorilla994","password":"choochoo","salt":"bnAWL3LM","md5":"0bac788e7c2cb0ff9c0876433afd1e30","sha1":"f68a82d0513e9fec195a5c7f71a3c9c026ead099","sha256":"d83fe6d8fc6b2ffd7635d62976d197f6b413314eaa6693953cf0425b963c7689"},"dob":{"date":"1964-10-17T20:02:04.006Z","age":59},"registered":{"date":"2003-11-15T18:23:26.636Z","age":20},"phone":"69874949","cell":"48708151","id":{"name":"FN","value":"17106423512"},"picture":{"large":"https://randomuser.me/api/portraits/men/61.jpg","medium":"https://randomuser.me/api/portraits/med/men/61.jpg","thumbnail":"https://randomuser.me/api/portraits/thumb/men/61.jpg"},"nat":"NO"}],"info":{"seed":"9f38bc18080bedd7","results":1,"page":1,"version":"1.4"}} 
 </msg>
<msg time="2024-03-27T23:12:59.881805" level="INFO">/opt/hostedtoolcache/Python/3.12.2/x64/lib/python3.12/site-packages/urllib3/connectionpool.py:1103: InsecureRequestWarning: Unverified HTTPS request is being made to host 'randomuser.me'. Adding certificate verification is strongly advised. See: https://urllib3.readthedocs.io/en/latest/advanced-usage.html#tls-warnings
  warnings.warn(</msg>
<msg time="2024-03-27T23:12:59.881956" level="INFO">${response} = &lt;Response [200]&gt;</msg>
<var>${response}</var>
<arg>consultarAPI</arg>
<arg>/api</arg>
<doc>Sends a GET request on a previously created HTTP Session.</doc>
<status status="PASS" start="2024-03-27T23:12:59.776491" elapsed="0.105506"/>
</kw>
<kw name="Set Variable" owner="BuiltIn">
<msg time="2024-03-27T23:12:59.883292" level="INFO">${json_data} = {'results': [{'gender': 'male', 'name': {'title': 'Mr', 'first': 'Samuel', 'last': 'Lundquist'}, 'location': {'street': {'number': 3182, 'name': 'Godliasvingen'}, 'city': 'Hallingby', 'state': 'Hedmar...</msg>
<var>${json_data}</var>
<arg>${response.json()}</arg>
<doc>Returns the given values which can then be assigned to a variables.</doc>
<status status="PASS" start="2024-03-27T23:12:59.882654" elapsed="0.000667"/>
</kw>
<kw name="Log" owner="BuiltIn">
<msg time="2024-03-27T23:12:59.883868" level="INFO">{'results': [{'gender': 'male', 'name': {'title': 'Mr', 'first': 'Samuel', 'last': 'Lundquist'}, 'location': {'street': {'number': 3182, 'name': 'Godliasvingen'}, 'city': 'Hallingby', 'state': 'Hedmark', 'country': 'Norway', 'postcode': '4064', 'coordinates': {'latitude': '44.9218', 'longitude': '-21.5356'}, 'timezone': {'offset': '+3:00', 'description': 'Baghdad, Riyadh, Moscow, St. Petersburg'}}, 'email': 'samuel.lundquist@example.com', 'login': {'uuid': 'c8854349-036c-49e9-9326-f5198fdc7e6e', 'username': 'blackgorilla994', 'password': 'choochoo', 'salt': 'bnAWL3LM', 'md5': '0bac788e7c2cb0ff9c0876433afd1e30', 'sha1': 'f68a82d0513e9fec195a5c7f71a3c9c026ead099', 'sha256': 'd83fe6d8fc6b2ffd7635d62976d197f6b413314eaa6693953cf0425b963c7689'}, 'dob': {'date': '1964-10-17T20:02:04.006Z', 'age': 59}, 'registered': {'date': '2003-11-15T18:23:26.636Z', 'age': 20}, 'phone': '69874949', 'cell': '48708151', 'id': {'name': 'FN', 'value': '17106423512'}, 'picture': {'large': 'https://randomuser.me/api/portraits/men/61.jpg', 'medium': 'https://randomuser.me/api/portraits/med/men/61.jpg', 'thumbnail': 'https://randomuser.me/api/portraits/thumb/men/61.jpg'}, 'nat': 'NO'}], 'info': {'seed': '9f38bc18080bedd7', 'results': 1, 'page': 1, 'version': '1.4'}}</msg>
<arg>${json_data}</arg>
<doc>Logs the given message with the given level.</doc>
<status status="PASS" start="2024-03-27T23:12:59.883678" elapsed="0.000240"/>
</kw>
<kw name="Dictionary Should Contain Key" owner="Collections">
<msg time="2024-03-27T23:12:59.884415" level="INFO">False</msg>
<arg>${json_data}</arg>
<arg>results</arg>
<doc>Fails if ``key`` is not found from ``dictionary``.</doc>
<status status="PASS" start="2024-03-27T23:12:59.884241" elapsed="0.000214"/>
</kw>
<kw name="Should Not Be Empty" owner="BuiltIn">
<msg time="2024-03-27T23:12:59.884922" level="INFO">Length is 2.</msg>
<arg>${json_data}</arg>
<doc>Verifies that the given item is not empty.</doc>
<status status="PASS" start="2024-03-27T23:12:59.884777" elapsed="0.000185"/>
</kw>
<kw name="Create List" owner="BuiltIn">
<msg time="2024-03-27T23:12:59.885446" level="INFO">${expected_keys} = ['gender', 'name', 'location', 'email', 'login']</msg>
<var>${expected_keys}</var>
<arg>gender</arg>
<arg>name</arg>
<arg>location</arg>
<arg>email</arg>
<arg>login</arg>
<doc>Returns a list containing given items.</doc>
<status status="PASS" start="2024-03-27T23:12:59.885289" elapsed="0.000182"/>
</kw>
<for flavor="IN">
<iter>
<kw name="Dictionary Should Contain Key" owner="Collections">
<msg time="2024-03-27T23:12:59.886542" level="INFO">False</msg>
<arg>${json_data['results'][0]}</arg>
<arg>${key}</arg>
<doc>Fails if ``key`` is not found from ``dictionary``.</doc>
<status status="PASS" start="2024-03-27T23:12:59.886111" elapsed="0.000474"/>
</kw>
<kw name="Log" owner="BuiltIn">
<msg time="2024-03-27T23:12:59.887338" level="INFO">{'gender': 'male', 'name': {'title': 'Mr', 'first': 'Samuel', 'last': 'Lundquist'}, 'location': {'street': {'number': 3182, 'name': 'Godliasvingen'}, 'city': 'Hallingby', 'state': 'Hedmark', 'country': 'Norway', 'postcode': '4064', 'coordinates': {'latitude': '44.9218', 'longitude': '-21.5356'}, 'timezone': {'offset': '+3:00', 'description': 'Baghdad, Riyadh, Moscow, St. Petersburg'}}, 'email': 'samuel.lundquist@example.com', 'login': {'uuid': 'c8854349-036c-49e9-9326-f5198fdc7e6e', 'username': 'blackgorilla994', 'password': 'choochoo', 'salt': 'bnAWL3LM', 'md5': '0bac788e7c2cb0ff9c0876433afd1e30', 'sha1': 'f68a82d0513e9fec195a5c7f71a3c9c026ead099', 'sha256': 'd83fe6d8fc6b2ffd7635d62976d197f6b413314eaa6693953cf0425b963c7689'}, 'dob': {'date': '1964-10-17T20:02:04.006Z', 'age': 59}, 'registered': {'date': '2003-11-15T18:23:26.636Z', 'age': 20}, 'phone': '69874949', 'cell': '48708151', 'id': {'name': 'FN', 'value': '17106423512'}, 'picture': {'large': 'https://randomuser.me/api/portraits/men/61.jpg', 'medium': 'https://randomuser.me/api/portraits/med/men/61.jpg', 'thumbnail': 'https://randomuser.me/api/portraits/thumb/men/61.jpg'}, 'nat': 'NO'}</msg>
<arg>${json_data['results'][0]}</arg>
<doc>Logs the given message with the given level.</doc>
<status status="PASS" start="2024-03-27T23:12:59.886949" elapsed="0.000446"/>
</kw>
<kw name="Log" owner="BuiltIn">
<msg time="2024-03-27T23:12:59.887854" level="INFO">gender</msg>
<arg>${key}</arg>
<doc>Logs the given message with the given level.</doc>
<status status="PASS" start="2024-03-27T23:12:59.887712" elapsed="0.000182"/>
</kw>
<var name="${key}">gender</var>
<status status="PASS" start="2024-03-27T23:12:59.885977" elapsed="0.002154"/>
</iter>
<iter>
<kw name="Dictionary Should Contain Key" owner="Collections">
<msg time="2024-03-27T23:12:59.888867" level="INFO">False</msg>
<arg>${json_data['results'][0]}</arg>
<arg>${key}</arg>
<doc>Fails if ``key`` is not found from ``dictionary``.</doc>
<status status="PASS" start="2024-03-27T23:12:59.888461" elapsed="0.000446"/>
</kw>
<kw name="Log" owner="BuiltIn">
<msg time="2024-03-27T23:12:59.889625" level="INFO">{'gender': 'male', 'name': {'title': 'Mr', 'first': 'Samuel', 'last': 'Lundquist'}, 'location': {'street': {'number': 3182, 'name': 'Godliasvingen'}, 'city': 'Hallingby', 'state': 'Hedmark', 'country': 'Norway', 'postcode': '4064', 'coordinates': {'latitude': '44.9218', 'longitude': '-21.5356'}, 'timezone': {'offset': '+3:00', 'description': 'Baghdad, Riyadh, Moscow, St. Petersburg'}}, 'email': 'samuel.lundquist@example.com', 'login': {'uuid': 'c8854349-036c-49e9-9326-f5198fdc7e6e', 'username': 'blackgorilla994', 'password': 'choochoo', 'salt': 'bnAWL3LM', 'md5': '0bac788e7c2cb0ff9c0876433afd1e30', 'sha1': 'f68a82d0513e9fec195a5c7f71a3c9c026ead099', 'sha256': 'd83fe6d8fc6b2ffd7635d62976d197f6b413314eaa6693953cf0425b963c7689'}, 'dob': {'date': '1964-10-17T20:02:04.006Z', 'age': 59}, 'registered': {'date': '2003-11-15T18:23:26.636Z', 'age': 20}, 'phone': '69874949', 'cell': '48708151', 'id': {'name': 'FN', 'value': '17106423512'}, 'picture': {'large': 'https://randomuser.me/api/portraits/men/61.jpg', 'medium': 'https://randomuser.me/api/portraits/med/men/61.jpg', 'thumbnail': 'https://randomuser.me/api/portraits/thumb/men/61.jpg'}, 'nat': 'NO'}</msg>
<arg>${json_data['results'][0]}</arg>
<doc>Logs the given message with the given level.</doc>
<status status="PASS" start="2024-03-27T23:12:59.889249" elapsed="0.000425"/>
</kw>
<kw name="Log" owner="BuiltIn">
<msg time="2024-03-27T23:12:59.890117" level="INFO">name</msg>
<arg>${key}</arg>
<doc>Logs the given message with the given level.</doc>
<status status="PASS" start="2024-03-27T23:12:59.889981" elapsed="0.000174"/>
</kw>
<var name="${key}">name</var>
<status status="PASS" start="2024-03-27T23:12:59.888333" elapsed="0.002053"/>
</iter>
<iter>
<kw name="Dictionary Should Contain Key" owner="Collections">
<msg time="2024-03-27T23:12:59.891115" level="INFO">False</msg>
<arg>${json_data['results'][0]}</arg>
<arg>${key}</arg>
<doc>Fails if ``key`` is not found from ``dictionary``.</doc>
<status status="PASS" start="2024-03-27T23:12:59.890683" elapsed="0.000471"/>
</kw>
<kw name="Log" owner="BuiltIn">
<msg time="2024-03-27T23:12:59.891838" level="INFO">{'gender': 'male', 'name': {'title': 'Mr', 'first': 'Samuel', 'last': 'Lundquist'}, 'location': {'street': {'number': 3182, 'name': 'Godliasvingen'}, 'city': 'Hallingby', 'state': 'Hedmark', 'country': 'Norway', 'postcode': '4064', 'coordinates': {'latitude': '44.9218', 'longitude': '-21.5356'}, 'timezone': {'offset': '+3:00', 'description': 'Baghdad, Riyadh, Moscow, St. Petersburg'}}, 'email': 'samuel.lundquist@example.com', 'login': {'uuid': 'c8854349-036c-49e9-9326-f5198fdc7e6e', 'username': 'blackgorilla994', 'password': 'choochoo', 'salt': 'bnAWL3LM', 'md5': '0bac788e7c2cb0ff9c0876433afd1e30', 'sha1': 'f68a82d0513e9fec195a5c7f71a3c9c026ead099', 'sha256': 'd83fe6d8fc6b2ffd7635d62976d197f6b413314eaa6693953cf0425b963c7689'}, 'dob': {'date': '1964-10-17T20:02:04.006Z', 'age': 59}, 'registered': {'date': '2003-11-15T18:23:26.636Z', 'age': 20}, 'phone': '69874949', 'cell': '48708151', 'id': {'name': 'FN', 'value': '17106423512'}, 'picture': {'large': 'https://randomuser.me/api/portraits/men/61.jpg', 'medium': 'https://randomuser.me/api/portraits/med/men/61.jpg', 'thumbnail': 'https://randomuser.me/api/portraits/thumb/men/61.jpg'}, 'nat': 'NO'}</msg>
<arg>${json_data['results'][0]}</arg>
<doc>Logs the given message with the given level.</doc>
<status status="PASS" start="2024-03-27T23:12:59.891462" elapsed="0.000431"/>
</kw>
<kw name="Log" owner="BuiltIn">
<msg time="2024-03-27T23:12:59.892324" level="INFO">location</msg>
<arg>${key}</arg>
<doc>Logs the given message with the given level.</doc>
<status status="PASS" start="2024-03-27T23:12:59.892197" elapsed="0.000166"/>
</kw>
<var name="${key}">location</var>
<status status="PASS" start="2024-03-27T23:12:59.890566" elapsed="0.002013"/>
</iter>
<iter>
<kw name="Dictionary Should Contain Key" owner="Collections">
<msg time="2024-03-27T23:12:59.893240" level="INFO">False</msg>
<arg>${json_data['results'][0]}</arg>
<arg>${key}</arg>
<doc>Fails if ``key`` is not found from ``dictionary``.</doc>
<status status="PASS" start="2024-03-27T23:12:59.892865" elapsed="0.000412"/>
</kw>
<kw name="Log" owner="BuiltIn">
<msg time="2024-03-27T23:12:59.893942" level="INFO">{'gender': 'male', 'name': {'title': 'Mr', 'first': 'Samuel', 'last': 'Lundquist'}, 'location': {'street': {'number': 3182, 'name': 'Godliasvingen'}, 'city': 'Hallingby', 'state': 'Hedmark', 'country': 'Norway', 'postcode': '4064', 'coordinates': {'latitude': '44.9218', 'longitude': '-21.5356'}, 'timezone': {'offset': '+3:00', 'description': 'Baghdad, Riyadh, Moscow, St. Petersburg'}}, 'email': 'samuel.lundquist@example.com', 'login': {'uuid': 'c8854349-036c-49e9-9326-f5198fdc7e6e', 'username': 'blackgorilla994', 'password': 'choochoo', 'salt': 'bnAWL3LM', 'md5': '0bac788e7c2cb0ff9c0876433afd1e30', 'sha1': 'f68a82d0513e9fec195a5c7f71a3c9c026ead099', 'sha256': 'd83fe6d8fc6b2ffd7635d62976d197f6b413314eaa6693953cf0425b963c7689'}, 'dob': {'date': '1964-10-17T20:02:04.006Z', 'age': 59}, 'registered': {'date': '2003-11-15T18:23:26.636Z', 'age': 20}, 'phone': '69874949', 'cell': '48708151', 'id': {'name': 'FN', 'value': '17106423512'}, 'picture': {'large': 'https://randomuser.me/api/portraits/men/61.jpg', 'medium': 'https://randomuser.me/api/portraits/med/men/61.jpg', 'thumbnail': 'https://randomuser.me/api/portraits/thumb/men/61.jpg'}, 'nat': 'NO'}</msg>
<arg>${json_data['results'][0]}</arg>
<doc>Logs the given message with the given level.</doc>
<status status="PASS" start="2024-03-27T23:12:59.893577" elapsed="0.000413"/>
</kw>
<kw name="Log" owner="BuiltIn">
<msg time="2024-03-27T23:12:59.894405" level="INFO">email</msg>
<arg>${key}</arg>
<doc>Logs the given message with the given level.</doc>
<status status="PASS" start="2024-03-27T23:12:59.894279" elapsed="0.000165"/>
</kw>
<var name="${key}">email</var>
<status status="PASS" start="2024-03-27T23:12:59.892754" elapsed="0.001916"/>
</iter>
<iter>
<kw name="Dictionary Should Contain Key" owner="Collections">
<msg time="2024-03-27T23:12:59.895393" level="INFO">False</msg>
<arg>${json_data['results'][0]}</arg>
<arg>${key}</arg>
<doc>Fails if ``key`` is not found from ``dictionary``.</doc>
<status status="PASS" start="2024-03-27T23:12:59.895005" elapsed="0.000435"/>
</kw>
<kw name="Log" owner="BuiltIn">
<msg time="2024-03-27T23:12:59.896100" level="INFO">{'gender': 'male', 'name': {'title': 'Mr', 'first': 'Samuel', 'last': 'Lundquist'}, 'location': {'street': {'number': 3182, 'name': 'Godliasvingen'}, 'city': 'Hallingby', 'state': 'Hedmark', 'country': 'Norway', 'postcode': '4064', 'coordinates': {'latitude': '44.9218', 'longitude': '-21.5356'}, 'timezone': {'offset': '+3:00', 'description': 'Baghdad, Riyadh, Moscow, St. Petersburg'}}, 'email': 'samuel.lundquist@example.com', 'login': {'uuid': 'c8854349-036c-49e9-9326-f5198fdc7e6e', 'username': 'blackgorilla994', 'password': 'choochoo', 'salt': 'bnAWL3LM', 'md5': '0bac788e7c2cb0ff9c0876433afd1e30', 'sha1': 'f68a82d0513e9fec195a5c7f71a3c9c026ead099', 'sha256': 'd83fe6d8fc6b2ffd7635d62976d197f6b413314eaa6693953cf0425b963c7689'}, 'dob': {'date': '1964-10-17T20:02:04.006Z', 'age': 59}, 'registered': {'date': '2003-11-15T18:23:26.636Z', 'age': 20}, 'phone': '69874949', 'cell': '48708151', 'id': {'name': 'FN', 'value': '17106423512'}, 'picture': {'large': 'https://randomuser.me/api/portraits/men/61.jpg', 'medium': 'https://randomuser.me/api/portraits/med/men/61.jpg', 'thumbnail': 'https://randomuser.me/api/portraits/thumb/men/61.jpg'}, 'nat': 'NO'}</msg>
<arg>${json_data['results'][0]}</arg>
<doc>Logs the given message with the given level.</doc>
<status status="PASS" start="2024-03-27T23:12:59.895736" elapsed="0.000411"/>
</kw>
<kw name="Log" owner="BuiltIn">
<msg time="2024-03-27T23:12:59.896569" level="INFO">login</msg>
<arg>${key}</arg>
<doc>Logs the given message with the given level.</doc>
<status status="PASS" start="2024-03-27T23:12:59.896441" elapsed="0.000281"/>
</kw>
<var name="${key}">login</var>
<status status="PASS" start="2024-03-27T23:12:59.894875" elapsed="0.002115"/>
</iter>
<var>${key}</var>
<value>@{expected_keys}</value>
<status status="PASS" start="2024-03-27T23:12:59.885749" elapsed="0.011370"/>
</for>
<kw name="Create List" owner="BuiltIn">
<msg time="2024-03-27T23:12:59.897457" level="INFO">${expected_keysTwo} = ['username', 'password']</msg>
<var>${expected_keysTwo}</var>
<arg>username</arg>
<arg>password</arg>
<doc>Returns a list containing given items.</doc>
<status status="PASS" start="2024-03-27T23:12:59.897318" elapsed="0.000163"/>
</kw>
<for flavor="IN">
<iter>
<kw name="Dictionary Should Contain Key" owner="Collections">
<msg time="2024-03-27T23:12:59.898367" level="INFO">False</msg>
<arg>${json_data['results'][0]['login']}</arg>
<arg>${keyTwo}</arg>
<doc>Fails if ``key`` is not found from ``dictionary``.</doc>
<status status="PASS" start="2024-03-27T23:12:59.897984" elapsed="0.000420"/>
</kw>
<kw name="Dictionary Should Contain Key" owner="Collections">
<msg time="2024-03-27T23:12:59.899126" level="INFO">False</msg>
<arg>${json_data['results'][0]['login']}</arg>
<arg>${keyTwo}</arg>
<doc>Fails if ``key`` is not found from ``dictionary``.</doc>
<status status="PASS" start="2024-03-27T23:12:59.898700" elapsed="0.000464"/>
</kw>
<kw name="Log" owner="BuiltIn">
<msg time="2024-03-27T23:12:59.899599" level="INFO">username</msg>
<arg>${keyTwo}</arg>
<doc>Logs the given message with the given level.</doc>
<status status="PASS" start="2024-03-27T23:12:59.899470" elapsed="0.000167"/>
</kw>
<var name="${keyTwo}">username</var>
<status status="PASS" start="2024-03-27T23:12:59.897874" elapsed="0.001976"/>
</iter>
<iter>
<kw name="Dictionary Should Contain Key" owner="Collections">
<msg time="2024-03-27T23:12:59.900508" level="INFO">False</msg>
<arg>${json_data['results'][0]['login']}</arg>
<arg>${keyTwo}</arg>
<doc>Fails if ``key`` is not found from ``dictionary``.</doc>
<status status="PASS" start="2024-03-27T23:12:59.900128" elapsed="0.000418"/>
</kw>
<kw name="Dictionary Should Contain Key" owner="Collections">
<msg time="2024-03-27T23:12:59.901232" level="INFO">False</msg>
<arg>${json_data['results'][0]['login']}</arg>
<arg>${keyTwo}</arg>
<doc>Fails if ``key`` is not found from ``dictionary``.</doc>
<status status="PASS" start="2024-03-27T23:12:59.900848" elapsed="0.000421"/>
</kw>
<kw name="Log" owner="BuiltIn">
<msg time="2024-03-27T23:12:59.901683" level="INFO">password</msg>
<arg>${keyTwo}</arg>
<doc>Logs the given message with the given level.</doc>
<status status="PASS" start="2024-03-27T23:12:59.901557" elapsed="0.000165"/>
</kw>
<var name="${keyTwo}">password</var>
<status status="PASS" start="2024-03-27T23:12:59.900020" elapsed="0.001918"/>
</iter>
<var>${keyTwo}</var>
<value>@{expected_keysTwo}</value>
<status status="PASS" start="2024-03-27T23:12:59.897722" elapsed="0.004338"/>
</for>
<status status="PASS" start="2024-03-27T23:12:59.776136" elapsed="0.126068"/>
</kw>
<doc>Testa a estrutura da resposta da API.</doc>
<tag>testeEstruturaResposta</tag>
<status status="PASS" start="2024-03-27T23:12:59.775115" elapsed="0.127259"/>
</test>
<test id="s1-s1-t4" name="Validar tipos de dados" line="28">
<kw name="Teste de Tipos de Dados" owner="random-user-service">
<kw name="GET On Session" owner="RequestsLibrary">
<msg time="2024-03-27T23:12:59.968145" level="INFO">GET Request : url=https://randomuser.me/api 
 path_url=/api 
 headers={'User-Agent': 'python-requests/2.31.0', 'Accept-Encoding': 'gzip, deflate', 'Accept': '*/*', 'Connection': 'keep-alive'} 
 body=None 
 </msg>
<msg time="2024-03-27T23:12:59.968241" level="INFO">GET Response : url=https://randomuser.me/api 
 status=200, reason=OK 
 headers={'Date': 'Wed, 27 Mar 2024 23:12:59 GMT', 'Content-Type': 'application/json; charset=utf-8', 'Transfer-Encoding': 'chunked', 'Connection': 'keep-alive', 'X-Powered-By': 'Express', 'Access-Control-Allow-Origin': '*', 'Cache-Control': 'no-cache', 'ETag': 'W/"495-x+Eeuwx/PADZqYV3i8Eu/fUUMrs"', 'Vary': 'Accept-Encoding', 'Content-Encoding': 'gzip', 'CF-Cache-Status': 'DYNAMIC', 'Report-To': '{"endpoints":[{"url":"https:\\/\\/a.nel.cloudflare.com\\/report\\/v4?s=fTxscno9XnjP2aNbJ6Eh32DJCB5SJkiLTEngNKF96Yk0BcRHcDtLLxD1KYIYdK%2BFK63IIeE3C5SonystkfrqWIrFlJ7hIOhyKZUHrVQybSCC4ntyMxa1Ss61EO0%2FlBLI"}],"group":"cf-nel","max_age":604800}', 'NEL': '{"success_fraction":0,"report_to":"cf-nel","max_age":604800}', 'Server': 'cloudflare', 'CF-RAY': '86b311866f2761fe-ORD', 'alt-svc': 'h3=":443"; ma=86400'} 
 body={"results":[{"gender":"female","name":{"title":"Ms","first":"Avreliya","last":"Shumovskiy"},"location":{"street":{"number":1243,"name":"Lomonosova"},"city":"Shpola","state":"Vinnicka","country":"Ukraine","postcode":12485,"coordinates":{"latitude":"79.7656","longitude":"168.0876"},"timezone":{"offset":"+9:00","description":"Tokyo, Seoul, Osaka, Sapporo, Yakutsk"}},"email":"avreliya.shumovskiy@example.com","login":{"uuid":"0ffe18f1-0813-4066-8486-98fdc39c62d8","username":"happylion561","password":"longhorn","salt":"IgoaxAGs","md5":"e0a430c4f5d890702658ec741b69ab6c","sha1":"9ddd8b94669aca888c28804e98073b6cb7ff65e5","sha256":"a46af0565e53d4af90f8860b3d57d998d41e6bfae6f9dd48902db34a97a1b73e"},"dob":{"date":"2000-10-17T02:47:50.262Z","age":23},"registered":{"date":"2019-03-18T08:03:05.366Z","age":5},"phone":"(067) Q74-1852","cell":"(067) V48-1280","id":{"name":"","value":null},"picture":{"large":"https://randomuser.me/api/portraits/women/74.jpg","medium":"https://randomuser.me/api/portraits/med/women/74.jpg","thumbnail":"https://randomuser.me/api/portraits/thumb/women/74.jpg"},"nat":"UA"}],"info":{"seed":"e6aa3a3d9c171587","results":1,"page":1,"version":"1.4"}} 
 </msg>
<msg time="2024-03-27T23:12:59.968309" level="INFO">/opt/hostedtoolcache/Python/3.12.2/x64/lib/python3.12/site-packages/urllib3/connectionpool.py:1103: InsecureRequestWarning: Unverified HTTPS request is being made to host 'randomuser.me'. Adding certificate verification is strongly advised. See: https://urllib3.readthedocs.io/en/latest/advanced-usage.html#tls-warnings
  warnings.warn(</msg>
<msg time="2024-03-27T23:12:59.968431" level="INFO">${response} = &lt;Response [200]&gt;</msg>
<var>${response}</var>
<arg>consultarAPI</arg>
<arg>/api</arg>
<doc>Sends a GET request on a previously created HTTP Session.</doc>
<status status="PASS" start="2024-03-27T23:12:59.904961" elapsed="0.063510"/>
</kw>
<kw name="Set Variable" owner="BuiltIn">
<msg time="2024-03-27T23:12:59.969677" level="INFO">${json_data} = {'results': [{'gender': 'female', 'name': {'title': 'Ms', 'first': 'Avreliya', 'last': 'Shumovskiy'}, 'location': {'street': {'number': 1243, 'name': 'Lomonosova'}, 'city': 'Shpola', 'state': 'Vinnick...</msg>
<var>${json_data}</var>
<arg>${response.json()}</arg>
<doc>Returns the given values which can then be assigned to a variables.</doc>
<status status="PASS" start="2024-03-27T23:12:59.969105" elapsed="0.000601"/>
</kw>
<kw name="Log" owner="BuiltIn">
<msg time="2024-03-27T23:12:59.970178" level="INFO">{'results': [{'gender': 'female', 'name': {'title': 'Ms', 'first': 'Avreliya', 'last': 'Shumovskiy'}, 'location': {'street': {'number': 1243, 'name': 'Lomonosova'}, 'city': 'Shpola', 'state': 'Vinnicka', 'country': 'Ukraine', 'postcode': 12485, 'coordinates': {'latitude': '79.7656', 'longitude': '168.0876'}, 'timezone': {'offset': '+9:00', 'description': 'Tokyo, Seoul, Osaka, Sapporo, Yakutsk'}}, 'email': 'avreliya.shumovskiy@example.com', 'login': {'uuid': '0ffe18f1-0813-4066-8486-98fdc39c62d8', 'username': 'happylion561', 'password': 'longhorn', 'salt': 'IgoaxAGs', 'md5': 'e0a430c4f5d890702658ec741b69ab6c', 'sha1': '9ddd8b94669aca888c28804e98073b6cb7ff65e5', 'sha256': 'a46af0565e53d4af90f8860b3d57d998d41e6bfae6f9dd48902db34a97a1b73e'}, 'dob': {'date': '2000-10-17T02:47:50.262Z', 'age': 23}, 'registered': {'date': '2019-03-18T08:03:05.366Z', 'age': 5}, 'phone': '(067) Q74-1852', 'cell': '(067) V48-1280', 'id': {'name': '', 'value': None}, 'picture': {'large': 'https://randomuser.me/api/portraits/women/74.jpg', 'medium': 'https://randomuser.me/api/portraits/med/women/74.jpg', 'thumbnail': 'https://randomuser.me/api/portraits/thumb/women/74.jpg'}, 'nat': 'UA'}], 'info': {'seed': 'e6aa3a3d9c171587', 'results': 1, 'page': 1, 'version': '1.4'}}</msg>
<arg>${json_data}</arg>
<doc>Logs the given message with the given level.</doc>
<status status="PASS" start="2024-03-27T23:12:59.970021" elapsed="0.000243"/>
</kw>
<kw name="Should Be String" owner="String">
<arg>${json_data['results'][0]['gender']}</arg>
<doc>Fails if the given ``item`` is not a string.</doc>
<status status="PASS" start="2024-03-27T23:12:59.970564" elapsed="0.000404"/>
</kw>
<kw name="Should Match Regexp" owner="BuiltIn">
<arg>${json_data['results'][0]['email']}</arg>
<arg>^[a-zA-Z0-9._%+-]+@[a-zA-Z0-9.-]+\.[a-zA-Z]{2,}$</arg>
<doc>Fails if ``string`` does not match ``pattern`` as a regular expression.</doc>
<status status="PASS" start="2024-03-27T23:12:59.971173" elapsed="0.000526"/>
</kw>
<kw name="Should Match Regexp" owner="BuiltIn">
<arg>${json_data['results'][0]['dob']['date']}</arg>
<arg>\\d{4}-\\d{2}-\\d{2}T\\d{2}:\\d{2}:\\d{2}\\.\\d{3}Z</arg>
<doc>Fails if ``string`` does not match ``pattern`` as a regular expression.</doc>
<status status="PASS" start="2024-03-27T23:12:59.971901" elapsed="0.000501"/>
</kw>
<kw name="Should Match Regexp" owner="BuiltIn">
<arg>${json_data['results'][0]['registered']['date']}</arg>
<arg>\\d{4}-\\d{2}-\\d{2}T\\d{2}:\\d{2}:\\d{2}\\.\\d{3}Z</arg>
<doc>Fails if ``string`` does not match ``pattern`` as a regular expression.</doc>
<status status="PASS" start="2024-03-27T23:12:59.972600" elapsed="0.000374"/>
</kw>
<kw name="Should Match Regexp" owner="BuiltIn">
<arg>${json_data['results'][0]['picture']['large']}</arg>
<arg>^https?://.*\.(?:png|jpe?g|gif|bmp)$</arg>
<doc>Fails if ``string`` does not match ``pattern`` as a regular expression.</doc>
<status status="PASS" start="2024-03-27T23:12:59.973163" elapsed="0.000459"/>
</kw>
<kw name="Should Match Regexp" owner="BuiltIn">
<arg>${json_data['results'][0]['picture']['medium']}</arg>
<arg>^https?://.*\.(?:png|jpe?g|gif|bmp)$</arg>
<doc>Fails if ``string`` does not match ``pattern`` as a regular expression.</doc>
<status status="PASS" start="2024-03-27T23:12:59.973818" elapsed="0.000354"/>
</kw>
<kw name="Should Match Regexp" owner="BuiltIn">
<arg>${json_data['results'][0]['picture']['thumbnail']}</arg>
<arg>^https?://.*\.(?:png|jpe?g|gif|bmp)$</arg>
<doc>Fails if ``string`` does not match ``pattern`` as a regular expression.</doc>
<status status="PASS" start="2024-03-27T23:12:59.974357" elapsed="0.000349"/>
</kw>
<kw name="Log" owner="BuiltIn">
<msg time="2024-03-27T23:12:59.975275" level="INFO">{'large': 'https://randomuser.me/api/portraits/women/74.jpg', 'medium': 'https://randomuser.me/api/portraits/med/women/74.jpg', 'thumbnail': 'https://randomuser.me/api/portraits/thumb/women/74.jpg'}</msg>
<arg>${json_data['results'][0]['picture']}</arg>
<doc>Logs the given message with the given level.</doc>
<status status="PASS" start="2024-03-27T23:12:59.974919" elapsed="0.000403"/>
</kw>
<status status="PASS" start="2024-03-27T23:12:59.904715" elapsed="0.070866"/>
</kw>
<kw name="Teste de Tipos de Dados - Postcode" owner="random-user-service">
<kw name="GET On Session" owner="RequestsLibrary">
<msg time="2024-03-27T23:13:00.070086" level="INFO">GET Request : url=https://randomuser.me/api 
 path_url=/api 
 headers={'User-Agent': 'python-requests/2.31.0', 'Accept-Encoding': 'gzip, deflate', 'Accept': '*/*', 'Connection': 'keep-alive'} 
 body=None 
 </msg>
<msg time="2024-03-27T23:13:00.070208" level="INFO">GET Response : url=https://randomuser.me/api 
 status=200, reason=OK 
 headers={'Date': 'Wed, 27 Mar 2024 23:13:00 GMT', 'Content-Type': 'application/json; charset=utf-8', 'Transfer-Encoding': 'chunked', 'Connection': 'keep-alive', 'X-Powered-By': 'Express', 'Access-Control-Allow-Origin': '*', 'Cache-Control': 'no-cache', 'ETag': 'W/"485-Tivm8xEZUPYRyjDfUvTgUefPriM"', 'Vary': 'Accept-Encoding', 'Content-Encoding': 'gzip', 'CF-Cache-Status': 'DYNAMIC', 'Report-To': '{"endpoints":[{"url":"https:\\/\\/a.nel.cloudflare.com\\/report\\/v4?s=Ud%2BkKfKs%2FXMn1iw9g%2BuipoBDV9xOe6FS4tATwrZGhEL1MnHzUCYAbsi8mCoFfNWQrRDv0zSPRRLIaLdzD%2BXcQOOULTxb2gqE8MGEN8vTEvmvEj%2FAYWqGnpuqc4XbQRUS"}],"group":"cf-nel","max_age":604800}', 'NEL': '{"success_fraction":0,"report_to":"cf-nel","max_age":604800}', 'Server': 'cloudflare', 'CF-RAY': '86b31186dfb761fe-ORD', 'alt-svc': 'h3=":443"; ma=86400'} 
 body={"results":[{"gender":"male","name":{"title":"Mr","first":"Norman","last":"Lawrence"},"location":{"street":{"number":8366,"name":"Bruce St"},"city":"Devonport","state":"New South Wales","country":"Australia","postcode":1222,"coordinates":{"latitude":"-85.6440","longitude":"-170.6866"},"timezone":{"offset":"-12:00","description":"Eniwetok, Kwajalein"}},"email":"norman.lawrence@example.com","login":{"uuid":"b80d0526-32b9-4bca-9fe7-9a654eb581ca","username":"tinyladybug637","password":"yyyyy","salt":"oiUKTVNg","md5":"d01963d6d83d6191b5b321285af60529","sha1":"2331a3377766418a580dab7bf354c50ecdbc1bde","sha256":"0c53b71b9d3441d0d8be5ea49be3c28341e6cb0af058d5d72c3bc59e8fe7fb7a"},"dob":{"date":"1982-04-22T21:37:43.421Z","age":41},"registered":{"date":"2009-11-15T01:57:40.996Z","age":14},"phone":"02-9735-1767","cell":"0453-129-154","id":{"name":"TFN","value":"289528489"},"picture":{"large":"https://randomuser.me/api/portraits/men/35.jpg","medium":"https://randomuser.me/api/portraits/med/men/35.jpg","thumbnail":"https://randomuser.me/api/portraits/thumb/men/35.jpg"},"nat":"AU"}],"info":{"seed":"dd39e64f453ceb7d","results":1,"page":1,"version":"1.4"}} 
 </msg>
<msg time="2024-03-27T23:13:00.070313" level="INFO">/opt/hostedtoolcache/Python/3.12.2/x64/lib/python3.12/site-packages/urllib3/connectionpool.py:1103: InsecureRequestWarning: Unverified HTTPS request is being made to host 'randomuser.me'. Adding certificate verification is strongly advised. See: https://urllib3.readthedocs.io/en/latest/advanced-usage.html#tls-warnings
  warnings.warn(</msg>
<msg time="2024-03-27T23:13:00.070448" level="INFO">${response} = &lt;Response [200]&gt;</msg>
<var>${response}</var>
<arg>consultarAPI</arg>
<arg>/api</arg>
<doc>Sends a GET request on a previously created HTTP Session.</doc>
<status status="PASS" start="2024-03-27T23:12:59.976208" elapsed="0.094281"/>
</kw>
<kw name="Set Variable" owner="BuiltIn">
<msg time="2024-03-27T23:13:00.071909" level="INFO">${json_data} = {'results': [{'gender': 'male', 'name': {'title': 'Mr', 'first': 'Norman', 'last': 'Lawrence'}, 'location': {'street': {'number': 8366, 'name': 'Bruce St'}, 'city': 'Devonport', 'state': 'New South Wa...</msg>
<var>${json_data}</var>
<arg>${response.json()}</arg>
<doc>Returns the given values which can then be assigned to a variables.</doc>
<status status="PASS" start="2024-03-27T23:13:00.071265" elapsed="0.000673"/>
</kw>
<kw name="Log" owner="BuiltIn">
<msg time="2024-03-27T23:13:00.072420" level="INFO">{'results': [{'gender': 'male', 'name': {'title': 'Mr', 'first': 'Norman', 'last': 'Lawrence'}, 'location': {'street': {'number': 8366, 'name': 'Bruce St'}, 'city': 'Devonport', 'state': 'New South Wales', 'country': 'Australia', 'postcode': 1222, 'coordinates': {'latitude': '-85.6440', 'longitude': '-170.6866'}, 'timezone': {'offset': '-12:00', 'description': 'Eniwetok, Kwajalein'}}, 'email': 'norman.lawrence@example.com', 'login': {'uuid': 'b80d0526-32b9-4bca-9fe7-9a654eb581ca', 'username': 'tinyladybug637', 'password': 'yyyyy', 'salt': 'oiUKTVNg', 'md5': 'd01963d6d83d6191b5b321285af60529', 'sha1': '2331a3377766418a580dab7bf354c50ecdbc1bde', 'sha256': '0c53b71b9d3441d0d8be5ea49be3c28341e6cb0af058d5d72c3bc59e8fe7fb7a'}, 'dob': {'date': '1982-04-22T21:37:43.421Z', 'age': 41}, 'registered': {'date': '2009-11-15T01:57:40.996Z', 'age': 14}, 'phone': '02-9735-1767', 'cell': '0453-129-154', 'id': {'name': 'TFN', 'value': '289528489'}, 'picture': {'large': 'https://randomuser.me/api/portraits/men/35.jpg', 'medium': 'https://randomuser.me/api/portraits/med/men/35.jpg', 'thumbnail': 'https://randomuser.me/api/portraits/thumb/men/35.jpg'}, 'nat': 'AU'}], 'info': {'seed': 'dd39e64f453ceb7d', 'results': 1, 'page': 1, 'version': '1.4'}}</msg>
<arg>${json_data}</arg>
<doc>Logs the given message with the given level.</doc>
<status status="PASS" start="2024-03-27T23:13:00.072260" elapsed="0.000246"/>
</kw>
<kw name="Should Be Equal As Numbers" owner="BuiltIn">
<arg>${json_data['results'][0]['location']['postcode']}</arg>
<arg>${json_data['results'][0]['location']['postcode']}</arg>
<doc>Fails if objects are unequal after converting them to real numbers.</doc>
<status status="PASS" start="2024-03-27T23:13:00.072813" elapsed="0.000641"/>
</kw>
<kw name="Log" owner="BuiltIn">
<msg time="2024-03-27T23:13:00.073994" level="INFO">1222</msg>
<arg>${json_data['results'][0]['location']['postcode']}</arg>
<doc>Logs the given message with the given level.</doc>
<status status="PASS" start="2024-03-27T23:13:00.073648" elapsed="0.000397"/>
</kw>
<status status="PASS" start="2024-03-27T23:12:59.975815" elapsed="0.098492"/>
</kw>
<doc>Testa se os tipos de dados na resposta da API estão corretos.</doc>
<tag>testeTiposDados</tag>
<status status="PASS" start="2024-03-27T23:12:59.904220" elapsed="0.170268"/>
</test>
<test id="s1-s1-t5" name="Validar conteudo" line="35">
<kw name="Teste de Tipos de Conteudo" owner="random-user-service">
<kw name="GET On Session" owner="RequestsLibrary">
<msg time="2024-03-27T23:13:00.180865" level="INFO">GET Request : url=https://randomuser.me/api 
 path_url=/api 
 headers={'User-Agent': 'python-requests/2.31.0', 'Accept-Encoding': 'gzip, deflate', 'Accept': '*/*', 'Connection': 'keep-alive'} 
 body=None 
 </msg>
<msg time="2024-03-27T23:13:00.180968" level="INFO">GET Response : url=https://randomuser.me/api 
 status=200, reason=OK 
 headers={'Date': 'Wed, 27 Mar 2024 23:13:00 GMT', 'Content-Type': 'application/json; charset=utf-8', 'Transfer-Encoding': 'chunked', 'Connection': 'keep-alive', 'X-Powered-By': 'Express', 'Access-Control-Allow-Origin': '*', 'Cache-Control': 'no-cache', 'ETag': 'W/"49d-x4pSe1vb4LUEUqtAKFMMwPBmdhk"', 'Vary': 'Accept-Encoding', 'Content-Encoding': 'gzip', 'CF-Cache-Status': 'DYNAMIC', 'Report-To': '{"endpoints":[{"url":"https:\\/\\/a.nel.cloudflare.com\\/report\\/v4?s=hPQ%2Bob6%2FLa4OYMZ6SeH32rCWYEfRg9truy2GRV5RKk8auKXmD8VsiDyC3STALLvS%2FqHpwo4%2BqOR1K54qQCJCK8SnBHsfx6zgS7WZB4%2Bn4lBtHweTkHYiZHc8UR4%2Bul6N"}],"group":"cf-nel","max_age":604800}', 'NEL': '{"success_fraction":0,"report_to":"cf-nel","max_age":604800}', 'Server': 'cloudflare', 'CF-RAY': '86b31187785a61fe-ORD', 'alt-svc': 'h3=":443"; ma=86400'} 
 body={"results":[{"gender":"female","name":{"title":"Miss","first":"Abigail","last":"Langen"},"location":{"street":{"number":8766,"name":"Birgitte Hammers vei"},"city":"Vikvågen","state":"Nordland","country":"Norway","postcode":"3214","coordinates":{"latitude":"46.6768","longitude":"138.2797"},"timezone":{"offset":"+5:00","description":"Ekaterinburg, Islamabad, Karachi, Tashkent"}},"email":"abigail.langen@example.com","login":{"uuid":"071ae1f7-4c8f-4429-9e93-d399ee128805","username":"bluesnake283","password":"master1","salt":"WF0rlK26","md5":"6819f743637c242826c13922d9fccf79","sha1":"20867a448ccc09138d7683fa713d11576b62c659","sha256":"4bf091fbb75cb6a67c72047759aad3b0e0199e37fa77edac369ad99494cc9ee3"},"dob":{"date":"1978-08-26T03:44:52.432Z","age":45},"registered":{"date":"2014-08-08T04:35:18.423Z","age":9},"phone":"81155037","cell":"44366933","id":{"name":"FN","value":"26087814016"},"picture":{"large":"https://randomuser.me/api/portraits/women/89.jpg","medium":"https://randomuser.me/api/portraits/med/women/89.jpg","thumbnail":"https://randomuser.me/api/portraits/thumb/women/89.jpg"},"nat":"NO"}],"info":{"seed":"3df88f4070de9b99","results":1,"page":1,"version":"1.4"}} 
 </msg>
<msg time="2024-03-27T23:13:00.181043" level="INFO">/opt/hostedtoolcache/Python/3.12.2/x64/lib/python3.12/site-packages/urllib3/connectionpool.py:1103: InsecureRequestWarning: Unverified HTTPS request is being made to host 'randomuser.me'. Adding certificate verification is strongly advised. See: https://urllib3.readthedocs.io/en/latest/advanced-usage.html#tls-warnings
  warnings.warn(</msg>
<msg time="2024-03-27T23:13:00.181167" level="INFO">${response} = &lt;Response [200]&gt;</msg>
<var>${response}</var>
<arg>consultarAPI</arg>
<arg>/api</arg>
<doc>Sends a GET request on a previously created HTTP Session.</doc>
<status status="PASS" start="2024-03-27T23:13:00.077064" elapsed="0.104141"/>
</kw>
<kw name="Set Variable" owner="BuiltIn">
<msg time="2024-03-27T23:13:00.182453" level="INFO">${json_data} = {'results': [{'gender': 'female', 'name': {'title': 'Miss', 'first': 'Abigail', 'last': 'Langen'}, 'location': {'street': {'number': 8766, 'name': 'Birgitte Hammers vei'}, 'city': 'Vikvågen', 'state':...</msg>
<var>${json_data}</var>
<arg>${response.json()}</arg>
<doc>Returns the given values which can then be assigned to a variables.</doc>
<status status="PASS" start="2024-03-27T23:13:00.181866" elapsed="0.000616"/>
</kw>
<kw name="Set Variable" owner="BuiltIn">
<msg time="2024-03-27T23:13:00.183216" level="INFO">${name_title} = Miss</msg>
<var>${name_title}</var>
<arg>${json_data["results"][0]["name"]["title"]}</arg>
<doc>Returns the given values which can then be assigned to a variables.</doc>
<status status="PASS" start="2024-03-27T23:13:00.182793" elapsed="0.000449"/>
</kw>
<kw name="Create List" owner="BuiltIn">
<msg time="2024-03-27T23:13:00.183692" level="INFO">${allowed_titles} = ['Mr', 'Ms', 'Miss', 'Mrs', 'Madame', 'Monsieur']</msg>
<var>${allowed_titles}</var>
<arg>Mr</arg>
<arg>Ms</arg>
<arg>Miss</arg>
<arg>Mrs</arg>
<arg>Madame</arg>
<arg>Monsieur</arg>
<doc>Returns a list containing given items.</doc>
<status status="PASS" start="2024-03-27T23:13:00.183545" elapsed="0.000173"/>
</kw>
<kw name="List Should Contain Value" owner="Collections">
<msg time="2024-03-27T23:13:00.184207" level="INFO">False</msg>
<arg>${allowed_titles}</arg>
<arg>${name_title}</arg>
<doc>Fails if the ``value`` is not found from ``list``.</doc>
<status status="PASS" start="2024-03-27T23:13:00.184023" elapsed="0.000221"/>
</kw>
<kw name="Set Variable" owner="BuiltIn">
<msg time="2024-03-27T23:13:00.184912" level="INFO">${name_country} = NO</msg>
<var>${name_country}</var>
<arg>${json_data["results"][0]["nat"]}</arg>
<doc>Returns the given values which can then be assigned to a variables.</doc>
<status status="PASS" start="2024-03-27T23:13:00.184533" elapsed="0.000405"/>
</kw>
<kw name="Create List" owner="BuiltIn">
<msg time="2024-03-27T23:13:00.185845" level="INFO">${list_country} = ['AD', 'AE', 'AF', 'AG', 'AI', 'AL', 'AM', 'AO', 'AQ', 'AR', 'AS', 'AT', 'AU', 'AW', 'AX', 'AZ', 'BA', 'BB', 'BD', 'BE', 'BF', 'BG', 'BH', 'BI', 'BJ', 'BL', 'BM', 'BN', 'BO', 'BQ', 'BR', 'BS', 'BT', '...</msg>
<var>${list_country}</var>
<arg>AD</arg>
<arg>AE</arg>
<arg>AF</arg>
<arg>AG</arg>
<arg>AI</arg>
<arg>AL</arg>
<arg>AM</arg>
<arg>AO</arg>
<arg>AQ</arg>
<arg>AR</arg>
<arg>AS</arg>
<arg>AT</arg>
<arg>AU</arg>
<arg>AW</arg>
<arg>AX</arg>
<arg>AZ</arg>
<arg>BA</arg>
<arg>BB</arg>
<arg>BD</arg>
<arg>BE</arg>
<arg>BF</arg>
<arg>BG</arg>
<arg>BH</arg>
<arg>BI</arg>
<arg>BJ</arg>
<arg>BL</arg>
<arg>BM</arg>
<arg>BN</arg>
<arg>BO</arg>
<arg>BQ</arg>
<arg>BR</arg>
<arg>BS</arg>
<arg>BT</arg>
<arg>BV</arg>
<arg>BW</arg>
<arg>BY</arg>
<arg>BZ</arg>
<arg>CA</arg>
<arg>CC</arg>
<arg>CD</arg>
<arg>CF</arg>
<arg>CG</arg>
<arg>CH</arg>
<arg>CI</arg>
<arg>CK</arg>
<arg>CL</arg>
<arg>CM</arg>
<arg>CN</arg>
<arg>CO</arg>
<arg>CR</arg>
<arg>CU</arg>
<arg>CV</arg>
<arg>CW</arg>
<arg>CX</arg>
<arg>CY</arg>
<arg>CZ</arg>
<arg>DE</arg>
<arg>DJ</arg>
<arg>DK</arg>
<arg>DM</arg>
<arg>DO</arg>
<arg>DZ</arg>
<arg>EC</arg>
<arg>EE</arg>
<arg>EG</arg>
<arg>EH</arg>
<arg>ER</arg>
<arg>ES</arg>
<arg>ET</arg>
<arg>FI</arg>
<arg>FJ</arg>
<arg>FK</arg>
<arg>FM</arg>
<arg>FO</arg>
<arg>FR</arg>
<arg>GA</arg>
<arg>GB</arg>
<arg>GD</arg>
<arg>GE</arg>
<arg>GF</arg>
<arg>GG</arg>
<arg>GH</arg>
<arg>GI</arg>
<arg>GL</arg>
<arg>GM</arg>
<arg>GN</arg>
<arg>GP</arg>
<arg>GQ</arg>
<arg>GR</arg>
<arg>GS</arg>
<arg>GT</arg>
<arg>GU</arg>
<arg>GW</arg>
<arg>GY</arg>
<arg>HK</arg>
<arg>HM</arg>
<arg>HN</arg>
<arg>HR</arg>
<arg>HT</arg>
<arg>HU</arg>
<arg>ID</arg>
<arg>IE</arg>
<arg>IL</arg>
<arg>IM</arg>
<arg>IN</arg>
<arg>IO</arg>
<arg>IQ</arg>
<arg>IR</arg>
<arg>IS</arg>
<arg>IT</arg>
<arg>JE</arg>
<arg>JM</arg>
<arg>JO</arg>
<arg>JP</arg>
<arg>KE</arg>
<arg>KG</arg>
<arg>KH</arg>
<arg>KI</arg>
<arg>KM</arg>
<arg>KN</arg>
<arg>KP</arg>
<arg>KR</arg>
<arg>KW</arg>
<arg>KY</arg>
<arg>KZ</arg>
<arg>LA</arg>
<arg>LB</arg>
<arg>LC</arg>
<arg>LI</arg>
<arg>LK</arg>
<arg>LR</arg>
<arg>LS</arg>
<arg>LT</arg>
<arg>LU</arg>
<arg>LV</arg>
<arg>LY</arg>
<arg>MA</arg>
<arg>MC</arg>
<arg>MD</arg>
<arg>ME</arg>
<arg>MF</arg>
<arg>MG</arg>
<arg>MH</arg>
<arg>MK</arg>
<arg>ML</arg>
<arg>MM</arg>
<arg>MN</arg>
<arg>MO</arg>
<arg>MP</arg>
<arg>MQ</arg>
<arg>MR</arg>
<arg>MS</arg>
<arg>MT</arg>
<arg>MU</arg>
<arg>MV</arg>
<arg>MW</arg>
<arg>MX</arg>
<arg>MY</arg>
<arg>MZ</arg>
<arg>NA</arg>
<arg>NC</arg>
<arg>NE</arg>
<arg>NF</arg>
<arg>NG</arg>
<arg>NI</arg>
<arg>NL</arg>
<arg>NO</arg>
<arg>NP</arg>
<arg>NR</arg>
<arg>NU</arg>
<arg>NZ</arg>
<arg>OM</arg>
<arg>PA</arg>
<arg>PE</arg>
<arg>PF</arg>
<arg>PG</arg>
<arg>PH</arg>
<arg>PK</arg>
<arg>PL</arg>
<arg>PM</arg>
<arg>PN</arg>
<arg>PR</arg>
<arg>PS</arg>
<arg>PT</arg>
<arg>PW</arg>
<arg>PY</arg>
<arg>QA</arg>
<arg>RE</arg>
<arg>RO</arg>
<arg>RS</arg>
<arg>RU</arg>
<arg>RW</arg>
<arg>SA</arg>
<arg>SB</arg>
<arg>SC</arg>
<arg>SD</arg>
<arg>SE</arg>
<arg>SG</arg>
<arg>SH</arg>
<arg>SI</arg>
<arg>SJ</arg>
<arg>SK</arg>
<arg>SL</arg>
<arg>SM</arg>
<arg>SN</arg>
<arg>SO</arg>
<arg>SR</arg>
<arg>SS</arg>
<arg>ST</arg>
<arg>SV</arg>
<arg>SX</arg>
<arg>SY</arg>
<arg>SZ</arg>
<arg>TC</arg>
<arg>TD</arg>
<arg>TF</arg>
<arg>TG</arg>
<arg>TH</arg>
<arg>TJ</arg>
<arg>TK</arg>
<arg>TL</arg>
<arg>TM</arg>
<arg>TN</arg>
<arg>TO</arg>
<arg>TR</arg>
<arg>TT</arg>
<arg>TV</arg>
<arg>TW</arg>
<arg>TZ</arg>
<arg>UA</arg>
<arg>UG</arg>
<arg>UM</arg>
<arg>US</arg>
<arg>UY</arg>
<arg>UZ</arg>
<arg>VA</arg>
<arg>VC</arg>
<arg>VE</arg>
<arg>VG</arg>
<arg>VI</arg>
<arg>VN</arg>
<arg>VU</arg>
<arg>WF</arg>
<arg>WS</arg>
<arg>XK</arg>
<arg>YE</arg>
<arg>YT</arg>
<arg>ZA</arg>
<arg>ZM</arg>
<arg>ZW</arg>
<doc>Returns a list containing given items.</doc>
<status status="PASS" start="2024-03-27T23:13:00.185244" elapsed="0.000626"/>
</kw>
<kw name="List Should Contain Value" owner="Collections">
<msg time="2024-03-27T23:13:00.187045" level="INFO">False</msg>
<arg>${list_country}</arg>
<arg>${name_country}</arg>
<doc>Fails if the ``value`` is not found from ``list``.</doc>
<status status="PASS" start="2024-03-27T23:13:00.186804" elapsed="0.000280"/>
</kw>
<kw name="Run Keyword If" owner="BuiltIn">
<kw name="Should Be True" owner="BuiltIn">
<arg>${True}</arg>
<doc>Fails if the given condition is not true.</doc>
<status status="PASS" start="2024-03-27T23:13:00.188165" elapsed="0.000146"/>
</kw>
<arg>${json_data["results"][0]["location"]["coordinates"]["latitude"]} &gt;= -90 and ${json_data["results"][0]["location"]["coordinates"]["latitude"]} &lt;= 90</arg>
<arg>Should Be True</arg>
<arg>${True}</arg>
<doc>Runs the given keyword with the given arguments, if ``condition`` is true.</doc>
<status status="PASS" start="2024-03-27T23:13:00.187400" elapsed="0.001040"/>
</kw>
<kw name="Run Keyword If" owner="BuiltIn">
<kw name="Should Be True" owner="BuiltIn">
<arg>${True}</arg>
<doc>Fails if the given condition is not true.</doc>
<status status="PASS" start="2024-03-27T23:13:00.189326" elapsed="0.000139"/>
</kw>
<arg>${json_data["results"][0]["location"]["coordinates"]["longitude"]} &gt;= -180 and ${json_data["results"][0]["location"]["coordinates"]["longitude"]} &lt;= 180</arg>
<arg>Should Be True</arg>
<arg>${True}</arg>
<doc>Runs the given keyword with the given arguments, if ``condition`` is true.</doc>
<status status="PASS" start="2024-03-27T23:13:00.188626" elapsed="0.000964"/>
</kw>
<status status="PASS" start="2024-03-27T23:13:00.076828" elapsed="0.112894"/>
</kw>
<doc>Testa o conteúdo específico dos campos retornados pela API.</doc>
<tag>testeConteudo</tag>
<status status="PASS" start="2024-03-27T23:13:00.076344" elapsed="0.113538"/>
</test>
<status status="PASS" start="2024-03-27T23:12:59.381144" elapsed="0.810738"/>
</suite>
<status status="PASS" start="2024-03-27T23:12:59.367171" elapsed="0.830134"/>
</suite>
<statistics>
<total>
<stat pass="5" fail="0" skip="0">All Tests</stat>
</total>
<tag>
<stat pass="1" fail="0" skip="0">testeConteudo</stat>
<stat pass="1" fail="0" skip="0">testeEstruturaResposta</stat>
<stat pass="1" fail="0" skip="0">testeRequisicaoBasica</stat>
<stat pass="1" fail="0" skip="0">testeTiposDados</stat>
</tag>
<suite>
<stat pass="5" fail="0" skip="0" id="s1" name="Tests">Tests</stat>
<stat pass="5" fail="0" skip="0" id="s1-s1" name="Random-User-Test">Tests.Random-User-Test</stat>
</suite>
</statistics>
<errors>
</errors>
</robot>
