<?xml version="1.0" encoding="UTF-8"?>
<robot generator="Robot 7.0.1 (Python 3.12.4 on linux)" generated="2024-07-01T13:18:46.088285" rpa="false" schemaversion="5">
<suite id="s1" name="Tests" source="/home/runner/work/ApiRandomUser/ApiRandomUser/RamdonUser/tests">
<suite id="s1-s1" name="Random-User-Test" source="/home/runner/work/ApiRandomUser/ApiRandomUser/RamdonUser/tests/random-user-test.robot">
<test id="s1-s1-t1" name="Conectar" line="13">
<kw name="Conectar API" owner="random-user-service">
<kw name="Create Session" owner="RequestsLibrary">
<msg time="2024-07-01T13:18:46.551177" level="INFO">Creating Session using : alias=consultarAPI, url=https://randomuser.me/, headers={},                     cookies={}, auth=None, timeout=None, proxies=None, verify=False,                     debug=0 </msg>
<arg>consultarAPI</arg>
<arg>${URL}</arg>
<doc>Create Session: create a HTTP session to a server</doc>
<status status="PASS" start="2024-07-01T13:18:46.550957" elapsed="0.000396"/>
</kw>
<status status="PASS" start="2024-07-01T13:18:46.550013" elapsed="0.001690"/>
</kw>
<status status="PASS" start="2024-07-01T13:18:46.549496" elapsed="0.002399"/>
</test>
<test id="s1-s1-t2" name="Validar retorno 200 e JSON Válido" line="16">
<kw name="Teste de Requisicao Basica" owner="random-user-service">
<kw name="GET On Session" owner="RequestsLibrary">
<msg time="2024-07-01T13:18:46.736455" level="INFO">GET Request : url=https://randomuser.me/api 
 path_url=/api 
 headers={'User-Agent': 'python-requests/2.32.3', 'Accept-Encoding': 'gzip, deflate', 'Accept': '*/*', 'Connection': 'keep-alive'} 
 body=None 
 </msg>
<msg time="2024-07-01T13:18:46.736588" level="INFO">GET Response : url=https://randomuser.me/api 
 status=200, reason=OK 
 headers={'Date': 'Mon, 01 Jul 2024 13:18:46 GMT', 'Content-Type': 'application/json; charset=utf-8', 'Transfer-Encoding': 'chunked', 'Connection': 'keep-alive', 'X-Powered-By': 'Express', 'Access-Control-Allow-Origin': '*', 'Cache-Control': 'no-cache', 'ETag': 'W/"4a1-4v8IY3vxSyrO7r4Bg4s9sZYuI3U"', 'Vary': 'Accept-Encoding', 'Content-Encoding': 'gzip', 'CF-Cache-Status': 'DYNAMIC', 'Report-To': '{"endpoints":[{"url":"https:\\/\\/a.nel.cloudflare.com\\/report\\/v4?s=BTsJdbbQy37SvywS7l21dEhk6F78S5a%2FIfA%2F5J8RcNalQG1jtYEcvcxC5wBZ8ywo39gs3mWMQFVYN%2BaexIDLgblmXnDCQP4S4IfdrurvW3MEze5jAbh7lG1TC%2B09FKSa"}],"group":"cf-nel","max_age":604800}', 'NEL': '{"success_fraction":0,"report_to":"cf-nel","max_age":604800}', 'Server': 'cloudflare', 'CF-RAY': '89c6af15cca429b5-IAD', 'alt-svc': 'h3=":443"; ma=86400'} 
 body={"results":[{"gender":"female","name":{"title":"Miss","first":"Oona","last":"Peltola"},"location":{"street":{"number":6049,"name":"Hämeentie"},"city":"Loppi","state":"Southern Ostrobothnia","country":"Finland","postcode":66519,"coordinates":{"latitude":"-27.3169","longitude":"48.4073"},"timezone":{"offset":"-3:00","description":"Brazil, Buenos Aires, Georgetown"}},"email":"oona.peltola@example.com","login":{"uuid":"bb15947c-a08d-4b34-ab8d-818dd9eb2d44","username":"ticklishleopard172","password":"lllll","salt":"aHZQmqzR","md5":"2f69c248dd73bb5cc8457ba75661a3c6","sha1":"fef89435441e77830c73a84c6f915aa447ba01b9","sha256":"0b6237f8fc8de4ed3f24cf2c774720549bc0ffa89a96d63497d8f6c0c13ffac0"},"dob":{"date":"1973-09-24T17:02:08.074Z","age":50},"registered":{"date":"2018-12-22T12:17:58.648Z","age":5},"phone":"06-871-832","cell":"041-063-60-58","id":{"name":"HETU","value":"NaNNA512undefined"},"picture":{"large":"https://randomuser.me/api/portraits/women/78.jpg","medium":"https://randomuser.me/api/portraits/med/women/78.jpg","thumbnail":"https://randomuser.me/api/portraits/thumb/women/78.jpg"},"nat":"FI"}],"info":{"seed":"6fbb18a08bfda466","results":1,"page":1,"version":"1.4"}} 
 </msg>
<msg time="2024-07-01T13:18:46.736671" level="INFO">/opt/hostedtoolcache/Python/3.12.4/x64/lib/python3.12/site-packages/urllib3/connectionpool.py:1099: InsecureRequestWarning: Unverified HTTPS request is being made to host 'randomuser.me'. Adding certificate verification is strongly advised. See: https://urllib3.readthedocs.io/en/latest/advanced-usage.html#tls-warnings
  warnings.warn(</msg>
<msg time="2024-07-01T13:18:46.736812" level="INFO">${response} = &lt;Response [200]&gt;</msg>
<var>${response}</var>
<arg>consultarAPI</arg>
<arg>/api</arg>
<doc>Sends a GET request on a previously created HTTP Session.</doc>
<status status="PASS" start="2024-07-01T13:18:46.554516" elapsed="0.182339"/>
</kw>
<kw name="Should Be Equal As Numbers" owner="BuiltIn">
<msg time="2024-07-01T13:18:46.737829" level="INFO">Argument types are:
&lt;class 'int'&gt;
&lt;class 'str'&gt;</msg>
<arg>${response.status_code}</arg>
<arg>200</arg>
<doc>Fails if objects are unequal after converting them to real numbers.</doc>
<status status="PASS" start="2024-07-01T13:18:46.737384" elapsed="0.000508"/>
</kw>
<kw name="Log" owner="BuiltIn">
<msg time="2024-07-01T13:18:46.738564" level="INFO">200</msg>
<arg>${response.status_code}</arg>
<doc>Logs the given message with the given level.</doc>
<status status="PASS" start="2024-07-01T13:18:46.738214" elapsed="0.000393"/>
</kw>
<kw name="Set Variable" owner="BuiltIn">
<msg time="2024-07-01T13:18:46.739383" level="INFO">${json_data} = {'results': [{'gender': 'female', 'name': {'title': 'Miss', 'first': 'Oona', 'last': 'Peltola'}, 'location': {'street': {'number': 6049, 'name': 'Hämeentie'}, 'city': 'Loppi', 'state': 'Southern Ostro...</msg>
<var>${json_data}</var>
<arg>${response.json()}</arg>
<doc>Returns the given values which can then be assigned to a variables.</doc>
<status status="PASS" start="2024-07-01T13:18:46.738912" elapsed="0.000501"/>
</kw>
<kw name="Dictionary Should Contain Key" owner="Collections">
<arg>${json_data}</arg>
<arg>results</arg>
<doc>Fails if ``key`` is not found from ``dictionary``.</doc>
<status status="PASS" start="2024-07-01T13:18:46.739714" elapsed="0.000170"/>
</kw>
<status status="PASS" start="2024-07-01T13:18:46.554273" elapsed="0.185761"/>
</kw>
<doc>Testa se a API responde corretamente e retorna um objeto JSON válido.</doc>
<tag>testeRequisicaoBasica</tag>
<status status="PASS" start="2024-07-01T13:18:46.553749" elapsed="0.186456"/>
</test>
<test id="s1-s1-t3" name="Validar estrutura de resposta" line="22">
<kw name="Teste de Estrutura de Resposta" owner="random-user-service">
<kw name="GET On Session" owner="RequestsLibrary">
<msg time="2024-07-01T13:18:46.855380" level="INFO">GET Request : url=https://randomuser.me/api 
 path_url=/api 
 headers={'User-Agent': 'python-requests/2.32.3', 'Accept-Encoding': 'gzip, deflate', 'Accept': '*/*', 'Connection': 'keep-alive'} 
 body=None 
 </msg>
<msg time="2024-07-01T13:18:46.855478" level="INFO">GET Response : url=https://randomuser.me/api 
 status=200, reason=OK 
 headers={'Date': 'Mon, 01 Jul 2024 13:18:46 GMT', 'Content-Type': 'application/json; charset=utf-8', 'Transfer-Encoding': 'chunked', 'Connection': 'keep-alive', 'X-Powered-By': 'Express', 'Access-Control-Allow-Origin': '*', 'Cache-Control': 'no-cache', 'ETag': 'W/"471-QhK55fqcRYO9IX4UpQ7y6KifPt4"', 'Vary': 'Accept-Encoding', 'Content-Encoding': 'gzip', 'CF-Cache-Status': 'DYNAMIC', 'Report-To': '{"endpoints":[{"url":"https:\\/\\/a.nel.cloudflare.com\\/report\\/v4?s=LCQisd8OFaRCbdIb3kmyGQRBPMeaOvM4XKqpp5XgsH9ZwvDx0dY2zWazz7%2BfwAl1pj9pFS3hsbxeppq1Q%2BkrYHahB%2BdjcyN4sE2iH9ox2LChmHQiubtOV9gTMJFUb5dR"}],"group":"cf-nel","max_age":604800}', 'NEL': '{"success_fraction":0,"report_to":"cf-nel","max_age":604800}', 'Server': 'cloudflare', 'CF-RAY': '89c6af162d1529b5-IAD', 'alt-svc': 'h3=":443"; ma=86400'} 
 body={"results":[{"gender":"female","name":{"title":"Ms","first":"Martha","last":"Jackson"},"location":{"street":{"number":4828,"name":"Park Road"},"city":"Naas","state":"Kerry","country":"Ireland","postcode":93797,"coordinates":{"latitude":"-3.0513","longitude":"21.5721"},"timezone":{"offset":"+9:30","description":"Adelaide, Darwin"}},"email":"martha.jackson@example.com","login":{"uuid":"b7be7aa6-ecbf-402e-b53b-55dfba463a5b","username":"sadgoose408","password":"came11","salt":"YS9dk4Du","md5":"6a36ee0f1ca2e1223e58e2a41d6ab08d","sha1":"37129545fb6ed446e26ab37bf85b6fadb89fb725","sha256":"8be13ed1e109da687264a5e14096c93cac507faa31400abb545e6d9138359340"},"dob":{"date":"1993-12-09T02:46:49.764Z","age":30},"registered":{"date":"2021-06-07T04:44:08.310Z","age":3},"phone":"051-241-6374","cell":"081-980-8366","id":{"name":"PPS","value":"4987261T"},"picture":{"large":"https://randomuser.me/api/portraits/women/67.jpg","medium":"https://randomuser.me/api/portraits/med/women/67.jpg","thumbnail":"https://randomuser.me/api/portraits/thumb/women/67.jpg"},"nat":"IE"}],"info":{"seed":"0f817338191e21cf","results":1,"page":1,"version":"1.4"}} 
 </msg>
<msg time="2024-07-01T13:18:46.855601" level="INFO">/opt/hostedtoolcache/Python/3.12.4/x64/lib/python3.12/site-packages/urllib3/connectionpool.py:1099: InsecureRequestWarning: Unverified HTTPS request is being made to host 'randomuser.me'. Adding certificate verification is strongly advised. See: https://urllib3.readthedocs.io/en/latest/advanced-usage.html#tls-warnings
  warnings.warn(</msg>
<msg time="2024-07-01T13:18:46.855719" level="INFO">${response} = &lt;Response [200]&gt;</msg>
<var>${response}</var>
<arg>consultarAPI</arg>
<arg>/api</arg>
<doc>Sends a GET request on a previously created HTTP Session.</doc>
<status status="PASS" start="2024-07-01T13:18:46.742897" elapsed="0.112865"/>
</kw>
<kw name="Set Variable" owner="BuiltIn">
<msg time="2024-07-01T13:18:46.856811" level="INFO">${json_data} = {'results': [{'gender': 'female', 'name': {'title': 'Ms', 'first': 'Martha', 'last': 'Jackson'}, 'location': {'street': {'number': 4828, 'name': 'Park Road'}, 'city': 'Naas', 'state': 'Kerry', 'countr...</msg>
<var>${json_data}</var>
<arg>${response.json()}</arg>
<doc>Returns the given values which can then be assigned to a variables.</doc>
<status status="PASS" start="2024-07-01T13:18:46.856310" elapsed="0.000528"/>
</kw>
<kw name="Log" owner="BuiltIn">
<msg time="2024-07-01T13:18:46.857302" level="INFO">{'results': [{'gender': 'female', 'name': {'title': 'Ms', 'first': 'Martha', 'last': 'Jackson'}, 'location': {'street': {'number': 4828, 'name': 'Park Road'}, 'city': 'Naas', 'state': 'Kerry', 'country': 'Ireland', 'postcode': 93797, 'coordinates': {'latitude': '-3.0513', 'longitude': '21.5721'}, 'timezone': {'offset': '+9:30', 'description': 'Adelaide, Darwin'}}, 'email': 'martha.jackson@example.com', 'login': {'uuid': 'b7be7aa6-ecbf-402e-b53b-55dfba463a5b', 'username': 'sadgoose408', 'password': 'came11', 'salt': 'YS9dk4Du', 'md5': '6a36ee0f1ca2e1223e58e2a41d6ab08d', 'sha1': '37129545fb6ed446e26ab37bf85b6fadb89fb725', 'sha256': '8be13ed1e109da687264a5e14096c93cac507faa31400abb545e6d9138359340'}, 'dob': {'date': '1993-12-09T02:46:49.764Z', 'age': 30}, 'registered': {'date': '2021-06-07T04:44:08.310Z', 'age': 3}, 'phone': '051-241-6374', 'cell': '081-980-8366', 'id': {'name': 'PPS', 'value': '4987261T'}, 'picture': {'large': 'https://randomuser.me/api/portraits/women/67.jpg', 'medium': 'https://randomuser.me/api/portraits/med/women/67.jpg', 'thumbnail': 'https://randomuser.me/api/portraits/thumb/women/67.jpg'}, 'nat': 'IE'}], 'info': {'seed': '0f817338191e21cf', 'results': 1, 'page': 1, 'version': '1.4'}}</msg>
<arg>${json_data}</arg>
<doc>Logs the given message with the given level.</doc>
<status status="PASS" start="2024-07-01T13:18:46.857145" elapsed="0.000204"/>
</kw>
<kw name="Dictionary Should Contain Key" owner="Collections">
<arg>${json_data}</arg>
<arg>results</arg>
<doc>Fails if ``key`` is not found from ``dictionary``.</doc>
<status status="PASS" start="2024-07-01T13:18:46.857634" elapsed="0.000161"/>
</kw>
<kw name="Should Not Be Empty" owner="BuiltIn">
<msg time="2024-07-01T13:18:46.858100" level="INFO">Length is 2.</msg>
<arg>${json_data}</arg>
<doc>Verifies that the given item is not empty.</doc>
<status status="PASS" start="2024-07-01T13:18:46.857974" elapsed="0.000164"/>
</kw>
<kw name="Create List" owner="BuiltIn">
<msg time="2024-07-01T13:18:46.858722" level="INFO">${expected_keys} = ['gender', 'name', 'location', 'email', 'login']</msg>
<var>${expected_keys}</var>
<arg>gender</arg>
<arg>name</arg>
<arg>location</arg>
<arg>email</arg>
<arg>login</arg>
<doc>Returns a list containing given items.</doc>
<status status="PASS" start="2024-07-01T13:18:46.858425" elapsed="0.000321"/>
</kw>
<for flavor="IN">
<iter>
<kw name="Dictionary Should Contain Key" owner="Collections">
<arg>${json_data['results'][0]}</arg>
<arg>${key}</arg>
<doc>Fails if ``key`` is not found from ``dictionary``.</doc>
<status status="PASS" start="2024-07-01T13:18:46.859364" elapsed="0.000400"/>
</kw>
<kw name="Log" owner="BuiltIn">
<msg time="2024-07-01T13:18:46.860304" level="INFO">{'gender': 'female', 'name': {'title': 'Ms', 'first': 'Martha', 'last': 'Jackson'}, 'location': {'street': {'number': 4828, 'name': 'Park Road'}, 'city': 'Naas', 'state': 'Kerry', 'country': 'Ireland', 'postcode': 93797, 'coordinates': {'latitude': '-3.0513', 'longitude': '21.5721'}, 'timezone': {'offset': '+9:30', 'description': 'Adelaide, Darwin'}}, 'email': 'martha.jackson@example.com', 'login': {'uuid': 'b7be7aa6-ecbf-402e-b53b-55dfba463a5b', 'username': 'sadgoose408', 'password': 'came11', 'salt': 'YS9dk4Du', 'md5': '6a36ee0f1ca2e1223e58e2a41d6ab08d', 'sha1': '37129545fb6ed446e26ab37bf85b6fadb89fb725', 'sha256': '8be13ed1e109da687264a5e14096c93cac507faa31400abb545e6d9138359340'}, 'dob': {'date': '1993-12-09T02:46:49.764Z', 'age': 30}, 'registered': {'date': '2021-06-07T04:44:08.310Z', 'age': 3}, 'phone': '051-241-6374', 'cell': '081-980-8366', 'id': {'name': 'PPS', 'value': '4987261T'}, 'picture': {'large': 'https://randomuser.me/api/portraits/women/67.jpg', 'medium': 'https://randomuser.me/api/portraits/med/women/67.jpg', 'thumbnail': 'https://randomuser.me/api/portraits/thumb/women/67.jpg'}, 'nat': 'IE'}</msg>
<arg>${json_data['results'][0]}</arg>
<doc>Logs the given message with the given level.</doc>
<status status="PASS" start="2024-07-01T13:18:46.859947" elapsed="0.000403"/>
</kw>
<kw name="Log" owner="BuiltIn">
<msg time="2024-07-01T13:18:46.860774" level="INFO">gender</msg>
<arg>${key}</arg>
<doc>Logs the given message with the given level.</doc>
<status status="PASS" start="2024-07-01T13:18:46.860647" elapsed="0.000164"/>
</kw>
<var name="${key}">gender</var>
<status status="PASS" start="2024-07-01T13:18:46.859229" elapsed="0.001796"/>
</iter>
<iter>
<kw name="Dictionary Should Contain Key" owner="Collections">
<arg>${json_data['results'][0]}</arg>
<arg>${key}</arg>
<doc>Fails if ``key`` is not found from ``dictionary``.</doc>
<status status="PASS" start="2024-07-01T13:18:46.861328" elapsed="0.000386"/>
</kw>
<kw name="Log" owner="BuiltIn">
<msg time="2024-07-01T13:18:46.862249" level="INFO">{'gender': 'female', 'name': {'title': 'Ms', 'first': 'Martha', 'last': 'Jackson'}, 'location': {'street': {'number': 4828, 'name': 'Park Road'}, 'city': 'Naas', 'state': 'Kerry', 'country': 'Ireland', 'postcode': 93797, 'coordinates': {'latitude': '-3.0513', 'longitude': '21.5721'}, 'timezone': {'offset': '+9:30', 'description': 'Adelaide, Darwin'}}, 'email': 'martha.jackson@example.com', 'login': {'uuid': 'b7be7aa6-ecbf-402e-b53b-55dfba463a5b', 'username': 'sadgoose408', 'password': 'came11', 'salt': 'YS9dk4Du', 'md5': '6a36ee0f1ca2e1223e58e2a41d6ab08d', 'sha1': '37129545fb6ed446e26ab37bf85b6fadb89fb725', 'sha256': '8be13ed1e109da687264a5e14096c93cac507faa31400abb545e6d9138359340'}, 'dob': {'date': '1993-12-09T02:46:49.764Z', 'age': 30}, 'registered': {'date': '2021-06-07T04:44:08.310Z', 'age': 3}, 'phone': '051-241-6374', 'cell': '081-980-8366', 'id': {'name': 'PPS', 'value': '4987261T'}, 'picture': {'large': 'https://randomuser.me/api/portraits/women/67.jpg', 'medium': 'https://randomuser.me/api/portraits/med/women/67.jpg', 'thumbnail': 'https://randomuser.me/api/portraits/thumb/women/67.jpg'}, 'nat': 'IE'}</msg>
<arg>${json_data['results'][0]}</arg>
<doc>Logs the given message with the given level.</doc>
<status status="PASS" start="2024-07-01T13:18:46.861895" elapsed="0.000431"/>
</kw>
<kw name="Log" owner="BuiltIn">
<msg time="2024-07-01T13:18:46.862750" level="INFO">name</msg>
<arg>${key}</arg>
<doc>Logs the given message with the given level.</doc>
<status status="PASS" start="2024-07-01T13:18:46.862622" elapsed="0.000164"/>
</kw>
<var name="${key}">name</var>
<status status="PASS" start="2024-07-01T13:18:46.861216" elapsed="0.001787"/>
</iter>
<iter>
<kw name="Dictionary Should Contain Key" owner="Collections">
<arg>${json_data['results'][0]}</arg>
<arg>${key}</arg>
<doc>Fails if ``key`` is not found from ``dictionary``.</doc>
<status status="PASS" start="2024-07-01T13:18:46.863318" elapsed="0.000375"/>
</kw>
<kw name="Log" owner="BuiltIn">
<msg time="2024-07-01T13:18:46.864218" level="INFO">{'gender': 'female', 'name': {'title': 'Ms', 'first': 'Martha', 'last': 'Jackson'}, 'location': {'street': {'number': 4828, 'name': 'Park Road'}, 'city': 'Naas', 'state': 'Kerry', 'country': 'Ireland', 'postcode': 93797, 'coordinates': {'latitude': '-3.0513', 'longitude': '21.5721'}, 'timezone': {'offset': '+9:30', 'description': 'Adelaide, Darwin'}}, 'email': 'martha.jackson@example.com', 'login': {'uuid': 'b7be7aa6-ecbf-402e-b53b-55dfba463a5b', 'username': 'sadgoose408', 'password': 'came11', 'salt': 'YS9dk4Du', 'md5': '6a36ee0f1ca2e1223e58e2a41d6ab08d', 'sha1': '37129545fb6ed446e26ab37bf85b6fadb89fb725', 'sha256': '8be13ed1e109da687264a5e14096c93cac507faa31400abb545e6d9138359340'}, 'dob': {'date': '1993-12-09T02:46:49.764Z', 'age': 30}, 'registered': {'date': '2021-06-07T04:44:08.310Z', 'age': 3}, 'phone': '051-241-6374', 'cell': '081-980-8366', 'id': {'name': 'PPS', 'value': '4987261T'}, 'picture': {'large': 'https://randomuser.me/api/portraits/women/67.jpg', 'medium': 'https://randomuser.me/api/portraits/med/women/67.jpg', 'thumbnail': 'https://randomuser.me/api/portraits/thumb/women/67.jpg'}, 'nat': 'IE'}</msg>
<arg>${json_data['results'][0]}</arg>
<doc>Logs the given message with the given level.</doc>
<status status="PASS" start="2024-07-01T13:18:46.863873" elapsed="0.000390"/>
</kw>
<kw name="Log" owner="BuiltIn">
<msg time="2024-07-01T13:18:46.864683" level="INFO">location</msg>
<arg>${key}</arg>
<doc>Logs the given message with the given level.</doc>
<status status="PASS" start="2024-07-01T13:18:46.864556" elapsed="0.000163"/>
</kw>
<var name="${key}">location</var>
<status status="PASS" start="2024-07-01T13:18:46.863200" elapsed="0.001735"/>
</iter>
<iter>
<kw name="Dictionary Should Contain Key" owner="Collections">
<arg>${json_data['results'][0]}</arg>
<arg>${key}</arg>
<doc>Fails if ``key`` is not found from ``dictionary``.</doc>
<status status="PASS" start="2024-07-01T13:18:46.865216" elapsed="0.000382"/>
</kw>
<kw name="Log" owner="BuiltIn">
<msg time="2024-07-01T13:18:46.866126" level="INFO">{'gender': 'female', 'name': {'title': 'Ms', 'first': 'Martha', 'last': 'Jackson'}, 'location': {'street': {'number': 4828, 'name': 'Park Road'}, 'city': 'Naas', 'state': 'Kerry', 'country': 'Ireland', 'postcode': 93797, 'coordinates': {'latitude': '-3.0513', 'longitude': '21.5721'}, 'timezone': {'offset': '+9:30', 'description': 'Adelaide, Darwin'}}, 'email': 'martha.jackson@example.com', 'login': {'uuid': 'b7be7aa6-ecbf-402e-b53b-55dfba463a5b', 'username': 'sadgoose408', 'password': 'came11', 'salt': 'YS9dk4Du', 'md5': '6a36ee0f1ca2e1223e58e2a41d6ab08d', 'sha1': '37129545fb6ed446e26ab37bf85b6fadb89fb725', 'sha256': '8be13ed1e109da687264a5e14096c93cac507faa31400abb545e6d9138359340'}, 'dob': {'date': '1993-12-09T02:46:49.764Z', 'age': 30}, 'registered': {'date': '2021-06-07T04:44:08.310Z', 'age': 3}, 'phone': '051-241-6374', 'cell': '081-980-8366', 'id': {'name': 'PPS', 'value': '4987261T'}, 'picture': {'large': 'https://randomuser.me/api/portraits/women/67.jpg', 'medium': 'https://randomuser.me/api/portraits/med/women/67.jpg', 'thumbnail': 'https://randomuser.me/api/portraits/thumb/women/67.jpg'}, 'nat': 'IE'}</msg>
<arg>${json_data['results'][0]}</arg>
<doc>Logs the given message with the given level.</doc>
<status status="PASS" start="2024-07-01T13:18:46.865780" elapsed="0.000392"/>
</kw>
<kw name="Log" owner="BuiltIn">
<msg time="2024-07-01T13:18:46.866676" level="INFO">email</msg>
<arg>${key}</arg>
<doc>Logs the given message with the given level.</doc>
<status status="PASS" start="2024-07-01T13:18:46.866515" elapsed="0.000201"/>
</kw>
<var name="${key}">email</var>
<status status="PASS" start="2024-07-01T13:18:46.865110" elapsed="0.001827"/>
</iter>
<iter>
<kw name="Dictionary Should Contain Key" owner="Collections">
<arg>${json_data['results'][0]}</arg>
<arg>${key}</arg>
<doc>Fails if ``key`` is not found from ``dictionary``.</doc>
<status status="PASS" start="2024-07-01T13:18:46.867250" elapsed="0.000397"/>
</kw>
<kw name="Log" owner="BuiltIn">
<msg time="2024-07-01T13:18:46.868180" level="INFO">{'gender': 'female', 'name': {'title': 'Ms', 'first': 'Martha', 'last': 'Jackson'}, 'location': {'street': {'number': 4828, 'name': 'Park Road'}, 'city': 'Naas', 'state': 'Kerry', 'country': 'Ireland', 'postcode': 93797, 'coordinates': {'latitude': '-3.0513', 'longitude': '21.5721'}, 'timezone': {'offset': '+9:30', 'description': 'Adelaide, Darwin'}}, 'email': 'martha.jackson@example.com', 'login': {'uuid': 'b7be7aa6-ecbf-402e-b53b-55dfba463a5b', 'username': 'sadgoose408', 'password': 'came11', 'salt': 'YS9dk4Du', 'md5': '6a36ee0f1ca2e1223e58e2a41d6ab08d', 'sha1': '37129545fb6ed446e26ab37bf85b6fadb89fb725', 'sha256': '8be13ed1e109da687264a5e14096c93cac507faa31400abb545e6d9138359340'}, 'dob': {'date': '1993-12-09T02:46:49.764Z', 'age': 30}, 'registered': {'date': '2021-06-07T04:44:08.310Z', 'age': 3}, 'phone': '051-241-6374', 'cell': '081-980-8366', 'id': {'name': 'PPS', 'value': '4987261T'}, 'picture': {'large': 'https://randomuser.me/api/portraits/women/67.jpg', 'medium': 'https://randomuser.me/api/portraits/med/women/67.jpg', 'thumbnail': 'https://randomuser.me/api/portraits/thumb/women/67.jpg'}, 'nat': 'IE'}</msg>
<arg>${json_data['results'][0]}</arg>
<doc>Logs the given message with the given level.</doc>
<status status="PASS" start="2024-07-01T13:18:46.867828" elapsed="0.000399"/>
</kw>
<kw name="Log" owner="BuiltIn">
<msg time="2024-07-01T13:18:46.868656" level="INFO">login</msg>
<arg>${key}</arg>
<doc>Logs the given message with the given level.</doc>
<status status="PASS" start="2024-07-01T13:18:46.868518" elapsed="0.000175"/>
</kw>
<var name="${key}">login</var>
<status status="PASS" start="2024-07-01T13:18:46.867110" elapsed="0.001798"/>
</iter>
<var>${key}</var>
<value>@{expected_keys}</value>
<status status="PASS" start="2024-07-01T13:18:46.859009" elapsed="0.010020"/>
</for>
<kw name="Create List" owner="BuiltIn">
<msg time="2024-07-01T13:18:46.869358" level="INFO">${expected_keysTwo} = ['username', 'password']</msg>
<var>${expected_keysTwo}</var>
<arg>username</arg>
<arg>password</arg>
<doc>Returns a list containing given items.</doc>
<status status="PASS" start="2024-07-01T13:18:46.869220" elapsed="0.000163"/>
</kw>
<for flavor="IN">
<iter>
<kw name="Dictionary Should Contain Key" owner="Collections">
<arg>${json_data['results'][0]['login']}</arg>
<arg>${keyTwo}</arg>
<doc>Fails if ``key`` is not found from ``dictionary``.</doc>
<status status="PASS" start="2024-07-01T13:18:46.869912" elapsed="0.000380"/>
</kw>
<kw name="Dictionary Should Contain Key" owner="Collections">
<arg>${json_data['results'][0]['login']}</arg>
<arg>${keyTwo}</arg>
<doc>Fails if ``key`` is not found from ``dictionary``.</doc>
<status status="PASS" start="2024-07-01T13:18:46.870477" elapsed="0.000382"/>
</kw>
<kw name="Log" owner="BuiltIn">
<msg time="2024-07-01T13:18:46.871206" level="INFO">username</msg>
<arg>${keyTwo}</arg>
<doc>Logs the given message with the given level.</doc>
<status status="PASS" start="2024-07-01T13:18:46.871049" elapsed="0.000207"/>
</kw>
<var name="${keyTwo}">username</var>
<status status="PASS" start="2024-07-01T13:18:46.869805" elapsed="0.001683"/>
</iter>
<iter>
<kw name="Dictionary Should Contain Key" owner="Collections">
<arg>${json_data['results'][0]['login']}</arg>
<arg>${keyTwo}</arg>
<doc>Fails if ``key`` is not found from ``dictionary``.</doc>
<status status="PASS" start="2024-07-01T13:18:46.871772" elapsed="0.000384"/>
</kw>
<kw name="Dictionary Should Contain Key" owner="Collections">
<arg>${json_data['results'][0]['login']}</arg>
<arg>${keyTwo}</arg>
<doc>Fails if ``key`` is not found from ``dictionary``.</doc>
<status status="PASS" start="2024-07-01T13:18:46.872334" elapsed="0.000366"/>
</kw>
<kw name="Log" owner="BuiltIn">
<msg time="2024-07-01T13:18:46.872992" level="INFO">password</msg>
<arg>${keyTwo}</arg>
<doc>Logs the given message with the given level.</doc>
<status status="PASS" start="2024-07-01T13:18:46.872875" elapsed="0.000169"/>
</kw>
<var name="${keyTwo}">password</var>
<status status="PASS" start="2024-07-01T13:18:46.871664" elapsed="0.001693"/>
</iter>
<var>${keyTwo}</var>
<value>@{expected_keysTwo}</value>
<status status="PASS" start="2024-07-01T13:18:46.869642" elapsed="0.003836"/>
</for>
<status status="PASS" start="2024-07-01T13:18:46.742668" elapsed="0.130954"/>
</kw>
<doc>Testa a estrutura da resposta da API.</doc>
<tag>testeEstruturaResposta</tag>
<status status="PASS" start="2024-07-01T13:18:46.742073" elapsed="0.131706"/>
</test>
<test id="s1-s1-t4" name="Validar tipos de dados" line="28">
<kw name="Teste de Tipos de Dados" owner="random-user-service">
<kw name="GET On Session" owner="RequestsLibrary">
<msg time="2024-07-01T13:18:46.956507" level="INFO">GET Request : url=https://randomuser.me/api 
 path_url=/api 
 headers={'User-Agent': 'python-requests/2.32.3', 'Accept-Encoding': 'gzip, deflate', 'Accept': '*/*', 'Connection': 'keep-alive'} 
 body=None 
 </msg>
<msg time="2024-07-01T13:18:46.956591" level="INFO">GET Response : url=https://randomuser.me/api 
 status=200, reason=OK 
 headers={'Date': 'Mon, 01 Jul 2024 13:18:46 GMT', 'Content-Type': 'application/json; charset=utf-8', 'Transfer-Encoding': 'chunked', 'Connection': 'keep-alive', 'X-Powered-By': 'Express', 'Access-Control-Allow-Origin': '*', 'Cache-Control': 'no-cache', 'ETag': 'W/"489-1i1bhJccN8KHhDWGZwESeMkOiyY"', 'Vary': 'Accept-Encoding', 'Content-Encoding': 'gzip', 'CF-Cache-Status': 'DYNAMIC', 'Report-To': '{"endpoints":[{"url":"https:\\/\\/a.nel.cloudflare.com\\/report\\/v4?s=m9%2FzOpjjDhvq1zfNvCH5AmeFLfVYGPg%2FntEvf1nqKeuURNsQKgrMn8M0uFI%2FNr20agDJuDcoIwkYkJPoIR5CpCXsBgugsGzKOqP4W%2F0CQ6HKdkT%2BIiwEaGaV%2BYPdwJFP"}],"group":"cf-nel","max_age":604800}', 'NEL': '{"success_fraction":0,"report_to":"cf-nel","max_age":604800}', 'Server': 'cloudflare', 'CF-RAY': '89c6af16fe1929b5-IAD', 'alt-svc': 'h3=":443"; ma=86400'} 
 body={"results":[{"gender":"male","name":{"title":"Mr","first":"Aldo","last":"Orta"},"location":{"street":{"number":2022,"name":"Continuación Sur Peralta"},"city":"Tzicatlán","state":"Queretaro","country":"Mexico","postcode":12711,"coordinates":{"latitude":"25.5918","longitude":"-170.9336"},"timezone":{"offset":"+9:30","description":"Adelaide, Darwin"}},"email":"aldo.orta@example.com","login":{"uuid":"0ae37ea0-4cc3-455e-8f33-1c444df1eb5d","username":"brownduck185","password":"whiteout","salt":"rVUmuv6c","md5":"188e6b7250ec3e19e2549c54052c1efb","sha1":"50c7a429072ae344029f956fdd7aa0c5bb7f254f","sha256":"be3e6d12ccbeee767179844195d5908357e66a0d5d7ce6df2f616fbe3956969d"},"dob":{"date":"1987-07-17T09:08:54.389Z","age":36},"registered":{"date":"2007-08-13T11:58:42.376Z","age":16},"phone":"(628) 919 6381","cell":"(653) 095 6484","id":{"name":"NSS","value":"12 45 79 6899 7"},"picture":{"large":"https://randomuser.me/api/portraits/men/25.jpg","medium":"https://randomuser.me/api/portraits/med/men/25.jpg","thumbnail":"https://randomuser.me/api/portraits/thumb/men/25.jpg"},"nat":"MX"}],"info":{"seed":"f25b36080e0e19e2","results":1,"page":1,"version":"1.4"}} 
 </msg>
<msg time="2024-07-01T13:18:46.956657" level="INFO">/opt/hostedtoolcache/Python/3.12.4/x64/lib/python3.12/site-packages/urllib3/connectionpool.py:1099: InsecureRequestWarning: Unverified HTTPS request is being made to host 'randomuser.me'. Adding certificate verification is strongly advised. See: https://urllib3.readthedocs.io/en/latest/advanced-usage.html#tls-warnings
  warnings.warn(</msg>
<msg time="2024-07-01T13:18:46.956761" level="INFO">${response} = &lt;Response [200]&gt;</msg>
<var>${response}</var>
<arg>consultarAPI</arg>
<arg>/api</arg>
<doc>Sends a GET request on a previously created HTTP Session.</doc>
<status status="PASS" start="2024-07-01T13:18:46.876251" elapsed="0.080548"/>
</kw>
<kw name="Set Variable" owner="BuiltIn">
<msg time="2024-07-01T13:18:46.957818" level="INFO">${json_data} = {'results': [{'gender': 'male', 'name': {'title': 'Mr', 'first': 'Aldo', 'last': 'Orta'}, 'location': {'street': {'number': 2022, 'name': 'Continuación Sur Peralta'}, 'city': 'Tzicatlán', 'state': 'Qu...</msg>
<var>${json_data}</var>
<arg>${response.json()}</arg>
<doc>Returns the given values which can then be assigned to a variables.</doc>
<status status="PASS" start="2024-07-01T13:18:46.957317" elapsed="0.000531"/>
</kw>
<kw name="Log" owner="BuiltIn">
<msg time="2024-07-01T13:18:46.958334" level="INFO">{'results': [{'gender': 'male', 'name': {'title': 'Mr', 'first': 'Aldo', 'last': 'Orta'}, 'location': {'street': {'number': 2022, 'name': 'Continuación Sur Peralta'}, 'city': 'Tzicatlán', 'state': 'Queretaro', 'country': 'Mexico', 'postcode': 12711, 'coordinates': {'latitude': '25.5918', 'longitude': '-170.9336'}, 'timezone': {'offset': '+9:30', 'description': 'Adelaide, Darwin'}}, 'email': 'aldo.orta@example.com', 'login': {'uuid': '0ae37ea0-4cc3-455e-8f33-1c444df1eb5d', 'username': 'brownduck185', 'password': 'whiteout', 'salt': 'rVUmuv6c', 'md5': '188e6b7250ec3e19e2549c54052c1efb', 'sha1': '50c7a429072ae344029f956fdd7aa0c5bb7f254f', 'sha256': 'be3e6d12ccbeee767179844195d5908357e66a0d5d7ce6df2f616fbe3956969d'}, 'dob': {'date': '1987-07-17T09:08:54.389Z', 'age': 36}, 'registered': {'date': '2007-08-13T11:58:42.376Z', 'age': 16}, 'phone': '(628) 919 6381', 'cell': '(653) 095 6484', 'id': {'name': 'NSS', 'value': '12 45 79 6899 7'}, 'picture': {'large': 'https://randomuser.me/api/portraits/men/25.jpg', 'medium': 'https://randomuser.me/api/portraits/med/men/25.jpg', 'thumbnail': 'https://randomuser.me/api/portraits/thumb/men/25.jpg'}, 'nat': 'MX'}], 'info': {'seed': 'f25b36080e0e19e2', 'results': 1, 'page': 1, 'version': '1.4'}}</msg>
<arg>${json_data}</arg>
<doc>Logs the given message with the given level.</doc>
<status status="PASS" start="2024-07-01T13:18:46.958168" elapsed="0.000217"/>
</kw>
<kw name="Should Be String" owner="String">
<arg>${json_data['results'][0]['gender']}</arg>
<doc>Fails if the given ``item`` is not a string.</doc>
<status status="PASS" start="2024-07-01T13:18:46.958688" elapsed="0.000366"/>
</kw>
<kw name="Should Match Regexp" owner="BuiltIn">
<arg>${json_data['results'][0]['email']}</arg>
<arg>^[a-zA-Z0-9._%+-]+@[a-zA-Z0-9.-]+\.[a-zA-Z]{2,}$</arg>
<doc>Fails if ``string`` does not match ``pattern`` as a regular expression.</doc>
<status status="PASS" start="2024-07-01T13:18:46.959285" elapsed="0.000519"/>
</kw>
<kw name="Should Match Regexp" owner="BuiltIn">
<arg>${json_data['results'][0]['dob']['date']}</arg>
<arg>\\d{4}-\\d{2}-\\d{2}T\\d{2}:\\d{2}:\\d{2}\\.\\d{3}Z</arg>
<doc>Fails if ``string`` does not match ``pattern`` as a regular expression.</doc>
<status status="PASS" start="2024-07-01T13:18:46.960037" elapsed="0.000491"/>
</kw>
<kw name="Should Match Regexp" owner="BuiltIn">
<arg>${json_data['results'][0]['registered']['date']}</arg>
<arg>\\d{4}-\\d{2}-\\d{2}T\\d{2}:\\d{2}:\\d{2}\\.\\d{3}Z</arg>
<doc>Fails if ``string`` does not match ``pattern`` as a regular expression.</doc>
<status status="PASS" start="2024-07-01T13:18:46.960718" elapsed="0.000375"/>
</kw>
<kw name="Should Match Regexp" owner="BuiltIn">
<arg>${json_data['results'][0]['picture']['large']}</arg>
<arg>^https?://.*\.(?:png|jpe?g|gif|bmp)$</arg>
<doc>Fails if ``string`` does not match ``pattern`` as a regular expression.</doc>
<status status="PASS" start="2024-07-01T13:18:46.961277" elapsed="0.000454"/>
</kw>
<kw name="Should Match Regexp" owner="BuiltIn">
<arg>${json_data['results'][0]['picture']['medium']}</arg>
<arg>^https?://.*\.(?:png|jpe?g|gif|bmp)$</arg>
<doc>Fails if ``string`` does not match ``pattern`` as a regular expression.</doc>
<status status="PASS" start="2024-07-01T13:18:46.961913" elapsed="0.000350"/>
</kw>
<kw name="Should Match Regexp" owner="BuiltIn">
<arg>${json_data['results'][0]['picture']['thumbnail']}</arg>
<arg>^https?://.*\.(?:png|jpe?g|gif|bmp)$</arg>
<doc>Fails if ``string`` does not match ``pattern`` as a regular expression.</doc>
<status status="PASS" start="2024-07-01T13:18:46.962455" elapsed="0.000365"/>
</kw>
<kw name="Log" owner="BuiltIn">
<msg time="2024-07-01T13:18:46.963371" level="INFO">{'large': 'https://randomuser.me/api/portraits/men/25.jpg', 'medium': 'https://randomuser.me/api/portraits/med/men/25.jpg', 'thumbnail': 'https://randomuser.me/api/portraits/thumb/men/25.jpg'}</msg>
<arg>${json_data['results'][0]['picture']}</arg>
<doc>Logs the given message with the given level.</doc>
<status status="PASS" start="2024-07-01T13:18:46.963000" elapsed="0.000414"/>
</kw>
<status status="PASS" start="2024-07-01T13:18:46.876028" elapsed="0.087659"/>
</kw>
<kw name="Teste de Tipos de Dados - Postcode" owner="random-user-service">
<kw name="GET On Session" owner="RequestsLibrary">
<msg time="2024-07-01T13:18:47.046924" level="INFO">GET Request : url=https://randomuser.me/api 
 path_url=/api 
 headers={'User-Agent': 'python-requests/2.32.3', 'Accept-Encoding': 'gzip, deflate', 'Accept': '*/*', 'Connection': 'keep-alive'} 
 body=None 
 </msg>
<msg time="2024-07-01T13:18:47.047026" level="INFO">GET Response : url=https://randomuser.me/api 
 status=200, reason=OK 
 headers={'Date': 'Mon, 01 Jul 2024 13:18:47 GMT', 'Content-Type': 'application/json; charset=utf-8', 'Transfer-Encoding': 'chunked', 'Connection': 'keep-alive', 'X-Powered-By': 'Express', 'Access-Control-Allow-Origin': '*', 'Cache-Control': 'no-cache', 'ETag': 'W/"486-tIQ1GoiJyVolNa6mDhjSaRT+3DE"', 'Vary': 'Accept-Encoding', 'Content-Encoding': 'gzip', 'CF-Cache-Status': 'DYNAMIC', 'Report-To': '{"endpoints":[{"url":"https:\\/\\/a.nel.cloudflare.com\\/report\\/v4?s=hWiWx%2FpV5R6KmHTF22efHGy8swoQTDT%2B4z9cBVt1xU6NbV7FC%2FncN9FyjOJfBz8atKvB55Fj53SkkKcTZdQVpqqdv%2BEi62yR6FBzc%2BEvTHBFAqMhlV0oNeB4C08HrSil"}],"group":"cf-nel","max_age":604800}', 'NEL': '{"success_fraction":0,"report_to":"cf-nel","max_age":604800}', 'Server': 'cloudflare', 'CF-RAY': '89c6af178ec829b5-IAD', 'alt-svc': 'h3=":443"; ma=86400'} 
 body={"results":[{"gender":"female","name":{"title":"Mrs","first":"Noélie","last":"Boyer"},"location":{"street":{"number":5668,"name":"Rue du Château"},"city":"Saint-Étienne","state":"Landes","country":"France","postcode":51711,"coordinates":{"latitude":"-17.4656","longitude":"0.1661"},"timezone":{"offset":"-10:00","description":"Hawaii"}},"email":"noelie.boyer@example.com","login":{"uuid":"d1719cd8-7e83-4afd-b6fe-e662a5a47853","username":"whitewolf456","password":"webber","salt":"6GoQ0Zlx","md5":"489d6cfd2b68162febe29a5658f73e8d","sha1":"2b68907df58f94f36face3aa5dd1f8aa3bcc5a0c","sha256":"80241ccabad262e5a225ad29052a637b92d54fc8451178244305646da09bd641"},"dob":{"date":"1966-07-12T03:50:47.147Z","age":57},"registered":{"date":"2004-12-14T21:04:28.444Z","age":19},"phone":"02-62-45-32-65","cell":"06-82-84-56-14","id":{"name":"INSEE","value":"2660606224497 53"},"picture":{"large":"https://randomuser.me/api/portraits/women/65.jpg","medium":"https://randomuser.me/api/portraits/med/women/65.jpg","thumbnail":"https://randomuser.me/api/portraits/thumb/women/65.jpg"},"nat":"FR"}],"info":{"seed":"b08066d490b777dc","results":1,"page":1,"version":"1.4"}} 
 </msg>
<msg time="2024-07-01T13:18:47.047111" level="INFO">/opt/hostedtoolcache/Python/3.12.4/x64/lib/python3.12/site-packages/urllib3/connectionpool.py:1099: InsecureRequestWarning: Unverified HTTPS request is being made to host 'randomuser.me'. Adding certificate verification is strongly advised. See: https://urllib3.readthedocs.io/en/latest/advanced-usage.html#tls-warnings
  warnings.warn(</msg>
<msg time="2024-07-01T13:18:47.047264" level="INFO">${response} = &lt;Response [200]&gt;</msg>
<var>${response}</var>
<arg>consultarAPI</arg>
<arg>/api</arg>
<doc>Sends a GET request on a previously created HTTP Session.</doc>
<status status="PASS" start="2024-07-01T13:18:46.964139" elapsed="0.083180"/>
</kw>
<kw name="Set Variable" owner="BuiltIn">
<msg time="2024-07-01T13:18:47.048365" level="INFO">${json_data} = {'results': [{'gender': 'female', 'name': {'title': 'Mrs', 'first': 'Noélie', 'last': 'Boyer'}, 'location': {'street': {'number': 5668, 'name': 'Rue du Château'}, 'city': 'Saint-Étienne', 'state': 'La...</msg>
<var>${json_data}</var>
<arg>${response.json()}</arg>
<doc>Returns the given values which can then be assigned to a variables.</doc>
<status status="PASS" start="2024-07-01T13:18:47.047879" elapsed="0.000515"/>
</kw>
<kw name="Log" owner="BuiltIn">
<msg time="2024-07-01T13:18:47.048954" level="INFO">{'results': [{'gender': 'female', 'name': {'title': 'Mrs', 'first': 'Noélie', 'last': 'Boyer'}, 'location': {'street': {'number': 5668, 'name': 'Rue du Château'}, 'city': 'Saint-Étienne', 'state': 'Landes', 'country': 'France', 'postcode': 51711, 'coordinates': {'latitude': '-17.4656', 'longitude': '0.1661'}, 'timezone': {'offset': '-10:00', 'description': 'Hawaii'}}, 'email': 'noelie.boyer@example.com', 'login': {'uuid': 'd1719cd8-7e83-4afd-b6fe-e662a5a47853', 'username': 'whitewolf456', 'password': 'webber', 'salt': '6GoQ0Zlx', 'md5': '489d6cfd2b68162febe29a5658f73e8d', 'sha1': '2b68907df58f94f36face3aa5dd1f8aa3bcc5a0c', 'sha256': '80241ccabad262e5a225ad29052a637b92d54fc8451178244305646da09bd641'}, 'dob': {'date': '1966-07-12T03:50:47.147Z', 'age': 57}, 'registered': {'date': '2004-12-14T21:04:28.444Z', 'age': 19}, 'phone': '02-62-45-32-65', 'cell': '06-82-84-56-14', 'id': {'name': 'INSEE', 'value': '2660606224497 53'}, 'picture': {'large': 'https://randomuser.me/api/portraits/women/65.jpg', 'medium': 'https://randomuser.me/api/portraits/med/women/65.jpg', 'thumbnail': 'https://randomuser.me/api/portraits/thumb/women/65.jpg'}, 'nat': 'FR'}], 'info': {'seed': 'b08066d490b777dc', 'results': 1, 'page': 1, 'version': '1.4'}}</msg>
<arg>${json_data}</arg>
<doc>Logs the given message with the given level.</doc>
<status status="PASS" start="2024-07-01T13:18:47.048774" elapsed="0.000228"/>
</kw>
<kw name="Should Be Equal As Numbers" owner="BuiltIn">
<arg>${json_data['results'][0]['location']['postcode']}</arg>
<arg>${json_data['results'][0]['location']['postcode']}</arg>
<doc>Fails if objects are unequal after converting them to real numbers.</doc>
<status status="PASS" start="2024-07-01T13:18:47.049299" elapsed="0.000647"/>
</kw>
<kw name="Log" owner="BuiltIn">
<msg time="2024-07-01T13:18:47.050637" level="INFO">51711</msg>
<arg>${json_data['results'][0]['location']['postcode']}</arg>
<doc>Logs the given message with the given level.</doc>
<status status="PASS" start="2024-07-01T13:18:47.050139" elapsed="0.000540"/>
</kw>
<status status="PASS" start="2024-07-01T13:18:46.963913" elapsed="0.087026"/>
</kw>
<doc>Testa se os tipos de dados na resposta da API estão corretos.</doc>
<tag>testeTiposDados</tag>
<status status="PASS" start="2024-07-01T13:18:46.875572" elapsed="0.175571"/>
</test>
<test id="s1-s1-t5" name="Validar conteudo" line="35">
<kw name="Teste de Tipos de Conteudo" owner="random-user-service">
<kw name="GET On Session" owner="RequestsLibrary">
<msg time="2024-07-01T13:18:47.157936" level="INFO">GET Request : url=https://randomuser.me/api 
 path_url=/api 
 headers={'User-Agent': 'python-requests/2.32.3', 'Accept-Encoding': 'gzip, deflate', 'Accept': '*/*', 'Connection': 'keep-alive'} 
 body=None 
 </msg>
<msg time="2024-07-01T13:18:47.158033" level="INFO">GET Response : url=https://randomuser.me/api 
 status=200, reason=OK 
 headers={'Date': 'Mon, 01 Jul 2024 13:18:47 GMT', 'Content-Type': 'application/json; charset=utf-8', 'Transfer-Encoding': 'chunked', 'Connection': 'keep-alive', 'X-Powered-By': 'Express', 'Access-Control-Allow-Origin': '*', 'Cache-Control': 'no-cache', 'ETag': 'W/"48f-SR/j2f4V0JfZyX27fl3g7p8DxrI"', 'Vary': 'Accept-Encoding', 'Content-Encoding': 'gzip', 'CF-Cache-Status': 'DYNAMIC', 'Report-To': '{"endpoints":[{"url":"https:\\/\\/a.nel.cloudflare.com\\/report\\/v4?s=Naf4AtyS3mnpH6eGrEQZIEFJrRbhI6Z4EN%2FRJqCGBIu%2F0Ti3v1qq27EUGzefVxXtI%2BHgUYo%2F%2FwNTsCD0LFmgSf2xJwkF2mbiIL7fBAUXh%2Bu6AB9vq9CMlYcJOmk%2FpHZA"}],"group":"cf-nel","max_age":604800}', 'NEL': '{"success_fraction":0,"report_to":"cf-nel","max_age":604800}', 'Server': 'cloudflare', 'CF-RAY': '89c6af181f6f29b5-IAD', 'alt-svc': 'h3=":443"; ma=86400'} 
 body={"results":[{"gender":"male","name":{"title":"Mr","first":"Sebastián","last":"Sanz"},"location":{"street":{"number":261,"name":"Calle de La Almudena"},"city":"Almería","state":"Ceuta","country":"Spain","postcode":35407,"coordinates":{"latitude":"-31.6723","longitude":"-2.6392"},"timezone":{"offset":"-5:00","description":"Eastern Time (US &amp; Canada), Bogota, Lima"}},"email":"sebastian.sanz@example.com","login":{"uuid":"ee307174-fe4a-4c06-8962-a3daf2d1b20d","username":"happydog713","password":"mentor","salt":"96rOVaAr","md5":"c4083426e2b4b169d82ab049f33bc9e4","sha1":"8d288fdc4c2d53c4867e665718a30ffc64bc497f","sha256":"6c41dc6b4d85e63d93b14c239b60b5db680e970edce2e9a3a87dfb899788c306"},"dob":{"date":"1956-05-08T10:57:16.789Z","age":68},"registered":{"date":"2018-12-25T09:06:20.820Z","age":5},"phone":"991-807-108","cell":"693-155-631","id":{"name":"DNI","value":"16984439-M"},"picture":{"large":"https://randomuser.me/api/portraits/men/64.jpg","medium":"https://randomuser.me/api/portraits/med/men/64.jpg","thumbnail":"https://randomuser.me/api/portraits/thumb/men/64.jpg"},"nat":"ES"}],"info":{"seed":"5ebfdaa6d29d4b8a","results":1,"page":1,"version":"1.4"}} 
 </msg>
<msg time="2024-07-01T13:18:47.158106" level="INFO">/opt/hostedtoolcache/Python/3.12.4/x64/lib/python3.12/site-packages/urllib3/connectionpool.py:1099: InsecureRequestWarning: Unverified HTTPS request is being made to host 'randomuser.me'. Adding certificate verification is strongly advised. See: https://urllib3.readthedocs.io/en/latest/advanced-usage.html#tls-warnings
  warnings.warn(</msg>
<msg time="2024-07-01T13:18:47.158227" level="INFO">${response} = &lt;Response [200]&gt;</msg>
<var>${response}</var>
<arg>consultarAPI</arg>
<arg>/api</arg>
<doc>Sends a GET request on a previously created HTTP Session.</doc>
<status status="PASS" start="2024-07-01T13:18:47.054469" elapsed="0.103800"/>
</kw>
<kw name="Set Variable" owner="BuiltIn">
<msg time="2024-07-01T13:18:47.159517" level="INFO">${json_data} = {'results': [{'gender': 'male', 'name': {'title': 'Mr', 'first': 'Sebastián', 'last': 'Sanz'}, 'location': {'street': {'number': 261, 'name': 'Calle de La Almudena'}, 'city': 'Almería', 'state': 'Ceut...</msg>
<var>${json_data}</var>
<arg>${response.json()}</arg>
<doc>Returns the given values which can then be assigned to a variables.</doc>
<status status="PASS" start="2024-07-01T13:18:47.158879" elapsed="0.000668"/>
</kw>
<kw name="Set Variable" owner="BuiltIn">
<msg time="2024-07-01T13:18:47.160249" level="INFO">${name_title} = Mr</msg>
<var>${name_title}</var>
<arg>${json_data["results"][0]["name"]["title"]}</arg>
<doc>Returns the given values which can then be assigned to a variables.</doc>
<status status="PASS" start="2024-07-01T13:18:47.159861" elapsed="0.000414"/>
</kw>
<kw name="Create List" owner="BuiltIn">
<msg time="2024-07-01T13:18:47.160726" level="INFO">${allowed_titles} = ['Mr', 'Ms', 'Miss', 'Mrs', 'Madame', 'Monsieur']</msg>
<var>${allowed_titles}</var>
<arg>Mr</arg>
<arg>Ms</arg>
<arg>Miss</arg>
<arg>Mrs</arg>
<arg>Madame</arg>
<arg>Monsieur</arg>
<doc>Returns a list containing given items.</doc>
<status status="PASS" start="2024-07-01T13:18:47.160575" elapsed="0.000175"/>
</kw>
<kw name="List Should Contain Value" owner="Collections">
<arg>${allowed_titles}</arg>
<arg>${name_title}</arg>
<doc>Fails if the ``value`` is not found from ``list``.</doc>
<status status="PASS" start="2024-07-01T13:18:47.161055" elapsed="0.000181"/>
</kw>
<kw name="Set Variable" owner="BuiltIn">
<msg time="2024-07-01T13:18:47.161794" level="INFO">${name_country} = ES</msg>
<var>${name_country}</var>
<arg>${json_data["results"][0]["nat"]}</arg>
<doc>Returns the given values which can then be assigned to a variables.</doc>
<status status="PASS" start="2024-07-01T13:18:47.161425" elapsed="0.000394"/>
</kw>
<kw name="Create List" owner="BuiltIn">
<msg time="2024-07-01T13:18:47.162709" level="INFO">${list_country} = ['AD', 'AE', 'AF', 'AG', 'AI', 'AL', 'AM', 'AO', 'AQ', 'AR', 'AS', 'AT', 'AU', 'AW', 'AX', 'AZ', 'BA', 'BB', 'BD', 'BE', 'BF', 'BG', 'BH', 'BI', 'BJ', 'BL', 'BM', 'BN', 'BO', 'BQ', 'BR', 'BS', 'BT', '...</msg>
<var>${list_country}</var>
<arg>AD</arg>
<arg>AE</arg>
<arg>AF</arg>
<arg>AG</arg>
<arg>AI</arg>
<arg>AL</arg>
<arg>AM</arg>
<arg>AO</arg>
<arg>AQ</arg>
<arg>AR</arg>
<arg>AS</arg>
<arg>AT</arg>
<arg>AU</arg>
<arg>AW</arg>
<arg>AX</arg>
<arg>AZ</arg>
<arg>BA</arg>
<arg>BB</arg>
<arg>BD</arg>
<arg>BE</arg>
<arg>BF</arg>
<arg>BG</arg>
<arg>BH</arg>
<arg>BI</arg>
<arg>BJ</arg>
<arg>BL</arg>
<arg>BM</arg>
<arg>BN</arg>
<arg>BO</arg>
<arg>BQ</arg>
<arg>BR</arg>
<arg>BS</arg>
<arg>BT</arg>
<arg>BV</arg>
<arg>BW</arg>
<arg>BY</arg>
<arg>BZ</arg>
<arg>CA</arg>
<arg>CC</arg>
<arg>CD</arg>
<arg>CF</arg>
<arg>CG</arg>
<arg>CH</arg>
<arg>CI</arg>
<arg>CK</arg>
<arg>CL</arg>
<arg>CM</arg>
<arg>CN</arg>
<arg>CO</arg>
<arg>CR</arg>
<arg>CU</arg>
<arg>CV</arg>
<arg>CW</arg>
<arg>CX</arg>
<arg>CY</arg>
<arg>CZ</arg>
<arg>DE</arg>
<arg>DJ</arg>
<arg>DK</arg>
<arg>DM</arg>
<arg>DO</arg>
<arg>DZ</arg>
<arg>EC</arg>
<arg>EE</arg>
<arg>EG</arg>
<arg>EH</arg>
<arg>ER</arg>
<arg>ES</arg>
<arg>ET</arg>
<arg>FI</arg>
<arg>FJ</arg>
<arg>FK</arg>
<arg>FM</arg>
<arg>FO</arg>
<arg>FR</arg>
<arg>GA</arg>
<arg>GB</arg>
<arg>GD</arg>
<arg>GE</arg>
<arg>GF</arg>
<arg>GG</arg>
<arg>GH</arg>
<arg>GI</arg>
<arg>GL</arg>
<arg>GM</arg>
<arg>GN</arg>
<arg>GP</arg>
<arg>GQ</arg>
<arg>GR</arg>
<arg>GS</arg>
<arg>GT</arg>
<arg>GU</arg>
<arg>GW</arg>
<arg>GY</arg>
<arg>HK</arg>
<arg>HM</arg>
<arg>HN</arg>
<arg>HR</arg>
<arg>HT</arg>
<arg>HU</arg>
<arg>ID</arg>
<arg>IE</arg>
<arg>IL</arg>
<arg>IM</arg>
<arg>IN</arg>
<arg>IO</arg>
<arg>IQ</arg>
<arg>IR</arg>
<arg>IS</arg>
<arg>IT</arg>
<arg>JE</arg>
<arg>JM</arg>
<arg>JO</arg>
<arg>JP</arg>
<arg>KE</arg>
<arg>KG</arg>
<arg>KH</arg>
<arg>KI</arg>
<arg>KM</arg>
<arg>KN</arg>
<arg>KP</arg>
<arg>KR</arg>
<arg>KW</arg>
<arg>KY</arg>
<arg>KZ</arg>
<arg>LA</arg>
<arg>LB</arg>
<arg>LC</arg>
<arg>LI</arg>
<arg>LK</arg>
<arg>LR</arg>
<arg>LS</arg>
<arg>LT</arg>
<arg>LU</arg>
<arg>LV</arg>
<arg>LY</arg>
<arg>MA</arg>
<arg>MC</arg>
<arg>MD</arg>
<arg>ME</arg>
<arg>MF</arg>
<arg>MG</arg>
<arg>MH</arg>
<arg>MK</arg>
<arg>ML</arg>
<arg>MM</arg>
<arg>MN</arg>
<arg>MO</arg>
<arg>MP</arg>
<arg>MQ</arg>
<arg>MR</arg>
<arg>MS</arg>
<arg>MT</arg>
<arg>MU</arg>
<arg>MV</arg>
<arg>MW</arg>
<arg>MX</arg>
<arg>MY</arg>
<arg>MZ</arg>
<arg>NA</arg>
<arg>NC</arg>
<arg>NE</arg>
<arg>NF</arg>
<arg>NG</arg>
<arg>NI</arg>
<arg>NL</arg>
<arg>NO</arg>
<arg>NP</arg>
<arg>NR</arg>
<arg>NU</arg>
<arg>NZ</arg>
<arg>OM</arg>
<arg>PA</arg>
<arg>PE</arg>
<arg>PF</arg>
<arg>PG</arg>
<arg>PH</arg>
<arg>PK</arg>
<arg>PL</arg>
<arg>PM</arg>
<arg>PN</arg>
<arg>PR</arg>
<arg>PS</arg>
<arg>PT</arg>
<arg>PW</arg>
<arg>PY</arg>
<arg>QA</arg>
<arg>RE</arg>
<arg>RO</arg>
<arg>RS</arg>
<arg>RU</arg>
<arg>RW</arg>
<arg>SA</arg>
<arg>SB</arg>
<arg>SC</arg>
<arg>SD</arg>
<arg>SE</arg>
<arg>SG</arg>
<arg>SH</arg>
<arg>SI</arg>
<arg>SJ</arg>
<arg>SK</arg>
<arg>SL</arg>
<arg>SM</arg>
<arg>SN</arg>
<arg>SO</arg>
<arg>SR</arg>
<arg>SS</arg>
<arg>ST</arg>
<arg>SV</arg>
<arg>SX</arg>
<arg>SY</arg>
<arg>SZ</arg>
<arg>TC</arg>
<arg>TD</arg>
<arg>TF</arg>
<arg>TG</arg>
<arg>TH</arg>
<arg>TJ</arg>
<arg>TK</arg>
<arg>TL</arg>
<arg>TM</arg>
<arg>TN</arg>
<arg>TO</arg>
<arg>TR</arg>
<arg>TT</arg>
<arg>TV</arg>
<arg>TW</arg>
<arg>TZ</arg>
<arg>UA</arg>
<arg>UG</arg>
<arg>UM</arg>
<arg>US</arg>
<arg>UY</arg>
<arg>UZ</arg>
<arg>VA</arg>
<arg>VC</arg>
<arg>VE</arg>
<arg>VG</arg>
<arg>VI</arg>
<arg>VN</arg>
<arg>VU</arg>
<arg>WF</arg>
<arg>WS</arg>
<arg>XK</arg>
<arg>YE</arg>
<arg>YT</arg>
<arg>ZA</arg>
<arg>ZM</arg>
<arg>ZW</arg>
<doc>Returns a list containing given items.</doc>
<status status="PASS" start="2024-07-01T13:18:47.162113" elapsed="0.000622"/>
</kw>
<kw name="List Should Contain Value" owner="Collections">
<arg>${list_country}</arg>
<arg>${name_country}</arg>
<doc>Fails if the ``value`` is not found from ``list``.</doc>
<status status="PASS" start="2024-07-01T13:18:47.163565" elapsed="0.000208"/>
</kw>
<kw name="Run Keyword If" owner="BuiltIn">
<kw name="Should Be True" owner="BuiltIn">
<arg>${True}</arg>
<doc>Fails if the given condition is not true.</doc>
<status status="PASS" start="2024-07-01T13:18:47.164731" elapsed="0.000142"/>
</kw>
<arg>${json_data["results"][0]["location"]["coordinates"]["latitude"]} &gt;= -90 and ${json_data["results"][0]["location"]["coordinates"]["latitude"]} &lt;= 90</arg>
<arg>Should Be True</arg>
<arg>${True}</arg>
<doc>Runs the given keyword with the given arguments, if ``condition`` is true.</doc>
<status status="PASS" start="2024-07-01T13:18:47.163969" elapsed="0.001030"/>
</kw>
<kw name="Run Keyword If" owner="BuiltIn">
<kw name="Should Be True" owner="BuiltIn">
<arg>${True}</arg>
<doc>Fails if the given condition is not true.</doc>
<status status="PASS" start="2024-07-01T13:18:47.165899" elapsed="0.000242"/>
</kw>
<arg>${json_data["results"][0]["location"]["coordinates"]["longitude"]} &gt;= -180 and ${json_data["results"][0]["location"]["coordinates"]["longitude"]} &lt;= 180</arg>
<arg>Should Be True</arg>
<arg>${True}</arg>
<doc>Runs the given keyword with the given arguments, if ``condition`` is true.</doc>
<status status="PASS" start="2024-07-01T13:18:47.165182" elapsed="0.001090"/>
</kw>
<status status="PASS" start="2024-07-01T13:18:47.054100" elapsed="0.112307"/>
</kw>
<doc>Testa o conteúdo específico dos campos retornados pela API.</doc>
<tag>testeConteudo</tag>
<status status="PASS" start="2024-07-01T13:18:47.053382" elapsed="0.113181"/>
</test>
<status status="PASS" start="2024-07-01T13:18:46.164751" elapsed="1.003878"/>
</suite>
<status status="PASS" start="2024-07-01T13:18:46.138351" elapsed="1.035375"/>
</suite>
<statistics>
<total>
<stat pass="5" fail="0" skip="0">All Tests</stat>
</total>
<tag>
<stat pass="1" fail="0" skip="0">testeConteudo</stat>
<stat pass="1" fail="0" skip="0">testeEstruturaResposta</stat>
<stat pass="1" fail="0" skip="0">testeRequisicaoBasica</stat>
<stat pass="1" fail="0" skip="0">testeTiposDados</stat>
</tag>
<suite>
<stat pass="5" fail="0" skip="0" id="s1" name="Tests">Tests</stat>
<stat pass="5" fail="0" skip="0" id="s1-s1" name="Random-User-Test">Tests.Random-User-Test</stat>
</suite>
</statistics>
<errors>
</errors>
</robot>
