<?xml version="1.0" encoding="UTF-8"?>
<robot generator="Robot 7.0.1 (Python 3.12.4 on linux)" generated="2024-07-02T15:15:35.341756" rpa="false" schemaversion="5">
<suite id="s1" name="Tests" source="/home/runner/work/ApiRandomUser/ApiRandomUser/RamdonUser/tests">
<suite id="s1-s1" name="Random-User-Test" source="/home/runner/work/ApiRandomUser/ApiRandomUser/RamdonUser/tests/random-user-test.robot">
<test id="s1-s1-t1" name="Conectar" line="13">
<kw name="Conectar API" owner="random-user-service">
<kw name="Create Session" owner="RequestsLibrary">
<msg time="2024-07-02T15:15:35.770528" level="INFO">Creating Session using : alias=consultarAPI, url=https://randomuser.me/, headers={},                     cookies={}, auth=None, timeout=None, proxies=None, verify=False,                     debug=0 </msg>
<arg>consultarAPI</arg>
<arg>${URL}</arg>
<doc>Create Session: create a HTTP session to a server</doc>
<status status="PASS" start="2024-07-02T15:15:35.770313" elapsed="0.000407"/>
</kw>
<status status="PASS" start="2024-07-02T15:15:35.769227" elapsed="0.001853"/>
</kw>
<status status="PASS" start="2024-07-02T15:15:35.768659" elapsed="0.002615"/>
</test>
<test id="s1-s1-t2" name="Validar retorno 200 e JSON Válido" line="16">
<kw name="Teste de Requisicao Basica" owner="random-user-service">
<kw name="GET On Session" owner="RequestsLibrary">
<msg time="2024-07-02T15:15:36.093447" level="INFO">GET Request : url=https://randomuser.me/api 
 path_url=/api 
 headers={'User-Agent': 'python-requests/2.32.3', 'Accept-Encoding': 'gzip, deflate', 'Accept': '*/*', 'Connection': 'keep-alive'} 
 body=None 
 </msg>
<msg time="2024-07-02T15:15:36.093615" level="INFO">GET Response : url=https://randomuser.me/api 
 status=200, reason=OK 
 headers={'Date': 'Tue, 02 Jul 2024 15:15:36 GMT', 'Content-Type': 'application/json; charset=utf-8', 'Transfer-Encoding': 'chunked', 'Connection': 'keep-alive', 'X-Powered-By': 'Express', 'Access-Control-Allow-Origin': '*', 'Cache-Control': 'no-cache', 'ETag': 'W/"49e-1/Cr0qsIt5YG1Tr46aJRuq2R5Zc"', 'Vary': 'Accept-Encoding', 'Content-Encoding': 'gzip', 'CF-Cache-Status': 'DYNAMIC', 'Report-To': '{"endpoints":[{"url":"https:\\/\\/a.nel.cloudflare.com\\/report\\/v4?s=3fbZWg4i8MZeb3Nveyl0PNsfymi8voBZWWwiFxW931peKucqCNusJ34Rl%2BFze5cOBEhPEO53ZH0DgjgOrVc5lGvU6Sik4vP0RiQrco22tfrolVmonF0O6RciOPMpTbGx"}],"group":"cf-nel","max_age":604800}', 'NEL': '{"success_fraction":0,"report_to":"cf-nel","max_age":604800}', 'Server': 'cloudflare', 'CF-RAY': '89cf9795de4420b2-IAD', 'alt-svc': 'h3=":443"; ma=86400'} 
 body={"results":[{"gender":"female","name":{"title":"Ms","first":"Leonore","last":"Van der Zande"},"location":{"street":{"number":1719,"name":"Broerenkerkplein"},"city":"Padhuis","state":"Zuid-Holland","country":"Netherlands","postcode":"5053 IZ","coordinates":{"latitude":"35.7442","longitude":"122.8733"},"timezone":{"offset":"+6:00","description":"Almaty, Dhaka, Colombo"}},"email":"leonore.vanderzande@example.com","login":{"uuid":"8cdc23af-180d-459c-a48b-860cd43e28d2","username":"sadlion445","password":"keeper","salt":"FcZtLXOs","md5":"66ca20af38a08029ef8a5c44b84c0ffc","sha1":"2208503c560cca413565eb98f016b895e77c807c","sha256":"25ced18b9f312f678916db957fb670fd2350509c0877c44054e261715b640171"},"dob":{"date":"1946-11-09T03:24:45.088Z","age":77},"registered":{"date":"2017-10-03T14:32:03.038Z","age":6},"phone":"(0039) 795334","cell":"(06) 93761178","id":{"name":"BSN","value":"87364461"},"picture":{"large":"https://randomuser.me/api/portraits/women/80.jpg","medium":"https://randomuser.me/api/portraits/med/women/80.jpg","thumbnail":"https://randomuser.me/api/portraits/thumb/women/80.jpg"},"nat":"NL"}],"info":{"seed":"03aca59202d592b5","results":1,"page":1,"version":"1.4"}} 
 </msg>
<msg time="2024-07-02T15:15:36.093699" level="INFO">/opt/hostedtoolcache/Python/3.12.4/x64/lib/python3.12/site-packages/urllib3/connectionpool.py:1099: InsecureRequestWarning: Unverified HTTPS request is being made to host 'randomuser.me'. Adding certificate verification is strongly advised. See: https://urllib3.readthedocs.io/en/latest/advanced-usage.html#tls-warnings
  warnings.warn(</msg>
<msg time="2024-07-02T15:15:36.093844" level="INFO">${response} = &lt;Response [200]&gt;</msg>
<var>${response}</var>
<arg>consultarAPI</arg>
<arg>/api</arg>
<doc>Sends a GET request on a previously created HTTP Session.</doc>
<status status="PASS" start="2024-07-02T15:15:35.773862" elapsed="0.320024"/>
</kw>
<kw name="Should Be Equal As Numbers" owner="BuiltIn">
<msg time="2024-07-02T15:15:36.095042" level="INFO">Argument types are:
&lt;class 'int'&gt;
&lt;class 'str'&gt;</msg>
<arg>${response.status_code}</arg>
<arg>200</arg>
<doc>Fails if objects are unequal after converting them to real numbers.</doc>
<status status="PASS" start="2024-07-02T15:15:36.094538" elapsed="0.000571"/>
</kw>
<kw name="Log" owner="BuiltIn">
<msg time="2024-07-02T15:15:36.095783" level="INFO">200</msg>
<arg>${response.status_code}</arg>
<doc>Logs the given message with the given level.</doc>
<status status="PASS" start="2024-07-02T15:15:36.095434" elapsed="0.000392"/>
</kw>
<kw name="Set Variable" owner="BuiltIn">
<msg time="2024-07-02T15:15:36.096616" level="INFO">${json_data} = {'results': [{'gender': 'female', 'name': {'title': 'Ms', 'first': 'Leonore', 'last': 'Van der Zande'}, 'location': {'street': {'number': 1719, 'name': 'Broerenkerkplein'}, 'city': 'Padhuis', 'state':...</msg>
<var>${json_data}</var>
<arg>${response.json()}</arg>
<doc>Returns the given values which can then be assigned to a variables.</doc>
<status status="PASS" start="2024-07-02T15:15:36.096165" elapsed="0.000479"/>
</kw>
<kw name="Dictionary Should Contain Key" owner="Collections">
<arg>${json_data}</arg>
<arg>results</arg>
<doc>Fails if ``key`` is not found from ``dictionary``.</doc>
<status status="PASS" start="2024-07-02T15:15:36.096944" elapsed="0.000169"/>
</kw>
<status status="PASS" start="2024-07-02T15:15:35.773612" elapsed="0.323655"/>
</kw>
<doc>Testa se a API responde corretamente e retorna um objeto JSON válido.</doc>
<tag>testeRequisicaoBasica</tag>
<status status="PASS" start="2024-07-02T15:15:35.773159" elapsed="0.324286"/>
</test>
<test id="s1-s1-t3" name="Validar estrutura de resposta" line="22">
<kw name="Teste de Estrutura de Resposta" owner="random-user-service">
<kw name="GET On Session" owner="RequestsLibrary">
<msg time="2024-07-02T15:15:36.171183" level="INFO">GET Request : url=https://randomuser.me/api 
 path_url=/api 
 headers={'User-Agent': 'python-requests/2.32.3', 'Accept-Encoding': 'gzip, deflate', 'Accept': '*/*', 'Connection': 'keep-alive'} 
 body=None 
 </msg>
<msg time="2024-07-02T15:15:36.171291" level="INFO">GET Response : url=https://randomuser.me/api 
 status=200, reason=OK 
 headers={'Date': 'Tue, 02 Jul 2024 15:15:36 GMT', 'Content-Type': 'application/json; charset=utf-8', 'Transfer-Encoding': 'chunked', 'Connection': 'keep-alive', 'X-Powered-By': 'Express', 'Access-Control-Allow-Origin': '*', 'Cache-Control': 'no-cache', 'ETag': 'W/"49f-0wUXvNbgPY+CvnciT67O9mXzd+s"', 'Vary': 'Accept-Encoding', 'Content-Encoding': 'gzip', 'CF-Cache-Status': 'DYNAMIC', 'Report-To': '{"endpoints":[{"url":"https:\\/\\/a.nel.cloudflare.com\\/report\\/v4?s=qDlR6w%2FCpxue2LBFLKFSMY8X8XnSRDQv%2BRVdak%2Fk4HobX%2BTmSE7wgU9ExptbfsNe4MG%2BSFoo0ydLyOfcE0QfSD%2BVXE5tR7sNgadIGOpI4Tg2kooJQCTKOJdQBBq5hjM2"}],"group":"cf-nel","max_age":604800}', 'NEL': '{"success_fraction":0,"report_to":"cf-nel","max_age":604800}', 'Server': 'cloudflare', 'CF-RAY': '89cf9796af3620b2-IAD', 'alt-svc': 'h3=":443"; ma=86400'} 
 body={"results":[{"gender":"male","name":{"title":"Mr","first":"Shivansh","last":"Nayak"},"location":{"street":{"number":3647,"name":"Dadabhai Naoroji Rd"},"city":"Bhatpara","state":"Maharashtra","country":"India","postcode":63806,"coordinates":{"latitude":"12.5761","longitude":"-21.9540"},"timezone":{"offset":"0:00","description":"Western Europe Time, London, Lisbon, Casablanca"}},"email":"shivansh.nayak@example.com","login":{"uuid":"e9754299-794e-43e6-8438-e2cc2c994f5e","username":"brownleopard937","password":"cyber","salt":"CJp5p6zX","md5":"31985b92b97595ff236f5858bf563e33","sha1":"42d78d72c70c42942c151698c05f4a2a5177cbc3","sha256":"0ab5e9e1b29149c9c5bbca8760bac49889a135421a028227e04fe013b407524f"},"dob":{"date":"1952-10-02T01:13:06.821Z","age":71},"registered":{"date":"2018-07-24T21:30:02.145Z","age":5},"phone":"7755293993","cell":"8574194418","id":{"name":"UIDAI","value":"640028381773"},"picture":{"large":"https://randomuser.me/api/portraits/men/75.jpg","medium":"https://randomuser.me/api/portraits/med/men/75.jpg","thumbnail":"https://randomuser.me/api/portraits/thumb/men/75.jpg"},"nat":"IN"}],"info":{"seed":"6ff99feece663fa0","results":1,"page":1,"version":"1.4"}} 
 </msg>
<msg time="2024-07-02T15:15:36.171432" level="INFO">/opt/hostedtoolcache/Python/3.12.4/x64/lib/python3.12/site-packages/urllib3/connectionpool.py:1099: InsecureRequestWarning: Unverified HTTPS request is being made to host 'randomuser.me'. Adding certificate verification is strongly advised. See: https://urllib3.readthedocs.io/en/latest/advanced-usage.html#tls-warnings
  warnings.warn(</msg>
<msg time="2024-07-02T15:15:36.171575" level="INFO">${response} = &lt;Response [200]&gt;</msg>
<var>${response}</var>
<arg>consultarAPI</arg>
<arg>/api</arg>
<doc>Sends a GET request on a previously created HTTP Session.</doc>
<status status="PASS" start="2024-07-02T15:15:36.100181" elapsed="0.071435"/>
</kw>
<kw name="Set Variable" owner="BuiltIn">
<msg time="2024-07-02T15:15:36.172887" level="INFO">${json_data} = {'results': [{'gender': 'male', 'name': {'title': 'Mr', 'first': 'Shivansh', 'last': 'Nayak'}, 'location': {'street': {'number': 3647, 'name': 'Dadabhai Naoroji Rd'}, 'city': 'Bhatpara', 'state': 'Mah...</msg>
<var>${json_data}</var>
<arg>${response.json()}</arg>
<doc>Returns the given values which can then be assigned to a variables.</doc>
<status status="PASS" start="2024-07-02T15:15:36.172295" elapsed="0.000620"/>
</kw>
<kw name="Log" owner="BuiltIn">
<msg time="2024-07-02T15:15:36.173389" level="INFO">{'results': [{'gender': 'male', 'name': {'title': 'Mr', 'first': 'Shivansh', 'last': 'Nayak'}, 'location': {'street': {'number': 3647, 'name': 'Dadabhai Naoroji Rd'}, 'city': 'Bhatpara', 'state': 'Maharashtra', 'country': 'India', 'postcode': 63806, 'coordinates': {'latitude': '12.5761', 'longitude': '-21.9540'}, 'timezone': {'offset': '0:00', 'description': 'Western Europe Time, London, Lisbon, Casablanca'}}, 'email': 'shivansh.nayak@example.com', 'login': {'uuid': 'e9754299-794e-43e6-8438-e2cc2c994f5e', 'username': 'brownleopard937', 'password': 'cyber', 'salt': 'CJp5p6zX', 'md5': '31985b92b97595ff236f5858bf563e33', 'sha1': '42d78d72c70c42942c151698c05f4a2a5177cbc3', 'sha256': '0ab5e9e1b29149c9c5bbca8760bac49889a135421a028227e04fe013b407524f'}, 'dob': {'date': '1952-10-02T01:13:06.821Z', 'age': 71}, 'registered': {'date': '2018-07-24T21:30:02.145Z', 'age': 5}, 'phone': '7755293993', 'cell': '8574194418', 'id': {'name': 'UIDAI', 'value': '640028381773'}, 'picture': {'large': 'https://randomuser.me/api/portraits/men/75.jpg', 'medium': 'https://randomuser.me/api/portraits/med/men/75.jpg', 'thumbnail': 'https://randomuser.me/api/portraits/thumb/men/75.jpg'}, 'nat': 'IN'}], 'info': {'seed': '6ff99feece663fa0', 'results': 1, 'page': 1, 'version': '1.4'}}</msg>
<arg>${json_data}</arg>
<doc>Logs the given message with the given level.</doc>
<status status="PASS" start="2024-07-02T15:15:36.173231" elapsed="0.000206"/>
</kw>
<kw name="Dictionary Should Contain Key" owner="Collections">
<arg>${json_data}</arg>
<arg>results</arg>
<doc>Fails if ``key`` is not found from ``dictionary``.</doc>
<status status="PASS" start="2024-07-02T15:15:36.173731" elapsed="0.000168"/>
</kw>
<kw name="Should Not Be Empty" owner="BuiltIn">
<msg time="2024-07-02T15:15:36.174211" level="INFO">Length is 2.</msg>
<arg>${json_data}</arg>
<doc>Verifies that the given item is not empty.</doc>
<status status="PASS" start="2024-07-02T15:15:36.174084" elapsed="0.000166"/>
</kw>
<kw name="Create List" owner="BuiltIn">
<msg time="2024-07-02T15:15:36.174701" level="INFO">${expected_keys} = ['gender', 'name', 'location', 'email', 'login']</msg>
<var>${expected_keys}</var>
<arg>gender</arg>
<arg>name</arg>
<arg>location</arg>
<arg>email</arg>
<arg>login</arg>
<doc>Returns a list containing given items.</doc>
<status status="PASS" start="2024-07-02T15:15:36.174545" elapsed="0.000181"/>
</kw>
<for flavor="IN">
<iter>
<kw name="Dictionary Should Contain Key" owner="Collections">
<arg>${json_data['results'][0]}</arg>
<arg>${key}</arg>
<doc>Fails if ``key`` is not found from ``dictionary``.</doc>
<status status="PASS" start="2024-07-02T15:15:36.175496" elapsed="0.000419"/>
</kw>
<kw name="Log" owner="BuiltIn">
<msg time="2024-07-02T15:15:36.176527" level="INFO">{'gender': 'male', 'name': {'title': 'Mr', 'first': 'Shivansh', 'last': 'Nayak'}, 'location': {'street': {'number': 3647, 'name': 'Dadabhai Naoroji Rd'}, 'city': 'Bhatpara', 'state': 'Maharashtra', 'country': 'India', 'postcode': 63806, 'coordinates': {'latitude': '12.5761', 'longitude': '-21.9540'}, 'timezone': {'offset': '0:00', 'description': 'Western Europe Time, London, Lisbon, Casablanca'}}, 'email': 'shivansh.nayak@example.com', 'login': {'uuid': 'e9754299-794e-43e6-8438-e2cc2c994f5e', 'username': 'brownleopard937', 'password': 'cyber', 'salt': 'CJp5p6zX', 'md5': '31985b92b97595ff236f5858bf563e33', 'sha1': '42d78d72c70c42942c151698c05f4a2a5177cbc3', 'sha256': '0ab5e9e1b29149c9c5bbca8760bac49889a135421a028227e04fe013b407524f'}, 'dob': {'date': '1952-10-02T01:13:06.821Z', 'age': 71}, 'registered': {'date': '2018-07-24T21:30:02.145Z', 'age': 5}, 'phone': '7755293993', 'cell': '8574194418', 'id': {'name': 'UIDAI', 'value': '640028381773'}, 'picture': {'large': 'https://randomuser.me/api/portraits/men/75.jpg', 'medium': 'https://randomuser.me/api/portraits/med/men/75.jpg', 'thumbnail': 'https://randomuser.me/api/portraits/thumb/men/75.jpg'}, 'nat': 'IN'}</msg>
<arg>${json_data['results'][0]}</arg>
<doc>Logs the given message with the given level.</doc>
<status status="PASS" start="2024-07-02T15:15:36.176142" elapsed="0.000434"/>
</kw>
<kw name="Log" owner="BuiltIn">
<msg time="2024-07-02T15:15:36.177013" level="INFO">gender</msg>
<arg>${key}</arg>
<doc>Logs the given message with the given level.</doc>
<status status="PASS" start="2024-07-02T15:15:36.176884" elapsed="0.000167"/>
</kw>
<var name="${key}">gender</var>
<status status="PASS" start="2024-07-02T15:15:36.175371" elapsed="0.001900"/>
</iter>
<iter>
<kw name="Dictionary Should Contain Key" owner="Collections">
<arg>${json_data['results'][0]}</arg>
<arg>${key}</arg>
<doc>Fails if ``key`` is not found from ``dictionary``.</doc>
<status status="PASS" start="2024-07-02T15:15:36.177577" elapsed="0.000395"/>
</kw>
<kw name="Log" owner="BuiltIn">
<msg time="2024-07-02T15:15:36.178545" level="INFO">{'gender': 'male', 'name': {'title': 'Mr', 'first': 'Shivansh', 'last': 'Nayak'}, 'location': {'street': {'number': 3647, 'name': 'Dadabhai Naoroji Rd'}, 'city': 'Bhatpara', 'state': 'Maharashtra', 'country': 'India', 'postcode': 63806, 'coordinates': {'latitude': '12.5761', 'longitude': '-21.9540'}, 'timezone': {'offset': '0:00', 'description': 'Western Europe Time, London, Lisbon, Casablanca'}}, 'email': 'shivansh.nayak@example.com', 'login': {'uuid': 'e9754299-794e-43e6-8438-e2cc2c994f5e', 'username': 'brownleopard937', 'password': 'cyber', 'salt': 'CJp5p6zX', 'md5': '31985b92b97595ff236f5858bf563e33', 'sha1': '42d78d72c70c42942c151698c05f4a2a5177cbc3', 'sha256': '0ab5e9e1b29149c9c5bbca8760bac49889a135421a028227e04fe013b407524f'}, 'dob': {'date': '1952-10-02T01:13:06.821Z', 'age': 71}, 'registered': {'date': '2018-07-24T21:30:02.145Z', 'age': 5}, 'phone': '7755293993', 'cell': '8574194418', 'id': {'name': 'UIDAI', 'value': '640028381773'}, 'picture': {'large': 'https://randomuser.me/api/portraits/men/75.jpg', 'medium': 'https://randomuser.me/api/portraits/med/men/75.jpg', 'thumbnail': 'https://randomuser.me/api/portraits/thumb/men/75.jpg'}, 'nat': 'IN'}</msg>
<arg>${json_data['results'][0]}</arg>
<doc>Logs the given message with the given level.</doc>
<status status="PASS" start="2024-07-02T15:15:36.178154" elapsed="0.000440"/>
</kw>
<kw name="Log" owner="BuiltIn">
<msg time="2024-07-02T15:15:36.179025" level="INFO">name</msg>
<arg>${key}</arg>
<doc>Logs the given message with the given level.</doc>
<status status="PASS" start="2024-07-02T15:15:36.178893" elapsed="0.000169"/>
</kw>
<var name="${key}">name</var>
<status status="PASS" start="2024-07-02T15:15:36.177463" elapsed="0.001815"/>
</iter>
<iter>
<kw name="Dictionary Should Contain Key" owner="Collections">
<arg>${json_data['results'][0]}</arg>
<arg>${key}</arg>
<doc>Fails if ``key`` is not found from ``dictionary``.</doc>
<status status="PASS" start="2024-07-02T15:15:36.179566" elapsed="0.000381"/>
</kw>
<kw name="Log" owner="BuiltIn">
<msg time="2024-07-02T15:15:36.180521" level="INFO">{'gender': 'male', 'name': {'title': 'Mr', 'first': 'Shivansh', 'last': 'Nayak'}, 'location': {'street': {'number': 3647, 'name': 'Dadabhai Naoroji Rd'}, 'city': 'Bhatpara', 'state': 'Maharashtra', 'country': 'India', 'postcode': 63806, 'coordinates': {'latitude': '12.5761', 'longitude': '-21.9540'}, 'timezone': {'offset': '0:00', 'description': 'Western Europe Time, London, Lisbon, Casablanca'}}, 'email': 'shivansh.nayak@example.com', 'login': {'uuid': 'e9754299-794e-43e6-8438-e2cc2c994f5e', 'username': 'brownleopard937', 'password': 'cyber', 'salt': 'CJp5p6zX', 'md5': '31985b92b97595ff236f5858bf563e33', 'sha1': '42d78d72c70c42942c151698c05f4a2a5177cbc3', 'sha256': '0ab5e9e1b29149c9c5bbca8760bac49889a135421a028227e04fe013b407524f'}, 'dob': {'date': '1952-10-02T01:13:06.821Z', 'age': 71}, 'registered': {'date': '2018-07-24T21:30:02.145Z', 'age': 5}, 'phone': '7755293993', 'cell': '8574194418', 'id': {'name': 'UIDAI', 'value': '640028381773'}, 'picture': {'large': 'https://randomuser.me/api/portraits/men/75.jpg', 'medium': 'https://randomuser.me/api/portraits/med/men/75.jpg', 'thumbnail': 'https://randomuser.me/api/portraits/thumb/men/75.jpg'}, 'nat': 'IN'}</msg>
<arg>${json_data['results'][0]}</arg>
<doc>Logs the given message with the given level.</doc>
<status status="PASS" start="2024-07-02T15:15:36.180162" elapsed="0.000405"/>
</kw>
<kw name="Log" owner="BuiltIn">
<msg time="2024-07-02T15:15:36.180996" level="INFO">location</msg>
<arg>${key}</arg>
<doc>Logs the given message with the given level.</doc>
<status status="PASS" start="2024-07-02T15:15:36.180870" elapsed="0.000164"/>
</kw>
<var name="${key}">location</var>
<status status="PASS" start="2024-07-02T15:15:36.179459" elapsed="0.001793"/>
</iter>
<iter>
<kw name="Dictionary Should Contain Key" owner="Collections">
<arg>${json_data['results'][0]}</arg>
<arg>${key}</arg>
<doc>Fails if ``key`` is not found from ``dictionary``.</doc>
<status status="PASS" start="2024-07-02T15:15:36.181531" elapsed="0.000389"/>
</kw>
<kw name="Log" owner="BuiltIn">
<msg time="2024-07-02T15:15:36.182452" level="INFO">{'gender': 'male', 'name': {'title': 'Mr', 'first': 'Shivansh', 'last': 'Nayak'}, 'location': {'street': {'number': 3647, 'name': 'Dadabhai Naoroji Rd'}, 'city': 'Bhatpara', 'state': 'Maharashtra', 'country': 'India', 'postcode': 63806, 'coordinates': {'latitude': '12.5761', 'longitude': '-21.9540'}, 'timezone': {'offset': '0:00', 'description': 'Western Europe Time, London, Lisbon, Casablanca'}}, 'email': 'shivansh.nayak@example.com', 'login': {'uuid': 'e9754299-794e-43e6-8438-e2cc2c994f5e', 'username': 'brownleopard937', 'password': 'cyber', 'salt': 'CJp5p6zX', 'md5': '31985b92b97595ff236f5858bf563e33', 'sha1': '42d78d72c70c42942c151698c05f4a2a5177cbc3', 'sha256': '0ab5e9e1b29149c9c5bbca8760bac49889a135421a028227e04fe013b407524f'}, 'dob': {'date': '1952-10-02T01:13:06.821Z', 'age': 71}, 'registered': {'date': '2018-07-24T21:30:02.145Z', 'age': 5}, 'phone': '7755293993', 'cell': '8574194418', 'id': {'name': 'UIDAI', 'value': '640028381773'}, 'picture': {'large': 'https://randomuser.me/api/portraits/men/75.jpg', 'medium': 'https://randomuser.me/api/portraits/med/men/75.jpg', 'thumbnail': 'https://randomuser.me/api/portraits/thumb/men/75.jpg'}, 'nat': 'IN'}</msg>
<arg>${json_data['results'][0]}</arg>
<doc>Logs the given message with the given level.</doc>
<status status="PASS" start="2024-07-02T15:15:36.182101" elapsed="0.000398"/>
</kw>
<kw name="Log" owner="BuiltIn">
<msg time="2024-07-02T15:15:36.182923" level="INFO">email</msg>
<arg>${key}</arg>
<doc>Logs the given message with the given level.</doc>
<status status="PASS" start="2024-07-02T15:15:36.182797" elapsed="0.000165"/>
</kw>
<var name="${key}">email</var>
<status status="PASS" start="2024-07-02T15:15:36.181423" elapsed="0.001757"/>
</iter>
<iter>
<kw name="Dictionary Should Contain Key" owner="Collections">
<arg>${json_data['results'][0]}</arg>
<arg>${key}</arg>
<doc>Fails if ``key`` is not found from ``dictionary``.</doc>
<status status="PASS" start="2024-07-02T15:15:36.183465" elapsed="0.000391"/>
</kw>
<kw name="Log" owner="BuiltIn">
<msg time="2024-07-02T15:15:36.184432" level="INFO">{'gender': 'male', 'name': {'title': 'Mr', 'first': 'Shivansh', 'last': 'Nayak'}, 'location': {'street': {'number': 3647, 'name': 'Dadabhai Naoroji Rd'}, 'city': 'Bhatpara', 'state': 'Maharashtra', 'country': 'India', 'postcode': 63806, 'coordinates': {'latitude': '12.5761', 'longitude': '-21.9540'}, 'timezone': {'offset': '0:00', 'description': 'Western Europe Time, London, Lisbon, Casablanca'}}, 'email': 'shivansh.nayak@example.com', 'login': {'uuid': 'e9754299-794e-43e6-8438-e2cc2c994f5e', 'username': 'brownleopard937', 'password': 'cyber', 'salt': 'CJp5p6zX', 'md5': '31985b92b97595ff236f5858bf563e33', 'sha1': '42d78d72c70c42942c151698c05f4a2a5177cbc3', 'sha256': '0ab5e9e1b29149c9c5bbca8760bac49889a135421a028227e04fe013b407524f'}, 'dob': {'date': '1952-10-02T01:13:06.821Z', 'age': 71}, 'registered': {'date': '2018-07-24T21:30:02.145Z', 'age': 5}, 'phone': '7755293993', 'cell': '8574194418', 'id': {'name': 'UIDAI', 'value': '640028381773'}, 'picture': {'large': 'https://randomuser.me/api/portraits/men/75.jpg', 'medium': 'https://randomuser.me/api/portraits/med/men/75.jpg', 'thumbnail': 'https://randomuser.me/api/portraits/thumb/men/75.jpg'}, 'nat': 'IN'}</msg>
<arg>${json_data['results'][0]}</arg>
<doc>Logs the given message with the given level.</doc>
<status status="PASS" start="2024-07-02T15:15:36.184037" elapsed="0.000443"/>
</kw>
<kw name="Log" owner="BuiltIn">
<msg time="2024-07-02T15:15:36.184908" level="INFO">login</msg>
<arg>${key}</arg>
<doc>Logs the given message with the given level.</doc>
<status status="PASS" start="2024-07-02T15:15:36.184780" elapsed="0.000166"/>
</kw>
<var name="${key}">login</var>
<status status="PASS" start="2024-07-02T15:15:36.183352" elapsed="0.001816"/>
</iter>
<var>${key}</var>
<value>@{expected_keys}</value>
<status status="PASS" start="2024-07-02T15:15:36.175169" elapsed="0.010122"/>
</for>
<kw name="Create List" owner="BuiltIn">
<msg time="2024-07-02T15:15:36.185665" level="INFO">${expected_keysTwo} = ['username', 'password']</msg>
<var>${expected_keysTwo}</var>
<arg>username</arg>
<arg>password</arg>
<doc>Returns a list containing given items.</doc>
<status status="PASS" start="2024-07-02T15:15:36.185517" elapsed="0.000172"/>
</kw>
<for flavor="IN">
<iter>
<kw name="Dictionary Should Contain Key" owner="Collections">
<arg>${json_data['results'][0]['login']}</arg>
<arg>${keyTwo}</arg>
<doc>Fails if ``key`` is not found from ``dictionary``.</doc>
<status status="PASS" start="2024-07-02T15:15:36.186205" elapsed="0.000389"/>
</kw>
<kw name="Dictionary Should Contain Key" owner="Collections">
<arg>${json_data['results'][0]['login']}</arg>
<arg>${keyTwo}</arg>
<doc>Fails if ``key`` is not found from ``dictionary``.</doc>
<status status="PASS" start="2024-07-02T15:15:36.186774" elapsed="0.000381"/>
</kw>
<kw name="Log" owner="BuiltIn">
<msg time="2024-07-02T15:15:36.187461" level="INFO">username</msg>
<arg>${keyTwo}</arg>
<doc>Logs the given message with the given level.</doc>
<status status="PASS" start="2024-07-02T15:15:36.187337" elapsed="0.000162"/>
</kw>
<var name="${keyTwo}">username</var>
<status status="PASS" start="2024-07-02T15:15:36.186097" elapsed="0.001619"/>
</iter>
<iter>
<kw name="Dictionary Should Contain Key" owner="Collections">
<arg>${json_data['results'][0]['login']}</arg>
<arg>${keyTwo}</arg>
<doc>Fails if ``key`` is not found from ``dictionary``.</doc>
<status status="PASS" start="2024-07-02T15:15:36.187991" elapsed="0.000433"/>
</kw>
<kw name="Dictionary Should Contain Key" owner="Collections">
<arg>${json_data['results'][0]['login']}</arg>
<arg>${keyTwo}</arg>
<doc>Fails if ``key`` is not found from ``dictionary``.</doc>
<status status="PASS" start="2024-07-02T15:15:36.188602" elapsed="0.000370"/>
</kw>
<kw name="Log" owner="BuiltIn">
<msg time="2024-07-02T15:15:36.189275" level="INFO">password</msg>
<arg>${keyTwo}</arg>
<doc>Logs the given message with the given level.</doc>
<status status="PASS" start="2024-07-02T15:15:36.189149" elapsed="0.000168"/>
</kw>
<var name="${keyTwo}">password</var>
<status status="PASS" start="2024-07-02T15:15:36.187885" elapsed="0.001655"/>
</iter>
<var>${keyTwo}</var>
<value>@{expected_keysTwo}</value>
<status status="PASS" start="2024-07-02T15:15:36.185937" elapsed="0.003721"/>
</for>
<status status="PASS" start="2024-07-02T15:15:36.099917" elapsed="0.089884"/>
</kw>
<doc>Testa a estrutura da resposta da API.</doc>
<tag>testeEstruturaResposta</tag>
<status status="PASS" start="2024-07-02T15:15:36.099296" elapsed="0.090668"/>
</test>
<test id="s1-s1-t4" name="Validar tipos de dados" line="28">
<kw name="Teste de Tipos de Dados" owner="random-user-service">
<kw name="GET On Session" owner="RequestsLibrary">
<msg time="2024-07-02T15:15:36.274053" level="INFO">GET Request : url=https://randomuser.me/api 
 path_url=/api 
 headers={'User-Agent': 'python-requests/2.32.3', 'Accept-Encoding': 'gzip, deflate', 'Accept': '*/*', 'Connection': 'keep-alive'} 
 body=None 
 </msg>
<msg time="2024-07-02T15:15:36.274167" level="INFO">GET Response : url=https://randomuser.me/api 
 status=200, reason=OK 
 headers={'Date': 'Tue, 02 Jul 2024 15:15:36 GMT', 'Content-Type': 'application/json; charset=utf-8', 'Transfer-Encoding': 'chunked', 'Connection': 'keep-alive', 'X-Powered-By': 'Express', 'Access-Control-Allow-Origin': '*', 'Cache-Control': 'no-cache', 'ETag': 'W/"465-eQ9Ssk2FDpzG821WpAYrH/bBTUk"', 'Vary': 'Accept-Encoding', 'Content-Encoding': 'gzip', 'CF-Cache-Status': 'DYNAMIC', 'Report-To': '{"endpoints":[{"url":"https:\\/\\/a.nel.cloudflare.com\\/report\\/v4?s=dt9zj100c6RBoGrSYI14sfQjVWgDT5zNvSmB1Z5BUHFgJS9%2BgnaBfQN1SenwuRYfUrGQCP4MnKPPANNGDrIL9Cbw0Pkv29w9uC%2B6XV%2BxOXyBBD%2FH%2BJ8%2FmmUY7E8ToLZI"}],"group":"cf-nel","max_age":604800}', 'NEL': '{"success_fraction":0,"report_to":"cf-nel","max_age":604800}', 'Server': 'cloudflare', 'CF-RAY': '89cf97973ff420b2-IAD', 'alt-svc': 'h3=":443"; ma=86400'} 
 body={"results":[{"gender":"male","name":{"title":"Mr","first":"Aaron","last":"Patel"},"location":{"street":{"number":5920,"name":"Taupo Quay"},"city":"Dunedin","state":"Southland","country":"New Zealand","postcode":56864,"coordinates":{"latitude":"48.2646","longitude":"-66.0626"},"timezone":{"offset":"+5:45","description":"Kathmandu"}},"email":"aaron.patel@example.com","login":{"uuid":"09b9d2a8-b49c-4875-a12e-099a34cf3be9","username":"bigwolf133","password":"allegro","salt":"RrMWHEtk","md5":"d94169c7741c78b644bcb0333ca27f1f","sha1":"28b4a1e58dbf363ea08b4fa0fcf9a3029874eb9c","sha256":"11ea75f7a33580ec272538cbf260969835721c691eed67fe1f9fc9afdc98fa30"},"dob":{"date":"1979-03-01T06:07:06.132Z","age":45},"registered":{"date":"2013-08-07T23:17:44.089Z","age":10},"phone":"(227)-927-8500","cell":"(437)-945-3356","id":{"name":"","value":null},"picture":{"large":"https://randomuser.me/api/portraits/men/66.jpg","medium":"https://randomuser.me/api/portraits/med/men/66.jpg","thumbnail":"https://randomuser.me/api/portraits/thumb/men/66.jpg"},"nat":"NZ"}],"info":{"seed":"94200e0ebbf5a7a3","results":1,"page":1,"version":"1.4"}} 
 </msg>
<msg time="2024-07-02T15:15:36.274257" level="INFO">/opt/hostedtoolcache/Python/3.12.4/x64/lib/python3.12/site-packages/urllib3/connectionpool.py:1099: InsecureRequestWarning: Unverified HTTPS request is being made to host 'randomuser.me'. Adding certificate verification is strongly advised. See: https://urllib3.readthedocs.io/en/latest/advanced-usage.html#tls-warnings
  warnings.warn(</msg>
<msg time="2024-07-02T15:15:36.274387" level="INFO">${response} = &lt;Response [200]&gt;</msg>
<var>${response}</var>
<arg>consultarAPI</arg>
<arg>/api</arg>
<doc>Sends a GET request on a previously created HTTP Session.</doc>
<status status="PASS" start="2024-07-02T15:15:36.192702" elapsed="0.081718"/>
</kw>
<kw name="Set Variable" owner="BuiltIn">
<msg time="2024-07-02T15:15:36.275506" level="INFO">${json_data} = {'results': [{'gender': 'male', 'name': {'title': 'Mr', 'first': 'Aaron', 'last': 'Patel'}, 'location': {'street': {'number': 5920, 'name': 'Taupo Quay'}, 'city': 'Dunedin', 'state': 'Southland', 'cou...</msg>
<var>${json_data}</var>
<arg>${response.json()}</arg>
<doc>Returns the given values which can then be assigned to a variables.</doc>
<status status="PASS" start="2024-07-02T15:15:36.274968" elapsed="0.000572"/>
</kw>
<kw name="Log" owner="BuiltIn">
<msg time="2024-07-02T15:15:36.276031" level="INFO">{'results': [{'gender': 'male', 'name': {'title': 'Mr', 'first': 'Aaron', 'last': 'Patel'}, 'location': {'street': {'number': 5920, 'name': 'Taupo Quay'}, 'city': 'Dunedin', 'state': 'Southland', 'country': 'New Zealand', 'postcode': 56864, 'coordinates': {'latitude': '48.2646', 'longitude': '-66.0626'}, 'timezone': {'offset': '+5:45', 'description': 'Kathmandu'}}, 'email': 'aaron.patel@example.com', 'login': {'uuid': '09b9d2a8-b49c-4875-a12e-099a34cf3be9', 'username': 'bigwolf133', 'password': 'allegro', 'salt': 'RrMWHEtk', 'md5': 'd94169c7741c78b644bcb0333ca27f1f', 'sha1': '28b4a1e58dbf363ea08b4fa0fcf9a3029874eb9c', 'sha256': '11ea75f7a33580ec272538cbf260969835721c691eed67fe1f9fc9afdc98fa30'}, 'dob': {'date': '1979-03-01T06:07:06.132Z', 'age': 45}, 'registered': {'date': '2013-08-07T23:17:44.089Z', 'age': 10}, 'phone': '(227)-927-8500', 'cell': '(437)-945-3356', 'id': {'name': '', 'value': None}, 'picture': {'large': 'https://randomuser.me/api/portraits/men/66.jpg', 'medium': 'https://randomuser.me/api/portraits/med/men/66.jpg', 'thumbnail': 'https://randomuser.me/api/portraits/thumb/men/66.jpg'}, 'nat': 'NZ'}], 'info': {'seed': '94200e0ebbf5a7a3', 'results': 1, 'page': 1, 'version': '1.4'}}</msg>
<arg>${json_data}</arg>
<doc>Logs the given message with the given level.</doc>
<status status="PASS" start="2024-07-02T15:15:36.275868" elapsed="0.000212"/>
</kw>
<kw name="Should Be String" owner="String">
<arg>${json_data['results'][0]['gender']}</arg>
<doc>Fails if the given ``item`` is not a string.</doc>
<status status="PASS" start="2024-07-02T15:15:36.276427" elapsed="0.000370"/>
</kw>
<kw name="Should Match Regexp" owner="BuiltIn">
<arg>${json_data['results'][0]['email']}</arg>
<arg>^[a-zA-Z0-9._%+-]+@[a-zA-Z0-9.-]+\.[a-zA-Z]{2,}$</arg>
<doc>Fails if ``string`` does not match ``pattern`` as a regular expression.</doc>
<status status="PASS" start="2024-07-02T15:15:36.276984" elapsed="0.000568"/>
</kw>
<kw name="Should Match Regexp" owner="BuiltIn">
<arg>${json_data['results'][0]['dob']['date']}</arg>
<arg>\\d{4}-\\d{2}-\\d{2}T\\d{2}:\\d{2}:\\d{2}\\.\\d{3}Z</arg>
<doc>Fails if ``string`` does not match ``pattern`` as a regular expression.</doc>
<status status="PASS" start="2024-07-02T15:15:36.277751" elapsed="0.000483"/>
</kw>
<kw name="Should Match Regexp" owner="BuiltIn">
<arg>${json_data['results'][0]['registered']['date']}</arg>
<arg>\\d{4}-\\d{2}-\\d{2}T\\d{2}:\\d{2}:\\d{2}\\.\\d{3}Z</arg>
<doc>Fails if ``string`` does not match ``pattern`` as a regular expression.</doc>
<status status="PASS" start="2024-07-02T15:15:36.278424" elapsed="0.000364"/>
</kw>
<kw name="Should Match Regexp" owner="BuiltIn">
<arg>${json_data['results'][0]['picture']['large']}</arg>
<arg>^https?://.*\.(?:png|jpe?g|gif|bmp)$</arg>
<doc>Fails if ``string`` does not match ``pattern`` as a regular expression.</doc>
<status status="PASS" start="2024-07-02T15:15:36.278971" elapsed="0.000457"/>
</kw>
<kw name="Should Match Regexp" owner="BuiltIn">
<arg>${json_data['results'][0]['picture']['medium']}</arg>
<arg>^https?://.*\.(?:png|jpe?g|gif|bmp)$</arg>
<doc>Fails if ``string`` does not match ``pattern`` as a regular expression.</doc>
<status status="PASS" start="2024-07-02T15:15:36.279615" elapsed="0.000359"/>
</kw>
<kw name="Should Match Regexp" owner="BuiltIn">
<arg>${json_data['results'][0]['picture']['thumbnail']}</arg>
<arg>^https?://.*\.(?:png|jpe?g|gif|bmp)$</arg>
<doc>Fails if ``string`` does not match ``pattern`` as a regular expression.</doc>
<status status="PASS" start="2024-07-02T15:15:36.280181" elapsed="0.000373"/>
</kw>
<kw name="Log" owner="BuiltIn">
<msg time="2024-07-02T15:15:36.281073" level="INFO">{'large': 'https://randomuser.me/api/portraits/men/66.jpg', 'medium': 'https://randomuser.me/api/portraits/med/men/66.jpg', 'thumbnail': 'https://randomuser.me/api/portraits/thumb/men/66.jpg'}</msg>
<arg>${json_data['results'][0]['picture']}</arg>
<doc>Logs the given message with the given level.</doc>
<status status="PASS" start="2024-07-02T15:15:36.280741" elapsed="0.000375"/>
</kw>
<status status="PASS" start="2024-07-02T15:15:36.192457" elapsed="0.088926"/>
</kw>
<kw name="Teste de Tipos de Dados - Postcode" owner="random-user-service">
<kw name="GET On Session" owner="RequestsLibrary">
<msg time="2024-07-02T15:15:36.387378" level="INFO">GET Request : url=https://randomuser.me/api 
 path_url=/api 
 headers={'User-Agent': 'python-requests/2.32.3', 'Accept-Encoding': 'gzip, deflate', 'Accept': '*/*', 'Connection': 'keep-alive'} 
 body=None 
 </msg>
<msg time="2024-07-02T15:15:36.387493" level="INFO">GET Response : url=https://randomuser.me/api 
 status=200, reason=OK 
 headers={'Date': 'Tue, 02 Jul 2024 15:15:36 GMT', 'Content-Type': 'application/json; charset=utf-8', 'Transfer-Encoding': 'chunked', 'Connection': 'keep-alive', 'X-Powered-By': 'Express', 'Access-Control-Allow-Origin': '*', 'Cache-Control': 'no-cache', 'ETag': 'W/"481-i5hElckn70iwj+gnivaNOmusyLo"', 'Vary': 'Accept-Encoding', 'Content-Encoding': 'gzip', 'CF-Cache-Status': 'DYNAMIC', 'Report-To': '{"endpoints":[{"url":"https:\\/\\/a.nel.cloudflare.com\\/report\\/v4?s=2msynQJU06weB34eE3KPq8dtP1%2BgLiET%2FlMk7geKisuoyxe6TE5ib%2FMzS9TQoLxRbfG4Y7Al%2B2OVxuuVub6e750aNCWzZkzPoZzpd67k9bJWOvPolDn7xtIwZ3hZ22wE"}],"group":"cf-nel","max_age":604800}', 'NEL': '{"success_fraction":0,"report_to":"cf-nel","max_age":604800}', 'Server': 'cloudflare', 'CF-RAY': '89cf9797c89920b2-IAD', 'alt-svc': 'h3=":443"; ma=86400'} 
 body={"results":[{"gender":"female","name":{"title":"Ms","first":"Adriana","last":"González"},"location":{"street":{"number":7913,"name":"Calle del Barquillo"},"city":"La Coruña","state":"Cataluña","country":"Spain","postcode":81040,"coordinates":{"latitude":"-37.7847","longitude":"162.5313"},"timezone":{"offset":"+3:30","description":"Tehran"}},"email":"adriana.gonzalez@example.com","login":{"uuid":"05f9cc65-cec0-4b4d-9dba-fba3f0c0d202","username":"redzebra755","password":"qwert1","salt":"5WdRq1J1","md5":"2a1b6145fb2cd3954a7166e12e02d344","sha1":"8b817fb907bdc6407add01f956a73383b0b9ba13","sha256":"b1b25ea2314ddd419e51516dbcb9255ea40aaa58d28c86b9661feac481fdd0f7"},"dob":{"date":"1982-09-05T21:28:19.084Z","age":41},"registered":{"date":"2007-03-13T18:45:27.792Z","age":17},"phone":"907-081-013","cell":"636-603-647","id":{"name":"DNI","value":"58249535-C"},"picture":{"large":"https://randomuser.me/api/portraits/women/95.jpg","medium":"https://randomuser.me/api/portraits/med/women/95.jpg","thumbnail":"https://randomuser.me/api/portraits/thumb/women/95.jpg"},"nat":"ES"}],"info":{"seed":"8138c71d191bbbd5","results":1,"page":1,"version":"1.4"}} 
 </msg>
<msg time="2024-07-02T15:15:36.387576" level="INFO">/opt/hostedtoolcache/Python/3.12.4/x64/lib/python3.12/site-packages/urllib3/connectionpool.py:1099: InsecureRequestWarning: Unverified HTTPS request is being made to host 'randomuser.me'. Adding certificate verification is strongly advised. See: https://urllib3.readthedocs.io/en/latest/advanced-usage.html#tls-warnings
  warnings.warn(</msg>
<msg time="2024-07-02T15:15:36.387699" level="INFO">${response} = &lt;Response [200]&gt;</msg>
<var>${response}</var>
<arg>consultarAPI</arg>
<arg>/api</arg>
<doc>Sends a GET request on a previously created HTTP Session.</doc>
<status status="PASS" start="2024-07-02T15:15:36.281848" elapsed="0.105879"/>
</kw>
<kw name="Set Variable" owner="BuiltIn">
<msg time="2024-07-02T15:15:36.388829" level="INFO">${json_data} = {'results': [{'gender': 'female', 'name': {'title': 'Ms', 'first': 'Adriana', 'last': 'González'}, 'location': {'street': {'number': 7913, 'name': 'Calle del Barquillo'}, 'city': 'La Coruña', 'state':...</msg>
<var>${json_data}</var>
<arg>${response.json()}</arg>
<doc>Returns the given values which can then be assigned to a variables.</doc>
<status status="PASS" start="2024-07-02T15:15:36.388295" elapsed="0.000563"/>
</kw>
<kw name="Log" owner="BuiltIn">
<msg time="2024-07-02T15:15:36.389327" level="INFO">{'results': [{'gender': 'female', 'name': {'title': 'Ms', 'first': 'Adriana', 'last': 'González'}, 'location': {'street': {'number': 7913, 'name': 'Calle del Barquillo'}, 'city': 'La Coruña', 'state': 'Cataluña', 'country': 'Spain', 'postcode': 81040, 'coordinates': {'latitude': '-37.7847', 'longitude': '162.5313'}, 'timezone': {'offset': '+3:30', 'description': 'Tehran'}}, 'email': 'adriana.gonzalez@example.com', 'login': {'uuid': '05f9cc65-cec0-4b4d-9dba-fba3f0c0d202', 'username': 'redzebra755', 'password': 'qwert1', 'salt': '5WdRq1J1', 'md5': '2a1b6145fb2cd3954a7166e12e02d344', 'sha1': '8b817fb907bdc6407add01f956a73383b0b9ba13', 'sha256': 'b1b25ea2314ddd419e51516dbcb9255ea40aaa58d28c86b9661feac481fdd0f7'}, 'dob': {'date': '1982-09-05T21:28:19.084Z', 'age': 41}, 'registered': {'date': '2007-03-13T18:45:27.792Z', 'age': 17}, 'phone': '907-081-013', 'cell': '636-603-647', 'id': {'name': 'DNI', 'value': '58249535-C'}, 'picture': {'large': 'https://randomuser.me/api/portraits/women/95.jpg', 'medium': 'https://randomuser.me/api/portraits/med/women/95.jpg', 'thumbnail': 'https://randomuser.me/api/portraits/thumb/women/95.jpg'}, 'nat': 'ES'}], 'info': {'seed': '8138c71d191bbbd5', 'results': 1, 'page': 1, 'version': '1.4'}}</msg>
<arg>${json_data}</arg>
<doc>Logs the given message with the given level.</doc>
<status status="PASS" start="2024-07-02T15:15:36.389166" elapsed="0.000210"/>
</kw>
<kw name="Should Be Equal As Numbers" owner="BuiltIn">
<arg>${json_data['results'][0]['location']['postcode']}</arg>
<arg>${json_data['results'][0]['location']['postcode']}</arg>
<doc>Fails if objects are unequal after converting them to real numbers.</doc>
<status status="PASS" start="2024-07-02T15:15:36.389666" elapsed="0.000618"/>
</kw>
<kw name="Log" owner="BuiltIn">
<msg time="2024-07-02T15:15:36.390805" level="INFO">81040</msg>
<arg>${json_data['results'][0]['location']['postcode']}</arg>
<doc>Logs the given message with the given level.</doc>
<status status="PASS" start="2024-07-02T15:15:36.390467" elapsed="0.000378"/>
</kw>
<status status="PASS" start="2024-07-02T15:15:36.281617" elapsed="0.109509"/>
</kw>
<doc>Testa se os tipos de dados na resposta da API estão corretos.</doc>
<tag>testeTiposDados</tag>
<status status="PASS" start="2024-07-02T15:15:36.191741" elapsed="0.199554"/>
</test>
<test id="s1-s1-t5" name="Validar conteudo" line="35">
<kw name="Teste de Tipos de Conteudo" owner="random-user-service">
<kw name="GET On Session" owner="RequestsLibrary">
<msg time="2024-07-02T15:15:36.483674" level="INFO">GET Request : url=https://randomuser.me/api 
 path_url=/api 
 headers={'User-Agent': 'python-requests/2.32.3', 'Accept-Encoding': 'gzip, deflate', 'Accept': '*/*', 'Connection': 'keep-alive'} 
 body=None 
 </msg>
<msg time="2024-07-02T15:15:36.483782" level="INFO">GET Response : url=https://randomuser.me/api 
 status=200, reason=OK 
 headers={'Date': 'Tue, 02 Jul 2024 15:15:36 GMT', 'Content-Type': 'application/json; charset=utf-8', 'Transfer-Encoding': 'chunked', 'Connection': 'keep-alive', 'X-Powered-By': 'Express', 'Access-Control-Allow-Origin': '*', 'Cache-Control': 'no-cache', 'ETag': 'W/"497-kWz5BjwAYOfG2L0OANuOejzLlWM"', 'Vary': 'Accept-Encoding', 'Content-Encoding': 'gzip', 'CF-Cache-Status': 'DYNAMIC', 'Report-To': '{"endpoints":[{"url":"https:\\/\\/a.nel.cloudflare.com\\/report\\/v4?s=9pp21zErqGAEu0dThAGny0LA9WgX4jNlOKebmwEpliVL34TFdlKj0bZ7UzQBWAZ%2Bj%2FY17dMFN%2FelU4qu5Fr3gg3Ot69j2pOjFma3hRsaPBg93S82lNQqWED1Zrt37fBE"}],"group":"cf-nel","max_age":604800}', 'NEL': '{"success_fraction":0,"report_to":"cf-nel","max_age":604800}', 'Server': 'cloudflare', 'CF-RAY': '89cf9798796b20b2-IAD', 'alt-svc': 'h3=":443"; ma=86400'} 
 body={"results":[{"gender":"female","name":{"title":"Ms","first":"Jeanne","last":"Dupont"},"location":{"street":{"number":7130,"name":"Rue de la Baleine"},"city":"Roubaix","state":"Oise","country":"France","postcode":71175,"coordinates":{"latitude":"-19.0285","longitude":"3.2828"},"timezone":{"offset":"-7:00","description":"Mountain Time (US &amp; Canada)"}},"email":"jeanne.dupont@example.com","login":{"uuid":"73c2b9cb-a190-4f37-9f23-4150fd75dcad","username":"brownelephant181","password":"bummer","salt":"gLd9pDu7","md5":"c045cbfd573b9248278bb4ca5b5c7640","sha1":"eba45d3eb08192736102b6de676ea06f4173f09d","sha256":"bd4e620dda89932d195d9092b53bd7c9f0f644123496475cb97ba788d8582137"},"dob":{"date":"1962-12-06T20:47:44.874Z","age":61},"registered":{"date":"2003-05-14T16:38:24.243Z","age":21},"phone":"05-43-87-68-35","cell":"06-02-25-99-20","id":{"name":"INSEE","value":"2621118785229 30"},"picture":{"large":"https://randomuser.me/api/portraits/women/92.jpg","medium":"https://randomuser.me/api/portraits/med/women/92.jpg","thumbnail":"https://randomuser.me/api/portraits/thumb/women/92.jpg"},"nat":"FR"}],"info":{"seed":"6b23f0784b5cdf0b","results":1,"page":1,"version":"1.4"}} 
 </msg>
<msg time="2024-07-02T15:15:36.483874" level="INFO">/opt/hostedtoolcache/Python/3.12.4/x64/lib/python3.12/site-packages/urllib3/connectionpool.py:1099: InsecureRequestWarning: Unverified HTTPS request is being made to host 'randomuser.me'. Adding certificate verification is strongly advised. See: https://urllib3.readthedocs.io/en/latest/advanced-usage.html#tls-warnings
  warnings.warn(</msg>
<msg time="2024-07-02T15:15:36.484005" level="INFO">${response} = &lt;Response [200]&gt;</msg>
<var>${response}</var>
<arg>consultarAPI</arg>
<arg>/api</arg>
<doc>Sends a GET request on a previously created HTTP Session.</doc>
<status status="PASS" start="2024-07-02T15:15:36.393901" elapsed="0.090143"/>
</kw>
<kw name="Set Variable" owner="BuiltIn">
<msg time="2024-07-02T15:15:36.485349" level="INFO">${json_data} = {'results': [{'gender': 'female', 'name': {'title': 'Ms', 'first': 'Jeanne', 'last': 'Dupont'}, 'location': {'street': {'number': 7130, 'name': 'Rue de la Baleine'}, 'city': 'Roubaix', 'state': 'Oise'...</msg>
<var>${json_data}</var>
<arg>${response.json()}</arg>
<doc>Returns the given values which can then be assigned to a variables.</doc>
<status status="PASS" start="2024-07-02T15:15:36.484753" elapsed="0.000624"/>
</kw>
<kw name="Set Variable" owner="BuiltIn">
<msg time="2024-07-02T15:15:36.486071" level="INFO">${name_title} = Ms</msg>
<var>${name_title}</var>
<arg>${json_data["results"][0]["name"]["title"]}</arg>
<doc>Returns the given values which can then be assigned to a variables.</doc>
<status status="PASS" start="2024-07-02T15:15:36.485691" elapsed="0.000405"/>
</kw>
<kw name="Create List" owner="BuiltIn">
<msg time="2024-07-02T15:15:36.486546" level="INFO">${allowed_titles} = ['Mr', 'Ms', 'Miss', 'Mrs', 'Madame', 'Monsieur']</msg>
<var>${allowed_titles}</var>
<arg>Mr</arg>
<arg>Ms</arg>
<arg>Miss</arg>
<arg>Mrs</arg>
<arg>Madame</arg>
<arg>Monsieur</arg>
<doc>Returns a list containing given items.</doc>
<status status="PASS" start="2024-07-02T15:15:36.486389" elapsed="0.000180"/>
</kw>
<kw name="List Should Contain Value" owner="Collections">
<arg>${allowed_titles}</arg>
<arg>${name_title}</arg>
<doc>Fails if the ``value`` is not found from ``list``.</doc>
<status status="PASS" start="2024-07-02T15:15:36.486863" elapsed="0.000174"/>
</kw>
<kw name="Set Variable" owner="BuiltIn">
<msg time="2024-07-02T15:15:36.487569" level="INFO">${name_country} = FR</msg>
<var>${name_country}</var>
<arg>${json_data["results"][0]["nat"]}</arg>
<doc>Returns the given values which can then be assigned to a variables.</doc>
<status status="PASS" start="2024-07-02T15:15:36.487209" elapsed="0.000384"/>
</kw>
<kw name="Create List" owner="BuiltIn">
<msg time="2024-07-02T15:15:36.488521" level="INFO">${list_country} = ['AD', 'AE', 'AF', 'AG', 'AI', 'AL', 'AM', 'AO', 'AQ', 'AR', 'AS', 'AT', 'AU', 'AW', 'AX', 'AZ', 'BA', 'BB', 'BD', 'BE', 'BF', 'BG', 'BH', 'BI', 'BJ', 'BL', 'BM', 'BN', 'BO', 'BQ', 'BR', 'BS', 'BT', '...</msg>
<var>${list_country}</var>
<arg>AD</arg>
<arg>AE</arg>
<arg>AF</arg>
<arg>AG</arg>
<arg>AI</arg>
<arg>AL</arg>
<arg>AM</arg>
<arg>AO</arg>
<arg>AQ</arg>
<arg>AR</arg>
<arg>AS</arg>
<arg>AT</arg>
<arg>AU</arg>
<arg>AW</arg>
<arg>AX</arg>
<arg>AZ</arg>
<arg>BA</arg>
<arg>BB</arg>
<arg>BD</arg>
<arg>BE</arg>
<arg>BF</arg>
<arg>BG</arg>
<arg>BH</arg>
<arg>BI</arg>
<arg>BJ</arg>
<arg>BL</arg>
<arg>BM</arg>
<arg>BN</arg>
<arg>BO</arg>
<arg>BQ</arg>
<arg>BR</arg>
<arg>BS</arg>
<arg>BT</arg>
<arg>BV</arg>
<arg>BW</arg>
<arg>BY</arg>
<arg>BZ</arg>
<arg>CA</arg>
<arg>CC</arg>
<arg>CD</arg>
<arg>CF</arg>
<arg>CG</arg>
<arg>CH</arg>
<arg>CI</arg>
<arg>CK</arg>
<arg>CL</arg>
<arg>CM</arg>
<arg>CN</arg>
<arg>CO</arg>
<arg>CR</arg>
<arg>CU</arg>
<arg>CV</arg>
<arg>CW</arg>
<arg>CX</arg>
<arg>CY</arg>
<arg>CZ</arg>
<arg>DE</arg>
<arg>DJ</arg>
<arg>DK</arg>
<arg>DM</arg>
<arg>DO</arg>
<arg>DZ</arg>
<arg>EC</arg>
<arg>EE</arg>
<arg>EG</arg>
<arg>EH</arg>
<arg>ER</arg>
<arg>ES</arg>
<arg>ET</arg>
<arg>FI</arg>
<arg>FJ</arg>
<arg>FK</arg>
<arg>FM</arg>
<arg>FO</arg>
<arg>FR</arg>
<arg>GA</arg>
<arg>GB</arg>
<arg>GD</arg>
<arg>GE</arg>
<arg>GF</arg>
<arg>GG</arg>
<arg>GH</arg>
<arg>GI</arg>
<arg>GL</arg>
<arg>GM</arg>
<arg>GN</arg>
<arg>GP</arg>
<arg>GQ</arg>
<arg>GR</arg>
<arg>GS</arg>
<arg>GT</arg>
<arg>GU</arg>
<arg>GW</arg>
<arg>GY</arg>
<arg>HK</arg>
<arg>HM</arg>
<arg>HN</arg>
<arg>HR</arg>
<arg>HT</arg>
<arg>HU</arg>
<arg>ID</arg>
<arg>IE</arg>
<arg>IL</arg>
<arg>IM</arg>
<arg>IN</arg>
<arg>IO</arg>
<arg>IQ</arg>
<arg>IR</arg>
<arg>IS</arg>
<arg>IT</arg>
<arg>JE</arg>
<arg>JM</arg>
<arg>JO</arg>
<arg>JP</arg>
<arg>KE</arg>
<arg>KG</arg>
<arg>KH</arg>
<arg>KI</arg>
<arg>KM</arg>
<arg>KN</arg>
<arg>KP</arg>
<arg>KR</arg>
<arg>KW</arg>
<arg>KY</arg>
<arg>KZ</arg>
<arg>LA</arg>
<arg>LB</arg>
<arg>LC</arg>
<arg>LI</arg>
<arg>LK</arg>
<arg>LR</arg>
<arg>LS</arg>
<arg>LT</arg>
<arg>LU</arg>
<arg>LV</arg>
<arg>LY</arg>
<arg>MA</arg>
<arg>MC</arg>
<arg>MD</arg>
<arg>ME</arg>
<arg>MF</arg>
<arg>MG</arg>
<arg>MH</arg>
<arg>MK</arg>
<arg>ML</arg>
<arg>MM</arg>
<arg>MN</arg>
<arg>MO</arg>
<arg>MP</arg>
<arg>MQ</arg>
<arg>MR</arg>
<arg>MS</arg>
<arg>MT</arg>
<arg>MU</arg>
<arg>MV</arg>
<arg>MW</arg>
<arg>MX</arg>
<arg>MY</arg>
<arg>MZ</arg>
<arg>NA</arg>
<arg>NC</arg>
<arg>NE</arg>
<arg>NF</arg>
<arg>NG</arg>
<arg>NI</arg>
<arg>NL</arg>
<arg>NO</arg>
<arg>NP</arg>
<arg>NR</arg>
<arg>NU</arg>
<arg>NZ</arg>
<arg>OM</arg>
<arg>PA</arg>
<arg>PE</arg>
<arg>PF</arg>
<arg>PG</arg>
<arg>PH</arg>
<arg>PK</arg>
<arg>PL</arg>
<arg>PM</arg>
<arg>PN</arg>
<arg>PR</arg>
<arg>PS</arg>
<arg>PT</arg>
<arg>PW</arg>
<arg>PY</arg>
<arg>QA</arg>
<arg>RE</arg>
<arg>RO</arg>
<arg>RS</arg>
<arg>RU</arg>
<arg>RW</arg>
<arg>SA</arg>
<arg>SB</arg>
<arg>SC</arg>
<arg>SD</arg>
<arg>SE</arg>
<arg>SG</arg>
<arg>SH</arg>
<arg>SI</arg>
<arg>SJ</arg>
<arg>SK</arg>
<arg>SL</arg>
<arg>SM</arg>
<arg>SN</arg>
<arg>SO</arg>
<arg>SR</arg>
<arg>SS</arg>
<arg>ST</arg>
<arg>SV</arg>
<arg>SX</arg>
<arg>SY</arg>
<arg>SZ</arg>
<arg>TC</arg>
<arg>TD</arg>
<arg>TF</arg>
<arg>TG</arg>
<arg>TH</arg>
<arg>TJ</arg>
<arg>TK</arg>
<arg>TL</arg>
<arg>TM</arg>
<arg>TN</arg>
<arg>TO</arg>
<arg>TR</arg>
<arg>TT</arg>
<arg>TV</arg>
<arg>TW</arg>
<arg>TZ</arg>
<arg>UA</arg>
<arg>UG</arg>
<arg>UM</arg>
<arg>US</arg>
<arg>UY</arg>
<arg>UZ</arg>
<arg>VA</arg>
<arg>VC</arg>
<arg>VE</arg>
<arg>VG</arg>
<arg>VI</arg>
<arg>VN</arg>
<arg>VU</arg>
<arg>WF</arg>
<arg>WS</arg>
<arg>XK</arg>
<arg>YE</arg>
<arg>YT</arg>
<arg>ZA</arg>
<arg>ZM</arg>
<arg>ZW</arg>
<doc>Returns a list containing given items.</doc>
<status status="PASS" start="2024-07-02T15:15:36.487879" elapsed="0.000668"/>
</kw>
<kw name="List Should Contain Value" owner="Collections">
<arg>${list_country}</arg>
<arg>${name_country}</arg>
<doc>Fails if the ``value`` is not found from ``list``.</doc>
<status status="PASS" start="2024-07-02T15:15:36.489343" elapsed="0.000203"/>
</kw>
<kw name="Run Keyword If" owner="BuiltIn">
<kw name="Should Be True" owner="BuiltIn">
<arg>${True}</arg>
<doc>Fails if the given condition is not true.</doc>
<status status="PASS" start="2024-07-02T15:15:36.490487" elapsed="0.000142"/>
</kw>
<arg>${json_data["results"][0]["location"]["coordinates"]["latitude"]} &gt;= -90 and ${json_data["results"][0]["location"]["coordinates"]["latitude"]} &lt;= 90</arg>
<arg>Should Be True</arg>
<arg>${True}</arg>
<doc>Runs the given keyword with the given arguments, if ``condition`` is true.</doc>
<status status="PASS" start="2024-07-02T15:15:36.489742" elapsed="0.001010"/>
</kw>
<kw name="Run Keyword If" owner="BuiltIn">
<kw name="Should Be True" owner="BuiltIn">
<arg>${True}</arg>
<doc>Fails if the given condition is not true.</doc>
<status status="PASS" start="2024-07-02T15:15:36.491622" elapsed="0.000136"/>
</kw>
<arg>${json_data["results"][0]["location"]["coordinates"]["longitude"]} &gt;= -180 and ${json_data["results"][0]["location"]["coordinates"]["longitude"]} &lt;= 180</arg>
<arg>Should Be True</arg>
<arg>${True}</arg>
<doc>Runs the given keyword with the given arguments, if ``condition`` is true.</doc>
<status status="PASS" start="2024-07-02T15:15:36.490930" elapsed="0.000947"/>
</kw>
<status status="PASS" start="2024-07-02T15:15:36.393509" elapsed="0.098500"/>
</kw>
<doc>Testa o conteúdo específico dos campos retornados pela API.</doc>
<tag>testeConteudo</tag>
<status status="PASS" start="2024-07-02T15:15:36.393044" elapsed="0.099156"/>
</test>
<status status="PASS" start="2024-07-02T15:15:35.402020" elapsed="1.092167"/>
</suite>
<status status="PASS" start="2024-07-02T15:15:35.387488" elapsed="1.112041"/>
</suite>
<statistics>
<total>
<stat pass="5" fail="0" skip="0">All Tests</stat>
</total>
<tag>
<stat pass="1" fail="0" skip="0">testeConteudo</stat>
<stat pass="1" fail="0" skip="0">testeEstruturaResposta</stat>
<stat pass="1" fail="0" skip="0">testeRequisicaoBasica</stat>
<stat pass="1" fail="0" skip="0">testeTiposDados</stat>
</tag>
<suite>
<stat pass="5" fail="0" skip="0" id="s1" name="Tests">Tests</stat>
<stat pass="5" fail="0" skip="0" id="s1-s1" name="Random-User-Test">Tests.Random-User-Test</stat>
</suite>
</statistics>
<errors>
</errors>
</robot>
