<?xml version="1.0" encoding="UTF-8"?>
<robot generator="Robot 7.0.1 (Python 3.12.4 on linux)" generated="2024-08-10T03:19:54.411725" rpa="false" schemaversion="5">
<suite id="s1" name="Tests" source="/home/runner/work/ApiRandomUser/ApiRandomUser/RamdonUser/tests">
<suite id="s1-s1" name="Random-User-Test" source="/home/runner/work/ApiRandomUser/ApiRandomUser/RamdonUser/tests/random-user-test.robot">
<test id="s1-s1-t1" name="Conectar" line="13">
<kw name="Conectar API" owner="random-user-service">
<kw name="Create Session" owner="RequestsLibrary">
<msg time="2024-08-10T03:19:54.831298" level="INFO">Creating Session using : alias=consultarAPI, url=https://randomuser.me/, headers={},                     cookies={}, auth=None, timeout=None, proxies=None, verify=False,                     debug=0 </msg>
<arg>consultarAPI</arg>
<arg>${URL}</arg>
<doc>Create Session: create a HTTP session to a server</doc>
<status status="PASS" start="2024-08-10T03:19:54.831095" elapsed="0.000383"/>
</kw>
<status status="PASS" start="2024-08-10T03:19:54.830034" elapsed="0.001810"/>
</kw>
<status status="PASS" start="2024-08-10T03:19:54.829357" elapsed="0.002684"/>
</test>
<test id="s1-s1-t2" name="Validar retorno 200 e JSON Válido" line="16">
<kw name="Teste de Requisicao Basica" owner="random-user-service">
<kw name="GET On Session" owner="RequestsLibrary">
<msg time="2024-08-10T03:19:55.401084" level="INFO">GET Request : url=https://randomuser.me/api 
 path_url=/api 
 headers={'User-Agent': 'python-requests/2.32.3', 'Accept-Encoding': 'gzip, deflate', 'Accept': '*/*', 'Connection': 'keep-alive'} 
 body=None 
 </msg>
<msg time="2024-08-10T03:19:55.401234" level="INFO">GET Response : url=https://randomuser.me/api 
 status=200, reason=OK 
 headers={'Date': 'Sat, 10 Aug 2024 03:19:55 GMT', 'Content-Type': 'application/json; charset=utf-8', 'Transfer-Encoding': 'chunked', 'Connection': 'keep-alive', 'X-Powered-By': 'Express', 'Access-Control-Allow-Origin': '*', 'Cache-Control': 'no-cache', 'ETag': 'W/"49a-G2uHKbPMwE7CDKGKXQxvxafy6Y0"', 'Vary': 'Accept-Encoding', 'Content-Encoding': 'gzip', 'CF-Cache-Status': 'DYNAMIC', 'Report-To': '{"endpoints":[{"url":"https:\\/\\/a.nel.cloudflare.com\\/report\\/v4?s=hkQcqo%2BPTsouNjxrsfJvy8gjz6UJLqoCyG75FrszI8VLF58%2BYZbqaBm0NHJFfvaahB0iKbb4y8XRzA5E8nnYbGt89%2BIbqZ6D%2FlC0HU%2FduXjvSTjpVEYc%2F8zJN4geY9WJ"}],"group":"cf-nel","max_age":604800}', 'NEL': '{"success_fraction":0,"report_to":"cf-nel","max_age":604800}', 'Server': 'cloudflare', 'CF-RAY': '8b0cd8d8ff112070-IAD', 'alt-svc': 'h3=":443"; ma=86400'} 
 body={"results":[{"gender":"female","name":{"title":"Ms","first":"Nancy","last":"Toro"},"location":{"street":{"number":474,"name":"Retorno Oaxaca"},"city":"Valle de Chalco","state":"Guerrero","country":"Mexico","postcode":23894,"coordinates":{"latitude":"27.1887","longitude":"152.6654"},"timezone":{"offset":"+10:00","description":"Eastern Australia, Guam, Vladivostok"}},"email":"nancy.toro@example.com","login":{"uuid":"cedf0ee6-2121-40bf-aa59-11c60c891798","username":"organicbird189","password":"east","salt":"glfcT7QP","md5":"bb257925a03b10b63b0b0101437e2851","sha1":"fad286c7e19dbe0ea7151377d90262e9cfb792fa","sha256":"4a4274f69146e1e84d7a2d5923d7e3d1ba5fced1378088c38557f2472026e053"},"dob":{"date":"1987-08-02T16:39:12.208Z","age":37},"registered":{"date":"2010-12-01T14:41:30.065Z","age":13},"phone":"(685) 504 6511","cell":"(676) 540 7034","id":{"name":"NSS","value":"41 79 94 7839 0"},"picture":{"large":"https://randomuser.me/api/portraits/women/4.jpg","medium":"https://randomuser.me/api/portraits/med/women/4.jpg","thumbnail":"https://randomuser.me/api/portraits/thumb/women/4.jpg"},"nat":"MX"}],"info":{"seed":"88cb55f3d26eeb21","results":1,"page":1,"version":"1.4"}} 
 </msg>
<msg time="2024-08-10T03:19:55.401313" level="INFO">/opt/hostedtoolcache/Python/3.12.4/x64/lib/python3.12/site-packages/urllib3/connectionpool.py:1099: InsecureRequestWarning: Unverified HTTPS request is being made to host 'randomuser.me'. Adding certificate verification is strongly advised. See: https://urllib3.readthedocs.io/en/latest/advanced-usage.html#tls-warnings
  warnings.warn(</msg>
<msg time="2024-08-10T03:19:55.401468" level="INFO">${response} = &lt;Response [200]&gt;</msg>
<var>${response}</var>
<arg>consultarAPI</arg>
<arg>/api</arg>
<doc>Sends a GET request on a previously created HTTP Session.</doc>
<status status="PASS" start="2024-08-10T03:19:54.834745" elapsed="0.566769"/>
</kw>
<kw name="Should Be Equal As Numbers" owner="BuiltIn">
<msg time="2024-08-10T03:19:55.402499" level="INFO">Argument types are:
&lt;class 'int'&gt;
&lt;class 'str'&gt;</msg>
<arg>${response.status_code}</arg>
<arg>200</arg>
<doc>Fails if objects are unequal after converting them to real numbers.</doc>
<status status="PASS" start="2024-08-10T03:19:55.402052" elapsed="0.000511"/>
</kw>
<kw name="Log" owner="BuiltIn">
<msg time="2024-08-10T03:19:55.403218" level="INFO">200</msg>
<arg>${response.status_code}</arg>
<doc>Logs the given message with the given level.</doc>
<status status="PASS" start="2024-08-10T03:19:55.402867" elapsed="0.000393"/>
</kw>
<kw name="Set Variable" owner="BuiltIn">
<msg time="2024-08-10T03:19:55.403978" level="INFO">${json_data} = {'results': [{'gender': 'female', 'name': {'title': 'Ms', 'first': 'Nancy', 'last': 'Toro'}, 'location': {'street': {'number': 474, 'name': 'Retorno Oaxaca'}, 'city': 'Valle de Chalco', 'state': 'Guer...</msg>
<var>${json_data}</var>
<arg>${response.json()}</arg>
<doc>Returns the given values which can then be assigned to a variables.</doc>
<status status="PASS" start="2024-08-10T03:19:55.403558" elapsed="0.000448"/>
</kw>
<kw name="Dictionary Should Contain Key" owner="Collections">
<arg>${json_data}</arg>
<arg>results</arg>
<doc>Fails if ``key`` is not found from ``dictionary``.</doc>
<status status="PASS" start="2024-08-10T03:19:55.404316" elapsed="0.000316"/>
</kw>
<status status="PASS" start="2024-08-10T03:19:54.834493" elapsed="0.570292"/>
</kw>
<doc>Testa se a API responde corretamente e retorna um objeto JSON válido.</doc>
<tag>testeRequisicaoBasica</tag>
<status status="PASS" start="2024-08-10T03:19:54.833959" elapsed="0.570999"/>
</test>
<test id="s1-s1-t3" name="Validar estrutura de resposta" line="22">
<kw name="Teste de Estrutura de Resposta" owner="random-user-service">
<kw name="GET On Session" owner="RequestsLibrary">
<msg time="2024-08-10T03:19:55.497386" level="INFO">GET Request : url=https://randomuser.me/api 
 path_url=/api 
 headers={'User-Agent': 'python-requests/2.32.3', 'Accept-Encoding': 'gzip, deflate', 'Accept': '*/*', 'Connection': 'keep-alive'} 
 body=None 
 </msg>
<msg time="2024-08-10T03:19:55.497474" level="INFO">GET Response : url=https://randomuser.me/api 
 status=200, reason=OK 
 headers={'Date': 'Sat, 10 Aug 2024 03:19:55 GMT', 'Content-Type': 'application/json; charset=utf-8', 'Transfer-Encoding': 'chunked', 'Connection': 'keep-alive', 'X-Powered-By': 'Express', 'Access-Control-Allow-Origin': '*', 'Cache-Control': 'no-cache', 'ETag': 'W/"4a0-HrjCJ+JXUUOx8dXsxB0OQtJEEgk"', 'Vary': 'Accept-Encoding', 'Content-Encoding': 'gzip', 'CF-Cache-Status': 'DYNAMIC', 'Report-To': '{"endpoints":[{"url":"https:\\/\\/a.nel.cloudflare.com\\/report\\/v4?s=bDQ4TIJDvwi0%2FkMhb7HEnStHKPrXhLdqgOFCFA7aGm639dtPXuqS7eQJ%2Fal1cDeyF6ZHEU3EG3ysTCJqlTGD3NK%2BEOqr3roYjsa69I8M6UkSp7r32fSsPN%2FgsWYdmqf0"}],"group":"cf-nel","max_age":604800}', 'NEL': '{"success_fraction":0,"report_to":"cf-nel","max_age":604800}', 'Server': 'cloudflare', 'CF-RAY': '8b0cd8db494f2070-IAD', 'alt-svc': 'h3=":443"; ma=86400'} 
 body={"results":[{"gender":"male","name":{"title":"Mr","first":"Bastian","last":"Smeitink"},"location":{"street":{"number":7721,"name":"Frans van Thoorlaan"},"city":"Etten Gld","state":"Overijssel","country":"Netherlands","postcode":"2760 TO","coordinates":{"latitude":"34.5865","longitude":"-42.3477"},"timezone":{"offset":"+4:00","description":"Abu Dhabi, Muscat, Baku, Tbilisi"}},"email":"bastian.smeitink@example.com","login":{"uuid":"1a9c83b1-ec72-4e3b-91f5-745989d2ad6f","username":"whitegoose526","password":"angela1","salt":"6UBi5mSh","md5":"38a42cce46294c09e98bdd59e6512459","sha1":"c131621d8929fe991363acb27e89fcc67595e97b","sha256":"d3bf0be22a657f403a97608d165a4b28d2f2fe07f097a2a93619d50c7ac9a3bc"},"dob":{"date":"1959-10-25T21:17:22.678Z","age":64},"registered":{"date":"2009-03-31T10:15:21.606Z","age":15},"phone":"(055) 8168495","cell":"(06) 11698818","id":{"name":"BSN","value":"17710616"},"picture":{"large":"https://randomuser.me/api/portraits/men/59.jpg","medium":"https://randomuser.me/api/portraits/med/men/59.jpg","thumbnail":"https://randomuser.me/api/portraits/thumb/men/59.jpg"},"nat":"NL"}],"info":{"seed":"6980b3cc53c99a28","results":1,"page":1,"version":"1.4"}} 
 </msg>
<msg time="2024-08-10T03:19:55.497600" level="INFO">/opt/hostedtoolcache/Python/3.12.4/x64/lib/python3.12/site-packages/urllib3/connectionpool.py:1099: InsecureRequestWarning: Unverified HTTPS request is being made to host 'randomuser.me'. Adding certificate verification is strongly advised. See: https://urllib3.readthedocs.io/en/latest/advanced-usage.html#tls-warnings
  warnings.warn(</msg>
<msg time="2024-08-10T03:19:55.497773" level="INFO">${response} = &lt;Response [200]&gt;</msg>
<var>${response}</var>
<arg>consultarAPI</arg>
<arg>/api</arg>
<doc>Sends a GET request on a previously created HTTP Session.</doc>
<status status="PASS" start="2024-08-10T03:19:55.407551" elapsed="0.090259"/>
</kw>
<kw name="Set Variable" owner="BuiltIn">
<msg time="2024-08-10T03:19:55.498693" level="INFO">${json_data} = {'results': [{'gender': 'male', 'name': {'title': 'Mr', 'first': 'Bastian', 'last': 'Smeitink'}, 'location': {'street': {'number': 7721, 'name': 'Frans van Thoorlaan'}, 'city': 'Etten Gld', 'state': '...</msg>
<var>${json_data}</var>
<arg>${response.json()}</arg>
<doc>Returns the given values which can then be assigned to a variables.</doc>
<status status="PASS" start="2024-08-10T03:19:55.498220" elapsed="0.000502"/>
</kw>
<kw name="Log" owner="BuiltIn">
<msg time="2024-08-10T03:19:55.499175" level="INFO">{'results': [{'gender': 'male', 'name': {'title': 'Mr', 'first': 'Bastian', 'last': 'Smeitink'}, 'location': {'street': {'number': 7721, 'name': 'Frans van Thoorlaan'}, 'city': 'Etten Gld', 'state': 'Overijssel', 'country': 'Netherlands', 'postcode': '2760 TO', 'coordinates': {'latitude': '34.5865', 'longitude': '-42.3477'}, 'timezone': {'offset': '+4:00', 'description': 'Abu Dhabi, Muscat, Baku, Tbilisi'}}, 'email': 'bastian.smeitink@example.com', 'login': {'uuid': '1a9c83b1-ec72-4e3b-91f5-745989d2ad6f', 'username': 'whitegoose526', 'password': 'angela1', 'salt': '6UBi5mSh', 'md5': '38a42cce46294c09e98bdd59e6512459', 'sha1': 'c131621d8929fe991363acb27e89fcc67595e97b', 'sha256': 'd3bf0be22a657f403a97608d165a4b28d2f2fe07f097a2a93619d50c7ac9a3bc'}, 'dob': {'date': '1959-10-25T21:17:22.678Z', 'age': 64}, 'registered': {'date': '2009-03-31T10:15:21.606Z', 'age': 15}, 'phone': '(055) 8168495', 'cell': '(06) 11698818', 'id': {'name': 'BSN', 'value': '17710616'}, 'picture': {'large': 'https://randomuser.me/api/portraits/men/59.jpg', 'medium': 'https://randomuser.me/api/portraits/med/men/59.jpg', 'thumbnail': 'https://randomuser.me/api/portraits/thumb/men/59.jpg'}, 'nat': 'NL'}], 'info': {'seed': '6980b3cc53c99a28', 'results': 1, 'page': 1, 'version': '1.4'}}</msg>
<arg>${json_data}</arg>
<doc>Logs the given message with the given level.</doc>
<status status="PASS" start="2024-08-10T03:19:55.499019" elapsed="0.000203"/>
</kw>
<kw name="Dictionary Should Contain Key" owner="Collections">
<arg>${json_data}</arg>
<arg>results</arg>
<doc>Fails if ``key`` is not found from ``dictionary``.</doc>
<status status="PASS" start="2024-08-10T03:19:55.499508" elapsed="0.000159"/>
</kw>
<kw name="Should Not Be Empty" owner="BuiltIn">
<msg time="2024-08-10T03:19:55.499970" level="INFO">Length is 2.</msg>
<arg>${json_data}</arg>
<doc>Verifies that the given item is not empty.</doc>
<status status="PASS" start="2024-08-10T03:19:55.499846" elapsed="0.000161"/>
</kw>
<kw name="Create List" owner="BuiltIn">
<msg time="2024-08-10T03:19:55.500443" level="INFO">${expected_keys} = ['gender', 'name', 'location', 'email', 'login']</msg>
<var>${expected_keys}</var>
<arg>gender</arg>
<arg>name</arg>
<arg>location</arg>
<arg>email</arg>
<arg>login</arg>
<doc>Returns a list containing given items.</doc>
<status status="PASS" start="2024-08-10T03:19:55.500290" elapsed="0.000176"/>
</kw>
<for flavor="IN">
<iter>
<kw name="Dictionary Should Contain Key" owner="Collections">
<arg>${json_data['results'][0]}</arg>
<arg>${key}</arg>
<doc>Fails if ``key`` is not found from ``dictionary``.</doc>
<status status="PASS" start="2024-08-10T03:19:55.501037" elapsed="0.000401"/>
</kw>
<kw name="Log" owner="BuiltIn">
<msg time="2024-08-10T03:19:55.502057" level="INFO">{'gender': 'male', 'name': {'title': 'Mr', 'first': 'Bastian', 'last': 'Smeitink'}, 'location': {'street': {'number': 7721, 'name': 'Frans van Thoorlaan'}, 'city': 'Etten Gld', 'state': 'Overijssel', 'country': 'Netherlands', 'postcode': '2760 TO', 'coordinates': {'latitude': '34.5865', 'longitude': '-42.3477'}, 'timezone': {'offset': '+4:00', 'description': 'Abu Dhabi, Muscat, Baku, Tbilisi'}}, 'email': 'bastian.smeitink@example.com', 'login': {'uuid': '1a9c83b1-ec72-4e3b-91f5-745989d2ad6f', 'username': 'whitegoose526', 'password': 'angela1', 'salt': '6UBi5mSh', 'md5': '38a42cce46294c09e98bdd59e6512459', 'sha1': 'c131621d8929fe991363acb27e89fcc67595e97b', 'sha256': 'd3bf0be22a657f403a97608d165a4b28d2f2fe07f097a2a93619d50c7ac9a3bc'}, 'dob': {'date': '1959-10-25T21:17:22.678Z', 'age': 64}, 'registered': {'date': '2009-03-31T10:15:21.606Z', 'age': 15}, 'phone': '(055) 8168495', 'cell': '(06) 11698818', 'id': {'name': 'BSN', 'value': '17710616'}, 'picture': {'large': 'https://randomuser.me/api/portraits/men/59.jpg', 'medium': 'https://randomuser.me/api/portraits/med/men/59.jpg', 'thumbnail': 'https://randomuser.me/api/portraits/thumb/men/59.jpg'}, 'nat': 'NL'}</msg>
<arg>${json_data['results'][0]}</arg>
<doc>Logs the given message with the given level.</doc>
<status status="PASS" start="2024-08-10T03:19:55.501660" elapsed="0.000445"/>
</kw>
<kw name="Log" owner="BuiltIn">
<msg time="2024-08-10T03:19:55.502529" level="INFO">gender</msg>
<arg>${key}</arg>
<doc>Logs the given message with the given level.</doc>
<status status="PASS" start="2024-08-10T03:19:55.502400" elapsed="0.000167"/>
</kw>
<var name="${key}">gender</var>
<status status="PASS" start="2024-08-10T03:19:55.500915" elapsed="0.001870"/>
</iter>
<iter>
<kw name="Dictionary Should Contain Key" owner="Collections">
<arg>${json_data['results'][0]}</arg>
<arg>${key}</arg>
<doc>Fails if ``key`` is not found from ``dictionary``.</doc>
<status status="PASS" start="2024-08-10T03:19:55.503084" elapsed="0.000384"/>
</kw>
<kw name="Log" owner="BuiltIn">
<msg time="2024-08-10T03:19:55.504088" level="INFO">{'gender': 'male', 'name': {'title': 'Mr', 'first': 'Bastian', 'last': 'Smeitink'}, 'location': {'street': {'number': 7721, 'name': 'Frans van Thoorlaan'}, 'city': 'Etten Gld', 'state': 'Overijssel', 'country': 'Netherlands', 'postcode': '2760 TO', 'coordinates': {'latitude': '34.5865', 'longitude': '-42.3477'}, 'timezone': {'offset': '+4:00', 'description': 'Abu Dhabi, Muscat, Baku, Tbilisi'}}, 'email': 'bastian.smeitink@example.com', 'login': {'uuid': '1a9c83b1-ec72-4e3b-91f5-745989d2ad6f', 'username': 'whitegoose526', 'password': 'angela1', 'salt': '6UBi5mSh', 'md5': '38a42cce46294c09e98bdd59e6512459', 'sha1': 'c131621d8929fe991363acb27e89fcc67595e97b', 'sha256': 'd3bf0be22a657f403a97608d165a4b28d2f2fe07f097a2a93619d50c7ac9a3bc'}, 'dob': {'date': '1959-10-25T21:17:22.678Z', 'age': 64}, 'registered': {'date': '2009-03-31T10:15:21.606Z', 'age': 15}, 'phone': '(055) 8168495', 'cell': '(06) 11698818', 'id': {'name': 'BSN', 'value': '17710616'}, 'picture': {'large': 'https://randomuser.me/api/portraits/men/59.jpg', 'medium': 'https://randomuser.me/api/portraits/med/men/59.jpg', 'thumbnail': 'https://randomuser.me/api/portraits/thumb/men/59.jpg'}, 'nat': 'NL'}</msg>
<arg>${json_data['results'][0]}</arg>
<doc>Logs the given message with the given level.</doc>
<status status="PASS" start="2024-08-10T03:19:55.503660" elapsed="0.000477"/>
</kw>
<kw name="Log" owner="BuiltIn">
<msg time="2024-08-10T03:19:55.504568" level="INFO">name</msg>
<arg>${key}</arg>
<doc>Logs the given message with the given level.</doc>
<status status="PASS" start="2024-08-10T03:19:55.504439" elapsed="0.000173"/>
</kw>
<var name="${key}">name</var>
<status status="PASS" start="2024-08-10T03:19:55.502970" elapsed="0.001861"/>
</iter>
<iter>
<kw name="Dictionary Should Contain Key" owner="Collections">
<arg>${json_data['results'][0]}</arg>
<arg>${key}</arg>
<doc>Fails if ``key`` is not found from ``dictionary``.</doc>
<status status="PASS" start="2024-08-10T03:19:55.505117" elapsed="0.000381"/>
</kw>
<kw name="Log" owner="BuiltIn">
<msg time="2024-08-10T03:19:55.506054" level="INFO">{'gender': 'male', 'name': {'title': 'Mr', 'first': 'Bastian', 'last': 'Smeitink'}, 'location': {'street': {'number': 7721, 'name': 'Frans van Thoorlaan'}, 'city': 'Etten Gld', 'state': 'Overijssel', 'country': 'Netherlands', 'postcode': '2760 TO', 'coordinates': {'latitude': '34.5865', 'longitude': '-42.3477'}, 'timezone': {'offset': '+4:00', 'description': 'Abu Dhabi, Muscat, Baku, Tbilisi'}}, 'email': 'bastian.smeitink@example.com', 'login': {'uuid': '1a9c83b1-ec72-4e3b-91f5-745989d2ad6f', 'username': 'whitegoose526', 'password': 'angela1', 'salt': '6UBi5mSh', 'md5': '38a42cce46294c09e98bdd59e6512459', 'sha1': 'c131621d8929fe991363acb27e89fcc67595e97b', 'sha256': 'd3bf0be22a657f403a97608d165a4b28d2f2fe07f097a2a93619d50c7ac9a3bc'}, 'dob': {'date': '1959-10-25T21:17:22.678Z', 'age': 64}, 'registered': {'date': '2009-03-31T10:15:21.606Z', 'age': 15}, 'phone': '(055) 8168495', 'cell': '(06) 11698818', 'id': {'name': 'BSN', 'value': '17710616'}, 'picture': {'large': 'https://randomuser.me/api/portraits/men/59.jpg', 'medium': 'https://randomuser.me/api/portraits/med/men/59.jpg', 'thumbnail': 'https://randomuser.me/api/portraits/thumb/men/59.jpg'}, 'nat': 'NL'}</msg>
<arg>${json_data['results'][0]}</arg>
<doc>Logs the given message with the given level.</doc>
<status status="PASS" start="2024-08-10T03:19:55.505680" elapsed="0.000421"/>
</kw>
<kw name="Log" owner="BuiltIn">
<msg time="2024-08-10T03:19:55.506529" level="INFO">location</msg>
<arg>${key}</arg>
<doc>Logs the given message with the given level.</doc>
<status status="PASS" start="2024-08-10T03:19:55.506401" elapsed="0.000164"/>
</kw>
<var name="${key}">location</var>
<status status="PASS" start="2024-08-10T03:19:55.505009" elapsed="0.001773"/>
</iter>
<iter>
<kw name="Dictionary Should Contain Key" owner="Collections">
<arg>${json_data['results'][0]}</arg>
<arg>${key}</arg>
<doc>Fails if ``key`` is not found from ``dictionary``.</doc>
<status status="PASS" start="2024-08-10T03:19:55.507061" elapsed="0.000386"/>
</kw>
<kw name="Log" owner="BuiltIn">
<msg time="2024-08-10T03:19:55.508086" level="INFO">{'gender': 'male', 'name': {'title': 'Mr', 'first': 'Bastian', 'last': 'Smeitink'}, 'location': {'street': {'number': 7721, 'name': 'Frans van Thoorlaan'}, 'city': 'Etten Gld', 'state': 'Overijssel', 'country': 'Netherlands', 'postcode': '2760 TO', 'coordinates': {'latitude': '34.5865', 'longitude': '-42.3477'}, 'timezone': {'offset': '+4:00', 'description': 'Abu Dhabi, Muscat, Baku, Tbilisi'}}, 'email': 'bastian.smeitink@example.com', 'login': {'uuid': '1a9c83b1-ec72-4e3b-91f5-745989d2ad6f', 'username': 'whitegoose526', 'password': 'angela1', 'salt': '6UBi5mSh', 'md5': '38a42cce46294c09e98bdd59e6512459', 'sha1': 'c131621d8929fe991363acb27e89fcc67595e97b', 'sha256': 'd3bf0be22a657f403a97608d165a4b28d2f2fe07f097a2a93619d50c7ac9a3bc'}, 'dob': {'date': '1959-10-25T21:17:22.678Z', 'age': 64}, 'registered': {'date': '2009-03-31T10:15:21.606Z', 'age': 15}, 'phone': '(055) 8168495', 'cell': '(06) 11698818', 'id': {'name': 'BSN', 'value': '17710616'}, 'picture': {'large': 'https://randomuser.me/api/portraits/men/59.jpg', 'medium': 'https://randomuser.me/api/portraits/med/men/59.jpg', 'thumbnail': 'https://randomuser.me/api/portraits/thumb/men/59.jpg'}, 'nat': 'NL'}</msg>
<arg>${json_data['results'][0]}</arg>
<doc>Logs the given message with the given level.</doc>
<status status="PASS" start="2024-08-10T03:19:55.507735" elapsed="0.000398"/>
</kw>
<kw name="Log" owner="BuiltIn">
<msg time="2024-08-10T03:19:55.508555" level="INFO">email</msg>
<arg>${key}</arg>
<doc>Logs the given message with the given level.</doc>
<status status="PASS" start="2024-08-10T03:19:55.508425" elapsed="0.000168"/>
</kw>
<var name="${key}">email</var>
<status status="PASS" start="2024-08-10T03:19:55.506953" elapsed="0.001862"/>
</iter>
<iter>
<kw name="Dictionary Should Contain Key" owner="Collections">
<arg>${json_data['results'][0]}</arg>
<arg>${key}</arg>
<doc>Fails if ``key`` is not found from ``dictionary``.</doc>
<status status="PASS" start="2024-08-10T03:19:55.509096" elapsed="0.000373"/>
</kw>
<kw name="Log" owner="BuiltIn">
<msg time="2024-08-10T03:19:55.510013" level="INFO">{'gender': 'male', 'name': {'title': 'Mr', 'first': 'Bastian', 'last': 'Smeitink'}, 'location': {'street': {'number': 7721, 'name': 'Frans van Thoorlaan'}, 'city': 'Etten Gld', 'state': 'Overijssel', 'country': 'Netherlands', 'postcode': '2760 TO', 'coordinates': {'latitude': '34.5865', 'longitude': '-42.3477'}, 'timezone': {'offset': '+4:00', 'description': 'Abu Dhabi, Muscat, Baku, Tbilisi'}}, 'email': 'bastian.smeitink@example.com', 'login': {'uuid': '1a9c83b1-ec72-4e3b-91f5-745989d2ad6f', 'username': 'whitegoose526', 'password': 'angela1', 'salt': '6UBi5mSh', 'md5': '38a42cce46294c09e98bdd59e6512459', 'sha1': 'c131621d8929fe991363acb27e89fcc67595e97b', 'sha256': 'd3bf0be22a657f403a97608d165a4b28d2f2fe07f097a2a93619d50c7ac9a3bc'}, 'dob': {'date': '1959-10-25T21:17:22.678Z', 'age': 64}, 'registered': {'date': '2009-03-31T10:15:21.606Z', 'age': 15}, 'phone': '(055) 8168495', 'cell': '(06) 11698818', 'id': {'name': 'BSN', 'value': '17710616'}, 'picture': {'large': 'https://randomuser.me/api/portraits/men/59.jpg', 'medium': 'https://randomuser.me/api/portraits/med/men/59.jpg', 'thumbnail': 'https://randomuser.me/api/portraits/thumb/men/59.jpg'}, 'nat': 'NL'}</msg>
<arg>${json_data['results'][0]}</arg>
<doc>Logs the given message with the given level.</doc>
<status status="PASS" start="2024-08-10T03:19:55.509648" elapsed="0.000421"/>
</kw>
<kw name="Log" owner="BuiltIn">
<msg time="2024-08-10T03:19:55.510484" level="INFO">login</msg>
<arg>${key}</arg>
<doc>Logs the given message with the given level.</doc>
<status status="PASS" start="2024-08-10T03:19:55.510357" elapsed="0.000163"/>
</kw>
<var name="${key}">login</var>
<status status="PASS" start="2024-08-10T03:19:55.508989" elapsed="0.001746"/>
</iter>
<var>${key}</var>
<value>@{expected_keys}</value>
<status status="PASS" start="2024-08-10T03:19:55.500727" elapsed="0.010129"/>
</for>
<kw name="Create List" owner="BuiltIn">
<msg time="2024-08-10T03:19:55.511215" level="INFO">${expected_keysTwo} = ['username', 'password']</msg>
<var>${expected_keysTwo}</var>
<arg>username</arg>
<arg>password</arg>
<doc>Returns a list containing given items.</doc>
<status status="PASS" start="2024-08-10T03:19:55.511076" elapsed="0.000163"/>
</kw>
<for flavor="IN">
<iter>
<kw name="Dictionary Should Contain Key" owner="Collections">
<arg>${json_data['results'][0]['login']}</arg>
<arg>${keyTwo}</arg>
<doc>Fails if ``key`` is not found from ``dictionary``.</doc>
<status status="PASS" start="2024-08-10T03:19:55.511730" elapsed="0.000384"/>
</kw>
<kw name="Dictionary Should Contain Key" owner="Collections">
<arg>${json_data['results'][0]['login']}</arg>
<arg>${keyTwo}</arg>
<doc>Fails if ``key`` is not found from ``dictionary``.</doc>
<status status="PASS" start="2024-08-10T03:19:55.512293" elapsed="0.000364"/>
</kw>
<kw name="Log" owner="BuiltIn">
<msg time="2024-08-10T03:19:55.512957" level="INFO">username</msg>
<arg>${keyTwo}</arg>
<doc>Logs the given message with the given level.</doc>
<status status="PASS" start="2024-08-10T03:19:55.512837" elapsed="0.000157"/>
</kw>
<var name="${keyTwo}">username</var>
<status status="PASS" start="2024-08-10T03:19:55.511624" elapsed="0.001587"/>
</iter>
<iter>
<kw name="Dictionary Should Contain Key" owner="Collections">
<arg>${json_data['results'][0]['login']}</arg>
<arg>${keyTwo}</arg>
<doc>Fails if ``key`` is not found from ``dictionary``.</doc>
<status status="PASS" start="2024-08-10T03:19:55.513488" elapsed="0.000409"/>
</kw>
<kw name="Dictionary Should Contain Key" owner="Collections">
<arg>${json_data['results'][0]['login']}</arg>
<arg>${keyTwo}</arg>
<doc>Fails if ``key`` is not found from ``dictionary``.</doc>
<status status="PASS" start="2024-08-10T03:19:55.514074" elapsed="0.000366"/>
</kw>
<kw name="Log" owner="BuiltIn">
<msg time="2024-08-10T03:19:55.514739" level="INFO">password</msg>
<arg>${keyTwo}</arg>
<doc>Logs the given message with the given level.</doc>
<status status="PASS" start="2024-08-10T03:19:55.514619" elapsed="0.000156"/>
</kw>
<var name="${keyTwo}">password</var>
<status status="PASS" start="2024-08-10T03:19:55.513382" elapsed="0.001612"/>
</iter>
<var>${keyTwo}</var>
<value>@{expected_keysTwo}</value>
<status status="PASS" start="2024-08-10T03:19:55.511474" elapsed="0.003640"/>
</for>
<status status="PASS" start="2024-08-10T03:19:55.407316" elapsed="0.107935"/>
</kw>
<doc>Testa a estrutura da resposta da API.</doc>
<tag>testeEstruturaResposta</tag>
<status status="PASS" start="2024-08-10T03:19:55.406804" elapsed="0.108600"/>
</test>
<test id="s1-s1-t4" name="Validar tipos de dados" line="28">
<kw name="Teste de Tipos de Dados" owner="random-user-service">
<kw name="GET On Session" owner="RequestsLibrary">
<msg time="2024-08-10T03:19:55.560509" level="INFO">GET Request : url=https://randomuser.me/api 
 path_url=/api 
 headers={'User-Agent': 'python-requests/2.32.3', 'Accept-Encoding': 'gzip, deflate', 'Accept': '*/*', 'Connection': 'keep-alive'} 
 body=None 
 </msg>
<msg time="2024-08-10T03:19:55.560592" level="INFO">GET Response : url=https://randomuser.me/api 
 status=200, reason=OK 
 headers={'Date': 'Sat, 10 Aug 2024 03:19:55 GMT', 'Content-Type': 'application/json; charset=utf-8', 'Transfer-Encoding': 'chunked', 'Connection': 'keep-alive', 'X-Powered-By': 'Express', 'Access-Control-Allow-Origin': '*', 'Cache-Control': 'no-cache', 'ETag': 'W/"496-BVe3Y29RQXOm++pAkED7+d+Wvno"', 'Vary': 'Accept-Encoding', 'Content-Encoding': 'gzip', 'CF-Cache-Status': 'DYNAMIC', 'Report-To': '{"endpoints":[{"url":"https:\\/\\/a.nel.cloudflare.com\\/report\\/v4?s=tHmZqh6sNZuAuKXwjVYBJe4emsTLiWmHjrR3kqPr15lI3%2F3TlXflJobIEPpS2YX7pJn4aHtzMsSSaUAg5VwvCVdJzN4cagCNc4UCfNWGbNdsxZwshZyej0QctFq1iTRg"}],"group":"cf-nel","max_age":604800}', 'NEL': '{"success_fraction":0,"report_to":"cf-nel","max_age":604800}', 'Server': 'cloudflare', 'CF-RAY': '8b0cd8dbf9df2070-IAD', 'alt-svc': 'h3=":443"; ma=86400'} 
 body={"results":[{"gender":"female","name":{"title":"Miss","first":"Draginja","last":"Nikolić"},"location":{"street":{"number":3944,"name":"Doljanska"},"city":"Ivanjica","state":"Moravica","country":"Serbia","postcode":48887,"coordinates":{"latitude":"61.7735","longitude":"75.3131"},"timezone":{"offset":"-6:00","description":"Central Time (US &amp; Canada), Mexico City"}},"email":"draginja.nikolic@example.com","login":{"uuid":"37336245-6dc9-4b8a-bb76-3a4841be9673","username":"greenduck673","password":"july","salt":"ZVLQFMTR","md5":"a84749b2a7cb2b13d02e349a7e0a51f3","sha1":"6be5ceea5ab6b28809485461d6051a2d282ce8d2","sha256":"b9c609d53750328a3b2e2342a1be0938e311cb704c7fda3e19d577dbaa072af6"},"dob":{"date":"1962-04-27T01:33:56.474Z","age":62},"registered":{"date":"2013-03-19T01:27:59.954Z","age":11},"phone":"016-9544-207","cell":"063-5389-338","id":{"name":"SID","value":"913050006"},"picture":{"large":"https://randomuser.me/api/portraits/women/26.jpg","medium":"https://randomuser.me/api/portraits/med/women/26.jpg","thumbnail":"https://randomuser.me/api/portraits/thumb/women/26.jpg"},"nat":"RS"}],"info":{"seed":"75ca61ab527afafd","results":1,"page":1,"version":"1.4"}} 
 </msg>
<msg time="2024-08-10T03:19:55.560670" level="INFO">/opt/hostedtoolcache/Python/3.12.4/x64/lib/python3.12/site-packages/urllib3/connectionpool.py:1099: InsecureRequestWarning: Unverified HTTPS request is being made to host 'randomuser.me'. Adding certificate verification is strongly advised. See: https://urllib3.readthedocs.io/en/latest/advanced-usage.html#tls-warnings
  warnings.warn(</msg>
<msg time="2024-08-10T03:19:55.560801" level="INFO">${response} = &lt;Response [200]&gt;</msg>
<var>${response}</var>
<arg>consultarAPI</arg>
<arg>/api</arg>
<doc>Sends a GET request on a previously created HTTP Session.</doc>
<status status="PASS" start="2024-08-10T03:19:55.517824" elapsed="0.043028"/>
</kw>
<kw name="Set Variable" owner="BuiltIn">
<msg time="2024-08-10T03:19:55.561788" level="INFO">${json_data} = {'results': [{'gender': 'female', 'name': {'title': 'Miss', 'first': 'Draginja', 'last': 'Nikolić'}, 'location': {'street': {'number': 3944, 'name': 'Doljanska'}, 'city': 'Ivanjica', 'state': 'Moravic...</msg>
<var>${json_data}</var>
<arg>${response.json()}</arg>
<doc>Returns the given values which can then be assigned to a variables.</doc>
<status status="PASS" start="2024-08-10T03:19:55.561285" elapsed="0.000543"/>
</kw>
<kw name="Log" owner="BuiltIn">
<msg time="2024-08-10T03:19:55.562286" level="INFO">{'results': [{'gender': 'female', 'name': {'title': 'Miss', 'first': 'Draginja', 'last': 'Nikolić'}, 'location': {'street': {'number': 3944, 'name': 'Doljanska'}, 'city': 'Ivanjica', 'state': 'Moravica', 'country': 'Serbia', 'postcode': 48887, 'coordinates': {'latitude': '61.7735', 'longitude': '75.3131'}, 'timezone': {'offset': '-6:00', 'description': 'Central Time (US &amp; Canada), Mexico City'}}, 'email': 'draginja.nikolic@example.com', 'login': {'uuid': '37336245-6dc9-4b8a-bb76-3a4841be9673', 'username': 'greenduck673', 'password': 'july', 'salt': 'ZVLQFMTR', 'md5': 'a84749b2a7cb2b13d02e349a7e0a51f3', 'sha1': '6be5ceea5ab6b28809485461d6051a2d282ce8d2', 'sha256': 'b9c609d53750328a3b2e2342a1be0938e311cb704c7fda3e19d577dbaa072af6'}, 'dob': {'date': '1962-04-27T01:33:56.474Z', 'age': 62}, 'registered': {'date': '2013-03-19T01:27:59.954Z', 'age': 11}, 'phone': '016-9544-207', 'cell': '063-5389-338', 'id': {'name': 'SID', 'value': '913050006'}, 'picture': {'large': 'https://randomuser.me/api/portraits/women/26.jpg', 'medium': 'https://randomuser.me/api/portraits/med/women/26.jpg', 'thumbnail': 'https://randomuser.me/api/portraits/thumb/women/26.jpg'}, 'nat': 'RS'}], 'info': {'seed': '75ca61ab527afafd', 'results': 1, 'page': 1, 'version': '1.4'}}</msg>
<arg>${json_data}</arg>
<doc>Logs the given message with the given level.</doc>
<status status="PASS" start="2024-08-10T03:19:55.562129" elapsed="0.000207"/>
</kw>
<kw name="Should Be String" owner="String">
<arg>${json_data['results'][0]['gender']}</arg>
<doc>Fails if the given ``item`` is not a string.</doc>
<status status="PASS" start="2024-08-10T03:19:55.562624" elapsed="0.000353"/>
</kw>
<kw name="Should Match Regexp" owner="BuiltIn">
<arg>${json_data['results'][0]['email']}</arg>
<arg>^[a-zA-Z0-9._%+-]+@[a-zA-Z0-9.-]+\.[a-zA-Z]{2,}$</arg>
<doc>Fails if ``string`` does not match ``pattern`` as a regular expression.</doc>
<status status="PASS" start="2024-08-10T03:19:55.563195" elapsed="0.000514"/>
</kw>
<kw name="Should Match Regexp" owner="BuiltIn">
<arg>${json_data['results'][0]['dob']['date']}</arg>
<arg>\\d{4}-\\d{2}-\\d{2}T\\d{2}:\\d{2}:\\d{2}\\.\\d{3}Z</arg>
<doc>Fails if ``string`` does not match ``pattern`` as a regular expression.</doc>
<status status="PASS" start="2024-08-10T03:19:55.563896" elapsed="0.000599"/>
</kw>
<kw name="Should Match Regexp" owner="BuiltIn">
<arg>${json_data['results'][0]['registered']['date']}</arg>
<arg>\\d{4}-\\d{2}-\\d{2}T\\d{2}:\\d{2}:\\d{2}\\.\\d{3}Z</arg>
<doc>Fails if ``string`` does not match ``pattern`` as a regular expression.</doc>
<status status="PASS" start="2024-08-10T03:19:55.564682" elapsed="0.000370"/>
</kw>
<kw name="Should Match Regexp" owner="BuiltIn">
<arg>${json_data['results'][0]['picture']['large']}</arg>
<arg>^https?://.*\.(?:png|jpe?g|gif|bmp)$</arg>
<doc>Fails if ``string`` does not match ``pattern`` as a regular expression.</doc>
<status status="PASS" start="2024-08-10T03:19:55.565233" elapsed="0.000465"/>
</kw>
<kw name="Should Match Regexp" owner="BuiltIn">
<arg>${json_data['results'][0]['picture']['medium']}</arg>
<arg>^https?://.*\.(?:png|jpe?g|gif|bmp)$</arg>
<doc>Fails if ``string`` does not match ``pattern`` as a regular expression.</doc>
<status status="PASS" start="2024-08-10T03:19:55.565914" elapsed="0.000362"/>
</kw>
<kw name="Should Match Regexp" owner="BuiltIn">
<arg>${json_data['results'][0]['picture']['thumbnail']}</arg>
<arg>^https?://.*\.(?:png|jpe?g|gif|bmp)$</arg>
<doc>Fails if ``string`` does not match ``pattern`` as a regular expression.</doc>
<status status="PASS" start="2024-08-10T03:19:55.566457" elapsed="0.000346"/>
</kw>
<kw name="Log" owner="BuiltIn">
<msg time="2024-08-10T03:19:55.567297" level="INFO">{'large': 'https://randomuser.me/api/portraits/women/26.jpg', 'medium': 'https://randomuser.me/api/portraits/med/women/26.jpg', 'thumbnail': 'https://randomuser.me/api/portraits/thumb/women/26.jpg'}</msg>
<arg>${json_data['results'][0]['picture']}</arg>
<doc>Logs the given message with the given level.</doc>
<status status="PASS" start="2024-08-10T03:19:55.566979" elapsed="0.000358"/>
</kw>
<status status="PASS" start="2024-08-10T03:19:55.517585" elapsed="0.050002"/>
</kw>
<kw name="Teste de Tipos de Dados - Postcode" owner="random-user-service">
<kw name="GET On Session" owner="RequestsLibrary">
<msg time="2024-08-10T03:19:55.669566" level="INFO">GET Request : url=https://randomuser.me/api 
 path_url=/api 
 headers={'User-Agent': 'python-requests/2.32.3', 'Accept-Encoding': 'gzip, deflate', 'Accept': '*/*', 'Connection': 'keep-alive'} 
 body=None 
 </msg>
<msg time="2024-08-10T03:19:55.669655" level="INFO">GET Response : url=https://randomuser.me/api 
 status=200, reason=OK 
 headers={'Date': 'Sat, 10 Aug 2024 03:19:55 GMT', 'Content-Type': 'application/json; charset=utf-8', 'Transfer-Encoding': 'chunked', 'Connection': 'keep-alive', 'X-Powered-By': 'Express', 'Access-Control-Allow-Origin': '*', 'Cache-Control': 'no-cache', 'ETag': 'W/"479-xkDVAMsCbo463JhUWOpeIK9ZORA"', 'Vary': 'Accept-Encoding', 'Content-Encoding': 'gzip', 'CF-Cache-Status': 'DYNAMIC', 'Report-To': '{"endpoints":[{"url":"https:\\/\\/a.nel.cloudflare.com\\/report\\/v4?s=jAI48Vyybjm%2Fbpl9eSUpACb6Kh3WGzL4C6Fw5kt1Q4jcGjmJOkW8eI0ZLhiQyE8QSnoYl5Gq1uBMRH%2FlS9bKNx%2FqP6Eikq0nCzmkbuhUkYqK1vBdmPsH9sLTIzIduZEU"}],"group":"cf-nel","max_age":604800}', 'NEL': '{"success_fraction":0,"report_to":"cf-nel","max_age":604800}', 'Server': 'cloudflare', 'CF-RAY': '8b0cd8dc4a212070-IAD', 'alt-svc': 'h3=":443"; ma=86400'} 
 body={"results":[{"gender":"male","name":{"title":"Mr","first":"Brajan","last":"Nenadović"},"location":{"street":{"number":4970,"name":"Vlade Aksentijevića"},"city":"Žabalj","state":"South Bačka","country":"Serbia","postcode":11127,"coordinates":{"latitude":"59.4678","longitude":"-55.0855"},"timezone":{"offset":"-10:00","description":"Hawaii"}},"email":"brajan.nenadovic@example.com","login":{"uuid":"1717efd0-6139-4f20-a8e1-dca6f56402c4","username":"tinybird862","password":"loco","salt":"xfnM0hb3","md5":"00c81abd0a55b70ee9ff6fbac9dca51b","sha1":"1ba369a3efda7b88ab01cecb8d750a0e23130c06","sha256":"6e157223188aae7bfa2b658b1d55451c9c941866cce9a6e217ff3aa5ce4fc0f7"},"dob":{"date":"1990-03-06T03:51:33.231Z","age":34},"registered":{"date":"2015-01-24T12:14:46.161Z","age":9},"phone":"033-4201-720","cell":"066-0514-729","id":{"name":"SID","value":"973884203"},"picture":{"large":"https://randomuser.me/api/portraits/men/39.jpg","medium":"https://randomuser.me/api/portraits/med/men/39.jpg","thumbnail":"https://randomuser.me/api/portraits/thumb/men/39.jpg"},"nat":"RS"}],"info":{"seed":"c4cf4155cb7ea655","results":1,"page":1,"version":"1.4"}} 
 </msg>
<msg time="2024-08-10T03:19:55.669767" level="INFO">/opt/hostedtoolcache/Python/3.12.4/x64/lib/python3.12/site-packages/urllib3/connectionpool.py:1099: InsecureRequestWarning: Unverified HTTPS request is being made to host 'randomuser.me'. Adding certificate verification is strongly advised. See: https://urllib3.readthedocs.io/en/latest/advanced-usage.html#tls-warnings
  warnings.warn(</msg>
<msg time="2024-08-10T03:19:55.669914" level="INFO">${response} = &lt;Response [200]&gt;</msg>
<var>${response}</var>
<arg>consultarAPI</arg>
<arg>/api</arg>
<doc>Sends a GET request on a previously created HTTP Session.</doc>
<status status="PASS" start="2024-08-10T03:19:55.568015" elapsed="0.101948"/>
</kw>
<kw name="Set Variable" owner="BuiltIn">
<msg time="2024-08-10T03:19:55.670961" level="INFO">${json_data} = {'results': [{'gender': 'male', 'name': {'title': 'Mr', 'first': 'Brajan', 'last': 'Nenadović'}, 'location': {'street': {'number': 4970, 'name': 'Vlade Aksentijevića'}, 'city': 'Žabalj', 'state': 'Sou...</msg>
<var>${json_data}</var>
<arg>${response.json()}</arg>
<doc>Returns the given values which can then be assigned to a variables.</doc>
<status status="PASS" start="2024-08-10T03:19:55.670461" elapsed="0.000531"/>
</kw>
<kw name="Log" owner="BuiltIn">
<msg time="2024-08-10T03:19:55.671459" level="INFO">{'results': [{'gender': 'male', 'name': {'title': 'Mr', 'first': 'Brajan', 'last': 'Nenadović'}, 'location': {'street': {'number': 4970, 'name': 'Vlade Aksentijevića'}, 'city': 'Žabalj', 'state': 'South Bačka', 'country': 'Serbia', 'postcode': 11127, 'coordinates': {'latitude': '59.4678', 'longitude': '-55.0855'}, 'timezone': {'offset': '-10:00', 'description': 'Hawaii'}}, 'email': 'brajan.nenadovic@example.com', 'login': {'uuid': '1717efd0-6139-4f20-a8e1-dca6f56402c4', 'username': 'tinybird862', 'password': 'loco', 'salt': 'xfnM0hb3', 'md5': '00c81abd0a55b70ee9ff6fbac9dca51b', 'sha1': '1ba369a3efda7b88ab01cecb8d750a0e23130c06', 'sha256': '6e157223188aae7bfa2b658b1d55451c9c941866cce9a6e217ff3aa5ce4fc0f7'}, 'dob': {'date': '1990-03-06T03:51:33.231Z', 'age': 34}, 'registered': {'date': '2015-01-24T12:14:46.161Z', 'age': 9}, 'phone': '033-4201-720', 'cell': '066-0514-729', 'id': {'name': 'SID', 'value': '973884203'}, 'picture': {'large': 'https://randomuser.me/api/portraits/men/39.jpg', 'medium': 'https://randomuser.me/api/portraits/med/men/39.jpg', 'thumbnail': 'https://randomuser.me/api/portraits/thumb/men/39.jpg'}, 'nat': 'RS'}], 'info': {'seed': 'c4cf4155cb7ea655', 'results': 1, 'page': 1, 'version': '1.4'}}</msg>
<arg>${json_data}</arg>
<doc>Logs the given message with the given level.</doc>
<status status="PASS" start="2024-08-10T03:19:55.671296" elapsed="0.000212"/>
</kw>
<kw name="Should Be Equal As Numbers" owner="BuiltIn">
<arg>${json_data['results'][0]['location']['postcode']}</arg>
<arg>${json_data['results'][0]['location']['postcode']}</arg>
<doc>Fails if objects are unequal after converting them to real numbers.</doc>
<status status="PASS" start="2024-08-10T03:19:55.671797" elapsed="0.000618"/>
</kw>
<kw name="Log" owner="BuiltIn">
<msg time="2024-08-10T03:19:55.672980" level="INFO">11127</msg>
<arg>${json_data['results'][0]['location']['postcode']}</arg>
<doc>Logs the given message with the given level.</doc>
<status status="PASS" start="2024-08-10T03:19:55.672633" elapsed="0.000388"/>
</kw>
<status status="PASS" start="2024-08-10T03:19:55.567802" elapsed="0.105471"/>
</kw>
<doc>Testa se os tipos de dados na resposta da API estão corretos.</doc>
<tag>testeTiposDados</tag>
<status status="PASS" start="2024-08-10T03:19:55.517143" elapsed="0.156293"/>
</test>
<test id="s1-s1-t5" name="Validar conteudo" line="35">
<kw name="Teste de Tipos de Conteudo" owner="random-user-service">
<kw name="GET On Session" owner="RequestsLibrary">
<msg time="2024-08-10T03:19:55.756818" level="INFO">GET Request : url=https://randomuser.me/api 
 path_url=/api 
 headers={'User-Agent': 'python-requests/2.32.3', 'Accept-Encoding': 'gzip, deflate', 'Accept': '*/*', 'Connection': 'keep-alive'} 
 body=None 
 </msg>
<msg time="2024-08-10T03:19:55.756899" level="INFO">GET Response : url=https://randomuser.me/api 
 status=200, reason=OK 
 headers={'Date': 'Sat, 10 Aug 2024 03:19:55 GMT', 'Content-Type': 'application/json; charset=utf-8', 'Transfer-Encoding': 'chunked', 'Connection': 'keep-alive', 'X-Powered-By': 'Express', 'Access-Control-Allow-Origin': '*', 'Cache-Control': 'no-cache', 'ETag': 'W/"474-t4Ge9QSEJCHnHOzRZ2NdACxTLvg"', 'Vary': 'Accept-Encoding', 'Content-Encoding': 'gzip', 'CF-Cache-Status': 'DYNAMIC', 'Report-To': '{"endpoints":[{"url":"https:\\/\\/a.nel.cloudflare.com\\/report\\/v4?s=o%2B2ZSlPDQZo1CPSMmJaKZ0o2ZEuymq0ZhiJY77XG61Q6Ehc%2FPJthUkRBn9fqD7X0h9n47AYcHiBiEixZw3ipMz4OhKV8eTwsWcrbhHy6Qm0e%2BXnZ0964Hw0O1kLUkRfP"}],"group":"cf-nel","max_age":604800}', 'NEL': '{"success_fraction":0,"report_to":"cf-nel","max_age":604800}', 'Server': 'cloudflare', 'CF-RAY': '8b0cd8dcfabc2070-IAD', 'alt-svc': 'h3=":443"; ma=86400'} 
 body={"results":[{"gender":"male","name":{"title":"Mr","first":"Aiden","last":"Frazier"},"location":{"street":{"number":7526,"name":"E Center St"},"city":"Brisbane","state":"New South Wales","country":"Australia","postcode":684,"coordinates":{"latitude":"-89.2654","longitude":"-66.9757"},"timezone":{"offset":"+3:30","description":"Tehran"}},"email":"aiden.frazier@example.com","login":{"uuid":"049c222a-c82d-4e57-b4fd-729c99f3a056","username":"yellowsnake529","password":"dianne","salt":"XIi14wCU","md5":"9926688667dbe295dfd703fdba03e547","sha1":"5752068ae3f372306b3bca24c66b5f8268be63f8","sha256":"de5c3300d0cabdf06d5a33e56284d24a819f033d79bc3644fddd21b75efd6aa2"},"dob":{"date":"1954-11-26T11:51:08.295Z","age":69},"registered":{"date":"2013-12-04T23:48:22.803Z","age":10},"phone":"05-6926-0349","cell":"0495-973-737","id":{"name":"TFN","value":"682618594"},"picture":{"large":"https://randomuser.me/api/portraits/men/79.jpg","medium":"https://randomuser.me/api/portraits/med/men/79.jpg","thumbnail":"https://randomuser.me/api/portraits/thumb/men/79.jpg"},"nat":"AU"}],"info":{"seed":"2a6f19f27d3976c9","results":1,"page":1,"version":"1.4"}} 
 </msg>
<msg time="2024-08-10T03:19:55.756969" level="INFO">/opt/hostedtoolcache/Python/3.12.4/x64/lib/python3.12/site-packages/urllib3/connectionpool.py:1099: InsecureRequestWarning: Unverified HTTPS request is being made to host 'randomuser.me'. Adding certificate verification is strongly advised. See: https://urllib3.readthedocs.io/en/latest/advanced-usage.html#tls-warnings
  warnings.warn(</msg>
<msg time="2024-08-10T03:19:55.757102" level="INFO">${response} = &lt;Response [200]&gt;</msg>
<var>${response}</var>
<arg>consultarAPI</arg>
<arg>/api</arg>
<doc>Sends a GET request on a previously created HTTP Session.</doc>
<status status="PASS" start="2024-08-10T03:19:55.675956" elapsed="0.081197"/>
</kw>
<kw name="Set Variable" owner="BuiltIn">
<msg time="2024-08-10T03:19:55.758082" level="INFO">${json_data} = {'results': [{'gender': 'male', 'name': {'title': 'Mr', 'first': 'Aiden', 'last': 'Frazier'}, 'location': {'street': {'number': 7526, 'name': 'E Center St'}, 'city': 'Brisbane', 'state': 'New South Wa...</msg>
<var>${json_data}</var>
<arg>${response.json()}</arg>
<doc>Returns the given values which can then be assigned to a variables.</doc>
<status status="PASS" start="2024-08-10T03:19:55.757580" elapsed="0.000530"/>
</kw>
<kw name="Set Variable" owner="BuiltIn">
<msg time="2024-08-10T03:19:55.758793" level="INFO">${name_title} = Mr</msg>
<var>${name_title}</var>
<arg>${json_data["results"][0]["name"]["title"]}</arg>
<doc>Returns the given values which can then be assigned to a variables.</doc>
<status status="PASS" start="2024-08-10T03:19:55.758411" elapsed="0.000407"/>
</kw>
<kw name="Create List" owner="BuiltIn">
<msg time="2024-08-10T03:19:55.759261" level="INFO">${allowed_titles} = ['Mr', 'Ms', 'Miss', 'Mrs', 'Madame', 'Monsieur']</msg>
<var>${allowed_titles}</var>
<arg>Mr</arg>
<arg>Ms</arg>
<arg>Miss</arg>
<arg>Mrs</arg>
<arg>Madame</arg>
<arg>Monsieur</arg>
<doc>Returns a list containing given items.</doc>
<status status="PASS" start="2024-08-10T03:19:55.759111" elapsed="0.000175"/>
</kw>
<kw name="List Should Contain Value" owner="Collections">
<arg>${allowed_titles}</arg>
<arg>${name_title}</arg>
<doc>Fails if the ``value`` is not found from ``list``.</doc>
<status status="PASS" start="2024-08-10T03:19:55.759583" elapsed="0.000173"/>
</kw>
<kw name="Set Variable" owner="BuiltIn">
<msg time="2024-08-10T03:19:55.760307" level="INFO">${name_country} = AU</msg>
<var>${name_country}</var>
<arg>${json_data["results"][0]["nat"]}</arg>
<doc>Returns the given values which can then be assigned to a variables.</doc>
<status status="PASS" start="2024-08-10T03:19:55.759937" elapsed="0.000396"/>
</kw>
<kw name="Create List" owner="BuiltIn">
<msg time="2024-08-10T03:19:55.761217" level="INFO">${list_country} = ['AD', 'AE', 'AF', 'AG', 'AI', 'AL', 'AM', 'AO', 'AQ', 'AR', 'AS', 'AT', 'AU', 'AW', 'AX', 'AZ', 'BA', 'BB', 'BD', 'BE', 'BF', 'BG', 'BH', 'BI', 'BJ', 'BL', 'BM', 'BN', 'BO', 'BQ', 'BR', 'BS', 'BT', '...</msg>
<var>${list_country}</var>
<arg>AD</arg>
<arg>AE</arg>
<arg>AF</arg>
<arg>AG</arg>
<arg>AI</arg>
<arg>AL</arg>
<arg>AM</arg>
<arg>AO</arg>
<arg>AQ</arg>
<arg>AR</arg>
<arg>AS</arg>
<arg>AT</arg>
<arg>AU</arg>
<arg>AW</arg>
<arg>AX</arg>
<arg>AZ</arg>
<arg>BA</arg>
<arg>BB</arg>
<arg>BD</arg>
<arg>BE</arg>
<arg>BF</arg>
<arg>BG</arg>
<arg>BH</arg>
<arg>BI</arg>
<arg>BJ</arg>
<arg>BL</arg>
<arg>BM</arg>
<arg>BN</arg>
<arg>BO</arg>
<arg>BQ</arg>
<arg>BR</arg>
<arg>BS</arg>
<arg>BT</arg>
<arg>BV</arg>
<arg>BW</arg>
<arg>BY</arg>
<arg>BZ</arg>
<arg>CA</arg>
<arg>CC</arg>
<arg>CD</arg>
<arg>CF</arg>
<arg>CG</arg>
<arg>CH</arg>
<arg>CI</arg>
<arg>CK</arg>
<arg>CL</arg>
<arg>CM</arg>
<arg>CN</arg>
<arg>CO</arg>
<arg>CR</arg>
<arg>CU</arg>
<arg>CV</arg>
<arg>CW</arg>
<arg>CX</arg>
<arg>CY</arg>
<arg>CZ</arg>
<arg>DE</arg>
<arg>DJ</arg>
<arg>DK</arg>
<arg>DM</arg>
<arg>DO</arg>
<arg>DZ</arg>
<arg>EC</arg>
<arg>EE</arg>
<arg>EG</arg>
<arg>EH</arg>
<arg>ER</arg>
<arg>ES</arg>
<arg>ET</arg>
<arg>FI</arg>
<arg>FJ</arg>
<arg>FK</arg>
<arg>FM</arg>
<arg>FO</arg>
<arg>FR</arg>
<arg>GA</arg>
<arg>GB</arg>
<arg>GD</arg>
<arg>GE</arg>
<arg>GF</arg>
<arg>GG</arg>
<arg>GH</arg>
<arg>GI</arg>
<arg>GL</arg>
<arg>GM</arg>
<arg>GN</arg>
<arg>GP</arg>
<arg>GQ</arg>
<arg>GR</arg>
<arg>GS</arg>
<arg>GT</arg>
<arg>GU</arg>
<arg>GW</arg>
<arg>GY</arg>
<arg>HK</arg>
<arg>HM</arg>
<arg>HN</arg>
<arg>HR</arg>
<arg>HT</arg>
<arg>HU</arg>
<arg>ID</arg>
<arg>IE</arg>
<arg>IL</arg>
<arg>IM</arg>
<arg>IN</arg>
<arg>IO</arg>
<arg>IQ</arg>
<arg>IR</arg>
<arg>IS</arg>
<arg>IT</arg>
<arg>JE</arg>
<arg>JM</arg>
<arg>JO</arg>
<arg>JP</arg>
<arg>KE</arg>
<arg>KG</arg>
<arg>KH</arg>
<arg>KI</arg>
<arg>KM</arg>
<arg>KN</arg>
<arg>KP</arg>
<arg>KR</arg>
<arg>KW</arg>
<arg>KY</arg>
<arg>KZ</arg>
<arg>LA</arg>
<arg>LB</arg>
<arg>LC</arg>
<arg>LI</arg>
<arg>LK</arg>
<arg>LR</arg>
<arg>LS</arg>
<arg>LT</arg>
<arg>LU</arg>
<arg>LV</arg>
<arg>LY</arg>
<arg>MA</arg>
<arg>MC</arg>
<arg>MD</arg>
<arg>ME</arg>
<arg>MF</arg>
<arg>MG</arg>
<arg>MH</arg>
<arg>MK</arg>
<arg>ML</arg>
<arg>MM</arg>
<arg>MN</arg>
<arg>MO</arg>
<arg>MP</arg>
<arg>MQ</arg>
<arg>MR</arg>
<arg>MS</arg>
<arg>MT</arg>
<arg>MU</arg>
<arg>MV</arg>
<arg>MW</arg>
<arg>MX</arg>
<arg>MY</arg>
<arg>MZ</arg>
<arg>NA</arg>
<arg>NC</arg>
<arg>NE</arg>
<arg>NF</arg>
<arg>NG</arg>
<arg>NI</arg>
<arg>NL</arg>
<arg>NO</arg>
<arg>NP</arg>
<arg>NR</arg>
<arg>NU</arg>
<arg>NZ</arg>
<arg>OM</arg>
<arg>PA</arg>
<arg>PE</arg>
<arg>PF</arg>
<arg>PG</arg>
<arg>PH</arg>
<arg>PK</arg>
<arg>PL</arg>
<arg>PM</arg>
<arg>PN</arg>
<arg>PR</arg>
<arg>PS</arg>
<arg>PT</arg>
<arg>PW</arg>
<arg>PY</arg>
<arg>QA</arg>
<arg>RE</arg>
<arg>RO</arg>
<arg>RS</arg>
<arg>RU</arg>
<arg>RW</arg>
<arg>SA</arg>
<arg>SB</arg>
<arg>SC</arg>
<arg>SD</arg>
<arg>SE</arg>
<arg>SG</arg>
<arg>SH</arg>
<arg>SI</arg>
<arg>SJ</arg>
<arg>SK</arg>
<arg>SL</arg>
<arg>SM</arg>
<arg>SN</arg>
<arg>SO</arg>
<arg>SR</arg>
<arg>SS</arg>
<arg>ST</arg>
<arg>SV</arg>
<arg>SX</arg>
<arg>SY</arg>
<arg>SZ</arg>
<arg>TC</arg>
<arg>TD</arg>
<arg>TF</arg>
<arg>TG</arg>
<arg>TH</arg>
<arg>TJ</arg>
<arg>TK</arg>
<arg>TL</arg>
<arg>TM</arg>
<arg>TN</arg>
<arg>TO</arg>
<arg>TR</arg>
<arg>TT</arg>
<arg>TV</arg>
<arg>TW</arg>
<arg>TZ</arg>
<arg>UA</arg>
<arg>UG</arg>
<arg>UM</arg>
<arg>US</arg>
<arg>UY</arg>
<arg>UZ</arg>
<arg>VA</arg>
<arg>VC</arg>
<arg>VE</arg>
<arg>VG</arg>
<arg>VI</arg>
<arg>VN</arg>
<arg>VU</arg>
<arg>WF</arg>
<arg>WS</arg>
<arg>XK</arg>
<arg>YE</arg>
<arg>YT</arg>
<arg>ZA</arg>
<arg>ZM</arg>
<arg>ZW</arg>
<doc>Returns a list containing given items.</doc>
<status status="PASS" start="2024-08-10T03:19:55.760620" elapsed="0.000623"/>
</kw>
<kw name="List Should Contain Value" owner="Collections">
<arg>${list_country}</arg>
<arg>${name_country}</arg>
<doc>Fails if the ``value`` is not found from ``list``.</doc>
<status status="PASS" start="2024-08-10T03:19:55.762203" elapsed="0.000206"/>
</kw>
<kw name="Run Keyword If" owner="BuiltIn">
<kw name="Should Be True" owner="BuiltIn">
<arg>${True}</arg>
<doc>Fails if the given condition is not true.</doc>
<status status="PASS" start="2024-08-10T03:19:55.763347" elapsed="0.000142"/>
</kw>
<arg>${json_data["results"][0]["location"]["coordinates"]["latitude"]} &gt;= -90 and ${json_data["results"][0]["location"]["coordinates"]["latitude"]} &lt;= 90</arg>
<arg>Should Be True</arg>
<arg>${True}</arg>
<doc>Runs the given keyword with the given arguments, if ``condition`` is true.</doc>
<status status="PASS" start="2024-08-10T03:19:55.762608" elapsed="0.001007"/>
</kw>
<kw name="Run Keyword If" owner="BuiltIn">
<kw name="Should Be True" owner="BuiltIn">
<arg>${True}</arg>
<doc>Fails if the given condition is not true.</doc>
<status status="PASS" start="2024-08-10T03:19:55.764481" elapsed="0.000136"/>
</kw>
<arg>${json_data["results"][0]["location"]["coordinates"]["longitude"]} &gt;= -180 and ${json_data["results"][0]["location"]["coordinates"]["longitude"]} &lt;= 180</arg>
<arg>Should Be True</arg>
<arg>${True}</arg>
<doc>Runs the given keyword with the given arguments, if ``condition`` is true.</doc>
<status status="PASS" start="2024-08-10T03:19:55.763794" elapsed="0.000948"/>
</kw>
<status status="PASS" start="2024-08-10T03:19:55.675729" elapsed="0.089144"/>
</kw>
<doc>Testa o conteúdo específico dos campos retornados pela API.</doc>
<tag>testeConteudo</tag>
<status status="PASS" start="2024-08-10T03:19:55.675254" elapsed="0.089762"/>
</test>
<status status="PASS" start="2024-08-10T03:19:54.469950" elapsed="1.297002"/>
</suite>
<status status="PASS" start="2024-08-10T03:19:54.455673" elapsed="1.316307"/>
</suite>
<statistics>
<total>
<stat pass="5" fail="0" skip="0">All Tests</stat>
</total>
<tag>
<stat pass="1" fail="0" skip="0">testeConteudo</stat>
<stat pass="1" fail="0" skip="0">testeEstruturaResposta</stat>
<stat pass="1" fail="0" skip="0">testeRequisicaoBasica</stat>
<stat pass="1" fail="0" skip="0">testeTiposDados</stat>
</tag>
<suite>
<stat pass="5" fail="0" skip="0" id="s1" name="Tests">Tests</stat>
<stat pass="5" fail="0" skip="0" id="s1-s1" name="Random-User-Test">Tests.Random-User-Test</stat>
</suite>
</statistics>
<errors>
</errors>
</robot>
