<?xml version="1.0" encoding="UTF-8"?>
<robot generator="Robot 7.0 (Python 3.12.3 on linux)" generated="2024-06-09T01:10:57.999074" rpa="false" schemaversion="5">
<suite id="s1" name="Tests" source="/home/runner/work/ApiRandomUser/ApiRandomUser/RamdonUser/tests">
<suite id="s1-s1" name="Random-User-Test" source="/home/runner/work/ApiRandomUser/ApiRandomUser/RamdonUser/tests/random-user-test.robot">
<test id="s1-s1-t1" name="Conectar" line="13">
<kw name="Conectar API" owner="random-user-service">
<kw name="Create Session" owner="RequestsLibrary">
<msg time="2024-06-09T01:10:58.415248" level="INFO">Creating Session using : alias=consultarAPI, url=https://randomuser.me/, headers={},                     cookies={}, auth=None, timeout=None, proxies=None, verify=False,                     debug=0 </msg>
<arg>consultarAPI</arg>
<arg>${URL}</arg>
<doc>Create Session: create a HTTP session to a server</doc>
<status status="PASS" start="2024-06-09T01:10:58.415040" elapsed="0.000397"/>
</kw>
<status status="PASS" start="2024-06-09T01:10:58.413961" elapsed="0.001846"/>
</kw>
<status status="PASS" start="2024-06-09T01:10:58.413289" elapsed="0.002714"/>
</test>
<test id="s1-s1-t2" name="Validar retorno 200 e JSON Válido" line="16">
<kw name="Teste de Requisicao Basica" owner="random-user-service">
<kw name="GET On Session" owner="RequestsLibrary">
<msg time="2024-06-09T01:10:58.505218" level="INFO">GET Request : url=https://randomuser.me/api 
 path_url=/api 
 headers={'User-Agent': 'python-requests/2.32.3', 'Accept-Encoding': 'gzip, deflate', 'Accept': '*/*', 'Connection': 'keep-alive'} 
 body=None 
 </msg>
<msg time="2024-06-09T01:10:58.505394" level="INFO">GET Response : url=https://randomuser.me/api 
 status=200, reason=OK 
 headers={'Date': 'Sun, 09 Jun 2024 01:10:58 GMT', 'Content-Type': 'application/json; charset=utf-8', 'Transfer-Encoding': 'chunked', 'Connection': 'keep-alive', 'X-Powered-By': 'Express', 'Access-Control-Allow-Origin': '*', 'Cache-Control': 'no-cache', 'ETag': 'W/"49e-7CeD0TxdtxRK4BPa8M6DlsFhbLM"', 'Vary': 'Accept-Encoding', 'Content-Encoding': 'gzip', 'CF-Cache-Status': 'DYNAMIC', 'Report-To': '{"endpoints":[{"url":"https:\\/\\/a.nel.cloudflare.com\\/report\\/v4?s=ssxEA4vKCq8XvB1PutMI3mtPALJMjknm52hy7HBFsDeK4IGH5fpsuUH0Btfh%2BE%2FuTkC%2BjqiO3m2bvmMS6igwr2I%2F22PS0PloVpB2LAhJo%2FJCa57%2Fae3x18zyvuPG%2BxB9"}],"group":"cf-nel","max_age":604800}', 'NEL': '{"success_fraction":0,"report_to":"cf-nel","max_age":604800}', 'Server': 'cloudflare', 'CF-RAY': '890d3eb75f1386e1-ORD', 'alt-svc': 'h3=":443"; ma=86400'} 
 body={"results":[{"gender":"male","name":{"title":"Mr","first":"Alexander","last":"Gallego"},"location":{"street":{"number":810,"name":"Calle de Arganzuela"},"city":"Guadalajara","state":"Galicia","country":"Spain","postcode":57382,"coordinates":{"latitude":"-34.7165","longitude":"-58.6761"},"timezone":{"offset":"+5:00","description":"Ekaterinburg, Islamabad, Karachi, Tashkent"}},"email":"alexander.gallego@example.com","login":{"uuid":"14a145a8-fa61-4909-a280-27194eadb915","username":"orangebear238","password":"bowwow","salt":"8QxeMdLz","md5":"98f64c125dd58ab5e4fb5b576ceed19e","sha1":"d664b9d1d0bc4b149393923ed90d01f964f3cbb3","sha256":"0838560dff49661f1b34e0d62daac280b579244eb10e857fd74ac071d817cb24"},"dob":{"date":"1970-02-15T19:28:48.449Z","age":54},"registered":{"date":"2003-08-30T01:16:26.312Z","age":20},"phone":"929-687-503","cell":"668-616-942","id":{"name":"DNI","value":"97560495-V"},"picture":{"large":"https://randomuser.me/api/portraits/men/62.jpg","medium":"https://randomuser.me/api/portraits/med/men/62.jpg","thumbnail":"https://randomuser.me/api/portraits/thumb/men/62.jpg"},"nat":"ES"}],"info":{"seed":"8997a965afc3a657","results":1,"page":1,"version":"1.4"}} 
 </msg>
<msg time="2024-06-09T01:10:58.505488" level="INFO">/opt/hostedtoolcache/Python/3.12.3/x64/lib/python3.12/site-packages/urllib3/connectionpool.py:1103: InsecureRequestWarning: Unverified HTTPS request is being made to host 'randomuser.me'. Adding certificate verification is strongly advised. See: https://urllib3.readthedocs.io/en/latest/advanced-usage.html#tls-warnings
  warnings.warn(</msg>
<msg time="2024-06-09T01:10:58.505646" level="INFO">${response} = &lt;Response [200]&gt;</msg>
<var>${response}</var>
<arg>consultarAPI</arg>
<arg>/api</arg>
<doc>Sends a GET request on a previously created HTTP Session.</doc>
<status status="PASS" start="2024-06-09T01:10:58.418752" elapsed="0.086934"/>
</kw>
<kw name="Should Be Equal As Numbers" owner="BuiltIn">
<msg time="2024-06-09T01:10:58.506662" level="INFO">Argument types are:
&lt;class 'int'&gt;
&lt;class 'str'&gt;</msg>
<arg>${response.status_code}</arg>
<arg>200</arg>
<doc>Fails if objects are unequal after converting them to real numbers.</doc>
<status status="PASS" start="2024-06-09T01:10:58.506208" elapsed="0.000521"/>
</kw>
<kw name="Log" owner="BuiltIn">
<msg time="2024-06-09T01:10:58.507431" level="INFO">200</msg>
<arg>${response.status_code}</arg>
<doc>Logs the given message with the given level.</doc>
<status status="PASS" start="2024-06-09T01:10:58.507080" elapsed="0.000399"/>
</kw>
<kw name="Set Variable" owner="BuiltIn">
<msg time="2024-06-09T01:10:58.508248" level="INFO">${json_data} = {'results': [{'gender': 'male', 'name': {'title': 'Mr', 'first': 'Alexander', 'last': 'Gallego'}, 'location': {'street': {'number': 810, 'name': 'Calle de Arganzuela'}, 'city': 'Guadalajara', 'state':...</msg>
<var>${json_data}</var>
<arg>${response.json()}</arg>
<doc>Returns the given values which can then be assigned to a variables.</doc>
<status status="PASS" start="2024-06-09T01:10:58.507809" elapsed="0.000469"/>
</kw>
<kw name="Dictionary Should Contain Key" owner="Collections">
<msg time="2024-06-09T01:10:58.508752" level="INFO">False</msg>
<arg>${json_data}</arg>
<arg>results</arg>
<doc>Fails if ``key`` is not found from ``dictionary``.</doc>
<status status="PASS" start="2024-06-09T01:10:58.508586" elapsed="0.000406"/>
</kw>
<status status="PASS" start="2024-06-09T01:10:58.418510" elapsed="0.090766"/>
</kw>
<doc>Testa se a API responde corretamente e retorna um objeto JSON válido.</doc>
<tag>testeRequisicaoBasica</tag>
<status status="PASS" start="2024-06-09T01:10:58.417919" elapsed="0.091544"/>
</test>
<test id="s1-s1-t3" name="Validar estrutura de resposta" line="22">
<kw name="Teste de Estrutura de Resposta" owner="random-user-service">
<kw name="GET On Session" owner="RequestsLibrary">
<msg time="2024-06-09T01:10:58.600996" level="INFO">GET Request : url=https://randomuser.me/api 
 path_url=/api 
 headers={'User-Agent': 'python-requests/2.32.3', 'Accept-Encoding': 'gzip, deflate', 'Accept': '*/*', 'Connection': 'keep-alive'} 
 body=None 
 </msg>
<msg time="2024-06-09T01:10:58.601099" level="INFO">GET Response : url=https://randomuser.me/api 
 status=200, reason=OK 
 headers={'Date': 'Sun, 09 Jun 2024 01:10:58 GMT', 'Content-Type': 'application/json; charset=utf-8', 'Transfer-Encoding': 'chunked', 'Connection': 'keep-alive', 'X-Powered-By': 'Express', 'Access-Control-Allow-Origin': '*', 'Cache-Control': 'no-cache', 'ETag': 'W/"497-KQuqS2o7BgvtJUnEDXSaDrhrm0Q"', 'Vary': 'Accept-Encoding', 'Content-Encoding': 'gzip', 'CF-Cache-Status': 'DYNAMIC', 'Report-To': '{"endpoints":[{"url":"https:\\/\\/a.nel.cloudflare.com\\/report\\/v4?s=UkkqOlVSjwfnmDsZA3bVP%2FMAuw2%2FzVBdURQTZzV7JAQPx3f8m8KlycQg82joY0qXtmmAsUzf%2F0vloHBBU1MNzpovWkXUWZ1GjAmaRGR7M2foGRxQwtR9uv1o4sADUj%2FN"}],"group":"cf-nel","max_age":604800}', 'NEL': '{"success_fraction":0,"report_to":"cf-nel","max_age":604800}', 'Server': 'cloudflare', 'CF-RAY': '890d3eb7bfa086e1-ORD', 'alt-svc': 'h3=":443"; ma=86400'} 
 body={"results":[{"gender":"male","name":{"title":"Mr","first":"Turgo","last":"Aragão"},"location":{"street":{"number":5369,"name":"Rua Vinte E Dois "},"city":"Caxias do Sul","state":"Pará","country":"Brazil","postcode":79529,"coordinates":{"latitude":"-80.7310","longitude":"-89.2558"},"timezone":{"offset":"+8:00","description":"Beijing, Perth, Singapore, Hong Kong"}},"email":"turgo.aragao@example.com","login":{"uuid":"e0d8e38c-6c47-4f7d-8e05-5b6d45a9b627","username":"angryfrog409","password":"tyler","salt":"yYsE8BYd","md5":"0ed4479ee4843b08f39eda1430f66b48","sha1":"a80e5e18fda5c772ec8862321f1ce072775198c8","sha256":"aa7b4d03d106b1197f7cff6e900096d161c8f06a48d394016e1618e95c27993c"},"dob":{"date":"1985-06-04T14:05:06.934Z","age":39},"registered":{"date":"2010-04-23T09:34:39.624Z","age":14},"phone":"(33) 6573-1440","cell":"(58) 3847-7854","id":{"name":"CPF","value":"473.964.680-05"},"picture":{"large":"https://randomuser.me/api/portraits/men/87.jpg","medium":"https://randomuser.me/api/portraits/med/men/87.jpg","thumbnail":"https://randomuser.me/api/portraits/thumb/men/87.jpg"},"nat":"BR"}],"info":{"seed":"876501024263fd24","results":1,"page":1,"version":"1.4"}} 
 </msg>
<msg time="2024-06-09T01:10:58.601228" level="INFO">/opt/hostedtoolcache/Python/3.12.3/x64/lib/python3.12/site-packages/urllib3/connectionpool.py:1103: InsecureRequestWarning: Unverified HTTPS request is being made to host 'randomuser.me'. Adding certificate verification is strongly advised. See: https://urllib3.readthedocs.io/en/latest/advanced-usage.html#tls-warnings
  warnings.warn(</msg>
<msg time="2024-06-09T01:10:58.601358" level="INFO">${response} = &lt;Response [200]&gt;</msg>
<var>${response}</var>
<arg>consultarAPI</arg>
<arg>/api</arg>
<doc>Sends a GET request on a previously created HTTP Session.</doc>
<status status="PASS" start="2024-06-09T01:10:58.512020" elapsed="0.089376"/>
</kw>
<kw name="Set Variable" owner="BuiltIn">
<msg time="2024-06-09T01:10:58.602430" level="INFO">${json_data} = {'results': [{'gender': 'male', 'name': {'title': 'Mr', 'first': 'Turgo', 'last': 'Aragão'}, 'location': {'street': {'number': 5369, 'name': 'Rua Vinte E Dois '}, 'city': 'Caxias do Sul', 'state': 'Pa...</msg>
<var>${json_data}</var>
<arg>${response.json()}</arg>
<doc>Returns the given values which can then be assigned to a variables.</doc>
<status status="PASS" start="2024-06-09T01:10:58.601911" elapsed="0.000551"/>
</kw>
<kw name="Log" owner="BuiltIn">
<msg time="2024-06-09T01:10:58.602940" level="INFO">{'results': [{'gender': 'male', 'name': {'title': 'Mr', 'first': 'Turgo', 'last': 'Aragão'}, 'location': {'street': {'number': 5369, 'name': 'Rua Vinte E Dois '}, 'city': 'Caxias do Sul', 'state': 'Pará', 'country': 'Brazil', 'postcode': 79529, 'coordinates': {'latitude': '-80.7310', 'longitude': '-89.2558'}, 'timezone': {'offset': '+8:00', 'description': 'Beijing, Perth, Singapore, Hong Kong'}}, 'email': 'turgo.aragao@example.com', 'login': {'uuid': 'e0d8e38c-6c47-4f7d-8e05-5b6d45a9b627', 'username': 'angryfrog409', 'password': 'tyler', 'salt': 'yYsE8BYd', 'md5': '0ed4479ee4843b08f39eda1430f66b48', 'sha1': 'a80e5e18fda5c772ec8862321f1ce072775198c8', 'sha256': 'aa7b4d03d106b1197f7cff6e900096d161c8f06a48d394016e1618e95c27993c'}, 'dob': {'date': '1985-06-04T14:05:06.934Z', 'age': 39}, 'registered': {'date': '2010-04-23T09:34:39.624Z', 'age': 14}, 'phone': '(33) 6573-1440', 'cell': '(58) 3847-7854', 'id': {'name': 'CPF', 'value': '473.964.680-05'}, 'picture': {'large': 'https://randomuser.me/api/portraits/men/87.jpg', 'medium': 'https://randomuser.me/api/portraits/med/men/87.jpg', 'thumbnail': 'https://randomuser.me/api/portraits/thumb/men/87.jpg'}, 'nat': 'BR'}], 'info': {'seed': '876501024263fd24', 'results': 1, 'page': 1, 'version': '1.4'}}</msg>
<arg>${json_data}</arg>
<doc>Logs the given message with the given level.</doc>
<status status="PASS" start="2024-06-09T01:10:58.602778" elapsed="0.000212"/>
</kw>
<kw name="Dictionary Should Contain Key" owner="Collections">
<msg time="2024-06-09T01:10:58.603441" level="INFO">False</msg>
<arg>${json_data}</arg>
<arg>results</arg>
<doc>Fails if ``key`` is not found from ``dictionary``.</doc>
<status status="PASS" start="2024-06-09T01:10:58.603284" elapsed="0.000193"/>
</kw>
<kw name="Should Not Be Empty" owner="BuiltIn">
<msg time="2024-06-09T01:10:58.603910" level="INFO">Length is 2.</msg>
<arg>${json_data}</arg>
<doc>Verifies that the given item is not empty.</doc>
<status status="PASS" start="2024-06-09T01:10:58.603778" elapsed="0.000171"/>
</kw>
<kw name="Create List" owner="BuiltIn">
<msg time="2024-06-09T01:10:58.604382" level="INFO">${expected_keys} = ['gender', 'name', 'location', 'email', 'login']</msg>
<var>${expected_keys}</var>
<arg>gender</arg>
<arg>name</arg>
<arg>location</arg>
<arg>email</arg>
<arg>login</arg>
<doc>Returns a list containing given items.</doc>
<status status="PASS" start="2024-06-09T01:10:58.604235" elapsed="0.000171"/>
</kw>
<for flavor="IN">
<iter>
<kw name="Dictionary Should Contain Key" owner="Collections">
<msg time="2024-06-09T01:10:58.605427" level="INFO">False</msg>
<arg>${json_data['results'][0]}</arg>
<arg>${key}</arg>
<doc>Fails if ``key`` is not found from ``dictionary``.</doc>
<status status="PASS" start="2024-06-09T01:10:58.605021" elapsed="0.000449"/>
</kw>
<kw name="Log" owner="BuiltIn">
<msg time="2024-06-09T01:10:58.606138" level="INFO">{'gender': 'male', 'name': {'title': 'Mr', 'first': 'Turgo', 'last': 'Aragão'}, 'location': {'street': {'number': 5369, 'name': 'Rua Vinte E Dois '}, 'city': 'Caxias do Sul', 'state': 'Pará', 'country': 'Brazil', 'postcode': 79529, 'coordinates': {'latitude': '-80.7310', 'longitude': '-89.2558'}, 'timezone': {'offset': '+8:00', 'description': 'Beijing, Perth, Singapore, Hong Kong'}}, 'email': 'turgo.aragao@example.com', 'login': {'uuid': 'e0d8e38c-6c47-4f7d-8e05-5b6d45a9b627', 'username': 'angryfrog409', 'password': 'tyler', 'salt': 'yYsE8BYd', 'md5': '0ed4479ee4843b08f39eda1430f66b48', 'sha1': 'a80e5e18fda5c772ec8862321f1ce072775198c8', 'sha256': 'aa7b4d03d106b1197f7cff6e900096d161c8f06a48d394016e1618e95c27993c'}, 'dob': {'date': '1985-06-04T14:05:06.934Z', 'age': 39}, 'registered': {'date': '2010-04-23T09:34:39.624Z', 'age': 14}, 'phone': '(33) 6573-1440', 'cell': '(58) 3847-7854', 'id': {'name': 'CPF', 'value': '473.964.680-05'}, 'picture': {'large': 'https://randomuser.me/api/portraits/men/87.jpg', 'medium': 'https://randomuser.me/api/portraits/med/men/87.jpg', 'thumbnail': 'https://randomuser.me/api/portraits/thumb/men/87.jpg'}, 'nat': 'BR'}</msg>
<arg>${json_data['results'][0]}</arg>
<doc>Logs the given message with the given level.</doc>
<status status="PASS" start="2024-06-09T01:10:58.605774" elapsed="0.000414"/>
</kw>
<kw name="Log" owner="BuiltIn">
<msg time="2024-06-09T01:10:58.606629" level="INFO">gender</msg>
<arg>${key}</arg>
<doc>Logs the given message with the given level.</doc>
<status status="PASS" start="2024-06-09T01:10:58.606501" elapsed="0.000165"/>
</kw>
<var name="${key}">gender</var>
<status status="PASS" start="2024-06-09T01:10:58.604869" elapsed="0.002010"/>
</iter>
<iter>
<kw name="Dictionary Should Contain Key" owner="Collections">
<msg time="2024-06-09T01:10:58.607585" level="INFO">False</msg>
<arg>${json_data['results'][0]}</arg>
<arg>${key}</arg>
<doc>Fails if ``key`` is not found from ``dictionary``.</doc>
<status status="PASS" start="2024-06-09T01:10:58.607179" elapsed="0.000453"/>
</kw>
<kw name="Log" owner="BuiltIn">
<msg time="2024-06-09T01:10:58.608319" level="INFO">{'gender': 'male', 'name': {'title': 'Mr', 'first': 'Turgo', 'last': 'Aragão'}, 'location': {'street': {'number': 5369, 'name': 'Rua Vinte E Dois '}, 'city': 'Caxias do Sul', 'state': 'Pará', 'country': 'Brazil', 'postcode': 79529, 'coordinates': {'latitude': '-80.7310', 'longitude': '-89.2558'}, 'timezone': {'offset': '+8:00', 'description': 'Beijing, Perth, Singapore, Hong Kong'}}, 'email': 'turgo.aragao@example.com', 'login': {'uuid': 'e0d8e38c-6c47-4f7d-8e05-5b6d45a9b627', 'username': 'angryfrog409', 'password': 'tyler', 'salt': 'yYsE8BYd', 'md5': '0ed4479ee4843b08f39eda1430f66b48', 'sha1': 'a80e5e18fda5c772ec8862321f1ce072775198c8', 'sha256': 'aa7b4d03d106b1197f7cff6e900096d161c8f06a48d394016e1618e95c27993c'}, 'dob': {'date': '1985-06-04T14:05:06.934Z', 'age': 39}, 'registered': {'date': '2010-04-23T09:34:39.624Z', 'age': 14}, 'phone': '(33) 6573-1440', 'cell': '(58) 3847-7854', 'id': {'name': 'CPF', 'value': '473.964.680-05'}, 'picture': {'large': 'https://randomuser.me/api/portraits/men/87.jpg', 'medium': 'https://randomuser.me/api/portraits/med/men/87.jpg', 'thumbnail': 'https://randomuser.me/api/portraits/thumb/men/87.jpg'}, 'nat': 'BR'}</msg>
<arg>${json_data['results'][0]}</arg>
<doc>Logs the given message with the given level.</doc>
<status status="PASS" start="2024-06-09T01:10:58.607957" elapsed="0.000411"/>
</kw>
<kw name="Log" owner="BuiltIn">
<msg time="2024-06-09T01:10:58.608790" level="INFO">name</msg>
<arg>${key}</arg>
<doc>Logs the given message with the given level.</doc>
<status status="PASS" start="2024-06-09T01:10:58.608662" elapsed="0.000164"/>
</kw>
<var name="${key}">name</var>
<status status="PASS" start="2024-06-09T01:10:58.607066" elapsed="0.002002"/>
</iter>
<iter>
<kw name="Dictionary Should Contain Key" owner="Collections">
<msg time="2024-06-09T01:10:58.609735" level="INFO">False</msg>
<arg>${json_data['results'][0]}</arg>
<arg>${key}</arg>
<doc>Fails if ``key`` is not found from ``dictionary``.</doc>
<status status="PASS" start="2024-06-09T01:10:58.609356" elapsed="0.000416"/>
</kw>
<kw name="Log" owner="BuiltIn">
<msg time="2024-06-09T01:10:58.610437" level="INFO">{'gender': 'male', 'name': {'title': 'Mr', 'first': 'Turgo', 'last': 'Aragão'}, 'location': {'street': {'number': 5369, 'name': 'Rua Vinte E Dois '}, 'city': 'Caxias do Sul', 'state': 'Pará', 'country': 'Brazil', 'postcode': 79529, 'coordinates': {'latitude': '-80.7310', 'longitude': '-89.2558'}, 'timezone': {'offset': '+8:00', 'description': 'Beijing, Perth, Singapore, Hong Kong'}}, 'email': 'turgo.aragao@example.com', 'login': {'uuid': 'e0d8e38c-6c47-4f7d-8e05-5b6d45a9b627', 'username': 'angryfrog409', 'password': 'tyler', 'salt': 'yYsE8BYd', 'md5': '0ed4479ee4843b08f39eda1430f66b48', 'sha1': 'a80e5e18fda5c772ec8862321f1ce072775198c8', 'sha256': 'aa7b4d03d106b1197f7cff6e900096d161c8f06a48d394016e1618e95c27993c'}, 'dob': {'date': '1985-06-04T14:05:06.934Z', 'age': 39}, 'registered': {'date': '2010-04-23T09:34:39.624Z', 'age': 14}, 'phone': '(33) 6573-1440', 'cell': '(58) 3847-7854', 'id': {'name': 'CPF', 'value': '473.964.680-05'}, 'picture': {'large': 'https://randomuser.me/api/portraits/men/87.jpg', 'medium': 'https://randomuser.me/api/portraits/med/men/87.jpg', 'thumbnail': 'https://randomuser.me/api/portraits/thumb/men/87.jpg'}, 'nat': 'BR'}</msg>
<arg>${json_data['results'][0]}</arg>
<doc>Logs the given message with the given level.</doc>
<status status="PASS" start="2024-06-09T01:10:58.610076" elapsed="0.000418"/>
</kw>
<kw name="Log" owner="BuiltIn">
<msg time="2024-06-09T01:10:58.610922" level="INFO">location</msg>
<arg>${key}</arg>
<doc>Logs the given message with the given level.</doc>
<status status="PASS" start="2024-06-09T01:10:58.610797" elapsed="0.000162"/>
</kw>
<var name="${key}">location</var>
<status status="PASS" start="2024-06-09T01:10:58.609246" elapsed="0.001929"/>
</iter>
<iter>
<kw name="Dictionary Should Contain Key" owner="Collections">
<msg time="2024-06-09T01:10:58.611951" level="INFO">False</msg>
<arg>${json_data['results'][0]}</arg>
<arg>${key}</arg>
<doc>Fails if ``key`` is not found from ``dictionary``.</doc>
<status status="PASS" start="2024-06-09T01:10:58.611463" elapsed="0.000526"/>
</kw>
<kw name="Log" owner="BuiltIn">
<msg time="2024-06-09T01:10:58.612664" level="INFO">{'gender': 'male', 'name': {'title': 'Mr', 'first': 'Turgo', 'last': 'Aragão'}, 'location': {'street': {'number': 5369, 'name': 'Rua Vinte E Dois '}, 'city': 'Caxias do Sul', 'state': 'Pará', 'country': 'Brazil', 'postcode': 79529, 'coordinates': {'latitude': '-80.7310', 'longitude': '-89.2558'}, 'timezone': {'offset': '+8:00', 'description': 'Beijing, Perth, Singapore, Hong Kong'}}, 'email': 'turgo.aragao@example.com', 'login': {'uuid': 'e0d8e38c-6c47-4f7d-8e05-5b6d45a9b627', 'username': 'angryfrog409', 'password': 'tyler', 'salt': 'yYsE8BYd', 'md5': '0ed4479ee4843b08f39eda1430f66b48', 'sha1': 'a80e5e18fda5c772ec8862321f1ce072775198c8', 'sha256': 'aa7b4d03d106b1197f7cff6e900096d161c8f06a48d394016e1618e95c27993c'}, 'dob': {'date': '1985-06-04T14:05:06.934Z', 'age': 39}, 'registered': {'date': '2010-04-23T09:34:39.624Z', 'age': 14}, 'phone': '(33) 6573-1440', 'cell': '(58) 3847-7854', 'id': {'name': 'CPF', 'value': '473.964.680-05'}, 'picture': {'large': 'https://randomuser.me/api/portraits/men/87.jpg', 'medium': 'https://randomuser.me/api/portraits/med/men/87.jpg', 'thumbnail': 'https://randomuser.me/api/portraits/thumb/men/87.jpg'}, 'nat': 'BR'}</msg>
<arg>${json_data['results'][0]}</arg>
<doc>Logs the given message with the given level.</doc>
<status status="PASS" start="2024-06-09T01:10:58.612301" elapsed="0.000413"/>
</kw>
<kw name="Log" owner="BuiltIn">
<msg time="2024-06-09T01:10:58.613161" level="INFO">email</msg>
<arg>${key}</arg>
<doc>Logs the given message with the given level.</doc>
<status status="PASS" start="2024-06-09T01:10:58.613031" elapsed="0.000167"/>
</kw>
<var name="${key}">email</var>
<status status="PASS" start="2024-06-09T01:10:58.611351" elapsed="0.002072"/>
</iter>
<iter>
<kw name="Dictionary Should Contain Key" owner="Collections">
<msg time="2024-06-09T01:10:58.614092" level="INFO">False</msg>
<arg>${json_data['results'][0]}</arg>
<arg>${key}</arg>
<doc>Fails if ``key`` is not found from ``dictionary``.</doc>
<status status="PASS" start="2024-06-09T01:10:58.613709" elapsed="0.000420"/>
</kw>
<kw name="Log" owner="BuiltIn">
<msg time="2024-06-09T01:10:58.614780" level="INFO">{'gender': 'male', 'name': {'title': 'Mr', 'first': 'Turgo', 'last': 'Aragão'}, 'location': {'street': {'number': 5369, 'name': 'Rua Vinte E Dois '}, 'city': 'Caxias do Sul', 'state': 'Pará', 'country': 'Brazil', 'postcode': 79529, 'coordinates': {'latitude': '-80.7310', 'longitude': '-89.2558'}, 'timezone': {'offset': '+8:00', 'description': 'Beijing, Perth, Singapore, Hong Kong'}}, 'email': 'turgo.aragao@example.com', 'login': {'uuid': 'e0d8e38c-6c47-4f7d-8e05-5b6d45a9b627', 'username': 'angryfrog409', 'password': 'tyler', 'salt': 'yYsE8BYd', 'md5': '0ed4479ee4843b08f39eda1430f66b48', 'sha1': 'a80e5e18fda5c772ec8862321f1ce072775198c8', 'sha256': 'aa7b4d03d106b1197f7cff6e900096d161c8f06a48d394016e1618e95c27993c'}, 'dob': {'date': '1985-06-04T14:05:06.934Z', 'age': 39}, 'registered': {'date': '2010-04-23T09:34:39.624Z', 'age': 14}, 'phone': '(33) 6573-1440', 'cell': '(58) 3847-7854', 'id': {'name': 'CPF', 'value': '473.964.680-05'}, 'picture': {'large': 'https://randomuser.me/api/portraits/men/87.jpg', 'medium': 'https://randomuser.me/api/portraits/med/men/87.jpg', 'thumbnail': 'https://randomuser.me/api/portraits/thumb/men/87.jpg'}, 'nat': 'BR'}</msg>
<arg>${json_data['results'][0]}</arg>
<doc>Logs the given message with the given level.</doc>
<status status="PASS" start="2024-06-09T01:10:58.614421" elapsed="0.000409"/>
</kw>
<kw name="Log" owner="BuiltIn">
<msg time="2024-06-09T01:10:58.615249" level="INFO">login</msg>
<arg>${key}</arg>
<doc>Logs the given message with the given level.</doc>
<status status="PASS" start="2024-06-09T01:10:58.615122" elapsed="0.000164"/>
</kw>
<var name="${key}">login</var>
<status status="PASS" start="2024-06-09T01:10:58.613596" elapsed="0.001930"/>
</iter>
<var>${key}</var>
<value>@{expected_keys}</value>
<status status="PASS" start="2024-06-09T01:10:58.604666" elapsed="0.010987"/>
</for>
<kw name="Create List" owner="BuiltIn">
<msg time="2024-06-09T01:10:58.615986" level="INFO">${expected_keysTwo} = ['username', 'password']</msg>
<var>${expected_keysTwo}</var>
<arg>username</arg>
<arg>password</arg>
<doc>Returns a list containing given items.</doc>
<status status="PASS" start="2024-06-09T01:10:58.615849" elapsed="0.000160"/>
</kw>
<for flavor="IN">
<iter>
<kw name="Dictionary Should Contain Key" owner="Collections">
<msg time="2024-06-09T01:10:58.616906" level="INFO">False</msg>
<arg>${json_data['results'][0]['login']}</arg>
<arg>${keyTwo}</arg>
<doc>Fails if ``key`` is not found from ``dictionary``.</doc>
<status status="PASS" start="2024-06-09T01:10:58.616504" elapsed="0.000443"/>
</kw>
<kw name="Dictionary Should Contain Key" owner="Collections">
<msg time="2024-06-09T01:10:58.617618" level="INFO">False</msg>
<arg>${json_data['results'][0]['login']}</arg>
<arg>${keyTwo}</arg>
<doc>Fails if ``key`` is not found from ``dictionary``.</doc>
<status status="PASS" start="2024-06-09T01:10:58.617243" elapsed="0.000411"/>
</kw>
<kw name="Log" owner="BuiltIn">
<msg time="2024-06-09T01:10:58.618073" level="INFO">username</msg>
<arg>${keyTwo}</arg>
<doc>Logs the given message with the given level.</doc>
<status status="PASS" start="2024-06-09T01:10:58.617947" elapsed="0.000163"/>
</kw>
<var name="${keyTwo}">username</var>
<status status="PASS" start="2024-06-09T01:10:58.616394" elapsed="0.001930"/>
</iter>
<iter>
<kw name="Dictionary Should Contain Key" owner="Collections">
<msg time="2024-06-09T01:10:58.618977" level="INFO">False</msg>
<arg>${json_data['results'][0]['login']}</arg>
<arg>${keyTwo}</arg>
<doc>Fails if ``key`` is not found from ``dictionary``.</doc>
<status status="PASS" start="2024-06-09T01:10:58.618604" elapsed="0.000410"/>
</kw>
<kw name="Dictionary Should Contain Key" owner="Collections">
<msg time="2024-06-09T01:10:58.619682" level="INFO">False</msg>
<arg>${json_data['results'][0]['login']}</arg>
<arg>${keyTwo}</arg>
<doc>Fails if ``key`` is not found from ``dictionary``.</doc>
<status status="PASS" start="2024-06-09T01:10:58.619303" elapsed="0.000415"/>
</kw>
<kw name="Log" owner="BuiltIn">
<msg time="2024-06-09T01:10:58.620136" level="INFO">password</msg>
<arg>${keyTwo}</arg>
<doc>Logs the given message with the given level.</doc>
<status status="PASS" start="2024-06-09T01:10:58.620010" elapsed="0.000162"/>
</kw>
<var name="${keyTwo}">password</var>
<status status="PASS" start="2024-06-09T01:10:58.618495" elapsed="0.001894"/>
</iter>
<var>${keyTwo}</var>
<value>@{expected_keysTwo}</value>
<status status="PASS" start="2024-06-09T01:10:58.616244" elapsed="0.004273"/>
</for>
<status status="PASS" start="2024-06-09T01:10:58.511783" elapsed="0.108886"/>
</kw>
<doc>Testa a estrutura da resposta da API.</doc>
<tag>testeEstruturaResposta</tag>
<status status="PASS" start="2024-06-09T01:10:58.511282" elapsed="0.109544"/>
</test>
<test id="s1-s1-t4" name="Validar tipos de dados" line="28">
<kw name="Teste de Tipos de Dados" owner="random-user-service">
<kw name="GET On Session" owner="RequestsLibrary">
<msg time="2024-06-09T01:10:58.702776" level="INFO">GET Request : url=https://randomuser.me/api 
 path_url=/api 
 headers={'User-Agent': 'python-requests/2.32.3', 'Accept-Encoding': 'gzip, deflate', 'Accept': '*/*', 'Connection': 'keep-alive'} 
 body=None 
 </msg>
<msg time="2024-06-09T01:10:58.702874" level="INFO">GET Response : url=https://randomuser.me/api 
 status=200, reason=OK 
 headers={'Date': 'Sun, 09 Jun 2024 01:10:58 GMT', 'Content-Type': 'application/json; charset=utf-8', 'Transfer-Encoding': 'chunked', 'Connection': 'keep-alive', 'X-Powered-By': 'Express', 'Access-Control-Allow-Origin': '*', 'Cache-Control': 'no-cache', 'ETag': 'W/"49c-ihu+pr7vPW84v4Fe6tRc0Gf5iHo"', 'Vary': 'Accept-Encoding', 'Content-Encoding': 'gzip', 'CF-Cache-Status': 'DYNAMIC', 'Report-To': '{"endpoints":[{"url":"https:\\/\\/a.nel.cloudflare.com\\/report\\/v4?s=jZchUbQ%2FH1M1rC%2Bx5F%2F2fMfCCvNPxUeqeO0yhpFQTBl%2F60zbNzo8kwO%2BGZsYKEm1xNN2FHd%2BufCRtp21GnT7fOnmxf4m6PNR6pxeGqp2P3yAkWxS0eROMpAROfErnhZV"}],"group":"cf-nel","max_age":604800}', 'NEL': '{"success_fraction":0,"report_to":"cf-nel","max_age":604800}', 'Server': 'cloudflare', 'CF-RAY': '890d3eb868cf86e1-ORD', 'alt-svc': 'h3=":443"; ma=86400'} 
 body={"results":[{"gender":"male","name":{"title":"Mr","first":"مهراد","last":"کوتی"},"location":{"street":{"number":2790,"name":"سمیه"},"city":"تبریز","state":"کهگیلویه و بویراحمد","country":"Iran","postcode":48145,"coordinates":{"latitude":"17.9730","longitude":"-82.3377"},"timezone":{"offset":"+10:00","description":"Eastern Australia, Guam, Vladivostok"}},"email":"mhrd.khwty@example.com","login":{"uuid":"dee455e6-706e-46e9-87a8-9929e2cc2326","username":"redleopard657","password":"junior","salt":"DaA4A6MH","md5":"213b3e8023489bde7c724753271992c5","sha1":"82df7f33829051aa008beae77b29c881af8de2ba","sha256":"086ff44a0c9610a8b71adf522ecd2a5e6a1f712c7d1825162f9bb384cec1bb83"},"dob":{"date":"1978-06-25T14:20:54.547Z","age":45},"registered":{"date":"2004-11-02T01:30:43.257Z","age":19},"phone":"091-87111382","cell":"0955-586-5570","id":{"name":"","value":null},"picture":{"large":"https://randomuser.me/api/portraits/men/60.jpg","medium":"https://randomuser.me/api/portraits/med/men/60.jpg","thumbnail":"https://randomuser.me/api/portraits/thumb/men/60.jpg"},"nat":"IR"}],"info":{"seed":"96285fa03e0eafa5","results":1,"page":1,"version":"1.4"}} 
 </msg>
<msg time="2024-06-09T01:10:58.702956" level="INFO">/opt/hostedtoolcache/Python/3.12.3/x64/lib/python3.12/site-packages/urllib3/connectionpool.py:1103: InsecureRequestWarning: Unverified HTTPS request is being made to host 'randomuser.me'. Adding certificate verification is strongly advised. See: https://urllib3.readthedocs.io/en/latest/advanced-usage.html#tls-warnings
  warnings.warn(</msg>
<msg time="2024-06-09T01:10:58.703072" level="INFO">${response} = &lt;Response [200]&gt;</msg>
<var>${response}</var>
<arg>consultarAPI</arg>
<arg>/api</arg>
<doc>Sends a GET request on a previously created HTTP Session.</doc>
<status status="PASS" start="2024-06-09T01:10:58.623441" elapsed="0.079671"/>
</kw>
<kw name="Set Variable" owner="BuiltIn">
<msg time="2024-06-09T01:10:58.704203" level="INFO">${json_data} = {'results': [{'gender': 'male', 'name': {'title': 'Mr', 'first': 'مهراد', 'last': 'کوتی'}, 'location': {'street': {'number': 2790, 'name': 'سمیه'}, 'city': 'تبریز', 'state': 'کهگیلویه و بویراحمد', 'co...</msg>
<var>${json_data}</var>
<arg>${response.json()}</arg>
<doc>Returns the given values which can then be assigned to a variables.</doc>
<status status="PASS" start="2024-06-09T01:10:58.703657" elapsed="0.000577"/>
</kw>
<kw name="Log" owner="BuiltIn">
<msg time="2024-06-09T01:10:58.704729" level="INFO">{'results': [{'gender': 'male', 'name': {'title': 'Mr', 'first': 'مهراد', 'last': 'کوتی'}, 'location': {'street': {'number': 2790, 'name': 'سمیه'}, 'city': 'تبریز', 'state': 'کهگیلویه و بویراحمد', 'country': 'Iran', 'postcode': 48145, 'coordinates': {'latitude': '17.9730', 'longitude': '-82.3377'}, 'timezone': {'offset': '+10:00', 'description': 'Eastern Australia, Guam, Vladivostok'}}, 'email': 'mhrd.khwty@example.com', 'login': {'uuid': 'dee455e6-706e-46e9-87a8-9929e2cc2326', 'username': 'redleopard657', 'password': 'junior', 'salt': 'DaA4A6MH', 'md5': '213b3e8023489bde7c724753271992c5', 'sha1': '82df7f33829051aa008beae77b29c881af8de2ba', 'sha256': '086ff44a0c9610a8b71adf522ecd2a5e6a1f712c7d1825162f9bb384cec1bb83'}, 'dob': {'date': '1978-06-25T14:20:54.547Z', 'age': 45}, 'registered': {'date': '2004-11-02T01:30:43.257Z', 'age': 19}, 'phone': '091-87111382', 'cell': '0955-586-5570', 'id': {'name': '', 'value': None}, 'picture': {'large': 'https://randomuser.me/api/portraits/men/60.jpg', 'medium': 'https://randomuser.me/api/portraits/med/men/60.jpg', 'thumbnail': 'https://randomuser.me/api/portraits/thumb/men/60.jpg'}, 'nat': 'IR'}], 'info': {'seed': '96285fa03e0eafa5', 'results': 1, 'page': 1, 'version': '1.4'}}</msg>
<arg>${json_data}</arg>
<doc>Logs the given message with the given level.</doc>
<status status="PASS" start="2024-06-09T01:10:58.704563" elapsed="0.000256"/>
</kw>
<kw name="Should Be String" owner="String">
<arg>${json_data['results'][0]['gender']}</arg>
<doc>Fails if the given ``item`` is not a string.</doc>
<status status="PASS" start="2024-06-09T01:10:58.705221" elapsed="0.000402"/>
</kw>
<kw name="Should Match Regexp" owner="BuiltIn">
<arg>${json_data['results'][0]['email']}</arg>
<arg>^[a-zA-Z0-9._%+-]+@[a-zA-Z0-9.-]+\.[a-zA-Z]{2,}$</arg>
<doc>Fails if ``string`` does not match ``pattern`` as a regular expression.</doc>
<status status="PASS" start="2024-06-09T01:10:58.705820" elapsed="0.000680"/>
</kw>
<kw name="Should Match Regexp" owner="BuiltIn">
<arg>${json_data['results'][0]['dob']['date']}</arg>
<arg>\\d{4}-\\d{2}-\\d{2}T\\d{2}:\\d{2}:\\d{2}\\.\\d{3}Z</arg>
<doc>Fails if ``string`` does not match ``pattern`` as a regular expression.</doc>
<status status="PASS" start="2024-06-09T01:10:58.706701" elapsed="0.000490"/>
</kw>
<kw name="Should Match Regexp" owner="BuiltIn">
<arg>${json_data['results'][0]['registered']['date']}</arg>
<arg>\\d{4}-\\d{2}-\\d{2}T\\d{2}:\\d{2}:\\d{2}\\.\\d{3}Z</arg>
<doc>Fails if ``string`` does not match ``pattern`` as a regular expression.</doc>
<status status="PASS" start="2024-06-09T01:10:58.707387" elapsed="0.000370"/>
</kw>
<kw name="Should Match Regexp" owner="BuiltIn">
<arg>${json_data['results'][0]['picture']['large']}</arg>
<arg>^https?://.*\.(?:png|jpe?g|gif|bmp)$</arg>
<doc>Fails if ``string`` does not match ``pattern`` as a regular expression.</doc>
<status status="PASS" start="2024-06-09T01:10:58.707947" elapsed="0.000465"/>
</kw>
<kw name="Should Match Regexp" owner="BuiltIn">
<arg>${json_data['results'][0]['picture']['medium']}</arg>
<arg>^https?://.*\.(?:png|jpe?g|gif|bmp)$</arg>
<doc>Fails if ``string`` does not match ``pattern`` as a regular expression.</doc>
<status status="PASS" start="2024-06-09T01:10:58.708606" elapsed="0.000390"/>
</kw>
<kw name="Should Match Regexp" owner="BuiltIn">
<arg>${json_data['results'][0]['picture']['thumbnail']}</arg>
<arg>^https?://.*\.(?:png|jpe?g|gif|bmp)$</arg>
<doc>Fails if ``string`` does not match ``pattern`` as a regular expression.</doc>
<status status="PASS" start="2024-06-09T01:10:58.709193" elapsed="0.000419"/>
</kw>
<kw name="Log" owner="BuiltIn">
<msg time="2024-06-09T01:10:58.710162" level="INFO">{'large': 'https://randomuser.me/api/portraits/men/60.jpg', 'medium': 'https://randomuser.me/api/portraits/med/men/60.jpg', 'thumbnail': 'https://randomuser.me/api/portraits/thumb/men/60.jpg'}</msg>
<arg>${json_data['results'][0]['picture']}</arg>
<doc>Logs the given message with the given level.</doc>
<status status="PASS" start="2024-06-09T01:10:58.709829" elapsed="0.000377"/>
</kw>
<status status="PASS" start="2024-06-09T01:10:58.623188" elapsed="0.087294"/>
</kw>
<kw name="Teste de Tipos de Dados - Postcode" owner="random-user-service">
<kw name="GET On Session" owner="RequestsLibrary">
<msg time="2024-06-09T01:10:58.802116" level="INFO">GET Request : url=https://randomuser.me/api 
 path_url=/api 
 headers={'User-Agent': 'python-requests/2.32.3', 'Accept-Encoding': 'gzip, deflate', 'Accept': '*/*', 'Connection': 'keep-alive'} 
 body=None 
 </msg>
<msg time="2024-06-09T01:10:58.802215" level="INFO">GET Response : url=https://randomuser.me/api 
 status=200, reason=OK 
 headers={'Date': 'Sun, 09 Jun 2024 01:10:58 GMT', 'Content-Type': 'application/json; charset=utf-8', 'Transfer-Encoding': 'chunked', 'Connection': 'keep-alive', 'X-Powered-By': 'Express', 'Access-Control-Allow-Origin': '*', 'Cache-Control': 'no-cache', 'ETag': 'W/"46b-zKLqadckLHnvmdJxAmtz03VwXYs"', 'Vary': 'Accept-Encoding', 'Content-Encoding': 'gzip', 'CF-Cache-Status': 'DYNAMIC', 'Report-To': '{"endpoints":[{"url":"https:\\/\\/a.nel.cloudflare.com\\/report\\/v4?s=EXb53mNnjlaoJ369XehqGHsebUsksws5J62Rg0UTpWVWCOIoUxuTh9L6XahEK0JnS5apQl96SDQZTXd8ZpkU%2FlEbgkD0vDIc4zJwHmYH%2ByqmRCZczBKnbsnmCKxaOebf"}],"group":"cf-nel","max_age":604800}', 'NEL': '{"success_fraction":0,"report_to":"cf-nel","max_age":604800}', 'Server': 'cloudflare', 'CF-RAY': '890d3eb8f9ab86e1-ORD', 'alt-svc': 'h3=":443"; ma=86400'} 
 body={"results":[{"gender":"female","name":{"title":"Ms","first":"Amelia","last":"White"},"location":{"street":{"number":2827,"name":"Cuba Street"},"city":"Hastings","state":"Gisborne","country":"New Zealand","postcode":56056,"coordinates":{"latitude":"49.7942","longitude":"127.7826"},"timezone":{"offset":"+4:30","description":"Kabul"}},"email":"amelia.white@example.com","login":{"uuid":"1dea4243-836f-4ade-a173-3d96d7894175","username":"blueduck847","password":"hoops","salt":"lA0Q245h","md5":"3fd8789131548845adaeb5f0b23e937f","sha1":"bd7abd18df0a04a68e511e4f904e18df43e20e1b","sha256":"05290325dbd85836c5c12377532c6939a14f4a4d06c325cac20423e500dc6f2d"},"dob":{"date":"1980-01-24T19:50:22.198Z","age":44},"registered":{"date":"2010-03-09T14:13:52.604Z","age":14},"phone":"(455)-214-3109","cell":"(770)-857-2879","id":{"name":"","value":null},"picture":{"large":"https://randomuser.me/api/portraits/women/80.jpg","medium":"https://randomuser.me/api/portraits/med/women/80.jpg","thumbnail":"https://randomuser.me/api/portraits/thumb/women/80.jpg"},"nat":"NZ"}],"info":{"seed":"6d0bfa021d9e2484","results":1,"page":1,"version":"1.4"}} 
 </msg>
<msg time="2024-06-09T01:10:58.802285" level="INFO">/opt/hostedtoolcache/Python/3.12.3/x64/lib/python3.12/site-packages/urllib3/connectionpool.py:1103: InsecureRequestWarning: Unverified HTTPS request is being made to host 'randomuser.me'. Adding certificate verification is strongly advised. See: https://urllib3.readthedocs.io/en/latest/advanced-usage.html#tls-warnings
  warnings.warn(</msg>
<msg time="2024-06-09T01:10:58.802407" level="INFO">${response} = &lt;Response [200]&gt;</msg>
<var>${response}</var>
<arg>consultarAPI</arg>
<arg>/api</arg>
<doc>Sends a GET request on a previously created HTTP Session.</doc>
<status status="PASS" start="2024-06-09T01:10:58.710961" elapsed="0.091488"/>
</kw>
<kw name="Set Variable" owner="BuiltIn">
<msg time="2024-06-09T01:10:58.803643" level="INFO">${json_data} = {'results': [{'gender': 'female', 'name': {'title': 'Ms', 'first': 'Amelia', 'last': 'White'}, 'location': {'street': {'number': 2827, 'name': 'Cuba Street'}, 'city': 'Hastings', 'state': 'Gisborne', ...</msg>
<var>${json_data}</var>
<arg>${response.json()}</arg>
<doc>Returns the given values which can then be assigned to a variables.</doc>
<status status="PASS" start="2024-06-09T01:10:58.803077" elapsed="0.000594"/>
</kw>
<kw name="Log" owner="BuiltIn">
<msg time="2024-06-09T01:10:58.804155" level="INFO">{'results': [{'gender': 'female', 'name': {'title': 'Ms', 'first': 'Amelia', 'last': 'White'}, 'location': {'street': {'number': 2827, 'name': 'Cuba Street'}, 'city': 'Hastings', 'state': 'Gisborne', 'country': 'New Zealand', 'postcode': 56056, 'coordinates': {'latitude': '49.7942', 'longitude': '127.7826'}, 'timezone': {'offset': '+4:30', 'description': 'Kabul'}}, 'email': 'amelia.white@example.com', 'login': {'uuid': '1dea4243-836f-4ade-a173-3d96d7894175', 'username': 'blueduck847', 'password': 'hoops', 'salt': 'lA0Q245h', 'md5': '3fd8789131548845adaeb5f0b23e937f', 'sha1': 'bd7abd18df0a04a68e511e4f904e18df43e20e1b', 'sha256': '05290325dbd85836c5c12377532c6939a14f4a4d06c325cac20423e500dc6f2d'}, 'dob': {'date': '1980-01-24T19:50:22.198Z', 'age': 44}, 'registered': {'date': '2010-03-09T14:13:52.604Z', 'age': 14}, 'phone': '(455)-214-3109', 'cell': '(770)-857-2879', 'id': {'name': '', 'value': None}, 'picture': {'large': 'https://randomuser.me/api/portraits/women/80.jpg', 'medium': 'https://randomuser.me/api/portraits/med/women/80.jpg', 'thumbnail': 'https://randomuser.me/api/portraits/thumb/women/80.jpg'}, 'nat': 'NZ'}], 'info': {'seed': '6d0bfa021d9e2484', 'results': 1, 'page': 1, 'version': '1.4'}}</msg>
<arg>${json_data}</arg>
<doc>Logs the given message with the given level.</doc>
<status status="PASS" start="2024-06-09T01:10:58.803997" elapsed="0.000239"/>
</kw>
<kw name="Should Be Equal As Numbers" owner="BuiltIn">
<arg>${json_data['results'][0]['location']['postcode']}</arg>
<arg>${json_data['results'][0]['location']['postcode']}</arg>
<doc>Fails if objects are unequal after converting them to real numbers.</doc>
<status status="PASS" start="2024-06-09T01:10:58.804541" elapsed="0.000682"/>
</kw>
<kw name="Log" owner="BuiltIn">
<msg time="2024-06-09T01:10:58.805767" level="INFO">56056</msg>
<arg>${json_data['results'][0]['location']['postcode']}</arg>
<doc>Logs the given message with the given level.</doc>
<status status="PASS" start="2024-06-09T01:10:58.805425" elapsed="0.000383"/>
</kw>
<status status="PASS" start="2024-06-09T01:10:58.710714" elapsed="0.095355"/>
</kw>
<doc>Testa se os tipos de dados na resposta da API estão corretos.</doc>
<tag>testeTiposDados</tag>
<status status="PASS" start="2024-06-09T01:10:58.622660" elapsed="0.183579"/>
</test>
<test id="s1-s1-t5" name="Validar conteudo" line="35">
<kw name="Teste de Tipos de Conteudo" owner="random-user-service">
<kw name="GET On Session" owner="RequestsLibrary">
<msg time="2024-06-09T01:10:58.901292" level="INFO">GET Request : url=https://randomuser.me/api 
 path_url=/api 
 headers={'User-Agent': 'python-requests/2.32.3', 'Accept-Encoding': 'gzip, deflate', 'Accept': '*/*', 'Connection': 'keep-alive'} 
 body=None 
 </msg>
<msg time="2024-06-09T01:10:58.901393" level="INFO">GET Response : url=https://randomuser.me/api 
 status=200, reason=OK 
 headers={'Date': 'Sun, 09 Jun 2024 01:10:58 GMT', 'Content-Type': 'application/json; charset=utf-8', 'Transfer-Encoding': 'chunked', 'Connection': 'keep-alive', 'X-Powered-By': 'Express', 'Access-Control-Allow-Origin': '*', 'Cache-Control': 'no-cache', 'ETag': 'W/"4a7-wgujO1TGrQ9oM+aqRk/v2QXFRoY"', 'Vary': 'Accept-Encoding', 'Content-Encoding': 'gzip', 'CF-Cache-Status': 'DYNAMIC', 'Report-To': '{"endpoints":[{"url":"https:\\/\\/a.nel.cloudflare.com\\/report\\/v4?s=Y66BpDCzr9MyQuQoCYI3kEeHkLXs8zzxTovVuO1l%2B96IeKvrmGPP7FeazpvxUCTeha5PgPBqQPcgYplzbBU76kiHqoXBr4RZQvvAcOWWp%2BxN6dfax%2B4V4cdLibItSEx9"}],"group":"cf-nel","max_age":604800}', 'NEL': '{"success_fraction":0,"report_to":"cf-nel","max_age":604800}', 'Server': 'cloudflare', 'CF-RAY': '890d3eb98aa286e1-ORD', 'alt-svc': 'h3=":443"; ma=86400'} 
 body={"results":[{"gender":"female","name":{"title":"Miss","first":"Supritha","last":"Kumari"},"location":{"street":{"number":9103,"name":"Rasta Peth"},"city":"Machilipatnam","state":"Dadra and Nagar Haveli","country":"India","postcode":54643,"coordinates":{"latitude":"11.9199","longitude":"69.0918"},"timezone":{"offset":"+8:00","description":"Beijing, Perth, Singapore, Hong Kong"}},"email":"supritha.kumari@example.com","login":{"uuid":"d70deb83-7265-4634-b91d-84794e8e5219","username":"ticklishlion343","password":"aaaa","salt":"lyvAlrnK","md5":"b3b72a40379c3b131920af6ec7960931","sha1":"7e13d56b54be7694732b0e31a346f44bc8c74bb7","sha256":"ba87e421a0a5961d2e1a77b8f7381855ab7cde3498de9ab111c2edc03a443ca7"},"dob":{"date":"1970-06-24T21:23:57.699Z","age":53},"registered":{"date":"2013-10-12T08:40:27.987Z","age":10},"phone":"9593115473","cell":"8161886316","id":{"name":"UIDAI","value":"835820733561"},"picture":{"large":"https://randomuser.me/api/portraits/women/29.jpg","medium":"https://randomuser.me/api/portraits/med/women/29.jpg","thumbnail":"https://randomuser.me/api/portraits/thumb/women/29.jpg"},"nat":"IN"}],"info":{"seed":"d8b7f81548735f2c","results":1,"page":1,"version":"1.4"}} 
 </msg>
<msg time="2024-06-09T01:10:58.901462" level="INFO">/opt/hostedtoolcache/Python/3.12.3/x64/lib/python3.12/site-packages/urllib3/connectionpool.py:1103: InsecureRequestWarning: Unverified HTTPS request is being made to host 'randomuser.me'. Adding certificate verification is strongly advised. See: https://urllib3.readthedocs.io/en/latest/advanced-usage.html#tls-warnings
  warnings.warn(</msg>
<msg time="2024-06-09T01:10:58.901594" level="INFO">${response} = &lt;Response [200]&gt;</msg>
<var>${response}</var>
<arg>consultarAPI</arg>
<arg>/api</arg>
<doc>Sends a GET request on a previously created HTTP Session.</doc>
<status status="PASS" start="2024-06-09T01:10:58.808812" elapsed="0.092836"/>
</kw>
<kw name="Set Variable" owner="BuiltIn">
<msg time="2024-06-09T01:10:58.902840" level="INFO">${json_data} = {'results': [{'gender': 'female', 'name': {'title': 'Miss', 'first': 'Supritha', 'last': 'Kumari'}, 'location': {'street': {'number': 9103, 'name': 'Rasta Peth'}, 'city': 'Machilipatnam', 'state': 'Da...</msg>
<var>${json_data}</var>
<arg>${response.json()}</arg>
<doc>Returns the given values which can then be assigned to a variables.</doc>
<status status="PASS" start="2024-06-09T01:10:58.902285" elapsed="0.000585"/>
</kw>
<kw name="Set Variable" owner="BuiltIn">
<msg time="2024-06-09T01:10:58.903574" level="INFO">${name_title} = Miss</msg>
<var>${name_title}</var>
<arg>${json_data["results"][0]["name"]["title"]}</arg>
<doc>Returns the given values which can then be assigned to a variables.</doc>
<status status="PASS" start="2024-06-09T01:10:58.903184" elapsed="0.000416"/>
</kw>
<kw name="Create List" owner="BuiltIn">
<msg time="2024-06-09T01:10:58.904049" level="INFO">${allowed_titles} = ['Mr', 'Ms', 'Miss', 'Mrs', 'Madame', 'Monsieur']</msg>
<var>${allowed_titles}</var>
<arg>Mr</arg>
<arg>Ms</arg>
<arg>Miss</arg>
<arg>Mrs</arg>
<arg>Madame</arg>
<arg>Monsieur</arg>
<doc>Returns a list containing given items.</doc>
<status status="PASS" start="2024-06-09T01:10:58.903900" elapsed="0.000173"/>
</kw>
<kw name="List Should Contain Value" owner="Collections">
<msg time="2024-06-09T01:10:58.904603" level="INFO">False</msg>
<arg>${allowed_titles}</arg>
<arg>${name_title}</arg>
<doc>Fails if the ``value`` is not found from ``list``.</doc>
<status status="PASS" start="2024-06-09T01:10:58.904414" elapsed="0.000227"/>
</kw>
<kw name="Set Variable" owner="BuiltIn">
<msg time="2024-06-09T01:10:58.905587" level="INFO">${name_country} = IN</msg>
<var>${name_country}</var>
<arg>${json_data["results"][0]["nat"]}</arg>
<doc>Returns the given values which can then be assigned to a variables.</doc>
<status status="PASS" start="2024-06-09T01:10:58.904993" elapsed="0.000620"/>
</kw>
<kw name="Create List" owner="BuiltIn">
<msg time="2024-06-09T01:10:58.906523" level="INFO">${list_country} = ['AD', 'AE', 'AF', 'AG', 'AI', 'AL', 'AM', 'AO', 'AQ', 'AR', 'AS', 'AT', 'AU', 'AW', 'AX', 'AZ', 'BA', 'BB', 'BD', 'BE', 'BF', 'BG', 'BH', 'BI', 'BJ', 'BL', 'BM', 'BN', 'BO', 'BQ', 'BR', 'BS', 'BT', '...</msg>
<var>${list_country}</var>
<arg>AD</arg>
<arg>AE</arg>
<arg>AF</arg>
<arg>AG</arg>
<arg>AI</arg>
<arg>AL</arg>
<arg>AM</arg>
<arg>AO</arg>
<arg>AQ</arg>
<arg>AR</arg>
<arg>AS</arg>
<arg>AT</arg>
<arg>AU</arg>
<arg>AW</arg>
<arg>AX</arg>
<arg>AZ</arg>
<arg>BA</arg>
<arg>BB</arg>
<arg>BD</arg>
<arg>BE</arg>
<arg>BF</arg>
<arg>BG</arg>
<arg>BH</arg>
<arg>BI</arg>
<arg>BJ</arg>
<arg>BL</arg>
<arg>BM</arg>
<arg>BN</arg>
<arg>BO</arg>
<arg>BQ</arg>
<arg>BR</arg>
<arg>BS</arg>
<arg>BT</arg>
<arg>BV</arg>
<arg>BW</arg>
<arg>BY</arg>
<arg>BZ</arg>
<arg>CA</arg>
<arg>CC</arg>
<arg>CD</arg>
<arg>CF</arg>
<arg>CG</arg>
<arg>CH</arg>
<arg>CI</arg>
<arg>CK</arg>
<arg>CL</arg>
<arg>CM</arg>
<arg>CN</arg>
<arg>CO</arg>
<arg>CR</arg>
<arg>CU</arg>
<arg>CV</arg>
<arg>CW</arg>
<arg>CX</arg>
<arg>CY</arg>
<arg>CZ</arg>
<arg>DE</arg>
<arg>DJ</arg>
<arg>DK</arg>
<arg>DM</arg>
<arg>DO</arg>
<arg>DZ</arg>
<arg>EC</arg>
<arg>EE</arg>
<arg>EG</arg>
<arg>EH</arg>
<arg>ER</arg>
<arg>ES</arg>
<arg>ET</arg>
<arg>FI</arg>
<arg>FJ</arg>
<arg>FK</arg>
<arg>FM</arg>
<arg>FO</arg>
<arg>FR</arg>
<arg>GA</arg>
<arg>GB</arg>
<arg>GD</arg>
<arg>GE</arg>
<arg>GF</arg>
<arg>GG</arg>
<arg>GH</arg>
<arg>GI</arg>
<arg>GL</arg>
<arg>GM</arg>
<arg>GN</arg>
<arg>GP</arg>
<arg>GQ</arg>
<arg>GR</arg>
<arg>GS</arg>
<arg>GT</arg>
<arg>GU</arg>
<arg>GW</arg>
<arg>GY</arg>
<arg>HK</arg>
<arg>HM</arg>
<arg>HN</arg>
<arg>HR</arg>
<arg>HT</arg>
<arg>HU</arg>
<arg>ID</arg>
<arg>IE</arg>
<arg>IL</arg>
<arg>IM</arg>
<arg>IN</arg>
<arg>IO</arg>
<arg>IQ</arg>
<arg>IR</arg>
<arg>IS</arg>
<arg>IT</arg>
<arg>JE</arg>
<arg>JM</arg>
<arg>JO</arg>
<arg>JP</arg>
<arg>KE</arg>
<arg>KG</arg>
<arg>KH</arg>
<arg>KI</arg>
<arg>KM</arg>
<arg>KN</arg>
<arg>KP</arg>
<arg>KR</arg>
<arg>KW</arg>
<arg>KY</arg>
<arg>KZ</arg>
<arg>LA</arg>
<arg>LB</arg>
<arg>LC</arg>
<arg>LI</arg>
<arg>LK</arg>
<arg>LR</arg>
<arg>LS</arg>
<arg>LT</arg>
<arg>LU</arg>
<arg>LV</arg>
<arg>LY</arg>
<arg>MA</arg>
<arg>MC</arg>
<arg>MD</arg>
<arg>ME</arg>
<arg>MF</arg>
<arg>MG</arg>
<arg>MH</arg>
<arg>MK</arg>
<arg>ML</arg>
<arg>MM</arg>
<arg>MN</arg>
<arg>MO</arg>
<arg>MP</arg>
<arg>MQ</arg>
<arg>MR</arg>
<arg>MS</arg>
<arg>MT</arg>
<arg>MU</arg>
<arg>MV</arg>
<arg>MW</arg>
<arg>MX</arg>
<arg>MY</arg>
<arg>MZ</arg>
<arg>NA</arg>
<arg>NC</arg>
<arg>NE</arg>
<arg>NF</arg>
<arg>NG</arg>
<arg>NI</arg>
<arg>NL</arg>
<arg>NO</arg>
<arg>NP</arg>
<arg>NR</arg>
<arg>NU</arg>
<arg>NZ</arg>
<arg>OM</arg>
<arg>PA</arg>
<arg>PE</arg>
<arg>PF</arg>
<arg>PG</arg>
<arg>PH</arg>
<arg>PK</arg>
<arg>PL</arg>
<arg>PM</arg>
<arg>PN</arg>
<arg>PR</arg>
<arg>PS</arg>
<arg>PT</arg>
<arg>PW</arg>
<arg>PY</arg>
<arg>QA</arg>
<arg>RE</arg>
<arg>RO</arg>
<arg>RS</arg>
<arg>RU</arg>
<arg>RW</arg>
<arg>SA</arg>
<arg>SB</arg>
<arg>SC</arg>
<arg>SD</arg>
<arg>SE</arg>
<arg>SG</arg>
<arg>SH</arg>
<arg>SI</arg>
<arg>SJ</arg>
<arg>SK</arg>
<arg>SL</arg>
<arg>SM</arg>
<arg>SN</arg>
<arg>SO</arg>
<arg>SR</arg>
<arg>SS</arg>
<arg>ST</arg>
<arg>SV</arg>
<arg>SX</arg>
<arg>SY</arg>
<arg>SZ</arg>
<arg>TC</arg>
<arg>TD</arg>
<arg>TF</arg>
<arg>TG</arg>
<arg>TH</arg>
<arg>TJ</arg>
<arg>TK</arg>
<arg>TL</arg>
<arg>TM</arg>
<arg>TN</arg>
<arg>TO</arg>
<arg>TR</arg>
<arg>TT</arg>
<arg>TV</arg>
<arg>TW</arg>
<arg>TZ</arg>
<arg>UA</arg>
<arg>UG</arg>
<arg>UM</arg>
<arg>US</arg>
<arg>UY</arg>
<arg>UZ</arg>
<arg>VA</arg>
<arg>VC</arg>
<arg>VE</arg>
<arg>VG</arg>
<arg>VI</arg>
<arg>VN</arg>
<arg>VU</arg>
<arg>WF</arg>
<arg>WS</arg>
<arg>XK</arg>
<arg>YE</arg>
<arg>YT</arg>
<arg>ZA</arg>
<arg>ZM</arg>
<arg>ZW</arg>
<doc>Returns a list containing given items.</doc>
<status status="PASS" start="2024-06-09T01:10:58.905926" elapsed="0.000623"/>
</kw>
<kw name="List Should Contain Value" owner="Collections">
<msg time="2024-06-09T01:10:58.907557" level="INFO">False</msg>
<arg>${list_country}</arg>
<arg>${name_country}</arg>
<doc>Fails if the ``value`` is not found from ``list``.</doc>
<status status="PASS" start="2024-06-09T01:10:58.907341" elapsed="0.000253"/>
</kw>
<kw name="Run Keyword If" owner="BuiltIn">
<kw name="Should Be True" owner="BuiltIn">
<arg>${True}</arg>
<doc>Fails if the given condition is not true.</doc>
<status status="PASS" start="2024-06-09T01:10:58.908670" elapsed="0.000144"/>
</kw>
<arg>${json_data["results"][0]["location"]["coordinates"]["latitude"]} &gt;= -90 and ${json_data["results"][0]["location"]["coordinates"]["latitude"]} &lt;= 90</arg>
<arg>Should Be True</arg>
<arg>${True}</arg>
<doc>Runs the given keyword with the given arguments, if ``condition`` is true.</doc>
<status status="PASS" start="2024-06-09T01:10:58.907909" elapsed="0.001067"/>
</kw>
<kw name="Run Keyword If" owner="BuiltIn">
<kw name="Should Be True" owner="BuiltIn">
<arg>${True}</arg>
<doc>Fails if the given condition is not true.</doc>
<status status="PASS" start="2024-06-09T01:10:58.909866" elapsed="0.000139"/>
</kw>
<arg>${json_data["results"][0]["location"]["coordinates"]["longitude"]} &gt;= -180 and ${json_data["results"][0]["location"]["coordinates"]["longitude"]} &lt;= 180</arg>
<arg>Should Be True</arg>
<arg>${True}</arg>
<doc>Runs the given keyword with the given arguments, if ``condition`` is true.</doc>
<status status="PASS" start="2024-06-09T01:10:58.909172" elapsed="0.000963"/>
</kw>
<status status="PASS" start="2024-06-09T01:10:58.808577" elapsed="0.101691"/>
</kw>
<doc>Testa o conteúdo específico dos campos retornados pela API.</doc>
<tag>testeConteudo</tag>
<status status="PASS" start="2024-06-09T01:10:58.808006" elapsed="0.102418"/>
</test>
<status status="PASS" start="2024-06-09T01:10:58.057518" elapsed="0.854894"/>
</suite>
<status status="PASS" start="2024-06-09T01:10:58.043671" elapsed="0.874087"/>
</suite>
<statistics>
<total>
<stat pass="5" fail="0" skip="0">All Tests</stat>
</total>
<tag>
<stat pass="1" fail="0" skip="0">testeConteudo</stat>
<stat pass="1" fail="0" skip="0">testeEstruturaResposta</stat>
<stat pass="1" fail="0" skip="0">testeRequisicaoBasica</stat>
<stat pass="1" fail="0" skip="0">testeTiposDados</stat>
</tag>
<suite>
<stat pass="5" fail="0" skip="0" id="s1" name="Tests">Tests</stat>
<stat pass="5" fail="0" skip="0" id="s1-s1" name="Random-User-Test">Tests.Random-User-Test</stat>
</suite>
</statistics>
<errors>
</errors>
</robot>
