<?xml version="1.0" encoding="UTF-8"?>
<robot generator="Robot 7.0.1 (Python 3.12.4 on linux)" generated="2024-07-14T11:13:31.375906" rpa="false" schemaversion="5">
<suite id="s1" name="Tests" source="/home/runner/work/ApiRandomUser/ApiRandomUser/RamdonUser/tests">
<suite id="s1-s1" name="Random-User-Test" source="/home/runner/work/ApiRandomUser/ApiRandomUser/RamdonUser/tests/random-user-test.robot">
<test id="s1-s1-t1" name="Conectar" line="13">
<kw name="Conectar API" owner="random-user-service">
<kw name="Create Session" owner="RequestsLibrary">
<msg time="2024-07-14T11:13:31.798401" level="INFO">Creating Session using : alias=consultarAPI, url=https://randomuser.me/, headers={},                     cookies={}, auth=None, timeout=None, proxies=None, verify=False,                     debug=0 </msg>
<arg>consultarAPI</arg>
<arg>${URL}</arg>
<doc>Create Session: create a HTTP session to a server</doc>
<status status="PASS" start="2024-07-14T11:13:31.798206" elapsed="0.000357"/>
</kw>
<status status="PASS" start="2024-07-14T11:13:31.797310" elapsed="0.001598"/>
</kw>
<status status="PASS" start="2024-07-14T11:13:31.796796" elapsed="0.002326"/>
</test>
<test id="s1-s1-t2" name="Validar retorno 200 e JSON Válido" line="16">
<kw name="Teste de Requisicao Basica" owner="random-user-service">
<kw name="GET On Session" owner="RequestsLibrary">
<msg time="2024-07-14T11:13:32.128845" level="INFO">GET Request : url=https://randomuser.me/api 
 path_url=/api 
 headers={'User-Agent': 'python-requests/2.32.3', 'Accept-Encoding': 'gzip, deflate', 'Accept': '*/*', 'Connection': 'keep-alive'} 
 body=None 
 </msg>
<msg time="2024-07-14T11:13:32.128973" level="INFO">GET Response : url=https://randomuser.me/api 
 status=200, reason=OK 
 headers={'Date': 'Sun, 14 Jul 2024 11:13:32 GMT', 'Content-Type': 'application/json; charset=utf-8', 'Transfer-Encoding': 'chunked', 'Connection': 'keep-alive', 'X-Powered-By': 'Express', 'Access-Control-Allow-Origin': '*', 'Cache-Control': 'no-cache', 'ETag': 'W/"4a1-PEPNcraZVDjDnlvKsupd9hcXKas"', 'Vary': 'Accept-Encoding', 'Content-Encoding': 'gzip', 'CF-Cache-Status': 'DYNAMIC', 'Report-To': '{"endpoints":[{"url":"https:\\/\\/a.nel.cloudflare.com\\/report\\/v4?s=3c2SwFdSP5WOFYMbX5SNP7GxUuKz%2Fq6hoKC1gFFeDdVrAhNXKC8zDnzV%2F%2BnZOCUtL1F%2B9cTizKIwmaxvgUZbFSVEyyoQ2wibtgkzQArXzt0Ub%2Fys8T6k1NKaTdxt4YxB"}],"group":"cf-nel","max_age":604800}', 'NEL': '{"success_fraction":0,"report_to":"cf-nel","max_age":604800}', 'Server': 'cloudflare', 'CF-RAY': '8a31157faae69c73-IAD', 'alt-svc': 'h3=":443"; ma=86400'} 
 body={"results":[{"gender":"female","name":{"title":"Miss","first":"Claudia","last":"Cruz"},"location":{"street":{"number":5403,"name":"Calle Mota"},"city":"Elche","state":"Comunidad de Madrid","country":"Spain","postcode":65110,"coordinates":{"latitude":"-35.6897","longitude":"152.8277"},"timezone":{"offset":"+3:00","description":"Baghdad, Riyadh, Moscow, St. Petersburg"}},"email":"claudia.cruz@example.com","login":{"uuid":"32388d48-99d2-43a7-91a0-a2408fc06aa9","username":"beautifulostrich230","password":"oooooooo","salt":"K1imQEvf","md5":"537460753ac2382cedbd986ea95c8633","sha1":"3effae25c173f98b40ac745f6a0529f6cbd36137","sha256":"f0ae3fa79d782d3469d7fef505b1a441e1e1b658c152da750b907655e38b5c45"},"dob":{"date":"1962-01-22T20:41:22.777Z","age":62},"registered":{"date":"2002-07-29T23:56:14.881Z","age":21},"phone":"997-046-662","cell":"675-817-754","id":{"name":"DNI","value":"92371579-M"},"picture":{"large":"https://randomuser.me/api/portraits/women/52.jpg","medium":"https://randomuser.me/api/portraits/med/women/52.jpg","thumbnail":"https://randomuser.me/api/portraits/thumb/women/52.jpg"},"nat":"ES"}],"info":{"seed":"28bfe363eef495d5","results":1,"page":1,"version":"1.4"}} 
 </msg>
<msg time="2024-07-14T11:13:32.129046" level="INFO">/opt/hostedtoolcache/Python/3.12.4/x64/lib/python3.12/site-packages/urllib3/connectionpool.py:1099: InsecureRequestWarning: Unverified HTTPS request is being made to host 'randomuser.me'. Adding certificate verification is strongly advised. See: https://urllib3.readthedocs.io/en/latest/advanced-usage.html#tls-warnings
  warnings.warn(</msg>
<msg time="2024-07-14T11:13:32.129185" level="INFO">${response} = &lt;Response [200]&gt;</msg>
<var>${response}</var>
<arg>consultarAPI</arg>
<arg>/api</arg>
<doc>Sends a GET request on a previously created HTTP Session.</doc>
<status status="PASS" start="2024-07-14T11:13:31.801675" elapsed="0.327554"/>
</kw>
<kw name="Should Be Equal As Numbers" owner="BuiltIn">
<msg time="2024-07-14T11:13:32.130296" level="INFO">Argument types are:
&lt;class 'int'&gt;
&lt;class 'str'&gt;</msg>
<arg>${response.status_code}</arg>
<arg>200</arg>
<doc>Fails if objects are unequal after converting them to real numbers.</doc>
<status status="PASS" start="2024-07-14T11:13:32.129816" elapsed="0.000544"/>
</kw>
<kw name="Log" owner="BuiltIn">
<msg time="2024-07-14T11:13:32.131057" level="INFO">200</msg>
<arg>${response.status_code}</arg>
<doc>Logs the given message with the given level.</doc>
<status status="PASS" start="2024-07-14T11:13:32.130677" elapsed="0.000434"/>
</kw>
<kw name="Set Variable" owner="BuiltIn">
<msg time="2024-07-14T11:13:32.131845" level="INFO">${json_data} = {'results': [{'gender': 'female', 'name': {'title': 'Miss', 'first': 'Claudia', 'last': 'Cruz'}, 'location': {'street': {'number': 5403, 'name': 'Calle Mota'}, 'city': 'Elche', 'state': 'Comunidad de ...</msg>
<var>${json_data}</var>
<arg>${response.json()}</arg>
<doc>Returns the given values which can then be assigned to a variables.</doc>
<status status="PASS" start="2024-07-14T11:13:32.131416" elapsed="0.000457"/>
</kw>
<kw name="Dictionary Should Contain Key" owner="Collections">
<arg>${json_data}</arg>
<arg>results</arg>
<doc>Fails if ``key`` is not found from ``dictionary``.</doc>
<status status="PASS" start="2024-07-14T11:13:32.132165" elapsed="0.000161"/>
</kw>
<status status="PASS" start="2024-07-14T11:13:31.801429" elapsed="0.331043"/>
</kw>
<doc>Testa se a API responde corretamente e retorna um objeto JSON válido.</doc>
<tag>testeRequisicaoBasica</tag>
<status status="PASS" start="2024-07-14T11:13:31.800976" elapsed="0.331675"/>
</test>
<test id="s1-s1-t3" name="Validar estrutura de resposta" line="22">
<kw name="Teste de Estrutura de Resposta" owner="random-user-service">
<kw name="GET On Session" owner="RequestsLibrary">
<msg time="2024-07-14T11:13:32.231723" level="INFO">GET Request : url=https://randomuser.me/api 
 path_url=/api 
 headers={'User-Agent': 'python-requests/2.32.3', 'Accept-Encoding': 'gzip, deflate', 'Accept': '*/*', 'Connection': 'keep-alive'} 
 body=None 
 </msg>
<msg time="2024-07-14T11:13:32.231811" level="INFO">GET Response : url=https://randomuser.me/api 
 status=200, reason=OK 
 headers={'Date': 'Sun, 14 Jul 2024 11:13:32 GMT', 'Content-Type': 'application/json; charset=utf-8', 'Transfer-Encoding': 'chunked', 'Connection': 'keep-alive', 'X-Powered-By': 'Express', 'Access-Control-Allow-Origin': '*', 'Cache-Control': 'no-cache', 'ETag': 'W/"495-ZPxn+EMHbwRxsVBuH+AQ4xiMsYs"', 'Vary': 'Accept-Encoding', 'Content-Encoding': 'gzip', 'CF-Cache-Status': 'DYNAMIC', 'Report-To': '{"endpoints":[{"url":"https:\\/\\/a.nel.cloudflare.com\\/report\\/v4?s=czdqEul6l5kvTcv5wHQq5DPHyMd7ZRBIrWf1qLfMG1RoRgq%2Fjo31EGdVNR1%2BY9RZ7oI9LRm%2FvRYdEMb9sCpXDMmj0IK2dmDCTyEwtLWSVFlg0RbX6XD6CvNIFzQCVDmf"}],"group":"cf-nel","max_age":604800}', 'NEL': '{"success_fraction":0,"report_to":"cf-nel","max_age":604800}', 'Server': 'cloudflare', 'CF-RAY': '8a31157fdb029c73-IAD', 'alt-svc': 'h3=":443"; ma=86400'} 
 body={"results":[{"gender":"male","name":{"title":"Mr","first":"Randall","last":"Gardner"},"location":{"street":{"number":3685,"name":"Prospect Rd"},"city":"Bunbury","state":"Western Australia","country":"Australia","postcode":8228,"coordinates":{"latitude":"-88.8053","longitude":"-43.0084"},"timezone":{"offset":"+4:00","description":"Abu Dhabi, Muscat, Baku, Tbilisi"}},"email":"randall.gardner@example.com","login":{"uuid":"c495a3f7-5b1d-4f76-a350-5286b9b8182d","username":"goldenbear433","password":"coldplay","salt":"wQh28Dz3","md5":"ae5310519f65323166b04e4681741697","sha1":"f1610a967b2366a141538063c165cee90ec4811e","sha256":"b5edfcbd0fb7bca2df9c937a43e011702560036ff796323db2afbf3e4d8d16d8"},"dob":{"date":"1953-12-24T21:52:23.276Z","age":70},"registered":{"date":"2013-06-07T02:59:09.642Z","age":11},"phone":"07-5650-5180","cell":"0477-790-234","id":{"name":"TFN","value":"258724778"},"picture":{"large":"https://randomuser.me/api/portraits/men/38.jpg","medium":"https://randomuser.me/api/portraits/med/men/38.jpg","thumbnail":"https://randomuser.me/api/portraits/thumb/men/38.jpg"},"nat":"AU"}],"info":{"seed":"e929ab163c626af5","results":1,"page":1,"version":"1.4"}} 
 </msg>
<msg time="2024-07-14T11:13:32.231941" level="INFO">/opt/hostedtoolcache/Python/3.12.4/x64/lib/python3.12/site-packages/urllib3/connectionpool.py:1099: InsecureRequestWarning: Unverified HTTPS request is being made to host 'randomuser.me'. Adding certificate verification is strongly advised. See: https://urllib3.readthedocs.io/en/latest/advanced-usage.html#tls-warnings
  warnings.warn(</msg>
<msg time="2024-07-14T11:13:32.232068" level="INFO">${response} = &lt;Response [200]&gt;</msg>
<var>${response}</var>
<arg>consultarAPI</arg>
<arg>/api</arg>
<doc>Sends a GET request on a previously created HTTP Session.</doc>
<status status="PASS" start="2024-07-14T11:13:32.135365" elapsed="0.096759"/>
</kw>
<kw name="Set Variable" owner="BuiltIn">
<msg time="2024-07-14T11:13:32.233152" level="INFO">${json_data} = {'results': [{'gender': 'male', 'name': {'title': 'Mr', 'first': 'Randall', 'last': 'Gardner'}, 'location': {'street': {'number': 3685, 'name': 'Prospect Rd'}, 'city': 'Bunbury', 'state': 'Western Aus...</msg>
<var>${json_data}</var>
<arg>${response.json()}</arg>
<doc>Returns the given values which can then be assigned to a variables.</doc>
<status status="PASS" start="2024-07-14T11:13:32.232605" elapsed="0.000575"/>
</kw>
<kw name="Log" owner="BuiltIn">
<msg time="2024-07-14T11:13:32.233644" level="INFO">{'results': [{'gender': 'male', 'name': {'title': 'Mr', 'first': 'Randall', 'last': 'Gardner'}, 'location': {'street': {'number': 3685, 'name': 'Prospect Rd'}, 'city': 'Bunbury', 'state': 'Western Australia', 'country': 'Australia', 'postcode': 8228, 'coordinates': {'latitude': '-88.8053', 'longitude': '-43.0084'}, 'timezone': {'offset': '+4:00', 'description': 'Abu Dhabi, Muscat, Baku, Tbilisi'}}, 'email': 'randall.gardner@example.com', 'login': {'uuid': 'c495a3f7-5b1d-4f76-a350-5286b9b8182d', 'username': 'goldenbear433', 'password': 'coldplay', 'salt': 'wQh28Dz3', 'md5': 'ae5310519f65323166b04e4681741697', 'sha1': 'f1610a967b2366a141538063c165cee90ec4811e', 'sha256': 'b5edfcbd0fb7bca2df9c937a43e011702560036ff796323db2afbf3e4d8d16d8'}, 'dob': {'date': '1953-12-24T21:52:23.276Z', 'age': 70}, 'registered': {'date': '2013-06-07T02:59:09.642Z', 'age': 11}, 'phone': '07-5650-5180', 'cell': '0477-790-234', 'id': {'name': 'TFN', 'value': '258724778'}, 'picture': {'large': 'https://randomuser.me/api/portraits/men/38.jpg', 'medium': 'https://randomuser.me/api/portraits/med/men/38.jpg', 'thumbnail': 'https://randomuser.me/api/portraits/thumb/men/38.jpg'}, 'nat': 'AU'}], 'info': {'seed': 'e929ab163c626af5', 'results': 1, 'page': 1, 'version': '1.4'}}</msg>
<arg>${json_data}</arg>
<doc>Logs the given message with the given level.</doc>
<status status="PASS" start="2024-07-14T11:13:32.233489" elapsed="0.000201"/>
</kw>
<kw name="Dictionary Should Contain Key" owner="Collections">
<arg>${json_data}</arg>
<arg>results</arg>
<doc>Fails if ``key`` is not found from ``dictionary``.</doc>
<status status="PASS" start="2024-07-14T11:13:32.233975" elapsed="0.000155"/>
</kw>
<kw name="Should Not Be Empty" owner="BuiltIn">
<msg time="2024-07-14T11:13:32.234439" level="INFO">Length is 2.</msg>
<arg>${json_data}</arg>
<doc>Verifies that the given item is not empty.</doc>
<status status="PASS" start="2024-07-14T11:13:32.234311" elapsed="0.000166"/>
</kw>
<kw name="Create List" owner="BuiltIn">
<msg time="2024-07-14T11:13:32.234914" level="INFO">${expected_keys} = ['gender', 'name', 'location', 'email', 'login']</msg>
<var>${expected_keys}</var>
<arg>gender</arg>
<arg>name</arg>
<arg>location</arg>
<arg>email</arg>
<arg>login</arg>
<doc>Returns a list containing given items.</doc>
<status status="PASS" start="2024-07-14T11:13:32.234769" elapsed="0.000168"/>
</kw>
<for flavor="IN">
<iter>
<kw name="Dictionary Should Contain Key" owner="Collections">
<arg>${json_data['results'][0]}</arg>
<arg>${key}</arg>
<doc>Fails if ``key`` is not found from ``dictionary``.</doc>
<status status="PASS" start="2024-07-14T11:13:32.235670" elapsed="0.000392"/>
</kw>
<kw name="Log" owner="BuiltIn">
<msg time="2024-07-14T11:13:32.236601" level="INFO">{'gender': 'male', 'name': {'title': 'Mr', 'first': 'Randall', 'last': 'Gardner'}, 'location': {'street': {'number': 3685, 'name': 'Prospect Rd'}, 'city': 'Bunbury', 'state': 'Western Australia', 'country': 'Australia', 'postcode': 8228, 'coordinates': {'latitude': '-88.8053', 'longitude': '-43.0084'}, 'timezone': {'offset': '+4:00', 'description': 'Abu Dhabi, Muscat, Baku, Tbilisi'}}, 'email': 'randall.gardner@example.com', 'login': {'uuid': 'c495a3f7-5b1d-4f76-a350-5286b9b8182d', 'username': 'goldenbear433', 'password': 'coldplay', 'salt': 'wQh28Dz3', 'md5': 'ae5310519f65323166b04e4681741697', 'sha1': 'f1610a967b2366a141538063c165cee90ec4811e', 'sha256': 'b5edfcbd0fb7bca2df9c937a43e011702560036ff796323db2afbf3e4d8d16d8'}, 'dob': {'date': '1953-12-24T21:52:23.276Z', 'age': 70}, 'registered': {'date': '2013-06-07T02:59:09.642Z', 'age': 11}, 'phone': '07-5650-5180', 'cell': '0477-790-234', 'id': {'name': 'TFN', 'value': '258724778'}, 'picture': {'large': 'https://randomuser.me/api/portraits/men/38.jpg', 'medium': 'https://randomuser.me/api/portraits/med/men/38.jpg', 'thumbnail': 'https://randomuser.me/api/portraits/thumb/men/38.jpg'}, 'nat': 'AU'}</msg>
<arg>${json_data['results'][0]}</arg>
<doc>Logs the given message with the given level.</doc>
<status status="PASS" start="2024-07-14T11:13:32.236252" elapsed="0.000396"/>
</kw>
<kw name="Log" owner="BuiltIn">
<msg time="2024-07-14T11:13:32.237071" level="INFO">gender</msg>
<arg>${key}</arg>
<doc>Logs the given message with the given level.</doc>
<status status="PASS" start="2024-07-14T11:13:32.236945" elapsed="0.000162"/>
</kw>
<var name="${key}">gender</var>
<status status="PASS" start="2024-07-14T11:13:32.235548" elapsed="0.001772"/>
</iter>
<iter>
<kw name="Dictionary Should Contain Key" owner="Collections">
<arg>${json_data['results'][0]}</arg>
<arg>${key}</arg>
<doc>Fails if ``key`` is not found from ``dictionary``.</doc>
<status status="PASS" start="2024-07-14T11:13:32.237613" elapsed="0.000389"/>
</kw>
<kw name="Log" owner="BuiltIn">
<msg time="2024-07-14T11:13:32.238525" level="INFO">{'gender': 'male', 'name': {'title': 'Mr', 'first': 'Randall', 'last': 'Gardner'}, 'location': {'street': {'number': 3685, 'name': 'Prospect Rd'}, 'city': 'Bunbury', 'state': 'Western Australia', 'country': 'Australia', 'postcode': 8228, 'coordinates': {'latitude': '-88.8053', 'longitude': '-43.0084'}, 'timezone': {'offset': '+4:00', 'description': 'Abu Dhabi, Muscat, Baku, Tbilisi'}}, 'email': 'randall.gardner@example.com', 'login': {'uuid': 'c495a3f7-5b1d-4f76-a350-5286b9b8182d', 'username': 'goldenbear433', 'password': 'coldplay', 'salt': 'wQh28Dz3', 'md5': 'ae5310519f65323166b04e4681741697', 'sha1': 'f1610a967b2366a141538063c165cee90ec4811e', 'sha256': 'b5edfcbd0fb7bca2df9c937a43e011702560036ff796323db2afbf3e4d8d16d8'}, 'dob': {'date': '1953-12-24T21:52:23.276Z', 'age': 70}, 'registered': {'date': '2013-06-07T02:59:09.642Z', 'age': 11}, 'phone': '07-5650-5180', 'cell': '0477-790-234', 'id': {'name': 'TFN', 'value': '258724778'}, 'picture': {'large': 'https://randomuser.me/api/portraits/men/38.jpg', 'medium': 'https://randomuser.me/api/portraits/med/men/38.jpg', 'thumbnail': 'https://randomuser.me/api/portraits/thumb/men/38.jpg'}, 'nat': 'AU'}</msg>
<arg>${json_data['results'][0]}</arg>
<doc>Logs the given message with the given level.</doc>
<status status="PASS" start="2024-07-14T11:13:32.238182" elapsed="0.000423"/>
</kw>
<kw name="Log" owner="BuiltIn">
<msg time="2024-07-14T11:13:32.239065" level="INFO">name</msg>
<arg>${key}</arg>
<doc>Logs the given message with the given level.</doc>
<status status="PASS" start="2024-07-14T11:13:32.238918" elapsed="0.000185"/>
</kw>
<var name="${key}">name</var>
<status status="PASS" start="2024-07-14T11:13:32.237502" elapsed="0.001818"/>
</iter>
<iter>
<kw name="Dictionary Should Contain Key" owner="Collections">
<arg>${json_data['results'][0]}</arg>
<arg>${key}</arg>
<doc>Fails if ``key`` is not found from ``dictionary``.</doc>
<status status="PASS" start="2024-07-14T11:13:32.239603" elapsed="0.000371"/>
</kw>
<kw name="Log" owner="BuiltIn">
<msg time="2024-07-14T11:13:32.240495" level="INFO">{'gender': 'male', 'name': {'title': 'Mr', 'first': 'Randall', 'last': 'Gardner'}, 'location': {'street': {'number': 3685, 'name': 'Prospect Rd'}, 'city': 'Bunbury', 'state': 'Western Australia', 'country': 'Australia', 'postcode': 8228, 'coordinates': {'latitude': '-88.8053', 'longitude': '-43.0084'}, 'timezone': {'offset': '+4:00', 'description': 'Abu Dhabi, Muscat, Baku, Tbilisi'}}, 'email': 'randall.gardner@example.com', 'login': {'uuid': 'c495a3f7-5b1d-4f76-a350-5286b9b8182d', 'username': 'goldenbear433', 'password': 'coldplay', 'salt': 'wQh28Dz3', 'md5': 'ae5310519f65323166b04e4681741697', 'sha1': 'f1610a967b2366a141538063c165cee90ec4811e', 'sha256': 'b5edfcbd0fb7bca2df9c937a43e011702560036ff796323db2afbf3e4d8d16d8'}, 'dob': {'date': '1953-12-24T21:52:23.276Z', 'age': 70}, 'registered': {'date': '2013-06-07T02:59:09.642Z', 'age': 11}, 'phone': '07-5650-5180', 'cell': '0477-790-234', 'id': {'name': 'TFN', 'value': '258724778'}, 'picture': {'large': 'https://randomuser.me/api/portraits/men/38.jpg', 'medium': 'https://randomuser.me/api/portraits/med/men/38.jpg', 'thumbnail': 'https://randomuser.me/api/portraits/thumb/men/38.jpg'}, 'nat': 'AU'}</msg>
<arg>${json_data['results'][0]}</arg>
<doc>Logs the given message with the given level.</doc>
<status status="PASS" start="2024-07-14T11:13:32.240150" elapsed="0.000392"/>
</kw>
<kw name="Log" owner="BuiltIn">
<msg time="2024-07-14T11:13:32.240963" level="INFO">location</msg>
<arg>${key}</arg>
<doc>Logs the given message with the given level.</doc>
<status status="PASS" start="2024-07-14T11:13:32.240837" elapsed="0.000162"/>
</kw>
<var name="${key}">location</var>
<status status="PASS" start="2024-07-14T11:13:32.239495" elapsed="0.001715"/>
</iter>
<iter>
<kw name="Dictionary Should Contain Key" owner="Collections">
<arg>${json_data['results'][0]}</arg>
<arg>${key}</arg>
<doc>Fails if ``key`` is not found from ``dictionary``.</doc>
<status status="PASS" start="2024-07-14T11:13:32.241483" elapsed="0.000378"/>
</kw>
<kw name="Log" owner="BuiltIn">
<msg time="2024-07-14T11:13:32.242389" level="INFO">{'gender': 'male', 'name': {'title': 'Mr', 'first': 'Randall', 'last': 'Gardner'}, 'location': {'street': {'number': 3685, 'name': 'Prospect Rd'}, 'city': 'Bunbury', 'state': 'Western Australia', 'country': 'Australia', 'postcode': 8228, 'coordinates': {'latitude': '-88.8053', 'longitude': '-43.0084'}, 'timezone': {'offset': '+4:00', 'description': 'Abu Dhabi, Muscat, Baku, Tbilisi'}}, 'email': 'randall.gardner@example.com', 'login': {'uuid': 'c495a3f7-5b1d-4f76-a350-5286b9b8182d', 'username': 'goldenbear433', 'password': 'coldplay', 'salt': 'wQh28Dz3', 'md5': 'ae5310519f65323166b04e4681741697', 'sha1': 'f1610a967b2366a141538063c165cee90ec4811e', 'sha256': 'b5edfcbd0fb7bca2df9c937a43e011702560036ff796323db2afbf3e4d8d16d8'}, 'dob': {'date': '1953-12-24T21:52:23.276Z', 'age': 70}, 'registered': {'date': '2013-06-07T02:59:09.642Z', 'age': 11}, 'phone': '07-5650-5180', 'cell': '0477-790-234', 'id': {'name': 'TFN', 'value': '258724778'}, 'picture': {'large': 'https://randomuser.me/api/portraits/men/38.jpg', 'medium': 'https://randomuser.me/api/portraits/med/men/38.jpg', 'thumbnail': 'https://randomuser.me/api/portraits/thumb/men/38.jpg'}, 'nat': 'AU'}</msg>
<arg>${json_data['results'][0]}</arg>
<doc>Logs the given message with the given level.</doc>
<status status="PASS" start="2024-07-14T11:13:32.242045" elapsed="0.000391"/>
</kw>
<kw name="Log" owner="BuiltIn">
<msg time="2024-07-14T11:13:32.242858" level="INFO">email</msg>
<arg>${key}</arg>
<doc>Logs the given message with the given level.</doc>
<status status="PASS" start="2024-07-14T11:13:32.242732" elapsed="0.000170"/>
</kw>
<var name="${key}">email</var>
<status status="PASS" start="2024-07-14T11:13:32.241376" elapsed="0.001768"/>
</iter>
<iter>
<kw name="Dictionary Should Contain Key" owner="Collections">
<arg>${json_data['results'][0]}</arg>
<arg>${key}</arg>
<doc>Fails if ``key`` is not found from ``dictionary``.</doc>
<status status="PASS" start="2024-07-14T11:13:32.243426" elapsed="0.000383"/>
</kw>
<kw name="Log" owner="BuiltIn">
<msg time="2024-07-14T11:13:32.244337" level="INFO">{'gender': 'male', 'name': {'title': 'Mr', 'first': 'Randall', 'last': 'Gardner'}, 'location': {'street': {'number': 3685, 'name': 'Prospect Rd'}, 'city': 'Bunbury', 'state': 'Western Australia', 'country': 'Australia', 'postcode': 8228, 'coordinates': {'latitude': '-88.8053', 'longitude': '-43.0084'}, 'timezone': {'offset': '+4:00', 'description': 'Abu Dhabi, Muscat, Baku, Tbilisi'}}, 'email': 'randall.gardner@example.com', 'login': {'uuid': 'c495a3f7-5b1d-4f76-a350-5286b9b8182d', 'username': 'goldenbear433', 'password': 'coldplay', 'salt': 'wQh28Dz3', 'md5': 'ae5310519f65323166b04e4681741697', 'sha1': 'f1610a967b2366a141538063c165cee90ec4811e', 'sha256': 'b5edfcbd0fb7bca2df9c937a43e011702560036ff796323db2afbf3e4d8d16d8'}, 'dob': {'date': '1953-12-24T21:52:23.276Z', 'age': 70}, 'registered': {'date': '2013-06-07T02:59:09.642Z', 'age': 11}, 'phone': '07-5650-5180', 'cell': '0477-790-234', 'id': {'name': 'TFN', 'value': '258724778'}, 'picture': {'large': 'https://randomuser.me/api/portraits/men/38.jpg', 'medium': 'https://randomuser.me/api/portraits/med/men/38.jpg', 'thumbnail': 'https://randomuser.me/api/portraits/thumb/men/38.jpg'}, 'nat': 'AU'}</msg>
<arg>${json_data['results'][0]}</arg>
<doc>Logs the given message with the given level.</doc>
<status status="PASS" start="2024-07-14T11:13:32.243986" elapsed="0.000398"/>
</kw>
<kw name="Log" owner="BuiltIn">
<msg time="2024-07-14T11:13:32.244794" level="INFO">login</msg>
<arg>${key}</arg>
<doc>Logs the given message with the given level.</doc>
<status status="PASS" start="2024-07-14T11:13:32.244670" elapsed="0.000161"/>
</kw>
<var name="${key}">login</var>
<status status="PASS" start="2024-07-14T11:13:32.243313" elapsed="0.001739"/>
</iter>
<var>${key}</var>
<value>@{expected_keys}</value>
<status status="PASS" start="2024-07-14T11:13:32.235362" elapsed="0.009809"/>
</for>
<kw name="Create List" owner="BuiltIn">
<msg time="2024-07-14T11:13:32.245487" level="INFO">${expected_keysTwo} = ['username', 'password']</msg>
<var>${expected_keysTwo}</var>
<arg>username</arg>
<arg>password</arg>
<doc>Returns a list containing given items.</doc>
<status status="PASS" start="2024-07-14T11:13:32.245355" elapsed="0.000184"/>
</kw>
<for flavor="IN">
<iter>
<kw name="Dictionary Should Contain Key" owner="Collections">
<arg>${json_data['results'][0]['login']}</arg>
<arg>${keyTwo}</arg>
<doc>Fails if ``key`` is not found from ``dictionary``.</doc>
<status status="PASS" start="2024-07-14T11:13:32.246040" elapsed="0.000380"/>
</kw>
<kw name="Dictionary Should Contain Key" owner="Collections">
<arg>${json_data['results'][0]['login']}</arg>
<arg>${keyTwo}</arg>
<doc>Fails if ``key`` is not found from ``dictionary``.</doc>
<status status="PASS" start="2024-07-14T11:13:32.246599" elapsed="0.000374"/>
</kw>
<kw name="Log" owner="BuiltIn">
<msg time="2024-07-14T11:13:32.247304" level="INFO">username</msg>
<arg>${keyTwo}</arg>
<doc>Logs the given message with the given level.</doc>
<status status="PASS" start="2024-07-14T11:13:32.247183" elapsed="0.000159"/>
</kw>
<var name="${keyTwo}">username</var>
<status status="PASS" start="2024-07-14T11:13:32.245934" elapsed="0.001625"/>
</iter>
<iter>
<kw name="Dictionary Should Contain Key" owner="Collections">
<arg>${json_data['results'][0]['login']}</arg>
<arg>${keyTwo}</arg>
<doc>Fails if ``key`` is not found from ``dictionary``.</doc>
<status status="PASS" start="2024-07-14T11:13:32.247834" elapsed="0.000377"/>
</kw>
<kw name="Dictionary Should Contain Key" owner="Collections">
<arg>${json_data['results'][0]['login']}</arg>
<arg>${keyTwo}</arg>
<doc>Fails if ``key`` is not found from ``dictionary``.</doc>
<status status="PASS" start="2024-07-14T11:13:32.248385" elapsed="0.000360"/>
</kw>
<kw name="Log" owner="BuiltIn">
<msg time="2024-07-14T11:13:32.249033" level="INFO">password</msg>
<arg>${keyTwo}</arg>
<doc>Logs the given message with the given level.</doc>
<status status="PASS" start="2024-07-14T11:13:32.248916" elapsed="0.000158"/>
</kw>
<var name="${keyTwo}">password</var>
<status status="PASS" start="2024-07-14T11:13:32.247728" elapsed="0.001563"/>
</iter>
<var>${keyTwo}</var>
<value>@{expected_keysTwo}</value>
<status status="PASS" start="2024-07-14T11:13:32.245783" elapsed="0.003627"/>
</for>
<status status="PASS" start="2024-07-14T11:13:32.135130" elapsed="0.114415"/>
</kw>
<doc>Testa a estrutura da resposta da API.</doc>
<tag>testeEstruturaResposta</tag>
<status status="PASS" start="2024-07-14T11:13:32.134522" elapsed="0.115168"/>
</test>
<test id="s1-s1-t4" name="Validar tipos de dados" line="28">
<kw name="Teste de Tipos de Dados" owner="random-user-service">
<kw name="GET On Session" owner="RequestsLibrary">
<msg time="2024-07-14T11:13:32.327680" level="INFO">GET Request : url=https://randomuser.me/api 
 path_url=/api 
 headers={'User-Agent': 'python-requests/2.32.3', 'Accept-Encoding': 'gzip, deflate', 'Accept': '*/*', 'Connection': 'keep-alive'} 
 body=None 
 </msg>
<msg time="2024-07-14T11:13:32.327771" level="INFO">GET Response : url=https://randomuser.me/api 
 status=200, reason=OK 
 headers={'Date': 'Sun, 14 Jul 2024 11:13:32 GMT', 'Content-Type': 'application/json; charset=utf-8', 'Transfer-Encoding': 'chunked', 'Connection': 'keep-alive', 'X-Powered-By': 'Express', 'Access-Control-Allow-Origin': '*', 'Cache-Control': 'no-cache', 'ETag': 'W/"497-DfTq9MsHFzPYQ+70fDOm3Dkrm0Y"', 'Vary': 'Accept-Encoding', 'Content-Encoding': 'gzip', 'CF-Cache-Status': 'DYNAMIC', 'Report-To': '{"endpoints":[{"url":"https:\\/\\/a.nel.cloudflare.com\\/report\\/v4?s=0angdtW12e3BqRL4Wgacb4RmF041YNjHPns3RIuKPdMW0qei%2F4hvF797TSwqJujZzUhDlkNzdPpDdEQRkSGIjOn6DS8ssANsKmo4%2FwUfPTRT4XPi0JeqGn53jOvhurpy"}],"group":"cf-nel","max_age":604800}', 'NEL': '{"success_fraction":0,"report_to":"cf-nel","max_age":604800}', 'Server': 'cloudflare', 'CF-RAY': '8a3115809b749c73-IAD', 'alt-svc': 'h3=":443"; ma=86400'} 
 body={"results":[{"gender":"male","name":{"title":"Mr","first":"Samuel","last":"Hamalainen"},"location":{"street":{"number":3871,"name":"Myllypuronkatu"},"city":"Kerimäki","state":"South Karelia","country":"Finland","postcode":27487,"coordinates":{"latitude":"-28.6199","longitude":"-72.4040"},"timezone":{"offset":"-7:00","description":"Mountain Time (US &amp; Canada)"}},"email":"samuel.hamalainen@example.com","login":{"uuid":"d13664b3-694d-49a4-b241-e5e2a1ca3e8d","username":"crazybird896","password":"bruce","salt":"zLs1MNpl","md5":"d19eaf248ef41b481a3cfc08bd12604f","sha1":"37b65810fe8e69211cc971ad24cb8bef7b9f99e4","sha256":"97af979934a502f684b5a02dfcacd73205f4ea0c5c13b4107eaaaa8b952d8e15"},"dob":{"date":"1964-11-05T22:22:24.558Z","age":59},"registered":{"date":"2021-01-19T14:02:21.544Z","age":3},"phone":"07-176-185","cell":"048-066-15-28","id":{"name":"HETU","value":"NaNNA161undefined"},"picture":{"large":"https://randomuser.me/api/portraits/men/17.jpg","medium":"https://randomuser.me/api/portraits/med/men/17.jpg","thumbnail":"https://randomuser.me/api/portraits/thumb/men/17.jpg"},"nat":"FI"}],"info":{"seed":"a18d857ed80817e3","results":1,"page":1,"version":"1.4"}} 
 </msg>
<msg time="2024-07-14T11:13:32.327866" level="INFO">/opt/hostedtoolcache/Python/3.12.4/x64/lib/python3.12/site-packages/urllib3/connectionpool.py:1099: InsecureRequestWarning: Unverified HTTPS request is being made to host 'randomuser.me'. Adding certificate verification is strongly advised. See: https://urllib3.readthedocs.io/en/latest/advanced-usage.html#tls-warnings
  warnings.warn(</msg>
<msg time="2024-07-14T11:13:32.327996" level="INFO">${response} = &lt;Response [200]&gt;</msg>
<var>${response}</var>
<arg>consultarAPI</arg>
<arg>/api</arg>
<doc>Sends a GET request on a previously created HTTP Session.</doc>
<status status="PASS" start="2024-07-14T11:13:32.252300" elapsed="0.075769"/>
</kw>
<kw name="Set Variable" owner="BuiltIn">
<msg time="2024-07-14T11:13:32.329343" level="INFO">${json_data} = {'results': [{'gender': 'male', 'name': {'title': 'Mr', 'first': 'Samuel', 'last': 'Hamalainen'}, 'location': {'street': {'number': 3871, 'name': 'Myllypuronkatu'}, 'city': 'Kerimäki', 'state': 'South...</msg>
<var>${json_data}</var>
<arg>${response.json()}</arg>
<doc>Returns the given values which can then be assigned to a variables.</doc>
<status status="PASS" start="2024-07-14T11:13:32.328596" elapsed="0.000794"/>
</kw>
<kw name="Log" owner="BuiltIn">
<msg time="2024-07-14T11:13:32.330110" level="INFO">{'results': [{'gender': 'male', 'name': {'title': 'Mr', 'first': 'Samuel', 'last': 'Hamalainen'}, 'location': {'street': {'number': 3871, 'name': 'Myllypuronkatu'}, 'city': 'Kerimäki', 'state': 'South Karelia', 'country': 'Finland', 'postcode': 27487, 'coordinates': {'latitude': '-28.6199', 'longitude': '-72.4040'}, 'timezone': {'offset': '-7:00', 'description': 'Mountain Time (US &amp; Canada)'}}, 'email': 'samuel.hamalainen@example.com', 'login': {'uuid': 'd13664b3-694d-49a4-b241-e5e2a1ca3e8d', 'username': 'crazybird896', 'password': 'bruce', 'salt': 'zLs1MNpl', 'md5': 'd19eaf248ef41b481a3cfc08bd12604f', 'sha1': '37b65810fe8e69211cc971ad24cb8bef7b9f99e4', 'sha256': '97af979934a502f684b5a02dfcacd73205f4ea0c5c13b4107eaaaa8b952d8e15'}, 'dob': {'date': '1964-11-05T22:22:24.558Z', 'age': 59}, 'registered': {'date': '2021-01-19T14:02:21.544Z', 'age': 3}, 'phone': '07-176-185', 'cell': '048-066-15-28', 'id': {'name': 'HETU', 'value': 'NaNNA161undefined'}, 'picture': {'large': 'https://randomuser.me/api/portraits/men/17.jpg', 'medium': 'https://randomuser.me/api/portraits/med/men/17.jpg', 'thumbnail': 'https://randomuser.me/api/portraits/thumb/men/17.jpg'}, 'nat': 'FI'}], 'info': {'seed': 'a18d857ed80817e3', 'results': 1, 'page': 1, 'version': '1.4'}}</msg>
<arg>${json_data}</arg>
<doc>Logs the given message with the given level.</doc>
<status status="PASS" start="2024-07-14T11:13:32.329878" elapsed="0.000315"/>
</kw>
<kw name="Should Be String" owner="String">
<arg>${json_data['results'][0]['gender']}</arg>
<doc>Fails if the given ``item`` is not a string.</doc>
<status status="PASS" start="2024-07-14T11:13:32.330632" elapsed="0.000648"/>
</kw>
<kw name="Should Match Regexp" owner="BuiltIn">
<arg>${json_data['results'][0]['email']}</arg>
<arg>^[a-zA-Z0-9._%+-]+@[a-zA-Z0-9.-]+\.[a-zA-Z]{2,}$</arg>
<doc>Fails if ``string`` does not match ``pattern`` as a regular expression.</doc>
<status status="PASS" start="2024-07-14T11:13:32.331601" elapsed="0.000863"/>
</kw>
<kw name="Should Match Regexp" owner="BuiltIn">
<arg>${json_data['results'][0]['dob']['date']}</arg>
<arg>\\d{4}-\\d{2}-\\d{2}T\\d{2}:\\d{2}:\\d{2}\\.\\d{3}Z</arg>
<doc>Fails if ``string`` does not match ``pattern`` as a regular expression.</doc>
<status status="PASS" start="2024-07-14T11:13:32.332780" elapsed="0.000824"/>
</kw>
<kw name="Should Match Regexp" owner="BuiltIn">
<arg>${json_data['results'][0]['registered']['date']}</arg>
<arg>\\d{4}-\\d{2}-\\d{2}T\\d{2}:\\d{2}:\\d{2}\\.\\d{3}Z</arg>
<doc>Fails if ``string`` does not match ``pattern`` as a regular expression.</doc>
<status status="PASS" start="2024-07-14T11:13:32.333958" elapsed="0.000675"/>
</kw>
<kw name="Should Match Regexp" owner="BuiltIn">
<arg>${json_data['results'][0]['picture']['large']}</arg>
<arg>^https?://.*\.(?:png|jpe?g|gif|bmp)$</arg>
<doc>Fails if ``string`` does not match ``pattern`` as a regular expression.</doc>
<status status="PASS" start="2024-07-14T11:13:32.334966" elapsed="0.000782"/>
</kw>
<kw name="Should Match Regexp" owner="BuiltIn">
<arg>${json_data['results'][0]['picture']['medium']}</arg>
<arg>^https?://.*\.(?:png|jpe?g|gif|bmp)$</arg>
<doc>Fails if ``string`` does not match ``pattern`` as a regular expression.</doc>
<status status="PASS" start="2024-07-14T11:13:32.336040" elapsed="0.000561"/>
</kw>
<kw name="Should Match Regexp" owner="BuiltIn">
<arg>${json_data['results'][0]['picture']['thumbnail']}</arg>
<arg>^https?://.*\.(?:png|jpe?g|gif|bmp)$</arg>
<doc>Fails if ``string`` does not match ``pattern`` as a regular expression.</doc>
<status status="PASS" start="2024-07-14T11:13:32.336879" elapsed="0.000561"/>
</kw>
<kw name="Log" owner="BuiltIn">
<msg time="2024-07-14T11:13:32.338104" level="INFO">{'large': 'https://randomuser.me/api/portraits/men/17.jpg', 'medium': 'https://randomuser.me/api/portraits/med/men/17.jpg', 'thumbnail': 'https://randomuser.me/api/portraits/thumb/men/17.jpg'}</msg>
<arg>${json_data['results'][0]['picture']}</arg>
<doc>Logs the given message with the given level.</doc>
<status status="PASS" start="2024-07-14T11:13:32.337735" elapsed="0.000417"/>
</kw>
<status status="PASS" start="2024-07-14T11:13:32.252080" elapsed="0.086337"/>
</kw>
<kw name="Teste de Tipos de Dados - Postcode" owner="random-user-service">
<kw name="GET On Session" owner="RequestsLibrary">
<msg time="2024-07-14T11:13:32.440590" level="INFO">GET Request : url=https://randomuser.me/api 
 path_url=/api 
 headers={'User-Agent': 'python-requests/2.32.3', 'Accept-Encoding': 'gzip, deflate', 'Accept': '*/*', 'Connection': 'keep-alive'} 
 body=None 
 </msg>
<msg time="2024-07-14T11:13:32.440671" level="INFO">GET Response : url=https://randomuser.me/api 
 status=200, reason=OK 
 headers={'Date': 'Sun, 14 Jul 2024 11:13:32 GMT', 'Content-Type': 'application/json; charset=utf-8', 'Transfer-Encoding': 'chunked', 'Connection': 'keep-alive', 'X-Powered-By': 'Express', 'Access-Control-Allow-Origin': '*', 'Cache-Control': 'no-cache', 'ETag': 'W/"488-ifKC4Txxa90fBoUVx7kygomKpAA"', 'Vary': 'Accept-Encoding', 'Content-Encoding': 'gzip', 'CF-Cache-Status': 'DYNAMIC', 'Report-To': '{"endpoints":[{"url":"https:\\/\\/a.nel.cloudflare.com\\/report\\/v4?s=XNrCyhOlnQHkVf4LytoFwkjDTuDziMgehgS%2BhKi0D%2BOfkbHLYa6c%2BD9BKRsokFQ3%2BLl2v3BY9B%2FOs1FG0ffkUsuxyYMCd6brn%2BT18Amy%2BnTUW9a48ANBBLSLxC%2FkYL8D"}],"group":"cf-nel","max_age":604800}', 'NEL': '{"success_fraction":0,"report_to":"cf-nel","max_age":604800}', 'Server': 'cloudflare', 'CF-RAY': '8a3115812bd69c73-IAD', 'alt-svc': 'h3=":443"; ma=86400'} 
 body={"results":[{"gender":"male","name":{"title":"Mr","first":"Caleb","last":"Martin"},"location":{"street":{"number":894,"name":"White Swan Road"},"city":"Masterton","state":"Auckland","country":"New Zealand","postcode":37204,"coordinates":{"latitude":"50.9673","longitude":"-60.1566"},"timezone":{"offset":"+5:00","description":"Ekaterinburg, Islamabad, Karachi, Tashkent"}},"email":"caleb.martin@example.com","login":{"uuid":"28a1f604-1a95-4feb-8072-b8c12c7bb20b","username":"lazycat754","password":"414141","salt":"fPJv95Rd","md5":"6d0ca8d810f2d51ac72a7380a5312d40","sha1":"a52e3e5abc449ce91d5675129ec6166e8f96f6be","sha256":"90c7f2fe840821bb867438aedc609ced36f19ba6436a420a5b979197ea2b908a"},"dob":{"date":"1974-10-31T23:39:24.707Z","age":49},"registered":{"date":"2018-05-26T14:49:47.551Z","age":6},"phone":"(184)-761-0726","cell":"(229)-622-4435","id":{"name":"","value":null},"picture":{"large":"https://randomuser.me/api/portraits/men/6.jpg","medium":"https://randomuser.me/api/portraits/med/men/6.jpg","thumbnail":"https://randomuser.me/api/portraits/thumb/men/6.jpg"},"nat":"NZ"}],"info":{"seed":"e52e40681b6f072a","results":1,"page":1,"version":"1.4"}} 
 </msg>
<msg time="2024-07-14T11:13:32.440725" level="INFO">/opt/hostedtoolcache/Python/3.12.4/x64/lib/python3.12/site-packages/urllib3/connectionpool.py:1099: InsecureRequestWarning: Unverified HTTPS request is being made to host 'randomuser.me'. Adding certificate verification is strongly advised. See: https://urllib3.readthedocs.io/en/latest/advanced-usage.html#tls-warnings
  warnings.warn(</msg>
<msg time="2024-07-14T11:13:32.440809" level="INFO">${response} = &lt;Response [200]&gt;</msg>
<var>${response}</var>
<arg>consultarAPI</arg>
<arg>/api</arg>
<doc>Sends a GET request on a previously created HTTP Session.</doc>
<status status="PASS" start="2024-07-14T11:13:32.338858" elapsed="0.101983"/>
</kw>
<kw name="Set Variable" owner="BuiltIn">
<msg time="2024-07-14T11:13:32.441650" level="INFO">${json_data} = {'results': [{'gender': 'male', 'name': {'title': 'Mr', 'first': 'Caleb', 'last': 'Martin'}, 'location': {'street': {'number': 894, 'name': 'White Swan Road'}, 'city': 'Masterton', 'state': 'Auckland'...</msg>
<var>${json_data}</var>
<arg>${response.json()}</arg>
<doc>Returns the given values which can then be assigned to a variables.</doc>
<status status="PASS" start="2024-07-14T11:13:32.441222" elapsed="0.000458"/>
</kw>
<kw name="Log" owner="BuiltIn">
<msg time="2024-07-14T11:13:32.442138" level="INFO">{'results': [{'gender': 'male', 'name': {'title': 'Mr', 'first': 'Caleb', 'last': 'Martin'}, 'location': {'street': {'number': 894, 'name': 'White Swan Road'}, 'city': 'Masterton', 'state': 'Auckland', 'country': 'New Zealand', 'postcode': 37204, 'coordinates': {'latitude': '50.9673', 'longitude': '-60.1566'}, 'timezone': {'offset': '+5:00', 'description': 'Ekaterinburg, Islamabad, Karachi, Tashkent'}}, 'email': 'caleb.martin@example.com', 'login': {'uuid': '28a1f604-1a95-4feb-8072-b8c12c7bb20b', 'username': 'lazycat754', 'password': '414141', 'salt': 'fPJv95Rd', 'md5': '6d0ca8d810f2d51ac72a7380a5312d40', 'sha1': 'a52e3e5abc449ce91d5675129ec6166e8f96f6be', 'sha256': '90c7f2fe840821bb867438aedc609ced36f19ba6436a420a5b979197ea2b908a'}, 'dob': {'date': '1974-10-31T23:39:24.707Z', 'age': 49}, 'registered': {'date': '2018-05-26T14:49:47.551Z', 'age': 6}, 'phone': '(184)-761-0726', 'cell': '(229)-622-4435', 'id': {'name': '', 'value': None}, 'picture': {'large': 'https://randomuser.me/api/portraits/men/6.jpg', 'medium': 'https://randomuser.me/api/portraits/med/men/6.jpg', 'thumbnail': 'https://randomuser.me/api/portraits/thumb/men/6.jpg'}, 'nat': 'NZ'}], 'info': {'seed': 'e52e40681b6f072a', 'results': 1, 'page': 1, 'version': '1.4'}}</msg>
<arg>${json_data}</arg>
<doc>Logs the given message with the given level.</doc>
<status status="PASS" start="2024-07-14T11:13:32.441988" elapsed="0.000199"/>
</kw>
<kw name="Should Be Equal As Numbers" owner="BuiltIn">
<arg>${json_data['results'][0]['location']['postcode']}</arg>
<arg>${json_data['results'][0]['location']['postcode']}</arg>
<doc>Fails if objects are unequal after converting them to real numbers.</doc>
<status status="PASS" start="2024-07-14T11:13:32.442504" elapsed="0.000671"/>
</kw>
<kw name="Log" owner="BuiltIn">
<msg time="2024-07-14T11:13:32.443711" level="INFO">37204</msg>
<arg>${json_data['results'][0]['location']['postcode']}</arg>
<doc>Logs the given message with the given level.</doc>
<status status="PASS" start="2024-07-14T11:13:32.443373" elapsed="0.000411"/>
</kw>
<status status="PASS" start="2024-07-14T11:13:32.338633" elapsed="0.105415"/>
</kw>
<doc>Testa se os tipos de dados na resposta da API estão corretos.</doc>
<tag>testeTiposDados</tag>
<status status="PASS" start="2024-07-14T11:13:32.251461" elapsed="0.192745"/>
</test>
<test id="s1-s1-t5" name="Validar conteudo" line="35">
<kw name="Teste de Tipos de Conteudo" owner="random-user-service">
<kw name="GET On Session" owner="RequestsLibrary">
<msg time="2024-07-14T11:13:32.536251" level="INFO">GET Request : url=https://randomuser.me/api 
 path_url=/api 
 headers={'User-Agent': 'python-requests/2.32.3', 'Accept-Encoding': 'gzip, deflate', 'Accept': '*/*', 'Connection': 'keep-alive'} 
 body=None 
 </msg>
<msg time="2024-07-14T11:13:32.536315" level="INFO">GET Response : url=https://randomuser.me/api 
 status=200, reason=OK 
 headers={'Date': 'Sun, 14 Jul 2024 11:13:32 GMT', 'Content-Type': 'application/json; charset=utf-8', 'Transfer-Encoding': 'chunked', 'Connection': 'keep-alive', 'X-Powered-By': 'Express', 'Access-Control-Allow-Origin': '*', 'Cache-Control': 'no-cache', 'ETag': 'W/"4a4-4BtlOGbbwIFcFN/lRFoOhC3PyLo"', 'Vary': 'Accept-Encoding', 'Content-Encoding': 'gzip', 'CF-Cache-Status': 'DYNAMIC', 'Report-To': '{"endpoints":[{"url":"https:\\/\\/a.nel.cloudflare.com\\/report\\/v4?s=KKjiyNOibgmF5kLjrOz%2FRfLS%2FEeufGGe8f0tA2Jl1Cp9g6X7DvkmvG6erBo5Y10iwtUMwuLw0kT1fjC3K6ymzDf1zAhgKgibQlq5tDyIdBGCVOgFy7dHt936v1tjrs0H"}],"group":"cf-nel","max_age":604800}', 'NEL': '{"success_fraction":0,"report_to":"cf-nel","max_age":604800}', 'Server': 'cloudflare', 'CF-RAY': '8a311581cc6c9c73-IAD', 'alt-svc': 'h3=":443"; ma=86400'} 
 body={"results":[{"gender":"female","name":{"title":"Mrs","first":"Diana","last":"Morrison"},"location":{"street":{"number":8214,"name":"York Road"},"city":"Ballybofey-Stranorlar","state":"Meath","country":"Ireland","postcode":65134,"coordinates":{"latitude":"-1.3403","longitude":"135.6142"},"timezone":{"offset":"0:00","description":"Western Europe Time, London, Lisbon, Casablanca"}},"email":"diana.morrison@example.com","login":{"uuid":"4a66df1a-9b54-410f-9227-7565d53042a3","username":"lazykoala391","password":"breeze","salt":"Rtrgb9Yi","md5":"2aab23e6c71c744c30c8498f04394284","sha1":"1ba89012c8cb3a5e59b27a4db5cac3dea8268e78","sha256":"8213e74c958454dd5a130211b55d179376de1feecc1d963cfcda0e25938ee8b4"},"dob":{"date":"1969-03-21T22:39:53.731Z","age":55},"registered":{"date":"2009-04-29T07:31:19.684Z","age":15},"phone":"031-203-1628","cell":"081-022-5789","id":{"name":"PPS","value":"6175383T"},"picture":{"large":"https://randomuser.me/api/portraits/women/83.jpg","medium":"https://randomuser.me/api/portraits/med/women/83.jpg","thumbnail":"https://randomuser.me/api/portraits/thumb/women/83.jpg"},"nat":"IE"}],"info":{"seed":"25f984a1c4a832d3","results":1,"page":1,"version":"1.4"}} 
 </msg>
<msg time="2024-07-14T11:13:32.536380" level="INFO">/opt/hostedtoolcache/Python/3.12.4/x64/lib/python3.12/site-packages/urllib3/connectionpool.py:1099: InsecureRequestWarning: Unverified HTTPS request is being made to host 'randomuser.me'. Adding certificate verification is strongly advised. See: https://urllib3.readthedocs.io/en/latest/advanced-usage.html#tls-warnings
  warnings.warn(</msg>
<msg time="2024-07-14T11:13:32.536464" level="INFO">${response} = &lt;Response [200]&gt;</msg>
<var>${response}</var>
<arg>consultarAPI</arg>
<arg>/api</arg>
<doc>Sends a GET request on a previously created HTTP Session.</doc>
<status status="PASS" start="2024-07-14T11:13:32.446727" elapsed="0.089766"/>
</kw>
<kw name="Set Variable" owner="BuiltIn">
<msg time="2024-07-14T11:13:32.537308" level="INFO">${json_data} = {'results': [{'gender': 'female', 'name': {'title': 'Mrs', 'first': 'Diana', 'last': 'Morrison'}, 'location': {'street': {'number': 8214, 'name': 'York Road'}, 'city': 'Ballybofey-Stranorlar', 'state'...</msg>
<var>${json_data}</var>
<arg>${response.json()}</arg>
<doc>Returns the given values which can then be assigned to a variables.</doc>
<status status="PASS" start="2024-07-14T11:13:32.536876" elapsed="0.000460"/>
</kw>
<kw name="Set Variable" owner="BuiltIn">
<msg time="2024-07-14T11:13:32.538010" level="INFO">${name_title} = Mrs</msg>
<var>${name_title}</var>
<arg>${json_data["results"][0]["name"]["title"]}</arg>
<doc>Returns the given values which can then be assigned to a variables.</doc>
<status status="PASS" start="2024-07-14T11:13:32.537636" elapsed="0.000399"/>
</kw>
<kw name="Create List" owner="BuiltIn">
<msg time="2024-07-14T11:13:32.538475" level="INFO">${allowed_titles} = ['Mr', 'Ms', 'Miss', 'Mrs', 'Madame', 'Monsieur']</msg>
<var>${allowed_titles}</var>
<arg>Mr</arg>
<arg>Ms</arg>
<arg>Miss</arg>
<arg>Mrs</arg>
<arg>Madame</arg>
<arg>Monsieur</arg>
<doc>Returns a list containing given items.</doc>
<status status="PASS" start="2024-07-14T11:13:32.538327" elapsed="0.000171"/>
</kw>
<kw name="List Should Contain Value" owner="Collections">
<arg>${allowed_titles}</arg>
<arg>${name_title}</arg>
<doc>Fails if the ``value`` is not found from ``list``.</doc>
<status status="PASS" start="2024-07-14T11:13:32.538789" elapsed="0.000172"/>
</kw>
<kw name="Set Variable" owner="BuiltIn">
<msg time="2024-07-14T11:13:32.539547" level="INFO">${name_country} = IE</msg>
<var>${name_country}</var>
<arg>${json_data["results"][0]["nat"]}</arg>
<doc>Returns the given values which can then be assigned to a variables.</doc>
<status status="PASS" start="2024-07-14T11:13:32.539187" elapsed="0.000384"/>
</kw>
<kw name="Create List" owner="BuiltIn">
<msg time="2024-07-14T11:13:32.540446" level="INFO">${list_country} = ['AD', 'AE', 'AF', 'AG', 'AI', 'AL', 'AM', 'AO', 'AQ', 'AR', 'AS', 'AT', 'AU', 'AW', 'AX', 'AZ', 'BA', 'BB', 'BD', 'BE', 'BF', 'BG', 'BH', 'BI', 'BJ', 'BL', 'BM', 'BN', 'BO', 'BQ', 'BR', 'BS', 'BT', '...</msg>
<var>${list_country}</var>
<arg>AD</arg>
<arg>AE</arg>
<arg>AF</arg>
<arg>AG</arg>
<arg>AI</arg>
<arg>AL</arg>
<arg>AM</arg>
<arg>AO</arg>
<arg>AQ</arg>
<arg>AR</arg>
<arg>AS</arg>
<arg>AT</arg>
<arg>AU</arg>
<arg>AW</arg>
<arg>AX</arg>
<arg>AZ</arg>
<arg>BA</arg>
<arg>BB</arg>
<arg>BD</arg>
<arg>BE</arg>
<arg>BF</arg>
<arg>BG</arg>
<arg>BH</arg>
<arg>BI</arg>
<arg>BJ</arg>
<arg>BL</arg>
<arg>BM</arg>
<arg>BN</arg>
<arg>BO</arg>
<arg>BQ</arg>
<arg>BR</arg>
<arg>BS</arg>
<arg>BT</arg>
<arg>BV</arg>
<arg>BW</arg>
<arg>BY</arg>
<arg>BZ</arg>
<arg>CA</arg>
<arg>CC</arg>
<arg>CD</arg>
<arg>CF</arg>
<arg>CG</arg>
<arg>CH</arg>
<arg>CI</arg>
<arg>CK</arg>
<arg>CL</arg>
<arg>CM</arg>
<arg>CN</arg>
<arg>CO</arg>
<arg>CR</arg>
<arg>CU</arg>
<arg>CV</arg>
<arg>CW</arg>
<arg>CX</arg>
<arg>CY</arg>
<arg>CZ</arg>
<arg>DE</arg>
<arg>DJ</arg>
<arg>DK</arg>
<arg>DM</arg>
<arg>DO</arg>
<arg>DZ</arg>
<arg>EC</arg>
<arg>EE</arg>
<arg>EG</arg>
<arg>EH</arg>
<arg>ER</arg>
<arg>ES</arg>
<arg>ET</arg>
<arg>FI</arg>
<arg>FJ</arg>
<arg>FK</arg>
<arg>FM</arg>
<arg>FO</arg>
<arg>FR</arg>
<arg>GA</arg>
<arg>GB</arg>
<arg>GD</arg>
<arg>GE</arg>
<arg>GF</arg>
<arg>GG</arg>
<arg>GH</arg>
<arg>GI</arg>
<arg>GL</arg>
<arg>GM</arg>
<arg>GN</arg>
<arg>GP</arg>
<arg>GQ</arg>
<arg>GR</arg>
<arg>GS</arg>
<arg>GT</arg>
<arg>GU</arg>
<arg>GW</arg>
<arg>GY</arg>
<arg>HK</arg>
<arg>HM</arg>
<arg>HN</arg>
<arg>HR</arg>
<arg>HT</arg>
<arg>HU</arg>
<arg>ID</arg>
<arg>IE</arg>
<arg>IL</arg>
<arg>IM</arg>
<arg>IN</arg>
<arg>IO</arg>
<arg>IQ</arg>
<arg>IR</arg>
<arg>IS</arg>
<arg>IT</arg>
<arg>JE</arg>
<arg>JM</arg>
<arg>JO</arg>
<arg>JP</arg>
<arg>KE</arg>
<arg>KG</arg>
<arg>KH</arg>
<arg>KI</arg>
<arg>KM</arg>
<arg>KN</arg>
<arg>KP</arg>
<arg>KR</arg>
<arg>KW</arg>
<arg>KY</arg>
<arg>KZ</arg>
<arg>LA</arg>
<arg>LB</arg>
<arg>LC</arg>
<arg>LI</arg>
<arg>LK</arg>
<arg>LR</arg>
<arg>LS</arg>
<arg>LT</arg>
<arg>LU</arg>
<arg>LV</arg>
<arg>LY</arg>
<arg>MA</arg>
<arg>MC</arg>
<arg>MD</arg>
<arg>ME</arg>
<arg>MF</arg>
<arg>MG</arg>
<arg>MH</arg>
<arg>MK</arg>
<arg>ML</arg>
<arg>MM</arg>
<arg>MN</arg>
<arg>MO</arg>
<arg>MP</arg>
<arg>MQ</arg>
<arg>MR</arg>
<arg>MS</arg>
<arg>MT</arg>
<arg>MU</arg>
<arg>MV</arg>
<arg>MW</arg>
<arg>MX</arg>
<arg>MY</arg>
<arg>MZ</arg>
<arg>NA</arg>
<arg>NC</arg>
<arg>NE</arg>
<arg>NF</arg>
<arg>NG</arg>
<arg>NI</arg>
<arg>NL</arg>
<arg>NO</arg>
<arg>NP</arg>
<arg>NR</arg>
<arg>NU</arg>
<arg>NZ</arg>
<arg>OM</arg>
<arg>PA</arg>
<arg>PE</arg>
<arg>PF</arg>
<arg>PG</arg>
<arg>PH</arg>
<arg>PK</arg>
<arg>PL</arg>
<arg>PM</arg>
<arg>PN</arg>
<arg>PR</arg>
<arg>PS</arg>
<arg>PT</arg>
<arg>PW</arg>
<arg>PY</arg>
<arg>QA</arg>
<arg>RE</arg>
<arg>RO</arg>
<arg>RS</arg>
<arg>RU</arg>
<arg>RW</arg>
<arg>SA</arg>
<arg>SB</arg>
<arg>SC</arg>
<arg>SD</arg>
<arg>SE</arg>
<arg>SG</arg>
<arg>SH</arg>
<arg>SI</arg>
<arg>SJ</arg>
<arg>SK</arg>
<arg>SL</arg>
<arg>SM</arg>
<arg>SN</arg>
<arg>SO</arg>
<arg>SR</arg>
<arg>SS</arg>
<arg>ST</arg>
<arg>SV</arg>
<arg>SX</arg>
<arg>SY</arg>
<arg>SZ</arg>
<arg>TC</arg>
<arg>TD</arg>
<arg>TF</arg>
<arg>TG</arg>
<arg>TH</arg>
<arg>TJ</arg>
<arg>TK</arg>
<arg>TL</arg>
<arg>TM</arg>
<arg>TN</arg>
<arg>TO</arg>
<arg>TR</arg>
<arg>TT</arg>
<arg>TV</arg>
<arg>TW</arg>
<arg>TZ</arg>
<arg>UA</arg>
<arg>UG</arg>
<arg>UM</arg>
<arg>US</arg>
<arg>UY</arg>
<arg>UZ</arg>
<arg>VA</arg>
<arg>VC</arg>
<arg>VE</arg>
<arg>VG</arg>
<arg>VI</arg>
<arg>VN</arg>
<arg>VU</arg>
<arg>WF</arg>
<arg>WS</arg>
<arg>XK</arg>
<arg>YE</arg>
<arg>YT</arg>
<arg>ZA</arg>
<arg>ZM</arg>
<arg>ZW</arg>
<doc>Returns a list containing given items.</doc>
<status status="PASS" start="2024-07-14T11:13:32.539858" elapsed="0.000613"/>
</kw>
<kw name="List Should Contain Value" owner="Collections">
<arg>${list_country}</arg>
<arg>${name_country}</arg>
<doc>Fails if the ``value`` is not found from ``list``.</doc>
<status status="PASS" start="2024-07-14T11:13:32.541263" elapsed="0.000201"/>
</kw>
<kw name="Run Keyword If" owner="BuiltIn">
<kw name="Should Be True" owner="BuiltIn">
<arg>${True}</arg>
<doc>Fails if the given condition is not true.</doc>
<status status="PASS" start="2024-07-14T11:13:32.542385" elapsed="0.000147"/>
</kw>
<arg>${json_data["results"][0]["location"]["coordinates"]["latitude"]} &gt;= -90 and ${json_data["results"][0]["location"]["coordinates"]["latitude"]} &lt;= 90</arg>
<arg>Should Be True</arg>
<arg>${True}</arg>
<doc>Runs the given keyword with the given arguments, if ``condition`` is true.</doc>
<status status="PASS" start="2024-07-14T11:13:32.541656" elapsed="0.000999"/>
</kw>
<kw name="Run Keyword If" owner="BuiltIn">
<kw name="Should Be True" owner="BuiltIn">
<arg>${True}</arg>
<doc>Fails if the given condition is not true.</doc>
<status status="PASS" start="2024-07-14T11:13:32.543569" elapsed="0.000136"/>
</kw>
<arg>${json_data["results"][0]["location"]["coordinates"]["longitude"]} &gt;= -180 and ${json_data["results"][0]["location"]["coordinates"]["longitude"]} &lt;= 180</arg>
<arg>Should Be True</arg>
<arg>${True}</arg>
<doc>Runs the given keyword with the given arguments, if ``condition`` is true.</doc>
<status status="PASS" start="2024-07-14T11:13:32.542833" elapsed="0.000994"/>
</kw>
<status status="PASS" start="2024-07-14T11:13:32.446385" elapsed="0.097568"/>
</kw>
<doc>Testa o conteúdo específico dos campos retornados pela API.</doc>
<tag>testeConteudo</tag>
<status status="PASS" start="2024-07-14T11:13:32.445967" elapsed="0.098127"/>
</test>
<status status="PASS" start="2024-07-14T11:13:31.465982" elapsed="1.079979"/>
</suite>
<status status="PASS" start="2024-07-14T11:13:31.444958" elapsed="1.106005"/>
</suite>
<statistics>
<total>
<stat pass="5" fail="0" skip="0">All Tests</stat>
</total>
<tag>
<stat pass="1" fail="0" skip="0">testeConteudo</stat>
<stat pass="1" fail="0" skip="0">testeEstruturaResposta</stat>
<stat pass="1" fail="0" skip="0">testeRequisicaoBasica</stat>
<stat pass="1" fail="0" skip="0">testeTiposDados</stat>
</tag>
<suite>
<stat pass="5" fail="0" skip="0" id="s1" name="Tests">Tests</stat>
<stat pass="5" fail="0" skip="0" id="s1-s1" name="Random-User-Test">Tests.Random-User-Test</stat>
</suite>
</statistics>
<errors>
</errors>
</robot>
