<?xml version="1.0" encoding="UTF-8"?>
<robot generator="Robot 7.0.1 (Python 3.12.4 on linux)" generated="2024-07-26T01:07:24.560640" rpa="false" schemaversion="5">
<suite id="s1" name="Tests" source="/home/runner/work/ApiRandomUser/ApiRandomUser/RamdonUser/tests">
<suite id="s1-s1" name="Random-User-Test" source="/home/runner/work/ApiRandomUser/ApiRandomUser/RamdonUser/tests/random-user-test.robot">
<test id="s1-s1-t1" name="Conectar" line="13">
<kw name="Conectar API" owner="random-user-service">
<kw name="Create Session" owner="RequestsLibrary">
<msg time="2024-07-26T01:07:24.959375" level="INFO">Creating Session using : alias=consultarAPI, url=https://randomuser.me/, headers={},                     cookies={}, auth=None, timeout=None, proxies=None, verify=False,                     debug=0 </msg>
<arg>consultarAPI</arg>
<arg>${URL}</arg>
<doc>Create Session: create a HTTP session to a server</doc>
<status status="PASS" start="2024-07-26T01:07:24.959170" elapsed="0.000398"/>
</kw>
<status status="PASS" start="2024-07-26T01:07:24.958109" elapsed="0.001824"/>
</kw>
<status status="PASS" start="2024-07-26T01:07:24.957561" elapsed="0.002566"/>
</test>
<test id="s1-s1-t2" name="Validar retorno 200 e JSON Válido" line="16">
<kw name="Teste de Requisicao Basica" owner="random-user-service">
<kw name="GET On Session" owner="RequestsLibrary">
<msg time="2024-07-26T01:07:25.023614" level="INFO">GET Request : url=https://randomuser.me/api 
 path_url=/api 
 headers={'User-Agent': 'python-requests/2.32.3', 'Accept-Encoding': 'gzip, deflate', 'Accept': '*/*', 'Connection': 'keep-alive'} 
 body=None 
 </msg>
<msg time="2024-07-26T01:07:25.023780" level="INFO">GET Response : url=https://randomuser.me/api 
 status=200, reason=OK 
 headers={'Date': 'Fri, 26 Jul 2024 01:07:25 GMT', 'Content-Type': 'application/json; charset=utf-8', 'Transfer-Encoding': 'chunked', 'Connection': 'keep-alive', 'X-Powered-By': 'Express', 'Access-Control-Allow-Origin': '*', 'Cache-Control': 'no-cache', 'ETag': 'W/"4a8-YWiKj2tziWvvSYkaWdcWsxTulQo"', 'Vary': 'Accept-Encoding', 'Content-Encoding': 'gzip', 'CF-Cache-Status': 'DYNAMIC', 'Report-To': '{"endpoints":[{"url":"https:\\/\\/a.nel.cloudflare.com\\/report\\/v4?s=l06VL%2FXNnf4CVhD4lo8dVwTWsA%2Fu0YV9p1%2BaqwTs7p82xGm1ZGw6wMXJbxCGPZ126Vc%2B5tLpmXsC7fzfouZy1z0Aoyb4j0lbaktOzJqZ2JBMjWBOgD2budi8WDgWlR%2Bj"}],"group":"cf-nel","max_age":604800}', 'NEL': '{"success_fraction":0,"report_to":"cf-nel","max_age":604800}', 'Server': 'cloudflare', 'CF-RAY': '8a907e212abdc953-IAD', 'alt-svc': 'h3=":443"; ma=86400'} 
 body={"results":[{"gender":"male","name":{"title":"Mr","first":"Hérman","last":"Costa"},"location":{"street":{"number":4609,"name":"Avenida da Legalidade"},"city":"São José de Ribamar","state":"Bahia","country":"Brazil","postcode":69844,"coordinates":{"latitude":"-76.1261","longitude":"-135.4726"},"timezone":{"offset":"-5:00","description":"Eastern Time (US &amp; Canada), Bogota, Lima"}},"email":"herman.costa@example.com","login":{"uuid":"72470d2a-bfed-4ee3-b77e-ad36dce9c93d","username":"lazywolf668","password":"honey1","salt":"S05Y56o9","md5":"3394ef7ee2841e75c2bb0f544141e339","sha1":"b71c2fdb0630741db90c76b005c9d167ec8b98b6","sha256":"97775989420024bfb13fa01d8100aea836ac24445ba186f3fea2fb435dec7dd8"},"dob":{"date":"1994-04-24T05:40:18.063Z","age":30},"registered":{"date":"2006-03-31T17:15:56.907Z","age":18},"phone":"(87) 9586-2886","cell":"(05) 3280-2071","id":{"name":"CPF","value":"057.769.435-08"},"picture":{"large":"https://randomuser.me/api/portraits/men/37.jpg","medium":"https://randomuser.me/api/portraits/med/men/37.jpg","thumbnail":"https://randomuser.me/api/portraits/thumb/men/37.jpg"},"nat":"BR"}],"info":{"seed":"2acc3f1b57bf4530","results":1,"page":1,"version":"1.4"}} 
 </msg>
<msg time="2024-07-26T01:07:25.023876" level="INFO">/opt/hostedtoolcache/Python/3.12.4/x64/lib/python3.12/site-packages/urllib3/connectionpool.py:1099: InsecureRequestWarning: Unverified HTTPS request is being made to host 'randomuser.me'. Adding certificate verification is strongly advised. See: https://urllib3.readthedocs.io/en/latest/advanced-usage.html#tls-warnings
  warnings.warn(</msg>
<msg time="2024-07-26T01:07:25.024023" level="INFO">${response} = &lt;Response [200]&gt;</msg>
<var>${response}</var>
<arg>consultarAPI</arg>
<arg>/api</arg>
<doc>Sends a GET request on a previously created HTTP Session.</doc>
<status status="PASS" start="2024-07-26T01:07:24.962805" elapsed="0.061255"/>
</kw>
<kw name="Should Be Equal As Numbers" owner="BuiltIn">
<msg time="2024-07-26T01:07:25.025062" level="INFO">Argument types are:
&lt;class 'int'&gt;
&lt;class 'str'&gt;</msg>
<arg>${response.status_code}</arg>
<arg>200</arg>
<doc>Fails if objects are unequal after converting them to real numbers.</doc>
<status status="PASS" start="2024-07-26T01:07:25.024571" elapsed="0.000556"/>
</kw>
<kw name="Log" owner="BuiltIn">
<msg time="2024-07-26T01:07:25.025812" level="INFO">200</msg>
<arg>${response.status_code}</arg>
<doc>Logs the given message with the given level.</doc>
<status status="PASS" start="2024-07-26T01:07:25.025451" elapsed="0.000405"/>
</kw>
<kw name="Set Variable" owner="BuiltIn">
<msg time="2024-07-26T01:07:25.026606" level="INFO">${json_data} = {'results': [{'gender': 'male', 'name': {'title': 'Mr', 'first': 'Hérman', 'last': 'Costa'}, 'location': {'street': {'number': 4609, 'name': 'Avenida da Legalidade'}, 'city': 'São José de Ribamar', 's...</msg>
<var>${json_data}</var>
<arg>${response.json()}</arg>
<doc>Returns the given values which can then be assigned to a variables.</doc>
<status status="PASS" start="2024-07-26T01:07:25.026164" elapsed="0.000473"/>
</kw>
<kw name="Dictionary Should Contain Key" owner="Collections">
<arg>${json_data}</arg>
<arg>results</arg>
<doc>Fails if ``key`` is not found from ``dictionary``.</doc>
<status status="PASS" start="2024-07-26T01:07:25.026949" elapsed="0.000325"/>
</kw>
<status status="PASS" start="2024-07-26T01:07:24.962552" elapsed="0.064878"/>
</kw>
<doc>Testa se a API responde corretamente e retorna um objeto JSON válido.</doc>
<tag>testeRequisicaoBasica</tag>
<status status="PASS" start="2024-07-26T01:07:24.962025" elapsed="0.065584"/>
</test>
<test id="s1-s1-t3" name="Validar estrutura de resposta" line="22">
<kw name="Teste de Estrutura de Resposta" owner="random-user-service">
<kw name="GET On Session" owner="RequestsLibrary">
<msg time="2024-07-26T01:07:25.198990" level="INFO">GET Request : url=https://randomuser.me/api 
 path_url=/api 
 headers={'User-Agent': 'python-requests/2.32.3', 'Accept-Encoding': 'gzip, deflate', 'Accept': '*/*', 'Connection': 'keep-alive'} 
 body=None 
 </msg>
<msg time="2024-07-26T01:07:25.199107" level="INFO">GET Response : url=https://randomuser.me/api 
 status=200, reason=OK 
 headers={'Date': 'Fri, 26 Jul 2024 01:07:25 GMT', 'Content-Type': 'application/json; charset=utf-8', 'Transfer-Encoding': 'chunked', 'Connection': 'keep-alive', 'X-Powered-By': 'Express', 'Access-Control-Allow-Origin': '*', 'Cache-Control': 'no-cache', 'ETag': 'W/"497-6Hm99lhhedDkJcvNHlYfvNtzE0E"', 'Vary': 'Accept-Encoding', 'Content-Encoding': 'gzip', 'CF-Cache-Status': 'DYNAMIC', 'Report-To': '{"endpoints":[{"url":"https:\\/\\/a.nel.cloudflare.com\\/report\\/v4?s=o4XsKKjtTZR94qqnxp1dLr%2Fg202Rc%2Bl6mlVcdA2s6Eft%2F1ckUxDp0c77FwSox3Uioz35HaUqVzAsvPUfJgFyPPP%2FLkL8k4R5ilxlPZJnF3y1VfmcQWFcAbuNG3WHq3Fw"}],"group":"cf-nel","max_age":604800}', 'NEL': '{"success_fraction":0,"report_to":"cf-nel","max_age":604800}', 'Server': 'cloudflare', 'CF-RAY': '8a907e217b86c953-IAD', 'alt-svc': 'h3=":443"; ma=86400'} 
 body={"results":[{"gender":"male","name":{"title":"Mr","first":"اميرعلي","last":"محمدخان"},"location":{"street":{"number":2088,"name":"میدان امام خمینی"},"city":"بندرعباس","state":"کرمانشاه","country":"Iran","postcode":43595,"coordinates":{"latitude":"19.4471","longitude":"-176.4447"},"timezone":{"offset":"-9:00","description":"Alaska"}},"email":"myraaly.mhmdkhn@example.com","login":{"uuid":"3913a3d5-e08b-4eac-8b4a-ccaf754ed04b","username":"crazyostrich820","password":"protect","salt":"5bGT5OWX","md5":"bc9beb7feee3f8782c79c124ad8da4b8","sha1":"7a0157725548d537c357af41994c3abea9a5767d","sha256":"13d564f3740f676353969630ccc80bf04d049e6a6a31919bffb596380a4d3637"},"dob":{"date":"1990-01-23T18:33:02.829Z","age":34},"registered":{"date":"2015-09-14T09:13:47.647Z","age":8},"phone":"043-29802777","cell":"0972-833-1520","id":{"name":"","value":null},"picture":{"large":"https://randomuser.me/api/portraits/men/95.jpg","medium":"https://randomuser.me/api/portraits/med/men/95.jpg","thumbnail":"https://randomuser.me/api/portraits/thumb/men/95.jpg"},"nat":"IR"}],"info":{"seed":"75b127229becb21b","results":1,"page":1,"version":"1.4"}} 
 </msg>
<msg time="2024-07-26T01:07:25.199256" level="INFO">/opt/hostedtoolcache/Python/3.12.4/x64/lib/python3.12/site-packages/urllib3/connectionpool.py:1099: InsecureRequestWarning: Unverified HTTPS request is being made to host 'randomuser.me'. Adding certificate verification is strongly advised. See: https://urllib3.readthedocs.io/en/latest/advanced-usage.html#tls-warnings
  warnings.warn(</msg>
<msg time="2024-07-26T01:07:25.199413" level="INFO">${response} = &lt;Response [200]&gt;</msg>
<var>${response}</var>
<arg>consultarAPI</arg>
<arg>/api</arg>
<doc>Sends a GET request on a previously created HTTP Session.</doc>
<status status="PASS" start="2024-07-26T01:07:25.030241" elapsed="0.169213"/>
</kw>
<kw name="Set Variable" owner="BuiltIn">
<msg time="2024-07-26T01:07:25.200649" level="INFO">${json_data} = {'results': [{'gender': 'male', 'name': {'title': 'Mr', 'first': 'اميرعلي', 'last': 'محمدخان'}, 'location': {'street': {'number': 2088, 'name': 'میدان امام خمینی'}, 'city': 'بندرعباس', 'state': 'کرمان...</msg>
<var>${json_data}</var>
<arg>${response.json()}</arg>
<doc>Returns the given values which can then be assigned to a variables.</doc>
<status status="PASS" start="2024-07-26T01:07:25.200062" elapsed="0.000619"/>
</kw>
<kw name="Log" owner="BuiltIn">
<msg time="2024-07-26T01:07:25.201219" level="INFO">{'results': [{'gender': 'male', 'name': {'title': 'Mr', 'first': 'اميرعلي', 'last': 'محمدخان'}, 'location': {'street': {'number': 2088, 'name': 'میدان امام خمینی'}, 'city': 'بندرعباس', 'state': 'کرمانشاه', 'country': 'Iran', 'postcode': 43595, 'coordinates': {'latitude': '19.4471', 'longitude': '-176.4447'}, 'timezone': {'offset': '-9:00', 'description': 'Alaska'}}, 'email': 'myraaly.mhmdkhn@example.com', 'login': {'uuid': '3913a3d5-e08b-4eac-8b4a-ccaf754ed04b', 'username': 'crazyostrich820', 'password': 'protect', 'salt': '5bGT5OWX', 'md5': 'bc9beb7feee3f8782c79c124ad8da4b8', 'sha1': '7a0157725548d537c357af41994c3abea9a5767d', 'sha256': '13d564f3740f676353969630ccc80bf04d049e6a6a31919bffb596380a4d3637'}, 'dob': {'date': '1990-01-23T18:33:02.829Z', 'age': 34}, 'registered': {'date': '2015-09-14T09:13:47.647Z', 'age': 8}, 'phone': '043-29802777', 'cell': '0972-833-1520', 'id': {'name': '', 'value': None}, 'picture': {'large': 'https://randomuser.me/api/portraits/men/95.jpg', 'medium': 'https://randomuser.me/api/portraits/med/men/95.jpg', 'thumbnail': 'https://randomuser.me/api/portraits/thumb/men/95.jpg'}, 'nat': 'IR'}], 'info': {'seed': '75b127229becb21b', 'results': 1, 'page': 1, 'version': '1.4'}}</msg>
<arg>${json_data}</arg>
<doc>Logs the given message with the given level.</doc>
<status status="PASS" start="2024-07-26T01:07:25.201044" elapsed="0.000227"/>
</kw>
<kw name="Dictionary Should Contain Key" owner="Collections">
<arg>${json_data}</arg>
<arg>results</arg>
<doc>Fails if ``key`` is not found from ``dictionary``.</doc>
<status status="PASS" start="2024-07-26T01:07:25.201571" elapsed="0.000162"/>
</kw>
<kw name="Should Not Be Empty" owner="BuiltIn">
<msg time="2024-07-26T01:07:25.202059" level="INFO">Length is 2.</msg>
<arg>${json_data}</arg>
<doc>Verifies that the given item is not empty.</doc>
<status status="PASS" start="2024-07-26T01:07:25.201920" elapsed="0.000177"/>
</kw>
<kw name="Create List" owner="BuiltIn">
<msg time="2024-07-26T01:07:25.202548" level="INFO">${expected_keys} = ['gender', 'name', 'location', 'email', 'login']</msg>
<var>${expected_keys}</var>
<arg>gender</arg>
<arg>name</arg>
<arg>location</arg>
<arg>email</arg>
<arg>login</arg>
<doc>Returns a list containing given items.</doc>
<status status="PASS" start="2024-07-26T01:07:25.202388" elapsed="0.000184"/>
</kw>
<for flavor="IN">
<iter>
<kw name="Dictionary Should Contain Key" owner="Collections">
<arg>${json_data['results'][0]}</arg>
<arg>${key}</arg>
<doc>Fails if ``key`` is not found from ``dictionary``.</doc>
<status status="PASS" start="2024-07-26T01:07:25.203164" elapsed="0.000415"/>
</kw>
<kw name="Log" owner="BuiltIn">
<msg time="2024-07-26T01:07:25.204136" level="INFO">{'gender': 'male', 'name': {'title': 'Mr', 'first': 'اميرعلي', 'last': 'محمدخان'}, 'location': {'street': {'number': 2088, 'name': 'میدان امام خمینی'}, 'city': 'بندرعباس', 'state': 'کرمانشاه', 'country': 'Iran', 'postcode': 43595, 'coordinates': {'latitude': '19.4471', 'longitude': '-176.4447'}, 'timezone': {'offset': '-9:00', 'description': 'Alaska'}}, 'email': 'myraaly.mhmdkhn@example.com', 'login': {'uuid': '3913a3d5-e08b-4eac-8b4a-ccaf754ed04b', 'username': 'crazyostrich820', 'password': 'protect', 'salt': '5bGT5OWX', 'md5': 'bc9beb7feee3f8782c79c124ad8da4b8', 'sha1': '7a0157725548d537c357af41994c3abea9a5767d', 'sha256': '13d564f3740f676353969630ccc80bf04d049e6a6a31919bffb596380a4d3637'}, 'dob': {'date': '1990-01-23T18:33:02.829Z', 'age': 34}, 'registered': {'date': '2015-09-14T09:13:47.647Z', 'age': 8}, 'phone': '043-29802777', 'cell': '0972-833-1520', 'id': {'name': '', 'value': None}, 'picture': {'large': 'https://randomuser.me/api/portraits/men/95.jpg', 'medium': 'https://randomuser.me/api/portraits/med/men/95.jpg', 'thumbnail': 'https://randomuser.me/api/portraits/thumb/men/95.jpg'}, 'nat': 'IR'}</msg>
<arg>${json_data['results'][0]}</arg>
<doc>Logs the given message with the given level.</doc>
<status status="PASS" start="2024-07-26T01:07:25.203768" elapsed="0.000421"/>
</kw>
<kw name="Log" owner="BuiltIn">
<msg time="2024-07-26T01:07:25.204628" level="INFO">gender</msg>
<arg>${key}</arg>
<doc>Logs the given message with the given level.</doc>
<status status="PASS" start="2024-07-26T01:07:25.204497" elapsed="0.000170"/>
</kw>
<var name="${key}">gender</var>
<status status="PASS" start="2024-07-26T01:07:25.203036" elapsed="0.001883"/>
</iter>
<iter>
<kw name="Dictionary Should Contain Key" owner="Collections">
<arg>${json_data['results'][0]}</arg>
<arg>${key}</arg>
<doc>Fails if ``key`` is not found from ``dictionary``.</doc>
<status status="PASS" start="2024-07-26T01:07:25.205227" elapsed="0.000391"/>
</kw>
<kw name="Log" owner="BuiltIn">
<msg time="2024-07-26T01:07:25.206209" level="INFO">{'gender': 'male', 'name': {'title': 'Mr', 'first': 'اميرعلي', 'last': 'محمدخان'}, 'location': {'street': {'number': 2088, 'name': 'میدان امام خمینی'}, 'city': 'بندرعباس', 'state': 'کرمانشاه', 'country': 'Iran', 'postcode': 43595, 'coordinates': {'latitude': '19.4471', 'longitude': '-176.4447'}, 'timezone': {'offset': '-9:00', 'description': 'Alaska'}}, 'email': 'myraaly.mhmdkhn@example.com', 'login': {'uuid': '3913a3d5-e08b-4eac-8b4a-ccaf754ed04b', 'username': 'crazyostrich820', 'password': 'protect', 'salt': '5bGT5OWX', 'md5': 'bc9beb7feee3f8782c79c124ad8da4b8', 'sha1': '7a0157725548d537c357af41994c3abea9a5767d', 'sha256': '13d564f3740f676353969630ccc80bf04d049e6a6a31919bffb596380a4d3637'}, 'dob': {'date': '1990-01-23T18:33:02.829Z', 'age': 34}, 'registered': {'date': '2015-09-14T09:13:47.647Z', 'age': 8}, 'phone': '043-29802777', 'cell': '0972-833-1520', 'id': {'name': '', 'value': None}, 'picture': {'large': 'https://randomuser.me/api/portraits/men/95.jpg', 'medium': 'https://randomuser.me/api/portraits/med/men/95.jpg', 'thumbnail': 'https://randomuser.me/api/portraits/thumb/men/95.jpg'}, 'nat': 'IR'}</msg>
<arg>${json_data['results'][0]}</arg>
<doc>Logs the given message with the given level.</doc>
<status status="PASS" start="2024-07-26T01:07:25.205805" elapsed="0.000455"/>
</kw>
<kw name="Log" owner="BuiltIn">
<msg time="2024-07-26T01:07:25.206692" level="INFO">name</msg>
<arg>${key}</arg>
<doc>Logs the given message with the given level.</doc>
<status status="PASS" start="2024-07-26T01:07:25.206562" elapsed="0.000169"/>
</kw>
<var name="${key}">name</var>
<status status="PASS" start="2024-07-26T01:07:25.205113" elapsed="0.001837"/>
</iter>
<iter>
<kw name="Dictionary Should Contain Key" owner="Collections">
<arg>${json_data['results'][0]}</arg>
<arg>${key}</arg>
<doc>Fails if ``key`` is not found from ``dictionary``.</doc>
<status status="PASS" start="2024-07-26T01:07:25.207236" elapsed="0.000391"/>
</kw>
<kw name="Log" owner="BuiltIn">
<msg time="2024-07-26T01:07:25.208169" level="INFO">{'gender': 'male', 'name': {'title': 'Mr', 'first': 'اميرعلي', 'last': 'محمدخان'}, 'location': {'street': {'number': 2088, 'name': 'میدان امام خمینی'}, 'city': 'بندرعباس', 'state': 'کرمانشاه', 'country': 'Iran', 'postcode': 43595, 'coordinates': {'latitude': '19.4471', 'longitude': '-176.4447'}, 'timezone': {'offset': '-9:00', 'description': 'Alaska'}}, 'email': 'myraaly.mhmdkhn@example.com', 'login': {'uuid': '3913a3d5-e08b-4eac-8b4a-ccaf754ed04b', 'username': 'crazyostrich820', 'password': 'protect', 'salt': '5bGT5OWX', 'md5': 'bc9beb7feee3f8782c79c124ad8da4b8', 'sha1': '7a0157725548d537c357af41994c3abea9a5767d', 'sha256': '13d564f3740f676353969630ccc80bf04d049e6a6a31919bffb596380a4d3637'}, 'dob': {'date': '1990-01-23T18:33:02.829Z', 'age': 34}, 'registered': {'date': '2015-09-14T09:13:47.647Z', 'age': 8}, 'phone': '043-29802777', 'cell': '0972-833-1520', 'id': {'name': '', 'value': None}, 'picture': {'large': 'https://randomuser.me/api/portraits/men/95.jpg', 'medium': 'https://randomuser.me/api/portraits/med/men/95.jpg', 'thumbnail': 'https://randomuser.me/api/portraits/thumb/men/95.jpg'}, 'nat': 'IR'}</msg>
<arg>${json_data['results'][0]}</arg>
<doc>Logs the given message with the given level.</doc>
<status status="PASS" start="2024-07-26T01:07:25.207816" elapsed="0.000404"/>
</kw>
<kw name="Log" owner="BuiltIn">
<msg time="2024-07-26T01:07:25.208643" level="INFO">location</msg>
<arg>${key}</arg>
<doc>Logs the given message with the given level.</doc>
<status status="PASS" start="2024-07-26T01:07:25.208516" elapsed="0.000166"/>
</kw>
<var name="${key}">location</var>
<status status="PASS" start="2024-07-26T01:07:25.207127" elapsed="0.001800"/>
</iter>
<iter>
<kw name="Dictionary Should Contain Key" owner="Collections">
<arg>${json_data['results'][0]}</arg>
<arg>${key}</arg>
<doc>Fails if ``key`` is not found from ``dictionary``.</doc>
<status status="PASS" start="2024-07-26T01:07:25.209214" elapsed="0.000389"/>
</kw>
<kw name="Log" owner="BuiltIn">
<msg time="2024-07-26T01:07:25.210281" level="INFO">{'gender': 'male', 'name': {'title': 'Mr', 'first': 'اميرعلي', 'last': 'محمدخان'}, 'location': {'street': {'number': 2088, 'name': 'میدان امام خمینی'}, 'city': 'بندرعباس', 'state': 'کرمانشاه', 'country': 'Iran', 'postcode': 43595, 'coordinates': {'latitude': '19.4471', 'longitude': '-176.4447'}, 'timezone': {'offset': '-9:00', 'description': 'Alaska'}}, 'email': 'myraaly.mhmdkhn@example.com', 'login': {'uuid': '3913a3d5-e08b-4eac-8b4a-ccaf754ed04b', 'username': 'crazyostrich820', 'password': 'protect', 'salt': '5bGT5OWX', 'md5': 'bc9beb7feee3f8782c79c124ad8da4b8', 'sha1': '7a0157725548d537c357af41994c3abea9a5767d', 'sha256': '13d564f3740f676353969630ccc80bf04d049e6a6a31919bffb596380a4d3637'}, 'dob': {'date': '1990-01-23T18:33:02.829Z', 'age': 34}, 'registered': {'date': '2015-09-14T09:13:47.647Z', 'age': 8}, 'phone': '043-29802777', 'cell': '0972-833-1520', 'id': {'name': '', 'value': None}, 'picture': {'large': 'https://randomuser.me/api/portraits/men/95.jpg', 'medium': 'https://randomuser.me/api/portraits/med/men/95.jpg', 'thumbnail': 'https://randomuser.me/api/portraits/thumb/men/95.jpg'}, 'nat': 'IR'}</msg>
<arg>${json_data['results'][0]}</arg>
<doc>Logs the given message with the given level.</doc>
<status status="PASS" start="2024-07-26T01:07:25.209920" elapsed="0.000412"/>
</kw>
<kw name="Log" owner="BuiltIn">
<msg time="2024-07-26T01:07:25.210765" level="INFO">email</msg>
<arg>${key}</arg>
<doc>Logs the given message with the given level.</doc>
<status status="PASS" start="2024-07-26T01:07:25.210635" elapsed="0.000170"/>
</kw>
<var name="${key}">email</var>
<status status="PASS" start="2024-07-26T01:07:25.209105" elapsed="0.001914"/>
</iter>
<iter>
<kw name="Dictionary Should Contain Key" owner="Collections">
<arg>${json_data['results'][0]}</arg>
<arg>${key}</arg>
<doc>Fails if ``key`` is not found from ``dictionary``.</doc>
<status status="PASS" start="2024-07-26T01:07:25.211305" elapsed="0.000388"/>
</kw>
<kw name="Log" owner="BuiltIn">
<msg time="2024-07-26T01:07:25.212228" level="INFO">{'gender': 'male', 'name': {'title': 'Mr', 'first': 'اميرعلي', 'last': 'محمدخان'}, 'location': {'street': {'number': 2088, 'name': 'میدان امام خمینی'}, 'city': 'بندرعباس', 'state': 'کرمانشاه', 'country': 'Iran', 'postcode': 43595, 'coordinates': {'latitude': '19.4471', 'longitude': '-176.4447'}, 'timezone': {'offset': '-9:00', 'description': 'Alaska'}}, 'email': 'myraaly.mhmdkhn@example.com', 'login': {'uuid': '3913a3d5-e08b-4eac-8b4a-ccaf754ed04b', 'username': 'crazyostrich820', 'password': 'protect', 'salt': '5bGT5OWX', 'md5': 'bc9beb7feee3f8782c79c124ad8da4b8', 'sha1': '7a0157725548d537c357af41994c3abea9a5767d', 'sha256': '13d564f3740f676353969630ccc80bf04d049e6a6a31919bffb596380a4d3637'}, 'dob': {'date': '1990-01-23T18:33:02.829Z', 'age': 34}, 'registered': {'date': '2015-09-14T09:13:47.647Z', 'age': 8}, 'phone': '043-29802777', 'cell': '0972-833-1520', 'id': {'name': '', 'value': None}, 'picture': {'large': 'https://randomuser.me/api/portraits/men/95.jpg', 'medium': 'https://randomuser.me/api/portraits/med/men/95.jpg', 'thumbnail': 'https://randomuser.me/api/portraits/thumb/men/95.jpg'}, 'nat': 'IR'}</msg>
<arg>${json_data['results'][0]}</arg>
<doc>Logs the given message with the given level.</doc>
<status status="PASS" start="2024-07-26T01:07:25.211876" elapsed="0.000402"/>
</kw>
<kw name="Log" owner="BuiltIn">
<msg time="2024-07-26T01:07:25.212697" level="INFO">login</msg>
<arg>${key}</arg>
<doc>Logs the given message with the given level.</doc>
<status status="PASS" start="2024-07-26T01:07:25.212570" elapsed="0.000164"/>
</kw>
<var name="${key}">login</var>
<status status="PASS" start="2024-07-26T01:07:25.211195" elapsed="0.001789"/>
</iter>
<var>${key}</var>
<value>@{expected_keys}</value>
<status status="PASS" start="2024-07-26T01:07:25.202837" elapsed="0.010272"/>
</for>
<kw name="Create List" owner="BuiltIn">
<msg time="2024-07-26T01:07:25.213475" level="INFO">${expected_keysTwo} = ['username', 'password']</msg>
<var>${expected_keysTwo}</var>
<arg>username</arg>
<arg>password</arg>
<doc>Returns a list containing given items.</doc>
<status status="PASS" start="2024-07-26T01:07:25.213303" elapsed="0.000197"/>
</kw>
<for flavor="IN">
<iter>
<kw name="Dictionary Should Contain Key" owner="Collections">
<arg>${json_data['results'][0]['login']}</arg>
<arg>${keyTwo}</arg>
<doc>Fails if ``key`` is not found from ``dictionary``.</doc>
<status status="PASS" start="2024-07-26T01:07:25.214004" elapsed="0.000386"/>
</kw>
<kw name="Dictionary Should Contain Key" owner="Collections">
<arg>${json_data['results'][0]['login']}</arg>
<arg>${keyTwo}</arg>
<doc>Fails if ``key`` is not found from ``dictionary``.</doc>
<status status="PASS" start="2024-07-26T01:07:25.214573" elapsed="0.000388"/>
</kw>
<kw name="Log" owner="BuiltIn">
<msg time="2024-07-26T01:07:25.215264" level="INFO">username</msg>
<arg>${keyTwo}</arg>
<doc>Logs the given message with the given level.</doc>
<status status="PASS" start="2024-07-26T01:07:25.215141" elapsed="0.000161"/>
</kw>
<var name="${keyTwo}">username</var>
<status status="PASS" start="2024-07-26T01:07:25.213897" elapsed="0.001625"/>
</iter>
<iter>
<kw name="Dictionary Should Contain Key" owner="Collections">
<arg>${json_data['results'][0]['login']}</arg>
<arg>${keyTwo}</arg>
<doc>Fails if ``key`` is not found from ``dictionary``.</doc>
<status status="PASS" start="2024-07-26T01:07:25.215812" elapsed="0.000383"/>
</kw>
<kw name="Dictionary Should Contain Key" owner="Collections">
<arg>${json_data['results'][0]['login']}</arg>
<arg>${keyTwo}</arg>
<doc>Fails if ``key`` is not found from ``dictionary``.</doc>
<status status="PASS" start="2024-07-26T01:07:25.216374" elapsed="0.000378"/>
</kw>
<kw name="Log" owner="BuiltIn">
<msg time="2024-07-26T01:07:25.217077" level="INFO">password</msg>
<arg>${keyTwo}</arg>
<doc>Logs the given message with the given level.</doc>
<status status="PASS" start="2024-07-26T01:07:25.216949" elapsed="0.000166"/>
</kw>
<var name="${keyTwo}">password</var>
<status status="PASS" start="2024-07-26T01:07:25.215697" elapsed="0.001638"/>
</iter>
<var>${keyTwo}</var>
<value>@{expected_keysTwo}</value>
<status status="PASS" start="2024-07-26T01:07:25.213741" elapsed="0.003714"/>
</for>
<status status="PASS" start="2024-07-26T01:07:25.029991" elapsed="0.187607"/>
</kw>
<doc>Testa a estrutura da resposta da API.</doc>
<tag>testeEstruturaResposta</tag>
<status status="PASS" start="2024-07-26T01:07:25.029485" elapsed="0.188287"/>
</test>
<test id="s1-s1-t4" name="Validar tipos de dados" line="28">
<kw name="Teste de Tipos de Dados" owner="random-user-service">
<kw name="GET On Session" owner="RequestsLibrary">
<msg time="2024-07-26T01:07:25.248753" level="INFO">GET Request : url=https://randomuser.me/api 
 path_url=/api 
 headers={'User-Agent': 'python-requests/2.32.3', 'Accept-Encoding': 'gzip, deflate', 'Accept': '*/*', 'Connection': 'keep-alive'} 
 body=None 
 </msg>
<msg time="2024-07-26T01:07:25.248835" level="INFO">GET Response : url=https://randomuser.me/api 
 status=200, reason=OK 
 headers={'Date': 'Fri, 26 Jul 2024 01:07:25 GMT', 'Content-Type': 'application/json; charset=utf-8', 'Transfer-Encoding': 'chunked', 'Connection': 'keep-alive', 'X-Powered-By': 'Express', 'Access-Control-Allow-Origin': '*', 'Cache-Control': 'no-cache', 'ETag': 'W/"476-+Uf5MVrrSET7QcC4j43be+5zqyA"', 'Vary': 'Accept-Encoding', 'Content-Encoding': 'gzip', 'CF-Cache-Status': 'DYNAMIC', 'Report-To': '{"endpoints":[{"url":"https:\\/\\/a.nel.cloudflare.com\\/report\\/v4?s=fbTNg%2FQ9iAe%2BRLwElP2TZDmWMxgD5obST%2Byv65snnR%2B3SE64mYikOQmltBOfuCmVqKifHHiGPbvdVpkrrQDabpt1SfmcQkTff2prt6PgQ6O5AB5BDosl4n1BTHDgbvuL"}],"group":"cf-nel","max_age":604800}', 'NEL': '{"success_fraction":0,"report_to":"cf-nel","max_age":604800}', 'Server': 'cloudflare', 'CF-RAY': '8a907e22aed8c953-IAD', 'alt-svc': 'h3=":443"; ma=86400'} 
 body={"results":[{"gender":"female","name":{"title":"Miss","first":"Rose","last":"Fortin"},"location":{"street":{"number":7354,"name":"20th Ave"},"city":"Georgetown","state":"Yukon","country":"Canada","postcode":"S2P 4B9","coordinates":{"latitude":"-69.9955","longitude":"171.6862"},"timezone":{"offset":"+4:30","description":"Kabul"}},"email":"rose.fortin@example.com","login":{"uuid":"e42ab05f-9896-413b-9124-686329c3edb6","username":"goldengorilla553","password":"birthday4","salt":"HMyfoReh","md5":"f550e39904a5bace050f14bb0e532767","sha1":"72e28f2ec0ce5af55f53a819478942f67100fc80","sha256":"fe7fcf014859a172ef79259dfc3642c220b9ef423318a942cb01b14fb52b7324"},"dob":{"date":"1966-03-18T01:11:04.127Z","age":58},"registered":{"date":"2006-03-02T22:56:27.555Z","age":18},"phone":"O82 X87-4432","cell":"T28 P39-2992","id":{"name":"SIN","value":"244282547"},"picture":{"large":"https://randomuser.me/api/portraits/women/16.jpg","medium":"https://randomuser.me/api/portraits/med/women/16.jpg","thumbnail":"https://randomuser.me/api/portraits/thumb/women/16.jpg"},"nat":"CA"}],"info":{"seed":"7730b2f8ed4f239a","results":1,"page":1,"version":"1.4"}} 
 </msg>
<msg time="2024-07-26T01:07:25.248943" level="INFO">/opt/hostedtoolcache/Python/3.12.4/x64/lib/python3.12/site-packages/urllib3/connectionpool.py:1099: InsecureRequestWarning: Unverified HTTPS request is being made to host 'randomuser.me'. Adding certificate verification is strongly advised. See: https://urllib3.readthedocs.io/en/latest/advanced-usage.html#tls-warnings
  warnings.warn(</msg>
<msg time="2024-07-26T01:07:25.249067" level="INFO">${response} = &lt;Response [200]&gt;</msg>
<var>${response}</var>
<arg>consultarAPI</arg>
<arg>/api</arg>
<doc>Sends a GET request on a previously created HTTP Session.</doc>
<status status="PASS" start="2024-07-26T01:07:25.220371" elapsed="0.028743"/>
</kw>
<kw name="Set Variable" owner="BuiltIn">
<msg time="2024-07-26T01:07:25.250238" level="INFO">${json_data} = {'results': [{'gender': 'female', 'name': {'title': 'Miss', 'first': 'Rose', 'last': 'Fortin'}, 'location': {'street': {'number': 7354, 'name': '20th Ave'}, 'city': 'Georgetown', 'state': 'Yukon', 'co...</msg>
<var>${json_data}</var>
<arg>${response.json()}</arg>
<doc>Returns the given values which can then be assigned to a variables.</doc>
<status status="PASS" start="2024-07-26T01:07:25.249641" elapsed="0.000626"/>
</kw>
<kw name="Log" owner="BuiltIn">
<msg time="2024-07-26T01:07:25.250732" level="INFO">{'results': [{'gender': 'female', 'name': {'title': 'Miss', 'first': 'Rose', 'last': 'Fortin'}, 'location': {'street': {'number': 7354, 'name': '20th Ave'}, 'city': 'Georgetown', 'state': 'Yukon', 'country': 'Canada', 'postcode': 'S2P 4B9', 'coordinates': {'latitude': '-69.9955', 'longitude': '171.6862'}, 'timezone': {'offset': '+4:30', 'description': 'Kabul'}}, 'email': 'rose.fortin@example.com', 'login': {'uuid': 'e42ab05f-9896-413b-9124-686329c3edb6', 'username': 'goldengorilla553', 'password': 'birthday4', 'salt': 'HMyfoReh', 'md5': 'f550e39904a5bace050f14bb0e532767', 'sha1': '72e28f2ec0ce5af55f53a819478942f67100fc80', 'sha256': 'fe7fcf014859a172ef79259dfc3642c220b9ef423318a942cb01b14fb52b7324'}, 'dob': {'date': '1966-03-18T01:11:04.127Z', 'age': 58}, 'registered': {'date': '2006-03-02T22:56:27.555Z', 'age': 18}, 'phone': 'O82 X87-4432', 'cell': 'T28 P39-2992', 'id': {'name': 'SIN', 'value': '244282547'}, 'picture': {'large': 'https://randomuser.me/api/portraits/women/16.jpg', 'medium': 'https://randomuser.me/api/portraits/med/women/16.jpg', 'thumbnail': 'https://randomuser.me/api/portraits/thumb/women/16.jpg'}, 'nat': 'CA'}], 'info': {'seed': '7730b2f8ed4f239a', 'results': 1, 'page': 1, 'version': '1.4'}}</msg>
<arg>${json_data}</arg>
<doc>Logs the given message with the given level.</doc>
<status status="PASS" start="2024-07-26T01:07:25.250575" elapsed="0.000207"/>
</kw>
<kw name="Should Be String" owner="String">
<arg>${json_data['results'][0]['gender']}</arg>
<doc>Fails if the given ``item`` is not a string.</doc>
<status status="PASS" start="2024-07-26T01:07:25.251073" elapsed="0.000366"/>
</kw>
<kw name="Should Match Regexp" owner="BuiltIn">
<arg>${json_data['results'][0]['email']}</arg>
<arg>^[a-zA-Z0-9._%+-]+@[a-zA-Z0-9.-]+\.[a-zA-Z]{2,}$</arg>
<doc>Fails if ``string`` does not match ``pattern`` as a regular expression.</doc>
<status status="PASS" start="2024-07-26T01:07:25.251628" elapsed="0.000530"/>
</kw>
<kw name="Should Match Regexp" owner="BuiltIn">
<arg>${json_data['results'][0]['dob']['date']}</arg>
<arg>\\d{4}-\\d{2}-\\d{2}T\\d{2}:\\d{2}:\\d{2}\\.\\d{3}Z</arg>
<doc>Fails if ``string`` does not match ``pattern`` as a regular expression.</doc>
<status status="PASS" start="2024-07-26T01:07:25.252391" elapsed="0.000638"/>
</kw>
<kw name="Should Match Regexp" owner="BuiltIn">
<arg>${json_data['results'][0]['registered']['date']}</arg>
<arg>\\d{4}-\\d{2}-\\d{2}T\\d{2}:\\d{2}:\\d{2}\\.\\d{3}Z</arg>
<doc>Fails if ``string`` does not match ``pattern`` as a regular expression.</doc>
<status status="PASS" start="2024-07-26T01:07:25.253228" elapsed="0.000374"/>
</kw>
<kw name="Should Match Regexp" owner="BuiltIn">
<arg>${json_data['results'][0]['picture']['large']}</arg>
<arg>^https?://.*\.(?:png|jpe?g|gif|bmp)$</arg>
<doc>Fails if ``string`` does not match ``pattern`` as a regular expression.</doc>
<status status="PASS" start="2024-07-26T01:07:25.253788" elapsed="0.000456"/>
</kw>
<kw name="Should Match Regexp" owner="BuiltIn">
<arg>${json_data['results'][0]['picture']['medium']}</arg>
<arg>^https?://.*\.(?:png|jpe?g|gif|bmp)$</arg>
<doc>Fails if ``string`` does not match ``pattern`` as a regular expression.</doc>
<status status="PASS" start="2024-07-26T01:07:25.254432" elapsed="0.000351"/>
</kw>
<kw name="Should Match Regexp" owner="BuiltIn">
<arg>${json_data['results'][0]['picture']['thumbnail']}</arg>
<arg>^https?://.*\.(?:png|jpe?g|gif|bmp)$</arg>
<doc>Fails if ``string`` does not match ``pattern`` as a regular expression.</doc>
<status status="PASS" start="2024-07-26T01:07:25.254966" elapsed="0.000352"/>
</kw>
<kw name="Log" owner="BuiltIn">
<msg time="2024-07-26T01:07:25.255823" level="INFO">{'large': 'https://randomuser.me/api/portraits/women/16.jpg', 'medium': 'https://randomuser.me/api/portraits/med/women/16.jpg', 'thumbnail': 'https://randomuser.me/api/portraits/thumb/women/16.jpg'}</msg>
<arg>${json_data['results'][0]['picture']}</arg>
<doc>Logs the given message with the given level.</doc>
<status status="PASS" start="2024-07-26T01:07:25.255499" elapsed="0.000366"/>
</kw>
<status status="PASS" start="2024-07-26T01:07:25.220141" elapsed="0.035984"/>
</kw>
<kw name="Teste de Tipos de Dados - Postcode" owner="random-user-service">
<kw name="GET On Session" owner="RequestsLibrary">
<msg time="2024-07-26T01:07:25.361081" level="INFO">GET Request : url=https://randomuser.me/api 
 path_url=/api 
 headers={'User-Agent': 'python-requests/2.32.3', 'Accept-Encoding': 'gzip, deflate', 'Accept': '*/*', 'Connection': 'keep-alive'} 
 body=None 
 </msg>
<msg time="2024-07-26T01:07:25.361181" level="INFO">GET Response : url=https://randomuser.me/api 
 status=200, reason=OK 
 headers={'Date': 'Fri, 26 Jul 2024 01:07:25 GMT', 'Content-Type': 'application/json; charset=utf-8', 'Transfer-Encoding': 'chunked', 'Connection': 'keep-alive', 'X-Powered-By': 'Express', 'Access-Control-Allow-Origin': '*', 'Cache-Control': 'no-cache', 'ETag': 'W/"46c-X8382GyhZIBU8Op+NWoyFs2p3zM"', 'Vary': 'Accept-Encoding', 'Content-Encoding': 'gzip', 'CF-Cache-Status': 'DYNAMIC', 'Report-To': '{"endpoints":[{"url":"https:\\/\\/a.nel.cloudflare.com\\/report\\/v4?s=LJlb6n20dzlsZFh255ipTs%2BkFb2jhlvwUKFH9H6m%2FnkB3OWnyxwwJq1dKyfHqg0y0Gc62Xgq7QtW1V2tk%2Btd1pItLR%2FDvfL4j%2FUC9CXBrMVcIOWXWDXLKYXvZ%2F70CW9U"}],"group":"cf-nel","max_age":604800}', 'NEL': '{"success_fraction":0,"report_to":"cf-nel","max_age":604800}', 'Server': 'cloudflare', 'CF-RAY': '8a907e22ef6ac953-IAD', 'alt-svc': 'h3=":443"; ma=86400'} 
 body={"results":[{"gender":"male","name":{"title":"Mr","first":"Christian","last":"Yri"},"location":{"street":{"number":3644,"name":"Dronninghavnveien"},"city":"Krossen","state":"Troms - Romsa","country":"Norway","postcode":"6805","coordinates":{"latitude":"42.0972","longitude":"-13.9095"},"timezone":{"offset":"+4:30","description":"Kabul"}},"email":"christian.yri@example.com","login":{"uuid":"2fa526de-a1bb-4588-9918-622faca34b63","username":"biglion470","password":"mollydog","salt":"OeQSwHIf","md5":"1cdbcc7669e3aae703d684a8e360afad","sha1":"1b7e093ab8c6d3a83207a9abb35ad3f5810f8e29","sha256":"5a18b86eec99a518bc31f379eaf790178091e08ae2d37f59c8b86c59951a5781"},"dob":{"date":"1952-08-27T22:47:27.335Z","age":71},"registered":{"date":"2004-10-20T06:33:34.991Z","age":19},"phone":"77612642","cell":"92851586","id":{"name":"FN","value":"27085227527"},"picture":{"large":"https://randomuser.me/api/portraits/men/99.jpg","medium":"https://randomuser.me/api/portraits/med/men/99.jpg","thumbnail":"https://randomuser.me/api/portraits/thumb/men/99.jpg"},"nat":"NO"}],"info":{"seed":"823addc0beee942d","results":1,"page":1,"version":"1.4"}} 
 </msg>
<msg time="2024-07-26T01:07:25.361258" level="INFO">/opt/hostedtoolcache/Python/3.12.4/x64/lib/python3.12/site-packages/urllib3/connectionpool.py:1099: InsecureRequestWarning: Unverified HTTPS request is being made to host 'randomuser.me'. Adding certificate verification is strongly advised. See: https://urllib3.readthedocs.io/en/latest/advanced-usage.html#tls-warnings
  warnings.warn(</msg>
<msg time="2024-07-26T01:07:25.361383" level="INFO">${response} = &lt;Response [200]&gt;</msg>
<var>${response}</var>
<arg>consultarAPI</arg>
<arg>/api</arg>
<doc>Sends a GET request on a previously created HTTP Session.</doc>
<status status="PASS" start="2024-07-26T01:07:25.256568" elapsed="0.104861"/>
</kw>
<kw name="Set Variable" owner="BuiltIn">
<msg time="2024-07-26T01:07:25.362623" level="INFO">${json_data} = {'results': [{'gender': 'male', 'name': {'title': 'Mr', 'first': 'Christian', 'last': 'Yri'}, 'location': {'street': {'number': 3644, 'name': 'Dronninghavnveien'}, 'city': 'Krossen', 'state': 'Troms -...</msg>
<var>${json_data}</var>
<arg>${response.json()}</arg>
<doc>Returns the given values which can then be assigned to a variables.</doc>
<status status="PASS" start="2024-07-26T01:07:25.362051" elapsed="0.000600"/>
</kw>
<kw name="Log" owner="BuiltIn">
<msg time="2024-07-26T01:07:25.363113" level="INFO">{'results': [{'gender': 'male', 'name': {'title': 'Mr', 'first': 'Christian', 'last': 'Yri'}, 'location': {'street': {'number': 3644, 'name': 'Dronninghavnveien'}, 'city': 'Krossen', 'state': 'Troms - Romsa', 'country': 'Norway', 'postcode': '6805', 'coordinates': {'latitude': '42.0972', 'longitude': '-13.9095'}, 'timezone': {'offset': '+4:30', 'description': 'Kabul'}}, 'email': 'christian.yri@example.com', 'login': {'uuid': '2fa526de-a1bb-4588-9918-622faca34b63', 'username': 'biglion470', 'password': 'mollydog', 'salt': 'OeQSwHIf', 'md5': '1cdbcc7669e3aae703d684a8e360afad', 'sha1': '1b7e093ab8c6d3a83207a9abb35ad3f5810f8e29', 'sha256': '5a18b86eec99a518bc31f379eaf790178091e08ae2d37f59c8b86c59951a5781'}, 'dob': {'date': '1952-08-27T22:47:27.335Z', 'age': 71}, 'registered': {'date': '2004-10-20T06:33:34.991Z', 'age': 19}, 'phone': '77612642', 'cell': '92851586', 'id': {'name': 'FN', 'value': '27085227527'}, 'picture': {'large': 'https://randomuser.me/api/portraits/men/99.jpg', 'medium': 'https://randomuser.me/api/portraits/med/men/99.jpg', 'thumbnail': 'https://randomuser.me/api/portraits/thumb/men/99.jpg'}, 'nat': 'NO'}], 'info': {'seed': '823addc0beee942d', 'results': 1, 'page': 1, 'version': '1.4'}}</msg>
<arg>${json_data}</arg>
<doc>Logs the given message with the given level.</doc>
<status status="PASS" start="2024-07-26T01:07:25.362959" elapsed="0.000199"/>
</kw>
<kw name="Should Be Equal As Numbers" owner="BuiltIn">
<arg>${json_data['results'][0]['location']['postcode']}</arg>
<arg>${json_data['results'][0]['location']['postcode']}</arg>
<doc>Fails if objects are unequal after converting them to real numbers.</doc>
<status status="PASS" start="2024-07-26T01:07:25.363450" elapsed="0.000625"/>
</kw>
<kw name="Log" owner="BuiltIn">
<msg time="2024-07-26T01:07:25.364609" level="INFO">6805</msg>
<arg>${json_data['results'][0]['location']['postcode']}</arg>
<doc>Logs the given message with the given level.</doc>
<status status="PASS" start="2024-07-26T01:07:25.364275" elapsed="0.000374"/>
</kw>
<status status="PASS" start="2024-07-26T01:07:25.256339" elapsed="0.108617"/>
</kw>
<doc>Testa se os tipos de dados na resposta da API estão corretos.</doc>
<tag>testeTiposDados</tag>
<status status="PASS" start="2024-07-26T01:07:25.219553" elapsed="0.145576"/>
</test>
<test id="s1-s1-t5" name="Validar conteudo" line="35">
<kw name="Teste de Tipos de Conteudo" owner="random-user-service">
<kw name="GET On Session" owner="RequestsLibrary">
<msg time="2024-07-26T01:07:25.444026" level="INFO">GET Request : url=https://randomuser.me/api 
 path_url=/api 
 headers={'User-Agent': 'python-requests/2.32.3', 'Accept-Encoding': 'gzip, deflate', 'Accept': '*/*', 'Connection': 'keep-alive'} 
 body=None 
 </msg>
<msg time="2024-07-26T01:07:25.444118" level="INFO">GET Response : url=https://randomuser.me/api 
 status=200, reason=OK 
 headers={'Date': 'Fri, 26 Jul 2024 01:07:25 GMT', 'Content-Type': 'application/json; charset=utf-8', 'Transfer-Encoding': 'chunked', 'Connection': 'keep-alive', 'X-Powered-By': 'Express', 'Access-Control-Allow-Origin': '*', 'Cache-Control': 'no-cache', 'ETag': 'W/"49d-ovjF9Lbp6NWtgMSjMwk5AeQgDg4"', 'Vary': 'Accept-Encoding', 'Content-Encoding': 'gzip', 'CF-Cache-Status': 'DYNAMIC', 'Report-To': '{"endpoints":[{"url":"https:\\/\\/a.nel.cloudflare.com\\/report\\/v4?s=EdPzmAn8eTjIOP7nF7MBSzTOlYWfBHXJcfwlhbz0kvQJpN185Fcw9pYZGU0aPsHgerfK1z3qJPiSYvCrK9miHCah2jg31HfJYtRE5Z%2FwVP5p3Dat9NSgMrytal8c7zeR"}],"group":"cf-nel","max_age":604800}', 'NEL': '{"success_fraction":0,"report_to":"cf-nel","max_age":604800}', 'Server': 'cloudflare', 'CF-RAY': '8a907e2398bdc953-IAD', 'alt-svc': 'h3=":443"; ma=86400'} 
 body={"results":[{"gender":"male","name":{"title":"Mr","first":"Horst-Dieter","last":"Kober"},"location":{"street":{"number":8238,"name":"Friedhofstraße"},"city":"Bad Berka","state":"Hamburg","country":"Germany","postcode":37660,"coordinates":{"latitude":"-53.1824","longitude":"-3.7467"},"timezone":{"offset":"+9:00","description":"Tokyo, Seoul, Osaka, Sapporo, Yakutsk"}},"email":"horst-dieter.kober@example.com","login":{"uuid":"77ed5054-d1ef-4c4c-9ae7-ac2f35fcf130","username":"tinykoala715","password":"nancy","salt":"2f50WsVL","md5":"39a1de8f9f80950cd8e74df8286847b4","sha1":"caf05cf302f7bec5765b2a111d16d82f50573521","sha256":"563234a440918b07734d3573c27442ef9f1ee16d1c7803021523bdea64467a20"},"dob":{"date":"1989-05-10T09:27:18.283Z","age":35},"registered":{"date":"2004-11-01T11:26:57.253Z","age":19},"phone":"0239-7912070","cell":"0176-0021535","id":{"name":"SVNR","value":"65 100589 K 338"},"picture":{"large":"https://randomuser.me/api/portraits/men/97.jpg","medium":"https://randomuser.me/api/portraits/med/men/97.jpg","thumbnail":"https://randomuser.me/api/portraits/thumb/men/97.jpg"},"nat":"DE"}],"info":{"seed":"654be112702caa8b","results":1,"page":1,"version":"1.4"}} 
 </msg>
<msg time="2024-07-26T01:07:25.444186" level="INFO">/opt/hostedtoolcache/Python/3.12.4/x64/lib/python3.12/site-packages/urllib3/connectionpool.py:1099: InsecureRequestWarning: Unverified HTTPS request is being made to host 'randomuser.me'. Adding certificate verification is strongly advised. See: https://urllib3.readthedocs.io/en/latest/advanced-usage.html#tls-warnings
  warnings.warn(</msg>
<msg time="2024-07-26T01:07:25.444302" level="INFO">${response} = &lt;Response [200]&gt;</msg>
<var>${response}</var>
<arg>consultarAPI</arg>
<arg>/api</arg>
<doc>Sends a GET request on a previously created HTTP Session.</doc>
<status status="PASS" start="2024-07-26T01:07:25.367638" elapsed="0.076705"/>
</kw>
<kw name="Set Variable" owner="BuiltIn">
<msg time="2024-07-26T01:07:25.445538" level="INFO">${json_data} = {'results': [{'gender': 'male', 'name': {'title': 'Mr', 'first': 'Horst-Dieter', 'last': 'Kober'}, 'location': {'street': {'number': 8238, 'name': 'Friedhofstraße'}, 'city': 'Bad Berka', 'state': 'Ham...</msg>
<var>${json_data}</var>
<arg>${response.json()}</arg>
<doc>Returns the given values which can then be assigned to a variables.</doc>
<status status="PASS" start="2024-07-26T01:07:25.444967" elapsed="0.000601"/>
</kw>
<kw name="Set Variable" owner="BuiltIn">
<msg time="2024-07-26T01:07:25.446269" level="INFO">${name_title} = Mr</msg>
<var>${name_title}</var>
<arg>${json_data["results"][0]["name"]["title"]}</arg>
<doc>Returns the given values which can then be assigned to a variables.</doc>
<status status="PASS" start="2024-07-26T01:07:25.445882" elapsed="0.000413"/>
</kw>
<kw name="Create List" owner="BuiltIn">
<msg time="2024-07-26T01:07:25.446746" level="INFO">${allowed_titles} = ['Mr', 'Ms', 'Miss', 'Mrs', 'Madame', 'Monsieur']</msg>
<var>${allowed_titles}</var>
<arg>Mr</arg>
<arg>Ms</arg>
<arg>Miss</arg>
<arg>Mrs</arg>
<arg>Madame</arg>
<arg>Monsieur</arg>
<doc>Returns a list containing given items.</doc>
<status status="PASS" start="2024-07-26T01:07:25.446596" elapsed="0.000175"/>
</kw>
<kw name="List Should Contain Value" owner="Collections">
<arg>${allowed_titles}</arg>
<arg>${name_title}</arg>
<doc>Fails if the ``value`` is not found from ``list``.</doc>
<status status="PASS" start="2024-07-26T01:07:25.447067" elapsed="0.000188"/>
</kw>
<kw name="Set Variable" owner="BuiltIn">
<msg time="2024-07-26T01:07:25.447818" level="INFO">${name_country} = DE</msg>
<var>${name_country}</var>
<arg>${json_data["results"][0]["nat"]}</arg>
<doc>Returns the given values which can then be assigned to a variables.</doc>
<status status="PASS" start="2024-07-26T01:07:25.447435" elapsed="0.000408"/>
</kw>
<kw name="Create List" owner="BuiltIn">
<msg time="2024-07-26T01:07:25.448730" level="INFO">${list_country} = ['AD', 'AE', 'AF', 'AG', 'AI', 'AL', 'AM', 'AO', 'AQ', 'AR', 'AS', 'AT', 'AU', 'AW', 'AX', 'AZ', 'BA', 'BB', 'BD', 'BE', 'BF', 'BG', 'BH', 'BI', 'BJ', 'BL', 'BM', 'BN', 'BO', 'BQ', 'BR', 'BS', 'BT', '...</msg>
<var>${list_country}</var>
<arg>AD</arg>
<arg>AE</arg>
<arg>AF</arg>
<arg>AG</arg>
<arg>AI</arg>
<arg>AL</arg>
<arg>AM</arg>
<arg>AO</arg>
<arg>AQ</arg>
<arg>AR</arg>
<arg>AS</arg>
<arg>AT</arg>
<arg>AU</arg>
<arg>AW</arg>
<arg>AX</arg>
<arg>AZ</arg>
<arg>BA</arg>
<arg>BB</arg>
<arg>BD</arg>
<arg>BE</arg>
<arg>BF</arg>
<arg>BG</arg>
<arg>BH</arg>
<arg>BI</arg>
<arg>BJ</arg>
<arg>BL</arg>
<arg>BM</arg>
<arg>BN</arg>
<arg>BO</arg>
<arg>BQ</arg>
<arg>BR</arg>
<arg>BS</arg>
<arg>BT</arg>
<arg>BV</arg>
<arg>BW</arg>
<arg>BY</arg>
<arg>BZ</arg>
<arg>CA</arg>
<arg>CC</arg>
<arg>CD</arg>
<arg>CF</arg>
<arg>CG</arg>
<arg>CH</arg>
<arg>CI</arg>
<arg>CK</arg>
<arg>CL</arg>
<arg>CM</arg>
<arg>CN</arg>
<arg>CO</arg>
<arg>CR</arg>
<arg>CU</arg>
<arg>CV</arg>
<arg>CW</arg>
<arg>CX</arg>
<arg>CY</arg>
<arg>CZ</arg>
<arg>DE</arg>
<arg>DJ</arg>
<arg>DK</arg>
<arg>DM</arg>
<arg>DO</arg>
<arg>DZ</arg>
<arg>EC</arg>
<arg>EE</arg>
<arg>EG</arg>
<arg>EH</arg>
<arg>ER</arg>
<arg>ES</arg>
<arg>ET</arg>
<arg>FI</arg>
<arg>FJ</arg>
<arg>FK</arg>
<arg>FM</arg>
<arg>FO</arg>
<arg>FR</arg>
<arg>GA</arg>
<arg>GB</arg>
<arg>GD</arg>
<arg>GE</arg>
<arg>GF</arg>
<arg>GG</arg>
<arg>GH</arg>
<arg>GI</arg>
<arg>GL</arg>
<arg>GM</arg>
<arg>GN</arg>
<arg>GP</arg>
<arg>GQ</arg>
<arg>GR</arg>
<arg>GS</arg>
<arg>GT</arg>
<arg>GU</arg>
<arg>GW</arg>
<arg>GY</arg>
<arg>HK</arg>
<arg>HM</arg>
<arg>HN</arg>
<arg>HR</arg>
<arg>HT</arg>
<arg>HU</arg>
<arg>ID</arg>
<arg>IE</arg>
<arg>IL</arg>
<arg>IM</arg>
<arg>IN</arg>
<arg>IO</arg>
<arg>IQ</arg>
<arg>IR</arg>
<arg>IS</arg>
<arg>IT</arg>
<arg>JE</arg>
<arg>JM</arg>
<arg>JO</arg>
<arg>JP</arg>
<arg>KE</arg>
<arg>KG</arg>
<arg>KH</arg>
<arg>KI</arg>
<arg>KM</arg>
<arg>KN</arg>
<arg>KP</arg>
<arg>KR</arg>
<arg>KW</arg>
<arg>KY</arg>
<arg>KZ</arg>
<arg>LA</arg>
<arg>LB</arg>
<arg>LC</arg>
<arg>LI</arg>
<arg>LK</arg>
<arg>LR</arg>
<arg>LS</arg>
<arg>LT</arg>
<arg>LU</arg>
<arg>LV</arg>
<arg>LY</arg>
<arg>MA</arg>
<arg>MC</arg>
<arg>MD</arg>
<arg>ME</arg>
<arg>MF</arg>
<arg>MG</arg>
<arg>MH</arg>
<arg>MK</arg>
<arg>ML</arg>
<arg>MM</arg>
<arg>MN</arg>
<arg>MO</arg>
<arg>MP</arg>
<arg>MQ</arg>
<arg>MR</arg>
<arg>MS</arg>
<arg>MT</arg>
<arg>MU</arg>
<arg>MV</arg>
<arg>MW</arg>
<arg>MX</arg>
<arg>MY</arg>
<arg>MZ</arg>
<arg>NA</arg>
<arg>NC</arg>
<arg>NE</arg>
<arg>NF</arg>
<arg>NG</arg>
<arg>NI</arg>
<arg>NL</arg>
<arg>NO</arg>
<arg>NP</arg>
<arg>NR</arg>
<arg>NU</arg>
<arg>NZ</arg>
<arg>OM</arg>
<arg>PA</arg>
<arg>PE</arg>
<arg>PF</arg>
<arg>PG</arg>
<arg>PH</arg>
<arg>PK</arg>
<arg>PL</arg>
<arg>PM</arg>
<arg>PN</arg>
<arg>PR</arg>
<arg>PS</arg>
<arg>PT</arg>
<arg>PW</arg>
<arg>PY</arg>
<arg>QA</arg>
<arg>RE</arg>
<arg>RO</arg>
<arg>RS</arg>
<arg>RU</arg>
<arg>RW</arg>
<arg>SA</arg>
<arg>SB</arg>
<arg>SC</arg>
<arg>SD</arg>
<arg>SE</arg>
<arg>SG</arg>
<arg>SH</arg>
<arg>SI</arg>
<arg>SJ</arg>
<arg>SK</arg>
<arg>SL</arg>
<arg>SM</arg>
<arg>SN</arg>
<arg>SO</arg>
<arg>SR</arg>
<arg>SS</arg>
<arg>ST</arg>
<arg>SV</arg>
<arg>SX</arg>
<arg>SY</arg>
<arg>SZ</arg>
<arg>TC</arg>
<arg>TD</arg>
<arg>TF</arg>
<arg>TG</arg>
<arg>TH</arg>
<arg>TJ</arg>
<arg>TK</arg>
<arg>TL</arg>
<arg>TM</arg>
<arg>TN</arg>
<arg>TO</arg>
<arg>TR</arg>
<arg>TT</arg>
<arg>TV</arg>
<arg>TW</arg>
<arg>TZ</arg>
<arg>UA</arg>
<arg>UG</arg>
<arg>UM</arg>
<arg>US</arg>
<arg>UY</arg>
<arg>UZ</arg>
<arg>VA</arg>
<arg>VC</arg>
<arg>VE</arg>
<arg>VG</arg>
<arg>VI</arg>
<arg>VN</arg>
<arg>VU</arg>
<arg>WF</arg>
<arg>WS</arg>
<arg>XK</arg>
<arg>YE</arg>
<arg>YT</arg>
<arg>ZA</arg>
<arg>ZM</arg>
<arg>ZW</arg>
<doc>Returns a list containing given items.</doc>
<status status="PASS" start="2024-07-26T01:07:25.448135" elapsed="0.000623"/>
</kw>
<kw name="List Should Contain Value" owner="Collections">
<arg>${list_country}</arg>
<arg>${name_country}</arg>
<doc>Fails if the ``value`` is not found from ``list``.</doc>
<status status="PASS" start="2024-07-26T01:07:25.449762" elapsed="0.000214"/>
</kw>
<kw name="Run Keyword If" owner="BuiltIn">
<kw name="Should Be True" owner="BuiltIn">
<arg>${True}</arg>
<doc>Fails if the given condition is not true.</doc>
<status status="PASS" start="2024-07-26T01:07:25.450934" elapsed="0.000146"/>
</kw>
<arg>${json_data["results"][0]["location"]["coordinates"]["latitude"]} &gt;= -90 and ${json_data["results"][0]["location"]["coordinates"]["latitude"]} &lt;= 90</arg>
<arg>Should Be True</arg>
<arg>${True}</arg>
<doc>Runs the given keyword with the given arguments, if ``condition`` is true.</doc>
<status status="PASS" start="2024-07-26T01:07:25.450180" elapsed="0.001025"/>
</kw>
<kw name="Run Keyword If" owner="BuiltIn">
<kw name="Should Be True" owner="BuiltIn">
<arg>${True}</arg>
<doc>Fails if the given condition is not true.</doc>
<status status="PASS" start="2024-07-26T01:07:25.452084" elapsed="0.000148"/>
</kw>
<arg>${json_data["results"][0]["location"]["coordinates"]["longitude"]} &gt;= -180 and ${json_data["results"][0]["location"]["coordinates"]["longitude"]} &lt;= 180</arg>
<arg>Should Be True</arg>
<arg>${True}</arg>
<doc>Runs the given keyword with the given arguments, if ``condition`` is true.</doc>
<status status="PASS" start="2024-07-26T01:07:25.451389" elapsed="0.000966"/>
</kw>
<status status="PASS" start="2024-07-26T01:07:25.367414" elapsed="0.085083"/>
</kw>
<doc>Testa o conteúdo específico dos campos retornados pela API.</doc>
<tag>testeConteudo</tag>
<status status="PASS" start="2024-07-26T01:07:25.366881" elapsed="0.085767"/>
</test>
<status status="PASS" start="2024-07-26T01:07:24.620255" elapsed="0.834434"/>
</suite>
<status status="PASS" start="2024-07-26T01:07:24.605721" elapsed="0.854107"/>
</suite>
<statistics>
<total>
<stat pass="5" fail="0" skip="0">All Tests</stat>
</total>
<tag>
<stat pass="1" fail="0" skip="0">testeConteudo</stat>
<stat pass="1" fail="0" skip="0">testeEstruturaResposta</stat>
<stat pass="1" fail="0" skip="0">testeRequisicaoBasica</stat>
<stat pass="1" fail="0" skip="0">testeTiposDados</stat>
</tag>
<suite>
<stat pass="5" fail="0" skip="0" id="s1" name="Tests">Tests</stat>
<stat pass="5" fail="0" skip="0" id="s1-s1" name="Random-User-Test">Tests.Random-User-Test</stat>
</suite>
</statistics>
<errors>
</errors>
</robot>
