<?xml version="1.0" encoding="UTF-8"?>
<robot generator="Robot 7.0 (Python 3.12.3 on linux)" generated="2024-05-07T21:12:45.602101" rpa="false" schemaversion="5">
<suite id="s1" name="Tests" source="/home/runner/work/DesafioQAItauRogerioJordao/DesafioQAItauRogerioJordao/RamdonUser/tests">
<suite id="s1-s1" name="Random-User-Test" source="/home/runner/work/DesafioQAItauRogerioJordao/DesafioQAItauRogerioJordao/RamdonUser/tests/random-user-test.robot">
<test id="s1-s1-t1" name="Conectar" line="13">
<kw name="Conectar API" owner="random-user-service">
<kw name="Create Session" owner="RequestsLibrary">
<msg time="2024-05-07T21:12:46.008853" level="INFO">Creating Session using : alias=consultarAPI, url=https://randomuser.me/, headers={},                     cookies={}, auth=None, timeout=None, proxies=None, verify=False,                     debug=0 </msg>
<arg>consultarAPI</arg>
<arg>${URL}</arg>
<doc>Create Session: create a HTTP session to a server</doc>
<status status="PASS" start="2024-05-07T21:12:46.008618" elapsed="0.000459"/>
</kw>
<status status="PASS" start="2024-05-07T21:12:46.007531" elapsed="0.002058"/>
</kw>
<status status="PASS" start="2024-05-07T21:12:46.006905" elapsed="0.002900"/>
</test>
<test id="s1-s1-t2" name="Validar retorno 200 e JSON Válido" line="16">
<kw name="Teste de Requisicao Basica" owner="random-user-service">
<kw name="GET On Session" owner="RequestsLibrary">
<msg time="2024-05-07T21:12:46.165773" level="INFO">GET Request : url=https://randomuser.me/api 
 path_url=/api 
 headers={'User-Agent': 'python-requests/2.31.0', 'Accept-Encoding': 'gzip, deflate', 'Accept': '*/*', 'Connection': 'keep-alive'} 
 body=None 
 </msg>
<msg time="2024-05-07T21:12:46.165936" level="INFO">GET Response : url=https://randomuser.me/api 
 status=200, reason=OK 
 headers={'Date': 'Tue, 07 May 2024 21:12:46 GMT', 'Content-Type': 'application/json; charset=utf-8', 'Transfer-Encoding': 'chunked', 'Connection': 'keep-alive', 'X-Powered-By': 'Express', 'Access-Control-Allow-Origin': '*', 'Cache-Control': 'no-cache', 'ETag': 'W/"46a-8Xv8N4MSHTnNd9RviIMW4wNb6uE"', 'Vary': 'Accept-Encoding', 'Content-Encoding': 'gzip', 'CF-Cache-Status': 'DYNAMIC', 'Report-To': '{"endpoints":[{"url":"https:\\/\\/a.nel.cloudflare.com\\/report\\/v4?s=RCJsrCC%2BCL455hB%2Bovx9cHgEiTItA9Ff1CMXOMcMy4r3qHgvmqIqyEZn975tkGYbTgN6ep4wRoGkGbLVIwvztHl7lChQmlWTJh0IbCNMTGszx7IIhkV54SynkqL9X%2Bgk"}],"group":"cf-nel","max_age":604800}', 'NEL': '{"success_fraction":0,"report_to":"cf-nel","max_age":604800}', 'Server': 'cloudflare', 'CF-RAY': '880435c81e822a21-ORD', 'alt-svc': 'h3=":443"; ma=86400'} 
 body={"results":[{"gender":"male","name":{"title":"Mr","first":"Marcus","last":"Poulsen"},"location":{"street":{"number":1497,"name":"Neptunvej"},"city":"Gjerlev","state":"Nordjylland","country":"Denmark","postcode":74472,"coordinates":{"latitude":"-45.7484","longitude":"-37.7776"},"timezone":{"offset":"+4:30","description":"Kabul"}},"email":"marcus.poulsen@example.com","login":{"uuid":"9da283ab-755a-47d8-a4eb-4141169218fc","username":"tinypeacock343","password":"dilligaf","salt":"BvxNB2I5","md5":"92c5aea92378c53eaeee8da361f4a980","sha1":"f95805ac7f3a64060cba158fa3074132b0379d56","sha256":"40f766c465d992f87b45f5a4e40f5f68c1019e635b2e364d5b3caa9650beeffe"},"dob":{"date":"1948-09-29T10:29:14.885Z","age":75},"registered":{"date":"2007-08-04T02:46:53.029Z","age":16},"phone":"13510597","cell":"38448608","id":{"name":"CPR","value":"290948-7239"},"picture":{"large":"https://randomuser.me/api/portraits/men/11.jpg","medium":"https://randomuser.me/api/portraits/med/men/11.jpg","thumbnail":"https://randomuser.me/api/portraits/thumb/men/11.jpg"},"nat":"DK"}],"info":{"seed":"1b4f5c6220b9c91e","results":1,"page":1,"version":"1.4"}} 
 </msg>
<msg time="2024-05-07T21:12:46.166022" level="INFO">/opt/hostedtoolcache/Python/3.12.3/x64/lib/python3.12/site-packages/urllib3/connectionpool.py:1103: InsecureRequestWarning: Unverified HTTPS request is being made to host 'randomuser.me'. Adding certificate verification is strongly advised. See: https://urllib3.readthedocs.io/en/latest/advanced-usage.html#tls-warnings
  warnings.warn(</msg>
<msg time="2024-05-07T21:12:46.166184" level="INFO">${response} = &lt;Response [200]&gt;</msg>
<var>${response}</var>
<arg>consultarAPI</arg>
<arg>/api</arg>
<doc>Sends a GET request on a previously created HTTP Session.</doc>
<status status="PASS" start="2024-05-07T21:12:46.012676" elapsed="0.153550"/>
</kw>
<kw name="Should Be Equal As Numbers" owner="BuiltIn">
<msg time="2024-05-07T21:12:46.167330" level="INFO">Argument types are:
&lt;class 'int'&gt;
&lt;class 'str'&gt;</msg>
<arg>${response.status_code}</arg>
<arg>200</arg>
<doc>Fails if objects are unequal after converting them to real numbers.</doc>
<status status="PASS" start="2024-05-07T21:12:46.166826" elapsed="0.000578"/>
</kw>
<kw name="Log" owner="BuiltIn">
<msg time="2024-05-07T21:12:46.168201" level="INFO">200</msg>
<arg>${response.status_code}</arg>
<doc>Logs the given message with the given level.</doc>
<status status="PASS" start="2024-05-07T21:12:46.167815" elapsed="0.000430"/>
</kw>
<kw name="Set Variable" owner="BuiltIn">
<msg time="2024-05-07T21:12:46.169017" level="INFO">${json_data} = {'results': [{'gender': 'male', 'name': {'title': 'Mr', 'first': 'Marcus', 'last': 'Poulsen'}, 'location': {'street': {'number': 1497, 'name': 'Neptunvej'}, 'city': 'Gjerlev', 'state': 'Nordjylland', ...</msg>
<var>${json_data}</var>
<arg>${response.json()}</arg>
<doc>Returns the given values which can then be assigned to a variables.</doc>
<status status="PASS" start="2024-05-07T21:12:46.168564" elapsed="0.000482"/>
</kw>
<kw name="Dictionary Should Contain Key" owner="Collections">
<msg time="2024-05-07T21:12:46.169602" level="INFO">False</msg>
<arg>${json_data}</arg>
<arg>results</arg>
<doc>Fails if ``key`` is not found from ``dictionary``.</doc>
<status status="PASS" start="2024-05-07T21:12:46.169415" elapsed="0.000228"/>
</kw>
<status status="PASS" start="2024-05-07T21:12:46.012382" elapsed="0.157534"/>
</kw>
<doc>Testa se a API responde corretamente e retorna um objeto JSON válido.</doc>
<tag>testeRequisicaoBasica</tag>
<status status="PASS" start="2024-05-07T21:12:46.011813" elapsed="0.158309"/>
</test>
<test id="s1-s1-t3" name="Validar estrutura de resposta" line="22">
<kw name="Teste de Estrutura de Resposta" owner="random-user-service">
<kw name="GET On Session" owner="RequestsLibrary">
<msg time="2024-05-07T21:12:46.273741" level="INFO">GET Request : url=https://randomuser.me/api 
 path_url=/api 
 headers={'User-Agent': 'python-requests/2.31.0', 'Accept-Encoding': 'gzip, deflate', 'Accept': '*/*', 'Connection': 'keep-alive'} 
 body=None 
 </msg>
<msg time="2024-05-07T21:12:46.273843" level="INFO">GET Response : url=https://randomuser.me/api 
 status=200, reason=OK 
 headers={'Date': 'Tue, 07 May 2024 21:12:46 GMT', 'Content-Type': 'application/json; charset=utf-8', 'Transfer-Encoding': 'chunked', 'Connection': 'keep-alive', 'X-Powered-By': 'Express', 'Access-Control-Allow-Origin': '*', 'Cache-Control': 'no-cache', 'ETag': 'W/"484-/28NJ1Wd/jaYP+YLq9BNyOjj3XI"', 'Vary': 'Accept-Encoding', 'Content-Encoding': 'gzip', 'CF-Cache-Status': 'DYNAMIC', 'Report-To': '{"endpoints":[{"url":"https:\\/\\/a.nel.cloudflare.com\\/report\\/v4?s=PJHch6A%2FAPqdcBP3DItvZiltmoG6RobyZI5oIYe1BdnEg6gViLwcgSZtFtrO7McgNKNr77J%2F8D1sdf2RWUE31I8lLss7YO6%2FaV0HpQPLCRL2lf2pgxuWeg%2FjoM6lP0vi"}],"group":"cf-nel","max_age":604800}', 'NEL': '{"success_fraction":0,"report_to":"cf-nel","max_age":604800}', 'Server': 'cloudflare', 'CF-RAY': '880435c89f3b2a21-ORD', 'alt-svc': 'h3=":443"; ma=86400'} 
 body={"results":[{"gender":"male","name":{"title":"Mr","first":"Carl","last":"Willis"},"location":{"street":{"number":7293,"name":"Wheeler Ridge Dr"},"city":"Lakewood","state":"Oklahoma","country":"United States","postcode":66294,"coordinates":{"latitude":"81.6380","longitude":"-104.3678"},"timezone":{"offset":"-11:00","description":"Midway Island, Samoa"}},"email":"carl.willis@example.com","login":{"uuid":"2f0bf7ba-5e76-46ae-82bc-4830b75da743","username":"sadpeacock368","password":"betty","salt":"x3EAzO4V","md5":"12133c2261a6481663bd769272824072","sha1":"f5960a0c7ccdad350f2b9771f847fb244b20fa3e","sha256":"2264dbcf8aa0c755240c71022c6ad95068e2b75cae55467f9f0b60db5a15b782"},"dob":{"date":"1973-10-11T23:28:37.981Z","age":50},"registered":{"date":"2006-06-22T07:57:59.136Z","age":17},"phone":"(743) 864-2298","cell":"(469) 851-5572","id":{"name":"SSN","value":"531-66-2450"},"picture":{"large":"https://randomuser.me/api/portraits/men/3.jpg","medium":"https://randomuser.me/api/portraits/med/men/3.jpg","thumbnail":"https://randomuser.me/api/portraits/thumb/men/3.jpg"},"nat":"US"}],"info":{"seed":"045bc1a105505f66","results":1,"page":1,"version":"1.4"}} 
 </msg>
<msg time="2024-05-07T21:12:46.273973" level="INFO">/opt/hostedtoolcache/Python/3.12.3/x64/lib/python3.12/site-packages/urllib3/connectionpool.py:1103: InsecureRequestWarning: Unverified HTTPS request is being made to host 'randomuser.me'. Adding certificate verification is strongly advised. See: https://urllib3.readthedocs.io/en/latest/advanced-usage.html#tls-warnings
  warnings.warn(</msg>
<msg time="2024-05-07T21:12:46.274109" level="INFO">${response} = &lt;Response [200]&gt;</msg>
<var>${response}</var>
<arg>consultarAPI</arg>
<arg>/api</arg>
<doc>Sends a GET request on a previously created HTTP Session.</doc>
<status status="PASS" start="2024-05-07T21:12:46.172832" elapsed="0.101316"/>
</kw>
<kw name="Set Variable" owner="BuiltIn">
<msg time="2024-05-07T21:12:46.275173" level="INFO">${json_data} = {'results': [{'gender': 'male', 'name': {'title': 'Mr', 'first': 'Carl', 'last': 'Willis'}, 'location': {'street': {'number': 7293, 'name': 'Wheeler Ridge Dr'}, 'city': 'Lakewood', 'state': 'Oklahoma'...</msg>
<var>${json_data}</var>
<arg>${response.json()}</arg>
<doc>Returns the given values which can then be assigned to a variables.</doc>
<status status="PASS" start="2024-05-07T21:12:46.274646" elapsed="0.000556"/>
</kw>
<kw name="Log" owner="BuiltIn">
<msg time="2024-05-07T21:12:46.275673" level="INFO">{'results': [{'gender': 'male', 'name': {'title': 'Mr', 'first': 'Carl', 'last': 'Willis'}, 'location': {'street': {'number': 7293, 'name': 'Wheeler Ridge Dr'}, 'city': 'Lakewood', 'state': 'Oklahoma', 'country': 'United States', 'postcode': 66294, 'coordinates': {'latitude': '81.6380', 'longitude': '-104.3678'}, 'timezone': {'offset': '-11:00', 'description': 'Midway Island, Samoa'}}, 'email': 'carl.willis@example.com', 'login': {'uuid': '2f0bf7ba-5e76-46ae-82bc-4830b75da743', 'username': 'sadpeacock368', 'password': 'betty', 'salt': 'x3EAzO4V', 'md5': '12133c2261a6481663bd769272824072', 'sha1': 'f5960a0c7ccdad350f2b9771f847fb244b20fa3e', 'sha256': '2264dbcf8aa0c755240c71022c6ad95068e2b75cae55467f9f0b60db5a15b782'}, 'dob': {'date': '1973-10-11T23:28:37.981Z', 'age': 50}, 'registered': {'date': '2006-06-22T07:57:59.136Z', 'age': 17}, 'phone': '(743) 864-2298', 'cell': '(469) 851-5572', 'id': {'name': 'SSN', 'value': '531-66-2450'}, 'picture': {'large': 'https://randomuser.me/api/portraits/men/3.jpg', 'medium': 'https://randomuser.me/api/portraits/med/men/3.jpg', 'thumbnail': 'https://randomuser.me/api/portraits/thumb/men/3.jpg'}, 'nat': 'US'}], 'info': {'seed': '045bc1a105505f66', 'results': 1, 'page': 1, 'version': '1.4'}}</msg>
<arg>${json_data}</arg>
<doc>Logs the given message with the given level.</doc>
<status status="PASS" start="2024-05-07T21:12:46.275511" elapsed="0.000211"/>
</kw>
<kw name="Dictionary Should Contain Key" owner="Collections">
<msg time="2024-05-07T21:12:46.276185" level="INFO">False</msg>
<arg>${json_data}</arg>
<arg>results</arg>
<doc>Fails if ``key`` is not found from ``dictionary``.</doc>
<status status="PASS" start="2024-05-07T21:12:46.276020" elapsed="0.000203"/>
</kw>
<kw name="Should Not Be Empty" owner="BuiltIn">
<msg time="2024-05-07T21:12:46.276652" level="INFO">Length is 2.</msg>
<arg>${json_data}</arg>
<doc>Verifies that the given item is not empty.</doc>
<status status="PASS" start="2024-05-07T21:12:46.276515" elapsed="0.000338"/>
</kw>
<kw name="Create List" owner="BuiltIn">
<msg time="2024-05-07T21:12:46.277348" level="INFO">${expected_keys} = ['gender', 'name', 'location', 'email', 'login']</msg>
<var>${expected_keys}</var>
<arg>gender</arg>
<arg>name</arg>
<arg>location</arg>
<arg>email</arg>
<arg>login</arg>
<doc>Returns a list containing given items.</doc>
<status status="PASS" start="2024-05-07T21:12:46.277153" elapsed="0.000221"/>
</kw>
<for flavor="IN">
<iter>
<kw name="Dictionary Should Contain Key" owner="Collections">
<msg time="2024-05-07T21:12:46.278604" level="INFO">False</msg>
<arg>${json_data['results'][0]}</arg>
<arg>${key}</arg>
<doc>Fails if ``key`` is not found from ``dictionary``.</doc>
<status status="PASS" start="2024-05-07T21:12:46.278103" elapsed="0.000543"/>
</kw>
<kw name="Log" owner="BuiltIn">
<msg time="2024-05-07T21:12:46.279369" level="INFO">{'gender': 'male', 'name': {'title': 'Mr', 'first': 'Carl', 'last': 'Willis'}, 'location': {'street': {'number': 7293, 'name': 'Wheeler Ridge Dr'}, 'city': 'Lakewood', 'state': 'Oklahoma', 'country': 'United States', 'postcode': 66294, 'coordinates': {'latitude': '81.6380', 'longitude': '-104.3678'}, 'timezone': {'offset': '-11:00', 'description': 'Midway Island, Samoa'}}, 'email': 'carl.willis@example.com', 'login': {'uuid': '2f0bf7ba-5e76-46ae-82bc-4830b75da743', 'username': 'sadpeacock368', 'password': 'betty', 'salt': 'x3EAzO4V', 'md5': '12133c2261a6481663bd769272824072', 'sha1': 'f5960a0c7ccdad350f2b9771f847fb244b20fa3e', 'sha256': '2264dbcf8aa0c755240c71022c6ad95068e2b75cae55467f9f0b60db5a15b782'}, 'dob': {'date': '1973-10-11T23:28:37.981Z', 'age': 50}, 'registered': {'date': '2006-06-22T07:57:59.136Z', 'age': 17}, 'phone': '(743) 864-2298', 'cell': '(469) 851-5572', 'id': {'name': 'SSN', 'value': '531-66-2450'}, 'picture': {'large': 'https://randomuser.me/api/portraits/men/3.jpg', 'medium': 'https://randomuser.me/api/portraits/med/men/3.jpg', 'thumbnail': 'https://randomuser.me/api/portraits/thumb/men/3.jpg'}, 'nat': 'US'}</msg>
<arg>${json_data['results'][0]}</arg>
<doc>Logs the given message with the given level.</doc>
<status status="PASS" start="2024-05-07T21:12:46.278968" elapsed="0.000454"/>
</kw>
<kw name="Log" owner="BuiltIn">
<msg time="2024-05-07T21:12:46.279868" level="INFO">gender</msg>
<arg>${key}</arg>
<doc>Logs the given message with the given level.</doc>
<status status="PASS" start="2024-05-07T21:12:46.279733" elapsed="0.000175"/>
</kw>
<var name="${key}">gender</var>
<status status="PASS" start="2024-05-07T21:12:46.277936" elapsed="0.002196"/>
</iter>
<iter>
<kw name="Dictionary Should Contain Key" owner="Collections">
<msg time="2024-05-07T21:12:46.280846" level="INFO">False</msg>
<arg>${json_data['results'][0]}</arg>
<arg>${key}</arg>
<doc>Fails if ``key`` is not found from ``dictionary``.</doc>
<status status="PASS" start="2024-05-07T21:12:46.280451" elapsed="0.000433"/>
</kw>
<kw name="Log" owner="BuiltIn">
<msg time="2024-05-07T21:12:46.281606" level="INFO">{'gender': 'male', 'name': {'title': 'Mr', 'first': 'Carl', 'last': 'Willis'}, 'location': {'street': {'number': 7293, 'name': 'Wheeler Ridge Dr'}, 'city': 'Lakewood', 'state': 'Oklahoma', 'country': 'United States', 'postcode': 66294, 'coordinates': {'latitude': '81.6380', 'longitude': '-104.3678'}, 'timezone': {'offset': '-11:00', 'description': 'Midway Island, Samoa'}}, 'email': 'carl.willis@example.com', 'login': {'uuid': '2f0bf7ba-5e76-46ae-82bc-4830b75da743', 'username': 'sadpeacock368', 'password': 'betty', 'salt': 'x3EAzO4V', 'md5': '12133c2261a6481663bd769272824072', 'sha1': 'f5960a0c7ccdad350f2b9771f847fb244b20fa3e', 'sha256': '2264dbcf8aa0c755240c71022c6ad95068e2b75cae55467f9f0b60db5a15b782'}, 'dob': {'date': '1973-10-11T23:28:37.981Z', 'age': 50}, 'registered': {'date': '2006-06-22T07:57:59.136Z', 'age': 17}, 'phone': '(743) 864-2298', 'cell': '(469) 851-5572', 'id': {'name': 'SSN', 'value': '531-66-2450'}, 'picture': {'large': 'https://randomuser.me/api/portraits/men/3.jpg', 'medium': 'https://randomuser.me/api/portraits/med/men/3.jpg', 'thumbnail': 'https://randomuser.me/api/portraits/thumb/men/3.jpg'}, 'nat': 'US'}</msg>
<arg>${json_data['results'][0]}</arg>
<doc>Logs the given message with the given level.</doc>
<status status="PASS" start="2024-05-07T21:12:46.281234" elapsed="0.000421"/>
</kw>
<kw name="Log" owner="BuiltIn">
<msg time="2024-05-07T21:12:46.282094" level="INFO">name</msg>
<arg>${key}</arg>
<doc>Logs the given message with the given level.</doc>
<status status="PASS" start="2024-05-07T21:12:46.281960" elapsed="0.000174"/>
</kw>
<var name="${key}">name</var>
<status status="PASS" start="2024-05-07T21:12:46.280330" elapsed="0.002023"/>
</iter>
<iter>
<kw name="Dictionary Should Contain Key" owner="Collections">
<msg time="2024-05-07T21:12:46.283040" level="INFO">False</msg>
<arg>${json_data['results'][0]}</arg>
<arg>${key}</arg>
<doc>Fails if ``key`` is not found from ``dictionary``.</doc>
<status status="PASS" start="2024-05-07T21:12:46.282650" elapsed="0.000428"/>
</kw>
<kw name="Log" owner="BuiltIn">
<msg time="2024-05-07T21:12:46.283745" level="INFO">{'gender': 'male', 'name': {'title': 'Mr', 'first': 'Carl', 'last': 'Willis'}, 'location': {'street': {'number': 7293, 'name': 'Wheeler Ridge Dr'}, 'city': 'Lakewood', 'state': 'Oklahoma', 'country': 'United States', 'postcode': 66294, 'coordinates': {'latitude': '81.6380', 'longitude': '-104.3678'}, 'timezone': {'offset': '-11:00', 'description': 'Midway Island, Samoa'}}, 'email': 'carl.willis@example.com', 'login': {'uuid': '2f0bf7ba-5e76-46ae-82bc-4830b75da743', 'username': 'sadpeacock368', 'password': 'betty', 'salt': 'x3EAzO4V', 'md5': '12133c2261a6481663bd769272824072', 'sha1': 'f5960a0c7ccdad350f2b9771f847fb244b20fa3e', 'sha256': '2264dbcf8aa0c755240c71022c6ad95068e2b75cae55467f9f0b60db5a15b782'}, 'dob': {'date': '1973-10-11T23:28:37.981Z', 'age': 50}, 'registered': {'date': '2006-06-22T07:57:59.136Z', 'age': 17}, 'phone': '(743) 864-2298', 'cell': '(469) 851-5572', 'id': {'name': 'SSN', 'value': '531-66-2450'}, 'picture': {'large': 'https://randomuser.me/api/portraits/men/3.jpg', 'medium': 'https://randomuser.me/api/portraits/med/men/3.jpg', 'thumbnail': 'https://randomuser.me/api/portraits/thumb/men/3.jpg'}, 'nat': 'US'}</msg>
<arg>${json_data['results'][0]}</arg>
<doc>Logs the given message with the given level.</doc>
<status status="PASS" start="2024-05-07T21:12:46.283379" elapsed="0.000416"/>
</kw>
<kw name="Log" owner="BuiltIn">
<msg time="2024-05-07T21:12:46.284221" level="INFO">location</msg>
<arg>${key}</arg>
<doc>Logs the given message with the given level.</doc>
<status status="PASS" start="2024-05-07T21:12:46.284094" elapsed="0.000166"/>
</kw>
<var name="${key}">location</var>
<status status="PASS" start="2024-05-07T21:12:46.282537" elapsed="0.001936"/>
</iter>
<iter>
<kw name="Dictionary Should Contain Key" owner="Collections">
<msg time="2024-05-07T21:12:46.285148" level="INFO">False</msg>
<arg>${json_data['results'][0]}</arg>
<arg>${key}</arg>
<doc>Fails if ``key`` is not found from ``dictionary``.</doc>
<status status="PASS" start="2024-05-07T21:12:46.284759" elapsed="0.000427"/>
</kw>
<kw name="Log" owner="BuiltIn">
<msg time="2024-05-07T21:12:46.285906" level="INFO">{'gender': 'male', 'name': {'title': 'Mr', 'first': 'Carl', 'last': 'Willis'}, 'location': {'street': {'number': 7293, 'name': 'Wheeler Ridge Dr'}, 'city': 'Lakewood', 'state': 'Oklahoma', 'country': 'United States', 'postcode': 66294, 'coordinates': {'latitude': '81.6380', 'longitude': '-104.3678'}, 'timezone': {'offset': '-11:00', 'description': 'Midway Island, Samoa'}}, 'email': 'carl.willis@example.com', 'login': {'uuid': '2f0bf7ba-5e76-46ae-82bc-4830b75da743', 'username': 'sadpeacock368', 'password': 'betty', 'salt': 'x3EAzO4V', 'md5': '12133c2261a6481663bd769272824072', 'sha1': 'f5960a0c7ccdad350f2b9771f847fb244b20fa3e', 'sha256': '2264dbcf8aa0c755240c71022c6ad95068e2b75cae55467f9f0b60db5a15b782'}, 'dob': {'date': '1973-10-11T23:28:37.981Z', 'age': 50}, 'registered': {'date': '2006-06-22T07:57:59.136Z', 'age': 17}, 'phone': '(743) 864-2298', 'cell': '(469) 851-5572', 'id': {'name': 'SSN', 'value': '531-66-2450'}, 'picture': {'large': 'https://randomuser.me/api/portraits/men/3.jpg', 'medium': 'https://randomuser.me/api/portraits/med/men/3.jpg', 'thumbnail': 'https://randomuser.me/api/portraits/thumb/men/3.jpg'}, 'nat': 'US'}</msg>
<arg>${json_data['results'][0]}</arg>
<doc>Logs the given message with the given level.</doc>
<status status="PASS" start="2024-05-07T21:12:46.285542" elapsed="0.000414"/>
</kw>
<kw name="Log" owner="BuiltIn">
<msg time="2024-05-07T21:12:46.286379" level="INFO">email</msg>
<arg>${key}</arg>
<doc>Logs the given message with the given level.</doc>
<status status="PASS" start="2024-05-07T21:12:46.286252" elapsed="0.000165"/>
</kw>
<var name="${key}">email</var>
<status status="PASS" start="2024-05-07T21:12:46.284648" elapsed="0.001986"/>
</iter>
<iter>
<kw name="Dictionary Should Contain Key" owner="Collections">
<msg time="2024-05-07T21:12:46.287312" level="INFO">False</msg>
<arg>${json_data['results'][0]}</arg>
<arg>${key}</arg>
<doc>Fails if ``key`` is not found from ``dictionary``.</doc>
<status status="PASS" start="2024-05-07T21:12:46.286920" elapsed="0.000429"/>
</kw>
<kw name="Log" owner="BuiltIn">
<msg time="2024-05-07T21:12:46.288021" level="INFO">{'gender': 'male', 'name': {'title': 'Mr', 'first': 'Carl', 'last': 'Willis'}, 'location': {'street': {'number': 7293, 'name': 'Wheeler Ridge Dr'}, 'city': 'Lakewood', 'state': 'Oklahoma', 'country': 'United States', 'postcode': 66294, 'coordinates': {'latitude': '81.6380', 'longitude': '-104.3678'}, 'timezone': {'offset': '-11:00', 'description': 'Midway Island, Samoa'}}, 'email': 'carl.willis@example.com', 'login': {'uuid': '2f0bf7ba-5e76-46ae-82bc-4830b75da743', 'username': 'sadpeacock368', 'password': 'betty', 'salt': 'x3EAzO4V', 'md5': '12133c2261a6481663bd769272824072', 'sha1': 'f5960a0c7ccdad350f2b9771f847fb244b20fa3e', 'sha256': '2264dbcf8aa0c755240c71022c6ad95068e2b75cae55467f9f0b60db5a15b782'}, 'dob': {'date': '1973-10-11T23:28:37.981Z', 'age': 50}, 'registered': {'date': '2006-06-22T07:57:59.136Z', 'age': 17}, 'phone': '(743) 864-2298', 'cell': '(469) 851-5572', 'id': {'name': 'SSN', 'value': '531-66-2450'}, 'picture': {'large': 'https://randomuser.me/api/portraits/men/3.jpg', 'medium': 'https://randomuser.me/api/portraits/med/men/3.jpg', 'thumbnail': 'https://randomuser.me/api/portraits/thumb/men/3.jpg'}, 'nat': 'US'}</msg>
<arg>${json_data['results'][0]}</arg>
<doc>Logs the given message with the given level.</doc>
<status status="PASS" start="2024-05-07T21:12:46.287653" elapsed="0.000416"/>
</kw>
<kw name="Log" owner="BuiltIn">
<msg time="2024-05-07T21:12:46.288489" level="INFO">login</msg>
<arg>${key}</arg>
<doc>Logs the given message with the given level.</doc>
<status status="PASS" start="2024-05-07T21:12:46.288363" elapsed="0.000164"/>
</kw>
<var name="${key}">login</var>
<status status="PASS" start="2024-05-07T21:12:46.286809" elapsed="0.001939"/>
</iter>
<var>${key}</var>
<value>@{expected_keys}</value>
<status status="PASS" start="2024-05-07T21:12:46.277667" elapsed="0.011229"/>
</for>
<kw name="Create List" owner="BuiltIn">
<msg time="2024-05-07T21:12:46.289266" level="INFO">${expected_keysTwo} = ['username', 'password']</msg>
<var>${expected_keysTwo}</var>
<arg>username</arg>
<arg>password</arg>
<doc>Returns a list containing given items.</doc>
<status status="PASS" start="2024-05-07T21:12:46.289101" elapsed="0.000190"/>
</kw>
<for flavor="IN">
<iter>
<kw name="Dictionary Should Contain Key" owner="Collections">
<msg time="2024-05-07T21:12:46.290195" level="INFO">False</msg>
<arg>${json_data['results'][0]['login']}</arg>
<arg>${keyTwo}</arg>
<doc>Fails if ``key`` is not found from ``dictionary``.</doc>
<status status="PASS" start="2024-05-07T21:12:46.289802" elapsed="0.000429"/>
</kw>
<kw name="Dictionary Should Contain Key" owner="Collections">
<msg time="2024-05-07T21:12:46.290911" level="INFO">False</msg>
<arg>${json_data['results'][0]['login']}</arg>
<arg>${keyTwo}</arg>
<doc>Fails if ``key`` is not found from ``dictionary``.</doc>
<status status="PASS" start="2024-05-07T21:12:46.290525" elapsed="0.000423"/>
</kw>
<kw name="Log" owner="BuiltIn">
<msg time="2024-05-07T21:12:46.291363" level="INFO">username</msg>
<arg>${keyTwo}</arg>
<doc>Logs the given message with the given level.</doc>
<status status="PASS" start="2024-05-07T21:12:46.291239" elapsed="0.000166"/>
</kw>
<var name="${keyTwo}">username</var>
<status status="PASS" start="2024-05-07T21:12:46.289691" elapsed="0.001930"/>
</iter>
<iter>
<kw name="Dictionary Should Contain Key" owner="Collections">
<msg time="2024-05-07T21:12:46.292374" level="INFO">False</msg>
<arg>${json_data['results'][0]['login']}</arg>
<arg>${keyTwo}</arg>
<doc>Fails if ``key`` is not found from ``dictionary``.</doc>
<status status="PASS" start="2024-05-07T21:12:46.291903" elapsed="0.000511"/>
</kw>
<kw name="Dictionary Should Contain Key" owner="Collections">
<msg time="2024-05-07T21:12:46.293099" level="INFO">False</msg>
<arg>${json_data['results'][0]['login']}</arg>
<arg>${keyTwo}</arg>
<doc>Fails if ``key`` is not found from ``dictionary``.</doc>
<status status="PASS" start="2024-05-07T21:12:46.292717" elapsed="0.000419"/>
</kw>
<kw name="Log" owner="BuiltIn">
<msg time="2024-05-07T21:12:46.293602" level="INFO">password</msg>
<arg>${keyTwo}</arg>
<doc>Logs the given message with the given level.</doc>
<status status="PASS" start="2024-05-07T21:12:46.293473" elapsed="0.000166"/>
</kw>
<var name="${keyTwo}">password</var>
<status status="PASS" start="2024-05-07T21:12:46.291794" elapsed="0.002057"/>
</iter>
<var>${keyTwo}</var>
<value>@{expected_keysTwo}</value>
<status status="PASS" start="2024-05-07T21:12:46.289534" elapsed="0.004438"/>
</for>
<status status="PASS" start="2024-05-07T21:12:46.172576" elapsed="0.121538"/>
</kw>
<doc>Testa a estrutura da resposta da API.</doc>
<tag>testeEstruturaResposta</tag>
<status status="PASS" start="2024-05-07T21:12:46.172031" elapsed="0.122245"/>
</test>
<test id="s1-s1-t4" name="Validar tipos de dados" line="28">
<kw name="Teste de Tipos de Dados" owner="random-user-service">
<kw name="GET On Session" owner="RequestsLibrary">
<msg time="2024-05-07T21:12:46.361141" level="INFO">GET Request : url=https://randomuser.me/api 
 path_url=/api 
 headers={'User-Agent': 'python-requests/2.31.0', 'Accept-Encoding': 'gzip, deflate', 'Accept': '*/*', 'Connection': 'keep-alive'} 
 body=None 
 </msg>
<msg time="2024-05-07T21:12:46.361280" level="INFO">GET Response : url=https://randomuser.me/api 
 status=200, reason=OK 
 headers={'Date': 'Tue, 07 May 2024 21:12:46 GMT', 'Content-Type': 'application/json; charset=utf-8', 'Transfer-Encoding': 'chunked', 'Connection': 'keep-alive', 'X-Powered-By': 'Express', 'Access-Control-Allow-Origin': '*', 'Cache-Control': 'no-cache', 'ETag': 'W/"485-9008WXZHjxPbEmnhhy2rJImWvds"', 'Vary': 'Accept-Encoding', 'Content-Encoding': 'gzip', 'CF-Cache-Status': 'DYNAMIC', 'Report-To': '{"endpoints":[{"url":"https:\\/\\/a.nel.cloudflare.com\\/report\\/v4?s=mTi7zzdE3oKNELWuFB%2BUYLtGQLtziYE%2FTUE8vrS0rlyup4yy5VoiKOY85LAunp9fXn6OPGvAJs3RPU0RotPS1SHeXIqfPlLPjbq3gD2T%2BT%2FvDfFXVmGW7hr%2FqwdFcYt8"}],"group":"cf-nel","max_age":604800}', 'NEL': '{"success_fraction":0,"report_to":"cf-nel","max_age":604800}', 'Server': 'cloudflare', 'CF-RAY': '880435c968742a21-ORD', 'alt-svc': 'h3=":443"; ma=86400'} 
 body={"results":[{"gender":"male","name":{"title":"Mr","first":"Gastão","last":"Nascimento"},"location":{"street":{"number":374,"name":"Rua São Paulo "},"city":"Cametá","state":"Bahia","country":"Brazil","postcode":90352,"coordinates":{"latitude":"-77.5615","longitude":"-119.7358"},"timezone":{"offset":"+9:30","description":"Adelaide, Darwin"}},"email":"gastao.nascimento@example.com","login":{"uuid":"6ae0c22e-9a00-4329-9d32-998d624f8c25","username":"browncat615","password":"stuart","salt":"JPbbpjKh","md5":"69fbc195932c90cb0b7b1ab5658f1502","sha1":"2808e361e1ef928d247e3e009be9744fa1c51140","sha256":"06321a20d302f47f33c3719a42f7efdfefb1fcfaff459dfcf65f93c212a49344"},"dob":{"date":"1980-01-17T19:17:39.452Z","age":44},"registered":{"date":"2012-07-06T10:44:30.784Z","age":11},"phone":"(31) 3958-1396","cell":"(36) 7762-9069","id":{"name":"CPF","value":"450.114.387-66"},"picture":{"large":"https://randomuser.me/api/portraits/men/84.jpg","medium":"https://randomuser.me/api/portraits/med/men/84.jpg","thumbnail":"https://randomuser.me/api/portraits/thumb/men/84.jpg"},"nat":"BR"}],"info":{"seed":"339d6c36ae631936","results":1,"page":1,"version":"1.4"}} 
 </msg>
<msg time="2024-05-07T21:12:46.361355" level="INFO">/opt/hostedtoolcache/Python/3.12.3/x64/lib/python3.12/site-packages/urllib3/connectionpool.py:1103: InsecureRequestWarning: Unverified HTTPS request is being made to host 'randomuser.me'. Adding certificate verification is strongly advised. See: https://urllib3.readthedocs.io/en/latest/advanced-usage.html#tls-warnings
  warnings.warn(</msg>
<msg time="2024-05-07T21:12:46.361479" level="INFO">${response} = &lt;Response [200]&gt;</msg>
<var>${response}</var>
<arg>consultarAPI</arg>
<arg>/api</arg>
<doc>Sends a GET request on a previously created HTTP Session.</doc>
<status status="PASS" start="2024-05-07T21:12:46.296744" elapsed="0.064774"/>
</kw>
<kw name="Set Variable" owner="BuiltIn">
<msg time="2024-05-07T21:12:46.362557" level="INFO">${json_data} = {'results': [{'gender': 'male', 'name': {'title': 'Mr', 'first': 'Gastão', 'last': 'Nascimento'}, 'location': {'street': {'number': 374, 'name': 'Rua São Paulo '}, 'city': 'Cametá', 'state': 'Bahia', ...</msg>
<var>${json_data}</var>
<arg>${response.json()}</arg>
<doc>Returns the given values which can then be assigned to a variables.</doc>
<status status="PASS" start="2024-05-07T21:12:46.362035" elapsed="0.000552"/>
</kw>
<kw name="Log" owner="BuiltIn">
<msg time="2024-05-07T21:12:46.363059" level="INFO">{'results': [{'gender': 'male', 'name': {'title': 'Mr', 'first': 'Gastão', 'last': 'Nascimento'}, 'location': {'street': {'number': 374, 'name': 'Rua São Paulo '}, 'city': 'Cametá', 'state': 'Bahia', 'country': 'Brazil', 'postcode': 90352, 'coordinates': {'latitude': '-77.5615', 'longitude': '-119.7358'}, 'timezone': {'offset': '+9:30', 'description': 'Adelaide, Darwin'}}, 'email': 'gastao.nascimento@example.com', 'login': {'uuid': '6ae0c22e-9a00-4329-9d32-998d624f8c25', 'username': 'browncat615', 'password': 'stuart', 'salt': 'JPbbpjKh', 'md5': '69fbc195932c90cb0b7b1ab5658f1502', 'sha1': '2808e361e1ef928d247e3e009be9744fa1c51140', 'sha256': '06321a20d302f47f33c3719a42f7efdfefb1fcfaff459dfcf65f93c212a49344'}, 'dob': {'date': '1980-01-17T19:17:39.452Z', 'age': 44}, 'registered': {'date': '2012-07-06T10:44:30.784Z', 'age': 11}, 'phone': '(31) 3958-1396', 'cell': '(36) 7762-9069', 'id': {'name': 'CPF', 'value': '450.114.387-66'}, 'picture': {'large': 'https://randomuser.me/api/portraits/men/84.jpg', 'medium': 'https://randomuser.me/api/portraits/med/men/84.jpg', 'thumbnail': 'https://randomuser.me/api/portraits/thumb/men/84.jpg'}, 'nat': 'BR'}], 'info': {'seed': '339d6c36ae631936', 'results': 1, 'page': 1, 'version': '1.4'}}</msg>
<arg>${json_data}</arg>
<doc>Logs the given message with the given level.</doc>
<status status="PASS" start="2024-05-07T21:12:46.362897" elapsed="0.000248"/>
</kw>
<kw name="Should Be String" owner="String">
<arg>${json_data['results'][0]['gender']}</arg>
<doc>Fails if the given ``item`` is not a string.</doc>
<status status="PASS" start="2024-05-07T21:12:46.363447" elapsed="0.000388"/>
</kw>
<kw name="Should Match Regexp" owner="BuiltIn">
<arg>${json_data['results'][0]['email']}</arg>
<arg>^[a-zA-Z0-9._%+-]+@[a-zA-Z0-9.-]+\.[a-zA-Z]{2,}$</arg>
<doc>Fails if ``string`` does not match ``pattern`` as a regular expression.</doc>
<status status="PASS" start="2024-05-07T21:12:46.364049" elapsed="0.000553"/>
</kw>
<kw name="Should Match Regexp" owner="BuiltIn">
<arg>${json_data['results'][0]['dob']['date']}</arg>
<arg>\\d{4}-\\d{2}-\\d{2}T\\d{2}:\\d{2}:\\d{2}\\.\\d{3}Z</arg>
<doc>Fails if ``string`` does not match ``pattern`` as a regular expression.</doc>
<status status="PASS" start="2024-05-07T21:12:46.364825" elapsed="0.000554"/>
</kw>
<kw name="Should Match Regexp" owner="BuiltIn">
<arg>${json_data['results'][0]['registered']['date']}</arg>
<arg>\\d{4}-\\d{2}-\\d{2}T\\d{2}:\\d{2}:\\d{2}\\.\\d{3}Z</arg>
<doc>Fails if ``string`` does not match ``pattern`` as a regular expression.</doc>
<status status="PASS" start="2024-05-07T21:12:46.365586" elapsed="0.000391"/>
</kw>
<kw name="Should Match Regexp" owner="BuiltIn">
<arg>${json_data['results'][0]['picture']['large']}</arg>
<arg>^https?://.*\.(?:png|jpe?g|gif|bmp)$</arg>
<doc>Fails if ``string`` does not match ``pattern`` as a regular expression.</doc>
<status status="PASS" start="2024-05-07T21:12:46.366173" elapsed="0.000468"/>
</kw>
<kw name="Should Match Regexp" owner="BuiltIn">
<arg>${json_data['results'][0]['picture']['medium']}</arg>
<arg>^https?://.*\.(?:png|jpe?g|gif|bmp)$</arg>
<doc>Fails if ``string`` does not match ``pattern`` as a regular expression.</doc>
<status status="PASS" start="2024-05-07T21:12:46.366835" elapsed="0.000364"/>
</kw>
<kw name="Should Match Regexp" owner="BuiltIn">
<arg>${json_data['results'][0]['picture']['thumbnail']}</arg>
<arg>^https?://.*\.(?:png|jpe?g|gif|bmp)$</arg>
<doc>Fails if ``string`` does not match ``pattern`` as a regular expression.</doc>
<status status="PASS" start="2024-05-07T21:12:46.367390" elapsed="0.000354"/>
</kw>
<kw name="Log" owner="BuiltIn">
<msg time="2024-05-07T21:12:46.368252" level="INFO">{'large': 'https://randomuser.me/api/portraits/men/84.jpg', 'medium': 'https://randomuser.me/api/portraits/med/men/84.jpg', 'thumbnail': 'https://randomuser.me/api/portraits/thumb/men/84.jpg'}</msg>
<arg>${json_data['results'][0]['picture']}</arg>
<doc>Logs the given message with the given level.</doc>
<status status="PASS" start="2024-05-07T21:12:46.367925" elapsed="0.000368"/>
</kw>
<status status="PASS" start="2024-05-07T21:12:46.296513" elapsed="0.072042"/>
</kw>
<kw name="Teste de Tipos de Dados - Postcode" owner="random-user-service">
<kw name="GET On Session" owner="RequestsLibrary">
<msg time="2024-05-07T21:12:46.460646" level="INFO">GET Request : url=https://randomuser.me/api 
 path_url=/api 
 headers={'User-Agent': 'python-requests/2.31.0', 'Accept-Encoding': 'gzip, deflate', 'Accept': '*/*', 'Connection': 'keep-alive'} 
 body=None 
 </msg>
<msg time="2024-05-07T21:12:46.460771" level="INFO">GET Response : url=https://randomuser.me/api 
 status=200, reason=OK 
 headers={'Date': 'Tue, 07 May 2024 21:12:46 GMT', 'Content-Type': 'application/json; charset=utf-8', 'Transfer-Encoding': 'chunked', 'Connection': 'keep-alive', 'X-Powered-By': 'Express', 'Access-Control-Allow-Origin': '*', 'Cache-Control': 'no-cache', 'ETag': 'W/"47b-BJB8GaY+KlX960Yn64J1ayXpElE"', 'Vary': 'Accept-Encoding', 'Content-Encoding': 'gzip', 'CF-Cache-Status': 'DYNAMIC', 'Report-To': '{"endpoints":[{"url":"https:\\/\\/a.nel.cloudflare.com\\/report\\/v4?s=fE%2FM5llPjq6q7eKPVuhWAMrMjMCHBF4lqSbLwc35bBJETM6oN%2FbRQ%2FalvNUzT0CImCjYbCXmNiulnYKKuMykED8DvIgLGIMm6noiIUkh5h6HMBD5arRo0f%2BfJH8jWEql"}],"group":"cf-nel","max_age":604800}', 'NEL': '{"success_fraction":0,"report_to":"cf-nel","max_age":604800}', 'Server': 'cloudflare', 'CF-RAY': '880435c9d9202a21-ORD', 'alt-svc': 'h3=":443"; ma=86400'} 
 body={"results":[{"gender":"female","name":{"title":"Ms","first":"Amalie","last":"Kristensen"},"location":{"street":{"number":3182,"name":"Købmagergade"},"city":"Odense Sv","state":"Midtjylland","country":"Denmark","postcode":17738,"coordinates":{"latitude":"-44.2703","longitude":"9.8915"},"timezone":{"offset":"+4:30","description":"Kabul"}},"email":"amalie.kristensen@example.com","login":{"uuid":"06ba5795-17b3-4dbe-ba3d-fc96227fa555","username":"ticklishzebra780","password":"clips","salt":"CTl2S48P","md5":"dc365f3b2cc991859216b64d8e219b35","sha1":"901203a50471a2d0225dd9064b7e1949f9fd3785","sha256":"997bc87a461b091f26d983964fb4bdac1ce9f487ae21a9173bdb6f15de44c935"},"dob":{"date":"1979-10-03T15:43:18.652Z","age":44},"registered":{"date":"2010-02-23T22:00:14.292Z","age":14},"phone":"14963333","cell":"55268719","id":{"name":"CPR","value":"031079-7660"},"picture":{"large":"https://randomuser.me/api/portraits/women/14.jpg","medium":"https://randomuser.me/api/portraits/med/women/14.jpg","thumbnail":"https://randomuser.me/api/portraits/thumb/women/14.jpg"},"nat":"DK"}],"info":{"seed":"b60c56bb86b40662","results":1,"page":1,"version":"1.4"}} 
 </msg>
<msg time="2024-05-07T21:12:46.460854" level="INFO">/opt/hostedtoolcache/Python/3.12.3/x64/lib/python3.12/site-packages/urllib3/connectionpool.py:1103: InsecureRequestWarning: Unverified HTTPS request is being made to host 'randomuser.me'. Adding certificate verification is strongly advised. See: https://urllib3.readthedocs.io/en/latest/advanced-usage.html#tls-warnings
  warnings.warn(</msg>
<msg time="2024-05-07T21:12:46.460976" level="INFO">${response} = &lt;Response [200]&gt;</msg>
<var>${response}</var>
<arg>consultarAPI</arg>
<arg>/api</arg>
<doc>Sends a GET request on a previously created HTTP Session.</doc>
<status status="PASS" start="2024-05-07T21:12:46.369021" elapsed="0.091994"/>
</kw>
<kw name="Set Variable" owner="BuiltIn">
<msg time="2024-05-07T21:12:46.462132" level="INFO">${json_data} = {'results': [{'gender': 'female', 'name': {'title': 'Ms', 'first': 'Amalie', 'last': 'Kristensen'}, 'location': {'street': {'number': 3182, 'name': 'Købmagergade'}, 'city': 'Odense Sv', 'state': 'Midt...</msg>
<var>${json_data}</var>
<arg>${response.json()}</arg>
<doc>Returns the given values which can then be assigned to a variables.</doc>
<status status="PASS" start="2024-05-07T21:12:46.461587" elapsed="0.000574"/>
</kw>
<kw name="Log" owner="BuiltIn">
<msg time="2024-05-07T21:12:46.462637" level="INFO">{'results': [{'gender': 'female', 'name': {'title': 'Ms', 'first': 'Amalie', 'last': 'Kristensen'}, 'location': {'street': {'number': 3182, 'name': 'Købmagergade'}, 'city': 'Odense Sv', 'state': 'Midtjylland', 'country': 'Denmark', 'postcode': 17738, 'coordinates': {'latitude': '-44.2703', 'longitude': '9.8915'}, 'timezone': {'offset': '+4:30', 'description': 'Kabul'}}, 'email': 'amalie.kristensen@example.com', 'login': {'uuid': '06ba5795-17b3-4dbe-ba3d-fc96227fa555', 'username': 'ticklishzebra780', 'password': 'clips', 'salt': 'CTl2S48P', 'md5': 'dc365f3b2cc991859216b64d8e219b35', 'sha1': '901203a50471a2d0225dd9064b7e1949f9fd3785', 'sha256': '997bc87a461b091f26d983964fb4bdac1ce9f487ae21a9173bdb6f15de44c935'}, 'dob': {'date': '1979-10-03T15:43:18.652Z', 'age': 44}, 'registered': {'date': '2010-02-23T22:00:14.292Z', 'age': 14}, 'phone': '14963333', 'cell': '55268719', 'id': {'name': 'CPR', 'value': '031079-7660'}, 'picture': {'large': 'https://randomuser.me/api/portraits/women/14.jpg', 'medium': 'https://randomuser.me/api/portraits/med/women/14.jpg', 'thumbnail': 'https://randomuser.me/api/portraits/thumb/women/14.jpg'}, 'nat': 'DK'}], 'info': {'seed': 'b60c56bb86b40662', 'results': 1, 'page': 1, 'version': '1.4'}}</msg>
<arg>${json_data}</arg>
<doc>Logs the given message with the given level.</doc>
<status status="PASS" start="2024-05-07T21:12:46.462477" elapsed="0.000243"/>
</kw>
<kw name="Should Be Equal As Numbers" owner="BuiltIn">
<arg>${json_data['results'][0]['location']['postcode']}</arg>
<arg>${json_data['results'][0]['location']['postcode']}</arg>
<doc>Fails if objects are unequal after converting them to real numbers.</doc>
<status status="PASS" start="2024-05-07T21:12:46.463207" elapsed="0.000631"/>
</kw>
<kw name="Log" owner="BuiltIn">
<msg time="2024-05-07T21:12:46.464478" level="INFO">17738</msg>
<arg>${json_data['results'][0]['location']['postcode']}</arg>
<doc>Logs the given message with the given level.</doc>
<status status="PASS" start="2024-05-07T21:12:46.464033" elapsed="0.000505"/>
</kw>
<status status="PASS" start="2024-05-07T21:12:46.368789" elapsed="0.096070"/>
</kw>
<doc>Testa se os tipos de dados na resposta da API estão corretos.</doc>
<tag>testeTiposDados</tag>
<status status="PASS" start="2024-05-07T21:12:46.296031" elapsed="0.169012"/>
</test>
<test id="s1-s1-t5" name="Validar conteudo" line="35">
<kw name="Teste de Tipos de Conteudo" owner="random-user-service">
<kw name="GET On Session" owner="RequestsLibrary">
<msg time="2024-05-07T21:12:46.559211" level="INFO">GET Request : url=https://randomuser.me/api 
 path_url=/api 
 headers={'User-Agent': 'python-requests/2.31.0', 'Accept-Encoding': 'gzip, deflate', 'Accept': '*/*', 'Connection': 'keep-alive'} 
 body=None 
 </msg>
<msg time="2024-05-07T21:12:46.559319" level="INFO">GET Response : url=https://randomuser.me/api 
 status=200, reason=OK 
 headers={'Date': 'Tue, 07 May 2024 21:12:46 GMT', 'Content-Type': 'application/json; charset=utf-8', 'Transfer-Encoding': 'chunked', 'Connection': 'keep-alive', 'X-Powered-By': 'Express', 'Access-Control-Allow-Origin': '*', 'Cache-Control': 'no-cache', 'ETag': 'W/"487-2D5WwvPQs+VzM7sRnUj5RwvOY5s"', 'Vary': 'Accept-Encoding', 'Content-Encoding': 'gzip', 'CF-Cache-Status': 'DYNAMIC', 'Report-To': '{"endpoints":[{"url":"https:\\/\\/a.nel.cloudflare.com\\/report\\/v4?s=XJ6ezC2PlVCH9JF3351ZyVeNI1ANSTB7uplYEig4o739AZ3t9FGqa4lyml0JISvuR3nzUGOhn2NhKNFLkxZXy6Qf3p9fMm7B%2FJLezpHGjjncfASyfRRIVu3nMpv02Xvf"}],"group":"cf-nel","max_age":604800}', 'NEL': '{"success_fraction":0,"report_to":"cf-nel","max_age":604800}', 'Server': 'cloudflare', 'CF-RAY': '880435ca7a092a21-ORD', 'alt-svc': 'h3=":443"; ma=86400'} 
 body={"results":[{"gender":"female","name":{"title":"Mrs","first":"Olímpia","last":"Freitas"},"location":{"street":{"number":2148,"name":"Rua Das Flores "},"city":"Guaratinguetá","state":"Alagoas","country":"Brazil","postcode":69973,"coordinates":{"latitude":"-79.5844","longitude":"23.9992"},"timezone":{"offset":"-9:00","description":"Alaska"}},"email":"olimpia.freitas@example.com","login":{"uuid":"c7913351-ab88-4c16-90ef-8576ab64c19d","username":"whitelion419","password":"tian","salt":"RGFXeAud","md5":"c67eefd6832d29a6e0dddb7f3a726f14","sha1":"dfac91e85c155b9fb48bc1d67ae6a0957b942797","sha256":"f54e72dc8d7a208d9e0784d7571746bbe0baa1f48fb3b4b7b8ea9dc579b26dd3"},"dob":{"date":"1972-02-02T12:14:58.579Z","age":52},"registered":{"date":"2010-08-18T02:16:45.603Z","age":13},"phone":"(74) 2716-8337","cell":"(36) 2852-0878","id":{"name":"CPF","value":"830.560.211-32"},"picture":{"large":"https://randomuser.me/api/portraits/women/61.jpg","medium":"https://randomuser.me/api/portraits/med/women/61.jpg","thumbnail":"https://randomuser.me/api/portraits/thumb/women/61.jpg"},"nat":"BR"}],"info":{"seed":"6837ec6ee163b068","results":1,"page":1,"version":"1.4"}} 
 </msg>
<msg time="2024-05-07T21:12:46.559400" level="INFO">/opt/hostedtoolcache/Python/3.12.3/x64/lib/python3.12/site-packages/urllib3/connectionpool.py:1103: InsecureRequestWarning: Unverified HTTPS request is being made to host 'randomuser.me'. Adding certificate verification is strongly advised. See: https://urllib3.readthedocs.io/en/latest/advanced-usage.html#tls-warnings
  warnings.warn(</msg>
<msg time="2024-05-07T21:12:46.559537" level="INFO">${response} = &lt;Response [200]&gt;</msg>
<var>${response}</var>
<arg>consultarAPI</arg>
<arg>/api</arg>
<doc>Sends a GET request on a previously created HTTP Session.</doc>
<status status="PASS" start="2024-05-07T21:12:46.468021" elapsed="0.091558"/>
</kw>
<kw name="Set Variable" owner="BuiltIn">
<msg time="2024-05-07T21:12:46.560914" level="INFO">${json_data} = {'results': [{'gender': 'female', 'name': {'title': 'Mrs', 'first': 'Olímpia', 'last': 'Freitas'}, 'location': {'street': {'number': 2148, 'name': 'Rua Das Flores '}, 'city': 'Guaratinguetá', 'state':...</msg>
<var>${json_data}</var>
<arg>${response.json()}</arg>
<doc>Returns the given values which can then be assigned to a variables.</doc>
<status status="PASS" start="2024-05-07T21:12:46.560274" elapsed="0.000671"/>
</kw>
<kw name="Set Variable" owner="BuiltIn">
<msg time="2024-05-07T21:12:46.561844" level="INFO">${name_title} = Mrs</msg>
<var>${name_title}</var>
<arg>${json_data["results"][0]["name"]["title"]}</arg>
<doc>Returns the given values which can then be assigned to a variables.</doc>
<status status="PASS" start="2024-05-07T21:12:46.561391" elapsed="0.000479"/>
</kw>
<kw name="Create List" owner="BuiltIn">
<msg time="2024-05-07T21:12:46.562386" level="INFO">${allowed_titles} = ['Mr', 'Ms', 'Miss', 'Mrs', 'Madame', 'Monsieur']</msg>
<var>${allowed_titles}</var>
<arg>Mr</arg>
<arg>Ms</arg>
<arg>Miss</arg>
<arg>Mrs</arg>
<arg>Madame</arg>
<arg>Monsieur</arg>
<doc>Returns a list containing given items.</doc>
<status status="PASS" start="2024-05-07T21:12:46.562220" elapsed="0.000191"/>
</kw>
<kw name="List Should Contain Value" owner="Collections">
<msg time="2024-05-07T21:12:46.562915" level="INFO">False</msg>
<arg>${allowed_titles}</arg>
<arg>${name_title}</arg>
<doc>Fails if the ``value`` is not found from ``list``.</doc>
<status status="PASS" start="2024-05-07T21:12:46.562730" elapsed="0.000225"/>
</kw>
<kw name="Set Variable" owner="BuiltIn">
<msg time="2024-05-07T21:12:46.563672" level="INFO">${name_country} = BR</msg>
<var>${name_country}</var>
<arg>${json_data["results"][0]["nat"]}</arg>
<doc>Returns the given values which can then be assigned to a variables.</doc>
<status status="PASS" start="2024-05-07T21:12:46.563259" elapsed="0.000439"/>
</kw>
<kw name="Create List" owner="BuiltIn">
<msg time="2024-05-07T21:12:46.564630" level="INFO">${list_country} = ['AD', 'AE', 'AF', 'AG', 'AI', 'AL', 'AM', 'AO', 'AQ', 'AR', 'AS', 'AT', 'AU', 'AW', 'AX', 'AZ', 'BA', 'BB', 'BD', 'BE', 'BF', 'BG', 'BH', 'BI', 'BJ', 'BL', 'BM', 'BN', 'BO', 'BQ', 'BR', 'BS', 'BT', '...</msg>
<var>${list_country}</var>
<arg>AD</arg>
<arg>AE</arg>
<arg>AF</arg>
<arg>AG</arg>
<arg>AI</arg>
<arg>AL</arg>
<arg>AM</arg>
<arg>AO</arg>
<arg>AQ</arg>
<arg>AR</arg>
<arg>AS</arg>
<arg>AT</arg>
<arg>AU</arg>
<arg>AW</arg>
<arg>AX</arg>
<arg>AZ</arg>
<arg>BA</arg>
<arg>BB</arg>
<arg>BD</arg>
<arg>BE</arg>
<arg>BF</arg>
<arg>BG</arg>
<arg>BH</arg>
<arg>BI</arg>
<arg>BJ</arg>
<arg>BL</arg>
<arg>BM</arg>
<arg>BN</arg>
<arg>BO</arg>
<arg>BQ</arg>
<arg>BR</arg>
<arg>BS</arg>
<arg>BT</arg>
<arg>BV</arg>
<arg>BW</arg>
<arg>BY</arg>
<arg>BZ</arg>
<arg>CA</arg>
<arg>CC</arg>
<arg>CD</arg>
<arg>CF</arg>
<arg>CG</arg>
<arg>CH</arg>
<arg>CI</arg>
<arg>CK</arg>
<arg>CL</arg>
<arg>CM</arg>
<arg>CN</arg>
<arg>CO</arg>
<arg>CR</arg>
<arg>CU</arg>
<arg>CV</arg>
<arg>CW</arg>
<arg>CX</arg>
<arg>CY</arg>
<arg>CZ</arg>
<arg>DE</arg>
<arg>DJ</arg>
<arg>DK</arg>
<arg>DM</arg>
<arg>DO</arg>
<arg>DZ</arg>
<arg>EC</arg>
<arg>EE</arg>
<arg>EG</arg>
<arg>EH</arg>
<arg>ER</arg>
<arg>ES</arg>
<arg>ET</arg>
<arg>FI</arg>
<arg>FJ</arg>
<arg>FK</arg>
<arg>FM</arg>
<arg>FO</arg>
<arg>FR</arg>
<arg>GA</arg>
<arg>GB</arg>
<arg>GD</arg>
<arg>GE</arg>
<arg>GF</arg>
<arg>GG</arg>
<arg>GH</arg>
<arg>GI</arg>
<arg>GL</arg>
<arg>GM</arg>
<arg>GN</arg>
<arg>GP</arg>
<arg>GQ</arg>
<arg>GR</arg>
<arg>GS</arg>
<arg>GT</arg>
<arg>GU</arg>
<arg>GW</arg>
<arg>GY</arg>
<arg>HK</arg>
<arg>HM</arg>
<arg>HN</arg>
<arg>HR</arg>
<arg>HT</arg>
<arg>HU</arg>
<arg>ID</arg>
<arg>IE</arg>
<arg>IL</arg>
<arg>IM</arg>
<arg>IN</arg>
<arg>IO</arg>
<arg>IQ</arg>
<arg>IR</arg>
<arg>IS</arg>
<arg>IT</arg>
<arg>JE</arg>
<arg>JM</arg>
<arg>JO</arg>
<arg>JP</arg>
<arg>KE</arg>
<arg>KG</arg>
<arg>KH</arg>
<arg>KI</arg>
<arg>KM</arg>
<arg>KN</arg>
<arg>KP</arg>
<arg>KR</arg>
<arg>KW</arg>
<arg>KY</arg>
<arg>KZ</arg>
<arg>LA</arg>
<arg>LB</arg>
<arg>LC</arg>
<arg>LI</arg>
<arg>LK</arg>
<arg>LR</arg>
<arg>LS</arg>
<arg>LT</arg>
<arg>LU</arg>
<arg>LV</arg>
<arg>LY</arg>
<arg>MA</arg>
<arg>MC</arg>
<arg>MD</arg>
<arg>ME</arg>
<arg>MF</arg>
<arg>MG</arg>
<arg>MH</arg>
<arg>MK</arg>
<arg>ML</arg>
<arg>MM</arg>
<arg>MN</arg>
<arg>MO</arg>
<arg>MP</arg>
<arg>MQ</arg>
<arg>MR</arg>
<arg>MS</arg>
<arg>MT</arg>
<arg>MU</arg>
<arg>MV</arg>
<arg>MW</arg>
<arg>MX</arg>
<arg>MY</arg>
<arg>MZ</arg>
<arg>NA</arg>
<arg>NC</arg>
<arg>NE</arg>
<arg>NF</arg>
<arg>NG</arg>
<arg>NI</arg>
<arg>NL</arg>
<arg>NO</arg>
<arg>NP</arg>
<arg>NR</arg>
<arg>NU</arg>
<arg>NZ</arg>
<arg>OM</arg>
<arg>PA</arg>
<arg>PE</arg>
<arg>PF</arg>
<arg>PG</arg>
<arg>PH</arg>
<arg>PK</arg>
<arg>PL</arg>
<arg>PM</arg>
<arg>PN</arg>
<arg>PR</arg>
<arg>PS</arg>
<arg>PT</arg>
<arg>PW</arg>
<arg>PY</arg>
<arg>QA</arg>
<arg>RE</arg>
<arg>RO</arg>
<arg>RS</arg>
<arg>RU</arg>
<arg>RW</arg>
<arg>SA</arg>
<arg>SB</arg>
<arg>SC</arg>
<arg>SD</arg>
<arg>SE</arg>
<arg>SG</arg>
<arg>SH</arg>
<arg>SI</arg>
<arg>SJ</arg>
<arg>SK</arg>
<arg>SL</arg>
<arg>SM</arg>
<arg>SN</arg>
<arg>SO</arg>
<arg>SR</arg>
<arg>SS</arg>
<arg>ST</arg>
<arg>SV</arg>
<arg>SX</arg>
<arg>SY</arg>
<arg>SZ</arg>
<arg>TC</arg>
<arg>TD</arg>
<arg>TF</arg>
<arg>TG</arg>
<arg>TH</arg>
<arg>TJ</arg>
<arg>TK</arg>
<arg>TL</arg>
<arg>TM</arg>
<arg>TN</arg>
<arg>TO</arg>
<arg>TR</arg>
<arg>TT</arg>
<arg>TV</arg>
<arg>TW</arg>
<arg>TZ</arg>
<arg>UA</arg>
<arg>UG</arg>
<arg>UM</arg>
<arg>US</arg>
<arg>UY</arg>
<arg>UZ</arg>
<arg>VA</arg>
<arg>VC</arg>
<arg>VE</arg>
<arg>VG</arg>
<arg>VI</arg>
<arg>VN</arg>
<arg>VU</arg>
<arg>WF</arg>
<arg>WS</arg>
<arg>XK</arg>
<arg>YE</arg>
<arg>YT</arg>
<arg>ZA</arg>
<arg>ZM</arg>
<arg>ZW</arg>
<doc>Returns a list containing given items.</doc>
<status status="PASS" start="2024-05-07T21:12:46.564013" elapsed="0.000644"/>
</kw>
<kw name="List Should Contain Value" owner="Collections">
<msg time="2024-05-07T21:12:46.565712" level="INFO">False</msg>
<arg>${list_country}</arg>
<arg>${name_country}</arg>
<doc>Fails if the ``value`` is not found from ``list``.</doc>
<status status="PASS" start="2024-05-07T21:12:46.565500" elapsed="0.000250"/>
</kw>
<kw name="Run Keyword If" owner="BuiltIn">
<kw name="Should Be True" owner="BuiltIn">
<arg>${True}</arg>
<doc>Fails if the given condition is not true.</doc>
<status status="PASS" start="2024-05-07T21:12:46.566855" elapsed="0.000276"/>
</kw>
<arg>${json_data["results"][0]["location"]["coordinates"]["latitude"]} &gt;= -90 and ${json_data["results"][0]["location"]["coordinates"]["latitude"]} &lt;= 90</arg>
<arg>Should Be True</arg>
<arg>${True}</arg>
<doc>Runs the given keyword with the given arguments, if ``condition`` is true.</doc>
<status status="PASS" start="2024-05-07T21:12:46.566069" elapsed="0.001195"/>
</kw>
<kw name="Run Keyword If" owner="BuiltIn">
<kw name="Should Be True" owner="BuiltIn">
<arg>${True}</arg>
<doc>Fails if the given condition is not true.</doc>
<status status="PASS" start="2024-05-07T21:12:46.568182" elapsed="0.000139"/>
</kw>
<arg>${json_data["results"][0]["location"]["coordinates"]["longitude"]} &gt;= -180 and ${json_data["results"][0]["location"]["coordinates"]["longitude"]} &lt;= 180</arg>
<arg>Should Be True</arg>
<arg>${True}</arg>
<doc>Runs the given keyword with the given arguments, if ``condition`` is true.</doc>
<status status="PASS" start="2024-05-07T21:12:46.567456" elapsed="0.000989"/>
</kw>
<status status="PASS" start="2024-05-07T21:12:46.467639" elapsed="0.100940"/>
</kw>
<doc>Testa o conteúdo específico dos campos retornados pela API.</doc>
<tag>testeConteudo</tag>
<status status="PASS" start="2024-05-07T21:12:46.466973" elapsed="0.101762"/>
</test>
<status status="PASS" start="2024-05-07T21:12:45.662929" elapsed="0.907850"/>
</suite>
<status status="PASS" start="2024-05-07T21:12:45.648384" elapsed="0.927532"/>
</suite>
<statistics>
<total>
<stat pass="5" fail="0" skip="0">All Tests</stat>
</total>
<tag>
<stat pass="1" fail="0" skip="0">testeConteudo</stat>
<stat pass="1" fail="0" skip="0">testeEstruturaResposta</stat>
<stat pass="1" fail="0" skip="0">testeRequisicaoBasica</stat>
<stat pass="1" fail="0" skip="0">testeTiposDados</stat>
</tag>
<suite>
<stat pass="5" fail="0" skip="0" id="s1" name="Tests">Tests</stat>
<stat pass="5" fail="0" skip="0" id="s1-s1" name="Random-User-Test">Tests.Random-User-Test</stat>
</suite>
</statistics>
<errors>
</errors>
</robot>
