<?xml version="1.0" encoding="UTF-8"?>
<robot generator="Robot 7.0.1 (Python 3.12.4 on linux)" generated="2024-07-19T20:17:28.080636" rpa="false" schemaversion="5">
<suite id="s1" name="Tests" source="/home/runner/work/ApiRandomUser/ApiRandomUser/RamdonUser/tests">
<suite id="s1-s1" name="Random-User-Test" source="/home/runner/work/ApiRandomUser/ApiRandomUser/RamdonUser/tests/random-user-test.robot">
<test id="s1-s1-t1" name="Conectar" line="13">
<kw name="Conectar API" owner="random-user-service">
<kw name="Create Session" owner="RequestsLibrary">
<msg time="2024-07-19T20:17:28.472806" level="INFO">Creating Session using : alias=consultarAPI, url=https://randomuser.me/, headers={},                     cookies={}, auth=None, timeout=None, proxies=None, verify=False,                     debug=0 </msg>
<arg>consultarAPI</arg>
<arg>${URL}</arg>
<doc>Create Session: create a HTTP session to a server</doc>
<status status="PASS" start="2024-07-19T20:17:28.472603" elapsed="0.000387"/>
</kw>
<status status="PASS" start="2024-07-19T20:17:28.471546" elapsed="0.001820"/>
</kw>
<status status="PASS" start="2024-07-19T20:17:28.470928" elapsed="0.002635"/>
</test>
<test id="s1-s1-t2" name="Validar retorno 200 e JSON Válido" line="16">
<kw name="Teste de Requisicao Basica" owner="random-user-service">
<kw name="GET On Session" owner="RequestsLibrary">
<msg time="2024-07-19T20:17:28.650581" level="INFO">GET Request : url=https://randomuser.me/api 
 path_url=/api 
 headers={'User-Agent': 'python-requests/2.32.3', 'Accept-Encoding': 'gzip, deflate', 'Accept': '*/*', 'Connection': 'keep-alive'} 
 body=None 
 </msg>
<msg time="2024-07-19T20:17:28.650752" level="INFO">GET Response : url=https://randomuser.me/api 
 status=200, reason=OK 
 headers={'Date': 'Fri, 19 Jul 2024 20:17:28 GMT', 'Content-Type': 'application/json; charset=utf-8', 'Transfer-Encoding': 'chunked', 'Connection': 'keep-alive', 'X-Powered-By': 'Express', 'Access-Control-Allow-Origin': '*', 'Cache-Control': 'no-cache', 'ETag': 'W/"4a4-9MJsbHbyedj81XSDzcSg6zQ4KIk"', 'Vary': 'Accept-Encoding', 'Content-Encoding': 'gzip', 'CF-Cache-Status': 'DYNAMIC', 'Report-To': '{"endpoints":[{"url":"https:\\/\\/a.nel.cloudflare.com\\/report\\/v4?s=Kh1jpJZqQiJqzShWvJN6yzftplI2eFDQX0GkszQyf1s3%2B1Fh3DgHCM4717Rx%2FW9ipQhU3feI%2FHwQCNkwpTtLyuOgd44uIbc%2Bm5bCnEz%2BFRBL4cehFZ%2Br7G82UJyjgAgb"}],"group":"cf-nel","max_age":604800}', 'NEL': '{"success_fraction":0,"report_to":"cf-nel","max_age":604800}', 'Server': 'cloudflare', 'CF-RAY': '8a5d6529daaa3940-IAD', 'alt-svc': 'h3=":443"; ma=86400'} 
 body={"results":[{"gender":"female","name":{"title":"Madame","first":"Adelina","last":"Rey"},"location":{"street":{"number":933,"name":"Rue des Ecrivains"},"city":"Veyrier","state":"Neuchâtel","country":"Switzerland","postcode":6204,"coordinates":{"latitude":"-57.0641","longitude":"40.3056"},"timezone":{"offset":"+3:00","description":"Baghdad, Riyadh, Moscow, St. Petersburg"}},"email":"adelina.rey@example.com","login":{"uuid":"0dd81be7-5c4f-457c-86d5-eb0cef9ba0c1","username":"goldenwolf748","password":"starr","salt":"Vr9uEYIx","md5":"70aef8b639320fdc01b015ef8556a80e","sha1":"26b87fa9cb65d649eca84e8135d687e3a08d8afe","sha256":"b43a40dbebb5c764ba1bca3ab82ad971a59b539f80403d0d42372d4f86bef3cb"},"dob":{"date":"1947-07-10T11:39:33.295Z","age":77},"registered":{"date":"2017-11-09T01:09:00.738Z","age":6},"phone":"078 608 03 57","cell":"079 319 26 44","id":{"name":"AVS","value":"756.6971.2171.47"},"picture":{"large":"https://randomuser.me/api/portraits/women/85.jpg","medium":"https://randomuser.me/api/portraits/med/women/85.jpg","thumbnail":"https://randomuser.me/api/portraits/thumb/women/85.jpg"},"nat":"CH"}],"info":{"seed":"5e59bb0a4a2846a1","results":1,"page":1,"version":"1.4"}} 
 </msg>
<msg time="2024-07-19T20:17:28.650845" level="INFO">/opt/hostedtoolcache/Python/3.12.4/x64/lib/python3.12/site-packages/urllib3/connectionpool.py:1099: InsecureRequestWarning: Unverified HTTPS request is being made to host 'randomuser.me'. Adding certificate verification is strongly advised. See: https://urllib3.readthedocs.io/en/latest/advanced-usage.html#tls-warnings
  warnings.warn(</msg>
<msg time="2024-07-19T20:17:28.650999" level="INFO">${response} = &lt;Response [200]&gt;</msg>
<var>${response}</var>
<arg>consultarAPI</arg>
<arg>/api</arg>
<doc>Sends a GET request on a previously created HTTP Session.</doc>
<status status="PASS" start="2024-07-19T20:17:28.476323" elapsed="0.174709"/>
</kw>
<kw name="Should Be Equal As Numbers" owner="BuiltIn">
<msg time="2024-07-19T20:17:28.651964" level="INFO">Argument types are:
&lt;class 'int'&gt;
&lt;class 'str'&gt;</msg>
<arg>${response.status_code}</arg>
<arg>200</arg>
<doc>Fails if objects are unequal after converting them to real numbers.</doc>
<status status="PASS" start="2024-07-19T20:17:28.651514" elapsed="0.000514"/>
</kw>
<kw name="Log" owner="BuiltIn">
<msg time="2024-07-19T20:17:28.652686" level="INFO">200</msg>
<arg>${response.status_code}</arg>
<doc>Logs the given message with the given level.</doc>
<status status="PASS" start="2024-07-19T20:17:28.652339" elapsed="0.000389"/>
</kw>
<kw name="Set Variable" owner="BuiltIn">
<msg time="2024-07-19T20:17:28.653459" level="INFO">${json_data} = {'results': [{'gender': 'female', 'name': {'title': 'Madame', 'first': 'Adelina', 'last': 'Rey'}, 'location': {'street': {'number': 933, 'name': 'Rue des Ecrivains'}, 'city': 'Veyrier', 'state': 'Neuc...</msg>
<var>${json_data}</var>
<arg>${response.json()}</arg>
<doc>Returns the given values which can then be assigned to a variables.</doc>
<status status="PASS" start="2024-07-19T20:17:28.653027" elapsed="0.000461"/>
</kw>
<kw name="Dictionary Should Contain Key" owner="Collections">
<arg>${json_data}</arg>
<arg>results</arg>
<doc>Fails if ``key`` is not found from ``dictionary``.</doc>
<status status="PASS" start="2024-07-19T20:17:28.653779" elapsed="0.000316"/>
</kw>
<status status="PASS" start="2024-07-19T20:17:28.476053" elapsed="0.178193"/>
</kw>
<doc>Testa se a API responde corretamente e retorna um objeto JSON válido.</doc>
<tag>testeRequisicaoBasica</tag>
<status status="PASS" start="2024-07-19T20:17:28.475524" elapsed="0.178893"/>
</test>
<test id="s1-s1-t3" name="Validar estrutura de resposta" line="22">
<kw name="Teste de Estrutura de Resposta" owner="random-user-service">
<kw name="GET On Session" owner="RequestsLibrary">
<msg time="2024-07-19T20:17:28.766442" level="INFO">GET Request : url=https://randomuser.me/api 
 path_url=/api 
 headers={'User-Agent': 'python-requests/2.32.3', 'Accept-Encoding': 'gzip, deflate', 'Accept': '*/*', 'Connection': 'keep-alive'} 
 body=None 
 </msg>
<msg time="2024-07-19T20:17:28.766593" level="INFO">GET Response : url=https://randomuser.me/api 
 status=200, reason=OK 
 headers={'Date': 'Fri, 19 Jul 2024 20:17:28 GMT', 'Content-Type': 'application/json; charset=utf-8', 'Transfer-Encoding': 'chunked', 'Connection': 'keep-alive', 'X-Powered-By': 'Express', 'Access-Control-Allow-Origin': '*', 'Cache-Control': 'no-cache', 'ETag': 'W/"4a2-RMQRgAjckOZ4DSGCbmpKhlpXl40"', 'Vary': 'Accept-Encoding', 'Content-Encoding': 'gzip', 'CF-Cache-Status': 'DYNAMIC', 'Report-To': '{"endpoints":[{"url":"https:\\/\\/a.nel.cloudflare.com\\/report\\/v4?s=IyvAjaOfljNJ4VKvCO9cPPRodMZ4rxO2UB3h7O0GdWmBPVM7l8wlG0RDwDppARC3kw60WFRNmpeb3n4azh%2FTWT8OLn5V4KUcOFpSL%2BC1w3CJu8eZ2g%2ByfZKw%2BZv11b0o"}],"group":"cf-nel","max_age":604800}', 'NEL': '{"success_fraction":0,"report_to":"cf-nel","max_age":604800}', 'Server': 'cloudflare', 'CF-RAY': '8a5d652a1afa3940-IAD', 'alt-svc': 'h3=":443"; ma=86400'} 
 body={"results":[{"gender":"female","name":{"title":"Mrs","first":"Sharinda","last":"Spoelder"},"location":{"street":{"number":5680,"name":"De Weegbree"},"city":"Oostwoud","state":"Zeeland","country":"Netherlands","postcode":"6665 AU","coordinates":{"latitude":"32.4135","longitude":"88.3010"},"timezone":{"offset":"-5:00","description":"Eastern Time (US &amp; Canada), Bogota, Lima"}},"email":"sharinda.spoelder@example.com","login":{"uuid":"da9396ad-6f26-4e55-9f28-205ed2abd58d","username":"orangedog123","password":"blink","salt":"7lA3vve9","md5":"1105188a0ac7469ae136ace3a11163be","sha1":"92f01380322375ecf54ceed0e7c365d0cfadf39e","sha256":"0b0af0c32c27a3622a67b178ec211ad561acae9e0a13372be210a4cfde78fc7a"},"dob":{"date":"1963-02-23T00:59:39.507Z","age":61},"registered":{"date":"2020-08-26T07:09:18.939Z","age":3},"phone":"(0630) 837837","cell":"(06) 19981393","id":{"name":"BSN","value":"07363496"},"picture":{"large":"https://randomuser.me/api/portraits/women/82.jpg","medium":"https://randomuser.me/api/portraits/med/women/82.jpg","thumbnail":"https://randomuser.me/api/portraits/thumb/women/82.jpg"},"nat":"NL"}],"info":{"seed":"90597c5c3cb94293","results":1,"page":1,"version":"1.4"}} 
 </msg>
<msg time="2024-07-19T20:17:28.766756" level="INFO">/opt/hostedtoolcache/Python/3.12.4/x64/lib/python3.12/site-packages/urllib3/connectionpool.py:1099: InsecureRequestWarning: Unverified HTTPS request is being made to host 'randomuser.me'. Adding certificate verification is strongly advised. See: https://urllib3.readthedocs.io/en/latest/advanced-usage.html#tls-warnings
  warnings.warn(</msg>
<msg time="2024-07-19T20:17:28.766911" level="INFO">${response} = &lt;Response [200]&gt;</msg>
<var>${response}</var>
<arg>consultarAPI</arg>
<arg>/api</arg>
<doc>Sends a GET request on a previously created HTTP Session.</doc>
<status status="PASS" start="2024-07-19T20:17:28.656981" elapsed="0.109973"/>
</kw>
<kw name="Set Variable" owner="BuiltIn">
<msg time="2024-07-19T20:17:28.768386" level="INFO">${json_data} = {'results': [{'gender': 'female', 'name': {'title': 'Mrs', 'first': 'Sharinda', 'last': 'Spoelder'}, 'location': {'street': {'number': 5680, 'name': 'De Weegbree'}, 'city': 'Oostwoud', 'state': 'Zeela...</msg>
<var>${json_data}</var>
<arg>${response.json()}</arg>
<doc>Returns the given values which can then be assigned to a variables.</doc>
<status status="PASS" start="2024-07-19T20:17:28.767586" elapsed="0.000849"/>
</kw>
<kw name="Log" owner="BuiltIn">
<msg time="2024-07-19T20:17:28.769120" level="INFO">{'results': [{'gender': 'female', 'name': {'title': 'Mrs', 'first': 'Sharinda', 'last': 'Spoelder'}, 'location': {'street': {'number': 5680, 'name': 'De Weegbree'}, 'city': 'Oostwoud', 'state': 'Zeeland', 'country': 'Netherlands', 'postcode': '6665 AU', 'coordinates': {'latitude': '32.4135', 'longitude': '88.3010'}, 'timezone': {'offset': '-5:00', 'description': 'Eastern Time (US &amp; Canada), Bogota, Lima'}}, 'email': 'sharinda.spoelder@example.com', 'login': {'uuid': 'da9396ad-6f26-4e55-9f28-205ed2abd58d', 'username': 'orangedog123', 'password': 'blink', 'salt': '7lA3vve9', 'md5': '1105188a0ac7469ae136ace3a11163be', 'sha1': '92f01380322375ecf54ceed0e7c365d0cfadf39e', 'sha256': '0b0af0c32c27a3622a67b178ec211ad561acae9e0a13372be210a4cfde78fc7a'}, 'dob': {'date': '1963-02-23T00:59:39.507Z', 'age': 61}, 'registered': {'date': '2020-08-26T07:09:18.939Z', 'age': 3}, 'phone': '(0630) 837837', 'cell': '(06) 19981393', 'id': {'name': 'BSN', 'value': '07363496'}, 'picture': {'large': 'https://randomuser.me/api/portraits/women/82.jpg', 'medium': 'https://randomuser.me/api/portraits/med/women/82.jpg', 'thumbnail': 'https://randomuser.me/api/portraits/thumb/women/82.jpg'}, 'nat': 'NL'}], 'info': {'seed': '90597c5c3cb94293', 'results': 1, 'page': 1, 'version': '1.4'}}</msg>
<arg>${json_data}</arg>
<doc>Logs the given message with the given level.</doc>
<status status="PASS" start="2024-07-19T20:17:28.768882" elapsed="0.000320"/>
</kw>
<kw name="Dictionary Should Contain Key" owner="Collections">
<arg>${json_data}</arg>
<arg>results</arg>
<doc>Fails if ``key`` is not found from ``dictionary``.</doc>
<status status="PASS" start="2024-07-19T20:17:28.769650" elapsed="0.000267"/>
</kw>
<kw name="Should Not Be Empty" owner="BuiltIn">
<msg time="2024-07-19T20:17:28.770513" level="INFO">Length is 2.</msg>
<arg>${json_data}</arg>
<doc>Verifies that the given item is not empty.</doc>
<status status="PASS" start="2024-07-19T20:17:28.770245" elapsed="0.000337"/>
</kw>
<kw name="Create List" owner="BuiltIn">
<msg time="2024-07-19T20:17:28.771230" level="INFO">${expected_keys} = ['gender', 'name', 'location', 'email', 'login']</msg>
<var>${expected_keys}</var>
<arg>gender</arg>
<arg>name</arg>
<arg>location</arg>
<arg>email</arg>
<arg>login</arg>
<doc>Returns a list containing given items.</doc>
<status status="PASS" start="2024-07-19T20:17:28.771008" elapsed="0.000259"/>
</kw>
<for flavor="IN">
<iter>
<kw name="Dictionary Should Contain Key" owner="Collections">
<arg>${json_data['results'][0]}</arg>
<arg>${key}</arg>
<doc>Fails if ``key`` is not found from ``dictionary``.</doc>
<status status="PASS" start="2024-07-19T20:17:28.772182" elapsed="0.000696"/>
</kw>
<kw name="Log" owner="BuiltIn">
<msg time="2024-07-19T20:17:28.773797" level="INFO">{'gender': 'female', 'name': {'title': 'Mrs', 'first': 'Sharinda', 'last': 'Spoelder'}, 'location': {'street': {'number': 5680, 'name': 'De Weegbree'}, 'city': 'Oostwoud', 'state': 'Zeeland', 'country': 'Netherlands', 'postcode': '6665 AU', 'coordinates': {'latitude': '32.4135', 'longitude': '88.3010'}, 'timezone': {'offset': '-5:00', 'description': 'Eastern Time (US &amp; Canada), Bogota, Lima'}}, 'email': 'sharinda.spoelder@example.com', 'login': {'uuid': 'da9396ad-6f26-4e55-9f28-205ed2abd58d', 'username': 'orangedog123', 'password': 'blink', 'salt': '7lA3vve9', 'md5': '1105188a0ac7469ae136ace3a11163be', 'sha1': '92f01380322375ecf54ceed0e7c365d0cfadf39e', 'sha256': '0b0af0c32c27a3622a67b178ec211ad561acae9e0a13372be210a4cfde78fc7a'}, 'dob': {'date': '1963-02-23T00:59:39.507Z', 'age': 61}, 'registered': {'date': '2020-08-26T07:09:18.939Z', 'age': 3}, 'phone': '(0630) 837837', 'cell': '(06) 19981393', 'id': {'name': 'BSN', 'value': '07363496'}, 'picture': {'large': 'https://randomuser.me/api/portraits/women/82.jpg', 'medium': 'https://randomuser.me/api/portraits/med/women/82.jpg', 'thumbnail': 'https://randomuser.me/api/portraits/thumb/women/82.jpg'}, 'nat': 'NL'}</msg>
<arg>${json_data['results'][0]}</arg>
<doc>Logs the given message with the given level.</doc>
<status status="PASS" start="2024-07-19T20:17:28.773208" elapsed="0.000672"/>
</kw>
<kw name="Log" owner="BuiltIn">
<msg time="2024-07-19T20:17:28.774592" level="INFO">gender</msg>
<arg>${key}</arg>
<doc>Logs the given message with the given level.</doc>
<status status="PASS" start="2024-07-19T20:17:28.774350" elapsed="0.000307"/>
</kw>
<var name="${key}">gender</var>
<status status="PASS" start="2024-07-19T20:17:28.771974" elapsed="0.003001"/>
</iter>
<iter>
<kw name="Dictionary Should Contain Key" owner="Collections">
<arg>${json_data['results'][0]}</arg>
<arg>${key}</arg>
<doc>Fails if ``key`` is not found from ``dictionary``.</doc>
<status status="PASS" start="2024-07-19T20:17:28.775419" elapsed="0.000677"/>
</kw>
<kw name="Log" owner="BuiltIn">
<msg time="2024-07-19T20:17:28.777002" level="INFO">{'gender': 'female', 'name': {'title': 'Mrs', 'first': 'Sharinda', 'last': 'Spoelder'}, 'location': {'street': {'number': 5680, 'name': 'De Weegbree'}, 'city': 'Oostwoud', 'state': 'Zeeland', 'country': 'Netherlands', 'postcode': '6665 AU', 'coordinates': {'latitude': '32.4135', 'longitude': '88.3010'}, 'timezone': {'offset': '-5:00', 'description': 'Eastern Time (US &amp; Canada), Bogota, Lima'}}, 'email': 'sharinda.spoelder@example.com', 'login': {'uuid': 'da9396ad-6f26-4e55-9f28-205ed2abd58d', 'username': 'orangedog123', 'password': 'blink', 'salt': '7lA3vve9', 'md5': '1105188a0ac7469ae136ace3a11163be', 'sha1': '92f01380322375ecf54ceed0e7c365d0cfadf39e', 'sha256': '0b0af0c32c27a3622a67b178ec211ad561acae9e0a13372be210a4cfde78fc7a'}, 'dob': {'date': '1963-02-23T00:59:39.507Z', 'age': 61}, 'registered': {'date': '2020-08-26T07:09:18.939Z', 'age': 3}, 'phone': '(0630) 837837', 'cell': '(06) 19981393', 'id': {'name': 'BSN', 'value': '07363496'}, 'picture': {'large': 'https://randomuser.me/api/portraits/women/82.jpg', 'medium': 'https://randomuser.me/api/portraits/med/women/82.jpg', 'thumbnail': 'https://randomuser.me/api/portraits/thumb/women/82.jpg'}, 'nat': 'NL'}</msg>
<arg>${json_data['results'][0]}</arg>
<doc>Logs the given message with the given level.</doc>
<status status="PASS" start="2024-07-19T20:17:28.776430" elapsed="0.000655"/>
</kw>
<kw name="Log" owner="BuiltIn">
<msg time="2024-07-19T20:17:28.777738" level="INFO">name</msg>
<arg>${key}</arg>
<doc>Logs the given message with the given level.</doc>
<status status="PASS" start="2024-07-19T20:17:28.777547" elapsed="0.000258"/>
</kw>
<var name="${key}">name</var>
<status status="PASS" start="2024-07-19T20:17:28.775248" elapsed="0.002891"/>
</iter>
<iter>
<kw name="Dictionary Should Contain Key" owner="Collections">
<arg>${json_data['results'][0]}</arg>
<arg>${key}</arg>
<doc>Fails if ``key`` is not found from ``dictionary``.</doc>
<status status="PASS" start="2024-07-19T20:17:28.778595" elapsed="0.000636"/>
</kw>
<kw name="Log" owner="BuiltIn">
<msg time="2024-07-19T20:17:28.780106" level="INFO">{'gender': 'female', 'name': {'title': 'Mrs', 'first': 'Sharinda', 'last': 'Spoelder'}, 'location': {'street': {'number': 5680, 'name': 'De Weegbree'}, 'city': 'Oostwoud', 'state': 'Zeeland', 'country': 'Netherlands', 'postcode': '6665 AU', 'coordinates': {'latitude': '32.4135', 'longitude': '88.3010'}, 'timezone': {'offset': '-5:00', 'description': 'Eastern Time (US &amp; Canada), Bogota, Lima'}}, 'email': 'sharinda.spoelder@example.com', 'login': {'uuid': 'da9396ad-6f26-4e55-9f28-205ed2abd58d', 'username': 'orangedog123', 'password': 'blink', 'salt': '7lA3vve9', 'md5': '1105188a0ac7469ae136ace3a11163be', 'sha1': '92f01380322375ecf54ceed0e7c365d0cfadf39e', 'sha256': '0b0af0c32c27a3622a67b178ec211ad561acae9e0a13372be210a4cfde78fc7a'}, 'dob': {'date': '1963-02-23T00:59:39.507Z', 'age': 61}, 'registered': {'date': '2020-08-26T07:09:18.939Z', 'age': 3}, 'phone': '(0630) 837837', 'cell': '(06) 19981393', 'id': {'name': 'BSN', 'value': '07363496'}, 'picture': {'large': 'https://randomuser.me/api/portraits/women/82.jpg', 'medium': 'https://randomuser.me/api/portraits/med/women/82.jpg', 'thumbnail': 'https://randomuser.me/api/portraits/thumb/women/82.jpg'}, 'nat': 'NL'}</msg>
<arg>${json_data['results'][0]}</arg>
<doc>Logs the given message with the given level.</doc>
<status status="PASS" start="2024-07-19T20:17:28.779522" elapsed="0.000671"/>
</kw>
<kw name="Log" owner="BuiltIn">
<msg time="2024-07-19T20:17:28.780852" level="INFO">location</msg>
<arg>${key}</arg>
<doc>Logs the given message with the given level.</doc>
<status status="PASS" start="2024-07-19T20:17:28.780655" elapsed="0.000267"/>
</kw>
<var name="${key}">location</var>
<status status="PASS" start="2024-07-19T20:17:28.778400" elapsed="0.002862"/>
</iter>
<iter>
<kw name="Dictionary Should Contain Key" owner="Collections">
<arg>${json_data['results'][0]}</arg>
<arg>${key}</arg>
<doc>Fails if ``key`` is not found from ``dictionary``.</doc>
<status status="PASS" start="2024-07-19T20:17:28.781731" elapsed="0.000619"/>
</kw>
<kw name="Log" owner="BuiltIn">
<msg time="2024-07-19T20:17:28.783447" level="INFO">{'gender': 'female', 'name': {'title': 'Mrs', 'first': 'Sharinda', 'last': 'Spoelder'}, 'location': {'street': {'number': 5680, 'name': 'De Weegbree'}, 'city': 'Oostwoud', 'state': 'Zeeland', 'country': 'Netherlands', 'postcode': '6665 AU', 'coordinates': {'latitude': '32.4135', 'longitude': '88.3010'}, 'timezone': {'offset': '-5:00', 'description': 'Eastern Time (US &amp; Canada), Bogota, Lima'}}, 'email': 'sharinda.spoelder@example.com', 'login': {'uuid': 'da9396ad-6f26-4e55-9f28-205ed2abd58d', 'username': 'orangedog123', 'password': 'blink', 'salt': '7lA3vve9', 'md5': '1105188a0ac7469ae136ace3a11163be', 'sha1': '92f01380322375ecf54ceed0e7c365d0cfadf39e', 'sha256': '0b0af0c32c27a3622a67b178ec211ad561acae9e0a13372be210a4cfde78fc7a'}, 'dob': {'date': '1963-02-23T00:59:39.507Z', 'age': 61}, 'registered': {'date': '2020-08-26T07:09:18.939Z', 'age': 3}, 'phone': '(0630) 837837', 'cell': '(06) 19981393', 'id': {'name': 'BSN', 'value': '07363496'}, 'picture': {'large': 'https://randomuser.me/api/portraits/women/82.jpg', 'medium': 'https://randomuser.me/api/portraits/med/women/82.jpg', 'thumbnail': 'https://randomuser.me/api/portraits/thumb/women/82.jpg'}, 'nat': 'NL'}</msg>
<arg>${json_data['results'][0]}</arg>
<doc>Logs the given message with the given level.</doc>
<status status="PASS" start="2024-07-19T20:17:28.782859" elapsed="0.000668"/>
</kw>
<kw name="Log" owner="BuiltIn">
<msg time="2024-07-19T20:17:28.784191" level="INFO">email</msg>
<arg>${key}</arg>
<doc>Logs the given message with the given level.</doc>
<status status="PASS" start="2024-07-19T20:17:28.783985" elapsed="0.000269"/>
</kw>
<var name="${key}">email</var>
<status status="PASS" start="2024-07-19T20:17:28.781544" elapsed="0.003026"/>
</iter>
<iter>
<kw name="Dictionary Should Contain Key" owner="Collections">
<arg>${json_data['results'][0]}</arg>
<arg>${key}</arg>
<doc>Fails if ``key`` is not found from ``dictionary``.</doc>
<status status="PASS" start="2024-07-19T20:17:28.785007" elapsed="0.000659"/>
</kw>
<kw name="Log" owner="BuiltIn">
<msg time="2024-07-19T20:17:28.786614" level="INFO">{'gender': 'female', 'name': {'title': 'Mrs', 'first': 'Sharinda', 'last': 'Spoelder'}, 'location': {'street': {'number': 5680, 'name': 'De Weegbree'}, 'city': 'Oostwoud', 'state': 'Zeeland', 'country': 'Netherlands', 'postcode': '6665 AU', 'coordinates': {'latitude': '32.4135', 'longitude': '88.3010'}, 'timezone': {'offset': '-5:00', 'description': 'Eastern Time (US &amp; Canada), Bogota, Lima'}}, 'email': 'sharinda.spoelder@example.com', 'login': {'uuid': 'da9396ad-6f26-4e55-9f28-205ed2abd58d', 'username': 'orangedog123', 'password': 'blink', 'salt': '7lA3vve9', 'md5': '1105188a0ac7469ae136ace3a11163be', 'sha1': '92f01380322375ecf54ceed0e7c365d0cfadf39e', 'sha256': '0b0af0c32c27a3622a67b178ec211ad561acae9e0a13372be210a4cfde78fc7a'}, 'dob': {'date': '1963-02-23T00:59:39.507Z', 'age': 61}, 'registered': {'date': '2020-08-26T07:09:18.939Z', 'age': 3}, 'phone': '(0630) 837837', 'cell': '(06) 19981393', 'id': {'name': 'BSN', 'value': '07363496'}, 'picture': {'large': 'https://randomuser.me/api/portraits/women/82.jpg', 'medium': 'https://randomuser.me/api/portraits/med/women/82.jpg', 'thumbnail': 'https://randomuser.me/api/portraits/thumb/women/82.jpg'}, 'nat': 'NL'}</msg>
<arg>${json_data['results'][0]}</arg>
<doc>Logs the given message with the given level.</doc>
<status status="PASS" start="2024-07-19T20:17:28.785986" elapsed="0.000709"/>
</kw>
<kw name="Log" owner="BuiltIn">
<msg time="2024-07-19T20:17:28.787374" level="INFO">login</msg>
<arg>${key}</arg>
<doc>Logs the given message with the given level.</doc>
<status status="PASS" start="2024-07-19T20:17:28.787164" elapsed="0.000282"/>
</kw>
<var name="${key}">login</var>
<status status="PASS" start="2024-07-19T20:17:28.784827" elapsed="0.002975"/>
</iter>
<var>${key}</var>
<value>@{expected_keys}</value>
<status status="PASS" start="2024-07-19T20:17:28.771660" elapsed="0.016338"/>
</for>
<kw name="Create List" owner="BuiltIn">
<msg time="2024-07-19T20:17:28.788585" level="INFO">${expected_keysTwo} = ['username', 'password']</msg>
<var>${expected_keysTwo}</var>
<arg>username</arg>
<arg>password</arg>
<doc>Returns a list containing given items.</doc>
<status status="PASS" start="2024-07-19T20:17:28.788344" elapsed="0.000284"/>
</kw>
<for flavor="IN">
<iter>
<kw name="Dictionary Should Contain Key" owner="Collections">
<arg>${json_data['results'][0]['login']}</arg>
<arg>${keyTwo}</arg>
<doc>Fails if ``key`` is not found from ``dictionary``.</doc>
<status status="PASS" start="2024-07-19T20:17:28.789428" elapsed="0.000609"/>
</kw>
<kw name="Dictionary Should Contain Key" owner="Collections">
<arg>${json_data['results'][0]['login']}</arg>
<arg>${keyTwo}</arg>
<doc>Fails if ``key`` is not found from ``dictionary``.</doc>
<status status="PASS" start="2024-07-19T20:17:28.790349" elapsed="0.000700"/>
</kw>
<kw name="Log" owner="BuiltIn">
<msg time="2024-07-19T20:17:28.791542" level="INFO">username</msg>
<arg>${keyTwo}</arg>
<doc>Logs the given message with the given level.</doc>
<status status="PASS" start="2024-07-19T20:17:28.791343" elapsed="0.000277"/>
</kw>
<var name="${keyTwo}">username</var>
<status status="PASS" start="2024-07-19T20:17:28.789263" elapsed="0.002708"/>
</iter>
<iter>
<kw name="Dictionary Should Contain Key" owner="Collections">
<arg>${json_data['results'][0]['login']}</arg>
<arg>${keyTwo}</arg>
<doc>Fails if ``key`` is not found from ``dictionary``.</doc>
<status status="PASS" start="2024-07-19T20:17:28.792453" elapsed="0.000640"/>
</kw>
<kw name="Dictionary Should Contain Key" owner="Collections">
<arg>${json_data['results'][0]['login']}</arg>
<arg>${keyTwo}</arg>
<doc>Fails if ``key`` is not found from ``dictionary``.</doc>
<status status="PASS" start="2024-07-19T20:17:28.793377" elapsed="0.000645"/>
</kw>
<kw name="Log" owner="BuiltIn">
<msg time="2024-07-19T20:17:28.794591" level="INFO">password</msg>
<arg>${keyTwo}</arg>
<doc>Logs the given message with the given level.</doc>
<status status="PASS" start="2024-07-19T20:17:28.794352" elapsed="0.000304"/>
</kw>
<var name="${keyTwo}">password</var>
<status status="PASS" start="2024-07-19T20:17:28.792260" elapsed="0.002726"/>
</iter>
<var>${keyTwo}</var>
<value>@{expected_keysTwo}</value>
<status status="PASS" start="2024-07-19T20:17:28.789019" elapsed="0.006179"/>
</for>
<status status="PASS" start="2024-07-19T20:17:28.656745" elapsed="0.138708"/>
</kw>
<doc>Testa a estrutura da resposta da API.</doc>
<tag>testeEstruturaResposta</tag>
<status status="PASS" start="2024-07-19T20:17:28.656246" elapsed="0.139481"/>
</test>
<test id="s1-s1-t4" name="Validar tipos de dados" line="28">
<kw name="Teste de Tipos de Dados" owner="random-user-service">
<kw name="GET On Session" owner="RequestsLibrary">
<msg time="2024-07-19T20:17:28.851658" level="INFO">GET Request : url=https://randomuser.me/api 
 path_url=/api 
 headers={'User-Agent': 'python-requests/2.32.3', 'Accept-Encoding': 'gzip, deflate', 'Accept': '*/*', 'Connection': 'keep-alive'} 
 body=None 
 </msg>
<msg time="2024-07-19T20:17:28.851745" level="INFO">GET Response : url=https://randomuser.me/api 
 status=200, reason=OK 
 headers={'Date': 'Fri, 19 Jul 2024 20:17:28 GMT', 'Content-Type': 'application/json; charset=utf-8', 'Transfer-Encoding': 'chunked', 'Connection': 'keep-alive', 'X-Powered-By': 'Express', 'Access-Control-Allow-Origin': '*', 'Cache-Control': 'no-cache', 'ETag': 'W/"4a8-Jp60Nb+9ucKWRq/B3gPefg0Wfqc"', 'Vary': 'Accept-Encoding', 'Content-Encoding': 'gzip', 'CF-Cache-Status': 'DYNAMIC', 'Report-To': '{"endpoints":[{"url":"https:\\/\\/a.nel.cloudflare.com\\/report\\/v4?s=W8dw8oxvUTZYgzsJB5LLLXyWQ25lGHndpRP8%2BJuxYodZjir6fWzLUAVafHt5d2nmBkybEnOTaC3xJybRautrF6djYbHN4Oa%2FaMaCs7Hd6stLpmg0SPP9Gs1yXWTTyAK9"}],"group":"cf-nel","max_age":604800}', 'NEL': '{"success_fraction":0,"report_to":"cf-nel","max_age":604800}', 'Server': 'cloudflare', 'CF-RAY': '8a5d652b0bfc3940-IAD', 'alt-svc': 'h3=":443"; ma=86400'} 
 body={"results":[{"gender":"male","name":{"title":"Mr","first":"Dalibor","last":"StanićStanković"},"location":{"street":{"number":7352,"name":"Ninka Petrovića "},"city":"Šabac","state":"South Bačka","country":"Serbia","postcode":10904,"coordinates":{"latitude":"59.9342","longitude":"-144.2851"},"timezone":{"offset":"+8:00","description":"Beijing, Perth, Singapore, Hong Kong"}},"email":"dalibor.stanicstankovic@example.com","login":{"uuid":"2cdb9bc0-3f9b-4b5d-b288-c702b4bb8756","username":"lazyleopard799","password":"blue99","salt":"m8LRQu17","md5":"3e6058415fc1dc9128d7113b7031c532","sha1":"ee8c794bd4abdb0e49b563cd5fac8af939e104b3","sha256":"0ab3e9d0991f37445a4f332142468d33de99f7b3e30989f3ae8f127c1cc55cef"},"dob":{"date":"1970-07-14T07:43:44.305Z","age":54},"registered":{"date":"2003-02-21T09:37:20.210Z","age":21},"phone":"032-7654-343","cell":"068-5473-867","id":{"name":"SID","value":"144812584"},"picture":{"large":"https://randomuser.me/api/portraits/men/18.jpg","medium":"https://randomuser.me/api/portraits/med/men/18.jpg","thumbnail":"https://randomuser.me/api/portraits/thumb/men/18.jpg"},"nat":"RS"}],"info":{"seed":"a6efe56bfb22db6c","results":1,"page":1,"version":"1.4"}} 
 </msg>
<msg time="2024-07-19T20:17:28.851823" level="INFO">/opt/hostedtoolcache/Python/3.12.4/x64/lib/python3.12/site-packages/urllib3/connectionpool.py:1099: InsecureRequestWarning: Unverified HTTPS request is being made to host 'randomuser.me'. Adding certificate verification is strongly advised. See: https://urllib3.readthedocs.io/en/latest/advanced-usage.html#tls-warnings
  warnings.warn(</msg>
<msg time="2024-07-19T20:17:28.851944" level="INFO">${response} = &lt;Response [200]&gt;</msg>
<var>${response}</var>
<arg>consultarAPI</arg>
<arg>/api</arg>
<doc>Sends a GET request on a previously created HTTP Session.</doc>
<status status="PASS" start="2024-07-19T20:17:28.800014" elapsed="0.051986"/>
</kw>
<kw name="Set Variable" owner="BuiltIn">
<msg time="2024-07-19T20:17:28.853111" level="INFO">${json_data} = {'results': [{'gender': 'male', 'name': {'title': 'Mr', 'first': 'Dalibor', 'last': 'StanićStanković'}, 'location': {'street': {'number': 7352, 'name': 'Ninka Petrovića '}, 'city': 'Šabac', 'state': '...</msg>
<var>${json_data}</var>
<arg>${response.json()}</arg>
<doc>Returns the given values which can then be assigned to a variables.</doc>
<status status="PASS" start="2024-07-19T20:17:28.852518" elapsed="0.000625"/>
</kw>
<kw name="Log" owner="BuiltIn">
<msg time="2024-07-19T20:17:28.853621" level="INFO">{'results': [{'gender': 'male', 'name': {'title': 'Mr', 'first': 'Dalibor', 'last': 'StanićStanković'}, 'location': {'street': {'number': 7352, 'name': 'Ninka Petrovića '}, 'city': 'Šabac', 'state': 'South Bačka', 'country': 'Serbia', 'postcode': 10904, 'coordinates': {'latitude': '59.9342', 'longitude': '-144.2851'}, 'timezone': {'offset': '+8:00', 'description': 'Beijing, Perth, Singapore, Hong Kong'}}, 'email': 'dalibor.stanicstankovic@example.com', 'login': {'uuid': '2cdb9bc0-3f9b-4b5d-b288-c702b4bb8756', 'username': 'lazyleopard799', 'password': 'blue99', 'salt': 'm8LRQu17', 'md5': '3e6058415fc1dc9128d7113b7031c532', 'sha1': 'ee8c794bd4abdb0e49b563cd5fac8af939e104b3', 'sha256': '0ab3e9d0991f37445a4f332142468d33de99f7b3e30989f3ae8f127c1cc55cef'}, 'dob': {'date': '1970-07-14T07:43:44.305Z', 'age': 54}, 'registered': {'date': '2003-02-21T09:37:20.210Z', 'age': 21}, 'phone': '032-7654-343', 'cell': '068-5473-867', 'id': {'name': 'SID', 'value': '144812584'}, 'picture': {'large': 'https://randomuser.me/api/portraits/men/18.jpg', 'medium': 'https://randomuser.me/api/portraits/med/men/18.jpg', 'thumbnail': 'https://randomuser.me/api/portraits/thumb/men/18.jpg'}, 'nat': 'RS'}], 'info': {'seed': 'a6efe56bfb22db6c', 'results': 1, 'page': 1, 'version': '1.4'}}</msg>
<arg>${json_data}</arg>
<doc>Logs the given message with the given level.</doc>
<status status="PASS" start="2024-07-19T20:17:28.853461" elapsed="0.000213"/>
</kw>
<kw name="Should Be String" owner="String">
<arg>${json_data['results'][0]['gender']}</arg>
<doc>Fails if the given ``item`` is not a string.</doc>
<status status="PASS" start="2024-07-19T20:17:28.853980" elapsed="0.000384"/>
</kw>
<kw name="Should Match Regexp" owner="BuiltIn">
<arg>${json_data['results'][0]['email']}</arg>
<arg>^[a-zA-Z0-9._%+-]+@[a-zA-Z0-9.-]+\.[a-zA-Z]{2,}$</arg>
<doc>Fails if ``string`` does not match ``pattern`` as a regular expression.</doc>
<status status="PASS" start="2024-07-19T20:17:28.854630" elapsed="0.000528"/>
</kw>
<kw name="Should Match Regexp" owner="BuiltIn">
<arg>${json_data['results'][0]['dob']['date']}</arg>
<arg>\\d{4}-\\d{2}-\\d{2}T\\d{2}:\\d{2}:\\d{2}\\.\\d{3}Z</arg>
<doc>Fails if ``string`` does not match ``pattern`` as a regular expression.</doc>
<status status="PASS" start="2024-07-19T20:17:28.855358" elapsed="0.000630"/>
</kw>
<kw name="Should Match Regexp" owner="BuiltIn">
<arg>${json_data['results'][0]['registered']['date']}</arg>
<arg>\\d{4}-\\d{2}-\\d{2}T\\d{2}:\\d{2}:\\d{2}\\.\\d{3}Z</arg>
<doc>Fails if ``string`` does not match ``pattern`` as a regular expression.</doc>
<status status="PASS" start="2024-07-19T20:17:28.856181" elapsed="0.000372"/>
</kw>
<kw name="Should Match Regexp" owner="BuiltIn">
<arg>${json_data['results'][0]['picture']['large']}</arg>
<arg>^https?://.*\.(?:png|jpe?g|gif|bmp)$</arg>
<doc>Fails if ``string`` does not match ``pattern`` as a regular expression.</doc>
<status status="PASS" start="2024-07-19T20:17:28.856744" elapsed="0.000459"/>
</kw>
<kw name="Should Match Regexp" owner="BuiltIn">
<arg>${json_data['results'][0]['picture']['medium']}</arg>
<arg>^https?://.*\.(?:png|jpe?g|gif|bmp)$</arg>
<doc>Fails if ``string`` does not match ``pattern`` as a regular expression.</doc>
<status status="PASS" start="2024-07-19T20:17:28.857390" elapsed="0.000352"/>
</kw>
<kw name="Should Match Regexp" owner="BuiltIn">
<arg>${json_data['results'][0]['picture']['thumbnail']}</arg>
<arg>^https?://.*\.(?:png|jpe?g|gif|bmp)$</arg>
<doc>Fails if ``string`` does not match ``pattern`` as a regular expression.</doc>
<status status="PASS" start="2024-07-19T20:17:28.857924" elapsed="0.000348"/>
</kw>
<kw name="Log" owner="BuiltIn">
<msg time="2024-07-19T20:17:28.858812" level="INFO">{'large': 'https://randomuser.me/api/portraits/men/18.jpg', 'medium': 'https://randomuser.me/api/portraits/med/men/18.jpg', 'thumbnail': 'https://randomuser.me/api/portraits/thumb/men/18.jpg'}</msg>
<arg>${json_data['results'][0]['picture']}</arg>
<doc>Logs the given message with the given level.</doc>
<status status="PASS" start="2024-07-19T20:17:28.858453" elapsed="0.000403"/>
</kw>
<status status="PASS" start="2024-07-19T20:17:28.799648" elapsed="0.059466"/>
</kw>
<kw name="Teste de Tipos de Dados - Postcode" owner="random-user-service">
<kw name="GET On Session" owner="RequestsLibrary">
<msg time="2024-07-19T20:17:28.958616" level="INFO">GET Request : url=https://randomuser.me/api 
 path_url=/api 
 headers={'User-Agent': 'python-requests/2.32.3', 'Accept-Encoding': 'gzip, deflate', 'Accept': '*/*', 'Connection': 'keep-alive'} 
 body=None 
 </msg>
<msg time="2024-07-19T20:17:28.958727" level="INFO">GET Response : url=https://randomuser.me/api 
 status=200, reason=OK 
 headers={'Date': 'Fri, 19 Jul 2024 20:17:28 GMT', 'Content-Type': 'application/json; charset=utf-8', 'Transfer-Encoding': 'chunked', 'Connection': 'keep-alive', 'X-Powered-By': 'Express', 'Access-Control-Allow-Origin': '*', 'Cache-Control': 'no-cache', 'ETag': 'W/"478-cMs6K8TKjSDNj9+QFSj2/NXJ0WU"', 'Vary': 'Accept-Encoding', 'Content-Encoding': 'gzip', 'CF-Cache-Status': 'DYNAMIC', 'Report-To': '{"endpoints":[{"url":"https:\\/\\/a.nel.cloudflare.com\\/report\\/v4?s=ReJ2dApmLubvZDpItS7YxIFPJqO3rdZg%2F3YsuK76KpYk%2FpsDM%2F9RfiTkq94pDC3%2Fu5i8suHk348pKS3R3bvVr02EkFzDOVJuClrrfN5R75Ipu%2Bh3boVkRBSeb2LULRy3"}],"group":"cf-nel","max_age":604800}', 'NEL': '{"success_fraction":0,"report_to":"cf-nel","max_age":604800}', 'Server': 'cloudflare', 'CF-RAY': '8a5d652b5c7b3940-IAD', 'alt-svc': 'h3=":443"; ma=86400'} 
 body={"results":[{"gender":"male","name":{"title":"Mr","first":"Joseph","last":"Shelton"},"location":{"street":{"number":6594,"name":"Mcgowen St"},"city":"High Point","state":"Ohio","country":"United States","postcode":22550,"coordinates":{"latitude":"87.6358","longitude":"-59.2335"},"timezone":{"offset":"-10:00","description":"Hawaii"}},"email":"joseph.shelton@example.com","login":{"uuid":"8d1a76b2-46e2-48d6-88f3-adf975f64bd1","username":"whiteelephant702","password":"kings","salt":"ry6iH2Ar","md5":"5c3ce00b1a414d00a05a7e65a6c875e8","sha1":"68092b7ca78c6686179c78c8bc3ad691eae374b3","sha256":"5f1f6317e010962c781b7547f317f853b45c018deb53c16866aa20c1a48b7b14"},"dob":{"date":"1994-04-13T09:52:35.565Z","age":30},"registered":{"date":"2021-11-21T10:34:22.611Z","age":2},"phone":"(539) 527-8100","cell":"(248) 387-5853","id":{"name":"SSN","value":"539-76-9074"},"picture":{"large":"https://randomuser.me/api/portraits/men/59.jpg","medium":"https://randomuser.me/api/portraits/med/men/59.jpg","thumbnail":"https://randomuser.me/api/portraits/thumb/men/59.jpg"},"nat":"US"}],"info":{"seed":"063ccb99f98962e5","results":1,"page":1,"version":"1.4"}} 
 </msg>
<msg time="2024-07-19T20:17:28.958801" level="INFO">/opt/hostedtoolcache/Python/3.12.4/x64/lib/python3.12/site-packages/urllib3/connectionpool.py:1099: InsecureRequestWarning: Unverified HTTPS request is being made to host 'randomuser.me'. Adding certificate verification is strongly advised. See: https://urllib3.readthedocs.io/en/latest/advanced-usage.html#tls-warnings
  warnings.warn(</msg>
<msg time="2024-07-19T20:17:28.958928" level="INFO">${response} = &lt;Response [200]&gt;</msg>
<var>${response}</var>
<arg>consultarAPI</arg>
<arg>/api</arg>
<doc>Sends a GET request on a previously created HTTP Session.</doc>
<status status="PASS" start="2024-07-19T20:17:28.859549" elapsed="0.099419"/>
</kw>
<kw name="Set Variable" owner="BuiltIn">
<msg time="2024-07-19T20:17:28.960210" level="INFO">${json_data} = {'results': [{'gender': 'male', 'name': {'title': 'Mr', 'first': 'Joseph', 'last': 'Shelton'}, 'location': {'street': {'number': 6594, 'name': 'Mcgowen St'}, 'city': 'High Point', 'state': 'Ohio', 'co...</msg>
<var>${json_data}</var>
<arg>${response.json()}</arg>
<doc>Returns the given values which can then be assigned to a variables.</doc>
<status status="PASS" start="2024-07-19T20:17:28.959613" elapsed="0.000625"/>
</kw>
<kw name="Log" owner="BuiltIn">
<msg time="2024-07-19T20:17:28.960787" level="INFO">{'results': [{'gender': 'male', 'name': {'title': 'Mr', 'first': 'Joseph', 'last': 'Shelton'}, 'location': {'street': {'number': 6594, 'name': 'Mcgowen St'}, 'city': 'High Point', 'state': 'Ohio', 'country': 'United States', 'postcode': 22550, 'coordinates': {'latitude': '87.6358', 'longitude': '-59.2335'}, 'timezone': {'offset': '-10:00', 'description': 'Hawaii'}}, 'email': 'joseph.shelton@example.com', 'login': {'uuid': '8d1a76b2-46e2-48d6-88f3-adf975f64bd1', 'username': 'whiteelephant702', 'password': 'kings', 'salt': 'ry6iH2Ar', 'md5': '5c3ce00b1a414d00a05a7e65a6c875e8', 'sha1': '68092b7ca78c6686179c78c8bc3ad691eae374b3', 'sha256': '5f1f6317e010962c781b7547f317f853b45c018deb53c16866aa20c1a48b7b14'}, 'dob': {'date': '1994-04-13T09:52:35.565Z', 'age': 30}, 'registered': {'date': '2021-11-21T10:34:22.611Z', 'age': 2}, 'phone': '(539) 527-8100', 'cell': '(248) 387-5853', 'id': {'name': 'SSN', 'value': '539-76-9074'}, 'picture': {'large': 'https://randomuser.me/api/portraits/men/59.jpg', 'medium': 'https://randomuser.me/api/portraits/med/men/59.jpg', 'thumbnail': 'https://randomuser.me/api/portraits/thumb/men/59.jpg'}, 'nat': 'US'}], 'info': {'seed': '063ccb99f98962e5', 'results': 1, 'page': 1, 'version': '1.4'}}</msg>
<arg>${json_data}</arg>
<doc>Logs the given message with the given level.</doc>
<status status="PASS" start="2024-07-19T20:17:28.960611" elapsed="0.000225"/>
</kw>
<kw name="Should Be Equal As Numbers" owner="BuiltIn">
<arg>${json_data['results'][0]['location']['postcode']}</arg>
<arg>${json_data['results'][0]['location']['postcode']}</arg>
<doc>Fails if objects are unequal after converting them to real numbers.</doc>
<status status="PASS" start="2024-07-19T20:17:28.961151" elapsed="0.000636"/>
</kw>
<kw name="Log" owner="BuiltIn">
<msg time="2024-07-19T20:17:28.962365" level="INFO">22550</msg>
<arg>${json_data['results'][0]['location']['postcode']}</arg>
<doc>Logs the given message with the given level.</doc>
<status status="PASS" start="2024-07-19T20:17:28.962014" elapsed="0.000393"/>
</kw>
<status status="PASS" start="2024-07-19T20:17:28.859328" elapsed="0.103385"/>
</kw>
<doc>Testa se os tipos de dados na resposta da API estão corretos.</doc>
<tag>testeTiposDados</tag>
<status status="PASS" start="2024-07-19T20:17:28.798979" elapsed="0.163906"/>
</test>
<test id="s1-s1-t5" name="Validar conteudo" line="35">
<kw name="Teste de Tipos de Conteudo" owner="random-user-service">
<kw name="GET On Session" owner="RequestsLibrary">
<msg time="2024-07-19T20:17:29.054192" level="INFO">GET Request : url=https://randomuser.me/api 
 path_url=/api 
 headers={'User-Agent': 'python-requests/2.32.3', 'Accept-Encoding': 'gzip, deflate', 'Accept': '*/*', 'Connection': 'keep-alive'} 
 body=None 
 </msg>
<msg time="2024-07-19T20:17:29.054312" level="INFO">GET Response : url=https://randomuser.me/api 
 status=200, reason=OK 
 headers={'Date': 'Fri, 19 Jul 2024 20:17:29 GMT', 'Content-Type': 'application/json; charset=utf-8', 'Transfer-Encoding': 'chunked', 'Connection': 'keep-alive', 'X-Powered-By': 'Express', 'Access-Control-Allow-Origin': '*', 'Cache-Control': 'no-cache', 'ETag': 'W/"485-nTZugjmdpR37iN6y8ZKct17Ai2Q"', 'Vary': 'Accept-Encoding', 'Content-Encoding': 'gzip', 'CF-Cache-Status': 'DYNAMIC', 'Report-To': '{"endpoints":[{"url":"https:\\/\\/a.nel.cloudflare.com\\/report\\/v4?s=3jepIXe0l61gbuJCplEx5mx9uGNMbStUrDKtDyQAAuBAdCmzGhpKf%2F3NssagyImtRt6HnRM9d%2BbzrlaynrZNvNNkFSSMqWL2H2FstsjM4rCAVcrmVF4Y1Ru4IzJQkTlD"}],"group":"cf-nel","max_age":604800}', 'NEL': '{"success_fraction":0,"report_to":"cf-nel","max_age":604800}', 'Server': 'cloudflare', 'CF-RAY': '8a5d652c0d7a3940-IAD', 'alt-svc': 'h3=":443"; ma=86400'} 
 body={"results":[{"gender":"male","name":{"title":"Mr","first":"Leo","last":"Holt"},"location":{"street":{"number":3171,"name":"E Sandy Lake Rd"},"city":"Port St. Lucie","state":"Arkansas","country":"United States","postcode":77430,"coordinates":{"latitude":"87.2943","longitude":"-0.6438"},"timezone":{"offset":"+7:00","description":"Bangkok, Hanoi, Jakarta"}},"email":"leo.holt@example.com","login":{"uuid":"96c53b1b-dd05-4f2d-b61d-474633c45406","username":"bigswan338","password":"gregory","salt":"23bu7jY0","md5":"7752f40e38b7879ae379a5360f9b5ed2","sha1":"8163792d8c1d086b53c7f9c05654c19c43eed110","sha256":"3d5dd08b1d680501b72246a070668c60058094ef18e157020fa4932a25638ba5"},"dob":{"date":"1972-02-04T10:47:08.528Z","age":52},"registered":{"date":"2007-12-01T16:06:46.743Z","age":16},"phone":"(327) 432-0459","cell":"(797) 205-8656","id":{"name":"SSN","value":"222-72-2952"},"picture":{"large":"https://randomuser.me/api/portraits/men/41.jpg","medium":"https://randomuser.me/api/portraits/med/men/41.jpg","thumbnail":"https://randomuser.me/api/portraits/thumb/men/41.jpg"},"nat":"US"}],"info":{"seed":"bf5b90440e5fd4fc","results":1,"page":1,"version":"1.4"}} 
 </msg>
<msg time="2024-07-19T20:17:29.054403" level="INFO">/opt/hostedtoolcache/Python/3.12.4/x64/lib/python3.12/site-packages/urllib3/connectionpool.py:1099: InsecureRequestWarning: Unverified HTTPS request is being made to host 'randomuser.me'. Adding certificate verification is strongly advised. See: https://urllib3.readthedocs.io/en/latest/advanced-usage.html#tls-warnings
  warnings.warn(</msg>
<msg time="2024-07-19T20:17:29.054577" level="INFO">${response} = &lt;Response [200]&gt;</msg>
<var>${response}</var>
<arg>consultarAPI</arg>
<arg>/api</arg>
<doc>Sends a GET request on a previously created HTTP Session.</doc>
<status status="PASS" start="2024-07-19T20:17:28.965508" elapsed="0.089119"/>
</kw>
<kw name="Set Variable" owner="BuiltIn">
<msg time="2024-07-19T20:17:29.055930" level="INFO">${json_data} = {'results': [{'gender': 'male', 'name': {'title': 'Mr', 'first': 'Leo', 'last': 'Holt'}, 'location': {'street': {'number': 3171, 'name': 'E Sandy Lake Rd'}, 'city': 'Port St. Lucie', 'state': 'Arkansa...</msg>
<var>${json_data}</var>
<arg>${response.json()}</arg>
<doc>Returns the given values which can then be assigned to a variables.</doc>
<status status="PASS" start="2024-07-19T20:17:29.055324" elapsed="0.000636"/>
</kw>
<kw name="Set Variable" owner="BuiltIn">
<msg time="2024-07-19T20:17:29.056734" level="INFO">${name_title} = Mr</msg>
<var>${name_title}</var>
<arg>${json_data["results"][0]["name"]["title"]}</arg>
<doc>Returns the given values which can then be assigned to a variables.</doc>
<status status="PASS" start="2024-07-19T20:17:29.056329" elapsed="0.000431"/>
</kw>
<kw name="Create List" owner="BuiltIn">
<msg time="2024-07-19T20:17:29.057236" level="INFO">${allowed_titles} = ['Mr', 'Ms', 'Miss', 'Mrs', 'Madame', 'Monsieur']</msg>
<var>${allowed_titles}</var>
<arg>Mr</arg>
<arg>Ms</arg>
<arg>Miss</arg>
<arg>Mrs</arg>
<arg>Madame</arg>
<arg>Monsieur</arg>
<doc>Returns a list containing given items.</doc>
<status status="PASS" start="2024-07-19T20:17:29.057082" elapsed="0.000180"/>
</kw>
<kw name="List Should Contain Value" owner="Collections">
<arg>${allowed_titles}</arg>
<arg>${name_title}</arg>
<doc>Fails if the ``value`` is not found from ``list``.</doc>
<status status="PASS" start="2024-07-19T20:17:29.057571" elapsed="0.000199"/>
</kw>
<kw name="Set Variable" owner="BuiltIn">
<msg time="2024-07-19T20:17:29.058343" level="INFO">${name_country} = US</msg>
<var>${name_country}</var>
<arg>${json_data["results"][0]["nat"]}</arg>
<doc>Returns the given values which can then be assigned to a variables.</doc>
<status status="PASS" start="2024-07-19T20:17:29.057959" elapsed="0.000410"/>
</kw>
<kw name="Create List" owner="BuiltIn">
<msg time="2024-07-19T20:17:29.059306" level="INFO">${list_country} = ['AD', 'AE', 'AF', 'AG', 'AI', 'AL', 'AM', 'AO', 'AQ', 'AR', 'AS', 'AT', 'AU', 'AW', 'AX', 'AZ', 'BA', 'BB', 'BD', 'BE', 'BF', 'BG', 'BH', 'BI', 'BJ', 'BL', 'BM', 'BN', 'BO', 'BQ', 'BR', 'BS', 'BT', '...</msg>
<var>${list_country}</var>
<arg>AD</arg>
<arg>AE</arg>
<arg>AF</arg>
<arg>AG</arg>
<arg>AI</arg>
<arg>AL</arg>
<arg>AM</arg>
<arg>AO</arg>
<arg>AQ</arg>
<arg>AR</arg>
<arg>AS</arg>
<arg>AT</arg>
<arg>AU</arg>
<arg>AW</arg>
<arg>AX</arg>
<arg>AZ</arg>
<arg>BA</arg>
<arg>BB</arg>
<arg>BD</arg>
<arg>BE</arg>
<arg>BF</arg>
<arg>BG</arg>
<arg>BH</arg>
<arg>BI</arg>
<arg>BJ</arg>
<arg>BL</arg>
<arg>BM</arg>
<arg>BN</arg>
<arg>BO</arg>
<arg>BQ</arg>
<arg>BR</arg>
<arg>BS</arg>
<arg>BT</arg>
<arg>BV</arg>
<arg>BW</arg>
<arg>BY</arg>
<arg>BZ</arg>
<arg>CA</arg>
<arg>CC</arg>
<arg>CD</arg>
<arg>CF</arg>
<arg>CG</arg>
<arg>CH</arg>
<arg>CI</arg>
<arg>CK</arg>
<arg>CL</arg>
<arg>CM</arg>
<arg>CN</arg>
<arg>CO</arg>
<arg>CR</arg>
<arg>CU</arg>
<arg>CV</arg>
<arg>CW</arg>
<arg>CX</arg>
<arg>CY</arg>
<arg>CZ</arg>
<arg>DE</arg>
<arg>DJ</arg>
<arg>DK</arg>
<arg>DM</arg>
<arg>DO</arg>
<arg>DZ</arg>
<arg>EC</arg>
<arg>EE</arg>
<arg>EG</arg>
<arg>EH</arg>
<arg>ER</arg>
<arg>ES</arg>
<arg>ET</arg>
<arg>FI</arg>
<arg>FJ</arg>
<arg>FK</arg>
<arg>FM</arg>
<arg>FO</arg>
<arg>FR</arg>
<arg>GA</arg>
<arg>GB</arg>
<arg>GD</arg>
<arg>GE</arg>
<arg>GF</arg>
<arg>GG</arg>
<arg>GH</arg>
<arg>GI</arg>
<arg>GL</arg>
<arg>GM</arg>
<arg>GN</arg>
<arg>GP</arg>
<arg>GQ</arg>
<arg>GR</arg>
<arg>GS</arg>
<arg>GT</arg>
<arg>GU</arg>
<arg>GW</arg>
<arg>GY</arg>
<arg>HK</arg>
<arg>HM</arg>
<arg>HN</arg>
<arg>HR</arg>
<arg>HT</arg>
<arg>HU</arg>
<arg>ID</arg>
<arg>IE</arg>
<arg>IL</arg>
<arg>IM</arg>
<arg>IN</arg>
<arg>IO</arg>
<arg>IQ</arg>
<arg>IR</arg>
<arg>IS</arg>
<arg>IT</arg>
<arg>JE</arg>
<arg>JM</arg>
<arg>JO</arg>
<arg>JP</arg>
<arg>KE</arg>
<arg>KG</arg>
<arg>KH</arg>
<arg>KI</arg>
<arg>KM</arg>
<arg>KN</arg>
<arg>KP</arg>
<arg>KR</arg>
<arg>KW</arg>
<arg>KY</arg>
<arg>KZ</arg>
<arg>LA</arg>
<arg>LB</arg>
<arg>LC</arg>
<arg>LI</arg>
<arg>LK</arg>
<arg>LR</arg>
<arg>LS</arg>
<arg>LT</arg>
<arg>LU</arg>
<arg>LV</arg>
<arg>LY</arg>
<arg>MA</arg>
<arg>MC</arg>
<arg>MD</arg>
<arg>ME</arg>
<arg>MF</arg>
<arg>MG</arg>
<arg>MH</arg>
<arg>MK</arg>
<arg>ML</arg>
<arg>MM</arg>
<arg>MN</arg>
<arg>MO</arg>
<arg>MP</arg>
<arg>MQ</arg>
<arg>MR</arg>
<arg>MS</arg>
<arg>MT</arg>
<arg>MU</arg>
<arg>MV</arg>
<arg>MW</arg>
<arg>MX</arg>
<arg>MY</arg>
<arg>MZ</arg>
<arg>NA</arg>
<arg>NC</arg>
<arg>NE</arg>
<arg>NF</arg>
<arg>NG</arg>
<arg>NI</arg>
<arg>NL</arg>
<arg>NO</arg>
<arg>NP</arg>
<arg>NR</arg>
<arg>NU</arg>
<arg>NZ</arg>
<arg>OM</arg>
<arg>PA</arg>
<arg>PE</arg>
<arg>PF</arg>
<arg>PG</arg>
<arg>PH</arg>
<arg>PK</arg>
<arg>PL</arg>
<arg>PM</arg>
<arg>PN</arg>
<arg>PR</arg>
<arg>PS</arg>
<arg>PT</arg>
<arg>PW</arg>
<arg>PY</arg>
<arg>QA</arg>
<arg>RE</arg>
<arg>RO</arg>
<arg>RS</arg>
<arg>RU</arg>
<arg>RW</arg>
<arg>SA</arg>
<arg>SB</arg>
<arg>SC</arg>
<arg>SD</arg>
<arg>SE</arg>
<arg>SG</arg>
<arg>SH</arg>
<arg>SI</arg>
<arg>SJ</arg>
<arg>SK</arg>
<arg>SL</arg>
<arg>SM</arg>
<arg>SN</arg>
<arg>SO</arg>
<arg>SR</arg>
<arg>SS</arg>
<arg>ST</arg>
<arg>SV</arg>
<arg>SX</arg>
<arg>SY</arg>
<arg>SZ</arg>
<arg>TC</arg>
<arg>TD</arg>
<arg>TF</arg>
<arg>TG</arg>
<arg>TH</arg>
<arg>TJ</arg>
<arg>TK</arg>
<arg>TL</arg>
<arg>TM</arg>
<arg>TN</arg>
<arg>TO</arg>
<arg>TR</arg>
<arg>TT</arg>
<arg>TV</arg>
<arg>TW</arg>
<arg>TZ</arg>
<arg>UA</arg>
<arg>UG</arg>
<arg>UM</arg>
<arg>US</arg>
<arg>UY</arg>
<arg>UZ</arg>
<arg>VA</arg>
<arg>VC</arg>
<arg>VE</arg>
<arg>VG</arg>
<arg>VI</arg>
<arg>VN</arg>
<arg>VU</arg>
<arg>WF</arg>
<arg>WS</arg>
<arg>XK</arg>
<arg>YE</arg>
<arg>YT</arg>
<arg>ZA</arg>
<arg>ZM</arg>
<arg>ZW</arg>
<doc>Returns a list containing given items.</doc>
<status status="PASS" start="2024-07-19T20:17:29.058706" elapsed="0.000625"/>
</kw>
<kw name="List Should Contain Value" owner="Collections">
<arg>${list_country}</arg>
<arg>${name_country}</arg>
<doc>Fails if the ``value`` is not found from ``list``.</doc>
<status status="PASS" start="2024-07-19T20:17:29.060326" elapsed="0.000214"/>
</kw>
<kw name="Run Keyword If" owner="BuiltIn">
<kw name="Should Be True" owner="BuiltIn">
<arg>${True}</arg>
<doc>Fails if the given condition is not true.</doc>
<status status="PASS" start="2024-07-19T20:17:29.061488" elapsed="0.000142"/>
</kw>
<arg>${json_data["results"][0]["location"]["coordinates"]["latitude"]} &gt;= -90 and ${json_data["results"][0]["location"]["coordinates"]["latitude"]} &lt;= 90</arg>
<arg>Should Be True</arg>
<arg>${True}</arg>
<doc>Runs the given keyword with the given arguments, if ``condition`` is true.</doc>
<status status="PASS" start="2024-07-19T20:17:29.060741" elapsed="0.001014"/>
</kw>
<kw name="Run Keyword If" owner="BuiltIn">
<kw name="Should Be True" owner="BuiltIn">
<arg>${True}</arg>
<doc>Fails if the given condition is not true.</doc>
<status status="PASS" start="2024-07-19T20:17:29.062694" elapsed="0.000138"/>
</kw>
<arg>${json_data["results"][0]["location"]["coordinates"]["longitude"]} &gt;= -180 and ${json_data["results"][0]["location"]["coordinates"]["longitude"]} &lt;= 180</arg>
<arg>Should Be True</arg>
<arg>${True}</arg>
<doc>Runs the given keyword with the given arguments, if ``condition`` is true.</doc>
<status status="PASS" start="2024-07-19T20:17:29.061941" elapsed="0.001013"/>
</kw>
<status status="PASS" start="2024-07-19T20:17:28.965267" elapsed="0.097822"/>
</kw>
<doc>Testa o conteúdo específico dos campos retornados pela API.</doc>
<tag>testeConteudo</tag>
<status status="PASS" start="2024-07-19T20:17:28.964701" elapsed="0.098543"/>
</test>
<status status="PASS" start="2024-07-19T20:17:28.138886" elapsed="0.926376"/>
</suite>
<status status="PASS" start="2024-07-19T20:17:28.124623" elapsed="0.945759"/>
</suite>
<statistics>
<total>
<stat pass="5" fail="0" skip="0">All Tests</stat>
</total>
<tag>
<stat pass="1" fail="0" skip="0">testeConteudo</stat>
<stat pass="1" fail="0" skip="0">testeEstruturaResposta</stat>
<stat pass="1" fail="0" skip="0">testeRequisicaoBasica</stat>
<stat pass="1" fail="0" skip="0">testeTiposDados</stat>
</tag>
<suite>
<stat pass="5" fail="0" skip="0" id="s1" name="Tests">Tests</stat>
<stat pass="5" fail="0" skip="0" id="s1-s1" name="Random-User-Test">Tests.Random-User-Test</stat>
</suite>
</statistics>
<errors>
</errors>
</robot>
