<?xml version="1.0" encoding="UTF-8"?>
<robot generator="Robot 7.0.1 (Python 3.12.4 on linux)" generated="2024-07-17T15:18:12.245514" rpa="false" schemaversion="5">
<suite id="s1" name="Tests" source="/home/runner/work/ApiRandomUser/ApiRandomUser/RamdonUser/tests">
<suite id="s1-s1" name="Random-User-Test" source="/home/runner/work/ApiRandomUser/ApiRandomUser/RamdonUser/tests/random-user-test.robot">
<test id="s1-s1-t1" name="Conectar" line="13">
<kw name="Conectar API" owner="random-user-service">
<kw name="Create Session" owner="RequestsLibrary">
<msg time="2024-07-17T15:18:12.661870" level="INFO">Creating Session using : alias=consultarAPI, url=https://randomuser.me/, headers={},                     cookies={}, auth=None, timeout=None, proxies=None, verify=False,                     debug=0 </msg>
<arg>consultarAPI</arg>
<arg>${URL}</arg>
<doc>Create Session: create a HTTP session to a server</doc>
<status status="PASS" start="2024-07-17T15:18:12.661648" elapsed="0.000476"/>
</kw>
<status status="PASS" start="2024-07-17T15:18:12.660616" elapsed="0.001923"/>
</kw>
<status status="PASS" start="2024-07-17T15:18:12.659937" elapsed="0.002809"/>
</test>
<test id="s1-s1-t2" name="Validar retorno 200 e JSON Válido" line="16">
<kw name="Teste de Requisicao Basica" owner="random-user-service">
<kw name="GET On Session" owner="RequestsLibrary">
<msg time="2024-07-17T15:18:12.754860" level="INFO">GET Request : url=https://randomuser.me/api 
 path_url=/api 
 headers={'User-Agent': 'python-requests/2.32.3', 'Accept-Encoding': 'gzip, deflate', 'Accept': '*/*', 'Connection': 'keep-alive'} 
 body=None 
 </msg>
<msg time="2024-07-17T15:18:12.755028" level="INFO">GET Response : url=https://randomuser.me/api 
 status=200, reason=OK 
 headers={'Date': 'Wed, 17 Jul 2024 15:18:12 GMT', 'Content-Type': 'application/json; charset=utf-8', 'Transfer-Encoding': 'chunked', 'Connection': 'keep-alive', 'X-Powered-By': 'Express', 'Access-Control-Allow-Origin': '*', 'Cache-Control': 'no-cache', 'ETag': 'W/"490-UGbmw5wAY/mVGhubySC9IiOBghE"', 'Vary': 'Accept-Encoding', 'Content-Encoding': 'gzip', 'CF-Cache-Status': 'DYNAMIC', 'Report-To': '{"endpoints":[{"url":"https:\\/\\/a.nel.cloudflare.com\\/report\\/v4?s=UyDj1eNjlrXo5a4RmEFhy1DZlyh%2FfbvZnR6HJ9MLOlFPMmQoIsFBIXsoY1vk4aQQljSJj7cfXXt4O6P5eYES8d3WW6zyT6%2FjU6t%2FCeA4yQ2hgm1q1x7IEeE%2B5dTcV8DW"}],"group":"cf-nel","max_age":604800}', 'NEL': '{"success_fraction":0,"report_to":"cf-nel","max_age":604800}', 'Server': 'cloudflare', 'CF-RAY': '8a4b34094e86073e-IAD', 'alt-svc': 'h3=":443"; ma=86400'} 
 body={"results":[{"gender":"male","name":{"title":"Mr","first":"Kian","last":"Chau"},"location":{"street":{"number":6109,"name":"Cubahof"},"city":"Eppenhuizen","state":"Noord-Brabant","country":"Netherlands","postcode":"8507 QX","coordinates":{"latitude":"31.7875","longitude":"-33.0195"},"timezone":{"offset":"+3:00","description":"Baghdad, Riyadh, Moscow, St. Petersburg"}},"email":"kian.chau@example.com","login":{"uuid":"81894387-fbf6-42a5-8883-a353309fa505","username":"lazydog667","password":"katherin","salt":"0R7AkOus","md5":"a34ac7fd5c188bcb99b32d42f41e4624","sha1":"2705a7dcc6ac6c683198d7751aacb61c149c964a","sha256":"371a0b9c2eb385c99c0525525a9816f660e5a696600e7e481d32953223da34b0"},"dob":{"date":"1958-06-26T05:27:52.470Z","age":66},"registered":{"date":"2008-11-12T18:19:12.731Z","age":15},"phone":"(010) 6963033","cell":"(06) 18560869","id":{"name":"BSN","value":"06329750"},"picture":{"large":"https://randomuser.me/api/portraits/men/21.jpg","medium":"https://randomuser.me/api/portraits/med/men/21.jpg","thumbnail":"https://randomuser.me/api/portraits/thumb/men/21.jpg"},"nat":"NL"}],"info":{"seed":"499e9ff56e7b0d93","results":1,"page":1,"version":"1.4"}} 
 </msg>
<msg time="2024-07-17T15:18:12.755122" level="INFO">/opt/hostedtoolcache/Python/3.12.4/x64/lib/python3.12/site-packages/urllib3/connectionpool.py:1099: InsecureRequestWarning: Unverified HTTPS request is being made to host 'randomuser.me'. Adding certificate verification is strongly advised. See: https://urllib3.readthedocs.io/en/latest/advanced-usage.html#tls-warnings
  warnings.warn(</msg>
<msg time="2024-07-17T15:18:12.755293" level="INFO">${response} = &lt;Response [200]&gt;</msg>
<var>${response}</var>
<arg>consultarAPI</arg>
<arg>/api</arg>
<doc>Sends a GET request on a previously created HTTP Session.</doc>
<status status="PASS" start="2024-07-17T15:18:12.665484" elapsed="0.089857"/>
</kw>
<kw name="Should Be Equal As Numbers" owner="BuiltIn">
<msg time="2024-07-17T15:18:12.756422" level="INFO">Argument types are:
&lt;class 'int'&gt;
&lt;class 'str'&gt;</msg>
<arg>${response.status_code}</arg>
<arg>200</arg>
<doc>Fails if objects are unequal after converting them to real numbers.</doc>
<status status="PASS" start="2024-07-17T15:18:12.755932" elapsed="0.000564"/>
</kw>
<kw name="Log" owner="BuiltIn">
<msg time="2024-07-17T15:18:12.757250" level="INFO">200</msg>
<arg>${response.status_code}</arg>
<doc>Logs the given message with the given level.</doc>
<status status="PASS" start="2024-07-17T15:18:12.756870" elapsed="0.000426"/>
</kw>
<kw name="Set Variable" owner="BuiltIn">
<msg time="2024-07-17T15:18:12.758104" level="INFO">${json_data} = {'results': [{'gender': 'male', 'name': {'title': 'Mr', 'first': 'Kian', 'last': 'Chau'}, 'location': {'street': {'number': 6109, 'name': 'Cubahof'}, 'city': 'Eppenhuizen', 'state': 'Noord-Brabant', '...</msg>
<var>${json_data}</var>
<arg>${response.json()}</arg>
<doc>Returns the given values which can then be assigned to a variables.</doc>
<status status="PASS" start="2024-07-17T15:18:12.757628" elapsed="0.000506"/>
</kw>
<kw name="Dictionary Should Contain Key" owner="Collections">
<arg>${json_data}</arg>
<arg>results</arg>
<doc>Fails if ``key`` is not found from ``dictionary``.</doc>
<status status="PASS" start="2024-07-17T15:18:12.758451" elapsed="0.000169"/>
</kw>
<status status="PASS" start="2024-07-17T15:18:12.665218" elapsed="0.093560"/>
</kw>
<doc>Testa se a API responde corretamente e retorna um objeto JSON válido.</doc>
<tag>testeRequisicaoBasica</tag>
<status status="PASS" start="2024-07-17T15:18:12.664667" elapsed="0.094299"/>
</test>
<test id="s1-s1-t3" name="Validar estrutura de resposta" line="22">
<kw name="Teste de Estrutura de Resposta" owner="random-user-service">
<kw name="GET On Session" owner="RequestsLibrary">
<msg time="2024-07-17T15:18:12.826148" level="INFO">GET Request : url=https://randomuser.me/api 
 path_url=/api 
 headers={'User-Agent': 'python-requests/2.32.3', 'Accept-Encoding': 'gzip, deflate', 'Accept': '*/*', 'Connection': 'keep-alive'} 
 body=None 
 </msg>
<msg time="2024-07-17T15:18:12.826272" level="INFO">GET Response : url=https://randomuser.me/api 
 status=200, reason=OK 
 headers={'Date': 'Wed, 17 Jul 2024 15:18:12 GMT', 'Content-Type': 'application/json; charset=utf-8', 'Transfer-Encoding': 'chunked', 'Connection': 'keep-alive', 'X-Powered-By': 'Express', 'Access-Control-Allow-Origin': '*', 'Cache-Control': 'no-cache', 'ETag': 'W/"46e-gTS7M01r0d5gh3sJBjibK8rLQhI"', 'Vary': 'Accept-Encoding', 'Content-Encoding': 'gzip', 'CF-Cache-Status': 'DYNAMIC', 'Report-To': '{"endpoints":[{"url":"https:\\/\\/a.nel.cloudflare.com\\/report\\/v4?s=pIKVws4tQb8O3By%2BcnKxfG8sQyRsbU6kPo37m5esHSgTe4ER%2FwK2iTqytMOubFSReBcvwhaQgYnN83IW7Hd6ZymQZK%2B1%2BncMFoXuXsUC2fYj8T2ChTlEzpYYKh1kLqlB"}],"group":"cf-nel","max_age":604800}', 'NEL': '{"success_fraction":0,"report_to":"cf-nel","max_age":604800}', 'Server': 'cloudflare', 'CF-RAY': '8a4b3409cf23073e-IAD', 'alt-svc': 'h3=":443"; ma=86400'} 
 body={"results":[{"gender":"male","name":{"title":"Mr","first":"Eren","last":"Abadan"},"location":{"street":{"number":42,"name":"Anafartalar Cd"},"city":"Hakkâri","state":"Ankara","country":"Turkey","postcode":20064,"coordinates":{"latitude":"64.3142","longitude":"-99.1372"},"timezone":{"offset":"+6:00","description":"Almaty, Dhaka, Colombo"}},"email":"eren.abadan@example.com","login":{"uuid":"50c01511-00f2-4dd2-8b0d-d78c0b1a3eda","username":"angryswan877","password":"poipoi","salt":"ab9k11ls","md5":"57cf50e53e045d07e742c8da6f058276","sha1":"0009415abb1d55073415b59739fd89b4dffef8d2","sha256":"b7d4da03893e8681809cb571c8900a3cc67666e75fbf6da2cb6791ba599cff52"},"dob":{"date":"1971-02-07T03:48:50.818Z","age":53},"registered":{"date":"2013-03-28T02:22:36.676Z","age":11},"phone":"(060)-628-8664","cell":"(189)-303-3769","id":{"name":"","value":null},"picture":{"large":"https://randomuser.me/api/portraits/men/77.jpg","medium":"https://randomuser.me/api/portraits/med/men/77.jpg","thumbnail":"https://randomuser.me/api/portraits/thumb/men/77.jpg"},"nat":"TR"}],"info":{"seed":"12d3bb90c4067973","results":1,"page":1,"version":"1.4"}} 
 </msg>
<msg time="2024-07-17T15:18:12.826433" level="INFO">/opt/hostedtoolcache/Python/3.12.4/x64/lib/python3.12/site-packages/urllib3/connectionpool.py:1099: InsecureRequestWarning: Unverified HTTPS request is being made to host 'randomuser.me'. Adding certificate verification is strongly advised. See: https://urllib3.readthedocs.io/en/latest/advanced-usage.html#tls-warnings
  warnings.warn(</msg>
<msg time="2024-07-17T15:18:12.826589" level="INFO">${response} = &lt;Response [200]&gt;</msg>
<var>${response}</var>
<arg>consultarAPI</arg>
<arg>/api</arg>
<doc>Sends a GET request on a previously created HTTP Session.</doc>
<status status="PASS" start="2024-07-17T15:18:12.761821" elapsed="0.064815"/>
</kw>
<kw name="Set Variable" owner="BuiltIn">
<msg time="2024-07-17T15:18:12.827775" level="INFO">${json_data} = {'results': [{'gender': 'male', 'name': {'title': 'Mr', 'first': 'Eren', 'last': 'Abadan'}, 'location': {'street': {'number': 42, 'name': 'Anafartalar Cd'}, 'city': 'Hakkâri', 'state': 'Ankara', 'coun...</msg>
<var>${json_data}</var>
<arg>${response.json()}</arg>
<doc>Returns the given values which can then be assigned to a variables.</doc>
<status status="PASS" start="2024-07-17T15:18:12.827198" elapsed="0.000607"/>
</kw>
<kw name="Log" owner="BuiltIn">
<msg time="2024-07-17T15:18:12.828332" level="INFO">{'results': [{'gender': 'male', 'name': {'title': 'Mr', 'first': 'Eren', 'last': 'Abadan'}, 'location': {'street': {'number': 42, 'name': 'Anafartalar Cd'}, 'city': 'Hakkâri', 'state': 'Ankara', 'country': 'Turkey', 'postcode': 20064, 'coordinates': {'latitude': '64.3142', 'longitude': '-99.1372'}, 'timezone': {'offset': '+6:00', 'description': 'Almaty, Dhaka, Colombo'}}, 'email': 'eren.abadan@example.com', 'login': {'uuid': '50c01511-00f2-4dd2-8b0d-d78c0b1a3eda', 'username': 'angryswan877', 'password': 'poipoi', 'salt': 'ab9k11ls', 'md5': '57cf50e53e045d07e742c8da6f058276', 'sha1': '0009415abb1d55073415b59739fd89b4dffef8d2', 'sha256': 'b7d4da03893e8681809cb571c8900a3cc67666e75fbf6da2cb6791ba599cff52'}, 'dob': {'date': '1971-02-07T03:48:50.818Z', 'age': 53}, 'registered': {'date': '2013-03-28T02:22:36.676Z', 'age': 11}, 'phone': '(060)-628-8664', 'cell': '(189)-303-3769', 'id': {'name': '', 'value': None}, 'picture': {'large': 'https://randomuser.me/api/portraits/men/77.jpg', 'medium': 'https://randomuser.me/api/portraits/med/men/77.jpg', 'thumbnail': 'https://randomuser.me/api/portraits/thumb/men/77.jpg'}, 'nat': 'TR'}], 'info': {'seed': '12d3bb90c4067973', 'results': 1, 'page': 1, 'version': '1.4'}}</msg>
<arg>${json_data}</arg>
<doc>Logs the given message with the given level.</doc>
<status status="PASS" start="2024-07-17T15:18:12.828158" elapsed="0.000225"/>
</kw>
<kw name="Dictionary Should Contain Key" owner="Collections">
<arg>${json_data}</arg>
<arg>results</arg>
<doc>Fails if ``key`` is not found from ``dictionary``.</doc>
<status status="PASS" start="2024-07-17T15:18:12.828693" elapsed="0.000167"/>
</kw>
<kw name="Should Not Be Empty" owner="BuiltIn">
<msg time="2024-07-17T15:18:12.829185" level="INFO">Length is 2.</msg>
<arg>${json_data}</arg>
<doc>Verifies that the given item is not empty.</doc>
<status status="PASS" start="2024-07-17T15:18:12.829052" elapsed="0.000180"/>
</kw>
<kw name="Create List" owner="BuiltIn">
<msg time="2024-07-17T15:18:12.829691" level="INFO">${expected_keys} = ['gender', 'name', 'location', 'email', 'login']</msg>
<var>${expected_keys}</var>
<arg>gender</arg>
<arg>name</arg>
<arg>location</arg>
<arg>email</arg>
<arg>login</arg>
<doc>Returns a list containing given items.</doc>
<status status="PASS" start="2024-07-17T15:18:12.829539" elapsed="0.000176"/>
</kw>
<for flavor="IN">
<iter>
<kw name="Dictionary Should Contain Key" owner="Collections">
<arg>${json_data['results'][0]}</arg>
<arg>${key}</arg>
<doc>Fails if ``key`` is not found from ``dictionary``.</doc>
<status status="PASS" start="2024-07-17T15:18:12.830530" elapsed="0.000415"/>
</kw>
<kw name="Log" owner="BuiltIn">
<msg time="2024-07-17T15:18:12.831511" level="INFO">{'gender': 'male', 'name': {'title': 'Mr', 'first': 'Eren', 'last': 'Abadan'}, 'location': {'street': {'number': 42, 'name': 'Anafartalar Cd'}, 'city': 'Hakkâri', 'state': 'Ankara', 'country': 'Turkey', 'postcode': 20064, 'coordinates': {'latitude': '64.3142', 'longitude': '-99.1372'}, 'timezone': {'offset': '+6:00', 'description': 'Almaty, Dhaka, Colombo'}}, 'email': 'eren.abadan@example.com', 'login': {'uuid': '50c01511-00f2-4dd2-8b0d-d78c0b1a3eda', 'username': 'angryswan877', 'password': 'poipoi', 'salt': 'ab9k11ls', 'md5': '57cf50e53e045d07e742c8da6f058276', 'sha1': '0009415abb1d55073415b59739fd89b4dffef8d2', 'sha256': 'b7d4da03893e8681809cb571c8900a3cc67666e75fbf6da2cb6791ba599cff52'}, 'dob': {'date': '1971-02-07T03:48:50.818Z', 'age': 53}, 'registered': {'date': '2013-03-28T02:22:36.676Z', 'age': 11}, 'phone': '(060)-628-8664', 'cell': '(189)-303-3769', 'id': {'name': '', 'value': None}, 'picture': {'large': 'https://randomuser.me/api/portraits/men/77.jpg', 'medium': 'https://randomuser.me/api/portraits/med/men/77.jpg', 'thumbnail': 'https://randomuser.me/api/portraits/thumb/men/77.jpg'}, 'nat': 'TR'}</msg>
<arg>${json_data['results'][0]}</arg>
<doc>Logs the given message with the given level.</doc>
<status status="PASS" start="2024-07-17T15:18:12.831140" elapsed="0.000424"/>
</kw>
<kw name="Log" owner="BuiltIn">
<msg time="2024-07-17T15:18:12.832002" level="INFO">gender</msg>
<arg>${key}</arg>
<doc>Logs the given message with the given level.</doc>
<status status="PASS" start="2024-07-17T15:18:12.831872" elapsed="0.000170"/>
</kw>
<var name="${key}">gender</var>
<status status="PASS" start="2024-07-17T15:18:12.830402" elapsed="0.001861"/>
</iter>
<iter>
<kw name="Dictionary Should Contain Key" owner="Collections">
<arg>${json_data['results'][0]}</arg>
<arg>${key}</arg>
<doc>Fails if ``key`` is not found from ``dictionary``.</doc>
<status status="PASS" start="2024-07-17T15:18:12.832570" elapsed="0.000559"/>
</kw>
<kw name="Log" owner="BuiltIn">
<msg time="2024-07-17T15:18:12.833734" level="INFO">{'gender': 'male', 'name': {'title': 'Mr', 'first': 'Eren', 'last': 'Abadan'}, 'location': {'street': {'number': 42, 'name': 'Anafartalar Cd'}, 'city': 'Hakkâri', 'state': 'Ankara', 'country': 'Turkey', 'postcode': 20064, 'coordinates': {'latitude': '64.3142', 'longitude': '-99.1372'}, 'timezone': {'offset': '+6:00', 'description': 'Almaty, Dhaka, Colombo'}}, 'email': 'eren.abadan@example.com', 'login': {'uuid': '50c01511-00f2-4dd2-8b0d-d78c0b1a3eda', 'username': 'angryswan877', 'password': 'poipoi', 'salt': 'ab9k11ls', 'md5': '57cf50e53e045d07e742c8da6f058276', 'sha1': '0009415abb1d55073415b59739fd89b4dffef8d2', 'sha256': 'b7d4da03893e8681809cb571c8900a3cc67666e75fbf6da2cb6791ba599cff52'}, 'dob': {'date': '1971-02-07T03:48:50.818Z', 'age': 53}, 'registered': {'date': '2013-03-28T02:22:36.676Z', 'age': 11}, 'phone': '(060)-628-8664', 'cell': '(189)-303-3769', 'id': {'name': '', 'value': None}, 'picture': {'large': 'https://randomuser.me/api/portraits/men/77.jpg', 'medium': 'https://randomuser.me/api/portraits/med/men/77.jpg', 'thumbnail': 'https://randomuser.me/api/portraits/thumb/men/77.jpg'}, 'nat': 'TR'}</msg>
<arg>${json_data['results'][0]}</arg>
<doc>Logs the given message with the given level.</doc>
<status status="PASS" start="2024-07-17T15:18:12.833364" elapsed="0.000455"/>
</kw>
<kw name="Log" owner="BuiltIn">
<msg time="2024-07-17T15:18:12.834278" level="INFO">name</msg>
<arg>${key}</arg>
<doc>Logs the given message with the given level.</doc>
<status status="PASS" start="2024-07-17T15:18:12.834148" elapsed="0.000168"/>
</kw>
<var name="${key}">name</var>
<status status="PASS" start="2024-07-17T15:18:12.832456" elapsed="0.002080"/>
</iter>
<iter>
<kw name="Dictionary Should Contain Key" owner="Collections">
<arg>${json_data['results'][0]}</arg>
<arg>${key}</arg>
<doc>Fails if ``key`` is not found from ``dictionary``.</doc>
<status status="PASS" start="2024-07-17T15:18:12.834830" elapsed="0.000383"/>
</kw>
<kw name="Log" owner="BuiltIn">
<msg time="2024-07-17T15:18:12.835747" level="INFO">{'gender': 'male', 'name': {'title': 'Mr', 'first': 'Eren', 'last': 'Abadan'}, 'location': {'street': {'number': 42, 'name': 'Anafartalar Cd'}, 'city': 'Hakkâri', 'state': 'Ankara', 'country': 'Turkey', 'postcode': 20064, 'coordinates': {'latitude': '64.3142', 'longitude': '-99.1372'}, 'timezone': {'offset': '+6:00', 'description': 'Almaty, Dhaka, Colombo'}}, 'email': 'eren.abadan@example.com', 'login': {'uuid': '50c01511-00f2-4dd2-8b0d-d78c0b1a3eda', 'username': 'angryswan877', 'password': 'poipoi', 'salt': 'ab9k11ls', 'md5': '57cf50e53e045d07e742c8da6f058276', 'sha1': '0009415abb1d55073415b59739fd89b4dffef8d2', 'sha256': 'b7d4da03893e8681809cb571c8900a3cc67666e75fbf6da2cb6791ba599cff52'}, 'dob': {'date': '1971-02-07T03:48:50.818Z', 'age': 53}, 'registered': {'date': '2013-03-28T02:22:36.676Z', 'age': 11}, 'phone': '(060)-628-8664', 'cell': '(189)-303-3769', 'id': {'name': '', 'value': None}, 'picture': {'large': 'https://randomuser.me/api/portraits/men/77.jpg', 'medium': 'https://randomuser.me/api/portraits/med/men/77.jpg', 'thumbnail': 'https://randomuser.me/api/portraits/thumb/men/77.jpg'}, 'nat': 'TR'}</msg>
<arg>${json_data['results'][0]}</arg>
<doc>Logs the given message with the given level.</doc>
<status status="PASS" start="2024-07-17T15:18:12.835397" elapsed="0.000401"/>
</kw>
<kw name="Log" owner="BuiltIn">
<msg time="2024-07-17T15:18:12.836231" level="INFO">location</msg>
<arg>${key}</arg>
<doc>Logs the given message with the given level.</doc>
<status status="PASS" start="2024-07-17T15:18:12.836103" elapsed="0.000166"/>
</kw>
<var name="${key}">location</var>
<status status="PASS" start="2024-07-17T15:18:12.834719" elapsed="0.001766"/>
</iter>
<iter>
<kw name="Dictionary Should Contain Key" owner="Collections">
<arg>${json_data['results'][0]}</arg>
<arg>${key}</arg>
<doc>Fails if ``key`` is not found from ``dictionary``.</doc>
<status status="PASS" start="2024-07-17T15:18:12.836765" elapsed="0.000387"/>
</kw>
<kw name="Log" owner="BuiltIn">
<msg time="2024-07-17T15:18:12.837724" level="INFO">{'gender': 'male', 'name': {'title': 'Mr', 'first': 'Eren', 'last': 'Abadan'}, 'location': {'street': {'number': 42, 'name': 'Anafartalar Cd'}, 'city': 'Hakkâri', 'state': 'Ankara', 'country': 'Turkey', 'postcode': 20064, 'coordinates': {'latitude': '64.3142', 'longitude': '-99.1372'}, 'timezone': {'offset': '+6:00', 'description': 'Almaty, Dhaka, Colombo'}}, 'email': 'eren.abadan@example.com', 'login': {'uuid': '50c01511-00f2-4dd2-8b0d-d78c0b1a3eda', 'username': 'angryswan877', 'password': 'poipoi', 'salt': 'ab9k11ls', 'md5': '57cf50e53e045d07e742c8da6f058276', 'sha1': '0009415abb1d55073415b59739fd89b4dffef8d2', 'sha256': 'b7d4da03893e8681809cb571c8900a3cc67666e75fbf6da2cb6791ba599cff52'}, 'dob': {'date': '1971-02-07T03:48:50.818Z', 'age': 53}, 'registered': {'date': '2013-03-28T02:22:36.676Z', 'age': 11}, 'phone': '(060)-628-8664', 'cell': '(189)-303-3769', 'id': {'name': '', 'value': None}, 'picture': {'large': 'https://randomuser.me/api/portraits/men/77.jpg', 'medium': 'https://randomuser.me/api/portraits/med/men/77.jpg', 'thumbnail': 'https://randomuser.me/api/portraits/thumb/men/77.jpg'}, 'nat': 'TR'}</msg>
<arg>${json_data['results'][0]}</arg>
<doc>Logs the given message with the given level.</doc>
<status status="PASS" start="2024-07-17T15:18:12.837361" elapsed="0.000414"/>
</kw>
<kw name="Log" owner="BuiltIn">
<msg time="2024-07-17T15:18:12.838249" level="INFO">email</msg>
<arg>${key}</arg>
<doc>Logs the given message with the given level.</doc>
<status status="PASS" start="2024-07-17T15:18:12.838106" elapsed="0.000183"/>
</kw>
<var name="${key}">email</var>
<status status="PASS" start="2024-07-17T15:18:12.836658" elapsed="0.001884"/>
</iter>
<iter>
<kw name="Dictionary Should Contain Key" owner="Collections">
<arg>${json_data['results'][0]}</arg>
<arg>${key}</arg>
<doc>Fails if ``key`` is not found from ``dictionary``.</doc>
<status status="PASS" start="2024-07-17T15:18:12.838835" elapsed="0.000395"/>
</kw>
<kw name="Log" owner="BuiltIn">
<msg time="2024-07-17T15:18:12.839792" level="INFO">{'gender': 'male', 'name': {'title': 'Mr', 'first': 'Eren', 'last': 'Abadan'}, 'location': {'street': {'number': 42, 'name': 'Anafartalar Cd'}, 'city': 'Hakkâri', 'state': 'Ankara', 'country': 'Turkey', 'postcode': 20064, 'coordinates': {'latitude': '64.3142', 'longitude': '-99.1372'}, 'timezone': {'offset': '+6:00', 'description': 'Almaty, Dhaka, Colombo'}}, 'email': 'eren.abadan@example.com', 'login': {'uuid': '50c01511-00f2-4dd2-8b0d-d78c0b1a3eda', 'username': 'angryswan877', 'password': 'poipoi', 'salt': 'ab9k11ls', 'md5': '57cf50e53e045d07e742c8da6f058276', 'sha1': '0009415abb1d55073415b59739fd89b4dffef8d2', 'sha256': 'b7d4da03893e8681809cb571c8900a3cc67666e75fbf6da2cb6791ba599cff52'}, 'dob': {'date': '1971-02-07T03:48:50.818Z', 'age': 53}, 'registered': {'date': '2013-03-28T02:22:36.676Z', 'age': 11}, 'phone': '(060)-628-8664', 'cell': '(189)-303-3769', 'id': {'name': '', 'value': None}, 'picture': {'large': 'https://randomuser.me/api/portraits/men/77.jpg', 'medium': 'https://randomuser.me/api/portraits/med/men/77.jpg', 'thumbnail': 'https://randomuser.me/api/portraits/thumb/men/77.jpg'}, 'nat': 'TR'}</msg>
<arg>${json_data['results'][0]}</arg>
<doc>Logs the given message with the given level.</doc>
<status status="PASS" start="2024-07-17T15:18:12.839416" elapsed="0.000427"/>
</kw>
<kw name="Log" owner="BuiltIn">
<msg time="2024-07-17T15:18:12.840268" level="INFO">login</msg>
<arg>${key}</arg>
<doc>Logs the given message with the given level.</doc>
<status status="PASS" start="2024-07-17T15:18:12.840140" elapsed="0.000167"/>
</kw>
<var name="${key}">login</var>
<status status="PASS" start="2024-07-17T15:18:12.838719" elapsed="0.001809"/>
</iter>
<var>${key}</var>
<value>@{expected_keys}</value>
<status status="PASS" start="2024-07-17T15:18:12.830196" elapsed="0.010454"/>
</for>
<kw name="Create List" owner="BuiltIn">
<msg time="2024-07-17T15:18:12.840982" level="INFO">${expected_keysTwo} = ['username', 'password']</msg>
<var>${expected_keysTwo}</var>
<arg>username</arg>
<arg>password</arg>
<doc>Returns a list containing given items.</doc>
<status status="PASS" start="2024-07-17T15:18:12.840846" elapsed="0.000161"/>
</kw>
<for flavor="IN">
<iter>
<kw name="Dictionary Should Contain Key" owner="Collections">
<arg>${json_data['results'][0]['login']}</arg>
<arg>${keyTwo}</arg>
<doc>Fails if ``key`` is not found from ``dictionary``.</doc>
<status status="PASS" start="2024-07-17T15:18:12.841546" elapsed="0.000402"/>
</kw>
<kw name="Dictionary Should Contain Key" owner="Collections">
<arg>${json_data['results'][0]['login']}</arg>
<arg>${keyTwo}</arg>
<doc>Fails if ``key`` is not found from ``dictionary``.</doc>
<status status="PASS" start="2024-07-17T15:18:12.842131" elapsed="0.000374"/>
</kw>
<kw name="Log" owner="BuiltIn">
<msg time="2024-07-17T15:18:12.842810" level="INFO">username</msg>
<arg>${keyTwo}</arg>
<doc>Logs the given message with the given level.</doc>
<status status="PASS" start="2024-07-17T15:18:12.842688" elapsed="0.000160"/>
</kw>
<var name="${keyTwo}">username</var>
<status status="PASS" start="2024-07-17T15:18:12.841436" elapsed="0.001635"/>
</iter>
<iter>
<kw name="Dictionary Should Contain Key" owner="Collections">
<arg>${json_data['results'][0]['login']}</arg>
<arg>${keyTwo}</arg>
<doc>Fails if ``key`` is not found from ``dictionary``.</doc>
<status status="PASS" start="2024-07-17T15:18:12.843350" elapsed="0.000429"/>
</kw>
<kw name="Dictionary Should Contain Key" owner="Collections">
<arg>${json_data['results'][0]['login']}</arg>
<arg>${keyTwo}</arg>
<doc>Fails if ``key`` is not found from ``dictionary``.</doc>
<status status="PASS" start="2024-07-17T15:18:12.843963" elapsed="0.000371"/>
</kw>
<kw name="Log" owner="BuiltIn">
<msg time="2024-07-17T15:18:12.844631" level="INFO">password</msg>
<arg>${keyTwo}</arg>
<doc>Logs the given message with the given level.</doc>
<status status="PASS" start="2024-07-17T15:18:12.844513" elapsed="0.000162"/>
</kw>
<var name="${keyTwo}">password</var>
<status status="PASS" start="2024-07-17T15:18:12.843244" elapsed="0.001658"/>
</iter>
<var>${keyTwo}</var>
<value>@{expected_keysTwo}</value>
<status status="PASS" start="2024-07-17T15:18:12.841276" elapsed="0.003748"/>
</for>
<status status="PASS" start="2024-07-17T15:18:12.761560" elapsed="0.083610"/>
</kw>
<doc>Testa a estrutura da resposta da API.</doc>
<tag>testeEstruturaResposta</tag>
<status status="PASS" start="2024-07-17T15:18:12.760898" elapsed="0.084432"/>
</test>
<test id="s1-s1-t4" name="Validar tipos de dados" line="28">
<kw name="Teste de Tipos de Dados" owner="random-user-service">
<kw name="GET On Session" owner="RequestsLibrary">
<msg time="2024-07-17T15:18:12.938534" level="INFO">GET Request : url=https://randomuser.me/api 
 path_url=/api 
 headers={'User-Agent': 'python-requests/2.32.3', 'Accept-Encoding': 'gzip, deflate', 'Accept': '*/*', 'Connection': 'keep-alive'} 
 body=None 
 </msg>
<msg time="2024-07-17T15:18:12.938649" level="INFO">GET Response : url=https://randomuser.me/api 
 status=200, reason=OK 
 headers={'Date': 'Wed, 17 Jul 2024 15:18:12 GMT', 'Content-Type': 'application/json; charset=utf-8', 'Transfer-Encoding': 'chunked', 'Connection': 'keep-alive', 'X-Powered-By': 'Express', 'Access-Control-Allow-Origin': '*', 'Cache-Control': 'no-cache', 'ETag': 'W/"47d-AUWCxgxnYLa4kpbfbwx5DzSrXBI"', 'Vary': 'Accept-Encoding', 'Content-Encoding': 'gzip', 'CF-Cache-Status': 'DYNAMIC', 'Report-To': '{"endpoints":[{"url":"https:\\/\\/a.nel.cloudflare.com\\/report\\/v4?s=027scaMO4QAwkfecfdIDVVN87HlBdXIjYgsObOX9AewUSZAGMv4fHJbkOYRirvNy3ZNHqwjZSqt7njdlr4EqlSj%2BbmZTVY%2Bywp3KmWymnie1RBgTEF7jJnab4Tz5ll7u"}],"group":"cf-nel","max_age":604800}', 'NEL': '{"success_fraction":0,"report_to":"cf-nel","max_age":604800}', 'Server': 'cloudflare', 'CF-RAY': '8a4b340a4fc4073e-IAD', 'alt-svc': 'h3=":443"; ma=86400'} 
 body={"results":[{"gender":"female","name":{"title":"Ms","first":"Lea","last":"Bienert"},"location":{"street":{"number":5467,"name":"Fasanenweg"},"city":"Freyung","state":"Niedersachsen","country":"Germany","postcode":70737,"coordinates":{"latitude":"-47.7398","longitude":"115.8561"},"timezone":{"offset":"-3:30","description":"Newfoundland"}},"email":"lea.bienert@example.com","login":{"uuid":"90c58448-a36e-4f46-983f-df5d3f95e440","username":"yellowswan995","password":"caca","salt":"my47pzJG","md5":"9606d14413efbf4fd7fdbd0e94a5bb30","sha1":"295c9e6735bfe7ea8538b6dc36610c4f2d42bbcd","sha256":"cd0afcf6fb7676d177ac000121226482c088b48eb7c664a2eb4829f4f63551a7"},"dob":{"date":"1964-04-07T06:54:32.149Z","age":60},"registered":{"date":"2018-12-26T22:02:20.748Z","age":5},"phone":"0953-9220618","cell":"0170-5862749","id":{"name":"SVNR","value":"20 070464 B 581"},"picture":{"large":"https://randomuser.me/api/portraits/women/22.jpg","medium":"https://randomuser.me/api/portraits/med/women/22.jpg","thumbnail":"https://randomuser.me/api/portraits/thumb/women/22.jpg"},"nat":"DE"}],"info":{"seed":"4d78a619890c6d64","results":1,"page":1,"version":"1.4"}} 
 </msg>
<msg time="2024-07-17T15:18:12.938734" level="INFO">/opt/hostedtoolcache/Python/3.12.4/x64/lib/python3.12/site-packages/urllib3/connectionpool.py:1099: InsecureRequestWarning: Unverified HTTPS request is being made to host 'randomuser.me'. Adding certificate verification is strongly advised. See: https://urllib3.readthedocs.io/en/latest/advanced-usage.html#tls-warnings
  warnings.warn(</msg>
<msg time="2024-07-17T15:18:12.938887" level="INFO">${response} = &lt;Response [200]&gt;</msg>
<var>${response}</var>
<arg>consultarAPI</arg>
<arg>/api</arg>
<doc>Sends a GET request on a previously created HTTP Session.</doc>
<status status="PASS" start="2024-07-17T15:18:12.847958" elapsed="0.090979"/>
</kw>
<kw name="Set Variable" owner="BuiltIn">
<msg time="2024-07-17T15:18:12.940081" level="INFO">${json_data} = {'results': [{'gender': 'female', 'name': {'title': 'Ms', 'first': 'Lea', 'last': 'Bienert'}, 'location': {'street': {'number': 5467, 'name': 'Fasanenweg'}, 'city': 'Freyung', 'state': 'Niedersachsen'...</msg>
<var>${json_data}</var>
<arg>${response.json()}</arg>
<doc>Returns the given values which can then be assigned to a variables.</doc>
<status status="PASS" start="2024-07-17T15:18:12.939520" elapsed="0.000591"/>
</kw>
<kw name="Log" owner="BuiltIn">
<msg time="2024-07-17T15:18:12.940655" level="INFO">{'results': [{'gender': 'female', 'name': {'title': 'Ms', 'first': 'Lea', 'last': 'Bienert'}, 'location': {'street': {'number': 5467, 'name': 'Fasanenweg'}, 'city': 'Freyung', 'state': 'Niedersachsen', 'country': 'Germany', 'postcode': 70737, 'coordinates': {'latitude': '-47.7398', 'longitude': '115.8561'}, 'timezone': {'offset': '-3:30', 'description': 'Newfoundland'}}, 'email': 'lea.bienert@example.com', 'login': {'uuid': '90c58448-a36e-4f46-983f-df5d3f95e440', 'username': 'yellowswan995', 'password': 'caca', 'salt': 'my47pzJG', 'md5': '9606d14413efbf4fd7fdbd0e94a5bb30', 'sha1': '295c9e6735bfe7ea8538b6dc36610c4f2d42bbcd', 'sha256': 'cd0afcf6fb7676d177ac000121226482c088b48eb7c664a2eb4829f4f63551a7'}, 'dob': {'date': '1964-04-07T06:54:32.149Z', 'age': 60}, 'registered': {'date': '2018-12-26T22:02:20.748Z', 'age': 5}, 'phone': '0953-9220618', 'cell': '0170-5862749', 'id': {'name': 'SVNR', 'value': '20 070464 B 581'}, 'picture': {'large': 'https://randomuser.me/api/portraits/women/22.jpg', 'medium': 'https://randomuser.me/api/portraits/med/women/22.jpg', 'thumbnail': 'https://randomuser.me/api/portraits/thumb/women/22.jpg'}, 'nat': 'DE'}], 'info': {'seed': '4d78a619890c6d64', 'results': 1, 'page': 1, 'version': '1.4'}}</msg>
<arg>${json_data}</arg>
<doc>Logs the given message with the given level.</doc>
<status status="PASS" start="2024-07-17T15:18:12.940488" elapsed="0.000219"/>
</kw>
<kw name="Should Be String" owner="String">
<arg>${json_data['results'][0]['gender']}</arg>
<doc>Fails if the given ``item`` is not a string.</doc>
<status status="PASS" start="2024-07-17T15:18:12.941014" elapsed="0.000395"/>
</kw>
<kw name="Should Match Regexp" owner="BuiltIn">
<arg>${json_data['results'][0]['email']}</arg>
<arg>^[a-zA-Z0-9._%+-]+@[a-zA-Z0-9.-]+\.[a-zA-Z]{2,}$</arg>
<doc>Fails if ``string`` does not match ``pattern`` as a regular expression.</doc>
<status status="PASS" start="2024-07-17T15:18:12.941607" elapsed="0.000574"/>
</kw>
<kw name="Should Match Regexp" owner="BuiltIn">
<arg>${json_data['results'][0]['dob']['date']}</arg>
<arg>\\d{4}-\\d{2}-\\d{2}T\\d{2}:\\d{2}:\\d{2}\\.\\d{3}Z</arg>
<doc>Fails if ``string`` does not match ``pattern`` as a regular expression.</doc>
<status status="PASS" start="2024-07-17T15:18:12.942426" elapsed="0.000523"/>
</kw>
<kw name="Should Match Regexp" owner="BuiltIn">
<arg>${json_data['results'][0]['registered']['date']}</arg>
<arg>\\d{4}-\\d{2}-\\d{2}T\\d{2}:\\d{2}:\\d{2}\\.\\d{3}Z</arg>
<doc>Fails if ``string`` does not match ``pattern`` as a regular expression.</doc>
<status status="PASS" start="2024-07-17T15:18:12.943147" elapsed="0.000373"/>
</kw>
<kw name="Should Match Regexp" owner="BuiltIn">
<arg>${json_data['results'][0]['picture']['large']}</arg>
<arg>^https?://.*\.(?:png|jpe?g|gif|bmp)$</arg>
<doc>Fails if ``string`` does not match ``pattern`` as a regular expression.</doc>
<status status="PASS" start="2024-07-17T15:18:12.943710" elapsed="0.000466"/>
</kw>
<kw name="Should Match Regexp" owner="BuiltIn">
<arg>${json_data['results'][0]['picture']['medium']}</arg>
<arg>^https?://.*\.(?:png|jpe?g|gif|bmp)$</arg>
<doc>Fails if ``string`` does not match ``pattern`` as a regular expression.</doc>
<status status="PASS" start="2024-07-17T15:18:12.944365" elapsed="0.000354"/>
</kw>
<kw name="Should Match Regexp" owner="BuiltIn">
<arg>${json_data['results'][0]['picture']['thumbnail']}</arg>
<arg>^https?://.*\.(?:png|jpe?g|gif|bmp)$</arg>
<doc>Fails if ``string`` does not match ``pattern`` as a regular expression.</doc>
<status status="PASS" start="2024-07-17T15:18:12.944903" elapsed="0.000350"/>
</kw>
<kw name="Log" owner="BuiltIn">
<msg time="2024-07-17T15:18:12.945774" level="INFO">{'large': 'https://randomuser.me/api/portraits/women/22.jpg', 'medium': 'https://randomuser.me/api/portraits/med/women/22.jpg', 'thumbnail': 'https://randomuser.me/api/portraits/thumb/women/22.jpg'}</msg>
<arg>${json_data['results'][0]['picture']}</arg>
<doc>Logs the given message with the given level.</doc>
<status status="PASS" start="2024-07-17T15:18:12.945440" elapsed="0.000379"/>
</kw>
<status status="PASS" start="2024-07-17T15:18:12.847729" elapsed="0.098384"/>
</kw>
<kw name="Teste de Tipos de Dados - Postcode" owner="random-user-service">
<kw name="GET On Session" owner="RequestsLibrary">
<msg time="2024-07-17T15:18:13.025348" level="INFO">GET Request : url=https://randomuser.me/api 
 path_url=/api 
 headers={'User-Agent': 'python-requests/2.32.3', 'Accept-Encoding': 'gzip, deflate', 'Accept': '*/*', 'Connection': 'keep-alive'} 
 body=None 
 </msg>
<msg time="2024-07-17T15:18:13.025466" level="INFO">GET Response : url=https://randomuser.me/api 
 status=200, reason=OK 
 headers={'Date': 'Wed, 17 Jul 2024 15:18:13 GMT', 'Content-Type': 'application/json; charset=utf-8', 'Transfer-Encoding': 'chunked', 'Connection': 'keep-alive', 'X-Powered-By': 'Express', 'Access-Control-Allow-Origin': '*', 'Cache-Control': 'no-cache', 'ETag': 'W/"48d-vrfWtiySv2BIamVhBVJOGjKl438"', 'Vary': 'Accept-Encoding', 'Content-Encoding': 'gzip', 'CF-Cache-Status': 'DYNAMIC', 'Report-To': '{"endpoints":[{"url":"https:\\/\\/a.nel.cloudflare.com\\/report\\/v4?s=QdhMCHUpyVjTgGZhiAyXOMCNqumKoOIARuYsb%2BczbYZieE7RpcJQTVQgY5HC7vC%2BUOLKPillcl04Qidewdr4LP8s5aRwVP%2Bf3SEfzIE0DZjqnYiaY596BtZeK6IPdkqI"}],"group":"cf-nel","max_age":604800}', 'NEL': '{"success_fraction":0,"report_to":"cf-nel","max_age":604800}', 'Server': 'cloudflare', 'CF-RAY': '8a4b340ae889073e-IAD', 'alt-svc': 'h3=":443"; ma=86400'} 
 body={"results":[{"gender":"male","name":{"title":"Mr","first":"Manuel","last":"King"},"location":{"street":{"number":1945,"name":"Dane St"},"city":"Coffs Harbour","state":"Australian Capital Territory","country":"Australia","postcode":818,"coordinates":{"latitude":"-85.8859","longitude":"-109.7410"},"timezone":{"offset":"-12:00","description":"Eniwetok, Kwajalein"}},"email":"manuel.king@example.com","login":{"uuid":"a803241a-d8a4-478d-a3f3-70696d194858","username":"yellowduck494","password":"carlos1","salt":"YGNrDG3l","md5":"e6b90d04632e247c14802b2af860be57","sha1":"4d8d8ff57184a15280aea966f8fcf4a0ca87bc35","sha256":"303260ea71e7eb6364d327229322154400dda85ffec959f905592b90e777ba52"},"dob":{"date":"1947-10-07T19:50:07.900Z","age":76},"registered":{"date":"2010-07-21T18:08:45.049Z","age":13},"phone":"04-8063-5359","cell":"0473-425-343","id":{"name":"TFN","value":"312601300"},"picture":{"large":"https://randomuser.me/api/portraits/men/57.jpg","medium":"https://randomuser.me/api/portraits/med/men/57.jpg","thumbnail":"https://randomuser.me/api/portraits/thumb/men/57.jpg"},"nat":"AU"}],"info":{"seed":"71bf392a7dabf010","results":1,"page":1,"version":"1.4"}} 
 </msg>
<msg time="2024-07-17T15:18:13.025560" level="INFO">/opt/hostedtoolcache/Python/3.12.4/x64/lib/python3.12/site-packages/urllib3/connectionpool.py:1099: InsecureRequestWarning: Unverified HTTPS request is being made to host 'randomuser.me'. Adding certificate verification is strongly advised. See: https://urllib3.readthedocs.io/en/latest/advanced-usage.html#tls-warnings
  warnings.warn(</msg>
<msg time="2024-07-17T15:18:13.025737" level="INFO">${response} = &lt;Response [200]&gt;</msg>
<var>${response}</var>
<arg>consultarAPI</arg>
<arg>/api</arg>
<doc>Sends a GET request on a previously created HTTP Session.</doc>
<status status="PASS" start="2024-07-17T15:18:12.946592" elapsed="0.079201"/>
</kw>
<kw name="Set Variable" owner="BuiltIn">
<msg time="2024-07-17T15:18:13.026954" level="INFO">${json_data} = {'results': [{'gender': 'male', 'name': {'title': 'Mr', 'first': 'Manuel', 'last': 'King'}, 'location': {'street': {'number': 1945, 'name': 'Dane St'}, 'city': 'Coffs Harbour', 'state': 'Australian Ca...</msg>
<var>${json_data}</var>
<arg>${response.json()}</arg>
<doc>Returns the given values which can then be assigned to a variables.</doc>
<status status="PASS" start="2024-07-17T15:18:13.026382" elapsed="0.000603"/>
</kw>
<kw name="Log" owner="BuiltIn">
<msg time="2024-07-17T15:18:13.027531" level="INFO">{'results': [{'gender': 'male', 'name': {'title': 'Mr', 'first': 'Manuel', 'last': 'King'}, 'location': {'street': {'number': 1945, 'name': 'Dane St'}, 'city': 'Coffs Harbour', 'state': 'Australian Capital Territory', 'country': 'Australia', 'postcode': 818, 'coordinates': {'latitude': '-85.8859', 'longitude': '-109.7410'}, 'timezone': {'offset': '-12:00', 'description': 'Eniwetok, Kwajalein'}}, 'email': 'manuel.king@example.com', 'login': {'uuid': 'a803241a-d8a4-478d-a3f3-70696d194858', 'username': 'yellowduck494', 'password': 'carlos1', 'salt': 'YGNrDG3l', 'md5': 'e6b90d04632e247c14802b2af860be57', 'sha1': '4d8d8ff57184a15280aea966f8fcf4a0ca87bc35', 'sha256': '303260ea71e7eb6364d327229322154400dda85ffec959f905592b90e777ba52'}, 'dob': {'date': '1947-10-07T19:50:07.900Z', 'age': 76}, 'registered': {'date': '2010-07-21T18:08:45.049Z', 'age': 13}, 'phone': '04-8063-5359', 'cell': '0473-425-343', 'id': {'name': 'TFN', 'value': '312601300'}, 'picture': {'large': 'https://randomuser.me/api/portraits/men/57.jpg', 'medium': 'https://randomuser.me/api/portraits/med/men/57.jpg', 'thumbnail': 'https://randomuser.me/api/portraits/thumb/men/57.jpg'}, 'nat': 'AU'}], 'info': {'seed': '71bf392a7dabf010', 'results': 1, 'page': 1, 'version': '1.4'}}</msg>
<arg>${json_data}</arg>
<doc>Logs the given message with the given level.</doc>
<status status="PASS" start="2024-07-17T15:18:13.027357" elapsed="0.000225"/>
</kw>
<kw name="Should Be Equal As Numbers" owner="BuiltIn">
<arg>${json_data['results'][0]['location']['postcode']}</arg>
<arg>${json_data['results'][0]['location']['postcode']}</arg>
<doc>Fails if objects are unequal after converting them to real numbers.</doc>
<status status="PASS" start="2024-07-17T15:18:13.027910" elapsed="0.000659"/>
</kw>
<kw name="Log" owner="BuiltIn">
<msg time="2024-07-17T15:18:13.029102" level="INFO">818</msg>
<arg>${json_data['results'][0]['location']['postcode']}</arg>
<doc>Logs the given message with the given level.</doc>
<status status="PASS" start="2024-07-17T15:18:13.028766" elapsed="0.000379"/>
</kw>
<status status="PASS" start="2024-07-17T15:18:12.946353" elapsed="0.083057"/>
</kw>
<doc>Testa se os tipos de dados na resposta da API estão corretos.</doc>
<tag>testeTiposDados</tag>
<status status="PASS" start="2024-07-17T15:18:12.847161" elapsed="0.182459"/>
</test>
<test id="s1-s1-t5" name="Validar conteudo" line="35">
<kw name="Teste de Tipos de Conteudo" owner="random-user-service">
<kw name="GET On Session" owner="RequestsLibrary">
<msg time="2024-07-17T15:18:13.139871" level="INFO">GET Request : url=https://randomuser.me/api 
 path_url=/api 
 headers={'User-Agent': 'python-requests/2.32.3', 'Accept-Encoding': 'gzip, deflate', 'Accept': '*/*', 'Connection': 'keep-alive'} 
 body=None 
 </msg>
<msg time="2024-07-17T15:18:13.139990" level="INFO">GET Response : url=https://randomuser.me/api 
 status=200, reason=OK 
 headers={'Date': 'Wed, 17 Jul 2024 15:18:13 GMT', 'Content-Type': 'application/json; charset=utf-8', 'Transfer-Encoding': 'chunked', 'Connection': 'keep-alive', 'X-Powered-By': 'Express', 'Access-Control-Allow-Origin': '*', 'Cache-Control': 'no-cache', 'ETag': 'W/"46e-jC79ydMj8JHvZQQ8+m/XxNyleJ0"', 'Vary': 'Accept-Encoding', 'Content-Encoding': 'gzip', 'CF-Cache-Status': 'DYNAMIC', 'Report-To': '{"endpoints":[{"url":"https:\\/\\/a.nel.cloudflare.com\\/report\\/v4?s=SDGKEmZCmKUjglC%2F4H1CEZyaBmmL6AI6a4dHUnS%2F%2Fw5%2B38Dl9TOI%2BJTRI%2F5w2q4RFFBODdl4YdPj6fjExwhGJSnbDfQ6qyYpYUGB9PHIUSC2FK8l5NWLNUMFW2d0tJab"}],"group":"cf-nel","max_age":604800}', 'NEL': '{"success_fraction":0,"report_to":"cf-nel","max_age":604800}', 'Server': 'cloudflare', 'CF-RAY': '8a4b340b7926073e-IAD', 'alt-svc': 'h3=":443"; ma=86400'} 
 body={"results":[{"gender":"male","name":{"title":"Mr","first":"Ronald","last":"Woods"},"location":{"street":{"number":6940,"name":"Preston Rd"},"city":"Addison","state":"Texas","country":"United States","postcode":30369,"coordinates":{"latitude":"88.5812","longitude":"-85.7992"},"timezone":{"offset":"-10:00","description":"Hawaii"}},"email":"ronald.woods@example.com","login":{"uuid":"df1ba0d3-8436-4cda-ac62-9cdb4f81f31c","username":"happycat626","password":"sander","salt":"HpnyX1Q4","md5":"f806afecf106092b99cd7fd2319a2d46","sha1":"5d1b9935752802f52178867214bb1ddb239cd634","sha256":"94f873169c39bf66f338215673245adcc2e1a465abff02cd301bb788b7aa8d33"},"dob":{"date":"1989-03-18T15:58:30.109Z","age":35},"registered":{"date":"2019-09-25T00:34:44.189Z","age":4},"phone":"(495) 292-0799","cell":"(521) 467-4181","id":{"name":"SSN","value":"724-25-5212"},"picture":{"large":"https://randomuser.me/api/portraits/men/74.jpg","medium":"https://randomuser.me/api/portraits/med/men/74.jpg","thumbnail":"https://randomuser.me/api/portraits/thumb/men/74.jpg"},"nat":"US"}],"info":{"seed":"a1ca8e0d5000d613","results":1,"page":1,"version":"1.4"}} 
 </msg>
<msg time="2024-07-17T15:18:13.140089" level="INFO">/opt/hostedtoolcache/Python/3.12.4/x64/lib/python3.12/site-packages/urllib3/connectionpool.py:1099: InsecureRequestWarning: Unverified HTTPS request is being made to host 'randomuser.me'. Adding certificate verification is strongly advised. See: https://urllib3.readthedocs.io/en/latest/advanced-usage.html#tls-warnings
  warnings.warn(</msg>
<msg time="2024-07-17T15:18:13.140251" level="INFO">${response} = &lt;Response [200]&gt;</msg>
<var>${response}</var>
<arg>consultarAPI</arg>
<arg>/api</arg>
<doc>Sends a GET request on a previously created HTTP Session.</doc>
<status status="PASS" start="2024-07-17T15:18:13.032389" elapsed="0.107915"/>
</kw>
<kw name="Set Variable" owner="BuiltIn">
<msg time="2024-07-17T15:18:13.141451" level="INFO">${json_data} = {'results': [{'gender': 'male', 'name': {'title': 'Mr', 'first': 'Ronald', 'last': 'Woods'}, 'location': {'street': {'number': 6940, 'name': 'Preston Rd'}, 'city': 'Addison', 'state': 'Texas', 'countr...</msg>
<var>${json_data}</var>
<arg>${response.json()}</arg>
<doc>Returns the given values which can then be assigned to a variables.</doc>
<status status="PASS" start="2024-07-17T15:18:13.140924" elapsed="0.000557"/>
</kw>
<kw name="Set Variable" owner="BuiltIn">
<msg time="2024-07-17T15:18:13.142238" level="INFO">${name_title} = Mr</msg>
<var>${name_title}</var>
<arg>${json_data["results"][0]["name"]["title"]}</arg>
<doc>Returns the given values which can then be assigned to a variables.</doc>
<status status="PASS" start="2024-07-17T15:18:13.141795" elapsed="0.000468"/>
</kw>
<kw name="Create List" owner="BuiltIn">
<msg time="2024-07-17T15:18:13.142720" level="INFO">${allowed_titles} = ['Mr', 'Ms', 'Miss', 'Mrs', 'Madame', 'Monsieur']</msg>
<var>${allowed_titles}</var>
<arg>Mr</arg>
<arg>Ms</arg>
<arg>Miss</arg>
<arg>Mrs</arg>
<arg>Madame</arg>
<arg>Monsieur</arg>
<doc>Returns a list containing given items.</doc>
<status status="PASS" start="2024-07-17T15:18:13.142571" elapsed="0.000174"/>
</kw>
<kw name="List Should Contain Value" owner="Collections">
<arg>${allowed_titles}</arg>
<arg>${name_title}</arg>
<doc>Fails if the ``value`` is not found from ``list``.</doc>
<status status="PASS" start="2024-07-17T15:18:13.143054" elapsed="0.000177"/>
</kw>
<kw name="Set Variable" owner="BuiltIn">
<msg time="2024-07-17T15:18:13.143774" level="INFO">${name_country} = US</msg>
<var>${name_country}</var>
<arg>${json_data["results"][0]["nat"]}</arg>
<doc>Returns the given values which can then be assigned to a variables.</doc>
<status status="PASS" start="2024-07-17T15:18:13.143410" elapsed="0.000389"/>
</kw>
<kw name="Create List" owner="BuiltIn">
<msg time="2024-07-17T15:18:13.144692" level="INFO">${list_country} = ['AD', 'AE', 'AF', 'AG', 'AI', 'AL', 'AM', 'AO', 'AQ', 'AR', 'AS', 'AT', 'AU', 'AW', 'AX', 'AZ', 'BA', 'BB', 'BD', 'BE', 'BF', 'BG', 'BH', 'BI', 'BJ', 'BL', 'BM', 'BN', 'BO', 'BQ', 'BR', 'BS', 'BT', '...</msg>
<var>${list_country}</var>
<arg>AD</arg>
<arg>AE</arg>
<arg>AF</arg>
<arg>AG</arg>
<arg>AI</arg>
<arg>AL</arg>
<arg>AM</arg>
<arg>AO</arg>
<arg>AQ</arg>
<arg>AR</arg>
<arg>AS</arg>
<arg>AT</arg>
<arg>AU</arg>
<arg>AW</arg>
<arg>AX</arg>
<arg>AZ</arg>
<arg>BA</arg>
<arg>BB</arg>
<arg>BD</arg>
<arg>BE</arg>
<arg>BF</arg>
<arg>BG</arg>
<arg>BH</arg>
<arg>BI</arg>
<arg>BJ</arg>
<arg>BL</arg>
<arg>BM</arg>
<arg>BN</arg>
<arg>BO</arg>
<arg>BQ</arg>
<arg>BR</arg>
<arg>BS</arg>
<arg>BT</arg>
<arg>BV</arg>
<arg>BW</arg>
<arg>BY</arg>
<arg>BZ</arg>
<arg>CA</arg>
<arg>CC</arg>
<arg>CD</arg>
<arg>CF</arg>
<arg>CG</arg>
<arg>CH</arg>
<arg>CI</arg>
<arg>CK</arg>
<arg>CL</arg>
<arg>CM</arg>
<arg>CN</arg>
<arg>CO</arg>
<arg>CR</arg>
<arg>CU</arg>
<arg>CV</arg>
<arg>CW</arg>
<arg>CX</arg>
<arg>CY</arg>
<arg>CZ</arg>
<arg>DE</arg>
<arg>DJ</arg>
<arg>DK</arg>
<arg>DM</arg>
<arg>DO</arg>
<arg>DZ</arg>
<arg>EC</arg>
<arg>EE</arg>
<arg>EG</arg>
<arg>EH</arg>
<arg>ER</arg>
<arg>ES</arg>
<arg>ET</arg>
<arg>FI</arg>
<arg>FJ</arg>
<arg>FK</arg>
<arg>FM</arg>
<arg>FO</arg>
<arg>FR</arg>
<arg>GA</arg>
<arg>GB</arg>
<arg>GD</arg>
<arg>GE</arg>
<arg>GF</arg>
<arg>GG</arg>
<arg>GH</arg>
<arg>GI</arg>
<arg>GL</arg>
<arg>GM</arg>
<arg>GN</arg>
<arg>GP</arg>
<arg>GQ</arg>
<arg>GR</arg>
<arg>GS</arg>
<arg>GT</arg>
<arg>GU</arg>
<arg>GW</arg>
<arg>GY</arg>
<arg>HK</arg>
<arg>HM</arg>
<arg>HN</arg>
<arg>HR</arg>
<arg>HT</arg>
<arg>HU</arg>
<arg>ID</arg>
<arg>IE</arg>
<arg>IL</arg>
<arg>IM</arg>
<arg>IN</arg>
<arg>IO</arg>
<arg>IQ</arg>
<arg>IR</arg>
<arg>IS</arg>
<arg>IT</arg>
<arg>JE</arg>
<arg>JM</arg>
<arg>JO</arg>
<arg>JP</arg>
<arg>KE</arg>
<arg>KG</arg>
<arg>KH</arg>
<arg>KI</arg>
<arg>KM</arg>
<arg>KN</arg>
<arg>KP</arg>
<arg>KR</arg>
<arg>KW</arg>
<arg>KY</arg>
<arg>KZ</arg>
<arg>LA</arg>
<arg>LB</arg>
<arg>LC</arg>
<arg>LI</arg>
<arg>LK</arg>
<arg>LR</arg>
<arg>LS</arg>
<arg>LT</arg>
<arg>LU</arg>
<arg>LV</arg>
<arg>LY</arg>
<arg>MA</arg>
<arg>MC</arg>
<arg>MD</arg>
<arg>ME</arg>
<arg>MF</arg>
<arg>MG</arg>
<arg>MH</arg>
<arg>MK</arg>
<arg>ML</arg>
<arg>MM</arg>
<arg>MN</arg>
<arg>MO</arg>
<arg>MP</arg>
<arg>MQ</arg>
<arg>MR</arg>
<arg>MS</arg>
<arg>MT</arg>
<arg>MU</arg>
<arg>MV</arg>
<arg>MW</arg>
<arg>MX</arg>
<arg>MY</arg>
<arg>MZ</arg>
<arg>NA</arg>
<arg>NC</arg>
<arg>NE</arg>
<arg>NF</arg>
<arg>NG</arg>
<arg>NI</arg>
<arg>NL</arg>
<arg>NO</arg>
<arg>NP</arg>
<arg>NR</arg>
<arg>NU</arg>
<arg>NZ</arg>
<arg>OM</arg>
<arg>PA</arg>
<arg>PE</arg>
<arg>PF</arg>
<arg>PG</arg>
<arg>PH</arg>
<arg>PK</arg>
<arg>PL</arg>
<arg>PM</arg>
<arg>PN</arg>
<arg>PR</arg>
<arg>PS</arg>
<arg>PT</arg>
<arg>PW</arg>
<arg>PY</arg>
<arg>QA</arg>
<arg>RE</arg>
<arg>RO</arg>
<arg>RS</arg>
<arg>RU</arg>
<arg>RW</arg>
<arg>SA</arg>
<arg>SB</arg>
<arg>SC</arg>
<arg>SD</arg>
<arg>SE</arg>
<arg>SG</arg>
<arg>SH</arg>
<arg>SI</arg>
<arg>SJ</arg>
<arg>SK</arg>
<arg>SL</arg>
<arg>SM</arg>
<arg>SN</arg>
<arg>SO</arg>
<arg>SR</arg>
<arg>SS</arg>
<arg>ST</arg>
<arg>SV</arg>
<arg>SX</arg>
<arg>SY</arg>
<arg>SZ</arg>
<arg>TC</arg>
<arg>TD</arg>
<arg>TF</arg>
<arg>TG</arg>
<arg>TH</arg>
<arg>TJ</arg>
<arg>TK</arg>
<arg>TL</arg>
<arg>TM</arg>
<arg>TN</arg>
<arg>TO</arg>
<arg>TR</arg>
<arg>TT</arg>
<arg>TV</arg>
<arg>TW</arg>
<arg>TZ</arg>
<arg>UA</arg>
<arg>UG</arg>
<arg>UM</arg>
<arg>US</arg>
<arg>UY</arg>
<arg>UZ</arg>
<arg>VA</arg>
<arg>VC</arg>
<arg>VE</arg>
<arg>VG</arg>
<arg>VI</arg>
<arg>VN</arg>
<arg>VU</arg>
<arg>WF</arg>
<arg>WS</arg>
<arg>XK</arg>
<arg>YE</arg>
<arg>YT</arg>
<arg>ZA</arg>
<arg>ZM</arg>
<arg>ZW</arg>
<doc>Returns a list containing given items.</doc>
<status status="PASS" start="2024-07-17T15:18:13.144097" elapsed="0.000622"/>
</kw>
<kw name="List Should Contain Value" owner="Collections">
<arg>${list_country}</arg>
<arg>${name_country}</arg>
<doc>Fails if the ``value`` is not found from ``list``.</doc>
<status status="PASS" start="2024-07-17T15:18:13.145521" elapsed="0.000209"/>
</kw>
<kw name="Run Keyword If" owner="BuiltIn">
<kw name="Should Be True" owner="BuiltIn">
<arg>${True}</arg>
<doc>Fails if the given condition is not true.</doc>
<status status="PASS" start="2024-07-17T15:18:13.146745" elapsed="0.000157"/>
</kw>
<arg>${json_data["results"][0]["location"]["coordinates"]["latitude"]} &gt;= -90 and ${json_data["results"][0]["location"]["coordinates"]["latitude"]} &lt;= 90</arg>
<arg>Should Be True</arg>
<arg>${True}</arg>
<doc>Runs the given keyword with the given arguments, if ``condition`` is true.</doc>
<status status="PASS" start="2024-07-17T15:18:13.145952" elapsed="0.001074"/>
</kw>
<kw name="Run Keyword If" owner="BuiltIn">
<kw name="Should Be True" owner="BuiltIn">
<arg>${True}</arg>
<doc>Fails if the given condition is not true.</doc>
<status status="PASS" start="2024-07-17T15:18:13.147894" elapsed="0.000138"/>
</kw>
<arg>${json_data["results"][0]["location"]["coordinates"]["longitude"]} &gt;= -180 and ${json_data["results"][0]["location"]["coordinates"]["longitude"]} &lt;= 180</arg>
<arg>Should Be True</arg>
<arg>${True}</arg>
<doc>Runs the given keyword with the given arguments, if ``condition`` is true.</doc>
<status status="PASS" start="2024-07-17T15:18:13.147204" elapsed="0.000953"/>
</kw>
<status status="PASS" start="2024-07-17T15:18:13.031971" elapsed="0.116324"/>
</kw>
<doc>Testa o conteúdo específico dos campos retornados pela API.</doc>
<tag>testeConteudo</tag>
<status status="PASS" start="2024-07-17T15:18:13.031489" elapsed="0.116963"/>
</test>
<status status="PASS" start="2024-07-17T15:18:12.306795" elapsed="0.843680"/>
</suite>
<status status="PASS" start="2024-07-17T15:18:12.292221" elapsed="0.863455"/>
</suite>
<statistics>
<total>
<stat pass="5" fail="0" skip="0">All Tests</stat>
</total>
<tag>
<stat pass="1" fail="0" skip="0">testeConteudo</stat>
<stat pass="1" fail="0" skip="0">testeEstruturaResposta</stat>
<stat pass="1" fail="0" skip="0">testeRequisicaoBasica</stat>
<stat pass="1" fail="0" skip="0">testeTiposDados</stat>
</tag>
<suite>
<stat pass="5" fail="0" skip="0" id="s1" name="Tests">Tests</stat>
<stat pass="5" fail="0" skip="0" id="s1-s1" name="Random-User-Test">Tests.Random-User-Test</stat>
</suite>
</statistics>
<errors>
</errors>
</robot>
