<?xml version="1.0" encoding="UTF-8"?>
<robot generator="Robot 7.0 (Python 3.12.2 on linux)" generated="2024-03-23T05:13:21.832232" rpa="false" schemaversion="5">
<suite id="s1" name="Tests" source="/home/runner/work/DesafioQAItauRogerioJordao/DesafioQAItauRogerioJordao/RamdonUser/tests">
<suite id="s1-s1" name="Random-User-Test" source="/home/runner/work/DesafioQAItauRogerioJordao/DesafioQAItauRogerioJordao/RamdonUser/tests/random-user-test.robot">
<test id="s1-s1-t1" name="Conectar" line="13">
<kw name="Conectar API" owner="random-user-service">
<kw name="Create Session" owner="RequestsLibrary">
<msg time="2024-03-23T05:13:22.216282" level="INFO">Creating Session using : alias=consultarAPI, url=https://randomuser.me/, headers={},                     cookies={}, auth=None, timeout=None, proxies=None, verify=False,                     debug=0 </msg>
<arg>consultarAPI</arg>
<arg>${URL}</arg>
<doc>Create Session: create a HTTP session to a server</doc>
<status status="PASS" start="2024-03-23T05:13:22.216087" elapsed="0.000359"/>
</kw>
<status status="PASS" start="2024-03-23T05:13:22.215098" elapsed="0.001701"/>
</kw>
<status status="PASS" start="2024-03-23T05:13:22.214478" elapsed="0.002525"/>
</test>
<test id="s1-s1-t2" name="Validar retorno 200 e JSON Válido" line="16">
<kw name="Teste de Requisicao Basica" owner="random-user-service">
<kw name="GET On Session" owner="RequestsLibrary">
<msg time="2024-03-23T05:13:22.336725" level="INFO">GET Request : url=https://randomuser.me/api 
 path_url=/api 
 headers={'User-Agent': 'python-requests/2.31.0', 'Accept-Encoding': 'gzip, deflate', 'Accept': '*/*', 'Connection': 'keep-alive'} 
 body=None 
 </msg>
<msg time="2024-03-23T05:13:22.336830" level="INFO">GET Response : url=https://randomuser.me/api 
 status=200, reason=OK 
 headers={'Date': 'Sat, 23 Mar 2024 05:13:22 GMT', 'Content-Type': 'application/json; charset=utf-8', 'Transfer-Encoding': 'chunked', 'Connection': 'keep-alive', 'X-Powered-By': 'Express', 'Access-Control-Allow-Origin': '*', 'Cache-Control': 'no-cache', 'ETag': 'W/"487-nmI1sZyyqXKd26a8O72Kjp2oItg"', 'Vary': 'Accept-Encoding', 'Content-Encoding': 'gzip', 'CF-Cache-Status': 'DYNAMIC', 'Report-To': '{"endpoints":[{"url":"https:\\/\\/a.nel.cloudflare.com\\/report\\/v4?s=tCDOQzxZOQprg7oDR3Hn0l8p41nd0fQQjW3XzVc0NGHg98mVGB67VbRD2XnYb8ltlMQ5AwmCcec6VuEYMKfhxsBZSsGfLXcyAnsmgHeCvQvBrhv92zpUcZLD2wtSv3tY"}],"group":"cf-nel","max_age":604800}', 'NEL': '{"success_fraction":0,"report_to":"cf-nel","max_age":604800}', 'Server': 'cloudflare', 'CF-RAY': '868bee8a0c6e6450-SJC', 'alt-svc': 'h3=":443"; ma=86400'} 
 body={"results":[{"gender":"male","name":{"title":"Mr","first":"Vedat","last":"Nebioğlu"},"location":{"street":{"number":8255,"name":"Atatürk Sk"},"city":"İstanbul","state":"Rize","country":"Turkey","postcode":67610,"coordinates":{"latitude":"66.1009","longitude":"-156.2308"},"timezone":{"offset":"+11:00","description":"Magadan, Solomon Islands, New Caledonia"}},"email":"vedat.nebioglu@example.com","login":{"uuid":"fafd06aa-1de8-4ffb-bcf6-b1d9ebaa0513","username":"yellowkoala753","password":"scxakv","salt":"f16G09QT","md5":"35fbe5df718d945b1b0a2c7c70173684","sha1":"d78bf415cda7ee777a12c9e277685a8e6c5a8cd9","sha256":"98e0cd799e54db6ed72e60273569558b4be858db1e4b185c995abcc089a31b82"},"dob":{"date":"1948-07-26T10:46:49.958Z","age":75},"registered":{"date":"2018-11-07T18:21:21.925Z","age":5},"phone":"(866)-603-0220","cell":"(695)-942-6970","id":{"name":"","value":null},"picture":{"large":"https://randomuser.me/api/portraits/men/59.jpg","medium":"https://randomuser.me/api/portraits/med/men/59.jpg","thumbnail":"https://randomuser.me/api/portraits/thumb/men/59.jpg"},"nat":"TR"}],"info":{"seed":"0a1811e00eb8d480","results":1,"page":1,"version":"1.4"}} 
 </msg>
<msg time="2024-03-23T05:13:22.336926" level="INFO">/opt/hostedtoolcache/Python/3.12.2/x64/lib/python3.12/site-packages/urllib3/connectionpool.py:1103: InsecureRequestWarning: Unverified HTTPS request is being made to host 'randomuser.me'. Adding certificate verification is strongly advised. See: https://urllib3.readthedocs.io/en/latest/advanced-usage.html#tls-warnings
  warnings.warn(</msg>
<msg time="2024-03-23T05:13:22.337040" level="INFO">${response} = &lt;Response [200]&gt;</msg>
<var>${response}</var>
<arg>consultarAPI</arg>
<arg>/api</arg>
<doc>Sends a GET request on a previously created HTTP Session.</doc>
<status status="PASS" start="2024-03-23T05:13:22.219687" elapsed="0.117394"/>
</kw>
<kw name="Should Be Equal As Numbers" owner="BuiltIn">
<msg time="2024-03-23T05:13:22.338018" level="INFO">Argument types are:
&lt;class 'int'&gt;
&lt;class 'str'&gt;</msg>
<arg>${response.status_code}</arg>
<arg>200</arg>
<doc>Fails if objects are unequal after converting them to real numbers.</doc>
<status status="PASS" start="2024-03-23T05:13:22.337559" elapsed="0.000520"/>
</kw>
<kw name="Log" owner="BuiltIn">
<msg time="2024-03-23T05:13:22.338752" level="INFO">200</msg>
<arg>${response.status_code}</arg>
<doc>Logs the given message with the given level.</doc>
<status status="PASS" start="2024-03-23T05:13:22.338395" elapsed="0.000399"/>
</kw>
<kw name="Set Variable" owner="BuiltIn">
<msg time="2024-03-23T05:13:22.339587" level="INFO">${json_data} = {'results': [{'gender': 'male', 'name': {'title': 'Mr', 'first': 'Vedat', 'last': 'Nebioğlu'}, 'location': {'street': {'number': 8255, 'name': 'Atatürk Sk'}, 'city': 'İstanbul', 'state': 'Rize', 'coun...</msg>
<var>${json_data}</var>
<arg>${response.json()}</arg>
<doc>Returns the given values which can then be assigned to a variables.</doc>
<status status="PASS" start="2024-03-23T05:13:22.339142" elapsed="0.000474"/>
</kw>
<kw name="Dictionary Should Contain Key" owner="Collections">
<msg time="2024-03-23T05:13:22.340080" level="INFO">False</msg>
<arg>${json_data}</arg>
<arg>results</arg>
<doc>Fails if ``key`` is not found from ``dictionary``.</doc>
<status status="PASS" start="2024-03-23T05:13:22.339918" elapsed="0.000200"/>
</kw>
<status status="PASS" start="2024-03-23T05:13:22.219435" elapsed="0.120928"/>
</kw>
<doc>Testa se a API responde corretamente e retorna um objeto JSON válido.</doc>
<tag>testeRequisicaoBasica</tag>
<status status="PASS" start="2024-03-23T05:13:22.218824" elapsed="0.121708"/>
</test>
<test id="s1-s1-t3" name="Validar estrutura de resposta" line="22">
<kw name="Teste de Estrutura de Resposta" owner="random-user-service">
<kw name="GET On Session" owner="RequestsLibrary">
<msg time="2024-03-23T05:13:22.437695" level="INFO">GET Request : url=https://randomuser.me/api 
 path_url=/api 
 headers={'User-Agent': 'python-requests/2.31.0', 'Accept-Encoding': 'gzip, deflate', 'Accept': '*/*', 'Connection': 'keep-alive'} 
 body=None 
 </msg>
<msg time="2024-03-23T05:13:22.437781" level="INFO">GET Response : url=https://randomuser.me/api 
 status=200, reason=OK 
 headers={'Date': 'Sat, 23 Mar 2024 05:13:22 GMT', 'Content-Type': 'application/json; charset=utf-8', 'Transfer-Encoding': 'chunked', 'Connection': 'keep-alive', 'X-Powered-By': 'Express', 'Access-Control-Allow-Origin': '*', 'Cache-Control': 'no-cache', 'ETag': 'W/"46b-mSfnEyzB9WwBJENfMuQIJNf6Zas"', 'Vary': 'Accept-Encoding', 'Content-Encoding': 'gzip', 'CF-Cache-Status': 'DYNAMIC', 'Report-To': '{"endpoints":[{"url":"https:\\/\\/a.nel.cloudflare.com\\/report\\/v4?s=uL3bAhpvh42UlHAJxj08WDVi%2FWk3jcU4QjKFjUjLoOdH%2FTDyM7iB0XZGoFrBNJCuadtiosdrcMx5zZbobjaTyYhgF1pw9ZgOx33r6y6xhT%2BjWLmtZer31TuvRTCwVO%2F4"}],"group":"cf-nel","max_age":604800}', 'NEL': '{"success_fraction":0,"report_to":"cf-nel","max_age":604800}', 'Server': 'cloudflare', 'CF-RAY': '868bee8aacf16450-SJC', 'alt-svc': 'h3=":443"; ma=86400'} 
 body={"results":[{"gender":"female","name":{"title":"Mrs","first":"Sophia","last":"Taylor"},"location":{"street":{"number":4541,"name":"Devon Street"},"city":"Porirua","state":"Waikato","country":"New Zealand","postcode":14612,"coordinates":{"latitude":"51.7167","longitude":"39.6874"},"timezone":{"offset":"+4:30","description":"Kabul"}},"email":"sophia.taylor@example.com","login":{"uuid":"ebaa73ad-0993-4799-8613-1ca062561c0d","username":"browncat825","password":"aaaa","salt":"KMmDKKaB","md5":"4bef0f257070af965889525517682b9d","sha1":"52814f13b1970e915ed63b3d94b02ce9155129ae","sha256":"b36e847aec272028132c3c36bfde4bbaf7bd18c6a1b213dfa9c9760f7082b938"},"dob":{"date":"1981-07-09T17:46:43.141Z","age":42},"registered":{"date":"2002-06-15T13:23:13.386Z","age":21},"phone":"(134)-070-8357","cell":"(747)-392-5282","id":{"name":"","value":null},"picture":{"large":"https://randomuser.me/api/portraits/women/39.jpg","medium":"https://randomuser.me/api/portraits/med/women/39.jpg","thumbnail":"https://randomuser.me/api/portraits/thumb/women/39.jpg"},"nat":"NZ"}],"info":{"seed":"dc29bb6e2ed50782","results":1,"page":1,"version":"1.4"}} 
 </msg>
<msg time="2024-03-23T05:13:22.437891" level="INFO">/opt/hostedtoolcache/Python/3.12.2/x64/lib/python3.12/site-packages/urllib3/connectionpool.py:1103: InsecureRequestWarning: Unverified HTTPS request is being made to host 'randomuser.me'. Adding certificate verification is strongly advised. See: https://urllib3.readthedocs.io/en/latest/advanced-usage.html#tls-warnings
  warnings.warn(</msg>
<msg time="2024-03-23T05:13:22.437994" level="INFO">${response} = &lt;Response [200]&gt;</msg>
<var>${response}</var>
<arg>consultarAPI</arg>
<arg>/api</arg>
<doc>Sends a GET request on a previously created HTTP Session.</doc>
<status status="PASS" start="2024-03-23T05:13:22.343287" elapsed="0.094767"/>
</kw>
<kw name="Set Variable" owner="BuiltIn">
<msg time="2024-03-23T05:13:22.439117" level="INFO">${json_data} = {'results': [{'gender': 'female', 'name': {'title': 'Mrs', 'first': 'Sophia', 'last': 'Taylor'}, 'location': {'street': {'number': 4541, 'name': 'Devon Street'}, 'city': 'Porirua', 'state': 'Waikato',...</msg>
<var>${json_data}</var>
<arg>${response.json()}</arg>
<doc>Returns the given values which can then be assigned to a variables.</doc>
<status status="PASS" start="2024-03-23T05:13:22.438509" elapsed="0.000640"/>
</kw>
<kw name="Log" owner="BuiltIn">
<msg time="2024-03-23T05:13:22.439617" level="INFO">{'results': [{'gender': 'female', 'name': {'title': 'Mrs', 'first': 'Sophia', 'last': 'Taylor'}, 'location': {'street': {'number': 4541, 'name': 'Devon Street'}, 'city': 'Porirua', 'state': 'Waikato', 'country': 'New Zealand', 'postcode': 14612, 'coordinates': {'latitude': '51.7167', 'longitude': '39.6874'}, 'timezone': {'offset': '+4:30', 'description': 'Kabul'}}, 'email': 'sophia.taylor@example.com', 'login': {'uuid': 'ebaa73ad-0993-4799-8613-1ca062561c0d', 'username': 'browncat825', 'password': 'aaaa', 'salt': 'KMmDKKaB', 'md5': '4bef0f257070af965889525517682b9d', 'sha1': '52814f13b1970e915ed63b3d94b02ce9155129ae', 'sha256': 'b36e847aec272028132c3c36bfde4bbaf7bd18c6a1b213dfa9c9760f7082b938'}, 'dob': {'date': '1981-07-09T17:46:43.141Z', 'age': 42}, 'registered': {'date': '2002-06-15T13:23:13.386Z', 'age': 21}, 'phone': '(134)-070-8357', 'cell': '(747)-392-5282', 'id': {'name': '', 'value': None}, 'picture': {'large': 'https://randomuser.me/api/portraits/women/39.jpg', 'medium': 'https://randomuser.me/api/portraits/med/women/39.jpg', 'thumbnail': 'https://randomuser.me/api/portraits/thumb/women/39.jpg'}, 'nat': 'NZ'}], 'info': {'seed': 'dc29bb6e2ed50782', 'results': 1, 'page': 1, 'version': '1.4'}}</msg>
<arg>${json_data}</arg>
<doc>Logs the given message with the given level.</doc>
<status status="PASS" start="2024-03-23T05:13:22.439460" elapsed="0.000203"/>
</kw>
<kw name="Dictionary Should Contain Key" owner="Collections">
<msg time="2024-03-23T05:13:22.440107" level="INFO">False</msg>
<arg>${json_data}</arg>
<arg>results</arg>
<doc>Fails if ``key`` is not found from ``dictionary``.</doc>
<status status="PASS" start="2024-03-23T05:13:22.439957" elapsed="0.000187"/>
</kw>
<kw name="Should Not Be Empty" owner="BuiltIn">
<msg time="2024-03-23T05:13:22.440566" level="INFO">Length is 2.</msg>
<arg>${json_data}</arg>
<doc>Verifies that the given item is not empty.</doc>
<status status="PASS" start="2024-03-23T05:13:22.440436" elapsed="0.000167"/>
</kw>
<kw name="Create List" owner="BuiltIn">
<msg time="2024-03-23T05:13:22.441031" level="INFO">${expected_keys} = ['gender', 'name', 'location', 'email', 'login']</msg>
<var>${expected_keys}</var>
<arg>gender</arg>
<arg>name</arg>
<arg>location</arg>
<arg>email</arg>
<arg>login</arg>
<doc>Returns a list containing given items.</doc>
<status status="PASS" start="2024-03-23T05:13:22.440887" elapsed="0.000168"/>
</kw>
<for flavor="IN">
<iter>
<kw name="Dictionary Should Contain Key" owner="Collections">
<msg time="2024-03-23T05:13:22.441999" level="INFO">False</msg>
<arg>${json_data['results'][0]}</arg>
<arg>${key}</arg>
<doc>Fails if ``key`` is not found from ``dictionary``.</doc>
<status status="PASS" start="2024-03-23T05:13:22.441599" elapsed="0.000438"/>
</kw>
<kw name="Log" owner="BuiltIn">
<msg time="2024-03-23T05:13:22.442705" level="INFO">{'gender': 'female', 'name': {'title': 'Mrs', 'first': 'Sophia', 'last': 'Taylor'}, 'location': {'street': {'number': 4541, 'name': 'Devon Street'}, 'city': 'Porirua', 'state': 'Waikato', 'country': 'New Zealand', 'postcode': 14612, 'coordinates': {'latitude': '51.7167', 'longitude': '39.6874'}, 'timezone': {'offset': '+4:30', 'description': 'Kabul'}}, 'email': 'sophia.taylor@example.com', 'login': {'uuid': 'ebaa73ad-0993-4799-8613-1ca062561c0d', 'username': 'browncat825', 'password': 'aaaa', 'salt': 'KMmDKKaB', 'md5': '4bef0f257070af965889525517682b9d', 'sha1': '52814f13b1970e915ed63b3d94b02ce9155129ae', 'sha256': 'b36e847aec272028132c3c36bfde4bbaf7bd18c6a1b213dfa9c9760f7082b938'}, 'dob': {'date': '1981-07-09T17:46:43.141Z', 'age': 42}, 'registered': {'date': '2002-06-15T13:23:13.386Z', 'age': 21}, 'phone': '(134)-070-8357', 'cell': '(747)-392-5282', 'id': {'name': '', 'value': None}, 'picture': {'large': 'https://randomuser.me/api/portraits/women/39.jpg', 'medium': 'https://randomuser.me/api/portraits/med/women/39.jpg', 'thumbnail': 'https://randomuser.me/api/portraits/thumb/women/39.jpg'}, 'nat': 'NZ'}</msg>
<arg>${json_data['results'][0]}</arg>
<doc>Logs the given message with the given level.</doc>
<status status="PASS" start="2024-03-23T05:13:22.442342" elapsed="0.000415"/>
</kw>
<kw name="Log" owner="BuiltIn">
<msg time="2024-03-23T05:13:22.443208" level="INFO">gender</msg>
<arg>${key}</arg>
<doc>Logs the given message with the given level.</doc>
<status status="PASS" start="2024-03-23T05:13:22.443075" elapsed="0.000171"/>
</kw>
<var name="${key}">gender</var>
<status status="PASS" start="2024-03-23T05:13:22.441477" elapsed="0.001988"/>
</iter>
<iter>
<kw name="Dictionary Should Contain Key" owner="Collections">
<msg time="2024-03-23T05:13:22.444148" level="INFO">False</msg>
<arg>${json_data['results'][0]}</arg>
<arg>${key}</arg>
<doc>Fails if ``key`` is not found from ``dictionary``.</doc>
<status status="PASS" start="2024-03-23T05:13:22.443766" elapsed="0.000419"/>
</kw>
<kw name="Log" owner="BuiltIn">
<msg time="2024-03-23T05:13:22.444892" level="INFO">{'gender': 'female', 'name': {'title': 'Mrs', 'first': 'Sophia', 'last': 'Taylor'}, 'location': {'street': {'number': 4541, 'name': 'Devon Street'}, 'city': 'Porirua', 'state': 'Waikato', 'country': 'New Zealand', 'postcode': 14612, 'coordinates': {'latitude': '51.7167', 'longitude': '39.6874'}, 'timezone': {'offset': '+4:30', 'description': 'Kabul'}}, 'email': 'sophia.taylor@example.com', 'login': {'uuid': 'ebaa73ad-0993-4799-8613-1ca062561c0d', 'username': 'browncat825', 'password': 'aaaa', 'salt': 'KMmDKKaB', 'md5': '4bef0f257070af965889525517682b9d', 'sha1': '52814f13b1970e915ed63b3d94b02ce9155129ae', 'sha256': 'b36e847aec272028132c3c36bfde4bbaf7bd18c6a1b213dfa9c9760f7082b938'}, 'dob': {'date': '1981-07-09T17:46:43.141Z', 'age': 42}, 'registered': {'date': '2002-06-15T13:23:13.386Z', 'age': 21}, 'phone': '(134)-070-8357', 'cell': '(747)-392-5282', 'id': {'name': '', 'value': None}, 'picture': {'large': 'https://randomuser.me/api/portraits/women/39.jpg', 'medium': 'https://randomuser.me/api/portraits/med/women/39.jpg', 'thumbnail': 'https://randomuser.me/api/portraits/thumb/women/39.jpg'}, 'nat': 'NZ'}</msg>
<arg>${json_data['results'][0]}</arg>
<doc>Logs the given message with the given level.</doc>
<status status="PASS" start="2024-03-23T05:13:22.444529" elapsed="0.000412"/>
</kw>
<kw name="Log" owner="BuiltIn">
<msg time="2024-03-23T05:13:22.445368" level="INFO">name</msg>
<arg>${key}</arg>
<doc>Logs the given message with the given level.</doc>
<status status="PASS" start="2024-03-23T05:13:22.445239" elapsed="0.000167"/>
</kw>
<var name="${key}">name</var>
<status status="PASS" start="2024-03-23T05:13:22.443652" elapsed="0.001969"/>
</iter>
<iter>
<kw name="Dictionary Should Contain Key" owner="Collections">
<msg time="2024-03-23T05:13:22.446286" level="INFO">False</msg>
<arg>${json_data['results'][0]}</arg>
<arg>${key}</arg>
<doc>Fails if ``key`` is not found from ``dictionary``.</doc>
<status status="PASS" start="2024-03-23T05:13:22.445913" elapsed="0.000411"/>
</kw>
<kw name="Log" owner="BuiltIn">
<msg time="2024-03-23T05:13:22.446994" level="INFO">{'gender': 'female', 'name': {'title': 'Mrs', 'first': 'Sophia', 'last': 'Taylor'}, 'location': {'street': {'number': 4541, 'name': 'Devon Street'}, 'city': 'Porirua', 'state': 'Waikato', 'country': 'New Zealand', 'postcode': 14612, 'coordinates': {'latitude': '51.7167', 'longitude': '39.6874'}, 'timezone': {'offset': '+4:30', 'description': 'Kabul'}}, 'email': 'sophia.taylor@example.com', 'login': {'uuid': 'ebaa73ad-0993-4799-8613-1ca062561c0d', 'username': 'browncat825', 'password': 'aaaa', 'salt': 'KMmDKKaB', 'md5': '4bef0f257070af965889525517682b9d', 'sha1': '52814f13b1970e915ed63b3d94b02ce9155129ae', 'sha256': 'b36e847aec272028132c3c36bfde4bbaf7bd18c6a1b213dfa9c9760f7082b938'}, 'dob': {'date': '1981-07-09T17:46:43.141Z', 'age': 42}, 'registered': {'date': '2002-06-15T13:23:13.386Z', 'age': 21}, 'phone': '(134)-070-8357', 'cell': '(747)-392-5282', 'id': {'name': '', 'value': None}, 'picture': {'large': 'https://randomuser.me/api/portraits/women/39.jpg', 'medium': 'https://randomuser.me/api/portraits/med/women/39.jpg', 'thumbnail': 'https://randomuser.me/api/portraits/thumb/women/39.jpg'}, 'nat': 'NZ'}</msg>
<arg>${json_data['results'][0]}</arg>
<doc>Logs the given message with the given level.</doc>
<status status="PASS" start="2024-03-23T05:13:22.446625" elapsed="0.000440"/>
</kw>
<kw name="Log" owner="BuiltIn">
<msg time="2024-03-23T05:13:22.447490" level="INFO">location</msg>
<arg>${key}</arg>
<doc>Logs the given message with the given level.</doc>
<status status="PASS" start="2024-03-23T05:13:22.447363" elapsed="0.000166"/>
</kw>
<var name="${key}">location</var>
<status status="PASS" start="2024-03-23T05:13:22.445801" elapsed="0.001943"/>
</iter>
<iter>
<kw name="Dictionary Should Contain Key" owner="Collections">
<msg time="2024-03-23T05:13:22.448397" level="INFO">False</msg>
<arg>${json_data['results'][0]}</arg>
<arg>${key}</arg>
<doc>Fails if ``key`` is not found from ``dictionary``.</doc>
<status status="PASS" start="2024-03-23T05:13:22.448027" elapsed="0.000407"/>
</kw>
<kw name="Log" owner="BuiltIn">
<msg time="2024-03-23T05:13:22.449088" level="INFO">{'gender': 'female', 'name': {'title': 'Mrs', 'first': 'Sophia', 'last': 'Taylor'}, 'location': {'street': {'number': 4541, 'name': 'Devon Street'}, 'city': 'Porirua', 'state': 'Waikato', 'country': 'New Zealand', 'postcode': 14612, 'coordinates': {'latitude': '51.7167', 'longitude': '39.6874'}, 'timezone': {'offset': '+4:30', 'description': 'Kabul'}}, 'email': 'sophia.taylor@example.com', 'login': {'uuid': 'ebaa73ad-0993-4799-8613-1ca062561c0d', 'username': 'browncat825', 'password': 'aaaa', 'salt': 'KMmDKKaB', 'md5': '4bef0f257070af965889525517682b9d', 'sha1': '52814f13b1970e915ed63b3d94b02ce9155129ae', 'sha256': 'b36e847aec272028132c3c36bfde4bbaf7bd18c6a1b213dfa9c9760f7082b938'}, 'dob': {'date': '1981-07-09T17:46:43.141Z', 'age': 42}, 'registered': {'date': '2002-06-15T13:23:13.386Z', 'age': 21}, 'phone': '(134)-070-8357', 'cell': '(747)-392-5282', 'id': {'name': '', 'value': None}, 'picture': {'large': 'https://randomuser.me/api/portraits/women/39.jpg', 'medium': 'https://randomuser.me/api/portraits/med/women/39.jpg', 'thumbnail': 'https://randomuser.me/api/portraits/thumb/women/39.jpg'}, 'nat': 'NZ'}</msg>
<arg>${json_data['results'][0]}</arg>
<doc>Logs the given message with the given level.</doc>
<status status="PASS" start="2024-03-23T05:13:22.448730" elapsed="0.000404"/>
</kw>
<kw name="Log" owner="BuiltIn">
<msg time="2024-03-23T05:13:22.449551" level="INFO">email</msg>
<arg>${key}</arg>
<doc>Logs the given message with the given level.</doc>
<status status="PASS" start="2024-03-23T05:13:22.449426" elapsed="0.000162"/>
</kw>
<var name="${key}">email</var>
<status status="PASS" start="2024-03-23T05:13:22.447917" elapsed="0.001884"/>
</iter>
<iter>
<kw name="Dictionary Should Contain Key" owner="Collections">
<msg time="2024-03-23T05:13:22.450462" level="INFO">False</msg>
<arg>${json_data['results'][0]}</arg>
<arg>${key}</arg>
<doc>Fails if ``key`` is not found from ``dictionary``.</doc>
<status status="PASS" start="2024-03-23T05:13:22.450088" elapsed="0.000412"/>
</kw>
<kw name="Log" owner="BuiltIn">
<msg time="2024-03-23T05:13:22.451164" level="INFO">{'gender': 'female', 'name': {'title': 'Mrs', 'first': 'Sophia', 'last': 'Taylor'}, 'location': {'street': {'number': 4541, 'name': 'Devon Street'}, 'city': 'Porirua', 'state': 'Waikato', 'country': 'New Zealand', 'postcode': 14612, 'coordinates': {'latitude': '51.7167', 'longitude': '39.6874'}, 'timezone': {'offset': '+4:30', 'description': 'Kabul'}}, 'email': 'sophia.taylor@example.com', 'login': {'uuid': 'ebaa73ad-0993-4799-8613-1ca062561c0d', 'username': 'browncat825', 'password': 'aaaa', 'salt': 'KMmDKKaB', 'md5': '4bef0f257070af965889525517682b9d', 'sha1': '52814f13b1970e915ed63b3d94b02ce9155129ae', 'sha256': 'b36e847aec272028132c3c36bfde4bbaf7bd18c6a1b213dfa9c9760f7082b938'}, 'dob': {'date': '1981-07-09T17:46:43.141Z', 'age': 42}, 'registered': {'date': '2002-06-15T13:23:13.386Z', 'age': 21}, 'phone': '(134)-070-8357', 'cell': '(747)-392-5282', 'id': {'name': '', 'value': None}, 'picture': {'large': 'https://randomuser.me/api/portraits/women/39.jpg', 'medium': 'https://randomuser.me/api/portraits/med/women/39.jpg', 'thumbnail': 'https://randomuser.me/api/portraits/thumb/women/39.jpg'}, 'nat': 'NZ'}</msg>
<arg>${json_data['results'][0]}</arg>
<doc>Logs the given message with the given level.</doc>
<status status="PASS" start="2024-03-23T05:13:22.450791" elapsed="0.000418"/>
</kw>
<kw name="Log" owner="BuiltIn">
<msg time="2024-03-23T05:13:22.451625" level="INFO">login</msg>
<arg>${key}</arg>
<doc>Logs the given message with the given level.</doc>
<status status="PASS" start="2024-03-23T05:13:22.451498" elapsed="0.000266"/>
</kw>
<var name="${key}">login</var>
<status status="PASS" start="2024-03-23T05:13:22.449973" elapsed="0.002018"/>
</iter>
<var>${key}</var>
<value>@{expected_keys}</value>
<status status="PASS" start="2024-03-23T05:13:22.441304" elapsed="0.010811"/>
</for>
<kw name="Create List" owner="BuiltIn">
<msg time="2024-03-23T05:13:22.452477" level="INFO">${expected_keysTwo} = ['username', 'password']</msg>
<var>${expected_keysTwo}</var>
<arg>username</arg>
<arg>password</arg>
<doc>Returns a list containing given items.</doc>
<status status="PASS" start="2024-03-23T05:13:22.452336" elapsed="0.000165"/>
</kw>
<for flavor="IN">
<iter>
<kw name="Dictionary Should Contain Key" owner="Collections">
<msg time="2024-03-23T05:13:22.453385" level="INFO">False</msg>
<arg>${json_data['results'][0]['login']}</arg>
<arg>${keyTwo}</arg>
<doc>Fails if ``key`` is not found from ``dictionary``.</doc>
<status status="PASS" start="2024-03-23T05:13:22.453000" elapsed="0.000421"/>
</kw>
<kw name="Dictionary Should Contain Key" owner="Collections">
<msg time="2024-03-23T05:13:22.454099" level="INFO">False</msg>
<arg>${json_data['results'][0]['login']}</arg>
<arg>${keyTwo}</arg>
<doc>Fails if ``key`` is not found from ``dictionary``.</doc>
<status status="PASS" start="2024-03-23T05:13:22.453721" elapsed="0.000414"/>
</kw>
<kw name="Log" owner="BuiltIn">
<msg time="2024-03-23T05:13:22.454559" level="INFO">username</msg>
<arg>${keyTwo}</arg>
<doc>Logs the given message with the given level.</doc>
<status status="PASS" start="2024-03-23T05:13:22.454429" elapsed="0.000168"/>
</kw>
<var name="${keyTwo}">username</var>
<status status="PASS" start="2024-03-23T05:13:22.452889" elapsed="0.001924"/>
</iter>
<iter>
<kw name="Dictionary Should Contain Key" owner="Collections">
<msg time="2024-03-23T05:13:22.455505" level="INFO">False</msg>
<arg>${json_data['results'][0]['login']}</arg>
<arg>${keyTwo}</arg>
<doc>Fails if ``key`` is not found from ``dictionary``.</doc>
<status status="PASS" start="2024-03-23T05:13:22.455127" elapsed="0.000417"/>
</kw>
<kw name="Dictionary Should Contain Key" owner="Collections">
<msg time="2024-03-23T05:13:22.456221" level="INFO">False</msg>
<arg>${json_data['results'][0]['login']}</arg>
<arg>${keyTwo}</arg>
<doc>Fails if ``key`` is not found from ``dictionary``.</doc>
<status status="PASS" start="2024-03-23T05:13:22.455843" elapsed="0.000415"/>
</kw>
<kw name="Log" owner="BuiltIn">
<msg time="2024-03-23T05:13:22.456677" level="INFO">password</msg>
<arg>${keyTwo}</arg>
<doc>Logs the given message with the given level.</doc>
<status status="PASS" start="2024-03-23T05:13:22.456549" elapsed="0.000165"/>
</kw>
<var name="${keyTwo}">password</var>
<status status="PASS" start="2024-03-23T05:13:22.454986" elapsed="0.001953"/>
</iter>
<var>${keyTwo}</var>
<value>@{expected_keysTwo}</value>
<status status="PASS" start="2024-03-23T05:13:22.452738" elapsed="0.004323"/>
</for>
<status status="PASS" start="2024-03-23T05:13:22.343021" elapsed="0.114178"/>
</kw>
<doc>Testa a estrutura da resposta da API.</doc>
<tag>testeEstruturaResposta</tag>
<status status="PASS" start="2024-03-23T05:13:22.342321" elapsed="0.115030"/>
</test>
<test id="s1-s1-t4" name="Validar tipos de dados" line="28">
<kw name="Teste de Tipos de Dados" owner="random-user-service">
<kw name="GET On Session" owner="RequestsLibrary">
<msg time="2024-03-23T05:13:22.557940" level="INFO">GET Request : url=https://randomuser.me/api 
 path_url=/api 
 headers={'User-Agent': 'python-requests/2.31.0', 'Accept-Encoding': 'gzip, deflate', 'Accept': '*/*', 'Connection': 'keep-alive'} 
 body=None 
 </msg>
<msg time="2024-03-23T05:13:22.558024" level="INFO">GET Response : url=https://randomuser.me/api 
 status=200, reason=OK 
 headers={'Date': 'Sat, 23 Mar 2024 05:13:22 GMT', 'Content-Type': 'application/json; charset=utf-8', 'Transfer-Encoding': 'chunked', 'Connection': 'keep-alive', 'X-Powered-By': 'Express', 'Access-Control-Allow-Origin': '*', 'Cache-Control': 'no-cache', 'ETag': 'W/"49e-EwuSjX0trxF6QDj0RxalwicoT6s"', 'Vary': 'Accept-Encoding', 'Content-Encoding': 'gzip', 'CF-Cache-Status': 'DYNAMIC', 'Report-To': '{"endpoints":[{"url":"https:\\/\\/a.nel.cloudflare.com\\/report\\/v4?s=v2InPnfcpAUKcR8u1Kjc6AJxABUZyIcLQxitfX6TX8ZDqB3VBqTjbRufWoBIh3Si6qkRIp%2FoNoCWkbhcNmwQGUGNYmFyMMxcbRKfQNUrH5vo5Dh5qcAvBC3w%2BHbUAWNy"}],"group":"cf-nel","max_age":604800}', 'NEL': '{"success_fraction":0,"report_to":"cf-nel","max_age":604800}', 'Server': 'cloudflare', 'CF-RAY': '868bee8b5d856450-SJC', 'alt-svc': 'h3=":443"; ma=86400'} 
 body={"results":[{"gender":"female","name":{"title":"Mrs","first":"Alicja","last":"Heppner"},"location":{"street":{"number":1410,"name":"Kirchstraße"},"city":"Osterholz","state":"Hamburg","country":"Germany","postcode":27454,"coordinates":{"latitude":"-49.3186","longitude":"148.0664"},"timezone":{"offset":"+10:00","description":"Eastern Australia, Guam, Vladivostok"}},"email":"alicja.heppner@example.com","login":{"uuid":"059f28a5-3817-4407-bfb4-e70652b51e91","username":"crazytiger520","password":"pookey","salt":"GfEpbCD8","md5":"8fe22a19308ea91d41a4f4cedd7a18b2","sha1":"add8a1ea5e9d22e253d84bf4ba896ee6caa49c77","sha256":"7c46cdab6f09376bd17d8204e6014bd99e8339f950d20dac6b94c5a8c12f6729"},"dob":{"date":"1947-04-26T14:19:00.170Z","age":76},"registered":{"date":"2009-12-21T21:35:37.712Z","age":14},"phone":"0173-0961197","cell":"0177-5827383","id":{"name":"SVNR","value":"58 260447 H 502"},"picture":{"large":"https://randomuser.me/api/portraits/women/34.jpg","medium":"https://randomuser.me/api/portraits/med/women/34.jpg","thumbnail":"https://randomuser.me/api/portraits/thumb/women/34.jpg"},"nat":"DE"}],"info":{"seed":"bc8857441753a600","results":1,"page":1,"version":"1.4"}} 
 </msg>
<msg time="2024-03-23T05:13:22.558079" level="INFO">/opt/hostedtoolcache/Python/3.12.2/x64/lib/python3.12/site-packages/urllib3/connectionpool.py:1103: InsecureRequestWarning: Unverified HTTPS request is being made to host 'randomuser.me'. Adding certificate verification is strongly advised. See: https://urllib3.readthedocs.io/en/latest/advanced-usage.html#tls-warnings
  warnings.warn(</msg>
<msg time="2024-03-23T05:13:22.558169" level="INFO">${response} = &lt;Response [200]&gt;</msg>
<var>${response}</var>
<arg>consultarAPI</arg>
<arg>/api</arg>
<doc>Sends a GET request on a previously created HTTP Session.</doc>
<status status="PASS" start="2024-03-23T05:13:22.459820" elapsed="0.098389"/>
</kw>
<kw name="Set Variable" owner="BuiltIn">
<msg time="2024-03-23T05:13:22.559265" level="INFO">${json_data} = {'results': [{'gender': 'female', 'name': {'title': 'Mrs', 'first': 'Alicja', 'last': 'Heppner'}, 'location': {'street': {'number': 1410, 'name': 'Kirchstraße'}, 'city': 'Osterholz', 'state': 'Hamburg...</msg>
<var>${json_data}</var>
<arg>${response.json()}</arg>
<doc>Returns the given values which can then be assigned to a variables.</doc>
<status status="PASS" start="2024-03-23T05:13:22.558668" elapsed="0.000626"/>
</kw>
<kw name="Log" owner="BuiltIn">
<msg time="2024-03-23T05:13:22.559761" level="INFO">{'results': [{'gender': 'female', 'name': {'title': 'Mrs', 'first': 'Alicja', 'last': 'Heppner'}, 'location': {'street': {'number': 1410, 'name': 'Kirchstraße'}, 'city': 'Osterholz', 'state': 'Hamburg', 'country': 'Germany', 'postcode': 27454, 'coordinates': {'latitude': '-49.3186', 'longitude': '148.0664'}, 'timezone': {'offset': '+10:00', 'description': 'Eastern Australia, Guam, Vladivostok'}}, 'email': 'alicja.heppner@example.com', 'login': {'uuid': '059f28a5-3817-4407-bfb4-e70652b51e91', 'username': 'crazytiger520', 'password': 'pookey', 'salt': 'GfEpbCD8', 'md5': '8fe22a19308ea91d41a4f4cedd7a18b2', 'sha1': 'add8a1ea5e9d22e253d84bf4ba896ee6caa49c77', 'sha256': '7c46cdab6f09376bd17d8204e6014bd99e8339f950d20dac6b94c5a8c12f6729'}, 'dob': {'date': '1947-04-26T14:19:00.170Z', 'age': 76}, 'registered': {'date': '2009-12-21T21:35:37.712Z', 'age': 14}, 'phone': '0173-0961197', 'cell': '0177-5827383', 'id': {'name': 'SVNR', 'value': '58 260447 H 502'}, 'picture': {'large': 'https://randomuser.me/api/portraits/women/34.jpg', 'medium': 'https://randomuser.me/api/portraits/med/women/34.jpg', 'thumbnail': 'https://randomuser.me/api/portraits/thumb/women/34.jpg'}, 'nat': 'DE'}], 'info': {'seed': 'bc8857441753a600', 'results': 1, 'page': 1, 'version': '1.4'}}</msg>
<arg>${json_data}</arg>
<doc>Logs the given message with the given level.</doc>
<status status="PASS" start="2024-03-23T05:13:22.559605" elapsed="0.000205"/>
</kw>
<kw name="Should Be String" owner="String">
<arg>${json_data['results'][0]['gender']}</arg>
<doc>Fails if the given ``item`` is not a string.</doc>
<status status="PASS" start="2024-03-23T05:13:22.560133" elapsed="0.000361"/>
</kw>
<kw name="Should Match Regexp" owner="BuiltIn">
<arg>${json_data['results'][0]['email']}</arg>
<arg>^[a-zA-Z0-9._%+-]+@[a-zA-Z0-9.-]+\.[a-zA-Z]{2,}$</arg>
<doc>Fails if ``string`` does not match ``pattern`` as a regular expression.</doc>
<status status="PASS" start="2024-03-23T05:13:22.560686" elapsed="0.000496"/>
</kw>
<kw name="Should Match Regexp" owner="BuiltIn">
<arg>${json_data['results'][0]['dob']['date']}</arg>
<arg>\\d{4}-\\d{2}-\\d{2}T\\d{2}:\\d{2}:\\d{2}\\.\\d{3}Z</arg>
<doc>Fails if ``string`` does not match ``pattern`` as a regular expression.</doc>
<status status="PASS" start="2024-03-23T05:13:22.561376" elapsed="0.000484"/>
</kw>
<kw name="Should Match Regexp" owner="BuiltIn">
<arg>${json_data['results'][0]['registered']['date']}</arg>
<arg>\\d{4}-\\d{2}-\\d{2}T\\d{2}:\\d{2}:\\d{2}\\.\\d{3}Z</arg>
<doc>Fails if ``string`` does not match ``pattern`` as a regular expression.</doc>
<status status="PASS" start="2024-03-23T05:13:22.562049" elapsed="0.000370"/>
</kw>
<kw name="Should Match Regexp" owner="BuiltIn">
<arg>${json_data['results'][0]['picture']['large']}</arg>
<arg>^https?://.*\.(?:png|jpe?g|gif|bmp)$</arg>
<doc>Fails if ``string`` does not match ``pattern`` as a regular expression.</doc>
<status status="PASS" start="2024-03-23T05:13:22.562605" elapsed="0.000492"/>
</kw>
<kw name="Should Match Regexp" owner="BuiltIn">
<arg>${json_data['results'][0]['picture']['medium']}</arg>
<arg>^https?://.*\.(?:png|jpe?g|gif|bmp)$</arg>
<doc>Fails if ``string`` does not match ``pattern`` as a regular expression.</doc>
<status status="PASS" start="2024-03-23T05:13:22.563305" elapsed="0.000371"/>
</kw>
<kw name="Should Match Regexp" owner="BuiltIn">
<arg>${json_data['results'][0]['picture']['thumbnail']}</arg>
<arg>^https?://.*\.(?:png|jpe?g|gif|bmp)$</arg>
<doc>Fails if ``string`` does not match ``pattern`` as a regular expression.</doc>
<status status="PASS" start="2024-03-23T05:13:22.563863" elapsed="0.000347"/>
</kw>
<kw name="Log" owner="BuiltIn">
<msg time="2024-03-23T05:13:22.564720" level="INFO">{'large': 'https://randomuser.me/api/portraits/women/34.jpg', 'medium': 'https://randomuser.me/api/portraits/med/women/34.jpg', 'thumbnail': 'https://randomuser.me/api/portraits/thumb/women/34.jpg'}</msg>
<arg>${json_data['results'][0]['picture']}</arg>
<doc>Logs the given message with the given level.</doc>
<status status="PASS" start="2024-03-23T05:13:22.564390" elapsed="0.000376"/>
</kw>
<status status="PASS" start="2024-03-23T05:13:22.459601" elapsed="0.105415"/>
</kw>
<kw name="Teste de Tipos de Dados - Postcode" owner="random-user-service">
<kw name="GET On Session" owner="RequestsLibrary">
<msg time="2024-03-23T05:13:22.655674" level="INFO">GET Request : url=https://randomuser.me/api 
 path_url=/api 
 headers={'User-Agent': 'python-requests/2.31.0', 'Accept-Encoding': 'gzip, deflate', 'Accept': '*/*', 'Connection': 'keep-alive'} 
 body=None 
 </msg>
<msg time="2024-03-23T05:13:22.655759" level="INFO">GET Response : url=https://randomuser.me/api 
 status=200, reason=OK 
 headers={'Date': 'Sat, 23 Mar 2024 05:13:22 GMT', 'Content-Type': 'application/json; charset=utf-8', 'Transfer-Encoding': 'chunked', 'Connection': 'keep-alive', 'X-Powered-By': 'Express', 'Access-Control-Allow-Origin': '*', 'Cache-Control': 'no-cache', 'ETag': 'W/"49c-xGazfv6Hru+30kobiHddN9j7mmU"', 'Vary': 'Accept-Encoding', 'Content-Encoding': 'gzip', 'CF-Cache-Status': 'DYNAMIC', 'Report-To': '{"endpoints":[{"url":"https:\\/\\/a.nel.cloudflare.com\\/report\\/v4?s=TXZPYU812oCkxS1bZweta%2FhgYsjxx84eHMWnB%2FszxzOcnjqr8m4wzD1vCR0eGI1N9tXQPACv7Fr9NzA5w9oe3nZqDpxC%2FWHmtrtNVTkKRy1li6RwwM7PlPRfc1kDp9B1"}],"group":"cf-nel","max_age":604800}', 'NEL': '{"success_fraction":0,"report_to":"cf-nel","max_age":604800}', 'Server': 'cloudflare', 'CF-RAY': '868bee8c0e066450-SJC', 'alt-svc': 'h3=":443"; ma=86400'} 
 body={"results":[{"gender":"male","name":{"title":"Mr","first":"Julián","last":"Suarez"},"location":{"street":{"number":6682,"name":"Calle del Barquillo"},"city":"Sevilla","state":"Castilla y León","country":"Spain","postcode":52438,"coordinates":{"latitude":"-37.6905","longitude":"-178.5684"},"timezone":{"offset":"-4:00","description":"Atlantic Time (Canada), Caracas, La Paz"}},"email":"julian.suarez@example.com","login":{"uuid":"ae4acd57-5c3b-4189-894b-bed61b1a3bbc","username":"crazypeacock758","password":"modena","salt":"wXoUhIJs","md5":"78257e9fddc37b7430e6006e8b4c139d","sha1":"739d16c64de15aad50f03e8b6daf1b26985fdac2","sha256":"665759332f2eac1e0c635cefc82e1449194d97ff0a42dd03143034fe52596d05"},"dob":{"date":"1995-06-11T21:21:07.260Z","age":28},"registered":{"date":"2018-09-26T05:37:17.766Z","age":5},"phone":"916-062-777","cell":"622-643-128","id":{"name":"DNI","value":"60101497-J"},"picture":{"large":"https://randomuser.me/api/portraits/men/40.jpg","medium":"https://randomuser.me/api/portraits/med/men/40.jpg","thumbnail":"https://randomuser.me/api/portraits/thumb/men/40.jpg"},"nat":"ES"}],"info":{"seed":"85c07c27384b7b87","results":1,"page":1,"version":"1.4"}} 
 </msg>
<msg time="2024-03-23T05:13:22.655844" level="INFO">/opt/hostedtoolcache/Python/3.12.2/x64/lib/python3.12/site-packages/urllib3/connectionpool.py:1103: InsecureRequestWarning: Unverified HTTPS request is being made to host 'randomuser.me'. Adding certificate verification is strongly advised. See: https://urllib3.readthedocs.io/en/latest/advanced-usage.html#tls-warnings
  warnings.warn(</msg>
<msg time="2024-03-23T05:13:22.655961" level="INFO">${response} = &lt;Response [200]&gt;</msg>
<var>${response}</var>
<arg>consultarAPI</arg>
<arg>/api</arg>
<doc>Sends a GET request on a previously created HTTP Session.</doc>
<status status="PASS" start="2024-03-23T05:13:22.565563" elapsed="0.090451"/>
</kw>
<kw name="Set Variable" owner="BuiltIn">
<msg time="2024-03-23T05:13:22.657093" level="INFO">${json_data} = {'results': [{'gender': 'male', 'name': {'title': 'Mr', 'first': 'Julián', 'last': 'Suarez'}, 'location': {'street': {'number': 6682, 'name': 'Calle del Barquillo'}, 'city': 'Sevilla', 'state': 'Casti...</msg>
<var>${json_data}</var>
<arg>${response.json()}</arg>
<doc>Returns the given values which can then be assigned to a variables.</doc>
<status status="PASS" start="2024-03-23T05:13:22.656528" elapsed="0.000593"/>
</kw>
<kw name="Log" owner="BuiltIn">
<msg time="2024-03-23T05:13:22.657582" level="INFO">{'results': [{'gender': 'male', 'name': {'title': 'Mr', 'first': 'Julián', 'last': 'Suarez'}, 'location': {'street': {'number': 6682, 'name': 'Calle del Barquillo'}, 'city': 'Sevilla', 'state': 'Castilla y León', 'country': 'Spain', 'postcode': 52438, 'coordinates': {'latitude': '-37.6905', 'longitude': '-178.5684'}, 'timezone': {'offset': '-4:00', 'description': 'Atlantic Time (Canada), Caracas, La Paz'}}, 'email': 'julian.suarez@example.com', 'login': {'uuid': 'ae4acd57-5c3b-4189-894b-bed61b1a3bbc', 'username': 'crazypeacock758', 'password': 'modena', 'salt': 'wXoUhIJs', 'md5': '78257e9fddc37b7430e6006e8b4c139d', 'sha1': '739d16c64de15aad50f03e8b6daf1b26985fdac2', 'sha256': '665759332f2eac1e0c635cefc82e1449194d97ff0a42dd03143034fe52596d05'}, 'dob': {'date': '1995-06-11T21:21:07.260Z', 'age': 28}, 'registered': {'date': '2018-09-26T05:37:17.766Z', 'age': 5}, 'phone': '916-062-777', 'cell': '622-643-128', 'id': {'name': 'DNI', 'value': '60101497-J'}, 'picture': {'large': 'https://randomuser.me/api/portraits/men/40.jpg', 'medium': 'https://randomuser.me/api/portraits/med/men/40.jpg', 'thumbnail': 'https://randomuser.me/api/portraits/thumb/men/40.jpg'}, 'nat': 'ES'}], 'info': {'seed': '85c07c27384b7b87', 'results': 1, 'page': 1, 'version': '1.4'}}</msg>
<arg>${json_data}</arg>
<doc>Logs the given message with the given level.</doc>
<status status="PASS" start="2024-03-23T05:13:22.657427" elapsed="0.000203"/>
</kw>
<kw name="Should Be Equal As Numbers" owner="BuiltIn">
<arg>${json_data['results'][0]['location']['postcode']}</arg>
<arg>${json_data['results'][0]['location']['postcode']}</arg>
<doc>Fails if objects are unequal after converting them to real numbers.</doc>
<status status="PASS" start="2024-03-23T05:13:22.657922" elapsed="0.000649"/>
</kw>
<kw name="Log" owner="BuiltIn">
<msg time="2024-03-23T05:13:22.659135" level="INFO">52438</msg>
<arg>${json_data['results'][0]['location']['postcode']}</arg>
<doc>Logs the given message with the given level.</doc>
<status status="PASS" start="2024-03-23T05:13:22.658766" elapsed="0.000420"/>
</kw>
<status status="PASS" start="2024-03-23T05:13:22.565229" elapsed="0.094213"/>
</kw>
<doc>Testa se os tipos de dados na resposta da API estão corretos.</doc>
<tag>testeTiposDados</tag>
<status status="PASS" start="2024-03-23T05:13:22.459104" elapsed="0.200494"/>
</test>
<test id="s1-s1-t5" name="Validar conteudo" line="35">
<kw name="Teste de Tipos de Conteudo" owner="random-user-service">
<kw name="GET On Session" owner="RequestsLibrary">
<msg time="2024-03-23T05:13:22.760792" level="INFO">GET Request : url=https://randomuser.me/api 
 path_url=/api 
 headers={'User-Agent': 'python-requests/2.31.0', 'Accept-Encoding': 'gzip, deflate', 'Accept': '*/*', 'Connection': 'keep-alive'} 
 body=None 
 </msg>
<msg time="2024-03-23T05:13:22.760875" level="INFO">GET Response : url=https://randomuser.me/api 
 status=200, reason=OK 
 headers={'Date': 'Sat, 23 Mar 2024 05:13:22 GMT', 'Content-Type': 'application/json; charset=utf-8', 'Transfer-Encoding': 'chunked', 'Connection': 'keep-alive', 'X-Powered-By': 'Express', 'Access-Control-Allow-Origin': '*', 'Cache-Control': 'no-cache', 'ETag': 'W/"478-PwjXfW9ADJzFet7AugQsEKqISzM"', 'Vary': 'Accept-Encoding', 'Content-Encoding': 'gzip', 'CF-Cache-Status': 'DYNAMIC', 'Report-To': '{"endpoints":[{"url":"https:\\/\\/a.nel.cloudflare.com\\/report\\/v4?s=l0d04UlUiKgJlhxQOxzKSLHiVfKKVcpVa%2Bsk1GTQ902kupc0hxXLLZdbRRYIC7XRAY9WR9cIUF6qB1p3exlaVz7J6jbBRNLZlHeXzFOyQQNOgfNoRm6nH7XYQNY54a%2BI"}],"group":"cf-nel","max_age":604800}', 'NEL': '{"success_fraction":0,"report_to":"cf-nel","max_age":604800}', 'Server': 'cloudflare', 'CF-RAY': '868bee8cae7f6450-SJC', 'alt-svc': 'h3=":443"; ma=86400'} 
 body={"results":[{"gender":"male","name":{"title":"Mr","first":"Greg","last":"Fowler"},"location":{"street":{"number":5852,"name":"Fairview Road"},"city":"Swansea","state":"West Yorkshire","country":"United Kingdom","postcode":"D8 2GN","coordinates":{"latitude":"-8.1893","longitude":"-59.9378"},"timezone":{"offset":"+4:30","description":"Kabul"}},"email":"greg.fowler@example.com","login":{"uuid":"64a92dff-40f6-407b-887d-2df4e88787fc","username":"lazysnake256","password":"leroy","salt":"qb8AdETb","md5":"f0389dece9bafb04e71f0bd3a2c6d799","sha1":"3958b28f53a4e2897a390a25ed78a0df7c37066d","sha256":"fc1ea2c1a9fc6020bf6a6c9c940efdb32d83756650370c9083f81e5b400a1160"},"dob":{"date":"1993-06-14T23:00:55.556Z","age":30},"registered":{"date":"2021-08-04T15:08:13.005Z","age":2},"phone":"01955 45497","cell":"07513 105204","id":{"name":"NINO","value":"XE 74 11 24 V"},"picture":{"large":"https://randomuser.me/api/portraits/men/26.jpg","medium":"https://randomuser.me/api/portraits/med/men/26.jpg","thumbnail":"https://randomuser.me/api/portraits/thumb/men/26.jpg"},"nat":"GB"}],"info":{"seed":"58b31dc67c3c0abb","results":1,"page":1,"version":"1.4"}} 
 </msg>
<msg time="2024-03-23T05:13:22.760943" level="INFO">/opt/hostedtoolcache/Python/3.12.2/x64/lib/python3.12/site-packages/urllib3/connectionpool.py:1103: InsecureRequestWarning: Unverified HTTPS request is being made to host 'randomuser.me'. Adding certificate verification is strongly advised. See: https://urllib3.readthedocs.io/en/latest/advanced-usage.html#tls-warnings
  warnings.warn(</msg>
<msg time="2024-03-23T05:13:22.761059" level="INFO">${response} = &lt;Response [200]&gt;</msg>
<var>${response}</var>
<arg>consultarAPI</arg>
<arg>/api</arg>
<doc>Sends a GET request on a previously created HTTP Session.</doc>
<status status="PASS" start="2024-03-23T05:13:22.662002" elapsed="0.099111"/>
</kw>
<kw name="Set Variable" owner="BuiltIn">
<msg time="2024-03-23T05:13:22.762155" level="INFO">${json_data} = {'results': [{'gender': 'male', 'name': {'title': 'Mr', 'first': 'Greg', 'last': 'Fowler'}, 'location': {'street': {'number': 5852, 'name': 'Fairview Road'}, 'city': 'Swansea', 'state': 'West Yorkshir...</msg>
<var>${json_data}</var>
<arg>${response.json()}</arg>
<doc>Returns the given values which can then be assigned to a variables.</doc>
<status status="PASS" start="2024-03-23T05:13:22.761625" elapsed="0.000559"/>
</kw>
<kw name="Set Variable" owner="BuiltIn">
<msg time="2024-03-23T05:13:22.762863" level="INFO">${name_title} = Mr</msg>
<var>${name_title}</var>
<arg>${json_data["results"][0]["name"]["title"]}</arg>
<doc>Returns the given values which can then be assigned to a variables.</doc>
<status status="PASS" start="2024-03-23T05:13:22.762492" elapsed="0.000396"/>
</kw>
<kw name="Create List" owner="BuiltIn">
<msg time="2024-03-23T05:13:22.763377" level="INFO">${allowed_titles} = ['Mr', 'Ms', 'Miss', 'Mrs', 'Madame', 'Monsieur']</msg>
<var>${allowed_titles}</var>
<arg>Mr</arg>
<arg>Ms</arg>
<arg>Miss</arg>
<arg>Mrs</arg>
<arg>Madame</arg>
<arg>Monsieur</arg>
<doc>Returns a list containing given items.</doc>
<status status="PASS" start="2024-03-23T05:13:22.763227" elapsed="0.000174"/>
</kw>
<kw name="List Should Contain Value" owner="Collections">
<msg time="2024-03-23T05:13:22.763872" level="INFO">False</msg>
<arg>${allowed_titles}</arg>
<arg>${name_title}</arg>
<doc>Fails if the ``value`` is not found from ``list``.</doc>
<status status="PASS" start="2024-03-23T05:13:22.763702" elapsed="0.000206"/>
</kw>
<kw name="Set Variable" owner="BuiltIn">
<msg time="2024-03-23T05:13:22.764566" level="INFO">${name_country} = GB</msg>
<var>${name_country}</var>
<arg>${json_data["results"][0]["nat"]}</arg>
<doc>Returns the given values which can then be assigned to a variables.</doc>
<status status="PASS" start="2024-03-23T05:13:22.764194" elapsed="0.000397"/>
</kw>
<kw name="Create List" owner="BuiltIn">
<msg time="2024-03-23T05:13:22.765491" level="INFO">${list_country} = ['AD', 'AE', 'AF', 'AG', 'AI', 'AL', 'AM', 'AO', 'AQ', 'AR', 'AS', 'AT', 'AU', 'AW', 'AX', 'AZ', 'BA', 'BB', 'BD', 'BE', 'BF', 'BG', 'BH', 'BI', 'BJ', 'BL', 'BM', 'BN', 'BO', 'BQ', 'BR', 'BS', 'BT', '...</msg>
<var>${list_country}</var>
<arg>AD</arg>
<arg>AE</arg>
<arg>AF</arg>
<arg>AG</arg>
<arg>AI</arg>
<arg>AL</arg>
<arg>AM</arg>
<arg>AO</arg>
<arg>AQ</arg>
<arg>AR</arg>
<arg>AS</arg>
<arg>AT</arg>
<arg>AU</arg>
<arg>AW</arg>
<arg>AX</arg>
<arg>AZ</arg>
<arg>BA</arg>
<arg>BB</arg>
<arg>BD</arg>
<arg>BE</arg>
<arg>BF</arg>
<arg>BG</arg>
<arg>BH</arg>
<arg>BI</arg>
<arg>BJ</arg>
<arg>BL</arg>
<arg>BM</arg>
<arg>BN</arg>
<arg>BO</arg>
<arg>BQ</arg>
<arg>BR</arg>
<arg>BS</arg>
<arg>BT</arg>
<arg>BV</arg>
<arg>BW</arg>
<arg>BY</arg>
<arg>BZ</arg>
<arg>CA</arg>
<arg>CC</arg>
<arg>CD</arg>
<arg>CF</arg>
<arg>CG</arg>
<arg>CH</arg>
<arg>CI</arg>
<arg>CK</arg>
<arg>CL</arg>
<arg>CM</arg>
<arg>CN</arg>
<arg>CO</arg>
<arg>CR</arg>
<arg>CU</arg>
<arg>CV</arg>
<arg>CW</arg>
<arg>CX</arg>
<arg>CY</arg>
<arg>CZ</arg>
<arg>DE</arg>
<arg>DJ</arg>
<arg>DK</arg>
<arg>DM</arg>
<arg>DO</arg>
<arg>DZ</arg>
<arg>EC</arg>
<arg>EE</arg>
<arg>EG</arg>
<arg>EH</arg>
<arg>ER</arg>
<arg>ES</arg>
<arg>ET</arg>
<arg>FI</arg>
<arg>FJ</arg>
<arg>FK</arg>
<arg>FM</arg>
<arg>FO</arg>
<arg>FR</arg>
<arg>GA</arg>
<arg>GB</arg>
<arg>GD</arg>
<arg>GE</arg>
<arg>GF</arg>
<arg>GG</arg>
<arg>GH</arg>
<arg>GI</arg>
<arg>GL</arg>
<arg>GM</arg>
<arg>GN</arg>
<arg>GP</arg>
<arg>GQ</arg>
<arg>GR</arg>
<arg>GS</arg>
<arg>GT</arg>
<arg>GU</arg>
<arg>GW</arg>
<arg>GY</arg>
<arg>HK</arg>
<arg>HM</arg>
<arg>HN</arg>
<arg>HR</arg>
<arg>HT</arg>
<arg>HU</arg>
<arg>ID</arg>
<arg>IE</arg>
<arg>IL</arg>
<arg>IM</arg>
<arg>IN</arg>
<arg>IO</arg>
<arg>IQ</arg>
<arg>IR</arg>
<arg>IS</arg>
<arg>IT</arg>
<arg>JE</arg>
<arg>JM</arg>
<arg>JO</arg>
<arg>JP</arg>
<arg>KE</arg>
<arg>KG</arg>
<arg>KH</arg>
<arg>KI</arg>
<arg>KM</arg>
<arg>KN</arg>
<arg>KP</arg>
<arg>KR</arg>
<arg>KW</arg>
<arg>KY</arg>
<arg>KZ</arg>
<arg>LA</arg>
<arg>LB</arg>
<arg>LC</arg>
<arg>LI</arg>
<arg>LK</arg>
<arg>LR</arg>
<arg>LS</arg>
<arg>LT</arg>
<arg>LU</arg>
<arg>LV</arg>
<arg>LY</arg>
<arg>MA</arg>
<arg>MC</arg>
<arg>MD</arg>
<arg>ME</arg>
<arg>MF</arg>
<arg>MG</arg>
<arg>MH</arg>
<arg>MK</arg>
<arg>ML</arg>
<arg>MM</arg>
<arg>MN</arg>
<arg>MO</arg>
<arg>MP</arg>
<arg>MQ</arg>
<arg>MR</arg>
<arg>MS</arg>
<arg>MT</arg>
<arg>MU</arg>
<arg>MV</arg>
<arg>MW</arg>
<arg>MX</arg>
<arg>MY</arg>
<arg>MZ</arg>
<arg>NA</arg>
<arg>NC</arg>
<arg>NE</arg>
<arg>NF</arg>
<arg>NG</arg>
<arg>NI</arg>
<arg>NL</arg>
<arg>NO</arg>
<arg>NP</arg>
<arg>NR</arg>
<arg>NU</arg>
<arg>NZ</arg>
<arg>OM</arg>
<arg>PA</arg>
<arg>PE</arg>
<arg>PF</arg>
<arg>PG</arg>
<arg>PH</arg>
<arg>PK</arg>
<arg>PL</arg>
<arg>PM</arg>
<arg>PN</arg>
<arg>PR</arg>
<arg>PS</arg>
<arg>PT</arg>
<arg>PW</arg>
<arg>PY</arg>
<arg>QA</arg>
<arg>RE</arg>
<arg>RO</arg>
<arg>RS</arg>
<arg>RU</arg>
<arg>RW</arg>
<arg>SA</arg>
<arg>SB</arg>
<arg>SC</arg>
<arg>SD</arg>
<arg>SE</arg>
<arg>SG</arg>
<arg>SH</arg>
<arg>SI</arg>
<arg>SJ</arg>
<arg>SK</arg>
<arg>SL</arg>
<arg>SM</arg>
<arg>SN</arg>
<arg>SO</arg>
<arg>SR</arg>
<arg>SS</arg>
<arg>ST</arg>
<arg>SV</arg>
<arg>SX</arg>
<arg>SY</arg>
<arg>SZ</arg>
<arg>TC</arg>
<arg>TD</arg>
<arg>TF</arg>
<arg>TG</arg>
<arg>TH</arg>
<arg>TJ</arg>
<arg>TK</arg>
<arg>TL</arg>
<arg>TM</arg>
<arg>TN</arg>
<arg>TO</arg>
<arg>TR</arg>
<arg>TT</arg>
<arg>TV</arg>
<arg>TW</arg>
<arg>TZ</arg>
<arg>UA</arg>
<arg>UG</arg>
<arg>UM</arg>
<arg>US</arg>
<arg>UY</arg>
<arg>UZ</arg>
<arg>VA</arg>
<arg>VC</arg>
<arg>VE</arg>
<arg>VG</arg>
<arg>VI</arg>
<arg>VN</arg>
<arg>VU</arg>
<arg>WF</arg>
<arg>WS</arg>
<arg>XK</arg>
<arg>YE</arg>
<arg>YT</arg>
<arg>ZA</arg>
<arg>ZM</arg>
<arg>ZW</arg>
<doc>Returns a list containing given items.</doc>
<status status="PASS" start="2024-03-23T05:13:22.764898" elapsed="0.000618"/>
</kw>
<kw name="List Should Contain Value" owner="Collections">
<msg time="2024-03-23T05:13:22.766601" level="INFO">False</msg>
<arg>${list_country}</arg>
<arg>${name_country}</arg>
<doc>Fails if the ``value`` is not found from ``list``.</doc>
<status status="PASS" start="2024-03-23T05:13:22.766399" elapsed="0.000238"/>
</kw>
<kw name="Run Keyword If" owner="BuiltIn">
<kw name="Should Be True" owner="BuiltIn">
<arg>${True}</arg>
<doc>Fails if the given condition is not true.</doc>
<status status="PASS" start="2024-03-23T05:13:22.767734" elapsed="0.000147"/>
</kw>
<arg>${json_data["results"][0]["location"]["coordinates"]["latitude"]} &gt;= -90 and ${json_data["results"][0]["location"]["coordinates"]["latitude"]} &lt;= 90</arg>
<arg>Should Be True</arg>
<arg>${True}</arg>
<doc>Runs the given keyword with the given arguments, if ``condition`` is true.</doc>
<status status="PASS" start="2024-03-23T05:13:22.766944" elapsed="0.001074"/>
</kw>
<kw name="Run Keyword If" owner="BuiltIn">
<kw name="Should Be True" owner="BuiltIn">
<arg>${True}</arg>
<doc>Fails if the given condition is not true.</doc>
<status status="PASS" start="2024-03-23T05:13:22.768895" elapsed="0.000138"/>
</kw>
<arg>${json_data["results"][0]["location"]["coordinates"]["longitude"]} &gt;= -180 and ${json_data["results"][0]["location"]["coordinates"]["longitude"]} &lt;= 180</arg>
<arg>Should Be True</arg>
<arg>${True}</arg>
<doc>Runs the given keyword with the given arguments, if ``condition`` is true.</doc>
<status status="PASS" start="2024-03-23T05:13:22.768202" elapsed="0.000954"/>
</kw>
<status status="PASS" start="2024-03-23T05:13:22.661784" elapsed="0.107502"/>
</kw>
<doc>Testa o conteúdo específico dos campos retornados pela API.</doc>
<tag>testeConteudo</tag>
<status status="PASS" start="2024-03-23T05:13:22.661289" elapsed="0.108141"/>
</test>
<status status="PASS" start="2024-03-23T05:13:21.883728" elapsed="0.887608"/>
</suite>
<status status="PASS" start="2024-03-23T05:13:21.870182" elapsed="0.906453"/>
</suite>
<statistics>
<total>
<stat pass="5" fail="0" skip="0">All Tests</stat>
</total>
<tag>
<stat pass="1" fail="0" skip="0">testeConteudo</stat>
<stat pass="1" fail="0" skip="0">testeEstruturaResposta</stat>
<stat pass="1" fail="0" skip="0">testeRequisicaoBasica</stat>
<stat pass="1" fail="0" skip="0">testeTiposDados</stat>
</tag>
<suite>
<stat pass="5" fail="0" skip="0" id="s1" name="Tests">Tests</stat>
<stat pass="5" fail="0" skip="0" id="s1-s1" name="Random-User-Test">Tests.Random-User-Test</stat>
</suite>
</statistics>
<errors>
</errors>
</robot>
