<?xml version="1.0" encoding="UTF-8"?>
<robot generator="Robot 7.0.1 (Python 3.12.4 on linux)" generated="2024-07-11T19:12:51.825123" rpa="false" schemaversion="5">
<suite id="s1" name="Tests" source="/home/runner/work/ApiRandomUser/ApiRandomUser/RamdonUser/tests">
<suite id="s1-s1" name="Random-User-Test" source="/home/runner/work/ApiRandomUser/ApiRandomUser/RamdonUser/tests/random-user-test.robot">
<test id="s1-s1-t1" name="Conectar" line="13">
<kw name="Conectar API" owner="random-user-service">
<kw name="Create Session" owner="RequestsLibrary">
<msg time="2024-07-11T19:12:52.229212" level="INFO">Creating Session using : alias=consultarAPI, url=https://randomuser.me/, headers={},                     cookies={}, auth=None, timeout=None, proxies=None, verify=False,                     debug=0 </msg>
<arg>consultarAPI</arg>
<arg>${URL}</arg>
<doc>Create Session: create a HTTP session to a server</doc>
<status status="PASS" start="2024-07-11T19:12:52.229004" elapsed="0.000393"/>
</kw>
<status status="PASS" start="2024-07-11T19:12:52.227997" elapsed="0.001764"/>
</kw>
<status status="PASS" start="2024-07-11T19:12:52.227446" elapsed="0.002512"/>
</test>
<test id="s1-s1-t2" name="Validar retorno 200 e JSON Válido" line="16">
<kw name="Teste de Requisicao Basica" owner="random-user-service">
<kw name="GET On Session" owner="RequestsLibrary">
<msg time="2024-07-11T19:12:52.365193" level="INFO">GET Request : url=https://randomuser.me/api 
 path_url=/api 
 headers={'User-Agent': 'python-requests/2.32.3', 'Accept-Encoding': 'gzip, deflate', 'Accept': '*/*', 'Connection': 'keep-alive'} 
 body=None 
 </msg>
<msg time="2024-07-11T19:12:52.365348" level="INFO">GET Response : url=https://randomuser.me/api 
 status=200, reason=OK 
 headers={'Date': 'Thu, 11 Jul 2024 19:12:52 GMT', 'Content-Type': 'application/json; charset=utf-8', 'Transfer-Encoding': 'chunked', 'Connection': 'keep-alive', 'X-Powered-By': 'Express', 'Access-Control-Allow-Origin': '*', 'Cache-Control': 'no-cache', 'ETag': 'W/"4a6-L4iEjBbFXGNEIRpokHUnrMdA+vk"', 'Vary': 'Accept-Encoding', 'Content-Encoding': 'gzip', 'CF-Cache-Status': 'DYNAMIC', 'Report-To': '{"endpoints":[{"url":"https:\\/\\/a.nel.cloudflare.com\\/report\\/v4?s=YxcLDKEDTeT%2B4YU%2FC5VERb%2BxQwyEeMA2fskzztpg1FO6h8honap7ytn%2BPZ%2BNFh94dTKFIqei%2BFGcTHVN70u%2FoNyXntsjAlaw57ZAvMzsxaS3u6ounODDO%2BC3rY5I3gG8"}],"group":"cf-nel","max_age":604800}', 'NEL': '{"success_fraction":0,"report_to":"cf-nel","max_age":604800}', 'Server': 'cloudflare', 'CF-RAY': '8a1b1b86a8562cf5-ORD', 'alt-svc': 'h3=":443"; ma=86400'} 
 body={"results":[{"gender":"female","name":{"title":"Mrs","first":"Lúcia","last":"Barbosa"},"location":{"street":{"number":2706,"name":"Rua São Jorge "},"city":"Araraquara","state":"Tocantins","country":"Brazil","postcode":86026,"coordinates":{"latitude":"-79.9737","longitude":"168.1737"},"timezone":{"offset":"+9:00","description":"Tokyo, Seoul, Osaka, Sapporo, Yakutsk"}},"email":"lucia.barbosa@example.com","login":{"uuid":"916e4b0f-d1c7-4868-a33d-0fd34161bb3d","username":"ticklishbear955","password":"chrome","salt":"fWEIzGQo","md5":"1cac2988c9c7e38df3fa0f62487002e0","sha1":"6200371fd4e9b2db09ebb38db5588b9e2cc28542","sha256":"2e4b7f7e02bd3ade8464d54917474f6cb5eacd781da4ada760ef0082b51dd19f"},"dob":{"date":"1991-04-05T22:57:46.880Z","age":33},"registered":{"date":"2006-02-14T12:37:37.710Z","age":18},"phone":"(13) 0772-8137","cell":"(22) 7263-8706","id":{"name":"CPF","value":"303.818.932-24"},"picture":{"large":"https://randomuser.me/api/portraits/women/27.jpg","medium":"https://randomuser.me/api/portraits/med/women/27.jpg","thumbnail":"https://randomuser.me/api/portraits/thumb/women/27.jpg"},"nat":"BR"}],"info":{"seed":"4576df24d7974e60","results":1,"page":1,"version":"1.4"}} 
 </msg>
<msg time="2024-07-11T19:12:52.365443" level="INFO">/opt/hostedtoolcache/Python/3.12.4/x64/lib/python3.12/site-packages/urllib3/connectionpool.py:1099: InsecureRequestWarning: Unverified HTTPS request is being made to host 'randomuser.me'. Adding certificate verification is strongly advised. See: https://urllib3.readthedocs.io/en/latest/advanced-usage.html#tls-warnings
  warnings.warn(</msg>
<msg time="2024-07-11T19:12:52.365623" level="INFO">${response} = &lt;Response [200]&gt;</msg>
<var>${response}</var>
<arg>consultarAPI</arg>
<arg>/api</arg>
<doc>Sends a GET request on a previously created HTTP Session.</doc>
<status status="PASS" start="2024-07-11T19:12:52.232646" elapsed="0.133035"/>
</kw>
<kw name="Should Be Equal As Numbers" owner="BuiltIn">
<msg time="2024-07-11T19:12:52.366843" level="INFO">Argument types are:
&lt;class 'int'&gt;
&lt;class 'str'&gt;</msg>
<arg>${response.status_code}</arg>
<arg>200</arg>
<doc>Fails if objects are unequal after converting them to real numbers.</doc>
<status status="PASS" start="2024-07-11T19:12:52.366354" elapsed="0.000564"/>
</kw>
<kw name="Log" owner="BuiltIn">
<msg time="2024-07-11T19:12:52.367615" level="INFO">200</msg>
<arg>${response.status_code}</arg>
<doc>Logs the given message with the given level.</doc>
<status status="PASS" start="2024-07-11T19:12:52.367246" elapsed="0.000417"/>
</kw>
<kw name="Set Variable" owner="BuiltIn">
<msg time="2024-07-11T19:12:52.368464" level="INFO">${json_data} = {'results': [{'gender': 'female', 'name': {'title': 'Mrs', 'first': 'Lúcia', 'last': 'Barbosa'}, 'location': {'street': {'number': 2706, 'name': 'Rua São Jorge '}, 'city': 'Araraquara', 'state': 'Toca...</msg>
<var>${json_data}</var>
<arg>${response.json()}</arg>
<doc>Returns the given values which can then be assigned to a variables.</doc>
<status status="PASS" start="2024-07-11T19:12:52.367980" elapsed="0.000514"/>
</kw>
<kw name="Dictionary Should Contain Key" owner="Collections">
<arg>${json_data}</arg>
<arg>results</arg>
<doc>Fails if ``key`` is not found from ``dictionary``.</doc>
<status status="PASS" start="2024-07-11T19:12:52.368798" elapsed="0.000169"/>
</kw>
<status status="PASS" start="2024-07-11T19:12:52.232396" elapsed="0.136729"/>
</kw>
<doc>Testa se a API responde corretamente e retorna um objeto JSON válido.</doc>
<tag>testeRequisicaoBasica</tag>
<status status="PASS" start="2024-07-11T19:12:52.231855" elapsed="0.137455"/>
</test>
<test id="s1-s1-t3" name="Validar estrutura de resposta" line="22">
<kw name="Teste de Estrutura de Resposta" owner="random-user-service">
<kw name="GET On Session" owner="RequestsLibrary">
<msg time="2024-07-11T19:12:52.424354" level="INFO">GET Request : url=https://randomuser.me/api 
 path_url=/api 
 headers={'User-Agent': 'python-requests/2.32.3', 'Accept-Encoding': 'gzip, deflate', 'Accept': '*/*', 'Connection': 'keep-alive'} 
 body=None 
 </msg>
<msg time="2024-07-11T19:12:52.424441" level="INFO">GET Response : url=https://randomuser.me/api 
 status=200, reason=OK 
 headers={'Date': 'Thu, 11 Jul 2024 19:12:52 GMT', 'Content-Type': 'application/json; charset=utf-8', 'Transfer-Encoding': 'chunked', 'Connection': 'keep-alive', 'X-Powered-By': 'Express', 'Access-Control-Allow-Origin': '*', 'Cache-Control': 'no-cache', 'ETag': 'W/"470-Xx8Bhq6dd+hPU6ElFKW9JEOVNiI"', 'Vary': 'Accept-Encoding', 'Content-Encoding': 'gzip', 'CF-Cache-Status': 'DYNAMIC', 'Report-To': '{"endpoints":[{"url":"https:\\/\\/a.nel.cloudflare.com\\/report\\/v4?s=2cgOjaSTL%2FENy6ZZ7apaScmMlcqhI5%2BxOaIEhzbL3jcTUSquePGm8ADN3pljqEtuMM47ozKVdi20gsrF2vQtoeYS%2BiR8%2FaWJznaNcaRZkJJRu%2Fzh4J0bKN8iQ7yqzSQ7"}],"group":"cf-nel","max_age":604800}', 'NEL': '{"success_fraction":0,"report_to":"cf-nel","max_age":604800}', 'Server': 'cloudflare', 'CF-RAY': '8a1b1b8758fe2cf5-ORD', 'alt-svc': 'h3=":443"; ma=86400'} 
 body={"results":[{"gender":"female","name":{"title":"Mrs","first":"Priyanka","last":"Nayak"},"location":{"street":{"number":3338,"name":"S.A Rd"},"city":"Shimla","state":"Tamil Nadu","country":"India","postcode":63034,"coordinates":{"latitude":"6.3701","longitude":"83.7553"},"timezone":{"offset":"+3:30","description":"Tehran"}},"email":"priyanka.nayak@example.com","login":{"uuid":"99995cde-91de-4c42-9406-bae44ee33d5d","username":"happypeacock712","password":"102030","salt":"eZ5Xqlvr","md5":"b702f068eabaa5777082288eefd1901f","sha1":"bb4c63146eaaae9df5b6b5012695510bd0a48e1c","sha256":"824cdd4327f68a2593556b3dba0578fbcd08c10170d7673d8461a71b4dcbb17d"},"dob":{"date":"1996-07-03T17:26:40.011Z","age":28},"registered":{"date":"2007-11-04T15:16:14.097Z","age":16},"phone":"9822838874","cell":"7440735901","id":{"name":"UIDAI","value":"852631576617"},"picture":{"large":"https://randomuser.me/api/portraits/women/29.jpg","medium":"https://randomuser.me/api/portraits/med/women/29.jpg","thumbnail":"https://randomuser.me/api/portraits/thumb/women/29.jpg"},"nat":"IN"}],"info":{"seed":"c48833e514475095","results":1,"page":1,"version":"1.4"}} 
 </msg>
<msg time="2024-07-11T19:12:52.424573" level="INFO">/opt/hostedtoolcache/Python/3.12.4/x64/lib/python3.12/site-packages/urllib3/connectionpool.py:1099: InsecureRequestWarning: Unverified HTTPS request is being made to host 'randomuser.me'. Adding certificate verification is strongly advised. See: https://urllib3.readthedocs.io/en/latest/advanced-usage.html#tls-warnings
  warnings.warn(</msg>
<msg time="2024-07-11T19:12:52.424701" level="INFO">${response} = &lt;Response [200]&gt;</msg>
<var>${response}</var>
<arg>consultarAPI</arg>
<arg>/api</arg>
<doc>Sends a GET request on a previously created HTTP Session.</doc>
<status status="PASS" start="2024-07-11T19:12:52.372033" elapsed="0.052711"/>
</kw>
<kw name="Set Variable" owner="BuiltIn">
<msg time="2024-07-11T19:12:52.425602" level="INFO">${json_data} = {'results': [{'gender': 'female', 'name': {'title': 'Mrs', 'first': 'Priyanka', 'last': 'Nayak'}, 'location': {'street': {'number': 3338, 'name': 'S.A Rd'}, 'city': 'Shimla', 'state': 'Tamil Nadu', 'c...</msg>
<var>${json_data}</var>
<arg>${response.json()}</arg>
<doc>Returns the given values which can then be assigned to a variables.</doc>
<status status="PASS" start="2024-07-11T19:12:52.425128" elapsed="0.000504"/>
</kw>
<kw name="Log" owner="BuiltIn">
<msg time="2024-07-11T19:12:52.426098" level="INFO">{'results': [{'gender': 'female', 'name': {'title': 'Mrs', 'first': 'Priyanka', 'last': 'Nayak'}, 'location': {'street': {'number': 3338, 'name': 'S.A Rd'}, 'city': 'Shimla', 'state': 'Tamil Nadu', 'country': 'India', 'postcode': 63034, 'coordinates': {'latitude': '6.3701', 'longitude': '83.7553'}, 'timezone': {'offset': '+3:30', 'description': 'Tehran'}}, 'email': 'priyanka.nayak@example.com', 'login': {'uuid': '99995cde-91de-4c42-9406-bae44ee33d5d', 'username': 'happypeacock712', 'password': '102030', 'salt': 'eZ5Xqlvr', 'md5': 'b702f068eabaa5777082288eefd1901f', 'sha1': 'bb4c63146eaaae9df5b6b5012695510bd0a48e1c', 'sha256': '824cdd4327f68a2593556b3dba0578fbcd08c10170d7673d8461a71b4dcbb17d'}, 'dob': {'date': '1996-07-03T17:26:40.011Z', 'age': 28}, 'registered': {'date': '2007-11-04T15:16:14.097Z', 'age': 16}, 'phone': '9822838874', 'cell': '7440735901', 'id': {'name': 'UIDAI', 'value': '852631576617'}, 'picture': {'large': 'https://randomuser.me/api/portraits/women/29.jpg', 'medium': 'https://randomuser.me/api/portraits/med/women/29.jpg', 'thumbnail': 'https://randomuser.me/api/portraits/thumb/women/29.jpg'}, 'nat': 'IN'}], 'info': {'seed': 'c48833e514475095', 'results': 1, 'page': 1, 'version': '1.4'}}</msg>
<arg>${json_data}</arg>
<doc>Logs the given message with the given level.</doc>
<status status="PASS" start="2024-07-11T19:12:52.425942" elapsed="0.000205"/>
</kw>
<kw name="Dictionary Should Contain Key" owner="Collections">
<arg>${json_data}</arg>
<arg>results</arg>
<doc>Fails if ``key`` is not found from ``dictionary``.</doc>
<status status="PASS" start="2024-07-11T19:12:52.426437" elapsed="0.000155"/>
</kw>
<kw name="Should Not Be Empty" owner="BuiltIn">
<msg time="2024-07-11T19:12:52.426909" level="INFO">Length is 2.</msg>
<arg>${json_data}</arg>
<doc>Verifies that the given item is not empty.</doc>
<status status="PASS" start="2024-07-11T19:12:52.426781" elapsed="0.000168"/>
</kw>
<kw name="Create List" owner="BuiltIn">
<msg time="2024-07-11T19:12:52.427536" level="INFO">${expected_keys} = ['gender', 'name', 'location', 'email', 'login']</msg>
<var>${expected_keys}</var>
<arg>gender</arg>
<arg>name</arg>
<arg>location</arg>
<arg>email</arg>
<arg>login</arg>
<doc>Returns a list containing given items.</doc>
<status status="PASS" start="2024-07-11T19:12:52.427240" elapsed="0.000321"/>
</kw>
<for flavor="IN">
<iter>
<kw name="Dictionary Should Contain Key" owner="Collections">
<arg>${json_data['results'][0]}</arg>
<arg>${key}</arg>
<doc>Fails if ``key`` is not found from ``dictionary``.</doc>
<status status="PASS" start="2024-07-11T19:12:52.428142" elapsed="0.000429"/>
</kw>
<kw name="Log" owner="BuiltIn">
<msg time="2024-07-11T19:12:52.429123" level="INFO">{'gender': 'female', 'name': {'title': 'Mrs', 'first': 'Priyanka', 'last': 'Nayak'}, 'location': {'street': {'number': 3338, 'name': 'S.A Rd'}, 'city': 'Shimla', 'state': 'Tamil Nadu', 'country': 'India', 'postcode': 63034, 'coordinates': {'latitude': '6.3701', 'longitude': '83.7553'}, 'timezone': {'offset': '+3:30', 'description': 'Tehran'}}, 'email': 'priyanka.nayak@example.com', 'login': {'uuid': '99995cde-91de-4c42-9406-bae44ee33d5d', 'username': 'happypeacock712', 'password': '102030', 'salt': 'eZ5Xqlvr', 'md5': 'b702f068eabaa5777082288eefd1901f', 'sha1': 'bb4c63146eaaae9df5b6b5012695510bd0a48e1c', 'sha256': '824cdd4327f68a2593556b3dba0578fbcd08c10170d7673d8461a71b4dcbb17d'}, 'dob': {'date': '1996-07-03T17:26:40.011Z', 'age': 28}, 'registered': {'date': '2007-11-04T15:16:14.097Z', 'age': 16}, 'phone': '9822838874', 'cell': '7440735901', 'id': {'name': 'UIDAI', 'value': '852631576617'}, 'picture': {'large': 'https://randomuser.me/api/portraits/women/29.jpg', 'medium': 'https://randomuser.me/api/portraits/med/women/29.jpg', 'thumbnail': 'https://randomuser.me/api/portraits/thumb/women/29.jpg'}, 'nat': 'IN'}</msg>
<arg>${json_data['results'][0]}</arg>
<doc>Logs the given message with the given level.</doc>
<status status="PASS" start="2024-07-11T19:12:52.428759" elapsed="0.000414"/>
</kw>
<kw name="Log" owner="BuiltIn">
<msg time="2024-07-11T19:12:52.429603" level="INFO">gender</msg>
<arg>${key}</arg>
<doc>Logs the given message with the given level.</doc>
<status status="PASS" start="2024-07-11T19:12:52.429476" elapsed="0.000165"/>
</kw>
<var name="${key}">gender</var>
<status status="PASS" start="2024-07-11T19:12:52.428018" elapsed="0.001840"/>
</iter>
<iter>
<kw name="Dictionary Should Contain Key" owner="Collections">
<arg>${json_data['results'][0]}</arg>
<arg>${key}</arg>
<doc>Fails if ``key`` is not found from ``dictionary``.</doc>
<status status="PASS" start="2024-07-11T19:12:52.430153" elapsed="0.000389"/>
</kw>
<kw name="Log" owner="BuiltIn">
<msg time="2024-07-11T19:12:52.431068" level="INFO">{'gender': 'female', 'name': {'title': 'Mrs', 'first': 'Priyanka', 'last': 'Nayak'}, 'location': {'street': {'number': 3338, 'name': 'S.A Rd'}, 'city': 'Shimla', 'state': 'Tamil Nadu', 'country': 'India', 'postcode': 63034, 'coordinates': {'latitude': '6.3701', 'longitude': '83.7553'}, 'timezone': {'offset': '+3:30', 'description': 'Tehran'}}, 'email': 'priyanka.nayak@example.com', 'login': {'uuid': '99995cde-91de-4c42-9406-bae44ee33d5d', 'username': 'happypeacock712', 'password': '102030', 'salt': 'eZ5Xqlvr', 'md5': 'b702f068eabaa5777082288eefd1901f', 'sha1': 'bb4c63146eaaae9df5b6b5012695510bd0a48e1c', 'sha256': '824cdd4327f68a2593556b3dba0578fbcd08c10170d7673d8461a71b4dcbb17d'}, 'dob': {'date': '1996-07-03T17:26:40.011Z', 'age': 28}, 'registered': {'date': '2007-11-04T15:16:14.097Z', 'age': 16}, 'phone': '9822838874', 'cell': '7440735901', 'id': {'name': 'UIDAI', 'value': '852631576617'}, 'picture': {'large': 'https://randomuser.me/api/portraits/women/29.jpg', 'medium': 'https://randomuser.me/api/portraits/med/women/29.jpg', 'thumbnail': 'https://randomuser.me/api/portraits/thumb/women/29.jpg'}, 'nat': 'IN'}</msg>
<arg>${json_data['results'][0]}</arg>
<doc>Logs the given message with the given level.</doc>
<status status="PASS" start="2024-07-11T19:12:52.430724" elapsed="0.000426"/>
</kw>
<kw name="Log" owner="BuiltIn">
<msg time="2024-07-11T19:12:52.431578" level="INFO">name</msg>
<arg>${key}</arg>
<doc>Logs the given message with the given level.</doc>
<status status="PASS" start="2024-07-11T19:12:52.431451" elapsed="0.000165"/>
</kw>
<var name="${key}">name</var>
<status status="PASS" start="2024-07-11T19:12:52.430041" elapsed="0.001791"/>
</iter>
<iter>
<kw name="Dictionary Should Contain Key" owner="Collections">
<arg>${json_data['results'][0]}</arg>
<arg>${key}</arg>
<doc>Fails if ``key`` is not found from ``dictionary``.</doc>
<status status="PASS" start="2024-07-11T19:12:52.432117" elapsed="0.000400"/>
</kw>
<kw name="Log" owner="BuiltIn">
<msg time="2024-07-11T19:12:52.433048" level="INFO">{'gender': 'female', 'name': {'title': 'Mrs', 'first': 'Priyanka', 'last': 'Nayak'}, 'location': {'street': {'number': 3338, 'name': 'S.A Rd'}, 'city': 'Shimla', 'state': 'Tamil Nadu', 'country': 'India', 'postcode': 63034, 'coordinates': {'latitude': '6.3701', 'longitude': '83.7553'}, 'timezone': {'offset': '+3:30', 'description': 'Tehran'}}, 'email': 'priyanka.nayak@example.com', 'login': {'uuid': '99995cde-91de-4c42-9406-bae44ee33d5d', 'username': 'happypeacock712', 'password': '102030', 'salt': 'eZ5Xqlvr', 'md5': 'b702f068eabaa5777082288eefd1901f', 'sha1': 'bb4c63146eaaae9df5b6b5012695510bd0a48e1c', 'sha256': '824cdd4327f68a2593556b3dba0578fbcd08c10170d7673d8461a71b4dcbb17d'}, 'dob': {'date': '1996-07-03T17:26:40.011Z', 'age': 28}, 'registered': {'date': '2007-11-04T15:16:14.097Z', 'age': 16}, 'phone': '9822838874', 'cell': '7440735901', 'id': {'name': 'UIDAI', 'value': '852631576617'}, 'picture': {'large': 'https://randomuser.me/api/portraits/women/29.jpg', 'medium': 'https://randomuser.me/api/portraits/med/women/29.jpg', 'thumbnail': 'https://randomuser.me/api/portraits/thumb/women/29.jpg'}, 'nat': 'IN'}</msg>
<arg>${json_data['results'][0]}</arg>
<doc>Logs the given message with the given level.</doc>
<status status="PASS" start="2024-07-11T19:12:52.432700" elapsed="0.000398"/>
</kw>
<kw name="Log" owner="BuiltIn">
<msg time="2024-07-11T19:12:52.433526" level="INFO">location</msg>
<arg>${key}</arg>
<doc>Logs the given message with the given level.</doc>
<status status="PASS" start="2024-07-11T19:12:52.433398" elapsed="0.000166"/>
</kw>
<var name="${key}">location</var>
<status status="PASS" start="2024-07-11T19:12:52.432008" elapsed="0.001771"/>
</iter>
<iter>
<kw name="Dictionary Should Contain Key" owner="Collections">
<arg>${json_data['results'][0]}</arg>
<arg>${key}</arg>
<doc>Fails if ``key`` is not found from ``dictionary``.</doc>
<status status="PASS" start="2024-07-11T19:12:52.434059" elapsed="0.000383"/>
</kw>
<kw name="Log" owner="BuiltIn">
<msg time="2024-07-11T19:12:52.434975" level="INFO">{'gender': 'female', 'name': {'title': 'Mrs', 'first': 'Priyanka', 'last': 'Nayak'}, 'location': {'street': {'number': 3338, 'name': 'S.A Rd'}, 'city': 'Shimla', 'state': 'Tamil Nadu', 'country': 'India', 'postcode': 63034, 'coordinates': {'latitude': '6.3701', 'longitude': '83.7553'}, 'timezone': {'offset': '+3:30', 'description': 'Tehran'}}, 'email': 'priyanka.nayak@example.com', 'login': {'uuid': '99995cde-91de-4c42-9406-bae44ee33d5d', 'username': 'happypeacock712', 'password': '102030', 'salt': 'eZ5Xqlvr', 'md5': 'b702f068eabaa5777082288eefd1901f', 'sha1': 'bb4c63146eaaae9df5b6b5012695510bd0a48e1c', 'sha256': '824cdd4327f68a2593556b3dba0578fbcd08c10170d7673d8461a71b4dcbb17d'}, 'dob': {'date': '1996-07-03T17:26:40.011Z', 'age': 28}, 'registered': {'date': '2007-11-04T15:16:14.097Z', 'age': 16}, 'phone': '9822838874', 'cell': '7440735901', 'id': {'name': 'UIDAI', 'value': '852631576617'}, 'picture': {'large': 'https://randomuser.me/api/portraits/women/29.jpg', 'medium': 'https://randomuser.me/api/portraits/med/women/29.jpg', 'thumbnail': 'https://randomuser.me/api/portraits/thumb/women/29.jpg'}, 'nat': 'IN'}</msg>
<arg>${json_data['results'][0]}</arg>
<doc>Logs the given message with the given level.</doc>
<status status="PASS" start="2024-07-11T19:12:52.434628" elapsed="0.000397"/>
</kw>
<kw name="Log" owner="BuiltIn">
<msg time="2024-07-11T19:12:52.435456" level="INFO">email</msg>
<arg>${key}</arg>
<doc>Logs the given message with the given level.</doc>
<status status="PASS" start="2024-07-11T19:12:52.435325" elapsed="0.000170"/>
</kw>
<var name="${key}">email</var>
<status status="PASS" start="2024-07-11T19:12:52.433951" elapsed="0.001759"/>
</iter>
<iter>
<kw name="Dictionary Should Contain Key" owner="Collections">
<arg>${json_data['results'][0]}</arg>
<arg>${key}</arg>
<doc>Fails if ``key`` is not found from ``dictionary``.</doc>
<status status="PASS" start="2024-07-11T19:12:52.435995" elapsed="0.000423"/>
</kw>
<kw name="Log" owner="BuiltIn">
<msg time="2024-07-11T19:12:52.436951" level="INFO">{'gender': 'female', 'name': {'title': 'Mrs', 'first': 'Priyanka', 'last': 'Nayak'}, 'location': {'street': {'number': 3338, 'name': 'S.A Rd'}, 'city': 'Shimla', 'state': 'Tamil Nadu', 'country': 'India', 'postcode': 63034, 'coordinates': {'latitude': '6.3701', 'longitude': '83.7553'}, 'timezone': {'offset': '+3:30', 'description': 'Tehran'}}, 'email': 'priyanka.nayak@example.com', 'login': {'uuid': '99995cde-91de-4c42-9406-bae44ee33d5d', 'username': 'happypeacock712', 'password': '102030', 'salt': 'eZ5Xqlvr', 'md5': 'b702f068eabaa5777082288eefd1901f', 'sha1': 'bb4c63146eaaae9df5b6b5012695510bd0a48e1c', 'sha256': '824cdd4327f68a2593556b3dba0578fbcd08c10170d7673d8461a71b4dcbb17d'}, 'dob': {'date': '1996-07-03T17:26:40.011Z', 'age': 28}, 'registered': {'date': '2007-11-04T15:16:14.097Z', 'age': 16}, 'phone': '9822838874', 'cell': '7440735901', 'id': {'name': 'UIDAI', 'value': '852631576617'}, 'picture': {'large': 'https://randomuser.me/api/portraits/women/29.jpg', 'medium': 'https://randomuser.me/api/portraits/med/women/29.jpg', 'thumbnail': 'https://randomuser.me/api/portraits/thumb/women/29.jpg'}, 'nat': 'IN'}</msg>
<arg>${json_data['results'][0]}</arg>
<doc>Logs the given message with the given level.</doc>
<status status="PASS" start="2024-07-11T19:12:52.436599" elapsed="0.000402"/>
</kw>
<kw name="Log" owner="BuiltIn">
<msg time="2024-07-11T19:12:52.437417" level="INFO">login</msg>
<arg>${key}</arg>
<doc>Logs the given message with the given level.</doc>
<status status="PASS" start="2024-07-11T19:12:52.437295" elapsed="0.000159"/>
</kw>
<var name="${key}">login</var>
<status status="PASS" start="2024-07-11T19:12:52.435879" elapsed="0.001786"/>
</iter>
<var>${key}</var>
<value>@{expected_keys}</value>
<status status="PASS" start="2024-07-11T19:12:52.427826" elapsed="0.009958"/>
</for>
<kw name="Create List" owner="BuiltIn">
<msg time="2024-07-11T19:12:52.438107" level="INFO">${expected_keysTwo} = ['username', 'password']</msg>
<var>${expected_keysTwo}</var>
<arg>username</arg>
<arg>password</arg>
<doc>Returns a list containing given items.</doc>
<status status="PASS" start="2024-07-11T19:12:52.437971" elapsed="0.000161"/>
</kw>
<for flavor="IN">
<iter>
<kw name="Dictionary Should Contain Key" owner="Collections">
<arg>${json_data['results'][0]['login']}</arg>
<arg>${keyTwo}</arg>
<doc>Fails if ``key`` is not found from ``dictionary``.</doc>
<status status="PASS" start="2024-07-11T19:12:52.438651" elapsed="0.000379"/>
</kw>
<kw name="Dictionary Should Contain Key" owner="Collections">
<arg>${json_data['results'][0]['login']}</arg>
<arg>${keyTwo}</arg>
<doc>Fails if ``key`` is not found from ``dictionary``.</doc>
<status status="PASS" start="2024-07-11T19:12:52.439212" elapsed="0.000389"/>
</kw>
<kw name="Log" owner="BuiltIn">
<msg time="2024-07-11T19:12:52.439905" level="INFO">username</msg>
<arg>${keyTwo}</arg>
<doc>Logs the given message with the given level.</doc>
<status status="PASS" start="2024-07-11T19:12:52.439783" elapsed="0.000160"/>
</kw>
<var name="${keyTwo}">username</var>
<status status="PASS" start="2024-07-11T19:12:52.438543" elapsed="0.001618"/>
</iter>
<iter>
<kw name="Dictionary Should Contain Key" owner="Collections">
<arg>${json_data['results'][0]['login']}</arg>
<arg>${keyTwo}</arg>
<doc>Fails if ``key`` is not found from ``dictionary``.</doc>
<status status="PASS" start="2024-07-11T19:12:52.440471" elapsed="0.000389"/>
</kw>
<kw name="Dictionary Should Contain Key" owner="Collections">
<arg>${json_data['results'][0]['login']}</arg>
<arg>${keyTwo}</arg>
<doc>Fails if ``key`` is not found from ``dictionary``.</doc>
<status status="PASS" start="2024-07-11T19:12:52.441039" elapsed="0.000364"/>
</kw>
<kw name="Log" owner="BuiltIn">
<msg time="2024-07-11T19:12:52.441698" level="INFO">password</msg>
<arg>${keyTwo}</arg>
<doc>Logs the given message with the given level.</doc>
<status status="PASS" start="2024-07-11T19:12:52.441580" elapsed="0.000168"/>
</kw>
<var name="${keyTwo}">password</var>
<status status="PASS" start="2024-07-11T19:12:52.440363" elapsed="0.001695"/>
</iter>
<var>${keyTwo}</var>
<value>@{expected_keysTwo}</value>
<status status="PASS" start="2024-07-11T19:12:52.438393" elapsed="0.003786"/>
</for>
<status status="PASS" start="2024-07-11T19:12:52.371797" elapsed="0.070520"/>
</kw>
<doc>Testa a estrutura da resposta da API.</doc>
<tag>testeEstruturaResposta</tag>
<status status="PASS" start="2024-07-11T19:12:52.371201" elapsed="0.071267"/>
</test>
<test id="s1-s1-t4" name="Validar tipos de dados" line="28">
<kw name="Teste de Tipos de Dados" owner="random-user-service">
<kw name="GET On Session" owner="RequestsLibrary">
<msg time="2024-07-11T19:12:52.515123" level="INFO">GET Request : url=https://randomuser.me/api 
 path_url=/api 
 headers={'User-Agent': 'python-requests/2.32.3', 'Accept-Encoding': 'gzip, deflate', 'Accept': '*/*', 'Connection': 'keep-alive'} 
 body=None 
 </msg>
<msg time="2024-07-11T19:12:52.515212" level="INFO">GET Response : url=https://randomuser.me/api 
 status=200, reason=OK 
 headers={'Date': 'Thu, 11 Jul 2024 19:12:52 GMT', 'Content-Type': 'application/json; charset=utf-8', 'Transfer-Encoding': 'chunked', 'Connection': 'keep-alive', 'X-Powered-By': 'Express', 'Access-Control-Allow-Origin': '*', 'Cache-Control': 'no-cache', 'ETag': 'W/"47e-EyK8qljNW8TezfF3c/1QHvPsh90"', 'Vary': 'Accept-Encoding', 'Content-Encoding': 'gzip', 'CF-Cache-Status': 'DYNAMIC', 'Report-To': '{"endpoints":[{"url":"https:\\/\\/a.nel.cloudflare.com\\/report\\/v4?s=1EHz3bnb%2BFcDnzic%2FE9dyaH2Ipw2OSVt87BHswA9PVINVp0JbkW5LSux9JA9P%2BWHKbWiEMCU9%2FHGErDgL5gWqwPTu6PkXmgJOPPGt7B%2BkOR51VwF%2BQ7t%2B%2BJK7Tyfq9JC"}],"group":"cf-nel","max_age":604800}', 'NEL': '{"success_fraction":0,"report_to":"cf-nel","max_age":604800}', 'Server': 'cloudflare', 'CF-RAY': '8a1b1b87c96c2cf5-ORD', 'alt-svc': 'h3=":443"; ma=86400'} 
 body={"results":[{"gender":"female","name":{"title":"Mrs","first":"Thea","last":"Thomsen"},"location":{"street":{"number":1443,"name":"Valmuevej"},"city":"Stoevring","state":"Hovedstaden","country":"Denmark","postcode":75314,"coordinates":{"latitude":"-44.8564","longitude":"92.6866"},"timezone":{"offset":"+6:00","description":"Almaty, Dhaka, Colombo"}},"email":"thea.thomsen@example.com","login":{"uuid":"ff6c2ec4-bbe8-49d8-a5eb-cad41cb923cd","username":"silverrabbit668","password":"swimmer","salt":"T3HJ1Gku","md5":"3e424b20533f8cc24436bcb00e9b3355","sha1":"bcaa8586340bf843c7b15be52354a3eee48e98b4","sha256":"37a8eadb10f6eb7e5950c54953a6dc3dc4aac67a244ac1b07619e53d53b16895"},"dob":{"date":"1992-03-14T02:10:27.617Z","age":32},"registered":{"date":"2007-08-02T14:56:46.474Z","age":16},"phone":"77511786","cell":"26915740","id":{"name":"CPR","value":"130392-0331"},"picture":{"large":"https://randomuser.me/api/portraits/women/9.jpg","medium":"https://randomuser.me/api/portraits/med/women/9.jpg","thumbnail":"https://randomuser.me/api/portraits/thumb/women/9.jpg"},"nat":"DK"}],"info":{"seed":"0650b8f6e6dc776a","results":1,"page":1,"version":"1.4"}} 
 </msg>
<msg time="2024-07-11T19:12:52.515289" level="INFO">/opt/hostedtoolcache/Python/3.12.4/x64/lib/python3.12/site-packages/urllib3/connectionpool.py:1099: InsecureRequestWarning: Unverified HTTPS request is being made to host 'randomuser.me'. Adding certificate verification is strongly advised. See: https://urllib3.readthedocs.io/en/latest/advanced-usage.html#tls-warnings
  warnings.warn(</msg>
<msg time="2024-07-11T19:12:52.515403" level="INFO">${response} = &lt;Response [200]&gt;</msg>
<var>${response}</var>
<arg>consultarAPI</arg>
<arg>/api</arg>
<doc>Sends a GET request on a previously created HTTP Session.</doc>
<status status="PASS" start="2024-07-11T19:12:52.444902" elapsed="0.070571"/>
</kw>
<kw name="Set Variable" owner="BuiltIn">
<msg time="2024-07-11T19:12:52.516474" level="INFO">${json_data} = {'results': [{'gender': 'female', 'name': {'title': 'Mrs', 'first': 'Thea', 'last': 'Thomsen'}, 'location': {'street': {'number': 1443, 'name': 'Valmuevej'}, 'city': 'Stoevring', 'state': 'Hovedstaden...</msg>
<var>${json_data}</var>
<arg>${response.json()}</arg>
<doc>Returns the given values which can then be assigned to a variables.</doc>
<status status="PASS" start="2024-07-11T19:12:52.515947" elapsed="0.000556"/>
</kw>
<kw name="Log" owner="BuiltIn">
<msg time="2024-07-11T19:12:52.516960" level="INFO">{'results': [{'gender': 'female', 'name': {'title': 'Mrs', 'first': 'Thea', 'last': 'Thomsen'}, 'location': {'street': {'number': 1443, 'name': 'Valmuevej'}, 'city': 'Stoevring', 'state': 'Hovedstaden', 'country': 'Denmark', 'postcode': 75314, 'coordinates': {'latitude': '-44.8564', 'longitude': '92.6866'}, 'timezone': {'offset': '+6:00', 'description': 'Almaty, Dhaka, Colombo'}}, 'email': 'thea.thomsen@example.com', 'login': {'uuid': 'ff6c2ec4-bbe8-49d8-a5eb-cad41cb923cd', 'username': 'silverrabbit668', 'password': 'swimmer', 'salt': 'T3HJ1Gku', 'md5': '3e424b20533f8cc24436bcb00e9b3355', 'sha1': 'bcaa8586340bf843c7b15be52354a3eee48e98b4', 'sha256': '37a8eadb10f6eb7e5950c54953a6dc3dc4aac67a244ac1b07619e53d53b16895'}, 'dob': {'date': '1992-03-14T02:10:27.617Z', 'age': 32}, 'registered': {'date': '2007-08-02T14:56:46.474Z', 'age': 16}, 'phone': '77511786', 'cell': '26915740', 'id': {'name': 'CPR', 'value': '130392-0331'}, 'picture': {'large': 'https://randomuser.me/api/portraits/women/9.jpg', 'medium': 'https://randomuser.me/api/portraits/med/women/9.jpg', 'thumbnail': 'https://randomuser.me/api/portraits/thumb/women/9.jpg'}, 'nat': 'DK'}], 'info': {'seed': '0650b8f6e6dc776a', 'results': 1, 'page': 1, 'version': '1.4'}}</msg>
<arg>${json_data}</arg>
<doc>Logs the given message with the given level.</doc>
<status status="PASS" start="2024-07-11T19:12:52.516807" elapsed="0.000199"/>
</kw>
<kw name="Should Be String" owner="String">
<arg>${json_data['results'][0]['gender']}</arg>
<doc>Fails if the given ``item`` is not a string.</doc>
<status status="PASS" start="2024-07-11T19:12:52.517306" elapsed="0.000365"/>
</kw>
<kw name="Should Match Regexp" owner="BuiltIn">
<arg>${json_data['results'][0]['email']}</arg>
<arg>^[a-zA-Z0-9._%+-]+@[a-zA-Z0-9.-]+\.[a-zA-Z]{2,}$</arg>
<doc>Fails if ``string`` does not match ``pattern`` as a regular expression.</doc>
<status status="PASS" start="2024-07-11T19:12:52.517857" elapsed="0.000511"/>
</kw>
<kw name="Should Match Regexp" owner="BuiltIn">
<arg>${json_data['results'][0]['dob']['date']}</arg>
<arg>\\d{4}-\\d{2}-\\d{2}T\\d{2}:\\d{2}:\\d{2}\\.\\d{3}Z</arg>
<doc>Fails if ``string`` does not match ``pattern`` as a regular expression.</doc>
<status status="PASS" start="2024-07-11T19:12:52.518614" elapsed="0.000486"/>
</kw>
<kw name="Should Match Regexp" owner="BuiltIn">
<arg>${json_data['results'][0]['registered']['date']}</arg>
<arg>\\d{4}-\\d{2}-\\d{2}T\\d{2}:\\d{2}:\\d{2}\\.\\d{3}Z</arg>
<doc>Fails if ``string`` does not match ``pattern`` as a regular expression.</doc>
<status status="PASS" start="2024-07-11T19:12:52.519289" elapsed="0.000362"/>
</kw>
<kw name="Should Match Regexp" owner="BuiltIn">
<arg>${json_data['results'][0]['picture']['large']}</arg>
<arg>^https?://.*\.(?:png|jpe?g|gif|bmp)$</arg>
<doc>Fails if ``string`` does not match ``pattern`` as a regular expression.</doc>
<status status="PASS" start="2024-07-11T19:12:52.519843" elapsed="0.000487"/>
</kw>
<kw name="Should Match Regexp" owner="BuiltIn">
<arg>${json_data['results'][0]['picture']['medium']}</arg>
<arg>^https?://.*\.(?:png|jpe?g|gif|bmp)$</arg>
<doc>Fails if ``string`` does not match ``pattern`` as a regular expression.</doc>
<status status="PASS" start="2024-07-11T19:12:52.520520" elapsed="0.000349"/>
</kw>
<kw name="Should Match Regexp" owner="BuiltIn">
<arg>${json_data['results'][0]['picture']['thumbnail']}</arg>
<arg>^https?://.*\.(?:png|jpe?g|gif|bmp)$</arg>
<doc>Fails if ``string`` does not match ``pattern`` as a regular expression.</doc>
<status status="PASS" start="2024-07-11T19:12:52.521050" elapsed="0.000345"/>
</kw>
<kw name="Log" owner="BuiltIn">
<msg time="2024-07-11T19:12:52.521956" level="INFO">{'large': 'https://randomuser.me/api/portraits/women/9.jpg', 'medium': 'https://randomuser.me/api/portraits/med/women/9.jpg', 'thumbnail': 'https://randomuser.me/api/portraits/thumb/women/9.jpg'}</msg>
<arg>${json_data['results'][0]['picture']}</arg>
<doc>Logs the given message with the given level.</doc>
<status status="PASS" start="2024-07-11T19:12:52.521612" elapsed="0.000387"/>
</kw>
<status status="PASS" start="2024-07-11T19:12:52.444683" elapsed="0.077579"/>
</kw>
<kw name="Teste de Tipos de Dados - Postcode" owner="random-user-service">
<kw name="GET On Session" owner="RequestsLibrary">
<msg time="2024-07-11T19:12:52.628792" level="INFO">GET Request : url=https://randomuser.me/api 
 path_url=/api 
 headers={'User-Agent': 'python-requests/2.32.3', 'Accept-Encoding': 'gzip, deflate', 'Accept': '*/*', 'Connection': 'keep-alive'} 
 body=None 
 </msg>
<msg time="2024-07-11T19:12:52.628899" level="INFO">GET Response : url=https://randomuser.me/api 
 status=200, reason=OK 
 headers={'Date': 'Thu, 11 Jul 2024 19:12:52 GMT', 'Content-Type': 'application/json; charset=utf-8', 'Transfer-Encoding': 'chunked', 'Connection': 'keep-alive', 'X-Powered-By': 'Express', 'Access-Control-Allow-Origin': '*', 'Cache-Control': 'no-cache', 'ETag': 'W/"46a-wUQDVCDSw9tQAmbvUvmnYnpE9FY"', 'Vary': 'Accept-Encoding', 'Content-Encoding': 'gzip', 'CF-Cache-Status': 'DYNAMIC', 'Report-To': '{"endpoints":[{"url":"https:\\/\\/a.nel.cloudflare.com\\/report\\/v4?s=tXboNuQ1yBjUvKJfV2gVQad8%2BRBRu3vN%2FsEDllZG%2FlIahPf6fEoK88F1yx%2F47to8lY2u8ekM5fax5JnX9xo4vqqO%2FwqmtRVkNKH5Q%2BB4L4WKOSuhsX9pDK1aOS%2Bj5AWX"}],"group":"cf-nel","max_age":604800}', 'NEL': '{"success_fraction":0,"report_to":"cf-nel","max_age":604800}', 'Server': 'cloudflare', 'CF-RAY': '8a1b1b8849fc2cf5-ORD', 'alt-svc': 'h3=":443"; ma=86400'} 
 body={"results":[{"gender":"male","name":{"title":"Mr","first":"Balvan","last":"Prabhu"},"location":{"street":{"number":2853,"name":"Rasta Peth"},"city":"Jaunpur","state":"Chhattisgarh","country":"India","postcode":66533,"coordinates":{"latitude":"9.0230","longitude":"-117.1786"},"timezone":{"offset":"-9:00","description":"Alaska"}},"email":"balvan.prabhu@example.com","login":{"uuid":"3a14b63a-d733-4697-a683-d2a942f0cb81","username":"lazyduck846","password":"generic","salt":"ZCmmzKD6","md5":"2ee5531343ff8552be46b4b46e2bb6f5","sha1":"88028446165d6bac552c0a7804e1d22a75dcd224","sha256":"2a0fe09481c4bddaf5636a7cd470ddd50928dac78e0e6c1e3ef0ab2abacfd3d9"},"dob":{"date":"1953-10-13T02:17:46.623Z","age":70},"registered":{"date":"2015-11-28T08:01:34.177Z","age":8},"phone":"7190775021","cell":"9921959300","id":{"name":"UIDAI","value":"882463183213"},"picture":{"large":"https://randomuser.me/api/portraits/men/58.jpg","medium":"https://randomuser.me/api/portraits/med/men/58.jpg","thumbnail":"https://randomuser.me/api/portraits/thumb/men/58.jpg"},"nat":"IN"}],"info":{"seed":"7dc8cf4f2cae6d5d","results":1,"page":1,"version":"1.4"}} 
 </msg>
<msg time="2024-07-11T19:12:52.628981" level="INFO">/opt/hostedtoolcache/Python/3.12.4/x64/lib/python3.12/site-packages/urllib3/connectionpool.py:1099: InsecureRequestWarning: Unverified HTTPS request is being made to host 'randomuser.me'. Adding certificate verification is strongly advised. See: https://urllib3.readthedocs.io/en/latest/advanced-usage.html#tls-warnings
  warnings.warn(</msg>
<msg time="2024-07-11T19:12:52.629112" level="INFO">${response} = &lt;Response [200]&gt;</msg>
<var>${response}</var>
<arg>consultarAPI</arg>
<arg>/api</arg>
<doc>Sends a GET request on a previously created HTTP Session.</doc>
<status status="PASS" start="2024-07-11T19:12:52.522767" elapsed="0.106388"/>
</kw>
<kw name="Set Variable" owner="BuiltIn">
<msg time="2024-07-11T19:12:52.630173" level="INFO">${json_data} = {'results': [{'gender': 'male', 'name': {'title': 'Mr', 'first': 'Balvan', 'last': 'Prabhu'}, 'location': {'street': {'number': 2853, 'name': 'Rasta Peth'}, 'city': 'Jaunpur', 'state': 'Chhattisgarh',...</msg>
<var>${json_data}</var>
<arg>${response.json()}</arg>
<doc>Returns the given values which can then be assigned to a variables.</doc>
<status status="PASS" start="2024-07-11T19:12:52.629654" elapsed="0.000548"/>
</kw>
<kw name="Log" owner="BuiltIn">
<msg time="2024-07-11T19:12:52.630680" level="INFO">{'results': [{'gender': 'male', 'name': {'title': 'Mr', 'first': 'Balvan', 'last': 'Prabhu'}, 'location': {'street': {'number': 2853, 'name': 'Rasta Peth'}, 'city': 'Jaunpur', 'state': 'Chhattisgarh', 'country': 'India', 'postcode': 66533, 'coordinates': {'latitude': '9.0230', 'longitude': '-117.1786'}, 'timezone': {'offset': '-9:00', 'description': 'Alaska'}}, 'email': 'balvan.prabhu@example.com', 'login': {'uuid': '3a14b63a-d733-4697-a683-d2a942f0cb81', 'username': 'lazyduck846', 'password': 'generic', 'salt': 'ZCmmzKD6', 'md5': '2ee5531343ff8552be46b4b46e2bb6f5', 'sha1': '88028446165d6bac552c0a7804e1d22a75dcd224', 'sha256': '2a0fe09481c4bddaf5636a7cd470ddd50928dac78e0e6c1e3ef0ab2abacfd3d9'}, 'dob': {'date': '1953-10-13T02:17:46.623Z', 'age': 70}, 'registered': {'date': '2015-11-28T08:01:34.177Z', 'age': 8}, 'phone': '7190775021', 'cell': '9921959300', 'id': {'name': 'UIDAI', 'value': '882463183213'}, 'picture': {'large': 'https://randomuser.me/api/portraits/men/58.jpg', 'medium': 'https://randomuser.me/api/portraits/med/men/58.jpg', 'thumbnail': 'https://randomuser.me/api/portraits/thumb/men/58.jpg'}, 'nat': 'IN'}], 'info': {'seed': '7dc8cf4f2cae6d5d', 'results': 1, 'page': 1, 'version': '1.4'}}</msg>
<arg>${json_data}</arg>
<doc>Logs the given message with the given level.</doc>
<status status="PASS" start="2024-07-11T19:12:52.630517" elapsed="0.000223"/>
</kw>
<kw name="Should Be Equal As Numbers" owner="BuiltIn">
<arg>${json_data['results'][0]['location']['postcode']}</arg>
<arg>${json_data['results'][0]['location']['postcode']}</arg>
<doc>Fails if objects are unequal after converting them to real numbers.</doc>
<status status="PASS" start="2024-07-11T19:12:52.631039" elapsed="0.000644"/>
</kw>
<kw name="Log" owner="BuiltIn">
<msg time="2024-07-11T19:12:52.632439" level="INFO">66533</msg>
<arg>${json_data['results'][0]['location']['postcode']}</arg>
<doc>Logs the given message with the given level.</doc>
<status status="PASS" start="2024-07-11T19:12:52.631876" elapsed="0.000608"/>
</kw>
<status status="PASS" start="2024-07-11T19:12:52.522504" elapsed="0.110252"/>
</kw>
<doc>Testa se os tipos de dados na resposta da API estão corretos.</doc>
<tag>testeTiposDados</tag>
<status status="PASS" start="2024-07-11T19:12:52.444252" elapsed="0.188710"/>
</test>
<test id="s1-s1-t5" name="Validar conteudo" line="35">
<kw name="Teste de Tipos de Conteudo" owner="random-user-service">
<kw name="GET On Session" owner="RequestsLibrary">
<msg time="2024-07-11T19:12:52.737253" level="INFO">GET Request : url=https://randomuser.me/api 
 path_url=/api 
 headers={'User-Agent': 'python-requests/2.32.3', 'Accept-Encoding': 'gzip, deflate', 'Accept': '*/*', 'Connection': 'keep-alive'} 
 body=None 
 </msg>
<msg time="2024-07-11T19:12:52.737354" level="INFO">GET Response : url=https://randomuser.me/api 
 status=200, reason=OK 
 headers={'Date': 'Thu, 11 Jul 2024 19:12:52 GMT', 'Content-Type': 'application/json; charset=utf-8', 'Transfer-Encoding': 'chunked', 'Connection': 'keep-alive', 'X-Powered-By': 'Express', 'Access-Control-Allow-Origin': '*', 'Cache-Control': 'no-cache', 'ETag': 'W/"47c-1/Jd0iUZkqk9acRz+Hpc/zVWQYQ"', 'Vary': 'Accept-Encoding', 'Content-Encoding': 'gzip', 'CF-Cache-Status': 'DYNAMIC', 'Report-To': '{"endpoints":[{"url":"https:\\/\\/a.nel.cloudflare.com\\/report\\/v4?s=ehsIJdBqDaybHFYuPZtOYV5I3NMUQVz7UW4BrCwKNliltIy2w%2BpTG2vcQqqVrBExvxRJOvQoBNSZ4%2FPG77M2pNXYHPfIP92yt7834lC9D3nklIMRT%2FMPEWeyJWh4tGdE"}],"group":"cf-nel","max_age":604800}', 'NEL': '{"success_fraction":0,"report_to":"cf-nel","max_age":604800}', 'Server': 'cloudflare', 'CF-RAY': '8a1b1b88faac2cf5-ORD', 'alt-svc': 'h3=":443"; ma=86400'} 
 body={"results":[{"gender":"female","name":{"title":"Miss","first":"Ananya","last":"Gupta"},"location":{"street":{"number":5192,"name":"Lamington Rd"},"city":"Narasaraopet","state":"Odisha","country":"India","postcode":75189,"coordinates":{"latitude":"10.3917","longitude":"163.5926"},"timezone":{"offset":"-3:30","description":"Newfoundland"}},"email":"ananya.gupta@example.com","login":{"uuid":"151486ab-b23a-4006-af4c-e4c33922b66b","username":"smalltiger356","password":"deville","salt":"lmPcbAP9","md5":"2ab4b4e01ecb5d36fd4036dd7325577a","sha1":"e95c5500f9f0c02d67af738cebf204ee7599f1eb","sha256":"8d3a3f1aef60c772a53b24fccbd48ce5a54bff332c507c8e7ac61c7b2cce40b7"},"dob":{"date":"1990-04-28T03:18:26.704Z","age":34},"registered":{"date":"2006-08-03T17:37:14.432Z","age":17},"phone":"8117446113","cell":"9430177447","id":{"name":"UIDAI","value":"421959556680"},"picture":{"large":"https://randomuser.me/api/portraits/women/24.jpg","medium":"https://randomuser.me/api/portraits/med/women/24.jpg","thumbnail":"https://randomuser.me/api/portraits/thumb/women/24.jpg"},"nat":"IN"}],"info":{"seed":"7bcc4f7434878564","results":1,"page":1,"version":"1.4"}} 
 </msg>
<msg time="2024-07-11T19:12:52.737428" level="INFO">/opt/hostedtoolcache/Python/3.12.4/x64/lib/python3.12/site-packages/urllib3/connectionpool.py:1099: InsecureRequestWarning: Unverified HTTPS request is being made to host 'randomuser.me'. Adding certificate verification is strongly advised. See: https://urllib3.readthedocs.io/en/latest/advanced-usage.html#tls-warnings
  warnings.warn(</msg>
<msg time="2024-07-11T19:12:52.737548" level="INFO">${response} = &lt;Response [200]&gt;</msg>
<var>${response}</var>
<arg>consultarAPI</arg>
<arg>/api</arg>
<doc>Sends a GET request on a previously created HTTP Session.</doc>
<status status="PASS" start="2024-07-11T19:12:52.635494" elapsed="0.102082"/>
</kw>
<kw name="Set Variable" owner="BuiltIn">
<msg time="2024-07-11T19:12:52.738644" level="INFO">${json_data} = {'results': [{'gender': 'female', 'name': {'title': 'Miss', 'first': 'Ananya', 'last': 'Gupta'}, 'location': {'street': {'number': 5192, 'name': 'Lamington Rd'}, 'city': 'Narasaraopet', 'state': 'Odis...</msg>
<var>${json_data}</var>
<arg>${response.json()}</arg>
<doc>Returns the given values which can then be assigned to a variables.</doc>
<status status="PASS" start="2024-07-11T19:12:52.738122" elapsed="0.000551"/>
</kw>
<kw name="Set Variable" owner="BuiltIn">
<msg time="2024-07-11T19:12:52.739368" level="INFO">${name_title} = Miss</msg>
<var>${name_title}</var>
<arg>${json_data["results"][0]["name"]["title"]}</arg>
<doc>Returns the given values which can then be assigned to a variables.</doc>
<status status="PASS" start="2024-07-11T19:12:52.738981" elapsed="0.000413"/>
</kw>
<kw name="Create List" owner="BuiltIn">
<msg time="2024-07-11T19:12:52.739834" level="INFO">${allowed_titles} = ['Mr', 'Ms', 'Miss', 'Mrs', 'Madame', 'Monsieur']</msg>
<var>${allowed_titles}</var>
<arg>Mr</arg>
<arg>Ms</arg>
<arg>Miss</arg>
<arg>Mrs</arg>
<arg>Madame</arg>
<arg>Monsieur</arg>
<doc>Returns a list containing given items.</doc>
<status status="PASS" start="2024-07-11T19:12:52.739688" elapsed="0.000170"/>
</kw>
<kw name="List Should Contain Value" owner="Collections">
<arg>${allowed_titles}</arg>
<arg>${name_title}</arg>
<doc>Fails if the ``value`` is not found from ``list``.</doc>
<status status="PASS" start="2024-07-11T19:12:52.740152" elapsed="0.000219"/>
</kw>
<kw name="Set Variable" owner="BuiltIn">
<msg time="2024-07-11T19:12:52.740912" level="INFO">${name_country} = IN</msg>
<var>${name_country}</var>
<arg>${json_data["results"][0]["nat"]}</arg>
<doc>Returns the given values which can then be assigned to a variables.</doc>
<status status="PASS" start="2024-07-11T19:12:52.740551" elapsed="0.000386"/>
</kw>
<kw name="Create List" owner="BuiltIn">
<msg time="2024-07-11T19:12:52.741814" level="INFO">${list_country} = ['AD', 'AE', 'AF', 'AG', 'AI', 'AL', 'AM', 'AO', 'AQ', 'AR', 'AS', 'AT', 'AU', 'AW', 'AX', 'AZ', 'BA', 'BB', 'BD', 'BE', 'BF', 'BG', 'BH', 'BI', 'BJ', 'BL', 'BM', 'BN', 'BO', 'BQ', 'BR', 'BS', 'BT', '...</msg>
<var>${list_country}</var>
<arg>AD</arg>
<arg>AE</arg>
<arg>AF</arg>
<arg>AG</arg>
<arg>AI</arg>
<arg>AL</arg>
<arg>AM</arg>
<arg>AO</arg>
<arg>AQ</arg>
<arg>AR</arg>
<arg>AS</arg>
<arg>AT</arg>
<arg>AU</arg>
<arg>AW</arg>
<arg>AX</arg>
<arg>AZ</arg>
<arg>BA</arg>
<arg>BB</arg>
<arg>BD</arg>
<arg>BE</arg>
<arg>BF</arg>
<arg>BG</arg>
<arg>BH</arg>
<arg>BI</arg>
<arg>BJ</arg>
<arg>BL</arg>
<arg>BM</arg>
<arg>BN</arg>
<arg>BO</arg>
<arg>BQ</arg>
<arg>BR</arg>
<arg>BS</arg>
<arg>BT</arg>
<arg>BV</arg>
<arg>BW</arg>
<arg>BY</arg>
<arg>BZ</arg>
<arg>CA</arg>
<arg>CC</arg>
<arg>CD</arg>
<arg>CF</arg>
<arg>CG</arg>
<arg>CH</arg>
<arg>CI</arg>
<arg>CK</arg>
<arg>CL</arg>
<arg>CM</arg>
<arg>CN</arg>
<arg>CO</arg>
<arg>CR</arg>
<arg>CU</arg>
<arg>CV</arg>
<arg>CW</arg>
<arg>CX</arg>
<arg>CY</arg>
<arg>CZ</arg>
<arg>DE</arg>
<arg>DJ</arg>
<arg>DK</arg>
<arg>DM</arg>
<arg>DO</arg>
<arg>DZ</arg>
<arg>EC</arg>
<arg>EE</arg>
<arg>EG</arg>
<arg>EH</arg>
<arg>ER</arg>
<arg>ES</arg>
<arg>ET</arg>
<arg>FI</arg>
<arg>FJ</arg>
<arg>FK</arg>
<arg>FM</arg>
<arg>FO</arg>
<arg>FR</arg>
<arg>GA</arg>
<arg>GB</arg>
<arg>GD</arg>
<arg>GE</arg>
<arg>GF</arg>
<arg>GG</arg>
<arg>GH</arg>
<arg>GI</arg>
<arg>GL</arg>
<arg>GM</arg>
<arg>GN</arg>
<arg>GP</arg>
<arg>GQ</arg>
<arg>GR</arg>
<arg>GS</arg>
<arg>GT</arg>
<arg>GU</arg>
<arg>GW</arg>
<arg>GY</arg>
<arg>HK</arg>
<arg>HM</arg>
<arg>HN</arg>
<arg>HR</arg>
<arg>HT</arg>
<arg>HU</arg>
<arg>ID</arg>
<arg>IE</arg>
<arg>IL</arg>
<arg>IM</arg>
<arg>IN</arg>
<arg>IO</arg>
<arg>IQ</arg>
<arg>IR</arg>
<arg>IS</arg>
<arg>IT</arg>
<arg>JE</arg>
<arg>JM</arg>
<arg>JO</arg>
<arg>JP</arg>
<arg>KE</arg>
<arg>KG</arg>
<arg>KH</arg>
<arg>KI</arg>
<arg>KM</arg>
<arg>KN</arg>
<arg>KP</arg>
<arg>KR</arg>
<arg>KW</arg>
<arg>KY</arg>
<arg>KZ</arg>
<arg>LA</arg>
<arg>LB</arg>
<arg>LC</arg>
<arg>LI</arg>
<arg>LK</arg>
<arg>LR</arg>
<arg>LS</arg>
<arg>LT</arg>
<arg>LU</arg>
<arg>LV</arg>
<arg>LY</arg>
<arg>MA</arg>
<arg>MC</arg>
<arg>MD</arg>
<arg>ME</arg>
<arg>MF</arg>
<arg>MG</arg>
<arg>MH</arg>
<arg>MK</arg>
<arg>ML</arg>
<arg>MM</arg>
<arg>MN</arg>
<arg>MO</arg>
<arg>MP</arg>
<arg>MQ</arg>
<arg>MR</arg>
<arg>MS</arg>
<arg>MT</arg>
<arg>MU</arg>
<arg>MV</arg>
<arg>MW</arg>
<arg>MX</arg>
<arg>MY</arg>
<arg>MZ</arg>
<arg>NA</arg>
<arg>NC</arg>
<arg>NE</arg>
<arg>NF</arg>
<arg>NG</arg>
<arg>NI</arg>
<arg>NL</arg>
<arg>NO</arg>
<arg>NP</arg>
<arg>NR</arg>
<arg>NU</arg>
<arg>NZ</arg>
<arg>OM</arg>
<arg>PA</arg>
<arg>PE</arg>
<arg>PF</arg>
<arg>PG</arg>
<arg>PH</arg>
<arg>PK</arg>
<arg>PL</arg>
<arg>PM</arg>
<arg>PN</arg>
<arg>PR</arg>
<arg>PS</arg>
<arg>PT</arg>
<arg>PW</arg>
<arg>PY</arg>
<arg>QA</arg>
<arg>RE</arg>
<arg>RO</arg>
<arg>RS</arg>
<arg>RU</arg>
<arg>RW</arg>
<arg>SA</arg>
<arg>SB</arg>
<arg>SC</arg>
<arg>SD</arg>
<arg>SE</arg>
<arg>SG</arg>
<arg>SH</arg>
<arg>SI</arg>
<arg>SJ</arg>
<arg>SK</arg>
<arg>SL</arg>
<arg>SM</arg>
<arg>SN</arg>
<arg>SO</arg>
<arg>SR</arg>
<arg>SS</arg>
<arg>ST</arg>
<arg>SV</arg>
<arg>SX</arg>
<arg>SY</arg>
<arg>SZ</arg>
<arg>TC</arg>
<arg>TD</arg>
<arg>TF</arg>
<arg>TG</arg>
<arg>TH</arg>
<arg>TJ</arg>
<arg>TK</arg>
<arg>TL</arg>
<arg>TM</arg>
<arg>TN</arg>
<arg>TO</arg>
<arg>TR</arg>
<arg>TT</arg>
<arg>TV</arg>
<arg>TW</arg>
<arg>TZ</arg>
<arg>UA</arg>
<arg>UG</arg>
<arg>UM</arg>
<arg>US</arg>
<arg>UY</arg>
<arg>UZ</arg>
<arg>VA</arg>
<arg>VC</arg>
<arg>VE</arg>
<arg>VG</arg>
<arg>VI</arg>
<arg>VN</arg>
<arg>VU</arg>
<arg>WF</arg>
<arg>WS</arg>
<arg>XK</arg>
<arg>YE</arg>
<arg>YT</arg>
<arg>ZA</arg>
<arg>ZM</arg>
<arg>ZW</arg>
<doc>Returns a list containing given items.</doc>
<status status="PASS" start="2024-07-11T19:12:52.741224" elapsed="0.000617"/>
</kw>
<kw name="List Should Contain Value" owner="Collections">
<arg>${list_country}</arg>
<arg>${name_country}</arg>
<doc>Fails if the ``value`` is not found from ``list``.</doc>
<status status="PASS" start="2024-07-11T19:12:52.742645" elapsed="0.000215"/>
</kw>
<kw name="Run Keyword If" owner="BuiltIn">
<kw name="Should Be True" owner="BuiltIn">
<arg>${True}</arg>
<doc>Fails if the given condition is not true.</doc>
<status status="PASS" start="2024-07-11T19:12:52.743795" elapsed="0.000141"/>
</kw>
<arg>${json_data["results"][0]["location"]["coordinates"]["latitude"]} &gt;= -90 and ${json_data["results"][0]["location"]["coordinates"]["latitude"]} &lt;= 90</arg>
<arg>Should Be True</arg>
<arg>${True}</arg>
<doc>Runs the given keyword with the given arguments, if ``condition`` is true.</doc>
<status status="PASS" start="2024-07-11T19:12:52.743055" elapsed="0.001005"/>
</kw>
<kw name="Run Keyword If" owner="BuiltIn">
<kw name="Should Be True" owner="BuiltIn">
<arg>${True}</arg>
<doc>Fails if the given condition is not true.</doc>
<status status="PASS" start="2024-07-11T19:12:52.744961" elapsed="0.000243"/>
</kw>
<arg>${json_data["results"][0]["location"]["coordinates"]["longitude"]} &gt;= -180 and ${json_data["results"][0]["location"]["coordinates"]["longitude"]} &lt;= 180</arg>
<arg>Should Be True</arg>
<arg>${True}</arg>
<doc>Runs the given keyword with the given arguments, if ``condition`` is true.</doc>
<status status="PASS" start="2024-07-11T19:12:52.744263" elapsed="0.001069"/>
</kw>
<status status="PASS" start="2024-07-11T19:12:52.635266" elapsed="0.110201"/>
</kw>
<doc>Testa o conteúdo específico dos campos retornados pela API.</doc>
<tag>testeConteudo</tag>
<status status="PASS" start="2024-07-11T19:12:52.634794" elapsed="0.110836"/>
</test>
<status status="PASS" start="2024-07-11T19:12:51.884584" elapsed="0.863012"/>
</suite>
<status status="PASS" start="2024-07-11T19:12:51.870083" elapsed="0.882631"/>
</suite>
<statistics>
<total>
<stat pass="5" fail="0" skip="0">All Tests</stat>
</total>
<tag>
<stat pass="1" fail="0" skip="0">testeConteudo</stat>
<stat pass="1" fail="0" skip="0">testeEstruturaResposta</stat>
<stat pass="1" fail="0" skip="0">testeRequisicaoBasica</stat>
<stat pass="1" fail="0" skip="0">testeTiposDados</stat>
</tag>
<suite>
<stat pass="5" fail="0" skip="0" id="s1" name="Tests">Tests</stat>
<stat pass="5" fail="0" skip="0" id="s1-s1" name="Random-User-Test">Tests.Random-User-Test</stat>
</suite>
</statistics>
<errors>
</errors>
</robot>
