<?xml version="1.0" encoding="UTF-8"?>
<robot generator="Robot 7.0 (Python 3.12.3 on linux)" generated="2024-05-02T04:16:41.182588" rpa="false" schemaversion="5">
<suite id="s1" name="Tests" source="/home/runner/work/DesafioQAItauRogerioJordao/DesafioQAItauRogerioJordao/RamdonUser/tests">
<suite id="s1-s1" name="Random-User-Test" source="/home/runner/work/DesafioQAItauRogerioJordao/DesafioQAItauRogerioJordao/RamdonUser/tests/random-user-test.robot">
<test id="s1-s1-t1" name="Conectar" line="13">
<kw name="Conectar API" owner="random-user-service">
<kw name="Create Session" owner="RequestsLibrary">
<msg time="2024-05-02T04:16:41.550420" level="INFO">Creating Session using : alias=consultarAPI, url=https://randomuser.me/, headers={},                     cookies={}, auth=None, timeout=None, proxies=None, verify=False,                     debug=0 </msg>
<arg>consultarAPI</arg>
<arg>${URL}</arg>
<doc>Create Session: create a HTTP session to a server</doc>
<status status="PASS" start="2024-05-02T04:16:41.550175" elapsed="0.000454"/>
</kw>
<status status="PASS" start="2024-05-02T04:16:41.549161" elapsed="0.001841"/>
</kw>
<status status="PASS" start="2024-05-02T04:16:41.548511" elapsed="0.002686"/>
</test>
<test id="s1-s1-t2" name="Validar retorno 200 e JSON Válido" line="16">
<kw name="Teste de Requisicao Basica" owner="random-user-service">
<kw name="GET On Session" owner="RequestsLibrary">
<msg time="2024-05-02T04:16:41.786137" level="INFO">GET Request : url=https://randomuser.me/api 
 path_url=/api 
 headers={'User-Agent': 'python-requests/2.31.0', 'Accept-Encoding': 'gzip, deflate', 'Accept': '*/*', 'Connection': 'keep-alive'} 
 body=None 
 </msg>
<msg time="2024-05-02T04:16:41.786317" level="INFO">GET Response : url=https://randomuser.me/api 
 status=200, reason=OK 
 headers={'Date': 'Thu, 02 May 2024 04:16:41 GMT', 'Content-Type': 'application/json; charset=utf-8', 'Transfer-Encoding': 'chunked', 'Connection': 'keep-alive', 'X-Powered-By': 'Express', 'Access-Control-Allow-Origin': '*', 'Cache-Control': 'no-cache', 'ETag': 'W/"4b4-B3fByTINeuLIXdbpM5/u79q9s+g"', 'Vary': 'Accept-Encoding', 'Content-Encoding': 'gzip', 'CF-Cache-Status': 'DYNAMIC', 'Report-To': '{"endpoints":[{"url":"https:\\/\\/a.nel.cloudflare.com\\/report\\/v4?s=4QmDxZ3uu3hg8Xb8wU%2FRTuKhMrfA3k0WEvAI9%2BPGM%2BGLGKUgCdi6k6ak2em%2FdYOaUFWhiQrG7CdTP2kB3tZTicuo%2FsYKtRuwVnPd3l%2B8EkUFjcLJ5bUtU048sInqKbsE"}],"group":"cf-nel","max_age":604800}', 'NEL': '{"success_fraction":0,"report_to":"cf-nel","max_age":604800}', 'Server': 'cloudflare', 'CF-RAY': '87d53284df4c86e4-ORD', 'alt-svc': 'h3=":443"; ma=86400'} 
 body={"results":[{"gender":"female","name":{"title":"Mrs","first":"Pulheriya","last":"Chepura"},"location":{"street":{"number":4374,"name":"Kapitanivskiy provulok"},"city":"Kropivnickiy","state":"Kirovogradska","country":"Ukraine","postcode":32766,"coordinates":{"latitude":"79.3639","longitude":"158.8904"},"timezone":{"offset":"0:00","description":"Western Europe Time, London, Lisbon, Casablanca"}},"email":"pulheriya.chepura@example.com","login":{"uuid":"ae976676-468e-4b39-a5f0-d2b3bf5dc3d3","username":"angrysnake261","password":"zeppelin","salt":"yG3ToK3u","md5":"045804924e4629f66456c82a0dd6c2b7","sha1":"65653db38aa92da6e20b3ef73fb3d54e0d861a9b","sha256":"d3bf92823ba35cbc745c314f4b1675911f9391c2d9fdc0c445013ffb10dd5c31"},"dob":{"date":"1986-06-06T08:41:45.667Z","age":37},"registered":{"date":"2006-08-05T21:44:59.290Z","age":17},"phone":"(099) I87-1820","cell":"(066) P10-3901","id":{"name":"","value":null},"picture":{"large":"https://randomuser.me/api/portraits/women/71.jpg","medium":"https://randomuser.me/api/portraits/med/women/71.jpg","thumbnail":"https://randomuser.me/api/portraits/thumb/women/71.jpg"},"nat":"UA"}],"info":{"seed":"3a8cb4b887ebff00","results":1,"page":1,"version":"1.4"}} 
 </msg>
<msg time="2024-05-02T04:16:41.786403" level="INFO">/opt/hostedtoolcache/Python/3.12.3/x64/lib/python3.12/site-packages/urllib3/connectionpool.py:1103: InsecureRequestWarning: Unverified HTTPS request is being made to host 'randomuser.me'. Adding certificate verification is strongly advised. See: https://urllib3.readthedocs.io/en/latest/advanced-usage.html#tls-warnings
  warnings.warn(</msg>
<msg time="2024-05-02T04:16:41.786604" level="INFO">${response} = &lt;Response [200]&gt;</msg>
<var>${response}</var>
<arg>consultarAPI</arg>
<arg>/api</arg>
<doc>Sends a GET request on a previously created HTTP Session.</doc>
<status status="PASS" start="2024-05-02T04:16:41.553926" elapsed="0.232721"/>
</kw>
<kw name="Should Be Equal As Numbers" owner="BuiltIn">
<msg time="2024-05-02T04:16:41.787793" level="INFO">Argument types are:
&lt;class 'int'&gt;
&lt;class 'str'&gt;</msg>
<arg>${response.status_code}</arg>
<arg>200</arg>
<doc>Fails if objects are unequal after converting them to real numbers.</doc>
<status status="PASS" start="2024-05-02T04:16:41.787317" elapsed="0.000541"/>
</kw>
<kw name="Log" owner="BuiltIn">
<msg time="2024-05-02T04:16:41.788567" level="INFO">200</msg>
<arg>${response.status_code}</arg>
<doc>Logs the given message with the given level.</doc>
<status status="PASS" start="2024-05-02T04:16:41.788208" elapsed="0.000401"/>
</kw>
<kw name="Set Variable" owner="BuiltIn">
<msg time="2024-05-02T04:16:41.789347" level="INFO">${json_data} = {'results': [{'gender': 'female', 'name': {'title': 'Mrs', 'first': 'Pulheriya', 'last': 'Chepura'}, 'location': {'street': {'number': 4374, 'name': 'Kapitanivskiy provulok'}, 'city': 'Kropivnickiy', ...</msg>
<var>${json_data}</var>
<arg>${response.json()}</arg>
<doc>Returns the given values which can then be assigned to a variables.</doc>
<status status="PASS" start="2024-05-02T04:16:41.788908" elapsed="0.000467"/>
</kw>
<kw name="Dictionary Should Contain Key" owner="Collections">
<msg time="2024-05-02T04:16:41.789835" level="INFO">False</msg>
<arg>${json_data}</arg>
<arg>results</arg>
<doc>Fails if ``key`` is not found from ``dictionary``.</doc>
<status status="PASS" start="2024-05-02T04:16:41.789670" elapsed="0.000204"/>
</kw>
<status status="PASS" start="2024-05-02T04:16:41.553678" elapsed="0.236448"/>
</kw>
<doc>Testa se a API responde corretamente e retorna um objeto JSON válido.</doc>
<tag>testeRequisicaoBasica</tag>
<status status="PASS" start="2024-05-02T04:16:41.553142" elapsed="0.237205"/>
</test>
<test id="s1-s1-t3" name="Validar estrutura de resposta" line="22">
<kw name="Teste de Estrutura de Resposta" owner="random-user-service">
<kw name="GET On Session" owner="RequestsLibrary">
<msg time="2024-05-02T04:16:41.882541" level="INFO">GET Request : url=https://randomuser.me/api 
 path_url=/api 
 headers={'User-Agent': 'python-requests/2.31.0', 'Accept-Encoding': 'gzip, deflate', 'Accept': '*/*', 'Connection': 'keep-alive'} 
 body=None 
 </msg>
<msg time="2024-05-02T04:16:41.882642" level="INFO">GET Response : url=https://randomuser.me/api 
 status=200, reason=OK 
 headers={'Date': 'Thu, 02 May 2024 04:16:41 GMT', 'Content-Type': 'application/json; charset=utf-8', 'Transfer-Encoding': 'chunked', 'Connection': 'keep-alive', 'X-Powered-By': 'Express', 'Access-Control-Allow-Origin': '*', 'Cache-Control': 'no-cache', 'ETag': 'W/"4a6-dkxsDa52v4yY1INXQRuncx0Y/qA"', 'Vary': 'Accept-Encoding', 'Content-Encoding': 'gzip', 'CF-Cache-Status': 'DYNAMIC', 'Report-To': '{"endpoints":[{"url":"https:\\/\\/a.nel.cloudflare.com\\/report\\/v4?s=AheiNR6%2BGGgAprxrrqz7GCZacn2S%2BPbfmjvVbAqRBXLV4ZN9CVgW8e9yKEUXy2qT8pIg%2B5jHZlUBczPLD1YhZ7HjBPAm7pCezHATb9YQsaecCXjcUi03PlQlRQA0e%2Fh0"}],"group":"cf-nel","max_age":604800}', 'NEL': '{"success_fraction":0,"report_to":"cf-nel","max_age":604800}', 'Server': 'cloudflare', 'CF-RAY': '87d532853f9a86e4-ORD', 'alt-svc': 'h3=":443"; ma=86400'} 
 body={"results":[{"gender":"female","name":{"title":"Madame","first":"Colette","last":"Meunier"},"location":{"street":{"number":4802,"name":"Rue Bossuet"},"city":"Cureglia","state":"Luzern","country":"Switzerland","postcode":6727,"coordinates":{"latitude":"-59.1019","longitude":"62.7420"},"timezone":{"offset":"+10:00","description":"Eastern Australia, Guam, Vladivostok"}},"email":"colette.meunier@example.com","login":{"uuid":"3a8f7636-cd41-49f2-9d17-cf642fa9976b","username":"heavyrabbit945","password":"atlanta","salt":"ZrgK0i32","md5":"03ba64e6d5335352fc0c2d9d18edfdbc","sha1":"c5cac2fdea7d314e52c4403380da1c761ab8430e","sha256":"f8538d972795a8a746c20f0afeac5e7d016eef8eac682c62886f923f2add961b"},"dob":{"date":"1969-03-16T13:30:16.607Z","age":55},"registered":{"date":"2007-10-20T23:40:54.776Z","age":16},"phone":"077 644 79 41","cell":"078 824 69 91","id":{"name":"AVS","value":"756.4984.4298.64"},"picture":{"large":"https://randomuser.me/api/portraits/women/13.jpg","medium":"https://randomuser.me/api/portraits/med/women/13.jpg","thumbnail":"https://randomuser.me/api/portraits/thumb/women/13.jpg"},"nat":"CH"}],"info":{"seed":"24c54ca7f3ea3524","results":1,"page":1,"version":"1.4"}} 
 </msg>
<msg time="2024-05-02T04:16:41.882773" level="INFO">/opt/hostedtoolcache/Python/3.12.3/x64/lib/python3.12/site-packages/urllib3/connectionpool.py:1103: InsecureRequestWarning: Unverified HTTPS request is being made to host 'randomuser.me'. Adding certificate verification is strongly advised. See: https://urllib3.readthedocs.io/en/latest/advanced-usage.html#tls-warnings
  warnings.warn(</msg>
<msg time="2024-05-02T04:16:41.882897" level="INFO">${response} = &lt;Response [200]&gt;</msg>
<var>${response}</var>
<arg>consultarAPI</arg>
<arg>/api</arg>
<doc>Sends a GET request on a previously created HTTP Session.</doc>
<status status="PASS" start="2024-05-02T04:16:41.792893" elapsed="0.090043"/>
</kw>
<kw name="Set Variable" owner="BuiltIn">
<msg time="2024-05-02T04:16:41.884150" level="INFO">${json_data} = {'results': [{'gender': 'female', 'name': {'title': 'Madame', 'first': 'Colette', 'last': 'Meunier'}, 'location': {'street': {'number': 4802, 'name': 'Rue Bossuet'}, 'city': 'Cureglia', 'state': 'Luze...</msg>
<var>${json_data}</var>
<arg>${response.json()}</arg>
<doc>Returns the given values which can then be assigned to a variables.</doc>
<status status="PASS" start="2024-05-02T04:16:41.883579" elapsed="0.000600"/>
</kw>
<kw name="Log" owner="BuiltIn">
<msg time="2024-05-02T04:16:41.884656" level="INFO">{'results': [{'gender': 'female', 'name': {'title': 'Madame', 'first': 'Colette', 'last': 'Meunier'}, 'location': {'street': {'number': 4802, 'name': 'Rue Bossuet'}, 'city': 'Cureglia', 'state': 'Luzern', 'country': 'Switzerland', 'postcode': 6727, 'coordinates': {'latitude': '-59.1019', 'longitude': '62.7420'}, 'timezone': {'offset': '+10:00', 'description': 'Eastern Australia, Guam, Vladivostok'}}, 'email': 'colette.meunier@example.com', 'login': {'uuid': '3a8f7636-cd41-49f2-9d17-cf642fa9976b', 'username': 'heavyrabbit945', 'password': 'atlanta', 'salt': 'ZrgK0i32', 'md5': '03ba64e6d5335352fc0c2d9d18edfdbc', 'sha1': 'c5cac2fdea7d314e52c4403380da1c761ab8430e', 'sha256': 'f8538d972795a8a746c20f0afeac5e7d016eef8eac682c62886f923f2add961b'}, 'dob': {'date': '1969-03-16T13:30:16.607Z', 'age': 55}, 'registered': {'date': '2007-10-20T23:40:54.776Z', 'age': 16}, 'phone': '077 644 79 41', 'cell': '078 824 69 91', 'id': {'name': 'AVS', 'value': '756.4984.4298.64'}, 'picture': {'large': 'https://randomuser.me/api/portraits/women/13.jpg', 'medium': 'https://randomuser.me/api/portraits/med/women/13.jpg', 'thumbnail': 'https://randomuser.me/api/portraits/thumb/women/13.jpg'}, 'nat': 'CH'}], 'info': {'seed': '24c54ca7f3ea3524', 'results': 1, 'page': 1, 'version': '1.4'}}</msg>
<arg>${json_data}</arg>
<doc>Logs the given message with the given level.</doc>
<status status="PASS" start="2024-05-02T04:16:41.884490" elapsed="0.000216"/>
</kw>
<kw name="Dictionary Should Contain Key" owner="Collections">
<msg time="2024-05-02T04:16:41.885158" level="INFO">False</msg>
<arg>${json_data}</arg>
<arg>results</arg>
<doc>Fails if ``key`` is not found from ``dictionary``.</doc>
<status status="PASS" start="2024-05-02T04:16:41.885002" elapsed="0.000193"/>
</kw>
<kw name="Should Not Be Empty" owner="BuiltIn">
<msg time="2024-05-02T04:16:41.885611" level="INFO">Length is 2.</msg>
<arg>${json_data}</arg>
<doc>Verifies that the given item is not empty.</doc>
<status status="PASS" start="2024-05-02T04:16:41.885481" elapsed="0.000168"/>
</kw>
<kw name="Create List" owner="BuiltIn">
<msg time="2024-05-02T04:16:41.886241" level="INFO">${expected_keys} = ['gender', 'name', 'location', 'email', 'login']</msg>
<var>${expected_keys}</var>
<arg>gender</arg>
<arg>name</arg>
<arg>location</arg>
<arg>email</arg>
<arg>login</arg>
<doc>Returns a list containing given items.</doc>
<status status="PASS" start="2024-05-02T04:16:41.885934" elapsed="0.000331"/>
</kw>
<for flavor="IN">
<iter>
<kw name="Dictionary Should Contain Key" owner="Collections">
<msg time="2024-05-02T04:16:41.887308" level="INFO">False</msg>
<arg>${json_data['results'][0]}</arg>
<arg>${key}</arg>
<doc>Fails if ``key`` is not found from ``dictionary``.</doc>
<status status="PASS" start="2024-05-02T04:16:41.886907" elapsed="0.000440"/>
</kw>
<kw name="Log" owner="BuiltIn">
<msg time="2024-05-02T04:16:41.888011" level="INFO">{'gender': 'female', 'name': {'title': 'Madame', 'first': 'Colette', 'last': 'Meunier'}, 'location': {'street': {'number': 4802, 'name': 'Rue Bossuet'}, 'city': 'Cureglia', 'state': 'Luzern', 'country': 'Switzerland', 'postcode': 6727, 'coordinates': {'latitude': '-59.1019', 'longitude': '62.7420'}, 'timezone': {'offset': '+10:00', 'description': 'Eastern Australia, Guam, Vladivostok'}}, 'email': 'colette.meunier@example.com', 'login': {'uuid': '3a8f7636-cd41-49f2-9d17-cf642fa9976b', 'username': 'heavyrabbit945', 'password': 'atlanta', 'salt': 'ZrgK0i32', 'md5': '03ba64e6d5335352fc0c2d9d18edfdbc', 'sha1': 'c5cac2fdea7d314e52c4403380da1c761ab8430e', 'sha256': 'f8538d972795a8a746c20f0afeac5e7d016eef8eac682c62886f923f2add961b'}, 'dob': {'date': '1969-03-16T13:30:16.607Z', 'age': 55}, 'registered': {'date': '2007-10-20T23:40:54.776Z', 'age': 16}, 'phone': '077 644 79 41', 'cell': '078 824 69 91', 'id': {'name': 'AVS', 'value': '756.4984.4298.64'}, 'picture': {'large': 'https://randomuser.me/api/portraits/women/13.jpg', 'medium': 'https://randomuser.me/api/portraits/med/women/13.jpg', 'thumbnail': 'https://randomuser.me/api/portraits/thumb/women/13.jpg'}, 'nat': 'CH'}</msg>
<arg>${json_data['results'][0]}</arg>
<doc>Logs the given message with the given level.</doc>
<status status="PASS" start="2024-05-02T04:16:41.887644" elapsed="0.000416"/>
</kw>
<kw name="Log" owner="BuiltIn">
<msg time="2024-05-02T04:16:41.888496" level="INFO">gender</msg>
<arg>${key}</arg>
<doc>Logs the given message with the given level.</doc>
<status status="PASS" start="2024-05-02T04:16:41.888370" elapsed="0.000163"/>
</kw>
<var name="${key}">gender</var>
<status status="PASS" start="2024-05-02T04:16:41.886782" elapsed="0.001961"/>
</iter>
<iter>
<kw name="Dictionary Should Contain Key" owner="Collections">
<msg time="2024-05-02T04:16:41.889429" level="INFO">False</msg>
<arg>${json_data['results'][0]}</arg>
<arg>${key}</arg>
<doc>Fails if ``key`` is not found from ``dictionary``.</doc>
<status status="PASS" start="2024-05-02T04:16:41.889045" elapsed="0.000421"/>
</kw>
<kw name="Log" owner="BuiltIn">
<msg time="2024-05-02T04:16:41.890139" level="INFO">{'gender': 'female', 'name': {'title': 'Madame', 'first': 'Colette', 'last': 'Meunier'}, 'location': {'street': {'number': 4802, 'name': 'Rue Bossuet'}, 'city': 'Cureglia', 'state': 'Luzern', 'country': 'Switzerland', 'postcode': 6727, 'coordinates': {'latitude': '-59.1019', 'longitude': '62.7420'}, 'timezone': {'offset': '+10:00', 'description': 'Eastern Australia, Guam, Vladivostok'}}, 'email': 'colette.meunier@example.com', 'login': {'uuid': '3a8f7636-cd41-49f2-9d17-cf642fa9976b', 'username': 'heavyrabbit945', 'password': 'atlanta', 'salt': 'ZrgK0i32', 'md5': '03ba64e6d5335352fc0c2d9d18edfdbc', 'sha1': 'c5cac2fdea7d314e52c4403380da1c761ab8430e', 'sha256': 'f8538d972795a8a746c20f0afeac5e7d016eef8eac682c62886f923f2add961b'}, 'dob': {'date': '1969-03-16T13:30:16.607Z', 'age': 55}, 'registered': {'date': '2007-10-20T23:40:54.776Z', 'age': 16}, 'phone': '077 644 79 41', 'cell': '078 824 69 91', 'id': {'name': 'AVS', 'value': '756.4984.4298.64'}, 'picture': {'large': 'https://randomuser.me/api/portraits/women/13.jpg', 'medium': 'https://randomuser.me/api/portraits/med/women/13.jpg', 'thumbnail': 'https://randomuser.me/api/portraits/thumb/women/13.jpg'}, 'nat': 'CH'}</msg>
<arg>${json_data['results'][0]}</arg>
<doc>Logs the given message with the given level.</doc>
<status status="PASS" start="2024-05-02T04:16:41.889785" elapsed="0.000402"/>
</kw>
<kw name="Log" owner="BuiltIn">
<msg time="2024-05-02T04:16:41.890628" level="INFO">name</msg>
<arg>${key}</arg>
<doc>Logs the given message with the given level.</doc>
<status status="PASS" start="2024-05-02T04:16:41.890500" elapsed="0.000166"/>
</kw>
<var name="${key}">name</var>
<status status="PASS" start="2024-05-02T04:16:41.888929" elapsed="0.001955"/>
</iter>
<iter>
<kw name="Dictionary Should Contain Key" owner="Collections">
<msg time="2024-05-02T04:16:41.891561" level="INFO">False</msg>
<arg>${json_data['results'][0]}</arg>
<arg>${key}</arg>
<doc>Fails if ``key`` is not found from ``dictionary``.</doc>
<status status="PASS" start="2024-05-02T04:16:41.891180" elapsed="0.000418"/>
</kw>
<kw name="Log" owner="BuiltIn">
<msg time="2024-05-02T04:16:41.892245" level="INFO">{'gender': 'female', 'name': {'title': 'Madame', 'first': 'Colette', 'last': 'Meunier'}, 'location': {'street': {'number': 4802, 'name': 'Rue Bossuet'}, 'city': 'Cureglia', 'state': 'Luzern', 'country': 'Switzerland', 'postcode': 6727, 'coordinates': {'latitude': '-59.1019', 'longitude': '62.7420'}, 'timezone': {'offset': '+10:00', 'description': 'Eastern Australia, Guam, Vladivostok'}}, 'email': 'colette.meunier@example.com', 'login': {'uuid': '3a8f7636-cd41-49f2-9d17-cf642fa9976b', 'username': 'heavyrabbit945', 'password': 'atlanta', 'salt': 'ZrgK0i32', 'md5': '03ba64e6d5335352fc0c2d9d18edfdbc', 'sha1': 'c5cac2fdea7d314e52c4403380da1c761ab8430e', 'sha256': 'f8538d972795a8a746c20f0afeac5e7d016eef8eac682c62886f923f2add961b'}, 'dob': {'date': '1969-03-16T13:30:16.607Z', 'age': 55}, 'registered': {'date': '2007-10-20T23:40:54.776Z', 'age': 16}, 'phone': '077 644 79 41', 'cell': '078 824 69 91', 'id': {'name': 'AVS', 'value': '756.4984.4298.64'}, 'picture': {'large': 'https://randomuser.me/api/portraits/women/13.jpg', 'medium': 'https://randomuser.me/api/portraits/med/women/13.jpg', 'thumbnail': 'https://randomuser.me/api/portraits/thumb/women/13.jpg'}, 'nat': 'CH'}</msg>
<arg>${json_data['results'][0]}</arg>
<doc>Logs the given message with the given level.</doc>
<status status="PASS" start="2024-05-02T04:16:41.891890" elapsed="0.000402"/>
</kw>
<kw name="Log" owner="BuiltIn">
<msg time="2024-05-02T04:16:41.892709" level="INFO">location</msg>
<arg>${key}</arg>
<doc>Logs the given message with the given level.</doc>
<status status="PASS" start="2024-05-02T04:16:41.892576" elapsed="0.000171"/>
</kw>
<var name="${key}">location</var>
<status status="PASS" start="2024-05-02T04:16:41.891063" elapsed="0.001893"/>
</iter>
<iter>
<kw name="Dictionary Should Contain Key" owner="Collections">
<msg time="2024-05-02T04:16:41.893656" level="INFO">False</msg>
<arg>${json_data['results'][0]}</arg>
<arg>${key}</arg>
<doc>Fails if ``key`` is not found from ``dictionary``.</doc>
<status status="PASS" start="2024-05-02T04:16:41.893236" elapsed="0.000458"/>
</kw>
<kw name="Log" owner="BuiltIn">
<msg time="2024-05-02T04:16:41.894400" level="INFO">{'gender': 'female', 'name': {'title': 'Madame', 'first': 'Colette', 'last': 'Meunier'}, 'location': {'street': {'number': 4802, 'name': 'Rue Bossuet'}, 'city': 'Cureglia', 'state': 'Luzern', 'country': 'Switzerland', 'postcode': 6727, 'coordinates': {'latitude': '-59.1019', 'longitude': '62.7420'}, 'timezone': {'offset': '+10:00', 'description': 'Eastern Australia, Guam, Vladivostok'}}, 'email': 'colette.meunier@example.com', 'login': {'uuid': '3a8f7636-cd41-49f2-9d17-cf642fa9976b', 'username': 'heavyrabbit945', 'password': 'atlanta', 'salt': 'ZrgK0i32', 'md5': '03ba64e6d5335352fc0c2d9d18edfdbc', 'sha1': 'c5cac2fdea7d314e52c4403380da1c761ab8430e', 'sha256': 'f8538d972795a8a746c20f0afeac5e7d016eef8eac682c62886f923f2add961b'}, 'dob': {'date': '1969-03-16T13:30:16.607Z', 'age': 55}, 'registered': {'date': '2007-10-20T23:40:54.776Z', 'age': 16}, 'phone': '077 644 79 41', 'cell': '078 824 69 91', 'id': {'name': 'AVS', 'value': '756.4984.4298.64'}, 'picture': {'large': 'https://randomuser.me/api/portraits/women/13.jpg', 'medium': 'https://randomuser.me/api/portraits/med/women/13.jpg', 'thumbnail': 'https://randomuser.me/api/portraits/thumb/women/13.jpg'}, 'nat': 'CH'}</msg>
<arg>${json_data['results'][0]}</arg>
<doc>Logs the given message with the given level.</doc>
<status status="PASS" start="2024-05-02T04:16:41.893989" elapsed="0.000471"/>
</kw>
<kw name="Log" owner="BuiltIn">
<msg time="2024-05-02T04:16:41.894886" level="INFO">email</msg>
<arg>${key}</arg>
<doc>Logs the given message with the given level.</doc>
<status status="PASS" start="2024-05-02T04:16:41.894758" elapsed="0.000167"/>
</kw>
<var name="${key}">email</var>
<status status="PASS" start="2024-05-02T04:16:41.893127" elapsed="0.002020"/>
</iter>
<iter>
<kw name="Dictionary Should Contain Key" owner="Collections">
<msg time="2024-05-02T04:16:41.895816" level="INFO">False</msg>
<arg>${json_data['results'][0]}</arg>
<arg>${key}</arg>
<doc>Fails if ``key`` is not found from ``dictionary``.</doc>
<status status="PASS" start="2024-05-02T04:16:41.895430" elapsed="0.000424"/>
</kw>
<kw name="Log" owner="BuiltIn">
<msg time="2024-05-02T04:16:41.896509" level="INFO">{'gender': 'female', 'name': {'title': 'Madame', 'first': 'Colette', 'last': 'Meunier'}, 'location': {'street': {'number': 4802, 'name': 'Rue Bossuet'}, 'city': 'Cureglia', 'state': 'Luzern', 'country': 'Switzerland', 'postcode': 6727, 'coordinates': {'latitude': '-59.1019', 'longitude': '62.7420'}, 'timezone': {'offset': '+10:00', 'description': 'Eastern Australia, Guam, Vladivostok'}}, 'email': 'colette.meunier@example.com', 'login': {'uuid': '3a8f7636-cd41-49f2-9d17-cf642fa9976b', 'username': 'heavyrabbit945', 'password': 'atlanta', 'salt': 'ZrgK0i32', 'md5': '03ba64e6d5335352fc0c2d9d18edfdbc', 'sha1': 'c5cac2fdea7d314e52c4403380da1c761ab8430e', 'sha256': 'f8538d972795a8a746c20f0afeac5e7d016eef8eac682c62886f923f2add961b'}, 'dob': {'date': '1969-03-16T13:30:16.607Z', 'age': 55}, 'registered': {'date': '2007-10-20T23:40:54.776Z', 'age': 16}, 'phone': '077 644 79 41', 'cell': '078 824 69 91', 'id': {'name': 'AVS', 'value': '756.4984.4298.64'}, 'picture': {'large': 'https://randomuser.me/api/portraits/women/13.jpg', 'medium': 'https://randomuser.me/api/portraits/med/women/13.jpg', 'thumbnail': 'https://randomuser.me/api/portraits/thumb/women/13.jpg'}, 'nat': 'CH'}</msg>
<arg>${json_data['results'][0]}</arg>
<doc>Logs the given message with the given level.</doc>
<status status="PASS" start="2024-05-02T04:16:41.896145" elapsed="0.000414"/>
</kw>
<kw name="Log" owner="BuiltIn">
<msg time="2024-05-02T04:16:41.896985" level="INFO">login</msg>
<arg>${key}</arg>
<doc>Logs the given message with the given level.</doc>
<status status="PASS" start="2024-05-02T04:16:41.896859" elapsed="0.000194"/>
</kw>
<var name="${key}">login</var>
<status status="PASS" start="2024-05-02T04:16:41.895320" elapsed="0.001954"/>
</iter>
<var>${key}</var>
<value>@{expected_keys}</value>
<status status="PASS" start="2024-05-02T04:16:41.886576" elapsed="0.010820"/>
</for>
<kw name="Create List" owner="BuiltIn">
<msg time="2024-05-02T04:16:41.897838" level="INFO">${expected_keysTwo} = ['username', 'password']</msg>
<var>${expected_keysTwo}</var>
<arg>username</arg>
<arg>password</arg>
<doc>Returns a list containing given items.</doc>
<status status="PASS" start="2024-05-02T04:16:41.897655" elapsed="0.000215"/>
</kw>
<for flavor="IN">
<iter>
<kw name="Dictionary Should Contain Key" owner="Collections">
<msg time="2024-05-02T04:16:41.899281" level="INFO">False</msg>
<arg>${json_data['results'][0]['login']}</arg>
<arg>${keyTwo}</arg>
<doc>Fails if ``key`` is not found from ``dictionary``.</doc>
<status status="PASS" start="2024-05-02T04:16:41.898660" elapsed="0.000682"/>
</kw>
<kw name="Dictionary Should Contain Key" owner="Collections">
<msg time="2024-05-02T04:16:41.900385" level="INFO">False</msg>
<arg>${json_data['results'][0]['login']}</arg>
<arg>${keyTwo}</arg>
<doc>Fails if ``key`` is not found from ``dictionary``.</doc>
<status status="PASS" start="2024-05-02T04:16:41.899776" elapsed="0.000669"/>
</kw>
<kw name="Log" owner="BuiltIn">
<msg time="2024-05-02T04:16:41.901065" level="INFO">username</msg>
<arg>${keyTwo}</arg>
<doc>Logs the given message with the given level.</doc>
<status status="PASS" start="2024-05-02T04:16:41.900875" elapsed="0.000257"/>
</kw>
<var name="${keyTwo}">username</var>
<status status="PASS" start="2024-05-02T04:16:41.898482" elapsed="0.002970"/>
</iter>
<iter>
<kw name="Dictionary Should Contain Key" owner="Collections">
<msg time="2024-05-02T04:16:41.902536" level="INFO">False</msg>
<arg>${json_data['results'][0]['login']}</arg>
<arg>${keyTwo}</arg>
<doc>Fails if ``key`` is not found from ``dictionary``.</doc>
<status status="PASS" start="2024-05-02T04:16:41.901896" elapsed="0.000701"/>
</kw>
<kw name="Dictionary Should Contain Key" owner="Collections">
<msg time="2024-05-02T04:16:41.903773" level="INFO">False</msg>
<arg>${json_data['results'][0]['login']}</arg>
<arg>${keyTwo}</arg>
<doc>Fails if ``key`` is not found from ``dictionary``.</doc>
<status status="PASS" start="2024-05-02T04:16:41.903028" elapsed="0.000809"/>
</kw>
<kw name="Log" owner="BuiltIn">
<msg time="2024-05-02T04:16:41.904459" level="INFO">password</msg>
<arg>${keyTwo}</arg>
<doc>Logs the given message with the given level.</doc>
<status status="PASS" start="2024-05-02T04:16:41.904279" elapsed="0.000243"/>
</kw>
<var name="${keyTwo}">password</var>
<status status="PASS" start="2024-05-02T04:16:41.901722" elapsed="0.003129"/>
</iter>
<var>${keyTwo}</var>
<value>@{expected_keysTwo}</value>
<status status="PASS" start="2024-05-02T04:16:41.898208" elapsed="0.006841"/>
</for>
<status status="PASS" start="2024-05-02T04:16:41.792655" elapsed="0.112632"/>
</kw>
<doc>Testa a estrutura da resposta da API.</doc>
<tag>testeEstruturaResposta</tag>
<status status="PASS" start="2024-05-02T04:16:41.792158" elapsed="0.113392"/>
</test>
<test id="s1-s1-t4" name="Validar tipos de dados" line="28">
<kw name="Teste de Tipos de Dados" owner="random-user-service">
<kw name="GET On Session" owner="RequestsLibrary">
<msg time="2024-05-02T04:16:41.982776" level="INFO">GET Request : url=https://randomuser.me/api 
 path_url=/api 
 headers={'User-Agent': 'python-requests/2.31.0', 'Accept-Encoding': 'gzip, deflate', 'Accept': '*/*', 'Connection': 'keep-alive'} 
 body=None 
 </msg>
<msg time="2024-05-02T04:16:41.982886" level="INFO">GET Response : url=https://randomuser.me/api 
 status=200, reason=OK 
 headers={'Date': 'Thu, 02 May 2024 04:16:41 GMT', 'Content-Type': 'application/json; charset=utf-8', 'Transfer-Encoding': 'chunked', 'Connection': 'keep-alive', 'X-Powered-By': 'Express', 'Access-Control-Allow-Origin': '*', 'Cache-Control': 'no-cache', 'ETag': 'W/"486-V1O8syFEHJzLX3kIwnTSu93kH/A"', 'Vary': 'Accept-Encoding', 'Content-Encoding': 'gzip', 'CF-Cache-Status': 'DYNAMIC', 'Report-To': '{"endpoints":[{"url":"https:\\/\\/a.nel.cloudflare.com\\/report\\/v4?s=HfLn5wRcCzI7SoWb2QU2qLo0NtnFR7p8eIR3xyJtBUxOPfnhAy7FXhcNGn40ZjDrKfQeGOjk6%2Bb1q8x12J%2FzZbc3y%2BiNK%2FtWy9QeuDd43wDShIS6%2FQ6yuR3VqVcYFauh"}],"group":"cf-nel","max_age":604800}', 'NEL': '{"success_fraction":0,"report_to":"cf-nel","max_age":604800}', 'Server': 'cloudflare', 'CF-RAY': '87d53285e84486e4-ORD', 'alt-svc': 'h3=":443"; ma=86400'} 
 body={"results":[{"gender":"male","name":{"title":"Mr","first":"Joffrey","last":"Rikkers"},"location":{"street":{"number":2350,"name":"Anerweg-Zuid"},"city":"Camerig","state":"Limburg","country":"Netherlands","postcode":"4176 ZS","coordinates":{"latitude":"37.7351","longitude":"-114.1467"},"timezone":{"offset":"-12:00","description":"Eniwetok, Kwajalein"}},"email":"joffrey.rikkers@example.com","login":{"uuid":"7903027e-86e2-4627-841b-815ea370ca25","username":"bigpanda556","password":"doomsday","salt":"Gx4kAiDV","md5":"054ed6f0862ab4323ab3f0a8b3a31c93","sha1":"91bf902c8c451e309d608746a94c13d014ddab41","sha256":"ecebfa1d278f8a16e9eea9eb6c9940d6a8d8f5e676b9924099d440e0afa2a61b"},"dob":{"date":"1948-03-25T15:31:20.954Z","age":76},"registered":{"date":"2009-04-24T22:17:24.110Z","age":15},"phone":"(0269) 355261","cell":"(06) 63811225","id":{"name":"BSN","value":"03869123"},"picture":{"large":"https://randomuser.me/api/portraits/men/91.jpg","medium":"https://randomuser.me/api/portraits/med/men/91.jpg","thumbnail":"https://randomuser.me/api/portraits/thumb/men/91.jpg"},"nat":"NL"}],"info":{"seed":"1b849e71059b03db","results":1,"page":1,"version":"1.4"}} 
 </msg>
<msg time="2024-05-02T04:16:41.982969" level="INFO">/opt/hostedtoolcache/Python/3.12.3/x64/lib/python3.12/site-packages/urllib3/connectionpool.py:1103: InsecureRequestWarning: Unverified HTTPS request is being made to host 'randomuser.me'. Adding certificate verification is strongly advised. See: https://urllib3.readthedocs.io/en/latest/advanced-usage.html#tls-warnings
  warnings.warn(</msg>
<msg time="2024-05-02T04:16:41.983095" level="INFO">${response} = &lt;Response [200]&gt;</msg>
<var>${response}</var>
<arg>consultarAPI</arg>
<arg>/api</arg>
<doc>Sends a GET request on a previously created HTTP Session.</doc>
<status status="PASS" start="2024-05-02T04:16:41.909683" elapsed="0.073453"/>
</kw>
<kw name="Set Variable" owner="BuiltIn">
<msg time="2024-05-02T04:16:41.984416" level="INFO">${json_data} = {'results': [{'gender': 'male', 'name': {'title': 'Mr', 'first': 'Joffrey', 'last': 'Rikkers'}, 'location': {'street': {'number': 2350, 'name': 'Anerweg-Zuid'}, 'city': 'Camerig', 'state': 'Limburg', ...</msg>
<var>${json_data}</var>
<arg>${response.json()}</arg>
<doc>Returns the given values which can then be assigned to a variables.</doc>
<status status="PASS" start="2024-05-02T04:16:41.983782" elapsed="0.000664"/>
</kw>
<kw name="Log" owner="BuiltIn">
<msg time="2024-05-02T04:16:41.984924" level="INFO">{'results': [{'gender': 'male', 'name': {'title': 'Mr', 'first': 'Joffrey', 'last': 'Rikkers'}, 'location': {'street': {'number': 2350, 'name': 'Anerweg-Zuid'}, 'city': 'Camerig', 'state': 'Limburg', 'country': 'Netherlands', 'postcode': '4176 ZS', 'coordinates': {'latitude': '37.7351', 'longitude': '-114.1467'}, 'timezone': {'offset': '-12:00', 'description': 'Eniwetok, Kwajalein'}}, 'email': 'joffrey.rikkers@example.com', 'login': {'uuid': '7903027e-86e2-4627-841b-815ea370ca25', 'username': 'bigpanda556', 'password': 'doomsday', 'salt': 'Gx4kAiDV', 'md5': '054ed6f0862ab4323ab3f0a8b3a31c93', 'sha1': '91bf902c8c451e309d608746a94c13d014ddab41', 'sha256': 'ecebfa1d278f8a16e9eea9eb6c9940d6a8d8f5e676b9924099d440e0afa2a61b'}, 'dob': {'date': '1948-03-25T15:31:20.954Z', 'age': 76}, 'registered': {'date': '2009-04-24T22:17:24.110Z', 'age': 15}, 'phone': '(0269) 355261', 'cell': '(06) 63811225', 'id': {'name': 'BSN', 'value': '03869123'}, 'picture': {'large': 'https://randomuser.me/api/portraits/men/91.jpg', 'medium': 'https://randomuser.me/api/portraits/med/men/91.jpg', 'thumbnail': 'https://randomuser.me/api/portraits/thumb/men/91.jpg'}, 'nat': 'NL'}], 'info': {'seed': '1b849e71059b03db', 'results': 1, 'page': 1, 'version': '1.4'}}</msg>
<arg>${json_data}</arg>
<doc>Logs the given message with the given level.</doc>
<status status="PASS" start="2024-05-02T04:16:41.984762" elapsed="0.000248"/>
</kw>
<kw name="Should Be String" owner="String">
<arg>${json_data['results'][0]['gender']}</arg>
<doc>Fails if the given ``item`` is not a string.</doc>
<status status="PASS" start="2024-05-02T04:16:41.985311" elapsed="0.000368"/>
</kw>
<kw name="Should Match Regexp" owner="BuiltIn">
<arg>${json_data['results'][0]['email']}</arg>
<arg>^[a-zA-Z0-9._%+-]+@[a-zA-Z0-9.-]+\.[a-zA-Z]{2,}$</arg>
<doc>Fails if ``string`` does not match ``pattern`` as a regular expression.</doc>
<status status="PASS" start="2024-05-02T04:16:41.985872" elapsed="0.000579"/>
</kw>
<kw name="Should Match Regexp" owner="BuiltIn">
<arg>${json_data['results'][0]['dob']['date']}</arg>
<arg>\\d{4}-\\d{2}-\\d{2}T\\d{2}:\\d{2}:\\d{2}\\.\\d{3}Z</arg>
<doc>Fails if ``string`` does not match ``pattern`` as a regular expression.</doc>
<status status="PASS" start="2024-05-02T04:16:41.986651" elapsed="0.000498"/>
</kw>
<kw name="Should Match Regexp" owner="BuiltIn">
<arg>${json_data['results'][0]['registered']['date']}</arg>
<arg>\\d{4}-\\d{2}-\\d{2}T\\d{2}:\\d{2}:\\d{2}\\.\\d{3}Z</arg>
<doc>Fails if ``string`` does not match ``pattern`` as a regular expression.</doc>
<status status="PASS" start="2024-05-02T04:16:41.987343" elapsed="0.000373"/>
</kw>
<kw name="Should Match Regexp" owner="BuiltIn">
<arg>${json_data['results'][0]['picture']['large']}</arg>
<arg>^https?://.*\.(?:png|jpe?g|gif|bmp)$</arg>
<doc>Fails if ``string`` does not match ``pattern`` as a regular expression.</doc>
<status status="PASS" start="2024-05-02T04:16:41.987907" elapsed="0.000465"/>
</kw>
<kw name="Should Match Regexp" owner="BuiltIn">
<arg>${json_data['results'][0]['picture']['medium']}</arg>
<arg>^https?://.*\.(?:png|jpe?g|gif|bmp)$</arg>
<doc>Fails if ``string`` does not match ``pattern`` as a regular expression.</doc>
<status status="PASS" start="2024-05-02T04:16:41.988562" elapsed="0.000362"/>
</kw>
<kw name="Should Match Regexp" owner="BuiltIn">
<arg>${json_data['results'][0]['picture']['thumbnail']}</arg>
<arg>^https?://.*\.(?:png|jpe?g|gif|bmp)$</arg>
<doc>Fails if ``string`` does not match ``pattern`` as a regular expression.</doc>
<status status="PASS" start="2024-05-02T04:16:41.989113" elapsed="0.000352"/>
</kw>
<kw name="Log" owner="BuiltIn">
<msg time="2024-05-02T04:16:41.989966" level="INFO">{'large': 'https://randomuser.me/api/portraits/men/91.jpg', 'medium': 'https://randomuser.me/api/portraits/med/men/91.jpg', 'thumbnail': 'https://randomuser.me/api/portraits/thumb/men/91.jpg'}</msg>
<arg>${json_data['results'][0]['picture']}</arg>
<doc>Logs the given message with the given level.</doc>
<status status="PASS" start="2024-05-02T04:16:41.989645" elapsed="0.000364"/>
</kw>
<status status="PASS" start="2024-05-02T04:16:41.909330" elapsed="0.080939"/>
</kw>
<kw name="Teste de Tipos de Dados - Postcode" owner="random-user-service">
<kw name="GET On Session" owner="RequestsLibrary">
<msg time="2024-05-02T04:16:42.083039" level="INFO">GET Request : url=https://randomuser.me/api 
 path_url=/api 
 headers={'User-Agent': 'python-requests/2.31.0', 'Accept-Encoding': 'gzip, deflate', 'Accept': '*/*', 'Connection': 'keep-alive'} 
 body=None 
 </msg>
<msg time="2024-05-02T04:16:42.083155" level="INFO">GET Response : url=https://randomuser.me/api 
 status=200, reason=OK 
 headers={'Date': 'Thu, 02 May 2024 04:16:42 GMT', 'Content-Type': 'application/json; charset=utf-8', 'Transfer-Encoding': 'chunked', 'Connection': 'keep-alive', 'X-Powered-By': 'Express', 'Access-Control-Allow-Origin': '*', 'Cache-Control': 'no-cache', 'ETag': 'W/"4a5-U94Oyf1l5HMh3N8OM11qCZ7pFCk"', 'Vary': 'Accept-Encoding', 'Content-Encoding': 'gzip', 'CF-Cache-Status': 'DYNAMIC', 'Report-To': '{"endpoints":[{"url":"https:\\/\\/a.nel.cloudflare.com\\/report\\/v4?s=9%2Bgl%2BkMI3MBWJHsOEoXy0rD2CD%2FdsKoCJ%2BRVkCMT6j5rX%2BaID5n4zEnHbLBmV7BmDUD9U5zms%2F695ehrgHbPzReO8nWLE6E1XXKOYxywm7fTYvKWIkYzBPDlbg%2FUGUDr"}],"group":"cf-nel","max_age":604800}', 'NEL': '{"success_fraction":0,"report_to":"cf-nel","max_age":604800}', 'Server': 'cloudflare', 'CF-RAY': '87d5328668a186e4-ORD', 'alt-svc': 'h3=":443"; ma=86400'} 
 body={"results":[{"gender":"male","name":{"title":"Mr","first":"امیر","last":"موسوی"},"location":{"street":{"number":174,"name":"شهید کامبیز خشی"},"city":"ساری","state":"آذربایجان شرقی","country":"Iran","postcode":74362,"coordinates":{"latitude":"20.0002","longitude":"-160.9196"},"timezone":{"offset":"+10:00","description":"Eastern Australia, Guam, Vladivostok"}},"email":"myr.mwswy@example.com","login":{"uuid":"3af0870b-2299-4703-b8dc-ea50e75e52b9","username":"ticklishrabbit933","password":"listen","salt":"llKJCaoD","md5":"4350e10e1dd3d12a7fe1b5a18759829f","sha1":"959a99134b6d514f81e4b1de20e70b1053d0afd5","sha256":"3a2a355114b8e39d200202dd60c752d06f477fb2ec506a43622c9e21a7f2adf3"},"dob":{"date":"1981-12-30T20:29:03.533Z","age":42},"registered":{"date":"2009-02-09T03:23:44.283Z","age":15},"phone":"094-38317524","cell":"0985-331-7300","id":{"name":"","value":null},"picture":{"large":"https://randomuser.me/api/portraits/men/2.jpg","medium":"https://randomuser.me/api/portraits/med/men/2.jpg","thumbnail":"https://randomuser.me/api/portraits/thumb/men/2.jpg"},"nat":"IR"}],"info":{"seed":"a44acba229d104c5","results":1,"page":1,"version":"1.4"}} 
 </msg>
<msg time="2024-05-02T04:16:42.083241" level="INFO">/opt/hostedtoolcache/Python/3.12.3/x64/lib/python3.12/site-packages/urllib3/connectionpool.py:1103: InsecureRequestWarning: Unverified HTTPS request is being made to host 'randomuser.me'. Adding certificate verification is strongly advised. See: https://urllib3.readthedocs.io/en/latest/advanced-usage.html#tls-warnings
  warnings.warn(</msg>
<msg time="2024-05-02T04:16:42.083392" level="INFO">${response} = &lt;Response [200]&gt;</msg>
<var>${response}</var>
<arg>consultarAPI</arg>
<arg>/api</arg>
<doc>Sends a GET request on a previously created HTTP Session.</doc>
<status status="PASS" start="2024-05-02T04:16:41.990776" elapsed="0.092662"/>
</kw>
<kw name="Set Variable" owner="BuiltIn">
<msg time="2024-05-02T04:16:42.084716" level="INFO">${json_data} = {'results': [{'gender': 'male', 'name': {'title': 'Mr', 'first': 'امیر', 'last': 'موسوی'}, 'location': {'street': {'number': 174, 'name': 'شهید کامبیز خشی'}, 'city': 'ساری', 'state': 'آذربایجان شرقی',...</msg>
<var>${json_data}</var>
<arg>${response.json()}</arg>
<doc>Returns the given values which can then be assigned to a variables.</doc>
<status status="PASS" start="2024-05-02T04:16:42.084116" elapsed="0.000631"/>
</kw>
<kw name="Log" owner="BuiltIn">
<msg time="2024-05-02T04:16:42.085221" level="INFO">{'results': [{'gender': 'male', 'name': {'title': 'Mr', 'first': 'امیر', 'last': 'موسوی'}, 'location': {'street': {'number': 174, 'name': 'شهید کامبیز خشی'}, 'city': 'ساری', 'state': 'آذربایجان شرقی', 'country': 'Iran', 'postcode': 74362, 'coordinates': {'latitude': '20.0002', 'longitude': '-160.9196'}, 'timezone': {'offset': '+10:00', 'description': 'Eastern Australia, Guam, Vladivostok'}}, 'email': 'myr.mwswy@example.com', 'login': {'uuid': '3af0870b-2299-4703-b8dc-ea50e75e52b9', 'username': 'ticklishrabbit933', 'password': 'listen', 'salt': 'llKJCaoD', 'md5': '4350e10e1dd3d12a7fe1b5a18759829f', 'sha1': '959a99134b6d514f81e4b1de20e70b1053d0afd5', 'sha256': '3a2a355114b8e39d200202dd60c752d06f477fb2ec506a43622c9e21a7f2adf3'}, 'dob': {'date': '1981-12-30T20:29:03.533Z', 'age': 42}, 'registered': {'date': '2009-02-09T03:23:44.283Z', 'age': 15}, 'phone': '094-38317524', 'cell': '0985-331-7300', 'id': {'name': '', 'value': None}, 'picture': {'large': 'https://randomuser.me/api/portraits/men/2.jpg', 'medium': 'https://randomuser.me/api/portraits/med/men/2.jpg', 'thumbnail': 'https://randomuser.me/api/portraits/thumb/men/2.jpg'}, 'nat': 'IR'}], 'info': {'seed': 'a44acba229d104c5', 'results': 1, 'page': 1, 'version': '1.4'}}</msg>
<arg>${json_data}</arg>
<doc>Logs the given message with the given level.</doc>
<status status="PASS" start="2024-05-02T04:16:42.085058" elapsed="0.000248"/>
</kw>
<kw name="Should Be Equal As Numbers" owner="BuiltIn">
<arg>${json_data['results'][0]['location']['postcode']}</arg>
<arg>${json_data['results'][0]['location']['postcode']}</arg>
<doc>Fails if objects are unequal after converting them to real numbers.</doc>
<status status="PASS" start="2024-05-02T04:16:42.085609" elapsed="0.000877"/>
</kw>
<kw name="Log" owner="BuiltIn">
<msg time="2024-05-02T04:16:42.087022" level="INFO">74362</msg>
<arg>${json_data['results'][0]['location']['postcode']}</arg>
<doc>Logs the given message with the given level.</doc>
<status status="PASS" start="2024-05-02T04:16:42.086682" elapsed="0.000382"/>
</kw>
<status status="PASS" start="2024-05-02T04:16:41.990536" elapsed="0.096787"/>
</kw>
<doc>Testa se os tipos de dados na resposta da API estão corretos.</doc>
<tag>testeTiposDados</tag>
<status status="PASS" start="2024-05-02T04:16:41.908635" elapsed="0.178860"/>
</test>
<test id="s1-s1-t5" name="Validar conteudo" line="35">
<kw name="Teste de Tipos de Conteudo" owner="random-user-service">
<kw name="GET On Session" owner="RequestsLibrary">
<msg time="2024-05-02T04:16:42.187095" level="INFO">GET Request : url=https://randomuser.me/api 
 path_url=/api 
 headers={'User-Agent': 'python-requests/2.31.0', 'Accept-Encoding': 'gzip, deflate', 'Accept': '*/*', 'Connection': 'keep-alive'} 
 body=None 
 </msg>
<msg time="2024-05-02T04:16:42.187198" level="INFO">GET Response : url=https://randomuser.me/api 
 status=200, reason=OK 
 headers={'Date': 'Thu, 02 May 2024 04:16:42 GMT', 'Content-Type': 'application/json; charset=utf-8', 'Transfer-Encoding': 'chunked', 'Connection': 'keep-alive', 'X-Powered-By': 'Express', 'Access-Control-Allow-Origin': '*', 'Cache-Control': 'no-cache', 'ETag': 'W/"488-dnehYTxle21rOoDuO6DIIkT3inM"', 'Vary': 'Accept-Encoding', 'Content-Encoding': 'gzip', 'CF-Cache-Status': 'DYNAMIC', 'Report-To': '{"endpoints":[{"url":"https:\\/\\/a.nel.cloudflare.com\\/report\\/v4?s=DTrFqpmMPEB9fa2a41A5iq3%2B7LZeCaXNk2kwWTk9yJLNGWLqlLMeWxgvp4OUEjYU9v4OmcicGaUZDbwhc6bxT2b9%2F6Td79RwKES3OIBdQCS4XV0kyVrm6U%2Bs4qpb9UXX"}],"group":"cf-nel","max_age":604800}', 'NEL': '{"success_fraction":0,"report_to":"cf-nel","max_age":604800}', 'Server': 'cloudflare', 'CF-RAY': '87d53287092b86e4-ORD', 'alt-svc': 'h3=":443"; ma=86400'} 
 body={"results":[{"gender":"male","name":{"title":"Mr","first":"Adolfo","last":"Peña"},"location":{"street":{"number":2347,"name":"Calle Mota"},"city":"Lorca","state":"Extremadura","country":"Spain","postcode":76565,"coordinates":{"latitude":"-38.3727","longitude":"-29.1794"},"timezone":{"offset":"+9:00","description":"Tokyo, Seoul, Osaka, Sapporo, Yakutsk"}},"email":"adolfo.pena@example.com","login":{"uuid":"0bd3d79b-9f0c-4715-b49c-91ed08caa643","username":"organicrabbit658","password":"cristina","salt":"J0cXChu7","md5":"098e5d5eca5c645de3a34871ef593616","sha1":"05f9d5c6db8d33d5a7e1f19f4a2edd7e3393f476","sha256":"785b63ac9f925dbd988b4b1d2f9c133e7d87281bcb45572c8d8171efa57dfab8"},"dob":{"date":"1950-07-01T01:38:17.756Z","age":73},"registered":{"date":"2020-02-04T17:21:09.880Z","age":4},"phone":"905-766-322","cell":"603-618-901","id":{"name":"DNI","value":"75627753-A"},"picture":{"large":"https://randomuser.me/api/portraits/men/83.jpg","medium":"https://randomuser.me/api/portraits/med/men/83.jpg","thumbnail":"https://randomuser.me/api/portraits/thumb/men/83.jpg"},"nat":"ES"}],"info":{"seed":"aff47c973c582ba3","results":1,"page":1,"version":"1.4"}} 
 </msg>
<msg time="2024-05-02T04:16:42.187271" level="INFO">/opt/hostedtoolcache/Python/3.12.3/x64/lib/python3.12/site-packages/urllib3/connectionpool.py:1103: InsecureRequestWarning: Unverified HTTPS request is being made to host 'randomuser.me'. Adding certificate verification is strongly advised. See: https://urllib3.readthedocs.io/en/latest/advanced-usage.html#tls-warnings
  warnings.warn(</msg>
<msg time="2024-05-02T04:16:42.187396" level="INFO">${response} = &lt;Response [200]&gt;</msg>
<var>${response}</var>
<arg>consultarAPI</arg>
<arg>/api</arg>
<doc>Sends a GET request on a previously created HTTP Session.</doc>
<status status="PASS" start="2024-05-02T04:16:42.090051" elapsed="0.097384"/>
</kw>
<kw name="Set Variable" owner="BuiltIn">
<msg time="2024-05-02T04:16:42.188638" level="INFO">${json_data} = {'results': [{'gender': 'male', 'name': {'title': 'Mr', 'first': 'Adolfo', 'last': 'Peña'}, 'location': {'street': {'number': 2347, 'name': 'Calle Mota'}, 'city': 'Lorca', 'state': 'Extremadura', 'cou...</msg>
<var>${json_data}</var>
<arg>${response.json()}</arg>
<doc>Returns the given values which can then be assigned to a variables.</doc>
<status status="PASS" start="2024-05-02T04:16:42.188068" elapsed="0.000599"/>
</kw>
<kw name="Set Variable" owner="BuiltIn">
<msg time="2024-05-02T04:16:42.189359" level="INFO">${name_title} = Mr</msg>
<var>${name_title}</var>
<arg>${json_data["results"][0]["name"]["title"]}</arg>
<doc>Returns the given values which can then be assigned to a variables.</doc>
<status status="PASS" start="2024-05-02T04:16:42.188972" elapsed="0.000412"/>
</kw>
<kw name="Create List" owner="BuiltIn">
<msg time="2024-05-02T04:16:42.189825" level="INFO">${allowed_titles} = ['Mr', 'Ms', 'Miss', 'Mrs', 'Madame', 'Monsieur']</msg>
<var>${allowed_titles}</var>
<arg>Mr</arg>
<arg>Ms</arg>
<arg>Miss</arg>
<arg>Mrs</arg>
<arg>Madame</arg>
<arg>Monsieur</arg>
<doc>Returns a list containing given items.</doc>
<status status="PASS" start="2024-05-02T04:16:42.189678" elapsed="0.000171"/>
</kw>
<kw name="List Should Contain Value" owner="Collections">
<msg time="2024-05-02T04:16:42.190350" level="INFO">False</msg>
<arg>${allowed_titles}</arg>
<arg>${name_title}</arg>
<doc>Fails if the ``value`` is not found from ``list``.</doc>
<status status="PASS" start="2024-05-02T04:16:42.190140" elapsed="0.000256"/>
</kw>
<kw name="Set Variable" owner="BuiltIn">
<msg time="2024-05-02T04:16:42.191072" level="INFO">${name_country} = ES</msg>
<var>${name_country}</var>
<arg>${json_data["results"][0]["nat"]}</arg>
<doc>Returns the given values which can then be assigned to a variables.</doc>
<status status="PASS" start="2024-05-02T04:16:42.190695" elapsed="0.000401"/>
</kw>
<kw name="Create List" owner="BuiltIn">
<msg time="2024-05-02T04:16:42.191978" level="INFO">${list_country} = ['AD', 'AE', 'AF', 'AG', 'AI', 'AL', 'AM', 'AO', 'AQ', 'AR', 'AS', 'AT', 'AU', 'AW', 'AX', 'AZ', 'BA', 'BB', 'BD', 'BE', 'BF', 'BG', 'BH', 'BI', 'BJ', 'BL', 'BM', 'BN', 'BO', 'BQ', 'BR', 'BS', 'BT', '...</msg>
<var>${list_country}</var>
<arg>AD</arg>
<arg>AE</arg>
<arg>AF</arg>
<arg>AG</arg>
<arg>AI</arg>
<arg>AL</arg>
<arg>AM</arg>
<arg>AO</arg>
<arg>AQ</arg>
<arg>AR</arg>
<arg>AS</arg>
<arg>AT</arg>
<arg>AU</arg>
<arg>AW</arg>
<arg>AX</arg>
<arg>AZ</arg>
<arg>BA</arg>
<arg>BB</arg>
<arg>BD</arg>
<arg>BE</arg>
<arg>BF</arg>
<arg>BG</arg>
<arg>BH</arg>
<arg>BI</arg>
<arg>BJ</arg>
<arg>BL</arg>
<arg>BM</arg>
<arg>BN</arg>
<arg>BO</arg>
<arg>BQ</arg>
<arg>BR</arg>
<arg>BS</arg>
<arg>BT</arg>
<arg>BV</arg>
<arg>BW</arg>
<arg>BY</arg>
<arg>BZ</arg>
<arg>CA</arg>
<arg>CC</arg>
<arg>CD</arg>
<arg>CF</arg>
<arg>CG</arg>
<arg>CH</arg>
<arg>CI</arg>
<arg>CK</arg>
<arg>CL</arg>
<arg>CM</arg>
<arg>CN</arg>
<arg>CO</arg>
<arg>CR</arg>
<arg>CU</arg>
<arg>CV</arg>
<arg>CW</arg>
<arg>CX</arg>
<arg>CY</arg>
<arg>CZ</arg>
<arg>DE</arg>
<arg>DJ</arg>
<arg>DK</arg>
<arg>DM</arg>
<arg>DO</arg>
<arg>DZ</arg>
<arg>EC</arg>
<arg>EE</arg>
<arg>EG</arg>
<arg>EH</arg>
<arg>ER</arg>
<arg>ES</arg>
<arg>ET</arg>
<arg>FI</arg>
<arg>FJ</arg>
<arg>FK</arg>
<arg>FM</arg>
<arg>FO</arg>
<arg>FR</arg>
<arg>GA</arg>
<arg>GB</arg>
<arg>GD</arg>
<arg>GE</arg>
<arg>GF</arg>
<arg>GG</arg>
<arg>GH</arg>
<arg>GI</arg>
<arg>GL</arg>
<arg>GM</arg>
<arg>GN</arg>
<arg>GP</arg>
<arg>GQ</arg>
<arg>GR</arg>
<arg>GS</arg>
<arg>GT</arg>
<arg>GU</arg>
<arg>GW</arg>
<arg>GY</arg>
<arg>HK</arg>
<arg>HM</arg>
<arg>HN</arg>
<arg>HR</arg>
<arg>HT</arg>
<arg>HU</arg>
<arg>ID</arg>
<arg>IE</arg>
<arg>IL</arg>
<arg>IM</arg>
<arg>IN</arg>
<arg>IO</arg>
<arg>IQ</arg>
<arg>IR</arg>
<arg>IS</arg>
<arg>IT</arg>
<arg>JE</arg>
<arg>JM</arg>
<arg>JO</arg>
<arg>JP</arg>
<arg>KE</arg>
<arg>KG</arg>
<arg>KH</arg>
<arg>KI</arg>
<arg>KM</arg>
<arg>KN</arg>
<arg>KP</arg>
<arg>KR</arg>
<arg>KW</arg>
<arg>KY</arg>
<arg>KZ</arg>
<arg>LA</arg>
<arg>LB</arg>
<arg>LC</arg>
<arg>LI</arg>
<arg>LK</arg>
<arg>LR</arg>
<arg>LS</arg>
<arg>LT</arg>
<arg>LU</arg>
<arg>LV</arg>
<arg>LY</arg>
<arg>MA</arg>
<arg>MC</arg>
<arg>MD</arg>
<arg>ME</arg>
<arg>MF</arg>
<arg>MG</arg>
<arg>MH</arg>
<arg>MK</arg>
<arg>ML</arg>
<arg>MM</arg>
<arg>MN</arg>
<arg>MO</arg>
<arg>MP</arg>
<arg>MQ</arg>
<arg>MR</arg>
<arg>MS</arg>
<arg>MT</arg>
<arg>MU</arg>
<arg>MV</arg>
<arg>MW</arg>
<arg>MX</arg>
<arg>MY</arg>
<arg>MZ</arg>
<arg>NA</arg>
<arg>NC</arg>
<arg>NE</arg>
<arg>NF</arg>
<arg>NG</arg>
<arg>NI</arg>
<arg>NL</arg>
<arg>NO</arg>
<arg>NP</arg>
<arg>NR</arg>
<arg>NU</arg>
<arg>NZ</arg>
<arg>OM</arg>
<arg>PA</arg>
<arg>PE</arg>
<arg>PF</arg>
<arg>PG</arg>
<arg>PH</arg>
<arg>PK</arg>
<arg>PL</arg>
<arg>PM</arg>
<arg>PN</arg>
<arg>PR</arg>
<arg>PS</arg>
<arg>PT</arg>
<arg>PW</arg>
<arg>PY</arg>
<arg>QA</arg>
<arg>RE</arg>
<arg>RO</arg>
<arg>RS</arg>
<arg>RU</arg>
<arg>RW</arg>
<arg>SA</arg>
<arg>SB</arg>
<arg>SC</arg>
<arg>SD</arg>
<arg>SE</arg>
<arg>SG</arg>
<arg>SH</arg>
<arg>SI</arg>
<arg>SJ</arg>
<arg>SK</arg>
<arg>SL</arg>
<arg>SM</arg>
<arg>SN</arg>
<arg>SO</arg>
<arg>SR</arg>
<arg>SS</arg>
<arg>ST</arg>
<arg>SV</arg>
<arg>SX</arg>
<arg>SY</arg>
<arg>SZ</arg>
<arg>TC</arg>
<arg>TD</arg>
<arg>TF</arg>
<arg>TG</arg>
<arg>TH</arg>
<arg>TJ</arg>
<arg>TK</arg>
<arg>TL</arg>
<arg>TM</arg>
<arg>TN</arg>
<arg>TO</arg>
<arg>TR</arg>
<arg>TT</arg>
<arg>TV</arg>
<arg>TW</arg>
<arg>TZ</arg>
<arg>UA</arg>
<arg>UG</arg>
<arg>UM</arg>
<arg>US</arg>
<arg>UY</arg>
<arg>UZ</arg>
<arg>VA</arg>
<arg>VC</arg>
<arg>VE</arg>
<arg>VG</arg>
<arg>VI</arg>
<arg>VN</arg>
<arg>VU</arg>
<arg>WF</arg>
<arg>WS</arg>
<arg>XK</arg>
<arg>YE</arg>
<arg>YT</arg>
<arg>ZA</arg>
<arg>ZM</arg>
<arg>ZW</arg>
<doc>Returns a list containing given items.</doc>
<status status="PASS" start="2024-05-02T04:16:42.191390" elapsed="0.000613"/>
</kw>
<kw name="List Should Contain Value" owner="Collections">
<msg time="2024-05-02T04:16:42.192995" level="INFO">False</msg>
<arg>${list_country}</arg>
<arg>${name_country}</arg>
<doc>Fails if the ``value`` is not found from ``list``.</doc>
<status status="PASS" start="2024-05-02T04:16:42.192796" elapsed="0.000235"/>
</kw>
<kw name="Run Keyword If" owner="BuiltIn">
<kw name="Should Be True" owner="BuiltIn">
<arg>${True}</arg>
<doc>Fails if the given condition is not true.</doc>
<status status="PASS" start="2024-05-02T04:16:42.194091" elapsed="0.000152"/>
</kw>
<arg>${json_data["results"][0]["location"]["coordinates"]["latitude"]} &gt;= -90 and ${json_data["results"][0]["location"]["coordinates"]["latitude"]} &lt;= 90</arg>
<arg>Should Be True</arg>
<arg>${True}</arg>
<doc>Runs the given keyword with the given arguments, if ``condition`` is true.</doc>
<status status="PASS" start="2024-05-02T04:16:42.193338" elapsed="0.001072"/>
</kw>
<kw name="Run Keyword If" owner="BuiltIn">
<kw name="Should Be True" owner="BuiltIn">
<arg>${True}</arg>
<doc>Fails if the given condition is not true.</doc>
<status status="PASS" start="2024-05-02T04:16:42.195289" elapsed="0.000260"/>
</kw>
<arg>${json_data["results"][0]["location"]["coordinates"]["longitude"]} &gt;= -180 and ${json_data["results"][0]["location"]["coordinates"]["longitude"]} &lt;= 180</arg>
<arg>Should Be True</arg>
<arg>${True}</arg>
<doc>Runs the given keyword with the given arguments, if ``condition`` is true.</doc>
<status status="PASS" start="2024-05-02T04:16:42.194596" elapsed="0.001079"/>
</kw>
<status status="PASS" start="2024-05-02T04:16:42.089818" elapsed="0.105988"/>
</kw>
<doc>Testa o conteúdo específico dos campos retornados pela API.</doc>
<tag>testeConteudo</tag>
<status status="PASS" start="2024-05-02T04:16:42.089273" elapsed="0.106682"/>
</test>
<status status="PASS" start="2024-05-02T04:16:41.243059" elapsed="0.955075"/>
</suite>
<status status="PASS" start="2024-05-02T04:16:41.229310" elapsed="0.974033"/>
</suite>
<statistics>
<total>
<stat pass="5" fail="0" skip="0">All Tests</stat>
</total>
<tag>
<stat pass="1" fail="0" skip="0">testeConteudo</stat>
<stat pass="1" fail="0" skip="0">testeEstruturaResposta</stat>
<stat pass="1" fail="0" skip="0">testeRequisicaoBasica</stat>
<stat pass="1" fail="0" skip="0">testeTiposDados</stat>
</tag>
<suite>
<stat pass="5" fail="0" skip="0" id="s1" name="Tests">Tests</stat>
<stat pass="5" fail="0" skip="0" id="s1-s1" name="Random-User-Test">Tests.Random-User-Test</stat>
</suite>
</statistics>
<errors>
</errors>
</robot>
