<?xml version="1.0" encoding="UTF-8"?>
<robot generator="Robot 7.0.1 (Python 3.12.4 on linux)" generated="2024-06-23T17:13:05.081166" rpa="false" schemaversion="5">
<suite id="s1" name="Tests" source="/home/runner/work/ApiRandomUser/ApiRandomUser/RamdonUser/tests">
<suite id="s1-s1" name="Random-User-Test" source="/home/runner/work/ApiRandomUser/ApiRandomUser/RamdonUser/tests/random-user-test.robot">
<test id="s1-s1-t1" name="Conectar" line="13">
<kw name="Conectar API" owner="random-user-service">
<kw name="Create Session" owner="RequestsLibrary">
<msg time="2024-06-23T17:13:05.497831" level="INFO">Creating Session using : alias=consultarAPI, url=https://randomuser.me/, headers={},                     cookies={}, auth=None, timeout=None, proxies=None, verify=False,                     debug=0 </msg>
<arg>consultarAPI</arg>
<arg>${URL}</arg>
<doc>Create Session: create a HTTP session to a server</doc>
<status status="PASS" start="2024-06-23T17:13:05.497587" elapsed="0.000419"/>
</kw>
<status status="PASS" start="2024-06-23T17:13:05.496621" elapsed="0.001765"/>
</kw>
<status status="PASS" start="2024-06-23T17:13:05.495911" elapsed="0.002684"/>
</test>
<test id="s1-s1-t2" name="Validar retorno 200 e JSON Válido" line="16">
<kw name="Teste de Requisicao Basica" owner="random-user-service">
<kw name="GET On Session" owner="RequestsLibrary">
<msg time="2024-06-23T17:13:05.630478" level="INFO">GET Request : url=https://randomuser.me/api 
 path_url=/api 
 headers={'User-Agent': 'python-requests/2.32.3', 'Accept-Encoding': 'gzip, deflate', 'Accept': '*/*', 'Connection': 'keep-alive'} 
 body=None 
 </msg>
<msg time="2024-06-23T17:13:05.630612" level="INFO">GET Response : url=https://randomuser.me/api 
 status=200, reason=OK 
 headers={'Date': 'Sun, 23 Jun 2024 17:13:05 GMT', 'Content-Type': 'application/json; charset=utf-8', 'Transfer-Encoding': 'chunked', 'Connection': 'keep-alive', 'X-Powered-By': 'Express', 'Access-Control-Allow-Origin': '*', 'Cache-Control': 'no-cache', 'ETag': 'W/"474-142mQjdTss4p5IqyDYg8DymlwmI"', 'Vary': 'Accept-Encoding', 'Content-Encoding': 'gzip', 'CF-Cache-Status': 'DYNAMIC', 'Report-To': '{"endpoints":[{"url":"https:\\/\\/a.nel.cloudflare.com\\/report\\/v4?s=GhFDyoM%2Fz13FtsJe2tpzfglzYlkO9MGH6rMjzEXxVhIYEd9M5S1Y5RYMAz6ZS%2FCa2GTrWhGJyHCojBytSCJaLpgZcpEZn1kcMCIiU2LzZBMKXbN0i%2Bsxb9gpwHftw9be"}],"group":"cf-nel","max_age":604800}', 'NEL': '{"success_fraction":0,"report_to":"cf-nel","max_age":604800}', 'Server': 'cloudflare', 'CF-RAY': '89861b51abf4158a-SJC', 'alt-svc': 'h3=":443"; ma=86400'} 
 body={"results":[{"gender":"male","name":{"title":"Mr","first":"Juvenal","last":"Rezende"},"location":{"street":{"number":8295,"name":"Rua Onze "},"city":"Marília","state":"Pernambuco","country":"Brazil","postcode":87839,"coordinates":{"latitude":"-78.3780","longitude":"-4.6955"},"timezone":{"offset":"-9:00","description":"Alaska"}},"email":"juvenal.rezende@example.com","login":{"uuid":"9d1d789d-4538-4459-86b8-b0edcb0bda11","username":"sadleopard761","password":"gina","salt":"rumIsuMX","md5":"61ffcf1cdffc78040634948f71891468","sha1":"95920a08cfa2401a179042c17b782e27af66c6f4","sha256":"47f65a923a1856dfd4293f4be7790c5a9c5c6ce5ddbcc72ad79fdbd9238ebbc0"},"dob":{"date":"1945-06-23T23:44:49.662Z","age":78},"registered":{"date":"2019-12-15T07:34:32.077Z","age":4},"phone":"(77) 0786-1061","cell":"(06) 4117-1774","id":{"name":"CPF","value":"067.475.534-51"},"picture":{"large":"https://randomuser.me/api/portraits/men/82.jpg","medium":"https://randomuser.me/api/portraits/med/men/82.jpg","thumbnail":"https://randomuser.me/api/portraits/thumb/men/82.jpg"},"nat":"BR"}],"info":{"seed":"f48bd5a0ad5796a3","results":1,"page":1,"version":"1.4"}} 
 </msg>
<msg time="2024-06-23T17:13:05.630700" level="INFO">/opt/hostedtoolcache/Python/3.12.4/x64/lib/python3.12/site-packages/urllib3/connectionpool.py:1099: InsecureRequestWarning: Unverified HTTPS request is being made to host 'randomuser.me'. Adding certificate verification is strongly advised. See: https://urllib3.readthedocs.io/en/latest/advanced-usage.html#tls-warnings
  warnings.warn(</msg>
<msg time="2024-06-23T17:13:05.630834" level="INFO">${response} = &lt;Response [200]&gt;</msg>
<var>${response}</var>
<arg>consultarAPI</arg>
<arg>/api</arg>
<doc>Sends a GET request on a previously created HTTP Session.</doc>
<status status="PASS" start="2024-06-23T17:13:05.501988" elapsed="0.128886"/>
</kw>
<kw name="Should Be Equal As Numbers" owner="BuiltIn">
<msg time="2024-06-23T17:13:05.631882" level="INFO">Argument types are:
&lt;class 'int'&gt;
&lt;class 'str'&gt;</msg>
<arg>${response.status_code}</arg>
<arg>200</arg>
<doc>Fails if objects are unequal after converting them to real numbers.</doc>
<status status="PASS" start="2024-06-23T17:13:05.631397" elapsed="0.000547"/>
</kw>
<kw name="Log" owner="BuiltIn">
<msg time="2024-06-23T17:13:05.632584" level="INFO">200</msg>
<arg>${response.status_code}</arg>
<doc>Logs the given message with the given level.</doc>
<status status="PASS" start="2024-06-23T17:13:05.632251" elapsed="0.000373"/>
</kw>
<kw name="Set Variable" owner="BuiltIn">
<msg time="2024-06-23T17:13:05.633346" level="INFO">${json_data} = {'results': [{'gender': 'male', 'name': {'title': 'Mr', 'first': 'Juvenal', 'last': 'Rezende'}, 'location': {'street': {'number': 8295, 'name': 'Rua Onze '}, 'city': 'Marília', 'state': 'Pernambuco', ...</msg>
<var>${json_data}</var>
<arg>${response.json()}</arg>
<doc>Returns the given values which can then be assigned to a variables.</doc>
<status status="PASS" start="2024-06-23T17:13:05.632917" elapsed="0.000457"/>
</kw>
<kw name="Dictionary Should Contain Key" owner="Collections">
<arg>${json_data}</arg>
<arg>results</arg>
<doc>Fails if ``key`` is not found from ``dictionary``.</doc>
<status status="PASS" start="2024-06-23T17:13:05.633666" elapsed="0.000192"/>
</kw>
<status status="PASS" start="2024-06-23T17:13:05.501646" elapsed="0.132356"/>
</kw>
<doc>Testa se a API responde corretamente e retorna um objeto JSON válido.</doc>
<tag>testeRequisicaoBasica</tag>
<status status="PASS" start="2024-06-23T17:13:05.501046" elapsed="0.133112"/>
</test>
<test id="s1-s1-t3" name="Validar estrutura de resposta" line="22">
<kw name="Teste de Estrutura de Resposta" owner="random-user-service">
<kw name="GET On Session" owner="RequestsLibrary">
<msg time="2024-06-23T17:13:05.732627" level="INFO">GET Request : url=https://randomuser.me/api 
 path_url=/api 
 headers={'User-Agent': 'python-requests/2.32.3', 'Accept-Encoding': 'gzip, deflate', 'Accept': '*/*', 'Connection': 'keep-alive'} 
 body=None 
 </msg>
<msg time="2024-06-23T17:13:05.732694" level="INFO">GET Response : url=https://randomuser.me/api 
 status=200, reason=OK 
 headers={'Date': 'Sun, 23 Jun 2024 17:13:05 GMT', 'Content-Type': 'application/json; charset=utf-8', 'Transfer-Encoding': 'chunked', 'Connection': 'keep-alive', 'X-Powered-By': 'Express', 'Access-Control-Allow-Origin': '*', 'Cache-Control': 'no-cache', 'ETag': 'W/"472-t3j6SBDwBkH+Uiz43AFtaqIgElc"', 'Vary': 'Accept-Encoding', 'Content-Encoding': 'gzip', 'CF-Cache-Status': 'DYNAMIC', 'Report-To': '{"endpoints":[{"url":"https:\\/\\/a.nel.cloudflare.com\\/report\\/v4?s=e3fuWO5fNuNzLTKJaCRD0T63IU9r2L9h37BYKikEr4SjgO%2BxwpRKt2CxYr4VXKGjZuAUVsjvL%2BGgWj4yhN3b3xzZYkJ%2BPjVFVDHczNPAv9PxGbrZDE4bnFUaucsxot%2Bt"}],"group":"cf-nel","max_age":604800}', 'NEL': '{"success_fraction":0,"report_to":"cf-nel","max_age":604800}', 'Server': 'cloudflare', 'CF-RAY': '89861b523c5f158a-SJC', 'alt-svc': 'h3=":443"; ma=86400'} 
 body={"results":[{"gender":"female","name":{"title":"Ms","first":"Georgia","last":"Chen"},"location":{"street":{"number":5256,"name":"Universal Drive"},"city":"Dunedin","state":"Auckland","country":"New Zealand","postcode":57264,"coordinates":{"latitude":"52.8981","longitude":"63.5437"},"timezone":{"offset":"+3:30","description":"Tehran"}},"email":"georgia.chen@example.com","login":{"uuid":"50e98e20-8ccb-446c-a882-b4c44bfe717c","username":"blackpanda356","password":"krishna","salt":"UWRrzV6H","md5":"a7ce257a03d955facbea1730f70c008d","sha1":"7772725f42539914ce42feb2ea93600527a42173","sha256":"bf7dcb5b610fe9e5c57ca232ba8cac411577a2a8927539c5ec4c4fa256f9113d"},"dob":{"date":"1987-05-19T13:55:30.145Z","age":37},"registered":{"date":"2007-05-05T03:46:30.355Z","age":17},"phone":"(799)-414-7065","cell":"(212)-452-7766","id":{"name":"","value":null},"picture":{"large":"https://randomuser.me/api/portraits/women/25.jpg","medium":"https://randomuser.me/api/portraits/med/women/25.jpg","thumbnail":"https://randomuser.me/api/portraits/thumb/women/25.jpg"},"nat":"NZ"}],"info":{"seed":"d44d1265f111e7de","results":1,"page":1,"version":"1.4"}} 
 </msg>
<msg time="2024-06-23T17:13:05.732793" level="INFO">/opt/hostedtoolcache/Python/3.12.4/x64/lib/python3.12/site-packages/urllib3/connectionpool.py:1099: InsecureRequestWarning: Unverified HTTPS request is being made to host 'randomuser.me'. Adding certificate verification is strongly advised. See: https://urllib3.readthedocs.io/en/latest/advanced-usage.html#tls-warnings
  warnings.warn(</msg>
<msg time="2024-06-23T17:13:05.732894" level="INFO">${response} = &lt;Response [200]&gt;</msg>
<var>${response}</var>
<arg>consultarAPI</arg>
<arg>/api</arg>
<doc>Sends a GET request on a previously created HTTP Session.</doc>
<status status="PASS" start="2024-06-23T17:13:05.636642" elapsed="0.096296"/>
</kw>
<kw name="Set Variable" owner="BuiltIn">
<msg time="2024-06-23T17:13:05.733816" level="INFO">${json_data} = {'results': [{'gender': 'female', 'name': {'title': 'Ms', 'first': 'Georgia', 'last': 'Chen'}, 'location': {'street': {'number': 5256, 'name': 'Universal Drive'}, 'city': 'Dunedin', 'state': 'Auckland...</msg>
<var>${json_data}</var>
<arg>${response.json()}</arg>
<doc>Returns the given values which can then be assigned to a variables.</doc>
<status status="PASS" start="2024-06-23T17:13:05.733342" elapsed="0.000503"/>
</kw>
<kw name="Log" owner="BuiltIn">
<msg time="2024-06-23T17:13:05.734307" level="INFO">{'results': [{'gender': 'female', 'name': {'title': 'Ms', 'first': 'Georgia', 'last': 'Chen'}, 'location': {'street': {'number': 5256, 'name': 'Universal Drive'}, 'city': 'Dunedin', 'state': 'Auckland', 'country': 'New Zealand', 'postcode': 57264, 'coordinates': {'latitude': '52.8981', 'longitude': '63.5437'}, 'timezone': {'offset': '+3:30', 'description': 'Tehran'}}, 'email': 'georgia.chen@example.com', 'login': {'uuid': '50e98e20-8ccb-446c-a882-b4c44bfe717c', 'username': 'blackpanda356', 'password': 'krishna', 'salt': 'UWRrzV6H', 'md5': 'a7ce257a03d955facbea1730f70c008d', 'sha1': '7772725f42539914ce42feb2ea93600527a42173', 'sha256': 'bf7dcb5b610fe9e5c57ca232ba8cac411577a2a8927539c5ec4c4fa256f9113d'}, 'dob': {'date': '1987-05-19T13:55:30.145Z', 'age': 37}, 'registered': {'date': '2007-05-05T03:46:30.355Z', 'age': 17}, 'phone': '(799)-414-7065', 'cell': '(212)-452-7766', 'id': {'name': '', 'value': None}, 'picture': {'large': 'https://randomuser.me/api/portraits/women/25.jpg', 'medium': 'https://randomuser.me/api/portraits/med/women/25.jpg', 'thumbnail': 'https://randomuser.me/api/portraits/thumb/women/25.jpg'}, 'nat': 'NZ'}], 'info': {'seed': 'd44d1265f111e7de', 'results': 1, 'page': 1, 'version': '1.4'}}</msg>
<arg>${json_data}</arg>
<doc>Logs the given message with the given level.</doc>
<status status="PASS" start="2024-06-23T17:13:05.734151" elapsed="0.000203"/>
</kw>
<kw name="Dictionary Should Contain Key" owner="Collections">
<arg>${json_data}</arg>
<arg>results</arg>
<doc>Fails if ``key`` is not found from ``dictionary``.</doc>
<status status="PASS" start="2024-06-23T17:13:05.734638" elapsed="0.000154"/>
</kw>
<kw name="Should Not Be Empty" owner="BuiltIn">
<msg time="2024-06-23T17:13:05.735096" level="INFO">Length is 2.</msg>
<arg>${json_data}</arg>
<doc>Verifies that the given item is not empty.</doc>
<status status="PASS" start="2024-06-23T17:13:05.734970" elapsed="0.000169"/>
</kw>
<kw name="Create List" owner="BuiltIn">
<msg time="2024-06-23T17:13:05.735620" level="INFO">${expected_keys} = ['gender', 'name', 'location', 'email', 'login']</msg>
<var>${expected_keys}</var>
<arg>gender</arg>
<arg>name</arg>
<arg>location</arg>
<arg>email</arg>
<arg>login</arg>
<doc>Returns a list containing given items.</doc>
<status status="PASS" start="2024-06-23T17:13:05.735458" elapsed="0.000200"/>
</kw>
<for flavor="IN">
<iter>
<kw name="Dictionary Should Contain Key" owner="Collections">
<arg>${json_data['results'][0]}</arg>
<arg>${key}</arg>
<doc>Fails if ``key`` is not found from ``dictionary``.</doc>
<status status="PASS" start="2024-06-23T17:13:05.736377" elapsed="0.000394"/>
</kw>
<kw name="Log" owner="BuiltIn">
<msg time="2024-06-23T17:13:05.737311" level="INFO">{'gender': 'female', 'name': {'title': 'Ms', 'first': 'Georgia', 'last': 'Chen'}, 'location': {'street': {'number': 5256, 'name': 'Universal Drive'}, 'city': 'Dunedin', 'state': 'Auckland', 'country': 'New Zealand', 'postcode': 57264, 'coordinates': {'latitude': '52.8981', 'longitude': '63.5437'}, 'timezone': {'offset': '+3:30', 'description': 'Tehran'}}, 'email': 'georgia.chen@example.com', 'login': {'uuid': '50e98e20-8ccb-446c-a882-b4c44bfe717c', 'username': 'blackpanda356', 'password': 'krishna', 'salt': 'UWRrzV6H', 'md5': 'a7ce257a03d955facbea1730f70c008d', 'sha1': '7772725f42539914ce42feb2ea93600527a42173', 'sha256': 'bf7dcb5b610fe9e5c57ca232ba8cac411577a2a8927539c5ec4c4fa256f9113d'}, 'dob': {'date': '1987-05-19T13:55:30.145Z', 'age': 37}, 'registered': {'date': '2007-05-05T03:46:30.355Z', 'age': 17}, 'phone': '(799)-414-7065', 'cell': '(212)-452-7766', 'id': {'name': '', 'value': None}, 'picture': {'large': 'https://randomuser.me/api/portraits/women/25.jpg', 'medium': 'https://randomuser.me/api/portraits/med/women/25.jpg', 'thumbnail': 'https://randomuser.me/api/portraits/thumb/women/25.jpg'}, 'nat': 'NZ'}</msg>
<arg>${json_data['results'][0]}</arg>
<doc>Logs the given message with the given level.</doc>
<status status="PASS" start="2024-06-23T17:13:05.736954" elapsed="0.000404"/>
</kw>
<kw name="Log" owner="BuiltIn">
<msg time="2024-06-23T17:13:05.737803" level="INFO">gender</msg>
<arg>${key}</arg>
<doc>Logs the given message with the given level.</doc>
<status status="PASS" start="2024-06-23T17:13:05.737653" elapsed="0.000187"/>
</kw>
<var name="${key}">gender</var>
<status status="PASS" start="2024-06-23T17:13:05.736249" elapsed="0.001805"/>
</iter>
<iter>
<kw name="Dictionary Should Contain Key" owner="Collections">
<arg>${json_data['results'][0]}</arg>
<arg>${key}</arg>
<doc>Fails if ``key`` is not found from ``dictionary``.</doc>
<status status="PASS" start="2024-06-23T17:13:05.738344" elapsed="0.000385"/>
</kw>
<kw name="Log" owner="BuiltIn">
<msg time="2024-06-23T17:13:05.739259" level="INFO">{'gender': 'female', 'name': {'title': 'Ms', 'first': 'Georgia', 'last': 'Chen'}, 'location': {'street': {'number': 5256, 'name': 'Universal Drive'}, 'city': 'Dunedin', 'state': 'Auckland', 'country': 'New Zealand', 'postcode': 57264, 'coordinates': {'latitude': '52.8981', 'longitude': '63.5437'}, 'timezone': {'offset': '+3:30', 'description': 'Tehran'}}, 'email': 'georgia.chen@example.com', 'login': {'uuid': '50e98e20-8ccb-446c-a882-b4c44bfe717c', 'username': 'blackpanda356', 'password': 'krishna', 'salt': 'UWRrzV6H', 'md5': 'a7ce257a03d955facbea1730f70c008d', 'sha1': '7772725f42539914ce42feb2ea93600527a42173', 'sha256': 'bf7dcb5b610fe9e5c57ca232ba8cac411577a2a8927539c5ec4c4fa256f9113d'}, 'dob': {'date': '1987-05-19T13:55:30.145Z', 'age': 37}, 'registered': {'date': '2007-05-05T03:46:30.355Z', 'age': 17}, 'phone': '(799)-414-7065', 'cell': '(212)-452-7766', 'id': {'name': '', 'value': None}, 'picture': {'large': 'https://randomuser.me/api/portraits/women/25.jpg', 'medium': 'https://randomuser.me/api/portraits/med/women/25.jpg', 'thumbnail': 'https://randomuser.me/api/portraits/thumb/women/25.jpg'}, 'nat': 'NZ'}</msg>
<arg>${json_data['results'][0]}</arg>
<doc>Logs the given message with the given level.</doc>
<status status="PASS" start="2024-06-23T17:13:05.738912" elapsed="0.000433"/>
</kw>
<kw name="Log" owner="BuiltIn">
<msg time="2024-06-23T17:13:05.739762" level="INFO">name</msg>
<arg>${key}</arg>
<doc>Logs the given message with the given level.</doc>
<status status="PASS" start="2024-06-23T17:13:05.739637" elapsed="0.000163"/>
</kw>
<var name="${key}">name</var>
<status status="PASS" start="2024-06-23T17:13:05.738235" elapsed="0.001779"/>
</iter>
<iter>
<kw name="Dictionary Should Contain Key" owner="Collections">
<arg>${json_data['results'][0]}</arg>
<arg>${key}</arg>
<doc>Fails if ``key`` is not found from ``dictionary``.</doc>
<status status="PASS" start="2024-06-23T17:13:05.740295" elapsed="0.000381"/>
</kw>
<kw name="Log" owner="BuiltIn">
<msg time="2024-06-23T17:13:05.741201" level="INFO">{'gender': 'female', 'name': {'title': 'Ms', 'first': 'Georgia', 'last': 'Chen'}, 'location': {'street': {'number': 5256, 'name': 'Universal Drive'}, 'city': 'Dunedin', 'state': 'Auckland', 'country': 'New Zealand', 'postcode': 57264, 'coordinates': {'latitude': '52.8981', 'longitude': '63.5437'}, 'timezone': {'offset': '+3:30', 'description': 'Tehran'}}, 'email': 'georgia.chen@example.com', 'login': {'uuid': '50e98e20-8ccb-446c-a882-b4c44bfe717c', 'username': 'blackpanda356', 'password': 'krishna', 'salt': 'UWRrzV6H', 'md5': 'a7ce257a03d955facbea1730f70c008d', 'sha1': '7772725f42539914ce42feb2ea93600527a42173', 'sha256': 'bf7dcb5b610fe9e5c57ca232ba8cac411577a2a8927539c5ec4c4fa256f9113d'}, 'dob': {'date': '1987-05-19T13:55:30.145Z', 'age': 37}, 'registered': {'date': '2007-05-05T03:46:30.355Z', 'age': 17}, 'phone': '(799)-414-7065', 'cell': '(212)-452-7766', 'id': {'name': '', 'value': None}, 'picture': {'large': 'https://randomuser.me/api/portraits/women/25.jpg', 'medium': 'https://randomuser.me/api/portraits/med/women/25.jpg', 'thumbnail': 'https://randomuser.me/api/portraits/thumb/women/25.jpg'}, 'nat': 'NZ'}</msg>
<arg>${json_data['results'][0]}</arg>
<doc>Logs the given message with the given level.</doc>
<status status="PASS" start="2024-06-23T17:13:05.740853" elapsed="0.000396"/>
</kw>
<kw name="Log" owner="BuiltIn">
<msg time="2024-06-23T17:13:05.741659" level="INFO">location</msg>
<arg>${key}</arg>
<doc>Logs the given message with the given level.</doc>
<status status="PASS" start="2024-06-23T17:13:05.741535" elapsed="0.000180"/>
</kw>
<var name="${key}">location</var>
<status status="PASS" start="2024-06-23T17:13:05.740190" elapsed="0.001743"/>
</iter>
<iter>
<kw name="Dictionary Should Contain Key" owner="Collections">
<arg>${json_data['results'][0]}</arg>
<arg>${key}</arg>
<doc>Fails if ``key`` is not found from ``dictionary``.</doc>
<status status="PASS" start="2024-06-23T17:13:05.742208" elapsed="0.000370"/>
</kw>
<kw name="Log" owner="BuiltIn">
<msg time="2024-06-23T17:13:05.743116" level="INFO">{'gender': 'female', 'name': {'title': 'Ms', 'first': 'Georgia', 'last': 'Chen'}, 'location': {'street': {'number': 5256, 'name': 'Universal Drive'}, 'city': 'Dunedin', 'state': 'Auckland', 'country': 'New Zealand', 'postcode': 57264, 'coordinates': {'latitude': '52.8981', 'longitude': '63.5437'}, 'timezone': {'offset': '+3:30', 'description': 'Tehran'}}, 'email': 'georgia.chen@example.com', 'login': {'uuid': '50e98e20-8ccb-446c-a882-b4c44bfe717c', 'username': 'blackpanda356', 'password': 'krishna', 'salt': 'UWRrzV6H', 'md5': 'a7ce257a03d955facbea1730f70c008d', 'sha1': '7772725f42539914ce42feb2ea93600527a42173', 'sha256': 'bf7dcb5b610fe9e5c57ca232ba8cac411577a2a8927539c5ec4c4fa256f9113d'}, 'dob': {'date': '1987-05-19T13:55:30.145Z', 'age': 37}, 'registered': {'date': '2007-05-05T03:46:30.355Z', 'age': 17}, 'phone': '(799)-414-7065', 'cell': '(212)-452-7766', 'id': {'name': '', 'value': None}, 'picture': {'large': 'https://randomuser.me/api/portraits/women/25.jpg', 'medium': 'https://randomuser.me/api/portraits/med/women/25.jpg', 'thumbnail': 'https://randomuser.me/api/portraits/thumb/women/25.jpg'}, 'nat': 'NZ'}</msg>
<arg>${json_data['results'][0]}</arg>
<doc>Logs the given message with the given level.</doc>
<status status="PASS" start="2024-06-23T17:13:05.742761" elapsed="0.000405"/>
</kw>
<kw name="Log" owner="BuiltIn">
<msg time="2024-06-23T17:13:05.743578" level="INFO">email</msg>
<arg>${key}</arg>
<doc>Logs the given message with the given level.</doc>
<status status="PASS" start="2024-06-23T17:13:05.743454" elapsed="0.000161"/>
</kw>
<var name="${key}">email</var>
<status status="PASS" start="2024-06-23T17:13:05.742103" elapsed="0.001722"/>
</iter>
<iter>
<kw name="Dictionary Should Contain Key" owner="Collections">
<arg>${json_data['results'][0]}</arg>
<arg>${key}</arg>
<doc>Fails if ``key`` is not found from ``dictionary``.</doc>
<status status="PASS" start="2024-06-23T17:13:05.744095" elapsed="0.000378"/>
</kw>
<kw name="Log" owner="BuiltIn">
<msg time="2024-06-23T17:13:05.744994" level="INFO">{'gender': 'female', 'name': {'title': 'Ms', 'first': 'Georgia', 'last': 'Chen'}, 'location': {'street': {'number': 5256, 'name': 'Universal Drive'}, 'city': 'Dunedin', 'state': 'Auckland', 'country': 'New Zealand', 'postcode': 57264, 'coordinates': {'latitude': '52.8981', 'longitude': '63.5437'}, 'timezone': {'offset': '+3:30', 'description': 'Tehran'}}, 'email': 'georgia.chen@example.com', 'login': {'uuid': '50e98e20-8ccb-446c-a882-b4c44bfe717c', 'username': 'blackpanda356', 'password': 'krishna', 'salt': 'UWRrzV6H', 'md5': 'a7ce257a03d955facbea1730f70c008d', 'sha1': '7772725f42539914ce42feb2ea93600527a42173', 'sha256': 'bf7dcb5b610fe9e5c57ca232ba8cac411577a2a8927539c5ec4c4fa256f9113d'}, 'dob': {'date': '1987-05-19T13:55:30.145Z', 'age': 37}, 'registered': {'date': '2007-05-05T03:46:30.355Z', 'age': 17}, 'phone': '(799)-414-7065', 'cell': '(212)-452-7766', 'id': {'name': '', 'value': None}, 'picture': {'large': 'https://randomuser.me/api/portraits/women/25.jpg', 'medium': 'https://randomuser.me/api/portraits/med/women/25.jpg', 'thumbnail': 'https://randomuser.me/api/portraits/thumb/women/25.jpg'}, 'nat': 'NZ'}</msg>
<arg>${json_data['results'][0]}</arg>
<doc>Logs the given message with the given level.</doc>
<status status="PASS" start="2024-06-23T17:13:05.744651" elapsed="0.000389"/>
</kw>
<kw name="Log" owner="BuiltIn">
<msg time="2024-06-23T17:13:05.745458" level="INFO">login</msg>
<arg>${key}</arg>
<doc>Logs the given message with the given level.</doc>
<status status="PASS" start="2024-06-23T17:13:05.745330" elapsed="0.000165"/>
</kw>
<var name="${key}">login</var>
<status status="PASS" start="2024-06-23T17:13:05.743991" elapsed="0.001735"/>
</iter>
<var>${key}</var>
<value>@{expected_keys}</value>
<status status="PASS" start="2024-06-23T17:13:05.736063" elapsed="0.009781"/>
</for>
<kw name="Create List" owner="BuiltIn">
<msg time="2024-06-23T17:13:05.746162" level="INFO">${expected_keysTwo} = ['username', 'password']</msg>
<var>${expected_keysTwo}</var>
<arg>username</arg>
<arg>password</arg>
<doc>Returns a list containing given items.</doc>
<status status="PASS" start="2024-06-23T17:13:05.746030" elapsed="0.000155"/>
</kw>
<for flavor="IN">
<iter>
<kw name="Dictionary Should Contain Key" owner="Collections">
<arg>${json_data['results'][0]['login']}</arg>
<arg>${keyTwo}</arg>
<doc>Fails if ``key`` is not found from ``dictionary``.</doc>
<status status="PASS" start="2024-06-23T17:13:05.746701" elapsed="0.000379"/>
</kw>
<kw name="Dictionary Should Contain Key" owner="Collections">
<arg>${json_data['results'][0]['login']}</arg>
<arg>${keyTwo}</arg>
<doc>Fails if ``key`` is not found from ``dictionary``.</doc>
<status status="PASS" start="2024-06-23T17:13:05.747267" elapsed="0.000376"/>
</kw>
<kw name="Log" owner="BuiltIn">
<msg time="2024-06-23T17:13:05.747936" level="INFO">username</msg>
<arg>${keyTwo}</arg>
<doc>Logs the given message with the given level.</doc>
<status status="PASS" start="2024-06-23T17:13:05.747820" elapsed="0.000153"/>
</kw>
<var name="${keyTwo}">username</var>
<status status="PASS" start="2024-06-23T17:13:05.746596" elapsed="0.001593"/>
</iter>
<iter>
<kw name="Dictionary Should Contain Key" owner="Collections">
<arg>${json_data['results'][0]['login']}</arg>
<arg>${keyTwo}</arg>
<doc>Fails if ``key`` is not found from ``dictionary``.</doc>
<status status="PASS" start="2024-06-23T17:13:05.748465" elapsed="0.000386"/>
</kw>
<kw name="Dictionary Should Contain Key" owner="Collections">
<arg>${json_data['results'][0]['login']}</arg>
<arg>${keyTwo}</arg>
<doc>Fails if ``key`` is not found from ``dictionary``.</doc>
<status status="PASS" start="2024-06-23T17:13:05.749023" elapsed="0.000364"/>
</kw>
<kw name="Log" owner="BuiltIn">
<msg time="2024-06-23T17:13:05.749679" level="INFO">password</msg>
<arg>${keyTwo}</arg>
<doc>Logs the given message with the given level.</doc>
<status status="PASS" start="2024-06-23T17:13:05.749561" elapsed="0.000177"/>
</kw>
<var name="${keyTwo}">password</var>
<status status="PASS" start="2024-06-23T17:13:05.748355" elapsed="0.001604"/>
</iter>
<var>${keyTwo}</var>
<value>@{expected_keysTwo}</value>
<status status="PASS" start="2024-06-23T17:13:05.746445" elapsed="0.003631"/>
</for>
<status status="PASS" start="2024-06-23T17:13:05.636418" elapsed="0.113794"/>
</kw>
<doc>Testa a estrutura da resposta da API.</doc>
<tag>testeEstruturaResposta</tag>
<status status="PASS" start="2024-06-23T17:13:05.635938" elapsed="0.114417"/>
</test>
<test id="s1-s1-t4" name="Validar tipos de dados" line="28">
<kw name="Teste de Tipos de Dados" owner="random-user-service">
<kw name="GET On Session" owner="RequestsLibrary">
<msg time="2024-06-23T17:13:05.853372" level="INFO">GET Request : url=https://randomuser.me/api 
 path_url=/api 
 headers={'User-Agent': 'python-requests/2.32.3', 'Accept-Encoding': 'gzip, deflate', 'Accept': '*/*', 'Connection': 'keep-alive'} 
 body=None 
 </msg>
<msg time="2024-06-23T17:13:05.853448" level="INFO">GET Response : url=https://randomuser.me/api 
 status=200, reason=OK 
 headers={'Date': 'Sun, 23 Jun 2024 17:13:05 GMT', 'Content-Type': 'application/json; charset=utf-8', 'Transfer-Encoding': 'chunked', 'Connection': 'keep-alive', 'X-Powered-By': 'Express', 'Access-Control-Allow-Origin': '*', 'Cache-Control': 'no-cache', 'ETag': 'W/"479-EC8NFEJj5iJuYK9BVerTqH/jAAg"', 'Vary': 'Accept-Encoding', 'Content-Encoding': 'gzip', 'CF-Cache-Status': 'DYNAMIC', 'Report-To': '{"endpoints":[{"url":"https:\\/\\/a.nel.cloudflare.com\\/report\\/v4?s=OT862goT8P7KtvX%2FeSR5MJodF4mpEs5eWFFx5EWaFgpZ0c25oapMzFH758y5knh8KS5OFSxCDGVI5vWt97rZ2aqvgAgeg5xMlS67b%2Fc%2BRhbSATMzyuxB%2BlNTsoUS2bBU"}],"group":"cf-nel","max_age":604800}', 'NEL': '{"success_fraction":0,"report_to":"cf-nel","max_age":604800}', 'Server': 'cloudflare', 'CF-RAY': '89861b52fcff158a-SJC', 'alt-svc': 'h3=":443"; ma=86400'} 
 body={"results":[{"gender":"male","name":{"title":"Mr","first":"Rich","last":"Davis"},"location":{"street":{"number":1762,"name":"South Street"},"city":"Exeter","state":"Buckinghamshire","country":"United Kingdom","postcode":"FS2 7WF","coordinates":{"latitude":"-5.9716","longitude":"-136.4667"},"timezone":{"offset":"+3:30","description":"Tehran"}},"email":"rich.davis@example.com","login":{"uuid":"c392b506-b7bd-4734-9822-573f02f54833","username":"blackcat420","password":"lenny","salt":"QBS1Cns2","md5":"491362f07e5c5d7ca493e609f6c767a9","sha1":"ff15e2bff49151bb43bed75020ba4e3d8f78c172","sha256":"067dd10e45e292a12ba9c8b57c9bafee2d0946791f2ed1353f77b46188e52c86"},"dob":{"date":"1969-10-11T02:24:11.936Z","age":54},"registered":{"date":"2007-04-01T23:51:32.985Z","age":17},"phone":"013873 67325","cell":"07733 763671","id":{"name":"NINO","value":"GE 31 40 74 H"},"picture":{"large":"https://randomuser.me/api/portraits/men/97.jpg","medium":"https://randomuser.me/api/portraits/med/men/97.jpg","thumbnail":"https://randomuser.me/api/portraits/thumb/men/97.jpg"},"nat":"GB"}],"info":{"seed":"554b87d11b0430fd","results":1,"page":1,"version":"1.4"}} 
 </msg>
<msg time="2024-06-23T17:13:05.853513" level="INFO">/opt/hostedtoolcache/Python/3.12.4/x64/lib/python3.12/site-packages/urllib3/connectionpool.py:1099: InsecureRequestWarning: Unverified HTTPS request is being made to host 'randomuser.me'. Adding certificate verification is strongly advised. See: https://urllib3.readthedocs.io/en/latest/advanced-usage.html#tls-warnings
  warnings.warn(</msg>
<msg time="2024-06-23T17:13:05.853613" level="INFO">${response} = &lt;Response [200]&gt;</msg>
<var>${response}</var>
<arg>consultarAPI</arg>
<arg>/api</arg>
<doc>Sends a GET request on a previously created HTTP Session.</doc>
<status status="PASS" start="2024-06-23T17:13:05.752823" elapsed="0.100835"/>
</kw>
<kw name="Set Variable" owner="BuiltIn">
<msg time="2024-06-23T17:13:05.854652" level="INFO">${json_data} = {'results': [{'gender': 'male', 'name': {'title': 'Mr', 'first': 'Rich', 'last': 'Davis'}, 'location': {'street': {'number': 1762, 'name': 'South Street'}, 'city': 'Exeter', 'state': 'Buckinghamshire'...</msg>
<var>${json_data}</var>
<arg>${response.json()}</arg>
<doc>Returns the given values which can then be assigned to a variables.</doc>
<status status="PASS" start="2024-06-23T17:13:05.854206" elapsed="0.000474"/>
</kw>
<kw name="Log" owner="BuiltIn">
<msg time="2024-06-23T17:13:05.855125" level="INFO">{'results': [{'gender': 'male', 'name': {'title': 'Mr', 'first': 'Rich', 'last': 'Davis'}, 'location': {'street': {'number': 1762, 'name': 'South Street'}, 'city': 'Exeter', 'state': 'Buckinghamshire', 'country': 'United Kingdom', 'postcode': 'FS2 7WF', 'coordinates': {'latitude': '-5.9716', 'longitude': '-136.4667'}, 'timezone': {'offset': '+3:30', 'description': 'Tehran'}}, 'email': 'rich.davis@example.com', 'login': {'uuid': 'c392b506-b7bd-4734-9822-573f02f54833', 'username': 'blackcat420', 'password': 'lenny', 'salt': 'QBS1Cns2', 'md5': '491362f07e5c5d7ca493e609f6c767a9', 'sha1': 'ff15e2bff49151bb43bed75020ba4e3d8f78c172', 'sha256': '067dd10e45e292a12ba9c8b57c9bafee2d0946791f2ed1353f77b46188e52c86'}, 'dob': {'date': '1969-10-11T02:24:11.936Z', 'age': 54}, 'registered': {'date': '2007-04-01T23:51:32.985Z', 'age': 17}, 'phone': '013873 67325', 'cell': '07733 763671', 'id': {'name': 'NINO', 'value': 'GE 31 40 74 H'}, 'picture': {'large': 'https://randomuser.me/api/portraits/men/97.jpg', 'medium': 'https://randomuser.me/api/portraits/med/men/97.jpg', 'thumbnail': 'https://randomuser.me/api/portraits/thumb/men/97.jpg'}, 'nat': 'GB'}], 'info': {'seed': '554b87d11b0430fd', 'results': 1, 'page': 1, 'version': '1.4'}}</msg>
<arg>${json_data}</arg>
<doc>Logs the given message with the given level.</doc>
<status status="PASS" start="2024-06-23T17:13:05.854975" elapsed="0.000196"/>
</kw>
<kw name="Should Be String" owner="String">
<arg>${json_data['results'][0]['gender']}</arg>
<doc>Fails if the given ``item`` is not a string.</doc>
<status status="PASS" start="2024-06-23T17:13:05.855451" elapsed="0.000356"/>
</kw>
<kw name="Should Match Regexp" owner="BuiltIn">
<arg>${json_data['results'][0]['email']}</arg>
<arg>^[a-zA-Z0-9._%+-]+@[a-zA-Z0-9.-]+\.[a-zA-Z]{2,}$</arg>
<doc>Fails if ``string`` does not match ``pattern`` as a regular expression.</doc>
<status status="PASS" start="2024-06-23T17:13:05.855987" elapsed="0.000503"/>
</kw>
<kw name="Should Match Regexp" owner="BuiltIn">
<arg>${json_data['results'][0]['dob']['date']}</arg>
<arg>\\d{4}-\\d{2}-\\d{2}T\\d{2}:\\d{2}:\\d{2}\\.\\d{3}Z</arg>
<doc>Fails if ``string`` does not match ``pattern`` as a regular expression.</doc>
<status status="PASS" start="2024-06-23T17:13:05.856711" elapsed="0.000485"/>
</kw>
<kw name="Should Match Regexp" owner="BuiltIn">
<arg>${json_data['results'][0]['registered']['date']}</arg>
<arg>\\d{4}-\\d{2}-\\d{2}T\\d{2}:\\d{2}:\\d{2}\\.\\d{3}Z</arg>
<doc>Fails if ``string`` does not match ``pattern`` as a regular expression.</doc>
<status status="PASS" start="2024-06-23T17:13:05.857390" elapsed="0.000398"/>
</kw>
<kw name="Should Match Regexp" owner="BuiltIn">
<arg>${json_data['results'][0]['picture']['large']}</arg>
<arg>^https?://.*\.(?:png|jpe?g|gif|bmp)$</arg>
<doc>Fails if ``string`` does not match ``pattern`` as a regular expression.</doc>
<status status="PASS" start="2024-06-23T17:13:05.857983" elapsed="0.000483"/>
</kw>
<kw name="Should Match Regexp" owner="BuiltIn">
<arg>${json_data['results'][0]['picture']['medium']}</arg>
<arg>^https?://.*\.(?:png|jpe?g|gif|bmp)$</arg>
<doc>Fails if ``string`` does not match ``pattern`` as a regular expression.</doc>
<status status="PASS" start="2024-06-23T17:13:05.858651" elapsed="0.000357"/>
</kw>
<kw name="Should Match Regexp" owner="BuiltIn">
<arg>${json_data['results'][0]['picture']['thumbnail']}</arg>
<arg>^https?://.*\.(?:png|jpe?g|gif|bmp)$</arg>
<doc>Fails if ``string`` does not match ``pattern`` as a regular expression.</doc>
<status status="PASS" start="2024-06-23T17:13:05.859189" elapsed="0.000347"/>
</kw>
<kw name="Log" owner="BuiltIn">
<msg time="2024-06-23T17:13:05.860032" level="INFO">{'large': 'https://randomuser.me/api/portraits/men/97.jpg', 'medium': 'https://randomuser.me/api/portraits/med/men/97.jpg', 'thumbnail': 'https://randomuser.me/api/portraits/thumb/men/97.jpg'}</msg>
<arg>${json_data['results'][0]['picture']}</arg>
<doc>Logs the given message with the given level.</doc>
<status status="PASS" start="2024-06-23T17:13:05.859717" elapsed="0.000358"/>
</kw>
<status status="PASS" start="2024-06-23T17:13:05.752604" elapsed="0.107719"/>
</kw>
<kw name="Teste de Tipos de Dados - Postcode" owner="random-user-service">
<kw name="GET On Session" owner="RequestsLibrary">
<msg time="2024-06-23T17:13:05.956691" level="INFO">GET Request : url=https://randomuser.me/api 
 path_url=/api 
 headers={'User-Agent': 'python-requests/2.32.3', 'Accept-Encoding': 'gzip, deflate', 'Accept': '*/*', 'Connection': 'keep-alive'} 
 body=None 
 </msg>
<msg time="2024-06-23T17:13:05.956757" level="INFO">GET Response : url=https://randomuser.me/api 
 status=200, reason=OK 
 headers={'Date': 'Sun, 23 Jun 2024 17:13:05 GMT', 'Content-Type': 'application/json; charset=utf-8', 'Transfer-Encoding': 'chunked', 'Connection': 'keep-alive', 'X-Powered-By': 'Express', 'Access-Control-Allow-Origin': '*', 'Cache-Control': 'no-cache', 'ETag': 'W/"47c-iP33UcN+gIkGkXlDnqhzQ5CVyl4"', 'Vary': 'Accept-Encoding', 'Content-Encoding': 'gzip', 'CF-Cache-Status': 'DYNAMIC', 'Report-To': '{"endpoints":[{"url":"https:\\/\\/a.nel.cloudflare.com\\/report\\/v4?s=FyygYiyZ0JIrrD1Z6C2oEh4rIWQR6NOpbAY7pUgUU%2BK%2BeKNRh0OUO04WU5Ik9FwADbRWcYmgrGOT%2B3KJ7M7g%2FZwvyq57b6P13L09seMsgPdyXyJ4tRtnVTffj4e5XGFX"}],"group":"cf-nel","max_age":604800}', 'NEL': '{"success_fraction":0,"report_to":"cf-nel","max_age":604800}', 'Server': 'cloudflare', 'CF-RAY': '89861b53ad76158a-SJC', 'alt-svc': 'h3=":443"; ma=86400'} 
 body={"results":[{"gender":"male","name":{"title":"Mr","first":"Kerim","last":"Başoğlu"},"location":{"street":{"number":3781,"name":"Mevlana Cd"},"city":"Osmaniye","state":"Erzincan","country":"Turkey","postcode":92528,"coordinates":{"latitude":"71.4366","longitude":"-61.3224"},"timezone":{"offset":"-8:00","description":"Pacific Time (US &amp; Canada)"}},"email":"kerim.basoglu@example.com","login":{"uuid":"9326ef4e-82a1-4d25-bd47-fb7f3045fc45","username":"goldenladybug986","password":"skidoo","salt":"FjNfYjwo","md5":"cf23baa28dbb6a36bffc4323f26c050b","sha1":"78d9e4521203184c6416459e4722fa7bca59552e","sha256":"cb4cc96cf6f4a16f0b518eefd4735ea9e70d4d8f68c4230ff2ef4e8b126cd0dd"},"dob":{"date":"1985-12-20T11:59:10.991Z","age":38},"registered":{"date":"2011-05-27T03:56:48.863Z","age":13},"phone":"(202)-397-2397","cell":"(392)-831-4956","id":{"name":"","value":null},"picture":{"large":"https://randomuser.me/api/portraits/men/97.jpg","medium":"https://randomuser.me/api/portraits/med/men/97.jpg","thumbnail":"https://randomuser.me/api/portraits/thumb/men/97.jpg"},"nat":"TR"}],"info":{"seed":"094857a60e8d6bd7","results":1,"page":1,"version":"1.4"}} 
 </msg>
<msg time="2024-06-23T17:13:05.956818" level="INFO">/opt/hostedtoolcache/Python/3.12.4/x64/lib/python3.12/site-packages/urllib3/connectionpool.py:1099: InsecureRequestWarning: Unverified HTTPS request is being made to host 'randomuser.me'. Adding certificate verification is strongly advised. See: https://urllib3.readthedocs.io/en/latest/advanced-usage.html#tls-warnings
  warnings.warn(</msg>
<msg time="2024-06-23T17:13:05.956903" level="INFO">${response} = &lt;Response [200]&gt;</msg>
<var>${response}</var>
<arg>consultarAPI</arg>
<arg>/api</arg>
<doc>Sends a GET request on a previously created HTTP Session.</doc>
<status status="PASS" start="2024-06-23T17:13:05.860737" elapsed="0.096191"/>
</kw>
<kw name="Set Variable" owner="BuiltIn">
<msg time="2024-06-23T17:13:05.957816" level="INFO">${json_data} = {'results': [{'gender': 'male', 'name': {'title': 'Mr', 'first': 'Kerim', 'last': 'Başoğlu'}, 'location': {'street': {'number': 3781, 'name': 'Mevlana Cd'}, 'city': 'Osmaniye', 'state': 'Erzincan', 'c...</msg>
<var>${json_data}</var>
<arg>${response.json()}</arg>
<doc>Returns the given values which can then be assigned to a variables.</doc>
<status status="PASS" start="2024-06-23T17:13:05.957324" elapsed="0.000521"/>
</kw>
<kw name="Log" owner="BuiltIn">
<msg time="2024-06-23T17:13:05.958300" level="INFO">{'results': [{'gender': 'male', 'name': {'title': 'Mr', 'first': 'Kerim', 'last': 'Başoğlu'}, 'location': {'street': {'number': 3781, 'name': 'Mevlana Cd'}, 'city': 'Osmaniye', 'state': 'Erzincan', 'country': 'Turkey', 'postcode': 92528, 'coordinates': {'latitude': '71.4366', 'longitude': '-61.3224'}, 'timezone': {'offset': '-8:00', 'description': 'Pacific Time (US &amp; Canada)'}}, 'email': 'kerim.basoglu@example.com', 'login': {'uuid': '9326ef4e-82a1-4d25-bd47-fb7f3045fc45', 'username': 'goldenladybug986', 'password': 'skidoo', 'salt': 'FjNfYjwo', 'md5': 'cf23baa28dbb6a36bffc4323f26c050b', 'sha1': '78d9e4521203184c6416459e4722fa7bca59552e', 'sha256': 'cb4cc96cf6f4a16f0b518eefd4735ea9e70d4d8f68c4230ff2ef4e8b126cd0dd'}, 'dob': {'date': '1985-12-20T11:59:10.991Z', 'age': 38}, 'registered': {'date': '2011-05-27T03:56:48.863Z', 'age': 13}, 'phone': '(202)-397-2397', 'cell': '(392)-831-4956', 'id': {'name': '', 'value': None}, 'picture': {'large': 'https://randomuser.me/api/portraits/men/97.jpg', 'medium': 'https://randomuser.me/api/portraits/med/men/97.jpg', 'thumbnail': 'https://randomuser.me/api/portraits/thumb/men/97.jpg'}, 'nat': 'TR'}], 'info': {'seed': '094857a60e8d6bd7', 'results': 1, 'page': 1, 'version': '1.4'}}</msg>
<arg>${json_data}</arg>
<doc>Logs the given message with the given level.</doc>
<status status="PASS" start="2024-06-23T17:13:05.958147" elapsed="0.000203"/>
</kw>
<kw name="Should Be Equal As Numbers" owner="BuiltIn">
<arg>${json_data['results'][0]['location']['postcode']}</arg>
<arg>${json_data['results'][0]['location']['postcode']}</arg>
<doc>Fails if objects are unequal after converting them to real numbers.</doc>
<status status="PASS" start="2024-06-23T17:13:05.958640" elapsed="0.000615"/>
</kw>
<kw name="Log" owner="BuiltIn">
<msg time="2024-06-23T17:13:05.959778" level="INFO">92528</msg>
<arg>${json_data['results'][0]['location']['postcode']}</arg>
<doc>Logs the given message with the given level.</doc>
<status status="PASS" start="2024-06-23T17:13:05.959444" elapsed="0.000373"/>
</kw>
<status status="PASS" start="2024-06-23T17:13:05.860526" elapsed="0.099536"/>
</kw>
<doc>Testa se os tipos de dados na resposta da API estão corretos.</doc>
<tag>testeTiposDados</tag>
<status status="PASS" start="2024-06-23T17:13:05.752079" elapsed="0.208170"/>
</test>
<test id="s1-s1-t5" name="Validar conteudo" line="35">
<kw name="Teste de Tipos de Conteudo" owner="random-user-service">
<kw name="GET On Session" owner="RequestsLibrary">
<msg time="2024-06-23T17:13:06.087223" level="INFO">GET Request : url=https://randomuser.me/api 
 path_url=/api 
 headers={'User-Agent': 'python-requests/2.32.3', 'Accept-Encoding': 'gzip, deflate', 'Accept': '*/*', 'Connection': 'keep-alive'} 
 body=None 
 </msg>
<msg time="2024-06-23T17:13:06.087307" level="INFO">GET Response : url=https://randomuser.me/api 
 status=200, reason=OK 
 headers={'Date': 'Sun, 23 Jun 2024 17:13:06 GMT', 'Content-Type': 'application/json; charset=utf-8', 'Transfer-Encoding': 'chunked', 'Connection': 'keep-alive', 'X-Powered-By': 'Express', 'Access-Control-Allow-Origin': '*', 'Cache-Control': 'no-cache', 'ETag': 'W/"49f-jcXra7eCj57O3D/iHFrgbhJvBTk"', 'Vary': 'Accept-Encoding', 'Content-Encoding': 'gzip', 'CF-Cache-Status': 'DYNAMIC', 'Report-To': '{"endpoints":[{"url":"https:\\/\\/a.nel.cloudflare.com\\/report\\/v4?s=zmHZ5pQf5OuYsmGi9nTSNVNoNqba6DJDvzSxFGwkrcnEBZ07Wqq6qpC%2BkYuvgho3tXXS6rf0pj7etrVu4iOhf6VvpVBBS6Qyk%2F6aGA7s3G%2Betu2q3Zny4LKu6Olv18eP"}],"group":"cf-nel","max_age":604800}', 'NEL': '{"success_fraction":0,"report_to":"cf-nel","max_age":604800}', 'Server': 'cloudflare', 'CF-RAY': '89861b544df3158a-SJC', 'alt-svc': 'h3=":443"; ma=86400'} 
 body={"results":[{"gender":"male","name":{"title":"Mr","first":"Necati","last":"Gottschalk"},"location":{"street":{"number":1399,"name":"Danziger Straße"},"city":"Wassenberg","state":"Hessen","country":"Germany","postcode":41523,"coordinates":{"latitude":"-54.0269","longitude":"-27.8377"},"timezone":{"offset":"+10:00","description":"Eastern Australia, Guam, Vladivostok"}},"email":"necati.gottschalk@example.com","login":{"uuid":"b3f23e65-7fb1-45ec-906d-072d6b7a95b6","username":"greensnake110","password":"741852","salt":"E7Ugw5Uv","md5":"394f4e5deab51f0822069260c778e51b","sha1":"030163f2f49076ccbbd85b8060cdef4818b88749","sha256":"06e38563f4160490dc6dec6fe42801fdfc9a38a9df0c1dc868de7f79eae17774"},"dob":{"date":"1969-09-29T18:28:11.975Z","age":54},"registered":{"date":"2005-02-18T12:16:59.905Z","age":19},"phone":"0474-6537407","cell":"0175-4808488","id":{"name":"SVNR","value":"57 290969 G 245"},"picture":{"large":"https://randomuser.me/api/portraits/men/83.jpg","medium":"https://randomuser.me/api/portraits/med/men/83.jpg","thumbnail":"https://randomuser.me/api/portraits/thumb/men/83.jpg"},"nat":"DE"}],"info":{"seed":"71235b4aa8fc7114","results":1,"page":1,"version":"1.4"}} 
 </msg>
<msg time="2024-06-23T17:13:06.087390" level="INFO">/opt/hostedtoolcache/Python/3.12.4/x64/lib/python3.12/site-packages/urllib3/connectionpool.py:1099: InsecureRequestWarning: Unverified HTTPS request is being made to host 'randomuser.me'. Adding certificate verification is strongly advised. See: https://urllib3.readthedocs.io/en/latest/advanced-usage.html#tls-warnings
  warnings.warn(</msg>
<msg time="2024-06-23T17:13:06.087500" level="INFO">${response} = &lt;Response [200]&gt;</msg>
<var>${response}</var>
<arg>consultarAPI</arg>
<arg>/api</arg>
<doc>Sends a GET request on a previously created HTTP Session.</doc>
<status status="PASS" start="2024-06-23T17:13:05.963201" elapsed="0.124347"/>
</kw>
<kw name="Set Variable" owner="BuiltIn">
<msg time="2024-06-23T17:13:06.088451" level="INFO">${json_data} = {'results': [{'gender': 'male', 'name': {'title': 'Mr', 'first': 'Necati', 'last': 'Gottschalk'}, 'location': {'street': {'number': 1399, 'name': 'Danziger Straße'}, 'city': 'Wassenberg', 'state': 'He...</msg>
<var>${json_data}</var>
<arg>${response.json()}</arg>
<doc>Returns the given values which can then be assigned to a variables.</doc>
<status status="PASS" start="2024-06-23T17:13:06.087997" elapsed="0.000483"/>
</kw>
<kw name="Set Variable" owner="BuiltIn">
<msg time="2024-06-23T17:13:06.089146" level="INFO">${name_title} = Mr</msg>
<var>${name_title}</var>
<arg>${json_data["results"][0]["name"]["title"]}</arg>
<doc>Returns the given values which can then be assigned to a variables.</doc>
<status status="PASS" start="2024-06-23T17:13:06.088775" elapsed="0.000396"/>
</kw>
<kw name="Create List" owner="BuiltIn">
<msg time="2024-06-23T17:13:06.089614" level="INFO">${allowed_titles} = ['Mr', 'Ms', 'Miss', 'Mrs', 'Madame', 'Monsieur']</msg>
<var>${allowed_titles}</var>
<arg>Mr</arg>
<arg>Ms</arg>
<arg>Miss</arg>
<arg>Mrs</arg>
<arg>Madame</arg>
<arg>Monsieur</arg>
<doc>Returns a list containing given items.</doc>
<status status="PASS" start="2024-06-23T17:13:06.089468" elapsed="0.000169"/>
</kw>
<kw name="List Should Contain Value" owner="Collections">
<arg>${allowed_titles}</arg>
<arg>${name_title}</arg>
<doc>Fails if the ``value`` is not found from ``list``.</doc>
<status status="PASS" start="2024-06-23T17:13:06.089987" elapsed="0.000213"/>
</kw>
<kw name="Set Variable" owner="BuiltIn">
<msg time="2024-06-23T17:13:06.090733" level="INFO">${name_country} = DE</msg>
<var>${name_country}</var>
<arg>${json_data["results"][0]["nat"]}</arg>
<doc>Returns the given values which can then be assigned to a variables.</doc>
<status status="PASS" start="2024-06-23T17:13:06.090377" elapsed="0.000380"/>
</kw>
<kw name="Create List" owner="BuiltIn">
<msg time="2024-06-23T17:13:06.091634" level="INFO">${list_country} = ['AD', 'AE', 'AF', 'AG', 'AI', 'AL', 'AM', 'AO', 'AQ', 'AR', 'AS', 'AT', 'AU', 'AW', 'AX', 'AZ', 'BA', 'BB', 'BD', 'BE', 'BF', 'BG', 'BH', 'BI', 'BJ', 'BL', 'BM', 'BN', 'BO', 'BQ', 'BR', 'BS', 'BT', '...</msg>
<var>${list_country}</var>
<arg>AD</arg>
<arg>AE</arg>
<arg>AF</arg>
<arg>AG</arg>
<arg>AI</arg>
<arg>AL</arg>
<arg>AM</arg>
<arg>AO</arg>
<arg>AQ</arg>
<arg>AR</arg>
<arg>AS</arg>
<arg>AT</arg>
<arg>AU</arg>
<arg>AW</arg>
<arg>AX</arg>
<arg>AZ</arg>
<arg>BA</arg>
<arg>BB</arg>
<arg>BD</arg>
<arg>BE</arg>
<arg>BF</arg>
<arg>BG</arg>
<arg>BH</arg>
<arg>BI</arg>
<arg>BJ</arg>
<arg>BL</arg>
<arg>BM</arg>
<arg>BN</arg>
<arg>BO</arg>
<arg>BQ</arg>
<arg>BR</arg>
<arg>BS</arg>
<arg>BT</arg>
<arg>BV</arg>
<arg>BW</arg>
<arg>BY</arg>
<arg>BZ</arg>
<arg>CA</arg>
<arg>CC</arg>
<arg>CD</arg>
<arg>CF</arg>
<arg>CG</arg>
<arg>CH</arg>
<arg>CI</arg>
<arg>CK</arg>
<arg>CL</arg>
<arg>CM</arg>
<arg>CN</arg>
<arg>CO</arg>
<arg>CR</arg>
<arg>CU</arg>
<arg>CV</arg>
<arg>CW</arg>
<arg>CX</arg>
<arg>CY</arg>
<arg>CZ</arg>
<arg>DE</arg>
<arg>DJ</arg>
<arg>DK</arg>
<arg>DM</arg>
<arg>DO</arg>
<arg>DZ</arg>
<arg>EC</arg>
<arg>EE</arg>
<arg>EG</arg>
<arg>EH</arg>
<arg>ER</arg>
<arg>ES</arg>
<arg>ET</arg>
<arg>FI</arg>
<arg>FJ</arg>
<arg>FK</arg>
<arg>FM</arg>
<arg>FO</arg>
<arg>FR</arg>
<arg>GA</arg>
<arg>GB</arg>
<arg>GD</arg>
<arg>GE</arg>
<arg>GF</arg>
<arg>GG</arg>
<arg>GH</arg>
<arg>GI</arg>
<arg>GL</arg>
<arg>GM</arg>
<arg>GN</arg>
<arg>GP</arg>
<arg>GQ</arg>
<arg>GR</arg>
<arg>GS</arg>
<arg>GT</arg>
<arg>GU</arg>
<arg>GW</arg>
<arg>GY</arg>
<arg>HK</arg>
<arg>HM</arg>
<arg>HN</arg>
<arg>HR</arg>
<arg>HT</arg>
<arg>HU</arg>
<arg>ID</arg>
<arg>IE</arg>
<arg>IL</arg>
<arg>IM</arg>
<arg>IN</arg>
<arg>IO</arg>
<arg>IQ</arg>
<arg>IR</arg>
<arg>IS</arg>
<arg>IT</arg>
<arg>JE</arg>
<arg>JM</arg>
<arg>JO</arg>
<arg>JP</arg>
<arg>KE</arg>
<arg>KG</arg>
<arg>KH</arg>
<arg>KI</arg>
<arg>KM</arg>
<arg>KN</arg>
<arg>KP</arg>
<arg>KR</arg>
<arg>KW</arg>
<arg>KY</arg>
<arg>KZ</arg>
<arg>LA</arg>
<arg>LB</arg>
<arg>LC</arg>
<arg>LI</arg>
<arg>LK</arg>
<arg>LR</arg>
<arg>LS</arg>
<arg>LT</arg>
<arg>LU</arg>
<arg>LV</arg>
<arg>LY</arg>
<arg>MA</arg>
<arg>MC</arg>
<arg>MD</arg>
<arg>ME</arg>
<arg>MF</arg>
<arg>MG</arg>
<arg>MH</arg>
<arg>MK</arg>
<arg>ML</arg>
<arg>MM</arg>
<arg>MN</arg>
<arg>MO</arg>
<arg>MP</arg>
<arg>MQ</arg>
<arg>MR</arg>
<arg>MS</arg>
<arg>MT</arg>
<arg>MU</arg>
<arg>MV</arg>
<arg>MW</arg>
<arg>MX</arg>
<arg>MY</arg>
<arg>MZ</arg>
<arg>NA</arg>
<arg>NC</arg>
<arg>NE</arg>
<arg>NF</arg>
<arg>NG</arg>
<arg>NI</arg>
<arg>NL</arg>
<arg>NO</arg>
<arg>NP</arg>
<arg>NR</arg>
<arg>NU</arg>
<arg>NZ</arg>
<arg>OM</arg>
<arg>PA</arg>
<arg>PE</arg>
<arg>PF</arg>
<arg>PG</arg>
<arg>PH</arg>
<arg>PK</arg>
<arg>PL</arg>
<arg>PM</arg>
<arg>PN</arg>
<arg>PR</arg>
<arg>PS</arg>
<arg>PT</arg>
<arg>PW</arg>
<arg>PY</arg>
<arg>QA</arg>
<arg>RE</arg>
<arg>RO</arg>
<arg>RS</arg>
<arg>RU</arg>
<arg>RW</arg>
<arg>SA</arg>
<arg>SB</arg>
<arg>SC</arg>
<arg>SD</arg>
<arg>SE</arg>
<arg>SG</arg>
<arg>SH</arg>
<arg>SI</arg>
<arg>SJ</arg>
<arg>SK</arg>
<arg>SL</arg>
<arg>SM</arg>
<arg>SN</arg>
<arg>SO</arg>
<arg>SR</arg>
<arg>SS</arg>
<arg>ST</arg>
<arg>SV</arg>
<arg>SX</arg>
<arg>SY</arg>
<arg>SZ</arg>
<arg>TC</arg>
<arg>TD</arg>
<arg>TF</arg>
<arg>TG</arg>
<arg>TH</arg>
<arg>TJ</arg>
<arg>TK</arg>
<arg>TL</arg>
<arg>TM</arg>
<arg>TN</arg>
<arg>TO</arg>
<arg>TR</arg>
<arg>TT</arg>
<arg>TV</arg>
<arg>TW</arg>
<arg>TZ</arg>
<arg>UA</arg>
<arg>UG</arg>
<arg>UM</arg>
<arg>US</arg>
<arg>UY</arg>
<arg>UZ</arg>
<arg>VA</arg>
<arg>VC</arg>
<arg>VE</arg>
<arg>VG</arg>
<arg>VI</arg>
<arg>VN</arg>
<arg>VU</arg>
<arg>WF</arg>
<arg>WS</arg>
<arg>XK</arg>
<arg>YE</arg>
<arg>YT</arg>
<arg>ZA</arg>
<arg>ZM</arg>
<arg>ZW</arg>
<doc>Returns a list containing given items.</doc>
<status status="PASS" start="2024-06-23T17:13:06.091041" elapsed="0.000618"/>
</kw>
<kw name="List Should Contain Value" owner="Collections">
<arg>${list_country}</arg>
<arg>${name_country}</arg>
<doc>Fails if the ``value`` is not found from ``list``.</doc>
<status status="PASS" start="2024-06-23T17:13:06.092440" elapsed="0.000198"/>
</kw>
<kw name="Run Keyword If" owner="BuiltIn">
<kw name="Should Be True" owner="BuiltIn">
<arg>${True}</arg>
<doc>Fails if the given condition is not true.</doc>
<status status="PASS" start="2024-06-23T17:13:06.093615" elapsed="0.000172"/>
</kw>
<arg>${json_data["results"][0]["location"]["coordinates"]["latitude"]} &gt;= -90 and ${json_data["results"][0]["location"]["coordinates"]["latitude"]} &lt;= 90</arg>
<arg>Should Be True</arg>
<arg>${True}</arg>
<doc>Runs the given keyword with the given arguments, if ``condition`` is true.</doc>
<status status="PASS" start="2024-06-23T17:13:06.092848" elapsed="0.001064"/>
</kw>
<kw name="Run Keyword If" owner="BuiltIn">
<kw name="Should Be True" owner="BuiltIn">
<arg>${True}</arg>
<doc>Fails if the given condition is not true.</doc>
<status status="PASS" start="2024-06-23T17:13:06.094782" elapsed="0.000134"/>
</kw>
<arg>${json_data["results"][0]["location"]["coordinates"]["longitude"]} &gt;= -180 and ${json_data["results"][0]["location"]["coordinates"]["longitude"]} &lt;= 180</arg>
<arg>Should Be True</arg>
<arg>${True}</arg>
<doc>Runs the given keyword with the given arguments, if ``condition`` is true.</doc>
<status status="PASS" start="2024-06-23T17:13:06.094092" elapsed="0.000947"/>
</kw>
<status status="PASS" start="2024-06-23T17:13:05.962654" elapsed="0.132513"/>
</kw>
<doc>Testa o conteúdo específico dos campos retornados pela API.</doc>
<tag>testeConteudo</tag>
<status status="PASS" start="2024-06-23T17:13:05.961986" elapsed="0.133325"/>
</test>
<status status="PASS" start="2024-06-23T17:13:05.139755" elapsed="0.957417"/>
</suite>
<status status="PASS" start="2024-06-23T17:13:05.125419" elapsed="0.976949"/>
</suite>
<statistics>
<total>
<stat pass="5" fail="0" skip="0">All Tests</stat>
</total>
<tag>
<stat pass="1" fail="0" skip="0">testeConteudo</stat>
<stat pass="1" fail="0" skip="0">testeEstruturaResposta</stat>
<stat pass="1" fail="0" skip="0">testeRequisicaoBasica</stat>
<stat pass="1" fail="0" skip="0">testeTiposDados</stat>
</tag>
<suite>
<stat pass="5" fail="0" skip="0" id="s1" name="Tests">Tests</stat>
<stat pass="5" fail="0" skip="0" id="s1-s1" name="Random-User-Test">Tests.Random-User-Test</stat>
</suite>
</statistics>
<errors>
</errors>
</robot>
