<?xml version="1.0" encoding="UTF-8"?>
<robot generator="Robot 7.0 (Python 3.12.3 on linux)" generated="2024-06-05T10:15:41.572342" rpa="false" schemaversion="5">
<suite id="s1" name="Tests" source="/home/runner/work/ApiRandomUser/ApiRandomUser/RamdonUser/tests">
<suite id="s1-s1" name="Random-User-Test" source="/home/runner/work/ApiRandomUser/ApiRandomUser/RamdonUser/tests/random-user-test.robot">
<test id="s1-s1-t1" name="Conectar" line="13">
<kw name="Conectar API" owner="random-user-service">
<kw name="Create Session" owner="RequestsLibrary">
<msg time="2024-06-05T10:15:41.978364" level="INFO">Creating Session using : alias=consultarAPI, url=https://randomuser.me/, headers={},                     cookies={}, auth=None, timeout=None, proxies=None, verify=False,                     debug=0 </msg>
<arg>consultarAPI</arg>
<arg>${URL}</arg>
<doc>Create Session: create a HTTP session to a server</doc>
<status status="PASS" start="2024-06-05T10:15:41.978158" elapsed="0.000405"/>
</kw>
<status status="PASS" start="2024-06-05T10:15:41.977151" elapsed="0.001783"/>
</kw>
<status status="PASS" start="2024-06-05T10:15:41.976577" elapsed="0.002554"/>
</test>
<test id="s1-s1-t2" name="Validar retorno 200 e JSON Válido" line="16">
<kw name="Teste de Requisicao Basica" owner="random-user-service">
<kw name="GET On Session" owner="RequestsLibrary">
<msg time="2024-06-05T10:15:42.137228" level="INFO">GET Request : url=https://randomuser.me/api 
 path_url=/api 
 headers={'User-Agent': 'python-requests/2.32.3', 'Accept-Encoding': 'gzip, deflate', 'Accept': '*/*', 'Connection': 'keep-alive'} 
 body=None 
 </msg>
<msg time="2024-06-05T10:15:42.137385" level="INFO">GET Response : url=https://randomuser.me/api 
 status=200, reason=OK 
 headers={'Date': 'Wed, 05 Jun 2024 10:15:42 GMT', 'Content-Type': 'application/json; charset=utf-8', 'Transfer-Encoding': 'chunked', 'Connection': 'keep-alive', 'X-Powered-By': 'Express', 'Access-Control-Allow-Origin': '*', 'Cache-Control': 'no-cache', 'ETag': 'W/"47b-4Mq1rcvW3pNQ01eneLj7W2SCaRA"', 'Vary': 'Accept-Encoding', 'Content-Encoding': 'gzip', 'CF-Cache-Status': 'DYNAMIC', 'Report-To': '{"endpoints":[{"url":"https:\\/\\/a.nel.cloudflare.com\\/report\\/v4?s=54HO4nfGCwopf8vEWd%2FkShF3hCxS3cVKtR%2BdeAlsIa6LwiUzC9%2BGs6bB9xvGxPiC6s%2F239q9ytpAgo%2B0IZoiALdr4eLY0b6YhNpX7mOEYeXMHdIfhHljdnJWJP4Q7GYo"}],"group":"cf-nel","max_age":604800}', 'NEL': '{"success_fraction":0,"report_to":"cf-nel","max_age":604800}', 'Server': 'cloudflare', 'CF-RAY': '88ef67279b04faec-SJC', 'alt-svc': 'h3=":443"; ma=86400'} 
 body={"results":[{"gender":"male","name":{"title":"Mr","first":"Jeff","last":"Dean"},"location":{"street":{"number":7273,"name":"Church Road"},"city":"Carrickmacross","state":"Dublin City","country":"Ireland","postcode":26248,"coordinates":{"latitude":"3.4957","longitude":"-16.8974"},"timezone":{"offset":"-11:00","description":"Midway Island, Samoa"}},"email":"jeff.dean@example.com","login":{"uuid":"730b1332-3af1-48e5-a7ad-288273f08604","username":"purpleswan250","password":"jessica1","salt":"pQ8eG4wO","md5":"2dfbb248d84190bd4857c8259eb77b73","sha1":"ed1fde2664d556a908583cada5dbfa893ce319cb","sha256":"4316fd99721ef20004d2926fa90080496cfa4bc7a9b331ff43ffab850eef44be"},"dob":{"date":"1974-07-09T13:26:11.369Z","age":49},"registered":{"date":"2013-04-29T19:41:54.297Z","age":11},"phone":"041-290-5303","cell":"081-161-5123","id":{"name":"PPS","value":"0379095T"},"picture":{"large":"https://randomuser.me/api/portraits/men/12.jpg","medium":"https://randomuser.me/api/portraits/med/men/12.jpg","thumbnail":"https://randomuser.me/api/portraits/thumb/men/12.jpg"},"nat":"IE"}],"info":{"seed":"32da320634501fa9","results":1,"page":1,"version":"1.4"}} 
 </msg>
<msg time="2024-06-05T10:15:42.137466" level="INFO">/opt/hostedtoolcache/Python/3.12.3/x64/lib/python3.12/site-packages/urllib3/connectionpool.py:1103: InsecureRequestWarning: Unverified HTTPS request is being made to host 'randomuser.me'. Adding certificate verification is strongly advised. See: https://urllib3.readthedocs.io/en/latest/advanced-usage.html#tls-warnings
  warnings.warn(</msg>
<msg time="2024-06-05T10:15:42.137608" level="INFO">${response} = &lt;Response [200]&gt;</msg>
<var>${response}</var>
<arg>consultarAPI</arg>
<arg>/api</arg>
<doc>Sends a GET request on a previously created HTTP Session.</doc>
<status status="PASS" start="2024-06-05T10:15:41.981766" elapsed="0.155886"/>
</kw>
<kw name="Should Be Equal As Numbers" owner="BuiltIn">
<msg time="2024-06-05T10:15:42.138734" level="INFO">Argument types are:
&lt;class 'int'&gt;
&lt;class 'str'&gt;</msg>
<arg>${response.status_code}</arg>
<arg>200</arg>
<doc>Fails if objects are unequal after converting them to real numbers.</doc>
<status status="PASS" start="2024-06-05T10:15:42.138272" elapsed="0.000531"/>
</kw>
<kw name="Log" owner="BuiltIn">
<msg time="2024-06-05T10:15:42.139538" level="INFO">200</msg>
<arg>${response.status_code}</arg>
<doc>Logs the given message with the given level.</doc>
<status status="PASS" start="2024-06-05T10:15:42.139139" elapsed="0.000451"/>
</kw>
<kw name="Set Variable" owner="BuiltIn">
<msg time="2024-06-05T10:15:42.140338" level="INFO">${json_data} = {'results': [{'gender': 'male', 'name': {'title': 'Mr', 'first': 'Jeff', 'last': 'Dean'}, 'location': {'street': {'number': 7273, 'name': 'Church Road'}, 'city': 'Carrickmacross', 'state': 'Dublin Cit...</msg>
<var>${json_data}</var>
<arg>${response.json()}</arg>
<doc>Returns the given values which can then be assigned to a variables.</doc>
<status status="PASS" start="2024-06-05T10:15:42.139906" elapsed="0.000461"/>
</kw>
<kw name="Dictionary Should Contain Key" owner="Collections">
<msg time="2024-06-05T10:15:42.140864" level="INFO">False</msg>
<arg>${json_data}</arg>
<arg>results</arg>
<doc>Fails if ``key`` is not found from ``dictionary``.</doc>
<status status="PASS" start="2024-06-05T10:15:42.140686" elapsed="0.000217"/>
</kw>
<status status="PASS" start="2024-06-05T10:15:41.981514" elapsed="0.159649"/>
</kw>
<doc>Testa se a API responde corretamente e retorna um objeto JSON válido.</doc>
<tag>testeRequisicaoBasica</tag>
<status status="PASS" start="2024-06-05T10:15:41.981027" elapsed="0.160323"/>
</test>
<test id="s1-s1-t3" name="Validar estrutura de resposta" line="22">
<kw name="Teste de Estrutura de Resposta" owner="random-user-service">
<kw name="GET On Session" owner="RequestsLibrary">
<msg time="2024-06-05T10:15:42.232224" level="INFO">GET Request : url=https://randomuser.me/api 
 path_url=/api 
 headers={'User-Agent': 'python-requests/2.32.3', 'Accept-Encoding': 'gzip, deflate', 'Accept': '*/*', 'Connection': 'keep-alive'} 
 body=None 
 </msg>
<msg time="2024-06-05T10:15:42.232328" level="INFO">GET Response : url=https://randomuser.me/api 
 status=200, reason=OK 
 headers={'Date': 'Wed, 05 Jun 2024 10:15:42 GMT', 'Content-Type': 'application/json; charset=utf-8', 'Transfer-Encoding': 'chunked', 'Connection': 'keep-alive', 'X-Powered-By': 'Express', 'Access-Control-Allow-Origin': '*', 'Cache-Control': 'no-cache', 'ETag': 'W/"473-Uc11QJOcJ7uYPGD+k6oEj/5XDW8"', 'Vary': 'Accept-Encoding', 'Content-Encoding': 'gzip', 'CF-Cache-Status': 'DYNAMIC', 'Report-To': '{"endpoints":[{"url":"https:\\/\\/a.nel.cloudflare.com\\/report\\/v4?s=d6d5KAQL8%2B8PkXvb6BpIdOnL47%2FpZHlzHng5sRrwP46qQ2IHbVlJvnU9s2ObKsN6SCcTKe1CiFuv94QRJYneNy%2Fo%2Bc0D8yd8RrBZD9U9UuS3IwSl98il1GBTed%2BHLGbr"}],"group":"cf-nel","max_age":604800}', 'NEL': '{"success_fraction":0,"report_to":"cf-nel","max_age":604800}', 'Server': 'cloudflare', 'CF-RAY': '88ef67287ba4faec-SJC', 'alt-svc': 'h3=":443"; ma=86400'} 
 body={"results":[{"gender":"female","name":{"title":"Ms","first":"Lea","last":"Olsen"},"location":{"street":{"number":1988,"name":"Vesterbrogade"},"city":"Hurup Thy","state":"Hovedstaden","country":"Denmark","postcode":80112,"coordinates":{"latitude":"-43.1916","longitude":"23.8931"},"timezone":{"offset":"-3:30","description":"Newfoundland"}},"email":"lea.olsen@example.com","login":{"uuid":"8bb43e54-c1da-4bc8-a927-cf3f620699c8","username":"heavyrabbit990","password":"bigmoney","salt":"hZPSWIOJ","md5":"fe6f0cdc0cf8a7f4d9068851a4a1c7e8","sha1":"443405b8bf96bc441eb64544be1ff35bf6bae05d","sha256":"9f4ef18deef51bebf2236a92f4c182a52d737e1c64ed9449e38410e2f5c0dea6"},"dob":{"date":"1955-09-23T21:39:50.184Z","age":68},"registered":{"date":"2021-06-19T17:05:51.298Z","age":2},"phone":"10356755","cell":"58264607","id":{"name":"CPR","value":"230955-6981"},"picture":{"large":"https://randomuser.me/api/portraits/women/37.jpg","medium":"https://randomuser.me/api/portraits/med/women/37.jpg","thumbnail":"https://randomuser.me/api/portraits/thumb/women/37.jpg"},"nat":"DK"}],"info":{"seed":"d476a8c4f8284195","results":1,"page":1,"version":"1.4"}} 
 </msg>
<msg time="2024-06-05T10:15:42.232456" level="INFO">/opt/hostedtoolcache/Python/3.12.3/x64/lib/python3.12/site-packages/urllib3/connectionpool.py:1103: InsecureRequestWarning: Unverified HTTPS request is being made to host 'randomuser.me'. Adding certificate verification is strongly advised. See: https://urllib3.readthedocs.io/en/latest/advanced-usage.html#tls-warnings
  warnings.warn(</msg>
<msg time="2024-06-05T10:15:42.232579" level="INFO">${response} = &lt;Response [200]&gt;</msg>
<var>${response}</var>
<arg>consultarAPI</arg>
<arg>/api</arg>
<doc>Sends a GET request on a previously created HTTP Session.</doc>
<status status="PASS" start="2024-06-05T10:15:42.144936" elapsed="0.087669"/>
</kw>
<kw name="Set Variable" owner="BuiltIn">
<msg time="2024-06-05T10:15:42.233670" level="INFO">${json_data} = {'results': [{'gender': 'female', 'name': {'title': 'Ms', 'first': 'Lea', 'last': 'Olsen'}, 'location': {'street': {'number': 1988, 'name': 'Vesterbrogade'}, 'city': 'Hurup Thy', 'state': 'Hovedstaden...</msg>
<var>${json_data}</var>
<arg>${response.json()}</arg>
<doc>Returns the given values which can then be assigned to a variables.</doc>
<status status="PASS" start="2024-06-05T10:15:42.233132" elapsed="0.000575"/>
</kw>
<kw name="Log" owner="BuiltIn">
<msg time="2024-06-05T10:15:42.234181" level="INFO">{'results': [{'gender': 'female', 'name': {'title': 'Ms', 'first': 'Lea', 'last': 'Olsen'}, 'location': {'street': {'number': 1988, 'name': 'Vesterbrogade'}, 'city': 'Hurup Thy', 'state': 'Hovedstaden', 'country': 'Denmark', 'postcode': 80112, 'coordinates': {'latitude': '-43.1916', 'longitude': '23.8931'}, 'timezone': {'offset': '-3:30', 'description': 'Newfoundland'}}, 'email': 'lea.olsen@example.com', 'login': {'uuid': '8bb43e54-c1da-4bc8-a927-cf3f620699c8', 'username': 'heavyrabbit990', 'password': 'bigmoney', 'salt': 'hZPSWIOJ', 'md5': 'fe6f0cdc0cf8a7f4d9068851a4a1c7e8', 'sha1': '443405b8bf96bc441eb64544be1ff35bf6bae05d', 'sha256': '9f4ef18deef51bebf2236a92f4c182a52d737e1c64ed9449e38410e2f5c0dea6'}, 'dob': {'date': '1955-09-23T21:39:50.184Z', 'age': 68}, 'registered': {'date': '2021-06-19T17:05:51.298Z', 'age': 2}, 'phone': '10356755', 'cell': '58264607', 'id': {'name': 'CPR', 'value': '230955-6981'}, 'picture': {'large': 'https://randomuser.me/api/portraits/women/37.jpg', 'medium': 'https://randomuser.me/api/portraits/med/women/37.jpg', 'thumbnail': 'https://randomuser.me/api/portraits/thumb/women/37.jpg'}, 'nat': 'DK'}], 'info': {'seed': 'd476a8c4f8284195', 'results': 1, 'page': 1, 'version': '1.4'}}</msg>
<arg>${json_data}</arg>
<doc>Logs the given message with the given level.</doc>
<status status="PASS" start="2024-06-05T10:15:42.234024" elapsed="0.000208"/>
</kw>
<kw name="Dictionary Should Contain Key" owner="Collections">
<msg time="2024-06-05T10:15:42.234685" level="INFO">False</msg>
<arg>${json_data}</arg>
<arg>results</arg>
<doc>Fails if ``key`` is not found from ``dictionary``.</doc>
<status status="PASS" start="2024-06-05T10:15:42.234526" elapsed="0.000196"/>
</kw>
<kw name="Should Not Be Empty" owner="BuiltIn">
<msg time="2024-06-05T10:15:42.235133" level="INFO">Length is 2.</msg>
<arg>${json_data}</arg>
<doc>Verifies that the given item is not empty.</doc>
<status status="PASS" start="2024-06-05T10:15:42.235007" elapsed="0.000163"/>
</kw>
<kw name="Create List" owner="BuiltIn">
<msg time="2024-06-05T10:15:42.235815" level="INFO">${expected_keys} = ['gender', 'name', 'location', 'email', 'login']</msg>
<var>${expected_keys}</var>
<arg>gender</arg>
<arg>name</arg>
<arg>location</arg>
<arg>email</arg>
<arg>login</arg>
<doc>Returns a list containing given items.</doc>
<status status="PASS" start="2024-06-05T10:15:42.235507" elapsed="0.000332"/>
</kw>
<for flavor="IN">
<iter>
<kw name="Dictionary Should Contain Key" owner="Collections">
<msg time="2024-06-05T10:15:42.236833" level="INFO">False</msg>
<arg>${json_data['results'][0]}</arg>
<arg>${key}</arg>
<doc>Fails if ``key`` is not found from ``dictionary``.</doc>
<status status="PASS" start="2024-06-05T10:15:42.236423" elapsed="0.000448"/>
</kw>
<kw name="Log" owner="BuiltIn">
<msg time="2024-06-05T10:15:42.237525" level="INFO">{'gender': 'female', 'name': {'title': 'Ms', 'first': 'Lea', 'last': 'Olsen'}, 'location': {'street': {'number': 1988, 'name': 'Vesterbrogade'}, 'city': 'Hurup Thy', 'state': 'Hovedstaden', 'country': 'Denmark', 'postcode': 80112, 'coordinates': {'latitude': '-43.1916', 'longitude': '23.8931'}, 'timezone': {'offset': '-3:30', 'description': 'Newfoundland'}}, 'email': 'lea.olsen@example.com', 'login': {'uuid': '8bb43e54-c1da-4bc8-a927-cf3f620699c8', 'username': 'heavyrabbit990', 'password': 'bigmoney', 'salt': 'hZPSWIOJ', 'md5': 'fe6f0cdc0cf8a7f4d9068851a4a1c7e8', 'sha1': '443405b8bf96bc441eb64544be1ff35bf6bae05d', 'sha256': '9f4ef18deef51bebf2236a92f4c182a52d737e1c64ed9449e38410e2f5c0dea6'}, 'dob': {'date': '1955-09-23T21:39:50.184Z', 'age': 68}, 'registered': {'date': '2021-06-19T17:05:51.298Z', 'age': 2}, 'phone': '10356755', 'cell': '58264607', 'id': {'name': 'CPR', 'value': '230955-6981'}, 'picture': {'large': 'https://randomuser.me/api/portraits/women/37.jpg', 'medium': 'https://randomuser.me/api/portraits/med/women/37.jpg', 'thumbnail': 'https://randomuser.me/api/portraits/thumb/women/37.jpg'}, 'nat': 'DK'}</msg>
<arg>${json_data['results'][0]}</arg>
<doc>Logs the given message with the given level.</doc>
<status status="PASS" start="2024-06-05T10:15:42.237164" elapsed="0.000410"/>
</kw>
<kw name="Log" owner="BuiltIn">
<msg time="2024-06-05T10:15:42.237988" level="INFO">gender</msg>
<arg>${key}</arg>
<doc>Logs the given message with the given level.</doc>
<status status="PASS" start="2024-06-05T10:15:42.237862" elapsed="0.000164"/>
</kw>
<var name="${key}">gender</var>
<status status="PASS" start="2024-06-05T10:15:42.236299" elapsed="0.001939"/>
</iter>
<iter>
<kw name="Dictionary Should Contain Key" owner="Collections">
<msg time="2024-06-05T10:15:42.238920" level="INFO">False</msg>
<arg>${json_data['results'][0]}</arg>
<arg>${key}</arg>
<doc>Fails if ``key`` is not found from ``dictionary``.</doc>
<status status="PASS" start="2024-06-05T10:15:42.238533" elapsed="0.000425"/>
</kw>
<kw name="Log" owner="BuiltIn">
<msg time="2024-06-05T10:15:42.239671" level="INFO">{'gender': 'female', 'name': {'title': 'Ms', 'first': 'Lea', 'last': 'Olsen'}, 'location': {'street': {'number': 1988, 'name': 'Vesterbrogade'}, 'city': 'Hurup Thy', 'state': 'Hovedstaden', 'country': 'Denmark', 'postcode': 80112, 'coordinates': {'latitude': '-43.1916', 'longitude': '23.8931'}, 'timezone': {'offset': '-3:30', 'description': 'Newfoundland'}}, 'email': 'lea.olsen@example.com', 'login': {'uuid': '8bb43e54-c1da-4bc8-a927-cf3f620699c8', 'username': 'heavyrabbit990', 'password': 'bigmoney', 'salt': 'hZPSWIOJ', 'md5': 'fe6f0cdc0cf8a7f4d9068851a4a1c7e8', 'sha1': '443405b8bf96bc441eb64544be1ff35bf6bae05d', 'sha256': '9f4ef18deef51bebf2236a92f4c182a52d737e1c64ed9449e38410e2f5c0dea6'}, 'dob': {'date': '1955-09-23T21:39:50.184Z', 'age': 68}, 'registered': {'date': '2021-06-19T17:05:51.298Z', 'age': 2}, 'phone': '10356755', 'cell': '58264607', 'id': {'name': 'CPR', 'value': '230955-6981'}, 'picture': {'large': 'https://randomuser.me/api/portraits/women/37.jpg', 'medium': 'https://randomuser.me/api/portraits/med/women/37.jpg', 'thumbnail': 'https://randomuser.me/api/portraits/thumb/women/37.jpg'}, 'nat': 'DK'}</msg>
<arg>${json_data['results'][0]}</arg>
<doc>Logs the given message with the given level.</doc>
<status status="PASS" start="2024-06-05T10:15:42.239281" elapsed="0.000447"/>
</kw>
<kw name="Log" owner="BuiltIn">
<msg time="2024-06-05T10:15:42.240145" level="INFO">name</msg>
<arg>${key}</arg>
<doc>Logs the given message with the given level.</doc>
<status status="PASS" start="2024-06-05T10:15:42.240021" elapsed="0.000161"/>
</kw>
<var name="${key}">name</var>
<status status="PASS" start="2024-06-05T10:15:42.238420" elapsed="0.001974"/>
</iter>
<iter>
<kw name="Dictionary Should Contain Key" owner="Collections">
<msg time="2024-06-05T10:15:42.241045" level="INFO">False</msg>
<arg>${json_data['results'][0]}</arg>
<arg>${key}</arg>
<doc>Fails if ``key`` is not found from ``dictionary``.</doc>
<status status="PASS" start="2024-06-05T10:15:42.240675" elapsed="0.000407"/>
</kw>
<kw name="Log" owner="BuiltIn">
<msg time="2024-06-05T10:15:42.241721" level="INFO">{'gender': 'female', 'name': {'title': 'Ms', 'first': 'Lea', 'last': 'Olsen'}, 'location': {'street': {'number': 1988, 'name': 'Vesterbrogade'}, 'city': 'Hurup Thy', 'state': 'Hovedstaden', 'country': 'Denmark', 'postcode': 80112, 'coordinates': {'latitude': '-43.1916', 'longitude': '23.8931'}, 'timezone': {'offset': '-3:30', 'description': 'Newfoundland'}}, 'email': 'lea.olsen@example.com', 'login': {'uuid': '8bb43e54-c1da-4bc8-a927-cf3f620699c8', 'username': 'heavyrabbit990', 'password': 'bigmoney', 'salt': 'hZPSWIOJ', 'md5': 'fe6f0cdc0cf8a7f4d9068851a4a1c7e8', 'sha1': '443405b8bf96bc441eb64544be1ff35bf6bae05d', 'sha256': '9f4ef18deef51bebf2236a92f4c182a52d737e1c64ed9449e38410e2f5c0dea6'}, 'dob': {'date': '1955-09-23T21:39:50.184Z', 'age': 68}, 'registered': {'date': '2021-06-19T17:05:51.298Z', 'age': 2}, 'phone': '10356755', 'cell': '58264607', 'id': {'name': 'CPR', 'value': '230955-6981'}, 'picture': {'large': 'https://randomuser.me/api/portraits/women/37.jpg', 'medium': 'https://randomuser.me/api/portraits/med/women/37.jpg', 'thumbnail': 'https://randomuser.me/api/portraits/thumb/women/37.jpg'}, 'nat': 'DK'}</msg>
<arg>${json_data['results'][0]}</arg>
<doc>Logs the given message with the given level.</doc>
<status status="PASS" start="2024-06-05T10:15:42.241371" elapsed="0.000398"/>
</kw>
<kw name="Log" owner="BuiltIn">
<msg time="2024-06-05T10:15:42.242190" level="INFO">location</msg>
<arg>${key}</arg>
<doc>Logs the given message with the given level.</doc>
<status status="PASS" start="2024-06-05T10:15:42.242067" elapsed="0.000161"/>
</kw>
<var name="${key}">location</var>
<status status="PASS" start="2024-06-05T10:15:42.240567" elapsed="0.001874"/>
</iter>
<iter>
<kw name="Dictionary Should Contain Key" owner="Collections">
<msg time="2024-06-05T10:15:42.243099" level="INFO">False</msg>
<arg>${json_data['results'][0]}</arg>
<arg>${key}</arg>
<doc>Fails if ``key`` is not found from ``dictionary``.</doc>
<status status="PASS" start="2024-06-05T10:15:42.242725" elapsed="0.000411"/>
</kw>
<kw name="Log" owner="BuiltIn">
<msg time="2024-06-05T10:15:42.243811" level="INFO">{'gender': 'female', 'name': {'title': 'Ms', 'first': 'Lea', 'last': 'Olsen'}, 'location': {'street': {'number': 1988, 'name': 'Vesterbrogade'}, 'city': 'Hurup Thy', 'state': 'Hovedstaden', 'country': 'Denmark', 'postcode': 80112, 'coordinates': {'latitude': '-43.1916', 'longitude': '23.8931'}, 'timezone': {'offset': '-3:30', 'description': 'Newfoundland'}}, 'email': 'lea.olsen@example.com', 'login': {'uuid': '8bb43e54-c1da-4bc8-a927-cf3f620699c8', 'username': 'heavyrabbit990', 'password': 'bigmoney', 'salt': 'hZPSWIOJ', 'md5': 'fe6f0cdc0cf8a7f4d9068851a4a1c7e8', 'sha1': '443405b8bf96bc441eb64544be1ff35bf6bae05d', 'sha256': '9f4ef18deef51bebf2236a92f4c182a52d737e1c64ed9449e38410e2f5c0dea6'}, 'dob': {'date': '1955-09-23T21:39:50.184Z', 'age': 68}, 'registered': {'date': '2021-06-19T17:05:51.298Z', 'age': 2}, 'phone': '10356755', 'cell': '58264607', 'id': {'name': 'CPR', 'value': '230955-6981'}, 'picture': {'large': 'https://randomuser.me/api/portraits/women/37.jpg', 'medium': 'https://randomuser.me/api/portraits/med/women/37.jpg', 'thumbnail': 'https://randomuser.me/api/portraits/thumb/women/37.jpg'}, 'nat': 'DK'}</msg>
<arg>${json_data['results'][0]}</arg>
<doc>Logs the given message with the given level.</doc>
<status status="PASS" start="2024-06-05T10:15:42.243453" elapsed="0.000406"/>
</kw>
<kw name="Log" owner="BuiltIn">
<msg time="2024-06-05T10:15:42.244274" level="INFO">email</msg>
<arg>${key}</arg>
<doc>Logs the given message with the given level.</doc>
<status status="PASS" start="2024-06-05T10:15:42.244149" elapsed="0.000162"/>
</kw>
<var name="${key}">email</var>
<status status="PASS" start="2024-06-05T10:15:42.242613" elapsed="0.001909"/>
</iter>
<iter>
<kw name="Dictionary Should Contain Key" owner="Collections">
<msg time="2024-06-05T10:15:42.245190" level="INFO">False</msg>
<arg>${json_data['results'][0]}</arg>
<arg>${key}</arg>
<doc>Fails if ``key`` is not found from ``dictionary``.</doc>
<status status="PASS" start="2024-06-05T10:15:42.244803" elapsed="0.000424"/>
</kw>
<kw name="Log" owner="BuiltIn">
<msg time="2024-06-05T10:15:42.245877" level="INFO">{'gender': 'female', 'name': {'title': 'Ms', 'first': 'Lea', 'last': 'Olsen'}, 'location': {'street': {'number': 1988, 'name': 'Vesterbrogade'}, 'city': 'Hurup Thy', 'state': 'Hovedstaden', 'country': 'Denmark', 'postcode': 80112, 'coordinates': {'latitude': '-43.1916', 'longitude': '23.8931'}, 'timezone': {'offset': '-3:30', 'description': 'Newfoundland'}}, 'email': 'lea.olsen@example.com', 'login': {'uuid': '8bb43e54-c1da-4bc8-a927-cf3f620699c8', 'username': 'heavyrabbit990', 'password': 'bigmoney', 'salt': 'hZPSWIOJ', 'md5': 'fe6f0cdc0cf8a7f4d9068851a4a1c7e8', 'sha1': '443405b8bf96bc441eb64544be1ff35bf6bae05d', 'sha256': '9f4ef18deef51bebf2236a92f4c182a52d737e1c64ed9449e38410e2f5c0dea6'}, 'dob': {'date': '1955-09-23T21:39:50.184Z', 'age': 68}, 'registered': {'date': '2021-06-19T17:05:51.298Z', 'age': 2}, 'phone': '10356755', 'cell': '58264607', 'id': {'name': 'CPR', 'value': '230955-6981'}, 'picture': {'large': 'https://randomuser.me/api/portraits/women/37.jpg', 'medium': 'https://randomuser.me/api/portraits/med/women/37.jpg', 'thumbnail': 'https://randomuser.me/api/portraits/thumb/women/37.jpg'}, 'nat': 'DK'}</msg>
<arg>${json_data['results'][0]}</arg>
<doc>Logs the given message with the given level.</doc>
<status status="PASS" start="2024-06-05T10:15:42.245520" elapsed="0.000405"/>
</kw>
<kw name="Log" owner="BuiltIn">
<msg time="2024-06-05T10:15:42.246333" level="INFO">login</msg>
<arg>${key}</arg>
<doc>Logs the given message with the given level.</doc>
<status status="PASS" start="2024-06-05T10:15:42.246211" elapsed="0.000159"/>
</kw>
<var name="${key}">login</var>
<status status="PASS" start="2024-06-05T10:15:42.244693" elapsed="0.001889"/>
</iter>
<var>${key}</var>
<value>@{expected_keys}</value>
<status status="PASS" start="2024-06-05T10:15:42.236104" elapsed="0.010598"/>
</for>
<kw name="Create List" owner="BuiltIn">
<msg time="2024-06-05T10:15:42.247083" level="INFO">${expected_keysTwo} = ['username', 'password']</msg>
<var>${expected_keysTwo}</var>
<arg>username</arg>
<arg>password</arg>
<doc>Returns a list containing given items.</doc>
<status status="PASS" start="2024-06-05T10:15:42.246934" elapsed="0.000173"/>
</kw>
<for flavor="IN">
<iter>
<kw name="Dictionary Should Contain Key" owner="Collections">
<msg time="2024-06-05T10:15:42.248025" level="INFO">False</msg>
<arg>${json_data['results'][0]['login']}</arg>
<arg>${keyTwo}</arg>
<doc>Fails if ``key`` is not found from ``dictionary``.</doc>
<status status="PASS" start="2024-06-05T10:15:42.247637" elapsed="0.000425"/>
</kw>
<kw name="Dictionary Should Contain Key" owner="Collections">
<msg time="2024-06-05T10:15:42.248729" level="INFO">False</msg>
<arg>${json_data['results'][0]['login']}</arg>
<arg>${keyTwo}</arg>
<doc>Fails if ``key`` is not found from ``dictionary``.</doc>
<status status="PASS" start="2024-06-05T10:15:42.248352" elapsed="0.000413"/>
</kw>
<kw name="Log" owner="BuiltIn">
<msg time="2024-06-05T10:15:42.249193" level="INFO">username</msg>
<arg>${keyTwo}</arg>
<doc>Logs the given message with the given level.</doc>
<status status="PASS" start="2024-06-05T10:15:42.249068" elapsed="0.000162"/>
</kw>
<var name="${keyTwo}">username</var>
<status status="PASS" start="2024-06-05T10:15:42.247531" elapsed="0.001908"/>
</iter>
<iter>
<kw name="Dictionary Should Contain Key" owner="Collections">
<msg time="2024-06-05T10:15:42.250086" level="INFO">False</msg>
<arg>${json_data['results'][0]['login']}</arg>
<arg>${keyTwo}</arg>
<doc>Fails if ``key`` is not found from ``dictionary``.</doc>
<status status="PASS" start="2024-06-05T10:15:42.249720" elapsed="0.000403"/>
</kw>
<kw name="Dictionary Should Contain Key" owner="Collections">
<msg time="2024-06-05T10:15:42.250871" level="INFO">False</msg>
<arg>${json_data['results'][0]['login']}</arg>
<arg>${keyTwo}</arg>
<doc>Fails if ``key`` is not found from ``dictionary``.</doc>
<status status="PASS" start="2024-06-05T10:15:42.250409" elapsed="0.000501"/>
</kw>
<kw name="Log" owner="BuiltIn">
<msg time="2024-06-05T10:15:42.251354" level="INFO">password</msg>
<arg>${keyTwo}</arg>
<doc>Logs the given message with the given level.</doc>
<status status="PASS" start="2024-06-05T10:15:42.251207" elapsed="0.000196"/>
</kw>
<var name="${keyTwo}">password</var>
<status status="PASS" start="2024-06-05T10:15:42.249605" elapsed="0.002014"/>
</iter>
<var>${keyTwo}</var>
<value>@{expected_keysTwo}</value>
<status status="PASS" start="2024-06-05T10:15:42.247369" elapsed="0.004370"/>
</for>
<status status="PASS" start="2024-06-05T10:15:42.144647" elapsed="0.107232"/>
</kw>
<doc>Testa a estrutura da resposta da API.</doc>
<tag>testeEstruturaResposta</tag>
<status status="PASS" start="2024-06-05T10:15:42.143957" elapsed="0.108083"/>
</test>
<test id="s1-s1-t4" name="Validar tipos de dados" line="28">
<kw name="Teste de Tipos de Dados" owner="random-user-service">
<kw name="GET On Session" owner="RequestsLibrary">
<msg time="2024-06-05T10:15:42.337784" level="INFO">GET Request : url=https://randomuser.me/api 
 path_url=/api 
 headers={'User-Agent': 'python-requests/2.32.3', 'Accept-Encoding': 'gzip, deflate', 'Accept': '*/*', 'Connection': 'keep-alive'} 
 body=None 
 </msg>
<msg time="2024-06-05T10:15:42.337888" level="INFO">GET Response : url=https://randomuser.me/api 
 status=200, reason=OK 
 headers={'Date': 'Wed, 05 Jun 2024 10:15:42 GMT', 'Content-Type': 'application/json; charset=utf-8', 'Transfer-Encoding': 'chunked', 'Connection': 'keep-alive', 'X-Powered-By': 'Express', 'Access-Control-Allow-Origin': '*', 'Cache-Control': 'no-cache', 'ETag': 'W/"4a7-0JxFBLVK/Ngcnq+C3Qn170hM6SA"', 'Vary': 'Accept-Encoding', 'Content-Encoding': 'gzip', 'CF-Cache-Status': 'DYNAMIC', 'Report-To': '{"endpoints":[{"url":"https:\\/\\/a.nel.cloudflare.com\\/report\\/v4?s=U9DmyCaPOjwpR%2B6SidLVEzRuj6Sk3NaFSHV3uamCMELftczHieldE72%2B2BDUOcuISDu5PFNZ%2BIyQWVug1JxWrPt1FMj5kI1ED4mvc8DZQlGyJkPAgDm%2FvwoZ5GeMxE7X"}],"group":"cf-nel","max_age":604800}', 'NEL': '{"success_fraction":0,"report_to":"cf-nel","max_age":604800}', 'Server': 'cloudflare', 'CF-RAY': '88ef67292c15faec-SJC', 'alt-svc': 'h3=":443"; ma=86400'} 
 body={"results":[{"gender":"male","name":{"title":"Mr","first":"Eduardo","last":"Rodríquez"},"location":{"street":{"number":741,"name":"Callejón Oaxaca"},"city":"El Tizate","state":"Puebla","country":"Mexico","postcode":75702,"coordinates":{"latitude":"25.5611","longitude":"-106.3543"},"timezone":{"offset":"0:00","description":"Western Europe Time, London, Lisbon, Casablanca"}},"email":"eduardo.rodriquez@example.com","login":{"uuid":"3c7134ab-274a-4dc5-ae14-ed31c7467aa6","username":"bigfish888","password":"trainer","salt":"jCsP2Vxj","md5":"8968564c85232a671bff82862bc5eee2","sha1":"007cab84c88ef0e6e3bb2a48f0b6d43546822fa6","sha256":"48ddb190ce865a8579df32038958c8aec37dbde93b420bed2389749f4462d0b7"},"dob":{"date":"1991-12-24T06:51:30.762Z","age":32},"registered":{"date":"2006-06-06T22:01:09.704Z","age":17},"phone":"(684) 244 6631","cell":"(652) 333 1097","id":{"name":"NSS","value":"08 59 72 4772 5"},"picture":{"large":"https://randomuser.me/api/portraits/men/10.jpg","medium":"https://randomuser.me/api/portraits/med/men/10.jpg","thumbnail":"https://randomuser.me/api/portraits/thumb/men/10.jpg"},"nat":"MX"}],"info":{"seed":"046079304f47857c","results":1,"page":1,"version":"1.4"}} 
 </msg>
<msg time="2024-06-05T10:15:42.337967" level="INFO">/opt/hostedtoolcache/Python/3.12.3/x64/lib/python3.12/site-packages/urllib3/connectionpool.py:1103: InsecureRequestWarning: Unverified HTTPS request is being made to host 'randomuser.me'. Adding certificate verification is strongly advised. See: https://urllib3.readthedocs.io/en/latest/advanced-usage.html#tls-warnings
  warnings.warn(</msg>
<msg time="2024-06-05T10:15:42.338092" level="INFO">${response} = &lt;Response [200]&gt;</msg>
<var>${response}</var>
<arg>consultarAPI</arg>
<arg>/api</arg>
<doc>Sends a GET request on a previously created HTTP Session.</doc>
<status status="PASS" start="2024-06-05T10:15:42.254540" elapsed="0.083581"/>
</kw>
<kw name="Set Variable" owner="BuiltIn">
<msg time="2024-06-05T10:15:42.339288" level="INFO">${json_data} = {'results': [{'gender': 'male', 'name': {'title': 'Mr', 'first': 'Eduardo', 'last': 'Rodríquez'}, 'location': {'street': {'number': 741, 'name': 'Callejón Oaxaca'}, 'city': 'El Tizate', 'state': 'Pueb...</msg>
<var>${json_data}</var>
<arg>${response.json()}</arg>
<doc>Returns the given values which can then be assigned to a variables.</doc>
<status status="PASS" start="2024-06-05T10:15:42.338716" elapsed="0.000645"/>
</kw>
<kw name="Log" owner="BuiltIn">
<msg time="2024-06-05T10:15:42.339963" level="INFO">{'results': [{'gender': 'male', 'name': {'title': 'Mr', 'first': 'Eduardo', 'last': 'Rodríquez'}, 'location': {'street': {'number': 741, 'name': 'Callejón Oaxaca'}, 'city': 'El Tizate', 'state': 'Puebla', 'country': 'Mexico', 'postcode': 75702, 'coordinates': {'latitude': '25.5611', 'longitude': '-106.3543'}, 'timezone': {'offset': '0:00', 'description': 'Western Europe Time, London, Lisbon, Casablanca'}}, 'email': 'eduardo.rodriquez@example.com', 'login': {'uuid': '3c7134ab-274a-4dc5-ae14-ed31c7467aa6', 'username': 'bigfish888', 'password': 'trainer', 'salt': 'jCsP2Vxj', 'md5': '8968564c85232a671bff82862bc5eee2', 'sha1': '007cab84c88ef0e6e3bb2a48f0b6d43546822fa6', 'sha256': '48ddb190ce865a8579df32038958c8aec37dbde93b420bed2389749f4462d0b7'}, 'dob': {'date': '1991-12-24T06:51:30.762Z', 'age': 32}, 'registered': {'date': '2006-06-06T22:01:09.704Z', 'age': 17}, 'phone': '(684) 244 6631', 'cell': '(652) 333 1097', 'id': {'name': 'NSS', 'value': '08 59 72 4772 5'}, 'picture': {'large': 'https://randomuser.me/api/portraits/men/10.jpg', 'medium': 'https://randomuser.me/api/portraits/med/men/10.jpg', 'thumbnail': 'https://randomuser.me/api/portraits/thumb/men/10.jpg'}, 'nat': 'MX'}], 'info': {'seed': '046079304f47857c', 'results': 1, 'page': 1, 'version': '1.4'}}</msg>
<arg>${json_data}</arg>
<doc>Logs the given message with the given level.</doc>
<status status="PASS" start="2024-06-05T10:15:42.339771" elapsed="0.000291"/>
</kw>
<kw name="Should Be String" owner="String">
<arg>${json_data['results'][0]['gender']}</arg>
<doc>Fails if the given ``item`` is not a string.</doc>
<status status="PASS" start="2024-06-05T10:15:42.340414" elapsed="0.000401"/>
</kw>
<kw name="Should Match Regexp" owner="BuiltIn">
<arg>${json_data['results'][0]['email']}</arg>
<arg>^[a-zA-Z0-9._%+-]+@[a-zA-Z0-9.-]+\.[a-zA-Z]{2,}$</arg>
<doc>Fails if ``string`` does not match ``pattern`` as a regular expression.</doc>
<status status="PASS" start="2024-06-05T10:15:42.341034" elapsed="0.000537"/>
</kw>
<kw name="Should Match Regexp" owner="BuiltIn">
<arg>${json_data['results'][0]['dob']['date']}</arg>
<arg>\\d{4}-\\d{2}-\\d{2}T\\d{2}:\\d{2}:\\d{2}\\.\\d{3}Z</arg>
<doc>Fails if ``string`` does not match ``pattern`` as a regular expression.</doc>
<status status="PASS" start="2024-06-05T10:15:42.341773" elapsed="0.000499"/>
</kw>
<kw name="Should Match Regexp" owner="BuiltIn">
<arg>${json_data['results'][0]['registered']['date']}</arg>
<arg>\\d{4}-\\d{2}-\\d{2}T\\d{2}:\\d{2}:\\d{2}\\.\\d{3}Z</arg>
<doc>Fails if ``string`` does not match ``pattern`` as a regular expression.</doc>
<status status="PASS" start="2024-06-05T10:15:42.342468" elapsed="0.000383"/>
</kw>
<kw name="Should Match Regexp" owner="BuiltIn">
<arg>${json_data['results'][0]['picture']['large']}</arg>
<arg>^https?://.*\.(?:png|jpe?g|gif|bmp)$</arg>
<doc>Fails if ``string`` does not match ``pattern`` as a regular expression.</doc>
<status status="PASS" start="2024-06-05T10:15:42.343042" elapsed="0.000493"/>
</kw>
<kw name="Should Match Regexp" owner="BuiltIn">
<arg>${json_data['results'][0]['picture']['medium']}</arg>
<arg>^https?://.*\.(?:png|jpe?g|gif|bmp)$</arg>
<doc>Fails if ``string`` does not match ``pattern`` as a regular expression.</doc>
<status status="PASS" start="2024-06-05T10:15:42.343728" elapsed="0.000357"/>
</kw>
<kw name="Should Match Regexp" owner="BuiltIn">
<arg>${json_data['results'][0]['picture']['thumbnail']}</arg>
<arg>^https?://.*\.(?:png|jpe?g|gif|bmp)$</arg>
<doc>Fails if ``string`` does not match ``pattern`` as a regular expression.</doc>
<status status="PASS" start="2024-06-05T10:15:42.344275" elapsed="0.000345"/>
</kw>
<kw name="Log" owner="BuiltIn">
<msg time="2024-06-05T10:15:42.345137" level="INFO">{'large': 'https://randomuser.me/api/portraits/men/10.jpg', 'medium': 'https://randomuser.me/api/portraits/med/men/10.jpg', 'thumbnail': 'https://randomuser.me/api/portraits/thumb/men/10.jpg'}</msg>
<arg>${json_data['results'][0]['picture']}</arg>
<doc>Logs the given message with the given level.</doc>
<status status="PASS" start="2024-06-05T10:15:42.344813" elapsed="0.000368"/>
</kw>
<status status="PASS" start="2024-06-05T10:15:42.254286" elapsed="0.091169"/>
</kw>
<kw name="Teste de Tipos de Dados - Postcode" owner="random-user-service">
<kw name="GET On Session" owner="RequestsLibrary">
<msg time="2024-06-05T10:15:42.439764" level="INFO">GET Request : url=https://randomuser.me/api 
 path_url=/api 
 headers={'User-Agent': 'python-requests/2.32.3', 'Accept-Encoding': 'gzip, deflate', 'Accept': '*/*', 'Connection': 'keep-alive'} 
 body=None 
 </msg>
<msg time="2024-06-05T10:15:42.439878" level="INFO">GET Response : url=https://randomuser.me/api 
 status=200, reason=OK 
 headers={'Date': 'Wed, 05 Jun 2024 10:15:42 GMT', 'Content-Type': 'application/json; charset=utf-8', 'Transfer-Encoding': 'chunked', 'Connection': 'keep-alive', 'X-Powered-By': 'Express', 'Access-Control-Allow-Origin': '*', 'Cache-Control': 'no-cache', 'ETag': 'W/"482-MytDoyRdohLwqKTWXObIGjlfN0g"', 'Vary': 'Accept-Encoding', 'Content-Encoding': 'gzip', 'CF-Cache-Status': 'DYNAMIC', 'Report-To': '{"endpoints":[{"url":"https:\\/\\/a.nel.cloudflare.com\\/report\\/v4?s=UyMSMJA0TWGX0GlsO3mKlejT11nOCePz%2Fqod8vN5r%2FDTy3lWJi5fE%2Fw1E6TjkzC%2BOOgteqUFdC%2BVAGT5FeVQic2N3tlVsLwEw79Xl9%2By3wCBF0xmbaBETb7yAjWLduNV"}],"group":"cf-nel","max_age":604800}', 'NEL': '{"success_fraction":0,"report_to":"cf-nel","max_age":604800}', 'Server': 'cloudflare', 'CF-RAY': '88ef6729cc71faec-SJC', 'alt-svc': 'h3=":443"; ma=86400'} 
 body={"results":[{"gender":"male","name":{"title":"Mr","first":"Mads","last":"Sørensen"},"location":{"street":{"number":7677,"name":"Diget"},"city":"Nimtofte","state":"Sjælland","country":"Denmark","postcode":83778,"coordinates":{"latitude":"-44.1597","longitude":"-64.4720"},"timezone":{"offset":"+1:00","description":"Brussels, Copenhagen, Madrid, Paris"}},"email":"mads.sorensen@example.com","login":{"uuid":"8e7c18cd-2bed-46a8-84db-9acc6f6f8876","username":"smallpeacock642","password":"darklord","salt":"kT4ZzPFV","md5":"2b95b9d06c7cf66873bbe5d5b8caff1a","sha1":"f8635c109f1b1f3a8d67705fa432f2b3b36a2fdc","sha256":"543e523580322d052e584529aaab77fe138863baa12094901bc0593b631b816e"},"dob":{"date":"1981-11-06T04:33:58.210Z","age":42},"registered":{"date":"2018-03-29T14:38:39.010Z","age":6},"phone":"39395544","cell":"87797296","id":{"name":"CPR","value":"051181-8424"},"picture":{"large":"https://randomuser.me/api/portraits/men/76.jpg","medium":"https://randomuser.me/api/portraits/med/men/76.jpg","thumbnail":"https://randomuser.me/api/portraits/thumb/men/76.jpg"},"nat":"DK"}],"info":{"seed":"19fed57ab60cf08e","results":1,"page":1,"version":"1.4"}} 
 </msg>
<msg time="2024-06-05T10:15:42.439964" level="INFO">/opt/hostedtoolcache/Python/3.12.3/x64/lib/python3.12/site-packages/urllib3/connectionpool.py:1103: InsecureRequestWarning: Unverified HTTPS request is being made to host 'randomuser.me'. Adding certificate verification is strongly advised. See: https://urllib3.readthedocs.io/en/latest/advanced-usage.html#tls-warnings
  warnings.warn(</msg>
<msg time="2024-06-05T10:15:42.440109" level="INFO">${response} = &lt;Response [200]&gt;</msg>
<var>${response}</var>
<arg>consultarAPI</arg>
<arg>/api</arg>
<doc>Sends a GET request on a previously created HTTP Session.</doc>
<status status="PASS" start="2024-06-05T10:15:42.345925" elapsed="0.094233"/>
</kw>
<kw name="Set Variable" owner="BuiltIn">
<msg time="2024-06-05T10:15:42.441392" level="INFO">${json_data} = {'results': [{'gender': 'male', 'name': {'title': 'Mr', 'first': 'Mads', 'last': 'Sørensen'}, 'location': {'street': {'number': 7677, 'name': 'Diget'}, 'city': 'Nimtofte', 'state': 'Sjælland', 'countr...</msg>
<var>${json_data}</var>
<arg>${response.json()}</arg>
<doc>Returns the given values which can then be assigned to a variables.</doc>
<status status="PASS" start="2024-06-05T10:15:42.440812" elapsed="0.000609"/>
</kw>
<kw name="Log" owner="BuiltIn">
<msg time="2024-06-05T10:15:42.441915" level="INFO">{'results': [{'gender': 'male', 'name': {'title': 'Mr', 'first': 'Mads', 'last': 'Sørensen'}, 'location': {'street': {'number': 7677, 'name': 'Diget'}, 'city': 'Nimtofte', 'state': 'Sjælland', 'country': 'Denmark', 'postcode': 83778, 'coordinates': {'latitude': '-44.1597', 'longitude': '-64.4720'}, 'timezone': {'offset': '+1:00', 'description': 'Brussels, Copenhagen, Madrid, Paris'}}, 'email': 'mads.sorensen@example.com', 'login': {'uuid': '8e7c18cd-2bed-46a8-84db-9acc6f6f8876', 'username': 'smallpeacock642', 'password': 'darklord', 'salt': 'kT4ZzPFV', 'md5': '2b95b9d06c7cf66873bbe5d5b8caff1a', 'sha1': 'f8635c109f1b1f3a8d67705fa432f2b3b36a2fdc', 'sha256': '543e523580322d052e584529aaab77fe138863baa12094901bc0593b631b816e'}, 'dob': {'date': '1981-11-06T04:33:58.210Z', 'age': 42}, 'registered': {'date': '2018-03-29T14:38:39.010Z', 'age': 6}, 'phone': '39395544', 'cell': '87797296', 'id': {'name': 'CPR', 'value': '051181-8424'}, 'picture': {'large': 'https://randomuser.me/api/portraits/men/76.jpg', 'medium': 'https://randomuser.me/api/portraits/med/men/76.jpg', 'thumbnail': 'https://randomuser.me/api/portraits/thumb/men/76.jpg'}, 'nat': 'DK'}], 'info': {'seed': '19fed57ab60cf08e', 'results': 1, 'page': 1, 'version': '1.4'}}</msg>
<arg>${json_data}</arg>
<doc>Logs the given message with the given level.</doc>
<status status="PASS" start="2024-06-05T10:15:42.441751" elapsed="0.000250"/>
</kw>
<kw name="Should Be Equal As Numbers" owner="BuiltIn">
<arg>${json_data['results'][0]['location']['postcode']}</arg>
<arg>${json_data['results'][0]['location']['postcode']}</arg>
<doc>Fails if objects are unequal after converting them to real numbers.</doc>
<status status="PASS" start="2024-06-05T10:15:42.442311" elapsed="0.000808"/>
</kw>
<kw name="Log" owner="BuiltIn">
<msg time="2024-06-05T10:15:42.443698" level="INFO">83778</msg>
<arg>${json_data['results'][0]['location']['postcode']}</arg>
<doc>Logs the given message with the given level.</doc>
<status status="PASS" start="2024-06-05T10:15:42.443343" elapsed="0.000397"/>
</kw>
<status status="PASS" start="2024-06-05T10:15:42.345689" elapsed="0.098313"/>
</kw>
<doc>Testa se os tipos de dados na resposta da API estão corretos.</doc>
<tag>testeTiposDados</tag>
<status status="PASS" start="2024-06-05T10:15:42.253767" elapsed="0.190407"/>
</test>
<test id="s1-s1-t5" name="Validar conteudo" line="35">
<kw name="Teste de Tipos de Conteudo" owner="random-user-service">
<kw name="GET On Session" owner="RequestsLibrary">
<msg time="2024-06-05T10:15:42.542029" level="INFO">GET Request : url=https://randomuser.me/api 
 path_url=/api 
 headers={'User-Agent': 'python-requests/2.32.3', 'Accept-Encoding': 'gzip, deflate', 'Accept': '*/*', 'Connection': 'keep-alive'} 
 body=None 
 </msg>
<msg time="2024-06-05T10:15:42.542126" level="INFO">GET Response : url=https://randomuser.me/api 
 status=200, reason=OK 
 headers={'Date': 'Wed, 05 Jun 2024 10:15:42 GMT', 'Content-Type': 'application/json; charset=utf-8', 'Transfer-Encoding': 'chunked', 'Connection': 'keep-alive', 'X-Powered-By': 'Express', 'Access-Control-Allow-Origin': '*', 'Cache-Control': 'no-cache', 'ETag': 'W/"49c-RH9jALCDaBagQ0b9QL33BSKsbLQ"', 'Vary': 'Accept-Encoding', 'Content-Encoding': 'gzip', 'CF-Cache-Status': 'DYNAMIC', 'Report-To': '{"endpoints":[{"url":"https:\\/\\/a.nel.cloudflare.com\\/report\\/v4?s=sGC0t4GQKHMpCLoYixnlObtd2HRhM9VUsCAmdELCdmVCPIL%2BMJEc2xBPaPf5bMxdIjn7FgTWqQBMy8cXRFCkEtomoYwLloOx4UR%2B3cGciCSBEYXcYSBt1c4y6YH6mIyX"}],"group":"cf-nel","max_age":604800}', 'NEL': '{"success_fraction":0,"report_to":"cf-nel","max_age":604800}', 'Server': 'cloudflare', 'CF-RAY': '88ef672a6ccafaec-SJC', 'alt-svc': 'h3=":443"; ma=86400'} 
 body={"results":[{"gender":"male","name":{"title":"Mr","first":"Eddie","last":"Little"},"location":{"street":{"number":8835,"name":"N Stelling Rd"},"city":"Traralgon","state":"Western Australia","country":"Australia","postcode":3728,"coordinates":{"latitude":"-86.0616","longitude":"-106.8271"},"timezone":{"offset":"+11:00","description":"Magadan, Solomon Islands, New Caledonia"}},"email":"eddie.little@example.com","login":{"uuid":"48fe8efb-a37e-4dd9-ae9d-e4d739c70370","username":"purplesnake936","password":"sweetpea","salt":"PoC3Z1MN","md5":"e7941dc4d4ef2ae369cc28fa6b0c1896","sha1":"68064b6c9bf1370461e05f76edfa5a8ca979332a","sha256":"94d84cb7dbf1d622dfc9616dbc67bee299d6a36e020e6c2f9083511d83585d72"},"dob":{"date":"1960-05-25T21:06:00.977Z","age":64},"registered":{"date":"2019-07-28T18:07:07.316Z","age":4},"phone":"02-5840-2409","cell":"0467-148-246","id":{"name":"TFN","value":"076838824"},"picture":{"large":"https://randomuser.me/api/portraits/men/45.jpg","medium":"https://randomuser.me/api/portraits/med/men/45.jpg","thumbnail":"https://randomuser.me/api/portraits/thumb/men/45.jpg"},"nat":"AU"}],"info":{"seed":"43a8ec1a84da13bd","results":1,"page":1,"version":"1.4"}} 
 </msg>
<msg time="2024-06-05T10:15:42.542194" level="INFO">/opt/hostedtoolcache/Python/3.12.3/x64/lib/python3.12/site-packages/urllib3/connectionpool.py:1103: InsecureRequestWarning: Unverified HTTPS request is being made to host 'randomuser.me'. Adding certificate verification is strongly advised. See: https://urllib3.readthedocs.io/en/latest/advanced-usage.html#tls-warnings
  warnings.warn(</msg>
<msg time="2024-06-05T10:15:42.542311" level="INFO">${response} = &lt;Response [200]&gt;</msg>
<var>${response}</var>
<arg>consultarAPI</arg>
<arg>/api</arg>
<doc>Sends a GET request on a previously created HTTP Session.</doc>
<status status="PASS" start="2024-06-05T10:15:42.447443" elapsed="0.094898"/>
</kw>
<kw name="Set Variable" owner="BuiltIn">
<msg time="2024-06-05T10:15:42.543442" level="INFO">${json_data} = {'results': [{'gender': 'male', 'name': {'title': 'Mr', 'first': 'Eddie', 'last': 'Little'}, 'location': {'street': {'number': 8835, 'name': 'N Stelling Rd'}, 'city': 'Traralgon', 'state': 'Western Au...</msg>
<var>${json_data}</var>
<arg>${response.json()}</arg>
<doc>Returns the given values which can then be assigned to a variables.</doc>
<status status="PASS" start="2024-06-05T10:15:42.542880" elapsed="0.000591"/>
</kw>
<kw name="Set Variable" owner="BuiltIn">
<msg time="2024-06-05T10:15:42.544156" level="INFO">${name_title} = Mr</msg>
<var>${name_title}</var>
<arg>${json_data["results"][0]["name"]["title"]}</arg>
<doc>Returns the given values which can then be assigned to a variables.</doc>
<status status="PASS" start="2024-06-05T10:15:42.543778" elapsed="0.000403"/>
</kw>
<kw name="Create List" owner="BuiltIn">
<msg time="2024-06-05T10:15:42.544625" level="INFO">${allowed_titles} = ['Mr', 'Ms', 'Miss', 'Mrs', 'Madame', 'Monsieur']</msg>
<var>${allowed_titles}</var>
<arg>Mr</arg>
<arg>Ms</arg>
<arg>Miss</arg>
<arg>Mrs</arg>
<arg>Madame</arg>
<arg>Monsieur</arg>
<doc>Returns a list containing given items.</doc>
<status status="PASS" start="2024-06-05T10:15:42.544479" elapsed="0.000170"/>
</kw>
<kw name="List Should Contain Value" owner="Collections">
<msg time="2024-06-05T10:15:42.545124" level="INFO">False</msg>
<arg>${allowed_titles}</arg>
<arg>${name_title}</arg>
<doc>Fails if the ``value`` is not found from ``list``.</doc>
<status status="PASS" start="2024-06-05T10:15:42.544948" elapsed="0.000212"/>
</kw>
<kw name="Set Variable" owner="BuiltIn">
<msg time="2024-06-05T10:15:42.545853" level="INFO">${name_country} = AU</msg>
<var>${name_country}</var>
<arg>${json_data["results"][0]["nat"]}</arg>
<doc>Returns the given values which can then be assigned to a variables.</doc>
<status status="PASS" start="2024-06-05T10:15:42.545445" elapsed="0.000433"/>
</kw>
<kw name="Create List" owner="BuiltIn">
<msg time="2024-06-05T10:15:42.546769" level="INFO">${list_country} = ['AD', 'AE', 'AF', 'AG', 'AI', 'AL', 'AM', 'AO', 'AQ', 'AR', 'AS', 'AT', 'AU', 'AW', 'AX', 'AZ', 'BA', 'BB', 'BD', 'BE', 'BF', 'BG', 'BH', 'BI', 'BJ', 'BL', 'BM', 'BN', 'BO', 'BQ', 'BR', 'BS', 'BT', '...</msg>
<var>${list_country}</var>
<arg>AD</arg>
<arg>AE</arg>
<arg>AF</arg>
<arg>AG</arg>
<arg>AI</arg>
<arg>AL</arg>
<arg>AM</arg>
<arg>AO</arg>
<arg>AQ</arg>
<arg>AR</arg>
<arg>AS</arg>
<arg>AT</arg>
<arg>AU</arg>
<arg>AW</arg>
<arg>AX</arg>
<arg>AZ</arg>
<arg>BA</arg>
<arg>BB</arg>
<arg>BD</arg>
<arg>BE</arg>
<arg>BF</arg>
<arg>BG</arg>
<arg>BH</arg>
<arg>BI</arg>
<arg>BJ</arg>
<arg>BL</arg>
<arg>BM</arg>
<arg>BN</arg>
<arg>BO</arg>
<arg>BQ</arg>
<arg>BR</arg>
<arg>BS</arg>
<arg>BT</arg>
<arg>BV</arg>
<arg>BW</arg>
<arg>BY</arg>
<arg>BZ</arg>
<arg>CA</arg>
<arg>CC</arg>
<arg>CD</arg>
<arg>CF</arg>
<arg>CG</arg>
<arg>CH</arg>
<arg>CI</arg>
<arg>CK</arg>
<arg>CL</arg>
<arg>CM</arg>
<arg>CN</arg>
<arg>CO</arg>
<arg>CR</arg>
<arg>CU</arg>
<arg>CV</arg>
<arg>CW</arg>
<arg>CX</arg>
<arg>CY</arg>
<arg>CZ</arg>
<arg>DE</arg>
<arg>DJ</arg>
<arg>DK</arg>
<arg>DM</arg>
<arg>DO</arg>
<arg>DZ</arg>
<arg>EC</arg>
<arg>EE</arg>
<arg>EG</arg>
<arg>EH</arg>
<arg>ER</arg>
<arg>ES</arg>
<arg>ET</arg>
<arg>FI</arg>
<arg>FJ</arg>
<arg>FK</arg>
<arg>FM</arg>
<arg>FO</arg>
<arg>FR</arg>
<arg>GA</arg>
<arg>GB</arg>
<arg>GD</arg>
<arg>GE</arg>
<arg>GF</arg>
<arg>GG</arg>
<arg>GH</arg>
<arg>GI</arg>
<arg>GL</arg>
<arg>GM</arg>
<arg>GN</arg>
<arg>GP</arg>
<arg>GQ</arg>
<arg>GR</arg>
<arg>GS</arg>
<arg>GT</arg>
<arg>GU</arg>
<arg>GW</arg>
<arg>GY</arg>
<arg>HK</arg>
<arg>HM</arg>
<arg>HN</arg>
<arg>HR</arg>
<arg>HT</arg>
<arg>HU</arg>
<arg>ID</arg>
<arg>IE</arg>
<arg>IL</arg>
<arg>IM</arg>
<arg>IN</arg>
<arg>IO</arg>
<arg>IQ</arg>
<arg>IR</arg>
<arg>IS</arg>
<arg>IT</arg>
<arg>JE</arg>
<arg>JM</arg>
<arg>JO</arg>
<arg>JP</arg>
<arg>KE</arg>
<arg>KG</arg>
<arg>KH</arg>
<arg>KI</arg>
<arg>KM</arg>
<arg>KN</arg>
<arg>KP</arg>
<arg>KR</arg>
<arg>KW</arg>
<arg>KY</arg>
<arg>KZ</arg>
<arg>LA</arg>
<arg>LB</arg>
<arg>LC</arg>
<arg>LI</arg>
<arg>LK</arg>
<arg>LR</arg>
<arg>LS</arg>
<arg>LT</arg>
<arg>LU</arg>
<arg>LV</arg>
<arg>LY</arg>
<arg>MA</arg>
<arg>MC</arg>
<arg>MD</arg>
<arg>ME</arg>
<arg>MF</arg>
<arg>MG</arg>
<arg>MH</arg>
<arg>MK</arg>
<arg>ML</arg>
<arg>MM</arg>
<arg>MN</arg>
<arg>MO</arg>
<arg>MP</arg>
<arg>MQ</arg>
<arg>MR</arg>
<arg>MS</arg>
<arg>MT</arg>
<arg>MU</arg>
<arg>MV</arg>
<arg>MW</arg>
<arg>MX</arg>
<arg>MY</arg>
<arg>MZ</arg>
<arg>NA</arg>
<arg>NC</arg>
<arg>NE</arg>
<arg>NF</arg>
<arg>NG</arg>
<arg>NI</arg>
<arg>NL</arg>
<arg>NO</arg>
<arg>NP</arg>
<arg>NR</arg>
<arg>NU</arg>
<arg>NZ</arg>
<arg>OM</arg>
<arg>PA</arg>
<arg>PE</arg>
<arg>PF</arg>
<arg>PG</arg>
<arg>PH</arg>
<arg>PK</arg>
<arg>PL</arg>
<arg>PM</arg>
<arg>PN</arg>
<arg>PR</arg>
<arg>PS</arg>
<arg>PT</arg>
<arg>PW</arg>
<arg>PY</arg>
<arg>QA</arg>
<arg>RE</arg>
<arg>RO</arg>
<arg>RS</arg>
<arg>RU</arg>
<arg>RW</arg>
<arg>SA</arg>
<arg>SB</arg>
<arg>SC</arg>
<arg>SD</arg>
<arg>SE</arg>
<arg>SG</arg>
<arg>SH</arg>
<arg>SI</arg>
<arg>SJ</arg>
<arg>SK</arg>
<arg>SL</arg>
<arg>SM</arg>
<arg>SN</arg>
<arg>SO</arg>
<arg>SR</arg>
<arg>SS</arg>
<arg>ST</arg>
<arg>SV</arg>
<arg>SX</arg>
<arg>SY</arg>
<arg>SZ</arg>
<arg>TC</arg>
<arg>TD</arg>
<arg>TF</arg>
<arg>TG</arg>
<arg>TH</arg>
<arg>TJ</arg>
<arg>TK</arg>
<arg>TL</arg>
<arg>TM</arg>
<arg>TN</arg>
<arg>TO</arg>
<arg>TR</arg>
<arg>TT</arg>
<arg>TV</arg>
<arg>TW</arg>
<arg>TZ</arg>
<arg>UA</arg>
<arg>UG</arg>
<arg>UM</arg>
<arg>US</arg>
<arg>UY</arg>
<arg>UZ</arg>
<arg>VA</arg>
<arg>VC</arg>
<arg>VE</arg>
<arg>VG</arg>
<arg>VI</arg>
<arg>VN</arg>
<arg>VU</arg>
<arg>WF</arg>
<arg>WS</arg>
<arg>XK</arg>
<arg>YE</arg>
<arg>YT</arg>
<arg>ZA</arg>
<arg>ZM</arg>
<arg>ZW</arg>
<doc>Returns a list containing given items.</doc>
<status status="PASS" start="2024-06-05T10:15:42.546178" elapsed="0.000616"/>
</kw>
<kw name="List Should Contain Value" owner="Collections">
<msg time="2024-06-05T10:15:42.547824" level="INFO">False</msg>
<arg>${list_country}</arg>
<arg>${name_country}</arg>
<doc>Fails if the ``value`` is not found from ``list``.</doc>
<status status="PASS" start="2024-06-05T10:15:42.547610" elapsed="0.000251"/>
</kw>
<kw name="Run Keyword If" owner="BuiltIn">
<kw name="Should Be True" owner="BuiltIn">
<arg>${True}</arg>
<doc>Fails if the given condition is not true.</doc>
<status status="PASS" start="2024-06-05T10:15:42.548919" elapsed="0.000143"/>
</kw>
<arg>${json_data["results"][0]["location"]["coordinates"]["latitude"]} &gt;= -90 and ${json_data["results"][0]["location"]["coordinates"]["latitude"]} &lt;= 90</arg>
<arg>Should Be True</arg>
<arg>${True}</arg>
<doc>Runs the given keyword with the given arguments, if ``condition`` is true.</doc>
<status status="PASS" start="2024-06-05T10:15:42.548180" elapsed="0.001007"/>
</kw>
<kw name="Run Keyword If" owner="BuiltIn">
<kw name="Should Be True" owner="BuiltIn">
<arg>${True}</arg>
<doc>Fails if the given condition is not true.</doc>
<status status="PASS" start="2024-06-05T10:15:42.550060" elapsed="0.000260"/>
</kw>
<arg>${json_data["results"][0]["location"]["coordinates"]["longitude"]} &gt;= -180 and ${json_data["results"][0]["location"]["coordinates"]["longitude"]} &lt;= 180</arg>
<arg>Should Be True</arg>
<arg>${True}</arg>
<doc>Runs the given keyword with the given arguments, if ``condition`` is true.</doc>
<status status="PASS" start="2024-06-05T10:15:42.549370" elapsed="0.001073"/>
</kw>
<status status="PASS" start="2024-06-05T10:15:42.447037" elapsed="0.103540"/>
</kw>
<doc>Testa o conteúdo específico dos campos retornados pela API.</doc>
<tag>testeConteudo</tag>
<status status="PASS" start="2024-06-05T10:15:42.446318" elapsed="0.104409"/>
</test>
<status status="PASS" start="2024-06-05T10:15:41.632496" elapsed="0.920180"/>
</suite>
<status status="PASS" start="2024-06-05T10:15:41.618625" elapsed="0.939179"/>
</suite>
<statistics>
<total>
<stat pass="5" fail="0" skip="0">All Tests</stat>
</total>
<tag>
<stat pass="1" fail="0" skip="0">testeConteudo</stat>
<stat pass="1" fail="0" skip="0">testeEstruturaResposta</stat>
<stat pass="1" fail="0" skip="0">testeRequisicaoBasica</stat>
<stat pass="1" fail="0" skip="0">testeTiposDados</stat>
</tag>
<suite>
<stat pass="5" fail="0" skip="0" id="s1" name="Tests">Tests</stat>
<stat pass="5" fail="0" skip="0" id="s1-s1" name="Random-User-Test">Tests.Random-User-Test</stat>
</suite>
</statistics>
<errors>
</errors>
</robot>
