<?xml version="1.0" encoding="UTF-8"?>
<robot generator="Robot 7.0 (Python 3.12.2 on linux)" generated="2024-03-29T17:12:41.280631" rpa="false" schemaversion="5">
<suite id="s1" name="Tests" source="/home/runner/work/DesafioQAItauRogerioJordao/DesafioQAItauRogerioJordao/RamdonUser/tests">
<suite id="s1-s1" name="Random-User-Test" source="/home/runner/work/DesafioQAItauRogerioJordao/DesafioQAItauRogerioJordao/RamdonUser/tests/random-user-test.robot">
<test id="s1-s1-t1" name="Conectar" line="13">
<kw name="Conectar API" owner="random-user-service">
<kw name="Create Session" owner="RequestsLibrary">
<msg time="2024-03-29T17:12:41.637232" level="INFO">Creating Session using : alias=consultarAPI, url=https://randomuser.me/, headers={},                     cookies={}, auth=None, timeout=None, proxies=None, verify=False,                     debug=0 </msg>
<arg>consultarAPI</arg>
<arg>${URL}</arg>
<doc>Create Session: create a HTTP session to a server</doc>
<status status="PASS" start="2024-03-29T17:12:41.637036" elapsed="0.000349"/>
</kw>
<status status="PASS" start="2024-03-29T17:12:41.636046" elapsed="0.001687"/>
</kw>
<status status="PASS" start="2024-03-29T17:12:41.635546" elapsed="0.002390"/>
</test>
<test id="s1-s1-t2" name="Validar retorno 200 e JSON Válido" line="16">
<kw name="Teste de Requisicao Basica" owner="random-user-service">
<kw name="GET On Session" owner="RequestsLibrary">
<msg time="2024-03-29T17:12:41.757037" level="INFO">GET Request : url=https://randomuser.me/api 
 path_url=/api 
 headers={'User-Agent': 'python-requests/2.31.0', 'Accept-Encoding': 'gzip, deflate', 'Accept': '*/*', 'Connection': 'keep-alive'} 
 body=None 
 </msg>
<msg time="2024-03-29T17:12:41.757139" level="INFO">GET Response : url=https://randomuser.me/api 
 status=200, reason=OK 
 headers={'Date': 'Fri, 29 Mar 2024 17:12:41 GMT', 'Content-Type': 'application/json; charset=utf-8', 'Transfer-Encoding': 'chunked', 'Connection': 'keep-alive', 'X-Powered-By': 'Express', 'Access-Control-Allow-Origin': '*', 'Cache-Control': 'no-cache', 'ETag': 'W/"494-ylTMW2NazgrW+eBPMOfsjpun45w"', 'Vary': 'Accept-Encoding', 'Content-Encoding': 'gzip', 'CF-Cache-Status': 'DYNAMIC', 'Report-To': '{"endpoints":[{"url":"https:\\/\\/a.nel.cloudflare.com\\/report\\/v4?s=c8Wr5piRbkMEa13zl%2FBuS0XelOI5nPdpAXsFmmRJk0cDijgtayVZ06W2GYcFsGvsUYTKVsG2%2BcXPmZYNn2w%2BIj76eKeq12dkmwiebnp%2BfVKhNJKVCWMX%2Fjm%2FgOleFg4E"}],"group":"cf-nel","max_age":604800}', 'NEL': '{"success_fraction":0,"report_to":"cf-nel","max_age":604800}', 'Server': 'cloudflare', 'CF-RAY': '86c17c7c7c959675-SJC', 'alt-svc': 'h3=":443"; ma=86400'} 
 body={"results":[{"gender":"female","name":{"title":"Miss","first":"Louise","last":"Gibson"},"location":{"street":{"number":8951,"name":"Killarney Road"},"city":"Edenderry","state":"Louth","country":"Ireland","postcode":21906,"coordinates":{"latitude":"4.1828","longitude":"31.0079"},"timezone":{"offset":"-4:00","description":"Atlantic Time (Canada), Caracas, La Paz"}},"email":"louise.gibson@example.com","login":{"uuid":"a514e659-2e53-48c9-973c-b3d8603290ab","username":"silverpanda292","password":"colin","salt":"3unGVIuD","md5":"4501ac78cd52759c2f4dbc61f31b4c42","sha1":"535ea6be8f52f90e50f7b45015bf46638e84a606","sha256":"bbe382edcbbf5159522965916863549088fa4d278e66e4bdb1e075bcfc454c32"},"dob":{"date":"1990-12-19T12:25:23.232Z","age":33},"registered":{"date":"2012-05-01T00:02:20.798Z","age":11},"phone":"011-215-0677","cell":"081-391-6182","id":{"name":"PPS","value":"4372707T"},"picture":{"large":"https://randomuser.me/api/portraits/women/40.jpg","medium":"https://randomuser.me/api/portraits/med/women/40.jpg","thumbnail":"https://randomuser.me/api/portraits/thumb/women/40.jpg"},"nat":"IE"}],"info":{"seed":"03ee16eb7b4697a4","results":1,"page":1,"version":"1.4"}} 
 </msg>
<msg time="2024-03-29T17:12:41.757231" level="INFO">/opt/hostedtoolcache/Python/3.12.2/x64/lib/python3.12/site-packages/urllib3/connectionpool.py:1103: InsecureRequestWarning: Unverified HTTPS request is being made to host 'randomuser.me'. Adding certificate verification is strongly advised. See: https://urllib3.readthedocs.io/en/latest/advanced-usage.html#tls-warnings
  warnings.warn(</msg>
<msg time="2024-03-29T17:12:41.757358" level="INFO">${response} = &lt;Response [200]&gt;</msg>
<var>${response}</var>
<arg>consultarAPI</arg>
<arg>/api</arg>
<doc>Sends a GET request on a previously created HTTP Session.</doc>
<status status="PASS" start="2024-03-29T17:12:41.640478" elapsed="0.116919"/>
</kw>
<kw name="Should Be Equal As Numbers" owner="BuiltIn">
<msg time="2024-03-29T17:12:41.758197" level="INFO">Argument types are:
&lt;class 'int'&gt;
&lt;class 'str'&gt;</msg>
<arg>${response.status_code}</arg>
<arg>200</arg>
<doc>Fails if objects are unequal after converting them to real numbers.</doc>
<status status="PASS" start="2024-03-29T17:12:41.757791" elapsed="0.000467"/>
</kw>
<kw name="Log" owner="BuiltIn">
<msg time="2024-03-29T17:12:41.758931" level="INFO">200</msg>
<arg>${response.status_code}</arg>
<doc>Logs the given message with the given level.</doc>
<status status="PASS" start="2024-03-29T17:12:41.758574" elapsed="0.000400"/>
</kw>
<kw name="Set Variable" owner="BuiltIn">
<msg time="2024-03-29T17:12:41.759717" level="INFO">${json_data} = {'results': [{'gender': 'female', 'name': {'title': 'Miss', 'first': 'Louise', 'last': 'Gibson'}, 'location': {'street': {'number': 8951, 'name': 'Killarney Road'}, 'city': 'Edenderry', 'state': 'Lout...</msg>
<var>${json_data}</var>
<arg>${response.json()}</arg>
<doc>Returns the given values which can then be assigned to a variables.</doc>
<status status="PASS" start="2024-03-29T17:12:41.759282" elapsed="0.000462"/>
</kw>
<kw name="Dictionary Should Contain Key" owner="Collections">
<msg time="2024-03-29T17:12:41.760206" level="INFO">False</msg>
<arg>${json_data}</arg>
<arg>results</arg>
<doc>Fails if ``key`` is not found from ``dictionary``.</doc>
<status status="PASS" start="2024-03-29T17:12:41.760043" elapsed="0.000202"/>
</kw>
<status status="PASS" start="2024-03-29T17:12:41.640227" elapsed="0.120270"/>
</kw>
<doc>Testa se a API responde corretamente e retorna um objeto JSON válido.</doc>
<tag>testeRequisicaoBasica</tag>
<status status="PASS" start="2024-03-29T17:12:41.639767" elapsed="0.120943"/>
</test>
<test id="s1-s1-t3" name="Validar estrutura de resposta" line="22">
<kw name="Teste de Estrutura de Resposta" owner="random-user-service">
<kw name="GET On Session" owner="RequestsLibrary">
<msg time="2024-03-29T17:12:41.855208" level="INFO">GET Request : url=https://randomuser.me/api 
 path_url=/api 
 headers={'User-Agent': 'python-requests/2.31.0', 'Accept-Encoding': 'gzip, deflate', 'Accept': '*/*', 'Connection': 'keep-alive'} 
 body=None 
 </msg>
<msg time="2024-03-29T17:12:41.855275" level="INFO">GET Response : url=https://randomuser.me/api 
 status=200, reason=OK 
 headers={'Date': 'Fri, 29 Mar 2024 17:12:41 GMT', 'Content-Type': 'application/json; charset=utf-8', 'Transfer-Encoding': 'chunked', 'Connection': 'keep-alive', 'X-Powered-By': 'Express', 'Access-Control-Allow-Origin': '*', 'Cache-Control': 'no-cache', 'ETag': 'W/"479-vVlzsGo7d+l53PGP/h8xtWdxhrM"', 'Vary': 'Accept-Encoding', 'Content-Encoding': 'gzip', 'CF-Cache-Status': 'DYNAMIC', 'Report-To': '{"endpoints":[{"url":"https:\\/\\/a.nel.cloudflare.com\\/report\\/v4?s=OSiL56Joa5mpLufEjcGk4odAmGPOCLFZjIpvgYlp0VZSbUZ8J%2BmXVZuddE43SAX%2FJxF0iZEWt23jQ99%2B6RYqPCkaFCLbdRLP90UxWd4vyyDYAOg6VKhaa5BZQslY3luC"}],"group":"cf-nel","max_age":604800}', 'NEL': '{"success_fraction":0,"report_to":"cf-nel","max_age":604800}', 'Server': 'cloudflare', 'CF-RAY': '86c17c7d0d069675-SJC', 'alt-svc': 'h3=":443"; ma=86400'} 
 body={"results":[{"gender":"female","name":{"title":"Miss","first":"Ella","last":"Addy"},"location":{"street":{"number":3759,"name":"Dundas Rd"},"city":"Russell","state":"Prince Edward Island","country":"Canada","postcode":"N0E 7N9","coordinates":{"latitude":"-66.8335","longitude":"32.4693"},"timezone":{"offset":"-9:00","description":"Alaska"}},"email":"ella.addy@example.com","login":{"uuid":"601167bb-0de3-4ab4-a039-f4f5fc944c1b","username":"purplezebra336","password":"choke","salt":"16nORrxa","md5":"6fe99bab77b13773a75c5b17a38ad6db","sha1":"21b88d254ba6e2cb9debb8756a99ee45669e8ac3","sha256":"384478ea3083a265fe8bff0276912d89c335a8559035bb2b947488e011647f66"},"dob":{"date":"2000-11-18T00:36:07.140Z","age":23},"registered":{"date":"2009-06-02T23:52:03.203Z","age":14},"phone":"T53 H71-7366","cell":"H45 I60-2624","id":{"name":"SIN","value":"451400188"},"picture":{"large":"https://randomuser.me/api/portraits/women/96.jpg","medium":"https://randomuser.me/api/portraits/med/women/96.jpg","thumbnail":"https://randomuser.me/api/portraits/thumb/women/96.jpg"},"nat":"CA"}],"info":{"seed":"d2546a53ff084510","results":1,"page":1,"version":"1.4"}} 
 </msg>
<msg time="2024-03-29T17:12:41.855376" level="INFO">/opt/hostedtoolcache/Python/3.12.2/x64/lib/python3.12/site-packages/urllib3/connectionpool.py:1103: InsecureRequestWarning: Unverified HTTPS request is being made to host 'randomuser.me'. Adding certificate verification is strongly advised. See: https://urllib3.readthedocs.io/en/latest/advanced-usage.html#tls-warnings
  warnings.warn(</msg>
<msg time="2024-03-29T17:12:41.855489" level="INFO">${response} = &lt;Response [200]&gt;</msg>
<var>${response}</var>
<arg>consultarAPI</arg>
<arg>/api</arg>
<doc>Sends a GET request on a previously created HTTP Session.</doc>
<status status="PASS" start="2024-03-29T17:12:41.763336" elapsed="0.092191"/>
</kw>
<kw name="Set Variable" owner="BuiltIn">
<msg time="2024-03-29T17:12:41.856342" level="INFO">${json_data} = {'results': [{'gender': 'female', 'name': {'title': 'Miss', 'first': 'Ella', 'last': 'Addy'}, 'location': {'street': {'number': 3759, 'name': 'Dundas Rd'}, 'city': 'Russell', 'state': 'Prince Edward I...</msg>
<var>${json_data}</var>
<arg>${response.json()}</arg>
<doc>Returns the given values which can then be assigned to a variables.</doc>
<status status="PASS" start="2024-03-29T17:12:41.855884" elapsed="0.000486"/>
</kw>
<kw name="Log" owner="BuiltIn">
<msg time="2024-03-29T17:12:41.856878" level="INFO">{'results': [{'gender': 'female', 'name': {'title': 'Miss', 'first': 'Ella', 'last': 'Addy'}, 'location': {'street': {'number': 3759, 'name': 'Dundas Rd'}, 'city': 'Russell', 'state': 'Prince Edward Island', 'country': 'Canada', 'postcode': 'N0E 7N9', 'coordinates': {'latitude': '-66.8335', 'longitude': '32.4693'}, 'timezone': {'offset': '-9:00', 'description': 'Alaska'}}, 'email': 'ella.addy@example.com', 'login': {'uuid': '601167bb-0de3-4ab4-a039-f4f5fc944c1b', 'username': 'purplezebra336', 'password': 'choke', 'salt': '16nORrxa', 'md5': '6fe99bab77b13773a75c5b17a38ad6db', 'sha1': '21b88d254ba6e2cb9debb8756a99ee45669e8ac3', 'sha256': '384478ea3083a265fe8bff0276912d89c335a8559035bb2b947488e011647f66'}, 'dob': {'date': '2000-11-18T00:36:07.140Z', 'age': 23}, 'registered': {'date': '2009-06-02T23:52:03.203Z', 'age': 14}, 'phone': 'T53 H71-7366', 'cell': 'H45 I60-2624', 'id': {'name': 'SIN', 'value': '451400188'}, 'picture': {'large': 'https://randomuser.me/api/portraits/women/96.jpg', 'medium': 'https://randomuser.me/api/portraits/med/women/96.jpg', 'thumbnail': 'https://randomuser.me/api/portraits/thumb/women/96.jpg'}, 'nat': 'CA'}], 'info': {'seed': 'd2546a53ff084510', 'results': 1, 'page': 1, 'version': '1.4'}}</msg>
<arg>${json_data}</arg>
<doc>Logs the given message with the given level.</doc>
<status status="PASS" start="2024-03-29T17:12:41.856710" elapsed="0.000216"/>
</kw>
<kw name="Dictionary Should Contain Key" owner="Collections">
<msg time="2024-03-29T17:12:41.857384" level="INFO">False</msg>
<arg>${json_data}</arg>
<arg>results</arg>
<doc>Fails if ``key`` is not found from ``dictionary``.</doc>
<status status="PASS" start="2024-03-29T17:12:41.857230" elapsed="0.000192"/>
</kw>
<kw name="Should Not Be Empty" owner="BuiltIn">
<msg time="2024-03-29T17:12:41.857855" level="INFO">Length is 2.</msg>
<arg>${json_data}</arg>
<doc>Verifies that the given item is not empty.</doc>
<status status="PASS" start="2024-03-29T17:12:41.857721" elapsed="0.000173"/>
</kw>
<kw name="Create List" owner="BuiltIn">
<msg time="2024-03-29T17:12:41.858340" level="INFO">${expected_keys} = ['gender', 'name', 'location', 'email', 'login']</msg>
<var>${expected_keys}</var>
<arg>gender</arg>
<arg>name</arg>
<arg>location</arg>
<arg>email</arg>
<arg>login</arg>
<doc>Returns a list containing given items.</doc>
<status status="PASS" start="2024-03-29T17:12:41.858188" elapsed="0.000177"/>
</kw>
<for flavor="IN">
<iter>
<kw name="Dictionary Should Contain Key" owner="Collections">
<msg time="2024-03-29T17:12:41.859334" level="INFO">False</msg>
<arg>${json_data['results'][0]}</arg>
<arg>${key}</arg>
<doc>Fails if ``key`` is not found from ``dictionary``.</doc>
<status status="PASS" start="2024-03-29T17:12:41.858925" elapsed="0.000449"/>
</kw>
<kw name="Log" owner="BuiltIn">
<msg time="2024-03-29T17:12:41.860058" level="INFO">{'gender': 'female', 'name': {'title': 'Miss', 'first': 'Ella', 'last': 'Addy'}, 'location': {'street': {'number': 3759, 'name': 'Dundas Rd'}, 'city': 'Russell', 'state': 'Prince Edward Island', 'country': 'Canada', 'postcode': 'N0E 7N9', 'coordinates': {'latitude': '-66.8335', 'longitude': '32.4693'}, 'timezone': {'offset': '-9:00', 'description': 'Alaska'}}, 'email': 'ella.addy@example.com', 'login': {'uuid': '601167bb-0de3-4ab4-a039-f4f5fc944c1b', 'username': 'purplezebra336', 'password': 'choke', 'salt': '16nORrxa', 'md5': '6fe99bab77b13773a75c5b17a38ad6db', 'sha1': '21b88d254ba6e2cb9debb8756a99ee45669e8ac3', 'sha256': '384478ea3083a265fe8bff0276912d89c335a8559035bb2b947488e011647f66'}, 'dob': {'date': '2000-11-18T00:36:07.140Z', 'age': 23}, 'registered': {'date': '2009-06-02T23:52:03.203Z', 'age': 14}, 'phone': 'T53 H71-7366', 'cell': 'H45 I60-2624', 'id': {'name': 'SIN', 'value': '451400188'}, 'picture': {'large': 'https://randomuser.me/api/portraits/women/96.jpg', 'medium': 'https://randomuser.me/api/portraits/med/women/96.jpg', 'thumbnail': 'https://randomuser.me/api/portraits/thumb/women/96.jpg'}, 'nat': 'CA'}</msg>
<arg>${json_data['results'][0]}</arg>
<doc>Logs the given message with the given level.</doc>
<status status="PASS" start="2024-03-29T17:12:41.859681" elapsed="0.000431"/>
</kw>
<kw name="Log" owner="BuiltIn">
<msg time="2024-03-29T17:12:41.860549" level="INFO">gender</msg>
<arg>${key}</arg>
<doc>Logs the given message with the given level.</doc>
<status status="PASS" start="2024-03-29T17:12:41.860418" elapsed="0.000169"/>
</kw>
<var name="${key}">gender</var>
<status status="PASS" start="2024-03-29T17:12:41.858802" elapsed="0.002053"/>
</iter>
<iter>
<kw name="Dictionary Should Contain Key" owner="Collections">
<msg time="2024-03-29T17:12:41.861554" level="INFO">False</msg>
<arg>${json_data['results'][0]}</arg>
<arg>${key}</arg>
<doc>Fails if ``key`` is not found from ``dictionary``.</doc>
<status status="PASS" start="2024-03-29T17:12:41.861166" elapsed="0.000426"/>
</kw>
<kw name="Log" owner="BuiltIn">
<msg time="2024-03-29T17:12:41.862292" level="INFO">{'gender': 'female', 'name': {'title': 'Miss', 'first': 'Ella', 'last': 'Addy'}, 'location': {'street': {'number': 3759, 'name': 'Dundas Rd'}, 'city': 'Russell', 'state': 'Prince Edward Island', 'country': 'Canada', 'postcode': 'N0E 7N9', 'coordinates': {'latitude': '-66.8335', 'longitude': '32.4693'}, 'timezone': {'offset': '-9:00', 'description': 'Alaska'}}, 'email': 'ella.addy@example.com', 'login': {'uuid': '601167bb-0de3-4ab4-a039-f4f5fc944c1b', 'username': 'purplezebra336', 'password': 'choke', 'salt': '16nORrxa', 'md5': '6fe99bab77b13773a75c5b17a38ad6db', 'sha1': '21b88d254ba6e2cb9debb8756a99ee45669e8ac3', 'sha256': '384478ea3083a265fe8bff0276912d89c335a8559035bb2b947488e011647f66'}, 'dob': {'date': '2000-11-18T00:36:07.140Z', 'age': 23}, 'registered': {'date': '2009-06-02T23:52:03.203Z', 'age': 14}, 'phone': 'T53 H71-7366', 'cell': 'H45 I60-2624', 'id': {'name': 'SIN', 'value': '451400188'}, 'picture': {'large': 'https://randomuser.me/api/portraits/women/96.jpg', 'medium': 'https://randomuser.me/api/portraits/med/women/96.jpg', 'thumbnail': 'https://randomuser.me/api/portraits/thumb/women/96.jpg'}, 'nat': 'CA'}</msg>
<arg>${json_data['results'][0]}</arg>
<doc>Logs the given message with the given level.</doc>
<status status="PASS" start="2024-03-29T17:12:41.861926" elapsed="0.000414"/>
</kw>
<kw name="Log" owner="BuiltIn">
<msg time="2024-03-29T17:12:41.862766" level="INFO">name</msg>
<arg>${key}</arg>
<doc>Logs the given message with the given level.</doc>
<status status="PASS" start="2024-03-29T17:12:41.862637" elapsed="0.000167"/>
</kw>
<var name="${key}">name</var>
<status status="PASS" start="2024-03-29T17:12:41.861048" elapsed="0.001973"/>
</iter>
<iter>
<kw name="Dictionary Should Contain Key" owner="Collections">
<msg time="2024-03-29T17:12:41.863695" level="INFO">False</msg>
<arg>${json_data['results'][0]}</arg>
<arg>${key}</arg>
<doc>Fails if ``key`` is not found from ``dictionary``.</doc>
<status status="PASS" start="2024-03-29T17:12:41.863314" elapsed="0.000419"/>
</kw>
<kw name="Log" owner="BuiltIn">
<msg time="2024-03-29T17:12:41.864401" level="INFO">{'gender': 'female', 'name': {'title': 'Miss', 'first': 'Ella', 'last': 'Addy'}, 'location': {'street': {'number': 3759, 'name': 'Dundas Rd'}, 'city': 'Russell', 'state': 'Prince Edward Island', 'country': 'Canada', 'postcode': 'N0E 7N9', 'coordinates': {'latitude': '-66.8335', 'longitude': '32.4693'}, 'timezone': {'offset': '-9:00', 'description': 'Alaska'}}, 'email': 'ella.addy@example.com', 'login': {'uuid': '601167bb-0de3-4ab4-a039-f4f5fc944c1b', 'username': 'purplezebra336', 'password': 'choke', 'salt': '16nORrxa', 'md5': '6fe99bab77b13773a75c5b17a38ad6db', 'sha1': '21b88d254ba6e2cb9debb8756a99ee45669e8ac3', 'sha256': '384478ea3083a265fe8bff0276912d89c335a8559035bb2b947488e011647f66'}, 'dob': {'date': '2000-11-18T00:36:07.140Z', 'age': 23}, 'registered': {'date': '2009-06-02T23:52:03.203Z', 'age': 14}, 'phone': 'T53 H71-7366', 'cell': 'H45 I60-2624', 'id': {'name': 'SIN', 'value': '451400188'}, 'picture': {'large': 'https://randomuser.me/api/portraits/women/96.jpg', 'medium': 'https://randomuser.me/api/portraits/med/women/96.jpg', 'thumbnail': 'https://randomuser.me/api/portraits/thumb/women/96.jpg'}, 'nat': 'CA'}</msg>
<arg>${json_data['results'][0]}</arg>
<doc>Logs the given message with the given level.</doc>
<status status="PASS" start="2024-03-29T17:12:41.864032" elapsed="0.000421"/>
</kw>
<kw name="Log" owner="BuiltIn">
<msg time="2024-03-29T17:12:41.864925" level="INFO">location</msg>
<arg>${key}</arg>
<doc>Logs the given message with the given level.</doc>
<status status="PASS" start="2024-03-29T17:12:41.864792" elapsed="0.000172"/>
</kw>
<var name="${key}">location</var>
<status status="PASS" start="2024-03-29T17:12:41.863202" elapsed="0.001981"/>
</iter>
<iter>
<kw name="Dictionary Should Contain Key" owner="Collections">
<msg time="2024-03-29T17:12:41.865851" level="INFO">False</msg>
<arg>${json_data['results'][0]}</arg>
<arg>${key}</arg>
<doc>Fails if ``key`` is not found from ``dictionary``.</doc>
<status status="PASS" start="2024-03-29T17:12:41.865468" elapsed="0.000420"/>
</kw>
<kw name="Log" owner="BuiltIn">
<msg time="2024-03-29T17:12:41.866555" level="INFO">{'gender': 'female', 'name': {'title': 'Miss', 'first': 'Ella', 'last': 'Addy'}, 'location': {'street': {'number': 3759, 'name': 'Dundas Rd'}, 'city': 'Russell', 'state': 'Prince Edward Island', 'country': 'Canada', 'postcode': 'N0E 7N9', 'coordinates': {'latitude': '-66.8335', 'longitude': '32.4693'}, 'timezone': {'offset': '-9:00', 'description': 'Alaska'}}, 'email': 'ella.addy@example.com', 'login': {'uuid': '601167bb-0de3-4ab4-a039-f4f5fc944c1b', 'username': 'purplezebra336', 'password': 'choke', 'salt': '16nORrxa', 'md5': '6fe99bab77b13773a75c5b17a38ad6db', 'sha1': '21b88d254ba6e2cb9debb8756a99ee45669e8ac3', 'sha256': '384478ea3083a265fe8bff0276912d89c335a8559035bb2b947488e011647f66'}, 'dob': {'date': '2000-11-18T00:36:07.140Z', 'age': 23}, 'registered': {'date': '2009-06-02T23:52:03.203Z', 'age': 14}, 'phone': 'T53 H71-7366', 'cell': 'H45 I60-2624', 'id': {'name': 'SIN', 'value': '451400188'}, 'picture': {'large': 'https://randomuser.me/api/portraits/women/96.jpg', 'medium': 'https://randomuser.me/api/portraits/med/women/96.jpg', 'thumbnail': 'https://randomuser.me/api/portraits/thumb/women/96.jpg'}, 'nat': 'CA'}</msg>
<arg>${json_data['results'][0]}</arg>
<doc>Logs the given message with the given level.</doc>
<status status="PASS" start="2024-03-29T17:12:41.866190" elapsed="0.000413"/>
</kw>
<kw name="Log" owner="BuiltIn">
<msg time="2024-03-29T17:12:41.867027" level="INFO">email</msg>
<arg>${key}</arg>
<doc>Logs the given message with the given level.</doc>
<status status="PASS" start="2024-03-29T17:12:41.866897" elapsed="0.000168"/>
</kw>
<var name="${key}">email</var>
<status status="PASS" start="2024-03-29T17:12:41.865358" elapsed="0.001923"/>
</iter>
<iter>
<kw name="Dictionary Should Contain Key" owner="Collections">
<msg time="2024-03-29T17:12:41.867954" level="INFO">False</msg>
<arg>${json_data['results'][0]}</arg>
<arg>${key}</arg>
<doc>Fails if ``key`` is not found from ``dictionary``.</doc>
<status status="PASS" start="2024-03-29T17:12:41.867573" elapsed="0.000418"/>
</kw>
<kw name="Log" owner="BuiltIn">
<msg time="2024-03-29T17:12:41.868665" level="INFO">{'gender': 'female', 'name': {'title': 'Miss', 'first': 'Ella', 'last': 'Addy'}, 'location': {'street': {'number': 3759, 'name': 'Dundas Rd'}, 'city': 'Russell', 'state': 'Prince Edward Island', 'country': 'Canada', 'postcode': 'N0E 7N9', 'coordinates': {'latitude': '-66.8335', 'longitude': '32.4693'}, 'timezone': {'offset': '-9:00', 'description': 'Alaska'}}, 'email': 'ella.addy@example.com', 'login': {'uuid': '601167bb-0de3-4ab4-a039-f4f5fc944c1b', 'username': 'purplezebra336', 'password': 'choke', 'salt': '16nORrxa', 'md5': '6fe99bab77b13773a75c5b17a38ad6db', 'sha1': '21b88d254ba6e2cb9debb8756a99ee45669e8ac3', 'sha256': '384478ea3083a265fe8bff0276912d89c335a8559035bb2b947488e011647f66'}, 'dob': {'date': '2000-11-18T00:36:07.140Z', 'age': 23}, 'registered': {'date': '2009-06-02T23:52:03.203Z', 'age': 14}, 'phone': 'T53 H71-7366', 'cell': 'H45 I60-2624', 'id': {'name': 'SIN', 'value': '451400188'}, 'picture': {'large': 'https://randomuser.me/api/portraits/women/96.jpg', 'medium': 'https://randomuser.me/api/portraits/med/women/96.jpg', 'thumbnail': 'https://randomuser.me/api/portraits/thumb/women/96.jpg'}, 'nat': 'CA'}</msg>
<arg>${json_data['results'][0]}</arg>
<doc>Logs the given message with the given level.</doc>
<status status="PASS" start="2024-03-29T17:12:41.868284" elapsed="0.000436"/>
</kw>
<kw name="Log" owner="BuiltIn">
<msg time="2024-03-29T17:12:41.869141" level="INFO">login</msg>
<arg>${key}</arg>
<doc>Logs the given message with the given level.</doc>
<status status="PASS" start="2024-03-29T17:12:41.869015" elapsed="0.000266"/>
</kw>
<var name="${key}">login</var>
<status status="PASS" start="2024-03-29T17:12:41.867456" elapsed="0.002051"/>
</iter>
<var>${key}</var>
<value>@{expected_keys}</value>
<status status="PASS" start="2024-03-29T17:12:41.858624" elapsed="0.011032"/>
</for>
<kw name="Create List" owner="BuiltIn">
<msg time="2024-03-29T17:12:41.870000" level="INFO">${expected_keysTwo} = ['username', 'password']</msg>
<var>${expected_keysTwo}</var>
<arg>username</arg>
<arg>password</arg>
<doc>Returns a list containing given items.</doc>
<status status="PASS" start="2024-03-29T17:12:41.869861" elapsed="0.000163"/>
</kw>
<for flavor="IN">
<iter>
<kw name="Dictionary Should Contain Key" owner="Collections">
<msg time="2024-03-29T17:12:41.870910" level="INFO">False</msg>
<arg>${json_data['results'][0]['login']}</arg>
<arg>${keyTwo}</arg>
<doc>Fails if ``key`` is not found from ``dictionary``.</doc>
<status status="PASS" start="2024-03-29T17:12:41.870523" elapsed="0.000423"/>
</kw>
<kw name="Dictionary Should Contain Key" owner="Collections">
<msg time="2024-03-29T17:12:41.871617" level="INFO">False</msg>
<arg>${json_data['results'][0]['login']}</arg>
<arg>${keyTwo}</arg>
<doc>Fails if ``key`` is not found from ``dictionary``.</doc>
<status status="PASS" start="2024-03-29T17:12:41.871241" elapsed="0.000414"/>
</kw>
<kw name="Log" owner="BuiltIn">
<msg time="2024-03-29T17:12:41.872071" level="INFO">username</msg>
<arg>${keyTwo}</arg>
<doc>Logs the given message with the given level.</doc>
<status status="PASS" start="2024-03-29T17:12:41.871945" elapsed="0.000163"/>
</kw>
<var name="${keyTwo}">username</var>
<status status="PASS" start="2024-03-29T17:12:41.870413" elapsed="0.001910"/>
</iter>
<iter>
<kw name="Dictionary Should Contain Key" owner="Collections">
<msg time="2024-03-29T17:12:41.873005" level="INFO">False</msg>
<arg>${json_data['results'][0]['login']}</arg>
<arg>${keyTwo}</arg>
<doc>Fails if ``key`` is not found from ``dictionary``.</doc>
<status status="PASS" start="2024-03-29T17:12:41.872603" elapsed="0.000438"/>
</kw>
<kw name="Dictionary Should Contain Key" owner="Collections">
<msg time="2024-03-29T17:12:41.873788" level="INFO">False</msg>
<arg>${json_data['results'][0]['login']}</arg>
<arg>${keyTwo}</arg>
<doc>Fails if ``key`` is not found from ``dictionary``.</doc>
<status status="PASS" start="2024-03-29T17:12:41.873360" elapsed="0.000466"/>
</kw>
<kw name="Log" owner="BuiltIn">
<msg time="2024-03-29T17:12:41.874245" level="INFO">password</msg>
<arg>${keyTwo}</arg>
<doc>Logs the given message with the given level.</doc>
<status status="PASS" start="2024-03-29T17:12:41.874118" elapsed="0.000165"/>
</kw>
<var name="${keyTwo}">password</var>
<status status="PASS" start="2024-03-29T17:12:41.872494" elapsed="0.002008"/>
</iter>
<var>${keyTwo}</var>
<value>@{expected_keysTwo}</value>
<status status="PASS" start="2024-03-29T17:12:41.870261" elapsed="0.004364"/>
</for>
<status status="PASS" start="2024-03-29T17:12:41.763107" elapsed="0.111657"/>
</kw>
<doc>Testa a estrutura da resposta da API.</doc>
<tag>testeEstruturaResposta</tag>
<status status="PASS" start="2024-03-29T17:12:41.762513" elapsed="0.112404"/>
</test>
<test id="s1-s1-t4" name="Validar tipos de dados" line="28">
<kw name="Teste de Tipos de Dados" owner="random-user-service">
<kw name="GET On Session" owner="RequestsLibrary">
<msg time="2024-03-29T17:12:41.969153" level="INFO">GET Request : url=https://randomuser.me/api 
 path_url=/api 
 headers={'User-Agent': 'python-requests/2.31.0', 'Accept-Encoding': 'gzip, deflate', 'Accept': '*/*', 'Connection': 'keep-alive'} 
 body=None 
 </msg>
<msg time="2024-03-29T17:12:41.969236" level="INFO">GET Response : url=https://randomuser.me/api 
 status=200, reason=OK 
 headers={'Date': 'Fri, 29 Mar 2024 17:12:41 GMT', 'Content-Type': 'application/json; charset=utf-8', 'Transfer-Encoding': 'chunked', 'Connection': 'keep-alive', 'X-Powered-By': 'Express', 'Access-Control-Allow-Origin': '*', 'Cache-Control': 'no-cache', 'ETag': 'W/"471-579a+RxdBOVVZxzloPSDfamSd98"', 'Vary': 'Accept-Encoding', 'Content-Encoding': 'gzip', 'CF-Cache-Status': 'DYNAMIC', 'Report-To': '{"endpoints":[{"url":"https:\\/\\/a.nel.cloudflare.com\\/report\\/v4?s=CIGqStzX9vOASLh7YHAsPPKv9Q85pd4xfs1RsewE7kL%2BJ5BNgMPFXsqqN4eRQCSaXDRhaLrCJWQUOHCcJH3ceKSU0ZU8P5r6FWqH4OGSpc%2FhMfyVVczo1CBHthqUnB0K"}],"group":"cf-nel","max_age":604800}', 'NEL': '{"success_fraction":0,"report_to":"cf-nel","max_age":604800}', 'Server': 'cloudflare', 'CF-RAY': '86c17c7dcd899675-SJC', 'alt-svc': 'h3=":443"; ma=86400'} 
 body={"results":[{"gender":"male","name":{"title":"Mr","first":"Yaroslav","last":"Hryapa"},"location":{"street":{"number":6709,"name":"Saperno-Slobidska"},"city":"Toreck","state":"Mikolayivska","country":"Ukraine","postcode":93143,"coordinates":{"latitude":"79.6274","longitude":"-124.7325"},"timezone":{"offset":"+3:30","description":"Tehran"}},"email":"yaroslav.hryapa@example.com","login":{"uuid":"fe9ace9e-95a6-4806-aae2-a01ffbfd77a8","username":"whitedog686","password":"paradox","salt":"MtMzFazN","md5":"560bcb4faa4044f872c7fb850f385685","sha1":"510025ffd6bac21310f723c53d59ca8e504f7c2c","sha256":"e1492ae4df47030cdbd256812b6e1d2d3f645354fffde0569a131f2812a7a643"},"dob":{"date":"1946-06-19T02:01:59.905Z","age":77},"registered":{"date":"2003-07-26T12:00:14.462Z","age":20},"phone":"(099) T98-4465","cell":"(096) U96-0109","id":{"name":"","value":null},"picture":{"large":"https://randomuser.me/api/portraits/men/94.jpg","medium":"https://randomuser.me/api/portraits/med/men/94.jpg","thumbnail":"https://randomuser.me/api/portraits/thumb/men/94.jpg"},"nat":"UA"}],"info":{"seed":"1cc5b084c53ec32b","results":1,"page":1,"version":"1.4"}} 
 </msg>
<msg time="2024-03-29T17:12:41.969305" level="INFO">/opt/hostedtoolcache/Python/3.12.2/x64/lib/python3.12/site-packages/urllib3/connectionpool.py:1103: InsecureRequestWarning: Unverified HTTPS request is being made to host 'randomuser.me'. Adding certificate verification is strongly advised. See: https://urllib3.readthedocs.io/en/latest/advanced-usage.html#tls-warnings
  warnings.warn(</msg>
<msg time="2024-03-29T17:12:41.969440" level="INFO">${response} = &lt;Response [200]&gt;</msg>
<var>${response}</var>
<arg>consultarAPI</arg>
<arg>/api</arg>
<doc>Sends a GET request on a previously created HTTP Session.</doc>
<status status="PASS" start="2024-03-29T17:12:41.877344" elapsed="0.092135"/>
</kw>
<kw name="Set Variable" owner="BuiltIn">
<msg time="2024-03-29T17:12:41.970274" level="INFO">${json_data} = {'results': [{'gender': 'male', 'name': {'title': 'Mr', 'first': 'Yaroslav', 'last': 'Hryapa'}, 'location': {'street': {'number': 6709, 'name': 'Saperno-Slobidska'}, 'city': 'Toreck', 'state': 'Mikola...</msg>
<var>${json_data}</var>
<arg>${response.json()}</arg>
<doc>Returns the given values which can then be assigned to a variables.</doc>
<status status="PASS" start="2024-03-29T17:12:41.969826" elapsed="0.000476"/>
</kw>
<kw name="Log" owner="BuiltIn">
<msg time="2024-03-29T17:12:41.970763" level="INFO">{'results': [{'gender': 'male', 'name': {'title': 'Mr', 'first': 'Yaroslav', 'last': 'Hryapa'}, 'location': {'street': {'number': 6709, 'name': 'Saperno-Slobidska'}, 'city': 'Toreck', 'state': 'Mikolayivska', 'country': 'Ukraine', 'postcode': 93143, 'coordinates': {'latitude': '79.6274', 'longitude': '-124.7325'}, 'timezone': {'offset': '+3:30', 'description': 'Tehran'}}, 'email': 'yaroslav.hryapa@example.com', 'login': {'uuid': 'fe9ace9e-95a6-4806-aae2-a01ffbfd77a8', 'username': 'whitedog686', 'password': 'paradox', 'salt': 'MtMzFazN', 'md5': '560bcb4faa4044f872c7fb850f385685', 'sha1': '510025ffd6bac21310f723c53d59ca8e504f7c2c', 'sha256': 'e1492ae4df47030cdbd256812b6e1d2d3f645354fffde0569a131f2812a7a643'}, 'dob': {'date': '1946-06-19T02:01:59.905Z', 'age': 77}, 'registered': {'date': '2003-07-26T12:00:14.462Z', 'age': 20}, 'phone': '(099) T98-4465', 'cell': '(096) U96-0109', 'id': {'name': '', 'value': None}, 'picture': {'large': 'https://randomuser.me/api/portraits/men/94.jpg', 'medium': 'https://randomuser.me/api/portraits/med/men/94.jpg', 'thumbnail': 'https://randomuser.me/api/portraits/thumb/men/94.jpg'}, 'nat': 'UA'}], 'info': {'seed': '1cc5b084c53ec32b', 'results': 1, 'page': 1, 'version': '1.4'}}</msg>
<arg>${json_data}</arg>
<doc>Logs the given message with the given level.</doc>
<status status="PASS" start="2024-03-29T17:12:41.970610" elapsed="0.000199"/>
</kw>
<kw name="Should Be String" owner="String">
<arg>${json_data['results'][0]['gender']}</arg>
<doc>Fails if the given ``item`` is not a string.</doc>
<status status="PASS" start="2024-03-29T17:12:41.971141" elapsed="0.000364"/>
</kw>
<kw name="Should Match Regexp" owner="BuiltIn">
<arg>${json_data['results'][0]['email']}</arg>
<arg>^[a-zA-Z0-9._%+-]+@[a-zA-Z0-9.-]+\.[a-zA-Z]{2,}$</arg>
<doc>Fails if ``string`` does not match ``pattern`` as a regular expression.</doc>
<status status="PASS" start="2024-03-29T17:12:41.971702" elapsed="0.000504"/>
</kw>
<kw name="Should Match Regexp" owner="BuiltIn">
<arg>${json_data['results'][0]['dob']['date']}</arg>
<arg>\\d{4}-\\d{2}-\\d{2}T\\d{2}:\\d{2}:\\d{2}\\.\\d{3}Z</arg>
<doc>Fails if ``string`` does not match ``pattern`` as a regular expression.</doc>
<status status="PASS" start="2024-03-29T17:12:41.972403" elapsed="0.000535"/>
</kw>
<kw name="Should Match Regexp" owner="BuiltIn">
<arg>${json_data['results'][0]['registered']['date']}</arg>
<arg>\\d{4}-\\d{2}-\\d{2}T\\d{2}:\\d{2}:\\d{2}\\.\\d{3}Z</arg>
<doc>Fails if ``string`` does not match ``pattern`` as a regular expression.</doc>
<status status="PASS" start="2024-03-29T17:12:41.973133" elapsed="0.000379"/>
</kw>
<kw name="Should Match Regexp" owner="BuiltIn">
<arg>${json_data['results'][0]['picture']['large']}</arg>
<arg>^https?://.*\.(?:png|jpe?g|gif|bmp)$</arg>
<doc>Fails if ``string`` does not match ``pattern`` as a regular expression.</doc>
<status status="PASS" start="2024-03-29T17:12:41.973701" elapsed="0.000460"/>
</kw>
<kw name="Should Match Regexp" owner="BuiltIn">
<arg>${json_data['results'][0]['picture']['medium']}</arg>
<arg>^https?://.*\.(?:png|jpe?g|gif|bmp)$</arg>
<doc>Fails if ``string`` does not match ``pattern`` as a regular expression.</doc>
<status status="PASS" start="2024-03-29T17:12:41.974349" elapsed="0.000354"/>
</kw>
<kw name="Should Match Regexp" owner="BuiltIn">
<arg>${json_data['results'][0]['picture']['thumbnail']}</arg>
<arg>^https?://.*\.(?:png|jpe?g|gif|bmp)$</arg>
<doc>Fails if ``string`` does not match ``pattern`` as a regular expression.</doc>
<status status="PASS" start="2024-03-29T17:12:41.974888" elapsed="0.000354"/>
</kw>
<kw name="Log" owner="BuiltIn">
<msg time="2024-03-29T17:12:41.975754" level="INFO">{'large': 'https://randomuser.me/api/portraits/men/94.jpg', 'medium': 'https://randomuser.me/api/portraits/med/men/94.jpg', 'thumbnail': 'https://randomuser.me/api/portraits/thumb/men/94.jpg'}</msg>
<arg>${json_data['results'][0]['picture']}</arg>
<doc>Logs the given message with the given level.</doc>
<status status="PASS" start="2024-03-29T17:12:41.975423" elapsed="0.000377"/>
</kw>
<status status="PASS" start="2024-03-29T17:12:41.877115" elapsed="0.098936"/>
</kw>
<kw name="Teste de Tipos de Dados - Postcode" owner="random-user-service">
<kw name="GET On Session" owner="RequestsLibrary">
<msg time="2024-03-29T17:12:42.065887" level="INFO">GET Request : url=https://randomuser.me/api 
 path_url=/api 
 headers={'User-Agent': 'python-requests/2.31.0', 'Accept-Encoding': 'gzip, deflate', 'Accept': '*/*', 'Connection': 'keep-alive'} 
 body=None 
 </msg>
<msg time="2024-03-29T17:12:42.065972" level="INFO">GET Response : url=https://randomuser.me/api 
 status=200, reason=OK 
 headers={'Date': 'Fri, 29 Mar 2024 17:12:42 GMT', 'Content-Type': 'application/json; charset=utf-8', 'Transfer-Encoding': 'chunked', 'Connection': 'keep-alive', 'X-Powered-By': 'Express', 'Access-Control-Allow-Origin': '*', 'Cache-Control': 'no-cache', 'ETag': 'W/"4b6-78vRGeZJCA4wrE3XVryX06hOI78"', 'Vary': 'Accept-Encoding', 'Content-Encoding': 'gzip', 'CF-Cache-Status': 'DYNAMIC', 'Report-To': '{"endpoints":[{"url":"https:\\/\\/a.nel.cloudflare.com\\/report\\/v4?s=XP7v7Bba4xBtwKWNR2MfQ5jIZVBBQi%2F%2B4foh3ZSVVYiXDAJS%2Ffz1bIDU2OsiZP8S5ixzIbXePB6Ohf2gQX9CFW4TL19GoJabNNjgZdLuQzYiyJKkxh87TOLJrSwGy4GV"}],"group":"cf-nel","max_age":604800}', 'NEL': '{"success_fraction":0,"report_to":"cf-nel","max_age":604800}', 'Server': 'cloudflare', 'CF-RAY': '86c17c7e6e0f9675-SJC', 'alt-svc': 'h3=":443"; ma=86400'} 
 body={"results":[{"gender":"male","name":{"title":"Mr","first":"Gerónimo","last":"Pizarro"},"location":{"street":{"number":5493,"name":"Peatonal Tlaxcala"},"city":"Puerto Adolfo López Mateos","state":"Nuevo Leon","country":"Mexico","postcode":27277,"coordinates":{"latitude":"28.8708","longitude":"-107.5371"},"timezone":{"offset":"+8:00","description":"Beijing, Perth, Singapore, Hong Kong"}},"email":"geronimo.pizarro@example.com","login":{"uuid":"5bd8c993-1edb-4433-a4fb-53e4d7b7bce8","username":"yellowpanda423","password":"daniela","salt":"f41TsomQ","md5":"c515dfe450d79df8e17c29b6e21e51db","sha1":"8bf274bc1ddefa5bd8cb319e43a5c7bbb73e9a46","sha256":"c0c3e1a048c51926925f97f1b17342865f5349ebf7fa80ffa4d562ad100e72aa"},"dob":{"date":"1958-06-22T10:52:12.219Z","age":65},"registered":{"date":"2020-07-09T18:56:14.888Z","age":3},"phone":"(684) 647 8951","cell":"(696) 929 7100","id":{"name":"NSS","value":"67 27 91 8690 3"},"picture":{"large":"https://randomuser.me/api/portraits/men/27.jpg","medium":"https://randomuser.me/api/portraits/med/men/27.jpg","thumbnail":"https://randomuser.me/api/portraits/thumb/men/27.jpg"},"nat":"MX"}],"info":{"seed":"25eb3ffb1a404119","results":1,"page":1,"version":"1.4"}} 
 </msg>
<msg time="2024-03-29T17:12:42.066059" level="INFO">/opt/hostedtoolcache/Python/3.12.2/x64/lib/python3.12/site-packages/urllib3/connectionpool.py:1103: InsecureRequestWarning: Unverified HTTPS request is being made to host 'randomuser.me'. Adding certificate verification is strongly advised. See: https://urllib3.readthedocs.io/en/latest/advanced-usage.html#tls-warnings
  warnings.warn(</msg>
<msg time="2024-03-29T17:12:42.066201" level="INFO">${response} = &lt;Response [200]&gt;</msg>
<var>${response}</var>
<arg>consultarAPI</arg>
<arg>/api</arg>
<doc>Sends a GET request on a previously created HTTP Session.</doc>
<status status="PASS" start="2024-03-29T17:12:41.976624" elapsed="0.089634"/>
</kw>
<kw name="Set Variable" owner="BuiltIn">
<msg time="2024-03-29T17:12:42.067128" level="INFO">${json_data} = {'results': [{'gender': 'male', 'name': {'title': 'Mr', 'first': 'Gerónimo', 'last': 'Pizarro'}, 'location': {'street': {'number': 5493, 'name': 'Peatonal Tlaxcala'}, 'city': 'Puerto Adolfo López Mate...</msg>
<var>${json_data}</var>
<arg>${response.json()}</arg>
<doc>Returns the given values which can then be assigned to a variables.</doc>
<status status="PASS" start="2024-03-29T17:12:42.066697" elapsed="0.000459"/>
</kw>
<kw name="Log" owner="BuiltIn">
<msg time="2024-03-29T17:12:42.067610" level="INFO">{'results': [{'gender': 'male', 'name': {'title': 'Mr', 'first': 'Gerónimo', 'last': 'Pizarro'}, 'location': {'street': {'number': 5493, 'name': 'Peatonal Tlaxcala'}, 'city': 'Puerto Adolfo López Mateos', 'state': 'Nuevo Leon', 'country': 'Mexico', 'postcode': 27277, 'coordinates': {'latitude': '28.8708', 'longitude': '-107.5371'}, 'timezone': {'offset': '+8:00', 'description': 'Beijing, Perth, Singapore, Hong Kong'}}, 'email': 'geronimo.pizarro@example.com', 'login': {'uuid': '5bd8c993-1edb-4433-a4fb-53e4d7b7bce8', 'username': 'yellowpanda423', 'password': 'daniela', 'salt': 'f41TsomQ', 'md5': 'c515dfe450d79df8e17c29b6e21e51db', 'sha1': '8bf274bc1ddefa5bd8cb319e43a5c7bbb73e9a46', 'sha256': 'c0c3e1a048c51926925f97f1b17342865f5349ebf7fa80ffa4d562ad100e72aa'}, 'dob': {'date': '1958-06-22T10:52:12.219Z', 'age': 65}, 'registered': {'date': '2020-07-09T18:56:14.888Z', 'age': 3}, 'phone': '(684) 647 8951', 'cell': '(696) 929 7100', 'id': {'name': 'NSS', 'value': '67 27 91 8690 3'}, 'picture': {'large': 'https://randomuser.me/api/portraits/men/27.jpg', 'medium': 'https://randomuser.me/api/portraits/med/men/27.jpg', 'thumbnail': 'https://randomuser.me/api/portraits/thumb/men/27.jpg'}, 'nat': 'MX'}], 'info': {'seed': '25eb3ffb1a404119', 'results': 1, 'page': 1, 'version': '1.4'}}</msg>
<arg>${json_data}</arg>
<doc>Logs the given message with the given level.</doc>
<status status="PASS" start="2024-03-29T17:12:42.067455" elapsed="0.000202"/>
</kw>
<kw name="Should Be Equal As Numbers" owner="BuiltIn">
<arg>${json_data['results'][0]['location']['postcode']}</arg>
<arg>${json_data['results'][0]['location']['postcode']}</arg>
<doc>Fails if objects are unequal after converting them to real numbers.</doc>
<status status="PASS" start="2024-03-29T17:12:42.067979" elapsed="0.000619"/>
</kw>
<kw name="Log" owner="BuiltIn">
<msg time="2024-03-29T17:12:42.069156" level="INFO">27277</msg>
<arg>${json_data['results'][0]['location']['postcode']}</arg>
<doc>Logs the given message with the given level.</doc>
<status status="PASS" start="2024-03-29T17:12:42.068823" elapsed="0.000374"/>
</kw>
<status status="PASS" start="2024-03-29T17:12:41.976264" elapsed="0.093184"/>
</kw>
<doc>Testa se os tipos de dados na resposta da API estão corretos.</doc>
<tag>testeTiposDados</tag>
<status status="PASS" start="2024-03-29T17:12:41.876688" elapsed="0.192918"/>
</test>
<test id="s1-s1-t5" name="Validar conteudo" line="35">
<kw name="Teste de Tipos de Conteudo" owner="random-user-service">
<kw name="GET On Session" owner="RequestsLibrary">
<msg time="2024-03-29T17:12:42.164111" level="INFO">GET Request : url=https://randomuser.me/api 
 path_url=/api 
 headers={'User-Agent': 'python-requests/2.31.0', 'Accept-Encoding': 'gzip, deflate', 'Accept': '*/*', 'Connection': 'keep-alive'} 
 body=None 
 </msg>
<msg time="2024-03-29T17:12:42.164197" level="INFO">GET Response : url=https://randomuser.me/api 
 status=200, reason=OK 
 headers={'Date': 'Fri, 29 Mar 2024 17:12:42 GMT', 'Content-Type': 'application/json; charset=utf-8', 'Transfer-Encoding': 'chunked', 'Connection': 'keep-alive', 'X-Powered-By': 'Express', 'Access-Control-Allow-Origin': '*', 'Cache-Control': 'no-cache', 'ETag': 'W/"485-N9UXCyUafogpJwMiGMtUmZYIs8g"', 'Vary': 'Accept-Encoding', 'Content-Encoding': 'gzip', 'CF-Cache-Status': 'DYNAMIC', 'Report-To': '{"endpoints":[{"url":"https:\\/\\/a.nel.cloudflare.com\\/report\\/v4?s=JWKvA0XL4n4vV0Id%2FQIHkpbA%2Fdz5V3HT1SskmWON3R9Qvr%2FQEDIk%2BbWXeZYcZDR6H1NnxTDQqJoyZk3FlJUnbCXfoiFuvW6JYDH9L5bzAM7CMbofb3VZp0q4QHSZfDKU"}],"group":"cf-nel","max_age":604800}', 'NEL': '{"success_fraction":0,"report_to":"cf-nel","max_age":604800}', 'Server': 'cloudflare', 'CF-RAY': '86c17c7efec29675-SJC', 'alt-svc': 'h3=":443"; ma=86400'} 
 body={"results":[{"gender":"male","name":{"title":"Mr","first":"سام","last":"گلشن"},"location":{"street":{"number":7256,"name":"دماوند"},"city":"آمل","state":"کرمانشاه","country":"Iran","postcode":88815,"coordinates":{"latitude":"13.8649","longitude":"-6.0188"},"timezone":{"offset":"+5:00","description":"Ekaterinburg, Islamabad, Karachi, Tashkent"}},"email":"sm.glshn@example.com","login":{"uuid":"6fab40de-51a4-4ec5-9e73-db272d6f462f","username":"lazyduck868","password":"tractor","salt":"vePr4WvJ","md5":"e60fa752f885d0741ba0be2853e85d88","sha1":"246423745ac93e2f646fd9c7d5d728597e3232bf","sha256":"32e05e9e254b6620795e8c32a030fa6040176b42e352abc64f39fe33aa5d3241"},"dob":{"date":"1987-01-23T23:52:28.533Z","age":37},"registered":{"date":"2005-05-23T01:43:19.179Z","age":18},"phone":"018-49241940","cell":"0902-610-5220","id":{"name":"","value":null},"picture":{"large":"https://randomuser.me/api/portraits/men/49.jpg","medium":"https://randomuser.me/api/portraits/med/men/49.jpg","thumbnail":"https://randomuser.me/api/portraits/thumb/men/49.jpg"},"nat":"IR"}],"info":{"seed":"3ad79f8206484ceb","results":1,"page":1,"version":"1.4"}} 
 </msg>
<msg time="2024-03-29T17:12:42.164269" level="INFO">/opt/hostedtoolcache/Python/3.12.2/x64/lib/python3.12/site-packages/urllib3/connectionpool.py:1103: InsecureRequestWarning: Unverified HTTPS request is being made to host 'randomuser.me'. Adding certificate verification is strongly advised. See: https://urllib3.readthedocs.io/en/latest/advanced-usage.html#tls-warnings
  warnings.warn(</msg>
<msg time="2024-03-29T17:12:42.164406" level="INFO">${response} = &lt;Response [200]&gt;</msg>
<var>${response}</var>
<arg>consultarAPI</arg>
<arg>/api</arg>
<doc>Sends a GET request on a previously created HTTP Session.</doc>
<status status="PASS" start="2024-03-29T17:12:42.072349" elapsed="0.092113"/>
</kw>
<kw name="Set Variable" owner="BuiltIn">
<msg time="2024-03-29T17:12:42.165384" level="INFO">${json_data} = {'results': [{'gender': 'male', 'name': {'title': 'Mr', 'first': 'سام', 'last': 'گلشن'}, 'location': {'street': {'number': 7256, 'name': 'دماوند'}, 'city': 'آمل', 'state': 'کرمانشاه', 'country': 'Iran...</msg>
<var>${json_data}</var>
<arg>${response.json()}</arg>
<doc>Returns the given values which can then be assigned to a variables.</doc>
<status status="PASS" start="2024-03-29T17:12:42.164924" elapsed="0.000490"/>
</kw>
<kw name="Set Variable" owner="BuiltIn">
<msg time="2024-03-29T17:12:42.166098" level="INFO">${name_title} = Mr</msg>
<var>${name_title}</var>
<arg>${json_data["results"][0]["name"]["title"]}</arg>
<doc>Returns the given values which can then be assigned to a variables.</doc>
<status status="PASS" start="2024-03-29T17:12:42.165722" elapsed="0.000400"/>
</kw>
<kw name="Create List" owner="BuiltIn">
<msg time="2024-03-29T17:12:42.166565" level="INFO">${allowed_titles} = ['Mr', 'Ms', 'Miss', 'Mrs', 'Madame', 'Monsieur']</msg>
<var>${allowed_titles}</var>
<arg>Mr</arg>
<arg>Ms</arg>
<arg>Miss</arg>
<arg>Mrs</arg>
<arg>Madame</arg>
<arg>Monsieur</arg>
<doc>Returns a list containing given items.</doc>
<status status="PASS" start="2024-03-29T17:12:42.166417" elapsed="0.000172"/>
</kw>
<kw name="List Should Contain Value" owner="Collections">
<msg time="2024-03-29T17:12:42.167060" level="INFO">False</msg>
<arg>${allowed_titles}</arg>
<arg>${name_title}</arg>
<doc>Fails if the ``value`` is not found from ``list``.</doc>
<status status="PASS" start="2024-03-29T17:12:42.166890" elapsed="0.000207"/>
</kw>
<kw name="Set Variable" owner="BuiltIn">
<msg time="2024-03-29T17:12:42.167767" level="INFO">${name_country} = IR</msg>
<var>${name_country}</var>
<arg>${json_data["results"][0]["nat"]}</arg>
<doc>Returns the given values which can then be assigned to a variables.</doc>
<status status="PASS" start="2024-03-29T17:12:42.167389" elapsed="0.000403"/>
</kw>
<kw name="Create List" owner="BuiltIn">
<msg time="2024-03-29T17:12:42.168732" level="INFO">${list_country} = ['AD', 'AE', 'AF', 'AG', 'AI', 'AL', 'AM', 'AO', 'AQ', 'AR', 'AS', 'AT', 'AU', 'AW', 'AX', 'AZ', 'BA', 'BB', 'BD', 'BE', 'BF', 'BG', 'BH', 'BI', 'BJ', 'BL', 'BM', 'BN', 'BO', 'BQ', 'BR', 'BS', 'BT', '...</msg>
<var>${list_country}</var>
<arg>AD</arg>
<arg>AE</arg>
<arg>AF</arg>
<arg>AG</arg>
<arg>AI</arg>
<arg>AL</arg>
<arg>AM</arg>
<arg>AO</arg>
<arg>AQ</arg>
<arg>AR</arg>
<arg>AS</arg>
<arg>AT</arg>
<arg>AU</arg>
<arg>AW</arg>
<arg>AX</arg>
<arg>AZ</arg>
<arg>BA</arg>
<arg>BB</arg>
<arg>BD</arg>
<arg>BE</arg>
<arg>BF</arg>
<arg>BG</arg>
<arg>BH</arg>
<arg>BI</arg>
<arg>BJ</arg>
<arg>BL</arg>
<arg>BM</arg>
<arg>BN</arg>
<arg>BO</arg>
<arg>BQ</arg>
<arg>BR</arg>
<arg>BS</arg>
<arg>BT</arg>
<arg>BV</arg>
<arg>BW</arg>
<arg>BY</arg>
<arg>BZ</arg>
<arg>CA</arg>
<arg>CC</arg>
<arg>CD</arg>
<arg>CF</arg>
<arg>CG</arg>
<arg>CH</arg>
<arg>CI</arg>
<arg>CK</arg>
<arg>CL</arg>
<arg>CM</arg>
<arg>CN</arg>
<arg>CO</arg>
<arg>CR</arg>
<arg>CU</arg>
<arg>CV</arg>
<arg>CW</arg>
<arg>CX</arg>
<arg>CY</arg>
<arg>CZ</arg>
<arg>DE</arg>
<arg>DJ</arg>
<arg>DK</arg>
<arg>DM</arg>
<arg>DO</arg>
<arg>DZ</arg>
<arg>EC</arg>
<arg>EE</arg>
<arg>EG</arg>
<arg>EH</arg>
<arg>ER</arg>
<arg>ES</arg>
<arg>ET</arg>
<arg>FI</arg>
<arg>FJ</arg>
<arg>FK</arg>
<arg>FM</arg>
<arg>FO</arg>
<arg>FR</arg>
<arg>GA</arg>
<arg>GB</arg>
<arg>GD</arg>
<arg>GE</arg>
<arg>GF</arg>
<arg>GG</arg>
<arg>GH</arg>
<arg>GI</arg>
<arg>GL</arg>
<arg>GM</arg>
<arg>GN</arg>
<arg>GP</arg>
<arg>GQ</arg>
<arg>GR</arg>
<arg>GS</arg>
<arg>GT</arg>
<arg>GU</arg>
<arg>GW</arg>
<arg>GY</arg>
<arg>HK</arg>
<arg>HM</arg>
<arg>HN</arg>
<arg>HR</arg>
<arg>HT</arg>
<arg>HU</arg>
<arg>ID</arg>
<arg>IE</arg>
<arg>IL</arg>
<arg>IM</arg>
<arg>IN</arg>
<arg>IO</arg>
<arg>IQ</arg>
<arg>IR</arg>
<arg>IS</arg>
<arg>IT</arg>
<arg>JE</arg>
<arg>JM</arg>
<arg>JO</arg>
<arg>JP</arg>
<arg>KE</arg>
<arg>KG</arg>
<arg>KH</arg>
<arg>KI</arg>
<arg>KM</arg>
<arg>KN</arg>
<arg>KP</arg>
<arg>KR</arg>
<arg>KW</arg>
<arg>KY</arg>
<arg>KZ</arg>
<arg>LA</arg>
<arg>LB</arg>
<arg>LC</arg>
<arg>LI</arg>
<arg>LK</arg>
<arg>LR</arg>
<arg>LS</arg>
<arg>LT</arg>
<arg>LU</arg>
<arg>LV</arg>
<arg>LY</arg>
<arg>MA</arg>
<arg>MC</arg>
<arg>MD</arg>
<arg>ME</arg>
<arg>MF</arg>
<arg>MG</arg>
<arg>MH</arg>
<arg>MK</arg>
<arg>ML</arg>
<arg>MM</arg>
<arg>MN</arg>
<arg>MO</arg>
<arg>MP</arg>
<arg>MQ</arg>
<arg>MR</arg>
<arg>MS</arg>
<arg>MT</arg>
<arg>MU</arg>
<arg>MV</arg>
<arg>MW</arg>
<arg>MX</arg>
<arg>MY</arg>
<arg>MZ</arg>
<arg>NA</arg>
<arg>NC</arg>
<arg>NE</arg>
<arg>NF</arg>
<arg>NG</arg>
<arg>NI</arg>
<arg>NL</arg>
<arg>NO</arg>
<arg>NP</arg>
<arg>NR</arg>
<arg>NU</arg>
<arg>NZ</arg>
<arg>OM</arg>
<arg>PA</arg>
<arg>PE</arg>
<arg>PF</arg>
<arg>PG</arg>
<arg>PH</arg>
<arg>PK</arg>
<arg>PL</arg>
<arg>PM</arg>
<arg>PN</arg>
<arg>PR</arg>
<arg>PS</arg>
<arg>PT</arg>
<arg>PW</arg>
<arg>PY</arg>
<arg>QA</arg>
<arg>RE</arg>
<arg>RO</arg>
<arg>RS</arg>
<arg>RU</arg>
<arg>RW</arg>
<arg>SA</arg>
<arg>SB</arg>
<arg>SC</arg>
<arg>SD</arg>
<arg>SE</arg>
<arg>SG</arg>
<arg>SH</arg>
<arg>SI</arg>
<arg>SJ</arg>
<arg>SK</arg>
<arg>SL</arg>
<arg>SM</arg>
<arg>SN</arg>
<arg>SO</arg>
<arg>SR</arg>
<arg>SS</arg>
<arg>ST</arg>
<arg>SV</arg>
<arg>SX</arg>
<arg>SY</arg>
<arg>SZ</arg>
<arg>TC</arg>
<arg>TD</arg>
<arg>TF</arg>
<arg>TG</arg>
<arg>TH</arg>
<arg>TJ</arg>
<arg>TK</arg>
<arg>TL</arg>
<arg>TM</arg>
<arg>TN</arg>
<arg>TO</arg>
<arg>TR</arg>
<arg>TT</arg>
<arg>TV</arg>
<arg>TW</arg>
<arg>TZ</arg>
<arg>UA</arg>
<arg>UG</arg>
<arg>UM</arg>
<arg>US</arg>
<arg>UY</arg>
<arg>UZ</arg>
<arg>VA</arg>
<arg>VC</arg>
<arg>VE</arg>
<arg>VG</arg>
<arg>VI</arg>
<arg>VN</arg>
<arg>VU</arg>
<arg>WF</arg>
<arg>WS</arg>
<arg>XK</arg>
<arg>YE</arg>
<arg>YT</arg>
<arg>ZA</arg>
<arg>ZM</arg>
<arg>ZW</arg>
<doc>Returns a list containing given items.</doc>
<status status="PASS" start="2024-03-29T17:12:42.168095" elapsed="0.000663"/>
</kw>
<kw name="List Should Contain Value" owner="Collections">
<msg time="2024-03-29T17:12:42.169854" level="INFO">False</msg>
<arg>${list_country}</arg>
<arg>${name_country}</arg>
<doc>Fails if the ``value`` is not found from ``list``.</doc>
<status status="PASS" start="2024-03-29T17:12:42.169650" elapsed="0.000241"/>
</kw>
<kw name="Run Keyword If" owner="BuiltIn">
<kw name="Should Be True" owner="BuiltIn">
<arg>${True}</arg>
<doc>Fails if the given condition is not true.</doc>
<status status="PASS" start="2024-03-29T17:12:42.170953" elapsed="0.000146"/>
</kw>
<arg>${json_data["results"][0]["location"]["coordinates"]["latitude"]} &gt;= -90 and ${json_data["results"][0]["location"]["coordinates"]["latitude"]} &lt;= 90</arg>
<arg>Should Be True</arg>
<arg>${True}</arg>
<doc>Runs the given keyword with the given arguments, if ``condition`` is true.</doc>
<status status="PASS" start="2024-03-29T17:12:42.170206" elapsed="0.001021"/>
</kw>
<kw name="Run Keyword If" owner="BuiltIn">
<kw name="Should Be True" owner="BuiltIn">
<arg>${True}</arg>
<doc>Fails if the given condition is not true.</doc>
<status status="PASS" start="2024-03-29T17:12:42.172109" elapsed="0.000138"/>
</kw>
<arg>${json_data["results"][0]["location"]["coordinates"]["longitude"]} &gt;= -180 and ${json_data["results"][0]["location"]["coordinates"]["longitude"]} &lt;= 180</arg>
<arg>Should Be True</arg>
<arg>${True}</arg>
<doc>Runs the given keyword with the given arguments, if ``condition`` is true.</doc>
<status status="PASS" start="2024-03-29T17:12:42.171413" elapsed="0.000960"/>
</kw>
<status status="PASS" start="2024-03-29T17:12:42.071982" elapsed="0.100518"/>
</kw>
<doc>Testa o conteúdo específico dos campos retornados pela API.</doc>
<tag>testeConteudo</tag>
<status status="PASS" start="2024-03-29T17:12:42.071314" elapsed="0.101359"/>
</test>
<status status="PASS" start="2024-03-29T17:12:41.332293" elapsed="0.842237"/>
</suite>
<status status="PASS" start="2024-03-29T17:12:41.318662" elapsed="0.861019"/>
</suite>
<statistics>
<total>
<stat pass="5" fail="0" skip="0">All Tests</stat>
</total>
<tag>
<stat pass="1" fail="0" skip="0">testeConteudo</stat>
<stat pass="1" fail="0" skip="0">testeEstruturaResposta</stat>
<stat pass="1" fail="0" skip="0">testeRequisicaoBasica</stat>
<stat pass="1" fail="0" skip="0">testeTiposDados</stat>
</tag>
<suite>
<stat pass="5" fail="0" skip="0" id="s1" name="Tests">Tests</stat>
<stat pass="5" fail="0" skip="0" id="s1-s1" name="Random-User-Test">Tests.Random-User-Test</stat>
</suite>
</statistics>
<errors>
</errors>
</robot>
