<?xml version="1.0" encoding="UTF-8"?>
<robot generator="Robot 7.0.1 (Python 3.12.4 on linux)" generated="2024-06-30T19:11:52.318231" rpa="false" schemaversion="5">
<suite id="s1" name="Tests" source="/home/runner/work/ApiRandomUser/ApiRandomUser/RamdonUser/tests">
<suite id="s1-s1" name="Random-User-Test" source="/home/runner/work/ApiRandomUser/ApiRandomUser/RamdonUser/tests/random-user-test.robot">
<test id="s1-s1-t1" name="Conectar" line="13">
<kw name="Conectar API" owner="random-user-service">
<kw name="Create Session" owner="RequestsLibrary">
<msg time="2024-06-30T19:11:52.714567" level="INFO">Creating Session using : alias=consultarAPI, url=https://randomuser.me/, headers={},                     cookies={}, auth=None, timeout=None, proxies=None, verify=False,                     debug=0 </msg>
<arg>consultarAPI</arg>
<arg>${URL}</arg>
<doc>Create Session: create a HTTP session to a server</doc>
<status status="PASS" start="2024-06-30T19:11:52.714361" elapsed="0.000394"/>
</kw>
<status status="PASS" start="2024-06-30T19:11:52.713355" elapsed="0.001772"/>
</kw>
<status status="PASS" start="2024-06-30T19:11:52.712753" elapsed="0.002567"/>
</test>
<test id="s1-s1-t2" name="Validar retorno 200 e JSON Válido" line="16">
<kw name="Teste de Requisicao Basica" owner="random-user-service">
<kw name="GET On Session" owner="RequestsLibrary">
<msg time="2024-06-30T19:11:52.917343" level="INFO">GET Request : url=https://randomuser.me/api 
 path_url=/api 
 headers={'User-Agent': 'python-requests/2.32.3', 'Accept-Encoding': 'gzip, deflate', 'Accept': '*/*', 'Connection': 'keep-alive'} 
 body=None 
 </msg>
<msg time="2024-06-30T19:11:52.917511" level="INFO">GET Response : url=https://randomuser.me/api 
 status=200, reason=OK 
 headers={'Date': 'Sun, 30 Jun 2024 19:11:52 GMT', 'Content-Type': 'application/json; charset=utf-8', 'Transfer-Encoding': 'chunked', 'Connection': 'keep-alive', 'X-Powered-By': 'Express', 'Access-Control-Allow-Origin': '*', 'Cache-Control': 'no-cache', 'ETag': 'W/"475-Bu0O/uq3Qj+zbpfLdfxnLHnwX8c"', 'Vary': 'Accept-Encoding', 'Content-Encoding': 'gzip', 'CF-Cache-Status': 'DYNAMIC', 'Report-To': '{"endpoints":[{"url":"https:\\/\\/a.nel.cloudflare.com\\/report\\/v4?s=1W1rzlDjrgaORVF5jDnt9JKXYiMNR3pq6n6rP1cxdLnexIrnecB2bI%2FHzSAOh0T9av3MMvjpRybDLQrrgaOA9qEAlzfiOfL%2FX5jMyLngTHut67yDuL5fC01N7xUoSJAm"}],"group":"cf-nel","max_age":604800}', 'NEL': '{"success_fraction":0,"report_to":"cf-nel","max_age":604800}', 'Server': 'cloudflare', 'CF-RAY': '89c076f36af35986-IAD', 'alt-svc': 'h3=":443"; ma=86400'} 
 body={"results":[{"gender":"male","name":{"title":"Mr","first":"Borja","last":"Moya"},"location":{"street":{"number":8565,"name":"Avenida de La Albufera"},"city":"Torrejón de Ardoz","state":"Melilla","country":"Spain","postcode":76762,"coordinates":{"latitude":"-34.5120","longitude":"-42.9464"},"timezone":{"offset":"+4:30","description":"Kabul"}},"email":"borja.moya@example.com","login":{"uuid":"29ad2edb-84b4-4fd0-8ca5-a66beb17e82c","username":"redfrog704","password":"robotech","salt":"GpQp8YcU","md5":"816441f8d66b138b57bc85554e011687","sha1":"a8fc648a1e1446ceccaa7d9d7a192378f157cd55","sha256":"9c19558bd9f58f4005e1839b375ddd44c1fc383b207439d668b87814144355e4"},"dob":{"date":"1967-07-08T10:00:09.118Z","age":56},"registered":{"date":"2010-10-12T09:54:03.375Z","age":13},"phone":"996-049-517","cell":"602-805-806","id":{"name":"DNI","value":"76032801-I"},"picture":{"large":"https://randomuser.me/api/portraits/men/70.jpg","medium":"https://randomuser.me/api/portraits/med/men/70.jpg","thumbnail":"https://randomuser.me/api/portraits/thumb/men/70.jpg"},"nat":"ES"}],"info":{"seed":"3dc8cb594f684717","results":1,"page":1,"version":"1.4"}} 
 </msg>
<msg time="2024-06-30T19:11:52.917612" level="INFO">/opt/hostedtoolcache/Python/3.12.4/x64/lib/python3.12/site-packages/urllib3/connectionpool.py:1099: InsecureRequestWarning: Unverified HTTPS request is being made to host 'randomuser.me'. Adding certificate verification is strongly advised. See: https://urllib3.readthedocs.io/en/latest/advanced-usage.html#tls-warnings
  warnings.warn(</msg>
<msg time="2024-06-30T19:11:52.917782" level="INFO">${response} = &lt;Response [200]&gt;</msg>
<var>${response}</var>
<arg>consultarAPI</arg>
<arg>/api</arg>
<doc>Sends a GET request on a previously created HTTP Session.</doc>
<status status="PASS" start="2024-06-30T19:11:52.717958" elapsed="0.199869"/>
</kw>
<kw name="Should Be Equal As Numbers" owner="BuiltIn">
<msg time="2024-06-30T19:11:52.918831" level="INFO">Argument types are:
&lt;class 'int'&gt;
&lt;class 'str'&gt;</msg>
<arg>${response.status_code}</arg>
<arg>200</arg>
<doc>Fails if objects are unequal after converting them to real numbers.</doc>
<status status="PASS" start="2024-06-30T19:11:52.918367" elapsed="0.000528"/>
</kw>
<kw name="Log" owner="BuiltIn">
<msg time="2024-06-30T19:11:52.919559" level="INFO">200</msg>
<arg>${response.status_code}</arg>
<doc>Logs the given message with the given level.</doc>
<status status="PASS" start="2024-06-30T19:11:52.919212" elapsed="0.000389"/>
</kw>
<kw name="Set Variable" owner="BuiltIn">
<msg time="2024-06-30T19:11:52.920367" level="INFO">${json_data} = {'results': [{'gender': 'male', 'name': {'title': 'Mr', 'first': 'Borja', 'last': 'Moya'}, 'location': {'street': {'number': 8565, 'name': 'Avenida de La Albufera'}, 'city': 'Torrejón de Ardoz', 'stat...</msg>
<var>${json_data}</var>
<arg>${response.json()}</arg>
<doc>Returns the given values which can then be assigned to a variables.</doc>
<status status="PASS" start="2024-06-30T19:11:52.919911" elapsed="0.000485"/>
</kw>
<kw name="Dictionary Should Contain Key" owner="Collections">
<arg>${json_data}</arg>
<arg>results</arg>
<doc>Fails if ``key`` is not found from ``dictionary``.</doc>
<status status="PASS" start="2024-06-30T19:11:52.920693" elapsed="0.000163"/>
</kw>
<status status="PASS" start="2024-06-30T19:11:52.717715" elapsed="0.203291"/>
</kw>
<doc>Testa se a API responde corretamente e retorna um objeto JSON válido.</doc>
<tag>testeRequisicaoBasica</tag>
<status status="PASS" start="2024-06-30T19:11:52.717195" elapsed="0.203988"/>
</test>
<test id="s1-s1-t3" name="Validar estrutura de resposta" line="22">
<kw name="Teste de Estrutura de Resposta" owner="random-user-service">
<kw name="GET On Session" owner="RequestsLibrary">
<msg time="2024-06-30T19:11:53.011703" level="INFO">GET Request : url=https://randomuser.me/api 
 path_url=/api 
 headers={'User-Agent': 'python-requests/2.32.3', 'Accept-Encoding': 'gzip, deflate', 'Accept': '*/*', 'Connection': 'keep-alive'} 
 body=None 
 </msg>
<msg time="2024-06-30T19:11:53.011803" level="INFO">GET Response : url=https://randomuser.me/api 
 status=200, reason=OK 
 headers={'Date': 'Sun, 30 Jun 2024 19:11:53 GMT', 'Content-Type': 'application/json; charset=utf-8', 'Transfer-Encoding': 'chunked', 'Connection': 'keep-alive', 'X-Powered-By': 'Express', 'Access-Control-Allow-Origin': '*', 'Cache-Control': 'no-cache', 'ETag': 'W/"489-4iol4COJ1rHv8kj0UkdzZg8hmyg"', 'Vary': 'Accept-Encoding', 'Content-Encoding': 'gzip', 'CF-Cache-Status': 'DYNAMIC', 'Report-To': '{"endpoints":[{"url":"https:\\/\\/a.nel.cloudflare.com\\/report\\/v4?s=F%2Beywlk%2BcTa%2FQKB2%2F%2FmxRV4qPHPmzNUdpTe4ZI8bnPPbn%2BMeGlBWUoaWrWnbf96N4qDkL%2FcL5yxco%2BSbD94h1veCa1srTtX88pmHhFfIgUr2WBUgYw%2FNKcEjma1ifbFc"}],"group":"cf-nel","max_age":604800}', 'NEL': '{"success_fraction":0,"report_to":"cf-nel","max_age":604800}', 'Server': 'cloudflare', 'CF-RAY': '89c076f3dbc35986-IAD', 'alt-svc': 'h3=":443"; ma=86400'} 
 body={"results":[{"gender":"male","name":{"title":"Mr","first":"Pedro","last":"Knight"},"location":{"street":{"number":8245,"name":"Depaul Dr"},"city":"Bridgeport","state":"Arkansas","country":"United States","postcode":84737,"coordinates":{"latitude":"85.9641","longitude":"-2.4611"},"timezone":{"offset":"+2:00","description":"Kaliningrad, South Africa"}},"email":"pedro.knight@example.com","login":{"uuid":"c78d210d-7d5f-45f6-8e48-8042f96f61a0","username":"goldenleopard597","password":"tuscl","salt":"DZu7u8zc","md5":"91371d07815ea79ddda8b3577e7b10bc","sha1":"c2335d0a6c27dec9abd9a38da43967fd84d373e3","sha256":"eb442274e612bbe7204fd632afe272c40367e20e0e70a077a778d100b141da1e"},"dob":{"date":"1946-12-08T00:40:02.204Z","age":77},"registered":{"date":"2008-01-23T21:11:24.997Z","age":16},"phone":"(953) 940-6071","cell":"(686) 212-7999","id":{"name":"SSN","value":"189-44-5913"},"picture":{"large":"https://randomuser.me/api/portraits/men/18.jpg","medium":"https://randomuser.me/api/portraits/med/men/18.jpg","thumbnail":"https://randomuser.me/api/portraits/thumb/men/18.jpg"},"nat":"US"}],"info":{"seed":"4432382ef1c440b7","results":1,"page":1,"version":"1.4"}} 
 </msg>
<msg time="2024-06-30T19:11:53.011947" level="INFO">/opt/hostedtoolcache/Python/3.12.4/x64/lib/python3.12/site-packages/urllib3/connectionpool.py:1099: InsecureRequestWarning: Unverified HTTPS request is being made to host 'randomuser.me'. Adding certificate verification is strongly advised. See: https://urllib3.readthedocs.io/en/latest/advanced-usage.html#tls-warnings
  warnings.warn(</msg>
<msg time="2024-06-30T19:11:53.012111" level="INFO">${response} = &lt;Response [200]&gt;</msg>
<var>${response}</var>
<arg>consultarAPI</arg>
<arg>/api</arg>
<doc>Sends a GET request on a previously created HTTP Session.</doc>
<status status="PASS" start="2024-06-30T19:11:52.923794" elapsed="0.088374"/>
</kw>
<kw name="Set Variable" owner="BuiltIn">
<msg time="2024-06-30T19:11:53.013140" level="INFO">${json_data} = {'results': [{'gender': 'male', 'name': {'title': 'Mr', 'first': 'Pedro', 'last': 'Knight'}, 'location': {'street': {'number': 8245, 'name': 'Depaul Dr'}, 'city': 'Bridgeport', 'state': 'Arkansas', 'c...</msg>
<var>${json_data}</var>
<arg>${response.json()}</arg>
<doc>Returns the given values which can then be assigned to a variables.</doc>
<status status="PASS" start="2024-06-30T19:11:53.012664" elapsed="0.000504"/>
</kw>
<kw name="Log" owner="BuiltIn">
<msg time="2024-06-30T19:11:53.013631" level="INFO">{'results': [{'gender': 'male', 'name': {'title': 'Mr', 'first': 'Pedro', 'last': 'Knight'}, 'location': {'street': {'number': 8245, 'name': 'Depaul Dr'}, 'city': 'Bridgeport', 'state': 'Arkansas', 'country': 'United States', 'postcode': 84737, 'coordinates': {'latitude': '85.9641', 'longitude': '-2.4611'}, 'timezone': {'offset': '+2:00', 'description': 'Kaliningrad, South Africa'}}, 'email': 'pedro.knight@example.com', 'login': {'uuid': 'c78d210d-7d5f-45f6-8e48-8042f96f61a0', 'username': 'goldenleopard597', 'password': 'tuscl', 'salt': 'DZu7u8zc', 'md5': '91371d07815ea79ddda8b3577e7b10bc', 'sha1': 'c2335d0a6c27dec9abd9a38da43967fd84d373e3', 'sha256': 'eb442274e612bbe7204fd632afe272c40367e20e0e70a077a778d100b141da1e'}, 'dob': {'date': '1946-12-08T00:40:02.204Z', 'age': 77}, 'registered': {'date': '2008-01-23T21:11:24.997Z', 'age': 16}, 'phone': '(953) 940-6071', 'cell': '(686) 212-7999', 'id': {'name': 'SSN', 'value': '189-44-5913'}, 'picture': {'large': 'https://randomuser.me/api/portraits/men/18.jpg', 'medium': 'https://randomuser.me/api/portraits/med/men/18.jpg', 'thumbnail': 'https://randomuser.me/api/portraits/thumb/men/18.jpg'}, 'nat': 'US'}], 'info': {'seed': '4432382ef1c440b7', 'results': 1, 'page': 1, 'version': '1.4'}}</msg>
<arg>${json_data}</arg>
<doc>Logs the given message with the given level.</doc>
<status status="PASS" start="2024-06-30T19:11:53.013474" elapsed="0.000204"/>
</kw>
<kw name="Dictionary Should Contain Key" owner="Collections">
<arg>${json_data}</arg>
<arg>results</arg>
<doc>Fails if ``key`` is not found from ``dictionary``.</doc>
<status status="PASS" start="2024-06-30T19:11:53.013968" elapsed="0.000192"/>
</kw>
<kw name="Should Not Be Empty" owner="BuiltIn">
<msg time="2024-06-30T19:11:53.014490" level="INFO">Length is 2.</msg>
<arg>${json_data}</arg>
<doc>Verifies that the given item is not empty.</doc>
<status status="PASS" start="2024-06-30T19:11:53.014356" elapsed="0.000174"/>
</kw>
<kw name="Create List" owner="BuiltIn">
<msg time="2024-06-30T19:11:53.015128" level="INFO">${expected_keys} = ['gender', 'name', 'location', 'email', 'login']</msg>
<var>${expected_keys}</var>
<arg>gender</arg>
<arg>name</arg>
<arg>location</arg>
<arg>email</arg>
<arg>login</arg>
<doc>Returns a list containing given items.</doc>
<status status="PASS" start="2024-06-30T19:11:53.014833" elapsed="0.000320"/>
</kw>
<for flavor="IN">
<iter>
<kw name="Dictionary Should Contain Key" owner="Collections">
<arg>${json_data['results'][0]}</arg>
<arg>${key}</arg>
<doc>Fails if ``key`` is not found from ``dictionary``.</doc>
<status status="PASS" start="2024-06-30T19:11:53.015736" elapsed="0.000403"/>
</kw>
<kw name="Log" owner="BuiltIn">
<msg time="2024-06-30T19:11:53.016699" level="INFO">{'gender': 'male', 'name': {'title': 'Mr', 'first': 'Pedro', 'last': 'Knight'}, 'location': {'street': {'number': 8245, 'name': 'Depaul Dr'}, 'city': 'Bridgeport', 'state': 'Arkansas', 'country': 'United States', 'postcode': 84737, 'coordinates': {'latitude': '85.9641', 'longitude': '-2.4611'}, 'timezone': {'offset': '+2:00', 'description': 'Kaliningrad, South Africa'}}, 'email': 'pedro.knight@example.com', 'login': {'uuid': 'c78d210d-7d5f-45f6-8e48-8042f96f61a0', 'username': 'goldenleopard597', 'password': 'tuscl', 'salt': 'DZu7u8zc', 'md5': '91371d07815ea79ddda8b3577e7b10bc', 'sha1': 'c2335d0a6c27dec9abd9a38da43967fd84d373e3', 'sha256': 'eb442274e612bbe7204fd632afe272c40367e20e0e70a077a778d100b141da1e'}, 'dob': {'date': '1946-12-08T00:40:02.204Z', 'age': 77}, 'registered': {'date': '2008-01-23T21:11:24.997Z', 'age': 16}, 'phone': '(953) 940-6071', 'cell': '(686) 212-7999', 'id': {'name': 'SSN', 'value': '189-44-5913'}, 'picture': {'large': 'https://randomuser.me/api/portraits/men/18.jpg', 'medium': 'https://randomuser.me/api/portraits/med/men/18.jpg', 'thumbnail': 'https://randomuser.me/api/portraits/thumb/men/18.jpg'}, 'nat': 'US'}</msg>
<arg>${json_data['results'][0]}</arg>
<doc>Logs the given message with the given level.</doc>
<status status="PASS" start="2024-06-30T19:11:53.016335" elapsed="0.000413"/>
</kw>
<kw name="Log" owner="BuiltIn">
<msg time="2024-06-30T19:11:53.017176" level="INFO">gender</msg>
<arg>${key}</arg>
<doc>Logs the given message with the given level.</doc>
<status status="PASS" start="2024-06-30T19:11:53.017047" elapsed="0.000169"/>
</kw>
<var name="${key}">gender</var>
<status status="PASS" start="2024-06-30T19:11:53.015611" elapsed="0.001832"/>
</iter>
<iter>
<kw name="Dictionary Should Contain Key" owner="Collections">
<arg>${json_data['results'][0]}</arg>
<arg>${key}</arg>
<doc>Fails if ``key`` is not found from ``dictionary``.</doc>
<status status="PASS" start="2024-06-30T19:11:53.017742" elapsed="0.000409"/>
</kw>
<kw name="Log" owner="BuiltIn">
<msg time="2024-06-30T19:11:53.018684" level="INFO">{'gender': 'male', 'name': {'title': 'Mr', 'first': 'Pedro', 'last': 'Knight'}, 'location': {'street': {'number': 8245, 'name': 'Depaul Dr'}, 'city': 'Bridgeport', 'state': 'Arkansas', 'country': 'United States', 'postcode': 84737, 'coordinates': {'latitude': '85.9641', 'longitude': '-2.4611'}, 'timezone': {'offset': '+2:00', 'description': 'Kaliningrad, South Africa'}}, 'email': 'pedro.knight@example.com', 'login': {'uuid': 'c78d210d-7d5f-45f6-8e48-8042f96f61a0', 'username': 'goldenleopard597', 'password': 'tuscl', 'salt': 'DZu7u8zc', 'md5': '91371d07815ea79ddda8b3577e7b10bc', 'sha1': 'c2335d0a6c27dec9abd9a38da43967fd84d373e3', 'sha256': 'eb442274e612bbe7204fd632afe272c40367e20e0e70a077a778d100b141da1e'}, 'dob': {'date': '1946-12-08T00:40:02.204Z', 'age': 77}, 'registered': {'date': '2008-01-23T21:11:24.997Z', 'age': 16}, 'phone': '(953) 940-6071', 'cell': '(686) 212-7999', 'id': {'name': 'SSN', 'value': '189-44-5913'}, 'picture': {'large': 'https://randomuser.me/api/portraits/men/18.jpg', 'medium': 'https://randomuser.me/api/portraits/med/men/18.jpg', 'thumbnail': 'https://randomuser.me/api/portraits/thumb/men/18.jpg'}, 'nat': 'US'}</msg>
<arg>${json_data['results'][0]}</arg>
<doc>Logs the given message with the given level.</doc>
<status status="PASS" start="2024-06-30T19:11:53.018335" elapsed="0.000429"/>
</kw>
<kw name="Log" owner="BuiltIn">
<msg time="2024-06-30T19:11:53.019186" level="INFO">name</msg>
<arg>${key}</arg>
<doc>Logs the given message with the given level.</doc>
<status status="PASS" start="2024-06-30T19:11:53.019059" elapsed="0.000164"/>
</kw>
<var name="${key}">name</var>
<status status="PASS" start="2024-06-30T19:11:53.017631" elapsed="0.001806"/>
</iter>
<iter>
<kw name="Dictionary Should Contain Key" owner="Collections">
<arg>${json_data['results'][0]}</arg>
<arg>${key}</arg>
<doc>Fails if ``key`` is not found from ``dictionary``.</doc>
<status status="PASS" start="2024-06-30T19:11:53.019718" elapsed="0.000378"/>
</kw>
<kw name="Log" owner="BuiltIn">
<msg time="2024-06-30T19:11:53.020632" level="INFO">{'gender': 'male', 'name': {'title': 'Mr', 'first': 'Pedro', 'last': 'Knight'}, 'location': {'street': {'number': 8245, 'name': 'Depaul Dr'}, 'city': 'Bridgeport', 'state': 'Arkansas', 'country': 'United States', 'postcode': 84737, 'coordinates': {'latitude': '85.9641', 'longitude': '-2.4611'}, 'timezone': {'offset': '+2:00', 'description': 'Kaliningrad, South Africa'}}, 'email': 'pedro.knight@example.com', 'login': {'uuid': 'c78d210d-7d5f-45f6-8e48-8042f96f61a0', 'username': 'goldenleopard597', 'password': 'tuscl', 'salt': 'DZu7u8zc', 'md5': '91371d07815ea79ddda8b3577e7b10bc', 'sha1': 'c2335d0a6c27dec9abd9a38da43967fd84d373e3', 'sha256': 'eb442274e612bbe7204fd632afe272c40367e20e0e70a077a778d100b141da1e'}, 'dob': {'date': '1946-12-08T00:40:02.204Z', 'age': 77}, 'registered': {'date': '2008-01-23T21:11:24.997Z', 'age': 16}, 'phone': '(953) 940-6071', 'cell': '(686) 212-7999', 'id': {'name': 'SSN', 'value': '189-44-5913'}, 'picture': {'large': 'https://randomuser.me/api/portraits/men/18.jpg', 'medium': 'https://randomuser.me/api/portraits/med/men/18.jpg', 'thumbnail': 'https://randomuser.me/api/portraits/thumb/men/18.jpg'}, 'nat': 'US'}</msg>
<arg>${json_data['results'][0]}</arg>
<doc>Logs the given message with the given level.</doc>
<status status="PASS" start="2024-06-30T19:11:53.020286" elapsed="0.000393"/>
</kw>
<kw name="Log" owner="BuiltIn">
<msg time="2024-06-30T19:11:53.021098" level="INFO">location</msg>
<arg>${key}</arg>
<doc>Logs the given message with the given level.</doc>
<status status="PASS" start="2024-06-30T19:11:53.020973" elapsed="0.000163"/>
</kw>
<var name="${key}">location</var>
<status status="PASS" start="2024-06-30T19:11:53.019612" elapsed="0.001741"/>
</iter>
<iter>
<kw name="Dictionary Should Contain Key" owner="Collections">
<arg>${json_data['results'][0]}</arg>
<arg>${key}</arg>
<doc>Fails if ``key`` is not found from ``dictionary``.</doc>
<status status="PASS" start="2024-06-30T19:11:53.021630" elapsed="0.000392"/>
</kw>
<kw name="Log" owner="BuiltIn">
<msg time="2024-06-30T19:11:53.022586" level="INFO">{'gender': 'male', 'name': {'title': 'Mr', 'first': 'Pedro', 'last': 'Knight'}, 'location': {'street': {'number': 8245, 'name': 'Depaul Dr'}, 'city': 'Bridgeport', 'state': 'Arkansas', 'country': 'United States', 'postcode': 84737, 'coordinates': {'latitude': '85.9641', 'longitude': '-2.4611'}, 'timezone': {'offset': '+2:00', 'description': 'Kaliningrad, South Africa'}}, 'email': 'pedro.knight@example.com', 'login': {'uuid': 'c78d210d-7d5f-45f6-8e48-8042f96f61a0', 'username': 'goldenleopard597', 'password': 'tuscl', 'salt': 'DZu7u8zc', 'md5': '91371d07815ea79ddda8b3577e7b10bc', 'sha1': 'c2335d0a6c27dec9abd9a38da43967fd84d373e3', 'sha256': 'eb442274e612bbe7204fd632afe272c40367e20e0e70a077a778d100b141da1e'}, 'dob': {'date': '1946-12-08T00:40:02.204Z', 'age': 77}, 'registered': {'date': '2008-01-23T21:11:24.997Z', 'age': 16}, 'phone': '(953) 940-6071', 'cell': '(686) 212-7999', 'id': {'name': 'SSN', 'value': '189-44-5913'}, 'picture': {'large': 'https://randomuser.me/api/portraits/men/18.jpg', 'medium': 'https://randomuser.me/api/portraits/med/men/18.jpg', 'thumbnail': 'https://randomuser.me/api/portraits/thumb/men/18.jpg'}, 'nat': 'US'}</msg>
<arg>${json_data['results'][0]}</arg>
<doc>Logs the given message with the given level.</doc>
<status status="PASS" start="2024-06-30T19:11:53.022234" elapsed="0.000398"/>
</kw>
<kw name="Log" owner="BuiltIn">
<msg time="2024-06-30T19:11:53.023062" level="INFO">email</msg>
<arg>${key}</arg>
<doc>Logs the given message with the given level.</doc>
<status status="PASS" start="2024-06-30T19:11:53.022935" elapsed="0.000164"/>
</kw>
<var name="${key}">email</var>
<status status="PASS" start="2024-06-30T19:11:53.021522" elapsed="0.001794"/>
</iter>
<iter>
<kw name="Dictionary Should Contain Key" owner="Collections">
<arg>${json_data['results'][0]}</arg>
<arg>${key}</arg>
<doc>Fails if ``key`` is not found from ``dictionary``.</doc>
<status status="PASS" start="2024-06-30T19:11:53.023603" elapsed="0.000395"/>
</kw>
<kw name="Log" owner="BuiltIn">
<msg time="2024-06-30T19:11:53.024533" level="INFO">{'gender': 'male', 'name': {'title': 'Mr', 'first': 'Pedro', 'last': 'Knight'}, 'location': {'street': {'number': 8245, 'name': 'Depaul Dr'}, 'city': 'Bridgeport', 'state': 'Arkansas', 'country': 'United States', 'postcode': 84737, 'coordinates': {'latitude': '85.9641', 'longitude': '-2.4611'}, 'timezone': {'offset': '+2:00', 'description': 'Kaliningrad, South Africa'}}, 'email': 'pedro.knight@example.com', 'login': {'uuid': 'c78d210d-7d5f-45f6-8e48-8042f96f61a0', 'username': 'goldenleopard597', 'password': 'tuscl', 'salt': 'DZu7u8zc', 'md5': '91371d07815ea79ddda8b3577e7b10bc', 'sha1': 'c2335d0a6c27dec9abd9a38da43967fd84d373e3', 'sha256': 'eb442274e612bbe7204fd632afe272c40367e20e0e70a077a778d100b141da1e'}, 'dob': {'date': '1946-12-08T00:40:02.204Z', 'age': 77}, 'registered': {'date': '2008-01-23T21:11:24.997Z', 'age': 16}, 'phone': '(953) 940-6071', 'cell': '(686) 212-7999', 'id': {'name': 'SSN', 'value': '189-44-5913'}, 'picture': {'large': 'https://randomuser.me/api/portraits/men/18.jpg', 'medium': 'https://randomuser.me/api/portraits/med/men/18.jpg', 'thumbnail': 'https://randomuser.me/api/portraits/thumb/men/18.jpg'}, 'nat': 'US'}</msg>
<arg>${json_data['results'][0]}</arg>
<doc>Logs the given message with the given level.</doc>
<status status="PASS" start="2024-06-30T19:11:53.024177" elapsed="0.000402"/>
</kw>
<kw name="Log" owner="BuiltIn">
<msg time="2024-06-30T19:11:53.024992" level="INFO">login</msg>
<arg>${key}</arg>
<doc>Logs the given message with the given level.</doc>
<status status="PASS" start="2024-06-30T19:11:53.024868" elapsed="0.000162"/>
</kw>
<var name="${key}">login</var>
<status status="PASS" start="2024-06-30T19:11:53.023486" elapsed="0.001755"/>
</iter>
<var>${key}</var>
<value>@{expected_keys}</value>
<status status="PASS" start="2024-06-30T19:11:53.015419" elapsed="0.009942"/>
</for>
<kw name="Create List" owner="BuiltIn">
<msg time="2024-06-30T19:11:53.025687" level="INFO">${expected_keysTwo} = ['username', 'password']</msg>
<var>${expected_keysTwo}</var>
<arg>username</arg>
<arg>password</arg>
<doc>Returns a list containing given items.</doc>
<status status="PASS" start="2024-06-30T19:11:53.025549" elapsed="0.000190"/>
</kw>
<for flavor="IN">
<iter>
<kw name="Dictionary Should Contain Key" owner="Collections">
<arg>${json_data['results'][0]['login']}</arg>
<arg>${keyTwo}</arg>
<doc>Fails if ``key`` is not found from ``dictionary``.</doc>
<status status="PASS" start="2024-06-30T19:11:53.026294" elapsed="0.000385"/>
</kw>
<kw name="Dictionary Should Contain Key" owner="Collections">
<arg>${json_data['results'][0]['login']}</arg>
<arg>${keyTwo}</arg>
<doc>Fails if ``key`` is not found from ``dictionary``.</doc>
<status status="PASS" start="2024-06-30T19:11:53.026857" elapsed="0.000380"/>
</kw>
<kw name="Log" owner="BuiltIn">
<msg time="2024-06-30T19:11:53.027539" level="INFO">username</msg>
<arg>${keyTwo}</arg>
<doc>Logs the given message with the given level.</doc>
<status status="PASS" start="2024-06-30T19:11:53.027417" elapsed="0.000159"/>
</kw>
<var name="${keyTwo}">username</var>
<status status="PASS" start="2024-06-30T19:11:53.026184" elapsed="0.001612"/>
</iter>
<iter>
<kw name="Dictionary Should Contain Key" owner="Collections">
<arg>${json_data['results'][0]['login']}</arg>
<arg>${keyTwo}</arg>
<doc>Fails if ``key`` is not found from ``dictionary``.</doc>
<status status="PASS" start="2024-06-30T19:11:53.028128" elapsed="0.000414"/>
</kw>
<kw name="Dictionary Should Contain Key" owner="Collections">
<arg>${json_data['results'][0]['login']}</arg>
<arg>${keyTwo}</arg>
<doc>Fails if ``key`` is not found from ``dictionary``.</doc>
<status status="PASS" start="2024-06-30T19:11:53.028716" elapsed="0.000368"/>
</kw>
<kw name="Log" owner="BuiltIn">
<msg time="2024-06-30T19:11:53.029377" level="INFO">password</msg>
<arg>${keyTwo}</arg>
<doc>Logs the given message with the given level.</doc>
<status status="PASS" start="2024-06-30T19:11:53.029258" elapsed="0.000160"/>
</kw>
<var name="${keyTwo}">password</var>
<status status="PASS" start="2024-06-30T19:11:53.028020" elapsed="0.001709"/>
</iter>
<var>${keyTwo}</var>
<value>@{expected_keysTwo}</value>
<status status="PASS" start="2024-06-30T19:11:53.026011" elapsed="0.003840"/>
</for>
<status status="PASS" start="2024-06-30T19:11:52.923558" elapsed="0.106434"/>
</kw>
<doc>Testa a estrutura da resposta da API.</doc>
<tag>testeEstruturaResposta</tag>
<status status="PASS" start="2024-06-30T19:11:52.923041" elapsed="0.107123"/>
</test>
<test id="s1-s1-t4" name="Validar tipos de dados" line="28">
<kw name="Teste de Tipos de Dados" owner="random-user-service">
<kw name="GET On Session" owner="RequestsLibrary">
<msg time="2024-06-30T19:11:53.106258" level="INFO">GET Request : url=https://randomuser.me/api 
 path_url=/api 
 headers={'User-Agent': 'python-requests/2.32.3', 'Accept-Encoding': 'gzip, deflate', 'Accept': '*/*', 'Connection': 'keep-alive'} 
 body=None 
 </msg>
<msg time="2024-06-30T19:11:53.106344" level="INFO">GET Response : url=https://randomuser.me/api 
 status=200, reason=OK 
 headers={'Date': 'Sun, 30 Jun 2024 19:11:53 GMT', 'Content-Type': 'application/json; charset=utf-8', 'Transfer-Encoding': 'chunked', 'Connection': 'keep-alive', 'X-Powered-By': 'Express', 'Access-Control-Allow-Origin': '*', 'Cache-Control': 'no-cache', 'ETag': 'W/"482-4fmMTgM8+XgbwMe6ysC5ltog4JI"', 'Vary': 'Accept-Encoding', 'Content-Encoding': 'gzip', 'CF-Cache-Status': 'DYNAMIC', 'Report-To': '{"endpoints":[{"url":"https:\\/\\/a.nel.cloudflare.com\\/report\\/v4?s=SumfXIxYCV8Q%2Fk9fBVUG9cQ%2FReaZmqnn6gwMBi5XFqSzPaXtz6m6DkdUT77w3jDXxB718dq27uCz1oEohIp6vrD92gPjSbht0%2BpqG6A2BitXRy3x6KOFEK9uVDFaSr5I"}],"group":"cf-nel","max_age":604800}', 'NEL': '{"success_fraction":0,"report_to":"cf-nel","max_age":604800}', 'Server': 'cloudflare', 'CF-RAY': '89c076f47c4f5986-IAD', 'alt-svc': 'h3=":443"; ma=86400'} 
 body={"results":[{"gender":"male","name":{"title":"Mr","first":"Imran","last":"Lauten"},"location":{"street":{"number":3386,"name":"Rundhaugveien"},"city":"Lindeberg","state":"Hedmark","country":"Norway","postcode":"0470","coordinates":{"latitude":"43.0230","longitude":"-153.5539"},"timezone":{"offset":"+1:00","description":"Brussels, Copenhagen, Madrid, Paris"}},"email":"imran.lauten@example.com","login":{"uuid":"6775b75b-08d5-4964-89cd-9c2bb6c711f2","username":"silversnake655","password":"misty","salt":"bF2uLzpX","md5":"0bb6c38fa2b553ac28ace5fd7f6dfb64","sha1":"bfcbc4780de36cdcc55fdc0dee453327ef87a735","sha256":"2968dce41354e0186fedd0940ade747830ab5e9f235477209eb37092c4747e4e"},"dob":{"date":"1989-10-02T20:58:11.734Z","age":34},"registered":{"date":"2004-10-19T21:04:17.965Z","age":19},"phone":"74740091","cell":"40020202","id":{"name":"FN","value":"02108927367"},"picture":{"large":"https://randomuser.me/api/portraits/men/70.jpg","medium":"https://randomuser.me/api/portraits/med/men/70.jpg","thumbnail":"https://randomuser.me/api/portraits/thumb/men/70.jpg"},"nat":"NO"}],"info":{"seed":"e2a451d00aad88ae","results":1,"page":1,"version":"1.4"}} 
 </msg>
<msg time="2024-06-30T19:11:53.106409" level="INFO">/opt/hostedtoolcache/Python/3.12.4/x64/lib/python3.12/site-packages/urllib3/connectionpool.py:1099: InsecureRequestWarning: Unverified HTTPS request is being made to host 'randomuser.me'. Adding certificate verification is strongly advised. See: https://urllib3.readthedocs.io/en/latest/advanced-usage.html#tls-warnings
  warnings.warn(</msg>
<msg time="2024-06-30T19:11:53.106532" level="INFO">${response} = &lt;Response [200]&gt;</msg>
<var>${response}</var>
<arg>consultarAPI</arg>
<arg>/api</arg>
<doc>Sends a GET request on a previously created HTTP Session.</doc>
<status status="PASS" start="2024-06-30T19:11:53.032619" elapsed="0.073952"/>
</kw>
<kw name="Set Variable" owner="BuiltIn">
<msg time="2024-06-30T19:11:53.107517" level="INFO">${json_data} = {'results': [{'gender': 'male', 'name': {'title': 'Mr', 'first': 'Imran', 'last': 'Lauten'}, 'location': {'street': {'number': 3386, 'name': 'Rundhaugveien'}, 'city': 'Lindeberg', 'state': 'Hedmark', ...</msg>
<var>${json_data}</var>
<arg>${response.json()}</arg>
<doc>Returns the given values which can then be assigned to a variables.</doc>
<status status="PASS" start="2024-06-30T19:11:53.107025" elapsed="0.000520"/>
</kw>
<kw name="Log" owner="BuiltIn">
<msg time="2024-06-30T19:11:53.108034" level="INFO">{'results': [{'gender': 'male', 'name': {'title': 'Mr', 'first': 'Imran', 'last': 'Lauten'}, 'location': {'street': {'number': 3386, 'name': 'Rundhaugveien'}, 'city': 'Lindeberg', 'state': 'Hedmark', 'country': 'Norway', 'postcode': '0470', 'coordinates': {'latitude': '43.0230', 'longitude': '-153.5539'}, 'timezone': {'offset': '+1:00', 'description': 'Brussels, Copenhagen, Madrid, Paris'}}, 'email': 'imran.lauten@example.com', 'login': {'uuid': '6775b75b-08d5-4964-89cd-9c2bb6c711f2', 'username': 'silversnake655', 'password': 'misty', 'salt': 'bF2uLzpX', 'md5': '0bb6c38fa2b553ac28ace5fd7f6dfb64', 'sha1': 'bfcbc4780de36cdcc55fdc0dee453327ef87a735', 'sha256': '2968dce41354e0186fedd0940ade747830ab5e9f235477209eb37092c4747e4e'}, 'dob': {'date': '1989-10-02T20:58:11.734Z', 'age': 34}, 'registered': {'date': '2004-10-19T21:04:17.965Z', 'age': 19}, 'phone': '74740091', 'cell': '40020202', 'id': {'name': 'FN', 'value': '02108927367'}, 'picture': {'large': 'https://randomuser.me/api/portraits/men/70.jpg', 'medium': 'https://randomuser.me/api/portraits/med/men/70.jpg', 'thumbnail': 'https://randomuser.me/api/portraits/thumb/men/70.jpg'}, 'nat': 'NO'}], 'info': {'seed': 'e2a451d00aad88ae', 'results': 1, 'page': 1, 'version': '1.4'}}</msg>
<arg>${json_data}</arg>
<doc>Logs the given message with the given level.</doc>
<status status="PASS" start="2024-06-30T19:11:53.107859" elapsed="0.000224"/>
</kw>
<kw name="Should Be String" owner="String">
<arg>${json_data['results'][0]['gender']}</arg>
<doc>Fails if the given ``item`` is not a string.</doc>
<status status="PASS" start="2024-06-30T19:11:53.108375" elapsed="0.000361"/>
</kw>
<kw name="Should Match Regexp" owner="BuiltIn">
<arg>${json_data['results'][0]['email']}</arg>
<arg>^[a-zA-Z0-9._%+-]+@[a-zA-Z0-9.-]+\.[a-zA-Z]{2,}$</arg>
<doc>Fails if ``string`` does not match ``pattern`` as a regular expression.</doc>
<status status="PASS" start="2024-06-30T19:11:53.108932" elapsed="0.000510"/>
</kw>
<kw name="Should Match Regexp" owner="BuiltIn">
<arg>${json_data['results'][0]['dob']['date']}</arg>
<arg>\\d{4}-\\d{2}-\\d{2}T\\d{2}:\\d{2}:\\d{2}\\.\\d{3}Z</arg>
<doc>Fails if ``string`` does not match ``pattern`` as a regular expression.</doc>
<status status="PASS" start="2024-06-30T19:11:53.109668" elapsed="0.000524"/>
</kw>
<kw name="Should Match Regexp" owner="BuiltIn">
<arg>${json_data['results'][0]['registered']['date']}</arg>
<arg>\\d{4}-\\d{2}-\\d{2}T\\d{2}:\\d{2}:\\d{2}\\.\\d{3}Z</arg>
<doc>Fails if ``string`` does not match ``pattern`` as a regular expression.</doc>
<status status="PASS" start="2024-06-30T19:11:53.110391" elapsed="0.000367"/>
</kw>
<kw name="Should Match Regexp" owner="BuiltIn">
<arg>${json_data['results'][0]['picture']['large']}</arg>
<arg>^https?://.*\.(?:png|jpe?g|gif|bmp)$</arg>
<doc>Fails if ``string`` does not match ``pattern`` as a regular expression.</doc>
<status status="PASS" start="2024-06-30T19:11:53.110939" elapsed="0.000464"/>
</kw>
<kw name="Should Match Regexp" owner="BuiltIn">
<arg>${json_data['results'][0]['picture']['medium']}</arg>
<arg>^https?://.*\.(?:png|jpe?g|gif|bmp)$</arg>
<doc>Fails if ``string`` does not match ``pattern`` as a regular expression.</doc>
<status status="PASS" start="2024-06-30T19:11:53.111584" elapsed="0.000350"/>
</kw>
<kw name="Should Match Regexp" owner="BuiltIn">
<arg>${json_data['results'][0]['picture']['thumbnail']}</arg>
<arg>^https?://.*\.(?:png|jpe?g|gif|bmp)$</arg>
<doc>Fails if ``string`` does not match ``pattern`` as a regular expression.</doc>
<status status="PASS" start="2024-06-30T19:11:53.112112" elapsed="0.000345"/>
</kw>
<kw name="Log" owner="BuiltIn">
<msg time="2024-06-30T19:11:53.112971" level="INFO">{'large': 'https://randomuser.me/api/portraits/men/70.jpg', 'medium': 'https://randomuser.me/api/portraits/med/men/70.jpg', 'thumbnail': 'https://randomuser.me/api/portraits/thumb/men/70.jpg'}</msg>
<arg>${json_data['results'][0]['picture']}</arg>
<doc>Logs the given message with the given level.</doc>
<status status="PASS" start="2024-06-30T19:11:53.112638" elapsed="0.000375"/>
</kw>
<status status="PASS" start="2024-06-30T19:11:53.032399" elapsed="0.080870"/>
</kw>
<kw name="Teste de Tipos de Dados - Postcode" owner="random-user-service">
<kw name="GET On Session" owner="RequestsLibrary">
<msg time="2024-06-30T19:11:53.199633" level="INFO">GET Request : url=https://randomuser.me/api 
 path_url=/api 
 headers={'User-Agent': 'python-requests/2.32.3', 'Accept-Encoding': 'gzip, deflate', 'Accept': '*/*', 'Connection': 'keep-alive'} 
 body=None 
 </msg>
<msg time="2024-06-30T19:11:53.199720" level="INFO">GET Response : url=https://randomuser.me/api 
 status=200, reason=OK 
 headers={'Date': 'Sun, 30 Jun 2024 19:11:53 GMT', 'Content-Type': 'application/json; charset=utf-8', 'Transfer-Encoding': 'chunked', 'Connection': 'keep-alive', 'X-Powered-By': 'Express', 'Access-Control-Allow-Origin': '*', 'Cache-Control': 'no-cache', 'ETag': 'W/"4a0-/8QG5UsgWevLpLCASDm/uCPhpt0"', 'Vary': 'Accept-Encoding', 'Content-Encoding': 'gzip', 'CF-Cache-Status': 'DYNAMIC', 'Report-To': '{"endpoints":[{"url":"https:\\/\\/a.nel.cloudflare.com\\/report\\/v4?s=21z664iA3Ek%2B83PE%2FVI1P7cB%2FIJERcA7H07DU%2B8TIZa7NHep2TePo%2BNeulBU6lsw3RP6pnCDlYNIOIY6ipNHY4gi8iJ2RGhL%2BzL4zzKWCujGv%2FXhP4Y%2BIGFZwCXK7KhP"}],"group":"cf-nel","max_age":604800}', 'NEL': '{"success_fraction":0,"report_to":"cf-nel","max_age":604800}', 'Server': 'cloudflare', 'CF-RAY': '89c076f4fcc95986-IAD', 'alt-svc': 'h3=":443"; ma=86400'} 
 body={"results":[{"gender":"male","name":{"title":"Monsieur","first":"Hansjörg","last":"Colin"},"location":{"street":{"number":9191,"name":"Place de L'Abbé-Jean-Lebeuf"},"city":"Wängi","state":"Glarus","country":"Switzerland","postcode":7592,"coordinates":{"latitude":"-63.8558","longitude":"-99.9954"},"timezone":{"offset":"-1:00","description":"Azores, Cape Verde Islands"}},"email":"hansjorg.colin@example.com","login":{"uuid":"626e3f50-54b4-4816-9f35-609eb5ba0ca8","username":"bluefrog455","password":"whynot","salt":"urRqIgzv","md5":"b72a40a1e01f6f61956835ae53de2863","sha1":"47974a4f5b362473b6ece7b3eb2212c85ec61f93","sha256":"424630ed81ed80761e95a7fce420c03814a227dcc8554782634a6e804d211fcb"},"dob":{"date":"1945-10-16T18:24:04.574Z","age":78},"registered":{"date":"2013-11-15T19:52:38.246Z","age":10},"phone":"076 760 76 56","cell":"078 872 94 50","id":{"name":"AVS","value":"756.6011.3527.17"},"picture":{"large":"https://randomuser.me/api/portraits/men/93.jpg","medium":"https://randomuser.me/api/portraits/med/men/93.jpg","thumbnail":"https://randomuser.me/api/portraits/thumb/men/93.jpg"},"nat":"CH"}],"info":{"seed":"9d1e4912274791d1","results":1,"page":1,"version":"1.4"}} 
 </msg>
<msg time="2024-06-30T19:11:53.199791" level="INFO">/opt/hostedtoolcache/Python/3.12.4/x64/lib/python3.12/site-packages/urllib3/connectionpool.py:1099: InsecureRequestWarning: Unverified HTTPS request is being made to host 'randomuser.me'. Adding certificate verification is strongly advised. See: https://urllib3.readthedocs.io/en/latest/advanced-usage.html#tls-warnings
  warnings.warn(</msg>
<msg time="2024-06-30T19:11:53.199922" level="INFO">${response} = &lt;Response [200]&gt;</msg>
<var>${response}</var>
<arg>consultarAPI</arg>
<arg>/api</arg>
<doc>Sends a GET request on a previously created HTTP Session.</doc>
<status status="PASS" start="2024-06-30T19:11:53.113719" elapsed="0.086256"/>
</kw>
<kw name="Set Variable" owner="BuiltIn">
<msg time="2024-06-30T19:11:53.200843" level="INFO">${json_data} = {'results': [{'gender': 'male', 'name': {'title': 'Monsieur', 'first': 'Hansjörg', 'last': 'Colin'}, 'location': {'street': {'number': 9191, 'name': "Place de L'Abbé-Jean-Lebeuf"}, 'city': 'Wängi', 's...</msg>
<var>${json_data}</var>
<arg>${response.json()}</arg>
<doc>Returns the given values which can then be assigned to a variables.</doc>
<status status="PASS" start="2024-06-30T19:11:53.200386" elapsed="0.000495"/>
</kw>
<kw name="Log" owner="BuiltIn">
<msg time="2024-06-30T19:11:53.201345" level="INFO">{'results': [{'gender': 'male', 'name': {'title': 'Monsieur', 'first': 'Hansjörg', 'last': 'Colin'}, 'location': {'street': {'number': 9191, 'name': "Place de L'Abbé-Jean-Lebeuf"}, 'city': 'Wängi', 'state': 'Glarus', 'country': 'Switzerland', 'postcode': 7592, 'coordinates': {'latitude': '-63.8558', 'longitude': '-99.9954'}, 'timezone': {'offset': '-1:00', 'description': 'Azores, Cape Verde Islands'}}, 'email': 'hansjorg.colin@example.com', 'login': {'uuid': '626e3f50-54b4-4816-9f35-609eb5ba0ca8', 'username': 'bluefrog455', 'password': 'whynot', 'salt': 'urRqIgzv', 'md5': 'b72a40a1e01f6f61956835ae53de2863', 'sha1': '47974a4f5b362473b6ece7b3eb2212c85ec61f93', 'sha256': '424630ed81ed80761e95a7fce420c03814a227dcc8554782634a6e804d211fcb'}, 'dob': {'date': '1945-10-16T18:24:04.574Z', 'age': 78}, 'registered': {'date': '2013-11-15T19:52:38.246Z', 'age': 10}, 'phone': '076 760 76 56', 'cell': '078 872 94 50', 'id': {'name': 'AVS', 'value': '756.6011.3527.17'}, 'picture': {'large': 'https://randomuser.me/api/portraits/men/93.jpg', 'medium': 'https://randomuser.me/api/portraits/med/men/93.jpg', 'thumbnail': 'https://randomuser.me/api/portraits/thumb/men/93.jpg'}, 'nat': 'CH'}], 'info': {'seed': '9d1e4912274791d1', 'results': 1, 'page': 1, 'version': '1.4'}}</msg>
<arg>${json_data}</arg>
<doc>Logs the given message with the given level.</doc>
<status status="PASS" start="2024-06-30T19:11:53.201187" elapsed="0.000206"/>
</kw>
<kw name="Should Be Equal As Numbers" owner="BuiltIn">
<arg>${json_data['results'][0]['location']['postcode']}</arg>
<arg>${json_data['results'][0]['location']['postcode']}</arg>
<doc>Fails if objects are unequal after converting them to real numbers.</doc>
<status status="PASS" start="2024-06-30T19:11:53.201688" elapsed="0.000671"/>
</kw>
<kw name="Log" owner="BuiltIn">
<msg time="2024-06-30T19:11:53.203025" level="INFO">7592</msg>
<arg>${json_data['results'][0]['location']['postcode']}</arg>
<doc>Logs the given message with the given level.</doc>
<status status="PASS" start="2024-06-30T19:11:53.202558" elapsed="0.000508"/>
</kw>
<status status="PASS" start="2024-06-30T19:11:53.113493" elapsed="0.089847"/>
</kw>
<doc>Testa se os tipos de dados na resposta da API estão corretos.</doc>
<tag>testeTiposDados</tag>
<status status="PASS" start="2024-06-30T19:11:53.031952" elapsed="0.171548"/>
</test>
<test id="s1-s1-t5" name="Validar conteudo" line="35">
<kw name="Teste de Tipos de Conteudo" owner="random-user-service">
<kw name="GET On Session" owner="RequestsLibrary">
<msg time="2024-06-30T19:11:53.301833" level="INFO">GET Request : url=https://randomuser.me/api 
 path_url=/api 
 headers={'User-Agent': 'python-requests/2.32.3', 'Accept-Encoding': 'gzip, deflate', 'Accept': '*/*', 'Connection': 'keep-alive'} 
 body=None 
 </msg>
<msg time="2024-06-30T19:11:53.301917" level="INFO">GET Response : url=https://randomuser.me/api 
 status=200, reason=OK 
 headers={'Date': 'Sun, 30 Jun 2024 19:11:53 GMT', 'Content-Type': 'application/json; charset=utf-8', 'Transfer-Encoding': 'chunked', 'Connection': 'keep-alive', 'X-Powered-By': 'Express', 'Access-Control-Allow-Origin': '*', 'Cache-Control': 'no-cache', 'ETag': 'W/"4a9-4Taothl5EdkW4vmyqqR8iG0YydQ"', 'Vary': 'Accept-Encoding', 'Content-Encoding': 'gzip', 'CF-Cache-Status': 'DYNAMIC', 'Report-To': '{"endpoints":[{"url":"https:\\/\\/a.nel.cloudflare.com\\/report\\/v4?s=HMhIuN%2FUk0yTrbH39D0PSrNvJY7m8obYwZwGskwCTl66EXKJwvM%2BaoJYIqFx7RaCtypVMZre8KNzMSIaOEzXKAS4Kg7Vka5H5XwVmg6KSY%2BAgfQcsQcL5gjArhTDdoYH"}],"group":"cf-nel","max_age":604800}', 'NEL': '{"success_fraction":0,"report_to":"cf-nel","max_age":604800}', 'Server': 'cloudflare', 'CF-RAY': '89c076f59d365986-IAD', 'alt-svc': 'h3=":443"; ma=86400'} 
 body={"results":[{"gender":"female","name":{"title":"Miss","first":"Dioclécia","last":"Rodrigues"},"location":{"street":{"number":4243,"name":"Rua São Pedro "},"city":"Parintins","state":"Minas Gerais","country":"Brazil","postcode":72198,"coordinates":{"latitude":"-72.9396","longitude":"47.6309"},"timezone":{"offset":"-7:00","description":"Mountain Time (US &amp; Canada)"}},"email":"dioclecia.rodrigues@example.com","login":{"uuid":"3d226c97-bb0a-4c64-ab56-40b595700214","username":"happyelephant106","password":"fang","salt":"TaPXAq6R","md5":"606decdb51f643a538ee93bd461274d9","sha1":"c96564114f8c2e448a8c06fb2a2a07d67193e00f","sha256":"551bead6ea0ec29a17339d6d170ac0a839a1f3e4593940717ce2cd3f337d627e"},"dob":{"date":"1984-05-30T04:36:34.333Z","age":40},"registered":{"date":"2009-03-06T22:08:52.580Z","age":15},"phone":"(34) 0011-2441","cell":"(61) 5461-8169","id":{"name":"CPF","value":"726.850.910-79"},"picture":{"large":"https://randomuser.me/api/portraits/women/58.jpg","medium":"https://randomuser.me/api/portraits/med/women/58.jpg","thumbnail":"https://randomuser.me/api/portraits/thumb/women/58.jpg"},"nat":"BR"}],"info":{"seed":"b89db869f645e51c","results":1,"page":1,"version":"1.4"}} 
 </msg>
<msg time="2024-06-30T19:11:53.301992" level="INFO">/opt/hostedtoolcache/Python/3.12.4/x64/lib/python3.12/site-packages/urllib3/connectionpool.py:1099: InsecureRequestWarning: Unverified HTTPS request is being made to host 'randomuser.me'. Adding certificate verification is strongly advised. See: https://urllib3.readthedocs.io/en/latest/advanced-usage.html#tls-warnings
  warnings.warn(</msg>
<msg time="2024-06-30T19:11:53.302152" level="INFO">${response} = &lt;Response [200]&gt;</msg>
<var>${response}</var>
<arg>consultarAPI</arg>
<arg>/api</arg>
<doc>Sends a GET request on a previously created HTTP Session.</doc>
<status status="PASS" start="2024-06-30T19:11:53.206313" elapsed="0.095890"/>
</kw>
<kw name="Set Variable" owner="BuiltIn">
<msg time="2024-06-30T19:11:53.303108" level="INFO">${json_data} = {'results': [{'gender': 'female', 'name': {'title': 'Miss', 'first': 'Dioclécia', 'last': 'Rodrigues'}, 'location': {'street': {'number': 4243, 'name': 'Rua São Pedro '}, 'city': 'Parintins', 'state':...</msg>
<var>${json_data}</var>
<arg>${response.json()}</arg>
<doc>Returns the given values which can then be assigned to a variables.</doc>
<status status="PASS" start="2024-06-30T19:11:53.302655" elapsed="0.000483"/>
</kw>
<kw name="Set Variable" owner="BuiltIn">
<msg time="2024-06-30T19:11:53.303808" level="INFO">${name_title} = Miss</msg>
<var>${name_title}</var>
<arg>${json_data["results"][0]["name"]["title"]}</arg>
<doc>Returns the given values which can then be assigned to a variables.</doc>
<status status="PASS" start="2024-06-30T19:11:53.303433" elapsed="0.000400"/>
</kw>
<kw name="Create List" owner="BuiltIn">
<msg time="2024-06-30T19:11:53.304277" level="INFO">${allowed_titles} = ['Mr', 'Ms', 'Miss', 'Mrs', 'Madame', 'Monsieur']</msg>
<var>${allowed_titles}</var>
<arg>Mr</arg>
<arg>Ms</arg>
<arg>Miss</arg>
<arg>Mrs</arg>
<arg>Madame</arg>
<arg>Monsieur</arg>
<doc>Returns a list containing given items.</doc>
<status status="PASS" start="2024-06-30T19:11:53.304124" elapsed="0.000176"/>
</kw>
<kw name="List Should Contain Value" owner="Collections">
<arg>${allowed_titles}</arg>
<arg>${name_title}</arg>
<doc>Fails if the ``value`` is not found from ``list``.</doc>
<status status="PASS" start="2024-06-30T19:11:53.304592" elapsed="0.000182"/>
</kw>
<kw name="Set Variable" owner="BuiltIn">
<msg time="2024-06-30T19:11:53.305324" level="INFO">${name_country} = BR</msg>
<var>${name_country}</var>
<arg>${json_data["results"][0]["nat"]}</arg>
<doc>Returns the given values which can then be assigned to a variables.</doc>
<status status="PASS" start="2024-06-30T19:11:53.304962" elapsed="0.000386"/>
</kw>
<kw name="Create List" owner="BuiltIn">
<msg time="2024-06-30T19:11:53.306296" level="INFO">${list_country} = ['AD', 'AE', 'AF', 'AG', 'AI', 'AL', 'AM', 'AO', 'AQ', 'AR', 'AS', 'AT', 'AU', 'AW', 'AX', 'AZ', 'BA', 'BB', 'BD', 'BE', 'BF', 'BG', 'BH', 'BI', 'BJ', 'BL', 'BM', 'BN', 'BO', 'BQ', 'BR', 'BS', 'BT', '...</msg>
<var>${list_country}</var>
<arg>AD</arg>
<arg>AE</arg>
<arg>AF</arg>
<arg>AG</arg>
<arg>AI</arg>
<arg>AL</arg>
<arg>AM</arg>
<arg>AO</arg>
<arg>AQ</arg>
<arg>AR</arg>
<arg>AS</arg>
<arg>AT</arg>
<arg>AU</arg>
<arg>AW</arg>
<arg>AX</arg>
<arg>AZ</arg>
<arg>BA</arg>
<arg>BB</arg>
<arg>BD</arg>
<arg>BE</arg>
<arg>BF</arg>
<arg>BG</arg>
<arg>BH</arg>
<arg>BI</arg>
<arg>BJ</arg>
<arg>BL</arg>
<arg>BM</arg>
<arg>BN</arg>
<arg>BO</arg>
<arg>BQ</arg>
<arg>BR</arg>
<arg>BS</arg>
<arg>BT</arg>
<arg>BV</arg>
<arg>BW</arg>
<arg>BY</arg>
<arg>BZ</arg>
<arg>CA</arg>
<arg>CC</arg>
<arg>CD</arg>
<arg>CF</arg>
<arg>CG</arg>
<arg>CH</arg>
<arg>CI</arg>
<arg>CK</arg>
<arg>CL</arg>
<arg>CM</arg>
<arg>CN</arg>
<arg>CO</arg>
<arg>CR</arg>
<arg>CU</arg>
<arg>CV</arg>
<arg>CW</arg>
<arg>CX</arg>
<arg>CY</arg>
<arg>CZ</arg>
<arg>DE</arg>
<arg>DJ</arg>
<arg>DK</arg>
<arg>DM</arg>
<arg>DO</arg>
<arg>DZ</arg>
<arg>EC</arg>
<arg>EE</arg>
<arg>EG</arg>
<arg>EH</arg>
<arg>ER</arg>
<arg>ES</arg>
<arg>ET</arg>
<arg>FI</arg>
<arg>FJ</arg>
<arg>FK</arg>
<arg>FM</arg>
<arg>FO</arg>
<arg>FR</arg>
<arg>GA</arg>
<arg>GB</arg>
<arg>GD</arg>
<arg>GE</arg>
<arg>GF</arg>
<arg>GG</arg>
<arg>GH</arg>
<arg>GI</arg>
<arg>GL</arg>
<arg>GM</arg>
<arg>GN</arg>
<arg>GP</arg>
<arg>GQ</arg>
<arg>GR</arg>
<arg>GS</arg>
<arg>GT</arg>
<arg>GU</arg>
<arg>GW</arg>
<arg>GY</arg>
<arg>HK</arg>
<arg>HM</arg>
<arg>HN</arg>
<arg>HR</arg>
<arg>HT</arg>
<arg>HU</arg>
<arg>ID</arg>
<arg>IE</arg>
<arg>IL</arg>
<arg>IM</arg>
<arg>IN</arg>
<arg>IO</arg>
<arg>IQ</arg>
<arg>IR</arg>
<arg>IS</arg>
<arg>IT</arg>
<arg>JE</arg>
<arg>JM</arg>
<arg>JO</arg>
<arg>JP</arg>
<arg>KE</arg>
<arg>KG</arg>
<arg>KH</arg>
<arg>KI</arg>
<arg>KM</arg>
<arg>KN</arg>
<arg>KP</arg>
<arg>KR</arg>
<arg>KW</arg>
<arg>KY</arg>
<arg>KZ</arg>
<arg>LA</arg>
<arg>LB</arg>
<arg>LC</arg>
<arg>LI</arg>
<arg>LK</arg>
<arg>LR</arg>
<arg>LS</arg>
<arg>LT</arg>
<arg>LU</arg>
<arg>LV</arg>
<arg>LY</arg>
<arg>MA</arg>
<arg>MC</arg>
<arg>MD</arg>
<arg>ME</arg>
<arg>MF</arg>
<arg>MG</arg>
<arg>MH</arg>
<arg>MK</arg>
<arg>ML</arg>
<arg>MM</arg>
<arg>MN</arg>
<arg>MO</arg>
<arg>MP</arg>
<arg>MQ</arg>
<arg>MR</arg>
<arg>MS</arg>
<arg>MT</arg>
<arg>MU</arg>
<arg>MV</arg>
<arg>MW</arg>
<arg>MX</arg>
<arg>MY</arg>
<arg>MZ</arg>
<arg>NA</arg>
<arg>NC</arg>
<arg>NE</arg>
<arg>NF</arg>
<arg>NG</arg>
<arg>NI</arg>
<arg>NL</arg>
<arg>NO</arg>
<arg>NP</arg>
<arg>NR</arg>
<arg>NU</arg>
<arg>NZ</arg>
<arg>OM</arg>
<arg>PA</arg>
<arg>PE</arg>
<arg>PF</arg>
<arg>PG</arg>
<arg>PH</arg>
<arg>PK</arg>
<arg>PL</arg>
<arg>PM</arg>
<arg>PN</arg>
<arg>PR</arg>
<arg>PS</arg>
<arg>PT</arg>
<arg>PW</arg>
<arg>PY</arg>
<arg>QA</arg>
<arg>RE</arg>
<arg>RO</arg>
<arg>RS</arg>
<arg>RU</arg>
<arg>RW</arg>
<arg>SA</arg>
<arg>SB</arg>
<arg>SC</arg>
<arg>SD</arg>
<arg>SE</arg>
<arg>SG</arg>
<arg>SH</arg>
<arg>SI</arg>
<arg>SJ</arg>
<arg>SK</arg>
<arg>SL</arg>
<arg>SM</arg>
<arg>SN</arg>
<arg>SO</arg>
<arg>SR</arg>
<arg>SS</arg>
<arg>ST</arg>
<arg>SV</arg>
<arg>SX</arg>
<arg>SY</arg>
<arg>SZ</arg>
<arg>TC</arg>
<arg>TD</arg>
<arg>TF</arg>
<arg>TG</arg>
<arg>TH</arg>
<arg>TJ</arg>
<arg>TK</arg>
<arg>TL</arg>
<arg>TM</arg>
<arg>TN</arg>
<arg>TO</arg>
<arg>TR</arg>
<arg>TT</arg>
<arg>TV</arg>
<arg>TW</arg>
<arg>TZ</arg>
<arg>UA</arg>
<arg>UG</arg>
<arg>UM</arg>
<arg>US</arg>
<arg>UY</arg>
<arg>UZ</arg>
<arg>VA</arg>
<arg>VC</arg>
<arg>VE</arg>
<arg>VG</arg>
<arg>VI</arg>
<arg>VN</arg>
<arg>VU</arg>
<arg>WF</arg>
<arg>WS</arg>
<arg>XK</arg>
<arg>YE</arg>
<arg>YT</arg>
<arg>ZA</arg>
<arg>ZM</arg>
<arg>ZW</arg>
<doc>Returns a list containing given items.</doc>
<status status="PASS" start="2024-06-30T19:11:53.305650" elapsed="0.000673"/>
</kw>
<kw name="List Should Contain Value" owner="Collections">
<arg>${list_country}</arg>
<arg>${name_country}</arg>
<doc>Fails if the ``value`` is not found from ``list``.</doc>
<status status="PASS" start="2024-06-30T19:11:53.307118" elapsed="0.000200"/>
</kw>
<kw name="Run Keyword If" owner="BuiltIn">
<kw name="Should Be True" owner="BuiltIn">
<arg>${True}</arg>
<doc>Fails if the given condition is not true.</doc>
<status status="PASS" start="2024-06-30T19:11:53.308229" elapsed="0.000140"/>
</kw>
<arg>${json_data["results"][0]["location"]["coordinates"]["latitude"]} &gt;= -90 and ${json_data["results"][0]["location"]["coordinates"]["latitude"]} &lt;= 90</arg>
<arg>Should Be True</arg>
<arg>${True}</arg>
<doc>Runs the given keyword with the given arguments, if ``condition`` is true.</doc>
<status status="PASS" start="2024-06-30T19:11:53.307508" elapsed="0.000984"/>
</kw>
<kw name="Run Keyword If" owner="BuiltIn">
<kw name="Should Be True" owner="BuiltIn">
<arg>${True}</arg>
<doc>Fails if the given condition is not true.</doc>
<status status="PASS" start="2024-06-30T19:11:53.309363" elapsed="0.000239"/>
</kw>
<arg>${json_data["results"][0]["location"]["coordinates"]["longitude"]} &gt;= -180 and ${json_data["results"][0]["location"]["coordinates"]["longitude"]} &lt;= 180</arg>
<arg>Should Be True</arg>
<arg>${True}</arg>
<doc>Runs the given keyword with the given arguments, if ``condition`` is true.</doc>
<status status="PASS" start="2024-06-30T19:11:53.308671" elapsed="0.001058"/>
</kw>
<status status="PASS" start="2024-06-30T19:11:53.205913" elapsed="0.103952"/>
</kw>
<doc>Testa o conteúdo específico dos campos retornados pela API.</doc>
<tag>testeConteudo</tag>
<status status="PASS" start="2024-06-30T19:11:53.205261" elapsed="0.104744"/>
</test>
<status status="PASS" start="2024-06-30T19:11:52.377483" elapsed="0.934467"/>
</suite>
<status status="PASS" start="2024-06-30T19:11:52.363049" elapsed="0.953953"/>
</suite>
<statistics>
<total>
<stat pass="5" fail="0" skip="0">All Tests</stat>
</total>
<tag>
<stat pass="1" fail="0" skip="0">testeConteudo</stat>
<stat pass="1" fail="0" skip="0">testeEstruturaResposta</stat>
<stat pass="1" fail="0" skip="0">testeRequisicaoBasica</stat>
<stat pass="1" fail="0" skip="0">testeTiposDados</stat>
</tag>
<suite>
<stat pass="5" fail="0" skip="0" id="s1" name="Tests">Tests</stat>
<stat pass="5" fail="0" skip="0" id="s1-s1" name="Random-User-Test">Tests.Random-User-Test</stat>
</suite>
</statistics>
<errors>
</errors>
</robot>
