<?xml version="1.0" encoding="UTF-8"?>
<robot generator="Robot 7.0.1 (Python 3.12.3 on linux)" generated="2024-06-13T16:20:03.120846" rpa="false" schemaversion="5">
<suite id="s1" name="Tests" source="/home/runner/work/ApiRandomUser/ApiRandomUser/RamdonUser/tests">
<suite id="s1-s1" name="Random-User-Test" source="/home/runner/work/ApiRandomUser/ApiRandomUser/RamdonUser/tests/random-user-test.robot">
<test id="s1-s1-t1" name="Conectar" line="13">
<kw name="Conectar API" owner="random-user-service">
<kw name="Create Session" owner="RequestsLibrary">
<msg time="2024-06-13T16:20:03.508827" level="INFO">Creating Session using : alias=consultarAPI, url=https://randomuser.me/, headers={},                     cookies={}, auth=None, timeout=None, proxies=None, verify=False,                     debug=0 </msg>
<arg>consultarAPI</arg>
<arg>${URL}</arg>
<doc>Create Session: create a HTTP session to a server</doc>
<status status="PASS" start="2024-06-13T16:20:03.508622" elapsed="0.000389"/>
</kw>
<status status="PASS" start="2024-06-13T16:20:03.507637" elapsed="0.001737"/>
</kw>
<status status="PASS" start="2024-06-13T16:20:03.506990" elapsed="0.002589"/>
</test>
<test id="s1-s1-t2" name="Validar retorno 200 e JSON Válido" line="16">
<kw name="Teste de Requisicao Basica" owner="random-user-service">
<kw name="GET On Session" owner="RequestsLibrary">
<msg time="2024-06-13T16:20:05.008683" level="INFO">GET Request : url=https://randomuser.me/api 
 path_url=/api 
 headers={'User-Agent': 'python-requests/2.32.3', 'Accept-Encoding': 'gzip, deflate', 'Accept': '*/*', 'Connection': 'keep-alive'} 
 body=None 
 </msg>
<msg time="2024-06-13T16:20:05.008838" level="INFO">GET Response : url=https://randomuser.me/api 
 status=200, reason=OK 
 headers={'Date': 'Thu, 13 Jun 2024 16:20:05 GMT', 'Content-Type': 'application/json; charset=utf-8', 'Transfer-Encoding': 'chunked', 'Connection': 'keep-alive', 'X-Powered-By': 'Express', 'Access-Control-Allow-Origin': '*', 'Cache-Control': 'no-cache', 'ETag': 'W/"478-RX+TbxhQElMlqhewUcV6sz9AlIc"', 'Vary': 'Accept-Encoding', 'Content-Encoding': 'gzip', 'CF-Cache-Status': 'DYNAMIC', 'Report-To': '{"endpoints":[{"url":"https:\\/\\/a.nel.cloudflare.com\\/report\\/v4?s=akHkat7hgi1c8Q7IA3QXk%2F3i6OraOWKwSuXpNjZaol3edYT7WVeR%2FbsbPlItIz3bEo%2F4daXKYLyzXlMGMEMXFSd7KA9YlHt3ew78k6HwQ2LlVaxSNQ5fPZ4vAU%2BnNsij"}],"group":"cf-nel","max_age":604800}', 'NEL': '{"success_fraction":0,"report_to":"cf-nel","max_age":604800}', 'Server': 'cloudflare', 'CF-RAY': '893367e24aff0fa0-EWR', 'alt-svc': 'h3=":443"; ma=86400'} 
 body={"results":[{"gender":"male","name":{"title":"Mr","first":"Nikifor","last":"Babich"},"location":{"street":{"number":9078,"name":"Buslivska"},"city":"Petrovo-Krasnosillya","state":"Mikolayivska","country":"Ukraine","postcode":22918,"coordinates":{"latitude":"73.2871","longitude":"-62.7263"},"timezone":{"offset":"+5:45","description":"Kathmandu"}},"email":"nikifor.babich@example.com","login":{"uuid":"90ce1a92-69cc-48b5-93a4-6814d5b2d5a1","username":"purplefish467","password":"carbon","salt":"zJYVITue","md5":"6b527dd03d030ad6ef5db3c48e03adae","sha1":"14c932837a8177afbfa67ffdb5ae52c37af20cc0","sha256":"04663aef3812643e6b8c82fba4557a16e2a791f2d312e9bf0ef217663ab234c9"},"dob":{"date":"1973-05-31T12:00:47.434Z","age":51},"registered":{"date":"2004-06-09T10:39:59.467Z","age":20},"phone":"(098) J61-8360","cell":"(066) G71-8071","id":{"name":"","value":null},"picture":{"large":"https://randomuser.me/api/portraits/men/26.jpg","medium":"https://randomuser.me/api/portraits/med/men/26.jpg","thumbnail":"https://randomuser.me/api/portraits/thumb/men/26.jpg"},"nat":"UA"}],"info":{"seed":"3cd149735c1fed0e","results":1,"page":1,"version":"1.4"}} 
 </msg>
<msg time="2024-06-13T16:20:05.008919" level="INFO">/opt/hostedtoolcache/Python/3.12.3/x64/lib/python3.12/site-packages/urllib3/connectionpool.py:1103: InsecureRequestWarning: Unverified HTTPS request is being made to host 'randomuser.me'. Adding certificate verification is strongly advised. See: https://urllib3.readthedocs.io/en/latest/advanced-usage.html#tls-warnings
  warnings.warn(</msg>
<msg time="2024-06-13T16:20:05.009070" level="INFO">${response} = &lt;Response [200]&gt;</msg>
<var>${response}</var>
<arg>consultarAPI</arg>
<arg>/api</arg>
<doc>Sends a GET request on a previously created HTTP Session.</doc>
<status status="PASS" start="2024-06-13T16:20:03.512276" elapsed="1.496834"/>
</kw>
<kw name="Should Be Equal As Numbers" owner="BuiltIn">
<msg time="2024-06-13T16:20:05.010244" level="INFO">Argument types are:
&lt;class 'int'&gt;
&lt;class 'str'&gt;</msg>
<arg>${response.status_code}</arg>
<arg>200</arg>
<doc>Fails if objects are unequal after converting them to real numbers.</doc>
<status status="PASS" start="2024-06-13T16:20:05.009774" elapsed="0.000534"/>
</kw>
<kw name="Log" owner="BuiltIn">
<msg time="2024-06-13T16:20:05.010986" level="INFO">200</msg>
<arg>${response.status_code}</arg>
<doc>Logs the given message with the given level.</doc>
<status status="PASS" start="2024-06-13T16:20:05.010634" elapsed="0.000398"/>
</kw>
<kw name="Set Variable" owner="BuiltIn">
<msg time="2024-06-13T16:20:05.011809" level="INFO">${json_data} = {'results': [{'gender': 'male', 'name': {'title': 'Mr', 'first': 'Nikifor', 'last': 'Babich'}, 'location': {'street': {'number': 9078, 'name': 'Buslivska'}, 'city': 'Petrovo-Krasnosillya', 'state': 'M...</msg>
<var>${json_data}</var>
<arg>${response.json()}</arg>
<doc>Returns the given values which can then be assigned to a variables.</doc>
<status status="PASS" start="2024-06-13T16:20:05.011336" elapsed="0.000502"/>
</kw>
<kw name="Dictionary Should Contain Key" owner="Collections">
<arg>${json_data}</arg>
<arg>results</arg>
<doc>Fails if ``key`` is not found from ``dictionary``.</doc>
<status status="PASS" start="2024-06-13T16:20:05.012136" elapsed="0.000163"/>
</kw>
<status status="PASS" start="2024-06-13T16:20:03.512039" elapsed="1.500413"/>
</kw>
<doc>Testa se a API responde corretamente e retorna um objeto JSON válido.</doc>
<tag>testeRequisicaoBasica</tag>
<status status="PASS" start="2024-06-13T16:20:03.511479" elapsed="1.501150"/>
</test>
<test id="s1-s1-t3" name="Validar estrutura de resposta" line="22">
<kw name="Teste de Estrutura de Resposta" owner="random-user-service">
<kw name="GET On Session" owner="RequestsLibrary">
<msg time="2024-06-13T16:20:05.852350" level="INFO">GET Request : url=https://randomuser.me/api 
 path_url=/api 
 headers={'User-Agent': 'python-requests/2.32.3', 'Accept-Encoding': 'gzip, deflate', 'Accept': '*/*', 'Connection': 'keep-alive'} 
 body=None 
 </msg>
<msg time="2024-06-13T16:20:05.852456" level="INFO">GET Response : url=https://randomuser.me/api 
 status=200, reason=OK 
 headers={'Date': 'Thu, 13 Jun 2024 16:20:05 GMT', 'Content-Type': 'application/json; charset=utf-8', 'Transfer-Encoding': 'chunked', 'Connection': 'keep-alive', 'X-Powered-By': 'Express', 'Access-Control-Allow-Origin': '*', 'Cache-Control': 'no-cache', 'ETag': 'W/"496-UHIDmoOIcGhgyq0/06bEv1NXEK8"', 'Vary': 'Accept-Encoding', 'Content-Encoding': 'gzip', 'CF-Cache-Status': 'DYNAMIC', 'Report-To': '{"endpoints":[{"url":"https:\\/\\/a.nel.cloudflare.com\\/report\\/v4?s=oAnOodWdaZjxwr7uA81E8VX%2FLp7TOEk28%2B%2FSfT9YI5PYFBgTPCue7iMSOUOcm7KoIZbfqEHwdCVym2MedSOLJ72lQz%2BmMCUfnqMUdj%2Fn487X3MYjgDoYirKMkrQ%2BSpvO"}],"group":"cf-nel","max_age":604800}', 'NEL': '{"success_fraction":0,"report_to":"cf-nel","max_age":604800}', 'Server': 'cloudflare', 'CF-RAY': '893367eb6f0f0fa0-EWR', 'alt-svc': 'h3=":443"; ma=86400'} 
 body={"results":[{"gender":"female","name":{"title":"Miss","first":"النا","last":"قاسمی"},"location":{"street":{"number":9065,"name":"نام قدیم میدان های تهران"},"city":"تبریز","state":"گیلان","country":"Iran","postcode":12287,"coordinates":{"latitude":"18.3427","longitude":"87.3609"},"timezone":{"offset":"+5:45","description":"Kathmandu"}},"email":"ln.qsmy@example.com","login":{"uuid":"281bed4f-0722-4e85-b261-8d7688655a7e","username":"beautifulleopard882","password":"gregor","salt":"Dlj3GtRi","md5":"a610a087362bdf7df5c2a5ebb83809ae","sha1":"89469245104c4fe65e604f811eabc02d7a76191b","sha256":"b91bddc01805f110e0132267514466ee201803d18a153572ed4eadb28fd08fa4"},"dob":{"date":"1972-05-06T01:45:17.031Z","age":52},"registered":{"date":"2010-04-04T05:58:59.016Z","age":14},"phone":"054-33648236","cell":"0979-111-1713","id":{"name":"","value":null},"picture":{"large":"https://randomuser.me/api/portraits/women/52.jpg","medium":"https://randomuser.me/api/portraits/med/women/52.jpg","thumbnail":"https://randomuser.me/api/portraits/thumb/women/52.jpg"},"nat":"IR"}],"info":{"seed":"4dbe21cf23fb19b7","results":1,"page":1,"version":"1.4"}} 
 </msg>
<msg time="2024-06-13T16:20:05.852592" level="INFO">/opt/hostedtoolcache/Python/3.12.3/x64/lib/python3.12/site-packages/urllib3/connectionpool.py:1103: InsecureRequestWarning: Unverified HTTPS request is being made to host 'randomuser.me'. Adding certificate verification is strongly advised. See: https://urllib3.readthedocs.io/en/latest/advanced-usage.html#tls-warnings
  warnings.warn(</msg>
<msg time="2024-06-13T16:20:05.852715" level="INFO">${response} = &lt;Response [200]&gt;</msg>
<var>${response}</var>
<arg>consultarAPI</arg>
<arg>/api</arg>
<doc>Sends a GET request on a previously created HTTP Session.</doc>
<status status="PASS" start="2024-06-13T16:20:05.015593" elapsed="0.837156"/>
</kw>
<kw name="Set Variable" owner="BuiltIn">
<msg time="2024-06-13T16:20:05.853826" level="INFO">${json_data} = {'results': [{'gender': 'female', 'name': {'title': 'Miss', 'first': 'النا', 'last': 'قاسمی'}, 'location': {'street': {'number': 9065, 'name': 'نام قدیم میدان های تهران'}, 'city': 'تبریز', 'state': 'گ...</msg>
<var>${json_data}</var>
<arg>${response.json()}</arg>
<doc>Returns the given values which can then be assigned to a variables.</doc>
<status status="PASS" start="2024-06-13T16:20:05.853286" elapsed="0.000571"/>
</kw>
<kw name="Log" owner="BuiltIn">
<msg time="2024-06-13T16:20:05.854331" level="INFO">{'results': [{'gender': 'female', 'name': {'title': 'Miss', 'first': 'النا', 'last': 'قاسمی'}, 'location': {'street': {'number': 9065, 'name': 'نام قدیم میدان های تهران'}, 'city': 'تبریز', 'state': 'گیلان', 'country': 'Iran', 'postcode': 12287, 'coordinates': {'latitude': '18.3427', 'longitude': '87.3609'}, 'timezone': {'offset': '+5:45', 'description': 'Kathmandu'}}, 'email': 'ln.qsmy@example.com', 'login': {'uuid': '281bed4f-0722-4e85-b261-8d7688655a7e', 'username': 'beautifulleopard882', 'password': 'gregor', 'salt': 'Dlj3GtRi', 'md5': 'a610a087362bdf7df5c2a5ebb83809ae', 'sha1': '89469245104c4fe65e604f811eabc02d7a76191b', 'sha256': 'b91bddc01805f110e0132267514466ee201803d18a153572ed4eadb28fd08fa4'}, 'dob': {'date': '1972-05-06T01:45:17.031Z', 'age': 52}, 'registered': {'date': '2010-04-04T05:58:59.016Z', 'age': 14}, 'phone': '054-33648236', 'cell': '0979-111-1713', 'id': {'name': '', 'value': None}, 'picture': {'large': 'https://randomuser.me/api/portraits/women/52.jpg', 'medium': 'https://randomuser.me/api/portraits/med/women/52.jpg', 'thumbnail': 'https://randomuser.me/api/portraits/thumb/women/52.jpg'}, 'nat': 'IR'}], 'info': {'seed': '4dbe21cf23fb19b7', 'results': 1, 'page': 1, 'version': '1.4'}}</msg>
<arg>${json_data}</arg>
<doc>Logs the given message with the given level.</doc>
<status status="PASS" start="2024-06-13T16:20:05.854166" elapsed="0.000220"/>
</kw>
<kw name="Dictionary Should Contain Key" owner="Collections">
<arg>${json_data}</arg>
<arg>results</arg>
<doc>Fails if ``key`` is not found from ``dictionary``.</doc>
<status status="PASS" start="2024-06-13T16:20:05.854680" elapsed="0.000157"/>
</kw>
<kw name="Should Not Be Empty" owner="BuiltIn">
<msg time="2024-06-13T16:20:05.855144" level="INFO">Length is 2.</msg>
<arg>${json_data}</arg>
<doc>Verifies that the given item is not empty.</doc>
<status status="PASS" start="2024-06-13T16:20:05.855021" elapsed="0.000161"/>
</kw>
<kw name="Create List" owner="BuiltIn">
<msg time="2024-06-13T16:20:05.855674" level="INFO">${expected_keys} = ['gender', 'name', 'location', 'email', 'login']</msg>
<var>${expected_keys}</var>
<arg>gender</arg>
<arg>name</arg>
<arg>location</arg>
<arg>email</arg>
<arg>login</arg>
<doc>Returns a list containing given items.</doc>
<status status="PASS" start="2024-06-13T16:20:05.855505" elapsed="0.000193"/>
</kw>
<for flavor="IN">
<iter>
<kw name="Dictionary Should Contain Key" owner="Collections">
<arg>${json_data['results'][0]}</arg>
<arg>${key}</arg>
<doc>Fails if ``key`` is not found from ``dictionary``.</doc>
<status status="PASS" start="2024-06-13T16:20:05.856555" elapsed="0.000450"/>
</kw>
<kw name="Log" owner="BuiltIn">
<msg time="2024-06-13T16:20:05.857550" level="INFO">{'gender': 'female', 'name': {'title': 'Miss', 'first': 'النا', 'last': 'قاسمی'}, 'location': {'street': {'number': 9065, 'name': 'نام قدیم میدان های تهران'}, 'city': 'تبریز', 'state': 'گیلان', 'country': 'Iran', 'postcode': 12287, 'coordinates': {'latitude': '18.3427', 'longitude': '87.3609'}, 'timezone': {'offset': '+5:45', 'description': 'Kathmandu'}}, 'email': 'ln.qsmy@example.com', 'login': {'uuid': '281bed4f-0722-4e85-b261-8d7688655a7e', 'username': 'beautifulleopard882', 'password': 'gregor', 'salt': 'Dlj3GtRi', 'md5': 'a610a087362bdf7df5c2a5ebb83809ae', 'sha1': '89469245104c4fe65e604f811eabc02d7a76191b', 'sha256': 'b91bddc01805f110e0132267514466ee201803d18a153572ed4eadb28fd08fa4'}, 'dob': {'date': '1972-05-06T01:45:17.031Z', 'age': 52}, 'registered': {'date': '2010-04-04T05:58:59.016Z', 'age': 14}, 'phone': '054-33648236', 'cell': '0979-111-1713', 'id': {'name': '', 'value': None}, 'picture': {'large': 'https://randomuser.me/api/portraits/women/52.jpg', 'medium': 'https://randomuser.me/api/portraits/med/women/52.jpg', 'thumbnail': 'https://randomuser.me/api/portraits/thumb/women/52.jpg'}, 'nat': 'IR'}</msg>
<arg>${json_data['results'][0]}</arg>
<doc>Logs the given message with the given level.</doc>
<status status="PASS" start="2024-06-13T16:20:05.857193" elapsed="0.000408"/>
</kw>
<kw name="Log" owner="BuiltIn">
<msg time="2024-06-13T16:20:05.858028" level="INFO">gender</msg>
<arg>${key}</arg>
<doc>Logs the given message with the given level.</doc>
<status status="PASS" start="2024-06-13T16:20:05.857899" elapsed="0.000167"/>
</kw>
<var name="${key}">gender</var>
<status status="PASS" start="2024-06-13T16:20:05.856403" elapsed="0.001877"/>
</iter>
<iter>
<kw name="Dictionary Should Contain Key" owner="Collections">
<arg>${json_data['results'][0]}</arg>
<arg>${key}</arg>
<doc>Fails if ``key`` is not found from ``dictionary``.</doc>
<status status="PASS" start="2024-06-13T16:20:05.858584" elapsed="0.000388"/>
</kw>
<kw name="Log" owner="BuiltIn">
<msg time="2024-06-13T16:20:05.859583" level="INFO">{'gender': 'female', 'name': {'title': 'Miss', 'first': 'النا', 'last': 'قاسمی'}, 'location': {'street': {'number': 9065, 'name': 'نام قدیم میدان های تهران'}, 'city': 'تبریز', 'state': 'گیلان', 'country': 'Iran', 'postcode': 12287, 'coordinates': {'latitude': '18.3427', 'longitude': '87.3609'}, 'timezone': {'offset': '+5:45', 'description': 'Kathmandu'}}, 'email': 'ln.qsmy@example.com', 'login': {'uuid': '281bed4f-0722-4e85-b261-8d7688655a7e', 'username': 'beautifulleopard882', 'password': 'gregor', 'salt': 'Dlj3GtRi', 'md5': 'a610a087362bdf7df5c2a5ebb83809ae', 'sha1': '89469245104c4fe65e604f811eabc02d7a76191b', 'sha256': 'b91bddc01805f110e0132267514466ee201803d18a153572ed4eadb28fd08fa4'}, 'dob': {'date': '1972-05-06T01:45:17.031Z', 'age': 52}, 'registered': {'date': '2010-04-04T05:58:59.016Z', 'age': 14}, 'phone': '054-33648236', 'cell': '0979-111-1713', 'id': {'name': '', 'value': None}, 'picture': {'large': 'https://randomuser.me/api/portraits/women/52.jpg', 'medium': 'https://randomuser.me/api/portraits/med/women/52.jpg', 'thumbnail': 'https://randomuser.me/api/portraits/thumb/women/52.jpg'}, 'nat': 'IR'}</msg>
<arg>${json_data['results'][0]}</arg>
<doc>Logs the given message with the given level.</doc>
<status status="PASS" start="2024-06-13T16:20:05.859160" elapsed="0.000485"/>
</kw>
<kw name="Log" owner="BuiltIn">
<msg time="2024-06-13T16:20:05.860073" level="INFO">name</msg>
<arg>${key}</arg>
<doc>Logs the given message with the given level.</doc>
<status status="PASS" start="2024-06-13T16:20:05.859946" elapsed="0.000164"/>
</kw>
<var name="${key}">name</var>
<status status="PASS" start="2024-06-13T16:20:05.858470" elapsed="0.001855"/>
</iter>
<iter>
<kw name="Dictionary Should Contain Key" owner="Collections">
<arg>${json_data['results'][0]}</arg>
<arg>${key}</arg>
<doc>Fails if ``key`` is not found from ``dictionary``.</doc>
<status status="PASS" start="2024-06-13T16:20:05.860615" elapsed="0.000384"/>
</kw>
<kw name="Log" owner="BuiltIn">
<msg time="2024-06-13T16:20:05.861543" level="INFO">{'gender': 'female', 'name': {'title': 'Miss', 'first': 'النا', 'last': 'قاسمی'}, 'location': {'street': {'number': 9065, 'name': 'نام قدیم میدان های تهران'}, 'city': 'تبریز', 'state': 'گیلان', 'country': 'Iran', 'postcode': 12287, 'coordinates': {'latitude': '18.3427', 'longitude': '87.3609'}, 'timezone': {'offset': '+5:45', 'description': 'Kathmandu'}}, 'email': 'ln.qsmy@example.com', 'login': {'uuid': '281bed4f-0722-4e85-b261-8d7688655a7e', 'username': 'beautifulleopard882', 'password': 'gregor', 'salt': 'Dlj3GtRi', 'md5': 'a610a087362bdf7df5c2a5ebb83809ae', 'sha1': '89469245104c4fe65e604f811eabc02d7a76191b', 'sha256': 'b91bddc01805f110e0132267514466ee201803d18a153572ed4eadb28fd08fa4'}, 'dob': {'date': '1972-05-06T01:45:17.031Z', 'age': 52}, 'registered': {'date': '2010-04-04T05:58:59.016Z', 'age': 14}, 'phone': '054-33648236', 'cell': '0979-111-1713', 'id': {'name': '', 'value': None}, 'picture': {'large': 'https://randomuser.me/api/portraits/women/52.jpg', 'medium': 'https://randomuser.me/api/portraits/med/women/52.jpg', 'thumbnail': 'https://randomuser.me/api/portraits/thumb/women/52.jpg'}, 'nat': 'IR'}</msg>
<arg>${json_data['results'][0]}</arg>
<doc>Logs the given message with the given level.</doc>
<status status="PASS" start="2024-06-13T16:20:05.861182" elapsed="0.000411"/>
</kw>
<kw name="Log" owner="BuiltIn">
<msg time="2024-06-13T16:20:05.862017" level="INFO">location</msg>
<arg>${key}</arg>
<doc>Logs the given message with the given level.</doc>
<status status="PASS" start="2024-06-13T16:20:05.861891" elapsed="0.000162"/>
</kw>
<var name="${key}">location</var>
<status status="PASS" start="2024-06-13T16:20:05.860507" elapsed="0.001767"/>
</iter>
<iter>
<kw name="Dictionary Should Contain Key" owner="Collections">
<arg>${json_data['results'][0]}</arg>
<arg>${key}</arg>
<doc>Fails if ``key`` is not found from ``dictionary``.</doc>
<status status="PASS" start="2024-06-13T16:20:05.862562" elapsed="0.000381"/>
</kw>
<kw name="Log" owner="BuiltIn">
<msg time="2024-06-13T16:20:05.863508" level="INFO">{'gender': 'female', 'name': {'title': 'Miss', 'first': 'النا', 'last': 'قاسمی'}, 'location': {'street': {'number': 9065, 'name': 'نام قدیم میدان های تهران'}, 'city': 'تبریز', 'state': 'گیلان', 'country': 'Iran', 'postcode': 12287, 'coordinates': {'latitude': '18.3427', 'longitude': '87.3609'}, 'timezone': {'offset': '+5:45', 'description': 'Kathmandu'}}, 'email': 'ln.qsmy@example.com', 'login': {'uuid': '281bed4f-0722-4e85-b261-8d7688655a7e', 'username': 'beautifulleopard882', 'password': 'gregor', 'salt': 'Dlj3GtRi', 'md5': 'a610a087362bdf7df5c2a5ebb83809ae', 'sha1': '89469245104c4fe65e604f811eabc02d7a76191b', 'sha256': 'b91bddc01805f110e0132267514466ee201803d18a153572ed4eadb28fd08fa4'}, 'dob': {'date': '1972-05-06T01:45:17.031Z', 'age': 52}, 'registered': {'date': '2010-04-04T05:58:59.016Z', 'age': 14}, 'phone': '054-33648236', 'cell': '0979-111-1713', 'id': {'name': '', 'value': None}, 'picture': {'large': 'https://randomuser.me/api/portraits/women/52.jpg', 'medium': 'https://randomuser.me/api/portraits/med/women/52.jpg', 'thumbnail': 'https://randomuser.me/api/portraits/thumb/women/52.jpg'}, 'nat': 'IR'}</msg>
<arg>${json_data['results'][0]}</arg>
<doc>Logs the given message with the given level.</doc>
<status status="PASS" start="2024-06-13T16:20:05.863125" elapsed="0.000443"/>
</kw>
<kw name="Log" owner="BuiltIn">
<msg time="2024-06-13T16:20:05.863999" level="INFO">email</msg>
<arg>${key}</arg>
<doc>Logs the given message with the given level.</doc>
<status status="PASS" start="2024-06-13T16:20:05.863872" elapsed="0.000165"/>
</kw>
<var name="${key}">email</var>
<status status="PASS" start="2024-06-13T16:20:05.862452" elapsed="0.001805"/>
</iter>
<iter>
<kw name="Dictionary Should Contain Key" owner="Collections">
<arg>${json_data['results'][0]}</arg>
<arg>${key}</arg>
<doc>Fails if ``key`` is not found from ``dictionary``.</doc>
<status status="PASS" start="2024-06-13T16:20:05.864540" elapsed="0.000393"/>
</kw>
<kw name="Log" owner="BuiltIn">
<msg time="2024-06-13T16:20:05.865476" level="INFO">{'gender': 'female', 'name': {'title': 'Miss', 'first': 'النا', 'last': 'قاسمی'}, 'location': {'street': {'number': 9065, 'name': 'نام قدیم میدان های تهران'}, 'city': 'تبریز', 'state': 'گیلان', 'country': 'Iran', 'postcode': 12287, 'coordinates': {'latitude': '18.3427', 'longitude': '87.3609'}, 'timezone': {'offset': '+5:45', 'description': 'Kathmandu'}}, 'email': 'ln.qsmy@example.com', 'login': {'uuid': '281bed4f-0722-4e85-b261-8d7688655a7e', 'username': 'beautifulleopard882', 'password': 'gregor', 'salt': 'Dlj3GtRi', 'md5': 'a610a087362bdf7df5c2a5ebb83809ae', 'sha1': '89469245104c4fe65e604f811eabc02d7a76191b', 'sha256': 'b91bddc01805f110e0132267514466ee201803d18a153572ed4eadb28fd08fa4'}, 'dob': {'date': '1972-05-06T01:45:17.031Z', 'age': 52}, 'registered': {'date': '2010-04-04T05:58:59.016Z', 'age': 14}, 'phone': '054-33648236', 'cell': '0979-111-1713', 'id': {'name': '', 'value': None}, 'picture': {'large': 'https://randomuser.me/api/portraits/women/52.jpg', 'medium': 'https://randomuser.me/api/portraits/med/women/52.jpg', 'thumbnail': 'https://randomuser.me/api/portraits/thumb/women/52.jpg'}, 'nat': 'IR'}</msg>
<arg>${json_data['results'][0]}</arg>
<doc>Logs the given message with the given level.</doc>
<status status="PASS" start="2024-06-13T16:20:05.865122" elapsed="0.000404"/>
</kw>
<kw name="Log" owner="BuiltIn">
<msg time="2024-06-13T16:20:05.865944" level="INFO">login</msg>
<arg>${key}</arg>
<doc>Logs the given message with the given level.</doc>
<status status="PASS" start="2024-06-13T16:20:05.865818" elapsed="0.000164"/>
</kw>
<var name="${key}">login</var>
<status status="PASS" start="2024-06-13T16:20:05.864431" elapsed="0.001764"/>
</iter>
<var>${key}</var>
<value>@{expected_keys}</value>
<status status="PASS" start="2024-06-13T16:20:05.856168" elapsed="0.010147"/>
</for>
<kw name="Create List" owner="BuiltIn">
<msg time="2024-06-13T16:20:05.866685" level="INFO">${expected_keysTwo} = ['username', 'password']</msg>
<var>${expected_keysTwo}</var>
<arg>username</arg>
<arg>password</arg>
<doc>Returns a list containing given items.</doc>
<status status="PASS" start="2024-06-13T16:20:05.866510" elapsed="0.000199"/>
</kw>
<for flavor="IN">
<iter>
<kw name="Dictionary Should Contain Key" owner="Collections">
<arg>${json_data['results'][0]['login']}</arg>
<arg>${keyTwo}</arg>
<doc>Fails if ``key`` is not found from ``dictionary``.</doc>
<status status="PASS" start="2024-06-13T16:20:05.867207" elapsed="0.000418"/>
</kw>
<kw name="Dictionary Should Contain Key" owner="Collections">
<arg>${json_data['results'][0]['login']}</arg>
<arg>${keyTwo}</arg>
<doc>Fails if ``key`` is not found from ``dictionary``.</doc>
<status status="PASS" start="2024-06-13T16:20:05.867808" elapsed="0.000375"/>
</kw>
<kw name="Log" owner="BuiltIn">
<msg time="2024-06-13T16:20:05.868477" level="INFO">username</msg>
<arg>${keyTwo}</arg>
<doc>Logs the given message with the given level.</doc>
<status status="PASS" start="2024-06-13T16:20:05.868359" elapsed="0.000159"/>
</kw>
<var name="${keyTwo}">username</var>
<status status="PASS" start="2024-06-13T16:20:05.867101" elapsed="0.001640"/>
</iter>
<iter>
<kw name="Dictionary Should Contain Key" owner="Collections">
<arg>${json_data['results'][0]['login']}</arg>
<arg>${keyTwo}</arg>
<doc>Fails if ``key`` is not found from ``dictionary``.</doc>
<status status="PASS" start="2024-06-13T16:20:05.869026" elapsed="0.000383"/>
</kw>
<kw name="Dictionary Should Contain Key" owner="Collections">
<arg>${json_data['results'][0]['login']}</arg>
<arg>${keyTwo}</arg>
<doc>Fails if ``key`` is not found from ``dictionary``.</doc>
<status status="PASS" start="2024-06-13T16:20:05.869588" elapsed="0.000363"/>
</kw>
<kw name="Log" owner="BuiltIn">
<msg time="2024-06-13T16:20:05.870246" level="INFO">password</msg>
<arg>${keyTwo}</arg>
<doc>Logs the given message with the given level.</doc>
<status status="PASS" start="2024-06-13T16:20:05.870129" elapsed="0.000153"/>
</kw>
<var name="${keyTwo}">password</var>
<status status="PASS" start="2024-06-13T16:20:05.868917" elapsed="0.001582"/>
</iter>
<var>${keyTwo}</var>
<value>@{expected_keysTwo}</value>
<status status="PASS" start="2024-06-13T16:20:05.866946" elapsed="0.003672"/>
</for>
<status status="PASS" start="2024-06-13T16:20:05.015222" elapsed="0.855536"/>
</kw>
<doc>Testa a estrutura da resposta da API.</doc>
<tag>testeEstruturaResposta</tag>
<status status="PASS" start="2024-06-13T16:20:05.014457" elapsed="0.856461"/>
</test>
<test id="s1-s1-t4" name="Validar tipos de dados" line="28">
<kw name="Teste de Tipos de Dados" owner="random-user-service">
<kw name="GET On Session" owner="RequestsLibrary">
<msg time="2024-06-13T16:20:06.411304" level="INFO">GET Request : url=https://randomuser.me/api 
 path_url=/api 
 headers={'User-Agent': 'python-requests/2.32.3', 'Accept-Encoding': 'gzip, deflate', 'Accept': '*/*', 'Connection': 'keep-alive'} 
 body=None 
 </msg>
<msg time="2024-06-13T16:20:06.411403" level="INFO">GET Response : url=https://randomuser.me/api 
 status=200, reason=OK 
 headers={'Date': 'Thu, 13 Jun 2024 16:20:06 GMT', 'Content-Type': 'application/json; charset=utf-8', 'Transfer-Encoding': 'chunked', 'Connection': 'keep-alive', 'X-Powered-By': 'Express', 'Access-Control-Allow-Origin': '*', 'Cache-Control': 'no-cache', 'ETag': 'W/"4a6-cCTfNJLgh5YcDhouetxmHKcnVHs"', 'Vary': 'Accept-Encoding', 'Content-Encoding': 'gzip', 'CF-Cache-Status': 'DYNAMIC', 'Report-To': '{"endpoints":[{"url":"https:\\/\\/a.nel.cloudflare.com\\/report\\/v4?s=JOvh3AdZYUq1QdJMZlAHAF09%2BzxRWNDeCj%2FD8bhRw%2FoqEW32sZWyfoWy1BvpEnqAoRwupbfMpDadreKDkjk6lG6D00s%2Bll6Odw8l5nbN%2Bqas8S2bHSzuir52bXGAwSCI"}],"group":"cf-nel","max_age":604800}', 'NEL': '{"success_fraction":0,"report_to":"cf-nel","max_age":604800}', 'Server': 'cloudflare', 'CF-RAY': '893367f0ce2d0fa0-EWR', 'alt-svc': 'h3=":443"; ma=86400'} 
 body={"results":[{"gender":"female","name":{"title":"Miss","first":"Carolina","last":"Aguilar"},"location":{"street":{"number":4576,"name":"Calle de Arganzuela"},"city":"La Coruña","state":"La Rioja","country":"Spain","postcode":60436,"coordinates":{"latitude":"-32.8706","longitude":"97.6736"},"timezone":{"offset":"-5:00","description":"Eastern Time (US &amp; Canada), Bogota, Lima"}},"email":"carolina.aguilar@example.com","login":{"uuid":"3053756c-82df-41c2-871f-9016508c3dea","username":"yellowmeercat108","password":"anton","salt":"j17gXlrD","md5":"ae055982489a0863d4901549211a13f4","sha1":"998dba45d728cee702d17763acc38e8758faefd6","sha256":"d9317bf3b48b74a6ea676347c046369607341f1e6dfdce3268e037f27155b7c7"},"dob":{"date":"1951-02-04T18:44:13.819Z","age":73},"registered":{"date":"2009-10-19T04:27:40.419Z","age":14},"phone":"905-728-967","cell":"679-546-212","id":{"name":"DNI","value":"00387501-I"},"picture":{"large":"https://randomuser.me/api/portraits/women/31.jpg","medium":"https://randomuser.me/api/portraits/med/women/31.jpg","thumbnail":"https://randomuser.me/api/portraits/thumb/women/31.jpg"},"nat":"ES"}],"info":{"seed":"560193c8548ef350","results":1,"page":1,"version":"1.4"}} 
 </msg>
<msg time="2024-06-13T16:20:06.411512" level="INFO">/opt/hostedtoolcache/Python/3.12.3/x64/lib/python3.12/site-packages/urllib3/connectionpool.py:1103: InsecureRequestWarning: Unverified HTTPS request is being made to host 'randomuser.me'. Adding certificate verification is strongly advised. See: https://urllib3.readthedocs.io/en/latest/advanced-usage.html#tls-warnings
  warnings.warn(</msg>
<msg time="2024-06-13T16:20:06.411636" level="INFO">${response} = &lt;Response [200]&gt;</msg>
<var>${response}</var>
<arg>consultarAPI</arg>
<arg>/api</arg>
<doc>Sends a GET request on a previously created HTTP Session.</doc>
<status status="PASS" start="2024-06-13T16:20:05.873525" elapsed="0.538151"/>
</kw>
<kw name="Set Variable" owner="BuiltIn">
<msg time="2024-06-13T16:20:06.412724" level="INFO">${json_data} = {'results': [{'gender': 'female', 'name': {'title': 'Miss', 'first': 'Carolina', 'last': 'Aguilar'}, 'location': {'street': {'number': 4576, 'name': 'Calle de Arganzuela'}, 'city': 'La Coruña', 'state...</msg>
<var>${json_data}</var>
<arg>${response.json()}</arg>
<doc>Returns the given values which can then be assigned to a variables.</doc>
<status status="PASS" start="2024-06-13T16:20:06.412199" elapsed="0.000555"/>
</kw>
<kw name="Log" owner="BuiltIn">
<msg time="2024-06-13T16:20:06.413227" level="INFO">{'results': [{'gender': 'female', 'name': {'title': 'Miss', 'first': 'Carolina', 'last': 'Aguilar'}, 'location': {'street': {'number': 4576, 'name': 'Calle de Arganzuela'}, 'city': 'La Coruña', 'state': 'La Rioja', 'country': 'Spain', 'postcode': 60436, 'coordinates': {'latitude': '-32.8706', 'longitude': '97.6736'}, 'timezone': {'offset': '-5:00', 'description': 'Eastern Time (US &amp; Canada), Bogota, Lima'}}, 'email': 'carolina.aguilar@example.com', 'login': {'uuid': '3053756c-82df-41c2-871f-9016508c3dea', 'username': 'yellowmeercat108', 'password': 'anton', 'salt': 'j17gXlrD', 'md5': 'ae055982489a0863d4901549211a13f4', 'sha1': '998dba45d728cee702d17763acc38e8758faefd6', 'sha256': 'd9317bf3b48b74a6ea676347c046369607341f1e6dfdce3268e037f27155b7c7'}, 'dob': {'date': '1951-02-04T18:44:13.819Z', 'age': 73}, 'registered': {'date': '2009-10-19T04:27:40.419Z', 'age': 14}, 'phone': '905-728-967', 'cell': '679-546-212', 'id': {'name': 'DNI', 'value': '00387501-I'}, 'picture': {'large': 'https://randomuser.me/api/portraits/women/31.jpg', 'medium': 'https://randomuser.me/api/portraits/med/women/31.jpg', 'thumbnail': 'https://randomuser.me/api/portraits/thumb/women/31.jpg'}, 'nat': 'ES'}], 'info': {'seed': '560193c8548ef350', 'results': 1, 'page': 1, 'version': '1.4'}}</msg>
<arg>${json_data}</arg>
<doc>Logs the given message with the given level.</doc>
<status status="PASS" start="2024-06-13T16:20:06.413066" elapsed="0.000213"/>
</kw>
<kw name="Should Be String" owner="String">
<arg>${json_data['results'][0]['gender']}</arg>
<doc>Fails if the given ``item`` is not a string.</doc>
<status status="PASS" start="2024-06-13T16:20:06.413569" elapsed="0.000364"/>
</kw>
<kw name="Should Match Regexp" owner="BuiltIn">
<arg>${json_data['results'][0]['email']}</arg>
<arg>^[a-zA-Z0-9._%+-]+@[a-zA-Z0-9.-]+\.[a-zA-Z]{2,}$</arg>
<doc>Fails if ``string`` does not match ``pattern`` as a regular expression.</doc>
<status status="PASS" start="2024-06-13T16:20:06.414160" elapsed="0.000525"/>
</kw>
<kw name="Should Match Regexp" owner="BuiltIn">
<arg>${json_data['results'][0]['dob']['date']}</arg>
<arg>\\d{4}-\\d{2}-\\d{2}T\\d{2}:\\d{2}:\\d{2}\\.\\d{3}Z</arg>
<doc>Fails if ``string`` does not match ``pattern`` as a regular expression.</doc>
<status status="PASS" start="2024-06-13T16:20:06.414883" elapsed="0.000482"/>
</kw>
<kw name="Should Match Regexp" owner="BuiltIn">
<arg>${json_data['results'][0]['registered']['date']}</arg>
<arg>\\d{4}-\\d{2}-\\d{2}T\\d{2}:\\d{2}:\\d{2}\\.\\d{3}Z</arg>
<doc>Fails if ``string`` does not match ``pattern`` as a regular expression.</doc>
<status status="PASS" start="2024-06-13T16:20:06.415593" elapsed="0.000367"/>
</kw>
<kw name="Should Match Regexp" owner="BuiltIn">
<arg>${json_data['results'][0]['picture']['large']}</arg>
<arg>^https?://.*\.(?:png|jpe?g|gif|bmp)$</arg>
<doc>Fails if ``string`` does not match ``pattern`` as a regular expression.</doc>
<status status="PASS" start="2024-06-13T16:20:06.416147" elapsed="0.000454"/>
</kw>
<kw name="Should Match Regexp" owner="BuiltIn">
<arg>${json_data['results'][0]['picture']['medium']}</arg>
<arg>^https?://.*\.(?:png|jpe?g|gif|bmp)$</arg>
<doc>Fails if ``string`` does not match ``pattern`` as a regular expression.</doc>
<status status="PASS" start="2024-06-13T16:20:06.416789" elapsed="0.000359"/>
</kw>
<kw name="Should Match Regexp" owner="BuiltIn">
<arg>${json_data['results'][0]['picture']['thumbnail']}</arg>
<arg>^https?://.*\.(?:png|jpe?g|gif|bmp)$</arg>
<doc>Fails if ``string`` does not match ``pattern`` as a regular expression.</doc>
<status status="PASS" start="2024-06-13T16:20:06.417333" elapsed="0.000342"/>
</kw>
<kw name="Log" owner="BuiltIn">
<msg time="2024-06-13T16:20:06.418189" level="INFO">{'large': 'https://randomuser.me/api/portraits/women/31.jpg', 'medium': 'https://randomuser.me/api/portraits/med/women/31.jpg', 'thumbnail': 'https://randomuser.me/api/portraits/thumb/women/31.jpg'}</msg>
<arg>${json_data['results'][0]['picture']}</arg>
<doc>Logs the given message with the given level.</doc>
<status status="PASS" start="2024-06-13T16:20:06.417859" elapsed="0.000374"/>
</kw>
<status status="PASS" start="2024-06-13T16:20:05.873297" elapsed="0.545195"/>
</kw>
<kw name="Teste de Tipos de Dados - Postcode" owner="random-user-service">
<kw name="GET On Session" owner="RequestsLibrary">
<msg time="2024-06-13T16:20:06.629525" level="INFO">GET Request : url=https://randomuser.me/api 
 path_url=/api 
 headers={'User-Agent': 'python-requests/2.32.3', 'Accept-Encoding': 'gzip, deflate', 'Accept': '*/*', 'Connection': 'keep-alive'} 
 body=None 
 </msg>
<msg time="2024-06-13T16:20:06.629628" level="INFO">GET Response : url=https://randomuser.me/api 
 status=200, reason=OK 
 headers={'Date': 'Thu, 13 Jun 2024 16:20:06 GMT', 'Content-Type': 'application/json; charset=utf-8', 'Transfer-Encoding': 'chunked', 'Connection': 'keep-alive', 'X-Powered-By': 'Express', 'Access-Control-Allow-Origin': '*', 'Cache-Control': 'no-cache', 'ETag': 'W/"479-8aQ8J+yDiN0IemtNUDa4rAywMfs"', 'Vary': 'Accept-Encoding', 'Content-Encoding': 'gzip', 'CF-Cache-Status': 'DYNAMIC', 'Report-To': '{"endpoints":[{"url":"https:\\/\\/a.nel.cloudflare.com\\/report\\/v4?s=SUwyrQcTY3IVTuj6hbh5dwtEH%2BNTkcCM5arKVoPUNGIZwBcGy8rG8bMH8rHSf7DOA9S2Av4NA7SFJRfCcLRRjC%2F%2FpAihMAAMQT417FeG0rBolrT3kbhmvEDYVMuFv2As"}],"group":"cf-nel","max_age":604800}', 'NEL': '{"success_fraction":0,"report_to":"cf-nel","max_age":604800}', 'Server': 'cloudflare', 'CF-RAY': '893367f42ae80fa0-EWR', 'alt-svc': 'h3=":443"; ma=86400'} 
 body={"results":[{"gender":"male","name":{"title":"Mr","first":"Nathaniel","last":"Cook"},"location":{"street":{"number":9391,"name":"Mcclellan Rd"},"city":"Wagga Wagga","state":"Tasmania","country":"Australia","postcode":3939,"coordinates":{"latitude":"-88.8194","longitude":"-57.8195"},"timezone":{"offset":"+9:30","description":"Adelaide, Darwin"}},"email":"nathaniel.cook@example.com","login":{"uuid":"b2ef7ea5-8efb-4ccd-b7e7-77b05d6e349d","username":"tinykoala498","password":"jericho","salt":"I48RYW1n","md5":"bfca053d9a8f163596a67b65524fa1fb","sha1":"c3ff13dff39d34341790fce824323cbbd82e959f","sha256":"9b0c14fcc47c72a75ce77c6beaae07937f2da9f6e3ca4b161108214d412064e8"},"dob":{"date":"1972-12-02T14:20:19.148Z","age":51},"registered":{"date":"2016-09-26T12:53:57.893Z","age":7},"phone":"03-8492-3588","cell":"0432-283-283","id":{"name":"TFN","value":"065210627"},"picture":{"large":"https://randomuser.me/api/portraits/men/2.jpg","medium":"https://randomuser.me/api/portraits/med/men/2.jpg","thumbnail":"https://randomuser.me/api/portraits/thumb/men/2.jpg"},"nat":"AU"}],"info":{"seed":"7dd39df0886ff3bc","results":1,"page":1,"version":"1.4"}} 
 </msg>
<msg time="2024-06-13T16:20:06.629695" level="INFO">/opt/hostedtoolcache/Python/3.12.3/x64/lib/python3.12/site-packages/urllib3/connectionpool.py:1103: InsecureRequestWarning: Unverified HTTPS request is being made to host 'randomuser.me'. Adding certificate verification is strongly advised. See: https://urllib3.readthedocs.io/en/latest/advanced-usage.html#tls-warnings
  warnings.warn(</msg>
<msg time="2024-06-13T16:20:06.629822" level="INFO">${response} = &lt;Response [200]&gt;</msg>
<var>${response}</var>
<arg>consultarAPI</arg>
<arg>/api</arg>
<doc>Sends a GET request on a previously created HTTP Session.</doc>
<status status="PASS" start="2024-06-13T16:20:06.418949" elapsed="0.210899"/>
</kw>
<kw name="Set Variable" owner="BuiltIn">
<msg time="2024-06-13T16:20:06.630903" level="INFO">${json_data} = {'results': [{'gender': 'male', 'name': {'title': 'Mr', 'first': 'Nathaniel', 'last': 'Cook'}, 'location': {'street': {'number': 9391, 'name': 'Mcclellan Rd'}, 'city': 'Wagga Wagga', 'state': 'Tasmani...</msg>
<var>${json_data}</var>
<arg>${response.json()}</arg>
<doc>Returns the given values which can then be assigned to a variables.</doc>
<status status="PASS" start="2024-06-13T16:20:06.630384" elapsed="0.000547"/>
</kw>
<kw name="Log" owner="BuiltIn">
<msg time="2024-06-13T16:20:06.631389" level="INFO">{'results': [{'gender': 'male', 'name': {'title': 'Mr', 'first': 'Nathaniel', 'last': 'Cook'}, 'location': {'street': {'number': 9391, 'name': 'Mcclellan Rd'}, 'city': 'Wagga Wagga', 'state': 'Tasmania', 'country': 'Australia', 'postcode': 3939, 'coordinates': {'latitude': '-88.8194', 'longitude': '-57.8195'}, 'timezone': {'offset': '+9:30', 'description': 'Adelaide, Darwin'}}, 'email': 'nathaniel.cook@example.com', 'login': {'uuid': 'b2ef7ea5-8efb-4ccd-b7e7-77b05d6e349d', 'username': 'tinykoala498', 'password': 'jericho', 'salt': 'I48RYW1n', 'md5': 'bfca053d9a8f163596a67b65524fa1fb', 'sha1': 'c3ff13dff39d34341790fce824323cbbd82e959f', 'sha256': '9b0c14fcc47c72a75ce77c6beaae07937f2da9f6e3ca4b161108214d412064e8'}, 'dob': {'date': '1972-12-02T14:20:19.148Z', 'age': 51}, 'registered': {'date': '2016-09-26T12:53:57.893Z', 'age': 7}, 'phone': '03-8492-3588', 'cell': '0432-283-283', 'id': {'name': 'TFN', 'value': '065210627'}, 'picture': {'large': 'https://randomuser.me/api/portraits/men/2.jpg', 'medium': 'https://randomuser.me/api/portraits/med/men/2.jpg', 'thumbnail': 'https://randomuser.me/api/portraits/thumb/men/2.jpg'}, 'nat': 'AU'}], 'info': {'seed': '7dd39df0886ff3bc', 'results': 1, 'page': 1, 'version': '1.4'}}</msg>
<arg>${json_data}</arg>
<doc>Logs the given message with the given level.</doc>
<status status="PASS" start="2024-06-13T16:20:06.631232" elapsed="0.000203"/>
</kw>
<kw name="Should Be Equal As Numbers" owner="BuiltIn">
<arg>${json_data['results'][0]['location']['postcode']}</arg>
<arg>${json_data['results'][0]['location']['postcode']}</arg>
<doc>Fails if objects are unequal after converting them to real numbers.</doc>
<status status="PASS" start="2024-06-13T16:20:06.631784" elapsed="0.000630"/>
</kw>
<kw name="Log" owner="BuiltIn">
<msg time="2024-06-13T16:20:06.632943" level="INFO">3939</msg>
<arg>${json_data['results'][0]['location']['postcode']}</arg>
<doc>Logs the given message with the given level.</doc>
<status status="PASS" start="2024-06-13T16:20:06.632610" elapsed="0.000412"/>
</kw>
<status status="PASS" start="2024-06-13T16:20:06.418722" elapsed="0.214560"/>
</kw>
<doc>Testa se os tipos de dados na resposta da API estão corretos.</doc>
<tag>testeTiposDados</tag>
<status status="PASS" start="2024-06-13T16:20:05.872736" elapsed="0.760727"/>
</test>
<test id="s1-s1-t5" name="Validar conteudo" line="35">
<kw name="Teste de Tipos de Conteudo" owner="random-user-service">
<kw name="GET On Session" owner="RequestsLibrary">
<msg time="2024-06-13T16:20:06.731288" level="INFO">GET Request : url=https://randomuser.me/api 
 path_url=/api 
 headers={'User-Agent': 'python-requests/2.32.3', 'Accept-Encoding': 'gzip, deflate', 'Accept': '*/*', 'Connection': 'keep-alive'} 
 body=None 
 </msg>
<msg time="2024-06-13T16:20:06.731401" level="INFO">GET Response : url=https://randomuser.me/api 
 status=200, reason=OK 
 headers={'Date': 'Thu, 13 Jun 2024 16:20:06 GMT', 'Content-Type': 'application/json; charset=utf-8', 'Transfer-Encoding': 'chunked', 'Connection': 'keep-alive', 'X-Powered-By': 'Express', 'Access-Control-Allow-Origin': '*', 'Cache-Control': 'no-cache', 'ETag': 'W/"470-xj4HNcwBi4LRKWfVSEvNgCkiOhA"', 'Vary': 'Accept-Encoding', 'Content-Encoding': 'gzip', 'CF-Cache-Status': 'DYNAMIC', 'Report-To': '{"endpoints":[{"url":"https:\\/\\/a.nel.cloudflare.com\\/report\\/v4?s=H6m0QLa0VF4dwDAQNpaNbRJV7jUSnPIJyIcPccK%2BtPGvavON2Ew5Osg55mV3FzEsX9CnG7gpz9fLosfCPv5POlJZi29NcRaUM4s0PJk0i2P5WaHww1gT4YS6RUJW8t9j"}],"group":"cf-nel","max_age":604800}', 'NEL': '{"success_fraction":0,"report_to":"cf-nel","max_age":604800}', 'Server': 'cloudflare', 'CF-RAY': '893367f58cc10fa0-EWR', 'alt-svc': 'h3=":443"; ma=86400'} 
 body={"results":[{"gender":"male","name":{"title":"Mr","first":"Nixon","last":"Chen"},"location":{"street":{"number":4828,"name":"Domain Road"},"city":"Christchurch","state":"Wellington","country":"New Zealand","postcode":90882,"coordinates":{"latitude":"50.2397","longitude":"-40.3908"},"timezone":{"offset":"+5:45","description":"Kathmandu"}},"email":"nixon.chen@example.com","login":{"uuid":"c1b731ee-f10d-49ca-a0a8-f1bdfddd00f6","username":"purpleleopard950","password":"12344321","salt":"9eb3JYNy","md5":"240f808e3876b5f8e63cc7aebab96254","sha1":"ba04f9c2839b5214756494849f44676e6d732871","sha256":"f8bd9019627f03e607da2528dbe2dbf635e80727bd3455e7db51c89561e1dcec"},"dob":{"date":"1949-11-10T21:04:29.455Z","age":74},"registered":{"date":"2017-03-27T21:51:18.968Z","age":7},"phone":"(988)-800-9311","cell":"(966)-184-1496","id":{"name":"","value":null},"picture":{"large":"https://randomuser.me/api/portraits/men/84.jpg","medium":"https://randomuser.me/api/portraits/med/men/84.jpg","thumbnail":"https://randomuser.me/api/portraits/thumb/men/84.jpg"},"nat":"NZ"}],"info":{"seed":"c24d097f07b262fe","results":1,"page":1,"version":"1.4"}} 
 </msg>
<msg time="2024-06-13T16:20:06.731545" level="INFO">/opt/hostedtoolcache/Python/3.12.3/x64/lib/python3.12/site-packages/urllib3/connectionpool.py:1103: InsecureRequestWarning: Unverified HTTPS request is being made to host 'randomuser.me'. Adding certificate verification is strongly advised. See: https://urllib3.readthedocs.io/en/latest/advanced-usage.html#tls-warnings
  warnings.warn(</msg>
<msg time="2024-06-13T16:20:06.731686" level="INFO">${response} = &lt;Response [200]&gt;</msg>
<var>${response}</var>
<arg>consultarAPI</arg>
<arg>/api</arg>
<doc>Sends a GET request on a previously created HTTP Session.</doc>
<status status="PASS" start="2024-06-13T16:20:06.636523" elapsed="0.095199"/>
</kw>
<kw name="Set Variable" owner="BuiltIn">
<msg time="2024-06-13T16:20:06.732764" level="INFO">${json_data} = {'results': [{'gender': 'male', 'name': {'title': 'Mr', 'first': 'Nixon', 'last': 'Chen'}, 'location': {'street': {'number': 4828, 'name': 'Domain Road'}, 'city': 'Christchurch', 'state': 'Wellington'...</msg>
<var>${json_data}</var>
<arg>${response.json()}</arg>
<doc>Returns the given values which can then be assigned to a variables.</doc>
<status status="PASS" start="2024-06-13T16:20:06.732255" elapsed="0.000537"/>
</kw>
<kw name="Set Variable" owner="BuiltIn">
<msg time="2024-06-13T16:20:06.733476" level="INFO">${name_title} = Mr</msg>
<var>${name_title}</var>
<arg>${json_data["results"][0]["name"]["title"]}</arg>
<doc>Returns the given values which can then be assigned to a variables.</doc>
<status status="PASS" start="2024-06-13T16:20:06.733095" elapsed="0.000406"/>
</kw>
<kw name="Create List" owner="BuiltIn">
<msg time="2024-06-13T16:20:06.733948" level="INFO">${allowed_titles} = ['Mr', 'Ms', 'Miss', 'Mrs', 'Madame', 'Monsieur']</msg>
<var>${allowed_titles}</var>
<arg>Mr</arg>
<arg>Ms</arg>
<arg>Miss</arg>
<arg>Mrs</arg>
<arg>Madame</arg>
<arg>Monsieur</arg>
<doc>Returns a list containing given items.</doc>
<status status="PASS" start="2024-06-13T16:20:06.733798" elapsed="0.000174"/>
</kw>
<kw name="List Should Contain Value" owner="Collections">
<arg>${allowed_titles}</arg>
<arg>${name_title}</arg>
<doc>Fails if the ``value`` is not found from ``list``.</doc>
<status status="PASS" start="2024-06-13T16:20:06.734272" elapsed="0.000177"/>
</kw>
<kw name="Set Variable" owner="BuiltIn">
<msg time="2024-06-13T16:20:06.734994" level="INFO">${name_country} = NZ</msg>
<var>${name_country}</var>
<arg>${json_data["results"][0]["nat"]}</arg>
<doc>Returns the given values which can then be assigned to a variables.</doc>
<status status="PASS" start="2024-06-13T16:20:06.734630" elapsed="0.000389"/>
</kw>
<kw name="Create List" owner="BuiltIn">
<msg time="2024-06-13T16:20:06.735930" level="INFO">${list_country} = ['AD', 'AE', 'AF', 'AG', 'AI', 'AL', 'AM', 'AO', 'AQ', 'AR', 'AS', 'AT', 'AU', 'AW', 'AX', 'AZ', 'BA', 'BB', 'BD', 'BE', 'BF', 'BG', 'BH', 'BI', 'BJ', 'BL', 'BM', 'BN', 'BO', 'BQ', 'BR', 'BS', 'BT', '...</msg>
<var>${list_country}</var>
<arg>AD</arg>
<arg>AE</arg>
<arg>AF</arg>
<arg>AG</arg>
<arg>AI</arg>
<arg>AL</arg>
<arg>AM</arg>
<arg>AO</arg>
<arg>AQ</arg>
<arg>AR</arg>
<arg>AS</arg>
<arg>AT</arg>
<arg>AU</arg>
<arg>AW</arg>
<arg>AX</arg>
<arg>AZ</arg>
<arg>BA</arg>
<arg>BB</arg>
<arg>BD</arg>
<arg>BE</arg>
<arg>BF</arg>
<arg>BG</arg>
<arg>BH</arg>
<arg>BI</arg>
<arg>BJ</arg>
<arg>BL</arg>
<arg>BM</arg>
<arg>BN</arg>
<arg>BO</arg>
<arg>BQ</arg>
<arg>BR</arg>
<arg>BS</arg>
<arg>BT</arg>
<arg>BV</arg>
<arg>BW</arg>
<arg>BY</arg>
<arg>BZ</arg>
<arg>CA</arg>
<arg>CC</arg>
<arg>CD</arg>
<arg>CF</arg>
<arg>CG</arg>
<arg>CH</arg>
<arg>CI</arg>
<arg>CK</arg>
<arg>CL</arg>
<arg>CM</arg>
<arg>CN</arg>
<arg>CO</arg>
<arg>CR</arg>
<arg>CU</arg>
<arg>CV</arg>
<arg>CW</arg>
<arg>CX</arg>
<arg>CY</arg>
<arg>CZ</arg>
<arg>DE</arg>
<arg>DJ</arg>
<arg>DK</arg>
<arg>DM</arg>
<arg>DO</arg>
<arg>DZ</arg>
<arg>EC</arg>
<arg>EE</arg>
<arg>EG</arg>
<arg>EH</arg>
<arg>ER</arg>
<arg>ES</arg>
<arg>ET</arg>
<arg>FI</arg>
<arg>FJ</arg>
<arg>FK</arg>
<arg>FM</arg>
<arg>FO</arg>
<arg>FR</arg>
<arg>GA</arg>
<arg>GB</arg>
<arg>GD</arg>
<arg>GE</arg>
<arg>GF</arg>
<arg>GG</arg>
<arg>GH</arg>
<arg>GI</arg>
<arg>GL</arg>
<arg>GM</arg>
<arg>GN</arg>
<arg>GP</arg>
<arg>GQ</arg>
<arg>GR</arg>
<arg>GS</arg>
<arg>GT</arg>
<arg>GU</arg>
<arg>GW</arg>
<arg>GY</arg>
<arg>HK</arg>
<arg>HM</arg>
<arg>HN</arg>
<arg>HR</arg>
<arg>HT</arg>
<arg>HU</arg>
<arg>ID</arg>
<arg>IE</arg>
<arg>IL</arg>
<arg>IM</arg>
<arg>IN</arg>
<arg>IO</arg>
<arg>IQ</arg>
<arg>IR</arg>
<arg>IS</arg>
<arg>IT</arg>
<arg>JE</arg>
<arg>JM</arg>
<arg>JO</arg>
<arg>JP</arg>
<arg>KE</arg>
<arg>KG</arg>
<arg>KH</arg>
<arg>KI</arg>
<arg>KM</arg>
<arg>KN</arg>
<arg>KP</arg>
<arg>KR</arg>
<arg>KW</arg>
<arg>KY</arg>
<arg>KZ</arg>
<arg>LA</arg>
<arg>LB</arg>
<arg>LC</arg>
<arg>LI</arg>
<arg>LK</arg>
<arg>LR</arg>
<arg>LS</arg>
<arg>LT</arg>
<arg>LU</arg>
<arg>LV</arg>
<arg>LY</arg>
<arg>MA</arg>
<arg>MC</arg>
<arg>MD</arg>
<arg>ME</arg>
<arg>MF</arg>
<arg>MG</arg>
<arg>MH</arg>
<arg>MK</arg>
<arg>ML</arg>
<arg>MM</arg>
<arg>MN</arg>
<arg>MO</arg>
<arg>MP</arg>
<arg>MQ</arg>
<arg>MR</arg>
<arg>MS</arg>
<arg>MT</arg>
<arg>MU</arg>
<arg>MV</arg>
<arg>MW</arg>
<arg>MX</arg>
<arg>MY</arg>
<arg>MZ</arg>
<arg>NA</arg>
<arg>NC</arg>
<arg>NE</arg>
<arg>NF</arg>
<arg>NG</arg>
<arg>NI</arg>
<arg>NL</arg>
<arg>NO</arg>
<arg>NP</arg>
<arg>NR</arg>
<arg>NU</arg>
<arg>NZ</arg>
<arg>OM</arg>
<arg>PA</arg>
<arg>PE</arg>
<arg>PF</arg>
<arg>PG</arg>
<arg>PH</arg>
<arg>PK</arg>
<arg>PL</arg>
<arg>PM</arg>
<arg>PN</arg>
<arg>PR</arg>
<arg>PS</arg>
<arg>PT</arg>
<arg>PW</arg>
<arg>PY</arg>
<arg>QA</arg>
<arg>RE</arg>
<arg>RO</arg>
<arg>RS</arg>
<arg>RU</arg>
<arg>RW</arg>
<arg>SA</arg>
<arg>SB</arg>
<arg>SC</arg>
<arg>SD</arg>
<arg>SE</arg>
<arg>SG</arg>
<arg>SH</arg>
<arg>SI</arg>
<arg>SJ</arg>
<arg>SK</arg>
<arg>SL</arg>
<arg>SM</arg>
<arg>SN</arg>
<arg>SO</arg>
<arg>SR</arg>
<arg>SS</arg>
<arg>ST</arg>
<arg>SV</arg>
<arg>SX</arg>
<arg>SY</arg>
<arg>SZ</arg>
<arg>TC</arg>
<arg>TD</arg>
<arg>TF</arg>
<arg>TG</arg>
<arg>TH</arg>
<arg>TJ</arg>
<arg>TK</arg>
<arg>TL</arg>
<arg>TM</arg>
<arg>TN</arg>
<arg>TO</arg>
<arg>TR</arg>
<arg>TT</arg>
<arg>TV</arg>
<arg>TW</arg>
<arg>TZ</arg>
<arg>UA</arg>
<arg>UG</arg>
<arg>UM</arg>
<arg>US</arg>
<arg>UY</arg>
<arg>UZ</arg>
<arg>VA</arg>
<arg>VC</arg>
<arg>VE</arg>
<arg>VG</arg>
<arg>VI</arg>
<arg>VN</arg>
<arg>VU</arg>
<arg>WF</arg>
<arg>WS</arg>
<arg>XK</arg>
<arg>YE</arg>
<arg>YT</arg>
<arg>ZA</arg>
<arg>ZM</arg>
<arg>ZW</arg>
<doc>Returns a list containing given items.</doc>
<status status="PASS" start="2024-06-13T16:20:06.735307" elapsed="0.000648"/>
</kw>
<kw name="List Should Contain Value" owner="Collections">
<arg>${list_country}</arg>
<arg>${name_country}</arg>
<doc>Fails if the ``value`` is not found from ``list``.</doc>
<status status="PASS" start="2024-06-13T16:20:06.736769" elapsed="0.000208"/>
</kw>
<kw name="Run Keyword If" owner="BuiltIn">
<kw name="Should Be True" owner="BuiltIn">
<arg>${True}</arg>
<doc>Fails if the given condition is not true.</doc>
<status status="PASS" start="2024-06-13T16:20:06.737917" elapsed="0.000143"/>
</kw>
<arg>${json_data["results"][0]["location"]["coordinates"]["latitude"]} &gt;= -90 and ${json_data["results"][0]["location"]["coordinates"]["latitude"]} &lt;= 90</arg>
<arg>Should Be True</arg>
<arg>${True}</arg>
<doc>Runs the given keyword with the given arguments, if ``condition`` is true.</doc>
<status status="PASS" start="2024-06-13T16:20:06.737178" elapsed="0.001007"/>
</kw>
<kw name="Run Keyword If" owner="BuiltIn">
<kw name="Should Be True" owner="BuiltIn">
<arg>${True}</arg>
<doc>Fails if the given condition is not true.</doc>
<status status="PASS" start="2024-06-13T16:20:06.739053" elapsed="0.000137"/>
</kw>
<arg>${json_data["results"][0]["location"]["coordinates"]["longitude"]} &gt;= -180 and ${json_data["results"][0]["location"]["coordinates"]["longitude"]} &lt;= 180</arg>
<arg>Should Be True</arg>
<arg>${True}</arg>
<doc>Runs the given keyword with the given arguments, if ``condition`` is true.</doc>
<status status="PASS" start="2024-06-13T16:20:06.738369" elapsed="0.000944"/>
</kw>
<status status="PASS" start="2024-06-13T16:20:06.635908" elapsed="0.103558"/>
</kw>
<doc>Testa o conteúdo específico dos campos retornados pela API.</doc>
<tag>testeConteudo</tag>
<status status="PASS" start="2024-06-13T16:20:06.635217" elapsed="0.104417"/>
</test>
<status status="PASS" start="2024-06-13T16:20:03.179242" elapsed="3.562307"/>
</suite>
<status status="PASS" start="2024-06-13T16:20:03.165473" elapsed="3.581184"/>
</suite>
<statistics>
<total>
<stat pass="5" fail="0" skip="0">All Tests</stat>
</total>
<tag>
<stat pass="1" fail="0" skip="0">testeConteudo</stat>
<stat pass="1" fail="0" skip="0">testeEstruturaResposta</stat>
<stat pass="1" fail="0" skip="0">testeRequisicaoBasica</stat>
<stat pass="1" fail="0" skip="0">testeTiposDados</stat>
</tag>
<suite>
<stat pass="5" fail="0" skip="0" id="s1" name="Tests">Tests</stat>
<stat pass="5" fail="0" skip="0" id="s1-s1" name="Random-User-Test">Tests.Random-User-Test</stat>
</suite>
</statistics>
<errors>
</errors>
</robot>
