<?xml version="1.0" encoding="UTF-8"?>
<robot generator="Robot 7.0 (Python 3.12.3 on linux)" generated="2024-05-17T17:13:58.281946" rpa="false" schemaversion="5">
<suite id="s1" name="Tests" source="/home/runner/work/DesafioQAItauRogerioJordao/DesafioQAItauRogerioJordao/RamdonUser/tests">
<suite id="s1-s1" name="Random-User-Test" source="/home/runner/work/DesafioQAItauRogerioJordao/DesafioQAItauRogerioJordao/RamdonUser/tests/random-user-test.robot">
<test id="s1-s1-t1" name="Conectar" line="13">
<kw name="Conectar API" owner="random-user-service">
<kw name="Create Session" owner="RequestsLibrary">
<msg time="2024-05-17T17:13:58.676405" level="INFO">Creating Session using : alias=consultarAPI, url=https://randomuser.me/, headers={},                     cookies={}, auth=None, timeout=None, proxies=None, verify=False,                     debug=0 </msg>
<arg>consultarAPI</arg>
<arg>${URL}</arg>
<doc>Create Session: create a HTTP session to a server</doc>
<status status="PASS" start="2024-05-17T17:13:58.676166" elapsed="0.000457"/>
</kw>
<status status="PASS" start="2024-05-17T17:13:58.675076" elapsed="0.001981"/>
</kw>
<status status="PASS" start="2024-05-17T17:13:58.674336" elapsed="0.002936"/>
</test>
<test id="s1-s1-t2" name="Validar retorno 200 e JSON Válido" line="16">
<kw name="Teste de Requisicao Basica" owner="random-user-service">
<kw name="GET On Session" owner="RequestsLibrary">
<msg time="2024-05-17T17:13:58.854770" level="INFO">GET Request : url=https://randomuser.me/api 
 path_url=/api 
 headers={'User-Agent': 'python-requests/2.31.0', 'Accept-Encoding': 'gzip, deflate', 'Accept': '*/*', 'Connection': 'keep-alive'} 
 body=None 
 </msg>
<msg time="2024-05-17T17:13:58.854945" level="INFO">GET Response : url=https://randomuser.me/api 
 status=200, reason=OK 
 headers={'Date': 'Fri, 17 May 2024 17:13:58 GMT', 'Content-Type': 'application/json; charset=utf-8', 'Transfer-Encoding': 'chunked', 'Connection': 'keep-alive', 'X-Powered-By': 'Express', 'Access-Control-Allow-Origin': '*', 'Cache-Control': 'no-cache', 'ETag': 'W/"476-vNdSpdbFF/R72z8iw2F6IrPbfz0"', 'Vary': 'Accept-Encoding', 'Content-Encoding': 'gzip', 'CF-Cache-Status': 'DYNAMIC', 'Report-To': '{"endpoints":[{"url":"https:\\/\\/a.nel.cloudflare.com\\/report\\/v4?s=U5VUgsDTGaJrEOlj0Gv3c%2BAtQEPsIFI%2FYx9ycjUHuOolgZqW%2F18BN7iSOgT3MlwdmnIIQaUYxIK5yRKvmlPKE5jtdwj5g6i3X69ZU9G1KPJHIoW%2BOw02wJ3%2Bq3hpD4Bh"}],"group":"cf-nel","max_age":604800}', 'NEL': '{"success_fraction":0,"report_to":"cf-nel","max_age":604800}', 'Server': 'cloudflare', 'CF-RAY': '88553dbeaf7139a6-IAD', 'alt-svc': 'h3=":443"; ma=86400'} 
 body={"results":[{"gender":"female","name":{"title":"Mrs","first":"Lilou","last":"Robin"},"location":{"street":{"number":9070,"name":"Avenue Vauban"},"city":"Amiens","state":"Lot","country":"France","postcode":37110,"coordinates":{"latitude":"-13.5397","longitude":"113.8009"},"timezone":{"offset":"-9:00","description":"Alaska"}},"email":"lilou.robin@example.com","login":{"uuid":"8e72e109-4199-47f7-9884-3b2603c9037e","username":"crazyduck740","password":"llllllll","salt":"fIIB9CMG","md5":"9c6da9dfd317ae352b43fdad0852d145","sha1":"6ee93a0e0307f88c21c8ed1c8fe7007cb6446c43","sha256":"dfed4f13ccba6833b8c0d967fb3d63244ed09d8a8f7dcd73865e51439ea79047"},"dob":{"date":"1952-08-06T16:45:14.830Z","age":71},"registered":{"date":"2010-07-05T11:42:48.235Z","age":13},"phone":"02-75-02-49-56","cell":"06-57-92-79-16","id":{"name":"INSEE","value":"2520756774352 25"},"picture":{"large":"https://randomuser.me/api/portraits/women/5.jpg","medium":"https://randomuser.me/api/portraits/med/women/5.jpg","thumbnail":"https://randomuser.me/api/portraits/thumb/women/5.jpg"},"nat":"FR"}],"info":{"seed":"11edc0997a623ca1","results":1,"page":1,"version":"1.4"}} 
 </msg>
<msg time="2024-05-17T17:13:58.855044" level="INFO">/opt/hostedtoolcache/Python/3.12.3/x64/lib/python3.12/site-packages/urllib3/connectionpool.py:1103: InsecureRequestWarning: Unverified HTTPS request is being made to host 'randomuser.me'. Adding certificate verification is strongly advised. See: https://urllib3.readthedocs.io/en/latest/advanced-usage.html#tls-warnings
  warnings.warn(</msg>
<msg time="2024-05-17T17:13:58.855205" level="INFO">${response} = &lt;Response [200]&gt;</msg>
<var>${response}</var>
<arg>consultarAPI</arg>
<arg>/api</arg>
<doc>Sends a GET request on a previously created HTTP Session.</doc>
<status status="PASS" start="2024-05-17T17:13:58.680192" elapsed="0.175059"/>
</kw>
<kw name="Should Be Equal As Numbers" owner="BuiltIn">
<msg time="2024-05-17T17:13:58.856366" level="INFO">Argument types are:
&lt;class 'int'&gt;
&lt;class 'str'&gt;</msg>
<arg>${response.status_code}</arg>
<arg>200</arg>
<doc>Fails if objects are unequal after converting them to real numbers.</doc>
<status status="PASS" start="2024-05-17T17:13:58.855858" elapsed="0.000585"/>
</kw>
<kw name="Log" owner="BuiltIn">
<msg time="2024-05-17T17:13:58.857272" level="INFO">200</msg>
<arg>${response.status_code}</arg>
<doc>Logs the given message with the given level.</doc>
<status status="PASS" start="2024-05-17T17:13:58.856875" elapsed="0.000444"/>
</kw>
<kw name="Set Variable" owner="BuiltIn">
<msg time="2024-05-17T17:13:58.858142" level="INFO">${json_data} = {'results': [{'gender': 'female', 'name': {'title': 'Mrs', 'first': 'Lilou', 'last': 'Robin'}, 'location': {'street': {'number': 9070, 'name': 'Avenue Vauban'}, 'city': 'Amiens', 'state': 'Lot', 'coun...</msg>
<var>${json_data}</var>
<arg>${response.json()}</arg>
<doc>Returns the given values which can then be assigned to a variables.</doc>
<status status="PASS" start="2024-05-17T17:13:58.857667" elapsed="0.000536"/>
</kw>
<kw name="Dictionary Should Contain Key" owner="Collections">
<msg time="2024-05-17T17:13:58.858736" level="INFO">False</msg>
<arg>${json_data}</arg>
<arg>results</arg>
<doc>Fails if ``key`` is not found from ``dictionary``.</doc>
<status status="PASS" start="2024-05-17T17:13:58.858549" elapsed="0.000229"/>
</kw>
<status status="PASS" start="2024-05-17T17:13:58.679892" elapsed="0.179159"/>
</kw>
<doc>Testa se a API responde corretamente e retorna um objeto JSON válido.</doc>
<tag>testeRequisicaoBasica</tag>
<status status="PASS" start="2024-05-17T17:13:58.679283" elapsed="0.179962"/>
</test>
<test id="s1-s1-t3" name="Validar estrutura de resposta" line="22">
<kw name="Teste de Estrutura de Resposta" owner="random-user-service">
<kw name="GET On Session" owner="RequestsLibrary">
<msg time="2024-05-17T17:13:58.959011" level="INFO">GET Request : url=https://randomuser.me/api 
 path_url=/api 
 headers={'User-Agent': 'python-requests/2.31.0', 'Accept-Encoding': 'gzip, deflate', 'Accept': '*/*', 'Connection': 'keep-alive'} 
 body=None 
 </msg>
<msg time="2024-05-17T17:13:58.959124" level="INFO">GET Response : url=https://randomuser.me/api 
 status=200, reason=OK 
 headers={'Date': 'Fri, 17 May 2024 17:13:58 GMT', 'Content-Type': 'application/json; charset=utf-8', 'Transfer-Encoding': 'chunked', 'Connection': 'keep-alive', 'X-Powered-By': 'Express', 'Access-Control-Allow-Origin': '*', 'Cache-Control': 'no-cache', 'ETag': 'W/"479-GqkaCsCPadGTUCT6kSurahc0od4"', 'Vary': 'Accept-Encoding', 'Content-Encoding': 'gzip', 'CF-Cache-Status': 'DYNAMIC', 'Report-To': '{"endpoints":[{"url":"https:\\/\\/a.nel.cloudflare.com\\/report\\/v4?s=DupKfHy6HFDs9mL2aPTEKAjzHeSwhtZbCLSpstLd%2Bfyk0f1mf8j39WVHSym8XWRgGE39ai1TH9828SfxLNfeyS8ZwEaPephOCx8kprzDSjI8FZALi2d4ZHTHQUKqllHQ"}],"group":"cf-nel","max_age":604800}', 'NEL': '{"success_fraction":0,"report_to":"cf-nel","max_age":604800}', 'Server': 'cloudflare', 'CF-RAY': '88553dbeefad39a6-IAD', 'alt-svc': 'h3=":443"; ma=86400'} 
 body={"results":[{"gender":"male","name":{"title":"Mr","first":"Marko","last":"Gub'yak"},"location":{"street":{"number":9304,"name":"Kivercivska"},"city":"Tokmak","state":"Ivano-Frankivska","country":"Ukraine","postcode":23506,"coordinates":{"latitude":"73.6667","longitude":"-16.9836"},"timezone":{"offset":"+7:00","description":"Bangkok, Hanoi, Jakarta"}},"email":"marko.gub'yak@example.com","login":{"uuid":"83de3d52-5a9c-4521-a87e-132588db114c","username":"lazytiger181","password":"leng","salt":"uOKXtkgy","md5":"c4a0642e2715aea60bc2122f19efa529","sha1":"846cf3d528219aeb726f51bb0c3adca89b1692eb","sha256":"baa0dc960a6c495195f4521b8396ae5943ddb8a5fb8205571be79ad541291337"},"dob":{"date":"1956-11-12T06:04:29.527Z","age":67},"registered":{"date":"2005-10-15T02:47:53.422Z","age":18},"phone":"(096) O87-1027","cell":"(098) M25-9404","id":{"name":"","value":null},"picture":{"large":"https://randomuser.me/api/portraits/men/36.jpg","medium":"https://randomuser.me/api/portraits/med/men/36.jpg","thumbnail":"https://randomuser.me/api/portraits/thumb/men/36.jpg"},"nat":"UA"}],"info":{"seed":"df5569cbb2a43357","results":1,"page":1,"version":"1.4"}} 
 </msg>
<msg time="2024-05-17T17:13:58.959270" level="INFO">/opt/hostedtoolcache/Python/3.12.3/x64/lib/python3.12/site-packages/urllib3/connectionpool.py:1103: InsecureRequestWarning: Unverified HTTPS request is being made to host 'randomuser.me'. Adding certificate verification is strongly advised. See: https://urllib3.readthedocs.io/en/latest/advanced-usage.html#tls-warnings
  warnings.warn(</msg>
<msg time="2024-05-17T17:13:58.959417" level="INFO">${response} = &lt;Response [200]&gt;</msg>
<var>${response}</var>
<arg>consultarAPI</arg>
<arg>/api</arg>
<doc>Sends a GET request on a previously created HTTP Session.</doc>
<status status="PASS" start="2024-05-17T17:13:58.862092" elapsed="0.097374"/>
</kw>
<kw name="Set Variable" owner="BuiltIn">
<msg time="2024-05-17T17:13:58.960852" level="INFO">${json_data} = {'results': [{'gender': 'male', 'name': {'title': 'Mr', 'first': 'Marko', 'last': "Gub'yak"}, 'location': {'street': {'number': 9304, 'name': 'Kivercivska'}, 'city': 'Tokmak', 'state': 'Ivano-Frankivs...</msg>
<var>${json_data}</var>
<arg>${response.json()}</arg>
<doc>Returns the given values which can then be assigned to a variables.</doc>
<status status="PASS" start="2024-05-17T17:13:58.960198" elapsed="0.000685"/>
</kw>
<kw name="Log" owner="BuiltIn">
<msg time="2024-05-17T17:13:58.961457" level="INFO">{'results': [{'gender': 'male', 'name': {'title': 'Mr', 'first': 'Marko', 'last': "Gub'yak"}, 'location': {'street': {'number': 9304, 'name': 'Kivercivska'}, 'city': 'Tokmak', 'state': 'Ivano-Frankivska', 'country': 'Ukraine', 'postcode': 23506, 'coordinates': {'latitude': '73.6667', 'longitude': '-16.9836'}, 'timezone': {'offset': '+7:00', 'description': 'Bangkok, Hanoi, Jakarta'}}, 'email': "marko.gub'yak@example.com", 'login': {'uuid': '83de3d52-5a9c-4521-a87e-132588db114c', 'username': 'lazytiger181', 'password': 'leng', 'salt': 'uOKXtkgy', 'md5': 'c4a0642e2715aea60bc2122f19efa529', 'sha1': '846cf3d528219aeb726f51bb0c3adca89b1692eb', 'sha256': 'baa0dc960a6c495195f4521b8396ae5943ddb8a5fb8205571be79ad541291337'}, 'dob': {'date': '1956-11-12T06:04:29.527Z', 'age': 67}, 'registered': {'date': '2005-10-15T02:47:53.422Z', 'age': 18}, 'phone': '(096) O87-1027', 'cell': '(098) M25-9404', 'id': {'name': '', 'value': None}, 'picture': {'large': 'https://randomuser.me/api/portraits/men/36.jpg', 'medium': 'https://randomuser.me/api/portraits/med/men/36.jpg', 'thumbnail': 'https://randomuser.me/api/portraits/thumb/men/36.jpg'}, 'nat': 'UA'}], 'info': {'seed': 'df5569cbb2a43357', 'results': 1, 'page': 1, 'version': '1.4'}}</msg>
<arg>${json_data}</arg>
<doc>Logs the given message with the given level.</doc>
<status status="PASS" start="2024-05-17T17:13:58.961273" elapsed="0.000236"/>
</kw>
<kw name="Dictionary Should Contain Key" owner="Collections">
<msg time="2024-05-17T17:13:58.962037" level="INFO">False</msg>
<arg>${json_data}</arg>
<arg>results</arg>
<doc>Fails if ``key`` is not found from ``dictionary``.</doc>
<status status="PASS" start="2024-05-17T17:13:58.961852" elapsed="0.000224"/>
</kw>
<kw name="Should Not Be Empty" owner="BuiltIn">
<msg time="2024-05-17T17:13:58.962599" level="INFO">Length is 2.</msg>
<arg>${json_data}</arg>
<doc>Verifies that the given item is not empty.</doc>
<status status="PASS" start="2024-05-17T17:13:58.962452" elapsed="0.000378"/>
</kw>
<kw name="Create List" owner="BuiltIn">
<msg time="2024-05-17T17:13:58.963316" level="INFO">${expected_keys} = ['gender', 'name', 'location', 'email', 'login']</msg>
<var>${expected_keys}</var>
<arg>gender</arg>
<arg>name</arg>
<arg>location</arg>
<arg>email</arg>
<arg>login</arg>
<doc>Returns a list containing given items.</doc>
<status status="PASS" start="2024-05-17T17:13:58.963151" elapsed="0.000191"/>
</kw>
<for flavor="IN">
<iter>
<kw name="Dictionary Should Contain Key" owner="Collections">
<msg time="2024-05-17T17:13:58.964398" level="INFO">False</msg>
<arg>${json_data['results'][0]}</arg>
<arg>${key}</arg>
<doc>Fails if ``key`` is not found from ``dictionary``.</doc>
<status status="PASS" start="2024-05-17T17:13:58.963967" elapsed="0.000471"/>
</kw>
<kw name="Log" owner="BuiltIn">
<msg time="2024-05-17T17:13:58.965120" level="INFO">{'gender': 'male', 'name': {'title': 'Mr', 'first': 'Marko', 'last': "Gub'yak"}, 'location': {'street': {'number': 9304, 'name': 'Kivercivska'}, 'city': 'Tokmak', 'state': 'Ivano-Frankivska', 'country': 'Ukraine', 'postcode': 23506, 'coordinates': {'latitude': '73.6667', 'longitude': '-16.9836'}, 'timezone': {'offset': '+7:00', 'description': 'Bangkok, Hanoi, Jakarta'}}, 'email': "marko.gub'yak@example.com", 'login': {'uuid': '83de3d52-5a9c-4521-a87e-132588db114c', 'username': 'lazytiger181', 'password': 'leng', 'salt': 'uOKXtkgy', 'md5': 'c4a0642e2715aea60bc2122f19efa529', 'sha1': '846cf3d528219aeb726f51bb0c3adca89b1692eb', 'sha256': 'baa0dc960a6c495195f4521b8396ae5943ddb8a5fb8205571be79ad541291337'}, 'dob': {'date': '1956-11-12T06:04:29.527Z', 'age': 67}, 'registered': {'date': '2005-10-15T02:47:53.422Z', 'age': 18}, 'phone': '(096) O87-1027', 'cell': '(098) M25-9404', 'id': {'name': '', 'value': None}, 'picture': {'large': 'https://randomuser.me/api/portraits/men/36.jpg', 'medium': 'https://randomuser.me/api/portraits/med/men/36.jpg', 'thumbnail': 'https://randomuser.me/api/portraits/thumb/men/36.jpg'}, 'nat': 'UA'}</msg>
<arg>${json_data['results'][0]}</arg>
<doc>Logs the given message with the given level.</doc>
<status status="PASS" start="2024-05-17T17:13:58.964744" elapsed="0.000427"/>
</kw>
<kw name="Log" owner="BuiltIn">
<msg time="2024-05-17T17:13:58.965609" level="INFO">gender</msg>
<arg>${key}</arg>
<doc>Logs the given message with the given level.</doc>
<status status="PASS" start="2024-05-17T17:13:58.965477" elapsed="0.000171"/>
</kw>
<var name="${key}">gender</var>
<status status="PASS" start="2024-05-17T17:13:58.963824" elapsed="0.002039"/>
</iter>
<iter>
<kw name="Dictionary Should Contain Key" owner="Collections">
<msg time="2024-05-17T17:13:58.966619" level="INFO">False</msg>
<arg>${json_data['results'][0]}</arg>
<arg>${key}</arg>
<doc>Fails if ``key`` is not found from ``dictionary``.</doc>
<status status="PASS" start="2024-05-17T17:13:58.966215" elapsed="0.000442"/>
</kw>
<kw name="Log" owner="BuiltIn">
<msg time="2024-05-17T17:13:58.967350" level="INFO">{'gender': 'male', 'name': {'title': 'Mr', 'first': 'Marko', 'last': "Gub'yak"}, 'location': {'street': {'number': 9304, 'name': 'Kivercivska'}, 'city': 'Tokmak', 'state': 'Ivano-Frankivska', 'country': 'Ukraine', 'postcode': 23506, 'coordinates': {'latitude': '73.6667', 'longitude': '-16.9836'}, 'timezone': {'offset': '+7:00', 'description': 'Bangkok, Hanoi, Jakarta'}}, 'email': "marko.gub'yak@example.com", 'login': {'uuid': '83de3d52-5a9c-4521-a87e-132588db114c', 'username': 'lazytiger181', 'password': 'leng', 'salt': 'uOKXtkgy', 'md5': 'c4a0642e2715aea60bc2122f19efa529', 'sha1': '846cf3d528219aeb726f51bb0c3adca89b1692eb', 'sha256': 'baa0dc960a6c495195f4521b8396ae5943ddb8a5fb8205571be79ad541291337'}, 'dob': {'date': '1956-11-12T06:04:29.527Z', 'age': 67}, 'registered': {'date': '2005-10-15T02:47:53.422Z', 'age': 18}, 'phone': '(096) O87-1027', 'cell': '(098) M25-9404', 'id': {'name': '', 'value': None}, 'picture': {'large': 'https://randomuser.me/api/portraits/men/36.jpg', 'medium': 'https://randomuser.me/api/portraits/med/men/36.jpg', 'thumbnail': 'https://randomuser.me/api/portraits/thumb/men/36.jpg'}, 'nat': 'UA'}</msg>
<arg>${json_data['results'][0]}</arg>
<doc>Logs the given message with the given level.</doc>
<status status="PASS" start="2024-05-17T17:13:58.966986" elapsed="0.000421"/>
</kw>
<kw name="Log" owner="BuiltIn">
<msg time="2024-05-17T17:13:58.967832" level="INFO">name</msg>
<arg>${key}</arg>
<doc>Logs the given message with the given level.</doc>
<status status="PASS" start="2024-05-17T17:13:58.967703" elapsed="0.000168"/>
</kw>
<var name="${key}">name</var>
<status status="PASS" start="2024-05-17T17:13:58.966066" elapsed="0.002020"/>
</iter>
<iter>
<kw name="Dictionary Should Contain Key" owner="Collections">
<msg time="2024-05-17T17:13:58.968773" level="INFO">False</msg>
<arg>${json_data['results'][0]}</arg>
<arg>${key}</arg>
<doc>Fails if ``key`` is not found from ``dictionary``.</doc>
<status status="PASS" start="2024-05-17T17:13:58.968383" elapsed="0.000427"/>
</kw>
<kw name="Log" owner="BuiltIn">
<msg time="2024-05-17T17:13:58.969470" level="INFO">{'gender': 'male', 'name': {'title': 'Mr', 'first': 'Marko', 'last': "Gub'yak"}, 'location': {'street': {'number': 9304, 'name': 'Kivercivska'}, 'city': 'Tokmak', 'state': 'Ivano-Frankivska', 'country': 'Ukraine', 'postcode': 23506, 'coordinates': {'latitude': '73.6667', 'longitude': '-16.9836'}, 'timezone': {'offset': '+7:00', 'description': 'Bangkok, Hanoi, Jakarta'}}, 'email': "marko.gub'yak@example.com", 'login': {'uuid': '83de3d52-5a9c-4521-a87e-132588db114c', 'username': 'lazytiger181', 'password': 'leng', 'salt': 'uOKXtkgy', 'md5': 'c4a0642e2715aea60bc2122f19efa529', 'sha1': '846cf3d528219aeb726f51bb0c3adca89b1692eb', 'sha256': 'baa0dc960a6c495195f4521b8396ae5943ddb8a5fb8205571be79ad541291337'}, 'dob': {'date': '1956-11-12T06:04:29.527Z', 'age': 67}, 'registered': {'date': '2005-10-15T02:47:53.422Z', 'age': 18}, 'phone': '(096) O87-1027', 'cell': '(098) M25-9404', 'id': {'name': '', 'value': None}, 'picture': {'large': 'https://randomuser.me/api/portraits/men/36.jpg', 'medium': 'https://randomuser.me/api/portraits/med/men/36.jpg', 'thumbnail': 'https://randomuser.me/api/portraits/thumb/men/36.jpg'}, 'nat': 'UA'}</msg>
<arg>${json_data['results'][0]}</arg>
<doc>Logs the given message with the given level.</doc>
<status status="PASS" start="2024-05-17T17:13:58.969111" elapsed="0.000417"/>
</kw>
<kw name="Log" owner="BuiltIn">
<msg time="2024-05-17T17:13:58.969951" level="INFO">location</msg>
<arg>${key}</arg>
<doc>Logs the given message with the given level.</doc>
<status status="PASS" start="2024-05-17T17:13:58.969822" elapsed="0.000166"/>
</kw>
<var name="${key}">location</var>
<status status="PASS" start="2024-05-17T17:13:58.968269" elapsed="0.001969"/>
</iter>
<iter>
<kw name="Dictionary Should Contain Key" owner="Collections">
<msg time="2024-05-17T17:13:58.970915" level="INFO">False</msg>
<arg>${json_data['results'][0]}</arg>
<arg>${key}</arg>
<doc>Fails if ``key`` is not found from ``dictionary``.</doc>
<status status="PASS" start="2024-05-17T17:13:58.970530" elapsed="0.000424"/>
</kw>
<kw name="Log" owner="BuiltIn">
<msg time="2024-05-17T17:13:58.971612" level="INFO">{'gender': 'male', 'name': {'title': 'Mr', 'first': 'Marko', 'last': "Gub'yak"}, 'location': {'street': {'number': 9304, 'name': 'Kivercivska'}, 'city': 'Tokmak', 'state': 'Ivano-Frankivska', 'country': 'Ukraine', 'postcode': 23506, 'coordinates': {'latitude': '73.6667', 'longitude': '-16.9836'}, 'timezone': {'offset': '+7:00', 'description': 'Bangkok, Hanoi, Jakarta'}}, 'email': "marko.gub'yak@example.com", 'login': {'uuid': '83de3d52-5a9c-4521-a87e-132588db114c', 'username': 'lazytiger181', 'password': 'leng', 'salt': 'uOKXtkgy', 'md5': 'c4a0642e2715aea60bc2122f19efa529', 'sha1': '846cf3d528219aeb726f51bb0c3adca89b1692eb', 'sha256': 'baa0dc960a6c495195f4521b8396ae5943ddb8a5fb8205571be79ad541291337'}, 'dob': {'date': '1956-11-12T06:04:29.527Z', 'age': 67}, 'registered': {'date': '2005-10-15T02:47:53.422Z', 'age': 18}, 'phone': '(096) O87-1027', 'cell': '(098) M25-9404', 'id': {'name': '', 'value': None}, 'picture': {'large': 'https://randomuser.me/api/portraits/men/36.jpg', 'medium': 'https://randomuser.me/api/portraits/med/men/36.jpg', 'thumbnail': 'https://randomuser.me/api/portraits/thumb/men/36.jpg'}, 'nat': 'UA'}</msg>
<arg>${json_data['results'][0]}</arg>
<doc>Logs the given message with the given level.</doc>
<status status="PASS" start="2024-05-17T17:13:58.971251" elapsed="0.000427"/>
</kw>
<kw name="Log" owner="BuiltIn">
<msg time="2024-05-17T17:13:58.972103" level="INFO">email</msg>
<arg>${key}</arg>
<doc>Logs the given message with the given level.</doc>
<status status="PASS" start="2024-05-17T17:13:58.971976" elapsed="0.000165"/>
</kw>
<var name="${key}">email</var>
<status status="PASS" start="2024-05-17T17:13:58.970418" elapsed="0.001937"/>
</iter>
<iter>
<kw name="Dictionary Should Contain Key" owner="Collections">
<msg time="2024-05-17T17:13:58.973028" level="INFO">False</msg>
<arg>${json_data['results'][0]}</arg>
<arg>${key}</arg>
<doc>Fails if ``key`` is not found from ``dictionary``.</doc>
<status status="PASS" start="2024-05-17T17:13:58.972641" elapsed="0.000426"/>
</kw>
<kw name="Log" owner="BuiltIn">
<msg time="2024-05-17T17:13:58.973729" level="INFO">{'gender': 'male', 'name': {'title': 'Mr', 'first': 'Marko', 'last': "Gub'yak"}, 'location': {'street': {'number': 9304, 'name': 'Kivercivska'}, 'city': 'Tokmak', 'state': 'Ivano-Frankivska', 'country': 'Ukraine', 'postcode': 23506, 'coordinates': {'latitude': '73.6667', 'longitude': '-16.9836'}, 'timezone': {'offset': '+7:00', 'description': 'Bangkok, Hanoi, Jakarta'}}, 'email': "marko.gub'yak@example.com", 'login': {'uuid': '83de3d52-5a9c-4521-a87e-132588db114c', 'username': 'lazytiger181', 'password': 'leng', 'salt': 'uOKXtkgy', 'md5': 'c4a0642e2715aea60bc2122f19efa529', 'sha1': '846cf3d528219aeb726f51bb0c3adca89b1692eb', 'sha256': 'baa0dc960a6c495195f4521b8396ae5943ddb8a5fb8205571be79ad541291337'}, 'dob': {'date': '1956-11-12T06:04:29.527Z', 'age': 67}, 'registered': {'date': '2005-10-15T02:47:53.422Z', 'age': 18}, 'phone': '(096) O87-1027', 'cell': '(098) M25-9404', 'id': {'name': '', 'value': None}, 'picture': {'large': 'https://randomuser.me/api/portraits/men/36.jpg', 'medium': 'https://randomuser.me/api/portraits/med/men/36.jpg', 'thumbnail': 'https://randomuser.me/api/portraits/thumb/men/36.jpg'}, 'nat': 'UA'}</msg>
<arg>${json_data['results'][0]}</arg>
<doc>Logs the given message with the given level.</doc>
<status status="PASS" start="2024-05-17T17:13:58.973364" elapsed="0.000423"/>
</kw>
<kw name="Log" owner="BuiltIn">
<msg time="2024-05-17T17:13:58.974257" level="INFO">login</msg>
<arg>${key}</arg>
<doc>Logs the given message with the given level.</doc>
<status status="PASS" start="2024-05-17T17:13:58.974095" elapsed="0.000202"/>
</kw>
<var name="${key}">login</var>
<status status="PASS" start="2024-05-17T17:13:58.972528" elapsed="0.001997"/>
</iter>
<var>${key}</var>
<value>@{expected_keys}</value>
<status status="PASS" start="2024-05-17T17:13:58.963617" elapsed="0.011058"/>
</for>
<kw name="Create List" owner="BuiltIn">
<msg time="2024-05-17T17:13:58.975024" level="INFO">${expected_keysTwo} = ['username', 'password']</msg>
<var>${expected_keysTwo}</var>
<arg>username</arg>
<arg>password</arg>
<doc>Returns a list containing given items.</doc>
<status status="PASS" start="2024-05-17T17:13:58.974885" elapsed="0.000163"/>
</kw>
<for flavor="IN">
<iter>
<kw name="Dictionary Should Contain Key" owner="Collections">
<msg time="2024-05-17T17:13:58.975955" level="INFO">False</msg>
<arg>${json_data['results'][0]['login']}</arg>
<arg>${keyTwo}</arg>
<doc>Fails if ``key`` is not found from ``dictionary``.</doc>
<status status="PASS" start="2024-05-17T17:13:58.975562" elapsed="0.000431"/>
</kw>
<kw name="Dictionary Should Contain Key" owner="Collections">
<msg time="2024-05-17T17:13:58.976692" level="INFO">False</msg>
<arg>${json_data['results'][0]['login']}</arg>
<arg>${keyTwo}</arg>
<doc>Fails if ``key`` is not found from ``dictionary``.</doc>
<status status="PASS" start="2024-05-17T17:13:58.976307" elapsed="0.000427"/>
</kw>
<kw name="Log" owner="BuiltIn">
<msg time="2024-05-17T17:13:58.977158" level="INFO">username</msg>
<arg>${keyTwo}</arg>
<doc>Logs the given message with the given level.</doc>
<status status="PASS" start="2024-05-17T17:13:58.977030" elapsed="0.000171"/>
</kw>
<var name="${keyTwo}">username</var>
<status status="PASS" start="2024-05-17T17:13:58.975453" elapsed="0.001966"/>
</iter>
<iter>
<kw name="Dictionary Should Contain Key" owner="Collections">
<msg time="2024-05-17T17:13:58.978245" level="INFO">False</msg>
<arg>${json_data['results'][0]['login']}</arg>
<arg>${keyTwo}</arg>
<doc>Fails if ``key`` is not found from ``dictionary``.</doc>
<status status="PASS" start="2024-05-17T17:13:58.977707" elapsed="0.000586"/>
</kw>
<kw name="Dictionary Should Contain Key" owner="Collections">
<msg time="2024-05-17T17:13:58.978987" level="INFO">False</msg>
<arg>${json_data['results'][0]['login']}</arg>
<arg>${keyTwo}</arg>
<doc>Fails if ``key`` is not found from ``dictionary``.</doc>
<status status="PASS" start="2024-05-17T17:13:58.978607" elapsed="0.000419"/>
</kw>
<kw name="Log" owner="BuiltIn">
<msg time="2024-05-17T17:13:58.979450" level="INFO">password</msg>
<arg>${keyTwo}</arg>
<doc>Logs the given message with the given level.</doc>
<status status="PASS" start="2024-05-17T17:13:58.979323" elapsed="0.000163"/>
</kw>
<var name="${keyTwo}">password</var>
<status status="PASS" start="2024-05-17T17:13:58.977594" elapsed="0.002110"/>
</iter>
<var>${keyTwo}</var>
<value>@{expected_keysTwo}</value>
<status status="PASS" start="2024-05-17T17:13:58.975292" elapsed="0.004532"/>
</for>
<status status="PASS" start="2024-05-17T17:13:58.861810" elapsed="0.118164"/>
</kw>
<doc>Testa a estrutura da resposta da API.</doc>
<tag>testeEstruturaResposta</tag>
<status status="PASS" start="2024-05-17T17:13:58.861135" elapsed="0.119004"/>
</test>
<test id="s1-s1-t4" name="Validar tipos de dados" line="28">
<kw name="Teste de Tipos de Dados" owner="random-user-service">
<kw name="GET On Session" owner="RequestsLibrary">
<msg time="2024-05-17T17:13:59.068049" level="INFO">GET Request : url=https://randomuser.me/api 
 path_url=/api 
 headers={'User-Agent': 'python-requests/2.31.0', 'Accept-Encoding': 'gzip, deflate', 'Accept': '*/*', 'Connection': 'keep-alive'} 
 body=None 
 </msg>
<msg time="2024-05-17T17:13:59.068156" level="INFO">GET Response : url=https://randomuser.me/api 
 status=200, reason=OK 
 headers={'Date': 'Fri, 17 May 2024 17:13:59 GMT', 'Content-Type': 'application/json; charset=utf-8', 'Transfer-Encoding': 'chunked', 'Connection': 'keep-alive', 'X-Powered-By': 'Express', 'Access-Control-Allow-Origin': '*', 'Cache-Control': 'no-cache', 'ETag': 'W/"49b-cDcweIe8PXoHxvYdUPlv1cZDtM0"', 'Vary': 'Accept-Encoding', 'Content-Encoding': 'gzip', 'CF-Cache-Status': 'DYNAMIC', 'Report-To': '{"endpoints":[{"url":"https:\\/\\/a.nel.cloudflare.com\\/report\\/v4?s=h4Gxw99M3pFBGyF2el8INUR7JRfAqQ01CGHrLS2Vm2p6tcjCb%2FXOyld7W0o0blME6vfG2aGO0%2FBDyfFMAzGC8o8OrBEwOLt3Omy2yGhMdVcR6%2F7yRyN0jsSUkB2GW%2Fw3"}],"group":"cf-nel","max_age":604800}', 'NEL': '{"success_fraction":0,"report_to":"cf-nel","max_age":604800}', 'Server': 'cloudflare', 'CF-RAY': '88553dbfa8b839a6-IAD', 'alt-svc': 'h3=":443"; ma=86400'} 
 body={"results":[{"gender":"female","name":{"title":"Ms","first":"Katrine","last":"Poulsen"},"location":{"street":{"number":7707,"name":"Skovbakkevej"},"city":"Allinge","state":"Hovedstaden","country":"Denmark","postcode":76898,"coordinates":{"latitude":"-39.0648","longitude":"167.1371"},"timezone":{"offset":"+11:00","description":"Magadan, Solomon Islands, New Caledonia"}},"email":"katrine.poulsen@example.com","login":{"uuid":"7defcb05-b580-424a-96b0-900a3514a86b","username":"beautifulmeercat149","password":"pizza","salt":"uHcisOMx","md5":"e49550751e2fa3b0302f7c8741705b35","sha1":"94d301f12b6ce70e89f52dcb541f76f420b4ba04","sha256":"31322379bc2f9a87a65b9ab519c7a3ce4ac066fdf26ea127e61c36a69458e749"},"dob":{"date":"1946-04-20T22:33:01.703Z","age":78},"registered":{"date":"2015-04-26T05:00:57.869Z","age":9},"phone":"30365479","cell":"32223002","id":{"name":"CPR","value":"200446-5945"},"picture":{"large":"https://randomuser.me/api/portraits/women/23.jpg","medium":"https://randomuser.me/api/portraits/med/women/23.jpg","thumbnail":"https://randomuser.me/api/portraits/thumb/women/23.jpg"},"nat":"DK"}],"info":{"seed":"b3eed3dfb2ac3443","results":1,"page":1,"version":"1.4"}} 
 </msg>
<msg time="2024-05-17T17:13:59.068238" level="INFO">/opt/hostedtoolcache/Python/3.12.3/x64/lib/python3.12/site-packages/urllib3/connectionpool.py:1103: InsecureRequestWarning: Unverified HTTPS request is being made to host 'randomuser.me'. Adding certificate verification is strongly advised. See: https://urllib3.readthedocs.io/en/latest/advanced-usage.html#tls-warnings
  warnings.warn(</msg>
<msg time="2024-05-17T17:13:59.068379" level="INFO">${response} = &lt;Response [200]&gt;</msg>
<var>${response}</var>
<arg>consultarAPI</arg>
<arg>/api</arg>
<doc>Sends a GET request on a previously created HTTP Session.</doc>
<status status="PASS" start="2024-05-17T17:13:58.982834" elapsed="0.085590"/>
</kw>
<kw name="Set Variable" owner="BuiltIn">
<msg time="2024-05-17T17:13:59.069770" level="INFO">${json_data} = {'results': [{'gender': 'female', 'name': {'title': 'Ms', 'first': 'Katrine', 'last': 'Poulsen'}, 'location': {'street': {'number': 7707, 'name': 'Skovbakkevej'}, 'city': 'Allinge', 'state': 'Hovedsta...</msg>
<var>${json_data}</var>
<arg>${response.json()}</arg>
<doc>Returns the given values which can then be assigned to a variables.</doc>
<status status="PASS" start="2024-05-17T17:13:59.069146" elapsed="0.000655"/>
</kw>
<kw name="Log" owner="BuiltIn">
<msg time="2024-05-17T17:13:59.070442" level="INFO">{'results': [{'gender': 'female', 'name': {'title': 'Ms', 'first': 'Katrine', 'last': 'Poulsen'}, 'location': {'street': {'number': 7707, 'name': 'Skovbakkevej'}, 'city': 'Allinge', 'state': 'Hovedstaden', 'country': 'Denmark', 'postcode': 76898, 'coordinates': {'latitude': '-39.0648', 'longitude': '167.1371'}, 'timezone': {'offset': '+11:00', 'description': 'Magadan, Solomon Islands, New Caledonia'}}, 'email': 'katrine.poulsen@example.com', 'login': {'uuid': '7defcb05-b580-424a-96b0-900a3514a86b', 'username': 'beautifulmeercat149', 'password': 'pizza', 'salt': 'uHcisOMx', 'md5': 'e49550751e2fa3b0302f7c8741705b35', 'sha1': '94d301f12b6ce70e89f52dcb541f76f420b4ba04', 'sha256': '31322379bc2f9a87a65b9ab519c7a3ce4ac066fdf26ea127e61c36a69458e749'}, 'dob': {'date': '1946-04-20T22:33:01.703Z', 'age': 78}, 'registered': {'date': '2015-04-26T05:00:57.869Z', 'age': 9}, 'phone': '30365479', 'cell': '32223002', 'id': {'name': 'CPR', 'value': '200446-5945'}, 'picture': {'large': 'https://randomuser.me/api/portraits/women/23.jpg', 'medium': 'https://randomuser.me/api/portraits/med/women/23.jpg', 'thumbnail': 'https://randomuser.me/api/portraits/thumb/women/23.jpg'}, 'nat': 'DK'}], 'info': {'seed': 'b3eed3dfb2ac3443', 'results': 1, 'page': 1, 'version': '1.4'}}</msg>
<arg>${json_data}</arg>
<doc>Logs the given message with the given level.</doc>
<status status="PASS" start="2024-05-17T17:13:59.070245" elapsed="0.000290"/>
</kw>
<kw name="Should Be String" owner="String">
<arg>${json_data['results'][0]['gender']}</arg>
<doc>Fails if the given ``item`` is not a string.</doc>
<status status="PASS" start="2024-05-17T17:13:59.070882" elapsed="0.000410"/>
</kw>
<kw name="Should Match Regexp" owner="BuiltIn">
<arg>${json_data['results'][0]['email']}</arg>
<arg>^[a-zA-Z0-9._%+-]+@[a-zA-Z0-9.-]+\.[a-zA-Z]{2,}$</arg>
<doc>Fails if ``string`` does not match ``pattern`` as a regular expression.</doc>
<status status="PASS" start="2024-05-17T17:13:59.071508" elapsed="0.000548"/>
</kw>
<kw name="Should Match Regexp" owner="BuiltIn">
<arg>${json_data['results'][0]['dob']['date']}</arg>
<arg>\\d{4}-\\d{2}-\\d{2}T\\d{2}:\\d{2}:\\d{2}\\.\\d{3}Z</arg>
<doc>Fails if ``string`` does not match ``pattern`` as a regular expression.</doc>
<status status="PASS" start="2024-05-17T17:13:59.072269" elapsed="0.000521"/>
</kw>
<kw name="Should Match Regexp" owner="BuiltIn">
<arg>${json_data['results'][0]['registered']['date']}</arg>
<arg>\\d{4}-\\d{2}-\\d{2}T\\d{2}:\\d{2}:\\d{2}\\.\\d{3}Z</arg>
<doc>Fails if ``string`` does not match ``pattern`` as a regular expression.</doc>
<status status="PASS" start="2024-05-17T17:13:59.072993" elapsed="0.000376"/>
</kw>
<kw name="Should Match Regexp" owner="BuiltIn">
<arg>${json_data['results'][0]['picture']['large']}</arg>
<arg>^https?://.*\.(?:png|jpe?g|gif|bmp)$</arg>
<doc>Fails if ``string`` does not match ``pattern`` as a regular expression.</doc>
<status status="PASS" start="2024-05-17T17:13:59.073570" elapsed="0.000477"/>
</kw>
<kw name="Should Match Regexp" owner="BuiltIn">
<arg>${json_data['results'][0]['picture']['medium']}</arg>
<arg>^https?://.*\.(?:png|jpe?g|gif|bmp)$</arg>
<doc>Fails if ``string`` does not match ``pattern`` as a regular expression.</doc>
<status status="PASS" start="2024-05-17T17:13:59.074276" elapsed="0.000374"/>
</kw>
<kw name="Should Match Regexp" owner="BuiltIn">
<arg>${json_data['results'][0]['picture']['thumbnail']}</arg>
<arg>^https?://.*\.(?:png|jpe?g|gif|bmp)$</arg>
<doc>Fails if ``string`` does not match ``pattern`` as a regular expression.</doc>
<status status="PASS" start="2024-05-17T17:13:59.074848" elapsed="0.000358"/>
</kw>
<kw name="Log" owner="BuiltIn">
<msg time="2024-05-17T17:13:59.075722" level="INFO">{'large': 'https://randomuser.me/api/portraits/women/23.jpg', 'medium': 'https://randomuser.me/api/portraits/med/women/23.jpg', 'thumbnail': 'https://randomuser.me/api/portraits/thumb/women/23.jpg'}</msg>
<arg>${json_data['results'][0]['picture']}</arg>
<doc>Logs the given message with the given level.</doc>
<status status="PASS" start="2024-05-17T17:13:59.075394" elapsed="0.000374"/>
</kw>
<status status="PASS" start="2024-05-17T17:13:58.982580" elapsed="0.093480"/>
</kw>
<kw name="Teste de Tipos de Dados - Postcode" owner="random-user-service">
<kw name="GET On Session" owner="RequestsLibrary">
<msg time="2024-05-17T17:13:59.154472" level="INFO">GET Request : url=https://randomuser.me/api 
 path_url=/api 
 headers={'User-Agent': 'python-requests/2.31.0', 'Accept-Encoding': 'gzip, deflate', 'Accept': '*/*', 'Connection': 'keep-alive'} 
 body=None 
 </msg>
<msg time="2024-05-17T17:13:59.154595" level="INFO">GET Response : url=https://randomuser.me/api 
 status=200, reason=OK 
 headers={'Date': 'Fri, 17 May 2024 17:13:59 GMT', 'Content-Type': 'application/json; charset=utf-8', 'Transfer-Encoding': 'chunked', 'Connection': 'keep-alive', 'X-Powered-By': 'Express', 'Access-Control-Allow-Origin': '*', 'Cache-Control': 'no-cache', 'ETag': 'W/"489-RGToKrFA86IjzVN4T/L3zw04RFs"', 'Vary': 'Accept-Encoding', 'Content-Encoding': 'gzip', 'CF-Cache-Status': 'DYNAMIC', 'Report-To': '{"endpoints":[{"url":"https:\\/\\/a.nel.cloudflare.com\\/report\\/v4?s=pugEyB7%2FLV2vnZB5JxiHaYyW6U6bq0Pac4SvGXmKSUc6QCp38TKtpMP%2BNO%2F34Jeq7kjL%2Bf0CaiTOOiMLaj9Ds2H6e1uMszRQC32R6THlHBxksxNoSxz%2BE03tkaxWsAcF"}],"group":"cf-nel","max_age":604800}', 'NEL': '{"success_fraction":0,"report_to":"cf-nel","max_age":604800}', 'Server': 'cloudflare', 'CF-RAY': '88553dc0495c39a6-IAD', 'alt-svc': 'h3=":443"; ma=86400'} 
 body={"results":[{"gender":"male","name":{"title":"Mr","first":"Alvin","last":"Graves"},"location":{"street":{"number":5941,"name":"North Street"},"city":"Fermoy","state":"Cork City","country":"Ireland","postcode":86719,"coordinates":{"latitude":"-0.3764","longitude":"-42.9086"},"timezone":{"offset":"+11:00","description":"Magadan, Solomon Islands, New Caledonia"}},"email":"alvin.graves@example.com","login":{"uuid":"05f9862d-4acb-4868-b57d-f6c76306494d","username":"lazysnake975","password":"durango","salt":"pPURGyIR","md5":"15331bea5329b1c4430ce46fae7063c4","sha1":"ddb117ba59f453aab66ace53c9578cba59a05c79","sha256":"6c6d35dfc82e1c8d8aedca4b0c3ea06db9b53aa242df48e678c69a3644346793"},"dob":{"date":"1966-03-08T19:53:32.894Z","age":58},"registered":{"date":"2018-05-09T12:46:44.550Z","age":6},"phone":"031-103-2528","cell":"081-939-8640","id":{"name":"PPS","value":"6895591T"},"picture":{"large":"https://randomuser.me/api/portraits/men/49.jpg","medium":"https://randomuser.me/api/portraits/med/men/49.jpg","thumbnail":"https://randomuser.me/api/portraits/thumb/men/49.jpg"},"nat":"IE"}],"info":{"seed":"c8a2f69f8605de2e","results":1,"page":1,"version":"1.4"}} 
 </msg>
<msg time="2024-05-17T17:13:59.154692" level="INFO">/opt/hostedtoolcache/Python/3.12.3/x64/lib/python3.12/site-packages/urllib3/connectionpool.py:1103: InsecureRequestWarning: Unverified HTTPS request is being made to host 'randomuser.me'. Adding certificate verification is strongly advised. See: https://urllib3.readthedocs.io/en/latest/advanced-usage.html#tls-warnings
  warnings.warn(</msg>
<msg time="2024-05-17T17:13:59.154849" level="INFO">${response} = &lt;Response [200]&gt;</msg>
<var>${response}</var>
<arg>consultarAPI</arg>
<arg>/api</arg>
<doc>Sends a GET request on a previously created HTTP Session.</doc>
<status status="PASS" start="2024-05-17T17:13:59.076557" elapsed="0.078343"/>
</kw>
<kw name="Set Variable" owner="BuiltIn">
<msg time="2024-05-17T17:13:59.156304" level="INFO">${json_data} = {'results': [{'gender': 'male', 'name': {'title': 'Mr', 'first': 'Alvin', 'last': 'Graves'}, 'location': {'street': {'number': 5941, 'name': 'North Street'}, 'city': 'Fermoy', 'state': 'Cork City', 'c...</msg>
<var>${json_data}</var>
<arg>${response.json()}</arg>
<doc>Returns the given values which can then be assigned to a variables.</doc>
<status status="PASS" start="2024-05-17T17:13:59.155630" elapsed="0.000705"/>
</kw>
<kw name="Log" owner="BuiltIn">
<msg time="2024-05-17T17:13:59.156893" level="INFO">{'results': [{'gender': 'male', 'name': {'title': 'Mr', 'first': 'Alvin', 'last': 'Graves'}, 'location': {'street': {'number': 5941, 'name': 'North Street'}, 'city': 'Fermoy', 'state': 'Cork City', 'country': 'Ireland', 'postcode': 86719, 'coordinates': {'latitude': '-0.3764', 'longitude': '-42.9086'}, 'timezone': {'offset': '+11:00', 'description': 'Magadan, Solomon Islands, New Caledonia'}}, 'email': 'alvin.graves@example.com', 'login': {'uuid': '05f9862d-4acb-4868-b57d-f6c76306494d', 'username': 'lazysnake975', 'password': 'durango', 'salt': 'pPURGyIR', 'md5': '15331bea5329b1c4430ce46fae7063c4', 'sha1': 'ddb117ba59f453aab66ace53c9578cba59a05c79', 'sha256': '6c6d35dfc82e1c8d8aedca4b0c3ea06db9b53aa242df48e678c69a3644346793'}, 'dob': {'date': '1966-03-08T19:53:32.894Z', 'age': 58}, 'registered': {'date': '2018-05-09T12:46:44.550Z', 'age': 6}, 'phone': '031-103-2528', 'cell': '081-939-8640', 'id': {'name': 'PPS', 'value': '6895591T'}, 'picture': {'large': 'https://randomuser.me/api/portraits/men/49.jpg', 'medium': 'https://randomuser.me/api/portraits/med/men/49.jpg', 'thumbnail': 'https://randomuser.me/api/portraits/thumb/men/49.jpg'}, 'nat': 'IE'}], 'info': {'seed': 'c8a2f69f8605de2e', 'results': 1, 'page': 1, 'version': '1.4'}}</msg>
<arg>${json_data}</arg>
<doc>Logs the given message with the given level.</doc>
<status status="PASS" start="2024-05-17T17:13:59.156717" elapsed="0.000262"/>
</kw>
<kw name="Should Be Equal As Numbers" owner="BuiltIn">
<arg>${json_data['results'][0]['location']['postcode']}</arg>
<arg>${json_data['results'][0]['location']['postcode']}</arg>
<doc>Fails if objects are unequal after converting them to real numbers.</doc>
<status status="PASS" start="2024-05-17T17:13:59.157525" elapsed="0.000704"/>
</kw>
<kw name="Log" owner="BuiltIn">
<msg time="2024-05-17T17:13:59.158814" level="INFO">86719</msg>
<arg>${json_data['results'][0]['location']['postcode']}</arg>
<doc>Logs the given message with the given level.</doc>
<status status="PASS" start="2024-05-17T17:13:59.158458" elapsed="0.000400"/>
</kw>
<status status="PASS" start="2024-05-17T17:13:59.076306" elapsed="0.082827"/>
</kw>
<doc>Testa se os tipos de dados na resposta da API estão corretos.</doc>
<tag>testeTiposDados</tag>
<status status="PASS" start="2024-05-17T17:13:58.981927" elapsed="0.177377"/>
</test>
<test id="s1-s1-t5" name="Validar conteudo" line="35">
<kw name="Teste de Tipos de Conteudo" owner="random-user-service">
<kw name="GET On Session" owner="RequestsLibrary">
<msg time="2024-05-17T17:13:59.260955" level="INFO">GET Request : url=https://randomuser.me/api 
 path_url=/api 
 headers={'User-Agent': 'python-requests/2.31.0', 'Accept-Encoding': 'gzip, deflate', 'Accept': '*/*', 'Connection': 'keep-alive'} 
 body=None 
 </msg>
<msg time="2024-05-17T17:13:59.261083" level="INFO">GET Response : url=https://randomuser.me/api 
 status=200, reason=OK 
 headers={'Date': 'Fri, 17 May 2024 17:13:59 GMT', 'Content-Type': 'application/json; charset=utf-8', 'Transfer-Encoding': 'chunked', 'Connection': 'keep-alive', 'X-Powered-By': 'Express', 'Access-Control-Allow-Origin': '*', 'Cache-Control': 'no-cache', 'ETag': 'W/"491-0jatljUvIsER1SbARoy6h/ZRHrc"', 'Vary': 'Accept-Encoding', 'Content-Encoding': 'gzip', 'CF-Cache-Status': 'DYNAMIC', 'Report-To': '{"endpoints":[{"url":"https:\\/\\/a.nel.cloudflare.com\\/report\\/v4?s=7gXjci6Io1ri7t2UaO7YAa1KVJyFjr%2FFsVMTirOF2cx7Ojn4EK9vxGUwsFOZto4%2F6YZ4ig%2Bdpkh5JMbBOlYbeq2uVCcNjbsjNdewhX6cpWK%2BcHnp3Xd1ovxn9JxdsS42"}],"group":"cf-nel","max_age":604800}', 'NEL': '{"success_fraction":0,"report_to":"cf-nel","max_age":604800}', 'Server': 'cloudflare', 'CF-RAY': '88553dc0c9dc39a6-IAD', 'alt-svc': 'h3=":443"; ma=86400'} 
 body={"results":[{"gender":"male","name":{"title":"Mr","first":"Théodore","last":"Lemoine"},"location":{"street":{"number":8790,"name":"Rue de Gerland"},"city":"Bordeaux","state":"Hauts-de-Seine","country":"France","postcode":71888,"coordinates":{"latitude":"-14.9310","longitude":"-171.8028"},"timezone":{"offset":"-12:00","description":"Eniwetok, Kwajalein"}},"email":"theodore.lemoine@example.com","login":{"uuid":"e80e727b-68d1-44b6-8b8f-0651d2bcc7fb","username":"lazywolf122","password":"plato","salt":"zH3eqTzq","md5":"5709eadf3beb78f75081cc1ed5b24189","sha1":"b651ed0ddb4deecb0e71315103d9a74f721223dc","sha256":"a4ba5547bd3e124df78be1989dcb12956a32a07b4fb36f0bf5379f66516003dc"},"dob":{"date":"1967-03-29T09:34:42.092Z","age":57},"registered":{"date":"2009-08-10T17:13:16.278Z","age":14},"phone":"05-17-77-49-71","cell":"06-39-86-99-20","id":{"name":"INSEE","value":"1670267112683 62"},"picture":{"large":"https://randomuser.me/api/portraits/men/9.jpg","medium":"https://randomuser.me/api/portraits/med/men/9.jpg","thumbnail":"https://randomuser.me/api/portraits/thumb/men/9.jpg"},"nat":"FR"}],"info":{"seed":"80fa21bca75ed0a1","results":1,"page":1,"version":"1.4"}} 
 </msg>
<msg time="2024-05-17T17:13:59.261179" level="INFO">/opt/hostedtoolcache/Python/3.12.3/x64/lib/python3.12/site-packages/urllib3/connectionpool.py:1103: InsecureRequestWarning: Unverified HTTPS request is being made to host 'randomuser.me'. Adding certificate verification is strongly advised. See: https://urllib3.readthedocs.io/en/latest/advanced-usage.html#tls-warnings
  warnings.warn(</msg>
<msg time="2024-05-17T17:13:59.261318" level="INFO">${response} = &lt;Response [200]&gt;</msg>
<var>${response}</var>
<arg>consultarAPI</arg>
<arg>/api</arg>
<doc>Sends a GET request on a previously created HTTP Session.</doc>
<status status="PASS" start="2024-05-17T17:13:59.161976" elapsed="0.099386"/>
</kw>
<kw name="Set Variable" owner="BuiltIn">
<msg time="2024-05-17T17:13:59.262799" level="INFO">${json_data} = {'results': [{'gender': 'male', 'name': {'title': 'Mr', 'first': 'Théodore', 'last': 'Lemoine'}, 'location': {'street': {'number': 8790, 'name': 'Rue de Gerland'}, 'city': 'Bordeaux', 'state': 'Hauts-...</msg>
<var>${json_data}</var>
<arg>${response.json()}</arg>
<doc>Returns the given values which can then be assigned to a variables.</doc>
<status status="PASS" start="2024-05-17T17:13:59.262105" elapsed="0.000727"/>
</kw>
<kw name="Set Variable" owner="BuiltIn">
<msg time="2024-05-17T17:13:59.263713" level="INFO">${name_title} = Mr</msg>
<var>${name_title}</var>
<arg>${json_data["results"][0]["name"]["title"]}</arg>
<doc>Returns the given values which can then be assigned to a variables.</doc>
<status status="PASS" start="2024-05-17T17:13:59.263238" elapsed="0.000504"/>
</kw>
<kw name="Create List" owner="BuiltIn">
<msg time="2024-05-17T17:13:59.264287" level="INFO">${allowed_titles} = ['Mr', 'Ms', 'Miss', 'Mrs', 'Madame', 'Monsieur']</msg>
<var>${allowed_titles}</var>
<arg>Mr</arg>
<arg>Ms</arg>
<arg>Miss</arg>
<arg>Mrs</arg>
<arg>Madame</arg>
<arg>Monsieur</arg>
<doc>Returns a list containing given items.</doc>
<status status="PASS" start="2024-05-17T17:13:59.264115" elapsed="0.000198"/>
</kw>
<kw name="List Should Contain Value" owner="Collections">
<msg time="2024-05-17T17:13:59.264844" level="INFO">False</msg>
<arg>${allowed_titles}</arg>
<arg>${name_title}</arg>
<doc>Fails if the ``value`` is not found from ``list``.</doc>
<status status="PASS" start="2024-05-17T17:13:59.264648" elapsed="0.000237"/>
</kw>
<kw name="Set Variable" owner="BuiltIn">
<msg time="2024-05-17T17:13:59.265611" level="INFO">${name_country} = FR</msg>
<var>${name_country}</var>
<arg>${json_data["results"][0]["nat"]}</arg>
<doc>Returns the given values which can then be assigned to a variables.</doc>
<status status="PASS" start="2024-05-17T17:13:59.265204" elapsed="0.000434"/>
</kw>
<kw name="Create List" owner="BuiltIn">
<msg time="2024-05-17T17:13:59.266620" level="INFO">${list_country} = ['AD', 'AE', 'AF', 'AG', 'AI', 'AL', 'AM', 'AO', 'AQ', 'AR', 'AS', 'AT', 'AU', 'AW', 'AX', 'AZ', 'BA', 'BB', 'BD', 'BE', 'BF', 'BG', 'BH', 'BI', 'BJ', 'BL', 'BM', 'BN', 'BO', 'BQ', 'BR', 'BS', 'BT', '...</msg>
<var>${list_country}</var>
<arg>AD</arg>
<arg>AE</arg>
<arg>AF</arg>
<arg>AG</arg>
<arg>AI</arg>
<arg>AL</arg>
<arg>AM</arg>
<arg>AO</arg>
<arg>AQ</arg>
<arg>AR</arg>
<arg>AS</arg>
<arg>AT</arg>
<arg>AU</arg>
<arg>AW</arg>
<arg>AX</arg>
<arg>AZ</arg>
<arg>BA</arg>
<arg>BB</arg>
<arg>BD</arg>
<arg>BE</arg>
<arg>BF</arg>
<arg>BG</arg>
<arg>BH</arg>
<arg>BI</arg>
<arg>BJ</arg>
<arg>BL</arg>
<arg>BM</arg>
<arg>BN</arg>
<arg>BO</arg>
<arg>BQ</arg>
<arg>BR</arg>
<arg>BS</arg>
<arg>BT</arg>
<arg>BV</arg>
<arg>BW</arg>
<arg>BY</arg>
<arg>BZ</arg>
<arg>CA</arg>
<arg>CC</arg>
<arg>CD</arg>
<arg>CF</arg>
<arg>CG</arg>
<arg>CH</arg>
<arg>CI</arg>
<arg>CK</arg>
<arg>CL</arg>
<arg>CM</arg>
<arg>CN</arg>
<arg>CO</arg>
<arg>CR</arg>
<arg>CU</arg>
<arg>CV</arg>
<arg>CW</arg>
<arg>CX</arg>
<arg>CY</arg>
<arg>CZ</arg>
<arg>DE</arg>
<arg>DJ</arg>
<arg>DK</arg>
<arg>DM</arg>
<arg>DO</arg>
<arg>DZ</arg>
<arg>EC</arg>
<arg>EE</arg>
<arg>EG</arg>
<arg>EH</arg>
<arg>ER</arg>
<arg>ES</arg>
<arg>ET</arg>
<arg>FI</arg>
<arg>FJ</arg>
<arg>FK</arg>
<arg>FM</arg>
<arg>FO</arg>
<arg>FR</arg>
<arg>GA</arg>
<arg>GB</arg>
<arg>GD</arg>
<arg>GE</arg>
<arg>GF</arg>
<arg>GG</arg>
<arg>GH</arg>
<arg>GI</arg>
<arg>GL</arg>
<arg>GM</arg>
<arg>GN</arg>
<arg>GP</arg>
<arg>GQ</arg>
<arg>GR</arg>
<arg>GS</arg>
<arg>GT</arg>
<arg>GU</arg>
<arg>GW</arg>
<arg>GY</arg>
<arg>HK</arg>
<arg>HM</arg>
<arg>HN</arg>
<arg>HR</arg>
<arg>HT</arg>
<arg>HU</arg>
<arg>ID</arg>
<arg>IE</arg>
<arg>IL</arg>
<arg>IM</arg>
<arg>IN</arg>
<arg>IO</arg>
<arg>IQ</arg>
<arg>IR</arg>
<arg>IS</arg>
<arg>IT</arg>
<arg>JE</arg>
<arg>JM</arg>
<arg>JO</arg>
<arg>JP</arg>
<arg>KE</arg>
<arg>KG</arg>
<arg>KH</arg>
<arg>KI</arg>
<arg>KM</arg>
<arg>KN</arg>
<arg>KP</arg>
<arg>KR</arg>
<arg>KW</arg>
<arg>KY</arg>
<arg>KZ</arg>
<arg>LA</arg>
<arg>LB</arg>
<arg>LC</arg>
<arg>LI</arg>
<arg>LK</arg>
<arg>LR</arg>
<arg>LS</arg>
<arg>LT</arg>
<arg>LU</arg>
<arg>LV</arg>
<arg>LY</arg>
<arg>MA</arg>
<arg>MC</arg>
<arg>MD</arg>
<arg>ME</arg>
<arg>MF</arg>
<arg>MG</arg>
<arg>MH</arg>
<arg>MK</arg>
<arg>ML</arg>
<arg>MM</arg>
<arg>MN</arg>
<arg>MO</arg>
<arg>MP</arg>
<arg>MQ</arg>
<arg>MR</arg>
<arg>MS</arg>
<arg>MT</arg>
<arg>MU</arg>
<arg>MV</arg>
<arg>MW</arg>
<arg>MX</arg>
<arg>MY</arg>
<arg>MZ</arg>
<arg>NA</arg>
<arg>NC</arg>
<arg>NE</arg>
<arg>NF</arg>
<arg>NG</arg>
<arg>NI</arg>
<arg>NL</arg>
<arg>NO</arg>
<arg>NP</arg>
<arg>NR</arg>
<arg>NU</arg>
<arg>NZ</arg>
<arg>OM</arg>
<arg>PA</arg>
<arg>PE</arg>
<arg>PF</arg>
<arg>PG</arg>
<arg>PH</arg>
<arg>PK</arg>
<arg>PL</arg>
<arg>PM</arg>
<arg>PN</arg>
<arg>PR</arg>
<arg>PS</arg>
<arg>PT</arg>
<arg>PW</arg>
<arg>PY</arg>
<arg>QA</arg>
<arg>RE</arg>
<arg>RO</arg>
<arg>RS</arg>
<arg>RU</arg>
<arg>RW</arg>
<arg>SA</arg>
<arg>SB</arg>
<arg>SC</arg>
<arg>SD</arg>
<arg>SE</arg>
<arg>SG</arg>
<arg>SH</arg>
<arg>SI</arg>
<arg>SJ</arg>
<arg>SK</arg>
<arg>SL</arg>
<arg>SM</arg>
<arg>SN</arg>
<arg>SO</arg>
<arg>SR</arg>
<arg>SS</arg>
<arg>ST</arg>
<arg>SV</arg>
<arg>SX</arg>
<arg>SY</arg>
<arg>SZ</arg>
<arg>TC</arg>
<arg>TD</arg>
<arg>TF</arg>
<arg>TG</arg>
<arg>TH</arg>
<arg>TJ</arg>
<arg>TK</arg>
<arg>TL</arg>
<arg>TM</arg>
<arg>TN</arg>
<arg>TO</arg>
<arg>TR</arg>
<arg>TT</arg>
<arg>TV</arg>
<arg>TW</arg>
<arg>TZ</arg>
<arg>UA</arg>
<arg>UG</arg>
<arg>UM</arg>
<arg>US</arg>
<arg>UY</arg>
<arg>UZ</arg>
<arg>VA</arg>
<arg>VC</arg>
<arg>VE</arg>
<arg>VG</arg>
<arg>VI</arg>
<arg>VN</arg>
<arg>VU</arg>
<arg>WF</arg>
<arg>WS</arg>
<arg>XK</arg>
<arg>YE</arg>
<arg>YT</arg>
<arg>ZA</arg>
<arg>ZM</arg>
<arg>ZW</arg>
<doc>Returns a list containing given items.</doc>
<status status="PASS" start="2024-05-17T17:13:59.265970" elapsed="0.000678"/>
</kw>
<kw name="List Should Contain Value" owner="Collections">
<msg time="2024-05-17T17:13:59.267673" level="INFO">False</msg>
<arg>${list_country}</arg>
<arg>${name_country}</arg>
<doc>Fails if the ``value`` is not found from ``list``.</doc>
<status status="PASS" start="2024-05-17T17:13:59.267459" elapsed="0.000253"/>
</kw>
<kw name="Run Keyword If" owner="BuiltIn">
<kw name="Should Be True" owner="BuiltIn">
<arg>${True}</arg>
<doc>Fails if the given condition is not true.</doc>
<status status="PASS" start="2024-05-17T17:13:59.268829" elapsed="0.000291"/>
</kw>
<arg>${json_data["results"][0]["location"]["coordinates"]["latitude"]} &gt;= -90 and ${json_data["results"][0]["location"]["coordinates"]["latitude"]} &lt;= 90</arg>
<arg>Should Be True</arg>
<arg>${True}</arg>
<doc>Runs the given keyword with the given arguments, if ``condition`` is true.</doc>
<status status="PASS" start="2024-05-17T17:13:59.268041" elapsed="0.001216"/>
</kw>
<kw name="Run Keyword If" owner="BuiltIn">
<kw name="Should Be True" owner="BuiltIn">
<arg>${True}</arg>
<doc>Fails if the given condition is not true.</doc>
<status status="PASS" start="2024-05-17T17:13:59.270205" elapsed="0.000162"/>
</kw>
<arg>${json_data["results"][0]["location"]["coordinates"]["longitude"]} &gt;= -180 and ${json_data["results"][0]["location"]["coordinates"]["longitude"]} &lt;= 180</arg>
<arg>Should Be True</arg>
<arg>${True}</arg>
<doc>Runs the given keyword with the given arguments, if ``condition`` is true.</doc>
<status status="PASS" start="2024-05-17T17:13:59.269454" elapsed="0.001041"/>
</kw>
<status status="PASS" start="2024-05-17T17:13:59.161707" elapsed="0.108926"/>
</kw>
<doc>Testa o conteúdo específico dos campos retornados pela API.</doc>
<tag>testeConteudo</tag>
<status status="PASS" start="2024-05-17T17:13:59.161107" elapsed="0.109689"/>
</test>
<status status="PASS" start="2024-05-17T17:13:58.342710" elapsed="0.930135"/>
</suite>
<status status="PASS" start="2024-05-17T17:13:58.328547" elapsed="0.950036"/>
</suite>
<statistics>
<total>
<stat pass="5" fail="0" skip="0">All Tests</stat>
</total>
<tag>
<stat pass="1" fail="0" skip="0">testeConteudo</stat>
<stat pass="1" fail="0" skip="0">testeEstruturaResposta</stat>
<stat pass="1" fail="0" skip="0">testeRequisicaoBasica</stat>
<stat pass="1" fail="0" skip="0">testeTiposDados</stat>
</tag>
<suite>
<stat pass="5" fail="0" skip="0" id="s1" name="Tests">Tests</stat>
<stat pass="5" fail="0" skip="0" id="s1-s1" name="Random-User-Test">Tests.Random-User-Test</stat>
</suite>
</statistics>
<errors>
</errors>
</robot>
