<?xml version="1.0" encoding="UTF-8"?>
<robot generator="Robot 7.0 (Python 3.12.3 on linux)" generated="2024-05-01T15:13:59.229940" rpa="false" schemaversion="5">
<suite id="s1" name="Tests" source="/home/runner/work/DesafioQAItauRogerioJordao/DesafioQAItauRogerioJordao/RamdonUser/tests">
<suite id="s1-s1" name="Random-User-Test" source="/home/runner/work/DesafioQAItauRogerioJordao/DesafioQAItauRogerioJordao/RamdonUser/tests/random-user-test.robot">
<test id="s1-s1-t1" name="Conectar" line="13">
<kw name="Conectar API" owner="random-user-service">
<kw name="Create Session" owner="RequestsLibrary">
<msg time="2024-05-01T15:13:59.594007" level="INFO">Creating Session using : alias=consultarAPI, url=https://randomuser.me/, headers={},                     cookies={}, auth=None, timeout=None, proxies=None, verify=False,                     debug=0 </msg>
<arg>consultarAPI</arg>
<arg>${URL}</arg>
<doc>Create Session: create a HTTP session to a server</doc>
<status status="PASS" start="2024-05-01T15:13:59.593819" elapsed="0.000356"/>
</kw>
<status status="PASS" start="2024-05-01T15:13:59.592899" elapsed="0.001619"/>
</kw>
<status status="PASS" start="2024-05-01T15:13:59.592283" elapsed="0.002423"/>
</test>
<test id="s1-s1-t2" name="Validar retorno 200 e JSON Válido" line="16">
<kw name="Teste de Requisicao Basica" owner="random-user-service">
<kw name="GET On Session" owner="RequestsLibrary">
<msg time="2024-05-01T15:13:59.822411" level="INFO">GET Request : url=https://randomuser.me/api 
 path_url=/api 
 headers={'User-Agent': 'python-requests/2.31.0', 'Accept-Encoding': 'gzip, deflate', 'Accept': '*/*', 'Connection': 'keep-alive'} 
 body=None 
 </msg>
<msg time="2024-05-01T15:13:59.822514" level="INFO">GET Response : url=https://randomuser.me/api 
 status=200, reason=OK 
 headers={'Date': 'Wed, 01 May 2024 15:13:59 GMT', 'Content-Type': 'application/json; charset=utf-8', 'Transfer-Encoding': 'chunked', 'Connection': 'keep-alive', 'X-Powered-By': 'Express', 'Access-Control-Allow-Origin': '*', 'Cache-Control': 'no-cache', 'ETag': 'W/"494-Aerltr5rjwK4WFe2Fw3WfssVudM"', 'Vary': 'Accept-Encoding', 'Content-Encoding': 'gzip', 'CF-Cache-Status': 'DYNAMIC', 'Report-To': '{"endpoints":[{"url":"https:\\/\\/a.nel.cloudflare.com\\/report\\/v4?s=JxfnnH5OCDE8Cwe8sY7yryNa449DFwk5ZX6SJWD3rbFaKFC4QIza3t79mQjb12FhYEs1b0CAXGZpG8Uazwk5mWI0LWDyrIKE3Sw3OYwdZbybKjjwlCRqE%2FaQNC6uXmz0"}],"group":"cf-nel","max_age":604800}', 'NEL': '{"success_fraction":0,"report_to":"cf-nel","max_age":604800}', 'Server': 'cloudflare', 'CF-RAY': '87d0b7fc6b6d07c4-IAD', 'alt-svc': 'h3=":443"; ma=86400'} 
 body={"results":[{"gender":"male","name":{"title":"Mr","first":"Franklim","last":"de Souza"},"location":{"street":{"number":744,"name":"Rua São Jorge "},"city":"Maracanaú","state":"São Paulo","country":"Brazil","postcode":85424,"coordinates":{"latitude":"-79.4890","longitude":"-138.8366"},"timezone":{"offset":"+7:00","description":"Bangkok, Hanoi, Jakarta"}},"email":"franklim.desouza@example.com","login":{"uuid":"65d1b8fd-2fe4-4512-a143-b7934b60e563","username":"goldenduck746","password":"baggins","salt":"j86swelj","md5":"718af12bf0fe6c2d50ad8550e6a5ee7f","sha1":"a349fe7b8298b3121d2bfe96881f7c06a275880d","sha256":"1d02016376be1daa60cb1e6eaeed8cc387d5688b2b669daa063157c28b6d60da"},"dob":{"date":"1971-01-13T12:47:14.043Z","age":53},"registered":{"date":"2014-06-27T00:55:21.240Z","age":9},"phone":"(27) 3083-4266","cell":"(05) 2009-5636","id":{"name":"CPF","value":"249.820.901-94"},"picture":{"large":"https://randomuser.me/api/portraits/men/20.jpg","medium":"https://randomuser.me/api/portraits/med/men/20.jpg","thumbnail":"https://randomuser.me/api/portraits/thumb/men/20.jpg"},"nat":"BR"}],"info":{"seed":"8e1ce57dc7211a7f","results":1,"page":1,"version":"1.4"}} 
 </msg>
<msg time="2024-05-01T15:13:59.822587" level="INFO">/opt/hostedtoolcache/Python/3.12.3/x64/lib/python3.12/site-packages/urllib3/connectionpool.py:1103: InsecureRequestWarning: Unverified HTTPS request is being made to host 'randomuser.me'. Adding certificate verification is strongly advised. See: https://urllib3.readthedocs.io/en/latest/advanced-usage.html#tls-warnings
  warnings.warn(</msg>
<msg time="2024-05-01T15:13:59.822702" level="INFO">${response} = &lt;Response [200]&gt;</msg>
<var>${response}</var>
<arg>consultarAPI</arg>
<arg>/api</arg>
<doc>Sends a GET request on a previously created HTTP Session.</doc>
<status status="PASS" start="2024-05-01T15:13:59.597355" elapsed="0.225392"/>
</kw>
<kw name="Should Be Equal As Numbers" owner="BuiltIn">
<msg time="2024-05-01T15:13:59.823804" level="INFO">Argument types are:
&lt;class 'int'&gt;
&lt;class 'str'&gt;</msg>
<arg>${response.status_code}</arg>
<arg>200</arg>
<doc>Fails if objects are unequal after converting them to real numbers.</doc>
<status status="PASS" start="2024-05-01T15:13:59.823301" elapsed="0.000567"/>
</kw>
<kw name="Log" owner="BuiltIn">
<msg time="2024-05-01T15:13:59.824590" level="INFO">200</msg>
<arg>${response.status_code}</arg>
<doc>Logs the given message with the given level.</doc>
<status status="PASS" start="2024-05-01T15:13:59.824191" elapsed="0.000442"/>
</kw>
<kw name="Set Variable" owner="BuiltIn">
<msg time="2024-05-01T15:13:59.825394" level="INFO">${json_data} = {'results': [{'gender': 'male', 'name': {'title': 'Mr', 'first': 'Franklim', 'last': 'de Souza'}, 'location': {'street': {'number': 744, 'name': 'Rua São Jorge '}, 'city': 'Maracanaú', 'state': 'São P...</msg>
<var>${json_data}</var>
<arg>${response.json()}</arg>
<doc>Returns the given values which can then be assigned to a variables.</doc>
<status status="PASS" start="2024-05-01T15:13:59.824937" elapsed="0.000485"/>
</kw>
<kw name="Dictionary Should Contain Key" owner="Collections">
<msg time="2024-05-01T15:13:59.825894" level="INFO">False</msg>
<arg>${json_data}</arg>
<arg>results</arg>
<doc>Fails if ``key`` is not found from ``dictionary``.</doc>
<status status="PASS" start="2024-05-01T15:13:59.825726" elapsed="0.000208"/>
</kw>
<status status="PASS" start="2024-05-01T15:13:59.597120" elapsed="0.229064"/>
</kw>
<doc>Testa se a API responde corretamente e retorna um objeto JSON válido.</doc>
<tag>testeRequisicaoBasica</tag>
<status status="PASS" start="2024-05-01T15:13:59.596600" elapsed="0.229755"/>
</test>
<test id="s1-s1-t3" name="Validar estrutura de resposta" line="22">
<kw name="Teste de Estrutura de Resposta" owner="random-user-service">
<kw name="GET On Session" owner="RequestsLibrary">
<msg time="2024-05-01T15:14:01.039861" level="INFO">GET Request : url=https://randomuser.me/api 
 path_url=/api 
 headers={'User-Agent': 'python-requests/2.31.0', 'Accept-Encoding': 'gzip, deflate', 'Accept': '*/*', 'Connection': 'keep-alive'} 
 body=None 
 </msg>
<msg time="2024-05-01T15:14:01.039966" level="INFO">GET Response : url=https://randomuser.me/api 
 status=200, reason=OK 
 headers={'Date': 'Wed, 01 May 2024 15:14:01 GMT', 'Content-Type': 'application/json; charset=utf-8', 'Transfer-Encoding': 'chunked', 'Connection': 'keep-alive', 'X-Powered-By': 'Express', 'Access-Control-Allow-Origin': '*', 'Cache-Control': 'no-cache', 'ETag': 'W/"48a-3tcQyaBaKGQKTHAPSqa6fF5OmWc"', 'Vary': 'Accept-Encoding', 'Content-Encoding': 'gzip', 'CF-Cache-Status': 'DYNAMIC', 'Report-To': '{"endpoints":[{"url":"https:\\/\\/a.nel.cloudflare.com\\/report\\/v4?s=EUmJEHEmYTYQtUg4UXsg%2FBfkr9hL9UAPrt1qQhOuNdbYwjyfZKBHgBgMdizgHait7ZzRVph9OM8s0JxZ29TKPihz1dItLIOL%2BT%2FZ4zKZgCDU5aX%2B037e80%2B1ZlsjtZjz"}],"group":"cf-nel","max_age":604800}', 'NEL': '{"success_fraction":0,"report_to":"cf-nel","max_age":604800}', 'Server': 'cloudflare', 'CF-RAY': '87d0b7fcfc0607c4-IAD', 'alt-svc': 'h3=":443"; ma=86400'} 
 body={"results":[{"gender":"male","name":{"title":"Mr","first":"Stanoje","last":"Glavaš"},"location":{"street":{"number":8426,"name":"Đorđa Nestorovića"},"city":"Ada","state":"West Bačka","country":"Serbia","postcode":93319,"coordinates":{"latitude":"58.9227","longitude":"-58.7714"},"timezone":{"offset":"+2:00","description":"Kaliningrad, South Africa"}},"email":"stanoje.glavas@example.com","login":{"uuid":"c28d30fe-b9fc-4fb3-bf57-35efd785564e","username":"goldenladybug319","password":"vegitto","salt":"TK7V8UoR","md5":"4b39ad0aab36cd501f6b3e98089c1db7","sha1":"76abe59810ceb8968719fc0bfff7c5fddd21439e","sha256":"3273d0722e55b0a40efcb368838a4a5aeea0665bb99dae32e4f5f80e72809eba"},"dob":{"date":"1964-11-18T16:31:11.440Z","age":59},"registered":{"date":"2020-04-14T09:26:26.228Z","age":4},"phone":"034-5333-288","cell":"060-7271-731","id":{"name":"SID","value":"027844997"},"picture":{"large":"https://randomuser.me/api/portraits/men/98.jpg","medium":"https://randomuser.me/api/portraits/med/men/98.jpg","thumbnail":"https://randomuser.me/api/portraits/thumb/men/98.jpg"},"nat":"RS"}],"info":{"seed":"891ed9af03aeaf73","results":1,"page":1,"version":"1.4"}} 
 </msg>
<msg time="2024-05-01T15:14:01.040093" level="INFO">/opt/hostedtoolcache/Python/3.12.3/x64/lib/python3.12/site-packages/urllib3/connectionpool.py:1103: InsecureRequestWarning: Unverified HTTPS request is being made to host 'randomuser.me'. Adding certificate verification is strongly advised. See: https://urllib3.readthedocs.io/en/latest/advanced-usage.html#tls-warnings
  warnings.warn(</msg>
<msg time="2024-05-01T15:14:01.040224" level="INFO">${response} = &lt;Response [200]&gt;</msg>
<var>${response}</var>
<arg>consultarAPI</arg>
<arg>/api</arg>
<doc>Sends a GET request on a previously created HTTP Session.</doc>
<status status="PASS" start="2024-05-01T15:13:59.829022" elapsed="1.211244"/>
</kw>
<kw name="Set Variable" owner="BuiltIn">
<msg time="2024-05-01T15:14:01.041366" level="INFO">${json_data} = {'results': [{'gender': 'male', 'name': {'title': 'Mr', 'first': 'Stanoje', 'last': 'Glavaš'}, 'location': {'street': {'number': 8426, 'name': 'Đorđa Nestorovića'}, 'city': 'Ada', 'state': 'West Bačka...</msg>
<var>${json_data}</var>
<arg>${response.json()}</arg>
<doc>Returns the given values which can then be assigned to a variables.</doc>
<status status="PASS" start="2024-05-01T15:14:01.040823" elapsed="0.000573"/>
</kw>
<kw name="Log" owner="BuiltIn">
<msg time="2024-05-01T15:14:01.041873" level="INFO">{'results': [{'gender': 'male', 'name': {'title': 'Mr', 'first': 'Stanoje', 'last': 'Glavaš'}, 'location': {'street': {'number': 8426, 'name': 'Đorđa Nestorovića'}, 'city': 'Ada', 'state': 'West Bačka', 'country': 'Serbia', 'postcode': 93319, 'coordinates': {'latitude': '58.9227', 'longitude': '-58.7714'}, 'timezone': {'offset': '+2:00', 'description': 'Kaliningrad, South Africa'}}, 'email': 'stanoje.glavas@example.com', 'login': {'uuid': 'c28d30fe-b9fc-4fb3-bf57-35efd785564e', 'username': 'goldenladybug319', 'password': 'vegitto', 'salt': 'TK7V8UoR', 'md5': '4b39ad0aab36cd501f6b3e98089c1db7', 'sha1': '76abe59810ceb8968719fc0bfff7c5fddd21439e', 'sha256': '3273d0722e55b0a40efcb368838a4a5aeea0665bb99dae32e4f5f80e72809eba'}, 'dob': {'date': '1964-11-18T16:31:11.440Z', 'age': 59}, 'registered': {'date': '2020-04-14T09:26:26.228Z', 'age': 4}, 'phone': '034-5333-288', 'cell': '060-7271-731', 'id': {'name': 'SID', 'value': '027844997'}, 'picture': {'large': 'https://randomuser.me/api/portraits/men/98.jpg', 'medium': 'https://randomuser.me/api/portraits/med/men/98.jpg', 'thumbnail': 'https://randomuser.me/api/portraits/thumb/men/98.jpg'}, 'nat': 'RS'}], 'info': {'seed': '891ed9af03aeaf73', 'results': 1, 'page': 1, 'version': '1.4'}}</msg>
<arg>${json_data}</arg>
<doc>Logs the given message with the given level.</doc>
<status status="PASS" start="2024-05-01T15:14:01.041704" elapsed="0.000220"/>
</kw>
<kw name="Dictionary Should Contain Key" owner="Collections">
<msg time="2024-05-01T15:14:01.042385" level="INFO">False</msg>
<arg>${json_data}</arg>
<arg>results</arg>
<doc>Fails if ``key`` is not found from ``dictionary``.</doc>
<status status="PASS" start="2024-05-01T15:14:01.042219" elapsed="0.000203"/>
</kw>
<kw name="Should Not Be Empty" owner="BuiltIn">
<msg time="2024-05-01T15:14:01.042836" level="INFO">Length is 2.</msg>
<arg>${json_data}</arg>
<doc>Verifies that the given item is not empty.</doc>
<status status="PASS" start="2024-05-01T15:14:01.042708" elapsed="0.000330"/>
</kw>
<kw name="Create List" owner="BuiltIn">
<msg time="2024-05-01T15:14:01.043484" level="INFO">${expected_keys} = ['gender', 'name', 'location', 'email', 'login']</msg>
<var>${expected_keys}</var>
<arg>gender</arg>
<arg>name</arg>
<arg>location</arg>
<arg>email</arg>
<arg>login</arg>
<doc>Returns a list containing given items.</doc>
<status status="PASS" start="2024-05-01T15:14:01.043331" elapsed="0.000177"/>
</kw>
<for flavor="IN">
<iter>
<kw name="Dictionary Should Contain Key" owner="Collections">
<msg time="2024-05-01T15:14:01.044532" level="INFO">False</msg>
<arg>${json_data['results'][0]}</arg>
<arg>${key}</arg>
<doc>Fails if ``key`` is not found from ``dictionary``.</doc>
<status status="PASS" start="2024-05-01T15:14:01.044097" elapsed="0.000474"/>
</kw>
<kw name="Log" owner="BuiltIn">
<msg time="2024-05-01T15:14:01.045237" level="INFO">{'gender': 'male', 'name': {'title': 'Mr', 'first': 'Stanoje', 'last': 'Glavaš'}, 'location': {'street': {'number': 8426, 'name': 'Đorđa Nestorovića'}, 'city': 'Ada', 'state': 'West Bačka', 'country': 'Serbia', 'postcode': 93319, 'coordinates': {'latitude': '58.9227', 'longitude': '-58.7714'}, 'timezone': {'offset': '+2:00', 'description': 'Kaliningrad, South Africa'}}, 'email': 'stanoje.glavas@example.com', 'login': {'uuid': 'c28d30fe-b9fc-4fb3-bf57-35efd785564e', 'username': 'goldenladybug319', 'password': 'vegitto', 'salt': 'TK7V8UoR', 'md5': '4b39ad0aab36cd501f6b3e98089c1db7', 'sha1': '76abe59810ceb8968719fc0bfff7c5fddd21439e', 'sha256': '3273d0722e55b0a40efcb368838a4a5aeea0665bb99dae32e4f5f80e72809eba'}, 'dob': {'date': '1964-11-18T16:31:11.440Z', 'age': 59}, 'registered': {'date': '2020-04-14T09:26:26.228Z', 'age': 4}, 'phone': '034-5333-288', 'cell': '060-7271-731', 'id': {'name': 'SID', 'value': '027844997'}, 'picture': {'large': 'https://randomuser.me/api/portraits/men/98.jpg', 'medium': 'https://randomuser.me/api/portraits/med/men/98.jpg', 'thumbnail': 'https://randomuser.me/api/portraits/thumb/men/98.jpg'}, 'nat': 'RS'}</msg>
<arg>${json_data['results'][0]}</arg>
<doc>Logs the given message with the given level.</doc>
<status status="PASS" start="2024-05-01T15:14:01.044871" elapsed="0.000416"/>
</kw>
<kw name="Log" owner="BuiltIn">
<msg time="2024-05-01T15:14:01.045709" level="INFO">gender</msg>
<arg>${key}</arg>
<doc>Logs the given message with the given level.</doc>
<status status="PASS" start="2024-05-01T15:14:01.045582" elapsed="0.000163"/>
</kw>
<var name="${key}">gender</var>
<status status="PASS" start="2024-05-01T15:14:01.043970" elapsed="0.001985"/>
</iter>
<iter>
<kw name="Dictionary Should Contain Key" owner="Collections">
<msg time="2024-05-01T15:14:01.046641" level="INFO">False</msg>
<arg>${json_data['results'][0]}</arg>
<arg>${key}</arg>
<doc>Fails if ``key`` is not found from ``dictionary``.</doc>
<status status="PASS" start="2024-05-01T15:14:01.046254" elapsed="0.000424"/>
</kw>
<kw name="Log" owner="BuiltIn">
<msg time="2024-05-01T15:14:01.047382" level="INFO">{'gender': 'male', 'name': {'title': 'Mr', 'first': 'Stanoje', 'last': 'Glavaš'}, 'location': {'street': {'number': 8426, 'name': 'Đorđa Nestorovića'}, 'city': 'Ada', 'state': 'West Bačka', 'country': 'Serbia', 'postcode': 93319, 'coordinates': {'latitude': '58.9227', 'longitude': '-58.7714'}, 'timezone': {'offset': '+2:00', 'description': 'Kaliningrad, South Africa'}}, 'email': 'stanoje.glavas@example.com', 'login': {'uuid': 'c28d30fe-b9fc-4fb3-bf57-35efd785564e', 'username': 'goldenladybug319', 'password': 'vegitto', 'salt': 'TK7V8UoR', 'md5': '4b39ad0aab36cd501f6b3e98089c1db7', 'sha1': '76abe59810ceb8968719fc0bfff7c5fddd21439e', 'sha256': '3273d0722e55b0a40efcb368838a4a5aeea0665bb99dae32e4f5f80e72809eba'}, 'dob': {'date': '1964-11-18T16:31:11.440Z', 'age': 59}, 'registered': {'date': '2020-04-14T09:26:26.228Z', 'age': 4}, 'phone': '034-5333-288', 'cell': '060-7271-731', 'id': {'name': 'SID', 'value': '027844997'}, 'picture': {'large': 'https://randomuser.me/api/portraits/men/98.jpg', 'medium': 'https://randomuser.me/api/portraits/med/men/98.jpg', 'thumbnail': 'https://randomuser.me/api/portraits/thumb/men/98.jpg'}, 'nat': 'RS'}</msg>
<arg>${json_data['results'][0]}</arg>
<doc>Logs the given message with the given level.</doc>
<status status="PASS" start="2024-05-01T15:14:01.046996" elapsed="0.000435"/>
</kw>
<kw name="Log" owner="BuiltIn">
<msg time="2024-05-01T15:14:01.047854" level="INFO">name</msg>
<arg>${key}</arg>
<doc>Logs the given message with the given level.</doc>
<status status="PASS" start="2024-05-01T15:14:01.047728" elapsed="0.000163"/>
</kw>
<var name="${key}">name</var>
<status status="PASS" start="2024-05-01T15:14:01.046140" elapsed="0.001962"/>
</iter>
<iter>
<kw name="Dictionary Should Contain Key" owner="Collections">
<msg time="2024-05-01T15:14:01.048832" level="INFO">False</msg>
<arg>${json_data['results'][0]}</arg>
<arg>${key}</arg>
<doc>Fails if ``key`` is not found from ``dictionary``.</doc>
<status status="PASS" start="2024-05-01T15:14:01.048424" elapsed="0.000445"/>
</kw>
<kw name="Log" owner="BuiltIn">
<msg time="2024-05-01T15:14:01.049528" level="INFO">{'gender': 'male', 'name': {'title': 'Mr', 'first': 'Stanoje', 'last': 'Glavaš'}, 'location': {'street': {'number': 8426, 'name': 'Đorđa Nestorovića'}, 'city': 'Ada', 'state': 'West Bačka', 'country': 'Serbia', 'postcode': 93319, 'coordinates': {'latitude': '58.9227', 'longitude': '-58.7714'}, 'timezone': {'offset': '+2:00', 'description': 'Kaliningrad, South Africa'}}, 'email': 'stanoje.glavas@example.com', 'login': {'uuid': 'c28d30fe-b9fc-4fb3-bf57-35efd785564e', 'username': 'goldenladybug319', 'password': 'vegitto', 'salt': 'TK7V8UoR', 'md5': '4b39ad0aab36cd501f6b3e98089c1db7', 'sha1': '76abe59810ceb8968719fc0bfff7c5fddd21439e', 'sha256': '3273d0722e55b0a40efcb368838a4a5aeea0665bb99dae32e4f5f80e72809eba'}, 'dob': {'date': '1964-11-18T16:31:11.440Z', 'age': 59}, 'registered': {'date': '2020-04-14T09:26:26.228Z', 'age': 4}, 'phone': '034-5333-288', 'cell': '060-7271-731', 'id': {'name': 'SID', 'value': '027844997'}, 'picture': {'large': 'https://randomuser.me/api/portraits/men/98.jpg', 'medium': 'https://randomuser.me/api/portraits/med/men/98.jpg', 'thumbnail': 'https://randomuser.me/api/portraits/thumb/men/98.jpg'}, 'nat': 'RS'}</msg>
<arg>${json_data['results'][0]}</arg>
<doc>Logs the given message with the given level.</doc>
<status status="PASS" start="2024-05-01T15:14:01.049167" elapsed="0.000411"/>
</kw>
<kw name="Log" owner="BuiltIn">
<msg time="2024-05-01T15:14:01.049990" level="INFO">location</msg>
<arg>${key}</arg>
<doc>Logs the given message with the given level.</doc>
<status status="PASS" start="2024-05-01T15:14:01.049867" elapsed="0.000160"/>
</kw>
<var name="${key}">location</var>
<status status="PASS" start="2024-05-01T15:14:01.048276" elapsed="0.001980"/>
</iter>
<iter>
<kw name="Dictionary Should Contain Key" owner="Collections">
<msg time="2024-05-01T15:14:01.050944" level="INFO">False</msg>
<arg>${json_data['results'][0]}</arg>
<arg>${key}</arg>
<doc>Fails if ``key`` is not found from ``dictionary``.</doc>
<status status="PASS" start="2024-05-01T15:14:01.050553" elapsed="0.000427"/>
</kw>
<kw name="Log" owner="BuiltIn">
<msg time="2024-05-01T15:14:01.051646" level="INFO">{'gender': 'male', 'name': {'title': 'Mr', 'first': 'Stanoje', 'last': 'Glavaš'}, 'location': {'street': {'number': 8426, 'name': 'Đorđa Nestorovića'}, 'city': 'Ada', 'state': 'West Bačka', 'country': 'Serbia', 'postcode': 93319, 'coordinates': {'latitude': '58.9227', 'longitude': '-58.7714'}, 'timezone': {'offset': '+2:00', 'description': 'Kaliningrad, South Africa'}}, 'email': 'stanoje.glavas@example.com', 'login': {'uuid': 'c28d30fe-b9fc-4fb3-bf57-35efd785564e', 'username': 'goldenladybug319', 'password': 'vegitto', 'salt': 'TK7V8UoR', 'md5': '4b39ad0aab36cd501f6b3e98089c1db7', 'sha1': '76abe59810ceb8968719fc0bfff7c5fddd21439e', 'sha256': '3273d0722e55b0a40efcb368838a4a5aeea0665bb99dae32e4f5f80e72809eba'}, 'dob': {'date': '1964-11-18T16:31:11.440Z', 'age': 59}, 'registered': {'date': '2020-04-14T09:26:26.228Z', 'age': 4}, 'phone': '034-5333-288', 'cell': '060-7271-731', 'id': {'name': 'SID', 'value': '027844997'}, 'picture': {'large': 'https://randomuser.me/api/portraits/men/98.jpg', 'medium': 'https://randomuser.me/api/portraits/med/men/98.jpg', 'thumbnail': 'https://randomuser.me/api/portraits/thumb/men/98.jpg'}, 'nat': 'RS'}</msg>
<arg>${json_data['results'][0]}</arg>
<doc>Logs the given message with the given level.</doc>
<status status="PASS" start="2024-05-01T15:14:01.051281" elapsed="0.000416"/>
</kw>
<kw name="Log" owner="BuiltIn">
<msg time="2024-05-01T15:14:01.052113" level="INFO">email</msg>
<arg>${key}</arg>
<doc>Logs the given message with the given level.</doc>
<status status="PASS" start="2024-05-01T15:14:01.051988" elapsed="0.000161"/>
</kw>
<var name="${key}">email</var>
<status status="PASS" start="2024-05-01T15:14:01.050423" elapsed="0.001958"/>
</iter>
<iter>
<kw name="Dictionary Should Contain Key" owner="Collections">
<msg time="2024-05-01T15:14:01.053098" level="INFO">False</msg>
<arg>${json_data['results'][0]}</arg>
<arg>${key}</arg>
<doc>Fails if ``key`` is not found from ``dictionary``.</doc>
<status status="PASS" start="2024-05-01T15:14:01.052704" elapsed="0.000430"/>
</kw>
<kw name="Log" owner="BuiltIn">
<msg time="2024-05-01T15:14:01.053793" level="INFO">{'gender': 'male', 'name': {'title': 'Mr', 'first': 'Stanoje', 'last': 'Glavaš'}, 'location': {'street': {'number': 8426, 'name': 'Đorđa Nestorovića'}, 'city': 'Ada', 'state': 'West Bačka', 'country': 'Serbia', 'postcode': 93319, 'coordinates': {'latitude': '58.9227', 'longitude': '-58.7714'}, 'timezone': {'offset': '+2:00', 'description': 'Kaliningrad, South Africa'}}, 'email': 'stanoje.glavas@example.com', 'login': {'uuid': 'c28d30fe-b9fc-4fb3-bf57-35efd785564e', 'username': 'goldenladybug319', 'password': 'vegitto', 'salt': 'TK7V8UoR', 'md5': '4b39ad0aab36cd501f6b3e98089c1db7', 'sha1': '76abe59810ceb8968719fc0bfff7c5fddd21439e', 'sha256': '3273d0722e55b0a40efcb368838a4a5aeea0665bb99dae32e4f5f80e72809eba'}, 'dob': {'date': '1964-11-18T16:31:11.440Z', 'age': 59}, 'registered': {'date': '2020-04-14T09:26:26.228Z', 'age': 4}, 'phone': '034-5333-288', 'cell': '060-7271-731', 'id': {'name': 'SID', 'value': '027844997'}, 'picture': {'large': 'https://randomuser.me/api/portraits/men/98.jpg', 'medium': 'https://randomuser.me/api/portraits/med/men/98.jpg', 'thumbnail': 'https://randomuser.me/api/portraits/thumb/men/98.jpg'}, 'nat': 'RS'}</msg>
<arg>${json_data['results'][0]}</arg>
<doc>Logs the given message with the given level.</doc>
<status status="PASS" start="2024-05-01T15:14:01.053429" elapsed="0.000413"/>
</kw>
<kw name="Log" owner="BuiltIn">
<msg time="2024-05-01T15:14:01.054257" level="INFO">login</msg>
<arg>${key}</arg>
<doc>Logs the given message with the given level.</doc>
<status status="PASS" start="2024-05-01T15:14:01.054133" elapsed="0.000161"/>
</kw>
<var name="${key}">login</var>
<status status="PASS" start="2024-05-01T15:14:01.052564" elapsed="0.001968"/>
</iter>
<var>${key}</var>
<value>@{expected_keys}</value>
<status status="PASS" start="2024-05-01T15:14:01.043768" elapsed="0.010889"/>
</for>
<kw name="Create List" owner="BuiltIn">
<msg time="2024-05-01T15:14:01.054983" level="INFO">${expected_keysTwo} = ['username', 'password']</msg>
<var>${expected_keysTwo}</var>
<arg>username</arg>
<arg>password</arg>
<doc>Returns a list containing given items.</doc>
<status status="PASS" start="2024-05-01T15:14:01.054849" elapsed="0.000158"/>
</kw>
<for flavor="IN">
<iter>
<kw name="Dictionary Should Contain Key" owner="Collections">
<msg time="2024-05-01T15:14:01.055884" level="INFO">False</msg>
<arg>${json_data['results'][0]['login']}</arg>
<arg>${keyTwo}</arg>
<doc>Fails if ``key`` is not found from ``dictionary``.</doc>
<status status="PASS" start="2024-05-01T15:14:01.055496" elapsed="0.000424"/>
</kw>
<kw name="Dictionary Should Contain Key" owner="Collections">
<msg time="2024-05-01T15:14:01.056623" level="INFO">False</msg>
<arg>${json_data['results'][0]['login']}</arg>
<arg>${keyTwo}</arg>
<doc>Fails if ``key`` is not found from ``dictionary``.</doc>
<status status="PASS" start="2024-05-01T15:14:01.056211" elapsed="0.000449"/>
</kw>
<kw name="Log" owner="BuiltIn">
<msg time="2024-05-01T15:14:01.057073" level="INFO">username</msg>
<arg>${keyTwo}</arg>
<doc>Logs the given message with the given level.</doc>
<status status="PASS" start="2024-05-01T15:14:01.056947" elapsed="0.000168"/>
</kw>
<var name="${keyTwo}">username</var>
<status status="PASS" start="2024-05-01T15:14:01.055386" elapsed="0.001941"/>
</iter>
<iter>
<kw name="Dictionary Should Contain Key" owner="Collections">
<msg time="2024-05-01T15:14:01.058068" level="INFO">False</msg>
<arg>${json_data['results'][0]['login']}</arg>
<arg>${keyTwo}</arg>
<doc>Fails if ``key`` is not found from ``dictionary``.</doc>
<status status="PASS" start="2024-05-01T15:14:01.057601" elapsed="0.000507"/>
</kw>
<kw name="Dictionary Should Contain Key" owner="Collections">
<msg time="2024-05-01T15:14:01.058787" level="INFO">False</msg>
<arg>${json_data['results'][0]['login']}</arg>
<arg>${keyTwo}</arg>
<doc>Fails if ``key`` is not found from ``dictionary``.</doc>
<status status="PASS" start="2024-05-01T15:14:01.058400" elapsed="0.000422"/>
</kw>
<kw name="Log" owner="BuiltIn">
<msg time="2024-05-01T15:14:01.059238" level="INFO">password</msg>
<arg>${keyTwo}</arg>
<doc>Logs the given message with the given level.</doc>
<status status="PASS" start="2024-05-01T15:14:01.059112" elapsed="0.000163"/>
</kw>
<var name="${keyTwo}">password</var>
<status status="PASS" start="2024-05-01T15:14:01.057493" elapsed="0.001991"/>
</iter>
<var>${keyTwo}</var>
<value>@{expected_keysTwo}</value>
<status status="PASS" start="2024-05-01T15:14:01.055238" elapsed="0.004363"/>
</for>
<status status="PASS" start="2024-05-01T15:13:59.828787" elapsed="1.230953"/>
</kw>
<doc>Testa a estrutura da resposta da API.</doc>
<tag>testeEstruturaResposta</tag>
<status status="PASS" start="2024-05-01T15:13:59.828186" elapsed="1.231709"/>
</test>
<test id="s1-s1-t4" name="Validar tipos de dados" line="28">
<kw name="Teste de Tipos de Dados" owner="random-user-service">
<kw name="GET On Session" owner="RequestsLibrary">
<msg time="2024-05-01T15:14:01.764921" level="INFO">GET Request : url=https://randomuser.me/api 
 path_url=/api 
 headers={'User-Agent': 'python-requests/2.31.0', 'Accept-Encoding': 'gzip, deflate', 'Accept': '*/*', 'Connection': 'keep-alive'} 
 body=None 
 </msg>
<msg time="2024-05-01T15:14:01.764993" level="INFO">GET Response : url=https://randomuser.me/api 
 status=200, reason=OK 
 headers={'Date': 'Wed, 01 May 2024 15:14:01 GMT', 'Content-Type': 'application/json; charset=utf-8', 'Transfer-Encoding': 'chunked', 'Connection': 'keep-alive', 'X-Powered-By': 'Express', 'Access-Control-Allow-Origin': '*', 'Cache-Control': 'no-cache', 'ETag': 'W/"479-qZjgXi9G5Ig37IFzbvkHwAdE8WQ"', 'Vary': 'Accept-Encoding', 'Content-Encoding': 'gzip', 'CF-Cache-Status': 'DYNAMIC', 'Report-To': '{"endpoints":[{"url":"https:\\/\\/a.nel.cloudflare.com\\/report\\/v4?s=1LeJQsjcqneBcn7hYkFewlmen7PjNS7VbCLCstqJ3539wi8v4dSPgbZ%2BHhR4yuKAQpUT9eGPvo1q8a5Vrtl%2B9sYmqjRM0lafFK24gDj%2F3%2FC8smQEPVgAHzCC0O0798LD"}],"group":"cf-nel","max_age":604800}', 'NEL': '{"success_fraction":0,"report_to":"cf-nel","max_age":604800}', 'Server': 'cloudflare', 'CF-RAY': '87d0b804adf007c4-IAD', 'alt-svc': 'h3=":443"; ma=86400'} 
 body={"results":[{"gender":"male","name":{"title":"Mr","first":"Ethan","last":"Novak"},"location":{"street":{"number":400,"name":"Maple Ave"},"city":"Borden","state":"Newfoundland and Labrador","country":"Canada","postcode":"D2N 0T0","coordinates":{"latitude":"-65.4341","longitude":"-27.1467"},"timezone":{"offset":"+5:45","description":"Kathmandu"}},"email":"ethan.novak@example.com","login":{"uuid":"5bc0a158-2129-45d9-9ece-830adc9a5517","username":"smalltiger563","password":"twins","salt":"kgkJvYJw","md5":"411e3a4a3ded183da5d66e905f6de805","sha1":"6b8022259550c5b538354c39e5e4685d1926f9c6","sha256":"48a01c4cc75fe681a06251c702aad63eb0d50d4437e746ef713645a003fc5461"},"dob":{"date":"1956-05-21T00:11:13.257Z","age":67},"registered":{"date":"2003-06-14T16:50:57.773Z","age":20},"phone":"V76 Q33-0434","cell":"K84 L34-0199","id":{"name":"SIN","value":"900213851"},"picture":{"large":"https://randomuser.me/api/portraits/men/68.jpg","medium":"https://randomuser.me/api/portraits/med/men/68.jpg","thumbnail":"https://randomuser.me/api/portraits/thumb/men/68.jpg"},"nat":"CA"}],"info":{"seed":"d4844eca1e9c2c5b","results":1,"page":1,"version":"1.4"}} 
 </msg>
<msg time="2024-05-01T15:14:01.765050" level="INFO">/opt/hostedtoolcache/Python/3.12.3/x64/lib/python3.12/site-packages/urllib3/connectionpool.py:1103: InsecureRequestWarning: Unverified HTTPS request is being made to host 'randomuser.me'. Adding certificate verification is strongly advised. See: https://urllib3.readthedocs.io/en/latest/advanced-usage.html#tls-warnings
  warnings.warn(</msg>
<msg time="2024-05-01T15:14:01.765138" level="INFO">${response} = &lt;Response [200]&gt;</msg>
<var>${response}</var>
<arg>consultarAPI</arg>
<arg>/api</arg>
<doc>Sends a GET request on a previously created HTTP Session.</doc>
<status status="PASS" start="2024-05-01T15:14:01.062366" elapsed="0.702806"/>
</kw>
<kw name="Set Variable" owner="BuiltIn">
<msg time="2024-05-01T15:14:01.766015" level="INFO">${json_data} = {'results': [{'gender': 'male', 'name': {'title': 'Mr', 'first': 'Ethan', 'last': 'Novak'}, 'location': {'street': {'number': 400, 'name': 'Maple Ave'}, 'city': 'Borden', 'state': 'Newfoundland and La...</msg>
<var>${json_data}</var>
<arg>${response.json()}</arg>
<doc>Returns the given values which can then be assigned to a variables.</doc>
<status status="PASS" start="2024-05-01T15:14:01.765556" elapsed="0.000487"/>
</kw>
<kw name="Log" owner="BuiltIn">
<msg time="2024-05-01T15:14:01.766492" level="INFO">{'results': [{'gender': 'male', 'name': {'title': 'Mr', 'first': 'Ethan', 'last': 'Novak'}, 'location': {'street': {'number': 400, 'name': 'Maple Ave'}, 'city': 'Borden', 'state': 'Newfoundland and Labrador', 'country': 'Canada', 'postcode': 'D2N 0T0', 'coordinates': {'latitude': '-65.4341', 'longitude': '-27.1467'}, 'timezone': {'offset': '+5:45', 'description': 'Kathmandu'}}, 'email': 'ethan.novak@example.com', 'login': {'uuid': '5bc0a158-2129-45d9-9ece-830adc9a5517', 'username': 'smalltiger563', 'password': 'twins', 'salt': 'kgkJvYJw', 'md5': '411e3a4a3ded183da5d66e905f6de805', 'sha1': '6b8022259550c5b538354c39e5e4685d1926f9c6', 'sha256': '48a01c4cc75fe681a06251c702aad63eb0d50d4437e746ef713645a003fc5461'}, 'dob': {'date': '1956-05-21T00:11:13.257Z', 'age': 67}, 'registered': {'date': '2003-06-14T16:50:57.773Z', 'age': 20}, 'phone': 'V76 Q33-0434', 'cell': 'K84 L34-0199', 'id': {'name': 'SIN', 'value': '900213851'}, 'picture': {'large': 'https://randomuser.me/api/portraits/men/68.jpg', 'medium': 'https://randomuser.me/api/portraits/med/men/68.jpg', 'thumbnail': 'https://randomuser.me/api/portraits/thumb/men/68.jpg'}, 'nat': 'CA'}], 'info': {'seed': 'd4844eca1e9c2c5b', 'results': 1, 'page': 1, 'version': '1.4'}}</msg>
<arg>${json_data}</arg>
<doc>Logs the given message with the given level.</doc>
<status status="PASS" start="2024-05-01T15:14:01.766343" elapsed="0.000228"/>
</kw>
<kw name="Should Be String" owner="String">
<arg>${json_data['results'][0]['gender']}</arg>
<doc>Fails if the given ``item`` is not a string.</doc>
<status status="PASS" start="2024-05-01T15:14:01.766862" elapsed="0.000362"/>
</kw>
<kw name="Should Match Regexp" owner="BuiltIn">
<arg>${json_data['results'][0]['email']}</arg>
<arg>^[a-zA-Z0-9._%+-]+@[a-zA-Z0-9.-]+\.[a-zA-Z]{2,}$</arg>
<doc>Fails if ``string`` does not match ``pattern`` as a regular expression.</doc>
<status status="PASS" start="2024-05-01T15:14:01.767413" elapsed="0.000511"/>
</kw>
<kw name="Should Match Regexp" owner="BuiltIn">
<arg>${json_data['results'][0]['dob']['date']}</arg>
<arg>\\d{4}-\\d{2}-\\d{2}T\\d{2}:\\d{2}:\\d{2}\\.\\d{3}Z</arg>
<doc>Fails if ``string`` does not match ``pattern`` as a regular expression.</doc>
<status status="PASS" start="2024-05-01T15:14:01.768117" elapsed="0.000519"/>
</kw>
<kw name="Should Match Regexp" owner="BuiltIn">
<arg>${json_data['results'][0]['registered']['date']}</arg>
<arg>\\d{4}-\\d{2}-\\d{2}T\\d{2}:\\d{2}:\\d{2}\\.\\d{3}Z</arg>
<doc>Fails if ``string`` does not match ``pattern`` as a regular expression.</doc>
<status status="PASS" start="2024-05-01T15:14:01.768827" elapsed="0.000370"/>
</kw>
<kw name="Should Match Regexp" owner="BuiltIn">
<arg>${json_data['results'][0]['picture']['large']}</arg>
<arg>^https?://.*\.(?:png|jpe?g|gif|bmp)$</arg>
<doc>Fails if ``string`` does not match ``pattern`` as a regular expression.</doc>
<status status="PASS" start="2024-05-01T15:14:01.769385" elapsed="0.000456"/>
</kw>
<kw name="Should Match Regexp" owner="BuiltIn">
<arg>${json_data['results'][0]['picture']['medium']}</arg>
<arg>^https?://.*\.(?:png|jpe?g|gif|bmp)$</arg>
<doc>Fails if ``string`` does not match ``pattern`` as a regular expression.</doc>
<status status="PASS" start="2024-05-01T15:14:01.770029" elapsed="0.000353"/>
</kw>
<kw name="Should Match Regexp" owner="BuiltIn">
<arg>${json_data['results'][0]['picture']['thumbnail']}</arg>
<arg>^https?://.*\.(?:png|jpe?g|gif|bmp)$</arg>
<doc>Fails if ``string`` does not match ``pattern`` as a regular expression.</doc>
<status status="PASS" start="2024-05-01T15:14:01.770568" elapsed="0.000345"/>
</kw>
<kw name="Log" owner="BuiltIn">
<msg time="2024-05-01T15:14:01.771416" level="INFO">{'large': 'https://randomuser.me/api/portraits/men/68.jpg', 'medium': 'https://randomuser.me/api/portraits/med/men/68.jpg', 'thumbnail': 'https://randomuser.me/api/portraits/thumb/men/68.jpg'}</msg>
<arg>${json_data['results'][0]['picture']}</arg>
<doc>Logs the given message with the given level.</doc>
<status status="PASS" start="2024-05-01T15:14:01.771089" elapsed="0.000366"/>
</kw>
<status status="PASS" start="2024-05-01T15:14:01.062138" elapsed="0.709569"/>
</kw>
<kw name="Teste de Tipos de Dados - Postcode" owner="random-user-service">
<kw name="GET On Session" owner="RequestsLibrary">
<msg time="2024-05-01T15:14:01.975880" level="INFO">GET Request : url=https://randomuser.me/api 
 path_url=/api 
 headers={'User-Agent': 'python-requests/2.31.0', 'Accept-Encoding': 'gzip, deflate', 'Accept': '*/*', 'Connection': 'keep-alive'} 
 body=None 
 </msg>
<msg time="2024-05-01T15:14:01.975960" level="INFO">GET Response : url=https://randomuser.me/api 
 status=200, reason=OK 
 headers={'Date': 'Wed, 01 May 2024 15:14:01 GMT', 'Content-Type': 'application/json; charset=utf-8', 'Transfer-Encoding': 'chunked', 'Connection': 'keep-alive', 'X-Powered-By': 'Express', 'Access-Control-Allow-Origin': '*', 'Cache-Control': 'no-cache', 'ETag': 'W/"47c-wMLyClFNwYSrVSAlXSGINluoDSk"', 'Vary': 'Accept-Encoding', 'Content-Encoding': 'gzip', 'CF-Cache-Status': 'DYNAMIC', 'Report-To': '{"endpoints":[{"url":"https:\\/\\/a.nel.cloudflare.com\\/report\\/v4?s=apbSikbHTcz9I3VqQ%2FCU9tVU97YJJudTrMvxjDUrrP8CdfVoCbVW%2F8g6DnzvbDWJdHmmTCOmNJ1bytRVi7NCZHT3T1AJJUPvN7Izppii%2FmnF71SXBpZ9UV5ndnrXuxuo"}],"group":"cf-nel","max_age":604800}', 'NEL': '{"success_fraction":0,"report_to":"cf-nel","max_age":604800}', 'Server': 'cloudflare', 'CF-RAY': '87d0b8091b4307c4-IAD', 'alt-svc': 'h3=":443"; ma=86400'} 
 body={"results":[{"gender":"female","name":{"title":"Ms","first":"Almuth","last":"Heuser"},"location":{"street":{"number":7995,"name":"Mozartstraße"},"city":"Merseburg","state":"Berlin","country":"Germany","postcode":80513,"coordinates":{"latitude":"-52.8723","longitude":"145.7048"},"timezone":{"offset":"-9:00","description":"Alaska"}},"email":"almuth.heuser@example.com","login":{"uuid":"05d1ca82-c1f1-491c-8553-f518dee8f33a","username":"brownwolf413","password":"electra","salt":"f8fJgXHu","md5":"0f08d2f8324d97b928c87891af284aaa","sha1":"618e259085f41c1e901037576425fa736b359c65","sha256":"69dae58200c04100e2ac6b6b8be00c585d4360cb6941dc697aa93b6fd866cefd"},"dob":{"date":"1948-03-16T14:24:07.870Z","age":76},"registered":{"date":"2013-05-12T00:50:05.513Z","age":10},"phone":"0995-9126324","cell":"0173-2123970","id":{"name":"SVNR","value":"58 160348 H 631"},"picture":{"large":"https://randomuser.me/api/portraits/women/83.jpg","medium":"https://randomuser.me/api/portraits/med/women/83.jpg","thumbnail":"https://randomuser.me/api/portraits/thumb/women/83.jpg"},"nat":"DE"}],"info":{"seed":"436c5f75fe2b9c00","results":1,"page":1,"version":"1.4"}} 
 </msg>
<msg time="2024-05-01T15:14:01.976034" level="INFO">/opt/hostedtoolcache/Python/3.12.3/x64/lib/python3.12/site-packages/urllib3/connectionpool.py:1103: InsecureRequestWarning: Unverified HTTPS request is being made to host 'randomuser.me'. Adding certificate verification is strongly advised. See: https://urllib3.readthedocs.io/en/latest/advanced-usage.html#tls-warnings
  warnings.warn(</msg>
<msg time="2024-05-01T15:14:01.976139" level="INFO">${response} = &lt;Response [200]&gt;</msg>
<var>${response}</var>
<arg>consultarAPI</arg>
<arg>/api</arg>
<doc>Sends a GET request on a previously created HTTP Session.</doc>
<status status="PASS" start="2024-05-01T15:14:01.772137" elapsed="0.204039"/>
</kw>
<kw name="Set Variable" owner="BuiltIn">
<msg time="2024-05-01T15:14:01.977086" level="INFO">${json_data} = {'results': [{'gender': 'female', 'name': {'title': 'Ms', 'first': 'Almuth', 'last': 'Heuser'}, 'location': {'street': {'number': 7995, 'name': 'Mozartstraße'}, 'city': 'Merseburg', 'state': 'Berlin',...</msg>
<var>${json_data}</var>
<arg>${response.json()}</arg>
<doc>Returns the given values which can then be assigned to a variables.</doc>
<status status="PASS" start="2024-05-01T15:14:01.976604" elapsed="0.000519"/>
</kw>
<kw name="Log" owner="BuiltIn">
<msg time="2024-05-01T15:14:01.977591" level="INFO">{'results': [{'gender': 'female', 'name': {'title': 'Ms', 'first': 'Almuth', 'last': 'Heuser'}, 'location': {'street': {'number': 7995, 'name': 'Mozartstraße'}, 'city': 'Merseburg', 'state': 'Berlin', 'country': 'Germany', 'postcode': 80513, 'coordinates': {'latitude': '-52.8723', 'longitude': '145.7048'}, 'timezone': {'offset': '-9:00', 'description': 'Alaska'}}, 'email': 'almuth.heuser@example.com', 'login': {'uuid': '05d1ca82-c1f1-491c-8553-f518dee8f33a', 'username': 'brownwolf413', 'password': 'electra', 'salt': 'f8fJgXHu', 'md5': '0f08d2f8324d97b928c87891af284aaa', 'sha1': '618e259085f41c1e901037576425fa736b359c65', 'sha256': '69dae58200c04100e2ac6b6b8be00c585d4360cb6941dc697aa93b6fd866cefd'}, 'dob': {'date': '1948-03-16T14:24:07.870Z', 'age': 76}, 'registered': {'date': '2013-05-12T00:50:05.513Z', 'age': 10}, 'phone': '0995-9126324', 'cell': '0173-2123970', 'id': {'name': 'SVNR', 'value': '58 160348 H 631'}, 'picture': {'large': 'https://randomuser.me/api/portraits/women/83.jpg', 'medium': 'https://randomuser.me/api/portraits/med/women/83.jpg', 'thumbnail': 'https://randomuser.me/api/portraits/thumb/women/83.jpg'}, 'nat': 'DE'}], 'info': {'seed': '436c5f75fe2b9c00', 'results': 1, 'page': 1, 'version': '1.4'}}</msg>
<arg>${json_data}</arg>
<doc>Logs the given message with the given level.</doc>
<status status="PASS" start="2024-05-01T15:14:01.977436" elapsed="0.000234"/>
</kw>
<kw name="Should Be Equal As Numbers" owner="BuiltIn">
<arg>${json_data['results'][0]['location']['postcode']}</arg>
<arg>${json_data['results'][0]['location']['postcode']}</arg>
<doc>Fails if objects are unequal after converting them to real numbers.</doc>
<status status="PASS" start="2024-05-01T15:14:01.978103" elapsed="0.000621"/>
</kw>
<kw name="Log" owner="BuiltIn">
<msg time="2024-05-01T15:14:01.979251" level="INFO">80513</msg>
<arg>${json_data['results'][0]['location']['postcode']}</arg>
<doc>Logs the given message with the given level.</doc>
<status status="PASS" start="2024-05-01T15:14:01.978914" elapsed="0.000375"/>
</kw>
<status status="PASS" start="2024-05-01T15:14:01.771919" elapsed="0.207616"/>
</kw>
<doc>Testa se os tipos de dados na resposta da API estão corretos.</doc>
<tag>testeTiposDados</tag>
<status status="PASS" start="2024-05-01T15:14:01.061689" elapsed="0.918019"/>
</test>
<test id="s1-s1-t5" name="Validar conteudo" line="35">
<kw name="Teste de Tipos de Conteudo" owner="random-user-service">
<kw name="GET On Session" owner="RequestsLibrary">
<msg time="2024-05-01T15:14:02.119427" level="INFO">GET Request : url=https://randomuser.me/api 
 path_url=/api 
 headers={'User-Agent': 'python-requests/2.31.0', 'Accept-Encoding': 'gzip, deflate', 'Accept': '*/*', 'Connection': 'keep-alive'} 
 body=None 
 </msg>
<msg time="2024-05-01T15:14:02.119503" level="INFO">GET Response : url=https://randomuser.me/api 
 status=200, reason=OK 
 headers={'Date': 'Wed, 01 May 2024 15:14:02 GMT', 'Content-Type': 'application/json; charset=utf-8', 'Transfer-Encoding': 'chunked', 'Connection': 'keep-alive', 'X-Powered-By': 'Express', 'Access-Control-Allow-Origin': '*', 'Cache-Control': 'no-cache', 'ETag': 'W/"476-Lsxw7M2sbnQlpPJw1VFUHKLxY2U"', 'Vary': 'Accept-Encoding', 'Content-Encoding': 'gzip', 'CF-Cache-Status': 'DYNAMIC', 'Report-To': '{"endpoints":[{"url":"https:\\/\\/a.nel.cloudflare.com\\/report\\/v4?s=XpWH8HwDr581D6I9FCIST9vMApXEOW3p%2FRfemoAbvT8vmR%2BMfcBdP6425pSwxvhponyd9tuCEhddZIuTBbLO16%2FmcBc88guwCmwTmI8Pr8WX0skwt4qvz4YqsadJFK8k"}],"group":"cf-nel","max_age":604800}', 'NEL': '{"success_fraction":0,"report_to":"cf-nel","max_age":604800}', 'Server': 'cloudflare', 'CF-RAY': '87d0b80a6cca07c4-IAD', 'alt-svc': 'h3=":443"; ma=86400'} 
 body={"results":[{"gender":"male","name":{"title":"Mr","first":"Christopher","last":"Snyder"},"location":{"street":{"number":7983,"name":"The Drive"},"city":"Tipperary","state":"Longford","country":"Ireland","postcode":11743,"coordinates":{"latitude":"-2.8573","longitude":"-174.4276"},"timezone":{"offset":"+5:45","description":"Kathmandu"}},"email":"christopher.snyder@example.com","login":{"uuid":"2dccde80-9997-41a0-bbfb-bd2814a7497b","username":"yellowpanda741","password":"qiao","salt":"MLMBfOc9","md5":"8bb105d21ffe01d37a66e138137f935a","sha1":"85ce8ed1d7ff97e04207cc77ce5e787e6d51507e","sha256":"da1b6093c33d9cca068287f5084e8850e82d13f7d251ef90c1e2c240fc67f6e1"},"dob":{"date":"1994-04-04T02:01:44.449Z","age":30},"registered":{"date":"2004-11-30T15:30:57.635Z","age":19},"phone":"011-264-3547","cell":"081-300-3601","id":{"name":"PPS","value":"1767307T"},"picture":{"large":"https://randomuser.me/api/portraits/men/51.jpg","medium":"https://randomuser.me/api/portraits/med/men/51.jpg","thumbnail":"https://randomuser.me/api/portraits/thumb/men/51.jpg"},"nat":"IE"}],"info":{"seed":"c3c0e26e88f7064f","results":1,"page":1,"version":"1.4"}} 
 </msg>
<msg time="2024-05-01T15:14:02.119572" level="INFO">/opt/hostedtoolcache/Python/3.12.3/x64/lib/python3.12/site-packages/urllib3/connectionpool.py:1103: InsecureRequestWarning: Unverified HTTPS request is being made to host 'randomuser.me'. Adding certificate verification is strongly advised. See: https://urllib3.readthedocs.io/en/latest/advanced-usage.html#tls-warnings
  warnings.warn(</msg>
<msg time="2024-05-01T15:14:02.119658" level="INFO">${response} = &lt;Response [200]&gt;</msg>
<var>${response}</var>
<arg>consultarAPI</arg>
<arg>/api</arg>
<doc>Sends a GET request on a previously created HTTP Session.</doc>
<status status="PASS" start="2024-05-01T15:14:01.982230" elapsed="0.137470"/>
</kw>
<kw name="Set Variable" owner="BuiltIn">
<msg time="2024-05-01T15:14:02.120851" level="INFO">${json_data} = {'results': [{'gender': 'male', 'name': {'title': 'Mr', 'first': 'Christopher', 'last': 'Snyder'}, 'location': {'street': {'number': 7983, 'name': 'The Drive'}, 'city': 'Tipperary', 'state': 'Longford...</msg>
<var>${json_data}</var>
<arg>${response.json()}</arg>
<doc>Returns the given values which can then be assigned to a variables.</doc>
<status status="PASS" start="2024-05-01T15:14:02.120198" elapsed="0.000682"/>
</kw>
<kw name="Set Variable" owner="BuiltIn">
<msg time="2024-05-01T15:14:02.121565" level="INFO">${name_title} = Mr</msg>
<var>${name_title}</var>
<arg>${json_data["results"][0]["name"]["title"]}</arg>
<doc>Returns the given values which can then be assigned to a variables.</doc>
<status status="PASS" start="2024-05-01T15:14:02.121184" elapsed="0.000406"/>
</kw>
<kw name="Create List" owner="BuiltIn">
<msg time="2024-05-01T15:14:02.122031" level="INFO">${allowed_titles} = ['Mr', 'Ms', 'Miss', 'Mrs', 'Madame', 'Monsieur']</msg>
<var>${allowed_titles}</var>
<arg>Mr</arg>
<arg>Ms</arg>
<arg>Miss</arg>
<arg>Mrs</arg>
<arg>Madame</arg>
<arg>Monsieur</arg>
<doc>Returns a list containing given items.</doc>
<status status="PASS" start="2024-05-01T15:14:02.121884" elapsed="0.000170"/>
</kw>
<kw name="List Should Contain Value" owner="Collections">
<msg time="2024-05-01T15:14:02.122517" level="INFO">False</msg>
<arg>${allowed_titles}</arg>
<arg>${name_title}</arg>
<doc>Fails if the ``value`` is not found from ``list``.</doc>
<status status="PASS" start="2024-05-01T15:14:02.122348" elapsed="0.000204"/>
</kw>
<kw name="Set Variable" owner="BuiltIn">
<msg time="2024-05-01T15:14:02.123223" level="INFO">${name_country} = IE</msg>
<var>${name_country}</var>
<arg>${json_data["results"][0]["nat"]}</arg>
<doc>Returns the given values which can then be assigned to a variables.</doc>
<status status="PASS" start="2024-05-01T15:14:02.122838" elapsed="0.000410"/>
</kw>
<kw name="Create List" owner="BuiltIn">
<msg time="2024-05-01T15:14:02.124130" level="INFO">${list_country} = ['AD', 'AE', 'AF', 'AG', 'AI', 'AL', 'AM', 'AO', 'AQ', 'AR', 'AS', 'AT', 'AU', 'AW', 'AX', 'AZ', 'BA', 'BB', 'BD', 'BE', 'BF', 'BG', 'BH', 'BI', 'BJ', 'BL', 'BM', 'BN', 'BO', 'BQ', 'BR', 'BS', 'BT', '...</msg>
<var>${list_country}</var>
<arg>AD</arg>
<arg>AE</arg>
<arg>AF</arg>
<arg>AG</arg>
<arg>AI</arg>
<arg>AL</arg>
<arg>AM</arg>
<arg>AO</arg>
<arg>AQ</arg>
<arg>AR</arg>
<arg>AS</arg>
<arg>AT</arg>
<arg>AU</arg>
<arg>AW</arg>
<arg>AX</arg>
<arg>AZ</arg>
<arg>BA</arg>
<arg>BB</arg>
<arg>BD</arg>
<arg>BE</arg>
<arg>BF</arg>
<arg>BG</arg>
<arg>BH</arg>
<arg>BI</arg>
<arg>BJ</arg>
<arg>BL</arg>
<arg>BM</arg>
<arg>BN</arg>
<arg>BO</arg>
<arg>BQ</arg>
<arg>BR</arg>
<arg>BS</arg>
<arg>BT</arg>
<arg>BV</arg>
<arg>BW</arg>
<arg>BY</arg>
<arg>BZ</arg>
<arg>CA</arg>
<arg>CC</arg>
<arg>CD</arg>
<arg>CF</arg>
<arg>CG</arg>
<arg>CH</arg>
<arg>CI</arg>
<arg>CK</arg>
<arg>CL</arg>
<arg>CM</arg>
<arg>CN</arg>
<arg>CO</arg>
<arg>CR</arg>
<arg>CU</arg>
<arg>CV</arg>
<arg>CW</arg>
<arg>CX</arg>
<arg>CY</arg>
<arg>CZ</arg>
<arg>DE</arg>
<arg>DJ</arg>
<arg>DK</arg>
<arg>DM</arg>
<arg>DO</arg>
<arg>DZ</arg>
<arg>EC</arg>
<arg>EE</arg>
<arg>EG</arg>
<arg>EH</arg>
<arg>ER</arg>
<arg>ES</arg>
<arg>ET</arg>
<arg>FI</arg>
<arg>FJ</arg>
<arg>FK</arg>
<arg>FM</arg>
<arg>FO</arg>
<arg>FR</arg>
<arg>GA</arg>
<arg>GB</arg>
<arg>GD</arg>
<arg>GE</arg>
<arg>GF</arg>
<arg>GG</arg>
<arg>GH</arg>
<arg>GI</arg>
<arg>GL</arg>
<arg>GM</arg>
<arg>GN</arg>
<arg>GP</arg>
<arg>GQ</arg>
<arg>GR</arg>
<arg>GS</arg>
<arg>GT</arg>
<arg>GU</arg>
<arg>GW</arg>
<arg>GY</arg>
<arg>HK</arg>
<arg>HM</arg>
<arg>HN</arg>
<arg>HR</arg>
<arg>HT</arg>
<arg>HU</arg>
<arg>ID</arg>
<arg>IE</arg>
<arg>IL</arg>
<arg>IM</arg>
<arg>IN</arg>
<arg>IO</arg>
<arg>IQ</arg>
<arg>IR</arg>
<arg>IS</arg>
<arg>IT</arg>
<arg>JE</arg>
<arg>JM</arg>
<arg>JO</arg>
<arg>JP</arg>
<arg>KE</arg>
<arg>KG</arg>
<arg>KH</arg>
<arg>KI</arg>
<arg>KM</arg>
<arg>KN</arg>
<arg>KP</arg>
<arg>KR</arg>
<arg>KW</arg>
<arg>KY</arg>
<arg>KZ</arg>
<arg>LA</arg>
<arg>LB</arg>
<arg>LC</arg>
<arg>LI</arg>
<arg>LK</arg>
<arg>LR</arg>
<arg>LS</arg>
<arg>LT</arg>
<arg>LU</arg>
<arg>LV</arg>
<arg>LY</arg>
<arg>MA</arg>
<arg>MC</arg>
<arg>MD</arg>
<arg>ME</arg>
<arg>MF</arg>
<arg>MG</arg>
<arg>MH</arg>
<arg>MK</arg>
<arg>ML</arg>
<arg>MM</arg>
<arg>MN</arg>
<arg>MO</arg>
<arg>MP</arg>
<arg>MQ</arg>
<arg>MR</arg>
<arg>MS</arg>
<arg>MT</arg>
<arg>MU</arg>
<arg>MV</arg>
<arg>MW</arg>
<arg>MX</arg>
<arg>MY</arg>
<arg>MZ</arg>
<arg>NA</arg>
<arg>NC</arg>
<arg>NE</arg>
<arg>NF</arg>
<arg>NG</arg>
<arg>NI</arg>
<arg>NL</arg>
<arg>NO</arg>
<arg>NP</arg>
<arg>NR</arg>
<arg>NU</arg>
<arg>NZ</arg>
<arg>OM</arg>
<arg>PA</arg>
<arg>PE</arg>
<arg>PF</arg>
<arg>PG</arg>
<arg>PH</arg>
<arg>PK</arg>
<arg>PL</arg>
<arg>PM</arg>
<arg>PN</arg>
<arg>PR</arg>
<arg>PS</arg>
<arg>PT</arg>
<arg>PW</arg>
<arg>PY</arg>
<arg>QA</arg>
<arg>RE</arg>
<arg>RO</arg>
<arg>RS</arg>
<arg>RU</arg>
<arg>RW</arg>
<arg>SA</arg>
<arg>SB</arg>
<arg>SC</arg>
<arg>SD</arg>
<arg>SE</arg>
<arg>SG</arg>
<arg>SH</arg>
<arg>SI</arg>
<arg>SJ</arg>
<arg>SK</arg>
<arg>SL</arg>
<arg>SM</arg>
<arg>SN</arg>
<arg>SO</arg>
<arg>SR</arg>
<arg>SS</arg>
<arg>ST</arg>
<arg>SV</arg>
<arg>SX</arg>
<arg>SY</arg>
<arg>SZ</arg>
<arg>TC</arg>
<arg>TD</arg>
<arg>TF</arg>
<arg>TG</arg>
<arg>TH</arg>
<arg>TJ</arg>
<arg>TK</arg>
<arg>TL</arg>
<arg>TM</arg>
<arg>TN</arg>
<arg>TO</arg>
<arg>TR</arg>
<arg>TT</arg>
<arg>TV</arg>
<arg>TW</arg>
<arg>TZ</arg>
<arg>UA</arg>
<arg>UG</arg>
<arg>UM</arg>
<arg>US</arg>
<arg>UY</arg>
<arg>UZ</arg>
<arg>VA</arg>
<arg>VC</arg>
<arg>VE</arg>
<arg>VG</arg>
<arg>VI</arg>
<arg>VN</arg>
<arg>VU</arg>
<arg>WF</arg>
<arg>WS</arg>
<arg>XK</arg>
<arg>YE</arg>
<arg>YT</arg>
<arg>ZA</arg>
<arg>ZM</arg>
<arg>ZW</arg>
<doc>Returns a list containing given items.</doc>
<status status="PASS" start="2024-05-01T15:14:02.123543" elapsed="0.000611"/>
</kw>
<kw name="List Should Contain Value" owner="Collections">
<msg time="2024-05-01T15:14:02.125165" level="INFO">False</msg>
<arg>${list_country}</arg>
<arg>${name_country}</arg>
<doc>Fails if the ``value`` is not found from ``list``.</doc>
<status status="PASS" start="2024-05-01T15:14:02.124962" elapsed="0.000240"/>
</kw>
<kw name="Run Keyword If" owner="BuiltIn">
<kw name="Should Be True" owner="BuiltIn">
<arg>${True}</arg>
<doc>Fails if the given condition is not true.</doc>
<status status="PASS" start="2024-05-01T15:14:02.126268" elapsed="0.000242"/>
</kw>
<arg>${json_data["results"][0]["location"]["coordinates"]["latitude"]} &gt;= -90 and ${json_data["results"][0]["location"]["coordinates"]["latitude"]} &lt;= 90</arg>
<arg>Should Be True</arg>
<arg>${True}</arg>
<doc>Runs the given keyword with the given arguments, if ``condition`` is true.</doc>
<status status="PASS" start="2024-05-01T15:14:02.125513" elapsed="0.001127"/>
</kw>
<kw name="Run Keyword If" owner="BuiltIn">
<kw name="Should Be True" owner="BuiltIn">
<arg>${True}</arg>
<doc>Fails if the given condition is not true.</doc>
<status status="PASS" start="2024-05-01T15:14:02.127516" elapsed="0.000138"/>
</kw>
<arg>${json_data["results"][0]["location"]["coordinates"]["longitude"]} &gt;= -180 and ${json_data["results"][0]["location"]["coordinates"]["longitude"]} &lt;= 180</arg>
<arg>Should Be True</arg>
<arg>${True}</arg>
<doc>Runs the given keyword with the given arguments, if ``condition`` is true.</doc>
<status status="PASS" start="2024-05-01T15:14:02.126820" elapsed="0.000956"/>
</kw>
<status status="PASS" start="2024-05-01T15:14:01.982009" elapsed="0.145895"/>
</kw>
<doc>Testa o conteúdo específico dos campos retornados pela API.</doc>
<tag>testeConteudo</tag>
<status status="PASS" start="2024-05-01T15:14:01.981492" elapsed="0.146554"/>
</test>
<status status="PASS" start="2024-05-01T15:13:59.287097" elapsed="2.842937"/>
</suite>
<status status="PASS" start="2024-05-01T15:13:59.273687" elapsed="2.861466"/>
</suite>
<statistics>
<total>
<stat pass="5" fail="0" skip="0">All Tests</stat>
</total>
<tag>
<stat pass="1" fail="0" skip="0">testeConteudo</stat>
<stat pass="1" fail="0" skip="0">testeEstruturaResposta</stat>
<stat pass="1" fail="0" skip="0">testeRequisicaoBasica</stat>
<stat pass="1" fail="0" skip="0">testeTiposDados</stat>
</tag>
<suite>
<stat pass="5" fail="0" skip="0" id="s1" name="Tests">Tests</stat>
<stat pass="5" fail="0" skip="0" id="s1-s1" name="Random-User-Test">Tests.Random-User-Test</stat>
</suite>
</statistics>
<errors>
</errors>
</robot>
