<?xml version="1.0" encoding="UTF-8"?>
<robot generator="Robot 7.0.1 (Python 3.12.4 on linux)" generated="2024-06-23T13:14:43.558406" rpa="false" schemaversion="5">
<suite id="s1" name="Tests" source="/home/runner/work/ApiRandomUser/ApiRandomUser/RamdonUser/tests">
<suite id="s1-s1" name="Random-User-Test" source="/home/runner/work/ApiRandomUser/ApiRandomUser/RamdonUser/tests/random-user-test.robot">
<test id="s1-s1-t1" name="Conectar" line="13">
<kw name="Conectar API" owner="random-user-service">
<kw name="Create Session" owner="RequestsLibrary">
<msg time="2024-06-23T13:14:43.964722" level="INFO">Creating Session using : alias=consultarAPI, url=https://randomuser.me/, headers={},                     cookies={}, auth=None, timeout=None, proxies=None, verify=False,                     debug=0 </msg>
<arg>consultarAPI</arg>
<arg>${URL}</arg>
<doc>Create Session: create a HTTP session to a server</doc>
<status status="PASS" start="2024-06-23T13:14:43.964517" elapsed="0.000379"/>
</kw>
<status status="PASS" start="2024-06-23T13:14:43.963557" elapsed="0.001691"/>
</kw>
<status status="PASS" start="2024-06-23T13:14:43.962937" elapsed="0.002499"/>
</test>
<test id="s1-s1-t2" name="Validar retorno 200 e JSON Válido" line="16">
<kw name="Teste de Requisicao Basica" owner="random-user-service">
<kw name="GET On Session" owner="RequestsLibrary">
<msg time="2024-06-23T13:14:44.233927" level="INFO">GET Request : url=https://randomuser.me/api 
 path_url=/api 
 headers={'User-Agent': 'python-requests/2.32.3', 'Accept-Encoding': 'gzip, deflate', 'Accept': '*/*', 'Connection': 'keep-alive'} 
 body=None 
 </msg>
<msg time="2024-06-23T13:14:44.234077" level="INFO">GET Response : url=https://randomuser.me/api 
 status=200, reason=OK 
 headers={'Date': 'Sun, 23 Jun 2024 13:14:44 GMT', 'Content-Type': 'application/json; charset=utf-8', 'Transfer-Encoding': 'chunked', 'Connection': 'keep-alive', 'X-Powered-By': 'Express', 'Access-Control-Allow-Origin': '*', 'Cache-Control': 'no-cache', 'ETag': 'W/"4a3-DOInOsJ+P63kn2mPaDWln5qOrMw"', 'Vary': 'Accept-Encoding', 'Content-Encoding': 'gzip', 'CF-Cache-Status': 'DYNAMIC', 'Report-To': '{"endpoints":[{"url":"https:\\/\\/a.nel.cloudflare.com\\/report\\/v4?s=cVpyXNu5vYo8chZveCUEcL2VOktJXm%2FrQHu2lPHmugQYL0L4lnfqdbKbW6fCYCHbK68m%2FG%2BHZgsHUBj3tuLKFQcyO5jRno%2FFUob50tzxDuH3O%2F6D4ND6XQAOBXova1JW"}],"group":"cf-nel","max_age":604800}', 'NEL': '{"success_fraction":0,"report_to":"cf-nel","max_age":604800}', 'Server': 'cloudflare', 'CF-RAY': '8984be299ec2cf5d-SJC', 'alt-svc': 'h3=":443"; ma=86400'} 
 body={"results":[{"gender":"male","name":{"title":"Mr","first":"Elmar","last":"de Souza"},"location":{"street":{"number":723,"name":"Rua Santa Luzia "},"city":"São José dos Campos","state":"Distrito Federal","country":"Brazil","postcode":57240,"coordinates":{"latitude":"-76.5142","longitude":"-13.5027"},"timezone":{"offset":"-1:00","description":"Azores, Cape Verde Islands"}},"email":"elmar.desouza@example.com","login":{"uuid":"5561ad48-f9fc-483a-afd7-23c5db453d41","username":"ticklishkoala228","password":"waldo","salt":"9M7XGlN7","md5":"4cfe615060a408f0b3b317caa0a772b8","sha1":"1a8ca7d5222608d5ef994187c350fec37eafeea4","sha256":"9580d8875f654539e3d67d77e67aa5165c7e405f2663a1d27441c40ae6ee73d1"},"dob":{"date":"1957-11-15T13:49:04.090Z","age":66},"registered":{"date":"2017-11-05T23:31:45.092Z","age":6},"phone":"(87) 2328-3133","cell":"(82) 3995-0794","id":{"name":"CPF","value":"554.956.681-86"},"picture":{"large":"https://randomuser.me/api/portraits/men/36.jpg","medium":"https://randomuser.me/api/portraits/med/men/36.jpg","thumbnail":"https://randomuser.me/api/portraits/thumb/men/36.jpg"},"nat":"BR"}],"info":{"seed":"d35c1cfc8c725233","results":1,"page":1,"version":"1.4"}} 
 </msg>
<msg time="2024-06-23T13:14:44.234158" level="INFO">/opt/hostedtoolcache/Python/3.12.4/x64/lib/python3.12/site-packages/urllib3/connectionpool.py:1099: InsecureRequestWarning: Unverified HTTPS request is being made to host 'randomuser.me'. Adding certificate verification is strongly advised. See: https://urllib3.readthedocs.io/en/latest/advanced-usage.html#tls-warnings
  warnings.warn(</msg>
<msg time="2024-06-23T13:14:44.234410" level="INFO">${response} = &lt;Response [200]&gt;</msg>
<var>${response}</var>
<arg>consultarAPI</arg>
<arg>/api</arg>
<doc>Sends a GET request on a previously created HTTP Session.</doc>
<status status="PASS" start="2024-06-23T13:14:43.968137" elapsed="0.266322"/>
</kw>
<kw name="Should Be Equal As Numbers" owner="BuiltIn">
<msg time="2024-06-23T13:14:44.235710" level="INFO">Argument types are:
&lt;class 'int'&gt;
&lt;class 'str'&gt;</msg>
<arg>${response.status_code}</arg>
<arg>200</arg>
<doc>Fails if objects are unequal after converting them to real numbers.</doc>
<status status="PASS" start="2024-06-23T13:14:44.235144" elapsed="0.000631"/>
</kw>
<kw name="Log" owner="BuiltIn">
<msg time="2024-06-23T13:14:44.236440" level="INFO">200</msg>
<arg>${response.status_code}</arg>
<doc>Logs the given message with the given level.</doc>
<status status="PASS" start="2024-06-23T13:14:44.236092" elapsed="0.000389"/>
</kw>
<kw name="Set Variable" owner="BuiltIn">
<msg time="2024-06-23T13:14:44.237231" level="INFO">${json_data} = {'results': [{'gender': 'male', 'name': {'title': 'Mr', 'first': 'Elmar', 'last': 'de Souza'}, 'location': {'street': {'number': 723, 'name': 'Rua Santa Luzia '}, 'city': 'São José dos Campos', 'state...</msg>
<var>${json_data}</var>
<arg>${response.json()}</arg>
<doc>Returns the given values which can then be assigned to a variables.</doc>
<status status="PASS" start="2024-06-23T13:14:44.236795" elapsed="0.000467"/>
</kw>
<kw name="Dictionary Should Contain Key" owner="Collections">
<arg>${json_data}</arg>
<arg>results</arg>
<doc>Fails if ``key`` is not found from ``dictionary``.</doc>
<status status="PASS" start="2024-06-23T13:14:44.237563" elapsed="0.000199"/>
</kw>
<status status="PASS" start="2024-06-23T13:14:43.967895" elapsed="0.270019"/>
</kw>
<doc>Testa se a API responde corretamente e retorna um objeto JSON válido.</doc>
<tag>testeRequisicaoBasica</tag>
<status status="PASS" start="2024-06-23T13:14:43.967352" elapsed="0.270732"/>
</test>
<test id="s1-s1-t3" name="Validar estrutura de resposta" line="22">
<kw name="Teste de Estrutura de Resposta" owner="random-user-service">
<kw name="GET On Session" owner="RequestsLibrary">
<msg time="2024-06-23T13:14:44.335867" level="INFO">GET Request : url=https://randomuser.me/api 
 path_url=/api 
 headers={'User-Agent': 'python-requests/2.32.3', 'Accept-Encoding': 'gzip, deflate', 'Accept': '*/*', 'Connection': 'keep-alive'} 
 body=None 
 </msg>
<msg time="2024-06-23T13:14:44.335959" level="INFO">GET Response : url=https://randomuser.me/api 
 status=200, reason=OK 
 headers={'Date': 'Sun, 23 Jun 2024 13:14:44 GMT', 'Content-Type': 'application/json; charset=utf-8', 'Transfer-Encoding': 'chunked', 'Connection': 'keep-alive', 'X-Powered-By': 'Express', 'Access-Control-Allow-Origin': '*', 'Cache-Control': 'no-cache', 'ETag': 'W/"47f-eHd+iJWraOJDiE1dD4NVr+qGSXk"', 'Vary': 'Accept-Encoding', 'Content-Encoding': 'gzip', 'CF-Cache-Status': 'DYNAMIC', 'Report-To': '{"endpoints":[{"url":"https:\\/\\/a.nel.cloudflare.com\\/report\\/v4?s=DL8dXoFVdmc2SKOokW4cyp3%2FO5sYDe8axCMpcQFSHWT0%2FYEVcU4LoDEckddxCuutPlQDk0A39K7wF47xtpB2%2FIlzZaOT1fYe0Opks8PGOWDlCrmbeSIwNTTE0rl438t4"}],"group":"cf-nel","max_age":604800}', 'NEL': '{"success_fraction":0,"report_to":"cf-nel","max_age":604800}', 'Server': 'cloudflare', 'CF-RAY': '8984be2a8f55cf5d-SJC', 'alt-svc': 'h3=":443"; ma=86400'} 
 body={"results":[{"gender":"female","name":{"title":"Mrs","first":"Nina","last":"Morris"},"location":{"street":{"number":3782,"name":"Main Street West"},"city":"Lower Hutt","state":"Bay of Plenty","country":"New Zealand","postcode":88973,"coordinates":{"latitude":"49.7780","longitude":"61.9347"},"timezone":{"offset":"+3:30","description":"Tehran"}},"email":"nina.morris@example.com","login":{"uuid":"b8996861-ef40-41c9-b179-170e5faf44f3","username":"purplebutterfly519","password":"insanity","salt":"8qceVKBe","md5":"6bc80d2f280532d44a8eb5e3469d4060","sha1":"3f26d85fa251442135234e34df31ec8d3c4db3f9","sha256":"c14a9925e46487299b869382ebf263d5d49addbbc613f51dc149a407aef2aacc"},"dob":{"date":"1946-09-20T00:25:46.410Z","age":77},"registered":{"date":"2019-12-10T01:31:32.585Z","age":4},"phone":"(969)-329-2197","cell":"(935)-956-3817","id":{"name":"","value":null},"picture":{"large":"https://randomuser.me/api/portraits/women/34.jpg","medium":"https://randomuser.me/api/portraits/med/women/34.jpg","thumbnail":"https://randomuser.me/api/portraits/thumb/women/34.jpg"},"nat":"NZ"}],"info":{"seed":"78eed3666e8fd264","results":1,"page":1,"version":"1.4"}} 
 </msg>
<msg time="2024-06-23T13:14:44.336087" level="INFO">/opt/hostedtoolcache/Python/3.12.4/x64/lib/python3.12/site-packages/urllib3/connectionpool.py:1099: InsecureRequestWarning: Unverified HTTPS request is being made to host 'randomuser.me'. Adding certificate verification is strongly advised. See: https://urllib3.readthedocs.io/en/latest/advanced-usage.html#tls-warnings
  warnings.warn(</msg>
<msg time="2024-06-23T13:14:44.336205" level="INFO">${response} = &lt;Response [200]&gt;</msg>
<var>${response}</var>
<arg>consultarAPI</arg>
<arg>/api</arg>
<doc>Sends a GET request on a previously created HTTP Session.</doc>
<status status="PASS" start="2024-06-23T13:14:44.241042" elapsed="0.095209"/>
</kw>
<kw name="Set Variable" owner="BuiltIn">
<msg time="2024-06-23T13:14:44.337195" level="INFO">${json_data} = {'results': [{'gender': 'female', 'name': {'title': 'Mrs', 'first': 'Nina', 'last': 'Morris'}, 'location': {'street': {'number': 3782, 'name': 'Main Street West'}, 'city': 'Lower Hutt', 'state': 'Bay ...</msg>
<var>${json_data}</var>
<arg>${response.json()}</arg>
<doc>Returns the given values which can then be assigned to a variables.</doc>
<status status="PASS" start="2024-06-23T13:14:44.336720" elapsed="0.000505"/>
</kw>
<kw name="Log" owner="BuiltIn">
<msg time="2024-06-23T13:14:44.337718" level="INFO">{'results': [{'gender': 'female', 'name': {'title': 'Mrs', 'first': 'Nina', 'last': 'Morris'}, 'location': {'street': {'number': 3782, 'name': 'Main Street West'}, 'city': 'Lower Hutt', 'state': 'Bay of Plenty', 'country': 'New Zealand', 'postcode': 88973, 'coordinates': {'latitude': '49.7780', 'longitude': '61.9347'}, 'timezone': {'offset': '+3:30', 'description': 'Tehran'}}, 'email': 'nina.morris@example.com', 'login': {'uuid': 'b8996861-ef40-41c9-b179-170e5faf44f3', 'username': 'purplebutterfly519', 'password': 'insanity', 'salt': '8qceVKBe', 'md5': '6bc80d2f280532d44a8eb5e3469d4060', 'sha1': '3f26d85fa251442135234e34df31ec8d3c4db3f9', 'sha256': 'c14a9925e46487299b869382ebf263d5d49addbbc613f51dc149a407aef2aacc'}, 'dob': {'date': '1946-09-20T00:25:46.410Z', 'age': 77}, 'registered': {'date': '2019-12-10T01:31:32.585Z', 'age': 4}, 'phone': '(969)-329-2197', 'cell': '(935)-956-3817', 'id': {'name': '', 'value': None}, 'picture': {'large': 'https://randomuser.me/api/portraits/women/34.jpg', 'medium': 'https://randomuser.me/api/portraits/med/women/34.jpg', 'thumbnail': 'https://randomuser.me/api/portraits/thumb/women/34.jpg'}, 'nat': 'NZ'}], 'info': {'seed': '78eed3666e8fd264', 'results': 1, 'page': 1, 'version': '1.4'}}</msg>
<arg>${json_data}</arg>
<doc>Logs the given message with the given level.</doc>
<status status="PASS" start="2024-06-23T13:14:44.337528" elapsed="0.000244"/>
</kw>
<kw name="Dictionary Should Contain Key" owner="Collections">
<arg>${json_data}</arg>
<arg>results</arg>
<doc>Fails if ``key`` is not found from ``dictionary``.</doc>
<status status="PASS" start="2024-06-23T13:14:44.338065" elapsed="0.000162"/>
</kw>
<kw name="Should Not Be Empty" owner="BuiltIn">
<msg time="2024-06-23T13:14:44.338532" level="INFO">Length is 2.</msg>
<arg>${json_data}</arg>
<doc>Verifies that the given item is not empty.</doc>
<status status="PASS" start="2024-06-23T13:14:44.338409" elapsed="0.000165"/>
</kw>
<kw name="Create List" owner="BuiltIn">
<msg time="2024-06-23T13:14:44.339014" level="INFO">${expected_keys} = ['gender', 'name', 'location', 'email', 'login']</msg>
<var>${expected_keys}</var>
<arg>gender</arg>
<arg>name</arg>
<arg>location</arg>
<arg>email</arg>
<arg>login</arg>
<doc>Returns a list containing given items.</doc>
<status status="PASS" start="2024-06-23T13:14:44.338867" elapsed="0.000170"/>
</kw>
<for flavor="IN">
<iter>
<kw name="Dictionary Should Contain Key" owner="Collections">
<arg>${json_data['results'][0]}</arg>
<arg>${key}</arg>
<doc>Fails if ``key`` is not found from ``dictionary``.</doc>
<status status="PASS" start="2024-06-23T13:14:44.339753" elapsed="0.000405"/>
</kw>
<kw name="Log" owner="BuiltIn">
<msg time="2024-06-23T13:14:44.340689" level="INFO">{'gender': 'female', 'name': {'title': 'Mrs', 'first': 'Nina', 'last': 'Morris'}, 'location': {'street': {'number': 3782, 'name': 'Main Street West'}, 'city': 'Lower Hutt', 'state': 'Bay of Plenty', 'country': 'New Zealand', 'postcode': 88973, 'coordinates': {'latitude': '49.7780', 'longitude': '61.9347'}, 'timezone': {'offset': '+3:30', 'description': 'Tehran'}}, 'email': 'nina.morris@example.com', 'login': {'uuid': 'b8996861-ef40-41c9-b179-170e5faf44f3', 'username': 'purplebutterfly519', 'password': 'insanity', 'salt': '8qceVKBe', 'md5': '6bc80d2f280532d44a8eb5e3469d4060', 'sha1': '3f26d85fa251442135234e34df31ec8d3c4db3f9', 'sha256': 'c14a9925e46487299b869382ebf263d5d49addbbc613f51dc149a407aef2aacc'}, 'dob': {'date': '1946-09-20T00:25:46.410Z', 'age': 77}, 'registered': {'date': '2019-12-10T01:31:32.585Z', 'age': 4}, 'phone': '(969)-329-2197', 'cell': '(935)-956-3817', 'id': {'name': '', 'value': None}, 'picture': {'large': 'https://randomuser.me/api/portraits/women/34.jpg', 'medium': 'https://randomuser.me/api/portraits/med/women/34.jpg', 'thumbnail': 'https://randomuser.me/api/portraits/thumb/women/34.jpg'}, 'nat': 'NZ'}</msg>
<arg>${json_data['results'][0]}</arg>
<doc>Logs the given message with the given level.</doc>
<status status="PASS" start="2024-06-23T13:14:44.340341" elapsed="0.000406"/>
</kw>
<kw name="Log" owner="BuiltIn">
<msg time="2024-06-23T13:14:44.341165" level="INFO">gender</msg>
<arg>${key}</arg>
<doc>Logs the given message with the given level.</doc>
<status status="PASS" start="2024-06-23T13:14:44.341040" elapsed="0.000161"/>
</kw>
<var name="${key}">gender</var>
<status status="PASS" start="2024-06-23T13:14:44.339626" elapsed="0.001797"/>
</iter>
<iter>
<kw name="Dictionary Should Contain Key" owner="Collections">
<arg>${json_data['results'][0]}</arg>
<arg>${key}</arg>
<doc>Fails if ``key`` is not found from ``dictionary``.</doc>
<status status="PASS" start="2024-06-23T13:14:44.341742" elapsed="0.000383"/>
</kw>
<kw name="Log" owner="BuiltIn">
<msg time="2024-06-23T13:14:44.342673" level="INFO">{'gender': 'female', 'name': {'title': 'Mrs', 'first': 'Nina', 'last': 'Morris'}, 'location': {'street': {'number': 3782, 'name': 'Main Street West'}, 'city': 'Lower Hutt', 'state': 'Bay of Plenty', 'country': 'New Zealand', 'postcode': 88973, 'coordinates': {'latitude': '49.7780', 'longitude': '61.9347'}, 'timezone': {'offset': '+3:30', 'description': 'Tehran'}}, 'email': 'nina.morris@example.com', 'login': {'uuid': 'b8996861-ef40-41c9-b179-170e5faf44f3', 'username': 'purplebutterfly519', 'password': 'insanity', 'salt': '8qceVKBe', 'md5': '6bc80d2f280532d44a8eb5e3469d4060', 'sha1': '3f26d85fa251442135234e34df31ec8d3c4db3f9', 'sha256': 'c14a9925e46487299b869382ebf263d5d49addbbc613f51dc149a407aef2aacc'}, 'dob': {'date': '1946-09-20T00:25:46.410Z', 'age': 77}, 'registered': {'date': '2019-12-10T01:31:32.585Z', 'age': 4}, 'phone': '(969)-329-2197', 'cell': '(935)-956-3817', 'id': {'name': '', 'value': None}, 'picture': {'large': 'https://randomuser.me/api/portraits/women/34.jpg', 'medium': 'https://randomuser.me/api/portraits/med/women/34.jpg', 'thumbnail': 'https://randomuser.me/api/portraits/thumb/women/34.jpg'}, 'nat': 'NZ'}</msg>
<arg>${json_data['results'][0]}</arg>
<doc>Logs the given message with the given level.</doc>
<status status="PASS" start="2024-06-23T13:14:44.342308" elapsed="0.000442"/>
</kw>
<kw name="Log" owner="BuiltIn">
<msg time="2024-06-23T13:14:44.343178" level="INFO">name</msg>
<arg>${key}</arg>
<doc>Logs the given message with the given level.</doc>
<status status="PASS" start="2024-06-23T13:14:44.343054" elapsed="0.000160"/>
</kw>
<var name="${key}">name</var>
<status status="PASS" start="2024-06-23T13:14:44.341606" elapsed="0.001840"/>
</iter>
<iter>
<kw name="Dictionary Should Contain Key" owner="Collections">
<arg>${json_data['results'][0]}</arg>
<arg>${key}</arg>
<doc>Fails if ``key`` is not found from ``dictionary``.</doc>
<status status="PASS" start="2024-06-23T13:14:44.343730" elapsed="0.000385"/>
</kw>
<kw name="Log" owner="BuiltIn">
<msg time="2024-06-23T13:14:44.344635" level="INFO">{'gender': 'female', 'name': {'title': 'Mrs', 'first': 'Nina', 'last': 'Morris'}, 'location': {'street': {'number': 3782, 'name': 'Main Street West'}, 'city': 'Lower Hutt', 'state': 'Bay of Plenty', 'country': 'New Zealand', 'postcode': 88973, 'coordinates': {'latitude': '49.7780', 'longitude': '61.9347'}, 'timezone': {'offset': '+3:30', 'description': 'Tehran'}}, 'email': 'nina.morris@example.com', 'login': {'uuid': 'b8996861-ef40-41c9-b179-170e5faf44f3', 'username': 'purplebutterfly519', 'password': 'insanity', 'salt': '8qceVKBe', 'md5': '6bc80d2f280532d44a8eb5e3469d4060', 'sha1': '3f26d85fa251442135234e34df31ec8d3c4db3f9', 'sha256': 'c14a9925e46487299b869382ebf263d5d49addbbc613f51dc149a407aef2aacc'}, 'dob': {'date': '1946-09-20T00:25:46.410Z', 'age': 77}, 'registered': {'date': '2019-12-10T01:31:32.585Z', 'age': 4}, 'phone': '(969)-329-2197', 'cell': '(935)-956-3817', 'id': {'name': '', 'value': None}, 'picture': {'large': 'https://randomuser.me/api/portraits/women/34.jpg', 'medium': 'https://randomuser.me/api/portraits/med/women/34.jpg', 'thumbnail': 'https://randomuser.me/api/portraits/thumb/women/34.jpg'}, 'nat': 'NZ'}</msg>
<arg>${json_data['results'][0]}</arg>
<doc>Logs the given message with the given level.</doc>
<status status="PASS" start="2024-06-23T13:14:44.344294" elapsed="0.000387"/>
</kw>
<kw name="Log" owner="BuiltIn">
<msg time="2024-06-23T13:14:44.345093" level="INFO">location</msg>
<arg>${key}</arg>
<doc>Logs the given message with the given level.</doc>
<status status="PASS" start="2024-06-23T13:14:44.344967" elapsed="0.000162"/>
</kw>
<var name="${key}">location</var>
<status status="PASS" start="2024-06-23T13:14:44.343624" elapsed="0.001719"/>
</iter>
<iter>
<kw name="Dictionary Should Contain Key" owner="Collections">
<arg>${json_data['results'][0]}</arg>
<arg>${key}</arg>
<doc>Fails if ``key`` is not found from ``dictionary``.</doc>
<status status="PASS" start="2024-06-23T13:14:44.345616" elapsed="0.000427"/>
</kw>
<kw name="Log" owner="BuiltIn">
<msg time="2024-06-23T13:14:44.346974" level="INFO">{'gender': 'female', 'name': {'title': 'Mrs', 'first': 'Nina', 'last': 'Morris'}, 'location': {'street': {'number': 3782, 'name': 'Main Street West'}, 'city': 'Lower Hutt', 'state': 'Bay of Plenty', 'country': 'New Zealand', 'postcode': 88973, 'coordinates': {'latitude': '49.7780', 'longitude': '61.9347'}, 'timezone': {'offset': '+3:30', 'description': 'Tehran'}}, 'email': 'nina.morris@example.com', 'login': {'uuid': 'b8996861-ef40-41c9-b179-170e5faf44f3', 'username': 'purplebutterfly519', 'password': 'insanity', 'salt': '8qceVKBe', 'md5': '6bc80d2f280532d44a8eb5e3469d4060', 'sha1': '3f26d85fa251442135234e34df31ec8d3c4db3f9', 'sha256': 'c14a9925e46487299b869382ebf263d5d49addbbc613f51dc149a407aef2aacc'}, 'dob': {'date': '1946-09-20T00:25:46.410Z', 'age': 77}, 'registered': {'date': '2019-12-10T01:31:32.585Z', 'age': 4}, 'phone': '(969)-329-2197', 'cell': '(935)-956-3817', 'id': {'name': '', 'value': None}, 'picture': {'large': 'https://randomuser.me/api/portraits/women/34.jpg', 'medium': 'https://randomuser.me/api/portraits/med/women/34.jpg', 'thumbnail': 'https://randomuser.me/api/portraits/thumb/women/34.jpg'}, 'nat': 'NZ'}</msg>
<arg>${json_data['results'][0]}</arg>
<doc>Logs the given message with the given level.</doc>
<status status="PASS" start="2024-06-23T13:14:44.346349" elapsed="0.000704"/>
</kw>
<kw name="Log" owner="BuiltIn">
<msg time="2024-06-23T13:14:44.347693" level="INFO">email</msg>
<arg>${key}</arg>
<doc>Logs the given message with the given level.</doc>
<status status="PASS" start="2024-06-23T13:14:44.347491" elapsed="0.000271"/>
</kw>
<var name="${key}">email</var>
<status status="PASS" start="2024-06-23T13:14:44.345512" elapsed="0.002600"/>
</iter>
<iter>
<kw name="Dictionary Should Contain Key" owner="Collections">
<arg>${json_data['results'][0]}</arg>
<arg>${key}</arg>
<doc>Fails if ``key`` is not found from ``dictionary``.</doc>
<status status="PASS" start="2024-06-23T13:14:44.348555" elapsed="0.000663"/>
</kw>
<kw name="Log" owner="BuiltIn">
<msg time="2024-06-23T13:14:44.350131" level="INFO">{'gender': 'female', 'name': {'title': 'Mrs', 'first': 'Nina', 'last': 'Morris'}, 'location': {'street': {'number': 3782, 'name': 'Main Street West'}, 'city': 'Lower Hutt', 'state': 'Bay of Plenty', 'country': 'New Zealand', 'postcode': 88973, 'coordinates': {'latitude': '49.7780', 'longitude': '61.9347'}, 'timezone': {'offset': '+3:30', 'description': 'Tehran'}}, 'email': 'nina.morris@example.com', 'login': {'uuid': 'b8996861-ef40-41c9-b179-170e5faf44f3', 'username': 'purplebutterfly519', 'password': 'insanity', 'salt': '8qceVKBe', 'md5': '6bc80d2f280532d44a8eb5e3469d4060', 'sha1': '3f26d85fa251442135234e34df31ec8d3c4db3f9', 'sha256': 'c14a9925e46487299b869382ebf263d5d49addbbc613f51dc149a407aef2aacc'}, 'dob': {'date': '1946-09-20T00:25:46.410Z', 'age': 77}, 'registered': {'date': '2019-12-10T01:31:32.585Z', 'age': 4}, 'phone': '(969)-329-2197', 'cell': '(935)-956-3817', 'id': {'name': '', 'value': None}, 'picture': {'large': 'https://randomuser.me/api/portraits/women/34.jpg', 'medium': 'https://randomuser.me/api/portraits/med/women/34.jpg', 'thumbnail': 'https://randomuser.me/api/portraits/thumb/women/34.jpg'}, 'nat': 'NZ'}</msg>
<arg>${json_data['results'][0]}</arg>
<doc>Logs the given message with the given level.</doc>
<status status="PASS" start="2024-06-23T13:14:44.349541" elapsed="0.000674"/>
</kw>
<kw name="Log" owner="BuiltIn">
<msg time="2024-06-23T13:14:44.350886" level="INFO">login</msg>
<arg>${key}</arg>
<doc>Logs the given message with the given level.</doc>
<status status="PASS" start="2024-06-23T13:14:44.350690" elapsed="0.000257"/>
</kw>
<var name="${key}">login</var>
<status status="PASS" start="2024-06-23T13:14:44.348376" elapsed="0.002914"/>
</iter>
<var>${key}</var>
<value>@{expected_keys}</value>
<status status="PASS" start="2024-06-23T13:14:44.339438" elapsed="0.012055"/>
</for>
<kw name="Create List" owner="BuiltIn">
<msg time="2024-06-23T13:14:44.352023" level="INFO">${expected_keysTwo} = ['username', 'password']</msg>
<var>${expected_keysTwo}</var>
<arg>username</arg>
<arg>password</arg>
<doc>Returns a list containing given items.</doc>
<status status="PASS" start="2024-06-23T13:14:44.351811" elapsed="0.000252"/>
</kw>
<for flavor="IN">
<iter>
<kw name="Dictionary Should Contain Key" owner="Collections">
<arg>${json_data['results'][0]['login']}</arg>
<arg>${keyTwo}</arg>
<doc>Fails if ``key`` is not found from ``dictionary``.</doc>
<status status="PASS" start="2024-06-23T13:14:44.352883" elapsed="0.000634"/>
</kw>
<kw name="Dictionary Should Contain Key" owner="Collections">
<arg>${json_data['results'][0]['login']}</arg>
<arg>${keyTwo}</arg>
<doc>Fails if ``key`` is not found from ``dictionary``.</doc>
<status status="PASS" start="2024-06-23T13:14:44.353865" elapsed="0.000670"/>
</kw>
<kw name="Log" owner="BuiltIn">
<msg time="2024-06-23T13:14:44.355036" level="INFO">username</msg>
<arg>${keyTwo}</arg>
<doc>Logs the given message with the given level.</doc>
<status status="PASS" start="2024-06-23T13:14:44.354830" elapsed="0.000268"/>
</kw>
<var name="${keyTwo}">username</var>
<status status="PASS" start="2024-06-23T13:14:44.352715" elapsed="0.002718"/>
</iter>
<iter>
<kw name="Dictionary Should Contain Key" owner="Collections">
<arg>${json_data['results'][0]['login']}</arg>
<arg>${keyTwo}</arg>
<doc>Fails if ``key`` is not found from ``dictionary``.</doc>
<status status="PASS" start="2024-06-23T13:14:44.355939" elapsed="0.000627"/>
</kw>
<kw name="Dictionary Should Contain Key" owner="Collections">
<arg>${json_data['results'][0]['login']}</arg>
<arg>${keyTwo}</arg>
<doc>Fails if ``key`` is not found from ``dictionary``.</doc>
<status status="PASS" start="2024-06-23T13:14:44.356844" elapsed="0.000676"/>
</kw>
<kw name="Log" owner="BuiltIn">
<msg time="2024-06-23T13:14:44.358034" level="INFO">password</msg>
<arg>${keyTwo}</arg>
<doc>Logs the given message with the given level.</doc>
<status status="PASS" start="2024-06-23T13:14:44.357849" elapsed="0.000243"/>
</kw>
<var name="${keyTwo}">password</var>
<status status="PASS" start="2024-06-23T13:14:44.355743" elapsed="0.002695"/>
</iter>
<var>${keyTwo}</var>
<value>@{expected_keysTwo}</value>
<status status="PASS" start="2024-06-23T13:14:44.352486" elapsed="0.006164"/>
</for>
<status status="PASS" start="2024-06-23T13:14:44.240702" elapsed="0.118174"/>
</kw>
<doc>Testa a estrutura da resposta da API.</doc>
<tag>testeEstruturaResposta</tag>
<status status="PASS" start="2024-06-23T13:14:44.239916" elapsed="0.119236"/>
</test>
<test id="s1-s1-t4" name="Validar tipos de dados" line="28">
<kw name="Teste de Tipos de Dados" owner="random-user-service">
<kw name="GET On Session" owner="RequestsLibrary">
<msg time="2024-06-23T13:14:44.451076" level="INFO">GET Request : url=https://randomuser.me/api 
 path_url=/api 
 headers={'User-Agent': 'python-requests/2.32.3', 'Accept-Encoding': 'gzip, deflate', 'Accept': '*/*', 'Connection': 'keep-alive'} 
 body=None 
 </msg>
<msg time="2024-06-23T13:14:44.451175" level="INFO">GET Response : url=https://randomuser.me/api 
 status=200, reason=OK 
 headers={'Date': 'Sun, 23 Jun 2024 13:14:44 GMT', 'Content-Type': 'application/json; charset=utf-8', 'Transfer-Encoding': 'chunked', 'Connection': 'keep-alive', 'X-Powered-By': 'Express', 'Access-Control-Allow-Origin': '*', 'Cache-Control': 'no-cache', 'ETag': 'W/"483-qVShTdlEF+pxhsVIUiJZRe2ulh4"', 'Vary': 'Accept-Encoding', 'Content-Encoding': 'gzip', 'CF-Cache-Status': 'DYNAMIC', 'Report-To': '{"endpoints":[{"url":"https:\\/\\/a.nel.cloudflare.com\\/report\\/v4?s=qJQ2O2rEPz16Qf6iqp3qd%2BaUI6O5kr5eY%2FBiMBFtzIYKEQ73lyLmT1S6i7GqXGCWS%2B4RoZ%2ByWj3Tw5hE0ue5MoMtlTyymbqHdBvBCistH2JqqiDNj4FXFHFtLEmCUjaQ"}],"group":"cf-nel","max_age":604800}', 'NEL': '{"success_fraction":0,"report_to":"cf-nel","max_age":604800}', 'Server': 'cloudflare', 'CF-RAY': '8984be2b4fcdcf5d-SJC', 'alt-svc': 'h3=":443"; ma=86400'} 
 body={"results":[{"gender":"female","name":{"title":"Ms","first":"Minttu","last":"Sakala"},"location":{"street":{"number":7113,"name":"Mechelininkatu"},"city":"Joutsa","state":"North Karelia","country":"Finland","postcode":16770,"coordinates":{"latitude":"-21.7741","longitude":"76.0393"},"timezone":{"offset":"+5:45","description":"Kathmandu"}},"email":"minttu.sakala@example.com","login":{"uuid":"9dbbb635-1873-450e-a41d-c66abeeeb508","username":"tinyrabbit490","password":"awnyce","salt":"HBpud5js","md5":"d0e51ce7b9cc18619117022a92fa6360","sha1":"4a334567c072331ef6f29a801e6d187b945e2271","sha256":"11e44f44b63b4f8b39112e51e0df0945727ffc47f10d50e3f7a06513c373c3f6"},"dob":{"date":"1967-02-04T09:09:13.556Z","age":57},"registered":{"date":"2015-01-30T12:13:12.351Z","age":9},"phone":"09-897-305","cell":"049-533-78-94","id":{"name":"HETU","value":"NaNNA298undefined"},"picture":{"large":"https://randomuser.me/api/portraits/women/67.jpg","medium":"https://randomuser.me/api/portraits/med/women/67.jpg","thumbnail":"https://randomuser.me/api/portraits/thumb/women/67.jpg"},"nat":"FI"}],"info":{"seed":"632ccaffcd097158","results":1,"page":1,"version":"1.4"}} 
 </msg>
<msg time="2024-06-23T13:14:44.451244" level="INFO">/opt/hostedtoolcache/Python/3.12.4/x64/lib/python3.12/site-packages/urllib3/connectionpool.py:1099: InsecureRequestWarning: Unverified HTTPS request is being made to host 'randomuser.me'. Adding certificate verification is strongly advised. See: https://urllib3.readthedocs.io/en/latest/advanced-usage.html#tls-warnings
  warnings.warn(</msg>
<msg time="2024-06-23T13:14:44.451361" level="INFO">${response} = &lt;Response [200]&gt;</msg>
<var>${response}</var>
<arg>consultarAPI</arg>
<arg>/api</arg>
<doc>Sends a GET request on a previously created HTTP Session.</doc>
<status status="PASS" start="2024-06-23T13:14:44.363624" elapsed="0.087774"/>
</kw>
<kw name="Set Variable" owner="BuiltIn">
<msg time="2024-06-23T13:14:44.452441" level="INFO">${json_data} = {'results': [{'gender': 'female', 'name': {'title': 'Ms', 'first': 'Minttu', 'last': 'Sakala'}, 'location': {'street': {'number': 7113, 'name': 'Mechelininkatu'}, 'city': 'Joutsa', 'state': 'North Kar...</msg>
<var>${json_data}</var>
<arg>${response.json()}</arg>
<doc>Returns the given values which can then be assigned to a variables.</doc>
<status status="PASS" start="2024-06-23T13:14:44.451930" elapsed="0.000540"/>
</kw>
<kw name="Log" owner="BuiltIn">
<msg time="2024-06-23T13:14:44.452940" level="INFO">{'results': [{'gender': 'female', 'name': {'title': 'Ms', 'first': 'Minttu', 'last': 'Sakala'}, 'location': {'street': {'number': 7113, 'name': 'Mechelininkatu'}, 'city': 'Joutsa', 'state': 'North Karelia', 'country': 'Finland', 'postcode': 16770, 'coordinates': {'latitude': '-21.7741', 'longitude': '76.0393'}, 'timezone': {'offset': '+5:45', 'description': 'Kathmandu'}}, 'email': 'minttu.sakala@example.com', 'login': {'uuid': '9dbbb635-1873-450e-a41d-c66abeeeb508', 'username': 'tinyrabbit490', 'password': 'awnyce', 'salt': 'HBpud5js', 'md5': 'd0e51ce7b9cc18619117022a92fa6360', 'sha1': '4a334567c072331ef6f29a801e6d187b945e2271', 'sha256': '11e44f44b63b4f8b39112e51e0df0945727ffc47f10d50e3f7a06513c373c3f6'}, 'dob': {'date': '1967-02-04T09:09:13.556Z', 'age': 57}, 'registered': {'date': '2015-01-30T12:13:12.351Z', 'age': 9}, 'phone': '09-897-305', 'cell': '049-533-78-94', 'id': {'name': 'HETU', 'value': 'NaNNA298undefined'}, 'picture': {'large': 'https://randomuser.me/api/portraits/women/67.jpg', 'medium': 'https://randomuser.me/api/portraits/med/women/67.jpg', 'thumbnail': 'https://randomuser.me/api/portraits/thumb/women/67.jpg'}, 'nat': 'FI'}], 'info': {'seed': '632ccaffcd097158', 'results': 1, 'page': 1, 'version': '1.4'}}</msg>
<arg>${json_data}</arg>
<doc>Logs the given message with the given level.</doc>
<status status="PASS" start="2024-06-23T13:14:44.452779" elapsed="0.000210"/>
</kw>
<kw name="Should Be String" owner="String">
<arg>${json_data['results'][0]['gender']}</arg>
<doc>Fails if the given ``item`` is not a string.</doc>
<status status="PASS" start="2024-06-23T13:14:44.453280" elapsed="0.000372"/>
</kw>
<kw name="Should Match Regexp" owner="BuiltIn">
<arg>${json_data['results'][0]['email']}</arg>
<arg>^[a-zA-Z0-9._%+-]+@[a-zA-Z0-9.-]+\.[a-zA-Z]{2,}$</arg>
<doc>Fails if ``string`` does not match ``pattern`` as a regular expression.</doc>
<status status="PASS" start="2024-06-23T13:14:44.453892" elapsed="0.000521"/>
</kw>
<kw name="Should Match Regexp" owner="BuiltIn">
<arg>${json_data['results'][0]['dob']['date']}</arg>
<arg>\\d{4}-\\d{2}-\\d{2}T\\d{2}:\\d{2}:\\d{2}\\.\\d{3}Z</arg>
<doc>Fails if ``string`` does not match ``pattern`` as a regular expression.</doc>
<status status="PASS" start="2024-06-23T13:14:44.454648" elapsed="0.000498"/>
</kw>
<kw name="Should Match Regexp" owner="BuiltIn">
<arg>${json_data['results'][0]['registered']['date']}</arg>
<arg>\\d{4}-\\d{2}-\\d{2}T\\d{2}:\\d{2}:\\d{2}\\.\\d{3}Z</arg>
<doc>Fails if ``string`` does not match ``pattern`` as a regular expression.</doc>
<status status="PASS" start="2024-06-23T13:14:44.455338" elapsed="0.000372"/>
</kw>
<kw name="Should Match Regexp" owner="BuiltIn">
<arg>${json_data['results'][0]['picture']['large']}</arg>
<arg>^https?://.*\.(?:png|jpe?g|gif|bmp)$</arg>
<doc>Fails if ``string`` does not match ``pattern`` as a regular expression.</doc>
<status status="PASS" start="2024-06-23T13:14:44.455898" elapsed="0.000458"/>
</kw>
<kw name="Should Match Regexp" owner="BuiltIn">
<arg>${json_data['results'][0]['picture']['medium']}</arg>
<arg>^https?://.*\.(?:png|jpe?g|gif|bmp)$</arg>
<doc>Fails if ``string`` does not match ``pattern`` as a regular expression.</doc>
<status status="PASS" start="2024-06-23T13:14:44.456544" elapsed="0.000353"/>
</kw>
<kw name="Should Match Regexp" owner="BuiltIn">
<arg>${json_data['results'][0]['picture']['thumbnail']}</arg>
<arg>^https?://.*\.(?:png|jpe?g|gif|bmp)$</arg>
<doc>Fails if ``string`` does not match ``pattern`` as a regular expression.</doc>
<status status="PASS" start="2024-06-23T13:14:44.457081" elapsed="0.000357"/>
</kw>
<kw name="Log" owner="BuiltIn">
<msg time="2024-06-23T13:14:44.457973" level="INFO">{'large': 'https://randomuser.me/api/portraits/women/67.jpg', 'medium': 'https://randomuser.me/api/portraits/med/women/67.jpg', 'thumbnail': 'https://randomuser.me/api/portraits/thumb/women/67.jpg'}</msg>
<arg>${json_data['results'][0]['picture']}</arg>
<doc>Logs the given message with the given level.</doc>
<status status="PASS" start="2024-06-23T13:14:44.457617" elapsed="0.000400"/>
</kw>
<status status="PASS" start="2024-06-23T13:14:44.363269" elapsed="0.095018"/>
</kw>
<kw name="Teste de Tipos de Dados - Postcode" owner="random-user-service">
<kw name="GET On Session" owner="RequestsLibrary">
<msg time="2024-06-23T13:14:44.560056" level="INFO">GET Request : url=https://randomuser.me/api 
 path_url=/api 
 headers={'User-Agent': 'python-requests/2.32.3', 'Accept-Encoding': 'gzip, deflate', 'Accept': '*/*', 'Connection': 'keep-alive'} 
 body=None 
 </msg>
<msg time="2024-06-23T13:14:44.560140" level="INFO">GET Response : url=https://randomuser.me/api 
 status=200, reason=OK 
 headers={'Date': 'Sun, 23 Jun 2024 13:14:44 GMT', 'Content-Type': 'application/json; charset=utf-8', 'Transfer-Encoding': 'chunked', 'Connection': 'keep-alive', 'X-Powered-By': 'Express', 'Access-Control-Allow-Origin': '*', 'Cache-Control': 'no-cache', 'ETag': 'W/"47d-qaQTrcczn9I8qipmr22Q83M82b0"', 'Vary': 'Accept-Encoding', 'Content-Encoding': 'gzip', 'CF-Cache-Status': 'DYNAMIC', 'Report-To': '{"endpoints":[{"url":"https:\\/\\/a.nel.cloudflare.com\\/report\\/v4?s=VcN8qj4YsTAqaJ1zEXhK%2BrmZ9w1PQFzVuLNZ79PLTRbDNJ3pGnSzd9CQKnPOk2EN5902d0l7dD3tEkv9U8D2nkuiv3DbTiSiyM0Ck%2Bku6gmaLjosq%2B%2FOBfFJpoWh%2B5f5"}],"group":"cf-nel","max_age":604800}', 'NEL': '{"success_fraction":0,"report_to":"cf-nel","max_age":604800}', 'Server': 'cloudflare', 'CF-RAY': '8984be2be81ccf5d-SJC', 'alt-svc': 'h3=":443"; ma=86400'} 
 body={"results":[{"gender":"female","name":{"title":"Ms","first":"Frida","last":"Hansen"},"location":{"street":{"number":3708,"name":"Lokesvej"},"city":"Amager","state":"Syddanmark","country":"Denmark","postcode":72479,"coordinates":{"latitude":"-41.3667","longitude":"10.8901"},"timezone":{"offset":"-8:00","description":"Pacific Time (US &amp; Canada)"}},"email":"frida.hansen@example.com","login":{"uuid":"52f2571f-bea6-4a2a-9b68-0ed92d03647e","username":"orangebear892","password":"highland","salt":"3PxQlOuT","md5":"6ab05c977b557ef3889fbf5b9f483688","sha1":"9ac520d532991d4653791c969d2fffa2732fcef0","sha256":"a4ab4d00a173efd5e211faeae0eb4255e35ec8abfe60978153dfee91e34f550e"},"dob":{"date":"1992-06-17T18:40:08.776Z","age":32},"registered":{"date":"2014-08-15T18:11:16.782Z","age":9},"phone":"80232496","cell":"75817944","id":{"name":"CPR","value":"170692-9029"},"picture":{"large":"https://randomuser.me/api/portraits/women/13.jpg","medium":"https://randomuser.me/api/portraits/med/women/13.jpg","thumbnail":"https://randomuser.me/api/portraits/thumb/women/13.jpg"},"nat":"DK"}],"info":{"seed":"7b54183e765fb1b7","results":1,"page":1,"version":"1.4"}} 
 </msg>
<msg time="2024-06-23T13:14:44.560205" level="INFO">/opt/hostedtoolcache/Python/3.12.4/x64/lib/python3.12/site-packages/urllib3/connectionpool.py:1099: InsecureRequestWarning: Unverified HTTPS request is being made to host 'randomuser.me'. Adding certificate verification is strongly advised. See: https://urllib3.readthedocs.io/en/latest/advanced-usage.html#tls-warnings
  warnings.warn(</msg>
<msg time="2024-06-23T13:14:44.560307" level="INFO">${response} = &lt;Response [200]&gt;</msg>
<var>${response}</var>
<arg>consultarAPI</arg>
<arg>/api</arg>
<doc>Sends a GET request on a previously created HTTP Session.</doc>
<status status="PASS" start="2024-06-23T13:14:44.458745" elapsed="0.101591"/>
</kw>
<kw name="Set Variable" owner="BuiltIn">
<msg time="2024-06-23T13:14:44.561277" level="INFO">${json_data} = {'results': [{'gender': 'female', 'name': {'title': 'Ms', 'first': 'Frida', 'last': 'Hansen'}, 'location': {'street': {'number': 3708, 'name': 'Lokesvej'}, 'city': 'Amager', 'state': 'Syddanmark', 'co...</msg>
<var>${json_data}</var>
<arg>${response.json()}</arg>
<doc>Returns the given values which can then be assigned to a variables.</doc>
<status status="PASS" start="2024-06-23T13:14:44.560782" elapsed="0.000525"/>
</kw>
<kw name="Log" owner="BuiltIn">
<msg time="2024-06-23T13:14:44.561808" level="INFO">{'results': [{'gender': 'female', 'name': {'title': 'Ms', 'first': 'Frida', 'last': 'Hansen'}, 'location': {'street': {'number': 3708, 'name': 'Lokesvej'}, 'city': 'Amager', 'state': 'Syddanmark', 'country': 'Denmark', 'postcode': 72479, 'coordinates': {'latitude': '-41.3667', 'longitude': '10.8901'}, 'timezone': {'offset': '-8:00', 'description': 'Pacific Time (US &amp; Canada)'}}, 'email': 'frida.hansen@example.com', 'login': {'uuid': '52f2571f-bea6-4a2a-9b68-0ed92d03647e', 'username': 'orangebear892', 'password': 'highland', 'salt': '3PxQlOuT', 'md5': '6ab05c977b557ef3889fbf5b9f483688', 'sha1': '9ac520d532991d4653791c969d2fffa2732fcef0', 'sha256': 'a4ab4d00a173efd5e211faeae0eb4255e35ec8abfe60978153dfee91e34f550e'}, 'dob': {'date': '1992-06-17T18:40:08.776Z', 'age': 32}, 'registered': {'date': '2014-08-15T18:11:16.782Z', 'age': 9}, 'phone': '80232496', 'cell': '75817944', 'id': {'name': 'CPR', 'value': '170692-9029'}, 'picture': {'large': 'https://randomuser.me/api/portraits/women/13.jpg', 'medium': 'https://randomuser.me/api/portraits/med/women/13.jpg', 'thumbnail': 'https://randomuser.me/api/portraits/thumb/women/13.jpg'}, 'nat': 'DK'}], 'info': {'seed': '7b54183e765fb1b7', 'results': 1, 'page': 1, 'version': '1.4'}}</msg>
<arg>${json_data}</arg>
<doc>Logs the given message with the given level.</doc>
<status status="PASS" start="2024-06-23T13:14:44.561615" elapsed="0.000250"/>
</kw>
<kw name="Should Be Equal As Numbers" owner="BuiltIn">
<arg>${json_data['results'][0]['location']['postcode']}</arg>
<arg>${json_data['results'][0]['location']['postcode']}</arg>
<doc>Fails if objects are unequal after converting them to real numbers.</doc>
<status status="PASS" start="2024-06-23T13:14:44.562164" elapsed="0.000631"/>
</kw>
<kw name="Log" owner="BuiltIn">
<msg time="2024-06-23T13:14:44.563333" level="INFO">72479</msg>
<arg>${json_data['results'][0]['location']['postcode']}</arg>
<doc>Logs the given message with the given level.</doc>
<status status="PASS" start="2024-06-23T13:14:44.562991" elapsed="0.000382"/>
</kw>
<status status="PASS" start="2024-06-23T13:14:44.458518" elapsed="0.105137"/>
</kw>
<doc>Testa se os tipos de dados na resposta da API estão corretos.</doc>
<tag>testeTiposDados</tag>
<status status="PASS" start="2024-06-23T13:14:44.362387" elapsed="0.201438"/>
</test>
<test id="s1-s1-t5" name="Validar conteudo" line="35">
<kw name="Teste de Tipos de Conteudo" owner="random-user-service">
<kw name="GET On Session" owner="RequestsLibrary">
<msg time="2024-06-23T13:14:44.668526" level="INFO">GET Request : url=https://randomuser.me/api 
 path_url=/api 
 headers={'User-Agent': 'python-requests/2.32.3', 'Accept-Encoding': 'gzip, deflate', 'Accept': '*/*', 'Connection': 'keep-alive'} 
 body=None 
 </msg>
<msg time="2024-06-23T13:14:44.668639" level="INFO">GET Response : url=https://randomuser.me/api 
 status=200, reason=OK 
 headers={'Date': 'Sun, 23 Jun 2024 13:14:44 GMT', 'Content-Type': 'application/json; charset=utf-8', 'Transfer-Encoding': 'chunked', 'Connection': 'keep-alive', 'X-Powered-By': 'Express', 'Access-Control-Allow-Origin': '*', 'Cache-Control': 'no-cache', 'ETag': 'W/"495-nADl2rFMFKhfGQP1RwV0pmgqjYo"', 'Vary': 'Accept-Encoding', 'Content-Encoding': 'gzip', 'CF-Cache-Status': 'DYNAMIC', 'Report-To': '{"endpoints":[{"url":"https:\\/\\/a.nel.cloudflare.com\\/report\\/v4?s=hejVd49d4XdjDxP%2FOf1G8mqCwwaDQ9hoTX3IK8slJott3NxBn0p3XNAaGqsqDg0WzKUnPY8sNfNJ7JugU4o%2FuUQMaM60hAJlXD5SANiDgmJwM4EwxfbdXWWLuvI%2FjgoK"}],"group":"cf-nel","max_age":604800}', 'NEL': '{"success_fraction":0,"report_to":"cf-nel","max_age":604800}', 'Server': 'cloudflare', 'CF-RAY': '8984be2c8871cf5d-SJC', 'alt-svc': 'h3=":443"; ma=86400'} 
 body={"results":[{"gender":"male","name":{"title":"Mr","first":"عباس","last":"رضاییان"},"location":{"street":{"number":8058,"name":"میرداماد"},"city":"نیشابور","state":"مرکزی","country":"Iran","postcode":70576,"coordinates":{"latitude":"13.6531","longitude":"-71.7460"},"timezone":{"offset":"+11:00","description":"Magadan, Solomon Islands, New Caledonia"}},"email":"aabs.rdyyn@example.com","login":{"uuid":"93fcccaa-c01d-4868-b5e5-3fbe76265133","username":"tinygoose288","password":"frontier","salt":"Uaf1HyGT","md5":"9c4fab654f08fafe1e26753435d24c28","sha1":"9a5639c3a50e5a1394c96d96ea1634a3ebf1b122","sha256":"5ab7df7e164b59ae561159d4a88067bccee3f21cff9b5244c4edbd20fabf36a0"},"dob":{"date":"2000-09-08T20:13:50.061Z","age":23},"registered":{"date":"2016-05-09T17:10:12.658Z","age":8},"phone":"044-14312274","cell":"0960-771-2436","id":{"name":"","value":null},"picture":{"large":"https://randomuser.me/api/portraits/men/92.jpg","medium":"https://randomuser.me/api/portraits/med/men/92.jpg","thumbnail":"https://randomuser.me/api/portraits/thumb/men/92.jpg"},"nat":"IR"}],"info":{"seed":"224a2a3b15bf1fd8","results":1,"page":1,"version":"1.4"}} 
 </msg>
<msg time="2024-06-23T13:14:44.668743" level="INFO">/opt/hostedtoolcache/Python/3.12.4/x64/lib/python3.12/site-packages/urllib3/connectionpool.py:1099: InsecureRequestWarning: Unverified HTTPS request is being made to host 'randomuser.me'. Adding certificate verification is strongly advised. See: https://urllib3.readthedocs.io/en/latest/advanced-usage.html#tls-warnings
  warnings.warn(</msg>
<msg time="2024-06-23T13:14:44.668876" level="INFO">${response} = &lt;Response [200]&gt;</msg>
<var>${response}</var>
<arg>consultarAPI</arg>
<arg>/api</arg>
<doc>Sends a GET request on a previously created HTTP Session.</doc>
<status status="PASS" start="2024-06-23T13:14:44.566535" elapsed="0.102381"/>
</kw>
<kw name="Set Variable" owner="BuiltIn">
<msg time="2024-06-23T13:14:44.670053" level="INFO">${json_data} = {'results': [{'gender': 'male', 'name': {'title': 'Mr', 'first': 'عباس', 'last': 'رضاییان'}, 'location': {'street': {'number': 8058, 'name': 'میرداماد'}, 'city': 'نیشابور', 'state': 'مرکزی', 'country'...</msg>
<var>${json_data}</var>
<arg>${response.json()}</arg>
<doc>Returns the given values which can then be assigned to a variables.</doc>
<status status="PASS" start="2024-06-23T13:14:44.669484" elapsed="0.000600"/>
</kw>
<kw name="Set Variable" owner="BuiltIn">
<msg time="2024-06-23T13:14:44.670786" level="INFO">${name_title} = Mr</msg>
<var>${name_title}</var>
<arg>${json_data["results"][0]["name"]["title"]}</arg>
<doc>Returns the given values which can then be assigned to a variables.</doc>
<status status="PASS" start="2024-06-23T13:14:44.670400" elapsed="0.000411"/>
</kw>
<kw name="Create List" owner="BuiltIn">
<msg time="2024-06-23T13:14:44.671261" level="INFO">${allowed_titles} = ['Mr', 'Ms', 'Miss', 'Mrs', 'Madame', 'Monsieur']</msg>
<var>${allowed_titles}</var>
<arg>Mr</arg>
<arg>Ms</arg>
<arg>Miss</arg>
<arg>Mrs</arg>
<arg>Madame</arg>
<arg>Monsieur</arg>
<doc>Returns a list containing given items.</doc>
<status status="PASS" start="2024-06-23T13:14:44.671111" elapsed="0.000175"/>
</kw>
<kw name="List Should Contain Value" owner="Collections">
<arg>${allowed_titles}</arg>
<arg>${name_title}</arg>
<doc>Fails if the ``value`` is not found from ``list``.</doc>
<status status="PASS" start="2024-06-23T13:14:44.671579" elapsed="0.000178"/>
</kw>
<kw name="Set Variable" owner="BuiltIn">
<msg time="2024-06-23T13:14:44.672301" level="INFO">${name_country} = IR</msg>
<var>${name_country}</var>
<arg>${json_data["results"][0]["nat"]}</arg>
<doc>Returns the given values which can then be assigned to a variables.</doc>
<status status="PASS" start="2024-06-23T13:14:44.671937" elapsed="0.000389"/>
</kw>
<kw name="Create List" owner="BuiltIn">
<msg time="2024-06-23T13:14:44.673202" level="INFO">${list_country} = ['AD', 'AE', 'AF', 'AG', 'AI', 'AL', 'AM', 'AO', 'AQ', 'AR', 'AS', 'AT', 'AU', 'AW', 'AX', 'AZ', 'BA', 'BB', 'BD', 'BE', 'BF', 'BG', 'BH', 'BI', 'BJ', 'BL', 'BM', 'BN', 'BO', 'BQ', 'BR', 'BS', 'BT', '...</msg>
<var>${list_country}</var>
<arg>AD</arg>
<arg>AE</arg>
<arg>AF</arg>
<arg>AG</arg>
<arg>AI</arg>
<arg>AL</arg>
<arg>AM</arg>
<arg>AO</arg>
<arg>AQ</arg>
<arg>AR</arg>
<arg>AS</arg>
<arg>AT</arg>
<arg>AU</arg>
<arg>AW</arg>
<arg>AX</arg>
<arg>AZ</arg>
<arg>BA</arg>
<arg>BB</arg>
<arg>BD</arg>
<arg>BE</arg>
<arg>BF</arg>
<arg>BG</arg>
<arg>BH</arg>
<arg>BI</arg>
<arg>BJ</arg>
<arg>BL</arg>
<arg>BM</arg>
<arg>BN</arg>
<arg>BO</arg>
<arg>BQ</arg>
<arg>BR</arg>
<arg>BS</arg>
<arg>BT</arg>
<arg>BV</arg>
<arg>BW</arg>
<arg>BY</arg>
<arg>BZ</arg>
<arg>CA</arg>
<arg>CC</arg>
<arg>CD</arg>
<arg>CF</arg>
<arg>CG</arg>
<arg>CH</arg>
<arg>CI</arg>
<arg>CK</arg>
<arg>CL</arg>
<arg>CM</arg>
<arg>CN</arg>
<arg>CO</arg>
<arg>CR</arg>
<arg>CU</arg>
<arg>CV</arg>
<arg>CW</arg>
<arg>CX</arg>
<arg>CY</arg>
<arg>CZ</arg>
<arg>DE</arg>
<arg>DJ</arg>
<arg>DK</arg>
<arg>DM</arg>
<arg>DO</arg>
<arg>DZ</arg>
<arg>EC</arg>
<arg>EE</arg>
<arg>EG</arg>
<arg>EH</arg>
<arg>ER</arg>
<arg>ES</arg>
<arg>ET</arg>
<arg>FI</arg>
<arg>FJ</arg>
<arg>FK</arg>
<arg>FM</arg>
<arg>FO</arg>
<arg>FR</arg>
<arg>GA</arg>
<arg>GB</arg>
<arg>GD</arg>
<arg>GE</arg>
<arg>GF</arg>
<arg>GG</arg>
<arg>GH</arg>
<arg>GI</arg>
<arg>GL</arg>
<arg>GM</arg>
<arg>GN</arg>
<arg>GP</arg>
<arg>GQ</arg>
<arg>GR</arg>
<arg>GS</arg>
<arg>GT</arg>
<arg>GU</arg>
<arg>GW</arg>
<arg>GY</arg>
<arg>HK</arg>
<arg>HM</arg>
<arg>HN</arg>
<arg>HR</arg>
<arg>HT</arg>
<arg>HU</arg>
<arg>ID</arg>
<arg>IE</arg>
<arg>IL</arg>
<arg>IM</arg>
<arg>IN</arg>
<arg>IO</arg>
<arg>IQ</arg>
<arg>IR</arg>
<arg>IS</arg>
<arg>IT</arg>
<arg>JE</arg>
<arg>JM</arg>
<arg>JO</arg>
<arg>JP</arg>
<arg>KE</arg>
<arg>KG</arg>
<arg>KH</arg>
<arg>KI</arg>
<arg>KM</arg>
<arg>KN</arg>
<arg>KP</arg>
<arg>KR</arg>
<arg>KW</arg>
<arg>KY</arg>
<arg>KZ</arg>
<arg>LA</arg>
<arg>LB</arg>
<arg>LC</arg>
<arg>LI</arg>
<arg>LK</arg>
<arg>LR</arg>
<arg>LS</arg>
<arg>LT</arg>
<arg>LU</arg>
<arg>LV</arg>
<arg>LY</arg>
<arg>MA</arg>
<arg>MC</arg>
<arg>MD</arg>
<arg>ME</arg>
<arg>MF</arg>
<arg>MG</arg>
<arg>MH</arg>
<arg>MK</arg>
<arg>ML</arg>
<arg>MM</arg>
<arg>MN</arg>
<arg>MO</arg>
<arg>MP</arg>
<arg>MQ</arg>
<arg>MR</arg>
<arg>MS</arg>
<arg>MT</arg>
<arg>MU</arg>
<arg>MV</arg>
<arg>MW</arg>
<arg>MX</arg>
<arg>MY</arg>
<arg>MZ</arg>
<arg>NA</arg>
<arg>NC</arg>
<arg>NE</arg>
<arg>NF</arg>
<arg>NG</arg>
<arg>NI</arg>
<arg>NL</arg>
<arg>NO</arg>
<arg>NP</arg>
<arg>NR</arg>
<arg>NU</arg>
<arg>NZ</arg>
<arg>OM</arg>
<arg>PA</arg>
<arg>PE</arg>
<arg>PF</arg>
<arg>PG</arg>
<arg>PH</arg>
<arg>PK</arg>
<arg>PL</arg>
<arg>PM</arg>
<arg>PN</arg>
<arg>PR</arg>
<arg>PS</arg>
<arg>PT</arg>
<arg>PW</arg>
<arg>PY</arg>
<arg>QA</arg>
<arg>RE</arg>
<arg>RO</arg>
<arg>RS</arg>
<arg>RU</arg>
<arg>RW</arg>
<arg>SA</arg>
<arg>SB</arg>
<arg>SC</arg>
<arg>SD</arg>
<arg>SE</arg>
<arg>SG</arg>
<arg>SH</arg>
<arg>SI</arg>
<arg>SJ</arg>
<arg>SK</arg>
<arg>SL</arg>
<arg>SM</arg>
<arg>SN</arg>
<arg>SO</arg>
<arg>SR</arg>
<arg>SS</arg>
<arg>ST</arg>
<arg>SV</arg>
<arg>SX</arg>
<arg>SY</arg>
<arg>SZ</arg>
<arg>TC</arg>
<arg>TD</arg>
<arg>TF</arg>
<arg>TG</arg>
<arg>TH</arg>
<arg>TJ</arg>
<arg>TK</arg>
<arg>TL</arg>
<arg>TM</arg>
<arg>TN</arg>
<arg>TO</arg>
<arg>TR</arg>
<arg>TT</arg>
<arg>TV</arg>
<arg>TW</arg>
<arg>TZ</arg>
<arg>UA</arg>
<arg>UG</arg>
<arg>UM</arg>
<arg>US</arg>
<arg>UY</arg>
<arg>UZ</arg>
<arg>VA</arg>
<arg>VC</arg>
<arg>VE</arg>
<arg>VG</arg>
<arg>VI</arg>
<arg>VN</arg>
<arg>VU</arg>
<arg>WF</arg>
<arg>WS</arg>
<arg>XK</arg>
<arg>YE</arg>
<arg>YT</arg>
<arg>ZA</arg>
<arg>ZM</arg>
<arg>ZW</arg>
<doc>Returns a list containing given items.</doc>
<status status="PASS" start="2024-06-23T13:14:44.672610" elapsed="0.000617"/>
</kw>
<kw name="List Should Contain Value" owner="Collections">
<arg>${list_country}</arg>
<arg>${name_country}</arg>
<doc>Fails if the ``value`` is not found from ``list``.</doc>
<status status="PASS" start="2024-06-23T13:14:44.674049" elapsed="0.000204"/>
</kw>
<kw name="Run Keyword If" owner="BuiltIn">
<kw name="Should Be True" owner="BuiltIn">
<arg>${True}</arg>
<doc>Fails if the given condition is not true.</doc>
<status status="PASS" start="2024-06-23T13:14:44.675176" elapsed="0.000141"/>
</kw>
<arg>${json_data["results"][0]["location"]["coordinates"]["latitude"]} &gt;= -90 and ${json_data["results"][0]["location"]["coordinates"]["latitude"]} &lt;= 90</arg>
<arg>Should Be True</arg>
<arg>${True}</arg>
<doc>Runs the given keyword with the given arguments, if ``condition`` is true.</doc>
<status status="PASS" start="2024-06-23T13:14:44.674445" elapsed="0.000996"/>
</kw>
<kw name="Run Keyword If" owner="BuiltIn">
<kw name="Should Be True" owner="BuiltIn">
<arg>${True}</arg>
<doc>Fails if the given condition is not true.</doc>
<status status="PASS" start="2024-06-23T13:14:44.676314" elapsed="0.000133"/>
</kw>
<arg>${json_data["results"][0]["location"]["coordinates"]["longitude"]} &gt;= -180 and ${json_data["results"][0]["location"]["coordinates"]["longitude"]} &lt;= 180</arg>
<arg>Should Be True</arg>
<arg>${True}</arg>
<doc>Runs the given keyword with the given arguments, if ``condition`` is true.</doc>
<status status="PASS" start="2024-06-23T13:14:44.675631" elapsed="0.000935"/>
</kw>
<status status="PASS" start="2024-06-23T13:14:44.566164" elapsed="0.110531"/>
</kw>
<doc>Testa o conteúdo específico dos campos retornados pela API.</doc>
<tag>testeConteudo</tag>
<status status="PASS" start="2024-06-23T13:14:44.565604" elapsed="0.111241"/>
</test>
<status status="PASS" start="2024-06-23T13:14:43.617112" elapsed="1.061649"/>
</suite>
<status status="PASS" start="2024-06-23T13:14:43.602793" elapsed="1.081085"/>
</suite>
<statistics>
<total>
<stat pass="5" fail="0" skip="0">All Tests</stat>
</total>
<tag>
<stat pass="1" fail="0" skip="0">testeConteudo</stat>
<stat pass="1" fail="0" skip="0">testeEstruturaResposta</stat>
<stat pass="1" fail="0" skip="0">testeRequisicaoBasica</stat>
<stat pass="1" fail="0" skip="0">testeTiposDados</stat>
</tag>
<suite>
<stat pass="5" fail="0" skip="0" id="s1" name="Tests">Tests</stat>
<stat pass="5" fail="0" skip="0" id="s1-s1" name="Random-User-Test">Tests.Random-User-Test</stat>
</suite>
</statistics>
<errors>
</errors>
</robot>
