<?xml version="1.0" encoding="UTF-8"?>
<robot generator="Robot 7.0.1 (Python 3.12.3 on linux)" generated="2024-06-13T20:15:45.389047" rpa="false" schemaversion="5">
<suite id="s1" name="Tests" source="/home/runner/work/ApiRandomUser/ApiRandomUser/RamdonUser/tests">
<suite id="s1-s1" name="Random-User-Test" source="/home/runner/work/ApiRandomUser/ApiRandomUser/RamdonUser/tests/random-user-test.robot">
<test id="s1-s1-t1" name="Conectar" line="13">
<kw name="Conectar API" owner="random-user-service">
<kw name="Create Session" owner="RequestsLibrary">
<msg time="2024-06-13T20:15:45.846503" level="INFO">Creating Session using : alias=consultarAPI, url=https://randomuser.me/, headers={},                     cookies={}, auth=None, timeout=None, proxies=None, verify=False,                     debug=0 </msg>
<arg>consultarAPI</arg>
<arg>${URL}</arg>
<doc>Create Session: create a HTTP session to a server</doc>
<status status="PASS" start="2024-06-13T20:15:45.846265" elapsed="0.000463"/>
</kw>
<status status="PASS" start="2024-06-13T20:15:45.845090" elapsed="0.002086"/>
</kw>
<status status="PASS" start="2024-06-13T20:15:45.844440" elapsed="0.002938"/>
</test>
<test id="s1-s1-t2" name="Validar retorno 200 e JSON Válido" line="16">
<kw name="Teste de Requisicao Basica" owner="random-user-service">
<kw name="GET On Session" owner="RequestsLibrary">
<msg time="2024-06-13T20:15:45.913761" level="INFO">GET Request : url=https://randomuser.me/api 
 path_url=/api 
 headers={'User-Agent': 'python-requests/2.32.3', 'Accept-Encoding': 'gzip, deflate', 'Accept': '*/*', 'Connection': 'keep-alive'} 
 body=None 
 </msg>
<msg time="2024-06-13T20:15:45.913958" level="INFO">GET Response : url=https://randomuser.me/api 
 status=200, reason=OK 
 headers={'Date': 'Thu, 13 Jun 2024 20:15:45 GMT', 'Content-Type': 'application/json; charset=utf-8', 'Transfer-Encoding': 'chunked', 'Connection': 'keep-alive', 'X-Powered-By': 'Express', 'Access-Control-Allow-Origin': '*', 'Cache-Control': 'no-cache', 'ETag': 'W/"45a-7GCm1RYuNjpZkgscKqsEyMnqqgk"', 'Vary': 'Accept-Encoding', 'Content-Encoding': 'gzip', 'CF-Cache-Status': 'DYNAMIC', 'Report-To': '{"endpoints":[{"url":"https:\\/\\/a.nel.cloudflare.com\\/report\\/v4?s=3zRUQE7ZnSchI0PRNK7lv8uAre1FQBIcIWr%2Fdg9iFxpxCkp%2BrXptXi4EhPRuc4CeLuCvYwWhEBhulyTlqPwsjN3%2BDDNH56HFG%2B%2BritY93UHTHnh%2Fw4KXaDnqpUmEq53z"}],"group":"cf-nel","max_age":604800}', 'NEL': '{"success_fraction":0,"report_to":"cf-nel","max_age":604800}', 'Server': 'cloudflare', 'CF-RAY': '8934c127b9695722-IAD', 'alt-svc': 'h3=":443"; ma=86400'} 
 body={"results":[{"gender":"male","name":{"title":"Mr","first":"Koray","last":"Kunt"},"location":{"street":{"number":4619,"name":"Mevlana Cd"},"city":"Tekirdağ","state":"Ordu","country":"Turkey","postcode":77206,"coordinates":{"latitude":"65.9002","longitude":"-92.2305"},"timezone":{"offset":"-10:00","description":"Hawaii"}},"email":"koray.kunt@example.com","login":{"uuid":"9917ebab-4629-4bdd-8b68-dfaee16c035c","username":"greenleopard871","password":"qing","salt":"sykKS1YG","md5":"044aba09e15ec74b6765495ca9404f53","sha1":"36273419b9bed7e6f1785a226014237e0edfd496","sha256":"5a9acb7a5af61ff36d6079750758281298f179ef4cf8c05fc173c751ec6c0fcb"},"dob":{"date":"1998-02-07T12:32:49.204Z","age":26},"registered":{"date":"2015-07-06T05:55:30.564Z","age":8},"phone":"(904)-701-3717","cell":"(161)-552-3976","id":{"name":"","value":null},"picture":{"large":"https://randomuser.me/api/portraits/men/91.jpg","medium":"https://randomuser.me/api/portraits/med/men/91.jpg","thumbnail":"https://randomuser.me/api/portraits/thumb/men/91.jpg"},"nat":"TR"}],"info":{"seed":"a48f07a8bd031b25","results":1,"page":1,"version":"1.4"}} 
 </msg>
<msg time="2024-06-13T20:15:45.914067" level="INFO">/opt/hostedtoolcache/Python/3.12.3/x64/lib/python3.12/site-packages/urllib3/connectionpool.py:1103: InsecureRequestWarning: Unverified HTTPS request is being made to host 'randomuser.me'. Adding certificate verification is strongly advised. See: https://urllib3.readthedocs.io/en/latest/advanced-usage.html#tls-warnings
  warnings.warn(</msg>
<msg time="2024-06-13T20:15:45.914222" level="INFO">${response} = &lt;Response [200]&gt;</msg>
<var>${response}</var>
<arg>consultarAPI</arg>
<arg>/api</arg>
<doc>Sends a GET request on a previously created HTTP Session.</doc>
<status status="PASS" start="2024-06-13T20:15:45.850399" elapsed="0.063869"/>
</kw>
<kw name="Should Be Equal As Numbers" owner="BuiltIn">
<msg time="2024-06-13T20:15:45.915644" level="INFO">Argument types are:
&lt;class 'int'&gt;
&lt;class 'str'&gt;</msg>
<arg>${response.status_code}</arg>
<arg>200</arg>
<doc>Fails if objects are unequal after converting them to real numbers.</doc>
<status status="PASS" start="2024-06-13T20:15:45.915084" elapsed="0.000631"/>
</kw>
<kw name="Log" owner="BuiltIn">
<msg time="2024-06-13T20:15:45.916490" level="INFO">200</msg>
<arg>${response.status_code}</arg>
<doc>Logs the given message with the given level.</doc>
<status status="PASS" start="2024-06-13T20:15:45.916079" elapsed="0.000466"/>
</kw>
<kw name="Set Variable" owner="BuiltIn">
<msg time="2024-06-13T20:15:45.917327" level="INFO">${json_data} = {'results': [{'gender': 'male', 'name': {'title': 'Mr', 'first': 'Koray', 'last': 'Kunt'}, 'location': {'street': {'number': 4619, 'name': 'Mevlana Cd'}, 'city': 'Tekirdağ', 'state': 'Ordu', 'country'...</msg>
<var>${json_data}</var>
<arg>${response.json()}</arg>
<doc>Returns the given values which can then be assigned to a variables.</doc>
<status status="PASS" start="2024-06-13T20:15:45.916866" elapsed="0.000492"/>
</kw>
<kw name="Dictionary Should Contain Key" owner="Collections">
<arg>${json_data}</arg>
<arg>results</arg>
<doc>Fails if ``key`` is not found from ``dictionary``.</doc>
<status status="PASS" start="2024-06-13T20:15:45.917665" elapsed="0.000166"/>
</kw>
<status status="PASS" start="2024-06-13T20:15:45.850099" elapsed="0.067884"/>
</kw>
<doc>Testa se a API responde corretamente e retorna um objeto JSON válido.</doc>
<tag>testeRequisicaoBasica</tag>
<status status="PASS" start="2024-06-13T20:15:45.849491" elapsed="0.068671"/>
</test>
<test id="s1-s1-t3" name="Validar estrutura de resposta" line="22">
<kw name="Teste de Estrutura de Resposta" owner="random-user-service">
<kw name="GET On Session" owner="RequestsLibrary">
<msg time="2024-06-13T20:15:46.024955" level="INFO">GET Request : url=https://randomuser.me/api 
 path_url=/api 
 headers={'User-Agent': 'python-requests/2.32.3', 'Accept-Encoding': 'gzip, deflate', 'Accept': '*/*', 'Connection': 'keep-alive'} 
 body=None 
 </msg>
<msg time="2024-06-13T20:15:46.025093" level="INFO">GET Response : url=https://randomuser.me/api 
 status=200, reason=OK 
 headers={'Date': 'Thu, 13 Jun 2024 20:15:46 GMT', 'Content-Type': 'application/json; charset=utf-8', 'Transfer-Encoding': 'chunked', 'Connection': 'keep-alive', 'X-Powered-By': 'Express', 'Access-Control-Allow-Origin': '*', 'Cache-Control': 'no-cache', 'ETag': 'W/"48f-RvOSxPJNdOnOFDs9dwUk20p+q7g"', 'Vary': 'Accept-Encoding', 'Content-Encoding': 'gzip', 'CF-Cache-Status': 'DYNAMIC', 'Report-To': '{"endpoints":[{"url":"https:\\/\\/a.nel.cloudflare.com\\/report\\/v4?s=qx%2FyE30sQ7nHsIJEESreaGE1pMYlveP9d1slmzAk0oUOVrNcBkEXy0PdWpSzgc%2FR8Y%2BPp1W48NVVJxdIkx5zl8oFyUInTvBKPnprljbyX0NBTvKKgQmcmsuLDvjvaSBe"}],"group":"cf-nel","max_age":604800}', 'NEL': '{"success_fraction":0,"report_to":"cf-nel","max_age":604800}', 'Server': 'cloudflare', 'CF-RAY': '8934c1280a035722-IAD', 'alt-svc': 'h3=":443"; ma=86400'} 
 body={"results":[{"gender":"male","name":{"title":"Mr","first":"Krish","last":"Mathew"},"location":{"street":{"number":7603,"name":"Commercial St"},"city":"Machilipatnam","state":"Kerala","country":"India","postcode":29107,"coordinates":{"latitude":"6.6747","longitude":"-15.4249"},"timezone":{"offset":"+11:00","description":"Magadan, Solomon Islands, New Caledonia"}},"email":"krish.mathew@example.com","login":{"uuid":"88fc3873-fd99-4e3b-b1ca-8f239733abe5","username":"smallmouse569","password":"aaliyah","salt":"81JK6oUp","md5":"e6c2f0e1a01dcf73d2dd811711c61831","sha1":"4cd04539b54d577dd0df4c0a68d98086d5d65456","sha256":"44d1da4088f11da8c783b8b18c664d9eb94435cbfd4108a03fcb8aeff37bd19f"},"dob":{"date":"2000-07-29T17:07:13.576Z","age":23},"registered":{"date":"2005-03-25T15:34:43.312Z","age":19},"phone":"8422668305","cell":"7225137737","id":{"name":"UIDAI","value":"935888508304"},"picture":{"large":"https://randomuser.me/api/portraits/men/23.jpg","medium":"https://randomuser.me/api/portraits/med/men/23.jpg","thumbnail":"https://randomuser.me/api/portraits/thumb/men/23.jpg"},"nat":"IN"}],"info":{"seed":"6f79de5ea2522ee2","results":1,"page":1,"version":"1.4"}} 
 </msg>
<msg time="2024-06-13T20:15:46.025297" level="INFO">/opt/hostedtoolcache/Python/3.12.3/x64/lib/python3.12/site-packages/urllib3/connectionpool.py:1103: InsecureRequestWarning: Unverified HTTPS request is being made to host 'randomuser.me'. Adding certificate verification is strongly advised. See: https://urllib3.readthedocs.io/en/latest/advanced-usage.html#tls-warnings
  warnings.warn(</msg>
<msg time="2024-06-13T20:15:46.025448" level="INFO">${response} = &lt;Response [200]&gt;</msg>
<var>${response}</var>
<arg>consultarAPI</arg>
<arg>/api</arg>
<doc>Sends a GET request on a previously created HTTP Session.</doc>
<status status="PASS" start="2024-06-13T20:15:45.921164" elapsed="0.104326"/>
</kw>
<kw name="Set Variable" owner="BuiltIn">
<msg time="2024-06-13T20:15:46.027009" level="INFO">${json_data} = {'results': [{'gender': 'male', 'name': {'title': 'Mr', 'first': 'Krish', 'last': 'Mathew'}, 'location': {'street': {'number': 7603, 'name': 'Commercial St'}, 'city': 'Machilipatnam', 'state': 'Kerala...</msg>
<var>${json_data}</var>
<arg>${response.json()}</arg>
<doc>Returns the given values which can then be assigned to a variables.</doc>
<status status="PASS" start="2024-06-13T20:15:46.026323" elapsed="0.000719"/>
</kw>
<kw name="Log" owner="BuiltIn">
<msg time="2024-06-13T20:15:46.027634" level="INFO">{'results': [{'gender': 'male', 'name': {'title': 'Mr', 'first': 'Krish', 'last': 'Mathew'}, 'location': {'street': {'number': 7603, 'name': 'Commercial St'}, 'city': 'Machilipatnam', 'state': 'Kerala', 'country': 'India', 'postcode': 29107, 'coordinates': {'latitude': '6.6747', 'longitude': '-15.4249'}, 'timezone': {'offset': '+11:00', 'description': 'Magadan, Solomon Islands, New Caledonia'}}, 'email': 'krish.mathew@example.com', 'login': {'uuid': '88fc3873-fd99-4e3b-b1ca-8f239733abe5', 'username': 'smallmouse569', 'password': 'aaliyah', 'salt': '81JK6oUp', 'md5': 'e6c2f0e1a01dcf73d2dd811711c61831', 'sha1': '4cd04539b54d577dd0df4c0a68d98086d5d65456', 'sha256': '44d1da4088f11da8c783b8b18c664d9eb94435cbfd4108a03fcb8aeff37bd19f'}, 'dob': {'date': '2000-07-29T17:07:13.576Z', 'age': 23}, 'registered': {'date': '2005-03-25T15:34:43.312Z', 'age': 19}, 'phone': '8422668305', 'cell': '7225137737', 'id': {'name': 'UIDAI', 'value': '935888508304'}, 'picture': {'large': 'https://randomuser.me/api/portraits/men/23.jpg', 'medium': 'https://randomuser.me/api/portraits/med/men/23.jpg', 'thumbnail': 'https://randomuser.me/api/portraits/thumb/men/23.jpg'}, 'nat': 'IN'}], 'info': {'seed': '6f79de5ea2522ee2', 'results': 1, 'page': 1, 'version': '1.4'}}</msg>
<arg>${json_data}</arg>
<doc>Logs the given message with the given level.</doc>
<status status="PASS" start="2024-06-13T20:15:46.027448" elapsed="0.000239"/>
</kw>
<kw name="Dictionary Should Contain Key" owner="Collections">
<arg>${json_data}</arg>
<arg>results</arg>
<doc>Fails if ``key`` is not found from ``dictionary``.</doc>
<status status="PASS" start="2024-06-13T20:15:46.028003" elapsed="0.000221"/>
</kw>
<kw name="Should Not Be Empty" owner="BuiltIn">
<msg time="2024-06-13T20:15:46.028559" level="INFO">Length is 2.</msg>
<arg>${json_data}</arg>
<doc>Verifies that the given item is not empty.</doc>
<status status="PASS" start="2024-06-13T20:15:46.028429" elapsed="0.000168"/>
</kw>
<kw name="Create List" owner="BuiltIn">
<msg time="2024-06-13T20:15:46.029045" level="INFO">${expected_keys} = ['gender', 'name', 'location', 'email', 'login']</msg>
<var>${expected_keys}</var>
<arg>gender</arg>
<arg>name</arg>
<arg>location</arg>
<arg>email</arg>
<arg>login</arg>
<doc>Returns a list containing given items.</doc>
<status status="PASS" start="2024-06-13T20:15:46.028894" elapsed="0.000176"/>
</kw>
<for flavor="IN">
<iter>
<kw name="Dictionary Should Contain Key" owner="Collections">
<arg>${json_data['results'][0]}</arg>
<arg>${key}</arg>
<doc>Fails if ``key`` is not found from ``dictionary``.</doc>
<status status="PASS" start="2024-06-13T20:15:46.029684" elapsed="0.000449"/>
</kw>
<kw name="Log" owner="BuiltIn">
<msg time="2024-06-13T20:15:46.030694" level="INFO">{'gender': 'male', 'name': {'title': 'Mr', 'first': 'Krish', 'last': 'Mathew'}, 'location': {'street': {'number': 7603, 'name': 'Commercial St'}, 'city': 'Machilipatnam', 'state': 'Kerala', 'country': 'India', 'postcode': 29107, 'coordinates': {'latitude': '6.6747', 'longitude': '-15.4249'}, 'timezone': {'offset': '+11:00', 'description': 'Magadan, Solomon Islands, New Caledonia'}}, 'email': 'krish.mathew@example.com', 'login': {'uuid': '88fc3873-fd99-4e3b-b1ca-8f239733abe5', 'username': 'smallmouse569', 'password': 'aaliyah', 'salt': '81JK6oUp', 'md5': 'e6c2f0e1a01dcf73d2dd811711c61831', 'sha1': '4cd04539b54d577dd0df4c0a68d98086d5d65456', 'sha256': '44d1da4088f11da8c783b8b18c664d9eb94435cbfd4108a03fcb8aeff37bd19f'}, 'dob': {'date': '2000-07-29T17:07:13.576Z', 'age': 23}, 'registered': {'date': '2005-03-25T15:34:43.312Z', 'age': 19}, 'phone': '8422668305', 'cell': '7225137737', 'id': {'name': 'UIDAI', 'value': '935888508304'}, 'picture': {'large': 'https://randomuser.me/api/portraits/men/23.jpg', 'medium': 'https://randomuser.me/api/portraits/med/men/23.jpg', 'thumbnail': 'https://randomuser.me/api/portraits/thumb/men/23.jpg'}, 'nat': 'IN'}</msg>
<arg>${json_data['results'][0]}</arg>
<doc>Logs the given message with the given level.</doc>
<status status="PASS" start="2024-06-13T20:15:46.030328" elapsed="0.000417"/>
</kw>
<kw name="Log" owner="BuiltIn">
<msg time="2024-06-13T20:15:46.031181" level="INFO">gender</msg>
<arg>${key}</arg>
<doc>Logs the given message with the given level.</doc>
<status status="PASS" start="2024-06-13T20:15:46.031055" elapsed="0.000164"/>
</kw>
<var name="${key}">gender</var>
<status status="PASS" start="2024-06-13T20:15:46.029558" elapsed="0.001899"/>
</iter>
<iter>
<kw name="Dictionary Should Contain Key" owner="Collections">
<arg>${json_data['results'][0]}</arg>
<arg>${key}</arg>
<doc>Fails if ``key`` is not found from ``dictionary``.</doc>
<status status="PASS" start="2024-06-13T20:15:46.031771" elapsed="0.000430"/>
</kw>
<kw name="Log" owner="BuiltIn">
<msg time="2024-06-13T20:15:46.032757" level="INFO">{'gender': 'male', 'name': {'title': 'Mr', 'first': 'Krish', 'last': 'Mathew'}, 'location': {'street': {'number': 7603, 'name': 'Commercial St'}, 'city': 'Machilipatnam', 'state': 'Kerala', 'country': 'India', 'postcode': 29107, 'coordinates': {'latitude': '6.6747', 'longitude': '-15.4249'}, 'timezone': {'offset': '+11:00', 'description': 'Magadan, Solomon Islands, New Caledonia'}}, 'email': 'krish.mathew@example.com', 'login': {'uuid': '88fc3873-fd99-4e3b-b1ca-8f239733abe5', 'username': 'smallmouse569', 'password': 'aaliyah', 'salt': '81JK6oUp', 'md5': 'e6c2f0e1a01dcf73d2dd811711c61831', 'sha1': '4cd04539b54d577dd0df4c0a68d98086d5d65456', 'sha256': '44d1da4088f11da8c783b8b18c664d9eb94435cbfd4108a03fcb8aeff37bd19f'}, 'dob': {'date': '2000-07-29T17:07:13.576Z', 'age': 23}, 'registered': {'date': '2005-03-25T15:34:43.312Z', 'age': 19}, 'phone': '8422668305', 'cell': '7225137737', 'id': {'name': 'UIDAI', 'value': '935888508304'}, 'picture': {'large': 'https://randomuser.me/api/portraits/men/23.jpg', 'medium': 'https://randomuser.me/api/portraits/med/men/23.jpg', 'thumbnail': 'https://randomuser.me/api/portraits/thumb/men/23.jpg'}, 'nat': 'IN'}</msg>
<arg>${json_data['results'][0]}</arg>
<doc>Logs the given message with the given level.</doc>
<status status="PASS" start="2024-06-13T20:15:46.032403" elapsed="0.000455"/>
</kw>
<kw name="Log" owner="BuiltIn">
<msg time="2024-06-13T20:15:46.033304" level="INFO">name</msg>
<arg>${key}</arg>
<doc>Logs the given message with the given level.</doc>
<status status="PASS" start="2024-06-13T20:15:46.033168" elapsed="0.000176"/>
</kw>
<var name="${key}">name</var>
<status status="PASS" start="2024-06-13T20:15:46.031655" elapsed="0.001918"/>
</iter>
<iter>
<kw name="Dictionary Should Contain Key" owner="Collections">
<arg>${json_data['results'][0]}</arg>
<arg>${key}</arg>
<doc>Fails if ``key`` is not found from ``dictionary``.</doc>
<status status="PASS" start="2024-06-13T20:15:46.033882" elapsed="0.000389"/>
</kw>
<kw name="Log" owner="BuiltIn">
<msg time="2024-06-13T20:15:46.034807" level="INFO">{'gender': 'male', 'name': {'title': 'Mr', 'first': 'Krish', 'last': 'Mathew'}, 'location': {'street': {'number': 7603, 'name': 'Commercial St'}, 'city': 'Machilipatnam', 'state': 'Kerala', 'country': 'India', 'postcode': 29107, 'coordinates': {'latitude': '6.6747', 'longitude': '-15.4249'}, 'timezone': {'offset': '+11:00', 'description': 'Magadan, Solomon Islands, New Caledonia'}}, 'email': 'krish.mathew@example.com', 'login': {'uuid': '88fc3873-fd99-4e3b-b1ca-8f239733abe5', 'username': 'smallmouse569', 'password': 'aaliyah', 'salt': '81JK6oUp', 'md5': 'e6c2f0e1a01dcf73d2dd811711c61831', 'sha1': '4cd04539b54d577dd0df4c0a68d98086d5d65456', 'sha256': '44d1da4088f11da8c783b8b18c664d9eb94435cbfd4108a03fcb8aeff37bd19f'}, 'dob': {'date': '2000-07-29T17:07:13.576Z', 'age': 23}, 'registered': {'date': '2005-03-25T15:34:43.312Z', 'age': 19}, 'phone': '8422668305', 'cell': '7225137737', 'id': {'name': 'UIDAI', 'value': '935888508304'}, 'picture': {'large': 'https://randomuser.me/api/portraits/men/23.jpg', 'medium': 'https://randomuser.me/api/portraits/med/men/23.jpg', 'thumbnail': 'https://randomuser.me/api/portraits/thumb/men/23.jpg'}, 'nat': 'IN'}</msg>
<arg>${json_data['results'][0]}</arg>
<doc>Logs the given message with the given level.</doc>
<status status="PASS" start="2024-06-13T20:15:46.034462" elapsed="0.000394"/>
</kw>
<kw name="Log" owner="BuiltIn">
<msg time="2024-06-13T20:15:46.035276" level="INFO">location</msg>
<arg>${key}</arg>
<doc>Logs the given message with the given level.</doc>
<status status="PASS" start="2024-06-13T20:15:46.035150" elapsed="0.000163"/>
</kw>
<var name="${key}">location</var>
<status status="PASS" start="2024-06-13T20:15:46.033761" elapsed="0.001781"/>
</iter>
<iter>
<kw name="Dictionary Should Contain Key" owner="Collections">
<arg>${json_data['results'][0]}</arg>
<arg>${key}</arg>
<doc>Fails if ``key`` is not found from ``dictionary``.</doc>
<status status="PASS" start="2024-06-13T20:15:46.035844" elapsed="0.000459"/>
</kw>
<kw name="Log" owner="BuiltIn">
<msg time="2024-06-13T20:15:46.036880" level="INFO">{'gender': 'male', 'name': {'title': 'Mr', 'first': 'Krish', 'last': 'Mathew'}, 'location': {'street': {'number': 7603, 'name': 'Commercial St'}, 'city': 'Machilipatnam', 'state': 'Kerala', 'country': 'India', 'postcode': 29107, 'coordinates': {'latitude': '6.6747', 'longitude': '-15.4249'}, 'timezone': {'offset': '+11:00', 'description': 'Magadan, Solomon Islands, New Caledonia'}}, 'email': 'krish.mathew@example.com', 'login': {'uuid': '88fc3873-fd99-4e3b-b1ca-8f239733abe5', 'username': 'smallmouse569', 'password': 'aaliyah', 'salt': '81JK6oUp', 'md5': 'e6c2f0e1a01dcf73d2dd811711c61831', 'sha1': '4cd04539b54d577dd0df4c0a68d98086d5d65456', 'sha256': '44d1da4088f11da8c783b8b18c664d9eb94435cbfd4108a03fcb8aeff37bd19f'}, 'dob': {'date': '2000-07-29T17:07:13.576Z', 'age': 23}, 'registered': {'date': '2005-03-25T15:34:43.312Z', 'age': 19}, 'phone': '8422668305', 'cell': '7225137737', 'id': {'name': 'UIDAI', 'value': '935888508304'}, 'picture': {'large': 'https://randomuser.me/api/portraits/men/23.jpg', 'medium': 'https://randomuser.me/api/portraits/med/men/23.jpg', 'thumbnail': 'https://randomuser.me/api/portraits/thumb/men/23.jpg'}, 'nat': 'IN'}</msg>
<arg>${json_data['results'][0]}</arg>
<doc>Logs the given message with the given level.</doc>
<status status="PASS" start="2024-06-13T20:15:46.036513" elapsed="0.000416"/>
</kw>
<kw name="Log" owner="BuiltIn">
<msg time="2024-06-13T20:15:46.037375" level="INFO">email</msg>
<arg>${key}</arg>
<doc>Logs the given message with the given level.</doc>
<status status="PASS" start="2024-06-13T20:15:46.037246" elapsed="0.000167"/>
</kw>
<var name="${key}">email</var>
<status status="PASS" start="2024-06-13T20:15:46.035728" elapsed="0.001901"/>
</iter>
<iter>
<kw name="Dictionary Should Contain Key" owner="Collections">
<arg>${json_data['results'][0]}</arg>
<arg>${key}</arg>
<doc>Fails if ``key`` is not found from ``dictionary``.</doc>
<status status="PASS" start="2024-06-13T20:15:46.037918" elapsed="0.000378"/>
</kw>
<kw name="Log" owner="BuiltIn">
<msg time="2024-06-13T20:15:46.038833" level="INFO">{'gender': 'male', 'name': {'title': 'Mr', 'first': 'Krish', 'last': 'Mathew'}, 'location': {'street': {'number': 7603, 'name': 'Commercial St'}, 'city': 'Machilipatnam', 'state': 'Kerala', 'country': 'India', 'postcode': 29107, 'coordinates': {'latitude': '6.6747', 'longitude': '-15.4249'}, 'timezone': {'offset': '+11:00', 'description': 'Magadan, Solomon Islands, New Caledonia'}}, 'email': 'krish.mathew@example.com', 'login': {'uuid': '88fc3873-fd99-4e3b-b1ca-8f239733abe5', 'username': 'smallmouse569', 'password': 'aaliyah', 'salt': '81JK6oUp', 'md5': 'e6c2f0e1a01dcf73d2dd811711c61831', 'sha1': '4cd04539b54d577dd0df4c0a68d98086d5d65456', 'sha256': '44d1da4088f11da8c783b8b18c664d9eb94435cbfd4108a03fcb8aeff37bd19f'}, 'dob': {'date': '2000-07-29T17:07:13.576Z', 'age': 23}, 'registered': {'date': '2005-03-25T15:34:43.312Z', 'age': 19}, 'phone': '8422668305', 'cell': '7225137737', 'id': {'name': 'UIDAI', 'value': '935888508304'}, 'picture': {'large': 'https://randomuser.me/api/portraits/men/23.jpg', 'medium': 'https://randomuser.me/api/portraits/med/men/23.jpg', 'thumbnail': 'https://randomuser.me/api/portraits/thumb/men/23.jpg'}, 'nat': 'IN'}</msg>
<arg>${json_data['results'][0]}</arg>
<doc>Logs the given message with the given level.</doc>
<status status="PASS" start="2024-06-13T20:15:46.038482" elapsed="0.000408"/>
</kw>
<kw name="Log" owner="BuiltIn">
<msg time="2024-06-13T20:15:46.039473" level="INFO">login</msg>
<arg>${key}</arg>
<doc>Logs the given message with the given level.</doc>
<status status="PASS" start="2024-06-13T20:15:46.039184" elapsed="0.000328"/>
</kw>
<var name="${key}">login</var>
<status status="PASS" start="2024-06-13T20:15:46.037808" elapsed="0.001921"/>
</iter>
<var>${key}</var>
<value>@{expected_keys}</value>
<status status="PASS" start="2024-06-13T20:15:46.029347" elapsed="0.010503"/>
</for>
<kw name="Create List" owner="BuiltIn">
<msg time="2024-06-13T20:15:46.040235" level="INFO">${expected_keysTwo} = ['username', 'password']</msg>
<var>${expected_keysTwo}</var>
<arg>username</arg>
<arg>password</arg>
<doc>Returns a list containing given items.</doc>
<status status="PASS" start="2024-06-13T20:15:46.040050" elapsed="0.000246"/>
</kw>
<for flavor="IN">
<iter>
<kw name="Dictionary Should Contain Key" owner="Collections">
<arg>${json_data['results'][0]['login']}</arg>
<arg>${keyTwo}</arg>
<doc>Fails if ``key`` is not found from ``dictionary``.</doc>
<status status="PASS" start="2024-06-13T20:15:46.040839" elapsed="0.000394"/>
</kw>
<kw name="Dictionary Should Contain Key" owner="Collections">
<arg>${json_data['results'][0]['login']}</arg>
<arg>${keyTwo}</arg>
<doc>Fails if ``key`` is not found from ``dictionary``.</doc>
<status status="PASS" start="2024-06-13T20:15:46.041432" elapsed="0.000380"/>
</kw>
<kw name="Log" owner="BuiltIn">
<msg time="2024-06-13T20:15:46.042113" level="INFO">username</msg>
<arg>${keyTwo}</arg>
<doc>Logs the given message with the given level.</doc>
<status status="PASS" start="2024-06-13T20:15:46.041990" elapsed="0.000161"/>
</kw>
<var name="${keyTwo}">username</var>
<status status="PASS" start="2024-06-13T20:15:46.040729" elapsed="0.001655"/>
</iter>
<iter>
<kw name="Dictionary Should Contain Key" owner="Collections">
<arg>${json_data['results'][0]['login']}</arg>
<arg>${keyTwo}</arg>
<doc>Fails if ``key`` is not found from ``dictionary``.</doc>
<status status="PASS" start="2024-06-13T20:15:46.042677" elapsed="0.000376"/>
</kw>
<kw name="Dictionary Should Contain Key" owner="Collections">
<arg>${json_data['results'][0]['login']}</arg>
<arg>${keyTwo}</arg>
<doc>Fails if ``key`` is not found from ``dictionary``.</doc>
<status status="PASS" start="2024-06-13T20:15:46.043233" elapsed="0.000366"/>
</kw>
<kw name="Log" owner="BuiltIn">
<msg time="2024-06-13T20:15:46.043906" level="INFO">password</msg>
<arg>${keyTwo}</arg>
<doc>Logs the given message with the given level.</doc>
<status status="PASS" start="2024-06-13T20:15:46.043775" elapsed="0.000168"/>
</kw>
<var name="${keyTwo}">password</var>
<status status="PASS" start="2024-06-13T20:15:46.042568" elapsed="0.001633"/>
</iter>
<var>${keyTwo}</var>
<value>@{expected_keysTwo}</value>
<status status="PASS" start="2024-06-13T20:15:46.040560" elapsed="0.003769"/>
</for>
<status status="PASS" start="2024-06-13T20:15:45.920899" elapsed="0.123589"/>
</kw>
<doc>Testa a estrutura da resposta da API.</doc>
<tag>testeEstruturaResposta</tag>
<status status="PASS" start="2024-06-13T20:15:45.920051" elapsed="0.124609"/>
</test>
<test id="s1-s1-t4" name="Validar tipos de dados" line="28">
<kw name="Teste de Tipos de Dados" owner="random-user-service">
<kw name="GET On Session" owner="RequestsLibrary">
<msg time="2024-06-13T20:15:46.120665" level="INFO">GET Request : url=https://randomuser.me/api 
 path_url=/api 
 headers={'User-Agent': 'python-requests/2.32.3', 'Accept-Encoding': 'gzip, deflate', 'Accept': '*/*', 'Connection': 'keep-alive'} 
 body=None 
 </msg>
<msg time="2024-06-13T20:15:46.120777" level="INFO">GET Response : url=https://randomuser.me/api 
 status=200, reason=OK 
 headers={'Date': 'Thu, 13 Jun 2024 20:15:46 GMT', 'Content-Type': 'application/json; charset=utf-8', 'Transfer-Encoding': 'chunked', 'Connection': 'keep-alive', 'X-Powered-By': 'Express', 'Access-Control-Allow-Origin': '*', 'Cache-Control': 'no-cache', 'ETag': 'W/"49e-P9pX7G4UWlGdhSrhrAfYf675rhQ"', 'Vary': 'Accept-Encoding', 'Content-Encoding': 'gzip', 'CF-Cache-Status': 'DYNAMIC', 'Report-To': '{"endpoints":[{"url":"https:\\/\\/a.nel.cloudflare.com\\/report\\/v4?s=d7ebzq6oT4EDxbKtoqLHDsDVC2V2j%2F6oHmkP2hOixRE7l1mX90rbGwX2V2X%2BENn%2FdJ%2Bp0w%2BKpMjGdnkDuKjXN7BD8Pka9a6Q%2BwYVEOeUEzRVM1VHn3GPRGJTX2fCQpEU"}],"group":"cf-nel","max_age":604800}', 'NEL': '{"success_fraction":0,"report_to":"cf-nel","max_age":604800}', 'Server': 'cloudflare', 'CF-RAY': '8934c128db015722-IAD', 'alt-svc': 'h3=":443"; ma=86400'} 
 body={"results":[{"gender":"male","name":{"title":"Mr","first":"Larry","last":"Lee"},"location":{"street":{"number":7806,"name":"South Street"},"city":"Wakefield","state":"County Antrim","country":"United Kingdom","postcode":"QB8 1LW","coordinates":{"latitude":"-12.2249","longitude":"-34.1650"},"timezone":{"offset":"-6:00","description":"Central Time (US &amp; Canada), Mexico City"}},"email":"larry.lee@example.com","login":{"uuid":"983cbe2a-c348-4eca-a94a-4197d0335b10","username":"goldenostrich339","password":"maxime","salt":"WnqH3UN5","md5":"0f8ca26d57b0e2606c95f6b46e9d742c","sha1":"1105087460bf27ea80c9f941289fd975e2d28303","sha256":"1d1212765fb56ff0017db576b06a0349ecb24c785879bd43bcc18468fd35510d"},"dob":{"date":"1950-03-23T05:12:24.083Z","age":74},"registered":{"date":"2014-06-30T02:09:55.960Z","age":9},"phone":"013873 34684","cell":"07402 669295","id":{"name":"NINO","value":"HR 26 21 15 W"},"picture":{"large":"https://randomuser.me/api/portraits/men/48.jpg","medium":"https://randomuser.me/api/portraits/med/men/48.jpg","thumbnail":"https://randomuser.me/api/portraits/thumb/men/48.jpg"},"nat":"GB"}],"info":{"seed":"0eabe43cb56f88e6","results":1,"page":1,"version":"1.4"}} 
 </msg>
<msg time="2024-06-13T20:15:46.120861" level="INFO">/opt/hostedtoolcache/Python/3.12.3/x64/lib/python3.12/site-packages/urllib3/connectionpool.py:1103: InsecureRequestWarning: Unverified HTTPS request is being made to host 'randomuser.me'. Adding certificate verification is strongly advised. See: https://urllib3.readthedocs.io/en/latest/advanced-usage.html#tls-warnings
  warnings.warn(</msg>
<msg time="2024-06-13T20:15:46.121000" level="INFO">${response} = &lt;Response [200]&gt;</msg>
<var>${response}</var>
<arg>consultarAPI</arg>
<arg>/api</arg>
<doc>Sends a GET request on a previously created HTTP Session.</doc>
<status status="PASS" start="2024-06-13T20:15:46.047581" elapsed="0.073460"/>
</kw>
<kw name="Set Variable" owner="BuiltIn">
<msg time="2024-06-13T20:15:46.122452" level="INFO">${json_data} = {'results': [{'gender': 'male', 'name': {'title': 'Mr', 'first': 'Larry', 'last': 'Lee'}, 'location': {'street': {'number': 7806, 'name': 'South Street'}, 'city': 'Wakefield', 'state': 'County Antrim'...</msg>
<var>${json_data}</var>
<arg>${response.json()}</arg>
<doc>Returns the given values which can then be assigned to a variables.</doc>
<status status="PASS" start="2024-06-13T20:15:46.121797" elapsed="0.000686"/>
</kw>
<kw name="Log" owner="BuiltIn">
<msg time="2024-06-13T20:15:46.123057" level="INFO">{'results': [{'gender': 'male', 'name': {'title': 'Mr', 'first': 'Larry', 'last': 'Lee'}, 'location': {'street': {'number': 7806, 'name': 'South Street'}, 'city': 'Wakefield', 'state': 'County Antrim', 'country': 'United Kingdom', 'postcode': 'QB8 1LW', 'coordinates': {'latitude': '-12.2249', 'longitude': '-34.1650'}, 'timezone': {'offset': '-6:00', 'description': 'Central Time (US &amp; Canada), Mexico City'}}, 'email': 'larry.lee@example.com', 'login': {'uuid': '983cbe2a-c348-4eca-a94a-4197d0335b10', 'username': 'goldenostrich339', 'password': 'maxime', 'salt': 'WnqH3UN5', 'md5': '0f8ca26d57b0e2606c95f6b46e9d742c', 'sha1': '1105087460bf27ea80c9f941289fd975e2d28303', 'sha256': '1d1212765fb56ff0017db576b06a0349ecb24c785879bd43bcc18468fd35510d'}, 'dob': {'date': '1950-03-23T05:12:24.083Z', 'age': 74}, 'registered': {'date': '2014-06-30T02:09:55.960Z', 'age': 9}, 'phone': '013873 34684', 'cell': '07402 669295', 'id': {'name': 'NINO', 'value': 'HR 26 21 15 W'}, 'picture': {'large': 'https://randomuser.me/api/portraits/men/48.jpg', 'medium': 'https://randomuser.me/api/portraits/med/men/48.jpg', 'thumbnail': 'https://randomuser.me/api/portraits/thumb/men/48.jpg'}, 'nat': 'GB'}], 'info': {'seed': '0eabe43cb56f88e6', 'results': 1, 'page': 1, 'version': '1.4'}}</msg>
<arg>${json_data}</arg>
<doc>Logs the given message with the given level.</doc>
<status status="PASS" start="2024-06-13T20:15:46.122874" elapsed="0.000237"/>
</kw>
<kw name="Should Be String" owner="String">
<arg>${json_data['results'][0]['gender']}</arg>
<doc>Fails if the given ``item`` is not a string.</doc>
<status status="PASS" start="2024-06-13T20:15:46.123442" elapsed="0.000407"/>
</kw>
<kw name="Should Match Regexp" owner="BuiltIn">
<arg>${json_data['results'][0]['email']}</arg>
<arg>^[a-zA-Z0-9._%+-]+@[a-zA-Z0-9.-]+\.[a-zA-Z]{2,}$</arg>
<doc>Fails if ``string`` does not match ``pattern`` as a regular expression.</doc>
<status status="PASS" start="2024-06-13T20:15:46.124048" elapsed="0.000841"/>
</kw>
<kw name="Should Match Regexp" owner="BuiltIn">
<arg>${json_data['results'][0]['dob']['date']}</arg>
<arg>\\d{4}-\\d{2}-\\d{2}T\\d{2}:\\d{2}:\\d{2}\\.\\d{3}Z</arg>
<doc>Fails if ``string`` does not match ``pattern`` as a regular expression.</doc>
<status status="PASS" start="2024-06-13T20:15:46.125103" elapsed="0.000520"/>
</kw>
<kw name="Should Match Regexp" owner="BuiltIn">
<arg>${json_data['results'][0]['registered']['date']}</arg>
<arg>\\d{4}-\\d{2}-\\d{2}T\\d{2}:\\d{2}:\\d{2}\\.\\d{3}Z</arg>
<doc>Fails if ``string`` does not match ``pattern`` as a regular expression.</doc>
<status status="PASS" start="2024-06-13T20:15:46.125822" elapsed="0.000372"/>
</kw>
<kw name="Should Match Regexp" owner="BuiltIn">
<arg>${json_data['results'][0]['picture']['large']}</arg>
<arg>^https?://.*\.(?:png|jpe?g|gif|bmp)$</arg>
<doc>Fails if ``string`` does not match ``pattern`` as a regular expression.</doc>
<status status="PASS" start="2024-06-13T20:15:46.126380" elapsed="0.000466"/>
</kw>
<kw name="Should Match Regexp" owner="BuiltIn">
<arg>${json_data['results'][0]['picture']['medium']}</arg>
<arg>^https?://.*\.(?:png|jpe?g|gif|bmp)$</arg>
<doc>Fails if ``string`` does not match ``pattern`` as a regular expression.</doc>
<status status="PASS" start="2024-06-13T20:15:46.127042" elapsed="0.000349"/>
</kw>
<kw name="Should Match Regexp" owner="BuiltIn">
<arg>${json_data['results'][0]['picture']['thumbnail']}</arg>
<arg>^https?://.*\.(?:png|jpe?g|gif|bmp)$</arg>
<doc>Fails if ``string`` does not match ``pattern`` as a regular expression.</doc>
<status status="PASS" start="2024-06-13T20:15:46.127579" elapsed="0.000344"/>
</kw>
<kw name="Log" owner="BuiltIn">
<msg time="2024-06-13T20:15:46.128574" level="INFO">{'large': 'https://randomuser.me/api/portraits/men/48.jpg', 'medium': 'https://randomuser.me/api/portraits/med/men/48.jpg', 'thumbnail': 'https://randomuser.me/api/portraits/thumb/men/48.jpg'}</msg>
<arg>${json_data['results'][0]['picture']}</arg>
<doc>Logs the given message with the given level.</doc>
<status status="PASS" start="2024-06-13T20:15:46.128102" elapsed="0.000519"/>
</kw>
<status status="PASS" start="2024-06-13T20:15:46.047257" elapsed="0.081737"/>
</kw>
<kw name="Teste de Tipos de Dados - Postcode" owner="random-user-service">
<kw name="GET On Session" owner="RequestsLibrary">
<msg time="2024-06-13T20:15:46.213514" level="INFO">GET Request : url=https://randomuser.me/api 
 path_url=/api 
 headers={'User-Agent': 'python-requests/2.32.3', 'Accept-Encoding': 'gzip, deflate', 'Accept': '*/*', 'Connection': 'keep-alive'} 
 body=None 
 </msg>
<msg time="2024-06-13T20:15:46.213633" level="INFO">GET Response : url=https://randomuser.me/api 
 status=200, reason=OK 
 headers={'Date': 'Thu, 13 Jun 2024 20:15:46 GMT', 'Content-Type': 'application/json; charset=utf-8', 'Transfer-Encoding': 'chunked', 'Connection': 'keep-alive', 'X-Powered-By': 'Express', 'Access-Control-Allow-Origin': '*', 'Cache-Control': 'no-cache', 'ETag': 'W/"4ab-0MccItWQ3KQRJH0XTQBXxM8uhqU"', 'Vary': 'Accept-Encoding', 'Content-Encoding': 'gzip', 'CF-Cache-Status': 'DYNAMIC', 'Report-To': '{"endpoints":[{"url":"https:\\/\\/a.nel.cloudflare.com\\/report\\/v4?s=DzZ1t69ypSKOxNtsz5P47Z79Y2qE8YoABDFutFz38U2%2FUpf1a6RVC6e6RSHNzZ9GEif8nrnl1NyXC%2Bg3y%2BBaZ3ZT7H09rXzEe2x225gQUIGm%2B2u4DEPJ5kuqtQGfLS%2FU"}],"group":"cf-nel","max_age":604800}', 'NEL': '{"success_fraction":0,"report_to":"cf-nel","max_age":604800}', 'Server': 'cloudflare', 'CF-RAY': '8934c1295baf5722-IAD', 'alt-svc': 'h3=":443"; ma=86400'} 
 body={"results":[{"gender":"female","name":{"title":"Miss","first":"Emmie","last":"Brun"},"location":{"street":{"number":4683,"name":"Rue du Bât-D'Argent"},"city":"Boulogne-Billancourt","state":"Haute-Corse","country":"France","postcode":95858,"coordinates":{"latitude":"-18.9592","longitude":"123.6578"},"timezone":{"offset":"-1:00","description":"Azores, Cape Verde Islands"}},"email":"emmie.brun@example.com","login":{"uuid":"51567c25-f767-4b49-9900-34275587d76e","username":"angryelephant338","password":"123456","salt":"BzCRsJ1L","md5":"b0d2093d3b2a8a2afbea695dbd52286e","sha1":"36f79c59593458ce3f8040609e32eea8f7c59d49","sha256":"37e844b05ae4ad22d575decfaf2953e8d16682f35d21e8ea55f874ff1a568015"},"dob":{"date":"1953-01-05T18:38:27.894Z","age":71},"registered":{"date":"2011-02-08T04:01:46.424Z","age":13},"phone":"02-54-84-39-91","cell":"06-81-80-78-74","id":{"name":"INSEE","value":"2530036336583 24"},"picture":{"large":"https://randomuser.me/api/portraits/women/34.jpg","medium":"https://randomuser.me/api/portraits/med/women/34.jpg","thumbnail":"https://randomuser.me/api/portraits/thumb/women/34.jpg"},"nat":"FR"}],"info":{"seed":"199453dad775507e","results":1,"page":1,"version":"1.4"}} 
 </msg>
<msg time="2024-06-13T20:15:46.213738" level="INFO">/opt/hostedtoolcache/Python/3.12.3/x64/lib/python3.12/site-packages/urllib3/connectionpool.py:1103: InsecureRequestWarning: Unverified HTTPS request is being made to host 'randomuser.me'. Adding certificate verification is strongly advised. See: https://urllib3.readthedocs.io/en/latest/advanced-usage.html#tls-warnings
  warnings.warn(</msg>
<msg time="2024-06-13T20:15:46.213869" level="INFO">${response} = &lt;Response [200]&gt;</msg>
<var>${response}</var>
<arg>consultarAPI</arg>
<arg>/api</arg>
<doc>Sends a GET request on a previously created HTTP Session.</doc>
<status status="PASS" start="2024-06-13T20:15:46.129490" elapsed="0.084422"/>
</kw>
<kw name="Set Variable" owner="BuiltIn">
<msg time="2024-06-13T20:15:46.215312" level="INFO">${json_data} = {'results': [{'gender': 'female', 'name': {'title': 'Miss', 'first': 'Emmie', 'last': 'Brun'}, 'location': {'street': {'number': 4683, 'name': "Rue du Bât-D'Argent"}, 'city': 'Boulogne-Billancourt', '...</msg>
<var>${json_data}</var>
<arg>${response.json()}</arg>
<doc>Returns the given values which can then be assigned to a variables.</doc>
<status status="PASS" start="2024-06-13T20:15:46.214664" elapsed="0.000679"/>
</kw>
<kw name="Log" owner="BuiltIn">
<msg time="2024-06-13T20:15:46.215857" level="INFO">{'results': [{'gender': 'female', 'name': {'title': 'Miss', 'first': 'Emmie', 'last': 'Brun'}, 'location': {'street': {'number': 4683, 'name': "Rue du Bât-D'Argent"}, 'city': 'Boulogne-Billancourt', 'state': 'Haute-Corse', 'country': 'France', 'postcode': 95858, 'coordinates': {'latitude': '-18.9592', 'longitude': '123.6578'}, 'timezone': {'offset': '-1:00', 'description': 'Azores, Cape Verde Islands'}}, 'email': 'emmie.brun@example.com', 'login': {'uuid': '51567c25-f767-4b49-9900-34275587d76e', 'username': 'angryelephant338', 'password': '123456', 'salt': 'BzCRsJ1L', 'md5': 'b0d2093d3b2a8a2afbea695dbd52286e', 'sha1': '36f79c59593458ce3f8040609e32eea8f7c59d49', 'sha256': '37e844b05ae4ad22d575decfaf2953e8d16682f35d21e8ea55f874ff1a568015'}, 'dob': {'date': '1953-01-05T18:38:27.894Z', 'age': 71}, 'registered': {'date': '2011-02-08T04:01:46.424Z', 'age': 13}, 'phone': '02-54-84-39-91', 'cell': '06-81-80-78-74', 'id': {'name': 'INSEE', 'value': '2530036336583 24'}, 'picture': {'large': 'https://randomuser.me/api/portraits/women/34.jpg', 'medium': 'https://randomuser.me/api/portraits/med/women/34.jpg', 'thumbnail': 'https://randomuser.me/api/portraits/thumb/women/34.jpg'}, 'nat': 'FR'}], 'info': {'seed': '199453dad775507e', 'results': 1, 'page': 1, 'version': '1.4'}}</msg>
<arg>${json_data}</arg>
<doc>Logs the given message with the given level.</doc>
<status status="PASS" start="2024-06-13T20:15:46.215691" elapsed="0.000216"/>
</kw>
<kw name="Should Be Equal As Numbers" owner="BuiltIn">
<arg>${json_data['results'][0]['location']['postcode']}</arg>
<arg>${json_data['results'][0]['location']['postcode']}</arg>
<doc>Fails if objects are unequal after converting them to real numbers.</doc>
<status status="PASS" start="2024-06-13T20:15:46.216263" elapsed="0.000651"/>
</kw>
<kw name="Log" owner="BuiltIn">
<msg time="2024-06-13T20:15:46.217482" level="INFO">95858</msg>
<arg>${json_data['results'][0]['location']['postcode']}</arg>
<doc>Logs the given message with the given level.</doc>
<status status="PASS" start="2024-06-13T20:15:46.217107" elapsed="0.000417"/>
</kw>
<status status="PASS" start="2024-06-13T20:15:46.129238" elapsed="0.088551"/>
</kw>
<doc>Testa se os tipos de dados na resposta da API estão corretos.</doc>
<tag>testeTiposDados</tag>
<status status="PASS" start="2024-06-13T20:15:46.046733" elapsed="0.171231"/>
</test>
<test id="s1-s1-t5" name="Validar conteudo" line="35">
<kw name="Teste de Tipos de Conteudo" owner="random-user-service">
<kw name="GET On Session" owner="RequestsLibrary">
<msg time="2024-06-13T20:15:46.326467" level="INFO">GET Request : url=https://randomuser.me/api 
 path_url=/api 
 headers={'User-Agent': 'python-requests/2.32.3', 'Accept-Encoding': 'gzip, deflate', 'Accept': '*/*', 'Connection': 'keep-alive'} 
 body=None 
 </msg>
<msg time="2024-06-13T20:15:46.326590" level="INFO">GET Response : url=https://randomuser.me/api 
 status=200, reason=OK 
 headers={'Date': 'Thu, 13 Jun 2024 20:15:46 GMT', 'Content-Type': 'application/json; charset=utf-8', 'Transfer-Encoding': 'chunked', 'Connection': 'keep-alive', 'X-Powered-By': 'Express', 'Access-Control-Allow-Origin': '*', 'Cache-Control': 'no-cache', 'ETag': 'W/"498-uSc8fuO3CArqhL3dCmVTvn8lzOo"', 'Vary': 'Accept-Encoding', 'Content-Encoding': 'gzip', 'CF-Cache-Status': 'DYNAMIC', 'Report-To': '{"endpoints":[{"url":"https:\\/\\/a.nel.cloudflare.com\\/report\\/v4?s=CDVQ67UdaTqCMQqhmJad4LXbGQrjVgNePr04ywl%2FQBiCB%2Bq%2FCW5lv84WEQJHXQUblnmaxxYUgA7H1HoO5OZ0Xvxi4%2BH4rSSDGhQFE%2Fz1h5Z3AxTL9hexqIOGFmrGa73M"}],"group":"cf-nel","max_age":604800}', 'NEL': '{"success_fraction":0,"report_to":"cf-nel","max_age":604800}', 'Server': 'cloudflare', 'CF-RAY': '8934c129ec835722-IAD', 'alt-svc': 'h3=":443"; ma=86400'} 
 body={"results":[{"gender":"male","name":{"title":"Mr","first":"Ryan","last":"Simpson"},"location":{"street":{"number":6253,"name":"Karen Dr"},"city":"Baltimore","state":"Arizona","country":"United States","postcode":39570,"coordinates":{"latitude":"84.1991","longitude":"-148.8623"},"timezone":{"offset":"-5:00","description":"Eastern Time (US &amp; Canada), Bogota, Lima"}},"email":"ryan.simpson@example.com","login":{"uuid":"dd3a6105-d366-43e8-98a1-cf59b39cfa25","username":"redbutterfly818","password":"lobster","salt":"2myzp5Hv","md5":"7676782fc0a6ff520a1726b54a9ffa9a","sha1":"5db370fa78f56f79dd821632cf446bfcf9c8078f","sha256":"ff2f0acdfb3eb1f2b1e4891d22e51d8db08c17418cfdd5ad66b4fb676d5eeaa9"},"dob":{"date":"1998-01-29T22:31:53.763Z","age":26},"registered":{"date":"2009-09-29T22:43:57.489Z","age":14},"phone":"(726) 896-1338","cell":"(248) 311-7458","id":{"name":"SSN","value":"064-64-9102"},"picture":{"large":"https://randomuser.me/api/portraits/men/62.jpg","medium":"https://randomuser.me/api/portraits/med/men/62.jpg","thumbnail":"https://randomuser.me/api/portraits/thumb/men/62.jpg"},"nat":"US"}],"info":{"seed":"255546e9522b4e15","results":1,"page":1,"version":"1.4"}} 
 </msg>
<msg time="2024-06-13T20:15:46.326691" level="INFO">/opt/hostedtoolcache/Python/3.12.3/x64/lib/python3.12/site-packages/urllib3/connectionpool.py:1103: InsecureRequestWarning: Unverified HTTPS request is being made to host 'randomuser.me'. Adding certificate verification is strongly advised. See: https://urllib3.readthedocs.io/en/latest/advanced-usage.html#tls-warnings
  warnings.warn(</msg>
<msg time="2024-06-13T20:15:46.326840" level="INFO">${response} = &lt;Response [200]&gt;</msg>
<var>${response}</var>
<arg>consultarAPI</arg>
<arg>/api</arg>
<doc>Sends a GET request on a previously created HTTP Session.</doc>
<status status="PASS" start="2024-06-13T20:15:46.220669" elapsed="0.106203"/>
</kw>
<kw name="Set Variable" owner="BuiltIn">
<msg time="2024-06-13T20:15:46.328041" level="INFO">${json_data} = {'results': [{'gender': 'male', 'name': {'title': 'Mr', 'first': 'Ryan', 'last': 'Simpson'}, 'location': {'street': {'number': 6253, 'name': 'Karen Dr'}, 'city': 'Baltimore', 'state': 'Arizona', 'coun...</msg>
<var>${json_data}</var>
<arg>${response.json()}</arg>
<doc>Returns the given values which can then be assigned to a variables.</doc>
<status status="PASS" start="2024-06-13T20:15:46.327457" elapsed="0.000613"/>
</kw>
<kw name="Set Variable" owner="BuiltIn">
<msg time="2024-06-13T20:15:46.328888" level="INFO">${name_title} = Mr</msg>
<var>${name_title}</var>
<arg>${json_data["results"][0]["name"]["title"]}</arg>
<doc>Returns the given values which can then be assigned to a variables.</doc>
<status status="PASS" start="2024-06-13T20:15:46.328473" elapsed="0.000441"/>
</kw>
<kw name="Create List" owner="BuiltIn">
<msg time="2024-06-13T20:15:46.329384" level="INFO">${allowed_titles} = ['Mr', 'Ms', 'Miss', 'Mrs', 'Madame', 'Monsieur']</msg>
<var>${allowed_titles}</var>
<arg>Mr</arg>
<arg>Ms</arg>
<arg>Miss</arg>
<arg>Mrs</arg>
<arg>Madame</arg>
<arg>Monsieur</arg>
<doc>Returns a list containing given items.</doc>
<status status="PASS" start="2024-06-13T20:15:46.329231" elapsed="0.000178"/>
</kw>
<kw name="List Should Contain Value" owner="Collections">
<arg>${allowed_titles}</arg>
<arg>${name_title}</arg>
<doc>Fails if the ``value`` is not found from ``list``.</doc>
<status status="PASS" start="2024-06-13T20:15:46.329722" elapsed="0.000178"/>
</kw>
<kw name="Set Variable" owner="BuiltIn">
<msg time="2024-06-13T20:15:46.330459" level="INFO">${name_country} = US</msg>
<var>${name_country}</var>
<arg>${json_data["results"][0]["nat"]}</arg>
<doc>Returns the given values which can then be assigned to a variables.</doc>
<status status="PASS" start="2024-06-13T20:15:46.330084" elapsed="0.000400"/>
</kw>
<kw name="Create List" owner="BuiltIn">
<msg time="2024-06-13T20:15:46.331385" level="INFO">${list_country} = ['AD', 'AE', 'AF', 'AG', 'AI', 'AL', 'AM', 'AO', 'AQ', 'AR', 'AS', 'AT', 'AU', 'AW', 'AX', 'AZ', 'BA', 'BB', 'BD', 'BE', 'BF', 'BG', 'BH', 'BI', 'BJ', 'BL', 'BM', 'BN', 'BO', 'BQ', 'BR', 'BS', 'BT', '...</msg>
<var>${list_country}</var>
<arg>AD</arg>
<arg>AE</arg>
<arg>AF</arg>
<arg>AG</arg>
<arg>AI</arg>
<arg>AL</arg>
<arg>AM</arg>
<arg>AO</arg>
<arg>AQ</arg>
<arg>AR</arg>
<arg>AS</arg>
<arg>AT</arg>
<arg>AU</arg>
<arg>AW</arg>
<arg>AX</arg>
<arg>AZ</arg>
<arg>BA</arg>
<arg>BB</arg>
<arg>BD</arg>
<arg>BE</arg>
<arg>BF</arg>
<arg>BG</arg>
<arg>BH</arg>
<arg>BI</arg>
<arg>BJ</arg>
<arg>BL</arg>
<arg>BM</arg>
<arg>BN</arg>
<arg>BO</arg>
<arg>BQ</arg>
<arg>BR</arg>
<arg>BS</arg>
<arg>BT</arg>
<arg>BV</arg>
<arg>BW</arg>
<arg>BY</arg>
<arg>BZ</arg>
<arg>CA</arg>
<arg>CC</arg>
<arg>CD</arg>
<arg>CF</arg>
<arg>CG</arg>
<arg>CH</arg>
<arg>CI</arg>
<arg>CK</arg>
<arg>CL</arg>
<arg>CM</arg>
<arg>CN</arg>
<arg>CO</arg>
<arg>CR</arg>
<arg>CU</arg>
<arg>CV</arg>
<arg>CW</arg>
<arg>CX</arg>
<arg>CY</arg>
<arg>CZ</arg>
<arg>DE</arg>
<arg>DJ</arg>
<arg>DK</arg>
<arg>DM</arg>
<arg>DO</arg>
<arg>DZ</arg>
<arg>EC</arg>
<arg>EE</arg>
<arg>EG</arg>
<arg>EH</arg>
<arg>ER</arg>
<arg>ES</arg>
<arg>ET</arg>
<arg>FI</arg>
<arg>FJ</arg>
<arg>FK</arg>
<arg>FM</arg>
<arg>FO</arg>
<arg>FR</arg>
<arg>GA</arg>
<arg>GB</arg>
<arg>GD</arg>
<arg>GE</arg>
<arg>GF</arg>
<arg>GG</arg>
<arg>GH</arg>
<arg>GI</arg>
<arg>GL</arg>
<arg>GM</arg>
<arg>GN</arg>
<arg>GP</arg>
<arg>GQ</arg>
<arg>GR</arg>
<arg>GS</arg>
<arg>GT</arg>
<arg>GU</arg>
<arg>GW</arg>
<arg>GY</arg>
<arg>HK</arg>
<arg>HM</arg>
<arg>HN</arg>
<arg>HR</arg>
<arg>HT</arg>
<arg>HU</arg>
<arg>ID</arg>
<arg>IE</arg>
<arg>IL</arg>
<arg>IM</arg>
<arg>IN</arg>
<arg>IO</arg>
<arg>IQ</arg>
<arg>IR</arg>
<arg>IS</arg>
<arg>IT</arg>
<arg>JE</arg>
<arg>JM</arg>
<arg>JO</arg>
<arg>JP</arg>
<arg>KE</arg>
<arg>KG</arg>
<arg>KH</arg>
<arg>KI</arg>
<arg>KM</arg>
<arg>KN</arg>
<arg>KP</arg>
<arg>KR</arg>
<arg>KW</arg>
<arg>KY</arg>
<arg>KZ</arg>
<arg>LA</arg>
<arg>LB</arg>
<arg>LC</arg>
<arg>LI</arg>
<arg>LK</arg>
<arg>LR</arg>
<arg>LS</arg>
<arg>LT</arg>
<arg>LU</arg>
<arg>LV</arg>
<arg>LY</arg>
<arg>MA</arg>
<arg>MC</arg>
<arg>MD</arg>
<arg>ME</arg>
<arg>MF</arg>
<arg>MG</arg>
<arg>MH</arg>
<arg>MK</arg>
<arg>ML</arg>
<arg>MM</arg>
<arg>MN</arg>
<arg>MO</arg>
<arg>MP</arg>
<arg>MQ</arg>
<arg>MR</arg>
<arg>MS</arg>
<arg>MT</arg>
<arg>MU</arg>
<arg>MV</arg>
<arg>MW</arg>
<arg>MX</arg>
<arg>MY</arg>
<arg>MZ</arg>
<arg>NA</arg>
<arg>NC</arg>
<arg>NE</arg>
<arg>NF</arg>
<arg>NG</arg>
<arg>NI</arg>
<arg>NL</arg>
<arg>NO</arg>
<arg>NP</arg>
<arg>NR</arg>
<arg>NU</arg>
<arg>NZ</arg>
<arg>OM</arg>
<arg>PA</arg>
<arg>PE</arg>
<arg>PF</arg>
<arg>PG</arg>
<arg>PH</arg>
<arg>PK</arg>
<arg>PL</arg>
<arg>PM</arg>
<arg>PN</arg>
<arg>PR</arg>
<arg>PS</arg>
<arg>PT</arg>
<arg>PW</arg>
<arg>PY</arg>
<arg>QA</arg>
<arg>RE</arg>
<arg>RO</arg>
<arg>RS</arg>
<arg>RU</arg>
<arg>RW</arg>
<arg>SA</arg>
<arg>SB</arg>
<arg>SC</arg>
<arg>SD</arg>
<arg>SE</arg>
<arg>SG</arg>
<arg>SH</arg>
<arg>SI</arg>
<arg>SJ</arg>
<arg>SK</arg>
<arg>SL</arg>
<arg>SM</arg>
<arg>SN</arg>
<arg>SO</arg>
<arg>SR</arg>
<arg>SS</arg>
<arg>ST</arg>
<arg>SV</arg>
<arg>SX</arg>
<arg>SY</arg>
<arg>SZ</arg>
<arg>TC</arg>
<arg>TD</arg>
<arg>TF</arg>
<arg>TG</arg>
<arg>TH</arg>
<arg>TJ</arg>
<arg>TK</arg>
<arg>TL</arg>
<arg>TM</arg>
<arg>TN</arg>
<arg>TO</arg>
<arg>TR</arg>
<arg>TT</arg>
<arg>TV</arg>
<arg>TW</arg>
<arg>TZ</arg>
<arg>UA</arg>
<arg>UG</arg>
<arg>UM</arg>
<arg>US</arg>
<arg>UY</arg>
<arg>UZ</arg>
<arg>VA</arg>
<arg>VC</arg>
<arg>VE</arg>
<arg>VG</arg>
<arg>VI</arg>
<arg>VN</arg>
<arg>VU</arg>
<arg>WF</arg>
<arg>WS</arg>
<arg>XK</arg>
<arg>YE</arg>
<arg>YT</arg>
<arg>ZA</arg>
<arg>ZM</arg>
<arg>ZW</arg>
<doc>Returns a list containing given items.</doc>
<status status="PASS" start="2024-06-13T20:15:46.330787" elapsed="0.000624"/>
</kw>
<kw name="List Should Contain Value" owner="Collections">
<arg>${list_country}</arg>
<arg>${name_country}</arg>
<doc>Fails if the ``value`` is not found from ``list``.</doc>
<status status="PASS" start="2024-06-13T20:15:46.332257" elapsed="0.000227"/>
</kw>
<kw name="Run Keyword If" owner="BuiltIn">
<kw name="Should Be True" owner="BuiltIn">
<arg>${True}</arg>
<doc>Fails if the given condition is not true.</doc>
<status status="PASS" start="2024-06-13T20:15:46.333652" elapsed="0.000146"/>
</kw>
<arg>${json_data["results"][0]["location"]["coordinates"]["latitude"]} &gt;= -90 and ${json_data["results"][0]["location"]["coordinates"]["latitude"]} &lt;= 90</arg>
<arg>Should Be True</arg>
<arg>${True}</arg>
<doc>Runs the given keyword with the given arguments, if ``condition`` is true.</doc>
<status status="PASS" start="2024-06-13T20:15:46.332686" elapsed="0.001240"/>
</kw>
<kw name="Run Keyword If" owner="BuiltIn">
<kw name="Should Be True" owner="BuiltIn">
<arg>${True}</arg>
<doc>Fails if the given condition is not true.</doc>
<status status="PASS" start="2024-06-13T20:15:46.334802" elapsed="0.000138"/>
</kw>
<arg>${json_data["results"][0]["location"]["coordinates"]["longitude"]} &gt;= -180 and ${json_data["results"][0]["location"]["coordinates"]["longitude"]} &lt;= 180</arg>
<arg>Should Be True</arg>
<arg>${True}</arg>
<doc>Runs the given keyword with the given arguments, if ``condition`` is true.</doc>
<status status="PASS" start="2024-06-13T20:15:46.334114" elapsed="0.000947"/>
</kw>
<status status="PASS" start="2024-06-13T20:15:46.220399" elapsed="0.114795"/>
</kw>
<doc>Testa o conteúdo específico dos campos retornados pela API.</doc>
<tag>testeConteudo</tag>
<status status="PASS" start="2024-06-13T20:15:46.219840" elapsed="0.115516"/>
</test>
<status status="PASS" start="2024-06-13T20:15:45.452769" elapsed="0.884645"/>
</suite>
<status status="PASS" start="2024-06-13T20:15:45.437404" elapsed="0.905462"/>
</suite>
<statistics>
<total>
<stat pass="5" fail="0" skip="0">All Tests</stat>
</total>
<tag>
<stat pass="1" fail="0" skip="0">testeConteudo</stat>
<stat pass="1" fail="0" skip="0">testeEstruturaResposta</stat>
<stat pass="1" fail="0" skip="0">testeRequisicaoBasica</stat>
<stat pass="1" fail="0" skip="0">testeTiposDados</stat>
</tag>
<suite>
<stat pass="5" fail="0" skip="0" id="s1" name="Tests">Tests</stat>
<stat pass="5" fail="0" skip="0" id="s1-s1" name="Random-User-Test">Tests.Random-User-Test</stat>
</suite>
</statistics>
<errors>
</errors>
</robot>
