<?xml version="1.0" encoding="UTF-8"?>
<robot generator="Robot 7.0 (Python 3.12.3 on linux)" generated="2024-04-20T16:16:39.580345" rpa="false" schemaversion="5">
<suite id="s1" name="Tests" source="/home/runner/work/DesafioQAItauRogerioJordao/DesafioQAItauRogerioJordao/RamdonUser/tests">
<suite id="s1-s1" name="Random-User-Test" source="/home/runner/work/DesafioQAItauRogerioJordao/DesafioQAItauRogerioJordao/RamdonUser/tests/random-user-test.robot">
<test id="s1-s1-t1" name="Conectar" line="13">
<kw name="Conectar API" owner="random-user-service">
<kw name="Create Session" owner="RequestsLibrary">
<msg time="2024-04-20T16:16:39.939509" level="INFO">Creating Session using : alias=consultarAPI, url=https://randomuser.me/, headers={},                     cookies={}, auth=None, timeout=None, proxies=None, verify=False,                     debug=0 </msg>
<arg>consultarAPI</arg>
<arg>${URL}</arg>
<doc>Create Session: create a HTTP session to a server</doc>
<status status="PASS" start="2024-04-20T16:16:39.939305" elapsed="0.000390"/>
</kw>
<status status="PASS" start="2024-04-20T16:16:39.938327" elapsed="0.001744"/>
</kw>
<status status="PASS" start="2024-04-20T16:16:39.937729" elapsed="0.002537"/>
</test>
<test id="s1-s1-t2" name="Validar retorno 200 e JSON Válido" line="16">
<kw name="Teste de Requisicao Basica" owner="random-user-service">
<kw name="GET On Session" owner="RequestsLibrary">
<msg time="2024-04-20T16:16:40.160125" level="INFO">GET Request : url=https://randomuser.me/api 
 path_url=/api 
 headers={'User-Agent': 'python-requests/2.31.0', 'Accept-Encoding': 'gzip, deflate', 'Accept': '*/*', 'Connection': 'keep-alive'} 
 body=None 
 </msg>
<msg time="2024-04-20T16:16:40.160269" level="INFO">GET Response : url=https://randomuser.me/api 
 status=200, reason=OK 
 headers={'Date': 'Sat, 20 Apr 2024 16:16:40 GMT', 'Content-Type': 'application/json; charset=utf-8', 'Transfer-Encoding': 'chunked', 'Connection': 'keep-alive', 'X-Powered-By': 'Express', 'Access-Control-Allow-Origin': '*', 'Cache-Control': 'no-cache', 'ETag': 'W/"484-8FyVtrc2Yc9fr7xUvBNBobo2uLg"', 'Vary': 'Accept-Encoding', 'Content-Encoding': 'gzip', 'CF-Cache-Status': 'DYNAMIC', 'Report-To': '{"endpoints":[{"url":"https:\\/\\/a.nel.cloudflare.com\\/report\\/v4?s=I9GeeF7KxM69xGtZd44W1ywmFZZTb5wFnPX7x6f5iejV4G%2BqUdehKalkT8LKDcBM0CVT8QfIlEiHIKwFPDHwRjM0LQy3rf2Q1NxQktzaZyKuyaWB8bI22UGI64Zsgbpl"}],"group":"cf-nel","max_age":604800}', 'NEL': '{"success_fraction":0,"report_to":"cf-nel","max_age":604800}', 'Server': 'cloudflare', 'CF-RAY': '877670aa88a20830-IAD', 'alt-svc': 'h3=":443"; ma=86400'} 
 body={"results":[{"gender":"male","name":{"title":"Mr","first":"Brad","last":"Roberts"},"location":{"street":{"number":5118,"name":"The Avenue"},"city":"Ripon","state":"Merseyside","country":"United Kingdom","postcode":"O5X 1TR","coordinates":{"latitude":"-5.2308","longitude":"-60.9949"},"timezone":{"offset":"-11:00","description":"Midway Island, Samoa"}},"email":"brad.roberts@example.com","login":{"uuid":"1c18db93-23fd-4bb7-ba4f-80aa799c435f","username":"brownwolf606","password":"orchid","salt":"hm9ZTQD7","md5":"cad5aef33f71e1ea84df5f05659d13ba","sha1":"779c7d9aae1d221dfdc2ae02f548b6f004faa112","sha256":"5cc4c2116145dd542ab72e0dff99d6fb3de1d0f74c486f4c6cafe9bc50753dfb"},"dob":{"date":"1947-03-19T00:48:22.942Z","age":77},"registered":{"date":"2015-11-06T07:07:19.248Z","age":8},"phone":"016977 78890","cell":"07213 893112","id":{"name":"NINO","value":"EL 28 36 25 D"},"picture":{"large":"https://randomuser.me/api/portraits/men/64.jpg","medium":"https://randomuser.me/api/portraits/med/men/64.jpg","thumbnail":"https://randomuser.me/api/portraits/thumb/men/64.jpg"},"nat":"GB"}],"info":{"seed":"342699a80cd481da","results":1,"page":1,"version":"1.4"}} 
 </msg>
<msg time="2024-04-20T16:16:40.160349" level="INFO">/opt/hostedtoolcache/Python/3.12.3/x64/lib/python3.12/site-packages/urllib3/connectionpool.py:1103: InsecureRequestWarning: Unverified HTTPS request is being made to host 'randomuser.me'. Adding certificate verification is strongly advised. See: https://urllib3.readthedocs.io/en/latest/advanced-usage.html#tls-warnings
  warnings.warn(</msg>
<msg time="2024-04-20T16:16:40.160499" level="INFO">${response} = &lt;Response [200]&gt;</msg>
<var>${response}</var>
<arg>consultarAPI</arg>
<arg>/api</arg>
<doc>Sends a GET request on a previously created HTTP Session.</doc>
<status status="PASS" start="2024-04-20T16:16:39.943015" elapsed="0.217525"/>
</kw>
<kw name="Should Be Equal As Numbers" owner="BuiltIn">
<msg time="2024-04-20T16:16:40.161549" level="INFO">Argument types are:
&lt;class 'int'&gt;
&lt;class 'str'&gt;</msg>
<arg>${response.status_code}</arg>
<arg>200</arg>
<doc>Fails if objects are unequal after converting them to real numbers.</doc>
<status status="PASS" start="2024-04-20T16:16:40.161092" elapsed="0.000523"/>
</kw>
<kw name="Log" owner="BuiltIn">
<msg time="2024-04-20T16:16:40.162321" level="INFO">200</msg>
<arg>${response.status_code}</arg>
<doc>Logs the given message with the given level.</doc>
<status status="PASS" start="2024-04-20T16:16:40.161973" elapsed="0.000391"/>
</kw>
<kw name="Set Variable" owner="BuiltIn">
<msg time="2024-04-20T16:16:40.163111" level="INFO">${json_data} = {'results': [{'gender': 'male', 'name': {'title': 'Mr', 'first': 'Brad', 'last': 'Roberts'}, 'location': {'street': {'number': 5118, 'name': 'The Avenue'}, 'city': 'Ripon', 'state': 'Merseyside', 'cou...</msg>
<var>${json_data}</var>
<arg>${response.json()}</arg>
<doc>Returns the given values which can then be assigned to a variables.</doc>
<status status="PASS" start="2024-04-20T16:16:40.162673" elapsed="0.000467"/>
</kw>
<kw name="Dictionary Should Contain Key" owner="Collections">
<msg time="2024-04-20T16:16:40.163613" level="INFO">False</msg>
<arg>${json_data}</arg>
<arg>results</arg>
<doc>Fails if ``key`` is not found from ``dictionary``.</doc>
<status status="PASS" start="2024-04-20T16:16:40.163442" elapsed="0.000211"/>
</kw>
<status status="PASS" start="2024-04-20T16:16:39.942758" elapsed="0.221164"/>
</kw>
<doc>Testa se a API responde corretamente e retorna um objeto JSON válido.</doc>
<tag>testeRequisicaoBasica</tag>
<status status="PASS" start="2024-04-20T16:16:39.942226" elapsed="0.221885"/>
</test>
<test id="s1-s1-t3" name="Validar estrutura de resposta" line="22">
<kw name="Teste de Estrutura de Resposta" owner="random-user-service">
<kw name="GET On Session" owner="RequestsLibrary">
<msg time="2024-04-20T16:16:40.252938" level="INFO">GET Request : url=https://randomuser.me/api 
 path_url=/api 
 headers={'User-Agent': 'python-requests/2.31.0', 'Accept-Encoding': 'gzip, deflate', 'Accept': '*/*', 'Connection': 'keep-alive'} 
 body=None 
 </msg>
<msg time="2024-04-20T16:16:40.253016" level="INFO">GET Response : url=https://randomuser.me/api 
 status=200, reason=OK 
 headers={'Date': 'Sat, 20 Apr 2024 16:16:40 GMT', 'Content-Type': 'application/json; charset=utf-8', 'Transfer-Encoding': 'chunked', 'Connection': 'keep-alive', 'X-Powered-By': 'Express', 'Access-Control-Allow-Origin': '*', 'Cache-Control': 'no-cache', 'ETag': 'W/"478-pw6DQ/H1rHugcc7usCLwk/gHBDA"', 'Vary': 'Accept-Encoding', 'Content-Encoding': 'gzip', 'CF-Cache-Status': 'DYNAMIC', 'Report-To': '{"endpoints":[{"url":"https:\\/\\/a.nel.cloudflare.com\\/report\\/v4?s=c2B2dabbUDWR6alLXev%2FQsF693CTZcVyDx1zgwp%2B6OOVnVUkyf98Q2UYKgFCRVAb4Ltyx3ykIr8U8zKMM%2FyHwDh%2FW6zbrvidYb4wJWuGX1KyhtPpv%2BNO%2F76hjPDwFFU9"}],"group":"cf-nel","max_age":604800}', 'NEL': '{"success_fraction":0,"report_to":"cf-nel","max_age":604800}', 'Server': 'cloudflare', 'CF-RAY': '877670ab19360830-IAD', 'alt-svc': 'h3=":443"; ma=86400'} 
 body={"results":[{"gender":"male","name":{"title":"Mr","first":"Ljubiša","last":"Perišić"},"location":{"street":{"number":4798,"name":"Trajkova"},"city":"Svrljig","state":"Kosovo-Pomoravlje","country":"Serbia","postcode":47289,"coordinates":{"latitude":"58.2607","longitude":"-109.3558"},"timezone":{"offset":"-10:00","description":"Hawaii"}},"email":"ljubisa.perisic@example.com","login":{"uuid":"6817dd36-6b82-44f7-8f80-6828ed3db67b","username":"lazybear482","password":"wireless","salt":"yTIks0BU","md5":"bdd5fcc4d0078e8ebb484f529725271b","sha1":"7b17eb20b613fe06d1825ff21c6544084b5de81d","sha256":"2a51fa98227a14723e0b77f438443d385d93b36477c630e0bf60cd8af8ef5031"},"dob":{"date":"1974-07-23T14:20:20.454Z","age":49},"registered":{"date":"2005-07-11T08:41:59.160Z","age":18},"phone":"038-1874-472","cell":"067-1063-504","id":{"name":"SID","value":"652368126"},"picture":{"large":"https://randomuser.me/api/portraits/men/54.jpg","medium":"https://randomuser.me/api/portraits/med/men/54.jpg","thumbnail":"https://randomuser.me/api/portraits/thumb/men/54.jpg"},"nat":"RS"}],"info":{"seed":"a9876f0de91287d2","results":1,"page":1,"version":"1.4"}} 
 </msg>
<msg time="2024-04-20T16:16:40.253115" level="INFO">/opt/hostedtoolcache/Python/3.12.3/x64/lib/python3.12/site-packages/urllib3/connectionpool.py:1103: InsecureRequestWarning: Unverified HTTPS request is being made to host 'randomuser.me'. Adding certificate verification is strongly advised. See: https://urllib3.readthedocs.io/en/latest/advanced-usage.html#tls-warnings
  warnings.warn(</msg>
<msg time="2024-04-20T16:16:40.253221" level="INFO">${response} = &lt;Response [200]&gt;</msg>
<var>${response}</var>
<arg>consultarAPI</arg>
<arg>/api</arg>
<doc>Sends a GET request on a previously created HTTP Session.</doc>
<status status="PASS" start="2024-04-20T16:16:40.166805" elapsed="0.086454"/>
</kw>
<kw name="Set Variable" owner="BuiltIn">
<msg time="2024-04-20T16:16:40.254278" level="INFO">${json_data} = {'results': [{'gender': 'male', 'name': {'title': 'Mr', 'first': 'Ljubiša', 'last': 'Perišić'}, 'location': {'street': {'number': 4798, 'name': 'Trajkova'}, 'city': 'Svrljig', 'state': 'Kosovo-Pomorav...</msg>
<var>${json_data}</var>
<arg>${response.json()}</arg>
<doc>Returns the given values which can then be assigned to a variables.</doc>
<status status="PASS" start="2024-04-20T16:16:40.253715" elapsed="0.000594"/>
</kw>
<kw name="Log" owner="BuiltIn">
<msg time="2024-04-20T16:16:40.254783" level="INFO">{'results': [{'gender': 'male', 'name': {'title': 'Mr', 'first': 'Ljubiša', 'last': 'Perišić'}, 'location': {'street': {'number': 4798, 'name': 'Trajkova'}, 'city': 'Svrljig', 'state': 'Kosovo-Pomoravlje', 'country': 'Serbia', 'postcode': 47289, 'coordinates': {'latitude': '58.2607', 'longitude': '-109.3558'}, 'timezone': {'offset': '-10:00', 'description': 'Hawaii'}}, 'email': 'ljubisa.perisic@example.com', 'login': {'uuid': '6817dd36-6b82-44f7-8f80-6828ed3db67b', 'username': 'lazybear482', 'password': 'wireless', 'salt': 'yTIks0BU', 'md5': 'bdd5fcc4d0078e8ebb484f529725271b', 'sha1': '7b17eb20b613fe06d1825ff21c6544084b5de81d', 'sha256': '2a51fa98227a14723e0b77f438443d385d93b36477c630e0bf60cd8af8ef5031'}, 'dob': {'date': '1974-07-23T14:20:20.454Z', 'age': 49}, 'registered': {'date': '2005-07-11T08:41:59.160Z', 'age': 18}, 'phone': '038-1874-472', 'cell': '067-1063-504', 'id': {'name': 'SID', 'value': '652368126'}, 'picture': {'large': 'https://randomuser.me/api/portraits/men/54.jpg', 'medium': 'https://randomuser.me/api/portraits/med/men/54.jpg', 'thumbnail': 'https://randomuser.me/api/portraits/thumb/men/54.jpg'}, 'nat': 'RS'}], 'info': {'seed': 'a9876f0de91287d2', 'results': 1, 'page': 1, 'version': '1.4'}}</msg>
<arg>${json_data}</arg>
<doc>Logs the given message with the given level.</doc>
<status status="PASS" start="2024-04-20T16:16:40.254621" elapsed="0.000213"/>
</kw>
<kw name="Dictionary Should Contain Key" owner="Collections">
<msg time="2024-04-20T16:16:40.255289" level="INFO">False</msg>
<arg>${json_data}</arg>
<arg>results</arg>
<doc>Fails if ``key`` is not found from ``dictionary``.</doc>
<status status="PASS" start="2024-04-20T16:16:40.255130" elapsed="0.000196"/>
</kw>
<kw name="Should Not Be Empty" owner="BuiltIn">
<msg time="2024-04-20T16:16:40.255750" level="INFO">Length is 2.</msg>
<arg>${json_data}</arg>
<doc>Verifies that the given item is not empty.</doc>
<status status="PASS" start="2024-04-20T16:16:40.255620" elapsed="0.000304"/>
</kw>
<kw name="Create List" owner="BuiltIn">
<msg time="2024-04-20T16:16:40.256367" level="INFO">${expected_keys} = ['gender', 'name', 'location', 'email', 'login']</msg>
<var>${expected_keys}</var>
<arg>gender</arg>
<arg>name</arg>
<arg>location</arg>
<arg>email</arg>
<arg>login</arg>
<doc>Returns a list containing given items.</doc>
<status status="PASS" start="2024-04-20T16:16:40.256219" elapsed="0.000172"/>
</kw>
<for flavor="IN">
<iter>
<kw name="Dictionary Should Contain Key" owner="Collections">
<msg time="2024-04-20T16:16:40.257415" level="INFO">False</msg>
<arg>${json_data['results'][0]}</arg>
<arg>${key}</arg>
<doc>Fails if ``key`` is not found from ``dictionary``.</doc>
<status status="PASS" start="2024-04-20T16:16:40.257009" elapsed="0.000445"/>
</kw>
<kw name="Log" owner="BuiltIn">
<msg time="2024-04-20T16:16:40.258124" level="INFO">{'gender': 'male', 'name': {'title': 'Mr', 'first': 'Ljubiša', 'last': 'Perišić'}, 'location': {'street': {'number': 4798, 'name': 'Trajkova'}, 'city': 'Svrljig', 'state': 'Kosovo-Pomoravlje', 'country': 'Serbia', 'postcode': 47289, 'coordinates': {'latitude': '58.2607', 'longitude': '-109.3558'}, 'timezone': {'offset': '-10:00', 'description': 'Hawaii'}}, 'email': 'ljubisa.perisic@example.com', 'login': {'uuid': '6817dd36-6b82-44f7-8f80-6828ed3db67b', 'username': 'lazybear482', 'password': 'wireless', 'salt': 'yTIks0BU', 'md5': 'bdd5fcc4d0078e8ebb484f529725271b', 'sha1': '7b17eb20b613fe06d1825ff21c6544084b5de81d', 'sha256': '2a51fa98227a14723e0b77f438443d385d93b36477c630e0bf60cd8af8ef5031'}, 'dob': {'date': '1974-07-23T14:20:20.454Z', 'age': 49}, 'registered': {'date': '2005-07-11T08:41:59.160Z', 'age': 18}, 'phone': '038-1874-472', 'cell': '067-1063-504', 'id': {'name': 'SID', 'value': '652368126'}, 'picture': {'large': 'https://randomuser.me/api/portraits/men/54.jpg', 'medium': 'https://randomuser.me/api/portraits/med/men/54.jpg', 'thumbnail': 'https://randomuser.me/api/portraits/thumb/men/54.jpg'}, 'nat': 'RS'}</msg>
<arg>${json_data['results'][0]}</arg>
<doc>Logs the given message with the given level.</doc>
<status status="PASS" start="2024-04-20T16:16:40.257756" elapsed="0.000418"/>
</kw>
<kw name="Log" owner="BuiltIn">
<msg time="2024-04-20T16:16:40.258607" level="INFO">gender</msg>
<arg>${key}</arg>
<doc>Logs the given message with the given level.</doc>
<status status="PASS" start="2024-04-20T16:16:40.258478" elapsed="0.000168"/>
</kw>
<var name="${key}">gender</var>
<status status="PASS" start="2024-04-20T16:16:40.256875" elapsed="0.001986"/>
</iter>
<iter>
<kw name="Dictionary Should Contain Key" owner="Collections">
<msg time="2024-04-20T16:16:40.259559" level="INFO">False</msg>
<arg>${json_data['results'][0]}</arg>
<arg>${key}</arg>
<doc>Fails if ``key`` is not found from ``dictionary``.</doc>
<status status="PASS" start="2024-04-20T16:16:40.259160" elapsed="0.000437"/>
</kw>
<kw name="Log" owner="BuiltIn">
<msg time="2024-04-20T16:16:40.260290" level="INFO">{'gender': 'male', 'name': {'title': 'Mr', 'first': 'Ljubiša', 'last': 'Perišić'}, 'location': {'street': {'number': 4798, 'name': 'Trajkova'}, 'city': 'Svrljig', 'state': 'Kosovo-Pomoravlje', 'country': 'Serbia', 'postcode': 47289, 'coordinates': {'latitude': '58.2607', 'longitude': '-109.3558'}, 'timezone': {'offset': '-10:00', 'description': 'Hawaii'}}, 'email': 'ljubisa.perisic@example.com', 'login': {'uuid': '6817dd36-6b82-44f7-8f80-6828ed3db67b', 'username': 'lazybear482', 'password': 'wireless', 'salt': 'yTIks0BU', 'md5': 'bdd5fcc4d0078e8ebb484f529725271b', 'sha1': '7b17eb20b613fe06d1825ff21c6544084b5de81d', 'sha256': '2a51fa98227a14723e0b77f438443d385d93b36477c630e0bf60cd8af8ef5031'}, 'dob': {'date': '1974-07-23T14:20:20.454Z', 'age': 49}, 'registered': {'date': '2005-07-11T08:41:59.160Z', 'age': 18}, 'phone': '038-1874-472', 'cell': '067-1063-504', 'id': {'name': 'SID', 'value': '652368126'}, 'picture': {'large': 'https://randomuser.me/api/portraits/men/54.jpg', 'medium': 'https://randomuser.me/api/portraits/med/men/54.jpg', 'thumbnail': 'https://randomuser.me/api/portraits/thumb/men/54.jpg'}, 'nat': 'RS'}</msg>
<arg>${json_data['results'][0]}</arg>
<doc>Logs the given message with the given level.</doc>
<status status="PASS" start="2024-04-20T16:16:40.259924" elapsed="0.000418"/>
</kw>
<kw name="Log" owner="BuiltIn">
<msg time="2024-04-20T16:16:40.260797" level="INFO">name</msg>
<arg>${key}</arg>
<doc>Logs the given message with the given level.</doc>
<status status="PASS" start="2024-04-20T16:16:40.260644" elapsed="0.000194"/>
</kw>
<var name="${key}">name</var>
<status status="PASS" start="2024-04-20T16:16:40.259045" elapsed="0.002015"/>
</iter>
<iter>
<kw name="Dictionary Should Contain Key" owner="Collections">
<msg time="2024-04-20T16:16:40.261737" level="INFO">False</msg>
<arg>${json_data['results'][0]}</arg>
<arg>${key}</arg>
<doc>Fails if ``key`` is not found from ``dictionary``.</doc>
<status status="PASS" start="2024-04-20T16:16:40.261353" elapsed="0.000422"/>
</kw>
<kw name="Log" owner="BuiltIn">
<msg time="2024-04-20T16:16:40.262446" level="INFO">{'gender': 'male', 'name': {'title': 'Mr', 'first': 'Ljubiša', 'last': 'Perišić'}, 'location': {'street': {'number': 4798, 'name': 'Trajkova'}, 'city': 'Svrljig', 'state': 'Kosovo-Pomoravlje', 'country': 'Serbia', 'postcode': 47289, 'coordinates': {'latitude': '58.2607', 'longitude': '-109.3558'}, 'timezone': {'offset': '-10:00', 'description': 'Hawaii'}}, 'email': 'ljubisa.perisic@example.com', 'login': {'uuid': '6817dd36-6b82-44f7-8f80-6828ed3db67b', 'username': 'lazybear482', 'password': 'wireless', 'salt': 'yTIks0BU', 'md5': 'bdd5fcc4d0078e8ebb484f529725271b', 'sha1': '7b17eb20b613fe06d1825ff21c6544084b5de81d', 'sha256': '2a51fa98227a14723e0b77f438443d385d93b36477c630e0bf60cd8af8ef5031'}, 'dob': {'date': '1974-07-23T14:20:20.454Z', 'age': 49}, 'registered': {'date': '2005-07-11T08:41:59.160Z', 'age': 18}, 'phone': '038-1874-472', 'cell': '067-1063-504', 'id': {'name': 'SID', 'value': '652368126'}, 'picture': {'large': 'https://randomuser.me/api/portraits/men/54.jpg', 'medium': 'https://randomuser.me/api/portraits/med/men/54.jpg', 'thumbnail': 'https://randomuser.me/api/portraits/thumb/men/54.jpg'}, 'nat': 'RS'}</msg>
<arg>${json_data['results'][0]}</arg>
<doc>Logs the given message with the given level.</doc>
<status status="PASS" start="2024-04-20T16:16:40.262080" elapsed="0.000418"/>
</kw>
<kw name="Log" owner="BuiltIn">
<msg time="2024-04-20T16:16:40.262922" level="INFO">location</msg>
<arg>${key}</arg>
<doc>Logs the given message with the given level.</doc>
<status status="PASS" start="2024-04-20T16:16:40.262796" elapsed="0.000164"/>
</kw>
<var name="${key}">location</var>
<status status="PASS" start="2024-04-20T16:16:40.261240" elapsed="0.001933"/>
</iter>
<iter>
<kw name="Dictionary Should Contain Key" owner="Collections">
<msg time="2024-04-20T16:16:40.263847" level="INFO">False</msg>
<arg>${json_data['results'][0]}</arg>
<arg>${key}</arg>
<doc>Fails if ``key`` is not found from ``dictionary``.</doc>
<status status="PASS" start="2024-04-20T16:16:40.263462" elapsed="0.000423"/>
</kw>
<kw name="Log" owner="BuiltIn">
<msg time="2024-04-20T16:16:40.264549" level="INFO">{'gender': 'male', 'name': {'title': 'Mr', 'first': 'Ljubiša', 'last': 'Perišić'}, 'location': {'street': {'number': 4798, 'name': 'Trajkova'}, 'city': 'Svrljig', 'state': 'Kosovo-Pomoravlje', 'country': 'Serbia', 'postcode': 47289, 'coordinates': {'latitude': '58.2607', 'longitude': '-109.3558'}, 'timezone': {'offset': '-10:00', 'description': 'Hawaii'}}, 'email': 'ljubisa.perisic@example.com', 'login': {'uuid': '6817dd36-6b82-44f7-8f80-6828ed3db67b', 'username': 'lazybear482', 'password': 'wireless', 'salt': 'yTIks0BU', 'md5': 'bdd5fcc4d0078e8ebb484f529725271b', 'sha1': '7b17eb20b613fe06d1825ff21c6544084b5de81d', 'sha256': '2a51fa98227a14723e0b77f438443d385d93b36477c630e0bf60cd8af8ef5031'}, 'dob': {'date': '1974-07-23T14:20:20.454Z', 'age': 49}, 'registered': {'date': '2005-07-11T08:41:59.160Z', 'age': 18}, 'phone': '038-1874-472', 'cell': '067-1063-504', 'id': {'name': 'SID', 'value': '652368126'}, 'picture': {'large': 'https://randomuser.me/api/portraits/men/54.jpg', 'medium': 'https://randomuser.me/api/portraits/med/men/54.jpg', 'thumbnail': 'https://randomuser.me/api/portraits/thumb/men/54.jpg'}, 'nat': 'RS'}</msg>
<arg>${json_data['results'][0]}</arg>
<doc>Logs the given message with the given level.</doc>
<status status="PASS" start="2024-04-20T16:16:40.264184" elapsed="0.000417"/>
</kw>
<kw name="Log" owner="BuiltIn">
<msg time="2024-04-20T16:16:40.265072" level="INFO">email</msg>
<arg>${key}</arg>
<doc>Logs the given message with the given level.</doc>
<status status="PASS" start="2024-04-20T16:16:40.264938" elapsed="0.000172"/>
</kw>
<var name="${key}">email</var>
<status status="PASS" start="2024-04-20T16:16:40.263350" elapsed="0.001980"/>
</iter>
<iter>
<kw name="Dictionary Should Contain Key" owner="Collections">
<msg time="2024-04-20T16:16:40.266013" level="INFO">False</msg>
<arg>${json_data['results'][0]}</arg>
<arg>${key}</arg>
<doc>Fails if ``key`` is not found from ``dictionary``.</doc>
<status status="PASS" start="2024-04-20T16:16:40.265619" elapsed="0.000433"/>
</kw>
<kw name="Log" owner="BuiltIn">
<msg time="2024-04-20T16:16:40.266717" level="INFO">{'gender': 'male', 'name': {'title': 'Mr', 'first': 'Ljubiša', 'last': 'Perišić'}, 'location': {'street': {'number': 4798, 'name': 'Trajkova'}, 'city': 'Svrljig', 'state': 'Kosovo-Pomoravlje', 'country': 'Serbia', 'postcode': 47289, 'coordinates': {'latitude': '58.2607', 'longitude': '-109.3558'}, 'timezone': {'offset': '-10:00', 'description': 'Hawaii'}}, 'email': 'ljubisa.perisic@example.com', 'login': {'uuid': '6817dd36-6b82-44f7-8f80-6828ed3db67b', 'username': 'lazybear482', 'password': 'wireless', 'salt': 'yTIks0BU', 'md5': 'bdd5fcc4d0078e8ebb484f529725271b', 'sha1': '7b17eb20b613fe06d1825ff21c6544084b5de81d', 'sha256': '2a51fa98227a14723e0b77f438443d385d93b36477c630e0bf60cd8af8ef5031'}, 'dob': {'date': '1974-07-23T14:20:20.454Z', 'age': 49}, 'registered': {'date': '2005-07-11T08:41:59.160Z', 'age': 18}, 'phone': '038-1874-472', 'cell': '067-1063-504', 'id': {'name': 'SID', 'value': '652368126'}, 'picture': {'large': 'https://randomuser.me/api/portraits/men/54.jpg', 'medium': 'https://randomuser.me/api/portraits/med/men/54.jpg', 'thumbnail': 'https://randomuser.me/api/portraits/thumb/men/54.jpg'}, 'nat': 'RS'}</msg>
<arg>${json_data['results'][0]}</arg>
<doc>Logs the given message with the given level.</doc>
<status status="PASS" start="2024-04-20T16:16:40.266350" elapsed="0.000419"/>
</kw>
<kw name="Log" owner="BuiltIn">
<msg time="2024-04-20T16:16:40.267195" level="INFO">login</msg>
<arg>${key}</arg>
<doc>Logs the given message with the given level.</doc>
<status status="PASS" start="2024-04-20T16:16:40.267069" elapsed="0.000165"/>
</kw>
<var name="${key}">login</var>
<status status="PASS" start="2024-04-20T16:16:40.265507" elapsed="0.001949"/>
</iter>
<var>${key}</var>
<value>@{expected_keys}</value>
<status status="PASS" start="2024-04-20T16:16:40.256645" elapsed="0.010961"/>
</for>
<kw name="Create List" owner="BuiltIn">
<msg time="2024-04-20T16:16:40.267942" level="INFO">${expected_keysTwo} = ['username', 'password']</msg>
<var>${expected_keysTwo}</var>
<arg>username</arg>
<arg>password</arg>
<doc>Returns a list containing given items.</doc>
<status status="PASS" start="2024-04-20T16:16:40.267806" elapsed="0.000160"/>
</kw>
<for flavor="IN">
<iter>
<kw name="Dictionary Should Contain Key" owner="Collections">
<msg time="2024-04-20T16:16:40.268902" level="INFO">False</msg>
<arg>${json_data['results'][0]['login']}</arg>
<arg>${keyTwo}</arg>
<doc>Fails if ``key`` is not found from ``dictionary``.</doc>
<status status="PASS" start="2024-04-20T16:16:40.268471" elapsed="0.000470"/>
</kw>
<kw name="Dictionary Should Contain Key" owner="Collections">
<msg time="2024-04-20T16:16:40.269617" level="INFO">False</msg>
<arg>${json_data['results'][0]['login']}</arg>
<arg>${keyTwo}</arg>
<doc>Fails if ``key`` is not found from ``dictionary``.</doc>
<status status="PASS" start="2024-04-20T16:16:40.269237" elapsed="0.000417"/>
</kw>
<kw name="Log" owner="BuiltIn">
<msg time="2024-04-20T16:16:40.270077" level="INFO">username</msg>
<arg>${keyTwo}</arg>
<doc>Logs the given message with the given level.</doc>
<status status="PASS" start="2024-04-20T16:16:40.269949" elapsed="0.000170"/>
</kw>
<var name="${keyTwo}">username</var>
<status status="PASS" start="2024-04-20T16:16:40.268360" elapsed="0.001973"/>
</iter>
<iter>
<kw name="Dictionary Should Contain Key" owner="Collections">
<msg time="2024-04-20T16:16:40.271075" level="INFO">False</msg>
<arg>${json_data['results'][0]['login']}</arg>
<arg>${keyTwo}</arg>
<doc>Fails if ``key`` is not found from ``dictionary``.</doc>
<status status="PASS" start="2024-04-20T16:16:40.270614" elapsed="0.000506"/>
</kw>
<kw name="Dictionary Should Contain Key" owner="Collections">
<msg time="2024-04-20T16:16:40.271794" level="INFO">False</msg>
<arg>${json_data['results'][0]['login']}</arg>
<arg>${keyTwo}</arg>
<doc>Fails if ``key`` is not found from ``dictionary``.</doc>
<status status="PASS" start="2024-04-20T16:16:40.271417" elapsed="0.000414"/>
</kw>
<kw name="Log" owner="BuiltIn">
<msg time="2024-04-20T16:16:40.272251" level="INFO">password</msg>
<arg>${keyTwo}</arg>
<doc>Logs the given message with the given level.</doc>
<status status="PASS" start="2024-04-20T16:16:40.272124" elapsed="0.000164"/>
</kw>
<var name="${keyTwo}">password</var>
<status status="PASS" start="2024-04-20T16:16:40.270504" elapsed="0.002001"/>
</iter>
<var>${keyTwo}</var>
<value>@{expected_keysTwo}</value>
<status status="PASS" start="2024-04-20T16:16:40.268200" elapsed="0.004425"/>
</for>
<status status="PASS" start="2024-04-20T16:16:40.166567" elapsed="0.106224"/>
</kw>
<doc>Testa a estrutura da resposta da API.</doc>
<tag>testeEstruturaResposta</tag>
<status status="PASS" start="2024-04-20T16:16:40.166037" elapsed="0.106920"/>
</test>
<test id="s1-s1-t4" name="Validar tipos de dados" line="28">
<kw name="Teste de Tipos de Dados" owner="random-user-service">
<kw name="GET On Session" owner="RequestsLibrary">
<msg time="2024-04-20T16:16:40.350475" level="INFO">GET Request : url=https://randomuser.me/api 
 path_url=/api 
 headers={'User-Agent': 'python-requests/2.31.0', 'Accept-Encoding': 'gzip, deflate', 'Accept': '*/*', 'Connection': 'keep-alive'} 
 body=None 
 </msg>
<msg time="2024-04-20T16:16:40.350583" level="INFO">GET Response : url=https://randomuser.me/api 
 status=200, reason=OK 
 headers={'Date': 'Sat, 20 Apr 2024 16:16:40 GMT', 'Content-Type': 'application/json; charset=utf-8', 'Transfer-Encoding': 'chunked', 'Connection': 'keep-alive', 'X-Powered-By': 'Express', 'Access-Control-Allow-Origin': '*', 'Cache-Control': 'no-cache', 'ETag': 'W/"4a1-IG+exBipxFj2k9D+i63TOjqGuEU"', 'Vary': 'Accept-Encoding', 'Content-Encoding': 'gzip', 'CF-Cache-Status': 'DYNAMIC', 'Report-To': '{"endpoints":[{"url":"https:\\/\\/a.nel.cloudflare.com\\/report\\/v4?s=dedO8a7I1MHjj3s1GyL9fFED5a0hHo3XyW7fWDIl4eUIhdbQgC9c1KLoDCSkYzn1NyboXpVtlEEVkhWRsW6tiU7vkq5ZMDlrNTZxlfygZVrrHXsseLt%2BcacCrI8sUVPt"}],"group":"cf-nel","max_age":604800}', 'NEL': '{"success_fraction":0,"report_to":"cf-nel","max_age":604800}', 'Server': 'cloudflare', 'CF-RAY': '877670abba350830-IAD', 'alt-svc': 'h3=":443"; ma=86400'} 
 body={"results":[{"gender":"male","name":{"title":"Mr","first":"Everhardus","last":"Van der Tol"},"location":{"street":{"number":1165,"name":"Anna Bijnsplantsoen"},"city":"Haler","state":"Groningen","country":"Netherlands","postcode":"6836 LR","coordinates":{"latitude":"35.8365","longitude":"-114.7260"},"timezone":{"offset":"-11:00","description":"Midway Island, Samoa"}},"email":"everhardus.vandertol@example.com","login":{"uuid":"4c010467-c779-4513-9dd8-875c3529a320","username":"ticklishleopard602","password":"sullivan","salt":"VEDMweph","md5":"e9c7652ed97fce982cc7531c3953c541","sha1":"af26ed87e034e9175a128157be2b75147cf01cc8","sha256":"205256788089a99a6035a81509a754a38ac2e309945030781c0d2b89d8f7abab"},"dob":{"date":"1970-11-25T19:41:01.267Z","age":53},"registered":{"date":"2008-10-18T05:46:16.472Z","age":15},"phone":"(023) 1562109","cell":"(06) 72337807","id":{"name":"BSN","value":"98415894"},"picture":{"large":"https://randomuser.me/api/portraits/men/76.jpg","medium":"https://randomuser.me/api/portraits/med/men/76.jpg","thumbnail":"https://randomuser.me/api/portraits/thumb/men/76.jpg"},"nat":"NL"}],"info":{"seed":"7bf9844266bac435","results":1,"page":1,"version":"1.4"}} 
 </msg>
<msg time="2024-04-20T16:16:40.350662" level="INFO">/opt/hostedtoolcache/Python/3.12.3/x64/lib/python3.12/site-packages/urllib3/connectionpool.py:1103: InsecureRequestWarning: Unverified HTTPS request is being made to host 'randomuser.me'. Adding certificate verification is strongly advised. See: https://urllib3.readthedocs.io/en/latest/advanced-usage.html#tls-warnings
  warnings.warn(</msg>
<msg time="2024-04-20T16:16:40.350802" level="INFO">${response} = &lt;Response [200]&gt;</msg>
<var>${response}</var>
<arg>consultarAPI</arg>
<arg>/api</arg>
<doc>Sends a GET request on a previously created HTTP Session.</doc>
<status status="PASS" start="2024-04-20T16:16:40.275388" elapsed="0.075465"/>
</kw>
<kw name="Set Variable" owner="BuiltIn">
<msg time="2024-04-20T16:16:40.352072" level="INFO">${json_data} = {'results': [{'gender': 'male', 'name': {'title': 'Mr', 'first': 'Everhardus', 'last': 'Van der Tol'}, 'location': {'street': {'number': 1165, 'name': 'Anna Bijnsplantsoen'}, 'city': 'Haler', 'state':...</msg>
<var>${json_data}</var>
<arg>${response.json()}</arg>
<doc>Returns the given values which can then be assigned to a variables.</doc>
<status status="PASS" start="2024-04-20T16:16:40.351496" elapsed="0.000605"/>
</kw>
<kw name="Log" owner="BuiltIn">
<msg time="2024-04-20T16:16:40.352568" level="INFO">{'results': [{'gender': 'male', 'name': {'title': 'Mr', 'first': 'Everhardus', 'last': 'Van der Tol'}, 'location': {'street': {'number': 1165, 'name': 'Anna Bijnsplantsoen'}, 'city': 'Haler', 'state': 'Groningen', 'country': 'Netherlands', 'postcode': '6836 LR', 'coordinates': {'latitude': '35.8365', 'longitude': '-114.7260'}, 'timezone': {'offset': '-11:00', 'description': 'Midway Island, Samoa'}}, 'email': 'everhardus.vandertol@example.com', 'login': {'uuid': '4c010467-c779-4513-9dd8-875c3529a320', 'username': 'ticklishleopard602', 'password': 'sullivan', 'salt': 'VEDMweph', 'md5': 'e9c7652ed97fce982cc7531c3953c541', 'sha1': 'af26ed87e034e9175a128157be2b75147cf01cc8', 'sha256': '205256788089a99a6035a81509a754a38ac2e309945030781c0d2b89d8f7abab'}, 'dob': {'date': '1970-11-25T19:41:01.267Z', 'age': 53}, 'registered': {'date': '2008-10-18T05:46:16.472Z', 'age': 15}, 'phone': '(023) 1562109', 'cell': '(06) 72337807', 'id': {'name': 'BSN', 'value': '98415894'}, 'picture': {'large': 'https://randomuser.me/api/portraits/men/76.jpg', 'medium': 'https://randomuser.me/api/portraits/med/men/76.jpg', 'thumbnail': 'https://randomuser.me/api/portraits/thumb/men/76.jpg'}, 'nat': 'NL'}], 'info': {'seed': '7bf9844266bac435', 'results': 1, 'page': 1, 'version': '1.4'}}</msg>
<arg>${json_data}</arg>
<doc>Logs the given message with the given level.</doc>
<status status="PASS" start="2024-04-20T16:16:40.352412" elapsed="0.000240"/>
</kw>
<kw name="Should Be String" owner="String">
<arg>${json_data['results'][0]['gender']}</arg>
<doc>Fails if the given ``item`` is not a string.</doc>
<status status="PASS" start="2024-04-20T16:16:40.352998" elapsed="0.000363"/>
</kw>
<kw name="Should Match Regexp" owner="BuiltIn">
<arg>${json_data['results'][0]['email']}</arg>
<arg>^[a-zA-Z0-9._%+-]+@[a-zA-Z0-9.-]+\.[a-zA-Z]{2,}$</arg>
<doc>Fails if ``string`` does not match ``pattern`` as a regular expression.</doc>
<status status="PASS" start="2024-04-20T16:16:40.353554" elapsed="0.000523"/>
</kw>
<kw name="Should Match Regexp" owner="BuiltIn">
<arg>${json_data['results'][0]['dob']['date']}</arg>
<arg>\\d{4}-\\d{2}-\\d{2}T\\d{2}:\\d{2}:\\d{2}\\.\\d{3}Z</arg>
<doc>Fails if ``string`` does not match ``pattern`` as a regular expression.</doc>
<status status="PASS" start="2024-04-20T16:16:40.354272" elapsed="0.000484"/>
</kw>
<kw name="Should Match Regexp" owner="BuiltIn">
<arg>${json_data['results'][0]['registered']['date']}</arg>
<arg>\\d{4}-\\d{2}-\\d{2}T\\d{2}:\\d{2}:\\d{2}\\.\\d{3}Z</arg>
<doc>Fails if ``string`` does not match ``pattern`` as a regular expression.</doc>
<status status="PASS" start="2024-04-20T16:16:40.354944" elapsed="0.000367"/>
</kw>
<kw name="Should Match Regexp" owner="BuiltIn">
<arg>${json_data['results'][0]['picture']['large']}</arg>
<arg>^https?://.*\.(?:png|jpe?g|gif|bmp)$</arg>
<doc>Fails if ``string`` does not match ``pattern`` as a regular expression.</doc>
<status status="PASS" start="2024-04-20T16:16:40.355499" elapsed="0.000458"/>
</kw>
<kw name="Should Match Regexp" owner="BuiltIn">
<arg>${json_data['results'][0]['picture']['medium']}</arg>
<arg>^https?://.*\.(?:png|jpe?g|gif|bmp)$</arg>
<doc>Fails if ``string`` does not match ``pattern`` as a regular expression.</doc>
<status status="PASS" start="2024-04-20T16:16:40.356143" elapsed="0.000356"/>
</kw>
<kw name="Should Match Regexp" owner="BuiltIn">
<arg>${json_data['results'][0]['picture']['thumbnail']}</arg>
<arg>^https?://.*\.(?:png|jpe?g|gif|bmp)$</arg>
<doc>Fails if ``string`` does not match ``pattern`` as a regular expression.</doc>
<status status="PASS" start="2024-04-20T16:16:40.356686" elapsed="0.000386"/>
</kw>
<kw name="Log" owner="BuiltIn">
<msg time="2024-04-20T16:16:40.357580" level="INFO">{'large': 'https://randomuser.me/api/portraits/men/76.jpg', 'medium': 'https://randomuser.me/api/portraits/med/men/76.jpg', 'thumbnail': 'https://randomuser.me/api/portraits/thumb/men/76.jpg'}</msg>
<arg>${json_data['results'][0]['picture']}</arg>
<doc>Logs the given message with the given level.</doc>
<status status="PASS" start="2024-04-20T16:16:40.357257" elapsed="0.000364"/>
</kw>
<status status="PASS" start="2024-04-20T16:16:40.275160" elapsed="0.082721"/>
</kw>
<kw name="Teste de Tipos de Dados - Postcode" owner="random-user-service">
<kw name="GET On Session" owner="RequestsLibrary">
<msg time="2024-04-20T16:16:40.445499" level="INFO">GET Request : url=https://randomuser.me/api 
 path_url=/api 
 headers={'User-Agent': 'python-requests/2.31.0', 'Accept-Encoding': 'gzip, deflate', 'Accept': '*/*', 'Connection': 'keep-alive'} 
 body=None 
 </msg>
<msg time="2024-04-20T16:16:40.445586" level="INFO">GET Response : url=https://randomuser.me/api 
 status=200, reason=OK 
 headers={'Date': 'Sat, 20 Apr 2024 16:16:40 GMT', 'Content-Type': 'application/json; charset=utf-8', 'Transfer-Encoding': 'chunked', 'Connection': 'keep-alive', 'X-Powered-By': 'Express', 'Access-Control-Allow-Origin': '*', 'Cache-Control': 'no-cache', 'ETag': 'W/"493-XiYRpN1K9eIE2yAMCBnp0+Jpvpw"', 'Vary': 'Accept-Encoding', 'Content-Encoding': 'gzip', 'CF-Cache-Status': 'DYNAMIC', 'Report-To': '{"endpoints":[{"url":"https:\\/\\/a.nel.cloudflare.com\\/report\\/v4?s=g0Mtuoj6ZRg7YDEA99HHRdCWCSJ%2FTpV7rifYUNqG%2BGuRh90OPkHMhcMyEKxy%2FwaJ%2F8A36qq1oK6izKG5KxMhU%2BPQnIYbTUXbvDGAywQDWdgUDZU57zQwQq3lIZPcKfnd"}],"group":"cf-nel","max_age":604800}', 'NEL': '{"success_fraction":0,"report_to":"cf-nel","max_age":604800}', 'Server': 'cloudflare', 'CF-RAY': '877670ac4afe0830-IAD', 'alt-svc': 'h3=":443"; ma=86400'} 
 body={"results":[{"gender":"female","name":{"title":"Ms","first":"Minnie","last":"Bryant"},"location":{"street":{"number":1169,"name":"Stevens Creek Blvd"},"city":"Dubbo","state":"Western Australia","country":"Australia","postcode":2589,"coordinates":{"latitude":"-86.4395","longitude":"65.9415"},"timezone":{"offset":"-8:00","description":"Pacific Time (US &amp; Canada)"}},"email":"minnie.bryant@example.com","login":{"uuid":"b1b21c5e-7ab2-400d-940b-9960254fb24f","username":"sadmouse652","password":"646464","salt":"OQjcdYhr","md5":"e2adc02668b1220c3f4bf7dc3ed3b5e6","sha1":"7a65244896a3f5d068797d09000b13f2ccc1e3ec","sha256":"5f36364e1f780b02d8365b619a34b434a7e2dcd59733a4c6a651a0f1b39bdeaf"},"dob":{"date":"1966-10-18T06:15:39.665Z","age":57},"registered":{"date":"2002-10-16T08:09:03.783Z","age":21},"phone":"03-2971-3987","cell":"0422-419-744","id":{"name":"TFN","value":"387147604"},"picture":{"large":"https://randomuser.me/api/portraits/women/12.jpg","medium":"https://randomuser.me/api/portraits/med/women/12.jpg","thumbnail":"https://randomuser.me/api/portraits/thumb/women/12.jpg"},"nat":"AU"}],"info":{"seed":"6133ccfed3b50a0d","results":1,"page":1,"version":"1.4"}} 
 </msg>
<msg time="2024-04-20T16:16:40.445700" level="INFO">/opt/hostedtoolcache/Python/3.12.3/x64/lib/python3.12/site-packages/urllib3/connectionpool.py:1103: InsecureRequestWarning: Unverified HTTPS request is being made to host 'randomuser.me'. Adding certificate verification is strongly advised. See: https://urllib3.readthedocs.io/en/latest/advanced-usage.html#tls-warnings
  warnings.warn(</msg>
<msg time="2024-04-20T16:16:40.445917" level="INFO">${response} = &lt;Response [200]&gt;</msg>
<var>${response}</var>
<arg>consultarAPI</arg>
<arg>/api</arg>
<doc>Sends a GET request on a previously created HTTP Session.</doc>
<status status="PASS" start="2024-04-20T16:16:40.358357" elapsed="0.087600"/>
</kw>
<kw name="Set Variable" owner="BuiltIn">
<msg time="2024-04-20T16:16:40.447081" level="INFO">${json_data} = {'results': [{'gender': 'female', 'name': {'title': 'Ms', 'first': 'Minnie', 'last': 'Bryant'}, 'location': {'street': {'number': 1169, 'name': 'Stevens Creek Blvd'}, 'city': 'Dubbo', 'state': 'Wester...</msg>
<var>${json_data}</var>
<arg>${response.json()}</arg>
<doc>Returns the given values which can then be assigned to a variables.</doc>
<status status="PASS" start="2024-04-20T16:16:40.446556" elapsed="0.000554"/>
</kw>
<kw name="Log" owner="BuiltIn">
<msg time="2024-04-20T16:16:40.447585" level="INFO">{'results': [{'gender': 'female', 'name': {'title': 'Ms', 'first': 'Minnie', 'last': 'Bryant'}, 'location': {'street': {'number': 1169, 'name': 'Stevens Creek Blvd'}, 'city': 'Dubbo', 'state': 'Western Australia', 'country': 'Australia', 'postcode': 2589, 'coordinates': {'latitude': '-86.4395', 'longitude': '65.9415'}, 'timezone': {'offset': '-8:00', 'description': 'Pacific Time (US &amp; Canada)'}}, 'email': 'minnie.bryant@example.com', 'login': {'uuid': 'b1b21c5e-7ab2-400d-940b-9960254fb24f', 'username': 'sadmouse652', 'password': '646464', 'salt': 'OQjcdYhr', 'md5': 'e2adc02668b1220c3f4bf7dc3ed3b5e6', 'sha1': '7a65244896a3f5d068797d09000b13f2ccc1e3ec', 'sha256': '5f36364e1f780b02d8365b619a34b434a7e2dcd59733a4c6a651a0f1b39bdeaf'}, 'dob': {'date': '1966-10-18T06:15:39.665Z', 'age': 57}, 'registered': {'date': '2002-10-16T08:09:03.783Z', 'age': 21}, 'phone': '03-2971-3987', 'cell': '0422-419-744', 'id': {'name': 'TFN', 'value': '387147604'}, 'picture': {'large': 'https://randomuser.me/api/portraits/women/12.jpg', 'medium': 'https://randomuser.me/api/portraits/med/women/12.jpg', 'thumbnail': 'https://randomuser.me/api/portraits/thumb/women/12.jpg'}, 'nat': 'AU'}], 'info': {'seed': '6133ccfed3b50a0d', 'results': 1, 'page': 1, 'version': '1.4'}}</msg>
<arg>${json_data}</arg>
<doc>Logs the given message with the given level.</doc>
<status status="PASS" start="2024-04-20T16:16:40.447425" elapsed="0.000240"/>
</kw>
<kw name="Should Be Equal As Numbers" owner="BuiltIn">
<arg>${json_data['results'][0]['location']['postcode']}</arg>
<arg>${json_data['results'][0]['location']['postcode']}</arg>
<doc>Fails if objects are unequal after converting them to real numbers.</doc>
<status status="PASS" start="2024-04-20T16:16:40.448145" elapsed="0.000651"/>
</kw>
<kw name="Log" owner="BuiltIn">
<msg time="2024-04-20T16:16:40.449338" level="INFO">2589</msg>
<arg>${json_data['results'][0]['location']['postcode']}</arg>
<doc>Logs the given message with the given level.</doc>
<status status="PASS" start="2024-04-20T16:16:40.448996" elapsed="0.000383"/>
</kw>
<status status="PASS" start="2024-04-20T16:16:40.358118" elapsed="0.091521"/>
</kw>
<doc>Testa se os tipos de dados na resposta da API estão corretos.</doc>
<tag>testeTiposDados</tag>
<status status="PASS" start="2024-04-20T16:16:40.274719" elapsed="0.175088"/>
</test>
<test id="s1-s1-t5" name="Validar conteudo" line="35">
<kw name="Teste de Tipos de Conteudo" owner="random-user-service">
<kw name="GET On Session" owner="RequestsLibrary">
<msg time="2024-04-20T16:16:40.548585" level="INFO">GET Request : url=https://randomuser.me/api 
 path_url=/api 
 headers={'User-Agent': 'python-requests/2.31.0', 'Accept-Encoding': 'gzip, deflate', 'Accept': '*/*', 'Connection': 'keep-alive'} 
 body=None 
 </msg>
<msg time="2024-04-20T16:16:40.548661" level="INFO">GET Response : url=https://randomuser.me/api 
 status=200, reason=OK 
 headers={'Date': 'Sat, 20 Apr 2024 16:16:40 GMT', 'Content-Type': 'application/json; charset=utf-8', 'Transfer-Encoding': 'chunked', 'Connection': 'keep-alive', 'X-Powered-By': 'Express', 'Access-Control-Allow-Origin': '*', 'Cache-Control': 'no-cache', 'ETag': 'W/"4a4-P8kYU1uxc4Gr3fSxEYWLy8tNjfU"', 'Vary': 'Accept-Encoding', 'Content-Encoding': 'gzip', 'CF-Cache-Status': 'DYNAMIC', 'Report-To': '{"endpoints":[{"url":"https:\\/\\/a.nel.cloudflare.com\\/report\\/v4?s=I3DLjek8f7jOkqY0G%2F%2F0QgCNPdE9fqNFiB2S2XyvJd7sJTWBRanJMqtImsFyOcUMGfJYRRUnnI%2FU5M9ileIVQy0fsSvGWnhv%2FNxkp4omTTPtzc26beJ7Zpr2FsFgHycr"}],"group":"cf-nel","max_age":604800}', 'NEL': '{"success_fraction":0,"report_to":"cf-nel","max_age":604800}', 'Server': 'cloudflare', 'CF-RAY': '877670acdbcd0830-IAD', 'alt-svc': 'h3=":443"; ma=86400'} 
 body={"results":[{"gender":"male","name":{"title":"Mr","first":"Liam","last":"Ortiz"},"location":{"street":{"number":6611,"name":"Manchester Road"},"city":"Wells","state":"County Londonderry","country":"United Kingdom","postcode":"L7Z 5PX","coordinates":{"latitude":"-10.7870","longitude":"-12.5184"},"timezone":{"offset":"-4:00","description":"Atlantic Time (Canada), Caracas, La Paz"}},"email":"liam.ortiz@example.com","login":{"uuid":"9a4a6e3a-41ff-4bd2-9fd6-98ef24930125","username":"ticklishgorilla657","password":"xmas","salt":"sf07TYl2","md5":"3f4ecf4d754bd2eef8ec2b36eb4e15a9","sha1":"70c08e4a7db90b4be455074dcd53693a9fe4934a","sha256":"7ee20476b6a918325cd6ab56bd962d4893a1bb010711e67421415e6225f7acbc"},"dob":{"date":"1975-05-15T13:46:36.516Z","age":48},"registered":{"date":"2019-12-13T17:38:31.570Z","age":4},"phone":"015396 48735","cell":"07677 449040","id":{"name":"NINO","value":"GS 01 90 50 Y"},"picture":{"large":"https://randomuser.me/api/portraits/men/98.jpg","medium":"https://randomuser.me/api/portraits/med/men/98.jpg","thumbnail":"https://randomuser.me/api/portraits/thumb/men/98.jpg"},"nat":"GB"}],"info":{"seed":"ed5a4cfad1efdc80","results":1,"page":1,"version":"1.4"}} 
 </msg>
<msg time="2024-04-20T16:16:40.548721" level="INFO">/opt/hostedtoolcache/Python/3.12.3/x64/lib/python3.12/site-packages/urllib3/connectionpool.py:1103: InsecureRequestWarning: Unverified HTTPS request is being made to host 'randomuser.me'. Adding certificate verification is strongly advised. See: https://urllib3.readthedocs.io/en/latest/advanced-usage.html#tls-warnings
  warnings.warn(</msg>
<msg time="2024-04-20T16:16:40.548857" level="INFO">${response} = &lt;Response [200]&gt;</msg>
<var>${response}</var>
<arg>consultarAPI</arg>
<arg>/api</arg>
<doc>Sends a GET request on a previously created HTTP Session.</doc>
<status status="PASS" start="2024-04-20T16:16:40.452298" elapsed="0.096598"/>
</kw>
<kw name="Set Variable" owner="BuiltIn">
<msg time="2024-04-20T16:16:40.549763" level="INFO">${json_data} = {'results': [{'gender': 'male', 'name': {'title': 'Mr', 'first': 'Liam', 'last': 'Ortiz'}, 'location': {'street': {'number': 6611, 'name': 'Manchester Road'}, 'city': 'Wells', 'state': 'County Londond...</msg>
<var>${json_data}</var>
<arg>${response.json()}</arg>
<doc>Returns the given values which can then be assigned to a variables.</doc>
<status status="PASS" start="2024-04-20T16:16:40.549305" elapsed="0.000486"/>
</kw>
<kw name="Set Variable" owner="BuiltIn">
<msg time="2024-04-20T16:16:40.550479" level="INFO">${name_title} = Mr</msg>
<var>${name_title}</var>
<arg>${json_data["results"][0]["name"]["title"]}</arg>
<doc>Returns the given values which can then be assigned to a variables.</doc>
<status status="PASS" start="2024-04-20T16:16:40.550100" elapsed="0.000406"/>
</kw>
<kw name="Create List" owner="BuiltIn">
<msg time="2024-04-20T16:16:40.550949" level="INFO">${allowed_titles} = ['Mr', 'Ms', 'Miss', 'Mrs', 'Madame', 'Monsieur']</msg>
<var>${allowed_titles}</var>
<arg>Mr</arg>
<arg>Ms</arg>
<arg>Miss</arg>
<arg>Mrs</arg>
<arg>Madame</arg>
<arg>Monsieur</arg>
<doc>Returns a list containing given items.</doc>
<status status="PASS" start="2024-04-20T16:16:40.550803" elapsed="0.000169"/>
</kw>
<kw name="List Should Contain Value" owner="Collections">
<msg time="2024-04-20T16:16:40.551438" level="INFO">False</msg>
<arg>${allowed_titles}</arg>
<arg>${name_title}</arg>
<doc>Fails if the ``value`` is not found from ``list``.</doc>
<status status="PASS" start="2024-04-20T16:16:40.551268" elapsed="0.000206"/>
</kw>
<kw name="Set Variable" owner="BuiltIn">
<msg time="2024-04-20T16:16:40.552145" level="INFO">${name_country} = GB</msg>
<var>${name_country}</var>
<arg>${json_data["results"][0]["nat"]}</arg>
<doc>Returns the given values which can then be assigned to a variables.</doc>
<status status="PASS" start="2024-04-20T16:16:40.551761" elapsed="0.000410"/>
</kw>
<kw name="Create List" owner="BuiltIn">
<msg time="2024-04-20T16:16:40.553105" level="INFO">${list_country} = ['AD', 'AE', 'AF', 'AG', 'AI', 'AL', 'AM', 'AO', 'AQ', 'AR', 'AS', 'AT', 'AU', 'AW', 'AX', 'AZ', 'BA', 'BB', 'BD', 'BE', 'BF', 'BG', 'BH', 'BI', 'BJ', 'BL', 'BM', 'BN', 'BO', 'BQ', 'BR', 'BS', 'BT', '...</msg>
<var>${list_country}</var>
<arg>AD</arg>
<arg>AE</arg>
<arg>AF</arg>
<arg>AG</arg>
<arg>AI</arg>
<arg>AL</arg>
<arg>AM</arg>
<arg>AO</arg>
<arg>AQ</arg>
<arg>AR</arg>
<arg>AS</arg>
<arg>AT</arg>
<arg>AU</arg>
<arg>AW</arg>
<arg>AX</arg>
<arg>AZ</arg>
<arg>BA</arg>
<arg>BB</arg>
<arg>BD</arg>
<arg>BE</arg>
<arg>BF</arg>
<arg>BG</arg>
<arg>BH</arg>
<arg>BI</arg>
<arg>BJ</arg>
<arg>BL</arg>
<arg>BM</arg>
<arg>BN</arg>
<arg>BO</arg>
<arg>BQ</arg>
<arg>BR</arg>
<arg>BS</arg>
<arg>BT</arg>
<arg>BV</arg>
<arg>BW</arg>
<arg>BY</arg>
<arg>BZ</arg>
<arg>CA</arg>
<arg>CC</arg>
<arg>CD</arg>
<arg>CF</arg>
<arg>CG</arg>
<arg>CH</arg>
<arg>CI</arg>
<arg>CK</arg>
<arg>CL</arg>
<arg>CM</arg>
<arg>CN</arg>
<arg>CO</arg>
<arg>CR</arg>
<arg>CU</arg>
<arg>CV</arg>
<arg>CW</arg>
<arg>CX</arg>
<arg>CY</arg>
<arg>CZ</arg>
<arg>DE</arg>
<arg>DJ</arg>
<arg>DK</arg>
<arg>DM</arg>
<arg>DO</arg>
<arg>DZ</arg>
<arg>EC</arg>
<arg>EE</arg>
<arg>EG</arg>
<arg>EH</arg>
<arg>ER</arg>
<arg>ES</arg>
<arg>ET</arg>
<arg>FI</arg>
<arg>FJ</arg>
<arg>FK</arg>
<arg>FM</arg>
<arg>FO</arg>
<arg>FR</arg>
<arg>GA</arg>
<arg>GB</arg>
<arg>GD</arg>
<arg>GE</arg>
<arg>GF</arg>
<arg>GG</arg>
<arg>GH</arg>
<arg>GI</arg>
<arg>GL</arg>
<arg>GM</arg>
<arg>GN</arg>
<arg>GP</arg>
<arg>GQ</arg>
<arg>GR</arg>
<arg>GS</arg>
<arg>GT</arg>
<arg>GU</arg>
<arg>GW</arg>
<arg>GY</arg>
<arg>HK</arg>
<arg>HM</arg>
<arg>HN</arg>
<arg>HR</arg>
<arg>HT</arg>
<arg>HU</arg>
<arg>ID</arg>
<arg>IE</arg>
<arg>IL</arg>
<arg>IM</arg>
<arg>IN</arg>
<arg>IO</arg>
<arg>IQ</arg>
<arg>IR</arg>
<arg>IS</arg>
<arg>IT</arg>
<arg>JE</arg>
<arg>JM</arg>
<arg>JO</arg>
<arg>JP</arg>
<arg>KE</arg>
<arg>KG</arg>
<arg>KH</arg>
<arg>KI</arg>
<arg>KM</arg>
<arg>KN</arg>
<arg>KP</arg>
<arg>KR</arg>
<arg>KW</arg>
<arg>KY</arg>
<arg>KZ</arg>
<arg>LA</arg>
<arg>LB</arg>
<arg>LC</arg>
<arg>LI</arg>
<arg>LK</arg>
<arg>LR</arg>
<arg>LS</arg>
<arg>LT</arg>
<arg>LU</arg>
<arg>LV</arg>
<arg>LY</arg>
<arg>MA</arg>
<arg>MC</arg>
<arg>MD</arg>
<arg>ME</arg>
<arg>MF</arg>
<arg>MG</arg>
<arg>MH</arg>
<arg>MK</arg>
<arg>ML</arg>
<arg>MM</arg>
<arg>MN</arg>
<arg>MO</arg>
<arg>MP</arg>
<arg>MQ</arg>
<arg>MR</arg>
<arg>MS</arg>
<arg>MT</arg>
<arg>MU</arg>
<arg>MV</arg>
<arg>MW</arg>
<arg>MX</arg>
<arg>MY</arg>
<arg>MZ</arg>
<arg>NA</arg>
<arg>NC</arg>
<arg>NE</arg>
<arg>NF</arg>
<arg>NG</arg>
<arg>NI</arg>
<arg>NL</arg>
<arg>NO</arg>
<arg>NP</arg>
<arg>NR</arg>
<arg>NU</arg>
<arg>NZ</arg>
<arg>OM</arg>
<arg>PA</arg>
<arg>PE</arg>
<arg>PF</arg>
<arg>PG</arg>
<arg>PH</arg>
<arg>PK</arg>
<arg>PL</arg>
<arg>PM</arg>
<arg>PN</arg>
<arg>PR</arg>
<arg>PS</arg>
<arg>PT</arg>
<arg>PW</arg>
<arg>PY</arg>
<arg>QA</arg>
<arg>RE</arg>
<arg>RO</arg>
<arg>RS</arg>
<arg>RU</arg>
<arg>RW</arg>
<arg>SA</arg>
<arg>SB</arg>
<arg>SC</arg>
<arg>SD</arg>
<arg>SE</arg>
<arg>SG</arg>
<arg>SH</arg>
<arg>SI</arg>
<arg>SJ</arg>
<arg>SK</arg>
<arg>SL</arg>
<arg>SM</arg>
<arg>SN</arg>
<arg>SO</arg>
<arg>SR</arg>
<arg>SS</arg>
<arg>ST</arg>
<arg>SV</arg>
<arg>SX</arg>
<arg>SY</arg>
<arg>SZ</arg>
<arg>TC</arg>
<arg>TD</arg>
<arg>TF</arg>
<arg>TG</arg>
<arg>TH</arg>
<arg>TJ</arg>
<arg>TK</arg>
<arg>TL</arg>
<arg>TM</arg>
<arg>TN</arg>
<arg>TO</arg>
<arg>TR</arg>
<arg>TT</arg>
<arg>TV</arg>
<arg>TW</arg>
<arg>TZ</arg>
<arg>UA</arg>
<arg>UG</arg>
<arg>UM</arg>
<arg>US</arg>
<arg>UY</arg>
<arg>UZ</arg>
<arg>VA</arg>
<arg>VC</arg>
<arg>VE</arg>
<arg>VG</arg>
<arg>VI</arg>
<arg>VN</arg>
<arg>VU</arg>
<arg>WF</arg>
<arg>WS</arg>
<arg>XK</arg>
<arg>YE</arg>
<arg>YT</arg>
<arg>ZA</arg>
<arg>ZM</arg>
<arg>ZW</arg>
<doc>Returns a list containing given items.</doc>
<status status="PASS" start="2024-04-20T16:16:40.552472" elapsed="0.000659"/>
</kw>
<kw name="List Should Contain Value" owner="Collections">
<msg time="2024-04-20T16:16:40.554126" level="INFO">False</msg>
<arg>${list_country}</arg>
<arg>${name_country}</arg>
<doc>Fails if the ``value`` is not found from ``list``.</doc>
<status status="PASS" start="2024-04-20T16:16:40.553928" elapsed="0.000235"/>
</kw>
<kw name="Run Keyword If" owner="BuiltIn">
<kw name="Should Be True" owner="BuiltIn">
<arg>${True}</arg>
<doc>Fails if the given condition is not true.</doc>
<status status="PASS" start="2024-04-20T16:16:40.555233" elapsed="0.000249"/>
</kw>
<arg>${json_data["results"][0]["location"]["coordinates"]["latitude"]} &gt;= -90 and ${json_data["results"][0]["location"]["coordinates"]["latitude"]} &lt;= 90</arg>
<arg>Should Be True</arg>
<arg>${True}</arg>
<doc>Runs the given keyword with the given arguments, if ``condition`` is true.</doc>
<status status="PASS" start="2024-04-20T16:16:40.554475" elapsed="0.001140"/>
</kw>
<kw name="Run Keyword If" owner="BuiltIn">
<kw name="Should Be True" owner="BuiltIn">
<arg>${True}</arg>
<doc>Fails if the given condition is not true.</doc>
<status status="PASS" start="2024-04-20T16:16:40.556514" elapsed="0.000138"/>
</kw>
<arg>${json_data["results"][0]["location"]["coordinates"]["longitude"]} &gt;= -180 and ${json_data["results"][0]["location"]["coordinates"]["longitude"]} &lt;= 180</arg>
<arg>Should Be True</arg>
<arg>${True}</arg>
<doc>Runs the given keyword with the given arguments, if ``condition`` is true.</doc>
<status status="PASS" start="2024-04-20T16:16:40.555803" elapsed="0.000995"/>
</kw>
<status status="PASS" start="2024-04-20T16:16:40.452070" elapsed="0.104863"/>
</kw>
<doc>Testa o conteúdo específico dos campos retornados pela API.</doc>
<tag>testeConteudo</tag>
<status status="PASS" start="2024-04-20T16:16:40.451598" elapsed="0.105483"/>
</test>
<status status="PASS" start="2024-04-20T16:16:39.639119" elapsed="0.919916"/>
</suite>
<status status="PASS" start="2024-04-20T16:16:39.625238" elapsed="0.939035"/>
</suite>
<statistics>
<total>
<stat pass="5" fail="0" skip="0">All Tests</stat>
</total>
<tag>
<stat pass="1" fail="0" skip="0">testeConteudo</stat>
<stat pass="1" fail="0" skip="0">testeEstruturaResposta</stat>
<stat pass="1" fail="0" skip="0">testeRequisicaoBasica</stat>
<stat pass="1" fail="0" skip="0">testeTiposDados</stat>
</tag>
<suite>
<stat pass="5" fail="0" skip="0" id="s1" name="Tests">Tests</stat>
<stat pass="5" fail="0" skip="0" id="s1-s1" name="Random-User-Test">Tests.Random-User-Test</stat>
</suite>
</statistics>
<errors>
</errors>
</robot>
