<?xml version="1.0" encoding="UTF-8"?>
<robot generator="Robot 7.0 (Python 3.12.3 on linux)" generated="2024-06-06T20:17:09.660172" rpa="false" schemaversion="5">
<suite id="s1" name="Tests" source="/home/runner/work/ApiRandomUser/ApiRandomUser/RamdonUser/tests">
<suite id="s1-s1" name="Random-User-Test" source="/home/runner/work/ApiRandomUser/ApiRandomUser/RamdonUser/tests/random-user-test.robot">
<test id="s1-s1-t1" name="Conectar" line="13">
<kw name="Conectar API" owner="random-user-service">
<kw name="Create Session" owner="RequestsLibrary">
<msg time="2024-06-06T20:17:10.060724" level="INFO">Creating Session using : alias=consultarAPI, url=https://randomuser.me/, headers={},                     cookies={}, auth=None, timeout=None, proxies=None, verify=False,                     debug=0 </msg>
<arg>consultarAPI</arg>
<arg>${URL}</arg>
<doc>Create Session: create a HTTP session to a server</doc>
<status status="PASS" start="2024-06-06T20:17:10.060509" elapsed="0.000395"/>
</kw>
<status status="PASS" start="2024-06-06T20:17:10.059434" elapsed="0.001839"/>
</kw>
<status status="PASS" start="2024-06-06T20:17:10.058890" elapsed="0.002577"/>
</test>
<test id="s1-s1-t2" name="Validar retorno 200 e JSON Válido" line="16">
<kw name="Teste de Requisicao Basica" owner="random-user-service">
<kw name="GET On Session" owner="RequestsLibrary">
<msg time="2024-06-06T20:17:10.132281" level="INFO">GET Request : url=https://randomuser.me/api 
 path_url=/api 
 headers={'User-Agent': 'python-requests/2.32.3', 'Accept-Encoding': 'gzip, deflate', 'Accept': '*/*', 'Connection': 'keep-alive'} 
 body=None 
 </msg>
<msg time="2024-06-06T20:17:10.132418" level="INFO">GET Response : url=https://randomuser.me/api 
 status=200, reason=OK 
 headers={'Date': 'Thu, 06 Jun 2024 20:17:10 GMT', 'Content-Type': 'application/json; charset=utf-8', 'Transfer-Encoding': 'chunked', 'Connection': 'keep-alive', 'X-Powered-By': 'Express', 'Access-Control-Allow-Origin': '*', 'Cache-Control': 'no-cache', 'ETag': 'W/"489-khcDsTMEsRX+zhEtFjZGg2mCMu4"', 'Vary': 'Accept-Encoding', 'Content-Encoding': 'gzip', 'CF-Cache-Status': 'DYNAMIC', 'Report-To': '{"endpoints":[{"url":"https:\\/\\/a.nel.cloudflare.com\\/report\\/v4?s=hZNhT0ujeofrNch%2B7P4s2m36P04pJmkVyEDbyJVaEDlp6sSijPnXS6OMKrh%2B9SdLN6RpRS1nYYgihy1mw34WxkyIfqamth2rLiw2TT%2FpNkELK3bdtuDoWaSmIZeA7a%2BE"}],"group":"cf-nel","max_age":604800}', 'NEL': '{"success_fraction":0,"report_to":"cf-nel","max_age":604800}', 'Server': 'cloudflare', 'CF-RAY': '88fb159609a60934-IAD', 'alt-svc': 'h3=":443"; ma=86400'} 
 body={"results":[{"gender":"male","name":{"title":"Mr","first":"Everett","last":"Shaw"},"location":{"street":{"number":4463,"name":"James St"},"city":"Hervey Bay","state":"Victoria","country":"Australia","postcode":4546,"coordinates":{"latitude":"-85.5129","longitude":"-39.0876"},"timezone":{"offset":"+10:00","description":"Eastern Australia, Guam, Vladivostok"}},"email":"everett.shaw@example.com","login":{"uuid":"5df767d1-8380-4351-babe-a6af7dd09309","username":"silverwolf700","password":"network","salt":"HmFcmvdE","md5":"e337f9149046b8842f5ae9d4dd666f09","sha1":"8656c3138403ee8ef57073d2010c4e67c9f86657","sha256":"14992fc496c40585b0f93de0888dacede41b7501191ca47923b06f61695f7f77"},"dob":{"date":"1966-06-21T02:58:57.514Z","age":57},"registered":{"date":"2015-03-23T02:30:39.155Z","age":9},"phone":"04-8806-1068","cell":"0446-734-545","id":{"name":"TFN","value":"584079480"},"picture":{"large":"https://randomuser.me/api/portraits/men/97.jpg","medium":"https://randomuser.me/api/portraits/med/men/97.jpg","thumbnail":"https://randomuser.me/api/portraits/thumb/men/97.jpg"},"nat":"AU"}],"info":{"seed":"da78d00514114cb1","results":1,"page":1,"version":"1.4"}} 
 </msg>
<msg time="2024-06-06T20:17:10.132499" level="INFO">/opt/hostedtoolcache/Python/3.12.3/x64/lib/python3.12/site-packages/urllib3/connectionpool.py:1103: InsecureRequestWarning: Unverified HTTPS request is being made to host 'randomuser.me'. Adding certificate verification is strongly advised. See: https://urllib3.readthedocs.io/en/latest/advanced-usage.html#tls-warnings
  warnings.warn(</msg>
<msg time="2024-06-06T20:17:10.132638" level="INFO">${response} = &lt;Response [200]&gt;</msg>
<var>${response}</var>
<arg>consultarAPI</arg>
<arg>/api</arg>
<doc>Sends a GET request on a previously created HTTP Session.</doc>
<status status="PASS" start="2024-06-06T20:17:10.064080" elapsed="0.068599"/>
</kw>
<kw name="Should Be Equal As Numbers" owner="BuiltIn">
<msg time="2024-06-06T20:17:10.133627" level="INFO">Argument types are:
&lt;class 'int'&gt;
&lt;class 'str'&gt;</msg>
<arg>${response.status_code}</arg>
<arg>200</arg>
<doc>Fails if objects are unequal after converting them to real numbers.</doc>
<status status="PASS" start="2024-06-06T20:17:10.133166" elapsed="0.000527"/>
</kw>
<kw name="Log" owner="BuiltIn">
<msg time="2024-06-06T20:17:10.134386" level="INFO">200</msg>
<arg>${response.status_code}</arg>
<doc>Logs the given message with the given level.</doc>
<status status="PASS" start="2024-06-06T20:17:10.134041" elapsed="0.000393"/>
</kw>
<kw name="Set Variable" owner="BuiltIn">
<msg time="2024-06-06T20:17:10.135195" level="INFO">${json_data} = {'results': [{'gender': 'male', 'name': {'title': 'Mr', 'first': 'Everett', 'last': 'Shaw'}, 'location': {'street': {'number': 4463, 'name': 'James St'}, 'city': 'Hervey Bay', 'state': 'Victoria', 'co...</msg>
<var>${json_data}</var>
<arg>${response.json()}</arg>
<doc>Returns the given values which can then be assigned to a variables.</doc>
<status status="PASS" start="2024-06-06T20:17:10.134756" elapsed="0.000470"/>
</kw>
<kw name="Dictionary Should Contain Key" owner="Collections">
<msg time="2024-06-06T20:17:10.135699" level="INFO">False</msg>
<arg>${json_data}</arg>
<arg>results</arg>
<doc>Fails if ``key`` is not found from ``dictionary``.</doc>
<status status="PASS" start="2024-06-06T20:17:10.135531" elapsed="0.000386"/>
</kw>
<status status="PASS" start="2024-06-06T20:17:10.063829" elapsed="0.072358"/>
</kw>
<doc>Testa se a API responde corretamente e retorna um objeto JSON válido.</doc>
<tag>testeRequisicaoBasica</tag>
<status status="PASS" start="2024-06-06T20:17:10.063310" elapsed="0.073062"/>
</test>
<test id="s1-s1-t3" name="Validar estrutura de resposta" line="22">
<kw name="Teste de Estrutura de Resposta" owner="random-user-service">
<kw name="GET On Session" owner="RequestsLibrary">
<msg time="2024-06-06T20:17:10.231083" level="INFO">GET Request : url=https://randomuser.me/api 
 path_url=/api 
 headers={'User-Agent': 'python-requests/2.32.3', 'Accept-Encoding': 'gzip, deflate', 'Accept': '*/*', 'Connection': 'keep-alive'} 
 body=None 
 </msg>
<msg time="2024-06-06T20:17:10.231183" level="INFO">GET Response : url=https://randomuser.me/api 
 status=200, reason=OK 
 headers={'Date': 'Thu, 06 Jun 2024 20:17:10 GMT', 'Content-Type': 'application/json; charset=utf-8', 'Transfer-Encoding': 'chunked', 'Connection': 'keep-alive', 'X-Powered-By': 'Express', 'Access-Control-Allow-Origin': '*', 'Cache-Control': 'no-cache', 'ETag': 'W/"485-DoOf0Slmt2t/E+LZ6etLOeERXJ0"', 'Vary': 'Accept-Encoding', 'Content-Encoding': 'gzip', 'CF-Cache-Status': 'DYNAMIC', 'Report-To': '{"endpoints":[{"url":"https:\\/\\/a.nel.cloudflare.com\\/report\\/v4?s=vs2OScQzvJfWveltFKBcMh4BFOKGgYXvLYHzkVzz%2Fa9m5k2oKNs5w1GPpGkVNLEJF5kFoHXB6aWH8qvGOLvtmVxseLPaCoYIKBKqGH%2F4ucH1o%2FP91ooosL1lCSJ1DRDs"}],"group":"cf-nel","max_age":604800}', 'NEL': '{"success_fraction":0,"report_to":"cf-nel","max_age":604800}', 'Server': 'cloudflare', 'CF-RAY': '88fb159669f80934-IAD', 'alt-svc': 'h3=":443"; ma=86400'} 
 body={"results":[{"gender":"male","name":{"title":"Mr","first":"Mustafa","last":"Demirel"},"location":{"street":{"number":8608,"name":"Mevlana Cd"},"city":"Ardahan","state":"Kırıkkale","country":"Turkey","postcode":59618,"coordinates":{"latitude":"70.6397","longitude":"-142.2395"},"timezone":{"offset":"+1:00","description":"Brussels, Copenhagen, Madrid, Paris"}},"email":"mustafa.demirel@example.com","login":{"uuid":"a47deee8-b64d-49e7-971e-4e945b41ffb8","username":"bigswan332","password":"houston1","salt":"SAp1L4BZ","md5":"8d28a40196f1218c035f4f80ee60386b","sha1":"96af7a8fcccaa6b6bf0851b89b4896d4d472ca24","sha256":"61f1191b7153414ba6108b599ef81574fc88c674bbc1bfb9112ee9a0ca142ff4"},"dob":{"date":"1994-09-06T17:32:03.827Z","age":29},"registered":{"date":"2014-09-02T15:30:13.836Z","age":9},"phone":"(362)-199-6530","cell":"(630)-734-2372","id":{"name":"","value":null},"picture":{"large":"https://randomuser.me/api/portraits/men/29.jpg","medium":"https://randomuser.me/api/portraits/med/men/29.jpg","thumbnail":"https://randomuser.me/api/portraits/thumb/men/29.jpg"},"nat":"TR"}],"info":{"seed":"af1a98b57acb1218","results":1,"page":1,"version":"1.4"}} 
 </msg>
<msg time="2024-06-06T20:17:10.231327" level="INFO">/opt/hostedtoolcache/Python/3.12.3/x64/lib/python3.12/site-packages/urllib3/connectionpool.py:1103: InsecureRequestWarning: Unverified HTTPS request is being made to host 'randomuser.me'. Adding certificate verification is strongly advised. See: https://urllib3.readthedocs.io/en/latest/advanced-usage.html#tls-warnings
  warnings.warn(</msg>
<msg time="2024-06-06T20:17:10.231461" level="INFO">${response} = &lt;Response [200]&gt;</msg>
<var>${response}</var>
<arg>consultarAPI</arg>
<arg>/api</arg>
<doc>Sends a GET request on a previously created HTTP Session.</doc>
<status status="PASS" start="2024-06-06T20:17:10.138927" elapsed="0.092588"/>
</kw>
<kw name="Set Variable" owner="BuiltIn">
<msg time="2024-06-06T20:17:10.232520" level="INFO">${json_data} = {'results': [{'gender': 'male', 'name': {'title': 'Mr', 'first': 'Mustafa', 'last': 'Demirel'}, 'location': {'street': {'number': 8608, 'name': 'Mevlana Cd'}, 'city': 'Ardahan', 'state': 'Kırıkkale', ...</msg>
<var>${json_data}</var>
<arg>${response.json()}</arg>
<doc>Returns the given values which can then be assigned to a variables.</doc>
<status status="PASS" start="2024-06-06T20:17:10.232014" elapsed="0.000538"/>
</kw>
<kw name="Log" owner="BuiltIn">
<msg time="2024-06-06T20:17:10.233022" level="INFO">{'results': [{'gender': 'male', 'name': {'title': 'Mr', 'first': 'Mustafa', 'last': 'Demirel'}, 'location': {'street': {'number': 8608, 'name': 'Mevlana Cd'}, 'city': 'Ardahan', 'state': 'Kırıkkale', 'country': 'Turkey', 'postcode': 59618, 'coordinates': {'latitude': '70.6397', 'longitude': '-142.2395'}, 'timezone': {'offset': '+1:00', 'description': 'Brussels, Copenhagen, Madrid, Paris'}}, 'email': 'mustafa.demirel@example.com', 'login': {'uuid': 'a47deee8-b64d-49e7-971e-4e945b41ffb8', 'username': 'bigswan332', 'password': 'houston1', 'salt': 'SAp1L4BZ', 'md5': '8d28a40196f1218c035f4f80ee60386b', 'sha1': '96af7a8fcccaa6b6bf0851b89b4896d4d472ca24', 'sha256': '61f1191b7153414ba6108b599ef81574fc88c674bbc1bfb9112ee9a0ca142ff4'}, 'dob': {'date': '1994-09-06T17:32:03.827Z', 'age': 29}, 'registered': {'date': '2014-09-02T15:30:13.836Z', 'age': 9}, 'phone': '(362)-199-6530', 'cell': '(630)-734-2372', 'id': {'name': '', 'value': None}, 'picture': {'large': 'https://randomuser.me/api/portraits/men/29.jpg', 'medium': 'https://randomuser.me/api/portraits/med/men/29.jpg', 'thumbnail': 'https://randomuser.me/api/portraits/thumb/men/29.jpg'}, 'nat': 'TR'}], 'info': {'seed': 'af1a98b57acb1218', 'results': 1, 'page': 1, 'version': '1.4'}}</msg>
<arg>${json_data}</arg>
<doc>Logs the given message with the given level.</doc>
<status status="PASS" start="2024-06-06T20:17:10.232862" elapsed="0.000211"/>
</kw>
<kw name="Dictionary Should Contain Key" owner="Collections">
<msg time="2024-06-06T20:17:10.233525" level="INFO">False</msg>
<arg>${json_data}</arg>
<arg>results</arg>
<doc>Fails if ``key`` is not found from ``dictionary``.</doc>
<status status="PASS" start="2024-06-06T20:17:10.233367" elapsed="0.000195"/>
</kw>
<kw name="Should Not Be Empty" owner="BuiltIn">
<msg time="2024-06-06T20:17:10.233999" level="INFO">Length is 2.</msg>
<arg>${json_data}</arg>
<doc>Verifies that the given item is not empty.</doc>
<status status="PASS" start="2024-06-06T20:17:10.233857" elapsed="0.000181"/>
</kw>
<kw name="Create List" owner="BuiltIn">
<msg time="2024-06-06T20:17:10.234477" level="INFO">${expected_keys} = ['gender', 'name', 'location', 'email', 'login']</msg>
<var>${expected_keys}</var>
<arg>gender</arg>
<arg>name</arg>
<arg>location</arg>
<arg>email</arg>
<arg>login</arg>
<doc>Returns a list containing given items.</doc>
<status status="PASS" start="2024-06-06T20:17:10.234329" elapsed="0.000172"/>
</kw>
<for flavor="IN">
<iter>
<kw name="Dictionary Should Contain Key" owner="Collections">
<msg time="2024-06-06T20:17:10.235483" level="INFO">False</msg>
<arg>${json_data['results'][0]}</arg>
<arg>${key}</arg>
<doc>Fails if ``key`` is not found from ``dictionary``.</doc>
<status status="PASS" start="2024-06-06T20:17:10.235074" elapsed="0.000453"/>
</kw>
<kw name="Log" owner="BuiltIn">
<msg time="2024-06-06T20:17:10.236263" level="INFO">{'gender': 'male', 'name': {'title': 'Mr', 'first': 'Mustafa', 'last': 'Demirel'}, 'location': {'street': {'number': 8608, 'name': 'Mevlana Cd'}, 'city': 'Ardahan', 'state': 'Kırıkkale', 'country': 'Turkey', 'postcode': 59618, 'coordinates': {'latitude': '70.6397', 'longitude': '-142.2395'}, 'timezone': {'offset': '+1:00', 'description': 'Brussels, Copenhagen, Madrid, Paris'}}, 'email': 'mustafa.demirel@example.com', 'login': {'uuid': 'a47deee8-b64d-49e7-971e-4e945b41ffb8', 'username': 'bigswan332', 'password': 'houston1', 'salt': 'SAp1L4BZ', 'md5': '8d28a40196f1218c035f4f80ee60386b', 'sha1': '96af7a8fcccaa6b6bf0851b89b4896d4d472ca24', 'sha256': '61f1191b7153414ba6108b599ef81574fc88c674bbc1bfb9112ee9a0ca142ff4'}, 'dob': {'date': '1994-09-06T17:32:03.827Z', 'age': 29}, 'registered': {'date': '2014-09-02T15:30:13.836Z', 'age': 9}, 'phone': '(362)-199-6530', 'cell': '(630)-734-2372', 'id': {'name': '', 'value': None}, 'picture': {'large': 'https://randomuser.me/api/portraits/men/29.jpg', 'medium': 'https://randomuser.me/api/portraits/med/men/29.jpg', 'thumbnail': 'https://randomuser.me/api/portraits/thumb/men/29.jpg'}, 'nat': 'TR'}</msg>
<arg>${json_data['results'][0]}</arg>
<doc>Logs the given message with the given level.</doc>
<status status="PASS" start="2024-06-06T20:17:10.235865" elapsed="0.000452"/>
</kw>
<kw name="Log" owner="BuiltIn">
<msg time="2024-06-06T20:17:10.236831" level="INFO">gender</msg>
<arg>${key}</arg>
<doc>Logs the given message with the given level.</doc>
<status status="PASS" start="2024-06-06T20:17:10.236677" elapsed="0.000195"/>
</kw>
<var name="${key}">gender</var>
<status status="PASS" start="2024-06-06T20:17:10.234949" elapsed="0.002141"/>
</iter>
<iter>
<kw name="Dictionary Should Contain Key" owner="Collections">
<msg time="2024-06-06T20:17:10.237790" level="INFO">False</msg>
<arg>${json_data['results'][0]}</arg>
<arg>${key}</arg>
<doc>Fails if ``key`` is not found from ``dictionary``.</doc>
<status status="PASS" start="2024-06-06T20:17:10.237396" elapsed="0.000432"/>
</kw>
<kw name="Log" owner="BuiltIn">
<msg time="2024-06-06T20:17:10.238518" level="INFO">{'gender': 'male', 'name': {'title': 'Mr', 'first': 'Mustafa', 'last': 'Demirel'}, 'location': {'street': {'number': 8608, 'name': 'Mevlana Cd'}, 'city': 'Ardahan', 'state': 'Kırıkkale', 'country': 'Turkey', 'postcode': 59618, 'coordinates': {'latitude': '70.6397', 'longitude': '-142.2395'}, 'timezone': {'offset': '+1:00', 'description': 'Brussels, Copenhagen, Madrid, Paris'}}, 'email': 'mustafa.demirel@example.com', 'login': {'uuid': 'a47deee8-b64d-49e7-971e-4e945b41ffb8', 'username': 'bigswan332', 'password': 'houston1', 'salt': 'SAp1L4BZ', 'md5': '8d28a40196f1218c035f4f80ee60386b', 'sha1': '96af7a8fcccaa6b6bf0851b89b4896d4d472ca24', 'sha256': '61f1191b7153414ba6108b599ef81574fc88c674bbc1bfb9112ee9a0ca142ff4'}, 'dob': {'date': '1994-09-06T17:32:03.827Z', 'age': 29}, 'registered': {'date': '2014-09-02T15:30:13.836Z', 'age': 9}, 'phone': '(362)-199-6530', 'cell': '(630)-734-2372', 'id': {'name': '', 'value': None}, 'picture': {'large': 'https://randomuser.me/api/portraits/men/29.jpg', 'medium': 'https://randomuser.me/api/portraits/med/men/29.jpg', 'thumbnail': 'https://randomuser.me/api/portraits/thumb/men/29.jpg'}, 'nat': 'TR'}</msg>
<arg>${json_data['results'][0]}</arg>
<doc>Logs the given message with the given level.</doc>
<status status="PASS" start="2024-06-06T20:17:10.238151" elapsed="0.000419"/>
</kw>
<kw name="Log" owner="BuiltIn">
<msg time="2024-06-06T20:17:10.238993" level="INFO">name</msg>
<arg>${key}</arg>
<doc>Logs the given message with the given level.</doc>
<status status="PASS" start="2024-06-06T20:17:10.238866" elapsed="0.000164"/>
</kw>
<var name="${key}">name</var>
<status status="PASS" start="2024-06-06T20:17:10.237280" elapsed="0.001970"/>
</iter>
<iter>
<kw name="Dictionary Should Contain Key" owner="Collections">
<msg time="2024-06-06T20:17:10.239965" level="INFO">False</msg>
<arg>${json_data['results'][0]}</arg>
<arg>${key}</arg>
<doc>Fails if ``key`` is not found from ``dictionary``.</doc>
<status status="PASS" start="2024-06-06T20:17:10.239544" elapsed="0.000459"/>
</kw>
<kw name="Log" owner="BuiltIn">
<msg time="2024-06-06T20:17:10.240689" level="INFO">{'gender': 'male', 'name': {'title': 'Mr', 'first': 'Mustafa', 'last': 'Demirel'}, 'location': {'street': {'number': 8608, 'name': 'Mevlana Cd'}, 'city': 'Ardahan', 'state': 'Kırıkkale', 'country': 'Turkey', 'postcode': 59618, 'coordinates': {'latitude': '70.6397', 'longitude': '-142.2395'}, 'timezone': {'offset': '+1:00', 'description': 'Brussels, Copenhagen, Madrid, Paris'}}, 'email': 'mustafa.demirel@example.com', 'login': {'uuid': 'a47deee8-b64d-49e7-971e-4e945b41ffb8', 'username': 'bigswan332', 'password': 'houston1', 'salt': 'SAp1L4BZ', 'md5': '8d28a40196f1218c035f4f80ee60386b', 'sha1': '96af7a8fcccaa6b6bf0851b89b4896d4d472ca24', 'sha256': '61f1191b7153414ba6108b599ef81574fc88c674bbc1bfb9112ee9a0ca142ff4'}, 'dob': {'date': '1994-09-06T17:32:03.827Z', 'age': 29}, 'registered': {'date': '2014-09-02T15:30:13.836Z', 'age': 9}, 'phone': '(362)-199-6530', 'cell': '(630)-734-2372', 'id': {'name': '', 'value': None}, 'picture': {'large': 'https://randomuser.me/api/portraits/men/29.jpg', 'medium': 'https://randomuser.me/api/portraits/med/men/29.jpg', 'thumbnail': 'https://randomuser.me/api/portraits/thumb/men/29.jpg'}, 'nat': 'TR'}</msg>
<arg>${json_data['results'][0]}</arg>
<doc>Logs the given message with the given level.</doc>
<status status="PASS" start="2024-06-06T20:17:10.240311" elapsed="0.000429"/>
</kw>
<kw name="Log" owner="BuiltIn">
<msg time="2024-06-06T20:17:10.241175" level="INFO">location</msg>
<arg>${key}</arg>
<doc>Logs the given message with the given level.</doc>
<status status="PASS" start="2024-06-06T20:17:10.241040" elapsed="0.000174"/>
</kw>
<var name="${key}">location</var>
<status status="PASS" start="2024-06-06T20:17:10.239429" elapsed="0.001999"/>
</iter>
<iter>
<kw name="Dictionary Should Contain Key" owner="Collections">
<msg time="2024-06-06T20:17:10.242208" level="INFO">False</msg>
<arg>${json_data['results'][0]}</arg>
<arg>${key}</arg>
<doc>Fails if ``key`` is not found from ``dictionary``.</doc>
<status status="PASS" start="2024-06-06T20:17:10.241715" elapsed="0.000532"/>
</kw>
<kw name="Log" owner="BuiltIn">
<msg time="2024-06-06T20:17:10.242905" level="INFO">{'gender': 'male', 'name': {'title': 'Mr', 'first': 'Mustafa', 'last': 'Demirel'}, 'location': {'street': {'number': 8608, 'name': 'Mevlana Cd'}, 'city': 'Ardahan', 'state': 'Kırıkkale', 'country': 'Turkey', 'postcode': 59618, 'coordinates': {'latitude': '70.6397', 'longitude': '-142.2395'}, 'timezone': {'offset': '+1:00', 'description': 'Brussels, Copenhagen, Madrid, Paris'}}, 'email': 'mustafa.demirel@example.com', 'login': {'uuid': 'a47deee8-b64d-49e7-971e-4e945b41ffb8', 'username': 'bigswan332', 'password': 'houston1', 'salt': 'SAp1L4BZ', 'md5': '8d28a40196f1218c035f4f80ee60386b', 'sha1': '96af7a8fcccaa6b6bf0851b89b4896d4d472ca24', 'sha256': '61f1191b7153414ba6108b599ef81574fc88c674bbc1bfb9112ee9a0ca142ff4'}, 'dob': {'date': '1994-09-06T17:32:03.827Z', 'age': 29}, 'registered': {'date': '2014-09-02T15:30:13.836Z', 'age': 9}, 'phone': '(362)-199-6530', 'cell': '(630)-734-2372', 'id': {'name': '', 'value': None}, 'picture': {'large': 'https://randomuser.me/api/portraits/men/29.jpg', 'medium': 'https://randomuser.me/api/portraits/med/men/29.jpg', 'thumbnail': 'https://randomuser.me/api/portraits/thumb/men/29.jpg'}, 'nat': 'TR'}</msg>
<arg>${json_data['results'][0]}</arg>
<doc>Logs the given message with the given level.</doc>
<status status="PASS" start="2024-06-06T20:17:10.242545" elapsed="0.000421"/>
</kw>
<kw name="Log" owner="BuiltIn">
<msg time="2024-06-06T20:17:10.243388" level="INFO">email</msg>
<arg>${key}</arg>
<doc>Logs the given message with the given level.</doc>
<status status="PASS" start="2024-06-06T20:17:10.243261" elapsed="0.000164"/>
</kw>
<var name="${key}">email</var>
<status status="PASS" start="2024-06-06T20:17:10.241603" elapsed="0.002039"/>
</iter>
<iter>
<kw name="Dictionary Should Contain Key" owner="Collections">
<msg time="2024-06-06T20:17:10.244360" level="INFO">False</msg>
<arg>${json_data['results'][0]}</arg>
<arg>${key}</arg>
<doc>Fails if ``key`` is not found from ``dictionary``.</doc>
<status status="PASS" start="2024-06-06T20:17:10.243977" elapsed="0.000420"/>
</kw>
<kw name="Log" owner="BuiltIn">
<msg time="2024-06-06T20:17:10.245048" level="INFO">{'gender': 'male', 'name': {'title': 'Mr', 'first': 'Mustafa', 'last': 'Demirel'}, 'location': {'street': {'number': 8608, 'name': 'Mevlana Cd'}, 'city': 'Ardahan', 'state': 'Kırıkkale', 'country': 'Turkey', 'postcode': 59618, 'coordinates': {'latitude': '70.6397', 'longitude': '-142.2395'}, 'timezone': {'offset': '+1:00', 'description': 'Brussels, Copenhagen, Madrid, Paris'}}, 'email': 'mustafa.demirel@example.com', 'login': {'uuid': 'a47deee8-b64d-49e7-971e-4e945b41ffb8', 'username': 'bigswan332', 'password': 'houston1', 'salt': 'SAp1L4BZ', 'md5': '8d28a40196f1218c035f4f80ee60386b', 'sha1': '96af7a8fcccaa6b6bf0851b89b4896d4d472ca24', 'sha256': '61f1191b7153414ba6108b599ef81574fc88c674bbc1bfb9112ee9a0ca142ff4'}, 'dob': {'date': '1994-09-06T17:32:03.827Z', 'age': 29}, 'registered': {'date': '2014-09-02T15:30:13.836Z', 'age': 9}, 'phone': '(362)-199-6530', 'cell': '(630)-734-2372', 'id': {'name': '', 'value': None}, 'picture': {'large': 'https://randomuser.me/api/portraits/men/29.jpg', 'medium': 'https://randomuser.me/api/portraits/med/men/29.jpg', 'thumbnail': 'https://randomuser.me/api/portraits/thumb/men/29.jpg'}, 'nat': 'TR'}</msg>
<arg>${json_data['results'][0]}</arg>
<doc>Logs the given message with the given level.</doc>
<status status="PASS" start="2024-06-06T20:17:10.244691" elapsed="0.000408"/>
</kw>
<kw name="Log" owner="BuiltIn">
<msg time="2024-06-06T20:17:10.245580" level="INFO">login</msg>
<arg>${key}</arg>
<doc>Logs the given message with the given level.</doc>
<status status="PASS" start="2024-06-06T20:17:10.245429" elapsed="0.000191"/>
</kw>
<var name="${key}">login</var>
<status status="PASS" start="2024-06-06T20:17:10.243861" elapsed="0.001987"/>
</iter>
<var>${key}</var>
<value>@{expected_keys}</value>
<status status="PASS" start="2024-06-06T20:17:10.234758" elapsed="0.011241"/>
</for>
<kw name="Create List" owner="BuiltIn">
<msg time="2024-06-06T20:17:10.246346" level="INFO">${expected_keysTwo} = ['username', 'password']</msg>
<var>${expected_keysTwo}</var>
<arg>username</arg>
<arg>password</arg>
<doc>Returns a list containing given items.</doc>
<status status="PASS" start="2024-06-06T20:17:10.246200" elapsed="0.000170"/>
</kw>
<for flavor="IN">
<iter>
<kw name="Dictionary Should Contain Key" owner="Collections">
<msg time="2024-06-06T20:17:10.247251" level="INFO">False</msg>
<arg>${json_data['results'][0]['login']}</arg>
<arg>${keyTwo}</arg>
<doc>Fails if ``key`` is not found from ``dictionary``.</doc>
<status status="PASS" start="2024-06-06T20:17:10.246866" elapsed="0.000423"/>
</kw>
<kw name="Dictionary Should Contain Key" owner="Collections">
<msg time="2024-06-06T20:17:10.248002" level="INFO">False</msg>
<arg>${json_data['results'][0]['login']}</arg>
<arg>${keyTwo}</arg>
<doc>Fails if ``key`` is not found from ``dictionary``.</doc>
<status status="PASS" start="2024-06-06T20:17:10.247587" elapsed="0.000454"/>
</kw>
<kw name="Log" owner="BuiltIn">
<msg time="2024-06-06T20:17:10.248467" level="INFO">username</msg>
<arg>${keyTwo}</arg>
<doc>Logs the given message with the given level.</doc>
<status status="PASS" start="2024-06-06T20:17:10.248337" elapsed="0.000169"/>
</kw>
<var name="${keyTwo}">username</var>
<status status="PASS" start="2024-06-06T20:17:10.246757" elapsed="0.001968"/>
</iter>
<iter>
<kw name="Dictionary Should Contain Key" owner="Collections">
<msg time="2024-06-06T20:17:10.249388" level="INFO">False</msg>
<arg>${json_data['results'][0]['login']}</arg>
<arg>${keyTwo}</arg>
<doc>Fails if ``key`` is not found from ``dictionary``.</doc>
<status status="PASS" start="2024-06-06T20:17:10.249009" elapsed="0.000416"/>
</kw>
<kw name="Dictionary Should Contain Key" owner="Collections">
<msg time="2024-06-06T20:17:10.250100" level="INFO">False</msg>
<arg>${json_data['results'][0]['login']}</arg>
<arg>${keyTwo}</arg>
<doc>Fails if ``key`` is not found from ``dictionary``.</doc>
<status status="PASS" start="2024-06-06T20:17:10.249718" elapsed="0.000419"/>
</kw>
<kw name="Log" owner="BuiltIn">
<msg time="2024-06-06T20:17:10.250554" level="INFO">password</msg>
<arg>${keyTwo}</arg>
<doc>Logs the given message with the given level.</doc>
<status status="PASS" start="2024-06-06T20:17:10.250429" elapsed="0.000162"/>
</kw>
<var name="${keyTwo}">password</var>
<status status="PASS" start="2024-06-06T20:17:10.248898" elapsed="0.001905"/>
</iter>
<var>${keyTwo}</var>
<value>@{expected_keysTwo}</value>
<status status="PASS" start="2024-06-06T20:17:10.246606" elapsed="0.004317"/>
</for>
<status status="PASS" start="2024-06-06T20:17:10.138682" elapsed="0.112379"/>
</kw>
<doc>Testa a estrutura da resposta da API.</doc>
<tag>testeEstruturaResposta</tag>
<status status="PASS" start="2024-06-06T20:17:10.138183" elapsed="0.113029"/>
</test>
<test id="s1-s1-t4" name="Validar tipos de dados" line="28">
<kw name="Teste de Tipos de Dados" owner="random-user-service">
<kw name="GET On Session" owner="RequestsLibrary">
<msg time="2024-06-06T20:17:10.329311" level="INFO">GET Request : url=https://randomuser.me/api 
 path_url=/api 
 headers={'User-Agent': 'python-requests/2.32.3', 'Accept-Encoding': 'gzip, deflate', 'Accept': '*/*', 'Connection': 'keep-alive'} 
 body=None 
 </msg>
<msg time="2024-06-06T20:17:10.329388" level="INFO">GET Response : url=https://randomuser.me/api 
 status=200, reason=OK 
 headers={'Date': 'Thu, 06 Jun 2024 20:17:10 GMT', 'Content-Type': 'application/json; charset=utf-8', 'Transfer-Encoding': 'chunked', 'Connection': 'keep-alive', 'X-Powered-By': 'Express', 'Access-Control-Allow-Origin': '*', 'Cache-Control': 'no-cache', 'ETag': 'W/"488-j7XWegzahhnti3Dtb9CxXEa+TRw"', 'Vary': 'Accept-Encoding', 'Content-Encoding': 'gzip', 'CF-Cache-Status': 'DYNAMIC', 'Report-To': '{"endpoints":[{"url":"https:\\/\\/a.nel.cloudflare.com\\/report\\/v4?s=t0us%2FQHkJhV5nALn5svG6aMpFymuG%2FFAol1hIdEXE3EUvdtJ%2BP%2FGDk3JYuqEbLCoy%2BhWLnSj2zhbV3yCjJqcLqV%2F320VjDQodgk%2F2UgD9YCFfUDApWa5B9YVyzSc%2BMJr"}],"group":"cf-nel","max_age":604800}', 'NEL': '{"success_fraction":0,"report_to":"cf-nel","max_age":604800}', 'Server': 'cloudflare', 'CF-RAY': '88fb15971aad0934-IAD', 'alt-svc': 'h3=":443"; ma=86400'} 
 body={"results":[{"gender":"female","name":{"title":"Mrs","first":"Sharron","last":"Carlson"},"location":{"street":{"number":8142,"name":"New Street"},"city":"Clonmel","state":"Dún Laoghaire–Rathdown","country":"Ireland","postcode":93237,"coordinates":{"latitude":"-3.5436","longitude":"43.4955"},"timezone":{"offset":"-9:00","description":"Alaska"}},"email":"sharron.carlson@example.com","login":{"uuid":"d161d743-eef6-464e-9e65-9b0343d1490a","username":"goldenmeercat730","password":"helena","salt":"38xAr6f5","md5":"6abf93aa458f649c128b7290bd6e6804","sha1":"bd7ad2ddf07b0439a4bbce418ba4e5ea3c3593b5","sha256":"7cbced4e4aca562d44150fda6bdde2fddb430a7d860a7834e594e487179c3dd8"},"dob":{"date":"1945-05-22T16:09:22.500Z","age":79},"registered":{"date":"2006-04-18T00:19:03.395Z","age":18},"phone":"021-802-6063","cell":"081-925-0160","id":{"name":"PPS","value":"3944742T"},"picture":{"large":"https://randomuser.me/api/portraits/women/27.jpg","medium":"https://randomuser.me/api/portraits/med/women/27.jpg","thumbnail":"https://randomuser.me/api/portraits/thumb/women/27.jpg"},"nat":"IE"}],"info":{"seed":"22414c3de8fd6830","results":1,"page":1,"version":"1.4"}} 
 </msg>
<msg time="2024-06-06T20:17:10.329454" level="INFO">/opt/hostedtoolcache/Python/3.12.3/x64/lib/python3.12/site-packages/urllib3/connectionpool.py:1103: InsecureRequestWarning: Unverified HTTPS request is being made to host 'randomuser.me'. Adding certificate verification is strongly advised. See: https://urllib3.readthedocs.io/en/latest/advanced-usage.html#tls-warnings
  warnings.warn(</msg>
<msg time="2024-06-06T20:17:10.329554" level="INFO">${response} = &lt;Response [200]&gt;</msg>
<var>${response}</var>
<arg>consultarAPI</arg>
<arg>/api</arg>
<doc>Sends a GET request on a previously created HTTP Session.</doc>
<status status="PASS" start="2024-06-06T20:17:10.253676" elapsed="0.075915"/>
</kw>
<kw name="Set Variable" owner="BuiltIn">
<msg time="2024-06-06T20:17:10.330561" level="INFO">${json_data} = {'results': [{'gender': 'female', 'name': {'title': 'Mrs', 'first': 'Sharron', 'last': 'Carlson'}, 'location': {'street': {'number': 8142, 'name': 'New Street'}, 'city': 'Clonmel', 'state': 'Dún Laogh...</msg>
<var>${json_data}</var>
<arg>${response.json()}</arg>
<doc>Returns the given values which can then be assigned to a variables.</doc>
<status status="PASS" start="2024-06-06T20:17:10.330046" elapsed="0.000554"/>
</kw>
<kw name="Log" owner="BuiltIn">
<msg time="2024-06-06T20:17:10.331097" level="INFO">{'results': [{'gender': 'female', 'name': {'title': 'Mrs', 'first': 'Sharron', 'last': 'Carlson'}, 'location': {'street': {'number': 8142, 'name': 'New Street'}, 'city': 'Clonmel', 'state': 'Dún Laoghaire–Rathdown', 'country': 'Ireland', 'postcode': 93237, 'coordinates': {'latitude': '-3.5436', 'longitude': '43.4955'}, 'timezone': {'offset': '-9:00', 'description': 'Alaska'}}, 'email': 'sharron.carlson@example.com', 'login': {'uuid': 'd161d743-eef6-464e-9e65-9b0343d1490a', 'username': 'goldenmeercat730', 'password': 'helena', 'salt': '38xAr6f5', 'md5': '6abf93aa458f649c128b7290bd6e6804', 'sha1': 'bd7ad2ddf07b0439a4bbce418ba4e5ea3c3593b5', 'sha256': '7cbced4e4aca562d44150fda6bdde2fddb430a7d860a7834e594e487179c3dd8'}, 'dob': {'date': '1945-05-22T16:09:22.500Z', 'age': 79}, 'registered': {'date': '2006-04-18T00:19:03.395Z', 'age': 18}, 'phone': '021-802-6063', 'cell': '081-925-0160', 'id': {'name': 'PPS', 'value': '3944742T'}, 'picture': {'large': 'https://randomuser.me/api/portraits/women/27.jpg', 'medium': 'https://randomuser.me/api/portraits/med/women/27.jpg', 'thumbnail': 'https://randomuser.me/api/portraits/thumb/women/27.jpg'}, 'nat': 'IE'}], 'info': {'seed': '22414c3de8fd6830', 'results': 1, 'page': 1, 'version': '1.4'}}</msg>
<arg>${json_data}</arg>
<doc>Logs the given message with the given level.</doc>
<status status="PASS" start="2024-06-06T20:17:10.330934" elapsed="0.000250"/>
</kw>
<kw name="Should Be String" owner="String">
<arg>${json_data['results'][0]['gender']}</arg>
<doc>Fails if the given ``item`` is not a string.</doc>
<status status="PASS" start="2024-06-06T20:17:10.331495" elapsed="0.000429"/>
</kw>
<kw name="Should Match Regexp" owner="BuiltIn">
<arg>${json_data['results'][0]['email']}</arg>
<arg>^[a-zA-Z0-9._%+-]+@[a-zA-Z0-9.-]+\.[a-zA-Z]{2,}$</arg>
<doc>Fails if ``string`` does not match ``pattern`` as a regular expression.</doc>
<status status="PASS" start="2024-06-06T20:17:10.332126" elapsed="0.000681"/>
</kw>
<kw name="Should Match Regexp" owner="BuiltIn">
<arg>${json_data['results'][0]['dob']['date']}</arg>
<arg>\\d{4}-\\d{2}-\\d{2}T\\d{2}:\\d{2}:\\d{2}\\.\\d{3}Z</arg>
<doc>Fails if ``string`` does not match ``pattern`` as a regular expression.</doc>
<status status="PASS" start="2024-06-06T20:17:10.333010" elapsed="0.000489"/>
</kw>
<kw name="Should Match Regexp" owner="BuiltIn">
<arg>${json_data['results'][0]['registered']['date']}</arg>
<arg>\\d{4}-\\d{2}-\\d{2}T\\d{2}:\\d{2}:\\d{2}\\.\\d{3}Z</arg>
<doc>Fails if ``string`` does not match ``pattern`` as a regular expression.</doc>
<status status="PASS" start="2024-06-06T20:17:10.333695" elapsed="0.000369"/>
</kw>
<kw name="Should Match Regexp" owner="BuiltIn">
<arg>${json_data['results'][0]['picture']['large']}</arg>
<arg>^https?://.*\.(?:png|jpe?g|gif|bmp)$</arg>
<doc>Fails if ``string`` does not match ``pattern`` as a regular expression.</doc>
<status status="PASS" start="2024-06-06T20:17:10.334255" elapsed="0.000468"/>
</kw>
<kw name="Should Match Regexp" owner="BuiltIn">
<arg>${json_data['results'][0]['picture']['medium']}</arg>
<arg>^https?://.*\.(?:png|jpe?g|gif|bmp)$</arg>
<doc>Fails if ``string`` does not match ``pattern`` as a regular expression.</doc>
<status status="PASS" start="2024-06-06T20:17:10.334914" elapsed="0.000363"/>
</kw>
<kw name="Should Match Regexp" owner="BuiltIn">
<arg>${json_data['results'][0]['picture']['thumbnail']}</arg>
<arg>^https?://.*\.(?:png|jpe?g|gif|bmp)$</arg>
<doc>Fails if ``string`` does not match ``pattern`` as a regular expression.</doc>
<status status="PASS" start="2024-06-06T20:17:10.335464" elapsed="0.000399"/>
</kw>
<kw name="Log" owner="BuiltIn">
<msg time="2024-06-06T20:17:10.336377" level="INFO">{'large': 'https://randomuser.me/api/portraits/women/27.jpg', 'medium': 'https://randomuser.me/api/portraits/med/women/27.jpg', 'thumbnail': 'https://randomuser.me/api/portraits/thumb/women/27.jpg'}</msg>
<arg>${json_data['results'][0]['picture']}</arg>
<doc>Logs the given message with the given level.</doc>
<status status="PASS" start="2024-06-06T20:17:10.336053" elapsed="0.000367"/>
</kw>
<status status="PASS" start="2024-06-06T20:17:10.253446" elapsed="0.083229"/>
</kw>
<kw name="Teste de Tipos de Dados - Postcode" owner="random-user-service">
<kw name="GET On Session" owner="RequestsLibrary">
<msg time="2024-06-06T20:17:10.424156" level="INFO">GET Request : url=https://randomuser.me/api 
 path_url=/api 
 headers={'User-Agent': 'python-requests/2.32.3', 'Accept-Encoding': 'gzip, deflate', 'Accept': '*/*', 'Connection': 'keep-alive'} 
 body=None 
 </msg>
<msg time="2024-06-06T20:17:10.424229" level="INFO">GET Response : url=https://randomuser.me/api 
 status=200, reason=OK 
 headers={'Date': 'Thu, 06 Jun 2024 20:17:10 GMT', 'Content-Type': 'application/json; charset=utf-8', 'Transfer-Encoding': 'chunked', 'Connection': 'keep-alive', 'X-Powered-By': 'Express', 'Access-Control-Allow-Origin': '*', 'Cache-Control': 'no-cache', 'ETag': 'W/"48a-pLR80CVlgC5uOqofsy0jX4JoLJo"', 'Vary': 'Accept-Encoding', 'Content-Encoding': 'gzip', 'CF-Cache-Status': 'DYNAMIC', 'Report-To': '{"endpoints":[{"url":"https:\\/\\/a.nel.cloudflare.com\\/report\\/v4?s=4McaHwroambIve82Qs2pAoAM%2FT%2Ba4majgc1a4rlPr3YDjgaQ69KxA9klgv5Ne0raSjD7UOGjsuAyqAirkvoSBqEqM87mbYN7EGkZRV9FGc03JbZaojT8N84rEYoMiB1U"}],"group":"cf-nel","max_age":604800}', 'NEL': '{"success_fraction":0,"report_to":"cf-nel","max_age":604800}', 'Server': 'cloudflare', 'CF-RAY': '88fb15979b350934-IAD', 'alt-svc': 'h3=":443"; ma=86400'} 
 body={"results":[{"gender":"male","name":{"title":"Mr","first":"Abdullah","last":"Hilpert"},"location":{"street":{"number":3663,"name":"Gartenstraße"},"city":"Lindenberg im Allgäu","state":"Hessen","country":"Germany","postcode":85380,"coordinates":{"latitude":"-54.7410","longitude":"-144.9822"},"timezone":{"offset":"+3:30","description":"Tehran"}},"email":"abdullah.hilpert@example.com","login":{"uuid":"0595586d-6565-40fc-bb24-9074b2be5a83","username":"blackelephant626","password":"raven1","salt":"zxAxa0XE","md5":"a506cbd2bdbe1747b9174f6b31893443","sha1":"5dafe3fca64c1be5702cb68f6ef00d4a5da35228","sha256":"2e6168b041fc788c85a34f4ef9334ab8a2ef50b35eb46b3a519e2c0f66da030a"},"dob":{"date":"1945-06-23T14:27:34.649Z","age":78},"registered":{"date":"2011-11-28T12:27:26.365Z","age":12},"phone":"0716-9365237","cell":"0176-3511409","id":{"name":"SVNR","value":"49 230645 H 381"},"picture":{"large":"https://randomuser.me/api/portraits/men/25.jpg","medium":"https://randomuser.me/api/portraits/med/men/25.jpg","thumbnail":"https://randomuser.me/api/portraits/thumb/men/25.jpg"},"nat":"DE"}],"info":{"seed":"9369d2541a312346","results":1,"page":1,"version":"1.4"}} 
 </msg>
<msg time="2024-06-06T20:17:10.424299" level="INFO">/opt/hostedtoolcache/Python/3.12.3/x64/lib/python3.12/site-packages/urllib3/connectionpool.py:1103: InsecureRequestWarning: Unverified HTTPS request is being made to host 'randomuser.me'. Adding certificate verification is strongly advised. See: https://urllib3.readthedocs.io/en/latest/advanced-usage.html#tls-warnings
  warnings.warn(</msg>
<msg time="2024-06-06T20:17:10.424395" level="INFO">${response} = &lt;Response [200]&gt;</msg>
<var>${response}</var>
<arg>consultarAPI</arg>
<arg>/api</arg>
<doc>Sends a GET request on a previously created HTTP Session.</doc>
<status status="PASS" start="2024-06-06T20:17:10.337118" elapsed="0.087315"/>
</kw>
<kw name="Set Variable" owner="BuiltIn">
<msg time="2024-06-06T20:17:10.425431" level="INFO">${json_data} = {'results': [{'gender': 'male', 'name': {'title': 'Mr', 'first': 'Abdullah', 'last': 'Hilpert'}, 'location': {'street': {'number': 3663, 'name': 'Gartenstraße'}, 'city': 'Lindenberg im Allgäu', 'state...</msg>
<var>${json_data}</var>
<arg>${response.json()}</arg>
<doc>Returns the given values which can then be assigned to a variables.</doc>
<status status="PASS" start="2024-06-06T20:17:10.424926" elapsed="0.000534"/>
</kw>
<kw name="Log" owner="BuiltIn">
<msg time="2024-06-06T20:17:10.425921" level="INFO">{'results': [{'gender': 'male', 'name': {'title': 'Mr', 'first': 'Abdullah', 'last': 'Hilpert'}, 'location': {'street': {'number': 3663, 'name': 'Gartenstraße'}, 'city': 'Lindenberg im Allgäu', 'state': 'Hessen', 'country': 'Germany', 'postcode': 85380, 'coordinates': {'latitude': '-54.7410', 'longitude': '-144.9822'}, 'timezone': {'offset': '+3:30', 'description': 'Tehran'}}, 'email': 'abdullah.hilpert@example.com', 'login': {'uuid': '0595586d-6565-40fc-bb24-9074b2be5a83', 'username': 'blackelephant626', 'password': 'raven1', 'salt': 'zxAxa0XE', 'md5': 'a506cbd2bdbe1747b9174f6b31893443', 'sha1': '5dafe3fca64c1be5702cb68f6ef00d4a5da35228', 'sha256': '2e6168b041fc788c85a34f4ef9334ab8a2ef50b35eb46b3a519e2c0f66da030a'}, 'dob': {'date': '1945-06-23T14:27:34.649Z', 'age': 78}, 'registered': {'date': '2011-11-28T12:27:26.365Z', 'age': 12}, 'phone': '0716-9365237', 'cell': '0176-3511409', 'id': {'name': 'SVNR', 'value': '49 230645 H 381'}, 'picture': {'large': 'https://randomuser.me/api/portraits/men/25.jpg', 'medium': 'https://randomuser.me/api/portraits/med/men/25.jpg', 'thumbnail': 'https://randomuser.me/api/portraits/thumb/men/25.jpg'}, 'nat': 'DE'}], 'info': {'seed': '9369d2541a312346', 'results': 1, 'page': 1, 'version': '1.4'}}</msg>
<arg>${json_data}</arg>
<doc>Logs the given message with the given level.</doc>
<status status="PASS" start="2024-06-06T20:17:10.425768" elapsed="0.000238"/>
</kw>
<kw name="Should Be Equal As Numbers" owner="BuiltIn">
<arg>${json_data['results'][0]['location']['postcode']}</arg>
<arg>${json_data['results'][0]['location']['postcode']}</arg>
<doc>Fails if objects are unequal after converting them to real numbers.</doc>
<status status="PASS" start="2024-06-06T20:17:10.426307" elapsed="0.000631"/>
</kw>
<kw name="Log" owner="BuiltIn">
<msg time="2024-06-06T20:17:10.427471" level="INFO">85380</msg>
<arg>${json_data['results'][0]['location']['postcode']}</arg>
<doc>Logs the given message with the given level.</doc>
<status status="PASS" start="2024-06-06T20:17:10.427137" elapsed="0.000376"/>
</kw>
<status status="PASS" start="2024-06-06T20:17:10.336893" elapsed="0.090898"/>
</kw>
<doc>Testa se os tipos de dados na resposta da API estão corretos.</doc>
<tag>testeTiposDados</tag>
<status status="PASS" start="2024-06-06T20:17:10.252994" elapsed="0.174966"/>
</test>
<test id="s1-s1-t5" name="Validar conteudo" line="35">
<kw name="Teste de Tipos de Conteudo" owner="random-user-service">
<kw name="GET On Session" owner="RequestsLibrary">
<msg time="2024-06-06T20:17:10.528231" level="INFO">GET Request : url=https://randomuser.me/api 
 path_url=/api 
 headers={'User-Agent': 'python-requests/2.32.3', 'Accept-Encoding': 'gzip, deflate', 'Accept': '*/*', 'Connection': 'keep-alive'} 
 body=None 
 </msg>
<msg time="2024-06-06T20:17:10.528314" level="INFO">GET Response : url=https://randomuser.me/api 
 status=200, reason=OK 
 headers={'Date': 'Thu, 06 Jun 2024 20:17:10 GMT', 'Content-Type': 'application/json; charset=utf-8', 'Transfer-Encoding': 'chunked', 'Connection': 'keep-alive', 'X-Powered-By': 'Express', 'Access-Control-Allow-Origin': '*', 'Cache-Control': 'no-cache', 'ETag': 'W/"485-4vnyPr3+Dp/w97JJkpqNmsHk2n8"', 'Vary': 'Accept-Encoding', 'Content-Encoding': 'gzip', 'CF-Cache-Status': 'DYNAMIC', 'Report-To': '{"endpoints":[{"url":"https:\\/\\/a.nel.cloudflare.com\\/report\\/v4?s=ZXPRNlFvVzH5TZm0iFimLbeFunGijAh4P7sYjcz5oxMf3Y3QoDDhiDzn1LBO9oaKyqH6%2FU5q5zlc583zyjitOXCzTq5AviCR8pEzXYqlzA%2FEUZ5CMauqlkvebnLxSv%2FF"}],"group":"cf-nel","max_age":604800}', 'NEL': '{"success_fraction":0,"report_to":"cf-nel","max_age":604800}', 'Server': 'cloudflare', 'CF-RAY': '88fb15983bbf0934-IAD', 'alt-svc': 'h3=":443"; ma=86400'} 
 body={"results":[{"gender":"male","name":{"title":"Mr","first":"Mikael","last":"Pakkala"},"location":{"street":{"number":5987,"name":"Verkatehtaankatu"},"city":"Vesilahti","state":"Päijät-Häme","country":"Finland","postcode":18883,"coordinates":{"latitude":"-28.9108","longitude":"-117.9532"},"timezone":{"offset":"-10:00","description":"Hawaii"}},"email":"mikael.pakkala@example.com","login":{"uuid":"9a19efa1-ed82-4099-9add-10a2e32fa60a","username":"ticklishsnake164","password":"perry","salt":"5ZGjbKLw","md5":"cde2065cf47488af07466886672b448d","sha1":"50a3879469d7a01da451c42b163d0d4f81d430f9","sha256":"7bdb2e2ddb0b10bb1ecdc6f5abdb902e0a42079c1e0e5ea19fa39920196c5ce3"},"dob":{"date":"1946-09-16T17:23:51.448Z","age":77},"registered":{"date":"2015-04-12T04:50:41.565Z","age":9},"phone":"09-219-630","cell":"046-460-40-90","id":{"name":"HETU","value":"NaNNA137undefined"},"picture":{"large":"https://randomuser.me/api/portraits/men/18.jpg","medium":"https://randomuser.me/api/portraits/med/men/18.jpg","thumbnail":"https://randomuser.me/api/portraits/thumb/men/18.jpg"},"nat":"FI"}],"info":{"seed":"1ee193430b5b3954","results":1,"page":1,"version":"1.4"}} 
 </msg>
<msg time="2024-06-06T20:17:10.528377" level="INFO">/opt/hostedtoolcache/Python/3.12.3/x64/lib/python3.12/site-packages/urllib3/connectionpool.py:1103: InsecureRequestWarning: Unverified HTTPS request is being made to host 'randomuser.me'. Adding certificate verification is strongly advised. See: https://urllib3.readthedocs.io/en/latest/advanced-usage.html#tls-warnings
  warnings.warn(</msg>
<msg time="2024-06-06T20:17:10.528473" level="INFO">${response} = &lt;Response [200]&gt;</msg>
<var>${response}</var>
<arg>consultarAPI</arg>
<arg>/api</arg>
<doc>Sends a GET request on a previously created HTTP Session.</doc>
<status status="PASS" start="2024-06-06T20:17:10.430786" elapsed="0.097729"/>
</kw>
<kw name="Set Variable" owner="BuiltIn">
<msg time="2024-06-06T20:17:10.529392" level="INFO">${json_data} = {'results': [{'gender': 'male', 'name': {'title': 'Mr', 'first': 'Mikael', 'last': 'Pakkala'}, 'location': {'street': {'number': 5987, 'name': 'Verkatehtaankatu'}, 'city': 'Vesilahti', 'state': 'Päijä...</msg>
<var>${json_data}</var>
<arg>${response.json()}</arg>
<doc>Returns the given values which can then be assigned to a variables.</doc>
<status status="PASS" start="2024-06-06T20:17:10.528915" elapsed="0.000509"/>
</kw>
<kw name="Set Variable" owner="BuiltIn">
<msg time="2024-06-06T20:17:10.530123" level="INFO">${name_title} = Mr</msg>
<var>${name_title}</var>
<arg>${json_data["results"][0]["name"]["title"]}</arg>
<doc>Returns the given values which can then be assigned to a variables.</doc>
<status status="PASS" start="2024-06-06T20:17:10.529736" elapsed="0.000413"/>
</kw>
<kw name="Create List" owner="BuiltIn">
<msg time="2024-06-06T20:17:10.530604" level="INFO">${allowed_titles} = ['Mr', 'Ms', 'Miss', 'Mrs', 'Madame', 'Monsieur']</msg>
<var>${allowed_titles}</var>
<arg>Mr</arg>
<arg>Ms</arg>
<arg>Miss</arg>
<arg>Mrs</arg>
<arg>Madame</arg>
<arg>Monsieur</arg>
<doc>Returns a list containing given items.</doc>
<status status="PASS" start="2024-06-06T20:17:10.530451" elapsed="0.000179"/>
</kw>
<kw name="List Should Contain Value" owner="Collections">
<msg time="2024-06-06T20:17:10.531115" level="INFO">False</msg>
<arg>${allowed_titles}</arg>
<arg>${name_title}</arg>
<doc>Fails if the ``value`` is not found from ``list``.</doc>
<status status="PASS" start="2024-06-06T20:17:10.530939" elapsed="0.000214"/>
</kw>
<kw name="Set Variable" owner="BuiltIn">
<msg time="2024-06-06T20:17:10.532008" level="INFO">${name_country} = FI</msg>
<var>${name_country}</var>
<arg>${json_data["results"][0]["nat"]}</arg>
<doc>Returns the given values which can then be assigned to a variables.</doc>
<status status="PASS" start="2024-06-06T20:17:10.531450" elapsed="0.000584"/>
</kw>
<kw name="Create List" owner="BuiltIn">
<msg time="2024-06-06T20:17:10.532943" level="INFO">${list_country} = ['AD', 'AE', 'AF', 'AG', 'AI', 'AL', 'AM', 'AO', 'AQ', 'AR', 'AS', 'AT', 'AU', 'AW', 'AX', 'AZ', 'BA', 'BB', 'BD', 'BE', 'BF', 'BG', 'BH', 'BI', 'BJ', 'BL', 'BM', 'BN', 'BO', 'BQ', 'BR', 'BS', 'BT', '...</msg>
<var>${list_country}</var>
<arg>AD</arg>
<arg>AE</arg>
<arg>AF</arg>
<arg>AG</arg>
<arg>AI</arg>
<arg>AL</arg>
<arg>AM</arg>
<arg>AO</arg>
<arg>AQ</arg>
<arg>AR</arg>
<arg>AS</arg>
<arg>AT</arg>
<arg>AU</arg>
<arg>AW</arg>
<arg>AX</arg>
<arg>AZ</arg>
<arg>BA</arg>
<arg>BB</arg>
<arg>BD</arg>
<arg>BE</arg>
<arg>BF</arg>
<arg>BG</arg>
<arg>BH</arg>
<arg>BI</arg>
<arg>BJ</arg>
<arg>BL</arg>
<arg>BM</arg>
<arg>BN</arg>
<arg>BO</arg>
<arg>BQ</arg>
<arg>BR</arg>
<arg>BS</arg>
<arg>BT</arg>
<arg>BV</arg>
<arg>BW</arg>
<arg>BY</arg>
<arg>BZ</arg>
<arg>CA</arg>
<arg>CC</arg>
<arg>CD</arg>
<arg>CF</arg>
<arg>CG</arg>
<arg>CH</arg>
<arg>CI</arg>
<arg>CK</arg>
<arg>CL</arg>
<arg>CM</arg>
<arg>CN</arg>
<arg>CO</arg>
<arg>CR</arg>
<arg>CU</arg>
<arg>CV</arg>
<arg>CW</arg>
<arg>CX</arg>
<arg>CY</arg>
<arg>CZ</arg>
<arg>DE</arg>
<arg>DJ</arg>
<arg>DK</arg>
<arg>DM</arg>
<arg>DO</arg>
<arg>DZ</arg>
<arg>EC</arg>
<arg>EE</arg>
<arg>EG</arg>
<arg>EH</arg>
<arg>ER</arg>
<arg>ES</arg>
<arg>ET</arg>
<arg>FI</arg>
<arg>FJ</arg>
<arg>FK</arg>
<arg>FM</arg>
<arg>FO</arg>
<arg>FR</arg>
<arg>GA</arg>
<arg>GB</arg>
<arg>GD</arg>
<arg>GE</arg>
<arg>GF</arg>
<arg>GG</arg>
<arg>GH</arg>
<arg>GI</arg>
<arg>GL</arg>
<arg>GM</arg>
<arg>GN</arg>
<arg>GP</arg>
<arg>GQ</arg>
<arg>GR</arg>
<arg>GS</arg>
<arg>GT</arg>
<arg>GU</arg>
<arg>GW</arg>
<arg>GY</arg>
<arg>HK</arg>
<arg>HM</arg>
<arg>HN</arg>
<arg>HR</arg>
<arg>HT</arg>
<arg>HU</arg>
<arg>ID</arg>
<arg>IE</arg>
<arg>IL</arg>
<arg>IM</arg>
<arg>IN</arg>
<arg>IO</arg>
<arg>IQ</arg>
<arg>IR</arg>
<arg>IS</arg>
<arg>IT</arg>
<arg>JE</arg>
<arg>JM</arg>
<arg>JO</arg>
<arg>JP</arg>
<arg>KE</arg>
<arg>KG</arg>
<arg>KH</arg>
<arg>KI</arg>
<arg>KM</arg>
<arg>KN</arg>
<arg>KP</arg>
<arg>KR</arg>
<arg>KW</arg>
<arg>KY</arg>
<arg>KZ</arg>
<arg>LA</arg>
<arg>LB</arg>
<arg>LC</arg>
<arg>LI</arg>
<arg>LK</arg>
<arg>LR</arg>
<arg>LS</arg>
<arg>LT</arg>
<arg>LU</arg>
<arg>LV</arg>
<arg>LY</arg>
<arg>MA</arg>
<arg>MC</arg>
<arg>MD</arg>
<arg>ME</arg>
<arg>MF</arg>
<arg>MG</arg>
<arg>MH</arg>
<arg>MK</arg>
<arg>ML</arg>
<arg>MM</arg>
<arg>MN</arg>
<arg>MO</arg>
<arg>MP</arg>
<arg>MQ</arg>
<arg>MR</arg>
<arg>MS</arg>
<arg>MT</arg>
<arg>MU</arg>
<arg>MV</arg>
<arg>MW</arg>
<arg>MX</arg>
<arg>MY</arg>
<arg>MZ</arg>
<arg>NA</arg>
<arg>NC</arg>
<arg>NE</arg>
<arg>NF</arg>
<arg>NG</arg>
<arg>NI</arg>
<arg>NL</arg>
<arg>NO</arg>
<arg>NP</arg>
<arg>NR</arg>
<arg>NU</arg>
<arg>NZ</arg>
<arg>OM</arg>
<arg>PA</arg>
<arg>PE</arg>
<arg>PF</arg>
<arg>PG</arg>
<arg>PH</arg>
<arg>PK</arg>
<arg>PL</arg>
<arg>PM</arg>
<arg>PN</arg>
<arg>PR</arg>
<arg>PS</arg>
<arg>PT</arg>
<arg>PW</arg>
<arg>PY</arg>
<arg>QA</arg>
<arg>RE</arg>
<arg>RO</arg>
<arg>RS</arg>
<arg>RU</arg>
<arg>RW</arg>
<arg>SA</arg>
<arg>SB</arg>
<arg>SC</arg>
<arg>SD</arg>
<arg>SE</arg>
<arg>SG</arg>
<arg>SH</arg>
<arg>SI</arg>
<arg>SJ</arg>
<arg>SK</arg>
<arg>SL</arg>
<arg>SM</arg>
<arg>SN</arg>
<arg>SO</arg>
<arg>SR</arg>
<arg>SS</arg>
<arg>ST</arg>
<arg>SV</arg>
<arg>SX</arg>
<arg>SY</arg>
<arg>SZ</arg>
<arg>TC</arg>
<arg>TD</arg>
<arg>TF</arg>
<arg>TG</arg>
<arg>TH</arg>
<arg>TJ</arg>
<arg>TK</arg>
<arg>TL</arg>
<arg>TM</arg>
<arg>TN</arg>
<arg>TO</arg>
<arg>TR</arg>
<arg>TT</arg>
<arg>TV</arg>
<arg>TW</arg>
<arg>TZ</arg>
<arg>UA</arg>
<arg>UG</arg>
<arg>UM</arg>
<arg>US</arg>
<arg>UY</arg>
<arg>UZ</arg>
<arg>VA</arg>
<arg>VC</arg>
<arg>VE</arg>
<arg>VG</arg>
<arg>VI</arg>
<arg>VN</arg>
<arg>VU</arg>
<arg>WF</arg>
<arg>WS</arg>
<arg>XK</arg>
<arg>YE</arg>
<arg>YT</arg>
<arg>ZA</arg>
<arg>ZM</arg>
<arg>ZW</arg>
<doc>Returns a list containing given items.</doc>
<status status="PASS" start="2024-06-06T20:17:10.532345" elapsed="0.000624"/>
</kw>
<kw name="List Should Contain Value" owner="Collections">
<msg time="2024-06-06T20:17:10.533965" level="INFO">False</msg>
<arg>${list_country}</arg>
<arg>${name_country}</arg>
<doc>Fails if the ``value`` is not found from ``list``.</doc>
<status status="PASS" start="2024-06-06T20:17:10.533760" elapsed="0.000242"/>
</kw>
<kw name="Run Keyword If" owner="BuiltIn">
<kw name="Should Be True" owner="BuiltIn">
<arg>${True}</arg>
<doc>Fails if the given condition is not true.</doc>
<status status="PASS" start="2024-06-06T20:17:10.535103" elapsed="0.000166"/>
</kw>
<arg>${json_data["results"][0]["location"]["coordinates"]["latitude"]} &gt;= -90 and ${json_data["results"][0]["location"]["coordinates"]["latitude"]} &lt;= 90</arg>
<arg>Should Be True</arg>
<arg>${True}</arg>
<doc>Runs the given keyword with the given arguments, if ``condition`` is true.</doc>
<status status="PASS" start="2024-06-06T20:17:10.534318" elapsed="0.001087"/>
</kw>
<kw name="Run Keyword If" owner="BuiltIn">
<kw name="Should Be True" owner="BuiltIn">
<arg>${True}</arg>
<doc>Fails if the given condition is not true.</doc>
<status status="PASS" start="2024-06-06T20:17:10.536319" elapsed="0.000139"/>
</kw>
<arg>${json_data["results"][0]["location"]["coordinates"]["longitude"]} &gt;= -180 and ${json_data["results"][0]["location"]["coordinates"]["longitude"]} &lt;= 180</arg>
<arg>Should Be True</arg>
<arg>${True}</arg>
<doc>Runs the given keyword with the given arguments, if ``condition`` is true.</doc>
<status status="PASS" start="2024-06-06T20:17:10.535598" elapsed="0.000985"/>
</kw>
<status status="PASS" start="2024-06-06T20:17:10.430407" elapsed="0.106308"/>
</kw>
<doc>Testa o conteúdo específico dos campos retornados pela API.</doc>
<tag>testeConteudo</tag>
<status status="PASS" start="2024-06-06T20:17:10.429719" elapsed="0.107141"/>
</test>
<status status="PASS" start="2024-06-06T20:17:09.719403" elapsed="0.819375"/>
</suite>
<status status="PASS" start="2024-06-06T20:17:09.705774" elapsed="0.838159"/>
</suite>
<statistics>
<total>
<stat pass="5" fail="0" skip="0">All Tests</stat>
</total>
<tag>
<stat pass="1" fail="0" skip="0">testeConteudo</stat>
<stat pass="1" fail="0" skip="0">testeEstruturaResposta</stat>
<stat pass="1" fail="0" skip="0">testeRequisicaoBasica</stat>
<stat pass="1" fail="0" skip="0">testeTiposDados</stat>
</tag>
<suite>
<stat pass="5" fail="0" skip="0" id="s1" name="Tests">Tests</stat>
<stat pass="5" fail="0" skip="0" id="s1-s1" name="Random-User-Test">Tests.Random-User-Test</stat>
</suite>
</statistics>
<errors>
</errors>
</robot>
