<?xml version="1.0" encoding="UTF-8"?>
<robot generator="Robot 7.0 (Python 3.12.2 on linux)" generated="2024-03-25T20:14:40.410437" rpa="false" schemaversion="5">
<suite id="s1" name="Tests" source="/home/runner/work/DesafioQAItauRogerioJordao/DesafioQAItauRogerioJordao/RamdonUser/tests">
<suite id="s1-s1" name="Random-User-Test" source="/home/runner/work/DesafioQAItauRogerioJordao/DesafioQAItauRogerioJordao/RamdonUser/tests/random-user-test.robot">
<test id="s1-s1-t1" name="Conectar" line="13">
<kw name="Conectar API" owner="random-user-service">
<kw name="Create Session" owner="RequestsLibrary">
<msg time="2024-03-25T20:14:40.771285" level="INFO">Creating Session using : alias=consultarAPI, url=https://randomuser.me/, headers={},                     cookies={}, auth=None, timeout=None, proxies=None, verify=False,                     debug=0 </msg>
<arg>consultarAPI</arg>
<arg>${URL}</arg>
<doc>Create Session: create a HTTP session to a server</doc>
<status status="PASS" start="2024-03-25T20:14:40.771064" elapsed="0.000413"/>
</kw>
<status status="PASS" start="2024-03-25T20:14:40.769989" elapsed="0.001861"/>
</kw>
<status status="PASS" start="2024-03-25T20:14:40.769425" elapsed="0.002630"/>
</test>
<test id="s1-s1-t2" name="Validar retorno 200 e JSON Válido" line="16">
<kw name="Teste de Requisicao Basica" owner="random-user-service">
<kw name="GET On Session" owner="RequestsLibrary">
<msg time="2024-03-25T20:14:41.038496" level="INFO">GET Request : url=https://randomuser.me/api 
 path_url=/api 
 headers={'User-Agent': 'python-requests/2.31.0', 'Accept-Encoding': 'gzip, deflate', 'Accept': '*/*', 'Connection': 'keep-alive'} 
 body=None 
 </msg>
<msg time="2024-03-25T20:14:41.038652" level="INFO">GET Response : url=https://randomuser.me/api 
 status=200, reason=OK 
 headers={'Date': 'Mon, 25 Mar 2024 20:14:41 GMT', 'Content-Type': 'application/json; charset=utf-8', 'Transfer-Encoding': 'chunked', 'Connection': 'keep-alive', 'X-Powered-By': 'Express', 'Access-Control-Allow-Origin': '*', 'Cache-Control': 'no-cache', 'ETag': 'W/"498-6suTSgmQ7ZqOFSz9kUzPtmAfrIg"', 'Vary': 'Accept-Encoding', 'Content-Encoding': 'gzip', 'CF-Cache-Status': 'DYNAMIC', 'Report-To': '{"endpoints":[{"url":"https:\\/\\/a.nel.cloudflare.com\\/report\\/v4?s=mLa%2FVFgAO0%2Fs5XjRjDk5t8G3FFLG7oPgrQFhZpWDYIMjXEovHoqhLRB3Crt12BPbtbmoeP1J%2B2xG3mV%2FH%2BQRNyeMMO2L4tJCr6UUFyIG8VogkqWUFEo407rT2aM2U8t7"}],"group":"cf-nel","max_age":604800}', 'NEL': '{"success_fraction":0,"report_to":"cf-nel","max_age":604800}', 'Server': 'cloudflare', 'CF-RAY': '86a19191ec3dce4c-SJC', 'alt-svc': 'h3=":443"; ma=86400'} 
 body={"results":[{"gender":"female","name":{"title":"Mademoiselle","first":"Ingrid","last":"Martin"},"location":{"street":{"number":3508,"name":"Rue Duguesclin"},"city":"St. Stephan","state":"Bern","country":"Switzerland","postcode":4465,"coordinates":{"latitude":"-59.6676","longitude":"40.7402"},"timezone":{"offset":"-11:00","description":"Midway Island, Samoa"}},"email":"ingrid.martin@example.com","login":{"uuid":"6a405dd3-dad6-41b7-a298-5e1bb56b2f52","username":"orangegoose914","password":"mone","salt":"PYxhUDki","md5":"1d18e4f50ae55956f866050b7dacc82c","sha1":"6ebad8a887d87799382863b946a5b1791a2746de","sha256":"5aae17528525ca76af6f1c03d774543315a1ea459c0414de9dc264ab71225d51"},"dob":{"date":"1949-02-01T08:39:58.887Z","age":75},"registered":{"date":"2016-06-13T12:49:37.516Z","age":7},"phone":"078 193 18 55","cell":"077 945 18 34","id":{"name":"AVS","value":"756.8496.8418.37"},"picture":{"large":"https://randomuser.me/api/portraits/women/72.jpg","medium":"https://randomuser.me/api/portraits/med/women/72.jpg","thumbnail":"https://randomuser.me/api/portraits/thumb/women/72.jpg"},"nat":"CH"}],"info":{"seed":"51663f18d465bffe","results":1,"page":1,"version":"1.4"}} 
 </msg>
<msg time="2024-03-25T20:14:41.038763" level="INFO">/opt/hostedtoolcache/Python/3.12.2/x64/lib/python3.12/site-packages/urllib3/connectionpool.py:1103: InsecureRequestWarning: Unverified HTTPS request is being made to host 'randomuser.me'. Adding certificate verification is strongly advised. See: https://urllib3.readthedocs.io/en/latest/advanced-usage.html#tls-warnings
  warnings.warn(</msg>
<msg time="2024-03-25T20:14:41.038925" level="INFO">${response} = &lt;Response [200]&gt;</msg>
<var>${response}</var>
<arg>consultarAPI</arg>
<arg>/api</arg>
<doc>Sends a GET request on a previously created HTTP Session.</doc>
<status status="PASS" start="2024-03-25T20:14:40.774787" elapsed="0.264183"/>
</kw>
<kw name="Should Be Equal As Numbers" owner="BuiltIn">
<msg time="2024-03-25T20:14:41.040125" level="INFO">Argument types are:
&lt;class 'int'&gt;
&lt;class 'str'&gt;</msg>
<arg>${response.status_code}</arg>
<arg>200</arg>
<doc>Fails if objects are unequal after converting them to real numbers.</doc>
<status status="PASS" start="2024-03-25T20:14:41.039641" elapsed="0.000552"/>
</kw>
<kw name="Log" owner="BuiltIn">
<msg time="2024-03-25T20:14:41.040880" level="INFO">200</msg>
<arg>${response.status_code}</arg>
<doc>Logs the given message with the given level.</doc>
<status status="PASS" start="2024-03-25T20:14:41.040520" elapsed="0.000405"/>
</kw>
<kw name="Set Variable" owner="BuiltIn">
<msg time="2024-03-25T20:14:41.041740" level="INFO">${json_data} = {'results': [{'gender': 'female', 'name': {'title': 'Mademoiselle', 'first': 'Ingrid', 'last': 'Martin'}, 'location': {'street': {'number': 3508, 'name': 'Rue Duguesclin'}, 'city': 'St. Stephan', 'sta...</msg>
<var>${json_data}</var>
<arg>${response.json()}</arg>
<doc>Returns the given values which can then be assigned to a variables.</doc>
<status status="PASS" start="2024-03-25T20:14:41.041260" elapsed="0.000508"/>
</kw>
<kw name="Dictionary Should Contain Key" owner="Collections">
<msg time="2024-03-25T20:14:41.042249" level="INFO">False</msg>
<arg>${json_data}</arg>
<arg>results</arg>
<doc>Fails if ``key`` is not found from ``dictionary``.</doc>
<status status="PASS" start="2024-03-25T20:14:41.042075" elapsed="0.000214"/>
</kw>
<status status="PASS" start="2024-03-25T20:14:40.774455" elapsed="0.268099"/>
</kw>
<doc>Testa se a API responde corretamente e retorna um objeto JSON válido.</doc>
<tag>testeRequisicaoBasica</tag>
<status status="PASS" start="2024-03-25T20:14:40.773994" elapsed="0.268763"/>
</test>
<test id="s1-s1-t3" name="Validar estrutura de resposta" line="22">
<kw name="Teste de Estrutura de Resposta" owner="random-user-service">
<kw name="GET On Session" owner="RequestsLibrary">
<msg time="2024-03-25T20:14:41.137160" level="INFO">GET Request : url=https://randomuser.me/api 
 path_url=/api 
 headers={'User-Agent': 'python-requests/2.31.0', 'Accept-Encoding': 'gzip, deflate', 'Accept': '*/*', 'Connection': 'keep-alive'} 
 body=None 
 </msg>
<msg time="2024-03-25T20:14:41.137266" level="INFO">GET Response : url=https://randomuser.me/api 
 status=200, reason=OK 
 headers={'Date': 'Mon, 25 Mar 2024 20:14:41 GMT', 'Content-Type': 'application/json; charset=utf-8', 'Transfer-Encoding': 'chunked', 'Connection': 'keep-alive', 'X-Powered-By': 'Express', 'Access-Control-Allow-Origin': '*', 'Cache-Control': 'no-cache', 'ETag': 'W/"488-g9bCC7qLHQkSjkq+H4Eqo6O52gY"', 'Vary': 'Accept-Encoding', 'Content-Encoding': 'gzip', 'CF-Cache-Status': 'DYNAMIC', 'Report-To': '{"endpoints":[{"url":"https:\\/\\/a.nel.cloudflare.com\\/report\\/v4?s=ayXqe4wktV1vHsZNHqK%2BfJsHF4zgZknARsIcfts9gB%2FgB7ri7N%2BF2e8zANumqPFC4NDizBrZAUSI9TzWGsGxWA2kNB%2Bw0ZR6dT2D%2BzpAav0orJWaGQFRyk6sOt26LRet"}],"group":"cf-nel","max_age":604800}', 'NEL': '{"success_fraction":0,"report_to":"cf-nel","max_age":604800}', 'Server': 'cloudflare', 'CF-RAY': '86a191928cd5ce4c-SJC', 'alt-svc': 'h3=":443"; ma=86400'} 
 body={"results":[{"gender":"female","name":{"title":"Ms","first":"Slađana","last":"Simić"},"location":{"street":{"number":1502,"name":"Belih Vila"},"city":"Ražanj","state":"Kosovo-Pomoravlje","country":"Serbia","postcode":72245,"coordinates":{"latitude":"58.5756","longitude":"114.6233"},"timezone":{"offset":"-11:00","description":"Midway Island, Samoa"}},"email":"sladana.simic@example.com","login":{"uuid":"cbf020b3-b793-4c60-bea2-401cb05ee45b","username":"blackfish136","password":"pacers","salt":"EJmXAbD5","md5":"9e960aead784c5a139f2ff1fbe230adf","sha1":"def3cb40c2f1f59b2f53cd8e7575ab1ff002dda2","sha256":"4c815d05c9127226fd62a8138917faf7ac1b9626aeb840a14318e9565210fa36"},"dob":{"date":"1949-10-11T06:21:41.638Z","age":74},"registered":{"date":"2017-08-25T12:15:02.640Z","age":6},"phone":"013-8923-709","cell":"064-3665-360","id":{"name":"SID","value":"555469786"},"picture":{"large":"https://randomuser.me/api/portraits/women/70.jpg","medium":"https://randomuser.me/api/portraits/med/women/70.jpg","thumbnail":"https://randomuser.me/api/portraits/thumb/women/70.jpg"},"nat":"RS"}],"info":{"seed":"c50284ac037479e5","results":1,"page":1,"version":"1.4"}} 
 </msg>
<msg time="2024-03-25T20:14:41.137455" level="INFO">/opt/hostedtoolcache/Python/3.12.2/x64/lib/python3.12/site-packages/urllib3/connectionpool.py:1103: InsecureRequestWarning: Unverified HTTPS request is being made to host 'randomuser.me'. Adding certificate verification is strongly advised. See: https://urllib3.readthedocs.io/en/latest/advanced-usage.html#tls-warnings
  warnings.warn(</msg>
<msg time="2024-03-25T20:14:41.137591" level="INFO">${response} = &lt;Response [200]&gt;</msg>
<var>${response}</var>
<arg>consultarAPI</arg>
<arg>/api</arg>
<doc>Sends a GET request on a previously created HTTP Session.</doc>
<status status="PASS" start="2024-03-25T20:14:41.045591" elapsed="0.092041"/>
</kw>
<kw name="Set Variable" owner="BuiltIn">
<msg time="2024-03-25T20:14:41.138889" level="INFO">${json_data} = {'results': [{'gender': 'female', 'name': {'title': 'Ms', 'first': 'Slađana', 'last': 'Simić'}, 'location': {'street': {'number': 1502, 'name': 'Belih Vila'}, 'city': 'Ražanj', 'state': 'Kosovo-Pomora...</msg>
<var>${json_data}</var>
<arg>${response.json()}</arg>
<doc>Returns the given values which can then be assigned to a variables.</doc>
<status status="PASS" start="2024-03-25T20:14:41.138283" elapsed="0.000637"/>
</kw>
<kw name="Log" owner="BuiltIn">
<msg time="2024-03-25T20:14:41.139419" level="INFO">{'results': [{'gender': 'female', 'name': {'title': 'Ms', 'first': 'Slađana', 'last': 'Simić'}, 'location': {'street': {'number': 1502, 'name': 'Belih Vila'}, 'city': 'Ražanj', 'state': 'Kosovo-Pomoravlje', 'country': 'Serbia', 'postcode': 72245, 'coordinates': {'latitude': '58.5756', 'longitude': '114.6233'}, 'timezone': {'offset': '-11:00', 'description': 'Midway Island, Samoa'}}, 'email': 'sladana.simic@example.com', 'login': {'uuid': 'cbf020b3-b793-4c60-bea2-401cb05ee45b', 'username': 'blackfish136', 'password': 'pacers', 'salt': 'EJmXAbD5', 'md5': '9e960aead784c5a139f2ff1fbe230adf', 'sha1': 'def3cb40c2f1f59b2f53cd8e7575ab1ff002dda2', 'sha256': '4c815d05c9127226fd62a8138917faf7ac1b9626aeb840a14318e9565210fa36'}, 'dob': {'date': '1949-10-11T06:21:41.638Z', 'age': 74}, 'registered': {'date': '2017-08-25T12:15:02.640Z', 'age': 6}, 'phone': '013-8923-709', 'cell': '064-3665-360', 'id': {'name': 'SID', 'value': '555469786'}, 'picture': {'large': 'https://randomuser.me/api/portraits/women/70.jpg', 'medium': 'https://randomuser.me/api/portraits/med/women/70.jpg', 'thumbnail': 'https://randomuser.me/api/portraits/thumb/women/70.jpg'}, 'nat': 'RS'}], 'info': {'seed': 'c50284ac037479e5', 'results': 1, 'page': 1, 'version': '1.4'}}</msg>
<arg>${json_data}</arg>
<doc>Logs the given message with the given level.</doc>
<status status="PASS" start="2024-03-25T20:14:41.139248" elapsed="0.000222"/>
</kw>
<kw name="Dictionary Should Contain Key" owner="Collections">
<msg time="2024-03-25T20:14:41.139926" level="INFO">False</msg>
<arg>${json_data}</arg>
<arg>results</arg>
<doc>Fails if ``key`` is not found from ``dictionary``.</doc>
<status status="PASS" start="2024-03-25T20:14:41.139769" elapsed="0.000194"/>
</kw>
<kw name="Should Not Be Empty" owner="BuiltIn">
<msg time="2024-03-25T20:14:41.140382" level="INFO">Length is 2.</msg>
<arg>${json_data}</arg>
<doc>Verifies that the given item is not empty.</doc>
<status status="PASS" start="2024-03-25T20:14:41.140254" elapsed="0.000167"/>
</kw>
<kw name="Create List" owner="BuiltIn">
<msg time="2024-03-25T20:14:41.140855" level="INFO">${expected_keys} = ['gender', 'name', 'location', 'email', 'login']</msg>
<var>${expected_keys}</var>
<arg>gender</arg>
<arg>name</arg>
<arg>location</arg>
<arg>email</arg>
<arg>login</arg>
<doc>Returns a list containing given items.</doc>
<status status="PASS" start="2024-03-25T20:14:41.140708" elapsed="0.000171"/>
</kw>
<for flavor="IN">
<iter>
<kw name="Dictionary Should Contain Key" owner="Collections">
<msg time="2024-03-25T20:14:41.141917" level="INFO">False</msg>
<arg>${json_data['results'][0]}</arg>
<arg>${key}</arg>
<doc>Fails if ``key`` is not found from ``dictionary``.</doc>
<status status="PASS" start="2024-03-25T20:14:41.141507" elapsed="0.000450"/>
</kw>
<kw name="Log" owner="BuiltIn">
<msg time="2024-03-25T20:14:41.142629" level="INFO">{'gender': 'female', 'name': {'title': 'Ms', 'first': 'Slađana', 'last': 'Simić'}, 'location': {'street': {'number': 1502, 'name': 'Belih Vila'}, 'city': 'Ražanj', 'state': 'Kosovo-Pomoravlje', 'country': 'Serbia', 'postcode': 72245, 'coordinates': {'latitude': '58.5756', 'longitude': '114.6233'}, 'timezone': {'offset': '-11:00', 'description': 'Midway Island, Samoa'}}, 'email': 'sladana.simic@example.com', 'login': {'uuid': 'cbf020b3-b793-4c60-bea2-401cb05ee45b', 'username': 'blackfish136', 'password': 'pacers', 'salt': 'EJmXAbD5', 'md5': '9e960aead784c5a139f2ff1fbe230adf', 'sha1': 'def3cb40c2f1f59b2f53cd8e7575ab1ff002dda2', 'sha256': '4c815d05c9127226fd62a8138917faf7ac1b9626aeb840a14318e9565210fa36'}, 'dob': {'date': '1949-10-11T06:21:41.638Z', 'age': 74}, 'registered': {'date': '2017-08-25T12:15:02.640Z', 'age': 6}, 'phone': '013-8923-709', 'cell': '064-3665-360', 'id': {'name': 'SID', 'value': '555469786'}, 'picture': {'large': 'https://randomuser.me/api/portraits/women/70.jpg', 'medium': 'https://randomuser.me/api/portraits/med/women/70.jpg', 'thumbnail': 'https://randomuser.me/api/portraits/thumb/women/70.jpg'}, 'nat': 'RS'}</msg>
<arg>${json_data['results'][0]}</arg>
<doc>Logs the given message with the given level.</doc>
<status status="PASS" start="2024-03-25T20:14:41.142261" elapsed="0.000425"/>
</kw>
<kw name="Log" owner="BuiltIn">
<msg time="2024-03-25T20:14:41.143128" level="INFO">gender</msg>
<arg>${key}</arg>
<doc>Logs the given message with the given level.</doc>
<status status="PASS" start="2024-03-25T20:14:41.142995" elapsed="0.000173"/>
</kw>
<var name="${key}">gender</var>
<status status="PASS" start="2024-03-25T20:14:41.141335" elapsed="0.002054"/>
</iter>
<iter>
<kw name="Dictionary Should Contain Key" owner="Collections">
<msg time="2024-03-25T20:14:41.144147" level="INFO">False</msg>
<arg>${json_data['results'][0]}</arg>
<arg>${key}</arg>
<doc>Fails if ``key`` is not found from ``dictionary``.</doc>
<status status="PASS" start="2024-03-25T20:14:41.143699" elapsed="0.000488"/>
</kw>
<kw name="Log" owner="BuiltIn">
<msg time="2024-03-25T20:14:41.144894" level="INFO">{'gender': 'female', 'name': {'title': 'Ms', 'first': 'Slađana', 'last': 'Simić'}, 'location': {'street': {'number': 1502, 'name': 'Belih Vila'}, 'city': 'Ražanj', 'state': 'Kosovo-Pomoravlje', 'country': 'Serbia', 'postcode': 72245, 'coordinates': {'latitude': '58.5756', 'longitude': '114.6233'}, 'timezone': {'offset': '-11:00', 'description': 'Midway Island, Samoa'}}, 'email': 'sladana.simic@example.com', 'login': {'uuid': 'cbf020b3-b793-4c60-bea2-401cb05ee45b', 'username': 'blackfish136', 'password': 'pacers', 'salt': 'EJmXAbD5', 'md5': '9e960aead784c5a139f2ff1fbe230adf', 'sha1': 'def3cb40c2f1f59b2f53cd8e7575ab1ff002dda2', 'sha256': '4c815d05c9127226fd62a8138917faf7ac1b9626aeb840a14318e9565210fa36'}, 'dob': {'date': '1949-10-11T06:21:41.638Z', 'age': 74}, 'registered': {'date': '2017-08-25T12:15:02.640Z', 'age': 6}, 'phone': '013-8923-709', 'cell': '064-3665-360', 'id': {'name': 'SID', 'value': '555469786'}, 'picture': {'large': 'https://randomuser.me/api/portraits/women/70.jpg', 'medium': 'https://randomuser.me/api/portraits/med/women/70.jpg', 'thumbnail': 'https://randomuser.me/api/portraits/thumb/women/70.jpg'}, 'nat': 'RS'}</msg>
<arg>${json_data['results'][0]}</arg>
<doc>Logs the given message with the given level.</doc>
<status status="PASS" start="2024-03-25T20:14:41.144528" elapsed="0.000418"/>
</kw>
<kw name="Log" owner="BuiltIn">
<msg time="2024-03-25T20:14:41.145405" level="INFO">name</msg>
<arg>${key}</arg>
<doc>Logs the given message with the given level.</doc>
<status status="PASS" start="2024-03-25T20:14:41.145245" elapsed="0.000201"/>
</kw>
<var name="${key}">name</var>
<status status="PASS" start="2024-03-25T20:14:41.143578" elapsed="0.002088"/>
</iter>
<iter>
<kw name="Dictionary Should Contain Key" owner="Collections">
<msg time="2024-03-25T20:14:41.146330" level="INFO">False</msg>
<arg>${json_data['results'][0]}</arg>
<arg>${key}</arg>
<doc>Fails if ``key`` is not found from ``dictionary``.</doc>
<status status="PASS" start="2024-03-25T20:14:41.145955" elapsed="0.000413"/>
</kw>
<kw name="Log" owner="BuiltIn">
<msg time="2024-03-25T20:14:41.147043" level="INFO">{'gender': 'female', 'name': {'title': 'Ms', 'first': 'Slađana', 'last': 'Simić'}, 'location': {'street': {'number': 1502, 'name': 'Belih Vila'}, 'city': 'Ražanj', 'state': 'Kosovo-Pomoravlje', 'country': 'Serbia', 'postcode': 72245, 'coordinates': {'latitude': '58.5756', 'longitude': '114.6233'}, 'timezone': {'offset': '-11:00', 'description': 'Midway Island, Samoa'}}, 'email': 'sladana.simic@example.com', 'login': {'uuid': 'cbf020b3-b793-4c60-bea2-401cb05ee45b', 'username': 'blackfish136', 'password': 'pacers', 'salt': 'EJmXAbD5', 'md5': '9e960aead784c5a139f2ff1fbe230adf', 'sha1': 'def3cb40c2f1f59b2f53cd8e7575ab1ff002dda2', 'sha256': '4c815d05c9127226fd62a8138917faf7ac1b9626aeb840a14318e9565210fa36'}, 'dob': {'date': '1949-10-11T06:21:41.638Z', 'age': 74}, 'registered': {'date': '2017-08-25T12:15:02.640Z', 'age': 6}, 'phone': '013-8923-709', 'cell': '064-3665-360', 'id': {'name': 'SID', 'value': '555469786'}, 'picture': {'large': 'https://randomuser.me/api/portraits/women/70.jpg', 'medium': 'https://randomuser.me/api/portraits/med/women/70.jpg', 'thumbnail': 'https://randomuser.me/api/portraits/thumb/women/70.jpg'}, 'nat': 'RS'}</msg>
<arg>${json_data['results'][0]}</arg>
<doc>Logs the given message with the given level.</doc>
<status status="PASS" start="2024-03-25T20:14:41.146666" elapsed="0.000432"/>
</kw>
<kw name="Log" owner="BuiltIn">
<msg time="2024-03-25T20:14:41.147518" level="INFO">location</msg>
<arg>${key}</arg>
<doc>Logs the given message with the given level.</doc>
<status status="PASS" start="2024-03-25T20:14:41.147392" elapsed="0.000164"/>
</kw>
<var name="${key}">location</var>
<status status="PASS" start="2024-03-25T20:14:41.145844" elapsed="0.001927"/>
</iter>
<iter>
<kw name="Dictionary Should Contain Key" owner="Collections">
<msg time="2024-03-25T20:14:41.148424" level="INFO">False</msg>
<arg>${json_data['results'][0]}</arg>
<arg>${key}</arg>
<doc>Fails if ``key`` is not found from ``dictionary``.</doc>
<status status="PASS" start="2024-03-25T20:14:41.148051" elapsed="0.000410"/>
</kw>
<kw name="Log" owner="BuiltIn">
<msg time="2024-03-25T20:14:41.149111" level="INFO">{'gender': 'female', 'name': {'title': 'Ms', 'first': 'Slađana', 'last': 'Simić'}, 'location': {'street': {'number': 1502, 'name': 'Belih Vila'}, 'city': 'Ražanj', 'state': 'Kosovo-Pomoravlje', 'country': 'Serbia', 'postcode': 72245, 'coordinates': {'latitude': '58.5756', 'longitude': '114.6233'}, 'timezone': {'offset': '-11:00', 'description': 'Midway Island, Samoa'}}, 'email': 'sladana.simic@example.com', 'login': {'uuid': 'cbf020b3-b793-4c60-bea2-401cb05ee45b', 'username': 'blackfish136', 'password': 'pacers', 'salt': 'EJmXAbD5', 'md5': '9e960aead784c5a139f2ff1fbe230adf', 'sha1': 'def3cb40c2f1f59b2f53cd8e7575ab1ff002dda2', 'sha256': '4c815d05c9127226fd62a8138917faf7ac1b9626aeb840a14318e9565210fa36'}, 'dob': {'date': '1949-10-11T06:21:41.638Z', 'age': 74}, 'registered': {'date': '2017-08-25T12:15:02.640Z', 'age': 6}, 'phone': '013-8923-709', 'cell': '064-3665-360', 'id': {'name': 'SID', 'value': '555469786'}, 'picture': {'large': 'https://randomuser.me/api/portraits/women/70.jpg', 'medium': 'https://randomuser.me/api/portraits/med/women/70.jpg', 'thumbnail': 'https://randomuser.me/api/portraits/thumb/women/70.jpg'}, 'nat': 'RS'}</msg>
<arg>${json_data['results'][0]}</arg>
<doc>Logs the given message with the given level.</doc>
<status status="PASS" start="2024-03-25T20:14:41.148756" elapsed="0.000406"/>
</kw>
<kw name="Log" owner="BuiltIn">
<msg time="2024-03-25T20:14:41.149610" level="INFO">email</msg>
<arg>${key}</arg>
<doc>Logs the given message with the given level.</doc>
<status status="PASS" start="2024-03-25T20:14:41.149482" elapsed="0.000166"/>
</kw>
<var name="${key}">email</var>
<status status="PASS" start="2024-03-25T20:14:41.147943" elapsed="0.001919"/>
</iter>
<iter>
<kw name="Dictionary Should Contain Key" owner="Collections">
<msg time="2024-03-25T20:14:41.150528" level="INFO">False</msg>
<arg>${json_data['results'][0]}</arg>
<arg>${key}</arg>
<doc>Fails if ``key`` is not found from ``dictionary``.</doc>
<status status="PASS" start="2024-03-25T20:14:41.150147" elapsed="0.000417"/>
</kw>
<kw name="Log" owner="BuiltIn">
<msg time="2024-03-25T20:14:41.151216" level="INFO">{'gender': 'female', 'name': {'title': 'Ms', 'first': 'Slađana', 'last': 'Simić'}, 'location': {'street': {'number': 1502, 'name': 'Belih Vila'}, 'city': 'Ražanj', 'state': 'Kosovo-Pomoravlje', 'country': 'Serbia', 'postcode': 72245, 'coordinates': {'latitude': '58.5756', 'longitude': '114.6233'}, 'timezone': {'offset': '-11:00', 'description': 'Midway Island, Samoa'}}, 'email': 'sladana.simic@example.com', 'login': {'uuid': 'cbf020b3-b793-4c60-bea2-401cb05ee45b', 'username': 'blackfish136', 'password': 'pacers', 'salt': 'EJmXAbD5', 'md5': '9e960aead784c5a139f2ff1fbe230adf', 'sha1': 'def3cb40c2f1f59b2f53cd8e7575ab1ff002dda2', 'sha256': '4c815d05c9127226fd62a8138917faf7ac1b9626aeb840a14318e9565210fa36'}, 'dob': {'date': '1949-10-11T06:21:41.638Z', 'age': 74}, 'registered': {'date': '2017-08-25T12:15:02.640Z', 'age': 6}, 'phone': '013-8923-709', 'cell': '064-3665-360', 'id': {'name': 'SID', 'value': '555469786'}, 'picture': {'large': 'https://randomuser.me/api/portraits/women/70.jpg', 'medium': 'https://randomuser.me/api/portraits/med/women/70.jpg', 'thumbnail': 'https://randomuser.me/api/portraits/thumb/women/70.jpg'}, 'nat': 'RS'}</msg>
<arg>${json_data['results'][0]}</arg>
<doc>Logs the given message with the given level.</doc>
<status status="PASS" start="2024-03-25T20:14:41.150859" elapsed="0.000406"/>
</kw>
<kw name="Log" owner="BuiltIn">
<msg time="2024-03-25T20:14:41.151700" level="INFO">login</msg>
<arg>${key}</arg>
<doc>Logs the given message with the given level.</doc>
<status status="PASS" start="2024-03-25T20:14:41.151572" elapsed="0.000278"/>
</kw>
<var name="${key}">login</var>
<status status="PASS" start="2024-03-25T20:14:41.150032" elapsed="0.002068"/>
</iter>
<var>${key}</var>
<value>@{expected_keys}</value>
<status status="PASS" start="2024-03-25T20:14:41.141139" elapsed="0.011088"/>
</for>
<kw name="Create List" owner="BuiltIn">
<msg time="2024-03-25T20:14:41.152565" level="INFO">${expected_keysTwo} = ['username', 'password']</msg>
<var>${expected_keysTwo}</var>
<arg>username</arg>
<arg>password</arg>
<doc>Returns a list containing given items.</doc>
<status status="PASS" start="2024-03-25T20:14:41.152426" elapsed="0.000163"/>
</kw>
<for flavor="IN">
<iter>
<kw name="Dictionary Should Contain Key" owner="Collections">
<msg time="2024-03-25T20:14:41.153522" level="INFO">False</msg>
<arg>${json_data['results'][0]['login']}</arg>
<arg>${keyTwo}</arg>
<doc>Fails if ``key`` is not found from ``dictionary``.</doc>
<status status="PASS" start="2024-03-25T20:14:41.153091" elapsed="0.000469"/>
</kw>
<kw name="Dictionary Should Contain Key" owner="Collections">
<msg time="2024-03-25T20:14:41.154238" level="INFO">False</msg>
<arg>${json_data['results'][0]['login']}</arg>
<arg>${keyTwo}</arg>
<doc>Fails if ``key`` is not found from ``dictionary``.</doc>
<status status="PASS" start="2024-03-25T20:14:41.153863" elapsed="0.000413"/>
</kw>
<kw name="Log" owner="BuiltIn">
<msg time="2024-03-25T20:14:41.154700" level="INFO">username</msg>
<arg>${keyTwo}</arg>
<doc>Logs the given message with the given level.</doc>
<status status="PASS" start="2024-03-25T20:14:41.154571" elapsed="0.000166"/>
</kw>
<var name="${keyTwo}">username</var>
<status status="PASS" start="2024-03-25T20:14:41.152983" elapsed="0.001969"/>
</iter>
<iter>
<kw name="Dictionary Should Contain Key" owner="Collections">
<msg time="2024-03-25T20:14:41.155604" level="INFO">False</msg>
<arg>${json_data['results'][0]['login']}</arg>
<arg>${keyTwo}</arg>
<doc>Fails if ``key`` is not found from ``dictionary``.</doc>
<status status="PASS" start="2024-03-25T20:14:41.155232" elapsed="0.000410"/>
</kw>
<kw name="Dictionary Should Contain Key" owner="Collections">
<msg time="2024-03-25T20:14:41.156311" level="INFO">False</msg>
<arg>${json_data['results'][0]['login']}</arg>
<arg>${keyTwo}</arg>
<doc>Fails if ``key`` is not found from ``dictionary``.</doc>
<status status="PASS" start="2024-03-25T20:14:41.155931" elapsed="0.000418"/>
</kw>
<kw name="Log" owner="BuiltIn">
<msg time="2024-03-25T20:14:41.156762" level="INFO">password</msg>
<arg>${keyTwo}</arg>
<doc>Logs the given message with the given level.</doc>
<status status="PASS" start="2024-03-25T20:14:41.156638" elapsed="0.000162"/>
</kw>
<var name="${keyTwo}">password</var>
<status status="PASS" start="2024-03-25T20:14:41.155122" elapsed="0.001902"/>
</iter>
<var>${keyTwo}</var>
<value>@{expected_keysTwo}</value>
<status status="PASS" start="2024-03-25T20:14:41.152829" elapsed="0.004315"/>
</for>
<status status="PASS" start="2024-03-25T20:14:41.045320" elapsed="0.111978"/>
</kw>
<doc>Testa a estrutura da resposta da API.</doc>
<tag>testeEstruturaResposta</tag>
<status status="PASS" start="2024-03-25T20:14:41.044631" elapsed="0.112875"/>
</test>
<test id="s1-s1-t4" name="Validar tipos de dados" line="28">
<kw name="Teste de Tipos de Dados" owner="random-user-service">
<kw name="GET On Session" owner="RequestsLibrary">
<msg time="2024-03-25T20:14:41.247210" level="INFO">GET Request : url=https://randomuser.me/api 
 path_url=/api 
 headers={'User-Agent': 'python-requests/2.31.0', 'Accept-Encoding': 'gzip, deflate', 'Accept': '*/*', 'Connection': 'keep-alive'} 
 body=None 
 </msg>
<msg time="2024-03-25T20:14:41.247340" level="INFO">GET Response : url=https://randomuser.me/api 
 status=200, reason=OK 
 headers={'Date': 'Mon, 25 Mar 2024 20:14:41 GMT', 'Content-Type': 'application/json; charset=utf-8', 'Transfer-Encoding': 'chunked', 'Connection': 'keep-alive', 'X-Powered-By': 'Express', 'Access-Control-Allow-Origin': '*', 'Cache-Control': 'no-cache', 'ETag': 'W/"4b1-AoJXVPGFBj7R2YnouwMWLYOMZWg"', 'Vary': 'Accept-Encoding', 'Content-Encoding': 'gzip', 'CF-Cache-Status': 'DYNAMIC', 'Report-To': '{"endpoints":[{"url":"https:\\/\\/a.nel.cloudflare.com\\/report\\/v4?s=RYI6sJjRNGEGTZ2Gaxhb1F3hKvp9SnNOhYOXO0i562bP8b2ahPe%2FIr5bc1LY7MpBXy5JVD0aN1J2qBrfVLWG%2Bi93GkKwwXIHt8NekGNLSDWkdhiuuti2xOzpBSPnurFo"}],"group":"cf-nel","max_age":604800}', 'NEL': '{"success_fraction":0,"report_to":"cf-nel","max_age":604800}', 'Server': 'cloudflare', 'CF-RAY': '86a191934d81ce4c-SJC', 'alt-svc': 'h3=":443"; ma=86400'} 
 body={"results":[{"gender":"female","name":{"title":"Miss","first":"Luciane","last":"Pinto"},"location":{"street":{"number":8030,"name":"Rua Rio de Janeiro "},"city":"Niterói","state":"Rio Grande do Norte","country":"Brazil","postcode":19986,"coordinates":{"latitude":"-79.1663","longitude":"44.2283"},"timezone":{"offset":"-4:00","description":"Atlantic Time (Canada), Caracas, La Paz"}},"email":"luciane.pinto@example.com","login":{"uuid":"9c04c99b-18c3-4f1a-8c4c-ea7fe2c13c71","username":"silverswan698","password":"company","salt":"FWm0gPaV","md5":"6cb3f654318fcc9b049709183ad03b61","sha1":"4c7142f580c9f0c6d9634b149e23b11c082b9c60","sha256":"281e283b532e78c1bd9c989dd02f4f0cd0554e26f929d3ce415c5099bf043ea7"},"dob":{"date":"1971-06-16T00:10:25.600Z","age":52},"registered":{"date":"2021-03-24T05:13:17.783Z","age":3},"phone":"(17) 0284-1967","cell":"(28) 9280-0559","id":{"name":"CPF","value":"244.895.046-30"},"picture":{"large":"https://randomuser.me/api/portraits/women/88.jpg","medium":"https://randomuser.me/api/portraits/med/women/88.jpg","thumbnail":"https://randomuser.me/api/portraits/thumb/women/88.jpg"},"nat":"BR"}],"info":{"seed":"d657d977db315237","results":1,"page":1,"version":"1.4"}} 
 </msg>
<msg time="2024-03-25T20:14:41.247427" level="INFO">/opt/hostedtoolcache/Python/3.12.2/x64/lib/python3.12/site-packages/urllib3/connectionpool.py:1103: InsecureRequestWarning: Unverified HTTPS request is being made to host 'randomuser.me'. Adding certificate verification is strongly advised. See: https://urllib3.readthedocs.io/en/latest/advanced-usage.html#tls-warnings
  warnings.warn(</msg>
<msg time="2024-03-25T20:14:41.247559" level="INFO">${response} = &lt;Response [200]&gt;</msg>
<var>${response}</var>
<arg>consultarAPI</arg>
<arg>/api</arg>
<doc>Sends a GET request on a previously created HTTP Session.</doc>
<status status="PASS" start="2024-03-25T20:14:41.160085" elapsed="0.087511"/>
</kw>
<kw name="Set Variable" owner="BuiltIn">
<msg time="2024-03-25T20:14:41.248643" level="INFO">${json_data} = {'results': [{'gender': 'female', 'name': {'title': 'Miss', 'first': 'Luciane', 'last': 'Pinto'}, 'location': {'street': {'number': 8030, 'name': 'Rua Rio de Janeiro '}, 'city': 'Niterói', 'state': 'R...</msg>
<var>${json_data}</var>
<arg>${response.json()}</arg>
<doc>Returns the given values which can then be assigned to a variables.</doc>
<status status="PASS" start="2024-03-25T20:14:41.248094" elapsed="0.000580"/>
</kw>
<kw name="Log" owner="BuiltIn">
<msg time="2024-03-25T20:14:41.249162" level="INFO">{'results': [{'gender': 'female', 'name': {'title': 'Miss', 'first': 'Luciane', 'last': 'Pinto'}, 'location': {'street': {'number': 8030, 'name': 'Rua Rio de Janeiro '}, 'city': 'Niterói', 'state': 'Rio Grande do Norte', 'country': 'Brazil', 'postcode': 19986, 'coordinates': {'latitude': '-79.1663', 'longitude': '44.2283'}, 'timezone': {'offset': '-4:00', 'description': 'Atlantic Time (Canada), Caracas, La Paz'}}, 'email': 'luciane.pinto@example.com', 'login': {'uuid': '9c04c99b-18c3-4f1a-8c4c-ea7fe2c13c71', 'username': 'silverswan698', 'password': 'company', 'salt': 'FWm0gPaV', 'md5': '6cb3f654318fcc9b049709183ad03b61', 'sha1': '4c7142f580c9f0c6d9634b149e23b11c082b9c60', 'sha256': '281e283b532e78c1bd9c989dd02f4f0cd0554e26f929d3ce415c5099bf043ea7'}, 'dob': {'date': '1971-06-16T00:10:25.600Z', 'age': 52}, 'registered': {'date': '2021-03-24T05:13:17.783Z', 'age': 3}, 'phone': '(17) 0284-1967', 'cell': '(28) 9280-0559', 'id': {'name': 'CPF', 'value': '244.895.046-30'}, 'picture': {'large': 'https://randomuser.me/api/portraits/women/88.jpg', 'medium': 'https://randomuser.me/api/portraits/med/women/88.jpg', 'thumbnail': 'https://randomuser.me/api/portraits/thumb/women/88.jpg'}, 'nat': 'BR'}], 'info': {'seed': 'd657d977db315237', 'results': 1, 'page': 1, 'version': '1.4'}}</msg>
<arg>${json_data}</arg>
<doc>Logs the given message with the given level.</doc>
<status status="PASS" start="2024-03-25T20:14:41.249001" elapsed="0.000251"/>
</kw>
<kw name="Should Be String" owner="String">
<arg>${json_data['results'][0]['gender']}</arg>
<doc>Fails if the given ``item`` is not a string.</doc>
<status status="PASS" start="2024-03-25T20:14:41.249616" elapsed="0.000374"/>
</kw>
<kw name="Should Match Regexp" owner="BuiltIn">
<arg>${json_data['results'][0]['email']}</arg>
<arg>^[a-zA-Z0-9._%+-]+@[a-zA-Z0-9.-]+\.[a-zA-Z]{2,}$</arg>
<doc>Fails if ``string`` does not match ``pattern`` as a regular expression.</doc>
<status status="PASS" start="2024-03-25T20:14:41.250186" elapsed="0.000533"/>
</kw>
<kw name="Should Match Regexp" owner="BuiltIn">
<arg>${json_data['results'][0]['dob']['date']}</arg>
<arg>\\d{4}-\\d{2}-\\d{2}T\\d{2}:\\d{2}:\\d{2}\\.\\d{3}Z</arg>
<doc>Fails if ``string`` does not match ``pattern`` as a regular expression.</doc>
<status status="PASS" start="2024-03-25T20:14:41.250917" elapsed="0.000493"/>
</kw>
<kw name="Should Match Regexp" owner="BuiltIn">
<arg>${json_data['results'][0]['registered']['date']}</arg>
<arg>\\d{4}-\\d{2}-\\d{2}T\\d{2}:\\d{2}:\\d{2}\\.\\d{3}Z</arg>
<doc>Fails if ``string`` does not match ``pattern`` as a regular expression.</doc>
<status status="PASS" start="2024-03-25T20:14:41.251603" elapsed="0.000373"/>
</kw>
<kw name="Should Match Regexp" owner="BuiltIn">
<arg>${json_data['results'][0]['picture']['large']}</arg>
<arg>^https?://.*\.(?:png|jpe?g|gif|bmp)$</arg>
<doc>Fails if ``string`` does not match ``pattern`` as a regular expression.</doc>
<status status="PASS" start="2024-03-25T20:14:41.252163" elapsed="0.000463"/>
</kw>
<kw name="Should Match Regexp" owner="BuiltIn">
<arg>${json_data['results'][0]['picture']['medium']}</arg>
<arg>^https?://.*\.(?:png|jpe?g|gif|bmp)$</arg>
<doc>Fails if ``string`` does not match ``pattern`` as a regular expression.</doc>
<status status="PASS" start="2024-03-25T20:14:41.252815" elapsed="0.000361"/>
</kw>
<kw name="Should Match Regexp" owner="BuiltIn">
<arg>${json_data['results'][0]['picture']['thumbnail']}</arg>
<arg>^https?://.*\.(?:png|jpe?g|gif|bmp)$</arg>
<doc>Fails if ``string`` does not match ``pattern`` as a regular expression.</doc>
<status status="PASS" start="2024-03-25T20:14:41.253381" elapsed="0.000357"/>
</kw>
<kw name="Log" owner="BuiltIn">
<msg time="2024-03-25T20:14:41.254244" level="INFO">{'large': 'https://randomuser.me/api/portraits/women/88.jpg', 'medium': 'https://randomuser.me/api/portraits/med/women/88.jpg', 'thumbnail': 'https://randomuser.me/api/portraits/thumb/women/88.jpg'}</msg>
<arg>${json_data['results'][0]['picture']}</arg>
<doc>Logs the given message with the given level.</doc>
<status status="PASS" start="2024-03-25T20:14:41.253918" elapsed="0.000373"/>
</kw>
<status status="PASS" start="2024-03-25T20:14:41.159850" elapsed="0.094699"/>
</kw>
<kw name="Teste de Tipos de Dados - Postcode" owner="random-user-service">
<kw name="GET On Session" owner="RequestsLibrary">
<msg time="2024-03-25T20:14:41.364227" level="INFO">GET Request : url=https://randomuser.me/api 
 path_url=/api 
 headers={'User-Agent': 'python-requests/2.31.0', 'Accept-Encoding': 'gzip, deflate', 'Accept': '*/*', 'Connection': 'keep-alive'} 
 body=None 
 </msg>
<msg time="2024-03-25T20:14:41.364338" level="INFO">GET Response : url=https://randomuser.me/api 
 status=200, reason=OK 
 headers={'Date': 'Mon, 25 Mar 2024 20:14:41 GMT', 'Content-Type': 'application/json; charset=utf-8', 'Transfer-Encoding': 'chunked', 'Connection': 'keep-alive', 'X-Powered-By': 'Express', 'Access-Control-Allow-Origin': '*', 'Cache-Control': 'no-cache', 'ETag': 'W/"4aa-xdjNm13en1eBG79Lvkbg20v4Pas"', 'Vary': 'Accept-Encoding', 'Content-Encoding': 'gzip', 'CF-Cache-Status': 'DYNAMIC', 'Report-To': '{"endpoints":[{"url":"https:\\/\\/a.nel.cloudflare.com\\/report\\/v4?s=rH78JrKpqRv1FtAvoIk8lg4DJayuQEhE8Fl%2FGEOqj7gWPlsRVAE9QD9LN8Pt5STK5gyQbVlaQG8BNRCEstO1rDnyVmS4Q6FdUKUXXziIDBsNWuFv2QmbMz0Quv3AD70T"}],"group":"cf-nel","max_age":604800}', 'NEL': '{"success_fraction":0,"report_to":"cf-nel","max_age":604800}', 'Server': 'cloudflare', 'CF-RAY': '86a19193de2ace4c-SJC', 'alt-svc': 'h3=":443"; ma=86400'} 
 body={"results":[{"gender":"female","name":{"title":"Ms","first":"Romena","last":"Chumachenko"},"location":{"street":{"number":4477,"name":"Povitroflotska"},"city":"Noviy Kaliniv","state":"Dnipropetrovska","country":"Ukraine","postcode":21428,"coordinates":{"latitude":"75.8304","longitude":"153.9284"},"timezone":{"offset":"+3:00","description":"Baghdad, Riyadh, Moscow, St. Petersburg"}},"email":"romena.chumachenko@example.com","login":{"uuid":"bea97b92-2eb0-4766-9629-d490f06ad0f0","username":"organicswan338","password":"brighton","salt":"4SdBzBgz","md5":"4009c1c8600be2d455ad5096038481a0","sha1":"94f78314f5393b1100d1e420f95f2aab3055e343","sha256":"bea2abaff906376a77dea5517def55f7cf954c6f4a36bac69fd5bc37d099976e"},"dob":{"date":"1977-07-20T19:05:04.483Z","age":46},"registered":{"date":"2002-07-21T02:38:29.011Z","age":21},"phone":"(066) K68-0901","cell":"(097) B41-5750","id":{"name":"","value":null},"picture":{"large":"https://randomuser.me/api/portraits/women/95.jpg","medium":"https://randomuser.me/api/portraits/med/women/95.jpg","thumbnail":"https://randomuser.me/api/portraits/thumb/women/95.jpg"},"nat":"UA"}],"info":{"seed":"0ef6b0d61482e934","results":1,"page":1,"version":"1.4"}} 
 </msg>
<msg time="2024-03-25T20:14:41.364435" level="INFO">/opt/hostedtoolcache/Python/3.12.2/x64/lib/python3.12/site-packages/urllib3/connectionpool.py:1103: InsecureRequestWarning: Unverified HTTPS request is being made to host 'randomuser.me'. Adding certificate verification is strongly advised. See: https://urllib3.readthedocs.io/en/latest/advanced-usage.html#tls-warnings
  warnings.warn(</msg>
<msg time="2024-03-25T20:14:41.364566" level="INFO">${response} = &lt;Response [200]&gt;</msg>
<var>${response}</var>
<arg>consultarAPI</arg>
<arg>/api</arg>
<doc>Sends a GET request on a previously created HTTP Session.</doc>
<status status="PASS" start="2024-03-25T20:14:41.255157" elapsed="0.109444"/>
</kw>
<kw name="Set Variable" owner="BuiltIn">
<msg time="2024-03-25T20:14:41.365707" level="INFO">${json_data} = {'results': [{'gender': 'female', 'name': {'title': 'Ms', 'first': 'Romena', 'last': 'Chumachenko'}, 'location': {'street': {'number': 4477, 'name': 'Povitroflotska'}, 'city': 'Noviy Kaliniv', 'state'...</msg>
<var>${json_data}</var>
<arg>${response.json()}</arg>
<doc>Returns the given values which can then be assigned to a variables.</doc>
<status status="PASS" start="2024-03-25T20:14:41.365153" elapsed="0.000583"/>
</kw>
<kw name="Log" owner="BuiltIn">
<msg time="2024-03-25T20:14:41.366213" level="INFO">{'results': [{'gender': 'female', 'name': {'title': 'Ms', 'first': 'Romena', 'last': 'Chumachenko'}, 'location': {'street': {'number': 4477, 'name': 'Povitroflotska'}, 'city': 'Noviy Kaliniv', 'state': 'Dnipropetrovska', 'country': 'Ukraine', 'postcode': 21428, 'coordinates': {'latitude': '75.8304', 'longitude': '153.9284'}, 'timezone': {'offset': '+3:00', 'description': 'Baghdad, Riyadh, Moscow, St. Petersburg'}}, 'email': 'romena.chumachenko@example.com', 'login': {'uuid': 'bea97b92-2eb0-4766-9629-d490f06ad0f0', 'username': 'organicswan338', 'password': 'brighton', 'salt': '4SdBzBgz', 'md5': '4009c1c8600be2d455ad5096038481a0', 'sha1': '94f78314f5393b1100d1e420f95f2aab3055e343', 'sha256': 'bea2abaff906376a77dea5517def55f7cf954c6f4a36bac69fd5bc37d099976e'}, 'dob': {'date': '1977-07-20T19:05:04.483Z', 'age': 46}, 'registered': {'date': '2002-07-21T02:38:29.011Z', 'age': 21}, 'phone': '(066) K68-0901', 'cell': '(097) B41-5750', 'id': {'name': '', 'value': None}, 'picture': {'large': 'https://randomuser.me/api/portraits/women/95.jpg', 'medium': 'https://randomuser.me/api/portraits/med/women/95.jpg', 'thumbnail': 'https://randomuser.me/api/portraits/thumb/women/95.jpg'}, 'nat': 'UA'}], 'info': {'seed': '0ef6b0d61482e934', 'results': 1, 'page': 1, 'version': '1.4'}}</msg>
<arg>${json_data}</arg>
<doc>Logs the given message with the given level.</doc>
<status status="PASS" start="2024-03-25T20:14:41.366055" elapsed="0.000244"/>
</kw>
<kw name="Should Be Equal As Numbers" owner="BuiltIn">
<arg>${json_data['results'][0]['location']['postcode']}</arg>
<arg>${json_data['results'][0]['location']['postcode']}</arg>
<doc>Fails if objects are unequal after converting them to real numbers.</doc>
<status status="PASS" start="2024-03-25T20:14:41.366609" elapsed="0.000646"/>
</kw>
<kw name="Log" owner="BuiltIn">
<msg time="2024-03-25T20:14:41.367789" level="INFO">21428</msg>
<arg>${json_data['results'][0]['location']['postcode']}</arg>
<doc>Logs the given message with the given level.</doc>
<status status="PASS" start="2024-03-25T20:14:41.367451" elapsed="0.000379"/>
</kw>
<status status="PASS" start="2024-03-25T20:14:41.254780" elapsed="0.113311"/>
</kw>
<doc>Testa se os tipos de dados na resposta da API estão corretos.</doc>
<tag>testeTiposDados</tag>
<status status="PASS" start="2024-03-25T20:14:41.159280" elapsed="0.208987"/>
</test>
<test id="s1-s1-t5" name="Validar conteudo" line="35">
<kw name="Teste de Tipos de Conteudo" owner="random-user-service">
<kw name="GET On Session" owner="RequestsLibrary">
<msg time="2024-03-25T20:14:41.470485" level="INFO">GET Request : url=https://randomuser.me/api 
 path_url=/api 
 headers={'User-Agent': 'python-requests/2.31.0', 'Accept-Encoding': 'gzip, deflate', 'Accept': '*/*', 'Connection': 'keep-alive'} 
 body=None 
 </msg>
<msg time="2024-03-25T20:14:41.470600" level="INFO">GET Response : url=https://randomuser.me/api 
 status=200, reason=OK 
 headers={'Date': 'Mon, 25 Mar 2024 20:14:41 GMT', 'Content-Type': 'application/json; charset=utf-8', 'Transfer-Encoding': 'chunked', 'Connection': 'keep-alive', 'X-Powered-By': 'Express', 'Access-Control-Allow-Origin': '*', 'Cache-Control': 'no-cache', 'ETag': 'W/"487-f6+/wOVB+4Ml9s3M8wyAqQ+h8fc"', 'Vary': 'Accept-Encoding', 'Content-Encoding': 'gzip', 'CF-Cache-Status': 'DYNAMIC', 'Report-To': '{"endpoints":[{"url":"https:\\/\\/a.nel.cloudflare.com\\/report\\/v4?s=wawiQqUShNiz5hrH3gvdnW8DnClbtLHSIIAUKz5m2uyhYqkwRLGDwxmhCsJOyXnLmibgxq9sw9f1S2Y1JsotjEjAIuY7a4MDnrwPqFVeduyt7WL1MkgN0EBEaI5WgDfn"}],"group":"cf-nel","max_age":604800}', 'NEL': '{"success_fraction":0,"report_to":"cf-nel","max_age":604800}', 'Server': 'cloudflare', 'CF-RAY': '86a191949f02ce4c-SJC', 'alt-svc': 'h3=":443"; ma=86400'} 
 body={"results":[{"gender":"female","name":{"title":"Ms","first":"Meera","last":"Shet"},"location":{"street":{"number":7027,"name":"Bandstand Promenade"},"city":"Vijayanagaram","state":"Himachal Pradesh","country":"India","postcode":94639,"coordinates":{"latitude":"10.9624","longitude":"68.7448"},"timezone":{"offset":"-3:30","description":"Newfoundland"}},"email":"meera.shet@example.com","login":{"uuid":"6dd5b0f6-f8e0-4cd6-87f3-62a3fae91780","username":"brownkoala248","password":"vegitto","salt":"F7aX2ArE","md5":"f8c6fc42a9fc5aa18f543d2f30a3d22b","sha1":"570c5dc5cb0bc7f9f8dac69ce9c7faeb6c2edca0","sha256":"9ba588373dc37bd31a60aae625aa6d7a62b72ccc32048ea90f95fb35ce3f161f"},"dob":{"date":"1982-05-04T02:33:37.972Z","age":41},"registered":{"date":"2006-04-14T20:10:51.752Z","age":17},"phone":"9950450057","cell":"8314226001","id":{"name":"UIDAI","value":"603779970611"},"picture":{"large":"https://randomuser.me/api/portraits/women/96.jpg","medium":"https://randomuser.me/api/portraits/med/women/96.jpg","thumbnail":"https://randomuser.me/api/portraits/thumb/women/96.jpg"},"nat":"IN"}],"info":{"seed":"2a6f7feb323a6c89","results":1,"page":1,"version":"1.4"}} 
 </msg>
<msg time="2024-03-25T20:14:41.470683" level="INFO">/opt/hostedtoolcache/Python/3.12.2/x64/lib/python3.12/site-packages/urllib3/connectionpool.py:1103: InsecureRequestWarning: Unverified HTTPS request is being made to host 'randomuser.me'. Adding certificate verification is strongly advised. See: https://urllib3.readthedocs.io/en/latest/advanced-usage.html#tls-warnings
  warnings.warn(</msg>
<msg time="2024-03-25T20:14:41.470813" level="INFO">${response} = &lt;Response [200]&gt;</msg>
<var>${response}</var>
<arg>consultarAPI</arg>
<arg>/api</arg>
<doc>Sends a GET request on a previously created HTTP Session.</doc>
<status status="PASS" start="2024-03-25T20:14:41.371214" elapsed="0.099627"/>
</kw>
<kw name="Set Variable" owner="BuiltIn">
<msg time="2024-03-25T20:14:41.471959" level="INFO">${json_data} = {'results': [{'gender': 'female', 'name': {'title': 'Ms', 'first': 'Meera', 'last': 'Shet'}, 'location': {'street': {'number': 7027, 'name': 'Bandstand Promenade'}, 'city': 'Vijayanagaram', 'state': '...</msg>
<var>${json_data}</var>
<arg>${response.json()}</arg>
<doc>Returns the given values which can then be assigned to a variables.</doc>
<status status="PASS" start="2024-03-25T20:14:41.471424" elapsed="0.000564"/>
</kw>
<kw name="Set Variable" owner="BuiltIn">
<msg time="2024-03-25T20:14:41.472716" level="INFO">${name_title} = Ms</msg>
<var>${name_title}</var>
<arg>${json_data["results"][0]["name"]["title"]}</arg>
<doc>Returns the given values which can then be assigned to a variables.</doc>
<status status="PASS" start="2024-03-25T20:14:41.472320" elapsed="0.000422"/>
</kw>
<kw name="Create List" owner="BuiltIn">
<msg time="2024-03-25T20:14:41.473211" level="INFO">${allowed_titles} = ['Mr', 'Ms', 'Miss', 'Mrs', 'Madame', 'Monsieur']</msg>
<var>${allowed_titles}</var>
<arg>Mr</arg>
<arg>Ms</arg>
<arg>Miss</arg>
<arg>Mrs</arg>
<arg>Madame</arg>
<arg>Monsieur</arg>
<doc>Returns a list containing given items.</doc>
<status status="PASS" start="2024-03-25T20:14:41.473055" elapsed="0.000181"/>
</kw>
<kw name="List Should Contain Value" owner="Collections">
<msg time="2024-03-25T20:14:41.473791" level="INFO">False</msg>
<arg>${allowed_titles}</arg>
<arg>${name_title}</arg>
<doc>Fails if the ``value`` is not found from ``list``.</doc>
<status status="PASS" start="2024-03-25T20:14:41.473601" elapsed="0.000229"/>
</kw>
<kw name="Set Variable" owner="BuiltIn">
<msg time="2024-03-25T20:14:41.474515" level="INFO">${name_country} = IN</msg>
<var>${name_country}</var>
<arg>${json_data["results"][0]["nat"]}</arg>
<doc>Returns the given values which can then be assigned to a variables.</doc>
<status status="PASS" start="2024-03-25T20:14:41.474129" elapsed="0.000411"/>
</kw>
<kw name="Create List" owner="BuiltIn">
<msg time="2024-03-25T20:14:41.475467" level="INFO">${list_country} = ['AD', 'AE', 'AF', 'AG', 'AI', 'AL', 'AM', 'AO', 'AQ', 'AR', 'AS', 'AT', 'AU', 'AW', 'AX', 'AZ', 'BA', 'BB', 'BD', 'BE', 'BF', 'BG', 'BH', 'BI', 'BJ', 'BL', 'BM', 'BN', 'BO', 'BQ', 'BR', 'BS', 'BT', '...</msg>
<var>${list_country}</var>
<arg>AD</arg>
<arg>AE</arg>
<arg>AF</arg>
<arg>AG</arg>
<arg>AI</arg>
<arg>AL</arg>
<arg>AM</arg>
<arg>AO</arg>
<arg>AQ</arg>
<arg>AR</arg>
<arg>AS</arg>
<arg>AT</arg>
<arg>AU</arg>
<arg>AW</arg>
<arg>AX</arg>
<arg>AZ</arg>
<arg>BA</arg>
<arg>BB</arg>
<arg>BD</arg>
<arg>BE</arg>
<arg>BF</arg>
<arg>BG</arg>
<arg>BH</arg>
<arg>BI</arg>
<arg>BJ</arg>
<arg>BL</arg>
<arg>BM</arg>
<arg>BN</arg>
<arg>BO</arg>
<arg>BQ</arg>
<arg>BR</arg>
<arg>BS</arg>
<arg>BT</arg>
<arg>BV</arg>
<arg>BW</arg>
<arg>BY</arg>
<arg>BZ</arg>
<arg>CA</arg>
<arg>CC</arg>
<arg>CD</arg>
<arg>CF</arg>
<arg>CG</arg>
<arg>CH</arg>
<arg>CI</arg>
<arg>CK</arg>
<arg>CL</arg>
<arg>CM</arg>
<arg>CN</arg>
<arg>CO</arg>
<arg>CR</arg>
<arg>CU</arg>
<arg>CV</arg>
<arg>CW</arg>
<arg>CX</arg>
<arg>CY</arg>
<arg>CZ</arg>
<arg>DE</arg>
<arg>DJ</arg>
<arg>DK</arg>
<arg>DM</arg>
<arg>DO</arg>
<arg>DZ</arg>
<arg>EC</arg>
<arg>EE</arg>
<arg>EG</arg>
<arg>EH</arg>
<arg>ER</arg>
<arg>ES</arg>
<arg>ET</arg>
<arg>FI</arg>
<arg>FJ</arg>
<arg>FK</arg>
<arg>FM</arg>
<arg>FO</arg>
<arg>FR</arg>
<arg>GA</arg>
<arg>GB</arg>
<arg>GD</arg>
<arg>GE</arg>
<arg>GF</arg>
<arg>GG</arg>
<arg>GH</arg>
<arg>GI</arg>
<arg>GL</arg>
<arg>GM</arg>
<arg>GN</arg>
<arg>GP</arg>
<arg>GQ</arg>
<arg>GR</arg>
<arg>GS</arg>
<arg>GT</arg>
<arg>GU</arg>
<arg>GW</arg>
<arg>GY</arg>
<arg>HK</arg>
<arg>HM</arg>
<arg>HN</arg>
<arg>HR</arg>
<arg>HT</arg>
<arg>HU</arg>
<arg>ID</arg>
<arg>IE</arg>
<arg>IL</arg>
<arg>IM</arg>
<arg>IN</arg>
<arg>IO</arg>
<arg>IQ</arg>
<arg>IR</arg>
<arg>IS</arg>
<arg>IT</arg>
<arg>JE</arg>
<arg>JM</arg>
<arg>JO</arg>
<arg>JP</arg>
<arg>KE</arg>
<arg>KG</arg>
<arg>KH</arg>
<arg>KI</arg>
<arg>KM</arg>
<arg>KN</arg>
<arg>KP</arg>
<arg>KR</arg>
<arg>KW</arg>
<arg>KY</arg>
<arg>KZ</arg>
<arg>LA</arg>
<arg>LB</arg>
<arg>LC</arg>
<arg>LI</arg>
<arg>LK</arg>
<arg>LR</arg>
<arg>LS</arg>
<arg>LT</arg>
<arg>LU</arg>
<arg>LV</arg>
<arg>LY</arg>
<arg>MA</arg>
<arg>MC</arg>
<arg>MD</arg>
<arg>ME</arg>
<arg>MF</arg>
<arg>MG</arg>
<arg>MH</arg>
<arg>MK</arg>
<arg>ML</arg>
<arg>MM</arg>
<arg>MN</arg>
<arg>MO</arg>
<arg>MP</arg>
<arg>MQ</arg>
<arg>MR</arg>
<arg>MS</arg>
<arg>MT</arg>
<arg>MU</arg>
<arg>MV</arg>
<arg>MW</arg>
<arg>MX</arg>
<arg>MY</arg>
<arg>MZ</arg>
<arg>NA</arg>
<arg>NC</arg>
<arg>NE</arg>
<arg>NF</arg>
<arg>NG</arg>
<arg>NI</arg>
<arg>NL</arg>
<arg>NO</arg>
<arg>NP</arg>
<arg>NR</arg>
<arg>NU</arg>
<arg>NZ</arg>
<arg>OM</arg>
<arg>PA</arg>
<arg>PE</arg>
<arg>PF</arg>
<arg>PG</arg>
<arg>PH</arg>
<arg>PK</arg>
<arg>PL</arg>
<arg>PM</arg>
<arg>PN</arg>
<arg>PR</arg>
<arg>PS</arg>
<arg>PT</arg>
<arg>PW</arg>
<arg>PY</arg>
<arg>QA</arg>
<arg>RE</arg>
<arg>RO</arg>
<arg>RS</arg>
<arg>RU</arg>
<arg>RW</arg>
<arg>SA</arg>
<arg>SB</arg>
<arg>SC</arg>
<arg>SD</arg>
<arg>SE</arg>
<arg>SG</arg>
<arg>SH</arg>
<arg>SI</arg>
<arg>SJ</arg>
<arg>SK</arg>
<arg>SL</arg>
<arg>SM</arg>
<arg>SN</arg>
<arg>SO</arg>
<arg>SR</arg>
<arg>SS</arg>
<arg>ST</arg>
<arg>SV</arg>
<arg>SX</arg>
<arg>SY</arg>
<arg>SZ</arg>
<arg>TC</arg>
<arg>TD</arg>
<arg>TF</arg>
<arg>TG</arg>
<arg>TH</arg>
<arg>TJ</arg>
<arg>TK</arg>
<arg>TL</arg>
<arg>TM</arg>
<arg>TN</arg>
<arg>TO</arg>
<arg>TR</arg>
<arg>TT</arg>
<arg>TV</arg>
<arg>TW</arg>
<arg>TZ</arg>
<arg>UA</arg>
<arg>UG</arg>
<arg>UM</arg>
<arg>US</arg>
<arg>UY</arg>
<arg>UZ</arg>
<arg>VA</arg>
<arg>VC</arg>
<arg>VE</arg>
<arg>VG</arg>
<arg>VI</arg>
<arg>VN</arg>
<arg>VU</arg>
<arg>WF</arg>
<arg>WS</arg>
<arg>XK</arg>
<arg>YE</arg>
<arg>YT</arg>
<arg>ZA</arg>
<arg>ZM</arg>
<arg>ZW</arg>
<doc>Returns a list containing given items.</doc>
<status status="PASS" start="2024-03-25T20:14:41.474854" elapsed="0.000639"/>
</kw>
<kw name="List Should Contain Value" owner="Collections">
<msg time="2024-03-25T20:14:41.476631" level="INFO">False</msg>
<arg>${list_country}</arg>
<arg>${name_country}</arg>
<doc>Fails if the ``value`` is not found from ``list``.</doc>
<status status="PASS" start="2024-03-25T20:14:41.476425" elapsed="0.000244"/>
</kw>
<kw name="Run Keyword If" owner="BuiltIn">
<kw name="Should Be True" owner="BuiltIn">
<arg>${True}</arg>
<doc>Fails if the given condition is not true.</doc>
<status status="PASS" start="2024-03-25T20:14:41.477828" elapsed="0.000149"/>
</kw>
<arg>${json_data["results"][0]["location"]["coordinates"]["latitude"]} &gt;= -90 and ${json_data["results"][0]["location"]["coordinates"]["latitude"]} &lt;= 90</arg>
<arg>Should Be True</arg>
<arg>${True}</arg>
<doc>Runs the given keyword with the given arguments, if ``condition`` is true.</doc>
<status status="PASS" start="2024-03-25T20:14:41.476997" elapsed="0.001116"/>
</kw>
<kw name="Run Keyword If" owner="BuiltIn">
<kw name="Should Be True" owner="BuiltIn">
<arg>${True}</arg>
<doc>Fails if the given condition is not true.</doc>
<status status="PASS" start="2024-03-25T20:14:41.479015" elapsed="0.000150"/>
</kw>
<arg>${json_data["results"][0]["location"]["coordinates"]["longitude"]} &gt;= -180 and ${json_data["results"][0]["location"]["coordinates"]["longitude"]} &lt;= 180</arg>
<arg>Should Be True</arg>
<arg>${True}</arg>
<doc>Runs the given keyword with the given arguments, if ``condition`` is true.</doc>
<status status="PASS" start="2024-03-25T20:14:41.478311" elapsed="0.000981"/>
</kw>
<status status="PASS" start="2024-03-25T20:14:41.370826" elapsed="0.108609"/>
</kw>
<doc>Testa o conteúdo específico dos campos retornados pela API.</doc>
<tag>testeConteudo</tag>
<status status="PASS" start="2024-03-25T20:14:41.370127" elapsed="0.109467"/>
</test>
<status status="PASS" start="2024-03-25T20:14:40.464373" elapsed="1.017217"/>
</suite>
<status status="PASS" start="2024-03-25T20:14:40.450503" elapsed="1.036604"/>
</suite>
<statistics>
<total>
<stat pass="5" fail="0" skip="0">All Tests</stat>
</total>
<tag>
<stat pass="1" fail="0" skip="0">testeConteudo</stat>
<stat pass="1" fail="0" skip="0">testeEstruturaResposta</stat>
<stat pass="1" fail="0" skip="0">testeRequisicaoBasica</stat>
<stat pass="1" fail="0" skip="0">testeTiposDados</stat>
</tag>
<suite>
<stat pass="5" fail="0" skip="0" id="s1" name="Tests">Tests</stat>
<stat pass="5" fail="0" skip="0" id="s1-s1" name="Random-User-Test">Tests.Random-User-Test</stat>
</suite>
</statistics>
<errors>
</errors>
</robot>
