<?xml version="1.0" encoding="UTF-8"?>
<robot generator="Robot 7.0 (Python 3.12.3 on linux)" generated="2024-05-26T17:13:46.463363" rpa="false" schemaversion="5">
<suite id="s1" name="Tests" source="/home/runner/work/ApiRandomUser/ApiRandomUser/RamdonUser/tests">
<suite id="s1-s1" name="Random-User-Test" source="/home/runner/work/ApiRandomUser/ApiRandomUser/RamdonUser/tests/random-user-test.robot">
<test id="s1-s1-t1" name="Conectar" line="13">
<kw name="Conectar API" owner="random-user-service">
<kw name="Create Session" owner="RequestsLibrary">
<msg time="2024-05-26T17:13:46.893141" level="INFO">Creating Session using : alias=consultarAPI, url=https://randomuser.me/, headers={},                     cookies={}, auth=None, timeout=None, proxies=None, verify=False,                     debug=0 </msg>
<arg>consultarAPI</arg>
<arg>${URL}</arg>
<doc>Create Session: create a HTTP session to a server</doc>
<status status="PASS" start="2024-05-26T17:13:46.892929" elapsed="0.000415"/>
</kw>
<status status="PASS" start="2024-05-26T17:13:46.891792" elapsed="0.001974"/>
</kw>
<status status="PASS" start="2024-05-26T17:13:46.891187" elapsed="0.002778"/>
</test>
<test id="s1-s1-t2" name="Validar retorno 200 e JSON Válido" line="16">
<kw name="Teste de Requisicao Basica" owner="random-user-service">
<kw name="GET On Session" owner="RequestsLibrary">
<msg time="2024-05-26T17:13:47.473017" level="INFO">GET Request : url=https://randomuser.me/api 
 path_url=/api 
 headers={'User-Agent': 'python-requests/2.32.2', 'Accept-Encoding': 'gzip, deflate', 'Accept': '*/*', 'Connection': 'keep-alive'} 
 body=None 
 </msg>
<msg time="2024-05-26T17:13:47.473175" level="INFO">GET Response : url=https://randomuser.me/api 
 status=200, reason=OK 
 headers={'Date': 'Sun, 26 May 2024 17:13:47 GMT', 'Content-Type': 'application/json; charset=utf-8', 'Transfer-Encoding': 'chunked', 'Connection': 'keep-alive', 'X-Powered-By': 'Express', 'Access-Control-Allow-Origin': '*', 'Cache-Control': 'no-cache', 'ETag': 'W/"47d-ncGG4m+YClS/zuRbP7u7odwu5FA"', 'Vary': 'Accept-Encoding', 'Content-Encoding': 'gzip', 'CF-Cache-Status': 'DYNAMIC', 'Report-To': '{"endpoints":[{"url":"https:\\/\\/a.nel.cloudflare.com\\/report\\/v4?s=QPk6EkHrxeEmP25VOC1pYRk3R0jVi6TF7t4tXaJ26tz05NcH8Ws59wxxw1CaDMjYonb1%2Btaxhdqh%2BToOMiaRrtw5DUoOh46iQgYF4XLACFNqEffAZmBKt71vXM6OqToO"}],"group":"cf-nel","max_age":604800}', 'NEL': '{"success_fraction":0,"report_to":"cf-nel","max_age":604800}', 'Server': 'cloudflare', 'CF-RAY': '889f65d568471769-IAD', 'alt-svc': 'h3=":443"; ma=86400'} 
 body={"results":[{"gender":"female","name":{"title":"Mrs","first":"Aria","last":"Kumar"},"location":{"street":{"number":7140,"name":"Wilson Road"},"city":"Palmerston North","state":"Manawatu-Wanganui","country":"New Zealand","postcode":20697,"coordinates":{"latitude":"49.0515","longitude":"96.2441"},"timezone":{"offset":"-10:00","description":"Hawaii"}},"email":"aria.kumar@example.com","login":{"uuid":"1691bf95-18c3-4c06-8c75-7730744d1c83","username":"greenkoala547","password":"iomega","salt":"IWnVbxIV","md5":"ba9d4f125466b8cd92a1a473bc215d04","sha1":"35ea186c457119b4b42e034be21ef2208a499285","sha256":"95b02ee408bc47f303cb07def34c4b2db2a8aed7cd5b62eaafbfa76f58f45df3"},"dob":{"date":"1957-12-29T05:44:12.001Z","age":66},"registered":{"date":"2002-04-15T08:50:39.712Z","age":22},"phone":"(328)-075-2902","cell":"(899)-085-6826","id":{"name":"","value":null},"picture":{"large":"https://randomuser.me/api/portraits/women/42.jpg","medium":"https://randomuser.me/api/portraits/med/women/42.jpg","thumbnail":"https://randomuser.me/api/portraits/thumb/women/42.jpg"},"nat":"NZ"}],"info":{"seed":"bdbd43598d5132d6","results":1,"page":1,"version":"1.4"}} 
 </msg>
<msg time="2024-05-26T17:13:47.473256" level="INFO">/opt/hostedtoolcache/Python/3.12.3/x64/lib/python3.12/site-packages/urllib3/connectionpool.py:1103: InsecureRequestWarning: Unverified HTTPS request is being made to host 'randomuser.me'. Adding certificate verification is strongly advised. See: https://urllib3.readthedocs.io/en/latest/advanced-usage.html#tls-warnings
  warnings.warn(</msg>
<msg time="2024-05-26T17:13:47.473395" level="INFO">${response} = &lt;Response [200]&gt;</msg>
<var>${response}</var>
<arg>consultarAPI</arg>
<arg>/api</arg>
<doc>Sends a GET request on a previously created HTTP Session.</doc>
<status status="PASS" start="2024-05-26T17:13:46.896745" elapsed="0.576678"/>
</kw>
<kw name="Should Be Equal As Numbers" owner="BuiltIn">
<msg time="2024-05-26T17:13:47.474627" level="INFO">Argument types are:
&lt;class 'int'&gt;
&lt;class 'str'&gt;</msg>
<arg>${response.status_code}</arg>
<arg>200</arg>
<doc>Fails if objects are unequal after converting them to real numbers.</doc>
<status status="PASS" start="2024-05-26T17:13:47.474126" elapsed="0.000609"/>
</kw>
<kw name="Log" owner="BuiltIn">
<msg time="2024-05-26T17:13:47.475409" level="INFO">200</msg>
<arg>${response.status_code}</arg>
<doc>Logs the given message with the given level.</doc>
<status status="PASS" start="2024-05-26T17:13:47.475067" elapsed="0.000391"/>
</kw>
<kw name="Set Variable" owner="BuiltIn">
<msg time="2024-05-26T17:13:47.476196" level="INFO">${json_data} = {'results': [{'gender': 'female', 'name': {'title': 'Mrs', 'first': 'Aria', 'last': 'Kumar'}, 'location': {'street': {'number': 7140, 'name': 'Wilson Road'}, 'city': 'Palmerston North', 'state': 'Mana...</msg>
<var>${json_data}</var>
<arg>${response.json()}</arg>
<doc>Returns the given values which can then be assigned to a variables.</doc>
<status status="PASS" start="2024-05-26T17:13:47.475769" elapsed="0.000455"/>
</kw>
<kw name="Dictionary Should Contain Key" owner="Collections">
<msg time="2024-05-26T17:13:47.476694" level="INFO">False</msg>
<arg>${json_data}</arg>
<arg>results</arg>
<doc>Fails if ``key`` is not found from ``dictionary``.</doc>
<status status="PASS" start="2024-05-26T17:13:47.476522" elapsed="0.000371"/>
</kw>
<status status="PASS" start="2024-05-26T17:13:46.896484" elapsed="0.580675"/>
</kw>
<doc>Testa se a API responde corretamente e retorna um objeto JSON válido.</doc>
<tag>testeRequisicaoBasica</tag>
<status status="PASS" start="2024-05-26T17:13:46.895974" elapsed="0.581368"/>
</test>
<test id="s1-s1-t3" name="Validar estrutura de resposta" line="22">
<kw name="Teste de Estrutura de Resposta" owner="random-user-service">
<kw name="GET On Session" owner="RequestsLibrary">
<msg time="2024-05-26T17:13:47.560298" level="INFO">GET Request : url=https://randomuser.me/api 
 path_url=/api 
 headers={'User-Agent': 'python-requests/2.32.2', 'Accept-Encoding': 'gzip, deflate', 'Accept': '*/*', 'Connection': 'keep-alive'} 
 body=None 
 </msg>
<msg time="2024-05-26T17:13:47.560402" level="INFO">GET Response : url=https://randomuser.me/api 
 status=200, reason=OK 
 headers={'Date': 'Sun, 26 May 2024 17:13:47 GMT', 'Content-Type': 'application/json; charset=utf-8', 'Transfer-Encoding': 'chunked', 'Connection': 'keep-alive', 'X-Powered-By': 'Express', 'Access-Control-Allow-Origin': '*', 'Cache-Control': 'no-cache', 'ETag': 'W/"4a2-kb3UJrnlpe6NejWxeg3MBDbbldo"', 'Vary': 'Accept-Encoding', 'Content-Encoding': 'gzip', 'CF-Cache-Status': 'DYNAMIC', 'Report-To': '{"endpoints":[{"url":"https:\\/\\/a.nel.cloudflare.com\\/report\\/v4?s=7dxVvWzSZUywibcQQR%2FTk5Sg%2BeOYxJQwsVaGBUnueZrBBIXpdR3bBIbkJBqXAq%2BkYVjl4ZyeBsYIpaqwrLO3ErQoX7Lr6XZzG5x6wzE9Ymh3021CA1FJb%2Bzo1T8VcbQY"}],"group":"cf-nel","max_age":604800}', 'NEL': '{"success_fraction":0,"report_to":"cf-nel","max_age":604800}', 'Server': 'cloudflare', 'CF-RAY': '889f65d7c9eb1769-IAD', 'alt-svc': 'h3=":443"; ma=86400'} 
 body={"results":[{"gender":"male","name":{"title":"Mr","first":"Mahé","last":"Lemaire"},"location":{"street":{"number":7446,"name":"Rue Cyrus-Hugues"},"city":"Tourcoing","state":"Aveyron","country":"France","postcode":10460,"coordinates":{"latitude":"-19.8967","longitude":"-163.7750"},"timezone":{"offset":"+5:00","description":"Ekaterinburg, Islamabad, Karachi, Tashkent"}},"email":"mahe.lemaire@example.com","login":{"uuid":"98ab7e10-35ec-4e7b-8a7a-e2a4431c572a","username":"heavymouse936","password":"phialpha","salt":"mx5V5CSb","md5":"910f74a327f64d9ba49398c0b8df2605","sha1":"e81472c9da572df9aba9d72af8682bd636bffe5e","sha256":"3c45382b792eb21da290646d732d24fc62bb0ee836e0a203f00e34f504abf3cc"},"dob":{"date":"1955-03-19T03:22:04.212Z","age":69},"registered":{"date":"2015-01-04T21:47:36.372Z","age":9},"phone":"02-10-73-41-68","cell":"06-09-49-40-77","id":{"name":"INSEE","value":"1550205989212 56"},"picture":{"large":"https://randomuser.me/api/portraits/men/26.jpg","medium":"https://randomuser.me/api/portraits/med/men/26.jpg","thumbnail":"https://randomuser.me/api/portraits/thumb/men/26.jpg"},"nat":"FR"}],"info":{"seed":"158bfd3ff8a7fb93","results":1,"page":1,"version":"1.4"}} 
 </msg>
<msg time="2024-05-26T17:13:47.560540" level="INFO">/opt/hostedtoolcache/Python/3.12.3/x64/lib/python3.12/site-packages/urllib3/connectionpool.py:1103: InsecureRequestWarning: Unverified HTTPS request is being made to host 'randomuser.me'. Adding certificate verification is strongly advised. See: https://urllib3.readthedocs.io/en/latest/advanced-usage.html#tls-warnings
  warnings.warn(</msg>
<msg time="2024-05-26T17:13:47.560677" level="INFO">${response} = &lt;Response [200]&gt;</msg>
<var>${response}</var>
<arg>consultarAPI</arg>
<arg>/api</arg>
<doc>Sends a GET request on a previously created HTTP Session.</doc>
<status status="PASS" start="2024-05-26T17:13:47.479950" elapsed="0.080768"/>
</kw>
<kw name="Set Variable" owner="BuiltIn">
<msg time="2024-05-26T17:13:47.561954" level="INFO">${json_data} = {'results': [{'gender': 'male', 'name': {'title': 'Mr', 'first': 'Mahé', 'last': 'Lemaire'}, 'location': {'street': {'number': 7446, 'name': 'Rue Cyrus-Hugues'}, 'city': 'Tourcoing', 'state': 'Aveyron...</msg>
<var>${json_data}</var>
<arg>${response.json()}</arg>
<doc>Returns the given values which can then be assigned to a variables.</doc>
<status status="PASS" start="2024-05-26T17:13:47.561358" elapsed="0.000626"/>
</kw>
<kw name="Log" owner="BuiltIn">
<msg time="2024-05-26T17:13:47.562486" level="INFO">{'results': [{'gender': 'male', 'name': {'title': 'Mr', 'first': 'Mahé', 'last': 'Lemaire'}, 'location': {'street': {'number': 7446, 'name': 'Rue Cyrus-Hugues'}, 'city': 'Tourcoing', 'state': 'Aveyron', 'country': 'France', 'postcode': 10460, 'coordinates': {'latitude': '-19.8967', 'longitude': '-163.7750'}, 'timezone': {'offset': '+5:00', 'description': 'Ekaterinburg, Islamabad, Karachi, Tashkent'}}, 'email': 'mahe.lemaire@example.com', 'login': {'uuid': '98ab7e10-35ec-4e7b-8a7a-e2a4431c572a', 'username': 'heavymouse936', 'password': 'phialpha', 'salt': 'mx5V5CSb', 'md5': '910f74a327f64d9ba49398c0b8df2605', 'sha1': 'e81472c9da572df9aba9d72af8682bd636bffe5e', 'sha256': '3c45382b792eb21da290646d732d24fc62bb0ee836e0a203f00e34f504abf3cc'}, 'dob': {'date': '1955-03-19T03:22:04.212Z', 'age': 69}, 'registered': {'date': '2015-01-04T21:47:36.372Z', 'age': 9}, 'phone': '02-10-73-41-68', 'cell': '06-09-49-40-77', 'id': {'name': 'INSEE', 'value': '1550205989212 56'}, 'picture': {'large': 'https://randomuser.me/api/portraits/men/26.jpg', 'medium': 'https://randomuser.me/api/portraits/med/men/26.jpg', 'thumbnail': 'https://randomuser.me/api/portraits/thumb/men/26.jpg'}, 'nat': 'FR'}], 'info': {'seed': '158bfd3ff8a7fb93', 'results': 1, 'page': 1, 'version': '1.4'}}</msg>
<arg>${json_data}</arg>
<doc>Logs the given message with the given level.</doc>
<status status="PASS" start="2024-05-26T17:13:47.562308" elapsed="0.000229"/>
</kw>
<kw name="Dictionary Should Contain Key" owner="Collections">
<msg time="2024-05-26T17:13:47.563045" level="INFO">False</msg>
<arg>${json_data}</arg>
<arg>results</arg>
<doc>Fails if ``key`` is not found from ``dictionary``.</doc>
<status status="PASS" start="2024-05-26T17:13:47.562881" elapsed="0.000201"/>
</kw>
<kw name="Should Not Be Empty" owner="BuiltIn">
<msg time="2024-05-26T17:13:47.563535" level="INFO">Length is 2.</msg>
<arg>${json_data}</arg>
<doc>Verifies that the given item is not empty.</doc>
<status status="PASS" start="2024-05-26T17:13:47.563395" elapsed="0.000179"/>
</kw>
<kw name="Create List" owner="BuiltIn">
<msg time="2024-05-26T17:13:47.564028" level="INFO">${expected_keys} = ['gender', 'name', 'location', 'email', 'login']</msg>
<var>${expected_keys}</var>
<arg>gender</arg>
<arg>name</arg>
<arg>location</arg>
<arg>email</arg>
<arg>login</arg>
<doc>Returns a list containing given items.</doc>
<status status="PASS" start="2024-05-26T17:13:47.563874" elapsed="0.000178"/>
</kw>
<for flavor="IN">
<iter>
<kw name="Dictionary Should Contain Key" owner="Collections">
<msg time="2024-05-26T17:13:47.565092" level="INFO">False</msg>
<arg>${json_data['results'][0]}</arg>
<arg>${key}</arg>
<doc>Fails if ``key`` is not found from ``dictionary``.</doc>
<status status="PASS" start="2024-05-26T17:13:47.564659" elapsed="0.000482"/>
</kw>
<kw name="Log" owner="BuiltIn">
<msg time="2024-05-26T17:13:47.565810" level="INFO">{'gender': 'male', 'name': {'title': 'Mr', 'first': 'Mahé', 'last': 'Lemaire'}, 'location': {'street': {'number': 7446, 'name': 'Rue Cyrus-Hugues'}, 'city': 'Tourcoing', 'state': 'Aveyron', 'country': 'France', 'postcode': 10460, 'coordinates': {'latitude': '-19.8967', 'longitude': '-163.7750'}, 'timezone': {'offset': '+5:00', 'description': 'Ekaterinburg, Islamabad, Karachi, Tashkent'}}, 'email': 'mahe.lemaire@example.com', 'login': {'uuid': '98ab7e10-35ec-4e7b-8a7a-e2a4431c572a', 'username': 'heavymouse936', 'password': 'phialpha', 'salt': 'mx5V5CSb', 'md5': '910f74a327f64d9ba49398c0b8df2605', 'sha1': 'e81472c9da572df9aba9d72af8682bd636bffe5e', 'sha256': '3c45382b792eb21da290646d732d24fc62bb0ee836e0a203f00e34f504abf3cc'}, 'dob': {'date': '1955-03-19T03:22:04.212Z', 'age': 69}, 'registered': {'date': '2015-01-04T21:47:36.372Z', 'age': 9}, 'phone': '02-10-73-41-68', 'cell': '06-09-49-40-77', 'id': {'name': 'INSEE', 'value': '1550205989212 56'}, 'picture': {'large': 'https://randomuser.me/api/portraits/men/26.jpg', 'medium': 'https://randomuser.me/api/portraits/med/men/26.jpg', 'thumbnail': 'https://randomuser.me/api/portraits/thumb/men/26.jpg'}, 'nat': 'FR'}</msg>
<arg>${json_data['results'][0]}</arg>
<doc>Logs the given message with the given level.</doc>
<status status="PASS" start="2024-05-26T17:13:47.565448" elapsed="0.000422"/>
</kw>
<kw name="Log" owner="BuiltIn">
<msg time="2024-05-26T17:13:47.566299" level="INFO">gender</msg>
<arg>${key}</arg>
<doc>Logs the given message with the given level.</doc>
<status status="PASS" start="2024-05-26T17:13:47.566172" elapsed="0.000164"/>
</kw>
<var name="${key}">gender</var>
<status status="PASS" start="2024-05-26T17:13:47.564530" elapsed="0.002021"/>
</iter>
<iter>
<kw name="Dictionary Should Contain Key" owner="Collections">
<msg time="2024-05-26T17:13:47.567298" level="INFO">False</msg>
<arg>${json_data['results'][0]}</arg>
<arg>${key}</arg>
<doc>Fails if ``key`` is not found from ``dictionary``.</doc>
<status status="PASS" start="2024-05-26T17:13:47.566902" elapsed="0.000433"/>
</kw>
<kw name="Log" owner="BuiltIn">
<msg time="2024-05-26T17:13:47.568023" level="INFO">{'gender': 'male', 'name': {'title': 'Mr', 'first': 'Mahé', 'last': 'Lemaire'}, 'location': {'street': {'number': 7446, 'name': 'Rue Cyrus-Hugues'}, 'city': 'Tourcoing', 'state': 'Aveyron', 'country': 'France', 'postcode': 10460, 'coordinates': {'latitude': '-19.8967', 'longitude': '-163.7750'}, 'timezone': {'offset': '+5:00', 'description': 'Ekaterinburg, Islamabad, Karachi, Tashkent'}}, 'email': 'mahe.lemaire@example.com', 'login': {'uuid': '98ab7e10-35ec-4e7b-8a7a-e2a4431c572a', 'username': 'heavymouse936', 'password': 'phialpha', 'salt': 'mx5V5CSb', 'md5': '910f74a327f64d9ba49398c0b8df2605', 'sha1': 'e81472c9da572df9aba9d72af8682bd636bffe5e', 'sha256': '3c45382b792eb21da290646d732d24fc62bb0ee836e0a203f00e34f504abf3cc'}, 'dob': {'date': '1955-03-19T03:22:04.212Z', 'age': 69}, 'registered': {'date': '2015-01-04T21:47:36.372Z', 'age': 9}, 'phone': '02-10-73-41-68', 'cell': '06-09-49-40-77', 'id': {'name': 'INSEE', 'value': '1550205989212 56'}, 'picture': {'large': 'https://randomuser.me/api/portraits/men/26.jpg', 'medium': 'https://randomuser.me/api/portraits/med/men/26.jpg', 'thumbnail': 'https://randomuser.me/api/portraits/thumb/men/26.jpg'}, 'nat': 'FR'}</msg>
<arg>${json_data['results'][0]}</arg>
<doc>Logs the given message with the given level.</doc>
<status status="PASS" start="2024-05-26T17:13:47.567663" elapsed="0.000410"/>
</kw>
<kw name="Log" owner="BuiltIn">
<msg time="2024-05-26T17:13:47.568503" level="INFO">name</msg>
<arg>${key}</arg>
<doc>Logs the given message with the given level.</doc>
<status status="PASS" start="2024-05-26T17:13:47.568379" elapsed="0.000161"/>
</kw>
<var name="${key}">name</var>
<status status="PASS" start="2024-05-26T17:13:47.566782" elapsed="0.001981"/>
</iter>
<iter>
<kw name="Dictionary Should Contain Key" owner="Collections">
<msg time="2024-05-26T17:13:47.569446" level="INFO">False</msg>
<arg>${json_data['results'][0]}</arg>
<arg>${key}</arg>
<doc>Fails if ``key`` is not found from ``dictionary``.</doc>
<status status="PASS" start="2024-05-26T17:13:47.569062" elapsed="0.000421"/>
</kw>
<kw name="Log" owner="BuiltIn">
<msg time="2024-05-26T17:13:47.570149" level="INFO">{'gender': 'male', 'name': {'title': 'Mr', 'first': 'Mahé', 'last': 'Lemaire'}, 'location': {'street': {'number': 7446, 'name': 'Rue Cyrus-Hugues'}, 'city': 'Tourcoing', 'state': 'Aveyron', 'country': 'France', 'postcode': 10460, 'coordinates': {'latitude': '-19.8967', 'longitude': '-163.7750'}, 'timezone': {'offset': '+5:00', 'description': 'Ekaterinburg, Islamabad, Karachi, Tashkent'}}, 'email': 'mahe.lemaire@example.com', 'login': {'uuid': '98ab7e10-35ec-4e7b-8a7a-e2a4431c572a', 'username': 'heavymouse936', 'password': 'phialpha', 'salt': 'mx5V5CSb', 'md5': '910f74a327f64d9ba49398c0b8df2605', 'sha1': 'e81472c9da572df9aba9d72af8682bd636bffe5e', 'sha256': '3c45382b792eb21da290646d732d24fc62bb0ee836e0a203f00e34f504abf3cc'}, 'dob': {'date': '1955-03-19T03:22:04.212Z', 'age': 69}, 'registered': {'date': '2015-01-04T21:47:36.372Z', 'age': 9}, 'phone': '02-10-73-41-68', 'cell': '06-09-49-40-77', 'id': {'name': 'INSEE', 'value': '1550205989212 56'}, 'picture': {'large': 'https://randomuser.me/api/portraits/men/26.jpg', 'medium': 'https://randomuser.me/api/portraits/med/men/26.jpg', 'thumbnail': 'https://randomuser.me/api/portraits/thumb/men/26.jpg'}, 'nat': 'FR'}</msg>
<arg>${json_data['results'][0]}</arg>
<doc>Logs the given message with the given level.</doc>
<status status="PASS" start="2024-05-26T17:13:47.569786" elapsed="0.000423"/>
</kw>
<kw name="Log" owner="BuiltIn">
<msg time="2024-05-26T17:13:47.570627" level="INFO">location</msg>
<arg>${key}</arg>
<doc>Logs the given message with the given level.</doc>
<status status="PASS" start="2024-05-26T17:13:47.570505" elapsed="0.000159"/>
</kw>
<var name="${key}">location</var>
<status status="PASS" start="2024-05-26T17:13:47.568950" elapsed="0.001986"/>
</iter>
<iter>
<kw name="Dictionary Should Contain Key" owner="Collections">
<msg time="2024-05-26T17:13:47.571727" level="INFO">False</msg>
<arg>${json_data['results'][0]}</arg>
<arg>${key}</arg>
<doc>Fails if ``key`` is not found from ``dictionary``.</doc>
<status status="PASS" start="2024-05-26T17:13:47.571221" elapsed="0.000543"/>
</kw>
<kw name="Log" owner="BuiltIn">
<msg time="2024-05-26T17:13:47.572419" level="INFO">{'gender': 'male', 'name': {'title': 'Mr', 'first': 'Mahé', 'last': 'Lemaire'}, 'location': {'street': {'number': 7446, 'name': 'Rue Cyrus-Hugues'}, 'city': 'Tourcoing', 'state': 'Aveyron', 'country': 'France', 'postcode': 10460, 'coordinates': {'latitude': '-19.8967', 'longitude': '-163.7750'}, 'timezone': {'offset': '+5:00', 'description': 'Ekaterinburg, Islamabad, Karachi, Tashkent'}}, 'email': 'mahe.lemaire@example.com', 'login': {'uuid': '98ab7e10-35ec-4e7b-8a7a-e2a4431c572a', 'username': 'heavymouse936', 'password': 'phialpha', 'salt': 'mx5V5CSb', 'md5': '910f74a327f64d9ba49398c0b8df2605', 'sha1': 'e81472c9da572df9aba9d72af8682bd636bffe5e', 'sha256': '3c45382b792eb21da290646d732d24fc62bb0ee836e0a203f00e34f504abf3cc'}, 'dob': {'date': '1955-03-19T03:22:04.212Z', 'age': 69}, 'registered': {'date': '2015-01-04T21:47:36.372Z', 'age': 9}, 'phone': '02-10-73-41-68', 'cell': '06-09-49-40-77', 'id': {'name': 'INSEE', 'value': '1550205989212 56'}, 'picture': {'large': 'https://randomuser.me/api/portraits/men/26.jpg', 'medium': 'https://randomuser.me/api/portraits/med/men/26.jpg', 'thumbnail': 'https://randomuser.me/api/portraits/thumb/men/26.jpg'}, 'nat': 'FR'}</msg>
<arg>${json_data['results'][0]}</arg>
<doc>Logs the given message with the given level.</doc>
<status status="PASS" start="2024-05-26T17:13:47.572062" elapsed="0.000413"/>
</kw>
<kw name="Log" owner="BuiltIn">
<msg time="2024-05-26T17:13:47.572900" level="INFO">email</msg>
<arg>${key}</arg>
<doc>Logs the given message with the given level.</doc>
<status status="PASS" start="2024-05-26T17:13:47.572771" elapsed="0.000167"/>
</kw>
<var name="${key}">email</var>
<status status="PASS" start="2024-05-26T17:13:47.571110" elapsed="0.002044"/>
</iter>
<iter>
<kw name="Dictionary Should Contain Key" owner="Collections">
<msg time="2024-05-26T17:13:47.573811" level="INFO">False</msg>
<arg>${json_data['results'][0]}</arg>
<arg>${key}</arg>
<doc>Fails if ``key`` is not found from ``dictionary``.</doc>
<status status="PASS" start="2024-05-26T17:13:47.573438" elapsed="0.000422"/>
</kw>
<kw name="Log" owner="BuiltIn">
<msg time="2024-05-26T17:13:47.574516" level="INFO">{'gender': 'male', 'name': {'title': 'Mr', 'first': 'Mahé', 'last': 'Lemaire'}, 'location': {'street': {'number': 7446, 'name': 'Rue Cyrus-Hugues'}, 'city': 'Tourcoing', 'state': 'Aveyron', 'country': 'France', 'postcode': 10460, 'coordinates': {'latitude': '-19.8967', 'longitude': '-163.7750'}, 'timezone': {'offset': '+5:00', 'description': 'Ekaterinburg, Islamabad, Karachi, Tashkent'}}, 'email': 'mahe.lemaire@example.com', 'login': {'uuid': '98ab7e10-35ec-4e7b-8a7a-e2a4431c572a', 'username': 'heavymouse936', 'password': 'phialpha', 'salt': 'mx5V5CSb', 'md5': '910f74a327f64d9ba49398c0b8df2605', 'sha1': 'e81472c9da572df9aba9d72af8682bd636bffe5e', 'sha256': '3c45382b792eb21da290646d732d24fc62bb0ee836e0a203f00e34f504abf3cc'}, 'dob': {'date': '1955-03-19T03:22:04.212Z', 'age': 69}, 'registered': {'date': '2015-01-04T21:47:36.372Z', 'age': 9}, 'phone': '02-10-73-41-68', 'cell': '06-09-49-40-77', 'id': {'name': 'INSEE', 'value': '1550205989212 56'}, 'picture': {'large': 'https://randomuser.me/api/portraits/men/26.jpg', 'medium': 'https://randomuser.me/api/portraits/med/men/26.jpg', 'thumbnail': 'https://randomuser.me/api/portraits/thumb/men/26.jpg'}, 'nat': 'FR'}</msg>
<arg>${json_data['results'][0]}</arg>
<doc>Logs the given message with the given level.</doc>
<status status="PASS" start="2024-05-26T17:13:47.574156" elapsed="0.000408"/>
</kw>
<kw name="Log" owner="BuiltIn">
<msg time="2024-05-26T17:13:47.575027" level="INFO">login</msg>
<arg>${key}</arg>
<doc>Logs the given message with the given level.</doc>
<status status="PASS" start="2024-05-26T17:13:47.574895" elapsed="0.000202"/>
</kw>
<var name="${key}">login</var>
<status status="PASS" start="2024-05-26T17:13:47.573326" elapsed="0.001995"/>
</iter>
<var>${key}</var>
<value>@{expected_keys}</value>
<status status="PASS" start="2024-05-26T17:13:47.564318" elapsed="0.011125"/>
</for>
<kw name="Create List" owner="BuiltIn">
<msg time="2024-05-26T17:13:47.575788" level="INFO">${expected_keysTwo} = ['username', 'password']</msg>
<var>${expected_keysTwo}</var>
<arg>username</arg>
<arg>password</arg>
<doc>Returns a list containing given items.</doc>
<status status="PASS" start="2024-05-26T17:13:47.575647" elapsed="0.000165"/>
</kw>
<for flavor="IN">
<iter>
<kw name="Dictionary Should Contain Key" owner="Collections">
<msg time="2024-05-26T17:13:47.576700" level="INFO">False</msg>
<arg>${json_data['results'][0]['login']}</arg>
<arg>${keyTwo}</arg>
<doc>Fails if ``key`` is not found from ``dictionary``.</doc>
<status status="PASS" start="2024-05-26T17:13:47.576321" elapsed="0.000415"/>
</kw>
<kw name="Dictionary Should Contain Key" owner="Collections">
<msg time="2024-05-26T17:13:47.577418" level="INFO">False</msg>
<arg>${json_data['results'][0]['login']}</arg>
<arg>${keyTwo}</arg>
<doc>Fails if ``key`` is not found from ``dictionary``.</doc>
<status status="PASS" start="2024-05-26T17:13:47.577034" elapsed="0.000420"/>
</kw>
<kw name="Log" owner="BuiltIn">
<msg time="2024-05-26T17:13:47.577869" level="INFO">username</msg>
<arg>${keyTwo}</arg>
<doc>Logs the given message with the given level.</doc>
<status status="PASS" start="2024-05-26T17:13:47.577745" elapsed="0.000163"/>
</kw>
<var name="${keyTwo}">username</var>
<status status="PASS" start="2024-05-26T17:13:47.576214" elapsed="0.001908"/>
</iter>
<iter>
<kw name="Dictionary Should Contain Key" owner="Collections">
<msg time="2024-05-26T17:13:47.578826" level="INFO">False</msg>
<arg>${json_data['results'][0]['login']}</arg>
<arg>${keyTwo}</arg>
<doc>Fails if ``key`` is not found from ``dictionary``.</doc>
<status status="PASS" start="2024-05-26T17:13:47.578400" elapsed="0.000464"/>
</kw>
<kw name="Dictionary Should Contain Key" owner="Collections">
<msg time="2024-05-26T17:13:47.579539" level="INFO">False</msg>
<arg>${json_data['results'][0]['login']}</arg>
<arg>${keyTwo}</arg>
<doc>Fails if ``key`` is not found from ``dictionary``.</doc>
<status status="PASS" start="2024-05-26T17:13:47.579161" elapsed="0.000414"/>
</kw>
<kw name="Log" owner="BuiltIn">
<msg time="2024-05-26T17:13:47.579999" level="INFO">password</msg>
<arg>${keyTwo}</arg>
<doc>Logs the given message with the given level.</doc>
<status status="PASS" start="2024-05-26T17:13:47.579873" elapsed="0.000162"/>
</kw>
<var name="${keyTwo}">password</var>
<status status="PASS" start="2024-05-26T17:13:47.578293" elapsed="0.001957"/>
</iter>
<var>${keyTwo}</var>
<value>@{expected_keysTwo}</value>
<status status="PASS" start="2024-05-26T17:13:47.576059" elapsed="0.004312"/>
</for>
<status status="PASS" start="2024-05-26T17:13:47.479698" elapsed="0.100818"/>
</kw>
<doc>Testa a estrutura da resposta da API.</doc>
<tag>testeEstruturaResposta</tag>
<status status="PASS" start="2024-05-26T17:13:47.479194" elapsed="0.101485"/>
</test>
<test id="s1-s1-t4" name="Validar tipos de dados" line="28">
<kw name="Teste de Tipos de Dados" owner="random-user-service">
<kw name="GET On Session" owner="RequestsLibrary">
<msg time="2024-05-26T17:13:47.629386" level="INFO">GET Request : url=https://randomuser.me/api 
 path_url=/api 
 headers={'User-Agent': 'python-requests/2.32.2', 'Accept-Encoding': 'gzip, deflate', 'Accept': '*/*', 'Connection': 'keep-alive'} 
 body=None 
 </msg>
<msg time="2024-05-26T17:13:47.629485" level="INFO">GET Response : url=https://randomuser.me/api 
 status=200, reason=OK 
 headers={'Date': 'Sun, 26 May 2024 17:13:47 GMT', 'Content-Type': 'application/json; charset=utf-8', 'Transfer-Encoding': 'chunked', 'Connection': 'keep-alive', 'X-Powered-By': 'Express', 'Access-Control-Allow-Origin': '*', 'Cache-Control': 'no-cache', 'ETag': 'W/"472-xEQyIxSpxu0yE1T57jNht6Wl0TA"', 'Vary': 'Accept-Encoding', 'Content-Encoding': 'gzip', 'CF-Cache-Status': 'DYNAMIC', 'Report-To': '{"endpoints":[{"url":"https:\\/\\/a.nel.cloudflare.com\\/report\\/v4?s=CGxAZNF%2ByBZe%2BYapVO97J8LaCLRsr29r56oOKJNup%2FC1IjIAs%2F7Ac9etU%2BBGIf1PS74gxbQfmSQvmWNlCauBvHJiKXCQqW851QVjqhZipW%2B0YcI1%2BKgRYhtngjn7G8h1"}],"group":"cf-nel","max_age":604800}', 'NEL': '{"success_fraction":0,"report_to":"cf-nel","max_age":604800}', 'Server': 'cloudflare', 'CF-RAY': '889f65d86a5a1769-IAD', 'alt-svc': 'h3=":443"; ma=86400'} 
 body={"results":[{"gender":"female","name":{"title":"Mrs","first":"Özsu","last":"Adan"},"location":{"street":{"number":4772,"name":"Vatan Cd"},"city":"Bayburt","state":"Niğde","country":"Turkey","postcode":61852,"coordinates":{"latitude":"65.4343","longitude":"179.1935"},"timezone":{"offset":"-8:00","description":"Pacific Time (US &amp; Canada)"}},"email":"ozsu.adan@example.com","login":{"uuid":"d0a27fda-93b5-4559-9814-e7c98b28a7ae","username":"crazyswan546","password":"allsop","salt":"oTwwwM3I","md5":"29dff96b5fc91c5f6d16cc7a506c024e","sha1":"906c087f4402b018526559fdb0a3e02256af09b8","sha256":"5a0e385e2aeedc0308b3177ecee50e8f3afd77d4ce1ccb0eba1f4ec9e0286117"},"dob":{"date":"1987-05-18T22:16:30.297Z","age":37},"registered":{"date":"2014-08-01T13:48:49.302Z","age":9},"phone":"(615)-646-9965","cell":"(554)-681-4274","id":{"name":"","value":null},"picture":{"large":"https://randomuser.me/api/portraits/women/52.jpg","medium":"https://randomuser.me/api/portraits/med/women/52.jpg","thumbnail":"https://randomuser.me/api/portraits/thumb/women/52.jpg"},"nat":"TR"}],"info":{"seed":"d94e1eb23d43f953","results":1,"page":1,"version":"1.4"}} 
 </msg>
<msg time="2024-05-26T17:13:47.629566" level="INFO">/opt/hostedtoolcache/Python/3.12.3/x64/lib/python3.12/site-packages/urllib3/connectionpool.py:1103: InsecureRequestWarning: Unverified HTTPS request is being made to host 'randomuser.me'. Adding certificate verification is strongly advised. See: https://urllib3.readthedocs.io/en/latest/advanced-usage.html#tls-warnings
  warnings.warn(</msg>
<msg time="2024-05-26T17:13:47.629690" level="INFO">${response} = &lt;Response [200]&gt;</msg>
<var>${response}</var>
<arg>consultarAPI</arg>
<arg>/api</arg>
<doc>Sends a GET request on a previously created HTTP Session.</doc>
<status status="PASS" start="2024-05-26T17:13:47.583252" elapsed="0.046479"/>
</kw>
<kw name="Set Variable" owner="BuiltIn">
<msg time="2024-05-26T17:13:47.630791" level="INFO">${json_data} = {'results': [{'gender': 'female', 'name': {'title': 'Mrs', 'first': 'Özsu', 'last': 'Adan'}, 'location': {'street': {'number': 4772, 'name': 'Vatan Cd'}, 'city': 'Bayburt', 'state': 'Niğde', 'country'...</msg>
<var>${json_data}</var>
<arg>${response.json()}</arg>
<doc>Returns the given values which can then be assigned to a variables.</doc>
<status status="PASS" start="2024-05-26T17:13:47.630243" elapsed="0.000580"/>
</kw>
<kw name="Log" owner="BuiltIn">
<msg time="2024-05-26T17:13:47.631308" level="INFO">{'results': [{'gender': 'female', 'name': {'title': 'Mrs', 'first': 'Özsu', 'last': 'Adan'}, 'location': {'street': {'number': 4772, 'name': 'Vatan Cd'}, 'city': 'Bayburt', 'state': 'Niğde', 'country': 'Turkey', 'postcode': 61852, 'coordinates': {'latitude': '65.4343', 'longitude': '179.1935'}, 'timezone': {'offset': '-8:00', 'description': 'Pacific Time (US &amp; Canada)'}}, 'email': 'ozsu.adan@example.com', 'login': {'uuid': 'd0a27fda-93b5-4559-9814-e7c98b28a7ae', 'username': 'crazyswan546', 'password': 'allsop', 'salt': 'oTwwwM3I', 'md5': '29dff96b5fc91c5f6d16cc7a506c024e', 'sha1': '906c087f4402b018526559fdb0a3e02256af09b8', 'sha256': '5a0e385e2aeedc0308b3177ecee50e8f3afd77d4ce1ccb0eba1f4ec9e0286117'}, 'dob': {'date': '1987-05-18T22:16:30.297Z', 'age': 37}, 'registered': {'date': '2014-08-01T13:48:49.302Z', 'age': 9}, 'phone': '(615)-646-9965', 'cell': '(554)-681-4274', 'id': {'name': '', 'value': None}, 'picture': {'large': 'https://randomuser.me/api/portraits/women/52.jpg', 'medium': 'https://randomuser.me/api/portraits/med/women/52.jpg', 'thumbnail': 'https://randomuser.me/api/portraits/thumb/women/52.jpg'}, 'nat': 'TR'}], 'info': {'seed': 'd94e1eb23d43f953', 'results': 1, 'page': 1, 'version': '1.4'}}</msg>
<arg>${json_data}</arg>
<doc>Logs the given message with the given level.</doc>
<status status="PASS" start="2024-05-26T17:13:47.631146" elapsed="0.000262"/>
</kw>
<kw name="Should Be String" owner="String">
<arg>${json_data['results'][0]['gender']}</arg>
<doc>Fails if the given ``item`` is not a string.</doc>
<status status="PASS" start="2024-05-26T17:13:47.631713" elapsed="0.000369"/>
</kw>
<kw name="Should Match Regexp" owner="BuiltIn">
<arg>${json_data['results'][0]['email']}</arg>
<arg>^[a-zA-Z0-9._%+-]+@[a-zA-Z0-9.-]+\.[a-zA-Z]{2,}$</arg>
<doc>Fails if ``string`` does not match ``pattern`` as a regular expression.</doc>
<status status="PASS" start="2024-05-26T17:13:47.632278" elapsed="0.000658"/>
</kw>
<kw name="Should Match Regexp" owner="BuiltIn">
<arg>${json_data['results'][0]['dob']['date']}</arg>
<arg>\\d{4}-\\d{2}-\\d{2}T\\d{2}:\\d{2}:\\d{2}\\.\\d{3}Z</arg>
<doc>Fails if ``string`` does not match ``pattern`` as a regular expression.</doc>
<status status="PASS" start="2024-05-26T17:13:47.633137" elapsed="0.000486"/>
</kw>
<kw name="Should Match Regexp" owner="BuiltIn">
<arg>${json_data['results'][0]['registered']['date']}</arg>
<arg>\\d{4}-\\d{2}-\\d{2}T\\d{2}:\\d{2}:\\d{2}\\.\\d{3}Z</arg>
<doc>Fails if ``string`` does not match ``pattern`` as a regular expression.</doc>
<status status="PASS" start="2024-05-26T17:13:47.633822" elapsed="0.000368"/>
</kw>
<kw name="Should Match Regexp" owner="BuiltIn">
<arg>${json_data['results'][0]['picture']['large']}</arg>
<arg>^https?://.*\.(?:png|jpe?g|gif|bmp)$</arg>
<doc>Fails if ``string`` does not match ``pattern`` as a regular expression.</doc>
<status status="PASS" start="2024-05-26T17:13:47.634380" elapsed="0.000485"/>
</kw>
<kw name="Should Match Regexp" owner="BuiltIn">
<arg>${json_data['results'][0]['picture']['medium']}</arg>
<arg>^https?://.*\.(?:png|jpe?g|gif|bmp)$</arg>
<doc>Fails if ``string`` does not match ``pattern`` as a regular expression.</doc>
<status status="PASS" start="2024-05-26T17:13:47.635062" elapsed="0.000349"/>
</kw>
<kw name="Should Match Regexp" owner="BuiltIn">
<arg>${json_data['results'][0]['picture']['thumbnail']}</arg>
<arg>^https?://.*\.(?:png|jpe?g|gif|bmp)$</arg>
<doc>Fails if ``string`` does not match ``pattern`` as a regular expression.</doc>
<status status="PASS" start="2024-05-26T17:13:47.635602" elapsed="0.000350"/>
</kw>
<kw name="Log" owner="BuiltIn">
<msg time="2024-05-26T17:13:47.636454" level="INFO">{'large': 'https://randomuser.me/api/portraits/women/52.jpg', 'medium': 'https://randomuser.me/api/portraits/med/women/52.jpg', 'thumbnail': 'https://randomuser.me/api/portraits/thumb/women/52.jpg'}</msg>
<arg>${json_data['results'][0]['picture']}</arg>
<doc>Logs the given message with the given level.</doc>
<status status="PASS" start="2024-05-26T17:13:47.636134" elapsed="0.000362"/>
</kw>
<status status="PASS" start="2024-05-26T17:13:47.583008" elapsed="0.053746"/>
</kw>
<kw name="Teste de Tipos de Dados - Postcode" owner="random-user-service">
<kw name="GET On Session" owner="RequestsLibrary">
<msg time="2024-05-26T17:13:47.717698" level="INFO">GET Request : url=https://randomuser.me/api 
 path_url=/api 
 headers={'User-Agent': 'python-requests/2.32.2', 'Accept-Encoding': 'gzip, deflate', 'Accept': '*/*', 'Connection': 'keep-alive'} 
 body=None 
 </msg>
<msg time="2024-05-26T17:13:47.717796" level="INFO">GET Response : url=https://randomuser.me/api 
 status=200, reason=OK 
 headers={'Date': 'Sun, 26 May 2024 17:13:47 GMT', 'Content-Type': 'application/json; charset=utf-8', 'Transfer-Encoding': 'chunked', 'Connection': 'keep-alive', 'X-Powered-By': 'Express', 'Access-Control-Allow-Origin': '*', 'Cache-Control': 'no-cache', 'ETag': 'W/"490-NYqE/xMkoPRoTrmGvX6WGlI6igg"', 'Vary': 'Accept-Encoding', 'Content-Encoding': 'gzip', 'CF-Cache-Status': 'DYNAMIC', 'Report-To': '{"endpoints":[{"url":"https:\\/\\/a.nel.cloudflare.com\\/report\\/v4?s=GaIL4AE5A%2Fd%2FlDGuZZ778B3QFTaXzxarwqvoHQNSeJznNspuUWh3hSUUtQPU6i8%2BdA0lS3YwYPhStqo8C%2Fg7QNI6ndDFmLfloLZGBPk7JS4pp51aKbKqyeWuVkgymqfs"}],"group":"cf-nel","max_age":604800}', 'NEL': '{"success_fraction":0,"report_to":"cf-nel","max_age":604800}', 'Server': 'cloudflare', 'CF-RAY': '889f65d8ba8e1769-IAD', 'alt-svc': 'h3=":443"; ma=86400'} 
 body={"results":[{"gender":"female","name":{"title":"Mrs","first":"Danka","last":"Živković"},"location":{"street":{"number":3355,"name":"Zlatnih Vezilja"},"city":"Preševo","state":"Pirot","country":"Serbia","postcode":36175,"coordinates":{"latitude":"59.6509","longitude":"126.7298"},"timezone":{"offset":"-8:00","description":"Pacific Time (US &amp; Canada)"}},"email":"danka.zivkovic@example.com","login":{"uuid":"2f525fa8-4709-4716-8950-ebe930e83c2e","username":"beautifulswan742","password":"eternity","salt":"DbMEgzVL","md5":"ad892dbd5e5296cd3a19b415a7722f16","sha1":"42d7a3597c2597dd1c9c53c9b2aaea4f9419be56","sha256":"f7db732c3635960accb937005785642dbb0527773917ebe96ec6d1088563faa8"},"dob":{"date":"1996-01-11T15:05:19.437Z","age":28},"registered":{"date":"2014-10-11T00:29:40.541Z","age":9},"phone":"019-5271-931","cell":"064-8205-921","id":{"name":"SID","value":"672023205"},"picture":{"large":"https://randomuser.me/api/portraits/women/19.jpg","medium":"https://randomuser.me/api/portraits/med/women/19.jpg","thumbnail":"https://randomuser.me/api/portraits/thumb/women/19.jpg"},"nat":"RS"}],"info":{"seed":"dab3ff4b6798db8f","results":1,"page":1,"version":"1.4"}} 
 </msg>
<msg time="2024-05-26T17:13:47.717881" level="INFO">/opt/hostedtoolcache/Python/3.12.3/x64/lib/python3.12/site-packages/urllib3/connectionpool.py:1103: InsecureRequestWarning: Unverified HTTPS request is being made to host 'randomuser.me'. Adding certificate verification is strongly advised. See: https://urllib3.readthedocs.io/en/latest/advanced-usage.html#tls-warnings
  warnings.warn(</msg>
<msg time="2024-05-26T17:13:47.718005" level="INFO">${response} = &lt;Response [200]&gt;</msg>
<var>${response}</var>
<arg>consultarAPI</arg>
<arg>/api</arg>
<doc>Sends a GET request on a previously created HTTP Session.</doc>
<status status="PASS" start="2024-05-26T17:13:47.637218" elapsed="0.080812"/>
</kw>
<kw name="Set Variable" owner="BuiltIn">
<msg time="2024-05-26T17:13:47.719137" level="INFO">${json_data} = {'results': [{'gender': 'female', 'name': {'title': 'Mrs', 'first': 'Danka', 'last': 'Živković'}, 'location': {'street': {'number': 3355, 'name': 'Zlatnih Vezilja'}, 'city': 'Preševo', 'state': 'Pirot...</msg>
<var>${json_data}</var>
<arg>${response.json()}</arg>
<doc>Returns the given values which can then be assigned to a variables.</doc>
<status status="PASS" start="2024-05-26T17:13:47.718580" elapsed="0.000587"/>
</kw>
<kw name="Log" owner="BuiltIn">
<msg time="2024-05-26T17:13:47.719652" level="INFO">{'results': [{'gender': 'female', 'name': {'title': 'Mrs', 'first': 'Danka', 'last': 'Živković'}, 'location': {'street': {'number': 3355, 'name': 'Zlatnih Vezilja'}, 'city': 'Preševo', 'state': 'Pirot', 'country': 'Serbia', 'postcode': 36175, 'coordinates': {'latitude': '59.6509', 'longitude': '126.7298'}, 'timezone': {'offset': '-8:00', 'description': 'Pacific Time (US &amp; Canada)'}}, 'email': 'danka.zivkovic@example.com', 'login': {'uuid': '2f525fa8-4709-4716-8950-ebe930e83c2e', 'username': 'beautifulswan742', 'password': 'eternity', 'salt': 'DbMEgzVL', 'md5': 'ad892dbd5e5296cd3a19b415a7722f16', 'sha1': '42d7a3597c2597dd1c9c53c9b2aaea4f9419be56', 'sha256': 'f7db732c3635960accb937005785642dbb0527773917ebe96ec6d1088563faa8'}, 'dob': {'date': '1996-01-11T15:05:19.437Z', 'age': 28}, 'registered': {'date': '2014-10-11T00:29:40.541Z', 'age': 9}, 'phone': '019-5271-931', 'cell': '064-8205-921', 'id': {'name': 'SID', 'value': '672023205'}, 'picture': {'large': 'https://randomuser.me/api/portraits/women/19.jpg', 'medium': 'https://randomuser.me/api/portraits/med/women/19.jpg', 'thumbnail': 'https://randomuser.me/api/portraits/thumb/women/19.jpg'}, 'nat': 'RS'}], 'info': {'seed': 'dab3ff4b6798db8f', 'results': 1, 'page': 1, 'version': '1.4'}}</msg>
<arg>${json_data}</arg>
<doc>Logs the given message with the given level.</doc>
<status status="PASS" start="2024-05-26T17:13:47.719491" elapsed="0.000249"/>
</kw>
<kw name="Should Be Equal As Numbers" owner="BuiltIn">
<arg>${json_data['results'][0]['location']['postcode']}</arg>
<arg>${json_data['results'][0]['location']['postcode']}</arg>
<doc>Fails if objects are unequal after converting them to real numbers.</doc>
<status status="PASS" start="2024-05-26T17:13:47.720045" elapsed="0.000624"/>
</kw>
<kw name="Log" owner="BuiltIn">
<msg time="2024-05-26T17:13:47.721200" level="INFO">36175</msg>
<arg>${json_data['results'][0]['location']['postcode']}</arg>
<doc>Logs the given message with the given level.</doc>
<status status="PASS" start="2024-05-26T17:13:47.720867" elapsed="0.000372"/>
</kw>
<status status="PASS" start="2024-05-26T17:13:47.636982" elapsed="0.084516"/>
</kw>
<doc>Testa se os tipos de dados na resposta da API estão corretos.</doc>
<tag>testeTiposDados</tag>
<status status="PASS" start="2024-05-26T17:13:47.582457" elapsed="0.139213"/>
</test>
<test id="s1-s1-t5" name="Validar conteudo" line="35">
<kw name="Teste de Tipos de Conteudo" owner="random-user-service">
<kw name="GET On Session" owner="RequestsLibrary">
<msg time="2024-05-26T17:13:47.822063" level="INFO">GET Request : url=https://randomuser.me/api 
 path_url=/api 
 headers={'User-Agent': 'python-requests/2.32.2', 'Accept-Encoding': 'gzip, deflate', 'Accept': '*/*', 'Connection': 'keep-alive'} 
 body=None 
 </msg>
<msg time="2024-05-26T17:13:47.822175" level="INFO">GET Response : url=https://randomuser.me/api 
 status=200, reason=OK 
 headers={'Date': 'Sun, 26 May 2024 17:13:47 GMT', 'Content-Type': 'application/json; charset=utf-8', 'Transfer-Encoding': 'chunked', 'Connection': 'keep-alive', 'X-Powered-By': 'Express', 'Access-Control-Allow-Origin': '*', 'Cache-Control': 'no-cache', 'ETag': 'W/"487-z85jF+7F7i9SeTJjOOpmzk60Yjw"', 'Vary': 'Accept-Encoding', 'Content-Encoding': 'gzip', 'CF-Cache-Status': 'DYNAMIC', 'Report-To': '{"endpoints":[{"url":"https:\\/\\/a.nel.cloudflare.com\\/report\\/v4?s=J%2Bq38hCtZhveET%2FHysyMsaGR0lPiv43j9gYeM8RnEPXrXZWllkt7kxQcUE35ET3h%2FWCBcclTaK8AaTvXMtD0GyyQjsbnQLav54aenuT3ecUKSPiCeVoisnD2iG7FqS7b"}],"group":"cf-nel","max_age":604800}', 'NEL': '{"success_fraction":0,"report_to":"cf-nel","max_age":604800}', 'Server': 'cloudflare', 'CF-RAY': '889f65d94af21769-IAD', 'alt-svc': 'h3=":443"; ma=86400'} 
 body={"results":[{"gender":"female","name":{"title":"Miss","first":"Surabhi","last":"Prabhu"},"location":{"street":{"number":6579,"name":"Mirza Ismail Rd"},"city":"Gulbarga","state":"Delhi","country":"India","postcode":70667,"coordinates":{"latitude":"9.3493","longitude":"149.9416"},"timezone":{"offset":"+6:00","description":"Almaty, Dhaka, Colombo"}},"email":"surabhi.prabhu@example.com","login":{"uuid":"ea2ca954-a5f1-42c3-a464-c441929bc36b","username":"crazyrabbit360","password":"hermes","salt":"u8fkWoip","md5":"31a02ce3790e6d186301df24f4bc5676","sha1":"4eaed254153b5d695d79721cae329a5f8bd58e12","sha256":"6bc315b5d9053d16e1fbf51a940ce8888a1f8426fa5773e2fbd6cea94eafe869"},"dob":{"date":"1961-06-25T06:13:37.509Z","age":62},"registered":{"date":"2003-11-27T09:17:17.855Z","age":20},"phone":"7577237899","cell":"7769933067","id":{"name":"UIDAI","value":"854493451624"},"picture":{"large":"https://randomuser.me/api/portraits/women/59.jpg","medium":"https://randomuser.me/api/portraits/med/women/59.jpg","thumbnail":"https://randomuser.me/api/portraits/thumb/women/59.jpg"},"nat":"IN"}],"info":{"seed":"65a391b50f837a0d","results":1,"page":1,"version":"1.4"}} 
 </msg>
<msg time="2024-05-26T17:13:47.822257" level="INFO">/opt/hostedtoolcache/Python/3.12.3/x64/lib/python3.12/site-packages/urllib3/connectionpool.py:1103: InsecureRequestWarning: Unverified HTTPS request is being made to host 'randomuser.me'. Adding certificate verification is strongly advised. See: https://urllib3.readthedocs.io/en/latest/advanced-usage.html#tls-warnings
  warnings.warn(</msg>
<msg time="2024-05-26T17:13:47.822397" level="INFO">${response} = &lt;Response [200]&gt;</msg>
<var>${response}</var>
<arg>consultarAPI</arg>
<arg>/api</arg>
<doc>Sends a GET request on a previously created HTTP Session.</doc>
<status status="PASS" start="2024-05-26T17:13:47.724176" elapsed="0.098272"/>
</kw>
<kw name="Set Variable" owner="BuiltIn">
<msg time="2024-05-26T17:13:47.823568" level="INFO">${json_data} = {'results': [{'gender': 'female', 'name': {'title': 'Miss', 'first': 'Surabhi', 'last': 'Prabhu'}, 'location': {'street': {'number': 6579, 'name': 'Mirza Ismail Rd'}, 'city': 'Gulbarga', 'state': 'Del...</msg>
<var>${json_data}</var>
<arg>${response.json()}</arg>
<doc>Returns the given values which can then be assigned to a variables.</doc>
<status status="PASS" start="2024-05-26T17:13:47.823039" elapsed="0.000560"/>
</kw>
<kw name="Set Variable" owner="BuiltIn">
<msg time="2024-05-26T17:13:47.824335" level="INFO">${name_title} = Miss</msg>
<var>${name_title}</var>
<arg>${json_data["results"][0]["name"]["title"]}</arg>
<doc>Returns the given values which can then be assigned to a variables.</doc>
<status status="PASS" start="2024-05-26T17:13:47.823930" elapsed="0.000431"/>
</kw>
<kw name="Create List" owner="BuiltIn">
<msg time="2024-05-26T17:13:47.824818" level="INFO">${allowed_titles} = ['Mr', 'Ms', 'Miss', 'Mrs', 'Madame', 'Monsieur']</msg>
<var>${allowed_titles}</var>
<arg>Mr</arg>
<arg>Ms</arg>
<arg>Miss</arg>
<arg>Mrs</arg>
<arg>Madame</arg>
<arg>Monsieur</arg>
<doc>Returns a list containing given items.</doc>
<status status="PASS" start="2024-05-26T17:13:47.824669" elapsed="0.000174"/>
</kw>
<kw name="List Should Contain Value" owner="Collections">
<msg time="2024-05-26T17:13:47.825337" level="INFO">False</msg>
<arg>${allowed_titles}</arg>
<arg>${name_title}</arg>
<doc>Fails if the ``value`` is not found from ``list``.</doc>
<status status="PASS" start="2024-05-26T17:13:47.825149" elapsed="0.000227"/>
</kw>
<kw name="Set Variable" owner="BuiltIn">
<msg time="2024-05-26T17:13:47.826252" level="INFO">${name_country} = IN</msg>
<var>${name_country}</var>
<arg>${json_data["results"][0]["nat"]}</arg>
<doc>Returns the given values which can then be assigned to a variables.</doc>
<status status="PASS" start="2024-05-26T17:13:47.825677" elapsed="0.000600"/>
</kw>
<kw name="Create List" owner="BuiltIn">
<msg time="2024-05-26T17:13:47.827214" level="INFO">${list_country} = ['AD', 'AE', 'AF', 'AG', 'AI', 'AL', 'AM', 'AO', 'AQ', 'AR', 'AS', 'AT', 'AU', 'AW', 'AX', 'AZ', 'BA', 'BB', 'BD', 'BE', 'BF', 'BG', 'BH', 'BI', 'BJ', 'BL', 'BM', 'BN', 'BO', 'BQ', 'BR', 'BS', 'BT', '...</msg>
<var>${list_country}</var>
<arg>AD</arg>
<arg>AE</arg>
<arg>AF</arg>
<arg>AG</arg>
<arg>AI</arg>
<arg>AL</arg>
<arg>AM</arg>
<arg>AO</arg>
<arg>AQ</arg>
<arg>AR</arg>
<arg>AS</arg>
<arg>AT</arg>
<arg>AU</arg>
<arg>AW</arg>
<arg>AX</arg>
<arg>AZ</arg>
<arg>BA</arg>
<arg>BB</arg>
<arg>BD</arg>
<arg>BE</arg>
<arg>BF</arg>
<arg>BG</arg>
<arg>BH</arg>
<arg>BI</arg>
<arg>BJ</arg>
<arg>BL</arg>
<arg>BM</arg>
<arg>BN</arg>
<arg>BO</arg>
<arg>BQ</arg>
<arg>BR</arg>
<arg>BS</arg>
<arg>BT</arg>
<arg>BV</arg>
<arg>BW</arg>
<arg>BY</arg>
<arg>BZ</arg>
<arg>CA</arg>
<arg>CC</arg>
<arg>CD</arg>
<arg>CF</arg>
<arg>CG</arg>
<arg>CH</arg>
<arg>CI</arg>
<arg>CK</arg>
<arg>CL</arg>
<arg>CM</arg>
<arg>CN</arg>
<arg>CO</arg>
<arg>CR</arg>
<arg>CU</arg>
<arg>CV</arg>
<arg>CW</arg>
<arg>CX</arg>
<arg>CY</arg>
<arg>CZ</arg>
<arg>DE</arg>
<arg>DJ</arg>
<arg>DK</arg>
<arg>DM</arg>
<arg>DO</arg>
<arg>DZ</arg>
<arg>EC</arg>
<arg>EE</arg>
<arg>EG</arg>
<arg>EH</arg>
<arg>ER</arg>
<arg>ES</arg>
<arg>ET</arg>
<arg>FI</arg>
<arg>FJ</arg>
<arg>FK</arg>
<arg>FM</arg>
<arg>FO</arg>
<arg>FR</arg>
<arg>GA</arg>
<arg>GB</arg>
<arg>GD</arg>
<arg>GE</arg>
<arg>GF</arg>
<arg>GG</arg>
<arg>GH</arg>
<arg>GI</arg>
<arg>GL</arg>
<arg>GM</arg>
<arg>GN</arg>
<arg>GP</arg>
<arg>GQ</arg>
<arg>GR</arg>
<arg>GS</arg>
<arg>GT</arg>
<arg>GU</arg>
<arg>GW</arg>
<arg>GY</arg>
<arg>HK</arg>
<arg>HM</arg>
<arg>HN</arg>
<arg>HR</arg>
<arg>HT</arg>
<arg>HU</arg>
<arg>ID</arg>
<arg>IE</arg>
<arg>IL</arg>
<arg>IM</arg>
<arg>IN</arg>
<arg>IO</arg>
<arg>IQ</arg>
<arg>IR</arg>
<arg>IS</arg>
<arg>IT</arg>
<arg>JE</arg>
<arg>JM</arg>
<arg>JO</arg>
<arg>JP</arg>
<arg>KE</arg>
<arg>KG</arg>
<arg>KH</arg>
<arg>KI</arg>
<arg>KM</arg>
<arg>KN</arg>
<arg>KP</arg>
<arg>KR</arg>
<arg>KW</arg>
<arg>KY</arg>
<arg>KZ</arg>
<arg>LA</arg>
<arg>LB</arg>
<arg>LC</arg>
<arg>LI</arg>
<arg>LK</arg>
<arg>LR</arg>
<arg>LS</arg>
<arg>LT</arg>
<arg>LU</arg>
<arg>LV</arg>
<arg>LY</arg>
<arg>MA</arg>
<arg>MC</arg>
<arg>MD</arg>
<arg>ME</arg>
<arg>MF</arg>
<arg>MG</arg>
<arg>MH</arg>
<arg>MK</arg>
<arg>ML</arg>
<arg>MM</arg>
<arg>MN</arg>
<arg>MO</arg>
<arg>MP</arg>
<arg>MQ</arg>
<arg>MR</arg>
<arg>MS</arg>
<arg>MT</arg>
<arg>MU</arg>
<arg>MV</arg>
<arg>MW</arg>
<arg>MX</arg>
<arg>MY</arg>
<arg>MZ</arg>
<arg>NA</arg>
<arg>NC</arg>
<arg>NE</arg>
<arg>NF</arg>
<arg>NG</arg>
<arg>NI</arg>
<arg>NL</arg>
<arg>NO</arg>
<arg>NP</arg>
<arg>NR</arg>
<arg>NU</arg>
<arg>NZ</arg>
<arg>OM</arg>
<arg>PA</arg>
<arg>PE</arg>
<arg>PF</arg>
<arg>PG</arg>
<arg>PH</arg>
<arg>PK</arg>
<arg>PL</arg>
<arg>PM</arg>
<arg>PN</arg>
<arg>PR</arg>
<arg>PS</arg>
<arg>PT</arg>
<arg>PW</arg>
<arg>PY</arg>
<arg>QA</arg>
<arg>RE</arg>
<arg>RO</arg>
<arg>RS</arg>
<arg>RU</arg>
<arg>RW</arg>
<arg>SA</arg>
<arg>SB</arg>
<arg>SC</arg>
<arg>SD</arg>
<arg>SE</arg>
<arg>SG</arg>
<arg>SH</arg>
<arg>SI</arg>
<arg>SJ</arg>
<arg>SK</arg>
<arg>SL</arg>
<arg>SM</arg>
<arg>SN</arg>
<arg>SO</arg>
<arg>SR</arg>
<arg>SS</arg>
<arg>ST</arg>
<arg>SV</arg>
<arg>SX</arg>
<arg>SY</arg>
<arg>SZ</arg>
<arg>TC</arg>
<arg>TD</arg>
<arg>TF</arg>
<arg>TG</arg>
<arg>TH</arg>
<arg>TJ</arg>
<arg>TK</arg>
<arg>TL</arg>
<arg>TM</arg>
<arg>TN</arg>
<arg>TO</arg>
<arg>TR</arg>
<arg>TT</arg>
<arg>TV</arg>
<arg>TW</arg>
<arg>TZ</arg>
<arg>UA</arg>
<arg>UG</arg>
<arg>UM</arg>
<arg>US</arg>
<arg>UY</arg>
<arg>UZ</arg>
<arg>VA</arg>
<arg>VC</arg>
<arg>VE</arg>
<arg>VG</arg>
<arg>VI</arg>
<arg>VN</arg>
<arg>VU</arg>
<arg>WF</arg>
<arg>WS</arg>
<arg>XK</arg>
<arg>YE</arg>
<arg>YT</arg>
<arg>ZA</arg>
<arg>ZM</arg>
<arg>ZW</arg>
<doc>Returns a list containing given items.</doc>
<status status="PASS" start="2024-05-26T17:13:47.826590" elapsed="0.000653"/>
</kw>
<kw name="List Should Contain Value" owner="Collections">
<msg time="2024-05-26T17:13:47.828231" level="INFO">False</msg>
<arg>${list_country}</arg>
<arg>${name_country}</arg>
<doc>Fails if the ``value`` is not found from ``list``.</doc>
<status status="PASS" start="2024-05-26T17:13:47.828029" elapsed="0.000239"/>
</kw>
<kw name="Run Keyword If" owner="BuiltIn">
<kw name="Should Be True" owner="BuiltIn">
<arg>${True}</arg>
<doc>Fails if the given condition is not true.</doc>
<status status="PASS" start="2024-05-26T17:13:47.829341" elapsed="0.000149"/>
</kw>
<arg>${json_data["results"][0]["location"]["coordinates"]["latitude"]} &gt;= -90 and ${json_data["results"][0]["location"]["coordinates"]["latitude"]} &lt;= 90</arg>
<arg>Should Be True</arg>
<arg>${True}</arg>
<doc>Runs the given keyword with the given arguments, if ``condition`` is true.</doc>
<status status="PASS" start="2024-05-26T17:13:47.828587" elapsed="0.001030"/>
</kw>
<kw name="Run Keyword If" owner="BuiltIn">
<kw name="Should Be True" owner="BuiltIn">
<arg>${True}</arg>
<doc>Fails if the given condition is not true.</doc>
<status status="PASS" start="2024-05-26T17:13:47.830485" elapsed="0.000134"/>
</kw>
<arg>${json_data["results"][0]["location"]["coordinates"]["longitude"]} &gt;= -180 and ${json_data["results"][0]["location"]["coordinates"]["longitude"]} &lt;= 180</arg>
<arg>Should Be True</arg>
<arg>${True}</arg>
<doc>Runs the given keyword with the given arguments, if ``condition`` is true.</doc>
<status status="PASS" start="2024-05-26T17:13:47.829803" elapsed="0.000987"/>
</kw>
<status status="PASS" start="2024-05-26T17:13:47.723945" elapsed="0.106980"/>
</kw>
<doc>Testa o conteúdo específico dos campos retornados pela API.</doc>
<tag>testeConteudo</tag>
<status status="PASS" start="2024-05-26T17:13:47.723484" elapsed="0.107596"/>
</test>
<status status="PASS" start="2024-05-26T17:13:46.531456" elapsed="1.301572"/>
</suite>
<status status="PASS" start="2024-05-26T17:13:46.517836" elapsed="1.320360"/>
</suite>
<statistics>
<total>
<stat pass="5" fail="0" skip="0">All Tests</stat>
</total>
<tag>
<stat pass="1" fail="0" skip="0">testeConteudo</stat>
<stat pass="1" fail="0" skip="0">testeEstruturaResposta</stat>
<stat pass="1" fail="0" skip="0">testeRequisicaoBasica</stat>
<stat pass="1" fail="0" skip="0">testeTiposDados</stat>
</tag>
<suite>
<stat pass="5" fail="0" skip="0" id="s1" name="Tests">Tests</stat>
<stat pass="5" fail="0" skip="0" id="s1-s1" name="Random-User-Test">Tests.Random-User-Test</stat>
</suite>
</statistics>
<errors>
</errors>
</robot>
