<?xml version="1.0" encoding="UTF-8"?>
<robot generator="Robot 7.0.1 (Python 3.12.4 on linux)" generated="2024-07-18T07:14:34.618348" rpa="false" schemaversion="5">
<suite id="s1" name="Tests" source="/home/runner/work/ApiRandomUser/ApiRandomUser/RamdonUser/tests">
<suite id="s1-s1" name="Random-User-Test" source="/home/runner/work/ApiRandomUser/ApiRandomUser/RamdonUser/tests/random-user-test.robot">
<test id="s1-s1-t1" name="Conectar" line="13">
<kw name="Conectar API" owner="random-user-service">
<kw name="Create Session" owner="RequestsLibrary">
<msg time="2024-07-18T07:14:35.077207" level="INFO">Creating Session using : alias=consultarAPI, url=https://randomuser.me/, headers={},                     cookies={}, auth=None, timeout=None, proxies=None, verify=False,                     debug=0 </msg>
<arg>consultarAPI</arg>
<arg>${URL}</arg>
<doc>Create Session: create a HTTP session to a server</doc>
<status status="PASS" start="2024-07-18T07:14:35.077001" elapsed="0.000390"/>
</kw>
<status status="PASS" start="2024-07-18T07:14:35.075930" elapsed="0.001833"/>
</kw>
<status status="PASS" start="2024-07-18T07:14:35.075228" elapsed="0.002733"/>
</test>
<test id="s1-s1-t2" name="Validar retorno 200 e JSON Válido" line="16">
<kw name="Teste de Requisicao Basica" owner="random-user-service">
<kw name="GET On Session" owner="RequestsLibrary">
<msg time="2024-07-18T07:14:35.423899" level="INFO">GET Request : url=https://randomuser.me/api 
 path_url=/api 
 headers={'User-Agent': 'python-requests/2.32.3', 'Accept-Encoding': 'gzip, deflate', 'Accept': '*/*', 'Connection': 'keep-alive'} 
 body=None 
 </msg>
<msg time="2024-07-18T07:14:35.424046" level="INFO">GET Response : url=https://randomuser.me/api 
 status=200, reason=OK 
 headers={'Date': 'Thu, 18 Jul 2024 07:14:35 GMT', 'Content-Type': 'application/json; charset=utf-8', 'Transfer-Encoding': 'chunked', 'Connection': 'keep-alive', 'X-Powered-By': 'Express', 'Access-Control-Allow-Origin': '*', 'Cache-Control': 'no-cache', 'ETag': 'W/"475-ZhUANUZyKvTWfn/uFXRaPHW9ZiY"', 'Vary': 'Accept-Encoding', 'Content-Encoding': 'gzip', 'CF-Cache-Status': 'DYNAMIC', 'Report-To': '{"endpoints":[{"url":"https:\\/\\/a.nel.cloudflare.com\\/report\\/v4?s=%2F82MPyoEhAYFyhCkXWxb7pcrqxg4Jhc1GhaJ6rQ5ojl6t2K%2FhVyyL%2B9oMaNgZ1Xkt%2BOyW%2FLeP9sle8SCob6dKqUdF6NSCu2H8nODi44Ysb3ALR2K%2BJft%2Bzv1lzr%2Bhvtg"}],"group":"cf-nel","max_age":604800}', 'NEL': '{"success_fraction":0,"report_to":"cf-nel","max_age":604800}', 'Server': 'cloudflare', 'CF-RAY': '8a50acfa8a52531f-LAX', 'alt-svc': 'h3=":443"; ma=86400'} 
 body={"results":[{"gender":"male","name":{"title":"Mr","first":"Claude","last":"May"},"location":{"street":{"number":1793,"name":"Galway Road"},"city":"Kinsale","state":"Donegal","country":"Ireland","postcode":37034,"coordinates":{"latitude":"0.8420","longitude":"-174.5235"},"timezone":{"offset":"+2:00","description":"Kaliningrad, South Africa"}},"email":"claude.may@example.com","login":{"uuid":"29822824-26ab-47f3-819b-1cc6ad2d1386","username":"organicpanda187","password":"aaron","salt":"ixNQB0oW","md5":"07a55b7311cb96ea0e921c8e51bd2ab0","sha1":"a8d29460e54af71af50790e4e860f4d1e1990c85","sha256":"b18d0f07b14ce0c0f9a911357f223e9fb067d20439d9b5ad6d70a236cab67576"},"dob":{"date":"1987-09-09T00:07:03.566Z","age":36},"registered":{"date":"2017-12-07T15:12:41.012Z","age":6},"phone":"051-818-0253","cell":"081-001-6886","id":{"name":"PPS","value":"9308490T"},"picture":{"large":"https://randomuser.me/api/portraits/men/39.jpg","medium":"https://randomuser.me/api/portraits/med/men/39.jpg","thumbnail":"https://randomuser.me/api/portraits/thumb/men/39.jpg"},"nat":"IE"}],"info":{"seed":"08a7e58b73395a39","results":1,"page":1,"version":"1.4"}} 
 </msg>
<msg time="2024-07-18T07:14:35.424124" level="INFO">/opt/hostedtoolcache/Python/3.12.4/x64/lib/python3.12/site-packages/urllib3/connectionpool.py:1099: InsecureRequestWarning: Unverified HTTPS request is being made to host 'randomuser.me'. Adding certificate verification is strongly advised. See: https://urllib3.readthedocs.io/en/latest/advanced-usage.html#tls-warnings
  warnings.warn(</msg>
<msg time="2024-07-18T07:14:35.424268" level="INFO">${response} = &lt;Response [200]&gt;</msg>
<var>${response}</var>
<arg>consultarAPI</arg>
<arg>/api</arg>
<doc>Sends a GET request on a previously created HTTP Session.</doc>
<status status="PASS" start="2024-07-18T07:14:35.080732" elapsed="0.343578"/>
</kw>
<kw name="Should Be Equal As Numbers" owner="BuiltIn">
<msg time="2024-07-18T07:14:35.425452" level="INFO">Argument types are:
&lt;class 'int'&gt;
&lt;class 'str'&gt;</msg>
<arg>${response.status_code}</arg>
<arg>200</arg>
<doc>Fails if objects are unequal after converting them to real numbers.</doc>
<status status="PASS" start="2024-07-18T07:14:35.424960" elapsed="0.000555"/>
</kw>
<kw name="Log" owner="BuiltIn">
<msg time="2024-07-18T07:14:35.426177" level="INFO">200</msg>
<arg>${response.status_code}</arg>
<doc>Logs the given message with the given level.</doc>
<status status="PASS" start="2024-07-18T07:14:35.425831" elapsed="0.000388"/>
</kw>
<kw name="Set Variable" owner="BuiltIn">
<msg time="2024-07-18T07:14:35.426941" level="INFO">${json_data} = {'results': [{'gender': 'male', 'name': {'title': 'Mr', 'first': 'Claude', 'last': 'May'}, 'location': {'street': {'number': 1793, 'name': 'Galway Road'}, 'city': 'Kinsale', 'state': 'Donegal', 'count...</msg>
<var>${json_data}</var>
<arg>${response.json()}</arg>
<doc>Returns the given values which can then be assigned to a variables.</doc>
<status status="PASS" start="2024-07-18T07:14:35.426520" elapsed="0.000449"/>
</kw>
<kw name="Dictionary Should Contain Key" owner="Collections">
<arg>${json_data}</arg>
<arg>results</arg>
<doc>Fails if ``key`` is not found from ``dictionary``.</doc>
<status status="PASS" start="2024-07-18T07:14:35.427291" elapsed="0.000330"/>
</kw>
<status status="PASS" start="2024-07-18T07:14:35.080480" elapsed="0.347293"/>
</kw>
<doc>Testa se a API responde corretamente e retorna um objeto JSON válido.</doc>
<tag>testeRequisicaoBasica</tag>
<status status="PASS" start="2024-07-18T07:14:35.079907" elapsed="0.348034"/>
</test>
<test id="s1-s1-t3" name="Validar estrutura de resposta" line="22">
<kw name="Teste de Estrutura de Resposta" owner="random-user-service">
<kw name="GET On Session" owner="RequestsLibrary">
<msg time="2024-07-18T07:14:35.529311" level="INFO">GET Request : url=https://randomuser.me/api 
 path_url=/api 
 headers={'User-Agent': 'python-requests/2.32.3', 'Accept-Encoding': 'gzip, deflate', 'Accept': '*/*', 'Connection': 'keep-alive'} 
 body=None 
 </msg>
<msg time="2024-07-18T07:14:35.529392" level="INFO">GET Response : url=https://randomuser.me/api 
 status=200, reason=OK 
 headers={'Date': 'Thu, 18 Jul 2024 07:14:35 GMT', 'Content-Type': 'application/json; charset=utf-8', 'Transfer-Encoding': 'chunked', 'Connection': 'keep-alive', 'X-Powered-By': 'Express', 'Access-Control-Allow-Origin': '*', 'Cache-Control': 'no-cache', 'ETag': 'W/"487-okE2ZEdql0f/5J2X4HiptQfbQBg"', 'Vary': 'Accept-Encoding', 'Content-Encoding': 'gzip', 'CF-Cache-Status': 'DYNAMIC', 'Report-To': '{"endpoints":[{"url":"https:\\/\\/a.nel.cloudflare.com\\/report\\/v4?s=WeKTHbNqbCKBXKNVssXsK0ECOjNeP1POy%2BVXl1iGUDDO8jTWgyIhW%2Fcfw64DwXIrXyDaI%2BBbr%2BJcfdswqCy%2BdBPzxCdNuS2OC1HneRdaTMbwZ0l4Aj3tP7pAtZMzkvEV"}],"group":"cf-nel","max_age":604800}', 'NEL': '{"success_fraction":0,"report_to":"cf-nel","max_age":604800}', 'Server': 'cloudflare', 'CF-RAY': '8a50acfb7b43531f-LAX', 'alt-svc': 'h3=":443"; ma=86400'} 
 body={"results":[{"gender":"male","name":{"title":"Mr","first":"Prvoslav","last":"Nenadović"},"location":{"street":{"number":154,"name":"Porodice Zarić"},"city":"Doljevac","state":"Toplica","country":"Serbia","postcode":99732,"coordinates":{"latitude":"61.2761","longitude":"-158.0861"},"timezone":{"offset":"+6:00","description":"Almaty, Dhaka, Colombo"}},"email":"prvoslav.nenadovic@example.com","login":{"uuid":"a7c0b3ef-5307-4106-84c9-7f08602521fb","username":"smalllion497","password":"dabomb","salt":"voaDfaxV","md5":"02b778e43a6d750535fb1df393ef24a5","sha1":"8c7d1bdf2db29ca1ed7778d9db1d4ed23ac4562e","sha256":"e27cc5916a30a8653b67e252b231cef998984bd0e40f64d479ad7c1f31a22fe8"},"dob":{"date":"1998-08-21T15:43:18.857Z","age":25},"registered":{"date":"2003-06-15T19:39:02.164Z","age":21},"phone":"020-1311-974","cell":"060-8379-410","id":{"name":"SID","value":"256460184"},"picture":{"large":"https://randomuser.me/api/portraits/men/50.jpg","medium":"https://randomuser.me/api/portraits/med/men/50.jpg","thumbnail":"https://randomuser.me/api/portraits/thumb/men/50.jpg"},"nat":"RS"}],"info":{"seed":"d9c3c18a0b1ba631","results":1,"page":1,"version":"1.4"}} 
 </msg>
<msg time="2024-07-18T07:14:35.529514" level="INFO">/opt/hostedtoolcache/Python/3.12.4/x64/lib/python3.12/site-packages/urllib3/connectionpool.py:1099: InsecureRequestWarning: Unverified HTTPS request is being made to host 'randomuser.me'. Adding certificate verification is strongly advised. See: https://urllib3.readthedocs.io/en/latest/advanced-usage.html#tls-warnings
  warnings.warn(</msg>
<msg time="2024-07-18T07:14:35.529627" level="INFO">${response} = &lt;Response [200]&gt;</msg>
<var>${response}</var>
<arg>consultarAPI</arg>
<arg>/api</arg>
<doc>Sends a GET request on a previously created HTTP Session.</doc>
<status status="PASS" start="2024-07-18T07:14:35.430563" elapsed="0.099113"/>
</kw>
<kw name="Set Variable" owner="BuiltIn">
<msg time="2024-07-18T07:14:35.530527" level="INFO">${json_data} = {'results': [{'gender': 'male', 'name': {'title': 'Mr', 'first': 'Prvoslav', 'last': 'Nenadović'}, 'location': {'street': {'number': 154, 'name': 'Porodice Zarić'}, 'city': 'Doljevac', 'state': 'Topli...</msg>
<var>${json_data}</var>
<arg>${response.json()}</arg>
<doc>Returns the given values which can then be assigned to a variables.</doc>
<status status="PASS" start="2024-07-18T07:14:35.530077" elapsed="0.000480"/>
</kw>
<kw name="Log" owner="BuiltIn">
<msg time="2024-07-18T07:14:35.531026" level="INFO">{'results': [{'gender': 'male', 'name': {'title': 'Mr', 'first': 'Prvoslav', 'last': 'Nenadović'}, 'location': {'street': {'number': 154, 'name': 'Porodice Zarić'}, 'city': 'Doljevac', 'state': 'Toplica', 'country': 'Serbia', 'postcode': 99732, 'coordinates': {'latitude': '61.2761', 'longitude': '-158.0861'}, 'timezone': {'offset': '+6:00', 'description': 'Almaty, Dhaka, Colombo'}}, 'email': 'prvoslav.nenadovic@example.com', 'login': {'uuid': 'a7c0b3ef-5307-4106-84c9-7f08602521fb', 'username': 'smalllion497', 'password': 'dabomb', 'salt': 'voaDfaxV', 'md5': '02b778e43a6d750535fb1df393ef24a5', 'sha1': '8c7d1bdf2db29ca1ed7778d9db1d4ed23ac4562e', 'sha256': 'e27cc5916a30a8653b67e252b231cef998984bd0e40f64d479ad7c1f31a22fe8'}, 'dob': {'date': '1998-08-21T15:43:18.857Z', 'age': 25}, 'registered': {'date': '2003-06-15T19:39:02.164Z', 'age': 21}, 'phone': '020-1311-974', 'cell': '060-8379-410', 'id': {'name': 'SID', 'value': '256460184'}, 'picture': {'large': 'https://randomuser.me/api/portraits/men/50.jpg', 'medium': 'https://randomuser.me/api/portraits/med/men/50.jpg', 'thumbnail': 'https://randomuser.me/api/portraits/thumb/men/50.jpg'}, 'nat': 'RS'}], 'info': {'seed': 'd9c3c18a0b1ba631', 'results': 1, 'page': 1, 'version': '1.4'}}</msg>
<arg>${json_data}</arg>
<doc>Logs the given message with the given level.</doc>
<status status="PASS" start="2024-07-18T07:14:35.530869" elapsed="0.000208"/>
</kw>
<kw name="Dictionary Should Contain Key" owner="Collections">
<arg>${json_data}</arg>
<arg>results</arg>
<doc>Fails if ``key`` is not found from ``dictionary``.</doc>
<status status="PASS" start="2024-07-18T07:14:35.531412" elapsed="0.000154"/>
</kw>
<kw name="Should Not Be Empty" owner="BuiltIn">
<msg time="2024-07-18T07:14:35.531873" level="INFO">Length is 2.</msg>
<arg>${json_data}</arg>
<doc>Verifies that the given item is not empty.</doc>
<status status="PASS" start="2024-07-18T07:14:35.531746" elapsed="0.000181"/>
</kw>
<kw name="Create List" owner="BuiltIn">
<msg time="2024-07-18T07:14:35.532360" level="INFO">${expected_keys} = ['gender', 'name', 'location', 'email', 'login']</msg>
<var>${expected_keys}</var>
<arg>gender</arg>
<arg>name</arg>
<arg>location</arg>
<arg>email</arg>
<arg>login</arg>
<doc>Returns a list containing given items.</doc>
<status status="PASS" start="2024-07-18T07:14:35.532211" elapsed="0.000173"/>
</kw>
<for flavor="IN">
<iter>
<kw name="Dictionary Should Contain Key" owner="Collections">
<arg>${json_data['results'][0]}</arg>
<arg>${key}</arg>
<doc>Fails if ``key`` is not found from ``dictionary``.</doc>
<status status="PASS" start="2024-07-18T07:14:35.532946" elapsed="0.000403"/>
</kw>
<kw name="Log" owner="BuiltIn">
<msg time="2024-07-18T07:14:35.533892" level="INFO">{'gender': 'male', 'name': {'title': 'Mr', 'first': 'Prvoslav', 'last': 'Nenadović'}, 'location': {'street': {'number': 154, 'name': 'Porodice Zarić'}, 'city': 'Doljevac', 'state': 'Toplica', 'country': 'Serbia', 'postcode': 99732, 'coordinates': {'latitude': '61.2761', 'longitude': '-158.0861'}, 'timezone': {'offset': '+6:00', 'description': 'Almaty, Dhaka, Colombo'}}, 'email': 'prvoslav.nenadovic@example.com', 'login': {'uuid': 'a7c0b3ef-5307-4106-84c9-7f08602521fb', 'username': 'smalllion497', 'password': 'dabomb', 'salt': 'voaDfaxV', 'md5': '02b778e43a6d750535fb1df393ef24a5', 'sha1': '8c7d1bdf2db29ca1ed7778d9db1d4ed23ac4562e', 'sha256': 'e27cc5916a30a8653b67e252b231cef998984bd0e40f64d479ad7c1f31a22fe8'}, 'dob': {'date': '1998-08-21T15:43:18.857Z', 'age': 25}, 'registered': {'date': '2003-06-15T19:39:02.164Z', 'age': 21}, 'phone': '020-1311-974', 'cell': '060-8379-410', 'id': {'name': 'SID', 'value': '256460184'}, 'picture': {'large': 'https://randomuser.me/api/portraits/men/50.jpg', 'medium': 'https://randomuser.me/api/portraits/med/men/50.jpg', 'thumbnail': 'https://randomuser.me/api/portraits/thumb/men/50.jpg'}, 'nat': 'RS'}</msg>
<arg>${json_data['results'][0]}</arg>
<doc>Logs the given message with the given level.</doc>
<status status="PASS" start="2024-07-18T07:14:35.533533" elapsed="0.000412"/>
</kw>
<kw name="Log" owner="BuiltIn">
<msg time="2024-07-18T07:14:35.534378" level="INFO">gender</msg>
<arg>${key}</arg>
<doc>Logs the given message with the given level.</doc>
<status status="PASS" start="2024-07-18T07:14:35.534249" elapsed="0.000167"/>
</kw>
<var name="${key}">gender</var>
<status status="PASS" start="2024-07-18T07:14:35.532825" elapsed="0.001805"/>
</iter>
<iter>
<kw name="Dictionary Should Contain Key" owner="Collections">
<arg>${json_data['results'][0]}</arg>
<arg>${key}</arg>
<doc>Fails if ``key`` is not found from ``dictionary``.</doc>
<status status="PASS" start="2024-07-18T07:14:35.534923" elapsed="0.000412"/>
</kw>
<kw name="Log" owner="BuiltIn">
<msg time="2024-07-18T07:14:35.535875" level="INFO">{'gender': 'male', 'name': {'title': 'Mr', 'first': 'Prvoslav', 'last': 'Nenadović'}, 'location': {'street': {'number': 154, 'name': 'Porodice Zarić'}, 'city': 'Doljevac', 'state': 'Toplica', 'country': 'Serbia', 'postcode': 99732, 'coordinates': {'latitude': '61.2761', 'longitude': '-158.0861'}, 'timezone': {'offset': '+6:00', 'description': 'Almaty, Dhaka, Colombo'}}, 'email': 'prvoslav.nenadovic@example.com', 'login': {'uuid': 'a7c0b3ef-5307-4106-84c9-7f08602521fb', 'username': 'smalllion497', 'password': 'dabomb', 'salt': 'voaDfaxV', 'md5': '02b778e43a6d750535fb1df393ef24a5', 'sha1': '8c7d1bdf2db29ca1ed7778d9db1d4ed23ac4562e', 'sha256': 'e27cc5916a30a8653b67e252b231cef998984bd0e40f64d479ad7c1f31a22fe8'}, 'dob': {'date': '1998-08-21T15:43:18.857Z', 'age': 25}, 'registered': {'date': '2003-06-15T19:39:02.164Z', 'age': 21}, 'phone': '020-1311-974', 'cell': '060-8379-410', 'id': {'name': 'SID', 'value': '256460184'}, 'picture': {'large': 'https://randomuser.me/api/portraits/men/50.jpg', 'medium': 'https://randomuser.me/api/portraits/med/men/50.jpg', 'thumbnail': 'https://randomuser.me/api/portraits/thumb/men/50.jpg'}, 'nat': 'RS'}</msg>
<arg>${json_data['results'][0]}</arg>
<doc>Logs the given message with the given level.</doc>
<status status="PASS" start="2024-07-18T07:14:35.535524" elapsed="0.000436"/>
</kw>
<kw name="Log" owner="BuiltIn">
<msg time="2024-07-18T07:14:35.536382" level="INFO">name</msg>
<arg>${key}</arg>
<doc>Logs the given message with the given level.</doc>
<status status="PASS" start="2024-07-18T07:14:35.536255" elapsed="0.000170"/>
</kw>
<var name="${key}">name</var>
<status status="PASS" start="2024-07-18T07:14:35.534808" elapsed="0.001835"/>
</iter>
<iter>
<kw name="Dictionary Should Contain Key" owner="Collections">
<arg>${json_data['results'][0]}</arg>
<arg>${key}</arg>
<doc>Fails if ``key`` is not found from ``dictionary``.</doc>
<status status="PASS" start="2024-07-18T07:14:35.536922" elapsed="0.000373"/>
</kw>
<kw name="Log" owner="BuiltIn">
<msg time="2024-07-18T07:14:35.537827" level="INFO">{'gender': 'male', 'name': {'title': 'Mr', 'first': 'Prvoslav', 'last': 'Nenadović'}, 'location': {'street': {'number': 154, 'name': 'Porodice Zarić'}, 'city': 'Doljevac', 'state': 'Toplica', 'country': 'Serbia', 'postcode': 99732, 'coordinates': {'latitude': '61.2761', 'longitude': '-158.0861'}, 'timezone': {'offset': '+6:00', 'description': 'Almaty, Dhaka, Colombo'}}, 'email': 'prvoslav.nenadovic@example.com', 'login': {'uuid': 'a7c0b3ef-5307-4106-84c9-7f08602521fb', 'username': 'smalllion497', 'password': 'dabomb', 'salt': 'voaDfaxV', 'md5': '02b778e43a6d750535fb1df393ef24a5', 'sha1': '8c7d1bdf2db29ca1ed7778d9db1d4ed23ac4562e', 'sha256': 'e27cc5916a30a8653b67e252b231cef998984bd0e40f64d479ad7c1f31a22fe8'}, 'dob': {'date': '1998-08-21T15:43:18.857Z', 'age': 25}, 'registered': {'date': '2003-06-15T19:39:02.164Z', 'age': 21}, 'phone': '020-1311-974', 'cell': '060-8379-410', 'id': {'name': 'SID', 'value': '256460184'}, 'picture': {'large': 'https://randomuser.me/api/portraits/men/50.jpg', 'medium': 'https://randomuser.me/api/portraits/med/men/50.jpg', 'thumbnail': 'https://randomuser.me/api/portraits/thumb/men/50.jpg'}, 'nat': 'RS'}</msg>
<arg>${json_data['results'][0]}</arg>
<doc>Logs the given message with the given level.</doc>
<status status="PASS" start="2024-07-18T07:14:35.537475" elapsed="0.000405"/>
</kw>
<kw name="Log" owner="BuiltIn">
<msg time="2024-07-18T07:14:35.538302" level="INFO">location</msg>
<arg>${key}</arg>
<doc>Logs the given message with the given level.</doc>
<status status="PASS" start="2024-07-18T07:14:35.538175" elapsed="0.000163"/>
</kw>
<var name="${key}">location</var>
<status status="PASS" start="2024-07-18T07:14:35.536816" elapsed="0.001733"/>
</iter>
<iter>
<kw name="Dictionary Should Contain Key" owner="Collections">
<arg>${json_data['results'][0]}</arg>
<arg>${key}</arg>
<doc>Fails if ``key`` is not found from ``dictionary``.</doc>
<status status="PASS" start="2024-07-18T07:14:35.538829" elapsed="0.000410"/>
</kw>
<kw name="Log" owner="BuiltIn">
<msg time="2024-07-18T07:14:35.539908" level="INFO">{'gender': 'male', 'name': {'title': 'Mr', 'first': 'Prvoslav', 'last': 'Nenadović'}, 'location': {'street': {'number': 154, 'name': 'Porodice Zarić'}, 'city': 'Doljevac', 'state': 'Toplica', 'country': 'Serbia', 'postcode': 99732, 'coordinates': {'latitude': '61.2761', 'longitude': '-158.0861'}, 'timezone': {'offset': '+6:00', 'description': 'Almaty, Dhaka, Colombo'}}, 'email': 'prvoslav.nenadovic@example.com', 'login': {'uuid': 'a7c0b3ef-5307-4106-84c9-7f08602521fb', 'username': 'smalllion497', 'password': 'dabomb', 'salt': 'voaDfaxV', 'md5': '02b778e43a6d750535fb1df393ef24a5', 'sha1': '8c7d1bdf2db29ca1ed7778d9db1d4ed23ac4562e', 'sha256': 'e27cc5916a30a8653b67e252b231cef998984bd0e40f64d479ad7c1f31a22fe8'}, 'dob': {'date': '1998-08-21T15:43:18.857Z', 'age': 25}, 'registered': {'date': '2003-06-15T19:39:02.164Z', 'age': 21}, 'phone': '020-1311-974', 'cell': '060-8379-410', 'id': {'name': 'SID', 'value': '256460184'}, 'picture': {'large': 'https://randomuser.me/api/portraits/men/50.jpg', 'medium': 'https://randomuser.me/api/portraits/med/men/50.jpg', 'thumbnail': 'https://randomuser.me/api/portraits/thumb/men/50.jpg'}, 'nat': 'RS'}</msg>
<arg>${json_data['results'][0]}</arg>
<doc>Logs the given message with the given level.</doc>
<status status="PASS" start="2024-07-18T07:14:35.539553" elapsed="0.000409"/>
</kw>
<kw name="Log" owner="BuiltIn">
<msg time="2024-07-18T07:14:35.540382" level="INFO">email</msg>
<arg>${key}</arg>
<doc>Logs the given message with the given level.</doc>
<status status="PASS" start="2024-07-18T07:14:35.540257" elapsed="0.000163"/>
</kw>
<var name="${key}">email</var>
<status status="PASS" start="2024-07-18T07:14:35.538716" elapsed="0.001916"/>
</iter>
<iter>
<kw name="Dictionary Should Contain Key" owner="Collections">
<arg>${json_data['results'][0]}</arg>
<arg>${key}</arg>
<doc>Fails if ``key`` is not found from ``dictionary``.</doc>
<status status="PASS" start="2024-07-18T07:14:35.540909" elapsed="0.000369"/>
</kw>
<kw name="Log" owner="BuiltIn">
<msg time="2024-07-18T07:14:35.541802" level="INFO">{'gender': 'male', 'name': {'title': 'Mr', 'first': 'Prvoslav', 'last': 'Nenadović'}, 'location': {'street': {'number': 154, 'name': 'Porodice Zarić'}, 'city': 'Doljevac', 'state': 'Toplica', 'country': 'Serbia', 'postcode': 99732, 'coordinates': {'latitude': '61.2761', 'longitude': '-158.0861'}, 'timezone': {'offset': '+6:00', 'description': 'Almaty, Dhaka, Colombo'}}, 'email': 'prvoslav.nenadovic@example.com', 'login': {'uuid': 'a7c0b3ef-5307-4106-84c9-7f08602521fb', 'username': 'smalllion497', 'password': 'dabomb', 'salt': 'voaDfaxV', 'md5': '02b778e43a6d750535fb1df393ef24a5', 'sha1': '8c7d1bdf2db29ca1ed7778d9db1d4ed23ac4562e', 'sha256': 'e27cc5916a30a8653b67e252b231cef998984bd0e40f64d479ad7c1f31a22fe8'}, 'dob': {'date': '1998-08-21T15:43:18.857Z', 'age': 25}, 'registered': {'date': '2003-06-15T19:39:02.164Z', 'age': 21}, 'phone': '020-1311-974', 'cell': '060-8379-410', 'id': {'name': 'SID', 'value': '256460184'}, 'picture': {'large': 'https://randomuser.me/api/portraits/men/50.jpg', 'medium': 'https://randomuser.me/api/portraits/med/men/50.jpg', 'thumbnail': 'https://randomuser.me/api/portraits/thumb/men/50.jpg'}, 'nat': 'RS'}</msg>
<arg>${json_data['results'][0]}</arg>
<doc>Logs the given message with the given level.</doc>
<status status="PASS" start="2024-07-18T07:14:35.541458" elapsed="0.000396"/>
</kw>
<kw name="Log" owner="BuiltIn">
<msg time="2024-07-18T07:14:35.542266" level="INFO">login</msg>
<arg>${key}</arg>
<doc>Logs the given message with the given level.</doc>
<status status="PASS" start="2024-07-18T07:14:35.542142" elapsed="0.000160"/>
</kw>
<var name="${key}">login</var>
<status status="PASS" start="2024-07-18T07:14:35.540803" elapsed="0.001708"/>
</iter>
<var>${key}</var>
<value>@{expected_keys}</value>
<status status="PASS" start="2024-07-18T07:14:35.532640" elapsed="0.009988"/>
</for>
<kw name="Create List" owner="BuiltIn">
<msg time="2024-07-18T07:14:35.542949" level="INFO">${expected_keysTwo} = ['username', 'password']</msg>
<var>${expected_keysTwo}</var>
<arg>username</arg>
<arg>password</arg>
<doc>Returns a list containing given items.</doc>
<status status="PASS" start="2024-07-18T07:14:35.542812" elapsed="0.000160"/>
</kw>
<for flavor="IN">
<iter>
<kw name="Dictionary Should Contain Key" owner="Collections">
<arg>${json_data['results'][0]['login']}</arg>
<arg>${keyTwo}</arg>
<doc>Fails if ``key`` is not found from ``dictionary``.</doc>
<status status="PASS" start="2024-07-18T07:14:35.543509" elapsed="0.000388"/>
</kw>
<kw name="Dictionary Should Contain Key" owner="Collections">
<arg>${json_data['results'][0]['login']}</arg>
<arg>${keyTwo}</arg>
<doc>Fails if ``key`` is not found from ``dictionary``.</doc>
<status status="PASS" start="2024-07-18T07:14:35.544076" elapsed="0.000369"/>
</kw>
<kw name="Log" owner="BuiltIn">
<msg time="2024-07-18T07:14:35.544753" level="INFO">username</msg>
<arg>${keyTwo}</arg>
<doc>Logs the given message with the given level.</doc>
<status status="PASS" start="2024-07-18T07:14:35.544634" elapsed="0.000157"/>
</kw>
<var name="${keyTwo}">username</var>
<status status="PASS" start="2024-07-18T07:14:35.543403" elapsed="0.001603"/>
</iter>
<iter>
<kw name="Dictionary Should Contain Key" owner="Collections">
<arg>${json_data['results'][0]['login']}</arg>
<arg>${keyTwo}</arg>
<doc>Fails if ``key`` is not found from ``dictionary``.</doc>
<status status="PASS" start="2024-07-18T07:14:35.545289" elapsed="0.000378"/>
</kw>
<kw name="Dictionary Should Contain Key" owner="Collections">
<arg>${json_data['results'][0]['login']}</arg>
<arg>${keyTwo}</arg>
<doc>Fails if ``key`` is not found from ``dictionary``.</doc>
<status status="PASS" start="2024-07-18T07:14:35.545840" elapsed="0.000369"/>
</kw>
<kw name="Log" owner="BuiltIn">
<msg time="2024-07-18T07:14:35.546499" level="INFO">password</msg>
<arg>${keyTwo}</arg>
<doc>Logs the given message with the given level.</doc>
<status status="PASS" start="2024-07-18T07:14:35.546380" elapsed="0.000156"/>
</kw>
<var name="${keyTwo}">password</var>
<status status="PASS" start="2024-07-18T07:14:35.545174" elapsed="0.001586"/>
</iter>
<var>${keyTwo}</var>
<value>@{expected_keysTwo}</value>
<status status="PASS" start="2024-07-18T07:14:35.543232" elapsed="0.003647"/>
</for>
<status status="PASS" start="2024-07-18T07:14:35.430331" elapsed="0.116683"/>
</kw>
<doc>Testa a estrutura da resposta da API.</doc>
<tag>testeEstruturaResposta</tag>
<status status="PASS" start="2024-07-18T07:14:35.429738" elapsed="0.117420"/>
</test>
<test id="s1-s1-t4" name="Validar tipos de dados" line="28">
<kw name="Teste de Tipos de Dados" owner="random-user-service">
<kw name="GET On Session" owner="RequestsLibrary">
<msg time="2024-07-18T07:14:35.653210" level="INFO">GET Request : url=https://randomuser.me/api 
 path_url=/api 
 headers={'User-Agent': 'python-requests/2.32.3', 'Accept-Encoding': 'gzip, deflate', 'Accept': '*/*', 'Connection': 'keep-alive'} 
 body=None 
 </msg>
<msg time="2024-07-18T07:14:35.653294" level="INFO">GET Response : url=https://randomuser.me/api 
 status=200, reason=OK 
 headers={'Date': 'Thu, 18 Jul 2024 07:14:35 GMT', 'Content-Type': 'application/json; charset=utf-8', 'Transfer-Encoding': 'chunked', 'Connection': 'keep-alive', 'X-Powered-By': 'Express', 'Access-Control-Allow-Origin': '*', 'Cache-Control': 'no-cache', 'ETag': 'W/"488-LQcGYyg9epYSLUbojqLcJjhC8bY"', 'Vary': 'Accept-Encoding', 'Content-Encoding': 'gzip', 'CF-Cache-Status': 'DYNAMIC', 'Report-To': '{"endpoints":[{"url":"https:\\/\\/a.nel.cloudflare.com\\/report\\/v4?s=iQObPYtI8PVRtrQj8%2BygkaddHpTGAtHe1L1BUPOBX75u%2FMdq7EVImzd4NpfNeWS1kek0xErtcT6IRuvRF1FQY46D3UVDzMjHTTOqHJ62bOSsBPr1FT%2FnDuiDHvffouYJ"}],"group":"cf-nel","max_age":604800}', 'NEL': '{"success_fraction":0,"report_to":"cf-nel","max_age":604800}', 'Server': 'cloudflare', 'CF-RAY': '8a50acfc3c03531f-LAX', 'alt-svc': 'h3=":443"; ma=86400'} 
 body={"results":[{"gender":"female","name":{"title":"Miss","first":"Scarlett","last":"Moore"},"location":{"street":{"number":9192,"name":"Penrose Road"},"city":"Nelson","state":"Bay of Plenty","country":"New Zealand","postcode":73432,"coordinates":{"latitude":"48.6388","longitude":"140.9909"},"timezone":{"offset":"-11:00","description":"Midway Island, Samoa"}},"email":"scarlett.moore@example.com","login":{"uuid":"e810ea81-b329-4252-856f-043473a48feb","username":"yellowbear328","password":"goose1","salt":"mjMltlrw","md5":"803b2a61c3d831e0dc9215f780da628b","sha1":"e8b9b9a0e3ef3a5239e7a120b53b3247a9e86045","sha256":"16b14936aa566c6d7200ed0293bef3f319760b00497829b0f7de92d1c9787d9d"},"dob":{"date":"1957-08-14T04:43:10.339Z","age":66},"registered":{"date":"2007-12-07T03:43:05.234Z","age":16},"phone":"(262)-599-7119","cell":"(191)-689-5283","id":{"name":"","value":null},"picture":{"large":"https://randomuser.me/api/portraits/women/43.jpg","medium":"https://randomuser.me/api/portraits/med/women/43.jpg","thumbnail":"https://randomuser.me/api/portraits/thumb/women/43.jpg"},"nat":"NZ"}],"info":{"seed":"613397ec3684aef0","results":1,"page":1,"version":"1.4"}} 
 </msg>
<msg time="2024-07-18T07:14:35.653360" level="INFO">/opt/hostedtoolcache/Python/3.12.4/x64/lib/python3.12/site-packages/urllib3/connectionpool.py:1099: InsecureRequestWarning: Unverified HTTPS request is being made to host 'randomuser.me'. Adding certificate verification is strongly advised. See: https://urllib3.readthedocs.io/en/latest/advanced-usage.html#tls-warnings
  warnings.warn(</msg>
<msg time="2024-07-18T07:14:35.653469" level="INFO">${response} = &lt;Response [200]&gt;</msg>
<var>${response}</var>
<arg>consultarAPI</arg>
<arg>/api</arg>
<doc>Sends a GET request on a previously created HTTP Session.</doc>
<status status="PASS" start="2024-07-18T07:14:35.549558" elapsed="0.103962"/>
</kw>
<kw name="Set Variable" owner="BuiltIn">
<msg time="2024-07-18T07:14:35.654614" level="INFO">${json_data} = {'results': [{'gender': 'female', 'name': {'title': 'Miss', 'first': 'Scarlett', 'last': 'Moore'}, 'location': {'street': {'number': 9192, 'name': 'Penrose Road'}, 'city': 'Nelson', 'state': 'Bay of P...</msg>
<var>${json_data}</var>
<arg>${response.json()}</arg>
<doc>Returns the given values which can then be assigned to a variables.</doc>
<status status="PASS" start="2024-07-18T07:14:35.654068" elapsed="0.000574"/>
</kw>
<kw name="Log" owner="BuiltIn">
<msg time="2024-07-18T07:14:35.655095" level="INFO">{'results': [{'gender': 'female', 'name': {'title': 'Miss', 'first': 'Scarlett', 'last': 'Moore'}, 'location': {'street': {'number': 9192, 'name': 'Penrose Road'}, 'city': 'Nelson', 'state': 'Bay of Plenty', 'country': 'New Zealand', 'postcode': 73432, 'coordinates': {'latitude': '48.6388', 'longitude': '140.9909'}, 'timezone': {'offset': '-11:00', 'description': 'Midway Island, Samoa'}}, 'email': 'scarlett.moore@example.com', 'login': {'uuid': 'e810ea81-b329-4252-856f-043473a48feb', 'username': 'yellowbear328', 'password': 'goose1', 'salt': 'mjMltlrw', 'md5': '803b2a61c3d831e0dc9215f780da628b', 'sha1': 'e8b9b9a0e3ef3a5239e7a120b53b3247a9e86045', 'sha256': '16b14936aa566c6d7200ed0293bef3f319760b00497829b0f7de92d1c9787d9d'}, 'dob': {'date': '1957-08-14T04:43:10.339Z', 'age': 66}, 'registered': {'date': '2007-12-07T03:43:05.234Z', 'age': 16}, 'phone': '(262)-599-7119', 'cell': '(191)-689-5283', 'id': {'name': '', 'value': None}, 'picture': {'large': 'https://randomuser.me/api/portraits/women/43.jpg', 'medium': 'https://randomuser.me/api/portraits/med/women/43.jpg', 'thumbnail': 'https://randomuser.me/api/portraits/thumb/women/43.jpg'}, 'nat': 'NZ'}], 'info': {'seed': '613397ec3684aef0', 'results': 1, 'page': 1, 'version': '1.4'}}</msg>
<arg>${json_data}</arg>
<doc>Logs the given message with the given level.</doc>
<status status="PASS" start="2024-07-18T07:14:35.654944" elapsed="0.000199"/>
</kw>
<kw name="Should Be String" owner="String">
<arg>${json_data['results'][0]['gender']}</arg>
<doc>Fails if the given ``item`` is not a string.</doc>
<status status="PASS" start="2024-07-18T07:14:35.655471" elapsed="0.000365"/>
</kw>
<kw name="Should Match Regexp" owner="BuiltIn">
<arg>${json_data['results'][0]['email']}</arg>
<arg>^[a-zA-Z0-9._%+-]+@[a-zA-Z0-9.-]+\.[a-zA-Z]{2,}$</arg>
<doc>Fails if ``string`` does not match ``pattern`` as a regular expression.</doc>
<status status="PASS" start="2024-07-18T07:14:35.656025" elapsed="0.000516"/>
</kw>
<kw name="Should Match Regexp" owner="BuiltIn">
<arg>${json_data['results'][0]['dob']['date']}</arg>
<arg>\\d{4}-\\d{2}-\\d{2}T\\d{2}:\\d{2}:\\d{2}\\.\\d{3}Z</arg>
<doc>Fails if ``string`` does not match ``pattern`` as a regular expression.</doc>
<status status="PASS" start="2024-07-18T07:14:35.656768" elapsed="0.000604"/>
</kw>
<kw name="Should Match Regexp" owner="BuiltIn">
<arg>${json_data['results'][0]['registered']['date']}</arg>
<arg>\\d{4}-\\d{2}-\\d{2}T\\d{2}:\\d{2}:\\d{2}\\.\\d{3}Z</arg>
<doc>Fails if ``string`` does not match ``pattern`` as a regular expression.</doc>
<status status="PASS" start="2024-07-18T07:14:35.657562" elapsed="0.000364"/>
</kw>
<kw name="Should Match Regexp" owner="BuiltIn">
<arg>${json_data['results'][0]['picture']['large']}</arg>
<arg>^https?://.*\.(?:png|jpe?g|gif|bmp)$</arg>
<doc>Fails if ``string`` does not match ``pattern`` as a regular expression.</doc>
<status status="PASS" start="2024-07-18T07:14:35.658107" elapsed="0.000453"/>
</kw>
<kw name="Should Match Regexp" owner="BuiltIn">
<arg>${json_data['results'][0]['picture']['medium']}</arg>
<arg>^https?://.*\.(?:png|jpe?g|gif|bmp)$</arg>
<doc>Fails if ``string`` does not match ``pattern`` as a regular expression.</doc>
<status status="PASS" start="2024-07-18T07:14:35.658746" elapsed="0.000353"/>
</kw>
<kw name="Should Match Regexp" owner="BuiltIn">
<arg>${json_data['results'][0]['picture']['thumbnail']}</arg>
<arg>^https?://.*\.(?:png|jpe?g|gif|bmp)$</arg>
<doc>Fails if ``string`` does not match ``pattern`` as a regular expression.</doc>
<status status="PASS" start="2024-07-18T07:14:35.659309" elapsed="0.000362"/>
</kw>
<kw name="Log" owner="BuiltIn">
<msg time="2024-07-18T07:14:35.660175" level="INFO">{'large': 'https://randomuser.me/api/portraits/women/43.jpg', 'medium': 'https://randomuser.me/api/portraits/med/women/43.jpg', 'thumbnail': 'https://randomuser.me/api/portraits/thumb/women/43.jpg'}</msg>
<arg>${json_data['results'][0]['picture']}</arg>
<doc>Logs the given message with the given level.</doc>
<status status="PASS" start="2024-07-18T07:14:35.659852" elapsed="0.000365"/>
</kw>
<status status="PASS" start="2024-07-18T07:14:35.549336" elapsed="0.111142"/>
</kw>
<kw name="Teste de Tipos de Dados - Postcode" owner="random-user-service">
<kw name="GET On Session" owner="RequestsLibrary">
<msg time="2024-07-18T07:14:35.763729" level="INFO">GET Request : url=https://randomuser.me/api 
 path_url=/api 
 headers={'User-Agent': 'python-requests/2.32.3', 'Accept-Encoding': 'gzip, deflate', 'Accept': '*/*', 'Connection': 'keep-alive'} 
 body=None 
 </msg>
<msg time="2024-07-18T07:14:35.763808" level="INFO">GET Response : url=https://randomuser.me/api 
 status=200, reason=OK 
 headers={'Date': 'Thu, 18 Jul 2024 07:14:35 GMT', 'Content-Type': 'application/json; charset=utf-8', 'Transfer-Encoding': 'chunked', 'Connection': 'keep-alive', 'X-Powered-By': 'Express', 'Access-Control-Allow-Origin': '*', 'Cache-Control': 'no-cache', 'ETag': 'W/"486-pd48K+eT5Kai7KwC1EmFk54p/TM"', 'Vary': 'Accept-Encoding', 'Content-Encoding': 'gzip', 'CF-Cache-Status': 'DYNAMIC', 'Report-To': '{"endpoints":[{"url":"https:\\/\\/a.nel.cloudflare.com\\/report\\/v4?s=iGC5DVOhg3fzCX1xNWEYVVtXz2aU%2Fy76n4UrgyvFMuJUOSC1i3qqBNJ9KO5tGVFwRuMqJoiz%2BnDMFJBaNpcgubtl30u7jcvhgCFOx%2BCvExaMpyCJleYA5U1QbTfo4zm%2B"}],"group":"cf-nel","max_age":604800}', 'NEL': '{"success_fraction":0,"report_to":"cf-nel","max_age":604800}', 'Server': 'cloudflare', 'CF-RAY': '8a50acfced04531f-LAX', 'alt-svc': 'h3=":443"; ma=86400'} 
 body={"results":[{"gender":"male","name":{"title":"Mr","first":"Connor","last":"Jones"},"location":{"street":{"number":3371,"name":"Devonport Road"},"city":"Porirua","state":"Taranaki","country":"New Zealand","postcode":32544,"coordinates":{"latitude":"49.5140","longitude":"-90.0058"},"timezone":{"offset":"+5:30","description":"Bombay, Calcutta, Madras, New Delhi"}},"email":"connor.jones@example.com","login":{"uuid":"35b53ab4-b0da-4e04-b492-1f8a1f836914","username":"organiccat181","password":"davies","salt":"Rc1O4brD","md5":"e6dacdf8ca4e75f94713e92163186483","sha1":"a8611259b27f86aac04bd845001c2de0172a8721","sha256":"9343c82dea89aef9b41dd812aaa3054b02126795a1fe41192e1003e74e62cd1c"},"dob":{"date":"1998-03-27T10:08:25.350Z","age":26},"registered":{"date":"2012-06-18T17:11:35.415Z","age":12},"phone":"(095)-145-1276","cell":"(073)-591-0621","id":{"name":"","value":null},"picture":{"large":"https://randomuser.me/api/portraits/men/63.jpg","medium":"https://randomuser.me/api/portraits/med/men/63.jpg","thumbnail":"https://randomuser.me/api/portraits/thumb/men/63.jpg"},"nat":"NZ"}],"info":{"seed":"9adcff4f680e66dd","results":1,"page":1,"version":"1.4"}} 
 </msg>
<msg time="2024-07-18T07:14:35.763878" level="INFO">/opt/hostedtoolcache/Python/3.12.4/x64/lib/python3.12/site-packages/urllib3/connectionpool.py:1099: InsecureRequestWarning: Unverified HTTPS request is being made to host 'randomuser.me'. Adding certificate verification is strongly advised. See: https://urllib3.readthedocs.io/en/latest/advanced-usage.html#tls-warnings
  warnings.warn(</msg>
<msg time="2024-07-18T07:14:35.764007" level="INFO">${response} = &lt;Response [200]&gt;</msg>
<var>${response}</var>
<arg>consultarAPI</arg>
<arg>/api</arg>
<doc>Sends a GET request on a previously created HTTP Session.</doc>
<status status="PASS" start="2024-07-18T07:14:35.660909" elapsed="0.103168"/>
</kw>
<kw name="Set Variable" owner="BuiltIn">
<msg time="2024-07-18T07:14:35.764944" level="INFO">${json_data} = {'results': [{'gender': 'male', 'name': {'title': 'Mr', 'first': 'Connor', 'last': 'Jones'}, 'location': {'street': {'number': 3371, 'name': 'Devonport Road'}, 'city': 'Porirua', 'state': 'Taranaki', ...</msg>
<var>${json_data}</var>
<arg>${response.json()}</arg>
<doc>Returns the given values which can then be assigned to a variables.</doc>
<status status="PASS" start="2024-07-18T07:14:35.764491" elapsed="0.000481"/>
</kw>
<kw name="Log" owner="BuiltIn">
<msg time="2024-07-18T07:14:35.765426" level="INFO">{'results': [{'gender': 'male', 'name': {'title': 'Mr', 'first': 'Connor', 'last': 'Jones'}, 'location': {'street': {'number': 3371, 'name': 'Devonport Road'}, 'city': 'Porirua', 'state': 'Taranaki', 'country': 'New Zealand', 'postcode': 32544, 'coordinates': {'latitude': '49.5140', 'longitude': '-90.0058'}, 'timezone': {'offset': '+5:30', 'description': 'Bombay, Calcutta, Madras, New Delhi'}}, 'email': 'connor.jones@example.com', 'login': {'uuid': '35b53ab4-b0da-4e04-b492-1f8a1f836914', 'username': 'organiccat181', 'password': 'davies', 'salt': 'Rc1O4brD', 'md5': 'e6dacdf8ca4e75f94713e92163186483', 'sha1': 'a8611259b27f86aac04bd845001c2de0172a8721', 'sha256': '9343c82dea89aef9b41dd812aaa3054b02126795a1fe41192e1003e74e62cd1c'}, 'dob': {'date': '1998-03-27T10:08:25.350Z', 'age': 26}, 'registered': {'date': '2012-06-18T17:11:35.415Z', 'age': 12}, 'phone': '(095)-145-1276', 'cell': '(073)-591-0621', 'id': {'name': '', 'value': None}, 'picture': {'large': 'https://randomuser.me/api/portraits/men/63.jpg', 'medium': 'https://randomuser.me/api/portraits/med/men/63.jpg', 'thumbnail': 'https://randomuser.me/api/portraits/thumb/men/63.jpg'}, 'nat': 'NZ'}], 'info': {'seed': '9adcff4f680e66dd', 'results': 1, 'page': 1, 'version': '1.4'}}</msg>
<arg>${json_data}</arg>
<doc>Logs the given message with the given level.</doc>
<status status="PASS" start="2024-07-18T07:14:35.765275" elapsed="0.000196"/>
</kw>
<kw name="Should Be Equal As Numbers" owner="BuiltIn">
<arg>${json_data['results'][0]['location']['postcode']}</arg>
<arg>${json_data['results'][0]['location']['postcode']}</arg>
<doc>Fails if objects are unequal after converting them to real numbers.</doc>
<status status="PASS" start="2024-07-18T07:14:35.765758" elapsed="0.000610"/>
</kw>
<kw name="Log" owner="BuiltIn">
<msg time="2024-07-18T07:14:35.766895" level="INFO">32544</msg>
<arg>${json_data['results'][0]['location']['postcode']}</arg>
<doc>Logs the given message with the given level.</doc>
<status status="PASS" start="2024-07-18T07:14:35.766568" elapsed="0.000367"/>
</kw>
<status status="PASS" start="2024-07-18T07:14:35.660693" elapsed="0.106513"/>
</kw>
<doc>Testa se os tipos de dados na resposta da API estão corretos.</doc>
<tag>testeTiposDados</tag>
<status status="PASS" start="2024-07-18T07:14:35.548910" elapsed="0.218511"/>
</test>
<test id="s1-s1-t5" name="Validar conteudo" line="35">
<kw name="Teste de Tipos de Conteudo" owner="random-user-service">
<kw name="GET On Session" owner="RequestsLibrary">
<msg time="2024-07-18T07:14:35.865986" level="INFO">GET Request : url=https://randomuser.me/api 
 path_url=/api 
 headers={'User-Agent': 'python-requests/2.32.3', 'Accept-Encoding': 'gzip, deflate', 'Accept': '*/*', 'Connection': 'keep-alive'} 
 body=None 
 </msg>
<msg time="2024-07-18T07:14:35.866063" level="INFO">GET Response : url=https://randomuser.me/api 
 status=200, reason=OK 
 headers={'Date': 'Thu, 18 Jul 2024 07:14:35 GMT', 'Content-Type': 'application/json; charset=utf-8', 'Transfer-Encoding': 'chunked', 'Connection': 'keep-alive', 'X-Powered-By': 'Express', 'Access-Control-Allow-Origin': '*', 'Cache-Control': 'no-cache', 'ETag': 'W/"487-+Y8PF+sYclbcm1wgDsH5i+QYwXc"', 'Vary': 'Accept-Encoding', 'Content-Encoding': 'gzip', 'CF-Cache-Status': 'DYNAMIC', 'Report-To': '{"endpoints":[{"url":"https:\\/\\/a.nel.cloudflare.com\\/report\\/v4?s=Y6Z3VNR5zXf4iy5xIphMKhoKxLerXgQJfpimL9to0gMmyON5MPxa5232HAvdUsoOpeatJorKJynQbbUGWtTOXBoefdow%2F2SSXDWQCXvr1R3sfw%2BIJC9gbC4p4MICyOnc"}],"group":"cf-nel","max_age":604800}', 'NEL': '{"success_fraction":0,"report_to":"cf-nel","max_age":604800}', 'Server': 'cloudflare', 'CF-RAY': '8a50acfd9da4531f-LAX', 'alt-svc': 'h3=":443"; ma=86400'} 
 body={"results":[{"gender":"female","name":{"title":"Miss","first":"Sarah","last":"Petit"},"location":{"street":{"number":8313,"name":"Rue Abel-Gance"},"city":"Rennes","state":"Doubs","country":"France","postcode":47283,"coordinates":{"latitude":"-17.9122","longitude":"25.9334"},"timezone":{"offset":"+6:00","description":"Almaty, Dhaka, Colombo"}},"email":"sarah.petit@example.com","login":{"uuid":"ec0cd5c4-61df-4b53-a88b-8e68ffcfd429","username":"sadlion893","password":"karma","salt":"f38UxnxF","md5":"5b945cc5de8108a17c853d8b07e3034d","sha1":"7e07ac7f725c1f9c5f29f5e66c5c430af45ac11d","sha256":"3e10920a027bfcb59dfc421567edb8a2d5b6aec8a19f8aa7d8799d7e16f0685f"},"dob":{"date":"1969-03-23T11:42:26.788Z","age":55},"registered":{"date":"2013-05-12T05:09:39.164Z","age":11},"phone":"05-79-82-15-52","cell":"06-38-91-39-43","id":{"name":"INSEE","value":"2690226861395 82"},"picture":{"large":"https://randomuser.me/api/portraits/women/94.jpg","medium":"https://randomuser.me/api/portraits/med/women/94.jpg","thumbnail":"https://randomuser.me/api/portraits/thumb/women/94.jpg"},"nat":"FR"}],"info":{"seed":"001aed263475013b","results":1,"page":1,"version":"1.4"}} 
 </msg>
<msg time="2024-07-18T07:14:35.866132" level="INFO">/opt/hostedtoolcache/Python/3.12.4/x64/lib/python3.12/site-packages/urllib3/connectionpool.py:1099: InsecureRequestWarning: Unverified HTTPS request is being made to host 'randomuser.me'. Adding certificate verification is strongly advised. See: https://urllib3.readthedocs.io/en/latest/advanced-usage.html#tls-warnings
  warnings.warn(</msg>
<msg time="2024-07-18T07:14:35.866242" level="INFO">${response} = &lt;Response [200]&gt;</msg>
<var>${response}</var>
<arg>consultarAPI</arg>
<arg>/api</arg>
<doc>Sends a GET request on a previously created HTTP Session.</doc>
<status status="PASS" start="2024-07-18T07:14:35.769820" elapsed="0.096469"/>
</kw>
<kw name="Set Variable" owner="BuiltIn">
<msg time="2024-07-18T07:14:35.867153" level="INFO">${json_data} = {'results': [{'gender': 'female', 'name': {'title': 'Miss', 'first': 'Sarah', 'last': 'Petit'}, 'location': {'street': {'number': 8313, 'name': 'Rue Abel-Gance'}, 'city': 'Rennes', 'state': 'Doubs', '...</msg>
<var>${json_data}</var>
<arg>${response.json()}</arg>
<doc>Returns the given values which can then be assigned to a variables.</doc>
<status status="PASS" start="2024-07-18T07:14:35.866706" elapsed="0.000476"/>
</kw>
<kw name="Set Variable" owner="BuiltIn">
<msg time="2024-07-18T07:14:35.867900" level="INFO">${name_title} = Miss</msg>
<var>${name_title}</var>
<arg>${json_data["results"][0]["name"]["title"]}</arg>
<doc>Returns the given values which can then be assigned to a variables.</doc>
<status status="PASS" start="2024-07-18T07:14:35.867522" elapsed="0.000404"/>
</kw>
<kw name="Create List" owner="BuiltIn">
<msg time="2024-07-18T07:14:35.868361" level="INFO">${allowed_titles} = ['Mr', 'Ms', 'Miss', 'Mrs', 'Madame', 'Monsieur']</msg>
<var>${allowed_titles}</var>
<arg>Mr</arg>
<arg>Ms</arg>
<arg>Miss</arg>
<arg>Mrs</arg>
<arg>Madame</arg>
<arg>Monsieur</arg>
<doc>Returns a list containing given items.</doc>
<status status="PASS" start="2024-07-18T07:14:35.868215" elapsed="0.000170"/>
</kw>
<kw name="List Should Contain Value" owner="Collections">
<arg>${allowed_titles}</arg>
<arg>${name_title}</arg>
<doc>Fails if the ``value`` is not found from ``list``.</doc>
<status status="PASS" start="2024-07-18T07:14:35.868677" elapsed="0.000171"/>
</kw>
<kw name="Set Variable" owner="BuiltIn">
<msg time="2024-07-18T07:14:35.869459" level="INFO">${name_country} = FR</msg>
<var>${name_country}</var>
<arg>${json_data["results"][0]["nat"]}</arg>
<doc>Returns the given values which can then be assigned to a variables.</doc>
<status status="PASS" start="2024-07-18T07:14:35.869022" elapsed="0.000463"/>
</kw>
<kw name="Create List" owner="BuiltIn">
<msg time="2024-07-18T07:14:35.870371" level="INFO">${list_country} = ['AD', 'AE', 'AF', 'AG', 'AI', 'AL', 'AM', 'AO', 'AQ', 'AR', 'AS', 'AT', 'AU', 'AW', 'AX', 'AZ', 'BA', 'BB', 'BD', 'BE', 'BF', 'BG', 'BH', 'BI', 'BJ', 'BL', 'BM', 'BN', 'BO', 'BQ', 'BR', 'BS', 'BT', '...</msg>
<var>${list_country}</var>
<arg>AD</arg>
<arg>AE</arg>
<arg>AF</arg>
<arg>AG</arg>
<arg>AI</arg>
<arg>AL</arg>
<arg>AM</arg>
<arg>AO</arg>
<arg>AQ</arg>
<arg>AR</arg>
<arg>AS</arg>
<arg>AT</arg>
<arg>AU</arg>
<arg>AW</arg>
<arg>AX</arg>
<arg>AZ</arg>
<arg>BA</arg>
<arg>BB</arg>
<arg>BD</arg>
<arg>BE</arg>
<arg>BF</arg>
<arg>BG</arg>
<arg>BH</arg>
<arg>BI</arg>
<arg>BJ</arg>
<arg>BL</arg>
<arg>BM</arg>
<arg>BN</arg>
<arg>BO</arg>
<arg>BQ</arg>
<arg>BR</arg>
<arg>BS</arg>
<arg>BT</arg>
<arg>BV</arg>
<arg>BW</arg>
<arg>BY</arg>
<arg>BZ</arg>
<arg>CA</arg>
<arg>CC</arg>
<arg>CD</arg>
<arg>CF</arg>
<arg>CG</arg>
<arg>CH</arg>
<arg>CI</arg>
<arg>CK</arg>
<arg>CL</arg>
<arg>CM</arg>
<arg>CN</arg>
<arg>CO</arg>
<arg>CR</arg>
<arg>CU</arg>
<arg>CV</arg>
<arg>CW</arg>
<arg>CX</arg>
<arg>CY</arg>
<arg>CZ</arg>
<arg>DE</arg>
<arg>DJ</arg>
<arg>DK</arg>
<arg>DM</arg>
<arg>DO</arg>
<arg>DZ</arg>
<arg>EC</arg>
<arg>EE</arg>
<arg>EG</arg>
<arg>EH</arg>
<arg>ER</arg>
<arg>ES</arg>
<arg>ET</arg>
<arg>FI</arg>
<arg>FJ</arg>
<arg>FK</arg>
<arg>FM</arg>
<arg>FO</arg>
<arg>FR</arg>
<arg>GA</arg>
<arg>GB</arg>
<arg>GD</arg>
<arg>GE</arg>
<arg>GF</arg>
<arg>GG</arg>
<arg>GH</arg>
<arg>GI</arg>
<arg>GL</arg>
<arg>GM</arg>
<arg>GN</arg>
<arg>GP</arg>
<arg>GQ</arg>
<arg>GR</arg>
<arg>GS</arg>
<arg>GT</arg>
<arg>GU</arg>
<arg>GW</arg>
<arg>GY</arg>
<arg>HK</arg>
<arg>HM</arg>
<arg>HN</arg>
<arg>HR</arg>
<arg>HT</arg>
<arg>HU</arg>
<arg>ID</arg>
<arg>IE</arg>
<arg>IL</arg>
<arg>IM</arg>
<arg>IN</arg>
<arg>IO</arg>
<arg>IQ</arg>
<arg>IR</arg>
<arg>IS</arg>
<arg>IT</arg>
<arg>JE</arg>
<arg>JM</arg>
<arg>JO</arg>
<arg>JP</arg>
<arg>KE</arg>
<arg>KG</arg>
<arg>KH</arg>
<arg>KI</arg>
<arg>KM</arg>
<arg>KN</arg>
<arg>KP</arg>
<arg>KR</arg>
<arg>KW</arg>
<arg>KY</arg>
<arg>KZ</arg>
<arg>LA</arg>
<arg>LB</arg>
<arg>LC</arg>
<arg>LI</arg>
<arg>LK</arg>
<arg>LR</arg>
<arg>LS</arg>
<arg>LT</arg>
<arg>LU</arg>
<arg>LV</arg>
<arg>LY</arg>
<arg>MA</arg>
<arg>MC</arg>
<arg>MD</arg>
<arg>ME</arg>
<arg>MF</arg>
<arg>MG</arg>
<arg>MH</arg>
<arg>MK</arg>
<arg>ML</arg>
<arg>MM</arg>
<arg>MN</arg>
<arg>MO</arg>
<arg>MP</arg>
<arg>MQ</arg>
<arg>MR</arg>
<arg>MS</arg>
<arg>MT</arg>
<arg>MU</arg>
<arg>MV</arg>
<arg>MW</arg>
<arg>MX</arg>
<arg>MY</arg>
<arg>MZ</arg>
<arg>NA</arg>
<arg>NC</arg>
<arg>NE</arg>
<arg>NF</arg>
<arg>NG</arg>
<arg>NI</arg>
<arg>NL</arg>
<arg>NO</arg>
<arg>NP</arg>
<arg>NR</arg>
<arg>NU</arg>
<arg>NZ</arg>
<arg>OM</arg>
<arg>PA</arg>
<arg>PE</arg>
<arg>PF</arg>
<arg>PG</arg>
<arg>PH</arg>
<arg>PK</arg>
<arg>PL</arg>
<arg>PM</arg>
<arg>PN</arg>
<arg>PR</arg>
<arg>PS</arg>
<arg>PT</arg>
<arg>PW</arg>
<arg>PY</arg>
<arg>QA</arg>
<arg>RE</arg>
<arg>RO</arg>
<arg>RS</arg>
<arg>RU</arg>
<arg>RW</arg>
<arg>SA</arg>
<arg>SB</arg>
<arg>SC</arg>
<arg>SD</arg>
<arg>SE</arg>
<arg>SG</arg>
<arg>SH</arg>
<arg>SI</arg>
<arg>SJ</arg>
<arg>SK</arg>
<arg>SL</arg>
<arg>SM</arg>
<arg>SN</arg>
<arg>SO</arg>
<arg>SR</arg>
<arg>SS</arg>
<arg>ST</arg>
<arg>SV</arg>
<arg>SX</arg>
<arg>SY</arg>
<arg>SZ</arg>
<arg>TC</arg>
<arg>TD</arg>
<arg>TF</arg>
<arg>TG</arg>
<arg>TH</arg>
<arg>TJ</arg>
<arg>TK</arg>
<arg>TL</arg>
<arg>TM</arg>
<arg>TN</arg>
<arg>TO</arg>
<arg>TR</arg>
<arg>TT</arg>
<arg>TV</arg>
<arg>TW</arg>
<arg>TZ</arg>
<arg>UA</arg>
<arg>UG</arg>
<arg>UM</arg>
<arg>US</arg>
<arg>UY</arg>
<arg>UZ</arg>
<arg>VA</arg>
<arg>VC</arg>
<arg>VE</arg>
<arg>VG</arg>
<arg>VI</arg>
<arg>VN</arg>
<arg>VU</arg>
<arg>WF</arg>
<arg>WS</arg>
<arg>XK</arg>
<arg>YE</arg>
<arg>YT</arg>
<arg>ZA</arg>
<arg>ZM</arg>
<arg>ZW</arg>
<doc>Returns a list containing given items.</doc>
<status status="PASS" start="2024-07-18T07:14:35.869778" elapsed="0.000619"/>
</kw>
<kw name="List Should Contain Value" owner="Collections">
<arg>${list_country}</arg>
<arg>${name_country}</arg>
<doc>Fails if the ``value`` is not found from ``list``.</doc>
<status status="PASS" start="2024-07-18T07:14:35.871342" elapsed="0.000209"/>
</kw>
<kw name="Run Keyword If" owner="BuiltIn">
<kw name="Should Be True" owner="BuiltIn">
<arg>${True}</arg>
<doc>Fails if the given condition is not true.</doc>
<status status="PASS" start="2024-07-18T07:14:35.872477" elapsed="0.000141"/>
</kw>
<arg>${json_data["results"][0]["location"]["coordinates"]["latitude"]} &gt;= -90 and ${json_data["results"][0]["location"]["coordinates"]["latitude"]} &lt;= 90</arg>
<arg>Should Be True</arg>
<arg>${True}</arg>
<doc>Runs the given keyword with the given arguments, if ``condition`` is true.</doc>
<status status="PASS" start="2024-07-18T07:14:35.871746" elapsed="0.001003"/>
</kw>
<kw name="Run Keyword If" owner="BuiltIn">
<kw name="Should Be True" owner="BuiltIn">
<arg>${True}</arg>
<doc>Fails if the given condition is not true.</doc>
<status status="PASS" start="2024-07-18T07:14:35.873616" elapsed="0.000136"/>
</kw>
<arg>${json_data["results"][0]["location"]["coordinates"]["longitude"]} &gt;= -180 and ${json_data["results"][0]["location"]["coordinates"]["longitude"]} &lt;= 180</arg>
<arg>Should Be True</arg>
<arg>${True}</arg>
<doc>Runs the given keyword with the given arguments, if ``condition`` is true.</doc>
<status status="PASS" start="2024-07-18T07:14:35.872930" elapsed="0.000945"/>
</kw>
<status status="PASS" start="2024-07-18T07:14:35.769592" elapsed="0.104408"/>
</kw>
<doc>Testa o conteúdo específico dos campos retornados pela API.</doc>
<tag>testeConteudo</tag>
<status status="PASS" start="2024-07-18T07:14:35.769147" elapsed="0.104993"/>
</test>
<status status="PASS" start="2024-07-18T07:14:34.677086" elapsed="1.198980"/>
</suite>
<status status="PASS" start="2024-07-18T07:14:34.662658" elapsed="1.218346"/>
</suite>
<statistics>
<total>
<stat pass="5" fail="0" skip="0">All Tests</stat>
</total>
<tag>
<stat pass="1" fail="0" skip="0">testeConteudo</stat>
<stat pass="1" fail="0" skip="0">testeEstruturaResposta</stat>
<stat pass="1" fail="0" skip="0">testeRequisicaoBasica</stat>
<stat pass="1" fail="0" skip="0">testeTiposDados</stat>
</tag>
<suite>
<stat pass="5" fail="0" skip="0" id="s1" name="Tests">Tests</stat>
<stat pass="5" fail="0" skip="0" id="s1-s1" name="Random-User-Test">Tests.Random-User-Test</stat>
</suite>
</statistics>
<errors>
</errors>
</robot>
