<?xml version="1.0" encoding="UTF-8"?>
<robot generator="Robot 7.0 (Python 3.12.3 on linux)" generated="2024-06-03T06:20:37.212920" rpa="false" schemaversion="5">
<suite id="s1" name="Tests" source="/home/runner/work/ApiRandomUser/ApiRandomUser/RamdonUser/tests">
<suite id="s1-s1" name="Random-User-Test" source="/home/runner/work/ApiRandomUser/ApiRandomUser/RamdonUser/tests/random-user-test.robot">
<test id="s1-s1-t1" name="Conectar" line="13">
<kw name="Conectar API" owner="random-user-service">
<kw name="Create Session" owner="RequestsLibrary">
<msg time="2024-06-03T06:20:37.643915" level="INFO">Creating Session using : alias=consultarAPI, url=https://randomuser.me/, headers={},                     cookies={}, auth=None, timeout=None, proxies=None, verify=False,                     debug=0 </msg>
<arg>consultarAPI</arg>
<arg>${URL}</arg>
<doc>Create Session: create a HTTP session to a server</doc>
<status status="PASS" start="2024-06-03T06:20:37.643701" elapsed="0.000411"/>
</kw>
<status status="PASS" start="2024-06-03T06:20:37.642606" elapsed="0.001887"/>
</kw>
<status status="PASS" start="2024-06-03T06:20:37.641879" elapsed="0.002811"/>
</test>
<test id="s1-s1-t2" name="Validar retorno 200 e JSON Válido" line="16">
<kw name="Teste de Requisicao Basica" owner="random-user-service">
<kw name="GET On Session" owner="RequestsLibrary">
<msg time="2024-06-03T06:20:37.724467" level="INFO">GET Request : url=https://randomuser.me/api 
 path_url=/api 
 headers={'User-Agent': 'python-requests/2.32.3', 'Accept-Encoding': 'gzip, deflate', 'Accept': '*/*', 'Connection': 'keep-alive'} 
 body=None 
 </msg>
<msg time="2024-06-03T06:20:37.724630" level="INFO">GET Response : url=https://randomuser.me/api 
 status=200, reason=OK 
 headers={'Date': 'Mon, 03 Jun 2024 06:20:37 GMT', 'Content-Type': 'application/json; charset=utf-8', 'Transfer-Encoding': 'chunked', 'Connection': 'keep-alive', 'X-Powered-By': 'Express', 'Access-Control-Allow-Origin': '*', 'Cache-Control': 'no-cache', 'ETag': 'W/"476-udNsS5ZquEioeWVpMB/9BTScbq8"', 'Vary': 'Accept-Encoding', 'Content-Encoding': 'gzip', 'CF-Cache-Status': 'DYNAMIC', 'Report-To': '{"endpoints":[{"url":"https:\\/\\/a.nel.cloudflare.com\\/report\\/v4?s=6GZrGs1NyTSzYy3RLG%2B%2BNH0%2BSC56eSo%2BS2Bud6gfaLUHpKs3ZjkMSrkBvFSljQ0hOwqrBrtUeYIrr8nlMCTEA%2BL6cYBcm9yEpm5JJqsmP7cCK2ZPpk%2Bku1wfkYQRFh4e"}],"group":"cf-nel","max_age":604800}', 'NEL': '{"success_fraction":0,"report_to":"cf-nel","max_age":604800}', 'Server': 'cloudflare', 'CF-RAY': '88dd940f8f941101-ORD', 'alt-svc': 'h3=":443"; ma=86400'} 
 body={"results":[{"gender":"male","name":{"title":"Mr","first":"نيما","last":"زارعی"},"location":{"street":{"number":5884,"name":"میدان شهید نامجو"},"city":"خوی","state":"البرز","country":"Iran","postcode":30291,"coordinates":{"latitude":"14.3185","longitude":"-127.7251"},"timezone":{"offset":"+4:30","description":"Kabul"}},"email":"nym.zraay@example.com","login":{"uuid":"e4a9c623-a5ab-4dd9-84ab-17769f9e2891","username":"redpeacock202","password":"dontknow","salt":"NvOT22JV","md5":"3d832cfb291bd49b1a63550904dca67c","sha1":"2c8312c64c78d15bd912e12bbc8211608620c28b","sha256":"5760579cd8a0c5c815587bc517852fc1f3ef92f62bca411b58a90adbe326071e"},"dob":{"date":"1971-04-07T11:48:00.264Z","age":53},"registered":{"date":"2011-09-28T17:30:32.156Z","age":12},"phone":"069-58155008","cell":"0979-334-1456","id":{"name":"","value":null},"picture":{"large":"https://randomuser.me/api/portraits/men/39.jpg","medium":"https://randomuser.me/api/portraits/med/men/39.jpg","thumbnail":"https://randomuser.me/api/portraits/thumb/men/39.jpg"},"nat":"IR"}],"info":{"seed":"4d18f35c119938c2","results":1,"page":1,"version":"1.4"}} 
 </msg>
<msg time="2024-06-03T06:20:37.724718" level="INFO">/opt/hostedtoolcache/Python/3.12.3/x64/lib/python3.12/site-packages/urllib3/connectionpool.py:1103: InsecureRequestWarning: Unverified HTTPS request is being made to host 'randomuser.me'. Adding certificate verification is strongly advised. See: https://urllib3.readthedocs.io/en/latest/advanced-usage.html#tls-warnings
  warnings.warn(</msg>
<msg time="2024-06-03T06:20:37.724882" level="INFO">${response} = &lt;Response [200]&gt;</msg>
<var>${response}</var>
<arg>consultarAPI</arg>
<arg>/api</arg>
<doc>Sends a GET request on a previously created HTTP Session.</doc>
<status status="PASS" start="2024-06-03T06:20:37.647388" elapsed="0.077527"/>
</kw>
<kw name="Should Be Equal As Numbers" owner="BuiltIn">
<msg time="2024-06-03T06:20:37.725928" level="INFO">Argument types are:
&lt;class 'int'&gt;
&lt;class 'str'&gt;</msg>
<arg>${response.status_code}</arg>
<arg>200</arg>
<doc>Fails if objects are unequal after converting them to real numbers.</doc>
<status status="PASS" start="2024-06-03T06:20:37.725469" elapsed="0.000527"/>
</kw>
<kw name="Log" owner="BuiltIn">
<msg time="2024-06-03T06:20:37.726731" level="INFO">200</msg>
<arg>${response.status_code}</arg>
<doc>Logs the given message with the given level.</doc>
<status status="PASS" start="2024-06-03T06:20:37.726343" elapsed="0.000436"/>
</kw>
<kw name="Set Variable" owner="BuiltIn">
<msg time="2024-06-03T06:20:37.727558" level="INFO">${json_data} = {'results': [{'gender': 'male', 'name': {'title': 'Mr', 'first': 'نيما', 'last': 'زارعی'}, 'location': {'street': {'number': 5884, 'name': 'میدان شهید نامجو'}, 'city': 'خوی', 'state': 'البرز', 'countr...</msg>
<var>${json_data}</var>
<arg>${response.json()}</arg>
<doc>Returns the given values which can then be assigned to a variables.</doc>
<status status="PASS" start="2024-06-03T06:20:37.727100" elapsed="0.000488"/>
</kw>
<kw name="Dictionary Should Contain Key" owner="Collections">
<msg time="2024-06-03T06:20:37.728063" level="INFO">False</msg>
<arg>${json_data}</arg>
<arg>results</arg>
<doc>Fails if ``key`` is not found from ``dictionary``.</doc>
<status status="PASS" start="2024-06-03T06:20:37.727893" elapsed="0.000379"/>
</kw>
<status status="PASS" start="2024-06-03T06:20:37.647136" elapsed="0.081414"/>
</kw>
<doc>Testa se a API responde corretamente e retorna um objeto JSON válido.</doc>
<tag>testeRequisicaoBasica</tag>
<status status="PASS" start="2024-06-03T06:20:37.646600" elapsed="0.082138"/>
</test>
<test id="s1-s1-t3" name="Validar estrutura de resposta" line="22">
<kw name="Teste de Estrutura de Resposta" owner="random-user-service">
<kw name="GET On Session" owner="RequestsLibrary">
<msg time="2024-06-03T06:20:37.839099" level="INFO">GET Request : url=https://randomuser.me/api 
 path_url=/api 
 headers={'User-Agent': 'python-requests/2.32.3', 'Accept-Encoding': 'gzip, deflate', 'Accept': '*/*', 'Connection': 'keep-alive'} 
 body=None 
 </msg>
<msg time="2024-06-03T06:20:37.839219" level="INFO">GET Response : url=https://randomuser.me/api 
 status=200, reason=OK 
 headers={'Date': 'Mon, 03 Jun 2024 06:20:37 GMT', 'Content-Type': 'application/json; charset=utf-8', 'Transfer-Encoding': 'chunked', 'Connection': 'keep-alive', 'X-Powered-By': 'Express', 'Access-Control-Allow-Origin': '*', 'Cache-Control': 'no-cache', 'ETag': 'W/"489-agkdYhTKWsTQNC8lebTY3KG0Gzk"', 'Vary': 'Accept-Encoding', 'Content-Encoding': 'gzip', 'CF-Cache-Status': 'DYNAMIC', 'Report-To': '{"endpoints":[{"url":"https:\\/\\/a.nel.cloudflare.com\\/report\\/v4?s=Y5z%2FonYCmWq4AGzkQggJbF2QgsmqIE3e99dlxcbBekUMZz5ITNMnMI6dOH0IKEXvJLgaHk4vtCabJJjIUcHjubnd8lKkzMIkReUyD8Qc3m26liD3vfCOLk2EsWBIQypK"}],"group":"cf-nel","max_age":604800}', 'NEL': '{"success_fraction":0,"report_to":"cf-nel","max_age":604800}', 'Server': 'cloudflare', 'CF-RAY': '88dd940fdfd21101-ORD', 'alt-svc': 'h3=":443"; ma=86400'} 
 body={"results":[{"gender":"female","name":{"title":"Mrs","first":"Samira","last":"Söllner"},"location":{"street":{"number":1858,"name":"Ringstraße"},"city":"Ramstein-Miesenbach","state":"Saarland","country":"Germany","postcode":80665,"coordinates":{"latitude":"-55.2614","longitude":"95.9905"},"timezone":{"offset":"+5:45","description":"Kathmandu"}},"email":"samira.sollner@example.com","login":{"uuid":"de8b2cbb-cbe9-4fb6-b2f0-fadca3fb5b74","username":"angryzebra713","password":"wood","salt":"R3L0Szok","md5":"ad2198e0bf7de8f4a50e1a94ea31c291","sha1":"45680a5b86b0c6bc960f0ff7f67c02e38ab8da2d","sha256":"4f5122ac9f5ec90c8a13c342ab0a2e4a182c4e4b9d2b771a6d15770ea504e2d3"},"dob":{"date":"1994-02-02T22:28:59.472Z","age":30},"registered":{"date":"2018-02-20T04:56:55.845Z","age":6},"phone":"0297-3742032","cell":"0178-4283533","id":{"name":"SVNR","value":"56 020294 S 753"},"picture":{"large":"https://randomuser.me/api/portraits/women/66.jpg","medium":"https://randomuser.me/api/portraits/med/women/66.jpg","thumbnail":"https://randomuser.me/api/portraits/thumb/women/66.jpg"},"nat":"DE"}],"info":{"seed":"1bb39dec7976c601","results":1,"page":1,"version":"1.4"}} 
 </msg>
<msg time="2024-06-03T06:20:37.839368" level="INFO">/opt/hostedtoolcache/Python/3.12.3/x64/lib/python3.12/site-packages/urllib3/connectionpool.py:1103: InsecureRequestWarning: Unverified HTTPS request is being made to host 'randomuser.me'. Adding certificate verification is strongly advised. See: https://urllib3.readthedocs.io/en/latest/advanced-usage.html#tls-warnings
  warnings.warn(</msg>
<msg time="2024-06-03T06:20:37.839538" level="INFO">${response} = &lt;Response [200]&gt;</msg>
<var>${response}</var>
<arg>consultarAPI</arg>
<arg>/api</arg>
<doc>Sends a GET request on a previously created HTTP Session.</doc>
<status status="PASS" start="2024-06-03T06:20:37.731497" elapsed="0.108082"/>
</kw>
<kw name="Set Variable" owner="BuiltIn">
<msg time="2024-06-03T06:20:37.840831" level="INFO">${json_data} = {'results': [{'gender': 'female', 'name': {'title': 'Mrs', 'first': 'Samira', 'last': 'Söllner'}, 'location': {'street': {'number': 1858, 'name': 'Ringstraße'}, 'city': 'Ramstein-Miesenbach', 'state':...</msg>
<var>${json_data}</var>
<arg>${response.json()}</arg>
<doc>Returns the given values which can then be assigned to a variables.</doc>
<status status="PASS" start="2024-06-03T06:20:37.840202" elapsed="0.000660"/>
</kw>
<kw name="Log" owner="BuiltIn">
<msg time="2024-06-03T06:20:37.841354" level="INFO">{'results': [{'gender': 'female', 'name': {'title': 'Mrs', 'first': 'Samira', 'last': 'Söllner'}, 'location': {'street': {'number': 1858, 'name': 'Ringstraße'}, 'city': 'Ramstein-Miesenbach', 'state': 'Saarland', 'country': 'Germany', 'postcode': 80665, 'coordinates': {'latitude': '-55.2614', 'longitude': '95.9905'}, 'timezone': {'offset': '+5:45', 'description': 'Kathmandu'}}, 'email': 'samira.sollner@example.com', 'login': {'uuid': 'de8b2cbb-cbe9-4fb6-b2f0-fadca3fb5b74', 'username': 'angryzebra713', 'password': 'wood', 'salt': 'R3L0Szok', 'md5': 'ad2198e0bf7de8f4a50e1a94ea31c291', 'sha1': '45680a5b86b0c6bc960f0ff7f67c02e38ab8da2d', 'sha256': '4f5122ac9f5ec90c8a13c342ab0a2e4a182c4e4b9d2b771a6d15770ea504e2d3'}, 'dob': {'date': '1994-02-02T22:28:59.472Z', 'age': 30}, 'registered': {'date': '2018-02-20T04:56:55.845Z', 'age': 6}, 'phone': '0297-3742032', 'cell': '0178-4283533', 'id': {'name': 'SVNR', 'value': '56 020294 S 753'}, 'picture': {'large': 'https://randomuser.me/api/portraits/women/66.jpg', 'medium': 'https://randomuser.me/api/portraits/med/women/66.jpg', 'thumbnail': 'https://randomuser.me/api/portraits/thumb/women/66.jpg'}, 'nat': 'DE'}], 'info': {'seed': '1bb39dec7976c601', 'results': 1, 'page': 1, 'version': '1.4'}}</msg>
<arg>${json_data}</arg>
<doc>Logs the given message with the given level.</doc>
<status status="PASS" start="2024-06-03T06:20:37.841184" elapsed="0.000221"/>
</kw>
<kw name="Dictionary Should Contain Key" owner="Collections">
<msg time="2024-06-03T06:20:37.841874" level="INFO">False</msg>
<arg>${json_data}</arg>
<arg>results</arg>
<doc>Fails if ``key`` is not found from ``dictionary``.</doc>
<status status="PASS" start="2024-06-03T06:20:37.841713" elapsed="0.000199"/>
</kw>
<kw name="Should Not Be Empty" owner="BuiltIn">
<msg time="2024-06-03T06:20:37.842364" level="INFO">Length is 2.</msg>
<arg>${json_data}</arg>
<doc>Verifies that the given item is not empty.</doc>
<status status="PASS" start="2024-06-03T06:20:37.842222" elapsed="0.000185"/>
</kw>
<kw name="Create List" owner="BuiltIn">
<msg time="2024-06-03T06:20:37.842953" level="INFO">${expected_keys} = ['gender', 'name', 'location', 'email', 'login']</msg>
<var>${expected_keys}</var>
<arg>gender</arg>
<arg>name</arg>
<arg>location</arg>
<arg>email</arg>
<arg>login</arg>
<doc>Returns a list containing given items.</doc>
<status status="PASS" start="2024-06-03T06:20:37.842801" elapsed="0.000176"/>
</kw>
<for flavor="IN">
<iter>
<kw name="Dictionary Should Contain Key" owner="Collections">
<msg time="2024-06-03T06:20:37.844019" level="INFO">False</msg>
<arg>${json_data['results'][0]}</arg>
<arg>${key}</arg>
<doc>Fails if ``key`` is not found from ``dictionary``.</doc>
<status status="PASS" start="2024-06-03T06:20:37.843613" elapsed="0.000449"/>
</kw>
<kw name="Log" owner="BuiltIn">
<msg time="2024-06-03T06:20:37.844725" level="INFO">{'gender': 'female', 'name': {'title': 'Mrs', 'first': 'Samira', 'last': 'Söllner'}, 'location': {'street': {'number': 1858, 'name': 'Ringstraße'}, 'city': 'Ramstein-Miesenbach', 'state': 'Saarland', 'country': 'Germany', 'postcode': 80665, 'coordinates': {'latitude': '-55.2614', 'longitude': '95.9905'}, 'timezone': {'offset': '+5:45', 'description': 'Kathmandu'}}, 'email': 'samira.sollner@example.com', 'login': {'uuid': 'de8b2cbb-cbe9-4fb6-b2f0-fadca3fb5b74', 'username': 'angryzebra713', 'password': 'wood', 'salt': 'R3L0Szok', 'md5': 'ad2198e0bf7de8f4a50e1a94ea31c291', 'sha1': '45680a5b86b0c6bc960f0ff7f67c02e38ab8da2d', 'sha256': '4f5122ac9f5ec90c8a13c342ab0a2e4a182c4e4b9d2b771a6d15770ea504e2d3'}, 'dob': {'date': '1994-02-02T22:28:59.472Z', 'age': 30}, 'registered': {'date': '2018-02-20T04:56:55.845Z', 'age': 6}, 'phone': '0297-3742032', 'cell': '0178-4283533', 'id': {'name': 'SVNR', 'value': '56 020294 S 753'}, 'picture': {'large': 'https://randomuser.me/api/portraits/women/66.jpg', 'medium': 'https://randomuser.me/api/portraits/med/women/66.jpg', 'thumbnail': 'https://randomuser.me/api/portraits/thumb/women/66.jpg'}, 'nat': 'DE'}</msg>
<arg>${json_data['results'][0]}</arg>
<doc>Logs the given message with the given level.</doc>
<status status="PASS" start="2024-06-03T06:20:37.844363" elapsed="0.000413"/>
</kw>
<kw name="Log" owner="BuiltIn">
<msg time="2024-06-03T06:20:37.845214" level="INFO">gender</msg>
<arg>${key}</arg>
<doc>Logs the given message with the given level.</doc>
<status status="PASS" start="2024-06-03T06:20:37.845083" elapsed="0.000170"/>
</kw>
<var name="${key}">gender</var>
<status status="PASS" start="2024-06-03T06:20:37.843484" elapsed="0.001988"/>
</iter>
<iter>
<kw name="Dictionary Should Contain Key" owner="Collections">
<msg time="2024-06-03T06:20:37.846163" level="INFO">False</msg>
<arg>${json_data['results'][0]}</arg>
<arg>${key}</arg>
<doc>Fails if ``key`` is not found from ``dictionary``.</doc>
<status status="PASS" start="2024-06-03T06:20:37.845777" elapsed="0.000423"/>
</kw>
<kw name="Log" owner="BuiltIn">
<msg time="2024-06-03T06:20:37.846940" level="INFO">{'gender': 'female', 'name': {'title': 'Mrs', 'first': 'Samira', 'last': 'Söllner'}, 'location': {'street': {'number': 1858, 'name': 'Ringstraße'}, 'city': 'Ramstein-Miesenbach', 'state': 'Saarland', 'country': 'Germany', 'postcode': 80665, 'coordinates': {'latitude': '-55.2614', 'longitude': '95.9905'}, 'timezone': {'offset': '+5:45', 'description': 'Kathmandu'}}, 'email': 'samira.sollner@example.com', 'login': {'uuid': 'de8b2cbb-cbe9-4fb6-b2f0-fadca3fb5b74', 'username': 'angryzebra713', 'password': 'wood', 'salt': 'R3L0Szok', 'md5': 'ad2198e0bf7de8f4a50e1a94ea31c291', 'sha1': '45680a5b86b0c6bc960f0ff7f67c02e38ab8da2d', 'sha256': '4f5122ac9f5ec90c8a13c342ab0a2e4a182c4e4b9d2b771a6d15770ea504e2d3'}, 'dob': {'date': '1994-02-02T22:28:59.472Z', 'age': 30}, 'registered': {'date': '2018-02-20T04:56:55.845Z', 'age': 6}, 'phone': '0297-3742032', 'cell': '0178-4283533', 'id': {'name': 'SVNR', 'value': '56 020294 S 753'}, 'picture': {'large': 'https://randomuser.me/api/portraits/women/66.jpg', 'medium': 'https://randomuser.me/api/portraits/med/women/66.jpg', 'thumbnail': 'https://randomuser.me/api/portraits/thumb/women/66.jpg'}, 'nat': 'DE'}</msg>
<arg>${json_data['results'][0]}</arg>
<doc>Logs the given message with the given level.</doc>
<status status="PASS" start="2024-06-03T06:20:37.846567" elapsed="0.000423"/>
</kw>
<kw name="Log" owner="BuiltIn">
<msg time="2024-06-03T06:20:37.847420" level="INFO">name</msg>
<arg>${key}</arg>
<doc>Logs the given message with the given level.</doc>
<status status="PASS" start="2024-06-03T06:20:37.847291" elapsed="0.000166"/>
</kw>
<var name="${key}">name</var>
<status status="PASS" start="2024-06-03T06:20:37.845662" elapsed="0.002020"/>
</iter>
<iter>
<kw name="Dictionary Should Contain Key" owner="Collections">
<msg time="2024-06-03T06:20:37.848354" level="INFO">False</msg>
<arg>${json_data['results'][0]}</arg>
<arg>${key}</arg>
<doc>Fails if ``key`` is not found from ``dictionary``.</doc>
<status status="PASS" start="2024-06-03T06:20:37.847977" elapsed="0.000414"/>
</kw>
<kw name="Log" owner="BuiltIn">
<msg time="2024-06-03T06:20:37.849064" level="INFO">{'gender': 'female', 'name': {'title': 'Mrs', 'first': 'Samira', 'last': 'Söllner'}, 'location': {'street': {'number': 1858, 'name': 'Ringstraße'}, 'city': 'Ramstein-Miesenbach', 'state': 'Saarland', 'country': 'Germany', 'postcode': 80665, 'coordinates': {'latitude': '-55.2614', 'longitude': '95.9905'}, 'timezone': {'offset': '+5:45', 'description': 'Kathmandu'}}, 'email': 'samira.sollner@example.com', 'login': {'uuid': 'de8b2cbb-cbe9-4fb6-b2f0-fadca3fb5b74', 'username': 'angryzebra713', 'password': 'wood', 'salt': 'R3L0Szok', 'md5': 'ad2198e0bf7de8f4a50e1a94ea31c291', 'sha1': '45680a5b86b0c6bc960f0ff7f67c02e38ab8da2d', 'sha256': '4f5122ac9f5ec90c8a13c342ab0a2e4a182c4e4b9d2b771a6d15770ea504e2d3'}, 'dob': {'date': '1994-02-02T22:28:59.472Z', 'age': 30}, 'registered': {'date': '2018-02-20T04:56:55.845Z', 'age': 6}, 'phone': '0297-3742032', 'cell': '0178-4283533', 'id': {'name': 'SVNR', 'value': '56 020294 S 753'}, 'picture': {'large': 'https://randomuser.me/api/portraits/women/66.jpg', 'medium': 'https://randomuser.me/api/portraits/med/women/66.jpg', 'thumbnail': 'https://randomuser.me/api/portraits/thumb/women/66.jpg'}, 'nat': 'DE'}</msg>
<arg>${json_data['results'][0]}</arg>
<doc>Logs the given message with the given level.</doc>
<status status="PASS" start="2024-06-03T06:20:37.848699" elapsed="0.000425"/>
</kw>
<kw name="Log" owner="BuiltIn">
<msg time="2024-06-03T06:20:37.849550" level="INFO">location</msg>
<arg>${key}</arg>
<doc>Logs the given message with the given level.</doc>
<status status="PASS" start="2024-06-03T06:20:37.849424" elapsed="0.000164"/>
</kw>
<var name="${key}">location</var>
<status status="PASS" start="2024-06-03T06:20:37.847863" elapsed="0.001942"/>
</iter>
<iter>
<kw name="Dictionary Should Contain Key" owner="Collections">
<msg time="2024-06-03T06:20:37.850624" level="INFO">False</msg>
<arg>${json_data['results'][0]}</arg>
<arg>${key}</arg>
<doc>Fails if ``key`` is not found from ``dictionary``.</doc>
<status status="PASS" start="2024-06-03T06:20:37.850088" elapsed="0.000574"/>
</kw>
<kw name="Log" owner="BuiltIn">
<msg time="2024-06-03T06:20:37.851325" level="INFO">{'gender': 'female', 'name': {'title': 'Mrs', 'first': 'Samira', 'last': 'Söllner'}, 'location': {'street': {'number': 1858, 'name': 'Ringstraße'}, 'city': 'Ramstein-Miesenbach', 'state': 'Saarland', 'country': 'Germany', 'postcode': 80665, 'coordinates': {'latitude': '-55.2614', 'longitude': '95.9905'}, 'timezone': {'offset': '+5:45', 'description': 'Kathmandu'}}, 'email': 'samira.sollner@example.com', 'login': {'uuid': 'de8b2cbb-cbe9-4fb6-b2f0-fadca3fb5b74', 'username': 'angryzebra713', 'password': 'wood', 'salt': 'R3L0Szok', 'md5': 'ad2198e0bf7de8f4a50e1a94ea31c291', 'sha1': '45680a5b86b0c6bc960f0ff7f67c02e38ab8da2d', 'sha256': '4f5122ac9f5ec90c8a13c342ab0a2e4a182c4e4b9d2b771a6d15770ea504e2d3'}, 'dob': {'date': '1994-02-02T22:28:59.472Z', 'age': 30}, 'registered': {'date': '2018-02-20T04:56:55.845Z', 'age': 6}, 'phone': '0297-3742032', 'cell': '0178-4283533', 'id': {'name': 'SVNR', 'value': '56 020294 S 753'}, 'picture': {'large': 'https://randomuser.me/api/portraits/women/66.jpg', 'medium': 'https://randomuser.me/api/portraits/med/women/66.jpg', 'thumbnail': 'https://randomuser.me/api/portraits/thumb/women/66.jpg'}, 'nat': 'DE'}</msg>
<arg>${json_data['results'][0]}</arg>
<doc>Logs the given message with the given level.</doc>
<status status="PASS" start="2024-06-03T06:20:37.850963" elapsed="0.000411"/>
</kw>
<kw name="Log" owner="BuiltIn">
<msg time="2024-06-03T06:20:37.851799" level="INFO">email</msg>
<arg>${key}</arg>
<doc>Logs the given message with the given level.</doc>
<status status="PASS" start="2024-06-03T06:20:37.851672" elapsed="0.000163"/>
</kw>
<var name="${key}">email</var>
<status status="PASS" start="2024-06-03T06:20:37.849976" elapsed="0.002080"/>
</iter>
<iter>
<kw name="Dictionary Should Contain Key" owner="Collections">
<msg time="2024-06-03T06:20:37.852733" level="INFO">False</msg>
<arg>${json_data['results'][0]}</arg>
<arg>${key}</arg>
<doc>Fails if ``key`` is not found from ``dictionary``.</doc>
<status status="PASS" start="2024-06-03T06:20:37.852352" elapsed="0.000418"/>
</kw>
<kw name="Log" owner="BuiltIn">
<msg time="2024-06-03T06:20:37.853431" level="INFO">{'gender': 'female', 'name': {'title': 'Mrs', 'first': 'Samira', 'last': 'Söllner'}, 'location': {'street': {'number': 1858, 'name': 'Ringstraße'}, 'city': 'Ramstein-Miesenbach', 'state': 'Saarland', 'country': 'Germany', 'postcode': 80665, 'coordinates': {'latitude': '-55.2614', 'longitude': '95.9905'}, 'timezone': {'offset': '+5:45', 'description': 'Kathmandu'}}, 'email': 'samira.sollner@example.com', 'login': {'uuid': 'de8b2cbb-cbe9-4fb6-b2f0-fadca3fb5b74', 'username': 'angryzebra713', 'password': 'wood', 'salt': 'R3L0Szok', 'md5': 'ad2198e0bf7de8f4a50e1a94ea31c291', 'sha1': '45680a5b86b0c6bc960f0ff7f67c02e38ab8da2d', 'sha256': '4f5122ac9f5ec90c8a13c342ab0a2e4a182c4e4b9d2b771a6d15770ea504e2d3'}, 'dob': {'date': '1994-02-02T22:28:59.472Z', 'age': 30}, 'registered': {'date': '2018-02-20T04:56:55.845Z', 'age': 6}, 'phone': '0297-3742032', 'cell': '0178-4283533', 'id': {'name': 'SVNR', 'value': '56 020294 S 753'}, 'picture': {'large': 'https://randomuser.me/api/portraits/women/66.jpg', 'medium': 'https://randomuser.me/api/portraits/med/women/66.jpg', 'thumbnail': 'https://randomuser.me/api/portraits/thumb/women/66.jpg'}, 'nat': 'DE'}</msg>
<arg>${json_data['results'][0]}</arg>
<doc>Logs the given message with the given level.</doc>
<status status="PASS" start="2024-06-03T06:20:37.853076" elapsed="0.000413"/>
</kw>
<kw name="Log" owner="BuiltIn">
<msg time="2024-06-03T06:20:37.853911" level="INFO">login</msg>
<arg>${key}</arg>
<doc>Logs the given message with the given level.</doc>
<status status="PASS" start="2024-06-03T06:20:37.853785" elapsed="0.000164"/>
</kw>
<var name="${key}">login</var>
<status status="PASS" start="2024-06-03T06:20:37.852240" elapsed="0.001959"/>
</iter>
<var>${key}</var>
<value>@{expected_keys}</value>
<status status="PASS" start="2024-06-03T06:20:37.843279" elapsed="0.011050"/>
</for>
<kw name="Create List" owner="BuiltIn">
<msg time="2024-06-03T06:20:37.854712" level="INFO">${expected_keysTwo} = ['username', 'password']</msg>
<var>${expected_keysTwo}</var>
<arg>username</arg>
<arg>password</arg>
<doc>Returns a list containing given items.</doc>
<status status="PASS" start="2024-06-03T06:20:37.854568" elapsed="0.000168"/>
</kw>
<for flavor="IN">
<iter>
<kw name="Dictionary Should Contain Key" owner="Collections">
<msg time="2024-06-03T06:20:37.855633" level="INFO">False</msg>
<arg>${json_data['results'][0]['login']}</arg>
<arg>${keyTwo}</arg>
<doc>Fails if ``key`` is not found from ``dictionary``.</doc>
<status status="PASS" start="2024-06-03T06:20:37.855250" elapsed="0.000419"/>
</kw>
<kw name="Dictionary Should Contain Key" owner="Collections">
<msg time="2024-06-03T06:20:37.856350" level="INFO">False</msg>
<arg>${json_data['results'][0]['login']}</arg>
<arg>${keyTwo}</arg>
<doc>Fails if ``key`` is not found from ``dictionary``.</doc>
<status status="PASS" start="2024-06-03T06:20:37.855965" elapsed="0.000422"/>
</kw>
<kw name="Log" owner="BuiltIn">
<msg time="2024-06-03T06:20:37.856809" level="INFO">username</msg>
<arg>${keyTwo}</arg>
<doc>Logs the given message with the given level.</doc>
<status status="PASS" start="2024-06-03T06:20:37.856681" elapsed="0.000171"/>
</kw>
<var name="${keyTwo}">username</var>
<status status="PASS" start="2024-06-03T06:20:37.855140" elapsed="0.001926"/>
</iter>
<iter>
<kw name="Dictionary Should Contain Key" owner="Collections">
<msg time="2024-06-03T06:20:37.857718" level="INFO">False</msg>
<arg>${json_data['results'][0]['login']}</arg>
<arg>${keyTwo}</arg>
<doc>Fails if ``key`` is not found from ``dictionary``.</doc>
<status status="PASS" start="2024-06-03T06:20:37.857347" elapsed="0.000408"/>
</kw>
<kw name="Dictionary Should Contain Key" owner="Collections">
<msg time="2024-06-03T06:20:37.858464" level="INFO">False</msg>
<arg>${json_data['results'][0]['login']}</arg>
<arg>${keyTwo}</arg>
<doc>Fails if ``key`` is not found from ``dictionary``.</doc>
<status status="PASS" start="2024-06-03T06:20:37.858056" elapsed="0.000454"/>
</kw>
<kw name="Log" owner="BuiltIn">
<msg time="2024-06-03T06:20:37.858943" level="INFO">password</msg>
<arg>${keyTwo}</arg>
<doc>Logs the given message with the given level.</doc>
<status status="PASS" start="2024-06-03T06:20:37.858815" elapsed="0.000166"/>
</kw>
<var name="${keyTwo}">password</var>
<status status="PASS" start="2024-06-03T06:20:37.857238" elapsed="0.001960"/>
</iter>
<var>${keyTwo}</var>
<value>@{expected_keysTwo}</value>
<status status="PASS" start="2024-06-03T06:20:37.854985" elapsed="0.004335"/>
</for>
<status status="PASS" start="2024-06-03T06:20:37.731248" elapsed="0.128216"/>
</kw>
<doc>Testa a estrutura da resposta da API.</doc>
<tag>testeEstruturaResposta</tag>
<status status="PASS" start="2024-06-03T06:20:37.730599" elapsed="0.129023"/>
</test>
<test id="s1-s1-t4" name="Validar tipos de dados" line="28">
<kw name="Teste de Tipos de Dados" owner="random-user-service">
<kw name="GET On Session" owner="RequestsLibrary">
<msg time="2024-06-03T06:20:37.927599" level="INFO">GET Request : url=https://randomuser.me/api 
 path_url=/api 
 headers={'User-Agent': 'python-requests/2.32.3', 'Accept-Encoding': 'gzip, deflate', 'Accept': '*/*', 'Connection': 'keep-alive'} 
 body=None 
 </msg>
<msg time="2024-06-03T06:20:37.927711" level="INFO">GET Response : url=https://randomuser.me/api 
 status=200, reason=OK 
 headers={'Date': 'Mon, 03 Jun 2024 06:20:37 GMT', 'Content-Type': 'application/json; charset=utf-8', 'Transfer-Encoding': 'chunked', 'Connection': 'keep-alive', 'X-Powered-By': 'Express', 'Access-Control-Allow-Origin': '*', 'Cache-Control': 'no-cache', 'ETag': 'W/"474-Yz/hENuzOOtLWvGuUqP+je7hxog"', 'Vary': 'Accept-Encoding', 'Content-Encoding': 'gzip', 'CF-Cache-Status': 'DYNAMIC', 'Report-To': '{"endpoints":[{"url":"https:\\/\\/a.nel.cloudflare.com\\/report\\/v4?s=OVsz%2B%2BnKx4yGBnMbTuTb%2Bm%2BA2L9%2B5MwLaxJEK44UymxT8RmraZMsOxAfAs%2F50OhlgVR1nnlT49KFS8V4zcstTV0fCD2fZiEGLgJLstqG4dEd35pE%2FLINU4%2FP17ptWgvZ"}],"group":"cf-nel","max_age":604800}', 'NEL': '{"success_fraction":0,"report_to":"cf-nel","max_age":604800}', 'Server': 'cloudflare', 'CF-RAY': '88dd9410a8901101-ORD', 'alt-svc': 'h3=":443"; ma=86400'} 
 body={"results":[{"gender":"female","name":{"title":"Miss","first":"Ella","last":"Lopez"},"location":{"street":{"number":7670,"name":"Herbert Road"},"city":"Maynooth","state":"Wicklow","country":"Ireland","postcode":73916,"coordinates":{"latitude":"-1.6456","longitude":"3.0186"},"timezone":{"offset":"-3:30","description":"Newfoundland"}},"email":"ella.lopez@example.com","login":{"uuid":"5855c49f-b16f-43ab-bc12-45ed9a8fc03c","username":"blackelephant412","password":"bayern","salt":"hx8mOR0W","md5":"558825e75fc841153ec2b9749d42165b","sha1":"16a54947030648c32289078e495561547f645e82","sha256":"84e0b71a8d2573c040fd3eab89d0843f650b348e8d28599c40cfd015718b4da9"},"dob":{"date":"1997-09-02T18:32:41.539Z","age":26},"registered":{"date":"2019-05-14T03:01:46.041Z","age":5},"phone":"051-597-0273","cell":"081-166-1925","id":{"name":"PPS","value":"5567880T"},"picture":{"large":"https://randomuser.me/api/portraits/women/55.jpg","medium":"https://randomuser.me/api/portraits/med/women/55.jpg","thumbnail":"https://randomuser.me/api/portraits/thumb/women/55.jpg"},"nat":"IE"}],"info":{"seed":"2743d17e1f7d166d","results":1,"page":1,"version":"1.4"}} 
 </msg>
<msg time="2024-06-03T06:20:37.927782" level="INFO">/opt/hostedtoolcache/Python/3.12.3/x64/lib/python3.12/site-packages/urllib3/connectionpool.py:1103: InsecureRequestWarning: Unverified HTTPS request is being made to host 'randomuser.me'. Adding certificate verification is strongly advised. See: https://urllib3.readthedocs.io/en/latest/advanced-usage.html#tls-warnings
  warnings.warn(</msg>
<msg time="2024-06-03T06:20:37.927913" level="INFO">${response} = &lt;Response [200]&gt;</msg>
<var>${response}</var>
<arg>consultarAPI</arg>
<arg>/api</arg>
<doc>Sends a GET request on a previously created HTTP Session.</doc>
<status status="PASS" start="2024-06-03T06:20:37.862236" elapsed="0.065716"/>
</kw>
<kw name="Set Variable" owner="BuiltIn">
<msg time="2024-06-03T06:20:37.929185" level="INFO">${json_data} = {'results': [{'gender': 'female', 'name': {'title': 'Miss', 'first': 'Ella', 'last': 'Lopez'}, 'location': {'street': {'number': 7670, 'name': 'Herbert Road'}, 'city': 'Maynooth', 'state': 'Wicklow', ...</msg>
<var>${json_data}</var>
<arg>${response.json()}</arg>
<doc>Returns the given values which can then be assigned to a variables.</doc>
<status status="PASS" start="2024-06-03T06:20:37.928606" elapsed="0.000609"/>
</kw>
<kw name="Log" owner="BuiltIn">
<msg time="2024-06-03T06:20:37.929696" level="INFO">{'results': [{'gender': 'female', 'name': {'title': 'Miss', 'first': 'Ella', 'last': 'Lopez'}, 'location': {'street': {'number': 7670, 'name': 'Herbert Road'}, 'city': 'Maynooth', 'state': 'Wicklow', 'country': 'Ireland', 'postcode': 73916, 'coordinates': {'latitude': '-1.6456', 'longitude': '3.0186'}, 'timezone': {'offset': '-3:30', 'description': 'Newfoundland'}}, 'email': 'ella.lopez@example.com', 'login': {'uuid': '5855c49f-b16f-43ab-bc12-45ed9a8fc03c', 'username': 'blackelephant412', 'password': 'bayern', 'salt': 'hx8mOR0W', 'md5': '558825e75fc841153ec2b9749d42165b', 'sha1': '16a54947030648c32289078e495561547f645e82', 'sha256': '84e0b71a8d2573c040fd3eab89d0843f650b348e8d28599c40cfd015718b4da9'}, 'dob': {'date': '1997-09-02T18:32:41.539Z', 'age': 26}, 'registered': {'date': '2019-05-14T03:01:46.041Z', 'age': 5}, 'phone': '051-597-0273', 'cell': '081-166-1925', 'id': {'name': 'PPS', 'value': '5567880T'}, 'picture': {'large': 'https://randomuser.me/api/portraits/women/55.jpg', 'medium': 'https://randomuser.me/api/portraits/med/women/55.jpg', 'thumbnail': 'https://randomuser.me/api/portraits/thumb/women/55.jpg'}, 'nat': 'IE'}], 'info': {'seed': '2743d17e1f7d166d', 'results': 1, 'page': 1, 'version': '1.4'}}</msg>
<arg>${json_data}</arg>
<doc>Logs the given message with the given level.</doc>
<status status="PASS" start="2024-06-03T06:20:37.929538" elapsed="0.000252"/>
</kw>
<kw name="Should Be String" owner="String">
<arg>${json_data['results'][0]['gender']}</arg>
<doc>Fails if the given ``item`` is not a string.</doc>
<status status="PASS" start="2024-06-03T06:20:37.930096" elapsed="0.000427"/>
</kw>
<kw name="Should Match Regexp" owner="BuiltIn">
<arg>${json_data['results'][0]['email']}</arg>
<arg>^[a-zA-Z0-9._%+-]+@[a-zA-Z0-9.-]+\.[a-zA-Z]{2,}$</arg>
<doc>Fails if ``string`` does not match ``pattern`` as a regular expression.</doc>
<status status="PASS" start="2024-06-03T06:20:37.930730" elapsed="0.000688"/>
</kw>
<kw name="Should Match Regexp" owner="BuiltIn">
<arg>${json_data['results'][0]['dob']['date']}</arg>
<arg>\\d{4}-\\d{2}-\\d{2}T\\d{2}:\\d{2}:\\d{2}\\.\\d{3}Z</arg>
<doc>Fails if ``string`` does not match ``pattern`` as a regular expression.</doc>
<status status="PASS" start="2024-06-03T06:20:37.931618" elapsed="0.000483"/>
</kw>
<kw name="Should Match Regexp" owner="BuiltIn">
<arg>${json_data['results'][0]['registered']['date']}</arg>
<arg>\\d{4}-\\d{2}-\\d{2}T\\d{2}:\\d{2}:\\d{2}\\.\\d{3}Z</arg>
<doc>Fails if ``string`` does not match ``pattern`` as a regular expression.</doc>
<status status="PASS" start="2024-06-03T06:20:37.932295" elapsed="0.000360"/>
</kw>
<kw name="Should Match Regexp" owner="BuiltIn">
<arg>${json_data['results'][0]['picture']['large']}</arg>
<arg>^https?://.*\.(?:png|jpe?g|gif|bmp)$</arg>
<doc>Fails if ``string`` does not match ``pattern`` as a regular expression.</doc>
<status status="PASS" start="2024-06-03T06:20:37.932842" elapsed="0.000465"/>
</kw>
<kw name="Should Match Regexp" owner="BuiltIn">
<arg>${json_data['results'][0]['picture']['medium']}</arg>
<arg>^https?://.*\.(?:png|jpe?g|gif|bmp)$</arg>
<doc>Fails if ``string`` does not match ``pattern`` as a regular expression.</doc>
<status status="PASS" start="2024-06-03T06:20:37.933496" elapsed="0.000348"/>
</kw>
<kw name="Should Match Regexp" owner="BuiltIn">
<arg>${json_data['results'][0]['picture']['thumbnail']}</arg>
<arg>^https?://.*\.(?:png|jpe?g|gif|bmp)$</arg>
<doc>Fails if ``string`` does not match ``pattern`` as a regular expression.</doc>
<status status="PASS" start="2024-06-03T06:20:37.934029" elapsed="0.000343"/>
</kw>
<kw name="Log" owner="BuiltIn">
<msg time="2024-06-03T06:20:37.934926" level="INFO">{'large': 'https://randomuser.me/api/portraits/women/55.jpg', 'medium': 'https://randomuser.me/api/portraits/med/women/55.jpg', 'thumbnail': 'https://randomuser.me/api/portraits/thumb/women/55.jpg'}</msg>
<arg>${json_data['results'][0]['picture']}</arg>
<doc>Logs the given message with the given level.</doc>
<status status="PASS" start="2024-06-03T06:20:37.934592" elapsed="0.000376"/>
</kw>
<status status="PASS" start="2024-06-03T06:20:37.861977" elapsed="0.073261"/>
</kw>
<kw name="Teste de Tipos de Dados - Postcode" owner="random-user-service">
<kw name="GET On Session" owner="RequestsLibrary">
<msg time="2024-06-03T06:20:38.022656" level="INFO">GET Request : url=https://randomuser.me/api 
 path_url=/api 
 headers={'User-Agent': 'python-requests/2.32.3', 'Accept-Encoding': 'gzip, deflate', 'Accept': '*/*', 'Connection': 'keep-alive'} 
 body=None 
 </msg>
<msg time="2024-06-03T06:20:38.022771" level="INFO">GET Response : url=https://randomuser.me/api 
 status=200, reason=OK 
 headers={'Date': 'Mon, 03 Jun 2024 06:20:38 GMT', 'Content-Type': 'application/json; charset=utf-8', 'Transfer-Encoding': 'chunked', 'Connection': 'keep-alive', 'X-Powered-By': 'Express', 'Access-Control-Allow-Origin': '*', 'Cache-Control': 'no-cache', 'ETag': 'W/"471-1wdfP30pCXMYh2eHw5W4H0hSLtk"', 'Vary': 'Accept-Encoding', 'Content-Encoding': 'gzip', 'CF-Cache-Status': 'DYNAMIC', 'Report-To': '{"endpoints":[{"url":"https:\\/\\/a.nel.cloudflare.com\\/report\\/v4?s=5X4Hfs0aSaeeV90rJVCTk9lc6vXX3HpsOg6u50l9jeomZfJATpcowhO3kuTA8di2kwXDSk3iJtTQnbnXlXxpmJCbCHE7t6GwyOlcw6W1ERR6S6ridHsRgyByxQSqiban"}],"group":"cf-nel","max_age":604800}', 'NEL': '{"success_fraction":0,"report_to":"cf-nel","max_age":604800}', 'Server': 'cloudflare', 'CF-RAY': '88dd941118e11101-ORD', 'alt-svc': 'h3=":443"; ma=86400'} 
 body={"results":[{"gender":"male","name":{"title":"Mr","first":"Gustav","last":"Christensen"},"location":{"street":{"number":3554,"name":"Nørrebrogade"},"city":"Beder","state":"Danmark","country":"Denmark","postcode":49021,"coordinates":{"latitude":"-43.7776","longitude":"-85.7185"},"timezone":{"offset":"-10:00","description":"Hawaii"}},"email":"gustav.christensen@example.com","login":{"uuid":"50159126-0f53-4799-ae43-c499dd9b72d7","username":"crazyelephant792","password":"trans","salt":"a7voCLKj","md5":"4568e274ed51ef54f7c422c1c97ca736","sha1":"51dbafaf8e669c4dbb4ddf80ce73e2790cc7748c","sha256":"855f814897cbb3e41e9d4b117c85123c3b95e08bccbf9ce160e5d3b8177981c6"},"dob":{"date":"1959-04-24T22:42:41.553Z","age":65},"registered":{"date":"2014-01-17T19:19:26.221Z","age":10},"phone":"88574184","cell":"06226000","id":{"name":"CPR","value":"240459-1781"},"picture":{"large":"https://randomuser.me/api/portraits/men/60.jpg","medium":"https://randomuser.me/api/portraits/med/men/60.jpg","thumbnail":"https://randomuser.me/api/portraits/thumb/men/60.jpg"},"nat":"DK"}],"info":{"seed":"57322728551aa91f","results":1,"page":1,"version":"1.4"}} 
 </msg>
<msg time="2024-06-03T06:20:38.022854" level="INFO">/opt/hostedtoolcache/Python/3.12.3/x64/lib/python3.12/site-packages/urllib3/connectionpool.py:1103: InsecureRequestWarning: Unverified HTTPS request is being made to host 'randomuser.me'. Adding certificate verification is strongly advised. See: https://urllib3.readthedocs.io/en/latest/advanced-usage.html#tls-warnings
  warnings.warn(</msg>
<msg time="2024-06-03T06:20:38.022980" level="INFO">${response} = &lt;Response [200]&gt;</msg>
<var>${response}</var>
<arg>consultarAPI</arg>
<arg>/api</arg>
<doc>Sends a GET request on a previously created HTTP Session.</doc>
<status status="PASS" start="2024-06-03T06:20:37.935700" elapsed="0.087322"/>
</kw>
<kw name="Set Variable" owner="BuiltIn">
<msg time="2024-06-03T06:20:38.024093" level="INFO">${json_data} = {'results': [{'gender': 'male', 'name': {'title': 'Mr', 'first': 'Gustav', 'last': 'Christensen'}, 'location': {'street': {'number': 3554, 'name': 'Nørrebrogade'}, 'city': 'Beder', 'state': 'Danmark',...</msg>
<var>${json_data}</var>
<arg>${response.json()}</arg>
<doc>Returns the given values which can then be assigned to a variables.</doc>
<status status="PASS" start="2024-06-03T06:20:38.023562" elapsed="0.000563"/>
</kw>
<kw name="Log" owner="BuiltIn">
<msg time="2024-06-03T06:20:38.024607" level="INFO">{'results': [{'gender': 'male', 'name': {'title': 'Mr', 'first': 'Gustav', 'last': 'Christensen'}, 'location': {'street': {'number': 3554, 'name': 'Nørrebrogade'}, 'city': 'Beder', 'state': 'Danmark', 'country': 'Denmark', 'postcode': 49021, 'coordinates': {'latitude': '-43.7776', 'longitude': '-85.7185'}, 'timezone': {'offset': '-10:00', 'description': 'Hawaii'}}, 'email': 'gustav.christensen@example.com', 'login': {'uuid': '50159126-0f53-4799-ae43-c499dd9b72d7', 'username': 'crazyelephant792', 'password': 'trans', 'salt': 'a7voCLKj', 'md5': '4568e274ed51ef54f7c422c1c97ca736', 'sha1': '51dbafaf8e669c4dbb4ddf80ce73e2790cc7748c', 'sha256': '855f814897cbb3e41e9d4b117c85123c3b95e08bccbf9ce160e5d3b8177981c6'}, 'dob': {'date': '1959-04-24T22:42:41.553Z', 'age': 65}, 'registered': {'date': '2014-01-17T19:19:26.221Z', 'age': 10}, 'phone': '88574184', 'cell': '06226000', 'id': {'name': 'CPR', 'value': '240459-1781'}, 'picture': {'large': 'https://randomuser.me/api/portraits/men/60.jpg', 'medium': 'https://randomuser.me/api/portraits/med/men/60.jpg', 'thumbnail': 'https://randomuser.me/api/portraits/thumb/men/60.jpg'}, 'nat': 'DK'}], 'info': {'seed': '57322728551aa91f', 'results': 1, 'page': 1, 'version': '1.4'}}</msg>
<arg>${json_data}</arg>
<doc>Logs the given message with the given level.</doc>
<status status="PASS" start="2024-06-03T06:20:38.024441" elapsed="0.000251"/>
</kw>
<kw name="Should Be Equal As Numbers" owner="BuiltIn">
<arg>${json_data['results'][0]['location']['postcode']}</arg>
<arg>${json_data['results'][0]['location']['postcode']}</arg>
<doc>Fails if objects are unequal after converting them to real numbers.</doc>
<status status="PASS" start="2024-06-03T06:20:38.025000" elapsed="0.000631"/>
</kw>
<kw name="Log" owner="BuiltIn">
<msg time="2024-06-03T06:20:38.026177" level="INFO">49021</msg>
<arg>${json_data['results'][0]['location']['postcode']}</arg>
<doc>Logs the given message with the given level.</doc>
<status status="PASS" start="2024-06-03T06:20:38.025833" elapsed="0.000385"/>
</kw>
<status status="PASS" start="2024-06-03T06:20:37.935468" elapsed="0.091052"/>
</kw>
<doc>Testa se os tipos de dados na resposta da API estão corretos.</doc>
<tag>testeTiposDados</tag>
<status status="PASS" start="2024-06-03T06:20:37.861364" elapsed="0.165337"/>
</test>
<test id="s1-s1-t5" name="Validar conteudo" line="35">
<kw name="Teste de Tipos de Conteudo" owner="random-user-service">
<kw name="GET On Session" owner="RequestsLibrary">
<msg time="2024-06-03T06:20:38.121891" level="INFO">GET Request : url=https://randomuser.me/api 
 path_url=/api 
 headers={'User-Agent': 'python-requests/2.32.3', 'Accept-Encoding': 'gzip, deflate', 'Accept': '*/*', 'Connection': 'keep-alive'} 
 body=None 
 </msg>
<msg time="2024-06-03T06:20:38.122002" level="INFO">GET Response : url=https://randomuser.me/api 
 status=200, reason=OK 
 headers={'Date': 'Mon, 03 Jun 2024 06:20:38 GMT', 'Content-Type': 'application/json; charset=utf-8', 'Transfer-Encoding': 'chunked', 'Connection': 'keep-alive', 'X-Powered-By': 'Express', 'Access-Control-Allow-Origin': '*', 'Cache-Control': 'no-cache', 'ETag': 'W/"480-+Xx/83YSAX6DaQ2l7YKTIh1jy6w"', 'Vary': 'Accept-Encoding', 'Content-Encoding': 'gzip', 'CF-Cache-Status': 'DYNAMIC', 'Report-To': '{"endpoints":[{"url":"https:\\/\\/a.nel.cloudflare.com\\/report\\/v4?s=NVhpFe6LS4pOWAxFGp1eEi3B9N7UAIsP%2BTNd0qxGdsl%2By%2FIS7Yhby%2FmbAFVYSJXGtIj%2BMXs59sM0XI%2BRN7IqP5oqg1RxbrgrNHZV7NBE4QQrc%2B8ns%2FoOwZOYOWG73%2Fam"}],"group":"cf-nel","max_age":604800}', 'NEL': '{"success_fraction":0,"report_to":"cf-nel","max_age":604800}', 'Server': 'cloudflare', 'CF-RAY': '88dd9411b9521101-ORD', 'alt-svc': 'h3=":443"; ma=86400'} 
 body={"results":[{"gender":"male","name":{"title":"Mr","first":"Andron","last":"Yuzvenko"},"location":{"street":{"number":9010,"name":"Olgi Basarab"},"city":"Kurahove","state":"Dnipropetrovska","country":"Ukraine","postcode":88196,"coordinates":{"latitude":"80.6614","longitude":"-177.9548"},"timezone":{"offset":"+7:00","description":"Bangkok, Hanoi, Jakarta"}},"email":"andron.yuzvenko@example.com","login":{"uuid":"0fde072d-c6d0-4da4-9925-699e72c6bef8","username":"bigfrog481","password":"mozart","salt":"Xx1dYNs2","md5":"9cb512b906efd3e45d017d8905f338e8","sha1":"97f208cd9557297e1e68ea5736b8fae88a5eed35","sha256":"2aebe3b7592d8f9346c93ccd13170ff99d876e4b6da1342be1fd2860231c75df"},"dob":{"date":"1979-10-02T17:12:06.585Z","age":44},"registered":{"date":"2013-08-16T00:56:42.973Z","age":10},"phone":"(096) D74-7995","cell":"(068) X79-2151","id":{"name":"","value":null},"picture":{"large":"https://randomuser.me/api/portraits/men/91.jpg","medium":"https://randomuser.me/api/portraits/med/men/91.jpg","thumbnail":"https://randomuser.me/api/portraits/thumb/men/91.jpg"},"nat":"UA"}],"info":{"seed":"6fbb9a62c50ce48c","results":1,"page":1,"version":"1.4"}} 
 </msg>
<msg time="2024-06-03T06:20:38.122081" level="INFO">/opt/hostedtoolcache/Python/3.12.3/x64/lib/python3.12/site-packages/urllib3/connectionpool.py:1103: InsecureRequestWarning: Unverified HTTPS request is being made to host 'randomuser.me'. Adding certificate verification is strongly advised. See: https://urllib3.readthedocs.io/en/latest/advanced-usage.html#tls-warnings
  warnings.warn(</msg>
<msg time="2024-06-03T06:20:38.122203" level="INFO">${response} = &lt;Response [200]&gt;</msg>
<var>${response}</var>
<arg>consultarAPI</arg>
<arg>/api</arg>
<doc>Sends a GET request on a previously created HTTP Session.</doc>
<status status="PASS" start="2024-06-03T06:20:38.029188" elapsed="0.093047"/>
</kw>
<kw name="Set Variable" owner="BuiltIn">
<msg time="2024-06-03T06:20:38.123317" level="INFO">${json_data} = {'results': [{'gender': 'male', 'name': {'title': 'Mr', 'first': 'Andron', 'last': 'Yuzvenko'}, 'location': {'street': {'number': 9010, 'name': 'Olgi Basarab'}, 'city': 'Kurahove', 'state': 'Dnipropet...</msg>
<var>${json_data}</var>
<arg>${response.json()}</arg>
<doc>Returns the given values which can then be assigned to a variables.</doc>
<status status="PASS" start="2024-06-03T06:20:38.122809" elapsed="0.000538"/>
</kw>
<kw name="Set Variable" owner="BuiltIn">
<msg time="2024-06-03T06:20:38.124030" level="INFO">${name_title} = Mr</msg>
<var>${name_title}</var>
<arg>${json_data["results"][0]["name"]["title"]}</arg>
<doc>Returns the given values which can then be assigned to a variables.</doc>
<status status="PASS" start="2024-06-03T06:20:38.123652" elapsed="0.000404"/>
</kw>
<kw name="Create List" owner="BuiltIn">
<msg time="2024-06-03T06:20:38.124505" level="INFO">${allowed_titles} = ['Mr', 'Ms', 'Miss', 'Mrs', 'Madame', 'Monsieur']</msg>
<var>${allowed_titles}</var>
<arg>Mr</arg>
<arg>Ms</arg>
<arg>Miss</arg>
<arg>Mrs</arg>
<arg>Madame</arg>
<arg>Monsieur</arg>
<doc>Returns a list containing given items.</doc>
<status status="PASS" start="2024-06-03T06:20:38.124355" elapsed="0.000183"/>
</kw>
<kw name="List Should Contain Value" owner="Collections">
<msg time="2024-06-03T06:20:38.125045" level="INFO">False</msg>
<arg>${allowed_titles}</arg>
<arg>${name_title}</arg>
<doc>Fails if the ``value`` is not found from ``list``.</doc>
<status status="PASS" start="2024-06-03T06:20:38.124858" elapsed="0.000223"/>
</kw>
<kw name="Set Variable" owner="BuiltIn">
<msg time="2024-06-03T06:20:38.125946" level="INFO">${name_country} = UA</msg>
<var>${name_country}</var>
<arg>${json_data["results"][0]["nat"]}</arg>
<doc>Returns the given values which can then be assigned to a variables.</doc>
<status status="PASS" start="2024-06-03T06:20:38.125376" elapsed="0.000596"/>
</kw>
<kw name="Create List" owner="BuiltIn">
<msg time="2024-06-03T06:20:38.126933" level="INFO">${list_country} = ['AD', 'AE', 'AF', 'AG', 'AI', 'AL', 'AM', 'AO', 'AQ', 'AR', 'AS', 'AT', 'AU', 'AW', 'AX', 'AZ', 'BA', 'BB', 'BD', 'BE', 'BF', 'BG', 'BH', 'BI', 'BJ', 'BL', 'BM', 'BN', 'BO', 'BQ', 'BR', 'BS', 'BT', '...</msg>
<var>${list_country}</var>
<arg>AD</arg>
<arg>AE</arg>
<arg>AF</arg>
<arg>AG</arg>
<arg>AI</arg>
<arg>AL</arg>
<arg>AM</arg>
<arg>AO</arg>
<arg>AQ</arg>
<arg>AR</arg>
<arg>AS</arg>
<arg>AT</arg>
<arg>AU</arg>
<arg>AW</arg>
<arg>AX</arg>
<arg>AZ</arg>
<arg>BA</arg>
<arg>BB</arg>
<arg>BD</arg>
<arg>BE</arg>
<arg>BF</arg>
<arg>BG</arg>
<arg>BH</arg>
<arg>BI</arg>
<arg>BJ</arg>
<arg>BL</arg>
<arg>BM</arg>
<arg>BN</arg>
<arg>BO</arg>
<arg>BQ</arg>
<arg>BR</arg>
<arg>BS</arg>
<arg>BT</arg>
<arg>BV</arg>
<arg>BW</arg>
<arg>BY</arg>
<arg>BZ</arg>
<arg>CA</arg>
<arg>CC</arg>
<arg>CD</arg>
<arg>CF</arg>
<arg>CG</arg>
<arg>CH</arg>
<arg>CI</arg>
<arg>CK</arg>
<arg>CL</arg>
<arg>CM</arg>
<arg>CN</arg>
<arg>CO</arg>
<arg>CR</arg>
<arg>CU</arg>
<arg>CV</arg>
<arg>CW</arg>
<arg>CX</arg>
<arg>CY</arg>
<arg>CZ</arg>
<arg>DE</arg>
<arg>DJ</arg>
<arg>DK</arg>
<arg>DM</arg>
<arg>DO</arg>
<arg>DZ</arg>
<arg>EC</arg>
<arg>EE</arg>
<arg>EG</arg>
<arg>EH</arg>
<arg>ER</arg>
<arg>ES</arg>
<arg>ET</arg>
<arg>FI</arg>
<arg>FJ</arg>
<arg>FK</arg>
<arg>FM</arg>
<arg>FO</arg>
<arg>FR</arg>
<arg>GA</arg>
<arg>GB</arg>
<arg>GD</arg>
<arg>GE</arg>
<arg>GF</arg>
<arg>GG</arg>
<arg>GH</arg>
<arg>GI</arg>
<arg>GL</arg>
<arg>GM</arg>
<arg>GN</arg>
<arg>GP</arg>
<arg>GQ</arg>
<arg>GR</arg>
<arg>GS</arg>
<arg>GT</arg>
<arg>GU</arg>
<arg>GW</arg>
<arg>GY</arg>
<arg>HK</arg>
<arg>HM</arg>
<arg>HN</arg>
<arg>HR</arg>
<arg>HT</arg>
<arg>HU</arg>
<arg>ID</arg>
<arg>IE</arg>
<arg>IL</arg>
<arg>IM</arg>
<arg>IN</arg>
<arg>IO</arg>
<arg>IQ</arg>
<arg>IR</arg>
<arg>IS</arg>
<arg>IT</arg>
<arg>JE</arg>
<arg>JM</arg>
<arg>JO</arg>
<arg>JP</arg>
<arg>KE</arg>
<arg>KG</arg>
<arg>KH</arg>
<arg>KI</arg>
<arg>KM</arg>
<arg>KN</arg>
<arg>KP</arg>
<arg>KR</arg>
<arg>KW</arg>
<arg>KY</arg>
<arg>KZ</arg>
<arg>LA</arg>
<arg>LB</arg>
<arg>LC</arg>
<arg>LI</arg>
<arg>LK</arg>
<arg>LR</arg>
<arg>LS</arg>
<arg>LT</arg>
<arg>LU</arg>
<arg>LV</arg>
<arg>LY</arg>
<arg>MA</arg>
<arg>MC</arg>
<arg>MD</arg>
<arg>ME</arg>
<arg>MF</arg>
<arg>MG</arg>
<arg>MH</arg>
<arg>MK</arg>
<arg>ML</arg>
<arg>MM</arg>
<arg>MN</arg>
<arg>MO</arg>
<arg>MP</arg>
<arg>MQ</arg>
<arg>MR</arg>
<arg>MS</arg>
<arg>MT</arg>
<arg>MU</arg>
<arg>MV</arg>
<arg>MW</arg>
<arg>MX</arg>
<arg>MY</arg>
<arg>MZ</arg>
<arg>NA</arg>
<arg>NC</arg>
<arg>NE</arg>
<arg>NF</arg>
<arg>NG</arg>
<arg>NI</arg>
<arg>NL</arg>
<arg>NO</arg>
<arg>NP</arg>
<arg>NR</arg>
<arg>NU</arg>
<arg>NZ</arg>
<arg>OM</arg>
<arg>PA</arg>
<arg>PE</arg>
<arg>PF</arg>
<arg>PG</arg>
<arg>PH</arg>
<arg>PK</arg>
<arg>PL</arg>
<arg>PM</arg>
<arg>PN</arg>
<arg>PR</arg>
<arg>PS</arg>
<arg>PT</arg>
<arg>PW</arg>
<arg>PY</arg>
<arg>QA</arg>
<arg>RE</arg>
<arg>RO</arg>
<arg>RS</arg>
<arg>RU</arg>
<arg>RW</arg>
<arg>SA</arg>
<arg>SB</arg>
<arg>SC</arg>
<arg>SD</arg>
<arg>SE</arg>
<arg>SG</arg>
<arg>SH</arg>
<arg>SI</arg>
<arg>SJ</arg>
<arg>SK</arg>
<arg>SL</arg>
<arg>SM</arg>
<arg>SN</arg>
<arg>SO</arg>
<arg>SR</arg>
<arg>SS</arg>
<arg>ST</arg>
<arg>SV</arg>
<arg>SX</arg>
<arg>SY</arg>
<arg>SZ</arg>
<arg>TC</arg>
<arg>TD</arg>
<arg>TF</arg>
<arg>TG</arg>
<arg>TH</arg>
<arg>TJ</arg>
<arg>TK</arg>
<arg>TL</arg>
<arg>TM</arg>
<arg>TN</arg>
<arg>TO</arg>
<arg>TR</arg>
<arg>TT</arg>
<arg>TV</arg>
<arg>TW</arg>
<arg>TZ</arg>
<arg>UA</arg>
<arg>UG</arg>
<arg>UM</arg>
<arg>US</arg>
<arg>UY</arg>
<arg>UZ</arg>
<arg>VA</arg>
<arg>VC</arg>
<arg>VE</arg>
<arg>VG</arg>
<arg>VI</arg>
<arg>VN</arg>
<arg>VU</arg>
<arg>WF</arg>
<arg>WS</arg>
<arg>XK</arg>
<arg>YE</arg>
<arg>YT</arg>
<arg>ZA</arg>
<arg>ZM</arg>
<arg>ZW</arg>
<doc>Returns a list containing given items.</doc>
<status status="PASS" start="2024-06-03T06:20:38.126284" elapsed="0.000676"/>
</kw>
<kw name="List Should Contain Value" owner="Collections">
<msg time="2024-06-03T06:20:38.127955" level="INFO">False</msg>
<arg>${list_country}</arg>
<arg>${name_country}</arg>
<doc>Fails if the ``value`` is not found from ``list``.</doc>
<status status="PASS" start="2024-06-03T06:20:38.127748" elapsed="0.000244"/>
</kw>
<kw name="Run Keyword If" owner="BuiltIn">
<kw name="Should Be True" owner="BuiltIn">
<arg>${True}</arg>
<doc>Fails if the given condition is not true.</doc>
<status status="PASS" start="2024-06-03T06:20:38.129081" elapsed="0.000145"/>
</kw>
<arg>${json_data["results"][0]["location"]["coordinates"]["latitude"]} &gt;= -90 and ${json_data["results"][0]["location"]["coordinates"]["latitude"]} &lt;= 90</arg>
<arg>Should Be True</arg>
<arg>${True}</arg>
<doc>Runs the given keyword with the given arguments, if ``condition`` is true.</doc>
<status status="PASS" start="2024-06-03T06:20:38.128325" elapsed="0.001028"/>
</kw>
<kw name="Run Keyword If" owner="BuiltIn">
<kw name="Should Be True" owner="BuiltIn">
<arg>${True}</arg>
<doc>Fails if the given condition is not true.</doc>
<status status="PASS" start="2024-06-03T06:20:38.130235" elapsed="0.000138"/>
</kw>
<arg>${json_data["results"][0]["location"]["coordinates"]["longitude"]} &gt;= -180 and ${json_data["results"][0]["location"]["coordinates"]["longitude"]} &lt;= 180</arg>
<arg>Should Be True</arg>
<arg>${True}</arg>
<doc>Runs the given keyword with the given arguments, if ``condition`` is true.</doc>
<status status="PASS" start="2024-06-03T06:20:38.129538" elapsed="0.000998"/>
</kw>
<status status="PASS" start="2024-06-03T06:20:38.028952" elapsed="0.101720"/>
</kw>
<doc>Testa o conteúdo específico dos campos retornados pela API.</doc>
<tag>testeConteudo</tag>
<status status="PASS" start="2024-06-03T06:20:38.028470" elapsed="0.102355"/>
</test>
<status status="PASS" start="2024-06-03T06:20:37.272823" elapsed="0.859931"/>
</suite>
<status status="PASS" start="2024-06-03T06:20:37.259037" elapsed="0.879116"/>
</suite>
<statistics>
<total>
<stat pass="5" fail="0" skip="0">All Tests</stat>
</total>
<tag>
<stat pass="1" fail="0" skip="0">testeConteudo</stat>
<stat pass="1" fail="0" skip="0">testeEstruturaResposta</stat>
<stat pass="1" fail="0" skip="0">testeRequisicaoBasica</stat>
<stat pass="1" fail="0" skip="0">testeTiposDados</stat>
</tag>
<suite>
<stat pass="5" fail="0" skip="0" id="s1" name="Tests">Tests</stat>
<stat pass="5" fail="0" skip="0" id="s1-s1" name="Random-User-Test">Tests.Random-User-Test</stat>
</suite>
</statistics>
<errors>
</errors>
</robot>
