<?xml version="1.0" encoding="UTF-8"?>
<robot generator="Robot 7.0.1 (Python 3.12.4 on linux)" generated="2024-08-04T05:14:09.964616" rpa="false" schemaversion="5">
<suite id="s1" name="Tests" source="/home/runner/work/ApiRandomUser/ApiRandomUser/RamdonUser/tests">
<suite id="s1-s1" name="Random-User-Test" source="/home/runner/work/ApiRandomUser/ApiRandomUser/RamdonUser/tests/random-user-test.robot">
<test id="s1-s1-t1" name="Conectar" line="13">
<kw name="Conectar API" owner="random-user-service">
<kw name="Create Session" owner="RequestsLibrary">
<msg time="2024-08-04T05:14:10.387098" level="INFO">Creating Session using : alias=consultarAPI, url=https://randomuser.me/, headers={},                     cookies={}, auth=None, timeout=None, proxies=None, verify=False,                     debug=0 </msg>
<arg>consultarAPI</arg>
<arg>${URL}</arg>
<doc>Create Session: create a HTTP session to a server</doc>
<status status="PASS" start="2024-08-04T05:14:10.386896" elapsed="0.000378"/>
</kw>
<status status="PASS" start="2024-08-04T05:14:10.385842" elapsed="0.001794"/>
</kw>
<status status="PASS" start="2024-08-04T05:14:10.385221" elapsed="0.002612"/>
</test>
<test id="s1-s1-t2" name="Validar retorno 200 e JSON Válido" line="16">
<kw name="Teste de Requisicao Basica" owner="random-user-service">
<kw name="GET On Session" owner="RequestsLibrary">
<msg time="2024-08-04T05:14:10.636492" level="INFO">GET Request : url=https://randomuser.me/api 
 path_url=/api 
 headers={'User-Agent': 'python-requests/2.32.3', 'Accept-Encoding': 'gzip, deflate', 'Accept': '*/*', 'Connection': 'keep-alive'} 
 body=None 
 </msg>
<msg time="2024-08-04T05:14:10.636651" level="INFO">GET Response : url=https://randomuser.me/api 
 status=200, reason=OK 
 headers={'Date': 'Sun, 04 Aug 2024 05:14:10 GMT', 'Content-Type': 'application/json; charset=utf-8', 'Transfer-Encoding': 'chunked', 'Connection': 'keep-alive', 'X-Powered-By': 'Express', 'Access-Control-Allow-Origin': '*', 'Cache-Control': 'no-cache', 'ETag': 'W/"49c-2ClupDDyDkYiH7wCwHW6OlyPo3A"', 'Vary': 'Accept-Encoding', 'Content-Encoding': 'gzip', 'CF-Cache-Status': 'DYNAMIC', 'Report-To': '{"endpoints":[{"url":"https:\\/\\/a.nel.cloudflare.com\\/report\\/v4?s=%2FV6Bb3hNXhEqIh8jYAu42oT%2FJyDauGtm1H4VTLwqPFfuRwRPu0UP8zg1XCo9F5hxz%2BmB14OtwTzUz%2Bjd7nzn4D1atDzgzwfk7JGbWyioTql%2BkunVG4ImcrSHPi6O5l%2FK"}],"group":"cf-nel","max_age":604800}', 'NEL': '{"success_fraction":0,"report_to":"cf-nel","max_age":604800}', 'Server': 'cloudflare', 'CF-RAY': '8adc0ff71aaa3879-IAD', 'alt-svc': 'h3=":443"; ma=86400'} 
 body={"results":[{"gender":"male","name":{"title":"Mr","first":"René","last":"Melgar"},"location":{"street":{"number":9527,"name":"Privada Ecuador"},"city":"Cruz Quemada","state":"Quintana Roo","country":"Mexico","postcode":94280,"coordinates":{"latitude":"28.2724","longitude":"-26.0485"},"timezone":{"offset":"-5:00","description":"Eastern Time (US &amp; Canada), Bogota, Lima"}},"email":"rene.melgar@example.com","login":{"uuid":"d83fd3be-2e6e-425c-af02-5023501f62de","username":"angrydog423","password":"vodka","salt":"i3x3kuUO","md5":"7e92c8a6a2518ec43ac86ed7e6ed183b","sha1":"bffd9a32a05ed2f2016455190de83ee47906e7d1","sha256":"e73f1f8dfc78b0f32304efa1f7d679b83ee187415e8f5930ea06574e5db87de0"},"dob":{"date":"1945-07-24T19:01:23.905Z","age":79},"registered":{"date":"2004-10-22T09:34:53.271Z","age":19},"phone":"(630) 093 1882","cell":"(644) 973 6423","id":{"name":"NSS","value":"83 57 93 3198 7"},"picture":{"large":"https://randomuser.me/api/portraits/men/23.jpg","medium":"https://randomuser.me/api/portraits/med/men/23.jpg","thumbnail":"https://randomuser.me/api/portraits/thumb/men/23.jpg"},"nat":"MX"}],"info":{"seed":"9c1b8aba6ed22c6f","results":1,"page":1,"version":"1.4"}} 
 </msg>
<msg time="2024-08-04T05:14:10.636742" level="INFO">/opt/hostedtoolcache/Python/3.12.4/x64/lib/python3.12/site-packages/urllib3/connectionpool.py:1099: InsecureRequestWarning: Unverified HTTPS request is being made to host 'randomuser.me'. Adding certificate verification is strongly advised. See: https://urllib3.readthedocs.io/en/latest/advanced-usage.html#tls-warnings
  warnings.warn(</msg>
<msg time="2024-08-04T05:14:10.636892" level="INFO">${response} = &lt;Response [200]&gt;</msg>
<var>${response}</var>
<arg>consultarAPI</arg>
<arg>/api</arg>
<doc>Sends a GET request on a previously created HTTP Session.</doc>
<status status="PASS" start="2024-08-04T05:14:10.390590" elapsed="0.246345"/>
</kw>
<kw name="Should Be Equal As Numbers" owner="BuiltIn">
<msg time="2024-08-04T05:14:10.638145" level="INFO">Argument types are:
&lt;class 'int'&gt;
&lt;class 'str'&gt;</msg>
<arg>${response.status_code}</arg>
<arg>200</arg>
<doc>Fails if objects are unequal after converting them to real numbers.</doc>
<status status="PASS" start="2024-08-04T05:14:10.637598" elapsed="0.000619"/>
</kw>
<kw name="Log" owner="BuiltIn">
<msg time="2024-08-04T05:14:10.638931" level="INFO">200</msg>
<arg>${response.status_code}</arg>
<doc>Logs the given message with the given level.</doc>
<status status="PASS" start="2024-08-04T05:14:10.638565" elapsed="0.000411"/>
</kw>
<kw name="Set Variable" owner="BuiltIn">
<msg time="2024-08-04T05:14:10.639754" level="INFO">${json_data} = {'results': [{'gender': 'male', 'name': {'title': 'Mr', 'first': 'René', 'last': 'Melgar'}, 'location': {'street': {'number': 9527, 'name': 'Privada Ecuador'}, 'city': 'Cruz Quemada', 'state': 'Quinta...</msg>
<var>${json_data}</var>
<arg>${response.json()}</arg>
<doc>Returns the given values which can then be assigned to a variables.</doc>
<status status="PASS" start="2024-08-04T05:14:10.639292" elapsed="0.000492"/>
</kw>
<kw name="Dictionary Should Contain Key" owner="Collections">
<arg>${json_data}</arg>
<arg>results</arg>
<doc>Fails if ``key`` is not found from ``dictionary``.</doc>
<status status="PASS" start="2024-08-04T05:14:10.640093" elapsed="0.000342"/>
</kw>
<status status="PASS" start="2024-08-04T05:14:10.390165" elapsed="0.250430"/>
</kw>
<doc>Testa se a API responde corretamente e retorna um objeto JSON válido.</doc>
<tag>testeRequisicaoBasica</tag>
<status status="PASS" start="2024-08-04T05:14:10.389669" elapsed="0.251108"/>
</test>
<test id="s1-s1-t3" name="Validar estrutura de resposta" line="22">
<kw name="Teste de Estrutura de Resposta" owner="random-user-service">
<kw name="GET On Session" owner="RequestsLibrary">
<msg time="2024-08-04T05:14:10.693581" level="INFO">GET Request : url=https://randomuser.me/api 
 path_url=/api 
 headers={'User-Agent': 'python-requests/2.32.3', 'Accept-Encoding': 'gzip, deflate', 'Accept': '*/*', 'Connection': 'keep-alive'} 
 body=None 
 </msg>
<msg time="2024-08-04T05:14:10.693652" level="INFO">GET Response : url=https://randomuser.me/api 
 status=200, reason=OK 
 headers={'Date': 'Sun, 04 Aug 2024 05:14:10 GMT', 'Content-Type': 'application/json; charset=utf-8', 'Transfer-Encoding': 'chunked', 'Connection': 'keep-alive', 'X-Powered-By': 'Express', 'Access-Control-Allow-Origin': '*', 'Cache-Control': 'no-cache', 'ETag': 'W/"49d-my+FkmVpCMPHUGxAJLMyKgXYXU0"', 'Vary': 'Accept-Encoding', 'Content-Encoding': 'gzip', 'CF-Cache-Status': 'DYNAMIC', 'Report-To': '{"endpoints":[{"url":"https:\\/\\/a.nel.cloudflare.com\\/report\\/v4?s=Y%2BgDWfBfu5VC5PJ6mGjX2sYKSbVb6CWDVpdXFLL9pVkIDVbk%2BLiZ%2FaVETNx1F%2BtesmdvH7LKora7WYxz0mP2UNiwSpCEC1c57nXSk28C7fBxJMbKMROmXWLkU75yYfYU"}],"group":"cf-nel","max_age":604800}', 'NEL': '{"success_fraction":0,"report_to":"cf-nel","max_age":604800}', 'Server': 'cloudflare', 'CF-RAY': '8adc0ff88bf33879-IAD', 'alt-svc': 'h3=":443"; ma=86400'} 
 body={"results":[{"gender":"female","name":{"title":"Ms","first":"Julia","last":"Burgos"},"location":{"street":{"number":362,"name":"Calzada Norte Madrid"},"city":"Teuchitlán","state":"Guanajuato","country":"Mexico","postcode":97770,"coordinates":{"latitude":"29.5102","longitude":"57.5317"},"timezone":{"offset":"-3:00","description":"Brazil, Buenos Aires, Georgetown"}},"email":"julia.burgos@example.com","login":{"uuid":"81c504e5-f5fd-4043-99ba-7c470849f6b3","username":"redladybug802","password":"poetry","salt":"w91arofJ","md5":"1cf9263d59eb4aacf05a55d0efa292c1","sha1":"7487f84d6680a0fd9214138d3538987ddc7a0bf9","sha256":"669b68a7a89a7fe771925d6617f454419d8fef8d52c140a9c355f683b1a37d34"},"dob":{"date":"1958-11-25T08:16:36.275Z","age":65},"registered":{"date":"2012-04-19T17:59:20.691Z","age":12},"phone":"(652) 594 7256","cell":"(669) 597 8413","id":{"name":"NSS","value":"57 94 50 0004 9"},"picture":{"large":"https://randomuser.me/api/portraits/women/5.jpg","medium":"https://randomuser.me/api/portraits/med/women/5.jpg","thumbnail":"https://randomuser.me/api/portraits/thumb/women/5.jpg"},"nat":"MX"}],"info":{"seed":"372fcb480f06c705","results":1,"page":1,"version":"1.4"}} 
 </msg>
<msg time="2024-08-04T05:14:10.693758" level="INFO">/opt/hostedtoolcache/Python/3.12.4/x64/lib/python3.12/site-packages/urllib3/connectionpool.py:1099: InsecureRequestWarning: Unverified HTTPS request is being made to host 'randomuser.me'. Adding certificate verification is strongly advised. See: https://urllib3.readthedocs.io/en/latest/advanced-usage.html#tls-warnings
  warnings.warn(</msg>
<msg time="2024-08-04T05:14:10.693857" level="INFO">${response} = &lt;Response [200]&gt;</msg>
<var>${response}</var>
<arg>consultarAPI</arg>
<arg>/api</arg>
<doc>Sends a GET request on a previously created HTTP Session.</doc>
<status status="PASS" start="2024-08-04T05:14:10.643897" elapsed="0.050002"/>
</kw>
<kw name="Set Variable" owner="BuiltIn">
<msg time="2024-08-04T05:14:10.695040" level="INFO">${json_data} = {'results': [{'gender': 'female', 'name': {'title': 'Ms', 'first': 'Julia', 'last': 'Burgos'}, 'location': {'street': {'number': 362, 'name': 'Calzada Norte Madrid'}, 'city': 'Teuchitlán', 'state': 'G...</msg>
<var>${json_data}</var>
<arg>${response.json()}</arg>
<doc>Returns the given values which can then be assigned to a variables.</doc>
<status status="PASS" start="2024-08-04T05:14:10.694427" elapsed="0.000643"/>
</kw>
<kw name="Log" owner="BuiltIn">
<msg time="2024-08-04T05:14:10.695547" level="INFO">{'results': [{'gender': 'female', 'name': {'title': 'Ms', 'first': 'Julia', 'last': 'Burgos'}, 'location': {'street': {'number': 362, 'name': 'Calzada Norte Madrid'}, 'city': 'Teuchitlán', 'state': 'Guanajuato', 'country': 'Mexico', 'postcode': 97770, 'coordinates': {'latitude': '29.5102', 'longitude': '57.5317'}, 'timezone': {'offset': '-3:00', 'description': 'Brazil, Buenos Aires, Georgetown'}}, 'email': 'julia.burgos@example.com', 'login': {'uuid': '81c504e5-f5fd-4043-99ba-7c470849f6b3', 'username': 'redladybug802', 'password': 'poetry', 'salt': 'w91arofJ', 'md5': '1cf9263d59eb4aacf05a55d0efa292c1', 'sha1': '7487f84d6680a0fd9214138d3538987ddc7a0bf9', 'sha256': '669b68a7a89a7fe771925d6617f454419d8fef8d52c140a9c355f683b1a37d34'}, 'dob': {'date': '1958-11-25T08:16:36.275Z', 'age': 65}, 'registered': {'date': '2012-04-19T17:59:20.691Z', 'age': 12}, 'phone': '(652) 594 7256', 'cell': '(669) 597 8413', 'id': {'name': 'NSS', 'value': '57 94 50 0004 9'}, 'picture': {'large': 'https://randomuser.me/api/portraits/women/5.jpg', 'medium': 'https://randomuser.me/api/portraits/med/women/5.jpg', 'thumbnail': 'https://randomuser.me/api/portraits/thumb/women/5.jpg'}, 'nat': 'MX'}], 'info': {'seed': '372fcb480f06c705', 'results': 1, 'page': 1, 'version': '1.4'}}</msg>
<arg>${json_data}</arg>
<doc>Logs the given message with the given level.</doc>
<status status="PASS" start="2024-08-04T05:14:10.695386" elapsed="0.000210"/>
</kw>
<kw name="Dictionary Should Contain Key" owner="Collections">
<arg>${json_data}</arg>
<arg>results</arg>
<doc>Fails if ``key`` is not found from ``dictionary``.</doc>
<status status="PASS" start="2024-08-04T05:14:10.695898" elapsed="0.000167"/>
</kw>
<kw name="Should Not Be Empty" owner="BuiltIn">
<msg time="2024-08-04T05:14:10.696379" level="INFO">Length is 2.</msg>
<arg>${json_data}</arg>
<doc>Verifies that the given item is not empty.</doc>
<status status="PASS" start="2024-08-04T05:14:10.696252" elapsed="0.000165"/>
</kw>
<kw name="Create List" owner="BuiltIn">
<msg time="2024-08-04T05:14:10.696850" level="INFO">${expected_keys} = ['gender', 'name', 'location', 'email', 'login']</msg>
<var>${expected_keys}</var>
<arg>gender</arg>
<arg>name</arg>
<arg>location</arg>
<arg>email</arg>
<arg>login</arg>
<doc>Returns a list containing given items.</doc>
<status status="PASS" start="2024-08-04T05:14:10.696704" elapsed="0.000171"/>
</kw>
<for flavor="IN">
<iter>
<kw name="Dictionary Should Contain Key" owner="Collections">
<arg>${json_data['results'][0]}</arg>
<arg>${key}</arg>
<doc>Fails if ``key`` is not found from ``dictionary``.</doc>
<status status="PASS" start="2024-08-04T05:14:10.697455" elapsed="0.000412"/>
</kw>
<kw name="Log" owner="BuiltIn">
<msg time="2024-08-04T05:14:10.698482" level="INFO">{'gender': 'female', 'name': {'title': 'Ms', 'first': 'Julia', 'last': 'Burgos'}, 'location': {'street': {'number': 362, 'name': 'Calzada Norte Madrid'}, 'city': 'Teuchitlán', 'state': 'Guanajuato', 'country': 'Mexico', 'postcode': 97770, 'coordinates': {'latitude': '29.5102', 'longitude': '57.5317'}, 'timezone': {'offset': '-3:00', 'description': 'Brazil, Buenos Aires, Georgetown'}}, 'email': 'julia.burgos@example.com', 'login': {'uuid': '81c504e5-f5fd-4043-99ba-7c470849f6b3', 'username': 'redladybug802', 'password': 'poetry', 'salt': 'w91arofJ', 'md5': '1cf9263d59eb4aacf05a55d0efa292c1', 'sha1': '7487f84d6680a0fd9214138d3538987ddc7a0bf9', 'sha256': '669b68a7a89a7fe771925d6617f454419d8fef8d52c140a9c355f683b1a37d34'}, 'dob': {'date': '1958-11-25T08:16:36.275Z', 'age': 65}, 'registered': {'date': '2012-04-19T17:59:20.691Z', 'age': 12}, 'phone': '(652) 594 7256', 'cell': '(669) 597 8413', 'id': {'name': 'NSS', 'value': '57 94 50 0004 9'}, 'picture': {'large': 'https://randomuser.me/api/portraits/women/5.jpg', 'medium': 'https://randomuser.me/api/portraits/med/women/5.jpg', 'thumbnail': 'https://randomuser.me/api/portraits/thumb/women/5.jpg'}, 'nat': 'MX'}</msg>
<arg>${json_data['results'][0]}</arg>
<doc>Logs the given message with the given level.</doc>
<status status="PASS" start="2024-08-04T05:14:10.698105" elapsed="0.000428"/>
</kw>
<kw name="Log" owner="BuiltIn">
<msg time="2024-08-04T05:14:10.698972" level="INFO">gender</msg>
<arg>${key}</arg>
<doc>Logs the given message with the given level.</doc>
<status status="PASS" start="2024-08-04T05:14:10.698839" elapsed="0.000172"/>
</kw>
<var name="${key}">gender</var>
<status status="PASS" start="2024-08-04T05:14:10.697328" elapsed="0.001903"/>
</iter>
<iter>
<kw name="Dictionary Should Contain Key" owner="Collections">
<arg>${json_data['results'][0]}</arg>
<arg>${key}</arg>
<doc>Fails if ``key`` is not found from ``dictionary``.</doc>
<status status="PASS" start="2024-08-04T05:14:10.699532" elapsed="0.000403"/>
</kw>
<kw name="Log" owner="BuiltIn">
<msg time="2024-08-04T05:14:10.700513" level="INFO">{'gender': 'female', 'name': {'title': 'Ms', 'first': 'Julia', 'last': 'Burgos'}, 'location': {'street': {'number': 362, 'name': 'Calzada Norte Madrid'}, 'city': 'Teuchitlán', 'state': 'Guanajuato', 'country': 'Mexico', 'postcode': 97770, 'coordinates': {'latitude': '29.5102', 'longitude': '57.5317'}, 'timezone': {'offset': '-3:00', 'description': 'Brazil, Buenos Aires, Georgetown'}}, 'email': 'julia.burgos@example.com', 'login': {'uuid': '81c504e5-f5fd-4043-99ba-7c470849f6b3', 'username': 'redladybug802', 'password': 'poetry', 'salt': 'w91arofJ', 'md5': '1cf9263d59eb4aacf05a55d0efa292c1', 'sha1': '7487f84d6680a0fd9214138d3538987ddc7a0bf9', 'sha256': '669b68a7a89a7fe771925d6617f454419d8fef8d52c140a9c355f683b1a37d34'}, 'dob': {'date': '1958-11-25T08:16:36.275Z', 'age': 65}, 'registered': {'date': '2012-04-19T17:59:20.691Z', 'age': 12}, 'phone': '(652) 594 7256', 'cell': '(669) 597 8413', 'id': {'name': 'NSS', 'value': '57 94 50 0004 9'}, 'picture': {'large': 'https://randomuser.me/api/portraits/women/5.jpg', 'medium': 'https://randomuser.me/api/portraits/med/women/5.jpg', 'thumbnail': 'https://randomuser.me/api/portraits/thumb/women/5.jpg'}, 'nat': 'MX'}</msg>
<arg>${json_data['results'][0]}</arg>
<doc>Logs the given message with the given level.</doc>
<status status="PASS" start="2024-08-04T05:14:10.700121" elapsed="0.000443"/>
</kw>
<kw name="Log" owner="BuiltIn">
<msg time="2024-08-04T05:14:10.700995" level="INFO">name</msg>
<arg>${key}</arg>
<doc>Logs the given message with the given level.</doc>
<status status="PASS" start="2024-08-04T05:14:10.700864" elapsed="0.000170"/>
</kw>
<var name="${key}">name</var>
<status status="PASS" start="2024-08-04T05:14:10.699419" elapsed="0.001835"/>
</iter>
<iter>
<kw name="Dictionary Should Contain Key" owner="Collections">
<arg>${json_data['results'][0]}</arg>
<arg>${key}</arg>
<doc>Fails if ``key`` is not found from ``dictionary``.</doc>
<status status="PASS" start="2024-08-04T05:14:10.701540" elapsed="0.000394"/>
</kw>
<kw name="Log" owner="BuiltIn">
<msg time="2024-08-04T05:14:10.702521" level="INFO">{'gender': 'female', 'name': {'title': 'Ms', 'first': 'Julia', 'last': 'Burgos'}, 'location': {'street': {'number': 362, 'name': 'Calzada Norte Madrid'}, 'city': 'Teuchitlán', 'state': 'Guanajuato', 'country': 'Mexico', 'postcode': 97770, 'coordinates': {'latitude': '29.5102', 'longitude': '57.5317'}, 'timezone': {'offset': '-3:00', 'description': 'Brazil, Buenos Aires, Georgetown'}}, 'email': 'julia.burgos@example.com', 'login': {'uuid': '81c504e5-f5fd-4043-99ba-7c470849f6b3', 'username': 'redladybug802', 'password': 'poetry', 'salt': 'w91arofJ', 'md5': '1cf9263d59eb4aacf05a55d0efa292c1', 'sha1': '7487f84d6680a0fd9214138d3538987ddc7a0bf9', 'sha256': '669b68a7a89a7fe771925d6617f454419d8fef8d52c140a9c355f683b1a37d34'}, 'dob': {'date': '1958-11-25T08:16:36.275Z', 'age': 65}, 'registered': {'date': '2012-04-19T17:59:20.691Z', 'age': 12}, 'phone': '(652) 594 7256', 'cell': '(669) 597 8413', 'id': {'name': 'NSS', 'value': '57 94 50 0004 9'}, 'picture': {'large': 'https://randomuser.me/api/portraits/women/5.jpg', 'medium': 'https://randomuser.me/api/portraits/med/women/5.jpg', 'thumbnail': 'https://randomuser.me/api/portraits/thumb/women/5.jpg'}, 'nat': 'MX'}</msg>
<arg>${json_data['results'][0]}</arg>
<doc>Logs the given message with the given level.</doc>
<status status="PASS" start="2024-08-04T05:14:10.702165" elapsed="0.000406"/>
</kw>
<kw name="Log" owner="BuiltIn">
<msg time="2024-08-04T05:14:10.703004" level="INFO">location</msg>
<arg>${key}</arg>
<doc>Logs the given message with the given level.</doc>
<status status="PASS" start="2024-08-04T05:14:10.702875" elapsed="0.000167"/>
</kw>
<var name="${key}">location</var>
<status status="PASS" start="2024-08-04T05:14:10.701433" elapsed="0.001836"/>
</iter>
<iter>
<kw name="Dictionary Should Contain Key" owner="Collections">
<arg>${json_data['results'][0]}</arg>
<arg>${key}</arg>
<doc>Fails if ``key`` is not found from ``dictionary``.</doc>
<status status="PASS" start="2024-08-04T05:14:10.703552" elapsed="0.000389"/>
</kw>
<kw name="Log" owner="BuiltIn">
<msg time="2024-08-04T05:14:10.704586" level="INFO">{'gender': 'female', 'name': {'title': 'Ms', 'first': 'Julia', 'last': 'Burgos'}, 'location': {'street': {'number': 362, 'name': 'Calzada Norte Madrid'}, 'city': 'Teuchitlán', 'state': 'Guanajuato', 'country': 'Mexico', 'postcode': 97770, 'coordinates': {'latitude': '29.5102', 'longitude': '57.5317'}, 'timezone': {'offset': '-3:00', 'description': 'Brazil, Buenos Aires, Georgetown'}}, 'email': 'julia.burgos@example.com', 'login': {'uuid': '81c504e5-f5fd-4043-99ba-7c470849f6b3', 'username': 'redladybug802', 'password': 'poetry', 'salt': 'w91arofJ', 'md5': '1cf9263d59eb4aacf05a55d0efa292c1', 'sha1': '7487f84d6680a0fd9214138d3538987ddc7a0bf9', 'sha256': '669b68a7a89a7fe771925d6617f454419d8fef8d52c140a9c355f683b1a37d34'}, 'dob': {'date': '1958-11-25T08:16:36.275Z', 'age': 65}, 'registered': {'date': '2012-04-19T17:59:20.691Z', 'age': 12}, 'phone': '(652) 594 7256', 'cell': '(669) 597 8413', 'id': {'name': 'NSS', 'value': '57 94 50 0004 9'}, 'picture': {'large': 'https://randomuser.me/api/portraits/women/5.jpg', 'medium': 'https://randomuser.me/api/portraits/med/women/5.jpg', 'thumbnail': 'https://randomuser.me/api/portraits/thumb/women/5.jpg'}, 'nat': 'MX'}</msg>
<arg>${json_data['results'][0]}</arg>
<doc>Logs the given message with the given level.</doc>
<status status="PASS" start="2024-08-04T05:14:10.704231" elapsed="0.000405"/>
</kw>
<kw name="Log" owner="BuiltIn">
<msg time="2024-08-04T05:14:10.705067" level="INFO">email</msg>
<arg>${key}</arg>
<doc>Logs the given message with the given level.</doc>
<status status="PASS" start="2024-08-04T05:14:10.704936" elapsed="0.000170"/>
</kw>
<var name="${key}">email</var>
<status status="PASS" start="2024-08-04T05:14:10.703444" elapsed="0.001878"/>
</iter>
<iter>
<kw name="Dictionary Should Contain Key" owner="Collections">
<arg>${json_data['results'][0]}</arg>
<arg>${key}</arg>
<doc>Fails if ``key`` is not found from ``dictionary``.</doc>
<status status="PASS" start="2024-08-04T05:14:10.705607" elapsed="0.000416"/>
</kw>
<kw name="Log" owner="BuiltIn">
<msg time="2024-08-04T05:14:10.706579" level="INFO">{'gender': 'female', 'name': {'title': 'Ms', 'first': 'Julia', 'last': 'Burgos'}, 'location': {'street': {'number': 362, 'name': 'Calzada Norte Madrid'}, 'city': 'Teuchitlán', 'state': 'Guanajuato', 'country': 'Mexico', 'postcode': 97770, 'coordinates': {'latitude': '29.5102', 'longitude': '57.5317'}, 'timezone': {'offset': '-3:00', 'description': 'Brazil, Buenos Aires, Georgetown'}}, 'email': 'julia.burgos@example.com', 'login': {'uuid': '81c504e5-f5fd-4043-99ba-7c470849f6b3', 'username': 'redladybug802', 'password': 'poetry', 'salt': 'w91arofJ', 'md5': '1cf9263d59eb4aacf05a55d0efa292c1', 'sha1': '7487f84d6680a0fd9214138d3538987ddc7a0bf9', 'sha256': '669b68a7a89a7fe771925d6617f454419d8fef8d52c140a9c355f683b1a37d34'}, 'dob': {'date': '1958-11-25T08:16:36.275Z', 'age': 65}, 'registered': {'date': '2012-04-19T17:59:20.691Z', 'age': 12}, 'phone': '(652) 594 7256', 'cell': '(669) 597 8413', 'id': {'name': 'NSS', 'value': '57 94 50 0004 9'}, 'picture': {'large': 'https://randomuser.me/api/portraits/women/5.jpg', 'medium': 'https://randomuser.me/api/portraits/med/women/5.jpg', 'thumbnail': 'https://randomuser.me/api/portraits/thumb/women/5.jpg'}, 'nat': 'MX'}</msg>
<arg>${json_data['results'][0]}</arg>
<doc>Logs the given message with the given level.</doc>
<status status="PASS" start="2024-08-04T05:14:10.706215" elapsed="0.000415"/>
</kw>
<kw name="Log" owner="BuiltIn">
<msg time="2024-08-04T05:14:10.707051" level="INFO">login</msg>
<arg>${key}</arg>
<doc>Logs the given message with the given level.</doc>
<status status="PASS" start="2024-08-04T05:14:10.706923" elapsed="0.000165"/>
</kw>
<var name="${key}">login</var>
<status status="PASS" start="2024-08-04T05:14:10.705497" elapsed="0.001805"/>
</iter>
<var>${key}</var>
<value>@{expected_keys}</value>
<status status="PASS" start="2024-08-04T05:14:10.697137" elapsed="0.010287"/>
</for>
<kw name="Create List" owner="BuiltIn">
<msg time="2024-08-04T05:14:10.707781" level="INFO">${expected_keysTwo} = ['username', 'password']</msg>
<var>${expected_keysTwo}</var>
<arg>username</arg>
<arg>password</arg>
<doc>Returns a list containing given items.</doc>
<status status="PASS" start="2024-08-04T05:14:10.707642" elapsed="0.000164"/>
</kw>
<for flavor="IN">
<iter>
<kw name="Dictionary Should Contain Key" owner="Collections">
<arg>${json_data['results'][0]['login']}</arg>
<arg>${keyTwo}</arg>
<doc>Fails if ``key`` is not found from ``dictionary``.</doc>
<status status="PASS" start="2024-08-04T05:14:10.708310" elapsed="0.000385"/>
</kw>
<kw name="Dictionary Should Contain Key" owner="Collections">
<arg>${json_data['results'][0]['login']}</arg>
<arg>${keyTwo}</arg>
<doc>Fails if ``key`` is not found from ``dictionary``.</doc>
<status status="PASS" start="2024-08-04T05:14:10.708877" elapsed="0.000381"/>
</kw>
<kw name="Log" owner="BuiltIn">
<msg time="2024-08-04T05:14:10.709558" level="INFO">username</msg>
<arg>${keyTwo}</arg>
<doc>Logs the given message with the given level.</doc>
<status status="PASS" start="2024-08-04T05:14:10.709435" elapsed="0.000161"/>
</kw>
<var name="${keyTwo}">username</var>
<status status="PASS" start="2024-08-04T05:14:10.708203" elapsed="0.001614"/>
</iter>
<iter>
<kw name="Dictionary Should Contain Key" owner="Collections">
<arg>${json_data['results'][0]['login']}</arg>
<arg>${keyTwo}</arg>
<doc>Fails if ``key`` is not found from ``dictionary``.</doc>
<status status="PASS" start="2024-08-04T05:14:10.710146" elapsed="0.000393"/>
</kw>
<kw name="Dictionary Should Contain Key" owner="Collections">
<arg>${json_data['results'][0]['login']}</arg>
<arg>${keyTwo}</arg>
<doc>Fails if ``key`` is not found from ``dictionary``.</doc>
<status status="PASS" start="2024-08-04T05:14:10.710718" elapsed="0.000370"/>
</kw>
<kw name="Log" owner="BuiltIn">
<msg time="2024-08-04T05:14:10.711385" level="INFO">password</msg>
<arg>${keyTwo}</arg>
<doc>Logs the given message with the given level.</doc>
<status status="PASS" start="2024-08-04T05:14:10.711265" elapsed="0.000157"/>
</kw>
<var name="${keyTwo}">password</var>
<status status="PASS" start="2024-08-04T05:14:10.710026" elapsed="0.001620"/>
</iter>
<var>${keyTwo}</var>
<value>@{expected_keysTwo}</value>
<status status="PASS" start="2024-08-04T05:14:10.708043" elapsed="0.003725"/>
</for>
<status status="PASS" start="2024-08-04T05:14:10.643511" elapsed="0.068399"/>
</kw>
<doc>Testa a estrutura da resposta da API.</doc>
<tag>testeEstruturaResposta</tag>
<status status="PASS" start="2024-08-04T05:14:10.642712" elapsed="0.069354"/>
</test>
<test id="s1-s1-t4" name="Validar tipos de dados" line="28">
<kw name="Teste de Tipos de Dados" owner="random-user-service">
<kw name="GET On Session" owner="RequestsLibrary">
<msg time="2024-08-04T05:14:10.785533" level="INFO">GET Request : url=https://randomuser.me/api 
 path_url=/api 
 headers={'User-Agent': 'python-requests/2.32.3', 'Accept-Encoding': 'gzip, deflate', 'Accept': '*/*', 'Connection': 'keep-alive'} 
 body=None 
 </msg>
<msg time="2024-08-04T05:14:10.785595" level="INFO">GET Response : url=https://randomuser.me/api 
 status=200, reason=OK 
 headers={'Date': 'Sun, 04 Aug 2024 05:14:10 GMT', 'Content-Type': 'application/json; charset=utf-8', 'Transfer-Encoding': 'chunked', 'Connection': 'keep-alive', 'X-Powered-By': 'Express', 'Access-Control-Allow-Origin': '*', 'Cache-Control': 'no-cache', 'ETag': 'W/"498-J1uMOi4nFFPSpw0ZxGScfRE+hgU"', 'Vary': 'Accept-Encoding', 'Content-Encoding': 'gzip', 'CF-Cache-Status': 'DYNAMIC', 'Report-To': '{"endpoints":[{"url":"https:\\/\\/a.nel.cloudflare.com\\/report\\/v4?s=uQj%2FYlZLYFTJlChlAtx4TrMcASVSahq2nNiLHD%2BozZ6Bxf1qqEH2Tqxd%2BSRUWeb5oVjQrh6PVYBm5W3jhpScuMkEdJcTo9IzMLZt0OGk41WV5c9euRq9Py44rB5rmzJz"}],"group":"cf-nel","max_age":604800}', 'NEL': '{"success_fraction":0,"report_to":"cf-nel","max_age":604800}', 'Server': 'cloudflare', 'CF-RAY': '8adc0ff8fc6d3879-IAD', 'alt-svc': 'h3=":443"; ma=86400'} 
 body={"results":[{"gender":"male","name":{"title":"Mr","first":"Roope","last":"Korpela"},"location":{"street":{"number":5349,"name":"Satakennankatu"},"city":"Lappeenranta","state":"Pirkanmaa","country":"Finland","postcode":26969,"coordinates":{"latitude":"-27.8840","longitude":"-99.8908"},"timezone":{"offset":"-3:00","description":"Brazil, Buenos Aires, Georgetown"}},"email":"roope.korpela@example.com","login":{"uuid":"c558c683-0719-4678-b3a3-6a15a797cac9","username":"purpleduck488","password":"chambers","salt":"cDhKyDHU","md5":"66dc731bc7117c1718cb912f70f20f2d","sha1":"2cf6250cad37d29419242e2d563d89197b6bb831","sha256":"a4b184a8b30ab5bb16ae494c21da6c667b31c2668992763266c9eb37c57ce825"},"dob":{"date":"1981-09-25T11:31:22.534Z","age":42},"registered":{"date":"2004-08-30T16:15:32.416Z","age":19},"phone":"07-454-868","cell":"045-439-31-36","id":{"name":"HETU","value":"NaNNA035undefined"},"picture":{"large":"https://randomuser.me/api/portraits/men/34.jpg","medium":"https://randomuser.me/api/portraits/med/men/34.jpg","thumbnail":"https://randomuser.me/api/portraits/thumb/men/34.jpg"},"nat":"FI"}],"info":{"seed":"11709462db0a159d","results":1,"page":1,"version":"1.4"}} 
 </msg>
<msg time="2024-08-04T05:14:10.785654" level="INFO">/opt/hostedtoolcache/Python/3.12.4/x64/lib/python3.12/site-packages/urllib3/connectionpool.py:1099: InsecureRequestWarning: Unverified HTTPS request is being made to host 'randomuser.me'. Adding certificate verification is strongly advised. See: https://urllib3.readthedocs.io/en/latest/advanced-usage.html#tls-warnings
  warnings.warn(</msg>
<msg time="2024-08-04T05:14:10.785742" level="INFO">${response} = &lt;Response [200]&gt;</msg>
<var>${response}</var>
<arg>consultarAPI</arg>
<arg>/api</arg>
<doc>Sends a GET request on a previously created HTTP Session.</doc>
<status status="PASS" start="2024-08-04T05:14:10.714603" elapsed="0.071179"/>
</kw>
<kw name="Set Variable" owner="BuiltIn">
<msg time="2024-08-04T05:14:10.786920" level="INFO">${json_data} = {'results': [{'gender': 'male', 'name': {'title': 'Mr', 'first': 'Roope', 'last': 'Korpela'}, 'location': {'street': {'number': 5349, 'name': 'Satakennankatu'}, 'city': 'Lappeenranta', 'state': 'Pirka...</msg>
<var>${json_data}</var>
<arg>${response.json()}</arg>
<doc>Returns the given values which can then be assigned to a variables.</doc>
<status status="PASS" start="2024-08-04T05:14:10.786289" elapsed="0.000660"/>
</kw>
<kw name="Log" owner="BuiltIn">
<msg time="2024-08-04T05:14:10.787412" level="INFO">{'results': [{'gender': 'male', 'name': {'title': 'Mr', 'first': 'Roope', 'last': 'Korpela'}, 'location': {'street': {'number': 5349, 'name': 'Satakennankatu'}, 'city': 'Lappeenranta', 'state': 'Pirkanmaa', 'country': 'Finland', 'postcode': 26969, 'coordinates': {'latitude': '-27.8840', 'longitude': '-99.8908'}, 'timezone': {'offset': '-3:00', 'description': 'Brazil, Buenos Aires, Georgetown'}}, 'email': 'roope.korpela@example.com', 'login': {'uuid': 'c558c683-0719-4678-b3a3-6a15a797cac9', 'username': 'purpleduck488', 'password': 'chambers', 'salt': 'cDhKyDHU', 'md5': '66dc731bc7117c1718cb912f70f20f2d', 'sha1': '2cf6250cad37d29419242e2d563d89197b6bb831', 'sha256': 'a4b184a8b30ab5bb16ae494c21da6c667b31c2668992763266c9eb37c57ce825'}, 'dob': {'date': '1981-09-25T11:31:22.534Z', 'age': 42}, 'registered': {'date': '2004-08-30T16:15:32.416Z', 'age': 19}, 'phone': '07-454-868', 'cell': '045-439-31-36', 'id': {'name': 'HETU', 'value': 'NaNNA035undefined'}, 'picture': {'large': 'https://randomuser.me/api/portraits/men/34.jpg', 'medium': 'https://randomuser.me/api/portraits/med/men/34.jpg', 'thumbnail': 'https://randomuser.me/api/portraits/thumb/men/34.jpg'}, 'nat': 'FI'}], 'info': {'seed': '11709462db0a159d', 'results': 1, 'page': 1, 'version': '1.4'}}</msg>
<arg>${json_data}</arg>
<doc>Logs the given message with the given level.</doc>
<status status="PASS" start="2024-08-04T05:14:10.787255" elapsed="0.000207"/>
</kw>
<kw name="Should Be String" owner="String">
<arg>${json_data['results'][0]['gender']}</arg>
<doc>Fails if the given ``item`` is not a string.</doc>
<status status="PASS" start="2024-08-04T05:14:10.787761" elapsed="0.000359"/>
</kw>
<kw name="Should Match Regexp" owner="BuiltIn">
<arg>${json_data['results'][0]['email']}</arg>
<arg>^[a-zA-Z0-9._%+-]+@[a-zA-Z0-9.-]+\.[a-zA-Z]{2,}$</arg>
<doc>Fails if ``string`` does not match ``pattern`` as a regular expression.</doc>
<status status="PASS" start="2024-08-04T05:14:10.788345" elapsed="0.000524"/>
</kw>
<kw name="Should Match Regexp" owner="BuiltIn">
<arg>${json_data['results'][0]['dob']['date']}</arg>
<arg>\\d{4}-\\d{2}-\\d{2}T\\d{2}:\\d{2}:\\d{2}\\.\\d{3}Z</arg>
<doc>Fails if ``string`` does not match ``pattern`` as a regular expression.</doc>
<status status="PASS" start="2024-08-04T05:14:10.789065" elapsed="0.000592"/>
</kw>
<kw name="Should Match Regexp" owner="BuiltIn">
<arg>${json_data['results'][0]['registered']['date']}</arg>
<arg>\\d{4}-\\d{2}-\\d{2}T\\d{2}:\\d{2}:\\d{2}\\.\\d{3}Z</arg>
<doc>Fails if ``string`` does not match ``pattern`` as a regular expression.</doc>
<status status="PASS" start="2024-08-04T05:14:10.789848" elapsed="0.000407"/>
</kw>
<kw name="Should Match Regexp" owner="BuiltIn">
<arg>${json_data['results'][0]['picture']['large']}</arg>
<arg>^https?://.*\.(?:png|jpe?g|gif|bmp)$</arg>
<doc>Fails if ``string`` does not match ``pattern`` as a regular expression.</doc>
<status status="PASS" start="2024-08-04T05:14:10.790442" elapsed="0.000463"/>
</kw>
<kw name="Should Match Regexp" owner="BuiltIn">
<arg>${json_data['results'][0]['picture']['medium']}</arg>
<arg>^https?://.*\.(?:png|jpe?g|gif|bmp)$</arg>
<doc>Fails if ``string`` does not match ``pattern`` as a regular expression.</doc>
<status status="PASS" start="2024-08-04T05:14:10.791095" elapsed="0.000363"/>
</kw>
<kw name="Should Match Regexp" owner="BuiltIn">
<arg>${json_data['results'][0]['picture']['thumbnail']}</arg>
<arg>^https?://.*\.(?:png|jpe?g|gif|bmp)$</arg>
<doc>Fails if ``string`` does not match ``pattern`` as a regular expression.</doc>
<status status="PASS" start="2024-08-04T05:14:10.791641" elapsed="0.000354"/>
</kw>
<kw name="Log" owner="BuiltIn">
<msg time="2024-08-04T05:14:10.792498" level="INFO">{'large': 'https://randomuser.me/api/portraits/men/34.jpg', 'medium': 'https://randomuser.me/api/portraits/med/men/34.jpg', 'thumbnail': 'https://randomuser.me/api/portraits/thumb/men/34.jpg'}</msg>
<arg>${json_data['results'][0]['picture']}</arg>
<doc>Logs the given message with the given level.</doc>
<status status="PASS" start="2024-08-04T05:14:10.792177" elapsed="0.000363"/>
</kw>
<status status="PASS" start="2024-08-04T05:14:10.714377" elapsed="0.078418"/>
</kw>
<kw name="Teste de Tipos de Dados - Postcode" owner="random-user-service">
<kw name="GET On Session" owner="RequestsLibrary">
<msg time="2024-08-04T05:14:10.876532" level="INFO">GET Request : url=https://randomuser.me/api 
 path_url=/api 
 headers={'User-Agent': 'python-requests/2.32.3', 'Accept-Encoding': 'gzip, deflate', 'Accept': '*/*', 'Connection': 'keep-alive'} 
 body=None 
 </msg>
<msg time="2024-08-04T05:14:10.876604" level="INFO">GET Response : url=https://randomuser.me/api 
 status=200, reason=OK 
 headers={'Date': 'Sun, 04 Aug 2024 05:14:10 GMT', 'Content-Type': 'application/json; charset=utf-8', 'Transfer-Encoding': 'chunked', 'Connection': 'keep-alive', 'X-Powered-By': 'Express', 'Access-Control-Allow-Origin': '*', 'Cache-Control': 'no-cache', 'ETag': 'W/"490-Y0516qI1gmKQf5isKavaKXWj7RI"', 'Vary': 'Accept-Encoding', 'Content-Encoding': 'gzip', 'CF-Cache-Status': 'DYNAMIC', 'Report-To': '{"endpoints":[{"url":"https:\\/\\/a.nel.cloudflare.com\\/report\\/v4?s=VWoMghMvTCxYckkem6jmcgsx8n7IrA600oGvoiK7tdMCmJlLHFX6gL7eSQe2Z43oW6UpRKOcSH3iAaU5I7ZcVeuiDHJesXovmKiRfSYIZeypZ5rj237Z2xaef8p%2FGqHK"}],"group":"cf-nel","max_age":604800}', 'NEL': '{"success_fraction":0,"report_to":"cf-nel","max_age":604800}', 'Server': 'cloudflare', 'CF-RAY': '8adc0ff97d0c3879-IAD', 'alt-svc': 'h3=":443"; ma=86400'} 
 body={"results":[{"gender":"female","name":{"title":"Ms","first":"Silviya","last":"Andryushchenko"},"location":{"street":{"number":6462,"name":"Vishneva"},"city":"Semenivka","state":"Kirovogradska","country":"Ukraine","postcode":67013,"coordinates":{"latitude":"75.8886","longitude":"40.6171"},"timezone":{"offset":"+9:30","description":"Adelaide, Darwin"}},"email":"silviya.andryushchenko@example.com","login":{"uuid":"d0bea2c7-ad0f-48d3-b65d-6daf407ade78","username":"ticklishgorilla836","password":"eleanor","salt":"Ya9H1nnx","md5":"78fcb19127bd40fd1776671b3bed657c","sha1":"6d0e021f4b60bce92f4e9d842c73ca4c3a0e4be1","sha256":"33f877c86b5e8a1b9d6d09ed739334523c60817555bec7a13ade1495a70a39a6"},"dob":{"date":"1983-02-04T03:30:18.636Z","age":41},"registered":{"date":"2022-04-07T18:22:12.250Z","age":2},"phone":"(066) M68-9451","cell":"(098) X95-3132","id":{"name":"","value":null},"picture":{"large":"https://randomuser.me/api/portraits/women/29.jpg","medium":"https://randomuser.me/api/portraits/med/women/29.jpg","thumbnail":"https://randomuser.me/api/portraits/thumb/women/29.jpg"},"nat":"UA"}],"info":{"seed":"4cf6c1086b85a8fa","results":1,"page":1,"version":"1.4"}} 
 </msg>
<msg time="2024-08-04T05:14:10.876664" level="INFO">/opt/hostedtoolcache/Python/3.12.4/x64/lib/python3.12/site-packages/urllib3/connectionpool.py:1099: InsecureRequestWarning: Unverified HTTPS request is being made to host 'randomuser.me'. Adding certificate verification is strongly advised. See: https://urllib3.readthedocs.io/en/latest/advanced-usage.html#tls-warnings
  warnings.warn(</msg>
<msg time="2024-08-04T05:14:10.876771" level="INFO">${response} = &lt;Response [200]&gt;</msg>
<var>${response}</var>
<arg>consultarAPI</arg>
<arg>/api</arg>
<doc>Sends a GET request on a previously created HTTP Session.</doc>
<status status="PASS" start="2024-08-04T05:14:10.793226" elapsed="0.083585"/>
</kw>
<kw name="Set Variable" owner="BuiltIn">
<msg time="2024-08-04T05:14:10.877970" level="INFO">${json_data} = {'results': [{'gender': 'female', 'name': {'title': 'Ms', 'first': 'Silviya', 'last': 'Andryushchenko'}, 'location': {'street': {'number': 6462, 'name': 'Vishneva'}, 'city': 'Semenivka', 'state': 'Kir...</msg>
<var>${json_data}</var>
<arg>${response.json()}</arg>
<doc>Returns the given values which can then be assigned to a variables.</doc>
<status status="PASS" start="2024-08-04T05:14:10.877298" elapsed="0.000734"/>
</kw>
<kw name="Log" owner="BuiltIn">
<msg time="2024-08-04T05:14:10.878536" level="INFO">{'results': [{'gender': 'female', 'name': {'title': 'Ms', 'first': 'Silviya', 'last': 'Andryushchenko'}, 'location': {'street': {'number': 6462, 'name': 'Vishneva'}, 'city': 'Semenivka', 'state': 'Kirovogradska', 'country': 'Ukraine', 'postcode': 67013, 'coordinates': {'latitude': '75.8886', 'longitude': '40.6171'}, 'timezone': {'offset': '+9:30', 'description': 'Adelaide, Darwin'}}, 'email': 'silviya.andryushchenko@example.com', 'login': {'uuid': 'd0bea2c7-ad0f-48d3-b65d-6daf407ade78', 'username': 'ticklishgorilla836', 'password': 'eleanor', 'salt': 'Ya9H1nnx', 'md5': '78fcb19127bd40fd1776671b3bed657c', 'sha1': '6d0e021f4b60bce92f4e9d842c73ca4c3a0e4be1', 'sha256': '33f877c86b5e8a1b9d6d09ed739334523c60817555bec7a13ade1495a70a39a6'}, 'dob': {'date': '1983-02-04T03:30:18.636Z', 'age': 41}, 'registered': {'date': '2022-04-07T18:22:12.250Z', 'age': 2}, 'phone': '(066) M68-9451', 'cell': '(098) X95-3132', 'id': {'name': '', 'value': None}, 'picture': {'large': 'https://randomuser.me/api/portraits/women/29.jpg', 'medium': 'https://randomuser.me/api/portraits/med/women/29.jpg', 'thumbnail': 'https://randomuser.me/api/portraits/thumb/women/29.jpg'}, 'nat': 'UA'}], 'info': {'seed': '4cf6c1086b85a8fa', 'results': 1, 'page': 1, 'version': '1.4'}}</msg>
<arg>${json_data}</arg>
<doc>Logs the given message with the given level.</doc>
<status status="PASS" start="2024-08-04T05:14:10.878377" elapsed="0.000206"/>
</kw>
<kw name="Should Be Equal As Numbers" owner="BuiltIn">
<arg>${json_data['results'][0]['location']['postcode']}</arg>
<arg>${json_data['results'][0]['location']['postcode']}</arg>
<doc>Fails if objects are unequal after converting them to real numbers.</doc>
<status status="PASS" start="2024-08-04T05:14:10.878894" elapsed="0.000621"/>
</kw>
<kw name="Log" owner="BuiltIn">
<msg time="2024-08-04T05:14:10.880083" level="INFO">67013</msg>
<arg>${json_data['results'][0]['location']['postcode']}</arg>
<doc>Logs the given message with the given level.</doc>
<status status="PASS" start="2024-08-04T05:14:10.879737" elapsed="0.000388"/>
</kw>
<status status="PASS" start="2024-08-04T05:14:10.793007" elapsed="0.087374"/>
</kw>
<doc>Testa se os tipos de dados na resposta da API estão corretos.</doc>
<tag>testeTiposDados</tag>
<status status="PASS" start="2024-08-04T05:14:10.713799" elapsed="0.166750"/>
</test>
<test id="s1-s1-t5" name="Validar conteudo" line="35">
<kw name="Teste de Tipos de Conteudo" owner="random-user-service">
<kw name="GET On Session" owner="RequestsLibrary">
<msg time="2024-08-04T05:14:10.991872" level="INFO">GET Request : url=https://randomuser.me/api 
 path_url=/api 
 headers={'User-Agent': 'python-requests/2.32.3', 'Accept-Encoding': 'gzip, deflate', 'Accept': '*/*', 'Connection': 'keep-alive'} 
 body=None 
 </msg>
<msg time="2024-08-04T05:14:10.991968" level="INFO">GET Response : url=https://randomuser.me/api 
 status=200, reason=OK 
 headers={'Date': 'Sun, 04 Aug 2024 05:14:10 GMT', 'Content-Type': 'application/json; charset=utf-8', 'Transfer-Encoding': 'chunked', 'Connection': 'keep-alive', 'X-Powered-By': 'Express', 'Access-Control-Allow-Origin': '*', 'Cache-Control': 'no-cache', 'ETag': 'W/"494-JjXlUtYyZiApXjODyJgEw5itu5Q"', 'Vary': 'Accept-Encoding', 'Content-Encoding': 'gzip', 'CF-Cache-Status': 'DYNAMIC', 'Report-To': '{"endpoints":[{"url":"https:\\/\\/a.nel.cloudflare.com\\/report\\/v4?s=Wm6CLuiiGLXrGhY7oEKaJ%2BNSo5ocKS0b2XLLtFlcOCKdt1TyGPM5qrU6Jch%2Fypj7SzkPCdZHbTRA4PX9S7E87HTAMYNDqG%2F5zrBnJyVNuvYVTs1M7gsKZogeEA9hOqQT"}],"group":"cf-nel","max_age":604800}', 'NEL': '{"success_fraction":0,"report_to":"cf-nel","max_age":604800}', 'Server': 'cloudflare', 'CF-RAY': '8adc0ffa0d983879-IAD', 'alt-svc': 'h3=":443"; ma=86400'} 
 body={"results":[{"gender":"male","name":{"title":"Mr","first":"Timmothy","last":"Reynolds"},"location":{"street":{"number":7653,"name":"Marsh Ln"},"city":"Brisbane","state":"Tasmania","country":"Australia","postcode":1931,"coordinates":{"latitude":"-86.5053","longitude":"-37.6848"},"timezone":{"offset":"-6:00","description":"Central Time (US &amp; Canada), Mexico City"}},"email":"timmothy.reynolds@example.com","login":{"uuid":"eb3c72a4-6ac4-4a0c-94ea-4d9f00c18ab4","username":"whiteostrich369","password":"dixie","salt":"yPYrMaW1","md5":"4f889090b6b8f68718e16fc5c2ae80d6","sha1":"9bd8fc73e24e7731e1b540e0d23d4315a3f231b7","sha256":"69a785104bf8d2546fab9d0e5746343beed7e6fa069cbaab1e625d3b5c1e9cd1"},"dob":{"date":"1994-03-04T21:38:43.159Z","age":30},"registered":{"date":"2013-11-15T06:17:52.349Z","age":10},"phone":"00-0715-6631","cell":"0456-731-125","id":{"name":"TFN","value":"655481079"},"picture":{"large":"https://randomuser.me/api/portraits/men/94.jpg","medium":"https://randomuser.me/api/portraits/med/men/94.jpg","thumbnail":"https://randomuser.me/api/portraits/thumb/men/94.jpg"},"nat":"AU"}],"info":{"seed":"c28243064a33d8d7","results":1,"page":1,"version":"1.4"}} 
 </msg>
<msg time="2024-08-04T05:14:10.992050" level="INFO">/opt/hostedtoolcache/Python/3.12.4/x64/lib/python3.12/site-packages/urllib3/connectionpool.py:1099: InsecureRequestWarning: Unverified HTTPS request is being made to host 'randomuser.me'. Adding certificate verification is strongly advised. See: https://urllib3.readthedocs.io/en/latest/advanced-usage.html#tls-warnings
  warnings.warn(</msg>
<msg time="2024-08-04T05:14:10.992163" level="INFO">${response} = &lt;Response [200]&gt;</msg>
<var>${response}</var>
<arg>consultarAPI</arg>
<arg>/api</arg>
<doc>Sends a GET request on a previously created HTTP Session.</doc>
<status status="PASS" start="2024-08-04T05:14:10.882985" elapsed="0.109206"/>
</kw>
<kw name="Set Variable" owner="BuiltIn">
<msg time="2024-08-04T05:14:10.993126" level="INFO">${json_data} = {'results': [{'gender': 'male', 'name': {'title': 'Mr', 'first': 'Timmothy', 'last': 'Reynolds'}, 'location': {'street': {'number': 7653, 'name': 'Marsh Ln'}, 'city': 'Brisbane', 'state': 'Tasmania', ...</msg>
<var>${json_data}</var>
<arg>${response.json()}</arg>
<doc>Returns the given values which can then be assigned to a variables.</doc>
<status status="PASS" start="2024-08-04T05:14:10.992639" elapsed="0.000516"/>
</kw>
<kw name="Set Variable" owner="BuiltIn">
<msg time="2024-08-04T05:14:10.993850" level="INFO">${name_title} = Mr</msg>
<var>${name_title}</var>
<arg>${json_data["results"][0]["name"]["title"]}</arg>
<doc>Returns the given values which can then be assigned to a variables.</doc>
<status status="PASS" start="2024-08-04T05:14:10.993459" elapsed="0.000417"/>
</kw>
<kw name="Create List" owner="BuiltIn">
<msg time="2024-08-04T05:14:10.994379" level="INFO">${allowed_titles} = ['Mr', 'Ms', 'Miss', 'Mrs', 'Madame', 'Monsieur']</msg>
<var>${allowed_titles}</var>
<arg>Mr</arg>
<arg>Ms</arg>
<arg>Miss</arg>
<arg>Mrs</arg>
<arg>Madame</arg>
<arg>Monsieur</arg>
<doc>Returns a list containing given items.</doc>
<status status="PASS" start="2024-08-04T05:14:10.994226" elapsed="0.000178"/>
</kw>
<kw name="List Should Contain Value" owner="Collections">
<arg>${allowed_titles}</arg>
<arg>${name_title}</arg>
<doc>Fails if the ``value`` is not found from ``list``.</doc>
<status status="PASS" start="2024-08-04T05:14:10.994706" elapsed="0.000186"/>
</kw>
<kw name="Set Variable" owner="BuiltIn">
<msg time="2024-08-04T05:14:10.995447" level="INFO">${name_country} = AU</msg>
<var>${name_country}</var>
<arg>${json_data["results"][0]["nat"]}</arg>
<doc>Returns the given values which can then be assigned to a variables.</doc>
<status status="PASS" start="2024-08-04T05:14:10.995076" elapsed="0.000397"/>
</kw>
<kw name="Create List" owner="BuiltIn">
<msg time="2024-08-04T05:14:10.996362" level="INFO">${list_country} = ['AD', 'AE', 'AF', 'AG', 'AI', 'AL', 'AM', 'AO', 'AQ', 'AR', 'AS', 'AT', 'AU', 'AW', 'AX', 'AZ', 'BA', 'BB', 'BD', 'BE', 'BF', 'BG', 'BH', 'BI', 'BJ', 'BL', 'BM', 'BN', 'BO', 'BQ', 'BR', 'BS', 'BT', '...</msg>
<var>${list_country}</var>
<arg>AD</arg>
<arg>AE</arg>
<arg>AF</arg>
<arg>AG</arg>
<arg>AI</arg>
<arg>AL</arg>
<arg>AM</arg>
<arg>AO</arg>
<arg>AQ</arg>
<arg>AR</arg>
<arg>AS</arg>
<arg>AT</arg>
<arg>AU</arg>
<arg>AW</arg>
<arg>AX</arg>
<arg>AZ</arg>
<arg>BA</arg>
<arg>BB</arg>
<arg>BD</arg>
<arg>BE</arg>
<arg>BF</arg>
<arg>BG</arg>
<arg>BH</arg>
<arg>BI</arg>
<arg>BJ</arg>
<arg>BL</arg>
<arg>BM</arg>
<arg>BN</arg>
<arg>BO</arg>
<arg>BQ</arg>
<arg>BR</arg>
<arg>BS</arg>
<arg>BT</arg>
<arg>BV</arg>
<arg>BW</arg>
<arg>BY</arg>
<arg>BZ</arg>
<arg>CA</arg>
<arg>CC</arg>
<arg>CD</arg>
<arg>CF</arg>
<arg>CG</arg>
<arg>CH</arg>
<arg>CI</arg>
<arg>CK</arg>
<arg>CL</arg>
<arg>CM</arg>
<arg>CN</arg>
<arg>CO</arg>
<arg>CR</arg>
<arg>CU</arg>
<arg>CV</arg>
<arg>CW</arg>
<arg>CX</arg>
<arg>CY</arg>
<arg>CZ</arg>
<arg>DE</arg>
<arg>DJ</arg>
<arg>DK</arg>
<arg>DM</arg>
<arg>DO</arg>
<arg>DZ</arg>
<arg>EC</arg>
<arg>EE</arg>
<arg>EG</arg>
<arg>EH</arg>
<arg>ER</arg>
<arg>ES</arg>
<arg>ET</arg>
<arg>FI</arg>
<arg>FJ</arg>
<arg>FK</arg>
<arg>FM</arg>
<arg>FO</arg>
<arg>FR</arg>
<arg>GA</arg>
<arg>GB</arg>
<arg>GD</arg>
<arg>GE</arg>
<arg>GF</arg>
<arg>GG</arg>
<arg>GH</arg>
<arg>GI</arg>
<arg>GL</arg>
<arg>GM</arg>
<arg>GN</arg>
<arg>GP</arg>
<arg>GQ</arg>
<arg>GR</arg>
<arg>GS</arg>
<arg>GT</arg>
<arg>GU</arg>
<arg>GW</arg>
<arg>GY</arg>
<arg>HK</arg>
<arg>HM</arg>
<arg>HN</arg>
<arg>HR</arg>
<arg>HT</arg>
<arg>HU</arg>
<arg>ID</arg>
<arg>IE</arg>
<arg>IL</arg>
<arg>IM</arg>
<arg>IN</arg>
<arg>IO</arg>
<arg>IQ</arg>
<arg>IR</arg>
<arg>IS</arg>
<arg>IT</arg>
<arg>JE</arg>
<arg>JM</arg>
<arg>JO</arg>
<arg>JP</arg>
<arg>KE</arg>
<arg>KG</arg>
<arg>KH</arg>
<arg>KI</arg>
<arg>KM</arg>
<arg>KN</arg>
<arg>KP</arg>
<arg>KR</arg>
<arg>KW</arg>
<arg>KY</arg>
<arg>KZ</arg>
<arg>LA</arg>
<arg>LB</arg>
<arg>LC</arg>
<arg>LI</arg>
<arg>LK</arg>
<arg>LR</arg>
<arg>LS</arg>
<arg>LT</arg>
<arg>LU</arg>
<arg>LV</arg>
<arg>LY</arg>
<arg>MA</arg>
<arg>MC</arg>
<arg>MD</arg>
<arg>ME</arg>
<arg>MF</arg>
<arg>MG</arg>
<arg>MH</arg>
<arg>MK</arg>
<arg>ML</arg>
<arg>MM</arg>
<arg>MN</arg>
<arg>MO</arg>
<arg>MP</arg>
<arg>MQ</arg>
<arg>MR</arg>
<arg>MS</arg>
<arg>MT</arg>
<arg>MU</arg>
<arg>MV</arg>
<arg>MW</arg>
<arg>MX</arg>
<arg>MY</arg>
<arg>MZ</arg>
<arg>NA</arg>
<arg>NC</arg>
<arg>NE</arg>
<arg>NF</arg>
<arg>NG</arg>
<arg>NI</arg>
<arg>NL</arg>
<arg>NO</arg>
<arg>NP</arg>
<arg>NR</arg>
<arg>NU</arg>
<arg>NZ</arg>
<arg>OM</arg>
<arg>PA</arg>
<arg>PE</arg>
<arg>PF</arg>
<arg>PG</arg>
<arg>PH</arg>
<arg>PK</arg>
<arg>PL</arg>
<arg>PM</arg>
<arg>PN</arg>
<arg>PR</arg>
<arg>PS</arg>
<arg>PT</arg>
<arg>PW</arg>
<arg>PY</arg>
<arg>QA</arg>
<arg>RE</arg>
<arg>RO</arg>
<arg>RS</arg>
<arg>RU</arg>
<arg>RW</arg>
<arg>SA</arg>
<arg>SB</arg>
<arg>SC</arg>
<arg>SD</arg>
<arg>SE</arg>
<arg>SG</arg>
<arg>SH</arg>
<arg>SI</arg>
<arg>SJ</arg>
<arg>SK</arg>
<arg>SL</arg>
<arg>SM</arg>
<arg>SN</arg>
<arg>SO</arg>
<arg>SR</arg>
<arg>SS</arg>
<arg>ST</arg>
<arg>SV</arg>
<arg>SX</arg>
<arg>SY</arg>
<arg>SZ</arg>
<arg>TC</arg>
<arg>TD</arg>
<arg>TF</arg>
<arg>TG</arg>
<arg>TH</arg>
<arg>TJ</arg>
<arg>TK</arg>
<arg>TL</arg>
<arg>TM</arg>
<arg>TN</arg>
<arg>TO</arg>
<arg>TR</arg>
<arg>TT</arg>
<arg>TV</arg>
<arg>TW</arg>
<arg>TZ</arg>
<arg>UA</arg>
<arg>UG</arg>
<arg>UM</arg>
<arg>US</arg>
<arg>UY</arg>
<arg>UZ</arg>
<arg>VA</arg>
<arg>VC</arg>
<arg>VE</arg>
<arg>VG</arg>
<arg>VI</arg>
<arg>VN</arg>
<arg>VU</arg>
<arg>WF</arg>
<arg>WS</arg>
<arg>XK</arg>
<arg>YE</arg>
<arg>YT</arg>
<arg>ZA</arg>
<arg>ZM</arg>
<arg>ZW</arg>
<doc>Returns a list containing given items.</doc>
<status status="PASS" start="2024-08-04T05:14:10.995762" elapsed="0.000626"/>
</kw>
<kw name="List Should Contain Value" owner="Collections">
<arg>${list_country}</arg>
<arg>${name_country}</arg>
<doc>Fails if the ``value`` is not found from ``list``.</doc>
<status status="PASS" start="2024-08-04T05:14:10.997347" elapsed="0.000211"/>
</kw>
<kw name="Run Keyword If" owner="BuiltIn">
<kw name="Should Be True" owner="BuiltIn">
<arg>${True}</arg>
<doc>Fails if the given condition is not true.</doc>
<status status="PASS" start="2024-08-04T05:14:10.998540" elapsed="0.000143"/>
</kw>
<arg>${json_data["results"][0]["location"]["coordinates"]["latitude"]} &gt;= -90 and ${json_data["results"][0]["location"]["coordinates"]["latitude"]} &lt;= 90</arg>
<arg>Should Be True</arg>
<arg>${True}</arg>
<doc>Runs the given keyword with the given arguments, if ``condition`` is true.</doc>
<status status="PASS" start="2024-08-04T05:14:10.997758" elapsed="0.001051"/>
</kw>
<kw name="Run Keyword If" owner="BuiltIn">
<kw name="Should Be True" owner="BuiltIn">
<arg>${True}</arg>
<doc>Fails if the given condition is not true.</doc>
<status status="PASS" start="2024-08-04T05:14:10.999681" elapsed="0.000141"/>
</kw>
<arg>${json_data["results"][0]["location"]["coordinates"]["longitude"]} &gt;= -180 and ${json_data["results"][0]["location"]["coordinates"]["longitude"]} &lt;= 180</arg>
<arg>Should Be True</arg>
<arg>${True}</arg>
<doc>Runs the given keyword with the given arguments, if ``condition`` is true.</doc>
<status status="PASS" start="2024-08-04T05:14:10.998991" elapsed="0.000954"/>
</kw>
<status status="PASS" start="2024-08-04T05:14:10.882764" elapsed="0.117310"/>
</kw>
<doc>Testa o conteúdo específico dos campos retornados pela API.</doc>
<tag>testeConteudo</tag>
<status status="PASS" start="2024-08-04T05:14:10.882333" elapsed="0.117888"/>
</test>
<status status="PASS" start="2024-08-04T05:14:10.024380" elapsed="0.977771"/>
</suite>
<status status="PASS" start="2024-08-04T05:14:10.009653" elapsed="0.997511"/>
</suite>
<statistics>
<total>
<stat pass="5" fail="0" skip="0">All Tests</stat>
</total>
<tag>
<stat pass="1" fail="0" skip="0">testeConteudo</stat>
<stat pass="1" fail="0" skip="0">testeEstruturaResposta</stat>
<stat pass="1" fail="0" skip="0">testeRequisicaoBasica</stat>
<stat pass="1" fail="0" skip="0">testeTiposDados</stat>
</tag>
<suite>
<stat pass="5" fail="0" skip="0" id="s1" name="Tests">Tests</stat>
<stat pass="5" fail="0" skip="0" id="s1-s1" name="Random-User-Test">Tests.Random-User-Test</stat>
</suite>
</statistics>
<errors>
</errors>
</robot>
