<?xml version="1.0" encoding="UTF-8"?>
<robot generator="Robot 7.0.1 (Python 3.12.4 on linux)" generated="2024-07-27T16:18:16.712570" rpa="false" schemaversion="5">
<suite id="s1" name="Tests" source="/home/runner/work/ApiRandomUser/ApiRandomUser/RamdonUser/tests">
<suite id="s1-s1" name="Random-User-Test" source="/home/runner/work/ApiRandomUser/ApiRandomUser/RamdonUser/tests/random-user-test.robot">
<test id="s1-s1-t1" name="Conectar" line="13">
<kw name="Conectar API" owner="random-user-service">
<kw name="Create Session" owner="RequestsLibrary">
<msg time="2024-07-27T16:18:17.123609" level="INFO">Creating Session using : alias=consultarAPI, url=https://randomuser.me/, headers={},                     cookies={}, auth=None, timeout=None, proxies=None, verify=False,                     debug=0 </msg>
<arg>consultarAPI</arg>
<arg>${URL}</arg>
<doc>Create Session: create a HTTP session to a server</doc>
<status status="PASS" start="2024-07-27T16:18:17.123411" elapsed="0.000388"/>
</kw>
<status status="PASS" start="2024-07-27T16:18:17.122374" elapsed="0.001793"/>
</kw>
<status status="PASS" start="2024-07-27T16:18:17.121830" elapsed="0.002531"/>
</test>
<test id="s1-s1-t2" name="Validar retorno 200 e JSON Válido" line="16">
<kw name="Teste de Requisicao Basica" owner="random-user-service">
<kw name="GET On Session" owner="RequestsLibrary">
<msg time="2024-07-27T16:18:17.217138" level="INFO">GET Request : url=https://randomuser.me/api 
 path_url=/api 
 headers={'User-Agent': 'python-requests/2.32.3', 'Accept-Encoding': 'gzip, deflate', 'Accept': '*/*', 'Connection': 'keep-alive'} 
 body=None 
 </msg>
<msg time="2024-07-27T16:18:17.217288" level="INFO">GET Response : url=https://randomuser.me/api 
 status=200, reason=OK 
 headers={'Date': 'Sat, 27 Jul 2024 16:18:17 GMT', 'Content-Type': 'application/json; charset=utf-8', 'Transfer-Encoding': 'chunked', 'Connection': 'keep-alive', 'X-Powered-By': 'Express', 'Access-Control-Allow-Origin': '*', 'Cache-Control': 'no-cache', 'ETag': 'W/"484-1cStZO1LDgNV+I0dY9GAD5OWKI4"', 'Vary': 'Accept-Encoding', 'Content-Encoding': 'gzip', 'CF-Cache-Status': 'DYNAMIC', 'Report-To': '{"endpoints":[{"url":"https:\\/\\/a.nel.cloudflare.com\\/report\\/v4?s=siOOB2qNuLRG4r1gAgbRIqua9fI8l9NFYpWQ6DYk%2BD8Te5BpRyMOoJo94Vdw3kbxAu1WaTmvWUFFcozAkCnMSxBaYZ%2BC1sPC%2B26%2F7qb2foudQitnQ3Y1Du3GA6IYc4t%2B"}],"group":"cf-nel","max_age":604800}', 'NEL': '{"success_fraction":0,"report_to":"cf-nel","max_age":604800}', 'Server': 'cloudflare', 'CF-RAY': '8a9df1c95e16c59f-IAD', 'alt-svc': 'h3=":443"; ma=86400'} 
 body={"results":[{"gender":"male","name":{"title":"Monsieur","first":"Hans-Peter","last":"Laurent"},"location":{"street":{"number":8621,"name":"Rue Dumenge"},"city":"Eriswil","state":"Zug","country":"Switzerland","postcode":3952,"coordinates":{"latitude":"-61.1065","longitude":"-63.3547"},"timezone":{"offset":"-10:00","description":"Hawaii"}},"email":"hans-peter.laurent@example.com","login":{"uuid":"671dd4f4-6145-4dca-b5de-81945e28727e","username":"ticklishtiger586","password":"evan","salt":"Adrv1VNE","md5":"246cec2c7d4c02ebfd08ae99d02a11c0","sha1":"4a3aae5abc219074636107f43e82bee2eac1693d","sha256":"61080ac4f603ef852ea95588e707d74c33ebc95922c898fe12054d30ca4c2da3"},"dob":{"date":"1949-10-09T08:19:26.128Z","age":74},"registered":{"date":"2014-04-30T10:43:49.136Z","age":10},"phone":"079 154 14 83","cell":"079 175 32 35","id":{"name":"AVS","value":"756.3272.5836.72"},"picture":{"large":"https://randomuser.me/api/portraits/men/26.jpg","medium":"https://randomuser.me/api/portraits/med/men/26.jpg","thumbnail":"https://randomuser.me/api/portraits/thumb/men/26.jpg"},"nat":"CH"}],"info":{"seed":"803622afde0c336b","results":1,"page":1,"version":"1.4"}} 
 </msg>
<msg time="2024-07-27T16:18:17.217371" level="INFO">/opt/hostedtoolcache/Python/3.12.4/x64/lib/python3.12/site-packages/urllib3/connectionpool.py:1099: InsecureRequestWarning: Unverified HTTPS request is being made to host 'randomuser.me'. Adding certificate verification is strongly advised. See: https://urllib3.readthedocs.io/en/latest/advanced-usage.html#tls-warnings
  warnings.warn(</msg>
<msg time="2024-07-27T16:18:17.217532" level="INFO">${response} = &lt;Response [200]&gt;</msg>
<var>${response}</var>
<arg>consultarAPI</arg>
<arg>/api</arg>
<doc>Sends a GET request on a previously created HTTP Session.</doc>
<status status="PASS" start="2024-07-27T16:18:17.126923" elapsed="0.090672"/>
</kw>
<kw name="Should Be Equal As Numbers" owner="BuiltIn">
<msg time="2024-07-27T16:18:17.218661" level="INFO">Argument types are:
&lt;class 'int'&gt;
&lt;class 'str'&gt;</msg>
<arg>${response.status_code}</arg>
<arg>200</arg>
<doc>Fails if objects are unequal after converting them to real numbers.</doc>
<status status="PASS" start="2024-07-27T16:18:17.218165" elapsed="0.000565"/>
</kw>
<kw name="Log" owner="BuiltIn">
<msg time="2024-07-27T16:18:17.219430" level="INFO">200</msg>
<arg>${response.status_code}</arg>
<doc>Logs the given message with the given level.</doc>
<status status="PASS" start="2024-07-27T16:18:17.219068" elapsed="0.000405"/>
</kw>
<kw name="Set Variable" owner="BuiltIn">
<msg time="2024-07-27T16:18:17.220261" level="INFO">${json_data} = {'results': [{'gender': 'male', 'name': {'title': 'Monsieur', 'first': 'Hans-Peter', 'last': 'Laurent'}, 'location': {'street': {'number': 8621, 'name': 'Rue Dumenge'}, 'city': 'Eriswil', 'state': 'Zu...</msg>
<var>${json_data}</var>
<arg>${response.json()}</arg>
<doc>Returns the given values which can then be assigned to a variables.</doc>
<status status="PASS" start="2024-07-27T16:18:17.219793" elapsed="0.000497"/>
</kw>
<kw name="Dictionary Should Contain Key" owner="Collections">
<arg>${json_data}</arg>
<arg>results</arg>
<doc>Fails if ``key`` is not found from ``dictionary``.</doc>
<status status="PASS" start="2024-07-27T16:18:17.220604" elapsed="0.000332"/>
</kw>
<status status="PASS" start="2024-07-27T16:18:17.126684" elapsed="0.094410"/>
</kw>
<doc>Testa se a API responde corretamente e retorna um objeto JSON válido.</doc>
<tag>testeRequisicaoBasica</tag>
<status status="PASS" start="2024-07-27T16:18:17.126243" elapsed="0.095034"/>
</test>
<test id="s1-s1-t3" name="Validar estrutura de resposta" line="22">
<kw name="Teste de Estrutura de Resposta" owner="random-user-service">
<kw name="GET On Session" owner="RequestsLibrary">
<msg time="2024-07-27T16:18:17.314985" level="INFO">GET Request : url=https://randomuser.me/api 
 path_url=/api 
 headers={'User-Agent': 'python-requests/2.32.3', 'Accept-Encoding': 'gzip, deflate', 'Accept': '*/*', 'Connection': 'keep-alive'} 
 body=None 
 </msg>
<msg time="2024-07-27T16:18:17.315087" level="INFO">GET Response : url=https://randomuser.me/api 
 status=200, reason=OK 
 headers={'Date': 'Sat, 27 Jul 2024 16:18:17 GMT', 'Content-Type': 'application/json; charset=utf-8', 'Transfer-Encoding': 'chunked', 'Connection': 'keep-alive', 'X-Powered-By': 'Express', 'Access-Control-Allow-Origin': '*', 'Cache-Control': 'no-cache', 'ETag': 'W/"492-eobe4mlKy/SV38CZX8jIgO31hik"', 'Vary': 'Accept-Encoding', 'Content-Encoding': 'gzip', 'CF-Cache-Status': 'DYNAMIC', 'Report-To': '{"endpoints":[{"url":"https:\\/\\/a.nel.cloudflare.com\\/report\\/v4?s=Vg56%2FQiW02QtvE2gSb8XI7eo%2B8qypfvdY%2B%2FmU9MlRSCdoydOwJXvSaA3GM8tqqjwUQWH7j0OdW1uDCP2dgkBnUSAkIpXj6aNigxPfGDT6bHQxcSFRoLMBnBMiDWbeK8z"}],"group":"cf-nel","max_age":604800}', 'NEL': '{"success_fraction":0,"report_to":"cf-nel","max_age":604800}', 'Server': 'cloudflare', 'CF-RAY': '8a9df1c9ae76c59f-IAD', 'alt-svc': 'h3=":443"; ma=86400'} 
 body={"results":[{"gender":"female","name":{"title":"Mrs","first":"Phoebe","last":"Anderson"},"location":{"street":{"number":7704,"name":"Manchester Road"},"city":"Cardiff","state":"County Tyrone","country":"United Kingdom","postcode":"Z25 7HW","coordinates":{"latitude":"-7.3347","longitude":"142.1205"},"timezone":{"offset":"-10:00","description":"Hawaii"}},"email":"phoebe.anderson@example.com","login":{"uuid":"c051c623-dd8f-4c54-a2b8-02828d46a843","username":"orangebear212","password":"piercing","salt":"2G8UupQk","md5":"0b01befc46fa1cd5ccae2c67a291aedc","sha1":"8333ba1a56322ebd191f45a5204750f459ea7da5","sha256":"d31832d0515e3332fdf45ce6b130260e89bd76c6ffae016e03dc41d6e190676d"},"dob":{"date":"1973-11-07T14:23:12.148Z","age":50},"registered":{"date":"2005-08-13T09:03:32.314Z","age":18},"phone":"016977 2250","cell":"07674 784653","id":{"name":"NINO","value":"WX 15 03 92 D"},"picture":{"large":"https://randomuser.me/api/portraits/women/50.jpg","medium":"https://randomuser.me/api/portraits/med/women/50.jpg","thumbnail":"https://randomuser.me/api/portraits/thumb/women/50.jpg"},"nat":"GB"}],"info":{"seed":"1cb5668915a45f8b","results":1,"page":1,"version":"1.4"}} 
 </msg>
<msg time="2024-07-27T16:18:17.315220" level="INFO">/opt/hostedtoolcache/Python/3.12.4/x64/lib/python3.12/site-packages/urllib3/connectionpool.py:1099: InsecureRequestWarning: Unverified HTTPS request is being made to host 'randomuser.me'. Adding certificate verification is strongly advised. See: https://urllib3.readthedocs.io/en/latest/advanced-usage.html#tls-warnings
  warnings.warn(</msg>
<msg time="2024-07-27T16:18:17.315368" level="INFO">${response} = &lt;Response [200]&gt;</msg>
<var>${response}</var>
<arg>consultarAPI</arg>
<arg>/api</arg>
<doc>Sends a GET request on a previously created HTTP Session.</doc>
<status status="PASS" start="2024-07-27T16:18:17.224029" elapsed="0.091380"/>
</kw>
<kw name="Set Variable" owner="BuiltIn">
<msg time="2024-07-27T16:18:17.316403" level="INFO">${json_data} = {'results': [{'gender': 'female', 'name': {'title': 'Mrs', 'first': 'Phoebe', 'last': 'Anderson'}, 'location': {'street': {'number': 7704, 'name': 'Manchester Road'}, 'city': 'Cardiff', 'state': 'Coun...</msg>
<var>${json_data}</var>
<arg>${response.json()}</arg>
<doc>Returns the given values which can then be assigned to a variables.</doc>
<status status="PASS" start="2024-07-27T16:18:17.315892" elapsed="0.000539"/>
</kw>
<kw name="Log" owner="BuiltIn">
<msg time="2024-07-27T16:18:17.316906" level="INFO">{'results': [{'gender': 'female', 'name': {'title': 'Mrs', 'first': 'Phoebe', 'last': 'Anderson'}, 'location': {'street': {'number': 7704, 'name': 'Manchester Road'}, 'city': 'Cardiff', 'state': 'County Tyrone', 'country': 'United Kingdom', 'postcode': 'Z25 7HW', 'coordinates': {'latitude': '-7.3347', 'longitude': '142.1205'}, 'timezone': {'offset': '-10:00', 'description': 'Hawaii'}}, 'email': 'phoebe.anderson@example.com', 'login': {'uuid': 'c051c623-dd8f-4c54-a2b8-02828d46a843', 'username': 'orangebear212', 'password': 'piercing', 'salt': '2G8UupQk', 'md5': '0b01befc46fa1cd5ccae2c67a291aedc', 'sha1': '8333ba1a56322ebd191f45a5204750f459ea7da5', 'sha256': 'd31832d0515e3332fdf45ce6b130260e89bd76c6ffae016e03dc41d6e190676d'}, 'dob': {'date': '1973-11-07T14:23:12.148Z', 'age': 50}, 'registered': {'date': '2005-08-13T09:03:32.314Z', 'age': 18}, 'phone': '016977 2250', 'cell': '07674 784653', 'id': {'name': 'NINO', 'value': 'WX 15 03 92 D'}, 'picture': {'large': 'https://randomuser.me/api/portraits/women/50.jpg', 'medium': 'https://randomuser.me/api/portraits/med/women/50.jpg', 'thumbnail': 'https://randomuser.me/api/portraits/thumb/women/50.jpg'}, 'nat': 'GB'}], 'info': {'seed': '1cb5668915a45f8b', 'results': 1, 'page': 1, 'version': '1.4'}}</msg>
<arg>${json_data}</arg>
<doc>Logs the given message with the given level.</doc>
<status status="PASS" start="2024-07-27T16:18:17.316737" elapsed="0.000219"/>
</kw>
<kw name="Dictionary Should Contain Key" owner="Collections">
<arg>${json_data}</arg>
<arg>results</arg>
<doc>Fails if ``key`` is not found from ``dictionary``.</doc>
<status status="PASS" start="2024-07-27T16:18:17.317260" elapsed="0.000165"/>
</kw>
<kw name="Should Not Be Empty" owner="BuiltIn">
<msg time="2024-07-27T16:18:17.317794" level="INFO">Length is 2.</msg>
<arg>${json_data}</arg>
<doc>Verifies that the given item is not empty.</doc>
<status status="PASS" start="2024-07-27T16:18:17.317659" elapsed="0.000175"/>
</kw>
<kw name="Create List" owner="BuiltIn">
<msg time="2024-07-27T16:18:17.318289" level="INFO">${expected_keys} = ['gender', 'name', 'location', 'email', 'login']</msg>
<var>${expected_keys}</var>
<arg>gender</arg>
<arg>name</arg>
<arg>location</arg>
<arg>email</arg>
<arg>login</arg>
<doc>Returns a list containing given items.</doc>
<status status="PASS" start="2024-07-27T16:18:17.318131" elapsed="0.000182"/>
</kw>
<for flavor="IN">
<iter>
<kw name="Dictionary Should Contain Key" owner="Collections">
<arg>${json_data['results'][0]}</arg>
<arg>${key}</arg>
<doc>Fails if ``key`` is not found from ``dictionary``.</doc>
<status status="PASS" start="2024-07-27T16:18:17.318904" elapsed="0.000414"/>
</kw>
<kw name="Log" owner="BuiltIn">
<msg time="2024-07-27T16:18:17.319867" level="INFO">{'gender': 'female', 'name': {'title': 'Mrs', 'first': 'Phoebe', 'last': 'Anderson'}, 'location': {'street': {'number': 7704, 'name': 'Manchester Road'}, 'city': 'Cardiff', 'state': 'County Tyrone', 'country': 'United Kingdom', 'postcode': 'Z25 7HW', 'coordinates': {'latitude': '-7.3347', 'longitude': '142.1205'}, 'timezone': {'offset': '-10:00', 'description': 'Hawaii'}}, 'email': 'phoebe.anderson@example.com', 'login': {'uuid': 'c051c623-dd8f-4c54-a2b8-02828d46a843', 'username': 'orangebear212', 'password': 'piercing', 'salt': '2G8UupQk', 'md5': '0b01befc46fa1cd5ccae2c67a291aedc', 'sha1': '8333ba1a56322ebd191f45a5204750f459ea7da5', 'sha256': 'd31832d0515e3332fdf45ce6b130260e89bd76c6ffae016e03dc41d6e190676d'}, 'dob': {'date': '1973-11-07T14:23:12.148Z', 'age': 50}, 'registered': {'date': '2005-08-13T09:03:32.314Z', 'age': 18}, 'phone': '016977 2250', 'cell': '07674 784653', 'id': {'name': 'NINO', 'value': 'WX 15 03 92 D'}, 'picture': {'large': 'https://randomuser.me/api/portraits/women/50.jpg', 'medium': 'https://randomuser.me/api/portraits/med/women/50.jpg', 'thumbnail': 'https://randomuser.me/api/portraits/thumb/women/50.jpg'}, 'nat': 'GB'}</msg>
<arg>${json_data['results'][0]}</arg>
<doc>Logs the given message with the given level.</doc>
<status status="PASS" start="2024-07-27T16:18:17.319511" elapsed="0.000409"/>
</kw>
<kw name="Log" owner="BuiltIn">
<msg time="2024-07-27T16:18:17.320349" level="INFO">gender</msg>
<arg>${key}</arg>
<doc>Logs the given message with the given level.</doc>
<status status="PASS" start="2024-07-27T16:18:17.320218" elapsed="0.000171"/>
</kw>
<var name="${key}">gender</var>
<status status="PASS" start="2024-07-27T16:18:17.318776" elapsed="0.001833"/>
</iter>
<iter>
<kw name="Dictionary Should Contain Key" owner="Collections">
<arg>${json_data['results'][0]}</arg>
<arg>${key}</arg>
<doc>Fails if ``key`` is not found from ``dictionary``.</doc>
<status status="PASS" start="2024-07-27T16:18:17.320922" elapsed="0.000395"/>
</kw>
<kw name="Log" owner="BuiltIn">
<msg time="2024-07-27T16:18:17.321901" level="INFO">{'gender': 'female', 'name': {'title': 'Mrs', 'first': 'Phoebe', 'last': 'Anderson'}, 'location': {'street': {'number': 7704, 'name': 'Manchester Road'}, 'city': 'Cardiff', 'state': 'County Tyrone', 'country': 'United Kingdom', 'postcode': 'Z25 7HW', 'coordinates': {'latitude': '-7.3347', 'longitude': '142.1205'}, 'timezone': {'offset': '-10:00', 'description': 'Hawaii'}}, 'email': 'phoebe.anderson@example.com', 'login': {'uuid': 'c051c623-dd8f-4c54-a2b8-02828d46a843', 'username': 'orangebear212', 'password': 'piercing', 'salt': '2G8UupQk', 'md5': '0b01befc46fa1cd5ccae2c67a291aedc', 'sha1': '8333ba1a56322ebd191f45a5204750f459ea7da5', 'sha256': 'd31832d0515e3332fdf45ce6b130260e89bd76c6ffae016e03dc41d6e190676d'}, 'dob': {'date': '1973-11-07T14:23:12.148Z', 'age': 50}, 'registered': {'date': '2005-08-13T09:03:32.314Z', 'age': 18}, 'phone': '016977 2250', 'cell': '07674 784653', 'id': {'name': 'NINO', 'value': 'WX 15 03 92 D'}, 'picture': {'large': 'https://randomuser.me/api/portraits/women/50.jpg', 'medium': 'https://randomuser.me/api/portraits/med/women/50.jpg', 'thumbnail': 'https://randomuser.me/api/portraits/thumb/women/50.jpg'}, 'nat': 'GB'}</msg>
<arg>${json_data['results'][0]}</arg>
<doc>Logs the given message with the given level.</doc>
<status status="PASS" start="2024-07-27T16:18:17.321503" elapsed="0.000482"/>
</kw>
<kw name="Log" owner="BuiltIn">
<msg time="2024-07-27T16:18:17.322416" level="INFO">name</msg>
<arg>${key}</arg>
<doc>Logs the given message with the given level.</doc>
<status status="PASS" start="2024-07-27T16:18:17.322286" elapsed="0.000171"/>
</kw>
<var name="${key}">name</var>
<status status="PASS" start="2024-07-27T16:18:17.320796" elapsed="0.001877"/>
</iter>
<iter>
<kw name="Dictionary Should Contain Key" owner="Collections">
<arg>${json_data['results'][0]}</arg>
<arg>${key}</arg>
<doc>Fails if ``key`` is not found from ``dictionary``.</doc>
<status status="PASS" start="2024-07-27T16:18:17.322960" elapsed="0.000385"/>
</kw>
<kw name="Log" owner="BuiltIn">
<msg time="2024-07-27T16:18:17.323906" level="INFO">{'gender': 'female', 'name': {'title': 'Mrs', 'first': 'Phoebe', 'last': 'Anderson'}, 'location': {'street': {'number': 7704, 'name': 'Manchester Road'}, 'city': 'Cardiff', 'state': 'County Tyrone', 'country': 'United Kingdom', 'postcode': 'Z25 7HW', 'coordinates': {'latitude': '-7.3347', 'longitude': '142.1205'}, 'timezone': {'offset': '-10:00', 'description': 'Hawaii'}}, 'email': 'phoebe.anderson@example.com', 'login': {'uuid': 'c051c623-dd8f-4c54-a2b8-02828d46a843', 'username': 'orangebear212', 'password': 'piercing', 'salt': '2G8UupQk', 'md5': '0b01befc46fa1cd5ccae2c67a291aedc', 'sha1': '8333ba1a56322ebd191f45a5204750f459ea7da5', 'sha256': 'd31832d0515e3332fdf45ce6b130260e89bd76c6ffae016e03dc41d6e190676d'}, 'dob': {'date': '1973-11-07T14:23:12.148Z', 'age': 50}, 'registered': {'date': '2005-08-13T09:03:32.314Z', 'age': 18}, 'phone': '016977 2250', 'cell': '07674 784653', 'id': {'name': 'NINO', 'value': 'WX 15 03 92 D'}, 'picture': {'large': 'https://randomuser.me/api/portraits/women/50.jpg', 'medium': 'https://randomuser.me/api/portraits/med/women/50.jpg', 'thumbnail': 'https://randomuser.me/api/portraits/thumb/women/50.jpg'}, 'nat': 'GB'}</msg>
<arg>${json_data['results'][0]}</arg>
<doc>Logs the given message with the given level.</doc>
<status status="PASS" start="2024-07-27T16:18:17.323549" elapsed="0.000407"/>
</kw>
<kw name="Log" owner="BuiltIn">
<msg time="2024-07-27T16:18:17.324381" level="INFO">location</msg>
<arg>${key}</arg>
<doc>Logs the given message with the given level.</doc>
<status status="PASS" start="2024-07-27T16:18:17.324254" elapsed="0.000167"/>
</kw>
<var name="${key}">location</var>
<status status="PASS" start="2024-07-27T16:18:17.322851" elapsed="0.001789"/>
</iter>
<iter>
<kw name="Dictionary Should Contain Key" owner="Collections">
<arg>${json_data['results'][0]}</arg>
<arg>${key}</arg>
<doc>Fails if ``key`` is not found from ``dictionary``.</doc>
<status status="PASS" start="2024-07-27T16:18:17.325021" elapsed="0.000395"/>
</kw>
<kw name="Log" owner="BuiltIn">
<msg time="2024-07-27T16:18:17.326138" level="INFO">{'gender': 'female', 'name': {'title': 'Mrs', 'first': 'Phoebe', 'last': 'Anderson'}, 'location': {'street': {'number': 7704, 'name': 'Manchester Road'}, 'city': 'Cardiff', 'state': 'County Tyrone', 'country': 'United Kingdom', 'postcode': 'Z25 7HW', 'coordinates': {'latitude': '-7.3347', 'longitude': '142.1205'}, 'timezone': {'offset': '-10:00', 'description': 'Hawaii'}}, 'email': 'phoebe.anderson@example.com', 'login': {'uuid': 'c051c623-dd8f-4c54-a2b8-02828d46a843', 'username': 'orangebear212', 'password': 'piercing', 'salt': '2G8UupQk', 'md5': '0b01befc46fa1cd5ccae2c67a291aedc', 'sha1': '8333ba1a56322ebd191f45a5204750f459ea7da5', 'sha256': 'd31832d0515e3332fdf45ce6b130260e89bd76c6ffae016e03dc41d6e190676d'}, 'dob': {'date': '1973-11-07T14:23:12.148Z', 'age': 50}, 'registered': {'date': '2005-08-13T09:03:32.314Z', 'age': 18}, 'phone': '016977 2250', 'cell': '07674 784653', 'id': {'name': 'NINO', 'value': 'WX 15 03 92 D'}, 'picture': {'large': 'https://randomuser.me/api/portraits/women/50.jpg', 'medium': 'https://randomuser.me/api/portraits/med/women/50.jpg', 'thumbnail': 'https://randomuser.me/api/portraits/thumb/women/50.jpg'}, 'nat': 'GB'}</msg>
<arg>${json_data['results'][0]}</arg>
<doc>Logs the given message with the given level.</doc>
<status status="PASS" start="2024-07-27T16:18:17.325777" elapsed="0.000411"/>
</kw>
<kw name="Log" owner="BuiltIn">
<msg time="2024-07-27T16:18:17.326618" level="INFO">email</msg>
<arg>${key}</arg>
<doc>Logs the given message with the given level.</doc>
<status status="PASS" start="2024-07-27T16:18:17.326487" elapsed="0.000171"/>
</kw>
<var name="${key}">email</var>
<status status="PASS" start="2024-07-27T16:18:17.324817" elapsed="0.002059"/>
</iter>
<iter>
<kw name="Dictionary Should Contain Key" owner="Collections">
<arg>${json_data['results'][0]}</arg>
<arg>${key}</arg>
<doc>Fails if ``key`` is not found from ``dictionary``.</doc>
<status status="PASS" start="2024-07-27T16:18:17.327165" elapsed="0.000378"/>
</kw>
<kw name="Log" owner="BuiltIn">
<msg time="2024-07-27T16:18:17.328087" level="INFO">{'gender': 'female', 'name': {'title': 'Mrs', 'first': 'Phoebe', 'last': 'Anderson'}, 'location': {'street': {'number': 7704, 'name': 'Manchester Road'}, 'city': 'Cardiff', 'state': 'County Tyrone', 'country': 'United Kingdom', 'postcode': 'Z25 7HW', 'coordinates': {'latitude': '-7.3347', 'longitude': '142.1205'}, 'timezone': {'offset': '-10:00', 'description': 'Hawaii'}}, 'email': 'phoebe.anderson@example.com', 'login': {'uuid': 'c051c623-dd8f-4c54-a2b8-02828d46a843', 'username': 'orangebear212', 'password': 'piercing', 'salt': '2G8UupQk', 'md5': '0b01befc46fa1cd5ccae2c67a291aedc', 'sha1': '8333ba1a56322ebd191f45a5204750f459ea7da5', 'sha256': 'd31832d0515e3332fdf45ce6b130260e89bd76c6ffae016e03dc41d6e190676d'}, 'dob': {'date': '1973-11-07T14:23:12.148Z', 'age': 50}, 'registered': {'date': '2005-08-13T09:03:32.314Z', 'age': 18}, 'phone': '016977 2250', 'cell': '07674 784653', 'id': {'name': 'NINO', 'value': 'WX 15 03 92 D'}, 'picture': {'large': 'https://randomuser.me/api/portraits/women/50.jpg', 'medium': 'https://randomuser.me/api/portraits/med/women/50.jpg', 'thumbnail': 'https://randomuser.me/api/portraits/thumb/women/50.jpg'}, 'nat': 'GB'}</msg>
<arg>${json_data['results'][0]}</arg>
<doc>Logs the given message with the given level.</doc>
<status status="PASS" start="2024-07-27T16:18:17.327725" elapsed="0.000427"/>
</kw>
<kw name="Log" owner="BuiltIn">
<msg time="2024-07-27T16:18:17.328578" level="INFO">login</msg>
<arg>${key}</arg>
<doc>Logs the given message with the given level.</doc>
<status status="PASS" start="2024-07-27T16:18:17.328449" elapsed="0.000167"/>
</kw>
<var name="${key}">login</var>
<status status="PASS" start="2024-07-27T16:18:17.327050" elapsed="0.001783"/>
</iter>
<var>${key}</var>
<value>@{expected_keys}</value>
<status status="PASS" start="2024-07-27T16:18:17.318579" elapsed="0.010384"/>
</for>
<kw name="Create List" owner="BuiltIn">
<msg time="2024-07-27T16:18:17.329294" level="INFO">${expected_keysTwo} = ['username', 'password']</msg>
<var>${expected_keysTwo}</var>
<arg>username</arg>
<arg>password</arg>
<doc>Returns a list containing given items.</doc>
<status status="PASS" start="2024-07-27T16:18:17.329157" elapsed="0.000190"/>
</kw>
<for flavor="IN">
<iter>
<kw name="Dictionary Should Contain Key" owner="Collections">
<arg>${json_data['results'][0]['login']}</arg>
<arg>${keyTwo}</arg>
<doc>Fails if ``key`` is not found from ``dictionary``.</doc>
<status status="PASS" start="2024-07-27T16:18:17.329891" elapsed="0.000387"/>
</kw>
<kw name="Dictionary Should Contain Key" owner="Collections">
<arg>${json_data['results'][0]['login']}</arg>
<arg>${keyTwo}</arg>
<doc>Fails if ``key`` is not found from ``dictionary``.</doc>
<status status="PASS" start="2024-07-27T16:18:17.330460" elapsed="0.000373"/>
</kw>
<kw name="Log" owner="BuiltIn">
<msg time="2024-07-27T16:18:17.331133" level="INFO">username</msg>
<arg>${keyTwo}</arg>
<doc>Logs the given message with the given level.</doc>
<status status="PASS" start="2024-07-27T16:18:17.331011" elapsed="0.000162"/>
</kw>
<var name="${keyTwo}">username</var>
<status status="PASS" start="2024-07-27T16:18:17.329782" elapsed="0.001614"/>
</iter>
<iter>
<kw name="Dictionary Should Contain Key" owner="Collections">
<arg>${json_data['results'][0]['login']}</arg>
<arg>${keyTwo}</arg>
<doc>Fails if ``key`` is not found from ``dictionary``.</doc>
<status status="PASS" start="2024-07-27T16:18:17.331682" elapsed="0.000381"/>
</kw>
<kw name="Dictionary Should Contain Key" owner="Collections">
<arg>${json_data['results'][0]['login']}</arg>
<arg>${keyTwo}</arg>
<doc>Fails if ``key`` is not found from ``dictionary``.</doc>
<status status="PASS" start="2024-07-27T16:18:17.332252" elapsed="0.000376"/>
</kw>
<kw name="Log" owner="BuiltIn">
<msg time="2024-07-27T16:18:17.332936" level="INFO">password</msg>
<arg>${keyTwo}</arg>
<doc>Logs the given message with the given level.</doc>
<status status="PASS" start="2024-07-27T16:18:17.332804" elapsed="0.000175"/>
</kw>
<var name="${keyTwo}">password</var>
<status status="PASS" start="2024-07-27T16:18:17.331570" elapsed="0.001657"/>
</iter>
<var>${keyTwo}</var>
<value>@{expected_keysTwo}</value>
<status status="PASS" start="2024-07-27T16:18:17.329622" elapsed="0.003726"/>
</for>
<status status="PASS" start="2024-07-27T16:18:17.223790" elapsed="0.109698"/>
</kw>
<doc>Testa a estrutura da resposta da API.</doc>
<tag>testeEstruturaResposta</tag>
<status status="PASS" start="2024-07-27T16:18:17.223186" elapsed="0.110497"/>
</test>
<test id="s1-s1-t4" name="Validar tipos de dados" line="28">
<kw name="Teste de Tipos de Dados" owner="random-user-service">
<kw name="GET On Session" owner="RequestsLibrary">
<msg time="2024-07-27T16:18:17.404360" level="INFO">GET Request : url=https://randomuser.me/api 
 path_url=/api 
 headers={'User-Agent': 'python-requests/2.32.3', 'Accept-Encoding': 'gzip, deflate', 'Accept': '*/*', 'Connection': 'keep-alive'} 
 body=None 
 </msg>
<msg time="2024-07-27T16:18:17.404495" level="INFO">GET Response : url=https://randomuser.me/api 
 status=200, reason=OK 
 headers={'Date': 'Sat, 27 Jul 2024 16:18:17 GMT', 'Content-Type': 'application/json; charset=utf-8', 'Transfer-Encoding': 'chunked', 'Connection': 'keep-alive', 'X-Powered-By': 'Express', 'Access-Control-Allow-Origin': '*', 'Cache-Control': 'no-cache', 'ETag': 'W/"488-eN+mNSaHz3ldjRAMYyCr11F0Y34"', 'Vary': 'Accept-Encoding', 'Content-Encoding': 'gzip', 'CF-Cache-Status': 'DYNAMIC', 'Report-To': '{"endpoints":[{"url":"https:\\/\\/a.nel.cloudflare.com\\/report\\/v4?s=T%2F1iVIpR5MS5ivtu71iH5GIDNt2lVDRXEo5p8ge%2BCxkzN0pocwaOvS6LGIMPdLcMn2aUQZdr7%2Fy3VnzcIMbv0BCscKRAkiD0%2Fsw6gEKoAU%2Box7AS0MYzVt7Iv8nBcFIA"}],"group":"cf-nel","max_age":604800}', 'NEL': '{"success_fraction":0,"report_to":"cf-nel","max_age":604800}', 'Server': 'cloudflare', 'CF-RAY': '8a9df1ca6f40c59f-IAD', 'alt-svc': 'h3=":443"; ma=86400'} 
 body={"results":[{"gender":"male","name":{"title":"Mr","first":"محمدطاها","last":"جعفری"},"location":{"street":{"number":1952,"name":"میرزای شیرازی"},"city":"تبریز","state":"لرستان","country":"Iran","postcode":29599,"coordinates":{"latitude":"20.2839","longitude":"-104.0581"},"timezone":{"offset":"-3:30","description":"Newfoundland"}},"email":"mhmdth.jaafry@example.com","login":{"uuid":"c153c593-234b-4b01-ba0d-9bae19f76fd6","username":"angrysnake660","password":"ncc1701","salt":"jorQTaeC","md5":"a091575b75ecf8e08b73bb1cdb94452f","sha1":"6b9db0c6934f0ba52e97a0c9b6c80430414d3d96","sha256":"56a576c84368de6dd015960d8f77ce5231e0a05af77446e2f2a1e9276e320fe9"},"dob":{"date":"1985-01-03T01:19:21.928Z","age":39},"registered":{"date":"2015-09-19T06:32:14.464Z","age":8},"phone":"006-94498461","cell":"0937-921-0747","id":{"name":"","value":null},"picture":{"large":"https://randomuser.me/api/portraits/men/93.jpg","medium":"https://randomuser.me/api/portraits/med/men/93.jpg","thumbnail":"https://randomuser.me/api/portraits/thumb/men/93.jpg"},"nat":"IR"}],"info":{"seed":"70eedee77b664303","results":1,"page":1,"version":"1.4"}} 
 </msg>
<msg time="2024-07-27T16:18:17.404603" level="INFO">/opt/hostedtoolcache/Python/3.12.4/x64/lib/python3.12/site-packages/urllib3/connectionpool.py:1099: InsecureRequestWarning: Unverified HTTPS request is being made to host 'randomuser.me'. Adding certificate verification is strongly advised. See: https://urllib3.readthedocs.io/en/latest/advanced-usage.html#tls-warnings
  warnings.warn(</msg>
<msg time="2024-07-27T16:18:17.404767" level="INFO">${response} = &lt;Response [200]&gt;</msg>
<var>${response}</var>
<arg>consultarAPI</arg>
<arg>/api</arg>
<doc>Sends a GET request on a previously created HTTP Session.</doc>
<status status="PASS" start="2024-07-27T16:18:17.336133" elapsed="0.068677"/>
</kw>
<kw name="Set Variable" owner="BuiltIn">
<msg time="2024-07-27T16:18:17.405900" level="INFO">${json_data} = {'results': [{'gender': 'male', 'name': {'title': 'Mr', 'first': 'محمدطاها', 'last': 'جعفری'}, 'location': {'street': {'number': 1952, 'name': 'میرزای شیرازی'}, 'city': 'تبریز', 'state': 'لرستان', 'co...</msg>
<var>${json_data}</var>
<arg>${response.json()}</arg>
<doc>Returns the given values which can then be assigned to a variables.</doc>
<status status="PASS" start="2024-07-27T16:18:17.405320" elapsed="0.000610"/>
</kw>
<kw name="Log" owner="BuiltIn">
<msg time="2024-07-27T16:18:17.406414" level="INFO">{'results': [{'gender': 'male', 'name': {'title': 'Mr', 'first': 'محمدطاها', 'last': 'جعفری'}, 'location': {'street': {'number': 1952, 'name': 'میرزای شیرازی'}, 'city': 'تبریز', 'state': 'لرستان', 'country': 'Iran', 'postcode': 29599, 'coordinates': {'latitude': '20.2839', 'longitude': '-104.0581'}, 'timezone': {'offset': '-3:30', 'description': 'Newfoundland'}}, 'email': 'mhmdth.jaafry@example.com', 'login': {'uuid': 'c153c593-234b-4b01-ba0d-9bae19f76fd6', 'username': 'angrysnake660', 'password': 'ncc1701', 'salt': 'jorQTaeC', 'md5': 'a091575b75ecf8e08b73bb1cdb94452f', 'sha1': '6b9db0c6934f0ba52e97a0c9b6c80430414d3d96', 'sha256': '56a576c84368de6dd015960d8f77ce5231e0a05af77446e2f2a1e9276e320fe9'}, 'dob': {'date': '1985-01-03T01:19:21.928Z', 'age': 39}, 'registered': {'date': '2015-09-19T06:32:14.464Z', 'age': 8}, 'phone': '006-94498461', 'cell': '0937-921-0747', 'id': {'name': '', 'value': None}, 'picture': {'large': 'https://randomuser.me/api/portraits/men/93.jpg', 'medium': 'https://randomuser.me/api/portraits/med/men/93.jpg', 'thumbnail': 'https://randomuser.me/api/portraits/thumb/men/93.jpg'}, 'nat': 'IR'}], 'info': {'seed': '70eedee77b664303', 'results': 1, 'page': 1, 'version': '1.4'}}</msg>
<arg>${json_data}</arg>
<doc>Logs the given message with the given level.</doc>
<status status="PASS" start="2024-07-27T16:18:17.406249" elapsed="0.000216"/>
</kw>
<kw name="Should Be String" owner="String">
<arg>${json_data['results'][0]['gender']}</arg>
<doc>Fails if the given ``item`` is not a string.</doc>
<status status="PASS" start="2024-07-27T16:18:17.406757" elapsed="0.000384"/>
</kw>
<kw name="Should Match Regexp" owner="BuiltIn">
<arg>${json_data['results'][0]['email']}</arg>
<arg>^[a-zA-Z0-9._%+-]+@[a-zA-Z0-9.-]+\.[a-zA-Z]{2,}$</arg>
<doc>Fails if ``string`` does not match ``pattern`` as a regular expression.</doc>
<status status="PASS" start="2024-07-27T16:18:17.407332" elapsed="0.000572"/>
</kw>
<kw name="Should Match Regexp" owner="BuiltIn">
<arg>${json_data['results'][0]['dob']['date']}</arg>
<arg>\\d{4}-\\d{2}-\\d{2}T\\d{2}:\\d{2}:\\d{2}\\.\\d{3}Z</arg>
<doc>Fails if ``string`` does not match ``pattern`` as a regular expression.</doc>
<status status="PASS" start="2024-07-27T16:18:17.408101" elapsed="0.000637"/>
</kw>
<kw name="Should Match Regexp" owner="BuiltIn">
<arg>${json_data['results'][0]['registered']['date']}</arg>
<arg>\\d{4}-\\d{2}-\\d{2}T\\d{2}:\\d{2}:\\d{2}\\.\\d{3}Z</arg>
<doc>Fails if ``string`` does not match ``pattern`` as a regular expression.</doc>
<status status="PASS" start="2024-07-27T16:18:17.408933" elapsed="0.000372"/>
</kw>
<kw name="Should Match Regexp" owner="BuiltIn">
<arg>${json_data['results'][0]['picture']['large']}</arg>
<arg>^https?://.*\.(?:png|jpe?g|gif|bmp)$</arg>
<doc>Fails if ``string`` does not match ``pattern`` as a regular expression.</doc>
<status status="PASS" start="2024-07-27T16:18:17.409489" elapsed="0.000529"/>
</kw>
<kw name="Should Match Regexp" owner="BuiltIn">
<arg>${json_data['results'][0]['picture']['medium']}</arg>
<arg>^https?://.*\.(?:png|jpe?g|gif|bmp)$</arg>
<doc>Fails if ``string`` does not match ``pattern`` as a regular expression.</doc>
<status status="PASS" start="2024-07-27T16:18:17.410210" elapsed="0.000359"/>
</kw>
<kw name="Should Match Regexp" owner="BuiltIn">
<arg>${json_data['results'][0]['picture']['thumbnail']}</arg>
<arg>^https?://.*\.(?:png|jpe?g|gif|bmp)$</arg>
<doc>Fails if ``string`` does not match ``pattern`` as a regular expression.</doc>
<status status="PASS" start="2024-07-27T16:18:17.410757" elapsed="0.000379"/>
</kw>
<kw name="Log" owner="BuiltIn">
<msg time="2024-07-27T16:18:17.411682" level="INFO">{'large': 'https://randomuser.me/api/portraits/men/93.jpg', 'medium': 'https://randomuser.me/api/portraits/med/men/93.jpg', 'thumbnail': 'https://randomuser.me/api/portraits/thumb/men/93.jpg'}</msg>
<arg>${json_data['results'][0]['picture']}</arg>
<doc>Logs the given message with the given level.</doc>
<status status="PASS" start="2024-07-27T16:18:17.411319" elapsed="0.000408"/>
</kw>
<status status="PASS" start="2024-07-27T16:18:17.335906" elapsed="0.076106"/>
</kw>
<kw name="Teste de Tipos de Dados - Postcode" owner="random-user-service">
<kw name="GET On Session" owner="RequestsLibrary">
<msg time="2024-07-27T16:18:17.512245" level="INFO">GET Request : url=https://randomuser.me/api 
 path_url=/api 
 headers={'User-Agent': 'python-requests/2.32.3', 'Accept-Encoding': 'gzip, deflate', 'Accept': '*/*', 'Connection': 'keep-alive'} 
 body=None 
 </msg>
<msg time="2024-07-27T16:18:17.512344" level="INFO">GET Response : url=https://randomuser.me/api 
 status=200, reason=OK 
 headers={'Date': 'Sat, 27 Jul 2024 16:18:17 GMT', 'Content-Type': 'application/json; charset=utf-8', 'Transfer-Encoding': 'chunked', 'Connection': 'keep-alive', 'X-Powered-By': 'Express', 'Access-Control-Allow-Origin': '*', 'Cache-Control': 'no-cache', 'ETag': 'W/"48d-zWanoMJJ+LV97Ee0cj/URyK5pKQ"', 'Vary': 'Accept-Encoding', 'Content-Encoding': 'gzip', 'CF-Cache-Status': 'DYNAMIC', 'Report-To': '{"endpoints":[{"url":"https:\\/\\/a.nel.cloudflare.com\\/report\\/v4?s=hyUT082fmz9BXkA6gJSVgyZN42bMQzGyKOjBrdRPX6aaFfXdK5NOr9QTWJJPgUt%2FQBSfQywOrzLW6TG8NPQcCH9%2B7cJK0rLYx3sVZVxTTAZBSPzkMZPkUibcdbfIG8Of"}],"group":"cf-nel","max_age":604800}', 'NEL': '{"success_fraction":0,"report_to":"cf-nel","max_age":604800}', 'Server': 'cloudflare', 'CF-RAY': '8a9df1cadfd7c59f-IAD', 'alt-svc': 'h3=":443"; ma=86400'} 
 body={"results":[{"gender":"female","name":{"title":"Mrs","first":"Uschi","last":"Szymanski"},"location":{"street":{"number":7943,"name":"Kirchstraße"},"city":"Sulzbach-Rosenberg","state":"Hamburg","country":"Germany","postcode":36130,"coordinates":{"latitude":"-54.0757","longitude":"84.2000"},"timezone":{"offset":"-10:00","description":"Hawaii"}},"email":"uschi.szymanski@example.com","login":{"uuid":"fe81c8d5-4a0f-4ced-a7b0-e51385ab0e28","username":"beautifulwolf426","password":"redrum","salt":"Ma7V5Z4B","md5":"3844a42e07f7406b651a5438b6a6e2fb","sha1":"e7dbc27cf6253488282ecf991060eaf7d189efcc","sha256":"944413342a2ac36a5aa5137946574b4b508bb1143478431b56ada71876d7eb00"},"dob":{"date":"1948-04-10T02:54:54.055Z","age":76},"registered":{"date":"2006-07-30T04:01:23.347Z","age":17},"phone":"0367-0915695","cell":"0171-1573950","id":{"name":"SVNR","value":"77 090448 S 518"},"picture":{"large":"https://randomuser.me/api/portraits/women/52.jpg","medium":"https://randomuser.me/api/portraits/med/women/52.jpg","thumbnail":"https://randomuser.me/api/portraits/thumb/women/52.jpg"},"nat":"DE"}],"info":{"seed":"7f96f39e9c352146","results":1,"page":1,"version":"1.4"}} 
 </msg>
<msg time="2024-07-27T16:18:17.512414" level="INFO">/opt/hostedtoolcache/Python/3.12.4/x64/lib/python3.12/site-packages/urllib3/connectionpool.py:1099: InsecureRequestWarning: Unverified HTTPS request is being made to host 'randomuser.me'. Adding certificate verification is strongly advised. See: https://urllib3.readthedocs.io/en/latest/advanced-usage.html#tls-warnings
  warnings.warn(</msg>
<msg time="2024-07-27T16:18:17.512552" level="INFO">${response} = &lt;Response [200]&gt;</msg>
<var>${response}</var>
<arg>consultarAPI</arg>
<arg>/api</arg>
<doc>Sends a GET request on a previously created HTTP Session.</doc>
<status status="PASS" start="2024-07-27T16:18:17.412665" elapsed="0.099928"/>
</kw>
<kw name="Set Variable" owner="BuiltIn">
<msg time="2024-07-27T16:18:17.513727" level="INFO">${json_data} = {'results': [{'gender': 'female', 'name': {'title': 'Mrs', 'first': 'Uschi', 'last': 'Szymanski'}, 'location': {'street': {'number': 7943, 'name': 'Kirchstraße'}, 'city': 'Sulzbach-Rosenberg', 'state'...</msg>
<var>${json_data}</var>
<arg>${response.json()}</arg>
<doc>Returns the given values which can then be assigned to a variables.</doc>
<status status="PASS" start="2024-07-27T16:18:17.513134" elapsed="0.000624"/>
</kw>
<kw name="Log" owner="BuiltIn">
<msg time="2024-07-27T16:18:17.514262" level="INFO">{'results': [{'gender': 'female', 'name': {'title': 'Mrs', 'first': 'Uschi', 'last': 'Szymanski'}, 'location': {'street': {'number': 7943, 'name': 'Kirchstraße'}, 'city': 'Sulzbach-Rosenberg', 'state': 'Hamburg', 'country': 'Germany', 'postcode': 36130, 'coordinates': {'latitude': '-54.0757', 'longitude': '84.2000'}, 'timezone': {'offset': '-10:00', 'description': 'Hawaii'}}, 'email': 'uschi.szymanski@example.com', 'login': {'uuid': 'fe81c8d5-4a0f-4ced-a7b0-e51385ab0e28', 'username': 'beautifulwolf426', 'password': 'redrum', 'salt': 'Ma7V5Z4B', 'md5': '3844a42e07f7406b651a5438b6a6e2fb', 'sha1': 'e7dbc27cf6253488282ecf991060eaf7d189efcc', 'sha256': '944413342a2ac36a5aa5137946574b4b508bb1143478431b56ada71876d7eb00'}, 'dob': {'date': '1948-04-10T02:54:54.055Z', 'age': 76}, 'registered': {'date': '2006-07-30T04:01:23.347Z', 'age': 17}, 'phone': '0367-0915695', 'cell': '0171-1573950', 'id': {'name': 'SVNR', 'value': '77 090448 S 518'}, 'picture': {'large': 'https://randomuser.me/api/portraits/women/52.jpg', 'medium': 'https://randomuser.me/api/portraits/med/women/52.jpg', 'thumbnail': 'https://randomuser.me/api/portraits/thumb/women/52.jpg'}, 'nat': 'DE'}], 'info': {'seed': '7f96f39e9c352146', 'results': 1, 'page': 1, 'version': '1.4'}}</msg>
<arg>${json_data}</arg>
<doc>Logs the given message with the given level.</doc>
<status status="PASS" start="2024-07-27T16:18:17.514093" elapsed="0.000220"/>
</kw>
<kw name="Should Be Equal As Numbers" owner="BuiltIn">
<arg>${json_data['results'][0]['location']['postcode']}</arg>
<arg>${json_data['results'][0]['location']['postcode']}</arg>
<doc>Fails if objects are unequal after converting them to real numbers.</doc>
<status status="PASS" start="2024-07-27T16:18:17.514620" elapsed="0.000645"/>
</kw>
<kw name="Log" owner="BuiltIn">
<msg time="2024-07-27T16:18:17.515819" level="INFO">36130</msg>
<arg>${json_data['results'][0]['location']['postcode']}</arg>
<doc>Logs the given message with the given level.</doc>
<status status="PASS" start="2024-07-27T16:18:17.515479" elapsed="0.000419"/>
</kw>
<status status="PASS" start="2024-07-27T16:18:17.412340" elapsed="0.103834"/>
</kw>
<doc>Testa se os tipos de dados na resposta da API estão corretos.</doc>
<tag>testeTiposDados</tag>
<status status="PASS" start="2024-07-27T16:18:17.335429" elapsed="0.180922"/>
</test>
<test id="s1-s1-t5" name="Validar conteudo" line="35">
<kw name="Teste de Tipos de Conteudo" owner="random-user-service">
<kw name="GET On Session" owner="RequestsLibrary">
<msg time="2024-07-27T16:18:17.613481" level="INFO">GET Request : url=https://randomuser.me/api 
 path_url=/api 
 headers={'User-Agent': 'python-requests/2.32.3', 'Accept-Encoding': 'gzip, deflate', 'Accept': '*/*', 'Connection': 'keep-alive'} 
 body=None 
 </msg>
<msg time="2024-07-27T16:18:17.613616" level="INFO">GET Response : url=https://randomuser.me/api 
 status=200, reason=OK 
 headers={'Date': 'Sat, 27 Jul 2024 16:18:17 GMT', 'Content-Type': 'application/json; charset=utf-8', 'Transfer-Encoding': 'chunked', 'Connection': 'keep-alive', 'X-Powered-By': 'Express', 'Access-Control-Allow-Origin': '*', 'Cache-Control': 'no-cache', 'ETag': 'W/"4a4-ICwPwvlBA7ntmAq0b9X5kKY+7CQ"', 'Vary': 'Accept-Encoding', 'Content-Encoding': 'gzip', 'CF-Cache-Status': 'DYNAMIC', 'Report-To': '{"endpoints":[{"url":"https:\\/\\/a.nel.cloudflare.com\\/report\\/v4?s=aP6sSiukEVNCradnFyjsqAw0dTDsxoGZQkSVYAIFqTYRKLKMyN4pjnvoKLau5CCEXVb0vM%2BFLSpBTSG5TDZ4J6rounzERH8LhVa24PI3n%2FqPqYmt7EF2PYJ9CjEY93%2Fm"}],"group":"cf-nel","max_age":604800}', 'NEL': '{"success_fraction":0,"report_to":"cf-nel","max_age":604800}', 'Server': 'cloudflare', 'CF-RAY': '8a9df1cb8889c59f-IAD', 'alt-svc': 'h3=":443"; ma=86400'} 
 body={"results":[{"gender":"male","name":{"title":"Monsieur","first":"Léo","last":"Thomas"},"location":{"street":{"number":6346,"name":"Rue de la Mairie"},"city":"Hirschthal","state":"Basel-Stadt","country":"Switzerland","postcode":1177,"coordinates":{"latitude":"-63.8597","longitude":"-52.0862"},"timezone":{"offset":"-4:00","description":"Atlantic Time (Canada), Caracas, La Paz"}},"email":"leo.thomas@example.com","login":{"uuid":"8f4aa62f-d734-46e9-972f-b79e06adb6f4","username":"blackwolf727","password":"juniper","salt":"2BntA6KM","md5":"66c246a90107a979726aab5737d574db","sha1":"b265421be99d3c47bf2b3ec66e74a86e46328ab2","sha256":"04b2eb1492b625f7c391e6568b0e4a49ecd38c3443df969aa15951fe9be0fc22"},"dob":{"date":"1971-04-20T13:51:15.865Z","age":53},"registered":{"date":"2014-01-09T01:09:14.642Z","age":10},"phone":"076 687 39 29","cell":"078 991 64 27","id":{"name":"AVS","value":"756.6034.0524.52"},"picture":{"large":"https://randomuser.me/api/portraits/men/92.jpg","medium":"https://randomuser.me/api/portraits/med/men/92.jpg","thumbnail":"https://randomuser.me/api/portraits/thumb/men/92.jpg"},"nat":"CH"}],"info":{"seed":"ac38fed64d9613cc","results":1,"page":1,"version":"1.4"}} 
 </msg>
<msg time="2024-07-27T16:18:17.613691" level="INFO">/opt/hostedtoolcache/Python/3.12.4/x64/lib/python3.12/site-packages/urllib3/connectionpool.py:1099: InsecureRequestWarning: Unverified HTTPS request is being made to host 'randomuser.me'. Adding certificate verification is strongly advised. See: https://urllib3.readthedocs.io/en/latest/advanced-usage.html#tls-warnings
  warnings.warn(</msg>
<msg time="2024-07-27T16:18:17.613807" level="INFO">${response} = &lt;Response [200]&gt;</msg>
<var>${response}</var>
<arg>consultarAPI</arg>
<arg>/api</arg>
<doc>Sends a GET request on a previously created HTTP Session.</doc>
<status status="PASS" start="2024-07-27T16:18:17.518945" elapsed="0.094900"/>
</kw>
<kw name="Set Variable" owner="BuiltIn">
<msg time="2024-07-27T16:18:17.614919" level="INFO">${json_data} = {'results': [{'gender': 'male', 'name': {'title': 'Monsieur', 'first': 'Léo', 'last': 'Thomas'}, 'location': {'street': {'number': 6346, 'name': 'Rue de la Mairie'}, 'city': 'Hirschthal', 'state': 'Ba...</msg>
<var>${json_data}</var>
<arg>${response.json()}</arg>
<doc>Returns the given values which can then be assigned to a variables.</doc>
<status status="PASS" start="2024-07-27T16:18:17.614366" elapsed="0.000583"/>
</kw>
<kw name="Set Variable" owner="BuiltIn">
<msg time="2024-07-27T16:18:17.615650" level="INFO">${name_title} = Monsieur</msg>
<var>${name_title}</var>
<arg>${json_data["results"][0]["name"]["title"]}</arg>
<doc>Returns the given values which can then be assigned to a variables.</doc>
<status status="PASS" start="2024-07-27T16:18:17.615261" elapsed="0.000414"/>
</kw>
<kw name="Create List" owner="BuiltIn">
<msg time="2024-07-27T16:18:17.616121" level="INFO">${allowed_titles} = ['Mr', 'Ms', 'Miss', 'Mrs', 'Madame', 'Monsieur']</msg>
<var>${allowed_titles}</var>
<arg>Mr</arg>
<arg>Ms</arg>
<arg>Miss</arg>
<arg>Mrs</arg>
<arg>Madame</arg>
<arg>Monsieur</arg>
<doc>Returns a list containing given items.</doc>
<status status="PASS" start="2024-07-27T16:18:17.615971" elapsed="0.000174"/>
</kw>
<kw name="List Should Contain Value" owner="Collections">
<arg>${allowed_titles}</arg>
<arg>${name_title}</arg>
<doc>Fails if the ``value`` is not found from ``list``.</doc>
<status status="PASS" start="2024-07-27T16:18:17.616440" elapsed="0.000183"/>
</kw>
<kw name="Set Variable" owner="BuiltIn">
<msg time="2024-07-27T16:18:17.617189" level="INFO">${name_country} = CH</msg>
<var>${name_country}</var>
<arg>${json_data["results"][0]["nat"]}</arg>
<doc>Returns the given values which can then be assigned to a variables.</doc>
<status status="PASS" start="2024-07-27T16:18:17.616817" elapsed="0.000398"/>
</kw>
<kw name="Create List" owner="BuiltIn">
<msg time="2024-07-27T16:18:17.618176" level="INFO">${list_country} = ['AD', 'AE', 'AF', 'AG', 'AI', 'AL', 'AM', 'AO', 'AQ', 'AR', 'AS', 'AT', 'AU', 'AW', 'AX', 'AZ', 'BA', 'BB', 'BD', 'BE', 'BF', 'BG', 'BH', 'BI', 'BJ', 'BL', 'BM', 'BN', 'BO', 'BQ', 'BR', 'BS', 'BT', '...</msg>
<var>${list_country}</var>
<arg>AD</arg>
<arg>AE</arg>
<arg>AF</arg>
<arg>AG</arg>
<arg>AI</arg>
<arg>AL</arg>
<arg>AM</arg>
<arg>AO</arg>
<arg>AQ</arg>
<arg>AR</arg>
<arg>AS</arg>
<arg>AT</arg>
<arg>AU</arg>
<arg>AW</arg>
<arg>AX</arg>
<arg>AZ</arg>
<arg>BA</arg>
<arg>BB</arg>
<arg>BD</arg>
<arg>BE</arg>
<arg>BF</arg>
<arg>BG</arg>
<arg>BH</arg>
<arg>BI</arg>
<arg>BJ</arg>
<arg>BL</arg>
<arg>BM</arg>
<arg>BN</arg>
<arg>BO</arg>
<arg>BQ</arg>
<arg>BR</arg>
<arg>BS</arg>
<arg>BT</arg>
<arg>BV</arg>
<arg>BW</arg>
<arg>BY</arg>
<arg>BZ</arg>
<arg>CA</arg>
<arg>CC</arg>
<arg>CD</arg>
<arg>CF</arg>
<arg>CG</arg>
<arg>CH</arg>
<arg>CI</arg>
<arg>CK</arg>
<arg>CL</arg>
<arg>CM</arg>
<arg>CN</arg>
<arg>CO</arg>
<arg>CR</arg>
<arg>CU</arg>
<arg>CV</arg>
<arg>CW</arg>
<arg>CX</arg>
<arg>CY</arg>
<arg>CZ</arg>
<arg>DE</arg>
<arg>DJ</arg>
<arg>DK</arg>
<arg>DM</arg>
<arg>DO</arg>
<arg>DZ</arg>
<arg>EC</arg>
<arg>EE</arg>
<arg>EG</arg>
<arg>EH</arg>
<arg>ER</arg>
<arg>ES</arg>
<arg>ET</arg>
<arg>FI</arg>
<arg>FJ</arg>
<arg>FK</arg>
<arg>FM</arg>
<arg>FO</arg>
<arg>FR</arg>
<arg>GA</arg>
<arg>GB</arg>
<arg>GD</arg>
<arg>GE</arg>
<arg>GF</arg>
<arg>GG</arg>
<arg>GH</arg>
<arg>GI</arg>
<arg>GL</arg>
<arg>GM</arg>
<arg>GN</arg>
<arg>GP</arg>
<arg>GQ</arg>
<arg>GR</arg>
<arg>GS</arg>
<arg>GT</arg>
<arg>GU</arg>
<arg>GW</arg>
<arg>GY</arg>
<arg>HK</arg>
<arg>HM</arg>
<arg>HN</arg>
<arg>HR</arg>
<arg>HT</arg>
<arg>HU</arg>
<arg>ID</arg>
<arg>IE</arg>
<arg>IL</arg>
<arg>IM</arg>
<arg>IN</arg>
<arg>IO</arg>
<arg>IQ</arg>
<arg>IR</arg>
<arg>IS</arg>
<arg>IT</arg>
<arg>JE</arg>
<arg>JM</arg>
<arg>JO</arg>
<arg>JP</arg>
<arg>KE</arg>
<arg>KG</arg>
<arg>KH</arg>
<arg>KI</arg>
<arg>KM</arg>
<arg>KN</arg>
<arg>KP</arg>
<arg>KR</arg>
<arg>KW</arg>
<arg>KY</arg>
<arg>KZ</arg>
<arg>LA</arg>
<arg>LB</arg>
<arg>LC</arg>
<arg>LI</arg>
<arg>LK</arg>
<arg>LR</arg>
<arg>LS</arg>
<arg>LT</arg>
<arg>LU</arg>
<arg>LV</arg>
<arg>LY</arg>
<arg>MA</arg>
<arg>MC</arg>
<arg>MD</arg>
<arg>ME</arg>
<arg>MF</arg>
<arg>MG</arg>
<arg>MH</arg>
<arg>MK</arg>
<arg>ML</arg>
<arg>MM</arg>
<arg>MN</arg>
<arg>MO</arg>
<arg>MP</arg>
<arg>MQ</arg>
<arg>MR</arg>
<arg>MS</arg>
<arg>MT</arg>
<arg>MU</arg>
<arg>MV</arg>
<arg>MW</arg>
<arg>MX</arg>
<arg>MY</arg>
<arg>MZ</arg>
<arg>NA</arg>
<arg>NC</arg>
<arg>NE</arg>
<arg>NF</arg>
<arg>NG</arg>
<arg>NI</arg>
<arg>NL</arg>
<arg>NO</arg>
<arg>NP</arg>
<arg>NR</arg>
<arg>NU</arg>
<arg>NZ</arg>
<arg>OM</arg>
<arg>PA</arg>
<arg>PE</arg>
<arg>PF</arg>
<arg>PG</arg>
<arg>PH</arg>
<arg>PK</arg>
<arg>PL</arg>
<arg>PM</arg>
<arg>PN</arg>
<arg>PR</arg>
<arg>PS</arg>
<arg>PT</arg>
<arg>PW</arg>
<arg>PY</arg>
<arg>QA</arg>
<arg>RE</arg>
<arg>RO</arg>
<arg>RS</arg>
<arg>RU</arg>
<arg>RW</arg>
<arg>SA</arg>
<arg>SB</arg>
<arg>SC</arg>
<arg>SD</arg>
<arg>SE</arg>
<arg>SG</arg>
<arg>SH</arg>
<arg>SI</arg>
<arg>SJ</arg>
<arg>SK</arg>
<arg>SL</arg>
<arg>SM</arg>
<arg>SN</arg>
<arg>SO</arg>
<arg>SR</arg>
<arg>SS</arg>
<arg>ST</arg>
<arg>SV</arg>
<arg>SX</arg>
<arg>SY</arg>
<arg>SZ</arg>
<arg>TC</arg>
<arg>TD</arg>
<arg>TF</arg>
<arg>TG</arg>
<arg>TH</arg>
<arg>TJ</arg>
<arg>TK</arg>
<arg>TL</arg>
<arg>TM</arg>
<arg>TN</arg>
<arg>TO</arg>
<arg>TR</arg>
<arg>TT</arg>
<arg>TV</arg>
<arg>TW</arg>
<arg>TZ</arg>
<arg>UA</arg>
<arg>UG</arg>
<arg>UM</arg>
<arg>US</arg>
<arg>UY</arg>
<arg>UZ</arg>
<arg>VA</arg>
<arg>VC</arg>
<arg>VE</arg>
<arg>VG</arg>
<arg>VI</arg>
<arg>VN</arg>
<arg>VU</arg>
<arg>WF</arg>
<arg>WS</arg>
<arg>XK</arg>
<arg>YE</arg>
<arg>YT</arg>
<arg>ZA</arg>
<arg>ZM</arg>
<arg>ZW</arg>
<doc>Returns a list containing given items.</doc>
<status status="PASS" start="2024-07-27T16:18:17.617541" elapsed="0.000662"/>
</kw>
<kw name="List Should Contain Value" owner="Collections">
<arg>${list_country}</arg>
<arg>${name_country}</arg>
<doc>Fails if the ``value`` is not found from ``list``.</doc>
<status status="PASS" start="2024-07-27T16:18:17.619206" elapsed="0.000211"/>
</kw>
<kw name="Run Keyword If" owner="BuiltIn">
<kw name="Should Be True" owner="BuiltIn">
<arg>${True}</arg>
<doc>Fails if the given condition is not true.</doc>
<status status="PASS" start="2024-07-27T16:18:17.620385" elapsed="0.000142"/>
</kw>
<arg>${json_data["results"][0]["location"]["coordinates"]["latitude"]} &gt;= -90 and ${json_data["results"][0]["location"]["coordinates"]["latitude"]} &lt;= 90</arg>
<arg>Should Be True</arg>
<arg>${True}</arg>
<doc>Runs the given keyword with the given arguments, if ``condition`` is true.</doc>
<status status="PASS" start="2024-07-27T16:18:17.619618" elapsed="0.001034"/>
</kw>
<kw name="Run Keyword If" owner="BuiltIn">
<kw name="Should Be True" owner="BuiltIn">
<arg>${True}</arg>
<doc>Fails if the given condition is not true.</doc>
<status status="PASS" start="2024-07-27T16:18:17.621528" elapsed="0.000170"/>
</kw>
<arg>${json_data["results"][0]["location"]["coordinates"]["longitude"]} &gt;= -180 and ${json_data["results"][0]["location"]["coordinates"]["longitude"]} &lt;= 180</arg>
<arg>Should Be True</arg>
<arg>${True}</arg>
<doc>Runs the given keyword with the given arguments, if ``condition`` is true.</doc>
<status status="PASS" start="2024-07-27T16:18:17.620831" elapsed="0.000997"/>
</kw>
<status status="PASS" start="2024-07-27T16:18:17.518719" elapsed="0.103241"/>
</kw>
<doc>Testa o conteúdo específico dos campos retornados pela API.</doc>
<tag>testeConteudo</tag>
<status status="PASS" start="2024-07-27T16:18:17.518180" elapsed="0.103932"/>
</test>
<status status="PASS" start="2024-07-27T16:18:16.778240" elapsed="0.845857"/>
</suite>
<status status="PASS" start="2024-07-27T16:18:16.763261" elapsed="0.866016"/>
</suite>
<statistics>
<total>
<stat pass="5" fail="0" skip="0">All Tests</stat>
</total>
<tag>
<stat pass="1" fail="0" skip="0">testeConteudo</stat>
<stat pass="1" fail="0" skip="0">testeEstruturaResposta</stat>
<stat pass="1" fail="0" skip="0">testeRequisicaoBasica</stat>
<stat pass="1" fail="0" skip="0">testeTiposDados</stat>
</tag>
<suite>
<stat pass="5" fail="0" skip="0" id="s1" name="Tests">Tests</stat>
<stat pass="5" fail="0" skip="0" id="s1-s1" name="Random-User-Test">Tests.Random-User-Test</stat>
</suite>
</statistics>
<errors>
</errors>
</robot>
