<?xml version="1.0" encoding="UTF-8"?>
<robot generator="Robot 7.0 (Python 3.12.3 on linux)" generated="2024-06-08T14:13:36.996232" rpa="false" schemaversion="5">
<suite id="s1" name="Tests" source="/home/runner/work/ApiRandomUser/ApiRandomUser/RamdonUser/tests">
<suite id="s1-s1" name="Random-User-Test" source="/home/runner/work/ApiRandomUser/ApiRandomUser/RamdonUser/tests/random-user-test.robot">
<test id="s1-s1-t1" name="Conectar" line="13">
<kw name="Conectar API" owner="random-user-service">
<kw name="Create Session" owner="RequestsLibrary">
<msg time="2024-06-08T14:13:37.395663" level="INFO">Creating Session using : alias=consultarAPI, url=https://randomuser.me/, headers={},                     cookies={}, auth=None, timeout=None, proxies=None, verify=False,                     debug=0 </msg>
<arg>consultarAPI</arg>
<arg>${URL}</arg>
<doc>Create Session: create a HTTP session to a server</doc>
<status status="PASS" start="2024-06-08T14:13:37.395453" elapsed="0.000402"/>
</kw>
<status status="PASS" start="2024-06-08T14:13:37.394356" elapsed="0.001882"/>
</kw>
<status status="PASS" start="2024-06-08T14:13:37.393731" elapsed="0.002700"/>
</test>
<test id="s1-s1-t2" name="Validar retorno 200 e JSON Válido" line="16">
<kw name="Teste de Requisicao Basica" owner="random-user-service">
<kw name="GET On Session" owner="RequestsLibrary">
<msg time="2024-06-08T14:13:37.527940" level="INFO">GET Request : url=https://randomuser.me/api 
 path_url=/api 
 headers={'User-Agent': 'python-requests/2.32.3', 'Accept-Encoding': 'gzip, deflate', 'Accept': '*/*', 'Connection': 'keep-alive'} 
 body=None 
 </msg>
<msg time="2024-06-08T14:13:37.528102" level="INFO">GET Response : url=https://randomuser.me/api 
 status=200, reason=OK 
 headers={'Date': 'Sat, 08 Jun 2024 14:13:37 GMT', 'Content-Type': 'application/json; charset=utf-8', 'Transfer-Encoding': 'chunked', 'Connection': 'keep-alive', 'X-Powered-By': 'Express', 'Access-Control-Allow-Origin': '*', 'Cache-Control': 'no-cache', 'ETag': 'W/"4ad-i/cAE1AXUcAnWJ2nyC+IF2qzcXY"', 'Vary': 'Accept-Encoding', 'Content-Encoding': 'gzip', 'CF-Cache-Status': 'DYNAMIC', 'Report-To': '{"endpoints":[{"url":"https:\\/\\/a.nel.cloudflare.com\\/report\\/v4?s=w02ogfNxhpBhb22bOnzF0aKn6U9VrnECGFU7h7HIzZ%2FP9vy9i7VXBZYjzXc%2BCVgbIqP%2Fov6RwYrcpUA%2BFsraA6q3a%2FleIy03wg%2Bcm%2F7d4XgLE00E1rgN0FftcKYEMB0A"}],"group":"cf-nel","max_age":604800}', 'NEL': '{"success_fraction":0,"report_to":"cf-nel","max_age":604800}', 'Server': 'cloudflare', 'CF-RAY': '89097bcd0d5396b4-SJC', 'alt-svc': 'h3=":443"; ma=86400'} 
 body={"results":[{"gender":"male","name":{"title":"Monsieur","first":"Adrian","last":"Rolland"},"location":{"street":{"number":8933,"name":"Rue Pierre-Delore"},"city":"Mathod","state":"Basel-Landschaft","country":"Switzerland","postcode":3332,"coordinates":{"latitude":"-56.6704","longitude":"-92.6457"},"timezone":{"offset":"-5:00","description":"Eastern Time (US &amp; Canada), Bogota, Lima"}},"email":"adrian.rolland@example.com","login":{"uuid":"0e4ef814-abc3-4dc8-960f-b45b4ac847e4","username":"angryzebra740","password":"goten","salt":"MQUnZXFe","md5":"dd4e37441368034c9dec5eee244b13f2","sha1":"627bda4c8f144c6c83349ddf20981cdc564e9076","sha256":"82ef896b6e0b3fe27acc994ed3a1eff3eb315f56636fcdfa14960e3370b0d2df"},"dob":{"date":"1961-01-10T05:52:42.809Z","age":63},"registered":{"date":"2009-02-01T07:52:23.947Z","age":15},"phone":"078 752 49 25","cell":"079 717 42 70","id":{"name":"AVS","value":"756.8403.6579.30"},"picture":{"large":"https://randomuser.me/api/portraits/men/71.jpg","medium":"https://randomuser.me/api/portraits/med/men/71.jpg","thumbnail":"https://randomuser.me/api/portraits/thumb/men/71.jpg"},"nat":"CH"}],"info":{"seed":"902289f092f2791f","results":1,"page":1,"version":"1.4"}} 
 </msg>
<msg time="2024-06-08T14:13:37.528194" level="INFO">/opt/hostedtoolcache/Python/3.12.3/x64/lib/python3.12/site-packages/urllib3/connectionpool.py:1103: InsecureRequestWarning: Unverified HTTPS request is being made to host 'randomuser.me'. Adding certificate verification is strongly advised. See: https://urllib3.readthedocs.io/en/latest/advanced-usage.html#tls-warnings
  warnings.warn(</msg>
<msg time="2024-06-08T14:13:37.528349" level="INFO">${response} = &lt;Response [200]&gt;</msg>
<var>${response}</var>
<arg>consultarAPI</arg>
<arg>/api</arg>
<doc>Sends a GET request on a previously created HTTP Session.</doc>
<status status="PASS" start="2024-06-08T14:13:37.399085" elapsed="0.129306"/>
</kw>
<kw name="Should Be Equal As Numbers" owner="BuiltIn">
<msg time="2024-06-08T14:13:37.529688" level="INFO">Argument types are:
&lt;class 'int'&gt;
&lt;class 'str'&gt;</msg>
<arg>${response.status_code}</arg>
<arg>200</arg>
<doc>Fails if objects are unequal after converting them to real numbers.</doc>
<status status="PASS" start="2024-06-08T14:13:37.529161" elapsed="0.000596"/>
</kw>
<kw name="Log" owner="BuiltIn">
<msg time="2024-06-08T14:13:37.530541" level="INFO">200</msg>
<arg>${response.status_code}</arg>
<doc>Logs the given message with the given level.</doc>
<status status="PASS" start="2024-06-08T14:13:37.530189" elapsed="0.000400"/>
</kw>
<kw name="Set Variable" owner="BuiltIn">
<msg time="2024-06-08T14:13:37.531351" level="INFO">${json_data} = {'results': [{'gender': 'male', 'name': {'title': 'Monsieur', 'first': 'Adrian', 'last': 'Rolland'}, 'location': {'street': {'number': 8933, 'name': 'Rue Pierre-Delore'}, 'city': 'Mathod', 'state': 'B...</msg>
<var>${json_data}</var>
<arg>${response.json()}</arg>
<doc>Returns the given values which can then be assigned to a variables.</doc>
<status status="PASS" start="2024-06-08T14:13:37.530907" elapsed="0.000475"/>
</kw>
<kw name="Dictionary Should Contain Key" owner="Collections">
<msg time="2024-06-08T14:13:37.531871" level="INFO">False</msg>
<arg>${json_data}</arg>
<arg>results</arg>
<doc>Fails if ``key`` is not found from ``dictionary``.</doc>
<status status="PASS" start="2024-06-08T14:13:37.531700" elapsed="0.000379"/>
</kw>
<status status="PASS" start="2024-06-08T14:13:37.398827" elapsed="0.133536"/>
</kw>
<doc>Testa se a API responde corretamente e retorna um objeto JSON válido.</doc>
<tag>testeRequisicaoBasica</tag>
<status status="PASS" start="2024-06-08T14:13:37.398352" elapsed="0.134196"/>
</test>
<test id="s1-s1-t3" name="Validar estrutura de resposta" line="22">
<kw name="Teste de Estrutura de Resposta" owner="random-user-service">
<kw name="GET On Session" owner="RequestsLibrary">
<msg time="2024-06-08T14:13:37.643018" level="INFO">GET Request : url=https://randomuser.me/api 
 path_url=/api 
 headers={'User-Agent': 'python-requests/2.32.3', 'Accept-Encoding': 'gzip, deflate', 'Accept': '*/*', 'Connection': 'keep-alive'} 
 body=None 
 </msg>
<msg time="2024-06-08T14:13:37.643138" level="INFO">GET Response : url=https://randomuser.me/api 
 status=200, reason=OK 
 headers={'Date': 'Sat, 08 Jun 2024 14:13:37 GMT', 'Content-Type': 'application/json; charset=utf-8', 'Transfer-Encoding': 'chunked', 'Connection': 'keep-alive', 'X-Powered-By': 'Express', 'Access-Control-Allow-Origin': '*', 'Cache-Control': 'no-cache', 'ETag': 'W/"492-fc4RGsrUX3pStG51vodan7nPlp4"', 'Vary': 'Accept-Encoding', 'Content-Encoding': 'gzip', 'CF-Cache-Status': 'DYNAMIC', 'Report-To': '{"endpoints":[{"url":"https:\\/\\/a.nel.cloudflare.com\\/report\\/v4?s=L4UNKtutJII1NuWBz7BopteqOqZaCEFynVWGifPmQROYm%2BXEa%2FgYkmIx5K09RQwGEiA%2FT6arB4ihTuDMvg217mVgtl2SkG5ry%2Bh39qU6Q0%2F2HDOUu%2BFiZE0HCy3gE87C"}],"group":"cf-nel","max_age":604800}', 'NEL': '{"success_fraction":0,"report_to":"cf-nel","max_age":604800}', 'Server': 'cloudflare', 'CF-RAY': '89097bcd9dc496b4-SJC', 'alt-svc': 'h3=":443"; ma=86400'} 
 body={"results":[{"gender":"female","name":{"title":"Ms","first":"Nicole","last":"Smith"},"location":{"street":{"number":6112,"name":"Highfield Road"},"city":"Dundalk","state":"Clare","country":"Ireland","postcode":32249,"coordinates":{"latitude":"-2.8690","longitude":"98.3777"},"timezone":{"offset":"0:00","description":"Western Europe Time, London, Lisbon, Casablanca"}},"email":"nicole.smith@example.com","login":{"uuid":"cdf79551-3aaf-42cc-926b-67dd1fbec72f","username":"sadgorilla518","password":"groups","salt":"PN8kVVul","md5":"444d909837dba2717c64c719c59607e9","sha1":"bdafaf7645b42be25ce4acf937ac5c531c525fff","sha256":"07fa9efecda4fe987a29e04c4a4c635e31a6975396cb8e7a3e4f89466bf81182"},"dob":{"date":"1991-05-24T20:27:16.799Z","age":33},"registered":{"date":"2018-09-08T02:55:31.555Z","age":5},"phone":"071-787-4191","cell":"081-777-2917","id":{"name":"PPS","value":"9544177T"},"picture":{"large":"https://randomuser.me/api/portraits/women/9.jpg","medium":"https://randomuser.me/api/portraits/med/women/9.jpg","thumbnail":"https://randomuser.me/api/portraits/thumb/women/9.jpg"},"nat":"IE"}],"info":{"seed":"fb29307f526549bd","results":1,"page":1,"version":"1.4"}} 
 </msg>
<msg time="2024-06-08T14:13:37.643281" level="INFO">/opt/hostedtoolcache/Python/3.12.3/x64/lib/python3.12/site-packages/urllib3/connectionpool.py:1103: InsecureRequestWarning: Unverified HTTPS request is being made to host 'randomuser.me'. Adding certificate verification is strongly advised. See: https://urllib3.readthedocs.io/en/latest/advanced-usage.html#tls-warnings
  warnings.warn(</msg>
<msg time="2024-06-08T14:13:37.643413" level="INFO">${response} = &lt;Response [200]&gt;</msg>
<var>${response}</var>
<arg>consultarAPI</arg>
<arg>/api</arg>
<doc>Sends a GET request on a previously created HTTP Session.</doc>
<status status="PASS" start="2024-06-08T14:13:37.535203" elapsed="0.108240"/>
</kw>
<kw name="Set Variable" owner="BuiltIn">
<msg time="2024-06-08T14:13:37.644566" level="INFO">${json_data} = {'results': [{'gender': 'female', 'name': {'title': 'Ms', 'first': 'Nicole', 'last': 'Smith'}, 'location': {'street': {'number': 6112, 'name': 'Highfield Road'}, 'city': 'Dundalk', 'state': 'Clare', '...</msg>
<var>${json_data}</var>
<arg>${response.json()}</arg>
<doc>Returns the given values which can then be assigned to a variables.</doc>
<status status="PASS" start="2024-06-08T14:13:37.644027" elapsed="0.000570"/>
</kw>
<kw name="Log" owner="BuiltIn">
<msg time="2024-06-08T14:13:37.645083" level="INFO">{'results': [{'gender': 'female', 'name': {'title': 'Ms', 'first': 'Nicole', 'last': 'Smith'}, 'location': {'street': {'number': 6112, 'name': 'Highfield Road'}, 'city': 'Dundalk', 'state': 'Clare', 'country': 'Ireland', 'postcode': 32249, 'coordinates': {'latitude': '-2.8690', 'longitude': '98.3777'}, 'timezone': {'offset': '0:00', 'description': 'Western Europe Time, London, Lisbon, Casablanca'}}, 'email': 'nicole.smith@example.com', 'login': {'uuid': 'cdf79551-3aaf-42cc-926b-67dd1fbec72f', 'username': 'sadgorilla518', 'password': 'groups', 'salt': 'PN8kVVul', 'md5': '444d909837dba2717c64c719c59607e9', 'sha1': 'bdafaf7645b42be25ce4acf937ac5c531c525fff', 'sha256': '07fa9efecda4fe987a29e04c4a4c635e31a6975396cb8e7a3e4f89466bf81182'}, 'dob': {'date': '1991-05-24T20:27:16.799Z', 'age': 33}, 'registered': {'date': '2018-09-08T02:55:31.555Z', 'age': 5}, 'phone': '071-787-4191', 'cell': '081-777-2917', 'id': {'name': 'PPS', 'value': '9544177T'}, 'picture': {'large': 'https://randomuser.me/api/portraits/women/9.jpg', 'medium': 'https://randomuser.me/api/portraits/med/women/9.jpg', 'thumbnail': 'https://randomuser.me/api/portraits/thumb/women/9.jpg'}, 'nat': 'IE'}], 'info': {'seed': 'fb29307f526549bd', 'results': 1, 'page': 1, 'version': '1.4'}}</msg>
<arg>${json_data}</arg>
<doc>Logs the given message with the given level.</doc>
<status status="PASS" start="2024-06-08T14:13:37.644922" elapsed="0.000220"/>
</kw>
<kw name="Dictionary Should Contain Key" owner="Collections">
<msg time="2024-06-08T14:13:37.645617" level="INFO">False</msg>
<arg>${json_data}</arg>
<arg>results</arg>
<doc>Fails if ``key`` is not found from ``dictionary``.</doc>
<status status="PASS" start="2024-06-08T14:13:37.645450" elapsed="0.000205"/>
</kw>
<kw name="Should Not Be Empty" owner="BuiltIn">
<msg time="2024-06-08T14:13:37.646146" level="INFO">Length is 2.</msg>
<arg>${json_data}</arg>
<doc>Verifies that the given item is not empty.</doc>
<status status="PASS" start="2024-06-08T14:13:37.646007" elapsed="0.000183"/>
</kw>
<kw name="Create List" owner="BuiltIn">
<msg time="2024-06-08T14:13:37.646640" level="INFO">${expected_keys} = ['gender', 'name', 'location', 'email', 'login']</msg>
<var>${expected_keys}</var>
<arg>gender</arg>
<arg>name</arg>
<arg>location</arg>
<arg>email</arg>
<arg>login</arg>
<doc>Returns a list containing given items.</doc>
<status status="PASS" start="2024-06-08T14:13:37.646489" elapsed="0.000176"/>
</kw>
<for flavor="IN">
<iter>
<kw name="Dictionary Should Contain Key" owner="Collections">
<msg time="2024-06-08T14:13:37.647669" level="INFO">False</msg>
<arg>${json_data['results'][0]}</arg>
<arg>${key}</arg>
<doc>Fails if ``key`` is not found from ``dictionary``.</doc>
<status status="PASS" start="2024-06-08T14:13:37.647261" elapsed="0.000455"/>
</kw>
<kw name="Log" owner="BuiltIn">
<msg time="2024-06-08T14:13:37.648385" level="INFO">{'gender': 'female', 'name': {'title': 'Ms', 'first': 'Nicole', 'last': 'Smith'}, 'location': {'street': {'number': 6112, 'name': 'Highfield Road'}, 'city': 'Dundalk', 'state': 'Clare', 'country': 'Ireland', 'postcode': 32249, 'coordinates': {'latitude': '-2.8690', 'longitude': '98.3777'}, 'timezone': {'offset': '0:00', 'description': 'Western Europe Time, London, Lisbon, Casablanca'}}, 'email': 'nicole.smith@example.com', 'login': {'uuid': 'cdf79551-3aaf-42cc-926b-67dd1fbec72f', 'username': 'sadgorilla518', 'password': 'groups', 'salt': 'PN8kVVul', 'md5': '444d909837dba2717c64c719c59607e9', 'sha1': 'bdafaf7645b42be25ce4acf937ac5c531c525fff', 'sha256': '07fa9efecda4fe987a29e04c4a4c635e31a6975396cb8e7a3e4f89466bf81182'}, 'dob': {'date': '1991-05-24T20:27:16.799Z', 'age': 33}, 'registered': {'date': '2018-09-08T02:55:31.555Z', 'age': 5}, 'phone': '071-787-4191', 'cell': '081-777-2917', 'id': {'name': 'PPS', 'value': '9544177T'}, 'picture': {'large': 'https://randomuser.me/api/portraits/women/9.jpg', 'medium': 'https://randomuser.me/api/portraits/med/women/9.jpg', 'thumbnail': 'https://randomuser.me/api/portraits/thumb/women/9.jpg'}, 'nat': 'IE'}</msg>
<arg>${json_data['results'][0]}</arg>
<doc>Logs the given message with the given level.</doc>
<status status="PASS" start="2024-06-08T14:13:37.648021" elapsed="0.000413"/>
</kw>
<kw name="Log" owner="BuiltIn">
<msg time="2024-06-08T14:13:37.648878" level="INFO">gender</msg>
<arg>${key}</arg>
<doc>Logs the given message with the given level.</doc>
<status status="PASS" start="2024-06-08T14:13:37.648748" elapsed="0.000168"/>
</kw>
<var name="${key}">gender</var>
<status status="PASS" start="2024-06-08T14:13:37.647132" elapsed="0.002000"/>
</iter>
<iter>
<kw name="Dictionary Should Contain Key" owner="Collections">
<msg time="2024-06-08T14:13:37.649858" level="INFO">False</msg>
<arg>${json_data['results'][0]}</arg>
<arg>${key}</arg>
<doc>Fails if ``key`` is not found from ``dictionary``.</doc>
<status status="PASS" start="2024-06-08T14:13:37.649440" elapsed="0.000458"/>
</kw>
<kw name="Log" owner="BuiltIn">
<msg time="2024-06-08T14:13:37.650598" level="INFO">{'gender': 'female', 'name': {'title': 'Ms', 'first': 'Nicole', 'last': 'Smith'}, 'location': {'street': {'number': 6112, 'name': 'Highfield Road'}, 'city': 'Dundalk', 'state': 'Clare', 'country': 'Ireland', 'postcode': 32249, 'coordinates': {'latitude': '-2.8690', 'longitude': '98.3777'}, 'timezone': {'offset': '0:00', 'description': 'Western Europe Time, London, Lisbon, Casablanca'}}, 'email': 'nicole.smith@example.com', 'login': {'uuid': 'cdf79551-3aaf-42cc-926b-67dd1fbec72f', 'username': 'sadgorilla518', 'password': 'groups', 'salt': 'PN8kVVul', 'md5': '444d909837dba2717c64c719c59607e9', 'sha1': 'bdafaf7645b42be25ce4acf937ac5c531c525fff', 'sha256': '07fa9efecda4fe987a29e04c4a4c635e31a6975396cb8e7a3e4f89466bf81182'}, 'dob': {'date': '1991-05-24T20:27:16.799Z', 'age': 33}, 'registered': {'date': '2018-09-08T02:55:31.555Z', 'age': 5}, 'phone': '071-787-4191', 'cell': '081-777-2917', 'id': {'name': 'PPS', 'value': '9544177T'}, 'picture': {'large': 'https://randomuser.me/api/portraits/women/9.jpg', 'medium': 'https://randomuser.me/api/portraits/med/women/9.jpg', 'thumbnail': 'https://randomuser.me/api/portraits/thumb/women/9.jpg'}, 'nat': 'IE'}</msg>
<arg>${json_data['results'][0]}</arg>
<doc>Logs the given message with the given level.</doc>
<status status="PASS" start="2024-06-08T14:13:37.650235" elapsed="0.000412"/>
</kw>
<kw name="Log" owner="BuiltIn">
<msg time="2024-06-08T14:13:37.651074" level="INFO">name</msg>
<arg>${key}</arg>
<doc>Logs the given message with the given level.</doc>
<status status="PASS" start="2024-06-08T14:13:37.650945" elapsed="0.000166"/>
</kw>
<var name="${key}">name</var>
<status status="PASS" start="2024-06-08T14:13:37.649324" elapsed="0.002011"/>
</iter>
<iter>
<kw name="Dictionary Should Contain Key" owner="Collections">
<msg time="2024-06-08T14:13:37.652007" level="INFO">False</msg>
<arg>${json_data['results'][0]}</arg>
<arg>${key}</arg>
<doc>Fails if ``key`` is not found from ``dictionary``.</doc>
<status status="PASS" start="2024-06-08T14:13:37.651629" elapsed="0.000426"/>
</kw>
<kw name="Log" owner="BuiltIn">
<msg time="2024-06-08T14:13:37.652738" level="INFO">{'gender': 'female', 'name': {'title': 'Ms', 'first': 'Nicole', 'last': 'Smith'}, 'location': {'street': {'number': 6112, 'name': 'Highfield Road'}, 'city': 'Dundalk', 'state': 'Clare', 'country': 'Ireland', 'postcode': 32249, 'coordinates': {'latitude': '-2.8690', 'longitude': '98.3777'}, 'timezone': {'offset': '0:00', 'description': 'Western Europe Time, London, Lisbon, Casablanca'}}, 'email': 'nicole.smith@example.com', 'login': {'uuid': 'cdf79551-3aaf-42cc-926b-67dd1fbec72f', 'username': 'sadgorilla518', 'password': 'groups', 'salt': 'PN8kVVul', 'md5': '444d909837dba2717c64c719c59607e9', 'sha1': 'bdafaf7645b42be25ce4acf937ac5c531c525fff', 'sha256': '07fa9efecda4fe987a29e04c4a4c635e31a6975396cb8e7a3e4f89466bf81182'}, 'dob': {'date': '1991-05-24T20:27:16.799Z', 'age': 33}, 'registered': {'date': '2018-09-08T02:55:31.555Z', 'age': 5}, 'phone': '071-787-4191', 'cell': '081-777-2917', 'id': {'name': 'PPS', 'value': '9544177T'}, 'picture': {'large': 'https://randomuser.me/api/portraits/women/9.jpg', 'medium': 'https://randomuser.me/api/portraits/med/women/9.jpg', 'thumbnail': 'https://randomuser.me/api/portraits/thumb/women/9.jpg'}, 'nat': 'IE'}</msg>
<arg>${json_data['results'][0]}</arg>
<doc>Logs the given message with the given level.</doc>
<status status="PASS" start="2024-06-08T14:13:37.652368" elapsed="0.000418"/>
</kw>
<kw name="Log" owner="BuiltIn">
<msg time="2024-06-08T14:13:37.653209" level="INFO">location</msg>
<arg>${key}</arg>
<doc>Logs the given message with the given level.</doc>
<status status="PASS" start="2024-06-08T14:13:37.653082" elapsed="0.000165"/>
</kw>
<var name="${key}">location</var>
<status status="PASS" start="2024-06-08T14:13:37.651515" elapsed="0.001946"/>
</iter>
<iter>
<kw name="Dictionary Should Contain Key" owner="Collections">
<msg time="2024-06-08T14:13:37.654299" level="INFO">False</msg>
<arg>${json_data['results'][0]}</arg>
<arg>${key}</arg>
<doc>Fails if ``key`` is not found from ``dictionary``.</doc>
<status status="PASS" start="2024-06-08T14:13:37.653744" elapsed="0.000594"/>
</kw>
<kw name="Log" owner="BuiltIn">
<msg time="2024-06-08T14:13:37.655013" level="INFO">{'gender': 'female', 'name': {'title': 'Ms', 'first': 'Nicole', 'last': 'Smith'}, 'location': {'street': {'number': 6112, 'name': 'Highfield Road'}, 'city': 'Dundalk', 'state': 'Clare', 'country': 'Ireland', 'postcode': 32249, 'coordinates': {'latitude': '-2.8690', 'longitude': '98.3777'}, 'timezone': {'offset': '0:00', 'description': 'Western Europe Time, London, Lisbon, Casablanca'}}, 'email': 'nicole.smith@example.com', 'login': {'uuid': 'cdf79551-3aaf-42cc-926b-67dd1fbec72f', 'username': 'sadgorilla518', 'password': 'groups', 'salt': 'PN8kVVul', 'md5': '444d909837dba2717c64c719c59607e9', 'sha1': 'bdafaf7645b42be25ce4acf937ac5c531c525fff', 'sha256': '07fa9efecda4fe987a29e04c4a4c635e31a6975396cb8e7a3e4f89466bf81182'}, 'dob': {'date': '1991-05-24T20:27:16.799Z', 'age': 33}, 'registered': {'date': '2018-09-08T02:55:31.555Z', 'age': 5}, 'phone': '071-787-4191', 'cell': '081-777-2917', 'id': {'name': 'PPS', 'value': '9544177T'}, 'picture': {'large': 'https://randomuser.me/api/portraits/women/9.jpg', 'medium': 'https://randomuser.me/api/portraits/med/women/9.jpg', 'thumbnail': 'https://randomuser.me/api/portraits/thumb/women/9.jpg'}, 'nat': 'IE'}</msg>
<arg>${json_data['results'][0]}</arg>
<doc>Logs the given message with the given level.</doc>
<status status="PASS" start="2024-06-08T14:13:37.654643" elapsed="0.000418"/>
</kw>
<kw name="Log" owner="BuiltIn">
<msg time="2024-06-08T14:13:37.655491" level="INFO">email</msg>
<arg>${key}</arg>
<doc>Logs the given message with the given level.</doc>
<status status="PASS" start="2024-06-08T14:13:37.655363" elapsed="0.000165"/>
</kw>
<var name="${key}">email</var>
<status status="PASS" start="2024-06-08T14:13:37.653632" elapsed="0.002112"/>
</iter>
<iter>
<kw name="Dictionary Should Contain Key" owner="Collections">
<msg time="2024-06-08T14:13:37.656411" level="INFO">False</msg>
<arg>${json_data['results'][0]}</arg>
<arg>${key}</arg>
<doc>Fails if ``key`` is not found from ``dictionary``.</doc>
<status status="PASS" start="2024-06-08T14:13:37.656028" elapsed="0.000419"/>
</kw>
<kw name="Log" owner="BuiltIn">
<msg time="2024-06-08T14:13:37.657096" level="INFO">{'gender': 'female', 'name': {'title': 'Ms', 'first': 'Nicole', 'last': 'Smith'}, 'location': {'street': {'number': 6112, 'name': 'Highfield Road'}, 'city': 'Dundalk', 'state': 'Clare', 'country': 'Ireland', 'postcode': 32249, 'coordinates': {'latitude': '-2.8690', 'longitude': '98.3777'}, 'timezone': {'offset': '0:00', 'description': 'Western Europe Time, London, Lisbon, Casablanca'}}, 'email': 'nicole.smith@example.com', 'login': {'uuid': 'cdf79551-3aaf-42cc-926b-67dd1fbec72f', 'username': 'sadgorilla518', 'password': 'groups', 'salt': 'PN8kVVul', 'md5': '444d909837dba2717c64c719c59607e9', 'sha1': 'bdafaf7645b42be25ce4acf937ac5c531c525fff', 'sha256': '07fa9efecda4fe987a29e04c4a4c635e31a6975396cb8e7a3e4f89466bf81182'}, 'dob': {'date': '1991-05-24T20:27:16.799Z', 'age': 33}, 'registered': {'date': '2018-09-08T02:55:31.555Z', 'age': 5}, 'phone': '071-787-4191', 'cell': '081-777-2917', 'id': {'name': 'PPS', 'value': '9544177T'}, 'picture': {'large': 'https://randomuser.me/api/portraits/women/9.jpg', 'medium': 'https://randomuser.me/api/portraits/med/women/9.jpg', 'thumbnail': 'https://randomuser.me/api/portraits/thumb/women/9.jpg'}, 'nat': 'IE'}</msg>
<arg>${json_data['results'][0]}</arg>
<doc>Logs the given message with the given level.</doc>
<status status="PASS" start="2024-06-08T14:13:37.656743" elapsed="0.000400"/>
</kw>
<kw name="Log" owner="BuiltIn">
<msg time="2024-06-08T14:13:37.657564" level="INFO">login</msg>
<arg>${key}</arg>
<doc>Logs the given message with the given level.</doc>
<status status="PASS" start="2024-06-08T14:13:37.657436" elapsed="0.000166"/>
</kw>
<var name="${key}">login</var>
<status status="PASS" start="2024-06-08T14:13:37.655915" elapsed="0.001953"/>
</iter>
<var>${key}</var>
<value>@{expected_keys}</value>
<status status="PASS" start="2024-06-08T14:13:37.646930" elapsed="0.011074"/>
</for>
<kw name="Create List" owner="BuiltIn">
<msg time="2024-06-08T14:13:37.658342" level="INFO">${expected_keysTwo} = ['username', 'password']</msg>
<var>${expected_keysTwo}</var>
<arg>username</arg>
<arg>password</arg>
<doc>Returns a list containing given items.</doc>
<status status="PASS" start="2024-06-08T14:13:37.658203" elapsed="0.000161"/>
</kw>
<for flavor="IN">
<iter>
<kw name="Dictionary Should Contain Key" owner="Collections">
<msg time="2024-06-08T14:13:37.659252" level="INFO">False</msg>
<arg>${json_data['results'][0]['login']}</arg>
<arg>${keyTwo}</arg>
<doc>Fails if ``key`` is not found from ``dictionary``.</doc>
<status status="PASS" start="2024-06-08T14:13:37.658865" elapsed="0.000424"/>
</kw>
<kw name="Dictionary Should Contain Key" owner="Collections">
<msg time="2024-06-08T14:13:37.659963" level="INFO">False</msg>
<arg>${json_data['results'][0]['login']}</arg>
<arg>${keyTwo}</arg>
<doc>Fails if ``key`` is not found from ``dictionary``.</doc>
<status status="PASS" start="2024-06-08T14:13:37.659584" elapsed="0.000416"/>
</kw>
<kw name="Log" owner="BuiltIn">
<msg time="2024-06-08T14:13:37.660417" level="INFO">username</msg>
<arg>${keyTwo}</arg>
<doc>Logs the given message with the given level.</doc>
<status status="PASS" start="2024-06-08T14:13:37.660291" elapsed="0.000163"/>
</kw>
<var name="${keyTwo}">username</var>
<status status="PASS" start="2024-06-08T14:13:37.658756" elapsed="0.001914"/>
</iter>
<iter>
<kw name="Dictionary Should Contain Key" owner="Collections">
<msg time="2024-06-08T14:13:37.661338" level="INFO">False</msg>
<arg>${json_data['results'][0]['login']}</arg>
<arg>${keyTwo}</arg>
<doc>Fails if ``key`` is not found from ``dictionary``.</doc>
<status status="PASS" start="2024-06-08T14:13:37.660961" elapsed="0.000414"/>
</kw>
<kw name="Dictionary Should Contain Key" owner="Collections">
<msg time="2024-06-08T14:13:37.662112" level="INFO">False</msg>
<arg>${json_data['results'][0]['login']}</arg>
<arg>${keyTwo}</arg>
<doc>Fails if ``key`` is not found from ``dictionary``.</doc>
<status status="PASS" start="2024-06-08T14:13:37.661665" elapsed="0.000484"/>
</kw>
<kw name="Log" owner="BuiltIn">
<msg time="2024-06-08T14:13:37.662577" level="INFO">password</msg>
<arg>${keyTwo}</arg>
<doc>Logs the given message with the given level.</doc>
<status status="PASS" start="2024-06-08T14:13:37.662448" elapsed="0.000166"/>
</kw>
<var name="${keyTwo}">password</var>
<status status="PASS" start="2024-06-08T14:13:37.660841" elapsed="0.002006"/>
</iter>
<var>${keyTwo}</var>
<value>@{expected_keysTwo}</value>
<status status="PASS" start="2024-06-08T14:13:37.658604" elapsed="0.004389"/>
</for>
<status status="PASS" start="2024-06-08T14:13:37.534958" elapsed="0.128182"/>
</kw>
<doc>Testa a estrutura da resposta da API.</doc>
<tag>testeEstruturaResposta</tag>
<status status="PASS" start="2024-06-08T14:13:37.534418" elapsed="0.128891"/>
</test>
<test id="s1-s1-t4" name="Validar tipos de dados" line="28">
<kw name="Teste de Tipos de Dados" owner="random-user-service">
<kw name="GET On Session" owner="RequestsLibrary">
<msg time="2024-06-08T14:13:37.761889" level="INFO">GET Request : url=https://randomuser.me/api 
 path_url=/api 
 headers={'User-Agent': 'python-requests/2.32.3', 'Accept-Encoding': 'gzip, deflate', 'Accept': '*/*', 'Connection': 'keep-alive'} 
 body=None 
 </msg>
<msg time="2024-06-08T14:13:37.762004" level="INFO">GET Response : url=https://randomuser.me/api 
 status=200, reason=OK 
 headers={'Date': 'Sat, 08 Jun 2024 14:13:37 GMT', 'Content-Type': 'application/json; charset=utf-8', 'Transfer-Encoding': 'chunked', 'Connection': 'keep-alive', 'X-Powered-By': 'Express', 'Access-Control-Allow-Origin': '*', 'Cache-Control': 'no-cache', 'ETag': 'W/"47e-vpA181SLMEv9xK/FpxcHicaig+s"', 'Vary': 'Accept-Encoding', 'Content-Encoding': 'gzip', 'CF-Cache-Status': 'DYNAMIC', 'Report-To': '{"endpoints":[{"url":"https:\\/\\/a.nel.cloudflare.com\\/report\\/v4?s=iFXLyaQ%2FBXw3GLauqMaRqv1Fj6DGxNOFnTzOHwiDbzR0lN2hf8Bl7ZjG0%2BySM36FtLE0mzkJy04YVqKPz0RFKGrnY4cLb7b%2Fnop1jFmolTHVD3nYpcTCD907UyW4Tq71"}],"group":"cf-nel","max_age":604800}', 'NEL': '{"success_fraction":0,"report_to":"cf-nel","max_age":604800}', 'Server': 'cloudflare', 'CF-RAY': '89097bce6e5796b4-SJC', 'alt-svc': 'h3=":443"; ma=86400'} 
 body={"results":[{"gender":"female","name":{"title":"Mrs","first":"Paige","last":"Li"},"location":{"street":{"number":7244,"name":"Ahuriri Bypass"},"city":"Wellington","state":"Northland","country":"New Zealand","postcode":41849,"coordinates":{"latitude":"49.2700","longitude":"66.0690"},"timezone":{"offset":"-7:00","description":"Mountain Time (US &amp; Canada)"}},"email":"paige.li@example.com","login":{"uuid":"c773b0e8-5659-4f57-a1a3-00750393232b","username":"brownbear114","password":"music1","salt":"AvK7wClf","md5":"37dee4a90a666cc8ec4f567c14b62071","sha1":"e7a0b32efdc9c771cbadc45cef73298e95663a76","sha256":"2078ed80ad8fe744b3be7526c2bb6395a791652b00732558afaed2cb05e33880"},"dob":{"date":"1970-07-21T11:38:03.140Z","age":53},"registered":{"date":"2009-08-21T11:27:21.529Z","age":14},"phone":"(252)-121-7039","cell":"(229)-662-9182","id":{"name":"","value":null},"picture":{"large":"https://randomuser.me/api/portraits/women/5.jpg","medium":"https://randomuser.me/api/portraits/med/women/5.jpg","thumbnail":"https://randomuser.me/api/portraits/thumb/women/5.jpg"},"nat":"NZ"}],"info":{"seed":"cfece448cfde6df0","results":1,"page":1,"version":"1.4"}} 
 </msg>
<msg time="2024-06-08T14:13:37.762094" level="INFO">/opt/hostedtoolcache/Python/3.12.3/x64/lib/python3.12/site-packages/urllib3/connectionpool.py:1103: InsecureRequestWarning: Unverified HTTPS request is being made to host 'randomuser.me'. Adding certificate verification is strongly advised. See: https://urllib3.readthedocs.io/en/latest/advanced-usage.html#tls-warnings
  warnings.warn(</msg>
<msg time="2024-06-08T14:13:37.762230" level="INFO">${response} = &lt;Response [200]&gt;</msg>
<var>${response}</var>
<arg>consultarAPI</arg>
<arg>/api</arg>
<doc>Sends a GET request on a previously created HTTP Session.</doc>
<status status="PASS" start="2024-06-08T14:13:37.665936" elapsed="0.096337"/>
</kw>
<kw name="Set Variable" owner="BuiltIn">
<msg time="2024-06-08T14:13:37.763383" level="INFO">${json_data} = {'results': [{'gender': 'female', 'name': {'title': 'Mrs', 'first': 'Paige', 'last': 'Li'}, 'location': {'street': {'number': 7244, 'name': 'Ahuriri Bypass'}, 'city': 'Wellington', 'state': 'Northland...</msg>
<var>${json_data}</var>
<arg>${response.json()}</arg>
<doc>Returns the given values which can then be assigned to a variables.</doc>
<status status="PASS" start="2024-06-08T14:13:37.762833" elapsed="0.000580"/>
</kw>
<kw name="Log" owner="BuiltIn">
<msg time="2024-06-08T14:13:37.763900" level="INFO">{'results': [{'gender': 'female', 'name': {'title': 'Mrs', 'first': 'Paige', 'last': 'Li'}, 'location': {'street': {'number': 7244, 'name': 'Ahuriri Bypass'}, 'city': 'Wellington', 'state': 'Northland', 'country': 'New Zealand', 'postcode': 41849, 'coordinates': {'latitude': '49.2700', 'longitude': '66.0690'}, 'timezone': {'offset': '-7:00', 'description': 'Mountain Time (US &amp; Canada)'}}, 'email': 'paige.li@example.com', 'login': {'uuid': 'c773b0e8-5659-4f57-a1a3-00750393232b', 'username': 'brownbear114', 'password': 'music1', 'salt': 'AvK7wClf', 'md5': '37dee4a90a666cc8ec4f567c14b62071', 'sha1': 'e7a0b32efdc9c771cbadc45cef73298e95663a76', 'sha256': '2078ed80ad8fe744b3be7526c2bb6395a791652b00732558afaed2cb05e33880'}, 'dob': {'date': '1970-07-21T11:38:03.140Z', 'age': 53}, 'registered': {'date': '2009-08-21T11:27:21.529Z', 'age': 14}, 'phone': '(252)-121-7039', 'cell': '(229)-662-9182', 'id': {'name': '', 'value': None}, 'picture': {'large': 'https://randomuser.me/api/portraits/women/5.jpg', 'medium': 'https://randomuser.me/api/portraits/med/women/5.jpg', 'thumbnail': 'https://randomuser.me/api/portraits/thumb/women/5.jpg'}, 'nat': 'NZ'}], 'info': {'seed': 'cfece448cfde6df0', 'results': 1, 'page': 1, 'version': '1.4'}}</msg>
<arg>${json_data}</arg>
<doc>Logs the given message with the given level.</doc>
<status status="PASS" start="2024-06-08T14:13:37.763737" elapsed="0.000252"/>
</kw>
<kw name="Should Be String" owner="String">
<arg>${json_data['results'][0]['gender']}</arg>
<doc>Fails if the given ``item`` is not a string.</doc>
<status status="PASS" start="2024-06-08T14:13:37.764296" elapsed="0.000374"/>
</kw>
<kw name="Should Match Regexp" owner="BuiltIn">
<arg>${json_data['results'][0]['email']}</arg>
<arg>^[a-zA-Z0-9._%+-]+@[a-zA-Z0-9.-]+\.[a-zA-Z]{2,}$</arg>
<doc>Fails if ``string`` does not match ``pattern`` as a regular expression.</doc>
<status status="PASS" start="2024-06-08T14:13:37.764870" elapsed="0.000714"/>
</kw>
<kw name="Should Match Regexp" owner="BuiltIn">
<arg>${json_data['results'][0]['dob']['date']}</arg>
<arg>\\d{4}-\\d{2}-\\d{2}T\\d{2}:\\d{2}:\\d{2}\\.\\d{3}Z</arg>
<doc>Fails if ``string`` does not match ``pattern`` as a regular expression.</doc>
<status status="PASS" start="2024-06-08T14:13:37.765801" elapsed="0.000533"/>
</kw>
<kw name="Should Match Regexp" owner="BuiltIn">
<arg>${json_data['results'][0]['registered']['date']}</arg>
<arg>\\d{4}-\\d{2}-\\d{2}T\\d{2}:\\d{2}:\\d{2}\\.\\d{3}Z</arg>
<doc>Fails if ``string`` does not match ``pattern`` as a regular expression.</doc>
<status status="PASS" start="2024-06-08T14:13:37.766533" elapsed="0.000372"/>
</kw>
<kw name="Should Match Regexp" owner="BuiltIn">
<arg>${json_data['results'][0]['picture']['large']}</arg>
<arg>^https?://.*\.(?:png|jpe?g|gif|bmp)$</arg>
<doc>Fails if ``string`` does not match ``pattern`` as a regular expression.</doc>
<status status="PASS" start="2024-06-08T14:13:37.767098" elapsed="0.000468"/>
</kw>
<kw name="Should Match Regexp" owner="BuiltIn">
<arg>${json_data['results'][0]['picture']['medium']}</arg>
<arg>^https?://.*\.(?:png|jpe?g|gif|bmp)$</arg>
<doc>Fails if ``string`` does not match ``pattern`` as a regular expression.</doc>
<status status="PASS" start="2024-06-08T14:13:37.767762" elapsed="0.000352"/>
</kw>
<kw name="Should Match Regexp" owner="BuiltIn">
<arg>${json_data['results'][0]['picture']['thumbnail']}</arg>
<arg>^https?://.*\.(?:png|jpe?g|gif|bmp)$</arg>
<doc>Fails if ``string`` does not match ``pattern`` as a regular expression.</doc>
<status status="PASS" start="2024-06-08T14:13:37.768305" elapsed="0.000352"/>
</kw>
<kw name="Log" owner="BuiltIn">
<msg time="2024-06-08T14:13:37.769166" level="INFO">{'large': 'https://randomuser.me/api/portraits/women/5.jpg', 'medium': 'https://randomuser.me/api/portraits/med/women/5.jpg', 'thumbnail': 'https://randomuser.me/api/portraits/thumb/women/5.jpg'}</msg>
<arg>${json_data['results'][0]['picture']}</arg>
<doc>Logs the given message with the given level.</doc>
<status status="PASS" start="2024-06-08T14:13:37.768843" elapsed="0.000366"/>
</kw>
<status status="PASS" start="2024-06-08T14:13:37.665680" elapsed="0.103787"/>
</kw>
<kw name="Teste de Tipos de Dados - Postcode" owner="random-user-service">
<kw name="GET On Session" owner="RequestsLibrary">
<msg time="2024-06-08T14:13:37.861475" level="INFO">GET Request : url=https://randomuser.me/api 
 path_url=/api 
 headers={'User-Agent': 'python-requests/2.32.3', 'Accept-Encoding': 'gzip, deflate', 'Accept': '*/*', 'Connection': 'keep-alive'} 
 body=None 
 </msg>
<msg time="2024-06-08T14:13:37.861584" level="INFO">GET Response : url=https://randomuser.me/api 
 status=200, reason=OK 
 headers={'Date': 'Sat, 08 Jun 2024 14:13:37 GMT', 'Content-Type': 'application/json; charset=utf-8', 'Transfer-Encoding': 'chunked', 'Connection': 'keep-alive', 'X-Powered-By': 'Express', 'Access-Control-Allow-Origin': '*', 'Cache-Control': 'no-cache', 'ETag': 'W/"486-SEsYF56MfKXpv41+aMup57bZByY"', 'Vary': 'Accept-Encoding', 'Content-Encoding': 'gzip', 'CF-Cache-Status': 'DYNAMIC', 'Report-To': '{"endpoints":[{"url":"https:\\/\\/a.nel.cloudflare.com\\/report\\/v4?s=qdxlLxVIgGvtNvmhoQ020auKi%2FMfEn0zygOHBxU6KRYLoRv%2BsUynjG2JlaaaNrecGzyoVj4OchiiRU5HH0n7MHAjcWGZAvaGSSMylvOOFRRAGlEEQXVVnYNmQhwyVSNQ"}],"group":"cf-nel","max_age":604800}', 'NEL': '{"success_fraction":0,"report_to":"cf-nel","max_age":604800}', 'Server': 'cloudflare', 'CF-RAY': '89097bcf1ec296b4-SJC', 'alt-svc': 'h3=":443"; ma=86400'} 
 body={"results":[{"gender":"female","name":{"title":"Miss","first":"Melike","last":"Yalçın"},"location":{"street":{"number":607,"name":"Talak Göktepe Cd"},"city":"Tokat","state":"Sinop","country":"Turkey","postcode":13259,"coordinates":{"latitude":"68.6200","longitude":"62.7763"},"timezone":{"offset":"+5:30","description":"Bombay, Calcutta, Madras, New Delhi"}},"email":"melike.yalcin@example.com","login":{"uuid":"ad4b04bb-0d41-4a32-afd1-f0b812981dee","username":"bigwolf152","password":"support","salt":"2qdPpj58","md5":"d8be8a24d7ceead75ee57615e5455c5d","sha1":"a3467d59b4b0ef3220594b006a5f150533b57556","sha256":"1a050e0ddcdb639aa5e7c22b0c8c277bf769f445c4f08c4b5419ec6f73a7b9d4"},"dob":{"date":"1985-05-14T02:49:52.674Z","age":39},"registered":{"date":"2012-07-22T10:56:15.788Z","age":11},"phone":"(155)-189-9767","cell":"(748)-519-4138","id":{"name":"","value":null},"picture":{"large":"https://randomuser.me/api/portraits/women/7.jpg","medium":"https://randomuser.me/api/portraits/med/women/7.jpg","thumbnail":"https://randomuser.me/api/portraits/thumb/women/7.jpg"},"nat":"TR"}],"info":{"seed":"084a0cd5f6b288bd","results":1,"page":1,"version":"1.4"}} 
 </msg>
<msg time="2024-06-08T14:13:37.861665" level="INFO">/opt/hostedtoolcache/Python/3.12.3/x64/lib/python3.12/site-packages/urllib3/connectionpool.py:1103: InsecureRequestWarning: Unverified HTTPS request is being made to host 'randomuser.me'. Adding certificate verification is strongly advised. See: https://urllib3.readthedocs.io/en/latest/advanced-usage.html#tls-warnings
  warnings.warn(</msg>
<msg time="2024-06-08T14:13:37.861793" level="INFO">${response} = &lt;Response [200]&gt;</msg>
<var>${response}</var>
<arg>consultarAPI</arg>
<arg>/api</arg>
<doc>Sends a GET request on a previously created HTTP Session.</doc>
<status status="PASS" start="2024-06-08T14:13:37.769956" elapsed="0.091904"/>
</kw>
<kw name="Set Variable" owner="BuiltIn">
<msg time="2024-06-08T14:13:37.863227" level="INFO">${json_data} = {'results': [{'gender': 'female', 'name': {'title': 'Miss', 'first': 'Melike', 'last': 'Yalçın'}, 'location': {'street': {'number': 607, 'name': 'Talak Göktepe Cd'}, 'city': 'Tokat', 'state': 'Sinop',...</msg>
<var>${json_data}</var>
<arg>${response.json()}</arg>
<doc>Returns the given values which can then be assigned to a variables.</doc>
<status status="PASS" start="2024-06-08T14:13:37.862611" elapsed="0.000647"/>
</kw>
<kw name="Log" owner="BuiltIn">
<msg time="2024-06-08T14:13:37.863785" level="INFO">{'results': [{'gender': 'female', 'name': {'title': 'Miss', 'first': 'Melike', 'last': 'Yalçın'}, 'location': {'street': {'number': 607, 'name': 'Talak Göktepe Cd'}, 'city': 'Tokat', 'state': 'Sinop', 'country': 'Turkey', 'postcode': 13259, 'coordinates': {'latitude': '68.6200', 'longitude': '62.7763'}, 'timezone': {'offset': '+5:30', 'description': 'Bombay, Calcutta, Madras, New Delhi'}}, 'email': 'melike.yalcin@example.com', 'login': {'uuid': 'ad4b04bb-0d41-4a32-afd1-f0b812981dee', 'username': 'bigwolf152', 'password': 'support', 'salt': '2qdPpj58', 'md5': 'd8be8a24d7ceead75ee57615e5455c5d', 'sha1': 'a3467d59b4b0ef3220594b006a5f150533b57556', 'sha256': '1a050e0ddcdb639aa5e7c22b0c8c277bf769f445c4f08c4b5419ec6f73a7b9d4'}, 'dob': {'date': '1985-05-14T02:49:52.674Z', 'age': 39}, 'registered': {'date': '2012-07-22T10:56:15.788Z', 'age': 11}, 'phone': '(155)-189-9767', 'cell': '(748)-519-4138', 'id': {'name': '', 'value': None}, 'picture': {'large': 'https://randomuser.me/api/portraits/women/7.jpg', 'medium': 'https://randomuser.me/api/portraits/med/women/7.jpg', 'thumbnail': 'https://randomuser.me/api/portraits/thumb/women/7.jpg'}, 'nat': 'TR'}], 'info': {'seed': '084a0cd5f6b288bd', 'results': 1, 'page': 1, 'version': '1.4'}}</msg>
<arg>${json_data}</arg>
<doc>Logs the given message with the given level.</doc>
<status status="PASS" start="2024-06-08T14:13:37.863618" elapsed="0.000257"/>
</kw>
<kw name="Should Be Equal As Numbers" owner="BuiltIn">
<arg>${json_data['results'][0]['location']['postcode']}</arg>
<arg>${json_data['results'][0]['location']['postcode']}</arg>
<doc>Fails if objects are unequal after converting them to real numbers.</doc>
<status status="PASS" start="2024-06-08T14:13:37.864188" elapsed="0.000628"/>
</kw>
<kw name="Log" owner="BuiltIn">
<msg time="2024-06-08T14:13:37.865350" level="INFO">13259</msg>
<arg>${json_data['results'][0]['location']['postcode']}</arg>
<doc>Logs the given message with the given level.</doc>
<status status="PASS" start="2024-06-08T14:13:37.865014" elapsed="0.000378"/>
</kw>
<status status="PASS" start="2024-06-08T14:13:37.769696" elapsed="0.095960"/>
</kw>
<doc>Testa se os tipos de dados na resposta da API estão corretos.</doc>
<tag>testeTiposDados</tag>
<status status="PASS" start="2024-06-08T14:13:37.665132" elapsed="0.200738"/>
</test>
<test id="s1-s1-t5" name="Validar conteudo" line="35">
<kw name="Teste de Tipos de Conteudo" owner="random-user-service">
<kw name="GET On Session" owner="RequestsLibrary">
<msg time="2024-06-08T14:13:37.977905" level="INFO">GET Request : url=https://randomuser.me/api 
 path_url=/api 
 headers={'User-Agent': 'python-requests/2.32.3', 'Accept-Encoding': 'gzip, deflate', 'Accept': '*/*', 'Connection': 'keep-alive'} 
 body=None 
 </msg>
<msg time="2024-06-08T14:13:37.978009" level="INFO">GET Response : url=https://randomuser.me/api 
 status=200, reason=OK 
 headers={'Date': 'Sat, 08 Jun 2024 14:13:37 GMT', 'Content-Type': 'application/json; charset=utf-8', 'Transfer-Encoding': 'chunked', 'Connection': 'keep-alive', 'X-Powered-By': 'Express', 'Access-Control-Allow-Origin': '*', 'Cache-Control': 'no-cache', 'ETag': 'W/"49e-j8gP3gSRnclQCRn+h2YP93K6awE"', 'Vary': 'Accept-Encoding', 'Content-Encoding': 'gzip', 'CF-Cache-Status': 'DYNAMIC', 'Report-To': '{"endpoints":[{"url":"https:\\/\\/a.nel.cloudflare.com\\/report\\/v4?s=UbhX4HETXDlrgysLJE%2BXpY%2FYv7p%2BXEuFmz5pTJNa198HMCor3%2F12ci7Cnpa8LTPCtdqBPCTqO5b0E%2BUgUnb983w2sWpY0ie2oYY12YzcOPTQTFS6cFjWeNCI4Yrencuq"}],"group":"cf-nel","max_age":604800}', 'NEL': '{"success_fraction":0,"report_to":"cf-nel","max_age":604800}', 'Server': 'cloudflare', 'CF-RAY': '89097bcfbf2896b4-SJC', 'alt-svc': 'h3=":443"; ma=86400'} 
 body={"results":[{"gender":"female","name":{"title":"Mrs","first":"Avery","last":"Barnett"},"location":{"street":{"number":7358,"name":"E Center St"},"city":"Townsville","state":"Western Australia","country":"Australia","postcode":5290,"coordinates":{"latitude":"-84.6010","longitude":"118.8424"},"timezone":{"offset":"+1:00","description":"Brussels, Copenhagen, Madrid, Paris"}},"email":"avery.barnett@example.com","login":{"uuid":"10a7b2de-2d0d-4379-b067-f7789f160f9e","username":"heavyzebra539","password":"gothic","salt":"2b2pCLDa","md5":"1fd32d8545145f8a34b7e4de6e9288f9","sha1":"5431b5f384f047a6fda18170e84fffb1b58c2b21","sha256":"e415a5df0fed3a70b25f784b141807836f90c4f7730b467bcfd61a8566a0259b"},"dob":{"date":"1970-08-24T09:05:44.219Z","age":53},"registered":{"date":"2012-08-06T04:34:02.571Z","age":11},"phone":"09-0309-6872","cell":"0497-968-327","id":{"name":"TFN","value":"201427521"},"picture":{"large":"https://randomuser.me/api/portraits/women/56.jpg","medium":"https://randomuser.me/api/portraits/med/women/56.jpg","thumbnail":"https://randomuser.me/api/portraits/thumb/women/56.jpg"},"nat":"AU"}],"info":{"seed":"f93d0aab61d57baa","results":1,"page":1,"version":"1.4"}} 
 </msg>
<msg time="2024-06-08T14:13:37.978088" level="INFO">/opt/hostedtoolcache/Python/3.12.3/x64/lib/python3.12/site-packages/urllib3/connectionpool.py:1103: InsecureRequestWarning: Unverified HTTPS request is being made to host 'randomuser.me'. Adding certificate verification is strongly advised. See: https://urllib3.readthedocs.io/en/latest/advanced-usage.html#tls-warnings
  warnings.warn(</msg>
<msg time="2024-06-08T14:13:37.978221" level="INFO">${response} = &lt;Response [200]&gt;</msg>
<var>${response}</var>
<arg>consultarAPI</arg>
<arg>/api</arg>
<doc>Sends a GET request on a previously created HTTP Session.</doc>
<status status="PASS" start="2024-06-08T14:13:37.868457" elapsed="0.109804"/>
</kw>
<kw name="Set Variable" owner="BuiltIn">
<msg time="2024-06-08T14:13:37.979575" level="INFO">${json_data} = {'results': [{'gender': 'female', 'name': {'title': 'Mrs', 'first': 'Avery', 'last': 'Barnett'}, 'location': {'street': {'number': 7358, 'name': 'E Center St'}, 'city': 'Townsville', 'state': 'Western...</msg>
<var>${json_data}</var>
<arg>${response.json()}</arg>
<doc>Returns the given values which can then be assigned to a variables.</doc>
<status status="PASS" start="2024-06-08T14:13:37.978987" elapsed="0.000616"/>
</kw>
<kw name="Set Variable" owner="BuiltIn">
<msg time="2024-06-08T14:13:37.980292" level="INFO">${name_title} = Mrs</msg>
<var>${name_title}</var>
<arg>${json_data["results"][0]["name"]["title"]}</arg>
<doc>Returns the given values which can then be assigned to a variables.</doc>
<status status="PASS" start="2024-06-08T14:13:37.979910" elapsed="0.000407"/>
</kw>
<kw name="Create List" owner="BuiltIn">
<msg time="2024-06-08T14:13:37.980765" level="INFO">${allowed_titles} = ['Mr', 'Ms', 'Miss', 'Mrs', 'Madame', 'Monsieur']</msg>
<var>${allowed_titles}</var>
<arg>Mr</arg>
<arg>Ms</arg>
<arg>Miss</arg>
<arg>Mrs</arg>
<arg>Madame</arg>
<arg>Monsieur</arg>
<doc>Returns a list containing given items.</doc>
<status status="PASS" start="2024-06-08T14:13:37.980616" elapsed="0.000173"/>
</kw>
<kw name="List Should Contain Value" owner="Collections">
<msg time="2024-06-08T14:13:37.981270" level="INFO">False</msg>
<arg>${allowed_titles}</arg>
<arg>${name_title}</arg>
<doc>Fails if the ``value`` is not found from ``list``.</doc>
<status status="PASS" start="2024-06-08T14:13:37.981094" elapsed="0.000213"/>
</kw>
<kw name="Set Variable" owner="BuiltIn">
<msg time="2024-06-08T14:13:37.982206" level="INFO">${name_country} = AU</msg>
<var>${name_country}</var>
<arg>${json_data["results"][0]["nat"]}</arg>
<doc>Returns the given values which can then be assigned to a variables.</doc>
<status status="PASS" start="2024-06-08T14:13:37.981602" elapsed="0.000630"/>
</kw>
<kw name="Create List" owner="BuiltIn">
<msg time="2024-06-08T14:13:37.983141" level="INFO">${list_country} = ['AD', 'AE', 'AF', 'AG', 'AI', 'AL', 'AM', 'AO', 'AQ', 'AR', 'AS', 'AT', 'AU', 'AW', 'AX', 'AZ', 'BA', 'BB', 'BD', 'BE', 'BF', 'BG', 'BH', 'BI', 'BJ', 'BL', 'BM', 'BN', 'BO', 'BQ', 'BR', 'BS', 'BT', '...</msg>
<var>${list_country}</var>
<arg>AD</arg>
<arg>AE</arg>
<arg>AF</arg>
<arg>AG</arg>
<arg>AI</arg>
<arg>AL</arg>
<arg>AM</arg>
<arg>AO</arg>
<arg>AQ</arg>
<arg>AR</arg>
<arg>AS</arg>
<arg>AT</arg>
<arg>AU</arg>
<arg>AW</arg>
<arg>AX</arg>
<arg>AZ</arg>
<arg>BA</arg>
<arg>BB</arg>
<arg>BD</arg>
<arg>BE</arg>
<arg>BF</arg>
<arg>BG</arg>
<arg>BH</arg>
<arg>BI</arg>
<arg>BJ</arg>
<arg>BL</arg>
<arg>BM</arg>
<arg>BN</arg>
<arg>BO</arg>
<arg>BQ</arg>
<arg>BR</arg>
<arg>BS</arg>
<arg>BT</arg>
<arg>BV</arg>
<arg>BW</arg>
<arg>BY</arg>
<arg>BZ</arg>
<arg>CA</arg>
<arg>CC</arg>
<arg>CD</arg>
<arg>CF</arg>
<arg>CG</arg>
<arg>CH</arg>
<arg>CI</arg>
<arg>CK</arg>
<arg>CL</arg>
<arg>CM</arg>
<arg>CN</arg>
<arg>CO</arg>
<arg>CR</arg>
<arg>CU</arg>
<arg>CV</arg>
<arg>CW</arg>
<arg>CX</arg>
<arg>CY</arg>
<arg>CZ</arg>
<arg>DE</arg>
<arg>DJ</arg>
<arg>DK</arg>
<arg>DM</arg>
<arg>DO</arg>
<arg>DZ</arg>
<arg>EC</arg>
<arg>EE</arg>
<arg>EG</arg>
<arg>EH</arg>
<arg>ER</arg>
<arg>ES</arg>
<arg>ET</arg>
<arg>FI</arg>
<arg>FJ</arg>
<arg>FK</arg>
<arg>FM</arg>
<arg>FO</arg>
<arg>FR</arg>
<arg>GA</arg>
<arg>GB</arg>
<arg>GD</arg>
<arg>GE</arg>
<arg>GF</arg>
<arg>GG</arg>
<arg>GH</arg>
<arg>GI</arg>
<arg>GL</arg>
<arg>GM</arg>
<arg>GN</arg>
<arg>GP</arg>
<arg>GQ</arg>
<arg>GR</arg>
<arg>GS</arg>
<arg>GT</arg>
<arg>GU</arg>
<arg>GW</arg>
<arg>GY</arg>
<arg>HK</arg>
<arg>HM</arg>
<arg>HN</arg>
<arg>HR</arg>
<arg>HT</arg>
<arg>HU</arg>
<arg>ID</arg>
<arg>IE</arg>
<arg>IL</arg>
<arg>IM</arg>
<arg>IN</arg>
<arg>IO</arg>
<arg>IQ</arg>
<arg>IR</arg>
<arg>IS</arg>
<arg>IT</arg>
<arg>JE</arg>
<arg>JM</arg>
<arg>JO</arg>
<arg>JP</arg>
<arg>KE</arg>
<arg>KG</arg>
<arg>KH</arg>
<arg>KI</arg>
<arg>KM</arg>
<arg>KN</arg>
<arg>KP</arg>
<arg>KR</arg>
<arg>KW</arg>
<arg>KY</arg>
<arg>KZ</arg>
<arg>LA</arg>
<arg>LB</arg>
<arg>LC</arg>
<arg>LI</arg>
<arg>LK</arg>
<arg>LR</arg>
<arg>LS</arg>
<arg>LT</arg>
<arg>LU</arg>
<arg>LV</arg>
<arg>LY</arg>
<arg>MA</arg>
<arg>MC</arg>
<arg>MD</arg>
<arg>ME</arg>
<arg>MF</arg>
<arg>MG</arg>
<arg>MH</arg>
<arg>MK</arg>
<arg>ML</arg>
<arg>MM</arg>
<arg>MN</arg>
<arg>MO</arg>
<arg>MP</arg>
<arg>MQ</arg>
<arg>MR</arg>
<arg>MS</arg>
<arg>MT</arg>
<arg>MU</arg>
<arg>MV</arg>
<arg>MW</arg>
<arg>MX</arg>
<arg>MY</arg>
<arg>MZ</arg>
<arg>NA</arg>
<arg>NC</arg>
<arg>NE</arg>
<arg>NF</arg>
<arg>NG</arg>
<arg>NI</arg>
<arg>NL</arg>
<arg>NO</arg>
<arg>NP</arg>
<arg>NR</arg>
<arg>NU</arg>
<arg>NZ</arg>
<arg>OM</arg>
<arg>PA</arg>
<arg>PE</arg>
<arg>PF</arg>
<arg>PG</arg>
<arg>PH</arg>
<arg>PK</arg>
<arg>PL</arg>
<arg>PM</arg>
<arg>PN</arg>
<arg>PR</arg>
<arg>PS</arg>
<arg>PT</arg>
<arg>PW</arg>
<arg>PY</arg>
<arg>QA</arg>
<arg>RE</arg>
<arg>RO</arg>
<arg>RS</arg>
<arg>RU</arg>
<arg>RW</arg>
<arg>SA</arg>
<arg>SB</arg>
<arg>SC</arg>
<arg>SD</arg>
<arg>SE</arg>
<arg>SG</arg>
<arg>SH</arg>
<arg>SI</arg>
<arg>SJ</arg>
<arg>SK</arg>
<arg>SL</arg>
<arg>SM</arg>
<arg>SN</arg>
<arg>SO</arg>
<arg>SR</arg>
<arg>SS</arg>
<arg>ST</arg>
<arg>SV</arg>
<arg>SX</arg>
<arg>SY</arg>
<arg>SZ</arg>
<arg>TC</arg>
<arg>TD</arg>
<arg>TF</arg>
<arg>TG</arg>
<arg>TH</arg>
<arg>TJ</arg>
<arg>TK</arg>
<arg>TL</arg>
<arg>TM</arg>
<arg>TN</arg>
<arg>TO</arg>
<arg>TR</arg>
<arg>TT</arg>
<arg>TV</arg>
<arg>TW</arg>
<arg>TZ</arg>
<arg>UA</arg>
<arg>UG</arg>
<arg>UM</arg>
<arg>US</arg>
<arg>UY</arg>
<arg>UZ</arg>
<arg>VA</arg>
<arg>VC</arg>
<arg>VE</arg>
<arg>VG</arg>
<arg>VI</arg>
<arg>VN</arg>
<arg>VU</arg>
<arg>WF</arg>
<arg>WS</arg>
<arg>XK</arg>
<arg>YE</arg>
<arg>YT</arg>
<arg>ZA</arg>
<arg>ZM</arg>
<arg>ZW</arg>
<doc>Returns a list containing given items.</doc>
<status status="PASS" start="2024-06-08T14:13:37.982544" elapsed="0.000623"/>
</kw>
<kw name="List Should Contain Value" owner="Collections">
<msg time="2024-06-08T14:13:37.984158" level="INFO">False</msg>
<arg>${list_country}</arg>
<arg>${name_country}</arg>
<doc>Fails if the ``value`` is not found from ``list``.</doc>
<status status="PASS" start="2024-06-08T14:13:37.983954" elapsed="0.000240"/>
</kw>
<kw name="Run Keyword If" owner="BuiltIn">
<kw name="Should Be True" owner="BuiltIn">
<arg>${True}</arg>
<doc>Fails if the given condition is not true.</doc>
<status status="PASS" start="2024-06-08T14:13:37.985274" elapsed="0.000144"/>
</kw>
<arg>${json_data["results"][0]["location"]["coordinates"]["latitude"]} &gt;= -90 and ${json_data["results"][0]["location"]["coordinates"]["latitude"]} &lt;= 90</arg>
<arg>Should Be True</arg>
<arg>${True}</arg>
<doc>Runs the given keyword with the given arguments, if ``condition`` is true.</doc>
<status status="PASS" start="2024-06-08T14:13:37.984507" elapsed="0.001038"/>
</kw>
<kw name="Run Keyword If" owner="BuiltIn">
<kw name="Should Be True" owner="BuiltIn">
<arg>${True}</arg>
<doc>Fails if the given condition is not true.</doc>
<status status="PASS" start="2024-06-08T14:13:37.986462" elapsed="0.000140"/>
</kw>
<arg>${json_data["results"][0]["location"]["coordinates"]["longitude"]} &gt;= -180 and ${json_data["results"][0]["location"]["coordinates"]["longitude"]} &lt;= 180</arg>
<arg>Should Be True</arg>
<arg>${True}</arg>
<doc>Runs the given keyword with the given arguments, if ``condition`` is true.</doc>
<status status="PASS" start="2024-06-08T14:13:37.985732" elapsed="0.000994"/>
</kw>
<status status="PASS" start="2024-06-08T14:13:37.868217" elapsed="0.118642"/>
</kw>
<doc>Testa o conteúdo específico dos campos retornados pela API.</doc>
<tag>testeConteudo</tag>
<status status="PASS" start="2024-06-08T14:13:37.867662" elapsed="0.119352"/>
</test>
<status status="PASS" start="2024-06-08T14:13:37.056376" elapsed="0.932618"/>
</suite>
<status status="PASS" start="2024-06-08T14:13:37.042667" elapsed="0.951585"/>
</suite>
<statistics>
<total>
<stat pass="5" fail="0" skip="0">All Tests</stat>
</total>
<tag>
<stat pass="1" fail="0" skip="0">testeConteudo</stat>
<stat pass="1" fail="0" skip="0">testeEstruturaResposta</stat>
<stat pass="1" fail="0" skip="0">testeRequisicaoBasica</stat>
<stat pass="1" fail="0" skip="0">testeTiposDados</stat>
</tag>
<suite>
<stat pass="5" fail="0" skip="0" id="s1" name="Tests">Tests</stat>
<stat pass="5" fail="0" skip="0" id="s1-s1" name="Random-User-Test">Tests.Random-User-Test</stat>
</suite>
</statistics>
<errors>
</errors>
</robot>
