<?xml version="1.0" encoding="UTF-8"?>
<robot generator="Robot 7.0 (Python 3.12.2 on linux)" generated="2024-04-10T18:19:11.313075" rpa="false" schemaversion="5">
<suite id="s1" name="Tests" source="/home/runner/work/DesafioQAItauRogerioJordao/DesafioQAItauRogerioJordao/RamdonUser/tests">
<suite id="s1-s1" name="Random-User-Test" source="/home/runner/work/DesafioQAItauRogerioJordao/DesafioQAItauRogerioJordao/RamdonUser/tests/random-user-test.robot">
<test id="s1-s1-t1" name="Conectar" line="13">
<kw name="Conectar API" owner="random-user-service">
<kw name="Create Session" owner="RequestsLibrary">
<msg time="2024-04-10T18:19:11.671780" level="INFO">Creating Session using : alias=consultarAPI, url=https://randomuser.me/, headers={},                     cookies={}, auth=None, timeout=None, proxies=None, verify=False,                     debug=0 </msg>
<arg>consultarAPI</arg>
<arg>${URL}</arg>
<doc>Create Session: create a HTTP session to a server</doc>
<status status="PASS" start="2024-04-10T18:19:11.671566" elapsed="0.000402"/>
</kw>
<status status="PASS" start="2024-04-10T18:19:11.670499" elapsed="0.001844"/>
</kw>
<status status="PASS" start="2024-04-10T18:19:11.669846" elapsed="0.002706"/>
</test>
<test id="s1-s1-t2" name="Validar retorno 200 e JSON Válido" line="16">
<kw name="Teste de Requisicao Basica" owner="random-user-service">
<kw name="GET On Session" owner="RequestsLibrary">
<msg time="2024-04-10T18:19:11.895918" level="INFO">GET Request : url=https://randomuser.me/api 
 path_url=/api 
 headers={'User-Agent': 'python-requests/2.31.0', 'Accept-Encoding': 'gzip, deflate', 'Accept': '*/*', 'Connection': 'keep-alive'} 
 body=None 
 </msg>
<msg time="2024-04-10T18:19:11.896071" level="INFO">GET Response : url=https://randomuser.me/api 
 status=200, reason=OK 
 headers={'Date': 'Wed, 10 Apr 2024 18:19:11 GMT', 'Content-Type': 'application/json; charset=utf-8', 'Transfer-Encoding': 'chunked', 'Connection': 'keep-alive', 'X-Powered-By': 'Express', 'Access-Control-Allow-Origin': '*', 'Cache-Control': 'no-cache', 'ETag': 'W/"47e-ULR2Or0RjMKERGpvdHRZ9eqIUsk"', 'Vary': 'Accept-Encoding', 'Content-Encoding': 'gzip', 'CF-Cache-Status': 'DYNAMIC', 'Report-To': '{"endpoints":[{"url":"https:\\/\\/a.nel.cloudflare.com\\/report\\/v4?s=oROXSBEYOAbmrNz71YKoC9Fy%2F4cSYpDAdcsc5IFhO52jLsa5QdR2mhYEikkCg1D1R0puXs7yAL2dDfVCjF1NTP9wToNYVB61PnwFztm5vBqn0hJ%2F2KNluUyxLG1kBEqM"}],"group":"cf-nel","max_age":604800}', 'NEL': '{"success_fraction":0,"report_to":"cf-nel","max_age":604800}', 'Server': 'cloudflare', 'CF-RAY': '8724be67297658c6-IAD', 'alt-svc': 'h3=":443"; ma=86400'} 
 body={"results":[{"gender":"male","name":{"title":"Mr","first":"امیر","last":"محمدخان"},"location":{"street":{"number":9670,"name":"میدان امام حسین"},"city":"گلستان","state":"زنجان","country":"Iran","postcode":94206,"coordinates":{"latitude":"13.3302","longitude":"-37.8114"},"timezone":{"offset":"+4:30","description":"Kabul"}},"email":"myr.mhmdkhn@example.com","login":{"uuid":"38afaf6e-b2e0-43d7-9ac5-944c1b9079cb","username":"smallgoose630","password":"ooooooo","salt":"Tl4doZEf","md5":"20488d702f13d023672ec318032bc042","sha1":"b83c102ce24358226d97d3129f50ea9e4d61fe07","sha256":"f99b0d3165777d69e92a77260d34f69bce9a601f3aab79e39a6103a777105edb"},"dob":{"date":"1961-03-26T05:51:06.464Z","age":63},"registered":{"date":"2008-03-08T03:27:10.845Z","age":16},"phone":"017-60457795","cell":"0902-699-9396","id":{"name":"","value":null},"picture":{"large":"https://randomuser.me/api/portraits/men/75.jpg","medium":"https://randomuser.me/api/portraits/med/men/75.jpg","thumbnail":"https://randomuser.me/api/portraits/thumb/men/75.jpg"},"nat":"IR"}],"info":{"seed":"2ec2cdaa96e246d6","results":1,"page":1,"version":"1.4"}} 
 </msg>
<msg time="2024-04-10T18:19:11.896157" level="INFO">/opt/hostedtoolcache/Python/3.12.2/x64/lib/python3.12/site-packages/urllib3/connectionpool.py:1103: InsecureRequestWarning: Unverified HTTPS request is being made to host 'randomuser.me'. Adding certificate verification is strongly advised. See: https://urllib3.readthedocs.io/en/latest/advanced-usage.html#tls-warnings
  warnings.warn(</msg>
<msg time="2024-04-10T18:19:11.896293" level="INFO">${response} = &lt;Response [200]&gt;</msg>
<var>${response}</var>
<arg>consultarAPI</arg>
<arg>/api</arg>
<doc>Sends a GET request on a previously created HTTP Session.</doc>
<status status="PASS" start="2024-04-10T18:19:11.675165" elapsed="0.221172"/>
</kw>
<kw name="Should Be Equal As Numbers" owner="BuiltIn">
<msg time="2024-04-10T18:19:11.897373" level="INFO">Argument types are:
&lt;class 'int'&gt;
&lt;class 'str'&gt;</msg>
<arg>${response.status_code}</arg>
<arg>200</arg>
<doc>Fails if objects are unequal after converting them to real numbers.</doc>
<status status="PASS" start="2024-04-10T18:19:11.896900" elapsed="0.000538"/>
</kw>
<kw name="Log" owner="BuiltIn">
<msg time="2024-04-10T18:19:11.898114" level="INFO">200</msg>
<arg>${response.status_code}</arg>
<doc>Logs the given message with the given level.</doc>
<status status="PASS" start="2024-04-10T18:19:11.897759" elapsed="0.000407"/>
</kw>
<kw name="Set Variable" owner="BuiltIn">
<msg time="2024-04-10T18:19:11.899009" level="INFO">${json_data} = {'results': [{'gender': 'male', 'name': {'title': 'Mr', 'first': 'امیر', 'last': 'محمدخان'}, 'location': {'street': {'number': 9670, 'name': 'میدان امام حسین'}, 'city': 'گلستان', 'state': 'زنجان', 'co...</msg>
<var>${json_data}</var>
<arg>${response.json()}</arg>
<doc>Returns the given values which can then be assigned to a variables.</doc>
<status status="PASS" start="2024-04-10T18:19:11.898546" elapsed="0.000493"/>
</kw>
<kw name="Dictionary Should Contain Key" owner="Collections">
<msg time="2024-04-10T18:19:11.899521" level="INFO">False</msg>
<arg>${json_data}</arg>
<arg>results</arg>
<doc>Fails if ``key`` is not found from ``dictionary``.</doc>
<status status="PASS" start="2024-04-10T18:19:11.899348" elapsed="0.000213"/>
</kw>
<status status="PASS" start="2024-04-10T18:19:11.674919" elapsed="0.224906"/>
</kw>
<doc>Testa se a API responde corretamente e retorna um objeto JSON válido.</doc>
<tag>testeRequisicaoBasica</tag>
<status status="PASS" start="2024-04-10T18:19:11.674432" elapsed="0.225588"/>
</test>
<test id="s1-s1-t3" name="Validar estrutura de resposta" line="22">
<kw name="Teste de Estrutura de Resposta" owner="random-user-service">
<kw name="GET On Session" owner="RequestsLibrary">
<msg time="2024-04-10T18:19:11.994075" level="INFO">GET Request : url=https://randomuser.me/api 
 path_url=/api 
 headers={'User-Agent': 'python-requests/2.31.0', 'Accept-Encoding': 'gzip, deflate', 'Accept': '*/*', 'Connection': 'keep-alive'} 
 body=None 
 </msg>
<msg time="2024-04-10T18:19:11.994181" level="INFO">GET Response : url=https://randomuser.me/api 
 status=200, reason=OK 
 headers={'Date': 'Wed, 10 Apr 2024 18:19:11 GMT', 'Content-Type': 'application/json; charset=utf-8', 'Transfer-Encoding': 'chunked', 'Connection': 'keep-alive', 'X-Powered-By': 'Express', 'Access-Control-Allow-Origin': '*', 'Cache-Control': 'no-cache', 'ETag': 'W/"4a8-DFGw1MDxOSUUbB0jktvdpIcrzhY"', 'Vary': 'Accept-Encoding', 'Content-Encoding': 'gzip', 'CF-Cache-Status': 'DYNAMIC', 'Report-To': '{"endpoints":[{"url":"https:\\/\\/a.nel.cloudflare.com\\/report\\/v4?s=lRtFcGyl8SsrLpa%2BlnUwbIP7oxdpjyShInqNqX1FBuqVLjbjdLS1angOJAPrvI2%2FKOBJ2faSrtXLc3Enjq6fDf8h%2BfPLVF9dD5HGbxSGMUsrfLxsnGKaLX3OTDWer4ny"}],"group":"cf-nel","max_age":604800}', 'NEL': '{"success_fraction":0,"report_to":"cf-nel","max_age":604800}', 'Server': 'cloudflare', 'CF-RAY': '8724be6769be58c6-IAD', 'alt-svc': 'h3=":443"; ma=86400'} 
 body={"results":[{"gender":"female","name":{"title":"Miss","first":"Clarisse","last":"Guillot"},"location":{"street":{"number":1238,"name":"Rue Courbet"},"city":"Argenteuil","state":"Guyane","country":"France","postcode":13783,"coordinates":{"latitude":"-18.3486","longitude":"71.0923"},"timezone":{"offset":"+5:30","description":"Bombay, Calcutta, Madras, New Delhi"}},"email":"clarisse.guillot@example.com","login":{"uuid":"361b1705-078e-444d-b0c8-a6f5ee707abe","username":"orangeostrich451","password":"shasta","salt":"DG3ts18a","md5":"f777ef7b0cc892594e9d3feec9b1bcc9","sha1":"07c19cd1d4b35cc69e27f7054d9eed90a652c251","sha256":"24f5548932716243659a01d746353bbdc6552aa063eda9b690578adac7262c64"},"dob":{"date":"2001-03-16T05:49:10.709Z","age":23},"registered":{"date":"2008-08-08T20:00:46.540Z","age":15},"phone":"05-40-46-79-57","cell":"06-05-71-28-27","id":{"name":"INSEE","value":"21010212215916 70"},"picture":{"large":"https://randomuser.me/api/portraits/women/87.jpg","medium":"https://randomuser.me/api/portraits/med/women/87.jpg","thumbnail":"https://randomuser.me/api/portraits/thumb/women/87.jpg"},"nat":"FR"}],"info":{"seed":"10568e17e709ee6a","results":1,"page":1,"version":"1.4"}} 
 </msg>
<msg time="2024-04-10T18:19:11.994345" level="INFO">/opt/hostedtoolcache/Python/3.12.2/x64/lib/python3.12/site-packages/urllib3/connectionpool.py:1103: InsecureRequestWarning: Unverified HTTPS request is being made to host 'randomuser.me'. Adding certificate verification is strongly advised. See: https://urllib3.readthedocs.io/en/latest/advanced-usage.html#tls-warnings
  warnings.warn(</msg>
<msg time="2024-04-10T18:19:11.994487" level="INFO">${response} = &lt;Response [200]&gt;</msg>
<var>${response}</var>
<arg>consultarAPI</arg>
<arg>/api</arg>
<doc>Sends a GET request on a previously created HTTP Session.</doc>
<status status="PASS" start="2024-04-10T18:19:11.902900" elapsed="0.091626"/>
</kw>
<kw name="Set Variable" owner="BuiltIn">
<msg time="2024-04-10T18:19:11.995738" level="INFO">${json_data} = {'results': [{'gender': 'female', 'name': {'title': 'Miss', 'first': 'Clarisse', 'last': 'Guillot'}, 'location': {'street': {'number': 1238, 'name': 'Rue Courbet'}, 'city': 'Argenteuil', 'state': 'Guy...</msg>
<var>${json_data}</var>
<arg>${response.json()}</arg>
<doc>Returns the given values which can then be assigned to a variables.</doc>
<status status="PASS" start="2024-04-10T18:19:11.995161" elapsed="0.000606"/>
</kw>
<kw name="Log" owner="BuiltIn">
<msg time="2024-04-10T18:19:11.996245" level="INFO">{'results': [{'gender': 'female', 'name': {'title': 'Miss', 'first': 'Clarisse', 'last': 'Guillot'}, 'location': {'street': {'number': 1238, 'name': 'Rue Courbet'}, 'city': 'Argenteuil', 'state': 'Guyane', 'country': 'France', 'postcode': 13783, 'coordinates': {'latitude': '-18.3486', 'longitude': '71.0923'}, 'timezone': {'offset': '+5:30', 'description': 'Bombay, Calcutta, Madras, New Delhi'}}, 'email': 'clarisse.guillot@example.com', 'login': {'uuid': '361b1705-078e-444d-b0c8-a6f5ee707abe', 'username': 'orangeostrich451', 'password': 'shasta', 'salt': 'DG3ts18a', 'md5': 'f777ef7b0cc892594e9d3feec9b1bcc9', 'sha1': '07c19cd1d4b35cc69e27f7054d9eed90a652c251', 'sha256': '24f5548932716243659a01d746353bbdc6552aa063eda9b690578adac7262c64'}, 'dob': {'date': '2001-03-16T05:49:10.709Z', 'age': 23}, 'registered': {'date': '2008-08-08T20:00:46.540Z', 'age': 15}, 'phone': '05-40-46-79-57', 'cell': '06-05-71-28-27', 'id': {'name': 'INSEE', 'value': '21010212215916 70'}, 'picture': {'large': 'https://randomuser.me/api/portraits/women/87.jpg', 'medium': 'https://randomuser.me/api/portraits/med/women/87.jpg', 'thumbnail': 'https://randomuser.me/api/portraits/thumb/women/87.jpg'}, 'nat': 'FR'}], 'info': {'seed': '10568e17e709ee6a', 'results': 1, 'page': 1, 'version': '1.4'}}</msg>
<arg>${json_data}</arg>
<doc>Logs the given message with the given level.</doc>
<status status="PASS" start="2024-04-10T18:19:11.996086" elapsed="0.000219"/>
</kw>
<kw name="Dictionary Should Contain Key" owner="Collections">
<msg time="2024-04-10T18:19:11.996758" level="INFO">False</msg>
<arg>${json_data}</arg>
<arg>results</arg>
<doc>Fails if ``key`` is not found from ``dictionary``.</doc>
<status status="PASS" start="2024-04-10T18:19:11.996603" elapsed="0.000192"/>
</kw>
<kw name="Should Not Be Empty" owner="BuiltIn">
<msg time="2024-04-10T18:19:11.997248" level="INFO">Length is 2.</msg>
<arg>${json_data}</arg>
<doc>Verifies that the given item is not empty.</doc>
<status status="PASS" start="2024-04-10T18:19:11.997092" elapsed="0.000194"/>
</kw>
<kw name="Create List" owner="BuiltIn">
<msg time="2024-04-10T18:19:11.997890" level="INFO">${expected_keys} = ['gender', 'name', 'location', 'email', 'login']</msg>
<var>${expected_keys}</var>
<arg>gender</arg>
<arg>name</arg>
<arg>location</arg>
<arg>email</arg>
<arg>login</arg>
<doc>Returns a list containing given items.</doc>
<status status="PASS" start="2024-04-10T18:19:11.997574" elapsed="0.000340"/>
</kw>
<for flavor="IN">
<iter>
<kw name="Dictionary Should Contain Key" owner="Collections">
<msg time="2024-04-10T18:19:11.998959" level="INFO">False</msg>
<arg>${json_data['results'][0]}</arg>
<arg>${key}</arg>
<doc>Fails if ``key`` is not found from ``dictionary``.</doc>
<status status="PASS" start="2024-04-10T18:19:11.998552" elapsed="0.000445"/>
</kw>
<kw name="Log" owner="BuiltIn">
<msg time="2024-04-10T18:19:11.999669" level="INFO">{'gender': 'female', 'name': {'title': 'Miss', 'first': 'Clarisse', 'last': 'Guillot'}, 'location': {'street': {'number': 1238, 'name': 'Rue Courbet'}, 'city': 'Argenteuil', 'state': 'Guyane', 'country': 'France', 'postcode': 13783, 'coordinates': {'latitude': '-18.3486', 'longitude': '71.0923'}, 'timezone': {'offset': '+5:30', 'description': 'Bombay, Calcutta, Madras, New Delhi'}}, 'email': 'clarisse.guillot@example.com', 'login': {'uuid': '361b1705-078e-444d-b0c8-a6f5ee707abe', 'username': 'orangeostrich451', 'password': 'shasta', 'salt': 'DG3ts18a', 'md5': 'f777ef7b0cc892594e9d3feec9b1bcc9', 'sha1': '07c19cd1d4b35cc69e27f7054d9eed90a652c251', 'sha256': '24f5548932716243659a01d746353bbdc6552aa063eda9b690578adac7262c64'}, 'dob': {'date': '2001-03-16T05:49:10.709Z', 'age': 23}, 'registered': {'date': '2008-08-08T20:00:46.540Z', 'age': 15}, 'phone': '05-40-46-79-57', 'cell': '06-05-71-28-27', 'id': {'name': 'INSEE', 'value': '21010212215916 70'}, 'picture': {'large': 'https://randomuser.me/api/portraits/women/87.jpg', 'medium': 'https://randomuser.me/api/portraits/med/women/87.jpg', 'thumbnail': 'https://randomuser.me/api/portraits/thumb/women/87.jpg'}, 'nat': 'FR'}</msg>
<arg>${json_data['results'][0]}</arg>
<doc>Logs the given message with the given level.</doc>
<status status="PASS" start="2024-04-10T18:19:11.999303" elapsed="0.000415"/>
</kw>
<kw name="Log" owner="BuiltIn">
<msg time="2024-04-10T18:19:12.000141" level="INFO">gender</msg>
<arg>${key}</arg>
<doc>Logs the given message with the given level.</doc>
<status status="PASS" start="2024-04-10T18:19:12.000012" elapsed="0.000166"/>
</kw>
<var name="${key}">gender</var>
<status status="PASS" start="2024-04-10T18:19:11.998419" elapsed="0.001974"/>
</iter>
<iter>
<kw name="Dictionary Should Contain Key" owner="Collections">
<msg time="2024-04-10T18:19:12.001074" level="INFO">False</msg>
<arg>${json_data['results'][0]}</arg>
<arg>${key}</arg>
<doc>Fails if ``key`` is not found from ``dictionary``.</doc>
<status status="PASS" start="2024-04-10T18:19:12.000695" elapsed="0.000415"/>
</kw>
<kw name="Log" owner="BuiltIn">
<msg time="2024-04-10T18:19:12.001788" level="INFO">{'gender': 'female', 'name': {'title': 'Miss', 'first': 'Clarisse', 'last': 'Guillot'}, 'location': {'street': {'number': 1238, 'name': 'Rue Courbet'}, 'city': 'Argenteuil', 'state': 'Guyane', 'country': 'France', 'postcode': 13783, 'coordinates': {'latitude': '-18.3486', 'longitude': '71.0923'}, 'timezone': {'offset': '+5:30', 'description': 'Bombay, Calcutta, Madras, New Delhi'}}, 'email': 'clarisse.guillot@example.com', 'login': {'uuid': '361b1705-078e-444d-b0c8-a6f5ee707abe', 'username': 'orangeostrich451', 'password': 'shasta', 'salt': 'DG3ts18a', 'md5': 'f777ef7b0cc892594e9d3feec9b1bcc9', 'sha1': '07c19cd1d4b35cc69e27f7054d9eed90a652c251', 'sha256': '24f5548932716243659a01d746353bbdc6552aa063eda9b690578adac7262c64'}, 'dob': {'date': '2001-03-16T05:49:10.709Z', 'age': 23}, 'registered': {'date': '2008-08-08T20:00:46.540Z', 'age': 15}, 'phone': '05-40-46-79-57', 'cell': '06-05-71-28-27', 'id': {'name': 'INSEE', 'value': '21010212215916 70'}, 'picture': {'large': 'https://randomuser.me/api/portraits/women/87.jpg', 'medium': 'https://randomuser.me/api/portraits/med/women/87.jpg', 'thumbnail': 'https://randomuser.me/api/portraits/thumb/women/87.jpg'}, 'nat': 'FR'}</msg>
<arg>${json_data['results'][0]}</arg>
<doc>Logs the given message with the given level.</doc>
<status status="PASS" start="2024-04-10T18:19:12.001432" elapsed="0.000402"/>
</kw>
<kw name="Log" owner="BuiltIn">
<msg time="2024-04-10T18:19:12.002281" level="INFO">name</msg>
<arg>${key}</arg>
<doc>Logs the given message with the given level.</doc>
<status status="PASS" start="2024-04-10T18:19:12.002129" elapsed="0.000193"/>
</kw>
<var name="${key}">name</var>
<status status="PASS" start="2024-04-10T18:19:12.000581" elapsed="0.001991"/>
</iter>
<iter>
<kw name="Dictionary Should Contain Key" owner="Collections">
<msg time="2024-04-10T18:19:12.003251" level="INFO">False</msg>
<arg>${json_data['results'][0]}</arg>
<arg>${key}</arg>
<doc>Fails if ``key`` is not found from ``dictionary``.</doc>
<status status="PASS" start="2024-04-10T18:19:12.002873" elapsed="0.000416"/>
</kw>
<kw name="Log" owner="BuiltIn">
<msg time="2024-04-10T18:19:12.003942" level="INFO">{'gender': 'female', 'name': {'title': 'Miss', 'first': 'Clarisse', 'last': 'Guillot'}, 'location': {'street': {'number': 1238, 'name': 'Rue Courbet'}, 'city': 'Argenteuil', 'state': 'Guyane', 'country': 'France', 'postcode': 13783, 'coordinates': {'latitude': '-18.3486', 'longitude': '71.0923'}, 'timezone': {'offset': '+5:30', 'description': 'Bombay, Calcutta, Madras, New Delhi'}}, 'email': 'clarisse.guillot@example.com', 'login': {'uuid': '361b1705-078e-444d-b0c8-a6f5ee707abe', 'username': 'orangeostrich451', 'password': 'shasta', 'salt': 'DG3ts18a', 'md5': 'f777ef7b0cc892594e9d3feec9b1bcc9', 'sha1': '07c19cd1d4b35cc69e27f7054d9eed90a652c251', 'sha256': '24f5548932716243659a01d746353bbdc6552aa063eda9b690578adac7262c64'}, 'dob': {'date': '2001-03-16T05:49:10.709Z', 'age': 23}, 'registered': {'date': '2008-08-08T20:00:46.540Z', 'age': 15}, 'phone': '05-40-46-79-57', 'cell': '06-05-71-28-27', 'id': {'name': 'INSEE', 'value': '21010212215916 70'}, 'picture': {'large': 'https://randomuser.me/api/portraits/women/87.jpg', 'medium': 'https://randomuser.me/api/portraits/med/women/87.jpg', 'thumbnail': 'https://randomuser.me/api/portraits/thumb/women/87.jpg'}, 'nat': 'FR'}</msg>
<arg>${json_data['results'][0]}</arg>
<doc>Logs the given message with the given level.</doc>
<status status="PASS" start="2024-04-10T18:19:12.003582" elapsed="0.000406"/>
</kw>
<kw name="Log" owner="BuiltIn">
<msg time="2024-04-10T18:19:12.004404" level="INFO">location</msg>
<arg>${key}</arg>
<doc>Logs the given message with the given level.</doc>
<status status="PASS" start="2024-04-10T18:19:12.004280" elapsed="0.000161"/>
</kw>
<var name="${key}">location</var>
<status status="PASS" start="2024-04-10T18:19:12.002755" elapsed="0.001901"/>
</iter>
<iter>
<kw name="Dictionary Should Contain Key" owner="Collections">
<msg time="2024-04-10T18:19:12.005337" level="INFO">False</msg>
<arg>${json_data['results'][0]}</arg>
<arg>${key}</arg>
<doc>Fails if ``key`` is not found from ``dictionary``.</doc>
<status status="PASS" start="2024-04-10T18:19:12.004933" elapsed="0.000441"/>
</kw>
<kw name="Log" owner="BuiltIn">
<msg time="2024-04-10T18:19:12.006038" level="INFO">{'gender': 'female', 'name': {'title': 'Miss', 'first': 'Clarisse', 'last': 'Guillot'}, 'location': {'street': {'number': 1238, 'name': 'Rue Courbet'}, 'city': 'Argenteuil', 'state': 'Guyane', 'country': 'France', 'postcode': 13783, 'coordinates': {'latitude': '-18.3486', 'longitude': '71.0923'}, 'timezone': {'offset': '+5:30', 'description': 'Bombay, Calcutta, Madras, New Delhi'}}, 'email': 'clarisse.guillot@example.com', 'login': {'uuid': '361b1705-078e-444d-b0c8-a6f5ee707abe', 'username': 'orangeostrich451', 'password': 'shasta', 'salt': 'DG3ts18a', 'md5': 'f777ef7b0cc892594e9d3feec9b1bcc9', 'sha1': '07c19cd1d4b35cc69e27f7054d9eed90a652c251', 'sha256': '24f5548932716243659a01d746353bbdc6552aa063eda9b690578adac7262c64'}, 'dob': {'date': '2001-03-16T05:49:10.709Z', 'age': 23}, 'registered': {'date': '2008-08-08T20:00:46.540Z', 'age': 15}, 'phone': '05-40-46-79-57', 'cell': '06-05-71-28-27', 'id': {'name': 'INSEE', 'value': '21010212215916 70'}, 'picture': {'large': 'https://randomuser.me/api/portraits/women/87.jpg', 'medium': 'https://randomuser.me/api/portraits/med/women/87.jpg', 'thumbnail': 'https://randomuser.me/api/portraits/thumb/women/87.jpg'}, 'nat': 'FR'}</msg>
<arg>${json_data['results'][0]}</arg>
<doc>Logs the given message with the given level.</doc>
<status status="PASS" start="2024-04-10T18:19:12.005666" elapsed="0.000423"/>
</kw>
<kw name="Log" owner="BuiltIn">
<msg time="2024-04-10T18:19:12.006549" level="INFO">email</msg>
<arg>${key}</arg>
<doc>Logs the given message with the given level.</doc>
<status status="PASS" start="2024-04-10T18:19:12.006418" elapsed="0.000186"/>
</kw>
<var name="${key}">email</var>
<status status="PASS" start="2024-04-10T18:19:12.004824" elapsed="0.002024"/>
</iter>
<iter>
<kw name="Dictionary Should Contain Key" owner="Collections">
<msg time="2024-04-10T18:19:12.007515" level="INFO">False</msg>
<arg>${json_data['results'][0]}</arg>
<arg>${key}</arg>
<doc>Fails if ``key`` is not found from ``dictionary``.</doc>
<status status="PASS" start="2024-04-10T18:19:12.007134" elapsed="0.000419"/>
</kw>
<kw name="Log" owner="BuiltIn">
<msg time="2024-04-10T18:19:12.008217" level="INFO">{'gender': 'female', 'name': {'title': 'Miss', 'first': 'Clarisse', 'last': 'Guillot'}, 'location': {'street': {'number': 1238, 'name': 'Rue Courbet'}, 'city': 'Argenteuil', 'state': 'Guyane', 'country': 'France', 'postcode': 13783, 'coordinates': {'latitude': '-18.3486', 'longitude': '71.0923'}, 'timezone': {'offset': '+5:30', 'description': 'Bombay, Calcutta, Madras, New Delhi'}}, 'email': 'clarisse.guillot@example.com', 'login': {'uuid': '361b1705-078e-444d-b0c8-a6f5ee707abe', 'username': 'orangeostrich451', 'password': 'shasta', 'salt': 'DG3ts18a', 'md5': 'f777ef7b0cc892594e9d3feec9b1bcc9', 'sha1': '07c19cd1d4b35cc69e27f7054d9eed90a652c251', 'sha256': '24f5548932716243659a01d746353bbdc6552aa063eda9b690578adac7262c64'}, 'dob': {'date': '2001-03-16T05:49:10.709Z', 'age': 23}, 'registered': {'date': '2008-08-08T20:00:46.540Z', 'age': 15}, 'phone': '05-40-46-79-57', 'cell': '06-05-71-28-27', 'id': {'name': 'INSEE', 'value': '21010212215916 70'}, 'picture': {'large': 'https://randomuser.me/api/portraits/women/87.jpg', 'medium': 'https://randomuser.me/api/portraits/med/women/87.jpg', 'thumbnail': 'https://randomuser.me/api/portraits/thumb/women/87.jpg'}, 'nat': 'FR'}</msg>
<arg>${json_data['results'][0]}</arg>
<doc>Logs the given message with the given level.</doc>
<status status="PASS" start="2024-04-10T18:19:12.007854" elapsed="0.000409"/>
</kw>
<kw name="Log" owner="BuiltIn">
<msg time="2024-04-10T18:19:12.008682" level="INFO">login</msg>
<arg>${key}</arg>
<doc>Logs the given message with the given level.</doc>
<status status="PASS" start="2024-04-10T18:19:12.008554" elapsed="0.000197"/>
</kw>
<var name="${key}">login</var>
<status status="PASS" start="2024-04-10T18:19:12.007021" elapsed="0.001963"/>
</iter>
<var>${key}</var>
<value>@{expected_keys}</value>
<status status="PASS" start="2024-04-10T18:19:11.998181" elapsed="0.010926"/>
</for>
<kw name="Create List" owner="BuiltIn">
<msg time="2024-04-10T18:19:12.009442" level="INFO">${expected_keysTwo} = ['username', 'password']</msg>
<var>${expected_keysTwo}</var>
<arg>username</arg>
<arg>password</arg>
<doc>Returns a list containing given items.</doc>
<status status="PASS" start="2024-04-10T18:19:12.009305" elapsed="0.000162"/>
</kw>
<for flavor="IN">
<iter>
<kw name="Dictionary Should Contain Key" owner="Collections">
<msg time="2024-04-10T18:19:12.010400" level="INFO">False</msg>
<arg>${json_data['results'][0]['login']}</arg>
<arg>${keyTwo}</arg>
<doc>Fails if ``key`` is not found from ``dictionary``.</doc>
<status status="PASS" start="2024-04-10T18:19:12.009971" elapsed="0.000468"/>
</kw>
<kw name="Dictionary Should Contain Key" owner="Collections">
<msg time="2024-04-10T18:19:12.011128" level="INFO">False</msg>
<arg>${json_data['results'][0]['login']}</arg>
<arg>${keyTwo}</arg>
<doc>Fails if ``key`` is not found from ``dictionary``.</doc>
<status status="PASS" start="2024-04-10T18:19:12.010742" elapsed="0.000424"/>
</kw>
<kw name="Log" owner="BuiltIn">
<msg time="2024-04-10T18:19:12.011596" level="INFO">username</msg>
<arg>${keyTwo}</arg>
<doc>Logs the given message with the given level.</doc>
<status status="PASS" start="2024-04-10T18:19:12.011468" elapsed="0.000166"/>
</kw>
<var name="${keyTwo}">username</var>
<status status="PASS" start="2024-04-10T18:19:12.009861" elapsed="0.001991"/>
</iter>
<iter>
<kw name="Dictionary Should Contain Key" owner="Collections">
<msg time="2024-04-10T18:19:12.012564" level="INFO">False</msg>
<arg>${json_data['results'][0]['login']}</arg>
<arg>${keyTwo}</arg>
<doc>Fails if ``key`` is not found from ``dictionary``.</doc>
<status status="PASS" start="2024-04-10T18:19:12.012140" elapsed="0.000463"/>
</kw>
<kw name="Dictionary Should Contain Key" owner="Collections">
<msg time="2024-04-10T18:19:12.013420" level="INFO">False</msg>
<arg>${json_data['results'][0]['login']}</arg>
<arg>${keyTwo}</arg>
<doc>Fails if ``key`` is not found from ``dictionary``.</doc>
<status status="PASS" start="2024-04-10T18:19:12.012920" elapsed="0.000556"/>
</kw>
<kw name="Log" owner="BuiltIn">
<msg time="2024-04-10T18:19:12.013961" level="INFO">password</msg>
<arg>${keyTwo}</arg>
<doc>Logs the given message with the given level.</doc>
<status status="PASS" start="2024-04-10T18:19:12.013830" elapsed="0.000169"/>
</kw>
<var name="${keyTwo}">password</var>
<status status="PASS" start="2024-04-10T18:19:12.012028" elapsed="0.002189"/>
</iter>
<var>${keyTwo}</var>
<value>@{expected_keysTwo}</value>
<status status="PASS" start="2024-04-10T18:19:12.009705" elapsed="0.004670"/>
</for>
<status status="PASS" start="2024-04-10T18:19:11.902646" elapsed="0.111877"/>
</kw>
<doc>Testa a estrutura da resposta da API.</doc>
<tag>testeEstruturaResposta</tag>
<status status="PASS" start="2024-04-10T18:19:11.901943" elapsed="0.112745"/>
</test>
<test id="s1-s1-t4" name="Validar tipos de dados" line="28">
<kw name="Teste de Tipos de Dados" owner="random-user-service">
<kw name="GET On Session" owner="RequestsLibrary">
<msg time="2024-04-10T18:19:12.098045" level="INFO">GET Request : url=https://randomuser.me/api 
 path_url=/api 
 headers={'User-Agent': 'python-requests/2.31.0', 'Accept-Encoding': 'gzip, deflate', 'Accept': '*/*', 'Connection': 'keep-alive'} 
 body=None 
 </msg>
<msg time="2024-04-10T18:19:12.098157" level="INFO">GET Response : url=https://randomuser.me/api 
 status=200, reason=OK 
 headers={'Date': 'Wed, 10 Apr 2024 18:19:12 GMT', 'Content-Type': 'application/json; charset=utf-8', 'Transfer-Encoding': 'chunked', 'Connection': 'keep-alive', 'X-Powered-By': 'Express', 'Access-Control-Allow-Origin': '*', 'Cache-Control': 'no-cache', 'ETag': 'W/"4a2-r1T1gLmVqyjuhTmK5vIAnKE/aFk"', 'Vary': 'Accept-Encoding', 'Content-Encoding': 'gzip', 'CF-Cache-Status': 'DYNAMIC', 'Report-To': '{"endpoints":[{"url":"https:\\/\\/a.nel.cloudflare.com\\/report\\/v4?s=ezRjMx9D9wG4kXL7Uh7FHcQfA3I9RqCTSfFxqz0GMzN5tRvgeuSSu%2Ff9aTDNogxDRUymppra4BxkkdVXeNva2fNAcGOm3G%2FvGsYT1hXckk9N5b2G67%2BgLNpug14lYFIh"}],"group":"cf-nel","max_age":604800}', 'NEL': '{"success_fraction":0,"report_to":"cf-nel","max_age":604800}', 'Server': 'cloudflare', 'CF-RAY': '8724be682a6558c6-IAD', 'alt-svc': 'h3=":443"; ma=86400'} 
 body={"results":[{"gender":"female","name":{"title":"Madame","first":"Veronika","last":"Guillaume"},"location":{"street":{"number":8356,"name":"Avenue Debrousse"},"city":"Wolhusen","state":"Vaud","country":"Switzerland","postcode":4932,"coordinates":{"latitude":"-63.9349","longitude":"38.8925"},"timezone":{"offset":"-11:00","description":"Midway Island, Samoa"}},"email":"veronika.guillaume@example.com","login":{"uuid":"f610d0fe-31e9-45af-8f3d-aa7c5e65eea9","username":"ticklishostrich674","password":"camelot","salt":"f3KxN8V0","md5":"65dfee0d43609b0b89bbf9e56174bf73","sha1":"e8940a05e754dc954f5063969af477d4defdb427","sha256":"ec336726d19d289a83908978da07686efe274fd4909f769328299f4971563015"},"dob":{"date":"1969-12-19T11:48:43.223Z","age":54},"registered":{"date":"2017-06-10T13:36:41.516Z","age":6},"phone":"076 996 52 06","cell":"076 927 21 92","id":{"name":"AVS","value":"756.9243.3279.05"},"picture":{"large":"https://randomuser.me/api/portraits/women/32.jpg","medium":"https://randomuser.me/api/portraits/med/women/32.jpg","thumbnail":"https://randomuser.me/api/portraits/thumb/women/32.jpg"},"nat":"CH"}],"info":{"seed":"669ae9779e26f0bf","results":1,"page":1,"version":"1.4"}} 
 </msg>
<msg time="2024-04-10T18:19:12.098273" level="INFO">/opt/hostedtoolcache/Python/3.12.2/x64/lib/python3.12/site-packages/urllib3/connectionpool.py:1103: InsecureRequestWarning: Unverified HTTPS request is being made to host 'randomuser.me'. Adding certificate verification is strongly advised. See: https://urllib3.readthedocs.io/en/latest/advanced-usage.html#tls-warnings
  warnings.warn(</msg>
<msg time="2024-04-10T18:19:12.098408" level="INFO">${response} = &lt;Response [200]&gt;</msg>
<var>${response}</var>
<arg>consultarAPI</arg>
<arg>/api</arg>
<doc>Sends a GET request on a previously created HTTP Session.</doc>
<status status="PASS" start="2024-04-10T18:19:12.017310" elapsed="0.081137"/>
</kw>
<kw name="Set Variable" owner="BuiltIn">
<msg time="2024-04-10T18:19:12.099684" level="INFO">${json_data} = {'results': [{'gender': 'female', 'name': {'title': 'Madame', 'first': 'Veronika', 'last': 'Guillaume'}, 'location': {'street': {'number': 8356, 'name': 'Avenue Debrousse'}, 'city': 'Wolhusen', 'state...</msg>
<var>${json_data}</var>
<arg>${response.json()}</arg>
<doc>Returns the given values which can then be assigned to a variables.</doc>
<status status="PASS" start="2024-04-10T18:19:12.099103" elapsed="0.000610"/>
</kw>
<kw name="Log" owner="BuiltIn">
<msg time="2024-04-10T18:19:12.100191" level="INFO">{'results': [{'gender': 'female', 'name': {'title': 'Madame', 'first': 'Veronika', 'last': 'Guillaume'}, 'location': {'street': {'number': 8356, 'name': 'Avenue Debrousse'}, 'city': 'Wolhusen', 'state': 'Vaud', 'country': 'Switzerland', 'postcode': 4932, 'coordinates': {'latitude': '-63.9349', 'longitude': '38.8925'}, 'timezone': {'offset': '-11:00', 'description': 'Midway Island, Samoa'}}, 'email': 'veronika.guillaume@example.com', 'login': {'uuid': 'f610d0fe-31e9-45af-8f3d-aa7c5e65eea9', 'username': 'ticklishostrich674', 'password': 'camelot', 'salt': 'f3KxN8V0', 'md5': '65dfee0d43609b0b89bbf9e56174bf73', 'sha1': 'e8940a05e754dc954f5063969af477d4defdb427', 'sha256': 'ec336726d19d289a83908978da07686efe274fd4909f769328299f4971563015'}, 'dob': {'date': '1969-12-19T11:48:43.223Z', 'age': 54}, 'registered': {'date': '2017-06-10T13:36:41.516Z', 'age': 6}, 'phone': '076 996 52 06', 'cell': '076 927 21 92', 'id': {'name': 'AVS', 'value': '756.9243.3279.05'}, 'picture': {'large': 'https://randomuser.me/api/portraits/women/32.jpg', 'medium': 'https://randomuser.me/api/portraits/med/women/32.jpg', 'thumbnail': 'https://randomuser.me/api/portraits/thumb/women/32.jpg'}, 'nat': 'CH'}], 'info': {'seed': '669ae9779e26f0bf', 'results': 1, 'page': 1, 'version': '1.4'}}</msg>
<arg>${json_data}</arg>
<doc>Logs the given message with the given level.</doc>
<status status="PASS" start="2024-04-10T18:19:12.100030" elapsed="0.000246"/>
</kw>
<kw name="Should Be String" owner="String">
<arg>${json_data['results'][0]['gender']}</arg>
<doc>Fails if the given ``item`` is not a string.</doc>
<status status="PASS" start="2024-04-10T18:19:12.100579" elapsed="0.000377"/>
</kw>
<kw name="Should Match Regexp" owner="BuiltIn">
<arg>${json_data['results'][0]['email']}</arg>
<arg>^[a-zA-Z0-9._%+-]+@[a-zA-Z0-9.-]+\.[a-zA-Z]{2,}$</arg>
<doc>Fails if ``string`` does not match ``pattern`` as a regular expression.</doc>
<status status="PASS" start="2024-04-10T18:19:12.101158" elapsed="0.000524"/>
</kw>
<kw name="Should Match Regexp" owner="BuiltIn">
<arg>${json_data['results'][0]['dob']['date']}</arg>
<arg>\\d{4}-\\d{2}-\\d{2}T\\d{2}:\\d{2}:\\d{2}\\.\\d{3}Z</arg>
<doc>Fails if ``string`` does not match ``pattern`` as a regular expression.</doc>
<status status="PASS" start="2024-04-10T18:19:12.101883" elapsed="0.000529"/>
</kw>
<kw name="Should Match Regexp" owner="BuiltIn">
<arg>${json_data['results'][0]['registered']['date']}</arg>
<arg>\\d{4}-\\d{2}-\\d{2}T\\d{2}:\\d{2}:\\d{2}\\.\\d{3}Z</arg>
<doc>Fails if ``string`` does not match ``pattern`` as a regular expression.</doc>
<status status="PASS" start="2024-04-10T18:19:12.102612" elapsed="0.000388"/>
</kw>
<kw name="Should Match Regexp" owner="BuiltIn">
<arg>${json_data['results'][0]['picture']['large']}</arg>
<arg>^https?://.*\.(?:png|jpe?g|gif|bmp)$</arg>
<doc>Fails if ``string`` does not match ``pattern`` as a regular expression.</doc>
<status status="PASS" start="2024-04-10T18:19:12.103194" elapsed="0.000460"/>
</kw>
<kw name="Should Match Regexp" owner="BuiltIn">
<arg>${json_data['results'][0]['picture']['medium']}</arg>
<arg>^https?://.*\.(?:png|jpe?g|gif|bmp)$</arg>
<doc>Fails if ``string`` does not match ``pattern`` as a regular expression.</doc>
<status status="PASS" start="2024-04-10T18:19:12.103845" elapsed="0.000359"/>
</kw>
<kw name="Should Match Regexp" owner="BuiltIn">
<arg>${json_data['results'][0]['picture']['thumbnail']}</arg>
<arg>^https?://.*\.(?:png|jpe?g|gif|bmp)$</arg>
<doc>Fails if ``string`` does not match ``pattern`` as a regular expression.</doc>
<status status="PASS" start="2024-04-10T18:19:12.104390" elapsed="0.000354"/>
</kw>
<kw name="Log" owner="BuiltIn">
<msg time="2024-04-10T18:19:12.105253" level="INFO">{'large': 'https://randomuser.me/api/portraits/women/32.jpg', 'medium': 'https://randomuser.me/api/portraits/med/women/32.jpg', 'thumbnail': 'https://randomuser.me/api/portraits/thumb/women/32.jpg'}</msg>
<arg>${json_data['results'][0]['picture']}</arg>
<doc>Logs the given message with the given level.</doc>
<status status="PASS" start="2024-04-10T18:19:12.104928" elapsed="0.000368"/>
</kw>
<status status="PASS" start="2024-04-10T18:19:12.017075" elapsed="0.088486"/>
</kw>
<kw name="Teste de Tipos de Dados - Postcode" owner="random-user-service">
<kw name="GET On Session" owner="RequestsLibrary">
<msg time="2024-04-10T18:19:12.205046" level="INFO">GET Request : url=https://randomuser.me/api 
 path_url=/api 
 headers={'User-Agent': 'python-requests/2.31.0', 'Accept-Encoding': 'gzip, deflate', 'Accept': '*/*', 'Connection': 'keep-alive'} 
 body=None 
 </msg>
<msg time="2024-04-10T18:19:12.205155" level="INFO">GET Response : url=https://randomuser.me/api 
 status=200, reason=OK 
 headers={'Date': 'Wed, 10 Apr 2024 18:19:12 GMT', 'Content-Type': 'application/json; charset=utf-8', 'Transfer-Encoding': 'chunked', 'Connection': 'keep-alive', 'X-Powered-By': 'Express', 'Access-Control-Allow-Origin': '*', 'Cache-Control': 'no-cache', 'ETag': 'W/"4a9-unA2Xeo7rzU5d1TCWJKwtcfDOmY"', 'Vary': 'Accept-Encoding', 'Content-Encoding': 'gzip', 'CF-Cache-Status': 'DYNAMIC', 'Report-To': '{"endpoints":[{"url":"https:\\/\\/a.nel.cloudflare.com\\/report\\/v4?s=Q2CQHB3E4V4kfB%2BvEgmjtxZqujk6tIxAz2vvMgEK8rqCiB3nTsyFQ7hYpDCK2vjDyfelrUe44RGPn81KaUz3a6OWpQ9TKpp0EJLBH5ZdQwiBEceteAI4Yu3qtOXhX2tl"}],"group":"cf-nel","max_age":604800}', 'NEL': '{"success_fraction":0,"report_to":"cf-nel","max_age":604800}', 'Server': 'cloudflare', 'CF-RAY': '8724be68badd58c6-IAD', 'alt-svc': 'h3=":443"; ma=86400'} 
 body={"results":[{"gender":"female","name":{"title":"Miss","first":"Joelci","last":"Moraes"},"location":{"street":{"number":487,"name":"Rua Dezesseis de Maio"},"city":"Juazeiro do Norte","state":"Mato Grosso do Sul","country":"Brazil","postcode":99558,"coordinates":{"latitude":"-80.6307","longitude":"103.3929"},"timezone":{"offset":"+6:00","description":"Almaty, Dhaka, Colombo"}},"email":"joelci.moraes@example.com","login":{"uuid":"793c0476-fbd0-44ea-974e-2e9334d73c0b","username":"tinycat899","password":"coolhand","salt":"U3ds6NZC","md5":"9258b0d7cd9672d75879f02aac728455","sha1":"54c8290d85ec3bfb17f27484c3836f40dafbba36","sha256":"37bff4dc90a0335157988dfd219a5f06344f732f9553d309f27edb519d9afda8"},"dob":{"date":"1977-07-27T11:25:14.674Z","age":46},"registered":{"date":"2006-11-14T08:54:30.287Z","age":17},"phone":"(28) 4270-7388","cell":"(41) 4445-4425","id":{"name":"CPF","value":"199.057.121-77"},"picture":{"large":"https://randomuser.me/api/portraits/women/19.jpg","medium":"https://randomuser.me/api/portraits/med/women/19.jpg","thumbnail":"https://randomuser.me/api/portraits/thumb/women/19.jpg"},"nat":"BR"}],"info":{"seed":"c8770ca8f700343f","results":1,"page":1,"version":"1.4"}} 
 </msg>
<msg time="2024-04-10T18:19:12.205234" level="INFO">/opt/hostedtoolcache/Python/3.12.2/x64/lib/python3.12/site-packages/urllib3/connectionpool.py:1103: InsecureRequestWarning: Unverified HTTPS request is being made to host 'randomuser.me'. Adding certificate verification is strongly advised. See: https://urllib3.readthedocs.io/en/latest/advanced-usage.html#tls-warnings
  warnings.warn(</msg>
<msg time="2024-04-10T18:19:12.205374" level="INFO">${response} = &lt;Response [200]&gt;</msg>
<var>${response}</var>
<arg>consultarAPI</arg>
<arg>/api</arg>
<doc>Sends a GET request on a previously created HTTP Session.</doc>
<status status="PASS" start="2024-04-10T18:19:12.106056" elapsed="0.099367"/>
</kw>
<kw name="Set Variable" owner="BuiltIn">
<msg time="2024-04-10T18:19:12.206649" level="INFO">${json_data} = {'results': [{'gender': 'female', 'name': {'title': 'Miss', 'first': 'Joelci', 'last': 'Moraes'}, 'location': {'street': {'number': 487, 'name': 'Rua Dezesseis de Maio'}, 'city': 'Juazeiro do Norte', ...</msg>
<var>${json_data}</var>
<arg>${response.json()}</arg>
<doc>Returns the given values which can then be assigned to a variables.</doc>
<status status="PASS" start="2024-04-10T18:19:12.206040" elapsed="0.000638"/>
</kw>
<kw name="Log" owner="BuiltIn">
<msg time="2024-04-10T18:19:12.207151" level="INFO">{'results': [{'gender': 'female', 'name': {'title': 'Miss', 'first': 'Joelci', 'last': 'Moraes'}, 'location': {'street': {'number': 487, 'name': 'Rua Dezesseis de Maio'}, 'city': 'Juazeiro do Norte', 'state': 'Mato Grosso do Sul', 'country': 'Brazil', 'postcode': 99558, 'coordinates': {'latitude': '-80.6307', 'longitude': '103.3929'}, 'timezone': {'offset': '+6:00', 'description': 'Almaty, Dhaka, Colombo'}}, 'email': 'joelci.moraes@example.com', 'login': {'uuid': '793c0476-fbd0-44ea-974e-2e9334d73c0b', 'username': 'tinycat899', 'password': 'coolhand', 'salt': 'U3ds6NZC', 'md5': '9258b0d7cd9672d75879f02aac728455', 'sha1': '54c8290d85ec3bfb17f27484c3836f40dafbba36', 'sha256': '37bff4dc90a0335157988dfd219a5f06344f732f9553d309f27edb519d9afda8'}, 'dob': {'date': '1977-07-27T11:25:14.674Z', 'age': 46}, 'registered': {'date': '2006-11-14T08:54:30.287Z', 'age': 17}, 'phone': '(28) 4270-7388', 'cell': '(41) 4445-4425', 'id': {'name': 'CPF', 'value': '199.057.121-77'}, 'picture': {'large': 'https://randomuser.me/api/portraits/women/19.jpg', 'medium': 'https://randomuser.me/api/portraits/med/women/19.jpg', 'thumbnail': 'https://randomuser.me/api/portraits/thumb/women/19.jpg'}, 'nat': 'BR'}], 'info': {'seed': 'c8770ca8f700343f', 'results': 1, 'page': 1, 'version': '1.4'}}</msg>
<arg>${json_data}</arg>
<doc>Logs the given message with the given level.</doc>
<status status="PASS" start="2024-04-10T18:19:12.206990" elapsed="0.000244"/>
</kw>
<kw name="Should Be Equal As Numbers" owner="BuiltIn">
<arg>${json_data['results'][0]['location']['postcode']}</arg>
<arg>${json_data['results'][0]['location']['postcode']}</arg>
<doc>Fails if objects are unequal after converting them to real numbers.</doc>
<status status="PASS" start="2024-04-10T18:19:12.207539" elapsed="0.000818"/>
</kw>
<kw name="Log" owner="BuiltIn">
<msg time="2024-04-10T18:19:12.208895" level="INFO">99558</msg>
<arg>${json_data['results'][0]['location']['postcode']}</arg>
<doc>Logs the given message with the given level.</doc>
<status status="PASS" start="2024-04-10T18:19:12.208554" elapsed="0.000382"/>
</kw>
<status status="PASS" start="2024-04-10T18:19:12.105804" elapsed="0.103393"/>
</kw>
<doc>Testa se os tipos de dados na resposta da API estão corretos.</doc>
<tag>testeTiposDados</tag>
<status status="PASS" start="2024-04-10T18:19:12.016517" elapsed="0.192859"/>
</test>
<test id="s1-s1-t5" name="Validar conteudo" line="35">
<kw name="Teste de Tipos de Conteudo" owner="random-user-service">
<kw name="GET On Session" owner="RequestsLibrary">
<msg time="2024-04-10T18:19:12.294119" level="INFO">GET Request : url=https://randomuser.me/api 
 path_url=/api 
 headers={'User-Agent': 'python-requests/2.31.0', 'Accept-Encoding': 'gzip, deflate', 'Accept': '*/*', 'Connection': 'keep-alive'} 
 body=None 
 </msg>
<msg time="2024-04-10T18:19:12.294232" level="INFO">GET Response : url=https://randomuser.me/api 
 status=200, reason=OK 
 headers={'Date': 'Wed, 10 Apr 2024 18:19:12 GMT', 'Content-Type': 'application/json; charset=utf-8', 'Transfer-Encoding': 'chunked', 'Connection': 'keep-alive', 'X-Powered-By': 'Express', 'Access-Control-Allow-Origin': '*', 'Cache-Control': 'no-cache', 'ETag': 'W/"480-s5jAdLsjhx1DPTNnJKy96Ma5150"', 'Vary': 'Accept-Encoding', 'Content-Encoding': 'gzip', 'CF-Cache-Status': 'DYNAMIC', 'Report-To': '{"endpoints":[{"url":"https:\\/\\/a.nel.cloudflare.com\\/report\\/v4?s=M6yvXqKKQwU5v40hULIcWpp8oeaEWXjHZ5XQl0Ha3rQuPgZ9rnqUNjZZEYE1C3u6T%2Fu%2BYT1OOfQYV2%2BTtFPCB1ri%2BH2Qz5sSbBMzBRnysbFs96yJz1ZMHjQEvOpcsClf"}],"group":"cf-nel","max_age":604800}', 'NEL': '{"success_fraction":0,"report_to":"cf-nel","max_age":604800}', 'Server': 'cloudflare', 'CF-RAY': '8724be695b6158c6-IAD', 'alt-svc': 'h3=":443"; ma=86400'} 
 body={"results":[{"gender":"male","name":{"title":"Mr","first":"Rudan","last":"Gevko"},"location":{"street":{"number":9337,"name":"Kulikovska"},"city":"Piryatin","state":"Odeska","country":"Ukraine","postcode":44551,"coordinates":{"latitude":"80.2100","longitude":"-27.9792"},"timezone":{"offset":"-4:00","description":"Atlantic Time (Canada), Caracas, La Paz"}},"email":"rudan.gevko@example.com","login":{"uuid":"b24e7a96-721f-4160-8f27-5ad2efd07991","username":"bigladybug422","password":"vauxhall","salt":"Clf9ezcF","md5":"580434cbe3437820db37f7976d9e285c","sha1":"16aaf3227fbbe1c1d9b86ba416490c8a8ff02002","sha256":"e45c08784f3fe28f4f15735d85549d9310c2eefee2d1ec5e3a20fd51f2ed47b4"},"dob":{"date":"1980-02-29T18:02:22.447Z","age":44},"registered":{"date":"2019-05-22T01:58:54.183Z","age":4},"phone":"(099) Z80-4550","cell":"(098) D28-9839","id":{"name":"","value":null},"picture":{"large":"https://randomuser.me/api/portraits/men/12.jpg","medium":"https://randomuser.me/api/portraits/med/men/12.jpg","thumbnail":"https://randomuser.me/api/portraits/thumb/men/12.jpg"},"nat":"UA"}],"info":{"seed":"852b114625d9afde","results":1,"page":1,"version":"1.4"}} 
 </msg>
<msg time="2024-04-10T18:19:12.294354" level="INFO">/opt/hostedtoolcache/Python/3.12.2/x64/lib/python3.12/site-packages/urllib3/connectionpool.py:1103: InsecureRequestWarning: Unverified HTTPS request is being made to host 'randomuser.me'. Adding certificate verification is strongly advised. See: https://urllib3.readthedocs.io/en/latest/advanced-usage.html#tls-warnings
  warnings.warn(</msg>
<msg time="2024-04-10T18:19:12.294505" level="INFO">${response} = &lt;Response [200]&gt;</msg>
<var>${response}</var>
<arg>consultarAPI</arg>
<arg>/api</arg>
<doc>Sends a GET request on a previously created HTTP Session.</doc>
<status status="PASS" start="2024-04-10T18:19:12.212044" elapsed="0.082506"/>
</kw>
<kw name="Set Variable" owner="BuiltIn">
<msg time="2024-04-10T18:19:12.295763" level="INFO">${json_data} = {'results': [{'gender': 'male', 'name': {'title': 'Mr', 'first': 'Rudan', 'last': 'Gevko'}, 'location': {'street': {'number': 9337, 'name': 'Kulikovska'}, 'city': 'Piryatin', 'state': 'Odeska', 'count...</msg>
<var>${json_data}</var>
<arg>${response.json()}</arg>
<doc>Returns the given values which can then be assigned to a variables.</doc>
<status status="PASS" start="2024-04-10T18:19:12.295205" elapsed="0.000586"/>
</kw>
<kw name="Set Variable" owner="BuiltIn">
<msg time="2024-04-10T18:19:12.296496" level="INFO">${name_title} = Mr</msg>
<var>${name_title}</var>
<arg>${json_data["results"][0]["name"]["title"]}</arg>
<doc>Returns the given values which can then be assigned to a variables.</doc>
<status status="PASS" start="2024-04-10T18:19:12.296101" elapsed="0.000420"/>
</kw>
<kw name="Create List" owner="BuiltIn">
<msg time="2024-04-10T18:19:12.296972" level="INFO">${allowed_titles} = ['Mr', 'Ms', 'Miss', 'Mrs', 'Madame', 'Monsieur']</msg>
<var>${allowed_titles}</var>
<arg>Mr</arg>
<arg>Ms</arg>
<arg>Miss</arg>
<arg>Mrs</arg>
<arg>Madame</arg>
<arg>Monsieur</arg>
<doc>Returns a list containing given items.</doc>
<status status="PASS" start="2024-04-10T18:19:12.296822" elapsed="0.000175"/>
</kw>
<kw name="List Should Contain Value" owner="Collections">
<msg time="2024-04-10T18:19:12.297482" level="INFO">False</msg>
<arg>${allowed_titles}</arg>
<arg>${name_title}</arg>
<doc>Fails if the ``value`` is not found from ``list``.</doc>
<status status="PASS" start="2024-04-10T18:19:12.297309" elapsed="0.000209"/>
</kw>
<kw name="Set Variable" owner="BuiltIn">
<msg time="2024-04-10T18:19:12.298189" level="INFO">${name_country} = UA</msg>
<var>${name_country}</var>
<arg>${json_data["results"][0]["nat"]}</arg>
<doc>Returns the given values which can then be assigned to a variables.</doc>
<status status="PASS" start="2024-04-10T18:19:12.297807" elapsed="0.000406"/>
</kw>
<kw name="Create List" owner="BuiltIn">
<msg time="2024-04-10T18:19:12.299153" level="INFO">${list_country} = ['AD', 'AE', 'AF', 'AG', 'AI', 'AL', 'AM', 'AO', 'AQ', 'AR', 'AS', 'AT', 'AU', 'AW', 'AX', 'AZ', 'BA', 'BB', 'BD', 'BE', 'BF', 'BG', 'BH', 'BI', 'BJ', 'BL', 'BM', 'BN', 'BO', 'BQ', 'BR', 'BS', 'BT', '...</msg>
<var>${list_country}</var>
<arg>AD</arg>
<arg>AE</arg>
<arg>AF</arg>
<arg>AG</arg>
<arg>AI</arg>
<arg>AL</arg>
<arg>AM</arg>
<arg>AO</arg>
<arg>AQ</arg>
<arg>AR</arg>
<arg>AS</arg>
<arg>AT</arg>
<arg>AU</arg>
<arg>AW</arg>
<arg>AX</arg>
<arg>AZ</arg>
<arg>BA</arg>
<arg>BB</arg>
<arg>BD</arg>
<arg>BE</arg>
<arg>BF</arg>
<arg>BG</arg>
<arg>BH</arg>
<arg>BI</arg>
<arg>BJ</arg>
<arg>BL</arg>
<arg>BM</arg>
<arg>BN</arg>
<arg>BO</arg>
<arg>BQ</arg>
<arg>BR</arg>
<arg>BS</arg>
<arg>BT</arg>
<arg>BV</arg>
<arg>BW</arg>
<arg>BY</arg>
<arg>BZ</arg>
<arg>CA</arg>
<arg>CC</arg>
<arg>CD</arg>
<arg>CF</arg>
<arg>CG</arg>
<arg>CH</arg>
<arg>CI</arg>
<arg>CK</arg>
<arg>CL</arg>
<arg>CM</arg>
<arg>CN</arg>
<arg>CO</arg>
<arg>CR</arg>
<arg>CU</arg>
<arg>CV</arg>
<arg>CW</arg>
<arg>CX</arg>
<arg>CY</arg>
<arg>CZ</arg>
<arg>DE</arg>
<arg>DJ</arg>
<arg>DK</arg>
<arg>DM</arg>
<arg>DO</arg>
<arg>DZ</arg>
<arg>EC</arg>
<arg>EE</arg>
<arg>EG</arg>
<arg>EH</arg>
<arg>ER</arg>
<arg>ES</arg>
<arg>ET</arg>
<arg>FI</arg>
<arg>FJ</arg>
<arg>FK</arg>
<arg>FM</arg>
<arg>FO</arg>
<arg>FR</arg>
<arg>GA</arg>
<arg>GB</arg>
<arg>GD</arg>
<arg>GE</arg>
<arg>GF</arg>
<arg>GG</arg>
<arg>GH</arg>
<arg>GI</arg>
<arg>GL</arg>
<arg>GM</arg>
<arg>GN</arg>
<arg>GP</arg>
<arg>GQ</arg>
<arg>GR</arg>
<arg>GS</arg>
<arg>GT</arg>
<arg>GU</arg>
<arg>GW</arg>
<arg>GY</arg>
<arg>HK</arg>
<arg>HM</arg>
<arg>HN</arg>
<arg>HR</arg>
<arg>HT</arg>
<arg>HU</arg>
<arg>ID</arg>
<arg>IE</arg>
<arg>IL</arg>
<arg>IM</arg>
<arg>IN</arg>
<arg>IO</arg>
<arg>IQ</arg>
<arg>IR</arg>
<arg>IS</arg>
<arg>IT</arg>
<arg>JE</arg>
<arg>JM</arg>
<arg>JO</arg>
<arg>JP</arg>
<arg>KE</arg>
<arg>KG</arg>
<arg>KH</arg>
<arg>KI</arg>
<arg>KM</arg>
<arg>KN</arg>
<arg>KP</arg>
<arg>KR</arg>
<arg>KW</arg>
<arg>KY</arg>
<arg>KZ</arg>
<arg>LA</arg>
<arg>LB</arg>
<arg>LC</arg>
<arg>LI</arg>
<arg>LK</arg>
<arg>LR</arg>
<arg>LS</arg>
<arg>LT</arg>
<arg>LU</arg>
<arg>LV</arg>
<arg>LY</arg>
<arg>MA</arg>
<arg>MC</arg>
<arg>MD</arg>
<arg>ME</arg>
<arg>MF</arg>
<arg>MG</arg>
<arg>MH</arg>
<arg>MK</arg>
<arg>ML</arg>
<arg>MM</arg>
<arg>MN</arg>
<arg>MO</arg>
<arg>MP</arg>
<arg>MQ</arg>
<arg>MR</arg>
<arg>MS</arg>
<arg>MT</arg>
<arg>MU</arg>
<arg>MV</arg>
<arg>MW</arg>
<arg>MX</arg>
<arg>MY</arg>
<arg>MZ</arg>
<arg>NA</arg>
<arg>NC</arg>
<arg>NE</arg>
<arg>NF</arg>
<arg>NG</arg>
<arg>NI</arg>
<arg>NL</arg>
<arg>NO</arg>
<arg>NP</arg>
<arg>NR</arg>
<arg>NU</arg>
<arg>NZ</arg>
<arg>OM</arg>
<arg>PA</arg>
<arg>PE</arg>
<arg>PF</arg>
<arg>PG</arg>
<arg>PH</arg>
<arg>PK</arg>
<arg>PL</arg>
<arg>PM</arg>
<arg>PN</arg>
<arg>PR</arg>
<arg>PS</arg>
<arg>PT</arg>
<arg>PW</arg>
<arg>PY</arg>
<arg>QA</arg>
<arg>RE</arg>
<arg>RO</arg>
<arg>RS</arg>
<arg>RU</arg>
<arg>RW</arg>
<arg>SA</arg>
<arg>SB</arg>
<arg>SC</arg>
<arg>SD</arg>
<arg>SE</arg>
<arg>SG</arg>
<arg>SH</arg>
<arg>SI</arg>
<arg>SJ</arg>
<arg>SK</arg>
<arg>SL</arg>
<arg>SM</arg>
<arg>SN</arg>
<arg>SO</arg>
<arg>SR</arg>
<arg>SS</arg>
<arg>ST</arg>
<arg>SV</arg>
<arg>SX</arg>
<arg>SY</arg>
<arg>SZ</arg>
<arg>TC</arg>
<arg>TD</arg>
<arg>TF</arg>
<arg>TG</arg>
<arg>TH</arg>
<arg>TJ</arg>
<arg>TK</arg>
<arg>TL</arg>
<arg>TM</arg>
<arg>TN</arg>
<arg>TO</arg>
<arg>TR</arg>
<arg>TT</arg>
<arg>TV</arg>
<arg>TW</arg>
<arg>TZ</arg>
<arg>UA</arg>
<arg>UG</arg>
<arg>UM</arg>
<arg>US</arg>
<arg>UY</arg>
<arg>UZ</arg>
<arg>VA</arg>
<arg>VC</arg>
<arg>VE</arg>
<arg>VG</arg>
<arg>VI</arg>
<arg>VN</arg>
<arg>VU</arg>
<arg>WF</arg>
<arg>WS</arg>
<arg>XK</arg>
<arg>YE</arg>
<arg>YT</arg>
<arg>ZA</arg>
<arg>ZM</arg>
<arg>ZW</arg>
<doc>Returns a list containing given items.</doc>
<status status="PASS" start="2024-04-10T18:19:12.298557" elapsed="0.000622"/>
</kw>
<kw name="List Should Contain Value" owner="Collections">
<msg time="2024-04-10T18:19:12.300167" level="INFO">False</msg>
<arg>${list_country}</arg>
<arg>${name_country}</arg>
<doc>Fails if the ``value`` is not found from ``list``.</doc>
<status status="PASS" start="2024-04-10T18:19:12.299965" elapsed="0.000239"/>
</kw>
<kw name="Run Keyword If" owner="BuiltIn">
<kw name="Should Be True" owner="BuiltIn">
<arg>${True}</arg>
<doc>Fails if the given condition is not true.</doc>
<status status="PASS" start="2024-04-10T18:19:12.301280" elapsed="0.000146"/>
</kw>
<arg>${json_data["results"][0]["location"]["coordinates"]["latitude"]} &gt;= -90 and ${json_data["results"][0]["location"]["coordinates"]["latitude"]} &lt;= 90</arg>
<arg>Should Be True</arg>
<arg>${True}</arg>
<doc>Runs the given keyword with the given arguments, if ``condition`` is true.</doc>
<status status="PASS" start="2024-04-10T18:19:12.300524" elapsed="0.001031"/>
</kw>
<kw name="Run Keyword If" owner="BuiltIn">
<kw name="Should Be True" owner="BuiltIn">
<arg>${True}</arg>
<doc>Fails if the given condition is not true.</doc>
<status status="PASS" start="2024-04-10T18:19:12.302469" elapsed="0.000260"/>
</kw>
<arg>${json_data["results"][0]["location"]["coordinates"]["longitude"]} &gt;= -180 and ${json_data["results"][0]["location"]["coordinates"]["longitude"]} &lt;= 180</arg>
<arg>Should Be True</arg>
<arg>${True}</arg>
<doc>Runs the given keyword with the given arguments, if ``condition`` is true.</doc>
<status status="PASS" start="2024-04-10T18:19:12.301744" elapsed="0.001114"/>
</kw>
<status status="PASS" start="2024-04-10T18:19:12.211813" elapsed="0.091178"/>
</kw>
<doc>Testa o conteúdo específico dos campos retornados pela API.</doc>
<tag>testeConteudo</tag>
<status status="PASS" start="2024-04-10T18:19:12.211228" elapsed="0.091920"/>
</test>
<status status="PASS" start="2024-04-10T18:19:11.365840" elapsed="0.939295"/>
</suite>
<status status="PASS" start="2024-04-10T18:19:11.352152" elapsed="0.958377"/>
</suite>
<statistics>
<total>
<stat pass="5" fail="0" skip="0">All Tests</stat>
</total>
<tag>
<stat pass="1" fail="0" skip="0">testeConteudo</stat>
<stat pass="1" fail="0" skip="0">testeEstruturaResposta</stat>
<stat pass="1" fail="0" skip="0">testeRequisicaoBasica</stat>
<stat pass="1" fail="0" skip="0">testeTiposDados</stat>
</tag>
<suite>
<stat pass="5" fail="0" skip="0" id="s1" name="Tests">Tests</stat>
<stat pass="5" fail="0" skip="0" id="s1-s1" name="Random-User-Test">Tests.Random-User-Test</stat>
</suite>
</statistics>
<errors>
</errors>
</robot>
