<?xml version="1.0" encoding="UTF-8"?>
<robot generator="Robot 7.0.1 (Python 3.12.4 on linux)" generated="2024-07-02T01:06:38.380977" rpa="false" schemaversion="5">
<suite id="s1" name="Tests" source="/home/runner/work/ApiRandomUser/ApiRandomUser/RamdonUser/tests">
<suite id="s1-s1" name="Random-User-Test" source="/home/runner/work/ApiRandomUser/ApiRandomUser/RamdonUser/tests/random-user-test.robot">
<test id="s1-s1-t1" name="Conectar" line="13">
<kw name="Conectar API" owner="random-user-service">
<kw name="Create Session" owner="RequestsLibrary">
<msg time="2024-07-02T01:06:38.786196" level="INFO">Creating Session using : alias=consultarAPI, url=https://randomuser.me/, headers={},                     cookies={}, auth=None, timeout=None, proxies=None, verify=False,                     debug=0 </msg>
<arg>consultarAPI</arg>
<arg>${URL}</arg>
<doc>Create Session: create a HTTP session to a server</doc>
<status status="PASS" start="2024-07-02T01:06:38.785998" elapsed="0.000365"/>
</kw>
<status status="PASS" start="2024-07-02T01:06:38.785062" elapsed="0.001643"/>
</kw>
<status status="PASS" start="2024-07-02T01:06:38.784455" elapsed="0.002436"/>
</test>
<test id="s1-s1-t2" name="Validar retorno 200 e JSON Válido" line="16">
<kw name="Teste de Requisicao Basica" owner="random-user-service">
<kw name="GET On Session" owner="RequestsLibrary">
<msg time="2024-07-02T01:06:38.980617" level="INFO">GET Request : url=https://randomuser.me/api 
 path_url=/api 
 headers={'User-Agent': 'python-requests/2.32.3', 'Accept-Encoding': 'gzip, deflate', 'Accept': '*/*', 'Connection': 'keep-alive'} 
 body=None 
 </msg>
<msg time="2024-07-02T01:06:38.980736" level="INFO">GET Response : url=https://randomuser.me/api 
 status=200, reason=OK 
 headers={'Date': 'Tue, 02 Jul 2024 01:06:38 GMT', 'Content-Type': 'application/json; charset=utf-8', 'Transfer-Encoding': 'chunked', 'Connection': 'keep-alive', 'X-Powered-By': 'Express', 'Access-Control-Allow-Origin': '*', 'Cache-Control': 'no-cache', 'ETag': 'W/"47e-Q0VqjHvlpDLWyS2fBCwa067i8yY"', 'Vary': 'Accept-Encoding', 'Content-Encoding': 'gzip', 'CF-Cache-Status': 'DYNAMIC', 'Report-To': '{"endpoints":[{"url":"https:\\/\\/a.nel.cloudflare.com\\/report\\/v4?s=VMSwjTE2yorNpL%2BCSWPUy%2FqWGt8cpyPi%2BWzSUjPZ9c5wzi8FuGQJr2ph7AhQ9rV2HuHkoZ9%2BbgKLPfOH%2FI%2FXi7iIEYkSJbWjWRHjaBvS7kJlRO6FuUWcO72x0SlW6LOo"}],"group":"cf-nel","max_age":604800}', 'NEL': '{"success_fraction":0,"report_to":"cf-nel","max_age":604800}', 'Server': 'cloudflare', 'CF-RAY': '89cabc015cd582e0-IAD', 'alt-svc': 'h3=":443"; ma=86400'} 
 body={"results":[{"gender":"female","name":{"title":"Mrs","first":"Karen","last":"Sanders"},"location":{"street":{"number":8519,"name":"School Lane"},"city":"Greystones","state":"Laois","country":"Ireland","postcode":92581,"coordinates":{"latitude":"4.0642","longitude":"3.0072"},"timezone":{"offset":"-8:00","description":"Pacific Time (US &amp; Canada)"}},"email":"karen.sanders@example.com","login":{"uuid":"8d52db67-e93f-42f6-ab4c-273d096e7984","username":"silvercat528","password":"dotcom","salt":"Ip8i8y6S","md5":"c6e94ed625786186f99d283b4c9f1a8e","sha1":"3efcddd9f424400c94423fa7cd6f8045f31f5a97","sha256":"e782531d88a029bb3517aaa10f2e8789843f4c9f665dd248b31baff1f968d729"},"dob":{"date":"1958-10-22T23:06:51.900Z","age":65},"registered":{"date":"2018-10-16T14:03:25.188Z","age":5},"phone":"051-494-6535","cell":"081-011-4027","id":{"name":"PPS","value":"5855848T"},"picture":{"large":"https://randomuser.me/api/portraits/women/5.jpg","medium":"https://randomuser.me/api/portraits/med/women/5.jpg","thumbnail":"https://randomuser.me/api/portraits/thumb/women/5.jpg"},"nat":"IE"}],"info":{"seed":"281f721265cc2542","results":1,"page":1,"version":"1.4"}} 
 </msg>
<msg time="2024-07-02T01:06:38.980826" level="INFO">/opt/hostedtoolcache/Python/3.12.4/x64/lib/python3.12/site-packages/urllib3/connectionpool.py:1099: InsecureRequestWarning: Unverified HTTPS request is being made to host 'randomuser.me'. Adding certificate verification is strongly advised. See: https://urllib3.readthedocs.io/en/latest/advanced-usage.html#tls-warnings
  warnings.warn(</msg>
<msg time="2024-07-02T01:06:38.980962" level="INFO">${response} = &lt;Response [200]&gt;</msg>
<var>${response}</var>
<arg>consultarAPI</arg>
<arg>/api</arg>
<doc>Sends a GET request on a previously created HTTP Session.</doc>
<status status="PASS" start="2024-07-02T01:06:38.789543" elapsed="0.191464"/>
</kw>
<kw name="Should Be Equal As Numbers" owner="BuiltIn">
<msg time="2024-07-02T01:06:38.982182" level="INFO">Argument types are:
&lt;class 'int'&gt;
&lt;class 'str'&gt;</msg>
<arg>${response.status_code}</arg>
<arg>200</arg>
<doc>Fails if objects are unequal after converting them to real numbers.</doc>
<status status="PASS" start="2024-07-02T01:06:38.981644" elapsed="0.000602"/>
</kw>
<kw name="Log" owner="BuiltIn">
<msg time="2024-07-02T01:06:38.982905" level="INFO">200</msg>
<arg>${response.status_code}</arg>
<doc>Logs the given message with the given level.</doc>
<status status="PASS" start="2024-07-02T01:06:38.982562" elapsed="0.000385"/>
</kw>
<kw name="Set Variable" owner="BuiltIn">
<msg time="2024-07-02T01:06:38.983676" level="INFO">${json_data} = {'results': [{'gender': 'female', 'name': {'title': 'Mrs', 'first': 'Karen', 'last': 'Sanders'}, 'location': {'street': {'number': 8519, 'name': 'School Lane'}, 'city': 'Greystones', 'state': 'Laois',...</msg>
<var>${json_data}</var>
<arg>${response.json()}</arg>
<doc>Returns the given values which can then be assigned to a variables.</doc>
<status status="PASS" start="2024-07-02T01:06:38.983246" elapsed="0.000458"/>
</kw>
<kw name="Dictionary Should Contain Key" owner="Collections">
<arg>${json_data}</arg>
<arg>results</arg>
<doc>Fails if ``key`` is not found from ``dictionary``.</doc>
<status status="PASS" start="2024-07-02T01:06:38.983997" elapsed="0.000166"/>
</kw>
<status status="PASS" start="2024-07-02T01:06:38.789300" elapsed="0.195004"/>
</kw>
<doc>Testa se a API responde corretamente e retorna um objeto JSON válido.</doc>
<tag>testeRequisicaoBasica</tag>
<status status="PASS" start="2024-07-02T01:06:38.788755" elapsed="0.195712"/>
</test>
<test id="s1-s1-t3" name="Validar estrutura de resposta" line="22">
<kw name="Teste de Estrutura de Resposta" owner="random-user-service">
<kw name="GET On Session" owner="RequestsLibrary">
<msg time="2024-07-02T01:06:39.087923" level="INFO">GET Request : url=https://randomuser.me/api 
 path_url=/api 
 headers={'User-Agent': 'python-requests/2.32.3', 'Accept-Encoding': 'gzip, deflate', 'Accept': '*/*', 'Connection': 'keep-alive'} 
 body=None 
 </msg>
<msg time="2024-07-02T01:06:39.088010" level="INFO">GET Response : url=https://randomuser.me/api 
 status=200, reason=OK 
 headers={'Date': 'Tue, 02 Jul 2024 01:06:39 GMT', 'Content-Type': 'application/json; charset=utf-8', 'Transfer-Encoding': 'chunked', 'Connection': 'keep-alive', 'X-Powered-By': 'Express', 'Access-Control-Allow-Origin': '*', 'Cache-Control': 'no-cache', 'ETag': 'W/"478-/Wr9KuH3LoRrpMPVovwYHmMatSY"', 'Vary': 'Accept-Encoding', 'Content-Encoding': 'gzip', 'CF-Cache-Status': 'DYNAMIC', 'Report-To': '{"endpoints":[{"url":"https:\\/\\/a.nel.cloudflare.com\\/report\\/v4?s=FdFzx79tB0uucBP5sCsFUT3TGNEUaGo14fAsbAjkdkBFFlDI70NGTILupvvPTCTaRKRQnm1iZPuyhZ%2Bv3%2FbA9Srt5ydfWBYKRhI83DdcJBh6E1F4%2B9yWnIMONKBSb6AW"}],"group":"cf-nel","max_age":604800}', 'NEL': '{"success_fraction":0,"report_to":"cf-nel","max_age":604800}', 'Server': 'cloudflare', 'CF-RAY': '89cabc01bd4482e0-IAD', 'alt-svc': 'h3=":443"; ma=86400'} 
 body={"results":[{"gender":"female","name":{"title":"Mrs","first":"Anna","last":"Møller"},"location":{"street":{"number":7259,"name":"Bekkasinvej"},"city":"Vesterborg","state":"Syddanmark","country":"Denmark","postcode":58506,"coordinates":{"latitude":"-43.9450","longitude":"80.6786"},"timezone":{"offset":"-3:30","description":"Newfoundland"}},"email":"anna.moller@example.com","login":{"uuid":"1974b0ef-88f6-48b6-bfdf-7208a94c0cd0","username":"yellowladybug236","password":"street","salt":"I8yFQyR9","md5":"1de1ec4224d39efc070ba02a83e6b9be","sha1":"ce2903c260bf5d82ac8bc5affec48a1d8b956214","sha256":"0db6f76be36ad826a3475c77aabe871334e2219711f5755b63d99d4ca9ed4d2e"},"dob":{"date":"1947-12-09T10:44:26.129Z","age":76},"registered":{"date":"2013-01-09T17:07:33.295Z","age":11},"phone":"52707804","cell":"33187727","id":{"name":"CPR","value":"091247-4019"},"picture":{"large":"https://randomuser.me/api/portraits/women/64.jpg","medium":"https://randomuser.me/api/portraits/med/women/64.jpg","thumbnail":"https://randomuser.me/api/portraits/thumb/women/64.jpg"},"nat":"DK"}],"info":{"seed":"bdf4e6e7fb0b5da9","results":1,"page":1,"version":"1.4"}} 
 </msg>
<msg time="2024-07-02T01:06:39.088132" level="INFO">/opt/hostedtoolcache/Python/3.12.4/x64/lib/python3.12/site-packages/urllib3/connectionpool.py:1099: InsecureRequestWarning: Unverified HTTPS request is being made to host 'randomuser.me'. Adding certificate verification is strongly advised. See: https://urllib3.readthedocs.io/en/latest/advanced-usage.html#tls-warnings
  warnings.warn(</msg>
<msg time="2024-07-02T01:06:39.088256" level="INFO">${response} = &lt;Response [200]&gt;</msg>
<var>${response}</var>
<arg>consultarAPI</arg>
<arg>/api</arg>
<doc>Sends a GET request on a previously created HTTP Session.</doc>
<status status="PASS" start="2024-07-02T01:06:38.987122" elapsed="0.101181"/>
</kw>
<kw name="Set Variable" owner="BuiltIn">
<msg time="2024-07-02T01:06:39.089543" level="INFO">${json_data} = {'results': [{'gender': 'female', 'name': {'title': 'Mrs', 'first': 'Anna', 'last': 'Møller'}, 'location': {'street': {'number': 7259, 'name': 'Bekkasinvej'}, 'city': 'Vesterborg', 'state': 'Syddanmar...</msg>
<var>${json_data}</var>
<arg>${response.json()}</arg>
<doc>Returns the given values which can then be assigned to a variables.</doc>
<status status="PASS" start="2024-07-02T01:06:39.088919" elapsed="0.000654"/>
</kw>
<kw name="Log" owner="BuiltIn">
<msg time="2024-07-02T01:06:39.090045" level="INFO">{'results': [{'gender': 'female', 'name': {'title': 'Mrs', 'first': 'Anna', 'last': 'Møller'}, 'location': {'street': {'number': 7259, 'name': 'Bekkasinvej'}, 'city': 'Vesterborg', 'state': 'Syddanmark', 'country': 'Denmark', 'postcode': 58506, 'coordinates': {'latitude': '-43.9450', 'longitude': '80.6786'}, 'timezone': {'offset': '-3:30', 'description': 'Newfoundland'}}, 'email': 'anna.moller@example.com', 'login': {'uuid': '1974b0ef-88f6-48b6-bfdf-7208a94c0cd0', 'username': 'yellowladybug236', 'password': 'street', 'salt': 'I8yFQyR9', 'md5': '1de1ec4224d39efc070ba02a83e6b9be', 'sha1': 'ce2903c260bf5d82ac8bc5affec48a1d8b956214', 'sha256': '0db6f76be36ad826a3475c77aabe871334e2219711f5755b63d99d4ca9ed4d2e'}, 'dob': {'date': '1947-12-09T10:44:26.129Z', 'age': 76}, 'registered': {'date': '2013-01-09T17:07:33.295Z', 'age': 11}, 'phone': '52707804', 'cell': '33187727', 'id': {'name': 'CPR', 'value': '091247-4019'}, 'picture': {'large': 'https://randomuser.me/api/portraits/women/64.jpg', 'medium': 'https://randomuser.me/api/portraits/med/women/64.jpg', 'thumbnail': 'https://randomuser.me/api/portraits/thumb/women/64.jpg'}, 'nat': 'DK'}], 'info': {'seed': 'bdf4e6e7fb0b5da9', 'results': 1, 'page': 1, 'version': '1.4'}}</msg>
<arg>${json_data}</arg>
<doc>Logs the given message with the given level.</doc>
<status status="PASS" start="2024-07-02T01:06:39.089885" elapsed="0.000210"/>
</kw>
<kw name="Dictionary Should Contain Key" owner="Collections">
<arg>${json_data}</arg>
<arg>results</arg>
<doc>Fails if ``key`` is not found from ``dictionary``.</doc>
<status status="PASS" start="2024-07-02T01:06:39.090389" elapsed="0.000161"/>
</kw>
<kw name="Should Not Be Empty" owner="BuiltIn">
<msg time="2024-07-02T01:06:39.090861" level="INFO">Length is 2.</msg>
<arg>${json_data}</arg>
<doc>Verifies that the given item is not empty.</doc>
<status status="PASS" start="2024-07-02T01:06:39.090733" elapsed="0.000167"/>
</kw>
<kw name="Create List" owner="BuiltIn">
<msg time="2024-07-02T01:06:39.091487" level="INFO">${expected_keys} = ['gender', 'name', 'location', 'email', 'login']</msg>
<var>${expected_keys}</var>
<arg>gender</arg>
<arg>name</arg>
<arg>location</arg>
<arg>email</arg>
<arg>login</arg>
<doc>Returns a list containing given items.</doc>
<status status="PASS" start="2024-07-02T01:06:39.091195" elapsed="0.000317"/>
</kw>
<for flavor="IN">
<iter>
<kw name="Dictionary Should Contain Key" owner="Collections">
<arg>${json_data['results'][0]}</arg>
<arg>${key}</arg>
<doc>Fails if ``key`` is not found from ``dictionary``.</doc>
<status status="PASS" start="2024-07-02T01:06:39.092086" elapsed="0.000398"/>
</kw>
<kw name="Log" owner="BuiltIn">
<msg time="2024-07-02T01:06:39.093071" level="INFO">{'gender': 'female', 'name': {'title': 'Mrs', 'first': 'Anna', 'last': 'Møller'}, 'location': {'street': {'number': 7259, 'name': 'Bekkasinvej'}, 'city': 'Vesterborg', 'state': 'Syddanmark', 'country': 'Denmark', 'postcode': 58506, 'coordinates': {'latitude': '-43.9450', 'longitude': '80.6786'}, 'timezone': {'offset': '-3:30', 'description': 'Newfoundland'}}, 'email': 'anna.moller@example.com', 'login': {'uuid': '1974b0ef-88f6-48b6-bfdf-7208a94c0cd0', 'username': 'yellowladybug236', 'password': 'street', 'salt': 'I8yFQyR9', 'md5': '1de1ec4224d39efc070ba02a83e6b9be', 'sha1': 'ce2903c260bf5d82ac8bc5affec48a1d8b956214', 'sha256': '0db6f76be36ad826a3475c77aabe871334e2219711f5755b63d99d4ca9ed4d2e'}, 'dob': {'date': '1947-12-09T10:44:26.129Z', 'age': 76}, 'registered': {'date': '2013-01-09T17:07:33.295Z', 'age': 11}, 'phone': '52707804', 'cell': '33187727', 'id': {'name': 'CPR', 'value': '091247-4019'}, 'picture': {'large': 'https://randomuser.me/api/portraits/women/64.jpg', 'medium': 'https://randomuser.me/api/portraits/med/women/64.jpg', 'thumbnail': 'https://randomuser.me/api/portraits/thumb/women/64.jpg'}, 'nat': 'DK'}</msg>
<arg>${json_data['results'][0]}</arg>
<doc>Logs the given message with the given level.</doc>
<status status="PASS" start="2024-07-02T01:06:39.092673" elapsed="0.000448"/>
</kw>
<kw name="Log" owner="BuiltIn">
<msg time="2024-07-02T01:06:39.093558" level="INFO">gender</msg>
<arg>${key}</arg>
<doc>Logs the given message with the given level.</doc>
<status status="PASS" start="2024-07-02T01:06:39.093430" elapsed="0.000167"/>
</kw>
<var name="${key}">gender</var>
<status status="PASS" start="2024-07-02T01:06:39.091963" elapsed="0.001849"/>
</iter>
<iter>
<kw name="Dictionary Should Contain Key" owner="Collections">
<arg>${json_data['results'][0]}</arg>
<arg>${key}</arg>
<doc>Fails if ``key`` is not found from ``dictionary``.</doc>
<status status="PASS" start="2024-07-02T01:06:39.094107" elapsed="0.000379"/>
</kw>
<kw name="Log" owner="BuiltIn">
<msg time="2024-07-02T01:06:39.095015" level="INFO">{'gender': 'female', 'name': {'title': 'Mrs', 'first': 'Anna', 'last': 'Møller'}, 'location': {'street': {'number': 7259, 'name': 'Bekkasinvej'}, 'city': 'Vesterborg', 'state': 'Syddanmark', 'country': 'Denmark', 'postcode': 58506, 'coordinates': {'latitude': '-43.9450', 'longitude': '80.6786'}, 'timezone': {'offset': '-3:30', 'description': 'Newfoundland'}}, 'email': 'anna.moller@example.com', 'login': {'uuid': '1974b0ef-88f6-48b6-bfdf-7208a94c0cd0', 'username': 'yellowladybug236', 'password': 'street', 'salt': 'I8yFQyR9', 'md5': '1de1ec4224d39efc070ba02a83e6b9be', 'sha1': 'ce2903c260bf5d82ac8bc5affec48a1d8b956214', 'sha256': '0db6f76be36ad826a3475c77aabe871334e2219711f5755b63d99d4ca9ed4d2e'}, 'dob': {'date': '1947-12-09T10:44:26.129Z', 'age': 76}, 'registered': {'date': '2013-01-09T17:07:33.295Z', 'age': 11}, 'phone': '52707804', 'cell': '33187727', 'id': {'name': 'CPR', 'value': '091247-4019'}, 'picture': {'large': 'https://randomuser.me/api/portraits/women/64.jpg', 'medium': 'https://randomuser.me/api/portraits/med/women/64.jpg', 'thumbnail': 'https://randomuser.me/api/portraits/thumb/women/64.jpg'}, 'nat': 'DK'}</msg>
<arg>${json_data['results'][0]}</arg>
<doc>Logs the given message with the given level.</doc>
<status status="PASS" start="2024-07-02T01:06:39.094666" elapsed="0.000430"/>
</kw>
<kw name="Log" owner="BuiltIn">
<msg time="2024-07-02T01:06:39.095518" level="INFO">name</msg>
<arg>${key}</arg>
<doc>Logs the given message with the given level.</doc>
<status status="PASS" start="2024-07-02T01:06:39.095392" elapsed="0.000163"/>
</kw>
<var name="${key}">name</var>
<status status="PASS" start="2024-07-02T01:06:39.093997" elapsed="0.001775"/>
</iter>
<iter>
<kw name="Dictionary Should Contain Key" owner="Collections">
<arg>${json_data['results'][0]}</arg>
<arg>${key}</arg>
<doc>Fails if ``key`` is not found from ``dictionary``.</doc>
<status status="PASS" start="2024-07-02T01:06:39.096060" elapsed="0.000382"/>
</kw>
<kw name="Log" owner="BuiltIn">
<msg time="2024-07-02T01:06:39.097005" level="INFO">{'gender': 'female', 'name': {'title': 'Mrs', 'first': 'Anna', 'last': 'Møller'}, 'location': {'street': {'number': 7259, 'name': 'Bekkasinvej'}, 'city': 'Vesterborg', 'state': 'Syddanmark', 'country': 'Denmark', 'postcode': 58506, 'coordinates': {'latitude': '-43.9450', 'longitude': '80.6786'}, 'timezone': {'offset': '-3:30', 'description': 'Newfoundland'}}, 'email': 'anna.moller@example.com', 'login': {'uuid': '1974b0ef-88f6-48b6-bfdf-7208a94c0cd0', 'username': 'yellowladybug236', 'password': 'street', 'salt': 'I8yFQyR9', 'md5': '1de1ec4224d39efc070ba02a83e6b9be', 'sha1': 'ce2903c260bf5d82ac8bc5affec48a1d8b956214', 'sha256': '0db6f76be36ad826a3475c77aabe871334e2219711f5755b63d99d4ca9ed4d2e'}, 'dob': {'date': '1947-12-09T10:44:26.129Z', 'age': 76}, 'registered': {'date': '2013-01-09T17:07:33.295Z', 'age': 11}, 'phone': '52707804', 'cell': '33187727', 'id': {'name': 'CPR', 'value': '091247-4019'}, 'picture': {'large': 'https://randomuser.me/api/portraits/women/64.jpg', 'medium': 'https://randomuser.me/api/portraits/med/women/64.jpg', 'thumbnail': 'https://randomuser.me/api/portraits/thumb/women/64.jpg'}, 'nat': 'DK'}</msg>
<arg>${json_data['results'][0]}</arg>
<doc>Logs the given message with the given level.</doc>
<status status="PASS" start="2024-07-02T01:06:39.096622" elapsed="0.000435"/>
</kw>
<kw name="Log" owner="BuiltIn">
<msg time="2024-07-02T01:06:39.097488" level="INFO">location</msg>
<arg>${key}</arg>
<doc>Logs the given message with the given level.</doc>
<status status="PASS" start="2024-07-02T01:06:39.097360" elapsed="0.000166"/>
</kw>
<var name="${key}">location</var>
<status status="PASS" start="2024-07-02T01:06:39.095955" elapsed="0.001790"/>
</iter>
<iter>
<kw name="Dictionary Should Contain Key" owner="Collections">
<arg>${json_data['results'][0]}</arg>
<arg>${key}</arg>
<doc>Fails if ``key`` is not found from ``dictionary``.</doc>
<status status="PASS" start="2024-07-02T01:06:39.098018" elapsed="0.000383"/>
</kw>
<kw name="Log" owner="BuiltIn">
<msg time="2024-07-02T01:06:39.098933" level="INFO">{'gender': 'female', 'name': {'title': 'Mrs', 'first': 'Anna', 'last': 'Møller'}, 'location': {'street': {'number': 7259, 'name': 'Bekkasinvej'}, 'city': 'Vesterborg', 'state': 'Syddanmark', 'country': 'Denmark', 'postcode': 58506, 'coordinates': {'latitude': '-43.9450', 'longitude': '80.6786'}, 'timezone': {'offset': '-3:30', 'description': 'Newfoundland'}}, 'email': 'anna.moller@example.com', 'login': {'uuid': '1974b0ef-88f6-48b6-bfdf-7208a94c0cd0', 'username': 'yellowladybug236', 'password': 'street', 'salt': 'I8yFQyR9', 'md5': '1de1ec4224d39efc070ba02a83e6b9be', 'sha1': 'ce2903c260bf5d82ac8bc5affec48a1d8b956214', 'sha256': '0db6f76be36ad826a3475c77aabe871334e2219711f5755b63d99d4ca9ed4d2e'}, 'dob': {'date': '1947-12-09T10:44:26.129Z', 'age': 76}, 'registered': {'date': '2013-01-09T17:07:33.295Z', 'age': 11}, 'phone': '52707804', 'cell': '33187727', 'id': {'name': 'CPR', 'value': '091247-4019'}, 'picture': {'large': 'https://randomuser.me/api/portraits/women/64.jpg', 'medium': 'https://randomuser.me/api/portraits/med/women/64.jpg', 'thumbnail': 'https://randomuser.me/api/portraits/thumb/women/64.jpg'}, 'nat': 'DK'}</msg>
<arg>${json_data['results'][0]}</arg>
<doc>Logs the given message with the given level.</doc>
<status status="PASS" start="2024-07-02T01:06:39.098584" elapsed="0.000399"/>
</kw>
<kw name="Log" owner="BuiltIn">
<msg time="2024-07-02T01:06:39.099395" level="INFO">email</msg>
<arg>${key}</arg>
<doc>Logs the given message with the given level.</doc>
<status status="PASS" start="2024-07-02T01:06:39.099272" elapsed="0.000162"/>
</kw>
<var name="${key}">email</var>
<status status="PASS" start="2024-07-02T01:06:39.097914" elapsed="0.001741"/>
</iter>
<iter>
<kw name="Dictionary Should Contain Key" owner="Collections">
<arg>${json_data['results'][0]}</arg>
<arg>${key}</arg>
<doc>Fails if ``key`` is not found from ``dictionary``.</doc>
<status status="PASS" start="2024-07-02T01:06:39.099939" elapsed="0.000388"/>
</kw>
<kw name="Log" owner="BuiltIn">
<msg time="2024-07-02T01:06:39.100854" level="INFO">{'gender': 'female', 'name': {'title': 'Mrs', 'first': 'Anna', 'last': 'Møller'}, 'location': {'street': {'number': 7259, 'name': 'Bekkasinvej'}, 'city': 'Vesterborg', 'state': 'Syddanmark', 'country': 'Denmark', 'postcode': 58506, 'coordinates': {'latitude': '-43.9450', 'longitude': '80.6786'}, 'timezone': {'offset': '-3:30', 'description': 'Newfoundland'}}, 'email': 'anna.moller@example.com', 'login': {'uuid': '1974b0ef-88f6-48b6-bfdf-7208a94c0cd0', 'username': 'yellowladybug236', 'password': 'street', 'salt': 'I8yFQyR9', 'md5': '1de1ec4224d39efc070ba02a83e6b9be', 'sha1': 'ce2903c260bf5d82ac8bc5affec48a1d8b956214', 'sha256': '0db6f76be36ad826a3475c77aabe871334e2219711f5755b63d99d4ca9ed4d2e'}, 'dob': {'date': '1947-12-09T10:44:26.129Z', 'age': 76}, 'registered': {'date': '2013-01-09T17:07:33.295Z', 'age': 11}, 'phone': '52707804', 'cell': '33187727', 'id': {'name': 'CPR', 'value': '091247-4019'}, 'picture': {'large': 'https://randomuser.me/api/portraits/women/64.jpg', 'medium': 'https://randomuser.me/api/portraits/med/women/64.jpg', 'thumbnail': 'https://randomuser.me/api/portraits/thumb/women/64.jpg'}, 'nat': 'DK'}</msg>
<arg>${json_data['results'][0]}</arg>
<doc>Logs the given message with the given level.</doc>
<status status="PASS" start="2024-07-02T01:06:39.100507" elapsed="0.000440"/>
</kw>
<kw name="Log" owner="BuiltIn">
<msg time="2024-07-02T01:06:39.101375" level="INFO">login</msg>
<arg>${key}</arg>
<doc>Logs the given message with the given level.</doc>
<status status="PASS" start="2024-07-02T01:06:39.101248" elapsed="0.000165"/>
</kw>
<var name="${key}">login</var>
<status status="PASS" start="2024-07-02T01:06:39.099825" elapsed="0.001798"/>
</iter>
<var>${key}</var>
<value>@{expected_keys}</value>
<status status="PASS" start="2024-07-02T01:06:39.091774" elapsed="0.009968"/>
</for>
<kw name="Create List" owner="BuiltIn">
<msg time="2024-07-02T01:06:39.102067" level="INFO">${expected_keysTwo} = ['username', 'password']</msg>
<var>${expected_keysTwo}</var>
<arg>username</arg>
<arg>password</arg>
<doc>Returns a list containing given items.</doc>
<status status="PASS" start="2024-07-02T01:06:39.101927" elapsed="0.000164"/>
</kw>
<for flavor="IN">
<iter>
<kw name="Dictionary Should Contain Key" owner="Collections">
<arg>${json_data['results'][0]['login']}</arg>
<arg>${keyTwo}</arg>
<doc>Fails if ``key`` is not found from ``dictionary``.</doc>
<status status="PASS" start="2024-07-02T01:06:39.102603" elapsed="0.000385"/>
</kw>
<kw name="Dictionary Should Contain Key" owner="Collections">
<arg>${json_data['results'][0]['login']}</arg>
<arg>${keyTwo}</arg>
<doc>Fails if ``key`` is not found from ``dictionary``.</doc>
<status status="PASS" start="2024-07-02T01:06:39.103166" elapsed="0.000380"/>
</kw>
<kw name="Log" owner="BuiltIn">
<msg time="2024-07-02T01:06:39.103847" level="INFO">username</msg>
<arg>${keyTwo}</arg>
<doc>Logs the given message with the given level.</doc>
<status status="PASS" start="2024-07-02T01:06:39.103726" elapsed="0.000159"/>
</kw>
<var name="${keyTwo}">username</var>
<status status="PASS" start="2024-07-02T01:06:39.102496" elapsed="0.001623"/>
</iter>
<iter>
<kw name="Dictionary Should Contain Key" owner="Collections">
<arg>${json_data['results'][0]['login']}</arg>
<arg>${keyTwo}</arg>
<doc>Fails if ``key`` is not found from ``dictionary``.</doc>
<status status="PASS" start="2024-07-02T01:06:39.104403" elapsed="0.000383"/>
</kw>
<kw name="Dictionary Should Contain Key" owner="Collections">
<arg>${json_data['results'][0]['login']}</arg>
<arg>${keyTwo}</arg>
<doc>Fails if ``key`` is not found from ``dictionary``.</doc>
<status status="PASS" start="2024-07-02T01:06:39.105007" elapsed="0.000373"/>
</kw>
<kw name="Log" owner="BuiltIn">
<msg time="2024-07-02T01:06:39.105675" level="INFO">password</msg>
<arg>${keyTwo}</arg>
<doc>Logs the given message with the given level.</doc>
<status status="PASS" start="2024-07-02T01:06:39.105558" elapsed="0.000159"/>
</kw>
<var name="${keyTwo}">password</var>
<status status="PASS" start="2024-07-02T01:06:39.104288" elapsed="0.001749"/>
</iter>
<var>${keyTwo}</var>
<value>@{expected_keysTwo}</value>
<status status="PASS" start="2024-07-02T01:06:39.102348" elapsed="0.003811"/>
</for>
<status status="PASS" start="2024-07-02T01:06:38.986894" elapsed="0.119403"/>
</kw>
<doc>Testa a estrutura da resposta da API.</doc>
<tag>testeEstruturaResposta</tag>
<status status="PASS" start="2024-07-02T01:06:38.986314" elapsed="0.120134"/>
</test>
<test id="s1-s1-t4" name="Validar tipos de dados" line="28">
<kw name="Teste de Tipos de Dados" owner="random-user-service">
<kw name="GET On Session" owner="RequestsLibrary">
<msg time="2024-07-02T01:06:39.182463" level="INFO">GET Request : url=https://randomuser.me/api 
 path_url=/api 
 headers={'User-Agent': 'python-requests/2.32.3', 'Accept-Encoding': 'gzip, deflate', 'Accept': '*/*', 'Connection': 'keep-alive'} 
 body=None 
 </msg>
<msg time="2024-07-02T01:06:39.182569" level="INFO">GET Response : url=https://randomuser.me/api 
 status=200, reason=OK 
 headers={'Date': 'Tue, 02 Jul 2024 01:06:39 GMT', 'Content-Type': 'application/json; charset=utf-8', 'Transfer-Encoding': 'chunked', 'Connection': 'keep-alive', 'X-Powered-By': 'Express', 'Access-Control-Allow-Origin': '*', 'Cache-Control': 'no-cache', 'ETag': 'W/"491-chFVbYaPrdXDEVrUpVymhav/EGY"', 'Vary': 'Accept-Encoding', 'Content-Encoding': 'gzip', 'CF-Cache-Status': 'DYNAMIC', 'Report-To': '{"endpoints":[{"url":"https:\\/\\/a.nel.cloudflare.com\\/report\\/v4?s=c%2FgESMIEfrGEg1Gh3VjWunVqBu5MMedzebEtfPhoYQ2%2FW1ZKbZy%2Ft4Lume46h2nkaGaFY%2B4RU8UC5j1NMr5b29bKQZni1i5UuyLLmCnBQnMy0HALsrWGZsYwFZSuQrKS"}],"group":"cf-nel","max_age":604800}', 'NEL': '{"success_fraction":0,"report_to":"cf-nel","max_age":604800}', 'Server': 'cloudflare', 'CF-RAY': '89cabc027e4982e0-IAD', 'alt-svc': 'h3=":443"; ma=86400'} 
 body={"results":[{"gender":"female","name":{"title":"Ms","first":"Meral","last":"Böck"},"location":{"street":{"number":5223,"name":"Waldstraße"},"city":"Lebach","state":"Thüringen","country":"Germany","postcode":45888,"coordinates":{"latitude":"-50.8356","longitude":"129.3981"},"timezone":{"offset":"+5:30","description":"Bombay, Calcutta, Madras, New Delhi"}},"email":"meral.bock@example.com","login":{"uuid":"b1db8f7f-6640-451f-ba17-2b8ccf945fd0","username":"heavydog735","password":"aaaaaa1","salt":"Atauf90P","md5":"27b88b46da6e410713bbc24678ed8a60","sha1":"06a9a511c1595a238c45d692e1fb7e703223ac7e","sha256":"b91cb0756c93e4daa79412307ef32e7452ea80ce3524d542da725bfedbbde2f1"},"dob":{"date":"1974-05-06T07:08:21.661Z","age":50},"registered":{"date":"2018-03-30T10:47:28.213Z","age":6},"phone":"0952-3980190","cell":"0178-9346585","id":{"name":"SVNR","value":"69 060574 B 927"},"picture":{"large":"https://randomuser.me/api/portraits/women/76.jpg","medium":"https://randomuser.me/api/portraits/med/women/76.jpg","thumbnail":"https://randomuser.me/api/portraits/thumb/women/76.jpg"},"nat":"DE"}],"info":{"seed":"f70282663126cc07","results":1,"page":1,"version":"1.4"}} 
 </msg>
<msg time="2024-07-02T01:06:39.182666" level="INFO">/opt/hostedtoolcache/Python/3.12.4/x64/lib/python3.12/site-packages/urllib3/connectionpool.py:1099: InsecureRequestWarning: Unverified HTTPS request is being made to host 'randomuser.me'. Adding certificate verification is strongly advised. See: https://urllib3.readthedocs.io/en/latest/advanced-usage.html#tls-warnings
  warnings.warn(</msg>
<msg time="2024-07-02T01:06:39.182803" level="INFO">${response} = &lt;Response [200]&gt;</msg>
<var>${response}</var>
<arg>consultarAPI</arg>
<arg>/api</arg>
<doc>Sends a GET request on a previously created HTTP Session.</doc>
<status status="PASS" start="2024-07-02T01:06:39.108992" elapsed="0.073870"/>
</kw>
<kw name="Set Variable" owner="BuiltIn">
<msg time="2024-07-02T01:06:39.184333" level="INFO">${json_data} = {'results': [{'gender': 'female', 'name': {'title': 'Ms', 'first': 'Meral', 'last': 'Böck'}, 'location': {'street': {'number': 5223, 'name': 'Waldstraße'}, 'city': 'Lebach', 'state': 'Thüringen', 'cou...</msg>
<var>${json_data}</var>
<arg>${response.json()}</arg>
<doc>Returns the given values which can then be assigned to a variables.</doc>
<status status="PASS" start="2024-07-02T01:06:39.183557" elapsed="0.000806"/>
</kw>
<kw name="Log" owner="BuiltIn">
<msg time="2024-07-02T01:06:39.184844" level="INFO">{'results': [{'gender': 'female', 'name': {'title': 'Ms', 'first': 'Meral', 'last': 'Böck'}, 'location': {'street': {'number': 5223, 'name': 'Waldstraße'}, 'city': 'Lebach', 'state': 'Thüringen', 'country': 'Germany', 'postcode': 45888, 'coordinates': {'latitude': '-50.8356', 'longitude': '129.3981'}, 'timezone': {'offset': '+5:30', 'description': 'Bombay, Calcutta, Madras, New Delhi'}}, 'email': 'meral.bock@example.com', 'login': {'uuid': 'b1db8f7f-6640-451f-ba17-2b8ccf945fd0', 'username': 'heavydog735', 'password': 'aaaaaa1', 'salt': 'Atauf90P', 'md5': '27b88b46da6e410713bbc24678ed8a60', 'sha1': '06a9a511c1595a238c45d692e1fb7e703223ac7e', 'sha256': 'b91cb0756c93e4daa79412307ef32e7452ea80ce3524d542da725bfedbbde2f1'}, 'dob': {'date': '1974-05-06T07:08:21.661Z', 'age': 50}, 'registered': {'date': '2018-03-30T10:47:28.213Z', 'age': 6}, 'phone': '0952-3980190', 'cell': '0178-9346585', 'id': {'name': 'SVNR', 'value': '69 060574 B 927'}, 'picture': {'large': 'https://randomuser.me/api/portraits/women/76.jpg', 'medium': 'https://randomuser.me/api/portraits/med/women/76.jpg', 'thumbnail': 'https://randomuser.me/api/portraits/thumb/women/76.jpg'}, 'nat': 'DE'}], 'info': {'seed': 'f70282663126cc07', 'results': 1, 'page': 1, 'version': '1.4'}}</msg>
<arg>${json_data}</arg>
<doc>Logs the given message with the given level.</doc>
<status status="PASS" start="2024-07-02T01:06:39.184680" elapsed="0.000250"/>
</kw>
<kw name="Should Be String" owner="String">
<arg>${json_data['results'][0]['gender']}</arg>
<doc>Fails if the given ``item`` is not a string.</doc>
<status status="PASS" start="2024-07-02T01:06:39.185235" elapsed="0.000363"/>
</kw>
<kw name="Should Match Regexp" owner="BuiltIn">
<arg>${json_data['results'][0]['email']}</arg>
<arg>^[a-zA-Z0-9._%+-]+@[a-zA-Z0-9.-]+\.[a-zA-Z]{2,}$</arg>
<doc>Fails if ``string`` does not match ``pattern`` as a regular expression.</doc>
<status status="PASS" start="2024-07-02T01:06:39.185786" elapsed="0.000514"/>
</kw>
<kw name="Should Match Regexp" owner="BuiltIn">
<arg>${json_data['results'][0]['dob']['date']}</arg>
<arg>\\d{4}-\\d{2}-\\d{2}T\\d{2}:\\d{2}:\\d{2}\\.\\d{3}Z</arg>
<doc>Fails if ``string`` does not match ``pattern`` as a regular expression.</doc>
<status status="PASS" start="2024-07-02T01:06:39.186531" elapsed="0.000490"/>
</kw>
<kw name="Should Match Regexp" owner="BuiltIn">
<arg>${json_data['results'][0]['registered']['date']}</arg>
<arg>\\d{4}-\\d{2}-\\d{2}T\\d{2}:\\d{2}:\\d{2}\\.\\d{3}Z</arg>
<doc>Fails if ``string`` does not match ``pattern`` as a regular expression.</doc>
<status status="PASS" start="2024-07-02T01:06:39.187212" elapsed="0.000374"/>
</kw>
<kw name="Should Match Regexp" owner="BuiltIn">
<arg>${json_data['results'][0]['picture']['large']}</arg>
<arg>^https?://.*\.(?:png|jpe?g|gif|bmp)$</arg>
<doc>Fails if ``string`` does not match ``pattern`` as a regular expression.</doc>
<status status="PASS" start="2024-07-02T01:06:39.187769" elapsed="0.000454"/>
</kw>
<kw name="Should Match Regexp" owner="BuiltIn">
<arg>${json_data['results'][0]['picture']['medium']}</arg>
<arg>^https?://.*\.(?:png|jpe?g|gif|bmp)$</arg>
<doc>Fails if ``string`` does not match ``pattern`` as a regular expression.</doc>
<status status="PASS" start="2024-07-02T01:06:39.188406" elapsed="0.000349"/>
</kw>
<kw name="Should Match Regexp" owner="BuiltIn">
<arg>${json_data['results'][0]['picture']['thumbnail']}</arg>
<arg>^https?://.*\.(?:png|jpe?g|gif|bmp)$</arg>
<doc>Fails if ``string`` does not match ``pattern`` as a regular expression.</doc>
<status status="PASS" start="2024-07-02T01:06:39.188969" elapsed="0.000365"/>
</kw>
<kw name="Log" owner="BuiltIn">
<msg time="2024-07-02T01:06:39.189842" level="INFO">{'large': 'https://randomuser.me/api/portraits/women/76.jpg', 'medium': 'https://randomuser.me/api/portraits/med/women/76.jpg', 'thumbnail': 'https://randomuser.me/api/portraits/thumb/women/76.jpg'}</msg>
<arg>${json_data['results'][0]['picture']}</arg>
<doc>Logs the given message with the given level.</doc>
<status status="PASS" start="2024-07-02T01:06:39.189516" elapsed="0.000370"/>
</kw>
<status status="PASS" start="2024-07-02T01:06:39.108742" elapsed="0.081405"/>
</kw>
<kw name="Teste de Tipos de Dados - Postcode" owner="random-user-service">
<kw name="GET On Session" owner="RequestsLibrary">
<msg time="2024-07-02T01:06:39.284479" level="INFO">GET Request : url=https://randomuser.me/api 
 path_url=/api 
 headers={'User-Agent': 'python-requests/2.32.3', 'Accept-Encoding': 'gzip, deflate', 'Accept': '*/*', 'Connection': 'keep-alive'} 
 body=None 
 </msg>
<msg time="2024-07-02T01:06:39.284589" level="INFO">GET Response : url=https://randomuser.me/api 
 status=200, reason=OK 
 headers={'Date': 'Tue, 02 Jul 2024 01:06:39 GMT', 'Content-Type': 'application/json; charset=utf-8', 'Transfer-Encoding': 'chunked', 'Connection': 'keep-alive', 'X-Powered-By': 'Express', 'Access-Control-Allow-Origin': '*', 'Cache-Control': 'no-cache', 'ETag': 'W/"487-2QTZGpbRJy7Xr3W8yBgTVoSZf6g"', 'Vary': 'Accept-Encoding', 'Content-Encoding': 'gzip', 'CF-Cache-Status': 'DYNAMIC', 'Report-To': '{"endpoints":[{"url":"https:\\/\\/a.nel.cloudflare.com\\/report\\/v4?s=PJI8uPKYxd8Mx7fQdv6qBRIQfIHknSs1yU47GtvXcovfDRlwPZn9dmYY83InwLwUWqN%2BeAwhCwQRemW6nf4SOxrIV%2BF8lO8xIEiouPkZY3W%2B%2B7hECx%2BsEeRIE8aVO%2BuH"}],"group":"cf-nel","max_age":604800}', 'NEL': '{"success_fraction":0,"report_to":"cf-nel","max_age":604800}', 'Server': 'cloudflare', 'CF-RAY': '89cabc02ff4382e0-IAD', 'alt-svc': 'h3=":443"; ma=86400'} 
 body={"results":[{"gender":"male","name":{"title":"Mr","first":"آراد","last":"حسینی"},"location":{"street":{"number":4736,"name":"کوی نصر"},"city":"رشت","state":"همدان","country":"Iran","postcode":43045,"coordinates":{"latitude":"15.2432","longitude":"-111.8903"},"timezone":{"offset":"-6:00","description":"Central Time (US &amp; Canada), Mexico City"}},"email":"ard.hsyny@example.com","login":{"uuid":"0137f6b5-cc0d-4e31-8669-dec9964c447d","username":"greenmeercat835","password":"gorilla","salt":"YVcZ4lha","md5":"f1ce5f09b17a6126fe9cb3f525d5a240","sha1":"b4ee26266ff8797b6518fec9503906c964512bb5","sha256":"be0c7c1052078a7e5c5193f3848273341a66088706742493d0afc52ecf556e7e"},"dob":{"date":"1994-06-01T13:10:40.299Z","age":30},"registered":{"date":"2018-01-21T17:00:10.789Z","age":6},"phone":"063-27224848","cell":"0905-028-5455","id":{"name":"","value":null},"picture":{"large":"https://randomuser.me/api/portraits/men/60.jpg","medium":"https://randomuser.me/api/portraits/med/men/60.jpg","thumbnail":"https://randomuser.me/api/portraits/thumb/men/60.jpg"},"nat":"IR"}],"info":{"seed":"e99e9d947de87f4f","results":1,"page":1,"version":"1.4"}} 
 </msg>
<msg time="2024-07-02T01:06:39.284684" level="INFO">/opt/hostedtoolcache/Python/3.12.4/x64/lib/python3.12/site-packages/urllib3/connectionpool.py:1099: InsecureRequestWarning: Unverified HTTPS request is being made to host 'randomuser.me'. Adding certificate verification is strongly advised. See: https://urllib3.readthedocs.io/en/latest/advanced-usage.html#tls-warnings
  warnings.warn(</msg>
<msg time="2024-07-02T01:06:39.284826" level="INFO">${response} = &lt;Response [200]&gt;</msg>
<var>${response}</var>
<arg>consultarAPI</arg>
<arg>/api</arg>
<doc>Sends a GET request on a previously created HTTP Session.</doc>
<status status="PASS" start="2024-07-02T01:06:39.190600" elapsed="0.094267"/>
</kw>
<kw name="Set Variable" owner="BuiltIn">
<msg time="2024-07-02T01:06:39.286368" level="INFO">${json_data} = {'results': [{'gender': 'male', 'name': {'title': 'Mr', 'first': 'آراد', 'last': 'حسینی'}, 'location': {'street': {'number': 4736, 'name': 'کوی نصر'}, 'city': 'رشت', 'state': 'همدان', 'country': 'Iran...</msg>
<var>${json_data}</var>
<arg>${response.json()}</arg>
<doc>Returns the given values which can then be assigned to a variables.</doc>
<status status="PASS" start="2024-07-02T01:06:39.285685" elapsed="0.000714"/>
</kw>
<kw name="Log" owner="BuiltIn">
<msg time="2024-07-02T01:06:39.286884" level="INFO">{'results': [{'gender': 'male', 'name': {'title': 'Mr', 'first': 'آراد', 'last': 'حسینی'}, 'location': {'street': {'number': 4736, 'name': 'کوی نصر'}, 'city': 'رشت', 'state': 'همدان', 'country': 'Iran', 'postcode': 43045, 'coordinates': {'latitude': '15.2432', 'longitude': '-111.8903'}, 'timezone': {'offset': '-6:00', 'description': 'Central Time (US &amp; Canada), Mexico City'}}, 'email': 'ard.hsyny@example.com', 'login': {'uuid': '0137f6b5-cc0d-4e31-8669-dec9964c447d', 'username': 'greenmeercat835', 'password': 'gorilla', 'salt': 'YVcZ4lha', 'md5': 'f1ce5f09b17a6126fe9cb3f525d5a240', 'sha1': 'b4ee26266ff8797b6518fec9503906c964512bb5', 'sha256': 'be0c7c1052078a7e5c5193f3848273341a66088706742493d0afc52ecf556e7e'}, 'dob': {'date': '1994-06-01T13:10:40.299Z', 'age': 30}, 'registered': {'date': '2018-01-21T17:00:10.789Z', 'age': 6}, 'phone': '063-27224848', 'cell': '0905-028-5455', 'id': {'name': '', 'value': None}, 'picture': {'large': 'https://randomuser.me/api/portraits/men/60.jpg', 'medium': 'https://randomuser.me/api/portraits/med/men/60.jpg', 'thumbnail': 'https://randomuser.me/api/portraits/thumb/men/60.jpg'}, 'nat': 'IR'}], 'info': {'seed': 'e99e9d947de87f4f', 'results': 1, 'page': 1, 'version': '1.4'}}</msg>
<arg>${json_data}</arg>
<doc>Logs the given message with the given level.</doc>
<status status="PASS" start="2024-07-02T01:06:39.286714" elapsed="0.000225"/>
</kw>
<kw name="Should Be Equal As Numbers" owner="BuiltIn">
<arg>${json_data['results'][0]['location']['postcode']}</arg>
<arg>${json_data['results'][0]['location']['postcode']}</arg>
<doc>Fails if objects are unequal after converting them to real numbers.</doc>
<status status="PASS" start="2024-07-02T01:06:39.287232" elapsed="0.000631"/>
</kw>
<kw name="Log" owner="BuiltIn">
<msg time="2024-07-02T01:06:39.288556" level="INFO">43045</msg>
<arg>${json_data['results'][0]['location']['postcode']}</arg>
<doc>Logs the given message with the given level.</doc>
<status status="PASS" start="2024-07-02T01:06:39.288051" elapsed="0.000545"/>
</kw>
<status status="PASS" start="2024-07-02T01:06:39.190375" elapsed="0.098531"/>
</kw>
<doc>Testa se os tipos de dados na resposta da API estão corretos.</doc>
<tag>testeTiposDados</tag>
<status status="PASS" start="2024-07-02T01:06:39.108210" elapsed="0.180882"/>
</test>
<test id="s1-s1-t5" name="Validar conteudo" line="35">
<kw name="Teste de Tipos de Conteudo" owner="random-user-service">
<kw name="GET On Session" owner="RequestsLibrary">
<msg time="2024-07-02T01:06:39.378659" level="INFO">GET Request : url=https://randomuser.me/api 
 path_url=/api 
 headers={'User-Agent': 'python-requests/2.32.3', 'Accept-Encoding': 'gzip, deflate', 'Accept': '*/*', 'Connection': 'keep-alive'} 
 body=None 
 </msg>
<msg time="2024-07-02T01:06:39.378755" level="INFO">GET Response : url=https://randomuser.me/api 
 status=200, reason=OK 
 headers={'Date': 'Tue, 02 Jul 2024 01:06:39 GMT', 'Content-Type': 'application/json; charset=utf-8', 'Transfer-Encoding': 'chunked', 'Connection': 'keep-alive', 'X-Powered-By': 'Express', 'Access-Control-Allow-Origin': '*', 'Cache-Control': 'no-cache', 'ETag': 'W/"4a2-wVnaMWA5ItlouTGjcd5cCzxRZ94"', 'Vary': 'Accept-Encoding', 'Content-Encoding': 'gzip', 'CF-Cache-Status': 'DYNAMIC', 'Report-To': '{"endpoints":[{"url":"https:\\/\\/a.nel.cloudflare.com\\/report\\/v4?s=n88eg8qAzTDf2fEPnbJQHQwZTQgQ42f1wUIUrsw5DhuIMaWQNWgKjF2q0oJFAGc67QE3sDH1tHaByrKngpzB63m7ErJLndwsnLOXxUeJD%2BwPTYaFmB39ddaElmf0zF4D"}],"group":"cf-nel","max_age":604800}', 'NEL': '{"success_fraction":0,"report_to":"cf-nel","max_age":604800}', 'Server': 'cloudflare', 'CF-RAY': '89cabc03983782e0-IAD', 'alt-svc': 'h3=":443"; ma=86400'} 
 body={"results":[{"gender":"male","name":{"title":"Monsieur","first":"Anton","last":"Louis"},"location":{"street":{"number":3457,"name":"Rue D'Abbeville"},"city":"Villigen","state":"Graubünden","country":"Switzerland","postcode":5110,"coordinates":{"latitude":"-60.9224","longitude":"-85.4609"},"timezone":{"offset":"+3:00","description":"Baghdad, Riyadh, Moscow, St. Petersburg"}},"email":"anton.louis@example.com","login":{"uuid":"19857e5f-9a45-4be6-9377-0b2d75ff7a05","username":"heavyladybug138","password":"city","salt":"LNswS5BZ","md5":"63108b034ab50e4b3a92ea5f3d623bc3","sha1":"b662b545b5e9d70f9b70e786698548679a18c93f","sha256":"18c5a325479ae651e939c7bc0c9c6e1f0871786f5b216619ecc0276423231b4d"},"dob":{"date":"1985-05-13T18:29:28.052Z","age":39},"registered":{"date":"2004-10-06T00:11:06.650Z","age":19},"phone":"076 994 60 32","cell":"079 815 16 06","id":{"name":"AVS","value":"756.1672.0937.53"},"picture":{"large":"https://randomuser.me/api/portraits/men/83.jpg","medium":"https://randomuser.me/api/portraits/med/men/83.jpg","thumbnail":"https://randomuser.me/api/portraits/thumb/men/83.jpg"},"nat":"CH"}],"info":{"seed":"b115095badd59fd8","results":1,"page":1,"version":"1.4"}} 
 </msg>
<msg time="2024-07-02T01:06:39.378831" level="INFO">/opt/hostedtoolcache/Python/3.12.4/x64/lib/python3.12/site-packages/urllib3/connectionpool.py:1099: InsecureRequestWarning: Unverified HTTPS request is being made to host 'randomuser.me'. Adding certificate verification is strongly advised. See: https://urllib3.readthedocs.io/en/latest/advanced-usage.html#tls-warnings
  warnings.warn(</msg>
<msg time="2024-07-02T01:06:39.378959" level="INFO">${response} = &lt;Response [200]&gt;</msg>
<var>${response}</var>
<arg>consultarAPI</arg>
<arg>/api</arg>
<doc>Sends a GET request on a previously created HTTP Session.</doc>
<status status="PASS" start="2024-07-02T01:06:39.291605" elapsed="0.087396"/>
</kw>
<kw name="Set Variable" owner="BuiltIn">
<msg time="2024-07-02T01:06:39.380187" level="INFO">${json_data} = {'results': [{'gender': 'male', 'name': {'title': 'Monsieur', 'first': 'Anton', 'last': 'Louis'}, 'location': {'street': {'number': 3457, 'name': "Rue D'Abbeville"}, 'city': 'Villigen', 'state': 'Grau...</msg>
<var>${json_data}</var>
<arg>${response.json()}</arg>
<doc>Returns the given values which can then be assigned to a variables.</doc>
<status status="PASS" start="2024-07-02T01:06:39.379640" elapsed="0.000575"/>
</kw>
<kw name="Set Variable" owner="BuiltIn">
<msg time="2024-07-02T01:06:39.380940" level="INFO">${name_title} = Monsieur</msg>
<var>${name_title}</var>
<arg>${json_data["results"][0]["name"]["title"]}</arg>
<doc>Returns the given values which can then be assigned to a variables.</doc>
<status status="PASS" start="2024-07-02T01:06:39.380524" elapsed="0.000444"/>
</kw>
<kw name="Create List" owner="BuiltIn">
<msg time="2024-07-02T01:06:39.381418" level="INFO">${allowed_titles} = ['Mr', 'Ms', 'Miss', 'Mrs', 'Madame', 'Monsieur']</msg>
<var>${allowed_titles}</var>
<arg>Mr</arg>
<arg>Ms</arg>
<arg>Miss</arg>
<arg>Mrs</arg>
<arg>Madame</arg>
<arg>Monsieur</arg>
<doc>Returns a list containing given items.</doc>
<status status="PASS" start="2024-07-02T01:06:39.381269" elapsed="0.000173"/>
</kw>
<kw name="List Should Contain Value" owner="Collections">
<arg>${allowed_titles}</arg>
<arg>${name_title}</arg>
<doc>Fails if the ``value`` is not found from ``list``.</doc>
<status status="PASS" start="2024-07-02T01:06:39.381742" elapsed="0.000184"/>
</kw>
<kw name="Set Variable" owner="BuiltIn">
<msg time="2024-07-02T01:06:39.382469" level="INFO">${name_country} = CH</msg>
<var>${name_country}</var>
<arg>${json_data["results"][0]["nat"]}</arg>
<doc>Returns the given values which can then be assigned to a variables.</doc>
<status status="PASS" start="2024-07-02T01:06:39.382101" elapsed="0.000393"/>
</kw>
<kw name="Create List" owner="BuiltIn">
<msg time="2024-07-02T01:06:39.383378" level="INFO">${list_country} = ['AD', 'AE', 'AF', 'AG', 'AI', 'AL', 'AM', 'AO', 'AQ', 'AR', 'AS', 'AT', 'AU', 'AW', 'AX', 'AZ', 'BA', 'BB', 'BD', 'BE', 'BF', 'BG', 'BH', 'BI', 'BJ', 'BL', 'BM', 'BN', 'BO', 'BQ', 'BR', 'BS', 'BT', '...</msg>
<var>${list_country}</var>
<arg>AD</arg>
<arg>AE</arg>
<arg>AF</arg>
<arg>AG</arg>
<arg>AI</arg>
<arg>AL</arg>
<arg>AM</arg>
<arg>AO</arg>
<arg>AQ</arg>
<arg>AR</arg>
<arg>AS</arg>
<arg>AT</arg>
<arg>AU</arg>
<arg>AW</arg>
<arg>AX</arg>
<arg>AZ</arg>
<arg>BA</arg>
<arg>BB</arg>
<arg>BD</arg>
<arg>BE</arg>
<arg>BF</arg>
<arg>BG</arg>
<arg>BH</arg>
<arg>BI</arg>
<arg>BJ</arg>
<arg>BL</arg>
<arg>BM</arg>
<arg>BN</arg>
<arg>BO</arg>
<arg>BQ</arg>
<arg>BR</arg>
<arg>BS</arg>
<arg>BT</arg>
<arg>BV</arg>
<arg>BW</arg>
<arg>BY</arg>
<arg>BZ</arg>
<arg>CA</arg>
<arg>CC</arg>
<arg>CD</arg>
<arg>CF</arg>
<arg>CG</arg>
<arg>CH</arg>
<arg>CI</arg>
<arg>CK</arg>
<arg>CL</arg>
<arg>CM</arg>
<arg>CN</arg>
<arg>CO</arg>
<arg>CR</arg>
<arg>CU</arg>
<arg>CV</arg>
<arg>CW</arg>
<arg>CX</arg>
<arg>CY</arg>
<arg>CZ</arg>
<arg>DE</arg>
<arg>DJ</arg>
<arg>DK</arg>
<arg>DM</arg>
<arg>DO</arg>
<arg>DZ</arg>
<arg>EC</arg>
<arg>EE</arg>
<arg>EG</arg>
<arg>EH</arg>
<arg>ER</arg>
<arg>ES</arg>
<arg>ET</arg>
<arg>FI</arg>
<arg>FJ</arg>
<arg>FK</arg>
<arg>FM</arg>
<arg>FO</arg>
<arg>FR</arg>
<arg>GA</arg>
<arg>GB</arg>
<arg>GD</arg>
<arg>GE</arg>
<arg>GF</arg>
<arg>GG</arg>
<arg>GH</arg>
<arg>GI</arg>
<arg>GL</arg>
<arg>GM</arg>
<arg>GN</arg>
<arg>GP</arg>
<arg>GQ</arg>
<arg>GR</arg>
<arg>GS</arg>
<arg>GT</arg>
<arg>GU</arg>
<arg>GW</arg>
<arg>GY</arg>
<arg>HK</arg>
<arg>HM</arg>
<arg>HN</arg>
<arg>HR</arg>
<arg>HT</arg>
<arg>HU</arg>
<arg>ID</arg>
<arg>IE</arg>
<arg>IL</arg>
<arg>IM</arg>
<arg>IN</arg>
<arg>IO</arg>
<arg>IQ</arg>
<arg>IR</arg>
<arg>IS</arg>
<arg>IT</arg>
<arg>JE</arg>
<arg>JM</arg>
<arg>JO</arg>
<arg>JP</arg>
<arg>KE</arg>
<arg>KG</arg>
<arg>KH</arg>
<arg>KI</arg>
<arg>KM</arg>
<arg>KN</arg>
<arg>KP</arg>
<arg>KR</arg>
<arg>KW</arg>
<arg>KY</arg>
<arg>KZ</arg>
<arg>LA</arg>
<arg>LB</arg>
<arg>LC</arg>
<arg>LI</arg>
<arg>LK</arg>
<arg>LR</arg>
<arg>LS</arg>
<arg>LT</arg>
<arg>LU</arg>
<arg>LV</arg>
<arg>LY</arg>
<arg>MA</arg>
<arg>MC</arg>
<arg>MD</arg>
<arg>ME</arg>
<arg>MF</arg>
<arg>MG</arg>
<arg>MH</arg>
<arg>MK</arg>
<arg>ML</arg>
<arg>MM</arg>
<arg>MN</arg>
<arg>MO</arg>
<arg>MP</arg>
<arg>MQ</arg>
<arg>MR</arg>
<arg>MS</arg>
<arg>MT</arg>
<arg>MU</arg>
<arg>MV</arg>
<arg>MW</arg>
<arg>MX</arg>
<arg>MY</arg>
<arg>MZ</arg>
<arg>NA</arg>
<arg>NC</arg>
<arg>NE</arg>
<arg>NF</arg>
<arg>NG</arg>
<arg>NI</arg>
<arg>NL</arg>
<arg>NO</arg>
<arg>NP</arg>
<arg>NR</arg>
<arg>NU</arg>
<arg>NZ</arg>
<arg>OM</arg>
<arg>PA</arg>
<arg>PE</arg>
<arg>PF</arg>
<arg>PG</arg>
<arg>PH</arg>
<arg>PK</arg>
<arg>PL</arg>
<arg>PM</arg>
<arg>PN</arg>
<arg>PR</arg>
<arg>PS</arg>
<arg>PT</arg>
<arg>PW</arg>
<arg>PY</arg>
<arg>QA</arg>
<arg>RE</arg>
<arg>RO</arg>
<arg>RS</arg>
<arg>RU</arg>
<arg>RW</arg>
<arg>SA</arg>
<arg>SB</arg>
<arg>SC</arg>
<arg>SD</arg>
<arg>SE</arg>
<arg>SG</arg>
<arg>SH</arg>
<arg>SI</arg>
<arg>SJ</arg>
<arg>SK</arg>
<arg>SL</arg>
<arg>SM</arg>
<arg>SN</arg>
<arg>SO</arg>
<arg>SR</arg>
<arg>SS</arg>
<arg>ST</arg>
<arg>SV</arg>
<arg>SX</arg>
<arg>SY</arg>
<arg>SZ</arg>
<arg>TC</arg>
<arg>TD</arg>
<arg>TF</arg>
<arg>TG</arg>
<arg>TH</arg>
<arg>TJ</arg>
<arg>TK</arg>
<arg>TL</arg>
<arg>TM</arg>
<arg>TN</arg>
<arg>TO</arg>
<arg>TR</arg>
<arg>TT</arg>
<arg>TV</arg>
<arg>TW</arg>
<arg>TZ</arg>
<arg>UA</arg>
<arg>UG</arg>
<arg>UM</arg>
<arg>US</arg>
<arg>UY</arg>
<arg>UZ</arg>
<arg>VA</arg>
<arg>VC</arg>
<arg>VE</arg>
<arg>VG</arg>
<arg>VI</arg>
<arg>VN</arg>
<arg>VU</arg>
<arg>WF</arg>
<arg>WS</arg>
<arg>XK</arg>
<arg>YE</arg>
<arg>YT</arg>
<arg>ZA</arg>
<arg>ZM</arg>
<arg>ZW</arg>
<doc>Returns a list containing given items.</doc>
<status status="PASS" start="2024-07-02T01:06:39.382787" elapsed="0.000616"/>
</kw>
<kw name="List Should Contain Value" owner="Collections">
<arg>${list_country}</arg>
<arg>${name_country}</arg>
<doc>Fails if the ``value`` is not found from ``list``.</doc>
<status status="PASS" start="2024-07-02T01:06:39.384195" elapsed="0.000207"/>
</kw>
<kw name="Run Keyword If" owner="BuiltIn">
<kw name="Should Be True" owner="BuiltIn">
<arg>${True}</arg>
<doc>Fails if the given condition is not true.</doc>
<status status="PASS" start="2024-07-02T01:06:39.385379" elapsed="0.000145"/>
</kw>
<arg>${json_data["results"][0]["location"]["coordinates"]["latitude"]} &gt;= -90 and ${json_data["results"][0]["location"]["coordinates"]["latitude"]} &lt;= 90</arg>
<arg>Should Be True</arg>
<arg>${True}</arg>
<doc>Runs the given keyword with the given arguments, if ``condition`` is true.</doc>
<status status="PASS" start="2024-07-02T01:06:39.384599" elapsed="0.001049"/>
</kw>
<kw name="Run Keyword If" owner="BuiltIn">
<kw name="Should Be True" owner="BuiltIn">
<arg>${True}</arg>
<doc>Fails if the given condition is not true.</doc>
<status status="PASS" start="2024-07-02T01:06:39.386521" elapsed="0.000238"/>
</kw>
<arg>${json_data["results"][0]["location"]["coordinates"]["longitude"]} &gt;= -180 and ${json_data["results"][0]["location"]["coordinates"]["longitude"]} &lt;= 180</arg>
<arg>Should Be True</arg>
<arg>${True}</arg>
<doc>Runs the given keyword with the given arguments, if ``condition`` is true.</doc>
<status status="PASS" start="2024-07-02T01:06:39.385828" elapsed="0.001060"/>
</kw>
<status status="PASS" start="2024-07-02T01:06:39.291377" elapsed="0.095644"/>
</kw>
<doc>Testa o conteúdo específico dos campos retornados pela API.</doc>
<tag>testeConteudo</tag>
<status status="PASS" start="2024-07-02T01:06:39.290853" elapsed="0.096319"/>
</test>
<status status="PASS" start="2024-07-02T01:06:38.438921" elapsed="0.950278"/>
</suite>
<status status="PASS" start="2024-07-02T01:06:38.424725" elapsed="0.969540"/>
</suite>
<statistics>
<total>
<stat pass="5" fail="0" skip="0">All Tests</stat>
</total>
<tag>
<stat pass="1" fail="0" skip="0">testeConteudo</stat>
<stat pass="1" fail="0" skip="0">testeEstruturaResposta</stat>
<stat pass="1" fail="0" skip="0">testeRequisicaoBasica</stat>
<stat pass="1" fail="0" skip="0">testeTiposDados</stat>
</tag>
<suite>
<stat pass="5" fail="0" skip="0" id="s1" name="Tests">Tests</stat>
<stat pass="5" fail="0" skip="0" id="s1-s1" name="Random-User-Test">Tests.Random-User-Test</stat>
</suite>
</statistics>
<errors>
</errors>
</robot>
