<?xml version="1.0" encoding="UTF-8"?>
<robot generator="Robot 7.0 (Python 3.12.2 on linux)" generated="2024-03-22T14:13:36.025444" rpa="false" schemaversion="5">
<suite id="s1" name="Tests" source="/home/runner/work/DesafioQAItauRogerioJordao/DesafioQAItauRogerioJordao/RamdonUser/tests">
<suite id="s1-s1" name="Random-User-Test" source="/home/runner/work/DesafioQAItauRogerioJordao/DesafioQAItauRogerioJordao/RamdonUser/tests/random-user-test.robot">
<test id="s1-s1-t1" name="Conectar" line="13">
<kw name="Conectar API" owner="random-user-service">
<kw name="Create Session" owner="RequestsLibrary">
<msg time="2024-03-22T14:13:36.425427" level="INFO">Creating Session using : alias=consultarAPI, url=https://randomuser.me/, headers={},                     cookies={}, auth=None, timeout=None, proxies=None, verify=False,                     debug=0 </msg>
<arg>consultarAPI</arg>
<arg>${URL}</arg>
<doc>Create Session: create a HTTP session to a server</doc>
<status status="PASS" start="2024-03-22T14:13:36.425151" elapsed="0.000510"/>
</kw>
<status status="PASS" start="2024-03-22T14:13:36.423844" elapsed="0.002178"/>
</kw>
<status status="PASS" start="2024-03-22T14:13:36.423232" elapsed="0.002995"/>
</test>
<test id="s1-s1-t2" name="Validar retorno 200 e JSON Válido" line="16">
<kw name="Teste de Requisicao Basica" owner="random-user-service">
<kw name="GET On Session" owner="RequestsLibrary">
<msg time="2024-03-22T14:13:36.514549" level="INFO">GET Request : url=https://randomuser.me/api 
 path_url=/api 
 headers={'User-Agent': 'python-requests/2.31.0', 'Accept-Encoding': 'gzip, deflate', 'Accept': '*/*', 'Connection': 'keep-alive'} 
 body=None 
 </msg>
<msg time="2024-03-22T14:13:36.514713" level="INFO">GET Response : url=https://randomuser.me/api 
 status=200, reason=OK 
 headers={'Date': 'Fri, 22 Mar 2024 14:13:36 GMT', 'Content-Type': 'application/json; charset=utf-8', 'Transfer-Encoding': 'chunked', 'Connection': 'keep-alive', 'X-Powered-By': 'Express', 'Access-Control-Allow-Origin': '*', 'Cache-Control': 'no-cache', 'ETag': 'W/"4a0-vcCLz+LJWEkIhvWxhIrYHJwC+ZE"', 'Vary': 'Accept-Encoding', 'Content-Encoding': 'gzip', 'CF-Cache-Status': 'DYNAMIC', 'Report-To': '{"endpoints":[{"url":"https:\\/\\/a.nel.cloudflare.com\\/report\\/v4?s=4oO%2B5kSYDEb89ixOaBzibYKowaImAKgRjOEDX3Mfvp3zjZl2d6vT8S2zItdTzA3MjLfdV6bF27ljzilCvq99xZPo5NUCmMZJyebpn6L829J%2BtM93u9AExymKbg99rgS9"}],"group":"cf-nel","max_age":604800}', 'NEL': '{"success_fraction":0,"report_to":"cf-nel","max_age":604800}', 'Server': 'cloudflare', 'CF-RAY': '8686c886eb79297a-ORD', 'alt-svc': 'h3=":443"; ma=86400'} 
 body={"results":[{"gender":"female","name":{"title":"Ms","first":"Chloe","last":"Van Hedel"},"location":{"street":{"number":7022,"name":"Kraagweg"},"city":"Ameland","state":"Gelderland","country":"Netherlands","postcode":"7601 YU","coordinates":{"latitude":"34.0505","longitude":"119.5244"},"timezone":{"offset":"-5:00","description":"Eastern Time (US &amp; Canada), Bogota, Lima"}},"email":"chloe.vanhedel@example.com","login":{"uuid":"2df3bf04-3377-4fdf-99ef-c50eee80d819","username":"yellowsnake410","password":"terefon","salt":"nCD9Z7MM","md5":"ca465e657b9d3ba08e141c46b0dda1c0","sha1":"272a9b2562aa49c5e7a3005ec5bd554a29cd9aa6","sha256":"be1e107559c9980d112ee8fe1b934b7132bc8ca00d1c183c2607d266ddc18bec"},"dob":{"date":"1944-11-11T00:53:15.685Z","age":79},"registered":{"date":"2020-09-25T08:42:14.978Z","age":3},"phone":"(085) 0850546","cell":"(06) 68867669","id":{"name":"BSN","value":"06493622"},"picture":{"large":"https://randomuser.me/api/portraits/women/85.jpg","medium":"https://randomuser.me/api/portraits/med/women/85.jpg","thumbnail":"https://randomuser.me/api/portraits/thumb/women/85.jpg"},"nat":"NL"}],"info":{"seed":"d9c91882bcbfc824","results":1,"page":1,"version":"1.4"}} 
 </msg>
<msg time="2024-03-22T14:13:36.514911" level="INFO">/opt/hostedtoolcache/Python/3.12.2/x64/lib/python3.12/site-packages/urllib3/connectionpool.py:1103: InsecureRequestWarning: Unverified HTTPS request is being made to host 'randomuser.me'. Adding certificate verification is strongly advised. See: https://urllib3.readthedocs.io/en/latest/advanced-usage.html#tls-warnings
  warnings.warn(</msg>
<msg time="2024-03-22T14:13:36.515110" level="INFO">${response} = &lt;Response [200]&gt;</msg>
<var>${response}</var>
<arg>consultarAPI</arg>
<arg>/api</arg>
<doc>Sends a GET request on a previously created HTTP Session.</doc>
<status status="PASS" start="2024-03-22T14:13:36.428935" elapsed="0.086217"/>
</kw>
<kw name="Should Be Equal As Numbers" owner="BuiltIn">
<msg time="2024-03-22T14:13:36.516185" level="INFO">Argument types are:
&lt;class 'int'&gt;
&lt;class 'str'&gt;</msg>
<arg>${response.status_code}</arg>
<arg>200</arg>
<doc>Fails if objects are unequal after converting them to real numbers.</doc>
<status status="PASS" start="2024-03-22T14:13:36.515681" elapsed="0.000567"/>
</kw>
<kw name="Log" owner="BuiltIn">
<msg time="2024-03-22T14:13:36.516936" level="INFO">200</msg>
<arg>${response.status_code}</arg>
<doc>Logs the given message with the given level.</doc>
<status status="PASS" start="2024-03-22T14:13:36.516574" elapsed="0.000406"/>
</kw>
<kw name="Set Variable" owner="BuiltIn">
<msg time="2024-03-22T14:13:36.517736" level="INFO">${json_data} = {'results': [{'gender': 'female', 'name': {'title': 'Ms', 'first': 'Chloe', 'last': 'Van Hedel'}, 'location': {'street': {'number': 7022, 'name': 'Kraagweg'}, 'city': 'Ameland', 'state': 'Gelderland',...</msg>
<var>${json_data}</var>
<arg>${response.json()}</arg>
<doc>Returns the given values which can then be assigned to a variables.</doc>
<status status="PASS" start="2024-03-22T14:13:36.517298" elapsed="0.000466"/>
</kw>
<kw name="Dictionary Should Contain Key" owner="Collections">
<msg time="2024-03-22T14:13:36.518229" level="INFO">False</msg>
<arg>${json_data}</arg>
<arg>results</arg>
<doc>Fails if ``key`` is not found from ``dictionary``.</doc>
<status status="PASS" start="2024-03-22T14:13:36.518064" elapsed="0.000203"/>
</kw>
<status status="PASS" start="2024-03-22T14:13:36.428683" elapsed="0.089837"/>
</kw>
<doc>Testa se a API responde corretamente e retorna um objeto JSON válido.</doc>
<tag>testeRequisicaoBasica</tag>
<status status="PASS" start="2024-03-22T14:13:36.428150" elapsed="0.090542"/>
</test>
<test id="s1-s1-t3" name="Validar estrutura de resposta" line="22">
<kw name="Teste de Estrutura de Resposta" owner="random-user-service">
<kw name="GET On Session" owner="RequestsLibrary">
<msg time="2024-03-22T14:13:36.610370" level="INFO">GET Request : url=https://randomuser.me/api 
 path_url=/api 
 headers={'User-Agent': 'python-requests/2.31.0', 'Accept-Encoding': 'gzip, deflate', 'Accept': '*/*', 'Connection': 'keep-alive'} 
 body=None 
 </msg>
<msg time="2024-03-22T14:13:36.610436" level="INFO">GET Response : url=https://randomuser.me/api 
 status=200, reason=OK 
 headers={'Date': 'Fri, 22 Mar 2024 14:13:36 GMT', 'Content-Type': 'application/json; charset=utf-8', 'Transfer-Encoding': 'chunked', 'Connection': 'keep-alive', 'X-Powered-By': 'Express', 'Access-Control-Allow-Origin': '*', 'Cache-Control': 'no-cache', 'ETag': 'W/"485-Oj5s/nwPM46HTLHhuh14EL8qGp4"', 'Vary': 'Accept-Encoding', 'Content-Encoding': 'gzip', 'CF-Cache-Status': 'DYNAMIC', 'Report-To': '{"endpoints":[{"url":"https:\\/\\/a.nel.cloudflare.com\\/report\\/v4?s=BFkObIraVwCJJu6PwDlnfMXM4Q%2FjXmbEameFxzSoX1vAdj7vlOkrs38GWW3OHAwoVUTUGrb%2BgGMJtNgz%2FvBEIIcsXNKemZvcwugPmhcdMZdNxtJZM2PncFEbPzoNnnSr"}],"group":"cf-nel","max_age":604800}', 'NEL': '{"success_fraction":0,"report_to":"cf-nel","max_age":604800}', 'Server': 'cloudflare', 'CF-RAY': '8686c8874bc4297a-ORD', 'alt-svc': 'h3=":443"; ma=86400'} 
 body={"results":[{"gender":"female","name":{"title":"Miss","first":"آیلین","last":"کوتی"},"location":{"street":{"number":5052,"name":"دماوند"},"city":"ملارد","state":"خراسان جنوبی","country":"Iran","postcode":83696,"coordinates":{"latitude":"15.7592","longitude":"13.1939"},"timezone":{"offset":"+9:30","description":"Adelaide, Darwin"}},"email":"aylyn.khwty@example.com","login":{"uuid":"2e2e84c4-d261-4adc-ab41-08d927daeee1","username":"bigbear575","password":"dallas1","salt":"jxeO2XNU","md5":"0ef8ff3aea864570f0f9ba3450cb910c","sha1":"94d29d2736ca0522fd8327fca7dfbd43068e7737","sha256":"dc2d360dbeba9e9323d0fd880dba724a06b12d95f51eeb569b50a8c83839cf7b"},"dob":{"date":"1994-01-13T22:50:52.255Z","age":30},"registered":{"date":"2014-10-12T18:47:22.476Z","age":9},"phone":"048-68980861","cell":"0949-823-1792","id":{"name":"","value":null},"picture":{"large":"https://randomuser.me/api/portraits/women/12.jpg","medium":"https://randomuser.me/api/portraits/med/women/12.jpg","thumbnail":"https://randomuser.me/api/portraits/thumb/women/12.jpg"},"nat":"IR"}],"info":{"seed":"7f8a427e619e38d6","results":1,"page":1,"version":"1.4"}} 
 </msg>
<msg time="2024-03-22T14:13:36.610540" level="INFO">/opt/hostedtoolcache/Python/3.12.2/x64/lib/python3.12/site-packages/urllib3/connectionpool.py:1103: InsecureRequestWarning: Unverified HTTPS request is being made to host 'randomuser.me'. Adding certificate verification is strongly advised. See: https://urllib3.readthedocs.io/en/latest/advanced-usage.html#tls-warnings
  warnings.warn(</msg>
<msg time="2024-03-22T14:13:36.610636" level="INFO">${response} = &lt;Response [200]&gt;</msg>
<var>${response}</var>
<arg>consultarAPI</arg>
<arg>/api</arg>
<doc>Sends a GET request on a previously created HTTP Session.</doc>
<status status="PASS" start="2024-03-22T14:13:36.521503" elapsed="0.089174"/>
</kw>
<kw name="Set Variable" owner="BuiltIn">
<msg time="2024-03-22T14:13:36.611758" level="INFO">${json_data} = {'results': [{'gender': 'female', 'name': {'title': 'Miss', 'first': 'آیلین', 'last': 'کوتی'}, 'location': {'street': {'number': 5052, 'name': 'دماوند'}, 'city': 'ملارد', 'state': 'خراسان جنوبی', 'cou...</msg>
<var>${json_data}</var>
<arg>${response.json()}</arg>
<doc>Returns the given values which can then be assigned to a variables.</doc>
<status status="PASS" start="2024-03-22T14:13:36.611141" elapsed="0.000648"/>
</kw>
<kw name="Log" owner="BuiltIn">
<msg time="2024-03-22T14:13:36.612269" level="INFO">{'results': [{'gender': 'female', 'name': {'title': 'Miss', 'first': 'آیلین', 'last': 'کوتی'}, 'location': {'street': {'number': 5052, 'name': 'دماوند'}, 'city': 'ملارد', 'state': 'خراسان جنوبی', 'country': 'Iran', 'postcode': 83696, 'coordinates': {'latitude': '15.7592', 'longitude': '13.1939'}, 'timezone': {'offset': '+9:30', 'description': 'Adelaide, Darwin'}}, 'email': 'aylyn.khwty@example.com', 'login': {'uuid': '2e2e84c4-d261-4adc-ab41-08d927daeee1', 'username': 'bigbear575', 'password': 'dallas1', 'salt': 'jxeO2XNU', 'md5': '0ef8ff3aea864570f0f9ba3450cb910c', 'sha1': '94d29d2736ca0522fd8327fca7dfbd43068e7737', 'sha256': 'dc2d360dbeba9e9323d0fd880dba724a06b12d95f51eeb569b50a8c83839cf7b'}, 'dob': {'date': '1994-01-13T22:50:52.255Z', 'age': 30}, 'registered': {'date': '2014-10-12T18:47:22.476Z', 'age': 9}, 'phone': '048-68980861', 'cell': '0949-823-1792', 'id': {'name': '', 'value': None}, 'picture': {'large': 'https://randomuser.me/api/portraits/women/12.jpg', 'medium': 'https://randomuser.me/api/portraits/med/women/12.jpg', 'thumbnail': 'https://randomuser.me/api/portraits/thumb/women/12.jpg'}, 'nat': 'IR'}], 'info': {'seed': '7f8a427e619e38d6', 'results': 1, 'page': 1, 'version': '1.4'}}</msg>
<arg>${json_data}</arg>
<doc>Logs the given message with the given level.</doc>
<status status="PASS" start="2024-03-22T14:13:36.612106" elapsed="0.000214"/>
</kw>
<kw name="Dictionary Should Contain Key" owner="Collections">
<msg time="2024-03-22T14:13:36.612780" level="INFO">False</msg>
<arg>${json_data}</arg>
<arg>results</arg>
<doc>Fails if ``key`` is not found from ``dictionary``.</doc>
<status status="PASS" start="2024-03-22T14:13:36.612628" elapsed="0.000190"/>
</kw>
<kw name="Should Not Be Empty" owner="BuiltIn">
<msg time="2024-03-22T14:13:36.613254" level="INFO">Length is 2.</msg>
<arg>${json_data}</arg>
<doc>Verifies that the given item is not empty.</doc>
<status status="PASS" start="2024-03-22T14:13:36.613121" elapsed="0.000178"/>
</kw>
<kw name="Create List" owner="BuiltIn">
<msg time="2024-03-22T14:13:36.613754" level="INFO">${expected_keys} = ['gender', 'name', 'location', 'email', 'login']</msg>
<var>${expected_keys}</var>
<arg>gender</arg>
<arg>name</arg>
<arg>location</arg>
<arg>email</arg>
<arg>login</arg>
<doc>Returns a list containing given items.</doc>
<status status="PASS" start="2024-03-22T14:13:36.613592" elapsed="0.000186"/>
</kw>
<for flavor="IN">
<iter>
<kw name="Dictionary Should Contain Key" owner="Collections">
<msg time="2024-03-22T14:13:36.614744" level="INFO">False</msg>
<arg>${json_data['results'][0]}</arg>
<arg>${key}</arg>
<doc>Fails if ``key`` is not found from ``dictionary``.</doc>
<status status="PASS" start="2024-03-22T14:13:36.614337" elapsed="0.000447"/>
</kw>
<kw name="Log" owner="BuiltIn">
<msg time="2024-03-22T14:13:36.615473" level="INFO">{'gender': 'female', 'name': {'title': 'Miss', 'first': 'آیلین', 'last': 'کوتی'}, 'location': {'street': {'number': 5052, 'name': 'دماوند'}, 'city': 'ملارد', 'state': 'خراسان جنوبی', 'country': 'Iran', 'postcode': 83696, 'coordinates': {'latitude': '15.7592', 'longitude': '13.1939'}, 'timezone': {'offset': '+9:30', 'description': 'Adelaide, Darwin'}}, 'email': 'aylyn.khwty@example.com', 'login': {'uuid': '2e2e84c4-d261-4adc-ab41-08d927daeee1', 'username': 'bigbear575', 'password': 'dallas1', 'salt': 'jxeO2XNU', 'md5': '0ef8ff3aea864570f0f9ba3450cb910c', 'sha1': '94d29d2736ca0522fd8327fca7dfbd43068e7737', 'sha256': 'dc2d360dbeba9e9323d0fd880dba724a06b12d95f51eeb569b50a8c83839cf7b'}, 'dob': {'date': '1994-01-13T22:50:52.255Z', 'age': 30}, 'registered': {'date': '2014-10-12T18:47:22.476Z', 'age': 9}, 'phone': '048-68980861', 'cell': '0949-823-1792', 'id': {'name': '', 'value': None}, 'picture': {'large': 'https://randomuser.me/api/portraits/women/12.jpg', 'medium': 'https://randomuser.me/api/portraits/med/women/12.jpg', 'thumbnail': 'https://randomuser.me/api/portraits/thumb/women/12.jpg'}, 'nat': 'IR'}</msg>
<arg>${json_data['results'][0]}</arg>
<doc>Logs the given message with the given level.</doc>
<status status="PASS" start="2024-03-22T14:13:36.615094" elapsed="0.000436"/>
</kw>
<kw name="Log" owner="BuiltIn">
<msg time="2024-03-22T14:13:36.616018" level="INFO">gender</msg>
<arg>${key}</arg>
<doc>Logs the given message with the given level.</doc>
<status status="PASS" start="2024-03-22T14:13:36.615883" elapsed="0.000176"/>
</kw>
<var name="${key}">gender</var>
<status status="PASS" start="2024-03-22T14:13:36.614213" elapsed="0.002068"/>
</iter>
<iter>
<kw name="Dictionary Should Contain Key" owner="Collections">
<msg time="2024-03-22T14:13:36.616971" level="INFO">False</msg>
<arg>${json_data['results'][0]}</arg>
<arg>${key}</arg>
<doc>Fails if ``key`` is not found from ``dictionary``.</doc>
<status status="PASS" start="2024-03-22T14:13:36.616588" elapsed="0.000421"/>
</kw>
<kw name="Log" owner="BuiltIn">
<msg time="2024-03-22T14:13:36.617718" level="INFO">{'gender': 'female', 'name': {'title': 'Miss', 'first': 'آیلین', 'last': 'کوتی'}, 'location': {'street': {'number': 5052, 'name': 'دماوند'}, 'city': 'ملارد', 'state': 'خراسان جنوبی', 'country': 'Iran', 'postcode': 83696, 'coordinates': {'latitude': '15.7592', 'longitude': '13.1939'}, 'timezone': {'offset': '+9:30', 'description': 'Adelaide, Darwin'}}, 'email': 'aylyn.khwty@example.com', 'login': {'uuid': '2e2e84c4-d261-4adc-ab41-08d927daeee1', 'username': 'bigbear575', 'password': 'dallas1', 'salt': 'jxeO2XNU', 'md5': '0ef8ff3aea864570f0f9ba3450cb910c', 'sha1': '94d29d2736ca0522fd8327fca7dfbd43068e7737', 'sha256': 'dc2d360dbeba9e9323d0fd880dba724a06b12d95f51eeb569b50a8c83839cf7b'}, 'dob': {'date': '1994-01-13T22:50:52.255Z', 'age': 30}, 'registered': {'date': '2014-10-12T18:47:22.476Z', 'age': 9}, 'phone': '048-68980861', 'cell': '0949-823-1792', 'id': {'name': '', 'value': None}, 'picture': {'large': 'https://randomuser.me/api/portraits/women/12.jpg', 'medium': 'https://randomuser.me/api/portraits/med/women/12.jpg', 'thumbnail': 'https://randomuser.me/api/portraits/thumb/women/12.jpg'}, 'nat': 'IR'}</msg>
<arg>${json_data['results'][0]}</arg>
<doc>Logs the given message with the given level.</doc>
<status status="PASS" start="2024-03-22T14:13:36.617348" elapsed="0.000422"/>
</kw>
<kw name="Log" owner="BuiltIn">
<msg time="2024-03-22T14:13:36.618205" level="INFO">name</msg>
<arg>${key}</arg>
<doc>Logs the given message with the given level.</doc>
<status status="PASS" start="2024-03-22T14:13:36.618076" elapsed="0.000169"/>
</kw>
<var name="${key}">name</var>
<status status="PASS" start="2024-03-22T14:13:36.616472" elapsed="0.001991"/>
</iter>
<iter>
<kw name="Dictionary Should Contain Key" owner="Collections">
<msg time="2024-03-22T14:13:36.619138" level="INFO">False</msg>
<arg>${json_data['results'][0]}</arg>
<arg>${key}</arg>
<doc>Fails if ``key`` is not found from ``dictionary``.</doc>
<status status="PASS" start="2024-03-22T14:13:36.618757" elapsed="0.000419"/>
</kw>
<kw name="Log" owner="BuiltIn">
<msg time="2024-03-22T14:13:36.619887" level="INFO">{'gender': 'female', 'name': {'title': 'Miss', 'first': 'آیلین', 'last': 'کوتی'}, 'location': {'street': {'number': 5052, 'name': 'دماوند'}, 'city': 'ملارد', 'state': 'خراسان جنوبی', 'country': 'Iran', 'postcode': 83696, 'coordinates': {'latitude': '15.7592', 'longitude': '13.1939'}, 'timezone': {'offset': '+9:30', 'description': 'Adelaide, Darwin'}}, 'email': 'aylyn.khwty@example.com', 'login': {'uuid': '2e2e84c4-d261-4adc-ab41-08d927daeee1', 'username': 'bigbear575', 'password': 'dallas1', 'salt': 'jxeO2XNU', 'md5': '0ef8ff3aea864570f0f9ba3450cb910c', 'sha1': '94d29d2736ca0522fd8327fca7dfbd43068e7737', 'sha256': 'dc2d360dbeba9e9323d0fd880dba724a06b12d95f51eeb569b50a8c83839cf7b'}, 'dob': {'date': '1994-01-13T22:50:52.255Z', 'age': 30}, 'registered': {'date': '2014-10-12T18:47:22.476Z', 'age': 9}, 'phone': '048-68980861', 'cell': '0949-823-1792', 'id': {'name': '', 'value': None}, 'picture': {'large': 'https://randomuser.me/api/portraits/women/12.jpg', 'medium': 'https://randomuser.me/api/portraits/med/women/12.jpg', 'thumbnail': 'https://randomuser.me/api/portraits/thumb/women/12.jpg'}, 'nat': 'IR'}</msg>
<arg>${json_data['results'][0]}</arg>
<doc>Logs the given message with the given level.</doc>
<status status="PASS" start="2024-03-22T14:13:36.619480" elapsed="0.000464"/>
</kw>
<kw name="Log" owner="BuiltIn">
<msg time="2024-03-22T14:13:36.620378" level="INFO">location</msg>
<arg>${key}</arg>
<doc>Logs the given message with the given level.</doc>
<status status="PASS" start="2024-03-22T14:13:36.620249" elapsed="0.000176"/>
</kw>
<var name="${key}">location</var>
<status status="PASS" start="2024-03-22T14:13:36.618645" elapsed="0.001996"/>
</iter>
<iter>
<kw name="Dictionary Should Contain Key" owner="Collections">
<msg time="2024-03-22T14:13:36.621309" level="INFO">False</msg>
<arg>${json_data['results'][0]}</arg>
<arg>${key}</arg>
<doc>Fails if ``key`` is not found from ``dictionary``.</doc>
<status status="PASS" start="2024-03-22T14:13:36.620928" elapsed="0.000419"/>
</kw>
<kw name="Log" owner="BuiltIn">
<msg time="2024-03-22T14:13:36.622004" level="INFO">{'gender': 'female', 'name': {'title': 'Miss', 'first': 'آیلین', 'last': 'کوتی'}, 'location': {'street': {'number': 5052, 'name': 'دماوند'}, 'city': 'ملارد', 'state': 'خراسان جنوبی', 'country': 'Iran', 'postcode': 83696, 'coordinates': {'latitude': '15.7592', 'longitude': '13.1939'}, 'timezone': {'offset': '+9:30', 'description': 'Adelaide, Darwin'}}, 'email': 'aylyn.khwty@example.com', 'login': {'uuid': '2e2e84c4-d261-4adc-ab41-08d927daeee1', 'username': 'bigbear575', 'password': 'dallas1', 'salt': 'jxeO2XNU', 'md5': '0ef8ff3aea864570f0f9ba3450cb910c', 'sha1': '94d29d2736ca0522fd8327fca7dfbd43068e7737', 'sha256': 'dc2d360dbeba9e9323d0fd880dba724a06b12d95f51eeb569b50a8c83839cf7b'}, 'dob': {'date': '1994-01-13T22:50:52.255Z', 'age': 30}, 'registered': {'date': '2014-10-12T18:47:22.476Z', 'age': 9}, 'phone': '048-68980861', 'cell': '0949-823-1792', 'id': {'name': '', 'value': None}, 'picture': {'large': 'https://randomuser.me/api/portraits/women/12.jpg', 'medium': 'https://randomuser.me/api/portraits/med/women/12.jpg', 'thumbnail': 'https://randomuser.me/api/portraits/thumb/women/12.jpg'}, 'nat': 'IR'}</msg>
<arg>${json_data['results'][0]}</arg>
<doc>Logs the given message with the given level.</doc>
<status status="PASS" start="2024-03-22T14:13:36.621647" elapsed="0.000408"/>
</kw>
<kw name="Log" owner="BuiltIn">
<msg time="2024-03-22T14:13:36.622477" level="INFO">email</msg>
<arg>${key}</arg>
<doc>Logs the given message with the given level.</doc>
<status status="PASS" start="2024-03-22T14:13:36.622348" elapsed="0.000168"/>
</kw>
<var name="${key}">email</var>
<status status="PASS" start="2024-03-22T14:13:36.620818" elapsed="0.001913"/>
</iter>
<iter>
<kw name="Dictionary Should Contain Key" owner="Collections">
<msg time="2024-03-22T14:13:36.623415" level="INFO">False</msg>
<arg>${json_data['results'][0]}</arg>
<arg>${key}</arg>
<doc>Fails if ``key`` is not found from ``dictionary``.</doc>
<status status="PASS" start="2024-03-22T14:13:36.623026" elapsed="0.000427"/>
</kw>
<kw name="Log" owner="BuiltIn">
<msg time="2024-03-22T14:13:36.624155" level="INFO">{'gender': 'female', 'name': {'title': 'Miss', 'first': 'آیلین', 'last': 'کوتی'}, 'location': {'street': {'number': 5052, 'name': 'دماوند'}, 'city': 'ملارد', 'state': 'خراسان جنوبی', 'country': 'Iran', 'postcode': 83696, 'coordinates': {'latitude': '15.7592', 'longitude': '13.1939'}, 'timezone': {'offset': '+9:30', 'description': 'Adelaide, Darwin'}}, 'email': 'aylyn.khwty@example.com', 'login': {'uuid': '2e2e84c4-d261-4adc-ab41-08d927daeee1', 'username': 'bigbear575', 'password': 'dallas1', 'salt': 'jxeO2XNU', 'md5': '0ef8ff3aea864570f0f9ba3450cb910c', 'sha1': '94d29d2736ca0522fd8327fca7dfbd43068e7737', 'sha256': 'dc2d360dbeba9e9323d0fd880dba724a06b12d95f51eeb569b50a8c83839cf7b'}, 'dob': {'date': '1994-01-13T22:50:52.255Z', 'age': 30}, 'registered': {'date': '2014-10-12T18:47:22.476Z', 'age': 9}, 'phone': '048-68980861', 'cell': '0949-823-1792', 'id': {'name': '', 'value': None}, 'picture': {'large': 'https://randomuser.me/api/portraits/women/12.jpg', 'medium': 'https://randomuser.me/api/portraits/med/women/12.jpg', 'thumbnail': 'https://randomuser.me/api/portraits/thumb/women/12.jpg'}, 'nat': 'IR'}</msg>
<arg>${json_data['results'][0]}</arg>
<doc>Logs the given message with the given level.</doc>
<status status="PASS" start="2024-03-22T14:13:36.623776" elapsed="0.000430"/>
</kw>
<kw name="Log" owner="BuiltIn">
<msg time="2024-03-22T14:13:36.624635" level="INFO">login</msg>
<arg>${key}</arg>
<doc>Logs the given message with the given level.</doc>
<status status="PASS" start="2024-03-22T14:13:36.624505" elapsed="0.000280"/>
</kw>
<var name="${key}">login</var>
<status status="PASS" start="2024-03-22T14:13:36.622907" elapsed="0.002103"/>
</iter>
<var>${key}</var>
<value>@{expected_keys}</value>
<status status="PASS" start="2024-03-22T14:13:36.614037" elapsed="0.011125"/>
</for>
<kw name="Create List" owner="BuiltIn">
<msg time="2024-03-22T14:13:36.625502" level="INFO">${expected_keysTwo} = ['username', 'password']</msg>
<var>${expected_keysTwo}</var>
<arg>username</arg>
<arg>password</arg>
<doc>Returns a list containing given items.</doc>
<status status="PASS" start="2024-03-22T14:13:36.625363" elapsed="0.000163"/>
</kw>
<for flavor="IN">
<iter>
<kw name="Dictionary Should Contain Key" owner="Collections">
<msg time="2024-03-22T14:13:36.626428" level="INFO">False</msg>
<arg>${json_data['results'][0]['login']}</arg>
<arg>${keyTwo}</arg>
<doc>Fails if ``key`` is not found from ``dictionary``.</doc>
<status status="PASS" start="2024-03-22T14:13:36.626044" elapsed="0.000422"/>
</kw>
<kw name="Dictionary Should Contain Key" owner="Collections">
<msg time="2024-03-22T14:13:36.627142" level="INFO">False</msg>
<arg>${json_data['results'][0]['login']}</arg>
<arg>${keyTwo}</arg>
<doc>Fails if ``key`` is not found from ``dictionary``.</doc>
<status status="PASS" start="2024-03-22T14:13:36.626761" elapsed="0.000418"/>
</kw>
<kw name="Log" owner="BuiltIn">
<msg time="2024-03-22T14:13:36.627625" level="INFO">username</msg>
<arg>${keyTwo}</arg>
<doc>Logs the given message with the given level.</doc>
<status status="PASS" start="2024-03-22T14:13:36.627475" elapsed="0.000189"/>
</kw>
<var name="${keyTwo}">username</var>
<status status="PASS" start="2024-03-22T14:13:36.625933" elapsed="0.001956"/>
</iter>
<iter>
<kw name="Dictionary Should Contain Key" owner="Collections">
<msg time="2024-03-22T14:13:36.628553" level="INFO">False</msg>
<arg>${json_data['results'][0]['login']}</arg>
<arg>${keyTwo}</arg>
<doc>Fails if ``key`` is not found from ``dictionary``.</doc>
<status status="PASS" start="2024-03-22T14:13:36.628175" elapsed="0.000416"/>
</kw>
<kw name="Dictionary Should Contain Key" owner="Collections">
<msg time="2024-03-22T14:13:36.629270" level="INFO">False</msg>
<arg>${json_data['results'][0]['login']}</arg>
<arg>${keyTwo}</arg>
<doc>Fails if ``key`` is not found from ``dictionary``.</doc>
<status status="PASS" start="2024-03-22T14:13:36.628883" elapsed="0.000425"/>
</kw>
<kw name="Log" owner="BuiltIn">
<msg time="2024-03-22T14:13:36.629729" level="INFO">password</msg>
<arg>${keyTwo}</arg>
<doc>Logs the given message with the given level.</doc>
<status status="PASS" start="2024-03-22T14:13:36.629600" elapsed="0.000167"/>
</kw>
<var name="${keyTwo}">password</var>
<status status="PASS" start="2024-03-22T14:13:36.628064" elapsed="0.001923"/>
</iter>
<var>${keyTwo}</var>
<value>@{expected_keysTwo}</value>
<status status="PASS" start="2024-03-22T14:13:36.625770" elapsed="0.004338"/>
</for>
<status status="PASS" start="2024-03-22T14:13:36.521269" elapsed="0.108979"/>
</kw>
<doc>Testa a estrutura da resposta da API.</doc>
<tag>testeEstruturaResposta</tag>
<status status="PASS" start="2024-03-22T14:13:36.520545" elapsed="0.109857"/>
</test>
<test id="s1-s1-t4" name="Validar tipos de dados" line="28">
<kw name="Teste de Tipos de Dados" owner="random-user-service">
<kw name="GET On Session" owner="RequestsLibrary">
<msg time="2024-03-22T14:13:36.724304" level="INFO">GET Request : url=https://randomuser.me/api 
 path_url=/api 
 headers={'User-Agent': 'python-requests/2.31.0', 'Accept-Encoding': 'gzip, deflate', 'Accept': '*/*', 'Connection': 'keep-alive'} 
 body=None 
 </msg>
<msg time="2024-03-22T14:13:36.724386" level="INFO">GET Response : url=https://randomuser.me/api 
 status=200, reason=OK 
 headers={'Date': 'Fri, 22 Mar 2024 14:13:36 GMT', 'Content-Type': 'application/json; charset=utf-8', 'Transfer-Encoding': 'chunked', 'Connection': 'keep-alive', 'X-Powered-By': 'Express', 'Access-Control-Allow-Origin': '*', 'Cache-Control': 'no-cache', 'ETag': 'W/"4aa-KUYmC452eISlJcFSHqtjgHJZLAI"', 'Vary': 'Accept-Encoding', 'Content-Encoding': 'gzip', 'CF-Cache-Status': 'DYNAMIC', 'Report-To': '{"endpoints":[{"url":"https:\\/\\/a.nel.cloudflare.com\\/report\\/v4?s=AUMcTrGGvnBMOyFaxsAPDQ1UrS9ksL3Dx9xf4FhcS5Pb9XCGmprhZA87dnpVzk3AMm%2FckCN%2B5J6%2FPR3jvIt9UpLrbkPfwjxyVYaXr4aXG2Y9Hi5qbveCPxCJnuJJJoef"}],"group":"cf-nel","max_age":604800}', 'NEL': '{"success_fraction":0,"report_to":"cf-nel","max_age":604800}', 'Server': 'cloudflare', 'CF-RAY': '8686c887fcac297a-ORD', 'alt-svc': 'h3=":443"; ma=86400'} 
 body={"results":[{"gender":"female","name":{"title":"Ms","first":"Debbie","last":"Morrison"},"location":{"street":{"number":1041,"name":"Main Street"},"city":"Oxford","state":"West Sussex","country":"United Kingdom","postcode":"KX2Q 7WR","coordinates":{"latitude":"-11.3286","longitude":"45.1308"},"timezone":{"offset":"+9:00","description":"Tokyo, Seoul, Osaka, Sapporo, Yakutsk"}},"email":"debbie.morrison@example.com","login":{"uuid":"4ade16af-4736-4a6b-b050-36782a7d201d","username":"angryelephant488","password":"eight","salt":"CnxQxUCc","md5":"139cbd3df989ed0369993a59c5828410","sha1":"5f2ac54c378d0a849c9edd59debb9ec7727c7032","sha256":"25807ab968149b8648608fd4bf54a530a5c5152618a440703c4c02814a4f0d8b"},"dob":{"date":"1970-06-29T13:17:37.959Z","age":53},"registered":{"date":"2013-04-25T02:49:14.085Z","age":10},"phone":"019467 22264","cell":"07089 346487","id":{"name":"NINO","value":"NZ 56 98 87 N"},"picture":{"large":"https://randomuser.me/api/portraits/women/14.jpg","medium":"https://randomuser.me/api/portraits/med/women/14.jpg","thumbnail":"https://randomuser.me/api/portraits/thumb/women/14.jpg"},"nat":"GB"}],"info":{"seed":"8f37902e3ced302c","results":1,"page":1,"version":"1.4"}} 
 </msg>
<msg time="2024-03-22T14:13:36.724456" level="INFO">/opt/hostedtoolcache/Python/3.12.2/x64/lib/python3.12/site-packages/urllib3/connectionpool.py:1103: InsecureRequestWarning: Unverified HTTPS request is being made to host 'randomuser.me'. Adding certificate verification is strongly advised. See: https://urllib3.readthedocs.io/en/latest/advanced-usage.html#tls-warnings
  warnings.warn(</msg>
<msg time="2024-03-22T14:13:36.724561" level="INFO">${response} = &lt;Response [200]&gt;</msg>
<var>${response}</var>
<arg>consultarAPI</arg>
<arg>/api</arg>
<doc>Sends a GET request on a previously created HTTP Session.</doc>
<status status="PASS" start="2024-03-22T14:13:36.632911" elapsed="0.091692"/>
</kw>
<kw name="Set Variable" owner="BuiltIn">
<msg time="2024-03-22T14:13:36.725645" level="INFO">${json_data} = {'results': [{'gender': 'female', 'name': {'title': 'Ms', 'first': 'Debbie', 'last': 'Morrison'}, 'location': {'street': {'number': 1041, 'name': 'Main Street'}, 'city': 'Oxford', 'state': 'West Susse...</msg>
<var>${json_data}</var>
<arg>${response.json()}</arg>
<doc>Returns the given values which can then be assigned to a variables.</doc>
<status status="PASS" start="2024-03-22T14:13:36.725059" elapsed="0.000615"/>
</kw>
<kw name="Log" owner="BuiltIn">
<msg time="2024-03-22T14:13:36.726146" level="INFO">{'results': [{'gender': 'female', 'name': {'title': 'Ms', 'first': 'Debbie', 'last': 'Morrison'}, 'location': {'street': {'number': 1041, 'name': 'Main Street'}, 'city': 'Oxford', 'state': 'West Sussex', 'country': 'United Kingdom', 'postcode': 'KX2Q 7WR', 'coordinates': {'latitude': '-11.3286', 'longitude': '45.1308'}, 'timezone': {'offset': '+9:00', 'description': 'Tokyo, Seoul, Osaka, Sapporo, Yakutsk'}}, 'email': 'debbie.morrison@example.com', 'login': {'uuid': '4ade16af-4736-4a6b-b050-36782a7d201d', 'username': 'angryelephant488', 'password': 'eight', 'salt': 'CnxQxUCc', 'md5': '139cbd3df989ed0369993a59c5828410', 'sha1': '5f2ac54c378d0a849c9edd59debb9ec7727c7032', 'sha256': '25807ab968149b8648608fd4bf54a530a5c5152618a440703c4c02814a4f0d8b'}, 'dob': {'date': '1970-06-29T13:17:37.959Z', 'age': 53}, 'registered': {'date': '2013-04-25T02:49:14.085Z', 'age': 10}, 'phone': '019467 22264', 'cell': '07089 346487', 'id': {'name': 'NINO', 'value': 'NZ 56 98 87 N'}, 'picture': {'large': 'https://randomuser.me/api/portraits/women/14.jpg', 'medium': 'https://randomuser.me/api/portraits/med/women/14.jpg', 'thumbnail': 'https://randomuser.me/api/portraits/thumb/women/14.jpg'}, 'nat': 'GB'}], 'info': {'seed': '8f37902e3ced302c', 'results': 1, 'page': 1, 'version': '1.4'}}</msg>
<arg>${json_data}</arg>
<doc>Logs the given message with the given level.</doc>
<status status="PASS" start="2024-03-22T14:13:36.725991" elapsed="0.000234"/>
</kw>
<kw name="Should Be String" owner="String">
<arg>${json_data['results'][0]['gender']}</arg>
<doc>Fails if the given ``item`` is not a string.</doc>
<status status="PASS" start="2024-03-22T14:13:36.726529" elapsed="0.000365"/>
</kw>
<kw name="Should Match Regexp" owner="BuiltIn">
<arg>${json_data['results'][0]['email']}</arg>
<arg>^[a-zA-Z0-9._%+-]+@[a-zA-Z0-9.-]+\.[a-zA-Z]{2,}$</arg>
<doc>Fails if ``string`` does not match ``pattern`` as a regular expression.</doc>
<status status="PASS" start="2024-03-22T14:13:36.727087" elapsed="0.000524"/>
</kw>
<kw name="Should Match Regexp" owner="BuiltIn">
<arg>${json_data['results'][0]['dob']['date']}</arg>
<arg>\\d{4}-\\d{2}-\\d{2}T\\d{2}:\\d{2}:\\d{2}\\.\\d{3}Z</arg>
<doc>Fails if ``string`` does not match ``pattern`` as a regular expression.</doc>
<status status="PASS" start="2024-03-22T14:13:36.727818" elapsed="0.000496"/>
</kw>
<kw name="Should Match Regexp" owner="BuiltIn">
<arg>${json_data['results'][0]['registered']['date']}</arg>
<arg>\\d{4}-\\d{2}-\\d{2}T\\d{2}:\\d{2}:\\d{2}\\.\\d{3}Z</arg>
<doc>Fails if ``string`` does not match ``pattern`` as a regular expression.</doc>
<status status="PASS" start="2024-03-22T14:13:36.728511" elapsed="0.000367"/>
</kw>
<kw name="Should Match Regexp" owner="BuiltIn">
<arg>${json_data['results'][0]['picture']['large']}</arg>
<arg>^https?://.*\.(?:png|jpe?g|gif|bmp)$</arg>
<doc>Fails if ``string`` does not match ``pattern`` as a regular expression.</doc>
<status status="PASS" start="2024-03-22T14:13:36.729069" elapsed="0.000464"/>
</kw>
<kw name="Should Match Regexp" owner="BuiltIn">
<arg>${json_data['results'][0]['picture']['medium']}</arg>
<arg>^https?://.*\.(?:png|jpe?g|gif|bmp)$</arg>
<doc>Fails if ``string`` does not match ``pattern`` as a regular expression.</doc>
<status status="PASS" start="2024-03-22T14:13:36.729724" elapsed="0.000362"/>
</kw>
<kw name="Should Match Regexp" owner="BuiltIn">
<arg>${json_data['results'][0]['picture']['thumbnail']}</arg>
<arg>^https?://.*\.(?:png|jpe?g|gif|bmp)$</arg>
<doc>Fails if ``string`` does not match ``pattern`` as a regular expression.</doc>
<status status="PASS" start="2024-03-22T14:13:36.730272" elapsed="0.000348"/>
</kw>
<kw name="Log" owner="BuiltIn">
<msg time="2024-03-22T14:13:36.731130" level="INFO">{'large': 'https://randomuser.me/api/portraits/women/14.jpg', 'medium': 'https://randomuser.me/api/portraits/med/women/14.jpg', 'thumbnail': 'https://randomuser.me/api/portraits/thumb/women/14.jpg'}</msg>
<arg>${json_data['results'][0]['picture']}</arg>
<doc>Logs the given message with the given level.</doc>
<status status="PASS" start="2024-03-22T14:13:36.730802" elapsed="0.000393"/>
</kw>
<status status="PASS" start="2024-03-22T14:13:36.632688" elapsed="0.098769"/>
</kw>
<kw name="Teste de Tipos de Dados - Postcode" owner="random-user-service">
<kw name="GET On Session" owner="RequestsLibrary">
<msg time="2024-03-22T14:13:36.809517" level="INFO">GET Request : url=https://randomuser.me/api 
 path_url=/api 
 headers={'User-Agent': 'python-requests/2.31.0', 'Accept-Encoding': 'gzip, deflate', 'Accept': '*/*', 'Connection': 'keep-alive'} 
 body=None 
 </msg>
<msg time="2024-03-22T14:13:36.809603" level="INFO">GET Response : url=https://randomuser.me/api 
 status=200, reason=OK 
 headers={'Date': 'Fri, 22 Mar 2024 14:13:36 GMT', 'Content-Type': 'application/json; charset=utf-8', 'Transfer-Encoding': 'chunked', 'Connection': 'keep-alive', 'X-Powered-By': 'Express', 'Access-Control-Allow-Origin': '*', 'Cache-Control': 'no-cache', 'ETag': 'W/"4ac-Iy0JSuNj3S6+a/FgZjhPNWglX80"', 'Vary': 'Accept-Encoding', 'Content-Encoding': 'gzip', 'CF-Cache-Status': 'DYNAMIC', 'Report-To': '{"endpoints":[{"url":"https:\\/\\/a.nel.cloudflare.com\\/report\\/v4?s=Uu%2BSgSvhVWR7IziIiuqP2BOJzsFQDhHvtoVZ41vwYUsDgibT0%2FeZUlnviViN6JOxMArZIqCOHlviM8X%2BGTcnEnOvdLfYUtC3nmoRVlxi06Ub80%2Fp%2BF%2Bq%2BBthoTHE%2B8wk"}],"group":"cf-nel","max_age":604800}', 'NEL': '{"success_fraction":0,"report_to":"cf-nel","max_age":604800}', 'Server': 'cloudflare', 'CF-RAY': '8686c8889d63297a-ORD', 'alt-svc': 'h3=":443"; ma=86400'} 
 body={"results":[{"gender":"female","name":{"title":"Ms","first":"Mónica","last":"Amador"},"location":{"street":{"number":1822,"name":"Pasaje Valencia"},"city":"Purépero","state":"Aguascalientes","country":"Mexico","postcode":48719,"coordinates":{"latitude":"23.1109","longitude":"68.6533"},"timezone":{"offset":"0:00","description":"Western Europe Time, London, Lisbon, Casablanca"}},"email":"monica.amador@example.com","login":{"uuid":"b0e72b90-6568-495f-a0a3-d2edfe535527","username":"brownswan244","password":"omega","salt":"wAILw0kd","md5":"189546a76ccc4499222741093626603c","sha1":"12e5cb3870e140e13ce68eca45cabed753b65218","sha256":"e1bf18cb645825f9f79fa9763b4456c4eb3acf1a9af8960c756ec0855749357c"},"dob":{"date":"1994-05-18T22:49:40.921Z","age":29},"registered":{"date":"2018-09-15T18:29:14.993Z","age":5},"phone":"(693) 233 1477","cell":"(603) 443 9652","id":{"name":"NSS","value":"58 04 16 8328 1"},"picture":{"large":"https://randomuser.me/api/portraits/women/93.jpg","medium":"https://randomuser.me/api/portraits/med/women/93.jpg","thumbnail":"https://randomuser.me/api/portraits/thumb/women/93.jpg"},"nat":"MX"}],"info":{"seed":"81be2a7c905a6ee3","results":1,"page":1,"version":"1.4"}} 
 </msg>
<msg time="2024-03-22T14:13:36.809686" level="INFO">/opt/hostedtoolcache/Python/3.12.2/x64/lib/python3.12/site-packages/urllib3/connectionpool.py:1103: InsecureRequestWarning: Unverified HTTPS request is being made to host 'randomuser.me'. Adding certificate verification is strongly advised. See: https://urllib3.readthedocs.io/en/latest/advanced-usage.html#tls-warnings
  warnings.warn(</msg>
<msg time="2024-03-22T14:13:36.809779" level="INFO">${response} = &lt;Response [200]&gt;</msg>
<var>${response}</var>
<arg>consultarAPI</arg>
<arg>/api</arg>
<doc>Sends a GET request on a previously created HTTP Session.</doc>
<status status="PASS" start="2024-03-22T14:13:36.732051" elapsed="0.077768"/>
</kw>
<kw name="Set Variable" owner="BuiltIn">
<msg time="2024-03-22T14:13:36.810839" level="INFO">${json_data} = {'results': [{'gender': 'female', 'name': {'title': 'Ms', 'first': 'Mónica', 'last': 'Amador'}, 'location': {'street': {'number': 1822, 'name': 'Pasaje Valencia'}, 'city': 'Purépero', 'state': 'Aguasc...</msg>
<var>${json_data}</var>
<arg>${response.json()}</arg>
<doc>Returns the given values which can then be assigned to a variables.</doc>
<status status="PASS" start="2024-03-22T14:13:36.810270" elapsed="0.000598"/>
</kw>
<kw name="Log" owner="BuiltIn">
<msg time="2024-03-22T14:13:36.811333" level="INFO">{'results': [{'gender': 'female', 'name': {'title': 'Ms', 'first': 'Mónica', 'last': 'Amador'}, 'location': {'street': {'number': 1822, 'name': 'Pasaje Valencia'}, 'city': 'Purépero', 'state': 'Aguascalientes', 'country': 'Mexico', 'postcode': 48719, 'coordinates': {'latitude': '23.1109', 'longitude': '68.6533'}, 'timezone': {'offset': '0:00', 'description': 'Western Europe Time, London, Lisbon, Casablanca'}}, 'email': 'monica.amador@example.com', 'login': {'uuid': 'b0e72b90-6568-495f-a0a3-d2edfe535527', 'username': 'brownswan244', 'password': 'omega', 'salt': 'wAILw0kd', 'md5': '189546a76ccc4499222741093626603c', 'sha1': '12e5cb3870e140e13ce68eca45cabed753b65218', 'sha256': 'e1bf18cb645825f9f79fa9763b4456c4eb3acf1a9af8960c756ec0855749357c'}, 'dob': {'date': '1994-05-18T22:49:40.921Z', 'age': 29}, 'registered': {'date': '2018-09-15T18:29:14.993Z', 'age': 5}, 'phone': '(693) 233 1477', 'cell': '(603) 443 9652', 'id': {'name': 'NSS', 'value': '58 04 16 8328 1'}, 'picture': {'large': 'https://randomuser.me/api/portraits/women/93.jpg', 'medium': 'https://randomuser.me/api/portraits/med/women/93.jpg', 'thumbnail': 'https://randomuser.me/api/portraits/thumb/women/93.jpg'}, 'nat': 'MX'}], 'info': {'seed': '81be2a7c905a6ee3', 'results': 1, 'page': 1, 'version': '1.4'}}</msg>
<arg>${json_data}</arg>
<doc>Logs the given message with the given level.</doc>
<status status="PASS" start="2024-03-22T14:13:36.811177" elapsed="0.000235"/>
</kw>
<kw name="Should Be Equal As Numbers" owner="BuiltIn">
<arg>${json_data['results'][0]['location']['postcode']}</arg>
<arg>${json_data['results'][0]['location']['postcode']}</arg>
<doc>Fails if objects are unequal after converting them to real numbers.</doc>
<status status="PASS" start="2024-03-22T14:13:36.811771" elapsed="0.000633"/>
</kw>
<kw name="Log" owner="BuiltIn">
<msg time="2024-03-22T14:13:36.812933" level="INFO">48719</msg>
<arg>${json_data['results'][0]['location']['postcode']}</arg>
<doc>Logs the given message with the given level.</doc>
<status status="PASS" start="2024-03-22T14:13:36.812599" elapsed="0.000374"/>
</kw>
<status status="PASS" start="2024-03-22T14:13:36.731704" elapsed="0.081523"/>
</kw>
<doc>Testa se os tipos de dados na resposta da API estão corretos.</doc>
<tag>testeTiposDados</tag>
<status status="PASS" start="2024-03-22T14:13:36.632153" elapsed="0.181237"/>
</test>
<test id="s1-s1-t5" name="Validar conteudo" line="35">
<kw name="Teste de Tipos de Conteudo" owner="random-user-service">
<kw name="GET On Session" owner="RequestsLibrary">
<msg time="2024-03-22T14:13:36.908580" level="INFO">GET Request : url=https://randomuser.me/api 
 path_url=/api 
 headers={'User-Agent': 'python-requests/2.31.0', 'Accept-Encoding': 'gzip, deflate', 'Accept': '*/*', 'Connection': 'keep-alive'} 
 body=None 
 </msg>
<msg time="2024-03-22T14:13:36.908663" level="INFO">GET Response : url=https://randomuser.me/api 
 status=200, reason=OK 
 headers={'Date': 'Fri, 22 Mar 2024 14:13:36 GMT', 'Content-Type': 'application/json; charset=utf-8', 'Transfer-Encoding': 'chunked', 'Connection': 'keep-alive', 'X-Powered-By': 'Express', 'Access-Control-Allow-Origin': '*', 'Cache-Control': 'no-cache', 'ETag': 'W/"488-pQXdPh4dMRvmvmJOp2Guw3qq/mM"', 'Vary': 'Accept-Encoding', 'Content-Encoding': 'gzip', 'CF-Cache-Status': 'DYNAMIC', 'Report-To': '{"endpoints":[{"url":"https:\\/\\/a.nel.cloudflare.com\\/report\\/v4?s=CeCxEfTfwlkDId%2FZOu8Agzorr4SV57MzlNweRE0%2BbKgp4TWHjoxj%2FjTDrtGqC5crsu8YjemiMinHkIcc%2FsO0fjTNi9XIMW%2FVIhbCgZMl573DEW2EQzs2K1%2B4CE7R4BvN"}],"group":"cf-nel","max_age":604800}', 'NEL': '{"success_fraction":0,"report_to":"cf-nel","max_age":604800}', 'Server': 'cloudflare', 'CF-RAY': '8686c8891df6297a-ORD', 'alt-svc': 'h3=":443"; ma=86400'} 
 body={"results":[{"gender":"female","name":{"title":"Ms","first":"Yeni","last":"Uribe"},"location":{"street":{"number":8478,"name":"Pasaje Tello"},"city":"Chahuites","state":"Hidalgo","country":"Mexico","postcode":20091,"coordinates":{"latitude":"26.7010","longitude":"69.6272"},"timezone":{"offset":"-8:00","description":"Pacific Time (US &amp; Canada)"}},"email":"yeni.uribe@example.com","login":{"uuid":"feb2db26-1ea7-4f4f-b0e7-b30b98ba7fbb","username":"lazypanda290","password":"tattoo","salt":"4OC0p0Cb","md5":"2ac3e09b2e982b45e3c6f1e5d7604786","sha1":"ccbad3afaac2b1c4b1e09d273c060fece111b980","sha256":"d59641d7c74047d11cd664954f579647555847d70b101f2fcda92c7389bff0ed"},"dob":{"date":"1947-08-13T22:51:32.972Z","age":76},"registered":{"date":"2016-05-19T04:19:24.553Z","age":7},"phone":"(657) 649 6638","cell":"(603) 483 0965","id":{"name":"NSS","value":"71 40 00 9879 3"},"picture":{"large":"https://randomuser.me/api/portraits/women/55.jpg","medium":"https://randomuser.me/api/portraits/med/women/55.jpg","thumbnail":"https://randomuser.me/api/portraits/thumb/women/55.jpg"},"nat":"MX"}],"info":{"seed":"308ba33caceae4e2","results":1,"page":1,"version":"1.4"}} 
 </msg>
<msg time="2024-03-22T14:13:36.908734" level="INFO">/opt/hostedtoolcache/Python/3.12.2/x64/lib/python3.12/site-packages/urllib3/connectionpool.py:1103: InsecureRequestWarning: Unverified HTTPS request is being made to host 'randomuser.me'. Adding certificate verification is strongly advised. See: https://urllib3.readthedocs.io/en/latest/advanced-usage.html#tls-warnings
  warnings.warn(</msg>
<msg time="2024-03-22T14:13:36.908852" level="INFO">${response} = &lt;Response [200]&gt;</msg>
<var>${response}</var>
<arg>consultarAPI</arg>
<arg>/api</arg>
<doc>Sends a GET request on a previously created HTTP Session.</doc>
<status status="PASS" start="2024-03-22T14:13:36.815890" elapsed="0.093010"/>
</kw>
<kw name="Set Variable" owner="BuiltIn">
<msg time="2024-03-22T14:13:36.909909" level="INFO">${json_data} = {'results': [{'gender': 'female', 'name': {'title': 'Ms', 'first': 'Yeni', 'last': 'Uribe'}, 'location': {'street': {'number': 8478, 'name': 'Pasaje Tello'}, 'city': 'Chahuites', 'state': 'Hidalgo', '...</msg>
<var>${json_data}</var>
<arg>${response.json()}</arg>
<doc>Returns the given values which can then be assigned to a variables.</doc>
<status status="PASS" start="2024-03-22T14:13:36.909351" elapsed="0.000586"/>
</kw>
<kw name="Set Variable" owner="BuiltIn">
<msg time="2024-03-22T14:13:36.910628" level="INFO">${name_title} = Ms</msg>
<var>${name_title}</var>
<arg>${json_data["results"][0]["name"]["title"]}</arg>
<doc>Returns the given values which can then be assigned to a variables.</doc>
<status status="PASS" start="2024-03-22T14:13:36.910247" elapsed="0.000405"/>
</kw>
<kw name="Create List" owner="BuiltIn">
<msg time="2024-03-22T14:13:36.911097" level="INFO">${allowed_titles} = ['Mr', 'Ms', 'Miss', 'Mrs', 'Madame', 'Monsieur']</msg>
<var>${allowed_titles}</var>
<arg>Mr</arg>
<arg>Ms</arg>
<arg>Miss</arg>
<arg>Mrs</arg>
<arg>Madame</arg>
<arg>Monsieur</arg>
<doc>Returns a list containing given items.</doc>
<status status="PASS" start="2024-03-22T14:13:36.910948" elapsed="0.000174"/>
</kw>
<kw name="List Should Contain Value" owner="Collections">
<msg time="2024-03-22T14:13:36.911629" level="INFO">False</msg>
<arg>${allowed_titles}</arg>
<arg>${name_title}</arg>
<doc>Fails if the ``value`` is not found from ``list``.</doc>
<status status="PASS" start="2024-03-22T14:13:36.911422" elapsed="0.000256"/>
</kw>
<kw name="Set Variable" owner="BuiltIn">
<msg time="2024-03-22T14:13:36.912357" level="INFO">${name_country} = MX</msg>
<var>${name_country}</var>
<arg>${json_data["results"][0]["nat"]}</arg>
<doc>Returns the given values which can then be assigned to a variables.</doc>
<status status="PASS" start="2024-03-22T14:13:36.911980" elapsed="0.000402"/>
</kw>
<kw name="Create List" owner="BuiltIn">
<msg time="2024-03-22T14:13:36.913303" level="INFO">${list_country} = ['AD', 'AE', 'AF', 'AG', 'AI', 'AL', 'AM', 'AO', 'AQ', 'AR', 'AS', 'AT', 'AU', 'AW', 'AX', 'AZ', 'BA', 'BB', 'BD', 'BE', 'BF', 'BG', 'BH', 'BI', 'BJ', 'BL', 'BM', 'BN', 'BO', 'BQ', 'BR', 'BS', 'BT', '...</msg>
<var>${list_country}</var>
<arg>AD</arg>
<arg>AE</arg>
<arg>AF</arg>
<arg>AG</arg>
<arg>AI</arg>
<arg>AL</arg>
<arg>AM</arg>
<arg>AO</arg>
<arg>AQ</arg>
<arg>AR</arg>
<arg>AS</arg>
<arg>AT</arg>
<arg>AU</arg>
<arg>AW</arg>
<arg>AX</arg>
<arg>AZ</arg>
<arg>BA</arg>
<arg>BB</arg>
<arg>BD</arg>
<arg>BE</arg>
<arg>BF</arg>
<arg>BG</arg>
<arg>BH</arg>
<arg>BI</arg>
<arg>BJ</arg>
<arg>BL</arg>
<arg>BM</arg>
<arg>BN</arg>
<arg>BO</arg>
<arg>BQ</arg>
<arg>BR</arg>
<arg>BS</arg>
<arg>BT</arg>
<arg>BV</arg>
<arg>BW</arg>
<arg>BY</arg>
<arg>BZ</arg>
<arg>CA</arg>
<arg>CC</arg>
<arg>CD</arg>
<arg>CF</arg>
<arg>CG</arg>
<arg>CH</arg>
<arg>CI</arg>
<arg>CK</arg>
<arg>CL</arg>
<arg>CM</arg>
<arg>CN</arg>
<arg>CO</arg>
<arg>CR</arg>
<arg>CU</arg>
<arg>CV</arg>
<arg>CW</arg>
<arg>CX</arg>
<arg>CY</arg>
<arg>CZ</arg>
<arg>DE</arg>
<arg>DJ</arg>
<arg>DK</arg>
<arg>DM</arg>
<arg>DO</arg>
<arg>DZ</arg>
<arg>EC</arg>
<arg>EE</arg>
<arg>EG</arg>
<arg>EH</arg>
<arg>ER</arg>
<arg>ES</arg>
<arg>ET</arg>
<arg>FI</arg>
<arg>FJ</arg>
<arg>FK</arg>
<arg>FM</arg>
<arg>FO</arg>
<arg>FR</arg>
<arg>GA</arg>
<arg>GB</arg>
<arg>GD</arg>
<arg>GE</arg>
<arg>GF</arg>
<arg>GG</arg>
<arg>GH</arg>
<arg>GI</arg>
<arg>GL</arg>
<arg>GM</arg>
<arg>GN</arg>
<arg>GP</arg>
<arg>GQ</arg>
<arg>GR</arg>
<arg>GS</arg>
<arg>GT</arg>
<arg>GU</arg>
<arg>GW</arg>
<arg>GY</arg>
<arg>HK</arg>
<arg>HM</arg>
<arg>HN</arg>
<arg>HR</arg>
<arg>HT</arg>
<arg>HU</arg>
<arg>ID</arg>
<arg>IE</arg>
<arg>IL</arg>
<arg>IM</arg>
<arg>IN</arg>
<arg>IO</arg>
<arg>IQ</arg>
<arg>IR</arg>
<arg>IS</arg>
<arg>IT</arg>
<arg>JE</arg>
<arg>JM</arg>
<arg>JO</arg>
<arg>JP</arg>
<arg>KE</arg>
<arg>KG</arg>
<arg>KH</arg>
<arg>KI</arg>
<arg>KM</arg>
<arg>KN</arg>
<arg>KP</arg>
<arg>KR</arg>
<arg>KW</arg>
<arg>KY</arg>
<arg>KZ</arg>
<arg>LA</arg>
<arg>LB</arg>
<arg>LC</arg>
<arg>LI</arg>
<arg>LK</arg>
<arg>LR</arg>
<arg>LS</arg>
<arg>LT</arg>
<arg>LU</arg>
<arg>LV</arg>
<arg>LY</arg>
<arg>MA</arg>
<arg>MC</arg>
<arg>MD</arg>
<arg>ME</arg>
<arg>MF</arg>
<arg>MG</arg>
<arg>MH</arg>
<arg>MK</arg>
<arg>ML</arg>
<arg>MM</arg>
<arg>MN</arg>
<arg>MO</arg>
<arg>MP</arg>
<arg>MQ</arg>
<arg>MR</arg>
<arg>MS</arg>
<arg>MT</arg>
<arg>MU</arg>
<arg>MV</arg>
<arg>MW</arg>
<arg>MX</arg>
<arg>MY</arg>
<arg>MZ</arg>
<arg>NA</arg>
<arg>NC</arg>
<arg>NE</arg>
<arg>NF</arg>
<arg>NG</arg>
<arg>NI</arg>
<arg>NL</arg>
<arg>NO</arg>
<arg>NP</arg>
<arg>NR</arg>
<arg>NU</arg>
<arg>NZ</arg>
<arg>OM</arg>
<arg>PA</arg>
<arg>PE</arg>
<arg>PF</arg>
<arg>PG</arg>
<arg>PH</arg>
<arg>PK</arg>
<arg>PL</arg>
<arg>PM</arg>
<arg>PN</arg>
<arg>PR</arg>
<arg>PS</arg>
<arg>PT</arg>
<arg>PW</arg>
<arg>PY</arg>
<arg>QA</arg>
<arg>RE</arg>
<arg>RO</arg>
<arg>RS</arg>
<arg>RU</arg>
<arg>RW</arg>
<arg>SA</arg>
<arg>SB</arg>
<arg>SC</arg>
<arg>SD</arg>
<arg>SE</arg>
<arg>SG</arg>
<arg>SH</arg>
<arg>SI</arg>
<arg>SJ</arg>
<arg>SK</arg>
<arg>SL</arg>
<arg>SM</arg>
<arg>SN</arg>
<arg>SO</arg>
<arg>SR</arg>
<arg>SS</arg>
<arg>ST</arg>
<arg>SV</arg>
<arg>SX</arg>
<arg>SY</arg>
<arg>SZ</arg>
<arg>TC</arg>
<arg>TD</arg>
<arg>TF</arg>
<arg>TG</arg>
<arg>TH</arg>
<arg>TJ</arg>
<arg>TK</arg>
<arg>TL</arg>
<arg>TM</arg>
<arg>TN</arg>
<arg>TO</arg>
<arg>TR</arg>
<arg>TT</arg>
<arg>TV</arg>
<arg>TW</arg>
<arg>TZ</arg>
<arg>UA</arg>
<arg>UG</arg>
<arg>UM</arg>
<arg>US</arg>
<arg>UY</arg>
<arg>UZ</arg>
<arg>VA</arg>
<arg>VC</arg>
<arg>VE</arg>
<arg>VG</arg>
<arg>VI</arg>
<arg>VN</arg>
<arg>VU</arg>
<arg>WF</arg>
<arg>WS</arg>
<arg>XK</arg>
<arg>YE</arg>
<arg>YT</arg>
<arg>ZA</arg>
<arg>ZM</arg>
<arg>ZW</arg>
<doc>Returns a list containing given items.</doc>
<status status="PASS" start="2024-03-22T14:13:36.912702" elapsed="0.000626"/>
</kw>
<kw name="List Should Contain Value" owner="Collections">
<msg time="2024-03-22T14:13:36.914412" level="INFO">False</msg>
<arg>${list_country}</arg>
<arg>${name_country}</arg>
<doc>Fails if the ``value`` is not found from ``list``.</doc>
<status status="PASS" start="2024-03-22T14:13:36.914209" elapsed="0.000240"/>
</kw>
<kw name="Run Keyword If" owner="BuiltIn">
<kw name="Should Be True" owner="BuiltIn">
<arg>${True}</arg>
<doc>Fails if the given condition is not true.</doc>
<status status="PASS" start="2024-03-22T14:13:36.915510" elapsed="0.000180"/>
</kw>
<arg>${json_data["results"][0]["location"]["coordinates"]["latitude"]} &gt;= -90 and ${json_data["results"][0]["location"]["coordinates"]["latitude"]} &lt;= 90</arg>
<arg>Should Be True</arg>
<arg>${True}</arg>
<doc>Runs the given keyword with the given arguments, if ``condition`` is true.</doc>
<status status="PASS" start="2024-03-22T14:13:36.914758" elapsed="0.001061"/>
</kw>
<kw name="Run Keyword If" owner="BuiltIn">
<kw name="Should Be True" owner="BuiltIn">
<arg>${True}</arg>
<doc>Fails if the given condition is not true.</doc>
<status status="PASS" start="2024-03-22T14:13:36.916714" elapsed="0.000138"/>
</kw>
<arg>${json_data["results"][0]["location"]["coordinates"]["longitude"]} &gt;= -180 and ${json_data["results"][0]["location"]["coordinates"]["longitude"]} &lt;= 180</arg>
<arg>Should Be True</arg>
<arg>${True}</arg>
<doc>Runs the given keyword with the given arguments, if ``condition`` is true.</doc>
<status status="PASS" start="2024-03-22T14:13:36.916006" elapsed="0.000970"/>
</kw>
<status status="PASS" start="2024-03-22T14:13:36.815664" elapsed="0.101439"/>
</kw>
<doc>Testa o conteúdo específico dos campos retornados pela API.</doc>
<tag>testeConteudo</tag>
<status status="PASS" start="2024-03-22T14:13:36.815126" elapsed="0.102124"/>
</test>
<status status="PASS" start="2024-03-22T14:13:36.077493" elapsed="0.841657"/>
</suite>
<status status="PASS" start="2024-03-22T14:13:36.063840" elapsed="0.860699"/>
</suite>
<statistics>
<total>
<stat pass="5" fail="0" skip="0">All Tests</stat>
</total>
<tag>
<stat pass="1" fail="0" skip="0">testeConteudo</stat>
<stat pass="1" fail="0" skip="0">testeEstruturaResposta</stat>
<stat pass="1" fail="0" skip="0">testeRequisicaoBasica</stat>
<stat pass="1" fail="0" skip="0">testeTiposDados</stat>
</tag>
<suite>
<stat pass="5" fail="0" skip="0" id="s1" name="Tests">Tests</stat>
<stat pass="5" fail="0" skip="0" id="s1-s1" name="Random-User-Test">Tests.Random-User-Test</stat>
</suite>
</statistics>
<errors>
</errors>
</robot>
