<?xml version="1.0" encoding="UTF-8"?>
<robot generator="Robot 7.0 (Python 3.12.3 on linux)" generated="2024-05-10T06:18:46.431185" rpa="false" schemaversion="5">
<suite id="s1" name="Tests" source="/home/runner/work/DesafioQAItauRogerioJordao/DesafioQAItauRogerioJordao/RamdonUser/tests">
<suite id="s1-s1" name="Random-User-Test" source="/home/runner/work/DesafioQAItauRogerioJordao/DesafioQAItauRogerioJordao/RamdonUser/tests/random-user-test.robot">
<test id="s1-s1-t1" name="Conectar" line="13">
<kw name="Conectar API" owner="random-user-service">
<kw name="Create Session" owner="RequestsLibrary">
<msg time="2024-05-10T06:18:46.812812" level="INFO">Creating Session using : alias=consultarAPI, url=https://randomuser.me/, headers={},                     cookies={}, auth=None, timeout=None, proxies=None, verify=False,                     debug=0 </msg>
<arg>consultarAPI</arg>
<arg>${URL}</arg>
<doc>Create Session: create a HTTP session to a server</doc>
<status status="PASS" start="2024-05-10T06:18:46.812600" elapsed="0.000423"/>
</kw>
<status status="PASS" start="2024-05-10T06:18:46.811527" elapsed="0.001867"/>
</kw>
<status status="PASS" start="2024-05-10T06:18:46.810765" elapsed="0.002829"/>
</test>
<test id="s1-s1-t2" name="Validar retorno 200 e JSON Válido" line="16">
<kw name="Teste de Requisicao Basica" owner="random-user-service">
<kw name="GET On Session" owner="RequestsLibrary">
<msg time="2024-05-10T06:18:46.897876" level="INFO">GET Request : url=https://randomuser.me/api 
 path_url=/api 
 headers={'User-Agent': 'python-requests/2.31.0', 'Accept-Encoding': 'gzip, deflate', 'Accept': '*/*', 'Connection': 'keep-alive'} 
 body=None 
 </msg>
<msg time="2024-05-10T06:18:46.898027" level="INFO">GET Response : url=https://randomuser.me/api 
 status=200, reason=OK 
 headers={'Date': 'Fri, 10 May 2024 06:18:46 GMT', 'Content-Type': 'application/json; charset=utf-8', 'Transfer-Encoding': 'chunked', 'Connection': 'keep-alive', 'X-Powered-By': 'Express', 'Access-Control-Allow-Origin': '*', 'Cache-Control': 'no-cache', 'ETag': 'W/"475-Vfd4jeSz72b4CHVgKL9r2o/LFJg"', 'Vary': 'Accept-Encoding', 'Content-Encoding': 'gzip', 'CF-Cache-Status': 'DYNAMIC', 'Report-To': '{"endpoints":[{"url":"https:\\/\\/a.nel.cloudflare.com\\/report\\/v4?s=h4gYP1Evju5UJTm781b6rw03lwWE%2FMKJnK5rATKtG1s83DlTnBafT2l12%2FqrK7%2BOlz9fbcaVludhcrDDjBoVZAlvp%2B7SHqL5n0vHte2jQor6Km8XJ9WefGkl3FnuD3bt"}],"group":"cf-nel","max_age":604800}', 'NEL': '{"success_fraction":0,"report_to":"cf-nel","max_age":604800}', 'Server': 'cloudflare', 'CF-RAY': '8817d05adb3f2c11-ORD', 'alt-svc': 'h3=":443"; ma=86400'} 
 body={"results":[{"gender":"female","name":{"title":"Miss","first":"Ethel","last":"Adams"},"location":{"street":{"number":797,"name":"Elgin St"},"city":"Cairns","state":"New South Wales","country":"Australia","postcode":6964,"coordinates":{"latitude":"-81.6421","longitude":"0.1354"},"timezone":{"offset":"+4:30","description":"Kabul"}},"email":"ethel.adams@example.com","login":{"uuid":"500a1443-fc8f-4ad5-9c32-47f48bbdc01b","username":"blackelephant545","password":"cheetah","salt":"WG7P2uuV","md5":"d52224451bf9df6fa180c4edd692b527","sha1":"29bdea91ce60d2b9932227eca44ed91dfc16c0bf","sha256":"137734c4ca5ba03df5a672086e5d51d63912c8939e503371b472313db58279eb"},"dob":{"date":"2000-03-30T17:17:02.932Z","age":24},"registered":{"date":"2007-10-15T20:07:07.369Z","age":16},"phone":"07-7870-1726","cell":"0431-974-758","id":{"name":"TFN","value":"116878056"},"picture":{"large":"https://randomuser.me/api/portraits/women/49.jpg","medium":"https://randomuser.me/api/portraits/med/women/49.jpg","thumbnail":"https://randomuser.me/api/portraits/thumb/women/49.jpg"},"nat":"AU"}],"info":{"seed":"2658f09f79b0cd34","results":1,"page":1,"version":"1.4"}} 
 </msg>
<msg time="2024-05-10T06:18:46.898114" level="INFO">/opt/hostedtoolcache/Python/3.12.3/x64/lib/python3.12/site-packages/urllib3/connectionpool.py:1103: InsecureRequestWarning: Unverified HTTPS request is being made to host 'randomuser.me'. Adding certificate verification is strongly advised. See: https://urllib3.readthedocs.io/en/latest/advanced-usage.html#tls-warnings
  warnings.warn(</msg>
<msg time="2024-05-10T06:18:46.898253" level="INFO">${response} = &lt;Response [200]&gt;</msg>
<var>${response}</var>
<arg>consultarAPI</arg>
<arg>/api</arg>
<doc>Sends a GET request on a previously created HTTP Session.</doc>
<status status="PASS" start="2024-05-10T06:18:46.816208" elapsed="0.082081"/>
</kw>
<kw name="Should Be Equal As Numbers" owner="BuiltIn">
<msg time="2024-05-10T06:18:46.899345" level="INFO">Argument types are:
&lt;class 'int'&gt;
&lt;class 'str'&gt;</msg>
<arg>${response.status_code}</arg>
<arg>200</arg>
<doc>Fails if objects are unequal after converting them to real numbers.</doc>
<status status="PASS" start="2024-05-10T06:18:46.898886" elapsed="0.000525"/>
</kw>
<kw name="Log" owner="BuiltIn">
<msg time="2024-05-10T06:18:46.900154" level="INFO">200</msg>
<arg>${response.status_code}</arg>
<doc>Logs the given message with the given level.</doc>
<status status="PASS" start="2024-05-10T06:18:46.899786" elapsed="0.000410"/>
</kw>
<kw name="Set Variable" owner="BuiltIn">
<msg time="2024-05-10T06:18:46.900947" level="INFO">${json_data} = {'results': [{'gender': 'female', 'name': {'title': 'Miss', 'first': 'Ethel', 'last': 'Adams'}, 'location': {'street': {'number': 797, 'name': 'Elgin St'}, 'city': 'Cairns', 'state': 'New South Wales'...</msg>
<var>${json_data}</var>
<arg>${response.json()}</arg>
<doc>Returns the given values which can then be assigned to a variables.</doc>
<status status="PASS" start="2024-05-10T06:18:46.900505" elapsed="0.000471"/>
</kw>
<kw name="Dictionary Should Contain Key" owner="Collections">
<msg time="2024-05-10T06:18:46.901439" level="INFO">False</msg>
<arg>${json_data}</arg>
<arg>results</arg>
<doc>Fails if ``key`` is not found from ``dictionary``.</doc>
<status status="PASS" start="2024-05-10T06:18:46.901273" elapsed="0.000206"/>
</kw>
<status status="PASS" start="2024-05-10T06:18:46.815961" elapsed="0.085776"/>
</kw>
<doc>Testa se a API responde corretamente e retorna um objeto JSON válido.</doc>
<tag>testeRequisicaoBasica</tag>
<status status="PASS" start="2024-05-10T06:18:46.815470" elapsed="0.086453"/>
</test>
<test id="s1-s1-t3" name="Validar estrutura de resposta" line="22">
<kw name="Teste de Estrutura de Resposta" owner="random-user-service">
<kw name="GET On Session" owner="RequestsLibrary">
<msg time="2024-05-10T06:18:46.992592" level="INFO">GET Request : url=https://randomuser.me/api 
 path_url=/api 
 headers={'User-Agent': 'python-requests/2.31.0', 'Accept-Encoding': 'gzip, deflate', 'Accept': '*/*', 'Connection': 'keep-alive'} 
 body=None 
 </msg>
<msg time="2024-05-10T06:18:46.992705" level="INFO">GET Response : url=https://randomuser.me/api 
 status=200, reason=OK 
 headers={'Date': 'Fri, 10 May 2024 06:18:46 GMT', 'Content-Type': 'application/json; charset=utf-8', 'Transfer-Encoding': 'chunked', 'Connection': 'keep-alive', 'X-Powered-By': 'Express', 'Access-Control-Allow-Origin': '*', 'Cache-Control': 'no-cache', 'ETag': 'W/"47a-lxYQCbSyVOgr1iMTSfiCb6JzlFc"', 'Vary': 'Accept-Encoding', 'Content-Encoding': 'gzip', 'CF-Cache-Status': 'DYNAMIC', 'Report-To': '{"endpoints":[{"url":"https:\\/\\/a.nel.cloudflare.com\\/report\\/v4?s=wro7POAmphWzClwZUfoCkl18%2FP4ZuaSfuvqIgnx5FXFimNQ8XgrgEaJFWZTbxMspl97T2cCG278trtn6%2BC2Ap%2F0SweLhst0cwx0TF704hUgj%2BqDQb%2B0CU65j6LJtG5A7"}],"group":"cf-nel","max_age":604800}', 'NEL': '{"success_fraction":0,"report_to":"cf-nel","max_age":604800}', 'Server': 'cloudflare', 'CF-RAY': '8817d05b2b7a2c11-ORD', 'alt-svc': 'h3=":443"; ma=86400'} 
 body={"results":[{"gender":"female","name":{"title":"Mrs","first":"Rada","last":"Pilipchenko"},"location":{"street":{"number":7138,"name":"Kvitova"},"city":"Derazhnya","state":"Odeska","country":"Ukraine","postcode":67074,"coordinates":{"latitude":"79.7636","longitude":"94.6159"},"timezone":{"offset":"-11:00","description":"Midway Island, Samoa"}},"email":"rada.pilipchenko@example.com","login":{"uuid":"aa80b649-a5e7-43d2-95f7-8627d595d57e","username":"heavylion441","password":"zxcv","salt":"t3Bm1jJv","md5":"4761eed6496a948fa63cf4dfe95019ef","sha1":"05cda57e7715de6cd377a7cdb055fa71434ac6ad","sha256":"e32dcce02921e1f0b13a6587606394af871855d9ee4aafc096828a62bac4d7d5"},"dob":{"date":"1951-10-03T06:59:39.934Z","age":72},"registered":{"date":"2011-01-31T07:13:05.210Z","age":13},"phone":"(068) O38-3495","cell":"(066) E64-1438","id":{"name":"","value":null},"picture":{"large":"https://randomuser.me/api/portraits/women/82.jpg","medium":"https://randomuser.me/api/portraits/med/women/82.jpg","thumbnail":"https://randomuser.me/api/portraits/thumb/women/82.jpg"},"nat":"UA"}],"info":{"seed":"28f39a8dbb5c9191","results":1,"page":1,"version":"1.4"}} 
 </msg>
<msg time="2024-05-10T06:18:46.992858" level="INFO">/opt/hostedtoolcache/Python/3.12.3/x64/lib/python3.12/site-packages/urllib3/connectionpool.py:1103: InsecureRequestWarning: Unverified HTTPS request is being made to host 'randomuser.me'. Adding certificate verification is strongly advised. See: https://urllib3.readthedocs.io/en/latest/advanced-usage.html#tls-warnings
  warnings.warn(</msg>
<msg time="2024-05-10T06:18:46.992989" level="INFO">${response} = &lt;Response [200]&gt;</msg>
<var>${response}</var>
<arg>consultarAPI</arg>
<arg>/api</arg>
<doc>Sends a GET request on a previously created HTTP Session.</doc>
<status status="PASS" start="2024-05-10T06:18:46.904557" elapsed="0.088459"/>
</kw>
<kw name="Set Variable" owner="BuiltIn">
<msg time="2024-05-10T06:18:46.994090" level="INFO">${json_data} = {'results': [{'gender': 'female', 'name': {'title': 'Mrs', 'first': 'Rada', 'last': 'Pilipchenko'}, 'location': {'street': {'number': 7138, 'name': 'Kvitova'}, 'city': 'Derazhnya', 'state': 'Odeska', ...</msg>
<var>${json_data}</var>
<arg>${response.json()}</arg>
<doc>Returns the given values which can then be assigned to a variables.</doc>
<status status="PASS" start="2024-05-10T06:18:46.993553" elapsed="0.000567"/>
</kw>
<kw name="Log" owner="BuiltIn">
<msg time="2024-05-10T06:18:46.994598" level="INFO">{'results': [{'gender': 'female', 'name': {'title': 'Mrs', 'first': 'Rada', 'last': 'Pilipchenko'}, 'location': {'street': {'number': 7138, 'name': 'Kvitova'}, 'city': 'Derazhnya', 'state': 'Odeska', 'country': 'Ukraine', 'postcode': 67074, 'coordinates': {'latitude': '79.7636', 'longitude': '94.6159'}, 'timezone': {'offset': '-11:00', 'description': 'Midway Island, Samoa'}}, 'email': 'rada.pilipchenko@example.com', 'login': {'uuid': 'aa80b649-a5e7-43d2-95f7-8627d595d57e', 'username': 'heavylion441', 'password': 'zxcv', 'salt': 't3Bm1jJv', 'md5': '4761eed6496a948fa63cf4dfe95019ef', 'sha1': '05cda57e7715de6cd377a7cdb055fa71434ac6ad', 'sha256': 'e32dcce02921e1f0b13a6587606394af871855d9ee4aafc096828a62bac4d7d5'}, 'dob': {'date': '1951-10-03T06:59:39.934Z', 'age': 72}, 'registered': {'date': '2011-01-31T07:13:05.210Z', 'age': 13}, 'phone': '(068) O38-3495', 'cell': '(066) E64-1438', 'id': {'name': '', 'value': None}, 'picture': {'large': 'https://randomuser.me/api/portraits/women/82.jpg', 'medium': 'https://randomuser.me/api/portraits/med/women/82.jpg', 'thumbnail': 'https://randomuser.me/api/portraits/thumb/women/82.jpg'}, 'nat': 'UA'}], 'info': {'seed': '28f39a8dbb5c9191', 'results': 1, 'page': 1, 'version': '1.4'}}</msg>
<arg>${json_data}</arg>
<doc>Logs the given message with the given level.</doc>
<status status="PASS" start="2024-05-10T06:18:46.994426" elapsed="0.000224"/>
</kw>
<kw name="Dictionary Should Contain Key" owner="Collections">
<msg time="2024-05-10T06:18:46.995112" level="INFO">False</msg>
<arg>${json_data}</arg>
<arg>results</arg>
<doc>Fails if ``key`` is not found from ``dictionary``.</doc>
<status status="PASS" start="2024-05-10T06:18:46.994954" elapsed="0.000197"/>
</kw>
<kw name="Should Not Be Empty" owner="BuiltIn">
<msg time="2024-05-10T06:18:46.995597" level="INFO">Length is 2.</msg>
<arg>${json_data}</arg>
<doc>Verifies that the given item is not empty.</doc>
<status status="PASS" start="2024-05-10T06:18:46.995461" elapsed="0.000177"/>
</kw>
<kw name="Create List" owner="BuiltIn">
<msg time="2024-05-10T06:18:46.996289" level="INFO">${expected_keys} = ['gender', 'name', 'location', 'email', 'login']</msg>
<var>${expected_keys}</var>
<arg>gender</arg>
<arg>name</arg>
<arg>location</arg>
<arg>email</arg>
<arg>login</arg>
<doc>Returns a list containing given items.</doc>
<status status="PASS" start="2024-05-10T06:18:46.995976" elapsed="0.000337"/>
</kw>
<for flavor="IN">
<iter>
<kw name="Dictionary Should Contain Key" owner="Collections">
<msg time="2024-05-10T06:18:46.997322" level="INFO">False</msg>
<arg>${json_data['results'][0]}</arg>
<arg>${key}</arg>
<doc>Fails if ``key`` is not found from ``dictionary``.</doc>
<status status="PASS" start="2024-05-10T06:18:46.996910" elapsed="0.000450"/>
</kw>
<kw name="Log" owner="BuiltIn">
<msg time="2024-05-10T06:18:46.998028" level="INFO">{'gender': 'female', 'name': {'title': 'Mrs', 'first': 'Rada', 'last': 'Pilipchenko'}, 'location': {'street': {'number': 7138, 'name': 'Kvitova'}, 'city': 'Derazhnya', 'state': 'Odeska', 'country': 'Ukraine', 'postcode': 67074, 'coordinates': {'latitude': '79.7636', 'longitude': '94.6159'}, 'timezone': {'offset': '-11:00', 'description': 'Midway Island, Samoa'}}, 'email': 'rada.pilipchenko@example.com', 'login': {'uuid': 'aa80b649-a5e7-43d2-95f7-8627d595d57e', 'username': 'heavylion441', 'password': 'zxcv', 'salt': 't3Bm1jJv', 'md5': '4761eed6496a948fa63cf4dfe95019ef', 'sha1': '05cda57e7715de6cd377a7cdb055fa71434ac6ad', 'sha256': 'e32dcce02921e1f0b13a6587606394af871855d9ee4aafc096828a62bac4d7d5'}, 'dob': {'date': '1951-10-03T06:59:39.934Z', 'age': 72}, 'registered': {'date': '2011-01-31T07:13:05.210Z', 'age': 13}, 'phone': '(068) O38-3495', 'cell': '(066) E64-1438', 'id': {'name': '', 'value': None}, 'picture': {'large': 'https://randomuser.me/api/portraits/women/82.jpg', 'medium': 'https://randomuser.me/api/portraits/med/women/82.jpg', 'thumbnail': 'https://randomuser.me/api/portraits/thumb/women/82.jpg'}, 'nat': 'UA'}</msg>
<arg>${json_data['results'][0]}</arg>
<doc>Logs the given message with the given level.</doc>
<status status="PASS" start="2024-05-10T06:18:46.997660" elapsed="0.000417"/>
</kw>
<kw name="Log" owner="BuiltIn">
<msg time="2024-05-10T06:18:46.998508" level="INFO">gender</msg>
<arg>${key}</arg>
<doc>Logs the given message with the given level.</doc>
<status status="PASS" start="2024-05-10T06:18:46.998380" elapsed="0.000165"/>
</kw>
<var name="${key}">gender</var>
<status status="PASS" start="2024-05-10T06:18:46.996781" elapsed="0.001978"/>
</iter>
<iter>
<kw name="Dictionary Should Contain Key" owner="Collections">
<msg time="2024-05-10T06:18:46.999457" level="INFO">False</msg>
<arg>${json_data['results'][0]}</arg>
<arg>${key}</arg>
<doc>Fails if ``key`` is not found from ``dictionary``.</doc>
<status status="PASS" start="2024-05-10T06:18:46.999071" elapsed="0.000422"/>
</kw>
<kw name="Log" owner="BuiltIn">
<msg time="2024-05-10T06:18:47.000232" level="INFO">{'gender': 'female', 'name': {'title': 'Mrs', 'first': 'Rada', 'last': 'Pilipchenko'}, 'location': {'street': {'number': 7138, 'name': 'Kvitova'}, 'city': 'Derazhnya', 'state': 'Odeska', 'country': 'Ukraine', 'postcode': 67074, 'coordinates': {'latitude': '79.7636', 'longitude': '94.6159'}, 'timezone': {'offset': '-11:00', 'description': 'Midway Island, Samoa'}}, 'email': 'rada.pilipchenko@example.com', 'login': {'uuid': 'aa80b649-a5e7-43d2-95f7-8627d595d57e', 'username': 'heavylion441', 'password': 'zxcv', 'salt': 't3Bm1jJv', 'md5': '4761eed6496a948fa63cf4dfe95019ef', 'sha1': '05cda57e7715de6cd377a7cdb055fa71434ac6ad', 'sha256': 'e32dcce02921e1f0b13a6587606394af871855d9ee4aafc096828a62bac4d7d5'}, 'dob': {'date': '1951-10-03T06:59:39.934Z', 'age': 72}, 'registered': {'date': '2011-01-31T07:13:05.210Z', 'age': 13}, 'phone': '(068) O38-3495', 'cell': '(066) E64-1438', 'id': {'name': '', 'value': None}, 'picture': {'large': 'https://randomuser.me/api/portraits/women/82.jpg', 'medium': 'https://randomuser.me/api/portraits/med/women/82.jpg', 'thumbnail': 'https://randomuser.me/api/portraits/thumb/women/82.jpg'}, 'nat': 'UA'}</msg>
<arg>${json_data['results'][0]}</arg>
<doc>Logs the given message with the given level.</doc>
<status status="PASS" start="2024-05-10T06:18:46.999861" elapsed="0.000421"/>
</kw>
<kw name="Log" owner="BuiltIn">
<msg time="2024-05-10T06:18:47.000708" level="INFO">name</msg>
<arg>${key}</arg>
<doc>Logs the given message with the given level.</doc>
<status status="PASS" start="2024-05-10T06:18:47.000580" elapsed="0.000168"/>
</kw>
<var name="${key}">name</var>
<status status="PASS" start="2024-05-10T06:18:46.998949" elapsed="0.002015"/>
</iter>
<iter>
<kw name="Dictionary Should Contain Key" owner="Collections">
<msg time="2024-05-10T06:18:47.001644" level="INFO">False</msg>
<arg>${json_data['results'][0]}</arg>
<arg>${key}</arg>
<doc>Fails if ``key`` is not found from ``dictionary``.</doc>
<status status="PASS" start="2024-05-10T06:18:47.001258" elapsed="0.000423"/>
</kw>
<kw name="Log" owner="BuiltIn">
<msg time="2024-05-10T06:18:47.002349" level="INFO">{'gender': 'female', 'name': {'title': 'Mrs', 'first': 'Rada', 'last': 'Pilipchenko'}, 'location': {'street': {'number': 7138, 'name': 'Kvitova'}, 'city': 'Derazhnya', 'state': 'Odeska', 'country': 'Ukraine', 'postcode': 67074, 'coordinates': {'latitude': '79.7636', 'longitude': '94.6159'}, 'timezone': {'offset': '-11:00', 'description': 'Midway Island, Samoa'}}, 'email': 'rada.pilipchenko@example.com', 'login': {'uuid': 'aa80b649-a5e7-43d2-95f7-8627d595d57e', 'username': 'heavylion441', 'password': 'zxcv', 'salt': 't3Bm1jJv', 'md5': '4761eed6496a948fa63cf4dfe95019ef', 'sha1': '05cda57e7715de6cd377a7cdb055fa71434ac6ad', 'sha256': 'e32dcce02921e1f0b13a6587606394af871855d9ee4aafc096828a62bac4d7d5'}, 'dob': {'date': '1951-10-03T06:59:39.934Z', 'age': 72}, 'registered': {'date': '2011-01-31T07:13:05.210Z', 'age': 13}, 'phone': '(068) O38-3495', 'cell': '(066) E64-1438', 'id': {'name': '', 'value': None}, 'picture': {'large': 'https://randomuser.me/api/portraits/women/82.jpg', 'medium': 'https://randomuser.me/api/portraits/med/women/82.jpg', 'thumbnail': 'https://randomuser.me/api/portraits/thumb/women/82.jpg'}, 'nat': 'UA'}</msg>
<arg>${json_data['results'][0]}</arg>
<doc>Logs the given message with the given level.</doc>
<status status="PASS" start="2024-05-10T06:18:47.001978" elapsed="0.000419"/>
</kw>
<kw name="Log" owner="BuiltIn">
<msg time="2024-05-10T06:18:47.002818" level="INFO">location</msg>
<arg>${key}</arg>
<doc>Logs the given message with the given level.</doc>
<status status="PASS" start="2024-05-10T06:18:47.002690" elapsed="0.000166"/>
</kw>
<var name="${key}">location</var>
<status status="PASS" start="2024-05-10T06:18:47.001146" elapsed="0.001925"/>
</iter>
<iter>
<kw name="Dictionary Should Contain Key" owner="Collections">
<msg time="2024-05-10T06:18:47.003772" level="INFO">False</msg>
<arg>${json_data['results'][0]}</arg>
<arg>${key}</arg>
<doc>Fails if ``key`` is not found from ``dictionary``.</doc>
<status status="PASS" start="2024-05-10T06:18:47.003367" elapsed="0.000445"/>
</kw>
<kw name="Log" owner="BuiltIn">
<msg time="2024-05-10T06:18:47.004485" level="INFO">{'gender': 'female', 'name': {'title': 'Mrs', 'first': 'Rada', 'last': 'Pilipchenko'}, 'location': {'street': {'number': 7138, 'name': 'Kvitova'}, 'city': 'Derazhnya', 'state': 'Odeska', 'country': 'Ukraine', 'postcode': 67074, 'coordinates': {'latitude': '79.7636', 'longitude': '94.6159'}, 'timezone': {'offset': '-11:00', 'description': 'Midway Island, Samoa'}}, 'email': 'rada.pilipchenko@example.com', 'login': {'uuid': 'aa80b649-a5e7-43d2-95f7-8627d595d57e', 'username': 'heavylion441', 'password': 'zxcv', 'salt': 't3Bm1jJv', 'md5': '4761eed6496a948fa63cf4dfe95019ef', 'sha1': '05cda57e7715de6cd377a7cdb055fa71434ac6ad', 'sha256': 'e32dcce02921e1f0b13a6587606394af871855d9ee4aafc096828a62bac4d7d5'}, 'dob': {'date': '1951-10-03T06:59:39.934Z', 'age': 72}, 'registered': {'date': '2011-01-31T07:13:05.210Z', 'age': 13}, 'phone': '(068) O38-3495', 'cell': '(066) E64-1438', 'id': {'name': '', 'value': None}, 'picture': {'large': 'https://randomuser.me/api/portraits/women/82.jpg', 'medium': 'https://randomuser.me/api/portraits/med/women/82.jpg', 'thumbnail': 'https://randomuser.me/api/portraits/thumb/women/82.jpg'}, 'nat': 'UA'}</msg>
<arg>${json_data['results'][0]}</arg>
<doc>Logs the given message with the given level.</doc>
<status status="PASS" start="2024-05-10T06:18:47.004123" elapsed="0.000411"/>
</kw>
<kw name="Log" owner="BuiltIn">
<msg time="2024-05-10T06:18:47.004953" level="INFO">email</msg>
<arg>${key}</arg>
<doc>Logs the given message with the given level.</doc>
<status status="PASS" start="2024-05-10T06:18:47.004826" elapsed="0.000164"/>
</kw>
<var name="${key}">email</var>
<status status="PASS" start="2024-05-10T06:18:47.003257" elapsed="0.001946"/>
</iter>
<iter>
<kw name="Dictionary Should Contain Key" owner="Collections">
<msg time="2024-05-10T06:18:47.005936" level="INFO">False</msg>
<arg>${json_data['results'][0]}</arg>
<arg>${key}</arg>
<doc>Fails if ``key`` is not found from ``dictionary``.</doc>
<status status="PASS" start="2024-05-10T06:18:47.005535" elapsed="0.000440"/>
</kw>
<kw name="Log" owner="BuiltIn">
<msg time="2024-05-10T06:18:47.006645" level="INFO">{'gender': 'female', 'name': {'title': 'Mrs', 'first': 'Rada', 'last': 'Pilipchenko'}, 'location': {'street': {'number': 7138, 'name': 'Kvitova'}, 'city': 'Derazhnya', 'state': 'Odeska', 'country': 'Ukraine', 'postcode': 67074, 'coordinates': {'latitude': '79.7636', 'longitude': '94.6159'}, 'timezone': {'offset': '-11:00', 'description': 'Midway Island, Samoa'}}, 'email': 'rada.pilipchenko@example.com', 'login': {'uuid': 'aa80b649-a5e7-43d2-95f7-8627d595d57e', 'username': 'heavylion441', 'password': 'zxcv', 'salt': 't3Bm1jJv', 'md5': '4761eed6496a948fa63cf4dfe95019ef', 'sha1': '05cda57e7715de6cd377a7cdb055fa71434ac6ad', 'sha256': 'e32dcce02921e1f0b13a6587606394af871855d9ee4aafc096828a62bac4d7d5'}, 'dob': {'date': '1951-10-03T06:59:39.934Z', 'age': 72}, 'registered': {'date': '2011-01-31T07:13:05.210Z', 'age': 13}, 'phone': '(068) O38-3495', 'cell': '(066) E64-1438', 'id': {'name': '', 'value': None}, 'picture': {'large': 'https://randomuser.me/api/portraits/women/82.jpg', 'medium': 'https://randomuser.me/api/portraits/med/women/82.jpg', 'thumbnail': 'https://randomuser.me/api/portraits/thumb/women/82.jpg'}, 'nat': 'UA'}</msg>
<arg>${json_data['results'][0]}</arg>
<doc>Logs the given message with the given level.</doc>
<status status="PASS" start="2024-05-10T06:18:47.006273" elapsed="0.000419"/>
</kw>
<kw name="Log" owner="BuiltIn">
<msg time="2024-05-10T06:18:47.007116" level="INFO">login</msg>
<arg>${key}</arg>
<doc>Logs the given message with the given level.</doc>
<status status="PASS" start="2024-05-10T06:18:47.006989" elapsed="0.000165"/>
</kw>
<var name="${key}">login</var>
<status status="PASS" start="2024-05-10T06:18:47.005419" elapsed="0.001949"/>
</iter>
<var>${key}</var>
<value>@{expected_keys}</value>
<status status="PASS" start="2024-05-10T06:18:46.996584" elapsed="0.010931"/>
</for>
<kw name="Create List" owner="BuiltIn">
<msg time="2024-05-10T06:18:47.007894" level="INFO">${expected_keysTwo} = ['username', 'password']</msg>
<var>${expected_keysTwo}</var>
<arg>username</arg>
<arg>password</arg>
<doc>Returns a list containing given items.</doc>
<status status="PASS" start="2024-05-10T06:18:47.007724" elapsed="0.000194"/>
</kw>
<for flavor="IN">
<iter>
<kw name="Dictionary Should Contain Key" owner="Collections">
<msg time="2024-05-10T06:18:47.008822" level="INFO">False</msg>
<arg>${json_data['results'][0]['login']}</arg>
<arg>${keyTwo}</arg>
<doc>Fails if ``key`` is not found from ``dictionary``.</doc>
<status status="PASS" start="2024-05-10T06:18:47.008431" elapsed="0.000429"/>
</kw>
<kw name="Dictionary Should Contain Key" owner="Collections">
<msg time="2024-05-10T06:18:47.009534" level="INFO">False</msg>
<arg>${json_data['results'][0]['login']}</arg>
<arg>${keyTwo}</arg>
<doc>Fails if ``key`` is not found from ``dictionary``.</doc>
<status status="PASS" start="2024-05-10T06:18:47.009154" elapsed="0.000418"/>
</kw>
<kw name="Log" owner="BuiltIn">
<msg time="2024-05-10T06:18:47.009986" level="INFO">username</msg>
<arg>${keyTwo}</arg>
<doc>Logs the given message with the given level.</doc>
<status status="PASS" start="2024-05-10T06:18:47.009860" elapsed="0.000173"/>
</kw>
<var name="${keyTwo}">username</var>
<status status="PASS" start="2024-05-10T06:18:47.008321" elapsed="0.001927"/>
</iter>
<iter>
<kw name="Dictionary Should Contain Key" owner="Collections">
<msg time="2024-05-10T06:18:47.010912" level="INFO">False</msg>
<arg>${json_data['results'][0]['login']}</arg>
<arg>${keyTwo}</arg>
<doc>Fails if ``key`` is not found from ``dictionary``.</doc>
<status status="PASS" start="2024-05-10T06:18:47.010531" elapsed="0.000417"/>
</kw>
<kw name="Dictionary Should Contain Key" owner="Collections">
<msg time="2024-05-10T06:18:47.011700" level="INFO">False</msg>
<arg>${json_data['results'][0]['login']}</arg>
<arg>${keyTwo}</arg>
<doc>Fails if ``key`` is not found from ``dictionary``.</doc>
<status status="PASS" start="2024-05-10T06:18:47.011238" elapsed="0.000501"/>
</kw>
<kw name="Log" owner="BuiltIn">
<msg time="2024-05-10T06:18:47.012194" level="INFO">password</msg>
<arg>${keyTwo}</arg>
<doc>Logs the given message with the given level.</doc>
<status status="PASS" start="2024-05-10T06:18:47.012068" elapsed="0.000163"/>
</kw>
<var name="${keyTwo}">password</var>
<status status="PASS" start="2024-05-10T06:18:47.010420" elapsed="0.002032"/>
</iter>
<var>${keyTwo}</var>
<value>@{expected_keysTwo}</value>
<status status="PASS" start="2024-05-10T06:18:47.008159" elapsed="0.004416"/>
</for>
<status status="PASS" start="2024-05-10T06:18:46.904320" elapsed="0.108397"/>
</kw>
<doc>Testa a estrutura da resposta da API.</doc>
<tag>testeEstruturaResposta</tag>
<status status="PASS" start="2024-05-10T06:18:46.903779" elapsed="0.109102"/>
</test>
<test id="s1-s1-t4" name="Validar tipos de dados" line="28">
<kw name="Teste de Tipos de Dados" owner="random-user-service">
<kw name="GET On Session" owner="RequestsLibrary">
<msg time="2024-05-10T06:18:47.094139" level="INFO">GET Request : url=https://randomuser.me/api 
 path_url=/api 
 headers={'User-Agent': 'python-requests/2.31.0', 'Accept-Encoding': 'gzip, deflate', 'Accept': '*/*', 'Connection': 'keep-alive'} 
 body=None 
 </msg>
<msg time="2024-05-10T06:18:47.094239" level="INFO">GET Response : url=https://randomuser.me/api 
 status=200, reason=OK 
 headers={'Date': 'Fri, 10 May 2024 06:18:47 GMT', 'Content-Type': 'application/json; charset=utf-8', 'Transfer-Encoding': 'chunked', 'Connection': 'keep-alive', 'X-Powered-By': 'Express', 'Access-Control-Allow-Origin': '*', 'Cache-Control': 'no-cache', 'ETag': 'W/"485-EJPvwC/DICk095R+cwoepCdoN+k"', 'Vary': 'Accept-Encoding', 'Content-Encoding': 'gzip', 'CF-Cache-Status': 'DYNAMIC', 'Report-To': '{"endpoints":[{"url":"https:\\/\\/a.nel.cloudflare.com\\/report\\/v4?s=Gw4yJzfmXgI5B0MpvtNFyDOyCzRV1aKBTMTiWzomQgaK9VmOjwJibj5O6xHLNIpxRQhb6Ae6r6Mp8ldsr%2Fpw%2F0jB%2BxLZvPwIkbQMmTckY%2F%2F4mukI4rjJqejU%2BIQo7s8W"}],"group":"cf-nel","max_age":604800}', 'NEL': '{"success_fraction":0,"report_to":"cf-nel","max_age":604800}', 'Server': 'cloudflare', 'CF-RAY': '8817d05bdbd82c11-ORD', 'alt-svc': 'h3=":443"; ma=86400'} 
 body={"results":[{"gender":"male","name":{"title":"Mr","first":"Aiden","last":"Turner"},"location":{"street":{"number":8575,"name":"Portobello Road"},"city":"Tauranga","state":"Taranaki","country":"New Zealand","postcode":12003,"coordinates":{"latitude":"49.1952","longitude":"-147.8654"},"timezone":{"offset":"+4:00","description":"Abu Dhabi, Muscat, Baku, Tbilisi"}},"email":"aiden.turner@example.com","login":{"uuid":"0c9dacb0-9a65-4e5f-877f-a7116632f9bb","username":"lazywolf709","password":"jamaica","salt":"KOAv5x8F","md5":"20e81132ac6304669e611fd344a5c9a1","sha1":"f44de5d09ce1f281c7edbd0785112536c8568a18","sha256":"765b729b15ee23c77803df42c6d30e12bfcbcecbe304b53cf1223f1a0f6b8582"},"dob":{"date":"1972-06-22T17:58:35.532Z","age":51},"registered":{"date":"2004-07-04T05:10:01.216Z","age":19},"phone":"(342)-196-6746","cell":"(105)-648-0055","id":{"name":"","value":null},"picture":{"large":"https://randomuser.me/api/portraits/men/10.jpg","medium":"https://randomuser.me/api/portraits/med/men/10.jpg","thumbnail":"https://randomuser.me/api/portraits/thumb/men/10.jpg"},"nat":"NZ"}],"info":{"seed":"18183dffedb33aee","results":1,"page":1,"version":"1.4"}} 
 </msg>
<msg time="2024-05-10T06:18:47.094313" level="INFO">/opt/hostedtoolcache/Python/3.12.3/x64/lib/python3.12/site-packages/urllib3/connectionpool.py:1103: InsecureRequestWarning: Unverified HTTPS request is being made to host 'randomuser.me'. Adding certificate verification is strongly advised. See: https://urllib3.readthedocs.io/en/latest/advanced-usage.html#tls-warnings
  warnings.warn(</msg>
<msg time="2024-05-10T06:18:47.094445" level="INFO">${response} = &lt;Response [200]&gt;</msg>
<var>${response}</var>
<arg>consultarAPI</arg>
<arg>/api</arg>
<doc>Sends a GET request on a previously created HTTP Session.</doc>
<status status="PASS" start="2024-05-10T06:18:47.015401" elapsed="0.079083"/>
</kw>
<kw name="Set Variable" owner="BuiltIn">
<msg time="2024-05-10T06:18:47.095557" level="INFO">${json_data} = {'results': [{'gender': 'male', 'name': {'title': 'Mr', 'first': 'Aiden', 'last': 'Turner'}, 'location': {'street': {'number': 8575, 'name': 'Portobello Road'}, 'city': 'Tauranga', 'state': 'Taranaki'...</msg>
<var>${json_data}</var>
<arg>${response.json()}</arg>
<doc>Returns the given values which can then be assigned to a variables.</doc>
<status status="PASS" start="2024-05-10T06:18:47.095011" elapsed="0.000576"/>
</kw>
<kw name="Log" owner="BuiltIn">
<msg time="2024-05-10T06:18:47.096095" level="INFO">{'results': [{'gender': 'male', 'name': {'title': 'Mr', 'first': 'Aiden', 'last': 'Turner'}, 'location': {'street': {'number': 8575, 'name': 'Portobello Road'}, 'city': 'Tauranga', 'state': 'Taranaki', 'country': 'New Zealand', 'postcode': 12003, 'coordinates': {'latitude': '49.1952', 'longitude': '-147.8654'}, 'timezone': {'offset': '+4:00', 'description': 'Abu Dhabi, Muscat, Baku, Tbilisi'}}, 'email': 'aiden.turner@example.com', 'login': {'uuid': '0c9dacb0-9a65-4e5f-877f-a7116632f9bb', 'username': 'lazywolf709', 'password': 'jamaica', 'salt': 'KOAv5x8F', 'md5': '20e81132ac6304669e611fd344a5c9a1', 'sha1': 'f44de5d09ce1f281c7edbd0785112536c8568a18', 'sha256': '765b729b15ee23c77803df42c6d30e12bfcbcecbe304b53cf1223f1a0f6b8582'}, 'dob': {'date': '1972-06-22T17:58:35.532Z', 'age': 51}, 'registered': {'date': '2004-07-04T05:10:01.216Z', 'age': 19}, 'phone': '(342)-196-6746', 'cell': '(105)-648-0055', 'id': {'name': '', 'value': None}, 'picture': {'large': 'https://randomuser.me/api/portraits/men/10.jpg', 'medium': 'https://randomuser.me/api/portraits/med/men/10.jpg', 'thumbnail': 'https://randomuser.me/api/portraits/thumb/men/10.jpg'}, 'nat': 'NZ'}], 'info': {'seed': '18183dffedb33aee', 'results': 1, 'page': 1, 'version': '1.4'}}</msg>
<arg>${json_data}</arg>
<doc>Logs the given message with the given level.</doc>
<status status="PASS" start="2024-05-10T06:18:47.095933" elapsed="0.000211"/>
</kw>
<kw name="Should Be String" owner="String">
<arg>${json_data['results'][0]['gender']}</arg>
<doc>Fails if the given ``item`` is not a string.</doc>
<status status="PASS" start="2024-05-10T06:18:47.096479" elapsed="0.000374"/>
</kw>
<kw name="Should Match Regexp" owner="BuiltIn">
<arg>${json_data['results'][0]['email']}</arg>
<arg>^[a-zA-Z0-9._%+-]+@[a-zA-Z0-9.-]+\.[a-zA-Z]{2,}$</arg>
<doc>Fails if ``string`` does not match ``pattern`` as a regular expression.</doc>
<status status="PASS" start="2024-05-10T06:18:47.097046" elapsed="0.000522"/>
</kw>
<kw name="Should Match Regexp" owner="BuiltIn">
<arg>${json_data['results'][0]['dob']['date']}</arg>
<arg>\\d{4}-\\d{2}-\\d{2}T\\d{2}:\\d{2}:\\d{2}\\.\\d{3}Z</arg>
<doc>Fails if ``string`` does not match ``pattern`` as a regular expression.</doc>
<status status="PASS" start="2024-05-10T06:18:47.097764" elapsed="0.000495"/>
</kw>
<kw name="Should Match Regexp" owner="BuiltIn">
<arg>${json_data['results'][0]['registered']['date']}</arg>
<arg>\\d{4}-\\d{2}-\\d{2}T\\d{2}:\\d{2}:\\d{2}\\.\\d{3}Z</arg>
<doc>Fails if ``string`` does not match ``pattern`` as a regular expression.</doc>
<status status="PASS" start="2024-05-10T06:18:47.098452" elapsed="0.000378"/>
</kw>
<kw name="Should Match Regexp" owner="BuiltIn">
<arg>${json_data['results'][0]['picture']['large']}</arg>
<arg>^https?://.*\.(?:png|jpe?g|gif|bmp)$</arg>
<doc>Fails if ``string`` does not match ``pattern`` as a regular expression.</doc>
<status status="PASS" start="2024-05-10T06:18:47.099019" elapsed="0.000466"/>
</kw>
<kw name="Should Match Regexp" owner="BuiltIn">
<arg>${json_data['results'][0]['picture']['medium']}</arg>
<arg>^https?://.*\.(?:png|jpe?g|gif|bmp)$</arg>
<doc>Fails if ``string`` does not match ``pattern`` as a regular expression.</doc>
<status status="PASS" start="2024-05-10T06:18:47.099673" elapsed="0.000386"/>
</kw>
<kw name="Should Match Regexp" owner="BuiltIn">
<arg>${json_data['results'][0]['picture']['thumbnail']}</arg>
<arg>^https?://.*\.(?:png|jpe?g|gif|bmp)$</arg>
<doc>Fails if ``string`` does not match ``pattern`` as a regular expression.</doc>
<status status="PASS" start="2024-05-10T06:18:47.100250" elapsed="0.000353"/>
</kw>
<kw name="Log" owner="BuiltIn">
<msg time="2024-05-10T06:18:47.101109" level="INFO">{'large': 'https://randomuser.me/api/portraits/men/10.jpg', 'medium': 'https://randomuser.me/api/portraits/med/men/10.jpg', 'thumbnail': 'https://randomuser.me/api/portraits/thumb/men/10.jpg'}</msg>
<arg>${json_data['results'][0]['picture']}</arg>
<doc>Logs the given message with the given level.</doc>
<status status="PASS" start="2024-05-10T06:18:47.100785" elapsed="0.000366"/>
</kw>
<status status="PASS" start="2024-05-10T06:18:47.015162" elapsed="0.086245"/>
</kw>
<kw name="Teste de Tipos de Dados - Postcode" owner="random-user-service">
<kw name="GET On Session" owner="RequestsLibrary">
<msg time="2024-05-10T06:18:47.196052" level="INFO">GET Request : url=https://randomuser.me/api 
 path_url=/api 
 headers={'User-Agent': 'python-requests/2.31.0', 'Accept-Encoding': 'gzip, deflate', 'Accept': '*/*', 'Connection': 'keep-alive'} 
 body=None 
 </msg>
<msg time="2024-05-10T06:18:47.196166" level="INFO">GET Response : url=https://randomuser.me/api 
 status=200, reason=OK 
 headers={'Date': 'Fri, 10 May 2024 06:18:47 GMT', 'Content-Type': 'application/json; charset=utf-8', 'Transfer-Encoding': 'chunked', 'Connection': 'keep-alive', 'X-Powered-By': 'Express', 'Access-Control-Allow-Origin': '*', 'Cache-Control': 'no-cache', 'ETag': 'W/"487-H6w0MbNpM2Af7MpOS+qauvO25nI"', 'Vary': 'Accept-Encoding', 'Content-Encoding': 'gzip', 'CF-Cache-Status': 'DYNAMIC', 'Report-To': '{"endpoints":[{"url":"https:\\/\\/a.nel.cloudflare.com\\/report\\/v4?s=4%2FI6nQUiA1jBZA1BAwDVVdTHGD6cMONjapXsiFiDa%2B%2BvO0h8vHKJeQXvMxCaLc3l5P7p1DJQGXNwKhUMi3qDhNW4qbcuSeemGKHyOlOdLfLW6nFeFWASqZGdnzVvj2rR"}],"group":"cf-nel","max_age":604800}', 'NEL': '{"success_fraction":0,"report_to":"cf-nel","max_age":604800}', 'Server': 'cloudflare', 'CF-RAY': '8817d05c6c282c11-ORD', 'alt-svc': 'h3=":443"; ma=86400'} 
 body={"results":[{"gender":"female","name":{"title":"Miss","first":"Michelle","last":"Tesch"},"location":{"street":{"number":8409,"name":"Buchenweg"},"city":"Bonn","state":"Mecklenburg-Vorpommern","country":"Germany","postcode":61169,"coordinates":{"latitude":"-50.5944","longitude":"176.5374"},"timezone":{"offset":"+5:45","description":"Kathmandu"}},"email":"michelle.tesch@example.com","login":{"uuid":"be3bd327-9d22-4e5b-b6a4-3e1672ad063d","username":"crazydog899","password":"panda","salt":"2kl6vT8B","md5":"6409380a80c1ca684669f7708e5bd723","sha1":"fd6180562b4142df50810d28b398c4b1567d54a7","sha256":"bd5feb9707d8cdb4872043e6139be1dc001a2c0eaa10734f4c770dcbbaf22a23"},"dob":{"date":"1950-11-28T15:02:51.988Z","age":73},"registered":{"date":"2010-07-19T19:12:54.009Z","age":13},"phone":"0168-0318021","cell":"0172-7776321","id":{"name":"SVNR","value":"04 281150 T 641"},"picture":{"large":"https://randomuser.me/api/portraits/women/45.jpg","medium":"https://randomuser.me/api/portraits/med/women/45.jpg","thumbnail":"https://randomuser.me/api/portraits/thumb/women/45.jpg"},"nat":"DE"}],"info":{"seed":"5fbff34f450c0fe2","results":1,"page":1,"version":"1.4"}} 
 </msg>
<msg time="2024-05-10T06:18:47.196255" level="INFO">/opt/hostedtoolcache/Python/3.12.3/x64/lib/python3.12/site-packages/urllib3/connectionpool.py:1103: InsecureRequestWarning: Unverified HTTPS request is being made to host 'randomuser.me'. Adding certificate verification is strongly advised. See: https://urllib3.readthedocs.io/en/latest/advanced-usage.html#tls-warnings
  warnings.warn(</msg>
<msg time="2024-05-10T06:18:47.196378" level="INFO">${response} = &lt;Response [200]&gt;</msg>
<var>${response}</var>
<arg>consultarAPI</arg>
<arg>/api</arg>
<doc>Sends a GET request on a previously created HTTP Session.</doc>
<status status="PASS" start="2024-05-10T06:18:47.101881" elapsed="0.094526"/>
</kw>
<kw name="Set Variable" owner="BuiltIn">
<msg time="2024-05-10T06:18:47.197506" level="INFO">${json_data} = {'results': [{'gender': 'female', 'name': {'title': 'Miss', 'first': 'Michelle', 'last': 'Tesch'}, 'location': {'street': {'number': 8409, 'name': 'Buchenweg'}, 'city': 'Bonn', 'state': 'Mecklenburg-V...</msg>
<var>${json_data}</var>
<arg>${response.json()}</arg>
<doc>Returns the given values which can then be assigned to a variables.</doc>
<status status="PASS" start="2024-05-10T06:18:47.196961" elapsed="0.000574"/>
</kw>
<kw name="Log" owner="BuiltIn">
<msg time="2024-05-10T06:18:47.197996" level="INFO">{'results': [{'gender': 'female', 'name': {'title': 'Miss', 'first': 'Michelle', 'last': 'Tesch'}, 'location': {'street': {'number': 8409, 'name': 'Buchenweg'}, 'city': 'Bonn', 'state': 'Mecklenburg-Vorpommern', 'country': 'Germany', 'postcode': 61169, 'coordinates': {'latitude': '-50.5944', 'longitude': '176.5374'}, 'timezone': {'offset': '+5:45', 'description': 'Kathmandu'}}, 'email': 'michelle.tesch@example.com', 'login': {'uuid': 'be3bd327-9d22-4e5b-b6a4-3e1672ad063d', 'username': 'crazydog899', 'password': 'panda', 'salt': '2kl6vT8B', 'md5': '6409380a80c1ca684669f7708e5bd723', 'sha1': 'fd6180562b4142df50810d28b398c4b1567d54a7', 'sha256': 'bd5feb9707d8cdb4872043e6139be1dc001a2c0eaa10734f4c770dcbbaf22a23'}, 'dob': {'date': '1950-11-28T15:02:51.988Z', 'age': 73}, 'registered': {'date': '2010-07-19T19:12:54.009Z', 'age': 13}, 'phone': '0168-0318021', 'cell': '0172-7776321', 'id': {'name': 'SVNR', 'value': '04 281150 T 641'}, 'picture': {'large': 'https://randomuser.me/api/portraits/women/45.jpg', 'medium': 'https://randomuser.me/api/portraits/med/women/45.jpg', 'thumbnail': 'https://randomuser.me/api/portraits/thumb/women/45.jpg'}, 'nat': 'DE'}], 'info': {'seed': '5fbff34f450c0fe2', 'results': 1, 'page': 1, 'version': '1.4'}}</msg>
<arg>${json_data}</arg>
<doc>Logs the given message with the given level.</doc>
<status status="PASS" start="2024-05-10T06:18:47.197841" elapsed="0.000203"/>
</kw>
<kw name="Should Be Equal As Numbers" owner="BuiltIn">
<arg>${json_data['results'][0]['location']['postcode']}</arg>
<arg>${json_data['results'][0]['location']['postcode']}</arg>
<doc>Fails if objects are unequal after converting them to real numbers.</doc>
<status status="PASS" start="2024-05-10T06:18:47.198345" elapsed="0.000827"/>
</kw>
<kw name="Log" owner="BuiltIn">
<msg time="2024-05-10T06:18:47.199774" level="INFO">61169</msg>
<arg>${json_data['results'][0]['location']['postcode']}</arg>
<doc>Logs the given message with the given level.</doc>
<status status="PASS" start="2024-05-10T06:18:47.199402" elapsed="0.000415"/>
</kw>
<status status="PASS" start="2024-05-10T06:18:47.101644" elapsed="0.098441"/>
</kw>
<doc>Testa se os tipos de dados na resposta da API estão corretos.</doc>
<tag>testeTiposDados</tag>
<status status="PASS" start="2024-05-10T06:18:47.014689" elapsed="0.185565"/>
</test>
<test id="s1-s1-t5" name="Validar conteudo" line="35">
<kw name="Teste de Tipos de Conteudo" owner="random-user-service">
<kw name="GET On Session" owner="RequestsLibrary">
<msg time="2024-05-10T06:18:47.292425" level="INFO">GET Request : url=https://randomuser.me/api 
 path_url=/api 
 headers={'User-Agent': 'python-requests/2.31.0', 'Accept-Encoding': 'gzip, deflate', 'Accept': '*/*', 'Connection': 'keep-alive'} 
 body=None 
 </msg>
<msg time="2024-05-10T06:18:47.292558" level="INFO">GET Response : url=https://randomuser.me/api 
 status=200, reason=OK 
 headers={'Date': 'Fri, 10 May 2024 06:18:47 GMT', 'Content-Type': 'application/json; charset=utf-8', 'Transfer-Encoding': 'chunked', 'Connection': 'keep-alive', 'X-Powered-By': 'Express', 'Access-Control-Allow-Origin': '*', 'Cache-Control': 'no-cache', 'ETag': 'W/"4b1-gW3+JwLnAlQ5Wa0bHFTlpa2yedI"', 'Vary': 'Accept-Encoding', 'Content-Encoding': 'gzip', 'CF-Cache-Status': 'DYNAMIC', 'Report-To': '{"endpoints":[{"url":"https:\\/\\/a.nel.cloudflare.com\\/report\\/v4?s=l%2Fq5JeBHJEhbVt9VGzsxvjauVDFO3%2B61t%2BGlKxtNe%2FtilK7408B4ojqcq%2FuY%2BPtTiG9QTjL0tjvxoSgd6J7bmwH%2BN5AMSmimig4Z8MDXJzrTkpIHIc1VFb%2FKxWh3BVvk"}],"group":"cf-nel","max_age":604800}', 'NEL': '{"success_fraction":0,"report_to":"cf-nel","max_age":604800}', 'Server': 'cloudflare', 'CF-RAY': '8817d05d0c642c11-ORD', 'alt-svc': 'h3=":443"; ma=86400'} 
 body={"results":[{"gender":"male","name":{"title":"Mr","first":"Calvin","last":"Nieman"},"location":{"street":{"number":8005,"name":"Jacob van Wassenaerstraat"},"city":"Bad Nieuweschans","state":"Gelderland","country":"Netherlands","postcode":"3621 YU","coordinates":{"latitude":"37.1414","longitude":"-106.2144"},"timezone":{"offset":"-6:00","description":"Central Time (US &amp; Canada), Mexico City"}},"email":"calvin.nieman@example.com","login":{"uuid":"283cd05a-5be2-4350-bea7-be38bf12d173","username":"purplekoala768","password":"trinitro","salt":"uT3lovaB","md5":"7fc4323e354e319753f7f199581d8d0d","sha1":"9cd9e7b7c978160c54448e930a1d8b7c607c508b","sha256":"d4551731d007ee0bd10d46d784cb5e423437e4218c28d6eb5ea2020827a26610"},"dob":{"date":"1995-03-17T10:48:18.920Z","age":29},"registered":{"date":"2006-11-22T20:23:45.880Z","age":17},"phone":"(069) 0180427","cell":"(06) 16108672","id":{"name":"BSN","value":"02006861"},"picture":{"large":"https://randomuser.me/api/portraits/men/50.jpg","medium":"https://randomuser.me/api/portraits/med/men/50.jpg","thumbnail":"https://randomuser.me/api/portraits/thumb/men/50.jpg"},"nat":"NL"}],"info":{"seed":"3bd756b49afe1647","results":1,"page":1,"version":"1.4"}} 
 </msg>
<msg time="2024-05-10T06:18:47.292676" level="INFO">/opt/hostedtoolcache/Python/3.12.3/x64/lib/python3.12/site-packages/urllib3/connectionpool.py:1103: InsecureRequestWarning: Unverified HTTPS request is being made to host 'randomuser.me'. Adding certificate verification is strongly advised. See: https://urllib3.readthedocs.io/en/latest/advanced-usage.html#tls-warnings
  warnings.warn(</msg>
<msg time="2024-05-10T06:18:47.292859" level="INFO">${response} = &lt;Response [200]&gt;</msg>
<var>${response}</var>
<arg>consultarAPI</arg>
<arg>/api</arg>
<doc>Sends a GET request on a previously created HTTP Session.</doc>
<status status="PASS" start="2024-05-10T06:18:47.202838" elapsed="0.090070"/>
</kw>
<kw name="Set Variable" owner="BuiltIn">
<msg time="2024-05-10T06:18:47.294404" level="INFO">${json_data} = {'results': [{'gender': 'male', 'name': {'title': 'Mr', 'first': 'Calvin', 'last': 'Nieman'}, 'location': {'street': {'number': 8005, 'name': 'Jacob van Wassenaerstraat'}, 'city': 'Bad Nieuweschans', ...</msg>
<var>${json_data}</var>
<arg>${response.json()}</arg>
<doc>Returns the given values which can then be assigned to a variables.</doc>
<status status="PASS" start="2024-05-10T06:18:47.293648" elapsed="0.000800"/>
</kw>
<kw name="Set Variable" owner="BuiltIn">
<msg time="2024-05-10T06:18:47.295586" level="INFO">${name_title} = Mr</msg>
<var>${name_title}</var>
<arg>${json_data["results"][0]["name"]["title"]}</arg>
<doc>Returns the given values which can then be assigned to a variables.</doc>
<status status="PASS" start="2024-05-10T06:18:47.294940" elapsed="0.000692"/>
</kw>
<kw name="Create List" owner="BuiltIn">
<msg time="2024-05-10T06:18:47.296402" level="INFO">${allowed_titles} = ['Mr', 'Ms', 'Miss', 'Mrs', 'Madame', 'Monsieur']</msg>
<var>${allowed_titles}</var>
<arg>Mr</arg>
<arg>Ms</arg>
<arg>Miss</arg>
<arg>Mrs</arg>
<arg>Madame</arg>
<arg>Monsieur</arg>
<doc>Returns a list containing given items.</doc>
<status status="PASS" start="2024-05-10T06:18:47.296148" elapsed="0.000299"/>
</kw>
<kw name="List Should Contain Value" owner="Collections">
<msg time="2024-05-10T06:18:47.297196" level="INFO">False</msg>
<arg>${allowed_titles}</arg>
<arg>${name_title}</arg>
<doc>Fails if the ``value`` is not found from ``list``.</doc>
<status status="PASS" start="2024-05-10T06:18:47.296932" elapsed="0.000323"/>
</kw>
<kw name="Set Variable" owner="BuiltIn">
<msg time="2024-05-10T06:18:47.298392" level="INFO">${name_country} = NL</msg>
<var>${name_country}</var>
<arg>${json_data["results"][0]["nat"]}</arg>
<doc>Returns the given values which can then be assigned to a variables.</doc>
<status status="PASS" start="2024-05-10T06:18:47.297716" elapsed="0.000720"/>
</kw>
<kw name="Create List" owner="BuiltIn">
<msg time="2024-05-10T06:18:47.300175" level="INFO">${list_country} = ['AD', 'AE', 'AF', 'AG', 'AI', 'AL', 'AM', 'AO', 'AQ', 'AR', 'AS', 'AT', 'AU', 'AW', 'AX', 'AZ', 'BA', 'BB', 'BD', 'BE', 'BF', 'BG', 'BH', 'BI', 'BJ', 'BL', 'BM', 'BN', 'BO', 'BQ', 'BR', 'BS', 'BT', '...</msg>
<var>${list_country}</var>
<arg>AD</arg>
<arg>AE</arg>
<arg>AF</arg>
<arg>AG</arg>
<arg>AI</arg>
<arg>AL</arg>
<arg>AM</arg>
<arg>AO</arg>
<arg>AQ</arg>
<arg>AR</arg>
<arg>AS</arg>
<arg>AT</arg>
<arg>AU</arg>
<arg>AW</arg>
<arg>AX</arg>
<arg>AZ</arg>
<arg>BA</arg>
<arg>BB</arg>
<arg>BD</arg>
<arg>BE</arg>
<arg>BF</arg>
<arg>BG</arg>
<arg>BH</arg>
<arg>BI</arg>
<arg>BJ</arg>
<arg>BL</arg>
<arg>BM</arg>
<arg>BN</arg>
<arg>BO</arg>
<arg>BQ</arg>
<arg>BR</arg>
<arg>BS</arg>
<arg>BT</arg>
<arg>BV</arg>
<arg>BW</arg>
<arg>BY</arg>
<arg>BZ</arg>
<arg>CA</arg>
<arg>CC</arg>
<arg>CD</arg>
<arg>CF</arg>
<arg>CG</arg>
<arg>CH</arg>
<arg>CI</arg>
<arg>CK</arg>
<arg>CL</arg>
<arg>CM</arg>
<arg>CN</arg>
<arg>CO</arg>
<arg>CR</arg>
<arg>CU</arg>
<arg>CV</arg>
<arg>CW</arg>
<arg>CX</arg>
<arg>CY</arg>
<arg>CZ</arg>
<arg>DE</arg>
<arg>DJ</arg>
<arg>DK</arg>
<arg>DM</arg>
<arg>DO</arg>
<arg>DZ</arg>
<arg>EC</arg>
<arg>EE</arg>
<arg>EG</arg>
<arg>EH</arg>
<arg>ER</arg>
<arg>ES</arg>
<arg>ET</arg>
<arg>FI</arg>
<arg>FJ</arg>
<arg>FK</arg>
<arg>FM</arg>
<arg>FO</arg>
<arg>FR</arg>
<arg>GA</arg>
<arg>GB</arg>
<arg>GD</arg>
<arg>GE</arg>
<arg>GF</arg>
<arg>GG</arg>
<arg>GH</arg>
<arg>GI</arg>
<arg>GL</arg>
<arg>GM</arg>
<arg>GN</arg>
<arg>GP</arg>
<arg>GQ</arg>
<arg>GR</arg>
<arg>GS</arg>
<arg>GT</arg>
<arg>GU</arg>
<arg>GW</arg>
<arg>GY</arg>
<arg>HK</arg>
<arg>HM</arg>
<arg>HN</arg>
<arg>HR</arg>
<arg>HT</arg>
<arg>HU</arg>
<arg>ID</arg>
<arg>IE</arg>
<arg>IL</arg>
<arg>IM</arg>
<arg>IN</arg>
<arg>IO</arg>
<arg>IQ</arg>
<arg>IR</arg>
<arg>IS</arg>
<arg>IT</arg>
<arg>JE</arg>
<arg>JM</arg>
<arg>JO</arg>
<arg>JP</arg>
<arg>KE</arg>
<arg>KG</arg>
<arg>KH</arg>
<arg>KI</arg>
<arg>KM</arg>
<arg>KN</arg>
<arg>KP</arg>
<arg>KR</arg>
<arg>KW</arg>
<arg>KY</arg>
<arg>KZ</arg>
<arg>LA</arg>
<arg>LB</arg>
<arg>LC</arg>
<arg>LI</arg>
<arg>LK</arg>
<arg>LR</arg>
<arg>LS</arg>
<arg>LT</arg>
<arg>LU</arg>
<arg>LV</arg>
<arg>LY</arg>
<arg>MA</arg>
<arg>MC</arg>
<arg>MD</arg>
<arg>ME</arg>
<arg>MF</arg>
<arg>MG</arg>
<arg>MH</arg>
<arg>MK</arg>
<arg>ML</arg>
<arg>MM</arg>
<arg>MN</arg>
<arg>MO</arg>
<arg>MP</arg>
<arg>MQ</arg>
<arg>MR</arg>
<arg>MS</arg>
<arg>MT</arg>
<arg>MU</arg>
<arg>MV</arg>
<arg>MW</arg>
<arg>MX</arg>
<arg>MY</arg>
<arg>MZ</arg>
<arg>NA</arg>
<arg>NC</arg>
<arg>NE</arg>
<arg>NF</arg>
<arg>NG</arg>
<arg>NI</arg>
<arg>NL</arg>
<arg>NO</arg>
<arg>NP</arg>
<arg>NR</arg>
<arg>NU</arg>
<arg>NZ</arg>
<arg>OM</arg>
<arg>PA</arg>
<arg>PE</arg>
<arg>PF</arg>
<arg>PG</arg>
<arg>PH</arg>
<arg>PK</arg>
<arg>PL</arg>
<arg>PM</arg>
<arg>PN</arg>
<arg>PR</arg>
<arg>PS</arg>
<arg>PT</arg>
<arg>PW</arg>
<arg>PY</arg>
<arg>QA</arg>
<arg>RE</arg>
<arg>RO</arg>
<arg>RS</arg>
<arg>RU</arg>
<arg>RW</arg>
<arg>SA</arg>
<arg>SB</arg>
<arg>SC</arg>
<arg>SD</arg>
<arg>SE</arg>
<arg>SG</arg>
<arg>SH</arg>
<arg>SI</arg>
<arg>SJ</arg>
<arg>SK</arg>
<arg>SL</arg>
<arg>SM</arg>
<arg>SN</arg>
<arg>SO</arg>
<arg>SR</arg>
<arg>SS</arg>
<arg>ST</arg>
<arg>SV</arg>
<arg>SX</arg>
<arg>SY</arg>
<arg>SZ</arg>
<arg>TC</arg>
<arg>TD</arg>
<arg>TF</arg>
<arg>TG</arg>
<arg>TH</arg>
<arg>TJ</arg>
<arg>TK</arg>
<arg>TL</arg>
<arg>TM</arg>
<arg>TN</arg>
<arg>TO</arg>
<arg>TR</arg>
<arg>TT</arg>
<arg>TV</arg>
<arg>TW</arg>
<arg>TZ</arg>
<arg>UA</arg>
<arg>UG</arg>
<arg>UM</arg>
<arg>US</arg>
<arg>UY</arg>
<arg>UZ</arg>
<arg>VA</arg>
<arg>VC</arg>
<arg>VE</arg>
<arg>VG</arg>
<arg>VI</arg>
<arg>VN</arg>
<arg>VU</arg>
<arg>WF</arg>
<arg>WS</arg>
<arg>XK</arg>
<arg>YE</arg>
<arg>YT</arg>
<arg>ZA</arg>
<arg>ZM</arg>
<arg>ZW</arg>
<doc>Returns a list containing given items.</doc>
<status status="PASS" start="2024-05-10T06:18:47.298938" elapsed="0.001282"/>
</kw>
<kw name="List Should Contain Value" owner="Collections">
<msg time="2024-05-10T06:18:47.301871" level="INFO">False</msg>
<arg>${list_country}</arg>
<arg>${name_country}</arg>
<doc>Fails if the ``value`` is not found from ``list``.</doc>
<status status="PASS" start="2024-05-10T06:18:47.301559" elapsed="0.000370"/>
</kw>
<kw name="Run Keyword If" owner="BuiltIn">
<kw name="Should Be True" owner="BuiltIn">
<arg>${True}</arg>
<doc>Fails if the given condition is not true.</doc>
<status status="PASS" start="2024-05-10T06:18:47.303793" elapsed="0.000236"/>
</kw>
<arg>${json_data["results"][0]["location"]["coordinates"]["latitude"]} &gt;= -90 and ${json_data["results"][0]["location"]["coordinates"]["latitude"]} &lt;= 90</arg>
<arg>Should Be True</arg>
<arg>${True}</arg>
<doc>Runs the given keyword with the given arguments, if ``condition`` is true.</doc>
<status status="PASS" start="2024-05-10T06:18:47.302404" elapsed="0.001825"/>
</kw>
<kw name="Run Keyword If" owner="BuiltIn">
<kw name="Should Be True" owner="BuiltIn">
<arg>${True}</arg>
<doc>Fails if the given condition is not true.</doc>
<status status="PASS" start="2024-05-10T06:18:47.305705" elapsed="0.000440"/>
</kw>
<arg>${json_data["results"][0]["location"]["coordinates"]["longitude"]} &gt;= -180 and ${json_data["results"][0]["location"]["coordinates"]["longitude"]} &lt;= 180</arg>
<arg>Should Be True</arg>
<arg>${True}</arg>
<doc>Runs the given keyword with the given arguments, if ``condition`` is true.</doc>
<status status="PASS" start="2024-05-10T06:18:47.304534" elapsed="0.001831"/>
</kw>
<status status="PASS" start="2024-05-10T06:18:47.202605" elapsed="0.104013"/>
</kw>
<doc>Testa o conteúdo específico dos campos retornados pela API.</doc>
<tag>testeConteudo</tag>
<status status="PASS" start="2024-05-10T06:18:47.202040" elapsed="0.104879"/>
</test>
<status status="PASS" start="2024-05-10T06:18:46.490727" elapsed="0.819750"/>
</suite>
<status status="PASS" start="2024-05-10T06:18:46.476962" elapsed="0.841125"/>
</suite>
<statistics>
<total>
<stat pass="5" fail="0" skip="0">All Tests</stat>
</total>
<tag>
<stat pass="1" fail="0" skip="0">testeConteudo</stat>
<stat pass="1" fail="0" skip="0">testeEstruturaResposta</stat>
<stat pass="1" fail="0" skip="0">testeRequisicaoBasica</stat>
<stat pass="1" fail="0" skip="0">testeTiposDados</stat>
</tag>
<suite>
<stat pass="5" fail="0" skip="0" id="s1" name="Tests">Tests</stat>
<stat pass="5" fail="0" skip="0" id="s1-s1" name="Random-User-Test">Tests.Random-User-Test</stat>
</suite>
</statistics>
<errors>
</errors>
</robot>
