<?xml version="1.0" encoding="UTF-8"?>
<robot generator="Robot 7.0 (Python 3.12.3 on linux)" generated="2024-05-29T12:28:07.160371" rpa="false" schemaversion="5">
<suite id="s1" name="Tests" source="/home/runner/work/ApiRandomUser/ApiRandomUser/RamdonUser/tests">
<suite id="s1-s1" name="Random-User-Test" source="/home/runner/work/ApiRandomUser/ApiRandomUser/RamdonUser/tests/random-user-test.robot">
<test id="s1-s1-t1" name="Conectar" line="13">
<kw name="Conectar API" owner="random-user-service">
<kw name="Create Session" owner="RequestsLibrary">
<msg time="2024-05-29T12:28:07.572556" level="INFO">Creating Session using : alias=consultarAPI, url=https://randomuser.me/, headers={},                     cookies={}, auth=None, timeout=None, proxies=None, verify=False,                     debug=0 </msg>
<arg>consultarAPI</arg>
<arg>${URL}</arg>
<doc>Create Session: create a HTTP session to a server</doc>
<status status="PASS" start="2024-05-29T12:28:07.572360" elapsed="0.000363"/>
</kw>
<status status="PASS" start="2024-05-29T12:28:07.571370" elapsed="0.001700"/>
</kw>
<status status="PASS" start="2024-05-29T12:28:07.570735" elapsed="0.002529"/>
</test>
<test id="s1-s1-t2" name="Validar retorno 200 e JSON Válido" line="16">
<kw name="Teste de Requisicao Basica" owner="random-user-service">
<kw name="GET On Session" owner="RequestsLibrary">
<msg time="2024-05-29T12:28:07.637782" level="INFO">GET Request : url=https://randomuser.me/api 
 path_url=/api 
 headers={'User-Agent': 'python-requests/2.32.2', 'Accept-Encoding': 'gzip, deflate', 'Accept': '*/*', 'Connection': 'keep-alive'} 
 body=None 
 </msg>
<msg time="2024-05-29T12:28:07.637904" level="INFO">GET Response : url=https://randomuser.me/api 
 status=200, reason=OK 
 headers={'Date': 'Wed, 29 May 2024 12:28:07 GMT', 'Content-Type': 'application/json; charset=utf-8', 'Transfer-Encoding': 'chunked', 'Connection': 'keep-alive', 'X-Powered-By': 'Express', 'Access-Control-Allow-Origin': '*', 'Cache-Control': 'no-cache', 'ETag': 'W/"485-3887GbKYLcms7f9NuqqMgYd6Vyc"', 'Vary': 'Accept-Encoding', 'Content-Encoding': 'gzip', 'CF-Cache-Status': 'DYNAMIC', 'Report-To': '{"endpoints":[{"url":"https:\\/\\/a.nel.cloudflare.com\\/report\\/v4?s=uAetym2SzRCfIHdkBqdluscCbtZinL027XYzSj67QAFuKQ3rLWRAHYlFHu2WjqS0YPSSql9GvBpYvnJJDUzzDRDvKf%2FNojVvcJtjWm2dbpl6MMo51sH%2FpVqU8QZ%2FgK%2FF"}],"group":"cf-nel","max_age":604800}', 'NEL': '{"success_fraction":0,"report_to":"cf-nel","max_age":604800}', 'Server': 'cloudflare', 'CF-RAY': '88b67b838c8337ee-IAD', 'alt-svc': 'h3=":443"; ma=86400'} 
 body={"results":[{"gender":"female","name":{"title":"Ms","first":"Susan","last":"Stephens"},"location":{"street":{"number":635,"name":"Stanley Road"},"city":"Birmingham","state":"Devon","country":"United Kingdom","postcode":"I9S 5YF","coordinates":{"latitude":"-10.2897","longitude":"148.7762"},"timezone":{"offset":"+4:30","description":"Kabul"}},"email":"susan.stephens@example.com","login":{"uuid":"edca1c14-b011-43e1-9f39-1938d605f7f3","username":"organiccat635","password":"cecilia","salt":"bffp4hK7","md5":"264f975b9db797bf68afaa36a4e549cb","sha1":"6599bb98fb4a1ca8423eda4be81547423b431640","sha256":"b589a66449a3793190c2c91b3ef79fe924c18e96b832488d0ae07764172b5ad2"},"dob":{"date":"1955-08-14T08:58:48.146Z","age":68},"registered":{"date":"2012-12-18T01:25:34.853Z","age":11},"phone":"017687 25841","cell":"07884 605701","id":{"name":"NINO","value":"CA 19 40 88 G"},"picture":{"large":"https://randomuser.me/api/portraits/women/82.jpg","medium":"https://randomuser.me/api/portraits/med/women/82.jpg","thumbnail":"https://randomuser.me/api/portraits/thumb/women/82.jpg"},"nat":"GB"}],"info":{"seed":"0b0fffb7e76a7d6a","results":1,"page":1,"version":"1.4"}} 
 </msg>
<msg time="2024-05-29T12:28:07.637985" level="INFO">/opt/hostedtoolcache/Python/3.12.3/x64/lib/python3.12/site-packages/urllib3/connectionpool.py:1103: InsecureRequestWarning: Unverified HTTPS request is being made to host 'randomuser.me'. Adding certificate verification is strongly advised. See: https://urllib3.readthedocs.io/en/latest/advanced-usage.html#tls-warnings
  warnings.warn(</msg>
<msg time="2024-05-29T12:28:07.638121" level="INFO">${response} = &lt;Response [200]&gt;</msg>
<var>${response}</var>
<arg>consultarAPI</arg>
<arg>/api</arg>
<doc>Sends a GET request on a previously created HTTP Session.</doc>
<status status="PASS" start="2024-05-29T12:28:07.575959" elapsed="0.062204"/>
</kw>
<kw name="Should Be Equal As Numbers" owner="BuiltIn">
<msg time="2024-05-29T12:28:07.639191" level="INFO">Argument types are:
&lt;class 'int'&gt;
&lt;class 'str'&gt;</msg>
<arg>${response.status_code}</arg>
<arg>200</arg>
<doc>Fails if objects are unequal after converting them to real numbers.</doc>
<status status="PASS" start="2024-05-29T12:28:07.638666" elapsed="0.000589"/>
</kw>
<kw name="Log" owner="BuiltIn">
<msg time="2024-05-29T12:28:07.639946" level="INFO">200</msg>
<arg>${response.status_code}</arg>
<doc>Logs the given message with the given level.</doc>
<status status="PASS" start="2024-05-29T12:28:07.639597" elapsed="0.000398"/>
</kw>
<kw name="Set Variable" owner="BuiltIn">
<msg time="2024-05-29T12:28:07.640731" level="INFO">${json_data} = {'results': [{'gender': 'female', 'name': {'title': 'Ms', 'first': 'Susan', 'last': 'Stephens'}, 'location': {'street': {'number': 635, 'name': 'Stanley Road'}, 'city': 'Birmingham', 'state': 'Devon',...</msg>
<var>${json_data}</var>
<arg>${response.json()}</arg>
<doc>Returns the given values which can then be assigned to a variables.</doc>
<status status="PASS" start="2024-05-29T12:28:07.640309" elapsed="0.000450"/>
</kw>
<kw name="Dictionary Should Contain Key" owner="Collections">
<msg time="2024-05-29T12:28:07.641237" level="INFO">False</msg>
<arg>${json_data}</arg>
<arg>results</arg>
<doc>Fails if ``key`` is not found from ``dictionary``.</doc>
<status status="PASS" start="2024-05-29T12:28:07.641071" elapsed="0.000326"/>
</kw>
<status status="PASS" start="2024-05-29T12:28:07.575719" elapsed="0.065938"/>
</kw>
<doc>Testa se a API responde corretamente e retorna um objeto JSON válido.</doc>
<tag>testeRequisicaoBasica</tag>
<status status="PASS" start="2024-05-29T12:28:07.575194" elapsed="0.066635"/>
</test>
<test id="s1-s1-t3" name="Validar estrutura de resposta" line="22">
<kw name="Teste de Estrutura de Resposta" owner="random-user-service">
<kw name="GET On Session" owner="RequestsLibrary">
<msg time="2024-05-29T12:28:07.769691" level="INFO">GET Request : url=https://randomuser.me/api 
 path_url=/api 
 headers={'User-Agent': 'python-requests/2.32.2', 'Accept-Encoding': 'gzip, deflate', 'Accept': '*/*', 'Connection': 'keep-alive'} 
 body=None 
 </msg>
<msg time="2024-05-29T12:28:07.769793" level="INFO">GET Response : url=https://randomuser.me/api 
 status=200, reason=OK 
 headers={'Date': 'Wed, 29 May 2024 12:28:07 GMT', 'Content-Type': 'application/json; charset=utf-8', 'Transfer-Encoding': 'chunked', 'Connection': 'keep-alive', 'X-Powered-By': 'Express', 'Access-Control-Allow-Origin': '*', 'Cache-Control': 'no-cache', 'ETag': 'W/"498-cWNhQc5l/+EkbbMleOPY8gYkVKc"', 'Vary': 'Accept-Encoding', 'Content-Encoding': 'gzip', 'CF-Cache-Status': 'DYNAMIC', 'Report-To': '{"endpoints":[{"url":"https:\\/\\/a.nel.cloudflare.com\\/report\\/v4?s=EBi5PFsisGXFal3TLgAWRqXDDSk4jBAH7nyPzwTYxVkueZQx4EZ5xbnA0thuB3R7sfDIiYke%2Fqt3agql0rMGj3sYX8TEANbkPmzzy1NhfnZokFpIwGYCIFUfAsSpk64R"}],"group":"cf-nel","max_age":604800}', 'NEL': '{"success_fraction":0,"report_to":"cf-nel","max_age":604800}', 'Server': 'cloudflare', 'CF-RAY': '88b67b83ccad37ee-IAD', 'alt-svc': 'h3=":443"; ma=86400'} 
 body={"results":[{"gender":"female","name":{"title":"Miss","first":"Siiri","last":"Aro"},"location":{"street":{"number":8494,"name":"Rotuaari"},"city":"Kajaani","state":"Kymenlaakso","country":"Finland","postcode":54845,"coordinates":{"latitude":"-29.1097","longitude":"166.9003"},"timezone":{"offset":"-4:00","description":"Atlantic Time (Canada), Caracas, La Paz"}},"email":"siiri.aro@example.com","login":{"uuid":"e054db33-735b-4bbc-bac3-8cd7c22c8a06","username":"blueleopard821","password":"senator","salt":"pvTRSW7P","md5":"c1dfb766ba775d60016824c79bad4967","sha1":"edce4bf9667fee63b786d56ef1803a2b9bf5fd34","sha256":"710233f95bb6f871d94febfffc1b154de2e47d24c6257cc9abb475b2fe6fe492"},"dob":{"date":"1992-11-02T23:37:12.778Z","age":31},"registered":{"date":"2011-07-31T16:04:52.659Z","age":12},"phone":"03-175-604","cell":"040-971-12-19","id":{"name":"HETU","value":"NaNNA288undefined"},"picture":{"large":"https://randomuser.me/api/portraits/women/78.jpg","medium":"https://randomuser.me/api/portraits/med/women/78.jpg","thumbnail":"https://randomuser.me/api/portraits/thumb/women/78.jpg"},"nat":"FI"}],"info":{"seed":"3e252d568eb917db","results":1,"page":1,"version":"1.4"}} 
 </msg>
<msg time="2024-05-29T12:28:07.769932" level="INFO">/opt/hostedtoolcache/Python/3.12.3/x64/lib/python3.12/site-packages/urllib3/connectionpool.py:1103: InsecureRequestWarning: Unverified HTTPS request is being made to host 'randomuser.me'. Adding certificate verification is strongly advised. See: https://urllib3.readthedocs.io/en/latest/advanced-usage.html#tls-warnings
  warnings.warn(</msg>
<msg time="2024-05-29T12:28:07.770099" level="INFO">${response} = &lt;Response [200]&gt;</msg>
<var>${response}</var>
<arg>consultarAPI</arg>
<arg>/api</arg>
<doc>Sends a GET request on a previously created HTTP Session.</doc>
<status status="PASS" start="2024-05-29T12:28:07.644474" elapsed="0.125682"/>
</kw>
<kw name="Set Variable" owner="BuiltIn">
<msg time="2024-05-29T12:28:07.771321" level="INFO">${json_data} = {'results': [{'gender': 'female', 'name': {'title': 'Miss', 'first': 'Siiri', 'last': 'Aro'}, 'location': {'street': {'number': 8494, 'name': 'Rotuaari'}, 'city': 'Kajaani', 'state': 'Kymenlaakso', 'c...</msg>
<var>${json_data}</var>
<arg>${response.json()}</arg>
<doc>Returns the given values which can then be assigned to a variables.</doc>
<status status="PASS" start="2024-05-29T12:28:07.770739" elapsed="0.000611"/>
</kw>
<kw name="Log" owner="BuiltIn">
<msg time="2024-05-29T12:28:07.771820" level="INFO">{'results': [{'gender': 'female', 'name': {'title': 'Miss', 'first': 'Siiri', 'last': 'Aro'}, 'location': {'street': {'number': 8494, 'name': 'Rotuaari'}, 'city': 'Kajaani', 'state': 'Kymenlaakso', 'country': 'Finland', 'postcode': 54845, 'coordinates': {'latitude': '-29.1097', 'longitude': '166.9003'}, 'timezone': {'offset': '-4:00', 'description': 'Atlantic Time (Canada), Caracas, La Paz'}}, 'email': 'siiri.aro@example.com', 'login': {'uuid': 'e054db33-735b-4bbc-bac3-8cd7c22c8a06', 'username': 'blueleopard821', 'password': 'senator', 'salt': 'pvTRSW7P', 'md5': 'c1dfb766ba775d60016824c79bad4967', 'sha1': 'edce4bf9667fee63b786d56ef1803a2b9bf5fd34', 'sha256': '710233f95bb6f871d94febfffc1b154de2e47d24c6257cc9abb475b2fe6fe492'}, 'dob': {'date': '1992-11-02T23:37:12.778Z', 'age': 31}, 'registered': {'date': '2011-07-31T16:04:52.659Z', 'age': 12}, 'phone': '03-175-604', 'cell': '040-971-12-19', 'id': {'name': 'HETU', 'value': 'NaNNA288undefined'}, 'picture': {'large': 'https://randomuser.me/api/portraits/women/78.jpg', 'medium': 'https://randomuser.me/api/portraits/med/women/78.jpg', 'thumbnail': 'https://randomuser.me/api/portraits/thumb/women/78.jpg'}, 'nat': 'FI'}], 'info': {'seed': '3e252d568eb917db', 'results': 1, 'page': 1, 'version': '1.4'}}</msg>
<arg>${json_data}</arg>
<doc>Logs the given message with the given level.</doc>
<status status="PASS" start="2024-05-29T12:28:07.771662" elapsed="0.000205"/>
</kw>
<kw name="Dictionary Should Contain Key" owner="Collections">
<msg time="2024-05-29T12:28:07.772320" level="INFO">False</msg>
<arg>${json_data}</arg>
<arg>results</arg>
<doc>Fails if ``key`` is not found from ``dictionary``.</doc>
<status status="PASS" start="2024-05-29T12:28:07.772165" elapsed="0.000199"/>
</kw>
<kw name="Should Not Be Empty" owner="BuiltIn">
<msg time="2024-05-29T12:28:07.772793" level="INFO">Length is 2.</msg>
<arg>${json_data}</arg>
<doc>Verifies that the given item is not empty.</doc>
<status status="PASS" start="2024-05-29T12:28:07.772660" elapsed="0.000172"/>
</kw>
<kw name="Create List" owner="BuiltIn">
<msg time="2024-05-29T12:28:07.773281" level="INFO">${expected_keys} = ['gender', 'name', 'location', 'email', 'login']</msg>
<var>${expected_keys}</var>
<arg>gender</arg>
<arg>name</arg>
<arg>location</arg>
<arg>email</arg>
<arg>login</arg>
<doc>Returns a list containing given items.</doc>
<status status="PASS" start="2024-05-29T12:28:07.773129" elapsed="0.000175"/>
</kw>
<for flavor="IN">
<iter>
<kw name="Dictionary Should Contain Key" owner="Collections">
<msg time="2024-05-29T12:28:07.774345" level="INFO">False</msg>
<arg>${json_data['results'][0]}</arg>
<arg>${key}</arg>
<doc>Fails if ``key`` is not found from ``dictionary``.</doc>
<status status="PASS" start="2024-05-29T12:28:07.773886" elapsed="0.000498"/>
</kw>
<kw name="Log" owner="BuiltIn">
<msg time="2024-05-29T12:28:07.775065" level="INFO">{'gender': 'female', 'name': {'title': 'Miss', 'first': 'Siiri', 'last': 'Aro'}, 'location': {'street': {'number': 8494, 'name': 'Rotuaari'}, 'city': 'Kajaani', 'state': 'Kymenlaakso', 'country': 'Finland', 'postcode': 54845, 'coordinates': {'latitude': '-29.1097', 'longitude': '166.9003'}, 'timezone': {'offset': '-4:00', 'description': 'Atlantic Time (Canada), Caracas, La Paz'}}, 'email': 'siiri.aro@example.com', 'login': {'uuid': 'e054db33-735b-4bbc-bac3-8cd7c22c8a06', 'username': 'blueleopard821', 'password': 'senator', 'salt': 'pvTRSW7P', 'md5': 'c1dfb766ba775d60016824c79bad4967', 'sha1': 'edce4bf9667fee63b786d56ef1803a2b9bf5fd34', 'sha256': '710233f95bb6f871d94febfffc1b154de2e47d24c6257cc9abb475b2fe6fe492'}, 'dob': {'date': '1992-11-02T23:37:12.778Z', 'age': 31}, 'registered': {'date': '2011-07-31T16:04:52.659Z', 'age': 12}, 'phone': '03-175-604', 'cell': '040-971-12-19', 'id': {'name': 'HETU', 'value': 'NaNNA288undefined'}, 'picture': {'large': 'https://randomuser.me/api/portraits/women/78.jpg', 'medium': 'https://randomuser.me/api/portraits/med/women/78.jpg', 'thumbnail': 'https://randomuser.me/api/portraits/thumb/women/78.jpg'}, 'nat': 'FI'}</msg>
<arg>${json_data['results'][0]}</arg>
<doc>Logs the given message with the given level.</doc>
<status status="PASS" start="2024-05-29T12:28:07.774688" elapsed="0.000427"/>
</kw>
<kw name="Log" owner="BuiltIn">
<msg time="2024-05-29T12:28:07.775547" level="INFO">gender</msg>
<arg>${key}</arg>
<doc>Logs the given message with the given level.</doc>
<status status="PASS" start="2024-05-29T12:28:07.775418" elapsed="0.000167"/>
</kw>
<var name="${key}">gender</var>
<status status="PASS" start="2024-05-29T12:28:07.773759" elapsed="0.002048"/>
</iter>
<iter>
<kw name="Dictionary Should Contain Key" owner="Collections">
<msg time="2024-05-29T12:28:07.776491" level="INFO">False</msg>
<arg>${json_data['results'][0]}</arg>
<arg>${key}</arg>
<doc>Fails if ``key`` is not found from ``dictionary``.</doc>
<status status="PASS" start="2024-05-29T12:28:07.776110" elapsed="0.000418"/>
</kw>
<kw name="Log" owner="BuiltIn">
<msg time="2024-05-29T12:28:07.777211" level="INFO">{'gender': 'female', 'name': {'title': 'Miss', 'first': 'Siiri', 'last': 'Aro'}, 'location': {'street': {'number': 8494, 'name': 'Rotuaari'}, 'city': 'Kajaani', 'state': 'Kymenlaakso', 'country': 'Finland', 'postcode': 54845, 'coordinates': {'latitude': '-29.1097', 'longitude': '166.9003'}, 'timezone': {'offset': '-4:00', 'description': 'Atlantic Time (Canada), Caracas, La Paz'}}, 'email': 'siiri.aro@example.com', 'login': {'uuid': 'e054db33-735b-4bbc-bac3-8cd7c22c8a06', 'username': 'blueleopard821', 'password': 'senator', 'salt': 'pvTRSW7P', 'md5': 'c1dfb766ba775d60016824c79bad4967', 'sha1': 'edce4bf9667fee63b786d56ef1803a2b9bf5fd34', 'sha256': '710233f95bb6f871d94febfffc1b154de2e47d24c6257cc9abb475b2fe6fe492'}, 'dob': {'date': '1992-11-02T23:37:12.778Z', 'age': 31}, 'registered': {'date': '2011-07-31T16:04:52.659Z', 'age': 12}, 'phone': '03-175-604', 'cell': '040-971-12-19', 'id': {'name': 'HETU', 'value': 'NaNNA288undefined'}, 'picture': {'large': 'https://randomuser.me/api/portraits/women/78.jpg', 'medium': 'https://randomuser.me/api/portraits/med/women/78.jpg', 'thumbnail': 'https://randomuser.me/api/portraits/thumb/women/78.jpg'}, 'nat': 'FI'}</msg>
<arg>${json_data['results'][0]}</arg>
<doc>Logs the given message with the given level.</doc>
<status status="PASS" start="2024-05-29T12:28:07.776848" elapsed="0.000411"/>
</kw>
<kw name="Log" owner="BuiltIn">
<msg time="2024-05-29T12:28:07.777690" level="INFO">name</msg>
<arg>${key}</arg>
<doc>Logs the given message with the given level.</doc>
<status status="PASS" start="2024-05-29T12:28:07.777561" elapsed="0.000168"/>
</kw>
<var name="${key}">name</var>
<status status="PASS" start="2024-05-29T12:28:07.775994" elapsed="0.001965"/>
</iter>
<iter>
<kw name="Dictionary Should Contain Key" owner="Collections">
<msg time="2024-05-29T12:28:07.778654" level="INFO">False</msg>
<arg>${json_data['results'][0]}</arg>
<arg>${key}</arg>
<doc>Fails if ``key`` is not found from ``dictionary``.</doc>
<status status="PASS" start="2024-05-29T12:28:07.778277" elapsed="0.000414"/>
</kw>
<kw name="Log" owner="BuiltIn">
<msg time="2024-05-29T12:28:07.779370" level="INFO">{'gender': 'female', 'name': {'title': 'Miss', 'first': 'Siiri', 'last': 'Aro'}, 'location': {'street': {'number': 8494, 'name': 'Rotuaari'}, 'city': 'Kajaani', 'state': 'Kymenlaakso', 'country': 'Finland', 'postcode': 54845, 'coordinates': {'latitude': '-29.1097', 'longitude': '166.9003'}, 'timezone': {'offset': '-4:00', 'description': 'Atlantic Time (Canada), Caracas, La Paz'}}, 'email': 'siiri.aro@example.com', 'login': {'uuid': 'e054db33-735b-4bbc-bac3-8cd7c22c8a06', 'username': 'blueleopard821', 'password': 'senator', 'salt': 'pvTRSW7P', 'md5': 'c1dfb766ba775d60016824c79bad4967', 'sha1': 'edce4bf9667fee63b786d56ef1803a2b9bf5fd34', 'sha256': '710233f95bb6f871d94febfffc1b154de2e47d24c6257cc9abb475b2fe6fe492'}, 'dob': {'date': '1992-11-02T23:37:12.778Z', 'age': 31}, 'registered': {'date': '2011-07-31T16:04:52.659Z', 'age': 12}, 'phone': '03-175-604', 'cell': '040-971-12-19', 'id': {'name': 'HETU', 'value': 'NaNNA288undefined'}, 'picture': {'large': 'https://randomuser.me/api/portraits/women/78.jpg', 'medium': 'https://randomuser.me/api/portraits/med/women/78.jpg', 'thumbnail': 'https://randomuser.me/api/portraits/thumb/women/78.jpg'}, 'nat': 'FI'}</msg>
<arg>${json_data['results'][0]}</arg>
<doc>Logs the given message with the given level.</doc>
<status status="PASS" start="2024-05-29T12:28:07.779006" elapsed="0.000415"/>
</kw>
<kw name="Log" owner="BuiltIn">
<msg time="2024-05-29T12:28:07.779848" level="INFO">location</msg>
<arg>${key}</arg>
<doc>Logs the given message with the given level.</doc>
<status status="PASS" start="2024-05-29T12:28:07.779721" elapsed="0.000165"/>
</kw>
<var name="${key}">location</var>
<status status="PASS" start="2024-05-29T12:28:07.778161" elapsed="0.001940"/>
</iter>
<iter>
<kw name="Dictionary Should Contain Key" owner="Collections">
<msg time="2024-05-29T12:28:07.780876" level="INFO">False</msg>
<arg>${json_data['results'][0]}</arg>
<arg>${key}</arg>
<doc>Fails if ``key`` is not found from ``dictionary``.</doc>
<status status="PASS" start="2024-05-29T12:28:07.780387" elapsed="0.000527"/>
</kw>
<kw name="Log" owner="BuiltIn">
<msg time="2024-05-29T12:28:07.781571" level="INFO">{'gender': 'female', 'name': {'title': 'Miss', 'first': 'Siiri', 'last': 'Aro'}, 'location': {'street': {'number': 8494, 'name': 'Rotuaari'}, 'city': 'Kajaani', 'state': 'Kymenlaakso', 'country': 'Finland', 'postcode': 54845, 'coordinates': {'latitude': '-29.1097', 'longitude': '166.9003'}, 'timezone': {'offset': '-4:00', 'description': 'Atlantic Time (Canada), Caracas, La Paz'}}, 'email': 'siiri.aro@example.com', 'login': {'uuid': 'e054db33-735b-4bbc-bac3-8cd7c22c8a06', 'username': 'blueleopard821', 'password': 'senator', 'salt': 'pvTRSW7P', 'md5': 'c1dfb766ba775d60016824c79bad4967', 'sha1': 'edce4bf9667fee63b786d56ef1803a2b9bf5fd34', 'sha256': '710233f95bb6f871d94febfffc1b154de2e47d24c6257cc9abb475b2fe6fe492'}, 'dob': {'date': '1992-11-02T23:37:12.778Z', 'age': 31}, 'registered': {'date': '2011-07-31T16:04:52.659Z', 'age': 12}, 'phone': '03-175-604', 'cell': '040-971-12-19', 'id': {'name': 'HETU', 'value': 'NaNNA288undefined'}, 'picture': {'large': 'https://randomuser.me/api/portraits/women/78.jpg', 'medium': 'https://randomuser.me/api/portraits/med/women/78.jpg', 'thumbnail': 'https://randomuser.me/api/portraits/thumb/women/78.jpg'}, 'nat': 'FI'}</msg>
<arg>${json_data['results'][0]}</arg>
<doc>Logs the given message with the given level.</doc>
<status status="PASS" start="2024-05-29T12:28:07.781213" elapsed="0.000407"/>
</kw>
<kw name="Log" owner="BuiltIn">
<msg time="2024-05-29T12:28:07.782042" level="INFO">email</msg>
<arg>${key}</arg>
<doc>Logs the given message with the given level.</doc>
<status status="PASS" start="2024-05-29T12:28:07.781914" elapsed="0.000192"/>
</kw>
<var name="${key}">email</var>
<status status="PASS" start="2024-05-29T12:28:07.780275" elapsed="0.002066"/>
</iter>
<iter>
<kw name="Dictionary Should Contain Key" owner="Collections">
<msg time="2024-05-29T12:28:07.783018" level="INFO">False</msg>
<arg>${json_data['results'][0]}</arg>
<arg>${key}</arg>
<doc>Fails if ``key`` is not found from ``dictionary``.</doc>
<status status="PASS" start="2024-05-29T12:28:07.782633" elapsed="0.000422"/>
</kw>
<kw name="Log" owner="BuiltIn">
<msg time="2024-05-29T12:28:07.783701" level="INFO">{'gender': 'female', 'name': {'title': 'Miss', 'first': 'Siiri', 'last': 'Aro'}, 'location': {'street': {'number': 8494, 'name': 'Rotuaari'}, 'city': 'Kajaani', 'state': 'Kymenlaakso', 'country': 'Finland', 'postcode': 54845, 'coordinates': {'latitude': '-29.1097', 'longitude': '166.9003'}, 'timezone': {'offset': '-4:00', 'description': 'Atlantic Time (Canada), Caracas, La Paz'}}, 'email': 'siiri.aro@example.com', 'login': {'uuid': 'e054db33-735b-4bbc-bac3-8cd7c22c8a06', 'username': 'blueleopard821', 'password': 'senator', 'salt': 'pvTRSW7P', 'md5': 'c1dfb766ba775d60016824c79bad4967', 'sha1': 'edce4bf9667fee63b786d56ef1803a2b9bf5fd34', 'sha256': '710233f95bb6f871d94febfffc1b154de2e47d24c6257cc9abb475b2fe6fe492'}, 'dob': {'date': '1992-11-02T23:37:12.778Z', 'age': 31}, 'registered': {'date': '2011-07-31T16:04:52.659Z', 'age': 12}, 'phone': '03-175-604', 'cell': '040-971-12-19', 'id': {'name': 'HETU', 'value': 'NaNNA288undefined'}, 'picture': {'large': 'https://randomuser.me/api/portraits/women/78.jpg', 'medium': 'https://randomuser.me/api/portraits/med/women/78.jpg', 'thumbnail': 'https://randomuser.me/api/portraits/thumb/women/78.jpg'}, 'nat': 'FI'}</msg>
<arg>${json_data['results'][0]}</arg>
<doc>Logs the given message with the given level.</doc>
<status status="PASS" start="2024-05-29T12:28:07.783350" elapsed="0.000400"/>
</kw>
<kw name="Log" owner="BuiltIn">
<msg time="2024-05-29T12:28:07.784169" level="INFO">login</msg>
<arg>${key}</arg>
<doc>Logs the given message with the given level.</doc>
<status status="PASS" start="2024-05-29T12:28:07.784042" elapsed="0.000165"/>
</kw>
<var name="${key}">login</var>
<status status="PASS" start="2024-05-29T12:28:07.782519" elapsed="0.001932"/>
</iter>
<var>${key}</var>
<value>@{expected_keys}</value>
<status status="PASS" start="2024-05-29T12:28:07.773569" elapsed="0.011009"/>
</for>
<kw name="Create List" owner="BuiltIn">
<msg time="2024-05-29T12:28:07.784914" level="INFO">${expected_keysTwo} = ['username', 'password']</msg>
<var>${expected_keysTwo}</var>
<arg>username</arg>
<arg>password</arg>
<doc>Returns a list containing given items.</doc>
<status status="PASS" start="2024-05-29T12:28:07.784776" elapsed="0.000162"/>
</kw>
<for flavor="IN">
<iter>
<kw name="Dictionary Should Contain Key" owner="Collections">
<msg time="2024-05-29T12:28:07.785825" level="INFO">False</msg>
<arg>${json_data['results'][0]['login']}</arg>
<arg>${keyTwo}</arg>
<doc>Fails if ``key`` is not found from ``dictionary``.</doc>
<status status="PASS" start="2024-05-29T12:28:07.785437" elapsed="0.000425"/>
</kw>
<kw name="Dictionary Should Contain Key" owner="Collections">
<msg time="2024-05-29T12:28:07.786580" level="INFO">False</msg>
<arg>${json_data['results'][0]['login']}</arg>
<arg>${keyTwo}</arg>
<doc>Fails if ``key`` is not found from ``dictionary``.</doc>
<status status="PASS" start="2024-05-29T12:28:07.786184" elapsed="0.000433"/>
</kw>
<kw name="Log" owner="BuiltIn">
<msg time="2024-05-29T12:28:07.787038" level="INFO">username</msg>
<arg>${keyTwo}</arg>
<doc>Logs the given message with the given level.</doc>
<status status="PASS" start="2024-05-29T12:28:07.786909" elapsed="0.000166"/>
</kw>
<var name="${keyTwo}">username</var>
<status status="PASS" start="2024-05-29T12:28:07.785328" elapsed="0.001960"/>
</iter>
<iter>
<kw name="Dictionary Should Contain Key" owner="Collections">
<msg time="2024-05-29T12:28:07.787944" level="INFO">False</msg>
<arg>${json_data['results'][0]['login']}</arg>
<arg>${keyTwo}</arg>
<doc>Fails if ``key`` is not found from ``dictionary``.</doc>
<status status="PASS" start="2024-05-29T12:28:07.787570" elapsed="0.000411"/>
</kw>
<kw name="Dictionary Should Contain Key" owner="Collections">
<msg time="2024-05-29T12:28:07.788641" level="INFO">False</msg>
<arg>${json_data['results'][0]['login']}</arg>
<arg>${keyTwo}</arg>
<doc>Fails if ``key`` is not found from ``dictionary``.</doc>
<status status="PASS" start="2024-05-29T12:28:07.788273" elapsed="0.000405"/>
</kw>
<kw name="Log" owner="BuiltIn">
<msg time="2024-05-29T12:28:07.789104" level="INFO">password</msg>
<arg>${keyTwo}</arg>
<doc>Logs the given message with the given level.</doc>
<status status="PASS" start="2024-05-29T12:28:07.788979" elapsed="0.000163"/>
</kw>
<var name="${keyTwo}">password</var>
<status status="PASS" start="2024-05-29T12:28:07.787461" elapsed="0.001894"/>
</iter>
<var>${keyTwo}</var>
<value>@{expected_keysTwo}</value>
<status status="PASS" start="2024-05-29T12:28:07.785177" elapsed="0.004298"/>
</for>
<status status="PASS" start="2024-05-29T12:28:07.644242" elapsed="0.145382"/>
</kw>
<doc>Testa a estrutura da resposta da API.</doc>
<tag>testeEstruturaResposta</tag>
<status status="PASS" start="2024-05-29T12:28:07.643659" elapsed="0.146120"/>
</test>
<test id="s1-s1-t4" name="Validar tipos de dados" line="28">
<kw name="Teste de Tipos de Dados" owner="random-user-service">
<kw name="GET On Session" owner="RequestsLibrary">
<msg time="2024-05-29T12:28:07.839130" level="INFO">GET Request : url=https://randomuser.me/api 
 path_url=/api 
 headers={'User-Agent': 'python-requests/2.32.2', 'Accept-Encoding': 'gzip, deflate', 'Accept': '*/*', 'Connection': 'keep-alive'} 
 body=None 
 </msg>
<msg time="2024-05-29T12:28:07.839212" level="INFO">GET Response : url=https://randomuser.me/api 
 status=200, reason=OK 
 headers={'Date': 'Wed, 29 May 2024 12:28:07 GMT', 'Content-Type': 'application/json; charset=utf-8', 'Transfer-Encoding': 'chunked', 'Connection': 'keep-alive', 'X-Powered-By': 'Express', 'Access-Control-Allow-Origin': '*', 'Cache-Control': 'no-cache', 'ETag': 'W/"485-M9srwbEJ56syxlY0xZq+fz3/kwI"', 'Vary': 'Accept-Encoding', 'Content-Encoding': 'gzip', 'CF-Cache-Status': 'DYNAMIC', 'Report-To': '{"endpoints":[{"url":"https:\\/\\/a.nel.cloudflare.com\\/report\\/v4?s=zQlxJ17jQT6aKvfXiEeQe64Gf3Av8cWalGkJGcl8dmC2L4EeuOh98Q4C3Ww4Cy970pQ5LB9VptQvKdy1lmnH3tyNBrGjepRZKQP5zWSd3L7SMzT%2B4epQlpmYbbYYEb60"}],"group":"cf-nel","max_age":604800}', 'NEL': '{"success_fraction":0,"report_to":"cf-nel","max_age":604800}', 'Server': 'cloudflare', 'CF-RAY': '88b67b84bd4937ee-IAD', 'alt-svc': 'h3=":443"; ma=86400'} 
 body={"results":[{"gender":"female","name":{"title":"Miss","first":"Lisa","last":"Pena"},"location":{"street":{"number":72,"name":"Royal Ln"},"city":"Melbourne","state":"Queensland","country":"Australia","postcode":286,"coordinates":{"latitude":"-81.7352","longitude":"63.7431"},"timezone":{"offset":"-3:00","description":"Brazil, Buenos Aires, Georgetown"}},"email":"lisa.pena@example.com","login":{"uuid":"9b150b96-dad1-400f-8595-33443f72cb23","username":"greenduck288","password":"maureen","salt":"O1hcc9ax","md5":"656ff5cc098feff8716c5e98b8eebc5a","sha1":"8d018387aafffcdf80895ffd157e9f3452086ab4","sha256":"7b32ee2e2851a18e096bc7db4111f00cdf2ce1dcb73a2ab5e04755047f5f8366"},"dob":{"date":"1959-11-17T00:24:48.292Z","age":64},"registered":{"date":"2008-05-30T02:39:12.063Z","age":15},"phone":"09-4187-1133","cell":"0408-388-599","id":{"name":"TFN","value":"606818973"},"picture":{"large":"https://randomuser.me/api/portraits/women/24.jpg","medium":"https://randomuser.me/api/portraits/med/women/24.jpg","thumbnail":"https://randomuser.me/api/portraits/thumb/women/24.jpg"},"nat":"AU"}],"info":{"seed":"9f36ce3c037138b9","results":1,"page":1,"version":"1.4"}} 
 </msg>
<msg time="2024-05-29T12:28:07.839284" level="INFO">/opt/hostedtoolcache/Python/3.12.3/x64/lib/python3.12/site-packages/urllib3/connectionpool.py:1103: InsecureRequestWarning: Unverified HTTPS request is being made to host 'randomuser.me'. Adding certificate verification is strongly advised. See: https://urllib3.readthedocs.io/en/latest/advanced-usage.html#tls-warnings
  warnings.warn(</msg>
<msg time="2024-05-29T12:28:07.839400" level="INFO">${response} = &lt;Response [200]&gt;</msg>
<var>${response}</var>
<arg>consultarAPI</arg>
<arg>/api</arg>
<doc>Sends a GET request on a previously created HTTP Session.</doc>
<status status="PASS" start="2024-05-29T12:28:07.792360" elapsed="0.047094"/>
</kw>
<kw name="Set Variable" owner="BuiltIn">
<msg time="2024-05-29T12:28:07.840526" level="INFO">${json_data} = {'results': [{'gender': 'female', 'name': {'title': 'Miss', 'first': 'Lisa', 'last': 'Pena'}, 'location': {'street': {'number': 72, 'name': 'Royal Ln'}, 'city': 'Melbourne', 'state': 'Queensland', 'co...</msg>
<var>${json_data}</var>
<arg>${response.json()}</arg>
<doc>Returns the given values which can then be assigned to a variables.</doc>
<status status="PASS" start="2024-05-29T12:28:07.839921" elapsed="0.000635"/>
</kw>
<kw name="Log" owner="BuiltIn">
<msg time="2024-05-29T12:28:07.841027" level="INFO">{'results': [{'gender': 'female', 'name': {'title': 'Miss', 'first': 'Lisa', 'last': 'Pena'}, 'location': {'street': {'number': 72, 'name': 'Royal Ln'}, 'city': 'Melbourne', 'state': 'Queensland', 'country': 'Australia', 'postcode': 286, 'coordinates': {'latitude': '-81.7352', 'longitude': '63.7431'}, 'timezone': {'offset': '-3:00', 'description': 'Brazil, Buenos Aires, Georgetown'}}, 'email': 'lisa.pena@example.com', 'login': {'uuid': '9b150b96-dad1-400f-8595-33443f72cb23', 'username': 'greenduck288', 'password': 'maureen', 'salt': 'O1hcc9ax', 'md5': '656ff5cc098feff8716c5e98b8eebc5a', 'sha1': '8d018387aafffcdf80895ffd157e9f3452086ab4', 'sha256': '7b32ee2e2851a18e096bc7db4111f00cdf2ce1dcb73a2ab5e04755047f5f8366'}, 'dob': {'date': '1959-11-17T00:24:48.292Z', 'age': 64}, 'registered': {'date': '2008-05-30T02:39:12.063Z', 'age': 15}, 'phone': '09-4187-1133', 'cell': '0408-388-599', 'id': {'name': 'TFN', 'value': '606818973'}, 'picture': {'large': 'https://randomuser.me/api/portraits/women/24.jpg', 'medium': 'https://randomuser.me/api/portraits/med/women/24.jpg', 'thumbnail': 'https://randomuser.me/api/portraits/thumb/women/24.jpg'}, 'nat': 'AU'}], 'info': {'seed': '9f36ce3c037138b9', 'results': 1, 'page': 1, 'version': '1.4'}}</msg>
<arg>${json_data}</arg>
<doc>Logs the given message with the given level.</doc>
<status status="PASS" start="2024-05-29T12:28:07.840872" elapsed="0.000233"/>
</kw>
<kw name="Should Be String" owner="String">
<arg>${json_data['results'][0]['gender']}</arg>
<doc>Fails if the given ``item`` is not a string.</doc>
<status status="PASS" start="2024-05-29T12:28:07.841412" elapsed="0.000362"/>
</kw>
<kw name="Should Match Regexp" owner="BuiltIn">
<arg>${json_data['results'][0]['email']}</arg>
<arg>^[a-zA-Z0-9._%+-]+@[a-zA-Z0-9.-]+\.[a-zA-Z]{2,}$</arg>
<doc>Fails if ``string`` does not match ``pattern`` as a regular expression.</doc>
<status status="PASS" start="2024-05-29T12:28:07.841969" elapsed="0.000686"/>
</kw>
<kw name="Should Match Regexp" owner="BuiltIn">
<arg>${json_data['results'][0]['dob']['date']}</arg>
<arg>\\d{4}-\\d{2}-\\d{2}T\\d{2}:\\d{2}:\\d{2}\\.\\d{3}Z</arg>
<doc>Fails if ``string`` does not match ``pattern`` as a regular expression.</doc>
<status status="PASS" start="2024-05-29T12:28:07.842879" elapsed="0.000487"/>
</kw>
<kw name="Should Match Regexp" owner="BuiltIn">
<arg>${json_data['results'][0]['registered']['date']}</arg>
<arg>\\d{4}-\\d{2}-\\d{2}T\\d{2}:\\d{2}:\\d{2}\\.\\d{3}Z</arg>
<doc>Fails if ``string`` does not match ``pattern`` as a regular expression.</doc>
<status status="PASS" start="2024-05-29T12:28:07.843566" elapsed="0.000366"/>
</kw>
<kw name="Should Match Regexp" owner="BuiltIn">
<arg>${json_data['results'][0]['picture']['large']}</arg>
<arg>^https?://.*\.(?:png|jpe?g|gif|bmp)$</arg>
<doc>Fails if ``string`` does not match ``pattern`` as a regular expression.</doc>
<status status="PASS" start="2024-05-29T12:28:07.844126" elapsed="0.000465"/>
</kw>
<kw name="Should Match Regexp" owner="BuiltIn">
<arg>${json_data['results'][0]['picture']['medium']}</arg>
<arg>^https?://.*\.(?:png|jpe?g|gif|bmp)$</arg>
<doc>Fails if ``string`` does not match ``pattern`` as a regular expression.</doc>
<status status="PASS" start="2024-05-29T12:28:07.844785" elapsed="0.000352"/>
</kw>
<kw name="Should Match Regexp" owner="BuiltIn">
<arg>${json_data['results'][0]['picture']['thumbnail']}</arg>
<arg>^https?://.*\.(?:png|jpe?g|gif|bmp)$</arg>
<doc>Fails if ``string`` does not match ``pattern`` as a regular expression.</doc>
<status status="PASS" start="2024-05-29T12:28:07.845327" elapsed="0.000346"/>
</kw>
<kw name="Log" owner="BuiltIn">
<msg time="2024-05-29T12:28:07.846212" level="INFO">{'large': 'https://randomuser.me/api/portraits/women/24.jpg', 'medium': 'https://randomuser.me/api/portraits/med/women/24.jpg', 'thumbnail': 'https://randomuser.me/api/portraits/thumb/women/24.jpg'}</msg>
<arg>${json_data['results'][0]['picture']}</arg>
<doc>Logs the given message with the given level.</doc>
<status status="PASS" start="2024-05-29T12:28:07.845859" elapsed="0.000396"/>
</kw>
<status status="PASS" start="2024-05-29T12:28:07.792128" elapsed="0.054385"/>
</kw>
<kw name="Teste de Tipos de Dados - Postcode" owner="random-user-service">
<kw name="GET On Session" owner="RequestsLibrary">
<msg time="2024-05-29T12:28:07.944005" level="INFO">GET Request : url=https://randomuser.me/api 
 path_url=/api 
 headers={'User-Agent': 'python-requests/2.32.2', 'Accept-Encoding': 'gzip, deflate', 'Accept': '*/*', 'Connection': 'keep-alive'} 
 body=None 
 </msg>
<msg time="2024-05-29T12:28:07.944086" level="INFO">GET Response : url=https://randomuser.me/api 
 status=200, reason=OK 
 headers={'Date': 'Wed, 29 May 2024 12:28:07 GMT', 'Content-Type': 'application/json; charset=utf-8', 'Transfer-Encoding': 'chunked', 'Connection': 'keep-alive', 'X-Powered-By': 'Express', 'Access-Control-Allow-Origin': '*', 'Cache-Control': 'no-cache', 'ETag': 'W/"493-0+gAg5hOBB3djNY/UBFyx1lC02I"', 'Vary': 'Accept-Encoding', 'Content-Encoding': 'gzip', 'CF-Cache-Status': 'DYNAMIC', 'Report-To': '{"endpoints":[{"url":"https:\\/\\/a.nel.cloudflare.com\\/report\\/v4?s=cgjHJxfvjSaQ8TUDfkK0E%2BaZQqw3s0SQ6y4H%2BtpQBBmonKlv%2FEMMQ9zMTzKCAvz8YPJ9RaQ9Od76CpMSNOAbb7X3dC4WqPZZtgFMfd%2Br8DAuKh8K6%2FOLgdB%2FiFVpvJm3"}],"group":"cf-nel","max_age":604800}', 'NEL': '{"success_fraction":0,"report_to":"cf-nel","max_age":604800}', 'Server': 'cloudflare', 'CF-RAY': '88b67b851d7837ee-IAD', 'alt-svc': 'h3=":443"; ma=86400'} 
 body={"results":[{"gender":"female","name":{"title":"Mrs","first":"Danielle","last":"Lowe"},"location":{"street":{"number":7615,"name":"Frances Ct"},"city":"Maitland","state":"Queensland","country":"Australia","postcode":7140,"coordinates":{"latitude":"-88.1185","longitude":"128.4147"},"timezone":{"offset":"+4:00","description":"Abu Dhabi, Muscat, Baku, Tbilisi"}},"email":"danielle.lowe@example.com","login":{"uuid":"3889c487-dd67-48a4-acd7-85f4abb998b1","username":"heavyleopard381","password":"sticky","salt":"1xDGNqyX","md5":"971897f20d5fce113e6d2edadf692b40","sha1":"9acea64d5a3ff42435ba32251bf9257eda6baaec","sha256":"2ce5394fee37c49869a7bc190f672f5d177045531cd484f48796dc128f170b7b"},"dob":{"date":"1998-04-26T19:49:32.404Z","age":26},"registered":{"date":"2008-06-01T23:21:09.275Z","age":15},"phone":"07-7565-7138","cell":"0478-475-462","id":{"name":"TFN","value":"226890961"},"picture":{"large":"https://randomuser.me/api/portraits/women/65.jpg","medium":"https://randomuser.me/api/portraits/med/women/65.jpg","thumbnail":"https://randomuser.me/api/portraits/thumb/women/65.jpg"},"nat":"AU"}],"info":{"seed":"78d4117169be0b0c","results":1,"page":1,"version":"1.4"}} 
 </msg>
<msg time="2024-05-29T12:28:07.944160" level="INFO">/opt/hostedtoolcache/Python/3.12.3/x64/lib/python3.12/site-packages/urllib3/connectionpool.py:1103: InsecureRequestWarning: Unverified HTTPS request is being made to host 'randomuser.me'. Adding certificate verification is strongly advised. See: https://urllib3.readthedocs.io/en/latest/advanced-usage.html#tls-warnings
  warnings.warn(</msg>
<msg time="2024-05-29T12:28:07.944269" level="INFO">${response} = &lt;Response [200]&gt;</msg>
<var>${response}</var>
<arg>consultarAPI</arg>
<arg>/api</arg>
<doc>Sends a GET request on a previously created HTTP Session.</doc>
<status status="PASS" start="2024-05-29T12:28:07.846953" elapsed="0.097355"/>
</kw>
<kw name="Set Variable" owner="BuiltIn">
<msg time="2024-05-29T12:28:07.945215" level="INFO">${json_data} = {'results': [{'gender': 'female', 'name': {'title': 'Mrs', 'first': 'Danielle', 'last': 'Lowe'}, 'location': {'street': {'number': 7615, 'name': 'Frances Ct'}, 'city': 'Maitland', 'state': 'Queensland...</msg>
<var>${json_data}</var>
<arg>${response.json()}</arg>
<doc>Returns the given values which can then be assigned to a variables.</doc>
<status status="PASS" start="2024-05-29T12:28:07.944771" elapsed="0.000472"/>
</kw>
<kw name="Log" owner="BuiltIn">
<msg time="2024-05-29T12:28:07.945703" level="INFO">{'results': [{'gender': 'female', 'name': {'title': 'Mrs', 'first': 'Danielle', 'last': 'Lowe'}, 'location': {'street': {'number': 7615, 'name': 'Frances Ct'}, 'city': 'Maitland', 'state': 'Queensland', 'country': 'Australia', 'postcode': 7140, 'coordinates': {'latitude': '-88.1185', 'longitude': '128.4147'}, 'timezone': {'offset': '+4:00', 'description': 'Abu Dhabi, Muscat, Baku, Tbilisi'}}, 'email': 'danielle.lowe@example.com', 'login': {'uuid': '3889c487-dd67-48a4-acd7-85f4abb998b1', 'username': 'heavyleopard381', 'password': 'sticky', 'salt': '1xDGNqyX', 'md5': '971897f20d5fce113e6d2edadf692b40', 'sha1': '9acea64d5a3ff42435ba32251bf9257eda6baaec', 'sha256': '2ce5394fee37c49869a7bc190f672f5d177045531cd484f48796dc128f170b7b'}, 'dob': {'date': '1998-04-26T19:49:32.404Z', 'age': 26}, 'registered': {'date': '2008-06-01T23:21:09.275Z', 'age': 15}, 'phone': '07-7565-7138', 'cell': '0478-475-462', 'id': {'name': 'TFN', 'value': '226890961'}, 'picture': {'large': 'https://randomuser.me/api/portraits/women/65.jpg', 'medium': 'https://randomuser.me/api/portraits/med/women/65.jpg', 'thumbnail': 'https://randomuser.me/api/portraits/thumb/women/65.jpg'}, 'nat': 'AU'}], 'info': {'seed': '78d4117169be0b0c', 'results': 1, 'page': 1, 'version': '1.4'}}</msg>
<arg>${json_data}</arg>
<doc>Logs the given message with the given level.</doc>
<status status="PASS" start="2024-05-29T12:28:07.945552" elapsed="0.000231"/>
</kw>
<kw name="Should Be Equal As Numbers" owner="BuiltIn">
<arg>${json_data['results'][0]['location']['postcode']}</arg>
<arg>${json_data['results'][0]['location']['postcode']}</arg>
<doc>Fails if objects are unequal after converting them to real numbers.</doc>
<status status="PASS" start="2024-05-29T12:28:07.946135" elapsed="0.000655"/>
</kw>
<kw name="Log" owner="BuiltIn">
<msg time="2024-05-29T12:28:07.947323" level="INFO">7140</msg>
<arg>${json_data['results'][0]['location']['postcode']}</arg>
<doc>Logs the given message with the given level.</doc>
<status status="PASS" start="2024-05-29T12:28:07.946986" elapsed="0.000378"/>
</kw>
<status status="PASS" start="2024-05-29T12:28:07.846728" elapsed="0.100889"/>
</kw>
<doc>Testa se os tipos de dados na resposta da API estão corretos.</doc>
<tag>testeTiposDados</tag>
<status status="PASS" start="2024-05-29T12:28:07.791571" elapsed="0.156206"/>
</test>
<test id="s1-s1-t5" name="Validar conteudo" line="35">
<kw name="Teste de Tipos de Conteudo" owner="random-user-service">
<kw name="GET On Session" owner="RequestsLibrary">
<msg time="2024-05-29T12:28:08.044017" level="INFO">GET Request : url=https://randomuser.me/api 
 path_url=/api 
 headers={'User-Agent': 'python-requests/2.32.2', 'Accept-Encoding': 'gzip, deflate', 'Accept': '*/*', 'Connection': 'keep-alive'} 
 body=None 
 </msg>
<msg time="2024-05-29T12:28:08.044094" level="INFO">GET Response : url=https://randomuser.me/api 
 status=200, reason=OK 
 headers={'Date': 'Wed, 29 May 2024 12:28:08 GMT', 'Content-Type': 'application/json; charset=utf-8', 'Transfer-Encoding': 'chunked', 'Connection': 'keep-alive', 'X-Powered-By': 'Express', 'Access-Control-Allow-Origin': '*', 'Cache-Control': 'no-cache', 'ETag': 'W/"484-Aapwa0ruSZdROttwDLOz4b8KNAk"', 'Vary': 'Accept-Encoding', 'Content-Encoding': 'gzip', 'CF-Cache-Status': 'DYNAMIC', 'Report-To': '{"endpoints":[{"url":"https:\\/\\/a.nel.cloudflare.com\\/report\\/v4?s=ixJ%2FeV%2BfSP3ix%2BlZpVLcPt4yzJ%2B%2BfJqDYjhSow6Au0ftFFLcxWw4aFmJvsdU%2BzxZXnZD9axFSG%2BNYeM6qtrJY09oaXtN95%2BiARdI0MTVaR7dSC5hUiAGc3XhXDsDhQ9m"}],"group":"cf-nel","max_age":604800}', 'NEL': '{"success_fraction":0,"report_to":"cf-nel","max_age":604800}', 'Server': 'cloudflare', 'CF-RAY': '88b67b85bddd37ee-IAD', 'alt-svc': 'h3=":443"; ma=86400'} 
 body={"results":[{"gender":"female","name":{"title":"Mrs","first":"Marion","last":"Dubois"},"location":{"street":{"number":5508,"name":"Avenue Jean-Jaurès"},"city":"Créteil","state":"Aude","country":"France","postcode":46863,"coordinates":{"latitude":"-16.4985","longitude":"165.3682"},"timezone":{"offset":"-9:00","description":"Alaska"}},"email":"marion.dubois@example.com","login":{"uuid":"b3718141-6d8c-4356-b16b-75c2561acc2c","username":"sadkoala411","password":"gunners","salt":"2HXmwAQf","md5":"a906e9263a7497e6363b3534ef330942","sha1":"310fb9bd09e56409fe1faf575ffdc45fa8c696be","sha256":"dde87803ce3c3418e61dbff8988377ee1c84d7961409f432507e9166b64386ee"},"dob":{"date":"1989-03-11T10:30:47.357Z","age":35},"registered":{"date":"2005-10-04T21:35:23.596Z","age":18},"phone":"02-06-77-17-90","cell":"06-10-50-31-78","id":{"name":"INSEE","value":"2890260918808 38"},"picture":{"large":"https://randomuser.me/api/portraits/women/34.jpg","medium":"https://randomuser.me/api/portraits/med/women/34.jpg","thumbnail":"https://randomuser.me/api/portraits/thumb/women/34.jpg"},"nat":"FR"}],"info":{"seed":"38ed4861ac72d9f2","results":1,"page":1,"version":"1.4"}} 
 </msg>
<msg time="2024-05-29T12:28:08.044165" level="INFO">/opt/hostedtoolcache/Python/3.12.3/x64/lib/python3.12/site-packages/urllib3/connectionpool.py:1103: InsecureRequestWarning: Unverified HTTPS request is being made to host 'randomuser.me'. Adding certificate verification is strongly advised. See: https://urllib3.readthedocs.io/en/latest/advanced-usage.html#tls-warnings
  warnings.warn(</msg>
<msg time="2024-05-29T12:28:08.044267" level="INFO">${response} = &lt;Response [200]&gt;</msg>
<var>${response}</var>
<arg>consultarAPI</arg>
<arg>/api</arg>
<doc>Sends a GET request on a previously created HTTP Session.</doc>
<status status="PASS" start="2024-05-29T12:28:07.950196" elapsed="0.094114"/>
</kw>
<kw name="Set Variable" owner="BuiltIn">
<msg time="2024-05-29T12:28:08.045212" level="INFO">${json_data} = {'results': [{'gender': 'female', 'name': {'title': 'Mrs', 'first': 'Marion', 'last': 'Dubois'}, 'location': {'street': {'number': 5508, 'name': 'Avenue Jean-Jaurès'}, 'city': 'Créteil', 'state': 'Aud...</msg>
<var>${json_data}</var>
<arg>${response.json()}</arg>
<doc>Returns the given values which can then be assigned to a variables.</doc>
<status status="PASS" start="2024-05-29T12:28:08.044759" elapsed="0.000485"/>
</kw>
<kw name="Set Variable" owner="BuiltIn">
<msg time="2024-05-29T12:28:08.045933" level="INFO">${name_title} = Mrs</msg>
<var>${name_title}</var>
<arg>${json_data["results"][0]["name"]["title"]}</arg>
<doc>Returns the given values which can then be assigned to a variables.</doc>
<status status="PASS" start="2024-05-29T12:28:08.045548" elapsed="0.000410"/>
</kw>
<kw name="Create List" owner="BuiltIn">
<msg time="2024-05-29T12:28:08.046445" level="INFO">${allowed_titles} = ['Mr', 'Ms', 'Miss', 'Mrs', 'Madame', 'Monsieur']</msg>
<var>${allowed_titles}</var>
<arg>Mr</arg>
<arg>Ms</arg>
<arg>Miss</arg>
<arg>Mrs</arg>
<arg>Madame</arg>
<arg>Monsieur</arg>
<doc>Returns a list containing given items.</doc>
<status status="PASS" start="2024-05-29T12:28:08.046294" elapsed="0.000175"/>
</kw>
<kw name="List Should Contain Value" owner="Collections">
<msg time="2024-05-29T12:28:08.046949" level="INFO">False</msg>
<arg>${allowed_titles}</arg>
<arg>${name_title}</arg>
<doc>Fails if the ``value`` is not found from ``list``.</doc>
<status status="PASS" start="2024-05-29T12:28:08.046778" elapsed="0.000207"/>
</kw>
<kw name="Set Variable" owner="BuiltIn">
<msg time="2024-05-29T12:28:08.047794" level="INFO">${name_country} = FR</msg>
<var>${name_country}</var>
<arg>${json_data["results"][0]["nat"]}</arg>
<doc>Returns the given values which can then be assigned to a variables.</doc>
<status status="PASS" start="2024-05-29T12:28:08.047285" elapsed="0.000535"/>
</kw>
<kw name="Create List" owner="BuiltIn">
<msg time="2024-05-29T12:28:08.048777" level="INFO">${list_country} = ['AD', 'AE', 'AF', 'AG', 'AI', 'AL', 'AM', 'AO', 'AQ', 'AR', 'AS', 'AT', 'AU', 'AW', 'AX', 'AZ', 'BA', 'BB', 'BD', 'BE', 'BF', 'BG', 'BH', 'BI', 'BJ', 'BL', 'BM', 'BN', 'BO', 'BQ', 'BR', 'BS', 'BT', '...</msg>
<var>${list_country}</var>
<arg>AD</arg>
<arg>AE</arg>
<arg>AF</arg>
<arg>AG</arg>
<arg>AI</arg>
<arg>AL</arg>
<arg>AM</arg>
<arg>AO</arg>
<arg>AQ</arg>
<arg>AR</arg>
<arg>AS</arg>
<arg>AT</arg>
<arg>AU</arg>
<arg>AW</arg>
<arg>AX</arg>
<arg>AZ</arg>
<arg>BA</arg>
<arg>BB</arg>
<arg>BD</arg>
<arg>BE</arg>
<arg>BF</arg>
<arg>BG</arg>
<arg>BH</arg>
<arg>BI</arg>
<arg>BJ</arg>
<arg>BL</arg>
<arg>BM</arg>
<arg>BN</arg>
<arg>BO</arg>
<arg>BQ</arg>
<arg>BR</arg>
<arg>BS</arg>
<arg>BT</arg>
<arg>BV</arg>
<arg>BW</arg>
<arg>BY</arg>
<arg>BZ</arg>
<arg>CA</arg>
<arg>CC</arg>
<arg>CD</arg>
<arg>CF</arg>
<arg>CG</arg>
<arg>CH</arg>
<arg>CI</arg>
<arg>CK</arg>
<arg>CL</arg>
<arg>CM</arg>
<arg>CN</arg>
<arg>CO</arg>
<arg>CR</arg>
<arg>CU</arg>
<arg>CV</arg>
<arg>CW</arg>
<arg>CX</arg>
<arg>CY</arg>
<arg>CZ</arg>
<arg>DE</arg>
<arg>DJ</arg>
<arg>DK</arg>
<arg>DM</arg>
<arg>DO</arg>
<arg>DZ</arg>
<arg>EC</arg>
<arg>EE</arg>
<arg>EG</arg>
<arg>EH</arg>
<arg>ER</arg>
<arg>ES</arg>
<arg>ET</arg>
<arg>FI</arg>
<arg>FJ</arg>
<arg>FK</arg>
<arg>FM</arg>
<arg>FO</arg>
<arg>FR</arg>
<arg>GA</arg>
<arg>GB</arg>
<arg>GD</arg>
<arg>GE</arg>
<arg>GF</arg>
<arg>GG</arg>
<arg>GH</arg>
<arg>GI</arg>
<arg>GL</arg>
<arg>GM</arg>
<arg>GN</arg>
<arg>GP</arg>
<arg>GQ</arg>
<arg>GR</arg>
<arg>GS</arg>
<arg>GT</arg>
<arg>GU</arg>
<arg>GW</arg>
<arg>GY</arg>
<arg>HK</arg>
<arg>HM</arg>
<arg>HN</arg>
<arg>HR</arg>
<arg>HT</arg>
<arg>HU</arg>
<arg>ID</arg>
<arg>IE</arg>
<arg>IL</arg>
<arg>IM</arg>
<arg>IN</arg>
<arg>IO</arg>
<arg>IQ</arg>
<arg>IR</arg>
<arg>IS</arg>
<arg>IT</arg>
<arg>JE</arg>
<arg>JM</arg>
<arg>JO</arg>
<arg>JP</arg>
<arg>KE</arg>
<arg>KG</arg>
<arg>KH</arg>
<arg>KI</arg>
<arg>KM</arg>
<arg>KN</arg>
<arg>KP</arg>
<arg>KR</arg>
<arg>KW</arg>
<arg>KY</arg>
<arg>KZ</arg>
<arg>LA</arg>
<arg>LB</arg>
<arg>LC</arg>
<arg>LI</arg>
<arg>LK</arg>
<arg>LR</arg>
<arg>LS</arg>
<arg>LT</arg>
<arg>LU</arg>
<arg>LV</arg>
<arg>LY</arg>
<arg>MA</arg>
<arg>MC</arg>
<arg>MD</arg>
<arg>ME</arg>
<arg>MF</arg>
<arg>MG</arg>
<arg>MH</arg>
<arg>MK</arg>
<arg>ML</arg>
<arg>MM</arg>
<arg>MN</arg>
<arg>MO</arg>
<arg>MP</arg>
<arg>MQ</arg>
<arg>MR</arg>
<arg>MS</arg>
<arg>MT</arg>
<arg>MU</arg>
<arg>MV</arg>
<arg>MW</arg>
<arg>MX</arg>
<arg>MY</arg>
<arg>MZ</arg>
<arg>NA</arg>
<arg>NC</arg>
<arg>NE</arg>
<arg>NF</arg>
<arg>NG</arg>
<arg>NI</arg>
<arg>NL</arg>
<arg>NO</arg>
<arg>NP</arg>
<arg>NR</arg>
<arg>NU</arg>
<arg>NZ</arg>
<arg>OM</arg>
<arg>PA</arg>
<arg>PE</arg>
<arg>PF</arg>
<arg>PG</arg>
<arg>PH</arg>
<arg>PK</arg>
<arg>PL</arg>
<arg>PM</arg>
<arg>PN</arg>
<arg>PR</arg>
<arg>PS</arg>
<arg>PT</arg>
<arg>PW</arg>
<arg>PY</arg>
<arg>QA</arg>
<arg>RE</arg>
<arg>RO</arg>
<arg>RS</arg>
<arg>RU</arg>
<arg>RW</arg>
<arg>SA</arg>
<arg>SB</arg>
<arg>SC</arg>
<arg>SD</arg>
<arg>SE</arg>
<arg>SG</arg>
<arg>SH</arg>
<arg>SI</arg>
<arg>SJ</arg>
<arg>SK</arg>
<arg>SL</arg>
<arg>SM</arg>
<arg>SN</arg>
<arg>SO</arg>
<arg>SR</arg>
<arg>SS</arg>
<arg>ST</arg>
<arg>SV</arg>
<arg>SX</arg>
<arg>SY</arg>
<arg>SZ</arg>
<arg>TC</arg>
<arg>TD</arg>
<arg>TF</arg>
<arg>TG</arg>
<arg>TH</arg>
<arg>TJ</arg>
<arg>TK</arg>
<arg>TL</arg>
<arg>TM</arg>
<arg>TN</arg>
<arg>TO</arg>
<arg>TR</arg>
<arg>TT</arg>
<arg>TV</arg>
<arg>TW</arg>
<arg>TZ</arg>
<arg>UA</arg>
<arg>UG</arg>
<arg>UM</arg>
<arg>US</arg>
<arg>UY</arg>
<arg>UZ</arg>
<arg>VA</arg>
<arg>VC</arg>
<arg>VE</arg>
<arg>VG</arg>
<arg>VI</arg>
<arg>VN</arg>
<arg>VU</arg>
<arg>WF</arg>
<arg>WS</arg>
<arg>XK</arg>
<arg>YE</arg>
<arg>YT</arg>
<arg>ZA</arg>
<arg>ZM</arg>
<arg>ZW</arg>
<doc>Returns a list containing given items.</doc>
<status status="PASS" start="2024-05-29T12:28:08.048164" elapsed="0.000640"/>
</kw>
<kw name="List Should Contain Value" owner="Collections">
<msg time="2024-05-29T12:28:08.049800" level="INFO">False</msg>
<arg>${list_country}</arg>
<arg>${name_country}</arg>
<doc>Fails if the ``value`` is not found from ``list``.</doc>
<status status="PASS" start="2024-05-29T12:28:08.049599" elapsed="0.000237"/>
</kw>
<kw name="Run Keyword If" owner="BuiltIn">
<kw name="Should Be True" owner="BuiltIn">
<arg>${True}</arg>
<doc>Fails if the given condition is not true.</doc>
<status status="PASS" start="2024-05-29T12:28:08.050973" elapsed="0.000145"/>
</kw>
<arg>${json_data["results"][0]["location"]["coordinates"]["latitude"]} &gt;= -90 and ${json_data["results"][0]["location"]["coordinates"]["latitude"]} &lt;= 90</arg>
<arg>Should Be True</arg>
<arg>${True}</arg>
<doc>Runs the given keyword with the given arguments, if ``condition`` is true.</doc>
<status status="PASS" start="2024-05-29T12:28:08.050213" elapsed="0.001035"/>
</kw>
<kw name="Run Keyword If" owner="BuiltIn">
<kw name="Should Be True" owner="BuiltIn">
<arg>${True}</arg>
<doc>Fails if the given condition is not true.</doc>
<status status="PASS" start="2024-05-29T12:28:08.052122" elapsed="0.000136"/>
</kw>
<arg>${json_data["results"][0]["location"]["coordinates"]["longitude"]} &gt;= -180 and ${json_data["results"][0]["location"]["coordinates"]["longitude"]} &lt;= 180</arg>
<arg>Should Be True</arg>
<arg>${True}</arg>
<doc>Runs the given keyword with the given arguments, if ``condition`` is true.</doc>
<status status="PASS" start="2024-05-29T12:28:08.051437" elapsed="0.000942"/>
</kw>
<status status="PASS" start="2024-05-29T12:28:07.949939" elapsed="0.102564"/>
</kw>
<doc>Testa o conteúdo específico dos campos retornados pela API.</doc>
<tag>testeConteudo</tag>
<status status="PASS" start="2024-05-29T12:28:07.949489" elapsed="0.103154"/>
</test>
<status status="PASS" start="2024-05-29T12:28:07.217815" elapsed="0.836743"/>
</suite>
<status status="PASS" start="2024-05-29T12:28:07.203987" elapsed="0.855688"/>
</suite>
<statistics>
<total>
<stat pass="5" fail="0" skip="0">All Tests</stat>
</total>
<tag>
<stat pass="1" fail="0" skip="0">testeConteudo</stat>
<stat pass="1" fail="0" skip="0">testeEstruturaResposta</stat>
<stat pass="1" fail="0" skip="0">testeRequisicaoBasica</stat>
<stat pass="1" fail="0" skip="0">testeTiposDados</stat>
</tag>
<suite>
<stat pass="5" fail="0" skip="0" id="s1" name="Tests">Tests</stat>
<stat pass="5" fail="0" skip="0" id="s1-s1" name="Random-User-Test">Tests.Random-User-Test</stat>
</suite>
</statistics>
<errors>
</errors>
</robot>
