<?xml version="1.0" encoding="UTF-8"?>
<robot generator="Robot 7.0 (Python 3.12.2 on linux)" generated="2024-04-07T16:15:38.083693" rpa="false" schemaversion="5">
<suite id="s1" name="Tests" source="/home/runner/work/DesafioQAItauRogerioJordao/DesafioQAItauRogerioJordao/RamdonUser/tests">
<suite id="s1-s1" name="Random-User-Test" source="/home/runner/work/DesafioQAItauRogerioJordao/DesafioQAItauRogerioJordao/RamdonUser/tests/random-user-test.robot">
<test id="s1-s1-t1" name="Conectar" line="13">
<kw name="Conectar API" owner="random-user-service">
<kw name="Create Session" owner="RequestsLibrary">
<msg time="2024-04-07T16:15:38.474294" level="INFO">Creating Session using : alias=consultarAPI, url=https://randomuser.me/, headers={},                     cookies={}, auth=None, timeout=None, proxies=None, verify=False,                     debug=0 </msg>
<arg>consultarAPI</arg>
<arg>${URL}</arg>
<doc>Create Session: create a HTTP session to a server</doc>
<status status="PASS" start="2024-04-07T16:15:38.474084" elapsed="0.000413"/>
</kw>
<status status="PASS" start="2024-04-07T16:15:38.472985" elapsed="0.001904"/>
</kw>
<status status="PASS" start="2024-04-07T16:15:38.472272" elapsed="0.002826"/>
</test>
<test id="s1-s1-t2" name="Validar retorno 200 e JSON Válido" line="16">
<kw name="Teste de Requisicao Basica" owner="random-user-service">
<kw name="GET On Session" owner="RequestsLibrary">
<msg time="2024-04-07T16:15:38.792161" level="INFO">GET Request : url=https://randomuser.me/api 
 path_url=/api 
 headers={'User-Agent': 'python-requests/2.31.0', 'Accept-Encoding': 'gzip, deflate', 'Accept': '*/*', 'Connection': 'keep-alive'} 
 body=None 
 </msg>
<msg time="2024-04-07T16:15:38.792314" level="INFO">GET Response : url=https://randomuser.me/api 
 status=200, reason=OK 
 headers={'Date': 'Sun, 07 Apr 2024 16:15:38 GMT', 'Content-Type': 'application/json; charset=utf-8', 'Transfer-Encoding': 'chunked', 'Connection': 'keep-alive', 'X-Powered-By': 'Express', 'Access-Control-Allow-Origin': '*', 'Cache-Control': 'no-cache', 'ETag': 'W/"469-RnmNIWYjM2oayGCy+0o9AqgPCP4"', 'Vary': 'Accept-Encoding', 'Content-Encoding': 'gzip', 'CF-Cache-Status': 'DYNAMIC', 'Report-To': '{"endpoints":[{"url":"https:\\/\\/a.nel.cloudflare.com\\/report\\/v4?s=GdjJ%2Fpk8DBe2V6zIPv9TAV%2B7Yq0tV4zwq2FWqSL06C%2F5MWMnSn12vyB7WxmgN3pQQeCc%2BdkD9h6TbroZBLAAaAyqEHMUv8YZWdQ0eocaIasUyDcXOuSFvkHQd1N3t3TQ"}],"group":"cf-nel","max_age":604800}', 'NEL': '{"success_fraction":0,"report_to":"cf-nel","max_age":604800}', 'Server': 'cloudflare', 'CF-RAY': '870b514a48471568-SJC', 'alt-svc': 'h3=":443"; ma=86400'} 
 body={"results":[{"gender":"male","name":{"title":"Mr","first":"Lorenz","last":"Holla"},"location":{"street":{"number":1335,"name":"De Hulderts"},"city":"Ankum","state":"Limburg","country":"Netherlands","postcode":"6853 XZ","coordinates":{"latitude":"32.8516","longitude":"-6.0486"},"timezone":{"offset":"+4:30","description":"Kabul"}},"email":"lorenz.holla@example.com","login":{"uuid":"84a25076-7216-4d56-885e-d0f96e03eab2","username":"greenswan841","password":"lover","salt":"CjgBZuyW","md5":"9add3e1d5ca95ac38127cfc0a3947cd7","sha1":"9647f9fe6f85d19b8bb9ac39903af9484fdf8dc1","sha256":"2ea07805dec103f1632ba7ca3ed6496db5b945eda0238bc48bedad540dffac58"},"dob":{"date":"1947-01-14T06:31:13.227Z","age":77},"registered":{"date":"2021-11-01T15:56:26.584Z","age":2},"phone":"(0165) 082214","cell":"(06) 14116324","id":{"name":"BSN","value":"79594808"},"picture":{"large":"https://randomuser.me/api/portraits/men/61.jpg","medium":"https://randomuser.me/api/portraits/med/men/61.jpg","thumbnail":"https://randomuser.me/api/portraits/thumb/men/61.jpg"},"nat":"NL"}],"info":{"seed":"995a614346ca0630","results":1,"page":1,"version":"1.4"}} 
 </msg>
<msg time="2024-04-07T16:15:38.792421" level="INFO">/opt/hostedtoolcache/Python/3.12.2/x64/lib/python3.12/site-packages/urllib3/connectionpool.py:1103: InsecureRequestWarning: Unverified HTTPS request is being made to host 'randomuser.me'. Adding certificate verification is strongly advised. See: https://urllib3.readthedocs.io/en/latest/advanced-usage.html#tls-warnings
  warnings.warn(</msg>
<msg time="2024-04-07T16:15:38.792562" level="INFO">${response} = &lt;Response [200]&gt;</msg>
<var>${response}</var>
<arg>consultarAPI</arg>
<arg>/api</arg>
<doc>Sends a GET request on a previously created HTTP Session.</doc>
<status status="PASS" start="2024-04-07T16:15:38.477866" elapsed="0.314738"/>
</kw>
<kw name="Should Be Equal As Numbers" owner="BuiltIn">
<msg time="2024-04-07T16:15:38.793681" level="INFO">Argument types are:
&lt;class 'int'&gt;
&lt;class 'str'&gt;</msg>
<arg>${response.status_code}</arg>
<arg>200</arg>
<doc>Fails if objects are unequal after converting them to real numbers.</doc>
<status status="PASS" start="2024-04-07T16:15:38.793201" elapsed="0.000549"/>
</kw>
<kw name="Log" owner="BuiltIn">
<msg time="2024-04-07T16:15:38.794444" level="INFO">200</msg>
<arg>${response.status_code}</arg>
<doc>Logs the given message with the given level.</doc>
<status status="PASS" start="2024-04-07T16:15:38.794080" elapsed="0.000408"/>
</kw>
<kw name="Set Variable" owner="BuiltIn">
<msg time="2024-04-07T16:15:38.795281" level="INFO">${json_data} = {'results': [{'gender': 'male', 'name': {'title': 'Mr', 'first': 'Lorenz', 'last': 'Holla'}, 'location': {'street': {'number': 1335, 'name': 'De Hulderts'}, 'city': 'Ankum', 'state': 'Limburg', 'count...</msg>
<var>${json_data}</var>
<arg>${response.json()}</arg>
<doc>Returns the given values which can then be assigned to a variables.</doc>
<status status="PASS" start="2024-04-07T16:15:38.794832" elapsed="0.000478"/>
</kw>
<kw name="Dictionary Should Contain Key" owner="Collections">
<msg time="2024-04-07T16:15:38.795800" level="INFO">False</msg>
<arg>${json_data}</arg>
<arg>results</arg>
<doc>Fails if ``key`` is not found from ``dictionary``.</doc>
<status status="PASS" start="2024-04-07T16:15:38.795621" elapsed="0.000220"/>
</kw>
<status status="PASS" start="2024-04-07T16:15:38.477608" elapsed="0.318495"/>
</kw>
<doc>Testa se a API responde corretamente e retorna um objeto JSON válido.</doc>
<tag>testeRequisicaoBasica</tag>
<status status="PASS" start="2024-04-07T16:15:38.477031" elapsed="0.319265"/>
</test>
<test id="s1-s1-t3" name="Validar estrutura de resposta" line="22">
<kw name="Teste de Estrutura de Resposta" owner="random-user-service">
<kw name="GET On Session" owner="RequestsLibrary">
<msg time="2024-04-07T16:15:38.891468" level="INFO">GET Request : url=https://randomuser.me/api 
 path_url=/api 
 headers={'User-Agent': 'python-requests/2.31.0', 'Accept-Encoding': 'gzip, deflate', 'Accept': '*/*', 'Connection': 'keep-alive'} 
 body=None 
 </msg>
<msg time="2024-04-07T16:15:38.891583" level="INFO">GET Response : url=https://randomuser.me/api 
 status=200, reason=OK 
 headers={'Date': 'Sun, 07 Apr 2024 16:15:38 GMT', 'Content-Type': 'application/json; charset=utf-8', 'Transfer-Encoding': 'chunked', 'Connection': 'keep-alive', 'X-Powered-By': 'Express', 'Access-Control-Allow-Origin': '*', 'Cache-Control': 'no-cache', 'ETag': 'W/"48c-ubKAUWHfbv1k3xfSDv2kHQuow58"', 'Vary': 'Accept-Encoding', 'Content-Encoding': 'gzip', 'CF-Cache-Status': 'DYNAMIC', 'Report-To': '{"endpoints":[{"url":"https:\\/\\/a.nel.cloudflare.com\\/report\\/v4?s=jqovfLVDqXPgY2LJJZUFLWPE2%2BsKrJU0YY4ZJsCDLWWAeLFLCiGzcL2%2FdZF1iB3jCU1CCaDg0Zw5oMzCIUXjTaVN5AsuV0IlSeILk6sJvVZk9NDxx9xu57r7fQb%2F%2B1Va"}],"group":"cf-nel","max_age":604800}', 'NEL': '{"success_fraction":0,"report_to":"cf-nel","max_age":604800}', 'Server': 'cloudflare', 'CF-RAY': '870b514b897e1568-SJC', 'alt-svc': 'h3=":443"; ma=86400'} 
 body={"results":[{"gender":"male","name":{"title":"Mr","first":"Dharun","last":"Anchan"},"location":{"street":{"number":5529,"name":"Lamington Rd"},"city":"Guna","state":"Odisha","country":"India","postcode":16619,"coordinates":{"latitude":"6.6320","longitude":"-130.3675"},"timezone":{"offset":"0:00","description":"Western Europe Time, London, Lisbon, Casablanca"}},"email":"dharun.anchan@example.com","login":{"uuid":"507865b1-cc02-4ce6-b47c-fce5ab85768c","username":"lazypeacock988","password":"cupoi","salt":"WUahX3A7","md5":"f35d73be63bd2bd56dcc0541a2f4f746","sha1":"15e45d637235bd020b7fb477b47edcc2a3db773a","sha256":"2ba5a78aff3073a716f751add4742b3f796f03a24c7cc552249821d296c9c653"},"dob":{"date":"1987-12-27T19:39:11.169Z","age":36},"registered":{"date":"2019-12-20T17:04:36.159Z","age":4},"phone":"8753435778","cell":"7108737003","id":{"name":"UIDAI","value":"299593954082"},"picture":{"large":"https://randomuser.me/api/portraits/men/34.jpg","medium":"https://randomuser.me/api/portraits/med/men/34.jpg","thumbnail":"https://randomuser.me/api/portraits/thumb/men/34.jpg"},"nat":"IN"}],"info":{"seed":"ba2ddda6de1cbbc4","results":1,"page":1,"version":"1.4"}} 
 </msg>
<msg time="2024-04-07T16:15:38.891743" level="INFO">/opt/hostedtoolcache/Python/3.12.2/x64/lib/python3.12/site-packages/urllib3/connectionpool.py:1103: InsecureRequestWarning: Unverified HTTPS request is being made to host 'randomuser.me'. Adding certificate verification is strongly advised. See: https://urllib3.readthedocs.io/en/latest/advanced-usage.html#tls-warnings
  warnings.warn(</msg>
<msg time="2024-04-07T16:15:38.891898" level="INFO">${response} = &lt;Response [200]&gt;</msg>
<var>${response}</var>
<arg>consultarAPI</arg>
<arg>/api</arg>
<doc>Sends a GET request on a previously created HTTP Session.</doc>
<status status="PASS" start="2024-04-07T16:15:38.799114" elapsed="0.092830"/>
</kw>
<kw name="Set Variable" owner="BuiltIn">
<msg time="2024-04-07T16:15:38.893020" level="INFO">${json_data} = {'results': [{'gender': 'male', 'name': {'title': 'Mr', 'first': 'Dharun', 'last': 'Anchan'}, 'location': {'street': {'number': 5529, 'name': 'Lamington Rd'}, 'city': 'Guna', 'state': 'Odisha', 'count...</msg>
<var>${json_data}</var>
<arg>${response.json()}</arg>
<doc>Returns the given values which can then be assigned to a variables.</doc>
<status status="PASS" start="2024-04-07T16:15:38.892446" elapsed="0.000603"/>
</kw>
<kw name="Log" owner="BuiltIn">
<msg time="2024-04-07T16:15:38.893534" level="INFO">{'results': [{'gender': 'male', 'name': {'title': 'Mr', 'first': 'Dharun', 'last': 'Anchan'}, 'location': {'street': {'number': 5529, 'name': 'Lamington Rd'}, 'city': 'Guna', 'state': 'Odisha', 'country': 'India', 'postcode': 16619, 'coordinates': {'latitude': '6.6320', 'longitude': '-130.3675'}, 'timezone': {'offset': '0:00', 'description': 'Western Europe Time, London, Lisbon, Casablanca'}}, 'email': 'dharun.anchan@example.com', 'login': {'uuid': '507865b1-cc02-4ce6-b47c-fce5ab85768c', 'username': 'lazypeacock988', 'password': 'cupoi', 'salt': 'WUahX3A7', 'md5': 'f35d73be63bd2bd56dcc0541a2f4f746', 'sha1': '15e45d637235bd020b7fb477b47edcc2a3db773a', 'sha256': '2ba5a78aff3073a716f751add4742b3f796f03a24c7cc552249821d296c9c653'}, 'dob': {'date': '1987-12-27T19:39:11.169Z', 'age': 36}, 'registered': {'date': '2019-12-20T17:04:36.159Z', 'age': 4}, 'phone': '8753435778', 'cell': '7108737003', 'id': {'name': 'UIDAI', 'value': '299593954082'}, 'picture': {'large': 'https://randomuser.me/api/portraits/men/34.jpg', 'medium': 'https://randomuser.me/api/portraits/med/men/34.jpg', 'thumbnail': 'https://randomuser.me/api/portraits/thumb/men/34.jpg'}, 'nat': 'IN'}], 'info': {'seed': 'ba2ddda6de1cbbc4', 'results': 1, 'page': 1, 'version': '1.4'}}</msg>
<arg>${json_data}</arg>
<doc>Logs the given message with the given level.</doc>
<status status="PASS" start="2024-04-07T16:15:38.893368" elapsed="0.000214"/>
</kw>
<kw name="Dictionary Should Contain Key" owner="Collections">
<msg time="2024-04-07T16:15:38.894043" level="INFO">False</msg>
<arg>${json_data}</arg>
<arg>results</arg>
<doc>Fails if ``key`` is not found from ``dictionary``.</doc>
<status status="PASS" start="2024-04-07T16:15:38.893884" elapsed="0.000197"/>
</kw>
<kw name="Should Not Be Empty" owner="BuiltIn">
<msg time="2024-04-07T16:15:38.894509" level="INFO">Length is 2.</msg>
<arg>${json_data}</arg>
<doc>Verifies that the given item is not empty.</doc>
<status status="PASS" start="2024-04-07T16:15:38.894376" elapsed="0.000172"/>
</kw>
<kw name="Create List" owner="BuiltIn">
<msg time="2024-04-07T16:15:38.894992" level="INFO">${expected_keys} = ['gender', 'name', 'location', 'email', 'login']</msg>
<var>${expected_keys}</var>
<arg>gender</arg>
<arg>name</arg>
<arg>location</arg>
<arg>email</arg>
<arg>login</arg>
<doc>Returns a list containing given items.</doc>
<status status="PASS" start="2024-04-07T16:15:38.894841" elapsed="0.000175"/>
</kw>
<for flavor="IN">
<iter>
<kw name="Dictionary Should Contain Key" owner="Collections">
<msg time="2024-04-07T16:15:38.896014" level="INFO">False</msg>
<arg>${json_data['results'][0]}</arg>
<arg>${key}</arg>
<doc>Fails if ``key`` is not found from ``dictionary``.</doc>
<status status="PASS" start="2024-04-07T16:15:38.895596" elapsed="0.000458"/>
</kw>
<kw name="Log" owner="BuiltIn">
<msg time="2024-04-07T16:15:38.896787" level="INFO">{'gender': 'male', 'name': {'title': 'Mr', 'first': 'Dharun', 'last': 'Anchan'}, 'location': {'street': {'number': 5529, 'name': 'Lamington Rd'}, 'city': 'Guna', 'state': 'Odisha', 'country': 'India', 'postcode': 16619, 'coordinates': {'latitude': '6.6320', 'longitude': '-130.3675'}, 'timezone': {'offset': '0:00', 'description': 'Western Europe Time, London, Lisbon, Casablanca'}}, 'email': 'dharun.anchan@example.com', 'login': {'uuid': '507865b1-cc02-4ce6-b47c-fce5ab85768c', 'username': 'lazypeacock988', 'password': 'cupoi', 'salt': 'WUahX3A7', 'md5': 'f35d73be63bd2bd56dcc0541a2f4f746', 'sha1': '15e45d637235bd020b7fb477b47edcc2a3db773a', 'sha256': '2ba5a78aff3073a716f751add4742b3f796f03a24c7cc552249821d296c9c653'}, 'dob': {'date': '1987-12-27T19:39:11.169Z', 'age': 36}, 'registered': {'date': '2019-12-20T17:04:36.159Z', 'age': 4}, 'phone': '8753435778', 'cell': '7108737003', 'id': {'name': 'UIDAI', 'value': '299593954082'}, 'picture': {'large': 'https://randomuser.me/api/portraits/men/34.jpg', 'medium': 'https://randomuser.me/api/portraits/med/men/34.jpg', 'thumbnail': 'https://randomuser.me/api/portraits/thumb/men/34.jpg'}, 'nat': 'IN'}</msg>
<arg>${json_data['results'][0]}</arg>
<doc>Logs the given message with the given level.</doc>
<status status="PASS" start="2024-04-07T16:15:38.896362" elapsed="0.000476"/>
</kw>
<kw name="Log" owner="BuiltIn">
<msg time="2024-04-07T16:15:38.897277" level="INFO">gender</msg>
<arg>${key}</arg>
<doc>Logs the given message with the given level.</doc>
<status status="PASS" start="2024-04-07T16:15:38.897146" elapsed="0.000170"/>
</kw>
<var name="${key}">gender</var>
<status status="PASS" start="2024-04-07T16:15:38.895472" elapsed="0.002064"/>
</iter>
<iter>
<kw name="Dictionary Should Contain Key" owner="Collections">
<msg time="2024-04-07T16:15:38.898230" level="INFO">False</msg>
<arg>${json_data['results'][0]}</arg>
<arg>${key}</arg>
<doc>Fails if ``key`` is not found from ``dictionary``.</doc>
<status status="PASS" start="2024-04-07T16:15:38.897842" elapsed="0.000425"/>
</kw>
<kw name="Log" owner="BuiltIn">
<msg time="2024-04-07T16:15:38.898967" level="INFO">{'gender': 'male', 'name': {'title': 'Mr', 'first': 'Dharun', 'last': 'Anchan'}, 'location': {'street': {'number': 5529, 'name': 'Lamington Rd'}, 'city': 'Guna', 'state': 'Odisha', 'country': 'India', 'postcode': 16619, 'coordinates': {'latitude': '6.6320', 'longitude': '-130.3675'}, 'timezone': {'offset': '0:00', 'description': 'Western Europe Time, London, Lisbon, Casablanca'}}, 'email': 'dharun.anchan@example.com', 'login': {'uuid': '507865b1-cc02-4ce6-b47c-fce5ab85768c', 'username': 'lazypeacock988', 'password': 'cupoi', 'salt': 'WUahX3A7', 'md5': 'f35d73be63bd2bd56dcc0541a2f4f746', 'sha1': '15e45d637235bd020b7fb477b47edcc2a3db773a', 'sha256': '2ba5a78aff3073a716f751add4742b3f796f03a24c7cc552249821d296c9c653'}, 'dob': {'date': '1987-12-27T19:39:11.169Z', 'age': 36}, 'registered': {'date': '2019-12-20T17:04:36.159Z', 'age': 4}, 'phone': '8753435778', 'cell': '7108737003', 'id': {'name': 'UIDAI', 'value': '299593954082'}, 'picture': {'large': 'https://randomuser.me/api/portraits/men/34.jpg', 'medium': 'https://randomuser.me/api/portraits/med/men/34.jpg', 'thumbnail': 'https://randomuser.me/api/portraits/thumb/men/34.jpg'}, 'nat': 'IN'}</msg>
<arg>${json_data['results'][0]}</arg>
<doc>Logs the given message with the given level.</doc>
<status status="PASS" start="2024-04-07T16:15:38.898603" elapsed="0.000411"/>
</kw>
<kw name="Log" owner="BuiltIn">
<msg time="2024-04-07T16:15:38.899444" level="INFO">name</msg>
<arg>${key}</arg>
<doc>Logs the given message with the given level.</doc>
<status status="PASS" start="2024-04-07T16:15:38.899315" elapsed="0.000166"/>
</kw>
<var name="${key}">name</var>
<status status="PASS" start="2024-04-07T16:15:38.897727" elapsed="0.001973"/>
</iter>
<iter>
<kw name="Dictionary Should Contain Key" owner="Collections">
<msg time="2024-04-07T16:15:38.900377" level="INFO">False</msg>
<arg>${json_data['results'][0]}</arg>
<arg>${key}</arg>
<doc>Fails if ``key`` is not found from ``dictionary``.</doc>
<status status="PASS" start="2024-04-07T16:15:38.899993" elapsed="0.000422"/>
</kw>
<kw name="Log" owner="BuiltIn">
<msg time="2024-04-07T16:15:38.901127" level="INFO">{'gender': 'male', 'name': {'title': 'Mr', 'first': 'Dharun', 'last': 'Anchan'}, 'location': {'street': {'number': 5529, 'name': 'Lamington Rd'}, 'city': 'Guna', 'state': 'Odisha', 'country': 'India', 'postcode': 16619, 'coordinates': {'latitude': '6.6320', 'longitude': '-130.3675'}, 'timezone': {'offset': '0:00', 'description': 'Western Europe Time, London, Lisbon, Casablanca'}}, 'email': 'dharun.anchan@example.com', 'login': {'uuid': '507865b1-cc02-4ce6-b47c-fce5ab85768c', 'username': 'lazypeacock988', 'password': 'cupoi', 'salt': 'WUahX3A7', 'md5': 'f35d73be63bd2bd56dcc0541a2f4f746', 'sha1': '15e45d637235bd020b7fb477b47edcc2a3db773a', 'sha256': '2ba5a78aff3073a716f751add4742b3f796f03a24c7cc552249821d296c9c653'}, 'dob': {'date': '1987-12-27T19:39:11.169Z', 'age': 36}, 'registered': {'date': '2019-12-20T17:04:36.159Z', 'age': 4}, 'phone': '8753435778', 'cell': '7108737003', 'id': {'name': 'UIDAI', 'value': '299593954082'}, 'picture': {'large': 'https://randomuser.me/api/portraits/men/34.jpg', 'medium': 'https://randomuser.me/api/portraits/med/men/34.jpg', 'thumbnail': 'https://randomuser.me/api/portraits/thumb/men/34.jpg'}, 'nat': 'IN'}</msg>
<arg>${json_data['results'][0]}</arg>
<doc>Logs the given message with the given level.</doc>
<status status="PASS" start="2024-04-07T16:15:38.900764" elapsed="0.000416"/>
</kw>
<kw name="Log" owner="BuiltIn">
<msg time="2024-04-07T16:15:38.901611" level="INFO">location</msg>
<arg>${key}</arg>
<doc>Logs the given message with the given level.</doc>
<status status="PASS" start="2024-04-07T16:15:38.901482" elapsed="0.000167"/>
</kw>
<var name="${key}">location</var>
<status status="PASS" start="2024-04-07T16:15:38.899879" elapsed="0.001990"/>
</iter>
<iter>
<kw name="Dictionary Should Contain Key" owner="Collections">
<msg time="2024-04-07T16:15:38.902528" level="INFO">False</msg>
<arg>${json_data['results'][0]}</arg>
<arg>${key}</arg>
<doc>Fails if ``key`` is not found from ``dictionary``.</doc>
<status status="PASS" start="2024-04-07T16:15:38.902153" elapsed="0.000414"/>
</kw>
<kw name="Log" owner="BuiltIn">
<msg time="2024-04-07T16:15:38.903254" level="INFO">{'gender': 'male', 'name': {'title': 'Mr', 'first': 'Dharun', 'last': 'Anchan'}, 'location': {'street': {'number': 5529, 'name': 'Lamington Rd'}, 'city': 'Guna', 'state': 'Odisha', 'country': 'India', 'postcode': 16619, 'coordinates': {'latitude': '6.6320', 'longitude': '-130.3675'}, 'timezone': {'offset': '0:00', 'description': 'Western Europe Time, London, Lisbon, Casablanca'}}, 'email': 'dharun.anchan@example.com', 'login': {'uuid': '507865b1-cc02-4ce6-b47c-fce5ab85768c', 'username': 'lazypeacock988', 'password': 'cupoi', 'salt': 'WUahX3A7', 'md5': 'f35d73be63bd2bd56dcc0541a2f4f746', 'sha1': '15e45d637235bd020b7fb477b47edcc2a3db773a', 'sha256': '2ba5a78aff3073a716f751add4742b3f796f03a24c7cc552249821d296c9c653'}, 'dob': {'date': '1987-12-27T19:39:11.169Z', 'age': 36}, 'registered': {'date': '2019-12-20T17:04:36.159Z', 'age': 4}, 'phone': '8753435778', 'cell': '7108737003', 'id': {'name': 'UIDAI', 'value': '299593954082'}, 'picture': {'large': 'https://randomuser.me/api/portraits/men/34.jpg', 'medium': 'https://randomuser.me/api/portraits/med/men/34.jpg', 'thumbnail': 'https://randomuser.me/api/portraits/thumb/men/34.jpg'}, 'nat': 'IN'}</msg>
<arg>${json_data['results'][0]}</arg>
<doc>Logs the given message with the given level.</doc>
<status status="PASS" start="2024-04-07T16:15:38.902869" elapsed="0.000434"/>
</kw>
<kw name="Log" owner="BuiltIn">
<msg time="2024-04-07T16:15:38.903728" level="INFO">email</msg>
<arg>${key}</arg>
<doc>Logs the given message with the given level.</doc>
<status status="PASS" start="2024-04-07T16:15:38.903602" elapsed="0.000163"/>
</kw>
<var name="${key}">email</var>
<status status="PASS" start="2024-04-07T16:15:38.902043" elapsed="0.001942"/>
</iter>
<iter>
<kw name="Dictionary Should Contain Key" owner="Collections">
<msg time="2024-04-07T16:15:38.904690" level="INFO">False</msg>
<arg>${json_data['results'][0]}</arg>
<arg>${key}</arg>
<doc>Fails if ``key`` is not found from ``dictionary``.</doc>
<status status="PASS" start="2024-04-07T16:15:38.904269" elapsed="0.000462"/>
</kw>
<kw name="Log" owner="BuiltIn">
<msg time="2024-04-07T16:15:38.905407" level="INFO">{'gender': 'male', 'name': {'title': 'Mr', 'first': 'Dharun', 'last': 'Anchan'}, 'location': {'street': {'number': 5529, 'name': 'Lamington Rd'}, 'city': 'Guna', 'state': 'Odisha', 'country': 'India', 'postcode': 16619, 'coordinates': {'latitude': '6.6320', 'longitude': '-130.3675'}, 'timezone': {'offset': '0:00', 'description': 'Western Europe Time, London, Lisbon, Casablanca'}}, 'email': 'dharun.anchan@example.com', 'login': {'uuid': '507865b1-cc02-4ce6-b47c-fce5ab85768c', 'username': 'lazypeacock988', 'password': 'cupoi', 'salt': 'WUahX3A7', 'md5': 'f35d73be63bd2bd56dcc0541a2f4f746', 'sha1': '15e45d637235bd020b7fb477b47edcc2a3db773a', 'sha256': '2ba5a78aff3073a716f751add4742b3f796f03a24c7cc552249821d296c9c653'}, 'dob': {'date': '1987-12-27T19:39:11.169Z', 'age': 36}, 'registered': {'date': '2019-12-20T17:04:36.159Z', 'age': 4}, 'phone': '8753435778', 'cell': '7108737003', 'id': {'name': 'UIDAI', 'value': '299593954082'}, 'picture': {'large': 'https://randomuser.me/api/portraits/men/34.jpg', 'medium': 'https://randomuser.me/api/portraits/med/men/34.jpg', 'thumbnail': 'https://randomuser.me/api/portraits/thumb/men/34.jpg'}, 'nat': 'IN'}</msg>
<arg>${json_data['results'][0]}</arg>
<doc>Logs the given message with the given level.</doc>
<status status="PASS" start="2024-04-07T16:15:38.905042" elapsed="0.000413"/>
</kw>
<kw name="Log" owner="BuiltIn">
<msg time="2024-04-07T16:15:38.905901" level="INFO">login</msg>
<arg>${key}</arg>
<doc>Logs the given message with the given level.</doc>
<status status="PASS" start="2024-04-07T16:15:38.905763" elapsed="0.000301"/>
</kw>
<var name="${key}">login</var>
<status status="PASS" start="2024-04-07T16:15:38.904159" elapsed="0.002156"/>
</iter>
<var>${key}</var>
<value>@{expected_keys}</value>
<status status="PASS" start="2024-04-07T16:15:38.895278" elapsed="0.011167"/>
</for>
<kw name="Create List" owner="BuiltIn">
<msg time="2024-04-07T16:15:38.906787" level="INFO">${expected_keysTwo} = ['username', 'password']</msg>
<var>${expected_keysTwo}</var>
<arg>username</arg>
<arg>password</arg>
<doc>Returns a list containing given items.</doc>
<status status="PASS" start="2024-04-07T16:15:38.906646" elapsed="0.000166"/>
</kw>
<for flavor="IN">
<iter>
<kw name="Dictionary Should Contain Key" owner="Collections">
<msg time="2024-04-07T16:15:38.907711" level="INFO">False</msg>
<arg>${json_data['results'][0]['login']}</arg>
<arg>${keyTwo}</arg>
<doc>Fails if ``key`` is not found from ``dictionary``.</doc>
<status status="PASS" start="2024-04-07T16:15:38.907322" elapsed="0.000428"/>
</kw>
<kw name="Dictionary Should Contain Key" owner="Collections">
<msg time="2024-04-07T16:15:38.908434" level="INFO">False</msg>
<arg>${json_data['results'][0]['login']}</arg>
<arg>${keyTwo}</arg>
<doc>Fails if ``key`` is not found from ``dictionary``.</doc>
<status status="PASS" start="2024-04-07T16:15:38.908052" elapsed="0.000420"/>
</kw>
<kw name="Log" owner="BuiltIn">
<msg time="2024-04-07T16:15:38.908928" level="INFO">username</msg>
<arg>${keyTwo}</arg>
<doc>Logs the given message with the given level.</doc>
<status status="PASS" start="2024-04-07T16:15:38.908798" elapsed="0.000168"/>
</kw>
<var name="${keyTwo}">username</var>
<status status="PASS" start="2024-04-07T16:15:38.907212" elapsed="0.001974"/>
</iter>
<iter>
<kw name="Dictionary Should Contain Key" owner="Collections">
<msg time="2024-04-07T16:15:38.909851" level="INFO">False</msg>
<arg>${json_data['results'][0]['login']}</arg>
<arg>${keyTwo}</arg>
<doc>Fails if ``key`` is not found from ``dictionary``.</doc>
<status status="PASS" start="2024-04-07T16:15:38.909466" elapsed="0.000423"/>
</kw>
<kw name="Dictionary Should Contain Key" owner="Collections">
<msg time="2024-04-07T16:15:38.910573" level="INFO">False</msg>
<arg>${json_data['results'][0]['login']}</arg>
<arg>${keyTwo}</arg>
<doc>Fails if ``key`` is not found from ``dictionary``.</doc>
<status status="PASS" start="2024-04-07T16:15:38.910189" elapsed="0.000422"/>
</kw>
<kw name="Log" owner="BuiltIn">
<msg time="2024-04-07T16:15:38.911041" level="INFO">password</msg>
<arg>${keyTwo}</arg>
<doc>Logs the given message with the given level.</doc>
<status status="PASS" start="2024-04-07T16:15:38.910915" elapsed="0.000164"/>
</kw>
<var name="${keyTwo}">password</var>
<status status="PASS" start="2024-04-07T16:15:38.909359" elapsed="0.001941"/>
</iter>
<var>${keyTwo}</var>
<value>@{expected_keysTwo}</value>
<status status="PASS" start="2024-04-07T16:15:38.907056" elapsed="0.004369"/>
</for>
<status status="PASS" start="2024-04-07T16:15:38.798870" elapsed="0.112703"/>
</kw>
<doc>Testa a estrutura da resposta da API.</doc>
<tag>testeEstruturaResposta</tag>
<status status="PASS" start="2024-04-07T16:15:38.798207" elapsed="0.113537"/>
</test>
<test id="s1-s1-t4" name="Validar tipos de dados" line="28">
<kw name="Teste de Tipos de Dados" owner="random-user-service">
<kw name="GET On Session" owner="RequestsLibrary">
<msg time="2024-04-07T16:15:39.002862" level="INFO">GET Request : url=https://randomuser.me/api 
 path_url=/api 
 headers={'User-Agent': 'python-requests/2.31.0', 'Accept-Encoding': 'gzip, deflate', 'Accept': '*/*', 'Connection': 'keep-alive'} 
 body=None 
 </msg>
<msg time="2024-04-07T16:15:39.002973" level="INFO">GET Response : url=https://randomuser.me/api 
 status=200, reason=OK 
 headers={'Date': 'Sun, 07 Apr 2024 16:15:39 GMT', 'Content-Type': 'application/json; charset=utf-8', 'Transfer-Encoding': 'chunked', 'Connection': 'keep-alive', 'X-Powered-By': 'Express', 'Access-Control-Allow-Origin': '*', 'Cache-Control': 'no-cache', 'ETag': 'W/"489-oUpOH7C0sUgryWrQ0zwQOiRgrgk"', 'Vary': 'Accept-Encoding', 'Content-Encoding': 'gzip', 'CF-Cache-Status': 'DYNAMIC', 'Report-To': '{"endpoints":[{"url":"https:\\/\\/a.nel.cloudflare.com\\/report\\/v4?s=DFs6jPcPQZ1WLxvwsAhq6SwXR5%2B1f9%2B1nOCRYaePF2OdcsEloRVjciEUF728jXOu4yPkFuPilU4XeTSAs5CGaJtCxRaWYYAySe3iq17aV68sqqZNqXIA2R2Wm74OGCVS"}],"group":"cf-nel","max_age":604800}', 'NEL': '{"success_fraction":0,"report_to":"cf-nel","max_age":604800}', 'Server': 'cloudflare', 'CF-RAY': '870b514c3a381568-SJC', 'alt-svc': 'h3=":443"; ma=86400'} 
 body={"results":[{"gender":"male","name":{"title":"Mr","first":"Otto","last":"Annala"},"location":{"street":{"number":828,"name":"Mannerheimintie"},"city":"Parkano","state":"Northern Savonia","country":"Finland","postcode":44645,"coordinates":{"latitude":"-23.6985","longitude":"-43.8002"},"timezone":{"offset":"+6:00","description":"Almaty, Dhaka, Colombo"}},"email":"otto.annala@example.com","login":{"uuid":"c0c16976-0aa3-4539-9534-e7d350ba1901","username":"brownfish902","password":"flowers","salt":"aNOmumMK","md5":"a410f81c433e4f1ce424b57b1c27d4e6","sha1":"18e81341a741739e59fa3cb4de3325409af19d16","sha256":"5e811b5975ac11d98844c81c75ffcc0ddab100299781915be91acdd4e0aa4312"},"dob":{"date":"1971-09-28T19:42:48.634Z","age":52},"registered":{"date":"2019-10-21T08:26:24.524Z","age":4},"phone":"04-076-160","cell":"041-500-77-79","id":{"name":"HETU","value":"NaNNA217undefined"},"picture":{"large":"https://randomuser.me/api/portraits/men/23.jpg","medium":"https://randomuser.me/api/portraits/med/men/23.jpg","thumbnail":"https://randomuser.me/api/portraits/thumb/men/23.jpg"},"nat":"FI"}],"info":{"seed":"889fb20032398965","results":1,"page":1,"version":"1.4"}} 
 </msg>
<msg time="2024-04-07T16:15:39.003053" level="INFO">/opt/hostedtoolcache/Python/3.12.2/x64/lib/python3.12/site-packages/urllib3/connectionpool.py:1103: InsecureRequestWarning: Unverified HTTPS request is being made to host 'randomuser.me'. Adding certificate verification is strongly advised. See: https://urllib3.readthedocs.io/en/latest/advanced-usage.html#tls-warnings
  warnings.warn(</msg>
<msg time="2024-04-07T16:15:39.003185" level="INFO">${response} = &lt;Response [200]&gt;</msg>
<var>${response}</var>
<arg>consultarAPI</arg>
<arg>/api</arg>
<doc>Sends a GET request on a previously created HTTP Session.</doc>
<status status="PASS" start="2024-04-07T16:15:38.914360" elapsed="0.088863"/>
</kw>
<kw name="Set Variable" owner="BuiltIn">
<msg time="2024-04-07T16:15:39.004297" level="INFO">${json_data} = {'results': [{'gender': 'male', 'name': {'title': 'Mr', 'first': 'Otto', 'last': 'Annala'}, 'location': {'street': {'number': 828, 'name': 'Mannerheimintie'}, 'city': 'Parkano', 'state': 'Northern Sav...</msg>
<var>${json_data}</var>
<arg>${response.json()}</arg>
<doc>Returns the given values which can then be assigned to a variables.</doc>
<status status="PASS" start="2024-04-07T16:15:39.003767" elapsed="0.000560"/>
</kw>
<kw name="Log" owner="BuiltIn">
<msg time="2024-04-07T16:15:39.004880" level="INFO">{'results': [{'gender': 'male', 'name': {'title': 'Mr', 'first': 'Otto', 'last': 'Annala'}, 'location': {'street': {'number': 828, 'name': 'Mannerheimintie'}, 'city': 'Parkano', 'state': 'Northern Savonia', 'country': 'Finland', 'postcode': 44645, 'coordinates': {'latitude': '-23.6985', 'longitude': '-43.8002'}, 'timezone': {'offset': '+6:00', 'description': 'Almaty, Dhaka, Colombo'}}, 'email': 'otto.annala@example.com', 'login': {'uuid': 'c0c16976-0aa3-4539-9534-e7d350ba1901', 'username': 'brownfish902', 'password': 'flowers', 'salt': 'aNOmumMK', 'md5': 'a410f81c433e4f1ce424b57b1c27d4e6', 'sha1': '18e81341a741739e59fa3cb4de3325409af19d16', 'sha256': '5e811b5975ac11d98844c81c75ffcc0ddab100299781915be91acdd4e0aa4312'}, 'dob': {'date': '1971-09-28T19:42:48.634Z', 'age': 52}, 'registered': {'date': '2019-10-21T08:26:24.524Z', 'age': 4}, 'phone': '04-076-160', 'cell': '041-500-77-79', 'id': {'name': 'HETU', 'value': 'NaNNA217undefined'}, 'picture': {'large': 'https://randomuser.me/api/portraits/men/23.jpg', 'medium': 'https://randomuser.me/api/portraits/med/men/23.jpg', 'thumbnail': 'https://randomuser.me/api/portraits/thumb/men/23.jpg'}, 'nat': 'FI'}], 'info': {'seed': '889fb20032398965', 'results': 1, 'page': 1, 'version': '1.4'}}</msg>
<arg>${json_data}</arg>
<doc>Logs the given message with the given level.</doc>
<status status="PASS" start="2024-04-07T16:15:39.004696" elapsed="0.000274"/>
</kw>
<kw name="Should Be String" owner="String">
<arg>${json_data['results'][0]['gender']}</arg>
<doc>Fails if the given ``item`` is not a string.</doc>
<status status="PASS" start="2024-04-07T16:15:39.005293" elapsed="0.000374"/>
</kw>
<kw name="Should Match Regexp" owner="BuiltIn">
<arg>${json_data['results'][0]['email']}</arg>
<arg>^[a-zA-Z0-9._%+-]+@[a-zA-Z0-9.-]+\.[a-zA-Z]{2,}$</arg>
<doc>Fails if ``string`` does not match ``pattern`` as a regular expression.</doc>
<status status="PASS" start="2024-04-07T16:15:39.005866" elapsed="0.000539"/>
</kw>
<kw name="Should Match Regexp" owner="BuiltIn">
<arg>${json_data['results'][0]['dob']['date']}</arg>
<arg>\\d{4}-\\d{2}-\\d{2}T\\d{2}:\\d{2}:\\d{2}\\.\\d{3}Z</arg>
<doc>Fails if ``string`` does not match ``pattern`` as a regular expression.</doc>
<status status="PASS" start="2024-04-07T16:15:39.006606" elapsed="0.000490"/>
</kw>
<kw name="Should Match Regexp" owner="BuiltIn">
<arg>${json_data['results'][0]['registered']['date']}</arg>
<arg>\\d{4}-\\d{2}-\\d{2}T\\d{2}:\\d{2}:\\d{2}\\.\\d{3}Z</arg>
<doc>Fails if ``string`` does not match ``pattern`` as a regular expression.</doc>
<status status="PASS" start="2024-04-07T16:15:39.007291" elapsed="0.000377"/>
</kw>
<kw name="Should Match Regexp" owner="BuiltIn">
<arg>${json_data['results'][0]['picture']['large']}</arg>
<arg>^https?://.*\.(?:png|jpe?g|gif|bmp)$</arg>
<doc>Fails if ``string`` does not match ``pattern`` as a regular expression.</doc>
<status status="PASS" start="2024-04-07T16:15:39.007855" elapsed="0.000457"/>
</kw>
<kw name="Should Match Regexp" owner="BuiltIn">
<arg>${json_data['results'][0]['picture']['medium']}</arg>
<arg>^https?://.*\.(?:png|jpe?g|gif|bmp)$</arg>
<doc>Fails if ``string`` does not match ``pattern`` as a regular expression.</doc>
<status status="PASS" start="2024-04-07T16:15:39.008509" elapsed="0.000384"/>
</kw>
<kw name="Should Match Regexp" owner="BuiltIn">
<arg>${json_data['results'][0]['picture']['thumbnail']}</arg>
<arg>^https?://.*\.(?:png|jpe?g|gif|bmp)$</arg>
<doc>Fails if ``string`` does not match ``pattern`` as a regular expression.</doc>
<status status="PASS" start="2024-04-07T16:15:39.009079" elapsed="0.000358"/>
</kw>
<kw name="Log" owner="BuiltIn">
<msg time="2024-04-07T16:15:39.009952" level="INFO">{'large': 'https://randomuser.me/api/portraits/men/23.jpg', 'medium': 'https://randomuser.me/api/portraits/med/men/23.jpg', 'thumbnail': 'https://randomuser.me/api/portraits/thumb/men/23.jpg'}</msg>
<arg>${json_data['results'][0]['picture']}</arg>
<doc>Logs the given message with the given level.</doc>
<status status="PASS" start="2024-04-07T16:15:39.009621" elapsed="0.000375"/>
</kw>
<status status="PASS" start="2024-04-07T16:15:38.914119" elapsed="0.096144"/>
</kw>
<kw name="Teste de Tipos de Dados - Postcode" owner="random-user-service">
<kw name="GET On Session" owner="RequestsLibrary">
<msg time="2024-04-07T16:15:39.297330" level="INFO">GET Request : url=https://randomuser.me/api 
 path_url=/api 
 headers={'User-Agent': 'python-requests/2.31.0', 'Accept-Encoding': 'gzip, deflate', 'Accept': '*/*', 'Connection': 'keep-alive'} 
 body=None 
 </msg>
<msg time="2024-04-07T16:15:39.297443" level="INFO">GET Response : url=https://randomuser.me/api 
 status=200, reason=OK 
 headers={'Date': 'Sun, 07 Apr 2024 16:15:39 GMT', 'Content-Type': 'application/json; charset=utf-8', 'Transfer-Encoding': 'chunked', 'Connection': 'keep-alive', 'X-Powered-By': 'Express', 'Access-Control-Allow-Origin': '*', 'Cache-Control': 'no-cache', 'ETag': 'W/"488-+AOtJl/dIOt6XXcyV78PBn+z6nY"', 'Vary': 'Accept-Encoding', 'Content-Encoding': 'gzip', 'CF-Cache-Status': 'DYNAMIC', 'Report-To': '{"endpoints":[{"url":"https:\\/\\/a.nel.cloudflare.com\\/report\\/v4?s=mePCGoygI3T7umRP4rRNMLDrG1bAVVF41BXh6dvYDBlwZSZAJsEZ5s4sN2z2zNQZJeRchcWTx779MWz%2FrMeD1nVZYodYB29MS%2F4u%2FNiFbqj9T62tI8qyImtJtjnqgah9"}],"group":"cf-nel","max_age":604800}', 'NEL': '{"success_fraction":0,"report_to":"cf-nel","max_age":604800}', 'Server': 'cloudflare', 'CF-RAY': '870b514cdad61568-SJC', 'alt-svc': 'h3=":443"; ma=86400'} 
 body={"results":[{"gender":"female","name":{"title":"Miss","first":"Annie","last":"Hernandez"},"location":{"street":{"number":9663,"name":"Smokey Ln"},"city":"Devonport","state":"Northern Territory","country":"Australia","postcode":562,"coordinates":{"latitude":"-85.4201","longitude":"15.1562"},"timezone":{"offset":"-2:00","description":"Mid-Atlantic"}},"email":"annie.hernandez@example.com","login":{"uuid":"1646fc54-23ec-4916-9f41-697661e1dc63","username":"biggorilla660","password":"debbie","salt":"o6WJeyJ9","md5":"375e602cfc8f39e01556026057195cb1","sha1":"563381d07362ec032d3195a01d1c0ce7033b3ec8","sha256":"ab9caa2f5ca4d0615fefc097cc29f4fed82f66bb4bf3b3c154058a49b8720e84"},"dob":{"date":"1971-10-20T20:56:31.379Z","age":52},"registered":{"date":"2010-12-10T12:33:07.764Z","age":13},"phone":"00-9087-4219","cell":"0494-766-469","id":{"name":"TFN","value":"443825326"},"picture":{"large":"https://randomuser.me/api/portraits/women/40.jpg","medium":"https://randomuser.me/api/portraits/med/women/40.jpg","thumbnail":"https://randomuser.me/api/portraits/thumb/women/40.jpg"},"nat":"AU"}],"info":{"seed":"8cbc5a432adf3ad7","results":1,"page":1,"version":"1.4"}} 
 </msg>
<msg time="2024-04-07T16:15:39.297543" level="INFO">/opt/hostedtoolcache/Python/3.12.2/x64/lib/python3.12/site-packages/urllib3/connectionpool.py:1103: InsecureRequestWarning: Unverified HTTPS request is being made to host 'randomuser.me'. Adding certificate verification is strongly advised. See: https://urllib3.readthedocs.io/en/latest/advanced-usage.html#tls-warnings
  warnings.warn(</msg>
<msg time="2024-04-07T16:15:39.297688" level="INFO">${response} = &lt;Response [200]&gt;</msg>
<var>${response}</var>
<arg>consultarAPI</arg>
<arg>/api</arg>
<doc>Sends a GET request on a previously created HTTP Session.</doc>
<status status="PASS" start="2024-04-07T16:15:39.010896" elapsed="0.286832"/>
</kw>
<kw name="Set Variable" owner="BuiltIn">
<msg time="2024-04-07T16:15:39.298913" level="INFO">${json_data} = {'results': [{'gender': 'female', 'name': {'title': 'Miss', 'first': 'Annie', 'last': 'Hernandez'}, 'location': {'street': {'number': 9663, 'name': 'Smokey Ln'}, 'city': 'Devonport', 'state': 'Norther...</msg>
<var>${json_data}</var>
<arg>${response.json()}</arg>
<doc>Returns the given values which can then be assigned to a variables.</doc>
<status status="PASS" start="2024-04-07T16:15:39.298358" elapsed="0.000584"/>
</kw>
<kw name="Log" owner="BuiltIn">
<msg time="2024-04-07T16:15:39.299417" level="INFO">{'results': [{'gender': 'female', 'name': {'title': 'Miss', 'first': 'Annie', 'last': 'Hernandez'}, 'location': {'street': {'number': 9663, 'name': 'Smokey Ln'}, 'city': 'Devonport', 'state': 'Northern Territory', 'country': 'Australia', 'postcode': 562, 'coordinates': {'latitude': '-85.4201', 'longitude': '15.1562'}, 'timezone': {'offset': '-2:00', 'description': 'Mid-Atlantic'}}, 'email': 'annie.hernandez@example.com', 'login': {'uuid': '1646fc54-23ec-4916-9f41-697661e1dc63', 'username': 'biggorilla660', 'password': 'debbie', 'salt': 'o6WJeyJ9', 'md5': '375e602cfc8f39e01556026057195cb1', 'sha1': '563381d07362ec032d3195a01d1c0ce7033b3ec8', 'sha256': 'ab9caa2f5ca4d0615fefc097cc29f4fed82f66bb4bf3b3c154058a49b8720e84'}, 'dob': {'date': '1971-10-20T20:56:31.379Z', 'age': 52}, 'registered': {'date': '2010-12-10T12:33:07.764Z', 'age': 13}, 'phone': '00-9087-4219', 'cell': '0494-766-469', 'id': {'name': 'TFN', 'value': '443825326'}, 'picture': {'large': 'https://randomuser.me/api/portraits/women/40.jpg', 'medium': 'https://randomuser.me/api/portraits/med/women/40.jpg', 'thumbnail': 'https://randomuser.me/api/portraits/thumb/women/40.jpg'}, 'nat': 'AU'}], 'info': {'seed': '8cbc5a432adf3ad7', 'results': 1, 'page': 1, 'version': '1.4'}}</msg>
<arg>${json_data}</arg>
<doc>Logs the given message with the given level.</doc>
<status status="PASS" start="2024-04-07T16:15:39.299258" elapsed="0.000240"/>
</kw>
<kw name="Should Be Equal As Numbers" owner="BuiltIn">
<arg>${json_data['results'][0]['location']['postcode']}</arg>
<arg>${json_data['results'][0]['location']['postcode']}</arg>
<doc>Fails if objects are unequal after converting them to real numbers.</doc>
<status status="PASS" start="2024-04-07T16:15:39.299802" elapsed="0.000626"/>
</kw>
<kw name="Log" owner="BuiltIn">
<msg time="2024-04-07T16:15:39.301002" level="INFO">562</msg>
<arg>${json_data['results'][0]['location']['postcode']}</arg>
<doc>Logs the given message with the given level.</doc>
<status status="PASS" start="2024-04-07T16:15:39.300617" elapsed="0.000425"/>
</kw>
<status status="PASS" start="2024-04-07T16:15:39.010501" elapsed="0.290801"/>
</kw>
<doc>Testa se os tipos de dados na resposta da API estão corretos.</doc>
<tag>testeTiposDados</tag>
<status status="PASS" start="2024-04-07T16:15:38.913655" elapsed="0.387823"/>
</test>
<test id="s1-s1-t5" name="Validar conteudo" line="35">
<kw name="Teste de Tipos de Conteudo" owner="random-user-service">
<kw name="GET On Session" owner="RequestsLibrary">
<msg time="2024-04-07T16:15:39.395342" level="INFO">GET Request : url=https://randomuser.me/api 
 path_url=/api 
 headers={'User-Agent': 'python-requests/2.31.0', 'Accept-Encoding': 'gzip, deflate', 'Accept': '*/*', 'Connection': 'keep-alive'} 
 body=None 
 </msg>
<msg time="2024-04-07T16:15:39.395454" level="INFO">GET Response : url=https://randomuser.me/api 
 status=200, reason=OK 
 headers={'Date': 'Sun, 07 Apr 2024 16:15:39 GMT', 'Content-Type': 'application/json; charset=utf-8', 'Transfer-Encoding': 'chunked', 'Connection': 'keep-alive', 'X-Powered-By': 'Express', 'Access-Control-Allow-Origin': '*', 'Cache-Control': 'no-cache', 'ETag': 'W/"482-vWNCXft1tOD5MzR3CEYjjjrnWso"', 'Vary': 'Accept-Encoding', 'Content-Encoding': 'gzip', 'CF-Cache-Status': 'DYNAMIC', 'Report-To': '{"endpoints":[{"url":"https:\\/\\/a.nel.cloudflare.com\\/report\\/v4?s=F4mH3%2BGNIVq3DH9kFIeKjjcLktQOjL0sc7WFZ1D0pt9aWh2ioRNzSMpIkQlBo98Wgqssn%2FD0JR8yG%2FB03SC0oRJmHC44GdI8XGsAd%2BsQ%2FDWzOVioCm3GtA83YkZ6m2Hk"}],"group":"cf-nel","max_age":604800}', 'NEL': '{"success_fraction":0,"report_to":"cf-nel","max_age":604800}', 'Server': 'cloudflare', 'CF-RAY': '870b514eacee1568-SJC', 'alt-svc': 'h3=":443"; ma=86400'} 
 body={"results":[{"gender":"male","name":{"title":"Mr","first":"Noah","last":"Mitchell"},"location":{"street":{"number":2472,"name":"Argyle St"},"city":"Delta","state":"New Brunswick","country":"Canada","postcode":"M5L 4S7","coordinates":{"latitude":"-69.6664","longitude":"-89.9155"},"timezone":{"offset":"-1:00","description":"Azores, Cape Verde Islands"}},"email":"noah.mitchell@example.com","login":{"uuid":"ba632440-2e33-4211-8fd0-bc6f15e62739","username":"smallbear729","password":"yvette","salt":"j6oolgeG","md5":"71d8e57379d06caaee45a92311ea42ad","sha1":"4503acfd30a632f7486961abb5abbbf2cf94b36e","sha256":"feff49e0327e24a74f38a8b04f0ca210d1850f95b8a6732c459061a6265e93ea"},"dob":{"date":"1989-05-11T10:41:36.980Z","age":34},"registered":{"date":"2010-09-22T23:06:44.838Z","age":13},"phone":"C38 L14-2674","cell":"O57 Y13-4805","id":{"name":"SIN","value":"716784483"},"picture":{"large":"https://randomuser.me/api/portraits/men/94.jpg","medium":"https://randomuser.me/api/portraits/med/men/94.jpg","thumbnail":"https://randomuser.me/api/portraits/thumb/men/94.jpg"},"nat":"CA"}],"info":{"seed":"65128be4cbea5c53","results":1,"page":1,"version":"1.4"}} 
 </msg>
<msg time="2024-04-07T16:15:39.395532" level="INFO">/opt/hostedtoolcache/Python/3.12.2/x64/lib/python3.12/site-packages/urllib3/connectionpool.py:1103: InsecureRequestWarning: Unverified HTTPS request is being made to host 'randomuser.me'. Adding certificate verification is strongly advised. See: https://urllib3.readthedocs.io/en/latest/advanced-usage.html#tls-warnings
  warnings.warn(</msg>
<msg time="2024-04-07T16:15:39.395668" level="INFO">${response} = &lt;Response [200]&gt;</msg>
<var>${response}</var>
<arg>consultarAPI</arg>
<arg>/api</arg>
<doc>Sends a GET request on a previously created HTTP Session.</doc>
<status status="PASS" start="2024-04-07T16:15:39.304802" elapsed="0.090905"/>
</kw>
<kw name="Set Variable" owner="BuiltIn">
<msg time="2024-04-07T16:15:39.396847" level="INFO">${json_data} = {'results': [{'gender': 'male', 'name': {'title': 'Mr', 'first': 'Noah', 'last': 'Mitchell'}, 'location': {'street': {'number': 2472, 'name': 'Argyle St'}, 'city': 'Delta', 'state': 'New Brunswick', '...</msg>
<var>${json_data}</var>
<arg>${response.json()}</arg>
<doc>Returns the given values which can then be assigned to a variables.</doc>
<status status="PASS" start="2024-04-07T16:15:39.396274" elapsed="0.000602"/>
</kw>
<kw name="Set Variable" owner="BuiltIn">
<msg time="2024-04-07T16:15:39.397574" level="INFO">${name_title} = Mr</msg>
<var>${name_title}</var>
<arg>${json_data["results"][0]["name"]["title"]}</arg>
<doc>Returns the given values which can then be assigned to a variables.</doc>
<status status="PASS" start="2024-04-07T16:15:39.397187" elapsed="0.000412"/>
</kw>
<kw name="Create List" owner="BuiltIn">
<msg time="2024-04-07T16:15:39.398055" level="INFO">${allowed_titles} = ['Mr', 'Ms', 'Miss', 'Mrs', 'Madame', 'Monsieur']</msg>
<var>${allowed_titles}</var>
<arg>Mr</arg>
<arg>Ms</arg>
<arg>Miss</arg>
<arg>Mrs</arg>
<arg>Madame</arg>
<arg>Monsieur</arg>
<doc>Returns a list containing given items.</doc>
<status status="PASS" start="2024-04-07T16:15:39.397904" elapsed="0.000175"/>
</kw>
<kw name="List Should Contain Value" owner="Collections">
<msg time="2024-04-07T16:15:39.398561" level="INFO">False</msg>
<arg>${allowed_titles}</arg>
<arg>${name_title}</arg>
<doc>Fails if the ``value`` is not found from ``list``.</doc>
<status status="PASS" start="2024-04-07T16:15:39.398387" elapsed="0.000211"/>
</kw>
<kw name="Set Variable" owner="BuiltIn">
<msg time="2024-04-07T16:15:39.399265" level="INFO">${name_country} = CA</msg>
<var>${name_country}</var>
<arg>${json_data["results"][0]["nat"]}</arg>
<doc>Returns the given values which can then be assigned to a variables.</doc>
<status status="PASS" start="2024-04-07T16:15:39.398888" elapsed="0.000402"/>
</kw>
<kw name="Create List" owner="BuiltIn">
<msg time="2024-04-07T16:15:39.400213" level="INFO">${list_country} = ['AD', 'AE', 'AF', 'AG', 'AI', 'AL', 'AM', 'AO', 'AQ', 'AR', 'AS', 'AT', 'AU', 'AW', 'AX', 'AZ', 'BA', 'BB', 'BD', 'BE', 'BF', 'BG', 'BH', 'BI', 'BJ', 'BL', 'BM', 'BN', 'BO', 'BQ', 'BR', 'BS', 'BT', '...</msg>
<var>${list_country}</var>
<arg>AD</arg>
<arg>AE</arg>
<arg>AF</arg>
<arg>AG</arg>
<arg>AI</arg>
<arg>AL</arg>
<arg>AM</arg>
<arg>AO</arg>
<arg>AQ</arg>
<arg>AR</arg>
<arg>AS</arg>
<arg>AT</arg>
<arg>AU</arg>
<arg>AW</arg>
<arg>AX</arg>
<arg>AZ</arg>
<arg>BA</arg>
<arg>BB</arg>
<arg>BD</arg>
<arg>BE</arg>
<arg>BF</arg>
<arg>BG</arg>
<arg>BH</arg>
<arg>BI</arg>
<arg>BJ</arg>
<arg>BL</arg>
<arg>BM</arg>
<arg>BN</arg>
<arg>BO</arg>
<arg>BQ</arg>
<arg>BR</arg>
<arg>BS</arg>
<arg>BT</arg>
<arg>BV</arg>
<arg>BW</arg>
<arg>BY</arg>
<arg>BZ</arg>
<arg>CA</arg>
<arg>CC</arg>
<arg>CD</arg>
<arg>CF</arg>
<arg>CG</arg>
<arg>CH</arg>
<arg>CI</arg>
<arg>CK</arg>
<arg>CL</arg>
<arg>CM</arg>
<arg>CN</arg>
<arg>CO</arg>
<arg>CR</arg>
<arg>CU</arg>
<arg>CV</arg>
<arg>CW</arg>
<arg>CX</arg>
<arg>CY</arg>
<arg>CZ</arg>
<arg>DE</arg>
<arg>DJ</arg>
<arg>DK</arg>
<arg>DM</arg>
<arg>DO</arg>
<arg>DZ</arg>
<arg>EC</arg>
<arg>EE</arg>
<arg>EG</arg>
<arg>EH</arg>
<arg>ER</arg>
<arg>ES</arg>
<arg>ET</arg>
<arg>FI</arg>
<arg>FJ</arg>
<arg>FK</arg>
<arg>FM</arg>
<arg>FO</arg>
<arg>FR</arg>
<arg>GA</arg>
<arg>GB</arg>
<arg>GD</arg>
<arg>GE</arg>
<arg>GF</arg>
<arg>GG</arg>
<arg>GH</arg>
<arg>GI</arg>
<arg>GL</arg>
<arg>GM</arg>
<arg>GN</arg>
<arg>GP</arg>
<arg>GQ</arg>
<arg>GR</arg>
<arg>GS</arg>
<arg>GT</arg>
<arg>GU</arg>
<arg>GW</arg>
<arg>GY</arg>
<arg>HK</arg>
<arg>HM</arg>
<arg>HN</arg>
<arg>HR</arg>
<arg>HT</arg>
<arg>HU</arg>
<arg>ID</arg>
<arg>IE</arg>
<arg>IL</arg>
<arg>IM</arg>
<arg>IN</arg>
<arg>IO</arg>
<arg>IQ</arg>
<arg>IR</arg>
<arg>IS</arg>
<arg>IT</arg>
<arg>JE</arg>
<arg>JM</arg>
<arg>JO</arg>
<arg>JP</arg>
<arg>KE</arg>
<arg>KG</arg>
<arg>KH</arg>
<arg>KI</arg>
<arg>KM</arg>
<arg>KN</arg>
<arg>KP</arg>
<arg>KR</arg>
<arg>KW</arg>
<arg>KY</arg>
<arg>KZ</arg>
<arg>LA</arg>
<arg>LB</arg>
<arg>LC</arg>
<arg>LI</arg>
<arg>LK</arg>
<arg>LR</arg>
<arg>LS</arg>
<arg>LT</arg>
<arg>LU</arg>
<arg>LV</arg>
<arg>LY</arg>
<arg>MA</arg>
<arg>MC</arg>
<arg>MD</arg>
<arg>ME</arg>
<arg>MF</arg>
<arg>MG</arg>
<arg>MH</arg>
<arg>MK</arg>
<arg>ML</arg>
<arg>MM</arg>
<arg>MN</arg>
<arg>MO</arg>
<arg>MP</arg>
<arg>MQ</arg>
<arg>MR</arg>
<arg>MS</arg>
<arg>MT</arg>
<arg>MU</arg>
<arg>MV</arg>
<arg>MW</arg>
<arg>MX</arg>
<arg>MY</arg>
<arg>MZ</arg>
<arg>NA</arg>
<arg>NC</arg>
<arg>NE</arg>
<arg>NF</arg>
<arg>NG</arg>
<arg>NI</arg>
<arg>NL</arg>
<arg>NO</arg>
<arg>NP</arg>
<arg>NR</arg>
<arg>NU</arg>
<arg>NZ</arg>
<arg>OM</arg>
<arg>PA</arg>
<arg>PE</arg>
<arg>PF</arg>
<arg>PG</arg>
<arg>PH</arg>
<arg>PK</arg>
<arg>PL</arg>
<arg>PM</arg>
<arg>PN</arg>
<arg>PR</arg>
<arg>PS</arg>
<arg>PT</arg>
<arg>PW</arg>
<arg>PY</arg>
<arg>QA</arg>
<arg>RE</arg>
<arg>RO</arg>
<arg>RS</arg>
<arg>RU</arg>
<arg>RW</arg>
<arg>SA</arg>
<arg>SB</arg>
<arg>SC</arg>
<arg>SD</arg>
<arg>SE</arg>
<arg>SG</arg>
<arg>SH</arg>
<arg>SI</arg>
<arg>SJ</arg>
<arg>SK</arg>
<arg>SL</arg>
<arg>SM</arg>
<arg>SN</arg>
<arg>SO</arg>
<arg>SR</arg>
<arg>SS</arg>
<arg>ST</arg>
<arg>SV</arg>
<arg>SX</arg>
<arg>SY</arg>
<arg>SZ</arg>
<arg>TC</arg>
<arg>TD</arg>
<arg>TF</arg>
<arg>TG</arg>
<arg>TH</arg>
<arg>TJ</arg>
<arg>TK</arg>
<arg>TL</arg>
<arg>TM</arg>
<arg>TN</arg>
<arg>TO</arg>
<arg>TR</arg>
<arg>TT</arg>
<arg>TV</arg>
<arg>TW</arg>
<arg>TZ</arg>
<arg>UA</arg>
<arg>UG</arg>
<arg>UM</arg>
<arg>US</arg>
<arg>UY</arg>
<arg>UZ</arg>
<arg>VA</arg>
<arg>VC</arg>
<arg>VE</arg>
<arg>VG</arg>
<arg>VI</arg>
<arg>VN</arg>
<arg>VU</arg>
<arg>WF</arg>
<arg>WS</arg>
<arg>XK</arg>
<arg>YE</arg>
<arg>YT</arg>
<arg>ZA</arg>
<arg>ZM</arg>
<arg>ZW</arg>
<doc>Returns a list containing given items.</doc>
<status status="PASS" start="2024-04-07T16:15:39.399601" elapsed="0.000637"/>
</kw>
<kw name="List Should Contain Value" owner="Collections">
<msg time="2024-04-07T16:15:39.401390" level="INFO">False</msg>
<arg>${list_country}</arg>
<arg>${name_country}</arg>
<doc>Fails if the ``value`` is not found from ``list``.</doc>
<status status="PASS" start="2024-04-07T16:15:39.401185" elapsed="0.000242"/>
</kw>
<kw name="Run Keyword If" owner="BuiltIn">
<kw name="Should Be True" owner="BuiltIn">
<arg>${True}</arg>
<doc>Fails if the given condition is not true.</doc>
<status status="PASS" start="2024-04-07T16:15:39.402497" elapsed="0.000145"/>
</kw>
<arg>${json_data["results"][0]["location"]["coordinates"]["latitude"]} &gt;= -90 and ${json_data["results"][0]["location"]["coordinates"]["latitude"]} &lt;= 90</arg>
<arg>Should Be True</arg>
<arg>${True}</arg>
<doc>Runs the given keyword with the given arguments, if ``condition`` is true.</doc>
<status status="PASS" start="2024-04-07T16:15:39.401738" elapsed="0.001031"/>
</kw>
<kw name="Run Keyword If" owner="BuiltIn">
<kw name="Should Be True" owner="BuiltIn">
<arg>${True}</arg>
<doc>Fails if the given condition is not true.</doc>
<status status="PASS" start="2024-04-07T16:15:39.403653" elapsed="0.000143"/>
</kw>
<arg>${json_data["results"][0]["location"]["coordinates"]["longitude"]} &gt;= -180 and ${json_data["results"][0]["location"]["coordinates"]["longitude"]} &lt;= 180</arg>
<arg>Should Be True</arg>
<arg>${True}</arg>
<doc>Runs the given keyword with the given arguments, if ``condition`` is true.</doc>
<status status="PASS" start="2024-04-07T16:15:39.402955" elapsed="0.000968"/>
</kw>
<status status="PASS" start="2024-04-07T16:15:39.304384" elapsed="0.099673"/>
</kw>
<doc>Testa o conteúdo específico dos campos retornados pela API.</doc>
<tag>testeConteudo</tag>
<status status="PASS" start="2024-04-07T16:15:39.303649" elapsed="0.100564"/>
</test>
<status status="PASS" start="2024-04-07T16:15:38.138007" elapsed="1.268212"/>
</suite>
<status status="PASS" start="2024-04-07T16:15:38.124075" elapsed="1.287596"/>
</suite>
<statistics>
<total>
<stat pass="5" fail="0" skip="0">All Tests</stat>
</total>
<tag>
<stat pass="1" fail="0" skip="0">testeConteudo</stat>
<stat pass="1" fail="0" skip="0">testeEstruturaResposta</stat>
<stat pass="1" fail="0" skip="0">testeRequisicaoBasica</stat>
<stat pass="1" fail="0" skip="0">testeTiposDados</stat>
</tag>
<suite>
<stat pass="5" fail="0" skip="0" id="s1" name="Tests">Tests</stat>
<stat pass="5" fail="0" skip="0" id="s1-s1" name="Random-User-Test">Tests.Random-User-Test</stat>
</suite>
</statistics>
<errors>
</errors>
</robot>
