<?xml version="1.0" encoding="UTF-8"?>
<robot generator="Robot 7.0 (Python 3.12.3 on linux)" generated="2024-05-27T02:29:39.511367" rpa="false" schemaversion="5">
<suite id="s1" name="Tests" source="/home/runner/work/ApiRandomUser/ApiRandomUser/RamdonUser/tests">
<suite id="s1-s1" name="Random-User-Test" source="/home/runner/work/ApiRandomUser/ApiRandomUser/RamdonUser/tests/random-user-test.robot">
<test id="s1-s1-t1" name="Conectar" line="13">
<kw name="Conectar API" owner="random-user-service">
<kw name="Create Session" owner="RequestsLibrary">
<msg time="2024-05-27T02:29:39.919442" level="INFO">Creating Session using : alias=consultarAPI, url=https://randomuser.me/, headers={},                     cookies={}, auth=None, timeout=None, proxies=None, verify=False,                     debug=0 </msg>
<arg>consultarAPI</arg>
<arg>${URL}</arg>
<doc>Create Session: create a HTTP session to a server</doc>
<status status="PASS" start="2024-05-27T02:29:39.919240" elapsed="0.000372"/>
</kw>
<status status="PASS" start="2024-05-27T02:29:39.918199" elapsed="0.001771"/>
</kw>
<status status="PASS" start="2024-05-27T02:29:39.917524" elapsed="0.002640"/>
</test>
<test id="s1-s1-t2" name="Validar retorno 200 e JSON Válido" line="16">
<kw name="Teste de Requisicao Basica" owner="random-user-service">
<kw name="GET On Session" owner="RequestsLibrary">
<msg time="2024-05-27T02:29:40.035390" level="INFO">GET Request : url=https://randomuser.me/api 
 path_url=/api 
 headers={'User-Agent': 'python-requests/2.32.2', 'Accept-Encoding': 'gzip, deflate', 'Accept': '*/*', 'Connection': 'keep-alive'} 
 body=None 
 </msg>
<msg time="2024-05-27T02:29:40.035575" level="INFO">GET Response : url=https://randomuser.me/api 
 status=200, reason=OK 
 headers={'Date': 'Mon, 27 May 2024 02:29:40 GMT', 'Content-Type': 'application/json; charset=utf-8', 'Transfer-Encoding': 'chunked', 'Connection': 'keep-alive', 'X-Powered-By': 'Express', 'Access-Control-Allow-Origin': '*', 'Cache-Control': 'no-cache', 'ETag': 'W/"488-p/gv9GSmi25N5vYRdj22g9s9c6c"', 'Vary': 'Accept-Encoding', 'Content-Encoding': 'gzip', 'CF-Cache-Status': 'DYNAMIC', 'Report-To': '{"endpoints":[{"url":"https:\\/\\/a.nel.cloudflare.com\\/report\\/v4?s=Hv3xjs1J82GMLKFPtVjskYnZP%2BzXKZ1q%2BQJhX%2Fnz2yhwjIdHKkeXRps3bSRPHUca0%2F0Qy86HyvrkPPCfZllQTmvz9%2BCPMWND%2FapEvX249Tzx638gXwhpsoipqdNx1IyP"}],"group":"cf-nel","max_age":604800}', 'NEL': '{"success_fraction":0,"report_to":"cf-nel","max_age":604800}', 'Server': 'cloudflare', 'CF-RAY': '88a2941cb8e07af2-SJC', 'alt-svc': 'h3=":443"; ma=86400'} 
 body={"results":[{"gender":"male","name":{"title":"Mr","first":"Hans","last":"Gjernes"},"location":{"street":{"number":1098,"name":"Odins gate"},"city":"Moss","state":"Møre og Romsdal","country":"Norway","postcode":"5601","coordinates":{"latitude":"44.6856","longitude":"-134.4575"},"timezone":{"offset":"-4:00","description":"Atlantic Time (Canada), Caracas, La Paz"}},"email":"hans.gjernes@example.com","login":{"uuid":"5341a869-9b13-4dba-8894-e14a4d707e07","username":"purplefish894","password":"kkkkkkk","salt":"KSfpZRPH","md5":"67006658c5ee3764b0e249fdd6331733","sha1":"23bb963f4e7a33e74bdc0be7379bcbb3549690ce","sha256":"e7204a5d7f238ec28cecb05eb70ff7cfb53b676f6d2fbf23034fd96011e0a6d6"},"dob":{"date":"1951-09-23T09:22:10.102Z","age":72},"registered":{"date":"2008-04-18T14:36:34.466Z","age":16},"phone":"38404804","cell":"92577997","id":{"name":"FN","value":"23095134122"},"picture":{"large":"https://randomuser.me/api/portraits/men/64.jpg","medium":"https://randomuser.me/api/portraits/med/men/64.jpg","thumbnail":"https://randomuser.me/api/portraits/thumb/men/64.jpg"},"nat":"NO"}],"info":{"seed":"b4a0e01476265044","results":1,"page":1,"version":"1.4"}} 
 </msg>
<msg time="2024-05-27T02:29:40.035679" level="INFO">/opt/hostedtoolcache/Python/3.12.3/x64/lib/python3.12/site-packages/urllib3/connectionpool.py:1103: InsecureRequestWarning: Unverified HTTPS request is being made to host 'randomuser.me'. Adding certificate verification is strongly advised. See: https://urllib3.readthedocs.io/en/latest/advanced-usage.html#tls-warnings
  warnings.warn(</msg>
<msg time="2024-05-27T02:29:40.035815" level="INFO">${response} = &lt;Response [200]&gt;</msg>
<var>${response}</var>
<arg>consultarAPI</arg>
<arg>/api</arg>
<doc>Sends a GET request on a previously created HTTP Session.</doc>
<status status="PASS" start="2024-05-27T02:29:39.922822" elapsed="0.113028"/>
</kw>
<kw name="Should Be Equal As Numbers" owner="BuiltIn">
<msg time="2024-05-27T02:29:40.036894" level="INFO">Argument types are:
&lt;class 'int'&gt;
&lt;class 'str'&gt;</msg>
<arg>${response.status_code}</arg>
<arg>200</arg>
<doc>Fails if objects are unequal after converting them to real numbers.</doc>
<status status="PASS" start="2024-05-27T02:29:40.036427" elapsed="0.000533"/>
</kw>
<kw name="Log" owner="BuiltIn">
<msg time="2024-05-27T02:29:40.037649" level="INFO">200</msg>
<arg>${response.status_code}</arg>
<doc>Logs the given message with the given level.</doc>
<status status="PASS" start="2024-05-27T02:29:40.037294" elapsed="0.000403"/>
</kw>
<kw name="Set Variable" owner="BuiltIn">
<msg time="2024-05-27T02:29:40.038438" level="INFO">${json_data} = {'results': [{'gender': 'male', 'name': {'title': 'Mr', 'first': 'Hans', 'last': 'Gjernes'}, 'location': {'street': {'number': 1098, 'name': 'Odins gate'}, 'city': 'Moss', 'state': 'Møre og Romsdal', ...</msg>
<var>${json_data}</var>
<arg>${response.json()}</arg>
<doc>Returns the given values which can then be assigned to a variables.</doc>
<status status="PASS" start="2024-05-27T02:29:40.038006" elapsed="0.000461"/>
</kw>
<kw name="Dictionary Should Contain Key" owner="Collections">
<msg time="2024-05-27T02:29:40.038950" level="INFO">False</msg>
<arg>${json_data}</arg>
<arg>results</arg>
<doc>Fails if ``key`` is not found from ``dictionary``.</doc>
<status status="PASS" start="2024-05-27T02:29:40.038778" elapsed="0.000367"/>
</kw>
<status status="PASS" start="2024-05-27T02:29:39.922581" elapsed="0.116833"/>
</kw>
<doc>Testa se a API responde corretamente e retorna um objeto JSON válido.</doc>
<tag>testeRequisicaoBasica</tag>
<status status="PASS" start="2024-05-27T02:29:39.922061" elapsed="0.117539"/>
</test>
<test id="s1-s1-t3" name="Validar estrutura de resposta" line="22">
<kw name="Teste de Estrutura de Resposta" owner="random-user-service">
<kw name="GET On Session" owner="RequestsLibrary">
<msg time="2024-05-27T02:29:40.140549" level="INFO">GET Request : url=https://randomuser.me/api 
 path_url=/api 
 headers={'User-Agent': 'python-requests/2.32.2', 'Accept-Encoding': 'gzip, deflate', 'Accept': '*/*', 'Connection': 'keep-alive'} 
 body=None 
 </msg>
<msg time="2024-05-27T02:29:40.140667" level="INFO">GET Response : url=https://randomuser.me/api 
 status=200, reason=OK 
 headers={'Date': 'Mon, 27 May 2024 02:29:40 GMT', 'Content-Type': 'application/json; charset=utf-8', 'Transfer-Encoding': 'chunked', 'Connection': 'keep-alive', 'X-Powered-By': 'Express', 'Access-Control-Allow-Origin': '*', 'Cache-Control': 'no-cache', 'ETag': 'W/"486-MhXsjDKNIY50VEKaQYlxa3vYDOY"', 'Vary': 'Accept-Encoding', 'Content-Encoding': 'gzip', 'CF-Cache-Status': 'DYNAMIC', 'Report-To': '{"endpoints":[{"url":"https:\\/\\/a.nel.cloudflare.com\\/report\\/v4?s=nOZxKDSVLtP0RnQlhTntIAJoAKbpUwb%2FNM8GGk7Hv3A6jXJ%2BFNjqJAKfO8N2JQS67EuoEH%2BAuRaC936ULisZveE7DbeGmT18bNpvRjLLMQO%2FOlpMWRo0DY8CxeYCjwav"}],"group":"cf-nel","max_age":604800}', 'NEL': '{"success_fraction":0,"report_to":"cf-nel","max_age":604800}', 'Server': 'cloudflare', 'CF-RAY': '88a2941d593d7af2-SJC', 'alt-svc': 'h3=":443"; ma=86400'} 
 body={"results":[{"gender":"female","name":{"title":"Ms","first":"Mestan","last":"Taşlı"},"location":{"street":{"number":5067,"name":"Mevlana Cd"},"city":"Karaman","state":"Erzincan","country":"Turkey","postcode":32005,"coordinates":{"latitude":"70.0551","longitude":"96.8894"},"timezone":{"offset":"+9:00","description":"Tokyo, Seoul, Osaka, Sapporo, Yakutsk"}},"email":"mestan.tasli@example.com","login":{"uuid":"9ced8ed4-3e50-4fd7-870e-68ee95135e1e","username":"tinygorilla578","password":"2323","salt":"6vb92ErC","md5":"2fe11688ee3dcbff42c286babad14888","sha1":"320a6df7bfe837646acc3503fc58a3d19da74d91","sha256":"9b2050b5cc47e060c0cb7abc3292efd0c3024b0f3c88005230a84a618fdb5ebb"},"dob":{"date":"1995-01-06T03:45:28.257Z","age":29},"registered":{"date":"2019-12-23T12:47:01.104Z","age":4},"phone":"(302)-390-9079","cell":"(346)-880-8325","id":{"name":"","value":null},"picture":{"large":"https://randomuser.me/api/portraits/women/55.jpg","medium":"https://randomuser.me/api/portraits/med/women/55.jpg","thumbnail":"https://randomuser.me/api/portraits/thumb/women/55.jpg"},"nat":"TR"}],"info":{"seed":"1be985f071694ea3","results":1,"page":1,"version":"1.4"}} 
 </msg>
<msg time="2024-05-27T02:29:40.140814" level="INFO">/opt/hostedtoolcache/Python/3.12.3/x64/lib/python3.12/site-packages/urllib3/connectionpool.py:1103: InsecureRequestWarning: Unverified HTTPS request is being made to host 'randomuser.me'. Adding certificate verification is strongly advised. See: https://urllib3.readthedocs.io/en/latest/advanced-usage.html#tls-warnings
  warnings.warn(</msg>
<msg time="2024-05-27T02:29:40.140933" level="INFO">${response} = &lt;Response [200]&gt;</msg>
<var>${response}</var>
<arg>consultarAPI</arg>
<arg>/api</arg>
<doc>Sends a GET request on a previously created HTTP Session.</doc>
<status status="PASS" start="2024-05-27T02:29:40.042358" elapsed="0.098616"/>
</kw>
<kw name="Set Variable" owner="BuiltIn">
<msg time="2024-05-27T02:29:40.142128" level="INFO">${json_data} = {'results': [{'gender': 'female', 'name': {'title': 'Ms', 'first': 'Mestan', 'last': 'Taşlı'}, 'location': {'street': {'number': 5067, 'name': 'Mevlana Cd'}, 'city': 'Karaman', 'state': 'Erzincan', 'c...</msg>
<var>${json_data}</var>
<arg>${response.json()}</arg>
<doc>Returns the given values which can then be assigned to a variables.</doc>
<status status="PASS" start="2024-05-27T02:29:40.141491" elapsed="0.000668"/>
</kw>
<kw name="Log" owner="BuiltIn">
<msg time="2024-05-27T02:29:40.142644" level="INFO">{'results': [{'gender': 'female', 'name': {'title': 'Ms', 'first': 'Mestan', 'last': 'Taşlı'}, 'location': {'street': {'number': 5067, 'name': 'Mevlana Cd'}, 'city': 'Karaman', 'state': 'Erzincan', 'country': 'Turkey', 'postcode': 32005, 'coordinates': {'latitude': '70.0551', 'longitude': '96.8894'}, 'timezone': {'offset': '+9:00', 'description': 'Tokyo, Seoul, Osaka, Sapporo, Yakutsk'}}, 'email': 'mestan.tasli@example.com', 'login': {'uuid': '9ced8ed4-3e50-4fd7-870e-68ee95135e1e', 'username': 'tinygorilla578', 'password': '2323', 'salt': '6vb92ErC', 'md5': '2fe11688ee3dcbff42c286babad14888', 'sha1': '320a6df7bfe837646acc3503fc58a3d19da74d91', 'sha256': '9b2050b5cc47e060c0cb7abc3292efd0c3024b0f3c88005230a84a618fdb5ebb'}, 'dob': {'date': '1995-01-06T03:45:28.257Z', 'age': 29}, 'registered': {'date': '2019-12-23T12:47:01.104Z', 'age': 4}, 'phone': '(302)-390-9079', 'cell': '(346)-880-8325', 'id': {'name': '', 'value': None}, 'picture': {'large': 'https://randomuser.me/api/portraits/women/55.jpg', 'medium': 'https://randomuser.me/api/portraits/med/women/55.jpg', 'thumbnail': 'https://randomuser.me/api/portraits/thumb/women/55.jpg'}, 'nat': 'TR'}], 'info': {'seed': '1be985f071694ea3', 'results': 1, 'page': 1, 'version': '1.4'}}</msg>
<arg>${json_data}</arg>
<doc>Logs the given message with the given level.</doc>
<status status="PASS" start="2024-05-27T02:29:40.142479" elapsed="0.000218"/>
</kw>
<kw name="Dictionary Should Contain Key" owner="Collections">
<msg time="2024-05-27T02:29:40.143154" level="INFO">False</msg>
<arg>${json_data}</arg>
<arg>results</arg>
<doc>Fails if ``key`` is not found from ``dictionary``.</doc>
<status status="PASS" start="2024-05-27T02:29:40.142998" elapsed="0.000193"/>
</kw>
<kw name="Should Not Be Empty" owner="BuiltIn">
<msg time="2024-05-27T02:29:40.143624" level="INFO">Length is 2.</msg>
<arg>${json_data}</arg>
<doc>Verifies that the given item is not empty.</doc>
<status status="PASS" start="2024-05-27T02:29:40.143491" elapsed="0.000172"/>
</kw>
<kw name="Create List" owner="BuiltIn">
<msg time="2024-05-27T02:29:40.144103" level="INFO">${expected_keys} = ['gender', 'name', 'location', 'email', 'login']</msg>
<var>${expected_keys}</var>
<arg>gender</arg>
<arg>name</arg>
<arg>location</arg>
<arg>email</arg>
<arg>login</arg>
<doc>Returns a list containing given items.</doc>
<status status="PASS" start="2024-05-27T02:29:40.143956" elapsed="0.000170"/>
</kw>
<for flavor="IN">
<iter>
<kw name="Dictionary Should Contain Key" owner="Collections">
<msg time="2024-05-27T02:29:40.145175" level="INFO">False</msg>
<arg>${json_data['results'][0]}</arg>
<arg>${key}</arg>
<doc>Fails if ``key`` is not found from ``dictionary``.</doc>
<status status="PASS" start="2024-05-27T02:29:40.144758" elapsed="0.000459"/>
</kw>
<kw name="Log" owner="BuiltIn">
<msg time="2024-05-27T02:29:40.145895" level="INFO">{'gender': 'female', 'name': {'title': 'Ms', 'first': 'Mestan', 'last': 'Taşlı'}, 'location': {'street': {'number': 5067, 'name': 'Mevlana Cd'}, 'city': 'Karaman', 'state': 'Erzincan', 'country': 'Turkey', 'postcode': 32005, 'coordinates': {'latitude': '70.0551', 'longitude': '96.8894'}, 'timezone': {'offset': '+9:00', 'description': 'Tokyo, Seoul, Osaka, Sapporo, Yakutsk'}}, 'email': 'mestan.tasli@example.com', 'login': {'uuid': '9ced8ed4-3e50-4fd7-870e-68ee95135e1e', 'username': 'tinygorilla578', 'password': '2323', 'salt': '6vb92ErC', 'md5': '2fe11688ee3dcbff42c286babad14888', 'sha1': '320a6df7bfe837646acc3503fc58a3d19da74d91', 'sha256': '9b2050b5cc47e060c0cb7abc3292efd0c3024b0f3c88005230a84a618fdb5ebb'}, 'dob': {'date': '1995-01-06T03:45:28.257Z', 'age': 29}, 'registered': {'date': '2019-12-23T12:47:01.104Z', 'age': 4}, 'phone': '(302)-390-9079', 'cell': '(346)-880-8325', 'id': {'name': '', 'value': None}, 'picture': {'large': 'https://randomuser.me/api/portraits/women/55.jpg', 'medium': 'https://randomuser.me/api/portraits/med/women/55.jpg', 'thumbnail': 'https://randomuser.me/api/portraits/thumb/women/55.jpg'}, 'nat': 'TR'}</msg>
<arg>${json_data['results'][0]}</arg>
<doc>Logs the given message with the given level.</doc>
<status status="PASS" start="2024-05-27T02:29:40.145521" elapsed="0.000428"/>
</kw>
<kw name="Log" owner="BuiltIn">
<msg time="2024-05-27T02:29:40.146383" level="INFO">gender</msg>
<arg>${key}</arg>
<doc>Logs the given message with the given level.</doc>
<status status="PASS" start="2024-05-27T02:29:40.146252" elapsed="0.000170"/>
</kw>
<var name="${key}">gender</var>
<status status="PASS" start="2024-05-27T02:29:40.144632" elapsed="0.002007"/>
</iter>
<iter>
<kw name="Dictionary Should Contain Key" owner="Collections">
<msg time="2024-05-27T02:29:40.147337" level="INFO">False</msg>
<arg>${json_data['results'][0]}</arg>
<arg>${key}</arg>
<doc>Fails if ``key`` is not found from ``dictionary``.</doc>
<status status="PASS" start="2024-05-27T02:29:40.146942" elapsed="0.000432"/>
</kw>
<kw name="Log" owner="BuiltIn">
<msg time="2024-05-27T02:29:40.148068" level="INFO">{'gender': 'female', 'name': {'title': 'Ms', 'first': 'Mestan', 'last': 'Taşlı'}, 'location': {'street': {'number': 5067, 'name': 'Mevlana Cd'}, 'city': 'Karaman', 'state': 'Erzincan', 'country': 'Turkey', 'postcode': 32005, 'coordinates': {'latitude': '70.0551', 'longitude': '96.8894'}, 'timezone': {'offset': '+9:00', 'description': 'Tokyo, Seoul, Osaka, Sapporo, Yakutsk'}}, 'email': 'mestan.tasli@example.com', 'login': {'uuid': '9ced8ed4-3e50-4fd7-870e-68ee95135e1e', 'username': 'tinygorilla578', 'password': '2323', 'salt': '6vb92ErC', 'md5': '2fe11688ee3dcbff42c286babad14888', 'sha1': '320a6df7bfe837646acc3503fc58a3d19da74d91', 'sha256': '9b2050b5cc47e060c0cb7abc3292efd0c3024b0f3c88005230a84a618fdb5ebb'}, 'dob': {'date': '1995-01-06T03:45:28.257Z', 'age': 29}, 'registered': {'date': '2019-12-23T12:47:01.104Z', 'age': 4}, 'phone': '(302)-390-9079', 'cell': '(346)-880-8325', 'id': {'name': '', 'value': None}, 'picture': {'large': 'https://randomuser.me/api/portraits/women/55.jpg', 'medium': 'https://randomuser.me/api/portraits/med/women/55.jpg', 'thumbnail': 'https://randomuser.me/api/portraits/thumb/women/55.jpg'}, 'nat': 'TR'}</msg>
<arg>${json_data['results'][0]}</arg>
<doc>Logs the given message with the given level.</doc>
<status status="PASS" start="2024-05-27T02:29:40.147698" elapsed="0.000423"/>
</kw>
<kw name="Log" owner="BuiltIn">
<msg time="2024-05-27T02:29:40.148585" level="INFO">name</msg>
<arg>${key}</arg>
<doc>Logs the given message with the given level.</doc>
<status status="PASS" start="2024-05-27T02:29:40.148454" elapsed="0.000169"/>
</kw>
<var name="${key}">name</var>
<status status="PASS" start="2024-05-27T02:29:40.146826" elapsed="0.002020"/>
</iter>
<iter>
<kw name="Dictionary Should Contain Key" owner="Collections">
<msg time="2024-05-27T02:29:40.149516" level="INFO">False</msg>
<arg>${json_data['results'][0]}</arg>
<arg>${key}</arg>
<doc>Fails if ``key`` is not found from ``dictionary``.</doc>
<status status="PASS" start="2024-05-27T02:29:40.149137" elapsed="0.000418"/>
</kw>
<kw name="Log" owner="BuiltIn">
<msg time="2024-05-27T02:29:40.150236" level="INFO">{'gender': 'female', 'name': {'title': 'Ms', 'first': 'Mestan', 'last': 'Taşlı'}, 'location': {'street': {'number': 5067, 'name': 'Mevlana Cd'}, 'city': 'Karaman', 'state': 'Erzincan', 'country': 'Turkey', 'postcode': 32005, 'coordinates': {'latitude': '70.0551', 'longitude': '96.8894'}, 'timezone': {'offset': '+9:00', 'description': 'Tokyo, Seoul, Osaka, Sapporo, Yakutsk'}}, 'email': 'mestan.tasli@example.com', 'login': {'uuid': '9ced8ed4-3e50-4fd7-870e-68ee95135e1e', 'username': 'tinygorilla578', 'password': '2323', 'salt': '6vb92ErC', 'md5': '2fe11688ee3dcbff42c286babad14888', 'sha1': '320a6df7bfe837646acc3503fc58a3d19da74d91', 'sha256': '9b2050b5cc47e060c0cb7abc3292efd0c3024b0f3c88005230a84a618fdb5ebb'}, 'dob': {'date': '1995-01-06T03:45:28.257Z', 'age': 29}, 'registered': {'date': '2019-12-23T12:47:01.104Z', 'age': 4}, 'phone': '(302)-390-9079', 'cell': '(346)-880-8325', 'id': {'name': '', 'value': None}, 'picture': {'large': 'https://randomuser.me/api/portraits/women/55.jpg', 'medium': 'https://randomuser.me/api/portraits/med/women/55.jpg', 'thumbnail': 'https://randomuser.me/api/portraits/thumb/women/55.jpg'}, 'nat': 'TR'}</msg>
<arg>${json_data['results'][0]}</arg>
<doc>Logs the given message with the given level.</doc>
<status status="PASS" start="2024-05-27T02:29:40.149860" elapsed="0.000430"/>
</kw>
<kw name="Log" owner="BuiltIn">
<msg time="2024-05-27T02:29:40.150720" level="INFO">location</msg>
<arg>${key}</arg>
<doc>Logs the given message with the given level.</doc>
<status status="PASS" start="2024-05-27T02:29:40.150594" elapsed="0.000164"/>
</kw>
<var name="${key}">location</var>
<status status="PASS" start="2024-05-27T02:29:40.149024" elapsed="0.001949"/>
</iter>
<iter>
<kw name="Dictionary Should Contain Key" owner="Collections">
<msg time="2024-05-27T02:29:40.151743" level="INFO">False</msg>
<arg>${json_data['results'][0]}</arg>
<arg>${key}</arg>
<doc>Fails if ``key`` is not found from ``dictionary``.</doc>
<status status="PASS" start="2024-05-27T02:29:40.151258" elapsed="0.000525"/>
</kw>
<kw name="Log" owner="BuiltIn">
<msg time="2024-05-27T02:29:40.152472" level="INFO">{'gender': 'female', 'name': {'title': 'Ms', 'first': 'Mestan', 'last': 'Taşlı'}, 'location': {'street': {'number': 5067, 'name': 'Mevlana Cd'}, 'city': 'Karaman', 'state': 'Erzincan', 'country': 'Turkey', 'postcode': 32005, 'coordinates': {'latitude': '70.0551', 'longitude': '96.8894'}, 'timezone': {'offset': '+9:00', 'description': 'Tokyo, Seoul, Osaka, Sapporo, Yakutsk'}}, 'email': 'mestan.tasli@example.com', 'login': {'uuid': '9ced8ed4-3e50-4fd7-870e-68ee95135e1e', 'username': 'tinygorilla578', 'password': '2323', 'salt': '6vb92ErC', 'md5': '2fe11688ee3dcbff42c286babad14888', 'sha1': '320a6df7bfe837646acc3503fc58a3d19da74d91', 'sha256': '9b2050b5cc47e060c0cb7abc3292efd0c3024b0f3c88005230a84a618fdb5ebb'}, 'dob': {'date': '1995-01-06T03:45:28.257Z', 'age': 29}, 'registered': {'date': '2019-12-23T12:47:01.104Z', 'age': 4}, 'phone': '(302)-390-9079', 'cell': '(346)-880-8325', 'id': {'name': '', 'value': None}, 'picture': {'large': 'https://randomuser.me/api/portraits/women/55.jpg', 'medium': 'https://randomuser.me/api/portraits/med/women/55.jpg', 'thumbnail': 'https://randomuser.me/api/portraits/thumb/women/55.jpg'}, 'nat': 'TR'}</msg>
<arg>${json_data['results'][0]}</arg>
<doc>Logs the given message with the given level.</doc>
<status status="PASS" start="2024-05-27T02:29:40.152086" elapsed="0.000437"/>
</kw>
<kw name="Log" owner="BuiltIn">
<msg time="2024-05-27T02:29:40.152952" level="INFO">email</msg>
<arg>${key}</arg>
<doc>Logs the given message with the given level.</doc>
<status status="PASS" start="2024-05-27T02:29:40.152824" elapsed="0.000166"/>
</kw>
<var name="${key}">email</var>
<status status="PASS" start="2024-05-27T02:29:40.151147" elapsed="0.002059"/>
</iter>
<iter>
<kw name="Dictionary Should Contain Key" owner="Collections">
<msg time="2024-05-27T02:29:40.153871" level="INFO">False</msg>
<arg>${json_data['results'][0]}</arg>
<arg>${key}</arg>
<doc>Fails if ``key`` is not found from ``dictionary``.</doc>
<status status="PASS" start="2024-05-27T02:29:40.153495" elapsed="0.000414"/>
</kw>
<kw name="Log" owner="BuiltIn">
<msg time="2024-05-27T02:29:40.154563" level="INFO">{'gender': 'female', 'name': {'title': 'Ms', 'first': 'Mestan', 'last': 'Taşlı'}, 'location': {'street': {'number': 5067, 'name': 'Mevlana Cd'}, 'city': 'Karaman', 'state': 'Erzincan', 'country': 'Turkey', 'postcode': 32005, 'coordinates': {'latitude': '70.0551', 'longitude': '96.8894'}, 'timezone': {'offset': '+9:00', 'description': 'Tokyo, Seoul, Osaka, Sapporo, Yakutsk'}}, 'email': 'mestan.tasli@example.com', 'login': {'uuid': '9ced8ed4-3e50-4fd7-870e-68ee95135e1e', 'username': 'tinygorilla578', 'password': '2323', 'salt': '6vb92ErC', 'md5': '2fe11688ee3dcbff42c286babad14888', 'sha1': '320a6df7bfe837646acc3503fc58a3d19da74d91', 'sha256': '9b2050b5cc47e060c0cb7abc3292efd0c3024b0f3c88005230a84a618fdb5ebb'}, 'dob': {'date': '1995-01-06T03:45:28.257Z', 'age': 29}, 'registered': {'date': '2019-12-23T12:47:01.104Z', 'age': 4}, 'phone': '(302)-390-9079', 'cell': '(346)-880-8325', 'id': {'name': '', 'value': None}, 'picture': {'large': 'https://randomuser.me/api/portraits/women/55.jpg', 'medium': 'https://randomuser.me/api/portraits/med/women/55.jpg', 'thumbnail': 'https://randomuser.me/api/portraits/thumb/women/55.jpg'}, 'nat': 'TR'}</msg>
<arg>${json_data['results'][0]}</arg>
<doc>Logs the given message with the given level.</doc>
<status status="PASS" start="2024-05-27T02:29:40.154204" elapsed="0.000409"/>
</kw>
<kw name="Log" owner="BuiltIn">
<msg time="2024-05-27T02:29:40.155033" level="INFO">login</msg>
<arg>${key}</arg>
<doc>Logs the given message with the given level.</doc>
<status status="PASS" start="2024-05-27T02:29:40.154907" elapsed="0.000165"/>
</kw>
<var name="${key}">login</var>
<status status="PASS" start="2024-05-27T02:29:40.153382" elapsed="0.001905"/>
</iter>
<var>${key}</var>
<value>@{expected_keys}</value>
<status status="PASS" start="2024-05-27T02:29:40.144439" elapsed="0.011001"/>
</for>
<kw name="Create List" owner="BuiltIn">
<msg time="2024-05-27T02:29:40.155798" level="INFO">${expected_keysTwo} = ['username', 'password']</msg>
<var>${expected_keysTwo}</var>
<arg>username</arg>
<arg>password</arg>
<doc>Returns a list containing given items.</doc>
<status status="PASS" start="2024-05-27T02:29:40.155661" elapsed="0.000161"/>
</kw>
<for flavor="IN">
<iter>
<kw name="Dictionary Should Contain Key" owner="Collections">
<msg time="2024-05-27T02:29:40.156731" level="INFO">False</msg>
<arg>${json_data['results'][0]['login']}</arg>
<arg>${keyTwo}</arg>
<doc>Fails if ``key`` is not found from ``dictionary``.</doc>
<status status="PASS" start="2024-05-27T02:29:40.156348" elapsed="0.000420"/>
</kw>
<kw name="Dictionary Should Contain Key" owner="Collections">
<msg time="2024-05-27T02:29:40.157440" level="INFO">False</msg>
<arg>${json_data['results'][0]['login']}</arg>
<arg>${keyTwo}</arg>
<doc>Fails if ``key`` is not found from ``dictionary``.</doc>
<status status="PASS" start="2024-05-27T02:29:40.157065" elapsed="0.000412"/>
</kw>
<kw name="Log" owner="BuiltIn">
<msg time="2024-05-27T02:29:40.157901" level="INFO">username</msg>
<arg>${keyTwo}</arg>
<doc>Logs the given message with the given level.</doc>
<status status="PASS" start="2024-05-27T02:29:40.157771" elapsed="0.000168"/>
</kw>
<var name="${keyTwo}">username</var>
<status status="PASS" start="2024-05-27T02:29:40.156233" elapsed="0.001921"/>
</iter>
<iter>
<kw name="Dictionary Should Contain Key" owner="Collections">
<msg time="2024-05-27T02:29:40.158846" level="INFO">False</msg>
<arg>${json_data['results'][0]['login']}</arg>
<arg>${keyTwo}</arg>
<doc>Fails if ``key`` is not found from ``dictionary``.</doc>
<status status="PASS" start="2024-05-27T02:29:40.158437" elapsed="0.000448"/>
</kw>
<kw name="Dictionary Should Contain Key" owner="Collections">
<msg time="2024-05-27T02:29:40.159564" level="INFO">False</msg>
<arg>${json_data['results'][0]['login']}</arg>
<arg>${keyTwo}</arg>
<doc>Fails if ``key`` is not found from ``dictionary``.</doc>
<status status="PASS" start="2024-05-27T02:29:40.159183" elapsed="0.000419"/>
</kw>
<kw name="Log" owner="BuiltIn">
<msg time="2024-05-27T02:29:40.160030" level="INFO">password</msg>
<arg>${keyTwo}</arg>
<doc>Logs the given message with the given level.</doc>
<status status="PASS" start="2024-05-27T02:29:40.159895" elapsed="0.000173"/>
</kw>
<var name="${keyTwo}">password</var>
<status status="PASS" start="2024-05-27T02:29:40.158326" elapsed="0.001979"/>
</iter>
<var>${keyTwo}</var>
<value>@{expected_keysTwo}</value>
<status status="PASS" start="2024-05-27T02:29:40.156059" elapsed="0.004369"/>
</for>
<status status="PASS" start="2024-05-27T02:29:40.042121" elapsed="0.118447"/>
</kw>
<doc>Testa a estrutura da resposta da API.</doc>
<tag>testeEstruturaResposta</tag>
<status status="PASS" start="2024-05-27T02:29:40.041495" elapsed="0.119230"/>
</test>
<test id="s1-s1-t4" name="Validar tipos de dados" line="28">
<kw name="Teste de Tipos de Dados" owner="random-user-service">
<kw name="GET On Session" owner="RequestsLibrary">
<msg time="2024-05-27T02:29:40.249987" level="INFO">GET Request : url=https://randomuser.me/api 
 path_url=/api 
 headers={'User-Agent': 'python-requests/2.32.2', 'Accept-Encoding': 'gzip, deflate', 'Accept': '*/*', 'Connection': 'keep-alive'} 
 body=None 
 </msg>
<msg time="2024-05-27T02:29:40.250071" level="INFO">GET Response : url=https://randomuser.me/api 
 status=200, reason=OK 
 headers={'Date': 'Mon, 27 May 2024 02:29:40 GMT', 'Content-Type': 'application/json; charset=utf-8', 'Transfer-Encoding': 'chunked', 'Connection': 'keep-alive', 'X-Powered-By': 'Express', 'Access-Control-Allow-Origin': '*', 'Cache-Control': 'no-cache', 'ETag': 'W/"48b-LDnCEEw3YtL0RLwsqrMW9EPLbhk"', 'Vary': 'Accept-Encoding', 'Content-Encoding': 'gzip', 'CF-Cache-Status': 'DYNAMIC', 'Report-To': '{"endpoints":[{"url":"https:\\/\\/a.nel.cloudflare.com\\/report\\/v4?s=aa5H32QciEkyLMXehY8%2B9%2BnkYgl2pdNqQDcbcVQG%2FHf8qUgsRctjiOW0dlaW5it7ENzCUg3JToBi84qOi4Tn%2BezWgQmTshKBYJClzqmHUobA7pIBUFcB1OLbb%2BwYQNWv"}],"group":"cf-nel","max_age":604800}', 'NEL': '{"success_fraction":0,"report_to":"cf-nel","max_age":604800}', 'Server': 'cloudflare', 'CF-RAY': '88a2941e19c87af2-SJC', 'alt-svc': 'h3=":443"; ma=86400'} 
 body={"results":[{"gender":"female","name":{"title":"Mrs","first":"Augusta","last":"Nguyen"},"location":{"street":{"number":1581,"name":"Bjerkebakken"},"city":"Selbekken","state":"Oslo","country":"Norway","postcode":"3936","coordinates":{"latitude":"39.8384","longitude":"129.5889"},"timezone":{"offset":"+9:00","description":"Tokyo, Seoul, Osaka, Sapporo, Yakutsk"}},"email":"augusta.nguyen@example.com","login":{"uuid":"295e21a9-ac18-4ddf-aac3-03a8f612ae9c","username":"bluebird319","password":"shuttle","salt":"XgHY38PN","md5":"2642f34fa33423ab3f5d1fdeb56cce1d","sha1":"5a7c92645b73ca507123e9a777a0cb0ad7439cc4","sha256":"47385942af1f996cedc0dd2b03a3fef7f4fd03cccb76d1f5890f73f9e2b90b8b"},"dob":{"date":"1980-07-17T15:02:07.919Z","age":43},"registered":{"date":"2012-08-16T01:47:44.701Z","age":11},"phone":"50169571","cell":"49276175","id":{"name":"FN","value":"17078034696"},"picture":{"large":"https://randomuser.me/api/portraits/women/95.jpg","medium":"https://randomuser.me/api/portraits/med/women/95.jpg","thumbnail":"https://randomuser.me/api/portraits/thumb/women/95.jpg"},"nat":"NO"}],"info":{"seed":"ed4812692f0f4693","results":1,"page":1,"version":"1.4"}} 
 </msg>
<msg time="2024-05-27T02:29:40.250134" level="INFO">/opt/hostedtoolcache/Python/3.12.3/x64/lib/python3.12/site-packages/urllib3/connectionpool.py:1103: InsecureRequestWarning: Unverified HTTPS request is being made to host 'randomuser.me'. Adding certificate verification is strongly advised. See: https://urllib3.readthedocs.io/en/latest/advanced-usage.html#tls-warnings
  warnings.warn(</msg>
<msg time="2024-05-27T02:29:40.250216" level="INFO">${response} = &lt;Response [200]&gt;</msg>
<var>${response}</var>
<arg>consultarAPI</arg>
<arg>/api</arg>
<doc>Sends a GET request on a previously created HTTP Session.</doc>
<status status="PASS" start="2024-05-27T02:29:40.163245" elapsed="0.087004"/>
</kw>
<kw name="Set Variable" owner="BuiltIn">
<msg time="2024-05-27T02:29:40.251090" level="INFO">${json_data} = {'results': [{'gender': 'female', 'name': {'title': 'Mrs', 'first': 'Augusta', 'last': 'Nguyen'}, 'location': {'street': {'number': 1581, 'name': 'Bjerkebakken'}, 'city': 'Selbekken', 'state': 'Oslo',...</msg>
<var>${json_data}</var>
<arg>${response.json()}</arg>
<doc>Returns the given values which can then be assigned to a variables.</doc>
<status status="PASS" start="2024-05-27T02:29:40.250637" elapsed="0.000484"/>
</kw>
<kw name="Log" owner="BuiltIn">
<msg time="2024-05-27T02:29:40.251584" level="INFO">{'results': [{'gender': 'female', 'name': {'title': 'Mrs', 'first': 'Augusta', 'last': 'Nguyen'}, 'location': {'street': {'number': 1581, 'name': 'Bjerkebakken'}, 'city': 'Selbekken', 'state': 'Oslo', 'country': 'Norway', 'postcode': '3936', 'coordinates': {'latitude': '39.8384', 'longitude': '129.5889'}, 'timezone': {'offset': '+9:00', 'description': 'Tokyo, Seoul, Osaka, Sapporo, Yakutsk'}}, 'email': 'augusta.nguyen@example.com', 'login': {'uuid': '295e21a9-ac18-4ddf-aac3-03a8f612ae9c', 'username': 'bluebird319', 'password': 'shuttle', 'salt': 'XgHY38PN', 'md5': '2642f34fa33423ab3f5d1fdeb56cce1d', 'sha1': '5a7c92645b73ca507123e9a777a0cb0ad7439cc4', 'sha256': '47385942af1f996cedc0dd2b03a3fef7f4fd03cccb76d1f5890f73f9e2b90b8b'}, 'dob': {'date': '1980-07-17T15:02:07.919Z', 'age': 43}, 'registered': {'date': '2012-08-16T01:47:44.701Z', 'age': 11}, 'phone': '50169571', 'cell': '49276175', 'id': {'name': 'FN', 'value': '17078034696'}, 'picture': {'large': 'https://randomuser.me/api/portraits/women/95.jpg', 'medium': 'https://randomuser.me/api/portraits/med/women/95.jpg', 'thumbnail': 'https://randomuser.me/api/portraits/thumb/women/95.jpg'}, 'nat': 'NO'}], 'info': {'seed': 'ed4812692f0f4693', 'results': 1, 'page': 1, 'version': '1.4'}}</msg>
<arg>${json_data}</arg>
<doc>Logs the given message with the given level.</doc>
<status status="PASS" start="2024-05-27T02:29:40.251430" elapsed="0.000233"/>
</kw>
<kw name="Should Be String" owner="String">
<arg>${json_data['results'][0]['gender']}</arg>
<doc>Fails if the given ``item`` is not a string.</doc>
<status status="PASS" start="2024-05-27T02:29:40.251963" elapsed="0.000404"/>
</kw>
<kw name="Should Match Regexp" owner="BuiltIn">
<arg>${json_data['results'][0]['email']}</arg>
<arg>^[a-zA-Z0-9._%+-]+@[a-zA-Z0-9.-]+\.[a-zA-Z]{2,}$</arg>
<doc>Fails if ``string`` does not match ``pattern`` as a regular expression.</doc>
<status status="PASS" start="2024-05-27T02:29:40.252563" elapsed="0.000635"/>
</kw>
<kw name="Should Match Regexp" owner="BuiltIn">
<arg>${json_data['results'][0]['dob']['date']}</arg>
<arg>\\d{4}-\\d{2}-\\d{2}T\\d{2}:\\d{2}:\\d{2}\\.\\d{3}Z</arg>
<doc>Fails if ``string`` does not match ``pattern`` as a regular expression.</doc>
<status status="PASS" start="2024-05-27T02:29:40.253399" elapsed="0.000480"/>
</kw>
<kw name="Should Match Regexp" owner="BuiltIn">
<arg>${json_data['results'][0]['registered']['date']}</arg>
<arg>\\d{4}-\\d{2}-\\d{2}T\\d{2}:\\d{2}:\\d{2}\\.\\d{3}Z</arg>
<doc>Fails if ``string`` does not match ``pattern`` as a regular expression.</doc>
<status status="PASS" start="2024-05-27T02:29:40.254080" elapsed="0.000364"/>
</kw>
<kw name="Should Match Regexp" owner="BuiltIn">
<arg>${json_data['results'][0]['picture']['large']}</arg>
<arg>^https?://.*\.(?:png|jpe?g|gif|bmp)$</arg>
<doc>Fails if ``string`` does not match ``pattern`` as a regular expression.</doc>
<status status="PASS" start="2024-05-27T02:29:40.254632" elapsed="0.000458"/>
</kw>
<kw name="Should Match Regexp" owner="BuiltIn">
<arg>${json_data['results'][0]['picture']['medium']}</arg>
<arg>^https?://.*\.(?:png|jpe?g|gif|bmp)$</arg>
<doc>Fails if ``string`` does not match ``pattern`` as a regular expression.</doc>
<status status="PASS" start="2024-05-27T02:29:40.255281" elapsed="0.000350"/>
</kw>
<kw name="Should Match Regexp" owner="BuiltIn">
<arg>${json_data['results'][0]['picture']['thumbnail']}</arg>
<arg>^https?://.*\.(?:png|jpe?g|gif|bmp)$</arg>
<doc>Fails if ``string`` does not match ``pattern`` as a regular expression.</doc>
<status status="PASS" start="2024-05-27T02:29:40.255817" elapsed="0.000343"/>
</kw>
<kw name="Log" owner="BuiltIn">
<msg time="2024-05-27T02:29:40.256691" level="INFO">{'large': 'https://randomuser.me/api/portraits/women/95.jpg', 'medium': 'https://randomuser.me/api/portraits/med/women/95.jpg', 'thumbnail': 'https://randomuser.me/api/portraits/thumb/women/95.jpg'}</msg>
<arg>${json_data['results'][0]['picture']}</arg>
<doc>Logs the given message with the given level.</doc>
<status status="PASS" start="2024-05-27T02:29:40.256373" elapsed="0.000360"/>
</kw>
<status status="PASS" start="2024-05-27T02:29:40.163016" elapsed="0.093969"/>
</kw>
<kw name="Teste de Tipos de Dados - Postcode" owner="random-user-service">
<kw name="GET On Session" owner="RequestsLibrary">
<msg time="2024-05-27T02:29:40.397041" level="INFO">GET Request : url=https://randomuser.me/api 
 path_url=/api 
 headers={'User-Agent': 'python-requests/2.32.2', 'Accept-Encoding': 'gzip, deflate', 'Accept': '*/*', 'Connection': 'keep-alive'} 
 body=None 
 </msg>
<msg time="2024-05-27T02:29:40.397151" level="INFO">GET Response : url=https://randomuser.me/api 
 status=200, reason=OK 
 headers={'Date': 'Mon, 27 May 2024 02:29:40 GMT', 'Content-Type': 'application/json; charset=utf-8', 'Transfer-Encoding': 'chunked', 'Connection': 'keep-alive', 'X-Powered-By': 'Express', 'Access-Control-Allow-Origin': '*', 'Cache-Control': 'no-cache', 'ETag': 'W/"491-K6h9GHsOyyG19WkuJrpQf1AP45I"', 'Vary': 'Accept-Encoding', 'Content-Encoding': 'gzip', 'CF-Cache-Status': 'DYNAMIC', 'Report-To': '{"endpoints":[{"url":"https:\\/\\/a.nel.cloudflare.com\\/report\\/v4?s=AwN0S%2FE3Mybv0vgfjIEG8mDt%2BWSVq0wztBeO0HJjwdu%2BsylU1D6AclZxkVfmAAsA9w%2FWUK%2BVeevJYBXLHDbHe%2FVLnBrxo%2FrgsRJBYKDqyUiJnJteICOi6MFjias%2BHcmd"}],"group":"cf-nel","max_age":604800}', 'NEL': '{"success_fraction":0,"report_to":"cf-nel","max_age":604800}', 'Server': 'cloudflare', 'CF-RAY': '88a2941eaa3f7af2-SJC', 'alt-svc': 'h3=":443"; ma=86400'} 
 body={"results":[{"gender":"male","name":{"title":"Mr","first":"Jonas","last":"Rasmussen"},"location":{"street":{"number":3302,"name":"Valmuemarken"},"city":"Skaerbaek","state":"Nordjylland","country":"Denmark","postcode":47597,"coordinates":{"latitude":"-41.2990","longitude":"-26.7906"},"timezone":{"offset":"+5:00","description":"Ekaterinburg, Islamabad, Karachi, Tashkent"}},"email":"jonas.rasmussen@example.com","login":{"uuid":"7db5ec86-ae75-4deb-ad78-fb991a973315","username":"heavylion966","password":"super1","salt":"P6Dv14Ul","md5":"97df4e9dcf4e8990072f34da1830f4b4","sha1":"b3ebd576aa4303a8b215e55f96b02981ac2a2c3b","sha256":"4c95947604a081adc9306c18b93520dff4916de5a3c11c3fa7281d3b90c63ec9"},"dob":{"date":"1983-12-28T17:41:00.431Z","age":40},"registered":{"date":"2014-09-18T02:59:32.369Z","age":9},"phone":"06642103","cell":"17631172","id":{"name":"CPR","value":"281283-5584"},"picture":{"large":"https://randomuser.me/api/portraits/men/59.jpg","medium":"https://randomuser.me/api/portraits/med/men/59.jpg","thumbnail":"https://randomuser.me/api/portraits/thumb/men/59.jpg"},"nat":"DK"}],"info":{"seed":"8e13fdbb5b0d6e25","results":1,"page":1,"version":"1.4"}} 
 </msg>
<msg time="2024-05-27T02:29:40.397231" level="INFO">/opt/hostedtoolcache/Python/3.12.3/x64/lib/python3.12/site-packages/urllib3/connectionpool.py:1103: InsecureRequestWarning: Unverified HTTPS request is being made to host 'randomuser.me'. Adding certificate verification is strongly advised. See: https://urllib3.readthedocs.io/en/latest/advanced-usage.html#tls-warnings
  warnings.warn(</msg>
<msg time="2024-05-27T02:29:40.397355" level="INFO">${response} = &lt;Response [200]&gt;</msg>
<var>${response}</var>
<arg>consultarAPI</arg>
<arg>/api</arg>
<doc>Sends a GET request on a previously created HTTP Session.</doc>
<status status="PASS" start="2024-05-27T02:29:40.257421" elapsed="0.139975"/>
</kw>
<kw name="Set Variable" owner="BuiltIn">
<msg time="2024-05-27T02:29:40.398270" level="INFO">${json_data} = {'results': [{'gender': 'male', 'name': {'title': 'Mr', 'first': 'Jonas', 'last': 'Rasmussen'}, 'location': {'street': {'number': 3302, 'name': 'Valmuemarken'}, 'city': 'Skaerbaek', 'state': 'Nordjyll...</msg>
<var>${json_data}</var>
<arg>${response.json()}</arg>
<doc>Returns the given values which can then be assigned to a variables.</doc>
<status status="PASS" start="2024-05-27T02:29:40.397789" elapsed="0.000512"/>
</kw>
<kw name="Log" owner="BuiltIn">
<msg time="2024-05-27T02:29:40.398790" level="INFO">{'results': [{'gender': 'male', 'name': {'title': 'Mr', 'first': 'Jonas', 'last': 'Rasmussen'}, 'location': {'street': {'number': 3302, 'name': 'Valmuemarken'}, 'city': 'Skaerbaek', 'state': 'Nordjylland', 'country': 'Denmark', 'postcode': 47597, 'coordinates': {'latitude': '-41.2990', 'longitude': '-26.7906'}, 'timezone': {'offset': '+5:00', 'description': 'Ekaterinburg, Islamabad, Karachi, Tashkent'}}, 'email': 'jonas.rasmussen@example.com', 'login': {'uuid': '7db5ec86-ae75-4deb-ad78-fb991a973315', 'username': 'heavylion966', 'password': 'super1', 'salt': 'P6Dv14Ul', 'md5': '97df4e9dcf4e8990072f34da1830f4b4', 'sha1': 'b3ebd576aa4303a8b215e55f96b02981ac2a2c3b', 'sha256': '4c95947604a081adc9306c18b93520dff4916de5a3c11c3fa7281d3b90c63ec9'}, 'dob': {'date': '1983-12-28T17:41:00.431Z', 'age': 40}, 'registered': {'date': '2014-09-18T02:59:32.369Z', 'age': 9}, 'phone': '06642103', 'cell': '17631172', 'id': {'name': 'CPR', 'value': '281283-5584'}, 'picture': {'large': 'https://randomuser.me/api/portraits/men/59.jpg', 'medium': 'https://randomuser.me/api/portraits/med/men/59.jpg', 'thumbnail': 'https://randomuser.me/api/portraits/thumb/men/59.jpg'}, 'nat': 'DK'}], 'info': {'seed': '8e13fdbb5b0d6e25', 'results': 1, 'page': 1, 'version': '1.4'}}</msg>
<arg>${json_data}</arg>
<doc>Logs the given message with the given level.</doc>
<status status="PASS" start="2024-05-27T02:29:40.398631" elapsed="0.000241"/>
</kw>
<kw name="Should Be Equal As Numbers" owner="BuiltIn">
<arg>${json_data['results'][0]['location']['postcode']}</arg>
<arg>${json_data['results'][0]['location']['postcode']}</arg>
<doc>Fails if objects are unequal after converting them to real numbers.</doc>
<status status="PASS" start="2024-05-27T02:29:40.399182" elapsed="0.000638"/>
</kw>
<kw name="Log" owner="BuiltIn">
<msg time="2024-05-27T02:29:40.400418" level="INFO">47597</msg>
<arg>${json_data['results'][0]['location']['postcode']}</arg>
<doc>Logs the given message with the given level.</doc>
<status status="PASS" start="2024-05-27T02:29:40.400025" elapsed="0.000436"/>
</kw>
<status status="PASS" start="2024-05-27T02:29:40.257198" elapsed="0.143523"/>
</kw>
<doc>Testa se os tipos de dados na resposta da API estão corretos.</doc>
<tag>testeTiposDados</tag>
<status status="PASS" start="2024-05-27T02:29:40.162554" elapsed="0.238335"/>
</test>
<test id="s1-s1-t5" name="Validar conteudo" line="35">
<kw name="Teste de Tipos de Conteudo" owner="random-user-service">
<kw name="GET On Session" owner="RequestsLibrary">
<msg time="2024-05-27T02:29:40.501185" level="INFO">GET Request : url=https://randomuser.me/api 
 path_url=/api 
 headers={'User-Agent': 'python-requests/2.32.2', 'Accept-Encoding': 'gzip, deflate', 'Accept': '*/*', 'Connection': 'keep-alive'} 
 body=None 
 </msg>
<msg time="2024-05-27T02:29:40.501291" level="INFO">GET Response : url=https://randomuser.me/api 
 status=200, reason=OK 
 headers={'Date': 'Mon, 27 May 2024 02:29:40 GMT', 'Content-Type': 'application/json; charset=utf-8', 'Transfer-Encoding': 'chunked', 'Connection': 'keep-alive', 'X-Powered-By': 'Express', 'Access-Control-Allow-Origin': '*', 'Cache-Control': 'no-cache', 'ETag': 'W/"49a-1/VgX5SW0hyBh9qiVVpicGxhoZs"', 'Vary': 'Accept-Encoding', 'Content-Encoding': 'gzip', 'CF-Cache-Status': 'DYNAMIC', 'Report-To': '{"endpoints":[{"url":"https:\\/\\/a.nel.cloudflare.com\\/report\\/v4?s=x3CnR7EkCD5PYIVCBdO0nUqlA8CVVLZ%2BYAQxifPz%2BcnavCUsugy4nedtcEn01eJzoZSsAym3BcIBgnFQIH%2FNTrtD7fsya0APfjpkoX%2BBSr96Vu00Y05bFcxR1nulZ5pE"}],"group":"cf-nel","max_age":604800}', 'NEL': '{"success_fraction":0,"report_to":"cf-nel","max_age":604800}', 'Server': 'cloudflare', 'CF-RAY': '88a2941f9b127af2-SJC', 'alt-svc': 'h3=":443"; ma=86400'} 
 body={"results":[{"gender":"female","name":{"title":"Mrs","first":"Josefine","last":"Sørensen"},"location":{"street":{"number":2545,"name":"Margrethevej"},"city":"Stokkemarke","state":"Hovedstaden","country":"Denmark","postcode":39548,"coordinates":{"latitude":"-43.1121","longitude":"132.1630"},"timezone":{"offset":"-6:00","description":"Central Time (US &amp; Canada), Mexico City"}},"email":"josefine.sorensen@example.com","login":{"uuid":"6e7348d4-539a-4923-8f9e-0c9d09b607d3","username":"tinybear806","password":"meagan","salt":"oJNMlmH9","md5":"7c65aca47eb69258f2021265ab1c0cfb","sha1":"28eb892b5019f480fff8afbba9d973a02a4383d4","sha256":"5045dcabdbd7817067ac62c2271f39212149c02bb8716231b8867be9c928297c"},"dob":{"date":"1977-01-21T02:46:40.998Z","age":47},"registered":{"date":"2019-08-23T19:42:03.904Z","age":4},"phone":"57404821","cell":"16151209","id":{"name":"CPR","value":"200177-4114"},"picture":{"large":"https://randomuser.me/api/portraits/women/4.jpg","medium":"https://randomuser.me/api/portraits/med/women/4.jpg","thumbnail":"https://randomuser.me/api/portraits/thumb/women/4.jpg"},"nat":"DK"}],"info":{"seed":"127d36ed0cfcd513","results":1,"page":1,"version":"1.4"}} 
 </msg>
<msg time="2024-05-27T02:29:40.501398" level="INFO">/opt/hostedtoolcache/Python/3.12.3/x64/lib/python3.12/site-packages/urllib3/connectionpool.py:1103: InsecureRequestWarning: Unverified HTTPS request is being made to host 'randomuser.me'. Adding certificate verification is strongly advised. See: https://urllib3.readthedocs.io/en/latest/advanced-usage.html#tls-warnings
  warnings.warn(</msg>
<msg time="2024-05-27T02:29:40.501540" level="INFO">${response} = &lt;Response [200]&gt;</msg>
<var>${response}</var>
<arg>consultarAPI</arg>
<arg>/api</arg>
<doc>Sends a GET request on a previously created HTTP Session.</doc>
<status status="PASS" start="2024-05-27T02:29:40.403349" elapsed="0.098239"/>
</kw>
<kw name="Set Variable" owner="BuiltIn">
<msg time="2024-05-27T02:29:40.502414" level="INFO">${json_data} = {'results': [{'gender': 'female', 'name': {'title': 'Mrs', 'first': 'Josefine', 'last': 'Sørensen'}, 'location': {'street': {'number': 2545, 'name': 'Margrethevej'}, 'city': 'Stokkemarke', 'state': 'H...</msg>
<var>${json_data}</var>
<arg>${response.json()}</arg>
<doc>Returns the given values which can then be assigned to a variables.</doc>
<status status="PASS" start="2024-05-27T02:29:40.501968" elapsed="0.000475"/>
</kw>
<kw name="Set Variable" owner="BuiltIn">
<msg time="2024-05-27T02:29:40.503134" level="INFO">${name_title} = Mrs</msg>
<var>${name_title}</var>
<arg>${json_data["results"][0]["name"]["title"]}</arg>
<doc>Returns the given values which can then be assigned to a variables.</doc>
<status status="PASS" start="2024-05-27T02:29:40.502748" elapsed="0.000411"/>
</kw>
<kw name="Create List" owner="BuiltIn">
<msg time="2024-05-27T02:29:40.503612" level="INFO">${allowed_titles} = ['Mr', 'Ms', 'Miss', 'Mrs', 'Madame', 'Monsieur']</msg>
<var>${allowed_titles}</var>
<arg>Mr</arg>
<arg>Ms</arg>
<arg>Miss</arg>
<arg>Mrs</arg>
<arg>Madame</arg>
<arg>Monsieur</arg>
<doc>Returns a list containing given items.</doc>
<status status="PASS" start="2024-05-27T02:29:40.503462" elapsed="0.000174"/>
</kw>
<kw name="List Should Contain Value" owner="Collections">
<msg time="2024-05-27T02:29:40.504117" level="INFO">False</msg>
<arg>${allowed_titles}</arg>
<arg>${name_title}</arg>
<doc>Fails if the ``value`` is not found from ``list``.</doc>
<status status="PASS" start="2024-05-27T02:29:40.503941" elapsed="0.000214"/>
</kw>
<kw name="Set Variable" owner="BuiltIn">
<msg time="2024-05-27T02:29:40.505038" level="INFO">${name_country} = DK</msg>
<var>${name_country}</var>
<arg>${json_data["results"][0]["nat"]}</arg>
<doc>Returns the given values which can then be assigned to a variables.</doc>
<status status="PASS" start="2024-05-27T02:29:40.504512" elapsed="0.000553"/>
</kw>
<kw name="Create List" owner="BuiltIn">
<msg time="2024-05-27T02:29:40.505975" level="INFO">${list_country} = ['AD', 'AE', 'AF', 'AG', 'AI', 'AL', 'AM', 'AO', 'AQ', 'AR', 'AS', 'AT', 'AU', 'AW', 'AX', 'AZ', 'BA', 'BB', 'BD', 'BE', 'BF', 'BG', 'BH', 'BI', 'BJ', 'BL', 'BM', 'BN', 'BO', 'BQ', 'BR', 'BS', 'BT', '...</msg>
<var>${list_country}</var>
<arg>AD</arg>
<arg>AE</arg>
<arg>AF</arg>
<arg>AG</arg>
<arg>AI</arg>
<arg>AL</arg>
<arg>AM</arg>
<arg>AO</arg>
<arg>AQ</arg>
<arg>AR</arg>
<arg>AS</arg>
<arg>AT</arg>
<arg>AU</arg>
<arg>AW</arg>
<arg>AX</arg>
<arg>AZ</arg>
<arg>BA</arg>
<arg>BB</arg>
<arg>BD</arg>
<arg>BE</arg>
<arg>BF</arg>
<arg>BG</arg>
<arg>BH</arg>
<arg>BI</arg>
<arg>BJ</arg>
<arg>BL</arg>
<arg>BM</arg>
<arg>BN</arg>
<arg>BO</arg>
<arg>BQ</arg>
<arg>BR</arg>
<arg>BS</arg>
<arg>BT</arg>
<arg>BV</arg>
<arg>BW</arg>
<arg>BY</arg>
<arg>BZ</arg>
<arg>CA</arg>
<arg>CC</arg>
<arg>CD</arg>
<arg>CF</arg>
<arg>CG</arg>
<arg>CH</arg>
<arg>CI</arg>
<arg>CK</arg>
<arg>CL</arg>
<arg>CM</arg>
<arg>CN</arg>
<arg>CO</arg>
<arg>CR</arg>
<arg>CU</arg>
<arg>CV</arg>
<arg>CW</arg>
<arg>CX</arg>
<arg>CY</arg>
<arg>CZ</arg>
<arg>DE</arg>
<arg>DJ</arg>
<arg>DK</arg>
<arg>DM</arg>
<arg>DO</arg>
<arg>DZ</arg>
<arg>EC</arg>
<arg>EE</arg>
<arg>EG</arg>
<arg>EH</arg>
<arg>ER</arg>
<arg>ES</arg>
<arg>ET</arg>
<arg>FI</arg>
<arg>FJ</arg>
<arg>FK</arg>
<arg>FM</arg>
<arg>FO</arg>
<arg>FR</arg>
<arg>GA</arg>
<arg>GB</arg>
<arg>GD</arg>
<arg>GE</arg>
<arg>GF</arg>
<arg>GG</arg>
<arg>GH</arg>
<arg>GI</arg>
<arg>GL</arg>
<arg>GM</arg>
<arg>GN</arg>
<arg>GP</arg>
<arg>GQ</arg>
<arg>GR</arg>
<arg>GS</arg>
<arg>GT</arg>
<arg>GU</arg>
<arg>GW</arg>
<arg>GY</arg>
<arg>HK</arg>
<arg>HM</arg>
<arg>HN</arg>
<arg>HR</arg>
<arg>HT</arg>
<arg>HU</arg>
<arg>ID</arg>
<arg>IE</arg>
<arg>IL</arg>
<arg>IM</arg>
<arg>IN</arg>
<arg>IO</arg>
<arg>IQ</arg>
<arg>IR</arg>
<arg>IS</arg>
<arg>IT</arg>
<arg>JE</arg>
<arg>JM</arg>
<arg>JO</arg>
<arg>JP</arg>
<arg>KE</arg>
<arg>KG</arg>
<arg>KH</arg>
<arg>KI</arg>
<arg>KM</arg>
<arg>KN</arg>
<arg>KP</arg>
<arg>KR</arg>
<arg>KW</arg>
<arg>KY</arg>
<arg>KZ</arg>
<arg>LA</arg>
<arg>LB</arg>
<arg>LC</arg>
<arg>LI</arg>
<arg>LK</arg>
<arg>LR</arg>
<arg>LS</arg>
<arg>LT</arg>
<arg>LU</arg>
<arg>LV</arg>
<arg>LY</arg>
<arg>MA</arg>
<arg>MC</arg>
<arg>MD</arg>
<arg>ME</arg>
<arg>MF</arg>
<arg>MG</arg>
<arg>MH</arg>
<arg>MK</arg>
<arg>ML</arg>
<arg>MM</arg>
<arg>MN</arg>
<arg>MO</arg>
<arg>MP</arg>
<arg>MQ</arg>
<arg>MR</arg>
<arg>MS</arg>
<arg>MT</arg>
<arg>MU</arg>
<arg>MV</arg>
<arg>MW</arg>
<arg>MX</arg>
<arg>MY</arg>
<arg>MZ</arg>
<arg>NA</arg>
<arg>NC</arg>
<arg>NE</arg>
<arg>NF</arg>
<arg>NG</arg>
<arg>NI</arg>
<arg>NL</arg>
<arg>NO</arg>
<arg>NP</arg>
<arg>NR</arg>
<arg>NU</arg>
<arg>NZ</arg>
<arg>OM</arg>
<arg>PA</arg>
<arg>PE</arg>
<arg>PF</arg>
<arg>PG</arg>
<arg>PH</arg>
<arg>PK</arg>
<arg>PL</arg>
<arg>PM</arg>
<arg>PN</arg>
<arg>PR</arg>
<arg>PS</arg>
<arg>PT</arg>
<arg>PW</arg>
<arg>PY</arg>
<arg>QA</arg>
<arg>RE</arg>
<arg>RO</arg>
<arg>RS</arg>
<arg>RU</arg>
<arg>RW</arg>
<arg>SA</arg>
<arg>SB</arg>
<arg>SC</arg>
<arg>SD</arg>
<arg>SE</arg>
<arg>SG</arg>
<arg>SH</arg>
<arg>SI</arg>
<arg>SJ</arg>
<arg>SK</arg>
<arg>SL</arg>
<arg>SM</arg>
<arg>SN</arg>
<arg>SO</arg>
<arg>SR</arg>
<arg>SS</arg>
<arg>ST</arg>
<arg>SV</arg>
<arg>SX</arg>
<arg>SY</arg>
<arg>SZ</arg>
<arg>TC</arg>
<arg>TD</arg>
<arg>TF</arg>
<arg>TG</arg>
<arg>TH</arg>
<arg>TJ</arg>
<arg>TK</arg>
<arg>TL</arg>
<arg>TM</arg>
<arg>TN</arg>
<arg>TO</arg>
<arg>TR</arg>
<arg>TT</arg>
<arg>TV</arg>
<arg>TW</arg>
<arg>TZ</arg>
<arg>UA</arg>
<arg>UG</arg>
<arg>UM</arg>
<arg>US</arg>
<arg>UY</arg>
<arg>UZ</arg>
<arg>VA</arg>
<arg>VC</arg>
<arg>VE</arg>
<arg>VG</arg>
<arg>VI</arg>
<arg>VN</arg>
<arg>VU</arg>
<arg>WF</arg>
<arg>WS</arg>
<arg>XK</arg>
<arg>YE</arg>
<arg>YT</arg>
<arg>ZA</arg>
<arg>ZM</arg>
<arg>ZW</arg>
<doc>Returns a list containing given items.</doc>
<status status="PASS" start="2024-05-27T02:29:40.505378" elapsed="0.000623"/>
</kw>
<kw name="List Should Contain Value" owner="Collections">
<msg time="2024-05-27T02:29:40.507011" level="INFO">False</msg>
<arg>${list_country}</arg>
<arg>${name_country}</arg>
<doc>Fails if the ``value`` is not found from ``list``.</doc>
<status status="PASS" start="2024-05-27T02:29:40.506807" elapsed="0.000241"/>
</kw>
<kw name="Run Keyword If" owner="BuiltIn">
<kw name="Should Be True" owner="BuiltIn">
<arg>${True}</arg>
<doc>Fails if the given condition is not true.</doc>
<status status="PASS" start="2024-05-27T02:29:40.508119" elapsed="0.000169"/>
</kw>
<arg>${json_data["results"][0]["location"]["coordinates"]["latitude"]} &gt;= -90 and ${json_data["results"][0]["location"]["coordinates"]["latitude"]} &lt;= 90</arg>
<arg>Should Be True</arg>
<arg>${True}</arg>
<doc>Runs the given keyword with the given arguments, if ``condition`` is true.</doc>
<status status="PASS" start="2024-05-27T02:29:40.507367" elapsed="0.001050"/>
</kw>
<kw name="Run Keyword If" owner="BuiltIn">
<kw name="Should Be True" owner="BuiltIn">
<arg>${True}</arg>
<doc>Fails if the given condition is not true.</doc>
<status status="PASS" start="2024-05-27T02:29:40.509306" elapsed="0.000141"/>
</kw>
<arg>${json_data["results"][0]["location"]["coordinates"]["longitude"]} &gt;= -180 and ${json_data["results"][0]["location"]["coordinates"]["longitude"]} &lt;= 180</arg>
<arg>Should Be True</arg>
<arg>${True}</arg>
<doc>Runs the given keyword with the given arguments, if ``condition`` is true.</doc>
<status status="PASS" start="2024-05-27T02:29:40.508604" elapsed="0.000967"/>
</kw>
<status status="PASS" start="2024-05-27T02:29:40.403120" elapsed="0.106579"/>
</kw>
<doc>Testa o conteúdo específico dos campos retornados pela API.</doc>
<tag>testeConteudo</tag>
<status status="PASS" start="2024-05-27T02:29:40.402653" elapsed="0.107188"/>
</test>
<status status="PASS" start="2024-05-27T02:29:39.567855" elapsed="0.943912"/>
</suite>
<status status="PASS" start="2024-05-27T02:29:39.554598" elapsed="0.962243"/>
</suite>
<statistics>
<total>
<stat pass="5" fail="0" skip="0">All Tests</stat>
</total>
<tag>
<stat pass="1" fail="0" skip="0">testeConteudo</stat>
<stat pass="1" fail="0" skip="0">testeEstruturaResposta</stat>
<stat pass="1" fail="0" skip="0">testeRequisicaoBasica</stat>
<stat pass="1" fail="0" skip="0">testeTiposDados</stat>
</tag>
<suite>
<stat pass="5" fail="0" skip="0" id="s1" name="Tests">Tests</stat>
<stat pass="5" fail="0" skip="0" id="s1-s1" name="Random-User-Test">Tests.Random-User-Test</stat>
</suite>
</statistics>
<errors>
</errors>
</robot>
