<?xml version="1.0" encoding="UTF-8"?>
<robot generator="Robot 7.0 (Python 3.12.3 on linux)" generated="2024-06-01T23:15:38.932383" rpa="false" schemaversion="5">
<suite id="s1" name="Tests" source="/home/runner/work/ApiRandomUser/ApiRandomUser/RamdonUser/tests">
<suite id="s1-s1" name="Random-User-Test" source="/home/runner/work/ApiRandomUser/ApiRandomUser/RamdonUser/tests/random-user-test.robot">
<test id="s1-s1-t1" name="Conectar" line="13">
<kw name="Conectar API" owner="random-user-service">
<kw name="Create Session" owner="RequestsLibrary">
<msg time="2024-06-01T23:15:39.341568" level="INFO">Creating Session using : alias=consultarAPI, url=https://randomuser.me/, headers={},                     cookies={}, auth=None, timeout=None, proxies=None, verify=False,                     debug=0 </msg>
<arg>consultarAPI</arg>
<arg>${URL}</arg>
<doc>Create Session: create a HTTP session to a server</doc>
<status status="PASS" start="2024-06-01T23:15:39.341350" elapsed="0.000447"/>
</kw>
<status status="PASS" start="2024-06-01T23:15:39.340252" elapsed="0.001921"/>
</kw>
<status status="PASS" start="2024-06-01T23:15:39.339687" elapsed="0.002685"/>
</test>
<test id="s1-s1-t2" name="Validar retorno 200 e JSON Válido" line="16">
<kw name="Teste de Requisicao Basica" owner="random-user-service">
<kw name="GET On Session" owner="RequestsLibrary">
<msg time="2024-06-01T23:15:39.521116" level="INFO">GET Request : url=https://randomuser.me/api 
 path_url=/api 
 headers={'User-Agent': 'python-requests/2.32.3', 'Accept-Encoding': 'gzip, deflate', 'Accept': '*/*', 'Connection': 'keep-alive'} 
 body=None 
 </msg>
<msg time="2024-06-01T23:15:39.521273" level="INFO">GET Response : url=https://randomuser.me/api 
 status=200, reason=OK 
 headers={'Date': 'Sat, 01 Jun 2024 23:15:39 GMT', 'Content-Type': 'application/json; charset=utf-8', 'Transfer-Encoding': 'chunked', 'Connection': 'keep-alive', 'X-Powered-By': 'Express', 'Access-Control-Allow-Origin': '*', 'Cache-Control': 'no-cache', 'ETag': 'W/"489-e1f/w3Yj+ET8oOoMjHLxpnDCtQw"', 'Vary': 'Accept-Encoding', 'Content-Encoding': 'gzip', 'CF-Cache-Status': 'DYNAMIC', 'Report-To': '{"endpoints":[{"url":"https:\\/\\/a.nel.cloudflare.com\\/report\\/v4?s=OS7NQrsrxr2SwJaLrv3Dy221r%2Fd3j3MC21xlCEbtha%2BAUJSbkYutBgF4BpZ0ruahPJG8HCvRKyu%2BxmkmY4xn5bijssoXankTuts20isUn4x5MI4ThvmqqZNhjLZaIgvJ"}],"group":"cf-nel","max_age":604800}', 'NEL': '{"success_fraction":0,"report_to":"cf-nel","max_age":604800}', 'Server': 'cloudflare', 'CF-RAY': '88d2e82bdc04080c-IAD', 'alt-svc': 'h3=":443"; ma=86400'} 
 body={"results":[{"gender":"female","name":{"title":"Ms","first":"Gloria","last":"Wright"},"location":{"street":{"number":2964,"name":"Timber Wolf Trail"},"city":"Kalgoorlie","state":"Victoria","country":"Australia","postcode":9156,"coordinates":{"latitude":"-88.5765","longitude":"15.9166"},"timezone":{"offset":"+7:00","description":"Bangkok, Hanoi, Jakarta"}},"email":"gloria.wright@example.com","login":{"uuid":"5fcc4d7c-feca-47e9-95c6-afbb01cef53a","username":"happymouse966","password":"savior","salt":"3XOB3J2u","md5":"2c9d2411a32d753d904673afd951e2eb","sha1":"74a066df50a83af8bfbfc1d99dfc4253d2533f56","sha256":"46aea1460e5cd7c3947e5ddff63743c75f95d616f640e1c96f1a4bd749597234"},"dob":{"date":"1984-11-05T01:09:12.589Z","age":39},"registered":{"date":"2016-03-27T02:45:46.432Z","age":8},"phone":"00-7993-2674","cell":"0466-202-132","id":{"name":"TFN","value":"458340848"},"picture":{"large":"https://randomuser.me/api/portraits/women/0.jpg","medium":"https://randomuser.me/api/portraits/med/women/0.jpg","thumbnail":"https://randomuser.me/api/portraits/thumb/women/0.jpg"},"nat":"AU"}],"info":{"seed":"b7a6a94f73d8223f","results":1,"page":1,"version":"1.4"}} 
 </msg>
<msg time="2024-06-01T23:15:39.521353" level="INFO">/opt/hostedtoolcache/Python/3.12.3/x64/lib/python3.12/site-packages/urllib3/connectionpool.py:1103: InsecureRequestWarning: Unverified HTTPS request is being made to host 'randomuser.me'. Adding certificate verification is strongly advised. See: https://urllib3.readthedocs.io/en/latest/advanced-usage.html#tls-warnings
  warnings.warn(</msg>
<msg time="2024-06-01T23:15:39.521520" level="INFO">${response} = &lt;Response [200]&gt;</msg>
<var>${response}</var>
<arg>consultarAPI</arg>
<arg>/api</arg>
<doc>Sends a GET request on a previously created HTTP Session.</doc>
<status status="PASS" start="2024-06-01T23:15:39.344989" elapsed="0.176574"/>
</kw>
<kw name="Should Be Equal As Numbers" owner="BuiltIn">
<msg time="2024-06-01T23:15:39.522619" level="INFO">Argument types are:
&lt;class 'int'&gt;
&lt;class 'str'&gt;</msg>
<arg>${response.status_code}</arg>
<arg>200</arg>
<doc>Fails if objects are unequal after converting them to real numbers.</doc>
<status status="PASS" start="2024-06-01T23:15:39.522150" elapsed="0.000537"/>
</kw>
<kw name="Log" owner="BuiltIn">
<msg time="2024-06-01T23:15:39.523380" level="INFO">200</msg>
<arg>${response.status_code}</arg>
<doc>Logs the given message with the given level.</doc>
<status status="PASS" start="2024-06-01T23:15:39.523022" elapsed="0.000405"/>
</kw>
<kw name="Set Variable" owner="BuiltIn">
<msg time="2024-06-01T23:15:39.524193" level="INFO">${json_data} = {'results': [{'gender': 'female', 'name': {'title': 'Ms', 'first': 'Gloria', 'last': 'Wright'}, 'location': {'street': {'number': 2964, 'name': 'Timber Wolf Trail'}, 'city': 'Kalgoorlie', 'state': 'Vi...</msg>
<var>${json_data}</var>
<arg>${response.json()}</arg>
<doc>Returns the given values which can then be assigned to a variables.</doc>
<status status="PASS" start="2024-06-01T23:15:39.523741" elapsed="0.000481"/>
</kw>
<kw name="Dictionary Should Contain Key" owner="Collections">
<msg time="2024-06-01T23:15:39.524704" level="INFO">False</msg>
<arg>${json_data}</arg>
<arg>results</arg>
<doc>Fails if ``key`` is not found from ``dictionary``.</doc>
<status status="PASS" start="2024-06-01T23:15:39.524527" elapsed="0.000216"/>
</kw>
<status status="PASS" start="2024-06-01T23:15:39.344730" elapsed="0.180277"/>
</kw>
<doc>Testa se a API responde corretamente e retorna um objeto JSON válido.</doc>
<tag>testeRequisicaoBasica</tag>
<status status="PASS" start="2024-06-01T23:15:39.344248" elapsed="0.180952"/>
</test>
<test id="s1-s1-t3" name="Validar estrutura de resposta" line="22">
<kw name="Teste de Estrutura de Resposta" owner="random-user-service">
<kw name="GET On Session" owner="RequestsLibrary">
<msg time="2024-06-01T23:15:39.624973" level="INFO">GET Request : url=https://randomuser.me/api 
 path_url=/api 
 headers={'User-Agent': 'python-requests/2.32.3', 'Accept-Encoding': 'gzip, deflate', 'Accept': '*/*', 'Connection': 'keep-alive'} 
 body=None 
 </msg>
<msg time="2024-06-01T23:15:39.625073" level="INFO">GET Response : url=https://randomuser.me/api 
 status=200, reason=OK 
 headers={'Date': 'Sat, 01 Jun 2024 23:15:39 GMT', 'Content-Type': 'application/json; charset=utf-8', 'Transfer-Encoding': 'chunked', 'Connection': 'keep-alive', 'X-Powered-By': 'Express', 'Access-Control-Allow-Origin': '*', 'Cache-Control': 'no-cache', 'ETag': 'W/"49b-LmYEpCglWOYPOG69tpNxlRP+SKM"', 'Vary': 'Accept-Encoding', 'Content-Encoding': 'gzip', 'CF-Cache-Status': 'DYNAMIC', 'Report-To': '{"endpoints":[{"url":"https:\\/\\/a.nel.cloudflare.com\\/report\\/v4?s=D4%2F5ai8bLBGY%2F5na7%2B4VmO02r3siCRpkcp8jzXLOA8KHVe4g%2FLqfBkgog5namSdC2lNzjBeIIohlB9beF6hiSXF0DvkcamajcvMO%2FVG2cRb3tpdaFKjFyZkdtY%2BJjL06"}],"group":"cf-nel","max_age":604800}', 'NEL': '{"success_fraction":0,"report_to":"cf-nel","max_age":604800}', 'Server': 'cloudflare', 'CF-RAY': '88d2e82c1c4e080c-IAD', 'alt-svc': 'h3=":443"; ma=86400'} 
 body={"results":[{"gender":"female","name":{"title":"Mrs","first":"تارا","last":"پارسا"},"location":{"street":{"number":9872,"name":"برادران حسنی"},"city":"بوشهر","state":"مازندران","country":"Iran","postcode":66714,"coordinates":{"latitude":"13.1167","longitude":"80.1060"},"timezone":{"offset":"+10:00","description":"Eastern Australia, Guam, Vladivostok"}},"email":"tr.prs@example.com","login":{"uuid":"4c9ff24a-a986-4705-8425-5cd3418ce892","username":"greenfrog819","password":"burrito","salt":"IFzCbwbs","md5":"f47b5c310dbe2ba2a9e8ef5ab03e84e7","sha1":"77731b10d1c58cffb6024ce05f26c5a7ae6fa532","sha256":"c0705d61a7f3bb35e97131363297ca752fb2a49991b71cc3259bd7ad93a66698"},"dob":{"date":"1994-04-21T15:18:08.958Z","age":30},"registered":{"date":"2006-03-29T21:33:11.460Z","age":18},"phone":"005-78551158","cell":"0915-267-9212","id":{"name":"","value":null},"picture":{"large":"https://randomuser.me/api/portraits/women/28.jpg","medium":"https://randomuser.me/api/portraits/med/women/28.jpg","thumbnail":"https://randomuser.me/api/portraits/thumb/women/28.jpg"},"nat":"IR"}],"info":{"seed":"7d930c39e6c2c1a5","results":1,"page":1,"version":"1.4"}} 
 </msg>
<msg time="2024-06-01T23:15:39.625222" level="INFO">/opt/hostedtoolcache/Python/3.12.3/x64/lib/python3.12/site-packages/urllib3/connectionpool.py:1103: InsecureRequestWarning: Unverified HTTPS request is being made to host 'randomuser.me'. Adding certificate verification is strongly advised. See: https://urllib3.readthedocs.io/en/latest/advanced-usage.html#tls-warnings
  warnings.warn(</msg>
<msg time="2024-06-01T23:15:39.625369" level="INFO">${response} = &lt;Response [200]&gt;</msg>
<var>${response}</var>
<arg>consultarAPI</arg>
<arg>/api</arg>
<doc>Sends a GET request on a previously created HTTP Session.</doc>
<status status="PASS" start="2024-06-01T23:15:39.528116" elapsed="0.097299"/>
</kw>
<kw name="Set Variable" owner="BuiltIn">
<msg time="2024-06-01T23:15:39.626500" level="INFO">${json_data} = {'results': [{'gender': 'female', 'name': {'title': 'Mrs', 'first': 'تارا', 'last': 'پارسا'}, 'location': {'street': {'number': 9872, 'name': 'برادران حسنی'}, 'city': 'بوشهر', 'state': 'مازندران', 'co...</msg>
<var>${json_data}</var>
<arg>${response.json()}</arg>
<doc>Returns the given values which can then be assigned to a variables.</doc>
<status status="PASS" start="2024-06-01T23:15:39.625950" elapsed="0.000582"/>
</kw>
<kw name="Log" owner="BuiltIn">
<msg time="2024-06-01T23:15:39.627018" level="INFO">{'results': [{'gender': 'female', 'name': {'title': 'Mrs', 'first': 'تارا', 'last': 'پارسا'}, 'location': {'street': {'number': 9872, 'name': 'برادران حسنی'}, 'city': 'بوشهر', 'state': 'مازندران', 'country': 'Iran', 'postcode': 66714, 'coordinates': {'latitude': '13.1167', 'longitude': '80.1060'}, 'timezone': {'offset': '+10:00', 'description': 'Eastern Australia, Guam, Vladivostok'}}, 'email': 'tr.prs@example.com', 'login': {'uuid': '4c9ff24a-a986-4705-8425-5cd3418ce892', 'username': 'greenfrog819', 'password': 'burrito', 'salt': 'IFzCbwbs', 'md5': 'f47b5c310dbe2ba2a9e8ef5ab03e84e7', 'sha1': '77731b10d1c58cffb6024ce05f26c5a7ae6fa532', 'sha256': 'c0705d61a7f3bb35e97131363297ca752fb2a49991b71cc3259bd7ad93a66698'}, 'dob': {'date': '1994-04-21T15:18:08.958Z', 'age': 30}, 'registered': {'date': '2006-03-29T21:33:11.460Z', 'age': 18}, 'phone': '005-78551158', 'cell': '0915-267-9212', 'id': {'name': '', 'value': None}, 'picture': {'large': 'https://randomuser.me/api/portraits/women/28.jpg', 'medium': 'https://randomuser.me/api/portraits/med/women/28.jpg', 'thumbnail': 'https://randomuser.me/api/portraits/thumb/women/28.jpg'}, 'nat': 'IR'}], 'info': {'seed': '7d930c39e6c2c1a5', 'results': 1, 'page': 1, 'version': '1.4'}}</msg>
<arg>${json_data}</arg>
<doc>Logs the given message with the given level.</doc>
<status status="PASS" start="2024-06-01T23:15:39.626850" elapsed="0.000222"/>
</kw>
<kw name="Dictionary Should Contain Key" owner="Collections">
<msg time="2024-06-01T23:15:39.627534" level="INFO">False</msg>
<arg>${json_data}</arg>
<arg>results</arg>
<doc>Fails if ``key`` is not found from ``dictionary``.</doc>
<status status="PASS" start="2024-06-01T23:15:39.627375" elapsed="0.000197"/>
</kw>
<kw name="Should Not Be Empty" owner="BuiltIn">
<msg time="2024-06-01T23:15:39.628004" level="INFO">Length is 2.</msg>
<arg>${json_data}</arg>
<doc>Verifies that the given item is not empty.</doc>
<status status="PASS" start="2024-06-01T23:15:39.627869" elapsed="0.000174"/>
</kw>
<kw name="Create List" owner="BuiltIn">
<msg time="2024-06-01T23:15:39.628486" level="INFO">${expected_keys} = ['gender', 'name', 'location', 'email', 'login']</msg>
<var>${expected_keys}</var>
<arg>gender</arg>
<arg>name</arg>
<arg>location</arg>
<arg>email</arg>
<arg>login</arg>
<doc>Returns a list containing given items.</doc>
<status status="PASS" start="2024-06-01T23:15:39.628335" elapsed="0.000175"/>
</kw>
<for flavor="IN">
<iter>
<kw name="Dictionary Should Contain Key" owner="Collections">
<msg time="2024-06-01T23:15:39.629520" level="INFO">False</msg>
<arg>${json_data['results'][0]}</arg>
<arg>${key}</arg>
<doc>Fails if ``key`` is not found from ``dictionary``.</doc>
<status status="PASS" start="2024-06-01T23:15:39.629106" elapsed="0.000453"/>
</kw>
<kw name="Log" owner="BuiltIn">
<msg time="2024-06-01T23:15:39.630266" level="INFO">{'gender': 'female', 'name': {'title': 'Mrs', 'first': 'تارا', 'last': 'پارسا'}, 'location': {'street': {'number': 9872, 'name': 'برادران حسنی'}, 'city': 'بوشهر', 'state': 'مازندران', 'country': 'Iran', 'postcode': 66714, 'coordinates': {'latitude': '13.1167', 'longitude': '80.1060'}, 'timezone': {'offset': '+10:00', 'description': 'Eastern Australia, Guam, Vladivostok'}}, 'email': 'tr.prs@example.com', 'login': {'uuid': '4c9ff24a-a986-4705-8425-5cd3418ce892', 'username': 'greenfrog819', 'password': 'burrito', 'salt': 'IFzCbwbs', 'md5': 'f47b5c310dbe2ba2a9e8ef5ab03e84e7', 'sha1': '77731b10d1c58cffb6024ce05f26c5a7ae6fa532', 'sha256': 'c0705d61a7f3bb35e97131363297ca752fb2a49991b71cc3259bd7ad93a66698'}, 'dob': {'date': '1994-04-21T15:18:08.958Z', 'age': 30}, 'registered': {'date': '2006-03-29T21:33:11.460Z', 'age': 18}, 'phone': '005-78551158', 'cell': '0915-267-9212', 'id': {'name': '', 'value': None}, 'picture': {'large': 'https://randomuser.me/api/portraits/women/28.jpg', 'medium': 'https://randomuser.me/api/portraits/med/women/28.jpg', 'thumbnail': 'https://randomuser.me/api/portraits/thumb/women/28.jpg'}, 'nat': 'IR'}</msg>
<arg>${json_data['results'][0]}</arg>
<doc>Logs the given message with the given level.</doc>
<status status="PASS" start="2024-06-01T23:15:39.629894" elapsed="0.000425"/>
</kw>
<kw name="Log" owner="BuiltIn">
<msg time="2024-06-01T23:15:39.630755" level="INFO">gender</msg>
<arg>${key}</arg>
<doc>Logs the given message with the given level.</doc>
<status status="PASS" start="2024-06-01T23:15:39.630625" elapsed="0.000168"/>
</kw>
<var name="${key}">gender</var>
<status status="PASS" start="2024-06-01T23:15:39.628969" elapsed="0.002047"/>
</iter>
<iter>
<kw name="Dictionary Should Contain Key" owner="Collections">
<msg time="2024-06-01T23:15:39.631717" level="INFO">False</msg>
<arg>${json_data['results'][0]}</arg>
<arg>${key}</arg>
<doc>Fails if ``key`` is not found from ``dictionary``.</doc>
<status status="PASS" start="2024-06-01T23:15:39.631322" elapsed="0.000433"/>
</kw>
<kw name="Log" owner="BuiltIn">
<msg time="2024-06-01T23:15:39.632450" level="INFO">{'gender': 'female', 'name': {'title': 'Mrs', 'first': 'تارا', 'last': 'پارسا'}, 'location': {'street': {'number': 9872, 'name': 'برادران حسنی'}, 'city': 'بوشهر', 'state': 'مازندران', 'country': 'Iran', 'postcode': 66714, 'coordinates': {'latitude': '13.1167', 'longitude': '80.1060'}, 'timezone': {'offset': '+10:00', 'description': 'Eastern Australia, Guam, Vladivostok'}}, 'email': 'tr.prs@example.com', 'login': {'uuid': '4c9ff24a-a986-4705-8425-5cd3418ce892', 'username': 'greenfrog819', 'password': 'burrito', 'salt': 'IFzCbwbs', 'md5': 'f47b5c310dbe2ba2a9e8ef5ab03e84e7', 'sha1': '77731b10d1c58cffb6024ce05f26c5a7ae6fa532', 'sha256': 'c0705d61a7f3bb35e97131363297ca752fb2a49991b71cc3259bd7ad93a66698'}, 'dob': {'date': '1994-04-21T15:18:08.958Z', 'age': 30}, 'registered': {'date': '2006-03-29T21:33:11.460Z', 'age': 18}, 'phone': '005-78551158', 'cell': '0915-267-9212', 'id': {'name': '', 'value': None}, 'picture': {'large': 'https://randomuser.me/api/portraits/women/28.jpg', 'medium': 'https://randomuser.me/api/portraits/med/women/28.jpg', 'thumbnail': 'https://randomuser.me/api/portraits/thumb/women/28.jpg'}, 'nat': 'IR'}</msg>
<arg>${json_data['results'][0]}</arg>
<doc>Logs the given message with the given level.</doc>
<status status="PASS" start="2024-06-01T23:15:39.632084" elapsed="0.000419"/>
</kw>
<kw name="Log" owner="BuiltIn">
<msg time="2024-06-01T23:15:39.632936" level="INFO">name</msg>
<arg>${key}</arg>
<doc>Logs the given message with the given level.</doc>
<status status="PASS" start="2024-06-01T23:15:39.632806" elapsed="0.000167"/>
</kw>
<var name="${key}">name</var>
<status status="PASS" start="2024-06-01T23:15:39.631206" elapsed="0.001987"/>
</iter>
<iter>
<kw name="Dictionary Should Contain Key" owner="Collections">
<msg time="2024-06-01T23:15:39.633946" level="INFO">False</msg>
<arg>${json_data['results'][0]}</arg>
<arg>${key}</arg>
<doc>Fails if ``key`` is not found from ``dictionary``.</doc>
<status status="PASS" start="2024-06-01T23:15:39.633493" elapsed="0.000491"/>
</kw>
<kw name="Log" owner="BuiltIn">
<msg time="2024-06-01T23:15:39.634659" level="INFO">{'gender': 'female', 'name': {'title': 'Mrs', 'first': 'تارا', 'last': 'پارسا'}, 'location': {'street': {'number': 9872, 'name': 'برادران حسنی'}, 'city': 'بوشهر', 'state': 'مازندران', 'country': 'Iran', 'postcode': 66714, 'coordinates': {'latitude': '13.1167', 'longitude': '80.1060'}, 'timezone': {'offset': '+10:00', 'description': 'Eastern Australia, Guam, Vladivostok'}}, 'email': 'tr.prs@example.com', 'login': {'uuid': '4c9ff24a-a986-4705-8425-5cd3418ce892', 'username': 'greenfrog819', 'password': 'burrito', 'salt': 'IFzCbwbs', 'md5': 'f47b5c310dbe2ba2a9e8ef5ab03e84e7', 'sha1': '77731b10d1c58cffb6024ce05f26c5a7ae6fa532', 'sha256': 'c0705d61a7f3bb35e97131363297ca752fb2a49991b71cc3259bd7ad93a66698'}, 'dob': {'date': '1994-04-21T15:18:08.958Z', 'age': 30}, 'registered': {'date': '2006-03-29T21:33:11.460Z', 'age': 18}, 'phone': '005-78551158', 'cell': '0915-267-9212', 'id': {'name': '', 'value': None}, 'picture': {'large': 'https://randomuser.me/api/portraits/women/28.jpg', 'medium': 'https://randomuser.me/api/portraits/med/women/28.jpg', 'thumbnail': 'https://randomuser.me/api/portraits/thumb/women/28.jpg'}, 'nat': 'IR'}</msg>
<arg>${json_data['results'][0]}</arg>
<doc>Logs the given message with the given level.</doc>
<status status="PASS" start="2024-06-01T23:15:39.634285" elapsed="0.000425"/>
</kw>
<kw name="Log" owner="BuiltIn">
<msg time="2024-06-01T23:15:39.635137" level="INFO">location</msg>
<arg>${key}</arg>
<doc>Logs the given message with the given level.</doc>
<status status="PASS" start="2024-06-01T23:15:39.635009" elapsed="0.000171"/>
</kw>
<var name="${key}">location</var>
<status status="PASS" start="2024-06-01T23:15:39.633374" elapsed="0.002028"/>
</iter>
<iter>
<kw name="Dictionary Should Contain Key" owner="Collections">
<msg time="2024-06-01T23:15:39.636076" level="INFO">False</msg>
<arg>${json_data['results'][0]}</arg>
<arg>${key}</arg>
<doc>Fails if ``key`` is not found from ``dictionary``.</doc>
<status status="PASS" start="2024-06-01T23:15:39.635689" elapsed="0.000432"/>
</kw>
<kw name="Log" owner="BuiltIn">
<msg time="2024-06-01T23:15:39.636794" level="INFO">{'gender': 'female', 'name': {'title': 'Mrs', 'first': 'تارا', 'last': 'پارسا'}, 'location': {'street': {'number': 9872, 'name': 'برادران حسنی'}, 'city': 'بوشهر', 'state': 'مازندران', 'country': 'Iran', 'postcode': 66714, 'coordinates': {'latitude': '13.1167', 'longitude': '80.1060'}, 'timezone': {'offset': '+10:00', 'description': 'Eastern Australia, Guam, Vladivostok'}}, 'email': 'tr.prs@example.com', 'login': {'uuid': '4c9ff24a-a986-4705-8425-5cd3418ce892', 'username': 'greenfrog819', 'password': 'burrito', 'salt': 'IFzCbwbs', 'md5': 'f47b5c310dbe2ba2a9e8ef5ab03e84e7', 'sha1': '77731b10d1c58cffb6024ce05f26c5a7ae6fa532', 'sha256': 'c0705d61a7f3bb35e97131363297ca752fb2a49991b71cc3259bd7ad93a66698'}, 'dob': {'date': '1994-04-21T15:18:08.958Z', 'age': 30}, 'registered': {'date': '2006-03-29T21:33:11.460Z', 'age': 18}, 'phone': '005-78551158', 'cell': '0915-267-9212', 'id': {'name': '', 'value': None}, 'picture': {'large': 'https://randomuser.me/api/portraits/women/28.jpg', 'medium': 'https://randomuser.me/api/portraits/med/women/28.jpg', 'thumbnail': 'https://randomuser.me/api/portraits/thumb/women/28.jpg'}, 'nat': 'IR'}</msg>
<arg>${json_data['results'][0]}</arg>
<doc>Logs the given message with the given level.</doc>
<status status="PASS" start="2024-06-01T23:15:39.636423" elapsed="0.000421"/>
</kw>
<kw name="Log" owner="BuiltIn">
<msg time="2024-06-01T23:15:39.637269" level="INFO">email</msg>
<arg>${key}</arg>
<doc>Logs the given message with the given level.</doc>
<status status="PASS" start="2024-06-01T23:15:39.637141" elapsed="0.000165"/>
</kw>
<var name="${key}">email</var>
<status status="PASS" start="2024-06-01T23:15:39.635577" elapsed="0.001948"/>
</iter>
<iter>
<kw name="Dictionary Should Contain Key" owner="Collections">
<msg time="2024-06-01T23:15:39.638224" level="INFO">False</msg>
<arg>${json_data['results'][0]}</arg>
<arg>${key}</arg>
<doc>Fails if ``key`` is not found from ``dictionary``.</doc>
<status status="PASS" start="2024-06-01T23:15:39.637843" elapsed="0.000417"/>
</kw>
<kw name="Log" owner="BuiltIn">
<msg time="2024-06-01T23:15:39.638913" level="INFO">{'gender': 'female', 'name': {'title': 'Mrs', 'first': 'تارا', 'last': 'پارسا'}, 'location': {'street': {'number': 9872, 'name': 'برادران حسنی'}, 'city': 'بوشهر', 'state': 'مازندران', 'country': 'Iran', 'postcode': 66714, 'coordinates': {'latitude': '13.1167', 'longitude': '80.1060'}, 'timezone': {'offset': '+10:00', 'description': 'Eastern Australia, Guam, Vladivostok'}}, 'email': 'tr.prs@example.com', 'login': {'uuid': '4c9ff24a-a986-4705-8425-5cd3418ce892', 'username': 'greenfrog819', 'password': 'burrito', 'salt': 'IFzCbwbs', 'md5': 'f47b5c310dbe2ba2a9e8ef5ab03e84e7', 'sha1': '77731b10d1c58cffb6024ce05f26c5a7ae6fa532', 'sha256': 'c0705d61a7f3bb35e97131363297ca752fb2a49991b71cc3259bd7ad93a66698'}, 'dob': {'date': '1994-04-21T15:18:08.958Z', 'age': 30}, 'registered': {'date': '2006-03-29T21:33:11.460Z', 'age': 18}, 'phone': '005-78551158', 'cell': '0915-267-9212', 'id': {'name': '', 'value': None}, 'picture': {'large': 'https://randomuser.me/api/portraits/women/28.jpg', 'medium': 'https://randomuser.me/api/portraits/med/women/28.jpg', 'thumbnail': 'https://randomuser.me/api/portraits/thumb/women/28.jpg'}, 'nat': 'IR'}</msg>
<arg>${json_data['results'][0]}</arg>
<doc>Logs the given message with the given level.</doc>
<status status="PASS" start="2024-06-01T23:15:39.638555" elapsed="0.000409"/>
</kw>
<kw name="Log" owner="BuiltIn">
<msg time="2024-06-01T23:15:39.639396" level="INFO">login</msg>
<arg>${key}</arg>
<doc>Logs the given message with the given level.</doc>
<status status="PASS" start="2024-06-01T23:15:39.639266" elapsed="0.000169"/>
</kw>
<var name="${key}">login</var>
<status status="PASS" start="2024-06-01T23:15:39.637720" elapsed="0.001971"/>
</iter>
<var>${key}</var>
<value>@{expected_keys}</value>
<status status="PASS" start="2024-06-01T23:15:39.628773" elapsed="0.011044"/>
</for>
<kw name="Create List" owner="BuiltIn">
<msg time="2024-06-01T23:15:39.640154" level="INFO">${expected_keysTwo} = ['username', 'password']</msg>
<var>${expected_keysTwo}</var>
<arg>username</arg>
<arg>password</arg>
<doc>Returns a list containing given items.</doc>
<status status="PASS" start="2024-06-01T23:15:39.640015" elapsed="0.000163"/>
</kw>
<for flavor="IN">
<iter>
<kw name="Dictionary Should Contain Key" owner="Collections">
<msg time="2024-06-01T23:15:39.641172" level="INFO">False</msg>
<arg>${json_data['results'][0]['login']}</arg>
<arg>${keyTwo}</arg>
<doc>Fails if ``key`` is not found from ``dictionary``.</doc>
<status status="PASS" start="2024-06-01T23:15:39.640681" elapsed="0.000527"/>
</kw>
<kw name="Dictionary Should Contain Key" owner="Collections">
<msg time="2024-06-01T23:15:39.641953" level="INFO">False</msg>
<arg>${json_data['results'][0]['login']}</arg>
<arg>${keyTwo}</arg>
<doc>Fails if ``key`` is not found from ``dictionary``.</doc>
<status status="PASS" start="2024-06-01T23:15:39.641508" elapsed="0.000483"/>
</kw>
<kw name="Log" owner="BuiltIn">
<msg time="2024-06-01T23:15:39.642427" level="INFO">username</msg>
<arg>${keyTwo}</arg>
<doc>Logs the given message with the given level.</doc>
<status status="PASS" start="2024-06-01T23:15:39.642293" elapsed="0.000173"/>
</kw>
<var name="${keyTwo}">username</var>
<status status="PASS" start="2024-06-01T23:15:39.640571" elapsed="0.002113"/>
</iter>
<iter>
<kw name="Dictionary Should Contain Key" owner="Collections">
<msg time="2024-06-01T23:15:39.643349" level="INFO">False</msg>
<arg>${json_data['results'][0]['login']}</arg>
<arg>${keyTwo}</arg>
<doc>Fails if ``key`` is not found from ``dictionary``.</doc>
<status status="PASS" start="2024-06-01T23:15:39.642972" elapsed="0.000415"/>
</kw>
<kw name="Dictionary Should Contain Key" owner="Collections">
<msg time="2024-06-01T23:15:39.644067" level="INFO">False</msg>
<arg>${json_data['results'][0]['login']}</arg>
<arg>${keyTwo}</arg>
<doc>Fails if ``key`` is not found from ``dictionary``.</doc>
<status status="PASS" start="2024-06-01T23:15:39.643680" elapsed="0.000425"/>
</kw>
<kw name="Log" owner="BuiltIn">
<msg time="2024-06-01T23:15:39.644530" level="INFO">password</msg>
<arg>${keyTwo}</arg>
<doc>Logs the given message with the given level.</doc>
<status status="PASS" start="2024-06-01T23:15:39.644402" elapsed="0.000165"/>
</kw>
<var name="${keyTwo}">password</var>
<status status="PASS" start="2024-06-01T23:15:39.642860" elapsed="0.001922"/>
</iter>
<var>${keyTwo}</var>
<value>@{expected_keysTwo}</value>
<status status="PASS" start="2024-06-01T23:15:39.640417" elapsed="0.004486"/>
</for>
<status status="PASS" start="2024-06-01T23:15:39.527714" elapsed="0.117332"/>
</kw>
<doc>Testa a estrutura da resposta da API.</doc>
<tag>testeEstruturaResposta</tag>
<status status="PASS" start="2024-06-01T23:15:39.527103" elapsed="0.118105"/>
</test>
<test id="s1-s1-t4" name="Validar tipos de dados" line="28">
<kw name="Teste de Tipos de Dados" owner="random-user-service">
<kw name="GET On Session" owner="RequestsLibrary">
<msg time="2024-06-01T23:15:39.725610" level="INFO">GET Request : url=https://randomuser.me/api 
 path_url=/api 
 headers={'User-Agent': 'python-requests/2.32.3', 'Accept-Encoding': 'gzip, deflate', 'Accept': '*/*', 'Connection': 'keep-alive'} 
 body=None 
 </msg>
<msg time="2024-06-01T23:15:39.725762" level="INFO">GET Response : url=https://randomuser.me/api 
 status=200, reason=OK 
 headers={'Date': 'Sat, 01 Jun 2024 23:15:39 GMT', 'Content-Type': 'application/json; charset=utf-8', 'Transfer-Encoding': 'chunked', 'Connection': 'keep-alive', 'X-Powered-By': 'Express', 'Access-Control-Allow-Origin': '*', 'Cache-Control': 'no-cache', 'ETag': 'W/"4a6-ovgQ1Vi4tbqDjUXdb5VA70HBUkw"', 'Vary': 'Accept-Encoding', 'Content-Encoding': 'gzip', 'CF-Cache-Status': 'DYNAMIC', 'Report-To': '{"endpoints":[{"url":"https:\\/\\/a.nel.cloudflare.com\\/report\\/v4?s=%2Bben3zo3uI0PIXZDpk6qhYBLJKS4YI7U0UAoZMFQcwL9Ioel%2BCw%2BngK4JNvJciCGFxwlauX%2B9K2CDyyfUu5%2BYToUuC83LLcbo6KoliBRIjjLYiEFfGERNOIvXtqJtXUg"}],"group":"cf-nel","max_age":604800}', 'NEL': '{"success_fraction":0,"report_to":"cf-nel","max_age":604800}', 'Server': 'cloudflare', 'CF-RAY': '88d2e82cdd27080c-IAD', 'alt-svc': 'h3=":443"; ma=86400'} 
 body={"results":[{"gender":"male","name":{"title":"Monsieur","first":"Jeton","last":"Masson"},"location":{"street":{"number":4623,"name":"Rue Abel-Ferry"},"city":"Bourg-Saint-Pierre","state":"St. Gallen","country":"Switzerland","postcode":8057,"coordinates":{"latitude":"-61.6928","longitude":"-159.7233"},"timezone":{"offset":"-7:00","description":"Mountain Time (US &amp; Canada)"}},"email":"jeton.masson@example.com","login":{"uuid":"7a2751bc-c560-4ec4-8151-fa19c7f72e66","username":"greenbutterfly952","password":"abigail","salt":"Xtxc6Wra","md5":"98dcf54394ba4d7b93e78c73bacdd65c","sha1":"034af79baa6b6ce63610223aef632902670f966c","sha256":"989c98caf83ea0901e079c8fe1082a07508e34d080c0394d8bc70bdfb26a2c66"},"dob":{"date":"1982-08-20T00:23:59.440Z","age":41},"registered":{"date":"2003-10-06T23:17:11.737Z","age":20},"phone":"077 941 93 36","cell":"077 213 30 82","id":{"name":"AVS","value":"756.2691.6380.06"},"picture":{"large":"https://randomuser.me/api/portraits/men/57.jpg","medium":"https://randomuser.me/api/portraits/med/men/57.jpg","thumbnail":"https://randomuser.me/api/portraits/thumb/men/57.jpg"},"nat":"CH"}],"info":{"seed":"c3b9520ed2b64800","results":1,"page":1,"version":"1.4"}} 
 </msg>
<msg time="2024-06-01T23:15:39.725852" level="INFO">/opt/hostedtoolcache/Python/3.12.3/x64/lib/python3.12/site-packages/urllib3/connectionpool.py:1103: InsecureRequestWarning: Unverified HTTPS request is being made to host 'randomuser.me'. Adding certificate verification is strongly advised. See: https://urllib3.readthedocs.io/en/latest/advanced-usage.html#tls-warnings
  warnings.warn(</msg>
<msg time="2024-06-01T23:15:39.726014" level="INFO">${response} = &lt;Response [200]&gt;</msg>
<var>${response}</var>
<arg>consultarAPI</arg>
<arg>/api</arg>
<doc>Sends a GET request on a previously created HTTP Session.</doc>
<status status="PASS" start="2024-06-01T23:15:39.647836" elapsed="0.078233"/>
</kw>
<kw name="Set Variable" owner="BuiltIn">
<msg time="2024-06-01T23:15:39.727134" level="INFO">${json_data} = {'results': [{'gender': 'male', 'name': {'title': 'Monsieur', 'first': 'Jeton', 'last': 'Masson'}, 'location': {'street': {'number': 4623, 'name': 'Rue Abel-Ferry'}, 'city': 'Bourg-Saint-Pierre', 'sta...</msg>
<var>${json_data}</var>
<arg>${response.json()}</arg>
<doc>Returns the given values which can then be assigned to a variables.</doc>
<status status="PASS" start="2024-06-01T23:15:39.726594" elapsed="0.000569"/>
</kw>
<kw name="Log" owner="BuiltIn">
<msg time="2024-06-01T23:15:39.727717" level="INFO">{'results': [{'gender': 'male', 'name': {'title': 'Monsieur', 'first': 'Jeton', 'last': 'Masson'}, 'location': {'street': {'number': 4623, 'name': 'Rue Abel-Ferry'}, 'city': 'Bourg-Saint-Pierre', 'state': 'St. Gallen', 'country': 'Switzerland', 'postcode': 8057, 'coordinates': {'latitude': '-61.6928', 'longitude': '-159.7233'}, 'timezone': {'offset': '-7:00', 'description': 'Mountain Time (US &amp; Canada)'}}, 'email': 'jeton.masson@example.com', 'login': {'uuid': '7a2751bc-c560-4ec4-8151-fa19c7f72e66', 'username': 'greenbutterfly952', 'password': 'abigail', 'salt': 'Xtxc6Wra', 'md5': '98dcf54394ba4d7b93e78c73bacdd65c', 'sha1': '034af79baa6b6ce63610223aef632902670f966c', 'sha256': '989c98caf83ea0901e079c8fe1082a07508e34d080c0394d8bc70bdfb26a2c66'}, 'dob': {'date': '1982-08-20T00:23:59.440Z', 'age': 41}, 'registered': {'date': '2003-10-06T23:17:11.737Z', 'age': 20}, 'phone': '077 941 93 36', 'cell': '077 213 30 82', 'id': {'name': 'AVS', 'value': '756.2691.6380.06'}, 'picture': {'large': 'https://randomuser.me/api/portraits/men/57.jpg', 'medium': 'https://randomuser.me/api/portraits/med/men/57.jpg', 'thumbnail': 'https://randomuser.me/api/portraits/thumb/men/57.jpg'}, 'nat': 'CH'}], 'info': {'seed': 'c3b9520ed2b64800', 'results': 1, 'page': 1, 'version': '1.4'}}</msg>
<arg>${json_data}</arg>
<doc>Logs the given message with the given level.</doc>
<status status="PASS" start="2024-06-01T23:15:39.727541" elapsed="0.000274"/>
</kw>
<kw name="Should Be String" owner="String">
<arg>${json_data['results'][0]['gender']}</arg>
<doc>Fails if the given ``item`` is not a string.</doc>
<status status="PASS" start="2024-06-01T23:15:39.728145" elapsed="0.000383"/>
</kw>
<kw name="Should Match Regexp" owner="BuiltIn">
<arg>${json_data['results'][0]['email']}</arg>
<arg>^[a-zA-Z0-9._%+-]+@[a-zA-Z0-9.-]+\.[a-zA-Z]{2,}$</arg>
<doc>Fails if ``string`` does not match ``pattern`` as a regular expression.</doc>
<status status="PASS" start="2024-06-01T23:15:39.728733" elapsed="0.000531"/>
</kw>
<kw name="Should Match Regexp" owner="BuiltIn">
<arg>${json_data['results'][0]['dob']['date']}</arg>
<arg>\\d{4}-\\d{2}-\\d{2}T\\d{2}:\\d{2}:\\d{2}\\.\\d{3}Z</arg>
<doc>Fails if ``string`` does not match ``pattern`` as a regular expression.</doc>
<status status="PASS" start="2024-06-01T23:15:39.729466" elapsed="0.000561"/>
</kw>
<kw name="Should Match Regexp" owner="BuiltIn">
<arg>${json_data['results'][0]['registered']['date']}</arg>
<arg>\\d{4}-\\d{2}-\\d{2}T\\d{2}:\\d{2}:\\d{2}\\.\\d{3}Z</arg>
<doc>Fails if ``string`` does not match ``pattern`` as a regular expression.</doc>
<status status="PASS" start="2024-06-01T23:15:39.730225" elapsed="0.000369"/>
</kw>
<kw name="Should Match Regexp" owner="BuiltIn">
<arg>${json_data['results'][0]['picture']['large']}</arg>
<arg>^https?://.*\.(?:png|jpe?g|gif|bmp)$</arg>
<doc>Fails if ``string`` does not match ``pattern`` as a regular expression.</doc>
<status status="PASS" start="2024-06-01T23:15:39.730795" elapsed="0.000465"/>
</kw>
<kw name="Should Match Regexp" owner="BuiltIn">
<arg>${json_data['results'][0]['picture']['medium']}</arg>
<arg>^https?://.*\.(?:png|jpe?g|gif|bmp)$</arg>
<doc>Fails if ``string`` does not match ``pattern`` as a regular expression.</doc>
<status status="PASS" start="2024-06-01T23:15:39.731452" elapsed="0.000350"/>
</kw>
<kw name="Should Match Regexp" owner="BuiltIn">
<arg>${json_data['results'][0]['picture']['thumbnail']}</arg>
<arg>^https?://.*\.(?:png|jpe?g|gif|bmp)$</arg>
<doc>Fails if ``string`` does not match ``pattern`` as a regular expression.</doc>
<status status="PASS" start="2024-06-01T23:15:39.731994" elapsed="0.000366"/>
</kw>
<kw name="Log" owner="BuiltIn">
<msg time="2024-06-01T23:15:39.732871" level="INFO">{'large': 'https://randomuser.me/api/portraits/men/57.jpg', 'medium': 'https://randomuser.me/api/portraits/med/men/57.jpg', 'thumbnail': 'https://randomuser.me/api/portraits/thumb/men/57.jpg'}</msg>
<arg>${json_data['results'][0]['picture']}</arg>
<doc>Logs the given message with the given level.</doc>
<status status="PASS" start="2024-06-01T23:15:39.732545" elapsed="0.000368"/>
</kw>
<status status="PASS" start="2024-06-01T23:15:39.647601" elapsed="0.085587"/>
</kw>
<kw name="Teste de Tipos de Dados - Postcode" owner="random-user-service">
<kw name="GET On Session" owner="RequestsLibrary">
<msg time="2024-06-01T23:15:39.832399" level="INFO">GET Request : url=https://randomuser.me/api 
 path_url=/api 
 headers={'User-Agent': 'python-requests/2.32.3', 'Accept-Encoding': 'gzip, deflate', 'Accept': '*/*', 'Connection': 'keep-alive'} 
 body=None 
 </msg>
<msg time="2024-06-01T23:15:39.832503" level="INFO">GET Response : url=https://randomuser.me/api 
 status=200, reason=OK 
 headers={'Date': 'Sat, 01 Jun 2024 23:15:39 GMT', 'Content-Type': 'application/json; charset=utf-8', 'Transfer-Encoding': 'chunked', 'Connection': 'keep-alive', 'X-Powered-By': 'Express', 'Access-Control-Allow-Origin': '*', 'Cache-Control': 'no-cache', 'ETag': 'W/"4a4-ATOEkWrpPboEDrVlLr7yxi3hAVA"', 'Vary': 'Accept-Encoding', 'Content-Encoding': 'gzip', 'CF-Cache-Status': 'DYNAMIC', 'Report-To': '{"endpoints":[{"url":"https:\\/\\/a.nel.cloudflare.com\\/report\\/v4?s=OWVJ4E0PbJgZGBLBUTrM5WSGzfE%2BsF2oOVBXuNKkI8Z23fZPcHsyolBaJ8ySTscmlxAVujPeZmzl8qd2A%2BMPc6rbBoxvb0zQZsrqwB96ytTWfpvTu1Fk3Z7pk1%2BbeQ%2BI"}],"group":"cf-nel","max_age":604800}', 'NEL': '{"success_fraction":0,"report_to":"cf-nel","max_age":604800}', 'Server': 'cloudflare', 'CF-RAY': '88d2e82d5dce080c-IAD', 'alt-svc': 'h3=":443"; ma=86400'} 
 body={"results":[{"gender":"female","name":{"title":"Miss","first":"Traudl","last":"Landmann"},"location":{"street":{"number":9729,"name":"Uhlandstraße"},"city":"Warendorf","state":"Saarland","country":"Germany","postcode":70614,"coordinates":{"latitude":"-49.7825","longitude":"36.7570"},"timezone":{"offset":"-6:00","description":"Central Time (US &amp; Canada), Mexico City"}},"email":"traudl.landmann@example.com","login":{"uuid":"e803ffeb-a40e-4f48-ad25-386b5f64b2b2","username":"greenduck574","password":"billybob","salt":"sa69qF6Y","md5":"3587c5f40dcf2607a9565fe5393185bf","sha1":"284895f25a0c9126a32d716784fda35579e2ff63","sha256":"d44ec9c10648f960a75c1cc90a3eeb7bea83d1b43f933f45a635551400369a49"},"dob":{"date":"1968-03-10T08:51:58.854Z","age":56},"registered":{"date":"2016-11-12T16:27:28.108Z","age":7},"phone":"0942-7171413","cell":"0176-7977063","id":{"name":"SVNR","value":"70 100368 L 616"},"picture":{"large":"https://randomuser.me/api/portraits/women/32.jpg","medium":"https://randomuser.me/api/portraits/med/women/32.jpg","thumbnail":"https://randomuser.me/api/portraits/thumb/women/32.jpg"},"nat":"DE"}],"info":{"seed":"f86b8033a6e64e0f","results":1,"page":1,"version":"1.4"}} 
 </msg>
<msg time="2024-06-01T23:15:39.832598" level="INFO">/opt/hostedtoolcache/Python/3.12.3/x64/lib/python3.12/site-packages/urllib3/connectionpool.py:1103: InsecureRequestWarning: Unverified HTTPS request is being made to host 'randomuser.me'. Adding certificate verification is strongly advised. See: https://urllib3.readthedocs.io/en/latest/advanced-usage.html#tls-warnings
  warnings.warn(</msg>
<msg time="2024-06-01T23:15:39.832751" level="INFO">${response} = &lt;Response [200]&gt;</msg>
<var>${response}</var>
<arg>consultarAPI</arg>
<arg>/api</arg>
<doc>Sends a GET request on a previously created HTTP Session.</doc>
<status status="PASS" start="2024-06-01T23:15:39.733685" elapsed="0.099111"/>
</kw>
<kw name="Set Variable" owner="BuiltIn">
<msg time="2024-06-01T23:15:39.834013" level="INFO">${json_data} = {'results': [{'gender': 'female', 'name': {'title': 'Miss', 'first': 'Traudl', 'last': 'Landmann'}, 'location': {'street': {'number': 9729, 'name': 'Uhlandstraße'}, 'city': 'Warendorf', 'state': 'Saar...</msg>
<var>${json_data}</var>
<arg>${response.json()}</arg>
<doc>Returns the given values which can then be assigned to a variables.</doc>
<status status="PASS" start="2024-06-01T23:15:39.833408" elapsed="0.000634"/>
</kw>
<kw name="Log" owner="BuiltIn">
<msg time="2024-06-01T23:15:39.834591" level="INFO">{'results': [{'gender': 'female', 'name': {'title': 'Miss', 'first': 'Traudl', 'last': 'Landmann'}, 'location': {'street': {'number': 9729, 'name': 'Uhlandstraße'}, 'city': 'Warendorf', 'state': 'Saarland', 'country': 'Germany', 'postcode': 70614, 'coordinates': {'latitude': '-49.7825', 'longitude': '36.7570'}, 'timezone': {'offset': '-6:00', 'description': 'Central Time (US &amp; Canada), Mexico City'}}, 'email': 'traudl.landmann@example.com', 'login': {'uuid': 'e803ffeb-a40e-4f48-ad25-386b5f64b2b2', 'username': 'greenduck574', 'password': 'billybob', 'salt': 'sa69qF6Y', 'md5': '3587c5f40dcf2607a9565fe5393185bf', 'sha1': '284895f25a0c9126a32d716784fda35579e2ff63', 'sha256': 'd44ec9c10648f960a75c1cc90a3eeb7bea83d1b43f933f45a635551400369a49'}, 'dob': {'date': '1968-03-10T08:51:58.854Z', 'age': 56}, 'registered': {'date': '2016-11-12T16:27:28.108Z', 'age': 7}, 'phone': '0942-7171413', 'cell': '0176-7977063', 'id': {'name': 'SVNR', 'value': '70 100368 L 616'}, 'picture': {'large': 'https://randomuser.me/api/portraits/women/32.jpg', 'medium': 'https://randomuser.me/api/portraits/med/women/32.jpg', 'thumbnail': 'https://randomuser.me/api/portraits/thumb/women/32.jpg'}, 'nat': 'DE'}], 'info': {'seed': 'f86b8033a6e64e0f', 'results': 1, 'page': 1, 'version': '1.4'}}</msg>
<arg>${json_data}</arg>
<doc>Logs the given message with the given level.</doc>
<status status="PASS" start="2024-06-01T23:15:39.834412" elapsed="0.000269"/>
</kw>
<kw name="Should Be Equal As Numbers" owner="BuiltIn">
<arg>${json_data['results'][0]['location']['postcode']}</arg>
<arg>${json_data['results'][0]['location']['postcode']}</arg>
<doc>Fails if objects are unequal after converting them to real numbers.</doc>
<status status="PASS" start="2024-06-01T23:15:39.835010" elapsed="0.000652"/>
</kw>
<kw name="Log" owner="BuiltIn">
<msg time="2024-06-01T23:15:39.836205" level="INFO">70614</msg>
<arg>${json_data['results'][0]['location']['postcode']}</arg>
<doc>Logs the given message with the given level.</doc>
<status status="PASS" start="2024-06-01T23:15:39.835860" elapsed="0.000386"/>
</kw>
<status status="PASS" start="2024-06-01T23:15:39.733421" elapsed="0.103094"/>
</kw>
<doc>Testa se os tipos de dados na resposta da API estão corretos.</doc>
<tag>testeTiposDados</tag>
<status status="PASS" start="2024-06-01T23:15:39.647026" elapsed="0.189664"/>
</test>
<test id="s1-s1-t5" name="Validar conteudo" line="35">
<kw name="Teste de Tipos de Conteudo" owner="random-user-service">
<kw name="GET On Session" owner="RequestsLibrary">
<msg time="2024-06-01T23:15:39.923602" level="INFO">GET Request : url=https://randomuser.me/api 
 path_url=/api 
 headers={'User-Agent': 'python-requests/2.32.3', 'Accept-Encoding': 'gzip, deflate', 'Accept': '*/*', 'Connection': 'keep-alive'} 
 body=None 
 </msg>
<msg time="2024-06-01T23:15:39.923700" level="INFO">GET Response : url=https://randomuser.me/api 
 status=200, reason=OK 
 headers={'Date': 'Sat, 01 Jun 2024 23:15:39 GMT', 'Content-Type': 'application/json; charset=utf-8', 'Transfer-Encoding': 'chunked', 'Connection': 'keep-alive', 'X-Powered-By': 'Express', 'Access-Control-Allow-Origin': '*', 'Cache-Control': 'no-cache', 'ETag': 'W/"478-YoWrPyCjQk9R9I9G2hUyFSmANW0"', 'Vary': 'Accept-Encoding', 'Content-Encoding': 'gzip', 'CF-Cache-Status': 'DYNAMIC', 'Report-To': '{"endpoints":[{"url":"https:\\/\\/a.nel.cloudflare.com\\/report\\/v4?s=FHvfF7S2rbItgbv53tQgutFW1lS0ODpLyMo60N8ECTF%2FO%2Ftn17PoMR2FEtJlaLL16VhClRR%2FGh2eDAqIBnsDsMTK24%2Fvz2qBVCC0Qs9wPlK8Gizw3OThihzCKwyXEC8O"}],"group":"cf-nel","max_age":604800}', 'NEL': '{"success_fraction":0,"report_to":"cf-nel","max_age":604800}', 'Server': 'cloudflare', 'CF-RAY': '88d2e82e0ec6080c-IAD', 'alt-svc': 'h3=":443"; ma=86400'} 
 body={"results":[{"gender":"male","name":{"title":"Mr","first":"Sudislav","last":"Ratushnyak"},"location":{"street":{"number":7748,"name":"Parovozna"},"city":"Svyatogirsk","state":"Cherkaska","country":"Ukraine","postcode":17374,"coordinates":{"latitude":"76.0310","longitude":"-139.8091"},"timezone":{"offset":"+5:45","description":"Kathmandu"}},"email":"sudislav.ratushnyak@example.com","login":{"uuid":"dbbcace1-2f6d-445b-9d46-c0f3a1cc35ab","username":"browngorilla780","password":"smokes","salt":"l7y1swUJ","md5":"653c89b53cc8198c0bfe8aed57287028","sha1":"6a43259dc258a404db12bcc2b6f94d8468b949e8","sha256":"848b0aca5fb8aef2626e9e89ed5298fed4f9ff31c9635b682746a7773b92484e"},"dob":{"date":"1948-03-11T11:46:58.627Z","age":76},"registered":{"date":"2022-02-02T11:34:23.551Z","age":2},"phone":"(097) C77-2366","cell":"(097) M26-7870","id":{"name":"","value":null},"picture":{"large":"https://randomuser.me/api/portraits/men/23.jpg","medium":"https://randomuser.me/api/portraits/med/men/23.jpg","thumbnail":"https://randomuser.me/api/portraits/thumb/men/23.jpg"},"nat":"UA"}],"info":{"seed":"3b3c78dcf1dedad2","results":1,"page":1,"version":"1.4"}} 
 </msg>
<msg time="2024-06-01T23:15:39.923768" level="INFO">/opt/hostedtoolcache/Python/3.12.3/x64/lib/python3.12/site-packages/urllib3/connectionpool.py:1103: InsecureRequestWarning: Unverified HTTPS request is being made to host 'randomuser.me'. Adding certificate verification is strongly advised. See: https://urllib3.readthedocs.io/en/latest/advanced-usage.html#tls-warnings
  warnings.warn(</msg>
<msg time="2024-06-01T23:15:39.923882" level="INFO">${response} = &lt;Response [200]&gt;</msg>
<var>${response}</var>
<arg>consultarAPI</arg>
<arg>/api</arg>
<doc>Sends a GET request on a previously created HTTP Session.</doc>
<status status="PASS" start="2024-06-01T23:15:39.839229" elapsed="0.084680"/>
</kw>
<kw name="Set Variable" owner="BuiltIn">
<msg time="2024-06-01T23:15:39.924981" level="INFO">${json_data} = {'results': [{'gender': 'male', 'name': {'title': 'Mr', 'first': 'Sudislav', 'last': 'Ratushnyak'}, 'location': {'street': {'number': 7748, 'name': 'Parovozna'}, 'city': 'Svyatogirsk', 'state': 'Cherk...</msg>
<var>${json_data}</var>
<arg>${response.json()}</arg>
<doc>Returns the given values which can then be assigned to a variables.</doc>
<status status="PASS" start="2024-06-01T23:15:39.924463" elapsed="0.000548"/>
</kw>
<kw name="Set Variable" owner="BuiltIn">
<msg time="2024-06-01T23:15:39.925755" level="INFO">${name_title} = Mr</msg>
<var>${name_title}</var>
<arg>${json_data["results"][0]["name"]["title"]}</arg>
<doc>Returns the given values which can then be assigned to a variables.</doc>
<status status="PASS" start="2024-06-01T23:15:39.925317" elapsed="0.000468"/>
</kw>
<kw name="Create List" owner="BuiltIn">
<msg time="2024-06-01T23:15:39.926238" level="INFO">${allowed_titles} = ['Mr', 'Ms', 'Miss', 'Mrs', 'Madame', 'Monsieur']</msg>
<var>${allowed_titles}</var>
<arg>Mr</arg>
<arg>Ms</arg>
<arg>Miss</arg>
<arg>Mrs</arg>
<arg>Madame</arg>
<arg>Monsieur</arg>
<doc>Returns a list containing given items.</doc>
<status status="PASS" start="2024-06-01T23:15:39.926088" elapsed="0.000174"/>
</kw>
<kw name="List Should Contain Value" owner="Collections">
<msg time="2024-06-01T23:15:39.926744" level="INFO">False</msg>
<arg>${allowed_titles}</arg>
<arg>${name_title}</arg>
<doc>Fails if the ``value`` is not found from ``list``.</doc>
<status status="PASS" start="2024-06-01T23:15:39.926569" elapsed="0.000211"/>
</kw>
<kw name="Set Variable" owner="BuiltIn">
<msg time="2024-06-01T23:15:39.927454" level="INFO">${name_country} = UA</msg>
<var>${name_country}</var>
<arg>${json_data["results"][0]["nat"]}</arg>
<doc>Returns the given values which can then be assigned to a variables.</doc>
<status status="PASS" start="2024-06-01T23:15:39.927068" elapsed="0.000411"/>
</kw>
<kw name="Create List" owner="BuiltIn">
<msg time="2024-06-01T23:15:39.928376" level="INFO">${list_country} = ['AD', 'AE', 'AF', 'AG', 'AI', 'AL', 'AM', 'AO', 'AQ', 'AR', 'AS', 'AT', 'AU', 'AW', 'AX', 'AZ', 'BA', 'BB', 'BD', 'BE', 'BF', 'BG', 'BH', 'BI', 'BJ', 'BL', 'BM', 'BN', 'BO', 'BQ', 'BR', 'BS', 'BT', '...</msg>
<var>${list_country}</var>
<arg>AD</arg>
<arg>AE</arg>
<arg>AF</arg>
<arg>AG</arg>
<arg>AI</arg>
<arg>AL</arg>
<arg>AM</arg>
<arg>AO</arg>
<arg>AQ</arg>
<arg>AR</arg>
<arg>AS</arg>
<arg>AT</arg>
<arg>AU</arg>
<arg>AW</arg>
<arg>AX</arg>
<arg>AZ</arg>
<arg>BA</arg>
<arg>BB</arg>
<arg>BD</arg>
<arg>BE</arg>
<arg>BF</arg>
<arg>BG</arg>
<arg>BH</arg>
<arg>BI</arg>
<arg>BJ</arg>
<arg>BL</arg>
<arg>BM</arg>
<arg>BN</arg>
<arg>BO</arg>
<arg>BQ</arg>
<arg>BR</arg>
<arg>BS</arg>
<arg>BT</arg>
<arg>BV</arg>
<arg>BW</arg>
<arg>BY</arg>
<arg>BZ</arg>
<arg>CA</arg>
<arg>CC</arg>
<arg>CD</arg>
<arg>CF</arg>
<arg>CG</arg>
<arg>CH</arg>
<arg>CI</arg>
<arg>CK</arg>
<arg>CL</arg>
<arg>CM</arg>
<arg>CN</arg>
<arg>CO</arg>
<arg>CR</arg>
<arg>CU</arg>
<arg>CV</arg>
<arg>CW</arg>
<arg>CX</arg>
<arg>CY</arg>
<arg>CZ</arg>
<arg>DE</arg>
<arg>DJ</arg>
<arg>DK</arg>
<arg>DM</arg>
<arg>DO</arg>
<arg>DZ</arg>
<arg>EC</arg>
<arg>EE</arg>
<arg>EG</arg>
<arg>EH</arg>
<arg>ER</arg>
<arg>ES</arg>
<arg>ET</arg>
<arg>FI</arg>
<arg>FJ</arg>
<arg>FK</arg>
<arg>FM</arg>
<arg>FO</arg>
<arg>FR</arg>
<arg>GA</arg>
<arg>GB</arg>
<arg>GD</arg>
<arg>GE</arg>
<arg>GF</arg>
<arg>GG</arg>
<arg>GH</arg>
<arg>GI</arg>
<arg>GL</arg>
<arg>GM</arg>
<arg>GN</arg>
<arg>GP</arg>
<arg>GQ</arg>
<arg>GR</arg>
<arg>GS</arg>
<arg>GT</arg>
<arg>GU</arg>
<arg>GW</arg>
<arg>GY</arg>
<arg>HK</arg>
<arg>HM</arg>
<arg>HN</arg>
<arg>HR</arg>
<arg>HT</arg>
<arg>HU</arg>
<arg>ID</arg>
<arg>IE</arg>
<arg>IL</arg>
<arg>IM</arg>
<arg>IN</arg>
<arg>IO</arg>
<arg>IQ</arg>
<arg>IR</arg>
<arg>IS</arg>
<arg>IT</arg>
<arg>JE</arg>
<arg>JM</arg>
<arg>JO</arg>
<arg>JP</arg>
<arg>KE</arg>
<arg>KG</arg>
<arg>KH</arg>
<arg>KI</arg>
<arg>KM</arg>
<arg>KN</arg>
<arg>KP</arg>
<arg>KR</arg>
<arg>KW</arg>
<arg>KY</arg>
<arg>KZ</arg>
<arg>LA</arg>
<arg>LB</arg>
<arg>LC</arg>
<arg>LI</arg>
<arg>LK</arg>
<arg>LR</arg>
<arg>LS</arg>
<arg>LT</arg>
<arg>LU</arg>
<arg>LV</arg>
<arg>LY</arg>
<arg>MA</arg>
<arg>MC</arg>
<arg>MD</arg>
<arg>ME</arg>
<arg>MF</arg>
<arg>MG</arg>
<arg>MH</arg>
<arg>MK</arg>
<arg>ML</arg>
<arg>MM</arg>
<arg>MN</arg>
<arg>MO</arg>
<arg>MP</arg>
<arg>MQ</arg>
<arg>MR</arg>
<arg>MS</arg>
<arg>MT</arg>
<arg>MU</arg>
<arg>MV</arg>
<arg>MW</arg>
<arg>MX</arg>
<arg>MY</arg>
<arg>MZ</arg>
<arg>NA</arg>
<arg>NC</arg>
<arg>NE</arg>
<arg>NF</arg>
<arg>NG</arg>
<arg>NI</arg>
<arg>NL</arg>
<arg>NO</arg>
<arg>NP</arg>
<arg>NR</arg>
<arg>NU</arg>
<arg>NZ</arg>
<arg>OM</arg>
<arg>PA</arg>
<arg>PE</arg>
<arg>PF</arg>
<arg>PG</arg>
<arg>PH</arg>
<arg>PK</arg>
<arg>PL</arg>
<arg>PM</arg>
<arg>PN</arg>
<arg>PR</arg>
<arg>PS</arg>
<arg>PT</arg>
<arg>PW</arg>
<arg>PY</arg>
<arg>QA</arg>
<arg>RE</arg>
<arg>RO</arg>
<arg>RS</arg>
<arg>RU</arg>
<arg>RW</arg>
<arg>SA</arg>
<arg>SB</arg>
<arg>SC</arg>
<arg>SD</arg>
<arg>SE</arg>
<arg>SG</arg>
<arg>SH</arg>
<arg>SI</arg>
<arg>SJ</arg>
<arg>SK</arg>
<arg>SL</arg>
<arg>SM</arg>
<arg>SN</arg>
<arg>SO</arg>
<arg>SR</arg>
<arg>SS</arg>
<arg>ST</arg>
<arg>SV</arg>
<arg>SX</arg>
<arg>SY</arg>
<arg>SZ</arg>
<arg>TC</arg>
<arg>TD</arg>
<arg>TF</arg>
<arg>TG</arg>
<arg>TH</arg>
<arg>TJ</arg>
<arg>TK</arg>
<arg>TL</arg>
<arg>TM</arg>
<arg>TN</arg>
<arg>TO</arg>
<arg>TR</arg>
<arg>TT</arg>
<arg>TV</arg>
<arg>TW</arg>
<arg>TZ</arg>
<arg>UA</arg>
<arg>UG</arg>
<arg>UM</arg>
<arg>US</arg>
<arg>UY</arg>
<arg>UZ</arg>
<arg>VA</arg>
<arg>VC</arg>
<arg>VE</arg>
<arg>VG</arg>
<arg>VI</arg>
<arg>VN</arg>
<arg>VU</arg>
<arg>WF</arg>
<arg>WS</arg>
<arg>XK</arg>
<arg>YE</arg>
<arg>YT</arg>
<arg>ZA</arg>
<arg>ZM</arg>
<arg>ZW</arg>
<doc>Returns a list containing given items.</doc>
<status status="PASS" start="2024-06-01T23:15:39.927782" elapsed="0.000619"/>
</kw>
<kw name="List Should Contain Value" owner="Collections">
<msg time="2024-06-01T23:15:39.929395" level="INFO">False</msg>
<arg>${list_country}</arg>
<arg>${name_country}</arg>
<doc>Fails if the ``value`` is not found from ``list``.</doc>
<status status="PASS" start="2024-06-01T23:15:39.929189" elapsed="0.000242"/>
</kw>
<kw name="Run Keyword If" owner="BuiltIn">
<kw name="Should Be True" owner="BuiltIn">
<arg>${True}</arg>
<doc>Fails if the given condition is not true.</doc>
<status status="PASS" start="2024-06-01T23:15:39.930684" elapsed="0.000147"/>
</kw>
<arg>${json_data["results"][0]["location"]["coordinates"]["latitude"]} &gt;= -90 and ${json_data["results"][0]["location"]["coordinates"]["latitude"]} &lt;= 90</arg>
<arg>Should Be True</arg>
<arg>${True}</arg>
<doc>Runs the given keyword with the given arguments, if ``condition`` is true.</doc>
<status status="PASS" start="2024-06-01T23:15:39.929766" elapsed="0.001194"/>
</kw>
<kw name="Run Keyword If" owner="BuiltIn">
<kw name="Should Be True" owner="BuiltIn">
<arg>${True}</arg>
<doc>Fails if the given condition is not true.</doc>
<status status="PASS" start="2024-06-01T23:15:39.931864" elapsed="0.000140"/>
</kw>
<arg>${json_data["results"][0]["location"]["coordinates"]["longitude"]} &gt;= -180 and ${json_data["results"][0]["location"]["coordinates"]["longitude"]} &lt;= 180</arg>
<arg>Should Be True</arg>
<arg>${True}</arg>
<doc>Runs the given keyword with the given arguments, if ``condition`` is true.</doc>
<status status="PASS" start="2024-06-01T23:15:39.931156" elapsed="0.000972"/>
</kw>
<status status="PASS" start="2024-06-01T23:15:39.838991" elapsed="0.093271"/>
</kw>
<doc>Testa o conteúdo específico dos campos retornados pela API.</doc>
<tag>testeConteudo</tag>
<status status="PASS" start="2024-06-01T23:15:39.838473" elapsed="0.093943"/>
</test>
<status status="PASS" start="2024-06-01T23:15:38.992199" elapsed="0.942275"/>
</suite>
<status status="PASS" start="2024-06-01T23:15:38.978523" elapsed="0.961234"/>
</suite>
<statistics>
<total>
<stat pass="5" fail="0" skip="0">All Tests</stat>
</total>
<tag>
<stat pass="1" fail="0" skip="0">testeConteudo</stat>
<stat pass="1" fail="0" skip="0">testeEstruturaResposta</stat>
<stat pass="1" fail="0" skip="0">testeRequisicaoBasica</stat>
<stat pass="1" fail="0" skip="0">testeTiposDados</stat>
</tag>
<suite>
<stat pass="5" fail="0" skip="0" id="s1" name="Tests">Tests</stat>
<stat pass="5" fail="0" skip="0" id="s1-s1" name="Random-User-Test">Tests.Random-User-Test</stat>
</suite>
</statistics>
<errors>
</errors>
</robot>
