<?xml version="1.0" encoding="UTF-8"?>
<robot generator="Robot 7.0 (Python 3.12.3 on linux)" generated="2024-05-28T21:14:42.294599" rpa="false" schemaversion="5">
<suite id="s1" name="Tests" source="/home/runner/work/ApiRandomUser/ApiRandomUser/RamdonUser/tests">
<suite id="s1-s1" name="Random-User-Test" source="/home/runner/work/ApiRandomUser/ApiRandomUser/RamdonUser/tests/random-user-test.robot">
<test id="s1-s1-t1" name="Conectar" line="13">
<kw name="Conectar API" owner="random-user-service">
<kw name="Create Session" owner="RequestsLibrary">
<msg time="2024-05-28T21:14:42.689769" level="INFO">Creating Session using : alias=consultarAPI, url=https://randomuser.me/, headers={},                     cookies={}, auth=None, timeout=None, proxies=None, verify=False,                     debug=0 </msg>
<arg>consultarAPI</arg>
<arg>${URL}</arg>
<doc>Create Session: create a HTTP session to a server</doc>
<status status="PASS" start="2024-05-28T21:14:42.689570" elapsed="0.000371"/>
</kw>
<status status="PASS" start="2024-05-28T21:14:42.688550" elapsed="0.001743"/>
</kw>
<status status="PASS" start="2024-05-28T21:14:42.687958" elapsed="0.002526"/>
</test>
<test id="s1-s1-t2" name="Validar retorno 200 e JSON Válido" line="16">
<kw name="Teste de Requisicao Basica" owner="random-user-service">
<kw name="GET On Session" owner="RequestsLibrary">
<msg time="2024-05-28T21:14:42.948607" level="INFO">GET Request : url=https://randomuser.me/api 
 path_url=/api 
 headers={'User-Agent': 'python-requests/2.32.2', 'Accept-Encoding': 'gzip, deflate', 'Accept': '*/*', 'Connection': 'keep-alive'} 
 body=None 
 </msg>
<msg time="2024-05-28T21:14:42.948777" level="INFO">GET Response : url=https://randomuser.me/api 
 status=200, reason=OK 
 headers={'Date': 'Tue, 28 May 2024 21:14:42 GMT', 'Content-Type': 'application/json; charset=utf-8', 'Transfer-Encoding': 'chunked', 'Connection': 'keep-alive', 'X-Powered-By': 'Express', 'Access-Control-Allow-Origin': '*', 'Cache-Control': 'no-cache', 'ETag': 'W/"476-FzAAaIViG8SJVxDFLjHdf83ULOM"', 'Vary': 'Accept-Encoding', 'Content-Encoding': 'gzip', 'CF-Cache-Status': 'DYNAMIC', 'Report-To': '{"endpoints":[{"url":"https:\\/\\/a.nel.cloudflare.com\\/report\\/v4?s=rHHFY8AgWVY7%2BxUCO2%2FUhW8vtKq0b7%2BrHOvdvD7hv6G1l0zzJZaGXcsD243FgqwF2HGmc%2BeQeyKGuJ%2F4HzP0PzG8cYM90N5iCv%2FnSERwwKOAK9FB%2FWG4hS9J7GWmZtJU"}],"group":"cf-nel","max_age":604800}', 'NEL': '{"success_fraction":0,"report_to":"cf-nel","max_age":604800}', 'Server': 'cloudflare', 'CF-RAY': '88b141820ac549ef-ORD', 'alt-svc': 'h3=":443"; ma=86400'} 
 body={"results":[{"gender":"female","name":{"title":"Miss","first":"Signe","last":"Hansen"},"location":{"street":{"number":8847,"name":"Heimdalsvej"},"city":"Ugerløse","state":"Nordjylland","country":"Denmark","postcode":89847,"coordinates":{"latitude":"-43.6166","longitude":"161.1066"},"timezone":{"offset":"-2:00","description":"Mid-Atlantic"}},"email":"signe.hansen@example.com","login":{"uuid":"d236e4ea-ecfe-439e-9337-74e136e4c2c4","username":"lazykoala345","password":"chong","salt":"X06mM32p","md5":"bb18962eca3dfb75cdaf7d8826ca24ae","sha1":"6c19e97a9d2b7bb0197faa6b6e3af95d464172a8","sha256":"fd5bbf1007c21a3a41cf1464a41e43290da4fb05bf7533228846e3a57c2f22a9"},"dob":{"date":"1996-12-10T00:43:21.027Z","age":27},"registered":{"date":"2004-07-09T09:52:47.584Z","age":19},"phone":"48371724","cell":"32657905","id":{"name":"CPR","value":"091296-2464"},"picture":{"large":"https://randomuser.me/api/portraits/women/22.jpg","medium":"https://randomuser.me/api/portraits/med/women/22.jpg","thumbnail":"https://randomuser.me/api/portraits/thumb/women/22.jpg"},"nat":"DK"}],"info":{"seed":"703ef2956b230da9","results":1,"page":1,"version":"1.4"}} 
 </msg>
<msg time="2024-05-28T21:14:42.948875" level="INFO">/opt/hostedtoolcache/Python/3.12.3/x64/lib/python3.12/site-packages/urllib3/connectionpool.py:1103: InsecureRequestWarning: Unverified HTTPS request is being made to host 'randomuser.me'. Adding certificate verification is strongly advised. See: https://urllib3.readthedocs.io/en/latest/advanced-usage.html#tls-warnings
  warnings.warn(</msg>
<msg time="2024-05-28T21:14:42.949041" level="INFO">${response} = &lt;Response [200]&gt;</msg>
<var>${response}</var>
<arg>consultarAPI</arg>
<arg>/api</arg>
<doc>Sends a GET request on a previously created HTTP Session.</doc>
<status status="PASS" start="2024-05-28T21:14:42.693163" elapsed="0.255929"/>
</kw>
<kw name="Should Be Equal As Numbers" owner="BuiltIn">
<msg time="2024-05-28T21:14:42.950223" level="INFO">Argument types are:
&lt;class 'int'&gt;
&lt;class 'str'&gt;</msg>
<arg>${response.status_code}</arg>
<arg>200</arg>
<doc>Fails if objects are unequal after converting them to real numbers.</doc>
<status status="PASS" start="2024-05-28T21:14:42.949731" elapsed="0.000559"/>
</kw>
<kw name="Log" owner="BuiltIn">
<msg time="2024-05-28T21:14:42.950973" level="INFO">200</msg>
<arg>${response.status_code}</arg>
<doc>Logs the given message with the given level.</doc>
<status status="PASS" start="2024-05-28T21:14:42.950628" elapsed="0.000394"/>
</kw>
<kw name="Set Variable" owner="BuiltIn">
<msg time="2024-05-28T21:14:42.951853" level="INFO">${json_data} = {'results': [{'gender': 'female', 'name': {'title': 'Miss', 'first': 'Signe', 'last': 'Hansen'}, 'location': {'street': {'number': 8847, 'name': 'Heimdalsvej'}, 'city': 'Ugerløse', 'state': 'Nordjylla...</msg>
<var>${json_data}</var>
<arg>${response.json()}</arg>
<doc>Returns the given values which can then be assigned to a variables.</doc>
<status status="PASS" start="2024-05-28T21:14:42.951407" elapsed="0.000476"/>
</kw>
<kw name="Dictionary Should Contain Key" owner="Collections">
<msg time="2024-05-28T21:14:42.952362" level="INFO">False</msg>
<arg>${json_data}</arg>
<arg>results</arg>
<doc>Fails if ``key`` is not found from ``dictionary``.</doc>
<status status="PASS" start="2024-05-28T21:14:42.952190" elapsed="0.000368"/>
</kw>
<status status="PASS" start="2024-05-28T21:14:42.692920" elapsed="0.259911"/>
</kw>
<doc>Testa se a API responde corretamente e retorna um objeto JSON válido.</doc>
<tag>testeRequisicaoBasica</tag>
<status status="PASS" start="2024-05-28T21:14:42.692394" elapsed="0.260620"/>
</test>
<test id="s1-s1-t3" name="Validar estrutura de resposta" line="22">
<kw name="Teste de Estrutura de Resposta" owner="random-user-service">
<kw name="GET On Session" owner="RequestsLibrary">
<msg time="2024-05-28T21:14:43.053256" level="INFO">GET Request : url=https://randomuser.me/api 
 path_url=/api 
 headers={'User-Agent': 'python-requests/2.32.2', 'Accept-Encoding': 'gzip, deflate', 'Accept': '*/*', 'Connection': 'keep-alive'} 
 body=None 
 </msg>
<msg time="2024-05-28T21:14:43.053327" level="INFO">GET Response : url=https://randomuser.me/api 
 status=200, reason=OK 
 headers={'Date': 'Tue, 28 May 2024 21:14:43 GMT', 'Content-Type': 'application/json; charset=utf-8', 'Transfer-Encoding': 'chunked', 'Connection': 'keep-alive', 'X-Powered-By': 'Express', 'Access-Control-Allow-Origin': '*', 'Cache-Control': 'no-cache', 'ETag': 'W/"477-eqkI+VkjYxakJqyJQadt/OmhQgo"', 'Vary': 'Accept-Encoding', 'Content-Encoding': 'gzip', 'CF-Cache-Status': 'DYNAMIC', 'Report-To': '{"endpoints":[{"url":"https:\\/\\/a.nel.cloudflare.com\\/report\\/v4?s=e4u%2BTKRxwxC3%2B1y0azY5TflmQhTYT7MeZH%2BsztZ6MBEVt%2BXO8b%2FsCpLqlGSTlfcAZp1%2Fgh8XTDXJHCnMFQ7JxCpfvvIbuQiPpCVqUKjpOOmugCr628N%2B9mG0UYKrXJzu"}],"group":"cf-nel","max_age":604800}', 'NEL': '{"success_fraction":0,"report_to":"cf-nel","max_age":604800}', 'Server': 'cloudflare', 'CF-RAY': '88b141827b3649ef-ORD', 'alt-svc': 'h3=":443"; ma=86400'} 
 body={"results":[{"gender":"female","name":{"title":"Ms","first":"Lidija","last":"Frick"},"location":{"street":{"number":2235,"name":"Im Winkel"},"city":"Monheim","state":"Bayern","country":"Germany","postcode":99403,"coordinates":{"latitude":"-53.2583","longitude":"8.2185"},"timezone":{"offset":"-3:30","description":"Newfoundland"}},"email":"lidija.frick@example.com","login":{"uuid":"93d43691-f4c4-4f04-a6e8-f9476bb0f04f","username":"orangezebra650","password":"this","salt":"pVp7drkz","md5":"369b126ce809d2d56f3cdf66f000a94f","sha1":"1c87346c2d9441b7a38ca900a6578561d97e9246","sha256":"a1621827b4926bbe55da370be63d1e56c669d156dfa4c24317f183a2819205ee"},"dob":{"date":"1960-04-05T03:33:12.849Z","age":64},"registered":{"date":"2012-02-19T10:54:41.453Z","age":12},"phone":"0760-9029352","cell":"0170-9927374","id":{"name":"SVNR","value":"76 040460 F 817"},"picture":{"large":"https://randomuser.me/api/portraits/women/41.jpg","medium":"https://randomuser.me/api/portraits/med/women/41.jpg","thumbnail":"https://randomuser.me/api/portraits/thumb/women/41.jpg"},"nat":"DE"}],"info":{"seed":"3a50b283ea265cc6","results":1,"page":1,"version":"1.4"}} 
 </msg>
<msg time="2024-05-28T21:14:43.053420" level="INFO">/opt/hostedtoolcache/Python/3.12.3/x64/lib/python3.12/site-packages/urllib3/connectionpool.py:1103: InsecureRequestWarning: Unverified HTTPS request is being made to host 'randomuser.me'. Adding certificate verification is strongly advised. See: https://urllib3.readthedocs.io/en/latest/advanced-usage.html#tls-warnings
  warnings.warn(</msg>
<msg time="2024-05-28T21:14:43.053511" level="INFO">${response} = &lt;Response [200]&gt;</msg>
<var>${response}</var>
<arg>consultarAPI</arg>
<arg>/api</arg>
<doc>Sends a GET request on a previously created HTTP Session.</doc>
<status status="PASS" start="2024-05-28T21:14:42.955728" elapsed="0.097819"/>
</kw>
<kw name="Set Variable" owner="BuiltIn">
<msg time="2024-05-28T21:14:43.054371" level="INFO">${json_data} = {'results': [{'gender': 'female', 'name': {'title': 'Ms', 'first': 'Lidija', 'last': 'Frick'}, 'location': {'street': {'number': 2235, 'name': 'Im Winkel'}, 'city': 'Monheim', 'state': 'Bayern', 'coun...</msg>
<var>${json_data}</var>
<arg>${response.json()}</arg>
<doc>Returns the given values which can then be assigned to a variables.</doc>
<status status="PASS" start="2024-05-28T21:14:43.053921" elapsed="0.000480"/>
</kw>
<kw name="Log" owner="BuiltIn">
<msg time="2024-05-28T21:14:43.054866" level="INFO">{'results': [{'gender': 'female', 'name': {'title': 'Ms', 'first': 'Lidija', 'last': 'Frick'}, 'location': {'street': {'number': 2235, 'name': 'Im Winkel'}, 'city': 'Monheim', 'state': 'Bayern', 'country': 'Germany', 'postcode': 99403, 'coordinates': {'latitude': '-53.2583', 'longitude': '8.2185'}, 'timezone': {'offset': '-3:30', 'description': 'Newfoundland'}}, 'email': 'lidija.frick@example.com', 'login': {'uuid': '93d43691-f4c4-4f04-a6e8-f9476bb0f04f', 'username': 'orangezebra650', 'password': 'this', 'salt': 'pVp7drkz', 'md5': '369b126ce809d2d56f3cdf66f000a94f', 'sha1': '1c87346c2d9441b7a38ca900a6578561d97e9246', 'sha256': 'a1621827b4926bbe55da370be63d1e56c669d156dfa4c24317f183a2819205ee'}, 'dob': {'date': '1960-04-05T03:33:12.849Z', 'age': 64}, 'registered': {'date': '2012-02-19T10:54:41.453Z', 'age': 12}, 'phone': '0760-9029352', 'cell': '0170-9927374', 'id': {'name': 'SVNR', 'value': '76 040460 F 817'}, 'picture': {'large': 'https://randomuser.me/api/portraits/women/41.jpg', 'medium': 'https://randomuser.me/api/portraits/med/women/41.jpg', 'thumbnail': 'https://randomuser.me/api/portraits/thumb/women/41.jpg'}, 'nat': 'DE'}], 'info': {'seed': '3a50b283ea265cc6', 'results': 1, 'page': 1, 'version': '1.4'}}</msg>
<arg>${json_data}</arg>
<doc>Logs the given message with the given level.</doc>
<status status="PASS" start="2024-05-28T21:14:43.054709" elapsed="0.000202"/>
</kw>
<kw name="Dictionary Should Contain Key" owner="Collections">
<msg time="2024-05-28T21:14:43.055406" level="INFO">False</msg>
<arg>${json_data}</arg>
<arg>results</arg>
<doc>Fails if ``key`` is not found from ``dictionary``.</doc>
<status status="PASS" start="2024-05-28T21:14:43.055252" elapsed="0.000196"/>
</kw>
<kw name="Should Not Be Empty" owner="BuiltIn">
<msg time="2024-05-28T21:14:43.055870" level="INFO">Length is 2.</msg>
<arg>${json_data}</arg>
<doc>Verifies that the given item is not empty.</doc>
<status status="PASS" start="2024-05-28T21:14:43.055741" elapsed="0.000166"/>
</kw>
<kw name="Create List" owner="BuiltIn">
<msg time="2024-05-28T21:14:43.056343" level="INFO">${expected_keys} = ['gender', 'name', 'location', 'email', 'login']</msg>
<var>${expected_keys}</var>
<arg>gender</arg>
<arg>name</arg>
<arg>location</arg>
<arg>email</arg>
<arg>login</arg>
<doc>Returns a list containing given items.</doc>
<status status="PASS" start="2024-05-28T21:14:43.056198" elapsed="0.000168"/>
</kw>
<for flavor="IN">
<iter>
<kw name="Dictionary Should Contain Key" owner="Collections">
<msg time="2024-05-28T21:14:43.057331" level="INFO">False</msg>
<arg>${json_data['results'][0]}</arg>
<arg>${key}</arg>
<doc>Fails if ``key`` is not found from ``dictionary``.</doc>
<status status="PASS" start="2024-05-28T21:14:43.056925" elapsed="0.000445"/>
</kw>
<kw name="Log" owner="BuiltIn">
<msg time="2024-05-28T21:14:43.058022" level="INFO">{'gender': 'female', 'name': {'title': 'Ms', 'first': 'Lidija', 'last': 'Frick'}, 'location': {'street': {'number': 2235, 'name': 'Im Winkel'}, 'city': 'Monheim', 'state': 'Bayern', 'country': 'Germany', 'postcode': 99403, 'coordinates': {'latitude': '-53.2583', 'longitude': '8.2185'}, 'timezone': {'offset': '-3:30', 'description': 'Newfoundland'}}, 'email': 'lidija.frick@example.com', 'login': {'uuid': '93d43691-f4c4-4f04-a6e8-f9476bb0f04f', 'username': 'orangezebra650', 'password': 'this', 'salt': 'pVp7drkz', 'md5': '369b126ce809d2d56f3cdf66f000a94f', 'sha1': '1c87346c2d9441b7a38ca900a6578561d97e9246', 'sha256': 'a1621827b4926bbe55da370be63d1e56c669d156dfa4c24317f183a2819205ee'}, 'dob': {'date': '1960-04-05T03:33:12.849Z', 'age': 64}, 'registered': {'date': '2012-02-19T10:54:41.453Z', 'age': 12}, 'phone': '0760-9029352', 'cell': '0170-9927374', 'id': {'name': 'SVNR', 'value': '76 040460 F 817'}, 'picture': {'large': 'https://randomuser.me/api/portraits/women/41.jpg', 'medium': 'https://randomuser.me/api/portraits/med/women/41.jpg', 'thumbnail': 'https://randomuser.me/api/portraits/thumb/women/41.jpg'}, 'nat': 'DE'}</msg>
<arg>${json_data['results'][0]}</arg>
<doc>Logs the given message with the given level.</doc>
<status status="PASS" start="2024-05-28T21:14:43.057665" elapsed="0.000405"/>
</kw>
<kw name="Log" owner="BuiltIn">
<msg time="2024-05-28T21:14:43.058490" level="INFO">gender</msg>
<arg>${key}</arg>
<doc>Logs the given message with the given level.</doc>
<status status="PASS" start="2024-05-28T21:14:43.058363" elapsed="0.000163"/>
</kw>
<var name="${key}">gender</var>
<status status="PASS" start="2024-05-28T21:14:43.056804" elapsed="0.001932"/>
</iter>
<iter>
<kw name="Dictionary Should Contain Key" owner="Collections">
<msg time="2024-05-28T21:14:43.059437" level="INFO">False</msg>
<arg>${json_data['results'][0]}</arg>
<arg>${key}</arg>
<doc>Fails if ``key`` is not found from ``dictionary``.</doc>
<status status="PASS" start="2024-05-28T21:14:43.059027" elapsed="0.000447"/>
</kw>
<kw name="Log" owner="BuiltIn">
<msg time="2024-05-28T21:14:43.060155" level="INFO">{'gender': 'female', 'name': {'title': 'Ms', 'first': 'Lidija', 'last': 'Frick'}, 'location': {'street': {'number': 2235, 'name': 'Im Winkel'}, 'city': 'Monheim', 'state': 'Bayern', 'country': 'Germany', 'postcode': 99403, 'coordinates': {'latitude': '-53.2583', 'longitude': '8.2185'}, 'timezone': {'offset': '-3:30', 'description': 'Newfoundland'}}, 'email': 'lidija.frick@example.com', 'login': {'uuid': '93d43691-f4c4-4f04-a6e8-f9476bb0f04f', 'username': 'orangezebra650', 'password': 'this', 'salt': 'pVp7drkz', 'md5': '369b126ce809d2d56f3cdf66f000a94f', 'sha1': '1c87346c2d9441b7a38ca900a6578561d97e9246', 'sha256': 'a1621827b4926bbe55da370be63d1e56c669d156dfa4c24317f183a2819205ee'}, 'dob': {'date': '1960-04-05T03:33:12.849Z', 'age': 64}, 'registered': {'date': '2012-02-19T10:54:41.453Z', 'age': 12}, 'phone': '0760-9029352', 'cell': '0170-9927374', 'id': {'name': 'SVNR', 'value': '76 040460 F 817'}, 'picture': {'large': 'https://randomuser.me/api/portraits/women/41.jpg', 'medium': 'https://randomuser.me/api/portraits/med/women/41.jpg', 'thumbnail': 'https://randomuser.me/api/portraits/thumb/women/41.jpg'}, 'nat': 'DE'}</msg>
<arg>${json_data['results'][0]}</arg>
<doc>Logs the given message with the given level.</doc>
<status status="PASS" start="2024-05-28T21:14:43.059797" elapsed="0.000406"/>
</kw>
<kw name="Log" owner="BuiltIn">
<msg time="2024-05-28T21:14:43.060629" level="INFO">name</msg>
<arg>${key}</arg>
<doc>Logs the given message with the given level.</doc>
<status status="PASS" start="2024-05-28T21:14:43.060497" elapsed="0.000170"/>
</kw>
<var name="${key}">name</var>
<status status="PASS" start="2024-05-28T21:14:43.058916" elapsed="0.001962"/>
</iter>
<iter>
<kw name="Dictionary Should Contain Key" owner="Collections">
<msg time="2024-05-28T21:14:43.061530" level="INFO">False</msg>
<arg>${json_data['results'][0]}</arg>
<arg>${key}</arg>
<doc>Fails if ``key`` is not found from ``dictionary``.</doc>
<status status="PASS" start="2024-05-28T21:14:43.061161" elapsed="0.000412"/>
</kw>
<kw name="Log" owner="BuiltIn">
<msg time="2024-05-28T21:14:43.062239" level="INFO">{'gender': 'female', 'name': {'title': 'Ms', 'first': 'Lidija', 'last': 'Frick'}, 'location': {'street': {'number': 2235, 'name': 'Im Winkel'}, 'city': 'Monheim', 'state': 'Bayern', 'country': 'Germany', 'postcode': 99403, 'coordinates': {'latitude': '-53.2583', 'longitude': '8.2185'}, 'timezone': {'offset': '-3:30', 'description': 'Newfoundland'}}, 'email': 'lidija.frick@example.com', 'login': {'uuid': '93d43691-f4c4-4f04-a6e8-f9476bb0f04f', 'username': 'orangezebra650', 'password': 'this', 'salt': 'pVp7drkz', 'md5': '369b126ce809d2d56f3cdf66f000a94f', 'sha1': '1c87346c2d9441b7a38ca900a6578561d97e9246', 'sha256': 'a1621827b4926bbe55da370be63d1e56c669d156dfa4c24317f183a2819205ee'}, 'dob': {'date': '1960-04-05T03:33:12.849Z', 'age': 64}, 'registered': {'date': '2012-02-19T10:54:41.453Z', 'age': 12}, 'phone': '0760-9029352', 'cell': '0170-9927374', 'id': {'name': 'SVNR', 'value': '76 040460 F 817'}, 'picture': {'large': 'https://randomuser.me/api/portraits/women/41.jpg', 'medium': 'https://randomuser.me/api/portraits/med/women/41.jpg', 'thumbnail': 'https://randomuser.me/api/portraits/thumb/women/41.jpg'}, 'nat': 'DE'}</msg>
<arg>${json_data['results'][0]}</arg>
<doc>Logs the given message with the given level.</doc>
<status status="PASS" start="2024-05-28T21:14:43.061871" elapsed="0.000417"/>
</kw>
<kw name="Log" owner="BuiltIn">
<msg time="2024-05-28T21:14:43.062710" level="INFO">location</msg>
<arg>${key}</arg>
<doc>Logs the given message with the given level.</doc>
<status status="PASS" start="2024-05-28T21:14:43.062584" elapsed="0.000164"/>
</kw>
<var name="${key}">location</var>
<status status="PASS" start="2024-05-28T21:14:43.061050" elapsed="0.001910"/>
</iter>
<iter>
<kw name="Dictionary Should Contain Key" owner="Collections">
<msg time="2024-05-28T21:14:43.063778" level="INFO">False</msg>
<arg>${json_data['results'][0]}</arg>
<arg>${key}</arg>
<doc>Fails if ``key`` is not found from ``dictionary``.</doc>
<status status="PASS" start="2024-05-28T21:14:43.063297" elapsed="0.000519"/>
</kw>
<kw name="Log" owner="BuiltIn">
<msg time="2024-05-28T21:14:43.064470" level="INFO">{'gender': 'female', 'name': {'title': 'Ms', 'first': 'Lidija', 'last': 'Frick'}, 'location': {'street': {'number': 2235, 'name': 'Im Winkel'}, 'city': 'Monheim', 'state': 'Bayern', 'country': 'Germany', 'postcode': 99403, 'coordinates': {'latitude': '-53.2583', 'longitude': '8.2185'}, 'timezone': {'offset': '-3:30', 'description': 'Newfoundland'}}, 'email': 'lidija.frick@example.com', 'login': {'uuid': '93d43691-f4c4-4f04-a6e8-f9476bb0f04f', 'username': 'orangezebra650', 'password': 'this', 'salt': 'pVp7drkz', 'md5': '369b126ce809d2d56f3cdf66f000a94f', 'sha1': '1c87346c2d9441b7a38ca900a6578561d97e9246', 'sha256': 'a1621827b4926bbe55da370be63d1e56c669d156dfa4c24317f183a2819205ee'}, 'dob': {'date': '1960-04-05T03:33:12.849Z', 'age': 64}, 'registered': {'date': '2012-02-19T10:54:41.453Z', 'age': 12}, 'phone': '0760-9029352', 'cell': '0170-9927374', 'id': {'name': 'SVNR', 'value': '76 040460 F 817'}, 'picture': {'large': 'https://randomuser.me/api/portraits/women/41.jpg', 'medium': 'https://randomuser.me/api/portraits/med/women/41.jpg', 'thumbnail': 'https://randomuser.me/api/portraits/thumb/women/41.jpg'}, 'nat': 'DE'}</msg>
<arg>${json_data['results'][0]}</arg>
<doc>Logs the given message with the given level.</doc>
<status status="PASS" start="2024-05-28T21:14:43.064114" elapsed="0.000404"/>
</kw>
<kw name="Log" owner="BuiltIn">
<msg time="2024-05-28T21:14:43.064935" level="INFO">email</msg>
<arg>${key}</arg>
<doc>Logs the given message with the given level.</doc>
<status status="PASS" start="2024-05-28T21:14:43.064808" elapsed="0.000163"/>
</kw>
<var name="${key}">email</var>
<status status="PASS" start="2024-05-28T21:14:43.063175" elapsed="0.002009"/>
</iter>
<iter>
<kw name="Dictionary Should Contain Key" owner="Collections">
<msg time="2024-05-28T21:14:43.065840" level="INFO">False</msg>
<arg>${json_data['results'][0]}</arg>
<arg>${key}</arg>
<doc>Fails if ``key`` is not found from ``dictionary``.</doc>
<status status="PASS" start="2024-05-28T21:14:43.065464" elapsed="0.000412"/>
</kw>
<kw name="Log" owner="BuiltIn">
<msg time="2024-05-28T21:14:43.066523" level="INFO">{'gender': 'female', 'name': {'title': 'Ms', 'first': 'Lidija', 'last': 'Frick'}, 'location': {'street': {'number': 2235, 'name': 'Im Winkel'}, 'city': 'Monheim', 'state': 'Bayern', 'country': 'Germany', 'postcode': 99403, 'coordinates': {'latitude': '-53.2583', 'longitude': '8.2185'}, 'timezone': {'offset': '-3:30', 'description': 'Newfoundland'}}, 'email': 'lidija.frick@example.com', 'login': {'uuid': '93d43691-f4c4-4f04-a6e8-f9476bb0f04f', 'username': 'orangezebra650', 'password': 'this', 'salt': 'pVp7drkz', 'md5': '369b126ce809d2d56f3cdf66f000a94f', 'sha1': '1c87346c2d9441b7a38ca900a6578561d97e9246', 'sha256': 'a1621827b4926bbe55da370be63d1e56c669d156dfa4c24317f183a2819205ee'}, 'dob': {'date': '1960-04-05T03:33:12.849Z', 'age': 64}, 'registered': {'date': '2012-02-19T10:54:41.453Z', 'age': 12}, 'phone': '0760-9029352', 'cell': '0170-9927374', 'id': {'name': 'SVNR', 'value': '76 040460 F 817'}, 'picture': {'large': 'https://randomuser.me/api/portraits/women/41.jpg', 'medium': 'https://randomuser.me/api/portraits/med/women/41.jpg', 'thumbnail': 'https://randomuser.me/api/portraits/thumb/women/41.jpg'}, 'nat': 'DE'}</msg>
<arg>${json_data['results'][0]}</arg>
<doc>Logs the given message with the given level.</doc>
<status status="PASS" start="2024-05-28T21:14:43.066169" elapsed="0.000400"/>
</kw>
<kw name="Log" owner="BuiltIn">
<msg time="2024-05-28T21:14:43.066983" level="INFO">login</msg>
<arg>${key}</arg>
<doc>Logs the given message with the given level.</doc>
<status status="PASS" start="2024-05-28T21:14:43.066857" elapsed="0.000163"/>
</kw>
<var name="${key}">login</var>
<status status="PASS" start="2024-05-28T21:14:43.065354" elapsed="0.001916"/>
</iter>
<var>${key}</var>
<value>@{expected_keys}</value>
<status status="PASS" start="2024-05-28T21:14:43.056624" elapsed="0.010766"/>
</for>
<kw name="Create List" owner="BuiltIn">
<msg time="2024-05-28T21:14:43.067747" level="INFO">${expected_keysTwo} = ['username', 'password']</msg>
<var>${expected_keysTwo}</var>
<arg>username</arg>
<arg>password</arg>
<doc>Returns a list containing given items.</doc>
<status status="PASS" start="2024-05-28T21:14:43.067611" elapsed="0.000159"/>
</kw>
<for flavor="IN">
<iter>
<kw name="Dictionary Should Contain Key" owner="Collections">
<msg time="2024-05-28T21:14:43.068650" level="INFO">False</msg>
<arg>${json_data['results'][0]['login']}</arg>
<arg>${keyTwo}</arg>
<doc>Fails if ``key`` is not found from ``dictionary``.</doc>
<status status="PASS" start="2024-05-28T21:14:43.068278" elapsed="0.000408"/>
</kw>
<kw name="Dictionary Should Contain Key" owner="Collections">
<msg time="2024-05-28T21:14:43.069350" level="INFO">False</msg>
<arg>${json_data['results'][0]['login']}</arg>
<arg>${keyTwo}</arg>
<doc>Fails if ``key`` is not found from ``dictionary``.</doc>
<status status="PASS" start="2024-05-28T21:14:43.068974" elapsed="0.000412"/>
</kw>
<kw name="Log" owner="BuiltIn">
<msg time="2024-05-28T21:14:43.069806" level="INFO">username</msg>
<arg>${keyTwo}</arg>
<doc>Logs the given message with the given level.</doc>
<status status="PASS" start="2024-05-28T21:14:43.069673" elapsed="0.000171"/>
</kw>
<var name="${keyTwo}">username</var>
<status status="PASS" start="2024-05-28T21:14:43.068170" elapsed="0.001888"/>
</iter>
<iter>
<kw name="Dictionary Should Contain Key" owner="Collections">
<msg time="2024-05-28T21:14:43.070712" level="INFO">False</msg>
<arg>${json_data['results'][0]['login']}</arg>
<arg>${keyTwo}</arg>
<doc>Fails if ``key`` is not found from ``dictionary``.</doc>
<status status="PASS" start="2024-05-28T21:14:43.070337" elapsed="0.000412"/>
</kw>
<kw name="Dictionary Should Contain Key" owner="Collections">
<msg time="2024-05-28T21:14:43.071456" level="INFO">False</msg>
<arg>${json_data['results'][0]['login']}</arg>
<arg>${keyTwo}</arg>
<doc>Fails if ``key`` is not found from ``dictionary``.</doc>
<status status="PASS" start="2024-05-28T21:14:43.071063" elapsed="0.000431"/>
</kw>
<kw name="Log" owner="BuiltIn">
<msg time="2024-05-28T21:14:43.071917" level="INFO">password</msg>
<arg>${keyTwo}</arg>
<doc>Logs the given message with the given level.</doc>
<status status="PASS" start="2024-05-28T21:14:43.071788" elapsed="0.000166"/>
</kw>
<var name="${keyTwo}">password</var>
<status status="PASS" start="2024-05-28T21:14:43.070227" elapsed="0.001942"/>
</iter>
<var>${keyTwo}</var>
<value>@{expected_keysTwo}</value>
<status status="PASS" start="2024-05-28T21:14:43.068022" elapsed="0.004264"/>
</for>
<status status="PASS" start="2024-05-28T21:14:42.955483" elapsed="0.116938"/>
</kw>
<doc>Testa a estrutura da resposta da API.</doc>
<tag>testeEstruturaResposta</tag>
<status status="PASS" start="2024-05-28T21:14:42.954843" elapsed="0.117720"/>
</test>
<test id="s1-s1-t4" name="Validar tipos de dados" line="28">
<kw name="Teste de Tipos de Dados" owner="random-user-service">
<kw name="GET On Session" owner="RequestsLibrary">
<msg time="2024-05-28T21:14:43.147202" level="INFO">GET Request : url=https://randomuser.me/api 
 path_url=/api 
 headers={'User-Agent': 'python-requests/2.32.2', 'Accept-Encoding': 'gzip, deflate', 'Accept': '*/*', 'Connection': 'keep-alive'} 
 body=None 
 </msg>
<msg time="2024-05-28T21:14:43.147277" level="INFO">GET Response : url=https://randomuser.me/api 
 status=200, reason=OK 
 headers={'Date': 'Tue, 28 May 2024 21:14:43 GMT', 'Content-Type': 'application/json; charset=utf-8', 'Transfer-Encoding': 'chunked', 'Connection': 'keep-alive', 'X-Powered-By': 'Express', 'Access-Control-Allow-Origin': '*', 'Cache-Control': 'no-cache', 'ETag': 'W/"46d-ywjSKzAf/yWAu/zcRTH4PrMWahs"', 'Vary': 'Accept-Encoding', 'Content-Encoding': 'gzip', 'CF-Cache-Status': 'DYNAMIC', 'Report-To': '{"endpoints":[{"url":"https:\\/\\/a.nel.cloudflare.com\\/report\\/v4?s=NAlpdNhgcrf9IUj0BEWBB3oO9FIE818B3Kgmckd2bkF6ff0ADeJckgsRr3yGu5pH7Dx6tax5oaUzsKvovwjAo1K2zhWwEOUXc8ChEsA2cUzinvFx2TE0H2mOeHMkkCBG"}],"group":"cf-nel","max_age":604800}', 'NEL': '{"success_fraction":0,"report_to":"cf-nel","max_age":604800}', 'Server': 'cloudflare', 'CF-RAY': '88b141833c1a49ef-ORD', 'alt-svc': 'h3=":443"; ma=86400'} 
 body={"results":[{"gender":"male","name":{"title":"Mr","first":"Advaith","last":"Shayana"},"location":{"street":{"number":1373,"name":"Pali Hill"},"city":"Unnao","state":"Uttar Pradesh","country":"India","postcode":84910,"coordinates":{"latitude":"6.7404","longitude":"-52.9367"},"timezone":{"offset":"+4:30","description":"Kabul"}},"email":"advaith.shayana@example.com","login":{"uuid":"0da2affd-405b-480c-875e-5dcbb3276a86","username":"goldentiger405","password":"jupiter","salt":"pbwRHbXW","md5":"eeac8dc71707806e5bb534de5bfbc474","sha1":"1cbed57c3c733859423a5aab800811dbfabcc277","sha256":"a66300456efccb5d0cc9e7f11bb32aefa46660b1ce97173794cd4100364a5554"},"dob":{"date":"1991-09-12T18:49:14.207Z","age":32},"registered":{"date":"2017-08-24T15:37:22.224Z","age":6},"phone":"9214365418","cell":"7609146951","id":{"name":"UIDAI","value":"105761395778"},"picture":{"large":"https://randomuser.me/api/portraits/men/68.jpg","medium":"https://randomuser.me/api/portraits/med/men/68.jpg","thumbnail":"https://randomuser.me/api/portraits/thumb/men/68.jpg"},"nat":"IN"}],"info":{"seed":"a99adde91dea87d8","results":1,"page":1,"version":"1.4"}} 
 </msg>
<msg time="2024-05-28T21:14:43.147350" level="INFO">/opt/hostedtoolcache/Python/3.12.3/x64/lib/python3.12/site-packages/urllib3/connectionpool.py:1103: InsecureRequestWarning: Unverified HTTPS request is being made to host 'randomuser.me'. Adding certificate verification is strongly advised. See: https://urllib3.readthedocs.io/en/latest/advanced-usage.html#tls-warnings
  warnings.warn(</msg>
<msg time="2024-05-28T21:14:43.147454" level="INFO">${response} = &lt;Response [200]&gt;</msg>
<var>${response}</var>
<arg>consultarAPI</arg>
<arg>/api</arg>
<doc>Sends a GET request on a previously created HTTP Session.</doc>
<status status="PASS" start="2024-05-28T21:14:43.074938" elapsed="0.072557"/>
</kw>
<kw name="Set Variable" owner="BuiltIn">
<msg time="2024-05-28T21:14:43.148357" level="INFO">${json_data} = {'results': [{'gender': 'male', 'name': {'title': 'Mr', 'first': 'Advaith', 'last': 'Shayana'}, 'location': {'street': {'number': 1373, 'name': 'Pali Hill'}, 'city': 'Unnao', 'state': 'Uttar Pradesh',...</msg>
<var>${json_data}</var>
<arg>${response.json()}</arg>
<doc>Returns the given values which can then be assigned to a variables.</doc>
<status status="PASS" start="2024-05-28T21:14:43.147859" elapsed="0.000527"/>
</kw>
<kw name="Log" owner="BuiltIn">
<msg time="2024-05-28T21:14:43.148853" level="INFO">{'results': [{'gender': 'male', 'name': {'title': 'Mr', 'first': 'Advaith', 'last': 'Shayana'}, 'location': {'street': {'number': 1373, 'name': 'Pali Hill'}, 'city': 'Unnao', 'state': 'Uttar Pradesh', 'country': 'India', 'postcode': 84910, 'coordinates': {'latitude': '6.7404', 'longitude': '-52.9367'}, 'timezone': {'offset': '+4:30', 'description': 'Kabul'}}, 'email': 'advaith.shayana@example.com', 'login': {'uuid': '0da2affd-405b-480c-875e-5dcbb3276a86', 'username': 'goldentiger405', 'password': 'jupiter', 'salt': 'pbwRHbXW', 'md5': 'eeac8dc71707806e5bb534de5bfbc474', 'sha1': '1cbed57c3c733859423a5aab800811dbfabcc277', 'sha256': 'a66300456efccb5d0cc9e7f11bb32aefa46660b1ce97173794cd4100364a5554'}, 'dob': {'date': '1991-09-12T18:49:14.207Z', 'age': 32}, 'registered': {'date': '2017-08-24T15:37:22.224Z', 'age': 6}, 'phone': '9214365418', 'cell': '7609146951', 'id': {'name': 'UIDAI', 'value': '105761395778'}, 'picture': {'large': 'https://randomuser.me/api/portraits/men/68.jpg', 'medium': 'https://randomuser.me/api/portraits/med/men/68.jpg', 'thumbnail': 'https://randomuser.me/api/portraits/thumb/men/68.jpg'}, 'nat': 'IN'}], 'info': {'seed': 'a99adde91dea87d8', 'results': 1, 'page': 1, 'version': '1.4'}}</msg>
<arg>${json_data}</arg>
<doc>Logs the given message with the given level.</doc>
<status status="PASS" start="2024-05-28T21:14:43.148700" elapsed="0.000200"/>
</kw>
<kw name="Should Be String" owner="String">
<arg>${json_data['results'][0]['gender']}</arg>
<doc>Fails if the given ``item`` is not a string.</doc>
<status status="PASS" start="2024-05-28T21:14:43.149229" elapsed="0.000355"/>
</kw>
<kw name="Should Match Regexp" owner="BuiltIn">
<arg>${json_data['results'][0]['email']}</arg>
<arg>^[a-zA-Z0-9._%+-]+@[a-zA-Z0-9.-]+\.[a-zA-Z]{2,}$</arg>
<doc>Fails if ``string`` does not match ``pattern`` as a regular expression.</doc>
<status status="PASS" start="2024-05-28T21:14:43.149781" elapsed="0.000635"/>
</kw>
<kw name="Should Match Regexp" owner="BuiltIn">
<arg>${json_data['results'][0]['dob']['date']}</arg>
<arg>\\d{4}-\\d{2}-\\d{2}T\\d{2}:\\d{2}:\\d{2}\\.\\d{3}Z</arg>
<doc>Fails if ``string`` does not match ``pattern`` as a regular expression.</doc>
<status status="PASS" start="2024-05-28T21:14:43.150617" elapsed="0.000523"/>
</kw>
<kw name="Should Match Regexp" owner="BuiltIn">
<arg>${json_data['results'][0]['registered']['date']}</arg>
<arg>\\d{4}-\\d{2}-\\d{2}T\\d{2}:\\d{2}:\\d{2}\\.\\d{3}Z</arg>
<doc>Fails if ``string`` does not match ``pattern`` as a regular expression.</doc>
<status status="PASS" start="2024-05-28T21:14:43.151340" elapsed="0.000368"/>
</kw>
<kw name="Should Match Regexp" owner="BuiltIn">
<arg>${json_data['results'][0]['picture']['large']}</arg>
<arg>^https?://.*\.(?:png|jpe?g|gif|bmp)$</arg>
<doc>Fails if ``string`` does not match ``pattern`` as a regular expression.</doc>
<status status="PASS" start="2024-05-28T21:14:43.151896" elapsed="0.000459"/>
</kw>
<kw name="Should Match Regexp" owner="BuiltIn">
<arg>${json_data['results'][0]['picture']['medium']}</arg>
<arg>^https?://.*\.(?:png|jpe?g|gif|bmp)$</arg>
<doc>Fails if ``string`` does not match ``pattern`` as a regular expression.</doc>
<status status="PASS" start="2024-05-28T21:14:43.152567" elapsed="0.000352"/>
</kw>
<kw name="Should Match Regexp" owner="BuiltIn">
<arg>${json_data['results'][0]['picture']['thumbnail']}</arg>
<arg>^https?://.*\.(?:png|jpe?g|gif|bmp)$</arg>
<doc>Fails if ``string`` does not match ``pattern`` as a regular expression.</doc>
<status status="PASS" start="2024-05-28T21:14:43.153106" elapsed="0.000347"/>
</kw>
<kw name="Log" owner="BuiltIn">
<msg time="2024-05-28T21:14:43.153956" level="INFO">{'large': 'https://randomuser.me/api/portraits/men/68.jpg', 'medium': 'https://randomuser.me/api/portraits/med/men/68.jpg', 'thumbnail': 'https://randomuser.me/api/portraits/thumb/men/68.jpg'}</msg>
<arg>${json_data['results'][0]['picture']}</arg>
<doc>Logs the given message with the given level.</doc>
<status status="PASS" start="2024-05-28T21:14:43.153636" elapsed="0.000363"/>
</kw>
<status status="PASS" start="2024-05-28T21:14:43.074712" elapsed="0.079537"/>
</kw>
<kw name="Teste de Tipos de Dados - Postcode" owner="random-user-service">
<kw name="GET On Session" owner="RequestsLibrary">
<msg time="2024-05-28T21:14:43.246463" level="INFO">GET Request : url=https://randomuser.me/api 
 path_url=/api 
 headers={'User-Agent': 'python-requests/2.32.2', 'Accept-Encoding': 'gzip, deflate', 'Accept': '*/*', 'Connection': 'keep-alive'} 
 body=None 
 </msg>
<msg time="2024-05-28T21:14:43.246573" level="INFO">GET Response : url=https://randomuser.me/api 
 status=200, reason=OK 
 headers={'Date': 'Tue, 28 May 2024 21:14:43 GMT', 'Content-Type': 'application/json; charset=utf-8', 'Transfer-Encoding': 'chunked', 'Connection': 'keep-alive', 'X-Powered-By': 'Express', 'Access-Control-Allow-Origin': '*', 'Cache-Control': 'no-cache', 'ETag': 'W/"49b-pOxbylaG5Rplji5Fx5ZAdu7PXfc"', 'Vary': 'Accept-Encoding', 'Content-Encoding': 'gzip', 'CF-Cache-Status': 'DYNAMIC', 'Report-To': '{"endpoints":[{"url":"https:\\/\\/a.nel.cloudflare.com\\/report\\/v4?s=8QQfaE2UrWZ%2B9y4L0B%2FFV6apFyagaGS8xAKpTGd2EmmgN4Xu5mpyKO8WcNgA3Kg6ZFpglJwZcg9offI0ZQgNKsBXCJgJ0Vlcw1aFWx8ZrBRwS6fPK9482ScT7OXFuLjK"}],"group":"cf-nel","max_age":604800}', 'NEL': '{"success_fraction":0,"report_to":"cf-nel","max_age":604800}', 'Server': 'cloudflare', 'CF-RAY': '88b14183bc9649ef-ORD', 'alt-svc': 'h3=":443"; ma=86400'} 
 body={"results":[{"gender":"female","name":{"title":"Mrs","first":"Rozaliya","last":"Fedoronchuk"},"location":{"street":{"number":1417,"name":"Kosmonavta Volkova"},"city":"Bibrka","state":"Odeska","country":"Ukraine","postcode":15707,"coordinates":{"latitude":"78.1398","longitude":"55.0619"},"timezone":{"offset":"+4:00","description":"Abu Dhabi, Muscat, Baku, Tbilisi"}},"email":"rozaliya.fedoronchuk@example.com","login":{"uuid":"be6a2219-19e7-4bad-9404-14abe0e40c66","username":"crazybutterfly352","password":"111222","salt":"L5ERN1hr","md5":"33c8a3f5d532c5fbb0a777ac05a6da90","sha1":"408569bc51f26b21c6f0cfb16ef4c0cc5bb37bc1","sha256":"b5184a6971f652b18fb45dd19370fd7eba2fb619ae76346d67ef0a25810dd432"},"dob":{"date":"1981-05-18T13:26:15.068Z","age":43},"registered":{"date":"2016-11-29T16:56:03.422Z","age":7},"phone":"(066) Y20-7446","cell":"(068) Z02-0203","id":{"name":"","value":null},"picture":{"large":"https://randomuser.me/api/portraits/women/85.jpg","medium":"https://randomuser.me/api/portraits/med/women/85.jpg","thumbnail":"https://randomuser.me/api/portraits/thumb/women/85.jpg"},"nat":"UA"}],"info":{"seed":"826768298a59e145","results":1,"page":1,"version":"1.4"}} 
 </msg>
<msg time="2024-05-28T21:14:43.246650" level="INFO">/opt/hostedtoolcache/Python/3.12.3/x64/lib/python3.12/site-packages/urllib3/connectionpool.py:1103: InsecureRequestWarning: Unverified HTTPS request is being made to host 'randomuser.me'. Adding certificate verification is strongly advised. See: https://urllib3.readthedocs.io/en/latest/advanced-usage.html#tls-warnings
  warnings.warn(</msg>
<msg time="2024-05-28T21:14:43.246765" level="INFO">${response} = &lt;Response [200]&gt;</msg>
<var>${response}</var>
<arg>consultarAPI</arg>
<arg>/api</arg>
<doc>Sends a GET request on a previously created HTTP Session.</doc>
<status status="PASS" start="2024-05-28T21:14:43.154682" elapsed="0.092112"/>
</kw>
<kw name="Set Variable" owner="BuiltIn">
<msg time="2024-05-28T21:14:43.247890" level="INFO">${json_data} = {'results': [{'gender': 'female', 'name': {'title': 'Mrs', 'first': 'Rozaliya', 'last': 'Fedoronchuk'}, 'location': {'street': {'number': 1417, 'name': 'Kosmonavta Volkova'}, 'city': 'Bibrka', 'state'...</msg>
<var>${json_data}</var>
<arg>${response.json()}</arg>
<doc>Returns the given values which can then be assigned to a variables.</doc>
<status status="PASS" start="2024-05-28T21:14:43.247357" elapsed="0.000563"/>
</kw>
<kw name="Log" owner="BuiltIn">
<msg time="2024-05-28T21:14:43.248391" level="INFO">{'results': [{'gender': 'female', 'name': {'title': 'Mrs', 'first': 'Rozaliya', 'last': 'Fedoronchuk'}, 'location': {'street': {'number': 1417, 'name': 'Kosmonavta Volkova'}, 'city': 'Bibrka', 'state': 'Odeska', 'country': 'Ukraine', 'postcode': 15707, 'coordinates': {'latitude': '78.1398', 'longitude': '55.0619'}, 'timezone': {'offset': '+4:00', 'description': 'Abu Dhabi, Muscat, Baku, Tbilisi'}}, 'email': 'rozaliya.fedoronchuk@example.com', 'login': {'uuid': 'be6a2219-19e7-4bad-9404-14abe0e40c66', 'username': 'crazybutterfly352', 'password': '111222', 'salt': 'L5ERN1hr', 'md5': '33c8a3f5d532c5fbb0a777ac05a6da90', 'sha1': '408569bc51f26b21c6f0cfb16ef4c0cc5bb37bc1', 'sha256': 'b5184a6971f652b18fb45dd19370fd7eba2fb619ae76346d67ef0a25810dd432'}, 'dob': {'date': '1981-05-18T13:26:15.068Z', 'age': 43}, 'registered': {'date': '2016-11-29T16:56:03.422Z', 'age': 7}, 'phone': '(066) Y20-7446', 'cell': '(068) Z02-0203', 'id': {'name': '', 'value': None}, 'picture': {'large': 'https://randomuser.me/api/portraits/women/85.jpg', 'medium': 'https://randomuser.me/api/portraits/med/women/85.jpg', 'thumbnail': 'https://randomuser.me/api/portraits/thumb/women/85.jpg'}, 'nat': 'UA'}], 'info': {'seed': '826768298a59e145', 'results': 1, 'page': 1, 'version': '1.4'}}</msg>
<arg>${json_data}</arg>
<doc>Logs the given message with the given level.</doc>
<status status="PASS" start="2024-05-28T21:14:43.248232" elapsed="0.000205"/>
</kw>
<kw name="Should Be Equal As Numbers" owner="BuiltIn">
<arg>${json_data['results'][0]['location']['postcode']}</arg>
<arg>${json_data['results'][0]['location']['postcode']}</arg>
<doc>Fails if objects are unequal after converting them to real numbers.</doc>
<status status="PASS" start="2024-05-28T21:14:43.248731" elapsed="0.000619"/>
</kw>
<kw name="Log" owner="BuiltIn">
<msg time="2024-05-28T21:14:43.249929" level="INFO">15707</msg>
<arg>${json_data['results'][0]['location']['postcode']}</arg>
<doc>Logs the given message with the given level.</doc>
<status status="PASS" start="2024-05-28T21:14:43.249584" elapsed="0.000385"/>
</kw>
<status status="PASS" start="2024-05-28T21:14:43.154458" elapsed="0.095769"/>
</kw>
<doc>Testa se os tipos de dados na resposta da API estão corretos.</doc>
<tag>testeTiposDados</tag>
<status status="PASS" start="2024-05-28T21:14:43.074257" elapsed="0.176144"/>
</test>
<test id="s1-s1-t5" name="Validar conteudo" line="35">
<kw name="Teste de Tipos de Conteudo" owner="random-user-service">
<kw name="GET On Session" owner="RequestsLibrary">
<msg time="2024-05-28T21:14:43.351546" level="INFO">GET Request : url=https://randomuser.me/api 
 path_url=/api 
 headers={'User-Agent': 'python-requests/2.32.2', 'Accept-Encoding': 'gzip, deflate', 'Accept': '*/*', 'Connection': 'keep-alive'} 
 body=None 
 </msg>
<msg time="2024-05-28T21:14:43.351652" level="INFO">GET Response : url=https://randomuser.me/api 
 status=200, reason=OK 
 headers={'Date': 'Tue, 28 May 2024 21:14:43 GMT', 'Content-Type': 'application/json; charset=utf-8', 'Transfer-Encoding': 'chunked', 'Connection': 'keep-alive', 'X-Powered-By': 'Express', 'Access-Control-Allow-Origin': '*', 'Cache-Control': 'no-cache', 'ETag': 'W/"48d-UEm+Q54ajlO3mjzOgpqpI1l2jyE"', 'Vary': 'Accept-Encoding', 'Content-Encoding': 'gzip', 'CF-Cache-Status': 'DYNAMIC', 'Report-To': '{"endpoints":[{"url":"https:\\/\\/a.nel.cloudflare.com\\/report\\/v4?s=svKD%2FwkoStQ3EfmeR2dzz2n1IwHGKxhFSQGXnM3%2Fey4PEii86eW%2FPNm%2BCiW5fWxinj98NSxepz8zG%2Bfn%2Bsyvli%2FN%2FlzGsu74r6ilg%2BcsM7EvNrcyvRDiYbZGpQsmktqP"}],"group":"cf-nel","max_age":604800}', 'NEL': '{"success_fraction":0,"report_to":"cf-nel","max_age":604800}', 'Server': 'cloudflare', 'CF-RAY': '88b141845d3b49ef-ORD', 'alt-svc': 'h3=":443"; ma=86400'} 
 body={"results":[{"gender":"female","name":{"title":"Mrs","first":"Lea","last":"Rasmussen"},"location":{"street":{"number":8502,"name":"Skovgårdsvej"},"city":"Jystrup","state":"Midtjylland","country":"Denmark","postcode":27100,"coordinates":{"latitude":"-43.8226","longitude":"163.8147"},"timezone":{"offset":"+1:00","description":"Brussels, Copenhagen, Madrid, Paris"}},"email":"lea.rasmussen@example.com","login":{"uuid":"8e67db57-3066-4683-96b3-5b03106b2bd2","username":"bluegoose753","password":"prayers","salt":"byAAHnuA","md5":"238db95fb5c72994f91b3069d156d26a","sha1":"758dd9de99b6355e134f1b4047c3c29ec6dbc291","sha256":"2afded00204f5e5f8257618a5bbc45b4b6c19bea3f078b4e3ebc5812d380a92a"},"dob":{"date":"1946-05-13T20:52:07.149Z","age":78},"registered":{"date":"2006-09-17T18:58:59.474Z","age":17},"phone":"04617810","cell":"38648192","id":{"name":"CPR","value":"130546-1550"},"picture":{"large":"https://randomuser.me/api/portraits/women/8.jpg","medium":"https://randomuser.me/api/portraits/med/women/8.jpg","thumbnail":"https://randomuser.me/api/portraits/thumb/women/8.jpg"},"nat":"DK"}],"info":{"seed":"6cb5acd453e1501f","results":1,"page":1,"version":"1.4"}} 
 </msg>
<msg time="2024-05-28T21:14:43.351732" level="INFO">/opt/hostedtoolcache/Python/3.12.3/x64/lib/python3.12/site-packages/urllib3/connectionpool.py:1103: InsecureRequestWarning: Unverified HTTPS request is being made to host 'randomuser.me'. Adding certificate verification is strongly advised. See: https://urllib3.readthedocs.io/en/latest/advanced-usage.html#tls-warnings
  warnings.warn(</msg>
<msg time="2024-05-28T21:14:43.351861" level="INFO">${response} = &lt;Response [200]&gt;</msg>
<var>${response}</var>
<arg>consultarAPI</arg>
<arg>/api</arg>
<doc>Sends a GET request on a previously created HTTP Session.</doc>
<status status="PASS" start="2024-05-28T21:14:43.252851" elapsed="0.099043"/>
</kw>
<kw name="Set Variable" owner="BuiltIn">
<msg time="2024-05-28T21:14:43.352909" level="INFO">${json_data} = {'results': [{'gender': 'female', 'name': {'title': 'Mrs', 'first': 'Lea', 'last': 'Rasmussen'}, 'location': {'street': {'number': 8502, 'name': 'Skovgårdsvej'}, 'city': 'Jystrup', 'state': 'Midtjylla...</msg>
<var>${json_data}</var>
<arg>${response.json()}</arg>
<doc>Returns the given values which can then be assigned to a variables.</doc>
<status status="PASS" start="2024-05-28T21:14:43.352399" elapsed="0.000541"/>
</kw>
<kw name="Set Variable" owner="BuiltIn">
<msg time="2024-05-28T21:14:43.353625" level="INFO">${name_title} = Mrs</msg>
<var>${name_title}</var>
<arg>${json_data["results"][0]["name"]["title"]}</arg>
<doc>Returns the given values which can then be assigned to a variables.</doc>
<status status="PASS" start="2024-05-28T21:14:43.353244" elapsed="0.000406"/>
</kw>
<kw name="Create List" owner="BuiltIn">
<msg time="2024-05-28T21:14:43.354100" level="INFO">${allowed_titles} = ['Mr', 'Ms', 'Miss', 'Mrs', 'Madame', 'Monsieur']</msg>
<var>${allowed_titles}</var>
<arg>Mr</arg>
<arg>Ms</arg>
<arg>Miss</arg>
<arg>Mrs</arg>
<arg>Madame</arg>
<arg>Monsieur</arg>
<doc>Returns a list containing given items.</doc>
<status status="PASS" start="2024-05-28T21:14:43.353951" elapsed="0.000173"/>
</kw>
<kw name="List Should Contain Value" owner="Collections">
<msg time="2024-05-28T21:14:43.354596" level="INFO">False</msg>
<arg>${allowed_titles}</arg>
<arg>${name_title}</arg>
<doc>Fails if the ``value`` is not found from ``list``.</doc>
<status status="PASS" start="2024-05-28T21:14:43.354421" elapsed="0.000211"/>
</kw>
<kw name="Set Variable" owner="BuiltIn">
<msg time="2024-05-28T21:14:43.355537" level="INFO">${name_country} = DK</msg>
<var>${name_country}</var>
<arg>${json_data["results"][0]["nat"]}</arg>
<doc>Returns the given values which can then be assigned to a variables.</doc>
<status status="PASS" start="2024-05-28T21:14:43.354929" elapsed="0.000634"/>
</kw>
<kw name="Create List" owner="BuiltIn">
<msg time="2024-05-28T21:14:43.356479" level="INFO">${list_country} = ['AD', 'AE', 'AF', 'AG', 'AI', 'AL', 'AM', 'AO', 'AQ', 'AR', 'AS', 'AT', 'AU', 'AW', 'AX', 'AZ', 'BA', 'BB', 'BD', 'BE', 'BF', 'BG', 'BH', 'BI', 'BJ', 'BL', 'BM', 'BN', 'BO', 'BQ', 'BR', 'BS', 'BT', '...</msg>
<var>${list_country}</var>
<arg>AD</arg>
<arg>AE</arg>
<arg>AF</arg>
<arg>AG</arg>
<arg>AI</arg>
<arg>AL</arg>
<arg>AM</arg>
<arg>AO</arg>
<arg>AQ</arg>
<arg>AR</arg>
<arg>AS</arg>
<arg>AT</arg>
<arg>AU</arg>
<arg>AW</arg>
<arg>AX</arg>
<arg>AZ</arg>
<arg>BA</arg>
<arg>BB</arg>
<arg>BD</arg>
<arg>BE</arg>
<arg>BF</arg>
<arg>BG</arg>
<arg>BH</arg>
<arg>BI</arg>
<arg>BJ</arg>
<arg>BL</arg>
<arg>BM</arg>
<arg>BN</arg>
<arg>BO</arg>
<arg>BQ</arg>
<arg>BR</arg>
<arg>BS</arg>
<arg>BT</arg>
<arg>BV</arg>
<arg>BW</arg>
<arg>BY</arg>
<arg>BZ</arg>
<arg>CA</arg>
<arg>CC</arg>
<arg>CD</arg>
<arg>CF</arg>
<arg>CG</arg>
<arg>CH</arg>
<arg>CI</arg>
<arg>CK</arg>
<arg>CL</arg>
<arg>CM</arg>
<arg>CN</arg>
<arg>CO</arg>
<arg>CR</arg>
<arg>CU</arg>
<arg>CV</arg>
<arg>CW</arg>
<arg>CX</arg>
<arg>CY</arg>
<arg>CZ</arg>
<arg>DE</arg>
<arg>DJ</arg>
<arg>DK</arg>
<arg>DM</arg>
<arg>DO</arg>
<arg>DZ</arg>
<arg>EC</arg>
<arg>EE</arg>
<arg>EG</arg>
<arg>EH</arg>
<arg>ER</arg>
<arg>ES</arg>
<arg>ET</arg>
<arg>FI</arg>
<arg>FJ</arg>
<arg>FK</arg>
<arg>FM</arg>
<arg>FO</arg>
<arg>FR</arg>
<arg>GA</arg>
<arg>GB</arg>
<arg>GD</arg>
<arg>GE</arg>
<arg>GF</arg>
<arg>GG</arg>
<arg>GH</arg>
<arg>GI</arg>
<arg>GL</arg>
<arg>GM</arg>
<arg>GN</arg>
<arg>GP</arg>
<arg>GQ</arg>
<arg>GR</arg>
<arg>GS</arg>
<arg>GT</arg>
<arg>GU</arg>
<arg>GW</arg>
<arg>GY</arg>
<arg>HK</arg>
<arg>HM</arg>
<arg>HN</arg>
<arg>HR</arg>
<arg>HT</arg>
<arg>HU</arg>
<arg>ID</arg>
<arg>IE</arg>
<arg>IL</arg>
<arg>IM</arg>
<arg>IN</arg>
<arg>IO</arg>
<arg>IQ</arg>
<arg>IR</arg>
<arg>IS</arg>
<arg>IT</arg>
<arg>JE</arg>
<arg>JM</arg>
<arg>JO</arg>
<arg>JP</arg>
<arg>KE</arg>
<arg>KG</arg>
<arg>KH</arg>
<arg>KI</arg>
<arg>KM</arg>
<arg>KN</arg>
<arg>KP</arg>
<arg>KR</arg>
<arg>KW</arg>
<arg>KY</arg>
<arg>KZ</arg>
<arg>LA</arg>
<arg>LB</arg>
<arg>LC</arg>
<arg>LI</arg>
<arg>LK</arg>
<arg>LR</arg>
<arg>LS</arg>
<arg>LT</arg>
<arg>LU</arg>
<arg>LV</arg>
<arg>LY</arg>
<arg>MA</arg>
<arg>MC</arg>
<arg>MD</arg>
<arg>ME</arg>
<arg>MF</arg>
<arg>MG</arg>
<arg>MH</arg>
<arg>MK</arg>
<arg>ML</arg>
<arg>MM</arg>
<arg>MN</arg>
<arg>MO</arg>
<arg>MP</arg>
<arg>MQ</arg>
<arg>MR</arg>
<arg>MS</arg>
<arg>MT</arg>
<arg>MU</arg>
<arg>MV</arg>
<arg>MW</arg>
<arg>MX</arg>
<arg>MY</arg>
<arg>MZ</arg>
<arg>NA</arg>
<arg>NC</arg>
<arg>NE</arg>
<arg>NF</arg>
<arg>NG</arg>
<arg>NI</arg>
<arg>NL</arg>
<arg>NO</arg>
<arg>NP</arg>
<arg>NR</arg>
<arg>NU</arg>
<arg>NZ</arg>
<arg>OM</arg>
<arg>PA</arg>
<arg>PE</arg>
<arg>PF</arg>
<arg>PG</arg>
<arg>PH</arg>
<arg>PK</arg>
<arg>PL</arg>
<arg>PM</arg>
<arg>PN</arg>
<arg>PR</arg>
<arg>PS</arg>
<arg>PT</arg>
<arg>PW</arg>
<arg>PY</arg>
<arg>QA</arg>
<arg>RE</arg>
<arg>RO</arg>
<arg>RS</arg>
<arg>RU</arg>
<arg>RW</arg>
<arg>SA</arg>
<arg>SB</arg>
<arg>SC</arg>
<arg>SD</arg>
<arg>SE</arg>
<arg>SG</arg>
<arg>SH</arg>
<arg>SI</arg>
<arg>SJ</arg>
<arg>SK</arg>
<arg>SL</arg>
<arg>SM</arg>
<arg>SN</arg>
<arg>SO</arg>
<arg>SR</arg>
<arg>SS</arg>
<arg>ST</arg>
<arg>SV</arg>
<arg>SX</arg>
<arg>SY</arg>
<arg>SZ</arg>
<arg>TC</arg>
<arg>TD</arg>
<arg>TF</arg>
<arg>TG</arg>
<arg>TH</arg>
<arg>TJ</arg>
<arg>TK</arg>
<arg>TL</arg>
<arg>TM</arg>
<arg>TN</arg>
<arg>TO</arg>
<arg>TR</arg>
<arg>TT</arg>
<arg>TV</arg>
<arg>TW</arg>
<arg>TZ</arg>
<arg>UA</arg>
<arg>UG</arg>
<arg>UM</arg>
<arg>US</arg>
<arg>UY</arg>
<arg>UZ</arg>
<arg>VA</arg>
<arg>VC</arg>
<arg>VE</arg>
<arg>VG</arg>
<arg>VI</arg>
<arg>VN</arg>
<arg>VU</arg>
<arg>WF</arg>
<arg>WS</arg>
<arg>XK</arg>
<arg>YE</arg>
<arg>YT</arg>
<arg>ZA</arg>
<arg>ZM</arg>
<arg>ZW</arg>
<doc>Returns a list containing given items.</doc>
<status status="PASS" start="2024-05-28T21:14:43.355876" elapsed="0.000628"/>
</kw>
<kw name="List Should Contain Value" owner="Collections">
<msg time="2024-05-28T21:14:43.357508" level="INFO">False</msg>
<arg>${list_country}</arg>
<arg>${name_country}</arg>
<doc>Fails if the ``value`` is not found from ``list``.</doc>
<status status="PASS" start="2024-05-28T21:14:43.357307" elapsed="0.000237"/>
</kw>
<kw name="Run Keyword If" owner="BuiltIn">
<kw name="Should Be True" owner="BuiltIn">
<arg>${True}</arg>
<doc>Fails if the given condition is not true.</doc>
<status status="PASS" start="2024-05-28T21:14:43.358598" elapsed="0.000141"/>
</kw>
<arg>${json_data["results"][0]["location"]["coordinates"]["latitude"]} &gt;= -90 and ${json_data["results"][0]["location"]["coordinates"]["latitude"]} &lt;= 90</arg>
<arg>Should Be True</arg>
<arg>${True}</arg>
<doc>Runs the given keyword with the given arguments, if ``condition`` is true.</doc>
<status status="PASS" start="2024-05-28T21:14:43.357858" elapsed="0.001006"/>
</kw>
<kw name="Run Keyword If" owner="BuiltIn">
<kw name="Should Be True" owner="BuiltIn">
<arg>${True}</arg>
<doc>Fails if the given condition is not true.</doc>
<status status="PASS" start="2024-05-28T21:14:43.359765" elapsed="0.000137"/>
</kw>
<arg>${json_data["results"][0]["location"]["coordinates"]["longitude"]} &gt;= -180 and ${json_data["results"][0]["location"]["coordinates"]["longitude"]} &lt;= 180</arg>
<arg>Should Be True</arg>
<arg>${True}</arg>
<doc>Runs the given keyword with the given arguments, if ``condition`` is true.</doc>
<status status="PASS" start="2024-05-28T21:14:43.359064" elapsed="0.000962"/>
</kw>
<status status="PASS" start="2024-05-28T21:14:43.252623" elapsed="0.107535"/>
</kw>
<doc>Testa o conteúdo específico dos campos retornados pela API.</doc>
<tag>testeConteudo</tag>
<status status="PASS" start="2024-05-28T21:14:43.252179" elapsed="0.108127"/>
</test>
<status status="PASS" start="2024-05-28T21:14:42.352345" elapsed="1.009864"/>
</suite>
<status status="PASS" start="2024-05-28T21:14:42.338369" elapsed="1.028943"/>
</suite>
<statistics>
<total>
<stat pass="5" fail="0" skip="0">All Tests</stat>
</total>
<tag>
<stat pass="1" fail="0" skip="0">testeConteudo</stat>
<stat pass="1" fail="0" skip="0">testeEstruturaResposta</stat>
<stat pass="1" fail="0" skip="0">testeRequisicaoBasica</stat>
<stat pass="1" fail="0" skip="0">testeTiposDados</stat>
</tag>
<suite>
<stat pass="5" fail="0" skip="0" id="s1" name="Tests">Tests</stat>
<stat pass="5" fail="0" skip="0" id="s1-s1" name="Random-User-Test">Tests.Random-User-Test</stat>
</suite>
</statistics>
<errors>
</errors>
</robot>
