<?xml version="1.0" encoding="UTF-8"?>
<robot generator="Robot 7.0 (Python 3.12.2 on linux)" generated="2024-04-03T00:58:35.346418" rpa="false" schemaversion="5">
<suite id="s1" name="Tests" source="/home/runner/work/DesafioQAItauRogerioJordao/DesafioQAItauRogerioJordao/RamdonUser/tests">
<suite id="s1-s1" name="Random-User-Test" source="/home/runner/work/DesafioQAItauRogerioJordao/DesafioQAItauRogerioJordao/RamdonUser/tests/random-user-test.robot">
<test id="s1-s1-t1" name="Conectar" line="13">
<kw name="Conectar API" owner="random-user-service">
<kw name="Create Session" owner="RequestsLibrary">
<msg time="2024-04-03T00:58:35.712934" level="INFO">Creating Session using : alias=consultarAPI, url=https://randomuser.me/, headers={},                     cookies={}, auth=None, timeout=None, proxies=None, verify=False,                     debug=0 </msg>
<arg>consultarAPI</arg>
<arg>${URL}</arg>
<doc>Create Session: create a HTTP session to a server</doc>
<status status="PASS" start="2024-04-03T00:58:35.712724" elapsed="0.000391"/>
</kw>
<status status="PASS" start="2024-04-03T00:58:35.711672" elapsed="0.001818"/>
</kw>
<status status="PASS" start="2024-04-03T00:58:35.711119" elapsed="0.002574"/>
</test>
<test id="s1-s1-t2" name="Validar retorno 200 e JSON Válido" line="16">
<kw name="Teste de Requisicao Basica" owner="random-user-service">
<kw name="GET On Session" owner="RequestsLibrary">
<msg time="2024-04-03T00:58:35.800486" level="INFO">GET Request : url=https://randomuser.me/api 
 path_url=/api 
 headers={'User-Agent': 'python-requests/2.31.0', 'Accept-Encoding': 'gzip, deflate', 'Accept': '*/*', 'Connection': 'keep-alive'} 
 body=None 
 </msg>
<msg time="2024-04-03T00:58:35.800638" level="INFO">GET Response : url=https://randomuser.me/api 
 status=200, reason=OK 
 headers={'Date': 'Wed, 03 Apr 2024 00:58:35 GMT', 'Content-Type': 'application/json; charset=utf-8', 'Transfer-Encoding': 'chunked', 'Connection': 'keep-alive', 'X-Powered-By': 'Express', 'Access-Control-Allow-Origin': '*', 'Cache-Control': 'no-cache', 'ETag': 'W/"46b-y1qIrQzzMTWY1+BTQysO1mChGao"', 'Vary': 'Accept-Encoding', 'Content-Encoding': 'gzip', 'CF-Cache-Status': 'DYNAMIC', 'Report-To': '{"endpoints":[{"url":"https:\\/\\/a.nel.cloudflare.com\\/report\\/v4?s=iikR2B8nhK8F%2FTIcNmF9q4i76tBemv5MefCxYpSLC8UQRoDFKBLjcu2L6ajnHF1T3fo6N6%2F9UrDiE5kugLSx6m2fyQeN6qr5zTb29BfpFiQ2akJX%2FZlIJRxWB2AgvcLi"}],"group":"cf-nel","max_age":604800}', 'NEL': '{"success_fraction":0,"report_to":"cf-nel","max_age":604800}', 'Server': 'cloudflare', 'CF-RAY': '86e51c7579d689fa-ORD', 'alt-svc': 'h3=":443"; ma=86400'} 
 body={"results":[{"gender":"male","name":{"title":"Mr","first":"Svarg","last":"Grinchak"},"location":{"street":{"number":7531,"name":"Romana Shuhevicha"},"city":"Ugniv","state":"Ternopilska","country":"Ukraine","postcode":14430,"coordinates":{"latitude":"80.1371","longitude":"-49.0508"},"timezone":{"offset":"+3:30","description":"Tehran"}},"email":"svarg.grinchak@example.com","login":{"uuid":"c39c3ec0-28b4-4265-9bad-5a0231034875","username":"redsnake400","password":"racers","salt":"jHRsjztL","md5":"c202ba9ca8e553c78fc46f1e41cdbe1d","sha1":"58932f13663bd798fb78a7c0141c2715087e3152","sha256":"bb4a7adeaa5bc478e8efad3481d66d4a624af0e214d9d75fbf0489872013a7b2"},"dob":{"date":"1982-08-20T07:27:10.133Z","age":41},"registered":{"date":"2003-03-17T13:54:46.023Z","age":21},"phone":"(067) D02-2543","cell":"(097) B28-2345","id":{"name":"","value":null},"picture":{"large":"https://randomuser.me/api/portraits/men/16.jpg","medium":"https://randomuser.me/api/portraits/med/men/16.jpg","thumbnail":"https://randomuser.me/api/portraits/thumb/men/16.jpg"},"nat":"UA"}],"info":{"seed":"7e486f2dcf809ca1","results":1,"page":1,"version":"1.4"}} 
 </msg>
<msg time="2024-04-03T00:58:35.800740" level="INFO">/opt/hostedtoolcache/Python/3.12.2/x64/lib/python3.12/site-packages/urllib3/connectionpool.py:1103: InsecureRequestWarning: Unverified HTTPS request is being made to host 'randomuser.me'. Adding certificate verification is strongly advised. See: https://urllib3.readthedocs.io/en/latest/advanced-usage.html#tls-warnings
  warnings.warn(</msg>
<msg time="2024-04-03T00:58:35.800892" level="INFO">${response} = &lt;Response [200]&gt;</msg>
<var>${response}</var>
<arg>consultarAPI</arg>
<arg>/api</arg>
<doc>Sends a GET request on a previously created HTTP Session.</doc>
<status status="PASS" start="2024-04-03T00:58:35.716284" elapsed="0.084650"/>
</kw>
<kw name="Should Be Equal As Numbers" owner="BuiltIn">
<msg time="2024-04-03T00:58:35.802076" level="INFO">Argument types are:
&lt;class 'int'&gt;
&lt;class 'str'&gt;</msg>
<arg>${response.status_code}</arg>
<arg>200</arg>
<doc>Fails if objects are unequal after converting them to real numbers.</doc>
<status status="PASS" start="2024-04-03T00:58:35.801585" elapsed="0.000557"/>
</kw>
<kw name="Log" owner="BuiltIn">
<msg time="2024-04-03T00:58:35.802856" level="INFO">200</msg>
<arg>${response.status_code}</arg>
<doc>Logs the given message with the given level.</doc>
<status status="PASS" start="2024-04-03T00:58:35.802470" elapsed="0.000429"/>
</kw>
<kw name="Set Variable" owner="BuiltIn">
<msg time="2024-04-03T00:58:35.803674" level="INFO">${json_data} = {'results': [{'gender': 'male', 'name': {'title': 'Mr', 'first': 'Svarg', 'last': 'Grinchak'}, 'location': {'street': {'number': 7531, 'name': 'Romana Shuhevicha'}, 'city': 'Ugniv', 'state': 'Ternopil...</msg>
<var>${json_data}</var>
<arg>${response.json()}</arg>
<doc>Returns the given values which can then be assigned to a variables.</doc>
<status status="PASS" start="2024-04-03T00:58:35.803230" elapsed="0.000471"/>
</kw>
<kw name="Dictionary Should Contain Key" owner="Collections">
<msg time="2024-04-03T00:58:35.804178" level="INFO">False</msg>
<arg>${json_data}</arg>
<arg>results</arg>
<doc>Fails if ``key`` is not found from ``dictionary``.</doc>
<status status="PASS" start="2024-04-03T00:58:35.804005" elapsed="0.000213"/>
</kw>
<status status="PASS" start="2024-04-03T00:58:35.716032" elapsed="0.088449"/>
</kw>
<doc>Testa se a API responde corretamente e retorna um objeto JSON válido.</doc>
<tag>testeRequisicaoBasica</tag>
<status status="PASS" start="2024-04-03T00:58:35.715564" elapsed="0.089132"/>
</test>
<test id="s1-s1-t3" name="Validar estrutura de resposta" line="22">
<kw name="Teste de Estrutura de Resposta" owner="random-user-service">
<kw name="GET On Session" owner="RequestsLibrary">
<msg time="2024-04-03T00:58:35.900734" level="INFO">GET Request : url=https://randomuser.me/api 
 path_url=/api 
 headers={'User-Agent': 'python-requests/2.31.0', 'Accept-Encoding': 'gzip, deflate', 'Accept': '*/*', 'Connection': 'keep-alive'} 
 body=None 
 </msg>
<msg time="2024-04-03T00:58:35.900844" level="INFO">GET Response : url=https://randomuser.me/api 
 status=200, reason=OK 
 headers={'Date': 'Wed, 03 Apr 2024 00:58:35 GMT', 'Content-Type': 'application/json; charset=utf-8', 'Transfer-Encoding': 'chunked', 'Connection': 'keep-alive', 'X-Powered-By': 'Express', 'Access-Control-Allow-Origin': '*', 'Cache-Control': 'no-cache', 'ETag': 'W/"48b-0lKmgEM3sv/TYFkSutM31bfTDNg"', 'Vary': 'Accept-Encoding', 'Content-Encoding': 'gzip', 'CF-Cache-Status': 'DYNAMIC', 'Report-To': '{"endpoints":[{"url":"https:\\/\\/a.nel.cloudflare.com\\/report\\/v4?s=RtCm%2FTKU9XBLOLUM12ZBMutXy0oLlDngRe58HgKCfp2r5BxnVuIFXhNG3DEPSCdiApBQv9SQj7i3IU5ixHb%2F5Gdppw7zWKqKfkdKvXnZiM00V%2BiF%2BTtXzJPy82Pn%2BZev"}],"group":"cf-nel","max_age":604800}', 'NEL': '{"success_fraction":0,"report_to":"cf-nel","max_age":604800}', 'Server': 'cloudflare', 'CF-RAY': '86e51c75ca4689fa-ORD', 'alt-svc': 'h3=":443"; ma=86400'} 
 body={"results":[{"gender":"male","name":{"title":"Mr","first":"Rick","last":"Griffin"},"location":{"street":{"number":5817,"name":"Lakeshore Rd"},"city":"Gladstone","state":"Australian Capital Territory","country":"Australia","postcode":619,"coordinates":{"latitude":"-87.1792","longitude":"-100.6803"},"timezone":{"offset":"-2:00","description":"Mid-Atlantic"}},"email":"rick.griffin@example.com","login":{"uuid":"c5696600-32eb-4eee-a5d1-a19bd9c72ecc","username":"ticklishbird666","password":"freefall","salt":"oh5U5545","md5":"7c5bbc5ef82a29718fedc1309f59bd24","sha1":"575d2b2e13825dd7f005fe499f818264ab7c9d9f","sha256":"91d6724e685bbe65cea3a582aa0fc9f301a846a1ab218ef27f0990638737ea5d"},"dob":{"date":"1948-10-24T12:15:08.600Z","age":75},"registered":{"date":"2013-12-21T08:39:24.597Z","age":10},"phone":"08-5741-8772","cell":"0474-093-330","id":{"name":"TFN","value":"040714325"},"picture":{"large":"https://randomuser.me/api/portraits/men/72.jpg","medium":"https://randomuser.me/api/portraits/med/men/72.jpg","thumbnail":"https://randomuser.me/api/portraits/thumb/men/72.jpg"},"nat":"AU"}],"info":{"seed":"cf61407a91bc4aa2","results":1,"page":1,"version":"1.4"}} 
 </msg>
<msg time="2024-04-03T00:58:35.900993" level="INFO">/opt/hostedtoolcache/Python/3.12.2/x64/lib/python3.12/site-packages/urllib3/connectionpool.py:1103: InsecureRequestWarning: Unverified HTTPS request is being made to host 'randomuser.me'. Adding certificate verification is strongly advised. See: https://urllib3.readthedocs.io/en/latest/advanced-usage.html#tls-warnings
  warnings.warn(</msg>
<msg time="2024-04-03T00:58:35.901123" level="INFO">${response} = &lt;Response [200]&gt;</msg>
<var>${response}</var>
<arg>consultarAPI</arg>
<arg>/api</arg>
<doc>Sends a GET request on a previously created HTTP Session.</doc>
<status status="PASS" start="2024-04-03T00:58:35.807738" elapsed="0.093428"/>
</kw>
<kw name="Set Variable" owner="BuiltIn">
<msg time="2024-04-03T00:58:35.902205" level="INFO">${json_data} = {'results': [{'gender': 'male', 'name': {'title': 'Mr', 'first': 'Rick', 'last': 'Griffin'}, 'location': {'street': {'number': 5817, 'name': 'Lakeshore Rd'}, 'city': 'Gladstone', 'state': 'Australian ...</msg>
<var>${json_data}</var>
<arg>${response.json()}</arg>
<doc>Returns the given values which can then be assigned to a variables.</doc>
<status status="PASS" start="2024-04-03T00:58:35.901676" elapsed="0.000558"/>
</kw>
<kw name="Log" owner="BuiltIn">
<msg time="2024-04-03T00:58:35.902770" level="INFO">{'results': [{'gender': 'male', 'name': {'title': 'Mr', 'first': 'Rick', 'last': 'Griffin'}, 'location': {'street': {'number': 5817, 'name': 'Lakeshore Rd'}, 'city': 'Gladstone', 'state': 'Australian Capital Territory', 'country': 'Australia', 'postcode': 619, 'coordinates': {'latitude': '-87.1792', 'longitude': '-100.6803'}, 'timezone': {'offset': '-2:00', 'description': 'Mid-Atlantic'}}, 'email': 'rick.griffin@example.com', 'login': {'uuid': 'c5696600-32eb-4eee-a5d1-a19bd9c72ecc', 'username': 'ticklishbird666', 'password': 'freefall', 'salt': 'oh5U5545', 'md5': '7c5bbc5ef82a29718fedc1309f59bd24', 'sha1': '575d2b2e13825dd7f005fe499f818264ab7c9d9f', 'sha256': '91d6724e685bbe65cea3a582aa0fc9f301a846a1ab218ef27f0990638737ea5d'}, 'dob': {'date': '1948-10-24T12:15:08.600Z', 'age': 75}, 'registered': {'date': '2013-12-21T08:39:24.597Z', 'age': 10}, 'phone': '08-5741-8772', 'cell': '0474-093-330', 'id': {'name': 'TFN', 'value': '040714325'}, 'picture': {'large': 'https://randomuser.me/api/portraits/men/72.jpg', 'medium': 'https://randomuser.me/api/portraits/med/men/72.jpg', 'thumbnail': 'https://randomuser.me/api/portraits/thumb/men/72.jpg'}, 'nat': 'AU'}], 'info': {'seed': 'cf61407a91bc4aa2', 'results': 1, 'page': 1, 'version': '1.4'}}</msg>
<arg>${json_data}</arg>
<doc>Logs the given message with the given level.</doc>
<status status="PASS" start="2024-04-03T00:58:35.902594" elapsed="0.000225"/>
</kw>
<kw name="Dictionary Should Contain Key" owner="Collections">
<msg time="2024-04-03T00:58:35.903288" level="INFO">False</msg>
<arg>${json_data}</arg>
<arg>results</arg>
<doc>Fails if ``key`` is not found from ``dictionary``.</doc>
<status status="PASS" start="2024-04-03T00:58:35.903124" elapsed="0.000203"/>
</kw>
<kw name="Should Not Be Empty" owner="BuiltIn">
<msg time="2024-04-03T00:58:35.903764" level="INFO">Length is 2.</msg>
<arg>${json_data}</arg>
<doc>Verifies that the given item is not empty.</doc>
<status status="PASS" start="2024-04-03T00:58:35.903628" elapsed="0.000175"/>
</kw>
<kw name="Create List" owner="BuiltIn">
<msg time="2024-04-03T00:58:35.904249" level="INFO">${expected_keys} = ['gender', 'name', 'location', 'email', 'login']</msg>
<var>${expected_keys}</var>
<arg>gender</arg>
<arg>name</arg>
<arg>location</arg>
<arg>email</arg>
<arg>login</arg>
<doc>Returns a list containing given items.</doc>
<status status="PASS" start="2024-04-03T00:58:35.904098" elapsed="0.000176"/>
</kw>
<for flavor="IN">
<iter>
<kw name="Dictionary Should Contain Key" owner="Collections">
<msg time="2024-04-03T00:58:35.905291" level="INFO">False</msg>
<arg>${json_data['results'][0]}</arg>
<arg>${key}</arg>
<doc>Fails if ``key`` is not found from ``dictionary``.</doc>
<status status="PASS" start="2024-04-03T00:58:35.904871" elapsed="0.000460"/>
</kw>
<kw name="Log" owner="BuiltIn">
<msg time="2024-04-03T00:58:35.906096" level="INFO">{'gender': 'male', 'name': {'title': 'Mr', 'first': 'Rick', 'last': 'Griffin'}, 'location': {'street': {'number': 5817, 'name': 'Lakeshore Rd'}, 'city': 'Gladstone', 'state': 'Australian Capital Territory', 'country': 'Australia', 'postcode': 619, 'coordinates': {'latitude': '-87.1792', 'longitude': '-100.6803'}, 'timezone': {'offset': '-2:00', 'description': 'Mid-Atlantic'}}, 'email': 'rick.griffin@example.com', 'login': {'uuid': 'c5696600-32eb-4eee-a5d1-a19bd9c72ecc', 'username': 'ticklishbird666', 'password': 'freefall', 'salt': 'oh5U5545', 'md5': '7c5bbc5ef82a29718fedc1309f59bd24', 'sha1': '575d2b2e13825dd7f005fe499f818264ab7c9d9f', 'sha256': '91d6724e685bbe65cea3a582aa0fc9f301a846a1ab218ef27f0990638737ea5d'}, 'dob': {'date': '1948-10-24T12:15:08.600Z', 'age': 75}, 'registered': {'date': '2013-12-21T08:39:24.597Z', 'age': 10}, 'phone': '08-5741-8772', 'cell': '0474-093-330', 'id': {'name': 'TFN', 'value': '040714325'}, 'picture': {'large': 'https://randomuser.me/api/portraits/men/72.jpg', 'medium': 'https://randomuser.me/api/portraits/med/men/72.jpg', 'thumbnail': 'https://randomuser.me/api/portraits/thumb/men/72.jpg'}, 'nat': 'AU'}</msg>
<arg>${json_data['results'][0]}</arg>
<doc>Logs the given message with the given level.</doc>
<status status="PASS" start="2024-04-03T00:58:35.905710" elapsed="0.000441"/>
</kw>
<kw name="Log" owner="BuiltIn">
<msg time="2024-04-03T00:58:35.906640" level="INFO">gender</msg>
<arg>${key}</arg>
<doc>Logs the given message with the given level.</doc>
<status status="PASS" start="2024-04-03T00:58:35.906475" elapsed="0.000213"/>
</kw>
<var name="${key}">gender</var>
<status status="PASS" start="2024-04-03T00:58:35.904744" elapsed="0.002178"/>
</iter>
<iter>
<kw name="Dictionary Should Contain Key" owner="Collections">
<msg time="2024-04-03T00:58:35.907614" level="INFO">False</msg>
<arg>${json_data['results'][0]}</arg>
<arg>${key}</arg>
<doc>Fails if ``key`` is not found from ``dictionary``.</doc>
<status status="PASS" start="2024-04-03T00:58:35.907231" elapsed="0.000421"/>
</kw>
<kw name="Log" owner="BuiltIn">
<msg time="2024-04-03T00:58:35.908356" level="INFO">{'gender': 'male', 'name': {'title': 'Mr', 'first': 'Rick', 'last': 'Griffin'}, 'location': {'street': {'number': 5817, 'name': 'Lakeshore Rd'}, 'city': 'Gladstone', 'state': 'Australian Capital Territory', 'country': 'Australia', 'postcode': 619, 'coordinates': {'latitude': '-87.1792', 'longitude': '-100.6803'}, 'timezone': {'offset': '-2:00', 'description': 'Mid-Atlantic'}}, 'email': 'rick.griffin@example.com', 'login': {'uuid': 'c5696600-32eb-4eee-a5d1-a19bd9c72ecc', 'username': 'ticklishbird666', 'password': 'freefall', 'salt': 'oh5U5545', 'md5': '7c5bbc5ef82a29718fedc1309f59bd24', 'sha1': '575d2b2e13825dd7f005fe499f818264ab7c9d9f', 'sha256': '91d6724e685bbe65cea3a582aa0fc9f301a846a1ab218ef27f0990638737ea5d'}, 'dob': {'date': '1948-10-24T12:15:08.600Z', 'age': 75}, 'registered': {'date': '2013-12-21T08:39:24.597Z', 'age': 10}, 'phone': '08-5741-8772', 'cell': '0474-093-330', 'id': {'name': 'TFN', 'value': '040714325'}, 'picture': {'large': 'https://randomuser.me/api/portraits/men/72.jpg', 'medium': 'https://randomuser.me/api/portraits/med/men/72.jpg', 'thumbnail': 'https://randomuser.me/api/portraits/thumb/men/72.jpg'}, 'nat': 'AU'}</msg>
<arg>${json_data['results'][0]}</arg>
<doc>Logs the given message with the given level.</doc>
<status status="PASS" start="2024-04-03T00:58:35.907988" elapsed="0.000416"/>
</kw>
<kw name="Log" owner="BuiltIn">
<msg time="2024-04-03T00:58:35.908847" level="INFO">name</msg>
<arg>${key}</arg>
<doc>Logs the given message with the given level.</doc>
<status status="PASS" start="2024-04-03T00:58:35.908708" elapsed="0.000177"/>
</kw>
<var name="${key}">name</var>
<status status="PASS" start="2024-04-03T00:58:35.907115" elapsed="0.001989"/>
</iter>
<iter>
<kw name="Dictionary Should Contain Key" owner="Collections">
<msg time="2024-04-03T00:58:35.909774" level="INFO">False</msg>
<arg>${json_data['results'][0]}</arg>
<arg>${key}</arg>
<doc>Fails if ``key`` is not found from ``dictionary``.</doc>
<status status="PASS" start="2024-04-03T00:58:35.909396" elapsed="0.000416"/>
</kw>
<kw name="Log" owner="BuiltIn">
<msg time="2024-04-03T00:58:35.910479" level="INFO">{'gender': 'male', 'name': {'title': 'Mr', 'first': 'Rick', 'last': 'Griffin'}, 'location': {'street': {'number': 5817, 'name': 'Lakeshore Rd'}, 'city': 'Gladstone', 'state': 'Australian Capital Territory', 'country': 'Australia', 'postcode': 619, 'coordinates': {'latitude': '-87.1792', 'longitude': '-100.6803'}, 'timezone': {'offset': '-2:00', 'description': 'Mid-Atlantic'}}, 'email': 'rick.griffin@example.com', 'login': {'uuid': 'c5696600-32eb-4eee-a5d1-a19bd9c72ecc', 'username': 'ticklishbird666', 'password': 'freefall', 'salt': 'oh5U5545', 'md5': '7c5bbc5ef82a29718fedc1309f59bd24', 'sha1': '575d2b2e13825dd7f005fe499f818264ab7c9d9f', 'sha256': '91d6724e685bbe65cea3a582aa0fc9f301a846a1ab218ef27f0990638737ea5d'}, 'dob': {'date': '1948-10-24T12:15:08.600Z', 'age': 75}, 'registered': {'date': '2013-12-21T08:39:24.597Z', 'age': 10}, 'phone': '08-5741-8772', 'cell': '0474-093-330', 'id': {'name': 'TFN', 'value': '040714325'}, 'picture': {'large': 'https://randomuser.me/api/portraits/men/72.jpg', 'medium': 'https://randomuser.me/api/portraits/med/men/72.jpg', 'thumbnail': 'https://randomuser.me/api/portraits/thumb/men/72.jpg'}, 'nat': 'AU'}</msg>
<arg>${json_data['results'][0]}</arg>
<doc>Logs the given message with the given level.</doc>
<status status="PASS" start="2024-04-03T00:58:35.910114" elapsed="0.000446"/>
</kw>
<kw name="Log" owner="BuiltIn">
<msg time="2024-04-03T00:58:35.911001" level="INFO">location</msg>
<arg>${key}</arg>
<doc>Logs the given message with the given level.</doc>
<status status="PASS" start="2024-04-03T00:58:35.910871" elapsed="0.000169"/>
</kw>
<var name="${key}">location</var>
<status status="PASS" start="2024-04-03T00:58:35.909285" elapsed="0.001976"/>
</iter>
<iter>
<kw name="Dictionary Should Contain Key" owner="Collections">
<msg time="2024-04-03T00:58:35.911930" level="INFO">False</msg>
<arg>${json_data['results'][0]}</arg>
<arg>${key}</arg>
<doc>Fails if ``key`` is not found from ``dictionary``.</doc>
<status status="PASS" start="2024-04-03T00:58:35.911550" elapsed="0.000417"/>
</kw>
<kw name="Log" owner="BuiltIn">
<msg time="2024-04-03T00:58:35.912622" level="INFO">{'gender': 'male', 'name': {'title': 'Mr', 'first': 'Rick', 'last': 'Griffin'}, 'location': {'street': {'number': 5817, 'name': 'Lakeshore Rd'}, 'city': 'Gladstone', 'state': 'Australian Capital Territory', 'country': 'Australia', 'postcode': 619, 'coordinates': {'latitude': '-87.1792', 'longitude': '-100.6803'}, 'timezone': {'offset': '-2:00', 'description': 'Mid-Atlantic'}}, 'email': 'rick.griffin@example.com', 'login': {'uuid': 'c5696600-32eb-4eee-a5d1-a19bd9c72ecc', 'username': 'ticklishbird666', 'password': 'freefall', 'salt': 'oh5U5545', 'md5': '7c5bbc5ef82a29718fedc1309f59bd24', 'sha1': '575d2b2e13825dd7f005fe499f818264ab7c9d9f', 'sha256': '91d6724e685bbe65cea3a582aa0fc9f301a846a1ab218ef27f0990638737ea5d'}, 'dob': {'date': '1948-10-24T12:15:08.600Z', 'age': 75}, 'registered': {'date': '2013-12-21T08:39:24.597Z', 'age': 10}, 'phone': '08-5741-8772', 'cell': '0474-093-330', 'id': {'name': 'TFN', 'value': '040714325'}, 'picture': {'large': 'https://randomuser.me/api/portraits/men/72.jpg', 'medium': 'https://randomuser.me/api/portraits/med/men/72.jpg', 'thumbnail': 'https://randomuser.me/api/portraits/thumb/men/72.jpg'}, 'nat': 'AU'}</msg>
<arg>${json_data['results'][0]}</arg>
<doc>Logs the given message with the given level.</doc>
<status status="PASS" start="2024-04-03T00:58:35.912268" elapsed="0.000402"/>
</kw>
<kw name="Log" owner="BuiltIn">
<msg time="2024-04-03T00:58:35.913094" level="INFO">email</msg>
<arg>${key}</arg>
<doc>Logs the given message with the given level.</doc>
<status status="PASS" start="2024-04-03T00:58:35.912964" elapsed="0.000168"/>
</kw>
<var name="${key}">email</var>
<status status="PASS" start="2024-04-03T00:58:35.911437" elapsed="0.001912"/>
</iter>
<iter>
<kw name="Dictionary Should Contain Key" owner="Collections">
<msg time="2024-04-03T00:58:35.914038" level="INFO">False</msg>
<arg>${json_data['results'][0]}</arg>
<arg>${key}</arg>
<doc>Fails if ``key`` is not found from ``dictionary``.</doc>
<status status="PASS" start="2024-04-03T00:58:35.913651" elapsed="0.000424"/>
</kw>
<kw name="Log" owner="BuiltIn">
<msg time="2024-04-03T00:58:35.914756" level="INFO">{'gender': 'male', 'name': {'title': 'Mr', 'first': 'Rick', 'last': 'Griffin'}, 'location': {'street': {'number': 5817, 'name': 'Lakeshore Rd'}, 'city': 'Gladstone', 'state': 'Australian Capital Territory', 'country': 'Australia', 'postcode': 619, 'coordinates': {'latitude': '-87.1792', 'longitude': '-100.6803'}, 'timezone': {'offset': '-2:00', 'description': 'Mid-Atlantic'}}, 'email': 'rick.griffin@example.com', 'login': {'uuid': 'c5696600-32eb-4eee-a5d1-a19bd9c72ecc', 'username': 'ticklishbird666', 'password': 'freefall', 'salt': 'oh5U5545', 'md5': '7c5bbc5ef82a29718fedc1309f59bd24', 'sha1': '575d2b2e13825dd7f005fe499f818264ab7c9d9f', 'sha256': '91d6724e685bbe65cea3a582aa0fc9f301a846a1ab218ef27f0990638737ea5d'}, 'dob': {'date': '1948-10-24T12:15:08.600Z', 'age': 75}, 'registered': {'date': '2013-12-21T08:39:24.597Z', 'age': 10}, 'phone': '08-5741-8772', 'cell': '0474-093-330', 'id': {'name': 'TFN', 'value': '040714325'}, 'picture': {'large': 'https://randomuser.me/api/portraits/men/72.jpg', 'medium': 'https://randomuser.me/api/portraits/med/men/72.jpg', 'thumbnail': 'https://randomuser.me/api/portraits/thumb/men/72.jpg'}, 'nat': 'AU'}</msg>
<arg>${json_data['results'][0]}</arg>
<doc>Logs the given message with the given level.</doc>
<status status="PASS" start="2024-04-03T00:58:35.914368" elapsed="0.000436"/>
</kw>
<kw name="Log" owner="BuiltIn">
<msg time="2024-04-03T00:58:35.915228" level="INFO">login</msg>
<arg>${key}</arg>
<doc>Logs the given message with the given level.</doc>
<status status="PASS" start="2024-04-03T00:58:35.915101" elapsed="0.000281"/>
</kw>
<var name="${key}">login</var>
<status status="PASS" start="2024-04-03T00:58:35.913525" elapsed="0.002113"/>
</iter>
<var>${key}</var>
<value>@{expected_keys}</value>
<status status="PASS" start="2024-04-03T00:58:35.904547" elapsed="0.011221"/>
</for>
<kw name="Create List" owner="BuiltIn">
<msg time="2024-04-03T00:58:35.916109" level="INFO">${expected_keysTwo} = ['username', 'password']</msg>
<var>${expected_keysTwo}</var>
<arg>username</arg>
<arg>password</arg>
<doc>Returns a list containing given items.</doc>
<status status="PASS" start="2024-04-03T00:58:35.915966" elapsed="0.000178"/>
</kw>
<for flavor="IN">
<iter>
<kw name="Dictionary Should Contain Key" owner="Collections">
<msg time="2024-04-03T00:58:35.917057" level="INFO">False</msg>
<arg>${json_data['results'][0]['login']}</arg>
<arg>${keyTwo}</arg>
<doc>Fails if ``key`` is not found from ``dictionary``.</doc>
<status status="PASS" start="2024-04-03T00:58:35.916671" elapsed="0.000424"/>
</kw>
<kw name="Dictionary Should Contain Key" owner="Collections">
<msg time="2024-04-03T00:58:35.918021" level="INFO">False</msg>
<arg>${json_data['results'][0]['login']}</arg>
<arg>${keyTwo}</arg>
<doc>Fails if ``key`` is not found from ``dictionary``.</doc>
<status status="PASS" start="2024-04-03T00:58:35.917469" elapsed="0.000600"/>
</kw>
<kw name="Log" owner="BuiltIn">
<msg time="2024-04-03T00:58:35.918625" level="INFO">username</msg>
<arg>${keyTwo}</arg>
<doc>Logs the given message with the given level.</doc>
<status status="PASS" start="2024-04-03T00:58:35.918436" elapsed="0.000240"/>
</kw>
<var name="${keyTwo}">username</var>
<status status="PASS" start="2024-04-03T00:58:35.916560" elapsed="0.002394"/>
</iter>
<iter>
<kw name="Dictionary Should Contain Key" owner="Collections">
<msg time="2024-04-03T00:58:35.919847" level="INFO">False</msg>
<arg>${json_data['results'][0]['login']}</arg>
<arg>${keyTwo}</arg>
<doc>Fails if ``key`` is not found from ``dictionary``.</doc>
<status status="PASS" start="2024-04-03T00:58:35.919324" elapsed="0.000573"/>
</kw>
<kw name="Dictionary Should Contain Key" owner="Collections">
<msg time="2024-04-03T00:58:35.920712" level="INFO">False</msg>
<arg>${json_data['results'][0]['login']}</arg>
<arg>${keyTwo}</arg>
<doc>Fails if ``key`` is not found from ``dictionary``.</doc>
<status status="PASS" start="2024-04-03T00:58:35.920269" elapsed="0.000480"/>
</kw>
<kw name="Log" owner="BuiltIn">
<msg time="2024-04-03T00:58:35.921183" level="INFO">password</msg>
<arg>${keyTwo}</arg>
<doc>Logs the given message with the given level.</doc>
<status status="PASS" start="2024-04-03T00:58:35.921052" elapsed="0.000170"/>
</kw>
<var name="${keyTwo}">password</var>
<status status="PASS" start="2024-04-03T00:58:35.919178" elapsed="0.002266"/>
</iter>
<var>${keyTwo}</var>
<value>@{expected_keysTwo}</value>
<status status="PASS" start="2024-04-03T00:58:35.916407" elapsed="0.005159"/>
</for>
<status status="PASS" start="2024-04-03T00:58:35.807495" elapsed="0.114219"/>
</kw>
<doc>Testa a estrutura da resposta da API.</doc>
<tag>testeEstruturaResposta</tag>
<status status="PASS" start="2024-04-03T00:58:35.806715" elapsed="0.115168"/>
</test>
<test id="s1-s1-t4" name="Validar tipos de dados" line="28">
<kw name="Teste de Tipos de Dados" owner="random-user-service">
<kw name="GET On Session" owner="RequestsLibrary">
<msg time="2024-04-03T00:58:36.060904" level="INFO">GET Request : url=https://randomuser.me/api 
 path_url=/api 
 headers={'User-Agent': 'python-requests/2.31.0', 'Accept-Encoding': 'gzip, deflate', 'Accept': '*/*', 'Connection': 'keep-alive'} 
 body=None 
 </msg>
<msg time="2024-04-03T00:58:36.061010" level="INFO">GET Response : url=https://randomuser.me/api 
 status=200, reason=OK 
 headers={'Date': 'Wed, 03 Apr 2024 00:58:36 GMT', 'Content-Type': 'application/json; charset=utf-8', 'Transfer-Encoding': 'chunked', 'Connection': 'keep-alive', 'X-Powered-By': 'Express', 'Access-Control-Allow-Origin': '*', 'Cache-Control': 'no-cache', 'ETag': 'W/"48d-3N2wFZHRj57FZQMK21ySo13vjC8"', 'Vary': 'Accept-Encoding', 'Content-Encoding': 'gzip', 'CF-Cache-Status': 'DYNAMIC', 'Report-To': '{"endpoints":[{"url":"https:\\/\\/a.nel.cloudflare.com\\/report\\/v4?s=5u02o5TSAjNw2q0hYchoSRPqpx4lA4Kv%2BNJLCtIyI%2BMBOqqazMg09WbdLugqPcFbYt1aqPkhSRT1SxEoqx%2FHzah7Yd1xS%2Benh1O2KVjSYleqbEBLy%2Foa5KttFrGcyrfS"}],"group":"cf-nel","max_age":604800}', 'NEL': '{"success_fraction":0,"report_to":"cf-nel","max_age":604800}', 'Server': 'cloudflare', 'CF-RAY': '86e51c768b7d89fa-ORD', 'alt-svc': 'h3=":443"; ma=86400'} 
 body={"results":[{"gender":"male","name":{"title":"Mr","first":"Svitogor","last":"Kiriyak"},"location":{"street":{"number":8918,"name":"Mikoli Zerova"},"city":"Andrushivka","state":"Kiyivska","country":"Ukraine","postcode":16863,"coordinates":{"latitude":"81.4210","longitude":"-132.1754"},"timezone":{"offset":"+5:30","description":"Bombay, Calcutta, Madras, New Delhi"}},"email":"svitogor.kiriyak@example.com","login":{"uuid":"c6be5061-a801-4d65-be35-185f604c599b","username":"browngoose199","password":"their","salt":"NIcf1Atp","md5":"3a9c3cd0f02c1531bcfb55ea54578031","sha1":"c3317f9f2e396be2c79ec1a707d5845a4cd493ea","sha256":"0a3257ce1c09db0077beefb8cb9954a9544ca4fae7d227c83484b5e88ac81e68"},"dob":{"date":"1974-12-16T13:57:28.764Z","age":49},"registered":{"date":"2008-07-13T17:18:53.136Z","age":15},"phone":"(068) B27-3557","cell":"(096) T28-9882","id":{"name":"","value":null},"picture":{"large":"https://randomuser.me/api/portraits/men/99.jpg","medium":"https://randomuser.me/api/portraits/med/men/99.jpg","thumbnail":"https://randomuser.me/api/portraits/thumb/men/99.jpg"},"nat":"UA"}],"info":{"seed":"e48da858fb943d59","results":1,"page":1,"version":"1.4"}} 
 </msg>
<msg time="2024-04-03T00:58:36.061081" level="INFO">/opt/hostedtoolcache/Python/3.12.2/x64/lib/python3.12/site-packages/urllib3/connectionpool.py:1103: InsecureRequestWarning: Unverified HTTPS request is being made to host 'randomuser.me'. Adding certificate verification is strongly advised. See: https://urllib3.readthedocs.io/en/latest/advanced-usage.html#tls-warnings
  warnings.warn(</msg>
<msg time="2024-04-03T00:58:36.061342" level="INFO">${response} = &lt;Response [200]&gt;</msg>
<var>${response}</var>
<arg>consultarAPI</arg>
<arg>/api</arg>
<doc>Sends a GET request on a previously created HTTP Session.</doc>
<status status="PASS" start="2024-04-03T00:58:35.924473" elapsed="0.136916"/>
</kw>
<kw name="Set Variable" owner="BuiltIn">
<msg time="2024-04-03T00:58:36.062506" level="INFO">${json_data} = {'results': [{'gender': 'male', 'name': {'title': 'Mr', 'first': 'Svitogor', 'last': 'Kiriyak'}, 'location': {'street': {'number': 8918, 'name': 'Mikoli Zerova'}, 'city': 'Andrushivka', 'state': 'Kiyi...</msg>
<var>${json_data}</var>
<arg>${response.json()}</arg>
<doc>Returns the given values which can then be assigned to a variables.</doc>
<status status="PASS" start="2024-04-03T00:58:36.061989" elapsed="0.000577"/>
</kw>
<kw name="Log" owner="BuiltIn">
<msg time="2024-04-03T00:58:36.063052" level="INFO">{'results': [{'gender': 'male', 'name': {'title': 'Mr', 'first': 'Svitogor', 'last': 'Kiriyak'}, 'location': {'street': {'number': 8918, 'name': 'Mikoli Zerova'}, 'city': 'Andrushivka', 'state': 'Kiyivska', 'country': 'Ukraine', 'postcode': 16863, 'coordinates': {'latitude': '81.4210', 'longitude': '-132.1754'}, 'timezone': {'offset': '+5:30', 'description': 'Bombay, Calcutta, Madras, New Delhi'}}, 'email': 'svitogor.kiriyak@example.com', 'login': {'uuid': 'c6be5061-a801-4d65-be35-185f604c599b', 'username': 'browngoose199', 'password': 'their', 'salt': 'NIcf1Atp', 'md5': '3a9c3cd0f02c1531bcfb55ea54578031', 'sha1': 'c3317f9f2e396be2c79ec1a707d5845a4cd493ea', 'sha256': '0a3257ce1c09db0077beefb8cb9954a9544ca4fae7d227c83484b5e88ac81e68'}, 'dob': {'date': '1974-12-16T13:57:28.764Z', 'age': 49}, 'registered': {'date': '2008-07-13T17:18:53.136Z', 'age': 15}, 'phone': '(068) B27-3557', 'cell': '(096) T28-9882', 'id': {'name': '', 'value': None}, 'picture': {'large': 'https://randomuser.me/api/portraits/men/99.jpg', 'medium': 'https://randomuser.me/api/portraits/med/men/99.jpg', 'thumbnail': 'https://randomuser.me/api/portraits/thumb/men/99.jpg'}, 'nat': 'UA'}], 'info': {'seed': 'e48da858fb943d59', 'results': 1, 'page': 1, 'version': '1.4'}}</msg>
<arg>${json_data}</arg>
<doc>Logs the given message with the given level.</doc>
<status status="PASS" start="2024-04-03T00:58:36.062892" elapsed="0.000246"/>
</kw>
<kw name="Should Be String" owner="String">
<arg>${json_data['results'][0]['gender']}</arg>
<doc>Fails if the given ``item`` is not a string.</doc>
<status status="PASS" start="2024-04-03T00:58:36.063447" elapsed="0.000366"/>
</kw>
<kw name="Should Match Regexp" owner="BuiltIn">
<arg>${json_data['results'][0]['email']}</arg>
<arg>^[a-zA-Z0-9._%+-]+@[a-zA-Z0-9.-]+\.[a-zA-Z]{2,}$</arg>
<doc>Fails if ``string`` does not match ``pattern`` as a regular expression.</doc>
<status status="PASS" start="2024-04-03T00:58:36.064010" elapsed="0.000527"/>
</kw>
<kw name="Should Match Regexp" owner="BuiltIn">
<arg>${json_data['results'][0]['dob']['date']}</arg>
<arg>\\d{4}-\\d{2}-\\d{2}T\\d{2}:\\d{2}:\\d{2}\\.\\d{3}Z</arg>
<doc>Fails if ``string`` does not match ``pattern`` as a regular expression.</doc>
<status status="PASS" start="2024-04-03T00:58:36.064738" elapsed="0.000492"/>
</kw>
<kw name="Should Match Regexp" owner="BuiltIn">
<arg>${json_data['results'][0]['registered']['date']}</arg>
<arg>\\d{4}-\\d{2}-\\d{2}T\\d{2}:\\d{2}:\\d{2}\\.\\d{3}Z</arg>
<doc>Fails if ``string`` does not match ``pattern`` as a regular expression.</doc>
<status status="PASS" start="2024-04-03T00:58:36.065426" elapsed="0.000375"/>
</kw>
<kw name="Should Match Regexp" owner="BuiltIn">
<arg>${json_data['results'][0]['picture']['large']}</arg>
<arg>^https?://.*\.(?:png|jpe?g|gif|bmp)$</arg>
<doc>Fails if ``string`` does not match ``pattern`` as a regular expression.</doc>
<status status="PASS" start="2024-04-03T00:58:36.065990" elapsed="0.000463"/>
</kw>
<kw name="Should Match Regexp" owner="BuiltIn">
<arg>${json_data['results'][0]['picture']['medium']}</arg>
<arg>^https?://.*\.(?:png|jpe?g|gif|bmp)$</arg>
<doc>Fails if ``string`` does not match ``pattern`` as a regular expression.</doc>
<status status="PASS" start="2024-04-03T00:58:36.066681" elapsed="0.000374"/>
</kw>
<kw name="Should Match Regexp" owner="BuiltIn">
<arg>${json_data['results'][0]['picture']['thumbnail']}</arg>
<arg>^https?://.*\.(?:png|jpe?g|gif|bmp)$</arg>
<doc>Fails if ``string`` does not match ``pattern`` as a regular expression.</doc>
<status status="PASS" start="2024-04-03T00:58:36.067243" elapsed="0.000348"/>
</kw>
<kw name="Log" owner="BuiltIn">
<msg time="2024-04-03T00:58:36.068103" level="INFO">{'large': 'https://randomuser.me/api/portraits/men/99.jpg', 'medium': 'https://randomuser.me/api/portraits/med/men/99.jpg', 'thumbnail': 'https://randomuser.me/api/portraits/thumb/men/99.jpg'}</msg>
<arg>${json_data['results'][0]['picture']}</arg>
<doc>Logs the given message with the given level.</doc>
<status status="PASS" start="2024-04-03T00:58:36.067771" elapsed="0.000380"/>
</kw>
<status status="PASS" start="2024-04-03T00:58:35.924240" elapsed="0.144173"/>
</kw>
<kw name="Teste de Tipos de Dados - Postcode" owner="random-user-service">
<kw name="GET On Session" owner="RequestsLibrary">
<msg time="2024-04-03T00:58:36.123581" level="INFO">GET Request : url=https://randomuser.me/api 
 path_url=/api 
 headers={'User-Agent': 'python-requests/2.31.0', 'Accept-Encoding': 'gzip, deflate', 'Accept': '*/*', 'Connection': 'keep-alive'} 
 body=None 
 </msg>
<msg time="2024-04-03T00:58:36.123647" level="INFO">GET Response : url=https://randomuser.me/api 
 status=200, reason=OK 
 headers={'Date': 'Wed, 03 Apr 2024 00:58:36 GMT', 'Content-Type': 'application/json; charset=utf-8', 'Transfer-Encoding': 'chunked', 'Connection': 'keep-alive', 'X-Powered-By': 'Express', 'Access-Control-Allow-Origin': '*', 'Cache-Control': 'no-cache', 'ETag': 'W/"495-JSJdoLJ9k+wqz5XpyHLArX2EksY"', 'Vary': 'Accept-Encoding', 'Content-Encoding': 'gzip', 'CF-Cache-Status': 'DYNAMIC', 'Report-To': '{"endpoints":[{"url":"https:\\/\\/a.nel.cloudflare.com\\/report\\/v4?s=bCtIRlMgeFIiSB1sNXEnA%2FE9nSHzbMbyIVCG5%2FCrC%2F879CvdPxhMZ551f2%2FHaVYJlWx6%2FGvEFiMxE4qteNGC0GbCFVdsttwTxePqcmknjd8RLnoSkRORw1BdwbV2sK9U"}],"group":"cf-nel","max_age":604800}', 'NEL': '{"success_fraction":0,"report_to":"cf-nel","max_age":604800}', 'Server': 'cloudflare', 'CF-RAY': '86e51c776ce189fa-ORD', 'alt-svc': 'h3=":443"; ma=86400'} 
 body={"results":[{"gender":"female","name":{"title":"Miss","first":"María Cristina","last":"Galván"},"location":{"street":{"number":5093,"name":"Periférico Ocasio"},"city":"Santa Clara","state":"Oaxaca","country":"Mexico","postcode":33074,"coordinates":{"latitude":"25.2770","longitude":"155.4566"},"timezone":{"offset":"-10:00","description":"Hawaii"}},"email":"mariacristina.galvan@example.com","login":{"uuid":"a5218cc9-4074-48fb-9eb2-0abbbd2ec1dc","username":"blackbear715","password":"plane","salt":"dEsH7SY6","md5":"d6231f35fb56c76136f6ba3d37d61cbc","sha1":"0eb59c2bf18a940a521c5b174ce2c5aeaf84fede","sha256":"533d8185b0f4e13ac533912753203e32e9bbb34e68b405d4ccdfb1cd28e2de02"},"dob":{"date":"1986-08-29T08:39:27.701Z","age":37},"registered":{"date":"2016-12-26T03:11:41.736Z","age":7},"phone":"(681) 970 8726","cell":"(677) 834 9762","id":{"name":"NSS","value":"68 18 86 7665 1"},"picture":{"large":"https://randomuser.me/api/portraits/women/71.jpg","medium":"https://randomuser.me/api/portraits/med/women/71.jpg","thumbnail":"https://randomuser.me/api/portraits/thumb/women/71.jpg"},"nat":"MX"}],"info":{"seed":"032c91e92b148420","results":1,"page":1,"version":"1.4"}} 
 </msg>
<msg time="2024-04-03T00:58:36.123715" level="INFO">/opt/hostedtoolcache/Python/3.12.2/x64/lib/python3.12/site-packages/urllib3/connectionpool.py:1103: InsecureRequestWarning: Unverified HTTPS request is being made to host 'randomuser.me'. Adding certificate verification is strongly advised. See: https://urllib3.readthedocs.io/en/latest/advanced-usage.html#tls-warnings
  warnings.warn(</msg>
<msg time="2024-04-03T00:58:36.123803" level="INFO">${response} = &lt;Response [200]&gt;</msg>
<var>${response}</var>
<arg>consultarAPI</arg>
<arg>/api</arg>
<doc>Sends a GET request on a previously created HTTP Session.</doc>
<status status="PASS" start="2024-04-03T00:58:36.069026" elapsed="0.054817"/>
</kw>
<kw name="Set Variable" owner="BuiltIn">
<msg time="2024-04-03T00:58:36.124870" level="INFO">${json_data} = {'results': [{'gender': 'female', 'name': {'title': 'Miss', 'first': 'María Cristina', 'last': 'Galván'}, 'location': {'street': {'number': 5093, 'name': 'Periférico Ocasio'}, 'city': 'Santa Clara', '...</msg>
<var>${json_data}</var>
<arg>${response.json()}</arg>
<doc>Returns the given values which can then be assigned to a variables.</doc>
<status status="PASS" start="2024-04-03T00:58:36.124302" elapsed="0.000597"/>
</kw>
<kw name="Log" owner="BuiltIn">
<msg time="2024-04-03T00:58:36.125365" level="INFO">{'results': [{'gender': 'female', 'name': {'title': 'Miss', 'first': 'María Cristina', 'last': 'Galván'}, 'location': {'street': {'number': 5093, 'name': 'Periférico Ocasio'}, 'city': 'Santa Clara', 'state': 'Oaxaca', 'country': 'Mexico', 'postcode': 33074, 'coordinates': {'latitude': '25.2770', 'longitude': '155.4566'}, 'timezone': {'offset': '-10:00', 'description': 'Hawaii'}}, 'email': 'mariacristina.galvan@example.com', 'login': {'uuid': 'a5218cc9-4074-48fb-9eb2-0abbbd2ec1dc', 'username': 'blackbear715', 'password': 'plane', 'salt': 'dEsH7SY6', 'md5': 'd6231f35fb56c76136f6ba3d37d61cbc', 'sha1': '0eb59c2bf18a940a521c5b174ce2c5aeaf84fede', 'sha256': '533d8185b0f4e13ac533912753203e32e9bbb34e68b405d4ccdfb1cd28e2de02'}, 'dob': {'date': '1986-08-29T08:39:27.701Z', 'age': 37}, 'registered': {'date': '2016-12-26T03:11:41.736Z', 'age': 7}, 'phone': '(681) 970 8726', 'cell': '(677) 834 9762', 'id': {'name': 'NSS', 'value': '68 18 86 7665 1'}, 'picture': {'large': 'https://randomuser.me/api/portraits/women/71.jpg', 'medium': 'https://randomuser.me/api/portraits/med/women/71.jpg', 'thumbnail': 'https://randomuser.me/api/portraits/thumb/women/71.jpg'}, 'nat': 'MX'}], 'info': {'seed': '032c91e92b148420', 'results': 1, 'page': 1, 'version': '1.4'}}</msg>
<arg>${json_data}</arg>
<doc>Logs the given message with the given level.</doc>
<status status="PASS" start="2024-04-03T00:58:36.125208" elapsed="0.000237"/>
</kw>
<kw name="Should Be Equal As Numbers" owner="BuiltIn">
<arg>${json_data['results'][0]['location']['postcode']}</arg>
<arg>${json_data['results'][0]['location']['postcode']}</arg>
<doc>Fails if objects are unequal after converting them to real numbers.</doc>
<status status="PASS" start="2024-04-03T00:58:36.125754" elapsed="0.000627"/>
</kw>
<kw name="Log" owner="BuiltIn">
<msg time="2024-04-03T00:58:36.127074" level="INFO">33074</msg>
<arg>${json_data['results'][0]['location']['postcode']}</arg>
<doc>Logs the given message with the given level.</doc>
<status status="PASS" start="2024-04-03T00:58:36.126610" elapsed="0.000534"/>
</kw>
<status status="PASS" start="2024-04-03T00:58:36.068647" elapsed="0.058910"/>
</kw>
<doc>Testa se os tipos de dados na resposta da API estão corretos.</doc>
<tag>testeTiposDados</tag>
<status status="PASS" start="2024-04-03T00:58:35.923682" elapsed="0.204170"/>
</test>
<test id="s1-s1-t5" name="Validar conteudo" line="35">
<kw name="Teste de Tipos de Conteudo" owner="random-user-service">
<kw name="GET On Session" owner="RequestsLibrary">
<msg time="2024-04-03T00:58:36.227243" level="INFO">GET Request : url=https://randomuser.me/api 
 path_url=/api 
 headers={'User-Agent': 'python-requests/2.31.0', 'Accept-Encoding': 'gzip, deflate', 'Accept': '*/*', 'Connection': 'keep-alive'} 
 body=None 
 </msg>
<msg time="2024-04-03T00:58:36.227336" level="INFO">GET Response : url=https://randomuser.me/api 
 status=200, reason=OK 
 headers={'Date': 'Wed, 03 Apr 2024 00:58:36 GMT', 'Content-Type': 'application/json; charset=utf-8', 'Transfer-Encoding': 'chunked', 'Connection': 'keep-alive', 'X-Powered-By': 'Express', 'Access-Control-Allow-Origin': '*', 'Cache-Control': 'no-cache', 'ETag': 'W/"49b-Tzog/+vjMXywO5Byc2DIaxhVb+I"', 'Vary': 'Accept-Encoding', 'Content-Encoding': 'gzip', 'CF-Cache-Status': 'DYNAMIC', 'Report-To': '{"endpoints":[{"url":"https:\\/\\/a.nel.cloudflare.com\\/report\\/v4?s=kHmINJ%2FIyZ8X7%2BQPTJyUKoXkOWn8sNgybL6f0Dms8IWczo8h0rrpZiqDEESxB1hvEu0pDGD60PGLk2bCp%2Fl%2FiDEGTsoDs03oYx%2FRk56pwtETwujTRVlTgrZintIDrri0"}],"group":"cf-nel","max_age":604800}', 'NEL': '{"success_fraction":0,"report_to":"cf-nel","max_age":604800}', 'Server': 'cloudflare', 'CF-RAY': '86e51c77dd5289fa-ORD', 'alt-svc': 'h3=":443"; ma=86400'} 
 body={"results":[{"gender":"female","name":{"title":"Madame","first":"Salome","last":"Moreau"},"location":{"street":{"number":9544,"name":"Rue de L'Abbé-Gillet"},"city":"Grindelwald","state":"Zug","country":"Switzerland","postcode":7423,"coordinates":{"latitude":"-60.3161","longitude":"36.0455"},"timezone":{"offset":"+6:00","description":"Almaty, Dhaka, Colombo"}},"email":"salome.moreau@example.com","login":{"uuid":"dbdcf85f-e6e2-4e71-8e82-59bcd8b836dc","username":"blackfrog633","password":"keystone","salt":"A6i3Bdd4","md5":"4ef3d5af3e5f306936a541642c44a0dc","sha1":"d84e1e5649c71eb57b18bef999f7086c293293e0","sha256":"37820bdc8cc6aeff4e97e80d055a958a72583edaa9cd26e39f92798a97453b28"},"dob":{"date":"1984-03-28T11:29:47.281Z","age":40},"registered":{"date":"2017-08-22T00:28:34.079Z","age":6},"phone":"077 238 70 83","cell":"079 616 71 59","id":{"name":"AVS","value":"756.5066.2492.61"},"picture":{"large":"https://randomuser.me/api/portraits/women/80.jpg","medium":"https://randomuser.me/api/portraits/med/women/80.jpg","thumbnail":"https://randomuser.me/api/portraits/thumb/women/80.jpg"},"nat":"CH"}],"info":{"seed":"6f6158e57b07ab20","results":1,"page":1,"version":"1.4"}} 
 </msg>
<msg time="2024-04-03T00:58:36.227407" level="INFO">/opt/hostedtoolcache/Python/3.12.2/x64/lib/python3.12/site-packages/urllib3/connectionpool.py:1103: InsecureRequestWarning: Unverified HTTPS request is being made to host 'randomuser.me'. Adding certificate verification is strongly advised. See: https://urllib3.readthedocs.io/en/latest/advanced-usage.html#tls-warnings
  warnings.warn(</msg>
<msg time="2024-04-03T00:58:36.227521" level="INFO">${response} = &lt;Response [200]&gt;</msg>
<var>${response}</var>
<arg>consultarAPI</arg>
<arg>/api</arg>
<doc>Sends a GET request on a previously created HTTP Session.</doc>
<status status="PASS" start="2024-04-03T00:58:36.131251" elapsed="0.096309"/>
</kw>
<kw name="Set Variable" owner="BuiltIn">
<msg time="2024-04-03T00:58:36.228688" level="INFO">${json_data} = {'results': [{'gender': 'female', 'name': {'title': 'Madame', 'first': 'Salome', 'last': 'Moreau'}, 'location': {'street': {'number': 9544, 'name': "Rue de L'Abbé-Gillet"}, 'city': 'Grindelwald', 'sta...</msg>
<var>${json_data}</var>
<arg>${response.json()}</arg>
<doc>Returns the given values which can then be assigned to a variables.</doc>
<status status="PASS" start="2024-04-03T00:58:36.228102" elapsed="0.000616"/>
</kw>
<kw name="Set Variable" owner="BuiltIn">
<msg time="2024-04-03T00:58:36.229409" level="INFO">${name_title} = Madame</msg>
<var>${name_title}</var>
<arg>${json_data["results"][0]["name"]["title"]}</arg>
<doc>Returns the given values which can then be assigned to a variables.</doc>
<status status="PASS" start="2024-04-03T00:58:36.229027" elapsed="0.000408"/>
</kw>
<kw name="Create List" owner="BuiltIn">
<msg time="2024-04-03T00:58:36.229892" level="INFO">${allowed_titles} = ['Mr', 'Ms', 'Miss', 'Mrs', 'Madame', 'Monsieur']</msg>
<var>${allowed_titles}</var>
<arg>Mr</arg>
<arg>Ms</arg>
<arg>Miss</arg>
<arg>Mrs</arg>
<arg>Madame</arg>
<arg>Monsieur</arg>
<doc>Returns a list containing given items.</doc>
<status status="PASS" start="2024-04-03T00:58:36.229740" elapsed="0.000177"/>
</kw>
<kw name="List Should Contain Value" owner="Collections">
<msg time="2024-04-03T00:58:36.230408" level="INFO">False</msg>
<arg>${allowed_titles}</arg>
<arg>${name_title}</arg>
<doc>Fails if the ``value`` is not found from ``list``.</doc>
<status status="PASS" start="2024-04-03T00:58:36.230228" elapsed="0.000219"/>
</kw>
<kw name="Set Variable" owner="BuiltIn">
<msg time="2024-04-03T00:58:36.231184" level="INFO">${name_country} = CH</msg>
<var>${name_country}</var>
<arg>${json_data["results"][0]["nat"]}</arg>
<doc>Returns the given values which can then be assigned to a variables.</doc>
<status status="PASS" start="2024-04-03T00:58:36.230798" elapsed="0.000411"/>
</kw>
<kw name="Create List" owner="BuiltIn">
<msg time="2024-04-03T00:58:36.232133" level="INFO">${list_country} = ['AD', 'AE', 'AF', 'AG', 'AI', 'AL', 'AM', 'AO', 'AQ', 'AR', 'AS', 'AT', 'AU', 'AW', 'AX', 'AZ', 'BA', 'BB', 'BD', 'BE', 'BF', 'BG', 'BH', 'BI', 'BJ', 'BL', 'BM', 'BN', 'BO', 'BQ', 'BR', 'BS', 'BT', '...</msg>
<var>${list_country}</var>
<arg>AD</arg>
<arg>AE</arg>
<arg>AF</arg>
<arg>AG</arg>
<arg>AI</arg>
<arg>AL</arg>
<arg>AM</arg>
<arg>AO</arg>
<arg>AQ</arg>
<arg>AR</arg>
<arg>AS</arg>
<arg>AT</arg>
<arg>AU</arg>
<arg>AW</arg>
<arg>AX</arg>
<arg>AZ</arg>
<arg>BA</arg>
<arg>BB</arg>
<arg>BD</arg>
<arg>BE</arg>
<arg>BF</arg>
<arg>BG</arg>
<arg>BH</arg>
<arg>BI</arg>
<arg>BJ</arg>
<arg>BL</arg>
<arg>BM</arg>
<arg>BN</arg>
<arg>BO</arg>
<arg>BQ</arg>
<arg>BR</arg>
<arg>BS</arg>
<arg>BT</arg>
<arg>BV</arg>
<arg>BW</arg>
<arg>BY</arg>
<arg>BZ</arg>
<arg>CA</arg>
<arg>CC</arg>
<arg>CD</arg>
<arg>CF</arg>
<arg>CG</arg>
<arg>CH</arg>
<arg>CI</arg>
<arg>CK</arg>
<arg>CL</arg>
<arg>CM</arg>
<arg>CN</arg>
<arg>CO</arg>
<arg>CR</arg>
<arg>CU</arg>
<arg>CV</arg>
<arg>CW</arg>
<arg>CX</arg>
<arg>CY</arg>
<arg>CZ</arg>
<arg>DE</arg>
<arg>DJ</arg>
<arg>DK</arg>
<arg>DM</arg>
<arg>DO</arg>
<arg>DZ</arg>
<arg>EC</arg>
<arg>EE</arg>
<arg>EG</arg>
<arg>EH</arg>
<arg>ER</arg>
<arg>ES</arg>
<arg>ET</arg>
<arg>FI</arg>
<arg>FJ</arg>
<arg>FK</arg>
<arg>FM</arg>
<arg>FO</arg>
<arg>FR</arg>
<arg>GA</arg>
<arg>GB</arg>
<arg>GD</arg>
<arg>GE</arg>
<arg>GF</arg>
<arg>GG</arg>
<arg>GH</arg>
<arg>GI</arg>
<arg>GL</arg>
<arg>GM</arg>
<arg>GN</arg>
<arg>GP</arg>
<arg>GQ</arg>
<arg>GR</arg>
<arg>GS</arg>
<arg>GT</arg>
<arg>GU</arg>
<arg>GW</arg>
<arg>GY</arg>
<arg>HK</arg>
<arg>HM</arg>
<arg>HN</arg>
<arg>HR</arg>
<arg>HT</arg>
<arg>HU</arg>
<arg>ID</arg>
<arg>IE</arg>
<arg>IL</arg>
<arg>IM</arg>
<arg>IN</arg>
<arg>IO</arg>
<arg>IQ</arg>
<arg>IR</arg>
<arg>IS</arg>
<arg>IT</arg>
<arg>JE</arg>
<arg>JM</arg>
<arg>JO</arg>
<arg>JP</arg>
<arg>KE</arg>
<arg>KG</arg>
<arg>KH</arg>
<arg>KI</arg>
<arg>KM</arg>
<arg>KN</arg>
<arg>KP</arg>
<arg>KR</arg>
<arg>KW</arg>
<arg>KY</arg>
<arg>KZ</arg>
<arg>LA</arg>
<arg>LB</arg>
<arg>LC</arg>
<arg>LI</arg>
<arg>LK</arg>
<arg>LR</arg>
<arg>LS</arg>
<arg>LT</arg>
<arg>LU</arg>
<arg>LV</arg>
<arg>LY</arg>
<arg>MA</arg>
<arg>MC</arg>
<arg>MD</arg>
<arg>ME</arg>
<arg>MF</arg>
<arg>MG</arg>
<arg>MH</arg>
<arg>MK</arg>
<arg>ML</arg>
<arg>MM</arg>
<arg>MN</arg>
<arg>MO</arg>
<arg>MP</arg>
<arg>MQ</arg>
<arg>MR</arg>
<arg>MS</arg>
<arg>MT</arg>
<arg>MU</arg>
<arg>MV</arg>
<arg>MW</arg>
<arg>MX</arg>
<arg>MY</arg>
<arg>MZ</arg>
<arg>NA</arg>
<arg>NC</arg>
<arg>NE</arg>
<arg>NF</arg>
<arg>NG</arg>
<arg>NI</arg>
<arg>NL</arg>
<arg>NO</arg>
<arg>NP</arg>
<arg>NR</arg>
<arg>NU</arg>
<arg>NZ</arg>
<arg>OM</arg>
<arg>PA</arg>
<arg>PE</arg>
<arg>PF</arg>
<arg>PG</arg>
<arg>PH</arg>
<arg>PK</arg>
<arg>PL</arg>
<arg>PM</arg>
<arg>PN</arg>
<arg>PR</arg>
<arg>PS</arg>
<arg>PT</arg>
<arg>PW</arg>
<arg>PY</arg>
<arg>QA</arg>
<arg>RE</arg>
<arg>RO</arg>
<arg>RS</arg>
<arg>RU</arg>
<arg>RW</arg>
<arg>SA</arg>
<arg>SB</arg>
<arg>SC</arg>
<arg>SD</arg>
<arg>SE</arg>
<arg>SG</arg>
<arg>SH</arg>
<arg>SI</arg>
<arg>SJ</arg>
<arg>SK</arg>
<arg>SL</arg>
<arg>SM</arg>
<arg>SN</arg>
<arg>SO</arg>
<arg>SR</arg>
<arg>SS</arg>
<arg>ST</arg>
<arg>SV</arg>
<arg>SX</arg>
<arg>SY</arg>
<arg>SZ</arg>
<arg>TC</arg>
<arg>TD</arg>
<arg>TF</arg>
<arg>TG</arg>
<arg>TH</arg>
<arg>TJ</arg>
<arg>TK</arg>
<arg>TL</arg>
<arg>TM</arg>
<arg>TN</arg>
<arg>TO</arg>
<arg>TR</arg>
<arg>TT</arg>
<arg>TV</arg>
<arg>TW</arg>
<arg>TZ</arg>
<arg>UA</arg>
<arg>UG</arg>
<arg>UM</arg>
<arg>US</arg>
<arg>UY</arg>
<arg>UZ</arg>
<arg>VA</arg>
<arg>VC</arg>
<arg>VE</arg>
<arg>VG</arg>
<arg>VI</arg>
<arg>VN</arg>
<arg>VU</arg>
<arg>WF</arg>
<arg>WS</arg>
<arg>XK</arg>
<arg>YE</arg>
<arg>YT</arg>
<arg>ZA</arg>
<arg>ZM</arg>
<arg>ZW</arg>
<doc>Returns a list containing given items.</doc>
<status status="PASS" start="2024-04-03T00:58:36.231524" elapsed="0.000635"/>
</kw>
<kw name="List Should Contain Value" owner="Collections">
<msg time="2024-04-03T00:58:36.233271" level="INFO">False</msg>
<arg>${list_country}</arg>
<arg>${name_country}</arg>
<doc>Fails if the ``value`` is not found from ``list``.</doc>
<status status="PASS" start="2024-04-03T00:58:36.233065" elapsed="0.000243"/>
</kw>
<kw name="Run Keyword If" owner="BuiltIn">
<kw name="Should Be True" owner="BuiltIn">
<arg>${True}</arg>
<doc>Fails if the given condition is not true.</doc>
<status status="PASS" start="2024-04-03T00:58:36.234390" elapsed="0.000175"/>
</kw>
<arg>${json_data["results"][0]["location"]["coordinates"]["latitude"]} &gt;= -90 and ${json_data["results"][0]["location"]["coordinates"]["latitude"]} &lt;= 90</arg>
<arg>Should Be True</arg>
<arg>${True}</arg>
<doc>Runs the given keyword with the given arguments, if ``condition`` is true.</doc>
<status status="PASS" start="2024-04-03T00:58:36.233630" elapsed="0.001070"/>
</kw>
<kw name="Run Keyword If" owner="BuiltIn">
<kw name="Should Be True" owner="BuiltIn">
<arg>${True}</arg>
<doc>Fails if the given condition is not true.</doc>
<status status="PASS" start="2024-04-03T00:58:36.235591" elapsed="0.000140"/>
</kw>
<arg>${json_data["results"][0]["location"]["coordinates"]["longitude"]} &gt;= -180 and ${json_data["results"][0]["location"]["coordinates"]["longitude"]} &lt;= 180</arg>
<arg>Should Be True</arg>
<arg>${True}</arg>
<doc>Runs the given keyword with the given arguments, if ``condition`` is true.</doc>
<status status="PASS" start="2024-04-03T00:58:36.234888" elapsed="0.000967"/>
</kw>
<status status="PASS" start="2024-04-03T00:58:36.131023" elapsed="0.104964"/>
</kw>
<doc>Testa o conteúdo específico dos campos retornados pela API.</doc>
<tag>testeConteudo</tag>
<status status="PASS" start="2024-04-03T00:58:36.130468" elapsed="0.105674"/>
</test>
<status status="PASS" start="2024-04-03T00:58:35.399238" elapsed="0.838852"/>
</suite>
<status status="PASS" start="2024-04-03T00:58:35.385405" elapsed="0.858133"/>
</suite>
<statistics>
<total>
<stat pass="5" fail="0" skip="0">All Tests</stat>
</total>
<tag>
<stat pass="1" fail="0" skip="0">testeConteudo</stat>
<stat pass="1" fail="0" skip="0">testeEstruturaResposta</stat>
<stat pass="1" fail="0" skip="0">testeRequisicaoBasica</stat>
<stat pass="1" fail="0" skip="0">testeTiposDados</stat>
</tag>
<suite>
<stat pass="5" fail="0" skip="0" id="s1" name="Tests">Tests</stat>
<stat pass="5" fail="0" skip="0" id="s1-s1" name="Random-User-Test">Tests.Random-User-Test</stat>
</suite>
</statistics>
<errors>
</errors>
</robot>
