<?xml version="1.0" encoding="UTF-8"?>
<robot generator="Robot 7.0 (Python 3.12.3 on linux)" generated="2024-06-02T15:14:04.678291" rpa="false" schemaversion="5">
<suite id="s1" name="Tests" source="/home/runner/work/ApiRandomUser/ApiRandomUser/RamdonUser/tests">
<suite id="s1-s1" name="Random-User-Test" source="/home/runner/work/ApiRandomUser/ApiRandomUser/RamdonUser/tests/random-user-test.robot">
<test id="s1-s1-t1" name="Conectar" line="13">
<kw name="Conectar API" owner="random-user-service">
<kw name="Create Session" owner="RequestsLibrary">
<msg time="2024-06-02T15:14:05.053868" level="INFO">Creating Session using : alias=consultarAPI, url=https://randomuser.me/, headers={},                     cookies={}, auth=None, timeout=None, proxies=None, verify=False,                     debug=0 </msg>
<arg>consultarAPI</arg>
<arg>${URL}</arg>
<doc>Create Session: create a HTTP session to a server</doc>
<status status="PASS" start="2024-06-02T15:14:05.053670" elapsed="0.000392"/>
</kw>
<status status="PASS" start="2024-06-02T15:14:05.052669" elapsed="0.001737"/>
</kw>
<status status="PASS" start="2024-06-02T15:14:05.052175" elapsed="0.002423"/>
</test>
<test id="s1-s1-t2" name="Validar retorno 200 e JSON Válido" line="16">
<kw name="Teste de Requisicao Basica" owner="random-user-service">
<kw name="GET On Session" owner="RequestsLibrary">
<msg time="2024-06-02T15:14:05.178778" level="INFO">GET Request : url=https://randomuser.me/api 
 path_url=/api 
 headers={'User-Agent': 'python-requests/2.32.3', 'Accept-Encoding': 'gzip, deflate', 'Accept': '*/*', 'Connection': 'keep-alive'} 
 body=None 
 </msg>
<msg time="2024-06-02T15:14:05.178917" level="INFO">GET Response : url=https://randomuser.me/api 
 status=200, reason=OK 
 headers={'Date': 'Sun, 02 Jun 2024 15:14:05 GMT', 'Content-Type': 'application/json; charset=utf-8', 'Transfer-Encoding': 'chunked', 'Connection': 'keep-alive', 'X-Powered-By': 'Express', 'Access-Control-Allow-Origin': '*', 'Cache-Control': 'no-cache', 'ETag': 'W/"48d-YQcB62aki1kA77xfK0swQRhnlCM"', 'Vary': 'Accept-Encoding', 'Content-Encoding': 'gzip', 'CF-Cache-Status': 'DYNAMIC', 'Report-To': '{"endpoints":[{"url":"https:\\/\\/a.nel.cloudflare.com\\/report\\/v4?s=qnch8vne8s3zO2piCRPHh73xVNbgjCceVsG%2FrffqnSBC9a1uIqFXc%2FnwRreXRhfRbc0mTomI969RfEQKtHrXMNNf2ilfL%2FqAsOX69quSgdV1q1lzH2RHk%2BRHutyk7BbR"}],"group":"cf-nel","max_age":604800}', 'NEL': '{"success_fraction":0,"report_to":"cf-nel","max_age":604800}', 'Server': 'cloudflare', 'CF-RAY': '88d8641ddf8282f3-IAD', 'alt-svc': 'h3=":443"; ma=86400'} 
 body={"results":[{"gender":"male","name":{"title":"Mr","first":"Toby","last":"Wilson"},"location":{"street":{"number":1633,"name":"Broadway Avenue"},"city":"Masterton","state":"West Coast","country":"New Zealand","postcode":19778,"coordinates":{"latitude":"55.6893","longitude":"-56.7516"},"timezone":{"offset":"+5:00","description":"Ekaterinburg, Islamabad, Karachi, Tashkent"}},"email":"toby.wilson@example.com","login":{"uuid":"fea217f1-4125-4fcb-9fae-7717946009db","username":"redtiger495","password":"zhuai","salt":"sfhu7XTL","md5":"c26a84c90eb14be179177f396f366bad","sha1":"5bbe8f079086d9da4739e0b96916b90f5e1c1f45","sha256":"cadc93434206121f4a3df1f0c16029bfa8fa41a6612251176e0c2b1b4146456b"},"dob":{"date":"1970-07-11T04:01:59.109Z","age":53},"registered":{"date":"2004-06-12T20:34:40.783Z","age":19},"phone":"(524)-005-8799","cell":"(950)-629-4593","id":{"name":"","value":null},"picture":{"large":"https://randomuser.me/api/portraits/men/44.jpg","medium":"https://randomuser.me/api/portraits/med/men/44.jpg","thumbnail":"https://randomuser.me/api/portraits/thumb/men/44.jpg"},"nat":"NZ"}],"info":{"seed":"7c6d85846c263edd","results":1,"page":1,"version":"1.4"}} 
 </msg>
<msg time="2024-06-02T15:14:05.179003" level="INFO">/opt/hostedtoolcache/Python/3.12.3/x64/lib/python3.12/site-packages/urllib3/connectionpool.py:1103: InsecureRequestWarning: Unverified HTTPS request is being made to host 'randomuser.me'. Adding certificate verification is strongly advised. See: https://urllib3.readthedocs.io/en/latest/advanced-usage.html#tls-warnings
  warnings.warn(</msg>
<msg time="2024-06-02T15:14:05.179171" level="INFO">${response} = &lt;Response [200]&gt;</msg>
<var>${response}</var>
<arg>consultarAPI</arg>
<arg>/api</arg>
<doc>Sends a GET request on a previously created HTTP Session.</doc>
<status status="PASS" start="2024-06-02T15:14:05.057157" elapsed="0.122059"/>
</kw>
<kw name="Should Be Equal As Numbers" owner="BuiltIn">
<msg time="2024-06-02T15:14:05.180049" level="INFO">Argument types are:
&lt;class 'int'&gt;
&lt;class 'str'&gt;</msg>
<arg>${response.status_code}</arg>
<arg>200</arg>
<doc>Fails if objects are unequal after converting them to real numbers.</doc>
<status status="PASS" start="2024-06-02T15:14:05.179645" elapsed="0.000467"/>
</kw>
<kw name="Log" owner="BuiltIn">
<msg time="2024-06-02T15:14:05.180800" level="INFO">200</msg>
<arg>${response.status_code}</arg>
<doc>Logs the given message with the given level.</doc>
<status status="PASS" start="2024-06-02T15:14:05.180448" elapsed="0.000400"/>
</kw>
<kw name="Set Variable" owner="BuiltIn">
<msg time="2024-06-02T15:14:05.181589" level="INFO">${json_data} = {'results': [{'gender': 'male', 'name': {'title': 'Mr', 'first': 'Toby', 'last': 'Wilson'}, 'location': {'street': {'number': 1633, 'name': 'Broadway Avenue'}, 'city': 'Masterton', 'state': 'West Coas...</msg>
<var>${json_data}</var>
<arg>${response.json()}</arg>
<doc>Returns the given values which can then be assigned to a variables.</doc>
<status status="PASS" start="2024-06-02T15:14:05.181159" elapsed="0.000458"/>
</kw>
<kw name="Dictionary Should Contain Key" owner="Collections">
<msg time="2024-06-02T15:14:05.182121" level="INFO">False</msg>
<arg>${json_data}</arg>
<arg>results</arg>
<doc>Fails if ``key`` is not found from ``dictionary``.</doc>
<status status="PASS" start="2024-06-02T15:14:05.181921" elapsed="0.000364"/>
</kw>
<status status="PASS" start="2024-06-02T15:14:05.056917" elapsed="0.125635"/>
</kw>
<doc>Testa se a API responde corretamente e retorna um objeto JSON válido.</doc>
<tag>testeRequisicaoBasica</tag>
<status status="PASS" start="2024-06-02T15:14:05.056472" elapsed="0.126251"/>
</test>
<test id="s1-s1-t3" name="Validar estrutura de resposta" line="22">
<kw name="Teste de Estrutura de Resposta" owner="random-user-service">
<kw name="GET On Session" owner="RequestsLibrary">
<msg time="2024-06-02T15:14:05.268098" level="INFO">GET Request : url=https://randomuser.me/api 
 path_url=/api 
 headers={'User-Agent': 'python-requests/2.32.3', 'Accept-Encoding': 'gzip, deflate', 'Accept': '*/*', 'Connection': 'keep-alive'} 
 body=None 
 </msg>
<msg time="2024-06-02T15:14:05.268192" level="INFO">GET Response : url=https://randomuser.me/api 
 status=200, reason=OK 
 headers={'Date': 'Sun, 02 Jun 2024 15:14:05 GMT', 'Content-Type': 'application/json; charset=utf-8', 'Transfer-Encoding': 'chunked', 'Connection': 'keep-alive', 'X-Powered-By': 'Express', 'Access-Control-Allow-Origin': '*', 'Cache-Control': 'no-cache', 'ETag': 'W/"496-61Jc6PcAdvSVoeS2vvfzbtKRKDM"', 'Vary': 'Accept-Encoding', 'Content-Encoding': 'gzip', 'CF-Cache-Status': 'DYNAMIC', 'Report-To': '{"endpoints":[{"url":"https:\\/\\/a.nel.cloudflare.com\\/report\\/v4?s=SOuWdRpjkA96pwk5bAfPN2ENkXt1pxiNVjLsgRc8LRx4DoVppTugPFrufpWRtJn4gpI1vbQ7%2BKCSfitYWtJPH1SKpecI3b7DjfrjNY67z3XflkEEVqcd8oO2CKsvzUNl"}],"group":"cf-nel","max_age":604800}', 'NEL': '{"success_fraction":0,"report_to":"cf-nel","max_age":604800}', 'Server': 'cloudflare', 'CF-RAY': '88d8641e680b82f3-IAD', 'alt-svc': 'h3=":443"; ma=86400'} 
 body={"results":[{"gender":"male","name":{"title":"Mr","first":"Mikkel","last":"Kristensen"},"location":{"street":{"number":8527,"name":"Gartnervænget"},"city":"Pandrup","state":"Nordjylland","country":"Denmark","postcode":24947,"coordinates":{"latitude":"-45.9088","longitude":"-53.2288"},"timezone":{"offset":"+11:00","description":"Magadan, Solomon Islands, New Caledonia"}},"email":"mikkel.kristensen@example.com","login":{"uuid":"a5fd3992-ae9e-4f9b-979f-8e2a5d6a75ab","username":"organicwolf568","password":"jennaj","salt":"O3J50MQu","md5":"6f0bf2b5351dea3df3ebc386ec1412d4","sha1":"a8478a0acd9e6c0d37ec9c3c04a1cb02a168b346","sha256":"7458bf9f1e72bd7377d79c25814b21c1448139bc86023defe9560ed147d351d7"},"dob":{"date":"1994-09-25T10:20:35.709Z","age":29},"registered":{"date":"2004-12-19T02:04:15.886Z","age":19},"phone":"38464367","cell":"69907148","id":{"name":"CPR","value":"250994-2995"},"picture":{"large":"https://randomuser.me/api/portraits/men/65.jpg","medium":"https://randomuser.me/api/portraits/med/men/65.jpg","thumbnail":"https://randomuser.me/api/portraits/thumb/men/65.jpg"},"nat":"DK"}],"info":{"seed":"ac439432b56aab19","results":1,"page":1,"version":"1.4"}} 
 </msg>
<msg time="2024-06-02T15:14:05.268314" level="INFO">/opt/hostedtoolcache/Python/3.12.3/x64/lib/python3.12/site-packages/urllib3/connectionpool.py:1103: InsecureRequestWarning: Unverified HTTPS request is being made to host 'randomuser.me'. Adding certificate verification is strongly advised. See: https://urllib3.readthedocs.io/en/latest/advanced-usage.html#tls-warnings
  warnings.warn(</msg>
<msg time="2024-06-02T15:14:05.268460" level="INFO">${response} = &lt;Response [200]&gt;</msg>
<var>${response}</var>
<arg>consultarAPI</arg>
<arg>/api</arg>
<doc>Sends a GET request on a previously created HTTP Session.</doc>
<status status="PASS" start="2024-06-02T15:14:05.185306" elapsed="0.083207"/>
</kw>
<kw name="Set Variable" owner="BuiltIn">
<msg time="2024-06-02T15:14:05.269331" level="INFO">${json_data} = {'results': [{'gender': 'male', 'name': {'title': 'Mr', 'first': 'Mikkel', 'last': 'Kristensen'}, 'location': {'street': {'number': 8527, 'name': 'Gartnervænget'}, 'city': 'Pandrup', 'state': 'Nordjyl...</msg>
<var>${json_data}</var>
<arg>${response.json()}</arg>
<doc>Returns the given values which can then be assigned to a variables.</doc>
<status status="PASS" start="2024-06-02T15:14:05.268880" elapsed="0.000480"/>
</kw>
<kw name="Log" owner="BuiltIn">
<msg time="2024-06-02T15:14:05.269826" level="INFO">{'results': [{'gender': 'male', 'name': {'title': 'Mr', 'first': 'Mikkel', 'last': 'Kristensen'}, 'location': {'street': {'number': 8527, 'name': 'Gartnervænget'}, 'city': 'Pandrup', 'state': 'Nordjylland', 'country': 'Denmark', 'postcode': 24947, 'coordinates': {'latitude': '-45.9088', 'longitude': '-53.2288'}, 'timezone': {'offset': '+11:00', 'description': 'Magadan, Solomon Islands, New Caledonia'}}, 'email': 'mikkel.kristensen@example.com', 'login': {'uuid': 'a5fd3992-ae9e-4f9b-979f-8e2a5d6a75ab', 'username': 'organicwolf568', 'password': 'jennaj', 'salt': 'O3J50MQu', 'md5': '6f0bf2b5351dea3df3ebc386ec1412d4', 'sha1': 'a8478a0acd9e6c0d37ec9c3c04a1cb02a168b346', 'sha256': '7458bf9f1e72bd7377d79c25814b21c1448139bc86023defe9560ed147d351d7'}, 'dob': {'date': '1994-09-25T10:20:35.709Z', 'age': 29}, 'registered': {'date': '2004-12-19T02:04:15.886Z', 'age': 19}, 'phone': '38464367', 'cell': '69907148', 'id': {'name': 'CPR', 'value': '250994-2995'}, 'picture': {'large': 'https://randomuser.me/api/portraits/men/65.jpg', 'medium': 'https://randomuser.me/api/portraits/med/men/65.jpg', 'thumbnail': 'https://randomuser.me/api/portraits/thumb/men/65.jpg'}, 'nat': 'DK'}], 'info': {'seed': 'ac439432b56aab19', 'results': 1, 'page': 1, 'version': '1.4'}}</msg>
<arg>${json_data}</arg>
<doc>Logs the given message with the given level.</doc>
<status status="PASS" start="2024-06-02T15:14:05.269667" elapsed="0.000208"/>
</kw>
<kw name="Dictionary Should Contain Key" owner="Collections">
<msg time="2024-06-02T15:14:05.270371" level="INFO">False</msg>
<arg>${json_data}</arg>
<arg>results</arg>
<doc>Fails if ``key`` is not found from ``dictionary``.</doc>
<status status="PASS" start="2024-06-02T15:14:05.270219" elapsed="0.000189"/>
</kw>
<kw name="Should Not Be Empty" owner="BuiltIn">
<msg time="2024-06-02T15:14:05.270841" level="INFO">Length is 2.</msg>
<arg>${json_data}</arg>
<doc>Verifies that the given item is not empty.</doc>
<status status="PASS" start="2024-06-02T15:14:05.270704" elapsed="0.000175"/>
</kw>
<kw name="Create List" owner="BuiltIn">
<msg time="2024-06-02T15:14:05.271316" level="INFO">${expected_keys} = ['gender', 'name', 'location', 'email', 'login']</msg>
<var>${expected_keys}</var>
<arg>gender</arg>
<arg>name</arg>
<arg>location</arg>
<arg>email</arg>
<arg>login</arg>
<doc>Returns a list containing given items.</doc>
<status status="PASS" start="2024-06-02T15:14:05.271169" elapsed="0.000171"/>
</kw>
<for flavor="IN">
<iter>
<kw name="Dictionary Should Contain Key" owner="Collections">
<msg time="2024-06-02T15:14:05.272307" level="INFO">False</msg>
<arg>${json_data['results'][0]}</arg>
<arg>${key}</arg>
<doc>Fails if ``key`` is not found from ``dictionary``.</doc>
<status status="PASS" start="2024-06-02T15:14:05.271901" elapsed="0.000450"/>
</kw>
<kw name="Log" owner="BuiltIn">
<msg time="2024-06-02T15:14:05.273031" level="INFO">{'gender': 'male', 'name': {'title': 'Mr', 'first': 'Mikkel', 'last': 'Kristensen'}, 'location': {'street': {'number': 8527, 'name': 'Gartnervænget'}, 'city': 'Pandrup', 'state': 'Nordjylland', 'country': 'Denmark', 'postcode': 24947, 'coordinates': {'latitude': '-45.9088', 'longitude': '-53.2288'}, 'timezone': {'offset': '+11:00', 'description': 'Magadan, Solomon Islands, New Caledonia'}}, 'email': 'mikkel.kristensen@example.com', 'login': {'uuid': 'a5fd3992-ae9e-4f9b-979f-8e2a5d6a75ab', 'username': 'organicwolf568', 'password': 'jennaj', 'salt': 'O3J50MQu', 'md5': '6f0bf2b5351dea3df3ebc386ec1412d4', 'sha1': 'a8478a0acd9e6c0d37ec9c3c04a1cb02a168b346', 'sha256': '7458bf9f1e72bd7377d79c25814b21c1448139bc86023defe9560ed147d351d7'}, 'dob': {'date': '1994-09-25T10:20:35.709Z', 'age': 29}, 'registered': {'date': '2004-12-19T02:04:15.886Z', 'age': 19}, 'phone': '38464367', 'cell': '69907148', 'id': {'name': 'CPR', 'value': '250994-2995'}, 'picture': {'large': 'https://randomuser.me/api/portraits/men/65.jpg', 'medium': 'https://randomuser.me/api/portraits/med/men/65.jpg', 'thumbnail': 'https://randomuser.me/api/portraits/thumb/men/65.jpg'}, 'nat': 'DK'}</msg>
<arg>${json_data['results'][0]}</arg>
<doc>Logs the given message with the given level.</doc>
<status status="PASS" start="2024-06-02T15:14:05.272654" elapsed="0.000437"/>
</kw>
<kw name="Log" owner="BuiltIn">
<msg time="2024-06-02T15:14:05.273530" level="INFO">gender</msg>
<arg>${key}</arg>
<doc>Logs the given message with the given level.</doc>
<status status="PASS" start="2024-06-02T15:14:05.273396" elapsed="0.000172"/>
</kw>
<var name="${key}">gender</var>
<status status="PASS" start="2024-06-02T15:14:05.271776" elapsed="0.002009"/>
</iter>
<iter>
<kw name="Dictionary Should Contain Key" owner="Collections">
<msg time="2024-06-02T15:14:05.274503" level="INFO">False</msg>
<arg>${json_data['results'][0]}</arg>
<arg>${key}</arg>
<doc>Fails if ``key`` is not found from ``dictionary``.</doc>
<status status="PASS" start="2024-06-02T15:14:05.274117" elapsed="0.000423"/>
</kw>
<kw name="Log" owner="BuiltIn">
<msg time="2024-06-02T15:14:05.275226" level="INFO">{'gender': 'male', 'name': {'title': 'Mr', 'first': 'Mikkel', 'last': 'Kristensen'}, 'location': {'street': {'number': 8527, 'name': 'Gartnervænget'}, 'city': 'Pandrup', 'state': 'Nordjylland', 'country': 'Denmark', 'postcode': 24947, 'coordinates': {'latitude': '-45.9088', 'longitude': '-53.2288'}, 'timezone': {'offset': '+11:00', 'description': 'Magadan, Solomon Islands, New Caledonia'}}, 'email': 'mikkel.kristensen@example.com', 'login': {'uuid': 'a5fd3992-ae9e-4f9b-979f-8e2a5d6a75ab', 'username': 'organicwolf568', 'password': 'jennaj', 'salt': 'O3J50MQu', 'md5': '6f0bf2b5351dea3df3ebc386ec1412d4', 'sha1': 'a8478a0acd9e6c0d37ec9c3c04a1cb02a168b346', 'sha256': '7458bf9f1e72bd7377d79c25814b21c1448139bc86023defe9560ed147d351d7'}, 'dob': {'date': '1994-09-25T10:20:35.709Z', 'age': 29}, 'registered': {'date': '2004-12-19T02:04:15.886Z', 'age': 19}, 'phone': '38464367', 'cell': '69907148', 'id': {'name': 'CPR', 'value': '250994-2995'}, 'picture': {'large': 'https://randomuser.me/api/portraits/men/65.jpg', 'medium': 'https://randomuser.me/api/portraits/med/men/65.jpg', 'thumbnail': 'https://randomuser.me/api/portraits/thumb/men/65.jpg'}, 'nat': 'DK'}</msg>
<arg>${json_data['results'][0]}</arg>
<doc>Logs the given message with the given level.</doc>
<status status="PASS" start="2024-06-02T15:14:05.274865" elapsed="0.000420"/>
</kw>
<kw name="Log" owner="BuiltIn">
<msg time="2024-06-02T15:14:05.275717" level="INFO">name</msg>
<arg>${key}</arg>
<doc>Logs the given message with the given level.</doc>
<status status="PASS" start="2024-06-02T15:14:05.275586" elapsed="0.000168"/>
</kw>
<var name="${key}">name</var>
<status status="PASS" start="2024-06-02T15:14:05.273996" elapsed="0.001982"/>
</iter>
<iter>
<kw name="Dictionary Should Contain Key" owner="Collections">
<msg time="2024-06-02T15:14:05.276650" level="INFO">False</msg>
<arg>${json_data['results'][0]}</arg>
<arg>${key}</arg>
<doc>Fails if ``key`` is not found from ``dictionary``.</doc>
<status status="PASS" start="2024-06-02T15:14:05.276272" elapsed="0.000415"/>
</kw>
<kw name="Log" owner="BuiltIn">
<msg time="2024-06-02T15:14:05.277358" level="INFO">{'gender': 'male', 'name': {'title': 'Mr', 'first': 'Mikkel', 'last': 'Kristensen'}, 'location': {'street': {'number': 8527, 'name': 'Gartnervænget'}, 'city': 'Pandrup', 'state': 'Nordjylland', 'country': 'Denmark', 'postcode': 24947, 'coordinates': {'latitude': '-45.9088', 'longitude': '-53.2288'}, 'timezone': {'offset': '+11:00', 'description': 'Magadan, Solomon Islands, New Caledonia'}}, 'email': 'mikkel.kristensen@example.com', 'login': {'uuid': 'a5fd3992-ae9e-4f9b-979f-8e2a5d6a75ab', 'username': 'organicwolf568', 'password': 'jennaj', 'salt': 'O3J50MQu', 'md5': '6f0bf2b5351dea3df3ebc386ec1412d4', 'sha1': 'a8478a0acd9e6c0d37ec9c3c04a1cb02a168b346', 'sha256': '7458bf9f1e72bd7377d79c25814b21c1448139bc86023defe9560ed147d351d7'}, 'dob': {'date': '1994-09-25T10:20:35.709Z', 'age': 29}, 'registered': {'date': '2004-12-19T02:04:15.886Z', 'age': 19}, 'phone': '38464367', 'cell': '69907148', 'id': {'name': 'CPR', 'value': '250994-2995'}, 'picture': {'large': 'https://randomuser.me/api/portraits/men/65.jpg', 'medium': 'https://randomuser.me/api/portraits/med/men/65.jpg', 'thumbnail': 'https://randomuser.me/api/portraits/thumb/men/65.jpg'}, 'nat': 'DK'}</msg>
<arg>${json_data['results'][0]}</arg>
<doc>Logs the given message with the given level.</doc>
<status status="PASS" start="2024-06-02T15:14:05.276990" elapsed="0.000419"/>
</kw>
<kw name="Log" owner="BuiltIn">
<msg time="2024-06-02T15:14:05.277841" level="INFO">location</msg>
<arg>${key}</arg>
<doc>Logs the given message with the given level.</doc>
<status status="PASS" start="2024-06-02T15:14:05.277713" elapsed="0.000166"/>
</kw>
<var name="${key}">location</var>
<status status="PASS" start="2024-06-02T15:14:05.276156" elapsed="0.001961"/>
</iter>
<iter>
<kw name="Dictionary Should Contain Key" owner="Collections">
<msg time="2024-06-02T15:14:05.278899" level="INFO">False</msg>
<arg>${json_data['results'][0]}</arg>
<arg>${key}</arg>
<doc>Fails if ``key`` is not found from ``dictionary``.</doc>
<status status="PASS" start="2024-06-02T15:14:05.278412" elapsed="0.000525"/>
</kw>
<kw name="Log" owner="BuiltIn">
<msg time="2024-06-02T15:14:05.279598" level="INFO">{'gender': 'male', 'name': {'title': 'Mr', 'first': 'Mikkel', 'last': 'Kristensen'}, 'location': {'street': {'number': 8527, 'name': 'Gartnervænget'}, 'city': 'Pandrup', 'state': 'Nordjylland', 'country': 'Denmark', 'postcode': 24947, 'coordinates': {'latitude': '-45.9088', 'longitude': '-53.2288'}, 'timezone': {'offset': '+11:00', 'description': 'Magadan, Solomon Islands, New Caledonia'}}, 'email': 'mikkel.kristensen@example.com', 'login': {'uuid': 'a5fd3992-ae9e-4f9b-979f-8e2a5d6a75ab', 'username': 'organicwolf568', 'password': 'jennaj', 'salt': 'O3J50MQu', 'md5': '6f0bf2b5351dea3df3ebc386ec1412d4', 'sha1': 'a8478a0acd9e6c0d37ec9c3c04a1cb02a168b346', 'sha256': '7458bf9f1e72bd7377d79c25814b21c1448139bc86023defe9560ed147d351d7'}, 'dob': {'date': '1994-09-25T10:20:35.709Z', 'age': 29}, 'registered': {'date': '2004-12-19T02:04:15.886Z', 'age': 19}, 'phone': '38464367', 'cell': '69907148', 'id': {'name': 'CPR', 'value': '250994-2995'}, 'picture': {'large': 'https://randomuser.me/api/portraits/men/65.jpg', 'medium': 'https://randomuser.me/api/portraits/med/men/65.jpg', 'thumbnail': 'https://randomuser.me/api/portraits/thumb/men/65.jpg'}, 'nat': 'DK'}</msg>
<arg>${json_data['results'][0]}</arg>
<doc>Logs the given message with the given level.</doc>
<status status="PASS" start="2024-06-02T15:14:05.279237" elapsed="0.000420"/>
</kw>
<kw name="Log" owner="BuiltIn">
<msg time="2024-06-02T15:14:05.280081" level="INFO">email</msg>
<arg>${key}</arg>
<doc>Logs the given message with the given level.</doc>
<status status="PASS" start="2024-06-02T15:14:05.279953" elapsed="0.000165"/>
</kw>
<var name="${key}">email</var>
<status status="PASS" start="2024-06-02T15:14:05.278298" elapsed="0.002036"/>
</iter>
<iter>
<kw name="Dictionary Should Contain Key" owner="Collections">
<msg time="2024-06-02T15:14:05.280993" level="INFO">False</msg>
<arg>${json_data['results'][0]}</arg>
<arg>${key}</arg>
<doc>Fails if ``key`` is not found from ``dictionary``.</doc>
<status status="PASS" start="2024-06-02T15:14:05.280618" elapsed="0.000411"/>
</kw>
<kw name="Log" owner="BuiltIn">
<msg time="2024-06-02T15:14:05.281685" level="INFO">{'gender': 'male', 'name': {'title': 'Mr', 'first': 'Mikkel', 'last': 'Kristensen'}, 'location': {'street': {'number': 8527, 'name': 'Gartnervænget'}, 'city': 'Pandrup', 'state': 'Nordjylland', 'country': 'Denmark', 'postcode': 24947, 'coordinates': {'latitude': '-45.9088', 'longitude': '-53.2288'}, 'timezone': {'offset': '+11:00', 'description': 'Magadan, Solomon Islands, New Caledonia'}}, 'email': 'mikkel.kristensen@example.com', 'login': {'uuid': 'a5fd3992-ae9e-4f9b-979f-8e2a5d6a75ab', 'username': 'organicwolf568', 'password': 'jennaj', 'salt': 'O3J50MQu', 'md5': '6f0bf2b5351dea3df3ebc386ec1412d4', 'sha1': 'a8478a0acd9e6c0d37ec9c3c04a1cb02a168b346', 'sha256': '7458bf9f1e72bd7377d79c25814b21c1448139bc86023defe9560ed147d351d7'}, 'dob': {'date': '1994-09-25T10:20:35.709Z', 'age': 29}, 'registered': {'date': '2004-12-19T02:04:15.886Z', 'age': 19}, 'phone': '38464367', 'cell': '69907148', 'id': {'name': 'CPR', 'value': '250994-2995'}, 'picture': {'large': 'https://randomuser.me/api/portraits/men/65.jpg', 'medium': 'https://randomuser.me/api/portraits/med/men/65.jpg', 'thumbnail': 'https://randomuser.me/api/portraits/thumb/men/65.jpg'}, 'nat': 'DK'}</msg>
<arg>${json_data['results'][0]}</arg>
<doc>Logs the given message with the given level.</doc>
<status status="PASS" start="2024-06-02T15:14:05.281325" elapsed="0.000407"/>
</kw>
<kw name="Log" owner="BuiltIn">
<msg time="2024-06-02T15:14:05.282179" level="INFO">login</msg>
<arg>${key}</arg>
<doc>Logs the given message with the given level.</doc>
<status status="PASS" start="2024-06-02T15:14:05.282050" elapsed="0.000165"/>
</kw>
<var name="${key}">login</var>
<status status="PASS" start="2024-06-02T15:14:05.280505" elapsed="0.001950"/>
</iter>
<var>${key}</var>
<value>@{expected_keys}</value>
<status status="PASS" start="2024-06-02T15:14:05.271595" elapsed="0.010988"/>
</for>
<kw name="Create List" owner="BuiltIn">
<msg time="2024-06-02T15:14:05.282914" level="INFO">${expected_keysTwo} = ['username', 'password']</msg>
<var>${expected_keysTwo}</var>
<arg>username</arg>
<arg>password</arg>
<doc>Returns a list containing given items.</doc>
<status status="PASS" start="2024-06-02T15:14:05.282778" elapsed="0.000159"/>
</kw>
<for flavor="IN">
<iter>
<kw name="Dictionary Should Contain Key" owner="Collections">
<msg time="2024-06-02T15:14:05.283822" level="INFO">False</msg>
<arg>${json_data['results'][0]['login']}</arg>
<arg>${keyTwo}</arg>
<doc>Fails if ``key`` is not found from ``dictionary``.</doc>
<status status="PASS" start="2024-06-02T15:14:05.283436" elapsed="0.000423"/>
</kw>
<kw name="Dictionary Should Contain Key" owner="Collections">
<msg time="2024-06-02T15:14:05.284529" level="INFO">False</msg>
<arg>${json_data['results'][0]['login']}</arg>
<arg>${keyTwo}</arg>
<doc>Fails if ``key`` is not found from ``dictionary``.</doc>
<status status="PASS" start="2024-06-02T15:14:05.284154" elapsed="0.000411"/>
</kw>
<kw name="Log" owner="BuiltIn">
<msg time="2024-06-02T15:14:05.284985" level="INFO">username</msg>
<arg>${keyTwo}</arg>
<doc>Logs the given message with the given level.</doc>
<status status="PASS" start="2024-06-02T15:14:05.284859" elapsed="0.000163"/>
</kw>
<var name="${keyTwo}">username</var>
<status status="PASS" start="2024-06-02T15:14:05.283324" elapsed="0.001913"/>
</iter>
<iter>
<kw name="Dictionary Should Contain Key" owner="Collections">
<msg time="2024-06-02T15:14:05.285898" level="INFO">False</msg>
<arg>${json_data['results'][0]['login']}</arg>
<arg>${keyTwo}</arg>
<doc>Fails if ``key`` is not found from ``dictionary``.</doc>
<status status="PASS" start="2024-06-02T15:14:05.285519" elapsed="0.000416"/>
</kw>
<kw name="Dictionary Should Contain Key" owner="Collections">
<msg time="2024-06-02T15:14:05.286623" level="INFO">False</msg>
<arg>${json_data['results'][0]['login']}</arg>
<arg>${keyTwo}</arg>
<doc>Fails if ``key`` is not found from ``dictionary``.</doc>
<status status="PASS" start="2024-06-02T15:14:05.286247" elapsed="0.000411"/>
</kw>
<kw name="Log" owner="BuiltIn">
<msg time="2024-06-02T15:14:05.287075" level="INFO">password</msg>
<arg>${keyTwo}</arg>
<doc>Logs the given message with the given level.</doc>
<status status="PASS" start="2024-06-02T15:14:05.286950" elapsed="0.000162"/>
</kw>
<var name="${keyTwo}">password</var>
<status status="PASS" start="2024-06-02T15:14:05.285409" elapsed="0.001918"/>
</iter>
<var>${keyTwo}</var>
<value>@{expected_keysTwo}</value>
<status status="PASS" start="2024-06-02T15:14:05.283173" elapsed="0.004274"/>
</for>
<status status="PASS" start="2024-06-02T15:14:05.185070" elapsed="0.102513"/>
</kw>
<doc>Testa a estrutura da resposta da API.</doc>
<tag>testeEstruturaResposta</tag>
<status status="PASS" start="2024-06-02T15:14:05.184504" elapsed="0.103225"/>
</test>
<test id="s1-s1-t4" name="Validar tipos de dados" line="28">
<kw name="Teste de Tipos de Dados" owner="random-user-service">
<kw name="GET On Session" owner="RequestsLibrary">
<msg time="2024-06-02T15:14:05.364102" level="INFO">GET Request : url=https://randomuser.me/api 
 path_url=/api 
 headers={'User-Agent': 'python-requests/2.32.3', 'Accept-Encoding': 'gzip, deflate', 'Accept': '*/*', 'Connection': 'keep-alive'} 
 body=None 
 </msg>
<msg time="2024-06-02T15:14:05.364188" level="INFO">GET Response : url=https://randomuser.me/api 
 status=200, reason=OK 
 headers={'Date': 'Sun, 02 Jun 2024 15:14:05 GMT', 'Content-Type': 'application/json; charset=utf-8', 'Transfer-Encoding': 'chunked', 'Connection': 'keep-alive', 'X-Powered-By': 'Express', 'Access-Control-Allow-Origin': '*', 'Cache-Control': 'no-cache', 'ETag': 'W/"486-WQidDdQtXMqumZEWKfgmnPIEsNU"', 'Vary': 'Accept-Encoding', 'Content-Encoding': 'gzip', 'CF-Cache-Status': 'DYNAMIC', 'Report-To': '{"endpoints":[{"url":"https:\\/\\/a.nel.cloudflare.com\\/report\\/v4?s=yaL8DefDGE%2B7EL22u%2FYTot1h9DqjdlYcGvE6EqdoqoEl7aP6dNv0MlFHvbiNxxqfBSk6YTkFJOqyBR4O5MUvMgjcQbpFK3HR2%2FTmip9lgo2mmr2Vye9zOy5XE0v3unuS"}],"group":"cf-nel","max_age":604800}', 'NEL': '{"success_fraction":0,"report_to":"cf-nel","max_age":604800}', 'Server': 'cloudflare', 'CF-RAY': '88d8641f18c582f3-IAD', 'alt-svc': 'h3=":443"; ma=86400'} 
 body={"results":[{"gender":"male","name":{"title":"Mr","first":"Silas","last":"Møller"},"location":{"street":{"number":578,"name":"Degnevænget"},"city":"Stenderup","state":"Danmark","country":"Denmark","postcode":94715,"coordinates":{"latitude":"-43.3446","longitude":"-162.1861"},"timezone":{"offset":"+3:00","description":"Baghdad, Riyadh, Moscow, St. Petersburg"}},"email":"silas.moller@example.com","login":{"uuid":"d8801c2f-967f-4e0d-b125-a3d9962578bd","username":"blackgoose666","password":"aaron1","salt":"IzC06a1E","md5":"a18b4b338aaed73b7845396ac687da72","sha1":"cd63f1b5301bd6b9792b610aaf3a12db9587f8c2","sha256":"80eb0932879a79693bb480138c779ee1c8a5f3020c872e34096af5bd4ee323f3"},"dob":{"date":"1956-09-14T06:32:12.532Z","age":67},"registered":{"date":"2019-08-16T01:31:29.451Z","age":4},"phone":"53134568","cell":"94864089","id":{"name":"CPR","value":"140956-6647"},"picture":{"large":"https://randomuser.me/api/portraits/men/58.jpg","medium":"https://randomuser.me/api/portraits/med/men/58.jpg","thumbnail":"https://randomuser.me/api/portraits/thumb/men/58.jpg"},"nat":"DK"}],"info":{"seed":"8716669f763f9e2b","results":1,"page":1,"version":"1.4"}} 
 </msg>
<msg time="2024-06-02T15:14:05.364261" level="INFO">/opt/hostedtoolcache/Python/3.12.3/x64/lib/python3.12/site-packages/urllib3/connectionpool.py:1103: InsecureRequestWarning: Unverified HTTPS request is being made to host 'randomuser.me'. Adding certificate verification is strongly advised. See: https://urllib3.readthedocs.io/en/latest/advanced-usage.html#tls-warnings
  warnings.warn(</msg>
<msg time="2024-06-02T15:14:05.364399" level="INFO">${response} = &lt;Response [200]&gt;</msg>
<var>${response}</var>
<arg>consultarAPI</arg>
<arg>/api</arg>
<doc>Sends a GET request on a previously created HTTP Session.</doc>
<status status="PASS" start="2024-06-02T15:14:05.290199" elapsed="0.074252"/>
</kw>
<kw name="Set Variable" owner="BuiltIn">
<msg time="2024-06-02T15:14:05.365340" level="INFO">${json_data} = {'results': [{'gender': 'male', 'name': {'title': 'Mr', 'first': 'Silas', 'last': 'Møller'}, 'location': {'street': {'number': 578, 'name': 'Degnevænget'}, 'city': 'Stenderup', 'state': 'Danmark', 'co...</msg>
<var>${json_data}</var>
<arg>${response.json()}</arg>
<doc>Returns the given values which can then be assigned to a variables.</doc>
<status status="PASS" start="2024-06-02T15:14:05.364891" elapsed="0.000481"/>
</kw>
<kw name="Log" owner="BuiltIn">
<msg time="2024-06-02T15:14:05.365844" level="INFO">{'results': [{'gender': 'male', 'name': {'title': 'Mr', 'first': 'Silas', 'last': 'Møller'}, 'location': {'street': {'number': 578, 'name': 'Degnevænget'}, 'city': 'Stenderup', 'state': 'Danmark', 'country': 'Denmark', 'postcode': 94715, 'coordinates': {'latitude': '-43.3446', 'longitude': '-162.1861'}, 'timezone': {'offset': '+3:00', 'description': 'Baghdad, Riyadh, Moscow, St. Petersburg'}}, 'email': 'silas.moller@example.com', 'login': {'uuid': 'd8801c2f-967f-4e0d-b125-a3d9962578bd', 'username': 'blackgoose666', 'password': 'aaron1', 'salt': 'IzC06a1E', 'md5': 'a18b4b338aaed73b7845396ac687da72', 'sha1': 'cd63f1b5301bd6b9792b610aaf3a12db9587f8c2', 'sha256': '80eb0932879a79693bb480138c779ee1c8a5f3020c872e34096af5bd4ee323f3'}, 'dob': {'date': '1956-09-14T06:32:12.532Z', 'age': 67}, 'registered': {'date': '2019-08-16T01:31:29.451Z', 'age': 4}, 'phone': '53134568', 'cell': '94864089', 'id': {'name': 'CPR', 'value': '140956-6647'}, 'picture': {'large': 'https://randomuser.me/api/portraits/men/58.jpg', 'medium': 'https://randomuser.me/api/portraits/med/men/58.jpg', 'thumbnail': 'https://randomuser.me/api/portraits/thumb/men/58.jpg'}, 'nat': 'DK'}], 'info': {'seed': '8716669f763f9e2b', 'results': 1, 'page': 1, 'version': '1.4'}}</msg>
<arg>${json_data}</arg>
<doc>Logs the given message with the given level.</doc>
<status status="PASS" start="2024-06-02T15:14:05.365684" elapsed="0.000241"/>
</kw>
<kw name="Should Be String" owner="String">
<arg>${json_data['results'][0]['gender']}</arg>
<doc>Fails if the given ``item`` is not a string.</doc>
<status status="PASS" start="2024-06-02T15:14:05.366286" elapsed="0.000364"/>
</kw>
<kw name="Should Match Regexp" owner="BuiltIn">
<arg>${json_data['results'][0]['email']}</arg>
<arg>^[a-zA-Z0-9._%+-]+@[a-zA-Z0-9.-]+\.[a-zA-Z]{2,}$</arg>
<doc>Fails if ``string`` does not match ``pattern`` as a regular expression.</doc>
<status status="PASS" start="2024-06-02T15:14:05.366844" elapsed="0.000608"/>
</kw>
<kw name="Should Match Regexp" owner="BuiltIn">
<arg>${json_data['results'][0]['dob']['date']}</arg>
<arg>\\d{4}-\\d{2}-\\d{2}T\\d{2}:\\d{2}:\\d{2}\\.\\d{3}Z</arg>
<doc>Fails if ``string`` does not match ``pattern`` as a regular expression.</doc>
<status status="PASS" start="2024-06-02T15:14:05.367655" elapsed="0.000484"/>
</kw>
<kw name="Should Match Regexp" owner="BuiltIn">
<arg>${json_data['results'][0]['registered']['date']}</arg>
<arg>\\d{4}-\\d{2}-\\d{2}T\\d{2}:\\d{2}:\\d{2}\\.\\d{3}Z</arg>
<doc>Fails if ``string`` does not match ``pattern`` as a regular expression.</doc>
<status status="PASS" start="2024-06-02T15:14:05.368337" elapsed="0.000374"/>
</kw>
<kw name="Should Match Regexp" owner="BuiltIn">
<arg>${json_data['results'][0]['picture']['large']}</arg>
<arg>^https?://.*\.(?:png|jpe?g|gif|bmp)$</arg>
<doc>Fails if ``string`` does not match ``pattern`` as a regular expression.</doc>
<status status="PASS" start="2024-06-02T15:14:05.368902" elapsed="0.000464"/>
</kw>
<kw name="Should Match Regexp" owner="BuiltIn">
<arg>${json_data['results'][0]['picture']['medium']}</arg>
<arg>^https?://.*\.(?:png|jpe?g|gif|bmp)$</arg>
<doc>Fails if ``string`` does not match ``pattern`` as a regular expression.</doc>
<status status="PASS" start="2024-06-02T15:14:05.369560" elapsed="0.000350"/>
</kw>
<kw name="Should Match Regexp" owner="BuiltIn">
<arg>${json_data['results'][0]['picture']['thumbnail']}</arg>
<arg>^https?://.*\.(?:png|jpe?g|gif|bmp)$</arg>
<doc>Fails if ``string`` does not match ``pattern`` as a regular expression.</doc>
<status status="PASS" start="2024-06-02T15:14:05.370130" elapsed="0.000350"/>
</kw>
<kw name="Log" owner="BuiltIn">
<msg time="2024-06-02T15:14:05.370990" level="INFO">{'large': 'https://randomuser.me/api/portraits/men/58.jpg', 'medium': 'https://randomuser.me/api/portraits/med/men/58.jpg', 'thumbnail': 'https://randomuser.me/api/portraits/thumb/men/58.jpg'}</msg>
<arg>${json_data['results'][0]['picture']}</arg>
<doc>Logs the given message with the given level.</doc>
<status status="PASS" start="2024-06-02T15:14:05.370667" elapsed="0.000365"/>
</kw>
<status status="PASS" start="2024-06-02T15:14:05.289950" elapsed="0.081338"/>
</kw>
<kw name="Teste de Tipos de Dados - Postcode" owner="random-user-service">
<kw name="GET On Session" owner="RequestsLibrary">
<msg time="2024-06-02T15:14:05.459561" level="INFO">GET Request : url=https://randomuser.me/api 
 path_url=/api 
 headers={'User-Agent': 'python-requests/2.32.3', 'Accept-Encoding': 'gzip, deflate', 'Accept': '*/*', 'Connection': 'keep-alive'} 
 body=None 
 </msg>
<msg time="2024-06-02T15:14:05.459639" level="INFO">GET Response : url=https://randomuser.me/api 
 status=200, reason=OK 
 headers={'Date': 'Sun, 02 Jun 2024 15:14:05 GMT', 'Content-Type': 'application/json; charset=utf-8', 'Transfer-Encoding': 'chunked', 'Connection': 'keep-alive', 'X-Powered-By': 'Express', 'Access-Control-Allow-Origin': '*', 'Cache-Control': 'no-cache', 'ETag': 'W/"4a8-ky0TC5Mc9KQGPswIeJVzUszyp7E"', 'Vary': 'Accept-Encoding', 'Content-Encoding': 'gzip', 'CF-Cache-Status': 'DYNAMIC', 'Report-To': '{"endpoints":[{"url":"https:\\/\\/a.nel.cloudflare.com\\/report\\/v4?s=vl%2F%2BmFMOa2VZe4ajQqJppRiTaWlvbyVm%2B6phomZoGQgOytkyAMHwFINcs6pF1gUyODhih8S%2BsDGrCnqTHR1IlJRA1mCgtpKU3ZjTUUo2A%2BkDNiVVPlv5Y5oxKlEAJODL"}],"group":"cf-nel","max_age":604800}', 'NEL': '{"success_fraction":0,"report_to":"cf-nel","max_age":604800}', 'Server': 'cloudflare', 'CF-RAY': '88d8641f993d82f3-IAD', 'alt-svc': 'h3=":443"; ma=86400'} 
 body={"results":[{"gender":"female","name":{"title":"Mademoiselle","first":"Erika","last":"Roy"},"location":{"street":{"number":1865,"name":"Place du 8 Février 1962"},"city":"Oberlunkhofen","state":"Graubünden","country":"Switzerland","postcode":5400,"coordinates":{"latitude":"-57.5728","longitude":"16.7144"},"timezone":{"offset":"-1:00","description":"Azores, Cape Verde Islands"}},"email":"erika.roy@example.com","login":{"uuid":"4f8624a5-b367-4185-9907-32db3671ce1f","username":"heavyduck216","password":"5rxypn","salt":"oyBgIvKK","md5":"52ff9e1d414f45fcac38506e161cb45b","sha1":"82cc0c74ad3267151e0561087d6df8b041e1ca86","sha256":"9f3f83eabcc2d675e9e84d86c8285badad301367910ba876b710f830d9a7737c"},"dob":{"date":"1991-10-18T13:46:35.389Z","age":32},"registered":{"date":"2016-04-24T18:03:30.434Z","age":8},"phone":"075 780 95 44","cell":"077 607 61 70","id":{"name":"AVS","value":"756.3845.6473.42"},"picture":{"large":"https://randomuser.me/api/portraits/women/19.jpg","medium":"https://randomuser.me/api/portraits/med/women/19.jpg","thumbnail":"https://randomuser.me/api/portraits/thumb/women/19.jpg"},"nat":"CH"}],"info":{"seed":"3b09f6957e872c9b","results":1,"page":1,"version":"1.4"}} 
 </msg>
<msg time="2024-06-02T15:14:05.459707" level="INFO">/opt/hostedtoolcache/Python/3.12.3/x64/lib/python3.12/site-packages/urllib3/connectionpool.py:1103: InsecureRequestWarning: Unverified HTTPS request is being made to host 'randomuser.me'. Adding certificate verification is strongly advised. See: https://urllib3.readthedocs.io/en/latest/advanced-usage.html#tls-warnings
  warnings.warn(</msg>
<msg time="2024-06-02T15:14:05.459833" level="INFO">${response} = &lt;Response [200]&gt;</msg>
<var>${response}</var>
<arg>consultarAPI</arg>
<arg>/api</arg>
<doc>Sends a GET request on a previously created HTTP Session.</doc>
<status status="PASS" start="2024-06-02T15:14:05.371718" elapsed="0.088160"/>
</kw>
<kw name="Set Variable" owner="BuiltIn">
<msg time="2024-06-02T15:14:05.460680" level="INFO">${json_data} = {'results': [{'gender': 'female', 'name': {'title': 'Mademoiselle', 'first': 'Erika', 'last': 'Roy'}, 'location': {'street': {'number': 1865, 'name': 'Place du 8 Février 1962'}, 'city': 'Oberlunkhofen...</msg>
<var>${json_data}</var>
<arg>${response.json()}</arg>
<doc>Returns the given values which can then be assigned to a variables.</doc>
<status status="PASS" start="2024-06-02T15:14:05.460242" elapsed="0.000467"/>
</kw>
<kw name="Log" owner="BuiltIn">
<msg time="2024-06-02T15:14:05.461175" level="INFO">{'results': [{'gender': 'female', 'name': {'title': 'Mademoiselle', 'first': 'Erika', 'last': 'Roy'}, 'location': {'street': {'number': 1865, 'name': 'Place du 8 Février 1962'}, 'city': 'Oberlunkhofen', 'state': 'Graubünden', 'country': 'Switzerland', 'postcode': 5400, 'coordinates': {'latitude': '-57.5728', 'longitude': '16.7144'}, 'timezone': {'offset': '-1:00', 'description': 'Azores, Cape Verde Islands'}}, 'email': 'erika.roy@example.com', 'login': {'uuid': '4f8624a5-b367-4185-9907-32db3671ce1f', 'username': 'heavyduck216', 'password': '5rxypn', 'salt': 'oyBgIvKK', 'md5': '52ff9e1d414f45fcac38506e161cb45b', 'sha1': '82cc0c74ad3267151e0561087d6df8b041e1ca86', 'sha256': '9f3f83eabcc2d675e9e84d86c8285badad301367910ba876b710f830d9a7737c'}, 'dob': {'date': '1991-10-18T13:46:35.389Z', 'age': 32}, 'registered': {'date': '2016-04-24T18:03:30.434Z', 'age': 8}, 'phone': '075 780 95 44', 'cell': '077 607 61 70', 'id': {'name': 'AVS', 'value': '756.3845.6473.42'}, 'picture': {'large': 'https://randomuser.me/api/portraits/women/19.jpg', 'medium': 'https://randomuser.me/api/portraits/med/women/19.jpg', 'thumbnail': 'https://randomuser.me/api/portraits/thumb/women/19.jpg'}, 'nat': 'CH'}], 'info': {'seed': '3b09f6957e872c9b', 'results': 1, 'page': 1, 'version': '1.4'}}</msg>
<arg>${json_data}</arg>
<doc>Logs the given message with the given level.</doc>
<status status="PASS" start="2024-06-02T15:14:05.461019" elapsed="0.000238"/>
</kw>
<kw name="Should Be Equal As Numbers" owner="BuiltIn">
<arg>${json_data['results'][0]['location']['postcode']}</arg>
<arg>${json_data['results'][0]['location']['postcode']}</arg>
<doc>Fails if objects are unequal after converting them to real numbers.</doc>
<status status="PASS" start="2024-06-02T15:14:05.461561" elapsed="0.000647"/>
</kw>
<kw name="Log" owner="BuiltIn">
<msg time="2024-06-02T15:14:05.462745" level="INFO">5400</msg>
<arg>${json_data['results'][0]['location']['postcode']}</arg>
<doc>Logs the given message with the given level.</doc>
<status status="PASS" start="2024-06-02T15:14:05.462406" elapsed="0.000380"/>
</kw>
<status status="PASS" start="2024-06-02T15:14:05.371499" elapsed="0.091540"/>
</kw>
<doc>Testa se os tipos de dados na resposta da API estão corretos.</doc>
<tag>testeTiposDados</tag>
<status status="PASS" start="2024-06-02T15:14:05.289439" elapsed="0.173759"/>
</test>
<test id="s1-s1-t5" name="Validar conteudo" line="35">
<kw name="Teste de Tipos de Conteudo" owner="random-user-service">
<kw name="GET On Session" owner="RequestsLibrary">
<msg time="2024-06-02T15:14:05.561304" level="INFO">GET Request : url=https://randomuser.me/api 
 path_url=/api 
 headers={'User-Agent': 'python-requests/2.32.3', 'Accept-Encoding': 'gzip, deflate', 'Accept': '*/*', 'Connection': 'keep-alive'} 
 body=None 
 </msg>
<msg time="2024-06-02T15:14:05.561387" level="INFO">GET Response : url=https://randomuser.me/api 
 status=200, reason=OK 
 headers={'Date': 'Sun, 02 Jun 2024 15:14:05 GMT', 'Content-Type': 'application/json; charset=utf-8', 'Transfer-Encoding': 'chunked', 'Connection': 'keep-alive', 'X-Powered-By': 'Express', 'Access-Control-Allow-Origin': '*', 'Cache-Control': 'no-cache', 'ETag': 'W/"48b-4A55rL4+xmzJXt/0Bi4Z/jzP/h4"', 'Vary': 'Accept-Encoding', 'Content-Encoding': 'gzip', 'CF-Cache-Status': 'DYNAMIC', 'Report-To': '{"endpoints":[{"url":"https:\\/\\/a.nel.cloudflare.com\\/report\\/v4?s=643DJQcn8FO5UPKCG%2FNY0HSUsd0A0N65eL1Ms6fQ5y2%2FkZ17jKP33oy1rp3Wa74GQZTvoIly75Glp2D%2BRdVKA%2F0TAsvY52oXFkrxMTBxWBqnWExY9z%2FRV6n3WXHb3GZV"}],"group":"cf-nel","max_age":604800}', 'NEL': '{"success_fraction":0,"report_to":"cf-nel","max_age":604800}', 'Server': 'cloudflare', 'CF-RAY': '88d8642029a982f3-IAD', 'alt-svc': 'h3=":443"; ma=86400'} 
 body={"results":[{"gender":"male","name":{"title":"Mr","first":"George","last":"King"},"location":{"street":{"number":6226,"name":"Riverside Drive"},"city":"Wellington","state":"Tasman","country":"New Zealand","postcode":85063,"coordinates":{"latitude":"51.5645","longitude":"-174.9315"},"timezone":{"offset":"+5:30","description":"Bombay, Calcutta, Madras, New Delhi"}},"email":"george.king@example.com","login":{"uuid":"66b9cecd-896a-47dc-b1eb-5f8369847787","username":"whitepeacock394","password":"alexande","salt":"HLzPD1WR","md5":"695357f292b8ab2342f7c352bf19b8ea","sha1":"f3507ea3f01a31ee3be527b730d7df276b22997c","sha256":"4086634d8a6cf557fadba8d9733c6d9d4d783468cc77dcc9523ac7584d00ee1c"},"dob":{"date":"2001-02-20T08:21:24.207Z","age":23},"registered":{"date":"2012-08-31T19:47:01.510Z","age":11},"phone":"(465)-244-5430","cell":"(224)-135-3298","id":{"name":"","value":null},"picture":{"large":"https://randomuser.me/api/portraits/men/23.jpg","medium":"https://randomuser.me/api/portraits/med/men/23.jpg","thumbnail":"https://randomuser.me/api/portraits/thumb/men/23.jpg"},"nat":"NZ"}],"info":{"seed":"654a7864bfd182a4","results":1,"page":1,"version":"1.4"}} 
 </msg>
<msg time="2024-06-02T15:14:05.561458" level="INFO">/opt/hostedtoolcache/Python/3.12.3/x64/lib/python3.12/site-packages/urllib3/connectionpool.py:1103: InsecureRequestWarning: Unverified HTTPS request is being made to host 'randomuser.me'. Adding certificate verification is strongly advised. See: https://urllib3.readthedocs.io/en/latest/advanced-usage.html#tls-warnings
  warnings.warn(</msg>
<msg time="2024-06-02T15:14:05.561600" level="INFO">${response} = &lt;Response [200]&gt;</msg>
<var>${response}</var>
<arg>consultarAPI</arg>
<arg>/api</arg>
<doc>Sends a GET request on a previously created HTTP Session.</doc>
<status status="PASS" start="2024-06-02T15:14:05.465733" elapsed="0.095924"/>
</kw>
<kw name="Set Variable" owner="BuiltIn">
<msg time="2024-06-02T15:14:05.562590" level="INFO">${json_data} = {'results': [{'gender': 'male', 'name': {'title': 'Mr', 'first': 'George', 'last': 'King'}, 'location': {'street': {'number': 6226, 'name': 'Riverside Drive'}, 'city': 'Wellington', 'state': 'Tasman',...</msg>
<var>${json_data}</var>
<arg>${response.json()}</arg>
<doc>Returns the given values which can then be assigned to a variables.</doc>
<status status="PASS" start="2024-06-02T15:14:05.562157" elapsed="0.000461"/>
</kw>
<kw name="Set Variable" owner="BuiltIn">
<msg time="2024-06-02T15:14:05.563312" level="INFO">${name_title} = Mr</msg>
<var>${name_title}</var>
<arg>${json_data["results"][0]["name"]["title"]}</arg>
<doc>Returns the given values which can then be assigned to a variables.</doc>
<status status="PASS" start="2024-06-02T15:14:05.562928" elapsed="0.000410"/>
</kw>
<kw name="Create List" owner="BuiltIn">
<msg time="2024-06-02T15:14:05.563790" level="INFO">${allowed_titles} = ['Mr', 'Ms', 'Miss', 'Mrs', 'Madame', 'Monsieur']</msg>
<var>${allowed_titles}</var>
<arg>Mr</arg>
<arg>Ms</arg>
<arg>Miss</arg>
<arg>Mrs</arg>
<arg>Madame</arg>
<arg>Monsieur</arg>
<doc>Returns a list containing given items.</doc>
<status status="PASS" start="2024-06-02T15:14:05.563642" elapsed="0.000172"/>
</kw>
<kw name="List Should Contain Value" owner="Collections">
<msg time="2024-06-02T15:14:05.564289" level="INFO">False</msg>
<arg>${allowed_titles}</arg>
<arg>${name_title}</arg>
<doc>Fails if the ``value`` is not found from ``list``.</doc>
<status status="PASS" start="2024-06-02T15:14:05.564115" elapsed="0.000211"/>
</kw>
<kw name="Set Variable" owner="BuiltIn">
<msg time="2024-06-02T15:14:05.565124" level="INFO">${name_country} = NZ</msg>
<var>${name_country}</var>
<arg>${json_data["results"][0]["nat"]}</arg>
<doc>Returns the given values which can then be assigned to a variables.</doc>
<status status="PASS" start="2024-06-02T15:14:05.564622" elapsed="0.000527"/>
</kw>
<kw name="Create List" owner="BuiltIn">
<msg time="2024-06-02T15:14:05.566083" level="INFO">${list_country} = ['AD', 'AE', 'AF', 'AG', 'AI', 'AL', 'AM', 'AO', 'AQ', 'AR', 'AS', 'AT', 'AU', 'AW', 'AX', 'AZ', 'BA', 'BB', 'BD', 'BE', 'BF', 'BG', 'BH', 'BI', 'BJ', 'BL', 'BM', 'BN', 'BO', 'BQ', 'BR', 'BS', 'BT', '...</msg>
<var>${list_country}</var>
<arg>AD</arg>
<arg>AE</arg>
<arg>AF</arg>
<arg>AG</arg>
<arg>AI</arg>
<arg>AL</arg>
<arg>AM</arg>
<arg>AO</arg>
<arg>AQ</arg>
<arg>AR</arg>
<arg>AS</arg>
<arg>AT</arg>
<arg>AU</arg>
<arg>AW</arg>
<arg>AX</arg>
<arg>AZ</arg>
<arg>BA</arg>
<arg>BB</arg>
<arg>BD</arg>
<arg>BE</arg>
<arg>BF</arg>
<arg>BG</arg>
<arg>BH</arg>
<arg>BI</arg>
<arg>BJ</arg>
<arg>BL</arg>
<arg>BM</arg>
<arg>BN</arg>
<arg>BO</arg>
<arg>BQ</arg>
<arg>BR</arg>
<arg>BS</arg>
<arg>BT</arg>
<arg>BV</arg>
<arg>BW</arg>
<arg>BY</arg>
<arg>BZ</arg>
<arg>CA</arg>
<arg>CC</arg>
<arg>CD</arg>
<arg>CF</arg>
<arg>CG</arg>
<arg>CH</arg>
<arg>CI</arg>
<arg>CK</arg>
<arg>CL</arg>
<arg>CM</arg>
<arg>CN</arg>
<arg>CO</arg>
<arg>CR</arg>
<arg>CU</arg>
<arg>CV</arg>
<arg>CW</arg>
<arg>CX</arg>
<arg>CY</arg>
<arg>CZ</arg>
<arg>DE</arg>
<arg>DJ</arg>
<arg>DK</arg>
<arg>DM</arg>
<arg>DO</arg>
<arg>DZ</arg>
<arg>EC</arg>
<arg>EE</arg>
<arg>EG</arg>
<arg>EH</arg>
<arg>ER</arg>
<arg>ES</arg>
<arg>ET</arg>
<arg>FI</arg>
<arg>FJ</arg>
<arg>FK</arg>
<arg>FM</arg>
<arg>FO</arg>
<arg>FR</arg>
<arg>GA</arg>
<arg>GB</arg>
<arg>GD</arg>
<arg>GE</arg>
<arg>GF</arg>
<arg>GG</arg>
<arg>GH</arg>
<arg>GI</arg>
<arg>GL</arg>
<arg>GM</arg>
<arg>GN</arg>
<arg>GP</arg>
<arg>GQ</arg>
<arg>GR</arg>
<arg>GS</arg>
<arg>GT</arg>
<arg>GU</arg>
<arg>GW</arg>
<arg>GY</arg>
<arg>HK</arg>
<arg>HM</arg>
<arg>HN</arg>
<arg>HR</arg>
<arg>HT</arg>
<arg>HU</arg>
<arg>ID</arg>
<arg>IE</arg>
<arg>IL</arg>
<arg>IM</arg>
<arg>IN</arg>
<arg>IO</arg>
<arg>IQ</arg>
<arg>IR</arg>
<arg>IS</arg>
<arg>IT</arg>
<arg>JE</arg>
<arg>JM</arg>
<arg>JO</arg>
<arg>JP</arg>
<arg>KE</arg>
<arg>KG</arg>
<arg>KH</arg>
<arg>KI</arg>
<arg>KM</arg>
<arg>KN</arg>
<arg>KP</arg>
<arg>KR</arg>
<arg>KW</arg>
<arg>KY</arg>
<arg>KZ</arg>
<arg>LA</arg>
<arg>LB</arg>
<arg>LC</arg>
<arg>LI</arg>
<arg>LK</arg>
<arg>LR</arg>
<arg>LS</arg>
<arg>LT</arg>
<arg>LU</arg>
<arg>LV</arg>
<arg>LY</arg>
<arg>MA</arg>
<arg>MC</arg>
<arg>MD</arg>
<arg>ME</arg>
<arg>MF</arg>
<arg>MG</arg>
<arg>MH</arg>
<arg>MK</arg>
<arg>ML</arg>
<arg>MM</arg>
<arg>MN</arg>
<arg>MO</arg>
<arg>MP</arg>
<arg>MQ</arg>
<arg>MR</arg>
<arg>MS</arg>
<arg>MT</arg>
<arg>MU</arg>
<arg>MV</arg>
<arg>MW</arg>
<arg>MX</arg>
<arg>MY</arg>
<arg>MZ</arg>
<arg>NA</arg>
<arg>NC</arg>
<arg>NE</arg>
<arg>NF</arg>
<arg>NG</arg>
<arg>NI</arg>
<arg>NL</arg>
<arg>NO</arg>
<arg>NP</arg>
<arg>NR</arg>
<arg>NU</arg>
<arg>NZ</arg>
<arg>OM</arg>
<arg>PA</arg>
<arg>PE</arg>
<arg>PF</arg>
<arg>PG</arg>
<arg>PH</arg>
<arg>PK</arg>
<arg>PL</arg>
<arg>PM</arg>
<arg>PN</arg>
<arg>PR</arg>
<arg>PS</arg>
<arg>PT</arg>
<arg>PW</arg>
<arg>PY</arg>
<arg>QA</arg>
<arg>RE</arg>
<arg>RO</arg>
<arg>RS</arg>
<arg>RU</arg>
<arg>RW</arg>
<arg>SA</arg>
<arg>SB</arg>
<arg>SC</arg>
<arg>SD</arg>
<arg>SE</arg>
<arg>SG</arg>
<arg>SH</arg>
<arg>SI</arg>
<arg>SJ</arg>
<arg>SK</arg>
<arg>SL</arg>
<arg>SM</arg>
<arg>SN</arg>
<arg>SO</arg>
<arg>SR</arg>
<arg>SS</arg>
<arg>ST</arg>
<arg>SV</arg>
<arg>SX</arg>
<arg>SY</arg>
<arg>SZ</arg>
<arg>TC</arg>
<arg>TD</arg>
<arg>TF</arg>
<arg>TG</arg>
<arg>TH</arg>
<arg>TJ</arg>
<arg>TK</arg>
<arg>TL</arg>
<arg>TM</arg>
<arg>TN</arg>
<arg>TO</arg>
<arg>TR</arg>
<arg>TT</arg>
<arg>TV</arg>
<arg>TW</arg>
<arg>TZ</arg>
<arg>UA</arg>
<arg>UG</arg>
<arg>UM</arg>
<arg>US</arg>
<arg>UY</arg>
<arg>UZ</arg>
<arg>VA</arg>
<arg>VC</arg>
<arg>VE</arg>
<arg>VG</arg>
<arg>VI</arg>
<arg>VN</arg>
<arg>VU</arg>
<arg>WF</arg>
<arg>WS</arg>
<arg>XK</arg>
<arg>YE</arg>
<arg>YT</arg>
<arg>ZA</arg>
<arg>ZM</arg>
<arg>ZW</arg>
<doc>Returns a list containing given items.</doc>
<status status="PASS" start="2024-06-02T15:14:05.565458" elapsed="0.000652"/>
</kw>
<kw name="List Should Contain Value" owner="Collections">
<msg time="2024-06-02T15:14:05.567097" level="INFO">False</msg>
<arg>${list_country}</arg>
<arg>${name_country}</arg>
<doc>Fails if the ``value`` is not found from ``list``.</doc>
<status status="PASS" start="2024-06-02T15:14:05.566895" elapsed="0.000239"/>
</kw>
<kw name="Run Keyword If" owner="BuiltIn">
<kw name="Should Be True" owner="BuiltIn">
<arg>${True}</arg>
<doc>Fails if the given condition is not true.</doc>
<status status="PASS" start="2024-06-02T15:14:05.568180" elapsed="0.000144"/>
</kw>
<arg>${json_data["results"][0]["location"]["coordinates"]["latitude"]} &gt;= -90 and ${json_data["results"][0]["location"]["coordinates"]["latitude"]} &lt;= 90</arg>
<arg>Should Be True</arg>
<arg>${True}</arg>
<doc>Runs the given keyword with the given arguments, if ``condition`` is true.</doc>
<status status="PASS" start="2024-06-02T15:14:05.567444" elapsed="0.001005"/>
</kw>
<kw name="Run Keyword If" owner="BuiltIn">
<kw name="Should Be True" owner="BuiltIn">
<arg>${True}</arg>
<doc>Fails if the given condition is not true.</doc>
<status status="PASS" start="2024-06-02T15:14:05.569337" elapsed="0.000136"/>
</kw>
<arg>${json_data["results"][0]["location"]["coordinates"]["longitude"]} &gt;= -180 and ${json_data["results"][0]["location"]["coordinates"]["longitude"]} &lt;= 180</arg>
<arg>Should Be True</arg>
<arg>${True}</arg>
<doc>Runs the given keyword with the given arguments, if ``condition`` is true.</doc>
<status status="PASS" start="2024-06-02T15:14:05.568647" elapsed="0.000947"/>
</kw>
<status status="PASS" start="2024-06-02T15:14:05.465416" elapsed="0.104303"/>
</kw>
<doc>Testa o conteúdo específico dos campos retornados pela API.</doc>
<tag>testeConteudo</tag>
<status status="PASS" start="2024-06-02T15:14:05.464905" elapsed="0.104954"/>
</test>
<status status="PASS" start="2024-06-02T15:14:04.735132" elapsed="0.836645"/>
</suite>
<status status="PASS" start="2024-06-02T15:14:04.721773" elapsed="0.855091"/>
</suite>
<statistics>
<total>
<stat pass="5" fail="0" skip="0">All Tests</stat>
</total>
<tag>
<stat pass="1" fail="0" skip="0">testeConteudo</stat>
<stat pass="1" fail="0" skip="0">testeEstruturaResposta</stat>
<stat pass="1" fail="0" skip="0">testeRequisicaoBasica</stat>
<stat pass="1" fail="0" skip="0">testeTiposDados</stat>
</tag>
<suite>
<stat pass="5" fail="0" skip="0" id="s1" name="Tests">Tests</stat>
<stat pass="5" fail="0" skip="0" id="s1-s1" name="Random-User-Test">Tests.Random-User-Test</stat>
</suite>
</statistics>
<errors>
</errors>
</robot>
