<?xml version="1.0" encoding="UTF-8"?>
<robot generator="Robot 7.0 (Python 3.12.2 on linux)" generated="2024-04-04T02:23:25.982703" rpa="false" schemaversion="5">
<suite id="s1" name="Tests" source="/home/runner/work/DesafioQAItauRogerioJordao/DesafioQAItauRogerioJordao/RamdonUser/tests">
<suite id="s1-s1" name="Random-User-Test" source="/home/runner/work/DesafioQAItauRogerioJordao/DesafioQAItauRogerioJordao/RamdonUser/tests/random-user-test.robot">
<test id="s1-s1-t1" name="Conectar" line="13">
<kw name="Conectar API" owner="random-user-service">
<kw name="Create Session" owner="RequestsLibrary">
<msg time="2024-04-04T02:23:26.336029" level="INFO">Creating Session using : alias=consultarAPI, url=https://randomuser.me/, headers={},                     cookies={}, auth=None, timeout=None, proxies=None, verify=False,                     debug=0 </msg>
<arg>consultarAPI</arg>
<arg>${URL}</arg>
<doc>Create Session: create a HTTP session to a server</doc>
<status status="PASS" start="2024-04-04T02:23:26.335831" elapsed="0.000363"/>
</kw>
<status status="PASS" start="2024-04-04T02:23:26.334781" elapsed="0.001760"/>
</kw>
<status status="PASS" start="2024-04-04T02:23:26.334188" elapsed="0.002565"/>
</test>
<test id="s1-s1-t2" name="Validar retorno 200 e JSON Válido" line="16">
<kw name="Teste de Requisicao Basica" owner="random-user-service">
<kw name="GET On Session" owner="RequestsLibrary">
<msg time="2024-04-04T02:23:26.620179" level="INFO">GET Request : url=https://randomuser.me/api 
 path_url=/api 
 headers={'User-Agent': 'python-requests/2.31.0', 'Accept-Encoding': 'gzip, deflate', 'Accept': '*/*', 'Connection': 'keep-alive'} 
 body=None 
 </msg>
<msg time="2024-04-04T02:23:26.620296" level="INFO">GET Response : url=https://randomuser.me/api 
 status=200, reason=OK 
 headers={'Date': 'Thu, 04 Apr 2024 02:23:26 GMT', 'Content-Type': 'application/json; charset=utf-8', 'Transfer-Encoding': 'chunked', 'Connection': 'keep-alive', 'X-Powered-By': 'Express', 'Access-Control-Allow-Origin': '*', 'Cache-Control': 'no-cache', 'ETag': 'W/"4a6-7/fiiXe9oZ5hxVfJu6/ypnqTerI"', 'Vary': 'Accept-Encoding', 'Content-Encoding': 'gzip', 'CF-Cache-Status': 'DYNAMIC', 'Report-To': '{"endpoints":[{"url":"https:\\/\\/a.nel.cloudflare.com\\/report\\/v4?s=O9Q0Ov8j%2By5GrBkbUwQpSgR8Ulp3Xa7phtrHvMpOdy%2BusOSQg%2FmCqV0YrNmxUDpLkLO3P7Z2UeijUqEZ6Uh%2BbhAGiGTNIoPqTac605gD2AnsD9QNBwVhQodpCnPggIvC"}],"group":"cf-nel","max_age":604800}', 'NEL': '{"success_fraction":0,"report_to":"cf-nel","max_age":604800}', 'Server': 'cloudflare', 'CF-RAY': '86edd61f2c962894-IAD', 'alt-svc': 'h3=":443"; ma=86400'} 
 body={"results":[{"gender":"male","name":{"title":"Monsieur","first":"Georg","last":"Andre"},"location":{"street":{"number":6618,"name":"Avenue de la Libération"},"city":"Genolier","state":"Basel-Stadt","country":"Switzerland","postcode":6775,"coordinates":{"latitude":"-61.1381","longitude":"-73.0755"},"timezone":{"offset":"+10:00","description":"Eastern Australia, Guam, Vladivostok"}},"email":"georg.andre@example.com","login":{"uuid":"50fa0538-a867-4e54-8113-082ea099e5e4","username":"bigduck130","password":"athena","salt":"QHzC5wtH","md5":"7b13fa0b72d4fd2b89402158d9942369","sha1":"6beff24c21f626cd152dfc43587175a23ac12bc4","sha256":"d53fa76740e812b4dcf3b536f45d5532ff352cee7a46db465798baca6d80ef68"},"dob":{"date":"1974-08-19T16:23:10.697Z","age":49},"registered":{"date":"2005-11-25T04:12:48.237Z","age":18},"phone":"075 659 39 25","cell":"076 780 23 14","id":{"name":"AVS","value":"756.5728.7091.70"},"picture":{"large":"https://randomuser.me/api/portraits/men/91.jpg","medium":"https://randomuser.me/api/portraits/med/men/91.jpg","thumbnail":"https://randomuser.me/api/portraits/thumb/men/91.jpg"},"nat":"CH"}],"info":{"seed":"a3c6fd1754ce4074","results":1,"page":1,"version":"1.4"}} 
 </msg>
<msg time="2024-04-04T02:23:26.620403" level="INFO">/opt/hostedtoolcache/Python/3.12.2/x64/lib/python3.12/site-packages/urllib3/connectionpool.py:1103: InsecureRequestWarning: Unverified HTTPS request is being made to host 'randomuser.me'. Adding certificate verification is strongly advised. See: https://urllib3.readthedocs.io/en/latest/advanced-usage.html#tls-warnings
  warnings.warn(</msg>
<msg time="2024-04-04T02:23:26.620533" level="INFO">${response} = &lt;Response [200]&gt;</msg>
<var>${response}</var>
<arg>consultarAPI</arg>
<arg>/api</arg>
<doc>Sends a GET request on a previously created HTTP Session.</doc>
<status status="PASS" start="2024-04-04T02:23:26.339384" elapsed="0.281203"/>
</kw>
<kw name="Should Be Equal As Numbers" owner="BuiltIn">
<msg time="2024-04-04T02:23:26.621695" level="INFO">Argument types are:
&lt;class 'int'&gt;
&lt;class 'str'&gt;</msg>
<arg>${response.status_code}</arg>
<arg>200</arg>
<doc>Fails if objects are unequal after converting them to real numbers.</doc>
<status status="PASS" start="2024-04-04T02:23:26.621181" elapsed="0.000582"/>
</kw>
<kw name="Log" owner="BuiltIn">
<msg time="2024-04-04T02:23:26.622464" level="INFO">200</msg>
<arg>${response.status_code}</arg>
<doc>Logs the given message with the given level.</doc>
<status status="PASS" start="2024-04-04T02:23:26.622097" elapsed="0.000412"/>
</kw>
<kw name="Set Variable" owner="BuiltIn">
<msg time="2024-04-04T02:23:26.623291" level="INFO">${json_data} = {'results': [{'gender': 'male', 'name': {'title': 'Monsieur', 'first': 'Georg', 'last': 'Andre'}, 'location': {'street': {'number': 6618, 'name': 'Avenue de la Libération'}, 'city': 'Genolier', 'state...</msg>
<var>${json_data}</var>
<arg>${response.json()}</arg>
<doc>Returns the given values which can then be assigned to a variables.</doc>
<status status="PASS" start="2024-04-04T02:23:26.622835" elapsed="0.000486"/>
</kw>
<kw name="Dictionary Should Contain Key" owner="Collections">
<msg time="2024-04-04T02:23:26.623849" level="INFO">False</msg>
<arg>${json_data}</arg>
<arg>results</arg>
<doc>Fails if ``key`` is not found from ``dictionary``.</doc>
<status status="PASS" start="2024-04-04T02:23:26.623666" elapsed="0.000224"/>
</kw>
<status status="PASS" start="2024-04-04T02:23:26.339128" elapsed="0.285022"/>
</kw>
<doc>Testa se a API responde corretamente e retorna um objeto JSON válido.</doc>
<tag>testeRequisicaoBasica</tag>
<status status="PASS" start="2024-04-04T02:23:26.338597" elapsed="0.285739"/>
</test>
<test id="s1-s1-t3" name="Validar estrutura de resposta" line="22">
<kw name="Teste de Estrutura de Resposta" owner="random-user-service">
<kw name="GET On Session" owner="RequestsLibrary">
<msg time="2024-04-04T02:23:26.713977" level="INFO">GET Request : url=https://randomuser.me/api 
 path_url=/api 
 headers={'User-Agent': 'python-requests/2.31.0', 'Accept-Encoding': 'gzip, deflate', 'Accept': '*/*', 'Connection': 'keep-alive'} 
 body=None 
 </msg>
<msg time="2024-04-04T02:23:26.714067" level="INFO">GET Response : url=https://randomuser.me/api 
 status=200, reason=OK 
 headers={'Date': 'Thu, 04 Apr 2024 02:23:26 GMT', 'Content-Type': 'application/json; charset=utf-8', 'Transfer-Encoding': 'chunked', 'Connection': 'keep-alive', 'X-Powered-By': 'Express', 'Access-Control-Allow-Origin': '*', 'Cache-Control': 'no-cache', 'ETag': 'W/"49a-Y2KLpEhcw/llGR4Ktor5II/hupg"', 'Vary': 'Accept-Encoding', 'Content-Encoding': 'gzip', 'CF-Cache-Status': 'DYNAMIC', 'Report-To': '{"endpoints":[{"url":"https:\\/\\/a.nel.cloudflare.com\\/report\\/v4?s=t8WuWIm9zYvHF1Uc5kezq56DFz39q5i2Hw89h7F3YoLhuzLNFAdyaMKUTiAmINakLoSy45nVI9HqohY5fOLXRZ1daqYB5CN4Gv2D1JUO8Gob%2BCTh%2B0qD%2BFq1KZekFNbV"}],"group":"cf-nel","max_age":604800}', 'NEL': '{"success_fraction":0,"report_to":"cf-nel","max_age":604800}', 'Server': 'cloudflare', 'CF-RAY': '86edd61f7cfb2894-IAD', 'alt-svc': 'h3=":443"; ma=86400'} 
 body={"results":[{"gender":"male","name":{"title":"Mr","first":"Carlos","last":"Sotelo"},"location":{"street":{"number":4547,"name":"Peatonal Jalisco"},"city":"Acaponeta","state":"Hidalgo","country":"Mexico","postcode":54967,"coordinates":{"latitude":"22.5606","longitude":"-72.7997"},"timezone":{"offset":"-5:00","description":"Eastern Time (US &amp; Canada), Bogota, Lima"}},"email":"carlos.sotelo@example.com","login":{"uuid":"2d37b067-799d-4dad-8fa9-0ccb5c992d13","username":"redmeercat107","password":"waldo1","salt":"CMJ12O2c","md5":"cb9190df5253ddaed883e29a7a35e1a4","sha1":"fb4c407497179424f26b656abe31b02c9b57d99e","sha256":"81658c8146cfdfd1a2da0ad5421900a60cf36e67295df4090967e9b06d2d486c"},"dob":{"date":"1989-12-10T16:45:16.855Z","age":34},"registered":{"date":"2018-05-16T00:04:59.708Z","age":5},"phone":"(637) 651 8110","cell":"(612) 852 5708","id":{"name":"NSS","value":"51 79 80 4741 2"},"picture":{"large":"https://randomuser.me/api/portraits/men/69.jpg","medium":"https://randomuser.me/api/portraits/med/men/69.jpg","thumbnail":"https://randomuser.me/api/portraits/thumb/men/69.jpg"},"nat":"MX"}],"info":{"seed":"638d1290dae50509","results":1,"page":1,"version":"1.4"}} 
 </msg>
<msg time="2024-04-04T02:23:26.714194" level="INFO">/opt/hostedtoolcache/Python/3.12.2/x64/lib/python3.12/site-packages/urllib3/connectionpool.py:1103: InsecureRequestWarning: Unverified HTTPS request is being made to host 'randomuser.me'. Adding certificate verification is strongly advised. See: https://urllib3.readthedocs.io/en/latest/advanced-usage.html#tls-warnings
  warnings.warn(</msg>
<msg time="2024-04-04T02:23:26.714296" level="INFO">${response} = &lt;Response [200]&gt;</msg>
<var>${response}</var>
<arg>consultarAPI</arg>
<arg>/api</arg>
<doc>Sends a GET request on a previously created HTTP Session.</doc>
<status status="PASS" start="2024-04-04T02:23:26.627137" elapsed="0.087203"/>
</kw>
<kw name="Set Variable" owner="BuiltIn">
<msg time="2024-04-04T02:23:26.715586" level="INFO">${json_data} = {'results': [{'gender': 'male', 'name': {'title': 'Mr', 'first': 'Carlos', 'last': 'Sotelo'}, 'location': {'street': {'number': 4547, 'name': 'Peatonal Jalisco'}, 'city': 'Acaponeta', 'state': 'Hidalg...</msg>
<var>${json_data}</var>
<arg>${response.json()}</arg>
<doc>Returns the given values which can then be assigned to a variables.</doc>
<status status="PASS" start="2024-04-04T02:23:26.714907" elapsed="0.000713"/>
</kw>
<kw name="Log" owner="BuiltIn">
<msg time="2024-04-04T02:23:26.716096" level="INFO">{'results': [{'gender': 'male', 'name': {'title': 'Mr', 'first': 'Carlos', 'last': 'Sotelo'}, 'location': {'street': {'number': 4547, 'name': 'Peatonal Jalisco'}, 'city': 'Acaponeta', 'state': 'Hidalgo', 'country': 'Mexico', 'postcode': 54967, 'coordinates': {'latitude': '22.5606', 'longitude': '-72.7997'}, 'timezone': {'offset': '-5:00', 'description': 'Eastern Time (US &amp; Canada), Bogota, Lima'}}, 'email': 'carlos.sotelo@example.com', 'login': {'uuid': '2d37b067-799d-4dad-8fa9-0ccb5c992d13', 'username': 'redmeercat107', 'password': 'waldo1', 'salt': 'CMJ12O2c', 'md5': 'cb9190df5253ddaed883e29a7a35e1a4', 'sha1': 'fb4c407497179424f26b656abe31b02c9b57d99e', 'sha256': '81658c8146cfdfd1a2da0ad5421900a60cf36e67295df4090967e9b06d2d486c'}, 'dob': {'date': '1989-12-10T16:45:16.855Z', 'age': 34}, 'registered': {'date': '2018-05-16T00:04:59.708Z', 'age': 5}, 'phone': '(637) 651 8110', 'cell': '(612) 852 5708', 'id': {'name': 'NSS', 'value': '51 79 80 4741 2'}, 'picture': {'large': 'https://randomuser.me/api/portraits/men/69.jpg', 'medium': 'https://randomuser.me/api/portraits/med/men/69.jpg', 'thumbnail': 'https://randomuser.me/api/portraits/thumb/men/69.jpg'}, 'nat': 'MX'}], 'info': {'seed': '638d1290dae50509', 'results': 1, 'page': 1, 'version': '1.4'}}</msg>
<arg>${json_data}</arg>
<doc>Logs the given message with the given level.</doc>
<status status="PASS" start="2024-04-04T02:23:26.715937" elapsed="0.000209"/>
</kw>
<kw name="Dictionary Should Contain Key" owner="Collections">
<msg time="2024-04-04T02:23:26.716593" level="INFO">False</msg>
<arg>${json_data}</arg>
<arg>results</arg>
<doc>Fails if ``key`` is not found from ``dictionary``.</doc>
<status status="PASS" start="2024-04-04T02:23:26.716441" elapsed="0.000189"/>
</kw>
<kw name="Should Not Be Empty" owner="BuiltIn">
<msg time="2024-04-04T02:23:26.717055" level="INFO">Length is 2.</msg>
<arg>${json_data}</arg>
<doc>Verifies that the given item is not empty.</doc>
<status status="PASS" start="2024-04-04T02:23:26.716923" elapsed="0.000170"/>
</kw>
<kw name="Create List" owner="BuiltIn">
<msg time="2024-04-04T02:23:26.717530" level="INFO">${expected_keys} = ['gender', 'name', 'location', 'email', 'login']</msg>
<var>${expected_keys}</var>
<arg>gender</arg>
<arg>name</arg>
<arg>location</arg>
<arg>email</arg>
<arg>login</arg>
<doc>Returns a list containing given items.</doc>
<status status="PASS" start="2024-04-04T02:23:26.717384" elapsed="0.000170"/>
</kw>
<for flavor="IN">
<iter>
<kw name="Dictionary Should Contain Key" owner="Collections">
<msg time="2024-04-04T02:23:26.718514" level="INFO">False</msg>
<arg>${json_data['results'][0]}</arg>
<arg>${key}</arg>
<doc>Fails if ``key`` is not found from ``dictionary``.</doc>
<status status="PASS" start="2024-04-04T02:23:26.718105" elapsed="0.000449"/>
</kw>
<kw name="Log" owner="BuiltIn">
<msg time="2024-04-04T02:23:26.719220" level="INFO">{'gender': 'male', 'name': {'title': 'Mr', 'first': 'Carlos', 'last': 'Sotelo'}, 'location': {'street': {'number': 4547, 'name': 'Peatonal Jalisco'}, 'city': 'Acaponeta', 'state': 'Hidalgo', 'country': 'Mexico', 'postcode': 54967, 'coordinates': {'latitude': '22.5606', 'longitude': '-72.7997'}, 'timezone': {'offset': '-5:00', 'description': 'Eastern Time (US &amp; Canada), Bogota, Lima'}}, 'email': 'carlos.sotelo@example.com', 'login': {'uuid': '2d37b067-799d-4dad-8fa9-0ccb5c992d13', 'username': 'redmeercat107', 'password': 'waldo1', 'salt': 'CMJ12O2c', 'md5': 'cb9190df5253ddaed883e29a7a35e1a4', 'sha1': 'fb4c407497179424f26b656abe31b02c9b57d99e', 'sha256': '81658c8146cfdfd1a2da0ad5421900a60cf36e67295df4090967e9b06d2d486c'}, 'dob': {'date': '1989-12-10T16:45:16.855Z', 'age': 34}, 'registered': {'date': '2018-05-16T00:04:59.708Z', 'age': 5}, 'phone': '(637) 651 8110', 'cell': '(612) 852 5708', 'id': {'name': 'NSS', 'value': '51 79 80 4741 2'}, 'picture': {'large': 'https://randomuser.me/api/portraits/men/69.jpg', 'medium': 'https://randomuser.me/api/portraits/med/men/69.jpg', 'thumbnail': 'https://randomuser.me/api/portraits/thumb/men/69.jpg'}, 'nat': 'MX'}</msg>
<arg>${json_data['results'][0]}</arg>
<doc>Logs the given message with the given level.</doc>
<status status="PASS" start="2024-04-04T02:23:26.718857" elapsed="0.000418"/>
</kw>
<kw name="Log" owner="BuiltIn">
<msg time="2024-04-04T02:23:26.719739" level="INFO">gender</msg>
<arg>${key}</arg>
<doc>Logs the given message with the given level.</doc>
<status status="PASS" start="2024-04-04T02:23:26.719605" elapsed="0.000171"/>
</kw>
<var name="${key}">gender</var>
<status status="PASS" start="2024-04-04T02:23:26.717983" elapsed="0.002012"/>
</iter>
<iter>
<kw name="Dictionary Should Contain Key" owner="Collections">
<msg time="2024-04-04T02:23:26.720682" level="INFO">False</msg>
<arg>${json_data['results'][0]}</arg>
<arg>${key}</arg>
<doc>Fails if ``key`` is not found from ``dictionary``.</doc>
<status status="PASS" start="2024-04-04T02:23:26.720297" elapsed="0.000424"/>
</kw>
<kw name="Log" owner="BuiltIn">
<msg time="2024-04-04T02:23:26.721413" level="INFO">{'gender': 'male', 'name': {'title': 'Mr', 'first': 'Carlos', 'last': 'Sotelo'}, 'location': {'street': {'number': 4547, 'name': 'Peatonal Jalisco'}, 'city': 'Acaponeta', 'state': 'Hidalgo', 'country': 'Mexico', 'postcode': 54967, 'coordinates': {'latitude': '22.5606', 'longitude': '-72.7997'}, 'timezone': {'offset': '-5:00', 'description': 'Eastern Time (US &amp; Canada), Bogota, Lima'}}, 'email': 'carlos.sotelo@example.com', 'login': {'uuid': '2d37b067-799d-4dad-8fa9-0ccb5c992d13', 'username': 'redmeercat107', 'password': 'waldo1', 'salt': 'CMJ12O2c', 'md5': 'cb9190df5253ddaed883e29a7a35e1a4', 'sha1': 'fb4c407497179424f26b656abe31b02c9b57d99e', 'sha256': '81658c8146cfdfd1a2da0ad5421900a60cf36e67295df4090967e9b06d2d486c'}, 'dob': {'date': '1989-12-10T16:45:16.855Z', 'age': 34}, 'registered': {'date': '2018-05-16T00:04:59.708Z', 'age': 5}, 'phone': '(637) 651 8110', 'cell': '(612) 852 5708', 'id': {'name': 'NSS', 'value': '51 79 80 4741 2'}, 'picture': {'large': 'https://randomuser.me/api/portraits/men/69.jpg', 'medium': 'https://randomuser.me/api/portraits/med/men/69.jpg', 'thumbnail': 'https://randomuser.me/api/portraits/thumb/men/69.jpg'}, 'nat': 'MX'}</msg>
<arg>${json_data['results'][0]}</arg>
<doc>Logs the given message with the given level.</doc>
<status status="PASS" start="2024-04-04T02:23:26.721052" elapsed="0.000411"/>
</kw>
<kw name="Log" owner="BuiltIn">
<msg time="2024-04-04T02:23:26.721902" level="INFO">name</msg>
<arg>${key}</arg>
<doc>Logs the given message with the given level.</doc>
<status status="PASS" start="2024-04-04T02:23:26.721773" elapsed="0.000167"/>
</kw>
<var name="${key}">name</var>
<status status="PASS" start="2024-04-04T02:23:26.720183" elapsed="0.001972"/>
</iter>
<iter>
<kw name="Dictionary Should Contain Key" owner="Collections">
<msg time="2024-04-04T02:23:26.722828" level="INFO">False</msg>
<arg>${json_data['results'][0]}</arg>
<arg>${key}</arg>
<doc>Fails if ``key`` is not found from ``dictionary``.</doc>
<status status="PASS" start="2024-04-04T02:23:26.722449" elapsed="0.000418"/>
</kw>
<kw name="Log" owner="BuiltIn">
<msg time="2024-04-04T02:23:26.723532" level="INFO">{'gender': 'male', 'name': {'title': 'Mr', 'first': 'Carlos', 'last': 'Sotelo'}, 'location': {'street': {'number': 4547, 'name': 'Peatonal Jalisco'}, 'city': 'Acaponeta', 'state': 'Hidalgo', 'country': 'Mexico', 'postcode': 54967, 'coordinates': {'latitude': '22.5606', 'longitude': '-72.7997'}, 'timezone': {'offset': '-5:00', 'description': 'Eastern Time (US &amp; Canada), Bogota, Lima'}}, 'email': 'carlos.sotelo@example.com', 'login': {'uuid': '2d37b067-799d-4dad-8fa9-0ccb5c992d13', 'username': 'redmeercat107', 'password': 'waldo1', 'salt': 'CMJ12O2c', 'md5': 'cb9190df5253ddaed883e29a7a35e1a4', 'sha1': 'fb4c407497179424f26b656abe31b02c9b57d99e', 'sha256': '81658c8146cfdfd1a2da0ad5421900a60cf36e67295df4090967e9b06d2d486c'}, 'dob': {'date': '1989-12-10T16:45:16.855Z', 'age': 34}, 'registered': {'date': '2018-05-16T00:04:59.708Z', 'age': 5}, 'phone': '(637) 651 8110', 'cell': '(612) 852 5708', 'id': {'name': 'NSS', 'value': '51 79 80 4741 2'}, 'picture': {'large': 'https://randomuser.me/api/portraits/men/69.jpg', 'medium': 'https://randomuser.me/api/portraits/med/men/69.jpg', 'thumbnail': 'https://randomuser.me/api/portraits/thumb/men/69.jpg'}, 'nat': 'MX'}</msg>
<arg>${json_data['results'][0]}</arg>
<doc>Logs the given message with the given level.</doc>
<status status="PASS" start="2024-04-04T02:23:26.723170" elapsed="0.000438"/>
</kw>
<kw name="Log" owner="BuiltIn">
<msg time="2024-04-04T02:23:26.724043" level="INFO">location</msg>
<arg>${key}</arg>
<doc>Logs the given message with the given level.</doc>
<status status="PASS" start="2024-04-04T02:23:26.723915" elapsed="0.000166"/>
</kw>
<var name="${key}">location</var>
<status status="PASS" start="2024-04-04T02:23:26.722336" elapsed="0.001961"/>
</iter>
<iter>
<kw name="Dictionary Should Contain Key" owner="Collections">
<msg time="2024-04-04T02:23:26.724960" level="INFO">False</msg>
<arg>${json_data['results'][0]}</arg>
<arg>${key}</arg>
<doc>Fails if ``key`` is not found from ``dictionary``.</doc>
<status status="PASS" start="2024-04-04T02:23:26.724583" elapsed="0.000415"/>
</kw>
<kw name="Log" owner="BuiltIn">
<msg time="2024-04-04T02:23:26.725660" level="INFO">{'gender': 'male', 'name': {'title': 'Mr', 'first': 'Carlos', 'last': 'Sotelo'}, 'location': {'street': {'number': 4547, 'name': 'Peatonal Jalisco'}, 'city': 'Acaponeta', 'state': 'Hidalgo', 'country': 'Mexico', 'postcode': 54967, 'coordinates': {'latitude': '22.5606', 'longitude': '-72.7997'}, 'timezone': {'offset': '-5:00', 'description': 'Eastern Time (US &amp; Canada), Bogota, Lima'}}, 'email': 'carlos.sotelo@example.com', 'login': {'uuid': '2d37b067-799d-4dad-8fa9-0ccb5c992d13', 'username': 'redmeercat107', 'password': 'waldo1', 'salt': 'CMJ12O2c', 'md5': 'cb9190df5253ddaed883e29a7a35e1a4', 'sha1': 'fb4c407497179424f26b656abe31b02c9b57d99e', 'sha256': '81658c8146cfdfd1a2da0ad5421900a60cf36e67295df4090967e9b06d2d486c'}, 'dob': {'date': '1989-12-10T16:45:16.855Z', 'age': 34}, 'registered': {'date': '2018-05-16T00:04:59.708Z', 'age': 5}, 'phone': '(637) 651 8110', 'cell': '(612) 852 5708', 'id': {'name': 'NSS', 'value': '51 79 80 4741 2'}, 'picture': {'large': 'https://randomuser.me/api/portraits/men/69.jpg', 'medium': 'https://randomuser.me/api/portraits/med/men/69.jpg', 'thumbnail': 'https://randomuser.me/api/portraits/thumb/men/69.jpg'}, 'nat': 'MX'}</msg>
<arg>${json_data['results'][0]}</arg>
<doc>Logs the given message with the given level.</doc>
<status status="PASS" start="2024-04-04T02:23:26.725298" elapsed="0.000411"/>
</kw>
<kw name="Log" owner="BuiltIn">
<msg time="2024-04-04T02:23:26.726132" level="INFO">email</msg>
<arg>${key}</arg>
<doc>Logs the given message with the given level.</doc>
<status status="PASS" start="2024-04-04T02:23:26.726005" elapsed="0.000166"/>
</kw>
<var name="${key}">email</var>
<status status="PASS" start="2024-04-04T02:23:26.724471" elapsed="0.001916"/>
</iter>
<iter>
<kw name="Dictionary Should Contain Key" owner="Collections">
<msg time="2024-04-04T02:23:26.727058" level="INFO">False</msg>
<arg>${json_data['results'][0]}</arg>
<arg>${key}</arg>
<doc>Fails if ``key`` is not found from ``dictionary``.</doc>
<status status="PASS" start="2024-04-04T02:23:26.726677" elapsed="0.000419"/>
</kw>
<kw name="Log" owner="BuiltIn">
<msg time="2024-04-04T02:23:26.727776" level="INFO">{'gender': 'male', 'name': {'title': 'Mr', 'first': 'Carlos', 'last': 'Sotelo'}, 'location': {'street': {'number': 4547, 'name': 'Peatonal Jalisco'}, 'city': 'Acaponeta', 'state': 'Hidalgo', 'country': 'Mexico', 'postcode': 54967, 'coordinates': {'latitude': '22.5606', 'longitude': '-72.7997'}, 'timezone': {'offset': '-5:00', 'description': 'Eastern Time (US &amp; Canada), Bogota, Lima'}}, 'email': 'carlos.sotelo@example.com', 'login': {'uuid': '2d37b067-799d-4dad-8fa9-0ccb5c992d13', 'username': 'redmeercat107', 'password': 'waldo1', 'salt': 'CMJ12O2c', 'md5': 'cb9190df5253ddaed883e29a7a35e1a4', 'sha1': 'fb4c407497179424f26b656abe31b02c9b57d99e', 'sha256': '81658c8146cfdfd1a2da0ad5421900a60cf36e67295df4090967e9b06d2d486c'}, 'dob': {'date': '1989-12-10T16:45:16.855Z', 'age': 34}, 'registered': {'date': '2018-05-16T00:04:59.708Z', 'age': 5}, 'phone': '(637) 651 8110', 'cell': '(612) 852 5708', 'id': {'name': 'NSS', 'value': '51 79 80 4741 2'}, 'picture': {'large': 'https://randomuser.me/api/portraits/men/69.jpg', 'medium': 'https://randomuser.me/api/portraits/med/men/69.jpg', 'thumbnail': 'https://randomuser.me/api/portraits/thumb/men/69.jpg'}, 'nat': 'MX'}</msg>
<arg>${json_data['results'][0]}</arg>
<doc>Logs the given message with the given level.</doc>
<status status="PASS" start="2024-04-04T02:23:26.727389" elapsed="0.000435"/>
</kw>
<kw name="Log" owner="BuiltIn">
<msg time="2024-04-04T02:23:26.728251" level="INFO">login</msg>
<arg>${key}</arg>
<doc>Logs the given message with the given level.</doc>
<status status="PASS" start="2024-04-04T02:23:26.728122" elapsed="0.000274"/>
</kw>
<var name="${key}">login</var>
<status status="PASS" start="2024-04-04T02:23:26.726561" elapsed="0.002088"/>
</iter>
<var>${key}</var>
<value>@{expected_keys}</value>
<status status="PASS" start="2024-04-04T02:23:26.717805" elapsed="0.010971"/>
</for>
<kw name="Create List" owner="BuiltIn">
<msg time="2024-04-04T02:23:26.729108" level="INFO">${expected_keysTwo} = ['username', 'password']</msg>
<var>${expected_keysTwo}</var>
<arg>username</arg>
<arg>password</arg>
<doc>Returns a list containing given items.</doc>
<status status="PASS" start="2024-04-04T02:23:26.728970" elapsed="0.000162"/>
</kw>
<for flavor="IN">
<iter>
<kw name="Dictionary Should Contain Key" owner="Collections">
<msg time="2024-04-04T02:23:26.730032" level="INFO">False</msg>
<arg>${json_data['results'][0]['login']}</arg>
<arg>${keyTwo}</arg>
<doc>Fails if ``key`` is not found from ``dictionary``.</doc>
<status status="PASS" start="2024-04-04T02:23:26.729651" elapsed="0.000419"/>
</kw>
<kw name="Dictionary Should Contain Key" owner="Collections">
<msg time="2024-04-04T02:23:26.730747" level="INFO">False</msg>
<arg>${json_data['results'][0]['login']}</arg>
<arg>${keyTwo}</arg>
<doc>Fails if ``key`` is not found from ``dictionary``.</doc>
<status status="PASS" start="2024-04-04T02:23:26.730367" elapsed="0.000417"/>
</kw>
<kw name="Log" owner="BuiltIn">
<msg time="2024-04-04T02:23:26.731208" level="INFO">username</msg>
<arg>${keyTwo}</arg>
<doc>Logs the given message with the given level.</doc>
<status status="PASS" start="2024-04-04T02:23:26.731079" elapsed="0.000167"/>
</kw>
<var name="${keyTwo}">username</var>
<status status="PASS" start="2024-04-04T02:23:26.729540" elapsed="0.001922"/>
</iter>
<iter>
<kw name="Dictionary Should Contain Key" owner="Collections">
<msg time="2024-04-04T02:23:26.732165" level="INFO">False</msg>
<arg>${json_data['results'][0]['login']}</arg>
<arg>${keyTwo}</arg>
<doc>Fails if ``key`` is not found from ``dictionary``.</doc>
<status status="PASS" start="2024-04-04T02:23:26.731782" elapsed="0.000421"/>
</kw>
<kw name="Dictionary Should Contain Key" owner="Collections">
<msg time="2024-04-04T02:23:26.732882" level="INFO">False</msg>
<arg>${json_data['results'][0]['login']}</arg>
<arg>${keyTwo}</arg>
<doc>Fails if ``key`` is not found from ``dictionary``.</doc>
<status status="PASS" start="2024-04-04T02:23:26.732502" elapsed="0.000418"/>
</kw>
<kw name="Log" owner="BuiltIn">
<msg time="2024-04-04T02:23:26.733338" level="INFO">password</msg>
<arg>${keyTwo}</arg>
<doc>Logs the given message with the given level.</doc>
<status status="PASS" start="2024-04-04T02:23:26.733213" elapsed="0.000162"/>
</kw>
<var name="${keyTwo}">password</var>
<status status="PASS" start="2024-04-04T02:23:26.731660" elapsed="0.001929"/>
</iter>
<var>${keyTwo}</var>
<value>@{expected_keysTwo}</value>
<status status="PASS" start="2024-04-04T02:23:26.729384" elapsed="0.004327"/>
</for>
<status status="PASS" start="2024-04-04T02:23:26.626898" elapsed="0.106952"/>
</kw>
<doc>Testa a estrutura da resposta da API.</doc>
<tag>testeEstruturaResposta</tag>
<status status="PASS" start="2024-04-04T02:23:26.626161" elapsed="0.107842"/>
</test>
<test id="s1-s1-t4" name="Validar tipos de dados" line="28">
<kw name="Teste de Tipos de Dados" owner="random-user-service">
<kw name="GET On Session" owner="RequestsLibrary">
<msg time="2024-04-04T02:23:26.817056" level="INFO">GET Request : url=https://randomuser.me/api 
 path_url=/api 
 headers={'User-Agent': 'python-requests/2.31.0', 'Accept-Encoding': 'gzip, deflate', 'Accept': '*/*', 'Connection': 'keep-alive'} 
 body=None 
 </msg>
<msg time="2024-04-04T02:23:26.817144" level="INFO">GET Response : url=https://randomuser.me/api 
 status=200, reason=OK 
 headers={'Date': 'Thu, 04 Apr 2024 02:23:26 GMT', 'Content-Type': 'application/json; charset=utf-8', 'Transfer-Encoding': 'chunked', 'Connection': 'keep-alive', 'X-Powered-By': 'Express', 'Access-Control-Allow-Origin': '*', 'Cache-Control': 'no-cache', 'ETag': 'W/"488-Uf5scxNZhzP2UQglPKR8L9neGxA"', 'Vary': 'Accept-Encoding', 'Content-Encoding': 'gzip', 'CF-Cache-Status': 'DYNAMIC', 'Report-To': '{"endpoints":[{"url":"https:\\/\\/a.nel.cloudflare.com\\/report\\/v4?s=aAgI3lCnlXcKn4Yo1hxK7UR8Bd%2BLKUBqlADscFUmyzG9pyNEf5qn1Iuygsf0CQnm068o3abSSHVLkhyqBrijT4OcsjiaQqpG42zcq%2F0TvaQstd1SboD2iQ6VM8%2BZyHOd"}],"group":"cf-nel","max_age":604800}', 'NEL': '{"success_fraction":0,"report_to":"cf-nel","max_age":604800}', 'Server': 'cloudflare', 'CF-RAY': '86edd6202db42894-IAD', 'alt-svc': 'h3=":443"; ma=86400'} 
 body={"results":[{"gender":"female","name":{"title":"Miss","first":"Virginia","last":"León"},"location":{"street":{"number":8439,"name":"Paseo de Zorrilla"},"city":"Almería","state":"Castilla y León","country":"Spain","postcode":25710,"coordinates":{"latitude":"-37.0881","longitude":"175.0748"},"timezone":{"offset":"-2:00","description":"Mid-Atlantic"}},"email":"virginia.leon@example.com","login":{"uuid":"f746df15-2876-4361-a196-868c0f479851","username":"happyleopard440","password":"marino13","salt":"FCAozfif","md5":"e0783d95acfadabc83e7f9276fe0b8d3","sha1":"0aa189099ca35fa6977a347aa803af2350ecf44b","sha256":"1864bc83a4b8346380e411fe639f8b69aee57c633a444885d0a792aabc704f06"},"dob":{"date":"1975-12-01T12:49:54.427Z","age":48},"registered":{"date":"2018-07-18T21:33:11.565Z","age":5},"phone":"992-455-311","cell":"673-286-584","id":{"name":"DNI","value":"85071267-P"},"picture":{"large":"https://randomuser.me/api/portraits/women/2.jpg","medium":"https://randomuser.me/api/portraits/med/women/2.jpg","thumbnail":"https://randomuser.me/api/portraits/thumb/women/2.jpg"},"nat":"ES"}],"info":{"seed":"e908b2543325e819","results":1,"page":1,"version":"1.4"}} 
 </msg>
<msg time="2024-04-04T02:23:26.817224" level="INFO">/opt/hostedtoolcache/Python/3.12.2/x64/lib/python3.12/site-packages/urllib3/connectionpool.py:1103: InsecureRequestWarning: Unverified HTTPS request is being made to host 'randomuser.me'. Adding certificate verification is strongly advised. See: https://urllib3.readthedocs.io/en/latest/advanced-usage.html#tls-warnings
  warnings.warn(</msg>
<msg time="2024-04-04T02:23:26.817330" level="INFO">${response} = &lt;Response [200]&gt;</msg>
<var>${response}</var>
<arg>consultarAPI</arg>
<arg>/api</arg>
<doc>Sends a GET request on a previously created HTTP Session.</doc>
<status status="PASS" start="2024-04-04T02:23:26.736515" elapsed="0.080855"/>
</kw>
<kw name="Set Variable" owner="BuiltIn">
<msg time="2024-04-04T02:23:26.818574" level="INFO">${json_data} = {'results': [{'gender': 'female', 'name': {'title': 'Miss', 'first': 'Virginia', 'last': 'León'}, 'location': {'street': {'number': 8439, 'name': 'Paseo de Zorrilla'}, 'city': 'Almería', 'state': 'Cas...</msg>
<var>${json_data}</var>
<arg>${response.json()}</arg>
<doc>Returns the given values which can then be assigned to a variables.</doc>
<status status="PASS" start="2024-04-04T02:23:26.817896" elapsed="0.000709"/>
</kw>
<kw name="Log" owner="BuiltIn">
<msg time="2024-04-04T02:23:26.819086" level="INFO">{'results': [{'gender': 'female', 'name': {'title': 'Miss', 'first': 'Virginia', 'last': 'León'}, 'location': {'street': {'number': 8439, 'name': 'Paseo de Zorrilla'}, 'city': 'Almería', 'state': 'Castilla y León', 'country': 'Spain', 'postcode': 25710, 'coordinates': {'latitude': '-37.0881', 'longitude': '175.0748'}, 'timezone': {'offset': '-2:00', 'description': 'Mid-Atlantic'}}, 'email': 'virginia.leon@example.com', 'login': {'uuid': 'f746df15-2876-4361-a196-868c0f479851', 'username': 'happyleopard440', 'password': 'marino13', 'salt': 'FCAozfif', 'md5': 'e0783d95acfadabc83e7f9276fe0b8d3', 'sha1': '0aa189099ca35fa6977a347aa803af2350ecf44b', 'sha256': '1864bc83a4b8346380e411fe639f8b69aee57c633a444885d0a792aabc704f06'}, 'dob': {'date': '1975-12-01T12:49:54.427Z', 'age': 48}, 'registered': {'date': '2018-07-18T21:33:11.565Z', 'age': 5}, 'phone': '992-455-311', 'cell': '673-286-584', 'id': {'name': 'DNI', 'value': '85071267-P'}, 'picture': {'large': 'https://randomuser.me/api/portraits/women/2.jpg', 'medium': 'https://randomuser.me/api/portraits/med/women/2.jpg', 'thumbnail': 'https://randomuser.me/api/portraits/thumb/women/2.jpg'}, 'nat': 'ES'}], 'info': {'seed': 'e908b2543325e819', 'results': 1, 'page': 1, 'version': '1.4'}}</msg>
<arg>${json_data}</arg>
<doc>Logs the given message with the given level.</doc>
<status status="PASS" start="2024-04-04T02:23:26.818924" elapsed="0.000251"/>
</kw>
<kw name="Should Be String" owner="String">
<arg>${json_data['results'][0]['gender']}</arg>
<doc>Fails if the given ``item`` is not a string.</doc>
<status status="PASS" start="2024-04-04T02:23:26.819484" elapsed="0.000398"/>
</kw>
<kw name="Should Match Regexp" owner="BuiltIn">
<arg>${json_data['results'][0]['email']}</arg>
<arg>^[a-zA-Z0-9._%+-]+@[a-zA-Z0-9.-]+\.[a-zA-Z]{2,}$</arg>
<doc>Fails if ``string`` does not match ``pattern`` as a regular expression.</doc>
<status status="PASS" start="2024-04-04T02:23:26.820079" elapsed="0.000512"/>
</kw>
<kw name="Should Match Regexp" owner="BuiltIn">
<arg>${json_data['results'][0]['dob']['date']}</arg>
<arg>\\d{4}-\\d{2}-\\d{2}T\\d{2}:\\d{2}:\\d{2}\\.\\d{3}Z</arg>
<doc>Fails if ``string`` does not match ``pattern`` as a regular expression.</doc>
<status status="PASS" start="2024-04-04T02:23:26.820791" elapsed="0.000492"/>
</kw>
<kw name="Should Match Regexp" owner="BuiltIn">
<arg>${json_data['results'][0]['registered']['date']}</arg>
<arg>\\d{4}-\\d{2}-\\d{2}T\\d{2}:\\d{2}:\\d{2}\\.\\d{3}Z</arg>
<doc>Fails if ``string`` does not match ``pattern`` as a regular expression.</doc>
<status status="PASS" start="2024-04-04T02:23:26.821479" elapsed="0.000374"/>
</kw>
<kw name="Should Match Regexp" owner="BuiltIn">
<arg>${json_data['results'][0]['picture']['large']}</arg>
<arg>^https?://.*\.(?:png|jpe?g|gif|bmp)$</arg>
<doc>Fails if ``string`` does not match ``pattern`` as a regular expression.</doc>
<status status="PASS" start="2024-04-04T02:23:26.822042" elapsed="0.000454"/>
</kw>
<kw name="Should Match Regexp" owner="BuiltIn">
<arg>${json_data['results'][0]['picture']['medium']}</arg>
<arg>^https?://.*\.(?:png|jpe?g|gif|bmp)$</arg>
<doc>Fails if ``string`` does not match ``pattern`` as a regular expression.</doc>
<status status="PASS" start="2024-04-04T02:23:26.822689" elapsed="0.000378"/>
</kw>
<kw name="Should Match Regexp" owner="BuiltIn">
<arg>${json_data['results'][0]['picture']['thumbnail']}</arg>
<arg>^https?://.*\.(?:png|jpe?g|gif|bmp)$</arg>
<doc>Fails if ``string`` does not match ``pattern`` as a regular expression.</doc>
<status status="PASS" start="2024-04-04T02:23:26.823255" elapsed="0.000381"/>
</kw>
<kw name="Log" owner="BuiltIn">
<msg time="2024-04-04T02:23:26.824156" level="INFO">{'large': 'https://randomuser.me/api/portraits/women/2.jpg', 'medium': 'https://randomuser.me/api/portraits/med/women/2.jpg', 'thumbnail': 'https://randomuser.me/api/portraits/thumb/women/2.jpg'}</msg>
<arg>${json_data['results'][0]['picture']}</arg>
<doc>Logs the given message with the given level.</doc>
<status status="PASS" start="2024-04-04T02:23:26.823823" elapsed="0.000380"/>
</kw>
<status status="PASS" start="2024-04-04T02:23:26.736282" elapsed="0.088176"/>
</kw>
<kw name="Teste de Tipos de Dados - Postcode" owner="random-user-service">
<kw name="GET On Session" owner="RequestsLibrary">
<msg time="2024-04-04T02:23:26.914019" level="INFO">GET Request : url=https://randomuser.me/api 
 path_url=/api 
 headers={'User-Agent': 'python-requests/2.31.0', 'Accept-Encoding': 'gzip, deflate', 'Accept': '*/*', 'Connection': 'keep-alive'} 
 body=None 
 </msg>
<msg time="2024-04-04T02:23:26.914095" level="INFO">GET Response : url=https://randomuser.me/api 
 status=200, reason=OK 
 headers={'Date': 'Thu, 04 Apr 2024 02:23:26 GMT', 'Content-Type': 'application/json; charset=utf-8', 'Transfer-Encoding': 'chunked', 'Connection': 'keep-alive', 'X-Powered-By': 'Express', 'Access-Control-Allow-Origin': '*', 'Cache-Control': 'no-cache', 'ETag': 'W/"490-o/ZuPSTlUoXw+xZ+Qza5+wvznGA"', 'Vary': 'Accept-Encoding', 'Content-Encoding': 'gzip', 'CF-Cache-Status': 'DYNAMIC', 'Report-To': '{"endpoints":[{"url":"https:\\/\\/a.nel.cloudflare.com\\/report\\/v4?s=IrOJgtHY59W2zymnuppuLkbY1p0wn9hUeT8qRAy4IEuvrz5UF2AYi81E8gmpFDLsRHVfSxmPlHQlfv1KH6ko94CjKVJ9ybpTr6kQWLY%2F7gPamTfNaUIe48M%2BshofwsH%2F"}],"group":"cf-nel","max_age":604800}', 'NEL': '{"success_fraction":0,"report_to":"cf-nel","max_age":604800}', 'Server': 'cloudflare', 'CF-RAY': '86edd620ae542894-IAD', 'alt-svc': 'h3=":443"; ma=86400'} 
 body={"results":[{"gender":"female","name":{"title":"Miss","first":"Jasmina","last":"Paunović"},"location":{"street":{"number":4163,"name":"Siniše Nikolajevića"},"city":"Čoka","state":"Toplica","country":"Serbia","postcode":39021,"coordinates":{"latitude":"56.1045","longitude":"94.8852"},"timezone":{"offset":"+2:00","description":"Kaliningrad, South Africa"}},"email":"jasmina.paunovic@example.com","login":{"uuid":"58286c3e-51a1-48a1-a2a1-f03812cd377c","username":"bigwolf153","password":"music1","salt":"fNeGOeOj","md5":"7974e39bd8c75f20f6dd020e8fe2d12c","sha1":"bd62beec6e2457bec35df3a4346d84073d1b48d4","sha256":"afc007be03287e4252e5682f69244c098b0e253d84ef2d9ae2f59a350e22186c"},"dob":{"date":"1957-10-14T18:26:02.102Z","age":66},"registered":{"date":"2012-06-14T13:50:50.040Z","age":11},"phone":"018-8244-781","cell":"069-4131-884","id":{"name":"SID","value":"143691351"},"picture":{"large":"https://randomuser.me/api/portraits/women/12.jpg","medium":"https://randomuser.me/api/portraits/med/women/12.jpg","thumbnail":"https://randomuser.me/api/portraits/thumb/women/12.jpg"},"nat":"RS"}],"info":{"seed":"7228c4d7203b3880","results":1,"page":1,"version":"1.4"}} 
 </msg>
<msg time="2024-04-04T02:23:26.914183" level="INFO">/opt/hostedtoolcache/Python/3.12.2/x64/lib/python3.12/site-packages/urllib3/connectionpool.py:1103: InsecureRequestWarning: Unverified HTTPS request is being made to host 'randomuser.me'. Adding certificate verification is strongly advised. See: https://urllib3.readthedocs.io/en/latest/advanced-usage.html#tls-warnings
  warnings.warn(</msg>
<msg time="2024-04-04T02:23:26.914306" level="INFO">${response} = &lt;Response [200]&gt;</msg>
<var>${response}</var>
<arg>consultarAPI</arg>
<arg>/api</arg>
<doc>Sends a GET request on a previously created HTTP Session.</doc>
<status status="PASS" start="2024-04-04T02:23:26.825010" elapsed="0.089346"/>
</kw>
<kw name="Set Variable" owner="BuiltIn">
<msg time="2024-04-04T02:23:26.915623" level="INFO">${json_data} = {'results': [{'gender': 'female', 'name': {'title': 'Miss', 'first': 'Jasmina', 'last': 'Paunović'}, 'location': {'street': {'number': 4163, 'name': 'Siniše Nikolajevića'}, 'city': 'Čoka', 'state': 'T...</msg>
<var>${json_data}</var>
<arg>${response.json()}</arg>
<doc>Returns the given values which can then be assigned to a variables.</doc>
<status status="PASS" start="2024-04-04T02:23:26.914899" elapsed="0.000757"/>
</kw>
<kw name="Log" owner="BuiltIn">
<msg time="2024-04-04T02:23:26.916131" level="INFO">{'results': [{'gender': 'female', 'name': {'title': 'Miss', 'first': 'Jasmina', 'last': 'Paunović'}, 'location': {'street': {'number': 4163, 'name': 'Siniše Nikolajevića'}, 'city': 'Čoka', 'state': 'Toplica', 'country': 'Serbia', 'postcode': 39021, 'coordinates': {'latitude': '56.1045', 'longitude': '94.8852'}, 'timezone': {'offset': '+2:00', 'description': 'Kaliningrad, South Africa'}}, 'email': 'jasmina.paunovic@example.com', 'login': {'uuid': '58286c3e-51a1-48a1-a2a1-f03812cd377c', 'username': 'bigwolf153', 'password': 'music1', 'salt': 'fNeGOeOj', 'md5': '7974e39bd8c75f20f6dd020e8fe2d12c', 'sha1': 'bd62beec6e2457bec35df3a4346d84073d1b48d4', 'sha256': 'afc007be03287e4252e5682f69244c098b0e253d84ef2d9ae2f59a350e22186c'}, 'dob': {'date': '1957-10-14T18:26:02.102Z', 'age': 66}, 'registered': {'date': '2012-06-14T13:50:50.040Z', 'age': 11}, 'phone': '018-8244-781', 'cell': '069-4131-884', 'id': {'name': 'SID', 'value': '143691351'}, 'picture': {'large': 'https://randomuser.me/api/portraits/women/12.jpg', 'medium': 'https://randomuser.me/api/portraits/med/women/12.jpg', 'thumbnail': 'https://randomuser.me/api/portraits/thumb/women/12.jpg'}, 'nat': 'RS'}], 'info': {'seed': '7228c4d7203b3880', 'results': 1, 'page': 1, 'version': '1.4'}}</msg>
<arg>${json_data}</arg>
<doc>Logs the given message with the given level.</doc>
<status status="PASS" start="2024-04-04T02:23:26.915971" elapsed="0.000240"/>
</kw>
<kw name="Should Be Equal As Numbers" owner="BuiltIn">
<arg>${json_data['results'][0]['location']['postcode']}</arg>
<arg>${json_data['results'][0]['location']['postcode']}</arg>
<doc>Fails if objects are unequal after converting them to real numbers.</doc>
<status status="PASS" start="2024-04-04T02:23:26.916512" elapsed="0.000638"/>
</kw>
<kw name="Log" owner="BuiltIn">
<msg time="2024-04-04T02:23:26.917676" level="INFO">39021</msg>
<arg>${json_data['results'][0]['location']['postcode']}</arg>
<doc>Logs the given message with the given level.</doc>
<status status="PASS" start="2024-04-04T02:23:26.917343" elapsed="0.000374"/>
</kw>
<status status="PASS" start="2024-04-04T02:23:26.824668" elapsed="0.093299"/>
</kw>
<doc>Testa se os tipos de dados na resposta da API estão corretos.</doc>
<tag>testeTiposDados</tag>
<status status="PASS" start="2024-04-04T02:23:26.735746" elapsed="0.182382"/>
</test>
<test id="s1-s1-t5" name="Validar conteudo" line="35">
<kw name="Teste de Tipos de Conteudo" owner="random-user-service">
<kw name="GET On Session" owner="RequestsLibrary">
<msg time="2024-04-04T02:23:27.012895" level="INFO">GET Request : url=https://randomuser.me/api 
 path_url=/api 
 headers={'User-Agent': 'python-requests/2.31.0', 'Accept-Encoding': 'gzip, deflate', 'Accept': '*/*', 'Connection': 'keep-alive'} 
 body=None 
 </msg>
<msg time="2024-04-04T02:23:27.012958" level="INFO">GET Response : url=https://randomuser.me/api 
 status=200, reason=OK 
 headers={'Date': 'Thu, 04 Apr 2024 02:23:27 GMT', 'Content-Type': 'application/json; charset=utf-8', 'Transfer-Encoding': 'chunked', 'Connection': 'keep-alive', 'X-Powered-By': 'Express', 'Access-Control-Allow-Origin': '*', 'Cache-Control': 'no-cache', 'ETag': 'W/"47b-TQ+njEaAatNhLnLmzE3go9TfMQs"', 'Vary': 'Accept-Encoding', 'Content-Encoding': 'gzip', 'CF-Cache-Status': 'DYNAMIC', 'Report-To': '{"endpoints":[{"url":"https:\\/\\/a.nel.cloudflare.com\\/report\\/v4?s=YyXnJososWGBEyusU%2F339R3ademXNKTn79BYKG7OdqAVivaIVSvJXcDFoH6bjsGg9VD5BCS%2B66Oz9L82GOBK01FHZ%2BTerLqMwCjf808GiQ07Fpdlh%2BLyp5WB9FjrrEis"}],"group":"cf-nel","max_age":604800}', 'NEL': '{"success_fraction":0,"report_to":"cf-nel","max_age":604800}', 'Server': 'cloudflare', 'CF-RAY': '86edd6214efe2894-IAD', 'alt-svc': 'h3=":443"; ma=86400'} 
 body={"results":[{"gender":"female","name":{"title":"Miss","first":"Savannah","last":"Black"},"location":{"street":{"number":9745,"name":"Taylor St"},"city":"Albury","state":"Victoria","country":"Australia","postcode":3843,"coordinates":{"latitude":"-87.8340","longitude":"91.9296"},"timezone":{"offset":"-3:30","description":"Newfoundland"}},"email":"savannah.black@example.com","login":{"uuid":"d105fc0c-aafd-4a1f-bab5-ede3f9ca513e","username":"goldentiger881","password":"planes","salt":"P72Qf9lO","md5":"a19b2dd03d19a876c347f305927ad7b9","sha1":"7c246c7ff784f5a7587f9f1094983bc1520ab058","sha256":"18506ee01968d9c359e51c6b0e25b151fb695e932f07d1b8b97c43922b909c60"},"dob":{"date":"1994-04-26T13:14:42.261Z","age":29},"registered":{"date":"2006-07-25T07:48:26.038Z","age":17},"phone":"06-7630-2856","cell":"0406-935-186","id":{"name":"TFN","value":"373532667"},"picture":{"large":"https://randomuser.me/api/portraits/women/91.jpg","medium":"https://randomuser.me/api/portraits/med/women/91.jpg","thumbnail":"https://randomuser.me/api/portraits/thumb/women/91.jpg"},"nat":"AU"}],"info":{"seed":"3cc88e2164d0f423","results":1,"page":1,"version":"1.4"}} 
 </msg>
<msg time="2024-04-04T02:23:27.013014" level="INFO">/opt/hostedtoolcache/Python/3.12.2/x64/lib/python3.12/site-packages/urllib3/connectionpool.py:1103: InsecureRequestWarning: Unverified HTTPS request is being made to host 'randomuser.me'. Adding certificate verification is strongly advised. See: https://urllib3.readthedocs.io/en/latest/advanced-usage.html#tls-warnings
  warnings.warn(</msg>
<msg time="2024-04-04T02:23:27.013103" level="INFO">${response} = &lt;Response [200]&gt;</msg>
<var>${response}</var>
<arg>consultarAPI</arg>
<arg>/api</arg>
<doc>Sends a GET request on a previously created HTTP Session.</doc>
<status status="PASS" start="2024-04-04T02:23:26.920571" elapsed="0.092574"/>
</kw>
<kw name="Set Variable" owner="BuiltIn">
<msg time="2024-04-04T02:23:27.014201" level="INFO">${json_data} = {'results': [{'gender': 'female', 'name': {'title': 'Miss', 'first': 'Savannah', 'last': 'Black'}, 'location': {'street': {'number': 9745, 'name': 'Taylor St'}, 'city': 'Albury', 'state': 'Victoria', ...</msg>
<var>${json_data}</var>
<arg>${response.json()}</arg>
<doc>Returns the given values which can then be assigned to a variables.</doc>
<status status="PASS" start="2024-04-04T02:23:27.013630" elapsed="0.000600"/>
</kw>
<kw name="Set Variable" owner="BuiltIn">
<msg time="2024-04-04T02:23:27.014916" level="INFO">${name_title} = Miss</msg>
<var>${name_title}</var>
<arg>${json_data["results"][0]["name"]["title"]}</arg>
<doc>Returns the given values which can then be assigned to a variables.</doc>
<status status="PASS" start="2024-04-04T02:23:27.014540" elapsed="0.000402"/>
</kw>
<kw name="Create List" owner="BuiltIn">
<msg time="2024-04-04T02:23:27.015392" level="INFO">${allowed_titles} = ['Mr', 'Ms', 'Miss', 'Mrs', 'Madame', 'Monsieur']</msg>
<var>${allowed_titles}</var>
<arg>Mr</arg>
<arg>Ms</arg>
<arg>Miss</arg>
<arg>Mrs</arg>
<arg>Madame</arg>
<arg>Monsieur</arg>
<doc>Returns a list containing given items.</doc>
<status status="PASS" start="2024-04-04T02:23:27.015241" elapsed="0.000175"/>
</kw>
<kw name="List Should Contain Value" owner="Collections">
<msg time="2024-04-04T02:23:27.015973" level="INFO">False</msg>
<arg>${allowed_titles}</arg>
<arg>${name_title}</arg>
<doc>Fails if the ``value`` is not found from ``list``.</doc>
<status status="PASS" start="2024-04-04T02:23:27.015796" elapsed="0.000214"/>
</kw>
<kw name="Set Variable" owner="BuiltIn">
<msg time="2024-04-04T02:23:27.016686" level="INFO">${name_country} = AU</msg>
<var>${name_country}</var>
<arg>${json_data["results"][0]["nat"]}</arg>
<doc>Returns the given values which can then be assigned to a variables.</doc>
<status status="PASS" start="2024-04-04T02:23:27.016309" elapsed="0.000402"/>
</kw>
<kw name="Create List" owner="BuiltIn">
<msg time="2024-04-04T02:23:27.017627" level="INFO">${list_country} = ['AD', 'AE', 'AF', 'AG', 'AI', 'AL', 'AM', 'AO', 'AQ', 'AR', 'AS', 'AT', 'AU', 'AW', 'AX', 'AZ', 'BA', 'BB', 'BD', 'BE', 'BF', 'BG', 'BH', 'BI', 'BJ', 'BL', 'BM', 'BN', 'BO', 'BQ', 'BR', 'BS', 'BT', '...</msg>
<var>${list_country}</var>
<arg>AD</arg>
<arg>AE</arg>
<arg>AF</arg>
<arg>AG</arg>
<arg>AI</arg>
<arg>AL</arg>
<arg>AM</arg>
<arg>AO</arg>
<arg>AQ</arg>
<arg>AR</arg>
<arg>AS</arg>
<arg>AT</arg>
<arg>AU</arg>
<arg>AW</arg>
<arg>AX</arg>
<arg>AZ</arg>
<arg>BA</arg>
<arg>BB</arg>
<arg>BD</arg>
<arg>BE</arg>
<arg>BF</arg>
<arg>BG</arg>
<arg>BH</arg>
<arg>BI</arg>
<arg>BJ</arg>
<arg>BL</arg>
<arg>BM</arg>
<arg>BN</arg>
<arg>BO</arg>
<arg>BQ</arg>
<arg>BR</arg>
<arg>BS</arg>
<arg>BT</arg>
<arg>BV</arg>
<arg>BW</arg>
<arg>BY</arg>
<arg>BZ</arg>
<arg>CA</arg>
<arg>CC</arg>
<arg>CD</arg>
<arg>CF</arg>
<arg>CG</arg>
<arg>CH</arg>
<arg>CI</arg>
<arg>CK</arg>
<arg>CL</arg>
<arg>CM</arg>
<arg>CN</arg>
<arg>CO</arg>
<arg>CR</arg>
<arg>CU</arg>
<arg>CV</arg>
<arg>CW</arg>
<arg>CX</arg>
<arg>CY</arg>
<arg>CZ</arg>
<arg>DE</arg>
<arg>DJ</arg>
<arg>DK</arg>
<arg>DM</arg>
<arg>DO</arg>
<arg>DZ</arg>
<arg>EC</arg>
<arg>EE</arg>
<arg>EG</arg>
<arg>EH</arg>
<arg>ER</arg>
<arg>ES</arg>
<arg>ET</arg>
<arg>FI</arg>
<arg>FJ</arg>
<arg>FK</arg>
<arg>FM</arg>
<arg>FO</arg>
<arg>FR</arg>
<arg>GA</arg>
<arg>GB</arg>
<arg>GD</arg>
<arg>GE</arg>
<arg>GF</arg>
<arg>GG</arg>
<arg>GH</arg>
<arg>GI</arg>
<arg>GL</arg>
<arg>GM</arg>
<arg>GN</arg>
<arg>GP</arg>
<arg>GQ</arg>
<arg>GR</arg>
<arg>GS</arg>
<arg>GT</arg>
<arg>GU</arg>
<arg>GW</arg>
<arg>GY</arg>
<arg>HK</arg>
<arg>HM</arg>
<arg>HN</arg>
<arg>HR</arg>
<arg>HT</arg>
<arg>HU</arg>
<arg>ID</arg>
<arg>IE</arg>
<arg>IL</arg>
<arg>IM</arg>
<arg>IN</arg>
<arg>IO</arg>
<arg>IQ</arg>
<arg>IR</arg>
<arg>IS</arg>
<arg>IT</arg>
<arg>JE</arg>
<arg>JM</arg>
<arg>JO</arg>
<arg>JP</arg>
<arg>KE</arg>
<arg>KG</arg>
<arg>KH</arg>
<arg>KI</arg>
<arg>KM</arg>
<arg>KN</arg>
<arg>KP</arg>
<arg>KR</arg>
<arg>KW</arg>
<arg>KY</arg>
<arg>KZ</arg>
<arg>LA</arg>
<arg>LB</arg>
<arg>LC</arg>
<arg>LI</arg>
<arg>LK</arg>
<arg>LR</arg>
<arg>LS</arg>
<arg>LT</arg>
<arg>LU</arg>
<arg>LV</arg>
<arg>LY</arg>
<arg>MA</arg>
<arg>MC</arg>
<arg>MD</arg>
<arg>ME</arg>
<arg>MF</arg>
<arg>MG</arg>
<arg>MH</arg>
<arg>MK</arg>
<arg>ML</arg>
<arg>MM</arg>
<arg>MN</arg>
<arg>MO</arg>
<arg>MP</arg>
<arg>MQ</arg>
<arg>MR</arg>
<arg>MS</arg>
<arg>MT</arg>
<arg>MU</arg>
<arg>MV</arg>
<arg>MW</arg>
<arg>MX</arg>
<arg>MY</arg>
<arg>MZ</arg>
<arg>NA</arg>
<arg>NC</arg>
<arg>NE</arg>
<arg>NF</arg>
<arg>NG</arg>
<arg>NI</arg>
<arg>NL</arg>
<arg>NO</arg>
<arg>NP</arg>
<arg>NR</arg>
<arg>NU</arg>
<arg>NZ</arg>
<arg>OM</arg>
<arg>PA</arg>
<arg>PE</arg>
<arg>PF</arg>
<arg>PG</arg>
<arg>PH</arg>
<arg>PK</arg>
<arg>PL</arg>
<arg>PM</arg>
<arg>PN</arg>
<arg>PR</arg>
<arg>PS</arg>
<arg>PT</arg>
<arg>PW</arg>
<arg>PY</arg>
<arg>QA</arg>
<arg>RE</arg>
<arg>RO</arg>
<arg>RS</arg>
<arg>RU</arg>
<arg>RW</arg>
<arg>SA</arg>
<arg>SB</arg>
<arg>SC</arg>
<arg>SD</arg>
<arg>SE</arg>
<arg>SG</arg>
<arg>SH</arg>
<arg>SI</arg>
<arg>SJ</arg>
<arg>SK</arg>
<arg>SL</arg>
<arg>SM</arg>
<arg>SN</arg>
<arg>SO</arg>
<arg>SR</arg>
<arg>SS</arg>
<arg>ST</arg>
<arg>SV</arg>
<arg>SX</arg>
<arg>SY</arg>
<arg>SZ</arg>
<arg>TC</arg>
<arg>TD</arg>
<arg>TF</arg>
<arg>TG</arg>
<arg>TH</arg>
<arg>TJ</arg>
<arg>TK</arg>
<arg>TL</arg>
<arg>TM</arg>
<arg>TN</arg>
<arg>TO</arg>
<arg>TR</arg>
<arg>TT</arg>
<arg>TV</arg>
<arg>TW</arg>
<arg>TZ</arg>
<arg>UA</arg>
<arg>UG</arg>
<arg>UM</arg>
<arg>US</arg>
<arg>UY</arg>
<arg>UZ</arg>
<arg>VA</arg>
<arg>VC</arg>
<arg>VE</arg>
<arg>VG</arg>
<arg>VI</arg>
<arg>VN</arg>
<arg>VU</arg>
<arg>WF</arg>
<arg>WS</arg>
<arg>XK</arg>
<arg>YE</arg>
<arg>YT</arg>
<arg>ZA</arg>
<arg>ZM</arg>
<arg>ZW</arg>
<doc>Returns a list containing given items.</doc>
<status status="PASS" start="2024-04-04T02:23:27.017017" elapsed="0.000636"/>
</kw>
<kw name="List Should Contain Value" owner="Collections">
<msg time="2024-04-04T02:23:27.018740" level="INFO">False</msg>
<arg>${list_country}</arg>
<arg>${name_country}</arg>
<doc>Fails if the ``value`` is not found from ``list``.</doc>
<status status="PASS" start="2024-04-04T02:23:27.018538" elapsed="0.000240"/>
</kw>
<kw name="Run Keyword If" owner="BuiltIn">
<kw name="Should Be True" owner="BuiltIn">
<arg>${True}</arg>
<doc>Fails if the given condition is not true.</doc>
<status status="PASS" start="2024-04-04T02:23:27.019877" elapsed="0.000148"/>
</kw>
<arg>${json_data["results"][0]["location"]["coordinates"]["latitude"]} &gt;= -90 and ${json_data["results"][0]["location"]["coordinates"]["latitude"]} &lt;= 90</arg>
<arg>Should Be True</arg>
<arg>${True}</arg>
<doc>Runs the given keyword with the given arguments, if ``condition`` is true.</doc>
<status status="PASS" start="2024-04-04T02:23:27.019089" elapsed="0.001066"/>
</kw>
<kw name="Run Keyword If" owner="BuiltIn">
<kw name="Should Be True" owner="BuiltIn">
<arg>${True}</arg>
<doc>Fails if the given condition is not true.</doc>
<status status="PASS" start="2024-04-04T02:23:27.021038" elapsed="0.000139"/>
</kw>
<arg>${json_data["results"][0]["location"]["coordinates"]["longitude"]} &gt;= -180 and ${json_data["results"][0]["location"]["coordinates"]["longitude"]} &lt;= 180</arg>
<arg>Should Be True</arg>
<arg>${True}</arg>
<doc>Runs the given keyword with the given arguments, if ``condition`` is true.</doc>
<status status="PASS" start="2024-04-04T02:23:27.020344" elapsed="0.000962"/>
</kw>
<status status="PASS" start="2024-04-04T02:23:26.920348" elapsed="0.101088"/>
</kw>
<doc>Testa o conteúdo específico dos campos retornados pela API.</doc>
<tag>testeConteudo</tag>
<status status="PASS" start="2024-04-04T02:23:26.919857" elapsed="0.101726"/>
</test>
<status status="PASS" start="2024-04-04T02:23:26.035016" elapsed="0.988490"/>
</suite>
<status status="PASS" start="2024-04-04T02:23:26.021356" elapsed="1.007517"/>
</suite>
<statistics>
<total>
<stat pass="5" fail="0" skip="0">All Tests</stat>
</total>
<tag>
<stat pass="1" fail="0" skip="0">testeConteudo</stat>
<stat pass="1" fail="0" skip="0">testeEstruturaResposta</stat>
<stat pass="1" fail="0" skip="0">testeRequisicaoBasica</stat>
<stat pass="1" fail="0" skip="0">testeTiposDados</stat>
</tag>
<suite>
<stat pass="5" fail="0" skip="0" id="s1" name="Tests">Tests</stat>
<stat pass="5" fail="0" skip="0" id="s1-s1" name="Random-User-Test">Tests.Random-User-Test</stat>
</suite>
</statistics>
<errors>
</errors>
</robot>
