<?xml version="1.0" encoding="UTF-8"?>
<robot generator="Robot 7.0 (Python 3.12.3 on linux)" generated="2024-05-09T15:15:57.290261" rpa="false" schemaversion="5">
<suite id="s1" name="Tests" source="/home/runner/work/DesafioQAItauRogerioJordao/DesafioQAItauRogerioJordao/RamdonUser/tests">
<suite id="s1-s1" name="Random-User-Test" source="/home/runner/work/DesafioQAItauRogerioJordao/DesafioQAItauRogerioJordao/RamdonUser/tests/random-user-test.robot">
<test id="s1-s1-t1" name="Conectar" line="13">
<kw name="Conectar API" owner="random-user-service">
<kw name="Create Session" owner="RequestsLibrary">
<msg time="2024-05-09T15:15:57.646810" level="INFO">Creating Session using : alias=consultarAPI, url=https://randomuser.me/, headers={},                     cookies={}, auth=None, timeout=None, proxies=None, verify=False,                     debug=0 </msg>
<arg>consultarAPI</arg>
<arg>${URL}</arg>
<doc>Create Session: create a HTTP session to a server</doc>
<status status="PASS" start="2024-05-09T15:15:57.646610" elapsed="0.000383"/>
</kw>
<status status="PASS" start="2024-05-09T15:15:57.645662" elapsed="0.001685"/>
</kw>
<status status="PASS" start="2024-05-09T15:15:57.645120" elapsed="0.002422"/>
</test>
<test id="s1-s1-t2" name="Validar retorno 200 e JSON Válido" line="16">
<kw name="Teste de Requisicao Basica" owner="random-user-service">
<kw name="GET On Session" owner="RequestsLibrary">
<msg time="2024-05-09T15:15:57.990320" level="INFO">GET Request : url=https://randomuser.me/api 
 path_url=/api 
 headers={'User-Agent': 'python-requests/2.31.0', 'Accept-Encoding': 'gzip, deflate', 'Accept': '*/*', 'Connection': 'keep-alive'} 
 body=None 
 </msg>
<msg time="2024-05-09T15:15:57.990467" level="INFO">GET Response : url=https://randomuser.me/api 
 status=200, reason=OK 
 headers={'Date': 'Thu, 09 May 2024 15:15:57 GMT', 'Content-Type': 'application/json; charset=utf-8', 'Transfer-Encoding': 'chunked', 'Connection': 'keep-alive', 'X-Powered-By': 'Express', 'Access-Control-Allow-Origin': '*', 'Cache-Control': 'no-cache', 'ETag': 'W/"49b-rLvLyrIlHhA9Uea0uLQPwdwPlLw"', 'Vary': 'Accept-Encoding', 'Content-Encoding': 'gzip', 'CF-Cache-Status': 'DYNAMIC', 'Report-To': '{"endpoints":[{"url":"https:\\/\\/a.nel.cloudflare.com\\/report\\/v4?s=E3K8doVXiaoAF%2Bd2iYPbQc%2BzS790Uv9No6JrEzN9hUeW58fZazv6c7U%2BMv2OtA3W7NkY2kJFGzS3QWes5aENW0o8ZKxo1RxHQeDiG4%2FrTE4KdkgW6inPxOZ5eEsKoGWw"}],"group":"cf-nel","max_age":604800}', 'NEL': '{"success_fraction":0,"report_to":"cf-nel","max_age":604800}', 'Server': 'cloudflare', 'CF-RAY': '8812a5de4f960f5d-EWR', 'alt-svc': 'h3=":443"; ma=86400'} 
 body={"results":[{"gender":"male","name":{"title":"Mr","first":"Pablo","last":"Hernández"},"location":{"street":{"number":4246,"name":"Avenida de La Albufera"},"city":"Toledo","state":"Islas Baleares","country":"Spain","postcode":49278,"coordinates":{"latitude":"-30.3546","longitude":"-18.6083"},"timezone":{"offset":"-6:00","description":"Central Time (US &amp; Canada), Mexico City"}},"email":"pablo.hernandez@example.com","login":{"uuid":"c6362db6-445e-431c-a625-ed6623c89b08","username":"blackfrog943","password":"gray","salt":"ssv7lhV5","md5":"273bfe8e846e6db1da74ccdd846d557e","sha1":"d0a73785e226036ec70e47240e245e884456ff5c","sha256":"2daaafad17cc02025f6da94e8178a17b96c158bcd874200672b3b10bac614d09"},"dob":{"date":"1991-11-01T15:26:37.641Z","age":32},"registered":{"date":"2010-08-15T12:02:04.501Z","age":13},"phone":"912-755-705","cell":"666-644-337","id":{"name":"DNI","value":"64147843-U"},"picture":{"large":"https://randomuser.me/api/portraits/men/38.jpg","medium":"https://randomuser.me/api/portraits/med/men/38.jpg","thumbnail":"https://randomuser.me/api/portraits/thumb/men/38.jpg"},"nat":"ES"}],"info":{"seed":"f4b873cff9171ea2","results":1,"page":1,"version":"1.4"}} 
 </msg>
<msg time="2024-05-09T15:15:57.990558" level="INFO">/opt/hostedtoolcache/Python/3.12.3/x64/lib/python3.12/site-packages/urllib3/connectionpool.py:1103: InsecureRequestWarning: Unverified HTTPS request is being made to host 'randomuser.me'. Adding certificate verification is strongly advised. See: https://urllib3.readthedocs.io/en/latest/advanced-usage.html#tls-warnings
  warnings.warn(</msg>
<msg time="2024-05-09T15:15:57.990711" level="INFO">${response} = &lt;Response [200]&gt;</msg>
<var>${response}</var>
<arg>consultarAPI</arg>
<arg>/api</arg>
<doc>Sends a GET request on a previously created HTTP Session.</doc>
<status status="PASS" start="2024-05-09T15:15:57.650147" elapsed="0.340607"/>
</kw>
<kw name="Should Be Equal As Numbers" owner="BuiltIn">
<msg time="2024-05-09T15:15:57.991914" level="INFO">Argument types are:
&lt;class 'int'&gt;
&lt;class 'str'&gt;</msg>
<arg>${response.status_code}</arg>
<arg>200</arg>
<doc>Fails if objects are unequal after converting them to real numbers.</doc>
<status status="PASS" start="2024-05-09T15:15:57.991396" elapsed="0.000584"/>
</kw>
<kw name="Log" owner="BuiltIn">
<msg time="2024-05-09T15:15:57.992669" level="INFO">200</msg>
<arg>${response.status_code}</arg>
<doc>Logs the given message with the given level.</doc>
<status status="PASS" start="2024-05-09T15:15:57.992319" elapsed="0.000391"/>
</kw>
<kw name="Set Variable" owner="BuiltIn">
<msg time="2024-05-09T15:15:57.993449" level="INFO">${json_data} = {'results': [{'gender': 'male', 'name': {'title': 'Mr', 'first': 'Pablo', 'last': 'Hernández'}, 'location': {'street': {'number': 4246, 'name': 'Avenida de La Albufera'}, 'city': 'Toledo', 'state': 'I...</msg>
<var>${json_data}</var>
<arg>${response.json()}</arg>
<doc>Returns the given values which can then be assigned to a variables.</doc>
<status status="PASS" start="2024-05-09T15:15:57.993014" elapsed="0.000465"/>
</kw>
<kw name="Dictionary Should Contain Key" owner="Collections">
<msg time="2024-05-09T15:15:57.993955" level="INFO">False</msg>
<arg>${json_data}</arg>
<arg>results</arg>
<doc>Fails if ``key`` is not found from ``dictionary``.</doc>
<status status="PASS" start="2024-05-09T15:15:57.993786" elapsed="0.000208"/>
</kw>
<status status="PASS" start="2024-05-09T15:15:57.649910" elapsed="0.344338"/>
</kw>
<doc>Testa se a API responde corretamente e retorna um objeto JSON válido.</doc>
<tag>testeRequisicaoBasica</tag>
<status status="PASS" start="2024-05-09T15:15:57.649451" elapsed="0.344979"/>
</test>
<test id="s1-s1-t3" name="Validar estrutura de resposta" line="22">
<kw name="Teste de Estrutura de Resposta" owner="random-user-service">
<kw name="GET On Session" owner="RequestsLibrary">
<msg time="2024-05-09T15:15:58.050524" level="INFO">GET Request : url=https://randomuser.me/api 
 path_url=/api 
 headers={'User-Agent': 'python-requests/2.31.0', 'Accept-Encoding': 'gzip, deflate', 'Accept': '*/*', 'Connection': 'keep-alive'} 
 body=None 
 </msg>
<msg time="2024-05-09T15:15:58.050624" level="INFO">GET Response : url=https://randomuser.me/api 
 status=200, reason=OK 
 headers={'Date': 'Thu, 09 May 2024 15:15:58 GMT', 'Content-Type': 'application/json; charset=utf-8', 'Transfer-Encoding': 'chunked', 'Connection': 'keep-alive', 'X-Powered-By': 'Express', 'Access-Control-Allow-Origin': '*', 'Cache-Control': 'no-cache', 'ETag': 'W/"47a-OqHjs3OOovu/qKfUYOh3PFrpkGQ"', 'Vary': 'Accept-Encoding', 'Content-Encoding': 'gzip', 'CF-Cache-Status': 'DYNAMIC', 'Report-To': '{"endpoints":[{"url":"https:\\/\\/a.nel.cloudflare.com\\/report\\/v4?s=IRX48xaf0vqgwrkXKGU45IJJVwGHKnCFQ4agfYOukUqj32ybLsDRBd62C7Ww9vSAEFeGP3Rau6KXY%2F9AxykESZRLixpOpN85bj%2Bg%2FVPE2yU7Mnbwft%2FVp6D4NQNXceOp"}],"group":"cf-nel","max_age":604800}', 'NEL': '{"success_fraction":0,"report_to":"cf-nel","max_age":604800}', 'Server': 'cloudflare', 'CF-RAY': '8812a5df89090f5d-EWR', 'alt-svc': 'h3=":443"; ma=86400'} 
 body={"results":[{"gender":"male","name":{"title":"Mr","first":"Morris","last":"Soto"},"location":{"street":{"number":4167,"name":"Valley View Ln"},"city":"Hartford","state":"Michigan","country":"United States","postcode":42438,"coordinates":{"latitude":"84.7988","longitude":"-164.2033"},"timezone":{"offset":"+3:30","description":"Tehran"}},"email":"morris.soto@example.com","login":{"uuid":"bd96d665-4adc-46c7-bffc-836b528d3f4d","username":"yellowrabbit583","password":"whiskey","salt":"rP1VyWER","md5":"87495dc57250dac447c1ef895448b70e","sha1":"bc62923ac14cda84d25db89b2dc6080ce779820c","sha256":"e6331796edd907661fb6bfc544192ed08aa2b4f2e74188addd9500dc36627feb"},"dob":{"date":"1957-05-13T20:09:45.240Z","age":66},"registered":{"date":"2010-11-04T04:01:48.303Z","age":13},"phone":"(415) 829-2852","cell":"(498) 440-2500","id":{"name":"SSN","value":"341-77-0387"},"picture":{"large":"https://randomuser.me/api/portraits/men/72.jpg","medium":"https://randomuser.me/api/portraits/med/men/72.jpg","thumbnail":"https://randomuser.me/api/portraits/thumb/men/72.jpg"},"nat":"US"}],"info":{"seed":"13e186996c5a7b5e","results":1,"page":1,"version":"1.4"}} 
 </msg>
<msg time="2024-05-09T15:15:58.050746" level="INFO">/opt/hostedtoolcache/Python/3.12.3/x64/lib/python3.12/site-packages/urllib3/connectionpool.py:1103: InsecureRequestWarning: Unverified HTTPS request is being made to host 'randomuser.me'. Adding certificate verification is strongly advised. See: https://urllib3.readthedocs.io/en/latest/advanced-usage.html#tls-warnings
  warnings.warn(</msg>
<msg time="2024-05-09T15:15:58.050872" level="INFO">${response} = &lt;Response [200]&gt;</msg>
<var>${response}</var>
<arg>consultarAPI</arg>
<arg>/api</arg>
<doc>Sends a GET request on a previously created HTTP Session.</doc>
<status status="PASS" start="2024-05-09T15:15:57.997460" elapsed="0.053451"/>
</kw>
<kw name="Set Variable" owner="BuiltIn">
<msg time="2024-05-09T15:15:58.052053" level="INFO">${json_data} = {'results': [{'gender': 'male', 'name': {'title': 'Mr', 'first': 'Morris', 'last': 'Soto'}, 'location': {'street': {'number': 4167, 'name': 'Valley View Ln'}, 'city': 'Hartford', 'state': 'Michigan', ...</msg>
<var>${json_data}</var>
<arg>${response.json()}</arg>
<doc>Returns the given values which can then be assigned to a variables.</doc>
<status status="PASS" start="2024-05-09T15:15:58.051455" elapsed="0.000627"/>
</kw>
<kw name="Log" owner="BuiltIn">
<msg time="2024-05-09T15:15:58.052554" level="INFO">{'results': [{'gender': 'male', 'name': {'title': 'Mr', 'first': 'Morris', 'last': 'Soto'}, 'location': {'street': {'number': 4167, 'name': 'Valley View Ln'}, 'city': 'Hartford', 'state': 'Michigan', 'country': 'United States', 'postcode': 42438, 'coordinates': {'latitude': '84.7988', 'longitude': '-164.2033'}, 'timezone': {'offset': '+3:30', 'description': 'Tehran'}}, 'email': 'morris.soto@example.com', 'login': {'uuid': 'bd96d665-4adc-46c7-bffc-836b528d3f4d', 'username': 'yellowrabbit583', 'password': 'whiskey', 'salt': 'rP1VyWER', 'md5': '87495dc57250dac447c1ef895448b70e', 'sha1': 'bc62923ac14cda84d25db89b2dc6080ce779820c', 'sha256': 'e6331796edd907661fb6bfc544192ed08aa2b4f2e74188addd9500dc36627feb'}, 'dob': {'date': '1957-05-13T20:09:45.240Z', 'age': 66}, 'registered': {'date': '2010-11-04T04:01:48.303Z', 'age': 13}, 'phone': '(415) 829-2852', 'cell': '(498) 440-2500', 'id': {'name': 'SSN', 'value': '341-77-0387'}, 'picture': {'large': 'https://randomuser.me/api/portraits/men/72.jpg', 'medium': 'https://randomuser.me/api/portraits/med/men/72.jpg', 'thumbnail': 'https://randomuser.me/api/portraits/thumb/men/72.jpg'}, 'nat': 'US'}], 'info': {'seed': '13e186996c5a7b5e', 'results': 1, 'page': 1, 'version': '1.4'}}</msg>
<arg>${json_data}</arg>
<doc>Logs the given message with the given level.</doc>
<status status="PASS" start="2024-05-09T15:15:58.052393" elapsed="0.000208"/>
</kw>
<kw name="Dictionary Should Contain Key" owner="Collections">
<msg time="2024-05-09T15:15:58.053058" level="INFO">False</msg>
<arg>${json_data}</arg>
<arg>results</arg>
<doc>Fails if ``key`` is not found from ``dictionary``.</doc>
<status status="PASS" start="2024-05-09T15:15:58.052893" elapsed="0.000202"/>
</kw>
<kw name="Should Not Be Empty" owner="BuiltIn">
<msg time="2024-05-09T15:15:58.053515" level="INFO">Length is 2.</msg>
<arg>${json_data}</arg>
<doc>Verifies that the given item is not empty.</doc>
<status status="PASS" start="2024-05-09T15:15:58.053383" elapsed="0.000330"/>
</kw>
<kw name="Create List" owner="BuiltIn">
<msg time="2024-05-09T15:15:58.054154" level="INFO">${expected_keys} = ['gender', 'name', 'location', 'email', 'login']</msg>
<var>${expected_keys}</var>
<arg>gender</arg>
<arg>name</arg>
<arg>location</arg>
<arg>email</arg>
<arg>login</arg>
<doc>Returns a list containing given items.</doc>
<status status="PASS" start="2024-05-09T15:15:58.054002" elapsed="0.000176"/>
</kw>
<for flavor="IN">
<iter>
<kw name="Dictionary Should Contain Key" owner="Collections">
<msg time="2024-05-09T15:15:58.055147" level="INFO">False</msg>
<arg>${json_data['results'][0]}</arg>
<arg>${key}</arg>
<doc>Fails if ``key`` is not found from ``dictionary``.</doc>
<status status="PASS" start="2024-05-09T15:15:58.054746" elapsed="0.000440"/>
</kw>
<kw name="Log" owner="BuiltIn">
<msg time="2024-05-09T15:15:58.055881" level="INFO">{'gender': 'male', 'name': {'title': 'Mr', 'first': 'Morris', 'last': 'Soto'}, 'location': {'street': {'number': 4167, 'name': 'Valley View Ln'}, 'city': 'Hartford', 'state': 'Michigan', 'country': 'United States', 'postcode': 42438, 'coordinates': {'latitude': '84.7988', 'longitude': '-164.2033'}, 'timezone': {'offset': '+3:30', 'description': 'Tehran'}}, 'email': 'morris.soto@example.com', 'login': {'uuid': 'bd96d665-4adc-46c7-bffc-836b528d3f4d', 'username': 'yellowrabbit583', 'password': 'whiskey', 'salt': 'rP1VyWER', 'md5': '87495dc57250dac447c1ef895448b70e', 'sha1': 'bc62923ac14cda84d25db89b2dc6080ce779820c', 'sha256': 'e6331796edd907661fb6bfc544192ed08aa2b4f2e74188addd9500dc36627feb'}, 'dob': {'date': '1957-05-13T20:09:45.240Z', 'age': 66}, 'registered': {'date': '2010-11-04T04:01:48.303Z', 'age': 13}, 'phone': '(415) 829-2852', 'cell': '(498) 440-2500', 'id': {'name': 'SSN', 'value': '341-77-0387'}, 'picture': {'large': 'https://randomuser.me/api/portraits/men/72.jpg', 'medium': 'https://randomuser.me/api/portraits/med/men/72.jpg', 'thumbnail': 'https://randomuser.me/api/portraits/thumb/men/72.jpg'}, 'nat': 'US'}</msg>
<arg>${json_data['results'][0]}</arg>
<doc>Logs the given message with the given level.</doc>
<status status="PASS" start="2024-05-09T15:15:58.055478" elapsed="0.000450"/>
</kw>
<kw name="Log" owner="BuiltIn">
<msg time="2024-05-09T15:15:58.056350" level="INFO">gender</msg>
<arg>${key}</arg>
<doc>Logs the given message with the given level.</doc>
<status status="PASS" start="2024-05-09T15:15:58.056225" elapsed="0.000163"/>
</kw>
<var name="${key}">gender</var>
<status status="PASS" start="2024-05-09T15:15:58.054622" elapsed="0.001978"/>
</iter>
<iter>
<kw name="Dictionary Should Contain Key" owner="Collections">
<msg time="2024-05-09T15:15:58.057285" level="INFO">False</msg>
<arg>${json_data['results'][0]}</arg>
<arg>${key}</arg>
<doc>Fails if ``key`` is not found from ``dictionary``.</doc>
<status status="PASS" start="2024-05-09T15:15:58.056907" elapsed="0.000414"/>
</kw>
<kw name="Log" owner="BuiltIn">
<msg time="2024-05-09T15:15:58.058018" level="INFO">{'gender': 'male', 'name': {'title': 'Mr', 'first': 'Morris', 'last': 'Soto'}, 'location': {'street': {'number': 4167, 'name': 'Valley View Ln'}, 'city': 'Hartford', 'state': 'Michigan', 'country': 'United States', 'postcode': 42438, 'coordinates': {'latitude': '84.7988', 'longitude': '-164.2033'}, 'timezone': {'offset': '+3:30', 'description': 'Tehran'}}, 'email': 'morris.soto@example.com', 'login': {'uuid': 'bd96d665-4adc-46c7-bffc-836b528d3f4d', 'username': 'yellowrabbit583', 'password': 'whiskey', 'salt': 'rP1VyWER', 'md5': '87495dc57250dac447c1ef895448b70e', 'sha1': 'bc62923ac14cda84d25db89b2dc6080ce779820c', 'sha256': 'e6331796edd907661fb6bfc544192ed08aa2b4f2e74188addd9500dc36627feb'}, 'dob': {'date': '1957-05-13T20:09:45.240Z', 'age': 66}, 'registered': {'date': '2010-11-04T04:01:48.303Z', 'age': 13}, 'phone': '(415) 829-2852', 'cell': '(498) 440-2500', 'id': {'name': 'SSN', 'value': '341-77-0387'}, 'picture': {'large': 'https://randomuser.me/api/portraits/men/72.jpg', 'medium': 'https://randomuser.me/api/portraits/med/men/72.jpg', 'thumbnail': 'https://randomuser.me/api/portraits/thumb/men/72.jpg'}, 'nat': 'US'}</msg>
<arg>${json_data['results'][0]}</arg>
<doc>Logs the given message with the given level.</doc>
<status status="PASS" start="2024-05-09T15:15:58.057637" elapsed="0.000432"/>
</kw>
<kw name="Log" owner="BuiltIn">
<msg time="2024-05-09T15:15:58.058531" level="INFO">name</msg>
<arg>${key}</arg>
<doc>Logs the given message with the given level.</doc>
<status status="PASS" start="2024-05-09T15:15:58.058390" elapsed="0.000181"/>
</kw>
<var name="${key}">name</var>
<status status="PASS" start="2024-05-09T15:15:58.056791" elapsed="0.002010"/>
</iter>
<iter>
<kw name="Dictionary Should Contain Key" owner="Collections">
<msg time="2024-05-09T15:15:58.059514" level="INFO">False</msg>
<arg>${json_data['results'][0]}</arg>
<arg>${key}</arg>
<doc>Fails if ``key`` is not found from ``dictionary``.</doc>
<status status="PASS" start="2024-05-09T15:15:58.059107" elapsed="0.000446"/>
</kw>
<kw name="Log" owner="BuiltIn">
<msg time="2024-05-09T15:15:58.060250" level="INFO">{'gender': 'male', 'name': {'title': 'Mr', 'first': 'Morris', 'last': 'Soto'}, 'location': {'street': {'number': 4167, 'name': 'Valley View Ln'}, 'city': 'Hartford', 'state': 'Michigan', 'country': 'United States', 'postcode': 42438, 'coordinates': {'latitude': '84.7988', 'longitude': '-164.2033'}, 'timezone': {'offset': '+3:30', 'description': 'Tehran'}}, 'email': 'morris.soto@example.com', 'login': {'uuid': 'bd96d665-4adc-46c7-bffc-836b528d3f4d', 'username': 'yellowrabbit583', 'password': 'whiskey', 'salt': 'rP1VyWER', 'md5': '87495dc57250dac447c1ef895448b70e', 'sha1': 'bc62923ac14cda84d25db89b2dc6080ce779820c', 'sha256': 'e6331796edd907661fb6bfc544192ed08aa2b4f2e74188addd9500dc36627feb'}, 'dob': {'date': '1957-05-13T20:09:45.240Z', 'age': 66}, 'registered': {'date': '2010-11-04T04:01:48.303Z', 'age': 13}, 'phone': '(415) 829-2852', 'cell': '(498) 440-2500', 'id': {'name': 'SSN', 'value': '341-77-0387'}, 'picture': {'large': 'https://randomuser.me/api/portraits/men/72.jpg', 'medium': 'https://randomuser.me/api/portraits/med/men/72.jpg', 'thumbnail': 'https://randomuser.me/api/portraits/thumb/men/72.jpg'}, 'nat': 'US'}</msg>
<arg>${json_data['results'][0]}</arg>
<doc>Logs the given message with the given level.</doc>
<status status="PASS" start="2024-05-09T15:15:58.059896" elapsed="0.000401"/>
</kw>
<kw name="Log" owner="BuiltIn">
<msg time="2024-05-09T15:15:58.060706" level="INFO">location</msg>
<arg>${key}</arg>
<doc>Logs the given message with the given level.</doc>
<status status="PASS" start="2024-05-09T15:15:58.060584" elapsed="0.000158"/>
</kw>
<var name="${key}">location</var>
<status status="PASS" start="2024-05-09T15:15:58.058986" elapsed="0.001963"/>
</iter>
<iter>
<kw name="Dictionary Should Contain Key" owner="Collections">
<msg time="2024-05-09T15:15:58.061604" level="INFO">False</msg>
<arg>${json_data['results'][0]}</arg>
<arg>${key}</arg>
<doc>Fails if ``key`` is not found from ``dictionary``.</doc>
<status status="PASS" start="2024-05-09T15:15:58.061228" elapsed="0.000412"/>
</kw>
<kw name="Log" owner="BuiltIn">
<msg time="2024-05-09T15:15:58.062292" level="INFO">{'gender': 'male', 'name': {'title': 'Mr', 'first': 'Morris', 'last': 'Soto'}, 'location': {'street': {'number': 4167, 'name': 'Valley View Ln'}, 'city': 'Hartford', 'state': 'Michigan', 'country': 'United States', 'postcode': 42438, 'coordinates': {'latitude': '84.7988', 'longitude': '-164.2033'}, 'timezone': {'offset': '+3:30', 'description': 'Tehran'}}, 'email': 'morris.soto@example.com', 'login': {'uuid': 'bd96d665-4adc-46c7-bffc-836b528d3f4d', 'username': 'yellowrabbit583', 'password': 'whiskey', 'salt': 'rP1VyWER', 'md5': '87495dc57250dac447c1ef895448b70e', 'sha1': 'bc62923ac14cda84d25db89b2dc6080ce779820c', 'sha256': 'e6331796edd907661fb6bfc544192ed08aa2b4f2e74188addd9500dc36627feb'}, 'dob': {'date': '1957-05-13T20:09:45.240Z', 'age': 66}, 'registered': {'date': '2010-11-04T04:01:48.303Z', 'age': 13}, 'phone': '(415) 829-2852', 'cell': '(498) 440-2500', 'id': {'name': 'SSN', 'value': '341-77-0387'}, 'picture': {'large': 'https://randomuser.me/api/portraits/men/72.jpg', 'medium': 'https://randomuser.me/api/portraits/med/men/72.jpg', 'thumbnail': 'https://randomuser.me/api/portraits/thumb/men/72.jpg'}, 'nat': 'US'}</msg>
<arg>${json_data['results'][0]}</arg>
<doc>Logs the given message with the given level.</doc>
<status status="PASS" start="2024-05-09T15:15:58.061934" elapsed="0.000405"/>
</kw>
<kw name="Log" owner="BuiltIn">
<msg time="2024-05-09T15:15:58.062753" level="INFO">email</msg>
<arg>${key}</arg>
<doc>Logs the given message with the given level.</doc>
<status status="PASS" start="2024-05-09T15:15:58.062628" elapsed="0.000161"/>
</kw>
<var name="${key}">email</var>
<status status="PASS" start="2024-05-09T15:15:58.061120" elapsed="0.001879"/>
</iter>
<iter>
<kw name="Dictionary Should Contain Key" owner="Collections">
<msg time="2024-05-09T15:15:58.063700" level="INFO">False</msg>
<arg>${json_data['results'][0]}</arg>
<arg>${key}</arg>
<doc>Fails if ``key`` is not found from ``dictionary``.</doc>
<status status="PASS" start="2024-05-09T15:15:58.063277" elapsed="0.000462"/>
</kw>
<kw name="Log" owner="BuiltIn">
<msg time="2024-05-09T15:15:58.064395" level="INFO">{'gender': 'male', 'name': {'title': 'Mr', 'first': 'Morris', 'last': 'Soto'}, 'location': {'street': {'number': 4167, 'name': 'Valley View Ln'}, 'city': 'Hartford', 'state': 'Michigan', 'country': 'United States', 'postcode': 42438, 'coordinates': {'latitude': '84.7988', 'longitude': '-164.2033'}, 'timezone': {'offset': '+3:30', 'description': 'Tehran'}}, 'email': 'morris.soto@example.com', 'login': {'uuid': 'bd96d665-4adc-46c7-bffc-836b528d3f4d', 'username': 'yellowrabbit583', 'password': 'whiskey', 'salt': 'rP1VyWER', 'md5': '87495dc57250dac447c1ef895448b70e', 'sha1': 'bc62923ac14cda84d25db89b2dc6080ce779820c', 'sha256': 'e6331796edd907661fb6bfc544192ed08aa2b4f2e74188addd9500dc36627feb'}, 'dob': {'date': '1957-05-13T20:09:45.240Z', 'age': 66}, 'registered': {'date': '2010-11-04T04:01:48.303Z', 'age': 13}, 'phone': '(415) 829-2852', 'cell': '(498) 440-2500', 'id': {'name': 'SSN', 'value': '341-77-0387'}, 'picture': {'large': 'https://randomuser.me/api/portraits/men/72.jpg', 'medium': 'https://randomuser.me/api/portraits/med/men/72.jpg', 'thumbnail': 'https://randomuser.me/api/portraits/thumb/men/72.jpg'}, 'nat': 'US'}</msg>
<arg>${json_data['results'][0]}</arg>
<doc>Logs the given message with the given level.</doc>
<status status="PASS" start="2024-05-09T15:15:58.064035" elapsed="0.000407"/>
</kw>
<kw name="Log" owner="BuiltIn">
<msg time="2024-05-09T15:15:58.064858" level="INFO">login</msg>
<arg>${key}</arg>
<doc>Logs the given message with the given level.</doc>
<status status="PASS" start="2024-05-09T15:15:58.064735" elapsed="0.000160"/>
</kw>
<var name="${key}">login</var>
<status status="PASS" start="2024-05-09T15:15:58.063169" elapsed="0.001943"/>
</iter>
<var>${key}</var>
<value>@{expected_keys}</value>
<status status="PASS" start="2024-05-09T15:15:58.054433" elapsed="0.010823"/>
</for>
<kw name="Create List" owner="BuiltIn">
<msg time="2024-05-09T15:15:58.065598" level="INFO">${expected_keysTwo} = ['username', 'password']</msg>
<var>${expected_keysTwo}</var>
<arg>username</arg>
<arg>password</arg>
<doc>Returns a list containing given items.</doc>
<status status="PASS" start="2024-05-09T15:15:58.065463" elapsed="0.000159"/>
</kw>
<for flavor="IN">
<iter>
<kw name="Dictionary Should Contain Key" owner="Collections">
<msg time="2024-05-09T15:15:58.066494" level="INFO">False</msg>
<arg>${json_data['results'][0]['login']}</arg>
<arg>${keyTwo}</arg>
<doc>Fails if ``key`` is not found from ``dictionary``.</doc>
<status status="PASS" start="2024-05-09T15:15:58.066109" elapsed="0.000422"/>
</kw>
<kw name="Dictionary Should Contain Key" owner="Collections">
<msg time="2024-05-09T15:15:58.067200" level="INFO">False</msg>
<arg>${json_data['results'][0]['login']}</arg>
<arg>${keyTwo}</arg>
<doc>Fails if ``key`` is not found from ``dictionary``.</doc>
<status status="PASS" start="2024-05-09T15:15:58.066826" elapsed="0.000411"/>
</kw>
<kw name="Log" owner="BuiltIn">
<msg time="2024-05-09T15:15:58.067673" level="INFO">username</msg>
<arg>${keyTwo}</arg>
<doc>Logs the given message with the given level.</doc>
<status status="PASS" start="2024-05-09T15:15:58.067523" elapsed="0.000193"/>
</kw>
<var name="${keyTwo}">username</var>
<status status="PASS" start="2024-05-09T15:15:58.066003" elapsed="0.001926"/>
</iter>
<iter>
<kw name="Dictionary Should Contain Key" owner="Collections">
<msg time="2024-05-09T15:15:58.068676" level="INFO">False</msg>
<arg>${json_data['results'][0]['login']}</arg>
<arg>${keyTwo}</arg>
<doc>Fails if ``key`` is not found from ``dictionary``.</doc>
<status status="PASS" start="2024-05-09T15:15:58.068207" elapsed="0.000508"/>
</kw>
<kw name="Dictionary Should Contain Key" owner="Collections">
<msg time="2024-05-09T15:15:58.069382" level="INFO">False</msg>
<arg>${json_data['results'][0]['login']}</arg>
<arg>${keyTwo}</arg>
<doc>Fails if ``key`` is not found from ``dictionary``.</doc>
<status status="PASS" start="2024-05-09T15:15:58.069008" elapsed="0.000411"/>
</kw>
<kw name="Log" owner="BuiltIn">
<msg time="2024-05-09T15:15:58.069831" level="INFO">password</msg>
<arg>${keyTwo}</arg>
<doc>Logs the given message with the given level.</doc>
<status status="PASS" start="2024-05-09T15:15:58.069708" elapsed="0.000158"/>
</kw>
<var name="${keyTwo}">password</var>
<status status="PASS" start="2024-05-09T15:15:58.068100" elapsed="0.001976"/>
</iter>
<var>${keyTwo}</var>
<value>@{expected_keysTwo}</value>
<status status="PASS" start="2024-05-09T15:15:58.065854" elapsed="0.004340"/>
</for>
<status status="PASS" start="2024-05-09T15:15:57.997121" elapsed="0.073208"/>
</kw>
<doc>Testa a estrutura da resposta da API.</doc>
<tag>testeEstruturaResposta</tag>
<status status="PASS" start="2024-05-09T15:15:57.996343" elapsed="0.074138"/>
</test>
<test id="s1-s1-t4" name="Validar tipos de dados" line="28">
<kw name="Teste de Tipos de Dados" owner="random-user-service">
<kw name="GET On Session" owner="RequestsLibrary">
<msg time="2024-05-09T15:15:58.133997" level="INFO">GET Request : url=https://randomuser.me/api 
 path_url=/api 
 headers={'User-Agent': 'python-requests/2.31.0', 'Accept-Encoding': 'gzip, deflate', 'Accept': '*/*', 'Connection': 'keep-alive'} 
 body=None 
 </msg>
<msg time="2024-05-09T15:15:58.134073" level="INFO">GET Response : url=https://randomuser.me/api 
 status=200, reason=OK 
 headers={'Date': 'Thu, 09 May 2024 15:15:58 GMT', 'Content-Type': 'application/json; charset=utf-8', 'Transfer-Encoding': 'chunked', 'Connection': 'keep-alive', 'X-Powered-By': 'Express', 'Access-Control-Allow-Origin': '*', 'Cache-Control': 'no-cache', 'ETag': 'W/"494-rYtJDOUDHIEhaQ4VVvnjb7PV6nQ"', 'Vary': 'Accept-Encoding', 'Content-Encoding': 'gzip', 'CF-Cache-Status': 'DYNAMIC', 'Report-To': '{"endpoints":[{"url":"https:\\/\\/a.nel.cloudflare.com\\/report\\/v4?s=ZYSyF19aYN252Bh5fvzr%2FSMqyGJf3JwMXhxtfvpUs3wYD4qDENDccqekukTVqoCTyIWMlosNvB%2BJPpavz2RvvnzapqShr%2Bd8aFR4Gh6ZI82jUhflMx%2BG8499MOaSsZmW"}],"group":"cf-nel","max_age":604800}', 'NEL': '{"success_fraction":0,"report_to":"cf-nel","max_age":604800}', 'Server': 'cloudflare', 'CF-RAY': '8812a5dff9a30f5d-EWR', 'alt-svc': 'h3=":443"; ma=86400'} 
 body={"results":[{"gender":"male","name":{"title":"Mr","first":"Austin","last":"Brown"},"location":{"street":{"number":8294,"name":"Rangitikei Street"},"city":"Lower Hutt","state":"Auckland","country":"New Zealand","postcode":71398,"coordinates":{"latitude":"52.2607","longitude":"-12.8713"},"timezone":{"offset":"+3:00","description":"Baghdad, Riyadh, Moscow, St. Petersburg"}},"email":"austin.brown@example.com","login":{"uuid":"208db60a-2456-49d4-bf31-d0461c1d8eb6","username":"bluebutterfly867","password":"vanilla","salt":"jqwzJ3ql","md5":"3a8e129beb9f7af5f6202a5c6c72f322","sha1":"82eb9eff45eea17444f35557e9a164ab9d7f61c3","sha256":"847a4fb0631244f91315fbfea47748527b3ceb70cebfa6cf2c35e091f2e61c81"},"dob":{"date":"1945-03-13T16:39:45.725Z","age":79},"registered":{"date":"2007-08-21T12:20:49.880Z","age":16},"phone":"(170)-858-7460","cell":"(363)-916-7324","id":{"name":"","value":null},"picture":{"large":"https://randomuser.me/api/portraits/men/38.jpg","medium":"https://randomuser.me/api/portraits/med/men/38.jpg","thumbnail":"https://randomuser.me/api/portraits/thumb/men/38.jpg"},"nat":"NZ"}],"info":{"seed":"e537e7c56ad64ec7","results":1,"page":1,"version":"1.4"}} 
 </msg>
<msg time="2024-05-09T15:15:58.134138" level="INFO">/opt/hostedtoolcache/Python/3.12.3/x64/lib/python3.12/site-packages/urllib3/connectionpool.py:1103: InsecureRequestWarning: Unverified HTTPS request is being made to host 'randomuser.me'. Adding certificate verification is strongly advised. See: https://urllib3.readthedocs.io/en/latest/advanced-usage.html#tls-warnings
  warnings.warn(</msg>
<msg time="2024-05-09T15:15:58.134242" level="INFO">${response} = &lt;Response [200]&gt;</msg>
<var>${response}</var>
<arg>consultarAPI</arg>
<arg>/api</arg>
<doc>Sends a GET request on a previously created HTTP Session.</doc>
<status status="PASS" start="2024-05-09T15:15:58.073023" elapsed="0.061267"/>
</kw>
<kw name="Set Variable" owner="BuiltIn">
<msg time="2024-05-09T15:15:58.135392" level="INFO">${json_data} = {'results': [{'gender': 'male', 'name': {'title': 'Mr', 'first': 'Austin', 'last': 'Brown'}, 'location': {'street': {'number': 8294, 'name': 'Rangitikei Street'}, 'city': 'Lower Hutt', 'state': 'Auckl...</msg>
<var>${json_data}</var>
<arg>${response.json()}</arg>
<doc>Returns the given values which can then be assigned to a variables.</doc>
<status status="PASS" start="2024-05-09T15:15:58.134828" elapsed="0.000592"/>
</kw>
<kw name="Log" owner="BuiltIn">
<msg time="2024-05-09T15:15:58.135914" level="INFO">{'results': [{'gender': 'male', 'name': {'title': 'Mr', 'first': 'Austin', 'last': 'Brown'}, 'location': {'street': {'number': 8294, 'name': 'Rangitikei Street'}, 'city': 'Lower Hutt', 'state': 'Auckland', 'country': 'New Zealand', 'postcode': 71398, 'coordinates': {'latitude': '52.2607', 'longitude': '-12.8713'}, 'timezone': {'offset': '+3:00', 'description': 'Baghdad, Riyadh, Moscow, St. Petersburg'}}, 'email': 'austin.brown@example.com', 'login': {'uuid': '208db60a-2456-49d4-bf31-d0461c1d8eb6', 'username': 'bluebutterfly867', 'password': 'vanilla', 'salt': 'jqwzJ3ql', 'md5': '3a8e129beb9f7af5f6202a5c6c72f322', 'sha1': '82eb9eff45eea17444f35557e9a164ab9d7f61c3', 'sha256': '847a4fb0631244f91315fbfea47748527b3ceb70cebfa6cf2c35e091f2e61c81'}, 'dob': {'date': '1945-03-13T16:39:45.725Z', 'age': 79}, 'registered': {'date': '2007-08-21T12:20:49.880Z', 'age': 16}, 'phone': '(170)-858-7460', 'cell': '(363)-916-7324', 'id': {'name': '', 'value': None}, 'picture': {'large': 'https://randomuser.me/api/portraits/men/38.jpg', 'medium': 'https://randomuser.me/api/portraits/med/men/38.jpg', 'thumbnail': 'https://randomuser.me/api/portraits/thumb/men/38.jpg'}, 'nat': 'NZ'}], 'info': {'seed': 'e537e7c56ad64ec7', 'results': 1, 'page': 1, 'version': '1.4'}}</msg>
<arg>${json_data}</arg>
<doc>Logs the given message with the given level.</doc>
<status status="PASS" start="2024-05-09T15:15:58.135756" elapsed="0.000236"/>
</kw>
<kw name="Should Be String" owner="String">
<arg>${json_data['results'][0]['gender']}</arg>
<doc>Fails if the given ``item`` is not a string.</doc>
<status status="PASS" start="2024-05-09T15:15:58.136292" elapsed="0.000369"/>
</kw>
<kw name="Should Match Regexp" owner="BuiltIn">
<arg>${json_data['results'][0]['email']}</arg>
<arg>^[a-zA-Z0-9._%+-]+@[a-zA-Z0-9.-]+\.[a-zA-Z]{2,}$</arg>
<doc>Fails if ``string`` does not match ``pattern`` as a regular expression.</doc>
<status status="PASS" start="2024-05-09T15:15:58.136855" elapsed="0.000505"/>
</kw>
<kw name="Should Match Regexp" owner="BuiltIn">
<arg>${json_data['results'][0]['dob']['date']}</arg>
<arg>\\d{4}-\\d{2}-\\d{2}T\\d{2}:\\d{2}:\\d{2}\\.\\d{3}Z</arg>
<doc>Fails if ``string`` does not match ``pattern`` as a regular expression.</doc>
<status status="PASS" start="2024-05-09T15:15:58.137553" elapsed="0.000504"/>
</kw>
<kw name="Should Match Regexp" owner="BuiltIn">
<arg>${json_data['results'][0]['registered']['date']}</arg>
<arg>\\d{4}-\\d{2}-\\d{2}T\\d{2}:\\d{2}:\\d{2}\\.\\d{3}Z</arg>
<doc>Fails if ``string`` does not match ``pattern`` as a regular expression.</doc>
<status status="PASS" start="2024-05-09T15:15:58.138245" elapsed="0.000362"/>
</kw>
<kw name="Should Match Regexp" owner="BuiltIn">
<arg>${json_data['results'][0]['picture']['large']}</arg>
<arg>^https?://.*\.(?:png|jpe?g|gif|bmp)$</arg>
<doc>Fails if ``string`` does not match ``pattern`` as a regular expression.</doc>
<status status="PASS" start="2024-05-09T15:15:58.138793" elapsed="0.000457"/>
</kw>
<kw name="Should Match Regexp" owner="BuiltIn">
<arg>${json_data['results'][0]['picture']['medium']}</arg>
<arg>^https?://.*\.(?:png|jpe?g|gif|bmp)$</arg>
<doc>Fails if ``string`` does not match ``pattern`` as a regular expression.</doc>
<status status="PASS" start="2024-05-09T15:15:58.139433" elapsed="0.000394"/>
</kw>
<kw name="Should Match Regexp" owner="BuiltIn">
<arg>${json_data['results'][0]['picture']['thumbnail']}</arg>
<arg>^https?://.*\.(?:png|jpe?g|gif|bmp)$</arg>
<doc>Fails if ``string`` does not match ``pattern`` as a regular expression.</doc>
<status status="PASS" start="2024-05-09T15:15:58.140012" elapsed="0.000345"/>
</kw>
<kw name="Log" owner="BuiltIn">
<msg time="2024-05-09T15:15:58.140849" level="INFO">{'large': 'https://randomuser.me/api/portraits/men/38.jpg', 'medium': 'https://randomuser.me/api/portraits/med/men/38.jpg', 'thumbnail': 'https://randomuser.me/api/portraits/thumb/men/38.jpg'}</msg>
<arg>${json_data['results'][0]['picture']}</arg>
<doc>Logs the given message with the given level.</doc>
<status status="PASS" start="2024-05-09T15:15:58.140532" elapsed="0.000357"/>
</kw>
<status status="PASS" start="2024-05-09T15:15:58.072799" elapsed="0.068336"/>
</kw>
<kw name="Teste de Tipos de Dados - Postcode" owner="random-user-service">
<kw name="GET On Session" owner="RequestsLibrary">
<msg time="2024-05-09T15:15:58.231463" level="INFO">GET Request : url=https://randomuser.me/api 
 path_url=/api 
 headers={'User-Agent': 'python-requests/2.31.0', 'Accept-Encoding': 'gzip, deflate', 'Accept': '*/*', 'Connection': 'keep-alive'} 
 body=None 
 </msg>
<msg time="2024-05-09T15:15:58.231547" level="INFO">GET Response : url=https://randomuser.me/api 
 status=200, reason=OK 
 headers={'Date': 'Thu, 09 May 2024 15:15:58 GMT', 'Content-Type': 'application/json; charset=utf-8', 'Transfer-Encoding': 'chunked', 'Connection': 'keep-alive', 'X-Powered-By': 'Express', 'Access-Control-Allow-Origin': '*', 'Cache-Control': 'no-cache', 'ETag': 'W/"47b-2BzFVaUNSzxWEXaV9AWuTZYMTsQ"', 'Vary': 'Accept-Encoding', 'Content-Encoding': 'gzip', 'CF-Cache-Status': 'DYNAMIC', 'Report-To': '{"endpoints":[{"url":"https:\\/\\/a.nel.cloudflare.com\\/report\\/v4?s=c5mO%2BhdDyzkF%2FxHz%2FZxXhKG1oCSW9RmjCD7XVuKWKr00uNhbt7heEav6sAFP5LN4bp3cIFq%2BBYB75pd8DcZ529c2jqXAXb7dqIrd0U4eAscDuoX%2FRLOHnpVo49EWwiZ5"}],"group":"cf-nel","max_age":604800}', 'NEL': '{"success_fraction":0,"report_to":"cf-nel","max_age":604800}', 'Server': 'cloudflare', 'CF-RAY': '8812a5e06a1a0f5d-EWR', 'alt-svc': 'h3=":443"; ma=86400'} 
 body={"results":[{"gender":"female","name":{"title":"Ms","first":"Ege","last":"Akşit"},"location":{"street":{"number":6168,"name":"Bağdat Cd"},"city":"Ağrı","state":"Aydın","country":"Turkey","postcode":36511,"coordinates":{"latitude":"72.8345","longitude":"115.1098"},"timezone":{"offset":"+1:00","description":"Brussels, Copenhagen, Madrid, Paris"}},"email":"ege.aksit@example.com","login":{"uuid":"41c79d01-4e65-485a-a3e7-d651ddbfef37","username":"lazysnake447","password":"titan","salt":"6zuHvQNl","md5":"4aae70a177f2627e88c03fbffc6f99b7","sha1":"74b85b191fdb88ce7332f4de58e740a178dc9461","sha256":"1ec1c13e922cf874bdec3f31fd87d944944520490d1cfd8b1c9adfe62aa9add9"},"dob":{"date":"1965-08-29T01:49:27.034Z","age":58},"registered":{"date":"2003-09-29T03:26:02.425Z","age":20},"phone":"(879)-992-4476","cell":"(106)-673-7769","id":{"name":"","value":null},"picture":{"large":"https://randomuser.me/api/portraits/women/81.jpg","medium":"https://randomuser.me/api/portraits/med/women/81.jpg","thumbnail":"https://randomuser.me/api/portraits/thumb/women/81.jpg"},"nat":"TR"}],"info":{"seed":"1f2251b4290df071","results":1,"page":1,"version":"1.4"}} 
 </msg>
<msg time="2024-05-09T15:15:58.231653" level="INFO">/opt/hostedtoolcache/Python/3.12.3/x64/lib/python3.12/site-packages/urllib3/connectionpool.py:1103: InsecureRequestWarning: Unverified HTTPS request is being made to host 'randomuser.me'. Adding certificate verification is strongly advised. See: https://urllib3.readthedocs.io/en/latest/advanced-usage.html#tls-warnings
  warnings.warn(</msg>
<msg time="2024-05-09T15:15:58.231780" level="INFO">${response} = &lt;Response [200]&gt;</msg>
<var>${response}</var>
<arg>consultarAPI</arg>
<arg>/api</arg>
<doc>Sends a GET request on a previously created HTTP Session.</doc>
<status status="PASS" start="2024-05-09T15:15:58.141560" elapsed="0.090273"/>
</kw>
<kw name="Set Variable" owner="BuiltIn">
<msg time="2024-05-09T15:15:58.232961" level="INFO">${json_data} = {'results': [{'gender': 'female', 'name': {'title': 'Ms', 'first': 'Ege', 'last': 'Akşit'}, 'location': {'street': {'number': 6168, 'name': 'Bağdat Cd'}, 'city': 'Ağrı', 'state': 'Aydın', 'country': '...</msg>
<var>${json_data}</var>
<arg>${response.json()}</arg>
<doc>Returns the given values which can then be assigned to a variables.</doc>
<status status="PASS" start="2024-05-09T15:15:58.232364" elapsed="0.000628"/>
</kw>
<kw name="Log" owner="BuiltIn">
<msg time="2024-05-09T15:15:58.233460" level="INFO">{'results': [{'gender': 'female', 'name': {'title': 'Ms', 'first': 'Ege', 'last': 'Akşit'}, 'location': {'street': {'number': 6168, 'name': 'Bağdat Cd'}, 'city': 'Ağrı', 'state': 'Aydın', 'country': 'Turkey', 'postcode': 36511, 'coordinates': {'latitude': '72.8345', 'longitude': '115.1098'}, 'timezone': {'offset': '+1:00', 'description': 'Brussels, Copenhagen, Madrid, Paris'}}, 'email': 'ege.aksit@example.com', 'login': {'uuid': '41c79d01-4e65-485a-a3e7-d651ddbfef37', 'username': 'lazysnake447', 'password': 'titan', 'salt': '6zuHvQNl', 'md5': '4aae70a177f2627e88c03fbffc6f99b7', 'sha1': '74b85b191fdb88ce7332f4de58e740a178dc9461', 'sha256': '1ec1c13e922cf874bdec3f31fd87d944944520490d1cfd8b1c9adfe62aa9add9'}, 'dob': {'date': '1965-08-29T01:49:27.034Z', 'age': 58}, 'registered': {'date': '2003-09-29T03:26:02.425Z', 'age': 20}, 'phone': '(879)-992-4476', 'cell': '(106)-673-7769', 'id': {'name': '', 'value': None}, 'picture': {'large': 'https://randomuser.me/api/portraits/women/81.jpg', 'medium': 'https://randomuser.me/api/portraits/med/women/81.jpg', 'thumbnail': 'https://randomuser.me/api/portraits/thumb/women/81.jpg'}, 'nat': 'TR'}], 'info': {'seed': '1f2251b4290df071', 'results': 1, 'page': 1, 'version': '1.4'}}</msg>
<arg>${json_data}</arg>
<doc>Logs the given message with the given level.</doc>
<status status="PASS" start="2024-05-09T15:15:58.233303" elapsed="0.000237"/>
</kw>
<kw name="Should Be Equal As Numbers" owner="BuiltIn">
<arg>${json_data['results'][0]['location']['postcode']}</arg>
<arg>${json_data['results'][0]['location']['postcode']}</arg>
<doc>Fails if objects are unequal after converting them to real numbers.</doc>
<status status="PASS" start="2024-05-09T15:15:58.233970" elapsed="0.000622"/>
</kw>
<kw name="Log" owner="BuiltIn">
<msg time="2024-05-09T15:15:58.235122" level="INFO">36511</msg>
<arg>${json_data['results'][0]['location']['postcode']}</arg>
<doc>Logs the given message with the given level.</doc>
<status status="PASS" start="2024-05-09T15:15:58.234786" elapsed="0.000375"/>
</kw>
<status status="PASS" start="2024-05-09T15:15:58.141346" elapsed="0.094063"/>
</kw>
<doc>Testa se os tipos de dados na resposta da API estão corretos.</doc>
<tag>testeTiposDados</tag>
<status status="PASS" start="2024-05-09T15:15:58.072268" elapsed="0.163303"/>
</test>
<test id="s1-s1-t5" name="Validar conteudo" line="35">
<kw name="Teste de Tipos de Conteudo" owner="random-user-service">
<kw name="GET On Session" owner="RequestsLibrary">
<msg time="2024-05-09T15:15:58.328827" level="INFO">GET Request : url=https://randomuser.me/api 
 path_url=/api 
 headers={'User-Agent': 'python-requests/2.31.0', 'Accept-Encoding': 'gzip, deflate', 'Accept': '*/*', 'Connection': 'keep-alive'} 
 body=None 
 </msg>
<msg time="2024-05-09T15:15:58.328933" level="INFO">GET Response : url=https://randomuser.me/api 
 status=200, reason=OK 
 headers={'Date': 'Thu, 09 May 2024 15:15:58 GMT', 'Content-Type': 'application/json; charset=utf-8', 'Transfer-Encoding': 'chunked', 'Connection': 'keep-alive', 'X-Powered-By': 'Express', 'Access-Control-Allow-Origin': '*', 'Cache-Control': 'no-cache', 'ETag': 'W/"4ac-v0edFBBXDtLLdfptZd0lGA1UXdc"', 'Vary': 'Accept-Encoding', 'Content-Encoding': 'gzip', 'CF-Cache-Status': 'DYNAMIC', 'Report-To': '{"endpoints":[{"url":"https:\\/\\/a.nel.cloudflare.com\\/report\\/v4?s=yIwKVYAfib9eLk71aLda6lyZlTWOxqWE7W2kFkoAKYVSX%2FsrgMG2OB9VxJDi6NdvQYmMl3DObk%2BThBSmXRc3%2BQZ6l9PEhuYAW4UvyamuJo%2BcBYUgywwvcdz15DcoDF7v"}],"group":"cf-nel","max_age":604800}', 'NEL': '{"success_fraction":0,"report_to":"cf-nel","max_age":604800}', 'Server': 'cloudflare', 'CF-RAY': '8812a5e10acc0f5d-EWR', 'alt-svc': 'h3=":443"; ma=86400'} 
 body={"results":[{"gender":"female","name":{"title":"Miss","first":"Magdalena","last":"Garrido"},"location":{"street":{"number":9075,"name":"Calle Covadonga"},"city":"Hospitalet de Llobregat","state":"Cantabria","country":"Spain","postcode":28223,"coordinates":{"latitude":"-35.3821","longitude":"115.4250"},"timezone":{"offset":"-3:00","description":"Brazil, Buenos Aires, Georgetown"}},"email":"magdalena.garrido@example.com","login":{"uuid":"9515e363-35c4-4144-9099-c9e9f5cf0887","username":"organicrabbit654","password":"merlin1","salt":"vVsfrsud","md5":"d7b096159c5d750c2692a7b373f9b78f","sha1":"2564e962891687fbcf3f1225e3670f982fb51edd","sha256":"b9e910326b27a009d7eff038e7c50ec63615cf6d853ef349f49ca7f0227893a2"},"dob":{"date":"1997-06-23T17:15:38.967Z","age":26},"registered":{"date":"2014-08-31T04:15:06.158Z","age":9},"phone":"938-905-544","cell":"698-906-772","id":{"name":"DNI","value":"94512581-Z"},"picture":{"large":"https://randomuser.me/api/portraits/women/95.jpg","medium":"https://randomuser.me/api/portraits/med/women/95.jpg","thumbnail":"https://randomuser.me/api/portraits/thumb/women/95.jpg"},"nat":"ES"}],"info":{"seed":"a3359f17611aba77","results":1,"page":1,"version":"1.4"}} 
 </msg>
<msg time="2024-05-09T15:15:58.329019" level="INFO">/opt/hostedtoolcache/Python/3.12.3/x64/lib/python3.12/site-packages/urllib3/connectionpool.py:1103: InsecureRequestWarning: Unverified HTTPS request is being made to host 'randomuser.me'. Adding certificate verification is strongly advised. See: https://urllib3.readthedocs.io/en/latest/advanced-usage.html#tls-warnings
  warnings.warn(</msg>
<msg time="2024-05-09T15:15:58.329146" level="INFO">${response} = &lt;Response [200]&gt;</msg>
<var>${response}</var>
<arg>consultarAPI</arg>
<arg>/api</arg>
<doc>Sends a GET request on a previously created HTTP Session.</doc>
<status status="PASS" start="2024-05-09T15:15:58.238309" elapsed="0.090889"/>
</kw>
<kw name="Set Variable" owner="BuiltIn">
<msg time="2024-05-09T15:15:58.330114" level="INFO">${json_data} = {'results': [{'gender': 'female', 'name': {'title': 'Miss', 'first': 'Magdalena', 'last': 'Garrido'}, 'location': {'street': {'number': 9075, 'name': 'Calle Covadonga'}, 'city': 'Hospitalet de Llobreg...</msg>
<var>${json_data}</var>
<arg>${response.json()}</arg>
<doc>Returns the given values which can then be assigned to a variables.</doc>
<status status="PASS" start="2024-05-09T15:15:58.329639" elapsed="0.000504"/>
</kw>
<kw name="Set Variable" owner="BuiltIn">
<msg time="2024-05-09T15:15:58.330828" level="INFO">${name_title} = Miss</msg>
<var>${name_title}</var>
<arg>${json_data["results"][0]["name"]["title"]}</arg>
<doc>Returns the given values which can then be assigned to a variables.</doc>
<status status="PASS" start="2024-05-09T15:15:58.330445" elapsed="0.000408"/>
</kw>
<kw name="Create List" owner="BuiltIn">
<msg time="2024-05-09T15:15:58.331296" level="INFO">${allowed_titles} = ['Mr', 'Ms', 'Miss', 'Mrs', 'Madame', 'Monsieur']</msg>
<var>${allowed_titles}</var>
<arg>Mr</arg>
<arg>Ms</arg>
<arg>Miss</arg>
<arg>Mrs</arg>
<arg>Madame</arg>
<arg>Monsieur</arg>
<doc>Returns a list containing given items.</doc>
<status status="PASS" start="2024-05-09T15:15:58.331150" elapsed="0.000170"/>
</kw>
<kw name="List Should Contain Value" owner="Collections">
<msg time="2024-05-09T15:15:58.331839" level="INFO">False</msg>
<arg>${allowed_titles}</arg>
<arg>${name_title}</arg>
<doc>Fails if the ``value`` is not found from ``list``.</doc>
<status status="PASS" start="2024-05-09T15:15:58.331638" elapsed="0.000239"/>
</kw>
<kw name="Set Variable" owner="BuiltIn">
<msg time="2024-05-09T15:15:58.332548" level="INFO">${name_country} = ES</msg>
<var>${name_country}</var>
<arg>${json_data["results"][0]["nat"]}</arg>
<doc>Returns the given values which can then be assigned to a variables.</doc>
<status status="PASS" start="2024-05-09T15:15:58.332173" elapsed="0.000400"/>
</kw>
<kw name="Create List" owner="BuiltIn">
<msg time="2024-05-09T15:15:58.333458" level="INFO">${list_country} = ['AD', 'AE', 'AF', 'AG', 'AI', 'AL', 'AM', 'AO', 'AQ', 'AR', 'AS', 'AT', 'AU', 'AW', 'AX', 'AZ', 'BA', 'BB', 'BD', 'BE', 'BF', 'BG', 'BH', 'BI', 'BJ', 'BL', 'BM', 'BN', 'BO', 'BQ', 'BR', 'BS', 'BT', '...</msg>
<var>${list_country}</var>
<arg>AD</arg>
<arg>AE</arg>
<arg>AF</arg>
<arg>AG</arg>
<arg>AI</arg>
<arg>AL</arg>
<arg>AM</arg>
<arg>AO</arg>
<arg>AQ</arg>
<arg>AR</arg>
<arg>AS</arg>
<arg>AT</arg>
<arg>AU</arg>
<arg>AW</arg>
<arg>AX</arg>
<arg>AZ</arg>
<arg>BA</arg>
<arg>BB</arg>
<arg>BD</arg>
<arg>BE</arg>
<arg>BF</arg>
<arg>BG</arg>
<arg>BH</arg>
<arg>BI</arg>
<arg>BJ</arg>
<arg>BL</arg>
<arg>BM</arg>
<arg>BN</arg>
<arg>BO</arg>
<arg>BQ</arg>
<arg>BR</arg>
<arg>BS</arg>
<arg>BT</arg>
<arg>BV</arg>
<arg>BW</arg>
<arg>BY</arg>
<arg>BZ</arg>
<arg>CA</arg>
<arg>CC</arg>
<arg>CD</arg>
<arg>CF</arg>
<arg>CG</arg>
<arg>CH</arg>
<arg>CI</arg>
<arg>CK</arg>
<arg>CL</arg>
<arg>CM</arg>
<arg>CN</arg>
<arg>CO</arg>
<arg>CR</arg>
<arg>CU</arg>
<arg>CV</arg>
<arg>CW</arg>
<arg>CX</arg>
<arg>CY</arg>
<arg>CZ</arg>
<arg>DE</arg>
<arg>DJ</arg>
<arg>DK</arg>
<arg>DM</arg>
<arg>DO</arg>
<arg>DZ</arg>
<arg>EC</arg>
<arg>EE</arg>
<arg>EG</arg>
<arg>EH</arg>
<arg>ER</arg>
<arg>ES</arg>
<arg>ET</arg>
<arg>FI</arg>
<arg>FJ</arg>
<arg>FK</arg>
<arg>FM</arg>
<arg>FO</arg>
<arg>FR</arg>
<arg>GA</arg>
<arg>GB</arg>
<arg>GD</arg>
<arg>GE</arg>
<arg>GF</arg>
<arg>GG</arg>
<arg>GH</arg>
<arg>GI</arg>
<arg>GL</arg>
<arg>GM</arg>
<arg>GN</arg>
<arg>GP</arg>
<arg>GQ</arg>
<arg>GR</arg>
<arg>GS</arg>
<arg>GT</arg>
<arg>GU</arg>
<arg>GW</arg>
<arg>GY</arg>
<arg>HK</arg>
<arg>HM</arg>
<arg>HN</arg>
<arg>HR</arg>
<arg>HT</arg>
<arg>HU</arg>
<arg>ID</arg>
<arg>IE</arg>
<arg>IL</arg>
<arg>IM</arg>
<arg>IN</arg>
<arg>IO</arg>
<arg>IQ</arg>
<arg>IR</arg>
<arg>IS</arg>
<arg>IT</arg>
<arg>JE</arg>
<arg>JM</arg>
<arg>JO</arg>
<arg>JP</arg>
<arg>KE</arg>
<arg>KG</arg>
<arg>KH</arg>
<arg>KI</arg>
<arg>KM</arg>
<arg>KN</arg>
<arg>KP</arg>
<arg>KR</arg>
<arg>KW</arg>
<arg>KY</arg>
<arg>KZ</arg>
<arg>LA</arg>
<arg>LB</arg>
<arg>LC</arg>
<arg>LI</arg>
<arg>LK</arg>
<arg>LR</arg>
<arg>LS</arg>
<arg>LT</arg>
<arg>LU</arg>
<arg>LV</arg>
<arg>LY</arg>
<arg>MA</arg>
<arg>MC</arg>
<arg>MD</arg>
<arg>ME</arg>
<arg>MF</arg>
<arg>MG</arg>
<arg>MH</arg>
<arg>MK</arg>
<arg>ML</arg>
<arg>MM</arg>
<arg>MN</arg>
<arg>MO</arg>
<arg>MP</arg>
<arg>MQ</arg>
<arg>MR</arg>
<arg>MS</arg>
<arg>MT</arg>
<arg>MU</arg>
<arg>MV</arg>
<arg>MW</arg>
<arg>MX</arg>
<arg>MY</arg>
<arg>MZ</arg>
<arg>NA</arg>
<arg>NC</arg>
<arg>NE</arg>
<arg>NF</arg>
<arg>NG</arg>
<arg>NI</arg>
<arg>NL</arg>
<arg>NO</arg>
<arg>NP</arg>
<arg>NR</arg>
<arg>NU</arg>
<arg>NZ</arg>
<arg>OM</arg>
<arg>PA</arg>
<arg>PE</arg>
<arg>PF</arg>
<arg>PG</arg>
<arg>PH</arg>
<arg>PK</arg>
<arg>PL</arg>
<arg>PM</arg>
<arg>PN</arg>
<arg>PR</arg>
<arg>PS</arg>
<arg>PT</arg>
<arg>PW</arg>
<arg>PY</arg>
<arg>QA</arg>
<arg>RE</arg>
<arg>RO</arg>
<arg>RS</arg>
<arg>RU</arg>
<arg>RW</arg>
<arg>SA</arg>
<arg>SB</arg>
<arg>SC</arg>
<arg>SD</arg>
<arg>SE</arg>
<arg>SG</arg>
<arg>SH</arg>
<arg>SI</arg>
<arg>SJ</arg>
<arg>SK</arg>
<arg>SL</arg>
<arg>SM</arg>
<arg>SN</arg>
<arg>SO</arg>
<arg>SR</arg>
<arg>SS</arg>
<arg>ST</arg>
<arg>SV</arg>
<arg>SX</arg>
<arg>SY</arg>
<arg>SZ</arg>
<arg>TC</arg>
<arg>TD</arg>
<arg>TF</arg>
<arg>TG</arg>
<arg>TH</arg>
<arg>TJ</arg>
<arg>TK</arg>
<arg>TL</arg>
<arg>TM</arg>
<arg>TN</arg>
<arg>TO</arg>
<arg>TR</arg>
<arg>TT</arg>
<arg>TV</arg>
<arg>TW</arg>
<arg>TZ</arg>
<arg>UA</arg>
<arg>UG</arg>
<arg>UM</arg>
<arg>US</arg>
<arg>UY</arg>
<arg>UZ</arg>
<arg>VA</arg>
<arg>VC</arg>
<arg>VE</arg>
<arg>VG</arg>
<arg>VI</arg>
<arg>VN</arg>
<arg>VU</arg>
<arg>WF</arg>
<arg>WS</arg>
<arg>XK</arg>
<arg>YE</arg>
<arg>YT</arg>
<arg>ZA</arg>
<arg>ZM</arg>
<arg>ZW</arg>
<doc>Returns a list containing given items.</doc>
<status status="PASS" start="2024-05-09T15:15:58.332874" elapsed="0.000610"/>
</kw>
<kw name="List Should Contain Value" owner="Collections">
<msg time="2024-05-09T15:15:58.334473" level="INFO">False</msg>
<arg>${list_country}</arg>
<arg>${name_country}</arg>
<doc>Fails if the ``value`` is not found from ``list``.</doc>
<status status="PASS" start="2024-05-09T15:15:58.334276" elapsed="0.000233"/>
</kw>
<kw name="Run Keyword If" owner="BuiltIn">
<kw name="Should Be True" owner="BuiltIn">
<arg>${True}</arg>
<doc>Fails if the given condition is not true.</doc>
<status status="PASS" start="2024-05-09T15:15:58.335578" elapsed="0.000276"/>
</kw>
<arg>${json_data["results"][0]["location"]["coordinates"]["latitude"]} &gt;= -90 and ${json_data["results"][0]["location"]["coordinates"]["latitude"]} &lt;= 90</arg>
<arg>Should Be True</arg>
<arg>${True}</arg>
<doc>Runs the given keyword with the given arguments, if ``condition`` is true.</doc>
<status status="PASS" start="2024-05-09T15:15:58.334819" elapsed="0.001168"/>
</kw>
<kw name="Run Keyword If" owner="BuiltIn">
<kw name="Should Be True" owner="BuiltIn">
<arg>${True}</arg>
<doc>Fails if the given condition is not true.</doc>
<status status="PASS" start="2024-05-09T15:15:58.336872" elapsed="0.000136"/>
</kw>
<arg>${json_data["results"][0]["location"]["coordinates"]["longitude"]} &gt;= -180 and ${json_data["results"][0]["location"]["coordinates"]["longitude"]} &lt;= 180</arg>
<arg>Should Be True</arg>
<arg>${True}</arg>
<doc>Runs the given keyword with the given arguments, if ``condition`` is true.</doc>
<status status="PASS" start="2024-05-09T15:15:58.336174" elapsed="0.000956"/>
</kw>
<status status="PASS" start="2024-05-09T15:15:58.237945" elapsed="0.099317"/>
</kw>
<doc>Testa o conteúdo específico dos campos retornados pela API.</doc>
<tag>testeConteudo</tag>
<status status="PASS" start="2024-05-09T15:15:58.237312" elapsed="0.100097"/>
</test>
<status status="PASS" start="2024-05-09T15:15:57.348163" elapsed="0.991155"/>
</suite>
<status status="PASS" start="2024-05-09T15:15:57.334755" elapsed="1.009670"/>
</suite>
<statistics>
<total>
<stat pass="5" fail="0" skip="0">All Tests</stat>
</total>
<tag>
<stat pass="1" fail="0" skip="0">testeConteudo</stat>
<stat pass="1" fail="0" skip="0">testeEstruturaResposta</stat>
<stat pass="1" fail="0" skip="0">testeRequisicaoBasica</stat>
<stat pass="1" fail="0" skip="0">testeTiposDados</stat>
</tag>
<suite>
<stat pass="5" fail="0" skip="0" id="s1" name="Tests">Tests</stat>
<stat pass="5" fail="0" skip="0" id="s1-s1" name="Random-User-Test">Tests.Random-User-Test</stat>
</suite>
</statistics>
<errors>
</errors>
</robot>
