<?xml version="1.0" encoding="UTF-8"?>
<robot generator="Robot 7.0.1 (Python 3.12.4 on linux)" generated="2024-06-25T09:16:02.934685" rpa="false" schemaversion="5">
<suite id="s1" name="Tests" source="/home/runner/work/ApiRandomUser/ApiRandomUser/RamdonUser/tests">
<suite id="s1-s1" name="Random-User-Test" source="/home/runner/work/ApiRandomUser/ApiRandomUser/RamdonUser/tests/random-user-test.robot">
<test id="s1-s1-t1" name="Conectar" line="13">
<kw name="Conectar API" owner="random-user-service">
<kw name="Create Session" owner="RequestsLibrary">
<msg time="2024-06-25T09:16:03.343846" level="INFO">Creating Session using : alias=consultarAPI, url=https://randomuser.me/, headers={},                     cookies={}, auth=None, timeout=None, proxies=None, verify=False,                     debug=0 </msg>
<arg>consultarAPI</arg>
<arg>${URL}</arg>
<doc>Create Session: create a HTTP session to a server</doc>
<status status="PASS" start="2024-06-25T09:16:03.343654" elapsed="0.000356"/>
</kw>
<status status="PASS" start="2024-06-25T09:16:03.342742" elapsed="0.001608"/>
</kw>
<status status="PASS" start="2024-06-25T09:16:03.342235" elapsed="0.002303"/>
</test>
<test id="s1-s1-t2" name="Validar retorno 200 e JSON Válido" line="16">
<kw name="Teste de Requisicao Basica" owner="random-user-service">
<kw name="GET On Session" owner="RequestsLibrary">
<msg time="2024-06-25T09:16:03.525201" level="INFO">GET Request : url=https://randomuser.me/api 
 path_url=/api 
 headers={'User-Agent': 'python-requests/2.32.3', 'Accept-Encoding': 'gzip, deflate', 'Accept': '*/*', 'Connection': 'keep-alive'} 
 body=None 
 </msg>
<msg time="2024-06-25T09:16:03.525373" level="INFO">GET Response : url=https://randomuser.me/api 
 status=200, reason=OK 
 headers={'Date': 'Tue, 25 Jun 2024 09:16:03 GMT', 'Content-Type': 'application/json; charset=utf-8', 'Transfer-Encoding': 'chunked', 'Connection': 'keep-alive', 'X-Powered-By': 'Express', 'Access-Control-Allow-Origin': '*', 'Cache-Control': 'no-cache', 'ETag': 'W/"47b-hA5mlcaIVnbMxcRa4ZpUkq3WfAw"', 'Vary': 'Accept-Encoding', 'Content-Encoding': 'gzip', 'CF-Cache-Status': 'DYNAMIC', 'Report-To': '{"endpoints":[{"url":"https:\\/\\/a.nel.cloudflare.com\\/report\\/v4?s=jkX1TMG83PudmQzXJM1fo52K%2BqLz9QJmbTczQRFPOFP25IL9uc40IuFwD5ZCIeVkGUMVMExjVJio0qR4pZSXIk2l7Uw%2F8TDw5e9ClPEBVKCyuQxBqo698OscDwpu3d7%2B"}],"group":"cf-nel","max_age":604800}', 'NEL': '{"success_fraction":0,"report_to":"cf-nel","max_age":604800}', 'Server': 'cloudflare', 'CF-RAY': '8993db49cace2250-ORD', 'alt-svc': 'h3=":443"; ma=86400'} 
 body={"results":[{"gender":"male","name":{"title":"Mr","first":"Carter","last":"Jackson"},"location":{"street":{"number":8928,"name":"Tongariro Street"},"city":"Napier","state":"Manawatu-Wanganui","country":"New Zealand","postcode":82751,"coordinates":{"latitude":"55.6882","longitude":"-10.1117"},"timezone":{"offset":"-2:00","description":"Mid-Atlantic"}},"email":"carter.jackson@example.com","login":{"uuid":"346ee75c-abf5-491f-be3c-2e63f63bd751","username":"bluerabbit268","password":"toon","salt":"QR0uMg7U","md5":"13051ef14a7784e4567ff6e3e8d373f7","sha1":"bc8f66f1609009ca61fce9172634cb7fac012fdf","sha256":"38c1886b4d0cbc78ebe760c0d11c8d9083eaa657144cab601309d776fb42bec1"},"dob":{"date":"1994-05-04T02:51:55.746Z","age":30},"registered":{"date":"2010-12-16T09:18:54.599Z","age":13},"phone":"(942)-784-3005","cell":"(688)-809-3759","id":{"name":"","value":null},"picture":{"large":"https://randomuser.me/api/portraits/men/22.jpg","medium":"https://randomuser.me/api/portraits/med/men/22.jpg","thumbnail":"https://randomuser.me/api/portraits/thumb/men/22.jpg"},"nat":"NZ"}],"info":{"seed":"e01bac5d1698ca82","results":1,"page":1,"version":"1.4"}} 
 </msg>
<msg time="2024-06-25T09:16:03.525470" level="INFO">/opt/hostedtoolcache/Python/3.12.4/x64/lib/python3.12/site-packages/urllib3/connectionpool.py:1099: InsecureRequestWarning: Unverified HTTPS request is being made to host 'randomuser.me'. Adding certificate verification is strongly advised. See: https://urllib3.readthedocs.io/en/latest/advanced-usage.html#tls-warnings
  warnings.warn(</msg>
<msg time="2024-06-25T09:16:03.525595" level="INFO">${response} = &lt;Response [200]&gt;</msg>
<var>${response}</var>
<arg>consultarAPI</arg>
<arg>/api</arg>
<doc>Sends a GET request on a previously created HTTP Session.</doc>
<status status="PASS" start="2024-06-25T09:16:03.347156" elapsed="0.178478"/>
</kw>
<kw name="Should Be Equal As Numbers" owner="BuiltIn">
<msg time="2024-06-25T09:16:03.526416" level="INFO">Argument types are:
&lt;class 'int'&gt;
&lt;class 'str'&gt;</msg>
<arg>${response.status_code}</arg>
<arg>200</arg>
<doc>Fails if objects are unequal after converting them to real numbers.</doc>
<status status="PASS" start="2024-06-25T09:16:03.526015" elapsed="0.000467"/>
</kw>
<kw name="Log" owner="BuiltIn">
<msg time="2024-06-25T09:16:03.527189" level="INFO">200</msg>
<arg>${response.status_code}</arg>
<doc>Logs the given message with the given level.</doc>
<status status="PASS" start="2024-06-25T09:16:03.526843" elapsed="0.000390"/>
</kw>
<kw name="Set Variable" owner="BuiltIn">
<msg time="2024-06-25T09:16:03.527960" level="INFO">${json_data} = {'results': [{'gender': 'male', 'name': {'title': 'Mr', 'first': 'Carter', 'last': 'Jackson'}, 'location': {'street': {'number': 8928, 'name': 'Tongariro Street'}, 'city': 'Napier', 'state': 'Manawatu...</msg>
<var>${json_data}</var>
<arg>${response.json()}</arg>
<doc>Returns the given values which can then be assigned to a variables.</doc>
<status status="PASS" start="2024-06-25T09:16:03.527533" elapsed="0.000455"/>
</kw>
<kw name="Dictionary Should Contain Key" owner="Collections">
<arg>${json_data}</arg>
<arg>results</arg>
<doc>Fails if ``key`` is not found from ``dictionary``.</doc>
<status status="PASS" start="2024-06-25T09:16:03.528281" elapsed="0.000167"/>
</kw>
<status status="PASS" start="2024-06-25T09:16:03.346917" elapsed="0.181673"/>
</kw>
<doc>Testa se a API responde corretamente e retorna um objeto JSON válido.</doc>
<tag>testeRequisicaoBasica</tag>
<status status="PASS" start="2024-06-25T09:16:03.346369" elapsed="0.182375"/>
</test>
<test id="s1-s1-t3" name="Validar estrutura de resposta" line="22">
<kw name="Teste de Estrutura de Resposta" owner="random-user-service">
<kw name="GET On Session" owner="RequestsLibrary">
<msg time="2024-06-25T09:16:03.629401" level="INFO">GET Request : url=https://randomuser.me/api 
 path_url=/api 
 headers={'User-Agent': 'python-requests/2.32.3', 'Accept-Encoding': 'gzip, deflate', 'Accept': '*/*', 'Connection': 'keep-alive'} 
 body=None 
 </msg>
<msg time="2024-06-25T09:16:03.629488" level="INFO">GET Response : url=https://randomuser.me/api 
 status=200, reason=OK 
 headers={'Date': 'Tue, 25 Jun 2024 09:16:03 GMT', 'Content-Type': 'application/json; charset=utf-8', 'Transfer-Encoding': 'chunked', 'Connection': 'keep-alive', 'X-Powered-By': 'Express', 'Access-Control-Allow-Origin': '*', 'Cache-Control': 'no-cache', 'ETag': 'W/"497-rLoK+eJpSP0ZHzgKWZr1Oux0seE"', 'Vary': 'Accept-Encoding', 'Content-Encoding': 'gzip', 'CF-Cache-Status': 'DYNAMIC', 'Report-To': '{"endpoints":[{"url":"https:\\/\\/a.nel.cloudflare.com\\/report\\/v4?s=P2kMBusWyl3yp2mTKTZUQlUydAQUw2JY5LMx2Sm2uPrwHO4ED2TnxN8HaSjMILMlk3hW56h9fCCbJrkLdpiLMDQZb1%2Fk7Gcdy8Oiljb5y8GcJysCUrgKNmONVDPdlW84"}],"group":"cf-nel","max_age":604800}', 'NEL': '{"success_fraction":0,"report_to":"cf-nel","max_age":604800}', 'Server': 'cloudflare', 'CF-RAY': '8993db4a1af72250-ORD', 'alt-svc': 'h3=":443"; ma=86400'} 
 body={"results":[{"gender":"female","name":{"title":"Miss","first":"Arpitha","last":"Shayana"},"location":{"street":{"number":7850,"name":"Swargate"},"city":"Nellore","state":"Nagaland","country":"India","postcode":65537,"coordinates":{"latitude":"6.2212","longitude":"92.1565"},"timezone":{"offset":"+11:00","description":"Magadan, Solomon Islands, New Caledonia"}},"email":"arpitha.shayana@example.com","login":{"uuid":"1d4fceab-9bb4-4884-af98-b46bd7c2e822","username":"orangepeacock356","password":"massimo","salt":"SRpIGrA9","md5":"32258bfb41adb3baeb7b783801fd3f8e","sha1":"01bcb044f61f173948d945d46d3ab4d2001eb8f2","sha256":"9cee37097dd67e67df192268682ff079ab9d3ce65d616abd0233ad4832008599"},"dob":{"date":"1969-01-22T16:59:59.202Z","age":55},"registered":{"date":"2017-04-18T10:54:34.229Z","age":7},"phone":"8719511508","cell":"7132728038","id":{"name":"UIDAI","value":"839987879648"},"picture":{"large":"https://randomuser.me/api/portraits/women/81.jpg","medium":"https://randomuser.me/api/portraits/med/women/81.jpg","thumbnail":"https://randomuser.me/api/portraits/thumb/women/81.jpg"},"nat":"IN"}],"info":{"seed":"b09e68013b633c3b","results":1,"page":1,"version":"1.4"}} 
 </msg>
<msg time="2024-06-25T09:16:03.629615" level="INFO">/opt/hostedtoolcache/Python/3.12.4/x64/lib/python3.12/site-packages/urllib3/connectionpool.py:1099: InsecureRequestWarning: Unverified HTTPS request is being made to host 'randomuser.me'. Adding certificate verification is strongly advised. See: https://urllib3.readthedocs.io/en/latest/advanced-usage.html#tls-warnings
  warnings.warn(</msg>
<msg time="2024-06-25T09:16:03.629731" level="INFO">${response} = &lt;Response [200]&gt;</msg>
<var>${response}</var>
<arg>consultarAPI</arg>
<arg>/api</arg>
<doc>Sends a GET request on a previously created HTTP Session.</doc>
<status status="PASS" start="2024-06-25T09:16:03.531275" elapsed="0.098499"/>
</kw>
<kw name="Set Variable" owner="BuiltIn">
<msg time="2024-06-25T09:16:03.630576" level="INFO">${json_data} = {'results': [{'gender': 'female', 'name': {'title': 'Miss', 'first': 'Arpitha', 'last': 'Shayana'}, 'location': {'street': {'number': 7850, 'name': 'Swargate'}, 'city': 'Nellore', 'state': 'Nagaland',...</msg>
<var>${json_data}</var>
<arg>${response.json()}</arg>
<doc>Returns the given values which can then be assigned to a variables.</doc>
<status status="PASS" start="2024-06-25T09:16:03.630137" elapsed="0.000467"/>
</kw>
<kw name="Log" owner="BuiltIn">
<msg time="2024-06-25T09:16:03.631109" level="INFO">{'results': [{'gender': 'female', 'name': {'title': 'Miss', 'first': 'Arpitha', 'last': 'Shayana'}, 'location': {'street': {'number': 7850, 'name': 'Swargate'}, 'city': 'Nellore', 'state': 'Nagaland', 'country': 'India', 'postcode': 65537, 'coordinates': {'latitude': '6.2212', 'longitude': '92.1565'}, 'timezone': {'offset': '+11:00', 'description': 'Magadan, Solomon Islands, New Caledonia'}}, 'email': 'arpitha.shayana@example.com', 'login': {'uuid': '1d4fceab-9bb4-4884-af98-b46bd7c2e822', 'username': 'orangepeacock356', 'password': 'massimo', 'salt': 'SRpIGrA9', 'md5': '32258bfb41adb3baeb7b783801fd3f8e', 'sha1': '01bcb044f61f173948d945d46d3ab4d2001eb8f2', 'sha256': '9cee37097dd67e67df192268682ff079ab9d3ce65d616abd0233ad4832008599'}, 'dob': {'date': '1969-01-22T16:59:59.202Z', 'age': 55}, 'registered': {'date': '2017-04-18T10:54:34.229Z', 'age': 7}, 'phone': '8719511508', 'cell': '7132728038', 'id': {'name': 'UIDAI', 'value': '839987879648'}, 'picture': {'large': 'https://randomuser.me/api/portraits/women/81.jpg', 'medium': 'https://randomuser.me/api/portraits/med/women/81.jpg', 'thumbnail': 'https://randomuser.me/api/portraits/thumb/women/81.jpg'}, 'nat': 'IN'}], 'info': {'seed': 'b09e68013b633c3b', 'results': 1, 'page': 1, 'version': '1.4'}}</msg>
<arg>${json_data}</arg>
<doc>Logs the given message with the given level.</doc>
<status status="PASS" start="2024-06-25T09:16:03.630945" elapsed="0.000215"/>
</kw>
<kw name="Dictionary Should Contain Key" owner="Collections">
<arg>${json_data}</arg>
<arg>results</arg>
<doc>Fails if ``key`` is not found from ``dictionary``.</doc>
<status status="PASS" start="2024-06-25T09:16:03.631452" elapsed="0.000156"/>
</kw>
<kw name="Should Not Be Empty" owner="BuiltIn">
<msg time="2024-06-25T09:16:03.631914" level="INFO">Length is 2.</msg>
<arg>${json_data}</arg>
<doc>Verifies that the given item is not empty.</doc>
<status status="PASS" start="2024-06-25T09:16:03.631790" elapsed="0.000164"/>
</kw>
<kw name="Create List" owner="BuiltIn">
<msg time="2024-06-25T09:16:03.632522" level="INFO">${expected_keys} = ['gender', 'name', 'location', 'email', 'login']</msg>
<var>${expected_keys}</var>
<arg>gender</arg>
<arg>name</arg>
<arg>location</arg>
<arg>email</arg>
<arg>login</arg>
<doc>Returns a list containing given items.</doc>
<status status="PASS" start="2024-06-25T09:16:03.632246" elapsed="0.000301"/>
</kw>
<for flavor="IN">
<iter>
<kw name="Dictionary Should Contain Key" owner="Collections">
<arg>${json_data['results'][0]}</arg>
<arg>${key}</arg>
<doc>Fails if ``key`` is not found from ``dictionary``.</doc>
<status status="PASS" start="2024-06-25T09:16:03.633120" elapsed="0.000402"/>
</kw>
<kw name="Log" owner="BuiltIn">
<msg time="2024-06-25T09:16:03.634069" level="INFO">{'gender': 'female', 'name': {'title': 'Miss', 'first': 'Arpitha', 'last': 'Shayana'}, 'location': {'street': {'number': 7850, 'name': 'Swargate'}, 'city': 'Nellore', 'state': 'Nagaland', 'country': 'India', 'postcode': 65537, 'coordinates': {'latitude': '6.2212', 'longitude': '92.1565'}, 'timezone': {'offset': '+11:00', 'description': 'Magadan, Solomon Islands, New Caledonia'}}, 'email': 'arpitha.shayana@example.com', 'login': {'uuid': '1d4fceab-9bb4-4884-af98-b46bd7c2e822', 'username': 'orangepeacock356', 'password': 'massimo', 'salt': 'SRpIGrA9', 'md5': '32258bfb41adb3baeb7b783801fd3f8e', 'sha1': '01bcb044f61f173948d945d46d3ab4d2001eb8f2', 'sha256': '9cee37097dd67e67df192268682ff079ab9d3ce65d616abd0233ad4832008599'}, 'dob': {'date': '1969-01-22T16:59:59.202Z', 'age': 55}, 'registered': {'date': '2017-04-18T10:54:34.229Z', 'age': 7}, 'phone': '8719511508', 'cell': '7132728038', 'id': {'name': 'UIDAI', 'value': '839987879648'}, 'picture': {'large': 'https://randomuser.me/api/portraits/women/81.jpg', 'medium': 'https://randomuser.me/api/portraits/med/women/81.jpg', 'thumbnail': 'https://randomuser.me/api/portraits/thumb/women/81.jpg'}, 'nat': 'IN'}</msg>
<arg>${json_data['results'][0]}</arg>
<doc>Logs the given message with the given level.</doc>
<status status="PASS" start="2024-06-25T09:16:03.633713" elapsed="0.000406"/>
</kw>
<kw name="Log" owner="BuiltIn">
<msg time="2024-06-25T09:16:03.634556" level="INFO">gender</msg>
<arg>${key}</arg>
<doc>Logs the given message with the given level.</doc>
<status status="PASS" start="2024-06-25T09:16:03.634426" elapsed="0.000170"/>
</kw>
<var name="${key}">gender</var>
<status status="PASS" start="2024-06-25T09:16:03.632997" elapsed="0.001844"/>
</iter>
<iter>
<kw name="Dictionary Should Contain Key" owner="Collections">
<arg>${json_data['results'][0]}</arg>
<arg>${key}</arg>
<doc>Fails if ``key`` is not found from ``dictionary``.</doc>
<status status="PASS" start="2024-06-25T09:16:03.635138" elapsed="0.000391"/>
</kw>
<kw name="Log" owner="BuiltIn">
<msg time="2024-06-25T09:16:03.636076" level="INFO">{'gender': 'female', 'name': {'title': 'Miss', 'first': 'Arpitha', 'last': 'Shayana'}, 'location': {'street': {'number': 7850, 'name': 'Swargate'}, 'city': 'Nellore', 'state': 'Nagaland', 'country': 'India', 'postcode': 65537, 'coordinates': {'latitude': '6.2212', 'longitude': '92.1565'}, 'timezone': {'offset': '+11:00', 'description': 'Magadan, Solomon Islands, New Caledonia'}}, 'email': 'arpitha.shayana@example.com', 'login': {'uuid': '1d4fceab-9bb4-4884-af98-b46bd7c2e822', 'username': 'orangepeacock356', 'password': 'massimo', 'salt': 'SRpIGrA9', 'md5': '32258bfb41adb3baeb7b783801fd3f8e', 'sha1': '01bcb044f61f173948d945d46d3ab4d2001eb8f2', 'sha256': '9cee37097dd67e67df192268682ff079ab9d3ce65d616abd0233ad4832008599'}, 'dob': {'date': '1969-01-22T16:59:59.202Z', 'age': 55}, 'registered': {'date': '2017-04-18T10:54:34.229Z', 'age': 7}, 'phone': '8719511508', 'cell': '7132728038', 'id': {'name': 'UIDAI', 'value': '839987879648'}, 'picture': {'large': 'https://randomuser.me/api/portraits/women/81.jpg', 'medium': 'https://randomuser.me/api/portraits/med/women/81.jpg', 'thumbnail': 'https://randomuser.me/api/portraits/thumb/women/81.jpg'}, 'nat': 'IN'}</msg>
<arg>${json_data['results'][0]}</arg>
<doc>Logs the given message with the given level.</doc>
<status status="PASS" start="2024-06-25T09:16:03.635717" elapsed="0.000451"/>
</kw>
<kw name="Log" owner="BuiltIn">
<msg time="2024-06-25T09:16:03.636619" level="INFO">name</msg>
<arg>${key}</arg>
<doc>Logs the given message with the given level.</doc>
<status status="PASS" start="2024-06-25T09:16:03.636487" elapsed="0.000172"/>
</kw>
<var name="${key}">name</var>
<status status="PASS" start="2024-06-25T09:16:03.635027" elapsed="0.001850"/>
</iter>
<iter>
<kw name="Dictionary Should Contain Key" owner="Collections">
<arg>${json_data['results'][0]}</arg>
<arg>${key}</arg>
<doc>Fails if ``key`` is not found from ``dictionary``.</doc>
<status status="PASS" start="2024-06-25T09:16:03.637164" elapsed="0.000386"/>
</kw>
<kw name="Log" owner="BuiltIn">
<msg time="2024-06-25T09:16:03.638084" level="INFO">{'gender': 'female', 'name': {'title': 'Miss', 'first': 'Arpitha', 'last': 'Shayana'}, 'location': {'street': {'number': 7850, 'name': 'Swargate'}, 'city': 'Nellore', 'state': 'Nagaland', 'country': 'India', 'postcode': 65537, 'coordinates': {'latitude': '6.2212', 'longitude': '92.1565'}, 'timezone': {'offset': '+11:00', 'description': 'Magadan, Solomon Islands, New Caledonia'}}, 'email': 'arpitha.shayana@example.com', 'login': {'uuid': '1d4fceab-9bb4-4884-af98-b46bd7c2e822', 'username': 'orangepeacock356', 'password': 'massimo', 'salt': 'SRpIGrA9', 'md5': '32258bfb41adb3baeb7b783801fd3f8e', 'sha1': '01bcb044f61f173948d945d46d3ab4d2001eb8f2', 'sha256': '9cee37097dd67e67df192268682ff079ab9d3ce65d616abd0233ad4832008599'}, 'dob': {'date': '1969-01-22T16:59:59.202Z', 'age': 55}, 'registered': {'date': '2017-04-18T10:54:34.229Z', 'age': 7}, 'phone': '8719511508', 'cell': '7132728038', 'id': {'name': 'UIDAI', 'value': '839987879648'}, 'picture': {'large': 'https://randomuser.me/api/portraits/women/81.jpg', 'medium': 'https://randomuser.me/api/portraits/med/women/81.jpg', 'thumbnail': 'https://randomuser.me/api/portraits/thumb/women/81.jpg'}, 'nat': 'IN'}</msg>
<arg>${json_data['results'][0]}</arg>
<doc>Logs the given message with the given level.</doc>
<status status="PASS" start="2024-06-25T09:16:03.637730" elapsed="0.000403"/>
</kw>
<kw name="Log" owner="BuiltIn">
<msg time="2024-06-25T09:16:03.638566" level="INFO">location</msg>
<arg>${key}</arg>
<doc>Logs the given message with the given level.</doc>
<status status="PASS" start="2024-06-25T09:16:03.638421" elapsed="0.000187"/>
</kw>
<var name="${key}">location</var>
<status status="PASS" start="2024-06-25T09:16:03.637057" elapsed="0.001806"/>
</iter>
<iter>
<kw name="Dictionary Should Contain Key" owner="Collections">
<arg>${json_data['results'][0]}</arg>
<arg>${key}</arg>
<doc>Fails if ``key`` is not found from ``dictionary``.</doc>
<status status="PASS" start="2024-06-25T09:16:03.639148" elapsed="0.000382"/>
</kw>
<kw name="Log" owner="BuiltIn">
<msg time="2024-06-25T09:16:03.640103" level="INFO">{'gender': 'female', 'name': {'title': 'Miss', 'first': 'Arpitha', 'last': 'Shayana'}, 'location': {'street': {'number': 7850, 'name': 'Swargate'}, 'city': 'Nellore', 'state': 'Nagaland', 'country': 'India', 'postcode': 65537, 'coordinates': {'latitude': '6.2212', 'longitude': '92.1565'}, 'timezone': {'offset': '+11:00', 'description': 'Magadan, Solomon Islands, New Caledonia'}}, 'email': 'arpitha.shayana@example.com', 'login': {'uuid': '1d4fceab-9bb4-4884-af98-b46bd7c2e822', 'username': 'orangepeacock356', 'password': 'massimo', 'salt': 'SRpIGrA9', 'md5': '32258bfb41adb3baeb7b783801fd3f8e', 'sha1': '01bcb044f61f173948d945d46d3ab4d2001eb8f2', 'sha256': '9cee37097dd67e67df192268682ff079ab9d3ce65d616abd0233ad4832008599'}, 'dob': {'date': '1969-01-22T16:59:59.202Z', 'age': 55}, 'registered': {'date': '2017-04-18T10:54:34.229Z', 'age': 7}, 'phone': '8719511508', 'cell': '7132728038', 'id': {'name': 'UIDAI', 'value': '839987879648'}, 'picture': {'large': 'https://randomuser.me/api/portraits/women/81.jpg', 'medium': 'https://randomuser.me/api/portraits/med/women/81.jpg', 'thumbnail': 'https://randomuser.me/api/portraits/thumb/women/81.jpg'}, 'nat': 'IN'}</msg>
<arg>${json_data['results'][0]}</arg>
<doc>Logs the given message with the given level.</doc>
<status status="PASS" start="2024-06-25T09:16:03.639749" elapsed="0.000408"/>
</kw>
<kw name="Log" owner="BuiltIn">
<msg time="2024-06-25T09:16:03.640577" level="INFO">email</msg>
<arg>${key}</arg>
<doc>Logs the given message with the given level.</doc>
<status status="PASS" start="2024-06-25T09:16:03.640449" elapsed="0.000167"/>
</kw>
<var name="${key}">email</var>
<status status="PASS" start="2024-06-25T09:16:03.639040" elapsed="0.001789"/>
</iter>
<iter>
<kw name="Dictionary Should Contain Key" owner="Collections">
<arg>${json_data['results'][0]}</arg>
<arg>${key}</arg>
<doc>Fails if ``key`` is not found from ``dictionary``.</doc>
<status status="PASS" start="2024-06-25T09:16:03.641105" elapsed="0.000394"/>
</kw>
<kw name="Log" owner="BuiltIn">
<msg time="2024-06-25T09:16:03.642024" level="INFO">{'gender': 'female', 'name': {'title': 'Miss', 'first': 'Arpitha', 'last': 'Shayana'}, 'location': {'street': {'number': 7850, 'name': 'Swargate'}, 'city': 'Nellore', 'state': 'Nagaland', 'country': 'India', 'postcode': 65537, 'coordinates': {'latitude': '6.2212', 'longitude': '92.1565'}, 'timezone': {'offset': '+11:00', 'description': 'Magadan, Solomon Islands, New Caledonia'}}, 'email': 'arpitha.shayana@example.com', 'login': {'uuid': '1d4fceab-9bb4-4884-af98-b46bd7c2e822', 'username': 'orangepeacock356', 'password': 'massimo', 'salt': 'SRpIGrA9', 'md5': '32258bfb41adb3baeb7b783801fd3f8e', 'sha1': '01bcb044f61f173948d945d46d3ab4d2001eb8f2', 'sha256': '9cee37097dd67e67df192268682ff079ab9d3ce65d616abd0233ad4832008599'}, 'dob': {'date': '1969-01-22T16:59:59.202Z', 'age': 55}, 'registered': {'date': '2017-04-18T10:54:34.229Z', 'age': 7}, 'phone': '8719511508', 'cell': '7132728038', 'id': {'name': 'UIDAI', 'value': '839987879648'}, 'picture': {'large': 'https://randomuser.me/api/portraits/women/81.jpg', 'medium': 'https://randomuser.me/api/portraits/med/women/81.jpg', 'thumbnail': 'https://randomuser.me/api/portraits/thumb/women/81.jpg'}, 'nat': 'IN'}</msg>
<arg>${json_data['results'][0]}</arg>
<doc>Logs the given message with the given level.</doc>
<status status="PASS" start="2024-06-25T09:16:03.641680" elapsed="0.000393"/>
</kw>
<kw name="Log" owner="BuiltIn">
<msg time="2024-06-25T09:16:03.642496" level="INFO">login</msg>
<arg>${key}</arg>
<doc>Logs the given message with the given level.</doc>
<status status="PASS" start="2024-06-25T09:16:03.642368" elapsed="0.000167"/>
</kw>
<var name="${key}">login</var>
<status status="PASS" start="2024-06-25T09:16:03.640998" elapsed="0.001774"/>
</iter>
<var>${key}</var>
<value>@{expected_keys}</value>
<status status="PASS" start="2024-06-25T09:16:03.632807" elapsed="0.010095"/>
</for>
<kw name="Create List" owner="BuiltIn">
<msg time="2024-06-25T09:16:03.643226" level="INFO">${expected_keysTwo} = ['username', 'password']</msg>
<var>${expected_keysTwo}</var>
<arg>username</arg>
<arg>password</arg>
<doc>Returns a list containing given items.</doc>
<status status="PASS" start="2024-06-25T09:16:03.643091" elapsed="0.000186"/>
</kw>
<for flavor="IN">
<iter>
<kw name="Dictionary Should Contain Key" owner="Collections">
<arg>${json_data['results'][0]['login']}</arg>
<arg>${keyTwo}</arg>
<doc>Fails if ``key`` is not found from ``dictionary``.</doc>
<status status="PASS" start="2024-06-25T09:16:03.643775" elapsed="0.000385"/>
</kw>
<kw name="Dictionary Should Contain Key" owner="Collections">
<arg>${json_data['results'][0]['login']}</arg>
<arg>${keyTwo}</arg>
<doc>Fails if ``key`` is not found from ``dictionary``.</doc>
<status status="PASS" start="2024-06-25T09:16:03.644352" elapsed="0.000369"/>
</kw>
<kw name="Log" owner="BuiltIn">
<msg time="2024-06-25T09:16:03.645015" level="INFO">username</msg>
<arg>${keyTwo}</arg>
<doc>Logs the given message with the given level.</doc>
<status status="PASS" start="2024-06-25T09:16:03.644896" elapsed="0.000157"/>
</kw>
<var name="${keyTwo}">username</var>
<status status="PASS" start="2024-06-25T09:16:03.643669" elapsed="0.001605"/>
</iter>
<iter>
<kw name="Dictionary Should Contain Key" owner="Collections">
<arg>${json_data['results'][0]['login']}</arg>
<arg>${keyTwo}</arg>
<doc>Fails if ``key`` is not found from ``dictionary``.</doc>
<status status="PASS" start="2024-06-25T09:16:03.645548" elapsed="0.000390"/>
</kw>
<kw name="Dictionary Should Contain Key" owner="Collections">
<arg>${json_data['results'][0]['login']}</arg>
<arg>${keyTwo}</arg>
<doc>Fails if ``key`` is not found from ``dictionary``.</doc>
<status status="PASS" start="2024-06-25T09:16:03.646115" elapsed="0.000381"/>
</kw>
<kw name="Log" owner="BuiltIn">
<msg time="2024-06-25T09:16:03.646817" level="INFO">password</msg>
<arg>${keyTwo}</arg>
<doc>Logs the given message with the given level.</doc>
<status status="PASS" start="2024-06-25T09:16:03.646694" elapsed="0.000170"/>
</kw>
<var name="${keyTwo}">password</var>
<status status="PASS" start="2024-06-25T09:16:03.645444" elapsed="0.001730"/>
</iter>
<var>${keyTwo}</var>
<value>@{expected_keysTwo}</value>
<status status="PASS" start="2024-06-25T09:16:03.643519" elapsed="0.003777"/>
</for>
<status status="PASS" start="2024-06-25T09:16:03.531050" elapsed="0.116382"/>
</kw>
<doc>Testa a estrutura da resposta da API.</doc>
<tag>testeEstruturaResposta</tag>
<status status="PASS" start="2024-06-25T09:16:03.530507" elapsed="0.117069"/>
</test>
<test id="s1-s1-t4" name="Validar tipos de dados" line="28">
<kw name="Teste de Tipos de Dados" owner="random-user-service">
<kw name="GET On Session" owner="RequestsLibrary">
<msg time="2024-06-25T09:16:03.742055" level="INFO">GET Request : url=https://randomuser.me/api 
 path_url=/api 
 headers={'User-Agent': 'python-requests/2.32.3', 'Accept-Encoding': 'gzip, deflate', 'Accept': '*/*', 'Connection': 'keep-alive'} 
 body=None 
 </msg>
<msg time="2024-06-25T09:16:03.742135" level="INFO">GET Response : url=https://randomuser.me/api 
 status=200, reason=OK 
 headers={'Date': 'Tue, 25 Jun 2024 09:16:03 GMT', 'Content-Type': 'application/json; charset=utf-8', 'Transfer-Encoding': 'chunked', 'Connection': 'keep-alive', 'X-Powered-By': 'Express', 'Access-Control-Allow-Origin': '*', 'Cache-Control': 'no-cache', 'ETag': 'W/"491-AGRXwEuiy9H210Lhi8Z2mA0J6WU"', 'Vary': 'Accept-Encoding', 'Content-Encoding': 'gzip', 'CF-Cache-Status': 'DYNAMIC', 'Report-To': '{"endpoints":[{"url":"https:\\/\\/a.nel.cloudflare.com\\/report\\/v4?s=NfJziGk2OL2wXU4w2ci9jWlrOXzLVT06FTcxkYbImc%2Ffo0sVSGNXXHN8r1N6znqrF1rN3qJCf%2FT0c82%2FQLGKu9ZnByGqRauHFWRuBBqki8iBbSydSrRGgr21BgUpqyij"}],"group":"cf-nel","max_age":604800}', 'NEL': '{"success_fraction":0,"report_to":"cf-nel","max_age":604800}', 'Server': 'cloudflare', 'CF-RAY': '8993db4adb9a2250-ORD', 'alt-svc': 'h3=":443"; ma=86400'} 
 body={"results":[{"gender":"male","name":{"title":"Mr","first":"Joshua","last":"Ross"},"location":{"street":{"number":943,"name":"Rolling Green Rd"},"city":"Port Macquarie","state":"New South Wales","country":"Australia","postcode":279,"coordinates":{"latitude":"-82.9872","longitude":"-159.9777"},"timezone":{"offset":"-8:00","description":"Pacific Time (US &amp; Canada)"}},"email":"joshua.ross@example.com","login":{"uuid":"8c21ba21-392d-468d-91db-b9c39ed89eda","username":"ticklishpanda763","password":"bailey1","salt":"oJlZxI2f","md5":"12263f15cde3e3099b06555d6d7ee7f5","sha1":"9946dedfb6eefa03a8a0c6594a5de6d4714726fb","sha256":"3193c023cc602042517abc5f3be51c92950d8a76fcb0196e667201643531caaa"},"dob":{"date":"1978-03-15T15:15:56.282Z","age":46},"registered":{"date":"2017-05-27T08:23:50.380Z","age":7},"phone":"05-9855-8867","cell":"0458-081-972","id":{"name":"TFN","value":"171719075"},"picture":{"large":"https://randomuser.me/api/portraits/men/22.jpg","medium":"https://randomuser.me/api/portraits/med/men/22.jpg","thumbnail":"https://randomuser.me/api/portraits/thumb/men/22.jpg"},"nat":"AU"}],"info":{"seed":"a6e0b443aa2cb6d7","results":1,"page":1,"version":"1.4"}} 
 </msg>
<msg time="2024-06-25T09:16:03.742211" level="INFO">/opt/hostedtoolcache/Python/3.12.4/x64/lib/python3.12/site-packages/urllib3/connectionpool.py:1099: InsecureRequestWarning: Unverified HTTPS request is being made to host 'randomuser.me'. Adding certificate verification is strongly advised. See: https://urllib3.readthedocs.io/en/latest/advanced-usage.html#tls-warnings
  warnings.warn(</msg>
<msg time="2024-06-25T09:16:03.742347" level="INFO">${response} = &lt;Response [200]&gt;</msg>
<var>${response}</var>
<arg>consultarAPI</arg>
<arg>/api</arg>
<doc>Sends a GET request on a previously created HTTP Session.</doc>
<status status="PASS" start="2024-06-25T09:16:03.649950" elapsed="0.092457"/>
</kw>
<kw name="Set Variable" owner="BuiltIn">
<msg time="2024-06-25T09:16:03.743313" level="INFO">${json_data} = {'results': [{'gender': 'male', 'name': {'title': 'Mr', 'first': 'Joshua', 'last': 'Ross'}, 'location': {'street': {'number': 943, 'name': 'Rolling Green Rd'}, 'city': 'Port Macquarie', 'state': 'New ...</msg>
<var>${json_data}</var>
<arg>${response.json()}</arg>
<doc>Returns the given values which can then be assigned to a variables.</doc>
<status status="PASS" start="2024-06-25T09:16:03.742880" elapsed="0.000461"/>
</kw>
<kw name="Log" owner="BuiltIn">
<msg time="2024-06-25T09:16:03.743790" level="INFO">{'results': [{'gender': 'male', 'name': {'title': 'Mr', 'first': 'Joshua', 'last': 'Ross'}, 'location': {'street': {'number': 943, 'name': 'Rolling Green Rd'}, 'city': 'Port Macquarie', 'state': 'New South Wales', 'country': 'Australia', 'postcode': 279, 'coordinates': {'latitude': '-82.9872', 'longitude': '-159.9777'}, 'timezone': {'offset': '-8:00', 'description': 'Pacific Time (US &amp; Canada)'}}, 'email': 'joshua.ross@example.com', 'login': {'uuid': '8c21ba21-392d-468d-91db-b9c39ed89eda', 'username': 'ticklishpanda763', 'password': 'bailey1', 'salt': 'oJlZxI2f', 'md5': '12263f15cde3e3099b06555d6d7ee7f5', 'sha1': '9946dedfb6eefa03a8a0c6594a5de6d4714726fb', 'sha256': '3193c023cc602042517abc5f3be51c92950d8a76fcb0196e667201643531caaa'}, 'dob': {'date': '1978-03-15T15:15:56.282Z', 'age': 46}, 'registered': {'date': '2017-05-27T08:23:50.380Z', 'age': 7}, 'phone': '05-9855-8867', 'cell': '0458-081-972', 'id': {'name': 'TFN', 'value': '171719075'}, 'picture': {'large': 'https://randomuser.me/api/portraits/men/22.jpg', 'medium': 'https://randomuser.me/api/portraits/med/men/22.jpg', 'thumbnail': 'https://randomuser.me/api/portraits/thumb/men/22.jpg'}, 'nat': 'AU'}], 'info': {'seed': 'a6e0b443aa2cb6d7', 'results': 1, 'page': 1, 'version': '1.4'}}</msg>
<arg>${json_data}</arg>
<doc>Logs the given message with the given level.</doc>
<status status="PASS" start="2024-06-25T09:16:03.743641" elapsed="0.000200"/>
</kw>
<kw name="Should Be String" owner="String">
<arg>${json_data['results'][0]['gender']}</arg>
<doc>Fails if the given ``item`` is not a string.</doc>
<status status="PASS" start="2024-06-25T09:16:03.744127" elapsed="0.000368"/>
</kw>
<kw name="Should Match Regexp" owner="BuiltIn">
<arg>${json_data['results'][0]['email']}</arg>
<arg>^[a-zA-Z0-9._%+-]+@[a-zA-Z0-9.-]+\.[a-zA-Z]{2,}$</arg>
<doc>Fails if ``string`` does not match ``pattern`` as a regular expression.</doc>
<status status="PASS" start="2024-06-25T09:16:03.744679" elapsed="0.000543"/>
</kw>
<kw name="Should Match Regexp" owner="BuiltIn">
<arg>${json_data['results'][0]['dob']['date']}</arg>
<arg>\\d{4}-\\d{2}-\\d{2}T\\d{2}:\\d{2}:\\d{2}\\.\\d{3}Z</arg>
<doc>Fails if ``string`` does not match ``pattern`` as a regular expression.</doc>
<status status="PASS" start="2024-06-25T09:16:03.745414" elapsed="0.000482"/>
</kw>
<kw name="Should Match Regexp" owner="BuiltIn">
<arg>${json_data['results'][0]['registered']['date']}</arg>
<arg>\\d{4}-\\d{2}-\\d{2}T\\d{2}:\\d{2}:\\d{2}\\.\\d{3}Z</arg>
<doc>Fails if ``string`` does not match ``pattern`` as a regular expression.</doc>
<status status="PASS" start="2024-06-25T09:16:03.746087" elapsed="0.000372"/>
</kw>
<kw name="Should Match Regexp" owner="BuiltIn">
<arg>${json_data['results'][0]['picture']['large']}</arg>
<arg>^https?://.*\.(?:png|jpe?g|gif|bmp)$</arg>
<doc>Fails if ``string`` does not match ``pattern`` as a regular expression.</doc>
<status status="PASS" start="2024-06-25T09:16:03.746665" elapsed="0.000469"/>
</kw>
<kw name="Should Match Regexp" owner="BuiltIn">
<arg>${json_data['results'][0]['picture']['medium']}</arg>
<arg>^https?://.*\.(?:png|jpe?g|gif|bmp)$</arg>
<doc>Fails if ``string`` does not match ``pattern`` as a regular expression.</doc>
<status status="PASS" start="2024-06-25T09:16:03.747323" elapsed="0.000352"/>
</kw>
<kw name="Should Match Regexp" owner="BuiltIn">
<arg>${json_data['results'][0]['picture']['thumbnail']}</arg>
<arg>^https?://.*\.(?:png|jpe?g|gif|bmp)$</arg>
<doc>Fails if ``string`` does not match ``pattern`` as a regular expression.</doc>
<status status="PASS" start="2024-06-25T09:16:03.747862" elapsed="0.000357"/>
</kw>
<kw name="Log" owner="BuiltIn">
<msg time="2024-06-25T09:16:03.748726" level="INFO">{'large': 'https://randomuser.me/api/portraits/men/22.jpg', 'medium': 'https://randomuser.me/api/portraits/med/men/22.jpg', 'thumbnail': 'https://randomuser.me/api/portraits/thumb/men/22.jpg'}</msg>
<arg>${json_data['results'][0]['picture']}</arg>
<doc>Logs the given message with the given level.</doc>
<status status="PASS" start="2024-06-25T09:16:03.748403" elapsed="0.000366"/>
</kw>
<status status="PASS" start="2024-06-25T09:16:03.649735" elapsed="0.099286"/>
</kw>
<kw name="Teste de Tipos de Dados - Postcode" owner="random-user-service">
<kw name="GET On Session" owner="RequestsLibrary">
<msg time="2024-06-25T09:16:03.826856" level="INFO">GET Request : url=https://randomuser.me/api 
 path_url=/api 
 headers={'User-Agent': 'python-requests/2.32.3', 'Accept-Encoding': 'gzip, deflate', 'Accept': '*/*', 'Connection': 'keep-alive'} 
 body=None 
 </msg>
<msg time="2024-06-25T09:16:03.826939" level="INFO">GET Response : url=https://randomuser.me/api 
 status=200, reason=OK 
 headers={'Date': 'Tue, 25 Jun 2024 09:16:03 GMT', 'Content-Type': 'application/json; charset=utf-8', 'Transfer-Encoding': 'chunked', 'Connection': 'keep-alive', 'X-Powered-By': 'Express', 'Access-Control-Allow-Origin': '*', 'Cache-Control': 'no-cache', 'ETag': 'W/"4a4-/FH7icGV3Ff/SEMKgHrwdlyuk88"', 'Vary': 'Accept-Encoding', 'Content-Encoding': 'gzip', 'CF-Cache-Status': 'DYNAMIC', 'Report-To': '{"endpoints":[{"url":"https:\\/\\/a.nel.cloudflare.com\\/report\\/v4?s=JBBaNShy3ZeHxjUR8EkD0T%2BjVjfTze%2BGNbD2%2BSrf%2FzlLfYDBQHd3a9D%2Fxm2bpLppP2J3%2BNsTIoTme55SOTAY4RLiqvwy50nJpii5lK1OoPZVch8rCJou5ZyqPHP%2BnE0H"}],"group":"cf-nel","max_age":604800}', 'NEL': '{"success_fraction":0,"report_to":"cf-nel","max_age":604800}', 'Server': 'cloudflare', 'CF-RAY': '8993db4b7c0a2250-ORD', 'alt-svc': 'h3=":443"; ma=86400'} 
 body={"results":[{"gender":"male","name":{"title":"Mr","first":"Pedro","last":"Martin"},"location":{"street":{"number":9296,"name":"Avenida de América"},"city":"Torrejón de Ardoz","state":"Castilla y León","country":"Spain","postcode":93154,"coordinates":{"latitude":"-38.3398","longitude":"-142.5425"},"timezone":{"offset":"-4:00","description":"Atlantic Time (Canada), Caracas, La Paz"}},"email":"pedro.martin@example.com","login":{"uuid":"d84e0d5e-c8b0-4c29-8590-988317651e37","username":"purplebear657","password":"frankie","salt":"VHSaUlKH","md5":"2cce72cc84da50378aa7fd995d683a33","sha1":"f084114fa5790422966c394614d3c37e2f27bdd2","sha256":"02489f433046a688a4f372d619147aae75a2450d0092fbaf134e9a80d3e443eb"},"dob":{"date":"1973-01-22T16:09:00.417Z","age":51},"registered":{"date":"2012-10-02T19:41:46.086Z","age":11},"phone":"914-430-924","cell":"659-024-600","id":{"name":"DNI","value":"34817017-B"},"picture":{"large":"https://randomuser.me/api/portraits/men/20.jpg","medium":"https://randomuser.me/api/portraits/med/men/20.jpg","thumbnail":"https://randomuser.me/api/portraits/thumb/men/20.jpg"},"nat":"ES"}],"info":{"seed":"4714b33d77821b3f","results":1,"page":1,"version":"1.4"}} 
 </msg>
<msg time="2024-06-25T09:16:03.827008" level="INFO">/opt/hostedtoolcache/Python/3.12.4/x64/lib/python3.12/site-packages/urllib3/connectionpool.py:1099: InsecureRequestWarning: Unverified HTTPS request is being made to host 'randomuser.me'. Adding certificate verification is strongly advised. See: https://urllib3.readthedocs.io/en/latest/advanced-usage.html#tls-warnings
  warnings.warn(</msg>
<msg time="2024-06-25T09:16:03.827123" level="INFO">${response} = &lt;Response [200]&gt;</msg>
<var>${response}</var>
<arg>consultarAPI</arg>
<arg>/api</arg>
<doc>Sends a GET request on a previously created HTTP Session.</doc>
<status status="PASS" start="2024-06-25T09:16:03.749439" elapsed="0.077720"/>
</kw>
<kw name="Set Variable" owner="BuiltIn">
<msg time="2024-06-25T09:16:03.828031" level="INFO">${json_data} = {'results': [{'gender': 'male', 'name': {'title': 'Mr', 'first': 'Pedro', 'last': 'Martin'}, 'location': {'street': {'number': 9296, 'name': 'Avenida de América'}, 'city': 'Torrejón de Ardoz', 'state'...</msg>
<var>${json_data}</var>
<arg>${response.json()}</arg>
<doc>Returns the given values which can then be assigned to a variables.</doc>
<status status="PASS" start="2024-06-25T09:16:03.827556" elapsed="0.000505"/>
</kw>
<kw name="Log" owner="BuiltIn">
<msg time="2024-06-25T09:16:03.828522" level="INFO">{'results': [{'gender': 'male', 'name': {'title': 'Mr', 'first': 'Pedro', 'last': 'Martin'}, 'location': {'street': {'number': 9296, 'name': 'Avenida de América'}, 'city': 'Torrejón de Ardoz', 'state': 'Castilla y León', 'country': 'Spain', 'postcode': 93154, 'coordinates': {'latitude': '-38.3398', 'longitude': '-142.5425'}, 'timezone': {'offset': '-4:00', 'description': 'Atlantic Time (Canada), Caracas, La Paz'}}, 'email': 'pedro.martin@example.com', 'login': {'uuid': 'd84e0d5e-c8b0-4c29-8590-988317651e37', 'username': 'purplebear657', 'password': 'frankie', 'salt': 'VHSaUlKH', 'md5': '2cce72cc84da50378aa7fd995d683a33', 'sha1': 'f084114fa5790422966c394614d3c37e2f27bdd2', 'sha256': '02489f433046a688a4f372d619147aae75a2450d0092fbaf134e9a80d3e443eb'}, 'dob': {'date': '1973-01-22T16:09:00.417Z', 'age': 51}, 'registered': {'date': '2012-10-02T19:41:46.086Z', 'age': 11}, 'phone': '914-430-924', 'cell': '659-024-600', 'id': {'name': 'DNI', 'value': '34817017-B'}, 'picture': {'large': 'https://randomuser.me/api/portraits/men/20.jpg', 'medium': 'https://randomuser.me/api/portraits/med/men/20.jpg', 'thumbnail': 'https://randomuser.me/api/portraits/thumb/men/20.jpg'}, 'nat': 'ES'}], 'info': {'seed': '4714b33d77821b3f', 'results': 1, 'page': 1, 'version': '1.4'}}</msg>
<arg>${json_data}</arg>
<doc>Logs the given message with the given level.</doc>
<status status="PASS" start="2024-06-25T09:16:03.828359" elapsed="0.000213"/>
</kw>
<kw name="Should Be Equal As Numbers" owner="BuiltIn">
<arg>${json_data['results'][0]['location']['postcode']}</arg>
<arg>${json_data['results'][0]['location']['postcode']}</arg>
<doc>Fails if objects are unequal after converting them to real numbers.</doc>
<status status="PASS" start="2024-06-25T09:16:03.828867" elapsed="0.000608"/>
</kw>
<kw name="Log" owner="BuiltIn">
<msg time="2024-06-25T09:16:03.830165" level="INFO">93154</msg>
<arg>${json_data['results'][0]['location']['postcode']}</arg>
<doc>Logs the given message with the given level.</doc>
<status status="PASS" start="2024-06-25T09:16:03.829662" elapsed="0.000545"/>
</kw>
<status status="PASS" start="2024-06-25T09:16:03.749227" elapsed="0.081233"/>
</kw>
<doc>Testa se os tipos de dados na resposta da API estão corretos.</doc>
<tag>testeTiposDados</tag>
<status status="PASS" start="2024-06-25T09:16:03.649326" elapsed="0.181292"/>
</test>
<test id="s1-s1-t5" name="Validar conteudo" line="35">
<kw name="Teste de Tipos de Conteudo" owner="random-user-service">
<kw name="GET On Session" owner="RequestsLibrary">
<msg time="2024-06-25T09:16:03.930182" level="INFO">GET Request : url=https://randomuser.me/api 
 path_url=/api 
 headers={'User-Agent': 'python-requests/2.32.3', 'Accept-Encoding': 'gzip, deflate', 'Accept': '*/*', 'Connection': 'keep-alive'} 
 body=None 
 </msg>
<msg time="2024-06-25T09:16:03.930258" level="INFO">GET Response : url=https://randomuser.me/api 
 status=200, reason=OK 
 headers={'Date': 'Tue, 25 Jun 2024 09:16:03 GMT', 'Content-Type': 'application/json; charset=utf-8', 'Transfer-Encoding': 'chunked', 'Connection': 'keep-alive', 'X-Powered-By': 'Express', 'Access-Control-Allow-Origin': '*', 'Cache-Control': 'no-cache', 'ETag': 'W/"497-B5TUMhYZclwlknUrnwFBw2pgfPo"', 'Vary': 'Accept-Encoding', 'Content-Encoding': 'gzip', 'CF-Cache-Status': 'DYNAMIC', 'Report-To': '{"endpoints":[{"url":"https:\\/\\/a.nel.cloudflare.com\\/report\\/v4?s=cyBtKFoKrNnntr%2FfS5m9STnELoiX6X150ruO9BNQyoVnd7cthdGO%2FjaXaBSHkeamZveG745Az78peP0YrkqcNVSbn3aliJiqLVfVsqnR90bAB5xIFdPi45MhNwWIrCG%2F"}],"group":"cf-nel","max_age":604800}', 'NEL': '{"success_fraction":0,"report_to":"cf-nel","max_age":604800}', 'Server': 'cloudflare', 'CF-RAY': '8993db4bfc672250-ORD', 'alt-svc': 'h3=":443"; ma=86400'} 
 body={"results":[{"gender":"male","name":{"title":"Mr","first":"Mateo","last":"Saldivar"},"location":{"street":{"number":7721,"name":"Avenida Baja California Sur"},"city":"Los Herrera","state":"Durango","country":"Mexico","postcode":89239,"coordinates":{"latitude":"25.6997","longitude":"-40.6153"},"timezone":{"offset":"+6:00","description":"Almaty, Dhaka, Colombo"}},"email":"mateo.saldivar@example.com","login":{"uuid":"accc174e-b9e1-42a7-9b45-7ae785b8066b","username":"browngoose522","password":"pisces","salt":"SM4elPEh","md5":"c371dc1b57a14c5fcd081d449084899c","sha1":"fafd1b46efa8b5328c4f37e0182c55ed73c35e7d","sha256":"cd308bfc52614f47b319e9d600085714364494241f5bca95da0046b596d6ff23"},"dob":{"date":"1982-01-18T01:54:46.932Z","age":42},"registered":{"date":"2020-01-03T16:43:58.810Z","age":4},"phone":"(653) 750 4376","cell":"(627) 269 3292","id":{"name":"NSS","value":"81 77 08 8257 9"},"picture":{"large":"https://randomuser.me/api/portraits/men/48.jpg","medium":"https://randomuser.me/api/portraits/med/men/48.jpg","thumbnail":"https://randomuser.me/api/portraits/thumb/men/48.jpg"},"nat":"MX"}],"info":{"seed":"15a731412a0c113f","results":1,"page":1,"version":"1.4"}} 
 </msg>
<msg time="2024-06-25T09:16:03.930320" level="INFO">/opt/hostedtoolcache/Python/3.12.4/x64/lib/python3.12/site-packages/urllib3/connectionpool.py:1099: InsecureRequestWarning: Unverified HTTPS request is being made to host 'randomuser.me'. Adding certificate verification is strongly advised. See: https://urllib3.readthedocs.io/en/latest/advanced-usage.html#tls-warnings
  warnings.warn(</msg>
<msg time="2024-06-25T09:16:03.930442" level="INFO">${response} = &lt;Response [200]&gt;</msg>
<var>${response}</var>
<arg>consultarAPI</arg>
<arg>/api</arg>
<doc>Sends a GET request on a previously created HTTP Session.</doc>
<status status="PASS" start="2024-06-25T09:16:03.833368" elapsed="0.097115"/>
</kw>
<kw name="Set Variable" owner="BuiltIn">
<msg time="2024-06-25T09:16:03.931447" level="INFO">${json_data} = {'results': [{'gender': 'male', 'name': {'title': 'Mr', 'first': 'Mateo', 'last': 'Saldivar'}, 'location': {'street': {'number': 7721, 'name': 'Avenida Baja California Sur'}, 'city': 'Los Herrera', 's...</msg>
<var>${json_data}</var>
<arg>${response.json()}</arg>
<doc>Returns the given values which can then be assigned to a variables.</doc>
<status status="PASS" start="2024-06-25T09:16:03.930987" elapsed="0.000487"/>
</kw>
<kw name="Set Variable" owner="BuiltIn">
<msg time="2024-06-25T09:16:03.932154" level="INFO">${name_title} = Mr</msg>
<var>${name_title}</var>
<arg>${json_data["results"][0]["name"]["title"]}</arg>
<doc>Returns the given values which can then be assigned to a variables.</doc>
<status status="PASS" start="2024-06-25T09:16:03.931775" elapsed="0.000405"/>
</kw>
<kw name="Create List" owner="BuiltIn">
<msg time="2024-06-25T09:16:03.932622" level="INFO">${allowed_titles} = ['Mr', 'Ms', 'Miss', 'Mrs', 'Madame', 'Monsieur']</msg>
<var>${allowed_titles}</var>
<arg>Mr</arg>
<arg>Ms</arg>
<arg>Miss</arg>
<arg>Mrs</arg>
<arg>Madame</arg>
<arg>Monsieur</arg>
<doc>Returns a list containing given items.</doc>
<status status="PASS" start="2024-06-25T09:16:03.932472" elapsed="0.000173"/>
</kw>
<kw name="List Should Contain Value" owner="Collections">
<arg>${allowed_titles}</arg>
<arg>${name_title}</arg>
<doc>Fails if the ``value`` is not found from ``list``.</doc>
<status status="PASS" start="2024-06-25T09:16:03.932945" elapsed="0.000176"/>
</kw>
<kw name="Set Variable" owner="BuiltIn">
<msg time="2024-06-25T09:16:03.933669" level="INFO">${name_country} = MX</msg>
<var>${name_country}</var>
<arg>${json_data["results"][0]["nat"]}</arg>
<doc>Returns the given values which can then be assigned to a variables.</doc>
<status status="PASS" start="2024-06-25T09:16:03.933295" elapsed="0.000398"/>
</kw>
<kw name="Create List" owner="BuiltIn">
<msg time="2024-06-25T09:16:03.934570" level="INFO">${list_country} = ['AD', 'AE', 'AF', 'AG', 'AI', 'AL', 'AM', 'AO', 'AQ', 'AR', 'AS', 'AT', 'AU', 'AW', 'AX', 'AZ', 'BA', 'BB', 'BD', 'BE', 'BF', 'BG', 'BH', 'BI', 'BJ', 'BL', 'BM', 'BN', 'BO', 'BQ', 'BR', 'BS', 'BT', '...</msg>
<var>${list_country}</var>
<arg>AD</arg>
<arg>AE</arg>
<arg>AF</arg>
<arg>AG</arg>
<arg>AI</arg>
<arg>AL</arg>
<arg>AM</arg>
<arg>AO</arg>
<arg>AQ</arg>
<arg>AR</arg>
<arg>AS</arg>
<arg>AT</arg>
<arg>AU</arg>
<arg>AW</arg>
<arg>AX</arg>
<arg>AZ</arg>
<arg>BA</arg>
<arg>BB</arg>
<arg>BD</arg>
<arg>BE</arg>
<arg>BF</arg>
<arg>BG</arg>
<arg>BH</arg>
<arg>BI</arg>
<arg>BJ</arg>
<arg>BL</arg>
<arg>BM</arg>
<arg>BN</arg>
<arg>BO</arg>
<arg>BQ</arg>
<arg>BR</arg>
<arg>BS</arg>
<arg>BT</arg>
<arg>BV</arg>
<arg>BW</arg>
<arg>BY</arg>
<arg>BZ</arg>
<arg>CA</arg>
<arg>CC</arg>
<arg>CD</arg>
<arg>CF</arg>
<arg>CG</arg>
<arg>CH</arg>
<arg>CI</arg>
<arg>CK</arg>
<arg>CL</arg>
<arg>CM</arg>
<arg>CN</arg>
<arg>CO</arg>
<arg>CR</arg>
<arg>CU</arg>
<arg>CV</arg>
<arg>CW</arg>
<arg>CX</arg>
<arg>CY</arg>
<arg>CZ</arg>
<arg>DE</arg>
<arg>DJ</arg>
<arg>DK</arg>
<arg>DM</arg>
<arg>DO</arg>
<arg>DZ</arg>
<arg>EC</arg>
<arg>EE</arg>
<arg>EG</arg>
<arg>EH</arg>
<arg>ER</arg>
<arg>ES</arg>
<arg>ET</arg>
<arg>FI</arg>
<arg>FJ</arg>
<arg>FK</arg>
<arg>FM</arg>
<arg>FO</arg>
<arg>FR</arg>
<arg>GA</arg>
<arg>GB</arg>
<arg>GD</arg>
<arg>GE</arg>
<arg>GF</arg>
<arg>GG</arg>
<arg>GH</arg>
<arg>GI</arg>
<arg>GL</arg>
<arg>GM</arg>
<arg>GN</arg>
<arg>GP</arg>
<arg>GQ</arg>
<arg>GR</arg>
<arg>GS</arg>
<arg>GT</arg>
<arg>GU</arg>
<arg>GW</arg>
<arg>GY</arg>
<arg>HK</arg>
<arg>HM</arg>
<arg>HN</arg>
<arg>HR</arg>
<arg>HT</arg>
<arg>HU</arg>
<arg>ID</arg>
<arg>IE</arg>
<arg>IL</arg>
<arg>IM</arg>
<arg>IN</arg>
<arg>IO</arg>
<arg>IQ</arg>
<arg>IR</arg>
<arg>IS</arg>
<arg>IT</arg>
<arg>JE</arg>
<arg>JM</arg>
<arg>JO</arg>
<arg>JP</arg>
<arg>KE</arg>
<arg>KG</arg>
<arg>KH</arg>
<arg>KI</arg>
<arg>KM</arg>
<arg>KN</arg>
<arg>KP</arg>
<arg>KR</arg>
<arg>KW</arg>
<arg>KY</arg>
<arg>KZ</arg>
<arg>LA</arg>
<arg>LB</arg>
<arg>LC</arg>
<arg>LI</arg>
<arg>LK</arg>
<arg>LR</arg>
<arg>LS</arg>
<arg>LT</arg>
<arg>LU</arg>
<arg>LV</arg>
<arg>LY</arg>
<arg>MA</arg>
<arg>MC</arg>
<arg>MD</arg>
<arg>ME</arg>
<arg>MF</arg>
<arg>MG</arg>
<arg>MH</arg>
<arg>MK</arg>
<arg>ML</arg>
<arg>MM</arg>
<arg>MN</arg>
<arg>MO</arg>
<arg>MP</arg>
<arg>MQ</arg>
<arg>MR</arg>
<arg>MS</arg>
<arg>MT</arg>
<arg>MU</arg>
<arg>MV</arg>
<arg>MW</arg>
<arg>MX</arg>
<arg>MY</arg>
<arg>MZ</arg>
<arg>NA</arg>
<arg>NC</arg>
<arg>NE</arg>
<arg>NF</arg>
<arg>NG</arg>
<arg>NI</arg>
<arg>NL</arg>
<arg>NO</arg>
<arg>NP</arg>
<arg>NR</arg>
<arg>NU</arg>
<arg>NZ</arg>
<arg>OM</arg>
<arg>PA</arg>
<arg>PE</arg>
<arg>PF</arg>
<arg>PG</arg>
<arg>PH</arg>
<arg>PK</arg>
<arg>PL</arg>
<arg>PM</arg>
<arg>PN</arg>
<arg>PR</arg>
<arg>PS</arg>
<arg>PT</arg>
<arg>PW</arg>
<arg>PY</arg>
<arg>QA</arg>
<arg>RE</arg>
<arg>RO</arg>
<arg>RS</arg>
<arg>RU</arg>
<arg>RW</arg>
<arg>SA</arg>
<arg>SB</arg>
<arg>SC</arg>
<arg>SD</arg>
<arg>SE</arg>
<arg>SG</arg>
<arg>SH</arg>
<arg>SI</arg>
<arg>SJ</arg>
<arg>SK</arg>
<arg>SL</arg>
<arg>SM</arg>
<arg>SN</arg>
<arg>SO</arg>
<arg>SR</arg>
<arg>SS</arg>
<arg>ST</arg>
<arg>SV</arg>
<arg>SX</arg>
<arg>SY</arg>
<arg>SZ</arg>
<arg>TC</arg>
<arg>TD</arg>
<arg>TF</arg>
<arg>TG</arg>
<arg>TH</arg>
<arg>TJ</arg>
<arg>TK</arg>
<arg>TL</arg>
<arg>TM</arg>
<arg>TN</arg>
<arg>TO</arg>
<arg>TR</arg>
<arg>TT</arg>
<arg>TV</arg>
<arg>TW</arg>
<arg>TZ</arg>
<arg>UA</arg>
<arg>UG</arg>
<arg>UM</arg>
<arg>US</arg>
<arg>UY</arg>
<arg>UZ</arg>
<arg>VA</arg>
<arg>VC</arg>
<arg>VE</arg>
<arg>VG</arg>
<arg>VI</arg>
<arg>VN</arg>
<arg>VU</arg>
<arg>WF</arg>
<arg>WS</arg>
<arg>XK</arg>
<arg>YE</arg>
<arg>YT</arg>
<arg>ZA</arg>
<arg>ZM</arg>
<arg>ZW</arg>
<doc>Returns a list containing given items.</doc>
<status status="PASS" start="2024-06-25T09:16:03.933980" elapsed="0.000615"/>
</kw>
<kw name="List Should Contain Value" owner="Collections">
<arg>${list_country}</arg>
<arg>${name_country}</arg>
<doc>Fails if the ``value`` is not found from ``list``.</doc>
<status status="PASS" start="2024-06-25T09:16:03.935424" elapsed="0.000203"/>
</kw>
<kw name="Run Keyword If" owner="BuiltIn">
<kw name="Should Be True" owner="BuiltIn">
<arg>${True}</arg>
<doc>Fails if the given condition is not true.</doc>
<status status="PASS" start="2024-06-25T09:16:03.936559" elapsed="0.000140"/>
</kw>
<arg>${json_data["results"][0]["location"]["coordinates"]["latitude"]} &gt;= -90 and ${json_data["results"][0]["location"]["coordinates"]["latitude"]} &lt;= 90</arg>
<arg>Should Be True</arg>
<arg>${True}</arg>
<doc>Runs the given keyword with the given arguments, if ``condition`` is true.</doc>
<status status="PASS" start="2024-06-25T09:16:03.935826" elapsed="0.000996"/>
</kw>
<kw name="Run Keyword If" owner="BuiltIn">
<kw name="Should Be True" owner="BuiltIn">
<arg>${True}</arg>
<doc>Fails if the given condition is not true.</doc>
<status status="PASS" start="2024-06-25T09:16:03.937676" elapsed="0.000237"/>
</kw>
<arg>${json_data["results"][0]["location"]["coordinates"]["longitude"]} &gt;= -180 and ${json_data["results"][0]["location"]["coordinates"]["longitude"]} &lt;= 180</arg>
<arg>Should Be True</arg>
<arg>${True}</arg>
<doc>Runs the given keyword with the given arguments, if ``condition`` is true.</doc>
<status status="PASS" start="2024-06-25T09:16:03.936997" elapsed="0.001044"/>
</kw>
<status status="PASS" start="2024-06-25T09:16:03.833004" elapsed="0.105167"/>
</kw>
<doc>Testa o conteúdo específico dos campos retornados pela API.</doc>
<tag>testeConteudo</tag>
<status status="PASS" start="2024-06-25T09:16:03.832360" elapsed="0.105957"/>
</test>
<status status="PASS" start="2024-06-25T09:16:02.993603" elapsed="0.946742"/>
</suite>
<status status="PASS" start="2024-06-25T09:16:02.978969" elapsed="0.966427"/>
</suite>
<statistics>
<total>
<stat pass="5" fail="0" skip="0">All Tests</stat>
</total>
<tag>
<stat pass="1" fail="0" skip="0">testeConteudo</stat>
<stat pass="1" fail="0" skip="0">testeEstruturaResposta</stat>
<stat pass="1" fail="0" skip="0">testeRequisicaoBasica</stat>
<stat pass="1" fail="0" skip="0">testeTiposDados</stat>
</tag>
<suite>
<stat pass="5" fail="0" skip="0" id="s1" name="Tests">Tests</stat>
<stat pass="5" fail="0" skip="0" id="s1-s1" name="Random-User-Test">Tests.Random-User-Test</stat>
</suite>
</statistics>
<errors>
</errors>
</robot>
