<?xml version="1.0" encoding="UTF-8"?>
<robot generator="Robot 7.0.1 (Python 3.12.4 on linux)" generated="2024-08-05T14:13:56.380396" rpa="false" schemaversion="5">
<suite id="s1" name="Tests" source="/home/runner/work/ApiRandomUser/ApiRandomUser/RamdonUser/tests">
<suite id="s1-s1" name="Random-User-Test" source="/home/runner/work/ApiRandomUser/ApiRandomUser/RamdonUser/tests/random-user-test.robot">
<test id="s1-s1-t1" name="Conectar" line="13">
<kw name="Conectar API" owner="random-user-service">
<kw name="Create Session" owner="RequestsLibrary">
<msg time="2024-08-05T14:13:56.782257" level="INFO">Creating Session using : alias=consultarAPI, url=https://randomuser.me/, headers={},                     cookies={}, auth=None, timeout=None, proxies=None, verify=False,                     debug=0 </msg>
<arg>consultarAPI</arg>
<arg>${URL}</arg>
<doc>Create Session: create a HTTP session to a server</doc>
<status status="PASS" start="2024-08-05T14:13:56.782016" elapsed="0.000436"/>
</kw>
<status status="PASS" start="2024-08-05T14:13:56.780940" elapsed="0.001877"/>
</kw>
<status status="PASS" start="2024-08-05T14:13:56.780262" elapsed="0.002749"/>
</test>
<test id="s1-s1-t2" name="Validar retorno 200 e JSON Válido" line="16">
<kw name="Teste de Requisicao Basica" owner="random-user-service">
<kw name="GET On Session" owner="RequestsLibrary">
<msg time="2024-08-05T14:13:57.390955" level="INFO">GET Request : url=https://randomuser.me/api 
 path_url=/api 
 headers={'User-Agent': 'python-requests/2.32.3', 'Accept-Encoding': 'gzip, deflate', 'Accept': '*/*', 'Connection': 'keep-alive'} 
 body=None 
 </msg>
<msg time="2024-08-05T14:13:57.391121" level="INFO">GET Response : url=https://randomuser.me/api 
 status=200, reason=OK 
 headers={'Date': 'Mon, 05 Aug 2024 14:13:57 GMT', 'Content-Type': 'application/json; charset=utf-8', 'Transfer-Encoding': 'chunked', 'Connection': 'keep-alive', 'X-Powered-By': 'Express', 'Access-Control-Allow-Origin': '*', 'Cache-Control': 'no-cache', 'ETag': 'W/"4a3-BNu8zzgq3+J26rCmIXQ7Fogb3cw"', 'Vary': 'Accept-Encoding', 'Content-Encoding': 'gzip', 'CF-Cache-Status': 'DYNAMIC', 'Report-To': '{"endpoints":[{"url":"https:\\/\\/a.nel.cloudflare.com\\/report\\/v4?s=t9%2F3w36JrjHR5BhxH9B41GpIAYpXDtlPSb8Co6KCyO86EezqevgVE3eWC7VIoDVPQSFxe0Lrb2x8PxIZFzANrTf3BxwdfPb3Y7LROzK8NE87G09iB7eriw5z5pzUZi9s"}],"group":"cf-nel","max_age":604800}', 'NEL': '{"success_fraction":0,"report_to":"cf-nel","max_age":604800}', 'Server': 'cloudflare', 'CF-RAY': '8ae764062e9ee262-ORD', 'alt-svc': 'h3=":443"; ma=86400'} 
 body={"results":[{"gender":"female","name":{"title":"Mrs","first":"Ottilie","last":"Preiß"},"location":{"street":{"number":3726,"name":"Mühlenstraße"},"city":"Regis-Breitingen","state":"Hessen","country":"Germany","postcode":83852,"coordinates":{"latitude":"-48.8027","longitude":"158.5739"},"timezone":{"offset":"+9:00","description":"Tokyo, Seoul, Osaka, Sapporo, Yakutsk"}},"email":"ottilie.preiss@example.com","login":{"uuid":"ca6e5ab6-d8d2-4d5a-bae2-680f31d148b5","username":"bluegoose583","password":"tammy","salt":"H2jYtO9O","md5":"6f3f30ce6f22b6561d901c99ba637ab7","sha1":"1eaaad5b54c31d45cd42bedf9ced6aac23d446db","sha256":"3a76aeefcb1f8f75f1add5495e4d6086ea6bf94cb28c751def74bc33d1852761"},"dob":{"date":"1945-04-15T13:28:36.579Z","age":79},"registered":{"date":"2021-12-01T04:55:27.704Z","age":2},"phone":"0080-3573884","cell":"0176-7147024","id":{"name":"SVNR","value":"28 150445 P 692"},"picture":{"large":"https://randomuser.me/api/portraits/women/22.jpg","medium":"https://randomuser.me/api/portraits/med/women/22.jpg","thumbnail":"https://randomuser.me/api/portraits/thumb/women/22.jpg"},"nat":"DE"}],"info":{"seed":"6eea106d7a80da12","results":1,"page":1,"version":"1.4"}} 
 </msg>
<msg time="2024-08-05T14:13:57.391208" level="INFO">/opt/hostedtoolcache/Python/3.12.4/x64/lib/python3.12/site-packages/urllib3/connectionpool.py:1099: InsecureRequestWarning: Unverified HTTPS request is being made to host 'randomuser.me'. Adding certificate verification is strongly advised. See: https://urllib3.readthedocs.io/en/latest/advanced-usage.html#tls-warnings
  warnings.warn(</msg>
<msg time="2024-08-05T14:13:57.391360" level="INFO">${response} = &lt;Response [200]&gt;</msg>
<var>${response}</var>
<arg>consultarAPI</arg>
<arg>/api</arg>
<doc>Sends a GET request on a previously created HTTP Session.</doc>
<status status="PASS" start="2024-08-05T14:13:56.785668" elapsed="0.605732"/>
</kw>
<kw name="Should Be Equal As Numbers" owner="BuiltIn">
<msg time="2024-08-05T14:13:57.392598" level="INFO">Argument types are:
&lt;class 'int'&gt;
&lt;class 'str'&gt;</msg>
<arg>${response.status_code}</arg>
<arg>200</arg>
<doc>Fails if objects are unequal after converting them to real numbers.</doc>
<status status="PASS" start="2024-08-05T14:13:57.392082" elapsed="0.000582"/>
</kw>
<kw name="Log" owner="BuiltIn">
<msg time="2024-08-05T14:13:57.393325" level="INFO">200</msg>
<arg>${response.status_code}</arg>
<doc>Logs the given message with the given level.</doc>
<status status="PASS" start="2024-08-05T14:13:57.392978" elapsed="0.000390"/>
</kw>
<kw name="Set Variable" owner="BuiltIn">
<msg time="2024-08-05T14:13:57.394149" level="INFO">${json_data} = {'results': [{'gender': 'female', 'name': {'title': 'Mrs', 'first': 'Ottilie', 'last': 'Preiß'}, 'location': {'street': {'number': 3726, 'name': 'Mühlenstraße'}, 'city': 'Regis-Breitingen', 'state': '...</msg>
<var>${json_data}</var>
<arg>${response.json()}</arg>
<doc>Returns the given values which can then be assigned to a variables.</doc>
<status status="PASS" start="2024-08-05T14:13:57.393667" elapsed="0.000512"/>
</kw>
<kw name="Dictionary Should Contain Key" owner="Collections">
<arg>${json_data}</arg>
<arg>results</arg>
<doc>Fails if ``key`` is not found from ``dictionary``.</doc>
<status status="PASS" start="2024-08-05T14:13:57.394478" elapsed="0.000321"/>
</kw>
<status status="PASS" start="2024-08-05T14:13:56.785418" elapsed="0.609535"/>
</kw>
<doc>Testa se a API responde corretamente e retorna um objeto JSON válido.</doc>
<tag>testeRequisicaoBasica</tag>
<status status="PASS" start="2024-08-05T14:13:56.784878" elapsed="0.610246"/>
</test>
<test id="s1-s1-t3" name="Validar estrutura de resposta" line="22">
<kw name="Teste de Estrutura de Resposta" owner="random-user-service">
<kw name="GET On Session" owner="RequestsLibrary">
<msg time="2024-08-05T14:13:58.120348" level="INFO">GET Request : url=https://randomuser.me/api 
 path_url=/api 
 headers={'User-Agent': 'python-requests/2.32.3', 'Accept-Encoding': 'gzip, deflate', 'Accept': '*/*', 'Connection': 'keep-alive'} 
 body=None 
 </msg>
<msg time="2024-08-05T14:13:58.120464" level="INFO">GET Response : url=https://randomuser.me/api 
 status=200, reason=OK 
 headers={'Date': 'Mon, 05 Aug 2024 14:13:58 GMT', 'Content-Type': 'application/json; charset=utf-8', 'Transfer-Encoding': 'chunked', 'Connection': 'keep-alive', 'X-Powered-By': 'Express', 'Access-Control-Allow-Origin': '*', 'Cache-Control': 'no-cache', 'ETag': 'W/"46d-dToyHXg4+uFqKuzBOqwHpAc10Y8"', 'Vary': 'Accept-Encoding', 'Content-Encoding': 'gzip', 'CF-Cache-Status': 'DYNAMIC', 'Report-To': '{"endpoints":[{"url":"https:\\/\\/a.nel.cloudflare.com\\/report\\/v4?s=4QtXV9anvmV%2B3Yng0fkvqShThzskekhVXX24lotPgEjYjKLRwUi4YqFF5qZycyAWSPomnr1Q5QSktRqlqDNgJsfuSzSEwPnzFk7Z9jfpAkqMreU6TRrPF8wS3QP%2BZg6R"}],"group":"cf-nel","max_age":604800}', 'NEL': '{"success_fraction":0,"report_to":"cf-nel","max_age":604800}', 'Server': 'cloudflare', 'CF-RAY': '8ae76409bab3e262-ORD', 'alt-svc': 'h3=":443"; ma=86400'} 
 body={"results":[{"gender":"male","name":{"title":"Mr","first":"Noham","last":"Jean"},"location":{"street":{"number":5627,"name":"Rue de Cuire"},"city":"Mulhouse","state":"Ain","country":"France","postcode":14879,"coordinates":{"latitude":"-15.6925","longitude":"-107.7952"},"timezone":{"offset":"+3:30","description":"Tehran"}},"email":"noham.jean@example.com","login":{"uuid":"c7997800-c93e-44fa-8c2d-5e47be43e4f2","username":"blackswan431","password":"sheba","salt":"VKp3r0NI","md5":"e5da635e4b8e389643aea6b5a6c6dbd4","sha1":"81697cc8cce6098926262f85ebd2b9fd70d81751","sha256":"1b2fd50eb6a13816bceaee652dd7704b5fbe5e3baaca35ead445f4482a933879"},"dob":{"date":"1997-09-04T16:45:12.989Z","age":26},"registered":{"date":"2007-07-07T12:15:40.653Z","age":17},"phone":"04-82-29-29-19","cell":"06-65-70-63-64","id":{"name":"INSEE","value":"1970840641168 67"},"picture":{"large":"https://randomuser.me/api/portraits/men/49.jpg","medium":"https://randomuser.me/api/portraits/med/men/49.jpg","thumbnail":"https://randomuser.me/api/portraits/thumb/men/49.jpg"},"nat":"FR"}],"info":{"seed":"202f5a991367f550","results":1,"page":1,"version":"1.4"}} 
 </msg>
<msg time="2024-08-05T14:13:58.120621" level="INFO">/opt/hostedtoolcache/Python/3.12.4/x64/lib/python3.12/site-packages/urllib3/connectionpool.py:1099: InsecureRequestWarning: Unverified HTTPS request is being made to host 'randomuser.me'. Adding certificate verification is strongly advised. See: https://urllib3.readthedocs.io/en/latest/advanced-usage.html#tls-warnings
  warnings.warn(</msg>
<msg time="2024-08-05T14:13:58.120773" level="INFO">${response} = &lt;Response [200]&gt;</msg>
<var>${response}</var>
<arg>consultarAPI</arg>
<arg>/api</arg>
<doc>Sends a GET request on a previously created HTTP Session.</doc>
<status status="PASS" start="2024-08-05T14:13:57.397755" elapsed="0.723056"/>
</kw>
<kw name="Set Variable" owner="BuiltIn">
<msg time="2024-08-05T14:13:58.122013" level="INFO">${json_data} = {'results': [{'gender': 'male', 'name': {'title': 'Mr', 'first': 'Noham', 'last': 'Jean'}, 'location': {'street': {'number': 5627, 'name': 'Rue de Cuire'}, 'city': 'Mulhouse', 'state': 'Ain', 'country...</msg>
<var>${json_data}</var>
<arg>${response.json()}</arg>
<doc>Returns the given values which can then be assigned to a variables.</doc>
<status status="PASS" start="2024-08-05T14:13:58.121423" elapsed="0.000658"/>
</kw>
<kw name="Log" owner="BuiltIn">
<msg time="2024-08-05T14:13:58.122559" level="INFO">{'results': [{'gender': 'male', 'name': {'title': 'Mr', 'first': 'Noham', 'last': 'Jean'}, 'location': {'street': {'number': 5627, 'name': 'Rue de Cuire'}, 'city': 'Mulhouse', 'state': 'Ain', 'country': 'France', 'postcode': 14879, 'coordinates': {'latitude': '-15.6925', 'longitude': '-107.7952'}, 'timezone': {'offset': '+3:30', 'description': 'Tehran'}}, 'email': 'noham.jean@example.com', 'login': {'uuid': 'c7997800-c93e-44fa-8c2d-5e47be43e4f2', 'username': 'blackswan431', 'password': 'sheba', 'salt': 'VKp3r0NI', 'md5': 'e5da635e4b8e389643aea6b5a6c6dbd4', 'sha1': '81697cc8cce6098926262f85ebd2b9fd70d81751', 'sha256': '1b2fd50eb6a13816bceaee652dd7704b5fbe5e3baaca35ead445f4482a933879'}, 'dob': {'date': '1997-09-04T16:45:12.989Z', 'age': 26}, 'registered': {'date': '2007-07-07T12:15:40.653Z', 'age': 17}, 'phone': '04-82-29-29-19', 'cell': '06-65-70-63-64', 'id': {'name': 'INSEE', 'value': '1970840641168 67'}, 'picture': {'large': 'https://randomuser.me/api/portraits/men/49.jpg', 'medium': 'https://randomuser.me/api/portraits/med/men/49.jpg', 'thumbnail': 'https://randomuser.me/api/portraits/thumb/men/49.jpg'}, 'nat': 'FR'}], 'info': {'seed': '202f5a991367f550', 'results': 1, 'page': 1, 'version': '1.4'}}</msg>
<arg>${json_data}</arg>
<doc>Logs the given message with the given level.</doc>
<status status="PASS" start="2024-08-05T14:13:58.122400" elapsed="0.000208"/>
</kw>
<kw name="Dictionary Should Contain Key" owner="Collections">
<arg>${json_data}</arg>
<arg>results</arg>
<doc>Fails if ``key`` is not found from ``dictionary``.</doc>
<status status="PASS" start="2024-08-05T14:13:58.122897" elapsed="0.000163"/>
</kw>
<kw name="Should Not Be Empty" owner="BuiltIn">
<msg time="2024-08-05T14:13:58.123366" level="INFO">Length is 2.</msg>
<arg>${json_data}</arg>
<doc>Verifies that the given item is not empty.</doc>
<status status="PASS" start="2024-08-05T14:13:58.123243" elapsed="0.000161"/>
</kw>
<kw name="Create List" owner="BuiltIn">
<msg time="2024-08-05T14:13:58.123836" level="INFO">${expected_keys} = ['gender', 'name', 'location', 'email', 'login']</msg>
<var>${expected_keys}</var>
<arg>gender</arg>
<arg>name</arg>
<arg>location</arg>
<arg>email</arg>
<arg>login</arg>
<doc>Returns a list containing given items.</doc>
<status status="PASS" start="2024-08-05T14:13:58.123688" elapsed="0.000171"/>
</kw>
<for flavor="IN">
<iter>
<kw name="Dictionary Should Contain Key" owner="Collections">
<arg>${json_data['results'][0]}</arg>
<arg>${key}</arg>
<doc>Fails if ``key`` is not found from ``dictionary``.</doc>
<status status="PASS" start="2024-08-05T14:13:58.124456" elapsed="0.000409"/>
</kw>
<kw name="Log" owner="BuiltIn">
<msg time="2024-08-05T14:13:58.125415" level="INFO">{'gender': 'male', 'name': {'title': 'Mr', 'first': 'Noham', 'last': 'Jean'}, 'location': {'street': {'number': 5627, 'name': 'Rue de Cuire'}, 'city': 'Mulhouse', 'state': 'Ain', 'country': 'France', 'postcode': 14879, 'coordinates': {'latitude': '-15.6925', 'longitude': '-107.7952'}, 'timezone': {'offset': '+3:30', 'description': 'Tehran'}}, 'email': 'noham.jean@example.com', 'login': {'uuid': 'c7997800-c93e-44fa-8c2d-5e47be43e4f2', 'username': 'blackswan431', 'password': 'sheba', 'salt': 'VKp3r0NI', 'md5': 'e5da635e4b8e389643aea6b5a6c6dbd4', 'sha1': '81697cc8cce6098926262f85ebd2b9fd70d81751', 'sha256': '1b2fd50eb6a13816bceaee652dd7704b5fbe5e3baaca35ead445f4482a933879'}, 'dob': {'date': '1997-09-04T16:45:12.989Z', 'age': 26}, 'registered': {'date': '2007-07-07T12:15:40.653Z', 'age': 17}, 'phone': '04-82-29-29-19', 'cell': '06-65-70-63-64', 'id': {'name': 'INSEE', 'value': '1970840641168 67'}, 'picture': {'large': 'https://randomuser.me/api/portraits/men/49.jpg', 'medium': 'https://randomuser.me/api/portraits/med/men/49.jpg', 'thumbnail': 'https://randomuser.me/api/portraits/thumb/men/49.jpg'}, 'nat': 'FR'}</msg>
<arg>${json_data['results'][0]}</arg>
<doc>Logs the given message with the given level.</doc>
<status status="PASS" start="2024-08-05T14:13:58.125053" elapsed="0.000409"/>
</kw>
<kw name="Log" owner="BuiltIn">
<msg time="2024-08-05T14:13:58.125890" level="INFO">gender</msg>
<arg>${key}</arg>
<doc>Logs the given message with the given level.</doc>
<status status="PASS" start="2024-08-05T14:13:58.125760" elapsed="0.000168"/>
</kw>
<var name="${key}">gender</var>
<status status="PASS" start="2024-08-05T14:13:58.124330" elapsed="0.001850"/>
</iter>
<iter>
<kw name="Dictionary Should Contain Key" owner="Collections">
<arg>${json_data['results'][0]}</arg>
<arg>${key}</arg>
<doc>Fails if ``key`` is not found from ``dictionary``.</doc>
<status status="PASS" start="2024-08-05T14:13:58.126476" elapsed="0.000404"/>
</kw>
<kw name="Log" owner="BuiltIn">
<msg time="2024-08-05T14:13:58.127417" level="INFO">{'gender': 'male', 'name': {'title': 'Mr', 'first': 'Noham', 'last': 'Jean'}, 'location': {'street': {'number': 5627, 'name': 'Rue de Cuire'}, 'city': 'Mulhouse', 'state': 'Ain', 'country': 'France', 'postcode': 14879, 'coordinates': {'latitude': '-15.6925', 'longitude': '-107.7952'}, 'timezone': {'offset': '+3:30', 'description': 'Tehran'}}, 'email': 'noham.jean@example.com', 'login': {'uuid': 'c7997800-c93e-44fa-8c2d-5e47be43e4f2', 'username': 'blackswan431', 'password': 'sheba', 'salt': 'VKp3r0NI', 'md5': 'e5da635e4b8e389643aea6b5a6c6dbd4', 'sha1': '81697cc8cce6098926262f85ebd2b9fd70d81751', 'sha256': '1b2fd50eb6a13816bceaee652dd7704b5fbe5e3baaca35ead445f4482a933879'}, 'dob': {'date': '1997-09-04T16:45:12.989Z', 'age': 26}, 'registered': {'date': '2007-07-07T12:15:40.653Z', 'age': 17}, 'phone': '04-82-29-29-19', 'cell': '06-65-70-63-64', 'id': {'name': 'INSEE', 'value': '1970840641168 67'}, 'picture': {'large': 'https://randomuser.me/api/portraits/men/49.jpg', 'medium': 'https://randomuser.me/api/portraits/med/men/49.jpg', 'thumbnail': 'https://randomuser.me/api/portraits/thumb/men/49.jpg'}, 'nat': 'FR'}</msg>
<arg>${json_data['results'][0]}</arg>
<doc>Logs the given message with the given level.</doc>
<status status="PASS" start="2024-08-05T14:13:58.127062" elapsed="0.000437"/>
</kw>
<kw name="Log" owner="BuiltIn">
<msg time="2024-08-05T14:13:58.127926" level="INFO">name</msg>
<arg>${key}</arg>
<doc>Logs the given message with the given level.</doc>
<status status="PASS" start="2024-08-05T14:13:58.127800" elapsed="0.000162"/>
</kw>
<var name="${key}">name</var>
<status status="PASS" start="2024-08-05T14:13:58.126366" elapsed="0.001811"/>
</iter>
<iter>
<kw name="Dictionary Should Contain Key" owner="Collections">
<arg>${json_data['results'][0]}</arg>
<arg>${key}</arg>
<doc>Fails if ``key`` is not found from ``dictionary``.</doc>
<status status="PASS" start="2024-08-05T14:13:58.128457" elapsed="0.000378"/>
</kw>
<kw name="Log" owner="BuiltIn">
<msg time="2024-08-05T14:13:58.129362" level="INFO">{'gender': 'male', 'name': {'title': 'Mr', 'first': 'Noham', 'last': 'Jean'}, 'location': {'street': {'number': 5627, 'name': 'Rue de Cuire'}, 'city': 'Mulhouse', 'state': 'Ain', 'country': 'France', 'postcode': 14879, 'coordinates': {'latitude': '-15.6925', 'longitude': '-107.7952'}, 'timezone': {'offset': '+3:30', 'description': 'Tehran'}}, 'email': 'noham.jean@example.com', 'login': {'uuid': 'c7997800-c93e-44fa-8c2d-5e47be43e4f2', 'username': 'blackswan431', 'password': 'sheba', 'salt': 'VKp3r0NI', 'md5': 'e5da635e4b8e389643aea6b5a6c6dbd4', 'sha1': '81697cc8cce6098926262f85ebd2b9fd70d81751', 'sha256': '1b2fd50eb6a13816bceaee652dd7704b5fbe5e3baaca35ead445f4482a933879'}, 'dob': {'date': '1997-09-04T16:45:12.989Z', 'age': 26}, 'registered': {'date': '2007-07-07T12:15:40.653Z', 'age': 17}, 'phone': '04-82-29-29-19', 'cell': '06-65-70-63-64', 'id': {'name': 'INSEE', 'value': '1970840641168 67'}, 'picture': {'large': 'https://randomuser.me/api/portraits/men/49.jpg', 'medium': 'https://randomuser.me/api/portraits/med/men/49.jpg', 'thumbnail': 'https://randomuser.me/api/portraits/thumb/men/49.jpg'}, 'nat': 'FR'}</msg>
<arg>${json_data['results'][0]}</arg>
<doc>Logs the given message with the given level.</doc>
<status status="PASS" start="2024-08-05T14:13:58.129016" elapsed="0.000401"/>
</kw>
<kw name="Log" owner="BuiltIn">
<msg time="2024-08-05T14:13:58.129838" level="INFO">location</msg>
<arg>${key}</arg>
<doc>Logs the given message with the given level.</doc>
<status status="PASS" start="2024-08-05T14:13:58.129710" elapsed="0.000165"/>
</kw>
<var name="${key}">location</var>
<status status="PASS" start="2024-08-05T14:13:58.128350" elapsed="0.001775"/>
</iter>
<iter>
<kw name="Dictionary Should Contain Key" owner="Collections">
<arg>${json_data['results'][0]}</arg>
<arg>${key}</arg>
<doc>Fails if ``key`` is not found from ``dictionary``.</doc>
<status status="PASS" start="2024-08-05T14:13:58.130414" elapsed="0.000388"/>
</kw>
<kw name="Log" owner="BuiltIn">
<msg time="2024-08-05T14:13:58.131454" level="INFO">{'gender': 'male', 'name': {'title': 'Mr', 'first': 'Noham', 'last': 'Jean'}, 'location': {'street': {'number': 5627, 'name': 'Rue de Cuire'}, 'city': 'Mulhouse', 'state': 'Ain', 'country': 'France', 'postcode': 14879, 'coordinates': {'latitude': '-15.6925', 'longitude': '-107.7952'}, 'timezone': {'offset': '+3:30', 'description': 'Tehran'}}, 'email': 'noham.jean@example.com', 'login': {'uuid': 'c7997800-c93e-44fa-8c2d-5e47be43e4f2', 'username': 'blackswan431', 'password': 'sheba', 'salt': 'VKp3r0NI', 'md5': 'e5da635e4b8e389643aea6b5a6c6dbd4', 'sha1': '81697cc8cce6098926262f85ebd2b9fd70d81751', 'sha256': '1b2fd50eb6a13816bceaee652dd7704b5fbe5e3baaca35ead445f4482a933879'}, 'dob': {'date': '1997-09-04T16:45:12.989Z', 'age': 26}, 'registered': {'date': '2007-07-07T12:15:40.653Z', 'age': 17}, 'phone': '04-82-29-29-19', 'cell': '06-65-70-63-64', 'id': {'name': 'INSEE', 'value': '1970840641168 67'}, 'picture': {'large': 'https://randomuser.me/api/portraits/men/49.jpg', 'medium': 'https://randomuser.me/api/portraits/med/men/49.jpg', 'thumbnail': 'https://randomuser.me/api/portraits/thumb/men/49.jpg'}, 'nat': 'FR'}</msg>
<arg>${json_data['results'][0]}</arg>
<doc>Logs the given message with the given level.</doc>
<status status="PASS" start="2024-08-05T14:13:58.131102" elapsed="0.000408"/>
</kw>
<kw name="Log" owner="BuiltIn">
<msg time="2024-08-05T14:13:58.131931" level="INFO">email</msg>
<arg>${key}</arg>
<doc>Logs the given message with the given level.</doc>
<status status="PASS" start="2024-08-05T14:13:58.131802" elapsed="0.000168"/>
</kw>
<var name="${key}">email</var>
<status status="PASS" start="2024-08-05T14:13:58.130306" elapsed="0.001881"/>
</iter>
<iter>
<kw name="Dictionary Should Contain Key" owner="Collections">
<arg>${json_data['results'][0]}</arg>
<arg>${key}</arg>
<doc>Fails if ``key`` is not found from ``dictionary``.</doc>
<status status="PASS" start="2024-08-05T14:13:58.132466" elapsed="0.000380"/>
</kw>
<kw name="Log" owner="BuiltIn">
<msg time="2024-08-05T14:13:58.133369" level="INFO">{'gender': 'male', 'name': {'title': 'Mr', 'first': 'Noham', 'last': 'Jean'}, 'location': {'street': {'number': 5627, 'name': 'Rue de Cuire'}, 'city': 'Mulhouse', 'state': 'Ain', 'country': 'France', 'postcode': 14879, 'coordinates': {'latitude': '-15.6925', 'longitude': '-107.7952'}, 'timezone': {'offset': '+3:30', 'description': 'Tehran'}}, 'email': 'noham.jean@example.com', 'login': {'uuid': 'c7997800-c93e-44fa-8c2d-5e47be43e4f2', 'username': 'blackswan431', 'password': 'sheba', 'salt': 'VKp3r0NI', 'md5': 'e5da635e4b8e389643aea6b5a6c6dbd4', 'sha1': '81697cc8cce6098926262f85ebd2b9fd70d81751', 'sha256': '1b2fd50eb6a13816bceaee652dd7704b5fbe5e3baaca35ead445f4482a933879'}, 'dob': {'date': '1997-09-04T16:45:12.989Z', 'age': 26}, 'registered': {'date': '2007-07-07T12:15:40.653Z', 'age': 17}, 'phone': '04-82-29-29-19', 'cell': '06-65-70-63-64', 'id': {'name': 'INSEE', 'value': '1970840641168 67'}, 'picture': {'large': 'https://randomuser.me/api/portraits/men/49.jpg', 'medium': 'https://randomuser.me/api/portraits/med/men/49.jpg', 'thumbnail': 'https://randomuser.me/api/portraits/thumb/men/49.jpg'}, 'nat': 'FR'}</msg>
<arg>${json_data['results'][0]}</arg>
<doc>Logs the given message with the given level.</doc>
<status status="PASS" start="2024-08-05T14:13:58.133026" elapsed="0.000391"/>
</kw>
<kw name="Log" owner="BuiltIn">
<msg time="2024-08-05T14:13:58.133830" level="INFO">login</msg>
<arg>${key}</arg>
<doc>Logs the given message with the given level.</doc>
<status status="PASS" start="2024-08-05T14:13:58.133706" elapsed="0.000160"/>
</kw>
<var name="${key}">login</var>
<status status="PASS" start="2024-08-05T14:13:58.132359" elapsed="0.001745"/>
</iter>
<var>${key}</var>
<value>@{expected_keys}</value>
<status status="PASS" start="2024-08-05T14:13:58.124128" elapsed="0.010100"/>
</for>
<kw name="Create List" owner="BuiltIn">
<msg time="2024-08-05T14:13:58.134553" level="INFO">${expected_keysTwo} = ['username', 'password']</msg>
<var>${expected_keysTwo}</var>
<arg>username</arg>
<arg>password</arg>
<doc>Returns a list containing given items.</doc>
<status status="PASS" start="2024-08-05T14:13:58.134419" elapsed="0.000158"/>
</kw>
<for flavor="IN">
<iter>
<kw name="Dictionary Should Contain Key" owner="Collections">
<arg>${json_data['results'][0]['login']}</arg>
<arg>${keyTwo}</arg>
<doc>Fails if ``key`` is not found from ``dictionary``.</doc>
<status status="PASS" start="2024-08-05T14:13:58.135114" elapsed="0.000398"/>
</kw>
<kw name="Dictionary Should Contain Key" owner="Collections">
<arg>${json_data['results'][0]['login']}</arg>
<arg>${keyTwo}</arg>
<doc>Fails if ``key`` is not found from ``dictionary``.</doc>
<status status="PASS" start="2024-08-05T14:13:58.135691" elapsed="0.000377"/>
</kw>
<kw name="Log" owner="BuiltIn">
<msg time="2024-08-05T14:13:58.136375" level="INFO">username</msg>
<arg>${keyTwo}</arg>
<doc>Logs the given message with the given level.</doc>
<status status="PASS" start="2024-08-05T14:13:58.136257" elapsed="0.000156"/>
</kw>
<var name="${keyTwo}">username</var>
<status status="PASS" start="2024-08-05T14:13:58.135008" elapsed="0.001623"/>
</iter>
<iter>
<kw name="Dictionary Should Contain Key" owner="Collections">
<arg>${json_data['results'][0]['login']}</arg>
<arg>${keyTwo}</arg>
<doc>Fails if ``key`` is not found from ``dictionary``.</doc>
<status status="PASS" start="2024-08-05T14:13:58.136908" elapsed="0.000397"/>
</kw>
<kw name="Dictionary Should Contain Key" owner="Collections">
<arg>${json_data['results'][0]['login']}</arg>
<arg>${keyTwo}</arg>
<doc>Fails if ``key`` is not found from ``dictionary``.</doc>
<status status="PASS" start="2024-08-05T14:13:58.137483" elapsed="0.000381"/>
</kw>
<kw name="Log" owner="BuiltIn">
<msg time="2024-08-05T14:13:58.138223" level="INFO">password</msg>
<arg>${keyTwo}</arg>
<doc>Logs the given message with the given level.</doc>
<status status="PASS" start="2024-08-05T14:13:58.138086" elapsed="0.000175"/>
</kw>
<var name="${keyTwo}">password</var>
<status status="PASS" start="2024-08-05T14:13:58.136803" elapsed="0.001681"/>
</iter>
<var>${keyTwo}</var>
<value>@{expected_keysTwo}</value>
<status status="PASS" start="2024-08-05T14:13:58.134852" elapsed="0.003759"/>
</for>
<status status="PASS" start="2024-08-05T14:13:57.397519" elapsed="0.741235"/>
</kw>
<doc>Testa a estrutura da resposta da API.</doc>
<tag>testeEstruturaResposta</tag>
<status status="PASS" start="2024-08-05T14:13:57.396954" elapsed="0.741956"/>
</test>
<test id="s1-s1-t4" name="Validar tipos de dados" line="28">
<kw name="Teste de Tipos de Dados" owner="random-user-service">
<kw name="GET On Session" owner="RequestsLibrary">
<msg time="2024-08-05T14:13:58.762064" level="INFO">GET Request : url=https://randomuser.me/api 
 path_url=/api 
 headers={'User-Agent': 'python-requests/2.32.3', 'Accept-Encoding': 'gzip, deflate', 'Accept': '*/*', 'Connection': 'keep-alive'} 
 body=None 
 </msg>
<msg time="2024-08-05T14:13:58.762165" level="INFO">GET Response : url=https://randomuser.me/api 
 status=200, reason=OK 
 headers={'Date': 'Mon, 05 Aug 2024 14:13:58 GMT', 'Content-Type': 'application/json; charset=utf-8', 'Transfer-Encoding': 'chunked', 'Connection': 'keep-alive', 'X-Powered-By': 'Express', 'Access-Control-Allow-Origin': '*', 'Cache-Control': 'no-cache', 'ETag': 'W/"487-zokgvY52i3er15Ap68rX3w2CWgA"', 'Vary': 'Accept-Encoding', 'Content-Encoding': 'gzip', 'CF-Cache-Status': 'DYNAMIC', 'Report-To': '{"endpoints":[{"url":"https:\\/\\/a.nel.cloudflare.com\\/report\\/v4?s=XF8XWts3OMmPhcEhlxy9zzCt5zp3ZN2Jzp%2F7blu%2FdhocYFIsJBABavDf1Titm3SXgLFtIcXN2hFZPYPJlhD%2FLhffFecIORmLRGlHHiKxSfFkzdzoP95dMy23%2BZKzxCyd"}],"group":"cf-nel","max_age":604800}', 'NEL': '{"success_fraction":0,"report_to":"cf-nel","max_age":604800}', 'Server': 'cloudflare', 'CF-RAY': '8ae7640e6fb9e262-ORD', 'alt-svc': 'h3=":443"; ma=86400'} 
 body={"results":[{"gender":"male","name":{"title":"Mr","first":"Valtteri","last":"Tanner"},"location":{"street":{"number":767,"name":"Visiokatu"},"city":"Seinäjoki","state":"Pirkanmaa","country":"Finland","postcode":39277,"coordinates":{"latitude":"-29.0974","longitude":"-58.9543"},"timezone":{"offset":"-8:00","description":"Pacific Time (US &amp; Canada)"}},"email":"valtteri.tanner@example.com","login":{"uuid":"ee21fc85-2cfc-4dea-a1b9-828c0adc771e","username":"sadlion574","password":"asia","salt":"hW9X25Qj","md5":"10d08ecd394594a0c3e3e9956df43972","sha1":"694b7de3d886c99714176fa91e996d9b8b1faec4","sha256":"1c1cdcf626c0e6ae7fd0c4d8380f1ebcf1777f23a2d70b5add967f829e2e9737"},"dob":{"date":"1953-07-10T02:33:38.698Z","age":71},"registered":{"date":"2012-10-31T09:27:05.582Z","age":11},"phone":"02-687-441","cell":"049-885-01-26","id":{"name":"HETU","value":"NaNNA885undefined"},"picture":{"large":"https://randomuser.me/api/portraits/men/80.jpg","medium":"https://randomuser.me/api/portraits/med/men/80.jpg","thumbnail":"https://randomuser.me/api/portraits/thumb/men/80.jpg"},"nat":"FI"}],"info":{"seed":"ce5b2ab883809f91","results":1,"page":1,"version":"1.4"}} 
 </msg>
<msg time="2024-08-05T14:13:58.762241" level="INFO">/opt/hostedtoolcache/Python/3.12.4/x64/lib/python3.12/site-packages/urllib3/connectionpool.py:1099: InsecureRequestWarning: Unverified HTTPS request is being made to host 'randomuser.me'. Adding certificate verification is strongly advised. See: https://urllib3.readthedocs.io/en/latest/advanced-usage.html#tls-warnings
  warnings.warn(</msg>
<msg time="2024-08-05T14:13:58.762359" level="INFO">${response} = &lt;Response [200]&gt;</msg>
<var>${response}</var>
<arg>consultarAPI</arg>
<arg>/api</arg>
<doc>Sends a GET request on a previously created HTTP Session.</doc>
<status status="PASS" start="2024-08-05T14:13:58.141356" elapsed="0.621033"/>
</kw>
<kw name="Set Variable" owner="BuiltIn">
<msg time="2024-08-05T14:13:58.763460" level="INFO">${json_data} = {'results': [{'gender': 'male', 'name': {'title': 'Mr', 'first': 'Valtteri', 'last': 'Tanner'}, 'location': {'street': {'number': 767, 'name': 'Visiokatu'}, 'city': 'Seinäjoki', 'state': 'Pirkanmaa', ...</msg>
<var>${json_data}</var>
<arg>${response.json()}</arg>
<doc>Returns the given values which can then be assigned to a variables.</doc>
<status status="PASS" start="2024-08-05T14:13:58.762929" elapsed="0.000562"/>
</kw>
<kw name="Log" owner="BuiltIn">
<msg time="2024-08-05T14:13:58.763953" level="INFO">{'results': [{'gender': 'male', 'name': {'title': 'Mr', 'first': 'Valtteri', 'last': 'Tanner'}, 'location': {'street': {'number': 767, 'name': 'Visiokatu'}, 'city': 'Seinäjoki', 'state': 'Pirkanmaa', 'country': 'Finland', 'postcode': 39277, 'coordinates': {'latitude': '-29.0974', 'longitude': '-58.9543'}, 'timezone': {'offset': '-8:00', 'description': 'Pacific Time (US &amp; Canada)'}}, 'email': 'valtteri.tanner@example.com', 'login': {'uuid': 'ee21fc85-2cfc-4dea-a1b9-828c0adc771e', 'username': 'sadlion574', 'password': 'asia', 'salt': 'hW9X25Qj', 'md5': '10d08ecd394594a0c3e3e9956df43972', 'sha1': '694b7de3d886c99714176fa91e996d9b8b1faec4', 'sha256': '1c1cdcf626c0e6ae7fd0c4d8380f1ebcf1777f23a2d70b5add967f829e2e9737'}, 'dob': {'date': '1953-07-10T02:33:38.698Z', 'age': 71}, 'registered': {'date': '2012-10-31T09:27:05.582Z', 'age': 11}, 'phone': '02-687-441', 'cell': '049-885-01-26', 'id': {'name': 'HETU', 'value': 'NaNNA885undefined'}, 'picture': {'large': 'https://randomuser.me/api/portraits/men/80.jpg', 'medium': 'https://randomuser.me/api/portraits/med/men/80.jpg', 'thumbnail': 'https://randomuser.me/api/portraits/thumb/men/80.jpg'}, 'nat': 'FI'}], 'info': {'seed': 'ce5b2ab883809f91', 'results': 1, 'page': 1, 'version': '1.4'}}</msg>
<arg>${json_data}</arg>
<doc>Logs the given message with the given level.</doc>
<status status="PASS" start="2024-08-05T14:13:58.763796" elapsed="0.000208"/>
</kw>
<kw name="Should Be String" owner="String">
<arg>${json_data['results'][0]['gender']}</arg>
<doc>Fails if the given ``item`` is not a string.</doc>
<status status="PASS" start="2024-08-05T14:13:58.764296" elapsed="0.000360"/>
</kw>
<kw name="Should Match Regexp" owner="BuiltIn">
<arg>${json_data['results'][0]['email']}</arg>
<arg>^[a-zA-Z0-9._%+-]+@[a-zA-Z0-9.-]+\.[a-zA-Z]{2,}$</arg>
<doc>Fails if ``string`` does not match ``pattern`` as a regular expression.</doc>
<status status="PASS" start="2024-08-05T14:13:58.764848" elapsed="0.000527"/>
</kw>
<kw name="Should Match Regexp" owner="BuiltIn">
<arg>${json_data['results'][0]['dob']['date']}</arg>
<arg>\\d{4}-\\d{2}-\\d{2}T\\d{2}:\\d{2}:\\d{2}\\.\\d{3}Z</arg>
<doc>Fails if ``string`` does not match ``pattern`` as a regular expression.</doc>
<status status="PASS" start="2024-08-05T14:13:58.765607" elapsed="0.000672"/>
</kw>
<kw name="Should Match Regexp" owner="BuiltIn">
<arg>${json_data['results'][0]['registered']['date']}</arg>
<arg>\\d{4}-\\d{2}-\\d{2}T\\d{2}:\\d{2}:\\d{2}\\.\\d{3}Z</arg>
<doc>Fails if ``string`` does not match ``pattern`` as a regular expression.</doc>
<status status="PASS" start="2024-08-05T14:13:58.766476" elapsed="0.000374"/>
</kw>
<kw name="Should Match Regexp" owner="BuiltIn">
<arg>${json_data['results'][0]['picture']['large']}</arg>
<arg>^https?://.*\.(?:png|jpe?g|gif|bmp)$</arg>
<doc>Fails if ``string`` does not match ``pattern`` as a regular expression.</doc>
<status status="PASS" start="2024-08-05T14:13:58.767036" elapsed="0.000462"/>
</kw>
<kw name="Should Match Regexp" owner="BuiltIn">
<arg>${json_data['results'][0]['picture']['medium']}</arg>
<arg>^https?://.*\.(?:png|jpe?g|gif|bmp)$</arg>
<doc>Fails if ``string`` does not match ``pattern`` as a regular expression.</doc>
<status status="PASS" start="2024-08-05T14:13:58.767684" elapsed="0.000354"/>
</kw>
<kw name="Should Match Regexp" owner="BuiltIn">
<arg>${json_data['results'][0]['picture']['thumbnail']}</arg>
<arg>^https?://.*\.(?:png|jpe?g|gif|bmp)$</arg>
<doc>Fails if ``string`` does not match ``pattern`` as a regular expression.</doc>
<status status="PASS" start="2024-08-05T14:13:58.768220" elapsed="0.000350"/>
</kw>
<kw name="Log" owner="BuiltIn">
<msg time="2024-08-05T14:13:58.769063" level="INFO">{'large': 'https://randomuser.me/api/portraits/men/80.jpg', 'medium': 'https://randomuser.me/api/portraits/med/men/80.jpg', 'thumbnail': 'https://randomuser.me/api/portraits/thumb/men/80.jpg'}</msg>
<arg>${json_data['results'][0]['picture']}</arg>
<doc>Logs the given message with the given level.</doc>
<status status="PASS" start="2024-08-05T14:13:58.768746" elapsed="0.000358"/>
</kw>
<status status="PASS" start="2024-08-05T14:13:58.141135" elapsed="0.628226"/>
</kw>
<kw name="Teste de Tipos de Dados - Postcode" owner="random-user-service">
<kw name="GET On Session" owner="RequestsLibrary">
<msg time="2024-08-05T14:13:59.233197" level="INFO">GET Request : url=https://randomuser.me/api 
 path_url=/api 
 headers={'User-Agent': 'python-requests/2.32.3', 'Accept-Encoding': 'gzip, deflate', 'Accept': '*/*', 'Connection': 'keep-alive'} 
 body=None 
 </msg>
<msg time="2024-08-05T14:13:59.233304" level="INFO">GET Response : url=https://randomuser.me/api 
 status=200, reason=OK 
 headers={'Date': 'Mon, 05 Aug 2024 14:13:59 GMT', 'Content-Type': 'application/json; charset=utf-8', 'Transfer-Encoding': 'chunked', 'Connection': 'keep-alive', 'X-Powered-By': 'Express', 'Access-Control-Allow-Origin': '*', 'Cache-Control': 'no-cache', 'ETag': 'W/"4a0-//7TDWad3UN4FIGynHHfScOi1P0"', 'Vary': 'Accept-Encoding', 'Content-Encoding': 'gzip', 'CF-Cache-Status': 'DYNAMIC', 'Report-To': '{"endpoints":[{"url":"https:\\/\\/a.nel.cloudflare.com\\/report\\/v4?s=dK%2Bs0HEJ5ubiOHFyTJkAfv3NdCIO2W2WryM2p%2FGfbw0IBe6SW5BOEC1v%2FkA%2BbZAYNiXhVWxHwev9tntmAQ%2BYm%2BtF7fw1NozbCiCLzbJ%2Feqx4%2Fgs%2F%2BjeFRg3ZvarHlipf"}],"group":"cf-nel","max_age":604800}', 'NEL': '{"success_fraction":0,"report_to":"cf-nel","max_age":604800}', 'Server': 'cloudflare', 'CF-RAY': '8ae764125cb3e262-ORD', 'alt-svc': 'h3=":443"; ma=86400'} 
 body={"results":[{"gender":"female","name":{"title":"Miss","first":"Arlene","last":"Hart"},"location":{"street":{"number":2053,"name":"Mcclellan Rd"},"city":"Van Alstyne","state":"Minnesota","country":"United States","postcode":33275,"coordinates":{"latitude":"89.3921","longitude":"97.8926"},"timezone":{"offset":"+9:00","description":"Tokyo, Seoul, Osaka, Sapporo, Yakutsk"}},"email":"arlene.hart@example.com","login":{"uuid":"160e37e7-4c30-46a7-a2ae-8ccca6c65923","username":"tinyleopard798","password":"osiris","salt":"YndyNEzk","md5":"99eb941f3b3c2f1f81f8419bb9aa9ba2","sha1":"204c379aad8da0c3f594ff49bde39a7392d0e41f","sha256":"2d37f2b2e6799f3097ead2e616eea19cd7c49db014b7d38ae73d87328e8fd73e"},"dob":{"date":"1988-08-11T02:08:39.938Z","age":35},"registered":{"date":"2018-06-29T07:43:45.887Z","age":6},"phone":"(584) 451-2665","cell":"(314) 918-6356","id":{"name":"SSN","value":"473-41-3026"},"picture":{"large":"https://randomuser.me/api/portraits/women/65.jpg","medium":"https://randomuser.me/api/portraits/med/women/65.jpg","thumbnail":"https://randomuser.me/api/portraits/thumb/women/65.jpg"},"nat":"US"}],"info":{"seed":"050c23285a7da771","results":1,"page":1,"version":"1.4"}} 
 </msg>
<msg time="2024-08-05T14:13:59.233374" level="INFO">/opt/hostedtoolcache/Python/3.12.4/x64/lib/python3.12/site-packages/urllib3/connectionpool.py:1099: InsecureRequestWarning: Unverified HTTPS request is being made to host 'randomuser.me'. Adding certificate verification is strongly advised. See: https://urllib3.readthedocs.io/en/latest/advanced-usage.html#tls-warnings
  warnings.warn(</msg>
<msg time="2024-08-05T14:13:59.233494" level="INFO">${response} = &lt;Response [200]&gt;</msg>
<var>${response}</var>
<arg>consultarAPI</arg>
<arg>/api</arg>
<doc>Sends a GET request on a previously created HTTP Session.</doc>
<status status="PASS" start="2024-08-05T14:13:58.769808" elapsed="0.463720"/>
</kw>
<kw name="Set Variable" owner="BuiltIn">
<msg time="2024-08-05T14:13:59.234648" level="INFO">${json_data} = {'results': [{'gender': 'female', 'name': {'title': 'Miss', 'first': 'Arlene', 'last': 'Hart'}, 'location': {'street': {'number': 2053, 'name': 'Mcclellan Rd'}, 'city': 'Van Alstyne', 'state': 'Minnes...</msg>
<var>${json_data}</var>
<arg>${response.json()}</arg>
<doc>Returns the given values which can then be assigned to a variables.</doc>
<status status="PASS" start="2024-08-05T14:13:59.234118" elapsed="0.000558"/>
</kw>
<kw name="Log" owner="BuiltIn">
<msg time="2024-08-05T14:13:59.235138" level="INFO">{'results': [{'gender': 'female', 'name': {'title': 'Miss', 'first': 'Arlene', 'last': 'Hart'}, 'location': {'street': {'number': 2053, 'name': 'Mcclellan Rd'}, 'city': 'Van Alstyne', 'state': 'Minnesota', 'country': 'United States', 'postcode': 33275, 'coordinates': {'latitude': '89.3921', 'longitude': '97.8926'}, 'timezone': {'offset': '+9:00', 'description': 'Tokyo, Seoul, Osaka, Sapporo, Yakutsk'}}, 'email': 'arlene.hart@example.com', 'login': {'uuid': '160e37e7-4c30-46a7-a2ae-8ccca6c65923', 'username': 'tinyleopard798', 'password': 'osiris', 'salt': 'YndyNEzk', 'md5': '99eb941f3b3c2f1f81f8419bb9aa9ba2', 'sha1': '204c379aad8da0c3f594ff49bde39a7392d0e41f', 'sha256': '2d37f2b2e6799f3097ead2e616eea19cd7c49db014b7d38ae73d87328e8fd73e'}, 'dob': {'date': '1988-08-11T02:08:39.938Z', 'age': 35}, 'registered': {'date': '2018-06-29T07:43:45.887Z', 'age': 6}, 'phone': '(584) 451-2665', 'cell': '(314) 918-6356', 'id': {'name': 'SSN', 'value': '473-41-3026'}, 'picture': {'large': 'https://randomuser.me/api/portraits/women/65.jpg', 'medium': 'https://randomuser.me/api/portraits/med/women/65.jpg', 'thumbnail': 'https://randomuser.me/api/portraits/thumb/women/65.jpg'}, 'nat': 'US'}], 'info': {'seed': '050c23285a7da771', 'results': 1, 'page': 1, 'version': '1.4'}}</msg>
<arg>${json_data}</arg>
<doc>Logs the given message with the given level.</doc>
<status status="PASS" start="2024-08-05T14:13:59.234981" elapsed="0.000203"/>
</kw>
<kw name="Should Be Equal As Numbers" owner="BuiltIn">
<arg>${json_data['results'][0]['location']['postcode']}</arg>
<arg>${json_data['results'][0]['location']['postcode']}</arg>
<doc>Fails if objects are unequal after converting them to real numbers.</doc>
<status status="PASS" start="2024-08-05T14:13:59.235475" elapsed="0.000619"/>
</kw>
<kw name="Log" owner="BuiltIn">
<msg time="2024-08-05T14:13:59.236619" level="INFO">33275</msg>
<arg>${json_data['results'][0]['location']['postcode']}</arg>
<doc>Logs the given message with the given level.</doc>
<status status="PASS" start="2024-08-05T14:13:59.236281" elapsed="0.000379"/>
</kw>
<status status="PASS" start="2024-08-05T14:13:58.769583" elapsed="0.467359"/>
</kw>
<doc>Testa se os tipos de dados na resposta da API estão corretos.</doc>
<tag>testeTiposDados</tag>
<status status="PASS" start="2024-08-05T14:13:58.140669" elapsed="1.096445"/>
</test>
<test id="s1-s1-t5" name="Validar conteudo" line="35">
<kw name="Teste de Tipos de Conteudo" owner="random-user-service">
<kw name="GET On Session" owner="RequestsLibrary">
<msg time="2024-08-05T14:13:59.569991" level="INFO">GET Request : url=https://randomuser.me/api 
 path_url=/api 
 headers={'User-Agent': 'python-requests/2.32.3', 'Accept-Encoding': 'gzip, deflate', 'Accept': '*/*', 'Connection': 'keep-alive'} 
 body=None 
 </msg>
<msg time="2024-08-05T14:13:59.570145" level="INFO">GET Response : url=https://randomuser.me/api 
 status=200, reason=OK 
 headers={'Date': 'Mon, 05 Aug 2024 14:13:59 GMT', 'Content-Type': 'application/json; charset=utf-8', 'Transfer-Encoding': 'chunked', 'Connection': 'keep-alive', 'X-Powered-By': 'Express', 'Access-Control-Allow-Origin': '*', 'Cache-Control': 'no-cache', 'ETag': 'W/"4ae-SwxQ1ebCG6CVTcFmR7OJHOfvh38"', 'Vary': 'Accept-Encoding', 'Content-Encoding': 'gzip', 'CF-Cache-Status': 'DYNAMIC', 'Report-To': '{"endpoints":[{"url":"https:\\/\\/a.nel.cloudflare.com\\/report\\/v4?s=jAg4m4w0PYHcTMmMJ5ExOOho%2B%2BkA4PBzNzL3MEtt7DEM%2BvNmlru%2B7lBnXJ7uEn9Hob0EgdlUyRfpIc%2BJN52WXG%2FUCJ1X0mU9NGbT4PsNC74yUvV42vVibmK%2BUpbs7N9A"}],"group":"cf-nel","max_age":604800}', 'NEL': '{"success_fraction":0,"report_to":"cf-nel","max_age":604800}', 'Server': 'cloudflare', 'CF-RAY': '8ae764154861e262-ORD', 'alt-svc': 'h3=":443"; ma=86400'} 
 body={"results":[{"gender":"female","name":{"title":"Mrs","first":"Jaqueline","last":"Ballesteros"},"location":{"street":{"number":8207,"name":"Callejón Sur Estévez"},"city":"Pueblo Nuevo","state":"Zacatecas","country":"Mexico","postcode":72983,"coordinates":{"latitude":"26.3973","longitude":"114.4882"},"timezone":{"offset":"+6:00","description":"Almaty, Dhaka, Colombo"}},"email":"jaqueline.ballesteros@example.com","login":{"uuid":"81acd39f-bcf5-4d0f-9054-d0e66939a061","username":"brownsnake101","password":"fighter","salt":"U9u2a9Zc","md5":"f4397bc3dfba07d17a3f273053127895","sha1":"03d69ea47b007db164d256a73edf63347b677595","sha256":"76a90bf9d118a86669855795b855a04aea5c01a994b89c42d9f638e6b9e131a7"},"dob":{"date":"1997-01-15T10:56:23.371Z","age":27},"registered":{"date":"2010-03-19T06:32:36.310Z","age":14},"phone":"(662) 560 4075","cell":"(675) 485 7921","id":{"name":"NSS","value":"07 62 74 8089 9"},"picture":{"large":"https://randomuser.me/api/portraits/women/40.jpg","medium":"https://randomuser.me/api/portraits/med/women/40.jpg","thumbnail":"https://randomuser.me/api/portraits/thumb/women/40.jpg"},"nat":"MX"}],"info":{"seed":"37eafece27f7fb24","results":1,"page":1,"version":"1.4"}} 
 </msg>
<msg time="2024-08-05T14:13:59.570234" level="INFO">/opt/hostedtoolcache/Python/3.12.4/x64/lib/python3.12/site-packages/urllib3/connectionpool.py:1099: InsecureRequestWarning: Unverified HTTPS request is being made to host 'randomuser.me'. Adding certificate verification is strongly advised. See: https://urllib3.readthedocs.io/en/latest/advanced-usage.html#tls-warnings
  warnings.warn(</msg>
<msg time="2024-08-05T14:13:59.570378" level="INFO">${response} = &lt;Response [200]&gt;</msg>
<var>${response}</var>
<arg>consultarAPI</arg>
<arg>/api</arg>
<doc>Sends a GET request on a previously created HTTP Session.</doc>
<status status="PASS" start="2024-08-05T14:13:59.239650" elapsed="0.330776"/>
</kw>
<kw name="Set Variable" owner="BuiltIn">
<msg time="2024-08-05T14:13:59.571817" level="INFO">${json_data} = {'results': [{'gender': 'female', 'name': {'title': 'Mrs', 'first': 'Jaqueline', 'last': 'Ballesteros'}, 'location': {'street': {'number': 8207, 'name': 'Callejón Sur Estévez'}, 'city': 'Pueblo Nuevo'...</msg>
<var>${json_data}</var>
<arg>${response.json()}</arg>
<doc>Returns the given values which can then be assigned to a variables.</doc>
<status status="PASS" start="2024-08-05T14:13:59.571100" elapsed="0.000748"/>
</kw>
<kw name="Set Variable" owner="BuiltIn">
<msg time="2024-08-05T14:13:59.572556" level="INFO">${name_title} = Mrs</msg>
<var>${name_title}</var>
<arg>${json_data["results"][0]["name"]["title"]}</arg>
<doc>Returns the given values which can then be assigned to a variables.</doc>
<status status="PASS" start="2024-08-05T14:13:59.572165" elapsed="0.000417"/>
</kw>
<kw name="Create List" owner="BuiltIn">
<msg time="2024-08-05T14:13:59.573030" level="INFO">${allowed_titles} = ['Mr', 'Ms', 'Miss', 'Mrs', 'Madame', 'Monsieur']</msg>
<var>${allowed_titles}</var>
<arg>Mr</arg>
<arg>Ms</arg>
<arg>Miss</arg>
<arg>Mrs</arg>
<arg>Madame</arg>
<arg>Monsieur</arg>
<doc>Returns a list containing given items.</doc>
<status status="PASS" start="2024-08-05T14:13:59.572879" elapsed="0.000176"/>
</kw>
<kw name="List Should Contain Value" owner="Collections">
<arg>${allowed_titles}</arg>
<arg>${name_title}</arg>
<doc>Fails if the ``value`` is not found from ``list``.</doc>
<status status="PASS" start="2024-08-05T14:13:59.573361" elapsed="0.000183"/>
</kw>
<kw name="Set Variable" owner="BuiltIn">
<msg time="2024-08-05T14:13:59.574135" level="INFO">${name_country} = MX</msg>
<var>${name_country}</var>
<arg>${json_data["results"][0]["nat"]}</arg>
<doc>Returns the given values which can then be assigned to a variables.</doc>
<status status="PASS" start="2024-08-05T14:13:59.573727" elapsed="0.000441"/>
</kw>
<kw name="Create List" owner="BuiltIn">
<msg time="2024-08-05T14:13:59.575065" level="INFO">${list_country} = ['AD', 'AE', 'AF', 'AG', 'AI', 'AL', 'AM', 'AO', 'AQ', 'AR', 'AS', 'AT', 'AU', 'AW', 'AX', 'AZ', 'BA', 'BB', 'BD', 'BE', 'BF', 'BG', 'BH', 'BI', 'BJ', 'BL', 'BM', 'BN', 'BO', 'BQ', 'BR', 'BS', 'BT', '...</msg>
<var>${list_country}</var>
<arg>AD</arg>
<arg>AE</arg>
<arg>AF</arg>
<arg>AG</arg>
<arg>AI</arg>
<arg>AL</arg>
<arg>AM</arg>
<arg>AO</arg>
<arg>AQ</arg>
<arg>AR</arg>
<arg>AS</arg>
<arg>AT</arg>
<arg>AU</arg>
<arg>AW</arg>
<arg>AX</arg>
<arg>AZ</arg>
<arg>BA</arg>
<arg>BB</arg>
<arg>BD</arg>
<arg>BE</arg>
<arg>BF</arg>
<arg>BG</arg>
<arg>BH</arg>
<arg>BI</arg>
<arg>BJ</arg>
<arg>BL</arg>
<arg>BM</arg>
<arg>BN</arg>
<arg>BO</arg>
<arg>BQ</arg>
<arg>BR</arg>
<arg>BS</arg>
<arg>BT</arg>
<arg>BV</arg>
<arg>BW</arg>
<arg>BY</arg>
<arg>BZ</arg>
<arg>CA</arg>
<arg>CC</arg>
<arg>CD</arg>
<arg>CF</arg>
<arg>CG</arg>
<arg>CH</arg>
<arg>CI</arg>
<arg>CK</arg>
<arg>CL</arg>
<arg>CM</arg>
<arg>CN</arg>
<arg>CO</arg>
<arg>CR</arg>
<arg>CU</arg>
<arg>CV</arg>
<arg>CW</arg>
<arg>CX</arg>
<arg>CY</arg>
<arg>CZ</arg>
<arg>DE</arg>
<arg>DJ</arg>
<arg>DK</arg>
<arg>DM</arg>
<arg>DO</arg>
<arg>DZ</arg>
<arg>EC</arg>
<arg>EE</arg>
<arg>EG</arg>
<arg>EH</arg>
<arg>ER</arg>
<arg>ES</arg>
<arg>ET</arg>
<arg>FI</arg>
<arg>FJ</arg>
<arg>FK</arg>
<arg>FM</arg>
<arg>FO</arg>
<arg>FR</arg>
<arg>GA</arg>
<arg>GB</arg>
<arg>GD</arg>
<arg>GE</arg>
<arg>GF</arg>
<arg>GG</arg>
<arg>GH</arg>
<arg>GI</arg>
<arg>GL</arg>
<arg>GM</arg>
<arg>GN</arg>
<arg>GP</arg>
<arg>GQ</arg>
<arg>GR</arg>
<arg>GS</arg>
<arg>GT</arg>
<arg>GU</arg>
<arg>GW</arg>
<arg>GY</arg>
<arg>HK</arg>
<arg>HM</arg>
<arg>HN</arg>
<arg>HR</arg>
<arg>HT</arg>
<arg>HU</arg>
<arg>ID</arg>
<arg>IE</arg>
<arg>IL</arg>
<arg>IM</arg>
<arg>IN</arg>
<arg>IO</arg>
<arg>IQ</arg>
<arg>IR</arg>
<arg>IS</arg>
<arg>IT</arg>
<arg>JE</arg>
<arg>JM</arg>
<arg>JO</arg>
<arg>JP</arg>
<arg>KE</arg>
<arg>KG</arg>
<arg>KH</arg>
<arg>KI</arg>
<arg>KM</arg>
<arg>KN</arg>
<arg>KP</arg>
<arg>KR</arg>
<arg>KW</arg>
<arg>KY</arg>
<arg>KZ</arg>
<arg>LA</arg>
<arg>LB</arg>
<arg>LC</arg>
<arg>LI</arg>
<arg>LK</arg>
<arg>LR</arg>
<arg>LS</arg>
<arg>LT</arg>
<arg>LU</arg>
<arg>LV</arg>
<arg>LY</arg>
<arg>MA</arg>
<arg>MC</arg>
<arg>MD</arg>
<arg>ME</arg>
<arg>MF</arg>
<arg>MG</arg>
<arg>MH</arg>
<arg>MK</arg>
<arg>ML</arg>
<arg>MM</arg>
<arg>MN</arg>
<arg>MO</arg>
<arg>MP</arg>
<arg>MQ</arg>
<arg>MR</arg>
<arg>MS</arg>
<arg>MT</arg>
<arg>MU</arg>
<arg>MV</arg>
<arg>MW</arg>
<arg>MX</arg>
<arg>MY</arg>
<arg>MZ</arg>
<arg>NA</arg>
<arg>NC</arg>
<arg>NE</arg>
<arg>NF</arg>
<arg>NG</arg>
<arg>NI</arg>
<arg>NL</arg>
<arg>NO</arg>
<arg>NP</arg>
<arg>NR</arg>
<arg>NU</arg>
<arg>NZ</arg>
<arg>OM</arg>
<arg>PA</arg>
<arg>PE</arg>
<arg>PF</arg>
<arg>PG</arg>
<arg>PH</arg>
<arg>PK</arg>
<arg>PL</arg>
<arg>PM</arg>
<arg>PN</arg>
<arg>PR</arg>
<arg>PS</arg>
<arg>PT</arg>
<arg>PW</arg>
<arg>PY</arg>
<arg>QA</arg>
<arg>RE</arg>
<arg>RO</arg>
<arg>RS</arg>
<arg>RU</arg>
<arg>RW</arg>
<arg>SA</arg>
<arg>SB</arg>
<arg>SC</arg>
<arg>SD</arg>
<arg>SE</arg>
<arg>SG</arg>
<arg>SH</arg>
<arg>SI</arg>
<arg>SJ</arg>
<arg>SK</arg>
<arg>SL</arg>
<arg>SM</arg>
<arg>SN</arg>
<arg>SO</arg>
<arg>SR</arg>
<arg>SS</arg>
<arg>ST</arg>
<arg>SV</arg>
<arg>SX</arg>
<arg>SY</arg>
<arg>SZ</arg>
<arg>TC</arg>
<arg>TD</arg>
<arg>TF</arg>
<arg>TG</arg>
<arg>TH</arg>
<arg>TJ</arg>
<arg>TK</arg>
<arg>TL</arg>
<arg>TM</arg>
<arg>TN</arg>
<arg>TO</arg>
<arg>TR</arg>
<arg>TT</arg>
<arg>TV</arg>
<arg>TW</arg>
<arg>TZ</arg>
<arg>UA</arg>
<arg>UG</arg>
<arg>UM</arg>
<arg>US</arg>
<arg>UY</arg>
<arg>UZ</arg>
<arg>VA</arg>
<arg>VC</arg>
<arg>VE</arg>
<arg>VG</arg>
<arg>VI</arg>
<arg>VN</arg>
<arg>VU</arg>
<arg>WF</arg>
<arg>WS</arg>
<arg>XK</arg>
<arg>YE</arg>
<arg>YT</arg>
<arg>ZA</arg>
<arg>ZM</arg>
<arg>ZW</arg>
<doc>Returns a list containing given items.</doc>
<status status="PASS" start="2024-08-05T14:13:59.574466" elapsed="0.000625"/>
</kw>
<kw name="List Should Contain Value" owner="Collections">
<arg>${list_country}</arg>
<arg>${name_country}</arg>
<doc>Fails if the ``value`` is not found from ``list``.</doc>
<status status="PASS" start="2024-08-05T14:13:59.576090" elapsed="0.000212"/>
</kw>
<kw name="Run Keyword If" owner="BuiltIn">
<kw name="Should Be True" owner="BuiltIn">
<arg>${True}</arg>
<doc>Fails if the given condition is not true.</doc>
<status status="PASS" start="2024-08-05T14:13:59.577273" elapsed="0.000145"/>
</kw>
<arg>${json_data["results"][0]["location"]["coordinates"]["latitude"]} &gt;= -90 and ${json_data["results"][0]["location"]["coordinates"]["latitude"]} &lt;= 90</arg>
<arg>Should Be True</arg>
<arg>${True}</arg>
<doc>Runs the given keyword with the given arguments, if ``condition`` is true.</doc>
<status status="PASS" start="2024-08-05T14:13:59.576502" elapsed="0.001042"/>
</kw>
<kw name="Run Keyword If" owner="BuiltIn">
<kw name="Should Be True" owner="BuiltIn">
<arg>${True}</arg>
<doc>Fails if the given condition is not true.</doc>
<status status="PASS" start="2024-08-05T14:13:59.578476" elapsed="0.000140"/>
</kw>
<arg>${json_data["results"][0]["location"]["coordinates"]["longitude"]} &gt;= -180 and ${json_data["results"][0]["location"]["coordinates"]["longitude"]} &lt;= 180</arg>
<arg>Should Be True</arg>
<arg>${True}</arg>
<doc>Runs the given keyword with the given arguments, if ``condition`` is true.</doc>
<status status="PASS" start="2024-08-05T14:13:59.577726" elapsed="0.001017"/>
</kw>
<status status="PASS" start="2024-08-05T14:13:59.239429" elapsed="0.339446"/>
</kw>
<doc>Testa o conteúdo específico dos campos retornados pela API.</doc>
<tag>testeConteudo</tag>
<status status="PASS" start="2024-08-05T14:13:59.238946" elapsed="0.340087"/>
</test>
<status status="PASS" start="2024-08-05T14:13:56.439191" elapsed="3.141801"/>
</suite>
<status status="PASS" start="2024-08-05T14:13:56.424944" elapsed="3.161261"/>
</suite>
<statistics>
<total>
<stat pass="5" fail="0" skip="0">All Tests</stat>
</total>
<tag>
<stat pass="1" fail="0" skip="0">testeConteudo</stat>
<stat pass="1" fail="0" skip="0">testeEstruturaResposta</stat>
<stat pass="1" fail="0" skip="0">testeRequisicaoBasica</stat>
<stat pass="1" fail="0" skip="0">testeTiposDados</stat>
</tag>
<suite>
<stat pass="5" fail="0" skip="0" id="s1" name="Tests">Tests</stat>
<stat pass="5" fail="0" skip="0" id="s1-s1" name="Random-User-Test">Tests.Random-User-Test</stat>
</suite>
</statistics>
<errors>
</errors>
</robot>
