<?xml version="1.0" encoding="UTF-8"?>
<robot generator="Robot 7.0 (Python 3.12.3 on linux)" generated="2024-06-10T01:07:16.892599" rpa="false" schemaversion="5">
<suite id="s1" name="Tests" source="/home/runner/work/ApiRandomUser/ApiRandomUser/RamdonUser/tests">
<suite id="s1-s1" name="Random-User-Test" source="/home/runner/work/ApiRandomUser/ApiRandomUser/RamdonUser/tests/random-user-test.robot">
<test id="s1-s1-t1" name="Conectar" line="13">
<kw name="Conectar API" owner="random-user-service">
<kw name="Create Session" owner="RequestsLibrary">
<msg time="2024-06-10T01:07:17.307309" level="INFO">Creating Session using : alias=consultarAPI, url=https://randomuser.me/, headers={},                     cookies={}, auth=None, timeout=None, proxies=None, verify=False,                     debug=0 </msg>
<arg>consultarAPI</arg>
<arg>${URL}</arg>
<doc>Create Session: create a HTTP session to a server</doc>
<status status="PASS" start="2024-06-10T01:07:17.307042" elapsed="0.000480"/>
</kw>
<status status="PASS" start="2024-06-10T01:07:17.305996" elapsed="0.001929"/>
</kw>
<status status="PASS" start="2024-06-10T01:07:17.305280" elapsed="0.002866"/>
</test>
<test id="s1-s1-t2" name="Validar retorno 200 e JSON Válido" line="16">
<kw name="Teste de Requisicao Basica" owner="random-user-service">
<kw name="GET On Session" owner="RequestsLibrary">
<msg time="2024-06-10T01:07:17.397038" level="INFO">GET Request : url=https://randomuser.me/api 
 path_url=/api 
 headers={'User-Agent': 'python-requests/2.32.3', 'Accept-Encoding': 'gzip, deflate', 'Accept': '*/*', 'Connection': 'keep-alive'} 
 body=None 
 </msg>
<msg time="2024-06-10T01:07:17.397206" level="INFO">GET Response : url=https://randomuser.me/api 
 status=200, reason=OK 
 headers={'Date': 'Mon, 10 Jun 2024 01:07:17 GMT', 'Content-Type': 'application/json; charset=utf-8', 'Transfer-Encoding': 'chunked', 'Connection': 'keep-alive', 'X-Powered-By': 'Express', 'Access-Control-Allow-Origin': '*', 'Cache-Control': 'no-cache', 'ETag': 'W/"482-o+rD1/D3PgOvQEKMOtFXjToosMo"', 'Vary': 'Accept-Encoding', 'Content-Encoding': 'gzip', 'CF-Cache-Status': 'DYNAMIC', 'Report-To': '{"endpoints":[{"url":"https:\\/\\/a.nel.cloudflare.com\\/report\\/v4?s=UQW%2FHLSzqYaq2QGUX7SOC50qiBoFUkP3ZBbudteVQ9pxoGMxyACdbAOvs9aZB3qr9ko3EIavWU6FGFmS3s4UgfSRUYpwsw3WuFNAI1%2Bfn8NrEgNa%2F1Q7PAjPu2E7zFW9"}],"group":"cf-nel","max_age":604800}', 'NEL': '{"success_fraction":0,"report_to":"cf-nel","max_age":604800}', 'Server': 'cloudflare', 'CF-RAY': '891576b16819633f-ORD', 'alt-svc': 'h3=":443"; ma=86400'} 
 body={"results":[{"gender":"female","name":{"title":"Mrs","first":"Liepa","last":"Vartdal"},"location":{"street":{"number":969,"name":"Furuset allé"},"city":"Lyefjell","state":"Bergen","country":"Norway","postcode":"5544","coordinates":{"latitude":"39.1481","longitude":"62.2600"},"timezone":{"offset":"-8:00","description":"Pacific Time (US &amp; Canada)"}},"email":"liepa.vartdal@example.com","login":{"uuid":"8ea21371-8451-4fec-945a-ce6e96af7eea","username":"redrabbit891","password":"experienced","salt":"rwg03UZr","md5":"84e6d66f91d23b93d8e80b8ea981b1c8","sha1":"8847363a94aa5eea8a57b0801a46d0be7b88d8fe","sha256":"36de36608024adf191a03c72720537d3dbbadaa0afbd32fe333c5f80245f9770"},"dob":{"date":"1966-02-13T11:28:23.702Z","age":58},"registered":{"date":"2019-12-16T11:44:59.296Z","age":4},"phone":"56948863","cell":"92972604","id":{"name":"FN","value":"13026645233"},"picture":{"large":"https://randomuser.me/api/portraits/women/59.jpg","medium":"https://randomuser.me/api/portraits/med/women/59.jpg","thumbnail":"https://randomuser.me/api/portraits/thumb/women/59.jpg"},"nat":"NO"}],"info":{"seed":"fdcd1b3c11c226c6","results":1,"page":1,"version":"1.4"}} 
 </msg>
<msg time="2024-06-10T01:07:17.397305" level="INFO">/opt/hostedtoolcache/Python/3.12.3/x64/lib/python3.12/site-packages/urllib3/connectionpool.py:1103: InsecureRequestWarning: Unverified HTTPS request is being made to host 'randomuser.me'. Adding certificate verification is strongly advised. See: https://urllib3.readthedocs.io/en/latest/advanced-usage.html#tls-warnings
  warnings.warn(</msg>
<msg time="2024-06-10T01:07:17.397482" level="INFO">${response} = &lt;Response [200]&gt;</msg>
<var>${response}</var>
<arg>consultarAPI</arg>
<arg>/api</arg>
<doc>Sends a GET request on a previously created HTTP Session.</doc>
<status status="PASS" start="2024-06-10T01:07:17.310925" elapsed="0.086603"/>
</kw>
<kw name="Should Be Equal As Numbers" owner="BuiltIn">
<msg time="2024-06-10T01:07:17.398628" level="INFO">Argument types are:
&lt;class 'int'&gt;
&lt;class 'str'&gt;</msg>
<arg>${response.status_code}</arg>
<arg>200</arg>
<doc>Fails if objects are unequal after converting them to real numbers.</doc>
<status status="PASS" start="2024-06-10T01:07:17.398136" elapsed="0.000565"/>
</kw>
<kw name="Log" owner="BuiltIn">
<msg time="2024-06-10T01:07:17.399588" level="INFO">200</msg>
<arg>${response.status_code}</arg>
<doc>Logs the given message with the given level.</doc>
<status status="PASS" start="2024-06-10T01:07:17.399162" elapsed="0.000482"/>
</kw>
<kw name="Set Variable" owner="BuiltIn">
<msg time="2024-06-10T01:07:17.400492" level="INFO">${json_data} = {'results': [{'gender': 'female', 'name': {'title': 'Mrs', 'first': 'Liepa', 'last': 'Vartdal'}, 'location': {'street': {'number': 969, 'name': 'Furuset allé'}, 'city': 'Lyefjell', 'state': 'Bergen', ...</msg>
<var>${json_data}</var>
<arg>${response.json()}</arg>
<doc>Returns the given values which can then be assigned to a variables.</doc>
<status status="PASS" start="2024-06-10T01:07:17.400008" elapsed="0.000517"/>
</kw>
<kw name="Dictionary Should Contain Key" owner="Collections">
<msg time="2024-06-10T01:07:17.401066" level="INFO">False</msg>
<arg>${json_data}</arg>
<arg>results</arg>
<doc>Fails if ``key`` is not found from ``dictionary``.</doc>
<status status="PASS" start="2024-06-10T01:07:17.400878" elapsed="0.000229"/>
</kw>
<status status="PASS" start="2024-06-10T01:07:17.310657" elapsed="0.090724"/>
</kw>
<doc>Testa se a API responde corretamente e retorna um objeto JSON válido.</doc>
<tag>testeRequisicaoBasica</tag>
<status status="PASS" start="2024-06-10T01:07:17.310068" elapsed="0.091511"/>
</test>
<test id="s1-s1-t3" name="Validar estrutura de resposta" line="22">
<kw name="Teste de Estrutura de Resposta" owner="random-user-service">
<kw name="GET On Session" owner="RequestsLibrary">
<msg time="2024-06-10T01:07:17.503714" level="INFO">GET Request : url=https://randomuser.me/api 
 path_url=/api 
 headers={'User-Agent': 'python-requests/2.32.3', 'Accept-Encoding': 'gzip, deflate', 'Accept': '*/*', 'Connection': 'keep-alive'} 
 body=None 
 </msg>
<msg time="2024-06-10T01:07:17.503820" level="INFO">GET Response : url=https://randomuser.me/api 
 status=200, reason=OK 
 headers={'Date': 'Mon, 10 Jun 2024 01:07:17 GMT', 'Content-Type': 'application/json; charset=utf-8', 'Transfer-Encoding': 'chunked', 'Connection': 'keep-alive', 'X-Powered-By': 'Express', 'Access-Control-Allow-Origin': '*', 'Cache-Control': 'no-cache', 'ETag': 'W/"48d-XcVc6kQsu9gHwtaabY2NFZH1518"', 'Vary': 'Accept-Encoding', 'Content-Encoding': 'gzip', 'CF-Cache-Status': 'DYNAMIC', 'Report-To': '{"endpoints":[{"url":"https:\\/\\/a.nel.cloudflare.com\\/report\\/v4?s=7Wj39H9dsoKMnXYy4GtK1TJf%2BHQubPBzPAWSunaQ%2F1fYN%2F2qAaPhV%2BdwEyBl%2B9dR%2FVNpX%2F5iVAkTxTDj3v39BoOisjZwDKTzpqobU%2BS4eET8CdzqRa4su8HNVsaywT98"}],"group":"cf-nel","max_age":604800}', 'NEL': '{"success_fraction":0,"report_to":"cf-nel","max_age":604800}', 'Server': 'cloudflare', 'CF-RAY': '891576b1c8ad633f-ORD', 'alt-svc': 'h3=":443"; ma=86400'} 
 body={"results":[{"gender":"male","name":{"title":"Mr","first":"Chris","last":"White"},"location":{"street":{"number":7522,"name":"Wheeler Ridge Dr"},"city":"Adelaide","state":"Australian Capital Territory","country":"Australia","postcode":2390,"coordinates":{"latitude":"-87.4991","longitude":"-99.4226"},"timezone":{"offset":"+9:30","description":"Adelaide, Darwin"}},"email":"chris.white@example.com","login":{"uuid":"2fecf01b-8c20-45fc-8a99-c38a09d44f39","username":"organicmouse798","password":"pants","salt":"HWjbw9WF","md5":"8e824351317a01469484fc4baa7a3b50","sha1":"5805bbe77c1ef06f31532d0c7ba3c53615807171","sha256":"80d69689ed41a2c122986391ed7de39dd7c6b8ca389349502ff4ad284c96dfbb"},"dob":{"date":"1956-05-30T07:23:54.098Z","age":68},"registered":{"date":"2012-11-22T14:35:52.212Z","age":11},"phone":"00-5822-9260","cell":"0481-599-052","id":{"name":"TFN","value":"418975320"},"picture":{"large":"https://randomuser.me/api/portraits/men/63.jpg","medium":"https://randomuser.me/api/portraits/med/men/63.jpg","thumbnail":"https://randomuser.me/api/portraits/thumb/men/63.jpg"},"nat":"AU"}],"info":{"seed":"34d0d8430b340254","results":1,"page":1,"version":"1.4"}} 
 </msg>
<msg time="2024-06-10T01:07:17.503958" level="INFO">/opt/hostedtoolcache/Python/3.12.3/x64/lib/python3.12/site-packages/urllib3/connectionpool.py:1103: InsecureRequestWarning: Unverified HTTPS request is being made to host 'randomuser.me'. Adding certificate verification is strongly advised. See: https://urllib3.readthedocs.io/en/latest/advanced-usage.html#tls-warnings
  warnings.warn(</msg>
<msg time="2024-06-10T01:07:17.504112" level="INFO">${response} = &lt;Response [200]&gt;</msg>
<var>${response}</var>
<arg>consultarAPI</arg>
<arg>/api</arg>
<doc>Sends a GET request on a previously created HTTP Session.</doc>
<status status="PASS" start="2024-06-10T01:07:17.404435" elapsed="0.099720"/>
</kw>
<kw name="Set Variable" owner="BuiltIn">
<msg time="2024-06-10T01:07:17.505385" level="INFO">${json_data} = {'results': [{'gender': 'male', 'name': {'title': 'Mr', 'first': 'Chris', 'last': 'White'}, 'location': {'street': {'number': 7522, 'name': 'Wheeler Ridge Dr'}, 'city': 'Adelaide', 'state': 'Australia...</msg>
<var>${json_data}</var>
<arg>${response.json()}</arg>
<doc>Returns the given values which can then be assigned to a variables.</doc>
<status status="PASS" start="2024-06-10T01:07:17.504803" elapsed="0.000612"/>
</kw>
<kw name="Log" owner="BuiltIn">
<msg time="2024-06-10T01:07:17.505985" level="INFO">{'results': [{'gender': 'male', 'name': {'title': 'Mr', 'first': 'Chris', 'last': 'White'}, 'location': {'street': {'number': 7522, 'name': 'Wheeler Ridge Dr'}, 'city': 'Adelaide', 'state': 'Australian Capital Territory', 'country': 'Australia', 'postcode': 2390, 'coordinates': {'latitude': '-87.4991', 'longitude': '-99.4226'}, 'timezone': {'offset': '+9:30', 'description': 'Adelaide, Darwin'}}, 'email': 'chris.white@example.com', 'login': {'uuid': '2fecf01b-8c20-45fc-8a99-c38a09d44f39', 'username': 'organicmouse798', 'password': 'pants', 'salt': 'HWjbw9WF', 'md5': '8e824351317a01469484fc4baa7a3b50', 'sha1': '5805bbe77c1ef06f31532d0c7ba3c53615807171', 'sha256': '80d69689ed41a2c122986391ed7de39dd7c6b8ca389349502ff4ad284c96dfbb'}, 'dob': {'date': '1956-05-30T07:23:54.098Z', 'age': 68}, 'registered': {'date': '2012-11-22T14:35:52.212Z', 'age': 11}, 'phone': '00-5822-9260', 'cell': '0481-599-052', 'id': {'name': 'TFN', 'value': '418975320'}, 'picture': {'large': 'https://randomuser.me/api/portraits/men/63.jpg', 'medium': 'https://randomuser.me/api/portraits/med/men/63.jpg', 'thumbnail': 'https://randomuser.me/api/portraits/thumb/men/63.jpg'}, 'nat': 'AU'}], 'info': {'seed': '34d0d8430b340254', 'results': 1, 'page': 1, 'version': '1.4'}}</msg>
<arg>${json_data}</arg>
<doc>Logs the given message with the given level.</doc>
<status status="PASS" start="2024-06-10T01:07:17.505799" elapsed="0.000243"/>
</kw>
<kw name="Dictionary Should Contain Key" owner="Collections">
<msg time="2024-06-10T01:07:17.506546" level="INFO">False</msg>
<arg>${json_data}</arg>
<arg>results</arg>
<doc>Fails if ``key`` is not found from ``dictionary``.</doc>
<status status="PASS" start="2024-06-10T01:07:17.506374" elapsed="0.000212"/>
</kw>
<kw name="Should Not Be Empty" owner="BuiltIn">
<msg time="2024-06-10T01:07:17.507046" level="INFO">Length is 2.</msg>
<arg>${json_data}</arg>
<doc>Verifies that the given item is not empty.</doc>
<status status="PASS" start="2024-06-10T01:07:17.506901" elapsed="0.000185"/>
</kw>
<kw name="Create List" owner="BuiltIn">
<msg time="2024-06-10T01:07:17.507791" level="INFO">${expected_keys} = ['gender', 'name', 'location', 'email', 'login']</msg>
<var>${expected_keys}</var>
<arg>gender</arg>
<arg>name</arg>
<arg>location</arg>
<arg>email</arg>
<arg>login</arg>
<doc>Returns a list containing given items.</doc>
<status status="PASS" start="2024-06-10T01:07:17.507463" elapsed="0.000353"/>
</kw>
<for flavor="IN">
<iter>
<kw name="Dictionary Should Contain Key" owner="Collections">
<msg time="2024-06-10T01:07:17.508872" level="INFO">False</msg>
<arg>${json_data['results'][0]}</arg>
<arg>${key}</arg>
<doc>Fails if ``key`` is not found from ``dictionary``.</doc>
<status status="PASS" start="2024-06-10T01:07:17.508438" elapsed="0.000474"/>
</kw>
<kw name="Log" owner="BuiltIn">
<msg time="2024-06-10T01:07:17.509606" level="INFO">{'gender': 'male', 'name': {'title': 'Mr', 'first': 'Chris', 'last': 'White'}, 'location': {'street': {'number': 7522, 'name': 'Wheeler Ridge Dr'}, 'city': 'Adelaide', 'state': 'Australian Capital Territory', 'country': 'Australia', 'postcode': 2390, 'coordinates': {'latitude': '-87.4991', 'longitude': '-99.4226'}, 'timezone': {'offset': '+9:30', 'description': 'Adelaide, Darwin'}}, 'email': 'chris.white@example.com', 'login': {'uuid': '2fecf01b-8c20-45fc-8a99-c38a09d44f39', 'username': 'organicmouse798', 'password': 'pants', 'salt': 'HWjbw9WF', 'md5': '8e824351317a01469484fc4baa7a3b50', 'sha1': '5805bbe77c1ef06f31532d0c7ba3c53615807171', 'sha256': '80d69689ed41a2c122986391ed7de39dd7c6b8ca389349502ff4ad284c96dfbb'}, 'dob': {'date': '1956-05-30T07:23:54.098Z', 'age': 68}, 'registered': {'date': '2012-11-22T14:35:52.212Z', 'age': 11}, 'phone': '00-5822-9260', 'cell': '0481-599-052', 'id': {'name': 'TFN', 'value': '418975320'}, 'picture': {'large': 'https://randomuser.me/api/portraits/men/63.jpg', 'medium': 'https://randomuser.me/api/portraits/med/men/63.jpg', 'thumbnail': 'https://randomuser.me/api/portraits/thumb/men/63.jpg'}, 'nat': 'AU'}</msg>
<arg>${json_data['results'][0]}</arg>
<doc>Logs the given message with the given level.</doc>
<status status="PASS" start="2024-06-10T01:07:17.509218" elapsed="0.000438"/>
</kw>
<kw name="Log" owner="BuiltIn">
<msg time="2024-06-10T01:07:17.510091" level="INFO">gender</msg>
<arg>${key}</arg>
<doc>Logs the given message with the given level.</doc>
<status status="PASS" start="2024-06-10T01:07:17.509959" elapsed="0.000171"/>
</kw>
<var name="${key}">gender</var>
<status status="PASS" start="2024-06-10T01:07:17.508303" elapsed="0.002044"/>
</iter>
<iter>
<kw name="Dictionary Should Contain Key" owner="Collections">
<msg time="2024-06-10T01:07:17.511066" level="INFO">False</msg>
<arg>${json_data['results'][0]}</arg>
<arg>${key}</arg>
<doc>Fails if ``key`` is not found from ``dictionary``.</doc>
<status status="PASS" start="2024-06-10T01:07:17.510667" elapsed="0.000467"/>
</kw>
<kw name="Log" owner="BuiltIn">
<msg time="2024-06-10T01:07:17.511856" level="INFO">{'gender': 'male', 'name': {'title': 'Mr', 'first': 'Chris', 'last': 'White'}, 'location': {'street': {'number': 7522, 'name': 'Wheeler Ridge Dr'}, 'city': 'Adelaide', 'state': 'Australian Capital Territory', 'country': 'Australia', 'postcode': 2390, 'coordinates': {'latitude': '-87.4991', 'longitude': '-99.4226'}, 'timezone': {'offset': '+9:30', 'description': 'Adelaide, Darwin'}}, 'email': 'chris.white@example.com', 'login': {'uuid': '2fecf01b-8c20-45fc-8a99-c38a09d44f39', 'username': 'organicmouse798', 'password': 'pants', 'salt': 'HWjbw9WF', 'md5': '8e824351317a01469484fc4baa7a3b50', 'sha1': '5805bbe77c1ef06f31532d0c7ba3c53615807171', 'sha256': '80d69689ed41a2c122986391ed7de39dd7c6b8ca389349502ff4ad284c96dfbb'}, 'dob': {'date': '1956-05-30T07:23:54.098Z', 'age': 68}, 'registered': {'date': '2012-11-22T14:35:52.212Z', 'age': 11}, 'phone': '00-5822-9260', 'cell': '0481-599-052', 'id': {'name': 'TFN', 'value': '418975320'}, 'picture': {'large': 'https://randomuser.me/api/portraits/men/63.jpg', 'medium': 'https://randomuser.me/api/portraits/med/men/63.jpg', 'thumbnail': 'https://randomuser.me/api/portraits/thumb/men/63.jpg'}, 'nat': 'AU'}</msg>
<arg>${json_data['results'][0]}</arg>
<doc>Logs the given message with the given level.</doc>
<status status="PASS" start="2024-06-10T01:07:17.511480" elapsed="0.000426"/>
</kw>
<kw name="Log" owner="BuiltIn">
<msg time="2024-06-10T01:07:17.512364" level="INFO">name</msg>
<arg>${key}</arg>
<doc>Logs the given message with the given level.</doc>
<status status="PASS" start="2024-06-10T01:07:17.512215" elapsed="0.000188"/>
</kw>
<var name="${key}">name</var>
<status status="PASS" start="2024-06-10T01:07:17.510546" elapsed="0.002080"/>
</iter>
<iter>
<kw name="Dictionary Should Contain Key" owner="Collections">
<msg time="2024-06-10T01:07:17.513358" level="INFO">False</msg>
<arg>${json_data['results'][0]}</arg>
<arg>${key}</arg>
<doc>Fails if ``key`` is not found from ``dictionary``.</doc>
<status status="PASS" start="2024-06-10T01:07:17.512930" elapsed="0.000471"/>
</kw>
<kw name="Log" owner="BuiltIn">
<msg time="2024-06-10T01:07:17.514069" level="INFO">{'gender': 'male', 'name': {'title': 'Mr', 'first': 'Chris', 'last': 'White'}, 'location': {'street': {'number': 7522, 'name': 'Wheeler Ridge Dr'}, 'city': 'Adelaide', 'state': 'Australian Capital Territory', 'country': 'Australia', 'postcode': 2390, 'coordinates': {'latitude': '-87.4991', 'longitude': '-99.4226'}, 'timezone': {'offset': '+9:30', 'description': 'Adelaide, Darwin'}}, 'email': 'chris.white@example.com', 'login': {'uuid': '2fecf01b-8c20-45fc-8a99-c38a09d44f39', 'username': 'organicmouse798', 'password': 'pants', 'salt': 'HWjbw9WF', 'md5': '8e824351317a01469484fc4baa7a3b50', 'sha1': '5805bbe77c1ef06f31532d0c7ba3c53615807171', 'sha256': '80d69689ed41a2c122986391ed7de39dd7c6b8ca389349502ff4ad284c96dfbb'}, 'dob': {'date': '1956-05-30T07:23:54.098Z', 'age': 68}, 'registered': {'date': '2012-11-22T14:35:52.212Z', 'age': 11}, 'phone': '00-5822-9260', 'cell': '0481-599-052', 'id': {'name': 'TFN', 'value': '418975320'}, 'picture': {'large': 'https://randomuser.me/api/portraits/men/63.jpg', 'medium': 'https://randomuser.me/api/portraits/med/men/63.jpg', 'thumbnail': 'https://randomuser.me/api/portraits/thumb/men/63.jpg'}, 'nat': 'AU'}</msg>
<arg>${json_data['results'][0]}</arg>
<doc>Logs the given message with the given level.</doc>
<status status="PASS" start="2024-06-10T01:07:17.513705" elapsed="0.000414"/>
</kw>
<kw name="Log" owner="BuiltIn">
<msg time="2024-06-10T01:07:17.514553" level="INFO">location</msg>
<arg>${key}</arg>
<doc>Logs the given message with the given level.</doc>
<status status="PASS" start="2024-06-10T01:07:17.514424" elapsed="0.000167"/>
</kw>
<var name="${key}">location</var>
<status status="PASS" start="2024-06-10T01:07:17.512813" elapsed="0.001992"/>
</iter>
<iter>
<kw name="Dictionary Should Contain Key" owner="Collections">
<msg time="2024-06-10T01:07:17.515577" level="INFO">False</msg>
<arg>${json_data['results'][0]}</arg>
<arg>${key}</arg>
<doc>Fails if ``key`` is not found from ``dictionary``.</doc>
<status status="PASS" start="2024-06-10T01:07:17.515140" elapsed="0.000475"/>
</kw>
<kw name="Log" owner="BuiltIn">
<msg time="2024-06-10T01:07:17.516280" level="INFO">{'gender': 'male', 'name': {'title': 'Mr', 'first': 'Chris', 'last': 'White'}, 'location': {'street': {'number': 7522, 'name': 'Wheeler Ridge Dr'}, 'city': 'Adelaide', 'state': 'Australian Capital Territory', 'country': 'Australia', 'postcode': 2390, 'coordinates': {'latitude': '-87.4991', 'longitude': '-99.4226'}, 'timezone': {'offset': '+9:30', 'description': 'Adelaide, Darwin'}}, 'email': 'chris.white@example.com', 'login': {'uuid': '2fecf01b-8c20-45fc-8a99-c38a09d44f39', 'username': 'organicmouse798', 'password': 'pants', 'salt': 'HWjbw9WF', 'md5': '8e824351317a01469484fc4baa7a3b50', 'sha1': '5805bbe77c1ef06f31532d0c7ba3c53615807171', 'sha256': '80d69689ed41a2c122986391ed7de39dd7c6b8ca389349502ff4ad284c96dfbb'}, 'dob': {'date': '1956-05-30T07:23:54.098Z', 'age': 68}, 'registered': {'date': '2012-11-22T14:35:52.212Z', 'age': 11}, 'phone': '00-5822-9260', 'cell': '0481-599-052', 'id': {'name': 'TFN', 'value': '418975320'}, 'picture': {'large': 'https://randomuser.me/api/portraits/men/63.jpg', 'medium': 'https://randomuser.me/api/portraits/med/men/63.jpg', 'thumbnail': 'https://randomuser.me/api/portraits/thumb/men/63.jpg'}, 'nat': 'AU'}</msg>
<arg>${json_data['results'][0]}</arg>
<doc>Logs the given message with the given level.</doc>
<status status="PASS" start="2024-06-10T01:07:17.515918" elapsed="0.000413"/>
</kw>
<kw name="Log" owner="BuiltIn">
<msg time="2024-06-10T01:07:17.516763" level="INFO">email</msg>
<arg>${key}</arg>
<doc>Logs the given message with the given level.</doc>
<status status="PASS" start="2024-06-10T01:07:17.516632" elapsed="0.000169"/>
</kw>
<var name="${key}">email</var>
<status status="PASS" start="2024-06-10T01:07:17.514983" elapsed="0.002046"/>
</iter>
<iter>
<kw name="Dictionary Should Contain Key" owner="Collections">
<msg time="2024-06-10T01:07:17.517749" level="INFO">False</msg>
<arg>${json_data['results'][0]}</arg>
<arg>${key}</arg>
<doc>Fails if ``key`` is not found from ``dictionary``.</doc>
<status status="PASS" start="2024-06-10T01:07:17.517344" elapsed="0.000443"/>
</kw>
<kw name="Log" owner="BuiltIn">
<msg time="2024-06-10T01:07:17.518459" level="INFO">{'gender': 'male', 'name': {'title': 'Mr', 'first': 'Chris', 'last': 'White'}, 'location': {'street': {'number': 7522, 'name': 'Wheeler Ridge Dr'}, 'city': 'Adelaide', 'state': 'Australian Capital Territory', 'country': 'Australia', 'postcode': 2390, 'coordinates': {'latitude': '-87.4991', 'longitude': '-99.4226'}, 'timezone': {'offset': '+9:30', 'description': 'Adelaide, Darwin'}}, 'email': 'chris.white@example.com', 'login': {'uuid': '2fecf01b-8c20-45fc-8a99-c38a09d44f39', 'username': 'organicmouse798', 'password': 'pants', 'salt': 'HWjbw9WF', 'md5': '8e824351317a01469484fc4baa7a3b50', 'sha1': '5805bbe77c1ef06f31532d0c7ba3c53615807171', 'sha256': '80d69689ed41a2c122986391ed7de39dd7c6b8ca389349502ff4ad284c96dfbb'}, 'dob': {'date': '1956-05-30T07:23:54.098Z', 'age': 68}, 'registered': {'date': '2012-11-22T14:35:52.212Z', 'age': 11}, 'phone': '00-5822-9260', 'cell': '0481-599-052', 'id': {'name': 'TFN', 'value': '418975320'}, 'picture': {'large': 'https://randomuser.me/api/portraits/men/63.jpg', 'medium': 'https://randomuser.me/api/portraits/med/men/63.jpg', 'thumbnail': 'https://randomuser.me/api/portraits/thumb/men/63.jpg'}, 'nat': 'AU'}</msg>
<arg>${json_data['results'][0]}</arg>
<doc>Logs the given message with the given level.</doc>
<status status="PASS" start="2024-06-10T01:07:17.518089" elapsed="0.000420"/>
</kw>
<kw name="Log" owner="BuiltIn">
<msg time="2024-06-10T01:07:17.518939" level="INFO">login</msg>
<arg>${key}</arg>
<doc>Logs the given message with the given level.</doc>
<status status="PASS" start="2024-06-10T01:07:17.518807" elapsed="0.000171"/>
</kw>
<var name="${key}">login</var>
<status status="PASS" start="2024-06-10T01:07:17.517208" elapsed="0.002052"/>
</iter>
<var>${key}</var>
<value>@{expected_keys}</value>
<status status="PASS" start="2024-06-10T01:07:17.508092" elapsed="0.011304"/>
</for>
<kw name="Create List" owner="BuiltIn">
<msg time="2024-06-10T01:07:17.519760" level="INFO">${expected_keysTwo} = ['username', 'password']</msg>
<var>${expected_keysTwo}</var>
<arg>username</arg>
<arg>password</arg>
<doc>Returns a list containing given items.</doc>
<status status="PASS" start="2024-06-10T01:07:17.519612" elapsed="0.000173"/>
</kw>
<for flavor="IN">
<iter>
<kw name="Dictionary Should Contain Key" owner="Collections">
<msg time="2024-06-10T01:07:17.520712" level="INFO">False</msg>
<arg>${json_data['results'][0]['login']}</arg>
<arg>${keyTwo}</arg>
<doc>Fails if ``key`` is not found from ``dictionary``.</doc>
<status status="PASS" start="2024-06-10T01:07:17.520318" elapsed="0.000432"/>
</kw>
<kw name="Dictionary Should Contain Key" owner="Collections">
<msg time="2024-06-10T01:07:17.521487" level="INFO">False</msg>
<arg>${json_data['results'][0]['login']}</arg>
<arg>${keyTwo}</arg>
<doc>Fails if ``key`` is not found from ``dictionary``.</doc>
<status status="PASS" start="2024-06-10T01:07:17.521087" elapsed="0.000439"/>
</kw>
<kw name="Log" owner="BuiltIn">
<msg time="2024-06-10T01:07:17.521958" level="INFO">username</msg>
<arg>${keyTwo}</arg>
<doc>Logs the given message with the given level.</doc>
<status status="PASS" start="2024-06-10T01:07:17.521827" elapsed="0.000169"/>
</kw>
<var name="${keyTwo}">username</var>
<status status="PASS" start="2024-06-10T01:07:17.520203" elapsed="0.002010"/>
</iter>
<iter>
<kw name="Dictionary Should Contain Key" owner="Collections">
<msg time="2024-06-10T01:07:17.522885" level="INFO">False</msg>
<arg>${json_data['results'][0]['login']}</arg>
<arg>${keyTwo}</arg>
<doc>Fails if ``key`` is not found from ``dictionary``.</doc>
<status status="PASS" start="2024-06-10T01:07:17.522507" elapsed="0.000416"/>
</kw>
<kw name="Dictionary Should Contain Key" owner="Collections">
<msg time="2024-06-10T01:07:17.523744" level="INFO">False</msg>
<arg>${json_data['results'][0]['login']}</arg>
<arg>${keyTwo}</arg>
<doc>Fails if ``key`` is not found from ``dictionary``.</doc>
<status status="PASS" start="2024-06-10T01:07:17.523260" elapsed="0.000525"/>
</kw>
<kw name="Log" owner="BuiltIn">
<msg time="2024-06-10T01:07:17.524227" level="INFO">password</msg>
<arg>${keyTwo}</arg>
<doc>Logs the given message with the given level.</doc>
<status status="PASS" start="2024-06-10T01:07:17.524093" elapsed="0.000173"/>
</kw>
<var name="${keyTwo}">password</var>
<status status="PASS" start="2024-06-10T01:07:17.522390" elapsed="0.002095"/>
</iter>
<var>${keyTwo}</var>
<value>@{expected_keysTwo}</value>
<status status="PASS" start="2024-06-10T01:07:17.520041" elapsed="0.004565"/>
</for>
<status status="PASS" start="2024-06-10T01:07:17.404162" elapsed="0.120589"/>
</kw>
<doc>Testa a estrutura da resposta da API.</doc>
<tag>testeEstruturaResposta</tag>
<status status="PASS" start="2024-06-10T01:07:17.403494" elapsed="0.121421"/>
</test>
<test id="s1-s1-t4" name="Validar tipos de dados" line="28">
<kw name="Teste de Tipos de Dados" owner="random-user-service">
<kw name="GET On Session" owner="RequestsLibrary">
<msg time="2024-06-10T01:07:17.588808" level="INFO">GET Request : url=https://randomuser.me/api 
 path_url=/api 
 headers={'User-Agent': 'python-requests/2.32.3', 'Accept-Encoding': 'gzip, deflate', 'Accept': '*/*', 'Connection': 'keep-alive'} 
 body=None 
 </msg>
<msg time="2024-06-10T01:07:17.588909" level="INFO">GET Response : url=https://randomuser.me/api 
 status=200, reason=OK 
 headers={'Date': 'Mon, 10 Jun 2024 01:07:17 GMT', 'Content-Type': 'application/json; charset=utf-8', 'Transfer-Encoding': 'chunked', 'Connection': 'keep-alive', 'X-Powered-By': 'Express', 'Access-Control-Allow-Origin': '*', 'Cache-Control': 'no-cache', 'ETag': 'W/"498-17sgV23bj06dTfTg9NbeeNlxEWU"', 'Vary': 'Accept-Encoding', 'Content-Encoding': 'gzip', 'CF-Cache-Status': 'DYNAMIC', 'Report-To': '{"endpoints":[{"url":"https:\\/\\/a.nel.cloudflare.com\\/report\\/v4?s=FfnEIpCwd6z8dGIsPxSItvU8P20clwjx4rmPyFROpEuPbbeBvaEIvBMPUMka8uKiVkt5NiZqC%2Bx%2BhC%2BmSCMWDBPZy%2F2OaovnJ3PZEB75K1%2B8%2F1hIsBpNWlJUGLln8eFO"}],"group":"cf-nel","max_age":604800}', 'NEL': '{"success_fraction":0,"report_to":"cf-nel","max_age":604800}', 'Server': 'cloudflare', 'CF-RAY': '891576b289d6633f-ORD', 'alt-svc': 'h3=":443"; ma=86400'} 
 body={"results":[{"gender":"female","name":{"title":"Madame","first":"Camille","last":"Legrand"},"location":{"street":{"number":5942,"name":"Rue Dugas-Montbel"},"city":"Safnern","state":"Valais","country":"Switzerland","postcode":5607,"coordinates":{"latitude":"-64.0056","longitude":"147.2454"},"timezone":{"offset":"-11:00","description":"Midway Island, Samoa"}},"email":"camille.legrand@example.com","login":{"uuid":"28209dcd-5199-44ba-a88b-b677c886df20","username":"redpanda447","password":"kellie","salt":"eJJpRPxH","md5":"822c56bfbb626352027d00d477ef5040","sha1":"2fbe8afbfd4690c942b47c5d858b8c3686a8c152","sha256":"2fae23c764f42e550fc5ca5efad9372dc1d217c6dfcbf000358855cec9c735c6"},"dob":{"date":"1972-02-12T17:45:03.702Z","age":52},"registered":{"date":"2012-02-10T06:37:16.287Z","age":12},"phone":"076 891 05 26","cell":"078 478 75 31","id":{"name":"AVS","value":"756.8660.3788.57"},"picture":{"large":"https://randomuser.me/api/portraits/women/73.jpg","medium":"https://randomuser.me/api/portraits/med/women/73.jpg","thumbnail":"https://randomuser.me/api/portraits/thumb/women/73.jpg"},"nat":"CH"}],"info":{"seed":"32ac924a5ddbe508","results":1,"page":1,"version":"1.4"}} 
 </msg>
<msg time="2024-06-10T01:07:17.588986" level="INFO">/opt/hostedtoolcache/Python/3.12.3/x64/lib/python3.12/site-packages/urllib3/connectionpool.py:1103: InsecureRequestWarning: Unverified HTTPS request is being made to host 'randomuser.me'. Adding certificate verification is strongly advised. See: https://urllib3.readthedocs.io/en/latest/advanced-usage.html#tls-warnings
  warnings.warn(</msg>
<msg time="2024-06-10T01:07:17.589107" level="INFO">${response} = &lt;Response [200]&gt;</msg>
<var>${response}</var>
<arg>consultarAPI</arg>
<arg>/api</arg>
<doc>Sends a GET request on a previously created HTTP Session.</doc>
<status status="PASS" start="2024-06-10T01:07:17.527567" elapsed="0.061581"/>
</kw>
<kw name="Set Variable" owner="BuiltIn">
<msg time="2024-06-10T01:07:17.590441" level="INFO">${json_data} = {'results': [{'gender': 'female', 'name': {'title': 'Madame', 'first': 'Camille', 'last': 'Legrand'}, 'location': {'street': {'number': 5942, 'name': 'Rue Dugas-Montbel'}, 'city': 'Safnern', 'state': ...</msg>
<var>${json_data}</var>
<arg>${response.json()}</arg>
<doc>Returns the given values which can then be assigned to a variables.</doc>
<status status="PASS" start="2024-06-10T01:07:17.589842" elapsed="0.000629"/>
</kw>
<kw name="Log" owner="BuiltIn">
<msg time="2024-06-10T01:07:17.591037" level="INFO">{'results': [{'gender': 'female', 'name': {'title': 'Madame', 'first': 'Camille', 'last': 'Legrand'}, 'location': {'street': {'number': 5942, 'name': 'Rue Dugas-Montbel'}, 'city': 'Safnern', 'state': 'Valais', 'country': 'Switzerland', 'postcode': 5607, 'coordinates': {'latitude': '-64.0056', 'longitude': '147.2454'}, 'timezone': {'offset': '-11:00', 'description': 'Midway Island, Samoa'}}, 'email': 'camille.legrand@example.com', 'login': {'uuid': '28209dcd-5199-44ba-a88b-b677c886df20', 'username': 'redpanda447', 'password': 'kellie', 'salt': 'eJJpRPxH', 'md5': '822c56bfbb626352027d00d477ef5040', 'sha1': '2fbe8afbfd4690c942b47c5d858b8c3686a8c152', 'sha256': '2fae23c764f42e550fc5ca5efad9372dc1d217c6dfcbf000358855cec9c735c6'}, 'dob': {'date': '1972-02-12T17:45:03.702Z', 'age': 52}, 'registered': {'date': '2012-02-10T06:37:16.287Z', 'age': 12}, 'phone': '076 891 05 26', 'cell': '078 478 75 31', 'id': {'name': 'AVS', 'value': '756.8660.3788.57'}, 'picture': {'large': 'https://randomuser.me/api/portraits/women/73.jpg', 'medium': 'https://randomuser.me/api/portraits/med/women/73.jpg', 'thumbnail': 'https://randomuser.me/api/portraits/thumb/women/73.jpg'}, 'nat': 'CH'}], 'info': {'seed': '32ac924a5ddbe508', 'results': 1, 'page': 1, 'version': '1.4'}}</msg>
<arg>${json_data}</arg>
<doc>Logs the given message with the given level.</doc>
<status status="PASS" start="2024-06-10T01:07:17.590857" elapsed="0.000312"/>
</kw>
<kw name="Should Be String" owner="String">
<arg>${json_data['results'][0]['gender']}</arg>
<doc>Fails if the given ``item`` is not a string.</doc>
<status status="PASS" start="2024-06-10T01:07:17.591526" elapsed="0.000404"/>
</kw>
<kw name="Should Match Regexp" owner="BuiltIn">
<arg>${json_data['results'][0]['email']}</arg>
<arg>^[a-zA-Z0-9._%+-]+@[a-zA-Z0-9.-]+\.[a-zA-Z]{2,}$</arg>
<doc>Fails if ``string`` does not match ``pattern`` as a regular expression.</doc>
<status status="PASS" start="2024-06-10T01:07:17.592141" elapsed="0.000551"/>
</kw>
<kw name="Should Match Regexp" owner="BuiltIn">
<arg>${json_data['results'][0]['dob']['date']}</arg>
<arg>\\d{4}-\\d{2}-\\d{2}T\\d{2}:\\d{2}:\\d{2}\\.\\d{3}Z</arg>
<doc>Fails if ``string`` does not match ``pattern`` as a regular expression.</doc>
<status status="PASS" start="2024-06-10T01:07:17.592902" elapsed="0.000499"/>
</kw>
<kw name="Should Match Regexp" owner="BuiltIn">
<arg>${json_data['results'][0]['registered']['date']}</arg>
<arg>\\d{4}-\\d{2}-\\d{2}T\\d{2}:\\d{2}:\\d{2}\\.\\d{3}Z</arg>
<doc>Fails if ``string`` does not match ``pattern`` as a regular expression.</doc>
<status status="PASS" start="2024-06-10T01:07:17.593601" elapsed="0.000368"/>
</kw>
<kw name="Should Match Regexp" owner="BuiltIn">
<arg>${json_data['results'][0]['picture']['large']}</arg>
<arg>^https?://.*\.(?:png|jpe?g|gif|bmp)$</arg>
<doc>Fails if ``string`` does not match ``pattern`` as a regular expression.</doc>
<status status="PASS" start="2024-06-10T01:07:17.594163" elapsed="0.000470"/>
</kw>
<kw name="Should Match Regexp" owner="BuiltIn">
<arg>${json_data['results'][0]['picture']['medium']}</arg>
<arg>^https?://.*\.(?:png|jpe?g|gif|bmp)$</arg>
<doc>Fails if ``string`` does not match ``pattern`` as a regular expression.</doc>
<status status="PASS" start="2024-06-10T01:07:17.594827" elapsed="0.000419"/>
</kw>
<kw name="Should Match Regexp" owner="BuiltIn">
<arg>${json_data['results'][0]['picture']['thumbnail']}</arg>
<arg>^https?://.*\.(?:png|jpe?g|gif|bmp)$</arg>
<doc>Fails if ``string`` does not match ``pattern`` as a regular expression.</doc>
<status status="PASS" start="2024-06-10T01:07:17.595439" elapsed="0.000355"/>
</kw>
<kw name="Log" owner="BuiltIn">
<msg time="2024-06-10T01:07:17.596327" level="INFO">{'large': 'https://randomuser.me/api/portraits/women/73.jpg', 'medium': 'https://randomuser.me/api/portraits/med/women/73.jpg', 'thumbnail': 'https://randomuser.me/api/portraits/thumb/women/73.jpg'}</msg>
<arg>${json_data['results'][0]['picture']}</arg>
<doc>Logs the given message with the given level.</doc>
<status status="PASS" start="2024-06-10T01:07:17.595993" elapsed="0.000378"/>
</kw>
<status status="PASS" start="2024-06-10T01:07:17.527316" elapsed="0.069349"/>
</kw>
<kw name="Teste de Tipos de Dados - Postcode" owner="random-user-service">
<kw name="GET On Session" owner="RequestsLibrary">
<msg time="2024-06-10T01:07:17.687944" level="INFO">GET Request : url=https://randomuser.me/api 
 path_url=/api 
 headers={'User-Agent': 'python-requests/2.32.3', 'Accept-Encoding': 'gzip, deflate', 'Accept': '*/*', 'Connection': 'keep-alive'} 
 body=None 
 </msg>
<msg time="2024-06-10T01:07:17.688060" level="INFO">GET Response : url=https://randomuser.me/api 
 status=200, reason=OK 
 headers={'Date': 'Mon, 10 Jun 2024 01:07:17 GMT', 'Content-Type': 'application/json; charset=utf-8', 'Transfer-Encoding': 'chunked', 'Connection': 'keep-alive', 'X-Powered-By': 'Express', 'Access-Control-Allow-Origin': '*', 'Cache-Control': 'no-cache', 'ETag': 'W/"48b-4Pbda1NsETg90A00GyAcv4v8wqo"', 'Vary': 'Accept-Encoding', 'Content-Encoding': 'gzip', 'CF-Cache-Status': 'DYNAMIC', 'Report-To': '{"endpoints":[{"url":"https:\\/\\/a.nel.cloudflare.com\\/report\\/v4?s=x17KtQ0rZIVgTCM2VzUfO5gHEA%2B%2FuQpYZiVg9TQpkPFifFA%2BMZWO0psHRKKnRXiiHiMpIffibWXn8LFC%2BMsXpiSTTigH9SiHs%2BhTWtVeFnCgkU6ybJzrn3SHIGvFkkem"}],"group":"cf-nel","max_age":604800}', 'NEL': '{"success_fraction":0,"report_to":"cf-nel","max_age":604800}', 'Server': 'cloudflare', 'CF-RAY': '891576b2fa80633f-ORD', 'alt-svc': 'h3=":443"; ma=86400'} 
 body={"results":[{"gender":"male","name":{"title":"Mr","first":"آرسین","last":"حیدری"},"location":{"street":{"number":8420,"name":"آیت‌الله سعیدی"},"city":"سیرجان","state":"گلستان","country":"Iran","postcode":69307,"coordinates":{"latitude":"17.8769","longitude":"-35.5815"},"timezone":{"offset":"+9:30","description":"Adelaide, Darwin"}},"email":"arsyn.hydry@example.com","login":{"uuid":"12ed19ea-9ff7-4de1-9e34-755a5316c5f0","username":"brownelephant494","password":"taurus","salt":"L79DZ7fZ","md5":"223b8b77fbe83f15486a87bc337c2696","sha1":"7cf278b15efbdba358630111effa80b59749f995","sha256":"db72985cdfbeb4753294586f0777b3dda3c0541c7adda3ea23d74ab2717f1255"},"dob":{"date":"1962-07-23T20:09:14.691Z","age":61},"registered":{"date":"2009-06-05T08:52:09.505Z","age":15},"phone":"031-04739097","cell":"0932-611-0554","id":{"name":"","value":null},"picture":{"large":"https://randomuser.me/api/portraits/men/65.jpg","medium":"https://randomuser.me/api/portraits/med/men/65.jpg","thumbnail":"https://randomuser.me/api/portraits/thumb/men/65.jpg"},"nat":"IR"}],"info":{"seed":"decba4aa53119327","results":1,"page":1,"version":"1.4"}} 
 </msg>
<msg time="2024-06-10T01:07:17.688139" level="INFO">/opt/hostedtoolcache/Python/3.12.3/x64/lib/python3.12/site-packages/urllib3/connectionpool.py:1103: InsecureRequestWarning: Unverified HTTPS request is being made to host 'randomuser.me'. Adding certificate verification is strongly advised. See: https://urllib3.readthedocs.io/en/latest/advanced-usage.html#tls-warnings
  warnings.warn(</msg>
<msg time="2024-06-10T01:07:17.688271" level="INFO">${response} = &lt;Response [200]&gt;</msg>
<var>${response}</var>
<arg>consultarAPI</arg>
<arg>/api</arg>
<doc>Sends a GET request on a previously created HTTP Session.</doc>
<status status="PASS" start="2024-06-10T01:07:17.597146" elapsed="0.091167"/>
</kw>
<kw name="Set Variable" owner="BuiltIn">
<msg time="2024-06-10T01:07:17.689581" level="INFO">${json_data} = {'results': [{'gender': 'male', 'name': {'title': 'Mr', 'first': 'آرسین', 'last': 'حیدری'}, 'location': {'street': {'number': 8420, 'name': 'آیت\u200cالله سعیدی'}, 'city': 'سیرجان', 'state': 'گلستان',...</msg>
<var>${json_data}</var>
<arg>${response.json()}</arg>
<doc>Returns the given values which can then be assigned to a variables.</doc>
<status status="PASS" start="2024-06-10T01:07:17.688982" elapsed="0.000631"/>
</kw>
<kw name="Log" owner="BuiltIn">
<msg time="2024-06-10T01:07:17.690169" level="INFO">{'results': [{'gender': 'male', 'name': {'title': 'Mr', 'first': 'آرسین', 'last': 'حیدری'}, 'location': {'street': {'number': 8420, 'name': 'آیت\u200cالله سعیدی'}, 'city': 'سیرجان', 'state': 'گلستان', 'country': 'Iran', 'postcode': 69307, 'coordinates': {'latitude': '17.8769', 'longitude': '-35.5815'}, 'timezone': {'offset': '+9:30', 'description': 'Adelaide, Darwin'}}, 'email': 'arsyn.hydry@example.com', 'login': {'uuid': '12ed19ea-9ff7-4de1-9e34-755a5316c5f0', 'username': 'brownelephant494', 'password': 'taurus', 'salt': 'L79DZ7fZ', 'md5': '223b8b77fbe83f15486a87bc337c2696', 'sha1': '7cf278b15efbdba358630111effa80b59749f995', 'sha256': 'db72985cdfbeb4753294586f0777b3dda3c0541c7adda3ea23d74ab2717f1255'}, 'dob': {'date': '1962-07-23T20:09:14.691Z', 'age': 61}, 'registered': {'date': '2009-06-05T08:52:09.505Z', 'age': 15}, 'phone': '031-04739097', 'cell': '0932-611-0554', 'id': {'name': '', 'value': None}, 'picture': {'large': 'https://randomuser.me/api/portraits/men/65.jpg', 'medium': 'https://randomuser.me/api/portraits/med/men/65.jpg', 'thumbnail': 'https://randomuser.me/api/portraits/thumb/men/65.jpg'}, 'nat': 'IR'}], 'info': {'seed': 'decba4aa53119327', 'results': 1, 'page': 1, 'version': '1.4'}}</msg>
<arg>${json_data}</arg>
<doc>Logs the given message with the given level.</doc>
<status status="PASS" start="2024-06-10T01:07:17.689987" elapsed="0.000275"/>
</kw>
<kw name="Should Be Equal As Numbers" owner="BuiltIn">
<arg>${json_data['results'][0]['location']['postcode']}</arg>
<arg>${json_data['results'][0]['location']['postcode']}</arg>
<doc>Fails if objects are unequal after converting them to real numbers.</doc>
<status status="PASS" start="2024-06-10T01:07:17.690604" elapsed="0.000925"/>
</kw>
<kw name="Log" owner="BuiltIn">
<msg time="2024-06-10T01:07:17.692097" level="INFO">69307</msg>
<arg>${json_data['results'][0]['location']['postcode']}</arg>
<doc>Logs the given message with the given level.</doc>
<status status="PASS" start="2024-06-10T01:07:17.691742" elapsed="0.000399"/>
</kw>
<status status="PASS" start="2024-06-10T01:07:17.596904" elapsed="0.095508"/>
</kw>
<doc>Testa se os tipos de dados na resposta da API estão corretos.</doc>
<tag>testeTiposDados</tag>
<status status="PASS" start="2024-06-10T01:07:17.526700" elapsed="0.165889"/>
</test>
<test id="s1-s1-t5" name="Validar conteudo" line="35">
<kw name="Teste de Tipos de Conteudo" owner="random-user-service">
<kw name="GET On Session" owner="RequestsLibrary">
<msg time="2024-06-10T01:07:17.788436" level="INFO">GET Request : url=https://randomuser.me/api 
 path_url=/api 
 headers={'User-Agent': 'python-requests/2.32.3', 'Accept-Encoding': 'gzip, deflate', 'Accept': '*/*', 'Connection': 'keep-alive'} 
 body=None 
 </msg>
<msg time="2024-06-10T01:07:17.788539" level="INFO">GET Response : url=https://randomuser.me/api 
 status=200, reason=OK 
 headers={'Date': 'Mon, 10 Jun 2024 01:07:17 GMT', 'Content-Type': 'application/json; charset=utf-8', 'Transfer-Encoding': 'chunked', 'Connection': 'keep-alive', 'X-Powered-By': 'Express', 'Access-Control-Allow-Origin': '*', 'Cache-Control': 'no-cache', 'ETag': 'W/"466-piClSJbzShhVUET6ot2Kk6F8Kps"', 'Vary': 'Accept-Encoding', 'Content-Encoding': 'gzip', 'CF-Cache-Status': 'DYNAMIC', 'Report-To': '{"endpoints":[{"url":"https:\\/\\/a.nel.cloudflare.com\\/report\\/v4?s=ktoYfZMk3lq4nS0Q%2F0MA6aIIb5lTvy8zj%2BIHY%2FkKteVdG9i0kjvPCy0LXnGVfCeX%2FVJZcRCbeL2ujh55BoY%2BYYVHn2iqbtgoesY%2B1mLNgiSnd8ytVhrjg%2ByzNMk4XZFx"}],"group":"cf-nel","max_age":604800}', 'NEL': '{"success_fraction":0,"report_to":"cf-nel","max_age":604800}', 'Server': 'cloudflare', 'CF-RAY': '891576b39b54633f-ORD', 'alt-svc': 'h3=":443"; ma=86400'} 
 body={"results":[{"gender":"male","name":{"title":"Mr","first":"Sai","last":"Das"},"location":{"street":{"number":111,"name":"Shivajinagar"},"city":"Mumbai","state":"Sikkim","country":"India","postcode":69657,"coordinates":{"latitude":"11.4980","longitude":"-37.3815"},"timezone":{"offset":"-11:00","description":"Midway Island, Samoa"}},"email":"sai.das@example.com","login":{"uuid":"d300e9da-0b07-4a69-90c4-903e2e0c29a4","username":"smallfish633","password":"2580","salt":"bTdDOALf","md5":"fa0e7355be2cd6305da7bc2c6e36442e","sha1":"b459bd68f2b0c02038f349cd8ca9ab896ebd88fa","sha256":"90e3fad26e8d91439e61629f812e80cc96644d57026bfac4cec7a85a58128481"},"dob":{"date":"1947-11-07T00:21:30.031Z","age":76},"registered":{"date":"2006-06-02T20:08:27.500Z","age":18},"phone":"7907166243","cell":"9340003036","id":{"name":"UIDAI","value":"807547406081"},"picture":{"large":"https://randomuser.me/api/portraits/men/91.jpg","medium":"https://randomuser.me/api/portraits/med/men/91.jpg","thumbnail":"https://randomuser.me/api/portraits/thumb/men/91.jpg"},"nat":"IN"}],"info":{"seed":"8f74aa59976bacdd","results":1,"page":1,"version":"1.4"}} 
 </msg>
<msg time="2024-06-10T01:07:17.788615" level="INFO">/opt/hostedtoolcache/Python/3.12.3/x64/lib/python3.12/site-packages/urllib3/connectionpool.py:1103: InsecureRequestWarning: Unverified HTTPS request is being made to host 'randomuser.me'. Adding certificate verification is strongly advised. See: https://urllib3.readthedocs.io/en/latest/advanced-usage.html#tls-warnings
  warnings.warn(</msg>
<msg time="2024-06-10T01:07:17.788740" level="INFO">${response} = &lt;Response [200]&gt;</msg>
<var>${response}</var>
<arg>consultarAPI</arg>
<arg>/api</arg>
<doc>Sends a GET request on a previously created HTTP Session.</doc>
<status status="PASS" start="2024-06-10T01:07:17.695211" elapsed="0.093556"/>
</kw>
<kw name="Set Variable" owner="BuiltIn">
<msg time="2024-06-10T01:07:17.789818" level="INFO">${json_data} = {'results': [{'gender': 'male', 'name': {'title': 'Mr', 'first': 'Sai', 'last': 'Das'}, 'location': {'street': {'number': 111, 'name': 'Shivajinagar'}, 'city': 'Mumbai', 'state': 'Sikkim', 'country': ...</msg>
<var>${json_data}</var>
<arg>${response.json()}</arg>
<doc>Returns the given values which can then be assigned to a variables.</doc>
<status status="PASS" start="2024-06-10T01:07:17.789318" elapsed="0.000531"/>
</kw>
<kw name="Set Variable" owner="BuiltIn">
<msg time="2024-06-10T01:07:17.790556" level="INFO">${name_title} = Mr</msg>
<var>${name_title}</var>
<arg>${json_data["results"][0]["name"]["title"]}</arg>
<doc>Returns the given values which can then be assigned to a variables.</doc>
<status status="PASS" start="2024-06-10T01:07:17.790162" elapsed="0.000420"/>
</kw>
<kw name="Create List" owner="BuiltIn">
<msg time="2024-06-10T01:07:17.791033" level="INFO">${allowed_titles} = ['Mr', 'Ms', 'Miss', 'Mrs', 'Madame', 'Monsieur']</msg>
<var>${allowed_titles}</var>
<arg>Mr</arg>
<arg>Ms</arg>
<arg>Miss</arg>
<arg>Mrs</arg>
<arg>Madame</arg>
<arg>Monsieur</arg>
<doc>Returns a list containing given items.</doc>
<status status="PASS" start="2024-06-10T01:07:17.790882" elapsed="0.000177"/>
</kw>
<kw name="List Should Contain Value" owner="Collections">
<msg time="2024-06-10T01:07:17.791650" level="INFO">False</msg>
<arg>${allowed_titles}</arg>
<arg>${name_title}</arg>
<doc>Fails if the ``value`` is not found from ``list``.</doc>
<status status="PASS" start="2024-06-10T01:07:17.791467" elapsed="0.000222"/>
</kw>
<kw name="Set Variable" owner="BuiltIn">
<msg time="2024-06-10T01:07:17.792347" level="INFO">${name_country} = IN</msg>
<var>${name_country}</var>
<arg>${json_data["results"][0]["nat"]}</arg>
<doc>Returns the given values which can then be assigned to a variables.</doc>
<status status="PASS" start="2024-06-10T01:07:17.791975" elapsed="0.000397"/>
</kw>
<kw name="Create List" owner="BuiltIn">
<msg time="2024-06-10T01:07:17.793275" level="INFO">${list_country} = ['AD', 'AE', 'AF', 'AG', 'AI', 'AL', 'AM', 'AO', 'AQ', 'AR', 'AS', 'AT', 'AU', 'AW', 'AX', 'AZ', 'BA', 'BB', 'BD', 'BE', 'BF', 'BG', 'BH', 'BI', 'BJ', 'BL', 'BM', 'BN', 'BO', 'BQ', 'BR', 'BS', 'BT', '...</msg>
<var>${list_country}</var>
<arg>AD</arg>
<arg>AE</arg>
<arg>AF</arg>
<arg>AG</arg>
<arg>AI</arg>
<arg>AL</arg>
<arg>AM</arg>
<arg>AO</arg>
<arg>AQ</arg>
<arg>AR</arg>
<arg>AS</arg>
<arg>AT</arg>
<arg>AU</arg>
<arg>AW</arg>
<arg>AX</arg>
<arg>AZ</arg>
<arg>BA</arg>
<arg>BB</arg>
<arg>BD</arg>
<arg>BE</arg>
<arg>BF</arg>
<arg>BG</arg>
<arg>BH</arg>
<arg>BI</arg>
<arg>BJ</arg>
<arg>BL</arg>
<arg>BM</arg>
<arg>BN</arg>
<arg>BO</arg>
<arg>BQ</arg>
<arg>BR</arg>
<arg>BS</arg>
<arg>BT</arg>
<arg>BV</arg>
<arg>BW</arg>
<arg>BY</arg>
<arg>BZ</arg>
<arg>CA</arg>
<arg>CC</arg>
<arg>CD</arg>
<arg>CF</arg>
<arg>CG</arg>
<arg>CH</arg>
<arg>CI</arg>
<arg>CK</arg>
<arg>CL</arg>
<arg>CM</arg>
<arg>CN</arg>
<arg>CO</arg>
<arg>CR</arg>
<arg>CU</arg>
<arg>CV</arg>
<arg>CW</arg>
<arg>CX</arg>
<arg>CY</arg>
<arg>CZ</arg>
<arg>DE</arg>
<arg>DJ</arg>
<arg>DK</arg>
<arg>DM</arg>
<arg>DO</arg>
<arg>DZ</arg>
<arg>EC</arg>
<arg>EE</arg>
<arg>EG</arg>
<arg>EH</arg>
<arg>ER</arg>
<arg>ES</arg>
<arg>ET</arg>
<arg>FI</arg>
<arg>FJ</arg>
<arg>FK</arg>
<arg>FM</arg>
<arg>FO</arg>
<arg>FR</arg>
<arg>GA</arg>
<arg>GB</arg>
<arg>GD</arg>
<arg>GE</arg>
<arg>GF</arg>
<arg>GG</arg>
<arg>GH</arg>
<arg>GI</arg>
<arg>GL</arg>
<arg>GM</arg>
<arg>GN</arg>
<arg>GP</arg>
<arg>GQ</arg>
<arg>GR</arg>
<arg>GS</arg>
<arg>GT</arg>
<arg>GU</arg>
<arg>GW</arg>
<arg>GY</arg>
<arg>HK</arg>
<arg>HM</arg>
<arg>HN</arg>
<arg>HR</arg>
<arg>HT</arg>
<arg>HU</arg>
<arg>ID</arg>
<arg>IE</arg>
<arg>IL</arg>
<arg>IM</arg>
<arg>IN</arg>
<arg>IO</arg>
<arg>IQ</arg>
<arg>IR</arg>
<arg>IS</arg>
<arg>IT</arg>
<arg>JE</arg>
<arg>JM</arg>
<arg>JO</arg>
<arg>JP</arg>
<arg>KE</arg>
<arg>KG</arg>
<arg>KH</arg>
<arg>KI</arg>
<arg>KM</arg>
<arg>KN</arg>
<arg>KP</arg>
<arg>KR</arg>
<arg>KW</arg>
<arg>KY</arg>
<arg>KZ</arg>
<arg>LA</arg>
<arg>LB</arg>
<arg>LC</arg>
<arg>LI</arg>
<arg>LK</arg>
<arg>LR</arg>
<arg>LS</arg>
<arg>LT</arg>
<arg>LU</arg>
<arg>LV</arg>
<arg>LY</arg>
<arg>MA</arg>
<arg>MC</arg>
<arg>MD</arg>
<arg>ME</arg>
<arg>MF</arg>
<arg>MG</arg>
<arg>MH</arg>
<arg>MK</arg>
<arg>ML</arg>
<arg>MM</arg>
<arg>MN</arg>
<arg>MO</arg>
<arg>MP</arg>
<arg>MQ</arg>
<arg>MR</arg>
<arg>MS</arg>
<arg>MT</arg>
<arg>MU</arg>
<arg>MV</arg>
<arg>MW</arg>
<arg>MX</arg>
<arg>MY</arg>
<arg>MZ</arg>
<arg>NA</arg>
<arg>NC</arg>
<arg>NE</arg>
<arg>NF</arg>
<arg>NG</arg>
<arg>NI</arg>
<arg>NL</arg>
<arg>NO</arg>
<arg>NP</arg>
<arg>NR</arg>
<arg>NU</arg>
<arg>NZ</arg>
<arg>OM</arg>
<arg>PA</arg>
<arg>PE</arg>
<arg>PF</arg>
<arg>PG</arg>
<arg>PH</arg>
<arg>PK</arg>
<arg>PL</arg>
<arg>PM</arg>
<arg>PN</arg>
<arg>PR</arg>
<arg>PS</arg>
<arg>PT</arg>
<arg>PW</arg>
<arg>PY</arg>
<arg>QA</arg>
<arg>RE</arg>
<arg>RO</arg>
<arg>RS</arg>
<arg>RU</arg>
<arg>RW</arg>
<arg>SA</arg>
<arg>SB</arg>
<arg>SC</arg>
<arg>SD</arg>
<arg>SE</arg>
<arg>SG</arg>
<arg>SH</arg>
<arg>SI</arg>
<arg>SJ</arg>
<arg>SK</arg>
<arg>SL</arg>
<arg>SM</arg>
<arg>SN</arg>
<arg>SO</arg>
<arg>SR</arg>
<arg>SS</arg>
<arg>ST</arg>
<arg>SV</arg>
<arg>SX</arg>
<arg>SY</arg>
<arg>SZ</arg>
<arg>TC</arg>
<arg>TD</arg>
<arg>TF</arg>
<arg>TG</arg>
<arg>TH</arg>
<arg>TJ</arg>
<arg>TK</arg>
<arg>TL</arg>
<arg>TM</arg>
<arg>TN</arg>
<arg>TO</arg>
<arg>TR</arg>
<arg>TT</arg>
<arg>TV</arg>
<arg>TW</arg>
<arg>TZ</arg>
<arg>UA</arg>
<arg>UG</arg>
<arg>UM</arg>
<arg>US</arg>
<arg>UY</arg>
<arg>UZ</arg>
<arg>VA</arg>
<arg>VC</arg>
<arg>VE</arg>
<arg>VG</arg>
<arg>VI</arg>
<arg>VN</arg>
<arg>VU</arg>
<arg>WF</arg>
<arg>WS</arg>
<arg>XK</arg>
<arg>YE</arg>
<arg>YT</arg>
<arg>ZA</arg>
<arg>ZM</arg>
<arg>ZW</arg>
<doc>Returns a list containing given items.</doc>
<status status="PASS" start="2024-06-10T01:07:17.792677" elapsed="0.000624"/>
</kw>
<kw name="List Should Contain Value" owner="Collections">
<msg time="2024-06-10T01:07:17.794293" level="INFO">False</msg>
<arg>${list_country}</arg>
<arg>${name_country}</arg>
<doc>Fails if the ``value`` is not found from ``list``.</doc>
<status status="PASS" start="2024-06-10T01:07:17.794088" elapsed="0.000242"/>
</kw>
<kw name="Run Keyword If" owner="BuiltIn">
<kw name="Should Be True" owner="BuiltIn">
<arg>${True}</arg>
<doc>Fails if the given condition is not true.</doc>
<status status="PASS" start="2024-06-10T01:07:17.795434" elapsed="0.000146"/>
</kw>
<arg>${json_data["results"][0]["location"]["coordinates"]["latitude"]} &gt;= -90 and ${json_data["results"][0]["location"]["coordinates"]["latitude"]} &lt;= 90</arg>
<arg>Should Be True</arg>
<arg>${True}</arg>
<doc>Runs the given keyword with the given arguments, if ``condition`` is true.</doc>
<status status="PASS" start="2024-06-10T01:07:17.794644" elapsed="0.001062"/>
</kw>
<kw name="Run Keyword If" owner="BuiltIn">
<kw name="Should Be True" owner="BuiltIn">
<arg>${True}</arg>
<doc>Fails if the given condition is not true.</doc>
<status status="PASS" start="2024-06-10T01:07:17.796593" elapsed="0.000267"/>
</kw>
<arg>${json_data["results"][0]["location"]["coordinates"]["longitude"]} &gt;= -180 and ${json_data["results"][0]["location"]["coordinates"]["longitude"]} &lt;= 180</arg>
<arg>Should Be True</arg>
<arg>${True}</arg>
<doc>Runs the given keyword with the given arguments, if ``condition`` is true.</doc>
<status status="PASS" start="2024-06-10T01:07:17.795891" elapsed="0.001096"/>
</kw>
<status status="PASS" start="2024-06-10T01:07:17.694936" elapsed="0.102183"/>
</kw>
<doc>Testa o conteúdo específico dos campos retornados pela API.</doc>
<tag>testeConteudo</tag>
<status status="PASS" start="2024-06-10T01:07:17.694353" elapsed="0.102916"/>
</test>
<status status="PASS" start="2024-06-10T01:07:16.956629" elapsed="0.842593"/>
</suite>
<status status="PASS" start="2024-06-10T01:07:16.941644" elapsed="0.862777"/>
</suite>
<statistics>
<total>
<stat pass="5" fail="0" skip="0">All Tests</stat>
</total>
<tag>
<stat pass="1" fail="0" skip="0">testeConteudo</stat>
<stat pass="1" fail="0" skip="0">testeEstruturaResposta</stat>
<stat pass="1" fail="0" skip="0">testeRequisicaoBasica</stat>
<stat pass="1" fail="0" skip="0">testeTiposDados</stat>
</tag>
<suite>
<stat pass="5" fail="0" skip="0" id="s1" name="Tests">Tests</stat>
<stat pass="5" fail="0" skip="0" id="s1-s1" name="Random-User-Test">Tests.Random-User-Test</stat>
</suite>
</statistics>
<errors>
</errors>
</robot>
