<?xml version="1.0" encoding="UTF-8"?>
<robot generator="Robot 7.0 (Python 3.12.3 on linux)" generated="2024-04-18T10:16:37.731540" rpa="false" schemaversion="5">
<suite id="s1" name="Tests" source="/home/runner/work/DesafioQAItauRogerioJordao/DesafioQAItauRogerioJordao/RamdonUser/tests">
<suite id="s1-s1" name="Random-User-Test" source="/home/runner/work/DesafioQAItauRogerioJordao/DesafioQAItauRogerioJordao/RamdonUser/tests/random-user-test.robot">
<test id="s1-s1-t1" name="Conectar" line="13">
<kw name="Conectar API" owner="random-user-service">
<kw name="Create Session" owner="RequestsLibrary">
<msg time="2024-04-18T10:16:38.109890" level="INFO">Creating Session using : alias=consultarAPI, url=https://randomuser.me/, headers={},                     cookies={}, auth=None, timeout=None, proxies=None, verify=False,                     debug=0 </msg>
<arg>consultarAPI</arg>
<arg>${URL}</arg>
<doc>Create Session: create a HTTP session to a server</doc>
<status status="PASS" start="2024-04-18T10:16:38.109658" elapsed="0.000443"/>
</kw>
<status status="PASS" start="2024-04-18T10:16:38.108596" elapsed="0.001932"/>
</kw>
<status status="PASS" start="2024-04-18T10:16:38.107903" elapsed="0.002844"/>
</test>
<test id="s1-s1-t2" name="Validar retorno 200 e JSON Válido" line="16">
<kw name="Teste de Requisicao Basica" owner="random-user-service">
<kw name="GET On Session" owner="RequestsLibrary">
<msg time="2024-04-18T10:16:38.168514" level="INFO">GET Request : url=https://randomuser.me/api 
 path_url=/api 
 headers={'User-Agent': 'python-requests/2.31.0', 'Accept-Encoding': 'gzip, deflate', 'Accept': '*/*', 'Connection': 'keep-alive'} 
 body=None 
 </msg>
<msg time="2024-04-18T10:16:38.168682" level="INFO">GET Response : url=https://randomuser.me/api 
 status=200, reason=OK 
 headers={'Date': 'Thu, 18 Apr 2024 10:16:38 GMT', 'Content-Type': 'application/json; charset=utf-8', 'Transfer-Encoding': 'chunked', 'Connection': 'keep-alive', 'X-Powered-By': 'Express', 'Access-Control-Allow-Origin': '*', 'Cache-Control': 'no-cache', 'ETag': 'W/"481-+T8VTa7e0GmqJaM6HXbHCj8RREg"', 'Vary': 'Accept-Encoding', 'Content-Encoding': 'gzip', 'CF-Cache-Status': 'DYNAMIC', 'Report-To': '{"endpoints":[{"url":"https:\\/\\/a.nel.cloudflare.com\\/report\\/v4?s=Gnj%2Ftyxua4hvFuSTeCnjmnQdso0ESS5MzXW83g0CZtnMKqK0vT%2FlBTqHnOFgThrX6%2BC4ALZKxArW6MChE8oodY6WYAGVTIJb7uA%2F%2FKEOjsWYxneYx1NyqulEptutQnCj"}],"group":"cf-nel","max_age":604800}', 'NEL': '{"success_fraction":0,"report_to":"cf-nel","max_age":604800}', 'Server': 'cloudflare', 'CF-RAY': '8763e6865a4c2d10-IAD', 'alt-svc': 'h3=":443"; ma=86400'} 
 body={"results":[{"gender":"female","name":{"title":"Ms","first":"Ava","last":"Hansen"},"location":{"street":{"number":1065,"name":"Manor Road"},"city":"Armagh","state":"South Glamorgan","country":"United Kingdom","postcode":"A9J 4DW","coordinates":{"latitude":"-8.2378","longitude":"133.9965"},"timezone":{"offset":"-9:00","description":"Alaska"}},"email":"ava.hansen@example.com","login":{"uuid":"15d1160c-633b-4e3e-838c-a9c446bffa39","username":"silvermouse647","password":"louie","salt":"pmQ4o5rp","md5":"0c0b778e0f305238de4763d35341f136","sha1":"f36d6b345e0ee07331c2ae75051f434e516e0100","sha256":"c8fea2565309680082d6074e211b600781802683aea8565244207a7a569319a6"},"dob":{"date":"1988-05-15T23:40:07.982Z","age":35},"registered":{"date":"2008-06-19T08:08:04.659Z","age":15},"phone":"01434 692762","cell":"07869 803353","id":{"name":"NINO","value":"OP 44 15 50 O"},"picture":{"large":"https://randomuser.me/api/portraits/women/29.jpg","medium":"https://randomuser.me/api/portraits/med/women/29.jpg","thumbnail":"https://randomuser.me/api/portraits/thumb/women/29.jpg"},"nat":"GB"}],"info":{"seed":"c60dabf80432edc3","results":1,"page":1,"version":"1.4"}} 
 </msg>
<msg time="2024-04-18T10:16:38.168779" level="INFO">/opt/hostedtoolcache/Python/3.12.3/x64/lib/python3.12/site-packages/urllib3/connectionpool.py:1103: InsecureRequestWarning: Unverified HTTPS request is being made to host 'randomuser.me'. Adding certificate verification is strongly advised. See: https://urllib3.readthedocs.io/en/latest/advanced-usage.html#tls-warnings
  warnings.warn(</msg>
<msg time="2024-04-18T10:16:38.168958" level="INFO">${response} = &lt;Response [200]&gt;</msg>
<var>${response}</var>
<arg>consultarAPI</arg>
<arg>/api</arg>
<doc>Sends a GET request on a previously created HTTP Session.</doc>
<status status="PASS" start="2024-04-18T10:16:38.113535" elapsed="0.055473"/>
</kw>
<kw name="Should Be Equal As Numbers" owner="BuiltIn">
<msg time="2024-04-18T10:16:38.170123" level="INFO">Argument types are:
&lt;class 'int'&gt;
&lt;class 'str'&gt;</msg>
<arg>${response.status_code}</arg>
<arg>200</arg>
<doc>Fails if objects are unequal after converting them to real numbers.</doc>
<status status="PASS" start="2024-04-18T10:16:38.169612" elapsed="0.000584"/>
</kw>
<kw name="Log" owner="BuiltIn">
<msg time="2024-04-18T10:16:38.171103" level="INFO">200</msg>
<arg>${response.status_code}</arg>
<doc>Logs the given message with the given level.</doc>
<status status="PASS" start="2024-04-18T10:16:38.170680" elapsed="0.000471"/>
</kw>
<kw name="Set Variable" owner="BuiltIn">
<msg time="2024-04-18T10:16:38.172011" level="INFO">${json_data} = {'results': [{'gender': 'female', 'name': {'title': 'Ms', 'first': 'Ava', 'last': 'Hansen'}, 'location': {'street': {'number': 1065, 'name': 'Manor Road'}, 'city': 'Armagh', 'state': 'South Glamorgan'...</msg>
<var>${json_data}</var>
<arg>${response.json()}</arg>
<doc>Returns the given values which can then be assigned to a variables.</doc>
<status status="PASS" start="2024-04-18T10:16:38.171528" elapsed="0.000512"/>
</kw>
<kw name="Dictionary Should Contain Key" owner="Collections">
<msg time="2024-04-18T10:16:38.172587" level="INFO">False</msg>
<arg>${json_data}</arg>
<arg>results</arg>
<doc>Fails if ``key`` is not found from ``dictionary``.</doc>
<status status="PASS" start="2024-04-18T10:16:38.172393" elapsed="0.000237"/>
</kw>
<status status="PASS" start="2024-04-18T10:16:38.113263" elapsed="0.059653"/>
</kw>
<doc>Testa se a API responde corretamente e retorna um objeto JSON válido.</doc>
<tag>testeRequisicaoBasica</tag>
<status status="PASS" start="2024-04-18T10:16:38.112666" elapsed="0.060447"/>
</test>
<test id="s1-s1-t3" name="Validar estrutura de resposta" line="22">
<kw name="Teste de Estrutura de Resposta" owner="random-user-service">
<kw name="GET On Session" owner="RequestsLibrary">
<msg time="2024-04-18T10:16:38.268524" level="INFO">GET Request : url=https://randomuser.me/api 
 path_url=/api 
 headers={'User-Agent': 'python-requests/2.31.0', 'Accept-Encoding': 'gzip, deflate', 'Accept': '*/*', 'Connection': 'keep-alive'} 
 body=None 
 </msg>
<msg time="2024-04-18T10:16:38.268630" level="INFO">GET Response : url=https://randomuser.me/api 
 status=200, reason=OK 
 headers={'Date': 'Thu, 18 Apr 2024 10:16:38 GMT', 'Content-Type': 'application/json; charset=utf-8', 'Transfer-Encoding': 'chunked', 'Connection': 'keep-alive', 'X-Powered-By': 'Express', 'Access-Control-Allow-Origin': '*', 'Cache-Control': 'no-cache', 'ETag': 'W/"479-1WuIGqOdcfsFye19LvvQ3VKkb5o"', 'Vary': 'Accept-Encoding', 'Content-Encoding': 'gzip', 'CF-Cache-Status': 'DYNAMIC', 'Report-To': '{"endpoints":[{"url":"https:\\/\\/a.nel.cloudflare.com\\/report\\/v4?s=s5vDSdA0bFIGVh%2BDS9q8Ei4j3Hzg9u6FdVso0hFge5p3it5%2B5Nr9Sa0mGds%2FackQ9GhFdwKTqqQlipC32E8BAMjyrQ220YNIa%2FgSm1wPNYC6kQiyO2CDYU%2FCuVWk6Ht2"}],"group":"cf-nel","max_age":604800}', 'NEL': '{"success_fraction":0,"report_to":"cf-nel","max_age":604800}', 'Server': 'cloudflare', 'CF-RAY': '8763e6869aaf2d10-IAD', 'alt-svc': 'h3=":443"; ma=86400'} 
 body={"results":[{"gender":"male","name":{"title":"Mr","first":"علی","last":"نجاتی"},"location":{"street":{"number":9052,"name":"میدان 15خرداد"},"city":"شیراز","state":"مازندران","country":"Iran","postcode":55167,"coordinates":{"latitude":"14.3829","longitude":"-131.0109"},"timezone":{"offset":"+5:45","description":"Kathmandu"}},"email":"aaly.njty@example.com","login":{"uuid":"9bbea998-049c-4110-a359-7e797bd3e7c0","username":"greenmouse494","password":"champ1","salt":"bsKWegaj","md5":"3315695a4e13f148fd576965cddd35ff","sha1":"75604eb274075978c0705cd9afe57b857ac78b2c","sha256":"9b5fe618c58d82414303a528bc3f03792eca598fd172a1af8fa941cef5ca4d28"},"dob":{"date":"1994-05-14T22:01:05.450Z","age":29},"registered":{"date":"2011-01-17T18:12:01.065Z","age":13},"phone":"046-82947004","cell":"0973-525-5365","id":{"name":"","value":null},"picture":{"large":"https://randomuser.me/api/portraits/men/62.jpg","medium":"https://randomuser.me/api/portraits/med/men/62.jpg","thumbnail":"https://randomuser.me/api/portraits/thumb/men/62.jpg"},"nat":"IR"}],"info":{"seed":"94531e398c79cbee","results":1,"page":1,"version":"1.4"}} 
 </msg>
<msg time="2024-04-18T10:16:38.268771" level="INFO">/opt/hostedtoolcache/Python/3.12.3/x64/lib/python3.12/site-packages/urllib3/connectionpool.py:1103: InsecureRequestWarning: Unverified HTTPS request is being made to host 'randomuser.me'. Adding certificate verification is strongly advised. See: https://urllib3.readthedocs.io/en/latest/advanced-usage.html#tls-warnings
  warnings.warn(</msg>
<msg time="2024-04-18T10:16:38.268925" level="INFO">${response} = &lt;Response [200]&gt;</msg>
<var>${response}</var>
<arg>consultarAPI</arg>
<arg>/api</arg>
<doc>Sends a GET request on a previously created HTTP Session.</doc>
<status status="PASS" start="2024-04-18T10:16:38.176064" elapsed="0.092904"/>
</kw>
<kw name="Set Variable" owner="BuiltIn">
<msg time="2024-04-18T10:16:38.270137" level="INFO">${json_data} = {'results': [{'gender': 'male', 'name': {'title': 'Mr', 'first': 'علی', 'last': 'نجاتی'}, 'location': {'street': {'number': 9052, 'name': 'میدان 15خرداد'}, 'city': 'شیراز', 'state': 'مازندران', 'count...</msg>
<var>${json_data}</var>
<arg>${response.json()}</arg>
<doc>Returns the given values which can then be assigned to a variables.</doc>
<status status="PASS" start="2024-04-18T10:16:38.269566" elapsed="0.000603"/>
</kw>
<kw name="Log" owner="BuiltIn">
<msg time="2024-04-18T10:16:38.270783" level="INFO">{'results': [{'gender': 'male', 'name': {'title': 'Mr', 'first': 'علی', 'last': 'نجاتی'}, 'location': {'street': {'number': 9052, 'name': 'میدان 15خرداد'}, 'city': 'شیراز', 'state': 'مازندران', 'country': 'Iran', 'postcode': 55167, 'coordinates': {'latitude': '14.3829', 'longitude': '-131.0109'}, 'timezone': {'offset': '+5:45', 'description': 'Kathmandu'}}, 'email': 'aaly.njty@example.com', 'login': {'uuid': '9bbea998-049c-4110-a359-7e797bd3e7c0', 'username': 'greenmouse494', 'password': 'champ1', 'salt': 'bsKWegaj', 'md5': '3315695a4e13f148fd576965cddd35ff', 'sha1': '75604eb274075978c0705cd9afe57b857ac78b2c', 'sha256': '9b5fe618c58d82414303a528bc3f03792eca598fd172a1af8fa941cef5ca4d28'}, 'dob': {'date': '1994-05-14T22:01:05.450Z', 'age': 29}, 'registered': {'date': '2011-01-17T18:12:01.065Z', 'age': 13}, 'phone': '046-82947004', 'cell': '0973-525-5365', 'id': {'name': '', 'value': None}, 'picture': {'large': 'https://randomuser.me/api/portraits/men/62.jpg', 'medium': 'https://randomuser.me/api/portraits/med/men/62.jpg', 'thumbnail': 'https://randomuser.me/api/portraits/thumb/men/62.jpg'}, 'nat': 'IR'}], 'info': {'seed': '94531e398c79cbee', 'results': 1, 'page': 1, 'version': '1.4'}}</msg>
<arg>${json_data}</arg>
<doc>Logs the given message with the given level.</doc>
<status status="PASS" start="2024-04-18T10:16:38.270591" elapsed="0.000249"/>
</kw>
<kw name="Dictionary Should Contain Key" owner="Collections">
<msg time="2024-04-18T10:16:38.271355" level="INFO">False</msg>
<arg>${json_data}</arg>
<arg>results</arg>
<doc>Fails if ``key`` is not found from ``dictionary``.</doc>
<status status="PASS" start="2024-04-18T10:16:38.271178" elapsed="0.000218"/>
</kw>
<kw name="Should Not Be Empty" owner="BuiltIn">
<msg time="2024-04-18T10:16:38.271853" level="INFO">Length is 2.</msg>
<arg>${json_data}</arg>
<doc>Verifies that the given item is not empty.</doc>
<status status="PASS" start="2024-04-18T10:16:38.271709" elapsed="0.000364"/>
</kw>
<kw name="Create List" owner="BuiltIn">
<msg time="2024-04-18T10:16:38.272532" level="INFO">${expected_keys} = ['gender', 'name', 'location', 'email', 'login']</msg>
<var>${expected_keys}</var>
<arg>gender</arg>
<arg>name</arg>
<arg>location</arg>
<arg>email</arg>
<arg>login</arg>
<doc>Returns a list containing given items.</doc>
<status status="PASS" start="2024-04-18T10:16:38.272378" elapsed="0.000178"/>
</kw>
<for flavor="IN">
<iter>
<kw name="Dictionary Should Contain Key" owner="Collections">
<msg time="2024-04-18T10:16:38.273601" level="INFO">False</msg>
<arg>${json_data['results'][0]}</arg>
<arg>${key}</arg>
<doc>Fails if ``key`` is not found from ``dictionary``.</doc>
<status status="PASS" start="2024-04-18T10:16:38.273165" elapsed="0.000476"/>
</kw>
<kw name="Log" owner="BuiltIn">
<msg time="2024-04-18T10:16:38.274333" level="INFO">{'gender': 'male', 'name': {'title': 'Mr', 'first': 'علی', 'last': 'نجاتی'}, 'location': {'street': {'number': 9052, 'name': 'میدان 15خرداد'}, 'city': 'شیراز', 'state': 'مازندران', 'country': 'Iran', 'postcode': 55167, 'coordinates': {'latitude': '14.3829', 'longitude': '-131.0109'}, 'timezone': {'offset': '+5:45', 'description': 'Kathmandu'}}, 'email': 'aaly.njty@example.com', 'login': {'uuid': '9bbea998-049c-4110-a359-7e797bd3e7c0', 'username': 'greenmouse494', 'password': 'champ1', 'salt': 'bsKWegaj', 'md5': '3315695a4e13f148fd576965cddd35ff', 'sha1': '75604eb274075978c0705cd9afe57b857ac78b2c', 'sha256': '9b5fe618c58d82414303a528bc3f03792eca598fd172a1af8fa941cef5ca4d28'}, 'dob': {'date': '1994-05-14T22:01:05.450Z', 'age': 29}, 'registered': {'date': '2011-01-17T18:12:01.065Z', 'age': 13}, 'phone': '046-82947004', 'cell': '0973-525-5365', 'id': {'name': '', 'value': None}, 'picture': {'large': 'https://randomuser.me/api/portraits/men/62.jpg', 'medium': 'https://randomuser.me/api/portraits/med/men/62.jpg', 'thumbnail': 'https://randomuser.me/api/portraits/thumb/men/62.jpg'}, 'nat': 'IR'}</msg>
<arg>${json_data['results'][0]}</arg>
<doc>Logs the given message with the given level.</doc>
<status status="PASS" start="2024-04-18T10:16:38.273946" elapsed="0.000438"/>
</kw>
<kw name="Log" owner="BuiltIn">
<msg time="2024-04-18T10:16:38.274857" level="INFO">gender</msg>
<arg>${key}</arg>
<doc>Logs the given message with the given level.</doc>
<status status="PASS" start="2024-04-18T10:16:38.274727" elapsed="0.000169"/>
</kw>
<var name="${key}">gender</var>
<status status="PASS" start="2024-04-18T10:16:38.273033" elapsed="0.002081"/>
</iter>
<iter>
<kw name="Dictionary Should Contain Key" owner="Collections">
<msg time="2024-04-18T10:16:38.275844" level="INFO">False</msg>
<arg>${json_data['results'][0]}</arg>
<arg>${key}</arg>
<doc>Fails if ``key`` is not found from ``dictionary``.</doc>
<status status="PASS" start="2024-04-18T10:16:38.275441" elapsed="0.000440"/>
</kw>
<kw name="Log" owner="BuiltIn">
<msg time="2024-04-18T10:16:38.276596" level="INFO">{'gender': 'male', 'name': {'title': 'Mr', 'first': 'علی', 'last': 'نجاتی'}, 'location': {'street': {'number': 9052, 'name': 'میدان 15خرداد'}, 'city': 'شیراز', 'state': 'مازندران', 'country': 'Iran', 'postcode': 55167, 'coordinates': {'latitude': '14.3829', 'longitude': '-131.0109'}, 'timezone': {'offset': '+5:45', 'description': 'Kathmandu'}}, 'email': 'aaly.njty@example.com', 'login': {'uuid': '9bbea998-049c-4110-a359-7e797bd3e7c0', 'username': 'greenmouse494', 'password': 'champ1', 'salt': 'bsKWegaj', 'md5': '3315695a4e13f148fd576965cddd35ff', 'sha1': '75604eb274075978c0705cd9afe57b857ac78b2c', 'sha256': '9b5fe618c58d82414303a528bc3f03792eca598fd172a1af8fa941cef5ca4d28'}, 'dob': {'date': '1994-05-14T22:01:05.450Z', 'age': 29}, 'registered': {'date': '2011-01-17T18:12:01.065Z', 'age': 13}, 'phone': '046-82947004', 'cell': '0973-525-5365', 'id': {'name': '', 'value': None}, 'picture': {'large': 'https://randomuser.me/api/portraits/men/62.jpg', 'medium': 'https://randomuser.me/api/portraits/med/men/62.jpg', 'thumbnail': 'https://randomuser.me/api/portraits/thumb/men/62.jpg'}, 'nat': 'IR'}</msg>
<arg>${json_data['results'][0]}</arg>
<doc>Logs the given message with the given level.</doc>
<status status="PASS" start="2024-04-18T10:16:38.276217" elapsed="0.000430"/>
</kw>
<kw name="Log" owner="BuiltIn">
<msg time="2024-04-18T10:16:38.277070" level="INFO">name</msg>
<arg>${key}</arg>
<doc>Logs the given message with the given level.</doc>
<status status="PASS" start="2024-04-18T10:16:38.276943" elapsed="0.000165"/>
</kw>
<var name="${key}">name</var>
<status status="PASS" start="2024-04-18T10:16:38.275314" elapsed="0.002011"/>
</iter>
<iter>
<kw name="Dictionary Should Contain Key" owner="Collections">
<msg time="2024-04-18T10:16:38.278015" level="INFO">False</msg>
<arg>${json_data['results'][0]}</arg>
<arg>${key}</arg>
<doc>Fails if ``key`` is not found from ``dictionary``.</doc>
<status status="PASS" start="2024-04-18T10:16:38.277623" elapsed="0.000430"/>
</kw>
<kw name="Log" owner="BuiltIn">
<msg time="2024-04-18T10:16:38.278763" level="INFO">{'gender': 'male', 'name': {'title': 'Mr', 'first': 'علی', 'last': 'نجاتی'}, 'location': {'street': {'number': 9052, 'name': 'میدان 15خرداد'}, 'city': 'شیراز', 'state': 'مازندران', 'country': 'Iran', 'postcode': 55167, 'coordinates': {'latitude': '14.3829', 'longitude': '-131.0109'}, 'timezone': {'offset': '+5:45', 'description': 'Kathmandu'}}, 'email': 'aaly.njty@example.com', 'login': {'uuid': '9bbea998-049c-4110-a359-7e797bd3e7c0', 'username': 'greenmouse494', 'password': 'champ1', 'salt': 'bsKWegaj', 'md5': '3315695a4e13f148fd576965cddd35ff', 'sha1': '75604eb274075978c0705cd9afe57b857ac78b2c', 'sha256': '9b5fe618c58d82414303a528bc3f03792eca598fd172a1af8fa941cef5ca4d28'}, 'dob': {'date': '1994-05-14T22:01:05.450Z', 'age': 29}, 'registered': {'date': '2011-01-17T18:12:01.065Z', 'age': 13}, 'phone': '046-82947004', 'cell': '0973-525-5365', 'id': {'name': '', 'value': None}, 'picture': {'large': 'https://randomuser.me/api/portraits/men/62.jpg', 'medium': 'https://randomuser.me/api/portraits/med/men/62.jpg', 'thumbnail': 'https://randomuser.me/api/portraits/thumb/men/62.jpg'}, 'nat': 'IR'}</msg>
<arg>${json_data['results'][0]}</arg>
<doc>Logs the given message with the given level.</doc>
<status status="PASS" start="2024-04-18T10:16:38.278348" elapsed="0.000468"/>
</kw>
<kw name="Log" owner="BuiltIn">
<msg time="2024-04-18T10:16:38.279244" level="INFO">location</msg>
<arg>${key}</arg>
<doc>Logs the given message with the given level.</doc>
<status status="PASS" start="2024-04-18T10:16:38.279117" elapsed="0.000166"/>
</kw>
<var name="${key}">location</var>
<status status="PASS" start="2024-04-18T10:16:38.277510" elapsed="0.001987"/>
</iter>
<iter>
<kw name="Dictionary Should Contain Key" owner="Collections">
<msg time="2024-04-18T10:16:38.280186" level="INFO">False</msg>
<arg>${json_data['results'][0]}</arg>
<arg>${key}</arg>
<doc>Fails if ``key`` is not found from ``dictionary``.</doc>
<status status="PASS" start="2024-04-18T10:16:38.279787" elapsed="0.000437"/>
</kw>
<kw name="Log" owner="BuiltIn">
<msg time="2024-04-18T10:16:38.280893" level="INFO">{'gender': 'male', 'name': {'title': 'Mr', 'first': 'علی', 'last': 'نجاتی'}, 'location': {'street': {'number': 9052, 'name': 'میدان 15خرداد'}, 'city': 'شیراز', 'state': 'مازندران', 'country': 'Iran', 'postcode': 55167, 'coordinates': {'latitude': '14.3829', 'longitude': '-131.0109'}, 'timezone': {'offset': '+5:45', 'description': 'Kathmandu'}}, 'email': 'aaly.njty@example.com', 'login': {'uuid': '9bbea998-049c-4110-a359-7e797bd3e7c0', 'username': 'greenmouse494', 'password': 'champ1', 'salt': 'bsKWegaj', 'md5': '3315695a4e13f148fd576965cddd35ff', 'sha1': '75604eb274075978c0705cd9afe57b857ac78b2c', 'sha256': '9b5fe618c58d82414303a528bc3f03792eca598fd172a1af8fa941cef5ca4d28'}, 'dob': {'date': '1994-05-14T22:01:05.450Z', 'age': 29}, 'registered': {'date': '2011-01-17T18:12:01.065Z', 'age': 13}, 'phone': '046-82947004', 'cell': '0973-525-5365', 'id': {'name': '', 'value': None}, 'picture': {'large': 'https://randomuser.me/api/portraits/men/62.jpg', 'medium': 'https://randomuser.me/api/portraits/med/men/62.jpg', 'thumbnail': 'https://randomuser.me/api/portraits/thumb/men/62.jpg'}, 'nat': 'IR'}</msg>
<arg>${json_data['results'][0]}</arg>
<doc>Logs the given message with the given level.</doc>
<status status="PASS" start="2024-04-18T10:16:38.280521" elapsed="0.000424"/>
</kw>
<kw name="Log" owner="BuiltIn">
<msg time="2024-04-18T10:16:38.281370" level="INFO">email</msg>
<arg>${key}</arg>
<doc>Logs the given message with the given level.</doc>
<status status="PASS" start="2024-04-18T10:16:38.281243" elapsed="0.000166"/>
</kw>
<var name="${key}">email</var>
<status status="PASS" start="2024-04-18T10:16:38.279675" elapsed="0.001947"/>
</iter>
<iter>
<kw name="Dictionary Should Contain Key" owner="Collections">
<msg time="2024-04-18T10:16:38.282295" level="INFO">False</msg>
<arg>${json_data['results'][0]}</arg>
<arg>${key}</arg>
<doc>Fails if ``key`` is not found from ``dictionary``.</doc>
<status status="PASS" start="2024-04-18T10:16:38.281905" elapsed="0.000428"/>
</kw>
<kw name="Log" owner="BuiltIn">
<msg time="2024-04-18T10:16:38.283040" level="INFO">{'gender': 'male', 'name': {'title': 'Mr', 'first': 'علی', 'last': 'نجاتی'}, 'location': {'street': {'number': 9052, 'name': 'میدان 15خرداد'}, 'city': 'شیراز', 'state': 'مازندران', 'country': 'Iran', 'postcode': 55167, 'coordinates': {'latitude': '14.3829', 'longitude': '-131.0109'}, 'timezone': {'offset': '+5:45', 'description': 'Kathmandu'}}, 'email': 'aaly.njty@example.com', 'login': {'uuid': '9bbea998-049c-4110-a359-7e797bd3e7c0', 'username': 'greenmouse494', 'password': 'champ1', 'salt': 'bsKWegaj', 'md5': '3315695a4e13f148fd576965cddd35ff', 'sha1': '75604eb274075978c0705cd9afe57b857ac78b2c', 'sha256': '9b5fe618c58d82414303a528bc3f03792eca598fd172a1af8fa941cef5ca4d28'}, 'dob': {'date': '1994-05-14T22:01:05.450Z', 'age': 29}, 'registered': {'date': '2011-01-17T18:12:01.065Z', 'age': 13}, 'phone': '046-82947004', 'cell': '0973-525-5365', 'id': {'name': '', 'value': None}, 'picture': {'large': 'https://randomuser.me/api/portraits/men/62.jpg', 'medium': 'https://randomuser.me/api/portraits/med/men/62.jpg', 'thumbnail': 'https://randomuser.me/api/portraits/thumb/men/62.jpg'}, 'nat': 'IR'}</msg>
<arg>${json_data['results'][0]}</arg>
<doc>Logs the given message with the given level.</doc>
<status status="PASS" start="2024-04-18T10:16:38.282667" elapsed="0.000424"/>
</kw>
<kw name="Log" owner="BuiltIn">
<msg time="2024-04-18T10:16:38.283514" level="INFO">login</msg>
<arg>${key}</arg>
<doc>Logs the given message with the given level.</doc>
<status status="PASS" start="2024-04-18T10:16:38.283387" elapsed="0.000165"/>
</kw>
<var name="${key}">login</var>
<status status="PASS" start="2024-04-18T10:16:38.281794" elapsed="0.001975"/>
</iter>
<var>${key}</var>
<value>@{expected_keys}</value>
<status status="PASS" start="2024-04-18T10:16:38.272827" elapsed="0.011089"/>
</for>
<kw name="Create List" owner="BuiltIn">
<msg time="2024-04-18T10:16:38.284262" level="INFO">${expected_keysTwo} = ['username', 'password']</msg>
<var>${expected_keysTwo}</var>
<arg>username</arg>
<arg>password</arg>
<doc>Returns a list containing given items.</doc>
<status status="PASS" start="2024-04-18T10:16:38.284123" elapsed="0.000163"/>
</kw>
<for flavor="IN">
<iter>
<kw name="Dictionary Should Contain Key" owner="Collections">
<msg time="2024-04-18T10:16:38.285200" level="INFO">False</msg>
<arg>${json_data['results'][0]['login']}</arg>
<arg>${keyTwo}</arg>
<doc>Fails if ``key`` is not found from ``dictionary``.</doc>
<status status="PASS" start="2024-04-18T10:16:38.284804" elapsed="0.000433"/>
</kw>
<kw name="Dictionary Should Contain Key" owner="Collections">
<msg time="2024-04-18T10:16:38.285924" level="INFO">False</msg>
<arg>${json_data['results'][0]['login']}</arg>
<arg>${keyTwo}</arg>
<doc>Fails if ``key`` is not found from ``dictionary``.</doc>
<status status="PASS" start="2024-04-18T10:16:38.285537" elapsed="0.000425"/>
</kw>
<kw name="Log" owner="BuiltIn">
<msg time="2024-04-18T10:16:38.286378" level="INFO">username</msg>
<arg>${keyTwo}</arg>
<doc>Logs the given message with the given level.</doc>
<status status="PASS" start="2024-04-18T10:16:38.286252" elapsed="0.000169"/>
</kw>
<var name="${keyTwo}">username</var>
<status status="PASS" start="2024-04-18T10:16:38.284689" elapsed="0.001993"/>
</iter>
<iter>
<kw name="Dictionary Should Contain Key" owner="Collections">
<msg time="2024-04-18T10:16:38.287437" level="INFO">False</msg>
<arg>${json_data['results'][0]['login']}</arg>
<arg>${keyTwo}</arg>
<doc>Fails if ``key`` is not found from ``dictionary``.</doc>
<status status="PASS" start="2024-04-18T10:16:38.286966" elapsed="0.000516"/>
</kw>
<kw name="Dictionary Should Contain Key" owner="Collections">
<msg time="2024-04-18T10:16:38.288158" level="INFO">False</msg>
<arg>${json_data['results'][0]['login']}</arg>
<arg>${keyTwo}</arg>
<doc>Fails if ``key`` is not found from ``dictionary``.</doc>
<status status="PASS" start="2024-04-18T10:16:38.287780" elapsed="0.000415"/>
</kw>
<kw name="Log" owner="BuiltIn">
<msg time="2024-04-18T10:16:38.288615" level="INFO">password</msg>
<arg>${keyTwo}</arg>
<doc>Logs the given message with the given level.</doc>
<status status="PASS" start="2024-04-18T10:16:38.288488" elapsed="0.000164"/>
</kw>
<var name="${keyTwo}">password</var>
<status status="PASS" start="2024-04-18T10:16:38.286855" elapsed="0.002009"/>
</iter>
<var>${keyTwo}</var>
<value>@{expected_keysTwo}</value>
<status status="PASS" start="2024-04-18T10:16:38.284528" elapsed="0.004454"/>
</for>
<status status="PASS" start="2024-04-18T10:16:38.175784" elapsed="0.113341"/>
</kw>
<doc>Testa a estrutura da resposta da API.</doc>
<tag>testeEstruturaResposta</tag>
<status status="PASS" start="2024-04-18T10:16:38.175083" elapsed="0.114200"/>
</test>
<test id="s1-s1-t4" name="Validar tipos de dados" line="28">
<kw name="Teste de Tipos de Dados" owner="random-user-service">
<kw name="GET On Session" owner="RequestsLibrary">
<msg time="2024-04-18T10:16:38.363714" level="INFO">GET Request : url=https://randomuser.me/api 
 path_url=/api 
 headers={'User-Agent': 'python-requests/2.31.0', 'Accept-Encoding': 'gzip, deflate', 'Accept': '*/*', 'Connection': 'keep-alive'} 
 body=None 
 </msg>
<msg time="2024-04-18T10:16:38.363812" level="INFO">GET Response : url=https://randomuser.me/api 
 status=200, reason=OK 
 headers={'Date': 'Thu, 18 Apr 2024 10:16:38 GMT', 'Content-Type': 'application/json; charset=utf-8', 'Transfer-Encoding': 'chunked', 'Connection': 'keep-alive', 'X-Powered-By': 'Express', 'Access-Control-Allow-Origin': '*', 'Cache-Control': 'no-cache', 'ETag': 'W/"496-NeQZw3u+0+Bn6jcXxvpwH5pBt/g"', 'Vary': 'Accept-Encoding', 'Content-Encoding': 'gzip', 'CF-Cache-Status': 'DYNAMIC', 'Report-To': '{"endpoints":[{"url":"https:\\/\\/a.nel.cloudflare.com\\/report\\/v4?s=8AagfY2N%2Fy26kZ3OQ6F3T3%2BpXJZgxRce1Ved%2BlA6d8U2yMZwtHnOz67MLpcYS7F2ldQ4wTLgM5JleSXTbs9BxrrL2rm9gW%2Ba0CzjIIJGc1x%2Bw1QRALIc2tIXNaCgS7n8"}],"group":"cf-nel","max_age":604800}', 'NEL': '{"success_fraction":0,"report_to":"cf-nel","max_age":604800}', 'Server': 'cloudflare', 'CF-RAY': '8763e6875bbd2d10-IAD', 'alt-svc': 'h3=":443"; ma=86400'} 
 body={"results":[{"gender":"male","name":{"title":"Mr","first":"Eino","last":"Koski"},"location":{"street":{"number":5078,"name":"Reijolankatu"},"city":"Finström","state":"Tavastia Proper","country":"Finland","postcode":58650,"coordinates":{"latitude":"-24.3232","longitude":"-73.2947"},"timezone":{"offset":"+1:00","description":"Brussels, Copenhagen, Madrid, Paris"}},"email":"eino.koski@example.com","login":{"uuid":"4578b0d8-78b5-4c12-95e8-b1c8bb99f0b3","username":"tinyleopard732","password":"festival","salt":"CFQuXhhK","md5":"0c0005eb891a7538f8056b89378e93b1","sha1":"676193403e17f6c5bb3e3941a8e8d1853f190d8a","sha256":"2eacb5af4e6c7e41f14c57bbbd11ea07c386b415b41029bc59bf11a7893d8374"},"dob":{"date":"1950-02-15T07:09:07.610Z","age":74},"registered":{"date":"2017-08-20T23:25:30.775Z","age":6},"phone":"07-755-907","cell":"042-013-42-78","id":{"name":"HETU","value":"NaNNA429undefined"},"picture":{"large":"https://randomuser.me/api/portraits/men/51.jpg","medium":"https://randomuser.me/api/portraits/med/men/51.jpg","thumbnail":"https://randomuser.me/api/portraits/thumb/men/51.jpg"},"nat":"FI"}],"info":{"seed":"6c2cab5c4abff024","results":1,"page":1,"version":"1.4"}} 
 </msg>
<msg time="2024-04-18T10:16:38.363886" level="INFO">/opt/hostedtoolcache/Python/3.12.3/x64/lib/python3.12/site-packages/urllib3/connectionpool.py:1103: InsecureRequestWarning: Unverified HTTPS request is being made to host 'randomuser.me'. Adding certificate verification is strongly advised. See: https://urllib3.readthedocs.io/en/latest/advanced-usage.html#tls-warnings
  warnings.warn(</msg>
<msg time="2024-04-18T10:16:38.364027" level="INFO">${response} = &lt;Response [200]&gt;</msg>
<var>${response}</var>
<arg>consultarAPI</arg>
<arg>/api</arg>
<doc>Sends a GET request on a previously created HTTP Session.</doc>
<status status="PASS" start="2024-04-18T10:16:38.291820" elapsed="0.072251"/>
</kw>
<kw name="Set Variable" owner="BuiltIn">
<msg time="2024-04-18T10:16:38.365125" level="INFO">${json_data} = {'results': [{'gender': 'male', 'name': {'title': 'Mr', 'first': 'Eino', 'last': 'Koski'}, 'location': {'street': {'number': 5078, 'name': 'Reijolankatu'}, 'city': 'Finström', 'state': 'Tavastia Prope...</msg>
<var>${json_data}</var>
<arg>${response.json()}</arg>
<doc>Returns the given values which can then be assigned to a variables.</doc>
<status status="PASS" start="2024-04-18T10:16:38.364587" elapsed="0.000567"/>
</kw>
<kw name="Log" owner="BuiltIn">
<msg time="2024-04-18T10:16:38.365692" level="INFO">{'results': [{'gender': 'male', 'name': {'title': 'Mr', 'first': 'Eino', 'last': 'Koski'}, 'location': {'street': {'number': 5078, 'name': 'Reijolankatu'}, 'city': 'Finström', 'state': 'Tavastia Proper', 'country': 'Finland', 'postcode': 58650, 'coordinates': {'latitude': '-24.3232', 'longitude': '-73.2947'}, 'timezone': {'offset': '+1:00', 'description': 'Brussels, Copenhagen, Madrid, Paris'}}, 'email': 'eino.koski@example.com', 'login': {'uuid': '4578b0d8-78b5-4c12-95e8-b1c8bb99f0b3', 'username': 'tinyleopard732', 'password': 'festival', 'salt': 'CFQuXhhK', 'md5': '0c0005eb891a7538f8056b89378e93b1', 'sha1': '676193403e17f6c5bb3e3941a8e8d1853f190d8a', 'sha256': '2eacb5af4e6c7e41f14c57bbbd11ea07c386b415b41029bc59bf11a7893d8374'}, 'dob': {'date': '1950-02-15T07:09:07.610Z', 'age': 74}, 'registered': {'date': '2017-08-20T23:25:30.775Z', 'age': 6}, 'phone': '07-755-907', 'cell': '042-013-42-78', 'id': {'name': 'HETU', 'value': 'NaNNA429undefined'}, 'picture': {'large': 'https://randomuser.me/api/portraits/men/51.jpg', 'medium': 'https://randomuser.me/api/portraits/med/men/51.jpg', 'thumbnail': 'https://randomuser.me/api/portraits/thumb/men/51.jpg'}, 'nat': 'FI'}], 'info': {'seed': '6c2cab5c4abff024', 'results': 1, 'page': 1, 'version': '1.4'}}</msg>
<arg>${json_data}</arg>
<doc>Logs the given message with the given level.</doc>
<status status="PASS" start="2024-04-18T10:16:38.365512" elapsed="0.000269"/>
</kw>
<kw name="Should Be String" owner="String">
<arg>${json_data['results'][0]['gender']}</arg>
<doc>Fails if the given ``item`` is not a string.</doc>
<status status="PASS" start="2024-04-18T10:16:38.366098" elapsed="0.000410"/>
</kw>
<kw name="Should Match Regexp" owner="BuiltIn">
<arg>${json_data['results'][0]['email']}</arg>
<arg>^[a-zA-Z0-9._%+-]+@[a-zA-Z0-9.-]+\.[a-zA-Z]{2,}$</arg>
<doc>Fails if ``string`` does not match ``pattern`` as a regular expression.</doc>
<status status="PASS" start="2024-04-18T10:16:38.366718" elapsed="0.000526"/>
</kw>
<kw name="Should Match Regexp" owner="BuiltIn">
<arg>${json_data['results'][0]['dob']['date']}</arg>
<arg>\\d{4}-\\d{2}-\\d{2}T\\d{2}:\\d{2}:\\d{2}\\.\\d{3}Z</arg>
<doc>Fails if ``string`` does not match ``pattern`` as a regular expression.</doc>
<status status="PASS" start="2024-04-18T10:16:38.367448" elapsed="0.000497"/>
</kw>
<kw name="Should Match Regexp" owner="BuiltIn">
<arg>${json_data['results'][0]['registered']['date']}</arg>
<arg>\\d{4}-\\d{2}-\\d{2}T\\d{2}:\\d{2}:\\d{2}\\.\\d{3}Z</arg>
<doc>Fails if ``string`` does not match ``pattern`` as a regular expression.</doc>
<status status="PASS" start="2024-04-18T10:16:38.368141" elapsed="0.000376"/>
</kw>
<kw name="Should Match Regexp" owner="BuiltIn">
<arg>${json_data['results'][0]['picture']['large']}</arg>
<arg>^https?://.*\.(?:png|jpe?g|gif|bmp)$</arg>
<doc>Fails if ``string`` does not match ``pattern`` as a regular expression.</doc>
<status status="PASS" start="2024-04-18T10:16:38.368713" elapsed="0.000465"/>
</kw>
<kw name="Should Match Regexp" owner="BuiltIn">
<arg>${json_data['results'][0]['picture']['medium']}</arg>
<arg>^https?://.*\.(?:png|jpe?g|gif|bmp)$</arg>
<doc>Fails if ``string`` does not match ``pattern`` as a regular expression.</doc>
<status status="PASS" start="2024-04-18T10:16:38.369368" elapsed="0.000360"/>
</kw>
<kw name="Should Match Regexp" owner="BuiltIn">
<arg>${json_data['results'][0]['picture']['thumbnail']}</arg>
<arg>^https?://.*\.(?:png|jpe?g|gif|bmp)$</arg>
<doc>Fails if ``string`` does not match ``pattern`` as a regular expression.</doc>
<status status="PASS" start="2024-04-18T10:16:38.369919" elapsed="0.000359"/>
</kw>
<kw name="Log" owner="BuiltIn">
<msg time="2024-04-18T10:16:38.370833" level="INFO">{'large': 'https://randomuser.me/api/portraits/men/51.jpg', 'medium': 'https://randomuser.me/api/portraits/med/men/51.jpg', 'thumbnail': 'https://randomuser.me/api/portraits/thumb/men/51.jpg'}</msg>
<arg>${json_data['results'][0]['picture']}</arg>
<doc>Logs the given message with the given level.</doc>
<status status="PASS" start="2024-04-18T10:16:38.370461" elapsed="0.000415"/>
</kw>
<status status="PASS" start="2024-04-18T10:16:38.291585" elapsed="0.079559"/>
</kw>
<kw name="Teste de Tipos de Dados - Postcode" owner="random-user-service">
<kw name="GET On Session" owner="RequestsLibrary">
<msg time="2024-04-18T10:16:38.461644" level="INFO">GET Request : url=https://randomuser.me/api 
 path_url=/api 
 headers={'User-Agent': 'python-requests/2.31.0', 'Accept-Encoding': 'gzip, deflate', 'Accept': '*/*', 'Connection': 'keep-alive'} 
 body=None 
 </msg>
<msg time="2024-04-18T10:16:38.461759" level="INFO">GET Response : url=https://randomuser.me/api 
 status=200, reason=OK 
 headers={'Date': 'Thu, 18 Apr 2024 10:16:38 GMT', 'Content-Type': 'application/json; charset=utf-8', 'Transfer-Encoding': 'chunked', 'Connection': 'keep-alive', 'X-Powered-By': 'Express', 'Access-Control-Allow-Origin': '*', 'Cache-Control': 'no-cache', 'ETag': 'W/"4a0-mU63kl9sGkV56+Tfqckry7k418U"', 'Vary': 'Accept-Encoding', 'Content-Encoding': 'gzip', 'CF-Cache-Status': 'DYNAMIC', 'Report-To': '{"endpoints":[{"url":"https:\\/\\/a.nel.cloudflare.com\\/report\\/v4?s=AS1xzC3HI2WbkbBpDKjr36LBbYL2t%2FzT2y3glAJUaDV3Y5Cy%2BREtRVeITj0mm2MrYxNIeK2MkBbvXOD2je%2FpRzlrBB6GbtQMPTR2L4m8r4yXvxAtFSWeVf7jcjLlS1%2B6"}],"group":"cf-nel","max_age":604800}', 'NEL': '{"success_fraction":0,"report_to":"cf-nel","max_age":604800}', 'Server': 'cloudflare', 'CF-RAY': '8763e687dc5e2d10-IAD', 'alt-svc': 'h3=":443"; ma=86400'} 
 body={"results":[{"gender":"female","name":{"title":"Miss","first":"Claudia","last":"Bell"},"location":{"street":{"number":9133,"name":"Prospect Rd"},"city":"Tamworth","state":"New South Wales","country":"Australia","postcode":3798,"coordinates":{"latitude":"-86.9874","longitude":"53.9803"},"timezone":{"offset":"0:00","description":"Western Europe Time, London, Lisbon, Casablanca"}},"email":"claudia.bell@example.com","login":{"uuid":"3007ead3-9158-4528-a9f7-0e45661c32eb","username":"heavybear923","password":"wine","salt":"gwGvlGkL","md5":"99f710b16a8d3f7f9f4b192ff6ba56a2","sha1":"7df0dd17c2eeb64a057877d45230818cf5b3036d","sha256":"0f2455d06d7b52f51823bb779efe9ec9fd7df3a8ecd2cf980eadfdc2833046ec"},"dob":{"date":"1960-05-06T06:55:19.291Z","age":63},"registered":{"date":"2009-07-09T21:53:47.374Z","age":14},"phone":"04-1721-9723","cell":"0431-801-139","id":{"name":"TFN","value":"428192037"},"picture":{"large":"https://randomuser.me/api/portraits/women/38.jpg","medium":"https://randomuser.me/api/portraits/med/women/38.jpg","thumbnail":"https://randomuser.me/api/portraits/thumb/women/38.jpg"},"nat":"AU"}],"info":{"seed":"598f0d443b9d5137","results":1,"page":1,"version":"1.4"}} 
 </msg>
<msg time="2024-04-18T10:16:38.461831" level="INFO">/opt/hostedtoolcache/Python/3.12.3/x64/lib/python3.12/site-packages/urllib3/connectionpool.py:1103: InsecureRequestWarning: Unverified HTTPS request is being made to host 'randomuser.me'. Adding certificate verification is strongly advised. See: https://urllib3.readthedocs.io/en/latest/advanced-usage.html#tls-warnings
  warnings.warn(</msg>
<msg time="2024-04-18T10:16:38.461966" level="INFO">${response} = &lt;Response [200]&gt;</msg>
<var>${response}</var>
<arg>consultarAPI</arg>
<arg>/api</arg>
<doc>Sends a GET request on a previously created HTTP Session.</doc>
<status status="PASS" start="2024-04-18T10:16:38.371621" elapsed="0.090384"/>
</kw>
<kw name="Set Variable" owner="BuiltIn">
<msg time="2024-04-18T10:16:38.463026" level="INFO">${json_data} = {'results': [{'gender': 'female', 'name': {'title': 'Miss', 'first': 'Claudia', 'last': 'Bell'}, 'location': {'street': {'number': 9133, 'name': 'Prospect Rd'}, 'city': 'Tamworth', 'state': 'New South...</msg>
<var>${json_data}</var>
<arg>${response.json()}</arg>
<doc>Returns the given values which can then be assigned to a variables.</doc>
<status status="PASS" start="2024-04-18T10:16:38.462514" elapsed="0.000539"/>
</kw>
<kw name="Log" owner="BuiltIn">
<msg time="2024-04-18T10:16:38.463528" level="INFO">{'results': [{'gender': 'female', 'name': {'title': 'Miss', 'first': 'Claudia', 'last': 'Bell'}, 'location': {'street': {'number': 9133, 'name': 'Prospect Rd'}, 'city': 'Tamworth', 'state': 'New South Wales', 'country': 'Australia', 'postcode': 3798, 'coordinates': {'latitude': '-86.9874', 'longitude': '53.9803'}, 'timezone': {'offset': '0:00', 'description': 'Western Europe Time, London, Lisbon, Casablanca'}}, 'email': 'claudia.bell@example.com', 'login': {'uuid': '3007ead3-9158-4528-a9f7-0e45661c32eb', 'username': 'heavybear923', 'password': 'wine', 'salt': 'gwGvlGkL', 'md5': '99f710b16a8d3f7f9f4b192ff6ba56a2', 'sha1': '7df0dd17c2eeb64a057877d45230818cf5b3036d', 'sha256': '0f2455d06d7b52f51823bb779efe9ec9fd7df3a8ecd2cf980eadfdc2833046ec'}, 'dob': {'date': '1960-05-06T06:55:19.291Z', 'age': 63}, 'registered': {'date': '2009-07-09T21:53:47.374Z', 'age': 14}, 'phone': '04-1721-9723', 'cell': '0431-801-139', 'id': {'name': 'TFN', 'value': '428192037'}, 'picture': {'large': 'https://randomuser.me/api/portraits/women/38.jpg', 'medium': 'https://randomuser.me/api/portraits/med/women/38.jpg', 'thumbnail': 'https://randomuser.me/api/portraits/thumb/women/38.jpg'}, 'nat': 'AU'}], 'info': {'seed': '598f0d443b9d5137', 'results': 1, 'page': 1, 'version': '1.4'}}</msg>
<arg>${json_data}</arg>
<doc>Logs the given message with the given level.</doc>
<status status="PASS" start="2024-04-18T10:16:38.463363" elapsed="0.000249"/>
</kw>
<kw name="Should Be Equal As Numbers" owner="BuiltIn">
<arg>${json_data['results'][0]['location']['postcode']}</arg>
<arg>${json_data['results'][0]['location']['postcode']}</arg>
<doc>Fails if objects are unequal after converting them to real numbers.</doc>
<status status="PASS" start="2024-04-18T10:16:38.464109" elapsed="0.000626"/>
</kw>
<kw name="Log" owner="BuiltIn">
<msg time="2024-04-18T10:16:38.465265" level="INFO">3798</msg>
<arg>${json_data['results'][0]['location']['postcode']}</arg>
<doc>Logs the given message with the given level.</doc>
<status status="PASS" start="2024-04-18T10:16:38.464928" elapsed="0.000379"/>
</kw>
<status status="PASS" start="2024-04-18T10:16:38.371377" elapsed="0.094192"/>
</kw>
<doc>Testa se os tipos de dados na resposta da API estão corretos.</doc>
<tag>testeTiposDados</tag>
<status status="PASS" start="2024-04-18T10:16:38.291110" elapsed="0.174629"/>
</test>
<test id="s1-s1-t5" name="Validar conteudo" line="35">
<kw name="Teste de Tipos de Conteudo" owner="random-user-service">
<kw name="GET On Session" owner="RequestsLibrary">
<msg time="2024-04-18T10:16:38.566416" level="INFO">GET Request : url=https://randomuser.me/api 
 path_url=/api 
 headers={'User-Agent': 'python-requests/2.31.0', 'Accept-Encoding': 'gzip, deflate', 'Accept': '*/*', 'Connection': 'keep-alive'} 
 body=None 
 </msg>
<msg time="2024-04-18T10:16:38.566568" level="INFO">GET Response : url=https://randomuser.me/api 
 status=200, reason=OK 
 headers={'Date': 'Thu, 18 Apr 2024 10:16:38 GMT', 'Content-Type': 'application/json; charset=utf-8', 'Transfer-Encoding': 'chunked', 'Connection': 'keep-alive', 'X-Powered-By': 'Express', 'Access-Control-Allow-Origin': '*', 'Cache-Control': 'no-cache', 'ETag': 'W/"482-KqYGLRBsnVFiJSzubspPp5vas50"', 'Vary': 'Accept-Encoding', 'Content-Encoding': 'gzip', 'CF-Cache-Status': 'DYNAMIC', 'Report-To': '{"endpoints":[{"url":"https:\\/\\/a.nel.cloudflare.com\\/report\\/v4?s=lThjwceuscFyXAj17%2FlVHqCC5ebKTCw2zGOsAuym0bJGKjl%2FnV9eh%2Be5qUGRxYu21Mfy0nMgeIV%2FUTvfgEjXh98TZB9Hm%2BWstGpJ%2FVuKoAf8E8hcCOXGVi2%2FRGyN8p4c"}],"group":"cf-nel","max_age":604800}', 'NEL': '{"success_fraction":0,"report_to":"cf-nel","max_age":604800}', 'Server': 'cloudflare', 'CF-RAY': '8763e6886d372d10-IAD', 'alt-svc': 'h3=":443"; ma=86400'} 
 body={"results":[{"gender":"male","name":{"title":"Mr","first":"Nihal","last":"Kumar"},"location":{"street":{"number":7111,"name":"Ashoka Rd"},"city":"Nellore","state":"Chhattisgarh","country":"India","postcode":92318,"coordinates":{"latitude":"6.6913","longitude":"-61.4329"},"timezone":{"offset":"-6:00","description":"Central Time (US &amp; Canada), Mexico City"}},"email":"nihal.kumar@example.com","login":{"uuid":"a73b0a3e-70f3-4d66-8501-80c0bfd4e408","username":"angrybird593","password":"finder","salt":"Ea9m2xyX","md5":"0e237c0150d4bf2013b56b1a1c651910","sha1":"8807be5490028b2c7a28ce29b90b97607ad491ca","sha256":"fa0d989216f8410d434d5136c30e8d8b2fc7ef635bdc882f89fb5d5532ebb133"},"dob":{"date":"1946-04-05T12:12:13.043Z","age":78},"registered":{"date":"2017-08-23T09:37:10.941Z","age":6},"phone":"9982920517","cell":"9668672768","id":{"name":"UIDAI","value":"411827073192"},"picture":{"large":"https://randomuser.me/api/portraits/men/4.jpg","medium":"https://randomuser.me/api/portraits/med/men/4.jpg","thumbnail":"https://randomuser.me/api/portraits/thumb/men/4.jpg"},"nat":"IN"}],"info":{"seed":"07152bbe443b3669","results":1,"page":1,"version":"1.4"}} 
 </msg>
<msg time="2024-04-18T10:16:38.566654" level="INFO">/opt/hostedtoolcache/Python/3.12.3/x64/lib/python3.12/site-packages/urllib3/connectionpool.py:1103: InsecureRequestWarning: Unverified HTTPS request is being made to host 'randomuser.me'. Adding certificate verification is strongly advised. See: https://urllib3.readthedocs.io/en/latest/advanced-usage.html#tls-warnings
  warnings.warn(</msg>
<msg time="2024-04-18T10:16:38.566821" level="INFO">${response} = &lt;Response [200]&gt;</msg>
<var>${response}</var>
<arg>consultarAPI</arg>
<arg>/api</arg>
<doc>Sends a GET request on a previously created HTTP Session.</doc>
<status status="PASS" start="2024-04-18T10:16:38.468608" elapsed="0.098264"/>
</kw>
<kw name="Set Variable" owner="BuiltIn">
<msg time="2024-04-18T10:16:38.567958" level="INFO">${json_data} = {'results': [{'gender': 'male', 'name': {'title': 'Mr', 'first': 'Nihal', 'last': 'Kumar'}, 'location': {'street': {'number': 7111, 'name': 'Ashoka Rd'}, 'city': 'Nellore', 'state': 'Chhattisgarh', 'c...</msg>
<var>${json_data}</var>
<arg>${response.json()}</arg>
<doc>Returns the given values which can then be assigned to a variables.</doc>
<status status="PASS" start="2024-04-18T10:16:38.567460" elapsed="0.000526"/>
</kw>
<kw name="Set Variable" owner="BuiltIn">
<msg time="2024-04-18T10:16:38.568672" level="INFO">${name_title} = Mr</msg>
<var>${name_title}</var>
<arg>${json_data["results"][0]["name"]["title"]}</arg>
<doc>Returns the given values which can then be assigned to a variables.</doc>
<status status="PASS" start="2024-04-18T10:16:38.568287" elapsed="0.000410"/>
</kw>
<kw name="Create List" owner="BuiltIn">
<msg time="2024-04-18T10:16:38.569142" level="INFO">${allowed_titles} = ['Mr', 'Ms', 'Miss', 'Mrs', 'Madame', 'Monsieur']</msg>
<var>${allowed_titles}</var>
<arg>Mr</arg>
<arg>Ms</arg>
<arg>Miss</arg>
<arg>Mrs</arg>
<arg>Madame</arg>
<arg>Monsieur</arg>
<doc>Returns a list containing given items.</doc>
<status status="PASS" start="2024-04-18T10:16:38.568993" elapsed="0.000173"/>
</kw>
<kw name="List Should Contain Value" owner="Collections">
<msg time="2024-04-18T10:16:38.569641" level="INFO">False</msg>
<arg>${allowed_titles}</arg>
<arg>${name_title}</arg>
<doc>Fails if the ``value`` is not found from ``list``.</doc>
<status status="PASS" start="2024-04-18T10:16:38.569465" elapsed="0.000212"/>
</kw>
<kw name="Set Variable" owner="BuiltIn">
<msg time="2024-04-18T10:16:38.570343" level="INFO">${name_country} = IN</msg>
<var>${name_country}</var>
<arg>${json_data["results"][0]["nat"]}</arg>
<doc>Returns the given values which can then be assigned to a variables.</doc>
<status status="PASS" start="2024-04-18T10:16:38.569964" elapsed="0.000404"/>
</kw>
<kw name="Create List" owner="BuiltIn">
<msg time="2024-04-18T10:16:38.571300" level="INFO">${list_country} = ['AD', 'AE', 'AF', 'AG', 'AI', 'AL', 'AM', 'AO', 'AQ', 'AR', 'AS', 'AT', 'AU', 'AW', 'AX', 'AZ', 'BA', 'BB', 'BD', 'BE', 'BF', 'BG', 'BH', 'BI', 'BJ', 'BL', 'BM', 'BN', 'BO', 'BQ', 'BR', 'BS', 'BT', '...</msg>
<var>${list_country}</var>
<arg>AD</arg>
<arg>AE</arg>
<arg>AF</arg>
<arg>AG</arg>
<arg>AI</arg>
<arg>AL</arg>
<arg>AM</arg>
<arg>AO</arg>
<arg>AQ</arg>
<arg>AR</arg>
<arg>AS</arg>
<arg>AT</arg>
<arg>AU</arg>
<arg>AW</arg>
<arg>AX</arg>
<arg>AZ</arg>
<arg>BA</arg>
<arg>BB</arg>
<arg>BD</arg>
<arg>BE</arg>
<arg>BF</arg>
<arg>BG</arg>
<arg>BH</arg>
<arg>BI</arg>
<arg>BJ</arg>
<arg>BL</arg>
<arg>BM</arg>
<arg>BN</arg>
<arg>BO</arg>
<arg>BQ</arg>
<arg>BR</arg>
<arg>BS</arg>
<arg>BT</arg>
<arg>BV</arg>
<arg>BW</arg>
<arg>BY</arg>
<arg>BZ</arg>
<arg>CA</arg>
<arg>CC</arg>
<arg>CD</arg>
<arg>CF</arg>
<arg>CG</arg>
<arg>CH</arg>
<arg>CI</arg>
<arg>CK</arg>
<arg>CL</arg>
<arg>CM</arg>
<arg>CN</arg>
<arg>CO</arg>
<arg>CR</arg>
<arg>CU</arg>
<arg>CV</arg>
<arg>CW</arg>
<arg>CX</arg>
<arg>CY</arg>
<arg>CZ</arg>
<arg>DE</arg>
<arg>DJ</arg>
<arg>DK</arg>
<arg>DM</arg>
<arg>DO</arg>
<arg>DZ</arg>
<arg>EC</arg>
<arg>EE</arg>
<arg>EG</arg>
<arg>EH</arg>
<arg>ER</arg>
<arg>ES</arg>
<arg>ET</arg>
<arg>FI</arg>
<arg>FJ</arg>
<arg>FK</arg>
<arg>FM</arg>
<arg>FO</arg>
<arg>FR</arg>
<arg>GA</arg>
<arg>GB</arg>
<arg>GD</arg>
<arg>GE</arg>
<arg>GF</arg>
<arg>GG</arg>
<arg>GH</arg>
<arg>GI</arg>
<arg>GL</arg>
<arg>GM</arg>
<arg>GN</arg>
<arg>GP</arg>
<arg>GQ</arg>
<arg>GR</arg>
<arg>GS</arg>
<arg>GT</arg>
<arg>GU</arg>
<arg>GW</arg>
<arg>GY</arg>
<arg>HK</arg>
<arg>HM</arg>
<arg>HN</arg>
<arg>HR</arg>
<arg>HT</arg>
<arg>HU</arg>
<arg>ID</arg>
<arg>IE</arg>
<arg>IL</arg>
<arg>IM</arg>
<arg>IN</arg>
<arg>IO</arg>
<arg>IQ</arg>
<arg>IR</arg>
<arg>IS</arg>
<arg>IT</arg>
<arg>JE</arg>
<arg>JM</arg>
<arg>JO</arg>
<arg>JP</arg>
<arg>KE</arg>
<arg>KG</arg>
<arg>KH</arg>
<arg>KI</arg>
<arg>KM</arg>
<arg>KN</arg>
<arg>KP</arg>
<arg>KR</arg>
<arg>KW</arg>
<arg>KY</arg>
<arg>KZ</arg>
<arg>LA</arg>
<arg>LB</arg>
<arg>LC</arg>
<arg>LI</arg>
<arg>LK</arg>
<arg>LR</arg>
<arg>LS</arg>
<arg>LT</arg>
<arg>LU</arg>
<arg>LV</arg>
<arg>LY</arg>
<arg>MA</arg>
<arg>MC</arg>
<arg>MD</arg>
<arg>ME</arg>
<arg>MF</arg>
<arg>MG</arg>
<arg>MH</arg>
<arg>MK</arg>
<arg>ML</arg>
<arg>MM</arg>
<arg>MN</arg>
<arg>MO</arg>
<arg>MP</arg>
<arg>MQ</arg>
<arg>MR</arg>
<arg>MS</arg>
<arg>MT</arg>
<arg>MU</arg>
<arg>MV</arg>
<arg>MW</arg>
<arg>MX</arg>
<arg>MY</arg>
<arg>MZ</arg>
<arg>NA</arg>
<arg>NC</arg>
<arg>NE</arg>
<arg>NF</arg>
<arg>NG</arg>
<arg>NI</arg>
<arg>NL</arg>
<arg>NO</arg>
<arg>NP</arg>
<arg>NR</arg>
<arg>NU</arg>
<arg>NZ</arg>
<arg>OM</arg>
<arg>PA</arg>
<arg>PE</arg>
<arg>PF</arg>
<arg>PG</arg>
<arg>PH</arg>
<arg>PK</arg>
<arg>PL</arg>
<arg>PM</arg>
<arg>PN</arg>
<arg>PR</arg>
<arg>PS</arg>
<arg>PT</arg>
<arg>PW</arg>
<arg>PY</arg>
<arg>QA</arg>
<arg>RE</arg>
<arg>RO</arg>
<arg>RS</arg>
<arg>RU</arg>
<arg>RW</arg>
<arg>SA</arg>
<arg>SB</arg>
<arg>SC</arg>
<arg>SD</arg>
<arg>SE</arg>
<arg>SG</arg>
<arg>SH</arg>
<arg>SI</arg>
<arg>SJ</arg>
<arg>SK</arg>
<arg>SL</arg>
<arg>SM</arg>
<arg>SN</arg>
<arg>SO</arg>
<arg>SR</arg>
<arg>SS</arg>
<arg>ST</arg>
<arg>SV</arg>
<arg>SX</arg>
<arg>SY</arg>
<arg>SZ</arg>
<arg>TC</arg>
<arg>TD</arg>
<arg>TF</arg>
<arg>TG</arg>
<arg>TH</arg>
<arg>TJ</arg>
<arg>TK</arg>
<arg>TL</arg>
<arg>TM</arg>
<arg>TN</arg>
<arg>TO</arg>
<arg>TR</arg>
<arg>TT</arg>
<arg>TV</arg>
<arg>TW</arg>
<arg>TZ</arg>
<arg>UA</arg>
<arg>UG</arg>
<arg>UM</arg>
<arg>US</arg>
<arg>UY</arg>
<arg>UZ</arg>
<arg>VA</arg>
<arg>VC</arg>
<arg>VE</arg>
<arg>VG</arg>
<arg>VI</arg>
<arg>VN</arg>
<arg>VU</arg>
<arg>WF</arg>
<arg>WS</arg>
<arg>XK</arg>
<arg>YE</arg>
<arg>YT</arg>
<arg>ZA</arg>
<arg>ZM</arg>
<arg>ZW</arg>
<doc>Returns a list containing given items.</doc>
<status status="PASS" start="2024-04-18T10:16:38.570714" elapsed="0.000611"/>
</kw>
<kw name="List Should Contain Value" owner="Collections">
<msg time="2024-04-18T10:16:38.572315" level="INFO">False</msg>
<arg>${list_country}</arg>
<arg>${name_country}</arg>
<doc>Fails if the ``value`` is not found from ``list``.</doc>
<status status="PASS" start="2024-04-18T10:16:38.572116" elapsed="0.000235"/>
</kw>
<kw name="Run Keyword If" owner="BuiltIn">
<kw name="Should Be True" owner="BuiltIn">
<arg>${True}</arg>
<doc>Fails if the given condition is not true.</doc>
<status status="PASS" start="2024-04-18T10:16:38.573412" elapsed="0.000259"/>
</kw>
<arg>${json_data["results"][0]["location"]["coordinates"]["latitude"]} &gt;= -90 and ${json_data["results"][0]["location"]["coordinates"]["latitude"]} &lt;= 90</arg>
<arg>Should Be True</arg>
<arg>${True}</arg>
<doc>Runs the given keyword with the given arguments, if ``condition`` is true.</doc>
<status status="PASS" start="2024-04-18T10:16:38.572660" elapsed="0.001143"/>
</kw>
<kw name="Run Keyword If" owner="BuiltIn">
<kw name="Should Be True" owner="BuiltIn">
<arg>${True}</arg>
<doc>Fails if the given condition is not true.</doc>
<status status="PASS" start="2024-04-18T10:16:38.574735" elapsed="0.000139"/>
</kw>
<arg>${json_data["results"][0]["location"]["coordinates"]["longitude"]} &gt;= -180 and ${json_data["results"][0]["location"]["coordinates"]["longitude"]} &lt;= 180</arg>
<arg>Should Be True</arg>
<arg>${True}</arg>
<doc>Runs the given keyword with the given arguments, if ``condition`` is true.</doc>
<status status="PASS" start="2024-04-18T10:16:38.573988" elapsed="0.001009"/>
</kw>
<status status="PASS" start="2024-04-18T10:16:38.468231" elapsed="0.106900"/>
</kw>
<doc>Testa o conteúdo específico dos campos retornados pela API.</doc>
<tag>testeConteudo</tag>
<status status="PASS" start="2024-04-18T10:16:38.467572" elapsed="0.107709"/>
</test>
<status status="PASS" start="2024-04-18T10:16:37.789738" elapsed="0.787468"/>
</suite>
<status status="PASS" start="2024-04-18T10:16:37.776170" elapsed="0.806110"/>
</suite>
<statistics>
<total>
<stat pass="5" fail="0" skip="0">All Tests</stat>
</total>
<tag>
<stat pass="1" fail="0" skip="0">testeConteudo</stat>
<stat pass="1" fail="0" skip="0">testeEstruturaResposta</stat>
<stat pass="1" fail="0" skip="0">testeRequisicaoBasica</stat>
<stat pass="1" fail="0" skip="0">testeTiposDados</stat>
</tag>
<suite>
<stat pass="5" fail="0" skip="0" id="s1" name="Tests">Tests</stat>
<stat pass="5" fail="0" skip="0" id="s1-s1" name="Random-User-Test">Tests.Random-User-Test</stat>
</suite>
</statistics>
<errors>
</errors>
</robot>
