<?xml version="1.0" encoding="UTF-8"?>
<robot generator="Robot 7.0 (Python 3.12.3 on linux)" generated="2024-05-03T05:14:00.476062" rpa="false" schemaversion="5">
<suite id="s1" name="Tests" source="/home/runner/work/DesafioQAItauRogerioJordao/DesafioQAItauRogerioJordao/RamdonUser/tests">
<suite id="s1-s1" name="Random-User-Test" source="/home/runner/work/DesafioQAItauRogerioJordao/DesafioQAItauRogerioJordao/RamdonUser/tests/random-user-test.robot">
<test id="s1-s1-t1" name="Conectar" line="13">
<kw name="Conectar API" owner="random-user-service">
<kw name="Create Session" owner="RequestsLibrary">
<msg time="2024-05-03T05:14:00.850767" level="INFO">Creating Session using : alias=consultarAPI, url=https://randomuser.me/, headers={},                     cookies={}, auth=None, timeout=None, proxies=None, verify=False,                     debug=0 </msg>
<arg>consultarAPI</arg>
<arg>${URL}</arg>
<doc>Create Session: create a HTTP session to a server</doc>
<status status="PASS" start="2024-05-03T05:14:00.850558" elapsed="0.000413"/>
</kw>
<status status="PASS" start="2024-05-03T05:14:00.849506" elapsed="0.001839"/>
</kw>
<status status="PASS" start="2024-05-03T05:14:00.848902" elapsed="0.002640"/>
</test>
<test id="s1-s1-t2" name="Validar retorno 200 e JSON Válido" line="16">
<kw name="Teste de Requisicao Basica" owner="random-user-service">
<kw name="GET On Session" owner="RequestsLibrary">
<msg time="2024-05-03T05:14:01.143333" level="INFO">GET Request : url=https://randomuser.me/api 
 path_url=/api 
 headers={'User-Agent': 'python-requests/2.31.0', 'Accept-Encoding': 'gzip, deflate', 'Accept': '*/*', 'Connection': 'keep-alive'} 
 body=None 
 </msg>
<msg time="2024-05-03T05:14:01.143514" level="INFO">GET Response : url=https://randomuser.me/api 
 status=200, reason=OK 
 headers={'Date': 'Fri, 03 May 2024 05:14:01 GMT', 'Content-Type': 'application/json; charset=utf-8', 'Transfer-Encoding': 'chunked', 'Connection': 'keep-alive', 'X-Powered-By': 'Express', 'Access-Control-Allow-Origin': '*', 'Cache-Control': 'no-cache', 'ETag': 'W/"482-n+T6s/PUdnDTipxGBdnZXKF36/o"', 'Vary': 'Accept-Encoding', 'Content-Encoding': 'gzip', 'CF-Cache-Status': 'DYNAMIC', 'Report-To': '{"endpoints":[{"url":"https:\\/\\/a.nel.cloudflare.com\\/report\\/v4?s=593nTmOJ0DJOeth42h4DgcmSCMYn0VrSbfDW4Y86cXCJasn5vTYjCxDvfIxXUwL5gb5n21PwEd9CEbY%2BPSeSKI7D%2FJEBGs3OHmbuHho6iht5eKlUM6GqSnQfu0FBzGgN"}],"group":"cf-nel","max_age":604800}', 'NEL': '{"success_fraction":0,"report_to":"cf-nel","max_age":604800}', 'Server': 'cloudflare', 'CF-RAY': '87ddc3db99706908-IAD', 'alt-svc': 'h3=":443"; ma=86400'} 
 body={"results":[{"gender":"female","name":{"title":"Ms","first":"آدرینا","last":"حسینی"},"location":{"street":{"number":5723,"name":"استاد قریب"},"city":"اهواز","state":"کرمانشاه","country":"Iran","postcode":43009,"coordinates":{"latitude":"13.3525","longitude":"75.8778"},"timezone":{"offset":"+5:45","description":"Kathmandu"}},"email":"adryn.hsyny@example.com","login":{"uuid":"01bc912d-5a2e-40eb-a5f7-761ffe823bd1","username":"lazyladybug476","password":"wifey","salt":"Nj4c7S4w","md5":"73651c447fdaaeb3e5200afa1f73d970","sha1":"58ca3b92cf1a292ccf252225b7f3dc6b5cdb29b1","sha256":"19fe3c0c8f2194f1586b0f3f75621e2d19e23acf4685966e365296f4dde86577"},"dob":{"date":"1951-06-27T17:57:48.264Z","age":72},"registered":{"date":"2021-06-13T05:32:33.846Z","age":2},"phone":"095-12681875","cell":"0905-510-4119","id":{"name":"","value":null},"picture":{"large":"https://randomuser.me/api/portraits/women/95.jpg","medium":"https://randomuser.me/api/portraits/med/women/95.jpg","thumbnail":"https://randomuser.me/api/portraits/thumb/women/95.jpg"},"nat":"IR"}],"info":{"seed":"e7051dcb92b9f63c","results":1,"page":1,"version":"1.4"}} 
 </msg>
<msg time="2024-05-03T05:14:01.143609" level="INFO">/opt/hostedtoolcache/Python/3.12.3/x64/lib/python3.12/site-packages/urllib3/connectionpool.py:1103: InsecureRequestWarning: Unverified HTTPS request is being made to host 'randomuser.me'. Adding certificate verification is strongly advised. See: https://urllib3.readthedocs.io/en/latest/advanced-usage.html#tls-warnings
  warnings.warn(</msg>
<msg time="2024-05-03T05:14:01.143764" level="INFO">${response} = &lt;Response [200]&gt;</msg>
<var>${response}</var>
<arg>consultarAPI</arg>
<arg>/api</arg>
<doc>Sends a GET request on a previously created HTTP Session.</doc>
<status status="PASS" start="2024-05-03T05:14:00.854193" elapsed="0.289745"/>
</kw>
<kw name="Should Be Equal As Numbers" owner="BuiltIn">
<msg time="2024-05-03T05:14:01.145176" level="INFO">Argument types are:
&lt;class 'int'&gt;
&lt;class 'str'&gt;</msg>
<arg>${response.status_code}</arg>
<arg>200</arg>
<doc>Fails if objects are unequal after converting them to real numbers.</doc>
<status status="PASS" start="2024-05-03T05:14:01.144676" elapsed="0.000565"/>
</kw>
<kw name="Log" owner="BuiltIn">
<msg time="2024-05-03T05:14:01.145986" level="INFO">200</msg>
<arg>${response.status_code}</arg>
<doc>Logs the given message with the given level.</doc>
<status status="PASS" start="2024-05-03T05:14:01.145597" elapsed="0.000432"/>
</kw>
<kw name="Set Variable" owner="BuiltIn">
<msg time="2024-05-03T05:14:01.146789" level="INFO">${json_data} = {'results': [{'gender': 'female', 'name': {'title': 'Ms', 'first': 'آدرینا', 'last': 'حسینی'}, 'location': {'street': {'number': 5723, 'name': 'استاد قریب'}, 'city': 'اهواز', 'state': 'کرمانشاه', 'cou...</msg>
<var>${json_data}</var>
<arg>${response.json()}</arg>
<doc>Returns the given values which can then be assigned to a variables.</doc>
<status status="PASS" start="2024-05-03T05:14:01.146337" elapsed="0.000482"/>
</kw>
<kw name="Dictionary Should Contain Key" owner="Collections">
<msg time="2024-05-03T05:14:01.147285" level="INFO">False</msg>
<arg>${json_data}</arg>
<arg>results</arg>
<doc>Fails if ``key`` is not found from ``dictionary``.</doc>
<status status="PASS" start="2024-05-03T05:14:01.147119" elapsed="0.000206"/>
</kw>
<status status="PASS" start="2024-05-03T05:14:00.853946" elapsed="0.293635"/>
</kw>
<doc>Testa se a API responde corretamente e retorna um objeto JSON válido.</doc>
<tag>testeRequisicaoBasica</tag>
<status status="PASS" start="2024-05-03T05:14:00.853454" elapsed="0.294309"/>
</test>
<test id="s1-s1-t3" name="Validar estrutura de resposta" line="22">
<kw name="Teste de Estrutura de Resposta" owner="random-user-service">
<kw name="GET On Session" owner="RequestsLibrary">
<msg time="2024-05-03T05:14:01.188476" level="INFO">GET Request : url=https://randomuser.me/api 
 path_url=/api 
 headers={'User-Agent': 'python-requests/2.31.0', 'Accept-Encoding': 'gzip, deflate', 'Accept': '*/*', 'Connection': 'keep-alive'} 
 body=None 
 </msg>
<msg time="2024-05-03T05:14:01.188590" level="INFO">GET Response : url=https://randomuser.me/api 
 status=200, reason=OK 
 headers={'Date': 'Fri, 03 May 2024 05:14:01 GMT', 'Content-Type': 'application/json; charset=utf-8', 'Transfer-Encoding': 'chunked', 'Connection': 'keep-alive', 'X-Powered-By': 'Express', 'Access-Control-Allow-Origin': '*', 'Cache-Control': 'no-cache', 'ETag': 'W/"487-G+QUdMgb4X12Glw78veuDjDcwLM"', 'Vary': 'Accept-Encoding', 'Content-Encoding': 'gzip', 'CF-Cache-Status': 'DYNAMIC', 'Report-To': '{"endpoints":[{"url":"https:\\/\\/a.nel.cloudflare.com\\/report\\/v4?s=9CaNVC8FCLcF2gBZk%2B4obAIgsUppxnkZmaGyXzlkcIaniVWRTh7QhS87dpnsOPdknWipmsQ2IgTWYbQcnIxDmxldJ2GTyqapnJv3azVmRWV0Ve1I%2BUORmJ01EprNTFxQ"}],"group":"cf-nel","max_age":604800}', 'NEL': '{"success_fraction":0,"report_to":"cf-nel","max_age":604800}', 'Server': 'cloudflare', 'CF-RAY': '87ddc3dd3a816908-IAD', 'alt-svc': 'h3=":443"; ma=86400'} 
 body={"results":[{"gender":"male","name":{"title":"Mr","first":"Nelson","last":"Collins"},"location":{"street":{"number":1988,"name":"New Road"},"city":"Clonmel","state":"Meath","country":"Ireland","postcode":44413,"coordinates":{"latitude":"2.9110","longitude":"-86.3967"},"timezone":{"offset":"-4:00","description":"Atlantic Time (Canada), Caracas, La Paz"}},"email":"nelson.collins@example.com","login":{"uuid":"b24374a6-93e5-4634-b67b-76a2253af62a","username":"heavypeacock518","password":"goliath","salt":"Jm5tynqo","md5":"4623cddab55dfeea38c309f786fb7806","sha1":"2bf2eac62a266fa320ec818aa629da1cf294c65a","sha256":"de7f57f20a03271947e82fdc56bd3f1633fbca06628c2e2bd9e12c8b445cf17f"},"dob":{"date":"1969-02-20T05:07:21.780Z","age":55},"registered":{"date":"2014-12-25T08:26:55.268Z","age":9},"phone":"021-316-9316","cell":"081-023-6130","id":{"name":"PPS","value":"5050806T"},"picture":{"large":"https://randomuser.me/api/portraits/men/14.jpg","medium":"https://randomuser.me/api/portraits/med/men/14.jpg","thumbnail":"https://randomuser.me/api/portraits/thumb/men/14.jpg"},"nat":"IE"}],"info":{"seed":"720aa5107121b3e0","results":1,"page":1,"version":"1.4"}} 
 </msg>
<msg time="2024-05-03T05:14:01.188735" level="INFO">/opt/hostedtoolcache/Python/3.12.3/x64/lib/python3.12/site-packages/urllib3/connectionpool.py:1103: InsecureRequestWarning: Unverified HTTPS request is being made to host 'randomuser.me'. Adding certificate verification is strongly advised. See: https://urllib3.readthedocs.io/en/latest/advanced-usage.html#tls-warnings
  warnings.warn(</msg>
<msg time="2024-05-03T05:14:01.188872" level="INFO">${response} = &lt;Response [200]&gt;</msg>
<var>${response}</var>
<arg>consultarAPI</arg>
<arg>/api</arg>
<doc>Sends a GET request on a previously created HTTP Session.</doc>
<status status="PASS" start="2024-05-03T05:14:01.150451" elapsed="0.038459"/>
</kw>
<kw name="Set Variable" owner="BuiltIn">
<msg time="2024-05-03T05:14:01.190279" level="INFO">${json_data} = {'results': [{'gender': 'male', 'name': {'title': 'Mr', 'first': 'Nelson', 'last': 'Collins'}, 'location': {'street': {'number': 1988, 'name': 'New Road'}, 'city': 'Clonmel', 'state': 'Meath', 'countr...</msg>
<var>${json_data}</var>
<arg>${response.json()}</arg>
<doc>Returns the given values which can then be assigned to a variables.</doc>
<status status="PASS" start="2024-05-03T05:14:01.189596" elapsed="0.000712"/>
</kw>
<kw name="Log" owner="BuiltIn">
<msg time="2024-05-03T05:14:01.190776" level="INFO">{'results': [{'gender': 'male', 'name': {'title': 'Mr', 'first': 'Nelson', 'last': 'Collins'}, 'location': {'street': {'number': 1988, 'name': 'New Road'}, 'city': 'Clonmel', 'state': 'Meath', 'country': 'Ireland', 'postcode': 44413, 'coordinates': {'latitude': '2.9110', 'longitude': '-86.3967'}, 'timezone': {'offset': '-4:00', 'description': 'Atlantic Time (Canada), Caracas, La Paz'}}, 'email': 'nelson.collins@example.com', 'login': {'uuid': 'b24374a6-93e5-4634-b67b-76a2253af62a', 'username': 'heavypeacock518', 'password': 'goliath', 'salt': 'Jm5tynqo', 'md5': '4623cddab55dfeea38c309f786fb7806', 'sha1': '2bf2eac62a266fa320ec818aa629da1cf294c65a', 'sha256': 'de7f57f20a03271947e82fdc56bd3f1633fbca06628c2e2bd9e12c8b445cf17f'}, 'dob': {'date': '1969-02-20T05:07:21.780Z', 'age': 55}, 'registered': {'date': '2014-12-25T08:26:55.268Z', 'age': 9}, 'phone': '021-316-9316', 'cell': '081-023-6130', 'id': {'name': 'PPS', 'value': '5050806T'}, 'picture': {'large': 'https://randomuser.me/api/portraits/men/14.jpg', 'medium': 'https://randomuser.me/api/portraits/med/men/14.jpg', 'thumbnail': 'https://randomuser.me/api/portraits/thumb/men/14.jpg'}, 'nat': 'IE'}], 'info': {'seed': '720aa5107121b3e0', 'results': 1, 'page': 1, 'version': '1.4'}}</msg>
<arg>${json_data}</arg>
<doc>Logs the given message with the given level.</doc>
<status status="PASS" start="2024-05-03T05:14:01.190614" elapsed="0.000212"/>
</kw>
<kw name="Dictionary Should Contain Key" owner="Collections">
<msg time="2024-05-03T05:14:01.191275" level="INFO">False</msg>
<arg>${json_data}</arg>
<arg>results</arg>
<doc>Fails if ``key`` is not found from ``dictionary``.</doc>
<status status="PASS" start="2024-05-03T05:14:01.191122" elapsed="0.000189"/>
</kw>
<kw name="Should Not Be Empty" owner="BuiltIn">
<msg time="2024-05-03T05:14:01.191733" level="INFO">Length is 2.</msg>
<arg>${json_data}</arg>
<doc>Verifies that the given item is not empty.</doc>
<status status="PASS" start="2024-05-03T05:14:01.191597" elapsed="0.000175"/>
</kw>
<kw name="Create List" owner="BuiltIn">
<msg time="2024-05-03T05:14:01.192368" level="INFO">${expected_keys} = ['gender', 'name', 'location', 'email', 'login']</msg>
<var>${expected_keys}</var>
<arg>gender</arg>
<arg>name</arg>
<arg>location</arg>
<arg>email</arg>
<arg>login</arg>
<doc>Returns a list containing given items.</doc>
<status status="PASS" start="2024-05-03T05:14:01.192062" elapsed="0.000331"/>
</kw>
<for flavor="IN">
<iter>
<kw name="Dictionary Should Contain Key" owner="Collections">
<msg time="2024-05-03T05:14:01.193386" level="INFO">False</msg>
<arg>${json_data['results'][0]}</arg>
<arg>${key}</arg>
<doc>Fails if ``key`` is not found from ``dictionary``.</doc>
<status status="PASS" start="2024-05-03T05:14:01.192983" elapsed="0.000441"/>
</kw>
<kw name="Log" owner="BuiltIn">
<msg time="2024-05-03T05:14:01.194135" level="INFO">{'gender': 'male', 'name': {'title': 'Mr', 'first': 'Nelson', 'last': 'Collins'}, 'location': {'street': {'number': 1988, 'name': 'New Road'}, 'city': 'Clonmel', 'state': 'Meath', 'country': 'Ireland', 'postcode': 44413, 'coordinates': {'latitude': '2.9110', 'longitude': '-86.3967'}, 'timezone': {'offset': '-4:00', 'description': 'Atlantic Time (Canada), Caracas, La Paz'}}, 'email': 'nelson.collins@example.com', 'login': {'uuid': 'b24374a6-93e5-4634-b67b-76a2253af62a', 'username': 'heavypeacock518', 'password': 'goliath', 'salt': 'Jm5tynqo', 'md5': '4623cddab55dfeea38c309f786fb7806', 'sha1': '2bf2eac62a266fa320ec818aa629da1cf294c65a', 'sha256': 'de7f57f20a03271947e82fdc56bd3f1633fbca06628c2e2bd9e12c8b445cf17f'}, 'dob': {'date': '1969-02-20T05:07:21.780Z', 'age': 55}, 'registered': {'date': '2014-12-25T08:26:55.268Z', 'age': 9}, 'phone': '021-316-9316', 'cell': '081-023-6130', 'id': {'name': 'PPS', 'value': '5050806T'}, 'picture': {'large': 'https://randomuser.me/api/portraits/men/14.jpg', 'medium': 'https://randomuser.me/api/portraits/med/men/14.jpg', 'thumbnail': 'https://randomuser.me/api/portraits/thumb/men/14.jpg'}, 'nat': 'IE'}</msg>
<arg>${json_data['results'][0]}</arg>
<doc>Logs the given message with the given level.</doc>
<status status="PASS" start="2024-05-03T05:14:01.193750" elapsed="0.000436"/>
</kw>
<kw name="Log" owner="BuiltIn">
<msg time="2024-05-03T05:14:01.194612" level="INFO">gender</msg>
<arg>${key}</arg>
<doc>Logs the given message with the given level.</doc>
<status status="PASS" start="2024-05-03T05:14:01.194485" elapsed="0.000165"/>
</kw>
<var name="${key}">gender</var>
<status status="PASS" start="2024-05-03T05:14:01.192858" elapsed="0.002007"/>
</iter>
<iter>
<kw name="Dictionary Should Contain Key" owner="Collections">
<msg time="2024-05-03T05:14:01.195542" level="INFO">False</msg>
<arg>${json_data['results'][0]}</arg>
<arg>${key}</arg>
<doc>Fails if ``key`` is not found from ``dictionary``.</doc>
<status status="PASS" start="2024-05-03T05:14:01.195166" elapsed="0.000413"/>
</kw>
<kw name="Log" owner="BuiltIn">
<msg time="2024-05-03T05:14:01.196255" level="INFO">{'gender': 'male', 'name': {'title': 'Mr', 'first': 'Nelson', 'last': 'Collins'}, 'location': {'street': {'number': 1988, 'name': 'New Road'}, 'city': 'Clonmel', 'state': 'Meath', 'country': 'Ireland', 'postcode': 44413, 'coordinates': {'latitude': '2.9110', 'longitude': '-86.3967'}, 'timezone': {'offset': '-4:00', 'description': 'Atlantic Time (Canada), Caracas, La Paz'}}, 'email': 'nelson.collins@example.com', 'login': {'uuid': 'b24374a6-93e5-4634-b67b-76a2253af62a', 'username': 'heavypeacock518', 'password': 'goliath', 'salt': 'Jm5tynqo', 'md5': '4623cddab55dfeea38c309f786fb7806', 'sha1': '2bf2eac62a266fa320ec818aa629da1cf294c65a', 'sha256': 'de7f57f20a03271947e82fdc56bd3f1633fbca06628c2e2bd9e12c8b445cf17f'}, 'dob': {'date': '1969-02-20T05:07:21.780Z', 'age': 55}, 'registered': {'date': '2014-12-25T08:26:55.268Z', 'age': 9}, 'phone': '021-316-9316', 'cell': '081-023-6130', 'id': {'name': 'PPS', 'value': '5050806T'}, 'picture': {'large': 'https://randomuser.me/api/portraits/men/14.jpg', 'medium': 'https://randomuser.me/api/portraits/med/men/14.jpg', 'thumbnail': 'https://randomuser.me/api/portraits/thumb/men/14.jpg'}, 'nat': 'IE'}</msg>
<arg>${json_data['results'][0]}</arg>
<doc>Logs the given message with the given level.</doc>
<status status="PASS" start="2024-05-03T05:14:01.195897" elapsed="0.000405"/>
</kw>
<kw name="Log" owner="BuiltIn">
<msg time="2024-05-03T05:14:01.196720" level="INFO">name</msg>
<arg>${key}</arg>
<doc>Logs the given message with the given level.</doc>
<status status="PASS" start="2024-05-03T05:14:01.196594" elapsed="0.000164"/>
</kw>
<var name="${key}">name</var>
<status status="PASS" start="2024-05-03T05:14:01.195052" elapsed="0.001918"/>
</iter>
<iter>
<kw name="Dictionary Should Contain Key" owner="Collections">
<msg time="2024-05-03T05:14:01.197646" level="INFO">False</msg>
<arg>${json_data['results'][0]}</arg>
<arg>${key}</arg>
<doc>Fails if ``key`` is not found from ``dictionary``.</doc>
<status status="PASS" start="2024-05-03T05:14:01.197264" elapsed="0.000419"/>
</kw>
<kw name="Log" owner="BuiltIn">
<msg time="2024-05-03T05:14:01.198406" level="INFO">{'gender': 'male', 'name': {'title': 'Mr', 'first': 'Nelson', 'last': 'Collins'}, 'location': {'street': {'number': 1988, 'name': 'New Road'}, 'city': 'Clonmel', 'state': 'Meath', 'country': 'Ireland', 'postcode': 44413, 'coordinates': {'latitude': '2.9110', 'longitude': '-86.3967'}, 'timezone': {'offset': '-4:00', 'description': 'Atlantic Time (Canada), Caracas, La Paz'}}, 'email': 'nelson.collins@example.com', 'login': {'uuid': 'b24374a6-93e5-4634-b67b-76a2253af62a', 'username': 'heavypeacock518', 'password': 'goliath', 'salt': 'Jm5tynqo', 'md5': '4623cddab55dfeea38c309f786fb7806', 'sha1': '2bf2eac62a266fa320ec818aa629da1cf294c65a', 'sha256': 'de7f57f20a03271947e82fdc56bd3f1633fbca06628c2e2bd9e12c8b445cf17f'}, 'dob': {'date': '1969-02-20T05:07:21.780Z', 'age': 55}, 'registered': {'date': '2014-12-25T08:26:55.268Z', 'age': 9}, 'phone': '021-316-9316', 'cell': '081-023-6130', 'id': {'name': 'PPS', 'value': '5050806T'}, 'picture': {'large': 'https://randomuser.me/api/portraits/men/14.jpg', 'medium': 'https://randomuser.me/api/portraits/med/men/14.jpg', 'thumbnail': 'https://randomuser.me/api/portraits/thumb/men/14.jpg'}, 'nat': 'IE'}</msg>
<arg>${json_data['results'][0]}</arg>
<doc>Logs the given message with the given level.</doc>
<status status="PASS" start="2024-05-03T05:14:01.198038" elapsed="0.000417"/>
</kw>
<kw name="Log" owner="BuiltIn">
<msg time="2024-05-03T05:14:01.198888" level="INFO">location</msg>
<arg>${key}</arg>
<doc>Logs the given message with the given level.</doc>
<status status="PASS" start="2024-05-03T05:14:01.198762" elapsed="0.000164"/>
</kw>
<var name="${key}">location</var>
<status status="PASS" start="2024-05-03T05:14:01.197152" elapsed="0.001988"/>
</iter>
<iter>
<kw name="Dictionary Should Contain Key" owner="Collections">
<msg time="2024-05-03T05:14:01.199804" level="INFO">False</msg>
<arg>${json_data['results'][0]}</arg>
<arg>${key}</arg>
<doc>Fails if ``key`` is not found from ``dictionary``.</doc>
<status status="PASS" start="2024-05-03T05:14:01.199424" elapsed="0.000418"/>
</kw>
<kw name="Log" owner="BuiltIn">
<msg time="2024-05-03T05:14:01.200500" level="INFO">{'gender': 'male', 'name': {'title': 'Mr', 'first': 'Nelson', 'last': 'Collins'}, 'location': {'street': {'number': 1988, 'name': 'New Road'}, 'city': 'Clonmel', 'state': 'Meath', 'country': 'Ireland', 'postcode': 44413, 'coordinates': {'latitude': '2.9110', 'longitude': '-86.3967'}, 'timezone': {'offset': '-4:00', 'description': 'Atlantic Time (Canada), Caracas, La Paz'}}, 'email': 'nelson.collins@example.com', 'login': {'uuid': 'b24374a6-93e5-4634-b67b-76a2253af62a', 'username': 'heavypeacock518', 'password': 'goliath', 'salt': 'Jm5tynqo', 'md5': '4623cddab55dfeea38c309f786fb7806', 'sha1': '2bf2eac62a266fa320ec818aa629da1cf294c65a', 'sha256': 'de7f57f20a03271947e82fdc56bd3f1633fbca06628c2e2bd9e12c8b445cf17f'}, 'dob': {'date': '1969-02-20T05:07:21.780Z', 'age': 55}, 'registered': {'date': '2014-12-25T08:26:55.268Z', 'age': 9}, 'phone': '021-316-9316', 'cell': '081-023-6130', 'id': {'name': 'PPS', 'value': '5050806T'}, 'picture': {'large': 'https://randomuser.me/api/portraits/men/14.jpg', 'medium': 'https://randomuser.me/api/portraits/med/men/14.jpg', 'thumbnail': 'https://randomuser.me/api/portraits/thumb/men/14.jpg'}, 'nat': 'IE'}</msg>
<arg>${json_data['results'][0]}</arg>
<doc>Logs the given message with the given level.</doc>
<status status="PASS" start="2024-05-03T05:14:01.200144" elapsed="0.000405"/>
</kw>
<kw name="Log" owner="BuiltIn">
<msg time="2024-05-03T05:14:01.200968" level="INFO">email</msg>
<arg>${key}</arg>
<doc>Logs the given message with the given level.</doc>
<status status="PASS" start="2024-05-03T05:14:01.200843" elapsed="0.000164"/>
</kw>
<var name="${key}">email</var>
<status status="PASS" start="2024-05-03T05:14:01.199314" elapsed="0.001910"/>
</iter>
<iter>
<kw name="Dictionary Should Contain Key" owner="Collections">
<msg time="2024-05-03T05:14:01.201934" level="INFO">False</msg>
<arg>${json_data['results'][0]}</arg>
<arg>${key}</arg>
<doc>Fails if ``key`` is not found from ``dictionary``.</doc>
<status status="PASS" start="2024-05-03T05:14:01.201511" elapsed="0.000463"/>
</kw>
<kw name="Log" owner="BuiltIn">
<msg time="2024-05-03T05:14:01.202634" level="INFO">{'gender': 'male', 'name': {'title': 'Mr', 'first': 'Nelson', 'last': 'Collins'}, 'location': {'street': {'number': 1988, 'name': 'New Road'}, 'city': 'Clonmel', 'state': 'Meath', 'country': 'Ireland', 'postcode': 44413, 'coordinates': {'latitude': '2.9110', 'longitude': '-86.3967'}, 'timezone': {'offset': '-4:00', 'description': 'Atlantic Time (Canada), Caracas, La Paz'}}, 'email': 'nelson.collins@example.com', 'login': {'uuid': 'b24374a6-93e5-4634-b67b-76a2253af62a', 'username': 'heavypeacock518', 'password': 'goliath', 'salt': 'Jm5tynqo', 'md5': '4623cddab55dfeea38c309f786fb7806', 'sha1': '2bf2eac62a266fa320ec818aa629da1cf294c65a', 'sha256': 'de7f57f20a03271947e82fdc56bd3f1633fbca06628c2e2bd9e12c8b445cf17f'}, 'dob': {'date': '1969-02-20T05:07:21.780Z', 'age': 55}, 'registered': {'date': '2014-12-25T08:26:55.268Z', 'age': 9}, 'phone': '021-316-9316', 'cell': '081-023-6130', 'id': {'name': 'PPS', 'value': '5050806T'}, 'picture': {'large': 'https://randomuser.me/api/portraits/men/14.jpg', 'medium': 'https://randomuser.me/api/portraits/med/men/14.jpg', 'thumbnail': 'https://randomuser.me/api/portraits/thumb/men/14.jpg'}, 'nat': 'IE'}</msg>
<arg>${json_data['results'][0]}</arg>
<doc>Logs the given message with the given level.</doc>
<status status="PASS" start="2024-05-03T05:14:01.202270" elapsed="0.000412"/>
</kw>
<kw name="Log" owner="BuiltIn">
<msg time="2024-05-03T05:14:01.203107" level="INFO">login</msg>
<arg>${key}</arg>
<doc>Logs the given message with the given level.</doc>
<status status="PASS" start="2024-05-03T05:14:01.202981" elapsed="0.000165"/>
</kw>
<var name="${key}">login</var>
<status status="PASS" start="2024-05-03T05:14:01.201398" elapsed="0.001984"/>
</iter>
<var>${key}</var>
<value>@{expected_keys}</value>
<status status="PASS" start="2024-05-03T05:14:01.192660" elapsed="0.010850"/>
</for>
<kw name="Create List" owner="BuiltIn">
<msg time="2024-05-03T05:14:01.203847" level="INFO">${expected_keysTwo} = ['username', 'password']</msg>
<var>${expected_keysTwo}</var>
<arg>username</arg>
<arg>password</arg>
<doc>Returns a list containing given items.</doc>
<status status="PASS" start="2024-05-03T05:14:01.203709" elapsed="0.000162"/>
</kw>
<for flavor="IN">
<iter>
<kw name="Dictionary Should Contain Key" owner="Collections">
<msg time="2024-05-03T05:14:01.204773" level="INFO">False</msg>
<arg>${json_data['results'][0]['login']}</arg>
<arg>${keyTwo}</arg>
<doc>Fails if ``key`` is not found from ``dictionary``.</doc>
<status status="PASS" start="2024-05-03T05:14:01.204381" elapsed="0.000430"/>
</kw>
<kw name="Dictionary Should Contain Key" owner="Collections">
<msg time="2024-05-03T05:14:01.205516" level="INFO">False</msg>
<arg>${json_data['results'][0]['login']}</arg>
<arg>${keyTwo}</arg>
<doc>Fails if ``key`` is not found from ``dictionary``.</doc>
<status status="PASS" start="2024-05-03T05:14:01.205123" elapsed="0.000432"/>
</kw>
<kw name="Log" owner="BuiltIn">
<msg time="2024-05-03T05:14:01.206007" level="INFO">username</msg>
<arg>${keyTwo}</arg>
<doc>Logs the given message with the given level.</doc>
<status status="PASS" start="2024-05-03T05:14:01.205877" elapsed="0.000175"/>
</kw>
<var name="${keyTwo}">username</var>
<status status="PASS" start="2024-05-03T05:14:01.204271" elapsed="0.001996"/>
</iter>
<iter>
<kw name="Dictionary Should Contain Key" owner="Collections">
<msg time="2024-05-03T05:14:01.206928" level="INFO">False</msg>
<arg>${json_data['results'][0]['login']}</arg>
<arg>${keyTwo}</arg>
<doc>Fails if ``key`` is not found from ``dictionary``.</doc>
<status status="PASS" start="2024-05-03T05:14:01.206548" elapsed="0.000418"/>
</kw>
<kw name="Dictionary Should Contain Key" owner="Collections">
<msg time="2024-05-03T05:14:01.207728" level="INFO">False</msg>
<arg>${json_data['results'][0]['login']}</arg>
<arg>${keyTwo}</arg>
<doc>Fails if ``key`` is not found from ``dictionary``.</doc>
<status status="PASS" start="2024-05-03T05:14:01.207254" elapsed="0.000515"/>
</kw>
<kw name="Log" owner="BuiltIn">
<msg time="2024-05-03T05:14:01.208193" level="INFO">password</msg>
<arg>${keyTwo}</arg>
<doc>Logs the given message with the given level.</doc>
<status status="PASS" start="2024-05-03T05:14:01.208067" elapsed="0.000165"/>
</kw>
<var name="${keyTwo}">password</var>
<status status="PASS" start="2024-05-03T05:14:01.206439" elapsed="0.002007"/>
</iter>
<var>${keyTwo}</var>
<value>@{expected_keysTwo}</value>
<status status="PASS" start="2024-05-03T05:14:01.204108" elapsed="0.004459"/>
</for>
<status status="PASS" start="2024-05-03T05:14:01.150219" elapsed="0.058491"/>
</kw>
<doc>Testa a estrutura da resposta da API.</doc>
<tag>testeEstruturaResposta</tag>
<status status="PASS" start="2024-05-03T05:14:01.149594" elapsed="0.059277"/>
</test>
<test id="s1-s1-t4" name="Validar tipos de dados" line="28">
<kw name="Teste de Tipos de Dados" owner="random-user-service">
<kw name="GET On Session" owner="RequestsLibrary">
<msg time="2024-05-03T05:14:01.285677" level="INFO">GET Request : url=https://randomuser.me/api 
 path_url=/api 
 headers={'User-Agent': 'python-requests/2.31.0', 'Accept-Encoding': 'gzip, deflate', 'Accept': '*/*', 'Connection': 'keep-alive'} 
 body=None 
 </msg>
<msg time="2024-05-03T05:14:01.285829" level="INFO">GET Response : url=https://randomuser.me/api 
 status=200, reason=OK 
 headers={'Date': 'Fri, 03 May 2024 05:14:01 GMT', 'Content-Type': 'application/json; charset=utf-8', 'Transfer-Encoding': 'chunked', 'Connection': 'keep-alive', 'X-Powered-By': 'Express', 'Access-Control-Allow-Origin': '*', 'Cache-Control': 'no-cache', 'ETag': 'W/"488-j3lIPYdzqMNRMBvC7w9sKEpKCmg"', 'Vary': 'Accept-Encoding', 'Content-Encoding': 'gzip', 'CF-Cache-Status': 'DYNAMIC', 'Report-To': '{"endpoints":[{"url":"https:\\/\\/a.nel.cloudflare.com\\/report\\/v4?s=29EOgde6UV7NKkHyKED8hJYYt1xfe2nRYJ7PW2G%2Bo9pyJUbGf1IFON7VXSEnREPPteQkLfiLDBdPS17wgr5h0SMpWRDu%2FsNiaDWhPmXx7rVf1rmW00HGVp70eq6VGe35"}],"group":"cf-nel","max_age":604800}', 'NEL': '{"success_fraction":0,"report_to":"cf-nel","max_age":604800}', 'Server': 'cloudflare', 'CF-RAY': '87ddc3dd9ac26908-IAD', 'alt-svc': 'h3=":443"; ma=86400'} 
 body={"results":[{"gender":"male","name":{"title":"Mr","first":"Samaksh","last":"Gatty"},"location":{"street":{"number":6589,"name":"Colaba Causeway"},"city":"Rajkot","state":"Haryana","country":"India","postcode":73642,"coordinates":{"latitude":"4.5491","longitude":"-156.3123"},"timezone":{"offset":"+10:00","description":"Eastern Australia, Guam, Vladivostok"}},"email":"samaksh.gatty@example.com","login":{"uuid":"d4fa3c5b-aaee-488a-904b-8a24562df634","username":"crazypanda604","password":"7734","salt":"QN66FHO1","md5":"b0659229e6edc622267ef4911e207aa0","sha1":"0aa8f69d8920a5091ca7ce30d3c3deaf328b6aae","sha256":"ea4a12ec046c538e2ccbd5e791f9566f107876c7f18ad6eb0cab8435714f9164"},"dob":{"date":"1981-08-06T21:49:31.070Z","age":42},"registered":{"date":"2004-11-08T14:40:45.660Z","age":19},"phone":"8418941243","cell":"8191934141","id":{"name":"UIDAI","value":"898848148031"},"picture":{"large":"https://randomuser.me/api/portraits/men/27.jpg","medium":"https://randomuser.me/api/portraits/med/men/27.jpg","thumbnail":"https://randomuser.me/api/portraits/thumb/men/27.jpg"},"nat":"IN"}],"info":{"seed":"8d605f76d6a4b1b7","results":1,"page":1,"version":"1.4"}} 
 </msg>
<msg time="2024-05-03T05:14:01.285904" level="INFO">/opt/hostedtoolcache/Python/3.12.3/x64/lib/python3.12/site-packages/urllib3/connectionpool.py:1103: InsecureRequestWarning: Unverified HTTPS request is being made to host 'randomuser.me'. Adding certificate verification is strongly advised. See: https://urllib3.readthedocs.io/en/latest/advanced-usage.html#tls-warnings
  warnings.warn(</msg>
<msg time="2024-05-03T05:14:01.286031" level="INFO">${response} = &lt;Response [200]&gt;</msg>
<var>${response}</var>
<arg>consultarAPI</arg>
<arg>/api</arg>
<doc>Sends a GET request on a previously created HTTP Session.</doc>
<status status="PASS" start="2024-05-03T05:14:01.211449" elapsed="0.074624"/>
</kw>
<kw name="Set Variable" owner="BuiltIn">
<msg time="2024-05-03T05:14:01.287197" level="INFO">${json_data} = {'results': [{'gender': 'male', 'name': {'title': 'Mr', 'first': 'Samaksh', 'last': 'Gatty'}, 'location': {'street': {'number': 6589, 'name': 'Colaba Causeway'}, 'city': 'Rajkot', 'state': 'Haryana', ...</msg>
<var>${json_data}</var>
<arg>${response.json()}</arg>
<doc>Returns the given values which can then be assigned to a variables.</doc>
<status status="PASS" start="2024-05-03T05:14:01.286648" elapsed="0.000578"/>
</kw>
<kw name="Log" owner="BuiltIn">
<msg time="2024-05-03T05:14:01.287693" level="INFO">{'results': [{'gender': 'male', 'name': {'title': 'Mr', 'first': 'Samaksh', 'last': 'Gatty'}, 'location': {'street': {'number': 6589, 'name': 'Colaba Causeway'}, 'city': 'Rajkot', 'state': 'Haryana', 'country': 'India', 'postcode': 73642, 'coordinates': {'latitude': '4.5491', 'longitude': '-156.3123'}, 'timezone': {'offset': '+10:00', 'description': 'Eastern Australia, Guam, Vladivostok'}}, 'email': 'samaksh.gatty@example.com', 'login': {'uuid': 'd4fa3c5b-aaee-488a-904b-8a24562df634', 'username': 'crazypanda604', 'password': '7734', 'salt': 'QN66FHO1', 'md5': 'b0659229e6edc622267ef4911e207aa0', 'sha1': '0aa8f69d8920a5091ca7ce30d3c3deaf328b6aae', 'sha256': 'ea4a12ec046c538e2ccbd5e791f9566f107876c7f18ad6eb0cab8435714f9164'}, 'dob': {'date': '1981-08-06T21:49:31.070Z', 'age': 42}, 'registered': {'date': '2004-11-08T14:40:45.660Z', 'age': 19}, 'phone': '8418941243', 'cell': '8191934141', 'id': {'name': 'UIDAI', 'value': '898848148031'}, 'picture': {'large': 'https://randomuser.me/api/portraits/men/27.jpg', 'medium': 'https://randomuser.me/api/portraits/med/men/27.jpg', 'thumbnail': 'https://randomuser.me/api/portraits/thumb/men/27.jpg'}, 'nat': 'IN'}], 'info': {'seed': '8d605f76d6a4b1b7', 'results': 1, 'page': 1, 'version': '1.4'}}</msg>
<arg>${json_data}</arg>
<doc>Logs the given message with the given level.</doc>
<status status="PASS" start="2024-05-03T05:14:01.287535" elapsed="0.000245"/>
</kw>
<kw name="Should Be String" owner="String">
<arg>${json_data['results'][0]['gender']}</arg>
<doc>Fails if the given ``item`` is not a string.</doc>
<status status="PASS" start="2024-05-03T05:14:01.288085" elapsed="0.000368"/>
</kw>
<kw name="Should Match Regexp" owner="BuiltIn">
<arg>${json_data['results'][0]['email']}</arg>
<arg>^[a-zA-Z0-9._%+-]+@[a-zA-Z0-9.-]+\.[a-zA-Z]{2,}$</arg>
<doc>Fails if ``string`` does not match ``pattern`` as a regular expression.</doc>
<status status="PASS" start="2024-05-03T05:14:01.288647" elapsed="0.000518"/>
</kw>
<kw name="Should Match Regexp" owner="BuiltIn">
<arg>${json_data['results'][0]['dob']['date']}</arg>
<arg>\\d{4}-\\d{2}-\\d{2}T\\d{2}:\\d{2}:\\d{2}\\.\\d{3}Z</arg>
<doc>Fails if ``string`` does not match ``pattern`` as a regular expression.</doc>
<status status="PASS" start="2024-05-03T05:14:01.289359" elapsed="0.000518"/>
</kw>
<kw name="Should Match Regexp" owner="BuiltIn">
<arg>${json_data['results'][0]['registered']['date']}</arg>
<arg>\\d{4}-\\d{2}-\\d{2}T\\d{2}:\\d{2}:\\d{2}\\.\\d{3}Z</arg>
<doc>Fails if ``string`` does not match ``pattern`` as a regular expression.</doc>
<status status="PASS" start="2024-05-03T05:14:01.290070" elapsed="0.000370"/>
</kw>
<kw name="Should Match Regexp" owner="BuiltIn">
<arg>${json_data['results'][0]['picture']['large']}</arg>
<arg>^https?://.*\.(?:png|jpe?g|gif|bmp)$</arg>
<doc>Fails if ``string`` does not match ``pattern`` as a regular expression.</doc>
<status status="PASS" start="2024-05-03T05:14:01.290625" elapsed="0.000461"/>
</kw>
<kw name="Should Match Regexp" owner="BuiltIn">
<arg>${json_data['results'][0]['picture']['medium']}</arg>
<arg>^https?://.*\.(?:png|jpe?g|gif|bmp)$</arg>
<doc>Fails if ``string`` does not match ``pattern`` as a regular expression.</doc>
<status status="PASS" start="2024-05-03T05:14:01.291272" elapsed="0.000371"/>
</kw>
<kw name="Should Match Regexp" owner="BuiltIn">
<arg>${json_data['results'][0]['picture']['thumbnail']}</arg>
<arg>^https?://.*\.(?:png|jpe?g|gif|bmp)$</arg>
<doc>Fails if ``string`` does not match ``pattern`` as a regular expression.</doc>
<status status="PASS" start="2024-05-03T05:14:01.291831" elapsed="0.000347"/>
</kw>
<kw name="Log" owner="BuiltIn">
<msg time="2024-05-03T05:14:01.292684" level="INFO">{'large': 'https://randomuser.me/api/portraits/men/27.jpg', 'medium': 'https://randomuser.me/api/portraits/med/men/27.jpg', 'thumbnail': 'https://randomuser.me/api/portraits/thumb/men/27.jpg'}</msg>
<arg>${json_data['results'][0]['picture']}</arg>
<doc>Logs the given message with the given level.</doc>
<status status="PASS" start="2024-05-03T05:14:01.292356" elapsed="0.000370"/>
</kw>
<status status="PASS" start="2024-05-03T05:14:01.211223" elapsed="0.081762"/>
</kw>
<kw name="Teste de Tipos de Dados - Postcode" owner="random-user-service">
<kw name="GET On Session" owner="RequestsLibrary">
<msg time="2024-05-03T05:14:01.389952" level="INFO">GET Request : url=https://randomuser.me/api 
 path_url=/api 
 headers={'User-Agent': 'python-requests/2.31.0', 'Accept-Encoding': 'gzip, deflate', 'Accept': '*/*', 'Connection': 'keep-alive'} 
 body=None 
 </msg>
<msg time="2024-05-03T05:14:01.390060" level="INFO">GET Response : url=https://randomuser.me/api 
 status=200, reason=OK 
 headers={'Date': 'Fri, 03 May 2024 05:14:01 GMT', 'Content-Type': 'application/json; charset=utf-8', 'Transfer-Encoding': 'chunked', 'Connection': 'keep-alive', 'X-Powered-By': 'Express', 'Access-Control-Allow-Origin': '*', 'Cache-Control': 'no-cache', 'ETag': 'W/"483-dLXtgtGCgFN0mbrmrdBt4xAbQiM"', 'Vary': 'Accept-Encoding', 'Content-Encoding': 'gzip', 'CF-Cache-Status': 'DYNAMIC', 'Report-To': '{"endpoints":[{"url":"https:\\/\\/a.nel.cloudflare.com\\/report\\/v4?s=LsdlwMVVQoEv5glbGPelcIvh6Bl5W%2FiESBB0CQeNDPuPa%2BBFnbfihqOM%2B9pmjYMkh9pHY1nAQmdm1SOW9HsjspaRxFbtSNZB%2B9r9Srktm5WmF5zYYWRNFWDNGJbiNCyU"}],"group":"cf-nel","max_age":604800}', 'NEL': '{"success_fraction":0,"report_to":"cf-nel","max_age":604800}', 'Server': 'cloudflare', 'CF-RAY': '87ddc3de1b186908-IAD', 'alt-svc': 'h3=":443"; ma=86400'} 
 body={"results":[{"gender":"female","name":{"title":"Mrs","first":"Dulce","last":"Palomo"},"location":{"street":{"number":4953,"name":"Periférico Hidalgo"},"city":"Maneadero","state":"Hidalgo","country":"Mexico","postcode":23243,"coordinates":{"latitude":"23.1687","longitude":"81.9413"},"timezone":{"offset":"-9:00","description":"Alaska"}},"email":"dulce.palomo@example.com","login":{"uuid":"4a617c76-2a1f-44ec-929b-c8fcccdca477","username":"sadpeacock578","password":"mikemike","salt":"Og7s3X1i","md5":"15d5cc39017a0335a9030e71ef637f39","sha1":"16f6f3a3b6ed5d48bb4be11ac33c71b9da5a5832","sha256":"d05fb681eda18fbd9b836f4214435b8fb438c7e3c0750b5f040f261a28ff824d"},"dob":{"date":"1998-03-17T18:36:34.950Z","age":26},"registered":{"date":"2018-04-08T07:54:43.204Z","age":6},"phone":"(678) 762 4468","cell":"(607) 246 4327","id":{"name":"NSS","value":"36 35 71 6235 7"},"picture":{"large":"https://randomuser.me/api/portraits/women/72.jpg","medium":"https://randomuser.me/api/portraits/med/women/72.jpg","thumbnail":"https://randomuser.me/api/portraits/thumb/women/72.jpg"},"nat":"MX"}],"info":{"seed":"319f709b3380de23","results":1,"page":1,"version":"1.4"}} 
 </msg>
<msg time="2024-05-03T05:14:01.390141" level="INFO">/opt/hostedtoolcache/Python/3.12.3/x64/lib/python3.12/site-packages/urllib3/connectionpool.py:1103: InsecureRequestWarning: Unverified HTTPS request is being made to host 'randomuser.me'. Adding certificate verification is strongly advised. See: https://urllib3.readthedocs.io/en/latest/advanced-usage.html#tls-warnings
  warnings.warn(</msg>
<msg time="2024-05-03T05:14:01.390262" level="INFO">${response} = &lt;Response [200]&gt;</msg>
<var>${response}</var>
<arg>consultarAPI</arg>
<arg>/api</arg>
<doc>Sends a GET request on a previously created HTTP Session.</doc>
<status status="PASS" start="2024-05-03T05:14:01.293449" elapsed="0.096842"/>
</kw>
<kw name="Set Variable" owner="BuiltIn">
<msg time="2024-05-03T05:14:01.391403" level="INFO">${json_data} = {'results': [{'gender': 'female', 'name': {'title': 'Mrs', 'first': 'Dulce', 'last': 'Palomo'}, 'location': {'street': {'number': 4953, 'name': 'Periférico Hidalgo'}, 'city': 'Maneadero', 'state': 'Hi...</msg>
<var>${json_data}</var>
<arg>${response.json()}</arg>
<doc>Returns the given values which can then be assigned to a variables.</doc>
<status status="PASS" start="2024-05-03T05:14:01.390855" elapsed="0.000576"/>
</kw>
<kw name="Log" owner="BuiltIn">
<msg time="2024-05-03T05:14:01.391903" level="INFO">{'results': [{'gender': 'female', 'name': {'title': 'Mrs', 'first': 'Dulce', 'last': 'Palomo'}, 'location': {'street': {'number': 4953, 'name': 'Periférico Hidalgo'}, 'city': 'Maneadero', 'state': 'Hidalgo', 'country': 'Mexico', 'postcode': 23243, 'coordinates': {'latitude': '23.1687', 'longitude': '81.9413'}, 'timezone': {'offset': '-9:00', 'description': 'Alaska'}}, 'email': 'dulce.palomo@example.com', 'login': {'uuid': '4a617c76-2a1f-44ec-929b-c8fcccdca477', 'username': 'sadpeacock578', 'password': 'mikemike', 'salt': 'Og7s3X1i', 'md5': '15d5cc39017a0335a9030e71ef637f39', 'sha1': '16f6f3a3b6ed5d48bb4be11ac33c71b9da5a5832', 'sha256': 'd05fb681eda18fbd9b836f4214435b8fb438c7e3c0750b5f040f261a28ff824d'}, 'dob': {'date': '1998-03-17T18:36:34.950Z', 'age': 26}, 'registered': {'date': '2018-04-08T07:54:43.204Z', 'age': 6}, 'phone': '(678) 762 4468', 'cell': '(607) 246 4327', 'id': {'name': 'NSS', 'value': '36 35 71 6235 7'}, 'picture': {'large': 'https://randomuser.me/api/portraits/women/72.jpg', 'medium': 'https://randomuser.me/api/portraits/med/women/72.jpg', 'thumbnail': 'https://randomuser.me/api/portraits/thumb/women/72.jpg'}, 'nat': 'MX'}], 'info': {'seed': '319f709b3380de23', 'results': 1, 'page': 1, 'version': '1.4'}}</msg>
<arg>${json_data}</arg>
<doc>Logs the given message with the given level.</doc>
<status status="PASS" start="2024-05-03T05:14:01.391744" elapsed="0.000242"/>
</kw>
<kw name="Should Be Equal As Numbers" owner="BuiltIn">
<arg>${json_data['results'][0]['location']['postcode']}</arg>
<arg>${json_data['results'][0]['location']['postcode']}</arg>
<doc>Fails if objects are unequal after converting them to real numbers.</doc>
<status status="PASS" start="2024-05-03T05:14:01.392287" elapsed="0.000805"/>
</kw>
<kw name="Log" owner="BuiltIn">
<msg time="2024-05-03T05:14:01.393616" level="INFO">23243</msg>
<arg>${json_data['results'][0]['location']['postcode']}</arg>
<doc>Logs the given message with the given level.</doc>
<status status="PASS" start="2024-05-03T05:14:01.393283" elapsed="0.000372"/>
</kw>
<status status="PASS" start="2024-05-03T05:14:01.293218" elapsed="0.100728"/>
</kw>
<doc>Testa se os tipos de dados na resposta da API estão corretos.</doc>
<tag>testeTiposDados</tag>
<status status="PASS" start="2024-05-03T05:14:01.210775" elapsed="0.183338"/>
</test>
<test id="s1-s1-t5" name="Validar conteudo" line="35">
<kw name="Teste de Tipos de Conteudo" owner="random-user-service">
<kw name="GET On Session" owner="RequestsLibrary">
<msg time="2024-05-03T05:14:01.525789" level="INFO">GET Request : url=https://randomuser.me/api 
 path_url=/api 
 headers={'User-Agent': 'python-requests/2.31.0', 'Accept-Encoding': 'gzip, deflate', 'Accept': '*/*', 'Connection': 'keep-alive'} 
 body=None 
 </msg>
<msg time="2024-05-03T05:14:01.525910" level="INFO">GET Response : url=https://randomuser.me/api 
 status=200, reason=OK 
 headers={'Date': 'Fri, 03 May 2024 05:14:01 GMT', 'Content-Type': 'application/json; charset=utf-8', 'Transfer-Encoding': 'chunked', 'Connection': 'keep-alive', 'X-Powered-By': 'Express', 'Access-Control-Allow-Origin': '*', 'Cache-Control': 'no-cache', 'ETag': 'W/"4a7-OjgQah/kKgwqSZmrTnd3qiiqBOs"', 'Vary': 'Accept-Encoding', 'Content-Encoding': 'gzip', 'CF-Cache-Status': 'DYNAMIC', 'Report-To': '{"endpoints":[{"url":"https:\\/\\/a.nel.cloudflare.com\\/report\\/v4?s=dQ36RGE1F4u3szRxgn%2BzgJtkaTn1eDhurUyc1K5K4GnlbdT5lVwarN61MsDmgi3ZXqf0UpSE1n79B2mA3DKxaezBBbADkJoxTNPjGKMmtI5LVW2hFj0503DY7uRoq42r"}],"group":"cf-nel","max_age":604800}', 'NEL': '{"success_fraction":0,"report_to":"cf-nel","max_age":604800}', 'Server': 'cloudflare', 'CF-RAY': '87ddc3decb836908-IAD', 'alt-svc': 'h3=":443"; ma=86400'} 
 body={"results":[{"gender":"female","name":{"title":"Miss","first":"آدرینا","last":"کریمی"},"location":{"street":{"number":1216,"name":"میدان استقلال"},"city":"همدان","state":"سیستان و بلوچستان","country":"Iran","postcode":11350,"coordinates":{"latitude":"16.7315","longitude":"112.3223"},"timezone":{"offset":"-8:00","description":"Pacific Time (US &amp; Canada)"}},"email":"adryn.khrymy@example.com","login":{"uuid":"0e321ac7-086f-4d19-a2d1-4b7e15033f79","username":"bigfrog747","password":"sonics","salt":"Hx0ZeJyj","md5":"f3c33149aef002c653cba6d5e4c8e115","sha1":"8945efcfbf58a261743d16e011f8d79c9b9d8b1c","sha256":"5324b395dabe2287c7515cb71918ccf217f9239690c7d4a41aba8cbaa270d170"},"dob":{"date":"1971-06-04T02:40:10.886Z","age":52},"registered":{"date":"2020-04-16T20:46:37.784Z","age":4},"phone":"030-21945806","cell":"0952-548-6985","id":{"name":"","value":null},"picture":{"large":"https://randomuser.me/api/portraits/women/7.jpg","medium":"https://randomuser.me/api/portraits/med/women/7.jpg","thumbnail":"https://randomuser.me/api/portraits/thumb/women/7.jpg"},"nat":"IR"}],"info":{"seed":"eddc5d34e011fb51","results":1,"page":1,"version":"1.4"}} 
 </msg>
<msg time="2024-05-03T05:14:01.526006" level="INFO">/opt/hostedtoolcache/Python/3.12.3/x64/lib/python3.12/site-packages/urllib3/connectionpool.py:1103: InsecureRequestWarning: Unverified HTTPS request is being made to host 'randomuser.me'. Adding certificate verification is strongly advised. See: https://urllib3.readthedocs.io/en/latest/advanced-usage.html#tls-warnings
  warnings.warn(</msg>
<msg time="2024-05-03T05:14:01.526148" level="INFO">${response} = &lt;Response [200]&gt;</msg>
<var>${response}</var>
<arg>consultarAPI</arg>
<arg>/api</arg>
<doc>Sends a GET request on a previously created HTTP Session.</doc>
<status status="PASS" start="2024-05-03T05:14:01.396634" elapsed="0.129561"/>
</kw>
<kw name="Set Variable" owner="BuiltIn">
<msg time="2024-05-03T05:14:01.527545" level="INFO">${json_data} = {'results': [{'gender': 'female', 'name': {'title': 'Miss', 'first': 'آدرینا', 'last': 'کریمی'}, 'location': {'street': {'number': 1216, 'name': 'میدان استقلال'}, 'city': 'همدان', 'state': 'سیستان و ب...</msg>
<var>${json_data}</var>
<arg>${response.json()}</arg>
<doc>Returns the given values which can then be assigned to a variables.</doc>
<status status="PASS" start="2024-05-03T05:14:01.526895" elapsed="0.000681"/>
</kw>
<kw name="Set Variable" owner="BuiltIn">
<msg time="2024-05-03T05:14:01.528293" level="INFO">${name_title} = Miss</msg>
<var>${name_title}</var>
<arg>${json_data["results"][0]["name"]["title"]}</arg>
<doc>Returns the given values which can then be assigned to a variables.</doc>
<status status="PASS" start="2024-05-03T05:14:01.527895" elapsed="0.000423"/>
</kw>
<kw name="Create List" owner="BuiltIn">
<msg time="2024-05-03T05:14:01.528764" level="INFO">${allowed_titles} = ['Mr', 'Ms', 'Miss', 'Mrs', 'Madame', 'Monsieur']</msg>
<var>${allowed_titles}</var>
<arg>Mr</arg>
<arg>Ms</arg>
<arg>Miss</arg>
<arg>Mrs</arg>
<arg>Madame</arg>
<arg>Monsieur</arg>
<doc>Returns a list containing given items.</doc>
<status status="PASS" start="2024-05-03T05:14:01.528616" elapsed="0.000173"/>
</kw>
<kw name="List Should Contain Value" owner="Collections">
<msg time="2024-05-03T05:14:01.529260" level="INFO">False</msg>
<arg>${allowed_titles}</arg>
<arg>${name_title}</arg>
<doc>Fails if the ``value`` is not found from ``list``.</doc>
<status status="PASS" start="2024-05-03T05:14:01.529088" elapsed="0.000209"/>
</kw>
<kw name="Set Variable" owner="BuiltIn">
<msg time="2024-05-03T05:14:01.530008" level="INFO">${name_country} = IR</msg>
<var>${name_country}</var>
<arg>${json_data["results"][0]["nat"]}</arg>
<doc>Returns the given values which can then be assigned to a variables.</doc>
<status status="PASS" start="2024-05-03T05:14:01.529586" elapsed="0.000448"/>
</kw>
<kw name="Create List" owner="BuiltIn">
<msg time="2024-05-03T05:14:01.530929" level="INFO">${list_country} = ['AD', 'AE', 'AF', 'AG', 'AI', 'AL', 'AM', 'AO', 'AQ', 'AR', 'AS', 'AT', 'AU', 'AW', 'AX', 'AZ', 'BA', 'BB', 'BD', 'BE', 'BF', 'BG', 'BH', 'BI', 'BJ', 'BL', 'BM', 'BN', 'BO', 'BQ', 'BR', 'BS', 'BT', '...</msg>
<var>${list_country}</var>
<arg>AD</arg>
<arg>AE</arg>
<arg>AF</arg>
<arg>AG</arg>
<arg>AI</arg>
<arg>AL</arg>
<arg>AM</arg>
<arg>AO</arg>
<arg>AQ</arg>
<arg>AR</arg>
<arg>AS</arg>
<arg>AT</arg>
<arg>AU</arg>
<arg>AW</arg>
<arg>AX</arg>
<arg>AZ</arg>
<arg>BA</arg>
<arg>BB</arg>
<arg>BD</arg>
<arg>BE</arg>
<arg>BF</arg>
<arg>BG</arg>
<arg>BH</arg>
<arg>BI</arg>
<arg>BJ</arg>
<arg>BL</arg>
<arg>BM</arg>
<arg>BN</arg>
<arg>BO</arg>
<arg>BQ</arg>
<arg>BR</arg>
<arg>BS</arg>
<arg>BT</arg>
<arg>BV</arg>
<arg>BW</arg>
<arg>BY</arg>
<arg>BZ</arg>
<arg>CA</arg>
<arg>CC</arg>
<arg>CD</arg>
<arg>CF</arg>
<arg>CG</arg>
<arg>CH</arg>
<arg>CI</arg>
<arg>CK</arg>
<arg>CL</arg>
<arg>CM</arg>
<arg>CN</arg>
<arg>CO</arg>
<arg>CR</arg>
<arg>CU</arg>
<arg>CV</arg>
<arg>CW</arg>
<arg>CX</arg>
<arg>CY</arg>
<arg>CZ</arg>
<arg>DE</arg>
<arg>DJ</arg>
<arg>DK</arg>
<arg>DM</arg>
<arg>DO</arg>
<arg>DZ</arg>
<arg>EC</arg>
<arg>EE</arg>
<arg>EG</arg>
<arg>EH</arg>
<arg>ER</arg>
<arg>ES</arg>
<arg>ET</arg>
<arg>FI</arg>
<arg>FJ</arg>
<arg>FK</arg>
<arg>FM</arg>
<arg>FO</arg>
<arg>FR</arg>
<arg>GA</arg>
<arg>GB</arg>
<arg>GD</arg>
<arg>GE</arg>
<arg>GF</arg>
<arg>GG</arg>
<arg>GH</arg>
<arg>GI</arg>
<arg>GL</arg>
<arg>GM</arg>
<arg>GN</arg>
<arg>GP</arg>
<arg>GQ</arg>
<arg>GR</arg>
<arg>GS</arg>
<arg>GT</arg>
<arg>GU</arg>
<arg>GW</arg>
<arg>GY</arg>
<arg>HK</arg>
<arg>HM</arg>
<arg>HN</arg>
<arg>HR</arg>
<arg>HT</arg>
<arg>HU</arg>
<arg>ID</arg>
<arg>IE</arg>
<arg>IL</arg>
<arg>IM</arg>
<arg>IN</arg>
<arg>IO</arg>
<arg>IQ</arg>
<arg>IR</arg>
<arg>IS</arg>
<arg>IT</arg>
<arg>JE</arg>
<arg>JM</arg>
<arg>JO</arg>
<arg>JP</arg>
<arg>KE</arg>
<arg>KG</arg>
<arg>KH</arg>
<arg>KI</arg>
<arg>KM</arg>
<arg>KN</arg>
<arg>KP</arg>
<arg>KR</arg>
<arg>KW</arg>
<arg>KY</arg>
<arg>KZ</arg>
<arg>LA</arg>
<arg>LB</arg>
<arg>LC</arg>
<arg>LI</arg>
<arg>LK</arg>
<arg>LR</arg>
<arg>LS</arg>
<arg>LT</arg>
<arg>LU</arg>
<arg>LV</arg>
<arg>LY</arg>
<arg>MA</arg>
<arg>MC</arg>
<arg>MD</arg>
<arg>ME</arg>
<arg>MF</arg>
<arg>MG</arg>
<arg>MH</arg>
<arg>MK</arg>
<arg>ML</arg>
<arg>MM</arg>
<arg>MN</arg>
<arg>MO</arg>
<arg>MP</arg>
<arg>MQ</arg>
<arg>MR</arg>
<arg>MS</arg>
<arg>MT</arg>
<arg>MU</arg>
<arg>MV</arg>
<arg>MW</arg>
<arg>MX</arg>
<arg>MY</arg>
<arg>MZ</arg>
<arg>NA</arg>
<arg>NC</arg>
<arg>NE</arg>
<arg>NF</arg>
<arg>NG</arg>
<arg>NI</arg>
<arg>NL</arg>
<arg>NO</arg>
<arg>NP</arg>
<arg>NR</arg>
<arg>NU</arg>
<arg>NZ</arg>
<arg>OM</arg>
<arg>PA</arg>
<arg>PE</arg>
<arg>PF</arg>
<arg>PG</arg>
<arg>PH</arg>
<arg>PK</arg>
<arg>PL</arg>
<arg>PM</arg>
<arg>PN</arg>
<arg>PR</arg>
<arg>PS</arg>
<arg>PT</arg>
<arg>PW</arg>
<arg>PY</arg>
<arg>QA</arg>
<arg>RE</arg>
<arg>RO</arg>
<arg>RS</arg>
<arg>RU</arg>
<arg>RW</arg>
<arg>SA</arg>
<arg>SB</arg>
<arg>SC</arg>
<arg>SD</arg>
<arg>SE</arg>
<arg>SG</arg>
<arg>SH</arg>
<arg>SI</arg>
<arg>SJ</arg>
<arg>SK</arg>
<arg>SL</arg>
<arg>SM</arg>
<arg>SN</arg>
<arg>SO</arg>
<arg>SR</arg>
<arg>SS</arg>
<arg>ST</arg>
<arg>SV</arg>
<arg>SX</arg>
<arg>SY</arg>
<arg>SZ</arg>
<arg>TC</arg>
<arg>TD</arg>
<arg>TF</arg>
<arg>TG</arg>
<arg>TH</arg>
<arg>TJ</arg>
<arg>TK</arg>
<arg>TL</arg>
<arg>TM</arg>
<arg>TN</arg>
<arg>TO</arg>
<arg>TR</arg>
<arg>TT</arg>
<arg>TV</arg>
<arg>TW</arg>
<arg>TZ</arg>
<arg>UA</arg>
<arg>UG</arg>
<arg>UM</arg>
<arg>US</arg>
<arg>UY</arg>
<arg>UZ</arg>
<arg>VA</arg>
<arg>VC</arg>
<arg>VE</arg>
<arg>VG</arg>
<arg>VI</arg>
<arg>VN</arg>
<arg>VU</arg>
<arg>WF</arg>
<arg>WS</arg>
<arg>XK</arg>
<arg>YE</arg>
<arg>YT</arg>
<arg>ZA</arg>
<arg>ZM</arg>
<arg>ZW</arg>
<doc>Returns a list containing given items.</doc>
<status status="PASS" start="2024-05-03T05:14:01.530339" elapsed="0.000616"/>
</kw>
<kw name="List Should Contain Value" owner="Collections">
<msg time="2024-05-03T05:14:01.531957" level="INFO">False</msg>
<arg>${list_country}</arg>
<arg>${name_country}</arg>
<doc>Fails if the ``value`` is not found from ``list``.</doc>
<status status="PASS" start="2024-05-03T05:14:01.531759" elapsed="0.000234"/>
</kw>
<kw name="Run Keyword If" owner="BuiltIn">
<kw name="Should Be True" owner="BuiltIn">
<arg>${True}</arg>
<doc>Fails if the given condition is not true.</doc>
<status status="PASS" start="2024-05-03T05:14:01.533054" elapsed="0.000141"/>
</kw>
<arg>${json_data["results"][0]["location"]["coordinates"]["latitude"]} &gt;= -90 and ${json_data["results"][0]["location"]["coordinates"]["latitude"]} &lt;= 90</arg>
<arg>Should Be True</arg>
<arg>${True}</arg>
<doc>Runs the given keyword with the given arguments, if ``condition`` is true.</doc>
<status status="PASS" start="2024-05-03T05:14:01.532303" elapsed="0.001015"/>
</kw>
<kw name="Run Keyword If" owner="BuiltIn">
<kw name="Should Be True" owner="BuiltIn">
<arg>${True}</arg>
<doc>Fails if the given condition is not true.</doc>
<status status="PASS" start="2024-05-03T05:14:01.534230" elapsed="0.000264"/>
</kw>
<arg>${json_data["results"][0]["location"]["coordinates"]["longitude"]} &gt;= -180 and ${json_data["results"][0]["location"]["coordinates"]["longitude"]} &lt;= 180</arg>
<arg>Should Be True</arg>
<arg>${True}</arg>
<doc>Runs the given keyword with the given arguments, if ``condition`` is true.</doc>
<status status="PASS" start="2024-05-03T05:14:01.533500" elapsed="0.001120"/>
</kw>
<status status="PASS" start="2024-05-03T05:14:01.396405" elapsed="0.138348"/>
</kw>
<doc>Testa o conteúdo específico dos campos retornados pela API.</doc>
<tag>testeConteudo</tag>
<status status="PASS" start="2024-05-03T05:14:01.395866" elapsed="0.139038"/>
</test>
<status status="PASS" start="2024-05-03T05:14:00.536217" elapsed="1.000719"/>
</suite>
<status status="PASS" start="2024-05-03T05:14:00.522035" elapsed="1.020155"/>
</suite>
<statistics>
<total>
<stat pass="5" fail="0" skip="0">All Tests</stat>
</total>
<tag>
<stat pass="1" fail="0" skip="0">testeConteudo</stat>
<stat pass="1" fail="0" skip="0">testeEstruturaResposta</stat>
<stat pass="1" fail="0" skip="0">testeRequisicaoBasica</stat>
<stat pass="1" fail="0" skip="0">testeTiposDados</stat>
</tag>
<suite>
<stat pass="5" fail="0" skip="0" id="s1" name="Tests">Tests</stat>
<stat pass="5" fail="0" skip="0" id="s1-s1" name="Random-User-Test">Tests.Random-User-Test</stat>
</suite>
</statistics>
<errors>
</errors>
</robot>
