<?xml version="1.0" encoding="UTF-8"?>
<robot generator="Robot 7.0.1 (Python 3.12.4 on linux)" generated="2024-08-04T09:15:04.646285" rpa="false" schemaversion="5">
<suite id="s1" name="Tests" source="/home/runner/work/ApiRandomUser/ApiRandomUser/RamdonUser/tests">
<suite id="s1-s1" name="Random-User-Test" source="/home/runner/work/ApiRandomUser/ApiRandomUser/RamdonUser/tests/random-user-test.robot">
<test id="s1-s1-t1" name="Conectar" line="13">
<kw name="Conectar API" owner="random-user-service">
<kw name="Create Session" owner="RequestsLibrary">
<msg time="2024-08-04T09:15:05.038909" level="INFO">Creating Session using : alias=consultarAPI, url=https://randomuser.me/, headers={},                     cookies={}, auth=None, timeout=None, proxies=None, verify=False,                     debug=0 </msg>
<arg>consultarAPI</arg>
<arg>${URL}</arg>
<doc>Create Session: create a HTTP session to a server</doc>
<status status="PASS" start="2024-08-04T09:15:05.038714" elapsed="0.000368"/>
</kw>
<status status="PASS" start="2024-08-04T09:15:05.037709" elapsed="0.001792"/>
</kw>
<status status="PASS" start="2024-08-04T09:15:05.037189" elapsed="0.002508"/>
</test>
<test id="s1-s1-t2" name="Validar retorno 200 e JSON Válido" line="16">
<kw name="Teste de Requisicao Basica" owner="random-user-service">
<kw name="GET On Session" owner="RequestsLibrary">
<msg time="2024-08-04T09:15:05.386562" level="INFO">GET Request : url=https://randomuser.me/api 
 path_url=/api 
 headers={'User-Agent': 'python-requests/2.32.3', 'Accept-Encoding': 'gzip, deflate', 'Accept': '*/*', 'Connection': 'keep-alive'} 
 body=None 
 </msg>
<msg time="2024-08-04T09:15:05.386708" level="INFO">GET Response : url=https://randomuser.me/api 
 status=200, reason=OK 
 headers={'Date': 'Sun, 04 Aug 2024 09:15:05 GMT', 'Content-Type': 'application/json; charset=utf-8', 'Transfer-Encoding': 'chunked', 'Connection': 'keep-alive', 'X-Powered-By': 'Express', 'Access-Control-Allow-Origin': '*', 'Cache-Control': 'no-cache', 'ETag': 'W/"498-CqwnDhU/0Rh1g7lunxMz90mqD/M"', 'Vary': 'Accept-Encoding', 'Content-Encoding': 'gzip', 'CF-Cache-Status': 'DYNAMIC', 'Report-To': '{"endpoints":[{"url":"https:\\/\\/a.nel.cloudflare.com\\/report\\/v4?s=9BeVy3u9P%2FPkaPDjPekGaDWt%2BqlQYTAPZgym0TbhsLqQaRyaQlxLOndux%2Fnnf%2FsSZl0CpI%2F0Yzbt6FjvoutIap6cR9GxmzvfQwHeDhuGjsUm6GjieWuhB%2FDf4v83gfNp"}],"group":"cf-nel","max_age":604800}', 'NEL': '{"success_fraction":0,"report_to":"cf-nel","max_age":604800}', 'Server': 'cloudflare', 'CF-RAY': '8add70dd480807fb-IAD', 'alt-svc': 'h3=":443"; ma=86400'} 
 body={"results":[{"gender":"male","name":{"title":"Mr","first":"Mason","last":"Anderson"},"location":{"street":{"number":4238,"name":"Maple Ave"},"city":"Fountainbleu","state":"Prince Edward Island","country":"Canada","postcode":"U8U 4O9","coordinates":{"latitude":"-66.6738","longitude":"-120.5754"},"timezone":{"offset":"-7:00","description":"Mountain Time (US &amp; Canada)"}},"email":"mason.anderson@example.com","login":{"uuid":"9026a5c4-6257-4347-b269-a60fda73fde8","username":"happymeercat718","password":"bluedog","salt":"AiuBnsEn","md5":"6cb491dfbe5c6e7ee75f529f89802646","sha1":"95b23f182ec240cb70778f785e2e22934e14397b","sha256":"6dab1deff2ac321b28c299869bf3370fe4656d35285836efb3d2241f5cfd349f"},"dob":{"date":"1967-03-17T03:39:55.047Z","age":57},"registered":{"date":"2002-04-15T20:29:34.669Z","age":22},"phone":"W64 F98-8516","cell":"V73 O06-0454","id":{"name":"SIN","value":"032490864"},"picture":{"large":"https://randomuser.me/api/portraits/men/99.jpg","medium":"https://randomuser.me/api/portraits/med/men/99.jpg","thumbnail":"https://randomuser.me/api/portraits/thumb/men/99.jpg"},"nat":"CA"}],"info":{"seed":"66efe50e61cc207d","results":1,"page":1,"version":"1.4"}} 
 </msg>
<msg time="2024-08-04T09:15:05.386787" level="INFO">/opt/hostedtoolcache/Python/3.12.4/x64/lib/python3.12/site-packages/urllib3/connectionpool.py:1099: InsecureRequestWarning: Unverified HTTPS request is being made to host 'randomuser.me'. Adding certificate verification is strongly advised. See: https://urllib3.readthedocs.io/en/latest/advanced-usage.html#tls-warnings
  warnings.warn(</msg>
<msg time="2024-08-04T09:15:05.386907" level="INFO">${response} = &lt;Response [200]&gt;</msg>
<var>${response}</var>
<arg>consultarAPI</arg>
<arg>/api</arg>
<doc>Sends a GET request on a previously created HTTP Session.</doc>
<status status="PASS" start="2024-08-04T09:15:05.042237" elapsed="0.344712"/>
</kw>
<kw name="Should Be Equal As Numbers" owner="BuiltIn">
<msg time="2024-08-04T09:15:05.387857" level="INFO">Argument types are:
&lt;class 'int'&gt;
&lt;class 'str'&gt;</msg>
<arg>${response.status_code}</arg>
<arg>200</arg>
<doc>Fails if objects are unequal after converting them to real numbers.</doc>
<status status="PASS" start="2024-08-04T09:15:05.387421" elapsed="0.000502"/>
</kw>
<kw name="Log" owner="BuiltIn">
<msg time="2024-08-04T09:15:05.388590" level="INFO">200</msg>
<arg>${response.status_code}</arg>
<doc>Logs the given message with the given level.</doc>
<status status="PASS" start="2024-08-04T09:15:05.388239" elapsed="0.000393"/>
</kw>
<kw name="Set Variable" owner="BuiltIn">
<msg time="2024-08-04T09:15:05.389374" level="INFO">${json_data} = {'results': [{'gender': 'male', 'name': {'title': 'Mr', 'first': 'Mason', 'last': 'Anderson'}, 'location': {'street': {'number': 4238, 'name': 'Maple Ave'}, 'city': 'Fountainbleu', 'state': 'Prince Ed...</msg>
<var>${json_data}</var>
<arg>${response.json()}</arg>
<doc>Returns the given values which can then be assigned to a variables.</doc>
<status status="PASS" start="2024-08-04T09:15:05.388937" elapsed="0.000465"/>
</kw>
<kw name="Dictionary Should Contain Key" owner="Collections">
<arg>${json_data}</arg>
<arg>results</arg>
<doc>Fails if ``key`` is not found from ``dictionary``.</doc>
<status status="PASS" start="2024-08-04T09:15:05.389699" elapsed="0.000304"/>
</kw>
<status status="PASS" start="2024-08-04T09:15:05.041994" elapsed="0.348161"/>
</kw>
<doc>Testa se a API responde corretamente e retorna um objeto JSON válido.</doc>
<tag>testeRequisicaoBasica</tag>
<status status="PASS" start="2024-08-04T09:15:05.041533" elapsed="0.348791"/>
</test>
<test id="s1-s1-t3" name="Validar estrutura de resposta" line="22">
<kw name="Teste de Estrutura de Resposta" owner="random-user-service">
<kw name="GET On Session" owner="RequestsLibrary">
<msg time="2024-08-04T09:15:05.501648" level="INFO">GET Request : url=https://randomuser.me/api 
 path_url=/api 
 headers={'User-Agent': 'python-requests/2.32.3', 'Accept-Encoding': 'gzip, deflate', 'Accept': '*/*', 'Connection': 'keep-alive'} 
 body=None 
 </msg>
<msg time="2024-08-04T09:15:05.501736" level="INFO">GET Response : url=https://randomuser.me/api 
 status=200, reason=OK 
 headers={'Date': 'Sun, 04 Aug 2024 09:15:05 GMT', 'Content-Type': 'application/json; charset=utf-8', 'Transfer-Encoding': 'chunked', 'Connection': 'keep-alive', 'X-Powered-By': 'Express', 'Access-Control-Allow-Origin': '*', 'Cache-Control': 'no-cache', 'ETag': 'W/"48d-VuUo/4ub/VFPpfK7USmBGstfIjE"', 'Vary': 'Accept-Encoding', 'Content-Encoding': 'gzip', 'CF-Cache-Status': 'DYNAMIC', 'Report-To': '{"endpoints":[{"url":"https:\\/\\/a.nel.cloudflare.com\\/report\\/v4?s=BkM8PXeYw3V5EM5KwTBRcSdDMgfX0dx%2FjDDQMVODsPfreNKf5Ncnno27sQm60ZPzR3zydtAD985oIDNmaq7f0MZrh413jTbkdyX3tEnpYahPnyHixPwLPMo0RwVvLy6g"}],"group":"cf-nel","max_age":604800}', 'NEL': '{"success_fraction":0,"report_to":"cf-nel","max_age":604800}', 'Server': 'cloudflare', 'CF-RAY': '8add70dea90f07fb-IAD', 'alt-svc': 'h3=":443"; ma=86400'} 
 body={"results":[{"gender":"male","name":{"title":"Mr","first":"ماهان","last":"علیزاده"},"location":{"street":{"number":5084,"name":"کمیل"},"city":"بیرجند","state":"کرمانشاه","country":"Iran","postcode":97938,"coordinates":{"latitude":"18.5264","longitude":"-122.2012"},"timezone":{"offset":"+5:30","description":"Bombay, Calcutta, Madras, New Delhi"}},"email":"mhn.aalyzdh@example.com","login":{"uuid":"b7b8f4df-57f5-4118-8826-b6e4c2cdc5fe","username":"blackkoala736","password":"lori","salt":"vD0vfgGV","md5":"5fb19387ad4a4665ad0061da62215294","sha1":"98aabd1ac57b0682ac57dd66a226ecd576ce14a9","sha256":"d20efa42380dc4f909eb45320ed4ef192821c1a083881a08da891f853e943a0e"},"dob":{"date":"1966-11-19T15:52:58.859Z","age":57},"registered":{"date":"2020-09-06T12:26:11.240Z","age":3},"phone":"071-78739947","cell":"0903-112-7694","id":{"name":"","value":null},"picture":{"large":"https://randomuser.me/api/portraits/men/26.jpg","medium":"https://randomuser.me/api/portraits/med/men/26.jpg","thumbnail":"https://randomuser.me/api/portraits/thumb/men/26.jpg"},"nat":"IR"}],"info":{"seed":"282ee5b8ea568a4f","results":1,"page":1,"version":"1.4"}} 
 </msg>
<msg time="2024-08-04T09:15:05.501865" level="INFO">/opt/hostedtoolcache/Python/3.12.4/x64/lib/python3.12/site-packages/urllib3/connectionpool.py:1099: InsecureRequestWarning: Unverified HTTPS request is being made to host 'randomuser.me'. Adding certificate verification is strongly advised. See: https://urllib3.readthedocs.io/en/latest/advanced-usage.html#tls-warnings
  warnings.warn(</msg>
<msg time="2024-08-04T09:15:05.501960" level="INFO">${response} = &lt;Response [200]&gt;</msg>
<var>${response}</var>
<arg>consultarAPI</arg>
<arg>/api</arg>
<doc>Sends a GET request on a previously created HTTP Session.</doc>
<status status="PASS" start="2024-08-04T09:15:05.393372" elapsed="0.108620"/>
</kw>
<kw name="Set Variable" owner="BuiltIn">
<msg time="2024-08-04T09:15:05.502838" level="INFO">${json_data} = {'results': [{'gender': 'male', 'name': {'title': 'Mr', 'first': 'ماهان', 'last': 'علیزاده'}, 'location': {'street': {'number': 5084, 'name': 'کمیل'}, 'city': 'بیرجند', 'state': 'کرمانشاه', 'country':...</msg>
<var>${json_data}</var>
<arg>${response.json()}</arg>
<doc>Returns the given values which can then be assigned to a variables.</doc>
<status status="PASS" start="2024-08-04T09:15:05.502373" elapsed="0.000495"/>
</kw>
<kw name="Log" owner="BuiltIn">
<msg time="2024-08-04T09:15:05.503374" level="INFO">{'results': [{'gender': 'male', 'name': {'title': 'Mr', 'first': 'ماهان', 'last': 'علیزاده'}, 'location': {'street': {'number': 5084, 'name': 'کمیل'}, 'city': 'بیرجند', 'state': 'کرمانشاه', 'country': 'Iran', 'postcode': 97938, 'coordinates': {'latitude': '18.5264', 'longitude': '-122.2012'}, 'timezone': {'offset': '+5:30', 'description': 'Bombay, Calcutta, Madras, New Delhi'}}, 'email': 'mhn.aalyzdh@example.com', 'login': {'uuid': 'b7b8f4df-57f5-4118-8826-b6e4c2cdc5fe', 'username': 'blackkoala736', 'password': 'lori', 'salt': 'vD0vfgGV', 'md5': '5fb19387ad4a4665ad0061da62215294', 'sha1': '98aabd1ac57b0682ac57dd66a226ecd576ce14a9', 'sha256': 'd20efa42380dc4f909eb45320ed4ef192821c1a083881a08da891f853e943a0e'}, 'dob': {'date': '1966-11-19T15:52:58.859Z', 'age': 57}, 'registered': {'date': '2020-09-06T12:26:11.240Z', 'age': 3}, 'phone': '071-78739947', 'cell': '0903-112-7694', 'id': {'name': '', 'value': None}, 'picture': {'large': 'https://randomuser.me/api/portraits/men/26.jpg', 'medium': 'https://randomuser.me/api/portraits/med/men/26.jpg', 'thumbnail': 'https://randomuser.me/api/portraits/thumb/men/26.jpg'}, 'nat': 'IR'}], 'info': {'seed': '282ee5b8ea568a4f', 'results': 1, 'page': 1, 'version': '1.4'}}</msg>
<arg>${json_data}</arg>
<doc>Logs the given message with the given level.</doc>
<status status="PASS" start="2024-08-04T09:15:05.503205" elapsed="0.000219"/>
</kw>
<kw name="Dictionary Should Contain Key" owner="Collections">
<arg>${json_data}</arg>
<arg>results</arg>
<doc>Fails if ``key`` is not found from ``dictionary``.</doc>
<status status="PASS" start="2024-08-04T09:15:05.503714" elapsed="0.000161"/>
</kw>
<kw name="Should Not Be Empty" owner="BuiltIn">
<msg time="2024-08-04T09:15:05.504178" level="INFO">Length is 2.</msg>
<arg>${json_data}</arg>
<doc>Verifies that the given item is not empty.</doc>
<status status="PASS" start="2024-08-04T09:15:05.504055" elapsed="0.000160"/>
</kw>
<kw name="Create List" owner="BuiltIn">
<msg time="2024-08-04T09:15:05.504649" level="INFO">${expected_keys} = ['gender', 'name', 'location', 'email', 'login']</msg>
<var>${expected_keys}</var>
<arg>gender</arg>
<arg>name</arg>
<arg>location</arg>
<arg>email</arg>
<arg>login</arg>
<doc>Returns a list containing given items.</doc>
<status status="PASS" start="2024-08-04T09:15:05.504500" elapsed="0.000173"/>
</kw>
<for flavor="IN">
<iter>
<kw name="Dictionary Should Contain Key" owner="Collections">
<arg>${json_data['results'][0]}</arg>
<arg>${key}</arg>
<doc>Fails if ``key`` is not found from ``dictionary``.</doc>
<status status="PASS" start="2024-08-04T09:15:05.505227" elapsed="0.000406"/>
</kw>
<kw name="Log" owner="BuiltIn">
<msg time="2024-08-04T09:15:05.506187" level="INFO">{'gender': 'male', 'name': {'title': 'Mr', 'first': 'ماهان', 'last': 'علیزاده'}, 'location': {'street': {'number': 5084, 'name': 'کمیل'}, 'city': 'بیرجند', 'state': 'کرمانشاه', 'country': 'Iran', 'postcode': 97938, 'coordinates': {'latitude': '18.5264', 'longitude': '-122.2012'}, 'timezone': {'offset': '+5:30', 'description': 'Bombay, Calcutta, Madras, New Delhi'}}, 'email': 'mhn.aalyzdh@example.com', 'login': {'uuid': 'b7b8f4df-57f5-4118-8826-b6e4c2cdc5fe', 'username': 'blackkoala736', 'password': 'lori', 'salt': 'vD0vfgGV', 'md5': '5fb19387ad4a4665ad0061da62215294', 'sha1': '98aabd1ac57b0682ac57dd66a226ecd576ce14a9', 'sha256': 'd20efa42380dc4f909eb45320ed4ef192821c1a083881a08da891f853e943a0e'}, 'dob': {'date': '1966-11-19T15:52:58.859Z', 'age': 57}, 'registered': {'date': '2020-09-06T12:26:11.240Z', 'age': 3}, 'phone': '071-78739947', 'cell': '0903-112-7694', 'id': {'name': '', 'value': None}, 'picture': {'large': 'https://randomuser.me/api/portraits/men/26.jpg', 'medium': 'https://randomuser.me/api/portraits/med/men/26.jpg', 'thumbnail': 'https://randomuser.me/api/portraits/thumb/men/26.jpg'}, 'nat': 'IR'}</msg>
<arg>${json_data['results'][0]}</arg>
<doc>Logs the given message with the given level.</doc>
<status status="PASS" start="2024-08-04T09:15:05.505825" elapsed="0.000411"/>
</kw>
<kw name="Log" owner="BuiltIn">
<msg time="2024-08-04T09:15:05.506666" level="INFO">gender</msg>
<arg>${key}</arg>
<doc>Logs the given message with the given level.</doc>
<status status="PASS" start="2024-08-04T09:15:05.506536" elapsed="0.000169"/>
</kw>
<var name="${key}">gender</var>
<status status="PASS" start="2024-08-04T09:15:05.505106" elapsed="0.001817"/>
</iter>
<iter>
<kw name="Dictionary Should Contain Key" owner="Collections">
<arg>${json_data['results'][0]}</arg>
<arg>${key}</arg>
<doc>Fails if ``key`` is not found from ``dictionary``.</doc>
<status status="PASS" start="2024-08-04T09:15:05.507251" elapsed="0.000391"/>
</kw>
<kw name="Log" owner="BuiltIn">
<msg time="2024-08-04T09:15:05.508177" level="INFO">{'gender': 'male', 'name': {'title': 'Mr', 'first': 'ماهان', 'last': 'علیزاده'}, 'location': {'street': {'number': 5084, 'name': 'کمیل'}, 'city': 'بیرجند', 'state': 'کرمانشاه', 'country': 'Iran', 'postcode': 97938, 'coordinates': {'latitude': '18.5264', 'longitude': '-122.2012'}, 'timezone': {'offset': '+5:30', 'description': 'Bombay, Calcutta, Madras, New Delhi'}}, 'email': 'mhn.aalyzdh@example.com', 'login': {'uuid': 'b7b8f4df-57f5-4118-8826-b6e4c2cdc5fe', 'username': 'blackkoala736', 'password': 'lori', 'salt': 'vD0vfgGV', 'md5': '5fb19387ad4a4665ad0061da62215294', 'sha1': '98aabd1ac57b0682ac57dd66a226ecd576ce14a9', 'sha256': 'd20efa42380dc4f909eb45320ed4ef192821c1a083881a08da891f853e943a0e'}, 'dob': {'date': '1966-11-19T15:52:58.859Z', 'age': 57}, 'registered': {'date': '2020-09-06T12:26:11.240Z', 'age': 3}, 'phone': '071-78739947', 'cell': '0903-112-7694', 'id': {'name': '', 'value': None}, 'picture': {'large': 'https://randomuser.me/api/portraits/men/26.jpg', 'medium': 'https://randomuser.me/api/portraits/med/men/26.jpg', 'thumbnail': 'https://randomuser.me/api/portraits/thumb/men/26.jpg'}, 'nat': 'IR'}</msg>
<arg>${json_data['results'][0]}</arg>
<doc>Logs the given message with the given level.</doc>
<status status="PASS" start="2024-08-04T09:15:05.507825" elapsed="0.000436"/>
</kw>
<kw name="Log" owner="BuiltIn">
<msg time="2024-08-04T09:15:05.508687" level="INFO">name</msg>
<arg>${key}</arg>
<doc>Logs the given message with the given level.</doc>
<status status="PASS" start="2024-08-04T09:15:05.508560" elapsed="0.000164"/>
</kw>
<var name="${key}">name</var>
<status status="PASS" start="2024-08-04T09:15:05.507106" elapsed="0.001832"/>
</iter>
<iter>
<kw name="Dictionary Should Contain Key" owner="Collections">
<arg>${json_data['results'][0]}</arg>
<arg>${key}</arg>
<doc>Fails if ``key`` is not found from ``dictionary``.</doc>
<status status="PASS" start="2024-08-04T09:15:05.509221" elapsed="0.000387"/>
</kw>
<kw name="Log" owner="BuiltIn">
<msg time="2024-08-04T09:15:05.510141" level="INFO">{'gender': 'male', 'name': {'title': 'Mr', 'first': 'ماهان', 'last': 'علیزاده'}, 'location': {'street': {'number': 5084, 'name': 'کمیل'}, 'city': 'بیرجند', 'state': 'کرمانشاه', 'country': 'Iran', 'postcode': 97938, 'coordinates': {'latitude': '18.5264', 'longitude': '-122.2012'}, 'timezone': {'offset': '+5:30', 'description': 'Bombay, Calcutta, Madras, New Delhi'}}, 'email': 'mhn.aalyzdh@example.com', 'login': {'uuid': 'b7b8f4df-57f5-4118-8826-b6e4c2cdc5fe', 'username': 'blackkoala736', 'password': 'lori', 'salt': 'vD0vfgGV', 'md5': '5fb19387ad4a4665ad0061da62215294', 'sha1': '98aabd1ac57b0682ac57dd66a226ecd576ce14a9', 'sha256': 'd20efa42380dc4f909eb45320ed4ef192821c1a083881a08da891f853e943a0e'}, 'dob': {'date': '1966-11-19T15:52:58.859Z', 'age': 57}, 'registered': {'date': '2020-09-06T12:26:11.240Z', 'age': 3}, 'phone': '071-78739947', 'cell': '0903-112-7694', 'id': {'name': '', 'value': None}, 'picture': {'large': 'https://randomuser.me/api/portraits/men/26.jpg', 'medium': 'https://randomuser.me/api/portraits/med/men/26.jpg', 'thumbnail': 'https://randomuser.me/api/portraits/thumb/men/26.jpg'}, 'nat': 'IR'}</msg>
<arg>${json_data['results'][0]}</arg>
<doc>Logs the given message with the given level.</doc>
<status status="PASS" start="2024-08-04T09:15:05.509792" elapsed="0.000400"/>
</kw>
<kw name="Log" owner="BuiltIn">
<msg time="2024-08-04T09:15:05.510616" level="INFO">location</msg>
<arg>${key}</arg>
<doc>Logs the given message with the given level.</doc>
<status status="PASS" start="2024-08-04T09:15:05.510488" elapsed="0.000166"/>
</kw>
<var name="${key}">location</var>
<status status="PASS" start="2024-08-04T09:15:05.509113" elapsed="0.001767"/>
</iter>
<iter>
<kw name="Dictionary Should Contain Key" owner="Collections">
<arg>${json_data['results'][0]}</arg>
<arg>${key}</arg>
<doc>Fails if ``key`` is not found from ``dictionary``.</doc>
<status status="PASS" start="2024-08-04T09:15:05.511182" elapsed="0.000397"/>
</kw>
<kw name="Log" owner="BuiltIn">
<msg time="2024-08-04T09:15:05.512224" level="INFO">{'gender': 'male', 'name': {'title': 'Mr', 'first': 'ماهان', 'last': 'علیزاده'}, 'location': {'street': {'number': 5084, 'name': 'کمیل'}, 'city': 'بیرجند', 'state': 'کرمانشاه', 'country': 'Iran', 'postcode': 97938, 'coordinates': {'latitude': '18.5264', 'longitude': '-122.2012'}, 'timezone': {'offset': '+5:30', 'description': 'Bombay, Calcutta, Madras, New Delhi'}}, 'email': 'mhn.aalyzdh@example.com', 'login': {'uuid': 'b7b8f4df-57f5-4118-8826-b6e4c2cdc5fe', 'username': 'blackkoala736', 'password': 'lori', 'salt': 'vD0vfgGV', 'md5': '5fb19387ad4a4665ad0061da62215294', 'sha1': '98aabd1ac57b0682ac57dd66a226ecd576ce14a9', 'sha256': 'd20efa42380dc4f909eb45320ed4ef192821c1a083881a08da891f853e943a0e'}, 'dob': {'date': '1966-11-19T15:52:58.859Z', 'age': 57}, 'registered': {'date': '2020-09-06T12:26:11.240Z', 'age': 3}, 'phone': '071-78739947', 'cell': '0903-112-7694', 'id': {'name': '', 'value': None}, 'picture': {'large': 'https://randomuser.me/api/portraits/men/26.jpg', 'medium': 'https://randomuser.me/api/portraits/med/men/26.jpg', 'thumbnail': 'https://randomuser.me/api/portraits/thumb/men/26.jpg'}, 'nat': 'IR'}</msg>
<arg>${json_data['results'][0]}</arg>
<doc>Logs the given message with the given level.</doc>
<status status="PASS" start="2024-08-04T09:15:05.511868" elapsed="0.000407"/>
</kw>
<kw name="Log" owner="BuiltIn">
<msg time="2024-08-04T09:15:05.512698" level="INFO">email</msg>
<arg>${key}</arg>
<doc>Logs the given message with the given level.</doc>
<status status="PASS" start="2024-08-04T09:15:05.512571" elapsed="0.000165"/>
</kw>
<var name="${key}">email</var>
<status status="PASS" start="2024-08-04T09:15:05.511050" elapsed="0.001904"/>
</iter>
<iter>
<kw name="Dictionary Should Contain Key" owner="Collections">
<arg>${json_data['results'][0]}</arg>
<arg>${key}</arg>
<doc>Fails if ``key`` is not found from ``dictionary``.</doc>
<status status="PASS" start="2024-08-04T09:15:05.513234" elapsed="0.000371"/>
</kw>
<kw name="Log" owner="BuiltIn">
<msg time="2024-08-04T09:15:05.514138" level="INFO">{'gender': 'male', 'name': {'title': 'Mr', 'first': 'ماهان', 'last': 'علیزاده'}, 'location': {'street': {'number': 5084, 'name': 'کمیل'}, 'city': 'بیرجند', 'state': 'کرمانشاه', 'country': 'Iran', 'postcode': 97938, 'coordinates': {'latitude': '18.5264', 'longitude': '-122.2012'}, 'timezone': {'offset': '+5:30', 'description': 'Bombay, Calcutta, Madras, New Delhi'}}, 'email': 'mhn.aalyzdh@example.com', 'login': {'uuid': 'b7b8f4df-57f5-4118-8826-b6e4c2cdc5fe', 'username': 'blackkoala736', 'password': 'lori', 'salt': 'vD0vfgGV', 'md5': '5fb19387ad4a4665ad0061da62215294', 'sha1': '98aabd1ac57b0682ac57dd66a226ecd576ce14a9', 'sha256': 'd20efa42380dc4f909eb45320ed4ef192821c1a083881a08da891f853e943a0e'}, 'dob': {'date': '1966-11-19T15:52:58.859Z', 'age': 57}, 'registered': {'date': '2020-09-06T12:26:11.240Z', 'age': 3}, 'phone': '071-78739947', 'cell': '0903-112-7694', 'id': {'name': '', 'value': None}, 'picture': {'large': 'https://randomuser.me/api/portraits/men/26.jpg', 'medium': 'https://randomuser.me/api/portraits/med/men/26.jpg', 'thumbnail': 'https://randomuser.me/api/portraits/thumb/men/26.jpg'}, 'nat': 'IR'}</msg>
<arg>${json_data['results'][0]}</arg>
<doc>Logs the given message with the given level.</doc>
<status status="PASS" start="2024-08-04T09:15:05.513786" elapsed="0.000402"/>
</kw>
<kw name="Log" owner="BuiltIn">
<msg time="2024-08-04T09:15:05.514606" level="INFO">login</msg>
<arg>${key}</arg>
<doc>Logs the given message with the given level.</doc>
<status status="PASS" start="2024-08-04T09:15:05.514479" elapsed="0.000163"/>
</kw>
<var name="${key}">login</var>
<status status="PASS" start="2024-08-04T09:15:05.513126" elapsed="0.001729"/>
</iter>
<var>${key}</var>
<value>@{expected_keys}</value>
<status status="PASS" start="2024-08-04T09:15:05.504925" elapsed="0.010051"/>
</for>
<kw name="Create List" owner="BuiltIn">
<msg time="2024-08-04T09:15:05.515334" level="INFO">${expected_keysTwo} = ['username', 'password']</msg>
<var>${expected_keysTwo}</var>
<arg>username</arg>
<arg>password</arg>
<doc>Returns a list containing given items.</doc>
<status status="PASS" start="2024-08-04T09:15:05.515190" elapsed="0.000196"/>
</kw>
<for flavor="IN">
<iter>
<kw name="Dictionary Should Contain Key" owner="Collections">
<arg>${json_data['results'][0]['login']}</arg>
<arg>${keyTwo}</arg>
<doc>Fails if ``key`` is not found from ``dictionary``.</doc>
<status status="PASS" start="2024-08-04T09:15:05.515884" elapsed="0.000377"/>
</kw>
<kw name="Dictionary Should Contain Key" owner="Collections">
<arg>${json_data['results'][0]['login']}</arg>
<arg>${keyTwo}</arg>
<doc>Fails if ``key`` is not found from ``dictionary``.</doc>
<status status="PASS" start="2024-08-04T09:15:05.516441" elapsed="0.000375"/>
</kw>
<kw name="Log" owner="BuiltIn">
<msg time="2024-08-04T09:15:05.517112" level="INFO">username</msg>
<arg>${keyTwo}</arg>
<doc>Logs the given message with the given level.</doc>
<status status="PASS" start="2024-08-04T09:15:05.516993" elapsed="0.000155"/>
</kw>
<var name="${keyTwo}">username</var>
<status status="PASS" start="2024-08-04T09:15:05.515777" elapsed="0.001588"/>
</iter>
<iter>
<kw name="Dictionary Should Contain Key" owner="Collections">
<arg>${json_data['results'][0]['login']}</arg>
<arg>${keyTwo}</arg>
<doc>Fails if ``key`` is not found from ``dictionary``.</doc>
<status status="PASS" start="2024-08-04T09:15:05.517638" elapsed="0.000387"/>
</kw>
<kw name="Dictionary Should Contain Key" owner="Collections">
<arg>${json_data['results'][0]['login']}</arg>
<arg>${keyTwo}</arg>
<doc>Fails if ``key`` is not found from ``dictionary``.</doc>
<status status="PASS" start="2024-08-04T09:15:05.518203" elapsed="0.000367"/>
</kw>
<kw name="Log" owner="BuiltIn">
<msg time="2024-08-04T09:15:05.518864" level="INFO">password</msg>
<arg>${keyTwo}</arg>
<doc>Logs the given message with the given level.</doc>
<status status="PASS" start="2024-08-04T09:15:05.518745" elapsed="0.000156"/>
</kw>
<var name="${keyTwo}">password</var>
<status status="PASS" start="2024-08-04T09:15:05.517533" elapsed="0.001609"/>
</iter>
<var>${keyTwo}</var>
<value>@{expected_keysTwo}</value>
<status status="PASS" start="2024-08-04T09:15:05.515629" elapsed="0.003646"/>
</for>
<status status="PASS" start="2024-08-04T09:15:05.393018" elapsed="0.126395"/>
</kw>
<doc>Testa a estrutura da resposta da API.</doc>
<tag>testeEstruturaResposta</tag>
<status status="PASS" start="2024-08-04T09:15:05.392228" elapsed="0.127328"/>
</test>
<test id="s1-s1-t4" name="Validar tipos de dados" line="28">
<kw name="Teste de Tipos de Dados" owner="random-user-service">
<kw name="GET On Session" owner="RequestsLibrary">
<msg time="2024-08-04T09:15:05.567670" level="INFO">GET Request : url=https://randomuser.me/api 
 path_url=/api 
 headers={'User-Agent': 'python-requests/2.32.3', 'Accept-Encoding': 'gzip, deflate', 'Accept': '*/*', 'Connection': 'keep-alive'} 
 body=None 
 </msg>
<msg time="2024-08-04T09:15:05.567749" level="INFO">GET Response : url=https://randomuser.me/api 
 status=200, reason=OK 
 headers={'Date': 'Sun, 04 Aug 2024 09:15:05 GMT', 'Content-Type': 'application/json; charset=utf-8', 'Transfer-Encoding': 'chunked', 'Connection': 'keep-alive', 'X-Powered-By': 'Express', 'Access-Control-Allow-Origin': '*', 'Cache-Control': 'no-cache', 'ETag': 'W/"48a-5xFmnvinfB5leiWRC0P8k7HKc6c"', 'Vary': 'Accept-Encoding', 'Content-Encoding': 'gzip', 'CF-Cache-Status': 'DYNAMIC', 'Report-To': '{"endpoints":[{"url":"https:\\/\\/a.nel.cloudflare.com\\/report\\/v4?s=LTSbbm8Z72Ct7ZH0RdrdwPXa3Bf5iAX%2BE%2BxKdKErD9yDFGrA6Vvv5Otm08tCT1KI%2FqUBNyECfgkrDt5lCYrQWLiKlAQqnEz%2B6hqlH3%2F6TgQrHUWPk8R5gY91BUZoqESx"}],"group":"cf-nel","max_age":604800}', 'NEL': '{"success_fraction":0,"report_to":"cf-nel","max_age":604800}', 'Server': 'cloudflare', 'CF-RAY': '8add70df797a07fb-IAD', 'alt-svc': 'h3=":443"; ma=86400'} 
 body={"results":[{"gender":"male","name":{"title":"Mr","first":"Ramazan","last":"Eckel"},"location":{"street":{"number":5938,"name":"Rosenstraße"},"city":"Hechingen","state":"Rheinland-Pfalz","country":"Germany","postcode":72188,"coordinates":{"latitude":"-47.4638","longitude":"-114.6252"},"timezone":{"offset":"+9:30","description":"Adelaide, Darwin"}},"email":"ramazan.eckel@example.com","login":{"uuid":"c2e9c5ab-8833-4359-97c7-a1c936fe796b","username":"silverladybug693","password":"janelle","salt":"HInomvJY","md5":"5ffff736e2f668043ab536c0d3dcc05b","sha1":"fb48465963f88ad0f266cc133f3cc2db5848b9dd","sha256":"e0e5c3e7060ceba456239e33c3b928bcb7e786fb106d465e1ebc3b9873059171"},"dob":{"date":"1949-05-11T23:27:29.097Z","age":75},"registered":{"date":"2018-01-22T10:40:09.105Z","age":6},"phone":"0249-8464793","cell":"0171-0271553","id":{"name":"SVNR","value":"62 110549 E 419"},"picture":{"large":"https://randomuser.me/api/portraits/men/58.jpg","medium":"https://randomuser.me/api/portraits/med/men/58.jpg","thumbnail":"https://randomuser.me/api/portraits/thumb/men/58.jpg"},"nat":"DE"}],"info":{"seed":"9b587a55684916c4","results":1,"page":1,"version":"1.4"}} 
 </msg>
<msg time="2024-08-04T09:15:05.567823" level="INFO">/opt/hostedtoolcache/Python/3.12.4/x64/lib/python3.12/site-packages/urllib3/connectionpool.py:1099: InsecureRequestWarning: Unverified HTTPS request is being made to host 'randomuser.me'. Adding certificate verification is strongly advised. See: https://urllib3.readthedocs.io/en/latest/advanced-usage.html#tls-warnings
  warnings.warn(</msg>
<msg time="2024-08-04T09:15:05.567929" level="INFO">${response} = &lt;Response [200]&gt;</msg>
<var>${response}</var>
<arg>consultarAPI</arg>
<arg>/api</arg>
<doc>Sends a GET request on a previously created HTTP Session.</doc>
<status status="PASS" start="2024-08-04T09:15:05.521865" elapsed="0.046101"/>
</kw>
<kw name="Set Variable" owner="BuiltIn">
<msg time="2024-08-04T09:15:05.568805" level="INFO">${json_data} = {'results': [{'gender': 'male', 'name': {'title': 'Mr', 'first': 'Ramazan', 'last': 'Eckel'}, 'location': {'street': {'number': 5938, 'name': 'Rosenstraße'}, 'city': 'Hechingen', 'state': 'Rheinland-P...</msg>
<var>${json_data}</var>
<arg>${response.json()}</arg>
<doc>Returns the given values which can then be assigned to a variables.</doc>
<status status="PASS" start="2024-08-04T09:15:05.568345" elapsed="0.000489"/>
</kw>
<kw name="Log" owner="BuiltIn">
<msg time="2024-08-04T09:15:05.569284" level="INFO">{'results': [{'gender': 'male', 'name': {'title': 'Mr', 'first': 'Ramazan', 'last': 'Eckel'}, 'location': {'street': {'number': 5938, 'name': 'Rosenstraße'}, 'city': 'Hechingen', 'state': 'Rheinland-Pfalz', 'country': 'Germany', 'postcode': 72188, 'coordinates': {'latitude': '-47.4638', 'longitude': '-114.6252'}, 'timezone': {'offset': '+9:30', 'description': 'Adelaide, Darwin'}}, 'email': 'ramazan.eckel@example.com', 'login': {'uuid': 'c2e9c5ab-8833-4359-97c7-a1c936fe796b', 'username': 'silverladybug693', 'password': 'janelle', 'salt': 'HInomvJY', 'md5': '5ffff736e2f668043ab536c0d3dcc05b', 'sha1': 'fb48465963f88ad0f266cc133f3cc2db5848b9dd', 'sha256': 'e0e5c3e7060ceba456239e33c3b928bcb7e786fb106d465e1ebc3b9873059171'}, 'dob': {'date': '1949-05-11T23:27:29.097Z', 'age': 75}, 'registered': {'date': '2018-01-22T10:40:09.105Z', 'age': 6}, 'phone': '0249-8464793', 'cell': '0171-0271553', 'id': {'name': 'SVNR', 'value': '62 110549 E 419'}, 'picture': {'large': 'https://randomuser.me/api/portraits/men/58.jpg', 'medium': 'https://randomuser.me/api/portraits/med/men/58.jpg', 'thumbnail': 'https://randomuser.me/api/portraits/thumb/men/58.jpg'}, 'nat': 'DE'}], 'info': {'seed': '9b587a55684916c4', 'results': 1, 'page': 1, 'version': '1.4'}}</msg>
<arg>${json_data}</arg>
<doc>Logs the given message with the given level.</doc>
<status status="PASS" start="2024-08-04T09:15:05.569132" elapsed="0.000200"/>
</kw>
<kw name="Should Be String" owner="String">
<arg>${json_data['results'][0]['gender']}</arg>
<doc>Fails if the given ``item`` is not a string.</doc>
<status status="PASS" start="2024-08-04T09:15:05.569620" elapsed="0.000353"/>
</kw>
<kw name="Should Match Regexp" owner="BuiltIn">
<arg>${json_data['results'][0]['email']}</arg>
<arg>^[a-zA-Z0-9._%+-]+@[a-zA-Z0-9.-]+\.[a-zA-Z]{2,}$</arg>
<doc>Fails if ``string`` does not match ``pattern`` as a regular expression.</doc>
<status status="PASS" start="2024-08-04T09:15:05.570166" elapsed="0.000497"/>
</kw>
<kw name="Should Match Regexp" owner="BuiltIn">
<arg>${json_data['results'][0]['dob']['date']}</arg>
<arg>\\d{4}-\\d{2}-\\d{2}T\\d{2}:\\d{2}:\\d{2}\\.\\d{3}Z</arg>
<doc>Fails if ``string`` does not match ``pattern`` as a regular expression.</doc>
<status status="PASS" start="2024-08-04T09:15:05.570891" elapsed="0.000627"/>
</kw>
<kw name="Should Match Regexp" owner="BuiltIn">
<arg>${json_data['results'][0]['registered']['date']}</arg>
<arg>\\d{4}-\\d{2}-\\d{2}T\\d{2}:\\d{2}:\\d{2}\\.\\d{3}Z</arg>
<doc>Fails if ``string`` does not match ``pattern`` as a regular expression.</doc>
<status status="PASS" start="2024-08-04T09:15:05.571710" elapsed="0.000367"/>
</kw>
<kw name="Should Match Regexp" owner="BuiltIn">
<arg>${json_data['results'][0]['picture']['large']}</arg>
<arg>^https?://.*\.(?:png|jpe?g|gif|bmp)$</arg>
<doc>Fails if ``string`` does not match ``pattern`` as a regular expression.</doc>
<status status="PASS" start="2024-08-04T09:15:05.572260" elapsed="0.000453"/>
</kw>
<kw name="Should Match Regexp" owner="BuiltIn">
<arg>${json_data['results'][0]['picture']['medium']}</arg>
<arg>^https?://.*\.(?:png|jpe?g|gif|bmp)$</arg>
<doc>Fails if ``string`` does not match ``pattern`` as a regular expression.</doc>
<status status="PASS" start="2024-08-04T09:15:05.572901" elapsed="0.000352"/>
</kw>
<kw name="Should Match Regexp" owner="BuiltIn">
<arg>${json_data['results'][0]['picture']['thumbnail']}</arg>
<arg>^https?://.*\.(?:png|jpe?g|gif|bmp)$</arg>
<doc>Fails if ``string`` does not match ``pattern`` as a regular expression.</doc>
<status status="PASS" start="2024-08-04T09:15:05.573434" elapsed="0.000346"/>
</kw>
<kw name="Log" owner="BuiltIn">
<msg time="2024-08-04T09:15:05.574277" level="INFO">{'large': 'https://randomuser.me/api/portraits/men/58.jpg', 'medium': 'https://randomuser.me/api/portraits/med/men/58.jpg', 'thumbnail': 'https://randomuser.me/api/portraits/thumb/men/58.jpg'}</msg>
<arg>${json_data['results'][0]['picture']}</arg>
<doc>Logs the given message with the given level.</doc>
<status status="PASS" start="2024-08-04T09:15:05.573960" elapsed="0.000358"/>
</kw>
<status status="PASS" start="2024-08-04T09:15:05.521652" elapsed="0.052918"/>
</kw>
<kw name="Teste de Tipos de Dados - Postcode" owner="random-user-service">
<kw name="GET On Session" owner="RequestsLibrary">
<msg time="2024-08-04T09:15:05.651077" level="INFO">GET Request : url=https://randomuser.me/api 
 path_url=/api 
 headers={'User-Agent': 'python-requests/2.32.3', 'Accept-Encoding': 'gzip, deflate', 'Accept': '*/*', 'Connection': 'keep-alive'} 
 body=None 
 </msg>
<msg time="2024-08-04T09:15:05.651190" level="INFO">GET Response : url=https://randomuser.me/api 
 status=200, reason=OK 
 headers={'Date': 'Sun, 04 Aug 2024 09:15:05 GMT', 'Content-Type': 'application/json; charset=utf-8', 'Transfer-Encoding': 'chunked', 'Connection': 'keep-alive', 'X-Powered-By': 'Express', 'Access-Control-Allow-Origin': '*', 'Cache-Control': 'no-cache', 'ETag': 'W/"49a-T2NPyhoStUzjO+VRM7Qpq+HzF2A"', 'Vary': 'Accept-Encoding', 'Content-Encoding': 'gzip', 'CF-Cache-Status': 'DYNAMIC', 'Report-To': '{"endpoints":[{"url":"https:\\/\\/a.nel.cloudflare.com\\/report\\/v4?s=NvLpQC8zxzdU9y41DedFPVj3uimTNBXpKKtLKG6lVvRhzY18zbcVetGTrT7VPbluaZwPbzNcuWQvPDheZYgylMX85TQ4WpfwYOQK54LWucNpw725gD%2Fsuqo36gJtK%2FOD"}],"group":"cf-nel","max_age":604800}', 'NEL': '{"success_fraction":0,"report_to":"cf-nel","max_age":604800}', 'Server': 'cloudflare', 'CF-RAY': '8add70dfc9bd07fb-IAD', 'alt-svc': 'h3=":443"; ma=86400'} 
 body={"results":[{"gender":"male","name":{"title":"Mr","first":"Tibor","last":"Volz"},"location":{"street":{"number":6718,"name":"Blumenstraße"},"city":"Anklam","state":"Nordrhein-Westfalen","country":"Germany","postcode":25122,"coordinates":{"latitude":"-50.7659","longitude":"-148.8590"},"timezone":{"offset":"+3:00","description":"Baghdad, Riyadh, Moscow, St. Petersburg"}},"email":"tibor.volz@example.com","login":{"uuid":"ee8a2092-fa96-40f3-a15d-d02904b4ae8e","username":"greensnake863","password":"annika","salt":"8NJxc9o5","md5":"6dab675f826c464a060c492e1ccc2abf","sha1":"6ba32ab4cfbac663e48ee7d091855c6fab3eb316","sha256":"443c6261724de09e18e44bdc2fe56b0889402948422325dce8e1d9a21e86dcdf"},"dob":{"date":"1947-10-15T21:29:57.309Z","age":76},"registered":{"date":"2005-02-19T21:01:11.188Z","age":19},"phone":"0027-2685837","cell":"0170-9003086","id":{"name":"SVNR","value":"11 151047 V 172"},"picture":{"large":"https://randomuser.me/api/portraits/men/61.jpg","medium":"https://randomuser.me/api/portraits/med/men/61.jpg","thumbnail":"https://randomuser.me/api/portraits/thumb/men/61.jpg"},"nat":"DE"}],"info":{"seed":"ed23b4c867f341cd","results":1,"page":1,"version":"1.4"}} 
 </msg>
<msg time="2024-08-04T09:15:05.651254" level="INFO">/opt/hostedtoolcache/Python/3.12.4/x64/lib/python3.12/site-packages/urllib3/connectionpool.py:1099: InsecureRequestWarning: Unverified HTTPS request is being made to host 'randomuser.me'. Adding certificate verification is strongly advised. See: https://urllib3.readthedocs.io/en/latest/advanced-usage.html#tls-warnings
  warnings.warn(</msg>
<msg time="2024-08-04T09:15:05.651335" level="INFO">${response} = &lt;Response [200]&gt;</msg>
<var>${response}</var>
<arg>consultarAPI</arg>
<arg>/api</arg>
<doc>Sends a GET request on a previously created HTTP Session.</doc>
<status status="PASS" start="2024-08-04T09:15:05.574990" elapsed="0.076375"/>
</kw>
<kw name="Set Variable" owner="BuiltIn">
<msg time="2024-08-04T09:15:05.652210" level="INFO">${json_data} = {'results': [{'gender': 'male', 'name': {'title': 'Mr', 'first': 'Tibor', 'last': 'Volz'}, 'location': {'street': {'number': 6718, 'name': 'Blumenstraße'}, 'city': 'Anklam', 'state': 'Nordrhein-Westfa...</msg>
<var>${json_data}</var>
<arg>${response.json()}</arg>
<doc>Returns the given values which can then be assigned to a variables.</doc>
<status status="PASS" start="2024-08-04T09:15:05.651738" elapsed="0.000502"/>
</kw>
<kw name="Log" owner="BuiltIn">
<msg time="2024-08-04T09:15:05.652699" level="INFO">{'results': [{'gender': 'male', 'name': {'title': 'Mr', 'first': 'Tibor', 'last': 'Volz'}, 'location': {'street': {'number': 6718, 'name': 'Blumenstraße'}, 'city': 'Anklam', 'state': 'Nordrhein-Westfalen', 'country': 'Germany', 'postcode': 25122, 'coordinates': {'latitude': '-50.7659', 'longitude': '-148.8590'}, 'timezone': {'offset': '+3:00', 'description': 'Baghdad, Riyadh, Moscow, St. Petersburg'}}, 'email': 'tibor.volz@example.com', 'login': {'uuid': 'ee8a2092-fa96-40f3-a15d-d02904b4ae8e', 'username': 'greensnake863', 'password': 'annika', 'salt': '8NJxc9o5', 'md5': '6dab675f826c464a060c492e1ccc2abf', 'sha1': '6ba32ab4cfbac663e48ee7d091855c6fab3eb316', 'sha256': '443c6261724de09e18e44bdc2fe56b0889402948422325dce8e1d9a21e86dcdf'}, 'dob': {'date': '1947-10-15T21:29:57.309Z', 'age': 76}, 'registered': {'date': '2005-02-19T21:01:11.188Z', 'age': 19}, 'phone': '0027-2685837', 'cell': '0170-9003086', 'id': {'name': 'SVNR', 'value': '11 151047 V 172'}, 'picture': {'large': 'https://randomuser.me/api/portraits/men/61.jpg', 'medium': 'https://randomuser.me/api/portraits/med/men/61.jpg', 'thumbnail': 'https://randomuser.me/api/portraits/thumb/men/61.jpg'}, 'nat': 'DE'}], 'info': {'seed': 'ed23b4c867f341cd', 'results': 1, 'page': 1, 'version': '1.4'}}</msg>
<arg>${json_data}</arg>
<doc>Logs the given message with the given level.</doc>
<status status="PASS" start="2024-08-04T09:15:05.652540" elapsed="0.000217"/>
</kw>
<kw name="Should Be Equal As Numbers" owner="BuiltIn">
<arg>${json_data['results'][0]['location']['postcode']}</arg>
<arg>${json_data['results'][0]['location']['postcode']}</arg>
<doc>Fails if objects are unequal after converting them to real numbers.</doc>
<status status="PASS" start="2024-08-04T09:15:05.653054" elapsed="0.000606"/>
</kw>
<kw name="Log" owner="BuiltIn">
<msg time="2024-08-04T09:15:05.654183" level="INFO">25122</msg>
<arg>${json_data['results'][0]['location']['postcode']}</arg>
<doc>Logs the given message with the given level.</doc>
<status status="PASS" start="2024-08-04T09:15:05.653847" elapsed="0.000385"/>
</kw>
<status status="PASS" start="2024-08-04T09:15:05.574775" elapsed="0.079730"/>
</kw>
<doc>Testa se os tipos de dados na resposta da API estão corretos.</doc>
<tag>testeTiposDados</tag>
<status status="PASS" start="2024-08-04T09:15:05.521227" elapsed="0.133436"/>
</test>
<test id="s1-s1-t5" name="Validar conteudo" line="35">
<kw name="Teste de Tipos de Conteudo" owner="random-user-service">
<kw name="GET On Session" owner="RequestsLibrary">
<msg time="2024-08-04T09:15:05.755883" level="INFO">GET Request : url=https://randomuser.me/api 
 path_url=/api 
 headers={'User-Agent': 'python-requests/2.32.3', 'Accept-Encoding': 'gzip, deflate', 'Accept': '*/*', 'Connection': 'keep-alive'} 
 body=None 
 </msg>
<msg time="2024-08-04T09:15:05.755965" level="INFO">GET Response : url=https://randomuser.me/api 
 status=200, reason=OK 
 headers={'Date': 'Sun, 04 Aug 2024 09:15:05 GMT', 'Content-Type': 'application/json; charset=utf-8', 'Transfer-Encoding': 'chunked', 'Connection': 'keep-alive', 'X-Powered-By': 'Express', 'Access-Control-Allow-Origin': '*', 'Cache-Control': 'no-cache', 'ETag': 'W/"4af-vc/QHjLttxQNH7C1UfMfPcF8bSg"', 'Vary': 'Accept-Encoding', 'Content-Encoding': 'gzip', 'CF-Cache-Status': 'DYNAMIC', 'Report-To': '{"endpoints":[{"url":"https:\\/\\/a.nel.cloudflare.com\\/report\\/v4?s=s0V8%2Fq%2Fin95AYIbNrw3RAGDcDx6a3C4BVAmDjCXPedCXOfkh8EltRhsUQAn8l00m%2BWBb3Md%2F3l6VLmcaPL%2BpHrXXnt5BEm4gRYTHB7xXk6N4sAXYWPc1FJFJTcRCXy%2BL"}],"group":"cf-nel","max_age":604800}', 'NEL': '{"success_fraction":0,"report_to":"cf-nel","max_age":604800}', 'Server': 'cloudflare', 'CF-RAY': '8add70e05a1107fb-IAD', 'alt-svc': 'h3=":443"; ma=86400'} 
 body={"results":[{"gender":"female","name":{"title":"Miss","first":"Emmi","last":"Wirtanen"},"location":{"street":{"number":9554,"name":"Aleksanterinkatu"},"city":"Kuhmoinen","state":"Finland Proper","country":"Finland","postcode":82584,"coordinates":{"latitude":"-29.7265","longitude":"134.7124"},"timezone":{"offset":"+5:00","description":"Ekaterinburg, Islamabad, Karachi, Tashkent"}},"email":"emmi.wirtanen@example.com","login":{"uuid":"3f4af052-cd74-4077-b85b-60b0c82fe549","username":"silvergoose146","password":"felix1","salt":"ZBqbDC8F","md5":"6e004cd04102ea7163503190af95f0cd","sha1":"bf07f421fd914c7eaecaada389ce9d12bfbdb9fa","sha256":"cd8ace718719173259d35de7f80a96a73881b1cb9648a43b29042997f483bf59"},"dob":{"date":"1986-06-29T01:13:39.285Z","age":38},"registered":{"date":"2002-07-23T18:50:49.411Z","age":22},"phone":"06-198-335","cell":"043-045-95-48","id":{"name":"HETU","value":"NaNNA712undefined"},"picture":{"large":"https://randomuser.me/api/portraits/women/75.jpg","medium":"https://randomuser.me/api/portraits/med/women/75.jpg","thumbnail":"https://randomuser.me/api/portraits/thumb/women/75.jpg"},"nat":"FI"}],"info":{"seed":"ed18950700f4c0b1","results":1,"page":1,"version":"1.4"}} 
 </msg>
<msg time="2024-08-04T09:15:05.756038" level="INFO">/opt/hostedtoolcache/Python/3.12.4/x64/lib/python3.12/site-packages/urllib3/connectionpool.py:1099: InsecureRequestWarning: Unverified HTTPS request is being made to host 'randomuser.me'. Adding certificate verification is strongly advised. See: https://urllib3.readthedocs.io/en/latest/advanced-usage.html#tls-warnings
  warnings.warn(</msg>
<msg time="2024-08-04T09:15:05.756149" level="INFO">${response} = &lt;Response [200]&gt;</msg>
<var>${response}</var>
<arg>consultarAPI</arg>
<arg>/api</arg>
<doc>Sends a GET request on a previously created HTTP Session.</doc>
<status status="PASS" start="2024-08-04T09:15:05.657062" elapsed="0.099119"/>
</kw>
<kw name="Set Variable" owner="BuiltIn">
<msg time="2024-08-04T09:15:05.757103" level="INFO">${json_data} = {'results': [{'gender': 'female', 'name': {'title': 'Miss', 'first': 'Emmi', 'last': 'Wirtanen'}, 'location': {'street': {'number': 9554, 'name': 'Aleksanterinkatu'}, 'city': 'Kuhmoinen', 'state': 'Fi...</msg>
<var>${json_data}</var>
<arg>${response.json()}</arg>
<doc>Returns the given values which can then be assigned to a variables.</doc>
<status status="PASS" start="2024-08-04T09:15:05.756631" elapsed="0.000501"/>
</kw>
<kw name="Set Variable" owner="BuiltIn">
<msg time="2024-08-04T09:15:05.757816" level="INFO">${name_title} = Miss</msg>
<var>${name_title}</var>
<arg>${json_data["results"][0]["name"]["title"]}</arg>
<doc>Returns the given values which can then be assigned to a variables.</doc>
<status status="PASS" start="2024-08-04T09:15:05.757435" elapsed="0.000407"/>
</kw>
<kw name="Create List" owner="BuiltIn">
<msg time="2024-08-04T09:15:05.758286" level="INFO">${allowed_titles} = ['Mr', 'Ms', 'Miss', 'Mrs', 'Madame', 'Monsieur']</msg>
<var>${allowed_titles}</var>
<arg>Mr</arg>
<arg>Ms</arg>
<arg>Miss</arg>
<arg>Mrs</arg>
<arg>Madame</arg>
<arg>Monsieur</arg>
<doc>Returns a list containing given items.</doc>
<status status="PASS" start="2024-08-04T09:15:05.758137" elapsed="0.000173"/>
</kw>
<kw name="List Should Contain Value" owner="Collections">
<arg>${allowed_titles}</arg>
<arg>${name_title}</arg>
<doc>Fails if the ``value`` is not found from ``list``.</doc>
<status status="PASS" start="2024-08-04T09:15:05.758605" elapsed="0.000180"/>
</kw>
<kw name="Set Variable" owner="BuiltIn">
<msg time="2024-08-04T09:15:05.759367" level="INFO">${name_country} = FI</msg>
<var>${name_country}</var>
<arg>${json_data["results"][0]["nat"]}</arg>
<doc>Returns the given values which can then be assigned to a variables.</doc>
<status status="PASS" start="2024-08-04T09:15:05.758966" elapsed="0.000430"/>
</kw>
<kw name="Create List" owner="BuiltIn">
<msg time="2024-08-04T09:15:05.760279" level="INFO">${list_country} = ['AD', 'AE', 'AF', 'AG', 'AI', 'AL', 'AM', 'AO', 'AQ', 'AR', 'AS', 'AT', 'AU', 'AW', 'AX', 'AZ', 'BA', 'BB', 'BD', 'BE', 'BF', 'BG', 'BH', 'BI', 'BJ', 'BL', 'BM', 'BN', 'BO', 'BQ', 'BR', 'BS', 'BT', '...</msg>
<var>${list_country}</var>
<arg>AD</arg>
<arg>AE</arg>
<arg>AF</arg>
<arg>AG</arg>
<arg>AI</arg>
<arg>AL</arg>
<arg>AM</arg>
<arg>AO</arg>
<arg>AQ</arg>
<arg>AR</arg>
<arg>AS</arg>
<arg>AT</arg>
<arg>AU</arg>
<arg>AW</arg>
<arg>AX</arg>
<arg>AZ</arg>
<arg>BA</arg>
<arg>BB</arg>
<arg>BD</arg>
<arg>BE</arg>
<arg>BF</arg>
<arg>BG</arg>
<arg>BH</arg>
<arg>BI</arg>
<arg>BJ</arg>
<arg>BL</arg>
<arg>BM</arg>
<arg>BN</arg>
<arg>BO</arg>
<arg>BQ</arg>
<arg>BR</arg>
<arg>BS</arg>
<arg>BT</arg>
<arg>BV</arg>
<arg>BW</arg>
<arg>BY</arg>
<arg>BZ</arg>
<arg>CA</arg>
<arg>CC</arg>
<arg>CD</arg>
<arg>CF</arg>
<arg>CG</arg>
<arg>CH</arg>
<arg>CI</arg>
<arg>CK</arg>
<arg>CL</arg>
<arg>CM</arg>
<arg>CN</arg>
<arg>CO</arg>
<arg>CR</arg>
<arg>CU</arg>
<arg>CV</arg>
<arg>CW</arg>
<arg>CX</arg>
<arg>CY</arg>
<arg>CZ</arg>
<arg>DE</arg>
<arg>DJ</arg>
<arg>DK</arg>
<arg>DM</arg>
<arg>DO</arg>
<arg>DZ</arg>
<arg>EC</arg>
<arg>EE</arg>
<arg>EG</arg>
<arg>EH</arg>
<arg>ER</arg>
<arg>ES</arg>
<arg>ET</arg>
<arg>FI</arg>
<arg>FJ</arg>
<arg>FK</arg>
<arg>FM</arg>
<arg>FO</arg>
<arg>FR</arg>
<arg>GA</arg>
<arg>GB</arg>
<arg>GD</arg>
<arg>GE</arg>
<arg>GF</arg>
<arg>GG</arg>
<arg>GH</arg>
<arg>GI</arg>
<arg>GL</arg>
<arg>GM</arg>
<arg>GN</arg>
<arg>GP</arg>
<arg>GQ</arg>
<arg>GR</arg>
<arg>GS</arg>
<arg>GT</arg>
<arg>GU</arg>
<arg>GW</arg>
<arg>GY</arg>
<arg>HK</arg>
<arg>HM</arg>
<arg>HN</arg>
<arg>HR</arg>
<arg>HT</arg>
<arg>HU</arg>
<arg>ID</arg>
<arg>IE</arg>
<arg>IL</arg>
<arg>IM</arg>
<arg>IN</arg>
<arg>IO</arg>
<arg>IQ</arg>
<arg>IR</arg>
<arg>IS</arg>
<arg>IT</arg>
<arg>JE</arg>
<arg>JM</arg>
<arg>JO</arg>
<arg>JP</arg>
<arg>KE</arg>
<arg>KG</arg>
<arg>KH</arg>
<arg>KI</arg>
<arg>KM</arg>
<arg>KN</arg>
<arg>KP</arg>
<arg>KR</arg>
<arg>KW</arg>
<arg>KY</arg>
<arg>KZ</arg>
<arg>LA</arg>
<arg>LB</arg>
<arg>LC</arg>
<arg>LI</arg>
<arg>LK</arg>
<arg>LR</arg>
<arg>LS</arg>
<arg>LT</arg>
<arg>LU</arg>
<arg>LV</arg>
<arg>LY</arg>
<arg>MA</arg>
<arg>MC</arg>
<arg>MD</arg>
<arg>ME</arg>
<arg>MF</arg>
<arg>MG</arg>
<arg>MH</arg>
<arg>MK</arg>
<arg>ML</arg>
<arg>MM</arg>
<arg>MN</arg>
<arg>MO</arg>
<arg>MP</arg>
<arg>MQ</arg>
<arg>MR</arg>
<arg>MS</arg>
<arg>MT</arg>
<arg>MU</arg>
<arg>MV</arg>
<arg>MW</arg>
<arg>MX</arg>
<arg>MY</arg>
<arg>MZ</arg>
<arg>NA</arg>
<arg>NC</arg>
<arg>NE</arg>
<arg>NF</arg>
<arg>NG</arg>
<arg>NI</arg>
<arg>NL</arg>
<arg>NO</arg>
<arg>NP</arg>
<arg>NR</arg>
<arg>NU</arg>
<arg>NZ</arg>
<arg>OM</arg>
<arg>PA</arg>
<arg>PE</arg>
<arg>PF</arg>
<arg>PG</arg>
<arg>PH</arg>
<arg>PK</arg>
<arg>PL</arg>
<arg>PM</arg>
<arg>PN</arg>
<arg>PR</arg>
<arg>PS</arg>
<arg>PT</arg>
<arg>PW</arg>
<arg>PY</arg>
<arg>QA</arg>
<arg>RE</arg>
<arg>RO</arg>
<arg>RS</arg>
<arg>RU</arg>
<arg>RW</arg>
<arg>SA</arg>
<arg>SB</arg>
<arg>SC</arg>
<arg>SD</arg>
<arg>SE</arg>
<arg>SG</arg>
<arg>SH</arg>
<arg>SI</arg>
<arg>SJ</arg>
<arg>SK</arg>
<arg>SL</arg>
<arg>SM</arg>
<arg>SN</arg>
<arg>SO</arg>
<arg>SR</arg>
<arg>SS</arg>
<arg>ST</arg>
<arg>SV</arg>
<arg>SX</arg>
<arg>SY</arg>
<arg>SZ</arg>
<arg>TC</arg>
<arg>TD</arg>
<arg>TF</arg>
<arg>TG</arg>
<arg>TH</arg>
<arg>TJ</arg>
<arg>TK</arg>
<arg>TL</arg>
<arg>TM</arg>
<arg>TN</arg>
<arg>TO</arg>
<arg>TR</arg>
<arg>TT</arg>
<arg>TV</arg>
<arg>TW</arg>
<arg>TZ</arg>
<arg>UA</arg>
<arg>UG</arg>
<arg>UM</arg>
<arg>US</arg>
<arg>UY</arg>
<arg>UZ</arg>
<arg>VA</arg>
<arg>VC</arg>
<arg>VE</arg>
<arg>VG</arg>
<arg>VI</arg>
<arg>VN</arg>
<arg>VU</arg>
<arg>WF</arg>
<arg>WS</arg>
<arg>XK</arg>
<arg>YE</arg>
<arg>YT</arg>
<arg>ZA</arg>
<arg>ZM</arg>
<arg>ZW</arg>
<doc>Returns a list containing given items.</doc>
<status status="PASS" start="2024-08-04T09:15:05.759687" elapsed="0.000619"/>
</kw>
<kw name="List Should Contain Value" owner="Collections">
<arg>${list_country}</arg>
<arg>${name_country}</arg>
<doc>Fails if the ``value`` is not found from ``list``.</doc>
<status status="PASS" start="2024-08-04T09:15:05.761226" elapsed="0.000207"/>
</kw>
<kw name="Run Keyword If" owner="BuiltIn">
<kw name="Should Be True" owner="BuiltIn">
<arg>${True}</arg>
<doc>Fails if the given condition is not true.</doc>
<status status="PASS" start="2024-08-04T09:15:05.762367" elapsed="0.000144"/>
</kw>
<arg>${json_data["results"][0]["location"]["coordinates"]["latitude"]} &gt;= -90 and ${json_data["results"][0]["location"]["coordinates"]["latitude"]} &lt;= 90</arg>
<arg>Should Be True</arg>
<arg>${True}</arg>
<doc>Runs the given keyword with the given arguments, if ``condition`` is true.</doc>
<status status="PASS" start="2024-08-04T09:15:05.761629" elapsed="0.001010"/>
</kw>
<kw name="Run Keyword If" owner="BuiltIn">
<kw name="Should Be True" owner="BuiltIn">
<arg>${True}</arg>
<doc>Fails if the given condition is not true.</doc>
<status status="PASS" start="2024-08-04T09:15:05.763538" elapsed="0.000137"/>
</kw>
<arg>${json_data["results"][0]["location"]["coordinates"]["longitude"]} &gt;= -180 and ${json_data["results"][0]["location"]["coordinates"]["longitude"]} &lt;= 180</arg>
<arg>Should Be True</arg>
<arg>${True}</arg>
<doc>Runs the given keyword with the given arguments, if ``condition`` is true.</doc>
<status status="PASS" start="2024-08-04T09:15:05.762820" elapsed="0.000979"/>
</kw>
<status status="PASS" start="2024-08-04T09:15:05.656849" elapsed="0.107075"/>
</kw>
<doc>Testa o conteúdo específico dos campos retornados pela API.</doc>
<tag>testeConteudo</tag>
<status status="PASS" start="2024-08-04T09:15:05.656430" elapsed="0.107634"/>
</test>
<status status="PASS" start="2024-08-04T09:15:04.704240" elapsed="1.061652"/>
</suite>
<status status="PASS" start="2024-08-04T09:15:04.690064" elapsed="1.080779"/>
</suite>
<statistics>
<total>
<stat pass="5" fail="0" skip="0">All Tests</stat>
</total>
<tag>
<stat pass="1" fail="0" skip="0">testeConteudo</stat>
<stat pass="1" fail="0" skip="0">testeEstruturaResposta</stat>
<stat pass="1" fail="0" skip="0">testeRequisicaoBasica</stat>
<stat pass="1" fail="0" skip="0">testeTiposDados</stat>
</tag>
<suite>
<stat pass="5" fail="0" skip="0" id="s1" name="Tests">Tests</stat>
<stat pass="5" fail="0" skip="0" id="s1-s1" name="Random-User-Test">Tests.Random-User-Test</stat>
</suite>
</statistics>
<errors>
</errors>
</robot>
