<?xml version="1.0" encoding="UTF-8"?>
<robot generator="Robot 7.0.1 (Python 3.12.4 on linux)" generated="2024-06-22T16:18:58.839629" rpa="false" schemaversion="5">
<suite id="s1" name="Tests" source="/home/runner/work/ApiRandomUser/ApiRandomUser/RamdonUser/tests">
<suite id="s1-s1" name="Random-User-Test" source="/home/runner/work/ApiRandomUser/ApiRandomUser/RamdonUser/tests/random-user-test.robot">
<test id="s1-s1-t1" name="Conectar" line="13">
<kw name="Conectar API" owner="random-user-service">
<kw name="Create Session" owner="RequestsLibrary">
<msg time="2024-06-22T16:18:59.246501" level="INFO">Creating Session using : alias=consultarAPI, url=https://randomuser.me/, headers={},                     cookies={}, auth=None, timeout=None, proxies=None, verify=False,                     debug=0 </msg>
<arg>consultarAPI</arg>
<arg>${URL}</arg>
<doc>Create Session: create a HTTP session to a server</doc>
<status status="PASS" start="2024-06-22T16:18:59.246297" elapsed="0.000373"/>
</kw>
<status status="PASS" start="2024-06-22T16:18:59.245277" elapsed="0.001747"/>
</kw>
<status status="PASS" start="2024-06-22T16:18:59.244652" elapsed="0.002562"/>
</test>
<test id="s1-s1-t2" name="Validar retorno 200 e JSON Válido" line="16">
<kw name="Teste de Requisicao Basica" owner="random-user-service">
<kw name="GET On Session" owner="RequestsLibrary">
<msg time="2024-06-22T16:18:59.408307" level="INFO">GET Request : url=https://randomuser.me/api 
 path_url=/api 
 headers={'User-Agent': 'python-requests/2.32.3', 'Accept-Encoding': 'gzip, deflate', 'Accept': '*/*', 'Connection': 'keep-alive'} 
 body=None 
 </msg>
<msg time="2024-06-22T16:18:59.408486" level="INFO">GET Response : url=https://randomuser.me/api 
 status=200, reason=OK 
 headers={'Date': 'Sat, 22 Jun 2024 16:18:59 GMT', 'Content-Type': 'application/json; charset=utf-8', 'Transfer-Encoding': 'chunked', 'Connection': 'keep-alive', 'X-Powered-By': 'Express', 'Access-Control-Allow-Origin': '*', 'Cache-Control': 'no-cache', 'ETag': 'W/"4a1-m3lzKatOEZxrowogNH9YO80UnnY"', 'Vary': 'Accept-Encoding', 'Content-Encoding': 'gzip', 'CF-Cache-Status': 'DYNAMIC', 'Report-To': '{"endpoints":[{"url":"https:\\/\\/a.nel.cloudflare.com\\/report\\/v4?s=wIZhSnScIAEsnU0p5RzLM0ruv%2BCdmYO8aW50V2AUStiEqprGI%2Fwm0TcWilDjedfym3%2B72pOdhlvku1w6YTuwDglRsNV3yXUnS74i9CpN10S5Jvx3DL1cyHCYNVkRoPlr"}],"group":"cf-nel","max_age":604800}', 'NEL': '{"success_fraction":0,"report_to":"cf-nel","max_age":604800}', 'Server': 'cloudflare', 'CF-RAY': '897d8eb11c195842-IAD', 'alt-svc': 'h3=":443"; ma=86400'} 
 body={"results":[{"gender":"male","name":{"title":"Mr","first":"Hans-Georg","last":"Knab"},"location":{"street":{"number":3071,"name":"Mozartstraße"},"city":"Stolberg (Rheinland)","state":"Niedersachsen","country":"Germany","postcode":52130,"coordinates":{"latitude":"-48.3028","longitude":"-13.9922"},"timezone":{"offset":"-8:00","description":"Pacific Time (US &amp; Canada)"}},"email":"hans-georg.knab@example.com","login":{"uuid":"6724ad87-5035-468b-a9f8-5daaeb5c958e","username":"whiteleopard401","password":"mountain","salt":"vdnvzGRi","md5":"5626986d4e142d947ba564bb3c53177a","sha1":"40265b5bbfe3e04aeff50e7da01c27f588b2e4cf","sha256":"04cf5ae3cb57e1f093b74bada1bd9430e9566caaca0f129b4573bd3f3ad3ecb9"},"dob":{"date":"1991-07-13T07:47:49.407Z","age":32},"registered":{"date":"2015-11-05T18:14:12.559Z","age":8},"phone":"0973-7635978","cell":"0179-2449589","id":{"name":"SVNR","value":"17 130791 K 362"},"picture":{"large":"https://randomuser.me/api/portraits/men/66.jpg","medium":"https://randomuser.me/api/portraits/med/men/66.jpg","thumbnail":"https://randomuser.me/api/portraits/thumb/men/66.jpg"},"nat":"DE"}],"info":{"seed":"59262f0a958c08e7","results":1,"page":1,"version":"1.4"}} 
 </msg>
<msg time="2024-06-22T16:18:59.408578" level="INFO">/opt/hostedtoolcache/Python/3.12.4/x64/lib/python3.12/site-packages/urllib3/connectionpool.py:1099: InsecureRequestWarning: Unverified HTTPS request is being made to host 'randomuser.me'. Adding certificate verification is strongly advised. See: https://urllib3.readthedocs.io/en/latest/advanced-usage.html#tls-warnings
  warnings.warn(</msg>
<msg time="2024-06-22T16:18:59.408744" level="INFO">${response} = &lt;Response [200]&gt;</msg>
<var>${response}</var>
<arg>consultarAPI</arg>
<arg>/api</arg>
<doc>Sends a GET request on a previously created HTTP Session.</doc>
<status status="PASS" start="2024-06-22T16:18:59.249911" elapsed="0.158882"/>
</kw>
<kw name="Should Be Equal As Numbers" owner="BuiltIn">
<msg time="2024-06-22T16:18:59.409900" level="INFO">Argument types are:
&lt;class 'int'&gt;
&lt;class 'str'&gt;</msg>
<arg>${response.status_code}</arg>
<arg>200</arg>
<doc>Fails if objects are unequal after converting them to real numbers.</doc>
<status status="PASS" start="2024-06-22T16:18:59.409389" elapsed="0.000582"/>
</kw>
<kw name="Log" owner="BuiltIn">
<msg time="2024-06-22T16:18:59.410716" level="INFO">200</msg>
<arg>${response.status_code}</arg>
<doc>Logs the given message with the given level.</doc>
<status status="PASS" start="2024-06-22T16:18:59.410338" elapsed="0.000421"/>
</kw>
<kw name="Set Variable" owner="BuiltIn">
<msg time="2024-06-22T16:18:59.411543" level="INFO">${json_data} = {'results': [{'gender': 'male', 'name': {'title': 'Mr', 'first': 'Hans-Georg', 'last': 'Knab'}, 'location': {'street': {'number': 3071, 'name': 'Mozartstraße'}, 'city': 'Stolberg (Rheinland)', 'state'...</msg>
<var>${json_data}</var>
<arg>${response.json()}</arg>
<doc>Returns the given values which can then be assigned to a variables.</doc>
<status status="PASS" start="2024-06-22T16:18:59.411074" elapsed="0.000498"/>
</kw>
<kw name="Dictionary Should Contain Key" owner="Collections">
<arg>${json_data}</arg>
<arg>results</arg>
<doc>Fails if ``key`` is not found from ``dictionary``.</doc>
<status status="PASS" start="2024-06-22T16:18:59.411884" elapsed="0.000168"/>
</kw>
<status status="PASS" start="2024-06-22T16:18:59.249657" elapsed="0.162549"/>
</kw>
<doc>Testa se a API responde corretamente e retorna um objeto JSON válido.</doc>
<tag>testeRequisicaoBasica</tag>
<status status="PASS" start="2024-06-22T16:18:59.249075" elapsed="0.163312"/>
</test>
<test id="s1-s1-t3" name="Validar estrutura de resposta" line="22">
<kw name="Teste de Estrutura de Resposta" owner="random-user-service">
<kw name="GET On Session" owner="RequestsLibrary">
<msg time="2024-06-22T16:18:59.514572" level="INFO">GET Request : url=https://randomuser.me/api 
 path_url=/api 
 headers={'User-Agent': 'python-requests/2.32.3', 'Accept-Encoding': 'gzip, deflate', 'Accept': '*/*', 'Connection': 'keep-alive'} 
 body=None 
 </msg>
<msg time="2024-06-22T16:18:59.514650" level="INFO">GET Response : url=https://randomuser.me/api 
 status=200, reason=OK 
 headers={'Date': 'Sat, 22 Jun 2024 16:18:59 GMT', 'Content-Type': 'application/json; charset=utf-8', 'Transfer-Encoding': 'chunked', 'Connection': 'keep-alive', 'X-Powered-By': 'Express', 'Access-Control-Allow-Origin': '*', 'Cache-Control': 'no-cache', 'ETag': 'W/"4a8-C3C6qXxKdKePdYM4QlEmF255YmQ"', 'Vary': 'Accept-Encoding', 'Content-Encoding': 'gzip', 'CF-Cache-Status': 'DYNAMIC', 'Report-To': '{"endpoints":[{"url":"https:\\/\\/a.nel.cloudflare.com\\/report\\/v4?s=T%2B8sHSV9dGd5BA05gTkYdVrSfTnwp4dIULHRji3%2BZngSf%2FFEMsRqzidVeSiEh7l0kLdXALU6NHWaRUzS%2F2jG0ce3S1GieIiiBkmF53KVsnLUlpajEUoXs7jxWzq7lq4h"}],"group":"cf-nel","max_age":604800}', 'NEL': '{"success_fraction":0,"report_to":"cf-nel","max_age":604800}', 'Server': 'cloudflare', 'CF-RAY': '897d8eb15c555842-IAD', 'alt-svc': 'h3=":443"; ma=86400'} 
 body={"results":[{"gender":"female","name":{"title":"Mrs","first":"Luize","last":"Campos"},"location":{"street":{"number":7248,"name":"Rua São João "},"city":"Uberaba","state":"Espírito Santo","country":"Brazil","postcode":28285,"coordinates":{"latitude":"-72.9970","longitude":"0.9108"},"timezone":{"offset":"+3:00","description":"Baghdad, Riyadh, Moscow, St. Petersburg"}},"email":"luize.campos@example.com","login":{"uuid":"9178bce4-365b-4675-b78f-6a9cb2e1ea7d","username":"yellowgorilla684","password":"liverpoo","salt":"xwQACwmB","md5":"a14d509f4f71b9d391b80e59b95122a1","sha1":"c8763eccc0f55c663b82e5a1b7a8d669bb2cf776","sha256":"d971c9f3c337dd212c1df7434bad5fe551046c826fc19d27ca6c5256d1ab4f45"},"dob":{"date":"1979-11-20T22:37:57.818Z","age":44},"registered":{"date":"2018-02-26T17:03:18.433Z","age":6},"phone":"(19) 1964-8369","cell":"(05) 1571-8607","id":{"name":"CPF","value":"767.093.829-12"},"picture":{"large":"https://randomuser.me/api/portraits/women/68.jpg","medium":"https://randomuser.me/api/portraits/med/women/68.jpg","thumbnail":"https://randomuser.me/api/portraits/thumb/women/68.jpg"},"nat":"BR"}],"info":{"seed":"1fe4a429d689bbd0","results":1,"page":1,"version":"1.4"}} 
 </msg>
<msg time="2024-06-22T16:18:59.514753" level="INFO">/opt/hostedtoolcache/Python/3.12.4/x64/lib/python3.12/site-packages/urllib3/connectionpool.py:1099: InsecureRequestWarning: Unverified HTTPS request is being made to host 'randomuser.me'. Adding certificate verification is strongly advised. See: https://urllib3.readthedocs.io/en/latest/advanced-usage.html#tls-warnings
  warnings.warn(</msg>
<msg time="2024-06-22T16:18:59.514870" level="INFO">${response} = &lt;Response [200]&gt;</msg>
<var>${response}</var>
<arg>consultarAPI</arg>
<arg>/api</arg>
<doc>Sends a GET request on a previously created HTTP Session.</doc>
<status status="PASS" start="2024-06-22T16:18:59.415137" elapsed="0.099776"/>
</kw>
<kw name="Set Variable" owner="BuiltIn">
<msg time="2024-06-22T16:18:59.515741" level="INFO">${json_data} = {'results': [{'gender': 'female', 'name': {'title': 'Mrs', 'first': 'Luize', 'last': 'Campos'}, 'location': {'street': {'number': 7248, 'name': 'Rua São João '}, 'city': 'Uberaba', 'state': 'Espírito ...</msg>
<var>${json_data}</var>
<arg>${response.json()}</arg>
<doc>Returns the given values which can then be assigned to a variables.</doc>
<status status="PASS" start="2024-06-22T16:18:59.515287" elapsed="0.000484"/>
</kw>
<kw name="Log" owner="BuiltIn">
<msg time="2024-06-22T16:18:59.516232" level="INFO">{'results': [{'gender': 'female', 'name': {'title': 'Mrs', 'first': 'Luize', 'last': 'Campos'}, 'location': {'street': {'number': 7248, 'name': 'Rua São João '}, 'city': 'Uberaba', 'state': 'Espírito Santo', 'country': 'Brazil', 'postcode': 28285, 'coordinates': {'latitude': '-72.9970', 'longitude': '0.9108'}, 'timezone': {'offset': '+3:00', 'description': 'Baghdad, Riyadh, Moscow, St. Petersburg'}}, 'email': 'luize.campos@example.com', 'login': {'uuid': '9178bce4-365b-4675-b78f-6a9cb2e1ea7d', 'username': 'yellowgorilla684', 'password': 'liverpoo', 'salt': 'xwQACwmB', 'md5': 'a14d509f4f71b9d391b80e59b95122a1', 'sha1': 'c8763eccc0f55c663b82e5a1b7a8d669bb2cf776', 'sha256': 'd971c9f3c337dd212c1df7434bad5fe551046c826fc19d27ca6c5256d1ab4f45'}, 'dob': {'date': '1979-11-20T22:37:57.818Z', 'age': 44}, 'registered': {'date': '2018-02-26T17:03:18.433Z', 'age': 6}, 'phone': '(19) 1964-8369', 'cell': '(05) 1571-8607', 'id': {'name': 'CPF', 'value': '767.093.829-12'}, 'picture': {'large': 'https://randomuser.me/api/portraits/women/68.jpg', 'medium': 'https://randomuser.me/api/portraits/med/women/68.jpg', 'thumbnail': 'https://randomuser.me/api/portraits/thumb/women/68.jpg'}, 'nat': 'BR'}], 'info': {'seed': '1fe4a429d689bbd0', 'results': 1, 'page': 1, 'version': '1.4'}}</msg>
<arg>${json_data}</arg>
<doc>Logs the given message with the given level.</doc>
<status status="PASS" start="2024-06-22T16:18:59.516076" elapsed="0.000210"/>
</kw>
<kw name="Dictionary Should Contain Key" owner="Collections">
<arg>${json_data}</arg>
<arg>results</arg>
<doc>Fails if ``key`` is not found from ``dictionary``.</doc>
<status status="PASS" start="2024-06-22T16:18:59.516578" elapsed="0.000160"/>
</kw>
<kw name="Should Not Be Empty" owner="BuiltIn">
<msg time="2024-06-22T16:18:59.517044" level="INFO">Length is 2.</msg>
<arg>${json_data}</arg>
<doc>Verifies that the given item is not empty.</doc>
<status status="PASS" start="2024-06-22T16:18:59.516921" elapsed="0.000161"/>
</kw>
<kw name="Create List" owner="BuiltIn">
<msg time="2024-06-22T16:18:59.517714" level="INFO">${expected_keys} = ['gender', 'name', 'location', 'email', 'login']</msg>
<var>${expected_keys}</var>
<arg>gender</arg>
<arg>name</arg>
<arg>location</arg>
<arg>email</arg>
<arg>login</arg>
<doc>Returns a list containing given items.</doc>
<status status="PASS" start="2024-06-22T16:18:59.517368" elapsed="0.000373"/>
</kw>
<for flavor="IN">
<iter>
<kw name="Dictionary Should Contain Key" owner="Collections">
<arg>${json_data['results'][0]}</arg>
<arg>${key}</arg>
<doc>Fails if ``key`` is not found from ``dictionary``.</doc>
<status status="PASS" start="2024-06-22T16:18:59.518333" elapsed="0.000403"/>
</kw>
<kw name="Log" owner="BuiltIn">
<msg time="2024-06-22T16:18:59.519276" level="INFO">{'gender': 'female', 'name': {'title': 'Mrs', 'first': 'Luize', 'last': 'Campos'}, 'location': {'street': {'number': 7248, 'name': 'Rua São João '}, 'city': 'Uberaba', 'state': 'Espírito Santo', 'country': 'Brazil', 'postcode': 28285, 'coordinates': {'latitude': '-72.9970', 'longitude': '0.9108'}, 'timezone': {'offset': '+3:00', 'description': 'Baghdad, Riyadh, Moscow, St. Petersburg'}}, 'email': 'luize.campos@example.com', 'login': {'uuid': '9178bce4-365b-4675-b78f-6a9cb2e1ea7d', 'username': 'yellowgorilla684', 'password': 'liverpoo', 'salt': 'xwQACwmB', 'md5': 'a14d509f4f71b9d391b80e59b95122a1', 'sha1': 'c8763eccc0f55c663b82e5a1b7a8d669bb2cf776', 'sha256': 'd971c9f3c337dd212c1df7434bad5fe551046c826fc19d27ca6c5256d1ab4f45'}, 'dob': {'date': '1979-11-20T22:37:57.818Z', 'age': 44}, 'registered': {'date': '2018-02-26T17:03:18.433Z', 'age': 6}, 'phone': '(19) 1964-8369', 'cell': '(05) 1571-8607', 'id': {'name': 'CPF', 'value': '767.093.829-12'}, 'picture': {'large': 'https://randomuser.me/api/portraits/women/68.jpg', 'medium': 'https://randomuser.me/api/portraits/med/women/68.jpg', 'thumbnail': 'https://randomuser.me/api/portraits/thumb/women/68.jpg'}, 'nat': 'BR'}</msg>
<arg>${json_data['results'][0]}</arg>
<doc>Logs the given message with the given level.</doc>
<status status="PASS" start="2024-06-22T16:18:59.518921" elapsed="0.000405"/>
</kw>
<kw name="Log" owner="BuiltIn">
<msg time="2024-06-22T16:18:59.519755" level="INFO">gender</msg>
<arg>${key}</arg>
<doc>Logs the given message with the given level.</doc>
<status status="PASS" start="2024-06-22T16:18:59.519628" elapsed="0.000165"/>
</kw>
<var name="${key}">gender</var>
<status status="PASS" start="2024-06-22T16:18:59.518204" elapsed="0.001802"/>
</iter>
<iter>
<kw name="Dictionary Should Contain Key" owner="Collections">
<arg>${json_data['results'][0]}</arg>
<arg>${key}</arg>
<doc>Fails if ``key`` is not found from ``dictionary``.</doc>
<status status="PASS" start="2024-06-22T16:18:59.520297" elapsed="0.000390"/>
</kw>
<kw name="Log" owner="BuiltIn">
<msg time="2024-06-22T16:18:59.521276" level="INFO">{'gender': 'female', 'name': {'title': 'Mrs', 'first': 'Luize', 'last': 'Campos'}, 'location': {'street': {'number': 7248, 'name': 'Rua São João '}, 'city': 'Uberaba', 'state': 'Espírito Santo', 'country': 'Brazil', 'postcode': 28285, 'coordinates': {'latitude': '-72.9970', 'longitude': '0.9108'}, 'timezone': {'offset': '+3:00', 'description': 'Baghdad, Riyadh, Moscow, St. Petersburg'}}, 'email': 'luize.campos@example.com', 'login': {'uuid': '9178bce4-365b-4675-b78f-6a9cb2e1ea7d', 'username': 'yellowgorilla684', 'password': 'liverpoo', 'salt': 'xwQACwmB', 'md5': 'a14d509f4f71b9d391b80e59b95122a1', 'sha1': 'c8763eccc0f55c663b82e5a1b7a8d669bb2cf776', 'sha256': 'd971c9f3c337dd212c1df7434bad5fe551046c826fc19d27ca6c5256d1ab4f45'}, 'dob': {'date': '1979-11-20T22:37:57.818Z', 'age': 44}, 'registered': {'date': '2018-02-26T17:03:18.433Z', 'age': 6}, 'phone': '(19) 1964-8369', 'cell': '(05) 1571-8607', 'id': {'name': 'CPF', 'value': '767.093.829-12'}, 'picture': {'large': 'https://randomuser.me/api/portraits/women/68.jpg', 'medium': 'https://randomuser.me/api/portraits/med/women/68.jpg', 'thumbnail': 'https://randomuser.me/api/portraits/thumb/women/68.jpg'}, 'nat': 'BR'}</msg>
<arg>${json_data['results'][0]}</arg>
<doc>Logs the given message with the given level.</doc>
<status status="PASS" start="2024-06-22T16:18:59.520911" elapsed="0.000417"/>
</kw>
<kw name="Log" owner="BuiltIn">
<msg time="2024-06-22T16:18:59.521793" level="INFO">name</msg>
<arg>${key}</arg>
<doc>Logs the given message with the given level.</doc>
<status status="PASS" start="2024-06-22T16:18:59.521649" elapsed="0.000196"/>
</kw>
<var name="${key}">name</var>
<status status="PASS" start="2024-06-22T16:18:59.520188" elapsed="0.001888"/>
</iter>
<iter>
<kw name="Dictionary Should Contain Key" owner="Collections">
<arg>${json_data['results'][0]}</arg>
<arg>${key}</arg>
<doc>Fails if ``key`` is not found from ``dictionary``.</doc>
<status status="PASS" start="2024-06-22T16:18:59.522365" elapsed="0.000388"/>
</kw>
<kw name="Log" owner="BuiltIn">
<msg time="2024-06-22T16:18:59.523292" level="INFO">{'gender': 'female', 'name': {'title': 'Mrs', 'first': 'Luize', 'last': 'Campos'}, 'location': {'street': {'number': 7248, 'name': 'Rua São João '}, 'city': 'Uberaba', 'state': 'Espírito Santo', 'country': 'Brazil', 'postcode': 28285, 'coordinates': {'latitude': '-72.9970', 'longitude': '0.9108'}, 'timezone': {'offset': '+3:00', 'description': 'Baghdad, Riyadh, Moscow, St. Petersburg'}}, 'email': 'luize.campos@example.com', 'login': {'uuid': '9178bce4-365b-4675-b78f-6a9cb2e1ea7d', 'username': 'yellowgorilla684', 'password': 'liverpoo', 'salt': 'xwQACwmB', 'md5': 'a14d509f4f71b9d391b80e59b95122a1', 'sha1': 'c8763eccc0f55c663b82e5a1b7a8d669bb2cf776', 'sha256': 'd971c9f3c337dd212c1df7434bad5fe551046c826fc19d27ca6c5256d1ab4f45'}, 'dob': {'date': '1979-11-20T22:37:57.818Z', 'age': 44}, 'registered': {'date': '2018-02-26T17:03:18.433Z', 'age': 6}, 'phone': '(19) 1964-8369', 'cell': '(05) 1571-8607', 'id': {'name': 'CPF', 'value': '767.093.829-12'}, 'picture': {'large': 'https://randomuser.me/api/portraits/women/68.jpg', 'medium': 'https://randomuser.me/api/portraits/med/women/68.jpg', 'thumbnail': 'https://randomuser.me/api/portraits/thumb/women/68.jpg'}, 'nat': 'BR'}</msg>
<arg>${json_data['results'][0]}</arg>
<doc>Logs the given message with the given level.</doc>
<status status="PASS" start="2024-06-22T16:18:59.522936" elapsed="0.000409"/>
</kw>
<kw name="Log" owner="BuiltIn">
<msg time="2024-06-22T16:18:59.523760" level="INFO">location</msg>
<arg>${key}</arg>
<doc>Logs the given message with the given level.</doc>
<status status="PASS" start="2024-06-22T16:18:59.523635" elapsed="0.000162"/>
</kw>
<var name="${key}">location</var>
<status status="PASS" start="2024-06-22T16:18:59.522256" elapsed="0.001753"/>
</iter>
<iter>
<kw name="Dictionary Should Contain Key" owner="Collections">
<arg>${json_data['results'][0]}</arg>
<arg>${key}</arg>
<doc>Fails if ``key`` is not found from ``dictionary``.</doc>
<status status="PASS" start="2024-06-22T16:18:59.524281" elapsed="0.000383"/>
</kw>
<kw name="Log" owner="BuiltIn">
<msg time="2024-06-22T16:18:59.525203" level="INFO">{'gender': 'female', 'name': {'title': 'Mrs', 'first': 'Luize', 'last': 'Campos'}, 'location': {'street': {'number': 7248, 'name': 'Rua São João '}, 'city': 'Uberaba', 'state': 'Espírito Santo', 'country': 'Brazil', 'postcode': 28285, 'coordinates': {'latitude': '-72.9970', 'longitude': '0.9108'}, 'timezone': {'offset': '+3:00', 'description': 'Baghdad, Riyadh, Moscow, St. Petersburg'}}, 'email': 'luize.campos@example.com', 'login': {'uuid': '9178bce4-365b-4675-b78f-6a9cb2e1ea7d', 'username': 'yellowgorilla684', 'password': 'liverpoo', 'salt': 'xwQACwmB', 'md5': 'a14d509f4f71b9d391b80e59b95122a1', 'sha1': 'c8763eccc0f55c663b82e5a1b7a8d669bb2cf776', 'sha256': 'd971c9f3c337dd212c1df7434bad5fe551046c826fc19d27ca6c5256d1ab4f45'}, 'dob': {'date': '1979-11-20T22:37:57.818Z', 'age': 44}, 'registered': {'date': '2018-02-26T17:03:18.433Z', 'age': 6}, 'phone': '(19) 1964-8369', 'cell': '(05) 1571-8607', 'id': {'name': 'CPF', 'value': '767.093.829-12'}, 'picture': {'large': 'https://randomuser.me/api/portraits/women/68.jpg', 'medium': 'https://randomuser.me/api/portraits/med/women/68.jpg', 'thumbnail': 'https://randomuser.me/api/portraits/thumb/women/68.jpg'}, 'nat': 'BR'}</msg>
<arg>${json_data['results'][0]}</arg>
<doc>Logs the given message with the given level.</doc>
<status status="PASS" start="2024-06-22T16:18:59.524847" elapsed="0.000407"/>
</kw>
<kw name="Log" owner="BuiltIn">
<msg time="2024-06-22T16:18:59.525702" level="INFO">email</msg>
<arg>${key}</arg>
<doc>Logs the given message with the given level.</doc>
<status status="PASS" start="2024-06-22T16:18:59.525567" elapsed="0.000176"/>
</kw>
<var name="${key}">email</var>
<status status="PASS" start="2024-06-22T16:18:59.524176" elapsed="0.001782"/>
</iter>
<iter>
<kw name="Dictionary Should Contain Key" owner="Collections">
<arg>${json_data['results'][0]}</arg>
<arg>${key}</arg>
<doc>Fails if ``key`` is not found from ``dictionary``.</doc>
<status status="PASS" start="2024-06-22T16:18:59.526229" elapsed="0.000398"/>
</kw>
<kw name="Log" owner="BuiltIn">
<msg time="2024-06-22T16:18:59.527150" level="INFO">{'gender': 'female', 'name': {'title': 'Mrs', 'first': 'Luize', 'last': 'Campos'}, 'location': {'street': {'number': 7248, 'name': 'Rua São João '}, 'city': 'Uberaba', 'state': 'Espírito Santo', 'country': 'Brazil', 'postcode': 28285, 'coordinates': {'latitude': '-72.9970', 'longitude': '0.9108'}, 'timezone': {'offset': '+3:00', 'description': 'Baghdad, Riyadh, Moscow, St. Petersburg'}}, 'email': 'luize.campos@example.com', 'login': {'uuid': '9178bce4-365b-4675-b78f-6a9cb2e1ea7d', 'username': 'yellowgorilla684', 'password': 'liverpoo', 'salt': 'xwQACwmB', 'md5': 'a14d509f4f71b9d391b80e59b95122a1', 'sha1': 'c8763eccc0f55c663b82e5a1b7a8d669bb2cf776', 'sha256': 'd971c9f3c337dd212c1df7434bad5fe551046c826fc19d27ca6c5256d1ab4f45'}, 'dob': {'date': '1979-11-20T22:37:57.818Z', 'age': 44}, 'registered': {'date': '2018-02-26T17:03:18.433Z', 'age': 6}, 'phone': '(19) 1964-8369', 'cell': '(05) 1571-8607', 'id': {'name': 'CPF', 'value': '767.093.829-12'}, 'picture': {'large': 'https://randomuser.me/api/portraits/women/68.jpg', 'medium': 'https://randomuser.me/api/portraits/med/women/68.jpg', 'thumbnail': 'https://randomuser.me/api/portraits/thumb/women/68.jpg'}, 'nat': 'BR'}</msg>
<arg>${json_data['results'][0]}</arg>
<doc>Logs the given message with the given level.</doc>
<status status="PASS" start="2024-06-22T16:18:59.526806" elapsed="0.000393"/>
</kw>
<kw name="Log" owner="BuiltIn">
<msg time="2024-06-22T16:18:59.527622" level="INFO">login</msg>
<arg>${key}</arg>
<doc>Logs the given message with the given level.</doc>
<status status="PASS" start="2024-06-22T16:18:59.527492" elapsed="0.000167"/>
</kw>
<var name="${key}">login</var>
<status status="PASS" start="2024-06-22T16:18:59.526124" elapsed="0.001750"/>
</iter>
<var>${key}</var>
<value>@{expected_keys}</value>
<status status="PASS" start="2024-06-22T16:18:59.518010" elapsed="0.010008"/>
</for>
<kw name="Create List" owner="BuiltIn">
<msg time="2024-06-22T16:18:59.528352" level="INFO">${expected_keysTwo} = ['username', 'password']</msg>
<var>${expected_keysTwo}</var>
<arg>username</arg>
<arg>password</arg>
<doc>Returns a list containing given items.</doc>
<status status="PASS" start="2024-06-22T16:18:59.528217" elapsed="0.000159"/>
</kw>
<for flavor="IN">
<iter>
<kw name="Dictionary Should Contain Key" owner="Collections">
<arg>${json_data['results'][0]['login']}</arg>
<arg>${keyTwo}</arg>
<doc>Fails if ``key`` is not found from ``dictionary``.</doc>
<status status="PASS" start="2024-06-22T16:18:59.528865" elapsed="0.000382"/>
</kw>
<kw name="Dictionary Should Contain Key" owner="Collections">
<arg>${json_data['results'][0]['login']}</arg>
<arg>${keyTwo}</arg>
<doc>Fails if ``key`` is not found from ``dictionary``.</doc>
<status status="PASS" start="2024-06-22T16:18:59.529426" elapsed="0.000403"/>
</kw>
<kw name="Log" owner="BuiltIn">
<msg time="2024-06-22T16:18:59.530124" level="INFO">username</msg>
<arg>${keyTwo}</arg>
<doc>Logs the given message with the given level.</doc>
<status status="PASS" start="2024-06-22T16:18:59.530006" elapsed="0.000155"/>
</kw>
<var name="${keyTwo}">username</var>
<status status="PASS" start="2024-06-22T16:18:59.528761" elapsed="0.001628"/>
</iter>
<iter>
<kw name="Dictionary Should Contain Key" owner="Collections">
<arg>${json_data['results'][0]['login']}</arg>
<arg>${keyTwo}</arg>
<doc>Fails if ``key`` is not found from ``dictionary``.</doc>
<status status="PASS" start="2024-06-22T16:18:59.530660" elapsed="0.000370"/>
</kw>
<kw name="Dictionary Should Contain Key" owner="Collections">
<arg>${json_data['results'][0]['login']}</arg>
<arg>${keyTwo}</arg>
<doc>Fails if ``key`` is not found from ``dictionary``.</doc>
<status status="PASS" start="2024-06-22T16:18:59.531208" elapsed="0.000374"/>
</kw>
<kw name="Log" owner="BuiltIn">
<msg time="2024-06-22T16:18:59.531874" level="INFO">password</msg>
<arg>${keyTwo}</arg>
<doc>Logs the given message with the given level.</doc>
<status status="PASS" start="2024-06-22T16:18:59.531756" elapsed="0.000154"/>
</kw>
<var name="${keyTwo}">password</var>
<status status="PASS" start="2024-06-22T16:18:59.530557" elapsed="0.001659"/>
</iter>
<var>${keyTwo}</var>
<value>@{expected_keysTwo}</value>
<status status="PASS" start="2024-06-22T16:18:59.528609" elapsed="0.003724"/>
</for>
<status status="PASS" start="2024-06-22T16:18:59.414896" elapsed="0.117574"/>
</kw>
<doc>Testa a estrutura da resposta da API.</doc>
<tag>testeEstruturaResposta</tag>
<status status="PASS" start="2024-06-22T16:18:59.414288" elapsed="0.118326"/>
</test>
<test id="s1-s1-t4" name="Validar tipos de dados" line="28">
<kw name="Teste de Tipos de Dados" owner="random-user-service">
<kw name="GET On Session" owner="RequestsLibrary">
<msg time="2024-06-22T16:18:59.666451" level="INFO">GET Request : url=https://randomuser.me/api 
 path_url=/api 
 headers={'User-Agent': 'python-requests/2.32.3', 'Accept-Encoding': 'gzip, deflate', 'Accept': '*/*', 'Connection': 'keep-alive'} 
 body=None 
 </msg>
<msg time="2024-06-22T16:18:59.666536" level="INFO">GET Response : url=https://randomuser.me/api 
 status=200, reason=OK 
 headers={'Date': 'Sat, 22 Jun 2024 16:18:59 GMT', 'Content-Type': 'application/json; charset=utf-8', 'Transfer-Encoding': 'chunked', 'Connection': 'keep-alive', 'X-Powered-By': 'Express', 'Access-Control-Allow-Origin': '*', 'Cache-Control': 'no-cache', 'ETag': 'W/"494-D4GJZFP6MvQ/LobFsbY0CJdX5Ug"', 'Vary': 'Accept-Encoding', 'Content-Encoding': 'gzip', 'CF-Cache-Status': 'DYNAMIC', 'Report-To': '{"endpoints":[{"url":"https:\\/\\/a.nel.cloudflare.com\\/report\\/v4?s=otOPMfT7lqKcpiWXrI9YwppHq3tjpRdc7a%2FO85K2fETRc7IDU8dxEHwWz5mBWV%2BPvLPi6Tf0OzzqcUiWmQ3zjVh2TEQijnD8atNR7LNVjCxHhRdoMZttd3FSgSASl3%2Bv"}],"group":"cf-nel","max_age":604800}', 'NEL': '{"success_fraction":0,"report_to":"cf-nel","max_age":604800}', 'Server': 'cloudflare', 'CF-RAY': '897d8eb21d0c5842-IAD', 'alt-svc': 'h3=":443"; ma=86400'} 
 body={"results":[{"gender":"female","name":{"title":"Mrs","first":"Lorena","last":"Santiago"},"location":{"street":{"number":4978,"name":"Ronda de Toledo"},"city":"Pozuelo de Alarcón","state":"Navarra","country":"Spain","postcode":94971,"coordinates":{"latitude":"-38.4064","longitude":"100.1914"},"timezone":{"offset":"-1:00","description":"Azores, Cape Verde Islands"}},"email":"lorena.santiago@example.com","login":{"uuid":"8d667fbd-f44d-43b8-a060-4a8e5d5e2799","username":"angryfrog698","password":"gang","salt":"tt2nTGhb","md5":"dbf4acf085f4e6bf5f4be11ea7ef2475","sha1":"3edcafd3b833af3a799d2d69e3de426e7ba480d6","sha256":"e18ecfec3323cbb10d8d5da10e5bed2fde3708067538b11190caa84630af617a"},"dob":{"date":"1974-05-24T19:55:10.414Z","age":50},"registered":{"date":"2020-03-11T00:50:49.788Z","age":4},"phone":"983-914-657","cell":"611-289-375","id":{"name":"DNI","value":"24140161-T"},"picture":{"large":"https://randomuser.me/api/portraits/women/30.jpg","medium":"https://randomuser.me/api/portraits/med/women/30.jpg","thumbnail":"https://randomuser.me/api/portraits/thumb/women/30.jpg"},"nat":"ES"}],"info":{"seed":"2f1f25d61e98312d","results":1,"page":1,"version":"1.4"}} 
 </msg>
<msg time="2024-06-22T16:18:59.666610" level="INFO">/opt/hostedtoolcache/Python/3.12.4/x64/lib/python3.12/site-packages/urllib3/connectionpool.py:1099: InsecureRequestWarning: Unverified HTTPS request is being made to host 'randomuser.me'. Adding certificate verification is strongly advised. See: https://urllib3.readthedocs.io/en/latest/advanced-usage.html#tls-warnings
  warnings.warn(</msg>
<msg time="2024-06-22T16:18:59.666750" level="INFO">${response} = &lt;Response [200]&gt;</msg>
<var>${response}</var>
<arg>consultarAPI</arg>
<arg>/api</arg>
<doc>Sends a GET request on a previously created HTTP Session.</doc>
<status status="PASS" start="2024-06-22T16:18:59.535227" elapsed="0.131581"/>
</kw>
<kw name="Set Variable" owner="BuiltIn">
<msg time="2024-06-22T16:18:59.667670" level="INFO">${json_data} = {'results': [{'gender': 'female', 'name': {'title': 'Mrs', 'first': 'Lorena', 'last': 'Santiago'}, 'location': {'street': {'number': 4978, 'name': 'Ronda de Toledo'}, 'city': 'Pozuelo de Alarcón', 'st...</msg>
<var>${json_data}</var>
<arg>${response.json()}</arg>
<doc>Returns the given values which can then be assigned to a variables.</doc>
<status status="PASS" start="2024-06-22T16:18:59.667196" elapsed="0.000503"/>
</kw>
<kw name="Log" owner="BuiltIn">
<msg time="2024-06-22T16:18:59.668148" level="INFO">{'results': [{'gender': 'female', 'name': {'title': 'Mrs', 'first': 'Lorena', 'last': 'Santiago'}, 'location': {'street': {'number': 4978, 'name': 'Ronda de Toledo'}, 'city': 'Pozuelo de Alarcón', 'state': 'Navarra', 'country': 'Spain', 'postcode': 94971, 'coordinates': {'latitude': '-38.4064', 'longitude': '100.1914'}, 'timezone': {'offset': '-1:00', 'description': 'Azores, Cape Verde Islands'}}, 'email': 'lorena.santiago@example.com', 'login': {'uuid': '8d667fbd-f44d-43b8-a060-4a8e5d5e2799', 'username': 'angryfrog698', 'password': 'gang', 'salt': 'tt2nTGhb', 'md5': 'dbf4acf085f4e6bf5f4be11ea7ef2475', 'sha1': '3edcafd3b833af3a799d2d69e3de426e7ba480d6', 'sha256': 'e18ecfec3323cbb10d8d5da10e5bed2fde3708067538b11190caa84630af617a'}, 'dob': {'date': '1974-05-24T19:55:10.414Z', 'age': 50}, 'registered': {'date': '2020-03-11T00:50:49.788Z', 'age': 4}, 'phone': '983-914-657', 'cell': '611-289-375', 'id': {'name': 'DNI', 'value': '24140161-T'}, 'picture': {'large': 'https://randomuser.me/api/portraits/women/30.jpg', 'medium': 'https://randomuser.me/api/portraits/med/women/30.jpg', 'thumbnail': 'https://randomuser.me/api/portraits/thumb/women/30.jpg'}, 'nat': 'ES'}], 'info': {'seed': '2f1f25d61e98312d', 'results': 1, 'page': 1, 'version': '1.4'}}</msg>
<arg>${json_data}</arg>
<doc>Logs the given message with the given level.</doc>
<status status="PASS" start="2024-06-22T16:18:59.667996" elapsed="0.000202"/>
</kw>
<kw name="Should Be String" owner="String">
<arg>${json_data['results'][0]['gender']}</arg>
<doc>Fails if the given ``item`` is not a string.</doc>
<status status="PASS" start="2024-06-22T16:18:59.668487" elapsed="0.000358"/>
</kw>
<kw name="Should Match Regexp" owner="BuiltIn">
<arg>${json_data['results'][0]['email']}</arg>
<arg>^[a-zA-Z0-9._%+-]+@[a-zA-Z0-9.-]+\.[a-zA-Z]{2,}$</arg>
<doc>Fails if ``string`` does not match ``pattern`` as a regular expression.</doc>
<status status="PASS" start="2024-06-22T16:18:59.669066" elapsed="0.000549"/>
</kw>
<kw name="Should Match Regexp" owner="BuiltIn">
<arg>${json_data['results'][0]['dob']['date']}</arg>
<arg>\\d{4}-\\d{2}-\\d{2}T\\d{2}:\\d{2}:\\d{2}\\.\\d{3}Z</arg>
<doc>Fails if ``string`` does not match ``pattern`` as a regular expression.</doc>
<status status="PASS" start="2024-06-22T16:18:59.669808" elapsed="0.000521"/>
</kw>
<kw name="Should Match Regexp" owner="BuiltIn">
<arg>${json_data['results'][0]['registered']['date']}</arg>
<arg>\\d{4}-\\d{2}-\\d{2}T\\d{2}:\\d{2}:\\d{2}\\.\\d{3}Z</arg>
<doc>Fails if ``string`` does not match ``pattern`` as a regular expression.</doc>
<status status="PASS" start="2024-06-22T16:18:59.670516" elapsed="0.000362"/>
</kw>
<kw name="Should Match Regexp" owner="BuiltIn">
<arg>${json_data['results'][0]['picture']['large']}</arg>
<arg>^https?://.*\.(?:png|jpe?g|gif|bmp)$</arg>
<doc>Fails if ``string`` does not match ``pattern`` as a regular expression.</doc>
<status status="PASS" start="2024-06-22T16:18:59.671059" elapsed="0.000458"/>
</kw>
<kw name="Should Match Regexp" owner="BuiltIn">
<arg>${json_data['results'][0]['picture']['medium']}</arg>
<arg>^https?://.*\.(?:png|jpe?g|gif|bmp)$</arg>
<doc>Fails if ``string`` does not match ``pattern`` as a regular expression.</doc>
<status status="PASS" start="2024-06-22T16:18:59.671703" elapsed="0.000356"/>
</kw>
<kw name="Should Match Regexp" owner="BuiltIn">
<arg>${json_data['results'][0]['picture']['thumbnail']}</arg>
<arg>^https?://.*\.(?:png|jpe?g|gif|bmp)$</arg>
<doc>Fails if ``string`` does not match ``pattern`` as a regular expression.</doc>
<status status="PASS" start="2024-06-22T16:18:59.672239" elapsed="0.000351"/>
</kw>
<kw name="Log" owner="BuiltIn">
<msg time="2024-06-22T16:18:59.673083" level="INFO">{'large': 'https://randomuser.me/api/portraits/women/30.jpg', 'medium': 'https://randomuser.me/api/portraits/med/women/30.jpg', 'thumbnail': 'https://randomuser.me/api/portraits/thumb/women/30.jpg'}</msg>
<arg>${json_data['results'][0]['picture']}</arg>
<doc>Logs the given message with the given level.</doc>
<status status="PASS" start="2024-06-22T16:18:59.672766" elapsed="0.000360"/>
</kw>
<status status="PASS" start="2024-06-22T16:18:59.535003" elapsed="0.138376"/>
</kw>
<kw name="Teste de Tipos de Dados - Postcode" owner="random-user-service">
<kw name="GET On Session" owner="RequestsLibrary">
<msg time="2024-06-22T16:18:59.797937" level="INFO">GET Request : url=https://randomuser.me/api 
 path_url=/api 
 headers={'User-Agent': 'python-requests/2.32.3', 'Accept-Encoding': 'gzip, deflate', 'Accept': '*/*', 'Connection': 'keep-alive'} 
 body=None 
 </msg>
<msg time="2024-06-22T16:18:59.798025" level="INFO">GET Response : url=https://randomuser.me/api 
 status=200, reason=OK 
 headers={'Date': 'Sat, 22 Jun 2024 16:18:59 GMT', 'Content-Type': 'application/json; charset=utf-8', 'Transfer-Encoding': 'chunked', 'Connection': 'keep-alive', 'X-Powered-By': 'Express', 'Access-Control-Allow-Origin': '*', 'Cache-Control': 'no-cache', 'ETag': 'W/"48f-6f0FtfptoD1QPWpUsQq5MxEG4g0"', 'Vary': 'Accept-Encoding', 'Content-Encoding': 'gzip', 'CF-Cache-Status': 'DYNAMIC', 'Report-To': '{"endpoints":[{"url":"https:\\/\\/a.nel.cloudflare.com\\/report\\/v4?s=Pxx09jbdKaBJsmguJUmPcMe7wrkcwhHdIqB4kqDv0w%2F0pL2Twk58AmbC43q2wVQBRytL02pCU%2FEd4sIOg1zSBiN%2BW7jri4B0hxuDmZYEXlqIgnhYAOiXysHk3vSsP%2F5B"}],"group":"cf-nel","max_age":604800}', 'NEL': '{"success_fraction":0,"report_to":"cf-nel","max_age":604800}', 'Server': 'cloudflare', 'CF-RAY': '897d8eb2fdcc5842-IAD', 'alt-svc': 'h3=":443"; ma=86400'} 
 body={"results":[{"gender":"male","name":{"title":"Mr","first":"Jacob","last":"Bell"},"location":{"street":{"number":8003,"name":"Shady Ln Dr"},"city":"Launceston","state":"Western Australia","country":"Australia","postcode":1009,"coordinates":{"latitude":"-86.4732","longitude":"-174.6014"},"timezone":{"offset":"+1:00","description":"Brussels, Copenhagen, Madrid, Paris"}},"email":"jacob.bell@example.com","login":{"uuid":"707cc8f5-0aea-42f0-bd3b-9dbca7344872","username":"brownpanda620","password":"sprite","salt":"aM4Nl7b8","md5":"e6a43de18840604179eb538bcef33a8d","sha1":"88da27c8fe6353ab08b3a9f57c3c0efdc5fb32bd","sha256":"7afbfd0b3dacb3dd6303455c5b21186f3e8fb955079dd7e36e8bdae3caef9df2"},"dob":{"date":"1994-04-14T18:40:52.354Z","age":30},"registered":{"date":"2016-02-06T18:12:54.922Z","age":8},"phone":"06-4122-5418","cell":"0495-622-004","id":{"name":"TFN","value":"405020854"},"picture":{"large":"https://randomuser.me/api/portraits/men/75.jpg","medium":"https://randomuser.me/api/portraits/med/men/75.jpg","thumbnail":"https://randomuser.me/api/portraits/thumb/men/75.jpg"},"nat":"AU"}],"info":{"seed":"0a79f645126adf9f","results":1,"page":1,"version":"1.4"}} 
 </msg>
<msg time="2024-06-22T16:18:59.798102" level="INFO">/opt/hostedtoolcache/Python/3.12.4/x64/lib/python3.12/site-packages/urllib3/connectionpool.py:1099: InsecureRequestWarning: Unverified HTTPS request is being made to host 'randomuser.me'. Adding certificate verification is strongly advised. See: https://urllib3.readthedocs.io/en/latest/advanced-usage.html#tls-warnings
  warnings.warn(</msg>
<msg time="2024-06-22T16:18:59.798231" level="INFO">${response} = &lt;Response [200]&gt;</msg>
<var>${response}</var>
<arg>consultarAPI</arg>
<arg>/api</arg>
<doc>Sends a GET request on a previously created HTTP Session.</doc>
<status status="PASS" start="2024-06-22T16:18:59.673827" elapsed="0.124446"/>
</kw>
<kw name="Set Variable" owner="BuiltIn">
<msg time="2024-06-22T16:18:59.799230" level="INFO">${json_data} = {'results': [{'gender': 'male', 'name': {'title': 'Mr', 'first': 'Jacob', 'last': 'Bell'}, 'location': {'street': {'number': 8003, 'name': 'Shady Ln Dr'}, 'city': 'Launceston', 'state': 'Western Austr...</msg>
<var>${json_data}</var>
<arg>${response.json()}</arg>
<doc>Returns the given values which can then be assigned to a variables.</doc>
<status status="PASS" start="2024-06-22T16:18:59.798758" elapsed="0.000501"/>
</kw>
<kw name="Log" owner="BuiltIn">
<msg time="2024-06-22T16:18:59.799701" level="INFO">{'results': [{'gender': 'male', 'name': {'title': 'Mr', 'first': 'Jacob', 'last': 'Bell'}, 'location': {'street': {'number': 8003, 'name': 'Shady Ln Dr'}, 'city': 'Launceston', 'state': 'Western Australia', 'country': 'Australia', 'postcode': 1009, 'coordinates': {'latitude': '-86.4732', 'longitude': '-174.6014'}, 'timezone': {'offset': '+1:00', 'description': 'Brussels, Copenhagen, Madrid, Paris'}}, 'email': 'jacob.bell@example.com', 'login': {'uuid': '707cc8f5-0aea-42f0-bd3b-9dbca7344872', 'username': 'brownpanda620', 'password': 'sprite', 'salt': 'aM4Nl7b8', 'md5': 'e6a43de18840604179eb538bcef33a8d', 'sha1': '88da27c8fe6353ab08b3a9f57c3c0efdc5fb32bd', 'sha256': '7afbfd0b3dacb3dd6303455c5b21186f3e8fb955079dd7e36e8bdae3caef9df2'}, 'dob': {'date': '1994-04-14T18:40:52.354Z', 'age': 30}, 'registered': {'date': '2016-02-06T18:12:54.922Z', 'age': 8}, 'phone': '06-4122-5418', 'cell': '0495-622-004', 'id': {'name': 'TFN', 'value': '405020854'}, 'picture': {'large': 'https://randomuser.me/api/portraits/men/75.jpg', 'medium': 'https://randomuser.me/api/portraits/med/men/75.jpg', 'thumbnail': 'https://randomuser.me/api/portraits/thumb/men/75.jpg'}, 'nat': 'AU'}], 'info': {'seed': '0a79f645126adf9f', 'results': 1, 'page': 1, 'version': '1.4'}}</msg>
<arg>${json_data}</arg>
<doc>Logs the given message with the given level.</doc>
<status status="PASS" start="2024-06-22T16:18:59.799553" elapsed="0.000194"/>
</kw>
<kw name="Should Be Equal As Numbers" owner="BuiltIn">
<arg>${json_data['results'][0]['location']['postcode']}</arg>
<arg>${json_data['results'][0]['location']['postcode']}</arg>
<doc>Fails if objects are unequal after converting them to real numbers.</doc>
<status status="PASS" start="2024-06-22T16:18:59.800036" elapsed="0.000621"/>
</kw>
<kw name="Log" owner="BuiltIn">
<msg time="2024-06-22T16:18:59.801356" level="INFO">1009</msg>
<arg>${json_data['results'][0]['location']['postcode']}</arg>
<doc>Logs the given message with the given level.</doc>
<status status="PASS" start="2024-06-22T16:18:59.800873" elapsed="0.000525"/>
</kw>
<status status="PASS" start="2024-06-22T16:18:59.673613" elapsed="0.128065"/>
</kw>
<doc>Testa se os tipos de dados na resposta da API estão corretos.</doc>
<tag>testeTiposDados</tag>
<status status="PASS" start="2024-06-22T16:18:59.534443" elapsed="0.267397"/>
</test>
<test id="s1-s1-t5" name="Validar conteudo" line="35">
<kw name="Teste de Tipos de Conteudo" owner="random-user-service">
<kw name="GET On Session" owner="RequestsLibrary">
<msg time="2024-06-22T16:18:59.908984" level="INFO">GET Request : url=https://randomuser.me/api 
 path_url=/api 
 headers={'User-Agent': 'python-requests/2.32.3', 'Accept-Encoding': 'gzip, deflate', 'Accept': '*/*', 'Connection': 'keep-alive'} 
 body=None 
 </msg>
<msg time="2024-06-22T16:18:59.909079" level="INFO">GET Response : url=https://randomuser.me/api 
 status=200, reason=OK 
 headers={'Date': 'Sat, 22 Jun 2024 16:18:59 GMT', 'Content-Type': 'application/json; charset=utf-8', 'Transfer-Encoding': 'chunked', 'Connection': 'keep-alive', 'X-Powered-By': 'Express', 'Access-Control-Allow-Origin': '*', 'Cache-Control': 'no-cache', 'ETag': 'W/"474-UF727483+tyFtitzWojAEdRHSTE"', 'Vary': 'Accept-Encoding', 'Content-Encoding': 'gzip', 'CF-Cache-Status': 'DYNAMIC', 'Report-To': '{"endpoints":[{"url":"https:\\/\\/a.nel.cloudflare.com\\/report\\/v4?s=Tg%2BxMHvz2fAE8U0Y8CjKMi9vWaukd4oh7hCv5wH5x4wEkVYfM2uC1FyjIYOhi6ZXT4kIw%2FUaf8bUidjjM%2F%2B8IIW85AByExgLIG8pPpcgjjuEG4wYby1nQjNF4I%2B2VZK%2F"}],"group":"cf-nel","max_age":604800}', 'NEL': '{"success_fraction":0,"report_to":"cf-nel","max_age":604800}', 'Server': 'cloudflare', 'CF-RAY': '897d8eb3ce7a5842-IAD', 'alt-svc': 'h3=":443"; ma=86400'} 
 body={"results":[{"gender":"male","name":{"title":"Mr","first":"Pierre","last":"Finke"},"location":{"street":{"number":7171,"name":"Wiesenweg"},"city":"Prichsenstadt","state":"Bayern","country":"Germany","postcode":43829,"coordinates":{"latitude":"-54.6844","longitude":"-95.5353"},"timezone":{"offset":"+4:30","description":"Kabul"}},"email":"pierre.finke@example.com","login":{"uuid":"c3abfb16-5651-4184-a8e1-bc1c1ddcacfc","username":"tinybutterfly762","password":"lionel","salt":"uBtgeGqj","md5":"5c4a8d29113ec8add98e401311f26884","sha1":"adb4f98c662c2be8db237e867b8f3350273bee4e","sha256":"8f427009227fde8ff896d0cd3cbf1b4b35314a0cf9afc9cb430fa1487ed669fa"},"dob":{"date":"1987-12-31T15:33:40.847Z","age":36},"registered":{"date":"2003-09-23T05:48:16.323Z","age":20},"phone":"0188-7679739","cell":"0170-8883301","id":{"name":"SVNR","value":"49 311287 F 248"},"picture":{"large":"https://randomuser.me/api/portraits/men/79.jpg","medium":"https://randomuser.me/api/portraits/med/men/79.jpg","thumbnail":"https://randomuser.me/api/portraits/thumb/men/79.jpg"},"nat":"DE"}],"info":{"seed":"8ed00fe4f75249f5","results":1,"page":1,"version":"1.4"}} 
 </msg>
<msg time="2024-06-22T16:18:59.909156" level="INFO">/opt/hostedtoolcache/Python/3.12.4/x64/lib/python3.12/site-packages/urllib3/connectionpool.py:1099: InsecureRequestWarning: Unverified HTTPS request is being made to host 'randomuser.me'. Adding certificate verification is strongly advised. See: https://urllib3.readthedocs.io/en/latest/advanced-usage.html#tls-warnings
  warnings.warn(</msg>
<msg time="2024-06-22T16:18:59.909300" level="INFO">${response} = &lt;Response [200]&gt;</msg>
<var>${response}</var>
<arg>consultarAPI</arg>
<arg>/api</arg>
<doc>Sends a GET request on a previously created HTTP Session.</doc>
<status status="PASS" start="2024-06-22T16:18:59.804289" elapsed="0.105064"/>
</kw>
<kw name="Set Variable" owner="BuiltIn">
<msg time="2024-06-22T16:18:59.910211" level="INFO">${json_data} = {'results': [{'gender': 'male', 'name': {'title': 'Mr', 'first': 'Pierre', 'last': 'Finke'}, 'location': {'street': {'number': 7171, 'name': 'Wiesenweg'}, 'city': 'Prichsenstadt', 'state': 'Bayern', '...</msg>
<var>${json_data}</var>
<arg>${response.json()}</arg>
<doc>Returns the given values which can then be assigned to a variables.</doc>
<status status="PASS" start="2024-06-22T16:18:59.909781" elapsed="0.000459"/>
</kw>
<kw name="Set Variable" owner="BuiltIn">
<msg time="2024-06-22T16:18:59.910919" level="INFO">${name_title} = Mr</msg>
<var>${name_title}</var>
<arg>${json_data["results"][0]["name"]["title"]}</arg>
<doc>Returns the given values which can then be assigned to a variables.</doc>
<status status="PASS" start="2024-06-22T16:18:59.910535" elapsed="0.000409"/>
</kw>
<kw name="Create List" owner="BuiltIn">
<msg time="2024-06-22T16:18:59.911384" level="INFO">${allowed_titles} = ['Mr', 'Ms', 'Miss', 'Mrs', 'Madame', 'Monsieur']</msg>
<var>${allowed_titles}</var>
<arg>Mr</arg>
<arg>Ms</arg>
<arg>Miss</arg>
<arg>Mrs</arg>
<arg>Madame</arg>
<arg>Monsieur</arg>
<doc>Returns a list containing given items.</doc>
<status status="PASS" start="2024-06-22T16:18:59.911239" elapsed="0.000170"/>
</kw>
<kw name="List Should Contain Value" owner="Collections">
<arg>${allowed_titles}</arg>
<arg>${name_title}</arg>
<doc>Fails if the ``value`` is not found from ``list``.</doc>
<status status="PASS" start="2024-06-22T16:18:59.911700" elapsed="0.000185"/>
</kw>
<kw name="Set Variable" owner="BuiltIn">
<msg time="2024-06-22T16:18:59.912426" level="INFO">${name_country} = DE</msg>
<var>${name_country}</var>
<arg>${json_data["results"][0]["nat"]}</arg>
<doc>Returns the given values which can then be assigned to a variables.</doc>
<status status="PASS" start="2024-06-22T16:18:59.912063" elapsed="0.000387"/>
</kw>
<kw name="Create List" owner="BuiltIn">
<msg time="2024-06-22T16:18:59.913360" level="INFO">${list_country} = ['AD', 'AE', 'AF', 'AG', 'AI', 'AL', 'AM', 'AO', 'AQ', 'AR', 'AS', 'AT', 'AU', 'AW', 'AX', 'AZ', 'BA', 'BB', 'BD', 'BE', 'BF', 'BG', 'BH', 'BI', 'BJ', 'BL', 'BM', 'BN', 'BO', 'BQ', 'BR', 'BS', 'BT', '...</msg>
<var>${list_country}</var>
<arg>AD</arg>
<arg>AE</arg>
<arg>AF</arg>
<arg>AG</arg>
<arg>AI</arg>
<arg>AL</arg>
<arg>AM</arg>
<arg>AO</arg>
<arg>AQ</arg>
<arg>AR</arg>
<arg>AS</arg>
<arg>AT</arg>
<arg>AU</arg>
<arg>AW</arg>
<arg>AX</arg>
<arg>AZ</arg>
<arg>BA</arg>
<arg>BB</arg>
<arg>BD</arg>
<arg>BE</arg>
<arg>BF</arg>
<arg>BG</arg>
<arg>BH</arg>
<arg>BI</arg>
<arg>BJ</arg>
<arg>BL</arg>
<arg>BM</arg>
<arg>BN</arg>
<arg>BO</arg>
<arg>BQ</arg>
<arg>BR</arg>
<arg>BS</arg>
<arg>BT</arg>
<arg>BV</arg>
<arg>BW</arg>
<arg>BY</arg>
<arg>BZ</arg>
<arg>CA</arg>
<arg>CC</arg>
<arg>CD</arg>
<arg>CF</arg>
<arg>CG</arg>
<arg>CH</arg>
<arg>CI</arg>
<arg>CK</arg>
<arg>CL</arg>
<arg>CM</arg>
<arg>CN</arg>
<arg>CO</arg>
<arg>CR</arg>
<arg>CU</arg>
<arg>CV</arg>
<arg>CW</arg>
<arg>CX</arg>
<arg>CY</arg>
<arg>CZ</arg>
<arg>DE</arg>
<arg>DJ</arg>
<arg>DK</arg>
<arg>DM</arg>
<arg>DO</arg>
<arg>DZ</arg>
<arg>EC</arg>
<arg>EE</arg>
<arg>EG</arg>
<arg>EH</arg>
<arg>ER</arg>
<arg>ES</arg>
<arg>ET</arg>
<arg>FI</arg>
<arg>FJ</arg>
<arg>FK</arg>
<arg>FM</arg>
<arg>FO</arg>
<arg>FR</arg>
<arg>GA</arg>
<arg>GB</arg>
<arg>GD</arg>
<arg>GE</arg>
<arg>GF</arg>
<arg>GG</arg>
<arg>GH</arg>
<arg>GI</arg>
<arg>GL</arg>
<arg>GM</arg>
<arg>GN</arg>
<arg>GP</arg>
<arg>GQ</arg>
<arg>GR</arg>
<arg>GS</arg>
<arg>GT</arg>
<arg>GU</arg>
<arg>GW</arg>
<arg>GY</arg>
<arg>HK</arg>
<arg>HM</arg>
<arg>HN</arg>
<arg>HR</arg>
<arg>HT</arg>
<arg>HU</arg>
<arg>ID</arg>
<arg>IE</arg>
<arg>IL</arg>
<arg>IM</arg>
<arg>IN</arg>
<arg>IO</arg>
<arg>IQ</arg>
<arg>IR</arg>
<arg>IS</arg>
<arg>IT</arg>
<arg>JE</arg>
<arg>JM</arg>
<arg>JO</arg>
<arg>JP</arg>
<arg>KE</arg>
<arg>KG</arg>
<arg>KH</arg>
<arg>KI</arg>
<arg>KM</arg>
<arg>KN</arg>
<arg>KP</arg>
<arg>KR</arg>
<arg>KW</arg>
<arg>KY</arg>
<arg>KZ</arg>
<arg>LA</arg>
<arg>LB</arg>
<arg>LC</arg>
<arg>LI</arg>
<arg>LK</arg>
<arg>LR</arg>
<arg>LS</arg>
<arg>LT</arg>
<arg>LU</arg>
<arg>LV</arg>
<arg>LY</arg>
<arg>MA</arg>
<arg>MC</arg>
<arg>MD</arg>
<arg>ME</arg>
<arg>MF</arg>
<arg>MG</arg>
<arg>MH</arg>
<arg>MK</arg>
<arg>ML</arg>
<arg>MM</arg>
<arg>MN</arg>
<arg>MO</arg>
<arg>MP</arg>
<arg>MQ</arg>
<arg>MR</arg>
<arg>MS</arg>
<arg>MT</arg>
<arg>MU</arg>
<arg>MV</arg>
<arg>MW</arg>
<arg>MX</arg>
<arg>MY</arg>
<arg>MZ</arg>
<arg>NA</arg>
<arg>NC</arg>
<arg>NE</arg>
<arg>NF</arg>
<arg>NG</arg>
<arg>NI</arg>
<arg>NL</arg>
<arg>NO</arg>
<arg>NP</arg>
<arg>NR</arg>
<arg>NU</arg>
<arg>NZ</arg>
<arg>OM</arg>
<arg>PA</arg>
<arg>PE</arg>
<arg>PF</arg>
<arg>PG</arg>
<arg>PH</arg>
<arg>PK</arg>
<arg>PL</arg>
<arg>PM</arg>
<arg>PN</arg>
<arg>PR</arg>
<arg>PS</arg>
<arg>PT</arg>
<arg>PW</arg>
<arg>PY</arg>
<arg>QA</arg>
<arg>RE</arg>
<arg>RO</arg>
<arg>RS</arg>
<arg>RU</arg>
<arg>RW</arg>
<arg>SA</arg>
<arg>SB</arg>
<arg>SC</arg>
<arg>SD</arg>
<arg>SE</arg>
<arg>SG</arg>
<arg>SH</arg>
<arg>SI</arg>
<arg>SJ</arg>
<arg>SK</arg>
<arg>SL</arg>
<arg>SM</arg>
<arg>SN</arg>
<arg>SO</arg>
<arg>SR</arg>
<arg>SS</arg>
<arg>ST</arg>
<arg>SV</arg>
<arg>SX</arg>
<arg>SY</arg>
<arg>SZ</arg>
<arg>TC</arg>
<arg>TD</arg>
<arg>TF</arg>
<arg>TG</arg>
<arg>TH</arg>
<arg>TJ</arg>
<arg>TK</arg>
<arg>TL</arg>
<arg>TM</arg>
<arg>TN</arg>
<arg>TO</arg>
<arg>TR</arg>
<arg>TT</arg>
<arg>TV</arg>
<arg>TW</arg>
<arg>TZ</arg>
<arg>UA</arg>
<arg>UG</arg>
<arg>UM</arg>
<arg>US</arg>
<arg>UY</arg>
<arg>UZ</arg>
<arg>VA</arg>
<arg>VC</arg>
<arg>VE</arg>
<arg>VG</arg>
<arg>VI</arg>
<arg>VN</arg>
<arg>VU</arg>
<arg>WF</arg>
<arg>WS</arg>
<arg>XK</arg>
<arg>YE</arg>
<arg>YT</arg>
<arg>ZA</arg>
<arg>ZM</arg>
<arg>ZW</arg>
<doc>Returns a list containing given items.</doc>
<status status="PASS" start="2024-06-22T16:18:59.912766" elapsed="0.000619"/>
</kw>
<kw name="List Should Contain Value" owner="Collections">
<arg>${list_country}</arg>
<arg>${name_country}</arg>
<doc>Fails if the ``value`` is not found from ``list``.</doc>
<status status="PASS" start="2024-06-22T16:18:59.914219" elapsed="0.000200"/>
</kw>
<kw name="Run Keyword If" owner="BuiltIn">
<kw name="Should Be True" owner="BuiltIn">
<arg>${True}</arg>
<doc>Fails if the given condition is not true.</doc>
<status status="PASS" start="2024-06-22T16:18:59.915352" elapsed="0.000137"/>
</kw>
<arg>${json_data["results"][0]["location"]["coordinates"]["latitude"]} &gt;= -90 and ${json_data["results"][0]["location"]["coordinates"]["latitude"]} &lt;= 90</arg>
<arg>Should Be True</arg>
<arg>${True}</arg>
<doc>Runs the given keyword with the given arguments, if ``condition`` is true.</doc>
<status status="PASS" start="2024-06-22T16:18:59.914614" elapsed="0.000998"/>
</kw>
<kw name="Run Keyword If" owner="BuiltIn">
<kw name="Should Be True" owner="BuiltIn">
<arg>${True}</arg>
<doc>Fails if the given condition is not true.</doc>
<status status="PASS" start="2024-06-22T16:18:59.916462" elapsed="0.000229"/>
</kw>
<arg>${json_data["results"][0]["location"]["coordinates"]["longitude"]} &gt;= -180 and ${json_data["results"][0]["location"]["coordinates"]["longitude"]} &lt;= 180</arg>
<arg>Should Be True</arg>
<arg>${True}</arg>
<doc>Runs the given keyword with the given arguments, if ``condition`` is true.</doc>
<status status="PASS" start="2024-06-22T16:18:59.915789" elapsed="0.001028"/>
</kw>
<status status="PASS" start="2024-06-22T16:18:59.804071" elapsed="0.112876"/>
</kw>
<doc>Testa o conteúdo específico dos campos retornados pela API.</doc>
<tag>testeConteudo</tag>
<status status="PASS" start="2024-06-22T16:18:59.803587" elapsed="0.113501"/>
</test>
<status status="PASS" start="2024-06-22T16:18:58.908956" elapsed="1.010079"/>
</suite>
<status status="PASS" start="2024-06-22T16:18:58.894677" elapsed="1.029501"/>
</suite>
<statistics>
<total>
<stat pass="5" fail="0" skip="0">All Tests</stat>
</total>
<tag>
<stat pass="1" fail="0" skip="0">testeConteudo</stat>
<stat pass="1" fail="0" skip="0">testeEstruturaResposta</stat>
<stat pass="1" fail="0" skip="0">testeRequisicaoBasica</stat>
<stat pass="1" fail="0" skip="0">testeTiposDados</stat>
</tag>
<suite>
<stat pass="5" fail="0" skip="0" id="s1" name="Tests">Tests</stat>
<stat pass="5" fail="0" skip="0" id="s1-s1" name="Random-User-Test">Tests.Random-User-Test</stat>
</suite>
</statistics>
<errors>
</errors>
</robot>
