<?xml version="1.0" encoding="UTF-8"?>
<robot generator="Robot 7.0.1 (Python 3.12.4 on linux)" generated="2024-08-04T21:14:34.683782" rpa="false" schemaversion="5">
<suite id="s1" name="Tests" source="/home/runner/work/ApiRandomUser/ApiRandomUser/RamdonUser/tests">
<suite id="s1-s1" name="Random-User-Test" source="/home/runner/work/ApiRandomUser/ApiRandomUser/RamdonUser/tests/random-user-test.robot">
<test id="s1-s1-t1" name="Conectar" line="13">
<kw name="Conectar API" owner="random-user-service">
<kw name="Create Session" owner="RequestsLibrary">
<msg time="2024-08-04T21:14:35.103107" level="INFO">Creating Session using : alias=consultarAPI, url=https://randomuser.me/, headers={},                     cookies={}, auth=None, timeout=None, proxies=None, verify=False,                     debug=0 </msg>
<arg>consultarAPI</arg>
<arg>${URL}</arg>
<doc>Create Session: create a HTTP session to a server</doc>
<status status="PASS" start="2024-08-04T21:14:35.102902" elapsed="0.000398"/>
</kw>
<status status="PASS" start="2024-08-04T21:14:35.101814" elapsed="0.001845"/>
</kw>
<status status="PASS" start="2024-08-04T21:14:35.101159" elapsed="0.002693"/>
</test>
<test id="s1-s1-t2" name="Validar retorno 200 e JSON Válido" line="16">
<kw name="Teste de Requisicao Basica" owner="random-user-service">
<kw name="GET On Session" owner="RequestsLibrary">
<msg time="2024-08-04T21:14:35.302325" level="INFO">GET Request : url=https://randomuser.me/api 
 path_url=/api 
 headers={'User-Agent': 'python-requests/2.32.3', 'Accept-Encoding': 'gzip, deflate', 'Accept': '*/*', 'Connection': 'keep-alive'} 
 body=None 
 </msg>
<msg time="2024-08-04T21:14:35.302503" level="INFO">GET Response : url=https://randomuser.me/api 
 status=200, reason=OK 
 headers={'Date': 'Sun, 04 Aug 2024 21:14:35 GMT', 'Content-Type': 'application/json; charset=utf-8', 'Transfer-Encoding': 'chunked', 'Connection': 'keep-alive', 'X-Powered-By': 'Express', 'Access-Control-Allow-Origin': '*', 'Cache-Control': 'no-cache', 'ETag': 'W/"46d-5+bqI1QyhOj7zC8/aHhdIA9uE9M"', 'Vary': 'Accept-Encoding', 'Content-Encoding': 'gzip', 'CF-Cache-Status': 'DYNAMIC', 'Report-To': '{"endpoints":[{"url":"https:\\/\\/a.nel.cloudflare.com\\/report\\/v4?s=bKo29wxh0UWVZpJk1f6hcCNPScosSJ85UdI6iPLdaDan7WfQfwtqHcdA80vRD6M1F3uP7Yx1IEJ3aNf89hyzFmOKw%2FTIqEXQCdON%2FITWIfovW5TmqMH82hWgNn3P3PfQ"}],"group":"cf-nel","max_age":604800}', 'NEL': '{"success_fraction":0,"report_to":"cf-nel","max_age":604800}', 'Server': 'cloudflare', 'CF-RAY': '8ae18ed25fb52324-ORD', 'alt-svc': 'h3=":443"; ma=86400'} 
 body={"results":[{"gender":"female","name":{"title":"Mrs","first":"Amalie","last":"Olsen"},"location":{"street":{"number":7493,"name":"Granvej"},"city":"Agerbæk","state":"Syddanmark","country":"Denmark","postcode":30264,"coordinates":{"latitude":"-39.9429","longitude":"109.2484"},"timezone":{"offset":"-10:00","description":"Hawaii"}},"email":"amalie.olsen@example.com","login":{"uuid":"0a71b30d-327f-4fd5-a274-fb857d20f49c","username":"crazyzebra773","password":"ireland","salt":"lD90Ztzi","md5":"73498a036745566eca0ee31d8ead8275","sha1":"98f23b003401a143f52788f49bf589e1744c0126","sha256":"8fcb4d1ddc299fcbd51777a3244b11981084eadf3c307dff940738d27804d7e8"},"dob":{"date":"1974-08-18T02:48:26.837Z","age":49},"registered":{"date":"2009-01-24T04:06:39.230Z","age":15},"phone":"81092689","cell":"96542944","id":{"name":"CPR","value":"170874-8270"},"picture":{"large":"https://randomuser.me/api/portraits/women/44.jpg","medium":"https://randomuser.me/api/portraits/med/women/44.jpg","thumbnail":"https://randomuser.me/api/portraits/thumb/women/44.jpg"},"nat":"DK"}],"info":{"seed":"4942ccbc2e51135a","results":1,"page":1,"version":"1.4"}} 
 </msg>
<msg time="2024-08-04T21:14:35.302601" level="INFO">/opt/hostedtoolcache/Python/3.12.4/x64/lib/python3.12/site-packages/urllib3/connectionpool.py:1099: InsecureRequestWarning: Unverified HTTPS request is being made to host 'randomuser.me'. Adding certificate verification is strongly advised. See: https://urllib3.readthedocs.io/en/latest/advanced-usage.html#tls-warnings
  warnings.warn(</msg>
<msg time="2024-08-04T21:14:35.302770" level="INFO">${response} = &lt;Response [200]&gt;</msg>
<var>${response}</var>
<arg>consultarAPI</arg>
<arg>/api</arg>
<doc>Sends a GET request on a previously created HTTP Session.</doc>
<status status="PASS" start="2024-08-04T21:14:35.106517" elapsed="0.196299"/>
</kw>
<kw name="Should Be Equal As Numbers" owner="BuiltIn">
<msg time="2024-08-04T21:14:35.303820" level="INFO">Argument types are:
&lt;class 'int'&gt;
&lt;class 'str'&gt;</msg>
<arg>${response.status_code}</arg>
<arg>200</arg>
<doc>Fails if objects are unequal after converting them to real numbers.</doc>
<status status="PASS" start="2024-08-04T21:14:35.303350" elapsed="0.000536"/>
</kw>
<kw name="Log" owner="BuiltIn">
<msg time="2024-08-04T21:14:35.304557" level="INFO">200</msg>
<arg>${response.status_code}</arg>
<doc>Logs the given message with the given level.</doc>
<status status="PASS" start="2024-08-04T21:14:35.304200" elapsed="0.000401"/>
</kw>
<kw name="Set Variable" owner="BuiltIn">
<msg time="2024-08-04T21:14:35.305358" level="INFO">${json_data} = {'results': [{'gender': 'female', 'name': {'title': 'Mrs', 'first': 'Amalie', 'last': 'Olsen'}, 'location': {'street': {'number': 7493, 'name': 'Granvej'}, 'city': 'Agerbæk', 'state': 'Syddanmark', 'c...</msg>
<var>${json_data}</var>
<arg>${response.json()}</arg>
<doc>Returns the given values which can then be assigned to a variables.</doc>
<status status="PASS" start="2024-08-04T21:14:35.304912" elapsed="0.000475"/>
</kw>
<kw name="Dictionary Should Contain Key" owner="Collections">
<arg>${json_data}</arg>
<arg>results</arg>
<doc>Fails if ``key`` is not found from ``dictionary``.</doc>
<status status="PASS" start="2024-08-04T21:14:35.305689" elapsed="0.000354"/>
</kw>
<status status="PASS" start="2024-08-04T21:14:35.106269" elapsed="0.199957"/>
</kw>
<doc>Testa se a API responde corretamente e retorna um objeto JSON válido.</doc>
<tag>testeRequisicaoBasica</tag>
<status status="PASS" start="2024-08-04T21:14:35.105684" elapsed="0.200718"/>
</test>
<test id="s1-s1-t3" name="Validar estrutura de resposta" line="22">
<kw name="Teste de Estrutura de Resposta" owner="random-user-service">
<kw name="GET On Session" owner="RequestsLibrary">
<msg time="2024-08-04T21:14:35.414606" level="INFO">GET Request : url=https://randomuser.me/api 
 path_url=/api 
 headers={'User-Agent': 'python-requests/2.32.3', 'Accept-Encoding': 'gzip, deflate', 'Accept': '*/*', 'Connection': 'keep-alive'} 
 body=None 
 </msg>
<msg time="2024-08-04T21:14:35.414721" level="INFO">GET Response : url=https://randomuser.me/api 
 status=200, reason=OK 
 headers={'Date': 'Sun, 04 Aug 2024 21:14:35 GMT', 'Content-Type': 'application/json; charset=utf-8', 'Transfer-Encoding': 'chunked', 'Connection': 'keep-alive', 'X-Powered-By': 'Express', 'Access-Control-Allow-Origin': '*', 'Cache-Control': 'no-cache', 'ETag': 'W/"497-UaEsKWj1dJNCv4gTfje/L77y3+Y"', 'Vary': 'Accept-Encoding', 'Content-Encoding': 'gzip', 'CF-Cache-Status': 'DYNAMIC', 'Report-To': '{"endpoints":[{"url":"https:\\/\\/a.nel.cloudflare.com\\/report\\/v4?s=9knQxIjC%2FslHByI81Zmw3hCV54ol7tfNZqoQ8JQCguEKdep0lE5g3POnKjeJwlyKZ9DQbDH05zMtBDwzsbW6VULYhP2kzQRDMxFJuHp5fBkos%2BPUKIewU0F%2BPixFhXhb"}],"group":"cf-nel","max_age":604800}', 'NEL': '{"success_fraction":0,"report_to":"cf-nel","max_age":604800}', 'Server': 'cloudflare', 'CF-RAY': '8ae18ed2a8462324-ORD', 'alt-svc': 'h3=":443"; ma=86400'} 
 body={"results":[{"gender":"male","name":{"title":"Mr","first":"Santelmo","last":"Moraes"},"location":{"street":{"number":5544,"name":"Rua São José "},"city":"Jequié","state":"Alagoas","country":"Brazil","postcode":24225,"coordinates":{"latitude":"-73.2259","longitude":"-29.9990"},"timezone":{"offset":"+5:30","description":"Bombay, Calcutta, Madras, New Delhi"}},"email":"santelmo.moraes@example.com","login":{"uuid":"d9b8c712-dfc9-4066-b429-72cd6a08102d","username":"bluemeercat520","password":"dorian","salt":"18WLcAyE","md5":"1bb478cf28d63914a28413117cdec228","sha1":"8575a2fd0f784654ccaa86c4b46f1cfa07f43a5c","sha256":"2053b921f9b8de2726cbae1468e00c054d889d26a31e786adaaebc948740cd35"},"dob":{"date":"1953-01-14T02:56:13.379Z","age":71},"registered":{"date":"2017-08-27T18:49:35.204Z","age":6},"phone":"(36) 0500-1805","cell":"(00) 8813-4904","id":{"name":"CPF","value":"385.451.392-81"},"picture":{"large":"https://randomuser.me/api/portraits/men/85.jpg","medium":"https://randomuser.me/api/portraits/med/men/85.jpg","thumbnail":"https://randomuser.me/api/portraits/thumb/men/85.jpg"},"nat":"BR"}],"info":{"seed":"68067d5546b88bc9","results":1,"page":1,"version":"1.4"}} 
 </msg>
<msg time="2024-08-04T21:14:35.414862" level="INFO">/opt/hostedtoolcache/Python/3.12.4/x64/lib/python3.12/site-packages/urllib3/connectionpool.py:1099: InsecureRequestWarning: Unverified HTTPS request is being made to host 'randomuser.me'. Adding certificate verification is strongly advised. See: https://urllib3.readthedocs.io/en/latest/advanced-usage.html#tls-warnings
  warnings.warn(</msg>
<msg time="2024-08-04T21:14:35.415014" level="INFO">${response} = &lt;Response [200]&gt;</msg>
<var>${response}</var>
<arg>consultarAPI</arg>
<arg>/api</arg>
<doc>Sends a GET request on a previously created HTTP Session.</doc>
<status status="PASS" start="2024-08-04T21:14:35.308967" elapsed="0.106091"/>
</kw>
<kw name="Set Variable" owner="BuiltIn">
<msg time="2024-08-04T21:14:35.416126" level="INFO">${json_data} = {'results': [{'gender': 'male', 'name': {'title': 'Mr', 'first': 'Santelmo', 'last': 'Moraes'}, 'location': {'street': {'number': 5544, 'name': 'Rua São José '}, 'city': 'Jequié', 'state': 'Alagoas', ...</msg>
<var>${json_data}</var>
<arg>${response.json()}</arg>
<doc>Returns the given values which can then be assigned to a variables.</doc>
<status status="PASS" start="2024-08-04T21:14:35.415594" elapsed="0.000562"/>
</kw>
<kw name="Log" owner="BuiltIn">
<msg time="2024-08-04T21:14:35.416630" level="INFO">{'results': [{'gender': 'male', 'name': {'title': 'Mr', 'first': 'Santelmo', 'last': 'Moraes'}, 'location': {'street': {'number': 5544, 'name': 'Rua São José '}, 'city': 'Jequié', 'state': 'Alagoas', 'country': 'Brazil', 'postcode': 24225, 'coordinates': {'latitude': '-73.2259', 'longitude': '-29.9990'}, 'timezone': {'offset': '+5:30', 'description': 'Bombay, Calcutta, Madras, New Delhi'}}, 'email': 'santelmo.moraes@example.com', 'login': {'uuid': 'd9b8c712-dfc9-4066-b429-72cd6a08102d', 'username': 'bluemeercat520', 'password': 'dorian', 'salt': '18WLcAyE', 'md5': '1bb478cf28d63914a28413117cdec228', 'sha1': '8575a2fd0f784654ccaa86c4b46f1cfa07f43a5c', 'sha256': '2053b921f9b8de2726cbae1468e00c054d889d26a31e786adaaebc948740cd35'}, 'dob': {'date': '1953-01-14T02:56:13.379Z', 'age': 71}, 'registered': {'date': '2017-08-27T18:49:35.204Z', 'age': 6}, 'phone': '(36) 0500-1805', 'cell': '(00) 8813-4904', 'id': {'name': 'CPF', 'value': '385.451.392-81'}, 'picture': {'large': 'https://randomuser.me/api/portraits/men/85.jpg', 'medium': 'https://randomuser.me/api/portraits/med/men/85.jpg', 'thumbnail': 'https://randomuser.me/api/portraits/thumb/men/85.jpg'}, 'nat': 'BR'}], 'info': {'seed': '68067d5546b88bc9', 'results': 1, 'page': 1, 'version': '1.4'}}</msg>
<arg>${json_data}</arg>
<doc>Logs the given message with the given level.</doc>
<status status="PASS" start="2024-08-04T21:14:35.416465" elapsed="0.000215"/>
</kw>
<kw name="Dictionary Should Contain Key" owner="Collections">
<arg>${json_data}</arg>
<arg>results</arg>
<doc>Fails if ``key`` is not found from ``dictionary``.</doc>
<status status="PASS" start="2024-08-04T21:14:35.416970" elapsed="0.000167"/>
</kw>
<kw name="Should Not Be Empty" owner="BuiltIn">
<msg time="2024-08-04T21:14:35.417451" level="INFO">Length is 2.</msg>
<arg>${json_data}</arg>
<doc>Verifies that the given item is not empty.</doc>
<status status="PASS" start="2024-08-04T21:14:35.417325" elapsed="0.000164"/>
</kw>
<kw name="Create List" owner="BuiltIn">
<msg time="2024-08-04T21:14:35.417919" level="INFO">${expected_keys} = ['gender', 'name', 'location', 'email', 'login']</msg>
<var>${expected_keys}</var>
<arg>gender</arg>
<arg>name</arg>
<arg>location</arg>
<arg>email</arg>
<arg>login</arg>
<doc>Returns a list containing given items.</doc>
<status status="PASS" start="2024-08-04T21:14:35.417773" elapsed="0.000169"/>
</kw>
<for flavor="IN">
<iter>
<kw name="Dictionary Should Contain Key" owner="Collections">
<arg>${json_data['results'][0]}</arg>
<arg>${key}</arg>
<doc>Fails if ``key`` is not found from ``dictionary``.</doc>
<status status="PASS" start="2024-08-04T21:14:35.418582" elapsed="0.000401"/>
</kw>
<kw name="Log" owner="BuiltIn">
<msg time="2024-08-04T21:14:35.419530" level="INFO">{'gender': 'male', 'name': {'title': 'Mr', 'first': 'Santelmo', 'last': 'Moraes'}, 'location': {'street': {'number': 5544, 'name': 'Rua São José '}, 'city': 'Jequié', 'state': 'Alagoas', 'country': 'Brazil', 'postcode': 24225, 'coordinates': {'latitude': '-73.2259', 'longitude': '-29.9990'}, 'timezone': {'offset': '+5:30', 'description': 'Bombay, Calcutta, Madras, New Delhi'}}, 'email': 'santelmo.moraes@example.com', 'login': {'uuid': 'd9b8c712-dfc9-4066-b429-72cd6a08102d', 'username': 'bluemeercat520', 'password': 'dorian', 'salt': '18WLcAyE', 'md5': '1bb478cf28d63914a28413117cdec228', 'sha1': '8575a2fd0f784654ccaa86c4b46f1cfa07f43a5c', 'sha256': '2053b921f9b8de2726cbae1468e00c054d889d26a31e786adaaebc948740cd35'}, 'dob': {'date': '1953-01-14T02:56:13.379Z', 'age': 71}, 'registered': {'date': '2017-08-27T18:49:35.204Z', 'age': 6}, 'phone': '(36) 0500-1805', 'cell': '(00) 8813-4904', 'id': {'name': 'CPF', 'value': '385.451.392-81'}, 'picture': {'large': 'https://randomuser.me/api/portraits/men/85.jpg', 'medium': 'https://randomuser.me/api/portraits/med/men/85.jpg', 'thumbnail': 'https://randomuser.me/api/portraits/thumb/men/85.jpg'}, 'nat': 'BR'}</msg>
<arg>${json_data['results'][0]}</arg>
<doc>Logs the given message with the given level.</doc>
<status status="PASS" start="2024-08-04T21:14:35.419175" elapsed="0.000405"/>
</kw>
<kw name="Log" owner="BuiltIn">
<msg time="2024-08-04T21:14:35.420012" level="INFO">gender</msg>
<arg>${key}</arg>
<doc>Logs the given message with the given level.</doc>
<status status="PASS" start="2024-08-04T21:14:35.419881" elapsed="0.000170"/>
</kw>
<var name="${key}">gender</var>
<status status="PASS" start="2024-08-04T21:14:35.418453" elapsed="0.001814"/>
</iter>
<iter>
<kw name="Dictionary Should Contain Key" owner="Collections">
<arg>${json_data['results'][0]}</arg>
<arg>${key}</arg>
<doc>Fails if ``key`` is not found from ``dictionary``.</doc>
<status status="PASS" start="2024-08-04T21:14:35.420565" elapsed="0.000395"/>
</kw>
<kw name="Log" owner="BuiltIn">
<msg time="2024-08-04T21:14:35.421491" level="INFO">{'gender': 'male', 'name': {'title': 'Mr', 'first': 'Santelmo', 'last': 'Moraes'}, 'location': {'street': {'number': 5544, 'name': 'Rua São José '}, 'city': 'Jequié', 'state': 'Alagoas', 'country': 'Brazil', 'postcode': 24225, 'coordinates': {'latitude': '-73.2259', 'longitude': '-29.9990'}, 'timezone': {'offset': '+5:30', 'description': 'Bombay, Calcutta, Madras, New Delhi'}}, 'email': 'santelmo.moraes@example.com', 'login': {'uuid': 'd9b8c712-dfc9-4066-b429-72cd6a08102d', 'username': 'bluemeercat520', 'password': 'dorian', 'salt': '18WLcAyE', 'md5': '1bb478cf28d63914a28413117cdec228', 'sha1': '8575a2fd0f784654ccaa86c4b46f1cfa07f43a5c', 'sha256': '2053b921f9b8de2726cbae1468e00c054d889d26a31e786adaaebc948740cd35'}, 'dob': {'date': '1953-01-14T02:56:13.379Z', 'age': 71}, 'registered': {'date': '2017-08-27T18:49:35.204Z', 'age': 6}, 'phone': '(36) 0500-1805', 'cell': '(00) 8813-4904', 'id': {'name': 'CPF', 'value': '385.451.392-81'}, 'picture': {'large': 'https://randomuser.me/api/portraits/men/85.jpg', 'medium': 'https://randomuser.me/api/portraits/med/men/85.jpg', 'thumbnail': 'https://randomuser.me/api/portraits/thumb/men/85.jpg'}, 'nat': 'BR'}</msg>
<arg>${json_data['results'][0]}</arg>
<doc>Logs the given message with the given level.</doc>
<status status="PASS" start="2024-08-04T21:14:35.421142" elapsed="0.000432"/>
</kw>
<kw name="Log" owner="BuiltIn">
<msg time="2024-08-04T21:14:35.421999" level="INFO">name</msg>
<arg>${key}</arg>
<doc>Logs the given message with the given level.</doc>
<status status="PASS" start="2024-08-04T21:14:35.421870" elapsed="0.000203"/>
</kw>
<var name="${key}">name</var>
<status status="PASS" start="2024-08-04T21:14:35.420450" elapsed="0.001854"/>
</iter>
<iter>
<kw name="Dictionary Should Contain Key" owner="Collections">
<arg>${json_data['results'][0]}</arg>
<arg>${key}</arg>
<doc>Fails if ``key`` is not found from ``dictionary``.</doc>
<status status="PASS" start="2024-08-04T21:14:35.422586" elapsed="0.000379"/>
</kw>
<kw name="Log" owner="BuiltIn">
<msg time="2024-08-04T21:14:35.423502" level="INFO">{'gender': 'male', 'name': {'title': 'Mr', 'first': 'Santelmo', 'last': 'Moraes'}, 'location': {'street': {'number': 5544, 'name': 'Rua São José '}, 'city': 'Jequié', 'state': 'Alagoas', 'country': 'Brazil', 'postcode': 24225, 'coordinates': {'latitude': '-73.2259', 'longitude': '-29.9990'}, 'timezone': {'offset': '+5:30', 'description': 'Bombay, Calcutta, Madras, New Delhi'}}, 'email': 'santelmo.moraes@example.com', 'login': {'uuid': 'd9b8c712-dfc9-4066-b429-72cd6a08102d', 'username': 'bluemeercat520', 'password': 'dorian', 'salt': '18WLcAyE', 'md5': '1bb478cf28d63914a28413117cdec228', 'sha1': '8575a2fd0f784654ccaa86c4b46f1cfa07f43a5c', 'sha256': '2053b921f9b8de2726cbae1468e00c054d889d26a31e786adaaebc948740cd35'}, 'dob': {'date': '1953-01-14T02:56:13.379Z', 'age': 71}, 'registered': {'date': '2017-08-27T18:49:35.204Z', 'age': 6}, 'phone': '(36) 0500-1805', 'cell': '(00) 8813-4904', 'id': {'name': 'CPF', 'value': '385.451.392-81'}, 'picture': {'large': 'https://randomuser.me/api/portraits/men/85.jpg', 'medium': 'https://randomuser.me/api/portraits/med/men/85.jpg', 'thumbnail': 'https://randomuser.me/api/portraits/thumb/men/85.jpg'}, 'nat': 'BR'}</msg>
<arg>${json_data['results'][0]}</arg>
<doc>Logs the given message with the given level.</doc>
<status status="PASS" start="2024-08-04T21:14:35.423149" elapsed="0.000403"/>
</kw>
<kw name="Log" owner="BuiltIn">
<msg time="2024-08-04T21:14:35.423980" level="INFO">location</msg>
<arg>${key}</arg>
<doc>Logs the given message with the given level.</doc>
<status status="PASS" start="2024-08-04T21:14:35.423851" elapsed="0.000166"/>
</kw>
<var name="${key}">location</var>
<status status="PASS" start="2024-08-04T21:14:35.422479" elapsed="0.001763"/>
</iter>
<iter>
<kw name="Dictionary Should Contain Key" owner="Collections">
<arg>${json_data['results'][0]}</arg>
<arg>${key}</arg>
<doc>Fails if ``key`` is not found from ``dictionary``.</doc>
<status status="PASS" start="2024-08-04T21:14:35.424519" elapsed="0.000378"/>
</kw>
<kw name="Log" owner="BuiltIn">
<msg time="2024-08-04T21:14:35.425550" level="INFO">{'gender': 'male', 'name': {'title': 'Mr', 'first': 'Santelmo', 'last': 'Moraes'}, 'location': {'street': {'number': 5544, 'name': 'Rua São José '}, 'city': 'Jequié', 'state': 'Alagoas', 'country': 'Brazil', 'postcode': 24225, 'coordinates': {'latitude': '-73.2259', 'longitude': '-29.9990'}, 'timezone': {'offset': '+5:30', 'description': 'Bombay, Calcutta, Madras, New Delhi'}}, 'email': 'santelmo.moraes@example.com', 'login': {'uuid': 'd9b8c712-dfc9-4066-b429-72cd6a08102d', 'username': 'bluemeercat520', 'password': 'dorian', 'salt': '18WLcAyE', 'md5': '1bb478cf28d63914a28413117cdec228', 'sha1': '8575a2fd0f784654ccaa86c4b46f1cfa07f43a5c', 'sha256': '2053b921f9b8de2726cbae1468e00c054d889d26a31e786adaaebc948740cd35'}, 'dob': {'date': '1953-01-14T02:56:13.379Z', 'age': 71}, 'registered': {'date': '2017-08-27T18:49:35.204Z', 'age': 6}, 'phone': '(36) 0500-1805', 'cell': '(00) 8813-4904', 'id': {'name': 'CPF', 'value': '385.451.392-81'}, 'picture': {'large': 'https://randomuser.me/api/portraits/men/85.jpg', 'medium': 'https://randomuser.me/api/portraits/med/men/85.jpg', 'thumbnail': 'https://randomuser.me/api/portraits/thumb/men/85.jpg'}, 'nat': 'BR'}</msg>
<arg>${json_data['results'][0]}</arg>
<doc>Logs the given message with the given level.</doc>
<status status="PASS" start="2024-08-04T21:14:35.425197" elapsed="0.000402"/>
</kw>
<kw name="Log" owner="BuiltIn">
<msg time="2024-08-04T21:14:35.426055" level="INFO">email</msg>
<arg>${key}</arg>
<doc>Logs the given message with the given level.</doc>
<status status="PASS" start="2024-08-04T21:14:35.425894" elapsed="0.000214"/>
</kw>
<var name="${key}">email</var>
<status status="PASS" start="2024-08-04T21:14:35.424413" elapsed="0.001915"/>
</iter>
<iter>
<kw name="Dictionary Should Contain Key" owner="Collections">
<arg>${json_data['results'][0]}</arg>
<arg>${key}</arg>
<doc>Fails if ``key`` is not found from ``dictionary``.</doc>
<status status="PASS" start="2024-08-04T21:14:35.426612" elapsed="0.000374"/>
</kw>
<kw name="Log" owner="BuiltIn">
<msg time="2024-08-04T21:14:35.427522" level="INFO">{'gender': 'male', 'name': {'title': 'Mr', 'first': 'Santelmo', 'last': 'Moraes'}, 'location': {'street': {'number': 5544, 'name': 'Rua São José '}, 'city': 'Jequié', 'state': 'Alagoas', 'country': 'Brazil', 'postcode': 24225, 'coordinates': {'latitude': '-73.2259', 'longitude': '-29.9990'}, 'timezone': {'offset': '+5:30', 'description': 'Bombay, Calcutta, Madras, New Delhi'}}, 'email': 'santelmo.moraes@example.com', 'login': {'uuid': 'd9b8c712-dfc9-4066-b429-72cd6a08102d', 'username': 'bluemeercat520', 'password': 'dorian', 'salt': '18WLcAyE', 'md5': '1bb478cf28d63914a28413117cdec228', 'sha1': '8575a2fd0f784654ccaa86c4b46f1cfa07f43a5c', 'sha256': '2053b921f9b8de2726cbae1468e00c054d889d26a31e786adaaebc948740cd35'}, 'dob': {'date': '1953-01-14T02:56:13.379Z', 'age': 71}, 'registered': {'date': '2017-08-27T18:49:35.204Z', 'age': 6}, 'phone': '(36) 0500-1805', 'cell': '(00) 8813-4904', 'id': {'name': 'CPF', 'value': '385.451.392-81'}, 'picture': {'large': 'https://randomuser.me/api/portraits/men/85.jpg', 'medium': 'https://randomuser.me/api/portraits/med/men/85.jpg', 'thumbnail': 'https://randomuser.me/api/portraits/thumb/men/85.jpg'}, 'nat': 'BR'}</msg>
<arg>${json_data['results'][0]}</arg>
<doc>Logs the given message with the given level.</doc>
<status status="PASS" start="2024-08-04T21:14:35.427167" elapsed="0.000404"/>
</kw>
<kw name="Log" owner="BuiltIn">
<msg time="2024-08-04T21:14:35.428021" level="INFO">login</msg>
<arg>${key}</arg>
<doc>Logs the given message with the given level.</doc>
<status status="PASS" start="2024-08-04T21:14:35.427881" elapsed="0.000177"/>
</kw>
<var name="${key}">login</var>
<status status="PASS" start="2024-08-04T21:14:35.426502" elapsed="0.001771"/>
</iter>
<var>${key}</var>
<value>@{expected_keys}</value>
<status status="PASS" start="2024-08-04T21:14:35.418251" elapsed="0.010144"/>
</for>
<kw name="Create List" owner="BuiltIn">
<msg time="2024-08-04T21:14:35.428716" level="INFO">${expected_keysTwo} = ['username', 'password']</msg>
<var>${expected_keysTwo}</var>
<arg>username</arg>
<arg>password</arg>
<doc>Returns a list containing given items.</doc>
<status status="PASS" start="2024-08-04T21:14:35.428582" elapsed="0.000186"/>
</kw>
<for flavor="IN">
<iter>
<kw name="Dictionary Should Contain Key" owner="Collections">
<arg>${json_data['results'][0]['login']}</arg>
<arg>${keyTwo}</arg>
<doc>Fails if ``key`` is not found from ``dictionary``.</doc>
<status status="PASS" start="2024-08-04T21:14:35.429276" elapsed="0.000386"/>
</kw>
<kw name="Dictionary Should Contain Key" owner="Collections">
<arg>${json_data['results'][0]['login']}</arg>
<arg>${keyTwo}</arg>
<doc>Fails if ``key`` is not found from ``dictionary``.</doc>
<status status="PASS" start="2024-08-04T21:14:35.429841" elapsed="0.000428"/>
</kw>
<kw name="Log" owner="BuiltIn">
<msg time="2024-08-04T21:14:35.430567" level="INFO">username</msg>
<arg>${keyTwo}</arg>
<doc>Logs the given message with the given level.</doc>
<status status="PASS" start="2024-08-04T21:14:35.430447" elapsed="0.000157"/>
</kw>
<var name="${keyTwo}">username</var>
<status status="PASS" start="2024-08-04T21:14:35.429166" elapsed="0.001657"/>
</iter>
<iter>
<kw name="Dictionary Should Contain Key" owner="Collections">
<arg>${json_data['results'][0]['login']}</arg>
<arg>${keyTwo}</arg>
<doc>Fails if ``key`` is not found from ``dictionary``.</doc>
<status status="PASS" start="2024-08-04T21:14:35.431103" elapsed="0.000387"/>
</kw>
<kw name="Dictionary Should Contain Key" owner="Collections">
<arg>${json_data['results'][0]['login']}</arg>
<arg>${keyTwo}</arg>
<doc>Fails if ``key`` is not found from ``dictionary``.</doc>
<status status="PASS" start="2024-08-04T21:14:35.431669" elapsed="0.000367"/>
</kw>
<kw name="Log" owner="BuiltIn">
<msg time="2024-08-04T21:14:35.432459" level="INFO">password</msg>
<arg>${keyTwo}</arg>
<doc>Logs the given message with the given level.</doc>
<status status="PASS" start="2024-08-04T21:14:35.432284" elapsed="0.000242"/>
</kw>
<var name="${keyTwo}">password</var>
<status status="PASS" start="2024-08-04T21:14:35.430996" elapsed="0.001768"/>
</iter>
<var>${keyTwo}</var>
<value>@{expected_keysTwo}</value>
<status status="PASS" start="2024-08-04T21:14:35.429014" elapsed="0.003871"/>
</for>
<status status="PASS" start="2024-08-04T21:14:35.308721" elapsed="0.124305"/>
</kw>
<doc>Testa a estrutura da resposta da API.</doc>
<tag>testeEstruturaResposta</tag>
<status status="PASS" start="2024-08-04T21:14:35.308214" elapsed="0.124973"/>
</test>
<test id="s1-s1-t4" name="Validar tipos de dados" line="28">
<kw name="Teste de Tipos de Dados" owner="random-user-service">
<kw name="GET On Session" owner="RequestsLibrary">
<msg time="2024-08-04T21:14:35.905523" level="INFO">GET Request : url=https://randomuser.me/api 
 path_url=/api 
 headers={'User-Agent': 'python-requests/2.32.3', 'Accept-Encoding': 'gzip, deflate', 'Accept': '*/*', 'Connection': 'keep-alive'} 
 body=None 
 </msg>
<msg time="2024-08-04T21:14:35.905634" level="INFO">GET Response : url=https://randomuser.me/api 
 status=200, reason=OK 
 headers={'Date': 'Sun, 04 Aug 2024 21:14:35 GMT', 'Content-Type': 'application/json; charset=utf-8', 'Transfer-Encoding': 'chunked', 'Connection': 'keep-alive', 'X-Powered-By': 'Express', 'Access-Control-Allow-Origin': '*', 'Cache-Control': 'no-cache', 'ETag': 'W/"495-vnjCIMueC5caTYspVoUyi9RbgvA"', 'Vary': 'Accept-Encoding', 'Content-Encoding': 'gzip', 'CF-Cache-Status': 'DYNAMIC', 'Report-To': '{"endpoints":[{"url":"https:\\/\\/a.nel.cloudflare.com\\/report\\/v4?s=8rsMkDSYeekFccq%2F6kkOxVy43Ew3euQPUZeJ5tv71m5GYhiz2FBKgs82W8pxO3bHPCvbjTJg55j0A9ggceVXHLjmrZCqlYXAPB0thKLpCK4lKkL6aNcpnrmn9iBIOObF"}],"group":"cf-nel","max_age":604800}', 'NEL': '{"success_fraction":0,"report_to":"cf-nel","max_age":604800}', 'Server': 'cloudflare', 'CF-RAY': '8ae18ed3797b2324-ORD', 'alt-svc': 'h3=":443"; ma=86400'} 
 body={"results":[{"gender":"male","name":{"title":"Mr","first":"Gustav","last":"Rasmussen"},"location":{"street":{"number":7516,"name":"Lykkegårdsvej"},"city":"Ugerløse","state":"Nordjylland","country":"Denmark","postcode":53729,"coordinates":{"latitude":"-45.5882","longitude":"-37.5092"},"timezone":{"offset":"+9:00","description":"Tokyo, Seoul, Osaka, Sapporo, Yakutsk"}},"email":"gustav.rasmussen@example.com","login":{"uuid":"5ddc7ea7-2fb4-45e3-a71d-ba1fec469a18","username":"beautifulsnake773","password":"jenna","salt":"k9Srv4mN","md5":"0a98e7052d16f6cceb2500b80c6b8d9f","sha1":"536f0f34bd229b66314310cf165f23b2ae28cf47","sha256":"18f6ba557561208d110e85beed337a505d2a706202ef1d2a75c58b24e606f127"},"dob":{"date":"1982-11-05T09:40:49.250Z","age":41},"registered":{"date":"2003-10-15T01:44:42.658Z","age":20},"phone":"97246605","cell":"47950893","id":{"name":"CPR","value":"051182-9837"},"picture":{"large":"https://randomuser.me/api/portraits/men/95.jpg","medium":"https://randomuser.me/api/portraits/med/men/95.jpg","thumbnail":"https://randomuser.me/api/portraits/thumb/men/95.jpg"},"nat":"DK"}],"info":{"seed":"016d4f308fc9dcc9","results":1,"page":1,"version":"1.4"}} 
 </msg>
<msg time="2024-08-04T21:14:35.905717" level="INFO">/opt/hostedtoolcache/Python/3.12.4/x64/lib/python3.12/site-packages/urllib3/connectionpool.py:1099: InsecureRequestWarning: Unverified HTTPS request is being made to host 'randomuser.me'. Adding certificate verification is strongly advised. See: https://urllib3.readthedocs.io/en/latest/advanced-usage.html#tls-warnings
  warnings.warn(</msg>
<msg time="2024-08-04T21:14:35.905878" level="INFO">${response} = &lt;Response [200]&gt;</msg>
<var>${response}</var>
<arg>consultarAPI</arg>
<arg>/api</arg>
<doc>Sends a GET request on a previously created HTTP Session.</doc>
<status status="PASS" start="2024-08-04T21:14:35.435780" elapsed="0.470150"/>
</kw>
<kw name="Set Variable" owner="BuiltIn">
<msg time="2024-08-04T21:14:35.906985" level="INFO">${json_data} = {'results': [{'gender': 'male', 'name': {'title': 'Mr', 'first': 'Gustav', 'last': 'Rasmussen'}, 'location': {'street': {'number': 7516, 'name': 'Lykkegårdsvej'}, 'city': 'Ugerløse', 'state': 'Nordjyl...</msg>
<var>${json_data}</var>
<arg>${response.json()}</arg>
<doc>Returns the given values which can then be assigned to a variables.</doc>
<status status="PASS" start="2024-08-04T21:14:35.906459" elapsed="0.000555"/>
</kw>
<kw name="Log" owner="BuiltIn">
<msg time="2024-08-04T21:14:35.907474" level="INFO">{'results': [{'gender': 'male', 'name': {'title': 'Mr', 'first': 'Gustav', 'last': 'Rasmussen'}, 'location': {'street': {'number': 7516, 'name': 'Lykkegårdsvej'}, 'city': 'Ugerløse', 'state': 'Nordjylland', 'country': 'Denmark', 'postcode': 53729, 'coordinates': {'latitude': '-45.5882', 'longitude': '-37.5092'}, 'timezone': {'offset': '+9:00', 'description': 'Tokyo, Seoul, Osaka, Sapporo, Yakutsk'}}, 'email': 'gustav.rasmussen@example.com', 'login': {'uuid': '5ddc7ea7-2fb4-45e3-a71d-ba1fec469a18', 'username': 'beautifulsnake773', 'password': 'jenna', 'salt': 'k9Srv4mN', 'md5': '0a98e7052d16f6cceb2500b80c6b8d9f', 'sha1': '536f0f34bd229b66314310cf165f23b2ae28cf47', 'sha256': '18f6ba557561208d110e85beed337a505d2a706202ef1d2a75c58b24e606f127'}, 'dob': {'date': '1982-11-05T09:40:49.250Z', 'age': 41}, 'registered': {'date': '2003-10-15T01:44:42.658Z', 'age': 20}, 'phone': '97246605', 'cell': '47950893', 'id': {'name': 'CPR', 'value': '051182-9837'}, 'picture': {'large': 'https://randomuser.me/api/portraits/men/95.jpg', 'medium': 'https://randomuser.me/api/portraits/med/men/95.jpg', 'thumbnail': 'https://randomuser.me/api/portraits/thumb/men/95.jpg'}, 'nat': 'DK'}], 'info': {'seed': '016d4f308fc9dcc9', 'results': 1, 'page': 1, 'version': '1.4'}}</msg>
<arg>${json_data}</arg>
<doc>Logs the given message with the given level.</doc>
<status status="PASS" start="2024-08-04T21:14:35.907316" elapsed="0.000208"/>
</kw>
<kw name="Should Be String" owner="String">
<arg>${json_data['results'][0]['gender']}</arg>
<doc>Fails if the given ``item`` is not a string.</doc>
<status status="PASS" start="2024-08-04T21:14:35.907817" elapsed="0.000360"/>
</kw>
<kw name="Should Match Regexp" owner="BuiltIn">
<arg>${json_data['results'][0]['email']}</arg>
<arg>^[a-zA-Z0-9._%+-]+@[a-zA-Z0-9.-]+\.[a-zA-Z]{2,}$</arg>
<doc>Fails if ``string`` does not match ``pattern`` as a regular expression.</doc>
<status status="PASS" start="2024-08-04T21:14:35.908366" elapsed="0.000552"/>
</kw>
<kw name="Should Match Regexp" owner="BuiltIn">
<arg>${json_data['results'][0]['dob']['date']}</arg>
<arg>\\d{4}-\\d{2}-\\d{2}T\\d{2}:\\d{2}:\\d{2}\\.\\d{3}Z</arg>
<doc>Fails if ``string`` does not match ``pattern`` as a regular expression.</doc>
<status status="PASS" start="2024-08-04T21:14:35.909111" elapsed="0.000628"/>
</kw>
<kw name="Should Match Regexp" owner="BuiltIn">
<arg>${json_data['results'][0]['registered']['date']}</arg>
<arg>\\d{4}-\\d{2}-\\d{2}T\\d{2}:\\d{2}:\\d{2}\\.\\d{3}Z</arg>
<doc>Fails if ``string`` does not match ``pattern`` as a regular expression.</doc>
<status status="PASS" start="2024-08-04T21:14:35.909933" elapsed="0.000436"/>
</kw>
<kw name="Should Match Regexp" owner="BuiltIn">
<arg>${json_data['results'][0]['picture']['large']}</arg>
<arg>^https?://.*\.(?:png|jpe?g|gif|bmp)$</arg>
<doc>Fails if ``string`` does not match ``pattern`` as a regular expression.</doc>
<status status="PASS" start="2024-08-04T21:14:35.910570" elapsed="0.000472"/>
</kw>
<kw name="Should Match Regexp" owner="BuiltIn">
<arg>${json_data['results'][0]['picture']['medium']}</arg>
<arg>^https?://.*\.(?:png|jpe?g|gif|bmp)$</arg>
<doc>Fails if ``string`` does not match ``pattern`` as a regular expression.</doc>
<status status="PASS" start="2024-08-04T21:14:35.911236" elapsed="0.000383"/>
</kw>
<kw name="Should Match Regexp" owner="BuiltIn">
<arg>${json_data['results'][0]['picture']['thumbnail']}</arg>
<arg>^https?://.*\.(?:png|jpe?g|gif|bmp)$</arg>
<doc>Fails if ``string`` does not match ``pattern`` as a regular expression.</doc>
<status status="PASS" start="2024-08-04T21:14:35.911817" elapsed="0.000359"/>
</kw>
<kw name="Log" owner="BuiltIn">
<msg time="2024-08-04T21:14:35.912720" level="INFO">{'large': 'https://randomuser.me/api/portraits/men/95.jpg', 'medium': 'https://randomuser.me/api/portraits/med/men/95.jpg', 'thumbnail': 'https://randomuser.me/api/portraits/thumb/men/95.jpg'}</msg>
<arg>${json_data['results'][0]['picture']}</arg>
<doc>Logs the given message with the given level.</doc>
<status status="PASS" start="2024-08-04T21:14:35.912370" elapsed="0.000399"/>
</kw>
<status status="PASS" start="2024-08-04T21:14:35.435542" elapsed="0.477532"/>
</kw>
<kw name="Teste de Tipos de Dados - Postcode" owner="random-user-service">
<kw name="GET On Session" owner="RequestsLibrary">
<msg time="2024-08-04T21:14:36.164692" level="INFO">GET Request : url=https://randomuser.me/api 
 path_url=/api 
 headers={'User-Agent': 'python-requests/2.32.3', 'Accept-Encoding': 'gzip, deflate', 'Accept': '*/*', 'Connection': 'keep-alive'} 
 body=None 
 </msg>
<msg time="2024-08-04T21:14:36.164804" level="INFO">GET Response : url=https://randomuser.me/api 
 status=200, reason=OK 
 headers={'Date': 'Sun, 04 Aug 2024 21:14:36 GMT', 'Content-Type': 'application/json; charset=utf-8', 'Transfer-Encoding': 'chunked', 'Connection': 'keep-alive', 'X-Powered-By': 'Express', 'Access-Control-Allow-Origin': '*', 'Cache-Control': 'no-cache', 'ETag': 'W/"48c-siuzhFU23Sfc2PRc8tWX746EGnk"', 'Vary': 'Accept-Encoding', 'Content-Encoding': 'gzip', 'CF-Cache-Status': 'DYNAMIC', 'Report-To': '{"endpoints":[{"url":"https:\\/\\/a.nel.cloudflare.com\\/report\\/v4?s=oYDQSGlM0UMdB2O9pcoPE%2FLcQ%2FXcfwCuHnWKaC%2BD%2FN2fiBTVLhWcr7c7VWzjdtJ%2BooFgl31h6oFJd2JeSUIFVng9PbOy3sk2A6kUMZD9Z72IPCv0rSIP7aVDnb95R1C4"}],"group":"cf-nel","max_age":604800}', 'NEL': '{"success_fraction":0,"report_to":"cf-nel","max_age":604800}', 'Server': 'cloudflare', 'CF-RAY': '8ae18ed67cdd2324-ORD', 'alt-svc': 'h3=":443"; ma=86400'} 
 body={"results":[{"gender":"male","name":{"title":"Monsieur","first":"Romain","last":"Morin"},"location":{"street":{"number":7703,"name":"Rue du Château"},"city":"Movelier","state":"Ticino","country":"Switzerland","postcode":1977,"coordinates":{"latitude":"-60.2582","longitude":"-41.9340"},"timezone":{"offset":"-11:00","description":"Midway Island, Samoa"}},"email":"romain.morin@example.com","login":{"uuid":"db0cc9c4-23c9-41e3-a44f-cc171d1cddcc","username":"crazyzebra825","password":"craig","salt":"inVLg6n5","md5":"8da118874015186cb7746cc7e12099fa","sha1":"1120fccbe781709c596d680bcea0deab9f8e72fb","sha256":"def3e7cf7ecc24e4b78c9b53e5dc978230a648973c33d695de3caa7f2529138a"},"dob":{"date":"1988-04-27T06:57:25.147Z","age":36},"registered":{"date":"2003-10-30T08:05:56.540Z","age":20},"phone":"079 088 87 73","cell":"075 324 54 41","id":{"name":"AVS","value":"756.5379.2542.35"},"picture":{"large":"https://randomuser.me/api/portraits/men/47.jpg","medium":"https://randomuser.me/api/portraits/med/men/47.jpg","thumbnail":"https://randomuser.me/api/portraits/thumb/men/47.jpg"},"nat":"CH"}],"info":{"seed":"6747f78769494913","results":1,"page":1,"version":"1.4"}} 
 </msg>
<msg time="2024-08-04T21:14:36.164887" level="INFO">/opt/hostedtoolcache/Python/3.12.4/x64/lib/python3.12/site-packages/urllib3/connectionpool.py:1099: InsecureRequestWarning: Unverified HTTPS request is being made to host 'randomuser.me'. Adding certificate verification is strongly advised. See: https://urllib3.readthedocs.io/en/latest/advanced-usage.html#tls-warnings
  warnings.warn(</msg>
<msg time="2024-08-04T21:14:36.165046" level="INFO">${response} = &lt;Response [200]&gt;</msg>
<var>${response}</var>
<arg>consultarAPI</arg>
<arg>/api</arg>
<doc>Sends a GET request on a previously created HTTP Session.</doc>
<status status="PASS" start="2024-08-04T21:14:35.913549" elapsed="0.251550"/>
</kw>
<kw name="Set Variable" owner="BuiltIn">
<msg time="2024-08-04T21:14:36.166193" level="INFO">${json_data} = {'results': [{'gender': 'male', 'name': {'title': 'Monsieur', 'first': 'Romain', 'last': 'Morin'}, 'location': {'street': {'number': 7703, 'name': 'Rue du Château'}, 'city': 'Movelier', 'state': 'Tici...</msg>
<var>${json_data}</var>
<arg>${response.json()}</arg>
<doc>Returns the given values which can then be assigned to a variables.</doc>
<status status="PASS" start="2024-08-04T21:14:36.165624" elapsed="0.000599"/>
</kw>
<kw name="Log" owner="BuiltIn">
<msg time="2024-08-04T21:14:36.166693" level="INFO">{'results': [{'gender': 'male', 'name': {'title': 'Monsieur', 'first': 'Romain', 'last': 'Morin'}, 'location': {'street': {'number': 7703, 'name': 'Rue du Château'}, 'city': 'Movelier', 'state': 'Ticino', 'country': 'Switzerland', 'postcode': 1977, 'coordinates': {'latitude': '-60.2582', 'longitude': '-41.9340'}, 'timezone': {'offset': '-11:00', 'description': 'Midway Island, Samoa'}}, 'email': 'romain.morin@example.com', 'login': {'uuid': 'db0cc9c4-23c9-41e3-a44f-cc171d1cddcc', 'username': 'crazyzebra825', 'password': 'craig', 'salt': 'inVLg6n5', 'md5': '8da118874015186cb7746cc7e12099fa', 'sha1': '1120fccbe781709c596d680bcea0deab9f8e72fb', 'sha256': 'def3e7cf7ecc24e4b78c9b53e5dc978230a648973c33d695de3caa7f2529138a'}, 'dob': {'date': '1988-04-27T06:57:25.147Z', 'age': 36}, 'registered': {'date': '2003-10-30T08:05:56.540Z', 'age': 20}, 'phone': '079 088 87 73', 'cell': '075 324 54 41', 'id': {'name': 'AVS', 'value': '756.5379.2542.35'}, 'picture': {'large': 'https://randomuser.me/api/portraits/men/47.jpg', 'medium': 'https://randomuser.me/api/portraits/med/men/47.jpg', 'thumbnail': 'https://randomuser.me/api/portraits/thumb/men/47.jpg'}, 'nat': 'CH'}], 'info': {'seed': '6747f78769494913', 'results': 1, 'page': 1, 'version': '1.4'}}</msg>
<arg>${json_data}</arg>
<doc>Logs the given message with the given level.</doc>
<status status="PASS" start="2024-08-04T21:14:36.166532" elapsed="0.000210"/>
</kw>
<kw name="Should Be Equal As Numbers" owner="BuiltIn">
<arg>${json_data['results'][0]['location']['postcode']}</arg>
<arg>${json_data['results'][0]['location']['postcode']}</arg>
<doc>Fails if objects are unequal after converting them to real numbers.</doc>
<status status="PASS" start="2024-08-04T21:14:36.167036" elapsed="0.000614"/>
</kw>
<kw name="Log" owner="BuiltIn">
<msg time="2024-08-04T21:14:36.168178" level="INFO">1977</msg>
<arg>${json_data['results'][0]['location']['postcode']}</arg>
<doc>Logs the given message with the given level.</doc>
<status status="PASS" start="2024-08-04T21:14:36.167838" elapsed="0.000417"/>
</kw>
<status status="PASS" start="2024-08-04T21:14:35.913312" elapsed="0.255202"/>
</kw>
<doc>Testa se os tipos de dados na resposta da API estão corretos.</doc>
<tag>testeTiposDados</tag>
<status status="PASS" start="2024-08-04T21:14:35.434984" elapsed="0.733700"/>
</test>
<test id="s1-s1-t5" name="Validar conteudo" line="35">
<kw name="Teste de Tipos de Conteudo" owner="random-user-service">
<kw name="GET On Session" owner="RequestsLibrary">
<msg time="2024-08-04T21:14:36.304406" level="INFO">GET Request : url=https://randomuser.me/api 
 path_url=/api 
 headers={'User-Agent': 'python-requests/2.32.3', 'Accept-Encoding': 'gzip, deflate', 'Accept': '*/*', 'Connection': 'keep-alive'} 
 body=None 
 </msg>
<msg time="2024-08-04T21:14:36.304534" level="INFO">GET Response : url=https://randomuser.me/api 
 status=200, reason=OK 
 headers={'Date': 'Sun, 04 Aug 2024 21:14:36 GMT', 'Content-Type': 'application/json; charset=utf-8', 'Transfer-Encoding': 'chunked', 'Connection': 'keep-alive', 'X-Powered-By': 'Express', 'Access-Control-Allow-Origin': '*', 'Cache-Control': 'no-cache', 'ETag': 'W/"47f-F7uMPi3OqpyYtbLhhGi2uKy/+cY"', 'Vary': 'Accept-Encoding', 'Content-Encoding': 'gzip', 'CF-Cache-Status': 'DYNAMIC', 'Report-To': '{"endpoints":[{"url":"https:\\/\\/a.nel.cloudflare.com\\/report\\/v4?s=ccjKUNX0MC1G%2F4cIUr0aXB3zAvS3Slsk8J507q5b84DI55g2Z8GFkq5GS7y%2FJbK%2BX3rWibYpKqz%2Bnu0XrfKFdkfOZCRBmDvmItqFC1qHtQevKRzpxIYmkWk%2Fx3lk7%2Bcy"}],"group":"cf-nel","max_age":604800}', 'NEL': '{"success_fraction":0,"report_to":"cf-nel","max_age":604800}', 'Server': 'cloudflare', 'CF-RAY': '8ae18ed81f372324-ORD', 'alt-svc': 'h3=":443"; ma=86400'} 
 body={"results":[{"gender":"male","name":{"title":"Mr","first":"Rafael","last":"Suarez"},"location":{"street":{"number":5184,"name":"Calle de Ángel García"},"city":"Torrevieja","state":"La Rioja","country":"Spain","postcode":88004,"coordinates":{"latitude":"-38.0742","longitude":"-170.1053"},"timezone":{"offset":"+5:45","description":"Kathmandu"}},"email":"rafael.suarez@example.com","login":{"uuid":"deb8becd-5197-4568-b287-f9072ddbf0bb","username":"orangeladybug995","password":"bond007","salt":"uhJEuxGR","md5":"f83c224401a8470d1a658257b979ca26","sha1":"6ab9f4e90bbe31f62b6520f2a904acb3591420ca","sha256":"59cd1344679d279860693bf0d7e814dcf0b7af2260f98dff93c60fc9e2c52a41"},"dob":{"date":"1979-06-04T03:41:19.532Z","age":45},"registered":{"date":"2002-12-25T12:28:49.643Z","age":21},"phone":"918-879-067","cell":"632-886-235","id":{"name":"DNI","value":"44890754-C"},"picture":{"large":"https://randomuser.me/api/portraits/men/43.jpg","medium":"https://randomuser.me/api/portraits/med/men/43.jpg","thumbnail":"https://randomuser.me/api/portraits/thumb/men/43.jpg"},"nat":"ES"}],"info":{"seed":"3be99c9829b68bcb","results":1,"page":1,"version":"1.4"}} 
 </msg>
<msg time="2024-08-04T21:14:36.304626" level="INFO">/opt/hostedtoolcache/Python/3.12.4/x64/lib/python3.12/site-packages/urllib3/connectionpool.py:1099: InsecureRequestWarning: Unverified HTTPS request is being made to host 'randomuser.me'. Adding certificate verification is strongly advised. See: https://urllib3.readthedocs.io/en/latest/advanced-usage.html#tls-warnings
  warnings.warn(</msg>
<msg time="2024-08-04T21:14:36.304771" level="INFO">${response} = &lt;Response [200]&gt;</msg>
<var>${response}</var>
<arg>consultarAPI</arg>
<arg>/api</arg>
<doc>Sends a GET request on a previously created HTTP Session.</doc>
<status status="PASS" start="2024-08-04T21:14:36.171411" elapsed="0.133403"/>
</kw>
<kw name="Set Variable" owner="BuiltIn">
<msg time="2024-08-04T21:14:36.305842" level="INFO">${json_data} = {'results': [{'gender': 'male', 'name': {'title': 'Mr', 'first': 'Rafael', 'last': 'Suarez'}, 'location': {'street': {'number': 5184, 'name': 'Calle de Ángel García'}, 'city': 'Torrevieja', 'state': '...</msg>
<var>${json_data}</var>
<arg>${response.json()}</arg>
<doc>Returns the given values which can then be assigned to a variables.</doc>
<status status="PASS" start="2024-08-04T21:14:36.305320" elapsed="0.000552"/>
</kw>
<kw name="Set Variable" owner="BuiltIn">
<msg time="2024-08-04T21:14:36.306609" level="INFO">${name_title} = Mr</msg>
<var>${name_title}</var>
<arg>${json_data["results"][0]["name"]["title"]}</arg>
<doc>Returns the given values which can then be assigned to a variables.</doc>
<status status="PASS" start="2024-08-04T21:14:36.306227" elapsed="0.000409"/>
</kw>
<kw name="Create List" owner="BuiltIn">
<msg time="2024-08-04T21:14:36.307079" level="INFO">${allowed_titles} = ['Mr', 'Ms', 'Miss', 'Mrs', 'Madame', 'Monsieur']</msg>
<var>${allowed_titles}</var>
<arg>Mr</arg>
<arg>Ms</arg>
<arg>Miss</arg>
<arg>Mrs</arg>
<arg>Madame</arg>
<arg>Monsieur</arg>
<doc>Returns a list containing given items.</doc>
<status status="PASS" start="2024-08-04T21:14:36.306930" elapsed="0.000174"/>
</kw>
<kw name="List Should Contain Value" owner="Collections">
<arg>${allowed_titles}</arg>
<arg>${name_title}</arg>
<doc>Fails if the ``value`` is not found from ``list``.</doc>
<status status="PASS" start="2024-08-04T21:14:36.307405" elapsed="0.000181"/>
</kw>
<kw name="Set Variable" owner="BuiltIn">
<msg time="2024-08-04T21:14:36.308130" level="INFO">${name_country} = ES</msg>
<var>${name_country}</var>
<arg>${json_data["results"][0]["nat"]}</arg>
<doc>Returns the given values which can then be assigned to a variables.</doc>
<status status="PASS" start="2024-08-04T21:14:36.307764" elapsed="0.000391"/>
</kw>
<kw name="Create List" owner="BuiltIn">
<msg time="2024-08-04T21:14:36.309033" level="INFO">${list_country} = ['AD', 'AE', 'AF', 'AG', 'AI', 'AL', 'AM', 'AO', 'AQ', 'AR', 'AS', 'AT', 'AU', 'AW', 'AX', 'AZ', 'BA', 'BB', 'BD', 'BE', 'BF', 'BG', 'BH', 'BI', 'BJ', 'BL', 'BM', 'BN', 'BO', 'BQ', 'BR', 'BS', 'BT', '...</msg>
<var>${list_country}</var>
<arg>AD</arg>
<arg>AE</arg>
<arg>AF</arg>
<arg>AG</arg>
<arg>AI</arg>
<arg>AL</arg>
<arg>AM</arg>
<arg>AO</arg>
<arg>AQ</arg>
<arg>AR</arg>
<arg>AS</arg>
<arg>AT</arg>
<arg>AU</arg>
<arg>AW</arg>
<arg>AX</arg>
<arg>AZ</arg>
<arg>BA</arg>
<arg>BB</arg>
<arg>BD</arg>
<arg>BE</arg>
<arg>BF</arg>
<arg>BG</arg>
<arg>BH</arg>
<arg>BI</arg>
<arg>BJ</arg>
<arg>BL</arg>
<arg>BM</arg>
<arg>BN</arg>
<arg>BO</arg>
<arg>BQ</arg>
<arg>BR</arg>
<arg>BS</arg>
<arg>BT</arg>
<arg>BV</arg>
<arg>BW</arg>
<arg>BY</arg>
<arg>BZ</arg>
<arg>CA</arg>
<arg>CC</arg>
<arg>CD</arg>
<arg>CF</arg>
<arg>CG</arg>
<arg>CH</arg>
<arg>CI</arg>
<arg>CK</arg>
<arg>CL</arg>
<arg>CM</arg>
<arg>CN</arg>
<arg>CO</arg>
<arg>CR</arg>
<arg>CU</arg>
<arg>CV</arg>
<arg>CW</arg>
<arg>CX</arg>
<arg>CY</arg>
<arg>CZ</arg>
<arg>DE</arg>
<arg>DJ</arg>
<arg>DK</arg>
<arg>DM</arg>
<arg>DO</arg>
<arg>DZ</arg>
<arg>EC</arg>
<arg>EE</arg>
<arg>EG</arg>
<arg>EH</arg>
<arg>ER</arg>
<arg>ES</arg>
<arg>ET</arg>
<arg>FI</arg>
<arg>FJ</arg>
<arg>FK</arg>
<arg>FM</arg>
<arg>FO</arg>
<arg>FR</arg>
<arg>GA</arg>
<arg>GB</arg>
<arg>GD</arg>
<arg>GE</arg>
<arg>GF</arg>
<arg>GG</arg>
<arg>GH</arg>
<arg>GI</arg>
<arg>GL</arg>
<arg>GM</arg>
<arg>GN</arg>
<arg>GP</arg>
<arg>GQ</arg>
<arg>GR</arg>
<arg>GS</arg>
<arg>GT</arg>
<arg>GU</arg>
<arg>GW</arg>
<arg>GY</arg>
<arg>HK</arg>
<arg>HM</arg>
<arg>HN</arg>
<arg>HR</arg>
<arg>HT</arg>
<arg>HU</arg>
<arg>ID</arg>
<arg>IE</arg>
<arg>IL</arg>
<arg>IM</arg>
<arg>IN</arg>
<arg>IO</arg>
<arg>IQ</arg>
<arg>IR</arg>
<arg>IS</arg>
<arg>IT</arg>
<arg>JE</arg>
<arg>JM</arg>
<arg>JO</arg>
<arg>JP</arg>
<arg>KE</arg>
<arg>KG</arg>
<arg>KH</arg>
<arg>KI</arg>
<arg>KM</arg>
<arg>KN</arg>
<arg>KP</arg>
<arg>KR</arg>
<arg>KW</arg>
<arg>KY</arg>
<arg>KZ</arg>
<arg>LA</arg>
<arg>LB</arg>
<arg>LC</arg>
<arg>LI</arg>
<arg>LK</arg>
<arg>LR</arg>
<arg>LS</arg>
<arg>LT</arg>
<arg>LU</arg>
<arg>LV</arg>
<arg>LY</arg>
<arg>MA</arg>
<arg>MC</arg>
<arg>MD</arg>
<arg>ME</arg>
<arg>MF</arg>
<arg>MG</arg>
<arg>MH</arg>
<arg>MK</arg>
<arg>ML</arg>
<arg>MM</arg>
<arg>MN</arg>
<arg>MO</arg>
<arg>MP</arg>
<arg>MQ</arg>
<arg>MR</arg>
<arg>MS</arg>
<arg>MT</arg>
<arg>MU</arg>
<arg>MV</arg>
<arg>MW</arg>
<arg>MX</arg>
<arg>MY</arg>
<arg>MZ</arg>
<arg>NA</arg>
<arg>NC</arg>
<arg>NE</arg>
<arg>NF</arg>
<arg>NG</arg>
<arg>NI</arg>
<arg>NL</arg>
<arg>NO</arg>
<arg>NP</arg>
<arg>NR</arg>
<arg>NU</arg>
<arg>NZ</arg>
<arg>OM</arg>
<arg>PA</arg>
<arg>PE</arg>
<arg>PF</arg>
<arg>PG</arg>
<arg>PH</arg>
<arg>PK</arg>
<arg>PL</arg>
<arg>PM</arg>
<arg>PN</arg>
<arg>PR</arg>
<arg>PS</arg>
<arg>PT</arg>
<arg>PW</arg>
<arg>PY</arg>
<arg>QA</arg>
<arg>RE</arg>
<arg>RO</arg>
<arg>RS</arg>
<arg>RU</arg>
<arg>RW</arg>
<arg>SA</arg>
<arg>SB</arg>
<arg>SC</arg>
<arg>SD</arg>
<arg>SE</arg>
<arg>SG</arg>
<arg>SH</arg>
<arg>SI</arg>
<arg>SJ</arg>
<arg>SK</arg>
<arg>SL</arg>
<arg>SM</arg>
<arg>SN</arg>
<arg>SO</arg>
<arg>SR</arg>
<arg>SS</arg>
<arg>ST</arg>
<arg>SV</arg>
<arg>SX</arg>
<arg>SY</arg>
<arg>SZ</arg>
<arg>TC</arg>
<arg>TD</arg>
<arg>TF</arg>
<arg>TG</arg>
<arg>TH</arg>
<arg>TJ</arg>
<arg>TK</arg>
<arg>TL</arg>
<arg>TM</arg>
<arg>TN</arg>
<arg>TO</arg>
<arg>TR</arg>
<arg>TT</arg>
<arg>TV</arg>
<arg>TW</arg>
<arg>TZ</arg>
<arg>UA</arg>
<arg>UG</arg>
<arg>UM</arg>
<arg>US</arg>
<arg>UY</arg>
<arg>UZ</arg>
<arg>VA</arg>
<arg>VC</arg>
<arg>VE</arg>
<arg>VG</arg>
<arg>VI</arg>
<arg>VN</arg>
<arg>VU</arg>
<arg>WF</arg>
<arg>WS</arg>
<arg>XK</arg>
<arg>YE</arg>
<arg>YT</arg>
<arg>ZA</arg>
<arg>ZM</arg>
<arg>ZW</arg>
<doc>Returns a list containing given items.</doc>
<status status="PASS" start="2024-08-04T21:14:36.308441" elapsed="0.000618"/>
</kw>
<kw name="List Should Contain Value" owner="Collections">
<arg>${list_country}</arg>
<arg>${name_country}</arg>
<doc>Fails if the ``value`` is not found from ``list``.</doc>
<status status="PASS" start="2024-08-04T21:14:36.310055" elapsed="0.000220"/>
</kw>
<kw name="Run Keyword If" owner="BuiltIn">
<kw name="Should Be True" owner="BuiltIn">
<arg>${True}</arg>
<doc>Fails if the given condition is not true.</doc>
<status status="PASS" start="2024-08-04T21:14:36.311221" elapsed="0.000141"/>
</kw>
<arg>${json_data["results"][0]["location"]["coordinates"]["latitude"]} &gt;= -90 and ${json_data["results"][0]["location"]["coordinates"]["latitude"]} &lt;= 90</arg>
<arg>Should Be True</arg>
<arg>${True}</arg>
<doc>Runs the given keyword with the given arguments, if ``condition`` is true.</doc>
<status status="PASS" start="2024-08-04T21:14:36.310483" elapsed="0.001003"/>
</kw>
<kw name="Run Keyword If" owner="BuiltIn">
<kw name="Should Be True" owner="BuiltIn">
<arg>${True}</arg>
<doc>Fails if the given condition is not true.</doc>
<status status="PASS" start="2024-08-04T21:14:36.312343" elapsed="0.000134"/>
</kw>
<arg>${json_data["results"][0]["location"]["coordinates"]["longitude"]} &gt;= -180 and ${json_data["results"][0]["location"]["coordinates"]["longitude"]} &lt;= 180</arg>
<arg>Should Be True</arg>
<arg>${True}</arg>
<doc>Runs the given keyword with the given arguments, if ``condition`` is true.</doc>
<status status="PASS" start="2024-08-04T21:14:36.311661" elapsed="0.000936"/>
</kw>
<status status="PASS" start="2024-08-04T21:14:36.171151" elapsed="0.141573"/>
</kw>
<doc>Testa o conteúdo específico dos campos retornados pela API.</doc>
<tag>testeConteudo</tag>
<status status="PASS" start="2024-08-04T21:14:36.170540" elapsed="0.142338"/>
</test>
<status status="PASS" start="2024-08-04T21:14:34.743165" elapsed="1.571617"/>
</suite>
<status status="PASS" start="2024-08-04T21:14:34.728654" elapsed="1.591147"/>
</suite>
<statistics>
<total>
<stat pass="5" fail="0" skip="0">All Tests</stat>
</total>
<tag>
<stat pass="1" fail="0" skip="0">testeConteudo</stat>
<stat pass="1" fail="0" skip="0">testeEstruturaResposta</stat>
<stat pass="1" fail="0" skip="0">testeRequisicaoBasica</stat>
<stat pass="1" fail="0" skip="0">testeTiposDados</stat>
</tag>
<suite>
<stat pass="5" fail="0" skip="0" id="s1" name="Tests">Tests</stat>
<stat pass="5" fail="0" skip="0" id="s1-s1" name="Random-User-Test">Tests.Random-User-Test</stat>
</suite>
</statistics>
<errors>
</errors>
</robot>
