<?xml version="1.0" encoding="UTF-8"?>
<robot generator="Robot 7.0 (Python 3.12.3 on linux)" generated="2024-06-01T17:13:05.854007" rpa="false" schemaversion="5">
<suite id="s1" name="Tests" source="/home/runner/work/ApiRandomUser/ApiRandomUser/RamdonUser/tests">
<suite id="s1-s1" name="Random-User-Test" source="/home/runner/work/ApiRandomUser/ApiRandomUser/RamdonUser/tests/random-user-test.robot">
<test id="s1-s1-t1" name="Conectar" line="13">
<kw name="Conectar API" owner="random-user-service">
<kw name="Create Session" owner="RequestsLibrary">
<msg time="2024-06-01T17:13:06.251394" level="INFO">Creating Session using : alias=consultarAPI, url=https://randomuser.me/, headers={},                     cookies={}, auth=None, timeout=None, proxies=None, verify=False,                     debug=0 </msg>
<arg>consultarAPI</arg>
<arg>${URL}</arg>
<doc>Create Session: create a HTTP session to a server</doc>
<status status="PASS" start="2024-06-01T17:13:06.251183" elapsed="0.000390"/>
</kw>
<status status="PASS" start="2024-06-01T17:13:06.250081" elapsed="0.001857"/>
</kw>
<status status="PASS" start="2024-06-01T17:13:06.249525" elapsed="0.002608"/>
</test>
<test id="s1-s1-t2" name="Validar retorno 200 e JSON Válido" line="16">
<kw name="Teste de Requisicao Basica" owner="random-user-service">
<kw name="GET On Session" owner="RequestsLibrary">
<msg time="2024-06-01T17:13:06.537454" level="INFO">GET Request : url=https://randomuser.me/api 
 path_url=/api 
 headers={'User-Agent': 'python-requests/2.32.3', 'Accept-Encoding': 'gzip, deflate', 'Accept': '*/*', 'Connection': 'keep-alive'} 
 body=None 
 </msg>
<msg time="2024-06-01T17:13:06.537640" level="INFO">GET Response : url=https://randomuser.me/api 
 status=200, reason=OK 
 headers={'Date': 'Sat, 01 Jun 2024 17:13:06 GMT', 'Content-Type': 'application/json; charset=utf-8', 'Transfer-Encoding': 'chunked', 'Connection': 'keep-alive', 'X-Powered-By': 'Express', 'Access-Control-Allow-Origin': '*', 'Cache-Control': 'no-cache', 'ETag': 'W/"4a0-1fhbOCS8r3xa0rUI8EieLiq7m4k"', 'Vary': 'Accept-Encoding', 'Content-Encoding': 'gzip', 'CF-Cache-Status': 'DYNAMIC', 'Report-To': '{"endpoints":[{"url":"https:\\/\\/a.nel.cloudflare.com\\/report\\/v4?s=W6Wk6aqKcSO3XaXhvnUwyy8dbI0sRzcYMc3JdXiiUjbD3lC0ME1E58HXlIImAcWiQ8xdGlaDH03ouwGRtwtGCal9EPDwQBz0c4yjiviP5QIXkOx3lME6HoDbQsKDG29p"}],"group":"cf-nel","max_age":604800}', 'NEL': '{"success_fraction":0,"report_to":"cf-nel","max_age":604800}', 'Server': 'cloudflare', 'CF-RAY': '88d0d5173b9f17e0-SJC', 'alt-svc': 'h3=":443"; ma=86400'} 
 body={"results":[{"gender":"female","name":{"title":"Miss","first":"Alisa","last":"Lampinen"},"location":{"street":{"number":2600,"name":"Korkeavuorenkatu"},"city":"Geta","state":"Southern Ostrobothnia","country":"Finland","postcode":38200,"coordinates":{"latitude":"-25.4277","longitude":"120.2786"},"timezone":{"offset":"+6:00","description":"Almaty, Dhaka, Colombo"}},"email":"alisa.lampinen@example.com","login":{"uuid":"074c450c-5b6a-4690-899e-9e10ae66eeb7","username":"whitemouse905","password":"marino13","salt":"TANAMcVK","md5":"8bc2b4cea16726701d49471350b55a99","sha1":"761a438146649d425b7f27e6e8f2d1adcc146a86","sha256":"a2aa6f82686e6896b3a12784be0a14c1e1c0febb6469a96cd9e67b5d86d85a6b"},"dob":{"date":"1951-03-05T07:57:36.838Z","age":73},"registered":{"date":"2002-06-10T11:54:52.805Z","age":21},"phone":"09-448-874","cell":"043-522-87-02","id":{"name":"HETU","value":"NaNNA114undefined"},"picture":{"large":"https://randomuser.me/api/portraits/women/64.jpg","medium":"https://randomuser.me/api/portraits/med/women/64.jpg","thumbnail":"https://randomuser.me/api/portraits/thumb/women/64.jpg"},"nat":"FI"}],"info":{"seed":"fdb980b15209d1d6","results":1,"page":1,"version":"1.4"}} 
 </msg>
<msg time="2024-06-01T17:13:06.537751" level="INFO">/opt/hostedtoolcache/Python/3.12.3/x64/lib/python3.12/site-packages/urllib3/connectionpool.py:1103: InsecureRequestWarning: Unverified HTTPS request is being made to host 'randomuser.me'. Adding certificate verification is strongly advised. See: https://urllib3.readthedocs.io/en/latest/advanced-usage.html#tls-warnings
  warnings.warn(</msg>
<msg time="2024-06-01T17:13:06.537897" level="INFO">${response} = &lt;Response [200]&gt;</msg>
<var>${response}</var>
<arg>consultarAPI</arg>
<arg>/api</arg>
<doc>Sends a GET request on a previously created HTTP Session.</doc>
<status status="PASS" start="2024-06-01T17:13:06.254725" elapsed="0.283214"/>
</kw>
<kw name="Should Be Equal As Numbers" owner="BuiltIn">
<msg time="2024-06-01T17:13:06.539072" level="INFO">Argument types are:
&lt;class 'int'&gt;
&lt;class 'str'&gt;</msg>
<arg>${response.status_code}</arg>
<arg>200</arg>
<doc>Fails if objects are unequal after converting them to real numbers.</doc>
<status status="PASS" start="2024-06-01T17:13:06.538609" elapsed="0.000529"/>
</kw>
<kw name="Log" owner="BuiltIn">
<msg time="2024-06-01T17:13:06.539835" level="INFO">200</msg>
<arg>${response.status_code}</arg>
<doc>Logs the given message with the given level.</doc>
<status status="PASS" start="2024-06-01T17:13:06.539489" elapsed="0.000395"/>
</kw>
<kw name="Set Variable" owner="BuiltIn">
<msg time="2024-06-01T17:13:06.540669" level="INFO">${json_data} = {'results': [{'gender': 'female', 'name': {'title': 'Miss', 'first': 'Alisa', 'last': 'Lampinen'}, 'location': {'street': {'number': 2600, 'name': 'Korkeavuorenkatu'}, 'city': 'Geta', 'state': 'Southe...</msg>
<var>${json_data}</var>
<arg>${response.json()}</arg>
<doc>Returns the given values which can then be assigned to a variables.</doc>
<status status="PASS" start="2024-06-01T17:13:06.540195" elapsed="0.000503"/>
</kw>
<kw name="Dictionary Should Contain Key" owner="Collections">
<msg time="2024-06-01T17:13:06.541169" level="INFO">False</msg>
<arg>${json_data}</arg>
<arg>results</arg>
<doc>Fails if ``key`` is not found from ``dictionary``.</doc>
<status status="PASS" start="2024-06-01T17:13:06.541000" elapsed="0.000207"/>
</kw>
<status status="PASS" start="2024-06-01T17:13:06.254473" elapsed="0.286994"/>
</kw>
<doc>Testa se a API responde corretamente e retorna um objeto JSON válido.</doc>
<tag>testeRequisicaoBasica</tag>
<status status="PASS" start="2024-06-01T17:13:06.254015" elapsed="0.287635"/>
</test>
<test id="s1-s1-t3" name="Validar estrutura de resposta" line="22">
<kw name="Teste de Estrutura de Resposta" owner="random-user-service">
<kw name="GET On Session" owner="RequestsLibrary">
<msg time="2024-06-01T17:13:06.630469" level="INFO">GET Request : url=https://randomuser.me/api 
 path_url=/api 
 headers={'User-Agent': 'python-requests/2.32.3', 'Accept-Encoding': 'gzip, deflate', 'Accept': '*/*', 'Connection': 'keep-alive'} 
 body=None 
 </msg>
<msg time="2024-06-01T17:13:06.630561" level="INFO">GET Response : url=https://randomuser.me/api 
 status=200, reason=OK 
 headers={'Date': 'Sat, 01 Jun 2024 17:13:06 GMT', 'Content-Type': 'application/json; charset=utf-8', 'Transfer-Encoding': 'chunked', 'Connection': 'keep-alive', 'X-Powered-By': 'Express', 'Access-Control-Allow-Origin': '*', 'Cache-Control': 'no-cache', 'ETag': 'W/"475-DMzcFNYxVTtLTWoY8L9wQR022Cg"', 'Vary': 'Accept-Encoding', 'Content-Encoding': 'gzip', 'CF-Cache-Status': 'DYNAMIC', 'Report-To': '{"endpoints":[{"url":"https:\\/\\/a.nel.cloudflare.com\\/report\\/v4?s=Plm5vAHaXfb%2FSpdeySu2lULaYYfcQ8OZI1NzFK2fc2OMe2MTajoTDQ4JW1LRzB7X2N%2B1VeWL6Ho0%2B3Q9u2sz42Xep4F7srOEa8ThNq8rDsb6K0MrcPMvWT3Myzu10PIL"}],"group":"cf-nel","max_age":604800}', 'NEL': '{"success_fraction":0,"report_to":"cf-nel","max_age":604800}', 'Server': 'cloudflare', 'CF-RAY': '88d0d517ec7817e0-SJC', 'alt-svc': 'h3=":443"; ma=86400'} 
 body={"results":[{"gender":"female","name":{"title":"Mrs","first":"Livia","last":"Østervold"},"location":{"street":{"number":3407,"name":"Gamle Enebakkvei"},"city":"Siggerud","state":"Oslo","country":"Norway","postcode":"1813","coordinates":{"latitude":"39.9992","longitude":"23.3208"},"timezone":{"offset":"+5:45","description":"Kathmandu"}},"email":"livia.ostervold@example.com","login":{"uuid":"9f8b53b9-85b7-4484-9add-85b9170b6b9f","username":"ticklishlion422","password":"sonja","salt":"wUErGtMN","md5":"e57ecec8b1d3e9e8fceb82ded1162e16","sha1":"e3832cc4fd71e198eec9baa15c982f8624eef375","sha256":"f0f694c24b133958d691cb3d6c1417b41a6dfe3ffc3bafb3f64364f0f71a52a9"},"dob":{"date":"1985-11-25T19:40:29.462Z","age":38},"registered":{"date":"2014-09-26T07:21:53.305Z","age":9},"phone":"50647694","cell":"96808137","id":{"name":"FN","value":"25118548828"},"picture":{"large":"https://randomuser.me/api/portraits/women/10.jpg","medium":"https://randomuser.me/api/portraits/med/women/10.jpg","thumbnail":"https://randomuser.me/api/portraits/thumb/women/10.jpg"},"nat":"NO"}],"info":{"seed":"df37a72cf83e8007","results":1,"page":1,"version":"1.4"}} 
 </msg>
<msg time="2024-06-01T17:13:06.630703" level="INFO">/opt/hostedtoolcache/Python/3.12.3/x64/lib/python3.12/site-packages/urllib3/connectionpool.py:1103: InsecureRequestWarning: Unverified HTTPS request is being made to host 'randomuser.me'. Adding certificate verification is strongly advised. See: https://urllib3.readthedocs.io/en/latest/advanced-usage.html#tls-warnings
  warnings.warn(</msg>
<msg time="2024-06-01T17:13:06.630827" level="INFO">${response} = &lt;Response [200]&gt;</msg>
<var>${response}</var>
<arg>consultarAPI</arg>
<arg>/api</arg>
<doc>Sends a GET request on a previously created HTTP Session.</doc>
<status status="PASS" start="2024-06-01T17:13:06.544369" elapsed="0.086502"/>
</kw>
<kw name="Set Variable" owner="BuiltIn">
<msg time="2024-06-01T17:13:06.631720" level="INFO">${json_data} = {'results': [{'gender': 'female', 'name': {'title': 'Mrs', 'first': 'Livia', 'last': 'Østervold'}, 'location': {'street': {'number': 3407, 'name': 'Gamle Enebakkvei'}, 'city': 'Siggerud', 'state': 'Os...</msg>
<var>${json_data}</var>
<arg>${response.json()}</arg>
<doc>Returns the given values which can then be assigned to a variables.</doc>
<status status="PASS" start="2024-06-01T17:13:06.631260" elapsed="0.000491"/>
</kw>
<kw name="Log" owner="BuiltIn">
<msg time="2024-06-01T17:13:06.632216" level="INFO">{'results': [{'gender': 'female', 'name': {'title': 'Mrs', 'first': 'Livia', 'last': 'Østervold'}, 'location': {'street': {'number': 3407, 'name': 'Gamle Enebakkvei'}, 'city': 'Siggerud', 'state': 'Oslo', 'country': 'Norway', 'postcode': '1813', 'coordinates': {'latitude': '39.9992', 'longitude': '23.3208'}, 'timezone': {'offset': '+5:45', 'description': 'Kathmandu'}}, 'email': 'livia.ostervold@example.com', 'login': {'uuid': '9f8b53b9-85b7-4484-9add-85b9170b6b9f', 'username': 'ticklishlion422', 'password': 'sonja', 'salt': 'wUErGtMN', 'md5': 'e57ecec8b1d3e9e8fceb82ded1162e16', 'sha1': 'e3832cc4fd71e198eec9baa15c982f8624eef375', 'sha256': 'f0f694c24b133958d691cb3d6c1417b41a6dfe3ffc3bafb3f64364f0f71a52a9'}, 'dob': {'date': '1985-11-25T19:40:29.462Z', 'age': 38}, 'registered': {'date': '2014-09-26T07:21:53.305Z', 'age': 9}, 'phone': '50647694', 'cell': '96808137', 'id': {'name': 'FN', 'value': '25118548828'}, 'picture': {'large': 'https://randomuser.me/api/portraits/women/10.jpg', 'medium': 'https://randomuser.me/api/portraits/med/women/10.jpg', 'thumbnail': 'https://randomuser.me/api/portraits/thumb/women/10.jpg'}, 'nat': 'NO'}], 'info': {'seed': 'df37a72cf83e8007', 'results': 1, 'page': 1, 'version': '1.4'}}</msg>
<arg>${json_data}</arg>
<doc>Logs the given message with the given level.</doc>
<status status="PASS" start="2024-06-01T17:13:06.632057" elapsed="0.000208"/>
</kw>
<kw name="Dictionary Should Contain Key" owner="Collections">
<msg time="2024-06-01T17:13:06.632748" level="INFO">False</msg>
<arg>${json_data}</arg>
<arg>results</arg>
<doc>Fails if ``key`` is not found from ``dictionary``.</doc>
<status status="PASS" start="2024-06-01T17:13:06.632593" elapsed="0.000192"/>
</kw>
<kw name="Should Not Be Empty" owner="BuiltIn">
<msg time="2024-06-01T17:13:06.633212" level="INFO">Length is 2.</msg>
<arg>${json_data}</arg>
<doc>Verifies that the given item is not empty.</doc>
<status status="PASS" start="2024-06-01T17:13:06.633080" elapsed="0.000169"/>
</kw>
<kw name="Create List" owner="BuiltIn">
<msg time="2024-06-01T17:13:06.633680" level="INFO">${expected_keys} = ['gender', 'name', 'location', 'email', 'login']</msg>
<var>${expected_keys}</var>
<arg>gender</arg>
<arg>name</arg>
<arg>location</arg>
<arg>email</arg>
<arg>login</arg>
<doc>Returns a list containing given items.</doc>
<status status="PASS" start="2024-06-01T17:13:06.633535" elapsed="0.000169"/>
</kw>
<for flavor="IN">
<iter>
<kw name="Dictionary Should Contain Key" owner="Collections">
<msg time="2024-06-01T17:13:06.634676" level="INFO">False</msg>
<arg>${json_data['results'][0]}</arg>
<arg>${key}</arg>
<doc>Fails if ``key`` is not found from ``dictionary``.</doc>
<status status="PASS" start="2024-06-01T17:13:06.634279" elapsed="0.000435"/>
</kw>
<kw name="Log" owner="BuiltIn">
<msg time="2024-06-01T17:13:06.635392" level="INFO">{'gender': 'female', 'name': {'title': 'Mrs', 'first': 'Livia', 'last': 'Østervold'}, 'location': {'street': {'number': 3407, 'name': 'Gamle Enebakkvei'}, 'city': 'Siggerud', 'state': 'Oslo', 'country': 'Norway', 'postcode': '1813', 'coordinates': {'latitude': '39.9992', 'longitude': '23.3208'}, 'timezone': {'offset': '+5:45', 'description': 'Kathmandu'}}, 'email': 'livia.ostervold@example.com', 'login': {'uuid': '9f8b53b9-85b7-4484-9add-85b9170b6b9f', 'username': 'ticklishlion422', 'password': 'sonja', 'salt': 'wUErGtMN', 'md5': 'e57ecec8b1d3e9e8fceb82ded1162e16', 'sha1': 'e3832cc4fd71e198eec9baa15c982f8624eef375', 'sha256': 'f0f694c24b133958d691cb3d6c1417b41a6dfe3ffc3bafb3f64364f0f71a52a9'}, 'dob': {'date': '1985-11-25T19:40:29.462Z', 'age': 38}, 'registered': {'date': '2014-09-26T07:21:53.305Z', 'age': 9}, 'phone': '50647694', 'cell': '96808137', 'id': {'name': 'FN', 'value': '25118548828'}, 'picture': {'large': 'https://randomuser.me/api/portraits/women/10.jpg', 'medium': 'https://randomuser.me/api/portraits/med/women/10.jpg', 'thumbnail': 'https://randomuser.me/api/portraits/thumb/women/10.jpg'}, 'nat': 'NO'}</msg>
<arg>${json_data['results'][0]}</arg>
<doc>Logs the given message with the given level.</doc>
<status status="PASS" start="2024-06-01T17:13:06.635019" elapsed="0.000423"/>
</kw>
<kw name="Log" owner="BuiltIn">
<msg time="2024-06-01T17:13:06.635881" level="INFO">gender</msg>
<arg>${key}</arg>
<doc>Logs the given message with the given level.</doc>
<status status="PASS" start="2024-06-01T17:13:06.635753" elapsed="0.000165"/>
</kw>
<var name="${key}">gender</var>
<status status="PASS" start="2024-06-01T17:13:06.634154" elapsed="0.001978"/>
</iter>
<iter>
<kw name="Dictionary Should Contain Key" owner="Collections">
<msg time="2024-06-01T17:13:06.636843" level="INFO">False</msg>
<arg>${json_data['results'][0]}</arg>
<arg>${key}</arg>
<doc>Fails if ``key`` is not found from ``dictionary``.</doc>
<status status="PASS" start="2024-06-01T17:13:06.636451" elapsed="0.000429"/>
</kw>
<kw name="Log" owner="BuiltIn">
<msg time="2024-06-01T17:13:06.637567" level="INFO">{'gender': 'female', 'name': {'title': 'Mrs', 'first': 'Livia', 'last': 'Østervold'}, 'location': {'street': {'number': 3407, 'name': 'Gamle Enebakkvei'}, 'city': 'Siggerud', 'state': 'Oslo', 'country': 'Norway', 'postcode': '1813', 'coordinates': {'latitude': '39.9992', 'longitude': '23.3208'}, 'timezone': {'offset': '+5:45', 'description': 'Kathmandu'}}, 'email': 'livia.ostervold@example.com', 'login': {'uuid': '9f8b53b9-85b7-4484-9add-85b9170b6b9f', 'username': 'ticklishlion422', 'password': 'sonja', 'salt': 'wUErGtMN', 'md5': 'e57ecec8b1d3e9e8fceb82ded1162e16', 'sha1': 'e3832cc4fd71e198eec9baa15c982f8624eef375', 'sha256': 'f0f694c24b133958d691cb3d6c1417b41a6dfe3ffc3bafb3f64364f0f71a52a9'}, 'dob': {'date': '1985-11-25T19:40:29.462Z', 'age': 38}, 'registered': {'date': '2014-09-26T07:21:53.305Z', 'age': 9}, 'phone': '50647694', 'cell': '96808137', 'id': {'name': 'FN', 'value': '25118548828'}, 'picture': {'large': 'https://randomuser.me/api/portraits/women/10.jpg', 'medium': 'https://randomuser.me/api/portraits/med/women/10.jpg', 'thumbnail': 'https://randomuser.me/api/portraits/thumb/women/10.jpg'}, 'nat': 'NO'}</msg>
<arg>${json_data['results'][0]}</arg>
<doc>Logs the given message with the given level.</doc>
<status status="PASS" start="2024-06-01T17:13:06.637206" elapsed="0.000410"/>
</kw>
<kw name="Log" owner="BuiltIn">
<msg time="2024-06-01T17:13:06.638035" level="INFO">name</msg>
<arg>${key}</arg>
<doc>Logs the given message with the given level.</doc>
<status status="PASS" start="2024-06-01T17:13:06.637911" elapsed="0.000161"/>
</kw>
<var name="${key}">name</var>
<status status="PASS" start="2024-06-01T17:13:06.636315" elapsed="0.001970"/>
</iter>
<iter>
<kw name="Dictionary Should Contain Key" owner="Collections">
<msg time="2024-06-01T17:13:06.638947" level="INFO">False</msg>
<arg>${json_data['results'][0]}</arg>
<arg>${key}</arg>
<doc>Fails if ``key`` is not found from ``dictionary``.</doc>
<status status="PASS" start="2024-06-01T17:13:06.638576" elapsed="0.000407"/>
</kw>
<kw name="Log" owner="BuiltIn">
<msg time="2024-06-01T17:13:06.639639" level="INFO">{'gender': 'female', 'name': {'title': 'Mrs', 'first': 'Livia', 'last': 'Østervold'}, 'location': {'street': {'number': 3407, 'name': 'Gamle Enebakkvei'}, 'city': 'Siggerud', 'state': 'Oslo', 'country': 'Norway', 'postcode': '1813', 'coordinates': {'latitude': '39.9992', 'longitude': '23.3208'}, 'timezone': {'offset': '+5:45', 'description': 'Kathmandu'}}, 'email': 'livia.ostervold@example.com', 'login': {'uuid': '9f8b53b9-85b7-4484-9add-85b9170b6b9f', 'username': 'ticklishlion422', 'password': 'sonja', 'salt': 'wUErGtMN', 'md5': 'e57ecec8b1d3e9e8fceb82ded1162e16', 'sha1': 'e3832cc4fd71e198eec9baa15c982f8624eef375', 'sha256': 'f0f694c24b133958d691cb3d6c1417b41a6dfe3ffc3bafb3f64364f0f71a52a9'}, 'dob': {'date': '1985-11-25T19:40:29.462Z', 'age': 38}, 'registered': {'date': '2014-09-26T07:21:53.305Z', 'age': 9}, 'phone': '50647694', 'cell': '96808137', 'id': {'name': 'FN', 'value': '25118548828'}, 'picture': {'large': 'https://randomuser.me/api/portraits/women/10.jpg', 'medium': 'https://randomuser.me/api/portraits/med/women/10.jpg', 'thumbnail': 'https://randomuser.me/api/portraits/thumb/women/10.jpg'}, 'nat': 'NO'}</msg>
<arg>${json_data['results'][0]}</arg>
<doc>Logs the given message with the given level.</doc>
<status status="PASS" start="2024-06-01T17:13:06.639274" elapsed="0.000415"/>
</kw>
<kw name="Log" owner="BuiltIn">
<msg time="2024-06-01T17:13:06.640108" level="INFO">location</msg>
<arg>${key}</arg>
<doc>Logs the given message with the given level.</doc>
<status status="PASS" start="2024-06-01T17:13:06.639984" elapsed="0.000162"/>
</kw>
<var name="${key}">location</var>
<status status="PASS" start="2024-06-01T17:13:06.638461" elapsed="0.001899"/>
</iter>
<iter>
<kw name="Dictionary Should Contain Key" owner="Collections">
<msg time="2024-06-01T17:13:06.641058" level="INFO">False</msg>
<arg>${json_data['results'][0]}</arg>
<arg>${key}</arg>
<doc>Fails if ``key`` is not found from ``dictionary``.</doc>
<status status="PASS" start="2024-06-01T17:13:06.640687" elapsed="0.000412"/>
</kw>
<kw name="Log" owner="BuiltIn">
<msg time="2024-06-01T17:13:06.641756" level="INFO">{'gender': 'female', 'name': {'title': 'Mrs', 'first': 'Livia', 'last': 'Østervold'}, 'location': {'street': {'number': 3407, 'name': 'Gamle Enebakkvei'}, 'city': 'Siggerud', 'state': 'Oslo', 'country': 'Norway', 'postcode': '1813', 'coordinates': {'latitude': '39.9992', 'longitude': '23.3208'}, 'timezone': {'offset': '+5:45', 'description': 'Kathmandu'}}, 'email': 'livia.ostervold@example.com', 'login': {'uuid': '9f8b53b9-85b7-4484-9add-85b9170b6b9f', 'username': 'ticklishlion422', 'password': 'sonja', 'salt': 'wUErGtMN', 'md5': 'e57ecec8b1d3e9e8fceb82ded1162e16', 'sha1': 'e3832cc4fd71e198eec9baa15c982f8624eef375', 'sha256': 'f0f694c24b133958d691cb3d6c1417b41a6dfe3ffc3bafb3f64364f0f71a52a9'}, 'dob': {'date': '1985-11-25T19:40:29.462Z', 'age': 38}, 'registered': {'date': '2014-09-26T07:21:53.305Z', 'age': 9}, 'phone': '50647694', 'cell': '96808137', 'id': {'name': 'FN', 'value': '25118548828'}, 'picture': {'large': 'https://randomuser.me/api/portraits/women/10.jpg', 'medium': 'https://randomuser.me/api/portraits/med/women/10.jpg', 'thumbnail': 'https://randomuser.me/api/portraits/thumb/women/10.jpg'}, 'nat': 'NO'}</msg>
<arg>${json_data['results'][0]}</arg>
<doc>Logs the given message with the given level.</doc>
<status status="PASS" start="2024-06-01T17:13:06.641394" elapsed="0.000411"/>
</kw>
<kw name="Log" owner="BuiltIn">
<msg time="2024-06-01T17:13:06.642227" level="INFO">email</msg>
<arg>${key}</arg>
<doc>Logs the given message with the given level.</doc>
<status status="PASS" start="2024-06-01T17:13:06.642100" elapsed="0.000163"/>
</kw>
<var name="${key}">email</var>
<status status="PASS" start="2024-06-01T17:13:06.640570" elapsed="0.001906"/>
</iter>
<iter>
<kw name="Dictionary Should Contain Key" owner="Collections">
<msg time="2024-06-01T17:13:06.643131" level="INFO">False</msg>
<arg>${json_data['results'][0]}</arg>
<arg>${key}</arg>
<doc>Fails if ``key`` is not found from ``dictionary``.</doc>
<status status="PASS" start="2024-06-01T17:13:06.642754" elapsed="0.000413"/>
</kw>
<kw name="Log" owner="BuiltIn">
<msg time="2024-06-01T17:13:06.643828" level="INFO">{'gender': 'female', 'name': {'title': 'Mrs', 'first': 'Livia', 'last': 'Østervold'}, 'location': {'street': {'number': 3407, 'name': 'Gamle Enebakkvei'}, 'city': 'Siggerud', 'state': 'Oslo', 'country': 'Norway', 'postcode': '1813', 'coordinates': {'latitude': '39.9992', 'longitude': '23.3208'}, 'timezone': {'offset': '+5:45', 'description': 'Kathmandu'}}, 'email': 'livia.ostervold@example.com', 'login': {'uuid': '9f8b53b9-85b7-4484-9add-85b9170b6b9f', 'username': 'ticklishlion422', 'password': 'sonja', 'salt': 'wUErGtMN', 'md5': 'e57ecec8b1d3e9e8fceb82ded1162e16', 'sha1': 'e3832cc4fd71e198eec9baa15c982f8624eef375', 'sha256': 'f0f694c24b133958d691cb3d6c1417b41a6dfe3ffc3bafb3f64364f0f71a52a9'}, 'dob': {'date': '1985-11-25T19:40:29.462Z', 'age': 38}, 'registered': {'date': '2014-09-26T07:21:53.305Z', 'age': 9}, 'phone': '50647694', 'cell': '96808137', 'id': {'name': 'FN', 'value': '25118548828'}, 'picture': {'large': 'https://randomuser.me/api/portraits/women/10.jpg', 'medium': 'https://randomuser.me/api/portraits/med/women/10.jpg', 'thumbnail': 'https://randomuser.me/api/portraits/thumb/women/10.jpg'}, 'nat': 'NO'}</msg>
<arg>${json_data['results'][0]}</arg>
<doc>Logs the given message with the given level.</doc>
<status status="PASS" start="2024-06-01T17:13:06.643478" elapsed="0.000399"/>
</kw>
<kw name="Log" owner="BuiltIn">
<msg time="2024-06-01T17:13:06.644303" level="INFO">login</msg>
<arg>${key}</arg>
<doc>Logs the given message with the given level.</doc>
<status status="PASS" start="2024-06-01T17:13:06.644175" elapsed="0.000175"/>
</kw>
<var name="${key}">login</var>
<status status="PASS" start="2024-06-01T17:13:06.642646" elapsed="0.001963"/>
</iter>
<var>${key}</var>
<value>@{expected_keys}</value>
<status status="PASS" start="2024-06-01T17:13:06.633965" elapsed="0.010767"/>
</for>
<kw name="Create List" owner="BuiltIn">
<msg time="2024-06-01T17:13:06.645093" level="INFO">${expected_keysTwo} = ['username', 'password']</msg>
<var>${expected_keysTwo}</var>
<arg>username</arg>
<arg>password</arg>
<doc>Returns a list containing given items.</doc>
<status status="PASS" start="2024-06-01T17:13:06.644955" elapsed="0.000161"/>
</kw>
<for flavor="IN">
<iter>
<kw name="Dictionary Should Contain Key" owner="Collections">
<msg time="2024-06-01T17:13:06.646094" level="INFO">False</msg>
<arg>${json_data['results'][0]['login']}</arg>
<arg>${keyTwo}</arg>
<doc>Fails if ``key`` is not found from ``dictionary``.</doc>
<status status="PASS" start="2024-06-01T17:13:06.645608" elapsed="0.000523"/>
</kw>
<kw name="Dictionary Should Contain Key" owner="Collections">
<msg time="2024-06-01T17:13:06.646805" level="INFO">False</msg>
<arg>${json_data['results'][0]['login']}</arg>
<arg>${keyTwo}</arg>
<doc>Fails if ``key`` is not found from ``dictionary``.</doc>
<status status="PASS" start="2024-06-01T17:13:06.646426" elapsed="0.000416"/>
</kw>
<kw name="Log" owner="BuiltIn">
<msg time="2024-06-01T17:13:06.647260" level="INFO">username</msg>
<arg>${keyTwo}</arg>
<doc>Logs the given message with the given level.</doc>
<status status="PASS" start="2024-06-01T17:13:06.647133" elapsed="0.000164"/>
</kw>
<var name="${keyTwo}">username</var>
<status status="PASS" start="2024-06-01T17:13:06.645499" elapsed="0.002012"/>
</iter>
<iter>
<kw name="Dictionary Should Contain Key" owner="Collections">
<msg time="2024-06-01T17:13:06.648160" level="INFO">False</msg>
<arg>${json_data['results'][0]['login']}</arg>
<arg>${keyTwo}</arg>
<doc>Fails if ``key`` is not found from ``dictionary``.</doc>
<status status="PASS" start="2024-06-01T17:13:06.647793" elapsed="0.000403"/>
</kw>
<kw name="Dictionary Should Contain Key" owner="Collections">
<msg time="2024-06-01T17:13:06.648894" level="INFO">False</msg>
<arg>${json_data['results'][0]['login']}</arg>
<arg>${keyTwo}</arg>
<doc>Fails if ``key`` is not found from ``dictionary``.</doc>
<status status="PASS" start="2024-06-01T17:13:06.648508" elapsed="0.000423"/>
</kw>
<kw name="Log" owner="BuiltIn">
<msg time="2024-06-01T17:13:06.649346" level="INFO">password</msg>
<arg>${keyTwo}</arg>
<doc>Logs the given message with the given level.</doc>
<status status="PASS" start="2024-06-01T17:13:06.649220" elapsed="0.000161"/>
</kw>
<var name="${keyTwo}">password</var>
<status status="PASS" start="2024-06-01T17:13:06.647684" elapsed="0.001913"/>
</iter>
<var>${keyTwo}</var>
<value>@{expected_keysTwo}</value>
<status status="PASS" start="2024-06-01T17:13:06.645351" elapsed="0.004367"/>
</for>
<status status="PASS" start="2024-06-01T17:13:06.543978" elapsed="0.105880"/>
</kw>
<doc>Testa a estrutura da resposta da API.</doc>
<tag>testeEstruturaResposta</tag>
<status status="PASS" start="2024-06-01T17:13:06.543468" elapsed="0.106539"/>
</test>
<test id="s1-s1-t4" name="Validar tipos de dados" line="28">
<kw name="Teste de Tipos de Dados" owner="random-user-service">
<kw name="GET On Session" owner="RequestsLibrary">
<msg time="2024-06-01T17:13:06.751987" level="INFO">GET Request : url=https://randomuser.me/api 
 path_url=/api 
 headers={'User-Agent': 'python-requests/2.32.3', 'Accept-Encoding': 'gzip, deflate', 'Accept': '*/*', 'Connection': 'keep-alive'} 
 body=None 
 </msg>
<msg time="2024-06-01T17:13:06.752073" level="INFO">GET Response : url=https://randomuser.me/api 
 status=200, reason=OK 
 headers={'Date': 'Sat, 01 Jun 2024 17:13:06 GMT', 'Content-Type': 'application/json; charset=utf-8', 'Transfer-Encoding': 'chunked', 'Connection': 'keep-alive', 'X-Powered-By': 'Express', 'Access-Control-Allow-Origin': '*', 'Cache-Control': 'no-cache', 'ETag': 'W/"4a9-gjLBtt8iFucWCwIkOiF0F5oeWgo"', 'Vary': 'Accept-Encoding', 'Content-Encoding': 'gzip', 'CF-Cache-Status': 'DYNAMIC', 'Report-To': '{"endpoints":[{"url":"https:\\/\\/a.nel.cloudflare.com\\/report\\/v4?s=ZO9neLChYYxfWKPngMbtyiR4iqreUQjQOZ8npJuUqAw78bI8IMmsvEjYMFCN1QUTE40sqJyTzU2FmrJrhsRybKy8%2Fu4cZt7YmwWmhpFmVIPS8QWU2sSaHW4Gdj14Cx7u"}],"group":"cf-nel","max_age":604800}', 'NEL': '{"success_fraction":0,"report_to":"cf-nel","max_age":604800}', 'Server': 'cloudflare', 'CF-RAY': '88d0d5189d0717e0-SJC', 'alt-svc': 'h3=":443"; ma=86400'} 
 body={"results":[{"gender":"female","name":{"title":"Mrs","first":"Andrea","last":"Carroll"},"location":{"street":{"number":7467,"name":"Westheimer Rd"},"city":"Lakeland","state":"Maryland","country":"United States","postcode":14076,"coordinates":{"latitude":"84.5920","longitude":"69.1529"},"timezone":{"offset":"+5:00","description":"Ekaterinburg, Islamabad, Karachi, Tashkent"}},"email":"andrea.carroll@example.com","login":{"uuid":"025abf76-097b-4531-bb8f-aaf4e6492617","username":"yellowostrich669","password":"lewis","salt":"JCTwmgBR","md5":"8a81fc573731153e6ca33381772a9cd4","sha1":"0e5a02d7e515346ef1651d29c5d441d5069a0172","sha256":"9eb5e60635ea800cecfc54540a25af0b1884d139ed169266ed959297255b5504"},"dob":{"date":"1998-05-12T05:13:31.507Z","age":26},"registered":{"date":"2007-05-22T09:25:55.303Z","age":17},"phone":"(525) 330-4498","cell":"(675) 677-4594","id":{"name":"SSN","value":"891-13-9529"},"picture":{"large":"https://randomuser.me/api/portraits/women/89.jpg","medium":"https://randomuser.me/api/portraits/med/women/89.jpg","thumbnail":"https://randomuser.me/api/portraits/thumb/women/89.jpg"},"nat":"US"}],"info":{"seed":"1adeb7305d7c5e6a","results":1,"page":1,"version":"1.4"}} 
 </msg>
<msg time="2024-06-01T17:13:06.752146" level="INFO">/opt/hostedtoolcache/Python/3.12.3/x64/lib/python3.12/site-packages/urllib3/connectionpool.py:1103: InsecureRequestWarning: Unverified HTTPS request is being made to host 'randomuser.me'. Adding certificate verification is strongly advised. See: https://urllib3.readthedocs.io/en/latest/advanced-usage.html#tls-warnings
  warnings.warn(</msg>
<msg time="2024-06-01T17:13:06.752233" level="INFO">${response} = &lt;Response [200]&gt;</msg>
<var>${response}</var>
<arg>consultarAPI</arg>
<arg>/api</arg>
<doc>Sends a GET request on a previously created HTTP Session.</doc>
<status status="PASS" start="2024-06-01T17:13:06.652419" elapsed="0.099848"/>
</kw>
<kw name="Set Variable" owner="BuiltIn">
<msg time="2024-06-01T17:13:06.753134" level="INFO">${json_data} = {'results': [{'gender': 'female', 'name': {'title': 'Mrs', 'first': 'Andrea', 'last': 'Carroll'}, 'location': {'street': {'number': 7467, 'name': 'Westheimer Rd'}, 'city': 'Lakeland', 'state': 'Maryla...</msg>
<var>${json_data}</var>
<arg>${response.json()}</arg>
<doc>Returns the given values which can then be assigned to a variables.</doc>
<status status="PASS" start="2024-06-01T17:13:06.752666" elapsed="0.000498"/>
</kw>
<kw name="Log" owner="BuiltIn">
<msg time="2024-06-01T17:13:06.753626" level="INFO">{'results': [{'gender': 'female', 'name': {'title': 'Mrs', 'first': 'Andrea', 'last': 'Carroll'}, 'location': {'street': {'number': 7467, 'name': 'Westheimer Rd'}, 'city': 'Lakeland', 'state': 'Maryland', 'country': 'United States', 'postcode': 14076, 'coordinates': {'latitude': '84.5920', 'longitude': '69.1529'}, 'timezone': {'offset': '+5:00', 'description': 'Ekaterinburg, Islamabad, Karachi, Tashkent'}}, 'email': 'andrea.carroll@example.com', 'login': {'uuid': '025abf76-097b-4531-bb8f-aaf4e6492617', 'username': 'yellowostrich669', 'password': 'lewis', 'salt': 'JCTwmgBR', 'md5': '8a81fc573731153e6ca33381772a9cd4', 'sha1': '0e5a02d7e515346ef1651d29c5d441d5069a0172', 'sha256': '9eb5e60635ea800cecfc54540a25af0b1884d139ed169266ed959297255b5504'}, 'dob': {'date': '1998-05-12T05:13:31.507Z', 'age': 26}, 'registered': {'date': '2007-05-22T09:25:55.303Z', 'age': 17}, 'phone': '(525) 330-4498', 'cell': '(675) 677-4594', 'id': {'name': 'SSN', 'value': '891-13-9529'}, 'picture': {'large': 'https://randomuser.me/api/portraits/women/89.jpg', 'medium': 'https://randomuser.me/api/portraits/med/women/89.jpg', 'thumbnail': 'https://randomuser.me/api/portraits/thumb/women/89.jpg'}, 'nat': 'US'}], 'info': {'seed': '1adeb7305d7c5e6a', 'results': 1, 'page': 1, 'version': '1.4'}}</msg>
<arg>${json_data}</arg>
<doc>Logs the given message with the given level.</doc>
<status status="PASS" start="2024-06-01T17:13:06.753472" elapsed="0.000232"/>
</kw>
<kw name="Should Be String" owner="String">
<arg>${json_data['results'][0]['gender']}</arg>
<doc>Fails if the given ``item`` is not a string.</doc>
<status status="PASS" start="2024-06-01T17:13:06.754008" elapsed="0.000368"/>
</kw>
<kw name="Should Match Regexp" owner="BuiltIn">
<arg>${json_data['results'][0]['email']}</arg>
<arg>^[a-zA-Z0-9._%+-]+@[a-zA-Z0-9.-]+\.[a-zA-Z]{2,}$</arg>
<doc>Fails if ``string`` does not match ``pattern`` as a regular expression.</doc>
<status status="PASS" start="2024-06-01T17:13:06.754572" elapsed="0.000516"/>
</kw>
<kw name="Should Match Regexp" owner="BuiltIn">
<arg>${json_data['results'][0]['dob']['date']}</arg>
<arg>\\d{4}-\\d{2}-\\d{2}T\\d{2}:\\d{2}:\\d{2}\\.\\d{3}Z</arg>
<doc>Fails if ``string`` does not match ``pattern`` as a regular expression.</doc>
<status status="PASS" start="2024-06-01T17:13:06.755288" elapsed="0.000492"/>
</kw>
<kw name="Should Match Regexp" owner="BuiltIn">
<arg>${json_data['results'][0]['registered']['date']}</arg>
<arg>\\d{4}-\\d{2}-\\d{2}T\\d{2}:\\d{2}:\\d{2}\\.\\d{3}Z</arg>
<doc>Fails if ``string`` does not match ``pattern`` as a regular expression.</doc>
<status status="PASS" start="2024-06-01T17:13:06.755977" elapsed="0.000366"/>
</kw>
<kw name="Should Match Regexp" owner="BuiltIn">
<arg>${json_data['results'][0]['picture']['large']}</arg>
<arg>^https?://.*\.(?:png|jpe?g|gif|bmp)$</arg>
<doc>Fails if ``string`` does not match ``pattern`` as a regular expression.</doc>
<status status="PASS" start="2024-06-01T17:13:06.756583" elapsed="0.000474"/>
</kw>
<kw name="Should Match Regexp" owner="BuiltIn">
<arg>${json_data['results'][0]['picture']['medium']}</arg>
<arg>^https?://.*\.(?:png|jpe?g|gif|bmp)$</arg>
<doc>Fails if ``string`` does not match ``pattern`` as a regular expression.</doc>
<status status="PASS" start="2024-06-01T17:13:06.757251" elapsed="0.000354"/>
</kw>
<kw name="Should Match Regexp" owner="BuiltIn">
<arg>${json_data['results'][0]['picture']['thumbnail']}</arg>
<arg>^https?://.*\.(?:png|jpe?g|gif|bmp)$</arg>
<doc>Fails if ``string`` does not match ``pattern`` as a regular expression.</doc>
<status status="PASS" start="2024-06-01T17:13:06.757795" elapsed="0.000353"/>
</kw>
<kw name="Log" owner="BuiltIn">
<msg time="2024-06-01T17:13:06.758678" level="INFO">{'large': 'https://randomuser.me/api/portraits/women/89.jpg', 'medium': 'https://randomuser.me/api/portraits/med/women/89.jpg', 'thumbnail': 'https://randomuser.me/api/portraits/thumb/women/89.jpg'}</msg>
<arg>${json_data['results'][0]['picture']}</arg>
<doc>Logs the given message with the given level.</doc>
<status status="PASS" start="2024-06-01T17:13:06.758335" elapsed="0.000386"/>
</kw>
<status status="PASS" start="2024-06-01T17:13:06.652197" elapsed="0.106785"/>
</kw>
<kw name="Teste de Tipos de Dados - Postcode" owner="random-user-service">
<kw name="GET On Session" owner="RequestsLibrary">
<msg time="2024-06-01T17:13:06.845379" level="INFO">GET Request : url=https://randomuser.me/api 
 path_url=/api 
 headers={'User-Agent': 'python-requests/2.32.3', 'Accept-Encoding': 'gzip, deflate', 'Accept': '*/*', 'Connection': 'keep-alive'} 
 body=None 
 </msg>
<msg time="2024-06-01T17:13:06.845452" level="INFO">GET Response : url=https://randomuser.me/api 
 status=200, reason=OK 
 headers={'Date': 'Sat, 01 Jun 2024 17:13:06 GMT', 'Content-Type': 'application/json; charset=utf-8', 'Transfer-Encoding': 'chunked', 'Connection': 'keep-alive', 'X-Powered-By': 'Express', 'Access-Control-Allow-Origin': '*', 'Cache-Control': 'no-cache', 'ETag': 'W/"471-QsZJdKubSSXSkVtlZDaWuaVQVLk"', 'Vary': 'Accept-Encoding', 'Content-Encoding': 'gzip', 'CF-Cache-Status': 'DYNAMIC', 'Report-To': '{"endpoints":[{"url":"https:\\/\\/a.nel.cloudflare.com\\/report\\/v4?s=LjW%2B%2BoUdWB7KS5%2BbAlA6T03Ao19wS4Z%2FXQkI31SuorGzaQS7my7gJgIE%2FeMeWUeHHYUw%2F2JQM9tZuEbAo4riYliVmiwM2dCTLaYIJ%2Bml%2BP4RFdVw%2BsvV2f1AFgx8kGkA"}],"group":"cf-nel","max_age":604800}', 'NEL': '{"success_fraction":0,"report_to":"cf-nel","max_age":604800}', 'Server': 'cloudflare', 'CF-RAY': '88d0d5194d9017e0-SJC', 'alt-svc': 'h3=":443"; ma=86400'} 
 body={"results":[{"gender":"male","name":{"title":"Mr","first":"Kadir","last":"Durak"},"location":{"street":{"number":3444,"name":"Fatih Sultan Mehmet Cd"},"city":"Aksaray","state":"Balıkesir","country":"Turkey","postcode":49126,"coordinates":{"latitude":"69.0308","longitude":"-113.1571"},"timezone":{"offset":"-9:00","description":"Alaska"}},"email":"kadir.durak@example.com","login":{"uuid":"7425cd16-29dd-4aff-9a79-e06346fc1f2d","username":"lazymeercat940","password":"pertinant","salt":"iKZ2O70Y","md5":"671822e3a7b94feb5e507335bcf56b4c","sha1":"858261009fa36e99a66d5bee9ec09f9865d16ac4","sha256":"d1fc98c73eabcdccedadd164796dda1e6a6f37ce88c3dc0c4dcb59465af510c4"},"dob":{"date":"1946-06-16T03:54:25.458Z","age":77},"registered":{"date":"2010-06-24T19:53:52.857Z","age":13},"phone":"(349)-719-1824","cell":"(340)-125-5767","id":{"name":"","value":null},"picture":{"large":"https://randomuser.me/api/portraits/men/21.jpg","medium":"https://randomuser.me/api/portraits/med/men/21.jpg","thumbnail":"https://randomuser.me/api/portraits/thumb/men/21.jpg"},"nat":"TR"}],"info":{"seed":"a7e5bdbe9d3f6e6b","results":1,"page":1,"version":"1.4"}} 
 </msg>
<msg time="2024-06-01T17:13:06.845532" level="INFO">/opt/hostedtoolcache/Python/3.12.3/x64/lib/python3.12/site-packages/urllib3/connectionpool.py:1103: InsecureRequestWarning: Unverified HTTPS request is being made to host 'randomuser.me'. Adding certificate verification is strongly advised. See: https://urllib3.readthedocs.io/en/latest/advanced-usage.html#tls-warnings
  warnings.warn(</msg>
<msg time="2024-06-01T17:13:06.845634" level="INFO">${response} = &lt;Response [200]&gt;</msg>
<var>${response}</var>
<arg>consultarAPI</arg>
<arg>/api</arg>
<doc>Sends a GET request on a previously created HTTP Session.</doc>
<status status="PASS" start="2024-06-01T17:13:06.759434" elapsed="0.086241"/>
</kw>
<kw name="Set Variable" owner="BuiltIn">
<msg time="2024-06-01T17:13:06.846831" level="INFO">${json_data} = {'results': [{'gender': 'male', 'name': {'title': 'Mr', 'first': 'Kadir', 'last': 'Durak'}, 'location': {'street': {'number': 3444, 'name': 'Fatih Sultan Mehmet Cd'}, 'city': 'Aksaray', 'state': 'Balı...</msg>
<var>${json_data}</var>
<arg>${response.json()}</arg>
<doc>Returns the given values which can then be assigned to a variables.</doc>
<status status="PASS" start="2024-06-01T17:13:06.846216" elapsed="0.000646"/>
</kw>
<kw name="Log" owner="BuiltIn">
<msg time="2024-06-01T17:13:06.847351" level="INFO">{'results': [{'gender': 'male', 'name': {'title': 'Mr', 'first': 'Kadir', 'last': 'Durak'}, 'location': {'street': {'number': 3444, 'name': 'Fatih Sultan Mehmet Cd'}, 'city': 'Aksaray', 'state': 'Balıkesir', 'country': 'Turkey', 'postcode': 49126, 'coordinates': {'latitude': '69.0308', 'longitude': '-113.1571'}, 'timezone': {'offset': '-9:00', 'description': 'Alaska'}}, 'email': 'kadir.durak@example.com', 'login': {'uuid': '7425cd16-29dd-4aff-9a79-e06346fc1f2d', 'username': 'lazymeercat940', 'password': 'pertinant', 'salt': 'iKZ2O70Y', 'md5': '671822e3a7b94feb5e507335bcf56b4c', 'sha1': '858261009fa36e99a66d5bee9ec09f9865d16ac4', 'sha256': 'd1fc98c73eabcdccedadd164796dda1e6a6f37ce88c3dc0c4dcb59465af510c4'}, 'dob': {'date': '1946-06-16T03:54:25.458Z', 'age': 77}, 'registered': {'date': '2010-06-24T19:53:52.857Z', 'age': 13}, 'phone': '(349)-719-1824', 'cell': '(340)-125-5767', 'id': {'name': '', 'value': None}, 'picture': {'large': 'https://randomuser.me/api/portraits/men/21.jpg', 'medium': 'https://randomuser.me/api/portraits/med/men/21.jpg', 'thumbnail': 'https://randomuser.me/api/portraits/thumb/men/21.jpg'}, 'nat': 'TR'}], 'info': {'seed': 'a7e5bdbe9d3f6e6b', 'results': 1, 'page': 1, 'version': '1.4'}}</msg>
<arg>${json_data}</arg>
<doc>Logs the given message with the given level.</doc>
<status status="PASS" start="2024-06-01T17:13:06.847192" elapsed="0.000243"/>
</kw>
<kw name="Should Be Equal As Numbers" owner="BuiltIn">
<arg>${json_data['results'][0]['location']['postcode']}</arg>
<arg>${json_data['results'][0]['location']['postcode']}</arg>
<doc>Fails if objects are unequal after converting them to real numbers.</doc>
<status status="PASS" start="2024-06-01T17:13:06.847742" elapsed="0.000631"/>
</kw>
<kw name="Log" owner="BuiltIn">
<msg time="2024-06-01T17:13:06.848993" level="INFO">49126</msg>
<arg>${json_data['results'][0]['location']['postcode']}</arg>
<doc>Logs the given message with the given level.</doc>
<status status="PASS" start="2024-06-01T17:13:06.848622" elapsed="0.000412"/>
</kw>
<status status="PASS" start="2024-06-01T17:13:06.759200" elapsed="0.090095"/>
</kw>
<doc>Testa se os tipos de dados na resposta da API estão corretos.</doc>
<tag>testeTiposDados</tag>
<status status="PASS" start="2024-06-01T17:13:06.651742" elapsed="0.197722"/>
</test>
<test id="s1-s1-t5" name="Validar conteudo" line="35">
<kw name="Teste de Tipos de Conteudo" owner="random-user-service">
<kw name="GET On Session" owner="RequestsLibrary">
<msg time="2024-06-01T17:13:06.960767" level="INFO">GET Request : url=https://randomuser.me/api 
 path_url=/api 
 headers={'User-Agent': 'python-requests/2.32.3', 'Accept-Encoding': 'gzip, deflate', 'Accept': '*/*', 'Connection': 'keep-alive'} 
 body=None 
 </msg>
<msg time="2024-06-01T17:13:06.960860" level="INFO">GET Response : url=https://randomuser.me/api 
 status=200, reason=OK 
 headers={'Date': 'Sat, 01 Jun 2024 17:13:06 GMT', 'Content-Type': 'application/json; charset=utf-8', 'Transfer-Encoding': 'chunked', 'Connection': 'keep-alive', 'X-Powered-By': 'Express', 'Access-Control-Allow-Origin': '*', 'Cache-Control': 'no-cache', 'ETag': 'W/"47a-nkuMZjet9GOU0GQdgK8eg93Zhw0"', 'Vary': 'Accept-Encoding', 'Content-Encoding': 'gzip', 'CF-Cache-Status': 'DYNAMIC', 'Report-To': '{"endpoints":[{"url":"https:\\/\\/a.nel.cloudflare.com\\/report\\/v4?s=%2BIEHSohgMtK0s%2FNo6UYaGJBuRGyB2Y0fyLYC87rbH80Q23RWv4Sn3PJ3pbw7m9ibOD4C640OxW98e4zks%2BAZ%2F74QG%2BXh%2BssIa93I0nMTflu3Mt3ihGFOzwPLk8eP18oi"}],"group":"cf-nel","max_age":604800}', 'NEL': '{"success_fraction":0,"report_to":"cf-nel","max_age":604800}', 'Server': 'cloudflare', 'CF-RAY': '88d0d519de1917e0-SJC', 'alt-svc': 'h3=":443"; ma=86400'} 
 body={"results":[{"gender":"male","name":{"title":"Mr","first":"Shaun","last":"Brewer"},"location":{"street":{"number":594,"name":"North Road"},"city":"Cork","state":"Louth","country":"Ireland","postcode":37500,"coordinates":{"latitude":"4.2759","longitude":"-29.6999"},"timezone":{"offset":"+5:30","description":"Bombay, Calcutta, Madras, New Delhi"}},"email":"shaun.brewer@example.com","login":{"uuid":"e1b07494-ec86-465e-837d-cbe99b332a14","username":"lazysnake799","password":"catch22","salt":"5VFzyv4b","md5":"8029865ffdb9fc12b8ac4d8ac357ac4d","sha1":"d3c3de2ede4b8a88455042f9b61e21b2a16a3a1c","sha256":"ee9b5ba4aa27b2a91452b6a73b7a204945a09eef9f0f805e520c220b5e8c9480"},"dob":{"date":"1984-08-25T04:25:15.241Z","age":39},"registered":{"date":"2021-02-08T21:09:10.243Z","age":3},"phone":"051-712-1602","cell":"081-744-3440","id":{"name":"PPS","value":"6730519T"},"picture":{"large":"https://randomuser.me/api/portraits/men/61.jpg","medium":"https://randomuser.me/api/portraits/med/men/61.jpg","thumbnail":"https://randomuser.me/api/portraits/thumb/men/61.jpg"},"nat":"IE"}],"info":{"seed":"922ebfd09228dc54","results":1,"page":1,"version":"1.4"}} 
 </msg>
<msg time="2024-06-01T17:13:06.960931" level="INFO">/opt/hostedtoolcache/Python/3.12.3/x64/lib/python3.12/site-packages/urllib3/connectionpool.py:1103: InsecureRequestWarning: Unverified HTTPS request is being made to host 'randomuser.me'. Adding certificate verification is strongly advised. See: https://urllib3.readthedocs.io/en/latest/advanced-usage.html#tls-warnings
  warnings.warn(</msg>
<msg time="2024-06-01T17:13:06.961042" level="INFO">${response} = &lt;Response [200]&gt;</msg>
<var>${response}</var>
<arg>consultarAPI</arg>
<arg>/api</arg>
<doc>Sends a GET request on a previously created HTTP Session.</doc>
<status status="PASS" start="2024-06-01T17:13:06.852755" elapsed="0.108313"/>
</kw>
<kw name="Set Variable" owner="BuiltIn">
<msg time="2024-06-01T17:13:06.962094" level="INFO">${json_data} = {'results': [{'gender': 'male', 'name': {'title': 'Mr', 'first': 'Shaun', 'last': 'Brewer'}, 'location': {'street': {'number': 594, 'name': 'North Road'}, 'city': 'Cork', 'state': 'Louth', 'country': ...</msg>
<var>${json_data}</var>
<arg>${response.json()}</arg>
<doc>Returns the given values which can then be assigned to a variables.</doc>
<status status="PASS" start="2024-06-01T17:13:06.961595" elapsed="0.000527"/>
</kw>
<kw name="Set Variable" owner="BuiltIn">
<msg time="2024-06-01T17:13:06.962811" level="INFO">${name_title} = Mr</msg>
<var>${name_title}</var>
<arg>${json_data["results"][0]["name"]["title"]}</arg>
<doc>Returns the given values which can then be assigned to a variables.</doc>
<status status="PASS" start="2024-06-01T17:13:06.962425" elapsed="0.000411"/>
</kw>
<kw name="Create List" owner="BuiltIn">
<msg time="2024-06-01T17:13:06.963286" level="INFO">${allowed_titles} = ['Mr', 'Ms', 'Miss', 'Mrs', 'Madame', 'Monsieur']</msg>
<var>${allowed_titles}</var>
<arg>Mr</arg>
<arg>Ms</arg>
<arg>Miss</arg>
<arg>Mrs</arg>
<arg>Madame</arg>
<arg>Monsieur</arg>
<doc>Returns a list containing given items.</doc>
<status status="PASS" start="2024-06-01T17:13:06.963138" elapsed="0.000172"/>
</kw>
<kw name="List Should Contain Value" owner="Collections">
<msg time="2024-06-01T17:13:06.963779" level="INFO">False</msg>
<arg>${allowed_titles}</arg>
<arg>${name_title}</arg>
<doc>Fails if the ``value`` is not found from ``list``.</doc>
<status status="PASS" start="2024-06-01T17:13:06.963607" elapsed="0.000215"/>
</kw>
<kw name="Set Variable" owner="BuiltIn">
<msg time="2024-06-01T17:13:06.964507" level="INFO">${name_country} = IE</msg>
<var>${name_country}</var>
<arg>${json_data["results"][0]["nat"]}</arg>
<doc>Returns the given values which can then be assigned to a variables.</doc>
<status status="PASS" start="2024-06-01T17:13:06.964111" elapsed="0.000431"/>
</kw>
<kw name="Create List" owner="BuiltIn">
<msg time="2024-06-01T17:13:06.965441" level="INFO">${list_country} = ['AD', 'AE', 'AF', 'AG', 'AI', 'AL', 'AM', 'AO', 'AQ', 'AR', 'AS', 'AT', 'AU', 'AW', 'AX', 'AZ', 'BA', 'BB', 'BD', 'BE', 'BF', 'BG', 'BH', 'BI', 'BJ', 'BL', 'BM', 'BN', 'BO', 'BQ', 'BR', 'BS', 'BT', '...</msg>
<var>${list_country}</var>
<arg>AD</arg>
<arg>AE</arg>
<arg>AF</arg>
<arg>AG</arg>
<arg>AI</arg>
<arg>AL</arg>
<arg>AM</arg>
<arg>AO</arg>
<arg>AQ</arg>
<arg>AR</arg>
<arg>AS</arg>
<arg>AT</arg>
<arg>AU</arg>
<arg>AW</arg>
<arg>AX</arg>
<arg>AZ</arg>
<arg>BA</arg>
<arg>BB</arg>
<arg>BD</arg>
<arg>BE</arg>
<arg>BF</arg>
<arg>BG</arg>
<arg>BH</arg>
<arg>BI</arg>
<arg>BJ</arg>
<arg>BL</arg>
<arg>BM</arg>
<arg>BN</arg>
<arg>BO</arg>
<arg>BQ</arg>
<arg>BR</arg>
<arg>BS</arg>
<arg>BT</arg>
<arg>BV</arg>
<arg>BW</arg>
<arg>BY</arg>
<arg>BZ</arg>
<arg>CA</arg>
<arg>CC</arg>
<arg>CD</arg>
<arg>CF</arg>
<arg>CG</arg>
<arg>CH</arg>
<arg>CI</arg>
<arg>CK</arg>
<arg>CL</arg>
<arg>CM</arg>
<arg>CN</arg>
<arg>CO</arg>
<arg>CR</arg>
<arg>CU</arg>
<arg>CV</arg>
<arg>CW</arg>
<arg>CX</arg>
<arg>CY</arg>
<arg>CZ</arg>
<arg>DE</arg>
<arg>DJ</arg>
<arg>DK</arg>
<arg>DM</arg>
<arg>DO</arg>
<arg>DZ</arg>
<arg>EC</arg>
<arg>EE</arg>
<arg>EG</arg>
<arg>EH</arg>
<arg>ER</arg>
<arg>ES</arg>
<arg>ET</arg>
<arg>FI</arg>
<arg>FJ</arg>
<arg>FK</arg>
<arg>FM</arg>
<arg>FO</arg>
<arg>FR</arg>
<arg>GA</arg>
<arg>GB</arg>
<arg>GD</arg>
<arg>GE</arg>
<arg>GF</arg>
<arg>GG</arg>
<arg>GH</arg>
<arg>GI</arg>
<arg>GL</arg>
<arg>GM</arg>
<arg>GN</arg>
<arg>GP</arg>
<arg>GQ</arg>
<arg>GR</arg>
<arg>GS</arg>
<arg>GT</arg>
<arg>GU</arg>
<arg>GW</arg>
<arg>GY</arg>
<arg>HK</arg>
<arg>HM</arg>
<arg>HN</arg>
<arg>HR</arg>
<arg>HT</arg>
<arg>HU</arg>
<arg>ID</arg>
<arg>IE</arg>
<arg>IL</arg>
<arg>IM</arg>
<arg>IN</arg>
<arg>IO</arg>
<arg>IQ</arg>
<arg>IR</arg>
<arg>IS</arg>
<arg>IT</arg>
<arg>JE</arg>
<arg>JM</arg>
<arg>JO</arg>
<arg>JP</arg>
<arg>KE</arg>
<arg>KG</arg>
<arg>KH</arg>
<arg>KI</arg>
<arg>KM</arg>
<arg>KN</arg>
<arg>KP</arg>
<arg>KR</arg>
<arg>KW</arg>
<arg>KY</arg>
<arg>KZ</arg>
<arg>LA</arg>
<arg>LB</arg>
<arg>LC</arg>
<arg>LI</arg>
<arg>LK</arg>
<arg>LR</arg>
<arg>LS</arg>
<arg>LT</arg>
<arg>LU</arg>
<arg>LV</arg>
<arg>LY</arg>
<arg>MA</arg>
<arg>MC</arg>
<arg>MD</arg>
<arg>ME</arg>
<arg>MF</arg>
<arg>MG</arg>
<arg>MH</arg>
<arg>MK</arg>
<arg>ML</arg>
<arg>MM</arg>
<arg>MN</arg>
<arg>MO</arg>
<arg>MP</arg>
<arg>MQ</arg>
<arg>MR</arg>
<arg>MS</arg>
<arg>MT</arg>
<arg>MU</arg>
<arg>MV</arg>
<arg>MW</arg>
<arg>MX</arg>
<arg>MY</arg>
<arg>MZ</arg>
<arg>NA</arg>
<arg>NC</arg>
<arg>NE</arg>
<arg>NF</arg>
<arg>NG</arg>
<arg>NI</arg>
<arg>NL</arg>
<arg>NO</arg>
<arg>NP</arg>
<arg>NR</arg>
<arg>NU</arg>
<arg>NZ</arg>
<arg>OM</arg>
<arg>PA</arg>
<arg>PE</arg>
<arg>PF</arg>
<arg>PG</arg>
<arg>PH</arg>
<arg>PK</arg>
<arg>PL</arg>
<arg>PM</arg>
<arg>PN</arg>
<arg>PR</arg>
<arg>PS</arg>
<arg>PT</arg>
<arg>PW</arg>
<arg>PY</arg>
<arg>QA</arg>
<arg>RE</arg>
<arg>RO</arg>
<arg>RS</arg>
<arg>RU</arg>
<arg>RW</arg>
<arg>SA</arg>
<arg>SB</arg>
<arg>SC</arg>
<arg>SD</arg>
<arg>SE</arg>
<arg>SG</arg>
<arg>SH</arg>
<arg>SI</arg>
<arg>SJ</arg>
<arg>SK</arg>
<arg>SL</arg>
<arg>SM</arg>
<arg>SN</arg>
<arg>SO</arg>
<arg>SR</arg>
<arg>SS</arg>
<arg>ST</arg>
<arg>SV</arg>
<arg>SX</arg>
<arg>SY</arg>
<arg>SZ</arg>
<arg>TC</arg>
<arg>TD</arg>
<arg>TF</arg>
<arg>TG</arg>
<arg>TH</arg>
<arg>TJ</arg>
<arg>TK</arg>
<arg>TL</arg>
<arg>TM</arg>
<arg>TN</arg>
<arg>TO</arg>
<arg>TR</arg>
<arg>TT</arg>
<arg>TV</arg>
<arg>TW</arg>
<arg>TZ</arg>
<arg>UA</arg>
<arg>UG</arg>
<arg>UM</arg>
<arg>US</arg>
<arg>UY</arg>
<arg>UZ</arg>
<arg>VA</arg>
<arg>VC</arg>
<arg>VE</arg>
<arg>VG</arg>
<arg>VI</arg>
<arg>VN</arg>
<arg>VU</arg>
<arg>WF</arg>
<arg>WS</arg>
<arg>XK</arg>
<arg>YE</arg>
<arg>YT</arg>
<arg>ZA</arg>
<arg>ZM</arg>
<arg>ZW</arg>
<doc>Returns a list containing given items.</doc>
<status status="PASS" start="2024-06-01T17:13:06.964847" elapsed="0.000619"/>
</kw>
<kw name="List Should Contain Value" owner="Collections">
<msg time="2024-06-01T17:13:06.966480" level="INFO">False</msg>
<arg>${list_country}</arg>
<arg>${name_country}</arg>
<doc>Fails if the ``value`` is not found from ``list``.</doc>
<status status="PASS" start="2024-06-01T17:13:06.966278" elapsed="0.000239"/>
</kw>
<kw name="Run Keyword If" owner="BuiltIn">
<kw name="Should Be True" owner="BuiltIn">
<arg>${True}</arg>
<doc>Fails if the given condition is not true.</doc>
<status status="PASS" start="2024-06-01T17:13:06.967741" elapsed="0.000146"/>
</kw>
<arg>${json_data["results"][0]["location"]["coordinates"]["latitude"]} &gt;= -90 and ${json_data["results"][0]["location"]["coordinates"]["latitude"]} &lt;= 90</arg>
<arg>Should Be True</arg>
<arg>${True}</arg>
<doc>Runs the given keyword with the given arguments, if ``condition`` is true.</doc>
<status status="PASS" start="2024-06-01T17:13:06.966841" elapsed="0.001176"/>
</kw>
<kw name="Run Keyword If" owner="BuiltIn">
<kw name="Should Be True" owner="BuiltIn">
<arg>${True}</arg>
<doc>Fails if the given condition is not true.</doc>
<status status="PASS" start="2024-06-01T17:13:06.968931" elapsed="0.000148"/>
</kw>
<arg>${json_data["results"][0]["location"]["coordinates"]["longitude"]} &gt;= -180 and ${json_data["results"][0]["location"]["coordinates"]["longitude"]} &lt;= 180</arg>
<arg>Should Be True</arg>
<arg>${True}</arg>
<doc>Runs the given keyword with the given arguments, if ``condition`` is true.</doc>
<status status="PASS" start="2024-06-01T17:13:06.968204" elapsed="0.001000"/>
</kw>
<status status="PASS" start="2024-06-01T17:13:06.852347" elapsed="0.116990"/>
</kw>
<doc>Testa o conteúdo específico dos campos retornados pela API.</doc>
<tag>testeConteudo</tag>
<status status="PASS" start="2024-06-01T17:13:06.851622" elapsed="0.117868"/>
</test>
<status status="PASS" start="2024-06-01T17:13:05.914102" elapsed="1.057357"/>
</suite>
<status status="PASS" start="2024-06-01T17:13:05.900521" elapsed="1.076208"/>
</suite>
<statistics>
<total>
<stat pass="5" fail="0" skip="0">All Tests</stat>
</total>
<tag>
<stat pass="1" fail="0" skip="0">testeConteudo</stat>
<stat pass="1" fail="0" skip="0">testeEstruturaResposta</stat>
<stat pass="1" fail="0" skip="0">testeRequisicaoBasica</stat>
<stat pass="1" fail="0" skip="0">testeTiposDados</stat>
</tag>
<suite>
<stat pass="5" fail="0" skip="0" id="s1" name="Tests">Tests</stat>
<stat pass="5" fail="0" skip="0" id="s1-s1" name="Random-User-Test">Tests.Random-User-Test</stat>
</suite>
</statistics>
<errors>
</errors>
</robot>
