<?xml version="1.0" encoding="UTF-8"?>
<robot generator="Robot 7.0.1 (Python 3.12.4 on linux)" generated="2024-08-01T15:16:20.600124" rpa="false" schemaversion="5">
<suite id="s1" name="Tests" source="/home/runner/work/ApiRandomUser/ApiRandomUser/RamdonUser/tests">
<suite id="s1-s1" name="Random-User-Test" source="/home/runner/work/ApiRandomUser/ApiRandomUser/RamdonUser/tests/random-user-test.robot">
<test id="s1-s1-t1" name="Conectar" line="13">
<kw name="Conectar API" owner="random-user-service">
<kw name="Create Session" owner="RequestsLibrary">
<msg time="2024-08-01T15:16:21.010105" level="INFO">Creating Session using : alias=consultarAPI, url=https://randomuser.me/, headers={},                     cookies={}, auth=None, timeout=None, proxies=None, verify=False,                     debug=0 </msg>
<arg>consultarAPI</arg>
<arg>${URL}</arg>
<doc>Create Session: create a HTTP session to a server</doc>
<status status="PASS" start="2024-08-01T15:16:21.009903" elapsed="0.000397"/>
</kw>
<status status="PASS" start="2024-08-01T15:16:21.008849" elapsed="0.001814"/>
</kw>
<status status="PASS" start="2024-08-01T15:16:21.008190" elapsed="0.002668"/>
</test>
<test id="s1-s1-t2" name="Validar retorno 200 e JSON Válido" line="16">
<kw name="Teste de Requisicao Basica" owner="random-user-service">
<kw name="GET On Session" owner="RequestsLibrary">
<msg time="2024-08-01T15:16:21.213281" level="INFO">GET Request : url=https://randomuser.me/api 
 path_url=/api 
 headers={'User-Agent': 'python-requests/2.32.3', 'Accept-Encoding': 'gzip, deflate', 'Accept': '*/*', 'Connection': 'keep-alive'} 
 body=None 
 </msg>
<msg time="2024-08-01T15:16:21.213441" level="INFO">GET Response : url=https://randomuser.me/api 
 status=200, reason=OK 
 headers={'Date': 'Thu, 01 Aug 2024 15:16:21 GMT', 'Content-Type': 'application/json; charset=utf-8', 'Transfer-Encoding': 'chunked', 'Connection': 'keep-alive', 'X-Powered-By': 'Express', 'Access-Control-Allow-Origin': '*', 'Cache-Control': 'no-cache', 'ETag': 'W/"49b-l6lziP2cqif56DXp+iBDseOqRQ4"', 'Vary': 'Accept-Encoding', 'Content-Encoding': 'gzip', 'CF-Cache-Status': 'DYNAMIC', 'Report-To': '{"endpoints":[{"url":"https:\\/\\/a.nel.cloudflare.com\\/report\\/v4?s=UXolgNYNLfyuf015uSwcyC5rjlaJFST260utmgRheN9kPasui4Xs45kDimwwaisKU2kMeVWU3NZeryca8G7ELGnrWYChClnS1p49EvlPD%2By48ZIUyVg%2FBOD6jMi9Swmj"}],"group":"cf-nel","max_age":604800}', 'NEL': '{"success_fraction":0,"report_to":"cf-nel","max_age":604800}', 'Server': 'cloudflare', 'CF-RAY': '8ac6c9f03cca084e-IAD', 'alt-svc': 'h3=":443"; ma=86400'} 
 body={"results":[{"gender":"female","name":{"title":"Miss","first":"Phoebe","last":"Wilson"},"location":{"street":{"number":6503,"name":"Church Road"},"city":"York","state":"Hampshire","country":"United Kingdom","postcode":"OB0 8SN","coordinates":{"latitude":"-5.6094","longitude":"58.4549"},"timezone":{"offset":"-1:00","description":"Azores, Cape Verde Islands"}},"email":"phoebe.wilson@example.com","login":{"uuid":"cf06a2f7-cbb4-4d2b-bca1-5a726a06d3f4","username":"beautifulgoose704","password":"passthie","salt":"STq2kToV","md5":"d8bda7f8c091ced2132438d633363a32","sha1":"b41836d40ea29a5c2c11c6ebf8155348826d8428","sha256":"0e10123964fdd68bd41bb982a395cd92732ea947d882f4057fbb2223af2d6571"},"dob":{"date":"1972-12-09T13:41:02.816Z","age":51},"registered":{"date":"2005-01-24T05:52:02.501Z","age":19},"phone":"015396 73533","cell":"07695 251248","id":{"name":"NINO","value":"JE 65 70 14 S"},"picture":{"large":"https://randomuser.me/api/portraits/women/38.jpg","medium":"https://randomuser.me/api/portraits/med/women/38.jpg","thumbnail":"https://randomuser.me/api/portraits/thumb/women/38.jpg"},"nat":"GB"}],"info":{"seed":"3ff91095b4614b18","results":1,"page":1,"version":"1.4"}} 
 </msg>
<msg time="2024-08-01T15:16:21.213525" level="INFO">/opt/hostedtoolcache/Python/3.12.4/x64/lib/python3.12/site-packages/urllib3/connectionpool.py:1099: InsecureRequestWarning: Unverified HTTPS request is being made to host 'randomuser.me'. Adding certificate verification is strongly advised. See: https://urllib3.readthedocs.io/en/latest/advanced-usage.html#tls-warnings
  warnings.warn(</msg>
<msg time="2024-08-01T15:16:21.213667" level="INFO">${response} = &lt;Response [200]&gt;</msg>
<var>${response}</var>
<arg>consultarAPI</arg>
<arg>/api</arg>
<doc>Sends a GET request on a previously created HTTP Session.</doc>
<status status="PASS" start="2024-08-01T15:16:21.013547" elapsed="0.200160"/>
</kw>
<kw name="Should Be Equal As Numbers" owner="BuiltIn">
<msg time="2024-08-01T15:16:21.214764" level="INFO">Argument types are:
&lt;class 'int'&gt;
&lt;class 'str'&gt;</msg>
<arg>${response.status_code}</arg>
<arg>200</arg>
<doc>Fails if objects are unequal after converting them to real numbers.</doc>
<status status="PASS" start="2024-08-01T15:16:21.214287" elapsed="0.000544"/>
</kw>
<kw name="Log" owner="BuiltIn">
<msg time="2024-08-01T15:16:21.215513" level="INFO">200</msg>
<arg>${response.status_code}</arg>
<doc>Logs the given message with the given level.</doc>
<status status="PASS" start="2024-08-01T15:16:21.215153" elapsed="0.000404"/>
</kw>
<kw name="Set Variable" owner="BuiltIn">
<msg time="2024-08-01T15:16:21.216309" level="INFO">${json_data} = {'results': [{'gender': 'female', 'name': {'title': 'Miss', 'first': 'Phoebe', 'last': 'Wilson'}, 'location': {'street': {'number': 6503, 'name': 'Church Road'}, 'city': 'York', 'state': 'Hampshire', ...</msg>
<var>${json_data}</var>
<arg>${response.json()}</arg>
<doc>Returns the given values which can then be assigned to a variables.</doc>
<status status="PASS" start="2024-08-01T15:16:21.215872" elapsed="0.000467"/>
</kw>
<kw name="Dictionary Should Contain Key" owner="Collections">
<arg>${json_data}</arg>
<arg>results</arg>
<doc>Fails if ``key`` is not found from ``dictionary``.</doc>
<status status="PASS" start="2024-08-01T15:16:21.216681" elapsed="0.000334"/>
</kw>
<status status="PASS" start="2024-08-01T15:16:21.013296" elapsed="0.203876"/>
</kw>
<doc>Testa se a API responde corretamente e retorna um objeto JSON válido.</doc>
<tag>testeRequisicaoBasica</tag>
<status status="PASS" start="2024-08-01T15:16:21.012765" elapsed="0.204586"/>
</test>
<test id="s1-s1-t3" name="Validar estrutura de resposta" line="22">
<kw name="Teste de Estrutura de Resposta" owner="random-user-service">
<kw name="GET On Session" owner="RequestsLibrary">
<msg time="2024-08-01T15:16:21.309063" level="INFO">GET Request : url=https://randomuser.me/api 
 path_url=/api 
 headers={'User-Agent': 'python-requests/2.32.3', 'Accept-Encoding': 'gzip, deflate', 'Accept': '*/*', 'Connection': 'keep-alive'} 
 body=None 
 </msg>
<msg time="2024-08-01T15:16:21.309205" level="INFO">GET Response : url=https://randomuser.me/api 
 status=200, reason=OK 
 headers={'Date': 'Thu, 01 Aug 2024 15:16:21 GMT', 'Content-Type': 'application/json; charset=utf-8', 'Transfer-Encoding': 'chunked', 'Connection': 'keep-alive', 'X-Powered-By': 'Express', 'Access-Control-Allow-Origin': '*', 'Cache-Control': 'no-cache', 'ETag': 'W/"484-nmmbQ5OY5oU/MRzuaQgS+Qqtt08"', 'Vary': 'Accept-Encoding', 'Content-Encoding': 'gzip', 'CF-Cache-Status': 'DYNAMIC', 'Report-To': '{"endpoints":[{"url":"https:\\/\\/a.nel.cloudflare.com\\/report\\/v4?s=Wf484yZpvSAr4PDZM7%2BZaROkGHpCzm7etoAv9mm8SE1C8JfONGmI7gapRy3EOXSlbaXdbPdG1%2BLwMz30iqd52ifl8pPR4p5SDbUZ0XKIMyqRZypgBGQKn2jzMDQlpnuq"}],"group":"cf-nel","max_age":604800}', 'NEL': '{"success_fraction":0,"report_to":"cf-nel","max_age":604800}', 'Server': 'cloudflare', 'CF-RAY': '8ac6c9f0ad4a084e-IAD', 'alt-svc': 'h3=":443"; ma=86400'} 
 body={"results":[{"gender":"male","name":{"title":"Mr","first":"ایلیا","last":"یاسمی"},"location":{"street":{"number":4758,"name":"شهید همت"},"city":"قزوین","state":"قم","country":"Iran","postcode":13652,"coordinates":{"latitude":"13.2369","longitude":"-69.5510"},"timezone":{"offset":"+11:00","description":"Magadan, Solomon Islands, New Caledonia"}},"email":"yly.ysmy@example.com","login":{"uuid":"4ff78b90-1637-4e61-8854-8f03f9bae337","username":"goldenfish559","password":"king","salt":"gxnB5AhV","md5":"afc539b8d2178e9ee88511614ca4b62d","sha1":"01b0ac8bab0c97fd27f1cbdbbb16f4d7c2de8feb","sha256":"8fcc6eba68ca3e4b8248c9b93a21f9acc932cc7a56daf9dbc6efa9cd8d522adf"},"dob":{"date":"2000-03-08T17:05:50.032Z","age":24},"registered":{"date":"2002-06-18T17:55:42.159Z","age":22},"phone":"096-66921479","cell":"0973-938-8489","id":{"name":"","value":null},"picture":{"large":"https://randomuser.me/api/portraits/men/20.jpg","medium":"https://randomuser.me/api/portraits/med/men/20.jpg","thumbnail":"https://randomuser.me/api/portraits/thumb/men/20.jpg"},"nat":"IR"}],"info":{"seed":"7fef6327a96b0256","results":1,"page":1,"version":"1.4"}} 
 </msg>
<msg time="2024-08-01T15:16:21.309390" level="INFO">/opt/hostedtoolcache/Python/3.12.4/x64/lib/python3.12/site-packages/urllib3/connectionpool.py:1099: InsecureRequestWarning: Unverified HTTPS request is being made to host 'randomuser.me'. Adding certificate verification is strongly advised. See: https://urllib3.readthedocs.io/en/latest/advanced-usage.html#tls-warnings
  warnings.warn(</msg>
<msg time="2024-08-01T15:16:21.309560" level="INFO">${response} = &lt;Response [200]&gt;</msg>
<var>${response}</var>
<arg>consultarAPI</arg>
<arg>/api</arg>
<doc>Sends a GET request on a previously created HTTP Session.</doc>
<status status="PASS" start="2024-08-01T15:16:21.219946" elapsed="0.089655"/>
</kw>
<kw name="Set Variable" owner="BuiltIn">
<msg time="2024-08-01T15:16:21.311138" level="INFO">${json_data} = {'results': [{'gender': 'male', 'name': {'title': 'Mr', 'first': 'ایلیا', 'last': 'یاسمی'}, 'location': {'street': {'number': 4758, 'name': 'شهید همت'}, 'city': 'قزوین', 'state': 'قم', 'country': 'Ira...</msg>
<var>${json_data}</var>
<arg>${response.json()}</arg>
<doc>Returns the given values which can then be assigned to a variables.</doc>
<status status="PASS" start="2024-08-01T15:16:21.310295" elapsed="0.000899"/>
</kw>
<kw name="Log" owner="BuiltIn">
<msg time="2024-08-01T15:16:21.311931" level="INFO">{'results': [{'gender': 'male', 'name': {'title': 'Mr', 'first': 'ایلیا', 'last': 'یاسمی'}, 'location': {'street': {'number': 4758, 'name': 'شهید همت'}, 'city': 'قزوین', 'state': 'قم', 'country': 'Iran', 'postcode': 13652, 'coordinates': {'latitude': '13.2369', 'longitude': '-69.5510'}, 'timezone': {'offset': '+11:00', 'description': 'Magadan, Solomon Islands, New Caledonia'}}, 'email': 'yly.ysmy@example.com', 'login': {'uuid': '4ff78b90-1637-4e61-8854-8f03f9bae337', 'username': 'goldenfish559', 'password': 'king', 'salt': 'gxnB5AhV', 'md5': 'afc539b8d2178e9ee88511614ca4b62d', 'sha1': '01b0ac8bab0c97fd27f1cbdbbb16f4d7c2de8feb', 'sha256': '8fcc6eba68ca3e4b8248c9b93a21f9acc932cc7a56daf9dbc6efa9cd8d522adf'}, 'dob': {'date': '2000-03-08T17:05:50.032Z', 'age': 24}, 'registered': {'date': '2002-06-18T17:55:42.159Z', 'age': 22}, 'phone': '096-66921479', 'cell': '0973-938-8489', 'id': {'name': '', 'value': None}, 'picture': {'large': 'https://randomuser.me/api/portraits/men/20.jpg', 'medium': 'https://randomuser.me/api/portraits/med/men/20.jpg', 'thumbnail': 'https://randomuser.me/api/portraits/thumb/men/20.jpg'}, 'nat': 'IR'}], 'info': {'seed': '7fef6327a96b0256', 'results': 1, 'page': 1, 'version': '1.4'}}</msg>
<arg>${json_data}</arg>
<doc>Logs the given message with the given level.</doc>
<status status="PASS" start="2024-08-01T15:16:21.311664" elapsed="0.000367"/>
</kw>
<kw name="Dictionary Should Contain Key" owner="Collections">
<arg>${json_data}</arg>
<arg>results</arg>
<doc>Fails if ``key`` is not found from ``dictionary``.</doc>
<status status="PASS" start="2024-08-01T15:16:21.312559" elapsed="0.000252"/>
</kw>
<kw name="Should Not Be Empty" owner="BuiltIn">
<msg time="2024-08-01T15:16:21.313334" level="INFO">Length is 2.</msg>
<arg>${json_data}</arg>
<doc>Verifies that the given item is not empty.</doc>
<status status="PASS" start="2024-08-01T15:16:21.313118" elapsed="0.000289"/>
</kw>
<kw name="Create List" owner="BuiltIn">
<msg time="2024-08-01T15:16:21.314126" level="INFO">${expected_keys} = ['gender', 'name', 'location', 'email', 'login']</msg>
<var>${expected_keys}</var>
<arg>gender</arg>
<arg>name</arg>
<arg>location</arg>
<arg>email</arg>
<arg>login</arg>
<doc>Returns a list containing given items.</doc>
<status status="PASS" start="2024-08-01T15:16:21.313877" elapsed="0.000289"/>
</kw>
<for flavor="IN">
<iter>
<kw name="Dictionary Should Contain Key" owner="Collections">
<arg>${json_data['results'][0]}</arg>
<arg>${key}</arg>
<doc>Fails if ``key`` is not found from ``dictionary``.</doc>
<status status="PASS" start="2024-08-01T15:16:21.315102" elapsed="0.000699"/>
</kw>
<kw name="Log" owner="BuiltIn">
<msg time="2024-08-01T15:16:21.316742" level="INFO">{'gender': 'male', 'name': {'title': 'Mr', 'first': 'ایلیا', 'last': 'یاسمی'}, 'location': {'street': {'number': 4758, 'name': 'شهید همت'}, 'city': 'قزوین', 'state': 'قم', 'country': 'Iran', 'postcode': 13652, 'coordinates': {'latitude': '13.2369', 'longitude': '-69.5510'}, 'timezone': {'offset': '+11:00', 'description': 'Magadan, Solomon Islands, New Caledonia'}}, 'email': 'yly.ysmy@example.com', 'login': {'uuid': '4ff78b90-1637-4e61-8854-8f03f9bae337', 'username': 'goldenfish559', 'password': 'king', 'salt': 'gxnB5AhV', 'md5': 'afc539b8d2178e9ee88511614ca4b62d', 'sha1': '01b0ac8bab0c97fd27f1cbdbbb16f4d7c2de8feb', 'sha256': '8fcc6eba68ca3e4b8248c9b93a21f9acc932cc7a56daf9dbc6efa9cd8d522adf'}, 'dob': {'date': '2000-03-08T17:05:50.032Z', 'age': 24}, 'registered': {'date': '2002-06-18T17:55:42.159Z', 'age': 22}, 'phone': '096-66921479', 'cell': '0973-938-8489', 'id': {'name': '', 'value': None}, 'picture': {'large': 'https://randomuser.me/api/portraits/men/20.jpg', 'medium': 'https://randomuser.me/api/portraits/med/men/20.jpg', 'thumbnail': 'https://randomuser.me/api/portraits/thumb/men/20.jpg'}, 'nat': 'IR'}</msg>
<arg>${json_data['results'][0]}</arg>
<doc>Logs the given message with the given level.</doc>
<status status="PASS" start="2024-08-01T15:16:21.316126" elapsed="0.000698"/>
</kw>
<kw name="Log" owner="BuiltIn">
<msg time="2024-08-01T15:16:21.317467" level="INFO">gender</msg>
<arg>${key}</arg>
<doc>Logs the given message with the given level.</doc>
<status status="PASS" start="2024-08-01T15:16:21.317276" elapsed="0.000255"/>
</kw>
<var name="${key}">gender</var>
<status status="PASS" start="2024-08-01T15:16:21.314885" elapsed="0.002995"/>
</iter>
<iter>
<kw name="Dictionary Should Contain Key" owner="Collections">
<arg>${json_data['results'][0]}</arg>
<arg>${key}</arg>
<doc>Fails if ``key`` is not found from ``dictionary``.</doc>
<status status="PASS" start="2024-08-01T15:16:21.318372" elapsed="0.000665"/>
</kw>
<kw name="Log" owner="BuiltIn">
<msg time="2024-08-01T15:16:21.319968" level="INFO">{'gender': 'male', 'name': {'title': 'Mr', 'first': 'ایلیا', 'last': 'یاسمی'}, 'location': {'street': {'number': 4758, 'name': 'شهید همت'}, 'city': 'قزوین', 'state': 'قم', 'country': 'Iran', 'postcode': 13652, 'coordinates': {'latitude': '13.2369', 'longitude': '-69.5510'}, 'timezone': {'offset': '+11:00', 'description': 'Magadan, Solomon Islands, New Caledonia'}}, 'email': 'yly.ysmy@example.com', 'login': {'uuid': '4ff78b90-1637-4e61-8854-8f03f9bae337', 'username': 'goldenfish559', 'password': 'king', 'salt': 'gxnB5AhV', 'md5': 'afc539b8d2178e9ee88511614ca4b62d', 'sha1': '01b0ac8bab0c97fd27f1cbdbbb16f4d7c2de8feb', 'sha256': '8fcc6eba68ca3e4b8248c9b93a21f9acc932cc7a56daf9dbc6efa9cd8d522adf'}, 'dob': {'date': '2000-03-08T17:05:50.032Z', 'age': 24}, 'registered': {'date': '2002-06-18T17:55:42.159Z', 'age': 22}, 'phone': '096-66921479', 'cell': '0973-938-8489', 'id': {'name': '', 'value': None}, 'picture': {'large': 'https://randomuser.me/api/portraits/men/20.jpg', 'medium': 'https://randomuser.me/api/portraits/med/men/20.jpg', 'thumbnail': 'https://randomuser.me/api/portraits/thumb/men/20.jpg'}, 'nat': 'IR'}</msg>
<arg>${json_data['results'][0]}</arg>
<doc>Logs the given message with the given level.</doc>
<status status="PASS" start="2024-08-01T15:16:21.319349" elapsed="0.000746"/>
</kw>
<kw name="Log" owner="BuiltIn">
<msg time="2024-08-01T15:16:21.320784" level="INFO">name</msg>
<arg>${key}</arg>
<doc>Logs the given message with the given level.</doc>
<status status="PASS" start="2024-08-01T15:16:21.320565" elapsed="0.000289"/>
</kw>
<var name="${key}">name</var>
<status status="PASS" start="2024-08-01T15:16:21.318193" elapsed="0.003003"/>
</iter>
<iter>
<kw name="Dictionary Should Contain Key" owner="Collections">
<arg>${json_data['results'][0]}</arg>
<arg>${key}</arg>
<doc>Fails if ``key`` is not found from ``dictionary``.</doc>
<status status="PASS" start="2024-08-01T15:16:21.321661" elapsed="0.000658"/>
</kw>
<kw name="Log" owner="BuiltIn">
<msg time="2024-08-01T15:16:21.323277" level="INFO">{'gender': 'male', 'name': {'title': 'Mr', 'first': 'ایلیا', 'last': 'یاسمی'}, 'location': {'street': {'number': 4758, 'name': 'شهید همت'}, 'city': 'قزوین', 'state': 'قم', 'country': 'Iran', 'postcode': 13652, 'coordinates': {'latitude': '13.2369', 'longitude': '-69.5510'}, 'timezone': {'offset': '+11:00', 'description': 'Magadan, Solomon Islands, New Caledonia'}}, 'email': 'yly.ysmy@example.com', 'login': {'uuid': '4ff78b90-1637-4e61-8854-8f03f9bae337', 'username': 'goldenfish559', 'password': 'king', 'salt': 'gxnB5AhV', 'md5': 'afc539b8d2178e9ee88511614ca4b62d', 'sha1': '01b0ac8bab0c97fd27f1cbdbbb16f4d7c2de8feb', 'sha256': '8fcc6eba68ca3e4b8248c9b93a21f9acc932cc7a56daf9dbc6efa9cd8d522adf'}, 'dob': {'date': '2000-03-08T17:05:50.032Z', 'age': 24}, 'registered': {'date': '2002-06-18T17:55:42.159Z', 'age': 22}, 'phone': '096-66921479', 'cell': '0973-938-8489', 'id': {'name': '', 'value': None}, 'picture': {'large': 'https://randomuser.me/api/portraits/men/20.jpg', 'medium': 'https://randomuser.me/api/portraits/med/men/20.jpg', 'thumbnail': 'https://randomuser.me/api/portraits/thumb/men/20.jpg'}, 'nat': 'IR'}</msg>
<arg>${json_data['results'][0]}</arg>
<doc>Logs the given message with the given level.</doc>
<status status="PASS" start="2024-08-01T15:16:21.322632" elapsed="0.000728"/>
</kw>
<kw name="Log" owner="BuiltIn">
<msg time="2024-08-01T15:16:21.324020" level="INFO">location</msg>
<arg>${key}</arg>
<doc>Logs the given message with the given level.</doc>
<status status="PASS" start="2024-08-01T15:16:21.323810" elapsed="0.000280"/>
</kw>
<var name="${key}">location</var>
<status status="PASS" start="2024-08-01T15:16:21.321473" elapsed="0.002949"/>
</iter>
<iter>
<kw name="Dictionary Should Contain Key" owner="Collections">
<arg>${json_data['results'][0]}</arg>
<arg>${key}</arg>
<doc>Fails if ``key`` is not found from ``dictionary``.</doc>
<status status="PASS" start="2024-08-01T15:16:21.324929" elapsed="0.000663"/>
</kw>
<kw name="Log" owner="BuiltIn">
<msg time="2024-08-01T15:16:21.326705" level="INFO">{'gender': 'male', 'name': {'title': 'Mr', 'first': 'ایلیا', 'last': 'یاسمی'}, 'location': {'street': {'number': 4758, 'name': 'شهید همت'}, 'city': 'قزوین', 'state': 'قم', 'country': 'Iran', 'postcode': 13652, 'coordinates': {'latitude': '13.2369', 'longitude': '-69.5510'}, 'timezone': {'offset': '+11:00', 'description': 'Magadan, Solomon Islands, New Caledonia'}}, 'email': 'yly.ysmy@example.com', 'login': {'uuid': '4ff78b90-1637-4e61-8854-8f03f9bae337', 'username': 'goldenfish559', 'password': 'king', 'salt': 'gxnB5AhV', 'md5': 'afc539b8d2178e9ee88511614ca4b62d', 'sha1': '01b0ac8bab0c97fd27f1cbdbbb16f4d7c2de8feb', 'sha256': '8fcc6eba68ca3e4b8248c9b93a21f9acc932cc7a56daf9dbc6efa9cd8d522adf'}, 'dob': {'date': '2000-03-08T17:05:50.032Z', 'age': 24}, 'registered': {'date': '2002-06-18T17:55:42.159Z', 'age': 22}, 'phone': '096-66921479', 'cell': '0973-938-8489', 'id': {'name': '', 'value': None}, 'picture': {'large': 'https://randomuser.me/api/portraits/men/20.jpg', 'medium': 'https://randomuser.me/api/portraits/med/men/20.jpg', 'thumbnail': 'https://randomuser.me/api/portraits/thumb/men/20.jpg'}, 'nat': 'IR'}</msg>
<arg>${json_data['results'][0]}</arg>
<doc>Logs the given message with the given level.</doc>
<status status="PASS" start="2024-08-01T15:16:21.326072" elapsed="0.000724"/>
</kw>
<kw name="Log" owner="BuiltIn">
<msg time="2024-08-01T15:16:21.327494" level="INFO">email</msg>
<arg>${key}</arg>
<doc>Logs the given message with the given level.</doc>
<status status="PASS" start="2024-08-01T15:16:21.327285" elapsed="0.000279"/>
</kw>
<var name="${key}">email</var>
<status status="PASS" start="2024-08-01T15:16:21.324748" elapsed="0.003170"/>
</iter>
<iter>
<kw name="Dictionary Should Contain Key" owner="Collections">
<arg>${json_data['results'][0]}</arg>
<arg>${key}</arg>
<doc>Fails if ``key`` is not found from ``dictionary``.</doc>
<status status="PASS" start="2024-08-01T15:16:21.328383" elapsed="0.000611"/>
</kw>
<kw name="Log" owner="BuiltIn">
<msg time="2024-08-01T15:16:21.329828" level="INFO">{'gender': 'male', 'name': {'title': 'Mr', 'first': 'ایلیا', 'last': 'یاسمی'}, 'location': {'street': {'number': 4758, 'name': 'شهید همت'}, 'city': 'قزوین', 'state': 'قم', 'country': 'Iran', 'postcode': 13652, 'coordinates': {'latitude': '13.2369', 'longitude': '-69.5510'}, 'timezone': {'offset': '+11:00', 'description': 'Magadan, Solomon Islands, New Caledonia'}}, 'email': 'yly.ysmy@example.com', 'login': {'uuid': '4ff78b90-1637-4e61-8854-8f03f9bae337', 'username': 'goldenfish559', 'password': 'king', 'salt': 'gxnB5AhV', 'md5': 'afc539b8d2178e9ee88511614ca4b62d', 'sha1': '01b0ac8bab0c97fd27f1cbdbbb16f4d7c2de8feb', 'sha256': '8fcc6eba68ca3e4b8248c9b93a21f9acc932cc7a56daf9dbc6efa9cd8d522adf'}, 'dob': {'date': '2000-03-08T17:05:50.032Z', 'age': 24}, 'registered': {'date': '2002-06-18T17:55:42.159Z', 'age': 22}, 'phone': '096-66921479', 'cell': '0973-938-8489', 'id': {'name': '', 'value': None}, 'picture': {'large': 'https://randomuser.me/api/portraits/men/20.jpg', 'medium': 'https://randomuser.me/api/portraits/med/men/20.jpg', 'thumbnail': 'https://randomuser.me/api/portraits/thumb/men/20.jpg'}, 'nat': 'IR'}</msg>
<arg>${json_data['results'][0]}</arg>
<doc>Logs the given message with the given level.</doc>
<status status="PASS" start="2024-08-01T15:16:21.329269" elapsed="0.000635"/>
</kw>
<kw name="Log" owner="BuiltIn">
<msg time="2024-08-01T15:16:21.330524" level="INFO">login</msg>
<arg>${key}</arg>
<doc>Logs the given message with the given level.</doc>
<status status="PASS" start="2024-08-01T15:16:21.330332" elapsed="0.000251"/>
</kw>
<var name="${key}">login</var>
<status status="PASS" start="2024-08-01T15:16:21.328208" elapsed="0.002702"/>
</iter>
<var>${key}</var>
<value>@{expected_keys}</value>
<status status="PASS" start="2024-08-01T15:16:21.314591" elapsed="0.016538"/>
</for>
<kw name="Create List" owner="BuiltIn">
<msg time="2024-08-01T15:16:21.331696" level="INFO">${expected_keysTwo} = ['username', 'password']</msg>
<var>${expected_keysTwo}</var>
<arg>username</arg>
<arg>password</arg>
<doc>Returns a list containing given items.</doc>
<status status="PASS" start="2024-08-01T15:16:21.331485" elapsed="0.000291"/>
</kw>
<for flavor="IN">
<iter>
<kw name="Dictionary Should Contain Key" owner="Collections">
<arg>${json_data['results'][0]['login']}</arg>
<arg>${keyTwo}</arg>
<doc>Fails if ``key`` is not found from ``dictionary``.</doc>
<status status="PASS" start="2024-08-01T15:16:21.332638" elapsed="0.000684"/>
</kw>
<kw name="Dictionary Should Contain Key" owner="Collections">
<arg>${json_data['results'][0]['login']}</arg>
<arg>${keyTwo}</arg>
<doc>Fails if ``key`` is not found from ``dictionary``.</doc>
<status status="PASS" start="2024-08-01T15:16:21.333614" elapsed="0.000442"/>
</kw>
<kw name="Log" owner="BuiltIn">
<msg time="2024-08-01T15:16:21.334377" level="INFO">username</msg>
<arg>${keyTwo}</arg>
<doc>Logs the given message with the given level.</doc>
<status status="PASS" start="2024-08-01T15:16:21.334248" elapsed="0.000168"/>
</kw>
<var name="${keyTwo}">username</var>
<status status="PASS" start="2024-08-01T15:16:21.332418" elapsed="0.002228"/>
</iter>
<iter>
<kw name="Dictionary Should Contain Key" owner="Collections">
<arg>${json_data['results'][0]['login']}</arg>
<arg>${keyTwo}</arg>
<doc>Fails if ``key`` is not found from ``dictionary``.</doc>
<status status="PASS" start="2024-08-01T15:16:21.334939" elapsed="0.000387"/>
</kw>
<kw name="Dictionary Should Contain Key" owner="Collections">
<arg>${json_data['results'][0]['login']}</arg>
<arg>${keyTwo}</arg>
<doc>Fails if ``key`` is not found from ``dictionary``.</doc>
<status status="PASS" start="2024-08-01T15:16:21.335509" elapsed="0.000372"/>
</kw>
<kw name="Log" owner="BuiltIn">
<msg time="2024-08-01T15:16:21.336187" level="INFO">password</msg>
<arg>${keyTwo}</arg>
<doc>Logs the given message with the given level.</doc>
<status status="PASS" start="2024-08-01T15:16:21.336059" elapsed="0.000166"/>
</kw>
<var name="${keyTwo}">password</var>
<status status="PASS" start="2024-08-01T15:16:21.334823" elapsed="0.001623"/>
</iter>
<var>${keyTwo}</var>
<value>@{expected_keysTwo}</value>
<status status="PASS" start="2024-08-01T15:16:21.332155" elapsed="0.004461"/>
</for>
<status status="PASS" start="2024-08-01T15:16:21.219707" elapsed="0.117057"/>
</kw>
<doc>Testa a estrutura da resposta da API.</doc>
<tag>testeEstruturaResposta</tag>
<status status="PASS" start="2024-08-01T15:16:21.219185" elapsed="0.117742"/>
</test>
<test id="s1-s1-t4" name="Validar tipos de dados" line="28">
<kw name="Teste de Tipos de Dados" owner="random-user-service">
<kw name="GET On Session" owner="RequestsLibrary">
<msg time="2024-08-01T15:16:21.433071" level="INFO">GET Request : url=https://randomuser.me/api 
 path_url=/api 
 headers={'User-Agent': 'python-requests/2.32.3', 'Accept-Encoding': 'gzip, deflate', 'Accept': '*/*', 'Connection': 'keep-alive'} 
 body=None 
 </msg>
<msg time="2024-08-01T15:16:21.433183" level="INFO">GET Response : url=https://randomuser.me/api 
 status=200, reason=OK 
 headers={'Date': 'Thu, 01 Aug 2024 15:16:21 GMT', 'Content-Type': 'application/json; charset=utf-8', 'Transfer-Encoding': 'chunked', 'Connection': 'keep-alive', 'X-Powered-By': 'Express', 'Access-Control-Allow-Origin': '*', 'Cache-Control': 'no-cache', 'ETag': 'W/"491-STIeJwlvDYtcw/niPRMUlu2vm5g"', 'Vary': 'Accept-Encoding', 'Content-Encoding': 'gzip', 'CF-Cache-Status': 'DYNAMIC', 'Report-To': '{"endpoints":[{"url":"https:\\/\\/a.nel.cloudflare.com\\/report\\/v4?s=%2FTkccV2XIyPLk1xGp9kZTFKzgj1WsdQh9VFLtYK%2F4OjWacuWSJHvrCT81k029md3k6Aug3oJamDfDr5anNYKML6uetiM%2BwMG3AHix5EjctCoYMhvN79m3dBa4Tfyn5f3"}],"group":"cf-nel","max_age":604800}', 'NEL': '{"success_fraction":0,"report_to":"cf-nel","max_age":604800}', 'Server': 'cloudflare', 'CF-RAY': '8ac6c9f16e15084e-IAD', 'alt-svc': 'h3=":443"; ma=86400'} 
 body={"results":[{"gender":"male","name":{"title":"Mr","first":"Ugo","last":"Blanchard"},"location":{"street":{"number":1631,"name":"Rue Docteur-Bonhomme"},"city":"Lyon","state":"Gironde","country":"France","postcode":31388,"coordinates":{"latitude":"-21.1075","longitude":"-55.0280"},"timezone":{"offset":"-7:00","description":"Mountain Time (US &amp; Canada)"}},"email":"ugo.blanchard@example.com","login":{"uuid":"f132c753-00f1-4745-80f7-5308d2dbd016","username":"whiteladybug429","password":"0815","salt":"cb7eBrvb","md5":"18bacf01a2fe1b1a2fe5cfb8317fc618","sha1":"8850df3c5b1b798abf32366cc730cf26b904801c","sha256":"633183965f6aa7e70dcd743d066251860580738f6bad5894bf3832f004967acc"},"dob":{"date":"1955-12-08T10:32:26.971Z","age":68},"registered":{"date":"2003-03-30T08:46:30.697Z","age":21},"phone":"05-18-68-00-42","cell":"06-44-01-27-46","id":{"name":"INSEE","value":"1551127554923 14"},"picture":{"large":"https://randomuser.me/api/portraits/men/55.jpg","medium":"https://randomuser.me/api/portraits/med/men/55.jpg","thumbnail":"https://randomuser.me/api/portraits/thumb/men/55.jpg"},"nat":"FR"}],"info":{"seed":"0b63b03b1ffbe868","results":1,"page":1,"version":"1.4"}} 
 </msg>
<msg time="2024-08-01T15:16:21.433264" level="INFO">/opt/hostedtoolcache/Python/3.12.4/x64/lib/python3.12/site-packages/urllib3/connectionpool.py:1099: InsecureRequestWarning: Unverified HTTPS request is being made to host 'randomuser.me'. Adding certificate verification is strongly advised. See: https://urllib3.readthedocs.io/en/latest/advanced-usage.html#tls-warnings
  warnings.warn(</msg>
<msg time="2024-08-01T15:16:21.433390" level="INFO">${response} = &lt;Response [200]&gt;</msg>
<var>${response}</var>
<arg>consultarAPI</arg>
<arg>/api</arg>
<doc>Sends a GET request on a previously created HTTP Session.</doc>
<status status="PASS" start="2024-08-01T15:16:21.339376" elapsed="0.094053"/>
</kw>
<kw name="Set Variable" owner="BuiltIn">
<msg time="2024-08-01T15:16:21.434501" level="INFO">${json_data} = {'results': [{'gender': 'male', 'name': {'title': 'Mr', 'first': 'Ugo', 'last': 'Blanchard'}, 'location': {'street': {'number': 1631, 'name': 'Rue Docteur-Bonhomme'}, 'city': 'Lyon', 'state': 'Gironde...</msg>
<var>${json_data}</var>
<arg>${response.json()}</arg>
<doc>Returns the given values which can then be assigned to a variables.</doc>
<status status="PASS" start="2024-08-01T15:16:21.433976" elapsed="0.000553"/>
</kw>
<kw name="Log" owner="BuiltIn">
<msg time="2024-08-01T15:16:21.435011" level="INFO">{'results': [{'gender': 'male', 'name': {'title': 'Mr', 'first': 'Ugo', 'last': 'Blanchard'}, 'location': {'street': {'number': 1631, 'name': 'Rue Docteur-Bonhomme'}, 'city': 'Lyon', 'state': 'Gironde', 'country': 'France', 'postcode': 31388, 'coordinates': {'latitude': '-21.1075', 'longitude': '-55.0280'}, 'timezone': {'offset': '-7:00', 'description': 'Mountain Time (US &amp; Canada)'}}, 'email': 'ugo.blanchard@example.com', 'login': {'uuid': 'f132c753-00f1-4745-80f7-5308d2dbd016', 'username': 'whiteladybug429', 'password': '0815', 'salt': 'cb7eBrvb', 'md5': '18bacf01a2fe1b1a2fe5cfb8317fc618', 'sha1': '8850df3c5b1b798abf32366cc730cf26b904801c', 'sha256': '633183965f6aa7e70dcd743d066251860580738f6bad5894bf3832f004967acc'}, 'dob': {'date': '1955-12-08T10:32:26.971Z', 'age': 68}, 'registered': {'date': '2003-03-30T08:46:30.697Z', 'age': 21}, 'phone': '05-18-68-00-42', 'cell': '06-44-01-27-46', 'id': {'name': 'INSEE', 'value': '1551127554923 14'}, 'picture': {'large': 'https://randomuser.me/api/portraits/men/55.jpg', 'medium': 'https://randomuser.me/api/portraits/med/men/55.jpg', 'thumbnail': 'https://randomuser.me/api/portraits/thumb/men/55.jpg'}, 'nat': 'FR'}], 'info': {'seed': '0b63b03b1ffbe868', 'results': 1, 'page': 1, 'version': '1.4'}}</msg>
<arg>${json_data}</arg>
<doc>Logs the given message with the given level.</doc>
<status status="PASS" start="2024-08-01T15:16:21.434845" elapsed="0.000216"/>
</kw>
<kw name="Should Be String" owner="String">
<arg>${json_data['results'][0]['gender']}</arg>
<doc>Fails if the given ``item`` is not a string.</doc>
<status status="PASS" start="2024-08-01T15:16:21.435364" elapsed="0.000374"/>
</kw>
<kw name="Should Match Regexp" owner="BuiltIn">
<arg>${json_data['results'][0]['email']}</arg>
<arg>^[a-zA-Z0-9._%+-]+@[a-zA-Z0-9.-]+\.[a-zA-Z]{2,}$</arg>
<doc>Fails if ``string`` does not match ``pattern`` as a regular expression.</doc>
<status status="PASS" start="2024-08-01T15:16:21.435931" elapsed="0.000519"/>
</kw>
<kw name="Should Match Regexp" owner="BuiltIn">
<arg>${json_data['results'][0]['dob']['date']}</arg>
<arg>\\d{4}-\\d{2}-\\d{2}T\\d{2}:\\d{2}:\\d{2}\\.\\d{3}Z</arg>
<doc>Fails if ``string`` does not match ``pattern`` as a regular expression.</doc>
<status status="PASS" start="2024-08-01T15:16:21.436722" elapsed="0.000641"/>
</kw>
<kw name="Should Match Regexp" owner="BuiltIn">
<arg>${json_data['results'][0]['registered']['date']}</arg>
<arg>\\d{4}-\\d{2}-\\d{2}T\\d{2}:\\d{2}:\\d{2}\\.\\d{3}Z</arg>
<doc>Fails if ``string`` does not match ``pattern`` as a regular expression.</doc>
<status status="PASS" start="2024-08-01T15:16:21.437557" elapsed="0.000371"/>
</kw>
<kw name="Should Match Regexp" owner="BuiltIn">
<arg>${json_data['results'][0]['picture']['large']}</arg>
<arg>^https?://.*\.(?:png|jpe?g|gif|bmp)$</arg>
<doc>Fails if ``string`` does not match ``pattern`` as a regular expression.</doc>
<status status="PASS" start="2024-08-01T15:16:21.438115" elapsed="0.000460"/>
</kw>
<kw name="Should Match Regexp" owner="BuiltIn">
<arg>${json_data['results'][0]['picture']['medium']}</arg>
<arg>^https?://.*\.(?:png|jpe?g|gif|bmp)$</arg>
<doc>Fails if ``string`` does not match ``pattern`` as a regular expression.</doc>
<status status="PASS" start="2024-08-01T15:16:21.438764" elapsed="0.000353"/>
</kw>
<kw name="Should Match Regexp" owner="BuiltIn">
<arg>${json_data['results'][0]['picture']['thumbnail']}</arg>
<arg>^https?://.*\.(?:png|jpe?g|gif|bmp)$</arg>
<doc>Fails if ``string`` does not match ``pattern`` as a regular expression.</doc>
<status status="PASS" start="2024-08-01T15:16:21.439301" elapsed="0.000350"/>
</kw>
<kw name="Log" owner="BuiltIn">
<msg time="2024-08-01T15:16:21.440155" level="INFO">{'large': 'https://randomuser.me/api/portraits/men/55.jpg', 'medium': 'https://randomuser.me/api/portraits/med/men/55.jpg', 'thumbnail': 'https://randomuser.me/api/portraits/thumb/men/55.jpg'}</msg>
<arg>${json_data['results'][0]['picture']}</arg>
<doc>Logs the given message with the given level.</doc>
<status status="PASS" start="2024-08-01T15:16:21.439832" elapsed="0.000370"/>
</kw>
<status status="PASS" start="2024-08-01T15:16:21.339147" elapsed="0.101322"/>
</kw>
<kw name="Teste de Tipos de Dados - Postcode" owner="random-user-service">
<kw name="GET On Session" owner="RequestsLibrary">
<msg time="2024-08-01T15:16:21.523627" level="INFO">GET Request : url=https://randomuser.me/api 
 path_url=/api 
 headers={'User-Agent': 'python-requests/2.32.3', 'Accept-Encoding': 'gzip, deflate', 'Accept': '*/*', 'Connection': 'keep-alive'} 
 body=None 
 </msg>
<msg time="2024-08-01T15:16:21.523728" level="INFO">GET Response : url=https://randomuser.me/api 
 status=200, reason=OK 
 headers={'Date': 'Thu, 01 Aug 2024 15:16:21 GMT', 'Content-Type': 'application/json; charset=utf-8', 'Transfer-Encoding': 'chunked', 'Connection': 'keep-alive', 'X-Powered-By': 'Express', 'Access-Control-Allow-Origin': '*', 'Cache-Control': 'no-cache', 'ETag': 'W/"483-DXWvZp+71yaiwv5iviOxm08r7NY"', 'Vary': 'Accept-Encoding', 'Content-Encoding': 'gzip', 'CF-Cache-Status': 'DYNAMIC', 'Report-To': '{"endpoints":[{"url":"https:\\/\\/a.nel.cloudflare.com\\/report\\/v4?s=wu0jTGXZ97PKE4FfrwVqlDUW1jqQl19wQopvv51rx2TzxI8KCMLe7%2BGspFDcqDVKp7mcE8UtPzCaO5RWmwQD2yFKdbgMML%2F%2BeNw%2F7N7EQh7tUeuERbTF8BBY3%2F4yzAMi"}],"group":"cf-nel","max_age":604800}', 'NEL': '{"success_fraction":0,"report_to":"cf-nel","max_age":604800}', 'Server': 'cloudflare', 'CF-RAY': '8ac6c9f20ecc084e-IAD', 'alt-svc': 'h3=":443"; ma=86400'} 
 body={"results":[{"gender":"male","name":{"title":"Mr","first":"Milan","last":"Bandrovskiy"},"location":{"street":{"number":6391,"name":"Voyiniv-afganciv"},"city":"Snovsk","state":"Hmelnicka","country":"Ukraine","postcode":29173,"coordinates":{"latitude":"78.4309","longitude":"-37.2418"},"timezone":{"offset":"+2:00","description":"Kaliningrad, South Africa"}},"email":"milan.bandrovskiy@example.com","login":{"uuid":"808a2ce3-8c67-4682-b556-d9083e2572b7","username":"goldenkoala836","password":"erik","salt":"IVyDAIkT","md5":"2b2bc87441d3339896504be02f220fee","sha1":"f7aa6616aaa8bdd44d686805448632733a9b5c6d","sha256":"16071c4a8db7a0d5d56c4aac14cef484b9b3f42cde8e2ea555994595626e7a2b"},"dob":{"date":"1979-06-26T12:55:51.736Z","age":45},"registered":{"date":"2002-10-24T10:52:39.847Z","age":21},"phone":"(067) X13-4174","cell":"(068) Q40-7312","id":{"name":"","value":null},"picture":{"large":"https://randomuser.me/api/portraits/men/51.jpg","medium":"https://randomuser.me/api/portraits/med/men/51.jpg","thumbnail":"https://randomuser.me/api/portraits/thumb/men/51.jpg"},"nat":"UA"}],"info":{"seed":"a23fa99267abb2e7","results":1,"page":1,"version":"1.4"}} 
 </msg>
<msg time="2024-08-01T15:16:21.523799" level="INFO">/opt/hostedtoolcache/Python/3.12.4/x64/lib/python3.12/site-packages/urllib3/connectionpool.py:1099: InsecureRequestWarning: Unverified HTTPS request is being made to host 'randomuser.me'. Adding certificate verification is strongly advised. See: https://urllib3.readthedocs.io/en/latest/advanced-usage.html#tls-warnings
  warnings.warn(</msg>
<msg time="2024-08-01T15:16:21.523917" level="INFO">${response} = &lt;Response [200]&gt;</msg>
<var>${response}</var>
<arg>consultarAPI</arg>
<arg>/api</arg>
<doc>Sends a GET request on a previously created HTTP Session.</doc>
<status status="PASS" start="2024-08-01T15:16:21.440978" elapsed="0.082969"/>
</kw>
<kw name="Set Variable" owner="BuiltIn">
<msg time="2024-08-01T15:16:21.525035" level="INFO">${json_data} = {'results': [{'gender': 'male', 'name': {'title': 'Mr', 'first': 'Milan', 'last': 'Bandrovskiy'}, 'location': {'street': {'number': 6391, 'name': 'Voyiniv-afganciv'}, 'city': 'Snovsk', 'state': 'Hmeln...</msg>
<var>${json_data}</var>
<arg>${response.json()}</arg>
<doc>Returns the given values which can then be assigned to a variables.</doc>
<status status="PASS" start="2024-08-01T15:16:21.524509" elapsed="0.000554"/>
</kw>
<kw name="Log" owner="BuiltIn">
<msg time="2024-08-01T15:16:21.525534" level="INFO">{'results': [{'gender': 'male', 'name': {'title': 'Mr', 'first': 'Milan', 'last': 'Bandrovskiy'}, 'location': {'street': {'number': 6391, 'name': 'Voyiniv-afganciv'}, 'city': 'Snovsk', 'state': 'Hmelnicka', 'country': 'Ukraine', 'postcode': 29173, 'coordinates': {'latitude': '78.4309', 'longitude': '-37.2418'}, 'timezone': {'offset': '+2:00', 'description': 'Kaliningrad, South Africa'}}, 'email': 'milan.bandrovskiy@example.com', 'login': {'uuid': '808a2ce3-8c67-4682-b556-d9083e2572b7', 'username': 'goldenkoala836', 'password': 'erik', 'salt': 'IVyDAIkT', 'md5': '2b2bc87441d3339896504be02f220fee', 'sha1': 'f7aa6616aaa8bdd44d686805448632733a9b5c6d', 'sha256': '16071c4a8db7a0d5d56c4aac14cef484b9b3f42cde8e2ea555994595626e7a2b'}, 'dob': {'date': '1979-06-26T12:55:51.736Z', 'age': 45}, 'registered': {'date': '2002-10-24T10:52:39.847Z', 'age': 21}, 'phone': '(067) X13-4174', 'cell': '(068) Q40-7312', 'id': {'name': '', 'value': None}, 'picture': {'large': 'https://randomuser.me/api/portraits/men/51.jpg', 'medium': 'https://randomuser.me/api/portraits/med/men/51.jpg', 'thumbnail': 'https://randomuser.me/api/portraits/thumb/men/51.jpg'}, 'nat': 'UA'}], 'info': {'seed': 'a23fa99267abb2e7', 'results': 1, 'page': 1, 'version': '1.4'}}</msg>
<arg>${json_data}</arg>
<doc>Logs the given message with the given level.</doc>
<status status="PASS" start="2024-08-01T15:16:21.525377" elapsed="0.000203"/>
</kw>
<kw name="Should Be Equal As Numbers" owner="BuiltIn">
<arg>${json_data['results'][0]['location']['postcode']}</arg>
<arg>${json_data['results'][0]['location']['postcode']}</arg>
<doc>Fails if objects are unequal after converting them to real numbers.</doc>
<status status="PASS" start="2024-08-01T15:16:21.525875" elapsed="0.000637"/>
</kw>
<kw name="Log" owner="BuiltIn">
<msg time="2024-08-01T15:16:21.527051" level="INFO">29173</msg>
<arg>${json_data['results'][0]['location']['postcode']}</arg>
<doc>Logs the given message with the given level.</doc>
<status status="PASS" start="2024-08-01T15:16:21.526708" elapsed="0.000385"/>
</kw>
<status status="PASS" start="2024-08-01T15:16:21.440735" elapsed="0.086653"/>
</kw>
<doc>Testa se os tipos de dados na resposta da API estão corretos.</doc>
<tag>testeTiposDados</tag>
<status status="PASS" start="2024-08-01T15:16:21.338685" elapsed="0.188881"/>
</test>
<test id="s1-s1-t5" name="Validar conteudo" line="35">
<kw name="Teste de Tipos de Conteudo" owner="random-user-service">
<kw name="GET On Session" owner="RequestsLibrary">
<msg time="2024-08-01T15:16:21.637833" level="INFO">GET Request : url=https://randomuser.me/api 
 path_url=/api 
 headers={'User-Agent': 'python-requests/2.32.3', 'Accept-Encoding': 'gzip, deflate', 'Accept': '*/*', 'Connection': 'keep-alive'} 
 body=None 
 </msg>
<msg time="2024-08-01T15:16:21.637934" level="INFO">GET Response : url=https://randomuser.me/api 
 status=200, reason=OK 
 headers={'Date': 'Thu, 01 Aug 2024 15:16:21 GMT', 'Content-Type': 'application/json; charset=utf-8', 'Transfer-Encoding': 'chunked', 'Connection': 'keep-alive', 'X-Powered-By': 'Express', 'Access-Control-Allow-Origin': '*', 'Cache-Control': 'no-cache', 'ETag': 'W/"48a-W2/F0t6cyAkGyk4Dpc7P0UfMq5w"', 'Vary': 'Accept-Encoding', 'Content-Encoding': 'gzip', 'CF-Cache-Status': 'DYNAMIC', 'Report-To': '{"endpoints":[{"url":"https:\\/\\/a.nel.cloudflare.com\\/report\\/v4?s=QCxmfePv%2B3AAfFvbm2RToG3NtMVMrZt1fcOS6GVywdWaFeJs2O%2B4SsnXD2wjDfeaOpQAw1aGsyTpVHFSAbbxZhPjNZIO2JDuDM67hX4cvEYacoOpjKJiTwDFcEfEAdYy"}],"group":"cf-nel","max_age":604800}', 'NEL': '{"success_fraction":0,"report_to":"cf-nel","max_age":604800}', 'Server': 'cloudflare', 'CF-RAY': '8ac6c9f29f60084e-IAD', 'alt-svc': 'h3=":443"; ma=86400'} 
 body={"results":[{"gender":"male","name":{"title":"Mr","first":"Ignacio","last":"Castro"},"location":{"street":{"number":6423,"name":"Calle de Atocha"},"city":"Mérida","state":"Castilla la Mancha","country":"Spain","postcode":98775,"coordinates":{"latitude":"-34.8747","longitude":"-65.8235"},"timezone":{"offset":"-7:00","description":"Mountain Time (US &amp; Canada)"}},"email":"ignacio.castro@example.com","login":{"uuid":"723a684f-47f0-4726-9a92-d7bb8e2e76d5","username":"organiccat871","password":"noel","salt":"sD0aDkz1","md5":"72fa2682ccb4ebaf8eaf30b2b7869aab","sha1":"b1fcafe77bf8bbd458e818ad3c5cce46a0d83b7b","sha256":"174c6242d014053c14896f4fc9f50e0491f018cd8bb47534462c8de844e1e9ba"},"dob":{"date":"1972-03-23T08:02:56.166Z","age":52},"registered":{"date":"2016-08-22T12:31:58.149Z","age":7},"phone":"959-194-383","cell":"662-793-815","id":{"name":"DNI","value":"65600823-W"},"picture":{"large":"https://randomuser.me/api/portraits/men/69.jpg","medium":"https://randomuser.me/api/portraits/med/men/69.jpg","thumbnail":"https://randomuser.me/api/portraits/thumb/men/69.jpg"},"nat":"ES"}],"info":{"seed":"42728c1f47bfda9f","results":1,"page":1,"version":"1.4"}} 
 </msg>
<msg time="2024-08-01T15:16:21.638011" level="INFO">/opt/hostedtoolcache/Python/3.12.4/x64/lib/python3.12/site-packages/urllib3/connectionpool.py:1099: InsecureRequestWarning: Unverified HTTPS request is being made to host 'randomuser.me'. Adding certificate verification is strongly advised. See: https://urllib3.readthedocs.io/en/latest/advanced-usage.html#tls-warnings
  warnings.warn(</msg>
<msg time="2024-08-01T15:16:21.638132" level="INFO">${response} = &lt;Response [200]&gt;</msg>
<var>${response}</var>
<arg>consultarAPI</arg>
<arg>/api</arg>
<doc>Sends a GET request on a previously created HTTP Session.</doc>
<status status="PASS" start="2024-08-01T15:16:21.530153" elapsed="0.108007"/>
</kw>
<kw name="Set Variable" owner="BuiltIn">
<msg time="2024-08-01T15:16:21.639233" level="INFO">${json_data} = {'results': [{'gender': 'male', 'name': {'title': 'Mr', 'first': 'Ignacio', 'last': 'Castro'}, 'location': {'street': {'number': 6423, 'name': 'Calle de Atocha'}, 'city': 'Mérida', 'state': 'Castilla ...</msg>
<var>${json_data}</var>
<arg>${response.json()}</arg>
<doc>Returns the given values which can then be assigned to a variables.</doc>
<status status="PASS" start="2024-08-01T15:16:21.638702" elapsed="0.000562"/>
</kw>
<kw name="Set Variable" owner="BuiltIn">
<msg time="2024-08-01T15:16:21.639974" level="INFO">${name_title} = Mr</msg>
<var>${name_title}</var>
<arg>${json_data["results"][0]["name"]["title"]}</arg>
<doc>Returns the given values which can then be assigned to a variables.</doc>
<status status="PASS" start="2024-08-01T15:16:21.639585" elapsed="0.000416"/>
</kw>
<kw name="Create List" owner="BuiltIn">
<msg time="2024-08-01T15:16:21.640451" level="INFO">${allowed_titles} = ['Mr', 'Ms', 'Miss', 'Mrs', 'Madame', 'Monsieur']</msg>
<var>${allowed_titles}</var>
<arg>Mr</arg>
<arg>Ms</arg>
<arg>Miss</arg>
<arg>Mrs</arg>
<arg>Madame</arg>
<arg>Monsieur</arg>
<doc>Returns a list containing given items.</doc>
<status status="PASS" start="2024-08-01T15:16:21.640300" elapsed="0.000221"/>
</kw>
<kw name="List Should Contain Value" owner="Collections">
<arg>${allowed_titles}</arg>
<arg>${name_title}</arg>
<doc>Fails if the ``value`` is not found from ``list``.</doc>
<status status="PASS" start="2024-08-01T15:16:21.640844" elapsed="0.000190"/>
</kw>
<kw name="Set Variable" owner="BuiltIn">
<msg time="2024-08-01T15:16:21.641638" level="INFO">${name_country} = ES</msg>
<var>${name_country}</var>
<arg>${json_data["results"][0]["nat"]}</arg>
<doc>Returns the given values which can then be assigned to a variables.</doc>
<status status="PASS" start="2024-08-01T15:16:21.641214" elapsed="0.000450"/>
</kw>
<kw name="Create List" owner="BuiltIn">
<msg time="2024-08-01T15:16:21.642559" level="INFO">${list_country} = ['AD', 'AE', 'AF', 'AG', 'AI', 'AL', 'AM', 'AO', 'AQ', 'AR', 'AS', 'AT', 'AU', 'AW', 'AX', 'AZ', 'BA', 'BB', 'BD', 'BE', 'BF', 'BG', 'BH', 'BI', 'BJ', 'BL', 'BM', 'BN', 'BO', 'BQ', 'BR', 'BS', 'BT', '...</msg>
<var>${list_country}</var>
<arg>AD</arg>
<arg>AE</arg>
<arg>AF</arg>
<arg>AG</arg>
<arg>AI</arg>
<arg>AL</arg>
<arg>AM</arg>
<arg>AO</arg>
<arg>AQ</arg>
<arg>AR</arg>
<arg>AS</arg>
<arg>AT</arg>
<arg>AU</arg>
<arg>AW</arg>
<arg>AX</arg>
<arg>AZ</arg>
<arg>BA</arg>
<arg>BB</arg>
<arg>BD</arg>
<arg>BE</arg>
<arg>BF</arg>
<arg>BG</arg>
<arg>BH</arg>
<arg>BI</arg>
<arg>BJ</arg>
<arg>BL</arg>
<arg>BM</arg>
<arg>BN</arg>
<arg>BO</arg>
<arg>BQ</arg>
<arg>BR</arg>
<arg>BS</arg>
<arg>BT</arg>
<arg>BV</arg>
<arg>BW</arg>
<arg>BY</arg>
<arg>BZ</arg>
<arg>CA</arg>
<arg>CC</arg>
<arg>CD</arg>
<arg>CF</arg>
<arg>CG</arg>
<arg>CH</arg>
<arg>CI</arg>
<arg>CK</arg>
<arg>CL</arg>
<arg>CM</arg>
<arg>CN</arg>
<arg>CO</arg>
<arg>CR</arg>
<arg>CU</arg>
<arg>CV</arg>
<arg>CW</arg>
<arg>CX</arg>
<arg>CY</arg>
<arg>CZ</arg>
<arg>DE</arg>
<arg>DJ</arg>
<arg>DK</arg>
<arg>DM</arg>
<arg>DO</arg>
<arg>DZ</arg>
<arg>EC</arg>
<arg>EE</arg>
<arg>EG</arg>
<arg>EH</arg>
<arg>ER</arg>
<arg>ES</arg>
<arg>ET</arg>
<arg>FI</arg>
<arg>FJ</arg>
<arg>FK</arg>
<arg>FM</arg>
<arg>FO</arg>
<arg>FR</arg>
<arg>GA</arg>
<arg>GB</arg>
<arg>GD</arg>
<arg>GE</arg>
<arg>GF</arg>
<arg>GG</arg>
<arg>GH</arg>
<arg>GI</arg>
<arg>GL</arg>
<arg>GM</arg>
<arg>GN</arg>
<arg>GP</arg>
<arg>GQ</arg>
<arg>GR</arg>
<arg>GS</arg>
<arg>GT</arg>
<arg>GU</arg>
<arg>GW</arg>
<arg>GY</arg>
<arg>HK</arg>
<arg>HM</arg>
<arg>HN</arg>
<arg>HR</arg>
<arg>HT</arg>
<arg>HU</arg>
<arg>ID</arg>
<arg>IE</arg>
<arg>IL</arg>
<arg>IM</arg>
<arg>IN</arg>
<arg>IO</arg>
<arg>IQ</arg>
<arg>IR</arg>
<arg>IS</arg>
<arg>IT</arg>
<arg>JE</arg>
<arg>JM</arg>
<arg>JO</arg>
<arg>JP</arg>
<arg>KE</arg>
<arg>KG</arg>
<arg>KH</arg>
<arg>KI</arg>
<arg>KM</arg>
<arg>KN</arg>
<arg>KP</arg>
<arg>KR</arg>
<arg>KW</arg>
<arg>KY</arg>
<arg>KZ</arg>
<arg>LA</arg>
<arg>LB</arg>
<arg>LC</arg>
<arg>LI</arg>
<arg>LK</arg>
<arg>LR</arg>
<arg>LS</arg>
<arg>LT</arg>
<arg>LU</arg>
<arg>LV</arg>
<arg>LY</arg>
<arg>MA</arg>
<arg>MC</arg>
<arg>MD</arg>
<arg>ME</arg>
<arg>MF</arg>
<arg>MG</arg>
<arg>MH</arg>
<arg>MK</arg>
<arg>ML</arg>
<arg>MM</arg>
<arg>MN</arg>
<arg>MO</arg>
<arg>MP</arg>
<arg>MQ</arg>
<arg>MR</arg>
<arg>MS</arg>
<arg>MT</arg>
<arg>MU</arg>
<arg>MV</arg>
<arg>MW</arg>
<arg>MX</arg>
<arg>MY</arg>
<arg>MZ</arg>
<arg>NA</arg>
<arg>NC</arg>
<arg>NE</arg>
<arg>NF</arg>
<arg>NG</arg>
<arg>NI</arg>
<arg>NL</arg>
<arg>NO</arg>
<arg>NP</arg>
<arg>NR</arg>
<arg>NU</arg>
<arg>NZ</arg>
<arg>OM</arg>
<arg>PA</arg>
<arg>PE</arg>
<arg>PF</arg>
<arg>PG</arg>
<arg>PH</arg>
<arg>PK</arg>
<arg>PL</arg>
<arg>PM</arg>
<arg>PN</arg>
<arg>PR</arg>
<arg>PS</arg>
<arg>PT</arg>
<arg>PW</arg>
<arg>PY</arg>
<arg>QA</arg>
<arg>RE</arg>
<arg>RO</arg>
<arg>RS</arg>
<arg>RU</arg>
<arg>RW</arg>
<arg>SA</arg>
<arg>SB</arg>
<arg>SC</arg>
<arg>SD</arg>
<arg>SE</arg>
<arg>SG</arg>
<arg>SH</arg>
<arg>SI</arg>
<arg>SJ</arg>
<arg>SK</arg>
<arg>SL</arg>
<arg>SM</arg>
<arg>SN</arg>
<arg>SO</arg>
<arg>SR</arg>
<arg>SS</arg>
<arg>ST</arg>
<arg>SV</arg>
<arg>SX</arg>
<arg>SY</arg>
<arg>SZ</arg>
<arg>TC</arg>
<arg>TD</arg>
<arg>TF</arg>
<arg>TG</arg>
<arg>TH</arg>
<arg>TJ</arg>
<arg>TK</arg>
<arg>TL</arg>
<arg>TM</arg>
<arg>TN</arg>
<arg>TO</arg>
<arg>TR</arg>
<arg>TT</arg>
<arg>TV</arg>
<arg>TW</arg>
<arg>TZ</arg>
<arg>UA</arg>
<arg>UG</arg>
<arg>UM</arg>
<arg>US</arg>
<arg>UY</arg>
<arg>UZ</arg>
<arg>VA</arg>
<arg>VC</arg>
<arg>VE</arg>
<arg>VG</arg>
<arg>VI</arg>
<arg>VN</arg>
<arg>VU</arg>
<arg>WF</arg>
<arg>WS</arg>
<arg>XK</arg>
<arg>YE</arg>
<arg>YT</arg>
<arg>ZA</arg>
<arg>ZM</arg>
<arg>ZW</arg>
<doc>Returns a list containing given items.</doc>
<status status="PASS" start="2024-08-01T15:16:21.641964" elapsed="0.000621"/>
</kw>
<kw name="List Should Contain Value" owner="Collections">
<arg>${list_country}</arg>
<arg>${name_country}</arg>
<doc>Fails if the ``value`` is not found from ``list``.</doc>
<status status="PASS" start="2024-08-01T15:16:21.643566" elapsed="0.000213"/>
</kw>
<kw name="Run Keyword If" owner="BuiltIn">
<kw name="Should Be True" owner="BuiltIn">
<arg>${True}</arg>
<doc>Fails if the given condition is not true.</doc>
<status status="PASS" start="2024-08-01T15:16:21.644761" elapsed="0.000144"/>
</kw>
<arg>${json_data["results"][0]["location"]["coordinates"]["latitude"]} &gt;= -90 and ${json_data["results"][0]["location"]["coordinates"]["latitude"]} &lt;= 90</arg>
<arg>Should Be True</arg>
<arg>${True}</arg>
<doc>Runs the given keyword with the given arguments, if ``condition`` is true.</doc>
<status status="PASS" start="2024-08-01T15:16:21.643980" elapsed="0.001050"/>
</kw>
<kw name="Run Keyword If" owner="BuiltIn">
<kw name="Should Be True" owner="BuiltIn">
<arg>${True}</arg>
<doc>Fails if the given condition is not true.</doc>
<status status="PASS" start="2024-08-01T15:16:21.645906" elapsed="0.000137"/>
</kw>
<arg>${json_data["results"][0]["location"]["coordinates"]["longitude"]} &gt;= -180 and ${json_data["results"][0]["location"]["coordinates"]["longitude"]} &lt;= 180</arg>
<arg>Should Be True</arg>
<arg>${True}</arg>
<doc>Runs the given keyword with the given arguments, if ``condition`` is true.</doc>
<status status="PASS" start="2024-08-01T15:16:21.645212" elapsed="0.000955"/>
</kw>
<status status="PASS" start="2024-08-01T15:16:21.529924" elapsed="0.116377"/>
</kw>
<doc>Testa o conteúdo específico dos campos retornados pela API.</doc>
<tag>testeConteudo</tag>
<status status="PASS" start="2024-08-01T15:16:21.529384" elapsed="0.117074"/>
</test>
<status status="PASS" start="2024-08-01T15:16:20.659939" elapsed="0.988414"/>
</suite>
<status status="PASS" start="2024-08-01T15:16:20.645300" elapsed="1.008154"/>
</suite>
<statistics>
<total>
<stat pass="5" fail="0" skip="0">All Tests</stat>
</total>
<tag>
<stat pass="1" fail="0" skip="0">testeConteudo</stat>
<stat pass="1" fail="0" skip="0">testeEstruturaResposta</stat>
<stat pass="1" fail="0" skip="0">testeRequisicaoBasica</stat>
<stat pass="1" fail="0" skip="0">testeTiposDados</stat>
</tag>
<suite>
<stat pass="5" fail="0" skip="0" id="s1" name="Tests">Tests</stat>
<stat pass="5" fail="0" skip="0" id="s1-s1" name="Random-User-Test">Tests.Random-User-Test</stat>
</suite>
</statistics>
<errors>
</errors>
</robot>
