<?xml version="1.0" encoding="UTF-8"?>
<robot generator="Robot 7.0 (Python 3.12.3 on linux)" generated="2024-06-02T09:15:20.028488" rpa="false" schemaversion="5">
<suite id="s1" name="Tests" source="/home/runner/work/ApiRandomUser/ApiRandomUser/RamdonUser/tests">
<suite id="s1-s1" name="Random-User-Test" source="/home/runner/work/ApiRandomUser/ApiRandomUser/RamdonUser/tests/random-user-test.robot">
<test id="s1-s1-t1" name="Conectar" line="13">
<kw name="Conectar API" owner="random-user-service">
<kw name="Create Session" owner="RequestsLibrary">
<msg time="2024-06-02T09:15:20.447284" level="INFO">Creating Session using : alias=consultarAPI, url=https://randomuser.me/, headers={},                     cookies={}, auth=None, timeout=None, proxies=None, verify=False,                     debug=0 </msg>
<arg>consultarAPI</arg>
<arg>${URL}</arg>
<doc>Create Session: create a HTTP session to a server</doc>
<status status="PASS" start="2024-06-02T09:15:20.447073" elapsed="0.000428"/>
</kw>
<status status="PASS" start="2024-06-02T09:15:20.446013" elapsed="0.001869"/>
</kw>
<status status="PASS" start="2024-06-02T09:15:20.445303" elapsed="0.002775"/>
</test>
<test id="s1-s1-t2" name="Validar retorno 200 e JSON Válido" line="16">
<kw name="Teste de Requisicao Basica" owner="random-user-service">
<kw name="GET On Session" owner="RequestsLibrary">
<msg time="2024-06-02T09:15:20.514825" level="INFO">GET Request : url=https://randomuser.me/api 
 path_url=/api 
 headers={'User-Agent': 'python-requests/2.32.3', 'Accept-Encoding': 'gzip, deflate', 'Accept': '*/*', 'Connection': 'keep-alive'} 
 body=None 
 </msg>
<msg time="2024-06-02T09:15:20.514946" level="INFO">GET Response : url=https://randomuser.me/api 
 status=200, reason=OK 
 headers={'Date': 'Sun, 02 Jun 2024 09:15:20 GMT', 'Content-Type': 'application/json; charset=utf-8', 'Transfer-Encoding': 'chunked', 'Connection': 'keep-alive', 'X-Powered-By': 'Express', 'Access-Control-Allow-Origin': '*', 'Cache-Control': 'no-cache', 'ETag': 'W/"489-Tvnj57WtNqBqlIfmxbd2z9CqzwY"', 'Vary': 'Accept-Encoding', 'Content-Encoding': 'gzip', 'CF-Cache-Status': 'DYNAMIC', 'Report-To': '{"endpoints":[{"url":"https:\\/\\/a.nel.cloudflare.com\\/report\\/v4?s=Iqw5uF6DnrfHhZeucU67GQHwnJ57%2FE6LirdTNan75QAJ%2BQjnfuQrw1bcoKPl0Q4gRwqLIcYWSqvtl4Hk90urc%2FPwvzotvFL1sdEvb2pjV3CawJH02XmSMXY4nXZk%2BDqE"}],"group":"cf-nel","max_age":604800}', 'NEL': '{"success_fraction":0,"report_to":"cf-nel","max_age":604800}', 'Server': 'cloudflare', 'CF-RAY': '88d6569d0e938199-IAD', 'alt-svc': 'h3=":443"; ma=86400'} 
 body={"results":[{"gender":"female","name":{"title":"Ms","first":"Jenny","last":"Mills"},"location":{"street":{"number":2531,"name":"Daisy Dr"},"city":"Gladstone","state":"Australian Capital Territory","country":"Australia","postcode":3474,"coordinates":{"latitude":"-88.4681","longitude":"140.5053"},"timezone":{"offset":"-3:30","description":"Newfoundland"}},"email":"jenny.mills@example.com","login":{"uuid":"79b54261-1176-44bb-bc0a-4033a29079f9","username":"purplefish123","password":"123654","salt":"hCzrTUTV","md5":"91253f272f4ef44061f4eda0999f6197","sha1":"9960d20fbcb153c6b121909fab12d27ce8601d84","sha256":"cbd0b85c1253e97b2fed2009451a7b251608dfd1509d7056bdfd353440278e80"},"dob":{"date":"1956-07-30T20:58:47.955Z","age":67},"registered":{"date":"2006-03-18T03:35:05.619Z","age":18},"phone":"01-5045-9543","cell":"0421-890-141","id":{"name":"TFN","value":"190817319"},"picture":{"large":"https://randomuser.me/api/portraits/women/65.jpg","medium":"https://randomuser.me/api/portraits/med/women/65.jpg","thumbnail":"https://randomuser.me/api/portraits/thumb/women/65.jpg"},"nat":"AU"}],"info":{"seed":"6702ba5bea728ff1","results":1,"page":1,"version":"1.4"}} 
 </msg>
<msg time="2024-06-02T09:15:20.515020" level="INFO">/opt/hostedtoolcache/Python/3.12.3/x64/lib/python3.12/site-packages/urllib3/connectionpool.py:1103: InsecureRequestWarning: Unverified HTTPS request is being made to host 'randomuser.me'. Adding certificate verification is strongly advised. See: https://urllib3.readthedocs.io/en/latest/advanced-usage.html#tls-warnings
  warnings.warn(</msg>
<msg time="2024-06-02T09:15:20.515133" level="INFO">${response} = &lt;Response [200]&gt;</msg>
<var>${response}</var>
<arg>consultarAPI</arg>
<arg>/api</arg>
<doc>Sends a GET request on a previously created HTTP Session.</doc>
<status status="PASS" start="2024-06-02T09:15:20.450750" elapsed="0.064422"/>
</kw>
<kw name="Should Be Equal As Numbers" owner="BuiltIn">
<msg time="2024-06-02T09:15:20.516072" level="INFO">Argument types are:
&lt;class 'int'&gt;
&lt;class 'str'&gt;</msg>
<arg>${response.status_code}</arg>
<arg>200</arg>
<doc>Fails if objects are unequal after converting them to real numbers.</doc>
<status status="PASS" start="2024-06-02T09:15:20.515645" elapsed="0.000491"/>
</kw>
<kw name="Log" owner="BuiltIn">
<msg time="2024-06-02T09:15:20.516816" level="INFO">200</msg>
<arg>${response.status_code}</arg>
<doc>Logs the given message with the given level.</doc>
<status status="PASS" start="2024-06-02T09:15:20.516461" elapsed="0.000403"/>
</kw>
<kw name="Set Variable" owner="BuiltIn">
<msg time="2024-06-02T09:15:20.517606" level="INFO">${json_data} = {'results': [{'gender': 'female', 'name': {'title': 'Ms', 'first': 'Jenny', 'last': 'Mills'}, 'location': {'street': {'number': 2531, 'name': 'Daisy Dr'}, 'city': 'Gladstone', 'state': 'Australian Cap...</msg>
<var>${json_data}</var>
<arg>${response.json()}</arg>
<doc>Returns the given values which can then be assigned to a variables.</doc>
<status status="PASS" start="2024-06-02T09:15:20.517176" elapsed="0.000458"/>
</kw>
<kw name="Dictionary Should Contain Key" owner="Collections">
<msg time="2024-06-02T09:15:20.518114" level="INFO">False</msg>
<arg>${json_data}</arg>
<arg>results</arg>
<doc>Fails if ``key`` is not found from ``dictionary``.</doc>
<status status="PASS" start="2024-06-02T09:15:20.517946" elapsed="0.000347"/>
</kw>
<status status="PASS" start="2024-06-02T09:15:20.450500" elapsed="0.068061"/>
</kw>
<doc>Testa se a API responde corretamente e retorna um objeto JSON válido.</doc>
<tag>testeRequisicaoBasica</tag>
<status status="PASS" start="2024-06-02T09:15:20.450028" elapsed="0.068714"/>
</test>
<test id="s1-s1-t3" name="Validar estrutura de resposta" line="22">
<kw name="Teste de Estrutura de Resposta" owner="random-user-service">
<kw name="GET On Session" owner="RequestsLibrary">
<msg time="2024-06-02T09:15:20.620051" level="INFO">GET Request : url=https://randomuser.me/api 
 path_url=/api 
 headers={'User-Agent': 'python-requests/2.32.3', 'Accept-Encoding': 'gzip, deflate', 'Accept': '*/*', 'Connection': 'keep-alive'} 
 body=None 
 </msg>
<msg time="2024-06-02T09:15:20.620153" level="INFO">GET Response : url=https://randomuser.me/api 
 status=200, reason=OK 
 headers={'Date': 'Sun, 02 Jun 2024 09:15:20 GMT', 'Content-Type': 'application/json; charset=utf-8', 'Transfer-Encoding': 'chunked', 'Connection': 'keep-alive', 'X-Powered-By': 'Express', 'Access-Control-Allow-Origin': '*', 'Cache-Control': 'no-cache', 'ETag': 'W/"49e-nEAcga7zekOultm49fuEOuJ7514"', 'Vary': 'Accept-Encoding', 'Content-Encoding': 'gzip', 'CF-Cache-Status': 'DYNAMIC', 'Report-To': '{"endpoints":[{"url":"https:\\/\\/a.nel.cloudflare.com\\/report\\/v4?s=mdhnt6snG9n1H37sruOv%2Fhx3ReKgHk8Rqfn4f4dUsYPWd5boDYEXYjttkqD05dvh%2FH7TiF15NFd6RMMWVG1dJYX86OgcohrNFWM3Evd6%2FdhXtyX7pQdeqCR2yBa0GA4K"}],"group":"cf-nel","max_age":604800}', 'NEL': '{"success_fraction":0,"report_to":"cf-nel","max_age":604800}', 'Server': 'cloudflare', 'CF-RAY': '88d6569d4edf8199-IAD', 'alt-svc': 'h3=":443"; ma=86400'} 
 body={"results":[{"gender":"female","name":{"title":"Mrs","first":"Shravya","last":"Acharya"},"location":{"street":{"number":7831,"name":"Shakespeare Sarani"},"city":"Satara","state":"Haryana","country":"India","postcode":27710,"coordinates":{"latitude":"12.8204","longitude":"68.4615"},"timezone":{"offset":"+3:00","description":"Baghdad, Riyadh, Moscow, St. Petersburg"}},"email":"shravya.acharya@example.com","login":{"uuid":"c0a8cdd5-352e-43c4-bb80-7d16d03833a6","username":"angryladybug848","password":"kiteboy","salt":"tl4pXqpS","md5":"d42c7a541324fc58c41e0a7e0095ac42","sha1":"d09df5b97f6946fb2c0d38192f7a26862fcf51cb","sha256":"1cc18f79aa2647493483a68facdf3b2c29f8d457b343f705de39f6a85d3d34d7"},"dob":{"date":"1951-05-22T18:54:39.997Z","age":73},"registered":{"date":"2010-09-20T17:23:48.267Z","age":13},"phone":"7151264423","cell":"8539856212","id":{"name":"UIDAI","value":"578834885135"},"picture":{"large":"https://randomuser.me/api/portraits/women/84.jpg","medium":"https://randomuser.me/api/portraits/med/women/84.jpg","thumbnail":"https://randomuser.me/api/portraits/thumb/women/84.jpg"},"nat":"IN"}],"info":{"seed":"e2acf645b834cd6f","results":1,"page":1,"version":"1.4"}} 
 </msg>
<msg time="2024-06-02T09:15:20.620291" level="INFO">/opt/hostedtoolcache/Python/3.12.3/x64/lib/python3.12/site-packages/urllib3/connectionpool.py:1103: InsecureRequestWarning: Unverified HTTPS request is being made to host 'randomuser.me'. Adding certificate verification is strongly advised. See: https://urllib3.readthedocs.io/en/latest/advanced-usage.html#tls-warnings
  warnings.warn(</msg>
<msg time="2024-06-02T09:15:20.620423" level="INFO">${response} = &lt;Response [200]&gt;</msg>
<var>${response}</var>
<arg>consultarAPI</arg>
<arg>/api</arg>
<doc>Sends a GET request on a previously created HTTP Session.</doc>
<status status="PASS" start="2024-06-02T09:15:20.521362" elapsed="0.099102"/>
</kw>
<kw name="Set Variable" owner="BuiltIn">
<msg time="2024-06-02T09:15:20.621498" level="INFO">${json_data} = {'results': [{'gender': 'female', 'name': {'title': 'Mrs', 'first': 'Shravya', 'last': 'Acharya'}, 'location': {'street': {'number': 7831, 'name': 'Shakespeare Sarani'}, 'city': 'Satara', 'state': 'Ha...</msg>
<var>${json_data}</var>
<arg>${response.json()}</arg>
<doc>Returns the given values which can then be assigned to a variables.</doc>
<status status="PASS" start="2024-06-02T09:15:20.620976" elapsed="0.000551"/>
</kw>
<kw name="Log" owner="BuiltIn">
<msg time="2024-06-02T09:15:20.622004" level="INFO">{'results': [{'gender': 'female', 'name': {'title': 'Mrs', 'first': 'Shravya', 'last': 'Acharya'}, 'location': {'street': {'number': 7831, 'name': 'Shakespeare Sarani'}, 'city': 'Satara', 'state': 'Haryana', 'country': 'India', 'postcode': 27710, 'coordinates': {'latitude': '12.8204', 'longitude': '68.4615'}, 'timezone': {'offset': '+3:00', 'description': 'Baghdad, Riyadh, Moscow, St. Petersburg'}}, 'email': 'shravya.acharya@example.com', 'login': {'uuid': 'c0a8cdd5-352e-43c4-bb80-7d16d03833a6', 'username': 'angryladybug848', 'password': 'kiteboy', 'salt': 'tl4pXqpS', 'md5': 'd42c7a541324fc58c41e0a7e0095ac42', 'sha1': 'd09df5b97f6946fb2c0d38192f7a26862fcf51cb', 'sha256': '1cc18f79aa2647493483a68facdf3b2c29f8d457b343f705de39f6a85d3d34d7'}, 'dob': {'date': '1951-05-22T18:54:39.997Z', 'age': 73}, 'registered': {'date': '2010-09-20T17:23:48.267Z', 'age': 13}, 'phone': '7151264423', 'cell': '8539856212', 'id': {'name': 'UIDAI', 'value': '578834885135'}, 'picture': {'large': 'https://randomuser.me/api/portraits/women/84.jpg', 'medium': 'https://randomuser.me/api/portraits/med/women/84.jpg', 'thumbnail': 'https://randomuser.me/api/portraits/thumb/women/84.jpg'}, 'nat': 'IN'}], 'info': {'seed': 'e2acf645b834cd6f', 'results': 1, 'page': 1, 'version': '1.4'}}</msg>
<arg>${json_data}</arg>
<doc>Logs the given message with the given level.</doc>
<status status="PASS" start="2024-06-02T09:15:20.621844" elapsed="0.000211"/>
</kw>
<kw name="Dictionary Should Contain Key" owner="Collections">
<msg time="2024-06-02T09:15:20.622519" level="INFO">False</msg>
<arg>${json_data}</arg>
<arg>results</arg>
<doc>Fails if ``key`` is not found from ``dictionary``.</doc>
<status status="PASS" start="2024-06-02T09:15:20.622356" elapsed="0.000207"/>
</kw>
<kw name="Should Not Be Empty" owner="BuiltIn">
<msg time="2024-06-02T09:15:20.622999" level="INFO">Length is 2.</msg>
<arg>${json_data}</arg>
<doc>Verifies that the given item is not empty.</doc>
<status status="PASS" start="2024-06-02T09:15:20.622864" elapsed="0.000186"/>
</kw>
<kw name="Create List" owner="BuiltIn">
<msg time="2024-06-02T09:15:20.623523" level="INFO">${expected_keys} = ['gender', 'name', 'location', 'email', 'login']</msg>
<var>${expected_keys}</var>
<arg>gender</arg>
<arg>name</arg>
<arg>location</arg>
<arg>email</arg>
<arg>login</arg>
<doc>Returns a list containing given items.</doc>
<status status="PASS" start="2024-06-02T09:15:20.623347" elapsed="0.000203"/>
</kw>
<for flavor="IN">
<iter>
<kw name="Dictionary Should Contain Key" owner="Collections">
<msg time="2024-06-02T09:15:20.624557" level="INFO">False</msg>
<arg>${json_data['results'][0]}</arg>
<arg>${key}</arg>
<doc>Fails if ``key`` is not found from ``dictionary``.</doc>
<status status="PASS" start="2024-06-02T09:15:20.624144" elapsed="0.000458"/>
</kw>
<kw name="Log" owner="BuiltIn">
<msg time="2024-06-02T09:15:20.625275" level="INFO">{'gender': 'female', 'name': {'title': 'Mrs', 'first': 'Shravya', 'last': 'Acharya'}, 'location': {'street': {'number': 7831, 'name': 'Shakespeare Sarani'}, 'city': 'Satara', 'state': 'Haryana', 'country': 'India', 'postcode': 27710, 'coordinates': {'latitude': '12.8204', 'longitude': '68.4615'}, 'timezone': {'offset': '+3:00', 'description': 'Baghdad, Riyadh, Moscow, St. Petersburg'}}, 'email': 'shravya.acharya@example.com', 'login': {'uuid': 'c0a8cdd5-352e-43c4-bb80-7d16d03833a6', 'username': 'angryladybug848', 'password': 'kiteboy', 'salt': 'tl4pXqpS', 'md5': 'd42c7a541324fc58c41e0a7e0095ac42', 'sha1': 'd09df5b97f6946fb2c0d38192f7a26862fcf51cb', 'sha256': '1cc18f79aa2647493483a68facdf3b2c29f8d457b343f705de39f6a85d3d34d7'}, 'dob': {'date': '1951-05-22T18:54:39.997Z', 'age': 73}, 'registered': {'date': '2010-09-20T17:23:48.267Z', 'age': 13}, 'phone': '7151264423', 'cell': '8539856212', 'id': {'name': 'UIDAI', 'value': '578834885135'}, 'picture': {'large': 'https://randomuser.me/api/portraits/women/84.jpg', 'medium': 'https://randomuser.me/api/portraits/med/women/84.jpg', 'thumbnail': 'https://randomuser.me/api/portraits/thumb/women/84.jpg'}, 'nat': 'IN'}</msg>
<arg>${json_data['results'][0]}</arg>
<doc>Logs the given message with the given level.</doc>
<status status="PASS" start="2024-06-02T09:15:20.624909" elapsed="0.000418"/>
</kw>
<kw name="Log" owner="BuiltIn">
<msg time="2024-06-02T09:15:20.625765" level="INFO">gender</msg>
<arg>${key}</arg>
<doc>Logs the given message with the given level.</doc>
<status status="PASS" start="2024-06-02T09:15:20.625633" elapsed="0.000171"/>
</kw>
<var name="${key}">gender</var>
<status status="PASS" start="2024-06-02T09:15:20.624016" elapsed="0.002008"/>
</iter>
<iter>
<kw name="Dictionary Should Contain Key" owner="Collections">
<msg time="2024-06-02T09:15:20.626723" level="INFO">False</msg>
<arg>${json_data['results'][0]}</arg>
<arg>${key}</arg>
<doc>Fails if ``key`` is not found from ``dictionary``.</doc>
<status status="PASS" start="2024-06-02T09:15:20.626334" elapsed="0.000428"/>
</kw>
<kw name="Log" owner="BuiltIn">
<msg time="2024-06-02T09:15:20.627459" level="INFO">{'gender': 'female', 'name': {'title': 'Mrs', 'first': 'Shravya', 'last': 'Acharya'}, 'location': {'street': {'number': 7831, 'name': 'Shakespeare Sarani'}, 'city': 'Satara', 'state': 'Haryana', 'country': 'India', 'postcode': 27710, 'coordinates': {'latitude': '12.8204', 'longitude': '68.4615'}, 'timezone': {'offset': '+3:00', 'description': 'Baghdad, Riyadh, Moscow, St. Petersburg'}}, 'email': 'shravya.acharya@example.com', 'login': {'uuid': 'c0a8cdd5-352e-43c4-bb80-7d16d03833a6', 'username': 'angryladybug848', 'password': 'kiteboy', 'salt': 'tl4pXqpS', 'md5': 'd42c7a541324fc58c41e0a7e0095ac42', 'sha1': 'd09df5b97f6946fb2c0d38192f7a26862fcf51cb', 'sha256': '1cc18f79aa2647493483a68facdf3b2c29f8d457b343f705de39f6a85d3d34d7'}, 'dob': {'date': '1951-05-22T18:54:39.997Z', 'age': 73}, 'registered': {'date': '2010-09-20T17:23:48.267Z', 'age': 13}, 'phone': '7151264423', 'cell': '8539856212', 'id': {'name': 'UIDAI', 'value': '578834885135'}, 'picture': {'large': 'https://randomuser.me/api/portraits/women/84.jpg', 'medium': 'https://randomuser.me/api/portraits/med/women/84.jpg', 'thumbnail': 'https://randomuser.me/api/portraits/thumb/women/84.jpg'}, 'nat': 'IN'}</msg>
<arg>${json_data['results'][0]}</arg>
<doc>Logs the given message with the given level.</doc>
<status status="PASS" start="2024-06-02T09:15:20.627094" elapsed="0.000437"/>
</kw>
<kw name="Log" owner="BuiltIn">
<msg time="2024-06-02T09:15:20.627974" level="INFO">name</msg>
<arg>${key}</arg>
<doc>Logs the given message with the given level.</doc>
<status status="PASS" start="2024-06-02T09:15:20.627843" elapsed="0.000169"/>
</kw>
<var name="${key}">name</var>
<status status="PASS" start="2024-06-02T09:15:20.626216" elapsed="0.002026"/>
</iter>
<iter>
<kw name="Dictionary Should Contain Key" owner="Collections">
<msg time="2024-06-02T09:15:20.628926" level="INFO">False</msg>
<arg>${json_data['results'][0]}</arg>
<arg>${key}</arg>
<doc>Fails if ``key`` is not found from ``dictionary``.</doc>
<status status="PASS" start="2024-06-02T09:15:20.628542" elapsed="0.000423"/>
</kw>
<kw name="Log" owner="BuiltIn">
<msg time="2024-06-02T09:15:20.629649" level="INFO">{'gender': 'female', 'name': {'title': 'Mrs', 'first': 'Shravya', 'last': 'Acharya'}, 'location': {'street': {'number': 7831, 'name': 'Shakespeare Sarani'}, 'city': 'Satara', 'state': 'Haryana', 'country': 'India', 'postcode': 27710, 'coordinates': {'latitude': '12.8204', 'longitude': '68.4615'}, 'timezone': {'offset': '+3:00', 'description': 'Baghdad, Riyadh, Moscow, St. Petersburg'}}, 'email': 'shravya.acharya@example.com', 'login': {'uuid': 'c0a8cdd5-352e-43c4-bb80-7d16d03833a6', 'username': 'angryladybug848', 'password': 'kiteboy', 'salt': 'tl4pXqpS', 'md5': 'd42c7a541324fc58c41e0a7e0095ac42', 'sha1': 'd09df5b97f6946fb2c0d38192f7a26862fcf51cb', 'sha256': '1cc18f79aa2647493483a68facdf3b2c29f8d457b343f705de39f6a85d3d34d7'}, 'dob': {'date': '1951-05-22T18:54:39.997Z', 'age': 73}, 'registered': {'date': '2010-09-20T17:23:48.267Z', 'age': 13}, 'phone': '7151264423', 'cell': '8539856212', 'id': {'name': 'UIDAI', 'value': '578834885135'}, 'picture': {'large': 'https://randomuser.me/api/portraits/women/84.jpg', 'medium': 'https://randomuser.me/api/portraits/med/women/84.jpg', 'thumbnail': 'https://randomuser.me/api/portraits/thumb/women/84.jpg'}, 'nat': 'IN'}</msg>
<arg>${json_data['results'][0]}</arg>
<doc>Logs the given message with the given level.</doc>
<status status="PASS" start="2024-06-02T09:15:20.629280" elapsed="0.000429"/>
</kw>
<kw name="Log" owner="BuiltIn">
<msg time="2024-06-02T09:15:20.630145" level="INFO">location</msg>
<arg>${key}</arg>
<doc>Logs the given message with the given level.</doc>
<status status="PASS" start="2024-06-02T09:15:20.630016" elapsed="0.000169"/>
</kw>
<var name="${key}">location</var>
<status status="PASS" start="2024-06-02T09:15:20.628426" elapsed="0.001984"/>
</iter>
<iter>
<kw name="Dictionary Should Contain Key" owner="Collections">
<msg time="2024-06-02T09:15:20.631201" level="INFO">False</msg>
<arg>${json_data['results'][0]}</arg>
<arg>${key}</arg>
<doc>Fails if ``key`` is not found from ``dictionary``.</doc>
<status status="PASS" start="2024-06-02T09:15:20.630700" elapsed="0.000541"/>
</kw>
<kw name="Log" owner="BuiltIn">
<msg time="2024-06-02T09:15:20.631929" level="INFO">{'gender': 'female', 'name': {'title': 'Mrs', 'first': 'Shravya', 'last': 'Acharya'}, 'location': {'street': {'number': 7831, 'name': 'Shakespeare Sarani'}, 'city': 'Satara', 'state': 'Haryana', 'country': 'India', 'postcode': 27710, 'coordinates': {'latitude': '12.8204', 'longitude': '68.4615'}, 'timezone': {'offset': '+3:00', 'description': 'Baghdad, Riyadh, Moscow, St. Petersburg'}}, 'email': 'shravya.acharya@example.com', 'login': {'uuid': 'c0a8cdd5-352e-43c4-bb80-7d16d03833a6', 'username': 'angryladybug848', 'password': 'kiteboy', 'salt': 'tl4pXqpS', 'md5': 'd42c7a541324fc58c41e0a7e0095ac42', 'sha1': 'd09df5b97f6946fb2c0d38192f7a26862fcf51cb', 'sha256': '1cc18f79aa2647493483a68facdf3b2c29f8d457b343f705de39f6a85d3d34d7'}, 'dob': {'date': '1951-05-22T18:54:39.997Z', 'age': 73}, 'registered': {'date': '2010-09-20T17:23:48.267Z', 'age': 13}, 'phone': '7151264423', 'cell': '8539856212', 'id': {'name': 'UIDAI', 'value': '578834885135'}, 'picture': {'large': 'https://randomuser.me/api/portraits/women/84.jpg', 'medium': 'https://randomuser.me/api/portraits/med/women/84.jpg', 'thumbnail': 'https://randomuser.me/api/portraits/thumb/women/84.jpg'}, 'nat': 'IN'}</msg>
<arg>${json_data['results'][0]}</arg>
<doc>Logs the given message with the given level.</doc>
<status status="PASS" start="2024-06-02T09:15:20.631564" elapsed="0.000415"/>
</kw>
<kw name="Log" owner="BuiltIn">
<msg time="2024-06-02T09:15:20.632406" level="INFO">email</msg>
<arg>${key}</arg>
<doc>Logs the given message with the given level.</doc>
<status status="PASS" start="2024-06-02T09:15:20.632276" elapsed="0.000168"/>
</kw>
<var name="${key}">email</var>
<status status="PASS" start="2024-06-02T09:15:20.630588" elapsed="0.002074"/>
</iter>
<iter>
<kw name="Dictionary Should Contain Key" owner="Collections">
<msg time="2024-06-02T09:15:20.633337" level="INFO">False</msg>
<arg>${json_data['results'][0]}</arg>
<arg>${key}</arg>
<doc>Fails if ``key`` is not found from ``dictionary``.</doc>
<status status="PASS" start="2024-06-02T09:15:20.632954" elapsed="0.000421"/>
</kw>
<kw name="Log" owner="BuiltIn">
<msg time="2024-06-02T09:15:20.634028" level="INFO">{'gender': 'female', 'name': {'title': 'Mrs', 'first': 'Shravya', 'last': 'Acharya'}, 'location': {'street': {'number': 7831, 'name': 'Shakespeare Sarani'}, 'city': 'Satara', 'state': 'Haryana', 'country': 'India', 'postcode': 27710, 'coordinates': {'latitude': '12.8204', 'longitude': '68.4615'}, 'timezone': {'offset': '+3:00', 'description': 'Baghdad, Riyadh, Moscow, St. Petersburg'}}, 'email': 'shravya.acharya@example.com', 'login': {'uuid': 'c0a8cdd5-352e-43c4-bb80-7d16d03833a6', 'username': 'angryladybug848', 'password': 'kiteboy', 'salt': 'tl4pXqpS', 'md5': 'd42c7a541324fc58c41e0a7e0095ac42', 'sha1': 'd09df5b97f6946fb2c0d38192f7a26862fcf51cb', 'sha256': '1cc18f79aa2647493483a68facdf3b2c29f8d457b343f705de39f6a85d3d34d7'}, 'dob': {'date': '1951-05-22T18:54:39.997Z', 'age': 73}, 'registered': {'date': '2010-09-20T17:23:48.267Z', 'age': 13}, 'phone': '7151264423', 'cell': '8539856212', 'id': {'name': 'UIDAI', 'value': '578834885135'}, 'picture': {'large': 'https://randomuser.me/api/portraits/women/84.jpg', 'medium': 'https://randomuser.me/api/portraits/med/women/84.jpg', 'thumbnail': 'https://randomuser.me/api/portraits/thumb/women/84.jpg'}, 'nat': 'IN'}</msg>
<arg>${json_data['results'][0]}</arg>
<doc>Logs the given message with the given level.</doc>
<status status="PASS" start="2024-06-02T09:15:20.633670" elapsed="0.000408"/>
</kw>
<kw name="Log" owner="BuiltIn">
<msg time="2024-06-02T09:15:20.634499" level="INFO">login</msg>
<arg>${key}</arg>
<doc>Logs the given message with the given level.</doc>
<status status="PASS" start="2024-06-02T09:15:20.634372" elapsed="0.000167"/>
</kw>
<var name="${key}">login</var>
<status status="PASS" start="2024-06-02T09:15:20.632840" elapsed="0.001942"/>
</iter>
<var>${key}</var>
<value>@{expected_keys}</value>
<status status="PASS" start="2024-06-02T09:15:20.623819" elapsed="0.011093"/>
</for>
<kw name="Create List" owner="BuiltIn">
<msg time="2024-06-02T09:15:20.635250" level="INFO">${expected_keysTwo} = ['username', 'password']</msg>
<var>${expected_keysTwo}</var>
<arg>username</arg>
<arg>password</arg>
<doc>Returns a list containing given items.</doc>
<status status="PASS" start="2024-06-02T09:15:20.635111" elapsed="0.000163"/>
</kw>
<for flavor="IN">
<iter>
<kw name="Dictionary Should Contain Key" owner="Collections">
<msg time="2024-06-02T09:15:20.636196" level="INFO">False</msg>
<arg>${json_data['results'][0]['login']}</arg>
<arg>${keyTwo}</arg>
<doc>Fails if ``key`` is not found from ``dictionary``.</doc>
<status status="PASS" start="2024-06-02T09:15:20.635810" elapsed="0.000424"/>
</kw>
<kw name="Dictionary Should Contain Key" owner="Collections">
<msg time="2024-06-02T09:15:20.636916" level="INFO">False</msg>
<arg>${json_data['results'][0]['login']}</arg>
<arg>${keyTwo}</arg>
<doc>Fails if ``key`` is not found from ``dictionary``.</doc>
<status status="PASS" start="2024-06-02T09:15:20.636538" elapsed="0.000416"/>
</kw>
<kw name="Log" owner="BuiltIn">
<msg time="2024-06-02T09:15:20.637374" level="INFO">username</msg>
<arg>${keyTwo}</arg>
<doc>Logs the given message with the given level.</doc>
<status status="PASS" start="2024-06-02T09:15:20.637248" elapsed="0.000163"/>
</kw>
<var name="${keyTwo}">username</var>
<status status="PASS" start="2024-06-02T09:15:20.635700" elapsed="0.001926"/>
</iter>
<iter>
<kw name="Dictionary Should Contain Key" owner="Collections">
<msg time="2024-06-02T09:15:20.638287" level="INFO">False</msg>
<arg>${json_data['results'][0]['login']}</arg>
<arg>${keyTwo}</arg>
<doc>Fails if ``key`` is not found from ``dictionary``.</doc>
<status status="PASS" start="2024-06-02T09:15:20.637910" elapsed="0.000415"/>
</kw>
<kw name="Dictionary Should Contain Key" owner="Collections">
<msg time="2024-06-02T09:15:20.639008" level="INFO">False</msg>
<arg>${json_data['results'][0]['login']}</arg>
<arg>${keyTwo}</arg>
<doc>Fails if ``key`` is not found from ``dictionary``.</doc>
<status status="PASS" start="2024-06-02T09:15:20.638628" elapsed="0.000417"/>
</kw>
<kw name="Log" owner="BuiltIn">
<msg time="2024-06-02T09:15:20.639469" level="INFO">password</msg>
<arg>${keyTwo}</arg>
<doc>Logs the given message with the given level.</doc>
<status status="PASS" start="2024-06-02T09:15:20.639340" elapsed="0.000189"/>
</kw>
<var name="${keyTwo}">password</var>
<status status="PASS" start="2024-06-02T09:15:20.637799" elapsed="0.001950"/>
</iter>
<var>${keyTwo}</var>
<value>@{expected_keysTwo}</value>
<status status="PASS" start="2024-06-02T09:15:20.635544" elapsed="0.004329"/>
</for>
<status status="PASS" start="2024-06-02T09:15:20.521122" elapsed="0.118894"/>
</kw>
<doc>Testa a estrutura da resposta da API.</doc>
<tag>testeEstruturaResposta</tag>
<status status="PASS" start="2024-06-02T09:15:20.520624" elapsed="0.119553"/>
</test>
<test id="s1-s1-t4" name="Validar tipos de dados" line="28">
<kw name="Teste de Tipos de Dados" owner="random-user-service">
<kw name="GET On Session" owner="RequestsLibrary">
<msg time="2024-06-02T09:15:20.722264" level="INFO">GET Request : url=https://randomuser.me/api 
 path_url=/api 
 headers={'User-Agent': 'python-requests/2.32.3', 'Accept-Encoding': 'gzip, deflate', 'Accept': '*/*', 'Connection': 'keep-alive'} 
 body=None 
 </msg>
<msg time="2024-06-02T09:15:20.722374" level="INFO">GET Response : url=https://randomuser.me/api 
 status=200, reason=OK 
 headers={'Date': 'Sun, 02 Jun 2024 09:15:20 GMT', 'Content-Type': 'application/json; charset=utf-8', 'Transfer-Encoding': 'chunked', 'Connection': 'keep-alive', 'X-Powered-By': 'Express', 'Access-Control-Allow-Origin': '*', 'Cache-Control': 'no-cache', 'ETag': 'W/"490-piIhiw3MkWKjW1kl0SDL13GxVvQ"', 'Vary': 'Accept-Encoding', 'Content-Encoding': 'gzip', 'CF-Cache-Status': 'DYNAMIC', 'Report-To': '{"endpoints":[{"url":"https:\\/\\/a.nel.cloudflare.com\\/report\\/v4?s=AVrCVmteSwnwMOINALxUuALVaO6vEDHz1WClzX%2B8gUxQdqgBNyMu97NRoHHvvqgg5NaVqkMo6FMkPKT4M%2F4pvo%2BppU3iJyHoEjvZ8otASMbax5654%2FQrwkOKgA%2FTVgEJ"}],"group":"cf-nel","max_age":604800}', 'NEL': '{"success_fraction":0,"report_to":"cf-nel","max_age":604800}', 'Server': 'cloudflare', 'CF-RAY': '88d6569e0f8e8199-IAD', 'alt-svc': 'h3=":443"; ma=86400'} 
 body={"results":[{"gender":"female","name":{"title":"Miss","first":"Zenira","last":"Jesus"},"location":{"street":{"number":5812,"name":"Rua Minas Gerais "},"city":"Americana","state":"Paraná","country":"Brazil","postcode":44207,"coordinates":{"latitude":"-77.5277","longitude":"126.1331"},"timezone":{"offset":"-11:00","description":"Midway Island, Samoa"}},"email":"zenira.jesus@example.com","login":{"uuid":"f8019608-6b78-49e9-97c1-d950d043e6ad","username":"bigsnake635","password":"sebring","salt":"SCHJ5JgC","md5":"647f54d1f385d9428a1d0b2629e86862","sha1":"e2e138d3172c587e9cf425ee56a9819b885dad75","sha256":"8a8c731662fe60582bd5d67d5eb0afac153de7e3f75a1420686805b902aa5cf6"},"dob":{"date":"1964-04-09T03:04:08.179Z","age":60},"registered":{"date":"2002-10-07T18:15:50.062Z","age":21},"phone":"(02) 2846-8861","cell":"(24) 4700-4047","id":{"name":"CPF","value":"479.599.388-24"},"picture":{"large":"https://randomuser.me/api/portraits/women/83.jpg","medium":"https://randomuser.me/api/portraits/med/women/83.jpg","thumbnail":"https://randomuser.me/api/portraits/thumb/women/83.jpg"},"nat":"BR"}],"info":{"seed":"823644e556656a65","results":1,"page":1,"version":"1.4"}} 
 </msg>
<msg time="2024-06-02T09:15:20.722459" level="INFO">/opt/hostedtoolcache/Python/3.12.3/x64/lib/python3.12/site-packages/urllib3/connectionpool.py:1103: InsecureRequestWarning: Unverified HTTPS request is being made to host 'randomuser.me'. Adding certificate verification is strongly advised. See: https://urllib3.readthedocs.io/en/latest/advanced-usage.html#tls-warnings
  warnings.warn(</msg>
<msg time="2024-06-02T09:15:20.722608" level="INFO">${response} = &lt;Response [200]&gt;</msg>
<var>${response}</var>
<arg>consultarAPI</arg>
<arg>/api</arg>
<doc>Sends a GET request on a previously created HTTP Session.</doc>
<status status="PASS" start="2024-06-02T09:15:20.642806" elapsed="0.079851"/>
</kw>
<kw name="Set Variable" owner="BuiltIn">
<msg time="2024-06-02T09:15:20.723789" level="INFO">${json_data} = {'results': [{'gender': 'female', 'name': {'title': 'Miss', 'first': 'Zenira', 'last': 'Jesus'}, 'location': {'street': {'number': 5812, 'name': 'Rua Minas Gerais '}, 'city': 'Americana', 'state': 'Pa...</msg>
<var>${json_data}</var>
<arg>${response.json()}</arg>
<doc>Returns the given values which can then be assigned to a variables.</doc>
<status status="PASS" start="2024-06-02T09:15:20.723216" elapsed="0.000603"/>
</kw>
<kw name="Log" owner="BuiltIn">
<msg time="2024-06-02T09:15:20.724298" level="INFO">{'results': [{'gender': 'female', 'name': {'title': 'Miss', 'first': 'Zenira', 'last': 'Jesus'}, 'location': {'street': {'number': 5812, 'name': 'Rua Minas Gerais '}, 'city': 'Americana', 'state': 'Paraná', 'country': 'Brazil', 'postcode': 44207, 'coordinates': {'latitude': '-77.5277', 'longitude': '126.1331'}, 'timezone': {'offset': '-11:00', 'description': 'Midway Island, Samoa'}}, 'email': 'zenira.jesus@example.com', 'login': {'uuid': 'f8019608-6b78-49e9-97c1-d950d043e6ad', 'username': 'bigsnake635', 'password': 'sebring', 'salt': 'SCHJ5JgC', 'md5': '647f54d1f385d9428a1d0b2629e86862', 'sha1': 'e2e138d3172c587e9cf425ee56a9819b885dad75', 'sha256': '8a8c731662fe60582bd5d67d5eb0afac153de7e3f75a1420686805b902aa5cf6'}, 'dob': {'date': '1964-04-09T03:04:08.179Z', 'age': 60}, 'registered': {'date': '2002-10-07T18:15:50.062Z', 'age': 21}, 'phone': '(02) 2846-8861', 'cell': '(24) 4700-4047', 'id': {'name': 'CPF', 'value': '479.599.388-24'}, 'picture': {'large': 'https://randomuser.me/api/portraits/women/83.jpg', 'medium': 'https://randomuser.me/api/portraits/med/women/83.jpg', 'thumbnail': 'https://randomuser.me/api/portraits/thumb/women/83.jpg'}, 'nat': 'BR'}], 'info': {'seed': '823644e556656a65', 'results': 1, 'page': 1, 'version': '1.4'}}</msg>
<arg>${json_data}</arg>
<doc>Logs the given message with the given level.</doc>
<status status="PASS" start="2024-06-02T09:15:20.724136" elapsed="0.000251"/>
</kw>
<kw name="Should Be String" owner="String">
<arg>${json_data['results'][0]['gender']}</arg>
<doc>Fails if the given ``item`` is not a string.</doc>
<status status="PASS" start="2024-06-02T09:15:20.724694" elapsed="0.000369"/>
</kw>
<kw name="Should Match Regexp" owner="BuiltIn">
<arg>${json_data['results'][0]['email']}</arg>
<arg>^[a-zA-Z0-9._%+-]+@[a-zA-Z0-9.-]+\.[a-zA-Z]{2,}$</arg>
<doc>Fails if ``string`` does not match ``pattern`` as a regular expression.</doc>
<status status="PASS" start="2024-06-02T09:15:20.725256" elapsed="0.000700"/>
</kw>
<kw name="Should Match Regexp" owner="BuiltIn">
<arg>${json_data['results'][0]['dob']['date']}</arg>
<arg>\\d{4}-\\d{2}-\\d{2}T\\d{2}:\\d{2}:\\d{2}\\.\\d{3}Z</arg>
<doc>Fails if ``string`` does not match ``pattern`` as a regular expression.</doc>
<status status="PASS" start="2024-06-02T09:15:20.726194" elapsed="0.000492"/>
</kw>
<kw name="Should Match Regexp" owner="BuiltIn">
<arg>${json_data['results'][0]['registered']['date']}</arg>
<arg>\\d{4}-\\d{2}-\\d{2}T\\d{2}:\\d{2}:\\d{2}\\.\\d{3}Z</arg>
<doc>Fails if ``string`` does not match ``pattern`` as a regular expression.</doc>
<status status="PASS" start="2024-06-02T09:15:20.726884" elapsed="0.000375"/>
</kw>
<kw name="Should Match Regexp" owner="BuiltIn">
<arg>${json_data['results'][0]['picture']['large']}</arg>
<arg>^https?://.*\.(?:png|jpe?g|gif|bmp)$</arg>
<doc>Fails if ``string`` does not match ``pattern`` as a regular expression.</doc>
<status status="PASS" start="2024-06-02T09:15:20.727450" elapsed="0.000495"/>
</kw>
<kw name="Should Match Regexp" owner="BuiltIn">
<arg>${json_data['results'][0]['picture']['medium']}</arg>
<arg>^https?://.*\.(?:png|jpe?g|gif|bmp)$</arg>
<doc>Fails if ``string`` does not match ``pattern`` as a regular expression.</doc>
<status status="PASS" start="2024-06-02T09:15:20.728140" elapsed="0.000353"/>
</kw>
<kw name="Should Match Regexp" owner="BuiltIn">
<arg>${json_data['results'][0]['picture']['thumbnail']}</arg>
<arg>^https?://.*\.(?:png|jpe?g|gif|bmp)$</arg>
<doc>Fails if ``string`` does not match ``pattern`` as a regular expression.</doc>
<status status="PASS" start="2024-06-02T09:15:20.728679" elapsed="0.000348"/>
</kw>
<kw name="Log" owner="BuiltIn">
<msg time="2024-06-02T09:15:20.729540" level="INFO">{'large': 'https://randomuser.me/api/portraits/women/83.jpg', 'medium': 'https://randomuser.me/api/portraits/med/women/83.jpg', 'thumbnail': 'https://randomuser.me/api/portraits/thumb/women/83.jpg'}</msg>
<arg>${json_data['results'][0]['picture']}</arg>
<doc>Logs the given message with the given level.</doc>
<status status="PASS" start="2024-06-02T09:15:20.729210" elapsed="0.000373"/>
</kw>
<status status="PASS" start="2024-06-02T09:15:20.642564" elapsed="0.087276"/>
</kw>
<kw name="Teste de Tipos de Dados - Postcode" owner="random-user-service">
<kw name="GET On Session" owner="RequestsLibrary">
<msg time="2024-06-02T09:15:20.816968" level="INFO">GET Request : url=https://randomuser.me/api 
 path_url=/api 
 headers={'User-Agent': 'python-requests/2.32.3', 'Accept-Encoding': 'gzip, deflate', 'Accept': '*/*', 'Connection': 'keep-alive'} 
 body=None 
 </msg>
<msg time="2024-06-02T09:15:20.817080" level="INFO">GET Response : url=https://randomuser.me/api 
 status=200, reason=OK 
 headers={'Date': 'Sun, 02 Jun 2024 09:15:20 GMT', 'Content-Type': 'application/json; charset=utf-8', 'Transfer-Encoding': 'chunked', 'Connection': 'keep-alive', 'X-Powered-By': 'Express', 'Access-Control-Allow-Origin': '*', 'Cache-Control': 'no-cache', 'ETag': 'W/"48d-G1Lw1V1mNS2jFzwJeF+6n9N2ELo"', 'Vary': 'Accept-Encoding', 'Content-Encoding': 'gzip', 'CF-Cache-Status': 'DYNAMIC', 'Report-To': '{"endpoints":[{"url":"https:\\/\\/a.nel.cloudflare.com\\/report\\/v4?s=fgJerrNZJk%2FweU6GA%2F%2BVyRxQdaZ5fTOcn1jSoTEaD6Yau%2FZv1fPOr9gK1ixXlBpQ%2Bd3Z2di2GVCNPLOdleGVHTZas09Cdg%2BHT%2BDoQIy8NYSxxXd873mtnZ1yPJXGJ7pR"}],"group":"cf-nel","max_age":604800}', 'NEL': '{"success_fraction":0,"report_to":"cf-nel","max_age":604800}', 'Server': 'cloudflare', 'CF-RAY': '88d6569e98108199-IAD', 'alt-svc': 'h3=":443"; ma=86400'} 
 body={"results":[{"gender":"female","name":{"title":"Mrs","first":"Tilde","last":"Hansen"},"location":{"street":{"number":9119,"name":"Byvej"},"city":"Klitmøller","state":"Midtjylland","country":"Denmark","postcode":86843,"coordinates":{"latitude":"-46.0463","longitude":"167.6864"},"timezone":{"offset":"+3:00","description":"Baghdad, Riyadh, Moscow, St. Petersburg"}},"email":"tilde.hansen@example.com","login":{"uuid":"f3a8e166-d728-4311-8343-5ad6bc84a1d6","username":"browngoose668","password":"donna","salt":"DiFpgfXm","md5":"9f2265733d6e68355de45753e61701d2","sha1":"641ffbb5fdbec7a78c6c9aa56f9a834a90984f13","sha256":"c948a4e23a3b61c411088b53494ed7303062f156730d8ebce39e35dfe5d306a6"},"dob":{"date":"1991-10-02T05:24:12.420Z","age":32},"registered":{"date":"2010-12-30T23:46:50.569Z","age":13},"phone":"75260833","cell":"08928848","id":{"name":"CPR","value":"021091-5721"},"picture":{"large":"https://randomuser.me/api/portraits/women/69.jpg","medium":"https://randomuser.me/api/portraits/med/women/69.jpg","thumbnail":"https://randomuser.me/api/portraits/thumb/women/69.jpg"},"nat":"DK"}],"info":{"seed":"74c3f7a0d5290e04","results":1,"page":1,"version":"1.4"}} 
 </msg>
<msg time="2024-06-02T09:15:20.817162" level="INFO">/opt/hostedtoolcache/Python/3.12.3/x64/lib/python3.12/site-packages/urllib3/connectionpool.py:1103: InsecureRequestWarning: Unverified HTTPS request is being made to host 'randomuser.me'. Adding certificate verification is strongly advised. See: https://urllib3.readthedocs.io/en/latest/advanced-usage.html#tls-warnings
  warnings.warn(</msg>
<msg time="2024-06-02T09:15:20.817285" level="INFO">${response} = &lt;Response [200]&gt;</msg>
<var>${response}</var>
<arg>consultarAPI</arg>
<arg>/api</arg>
<doc>Sends a GET request on a previously created HTTP Session.</doc>
<status status="PASS" start="2024-06-02T09:15:20.730298" elapsed="0.087028"/>
</kw>
<kw name="Set Variable" owner="BuiltIn">
<msg time="2024-06-02T09:15:20.818467" level="INFO">${json_data} = {'results': [{'gender': 'female', 'name': {'title': 'Mrs', 'first': 'Tilde', 'last': 'Hansen'}, 'location': {'street': {'number': 9119, 'name': 'Byvej'}, 'city': 'Klitmøller', 'state': 'Midtjylland', ...</msg>
<var>${json_data}</var>
<arg>${response.json()}</arg>
<doc>Returns the given values which can then be assigned to a variables.</doc>
<status status="PASS" start="2024-06-02T09:15:20.817928" elapsed="0.000569"/>
</kw>
<kw name="Log" owner="BuiltIn">
<msg time="2024-06-02T09:15:20.818989" level="INFO">{'results': [{'gender': 'female', 'name': {'title': 'Mrs', 'first': 'Tilde', 'last': 'Hansen'}, 'location': {'street': {'number': 9119, 'name': 'Byvej'}, 'city': 'Klitmøller', 'state': 'Midtjylland', 'country': 'Denmark', 'postcode': 86843, 'coordinates': {'latitude': '-46.0463', 'longitude': '167.6864'}, 'timezone': {'offset': '+3:00', 'description': 'Baghdad, Riyadh, Moscow, St. Petersburg'}}, 'email': 'tilde.hansen@example.com', 'login': {'uuid': 'f3a8e166-d728-4311-8343-5ad6bc84a1d6', 'username': 'browngoose668', 'password': 'donna', 'salt': 'DiFpgfXm', 'md5': '9f2265733d6e68355de45753e61701d2', 'sha1': '641ffbb5fdbec7a78c6c9aa56f9a834a90984f13', 'sha256': 'c948a4e23a3b61c411088b53494ed7303062f156730d8ebce39e35dfe5d306a6'}, 'dob': {'date': '1991-10-02T05:24:12.420Z', 'age': 32}, 'registered': {'date': '2010-12-30T23:46:50.569Z', 'age': 13}, 'phone': '75260833', 'cell': '08928848', 'id': {'name': 'CPR', 'value': '021091-5721'}, 'picture': {'large': 'https://randomuser.me/api/portraits/women/69.jpg', 'medium': 'https://randomuser.me/api/portraits/med/women/69.jpg', 'thumbnail': 'https://randomuser.me/api/portraits/thumb/women/69.jpg'}, 'nat': 'DK'}], 'info': {'seed': '74c3f7a0d5290e04', 'results': 1, 'page': 1, 'version': '1.4'}}</msg>
<arg>${json_data}</arg>
<doc>Logs the given message with the given level.</doc>
<status status="PASS" start="2024-06-02T09:15:20.818824" elapsed="0.000254"/>
</kw>
<kw name="Should Be Equal As Numbers" owner="BuiltIn">
<arg>${json_data['results'][0]['location']['postcode']}</arg>
<arg>${json_data['results'][0]['location']['postcode']}</arg>
<doc>Fails if objects are unequal after converting them to real numbers.</doc>
<status status="PASS" start="2024-06-02T09:15:20.819392" elapsed="0.000680"/>
</kw>
<kw name="Log" owner="BuiltIn">
<msg time="2024-06-02T09:15:20.820609" level="INFO">86843</msg>
<arg>${json_data['results'][0]['location']['postcode']}</arg>
<doc>Logs the given message with the given level.</doc>
<status status="PASS" start="2024-06-02T09:15:20.820269" elapsed="0.000383"/>
</kw>
<status status="PASS" start="2024-06-02T09:15:20.730067" elapsed="0.090855"/>
</kw>
<doc>Testa se os tipos de dados na resposta da API estão corretos.</doc>
<tag>testeTiposDados</tag>
<status status="PASS" start="2024-06-02T09:15:20.642093" elapsed="0.179010"/>
</test>
<test id="s1-s1-t5" name="Validar conteudo" line="35">
<kw name="Teste de Tipos de Conteudo" owner="random-user-service">
<kw name="GET On Session" owner="RequestsLibrary">
<msg time="2024-06-02T09:15:20.916559" level="INFO">GET Request : url=https://randomuser.me/api 
 path_url=/api 
 headers={'User-Agent': 'python-requests/2.32.3', 'Accept-Encoding': 'gzip, deflate', 'Accept': '*/*', 'Connection': 'keep-alive'} 
 body=None 
 </msg>
<msg time="2024-06-02T09:15:20.916660" level="INFO">GET Response : url=https://randomuser.me/api 
 status=200, reason=OK 
 headers={'Date': 'Sun, 02 Jun 2024 09:15:20 GMT', 'Content-Type': 'application/json; charset=utf-8', 'Transfer-Encoding': 'chunked', 'Connection': 'keep-alive', 'X-Powered-By': 'Express', 'Access-Control-Allow-Origin': '*', 'Cache-Control': 'no-cache', 'ETag': 'W/"485-LPLrPGhimu3OlAuniy5VzSx6NEA"', 'Vary': 'Accept-Encoding', 'Content-Encoding': 'gzip', 'CF-Cache-Status': 'DYNAMIC', 'Report-To': '{"endpoints":[{"url":"https:\\/\\/a.nel.cloudflare.com\\/report\\/v4?s=KMllaXfSDXSv3qoV705Cg7RLTanTZalsJk3BsgO7VhwSySrG4zOg%2FahuRdWKPtFxnjJbLJt9yWJLlHP7c2YlkBo7CFwpEd%2FaewjXKEiuXW%2BiAdTIcie4QcjaAscW20iC"}],"group":"cf-nel","max_age":604800}', 'NEL': '{"success_fraction":0,"report_to":"cf-nel","max_age":604800}', 'Server': 'cloudflare', 'CF-RAY': '88d6569f28988199-IAD', 'alt-svc': 'h3=":443"; ma=86400'} 
 body={"results":[{"gender":"male","name":{"title":"Mr","first":"آرمین","last":"سالاری"},"location":{"street":{"number":6734,"name":"خاوران"},"city":"نجف‌آباد","state":"قزوین","country":"Iran","postcode":25439,"coordinates":{"latitude":"17.2681","longitude":"-138.9549"},"timezone":{"offset":"-8:00","description":"Pacific Time (US &amp; Canada)"}},"email":"armyn.slry@example.com","login":{"uuid":"142a3c82-5f58-4581-9b82-65bed9e464c3","username":"lazycat467","password":"rebecca1","salt":"v0vIuFg3","md5":"b12471de8dab8f4f4d23fefdd3ce6aff","sha1":"1fc5f0740cd2d8a26ff6f71ebb6b024fc6b4c1f3","sha256":"8aa063354936ae23fdbaa05337ce332038ecf559e860049a903a4359426ff629"},"dob":{"date":"1962-11-16T15:41:14.286Z","age":61},"registered":{"date":"2016-03-11T12:57:54.698Z","age":8},"phone":"086-83327115","cell":"0937-894-3005","id":{"name":"","value":null},"picture":{"large":"https://randomuser.me/api/portraits/men/93.jpg","medium":"https://randomuser.me/api/portraits/med/men/93.jpg","thumbnail":"https://randomuser.me/api/portraits/thumb/men/93.jpg"},"nat":"IR"}],"info":{"seed":"6b46defc9780b793","results":1,"page":1,"version":"1.4"}} 
 </msg>
<msg time="2024-06-02T09:15:20.916746" level="INFO">/opt/hostedtoolcache/Python/3.12.3/x64/lib/python3.12/site-packages/urllib3/connectionpool.py:1103: InsecureRequestWarning: Unverified HTTPS request is being made to host 'randomuser.me'. Adding certificate verification is strongly advised. See: https://urllib3.readthedocs.io/en/latest/advanced-usage.html#tls-warnings
  warnings.warn(</msg>
<msg time="2024-06-02T09:15:20.916874" level="INFO">${response} = &lt;Response [200]&gt;</msg>
<var>${response}</var>
<arg>consultarAPI</arg>
<arg>/api</arg>
<doc>Sends a GET request on a previously created HTTP Session.</doc>
<status status="PASS" start="2024-06-02T09:15:20.823710" elapsed="0.093211"/>
</kw>
<kw name="Set Variable" owner="BuiltIn">
<msg time="2024-06-02T09:15:20.917954" level="INFO">${json_data} = {'results': [{'gender': 'male', 'name': {'title': 'Mr', 'first': 'آرمین', 'last': 'سالاری'}, 'location': {'street': {'number': 6734, 'name': 'خاوران'}, 'city': 'نجف\u200cآباد', 'state': 'قزوین', 'coun...</msg>
<var>${json_data}</var>
<arg>${response.json()}</arg>
<doc>Returns the given values which can then be assigned to a variables.</doc>
<status status="PASS" start="2024-06-02T09:15:20.917446" elapsed="0.000539"/>
</kw>
<kw name="Set Variable" owner="BuiltIn">
<msg time="2024-06-02T09:15:20.918677" level="INFO">${name_title} = Mr</msg>
<var>${name_title}</var>
<arg>${json_data["results"][0]["name"]["title"]}</arg>
<doc>Returns the given values which can then be assigned to a variables.</doc>
<status status="PASS" start="2024-06-02T09:15:20.918294" elapsed="0.000408"/>
</kw>
<kw name="Create List" owner="BuiltIn">
<msg time="2024-06-02T09:15:20.919157" level="INFO">${allowed_titles} = ['Mr', 'Ms', 'Miss', 'Mrs', 'Madame', 'Monsieur']</msg>
<var>${allowed_titles}</var>
<arg>Mr</arg>
<arg>Ms</arg>
<arg>Miss</arg>
<arg>Mrs</arg>
<arg>Madame</arg>
<arg>Monsieur</arg>
<doc>Returns a list containing given items.</doc>
<status status="PASS" start="2024-06-02T09:15:20.919006" elapsed="0.000176"/>
</kw>
<kw name="List Should Contain Value" owner="Collections">
<msg time="2024-06-02T09:15:20.919720" level="INFO">False</msg>
<arg>${allowed_titles}</arg>
<arg>${name_title}</arg>
<doc>Fails if the ``value`` is not found from ``list``.</doc>
<status status="PASS" start="2024-06-02T09:15:20.919534" elapsed="0.000224"/>
</kw>
<kw name="Set Variable" owner="BuiltIn">
<msg time="2024-06-02T09:15:20.920627" level="INFO">${name_country} = IR</msg>
<var>${name_country}</var>
<arg>${json_data["results"][0]["nat"]}</arg>
<doc>Returns the given values which can then be assigned to a variables.</doc>
<status status="PASS" start="2024-06-02T09:15:20.920062" elapsed="0.000591"/>
</kw>
<kw name="Create List" owner="BuiltIn">
<msg time="2024-06-02T09:15:20.921578" level="INFO">${list_country} = ['AD', 'AE', 'AF', 'AG', 'AI', 'AL', 'AM', 'AO', 'AQ', 'AR', 'AS', 'AT', 'AU', 'AW', 'AX', 'AZ', 'BA', 'BB', 'BD', 'BE', 'BF', 'BG', 'BH', 'BI', 'BJ', 'BL', 'BM', 'BN', 'BO', 'BQ', 'BR', 'BS', 'BT', '...</msg>
<var>${list_country}</var>
<arg>AD</arg>
<arg>AE</arg>
<arg>AF</arg>
<arg>AG</arg>
<arg>AI</arg>
<arg>AL</arg>
<arg>AM</arg>
<arg>AO</arg>
<arg>AQ</arg>
<arg>AR</arg>
<arg>AS</arg>
<arg>AT</arg>
<arg>AU</arg>
<arg>AW</arg>
<arg>AX</arg>
<arg>AZ</arg>
<arg>BA</arg>
<arg>BB</arg>
<arg>BD</arg>
<arg>BE</arg>
<arg>BF</arg>
<arg>BG</arg>
<arg>BH</arg>
<arg>BI</arg>
<arg>BJ</arg>
<arg>BL</arg>
<arg>BM</arg>
<arg>BN</arg>
<arg>BO</arg>
<arg>BQ</arg>
<arg>BR</arg>
<arg>BS</arg>
<arg>BT</arg>
<arg>BV</arg>
<arg>BW</arg>
<arg>BY</arg>
<arg>BZ</arg>
<arg>CA</arg>
<arg>CC</arg>
<arg>CD</arg>
<arg>CF</arg>
<arg>CG</arg>
<arg>CH</arg>
<arg>CI</arg>
<arg>CK</arg>
<arg>CL</arg>
<arg>CM</arg>
<arg>CN</arg>
<arg>CO</arg>
<arg>CR</arg>
<arg>CU</arg>
<arg>CV</arg>
<arg>CW</arg>
<arg>CX</arg>
<arg>CY</arg>
<arg>CZ</arg>
<arg>DE</arg>
<arg>DJ</arg>
<arg>DK</arg>
<arg>DM</arg>
<arg>DO</arg>
<arg>DZ</arg>
<arg>EC</arg>
<arg>EE</arg>
<arg>EG</arg>
<arg>EH</arg>
<arg>ER</arg>
<arg>ES</arg>
<arg>ET</arg>
<arg>FI</arg>
<arg>FJ</arg>
<arg>FK</arg>
<arg>FM</arg>
<arg>FO</arg>
<arg>FR</arg>
<arg>GA</arg>
<arg>GB</arg>
<arg>GD</arg>
<arg>GE</arg>
<arg>GF</arg>
<arg>GG</arg>
<arg>GH</arg>
<arg>GI</arg>
<arg>GL</arg>
<arg>GM</arg>
<arg>GN</arg>
<arg>GP</arg>
<arg>GQ</arg>
<arg>GR</arg>
<arg>GS</arg>
<arg>GT</arg>
<arg>GU</arg>
<arg>GW</arg>
<arg>GY</arg>
<arg>HK</arg>
<arg>HM</arg>
<arg>HN</arg>
<arg>HR</arg>
<arg>HT</arg>
<arg>HU</arg>
<arg>ID</arg>
<arg>IE</arg>
<arg>IL</arg>
<arg>IM</arg>
<arg>IN</arg>
<arg>IO</arg>
<arg>IQ</arg>
<arg>IR</arg>
<arg>IS</arg>
<arg>IT</arg>
<arg>JE</arg>
<arg>JM</arg>
<arg>JO</arg>
<arg>JP</arg>
<arg>KE</arg>
<arg>KG</arg>
<arg>KH</arg>
<arg>KI</arg>
<arg>KM</arg>
<arg>KN</arg>
<arg>KP</arg>
<arg>KR</arg>
<arg>KW</arg>
<arg>KY</arg>
<arg>KZ</arg>
<arg>LA</arg>
<arg>LB</arg>
<arg>LC</arg>
<arg>LI</arg>
<arg>LK</arg>
<arg>LR</arg>
<arg>LS</arg>
<arg>LT</arg>
<arg>LU</arg>
<arg>LV</arg>
<arg>LY</arg>
<arg>MA</arg>
<arg>MC</arg>
<arg>MD</arg>
<arg>ME</arg>
<arg>MF</arg>
<arg>MG</arg>
<arg>MH</arg>
<arg>MK</arg>
<arg>ML</arg>
<arg>MM</arg>
<arg>MN</arg>
<arg>MO</arg>
<arg>MP</arg>
<arg>MQ</arg>
<arg>MR</arg>
<arg>MS</arg>
<arg>MT</arg>
<arg>MU</arg>
<arg>MV</arg>
<arg>MW</arg>
<arg>MX</arg>
<arg>MY</arg>
<arg>MZ</arg>
<arg>NA</arg>
<arg>NC</arg>
<arg>NE</arg>
<arg>NF</arg>
<arg>NG</arg>
<arg>NI</arg>
<arg>NL</arg>
<arg>NO</arg>
<arg>NP</arg>
<arg>NR</arg>
<arg>NU</arg>
<arg>NZ</arg>
<arg>OM</arg>
<arg>PA</arg>
<arg>PE</arg>
<arg>PF</arg>
<arg>PG</arg>
<arg>PH</arg>
<arg>PK</arg>
<arg>PL</arg>
<arg>PM</arg>
<arg>PN</arg>
<arg>PR</arg>
<arg>PS</arg>
<arg>PT</arg>
<arg>PW</arg>
<arg>PY</arg>
<arg>QA</arg>
<arg>RE</arg>
<arg>RO</arg>
<arg>RS</arg>
<arg>RU</arg>
<arg>RW</arg>
<arg>SA</arg>
<arg>SB</arg>
<arg>SC</arg>
<arg>SD</arg>
<arg>SE</arg>
<arg>SG</arg>
<arg>SH</arg>
<arg>SI</arg>
<arg>SJ</arg>
<arg>SK</arg>
<arg>SL</arg>
<arg>SM</arg>
<arg>SN</arg>
<arg>SO</arg>
<arg>SR</arg>
<arg>SS</arg>
<arg>ST</arg>
<arg>SV</arg>
<arg>SX</arg>
<arg>SY</arg>
<arg>SZ</arg>
<arg>TC</arg>
<arg>TD</arg>
<arg>TF</arg>
<arg>TG</arg>
<arg>TH</arg>
<arg>TJ</arg>
<arg>TK</arg>
<arg>TL</arg>
<arg>TM</arg>
<arg>TN</arg>
<arg>TO</arg>
<arg>TR</arg>
<arg>TT</arg>
<arg>TV</arg>
<arg>TW</arg>
<arg>TZ</arg>
<arg>UA</arg>
<arg>UG</arg>
<arg>UM</arg>
<arg>US</arg>
<arg>UY</arg>
<arg>UZ</arg>
<arg>VA</arg>
<arg>VC</arg>
<arg>VE</arg>
<arg>VG</arg>
<arg>VI</arg>
<arg>VN</arg>
<arg>VU</arg>
<arg>WF</arg>
<arg>WS</arg>
<arg>XK</arg>
<arg>YE</arg>
<arg>YT</arg>
<arg>ZA</arg>
<arg>ZM</arg>
<arg>ZW</arg>
<doc>Returns a list containing given items.</doc>
<status status="PASS" start="2024-06-02T09:15:20.920971" elapsed="0.000632"/>
</kw>
<kw name="List Should Contain Value" owner="Collections">
<msg time="2024-06-02T09:15:20.922595" level="INFO">False</msg>
<arg>${list_country}</arg>
<arg>${name_country}</arg>
<doc>Fails if the ``value`` is not found from ``list``.</doc>
<status status="PASS" start="2024-06-02T09:15:20.922389" elapsed="0.000243"/>
</kw>
<kw name="Run Keyword If" owner="BuiltIn">
<kw name="Should Be True" owner="BuiltIn">
<arg>${True}</arg>
<doc>Fails if the given condition is not true.</doc>
<status status="PASS" start="2024-06-02T09:15:20.923745" elapsed="0.000149"/>
</kw>
<arg>${json_data["results"][0]["location"]["coordinates"]["latitude"]} &gt;= -90 and ${json_data["results"][0]["location"]["coordinates"]["latitude"]} &lt;= 90</arg>
<arg>Should Be True</arg>
<arg>${True}</arg>
<doc>Runs the given keyword with the given arguments, if ``condition`` is true.</doc>
<status status="PASS" start="2024-06-02T09:15:20.922954" elapsed="0.001071"/>
</kw>
<kw name="Run Keyword If" owner="BuiltIn">
<kw name="Should Be True" owner="BuiltIn">
<arg>${True}</arg>
<doc>Fails if the given condition is not true.</doc>
<status status="PASS" start="2024-06-02T09:15:20.924928" elapsed="0.000139"/>
</kw>
<arg>${json_data["results"][0]["location"]["coordinates"]["longitude"]} &gt;= -180 and ${json_data["results"][0]["location"]["coordinates"]["longitude"]} &lt;= 180</arg>
<arg>Should Be True</arg>
<arg>${True}</arg>
<doc>Runs the given keyword with the given arguments, if ``condition`` is true.</doc>
<status status="PASS" start="2024-06-02T09:15:20.924223" elapsed="0.000970"/>
</kw>
<status status="PASS" start="2024-06-02T09:15:20.823436" elapsed="0.101890"/>
</kw>
<doc>Testa o conteúdo específico dos campos retornados pela API.</doc>
<tag>testeConteudo</tag>
<status status="PASS" start="2024-06-02T09:15:20.822888" elapsed="0.102594"/>
</test>
<status status="PASS" start="2024-06-02T09:15:20.092139" elapsed="0.835495"/>
</suite>
<status status="PASS" start="2024-06-02T09:15:20.078464" elapsed="0.854338"/>
</suite>
<statistics>
<total>
<stat pass="5" fail="0" skip="0">All Tests</stat>
</total>
<tag>
<stat pass="1" fail="0" skip="0">testeConteudo</stat>
<stat pass="1" fail="0" skip="0">testeEstruturaResposta</stat>
<stat pass="1" fail="0" skip="0">testeRequisicaoBasica</stat>
<stat pass="1" fail="0" skip="0">testeTiposDados</stat>
</tag>
<suite>
<stat pass="5" fail="0" skip="0" id="s1" name="Tests">Tests</stat>
<stat pass="5" fail="0" skip="0" id="s1-s1" name="Random-User-Test">Tests.Random-User-Test</stat>
</suite>
</statistics>
<errors>
</errors>
</robot>
