<?xml version="1.0" encoding="UTF-8"?>
<robot generator="Robot 7.0.1 (Python 3.12.4 on linux)" generated="2024-08-10T01:09:47.759050" rpa="false" schemaversion="5">
<suite id="s1" name="Tests" source="/home/runner/work/ApiRandomUser/ApiRandomUser/RamdonUser/tests">
<suite id="s1-s1" name="Random-User-Test" source="/home/runner/work/ApiRandomUser/ApiRandomUser/RamdonUser/tests/random-user-test.robot">
<test id="s1-s1-t1" name="Conectar" line="13">
<kw name="Conectar API" owner="random-user-service">
<kw name="Create Session" owner="RequestsLibrary">
<msg time="2024-08-10T01:09:48.166148" level="INFO">Creating Session using : alias=consultarAPI, url=https://randomuser.me/, headers={},                     cookies={}, auth=None, timeout=None, proxies=None, verify=False,                     debug=0 </msg>
<arg>consultarAPI</arg>
<arg>${URL}</arg>
<doc>Create Session: create a HTTP session to a server</doc>
<status status="PASS" start="2024-08-10T01:09:48.165952" elapsed="0.000369"/>
</kw>
<status status="PASS" start="2024-08-10T01:09:48.164924" elapsed="0.001750"/>
</kw>
<status status="PASS" start="2024-08-10T01:09:48.164388" elapsed="0.002476"/>
</test>
<test id="s1-s1-t2" name="Validar retorno 200 e JSON Válido" line="16">
<kw name="Teste de Requisicao Basica" owner="random-user-service">
<kw name="GET On Session" owner="RequestsLibrary">
<msg time="2024-08-10T01:09:48.241783" level="INFO">GET Request : url=https://randomuser.me/api 
 path_url=/api 
 headers={'User-Agent': 'python-requests/2.32.3', 'Accept-Encoding': 'gzip, deflate', 'Accept': '*/*', 'Connection': 'keep-alive'} 
 body=None 
 </msg>
<msg time="2024-08-10T01:09:48.241931" level="INFO">GET Response : url=https://randomuser.me/api 
 status=200, reason=OK 
 headers={'Date': 'Sat, 10 Aug 2024 01:09:48 GMT', 'Content-Type': 'application/json; charset=utf-8', 'Transfer-Encoding': 'chunked', 'Connection': 'keep-alive', 'X-Powered-By': 'Express', 'Access-Control-Allow-Origin': '*', 'Cache-Control': 'no-cache', 'ETag': 'W/"489-U9Ca3MDe6uGuXeKsmb1JgRxwK+o"', 'Vary': 'Accept-Encoding', 'Content-Encoding': 'gzip', 'CF-Cache-Status': 'DYNAMIC', 'Report-To': '{"endpoints":[{"url":"https:\\/\\/a.nel.cloudflare.com\\/report\\/v4?s=wLao1XtQD4sQo48oAA%2BZRubD3lVLkPQNbA6BiZLEG%2FwvId%2BfVeS79uvX2tJgWwbnyLqQI193fW%2FN7J3nnUe67wFoyaHvtqxhoBTG7V8CR5G4Uob%2BOh9opBNPS95Uxb%2Fz"}],"group":"cf-nel","max_age":604800}', 'NEL': '{"success_fraction":0,"report_to":"cf-nel","max_age":604800}', 'Server': 'cloudflare', 'CF-RAY': '8b0c1a4049253adb-IAD', 'alt-svc': 'h3=":443"; ma=86400'} 
 body={"results":[{"gender":"female","name":{"title":"Miss","first":"Rose","last":"Byrd"},"location":{"street":{"number":370,"name":"The Green"},"city":"Stoke-on-Trent","state":"Cumbria","country":"United Kingdom","postcode":"IQ46 6EY","coordinates":{"latitude":"-9.5238","longitude":"138.9323"},"timezone":{"offset":"+9:30","description":"Adelaide, Darwin"}},"email":"rose.byrd@example.com","login":{"uuid":"c10e0ed3-a473-472e-a9c9-ea0f18140626","username":"organictiger689","password":"roswell","salt":"sDoBh6PL","md5":"9532c783d2694ed54bf9a2daabb42bb1","sha1":"04a476c6debe861bd65cd6191ac3738d5078d8c4","sha256":"cffb82346b68f8913347d880a68ab6a742304cc9ddd12cdddfe027db3324f27d"},"dob":{"date":"1947-07-19T11:48:18.405Z","age":77},"registered":{"date":"2022-05-17T12:26:52.589Z","age":2},"phone":"015396 87839","cell":"07846 640363","id":{"name":"NINO","value":"RN 89 73 50 Y"},"picture":{"large":"https://randomuser.me/api/portraits/women/8.jpg","medium":"https://randomuser.me/api/portraits/med/women/8.jpg","thumbnail":"https://randomuser.me/api/portraits/thumb/women/8.jpg"},"nat":"GB"}],"info":{"seed":"ae6456de856b74bb","results":1,"page":1,"version":"1.4"}} 
 </msg>
<msg time="2024-08-10T01:09:48.242034" level="INFO">/opt/hostedtoolcache/Python/3.12.4/x64/lib/python3.12/site-packages/urllib3/connectionpool.py:1099: InsecureRequestWarning: Unverified HTTPS request is being made to host 'randomuser.me'. Adding certificate verification is strongly advised. See: https://urllib3.readthedocs.io/en/latest/advanced-usage.html#tls-warnings
  warnings.warn(</msg>
<msg time="2024-08-10T01:09:48.242166" level="INFO">${response} = &lt;Response [200]&gt;</msg>
<var>${response}</var>
<arg>consultarAPI</arg>
<arg>/api</arg>
<doc>Sends a GET request on a previously created HTTP Session.</doc>
<status status="PASS" start="2024-08-10T01:09:48.169506" elapsed="0.072714"/>
</kw>
<kw name="Should Be Equal As Numbers" owner="BuiltIn">
<msg time="2024-08-10T01:09:48.243134" level="INFO">Argument types are:
&lt;class 'int'&gt;
&lt;class 'str'&gt;</msg>
<arg>${response.status_code}</arg>
<arg>200</arg>
<doc>Fails if objects are unequal after converting them to real numbers.</doc>
<status status="PASS" start="2024-08-10T01:09:48.242693" elapsed="0.000512"/>
</kw>
<kw name="Log" owner="BuiltIn">
<msg time="2024-08-10T01:09:48.243876" level="INFO">200</msg>
<arg>${response.status_code}</arg>
<doc>Logs the given message with the given level.</doc>
<status status="PASS" start="2024-08-10T01:09:48.243520" elapsed="0.000398"/>
</kw>
<kw name="Set Variable" owner="BuiltIn">
<msg time="2024-08-10T01:09:48.244719" level="INFO">${json_data} = {'results': [{'gender': 'female', 'name': {'title': 'Miss', 'first': 'Rose', 'last': 'Byrd'}, 'location': {'street': {'number': 370, 'name': 'The Green'}, 'city': 'Stoke-on-Trent', 'state': 'Cumbria',...</msg>
<var>${json_data}</var>
<arg>${response.json()}</arg>
<doc>Returns the given values which can then be assigned to a variables.</doc>
<status status="PASS" start="2024-08-10T01:09:48.244223" elapsed="0.000524"/>
</kw>
<kw name="Dictionary Should Contain Key" owner="Collections">
<arg>${json_data}</arg>
<arg>results</arg>
<doc>Fails if ``key`` is not found from ``dictionary``.</doc>
<status status="PASS" start="2024-08-10T01:09:48.245050" elapsed="0.000299"/>
</kw>
<status status="PASS" start="2024-08-10T01:09:48.169264" elapsed="0.076242"/>
</kw>
<doc>Testa se a API responde corretamente e retorna um objeto JSON válido.</doc>
<tag>testeRequisicaoBasica</tag>
<status status="PASS" start="2024-08-10T01:09:48.168748" elapsed="0.076925"/>
</test>
<test id="s1-s1-t3" name="Validar estrutura de resposta" line="22">
<kw name="Teste de Estrutura de Resposta" owner="random-user-service">
<kw name="GET On Session" owner="RequestsLibrary">
<msg time="2024-08-10T01:09:48.349858" level="INFO">GET Request : url=https://randomuser.me/api 
 path_url=/api 
 headers={'User-Agent': 'python-requests/2.32.3', 'Accept-Encoding': 'gzip, deflate', 'Accept': '*/*', 'Connection': 'keep-alive'} 
 body=None 
 </msg>
<msg time="2024-08-10T01:09:48.349930" level="INFO">GET Response : url=https://randomuser.me/api 
 status=200, reason=OK 
 headers={'Date': 'Sat, 10 Aug 2024 01:09:48 GMT', 'Content-Type': 'application/json; charset=utf-8', 'Transfer-Encoding': 'chunked', 'Connection': 'keep-alive', 'X-Powered-By': 'Express', 'Access-Control-Allow-Origin': '*', 'Cache-Control': 'no-cache', 'ETag': 'W/"47a-3xbCC33pAznUxBdt7bGT47ueE+Q"', 'Vary': 'Accept-Encoding', 'Content-Encoding': 'gzip', 'CF-Cache-Status': 'DYNAMIC', 'Report-To': '{"endpoints":[{"url":"https:\\/\\/a.nel.cloudflare.com\\/report\\/v4?s=6Dqe3BvGYEmh%2Fe4HFWxokF6kihnU8tiu5SLQK3yMcXcb9OryJj4%2F%2BF6dPwtFf8xj%2FCPYfXOsWXdJKCI%2Bspn49ixa04Aye1vPG5vyls%2FxS7ytw0JtKbRUr6mvPwc8z4wF"}],"group":"cf-nel","max_age":604800}', 'NEL': '{"success_fraction":0,"report_to":"cf-nel","max_age":604800}', 'Server': 'cloudflare', 'CF-RAY': '8b0c1a40996f3adb-IAD', 'alt-svc': 'h3=":443"; ma=86400'} 
 body={"results":[{"gender":"female","name":{"title":"Mrs","first":"Janet","last":"Hopkins"},"location":{"street":{"number":9096,"name":"Park Road"},"city":"Truro","state":"Dorset","country":"United Kingdom","postcode":"DI20 0WG","coordinates":{"latitude":"-7.9114","longitude":"74.0643"},"timezone":{"offset":"-10:00","description":"Hawaii"}},"email":"janet.hopkins@example.com","login":{"uuid":"7691e9e4-55a9-4af0-bfbb-8b7d6a42270b","username":"sadlion744","password":"polish","salt":"uPKP9cn7","md5":"fff8fb09e692a51f6e2d042f95d72036","sha1":"c6277ba9bc03676afbbbc46a36540096f59669f5","sha256":"07da9a8a424ef530a4e28db0a38a0932640c1316a149c69271a32a1fd3d791dd"},"dob":{"date":"1972-01-25T00:15:00.124Z","age":52},"registered":{"date":"2019-03-31T12:30:17.796Z","age":5},"phone":"016973 44521","cell":"07603 113107","id":{"name":"NINO","value":"OK 31 85 31 B"},"picture":{"large":"https://randomuser.me/api/portraits/women/41.jpg","medium":"https://randomuser.me/api/portraits/med/women/41.jpg","thumbnail":"https://randomuser.me/api/portraits/thumb/women/41.jpg"},"nat":"GB"}],"info":{"seed":"ef1a7f340ce449c8","results":1,"page":1,"version":"1.4"}} 
 </msg>
<msg time="2024-08-10T01:09:48.350039" level="INFO">/opt/hostedtoolcache/Python/3.12.4/x64/lib/python3.12/site-packages/urllib3/connectionpool.py:1099: InsecureRequestWarning: Unverified HTTPS request is being made to host 'randomuser.me'. Adding certificate verification is strongly advised. See: https://urllib3.readthedocs.io/en/latest/advanced-usage.html#tls-warnings
  warnings.warn(</msg>
<msg time="2024-08-10T01:09:48.350141" level="INFO">${response} = &lt;Response [200]&gt;</msg>
<var>${response}</var>
<arg>consultarAPI</arg>
<arg>/api</arg>
<doc>Sends a GET request on a previously created HTTP Session.</doc>
<status status="PASS" start="2024-08-10T01:09:48.248218" elapsed="0.101963"/>
</kw>
<kw name="Set Variable" owner="BuiltIn">
<msg time="2024-08-10T01:09:48.351010" level="INFO">${json_data} = {'results': [{'gender': 'female', 'name': {'title': 'Mrs', 'first': 'Janet', 'last': 'Hopkins'}, 'location': {'street': {'number': 9096, 'name': 'Park Road'}, 'city': 'Truro', 'state': 'Dorset', 'coun...</msg>
<var>${json_data}</var>
<arg>${response.json()}</arg>
<doc>Returns the given values which can then be assigned to a variables.</doc>
<status status="PASS" start="2024-08-10T01:09:48.350556" elapsed="0.000482"/>
</kw>
<kw name="Log" owner="BuiltIn">
<msg time="2024-08-10T01:09:48.351493" level="INFO">{'results': [{'gender': 'female', 'name': {'title': 'Mrs', 'first': 'Janet', 'last': 'Hopkins'}, 'location': {'street': {'number': 9096, 'name': 'Park Road'}, 'city': 'Truro', 'state': 'Dorset', 'country': 'United Kingdom', 'postcode': 'DI20 0WG', 'coordinates': {'latitude': '-7.9114', 'longitude': '74.0643'}, 'timezone': {'offset': '-10:00', 'description': 'Hawaii'}}, 'email': 'janet.hopkins@example.com', 'login': {'uuid': '7691e9e4-55a9-4af0-bfbb-8b7d6a42270b', 'username': 'sadlion744', 'password': 'polish', 'salt': 'uPKP9cn7', 'md5': 'fff8fb09e692a51f6e2d042f95d72036', 'sha1': 'c6277ba9bc03676afbbbc46a36540096f59669f5', 'sha256': '07da9a8a424ef530a4e28db0a38a0932640c1316a149c69271a32a1fd3d791dd'}, 'dob': {'date': '1972-01-25T00:15:00.124Z', 'age': 52}, 'registered': {'date': '2019-03-31T12:30:17.796Z', 'age': 5}, 'phone': '016973 44521', 'cell': '07603 113107', 'id': {'name': 'NINO', 'value': 'OK 31 85 31 B'}, 'picture': {'large': 'https://randomuser.me/api/portraits/women/41.jpg', 'medium': 'https://randomuser.me/api/portraits/med/women/41.jpg', 'thumbnail': 'https://randomuser.me/api/portraits/thumb/women/41.jpg'}, 'nat': 'GB'}], 'info': {'seed': 'ef1a7f340ce449c8', 'results': 1, 'page': 1, 'version': '1.4'}}</msg>
<arg>${json_data}</arg>
<doc>Logs the given message with the given level.</doc>
<status status="PASS" start="2024-08-10T01:09:48.351337" elapsed="0.000204"/>
</kw>
<kw name="Dictionary Should Contain Key" owner="Collections">
<arg>${json_data}</arg>
<arg>results</arg>
<doc>Fails if ``key`` is not found from ``dictionary``.</doc>
<status status="PASS" start="2024-08-10T01:09:48.351827" elapsed="0.000166"/>
</kw>
<kw name="Should Not Be Empty" owner="BuiltIn">
<msg time="2024-08-10T01:09:48.352356" level="INFO">Length is 2.</msg>
<arg>${json_data}</arg>
<doc>Verifies that the given item is not empty.</doc>
<status status="PASS" start="2024-08-10T01:09:48.352188" elapsed="0.000209"/>
</kw>
<kw name="Create List" owner="BuiltIn">
<msg time="2024-08-10T01:09:48.352850" level="INFO">${expected_keys} = ['gender', 'name', 'location', 'email', 'login']</msg>
<var>${expected_keys}</var>
<arg>gender</arg>
<arg>name</arg>
<arg>location</arg>
<arg>email</arg>
<arg>login</arg>
<doc>Returns a list containing given items.</doc>
<status status="PASS" start="2024-08-10T01:09:48.352694" elapsed="0.000181"/>
</kw>
<for flavor="IN">
<iter>
<kw name="Dictionary Should Contain Key" owner="Collections">
<arg>${json_data['results'][0]}</arg>
<arg>${key}</arg>
<doc>Fails if ``key`` is not found from ``dictionary``.</doc>
<status status="PASS" start="2024-08-10T01:09:48.353444" elapsed="0.000413"/>
</kw>
<kw name="Log" owner="BuiltIn">
<msg time="2024-08-10T01:09:48.354407" level="INFO">{'gender': 'female', 'name': {'title': 'Mrs', 'first': 'Janet', 'last': 'Hopkins'}, 'location': {'street': {'number': 9096, 'name': 'Park Road'}, 'city': 'Truro', 'state': 'Dorset', 'country': 'United Kingdom', 'postcode': 'DI20 0WG', 'coordinates': {'latitude': '-7.9114', 'longitude': '74.0643'}, 'timezone': {'offset': '-10:00', 'description': 'Hawaii'}}, 'email': 'janet.hopkins@example.com', 'login': {'uuid': '7691e9e4-55a9-4af0-bfbb-8b7d6a42270b', 'username': 'sadlion744', 'password': 'polish', 'salt': 'uPKP9cn7', 'md5': 'fff8fb09e692a51f6e2d042f95d72036', 'sha1': 'c6277ba9bc03676afbbbc46a36540096f59669f5', 'sha256': '07da9a8a424ef530a4e28db0a38a0932640c1316a149c69271a32a1fd3d791dd'}, 'dob': {'date': '1972-01-25T00:15:00.124Z', 'age': 52}, 'registered': {'date': '2019-03-31T12:30:17.796Z', 'age': 5}, 'phone': '016973 44521', 'cell': '07603 113107', 'id': {'name': 'NINO', 'value': 'OK 31 85 31 B'}, 'picture': {'large': 'https://randomuser.me/api/portraits/women/41.jpg', 'medium': 'https://randomuser.me/api/portraits/med/women/41.jpg', 'thumbnail': 'https://randomuser.me/api/portraits/thumb/women/41.jpg'}, 'nat': 'GB'}</msg>
<arg>${json_data['results'][0]}</arg>
<doc>Logs the given message with the given level.</doc>
<status status="PASS" start="2024-08-10T01:09:48.354049" elapsed="0.000416"/>
</kw>
<kw name="Log" owner="BuiltIn">
<msg time="2024-08-10T01:09:48.354893" level="INFO">gender</msg>
<arg>${key}</arg>
<doc>Logs the given message with the given level.</doc>
<status status="PASS" start="2024-08-10T01:09:48.354762" elapsed="0.000170"/>
</kw>
<var name="${key}">gender</var>
<status status="PASS" start="2024-08-10T01:09:48.353321" elapsed="0.001834"/>
</iter>
<iter>
<kw name="Dictionary Should Contain Key" owner="Collections">
<arg>${json_data['results'][0]}</arg>
<arg>${key}</arg>
<doc>Fails if ``key`` is not found from ``dictionary``.</doc>
<status status="PASS" start="2024-08-10T01:09:48.355456" elapsed="0.000400"/>
</kw>
<kw name="Log" owner="BuiltIn">
<msg time="2024-08-10T01:09:48.356434" level="INFO">{'gender': 'female', 'name': {'title': 'Mrs', 'first': 'Janet', 'last': 'Hopkins'}, 'location': {'street': {'number': 9096, 'name': 'Park Road'}, 'city': 'Truro', 'state': 'Dorset', 'country': 'United Kingdom', 'postcode': 'DI20 0WG', 'coordinates': {'latitude': '-7.9114', 'longitude': '74.0643'}, 'timezone': {'offset': '-10:00', 'description': 'Hawaii'}}, 'email': 'janet.hopkins@example.com', 'login': {'uuid': '7691e9e4-55a9-4af0-bfbb-8b7d6a42270b', 'username': 'sadlion744', 'password': 'polish', 'salt': 'uPKP9cn7', 'md5': 'fff8fb09e692a51f6e2d042f95d72036', 'sha1': 'c6277ba9bc03676afbbbc46a36540096f59669f5', 'sha256': '07da9a8a424ef530a4e28db0a38a0932640c1316a149c69271a32a1fd3d791dd'}, 'dob': {'date': '1972-01-25T00:15:00.124Z', 'age': 52}, 'registered': {'date': '2019-03-31T12:30:17.796Z', 'age': 5}, 'phone': '016973 44521', 'cell': '07603 113107', 'id': {'name': 'NINO', 'value': 'OK 31 85 31 B'}, 'picture': {'large': 'https://randomuser.me/api/portraits/women/41.jpg', 'medium': 'https://randomuser.me/api/portraits/med/women/41.jpg', 'thumbnail': 'https://randomuser.me/api/portraits/thumb/women/41.jpg'}, 'nat': 'GB'}</msg>
<arg>${json_data['results'][0]}</arg>
<doc>Logs the given message with the given level.</doc>
<status status="PASS" start="2024-08-10T01:09:48.356041" elapsed="0.000475"/>
</kw>
<kw name="Log" owner="BuiltIn">
<msg time="2024-08-10T01:09:48.356948" level="INFO">name</msg>
<arg>${key}</arg>
<doc>Logs the given message with the given level.</doc>
<status status="PASS" start="2024-08-10T01:09:48.356818" elapsed="0.000168"/>
</kw>
<var name="${key}">name</var>
<status status="PASS" start="2024-08-10T01:09:48.355339" elapsed="0.001863"/>
</iter>
<iter>
<kw name="Dictionary Should Contain Key" owner="Collections">
<arg>${json_data['results'][0]}</arg>
<arg>${key}</arg>
<doc>Fails if ``key`` is not found from ``dictionary``.</doc>
<status status="PASS" start="2024-08-10T01:09:48.357488" elapsed="0.000388"/>
</kw>
<kw name="Log" owner="BuiltIn">
<msg time="2024-08-10T01:09:48.358410" level="INFO">{'gender': 'female', 'name': {'title': 'Mrs', 'first': 'Janet', 'last': 'Hopkins'}, 'location': {'street': {'number': 9096, 'name': 'Park Road'}, 'city': 'Truro', 'state': 'Dorset', 'country': 'United Kingdom', 'postcode': 'DI20 0WG', 'coordinates': {'latitude': '-7.9114', 'longitude': '74.0643'}, 'timezone': {'offset': '-10:00', 'description': 'Hawaii'}}, 'email': 'janet.hopkins@example.com', 'login': {'uuid': '7691e9e4-55a9-4af0-bfbb-8b7d6a42270b', 'username': 'sadlion744', 'password': 'polish', 'salt': 'uPKP9cn7', 'md5': 'fff8fb09e692a51f6e2d042f95d72036', 'sha1': 'c6277ba9bc03676afbbbc46a36540096f59669f5', 'sha256': '07da9a8a424ef530a4e28db0a38a0932640c1316a149c69271a32a1fd3d791dd'}, 'dob': {'date': '1972-01-25T00:15:00.124Z', 'age': 52}, 'registered': {'date': '2019-03-31T12:30:17.796Z', 'age': 5}, 'phone': '016973 44521', 'cell': '07603 113107', 'id': {'name': 'NINO', 'value': 'OK 31 85 31 B'}, 'picture': {'large': 'https://randomuser.me/api/portraits/women/41.jpg', 'medium': 'https://randomuser.me/api/portraits/med/women/41.jpg', 'thumbnail': 'https://randomuser.me/api/portraits/thumb/women/41.jpg'}, 'nat': 'GB'}</msg>
<arg>${json_data['results'][0]}</arg>
<doc>Logs the given message with the given level.</doc>
<status status="PASS" start="2024-08-10T01:09:48.358060" elapsed="0.000398"/>
</kw>
<kw name="Log" owner="BuiltIn">
<msg time="2024-08-10T01:09:48.358885" level="INFO">location</msg>
<arg>${key}</arg>
<doc>Logs the given message with the given level.</doc>
<status status="PASS" start="2024-08-10T01:09:48.358756" elapsed="0.000166"/>
</kw>
<var name="${key}">location</var>
<status status="PASS" start="2024-08-10T01:09:48.357378" elapsed="0.001762"/>
</iter>
<iter>
<kw name="Dictionary Should Contain Key" owner="Collections">
<arg>${json_data['results'][0]}</arg>
<arg>${key}</arg>
<doc>Fails if ``key`` is not found from ``dictionary``.</doc>
<status status="PASS" start="2024-08-10T01:09:48.359416" elapsed="0.000384"/>
</kw>
<kw name="Log" owner="BuiltIn">
<msg time="2024-08-10T01:09:48.360487" level="INFO">{'gender': 'female', 'name': {'title': 'Mrs', 'first': 'Janet', 'last': 'Hopkins'}, 'location': {'street': {'number': 9096, 'name': 'Park Road'}, 'city': 'Truro', 'state': 'Dorset', 'country': 'United Kingdom', 'postcode': 'DI20 0WG', 'coordinates': {'latitude': '-7.9114', 'longitude': '74.0643'}, 'timezone': {'offset': '-10:00', 'description': 'Hawaii'}}, 'email': 'janet.hopkins@example.com', 'login': {'uuid': '7691e9e4-55a9-4af0-bfbb-8b7d6a42270b', 'username': 'sadlion744', 'password': 'polish', 'salt': 'uPKP9cn7', 'md5': 'fff8fb09e692a51f6e2d042f95d72036', 'sha1': 'c6277ba9bc03676afbbbc46a36540096f59669f5', 'sha256': '07da9a8a424ef530a4e28db0a38a0932640c1316a149c69271a32a1fd3d791dd'}, 'dob': {'date': '1972-01-25T00:15:00.124Z', 'age': 52}, 'registered': {'date': '2019-03-31T12:30:17.796Z', 'age': 5}, 'phone': '016973 44521', 'cell': '07603 113107', 'id': {'name': 'NINO', 'value': 'OK 31 85 31 B'}, 'picture': {'large': 'https://randomuser.me/api/portraits/women/41.jpg', 'medium': 'https://randomuser.me/api/portraits/med/women/41.jpg', 'thumbnail': 'https://randomuser.me/api/portraits/thumb/women/41.jpg'}, 'nat': 'GB'}</msg>
<arg>${json_data['results'][0]}</arg>
<doc>Logs the given message with the given level.</doc>
<status status="PASS" start="2024-08-10T01:09:48.360092" elapsed="0.000443"/>
</kw>
<kw name="Log" owner="BuiltIn">
<msg time="2024-08-10T01:09:48.360966" level="INFO">email</msg>
<arg>${key}</arg>
<doc>Logs the given message with the given level.</doc>
<status status="PASS" start="2024-08-10T01:09:48.360836" elapsed="0.000168"/>
</kw>
<var name="${key}">email</var>
<status status="PASS" start="2024-08-10T01:09:48.359309" elapsed="0.001911"/>
</iter>
<iter>
<kw name="Dictionary Should Contain Key" owner="Collections">
<arg>${json_data['results'][0]}</arg>
<arg>${key}</arg>
<doc>Fails if ``key`` is not found from ``dictionary``.</doc>
<status status="PASS" start="2024-08-10T01:09:48.361503" elapsed="0.000378"/>
</kw>
<kw name="Log" owner="BuiltIn">
<msg time="2024-08-10T01:09:48.362408" level="INFO">{'gender': 'female', 'name': {'title': 'Mrs', 'first': 'Janet', 'last': 'Hopkins'}, 'location': {'street': {'number': 9096, 'name': 'Park Road'}, 'city': 'Truro', 'state': 'Dorset', 'country': 'United Kingdom', 'postcode': 'DI20 0WG', 'coordinates': {'latitude': '-7.9114', 'longitude': '74.0643'}, 'timezone': {'offset': '-10:00', 'description': 'Hawaii'}}, 'email': 'janet.hopkins@example.com', 'login': {'uuid': '7691e9e4-55a9-4af0-bfbb-8b7d6a42270b', 'username': 'sadlion744', 'password': 'polish', 'salt': 'uPKP9cn7', 'md5': 'fff8fb09e692a51f6e2d042f95d72036', 'sha1': 'c6277ba9bc03676afbbbc46a36540096f59669f5', 'sha256': '07da9a8a424ef530a4e28db0a38a0932640c1316a149c69271a32a1fd3d791dd'}, 'dob': {'date': '1972-01-25T00:15:00.124Z', 'age': 52}, 'registered': {'date': '2019-03-31T12:30:17.796Z', 'age': 5}, 'phone': '016973 44521', 'cell': '07603 113107', 'id': {'name': 'NINO', 'value': 'OK 31 85 31 B'}, 'picture': {'large': 'https://randomuser.me/api/portraits/women/41.jpg', 'medium': 'https://randomuser.me/api/portraits/med/women/41.jpg', 'thumbnail': 'https://randomuser.me/api/portraits/thumb/women/41.jpg'}, 'nat': 'GB'}</msg>
<arg>${json_data['results'][0]}</arg>
<doc>Logs the given message with the given level.</doc>
<status status="PASS" start="2024-08-10T01:09:48.362062" elapsed="0.000392"/>
</kw>
<kw name="Log" owner="BuiltIn">
<msg time="2024-08-10T01:09:48.362874" level="INFO">login</msg>
<arg>${key}</arg>
<doc>Logs the given message with the given level.</doc>
<status status="PASS" start="2024-08-10T01:09:48.362745" elapsed="0.000166"/>
</kw>
<var name="${key}">login</var>
<status status="PASS" start="2024-08-10T01:09:48.361393" elapsed="0.001733"/>
</iter>
<var>${key}</var>
<value>@{expected_keys}</value>
<status status="PASS" start="2024-08-10T01:09:48.353138" elapsed="0.010109"/>
</for>
<kw name="Create List" owner="BuiltIn">
<msg time="2024-08-10T01:09:48.363574" level="INFO">${expected_keysTwo} = ['username', 'password']</msg>
<var>${expected_keysTwo}</var>
<arg>username</arg>
<arg>password</arg>
<doc>Returns a list containing given items.</doc>
<status status="PASS" start="2024-08-10T01:09:48.363439" elapsed="0.000158"/>
</kw>
<for flavor="IN">
<iter>
<kw name="Dictionary Should Contain Key" owner="Collections">
<arg>${json_data['results'][0]['login']}</arg>
<arg>${keyTwo}</arg>
<doc>Fails if ``key`` is not found from ``dictionary``.</doc>
<status status="PASS" start="2024-08-10T01:09:48.364125" elapsed="0.000418"/>
</kw>
<kw name="Dictionary Should Contain Key" owner="Collections">
<arg>${json_data['results'][0]['login']}</arg>
<arg>${keyTwo}</arg>
<doc>Fails if ``key`` is not found from ``dictionary``.</doc>
<status status="PASS" start="2024-08-10T01:09:48.364728" elapsed="0.000372"/>
</kw>
<kw name="Log" owner="BuiltIn">
<msg time="2024-08-10T01:09:48.365425" level="INFO">username</msg>
<arg>${keyTwo}</arg>
<doc>Logs the given message with the given level.</doc>
<status status="PASS" start="2024-08-10T01:09:48.365303" elapsed="0.000160"/>
</kw>
<var name="${keyTwo}">username</var>
<status status="PASS" start="2024-08-10T01:09:48.364016" elapsed="0.001665"/>
</iter>
<iter>
<kw name="Dictionary Should Contain Key" owner="Collections">
<arg>${json_data['results'][0]['login']}</arg>
<arg>${keyTwo}</arg>
<doc>Fails if ``key`` is not found from ``dictionary``.</doc>
<status status="PASS" start="2024-08-10T01:09:48.365960" elapsed="0.000394"/>
</kw>
<kw name="Dictionary Should Contain Key" owner="Collections">
<arg>${json_data['results'][0]['login']}</arg>
<arg>${keyTwo}</arg>
<doc>Fails if ``key`` is not found from ``dictionary``.</doc>
<status status="PASS" start="2024-08-10T01:09:48.366531" elapsed="0.000371"/>
</kw>
<kw name="Log" owner="BuiltIn">
<msg time="2024-08-10T01:09:48.367198" level="INFO">password</msg>
<arg>${keyTwo}</arg>
<doc>Logs the given message with the given level.</doc>
<status status="PASS" start="2024-08-10T01:09:48.367078" elapsed="0.000157"/>
</kw>
<var name="${keyTwo}">password</var>
<status status="PASS" start="2024-08-10T01:09:48.365853" elapsed="0.001601"/>
</iter>
<var>${keyTwo}</var>
<value>@{expected_keysTwo}</value>
<status status="PASS" start="2024-08-10T01:09:48.363865" elapsed="0.003710"/>
</for>
<status status="PASS" start="2024-08-10T01:09:48.247946" elapsed="0.119786"/>
</kw>
<doc>Testa a estrutura da resposta da API.</doc>
<tag>testeEstruturaResposta</tag>
<status status="PASS" start="2024-08-10T01:09:48.247455" elapsed="0.120426"/>
</test>
<test id="s1-s1-t4" name="Validar tipos de dados" line="28">
<kw name="Teste de Tipos de Dados" owner="random-user-service">
<kw name="GET On Session" owner="RequestsLibrary">
<msg time="2024-08-10T01:09:48.751335" level="INFO">GET Request : url=https://randomuser.me/api 
 path_url=/api 
 headers={'User-Agent': 'python-requests/2.32.3', 'Accept-Encoding': 'gzip, deflate', 'Accept': '*/*', 'Connection': 'keep-alive'} 
 body=None 
 </msg>
<msg time="2024-08-10T01:09:48.751439" level="INFO">GET Response : url=https://randomuser.me/api 
 status=200, reason=OK 
 headers={'Date': 'Sat, 10 Aug 2024 01:09:48 GMT', 'Content-Type': 'application/json; charset=utf-8', 'Transfer-Encoding': 'chunked', 'Connection': 'keep-alive', 'X-Powered-By': 'Express', 'Access-Control-Allow-Origin': '*', 'Cache-Control': 'no-cache', 'ETag': 'W/"4ac-LDglPCk1RCYc7WfohMTswo2LN6w"', 'Vary': 'Accept-Encoding', 'Content-Encoding': 'gzip', 'CF-Cache-Status': 'DYNAMIC', 'Report-To': '{"endpoints":[{"url":"https:\\/\\/a.nel.cloudflare.com\\/report\\/v4?s=ddfrkf6kFuwzcnlXRIgfRHLkqqpRw0%2FjUh%2BYjKZ%2BG898skz4UOuD%2F9TkQ85LJIaj4ws436edM1lYIr0QuGXyd4BVnaUmWyB0wrC%2FQ8PrV8Zr1D74wGjuT%2FnYsfQhzRyF"}],"group":"cf-nel","max_age":604800}', 'NEL': '{"success_fraction":0,"report_to":"cf-nel","max_age":604800}', 'Server': 'cloudflare', 'CF-RAY': '8b0c1a415a453adb-IAD', 'alt-svc': 'h3=":443"; ma=86400'} 
 body={"results":[{"gender":"male","name":{"title":"Mr","first":"Jimmie","last":"Anderson"},"location":{"street":{"number":8217,"name":"St. John’S Road"},"city":"Stevenage","state":"Staffordshire","country":"United Kingdom","postcode":"KG1M 0UW","coordinates":{"latitude":"-12.2554","longitude":"-3.5420"},"timezone":{"offset":"+3:00","description":"Baghdad, Riyadh, Moscow, St. Petersburg"}},"email":"jimmie.anderson@example.com","login":{"uuid":"708dccdc-defe-4686-a377-23fabc7c2a1b","username":"heavykoala216","password":"clipper","salt":"Z676AGzx","md5":"885cce0241ac2b1e6fef718f37dd663c","sha1":"432fdf05d848d74e229f0cb4994f17c1087cfbec","sha256":"3be0910e82a67207749e5531ff5ad12b3d91c9ca39f49d39dd0b7e8068f2f787"},"dob":{"date":"1956-10-28T03:58:27.702Z","age":67},"registered":{"date":"2021-09-07T04:15:15.105Z","age":2},"phone":"01784 81617","cell":"07224 497796","id":{"name":"NINO","value":"PZ 19 87 89 R"},"picture":{"large":"https://randomuser.me/api/portraits/men/63.jpg","medium":"https://randomuser.me/api/portraits/med/men/63.jpg","thumbnail":"https://randomuser.me/api/portraits/thumb/men/63.jpg"},"nat":"GB"}],"info":{"seed":"408281326379ad82","results":1,"page":1,"version":"1.4"}} 
 </msg>
<msg time="2024-08-10T01:09:48.751521" level="INFO">/opt/hostedtoolcache/Python/3.12.4/x64/lib/python3.12/site-packages/urllib3/connectionpool.py:1099: InsecureRequestWarning: Unverified HTTPS request is being made to host 'randomuser.me'. Adding certificate verification is strongly advised. See: https://urllib3.readthedocs.io/en/latest/advanced-usage.html#tls-warnings
  warnings.warn(</msg>
<msg time="2024-08-10T01:09:48.751643" level="INFO">${response} = &lt;Response [200]&gt;</msg>
<var>${response}</var>
<arg>consultarAPI</arg>
<arg>/api</arg>
<doc>Sends a GET request on a previously created HTTP Session.</doc>
<status status="PASS" start="2024-08-10T01:09:48.370320" elapsed="0.381361"/>
</kw>
<kw name="Set Variable" owner="BuiltIn">
<msg time="2024-08-10T01:09:48.752810" level="INFO">${json_data} = {'results': [{'gender': 'male', 'name': {'title': 'Mr', 'first': 'Jimmie', 'last': 'Anderson'}, 'location': {'street': {'number': 8217, 'name': 'St. John’S Road'}, 'city': 'Stevenage', 'state': 'Staff...</msg>
<var>${json_data}</var>
<arg>${response.json()}</arg>
<doc>Returns the given values which can then be assigned to a variables.</doc>
<status status="PASS" start="2024-08-10T01:09:48.752223" elapsed="0.000617"/>
</kw>
<kw name="Log" owner="BuiltIn">
<msg time="2024-08-10T01:09:48.753314" level="INFO">{'results': [{'gender': 'male', 'name': {'title': 'Mr', 'first': 'Jimmie', 'last': 'Anderson'}, 'location': {'street': {'number': 8217, 'name': 'St. John’S Road'}, 'city': 'Stevenage', 'state': 'Staffordshire', 'country': 'United Kingdom', 'postcode': 'KG1M 0UW', 'coordinates': {'latitude': '-12.2554', 'longitude': '-3.5420'}, 'timezone': {'offset': '+3:00', 'description': 'Baghdad, Riyadh, Moscow, St. Petersburg'}}, 'email': 'jimmie.anderson@example.com', 'login': {'uuid': '708dccdc-defe-4686-a377-23fabc7c2a1b', 'username': 'heavykoala216', 'password': 'clipper', 'salt': 'Z676AGzx', 'md5': '885cce0241ac2b1e6fef718f37dd663c', 'sha1': '432fdf05d848d74e229f0cb4994f17c1087cfbec', 'sha256': '3be0910e82a67207749e5531ff5ad12b3d91c9ca39f49d39dd0b7e8068f2f787'}, 'dob': {'date': '1956-10-28T03:58:27.702Z', 'age': 67}, 'registered': {'date': '2021-09-07T04:15:15.105Z', 'age': 2}, 'phone': '01784 81617', 'cell': '07224 497796', 'id': {'name': 'NINO', 'value': 'PZ 19 87 89 R'}, 'picture': {'large': 'https://randomuser.me/api/portraits/men/63.jpg', 'medium': 'https://randomuser.me/api/portraits/med/men/63.jpg', 'thumbnail': 'https://randomuser.me/api/portraits/thumb/men/63.jpg'}, 'nat': 'GB'}], 'info': {'seed': '408281326379ad82', 'results': 1, 'page': 1, 'version': '1.4'}}</msg>
<arg>${json_data}</arg>
<doc>Logs the given message with the given level.</doc>
<status status="PASS" start="2024-08-10T01:09:48.753151" elapsed="0.000214"/>
</kw>
<kw name="Should Be String" owner="String">
<arg>${json_data['results'][0]['gender']}</arg>
<doc>Fails if the given ``item`` is not a string.</doc>
<status status="PASS" start="2024-08-10T01:09:48.753660" elapsed="0.000365"/>
</kw>
<kw name="Should Match Regexp" owner="BuiltIn">
<arg>${json_data['results'][0]['email']}</arg>
<arg>^[a-zA-Z0-9._%+-]+@[a-zA-Z0-9.-]+\.[a-zA-Z]{2,}$</arg>
<doc>Fails if ``string`` does not match ``pattern`` as a regular expression.</doc>
<status status="PASS" start="2024-08-10T01:09:48.754218" elapsed="0.000523"/>
</kw>
<kw name="Should Match Regexp" owner="BuiltIn">
<arg>${json_data['results'][0]['dob']['date']}</arg>
<arg>\\d{4}-\\d{2}-\\d{2}T\\d{2}:\\d{2}:\\d{2}\\.\\d{3}Z</arg>
<doc>Fails if ``string`` does not match ``pattern`` as a regular expression.</doc>
<status status="PASS" start="2024-08-10T01:09:48.754978" elapsed="0.000651"/>
</kw>
<kw name="Should Match Regexp" owner="BuiltIn">
<arg>${json_data['results'][0]['registered']['date']}</arg>
<arg>\\d{4}-\\d{2}-\\d{2}T\\d{2}:\\d{2}:\\d{2}\\.\\d{3}Z</arg>
<doc>Fails if ``string`` does not match ``pattern`` as a regular expression.</doc>
<status status="PASS" start="2024-08-10T01:09:48.755826" elapsed="0.000379"/>
</kw>
<kw name="Should Match Regexp" owner="BuiltIn">
<arg>${json_data['results'][0]['picture']['large']}</arg>
<arg>^https?://.*\.(?:png|jpe?g|gif|bmp)$</arg>
<doc>Fails if ``string`` does not match ``pattern`` as a regular expression.</doc>
<status status="PASS" start="2024-08-10T01:09:48.756426" elapsed="0.000467"/>
</kw>
<kw name="Should Match Regexp" owner="BuiltIn">
<arg>${json_data['results'][0]['picture']['medium']}</arg>
<arg>^https?://.*\.(?:png|jpe?g|gif|bmp)$</arg>
<doc>Fails if ``string`` does not match ``pattern`` as a regular expression.</doc>
<status status="PASS" start="2024-08-10T01:09:48.757082" elapsed="0.000357"/>
</kw>
<kw name="Should Match Regexp" owner="BuiltIn">
<arg>${json_data['results'][0]['picture']['thumbnail']}</arg>
<arg>^https?://.*\.(?:png|jpe?g|gif|bmp)$</arg>
<doc>Fails if ``string`` does not match ``pattern`` as a regular expression.</doc>
<status status="PASS" start="2024-08-10T01:09:48.757622" elapsed="0.000349"/>
</kw>
<kw name="Log" owner="BuiltIn">
<msg time="2024-08-10T01:09:48.758481" level="INFO">{'large': 'https://randomuser.me/api/portraits/men/63.jpg', 'medium': 'https://randomuser.me/api/portraits/med/men/63.jpg', 'thumbnail': 'https://randomuser.me/api/portraits/thumb/men/63.jpg'}</msg>
<arg>${json_data['results'][0]['picture']}</arg>
<doc>Logs the given message with the given level.</doc>
<status status="PASS" start="2024-08-10T01:09:48.758148" elapsed="0.000374"/>
</kw>
<status status="PASS" start="2024-08-10T01:09:48.370100" elapsed="0.388680"/>
</kw>
<kw name="Teste de Tipos de Dados - Postcode" owner="random-user-service">
<kw name="GET On Session" owner="RequestsLibrary">
<msg time="2024-08-10T01:09:48.914714" level="INFO">GET Request : url=https://randomuser.me/api 
 path_url=/api 
 headers={'User-Agent': 'python-requests/2.32.3', 'Accept-Encoding': 'gzip, deflate', 'Accept': '*/*', 'Connection': 'keep-alive'} 
 body=None 
 </msg>
<msg time="2024-08-10T01:09:48.914781" level="INFO">GET Response : url=https://randomuser.me/api 
 status=200, reason=OK 
 headers={'Date': 'Sat, 10 Aug 2024 01:09:48 GMT', 'Content-Type': 'application/json; charset=utf-8', 'Transfer-Encoding': 'chunked', 'Connection': 'keep-alive', 'X-Powered-By': 'Express', 'Access-Control-Allow-Origin': '*', 'Cache-Control': 'no-cache', 'ETag': 'W/"498-oO0kBrsKBOf5mlW3+v0ooaiExpk"', 'Vary': 'Accept-Encoding', 'Content-Encoding': 'gzip', 'CF-Cache-Status': 'DYNAMIC', 'Report-To': '{"endpoints":[{"url":"https:\\/\\/a.nel.cloudflare.com\\/report\\/v4?s=ELz9FGh%2FVxTZPpXzvvPPsO3KZgIMIr%2BSK%2BZxa1K%2B%2F9SiJsFWcUHe6fTvDs6IG6rYiBV66amoMJwTUWr00RcLsksj%2FevZfvgTUvR13VpIpYfMZmHQNBq2nAwnSqOELF4S"}],"group":"cf-nel","max_age":604800}', 'NEL': '{"success_fraction":0,"report_to":"cf-nel","max_age":604800}', 'Server': 'cloudflare', 'CF-RAY': '8b0c1a43cd523adb-IAD', 'alt-svc': 'h3=":443"; ma=86400'} 
 body={"results":[{"gender":"male","name":{"title":"Mr","first":"احسان","last":"كامياران"},"location":{"street":{"number":2139,"name":"سبلان جنوبی"},"city":"کرمان","state":"اردبیل","country":"Iran","postcode":43046,"coordinates":{"latitude":"17.9557","longitude":"-69.1899"},"timezone":{"offset":"+5:30","description":"Bombay, Calcutta, Madras, New Delhi"}},"email":"hsn.kmyrn@example.com","login":{"uuid":"28b35e15-39ea-4cc3-a299-7fa5ed0d809b","username":"purplemouse523","password":"bigmoney","salt":"oJ7PVXp5","md5":"7c57c5f08826faad56e2199349448e09","sha1":"b8ebaeb032aa273fe06486584ef4de559b3f43fb","sha256":"f41db31bb01a3df1fafcaf6b0a31bc419c487a41941409bae42c48bb49aff53b"},"dob":{"date":"1998-06-18T21:38:20.595Z","age":26},"registered":{"date":"2016-01-25T11:15:36.256Z","age":8},"phone":"088-08506787","cell":"0938-045-6417","id":{"name":"","value":null},"picture":{"large":"https://randomuser.me/api/portraits/men/33.jpg","medium":"https://randomuser.me/api/portraits/med/men/33.jpg","thumbnail":"https://randomuser.me/api/portraits/thumb/men/33.jpg"},"nat":"IR"}],"info":{"seed":"8c19392bac81efb1","results":1,"page":1,"version":"1.4"}} 
 </msg>
<msg time="2024-08-10T01:09:48.914845" level="INFO">/opt/hostedtoolcache/Python/3.12.4/x64/lib/python3.12/site-packages/urllib3/connectionpool.py:1099: InsecureRequestWarning: Unverified HTTPS request is being made to host 'randomuser.me'. Adding certificate verification is strongly advised. See: https://urllib3.readthedocs.io/en/latest/advanced-usage.html#tls-warnings
  warnings.warn(</msg>
<msg time="2024-08-10T01:09:48.914937" level="INFO">${response} = &lt;Response [200]&gt;</msg>
<var>${response}</var>
<arg>consultarAPI</arg>
<arg>/api</arg>
<doc>Sends a GET request on a previously created HTTP Session.</doc>
<status status="PASS" start="2024-08-10T01:09:48.759231" elapsed="0.155731"/>
</kw>
<kw name="Set Variable" owner="BuiltIn">
<msg time="2024-08-10T01:09:48.915824" level="INFO">${json_data} = {'results': [{'gender': 'male', 'name': {'title': 'Mr', 'first': 'احسان', 'last': 'كامياران'}, 'location': {'street': {'number': 2139, 'name': 'سبلان جنوبی'}, 'city': 'کرمان', 'state': 'اردبیل', 'coun...</msg>
<var>${json_data}</var>
<arg>${response.json()}</arg>
<doc>Returns the given values which can then be assigned to a variables.</doc>
<status status="PASS" start="2024-08-10T01:09:48.915353" elapsed="0.000511"/>
</kw>
<kw name="Log" owner="BuiltIn">
<msg time="2024-08-10T01:09:48.916360" level="INFO">{'results': [{'gender': 'male', 'name': {'title': 'Mr', 'first': 'احسان', 'last': 'كامياران'}, 'location': {'street': {'number': 2139, 'name': 'سبلان جنوبی'}, 'city': 'کرمان', 'state': 'اردبیل', 'country': 'Iran', 'postcode': 43046, 'coordinates': {'latitude': '17.9557', 'longitude': '-69.1899'}, 'timezone': {'offset': '+5:30', 'description': 'Bombay, Calcutta, Madras, New Delhi'}}, 'email': 'hsn.kmyrn@example.com', 'login': {'uuid': '28b35e15-39ea-4cc3-a299-7fa5ed0d809b', 'username': 'purplemouse523', 'password': 'bigmoney', 'salt': 'oJ7PVXp5', 'md5': '7c57c5f08826faad56e2199349448e09', 'sha1': 'b8ebaeb032aa273fe06486584ef4de559b3f43fb', 'sha256': 'f41db31bb01a3df1fafcaf6b0a31bc419c487a41941409bae42c48bb49aff53b'}, 'dob': {'date': '1998-06-18T21:38:20.595Z', 'age': 26}, 'registered': {'date': '2016-01-25T11:15:36.256Z', 'age': 8}, 'phone': '088-08506787', 'cell': '0938-045-6417', 'id': {'name': '', 'value': None}, 'picture': {'large': 'https://randomuser.me/api/portraits/men/33.jpg', 'medium': 'https://randomuser.me/api/portraits/med/men/33.jpg', 'thumbnail': 'https://randomuser.me/api/portraits/thumb/men/33.jpg'}, 'nat': 'IR'}], 'info': {'seed': '8c19392bac81efb1', 'results': 1, 'page': 1, 'version': '1.4'}}</msg>
<arg>${json_data}</arg>
<doc>Logs the given message with the given level.</doc>
<status status="PASS" start="2024-08-10T01:09:48.916164" elapsed="0.000257"/>
</kw>
<kw name="Should Be Equal As Numbers" owner="BuiltIn">
<arg>${json_data['results'][0]['location']['postcode']}</arg>
<arg>${json_data['results'][0]['location']['postcode']}</arg>
<doc>Fails if objects are unequal after converting them to real numbers.</doc>
<status status="PASS" start="2024-08-10T01:09:48.916719" elapsed="0.000628"/>
</kw>
<kw name="Log" owner="BuiltIn">
<msg time="2024-08-10T01:09:48.917875" level="INFO">43046</msg>
<arg>${json_data['results'][0]['location']['postcode']}</arg>
<doc>Logs the given message with the given level.</doc>
<status status="PASS" start="2024-08-10T01:09:48.917535" elapsed="0.000380"/>
</kw>
<status status="PASS" start="2024-08-10T01:09:48.759007" elapsed="0.159182"/>
</kw>
<doc>Testa se os tipos de dados na resposta da API estão corretos.</doc>
<tag>testeTiposDados</tag>
<status status="PASS" start="2024-08-10T01:09:48.369677" elapsed="0.548681"/>
</test>
<test id="s1-s1-t5" name="Validar conteudo" line="35">
<kw name="Teste de Tipos de Conteudo" owner="random-user-service">
<kw name="GET On Session" owner="RequestsLibrary">
<msg time="2024-08-10T01:09:48.993699" level="INFO">GET Request : url=https://randomuser.me/api 
 path_url=/api 
 headers={'User-Agent': 'python-requests/2.32.3', 'Accept-Encoding': 'gzip, deflate', 'Accept': '*/*', 'Connection': 'keep-alive'} 
 body=None 
 </msg>
<msg time="2024-08-10T01:09:48.993766" level="INFO">GET Response : url=https://randomuser.me/api 
 status=200, reason=OK 
 headers={'Date': 'Sat, 10 Aug 2024 01:09:48 GMT', 'Content-Type': 'application/json; charset=utf-8', 'Transfer-Encoding': 'chunked', 'Connection': 'keep-alive', 'X-Powered-By': 'Express', 'Access-Control-Allow-Origin': '*', 'Cache-Control': 'no-cache', 'ETag': 'W/"48d-sDiIft4iQAdo+C6tIzMuCU97vRw"', 'Vary': 'Accept-Encoding', 'Content-Encoding': 'gzip', 'CF-Cache-Status': 'DYNAMIC', 'Report-To': '{"endpoints":[{"url":"https:\\/\\/a.nel.cloudflare.com\\/report\\/v4?s=JDmYsOFh%2Fvc%2BkWLJjrrsvfoq3BC%2BpzwYDV78EtxwdbTldPECxgt%2B2vVtqEjn2er%2F4Ww60hr00vSA1xRKy%2B6NTB2qCUeDn8rbn1XnEuimyYMfXsbrXrHl6jAt8DtJz28a"}],"group":"cf-nel","max_age":604800}', 'NEL': '{"success_fraction":0,"report_to":"cf-nel","max_age":604800}', 'Server': 'cloudflare', 'CF-RAY': '8b0c1a44ceb33adb-IAD', 'alt-svc': 'h3=":443"; ma=86400'} 
 body={"results":[{"gender":"female","name":{"title":"Miss","first":"Rose","last":"Ginnish"},"location":{"street":{"number":9292,"name":"York St"},"city":"Chatham","state":"Manitoba","country":"Canada","postcode":"W9G 3W8","coordinates":{"latitude":"-64.5323","longitude":"174.9413"},"timezone":{"offset":"+8:00","description":"Beijing, Perth, Singapore, Hong Kong"}},"email":"rose.ginnish@example.com","login":{"uuid":"e54def23-33c3-460f-9c41-e070ab0b0e02","username":"bigtiger125","password":"divx1","salt":"lVlzb0YX","md5":"12c3f63c29d3508c25e417d970f1a0a9","sha1":"e42dc08c885bd08e0fefae2aea4a2c1843dc1115","sha256":"3555c62240db588986882f57c7661df52f7226f4e9cd058e947495a9745f0937"},"dob":{"date":"1971-06-03T06:05:52.266Z","age":53},"registered":{"date":"2003-03-10T06:18:08.445Z","age":21},"phone":"S07 A90-1900","cell":"H86 T35-5020","id":{"name":"SIN","value":"376301115"},"picture":{"large":"https://randomuser.me/api/portraits/women/62.jpg","medium":"https://randomuser.me/api/portraits/med/women/62.jpg","thumbnail":"https://randomuser.me/api/portraits/thumb/women/62.jpg"},"nat":"CA"}],"info":{"seed":"a263f4a071ecdbe9","results":1,"page":1,"version":"1.4"}} 
 </msg>
<msg time="2024-08-10T01:09:48.993830" level="INFO">/opt/hostedtoolcache/Python/3.12.4/x64/lib/python3.12/site-packages/urllib3/connectionpool.py:1099: InsecureRequestWarning: Unverified HTTPS request is being made to host 'randomuser.me'. Adding certificate verification is strongly advised. See: https://urllib3.readthedocs.io/en/latest/advanced-usage.html#tls-warnings
  warnings.warn(</msg>
<msg time="2024-08-10T01:09:48.993919" level="INFO">${response} = &lt;Response [200]&gt;</msg>
<var>${response}</var>
<arg>consultarAPI</arg>
<arg>/api</arg>
<doc>Sends a GET request on a previously created HTTP Session.</doc>
<status status="PASS" start="2024-08-10T01:09:48.921120" elapsed="0.072832"/>
</kw>
<kw name="Set Variable" owner="BuiltIn">
<msg time="2024-08-10T01:09:48.994864" level="INFO">${json_data} = {'results': [{'gender': 'female', 'name': {'title': 'Miss', 'first': 'Rose', 'last': 'Ginnish'}, 'location': {'street': {'number': 9292, 'name': 'York St'}, 'city': 'Chatham', 'state': 'Manitoba', 'co...</msg>
<var>${json_data}</var>
<arg>${response.json()}</arg>
<doc>Returns the given values which can then be assigned to a variables.</doc>
<status status="PASS" start="2024-08-10T01:09:48.994343" elapsed="0.000553"/>
</kw>
<kw name="Set Variable" owner="BuiltIn">
<msg time="2024-08-10T01:09:48.995576" level="INFO">${name_title} = Miss</msg>
<var>${name_title}</var>
<arg>${json_data["results"][0]["name"]["title"]}</arg>
<doc>Returns the given values which can then be assigned to a variables.</doc>
<status status="PASS" start="2024-08-10T01:09:48.995197" elapsed="0.000404"/>
</kw>
<kw name="Create List" owner="BuiltIn">
<msg time="2024-08-10T01:09:48.996041" level="INFO">${allowed_titles} = ['Mr', 'Ms', 'Miss', 'Mrs', 'Madame', 'Monsieur']</msg>
<var>${allowed_titles}</var>
<arg>Mr</arg>
<arg>Ms</arg>
<arg>Miss</arg>
<arg>Mrs</arg>
<arg>Madame</arg>
<arg>Monsieur</arg>
<doc>Returns a list containing given items.</doc>
<status status="PASS" start="2024-08-10T01:09:48.995892" elapsed="0.000173"/>
</kw>
<kw name="List Should Contain Value" owner="Collections">
<arg>${allowed_titles}</arg>
<arg>${name_title}</arg>
<doc>Fails if the ``value`` is not found from ``list``.</doc>
<status status="PASS" start="2024-08-10T01:09:48.996395" elapsed="0.000185"/>
</kw>
<kw name="Set Variable" owner="BuiltIn">
<msg time="2024-08-10T01:09:48.997142" level="INFO">${name_country} = CA</msg>
<var>${name_country}</var>
<arg>${json_data["results"][0]["nat"]}</arg>
<doc>Returns the given values which can then be assigned to a variables.</doc>
<status status="PASS" start="2024-08-10T01:09:48.996768" elapsed="0.000400"/>
</kw>
<kw name="Create List" owner="BuiltIn">
<msg time="2024-08-10T01:09:48.998056" level="INFO">${list_country} = ['AD', 'AE', 'AF', 'AG', 'AI', 'AL', 'AM', 'AO', 'AQ', 'AR', 'AS', 'AT', 'AU', 'AW', 'AX', 'AZ', 'BA', 'BB', 'BD', 'BE', 'BF', 'BG', 'BH', 'BI', 'BJ', 'BL', 'BM', 'BN', 'BO', 'BQ', 'BR', 'BS', 'BT', '...</msg>
<var>${list_country}</var>
<arg>AD</arg>
<arg>AE</arg>
<arg>AF</arg>
<arg>AG</arg>
<arg>AI</arg>
<arg>AL</arg>
<arg>AM</arg>
<arg>AO</arg>
<arg>AQ</arg>
<arg>AR</arg>
<arg>AS</arg>
<arg>AT</arg>
<arg>AU</arg>
<arg>AW</arg>
<arg>AX</arg>
<arg>AZ</arg>
<arg>BA</arg>
<arg>BB</arg>
<arg>BD</arg>
<arg>BE</arg>
<arg>BF</arg>
<arg>BG</arg>
<arg>BH</arg>
<arg>BI</arg>
<arg>BJ</arg>
<arg>BL</arg>
<arg>BM</arg>
<arg>BN</arg>
<arg>BO</arg>
<arg>BQ</arg>
<arg>BR</arg>
<arg>BS</arg>
<arg>BT</arg>
<arg>BV</arg>
<arg>BW</arg>
<arg>BY</arg>
<arg>BZ</arg>
<arg>CA</arg>
<arg>CC</arg>
<arg>CD</arg>
<arg>CF</arg>
<arg>CG</arg>
<arg>CH</arg>
<arg>CI</arg>
<arg>CK</arg>
<arg>CL</arg>
<arg>CM</arg>
<arg>CN</arg>
<arg>CO</arg>
<arg>CR</arg>
<arg>CU</arg>
<arg>CV</arg>
<arg>CW</arg>
<arg>CX</arg>
<arg>CY</arg>
<arg>CZ</arg>
<arg>DE</arg>
<arg>DJ</arg>
<arg>DK</arg>
<arg>DM</arg>
<arg>DO</arg>
<arg>DZ</arg>
<arg>EC</arg>
<arg>EE</arg>
<arg>EG</arg>
<arg>EH</arg>
<arg>ER</arg>
<arg>ES</arg>
<arg>ET</arg>
<arg>FI</arg>
<arg>FJ</arg>
<arg>FK</arg>
<arg>FM</arg>
<arg>FO</arg>
<arg>FR</arg>
<arg>GA</arg>
<arg>GB</arg>
<arg>GD</arg>
<arg>GE</arg>
<arg>GF</arg>
<arg>GG</arg>
<arg>GH</arg>
<arg>GI</arg>
<arg>GL</arg>
<arg>GM</arg>
<arg>GN</arg>
<arg>GP</arg>
<arg>GQ</arg>
<arg>GR</arg>
<arg>GS</arg>
<arg>GT</arg>
<arg>GU</arg>
<arg>GW</arg>
<arg>GY</arg>
<arg>HK</arg>
<arg>HM</arg>
<arg>HN</arg>
<arg>HR</arg>
<arg>HT</arg>
<arg>HU</arg>
<arg>ID</arg>
<arg>IE</arg>
<arg>IL</arg>
<arg>IM</arg>
<arg>IN</arg>
<arg>IO</arg>
<arg>IQ</arg>
<arg>IR</arg>
<arg>IS</arg>
<arg>IT</arg>
<arg>JE</arg>
<arg>JM</arg>
<arg>JO</arg>
<arg>JP</arg>
<arg>KE</arg>
<arg>KG</arg>
<arg>KH</arg>
<arg>KI</arg>
<arg>KM</arg>
<arg>KN</arg>
<arg>KP</arg>
<arg>KR</arg>
<arg>KW</arg>
<arg>KY</arg>
<arg>KZ</arg>
<arg>LA</arg>
<arg>LB</arg>
<arg>LC</arg>
<arg>LI</arg>
<arg>LK</arg>
<arg>LR</arg>
<arg>LS</arg>
<arg>LT</arg>
<arg>LU</arg>
<arg>LV</arg>
<arg>LY</arg>
<arg>MA</arg>
<arg>MC</arg>
<arg>MD</arg>
<arg>ME</arg>
<arg>MF</arg>
<arg>MG</arg>
<arg>MH</arg>
<arg>MK</arg>
<arg>ML</arg>
<arg>MM</arg>
<arg>MN</arg>
<arg>MO</arg>
<arg>MP</arg>
<arg>MQ</arg>
<arg>MR</arg>
<arg>MS</arg>
<arg>MT</arg>
<arg>MU</arg>
<arg>MV</arg>
<arg>MW</arg>
<arg>MX</arg>
<arg>MY</arg>
<arg>MZ</arg>
<arg>NA</arg>
<arg>NC</arg>
<arg>NE</arg>
<arg>NF</arg>
<arg>NG</arg>
<arg>NI</arg>
<arg>NL</arg>
<arg>NO</arg>
<arg>NP</arg>
<arg>NR</arg>
<arg>NU</arg>
<arg>NZ</arg>
<arg>OM</arg>
<arg>PA</arg>
<arg>PE</arg>
<arg>PF</arg>
<arg>PG</arg>
<arg>PH</arg>
<arg>PK</arg>
<arg>PL</arg>
<arg>PM</arg>
<arg>PN</arg>
<arg>PR</arg>
<arg>PS</arg>
<arg>PT</arg>
<arg>PW</arg>
<arg>PY</arg>
<arg>QA</arg>
<arg>RE</arg>
<arg>RO</arg>
<arg>RS</arg>
<arg>RU</arg>
<arg>RW</arg>
<arg>SA</arg>
<arg>SB</arg>
<arg>SC</arg>
<arg>SD</arg>
<arg>SE</arg>
<arg>SG</arg>
<arg>SH</arg>
<arg>SI</arg>
<arg>SJ</arg>
<arg>SK</arg>
<arg>SL</arg>
<arg>SM</arg>
<arg>SN</arg>
<arg>SO</arg>
<arg>SR</arg>
<arg>SS</arg>
<arg>ST</arg>
<arg>SV</arg>
<arg>SX</arg>
<arg>SY</arg>
<arg>SZ</arg>
<arg>TC</arg>
<arg>TD</arg>
<arg>TF</arg>
<arg>TG</arg>
<arg>TH</arg>
<arg>TJ</arg>
<arg>TK</arg>
<arg>TL</arg>
<arg>TM</arg>
<arg>TN</arg>
<arg>TO</arg>
<arg>TR</arg>
<arg>TT</arg>
<arg>TV</arg>
<arg>TW</arg>
<arg>TZ</arg>
<arg>UA</arg>
<arg>UG</arg>
<arg>UM</arg>
<arg>US</arg>
<arg>UY</arg>
<arg>UZ</arg>
<arg>VA</arg>
<arg>VC</arg>
<arg>VE</arg>
<arg>VG</arg>
<arg>VI</arg>
<arg>VN</arg>
<arg>VU</arg>
<arg>WF</arg>
<arg>WS</arg>
<arg>XK</arg>
<arg>YE</arg>
<arg>YT</arg>
<arg>ZA</arg>
<arg>ZM</arg>
<arg>ZW</arg>
<doc>Returns a list containing given items.</doc>
<status status="PASS" start="2024-08-10T01:09:48.997453" elapsed="0.000629"/>
</kw>
<kw name="List Should Contain Value" owner="Collections">
<arg>${list_country}</arg>
<arg>${name_country}</arg>
<doc>Fails if the ``value`` is not found from ``list``.</doc>
<status status="PASS" start="2024-08-10T01:09:48.999012" elapsed="0.000207"/>
</kw>
<kw name="Run Keyword If" owner="BuiltIn">
<kw name="Should Be True" owner="BuiltIn">
<arg>${True}</arg>
<doc>Fails if the given condition is not true.</doc>
<status status="PASS" start="2024-08-10T01:09:49.000158" elapsed="0.000164"/>
</kw>
<arg>${json_data["results"][0]["location"]["coordinates"]["latitude"]} &gt;= -90 and ${json_data["results"][0]["location"]["coordinates"]["latitude"]} &lt;= 90</arg>
<arg>Should Be True</arg>
<arg>${True}</arg>
<doc>Runs the given keyword with the given arguments, if ``condition`` is true.</doc>
<status status="PASS" start="2024-08-10T01:09:48.999416" elapsed="0.001035"/>
</kw>
<kw name="Run Keyword If" owner="BuiltIn">
<kw name="Should Be True" owner="BuiltIn">
<arg>${True}</arg>
<doc>Fails if the given condition is not true.</doc>
<status status="PASS" start="2024-08-10T01:09:49.001317" elapsed="0.000135"/>
</kw>
<arg>${json_data["results"][0]["location"]["coordinates"]["longitude"]} &gt;= -180 and ${json_data["results"][0]["location"]["coordinates"]["longitude"]} &lt;= 180</arg>
<arg>Should Be True</arg>
<arg>${True}</arg>
<doc>Runs the given keyword with the given arguments, if ``condition`` is true.</doc>
<status status="PASS" start="2024-08-10T01:09:49.000632" elapsed="0.000942"/>
</kw>
<status status="PASS" start="2024-08-10T01:09:48.920762" elapsed="0.080938"/>
</kw>
<doc>Testa o conteúdo específico dos campos retornados pela API.</doc>
<tag>testeConteudo</tag>
<status status="PASS" start="2024-08-10T01:09:48.920117" elapsed="0.081726"/>
</test>
<status status="PASS" start="2024-08-10T01:09:47.818191" elapsed="1.185511"/>
</suite>
<status status="PASS" start="2024-08-10T01:09:47.803726" elapsed="1.205024"/>
</suite>
<statistics>
<total>
<stat pass="5" fail="0" skip="0">All Tests</stat>
</total>
<tag>
<stat pass="1" fail="0" skip="0">testeConteudo</stat>
<stat pass="1" fail="0" skip="0">testeEstruturaResposta</stat>
<stat pass="1" fail="0" skip="0">testeRequisicaoBasica</stat>
<stat pass="1" fail="0" skip="0">testeTiposDados</stat>
</tag>
<suite>
<stat pass="5" fail="0" skip="0" id="s1" name="Tests">Tests</stat>
<stat pass="5" fail="0" skip="0" id="s1-s1" name="Random-User-Test">Tests.Random-User-Test</stat>
</suite>
</statistics>
<errors>
</errors>
</robot>
