<?xml version="1.0" encoding="UTF-8"?>
<robot generator="Robot 7.0 (Python 3.12.3 on linux)" generated="2024-05-16T03:17:57.276947" rpa="false" schemaversion="5">
<suite id="s1" name="Tests" source="/home/runner/work/DesafioQAItauRogerioJordao/DesafioQAItauRogerioJordao/RamdonUser/tests">
<suite id="s1-s1" name="Random-User-Test" source="/home/runner/work/DesafioQAItauRogerioJordao/DesafioQAItauRogerioJordao/RamdonUser/tests/random-user-test.robot">
<test id="s1-s1-t1" name="Conectar" line="13">
<kw name="Conectar API" owner="random-user-service">
<kw name="Create Session" owner="RequestsLibrary">
<msg time="2024-05-16T03:17:57.635856" level="INFO">Creating Session using : alias=consultarAPI, url=https://randomuser.me/, headers={},                     cookies={}, auth=None, timeout=None, proxies=None, verify=False,                     debug=0 </msg>
<arg>consultarAPI</arg>
<arg>${URL}</arg>
<doc>Create Session: create a HTTP session to a server</doc>
<status status="PASS" start="2024-05-16T03:17:57.635645" elapsed="0.000384"/>
</kw>
<status status="PASS" start="2024-05-16T03:17:57.634629" elapsed="0.001758"/>
</kw>
<status status="PASS" start="2024-05-16T03:17:57.634091" elapsed="0.002497"/>
</test>
<test id="s1-s1-t2" name="Validar retorno 200 e JSON Válido" line="16">
<kw name="Teste de Requisicao Basica" owner="random-user-service">
<kw name="GET On Session" owner="RequestsLibrary">
<msg time="2024-05-16T03:17:57.814729" level="INFO">GET Request : url=https://randomuser.me/api 
 path_url=/api 
 headers={'User-Agent': 'python-requests/2.31.0', 'Accept-Encoding': 'gzip, deflate', 'Accept': '*/*', 'Connection': 'keep-alive'} 
 body=None 
 </msg>
<msg time="2024-05-16T03:17:57.814873" level="INFO">GET Response : url=https://randomuser.me/api 
 status=200, reason=OK 
 headers={'Date': 'Thu, 16 May 2024 03:17:57 GMT', 'Content-Type': 'application/json; charset=utf-8', 'Transfer-Encoding': 'chunked', 'Connection': 'keep-alive', 'X-Powered-By': 'Express', 'Access-Control-Allow-Origin': '*', 'Cache-Control': 'no-cache', 'ETag': 'W/"485-RtdGMZVv6Xk5zJfeC2Hqs/YDejU"', 'Vary': 'Accept-Encoding', 'Content-Encoding': 'gzip', 'CF-Cache-Status': 'DYNAMIC', 'Report-To': '{"endpoints":[{"url":"https:\\/\\/a.nel.cloudflare.com\\/report\\/v4?s=HxgGST%2FufA1Iq3TBw2FkgFyvj2vGpOe2vUNdEVgtPrs6SbtAe6z66sV9ygCm92Lea%2BwSNe7l5mZiaMa2aNM4VUmHU341SR%2FjukNEHLt5khCTgm20%2FRIqA3oII1Rnud9S"}],"group":"cf-nel","max_age":604800}', 'NEL': '{"success_fraction":0,"report_to":"cf-nel","max_age":604800}', 'Server': 'cloudflare', 'CF-RAY': '884837bc2eef8f28-IAD', 'alt-svc': 'h3=":443"; ma=86400'} 
 body={"results":[{"gender":"female","name":{"title":"Ms","first":"Todora","last":"Gladchenko"},"location":{"street":{"number":6004,"name":"Kupalska"},"city":"Soledar","state":"Hmelnicka","country":"Ukraine","postcode":21100,"coordinates":{"latitude":"77.4449","longitude":"71.8603"},"timezone":{"offset":"-1:00","description":"Azores, Cape Verde Islands"}},"email":"todora.gladchenko@example.com","login":{"uuid":"e2f697de-1c8e-46a5-8f68-e6bda5183ff4","username":"orangewolf492","password":"gregory","salt":"UF3zPuc7","md5":"4bd59ced6d048b02779f5d55e6a6f3e2","sha1":"56f17707557c11dc093b1f221a45c34524f233a5","sha256":"ccb41279451251e5501c1d4feda1ce5d0c77ca9bd11eeed41c079b22dff21e97"},"dob":{"date":"1984-02-17T15:31:54.605Z","age":40},"registered":{"date":"2019-06-10T20:26:15.921Z","age":4},"phone":"(068) C52-9925","cell":"(096) M11-3836","id":{"name":"","value":null},"picture":{"large":"https://randomuser.me/api/portraits/women/61.jpg","medium":"https://randomuser.me/api/portraits/med/women/61.jpg","thumbnail":"https://randomuser.me/api/portraits/thumb/women/61.jpg"},"nat":"UA"}],"info":{"seed":"93ea23d4cbf5a1b2","results":1,"page":1,"version":"1.4"}} 
 </msg>
<msg time="2024-05-16T03:17:57.814956" level="INFO">/opt/hostedtoolcache/Python/3.12.3/x64/lib/python3.12/site-packages/urllib3/connectionpool.py:1103: InsecureRequestWarning: Unverified HTTPS request is being made to host 'randomuser.me'. Adding certificate verification is strongly advised. See: https://urllib3.readthedocs.io/en/latest/advanced-usage.html#tls-warnings
  warnings.warn(</msg>
<msg time="2024-05-16T03:17:57.815112" level="INFO">${response} = &lt;Response [200]&gt;</msg>
<var>${response}</var>
<arg>consultarAPI</arg>
<arg>/api</arg>
<doc>Sends a GET request on a previously created HTTP Session.</doc>
<status status="PASS" start="2024-05-16T03:17:57.639222" elapsed="0.175935"/>
</kw>
<kw name="Should Be Equal As Numbers" owner="BuiltIn">
<msg time="2024-05-16T03:17:57.816220" level="INFO">Argument types are:
&lt;class 'int'&gt;
&lt;class 'str'&gt;</msg>
<arg>${response.status_code}</arg>
<arg>200</arg>
<doc>Fails if objects are unequal after converting them to real numbers.</doc>
<status status="PASS" start="2024-05-16T03:17:57.815766" elapsed="0.000520"/>
</kw>
<kw name="Log" owner="BuiltIn">
<msg time="2024-05-16T03:17:57.816953" level="INFO">200</msg>
<arg>${response.status_code}</arg>
<doc>Logs the given message with the given level.</doc>
<status status="PASS" start="2024-05-16T03:17:57.816606" elapsed="0.000389"/>
</kw>
<kw name="Set Variable" owner="BuiltIn">
<msg time="2024-05-16T03:17:57.817734" level="INFO">${json_data} = {'results': [{'gender': 'female', 'name': {'title': 'Ms', 'first': 'Todora', 'last': 'Gladchenko'}, 'location': {'street': {'number': 6004, 'name': 'Kupalska'}, 'city': 'Soledar', 'state': 'Hmelnicka'...</msg>
<var>${json_data}</var>
<arg>${response.json()}</arg>
<doc>Returns the given values which can then be assigned to a variables.</doc>
<status status="PASS" start="2024-05-16T03:17:57.817302" elapsed="0.000461"/>
</kw>
<kw name="Dictionary Should Contain Key" owner="Collections">
<msg time="2024-05-16T03:17:57.818234" level="INFO">False</msg>
<arg>${json_data}</arg>
<arg>results</arg>
<doc>Fails if ``key`` is not found from ``dictionary``.</doc>
<status status="PASS" start="2024-05-16T03:17:57.818065" elapsed="0.000208"/>
</kw>
<status status="PASS" start="2024-05-16T03:17:57.638953" elapsed="0.179578"/>
</kw>
<doc>Testa se a API responde corretamente e retorna um objeto JSON válido.</doc>
<tag>testeRequisicaoBasica</tag>
<status status="PASS" start="2024-05-16T03:17:57.638468" elapsed="0.180246"/>
</test>
<test id="s1-s1-t3" name="Validar estrutura de resposta" line="22">
<kw name="Teste de Estrutura de Resposta" owner="random-user-service">
<kw name="GET On Session" owner="RequestsLibrary">
<msg time="2024-05-16T03:17:57.917524" level="INFO">GET Request : url=https://randomuser.me/api 
 path_url=/api 
 headers={'User-Agent': 'python-requests/2.31.0', 'Accept-Encoding': 'gzip, deflate', 'Accept': '*/*', 'Connection': 'keep-alive'} 
 body=None 
 </msg>
<msg time="2024-05-16T03:17:57.917623" level="INFO">GET Response : url=https://randomuser.me/api 
 status=200, reason=OK 
 headers={'Date': 'Thu, 16 May 2024 03:17:57 GMT', 'Content-Type': 'application/json; charset=utf-8', 'Transfer-Encoding': 'chunked', 'Connection': 'keep-alive', 'X-Powered-By': 'Express', 'Access-Control-Allow-Origin': '*', 'Cache-Control': 'no-cache', 'ETag': 'W/"497-aF2x+4Y7qb781+buvHH/CLNfhmM"', 'Vary': 'Accept-Encoding', 'Content-Encoding': 'gzip', 'CF-Cache-Status': 'DYNAMIC', 'Report-To': '{"endpoints":[{"url":"https:\\/\\/a.nel.cloudflare.com\\/report\\/v4?s=jFo%2F6PE%2Fj1V1CpKJbISRAU%2BCJIYbXZlitTMBiU%2FQRe2gNf2zeuvzEIXcURNALtb9EnwWgh0LlaWJf4jUccpCP6LlGgNhrMjH7McU7lrVUOkYIvPhbO%2FDLw%2FtShRVxEKk"}],"group":"cf-nel","max_age":604800}', 'NEL': '{"success_fraction":0,"report_to":"cf-nel","max_age":604800}', 'Server': 'cloudflare', 'CF-RAY': '884837bc6f1e8f28-IAD', 'alt-svc': 'h3=":443"; ma=86400'} 
 body={"results":[{"gender":"male","name":{"title":"Mr","first":"Andrey","last":"Bäuerle"},"location":{"street":{"number":9791,"name":"Wiesenweg"},"city":"Wesselburen","state":"Nordrhein-Westfalen","country":"Germany","postcode":79489,"coordinates":{"latitude":"-53.5560","longitude":"-113.5160"},"timezone":{"offset":"-1:00","description":"Azores, Cape Verde Islands"}},"email":"andrey.bauerle@example.com","login":{"uuid":"016fff9c-ecef-4b4f-932b-635a1d840cdd","username":"bluepeacock443","password":"civic","salt":"6W37Sr01","md5":"7fb53c4f6a757f5a27347b4c58e41030","sha1":"23979c6e2d26c9550e63356796116bc6948f5fab","sha256":"43aa78f4508c196a6b5e293bb457f77d7ff24e8fcac0938c3c72a9f4c2726f21"},"dob":{"date":"1956-08-12T10:19:11.000Z","age":67},"registered":{"date":"2008-08-03T18:10:20.163Z","age":15},"phone":"0085-2078886","cell":"0179-8410988","id":{"name":"SVNR","value":"65 120856 B 306"},"picture":{"large":"https://randomuser.me/api/portraits/men/67.jpg","medium":"https://randomuser.me/api/portraits/med/men/67.jpg","thumbnail":"https://randomuser.me/api/portraits/thumb/men/67.jpg"},"nat":"DE"}],"info":{"seed":"c7cbe86084f2d916","results":1,"page":1,"version":"1.4"}} 
 </msg>
<msg time="2024-05-16T03:17:57.917749" level="INFO">/opt/hostedtoolcache/Python/3.12.3/x64/lib/python3.12/site-packages/urllib3/connectionpool.py:1103: InsecureRequestWarning: Unverified HTTPS request is being made to host 'randomuser.me'. Adding certificate verification is strongly advised. See: https://urllib3.readthedocs.io/en/latest/advanced-usage.html#tls-warnings
  warnings.warn(</msg>
<msg time="2024-05-16T03:17:57.917896" level="INFO">${response} = &lt;Response [200]&gt;</msg>
<var>${response}</var>
<arg>consultarAPI</arg>
<arg>/api</arg>
<doc>Sends a GET request on a previously created HTTP Session.</doc>
<status status="PASS" start="2024-05-16T03:17:57.821321" elapsed="0.096619"/>
</kw>
<kw name="Set Variable" owner="BuiltIn">
<msg time="2024-05-16T03:17:57.918970" level="INFO">${json_data} = {'results': [{'gender': 'male', 'name': {'title': 'Mr', 'first': 'Andrey', 'last': 'Bäuerle'}, 'location': {'street': {'number': 9791, 'name': 'Wiesenweg'}, 'city': 'Wesselburen', 'state': 'Nordrhein-...</msg>
<var>${json_data}</var>
<arg>${response.json()}</arg>
<doc>Returns the given values which can then be assigned to a variables.</doc>
<status status="PASS" start="2024-05-16T03:17:57.918447" elapsed="0.000553"/>
</kw>
<kw name="Log" owner="BuiltIn">
<msg time="2024-05-16T03:17:57.919527" level="INFO">{'results': [{'gender': 'male', 'name': {'title': 'Mr', 'first': 'Andrey', 'last': 'Bäuerle'}, 'location': {'street': {'number': 9791, 'name': 'Wiesenweg'}, 'city': 'Wesselburen', 'state': 'Nordrhein-Westfalen', 'country': 'Germany', 'postcode': 79489, 'coordinates': {'latitude': '-53.5560', 'longitude': '-113.5160'}, 'timezone': {'offset': '-1:00', 'description': 'Azores, Cape Verde Islands'}}, 'email': 'andrey.bauerle@example.com', 'login': {'uuid': '016fff9c-ecef-4b4f-932b-635a1d840cdd', 'username': 'bluepeacock443', 'password': 'civic', 'salt': '6W37Sr01', 'md5': '7fb53c4f6a757f5a27347b4c58e41030', 'sha1': '23979c6e2d26c9550e63356796116bc6948f5fab', 'sha256': '43aa78f4508c196a6b5e293bb457f77d7ff24e8fcac0938c3c72a9f4c2726f21'}, 'dob': {'date': '1956-08-12T10:19:11.000Z', 'age': 67}, 'registered': {'date': '2008-08-03T18:10:20.163Z', 'age': 15}, 'phone': '0085-2078886', 'cell': '0179-8410988', 'id': {'name': 'SVNR', 'value': '65 120856 B 306'}, 'picture': {'large': 'https://randomuser.me/api/portraits/men/67.jpg', 'medium': 'https://randomuser.me/api/portraits/med/men/67.jpg', 'thumbnail': 'https://randomuser.me/api/portraits/thumb/men/67.jpg'}, 'nat': 'DE'}], 'info': {'seed': 'c7cbe86084f2d916', 'results': 1, 'page': 1, 'version': '1.4'}}</msg>
<arg>${json_data}</arg>
<doc>Logs the given message with the given level.</doc>
<status status="PASS" start="2024-05-16T03:17:57.919347" elapsed="0.000229"/>
</kw>
<kw name="Dictionary Should Contain Key" owner="Collections">
<msg time="2024-05-16T03:17:57.920037" level="INFO">False</msg>
<arg>${json_data}</arg>
<arg>results</arg>
<doc>Fails if ``key`` is not found from ``dictionary``.</doc>
<status status="PASS" start="2024-05-16T03:17:57.919877" elapsed="0.000197"/>
</kw>
<kw name="Should Not Be Empty" owner="BuiltIn">
<msg time="2024-05-16T03:17:57.920504" level="INFO">Length is 2.</msg>
<arg>${json_data}</arg>
<doc>Verifies that the given item is not empty.</doc>
<status status="PASS" start="2024-05-16T03:17:57.920368" elapsed="0.000335"/>
</kw>
<kw name="Create List" owner="BuiltIn">
<msg time="2024-05-16T03:17:57.921175" level="INFO">${expected_keys} = ['gender', 'name', 'location', 'email', 'login']</msg>
<var>${expected_keys}</var>
<arg>gender</arg>
<arg>name</arg>
<arg>location</arg>
<arg>email</arg>
<arg>login</arg>
<doc>Returns a list containing given items.</doc>
<status status="PASS" start="2024-05-16T03:17:57.921023" elapsed="0.000176"/>
</kw>
<for flavor="IN">
<iter>
<kw name="Dictionary Should Contain Key" owner="Collections">
<msg time="2024-05-16T03:17:57.922180" level="INFO">False</msg>
<arg>${json_data['results'][0]}</arg>
<arg>${key}</arg>
<doc>Fails if ``key`` is not found from ``dictionary``.</doc>
<status status="PASS" start="2024-05-16T03:17:57.921782" elapsed="0.000436"/>
</kw>
<kw name="Log" owner="BuiltIn">
<msg time="2024-05-16T03:17:57.922880" level="INFO">{'gender': 'male', 'name': {'title': 'Mr', 'first': 'Andrey', 'last': 'Bäuerle'}, 'location': {'street': {'number': 9791, 'name': 'Wiesenweg'}, 'city': 'Wesselburen', 'state': 'Nordrhein-Westfalen', 'country': 'Germany', 'postcode': 79489, 'coordinates': {'latitude': '-53.5560', 'longitude': '-113.5160'}, 'timezone': {'offset': '-1:00', 'description': 'Azores, Cape Verde Islands'}}, 'email': 'andrey.bauerle@example.com', 'login': {'uuid': '016fff9c-ecef-4b4f-932b-635a1d840cdd', 'username': 'bluepeacock443', 'password': 'civic', 'salt': '6W37Sr01', 'md5': '7fb53c4f6a757f5a27347b4c58e41030', 'sha1': '23979c6e2d26c9550e63356796116bc6948f5fab', 'sha256': '43aa78f4508c196a6b5e293bb457f77d7ff24e8fcac0938c3c72a9f4c2726f21'}, 'dob': {'date': '1956-08-12T10:19:11.000Z', 'age': 67}, 'registered': {'date': '2008-08-03T18:10:20.163Z', 'age': 15}, 'phone': '0085-2078886', 'cell': '0179-8410988', 'id': {'name': 'SVNR', 'value': '65 120856 B 306'}, 'picture': {'large': 'https://randomuser.me/api/portraits/men/67.jpg', 'medium': 'https://randomuser.me/api/portraits/med/men/67.jpg', 'thumbnail': 'https://randomuser.me/api/portraits/thumb/men/67.jpg'}, 'nat': 'DE'}</msg>
<arg>${json_data['results'][0]}</arg>
<doc>Logs the given message with the given level.</doc>
<status status="PASS" start="2024-05-16T03:17:57.922518" elapsed="0.000413"/>
</kw>
<kw name="Log" owner="BuiltIn">
<msg time="2024-05-16T03:17:57.923381" level="INFO">gender</msg>
<arg>${key}</arg>
<doc>Logs the given message with the given level.</doc>
<status status="PASS" start="2024-05-16T03:17:57.923251" elapsed="0.000167"/>
</kw>
<var name="${key}">gender</var>
<status status="PASS" start="2024-05-16T03:17:57.921650" elapsed="0.001982"/>
</iter>
<iter>
<kw name="Dictionary Should Contain Key" owner="Collections">
<msg time="2024-05-16T03:17:57.924318" level="INFO">False</msg>
<arg>${json_data['results'][0]}</arg>
<arg>${key}</arg>
<doc>Fails if ``key`` is not found from ``dictionary``.</doc>
<status status="PASS" start="2024-05-16T03:17:57.923937" elapsed="0.000417"/>
</kw>
<kw name="Log" owner="BuiltIn">
<msg time="2024-05-16T03:17:57.925035" level="INFO">{'gender': 'male', 'name': {'title': 'Mr', 'first': 'Andrey', 'last': 'Bäuerle'}, 'location': {'street': {'number': 9791, 'name': 'Wiesenweg'}, 'city': 'Wesselburen', 'state': 'Nordrhein-Westfalen', 'country': 'Germany', 'postcode': 79489, 'coordinates': {'latitude': '-53.5560', 'longitude': '-113.5160'}, 'timezone': {'offset': '-1:00', 'description': 'Azores, Cape Verde Islands'}}, 'email': 'andrey.bauerle@example.com', 'login': {'uuid': '016fff9c-ecef-4b4f-932b-635a1d840cdd', 'username': 'bluepeacock443', 'password': 'civic', 'salt': '6W37Sr01', 'md5': '7fb53c4f6a757f5a27347b4c58e41030', 'sha1': '23979c6e2d26c9550e63356796116bc6948f5fab', 'sha256': '43aa78f4508c196a6b5e293bb457f77d7ff24e8fcac0938c3c72a9f4c2726f21'}, 'dob': {'date': '1956-08-12T10:19:11.000Z', 'age': 67}, 'registered': {'date': '2008-08-03T18:10:20.163Z', 'age': 15}, 'phone': '0085-2078886', 'cell': '0179-8410988', 'id': {'name': 'SVNR', 'value': '65 120856 B 306'}, 'picture': {'large': 'https://randomuser.me/api/portraits/men/67.jpg', 'medium': 'https://randomuser.me/api/portraits/med/men/67.jpg', 'thumbnail': 'https://randomuser.me/api/portraits/thumb/men/67.jpg'}, 'nat': 'DE'}</msg>
<arg>${json_data['results'][0]}</arg>
<doc>Logs the given message with the given level.</doc>
<status status="PASS" start="2024-05-16T03:17:57.924677" elapsed="0.000408"/>
</kw>
<kw name="Log" owner="BuiltIn">
<msg time="2024-05-16T03:17:57.925509" level="INFO">name</msg>
<arg>${key}</arg>
<doc>Logs the given message with the given level.</doc>
<status status="PASS" start="2024-05-16T03:17:57.925384" elapsed="0.000163"/>
</kw>
<var name="${key}">name</var>
<status status="PASS" start="2024-05-16T03:17:57.923820" elapsed="0.001940"/>
</iter>
<iter>
<kw name="Dictionary Should Contain Key" owner="Collections">
<msg time="2024-05-16T03:17:57.926430" level="INFO">False</msg>
<arg>${json_data['results'][0]}</arg>
<arg>${key}</arg>
<doc>Fails if ``key`` is not found from ``dictionary``.</doc>
<status status="PASS" start="2024-05-16T03:17:57.926046" elapsed="0.000421"/>
</kw>
<kw name="Log" owner="BuiltIn">
<msg time="2024-05-16T03:17:57.927123" level="INFO">{'gender': 'male', 'name': {'title': 'Mr', 'first': 'Andrey', 'last': 'Bäuerle'}, 'location': {'street': {'number': 9791, 'name': 'Wiesenweg'}, 'city': 'Wesselburen', 'state': 'Nordrhein-Westfalen', 'country': 'Germany', 'postcode': 79489, 'coordinates': {'latitude': '-53.5560', 'longitude': '-113.5160'}, 'timezone': {'offset': '-1:00', 'description': 'Azores, Cape Verde Islands'}}, 'email': 'andrey.bauerle@example.com', 'login': {'uuid': '016fff9c-ecef-4b4f-932b-635a1d840cdd', 'username': 'bluepeacock443', 'password': 'civic', 'salt': '6W37Sr01', 'md5': '7fb53c4f6a757f5a27347b4c58e41030', 'sha1': '23979c6e2d26c9550e63356796116bc6948f5fab', 'sha256': '43aa78f4508c196a6b5e293bb457f77d7ff24e8fcac0938c3c72a9f4c2726f21'}, 'dob': {'date': '1956-08-12T10:19:11.000Z', 'age': 67}, 'registered': {'date': '2008-08-03T18:10:20.163Z', 'age': 15}, 'phone': '0085-2078886', 'cell': '0179-8410988', 'id': {'name': 'SVNR', 'value': '65 120856 B 306'}, 'picture': {'large': 'https://randomuser.me/api/portraits/men/67.jpg', 'medium': 'https://randomuser.me/api/portraits/med/men/67.jpg', 'thumbnail': 'https://randomuser.me/api/portraits/thumb/men/67.jpg'}, 'nat': 'DE'}</msg>
<arg>${json_data['results'][0]}</arg>
<doc>Logs the given message with the given level.</doc>
<status status="PASS" start="2024-05-16T03:17:57.926763" elapsed="0.000419"/>
</kw>
<kw name="Log" owner="BuiltIn">
<msg time="2024-05-16T03:17:57.927642" level="INFO">location</msg>
<arg>${key}</arg>
<doc>Logs the given message with the given level.</doc>
<status status="PASS" start="2024-05-16T03:17:57.927518" elapsed="0.000161"/>
</kw>
<var name="${key}">location</var>
<status status="PASS" start="2024-05-16T03:17:57.925935" elapsed="0.001958"/>
</iter>
<iter>
<kw name="Dictionary Should Contain Key" owner="Collections">
<msg time="2024-05-16T03:17:57.928547" level="INFO">False</msg>
<arg>${json_data['results'][0]}</arg>
<arg>${key}</arg>
<doc>Fails if ``key`` is not found from ``dictionary``.</doc>
<status status="PASS" start="2024-05-16T03:17:57.928172" elapsed="0.000411"/>
</kw>
<kw name="Log" owner="BuiltIn">
<msg time="2024-05-16T03:17:57.929234" level="INFO">{'gender': 'male', 'name': {'title': 'Mr', 'first': 'Andrey', 'last': 'Bäuerle'}, 'location': {'street': {'number': 9791, 'name': 'Wiesenweg'}, 'city': 'Wesselburen', 'state': 'Nordrhein-Westfalen', 'country': 'Germany', 'postcode': 79489, 'coordinates': {'latitude': '-53.5560', 'longitude': '-113.5160'}, 'timezone': {'offset': '-1:00', 'description': 'Azores, Cape Verde Islands'}}, 'email': 'andrey.bauerle@example.com', 'login': {'uuid': '016fff9c-ecef-4b4f-932b-635a1d840cdd', 'username': 'bluepeacock443', 'password': 'civic', 'salt': '6W37Sr01', 'md5': '7fb53c4f6a757f5a27347b4c58e41030', 'sha1': '23979c6e2d26c9550e63356796116bc6948f5fab', 'sha256': '43aa78f4508c196a6b5e293bb457f77d7ff24e8fcac0938c3c72a9f4c2726f21'}, 'dob': {'date': '1956-08-12T10:19:11.000Z', 'age': 67}, 'registered': {'date': '2008-08-03T18:10:20.163Z', 'age': 15}, 'phone': '0085-2078886', 'cell': '0179-8410988', 'id': {'name': 'SVNR', 'value': '65 120856 B 306'}, 'picture': {'large': 'https://randomuser.me/api/portraits/men/67.jpg', 'medium': 'https://randomuser.me/api/portraits/med/men/67.jpg', 'thumbnail': 'https://randomuser.me/api/portraits/thumb/men/67.jpg'}, 'nat': 'DE'}</msg>
<arg>${json_data['results'][0]}</arg>
<doc>Logs the given message with the given level.</doc>
<status status="PASS" start="2024-05-16T03:17:57.928878" elapsed="0.000414"/>
</kw>
<kw name="Log" owner="BuiltIn">
<msg time="2024-05-16T03:17:57.929709" level="INFO">email</msg>
<arg>${key}</arg>
<doc>Logs the given message with the given level.</doc>
<status status="PASS" start="2024-05-16T03:17:57.929584" elapsed="0.000160"/>
</kw>
<var name="${key}">email</var>
<status status="PASS" start="2024-05-16T03:17:57.928062" elapsed="0.001903"/>
</iter>
<iter>
<kw name="Dictionary Should Contain Key" owner="Collections">
<msg time="2024-05-16T03:17:57.930623" level="INFO">False</msg>
<arg>${json_data['results'][0]}</arg>
<arg>${key}</arg>
<doc>Fails if ``key`` is not found from ``dictionary``.</doc>
<status status="PASS" start="2024-05-16T03:17:57.930242" elapsed="0.000417"/>
</kw>
<kw name="Log" owner="BuiltIn">
<msg time="2024-05-16T03:17:57.931339" level="INFO">{'gender': 'male', 'name': {'title': 'Mr', 'first': 'Andrey', 'last': 'Bäuerle'}, 'location': {'street': {'number': 9791, 'name': 'Wiesenweg'}, 'city': 'Wesselburen', 'state': 'Nordrhein-Westfalen', 'country': 'Germany', 'postcode': 79489, 'coordinates': {'latitude': '-53.5560', 'longitude': '-113.5160'}, 'timezone': {'offset': '-1:00', 'description': 'Azores, Cape Verde Islands'}}, 'email': 'andrey.bauerle@example.com', 'login': {'uuid': '016fff9c-ecef-4b4f-932b-635a1d840cdd', 'username': 'bluepeacock443', 'password': 'civic', 'salt': '6W37Sr01', 'md5': '7fb53c4f6a757f5a27347b4c58e41030', 'sha1': '23979c6e2d26c9550e63356796116bc6948f5fab', 'sha256': '43aa78f4508c196a6b5e293bb457f77d7ff24e8fcac0938c3c72a9f4c2726f21'}, 'dob': {'date': '1956-08-12T10:19:11.000Z', 'age': 67}, 'registered': {'date': '2008-08-03T18:10:20.163Z', 'age': 15}, 'phone': '0085-2078886', 'cell': '0179-8410988', 'id': {'name': 'SVNR', 'value': '65 120856 B 306'}, 'picture': {'large': 'https://randomuser.me/api/portraits/men/67.jpg', 'medium': 'https://randomuser.me/api/portraits/med/men/67.jpg', 'thumbnail': 'https://randomuser.me/api/portraits/thumb/men/67.jpg'}, 'nat': 'DE'}</msg>
<arg>${json_data['results'][0]}</arg>
<doc>Logs the given message with the given level.</doc>
<status status="PASS" start="2024-05-16T03:17:57.930955" elapsed="0.000443"/>
</kw>
<kw name="Log" owner="BuiltIn">
<msg time="2024-05-16T03:17:57.931830" level="INFO">login</msg>
<arg>${key}</arg>
<doc>Logs the given message with the given level.</doc>
<status status="PASS" start="2024-05-16T03:17:57.931702" elapsed="0.000164"/>
</kw>
<var name="${key}">login</var>
<status status="PASS" start="2024-05-16T03:17:57.930132" elapsed="0.001980"/>
</iter>
<var>${key}</var>
<value>@{expected_keys}</value>
<status status="PASS" start="2024-05-16T03:17:57.921458" elapsed="0.010777"/>
</for>
<kw name="Create List" owner="BuiltIn">
<msg time="2024-05-16T03:17:57.932563" level="INFO">${expected_keysTwo} = ['username', 'password']</msg>
<var>${expected_keysTwo}</var>
<arg>username</arg>
<arg>password</arg>
<doc>Returns a list containing given items.</doc>
<status status="PASS" start="2024-05-16T03:17:57.932428" elapsed="0.000158"/>
</kw>
<for flavor="IN">
<iter>
<kw name="Dictionary Should Contain Key" owner="Collections">
<msg time="2024-05-16T03:17:57.933468" level="INFO">False</msg>
<arg>${json_data['results'][0]['login']}</arg>
<arg>${keyTwo}</arg>
<doc>Fails if ``key`` is not found from ``dictionary``.</doc>
<status status="PASS" start="2024-05-16T03:17:57.933084" elapsed="0.000421"/>
</kw>
<kw name="Dictionary Should Contain Key" owner="Collections">
<msg time="2024-05-16T03:17:57.934167" level="INFO">False</msg>
<arg>${json_data['results'][0]['login']}</arg>
<arg>${keyTwo}</arg>
<doc>Fails if ``key`` is not found from ``dictionary``.</doc>
<status status="PASS" start="2024-05-16T03:17:57.933799" elapsed="0.000405"/>
</kw>
<kw name="Log" owner="BuiltIn">
<msg time="2024-05-16T03:17:57.934618" level="INFO">username</msg>
<arg>${keyTwo}</arg>
<doc>Logs the given message with the given level.</doc>
<status status="PASS" start="2024-05-16T03:17:57.934493" elapsed="0.000167"/>
</kw>
<var name="${keyTwo}">username</var>
<status status="PASS" start="2024-05-16T03:17:57.932975" elapsed="0.001898"/>
</iter>
<iter>
<kw name="Dictionary Should Contain Key" owner="Collections">
<msg time="2024-05-16T03:17:57.935656" level="INFO">False</msg>
<arg>${json_data['results'][0]['login']}</arg>
<arg>${keyTwo}</arg>
<doc>Fails if ``key`` is not found from ``dictionary``.</doc>
<status status="PASS" start="2024-05-16T03:17:57.935152" elapsed="0.000546"/>
</kw>
<kw name="Dictionary Should Contain Key" owner="Collections">
<msg time="2024-05-16T03:17:57.936370" level="INFO">False</msg>
<arg>${json_data['results'][0]['login']}</arg>
<arg>${keyTwo}</arg>
<doc>Fails if ``key`` is not found from ``dictionary``.</doc>
<status status="PASS" start="2024-05-16T03:17:57.935995" elapsed="0.000412"/>
</kw>
<kw name="Log" owner="BuiltIn">
<msg time="2024-05-16T03:17:57.936822" level="INFO">password</msg>
<arg>${keyTwo}</arg>
<doc>Logs the given message with the given level.</doc>
<status status="PASS" start="2024-05-16T03:17:57.936697" elapsed="0.000160"/>
</kw>
<var name="${keyTwo}">password</var>
<status status="PASS" start="2024-05-16T03:17:57.935038" elapsed="0.002036"/>
</iter>
<var>${keyTwo}</var>
<value>@{expected_keysTwo}</value>
<status status="PASS" start="2024-05-16T03:17:57.932823" elapsed="0.004369"/>
</for>
<status status="PASS" start="2024-05-16T03:17:57.821089" elapsed="0.116242"/>
</kw>
<doc>Testa a estrutura da resposta da API.</doc>
<tag>testeEstruturaResposta</tag>
<status status="PASS" start="2024-05-16T03:17:57.820580" elapsed="0.116909"/>
</test>
<test id="s1-s1-t4" name="Validar tipos de dados" line="28">
<kw name="Teste de Tipos de Dados" owner="random-user-service">
<kw name="GET On Session" owner="RequestsLibrary">
<msg time="2024-05-16T03:17:58.022586" level="INFO">GET Request : url=https://randomuser.me/api 
 path_url=/api 
 headers={'User-Agent': 'python-requests/2.31.0', 'Accept-Encoding': 'gzip, deflate', 'Accept': '*/*', 'Connection': 'keep-alive'} 
 body=None 
 </msg>
<msg time="2024-05-16T03:17:58.022677" level="INFO">GET Response : url=https://randomuser.me/api 
 status=200, reason=OK 
 headers={'Date': 'Thu, 16 May 2024 03:17:58 GMT', 'Content-Type': 'application/json; charset=utf-8', 'Transfer-Encoding': 'chunked', 'Connection': 'keep-alive', 'X-Powered-By': 'Express', 'Access-Control-Allow-Origin': '*', 'Cache-Control': 'no-cache', 'ETag': 'W/"4ab-39Ozb8f8s9hrsuBTZ21X9kFaBhY"', 'Vary': 'Accept-Encoding', 'Content-Encoding': 'gzip', 'CF-Cache-Status': 'DYNAMIC', 'Report-To': '{"endpoints":[{"url":"https:\\/\\/a.nel.cloudflare.com\\/report\\/v4?s=loR3cwcF5tewcQ7DirVv0WwYOhmk%2BR408zE8EypOJVJ5Cp6hLYaLmOIssFbhmHv1%2BOQKsa%2FFyiLmHEXjDit3Ywb9YO%2FlN%2BxGBijb1BjYrCrQHPGlJv0JA20iERhRSvEw"}],"group":"cf-nel","max_age":604800}', 'NEL': '{"success_fraction":0,"report_to":"cf-nel","max_age":604800}', 'Server': 'cloudflare', 'CF-RAY': '884837bd2fc38f28-IAD', 'alt-svc': 'h3=":443"; ma=86400'} 
 body={"results":[{"gender":"female","name":{"title":"Ms","first":"Pinja","last":"Korhonen"},"location":{"street":{"number":2584,"name":"Mechelininkatu"},"city":"Rautjärvi","state":"Central Ostrobothnia","country":"Finland","postcode":89871,"coordinates":{"latitude":"-21.6151","longitude":"165.3578"},"timezone":{"offset":"+8:00","description":"Beijing, Perth, Singapore, Hong Kong"}},"email":"pinja.korhonen@example.com","login":{"uuid":"c5cd46b1-eb6f-44de-90ea-c7d02583b19a","username":"redpeacock497","password":"tazz","salt":"Uz0qZ4wd","md5":"9f844095f4857fe8d3441e9251bab8b7","sha1":"75d52010d0b692e812aedda4795b782340dbed96","sha256":"ab327cefcd864a55f833a022287daa8a63633302473a959f78d3965d10785944"},"dob":{"date":"1993-05-16T11:00:02.559Z","age":30},"registered":{"date":"2002-07-15T14:03:12.941Z","age":21},"phone":"04-526-056","cell":"043-245-58-96","id":{"name":"HETU","value":"NaNNA250undefined"},"picture":{"large":"https://randomuser.me/api/portraits/women/16.jpg","medium":"https://randomuser.me/api/portraits/med/women/16.jpg","thumbnail":"https://randomuser.me/api/portraits/thumb/women/16.jpg"},"nat":"FI"}],"info":{"seed":"52b500ac1fe819bf","results":1,"page":1,"version":"1.4"}} 
 </msg>
<msg time="2024-05-16T03:17:58.022758" level="INFO">/opt/hostedtoolcache/Python/3.12.3/x64/lib/python3.12/site-packages/urllib3/connectionpool.py:1103: InsecureRequestWarning: Unverified HTTPS request is being made to host 'randomuser.me'. Adding certificate verification is strongly advised. See: https://urllib3.readthedocs.io/en/latest/advanced-usage.html#tls-warnings
  warnings.warn(</msg>
<msg time="2024-05-16T03:17:58.022856" level="INFO">${response} = &lt;Response [200]&gt;</msg>
<var>${response}</var>
<arg>consultarAPI</arg>
<arg>/api</arg>
<doc>Sends a GET request on a previously created HTTP Session.</doc>
<status status="PASS" start="2024-05-16T03:17:57.939953" elapsed="0.082928"/>
</kw>
<kw name="Set Variable" owner="BuiltIn">
<msg time="2024-05-16T03:17:58.023880" level="INFO">${json_data} = {'results': [{'gender': 'female', 'name': {'title': 'Ms', 'first': 'Pinja', 'last': 'Korhonen'}, 'location': {'street': {'number': 2584, 'name': 'Mechelininkatu'}, 'city': 'Rautjärvi', 'state': 'Centr...</msg>
<var>${json_data}</var>
<arg>${response.json()}</arg>
<doc>Returns the given values which can then be assigned to a variables.</doc>
<status status="PASS" start="2024-05-16T03:17:58.023374" elapsed="0.000538"/>
</kw>
<kw name="Log" owner="BuiltIn">
<msg time="2024-05-16T03:17:58.024392" level="INFO">{'results': [{'gender': 'female', 'name': {'title': 'Ms', 'first': 'Pinja', 'last': 'Korhonen'}, 'location': {'street': {'number': 2584, 'name': 'Mechelininkatu'}, 'city': 'Rautjärvi', 'state': 'Central Ostrobothnia', 'country': 'Finland', 'postcode': 89871, 'coordinates': {'latitude': '-21.6151', 'longitude': '165.3578'}, 'timezone': {'offset': '+8:00', 'description': 'Beijing, Perth, Singapore, Hong Kong'}}, 'email': 'pinja.korhonen@example.com', 'login': {'uuid': 'c5cd46b1-eb6f-44de-90ea-c7d02583b19a', 'username': 'redpeacock497', 'password': 'tazz', 'salt': 'Uz0qZ4wd', 'md5': '9f844095f4857fe8d3441e9251bab8b7', 'sha1': '75d52010d0b692e812aedda4795b782340dbed96', 'sha256': 'ab327cefcd864a55f833a022287daa8a63633302473a959f78d3965d10785944'}, 'dob': {'date': '1993-05-16T11:00:02.559Z', 'age': 30}, 'registered': {'date': '2002-07-15T14:03:12.941Z', 'age': 21}, 'phone': '04-526-056', 'cell': '043-245-58-96', 'id': {'name': 'HETU', 'value': 'NaNNA250undefined'}, 'picture': {'large': 'https://randomuser.me/api/portraits/women/16.jpg', 'medium': 'https://randomuser.me/api/portraits/med/women/16.jpg', 'thumbnail': 'https://randomuser.me/api/portraits/thumb/women/16.jpg'}, 'nat': 'FI'}], 'info': {'seed': '52b500ac1fe819bf', 'results': 1, 'page': 1, 'version': '1.4'}}</msg>
<arg>${json_data}</arg>
<doc>Logs the given message with the given level.</doc>
<status status="PASS" start="2024-05-16T03:17:58.024233" elapsed="0.000255"/>
</kw>
<kw name="Should Be String" owner="String">
<arg>${json_data['results'][0]['gender']}</arg>
<doc>Fails if the given ``item`` is not a string.</doc>
<status status="PASS" start="2024-05-16T03:17:58.024794" elapsed="0.000367"/>
</kw>
<kw name="Should Match Regexp" owner="BuiltIn">
<arg>${json_data['results'][0]['email']}</arg>
<arg>^[a-zA-Z0-9._%+-]+@[a-zA-Z0-9.-]+\.[a-zA-Z]{2,}$</arg>
<doc>Fails if ``string`` does not match ``pattern`` as a regular expression.</doc>
<status status="PASS" start="2024-05-16T03:17:58.025356" elapsed="0.000512"/>
</kw>
<kw name="Should Match Regexp" owner="BuiltIn">
<arg>${json_data['results'][0]['dob']['date']}</arg>
<arg>\\d{4}-\\d{2}-\\d{2}T\\d{2}:\\d{2}:\\d{2}\\.\\d{3}Z</arg>
<doc>Fails if ``string`` does not match ``pattern`` as a regular expression.</doc>
<status status="PASS" start="2024-05-16T03:17:58.026064" elapsed="0.000489"/>
</kw>
<kw name="Should Match Regexp" owner="BuiltIn">
<arg>${json_data['results'][0]['registered']['date']}</arg>
<arg>\\d{4}-\\d{2}-\\d{2}T\\d{2}:\\d{2}:\\d{2}\\.\\d{3}Z</arg>
<doc>Fails if ``string`` does not match ``pattern`` as a regular expression.</doc>
<status status="PASS" start="2024-05-16T03:17:58.026744" elapsed="0.000358"/>
</kw>
<kw name="Should Match Regexp" owner="BuiltIn">
<arg>${json_data['results'][0]['picture']['large']}</arg>
<arg>^https?://.*\.(?:png|jpe?g|gif|bmp)$</arg>
<doc>Fails if ``string`` does not match ``pattern`` as a regular expression.</doc>
<status status="PASS" start="2024-05-16T03:17:58.027324" elapsed="0.000456"/>
</kw>
<kw name="Should Match Regexp" owner="BuiltIn">
<arg>${json_data['results'][0]['picture']['medium']}</arg>
<arg>^https?://.*\.(?:png|jpe?g|gif|bmp)$</arg>
<doc>Fails if ``string`` does not match ``pattern`` as a regular expression.</doc>
<status status="PASS" start="2024-05-16T03:17:58.027968" elapsed="0.000351"/>
</kw>
<kw name="Should Match Regexp" owner="BuiltIn">
<arg>${json_data['results'][0]['picture']['thumbnail']}</arg>
<arg>^https?://.*\.(?:png|jpe?g|gif|bmp)$</arg>
<doc>Fails if ``string`` does not match ``pattern`` as a regular expression.</doc>
<status status="PASS" start="2024-05-16T03:17:58.028508" elapsed="0.000344"/>
</kw>
<kw name="Log" owner="BuiltIn">
<msg time="2024-05-16T03:17:58.029355" level="INFO">{'large': 'https://randomuser.me/api/portraits/women/16.jpg', 'medium': 'https://randomuser.me/api/portraits/med/women/16.jpg', 'thumbnail': 'https://randomuser.me/api/portraits/thumb/women/16.jpg'}</msg>
<arg>${json_data['results'][0]['picture']}</arg>
<doc>Logs the given message with the given level.</doc>
<status status="PASS" start="2024-05-16T03:17:58.029038" elapsed="0.000359"/>
</kw>
<status status="PASS" start="2024-05-16T03:17:57.939724" elapsed="0.089931"/>
</kw>
<kw name="Teste de Tipos de Dados - Postcode" owner="random-user-service">
<kw name="GET On Session" owner="RequestsLibrary">
<msg time="2024-05-16T03:17:58.119922" level="INFO">GET Request : url=https://randomuser.me/api 
 path_url=/api 
 headers={'User-Agent': 'python-requests/2.31.0', 'Accept-Encoding': 'gzip, deflate', 'Accept': '*/*', 'Connection': 'keep-alive'} 
 body=None 
 </msg>
<msg time="2024-05-16T03:17:58.120023" level="INFO">GET Response : url=https://randomuser.me/api 
 status=200, reason=OK 
 headers={'Date': 'Thu, 16 May 2024 03:17:58 GMT', 'Content-Type': 'application/json; charset=utf-8', 'Transfer-Encoding': 'chunked', 'Connection': 'keep-alive', 'X-Powered-By': 'Express', 'Access-Control-Allow-Origin': '*', 'Cache-Control': 'no-cache', 'ETag': 'W/"498-cuatBaw9FeQI9oHiWLnxL8OVEho"', 'Vary': 'Accept-Encoding', 'Content-Encoding': 'gzip', 'CF-Cache-Status': 'DYNAMIC', 'Report-To': '{"endpoints":[{"url":"https:\\/\\/a.nel.cloudflare.com\\/report\\/v4?s=FS9hWUfs1ch3BD14t%2BU8ViQmzDfeg4U1WKCMFgaETzK5WDtajD9Q11IRu9tloE%2BHsRWV6Gk1ZJbIBAG3QYY6Pljn86vCmQ2Q5xIFYHzOx33V%2FlDxIBN3cqOsZQL6imfK"}],"group":"cf-nel","max_age":604800}', 'NEL': '{"success_fraction":0,"report_to":"cf-nel","max_age":604800}', 'Server': 'cloudflare', 'CF-RAY': '884837bdb86c8f28-IAD', 'alt-svc': 'h3=":443"; ma=86400'} 
 body={"results":[{"gender":"female","name":{"title":"Miss","first":"Rosemarie","last":"Bochmann"},"location":{"street":{"number":6851,"name":"Mittelstraße"},"city":"Eichsfeld","state":"Nordrhein-Westfalen","country":"Germany","postcode":72089,"coordinates":{"latitude":"-50.9506","longitude":"176.9199"},"timezone":{"offset":"-9:00","description":"Alaska"}},"email":"rosemarie.bochmann@example.com","login":{"uuid":"d012aa39-bd3d-4514-bc90-7e4d290f213e","username":"angryladybug935","password":"martinez","salt":"2oZwfrmU","md5":"966435765efc85c046c8b70b7e07629d","sha1":"ff57e220c5a31fe13a1a9c034e4d60ac8ee1bca7","sha256":"5779afc3310b10b01f1ffe2531da096684a48fe15f63fd7524371562d5a9fc1b"},"dob":{"date":"1958-12-31T07:57:59.404Z","age":65},"registered":{"date":"2019-07-07T19:04:25.505Z","age":4},"phone":"0609-1019926","cell":"0178-1415801","id":{"name":"SVNR","value":"15 311258 B 742"},"picture":{"large":"https://randomuser.me/api/portraits/women/14.jpg","medium":"https://randomuser.me/api/portraits/med/women/14.jpg","thumbnail":"https://randomuser.me/api/portraits/thumb/women/14.jpg"},"nat":"DE"}],"info":{"seed":"60e56cbffa246092","results":1,"page":1,"version":"1.4"}} 
 </msg>
<msg time="2024-05-16T03:17:58.120097" level="INFO">/opt/hostedtoolcache/Python/3.12.3/x64/lib/python3.12/site-packages/urllib3/connectionpool.py:1103: InsecureRequestWarning: Unverified HTTPS request is being made to host 'randomuser.me'. Adding certificate verification is strongly advised. See: https://urllib3.readthedocs.io/en/latest/advanced-usage.html#tls-warnings
  warnings.warn(</msg>
<msg time="2024-05-16T03:17:58.120214" level="INFO">${response} = &lt;Response [200]&gt;</msg>
<var>${response}</var>
<arg>consultarAPI</arg>
<arg>/api</arg>
<doc>Sends a GET request on a previously created HTTP Session.</doc>
<status status="PASS" start="2024-05-16T03:17:58.030099" elapsed="0.090142"/>
</kw>
<kw name="Set Variable" owner="BuiltIn">
<msg time="2024-05-16T03:17:58.121333" level="INFO">${json_data} = {'results': [{'gender': 'female', 'name': {'title': 'Miss', 'first': 'Rosemarie', 'last': 'Bochmann'}, 'location': {'street': {'number': 6851, 'name': 'Mittelstraße'}, 'city': 'Eichsfeld', 'state': 'N...</msg>
<var>${json_data}</var>
<arg>${response.json()}</arg>
<doc>Returns the given values which can then be assigned to a variables.</doc>
<status status="PASS" start="2024-05-16T03:17:58.120807" elapsed="0.000556"/>
</kw>
<kw name="Log" owner="BuiltIn">
<msg time="2024-05-16T03:17:58.121832" level="INFO">{'results': [{'gender': 'female', 'name': {'title': 'Miss', 'first': 'Rosemarie', 'last': 'Bochmann'}, 'location': {'street': {'number': 6851, 'name': 'Mittelstraße'}, 'city': 'Eichsfeld', 'state': 'Nordrhein-Westfalen', 'country': 'Germany', 'postcode': 72089, 'coordinates': {'latitude': '-50.9506', 'longitude': '176.9199'}, 'timezone': {'offset': '-9:00', 'description': 'Alaska'}}, 'email': 'rosemarie.bochmann@example.com', 'login': {'uuid': 'd012aa39-bd3d-4514-bc90-7e4d290f213e', 'username': 'angryladybug935', 'password': 'martinez', 'salt': '2oZwfrmU', 'md5': '966435765efc85c046c8b70b7e07629d', 'sha1': 'ff57e220c5a31fe13a1a9c034e4d60ac8ee1bca7', 'sha256': '5779afc3310b10b01f1ffe2531da096684a48fe15f63fd7524371562d5a9fc1b'}, 'dob': {'date': '1958-12-31T07:57:59.404Z', 'age': 65}, 'registered': {'date': '2019-07-07T19:04:25.505Z', 'age': 4}, 'phone': '0609-1019926', 'cell': '0178-1415801', 'id': {'name': 'SVNR', 'value': '15 311258 B 742'}, 'picture': {'large': 'https://randomuser.me/api/portraits/women/14.jpg', 'medium': 'https://randomuser.me/api/portraits/med/women/14.jpg', 'thumbnail': 'https://randomuser.me/api/portraits/thumb/women/14.jpg'}, 'nat': 'DE'}], 'info': {'seed': '60e56cbffa246092', 'results': 1, 'page': 1, 'version': '1.4'}}</msg>
<arg>${json_data}</arg>
<doc>Logs the given message with the given level.</doc>
<status status="PASS" start="2024-05-16T03:17:58.121675" elapsed="0.000242"/>
</kw>
<kw name="Should Be Equal As Numbers" owner="BuiltIn">
<arg>${json_data['results'][0]['location']['postcode']}</arg>
<arg>${json_data['results'][0]['location']['postcode']}</arg>
<doc>Fails if objects are unequal after converting them to real numbers.</doc>
<status status="PASS" start="2024-05-16T03:17:58.122399" elapsed="0.000641"/>
</kw>
<kw name="Log" owner="BuiltIn">
<msg time="2024-05-16T03:17:58.123630" level="INFO">72089</msg>
<arg>${json_data['results'][0]['location']['postcode']}</arg>
<doc>Logs the given message with the given level.</doc>
<status status="PASS" start="2024-05-16T03:17:58.123279" elapsed="0.000390"/>
</kw>
<status status="PASS" start="2024-05-16T03:17:58.029875" elapsed="0.094050"/>
</kw>
<doc>Testa se os tipos de dados na resposta da API estão corretos.</doc>
<tag>testeTiposDados</tag>
<status status="PASS" start="2024-05-16T03:17:57.939263" elapsed="0.184830"/>
</test>
<test id="s1-s1-t5" name="Validar conteudo" line="35">
<kw name="Teste de Tipos de Conteudo" owner="random-user-service">
<kw name="GET On Session" owner="RequestsLibrary">
<msg time="2024-05-16T03:17:58.218750" level="INFO">GET Request : url=https://randomuser.me/api 
 path_url=/api 
 headers={'User-Agent': 'python-requests/2.31.0', 'Accept-Encoding': 'gzip, deflate', 'Accept': '*/*', 'Connection': 'keep-alive'} 
 body=None 
 </msg>
<msg time="2024-05-16T03:17:58.218855" level="INFO">GET Response : url=https://randomuser.me/api 
 status=200, reason=OK 
 headers={'Date': 'Thu, 16 May 2024 03:17:58 GMT', 'Content-Type': 'application/json; charset=utf-8', 'Transfer-Encoding': 'chunked', 'Connection': 'keep-alive', 'X-Powered-By': 'Express', 'Access-Control-Allow-Origin': '*', 'Cache-Control': 'no-cache', 'ETag': 'W/"47f-WMGBxdXvcl+BbZ91c40bODd3BDU"', 'Vary': 'Accept-Encoding', 'Content-Encoding': 'gzip', 'CF-Cache-Status': 'DYNAMIC', 'Report-To': '{"endpoints":[{"url":"https:\\/\\/a.nel.cloudflare.com\\/report\\/v4?s=eqwmkFscFOJJ17SawGVUiMIGf2wWHlwWPPOXhWkWPoTPN12TcV8ehVWmCM5vpliV4%2Bu7%2FUfz9d4aZ1%2F7jZGqREAJYSpdCMXQsnuevg92k%2B4%2F0j%2BVqs5SOG96%2BD1tE6%2FR"}],"group":"cf-nel","max_age":604800}', 'NEL': '{"success_fraction":0,"report_to":"cf-nel","max_age":604800}', 'Server': 'cloudflare', 'CF-RAY': '884837be49538f28-IAD', 'alt-svc': 'h3=":443"; ma=86400'} 
 body={"results":[{"gender":"female","name":{"title":"Miss","first":"Oda","last":"Görgen"},"location":{"street":{"number":9947,"name":"Lessingstraße"},"city":"Pforzheim","state":"Berlin","country":"Germany","postcode":82233,"coordinates":{"latitude":"-50.7050","longitude":"99.6272"},"timezone":{"offset":"+5:45","description":"Kathmandu"}},"email":"oda.gorgen@example.com","login":{"uuid":"c42cf9a2-ce76-4fee-bb38-387a80ca3059","username":"orangeelephant584","password":"claire","salt":"3Ez9568R","md5":"868482073a5aa54973994a96407717c4","sha1":"95245c9d541557d77857f6a8c6318ffed0f41fb0","sha256":"a8c9260f784b6ea740a59a5f0aa7d60bf2e7c980f412e93ff34f9ef535427b79"},"dob":{"date":"1969-12-14T09:07:32.942Z","age":54},"registered":{"date":"2015-11-05T04:10:56.201Z","age":8},"phone":"0086-2035509","cell":"0171-9631958","id":{"name":"SVNR","value":"26 141269 G 503"},"picture":{"large":"https://randomuser.me/api/portraits/women/50.jpg","medium":"https://randomuser.me/api/portraits/med/women/50.jpg","thumbnail":"https://randomuser.me/api/portraits/thumb/women/50.jpg"},"nat":"DE"}],"info":{"seed":"31a59248e15eb861","results":1,"page":1,"version":"1.4"}} 
 </msg>
<msg time="2024-05-16T03:17:58.218937" level="INFO">/opt/hostedtoolcache/Python/3.12.3/x64/lib/python3.12/site-packages/urllib3/connectionpool.py:1103: InsecureRequestWarning: Unverified HTTPS request is being made to host 'randomuser.me'. Adding certificate verification is strongly advised. See: https://urllib3.readthedocs.io/en/latest/advanced-usage.html#tls-warnings
  warnings.warn(</msg>
<msg time="2024-05-16T03:17:58.219066" level="INFO">${response} = &lt;Response [200]&gt;</msg>
<var>${response}</var>
<arg>consultarAPI</arg>
<arg>/api</arg>
<doc>Sends a GET request on a previously created HTTP Session.</doc>
<status status="PASS" start="2024-05-16T03:17:58.126547" elapsed="0.092558"/>
</kw>
<kw name="Set Variable" owner="BuiltIn">
<msg time="2024-05-16T03:17:58.220137" level="INFO">${json_data} = {'results': [{'gender': 'female', 'name': {'title': 'Miss', 'first': 'Oda', 'last': 'Görgen'}, 'location': {'street': {'number': 9947, 'name': 'Lessingstraße'}, 'city': 'Pforzheim', 'state': 'Berlin',...</msg>
<var>${json_data}</var>
<arg>${response.json()}</arg>
<doc>Returns the given values which can then be assigned to a variables.</doc>
<status status="PASS" start="2024-05-16T03:17:58.219632" elapsed="0.000536"/>
</kw>
<kw name="Set Variable" owner="BuiltIn">
<msg time="2024-05-16T03:17:58.220872" level="INFO">${name_title} = Miss</msg>
<var>${name_title}</var>
<arg>${json_data["results"][0]["name"]["title"]}</arg>
<doc>Returns the given values which can then be assigned to a variables.</doc>
<status status="PASS" start="2024-05-16T03:17:58.220479" elapsed="0.000419"/>
</kw>
<kw name="Create List" owner="BuiltIn">
<msg time="2024-05-16T03:17:58.221348" level="INFO">${allowed_titles} = ['Mr', 'Ms', 'Miss', 'Mrs', 'Madame', 'Monsieur']</msg>
<var>${allowed_titles}</var>
<arg>Mr</arg>
<arg>Ms</arg>
<arg>Miss</arg>
<arg>Mrs</arg>
<arg>Madame</arg>
<arg>Monsieur</arg>
<doc>Returns a list containing given items.</doc>
<status status="PASS" start="2024-05-16T03:17:58.221200" elapsed="0.000172"/>
</kw>
<kw name="List Should Contain Value" owner="Collections">
<msg time="2024-05-16T03:17:58.221840" level="INFO">False</msg>
<arg>${allowed_titles}</arg>
<arg>${name_title}</arg>
<doc>Fails if the ``value`` is not found from ``list``.</doc>
<status status="PASS" start="2024-05-16T03:17:58.221670" elapsed="0.000207"/>
</kw>
<kw name="Set Variable" owner="BuiltIn">
<msg time="2024-05-16T03:17:58.222543" level="INFO">${name_country} = DE</msg>
<var>${name_country}</var>
<arg>${json_data["results"][0]["nat"]}</arg>
<doc>Returns the given values which can then be assigned to a variables.</doc>
<status status="PASS" start="2024-05-16T03:17:58.222168" elapsed="0.000400"/>
</kw>
<kw name="Create List" owner="BuiltIn">
<msg time="2024-05-16T03:17:58.223517" level="INFO">${list_country} = ['AD', 'AE', 'AF', 'AG', 'AI', 'AL', 'AM', 'AO', 'AQ', 'AR', 'AS', 'AT', 'AU', 'AW', 'AX', 'AZ', 'BA', 'BB', 'BD', 'BE', 'BF', 'BG', 'BH', 'BI', 'BJ', 'BL', 'BM', 'BN', 'BO', 'BQ', 'BR', 'BS', 'BT', '...</msg>
<var>${list_country}</var>
<arg>AD</arg>
<arg>AE</arg>
<arg>AF</arg>
<arg>AG</arg>
<arg>AI</arg>
<arg>AL</arg>
<arg>AM</arg>
<arg>AO</arg>
<arg>AQ</arg>
<arg>AR</arg>
<arg>AS</arg>
<arg>AT</arg>
<arg>AU</arg>
<arg>AW</arg>
<arg>AX</arg>
<arg>AZ</arg>
<arg>BA</arg>
<arg>BB</arg>
<arg>BD</arg>
<arg>BE</arg>
<arg>BF</arg>
<arg>BG</arg>
<arg>BH</arg>
<arg>BI</arg>
<arg>BJ</arg>
<arg>BL</arg>
<arg>BM</arg>
<arg>BN</arg>
<arg>BO</arg>
<arg>BQ</arg>
<arg>BR</arg>
<arg>BS</arg>
<arg>BT</arg>
<arg>BV</arg>
<arg>BW</arg>
<arg>BY</arg>
<arg>BZ</arg>
<arg>CA</arg>
<arg>CC</arg>
<arg>CD</arg>
<arg>CF</arg>
<arg>CG</arg>
<arg>CH</arg>
<arg>CI</arg>
<arg>CK</arg>
<arg>CL</arg>
<arg>CM</arg>
<arg>CN</arg>
<arg>CO</arg>
<arg>CR</arg>
<arg>CU</arg>
<arg>CV</arg>
<arg>CW</arg>
<arg>CX</arg>
<arg>CY</arg>
<arg>CZ</arg>
<arg>DE</arg>
<arg>DJ</arg>
<arg>DK</arg>
<arg>DM</arg>
<arg>DO</arg>
<arg>DZ</arg>
<arg>EC</arg>
<arg>EE</arg>
<arg>EG</arg>
<arg>EH</arg>
<arg>ER</arg>
<arg>ES</arg>
<arg>ET</arg>
<arg>FI</arg>
<arg>FJ</arg>
<arg>FK</arg>
<arg>FM</arg>
<arg>FO</arg>
<arg>FR</arg>
<arg>GA</arg>
<arg>GB</arg>
<arg>GD</arg>
<arg>GE</arg>
<arg>GF</arg>
<arg>GG</arg>
<arg>GH</arg>
<arg>GI</arg>
<arg>GL</arg>
<arg>GM</arg>
<arg>GN</arg>
<arg>GP</arg>
<arg>GQ</arg>
<arg>GR</arg>
<arg>GS</arg>
<arg>GT</arg>
<arg>GU</arg>
<arg>GW</arg>
<arg>GY</arg>
<arg>HK</arg>
<arg>HM</arg>
<arg>HN</arg>
<arg>HR</arg>
<arg>HT</arg>
<arg>HU</arg>
<arg>ID</arg>
<arg>IE</arg>
<arg>IL</arg>
<arg>IM</arg>
<arg>IN</arg>
<arg>IO</arg>
<arg>IQ</arg>
<arg>IR</arg>
<arg>IS</arg>
<arg>IT</arg>
<arg>JE</arg>
<arg>JM</arg>
<arg>JO</arg>
<arg>JP</arg>
<arg>KE</arg>
<arg>KG</arg>
<arg>KH</arg>
<arg>KI</arg>
<arg>KM</arg>
<arg>KN</arg>
<arg>KP</arg>
<arg>KR</arg>
<arg>KW</arg>
<arg>KY</arg>
<arg>KZ</arg>
<arg>LA</arg>
<arg>LB</arg>
<arg>LC</arg>
<arg>LI</arg>
<arg>LK</arg>
<arg>LR</arg>
<arg>LS</arg>
<arg>LT</arg>
<arg>LU</arg>
<arg>LV</arg>
<arg>LY</arg>
<arg>MA</arg>
<arg>MC</arg>
<arg>MD</arg>
<arg>ME</arg>
<arg>MF</arg>
<arg>MG</arg>
<arg>MH</arg>
<arg>MK</arg>
<arg>ML</arg>
<arg>MM</arg>
<arg>MN</arg>
<arg>MO</arg>
<arg>MP</arg>
<arg>MQ</arg>
<arg>MR</arg>
<arg>MS</arg>
<arg>MT</arg>
<arg>MU</arg>
<arg>MV</arg>
<arg>MW</arg>
<arg>MX</arg>
<arg>MY</arg>
<arg>MZ</arg>
<arg>NA</arg>
<arg>NC</arg>
<arg>NE</arg>
<arg>NF</arg>
<arg>NG</arg>
<arg>NI</arg>
<arg>NL</arg>
<arg>NO</arg>
<arg>NP</arg>
<arg>NR</arg>
<arg>NU</arg>
<arg>NZ</arg>
<arg>OM</arg>
<arg>PA</arg>
<arg>PE</arg>
<arg>PF</arg>
<arg>PG</arg>
<arg>PH</arg>
<arg>PK</arg>
<arg>PL</arg>
<arg>PM</arg>
<arg>PN</arg>
<arg>PR</arg>
<arg>PS</arg>
<arg>PT</arg>
<arg>PW</arg>
<arg>PY</arg>
<arg>QA</arg>
<arg>RE</arg>
<arg>RO</arg>
<arg>RS</arg>
<arg>RU</arg>
<arg>RW</arg>
<arg>SA</arg>
<arg>SB</arg>
<arg>SC</arg>
<arg>SD</arg>
<arg>SE</arg>
<arg>SG</arg>
<arg>SH</arg>
<arg>SI</arg>
<arg>SJ</arg>
<arg>SK</arg>
<arg>SL</arg>
<arg>SM</arg>
<arg>SN</arg>
<arg>SO</arg>
<arg>SR</arg>
<arg>SS</arg>
<arg>ST</arg>
<arg>SV</arg>
<arg>SX</arg>
<arg>SY</arg>
<arg>SZ</arg>
<arg>TC</arg>
<arg>TD</arg>
<arg>TF</arg>
<arg>TG</arg>
<arg>TH</arg>
<arg>TJ</arg>
<arg>TK</arg>
<arg>TL</arg>
<arg>TM</arg>
<arg>TN</arg>
<arg>TO</arg>
<arg>TR</arg>
<arg>TT</arg>
<arg>TV</arg>
<arg>TW</arg>
<arg>TZ</arg>
<arg>UA</arg>
<arg>UG</arg>
<arg>UM</arg>
<arg>US</arg>
<arg>UY</arg>
<arg>UZ</arg>
<arg>VA</arg>
<arg>VC</arg>
<arg>VE</arg>
<arg>VG</arg>
<arg>VI</arg>
<arg>VN</arg>
<arg>VU</arg>
<arg>WF</arg>
<arg>WS</arg>
<arg>XK</arg>
<arg>YE</arg>
<arg>YT</arg>
<arg>ZA</arg>
<arg>ZM</arg>
<arg>ZW</arg>
<doc>Returns a list containing given items.</doc>
<status status="PASS" start="2024-05-16T03:17:58.222870" elapsed="0.000674"/>
</kw>
<kw name="List Should Contain Value" owner="Collections">
<msg time="2024-05-16T03:17:58.224534" level="INFO">False</msg>
<arg>${list_country}</arg>
<arg>${name_country}</arg>
<doc>Fails if the ``value`` is not found from ``list``.</doc>
<status status="PASS" start="2024-05-16T03:17:58.224332" elapsed="0.000237"/>
</kw>
<kw name="Run Keyword If" owner="BuiltIn">
<kw name="Should Be True" owner="BuiltIn">
<arg>${True}</arg>
<doc>Fails if the given condition is not true.</doc>
<status status="PASS" start="2024-05-16T03:17:58.225634" elapsed="0.000262"/>
</kw>
<arg>${json_data["results"][0]["location"]["coordinates"]["latitude"]} &gt;= -90 and ${json_data["results"][0]["location"]["coordinates"]["latitude"]} &lt;= 90</arg>
<arg>Should Be True</arg>
<arg>${True}</arg>
<doc>Runs the given keyword with the given arguments, if ``condition`` is true.</doc>
<status status="PASS" start="2024-05-16T03:17:58.224883" elapsed="0.001144"/>
</kw>
<kw name="Run Keyword If" owner="BuiltIn">
<kw name="Should Be True" owner="BuiltIn">
<arg>${True}</arg>
<doc>Fails if the given condition is not true.</doc>
<status status="PASS" start="2024-05-16T03:17:58.226925" elapsed="0.000139"/>
</kw>
<arg>${json_data["results"][0]["location"]["coordinates"]["longitude"]} &gt;= -180 and ${json_data["results"][0]["location"]["coordinates"]["longitude"]} &lt;= 180</arg>
<arg>Should Be True</arg>
<arg>${True}</arg>
<doc>Runs the given keyword with the given arguments, if ``condition`` is true.</doc>
<status status="PASS" start="2024-05-16T03:17:58.226217" elapsed="0.000998"/>
</kw>
<status status="PASS" start="2024-05-16T03:17:58.126285" elapsed="0.101082"/>
</kw>
<doc>Testa o conteúdo específico dos campos retornados pela API.</doc>
<tag>testeConteudo</tag>
<status status="PASS" start="2024-05-16T03:17:58.125825" elapsed="0.101696"/>
</test>
<status status="PASS" start="2024-05-16T03:17:57.333784" elapsed="0.895699"/>
</suite>
<status status="PASS" start="2024-05-16T03:17:57.320440" elapsed="0.914367"/>
</suite>
<statistics>
<total>
<stat pass="5" fail="0" skip="0">All Tests</stat>
</total>
<tag>
<stat pass="1" fail="0" skip="0">testeConteudo</stat>
<stat pass="1" fail="0" skip="0">testeEstruturaResposta</stat>
<stat pass="1" fail="0" skip="0">testeRequisicaoBasica</stat>
<stat pass="1" fail="0" skip="0">testeTiposDados</stat>
</tag>
<suite>
<stat pass="5" fail="0" skip="0" id="s1" name="Tests">Tests</stat>
<stat pass="5" fail="0" skip="0" id="s1-s1" name="Random-User-Test">Tests.Random-User-Test</stat>
</suite>
</statistics>
<errors>
</errors>
</robot>
