<?xml version="1.0" encoding="UTF-8"?>
<robot generator="Robot 7.0.1 (Python 3.12.4 on linux)" generated="2024-06-29T04:19:03.213783" rpa="false" schemaversion="5">
<suite id="s1" name="Tests" source="/home/runner/work/ApiRandomUser/ApiRandomUser/RamdonUser/tests">
<suite id="s1-s1" name="Random-User-Test" source="/home/runner/work/ApiRandomUser/ApiRandomUser/RamdonUser/tests/random-user-test.robot">
<test id="s1-s1-t1" name="Conectar" line="13">
<kw name="Conectar API" owner="random-user-service">
<kw name="Create Session" owner="RequestsLibrary">
<msg time="2024-06-29T04:19:03.632053" level="INFO">Creating Session using : alias=consultarAPI, url=https://randomuser.me/, headers={},                     cookies={}, auth=None, timeout=None, proxies=None, verify=False,                     debug=0 </msg>
<arg>consultarAPI</arg>
<arg>${URL}</arg>
<doc>Create Session: create a HTTP session to a server</doc>
<status status="PASS" start="2024-06-29T04:19:03.631853" elapsed="0.000375"/>
</kw>
<status status="PASS" start="2024-06-29T04:19:03.630880" elapsed="0.001697"/>
</kw>
<status status="PASS" start="2024-06-29T04:19:03.630299" elapsed="0.002467"/>
</test>
<test id="s1-s1-t2" name="Validar retorno 200 e JSON Válido" line="16">
<kw name="Teste de Requisicao Basica" owner="random-user-service">
<kw name="GET On Session" owner="RequestsLibrary">
<msg time="2024-06-29T04:19:03.868116" level="INFO">GET Request : url=https://randomuser.me/api 
 path_url=/api 
 headers={'User-Agent': 'python-requests/2.32.3', 'Accept-Encoding': 'gzip, deflate', 'Accept': '*/*', 'Connection': 'keep-alive'} 
 body=None 
 </msg>
<msg time="2024-06-29T04:19:03.868245" level="INFO">GET Response : url=https://randomuser.me/api 
 status=200, reason=OK 
 headers={'Date': 'Sat, 29 Jun 2024 04:19:03 GMT', 'Content-Type': 'application/json; charset=utf-8', 'Transfer-Encoding': 'chunked', 'Connection': 'keep-alive', 'X-Powered-By': 'Express', 'Access-Control-Allow-Origin': '*', 'Cache-Control': 'no-cache', 'ETag': 'W/"480-v6VTntx8oAMxRpghGVcT2Uu23VI"', 'Vary': 'Accept-Encoding', 'Content-Encoding': 'gzip', 'CF-Cache-Status': 'DYNAMIC', 'Report-To': '{"endpoints":[{"url":"https:\\/\\/a.nel.cloudflare.com\\/report\\/v4?s=6yeceEdBSEVAc5PtuUcjFjwNc%2BQpoSxNx4%2FKfNlT7NGdTuG9pmZKlYAJ1bAxZFA92%2FuEsDgsLYXF6KpY5%2FIiK2qAqxLTfnveyHwX02WTPZ6kpQOQjuGmbk1q9LwkuUvV"}],"group":"cf-nel","max_age":604800}', 'NEL': '{"success_fraction":0,"report_to":"cf-nel","max_age":604800}', 'Server': 'cloudflare', 'CF-RAY': '89b31dbcec046212-ORD', 'alt-svc': 'h3=":443"; ma=86400'} 
 body={"results":[{"gender":"female","name":{"title":"Mrs","first":"Madison","last":"Knight"},"location":{"street":{"number":9903,"name":"Maple Ave"},"city":"Cadillac","state":"New Brunswick","country":"Canada","postcode":"B1B 5C3","coordinates":{"latitude":"-68.2902","longitude":"14.5696"},"timezone":{"offset":"+3:30","description":"Tehran"}},"email":"madison.knight@example.com","login":{"uuid":"b759fa13-5fcc-4c20-923a-28189b1d0540","username":"purplecat562","password":"christopher","salt":"8WVXkcwi","md5":"f60afc82fdf48ecdbb6d9d21f33ba7a5","sha1":"31e60e35b908c565499595f4982b092b1e228307","sha256":"fcdf3c7ed7ec0cb74c70fee10d251a383b0ab55041d4f0ae338a0094d5f2e49b"},"dob":{"date":"1950-04-26T16:56:42.486Z","age":74},"registered":{"date":"2013-03-22T18:44:13.613Z","age":11},"phone":"S18 A32-0035","cell":"O69 I34-9341","id":{"name":"SIN","value":"918771759"},"picture":{"large":"https://randomuser.me/api/portraits/women/59.jpg","medium":"https://randomuser.me/api/portraits/med/women/59.jpg","thumbnail":"https://randomuser.me/api/portraits/thumb/women/59.jpg"},"nat":"CA"}],"info":{"seed":"0dd6c11b74b41f3c","results":1,"page":1,"version":"1.4"}} 
 </msg>
<msg time="2024-06-29T04:19:03.868326" level="INFO">/opt/hostedtoolcache/Python/3.12.4/x64/lib/python3.12/site-packages/urllib3/connectionpool.py:1099: InsecureRequestWarning: Unverified HTTPS request is being made to host 'randomuser.me'. Adding certificate verification is strongly advised. See: https://urllib3.readthedocs.io/en/latest/advanced-usage.html#tls-warnings
  warnings.warn(</msg>
<msg time="2024-06-29T04:19:03.868478" level="INFO">${response} = &lt;Response [200]&gt;</msg>
<var>${response}</var>
<arg>consultarAPI</arg>
<arg>/api</arg>
<doc>Sends a GET request on a previously created HTTP Session.</doc>
<status status="PASS" start="2024-06-29T04:19:03.635371" elapsed="0.233151"/>
</kw>
<kw name="Should Be Equal As Numbers" owner="BuiltIn">
<msg time="2024-06-29T04:19:03.869465" level="INFO">Argument types are:
&lt;class 'int'&gt;
&lt;class 'str'&gt;</msg>
<arg>${response.status_code}</arg>
<arg>200</arg>
<doc>Fails if objects are unequal after converting them to real numbers.</doc>
<status status="PASS" start="2024-06-29T04:19:03.869029" elapsed="0.000551"/>
</kw>
<kw name="Log" owner="BuiltIn">
<msg time="2024-06-29T04:19:03.870257" level="INFO">200</msg>
<arg>${response.status_code}</arg>
<doc>Logs the given message with the given level.</doc>
<status status="PASS" start="2024-06-29T04:19:03.869902" elapsed="0.000398"/>
</kw>
<kw name="Set Variable" owner="BuiltIn">
<msg time="2024-06-29T04:19:03.871033" level="INFO">${json_data} = {'results': [{'gender': 'female', 'name': {'title': 'Mrs', 'first': 'Madison', 'last': 'Knight'}, 'location': {'street': {'number': 9903, 'name': 'Maple Ave'}, 'city': 'Cadillac', 'state': 'New Brunsw...</msg>
<var>${json_data}</var>
<arg>${response.json()}</arg>
<doc>Returns the given values which can then be assigned to a variables.</doc>
<status status="PASS" start="2024-06-29T04:19:03.870604" elapsed="0.000457"/>
</kw>
<kw name="Dictionary Should Contain Key" owner="Collections">
<arg>${json_data}</arg>
<arg>results</arg>
<doc>Fails if ``key`` is not found from ``dictionary``.</doc>
<status status="PASS" start="2024-06-29T04:19:03.871359" elapsed="0.000214"/>
</kw>
<status status="PASS" start="2024-06-29T04:19:03.635131" elapsed="0.236595"/>
</kw>
<doc>Testa se a API responde corretamente e retorna um objeto JSON válido.</doc>
<tag>testeRequisicaoBasica</tag>
<status status="PASS" start="2024-06-29T04:19:03.634601" elapsed="0.237293"/>
</test>
<test id="s1-s1-t3" name="Validar estrutura de resposta" line="22">
<kw name="Teste de Estrutura de Resposta" owner="random-user-service">
<kw name="GET On Session" owner="RequestsLibrary">
<msg time="2024-06-29T04:19:03.962312" level="INFO">GET Request : url=https://randomuser.me/api 
 path_url=/api 
 headers={'User-Agent': 'python-requests/2.32.3', 'Accept-Encoding': 'gzip, deflate', 'Accept': '*/*', 'Connection': 'keep-alive'} 
 body=None 
 </msg>
<msg time="2024-06-29T04:19:03.962389" level="INFO">GET Response : url=https://randomuser.me/api 
 status=200, reason=OK 
 headers={'Date': 'Sat, 29 Jun 2024 04:19:03 GMT', 'Content-Type': 'application/json; charset=utf-8', 'Transfer-Encoding': 'chunked', 'Connection': 'keep-alive', 'X-Powered-By': 'Express', 'Access-Control-Allow-Origin': '*', 'Cache-Control': 'no-cache', 'ETag': 'W/"47f-77VmabILPEMdK8dEyjIoiiMBvHo"', 'Vary': 'Accept-Encoding', 'Content-Encoding': 'gzip', 'CF-Cache-Status': 'DYNAMIC', 'Report-To': '{"endpoints":[{"url":"https:\\/\\/a.nel.cloudflare.com\\/report\\/v4?s=KjbQnkbZvwXH%2FQgtnTAdO%2FJ0cu9C7fUog2yI3ypLPv%2B6txEztp%2BinA4esQeEaH%2BsCkclpOnaf8MlBAcBuwuU%2FxDsMehkwSiOyaF5IcvZIuHC9De%2BjMD2c5UxnEWWKy4F"}],"group":"cf-nel","max_age":604800}', 'NEL': '{"success_fraction":0,"report_to":"cf-nel","max_age":604800}', 'Server': 'cloudflare', 'CF-RAY': '89b31dbd3c4e6212-ORD', 'alt-svc': 'h3=":443"; ma=86400'} 
 body={"results":[{"gender":"female","name":{"title":"Mrs","first":"Sedef","last":"Solmaz"},"location":{"street":{"number":3433,"name":"Talak Göktepe Cd"},"city":"Aksaray","state":"Niğde","country":"Turkey","postcode":48694,"coordinates":{"latitude":"67.1653","longitude":"128.6706"},"timezone":{"offset":"+7:00","description":"Bangkok, Hanoi, Jakarta"}},"email":"sedef.solmaz@example.com","login":{"uuid":"ebad54da-6f19-42dc-83c7-59888cb1b59b","username":"heavygoose616","password":"rimmer","salt":"7gKk2Xro","md5":"eaa64ed11b47ccb879af0c251e418eaf","sha1":"c896ed510d92d70549fda3820205c465b10f5881","sha256":"364e39528af2e78158c780510a9da316054ca162d530b8ca1febfa21f8413c96"},"dob":{"date":"1975-11-28T17:28:50.116Z","age":48},"registered":{"date":"2012-05-20T00:20:12.244Z","age":12},"phone":"(761)-736-6889","cell":"(183)-595-2331","id":{"name":"","value":null},"picture":{"large":"https://randomuser.me/api/portraits/women/50.jpg","medium":"https://randomuser.me/api/portraits/med/women/50.jpg","thumbnail":"https://randomuser.me/api/portraits/thumb/women/50.jpg"},"nat":"TR"}],"info":{"seed":"e87ae3f0179b6496","results":1,"page":1,"version":"1.4"}} 
 </msg>
<msg time="2024-06-29T04:19:03.962496" level="INFO">/opt/hostedtoolcache/Python/3.12.4/x64/lib/python3.12/site-packages/urllib3/connectionpool.py:1099: InsecureRequestWarning: Unverified HTTPS request is being made to host 'randomuser.me'. Adding certificate verification is strongly advised. See: https://urllib3.readthedocs.io/en/latest/advanced-usage.html#tls-warnings
  warnings.warn(</msg>
<msg time="2024-06-29T04:19:03.962604" level="INFO">${response} = &lt;Response [200]&gt;</msg>
<var>${response}</var>
<arg>consultarAPI</arg>
<arg>/api</arg>
<doc>Sends a GET request on a previously created HTTP Session.</doc>
<status status="PASS" start="2024-06-29T04:19:03.874527" elapsed="0.088119"/>
</kw>
<kw name="Set Variable" owner="BuiltIn">
<msg time="2024-06-29T04:19:03.963787" level="INFO">${json_data} = {'results': [{'gender': 'female', 'name': {'title': 'Mrs', 'first': 'Sedef', 'last': 'Solmaz'}, 'location': {'street': {'number': 3433, 'name': 'Talak Göktepe Cd'}, 'city': 'Aksaray', 'state': 'Niğde'...</msg>
<var>${json_data}</var>
<arg>${response.json()}</arg>
<doc>Returns the given values which can then be assigned to a variables.</doc>
<status status="PASS" start="2024-06-29T04:19:03.963132" elapsed="0.000685"/>
</kw>
<kw name="Log" owner="BuiltIn">
<msg time="2024-06-29T04:19:03.964288" level="INFO">{'results': [{'gender': 'female', 'name': {'title': 'Mrs', 'first': 'Sedef', 'last': 'Solmaz'}, 'location': {'street': {'number': 3433, 'name': 'Talak Göktepe Cd'}, 'city': 'Aksaray', 'state': 'Niğde', 'country': 'Turkey', 'postcode': 48694, 'coordinates': {'latitude': '67.1653', 'longitude': '128.6706'}, 'timezone': {'offset': '+7:00', 'description': 'Bangkok, Hanoi, Jakarta'}}, 'email': 'sedef.solmaz@example.com', 'login': {'uuid': 'ebad54da-6f19-42dc-83c7-59888cb1b59b', 'username': 'heavygoose616', 'password': 'rimmer', 'salt': '7gKk2Xro', 'md5': 'eaa64ed11b47ccb879af0c251e418eaf', 'sha1': 'c896ed510d92d70549fda3820205c465b10f5881', 'sha256': '364e39528af2e78158c780510a9da316054ca162d530b8ca1febfa21f8413c96'}, 'dob': {'date': '1975-11-28T17:28:50.116Z', 'age': 48}, 'registered': {'date': '2012-05-20T00:20:12.244Z', 'age': 12}, 'phone': '(761)-736-6889', 'cell': '(183)-595-2331', 'id': {'name': '', 'value': None}, 'picture': {'large': 'https://randomuser.me/api/portraits/women/50.jpg', 'medium': 'https://randomuser.me/api/portraits/med/women/50.jpg', 'thumbnail': 'https://randomuser.me/api/portraits/thumb/women/50.jpg'}, 'nat': 'TR'}], 'info': {'seed': 'e87ae3f0179b6496', 'results': 1, 'page': 1, 'version': '1.4'}}</msg>
<arg>${json_data}</arg>
<doc>Logs the given message with the given level.</doc>
<status status="PASS" start="2024-06-29T04:19:03.964127" elapsed="0.000210"/>
</kw>
<kw name="Dictionary Should Contain Key" owner="Collections">
<arg>${json_data}</arg>
<arg>results</arg>
<doc>Fails if ``key`` is not found from ``dictionary``.</doc>
<status status="PASS" start="2024-06-29T04:19:03.964626" elapsed="0.000163"/>
</kw>
<kw name="Should Not Be Empty" owner="BuiltIn">
<msg time="2024-06-29T04:19:03.965100" level="INFO">Length is 2.</msg>
<arg>${json_data}</arg>
<doc>Verifies that the given item is not empty.</doc>
<status status="PASS" start="2024-06-29T04:19:03.964967" elapsed="0.000174"/>
</kw>
<kw name="Create List" owner="BuiltIn">
<msg time="2024-06-29T04:19:03.965717" level="INFO">${expected_keys} = ['gender', 'name', 'location', 'email', 'login']</msg>
<var>${expected_keys}</var>
<arg>gender</arg>
<arg>name</arg>
<arg>location</arg>
<arg>email</arg>
<arg>login</arg>
<doc>Returns a list containing given items.</doc>
<status status="PASS" start="2024-06-29T04:19:03.965441" elapsed="0.000300"/>
</kw>
<for flavor="IN">
<iter>
<kw name="Dictionary Should Contain Key" owner="Collections">
<arg>${json_data['results'][0]}</arg>
<arg>${key}</arg>
<doc>Fails if ``key`` is not found from ``dictionary``.</doc>
<status status="PASS" start="2024-06-29T04:19:03.966306" elapsed="0.000400"/>
</kw>
<kw name="Log" owner="BuiltIn">
<msg time="2024-06-29T04:19:03.967250" level="INFO">{'gender': 'female', 'name': {'title': 'Mrs', 'first': 'Sedef', 'last': 'Solmaz'}, 'location': {'street': {'number': 3433, 'name': 'Talak Göktepe Cd'}, 'city': 'Aksaray', 'state': 'Niğde', 'country': 'Turkey', 'postcode': 48694, 'coordinates': {'latitude': '67.1653', 'longitude': '128.6706'}, 'timezone': {'offset': '+7:00', 'description': 'Bangkok, Hanoi, Jakarta'}}, 'email': 'sedef.solmaz@example.com', 'login': {'uuid': 'ebad54da-6f19-42dc-83c7-59888cb1b59b', 'username': 'heavygoose616', 'password': 'rimmer', 'salt': '7gKk2Xro', 'md5': 'eaa64ed11b47ccb879af0c251e418eaf', 'sha1': 'c896ed510d92d70549fda3820205c465b10f5881', 'sha256': '364e39528af2e78158c780510a9da316054ca162d530b8ca1febfa21f8413c96'}, 'dob': {'date': '1975-11-28T17:28:50.116Z', 'age': 48}, 'registered': {'date': '2012-05-20T00:20:12.244Z', 'age': 12}, 'phone': '(761)-736-6889', 'cell': '(183)-595-2331', 'id': {'name': '', 'value': None}, 'picture': {'large': 'https://randomuser.me/api/portraits/women/50.jpg', 'medium': 'https://randomuser.me/api/portraits/med/women/50.jpg', 'thumbnail': 'https://randomuser.me/api/portraits/thumb/women/50.jpg'}, 'nat': 'TR'}</msg>
<arg>${json_data['results'][0]}</arg>
<doc>Logs the given message with the given level.</doc>
<status status="PASS" start="2024-06-29T04:19:03.966890" elapsed="0.000409"/>
</kw>
<kw name="Log" owner="BuiltIn">
<msg time="2024-06-29T04:19:03.967770" level="INFO">gender</msg>
<arg>${key}</arg>
<doc>Logs the given message with the given level.</doc>
<status status="PASS" start="2024-06-29T04:19:03.967638" elapsed="0.000169"/>
</kw>
<var name="${key}">gender</var>
<status status="PASS" start="2024-06-29T04:19:03.966184" elapsed="0.001840"/>
</iter>
<iter>
<kw name="Dictionary Should Contain Key" owner="Collections">
<arg>${json_data['results'][0]}</arg>
<arg>${key}</arg>
<doc>Fails if ``key`` is not found from ``dictionary``.</doc>
<status status="PASS" start="2024-06-29T04:19:03.968316" elapsed="0.000387"/>
</kw>
<kw name="Log" owner="BuiltIn">
<msg time="2024-06-29T04:19:03.969230" level="INFO">{'gender': 'female', 'name': {'title': 'Mrs', 'first': 'Sedef', 'last': 'Solmaz'}, 'location': {'street': {'number': 3433, 'name': 'Talak Göktepe Cd'}, 'city': 'Aksaray', 'state': 'Niğde', 'country': 'Turkey', 'postcode': 48694, 'coordinates': {'latitude': '67.1653', 'longitude': '128.6706'}, 'timezone': {'offset': '+7:00', 'description': 'Bangkok, Hanoi, Jakarta'}}, 'email': 'sedef.solmaz@example.com', 'login': {'uuid': 'ebad54da-6f19-42dc-83c7-59888cb1b59b', 'username': 'heavygoose616', 'password': 'rimmer', 'salt': '7gKk2Xro', 'md5': 'eaa64ed11b47ccb879af0c251e418eaf', 'sha1': 'c896ed510d92d70549fda3820205c465b10f5881', 'sha256': '364e39528af2e78158c780510a9da316054ca162d530b8ca1febfa21f8413c96'}, 'dob': {'date': '1975-11-28T17:28:50.116Z', 'age': 48}, 'registered': {'date': '2012-05-20T00:20:12.244Z', 'age': 12}, 'phone': '(761)-736-6889', 'cell': '(183)-595-2331', 'id': {'name': '', 'value': None}, 'picture': {'large': 'https://randomuser.me/api/portraits/women/50.jpg', 'medium': 'https://randomuser.me/api/portraits/med/women/50.jpg', 'thumbnail': 'https://randomuser.me/api/portraits/thumb/women/50.jpg'}, 'nat': 'TR'}</msg>
<arg>${json_data['results'][0]}</arg>
<doc>Logs the given message with the given level.</doc>
<status status="PASS" start="2024-06-29T04:19:03.968884" elapsed="0.000436"/>
</kw>
<kw name="Log" owner="BuiltIn">
<msg time="2024-06-29T04:19:03.969746" level="INFO">name</msg>
<arg>${key}</arg>
<doc>Logs the given message with the given level.</doc>
<status status="PASS" start="2024-06-29T04:19:03.969619" elapsed="0.000164"/>
</kw>
<var name="${key}">name</var>
<status status="PASS" start="2024-06-29T04:19:03.968206" elapsed="0.001789"/>
</iter>
<iter>
<kw name="Dictionary Should Contain Key" owner="Collections">
<arg>${json_data['results'][0]}</arg>
<arg>${key}</arg>
<doc>Fails if ``key`` is not found from ``dictionary``.</doc>
<status status="PASS" start="2024-06-29T04:19:03.970274" elapsed="0.000376"/>
</kw>
<kw name="Log" owner="BuiltIn">
<msg time="2024-06-29T04:19:03.971176" level="INFO">{'gender': 'female', 'name': {'title': 'Mrs', 'first': 'Sedef', 'last': 'Solmaz'}, 'location': {'street': {'number': 3433, 'name': 'Talak Göktepe Cd'}, 'city': 'Aksaray', 'state': 'Niğde', 'country': 'Turkey', 'postcode': 48694, 'coordinates': {'latitude': '67.1653', 'longitude': '128.6706'}, 'timezone': {'offset': '+7:00', 'description': 'Bangkok, Hanoi, Jakarta'}}, 'email': 'sedef.solmaz@example.com', 'login': {'uuid': 'ebad54da-6f19-42dc-83c7-59888cb1b59b', 'username': 'heavygoose616', 'password': 'rimmer', 'salt': '7gKk2Xro', 'md5': 'eaa64ed11b47ccb879af0c251e418eaf', 'sha1': 'c896ed510d92d70549fda3820205c465b10f5881', 'sha256': '364e39528af2e78158c780510a9da316054ca162d530b8ca1febfa21f8413c96'}, 'dob': {'date': '1975-11-28T17:28:50.116Z', 'age': 48}, 'registered': {'date': '2012-05-20T00:20:12.244Z', 'age': 12}, 'phone': '(761)-736-6889', 'cell': '(183)-595-2331', 'id': {'name': '', 'value': None}, 'picture': {'large': 'https://randomuser.me/api/portraits/women/50.jpg', 'medium': 'https://randomuser.me/api/portraits/med/women/50.jpg', 'thumbnail': 'https://randomuser.me/api/portraits/thumb/women/50.jpg'}, 'nat': 'TR'}</msg>
<arg>${json_data['results'][0]}</arg>
<doc>Logs the given message with the given level.</doc>
<status status="PASS" start="2024-06-29T04:19:03.970828" elapsed="0.000397"/>
</kw>
<kw name="Log" owner="BuiltIn">
<msg time="2024-06-29T04:19:03.971681" level="INFO">location</msg>
<arg>${key}</arg>
<doc>Logs the given message with the given level.</doc>
<status status="PASS" start="2024-06-29T04:19:03.971551" elapsed="0.000167"/>
</kw>
<var name="${key}">location</var>
<status status="PASS" start="2024-06-29T04:19:03.970167" elapsed="0.001765"/>
</iter>
<iter>
<kw name="Dictionary Should Contain Key" owner="Collections">
<arg>${json_data['results'][0]}</arg>
<arg>${key}</arg>
<doc>Fails if ``key`` is not found from ``dictionary``.</doc>
<status status="PASS" start="2024-06-29T04:19:03.972205" elapsed="0.000392"/>
</kw>
<kw name="Log" owner="BuiltIn">
<msg time="2024-06-29T04:19:03.973126" level="INFO">{'gender': 'female', 'name': {'title': 'Mrs', 'first': 'Sedef', 'last': 'Solmaz'}, 'location': {'street': {'number': 3433, 'name': 'Talak Göktepe Cd'}, 'city': 'Aksaray', 'state': 'Niğde', 'country': 'Turkey', 'postcode': 48694, 'coordinates': {'latitude': '67.1653', 'longitude': '128.6706'}, 'timezone': {'offset': '+7:00', 'description': 'Bangkok, Hanoi, Jakarta'}}, 'email': 'sedef.solmaz@example.com', 'login': {'uuid': 'ebad54da-6f19-42dc-83c7-59888cb1b59b', 'username': 'heavygoose616', 'password': 'rimmer', 'salt': '7gKk2Xro', 'md5': 'eaa64ed11b47ccb879af0c251e418eaf', 'sha1': 'c896ed510d92d70549fda3820205c465b10f5881', 'sha256': '364e39528af2e78158c780510a9da316054ca162d530b8ca1febfa21f8413c96'}, 'dob': {'date': '1975-11-28T17:28:50.116Z', 'age': 48}, 'registered': {'date': '2012-05-20T00:20:12.244Z', 'age': 12}, 'phone': '(761)-736-6889', 'cell': '(183)-595-2331', 'id': {'name': '', 'value': None}, 'picture': {'large': 'https://randomuser.me/api/portraits/women/50.jpg', 'medium': 'https://randomuser.me/api/portraits/med/women/50.jpg', 'thumbnail': 'https://randomuser.me/api/portraits/thumb/women/50.jpg'}, 'nat': 'TR'}</msg>
<arg>${json_data['results'][0]}</arg>
<doc>Logs the given message with the given level.</doc>
<status status="PASS" start="2024-06-29T04:19:03.972776" elapsed="0.000399"/>
</kw>
<kw name="Log" owner="BuiltIn">
<msg time="2024-06-29T04:19:03.973613" level="INFO">email</msg>
<arg>${key}</arg>
<doc>Logs the given message with the given level.</doc>
<status status="PASS" start="2024-06-29T04:19:03.973486" elapsed="0.000163"/>
</kw>
<var name="${key}">email</var>
<status status="PASS" start="2024-06-29T04:19:03.972099" elapsed="0.001764"/>
</iter>
<iter>
<kw name="Dictionary Should Contain Key" owner="Collections">
<arg>${json_data['results'][0]}</arg>
<arg>${key}</arg>
<doc>Fails if ``key`` is not found from ``dictionary``.</doc>
<status status="PASS" start="2024-06-29T04:19:03.974160" elapsed="0.000391"/>
</kw>
<kw name="Log" owner="BuiltIn">
<msg time="2024-06-29T04:19:03.975081" level="INFO">{'gender': 'female', 'name': {'title': 'Mrs', 'first': 'Sedef', 'last': 'Solmaz'}, 'location': {'street': {'number': 3433, 'name': 'Talak Göktepe Cd'}, 'city': 'Aksaray', 'state': 'Niğde', 'country': 'Turkey', 'postcode': 48694, 'coordinates': {'latitude': '67.1653', 'longitude': '128.6706'}, 'timezone': {'offset': '+7:00', 'description': 'Bangkok, Hanoi, Jakarta'}}, 'email': 'sedef.solmaz@example.com', 'login': {'uuid': 'ebad54da-6f19-42dc-83c7-59888cb1b59b', 'username': 'heavygoose616', 'password': 'rimmer', 'salt': '7gKk2Xro', 'md5': 'eaa64ed11b47ccb879af0c251e418eaf', 'sha1': 'c896ed510d92d70549fda3820205c465b10f5881', 'sha256': '364e39528af2e78158c780510a9da316054ca162d530b8ca1febfa21f8413c96'}, 'dob': {'date': '1975-11-28T17:28:50.116Z', 'age': 48}, 'registered': {'date': '2012-05-20T00:20:12.244Z', 'age': 12}, 'phone': '(761)-736-6889', 'cell': '(183)-595-2331', 'id': {'name': '', 'value': None}, 'picture': {'large': 'https://randomuser.me/api/portraits/women/50.jpg', 'medium': 'https://randomuser.me/api/portraits/med/women/50.jpg', 'thumbnail': 'https://randomuser.me/api/portraits/thumb/women/50.jpg'}, 'nat': 'TR'}</msg>
<arg>${json_data['results'][0]}</arg>
<doc>Logs the given message with the given level.</doc>
<status status="PASS" start="2024-06-29T04:19:03.974730" elapsed="0.000400"/>
</kw>
<kw name="Log" owner="BuiltIn">
<msg time="2024-06-29T04:19:03.975581" level="INFO">login</msg>
<arg>${key}</arg>
<doc>Logs the given message with the given level.</doc>
<status status="PASS" start="2024-06-29T04:19:03.975427" elapsed="0.000190"/>
</kw>
<var name="${key}">login</var>
<status status="PASS" start="2024-06-29T04:19:03.974037" elapsed="0.001795"/>
</iter>
<var>${key}</var>
<value>@{expected_keys}</value>
<status status="PASS" start="2024-06-29T04:19:03.965999" elapsed="0.009952"/>
</for>
<kw name="Create List" owner="BuiltIn">
<msg time="2024-06-29T04:19:03.976285" level="INFO">${expected_keysTwo} = ['username', 'password']</msg>
<var>${expected_keysTwo}</var>
<arg>username</arg>
<arg>password</arg>
<doc>Returns a list containing given items.</doc>
<status status="PASS" start="2024-06-29T04:19:03.976142" elapsed="0.000167"/>
</kw>
<for flavor="IN">
<iter>
<kw name="Dictionary Should Contain Key" owner="Collections">
<arg>${json_data['results'][0]['login']}</arg>
<arg>${keyTwo}</arg>
<doc>Fails if ``key`` is not found from ``dictionary``.</doc>
<status status="PASS" start="2024-06-29T04:19:03.976829" elapsed="0.000391"/>
</kw>
<kw name="Dictionary Should Contain Key" owner="Collections">
<arg>${json_data['results'][0]['login']}</arg>
<arg>${keyTwo}</arg>
<doc>Fails if ``key`` is not found from ``dictionary``.</doc>
<status status="PASS" start="2024-06-29T04:19:03.977398" elapsed="0.000375"/>
</kw>
<kw name="Log" owner="BuiltIn">
<msg time="2024-06-29T04:19:03.978067" level="INFO">username</msg>
<arg>${keyTwo}</arg>
<doc>Logs the given message with the given level.</doc>
<status status="PASS" start="2024-06-29T04:19:03.977949" elapsed="0.000153"/>
</kw>
<var name="${keyTwo}">username</var>
<status status="PASS" start="2024-06-29T04:19:03.976724" elapsed="0.001594"/>
</iter>
<iter>
<kw name="Dictionary Should Contain Key" owner="Collections">
<arg>${json_data['results'][0]['login']}</arg>
<arg>${keyTwo}</arg>
<doc>Fails if ``key`` is not found from ``dictionary``.</doc>
<status status="PASS" start="2024-06-29T04:19:03.978596" elapsed="0.000374"/>
</kw>
<kw name="Dictionary Should Contain Key" owner="Collections">
<arg>${json_data['results'][0]['login']}</arg>
<arg>${keyTwo}</arg>
<doc>Fails if ``key`` is not found from ``dictionary``.</doc>
<status status="PASS" start="2024-06-29T04:19:03.979145" elapsed="0.000401"/>
</kw>
<kw name="Log" owner="BuiltIn">
<msg time="2024-06-29T04:19:03.979845" level="INFO">password</msg>
<arg>${keyTwo}</arg>
<doc>Logs the given message with the given level.</doc>
<status status="PASS" start="2024-06-29T04:19:03.979725" elapsed="0.000160"/>
</kw>
<var name="${keyTwo}">password</var>
<status status="PASS" start="2024-06-29T04:19:03.978491" elapsed="0.001703"/>
</iter>
<var>${keyTwo}</var>
<value>@{expected_keysTwo}</value>
<status status="PASS" start="2024-06-29T04:19:03.976573" elapsed="0.003740"/>
</for>
<status status="PASS" start="2024-06-29T04:19:03.874297" elapsed="0.106166"/>
</kw>
<doc>Testa a estrutura da resposta da API.</doc>
<tag>testeEstruturaResposta</tag>
<status status="PASS" start="2024-06-29T04:19:03.873716" elapsed="0.106893"/>
</test>
<test id="s1-s1-t4" name="Validar tipos de dados" line="28">
<kw name="Teste de Tipos de Dados" owner="random-user-service">
<kw name="GET On Session" owner="RequestsLibrary">
<msg time="2024-06-29T04:19:04.076567" level="INFO">GET Request : url=https://randomuser.me/api 
 path_url=/api 
 headers={'User-Agent': 'python-requests/2.32.3', 'Accept-Encoding': 'gzip, deflate', 'Accept': '*/*', 'Connection': 'keep-alive'} 
 body=None 
 </msg>
<msg time="2024-06-29T04:19:04.076635" level="INFO">GET Response : url=https://randomuser.me/api 
 status=200, reason=OK 
 headers={'Date': 'Sat, 29 Jun 2024 04:19:04 GMT', 'Content-Type': 'application/json; charset=utf-8', 'Transfer-Encoding': 'chunked', 'Connection': 'keep-alive', 'X-Powered-By': 'Express', 'Access-Control-Allow-Origin': '*', 'Cache-Control': 'no-cache', 'ETag': 'W/"4a2-CBSBD6H7+5vs9DMIGIhvhiuVraY"', 'Vary': 'Accept-Encoding', 'Content-Encoding': 'gzip', 'CF-Cache-Status': 'DYNAMIC', 'Report-To': '{"endpoints":[{"url":"https:\\/\\/a.nel.cloudflare.com\\/report\\/v4?s=vR5y3oz%2BgJY7lmLc%2FO0htfwUL1XchGc1xmQmoNM1rmT945E%2BOE%2FuzR5T8Eink2PiLeaX82Px%2BWrzB1x0StS68Fv1jDp2hipmmvwYYifNI1psAzRnfyE5Lmx0%2Fo3GODgs"}],"group":"cf-nel","max_age":604800}', 'NEL': '{"success_fraction":0,"report_to":"cf-nel","max_age":604800}', 'Server': 'cloudflare', 'CF-RAY': '89b31dbded0f6212-ORD', 'alt-svc': 'h3=":443"; ma=86400'} 
 body={"results":[{"gender":"male","name":{"title":"Mr","first":"Enrique","last":"Dias"},"location":{"street":{"number":3546,"name":"Travessa dos Martírios"},"city":"Feira de Santana","state":"Amapá","country":"Brazil","postcode":96494,"coordinates":{"latitude":"-77.5701","longitude":"-87.7536"},"timezone":{"offset":"+4:00","description":"Abu Dhabi, Muscat, Baku, Tbilisi"}},"email":"enrique.dias@example.com","login":{"uuid":"5695f41f-c53a-41ff-9b98-e031d28fc3e3","username":"organicleopard911","password":"pookie","salt":"XvnMe992","md5":"4e65a8a9428a2a6d857d81a5988b9f18","sha1":"19276ff51833997f0bee897170ba5d0bb4ce0383","sha256":"8f7b8c737f6bd93776bf05c39f8010c0fb219802609dccabd5f8ed409a6a3f63"},"dob":{"date":"1945-05-10T07:51:35.681Z","age":79},"registered":{"date":"2007-03-27T11:20:07.862Z","age":17},"phone":"(81) 5982-9234","cell":"(77) 2665-6006","id":{"name":"CPF","value":"912.187.192-05"},"picture":{"large":"https://randomuser.me/api/portraits/men/10.jpg","medium":"https://randomuser.me/api/portraits/med/men/10.jpg","thumbnail":"https://randomuser.me/api/portraits/thumb/men/10.jpg"},"nat":"BR"}],"info":{"seed":"8564265d84d695e8","results":1,"page":1,"version":"1.4"}} 
 </msg>
<msg time="2024-06-29T04:19:04.076696" level="INFO">/opt/hostedtoolcache/Python/3.12.4/x64/lib/python3.12/site-packages/urllib3/connectionpool.py:1099: InsecureRequestWarning: Unverified HTTPS request is being made to host 'randomuser.me'. Adding certificate verification is strongly advised. See: https://urllib3.readthedocs.io/en/latest/advanced-usage.html#tls-warnings
  warnings.warn(</msg>
<msg time="2024-06-29T04:19:04.076788" level="INFO">${response} = &lt;Response [200]&gt;</msg>
<var>${response}</var>
<arg>consultarAPI</arg>
<arg>/api</arg>
<doc>Sends a GET request on a previously created HTTP Session.</doc>
<status status="PASS" start="2024-06-29T04:19:03.983112" elapsed="0.093716"/>
</kw>
<kw name="Set Variable" owner="BuiltIn">
<msg time="2024-06-29T04:19:04.077899" level="INFO">${json_data} = {'results': [{'gender': 'male', 'name': {'title': 'Mr', 'first': 'Enrique', 'last': 'Dias'}, 'location': {'street': {'number': 3546, 'name': 'Travessa dos Martírios'}, 'city': 'Feira de Santana', 'sta...</msg>
<var>${json_data}</var>
<arg>${response.json()}</arg>
<doc>Returns the given values which can then be assigned to a variables.</doc>
<status status="PASS" start="2024-06-29T04:19:04.077310" elapsed="0.000618"/>
</kw>
<kw name="Log" owner="BuiltIn">
<msg time="2024-06-29T04:19:04.078401" level="INFO">{'results': [{'gender': 'male', 'name': {'title': 'Mr', 'first': 'Enrique', 'last': 'Dias'}, 'location': {'street': {'number': 3546, 'name': 'Travessa dos Martírios'}, 'city': 'Feira de Santana', 'state': 'Amapá', 'country': 'Brazil', 'postcode': 96494, 'coordinates': {'latitude': '-77.5701', 'longitude': '-87.7536'}, 'timezone': {'offset': '+4:00', 'description': 'Abu Dhabi, Muscat, Baku, Tbilisi'}}, 'email': 'enrique.dias@example.com', 'login': {'uuid': '5695f41f-c53a-41ff-9b98-e031d28fc3e3', 'username': 'organicleopard911', 'password': 'pookie', 'salt': 'XvnMe992', 'md5': '4e65a8a9428a2a6d857d81a5988b9f18', 'sha1': '19276ff51833997f0bee897170ba5d0bb4ce0383', 'sha256': '8f7b8c737f6bd93776bf05c39f8010c0fb219802609dccabd5f8ed409a6a3f63'}, 'dob': {'date': '1945-05-10T07:51:35.681Z', 'age': 79}, 'registered': {'date': '2007-03-27T11:20:07.862Z', 'age': 17}, 'phone': '(81) 5982-9234', 'cell': '(77) 2665-6006', 'id': {'name': 'CPF', 'value': '912.187.192-05'}, 'picture': {'large': 'https://randomuser.me/api/portraits/men/10.jpg', 'medium': 'https://randomuser.me/api/portraits/med/men/10.jpg', 'thumbnail': 'https://randomuser.me/api/portraits/thumb/men/10.jpg'}, 'nat': 'BR'}], 'info': {'seed': '8564265d84d695e8', 'results': 1, 'page': 1, 'version': '1.4'}}</msg>
<arg>${json_data}</arg>
<doc>Logs the given message with the given level.</doc>
<status status="PASS" start="2024-06-29T04:19:04.078242" elapsed="0.000207"/>
</kw>
<kw name="Should Be String" owner="String">
<arg>${json_data['results'][0]['gender']}</arg>
<doc>Fails if the given ``item`` is not a string.</doc>
<status status="PASS" start="2024-06-29T04:19:04.078740" elapsed="0.000353"/>
</kw>
<kw name="Should Match Regexp" owner="BuiltIn">
<arg>${json_data['results'][0]['email']}</arg>
<arg>^[a-zA-Z0-9._%+-]+@[a-zA-Z0-9.-]+\.[a-zA-Z]{2,}$</arg>
<doc>Fails if ``string`` does not match ``pattern`` as a regular expression.</doc>
<status status="PASS" start="2024-06-29T04:19:04.079286" elapsed="0.000549"/>
</kw>
<kw name="Should Match Regexp" owner="BuiltIn">
<arg>${json_data['results'][0]['dob']['date']}</arg>
<arg>\\d{4}-\\d{2}-\\d{2}T\\d{2}:\\d{2}:\\d{2}\\.\\d{3}Z</arg>
<doc>Fails if ``string`` does not match ``pattern`` as a regular expression.</doc>
<status status="PASS" start="2024-06-29T04:19:04.080064" elapsed="0.000482"/>
</kw>
<kw name="Should Match Regexp" owner="BuiltIn">
<arg>${json_data['results'][0]['registered']['date']}</arg>
<arg>\\d{4}-\\d{2}-\\d{2}T\\d{2}:\\d{2}:\\d{2}\\.\\d{3}Z</arg>
<doc>Fails if ``string`` does not match ``pattern`` as a regular expression.</doc>
<status status="PASS" start="2024-06-29T04:19:04.080732" elapsed="0.000363"/>
</kw>
<kw name="Should Match Regexp" owner="BuiltIn">
<arg>${json_data['results'][0]['picture']['large']}</arg>
<arg>^https?://.*\.(?:png|jpe?g|gif|bmp)$</arg>
<doc>Fails if ``string`` does not match ``pattern`` as a regular expression.</doc>
<status status="PASS" start="2024-06-29T04:19:04.081284" elapsed="0.000464"/>
</kw>
<kw name="Should Match Regexp" owner="BuiltIn">
<arg>${json_data['results'][0]['picture']['medium']}</arg>
<arg>^https?://.*\.(?:png|jpe?g|gif|bmp)$</arg>
<doc>Fails if ``string`` does not match ``pattern`` as a regular expression.</doc>
<status status="PASS" start="2024-06-29T04:19:04.081931" elapsed="0.000364"/>
</kw>
<kw name="Should Match Regexp" owner="BuiltIn">
<arg>${json_data['results'][0]['picture']['thumbnail']}</arg>
<arg>^https?://.*\.(?:png|jpe?g|gif|bmp)$</arg>
<doc>Fails if ``string`` does not match ``pattern`` as a regular expression.</doc>
<status status="PASS" start="2024-06-29T04:19:04.082475" elapsed="0.000344"/>
</kw>
<kw name="Log" owner="BuiltIn">
<msg time="2024-06-29T04:19:04.083325" level="INFO">{'large': 'https://randomuser.me/api/portraits/men/10.jpg', 'medium': 'https://randomuser.me/api/portraits/med/men/10.jpg', 'thumbnail': 'https://randomuser.me/api/portraits/thumb/men/10.jpg'}</msg>
<arg>${json_data['results'][0]['picture']}</arg>
<doc>Logs the given message with the given level.</doc>
<status status="PASS" start="2024-06-29T04:19:04.082999" elapsed="0.000367"/>
</kw>
<status status="PASS" start="2024-06-29T04:19:03.982893" elapsed="0.100750"/>
</kw>
<kw name="Teste de Tipos de Dados - Postcode" owner="random-user-service">
<kw name="GET On Session" owner="RequestsLibrary">
<msg time="2024-06-29T04:19:04.159194" level="INFO">GET Request : url=https://randomuser.me/api 
 path_url=/api 
 headers={'User-Agent': 'python-requests/2.32.3', 'Accept-Encoding': 'gzip, deflate', 'Accept': '*/*', 'Connection': 'keep-alive'} 
 body=None 
 </msg>
<msg time="2024-06-29T04:19:04.159302" level="INFO">GET Response : url=https://randomuser.me/api 
 status=200, reason=OK 
 headers={'Date': 'Sat, 29 Jun 2024 04:19:04 GMT', 'Content-Type': 'application/json; charset=utf-8', 'Transfer-Encoding': 'chunked', 'Connection': 'keep-alive', 'X-Powered-By': 'Express', 'Access-Control-Allow-Origin': '*', 'Cache-Control': 'no-cache', 'ETag': 'W/"48d-xSGSQwsHayLNtw65Ou7AiksvWog"', 'Vary': 'Accept-Encoding', 'Content-Encoding': 'gzip', 'CF-Cache-Status': 'DYNAMIC', 'Report-To': '{"endpoints":[{"url":"https:\\/\\/a.nel.cloudflare.com\\/report\\/v4?s=Cz8o9CRzAM95Ee9IcqAXT9n4fUVWghTx6FbT1ebOayAYfBd3eNFBSF1OwJp%2FTd%2FaPz33WFBB%2Fxk5Zn81t7ZfxWP3KpF37bcRSTE0whaCL3MJOtALG%2B7ERoD3t0QHKL0d"}],"group":"cf-nel","max_age":604800}', 'NEL': '{"success_fraction":0,"report_to":"cf-nel","max_age":604800}', 'Server': 'cloudflare', 'CF-RAY': '89b31dbe8dbe6212-ORD', 'alt-svc': 'h3=":443"; ma=86400'} 
 body={"results":[{"gender":"female","name":{"title":"Mrs","first":"Isabelle","last":"Barnes"},"location":{"street":{"number":5292,"name":"Pearse Street"},"city":"Dublin","state":"Kerry","country":"Ireland","postcode":57893,"coordinates":{"latitude":"0.1862","longitude":"141.9745"},"timezone":{"offset":"+4:00","description":"Abu Dhabi, Muscat, Baku, Tbilisi"}},"email":"isabelle.barnes@example.com","login":{"uuid":"60798a55-84c3-4461-84ad-3e153739832e","username":"tinyduck934","password":"passwor1","salt":"pXnsygqs","md5":"ebc5c0a96912513867b9df287be05a3e","sha1":"15844866b75032e724030a7004547a0cd88d38bc","sha256":"2c9c9da50ee8d06893825b57076e71545852b80ae133e6e98775199386f3e324"},"dob":{"date":"1950-08-06T14:02:42.616Z","age":73},"registered":{"date":"2009-06-27T21:19:19.036Z","age":15},"phone":"041-255-2184","cell":"081-203-7061","id":{"name":"PPS","value":"3694099T"},"picture":{"large":"https://randomuser.me/api/portraits/women/20.jpg","medium":"https://randomuser.me/api/portraits/med/women/20.jpg","thumbnail":"https://randomuser.me/api/portraits/thumb/women/20.jpg"},"nat":"IE"}],"info":{"seed":"11953ad11fb553d5","results":1,"page":1,"version":"1.4"}} 
 </msg>
<msg time="2024-06-29T04:19:04.159385" level="INFO">/opt/hostedtoolcache/Python/3.12.4/x64/lib/python3.12/site-packages/urllib3/connectionpool.py:1099: InsecureRequestWarning: Unverified HTTPS request is being made to host 'randomuser.me'. Adding certificate verification is strongly advised. See: https://urllib3.readthedocs.io/en/latest/advanced-usage.html#tls-warnings
  warnings.warn(</msg>
<msg time="2024-06-29T04:19:04.159566" level="INFO">${response} = &lt;Response [200]&gt;</msg>
<var>${response}</var>
<arg>consultarAPI</arg>
<arg>/api</arg>
<doc>Sends a GET request on a previously created HTTP Session.</doc>
<status status="PASS" start="2024-06-29T04:19:04.084075" elapsed="0.075542"/>
</kw>
<kw name="Set Variable" owner="BuiltIn">
<msg time="2024-06-29T04:19:04.160836" level="INFO">${json_data} = {'results': [{'gender': 'female', 'name': {'title': 'Mrs', 'first': 'Isabelle', 'last': 'Barnes'}, 'location': {'street': {'number': 5292, 'name': 'Pearse Street'}, 'city': 'Dublin', 'state': 'Kerry',...</msg>
<var>${json_data}</var>
<arg>${response.json()}</arg>
<doc>Returns the given values which can then be assigned to a variables.</doc>
<status status="PASS" start="2024-06-29T04:19:04.160268" elapsed="0.000596"/>
</kw>
<kw name="Log" owner="BuiltIn">
<msg time="2024-06-29T04:19:04.161337" level="INFO">{'results': [{'gender': 'female', 'name': {'title': 'Mrs', 'first': 'Isabelle', 'last': 'Barnes'}, 'location': {'street': {'number': 5292, 'name': 'Pearse Street'}, 'city': 'Dublin', 'state': 'Kerry', 'country': 'Ireland', 'postcode': 57893, 'coordinates': {'latitude': '0.1862', 'longitude': '141.9745'}, 'timezone': {'offset': '+4:00', 'description': 'Abu Dhabi, Muscat, Baku, Tbilisi'}}, 'email': 'isabelle.barnes@example.com', 'login': {'uuid': '60798a55-84c3-4461-84ad-3e153739832e', 'username': 'tinyduck934', 'password': 'passwor1', 'salt': 'pXnsygqs', 'md5': 'ebc5c0a96912513867b9df287be05a3e', 'sha1': '15844866b75032e724030a7004547a0cd88d38bc', 'sha256': '2c9c9da50ee8d06893825b57076e71545852b80ae133e6e98775199386f3e324'}, 'dob': {'date': '1950-08-06T14:02:42.616Z', 'age': 73}, 'registered': {'date': '2009-06-27T21:19:19.036Z', 'age': 15}, 'phone': '041-255-2184', 'cell': '081-203-7061', 'id': {'name': 'PPS', 'value': '3694099T'}, 'picture': {'large': 'https://randomuser.me/api/portraits/women/20.jpg', 'medium': 'https://randomuser.me/api/portraits/med/women/20.jpg', 'thumbnail': 'https://randomuser.me/api/portraits/thumb/women/20.jpg'}, 'nat': 'IE'}], 'info': {'seed': '11953ad11fb553d5', 'results': 1, 'page': 1, 'version': '1.4'}}</msg>
<arg>${json_data}</arg>
<doc>Logs the given message with the given level.</doc>
<status status="PASS" start="2024-06-29T04:19:04.161170" elapsed="0.000213"/>
</kw>
<kw name="Should Be Equal As Numbers" owner="BuiltIn">
<arg>${json_data['results'][0]['location']['postcode']}</arg>
<arg>${json_data['results'][0]['location']['postcode']}</arg>
<doc>Fails if objects are unequal after converting them to real numbers.</doc>
<status status="PASS" start="2024-06-29T04:19:04.161673" elapsed="0.000621"/>
</kw>
<kw name="Log" owner="BuiltIn">
<msg time="2024-06-29T04:19:04.162985" level="INFO">57893</msg>
<arg>${json_data['results'][0]['location']['postcode']}</arg>
<doc>Logs the given message with the given level.</doc>
<status status="PASS" start="2024-06-29T04:19:04.162485" elapsed="0.000541"/>
</kw>
<status status="PASS" start="2024-06-29T04:19:04.083858" elapsed="0.079451"/>
</kw>
<doc>Testa se os tipos de dados na resposta da API estão corretos.</doc>
<tag>testeTiposDados</tag>
<status status="PASS" start="2024-06-29T04:19:03.982367" elapsed="0.181138"/>
</test>
<test id="s1-s1-t5" name="Validar conteudo" line="35">
<kw name="Teste de Tipos de Conteudo" owner="random-user-service">
<kw name="GET On Session" owner="RequestsLibrary">
<msg time="2024-06-29T04:19:04.272847" level="INFO">GET Request : url=https://randomuser.me/api 
 path_url=/api 
 headers={'User-Agent': 'python-requests/2.32.3', 'Accept-Encoding': 'gzip, deflate', 'Accept': '*/*', 'Connection': 'keep-alive'} 
 body=None 
 </msg>
<msg time="2024-06-29T04:19:04.272962" level="INFO">GET Response : url=https://randomuser.me/api 
 status=200, reason=OK 
 headers={'Date': 'Sat, 29 Jun 2024 04:19:04 GMT', 'Content-Type': 'application/json; charset=utf-8', 'Transfer-Encoding': 'chunked', 'Connection': 'keep-alive', 'X-Powered-By': 'Express', 'Access-Control-Allow-Origin': '*', 'Cache-Control': 'no-cache', 'ETag': 'W/"48f-o0jsPz82yc642a/UHOKz4GWjjEo"', 'Vary': 'Accept-Encoding', 'Content-Encoding': 'gzip', 'CF-Cache-Status': 'DYNAMIC', 'Report-To': '{"endpoints":[{"url":"https:\\/\\/a.nel.cloudflare.com\\/report\\/v4?s=y2AMmxN4tOiLdGpMob2Ot2walErQdVTYPjVxaHJIR6jZZjFORxthTRO%2FRyb2AggIRLgjJdfVN%2Fo9Sncx1JeBYEQNCzj4xd%2B1tI2SIC1wWcZwoHct44d%2FLfXmOAmP%2Bbho"}],"group":"cf-nel","max_age":604800}', 'NEL': '{"success_fraction":0,"report_to":"cf-nel","max_age":604800}', 'Server': 'cloudflare', 'CF-RAY': '89b31dbf0e6e6212-ORD', 'alt-svc': 'h3=":443"; ma=86400'} 
 body={"results":[{"gender":"male","name":{"title":"Mr","first":"Élton","last":"Barbosa"},"location":{"street":{"number":7118,"name":"Rua São João "},"city":"Maracanaú","state":"Pará","country":"Brazil","postcode":88687,"coordinates":{"latitude":"-80.7365","longitude":"-121.0598"},"timezone":{"offset":"-1:00","description":"Azores, Cape Verde Islands"}},"email":"elton.barbosa@example.com","login":{"uuid":"f16bc89d-c1f2-4c13-8174-9d5ac6898155","username":"lazyelephant658","password":"anubis","salt":"Wf8iYemI","md5":"602e857d885158bf93e9cc7fcb21b519","sha1":"4042ad5c7ec0cfef3c335b8235de8d1f6b443c92","sha256":"fdaccb45d7cd8a94e21e160167c799a5e32953c3e25315d78556d1e0de441686"},"dob":{"date":"1993-07-24T10:20:52.303Z","age":30},"registered":{"date":"2008-07-26T07:54:50.807Z","age":15},"phone":"(73) 5651-3389","cell":"(94) 7312-8932","id":{"name":"CPF","value":"584.769.083-69"},"picture":{"large":"https://randomuser.me/api/portraits/men/62.jpg","medium":"https://randomuser.me/api/portraits/med/men/62.jpg","thumbnail":"https://randomuser.me/api/portraits/thumb/men/62.jpg"},"nat":"BR"}],"info":{"seed":"33e2344ace0f611c","results":1,"page":1,"version":"1.4"}} 
 </msg>
<msg time="2024-06-29T04:19:04.273038" level="INFO">/opt/hostedtoolcache/Python/3.12.4/x64/lib/python3.12/site-packages/urllib3/connectionpool.py:1099: InsecureRequestWarning: Unverified HTTPS request is being made to host 'randomuser.me'. Adding certificate verification is strongly advised. See: https://urllib3.readthedocs.io/en/latest/advanced-usage.html#tls-warnings
  warnings.warn(</msg>
<msg time="2024-06-29T04:19:04.273164" level="INFO">${response} = &lt;Response [200]&gt;</msg>
<var>${response}</var>
<arg>consultarAPI</arg>
<arg>/api</arg>
<doc>Sends a GET request on a previously created HTTP Session.</doc>
<status status="PASS" start="2024-06-29T04:19:04.166017" elapsed="0.107184"/>
</kw>
<kw name="Set Variable" owner="BuiltIn">
<msg time="2024-06-29T04:19:04.274277" level="INFO">${json_data} = {'results': [{'gender': 'male', 'name': {'title': 'Mr', 'first': 'Élton', 'last': 'Barbosa'}, 'location': {'street': {'number': 7118, 'name': 'Rua São João '}, 'city': 'Maracanaú', 'state': 'Pará', 'c...</msg>
<var>${json_data}</var>
<arg>${response.json()}</arg>
<doc>Returns the given values which can then be assigned to a variables.</doc>
<status status="PASS" start="2024-06-29T04:19:04.273745" elapsed="0.000561"/>
</kw>
<kw name="Set Variable" owner="BuiltIn">
<msg time="2024-06-29T04:19:04.275012" level="INFO">${name_title} = Mr</msg>
<var>${name_title}</var>
<arg>${json_data["results"][0]["name"]["title"]}</arg>
<doc>Returns the given values which can then be assigned to a variables.</doc>
<status status="PASS" start="2024-06-29T04:19:04.274617" elapsed="0.000420"/>
</kw>
<kw name="Create List" owner="BuiltIn">
<msg time="2024-06-29T04:19:04.275544" level="INFO">${allowed_titles} = ['Mr', 'Ms', 'Miss', 'Mrs', 'Madame', 'Monsieur']</msg>
<var>${allowed_titles}</var>
<arg>Mr</arg>
<arg>Ms</arg>
<arg>Miss</arg>
<arg>Mrs</arg>
<arg>Madame</arg>
<arg>Monsieur</arg>
<doc>Returns a list containing given items.</doc>
<status status="PASS" start="2024-06-29T04:19:04.275342" elapsed="0.000228"/>
</kw>
<kw name="List Should Contain Value" owner="Collections">
<arg>${allowed_titles}</arg>
<arg>${name_title}</arg>
<doc>Fails if the ``value`` is not found from ``list``.</doc>
<status status="PASS" start="2024-06-29T04:19:04.275884" elapsed="0.000187"/>
</kw>
<kw name="Set Variable" owner="BuiltIn">
<msg time="2024-06-29T04:19:04.276618" level="INFO">${name_country} = BR</msg>
<var>${name_country}</var>
<arg>${json_data["results"][0]["nat"]}</arg>
<doc>Returns the given values which can then be assigned to a variables.</doc>
<status status="PASS" start="2024-06-29T04:19:04.276252" elapsed="0.000390"/>
</kw>
<kw name="Create List" owner="BuiltIn">
<msg time="2024-06-29T04:19:04.277527" level="INFO">${list_country} = ['AD', 'AE', 'AF', 'AG', 'AI', 'AL', 'AM', 'AO', 'AQ', 'AR', 'AS', 'AT', 'AU', 'AW', 'AX', 'AZ', 'BA', 'BB', 'BD', 'BE', 'BF', 'BG', 'BH', 'BI', 'BJ', 'BL', 'BM', 'BN', 'BO', 'BQ', 'BR', 'BS', 'BT', '...</msg>
<var>${list_country}</var>
<arg>AD</arg>
<arg>AE</arg>
<arg>AF</arg>
<arg>AG</arg>
<arg>AI</arg>
<arg>AL</arg>
<arg>AM</arg>
<arg>AO</arg>
<arg>AQ</arg>
<arg>AR</arg>
<arg>AS</arg>
<arg>AT</arg>
<arg>AU</arg>
<arg>AW</arg>
<arg>AX</arg>
<arg>AZ</arg>
<arg>BA</arg>
<arg>BB</arg>
<arg>BD</arg>
<arg>BE</arg>
<arg>BF</arg>
<arg>BG</arg>
<arg>BH</arg>
<arg>BI</arg>
<arg>BJ</arg>
<arg>BL</arg>
<arg>BM</arg>
<arg>BN</arg>
<arg>BO</arg>
<arg>BQ</arg>
<arg>BR</arg>
<arg>BS</arg>
<arg>BT</arg>
<arg>BV</arg>
<arg>BW</arg>
<arg>BY</arg>
<arg>BZ</arg>
<arg>CA</arg>
<arg>CC</arg>
<arg>CD</arg>
<arg>CF</arg>
<arg>CG</arg>
<arg>CH</arg>
<arg>CI</arg>
<arg>CK</arg>
<arg>CL</arg>
<arg>CM</arg>
<arg>CN</arg>
<arg>CO</arg>
<arg>CR</arg>
<arg>CU</arg>
<arg>CV</arg>
<arg>CW</arg>
<arg>CX</arg>
<arg>CY</arg>
<arg>CZ</arg>
<arg>DE</arg>
<arg>DJ</arg>
<arg>DK</arg>
<arg>DM</arg>
<arg>DO</arg>
<arg>DZ</arg>
<arg>EC</arg>
<arg>EE</arg>
<arg>EG</arg>
<arg>EH</arg>
<arg>ER</arg>
<arg>ES</arg>
<arg>ET</arg>
<arg>FI</arg>
<arg>FJ</arg>
<arg>FK</arg>
<arg>FM</arg>
<arg>FO</arg>
<arg>FR</arg>
<arg>GA</arg>
<arg>GB</arg>
<arg>GD</arg>
<arg>GE</arg>
<arg>GF</arg>
<arg>GG</arg>
<arg>GH</arg>
<arg>GI</arg>
<arg>GL</arg>
<arg>GM</arg>
<arg>GN</arg>
<arg>GP</arg>
<arg>GQ</arg>
<arg>GR</arg>
<arg>GS</arg>
<arg>GT</arg>
<arg>GU</arg>
<arg>GW</arg>
<arg>GY</arg>
<arg>HK</arg>
<arg>HM</arg>
<arg>HN</arg>
<arg>HR</arg>
<arg>HT</arg>
<arg>HU</arg>
<arg>ID</arg>
<arg>IE</arg>
<arg>IL</arg>
<arg>IM</arg>
<arg>IN</arg>
<arg>IO</arg>
<arg>IQ</arg>
<arg>IR</arg>
<arg>IS</arg>
<arg>IT</arg>
<arg>JE</arg>
<arg>JM</arg>
<arg>JO</arg>
<arg>JP</arg>
<arg>KE</arg>
<arg>KG</arg>
<arg>KH</arg>
<arg>KI</arg>
<arg>KM</arg>
<arg>KN</arg>
<arg>KP</arg>
<arg>KR</arg>
<arg>KW</arg>
<arg>KY</arg>
<arg>KZ</arg>
<arg>LA</arg>
<arg>LB</arg>
<arg>LC</arg>
<arg>LI</arg>
<arg>LK</arg>
<arg>LR</arg>
<arg>LS</arg>
<arg>LT</arg>
<arg>LU</arg>
<arg>LV</arg>
<arg>LY</arg>
<arg>MA</arg>
<arg>MC</arg>
<arg>MD</arg>
<arg>ME</arg>
<arg>MF</arg>
<arg>MG</arg>
<arg>MH</arg>
<arg>MK</arg>
<arg>ML</arg>
<arg>MM</arg>
<arg>MN</arg>
<arg>MO</arg>
<arg>MP</arg>
<arg>MQ</arg>
<arg>MR</arg>
<arg>MS</arg>
<arg>MT</arg>
<arg>MU</arg>
<arg>MV</arg>
<arg>MW</arg>
<arg>MX</arg>
<arg>MY</arg>
<arg>MZ</arg>
<arg>NA</arg>
<arg>NC</arg>
<arg>NE</arg>
<arg>NF</arg>
<arg>NG</arg>
<arg>NI</arg>
<arg>NL</arg>
<arg>NO</arg>
<arg>NP</arg>
<arg>NR</arg>
<arg>NU</arg>
<arg>NZ</arg>
<arg>OM</arg>
<arg>PA</arg>
<arg>PE</arg>
<arg>PF</arg>
<arg>PG</arg>
<arg>PH</arg>
<arg>PK</arg>
<arg>PL</arg>
<arg>PM</arg>
<arg>PN</arg>
<arg>PR</arg>
<arg>PS</arg>
<arg>PT</arg>
<arg>PW</arg>
<arg>PY</arg>
<arg>QA</arg>
<arg>RE</arg>
<arg>RO</arg>
<arg>RS</arg>
<arg>RU</arg>
<arg>RW</arg>
<arg>SA</arg>
<arg>SB</arg>
<arg>SC</arg>
<arg>SD</arg>
<arg>SE</arg>
<arg>SG</arg>
<arg>SH</arg>
<arg>SI</arg>
<arg>SJ</arg>
<arg>SK</arg>
<arg>SL</arg>
<arg>SM</arg>
<arg>SN</arg>
<arg>SO</arg>
<arg>SR</arg>
<arg>SS</arg>
<arg>ST</arg>
<arg>SV</arg>
<arg>SX</arg>
<arg>SY</arg>
<arg>SZ</arg>
<arg>TC</arg>
<arg>TD</arg>
<arg>TF</arg>
<arg>TG</arg>
<arg>TH</arg>
<arg>TJ</arg>
<arg>TK</arg>
<arg>TL</arg>
<arg>TM</arg>
<arg>TN</arg>
<arg>TO</arg>
<arg>TR</arg>
<arg>TT</arg>
<arg>TV</arg>
<arg>TW</arg>
<arg>TZ</arg>
<arg>UA</arg>
<arg>UG</arg>
<arg>UM</arg>
<arg>US</arg>
<arg>UY</arg>
<arg>UZ</arg>
<arg>VA</arg>
<arg>VC</arg>
<arg>VE</arg>
<arg>VG</arg>
<arg>VI</arg>
<arg>VN</arg>
<arg>VU</arg>
<arg>WF</arg>
<arg>WS</arg>
<arg>XK</arg>
<arg>YE</arg>
<arg>YT</arg>
<arg>ZA</arg>
<arg>ZM</arg>
<arg>ZW</arg>
<doc>Returns a list containing given items.</doc>
<status status="PASS" start="2024-06-29T04:19:04.276933" elapsed="0.000620"/>
</kw>
<kw name="List Should Contain Value" owner="Collections">
<arg>${list_country}</arg>
<arg>${name_country}</arg>
<doc>Fails if the ``value`` is not found from ``list``.</doc>
<status status="PASS" start="2024-06-29T04:19:04.278351" elapsed="0.000204"/>
</kw>
<kw name="Run Keyword If" owner="BuiltIn">
<kw name="Should Be True" owner="BuiltIn">
<arg>${True}</arg>
<doc>Fails if the given condition is not true.</doc>
<status status="PASS" start="2024-06-29T04:19:04.279524" elapsed="0.000150"/>
</kw>
<arg>${json_data["results"][0]["location"]["coordinates"]["latitude"]} &gt;= -90 and ${json_data["results"][0]["location"]["coordinates"]["latitude"]} &lt;= 90</arg>
<arg>Should Be True</arg>
<arg>${True}</arg>
<doc>Runs the given keyword with the given arguments, if ``condition`` is true.</doc>
<status status="PASS" start="2024-06-29T04:19:04.278750" elapsed="0.001049"/>
</kw>
<kw name="Run Keyword If" owner="BuiltIn">
<kw name="Should Be True" owner="BuiltIn">
<arg>${True}</arg>
<doc>Fails if the given condition is not true.</doc>
<status status="PASS" start="2024-06-29T04:19:04.280671" elapsed="0.000251"/>
</kw>
<arg>${json_data["results"][0]["location"]["coordinates"]["longitude"]} &gt;= -180 and ${json_data["results"][0]["location"]["coordinates"]["longitude"]} &lt;= 180</arg>
<arg>Should Be True</arg>
<arg>${True}</arg>
<doc>Runs the given keyword with the given arguments, if ``condition`` is true.</doc>
<status status="PASS" start="2024-06-29T04:19:04.279976" elapsed="0.001075"/>
</kw>
<status status="PASS" start="2024-06-29T04:19:04.165795" elapsed="0.115401"/>
</kw>
<doc>Testa o conteúdo específico dos campos retornados pela API.</doc>
<tag>testeConteudo</tag>
<status status="PASS" start="2024-06-29T04:19:04.165251" elapsed="0.116106"/>
</test>
<status status="PASS" start="2024-06-29T04:19:03.273108" elapsed="1.010201"/>
</suite>
<status status="PASS" start="2024-06-29T04:19:03.258708" elapsed="1.029732"/>
</suite>
<statistics>
<total>
<stat pass="5" fail="0" skip="0">All Tests</stat>
</total>
<tag>
<stat pass="1" fail="0" skip="0">testeConteudo</stat>
<stat pass="1" fail="0" skip="0">testeEstruturaResposta</stat>
<stat pass="1" fail="0" skip="0">testeRequisicaoBasica</stat>
<stat pass="1" fail="0" skip="0">testeTiposDados</stat>
</tag>
<suite>
<stat pass="5" fail="0" skip="0" id="s1" name="Tests">Tests</stat>
<stat pass="5" fail="0" skip="0" id="s1-s1" name="Random-User-Test">Tests.Random-User-Test</stat>
</suite>
</statistics>
<errors>
</errors>
</robot>
