<?xml version="1.0" encoding="UTF-8"?>
<robot generator="Robot 7.0 (Python 3.12.3 on linux)" generated="2024-06-05T21:15:35.746261" rpa="false" schemaversion="5">
<suite id="s1" name="Tests" source="/home/runner/work/ApiRandomUser/ApiRandomUser/RamdonUser/tests">
<suite id="s1-s1" name="Random-User-Test" source="/home/runner/work/ApiRandomUser/ApiRandomUser/RamdonUser/tests/random-user-test.robot">
<test id="s1-s1-t1" name="Conectar" line="13">
<kw name="Conectar API" owner="random-user-service">
<kw name="Create Session" owner="RequestsLibrary">
<msg time="2024-06-05T21:15:36.135588" level="INFO">Creating Session using : alias=consultarAPI, url=https://randomuser.me/, headers={},                     cookies={}, auth=None, timeout=None, proxies=None, verify=False,                     debug=0 </msg>
<arg>consultarAPI</arg>
<arg>${URL}</arg>
<doc>Create Session: create a HTTP session to a server</doc>
<status status="PASS" start="2024-06-05T21:15:36.135372" elapsed="0.000404"/>
</kw>
<status status="PASS" start="2024-06-05T21:15:36.134271" elapsed="0.001882"/>
</kw>
<status status="PASS" start="2024-06-05T21:15:36.133695" elapsed="0.002666"/>
</test>
<test id="s1-s1-t2" name="Validar retorno 200 e JSON Válido" line="16">
<kw name="Teste de Requisicao Basica" owner="random-user-service">
<kw name="GET On Session" owner="RequestsLibrary">
<msg time="2024-06-05T21:15:36.327795" level="INFO">GET Request : url=https://randomuser.me/api 
 path_url=/api 
 headers={'User-Agent': 'python-requests/2.32.3', 'Accept-Encoding': 'gzip, deflate', 'Accept': '*/*', 'Connection': 'keep-alive'} 
 body=None 
 </msg>
<msg time="2024-06-05T21:15:36.327951" level="INFO">GET Response : url=https://randomuser.me/api 
 status=200, reason=OK 
 headers={'Date': 'Wed, 05 Jun 2024 21:15:36 GMT', 'Content-Type': 'application/json; charset=utf-8', 'Transfer-Encoding': 'chunked', 'Connection': 'keep-alive', 'X-Powered-By': 'Express', 'Access-Control-Allow-Origin': '*', 'Cache-Control': 'no-cache', 'ETag': 'W/"471-nBoaeksj1+pMATry/L8+SqIxHbg"', 'Vary': 'Accept-Encoding', 'Content-Encoding': 'gzip', 'CF-Cache-Status': 'DYNAMIC', 'Report-To': '{"endpoints":[{"url":"https:\\/\\/a.nel.cloudflare.com\\/report\\/v4?s=jEZ0FeQMC6GQJ8aVtC4tT7cfyBuwR0JFGKRnQZYbyu8r%2BIOGiEeff6TCyRgIH2fLq4mEjdieSb%2BxjIZthQt3guwSylDAF3eGyNyRM778N2EbcZeRfT1qSSglJ9gKoZba"}],"group":"cf-nel","max_age":604800}', 'NEL': '{"success_fraction":0,"report_to":"cf-nel","max_age":604800}', 'Server': 'cloudflare', 'CF-RAY': '88f32dcfcfa91045-ORD', 'alt-svc': 'h3=":443"; ma=86400'} 
 body={"results":[{"gender":"male","name":{"title":"Mr","first":"Sarmat","last":"Samokish"},"location":{"street":{"number":7088,"name":"Kinceva"},"city":"Storozhinec","state":"Sumska","country":"Ukraine","postcode":15762,"coordinates":{"latitude":"77.7047","longitude":"-147.1788"},"timezone":{"offset":"-2:00","description":"Mid-Atlantic"}},"email":"sarmat.samokish@example.com","login":{"uuid":"bc6b6db1-337e-4b0a-a11c-dddf684dc0a8","username":"beautifulrabbit874","password":"banner","salt":"omD6TcNO","md5":"ab51720a185ccee131da5026a04eec5e","sha1":"c735eae036a42c6284a0b9b515546e7a93be2259","sha256":"9c87d6cc4f5d2a565dd70049bfbb83fccc905792fc1764fd12270c051d703eca"},"dob":{"date":"1992-06-09T04:15:45.474Z","age":31},"registered":{"date":"2018-08-28T04:09:38.751Z","age":5},"phone":"(068) N38-7065","cell":"(097) A09-6308","id":{"name":"","value":null},"picture":{"large":"https://randomuser.me/api/portraits/men/97.jpg","medium":"https://randomuser.me/api/portraits/med/men/97.jpg","thumbnail":"https://randomuser.me/api/portraits/thumb/men/97.jpg"},"nat":"UA"}],"info":{"seed":"f9e7c7b729dcd250","results":1,"page":1,"version":"1.4"}} 
 </msg>
<msg time="2024-06-05T21:15:36.328033" level="INFO">/opt/hostedtoolcache/Python/3.12.3/x64/lib/python3.12/site-packages/urllib3/connectionpool.py:1103: InsecureRequestWarning: Unverified HTTPS request is being made to host 'randomuser.me'. Adding certificate verification is strongly advised. See: https://urllib3.readthedocs.io/en/latest/advanced-usage.html#tls-warnings
  warnings.warn(</msg>
<msg time="2024-06-05T21:15:36.328181" level="INFO">${response} = &lt;Response [200]&gt;</msg>
<var>${response}</var>
<arg>consultarAPI</arg>
<arg>/api</arg>
<doc>Sends a GET request on a previously created HTTP Session.</doc>
<status status="PASS" start="2024-06-05T21:15:36.139107" elapsed="0.189119"/>
</kw>
<kw name="Should Be Equal As Numbers" owner="BuiltIn">
<msg time="2024-06-05T21:15:36.329277" level="INFO">Argument types are:
&lt;class 'int'&gt;
&lt;class 'str'&gt;</msg>
<arg>${response.status_code}</arg>
<arg>200</arg>
<doc>Fails if objects are unequal after converting them to real numbers.</doc>
<status status="PASS" start="2024-06-05T21:15:36.328807" elapsed="0.000536"/>
</kw>
<kw name="Log" owner="BuiltIn">
<msg time="2024-06-05T21:15:36.330082" level="INFO">200</msg>
<arg>${response.status_code}</arg>
<doc>Logs the given message with the given level.</doc>
<status status="PASS" start="2024-06-05T21:15:36.329734" elapsed="0.000395"/>
</kw>
<kw name="Set Variable" owner="BuiltIn">
<msg time="2024-06-05T21:15:36.330871" level="INFO">${json_data} = {'results': [{'gender': 'male', 'name': {'title': 'Mr', 'first': 'Sarmat', 'last': 'Samokish'}, 'location': {'street': {'number': 7088, 'name': 'Kinceva'}, 'city': 'Storozhinec', 'state': 'Sumska', 'c...</msg>
<var>${json_data}</var>
<arg>${response.json()}</arg>
<doc>Returns the given values which can then be assigned to a variables.</doc>
<status status="PASS" start="2024-06-05T21:15:36.330444" elapsed="0.000455"/>
</kw>
<kw name="Dictionary Should Contain Key" owner="Collections">
<msg time="2024-06-05T21:15:36.331372" level="INFO">False</msg>
<arg>${json_data}</arg>
<arg>results</arg>
<doc>Fails if ``key`` is not found from ``dictionary``.</doc>
<status status="PASS" start="2024-06-05T21:15:36.331199" elapsed="0.000376"/>
</kw>
<status status="PASS" start="2024-06-05T21:15:36.138848" elapsed="0.192992"/>
</kw>
<doc>Testa se a API responde corretamente e retorna um objeto JSON válido.</doc>
<tag>testeRequisicaoBasica</tag>
<status status="PASS" start="2024-06-05T21:15:36.138359" elapsed="0.193671"/>
</test>
<test id="s1-s1-t3" name="Validar estrutura de resposta" line="22">
<kw name="Teste de Estrutura de Resposta" owner="random-user-service">
<kw name="GET On Session" owner="RequestsLibrary">
<msg time="2024-06-05T21:15:36.432464" level="INFO">GET Request : url=https://randomuser.me/api 
 path_url=/api 
 headers={'User-Agent': 'python-requests/2.32.3', 'Accept-Encoding': 'gzip, deflate', 'Accept': '*/*', 'Connection': 'keep-alive'} 
 body=None 
 </msg>
<msg time="2024-06-05T21:15:36.432573" level="INFO">GET Response : url=https://randomuser.me/api 
 status=200, reason=OK 
 headers={'Date': 'Wed, 05 Jun 2024 21:15:36 GMT', 'Content-Type': 'application/json; charset=utf-8', 'Transfer-Encoding': 'chunked', 'Connection': 'keep-alive', 'X-Powered-By': 'Express', 'Access-Control-Allow-Origin': '*', 'Cache-Control': 'no-cache', 'ETag': 'W/"49b-jq+KI+7hN8qnkEkIlPkLsBsgfgs"', 'Vary': 'Accept-Encoding', 'Content-Encoding': 'gzip', 'CF-Cache-Status': 'DYNAMIC', 'Report-To': '{"endpoints":[{"url":"https:\\/\\/a.nel.cloudflare.com\\/report\\/v4?s=eexuKoXnwUXFtQTrmAV%2FMk9a9xWY59vUU1BbkWTrmImby%2FnY%2BF1zy2k6Y7StkyCvvUWp%2Bqo4s6tWnPTwFm1CbisDR1J%2BvJF0VPJwyVf5WALwhCUXGXzhbU0dO41wOYUn"}],"group":"cf-nel","max_age":604800}', 'NEL': '{"success_fraction":0,"report_to":"cf-nel","max_age":604800}', 'Server': 'cloudflare', 'CF-RAY': '88f32dd018241045-ORD', 'alt-svc': 'h3=":443"; ma=86400'} 
 body={"results":[{"gender":"male","name":{"title":"Mr","first":"Aleksandar","last":"Fetzer"},"location":{"street":{"number":9692,"name":"Gartenstraße"},"city":"Rabenau","state":"Berlin","country":"Germany","postcode":20783,"coordinates":{"latitude":"-48.4374","longitude":"-1.1299"},"timezone":{"offset":"-4:00","description":"Atlantic Time (Canada), Caracas, La Paz"}},"email":"aleksandar.fetzer@example.com","login":{"uuid":"034f5b21-4332-4215-a3d6-c85109ac87c8","username":"ticklishgoose811","password":"coco","salt":"rnlkkewk","md5":"96b7f8a1ac86858064b83638ae344ff0","sha1":"0d599426510a5725ad9a9f8917569e25f25e3b3b","sha256":"a8d649cfc01af4abf80fd717f9895d3b935c7c45b1121b701cb768b916fbf491"},"dob":{"date":"1975-02-01T16:52:00.383Z","age":49},"registered":{"date":"2009-08-21T05:39:31.365Z","age":14},"phone":"0056-7548558","cell":"0176-6649181","id":{"name":"SVNR","value":"77 010275 F 208"},"picture":{"large":"https://randomuser.me/api/portraits/men/10.jpg","medium":"https://randomuser.me/api/portraits/med/men/10.jpg","thumbnail":"https://randomuser.me/api/portraits/thumb/men/10.jpg"},"nat":"DE"}],"info":{"seed":"a869a17d395c8b9a","results":1,"page":1,"version":"1.4"}} 
 </msg>
<msg time="2024-06-05T21:15:36.432713" level="INFO">/opt/hostedtoolcache/Python/3.12.3/x64/lib/python3.12/site-packages/urllib3/connectionpool.py:1103: InsecureRequestWarning: Unverified HTTPS request is being made to host 'randomuser.me'. Adding certificate verification is strongly advised. See: https://urllib3.readthedocs.io/en/latest/advanced-usage.html#tls-warnings
  warnings.warn(</msg>
<msg time="2024-06-05T21:15:36.432862" level="INFO">${response} = &lt;Response [200]&gt;</msg>
<var>${response}</var>
<arg>consultarAPI</arg>
<arg>/api</arg>
<doc>Sends a GET request on a previously created HTTP Session.</doc>
<status status="PASS" start="2024-06-05T21:15:36.334789" elapsed="0.098116"/>
</kw>
<kw name="Set Variable" owner="BuiltIn">
<msg time="2024-06-05T21:15:36.434171" level="INFO">${json_data} = {'results': [{'gender': 'male', 'name': {'title': 'Mr', 'first': 'Aleksandar', 'last': 'Fetzer'}, 'location': {'street': {'number': 9692, 'name': 'Gartenstraße'}, 'city': 'Rabenau', 'state': 'Berlin',...</msg>
<var>${json_data}</var>
<arg>${response.json()}</arg>
<doc>Returns the given values which can then be assigned to a variables.</doc>
<status status="PASS" start="2024-06-05T21:15:36.433583" elapsed="0.000621"/>
</kw>
<kw name="Log" owner="BuiltIn">
<msg time="2024-06-05T21:15:36.434689" level="INFO">{'results': [{'gender': 'male', 'name': {'title': 'Mr', 'first': 'Aleksandar', 'last': 'Fetzer'}, 'location': {'street': {'number': 9692, 'name': 'Gartenstraße'}, 'city': 'Rabenau', 'state': 'Berlin', 'country': 'Germany', 'postcode': 20783, 'coordinates': {'latitude': '-48.4374', 'longitude': '-1.1299'}, 'timezone': {'offset': '-4:00', 'description': 'Atlantic Time (Canada), Caracas, La Paz'}}, 'email': 'aleksandar.fetzer@example.com', 'login': {'uuid': '034f5b21-4332-4215-a3d6-c85109ac87c8', 'username': 'ticklishgoose811', 'password': 'coco', 'salt': 'rnlkkewk', 'md5': '96b7f8a1ac86858064b83638ae344ff0', 'sha1': '0d599426510a5725ad9a9f8917569e25f25e3b3b', 'sha256': 'a8d649cfc01af4abf80fd717f9895d3b935c7c45b1121b701cb768b916fbf491'}, 'dob': {'date': '1975-02-01T16:52:00.383Z', 'age': 49}, 'registered': {'date': '2009-08-21T05:39:31.365Z', 'age': 14}, 'phone': '0056-7548558', 'cell': '0176-6649181', 'id': {'name': 'SVNR', 'value': '77 010275 F 208'}, 'picture': {'large': 'https://randomuser.me/api/portraits/men/10.jpg', 'medium': 'https://randomuser.me/api/portraits/med/men/10.jpg', 'thumbnail': 'https://randomuser.me/api/portraits/thumb/men/10.jpg'}, 'nat': 'DE'}], 'info': {'seed': 'a869a17d395c8b9a', 'results': 1, 'page': 1, 'version': '1.4'}}</msg>
<arg>${json_data}</arg>
<doc>Logs the given message with the given level.</doc>
<status status="PASS" start="2024-06-05T21:15:36.434525" elapsed="0.000226"/>
</kw>
<kw name="Dictionary Should Contain Key" owner="Collections">
<msg time="2024-06-05T21:15:36.435207" level="INFO">False</msg>
<arg>${json_data}</arg>
<arg>results</arg>
<doc>Fails if ``key`` is not found from ``dictionary``.</doc>
<status status="PASS" start="2024-06-05T21:15:36.435051" elapsed="0.000193"/>
</kw>
<kw name="Should Not Be Empty" owner="BuiltIn">
<msg time="2024-06-05T21:15:36.435679" level="INFO">Length is 2.</msg>
<arg>${json_data}</arg>
<doc>Verifies that the given item is not empty.</doc>
<status status="PASS" start="2024-06-05T21:15:36.435541" elapsed="0.000177"/>
</kw>
<kw name="Create List" owner="BuiltIn">
<msg time="2024-06-05T21:15:36.436275" level="INFO">${expected_keys} = ['gender', 'name', 'location', 'email', 'login']</msg>
<var>${expected_keys}</var>
<arg>gender</arg>
<arg>name</arg>
<arg>location</arg>
<arg>email</arg>
<arg>login</arg>
<doc>Returns a list containing given items.</doc>
<status status="PASS" start="2024-06-05T21:15:36.436066" elapsed="0.000246"/>
</kw>
<for flavor="IN">
<iter>
<kw name="Dictionary Should Contain Key" owner="Collections">
<msg time="2024-06-05T21:15:36.437519" level="INFO">False</msg>
<arg>${json_data['results'][0]}</arg>
<arg>${key}</arg>
<doc>Fails if ``key`` is not found from ``dictionary``.</doc>
<status status="PASS" start="2024-06-05T21:15:36.437061" elapsed="0.000504"/>
</kw>
<kw name="Log" owner="BuiltIn">
<msg time="2024-06-05T21:15:36.438258" level="INFO">{'gender': 'male', 'name': {'title': 'Mr', 'first': 'Aleksandar', 'last': 'Fetzer'}, 'location': {'street': {'number': 9692, 'name': 'Gartenstraße'}, 'city': 'Rabenau', 'state': 'Berlin', 'country': 'Germany', 'postcode': 20783, 'coordinates': {'latitude': '-48.4374', 'longitude': '-1.1299'}, 'timezone': {'offset': '-4:00', 'description': 'Atlantic Time (Canada), Caracas, La Paz'}}, 'email': 'aleksandar.fetzer@example.com', 'login': {'uuid': '034f5b21-4332-4215-a3d6-c85109ac87c8', 'username': 'ticklishgoose811', 'password': 'coco', 'salt': 'rnlkkewk', 'md5': '96b7f8a1ac86858064b83638ae344ff0', 'sha1': '0d599426510a5725ad9a9f8917569e25f25e3b3b', 'sha256': 'a8d649cfc01af4abf80fd717f9895d3b935c7c45b1121b701cb768b916fbf491'}, 'dob': {'date': '1975-02-01T16:52:00.383Z', 'age': 49}, 'registered': {'date': '2009-08-21T05:39:31.365Z', 'age': 14}, 'phone': '0056-7548558', 'cell': '0176-6649181', 'id': {'name': 'SVNR', 'value': '77 010275 F 208'}, 'picture': {'large': 'https://randomuser.me/api/portraits/men/10.jpg', 'medium': 'https://randomuser.me/api/portraits/med/men/10.jpg', 'thumbnail': 'https://randomuser.me/api/portraits/thumb/men/10.jpg'}, 'nat': 'DE'}</msg>
<arg>${json_data['results'][0]}</arg>
<doc>Logs the given message with the given level.</doc>
<status status="PASS" start="2024-06-05T21:15:36.437878" elapsed="0.000430"/>
</kw>
<kw name="Log" owner="BuiltIn">
<msg time="2024-06-05T21:15:36.438750" level="INFO">gender</msg>
<arg>${key}</arg>
<doc>Logs the given message with the given level.</doc>
<status status="PASS" start="2024-06-05T21:15:36.438617" elapsed="0.000171"/>
</kw>
<var name="${key}">gender</var>
<status status="PASS" start="2024-06-05T21:15:36.436930" elapsed="0.002075"/>
</iter>
<iter>
<kw name="Dictionary Should Contain Key" owner="Collections">
<msg time="2024-06-05T21:15:36.439708" level="INFO">False</msg>
<arg>${json_data['results'][0]}</arg>
<arg>${key}</arg>
<doc>Fails if ``key`` is not found from ``dictionary``.</doc>
<status status="PASS" start="2024-06-05T21:15:36.439319" elapsed="0.000427"/>
</kw>
<kw name="Log" owner="BuiltIn">
<msg time="2024-06-05T21:15:36.440433" level="INFO">{'gender': 'male', 'name': {'title': 'Mr', 'first': 'Aleksandar', 'last': 'Fetzer'}, 'location': {'street': {'number': 9692, 'name': 'Gartenstraße'}, 'city': 'Rabenau', 'state': 'Berlin', 'country': 'Germany', 'postcode': 20783, 'coordinates': {'latitude': '-48.4374', 'longitude': '-1.1299'}, 'timezone': {'offset': '-4:00', 'description': 'Atlantic Time (Canada), Caracas, La Paz'}}, 'email': 'aleksandar.fetzer@example.com', 'login': {'uuid': '034f5b21-4332-4215-a3d6-c85109ac87c8', 'username': 'ticklishgoose811', 'password': 'coco', 'salt': 'rnlkkewk', 'md5': '96b7f8a1ac86858064b83638ae344ff0', 'sha1': '0d599426510a5725ad9a9f8917569e25f25e3b3b', 'sha256': 'a8d649cfc01af4abf80fd717f9895d3b935c7c45b1121b701cb768b916fbf491'}, 'dob': {'date': '1975-02-01T16:52:00.383Z', 'age': 49}, 'registered': {'date': '2009-08-21T05:39:31.365Z', 'age': 14}, 'phone': '0056-7548558', 'cell': '0176-6649181', 'id': {'name': 'SVNR', 'value': '77 010275 F 208'}, 'picture': {'large': 'https://randomuser.me/api/portraits/men/10.jpg', 'medium': 'https://randomuser.me/api/portraits/med/men/10.jpg', 'thumbnail': 'https://randomuser.me/api/portraits/thumb/men/10.jpg'}, 'nat': 'DE'}</msg>
<arg>${json_data['results'][0]}</arg>
<doc>Logs the given message with the given level.</doc>
<status status="PASS" start="2024-06-05T21:15:36.440074" elapsed="0.000410"/>
</kw>
<kw name="Log" owner="BuiltIn">
<msg time="2024-06-05T21:15:36.440911" level="INFO">name</msg>
<arg>${key}</arg>
<doc>Logs the given message with the given level.</doc>
<status status="PASS" start="2024-06-05T21:15:36.440784" elapsed="0.000165"/>
</kw>
<var name="${key}">name</var>
<status status="PASS" start="2024-06-05T21:15:36.439201" elapsed="0.001969"/>
</iter>
<iter>
<kw name="Dictionary Should Contain Key" owner="Collections">
<msg time="2024-06-05T21:15:36.441879" level="INFO">False</msg>
<arg>${json_data['results'][0]}</arg>
<arg>${key}</arg>
<doc>Fails if ``key`` is not found from ``dictionary``.</doc>
<status status="PASS" start="2024-06-05T21:15:36.441491" elapsed="0.000426"/>
</kw>
<kw name="Log" owner="BuiltIn">
<msg time="2024-06-05T21:15:36.442590" level="INFO">{'gender': 'male', 'name': {'title': 'Mr', 'first': 'Aleksandar', 'last': 'Fetzer'}, 'location': {'street': {'number': 9692, 'name': 'Gartenstraße'}, 'city': 'Rabenau', 'state': 'Berlin', 'country': 'Germany', 'postcode': 20783, 'coordinates': {'latitude': '-48.4374', 'longitude': '-1.1299'}, 'timezone': {'offset': '-4:00', 'description': 'Atlantic Time (Canada), Caracas, La Paz'}}, 'email': 'aleksandar.fetzer@example.com', 'login': {'uuid': '034f5b21-4332-4215-a3d6-c85109ac87c8', 'username': 'ticklishgoose811', 'password': 'coco', 'salt': 'rnlkkewk', 'md5': '96b7f8a1ac86858064b83638ae344ff0', 'sha1': '0d599426510a5725ad9a9f8917569e25f25e3b3b', 'sha256': 'a8d649cfc01af4abf80fd717f9895d3b935c7c45b1121b701cb768b916fbf491'}, 'dob': {'date': '1975-02-01T16:52:00.383Z', 'age': 49}, 'registered': {'date': '2009-08-21T05:39:31.365Z', 'age': 14}, 'phone': '0056-7548558', 'cell': '0176-6649181', 'id': {'name': 'SVNR', 'value': '77 010275 F 208'}, 'picture': {'large': 'https://randomuser.me/api/portraits/men/10.jpg', 'medium': 'https://randomuser.me/api/portraits/med/men/10.jpg', 'thumbnail': 'https://randomuser.me/api/portraits/thumb/men/10.jpg'}, 'nat': 'DE'}</msg>
<arg>${json_data['results'][0]}</arg>
<doc>Logs the given message with the given level.</doc>
<status status="PASS" start="2024-06-05T21:15:36.442222" elapsed="0.000419"/>
</kw>
<kw name="Log" owner="BuiltIn">
<msg time="2024-06-05T21:15:36.443071" level="INFO">location</msg>
<arg>${key}</arg>
<doc>Logs the given message with the given level.</doc>
<status status="PASS" start="2024-06-05T21:15:36.442944" elapsed="0.000164"/>
</kw>
<var name="${key}">location</var>
<status status="PASS" start="2024-06-05T21:15:36.441353" elapsed="0.001971"/>
</iter>
<iter>
<kw name="Dictionary Should Contain Key" owner="Collections">
<msg time="2024-06-05T21:15:36.444125" level="INFO">False</msg>
<arg>${json_data['results'][0]}</arg>
<arg>${key}</arg>
<doc>Fails if ``key`` is not found from ``dictionary``.</doc>
<status status="PASS" start="2024-06-05T21:15:36.443612" elapsed="0.000553"/>
</kw>
<kw name="Log" owner="BuiltIn">
<msg time="2024-06-05T21:15:36.444830" level="INFO">{'gender': 'male', 'name': {'title': 'Mr', 'first': 'Aleksandar', 'last': 'Fetzer'}, 'location': {'street': {'number': 9692, 'name': 'Gartenstraße'}, 'city': 'Rabenau', 'state': 'Berlin', 'country': 'Germany', 'postcode': 20783, 'coordinates': {'latitude': '-48.4374', 'longitude': '-1.1299'}, 'timezone': {'offset': '-4:00', 'description': 'Atlantic Time (Canada), Caracas, La Paz'}}, 'email': 'aleksandar.fetzer@example.com', 'login': {'uuid': '034f5b21-4332-4215-a3d6-c85109ac87c8', 'username': 'ticklishgoose811', 'password': 'coco', 'salt': 'rnlkkewk', 'md5': '96b7f8a1ac86858064b83638ae344ff0', 'sha1': '0d599426510a5725ad9a9f8917569e25f25e3b3b', 'sha256': 'a8d649cfc01af4abf80fd717f9895d3b935c7c45b1121b701cb768b916fbf491'}, 'dob': {'date': '1975-02-01T16:52:00.383Z', 'age': 49}, 'registered': {'date': '2009-08-21T05:39:31.365Z', 'age': 14}, 'phone': '0056-7548558', 'cell': '0176-6649181', 'id': {'name': 'SVNR', 'value': '77 010275 F 208'}, 'picture': {'large': 'https://randomuser.me/api/portraits/men/10.jpg', 'medium': 'https://randomuser.me/api/portraits/med/men/10.jpg', 'thumbnail': 'https://randomuser.me/api/portraits/thumb/men/10.jpg'}, 'nat': 'DE'}</msg>
<arg>${json_data['results'][0]}</arg>
<doc>Logs the given message with the given level.</doc>
<status status="PASS" start="2024-06-05T21:15:36.444468" elapsed="0.000413"/>
</kw>
<kw name="Log" owner="BuiltIn">
<msg time="2024-06-05T21:15:36.445306" level="INFO">email</msg>
<arg>${key}</arg>
<doc>Logs the given message with the given level.</doc>
<status status="PASS" start="2024-06-05T21:15:36.445178" elapsed="0.000167"/>
</kw>
<var name="${key}">email</var>
<status status="PASS" start="2024-06-05T21:15:36.443500" elapsed="0.002102"/>
</iter>
<iter>
<kw name="Dictionary Should Contain Key" owner="Collections">
<msg time="2024-06-05T21:15:36.446278" level="INFO">False</msg>
<arg>${json_data['results'][0]}</arg>
<arg>${key}</arg>
<doc>Fails if ``key`` is not found from ``dictionary``.</doc>
<status status="PASS" start="2024-06-05T21:15:36.445893" elapsed="0.000423"/>
</kw>
<kw name="Log" owner="BuiltIn">
<msg time="2024-06-05T21:15:36.446966" level="INFO">{'gender': 'male', 'name': {'title': 'Mr', 'first': 'Aleksandar', 'last': 'Fetzer'}, 'location': {'street': {'number': 9692, 'name': 'Gartenstraße'}, 'city': 'Rabenau', 'state': 'Berlin', 'country': 'Germany', 'postcode': 20783, 'coordinates': {'latitude': '-48.4374', 'longitude': '-1.1299'}, 'timezone': {'offset': '-4:00', 'description': 'Atlantic Time (Canada), Caracas, La Paz'}}, 'email': 'aleksandar.fetzer@example.com', 'login': {'uuid': '034f5b21-4332-4215-a3d6-c85109ac87c8', 'username': 'ticklishgoose811', 'password': 'coco', 'salt': 'rnlkkewk', 'md5': '96b7f8a1ac86858064b83638ae344ff0', 'sha1': '0d599426510a5725ad9a9f8917569e25f25e3b3b', 'sha256': 'a8d649cfc01af4abf80fd717f9895d3b935c7c45b1121b701cb768b916fbf491'}, 'dob': {'date': '1975-02-01T16:52:00.383Z', 'age': 49}, 'registered': {'date': '2009-08-21T05:39:31.365Z', 'age': 14}, 'phone': '0056-7548558', 'cell': '0176-6649181', 'id': {'name': 'SVNR', 'value': '77 010275 F 208'}, 'picture': {'large': 'https://randomuser.me/api/portraits/men/10.jpg', 'medium': 'https://randomuser.me/api/portraits/med/men/10.jpg', 'thumbnail': 'https://randomuser.me/api/portraits/thumb/men/10.jpg'}, 'nat': 'DE'}</msg>
<arg>${json_data['results'][0]}</arg>
<doc>Logs the given message with the given level.</doc>
<status status="PASS" start="2024-06-05T21:15:36.446613" elapsed="0.000403"/>
</kw>
<kw name="Log" owner="BuiltIn">
<msg time="2024-06-05T21:15:36.447437" level="INFO">login</msg>
<arg>${key}</arg>
<doc>Logs the given message with the given level.</doc>
<status status="PASS" start="2024-06-05T21:15:36.447310" elapsed="0.000163"/>
</kw>
<var name="${key}">login</var>
<status status="PASS" start="2024-06-05T21:15:36.445779" elapsed="0.001935"/>
</iter>
<var>${key}</var>
<value>@{expected_keys}</value>
<status status="PASS" start="2024-06-05T21:15:36.436690" elapsed="0.011148"/>
</for>
<kw name="Create List" owner="BuiltIn">
<msg time="2024-06-05T21:15:36.448172" level="INFO">${expected_keysTwo} = ['username', 'password']</msg>
<var>${expected_keysTwo}</var>
<arg>username</arg>
<arg>password</arg>
<doc>Returns a list containing given items.</doc>
<status status="PASS" start="2024-06-05T21:15:36.448036" elapsed="0.000159"/>
</kw>
<for flavor="IN">
<iter>
<kw name="Dictionary Should Contain Key" owner="Collections">
<msg time="2024-06-05T21:15:36.449078" level="INFO">False</msg>
<arg>${json_data['results'][0]['login']}</arg>
<arg>${keyTwo}</arg>
<doc>Fails if ``key`` is not found from ``dictionary``.</doc>
<status status="PASS" start="2024-06-05T21:15:36.448698" elapsed="0.000416"/>
</kw>
<kw name="Dictionary Should Contain Key" owner="Collections">
<msg time="2024-06-05T21:15:36.449819" level="INFO">False</msg>
<arg>${json_data['results'][0]['login']}</arg>
<arg>${keyTwo}</arg>
<doc>Fails if ``key`` is not found from ``dictionary``.</doc>
<status status="PASS" start="2024-06-05T21:15:36.449434" elapsed="0.000422"/>
</kw>
<kw name="Log" owner="BuiltIn">
<msg time="2024-06-05T21:15:36.450277" level="INFO">username</msg>
<arg>${keyTwo}</arg>
<doc>Logs the given message with the given level.</doc>
<status status="PASS" start="2024-06-05T21:15:36.450150" elapsed="0.000163"/>
</kw>
<var name="${keyTwo}">username</var>
<status status="PASS" start="2024-06-05T21:15:36.448589" elapsed="0.001940"/>
</iter>
<iter>
<kw name="Dictionary Should Contain Key" owner="Collections">
<msg time="2024-06-05T21:15:36.451185" level="INFO">False</msg>
<arg>${json_data['results'][0]['login']}</arg>
<arg>${keyTwo}</arg>
<doc>Fails if ``key`` is not found from ``dictionary``.</doc>
<status status="PASS" start="2024-06-05T21:15:36.450808" elapsed="0.000414"/>
</kw>
<kw name="Dictionary Should Contain Key" owner="Collections">
<msg time="2024-06-05T21:15:36.451905" level="INFO">False</msg>
<arg>${json_data['results'][0]['login']}</arg>
<arg>${keyTwo}</arg>
<doc>Fails if ``key`` is not found from ``dictionary``.</doc>
<status status="PASS" start="2024-06-05T21:15:36.451517" elapsed="0.000426"/>
</kw>
<kw name="Log" owner="BuiltIn">
<msg time="2024-06-05T21:15:36.452392" level="INFO">password</msg>
<arg>${keyTwo}</arg>
<doc>Logs the given message with the given level.</doc>
<status status="PASS" start="2024-06-05T21:15:36.452265" elapsed="0.000164"/>
</kw>
<var name="${keyTwo}">password</var>
<status status="PASS" start="2024-06-05T21:15:36.450698" elapsed="0.001946"/>
</iter>
<var>${keyTwo}</var>
<value>@{expected_keysTwo}</value>
<status status="PASS" start="2024-06-05T21:15:36.448433" elapsed="0.004329"/>
</for>
<status status="PASS" start="2024-06-05T21:15:36.334542" elapsed="0.118362"/>
</kw>
<doc>Testa a estrutura da resposta da API.</doc>
<tag>testeEstruturaResposta</tag>
<status status="PASS" start="2024-06-05T21:15:36.333910" elapsed="0.119156"/>
</test>
<test id="s1-s1-t4" name="Validar tipos de dados" line="28">
<kw name="Teste de Tipos de Dados" owner="random-user-service">
<kw name="GET On Session" owner="RequestsLibrary">
<msg time="2024-06-05T21:15:36.535360" level="INFO">GET Request : url=https://randomuser.me/api 
 path_url=/api 
 headers={'User-Agent': 'python-requests/2.32.3', 'Accept-Encoding': 'gzip, deflate', 'Accept': '*/*', 'Connection': 'keep-alive'} 
 body=None 
 </msg>
<msg time="2024-06-05T21:15:36.535468" level="INFO">GET Response : url=https://randomuser.me/api 
 status=200, reason=OK 
 headers={'Date': 'Wed, 05 Jun 2024 21:15:36 GMT', 'Content-Type': 'application/json; charset=utf-8', 'Transfer-Encoding': 'chunked', 'Connection': 'keep-alive', 'X-Powered-By': 'Express', 'Access-Control-Allow-Origin': '*', 'Cache-Control': 'no-cache', 'ETag': 'W/"48b-yFQP8Sx7Z6s2WAtudsa2Duz0LwU"', 'Vary': 'Accept-Encoding', 'Content-Encoding': 'gzip', 'CF-Cache-Status': 'DYNAMIC', 'Report-To': '{"endpoints":[{"url":"https:\\/\\/a.nel.cloudflare.com\\/report\\/v4?s=AoJOykWFq9RmeTEy7iNCDvyep4QVrGOkVpcK9QU1XmbgLuX%2BRW0Ibi4gJ%2F2q8ZNO2ITBb61l4m29gD3cLiVHFdbefV93T55dZmnDnhRhK%2FY%2BS6%2FPBJKPhQsUA%2BT%2B0uLH"}],"group":"cf-nel","max_age":604800}', 'NEL': '{"success_fraction":0,"report_to":"cf-nel","max_age":604800}', 'Server': 'cloudflare', 'CF-RAY': '88f32dd0d92e1045-ORD', 'alt-svc': 'h3=":443"; ma=86400'} 
 body={"results":[{"gender":"male","name":{"title":"Mr","first":"Kenan","last":"Bjørnå"},"location":{"street":{"number":3260,"name":"Ullernfaret"},"city":"Moen","state":"Sør-Trøndelag","country":"Norway","postcode":"4707","coordinates":{"latitude":"41.7461","longitude":"-171.2652"},"timezone":{"offset":"-5:00","description":"Eastern Time (US &amp; Canada), Bogota, Lima"}},"email":"kenan.bjorna@example.com","login":{"uuid":"7135e8bd-d4a8-41ff-93a8-af0b8a50abed","username":"purplelion687","password":"cheese1","salt":"YpNGg08v","md5":"0e727374d00654dcac53ab706c3d4cae","sha1":"f8f3272457594d9d7295286f85d882f00d70d91d","sha256":"7684bc90a0d6b2fedc035e2a3de0f9a217b973879a59a95827700da6bf73a6a5"},"dob":{"date":"1999-04-15T08:36:26.932Z","age":25},"registered":{"date":"2002-03-21T10:51:45.755Z","age":22},"phone":"66306798","cell":"92517000","id":{"name":"FN","value":"15049903348"},"picture":{"large":"https://randomuser.me/api/portraits/men/74.jpg","medium":"https://randomuser.me/api/portraits/med/men/74.jpg","thumbnail":"https://randomuser.me/api/portraits/thumb/men/74.jpg"},"nat":"NO"}],"info":{"seed":"e5bc7821ffdfda05","results":1,"page":1,"version":"1.4"}} 
 </msg>
<msg time="2024-06-05T21:15:36.535559" level="INFO">/opt/hostedtoolcache/Python/3.12.3/x64/lib/python3.12/site-packages/urllib3/connectionpool.py:1103: InsecureRequestWarning: Unverified HTTPS request is being made to host 'randomuser.me'. Adding certificate verification is strongly advised. See: https://urllib3.readthedocs.io/en/latest/advanced-usage.html#tls-warnings
  warnings.warn(</msg>
<msg time="2024-06-05T21:15:36.535692" level="INFO">${response} = &lt;Response [200]&gt;</msg>
<var>${response}</var>
<arg>consultarAPI</arg>
<arg>/api</arg>
<doc>Sends a GET request on a previously created HTTP Session.</doc>
<status status="PASS" start="2024-06-05T21:15:36.455765" elapsed="0.079970"/>
</kw>
<kw name="Set Variable" owner="BuiltIn">
<msg time="2024-06-05T21:15:36.536774" level="INFO">${json_data} = {'results': [{'gender': 'male', 'name': {'title': 'Mr', 'first': 'Kenan', 'last': 'Bjørnå'}, 'location': {'street': {'number': 3260, 'name': 'Ullernfaret'}, 'city': 'Moen', 'state': 'Sør-Trøndelag', '...</msg>
<var>${json_data}</var>
<arg>${response.json()}</arg>
<doc>Returns the given values which can then be assigned to a variables.</doc>
<status status="PASS" start="2024-06-05T21:15:36.536240" elapsed="0.000565"/>
</kw>
<kw name="Log" owner="BuiltIn">
<msg time="2024-06-05T21:15:36.537325" level="INFO">{'results': [{'gender': 'male', 'name': {'title': 'Mr', 'first': 'Kenan', 'last': 'Bjørnå'}, 'location': {'street': {'number': 3260, 'name': 'Ullernfaret'}, 'city': 'Moen', 'state': 'Sør-Trøndelag', 'country': 'Norway', 'postcode': '4707', 'coordinates': {'latitude': '41.7461', 'longitude': '-171.2652'}, 'timezone': {'offset': '-5:00', 'description': 'Eastern Time (US &amp; Canada), Bogota, Lima'}}, 'email': 'kenan.bjorna@example.com', 'login': {'uuid': '7135e8bd-d4a8-41ff-93a8-af0b8a50abed', 'username': 'purplelion687', 'password': 'cheese1', 'salt': 'YpNGg08v', 'md5': '0e727374d00654dcac53ab706c3d4cae', 'sha1': 'f8f3272457594d9d7295286f85d882f00d70d91d', 'sha256': '7684bc90a0d6b2fedc035e2a3de0f9a217b973879a59a95827700da6bf73a6a5'}, 'dob': {'date': '1999-04-15T08:36:26.932Z', 'age': 25}, 'registered': {'date': '2002-03-21T10:51:45.755Z', 'age': 22}, 'phone': '66306798', 'cell': '92517000', 'id': {'name': 'FN', 'value': '15049903348'}, 'picture': {'large': 'https://randomuser.me/api/portraits/men/74.jpg', 'medium': 'https://randomuser.me/api/portraits/med/men/74.jpg', 'thumbnail': 'https://randomuser.me/api/portraits/thumb/men/74.jpg'}, 'nat': 'NO'}], 'info': {'seed': 'e5bc7821ffdfda05', 'results': 1, 'page': 1, 'version': '1.4'}}</msg>
<arg>${json_data}</arg>
<doc>Logs the given message with the given level.</doc>
<status status="PASS" start="2024-06-05T21:15:36.537153" elapsed="0.000317"/>
</kw>
<kw name="Should Be String" owner="String">
<arg>${json_data['results'][0]['gender']}</arg>
<doc>Fails if the given ``item`` is not a string.</doc>
<status status="PASS" start="2024-06-05T21:15:36.537815" elapsed="0.000377"/>
</kw>
<kw name="Should Match Regexp" owner="BuiltIn">
<arg>${json_data['results'][0]['email']}</arg>
<arg>^[a-zA-Z0-9._%+-]+@[a-zA-Z0-9.-]+\.[a-zA-Z]{2,}$</arg>
<doc>Fails if ``string`` does not match ``pattern`` as a regular expression.</doc>
<status status="PASS" start="2024-06-05T21:15:36.538393" elapsed="0.000696"/>
</kw>
<kw name="Should Match Regexp" owner="BuiltIn">
<arg>${json_data['results'][0]['dob']['date']}</arg>
<arg>\\d{4}-\\d{2}-\\d{2}T\\d{2}:\\d{2}:\\d{2}\\.\\d{3}Z</arg>
<doc>Fails if ``string`` does not match ``pattern`` as a regular expression.</doc>
<status status="PASS" start="2024-06-05T21:15:36.539295" elapsed="0.000490"/>
</kw>
<kw name="Should Match Regexp" owner="BuiltIn">
<arg>${json_data['results'][0]['registered']['date']}</arg>
<arg>\\d{4}-\\d{2}-\\d{2}T\\d{2}:\\d{2}:\\d{2}\\.\\d{3}Z</arg>
<doc>Fails if ``string`` does not match ``pattern`` as a regular expression.</doc>
<status status="PASS" start="2024-06-05T21:15:36.539983" elapsed="0.000367"/>
</kw>
<kw name="Should Match Regexp" owner="BuiltIn">
<arg>${json_data['results'][0]['picture']['large']}</arg>
<arg>^https?://.*\.(?:png|jpe?g|gif|bmp)$</arg>
<doc>Fails if ``string`` does not match ``pattern`` as a regular expression.</doc>
<status status="PASS" start="2024-06-05T21:15:36.540540" elapsed="0.000463"/>
</kw>
<kw name="Should Match Regexp" owner="BuiltIn">
<arg>${json_data['results'][0]['picture']['medium']}</arg>
<arg>^https?://.*\.(?:png|jpe?g|gif|bmp)$</arg>
<doc>Fails if ``string`` does not match ``pattern`` as a regular expression.</doc>
<status status="PASS" start="2024-06-05T21:15:36.541197" elapsed="0.000384"/>
</kw>
<kw name="Should Match Regexp" owner="BuiltIn">
<arg>${json_data['results'][0]['picture']['thumbnail']}</arg>
<arg>^https?://.*\.(?:png|jpe?g|gif|bmp)$</arg>
<doc>Fails if ``string`` does not match ``pattern`` as a regular expression.</doc>
<status status="PASS" start="2024-06-05T21:15:36.541773" elapsed="0.000347"/>
</kw>
<kw name="Log" owner="BuiltIn">
<msg time="2024-06-05T21:15:36.542620" level="INFO">{'large': 'https://randomuser.me/api/portraits/men/74.jpg', 'medium': 'https://randomuser.me/api/portraits/med/men/74.jpg', 'thumbnail': 'https://randomuser.me/api/portraits/thumb/men/74.jpg'}</msg>
<arg>${json_data['results'][0]['picture']}</arg>
<doc>Logs the given message with the given level.</doc>
<status status="PASS" start="2024-06-05T21:15:36.542301" elapsed="0.000361"/>
</kw>
<status status="PASS" start="2024-06-05T21:15:36.455489" elapsed="0.087432"/>
</kw>
<kw name="Teste de Tipos de Dados - Postcode" owner="random-user-service">
<kw name="GET On Session" owner="RequestsLibrary">
<msg time="2024-06-05T21:15:36.639118" level="INFO">GET Request : url=https://randomuser.me/api 
 path_url=/api 
 headers={'User-Agent': 'python-requests/2.32.3', 'Accept-Encoding': 'gzip, deflate', 'Accept': '*/*', 'Connection': 'keep-alive'} 
 body=None 
 </msg>
<msg time="2024-06-05T21:15:36.639215" level="INFO">GET Response : url=https://randomuser.me/api 
 status=200, reason=OK 
 headers={'Date': 'Wed, 05 Jun 2024 21:15:36 GMT', 'Content-Type': 'application/json; charset=utf-8', 'Transfer-Encoding': 'chunked', 'Connection': 'keep-alive', 'X-Powered-By': 'Express', 'Access-Control-Allow-Origin': '*', 'Cache-Control': 'no-cache', 'ETag': 'W/"4b9-bGsJ8Z8RuX6H0o6liwK8u8Qo++E"', 'Vary': 'Accept-Encoding', 'Content-Encoding': 'gzip', 'CF-Cache-Status': 'DYNAMIC', 'Report-To': '{"endpoints":[{"url":"https:\\/\\/a.nel.cloudflare.com\\/report\\/v4?s=klEQpA4NHf%2FBRu3rbQtP0w4RcTMa4xp38tmh%2BkeQmTWGMHN6uGLDWIZm8L2dNOJsS1zDr3LxWTUSH00QIvZNxLD5JPIvw%2FguTvqMP%2F3gr8B8LorWCQ8Usvhpc86XMU7C"}],"group":"cf-nel","max_age":604800}', 'NEL': '{"success_fraction":0,"report_to":"cf-nel","max_age":604800}', 'Server': 'cloudflare', 'CF-RAY': '88f32dd16a0e1045-ORD', 'alt-svc': 'h3=":443"; ma=86400'} 
 body={"results":[{"gender":"female","name":{"title":"Ms","first":"Karla","last":"Concepción"},"location":{"street":{"number":6293,"name":"Eje vial Carmona"},"city":"Yoricostio (La Villita)","state":"Campeche","country":"Mexico","postcode":26151,"coordinates":{"latitude":"23.9623","longitude":"178.7698"},"timezone":{"offset":"+11:00","description":"Magadan, Solomon Islands, New Caledonia"}},"email":"karla.concepcion@example.com","login":{"uuid":"83cfa9f1-2fc7-417b-8ed6-2c50c86fa21a","username":"happydog775","password":"ssssssss","salt":"7VEgCQb3","md5":"37ad9398180f04d8eed20450b8e915f9","sha1":"da2d3abf98e574a4b0e4edd022c3880e083c3a13","sha256":"1f1956d7b6d2c90a5505df62852296766247404534761780e27870e69a8deb4c"},"dob":{"date":"1964-08-28T20:44:50.358Z","age":59},"registered":{"date":"2003-06-08T18:07:01.103Z","age":20},"phone":"(654) 961 0674","cell":"(635) 682 7845","id":{"name":"NSS","value":"05 47 14 4157 2"},"picture":{"large":"https://randomuser.me/api/portraits/women/76.jpg","medium":"https://randomuser.me/api/portraits/med/women/76.jpg","thumbnail":"https://randomuser.me/api/portraits/thumb/women/76.jpg"},"nat":"MX"}],"info":{"seed":"0fc0b3b4ea8a5e38","results":1,"page":1,"version":"1.4"}} 
 </msg>
<msg time="2024-06-05T21:15:36.639289" level="INFO">/opt/hostedtoolcache/Python/3.12.3/x64/lib/python3.12/site-packages/urllib3/connectionpool.py:1103: InsecureRequestWarning: Unverified HTTPS request is being made to host 'randomuser.me'. Adding certificate verification is strongly advised. See: https://urllib3.readthedocs.io/en/latest/advanced-usage.html#tls-warnings
  warnings.warn(</msg>
<msg time="2024-06-05T21:15:36.639407" level="INFO">${response} = &lt;Response [200]&gt;</msg>
<var>${response}</var>
<arg>consultarAPI</arg>
<arg>/api</arg>
<doc>Sends a GET request on a previously created HTTP Session.</doc>
<status status="PASS" start="2024-06-05T21:15:36.543383" elapsed="0.096063"/>
</kw>
<kw name="Set Variable" owner="BuiltIn">
<msg time="2024-06-05T21:15:36.640505" level="INFO">${json_data} = {'results': [{'gender': 'female', 'name': {'title': 'Ms', 'first': 'Karla', 'last': 'Concepción'}, 'location': {'street': {'number': 6293, 'name': 'Eje vial Carmona'}, 'city': 'Yoricostio (La Villita)...</msg>
<var>${json_data}</var>
<arg>${response.json()}</arg>
<doc>Returns the given values which can then be assigned to a variables.</doc>
<status status="PASS" start="2024-06-05T21:15:36.639969" elapsed="0.000569"/>
</kw>
<kw name="Log" owner="BuiltIn">
<msg time="2024-06-05T21:15:36.641053" level="INFO">{'results': [{'gender': 'female', 'name': {'title': 'Ms', 'first': 'Karla', 'last': 'Concepción'}, 'location': {'street': {'number': 6293, 'name': 'Eje vial Carmona'}, 'city': 'Yoricostio (La Villita)', 'state': 'Campeche', 'country': 'Mexico', 'postcode': 26151, 'coordinates': {'latitude': '23.9623', 'longitude': '178.7698'}, 'timezone': {'offset': '+11:00', 'description': 'Magadan, Solomon Islands, New Caledonia'}}, 'email': 'karla.concepcion@example.com', 'login': {'uuid': '83cfa9f1-2fc7-417b-8ed6-2c50c86fa21a', 'username': 'happydog775', 'password': 'ssssssss', 'salt': '7VEgCQb3', 'md5': '37ad9398180f04d8eed20450b8e915f9', 'sha1': 'da2d3abf98e574a4b0e4edd022c3880e083c3a13', 'sha256': '1f1956d7b6d2c90a5505df62852296766247404534761780e27870e69a8deb4c'}, 'dob': {'date': '1964-08-28T20:44:50.358Z', 'age': 59}, 'registered': {'date': '2003-06-08T18:07:01.103Z', 'age': 20}, 'phone': '(654) 961 0674', 'cell': '(635) 682 7845', 'id': {'name': 'NSS', 'value': '05 47 14 4157 2'}, 'picture': {'large': 'https://randomuser.me/api/portraits/women/76.jpg', 'medium': 'https://randomuser.me/api/portraits/med/women/76.jpg', 'thumbnail': 'https://randomuser.me/api/portraits/thumb/women/76.jpg'}, 'nat': 'MX'}], 'info': {'seed': '0fc0b3b4ea8a5e38', 'results': 1, 'page': 1, 'version': '1.4'}}</msg>
<arg>${json_data}</arg>
<doc>Logs the given message with the given level.</doc>
<status status="PASS" start="2024-06-05T21:15:36.640885" elapsed="0.000266"/>
</kw>
<kw name="Should Be Equal As Numbers" owner="BuiltIn">
<arg>${json_data['results'][0]['location']['postcode']}</arg>
<arg>${json_data['results'][0]['location']['postcode']}</arg>
<doc>Fails if objects are unequal after converting them to real numbers.</doc>
<status status="PASS" start="2024-06-05T21:15:36.641522" elapsed="0.000654"/>
</kw>
<kw name="Log" owner="BuiltIn">
<msg time="2024-06-05T21:15:36.642726" level="INFO">26151</msg>
<arg>${json_data['results'][0]['location']['postcode']}</arg>
<doc>Logs the given message with the given level.</doc>
<status status="PASS" start="2024-06-05T21:15:36.642383" elapsed="0.000385"/>
</kw>
<status status="PASS" start="2024-06-05T21:15:36.543150" elapsed="0.099882"/>
</kw>
<doc>Testa se os tipos de dados na resposta da API estão corretos.</doc>
<tag>testeTiposDados</tag>
<status status="PASS" start="2024-06-05T21:15:36.454891" elapsed="0.188318"/>
</test>
<test id="s1-s1-t5" name="Validar conteudo" line="35">
<kw name="Teste de Tipos de Conteudo" owner="random-user-service">
<kw name="GET On Session" owner="RequestsLibrary">
<msg time="2024-06-05T21:15:36.734696" level="INFO">GET Request : url=https://randomuser.me/api 
 path_url=/api 
 headers={'User-Agent': 'python-requests/2.32.3', 'Accept-Encoding': 'gzip, deflate', 'Accept': '*/*', 'Connection': 'keep-alive'} 
 body=None 
 </msg>
<msg time="2024-06-05T21:15:36.734803" level="INFO">GET Response : url=https://randomuser.me/api 
 status=200, reason=OK 
 headers={'Date': 'Wed, 05 Jun 2024 21:15:36 GMT', 'Content-Type': 'application/json; charset=utf-8', 'Transfer-Encoding': 'chunked', 'Connection': 'keep-alive', 'X-Powered-By': 'Express', 'Access-Control-Allow-Origin': '*', 'Cache-Control': 'no-cache', 'ETag': 'W/"490-zQzZ/jPE5jUxdYWm0jvVV6GC8Mc"', 'Vary': 'Accept-Encoding', 'Content-Encoding': 'gzip', 'CF-Cache-Status': 'DYNAMIC', 'Report-To': '{"endpoints":[{"url":"https:\\/\\/a.nel.cloudflare.com\\/report\\/v4?s=oRlS7hGAfPByHa6V%2BPZk6gI652aC2Iq5B3soSN7BGphFMahymtgJOOm9KkQCkhpx5WVnFqoES5QBq9V5cJ5r77j%2FTzMS3rtfC6msP9IolzZt%2B8j75%2B3UAnIzaGhnaviC"}],"group":"cf-nel","max_age":604800}', 'NEL': '{"success_fraction":0,"report_to":"cf-nel","max_age":604800}', 'Server': 'cloudflare', 'CF-RAY': '88f32dd20af91045-ORD', 'alt-svc': 'h3=":443"; ma=86400'} 
 body={"results":[{"gender":"male","name":{"title":"Mr","first":"Duane","last":"Ross"},"location":{"street":{"number":3634,"name":"Oak Lawn Ave"},"city":"Centennial","state":"Minnesota","country":"United States","postcode":94138,"coordinates":{"latitude":"89.0404","longitude":"-69.3024"},"timezone":{"offset":"+1:00","description":"Brussels, Copenhagen, Madrid, Paris"}},"email":"duane.ross@example.com","login":{"uuid":"4c75927e-1928-4984-b5ae-020a2c39b115","username":"redswan118","password":"fantasy","salt":"gMkIMFrm","md5":"e31d7ea84c19e2c1528ae0747705f945","sha1":"c46096d99b7f669e05f510a0dca7222c8587f28c","sha256":"94f2ee261693eb8313450f4c84a15d18aaf0c2148dea6e8a11bc53e8460f7a43"},"dob":{"date":"1952-08-13T07:22:26.033Z","age":71},"registered":{"date":"2002-09-27T01:27:10.560Z","age":21},"phone":"(372) 670-0348","cell":"(983) 955-8819","id":{"name":"SSN","value":"572-57-3433"},"picture":{"large":"https://randomuser.me/api/portraits/men/65.jpg","medium":"https://randomuser.me/api/portraits/med/men/65.jpg","thumbnail":"https://randomuser.me/api/portraits/thumb/men/65.jpg"},"nat":"US"}],"info":{"seed":"b4e3a80757b5241e","results":1,"page":1,"version":"1.4"}} 
 </msg>
<msg time="2024-06-05T21:15:36.734883" level="INFO">/opt/hostedtoolcache/Python/3.12.3/x64/lib/python3.12/site-packages/urllib3/connectionpool.py:1103: InsecureRequestWarning: Unverified HTTPS request is being made to host 'randomuser.me'. Adding certificate verification is strongly advised. See: https://urllib3.readthedocs.io/en/latest/advanced-usage.html#tls-warnings
  warnings.warn(</msg>
<msg time="2024-06-05T21:15:36.735024" level="INFO">${response} = &lt;Response [200]&gt;</msg>
<var>${response}</var>
<arg>consultarAPI</arg>
<arg>/api</arg>
<doc>Sends a GET request on a previously created HTTP Session.</doc>
<status status="PASS" start="2024-06-05T21:15:36.645740" elapsed="0.089330"/>
</kw>
<kw name="Set Variable" owner="BuiltIn">
<msg time="2024-06-05T21:15:36.736103" level="INFO">${json_data} = {'results': [{'gender': 'male', 'name': {'title': 'Mr', 'first': 'Duane', 'last': 'Ross'}, 'location': {'street': {'number': 3634, 'name': 'Oak Lawn Ave'}, 'city': 'Centennial', 'state': 'Minnesota', ...</msg>
<var>${json_data}</var>
<arg>${response.json()}</arg>
<doc>Returns the given values which can then be assigned to a variables.</doc>
<status status="PASS" start="2024-06-05T21:15:36.735593" elapsed="0.000541"/>
</kw>
<kw name="Set Variable" owner="BuiltIn">
<msg time="2024-06-05T21:15:36.736896" level="INFO">${name_title} = Mr</msg>
<var>${name_title}</var>
<arg>${json_data["results"][0]["name"]["title"]}</arg>
<doc>Returns the given values which can then be assigned to a variables.</doc>
<status status="PASS" start="2024-06-05T21:15:36.736488" elapsed="0.000434"/>
</kw>
<kw name="Create List" owner="BuiltIn">
<msg time="2024-06-05T21:15:36.737403" level="INFO">${allowed_titles} = ['Mr', 'Ms', 'Miss', 'Mrs', 'Madame', 'Monsieur']</msg>
<var>${allowed_titles}</var>
<arg>Mr</arg>
<arg>Ms</arg>
<arg>Miss</arg>
<arg>Mrs</arg>
<arg>Madame</arg>
<arg>Monsieur</arg>
<doc>Returns a list containing given items.</doc>
<status status="PASS" start="2024-06-05T21:15:36.737248" elapsed="0.000223"/>
</kw>
<kw name="List Should Contain Value" owner="Collections">
<msg time="2024-06-05T21:15:36.737997" level="INFO">False</msg>
<arg>${allowed_titles}</arg>
<arg>${name_title}</arg>
<doc>Fails if the ``value`` is not found from ``list``.</doc>
<status status="PASS" start="2024-06-05T21:15:36.737810" elapsed="0.000225"/>
</kw>
<kw name="Set Variable" owner="BuiltIn">
<msg time="2024-06-05T21:15:36.738926" level="INFO">${name_country} = US</msg>
<var>${name_country}</var>
<arg>${json_data["results"][0]["nat"]}</arg>
<doc>Returns the given values which can then be assigned to a variables.</doc>
<status status="PASS" start="2024-06-05T21:15:36.738344" elapsed="0.000609"/>
</kw>
<kw name="Create List" owner="BuiltIn">
<msg time="2024-06-05T21:15:36.739870" level="INFO">${list_country} = ['AD', 'AE', 'AF', 'AG', 'AI', 'AL', 'AM', 'AO', 'AQ', 'AR', 'AS', 'AT', 'AU', 'AW', 'AX', 'AZ', 'BA', 'BB', 'BD', 'BE', 'BF', 'BG', 'BH', 'BI', 'BJ', 'BL', 'BM', 'BN', 'BO', 'BQ', 'BR', 'BS', 'BT', '...</msg>
<var>${list_country}</var>
<arg>AD</arg>
<arg>AE</arg>
<arg>AF</arg>
<arg>AG</arg>
<arg>AI</arg>
<arg>AL</arg>
<arg>AM</arg>
<arg>AO</arg>
<arg>AQ</arg>
<arg>AR</arg>
<arg>AS</arg>
<arg>AT</arg>
<arg>AU</arg>
<arg>AW</arg>
<arg>AX</arg>
<arg>AZ</arg>
<arg>BA</arg>
<arg>BB</arg>
<arg>BD</arg>
<arg>BE</arg>
<arg>BF</arg>
<arg>BG</arg>
<arg>BH</arg>
<arg>BI</arg>
<arg>BJ</arg>
<arg>BL</arg>
<arg>BM</arg>
<arg>BN</arg>
<arg>BO</arg>
<arg>BQ</arg>
<arg>BR</arg>
<arg>BS</arg>
<arg>BT</arg>
<arg>BV</arg>
<arg>BW</arg>
<arg>BY</arg>
<arg>BZ</arg>
<arg>CA</arg>
<arg>CC</arg>
<arg>CD</arg>
<arg>CF</arg>
<arg>CG</arg>
<arg>CH</arg>
<arg>CI</arg>
<arg>CK</arg>
<arg>CL</arg>
<arg>CM</arg>
<arg>CN</arg>
<arg>CO</arg>
<arg>CR</arg>
<arg>CU</arg>
<arg>CV</arg>
<arg>CW</arg>
<arg>CX</arg>
<arg>CY</arg>
<arg>CZ</arg>
<arg>DE</arg>
<arg>DJ</arg>
<arg>DK</arg>
<arg>DM</arg>
<arg>DO</arg>
<arg>DZ</arg>
<arg>EC</arg>
<arg>EE</arg>
<arg>EG</arg>
<arg>EH</arg>
<arg>ER</arg>
<arg>ES</arg>
<arg>ET</arg>
<arg>FI</arg>
<arg>FJ</arg>
<arg>FK</arg>
<arg>FM</arg>
<arg>FO</arg>
<arg>FR</arg>
<arg>GA</arg>
<arg>GB</arg>
<arg>GD</arg>
<arg>GE</arg>
<arg>GF</arg>
<arg>GG</arg>
<arg>GH</arg>
<arg>GI</arg>
<arg>GL</arg>
<arg>GM</arg>
<arg>GN</arg>
<arg>GP</arg>
<arg>GQ</arg>
<arg>GR</arg>
<arg>GS</arg>
<arg>GT</arg>
<arg>GU</arg>
<arg>GW</arg>
<arg>GY</arg>
<arg>HK</arg>
<arg>HM</arg>
<arg>HN</arg>
<arg>HR</arg>
<arg>HT</arg>
<arg>HU</arg>
<arg>ID</arg>
<arg>IE</arg>
<arg>IL</arg>
<arg>IM</arg>
<arg>IN</arg>
<arg>IO</arg>
<arg>IQ</arg>
<arg>IR</arg>
<arg>IS</arg>
<arg>IT</arg>
<arg>JE</arg>
<arg>JM</arg>
<arg>JO</arg>
<arg>JP</arg>
<arg>KE</arg>
<arg>KG</arg>
<arg>KH</arg>
<arg>KI</arg>
<arg>KM</arg>
<arg>KN</arg>
<arg>KP</arg>
<arg>KR</arg>
<arg>KW</arg>
<arg>KY</arg>
<arg>KZ</arg>
<arg>LA</arg>
<arg>LB</arg>
<arg>LC</arg>
<arg>LI</arg>
<arg>LK</arg>
<arg>LR</arg>
<arg>LS</arg>
<arg>LT</arg>
<arg>LU</arg>
<arg>LV</arg>
<arg>LY</arg>
<arg>MA</arg>
<arg>MC</arg>
<arg>MD</arg>
<arg>ME</arg>
<arg>MF</arg>
<arg>MG</arg>
<arg>MH</arg>
<arg>MK</arg>
<arg>ML</arg>
<arg>MM</arg>
<arg>MN</arg>
<arg>MO</arg>
<arg>MP</arg>
<arg>MQ</arg>
<arg>MR</arg>
<arg>MS</arg>
<arg>MT</arg>
<arg>MU</arg>
<arg>MV</arg>
<arg>MW</arg>
<arg>MX</arg>
<arg>MY</arg>
<arg>MZ</arg>
<arg>NA</arg>
<arg>NC</arg>
<arg>NE</arg>
<arg>NF</arg>
<arg>NG</arg>
<arg>NI</arg>
<arg>NL</arg>
<arg>NO</arg>
<arg>NP</arg>
<arg>NR</arg>
<arg>NU</arg>
<arg>NZ</arg>
<arg>OM</arg>
<arg>PA</arg>
<arg>PE</arg>
<arg>PF</arg>
<arg>PG</arg>
<arg>PH</arg>
<arg>PK</arg>
<arg>PL</arg>
<arg>PM</arg>
<arg>PN</arg>
<arg>PR</arg>
<arg>PS</arg>
<arg>PT</arg>
<arg>PW</arg>
<arg>PY</arg>
<arg>QA</arg>
<arg>RE</arg>
<arg>RO</arg>
<arg>RS</arg>
<arg>RU</arg>
<arg>RW</arg>
<arg>SA</arg>
<arg>SB</arg>
<arg>SC</arg>
<arg>SD</arg>
<arg>SE</arg>
<arg>SG</arg>
<arg>SH</arg>
<arg>SI</arg>
<arg>SJ</arg>
<arg>SK</arg>
<arg>SL</arg>
<arg>SM</arg>
<arg>SN</arg>
<arg>SO</arg>
<arg>SR</arg>
<arg>SS</arg>
<arg>ST</arg>
<arg>SV</arg>
<arg>SX</arg>
<arg>SY</arg>
<arg>SZ</arg>
<arg>TC</arg>
<arg>TD</arg>
<arg>TF</arg>
<arg>TG</arg>
<arg>TH</arg>
<arg>TJ</arg>
<arg>TK</arg>
<arg>TL</arg>
<arg>TM</arg>
<arg>TN</arg>
<arg>TO</arg>
<arg>TR</arg>
<arg>TT</arg>
<arg>TV</arg>
<arg>TW</arg>
<arg>TZ</arg>
<arg>UA</arg>
<arg>UG</arg>
<arg>UM</arg>
<arg>US</arg>
<arg>UY</arg>
<arg>UZ</arg>
<arg>VA</arg>
<arg>VC</arg>
<arg>VE</arg>
<arg>VG</arg>
<arg>VI</arg>
<arg>VN</arg>
<arg>VU</arg>
<arg>WF</arg>
<arg>WS</arg>
<arg>XK</arg>
<arg>YE</arg>
<arg>YT</arg>
<arg>ZA</arg>
<arg>ZM</arg>
<arg>ZW</arg>
<doc>Returns a list containing given items.</doc>
<status status="PASS" start="2024-06-05T21:15:36.739269" elapsed="0.000626"/>
</kw>
<kw name="List Should Contain Value" owner="Collections">
<msg time="2024-06-05T21:15:36.740899" level="INFO">False</msg>
<arg>${list_country}</arg>
<arg>${name_country}</arg>
<doc>Fails if the ``value`` is not found from ``list``.</doc>
<status status="PASS" start="2024-06-05T21:15:36.740688" elapsed="0.000248"/>
</kw>
<kw name="Run Keyword If" owner="BuiltIn">
<kw name="Should Be True" owner="BuiltIn">
<arg>${True}</arg>
<doc>Fails if the given condition is not true.</doc>
<status status="PASS" start="2024-06-05T21:15:36.742053" elapsed="0.000146"/>
</kw>
<arg>${json_data["results"][0]["location"]["coordinates"]["latitude"]} &gt;= -90 and ${json_data["results"][0]["location"]["coordinates"]["latitude"]} &lt;= 90</arg>
<arg>Should Be True</arg>
<arg>${True}</arg>
<doc>Runs the given keyword with the given arguments, if ``condition`` is true.</doc>
<status status="PASS" start="2024-06-05T21:15:36.741259" elapsed="0.001069"/>
</kw>
<kw name="Run Keyword If" owner="BuiltIn">
<kw name="Should Be True" owner="BuiltIn">
<arg>${True}</arg>
<doc>Fails if the given condition is not true.</doc>
<status status="PASS" start="2024-06-05T21:15:36.743223" elapsed="0.000139"/>
</kw>
<arg>${json_data["results"][0]["location"]["coordinates"]["longitude"]} &gt;= -180 and ${json_data["results"][0]["location"]["coordinates"]["longitude"]} &lt;= 180</arg>
<arg>Should Be True</arg>
<arg>${True}</arg>
<doc>Runs the given keyword with the given arguments, if ``condition`` is true.</doc>
<status status="PASS" start="2024-06-05T21:15:36.742522" elapsed="0.000963"/>
</kw>
<status status="PASS" start="2024-06-05T21:15:36.645498" elapsed="0.098119"/>
</kw>
<doc>Testa o conteúdo específico dos campos retornados pela API.</doc>
<tag>testeConteudo</tag>
<status status="PASS" start="2024-06-05T21:15:36.644977" elapsed="0.098794"/>
</test>
<status status="PASS" start="2024-06-05T21:15:35.804133" elapsed="0.941619"/>
</suite>
<status status="PASS" start="2024-06-05T21:15:35.790697" elapsed="0.960413"/>
</suite>
<statistics>
<total>
<stat pass="5" fail="0" skip="0">All Tests</stat>
</total>
<tag>
<stat pass="1" fail="0" skip="0">testeConteudo</stat>
<stat pass="1" fail="0" skip="0">testeEstruturaResposta</stat>
<stat pass="1" fail="0" skip="0">testeRequisicaoBasica</stat>
<stat pass="1" fail="0" skip="0">testeTiposDados</stat>
</tag>
<suite>
<stat pass="5" fail="0" skip="0" id="s1" name="Tests">Tests</stat>
<stat pass="5" fail="0" skip="0" id="s1-s1" name="Random-User-Test">Tests.Random-User-Test</stat>
</suite>
</statistics>
<errors>
</errors>
</robot>
