<?xml version="1.0" encoding="UTF-8"?>
<robot generator="Robot 7.0 (Python 3.12.2 on linux)" generated="2024-04-10T06:18:16.343675" rpa="false" schemaversion="5">
<suite id="s1" name="Tests" source="/home/runner/work/DesafioQAItauRogerioJordao/DesafioQAItauRogerioJordao/RamdonUser/tests">
<suite id="s1-s1" name="Random-User-Test" source="/home/runner/work/DesafioQAItauRogerioJordao/DesafioQAItauRogerioJordao/RamdonUser/tests/random-user-test.robot">
<test id="s1-s1-t1" name="Conectar" line="13">
<kw name="Conectar API" owner="random-user-service">
<kw name="Create Session" owner="RequestsLibrary">
<msg time="2024-04-10T06:18:16.717084" level="INFO">Creating Session using : alias=consultarAPI, url=https://randomuser.me/, headers={},                     cookies={}, auth=None, timeout=None, proxies=None, verify=False,                     debug=0 </msg>
<arg>consultarAPI</arg>
<arg>${URL}</arg>
<doc>Create Session: create a HTTP session to a server</doc>
<status status="PASS" start="2024-04-10T06:18:16.716895" elapsed="0.000358"/>
</kw>
<status status="PASS" start="2024-04-10T06:18:16.715897" elapsed="0.001711"/>
</kw>
<status status="PASS" start="2024-04-10T06:18:16.715314" elapsed="0.002500"/>
</test>
<test id="s1-s1-t2" name="Validar retorno 200 e JSON Válido" line="16">
<kw name="Teste de Requisicao Basica" owner="random-user-service">
<kw name="GET On Session" owner="RequestsLibrary">
<msg time="2024-04-10T06:18:16.783664" level="INFO">GET Request : url=https://randomuser.me/api 
 path_url=/api 
 headers={'User-Agent': 'python-requests/2.31.0', 'Accept-Encoding': 'gzip, deflate', 'Accept': '*/*', 'Connection': 'keep-alive'} 
 body=None 
 </msg>
<msg time="2024-04-10T06:18:16.783766" level="INFO">GET Response : url=https://randomuser.me/api 
 status=200, reason=OK 
 headers={'Date': 'Wed, 10 Apr 2024 06:18:16 GMT', 'Content-Type': 'application/json; charset=utf-8', 'Transfer-Encoding': 'chunked', 'Connection': 'keep-alive', 'X-Powered-By': 'Express', 'Access-Control-Allow-Origin': '*', 'Cache-Control': 'no-cache', 'ETag': 'W/"480-bRdDu2qf4ntnf4lTW3BGcIU80Ws"', 'Vary': 'Accept-Encoding', 'Content-Encoding': 'gzip', 'CF-Cache-Status': 'DYNAMIC', 'Report-To': '{"endpoints":[{"url":"https:\\/\\/a.nel.cloudflare.com\\/report\\/v4?s=h%2FSngHYwls4quEa1Nbm7bJHieSAAqTzLZptY6qIWST6a9OjRQkevZff56FLy8O5gtzLxyWBMYPa%2BN36bQbnIFA6e9ezXurzIlajlOhYXg7mOde58LCwca1YDxrVqbOAt"}],"group":"cf-nel","max_age":604800}', 'NEL': '{"success_fraction":0,"report_to":"cf-nel","max_age":604800}', 'Server': 'cloudflare', 'CF-RAY': '87209e5ea9176154-ORD', 'alt-svc': 'h3=":443"; ma=86400'} 
 body={"results":[{"gender":"male","name":{"title":"Mr","first":"Alexandre","last":"Dufour"},"location":{"street":{"number":5267,"name":"Rue Abel-Hovelacque"},"city":"Colombes","state":"Jura","country":"France","postcode":92617,"coordinates":{"latitude":"-20.7159","longitude":"-56.9390"},"timezone":{"offset":"+5:45","description":"Kathmandu"}},"email":"alexandre.dufour@example.com","login":{"uuid":"03b8548e-1ae3-4d87-9987-f6c1bc0dd025","username":"lazykoala943","password":"maxell","salt":"fN6o1FEg","md5":"22e34a63aed3fbc6f96da3046cd26af8","sha1":"1d28fb5f1fa95f5e4a5a342d598ca1d5869731bb","sha256":"e69026417132fce3b97993fd516d31de28e75d88cc4cb41913717ceafc443fa7"},"dob":{"date":"1968-08-04T07:43:07.657Z","age":55},"registered":{"date":"2018-08-06T14:46:40.295Z","age":5},"phone":"04-70-88-01-32","cell":"06-82-33-05-32","id":{"name":"INSEE","value":"1680749808193 74"},"picture":{"large":"https://randomuser.me/api/portraits/men/8.jpg","medium":"https://randomuser.me/api/portraits/med/men/8.jpg","thumbnail":"https://randomuser.me/api/portraits/thumb/men/8.jpg"},"nat":"FR"}],"info":{"seed":"e58d62b74b9f3db0","results":1,"page":1,"version":"1.4"}} 
 </msg>
<msg time="2024-04-10T06:18:16.783834" level="INFO">/opt/hostedtoolcache/Python/3.12.2/x64/lib/python3.12/site-packages/urllib3/connectionpool.py:1103: InsecureRequestWarning: Unverified HTTPS request is being made to host 'randomuser.me'. Adding certificate verification is strongly advised. See: https://urllib3.readthedocs.io/en/latest/advanced-usage.html#tls-warnings
  warnings.warn(</msg>
<msg time="2024-04-10T06:18:16.783958" level="INFO">${response} = &lt;Response [200]&gt;</msg>
<var>${response}</var>
<arg>consultarAPI</arg>
<arg>/api</arg>
<doc>Sends a GET request on a previously created HTTP Session.</doc>
<status status="PASS" start="2024-04-10T06:18:16.720451" elapsed="0.063548"/>
</kw>
<kw name="Should Be Equal As Numbers" owner="BuiltIn">
<msg time="2024-04-10T06:18:16.785015" level="INFO">Argument types are:
&lt;class 'int'&gt;
&lt;class 'str'&gt;</msg>
<arg>${response.status_code}</arg>
<arg>200</arg>
<doc>Fails if objects are unequal after converting them to real numbers.</doc>
<status status="PASS" start="2024-04-10T06:18:16.784510" elapsed="0.000570"/>
</kw>
<kw name="Log" owner="BuiltIn">
<msg time="2024-04-10T06:18:16.785777" level="INFO">200</msg>
<arg>${response.status_code}</arg>
<doc>Logs the given message with the given level.</doc>
<status status="PASS" start="2024-04-10T06:18:16.785408" elapsed="0.000413"/>
</kw>
<kw name="Set Variable" owner="BuiltIn">
<msg time="2024-04-10T06:18:16.786629" level="INFO">${json_data} = {'results': [{'gender': 'male', 'name': {'title': 'Mr', 'first': 'Alexandre', 'last': 'Dufour'}, 'location': {'street': {'number': 5267, 'name': 'Rue Abel-Hovelacque'}, 'city': 'Colombes', 'state': 'J...</msg>
<var>${json_data}</var>
<arg>${response.json()}</arg>
<doc>Returns the given values which can then be assigned to a variables.</doc>
<status status="PASS" start="2024-04-10T06:18:16.786153" elapsed="0.000509"/>
</kw>
<kw name="Dictionary Should Contain Key" owner="Collections">
<msg time="2024-04-10T06:18:16.787139" level="INFO">False</msg>
<arg>${json_data}</arg>
<arg>results</arg>
<doc>Fails if ``key`` is not found from ``dictionary``.</doc>
<status status="PASS" start="2024-04-10T06:18:16.786973" elapsed="0.000206"/>
</kw>
<status status="PASS" start="2024-04-10T06:18:16.720200" elapsed="0.067239"/>
</kw>
<doc>Testa se a API responde corretamente e retorna um objeto JSON válido.</doc>
<tag>testeRequisicaoBasica</tag>
<status status="PASS" start="2024-04-10T06:18:16.719687" elapsed="0.067927"/>
</test>
<test id="s1-s1-t3" name="Validar estrutura de resposta" line="22">
<kw name="Teste de Estrutura de Resposta" owner="random-user-service">
<kw name="GET On Session" owner="RequestsLibrary">
<msg time="2024-04-10T06:18:16.881347" level="INFO">GET Request : url=https://randomuser.me/api 
 path_url=/api 
 headers={'User-Agent': 'python-requests/2.31.0', 'Accept-Encoding': 'gzip, deflate', 'Accept': '*/*', 'Connection': 'keep-alive'} 
 body=None 
 </msg>
<msg time="2024-04-10T06:18:16.881415" level="INFO">GET Response : url=https://randomuser.me/api 
 status=200, reason=OK 
 headers={'Date': 'Wed, 10 Apr 2024 06:18:16 GMT', 'Content-Type': 'application/json; charset=utf-8', 'Transfer-Encoding': 'chunked', 'Connection': 'keep-alive', 'X-Powered-By': 'Express', 'Access-Control-Allow-Origin': '*', 'Cache-Control': 'no-cache', 'ETag': 'W/"4aa-2r1O/ZIMPgnjcImixOu39u665Rk"', 'Vary': 'Accept-Encoding', 'Content-Encoding': 'gzip', 'CF-Cache-Status': 'DYNAMIC', 'Report-To': '{"endpoints":[{"url":"https:\\/\\/a.nel.cloudflare.com\\/report\\/v4?s=PhlO273SqoVA1jsjb6OzWa01ymyyNLfukn6ltzHj22IgBlkhSmdqdKnv98AeulcJhTBhRanXevYpgEFTkNROUVi366a3hHmt8cTFVAkvzRUIoNrNR5dMUSptSOiHG4p3"}],"group":"cf-nel","max_age":604800}', 'NEL': '{"success_fraction":0,"report_to":"cf-nel","max_age":604800}', 'Server': 'cloudflare', 'CF-RAY': '87209e5ef9486154-ORD', 'alt-svc': 'h3=":443"; ma=86400'} 
 body={"results":[{"gender":"male","name":{"title":"Mr","first":"Rodrigo","last":"Urías"},"location":{"street":{"number":7420,"name":"Continuación Azerbaiyán"},"city":"Candelaria","state":"Nayarit","country":"Mexico","postcode":23080,"coordinates":{"latitude":"24.0012","longitude":"-177.7922"},"timezone":{"offset":"+5:00","description":"Ekaterinburg, Islamabad, Karachi, Tashkent"}},"email":"rodrigo.urias@example.com","login":{"uuid":"deab6182-5c65-430b-99d9-31bafd7f73cf","username":"tinymeercat320","password":"malcolm","salt":"uWywocTK","md5":"0825e562f9f9fd69f760356579ca4585","sha1":"dea535b93868cd4de4d12d81ab21173469dba873","sha256":"486a02cfdfba0412952c484da0d96582a44bf722c3312ff7dd133c2d7b744ad7"},"dob":{"date":"1949-11-02T00:08:41.660Z","age":74},"registered":{"date":"2016-09-14T22:10:05.239Z","age":7},"phone":"(698) 494 2794","cell":"(654) 973 3673","id":{"name":"NSS","value":"53 03 09 0380 3"},"picture":{"large":"https://randomuser.me/api/portraits/men/63.jpg","medium":"https://randomuser.me/api/portraits/med/men/63.jpg","thumbnail":"https://randomuser.me/api/portraits/thumb/men/63.jpg"},"nat":"MX"}],"info":{"seed":"b8bb4a9c1a80fc3b","results":1,"page":1,"version":"1.4"}} 
 </msg>
<msg time="2024-04-10T06:18:16.881523" level="INFO">/opt/hostedtoolcache/Python/3.12.2/x64/lib/python3.12/site-packages/urllib3/connectionpool.py:1103: InsecureRequestWarning: Unverified HTTPS request is being made to host 'randomuser.me'. Adding certificate verification is strongly advised. See: https://urllib3.readthedocs.io/en/latest/advanced-usage.html#tls-warnings
  warnings.warn(</msg>
<msg time="2024-04-10T06:18:16.881637" level="INFO">${response} = &lt;Response [200]&gt;</msg>
<var>${response}</var>
<arg>consultarAPI</arg>
<arg>/api</arg>
<doc>Sends a GET request on a previously created HTTP Session.</doc>
<status status="PASS" start="2024-04-10T06:18:16.790354" elapsed="0.091326"/>
</kw>
<kw name="Set Variable" owner="BuiltIn">
<msg time="2024-04-10T06:18:16.882650" level="INFO">${json_data} = {'results': [{'gender': 'male', 'name': {'title': 'Mr', 'first': 'Rodrigo', 'last': 'Urías'}, 'location': {'street': {'number': 7420, 'name': 'Continuación Azerbaiyán'}, 'city': 'Candelaria', 'state':...</msg>
<var>${json_data}</var>
<arg>${response.json()}</arg>
<doc>Returns the given values which can then be assigned to a variables.</doc>
<status status="PASS" start="2024-04-10T06:18:16.882132" elapsed="0.000554"/>
</kw>
<kw name="Log" owner="BuiltIn">
<msg time="2024-04-10T06:18:16.883172" level="INFO">{'results': [{'gender': 'male', 'name': {'title': 'Mr', 'first': 'Rodrigo', 'last': 'Urías'}, 'location': {'street': {'number': 7420, 'name': 'Continuación Azerbaiyán'}, 'city': 'Candelaria', 'state': 'Nayarit', 'country': 'Mexico', 'postcode': 23080, 'coordinates': {'latitude': '24.0012', 'longitude': '-177.7922'}, 'timezone': {'offset': '+5:00', 'description': 'Ekaterinburg, Islamabad, Karachi, Tashkent'}}, 'email': 'rodrigo.urias@example.com', 'login': {'uuid': 'deab6182-5c65-430b-99d9-31bafd7f73cf', 'username': 'tinymeercat320', 'password': 'malcolm', 'salt': 'uWywocTK', 'md5': '0825e562f9f9fd69f760356579ca4585', 'sha1': 'dea535b93868cd4de4d12d81ab21173469dba873', 'sha256': '486a02cfdfba0412952c484da0d96582a44bf722c3312ff7dd133c2d7b744ad7'}, 'dob': {'date': '1949-11-02T00:08:41.660Z', 'age': 74}, 'registered': {'date': '2016-09-14T22:10:05.239Z', 'age': 7}, 'phone': '(698) 494 2794', 'cell': '(654) 973 3673', 'id': {'name': 'NSS', 'value': '53 03 09 0380 3'}, 'picture': {'large': 'https://randomuser.me/api/portraits/men/63.jpg', 'medium': 'https://randomuser.me/api/portraits/med/men/63.jpg', 'thumbnail': 'https://randomuser.me/api/portraits/thumb/men/63.jpg'}, 'nat': 'MX'}], 'info': {'seed': 'b8bb4a9c1a80fc3b', 'results': 1, 'page': 1, 'version': '1.4'}}</msg>
<arg>${json_data}</arg>
<doc>Logs the given message with the given level.</doc>
<status status="PASS" start="2024-04-10T06:18:16.883008" elapsed="0.000214"/>
</kw>
<kw name="Dictionary Should Contain Key" owner="Collections">
<msg time="2024-04-10T06:18:16.883698" level="INFO">False</msg>
<arg>${json_data}</arg>
<arg>results</arg>
<doc>Fails if ``key`` is not found from ``dictionary``.</doc>
<status status="PASS" start="2024-04-10T06:18:16.883542" elapsed="0.000194"/>
</kw>
<kw name="Should Not Be Empty" owner="BuiltIn">
<msg time="2024-04-10T06:18:16.884176" level="INFO">Length is 2.</msg>
<arg>${json_data}</arg>
<doc>Verifies that the given item is not empty.</doc>
<status status="PASS" start="2024-04-10T06:18:16.884041" elapsed="0.000174"/>
</kw>
<kw name="Create List" owner="BuiltIn">
<msg time="2024-04-10T06:18:16.884681" level="INFO">${expected_keys} = ['gender', 'name', 'location', 'email', 'login']</msg>
<var>${expected_keys}</var>
<arg>gender</arg>
<arg>name</arg>
<arg>location</arg>
<arg>email</arg>
<arg>login</arg>
<doc>Returns a list containing given items.</doc>
<status status="PASS" start="2024-04-10T06:18:16.884517" elapsed="0.000189"/>
</kw>
<for flavor="IN">
<iter>
<kw name="Dictionary Should Contain Key" owner="Collections">
<msg time="2024-04-10T06:18:16.885676" level="INFO">False</msg>
<arg>${json_data['results'][0]}</arg>
<arg>${key}</arg>
<doc>Fails if ``key`` is not found from ``dictionary``.</doc>
<status status="PASS" start="2024-04-10T06:18:16.885264" elapsed="0.000453"/>
</kw>
<kw name="Log" owner="BuiltIn">
<msg time="2024-04-10T06:18:16.886396" level="INFO">{'gender': 'male', 'name': {'title': 'Mr', 'first': 'Rodrigo', 'last': 'Urías'}, 'location': {'street': {'number': 7420, 'name': 'Continuación Azerbaiyán'}, 'city': 'Candelaria', 'state': 'Nayarit', 'country': 'Mexico', 'postcode': 23080, 'coordinates': {'latitude': '24.0012', 'longitude': '-177.7922'}, 'timezone': {'offset': '+5:00', 'description': 'Ekaterinburg, Islamabad, Karachi, Tashkent'}}, 'email': 'rodrigo.urias@example.com', 'login': {'uuid': 'deab6182-5c65-430b-99d9-31bafd7f73cf', 'username': 'tinymeercat320', 'password': 'malcolm', 'salt': 'uWywocTK', 'md5': '0825e562f9f9fd69f760356579ca4585', 'sha1': 'dea535b93868cd4de4d12d81ab21173469dba873', 'sha256': '486a02cfdfba0412952c484da0d96582a44bf722c3312ff7dd133c2d7b744ad7'}, 'dob': {'date': '1949-11-02T00:08:41.660Z', 'age': 74}, 'registered': {'date': '2016-09-14T22:10:05.239Z', 'age': 7}, 'phone': '(698) 494 2794', 'cell': '(654) 973 3673', 'id': {'name': 'NSS', 'value': '53 03 09 0380 3'}, 'picture': {'large': 'https://randomuser.me/api/portraits/men/63.jpg', 'medium': 'https://randomuser.me/api/portraits/med/men/63.jpg', 'thumbnail': 'https://randomuser.me/api/portraits/thumb/men/63.jpg'}, 'nat': 'MX'}</msg>
<arg>${json_data['results'][0]}</arg>
<doc>Logs the given message with the given level.</doc>
<status status="PASS" start="2024-04-10T06:18:16.886027" elapsed="0.000425"/>
</kw>
<kw name="Log" owner="BuiltIn">
<msg time="2024-04-10T06:18:16.886916" level="INFO">gender</msg>
<arg>${key}</arg>
<doc>Logs the given message with the given level.</doc>
<status status="PASS" start="2024-04-10T06:18:16.886784" elapsed="0.000171"/>
</kw>
<var name="${key}">gender</var>
<status status="PASS" start="2024-04-10T06:18:16.885142" elapsed="0.002036"/>
</iter>
<iter>
<kw name="Dictionary Should Contain Key" owner="Collections">
<msg time="2024-04-10T06:18:16.887867" level="INFO">False</msg>
<arg>${json_data['results'][0]}</arg>
<arg>${key}</arg>
<doc>Fails if ``key`` is not found from ``dictionary``.</doc>
<status status="PASS" start="2024-04-10T06:18:16.887482" elapsed="0.000423"/>
</kw>
<kw name="Log" owner="BuiltIn">
<msg time="2024-04-10T06:18:16.888604" level="INFO">{'gender': 'male', 'name': {'title': 'Mr', 'first': 'Rodrigo', 'last': 'Urías'}, 'location': {'street': {'number': 7420, 'name': 'Continuación Azerbaiyán'}, 'city': 'Candelaria', 'state': 'Nayarit', 'country': 'Mexico', 'postcode': 23080, 'coordinates': {'latitude': '24.0012', 'longitude': '-177.7922'}, 'timezone': {'offset': '+5:00', 'description': 'Ekaterinburg, Islamabad, Karachi, Tashkent'}}, 'email': 'rodrigo.urias@example.com', 'login': {'uuid': 'deab6182-5c65-430b-99d9-31bafd7f73cf', 'username': 'tinymeercat320', 'password': 'malcolm', 'salt': 'uWywocTK', 'md5': '0825e562f9f9fd69f760356579ca4585', 'sha1': 'dea535b93868cd4de4d12d81ab21173469dba873', 'sha256': '486a02cfdfba0412952c484da0d96582a44bf722c3312ff7dd133c2d7b744ad7'}, 'dob': {'date': '1949-11-02T00:08:41.660Z', 'age': 74}, 'registered': {'date': '2016-09-14T22:10:05.239Z', 'age': 7}, 'phone': '(698) 494 2794', 'cell': '(654) 973 3673', 'id': {'name': 'NSS', 'value': '53 03 09 0380 3'}, 'picture': {'large': 'https://randomuser.me/api/portraits/men/63.jpg', 'medium': 'https://randomuser.me/api/portraits/med/men/63.jpg', 'thumbnail': 'https://randomuser.me/api/portraits/thumb/men/63.jpg'}, 'nat': 'MX'}</msg>
<arg>${json_data['results'][0]}</arg>
<doc>Logs the given message with the given level.</doc>
<status status="PASS" start="2024-04-10T06:18:16.888231" elapsed="0.000423"/>
</kw>
<kw name="Log" owner="BuiltIn">
<msg time="2024-04-10T06:18:16.889086" level="INFO">name</msg>
<arg>${key}</arg>
<doc>Logs the given message with the given level.</doc>
<status status="PASS" start="2024-04-10T06:18:16.888957" elapsed="0.000168"/>
</kw>
<var name="${key}">name</var>
<status status="PASS" start="2024-04-10T06:18:16.887367" elapsed="0.001977"/>
</iter>
<iter>
<kw name="Dictionary Should Contain Key" owner="Collections">
<msg time="2024-04-10T06:18:16.890024" level="INFO">False</msg>
<arg>${json_data['results'][0]}</arg>
<arg>${key}</arg>
<doc>Fails if ``key`` is not found from ``dictionary``.</doc>
<status status="PASS" start="2024-04-10T06:18:16.889639" elapsed="0.000424"/>
</kw>
<kw name="Log" owner="BuiltIn">
<msg time="2024-04-10T06:18:16.890751" level="INFO">{'gender': 'male', 'name': {'title': 'Mr', 'first': 'Rodrigo', 'last': 'Urías'}, 'location': {'street': {'number': 7420, 'name': 'Continuación Azerbaiyán'}, 'city': 'Candelaria', 'state': 'Nayarit', 'country': 'Mexico', 'postcode': 23080, 'coordinates': {'latitude': '24.0012', 'longitude': '-177.7922'}, 'timezone': {'offset': '+5:00', 'description': 'Ekaterinburg, Islamabad, Karachi, Tashkent'}}, 'email': 'rodrigo.urias@example.com', 'login': {'uuid': 'deab6182-5c65-430b-99d9-31bafd7f73cf', 'username': 'tinymeercat320', 'password': 'malcolm', 'salt': 'uWywocTK', 'md5': '0825e562f9f9fd69f760356579ca4585', 'sha1': 'dea535b93868cd4de4d12d81ab21173469dba873', 'sha256': '486a02cfdfba0412952c484da0d96582a44bf722c3312ff7dd133c2d7b744ad7'}, 'dob': {'date': '1949-11-02T00:08:41.660Z', 'age': 74}, 'registered': {'date': '2016-09-14T22:10:05.239Z', 'age': 7}, 'phone': '(698) 494 2794', 'cell': '(654) 973 3673', 'id': {'name': 'NSS', 'value': '53 03 09 0380 3'}, 'picture': {'large': 'https://randomuser.me/api/portraits/men/63.jpg', 'medium': 'https://randomuser.me/api/portraits/med/men/63.jpg', 'thumbnail': 'https://randomuser.me/api/portraits/thumb/men/63.jpg'}, 'nat': 'MX'}</msg>
<arg>${json_data['results'][0]}</arg>
<doc>Logs the given message with the given level.</doc>
<status status="PASS" start="2024-04-10T06:18:16.890365" elapsed="0.000441"/>
</kw>
<kw name="Log" owner="BuiltIn">
<msg time="2024-04-10T06:18:16.891234" level="INFO">location</msg>
<arg>${key}</arg>
<doc>Logs the given message with the given level.</doc>
<status status="PASS" start="2024-04-10T06:18:16.891107" elapsed="0.000166"/>
</kw>
<var name="${key}">location</var>
<status status="PASS" start="2024-04-10T06:18:16.889528" elapsed="0.001963"/>
</iter>
<iter>
<kw name="Dictionary Should Contain Key" owner="Collections">
<msg time="2024-04-10T06:18:16.892151" level="INFO">False</msg>
<arg>${json_data['results'][0]}</arg>
<arg>${key}</arg>
<doc>Fails if ``key`` is not found from ``dictionary``.</doc>
<status status="PASS" start="2024-04-10T06:18:16.891776" elapsed="0.000412"/>
</kw>
<kw name="Log" owner="BuiltIn">
<msg time="2024-04-10T06:18:16.892859" level="INFO">{'gender': 'male', 'name': {'title': 'Mr', 'first': 'Rodrigo', 'last': 'Urías'}, 'location': {'street': {'number': 7420, 'name': 'Continuación Azerbaiyán'}, 'city': 'Candelaria', 'state': 'Nayarit', 'country': 'Mexico', 'postcode': 23080, 'coordinates': {'latitude': '24.0012', 'longitude': '-177.7922'}, 'timezone': {'offset': '+5:00', 'description': 'Ekaterinburg, Islamabad, Karachi, Tashkent'}}, 'email': 'rodrigo.urias@example.com', 'login': {'uuid': 'deab6182-5c65-430b-99d9-31bafd7f73cf', 'username': 'tinymeercat320', 'password': 'malcolm', 'salt': 'uWywocTK', 'md5': '0825e562f9f9fd69f760356579ca4585', 'sha1': 'dea535b93868cd4de4d12d81ab21173469dba873', 'sha256': '486a02cfdfba0412952c484da0d96582a44bf722c3312ff7dd133c2d7b744ad7'}, 'dob': {'date': '1949-11-02T00:08:41.660Z', 'age': 74}, 'registered': {'date': '2016-09-14T22:10:05.239Z', 'age': 7}, 'phone': '(698) 494 2794', 'cell': '(654) 973 3673', 'id': {'name': 'NSS', 'value': '53 03 09 0380 3'}, 'picture': {'large': 'https://randomuser.me/api/portraits/men/63.jpg', 'medium': 'https://randomuser.me/api/portraits/med/men/63.jpg', 'thumbnail': 'https://randomuser.me/api/portraits/thumb/men/63.jpg'}, 'nat': 'MX'}</msg>
<arg>${json_data['results'][0]}</arg>
<doc>Logs the given message with the given level.</doc>
<status status="PASS" start="2024-04-10T06:18:16.892487" elapsed="0.000421"/>
</kw>
<kw name="Log" owner="BuiltIn">
<msg time="2024-04-10T06:18:16.893334" level="INFO">email</msg>
<arg>${key}</arg>
<doc>Logs the given message with the given level.</doc>
<status status="PASS" start="2024-04-10T06:18:16.893206" elapsed="0.000167"/>
</kw>
<var name="${key}">email</var>
<status status="PASS" start="2024-04-10T06:18:16.891666" elapsed="0.001935"/>
</iter>
<iter>
<kw name="Dictionary Should Contain Key" owner="Collections">
<msg time="2024-04-10T06:18:16.894274" level="INFO">False</msg>
<arg>${json_data['results'][0]}</arg>
<arg>${key}</arg>
<doc>Fails if ``key`` is not found from ``dictionary``.</doc>
<status status="PASS" start="2024-04-10T06:18:16.893890" elapsed="0.000423"/>
</kw>
<kw name="Log" owner="BuiltIn">
<msg time="2024-04-10T06:18:16.895009" level="INFO">{'gender': 'male', 'name': {'title': 'Mr', 'first': 'Rodrigo', 'last': 'Urías'}, 'location': {'street': {'number': 7420, 'name': 'Continuación Azerbaiyán'}, 'city': 'Candelaria', 'state': 'Nayarit', 'country': 'Mexico', 'postcode': 23080, 'coordinates': {'latitude': '24.0012', 'longitude': '-177.7922'}, 'timezone': {'offset': '+5:00', 'description': 'Ekaterinburg, Islamabad, Karachi, Tashkent'}}, 'email': 'rodrigo.urias@example.com', 'login': {'uuid': 'deab6182-5c65-430b-99d9-31bafd7f73cf', 'username': 'tinymeercat320', 'password': 'malcolm', 'salt': 'uWywocTK', 'md5': '0825e562f9f9fd69f760356579ca4585', 'sha1': 'dea535b93868cd4de4d12d81ab21173469dba873', 'sha256': '486a02cfdfba0412952c484da0d96582a44bf722c3312ff7dd133c2d7b744ad7'}, 'dob': {'date': '1949-11-02T00:08:41.660Z', 'age': 74}, 'registered': {'date': '2016-09-14T22:10:05.239Z', 'age': 7}, 'phone': '(698) 494 2794', 'cell': '(654) 973 3673', 'id': {'name': 'NSS', 'value': '53 03 09 0380 3'}, 'picture': {'large': 'https://randomuser.me/api/portraits/men/63.jpg', 'medium': 'https://randomuser.me/api/portraits/med/men/63.jpg', 'thumbnail': 'https://randomuser.me/api/portraits/thumb/men/63.jpg'}, 'nat': 'MX'}</msg>
<arg>${json_data['results'][0]}</arg>
<doc>Logs the given message with the given level.</doc>
<status status="PASS" start="2024-04-10T06:18:16.894638" elapsed="0.000420"/>
</kw>
<kw name="Log" owner="BuiltIn">
<msg time="2024-04-10T06:18:16.895487" level="INFO">login</msg>
<arg>${key}</arg>
<doc>Logs the given message with the given level.</doc>
<status status="PASS" start="2024-04-10T06:18:16.895357" elapsed="0.000203"/>
</kw>
<var name="${key}">login</var>
<status status="PASS" start="2024-04-10T06:18:16.893776" elapsed="0.002040"/>
</iter>
<var>${key}</var>
<value>@{expected_keys}</value>
<status status="PASS" start="2024-04-10T06:18:16.884963" elapsed="0.011005"/>
</for>
<kw name="Create List" owner="BuiltIn">
<msg time="2024-04-10T06:18:16.896350" level="INFO">${expected_keysTwo} = ['username', 'password']</msg>
<var>${expected_keysTwo}</var>
<arg>username</arg>
<arg>password</arg>
<doc>Returns a list containing given items.</doc>
<status status="PASS" start="2024-04-10T06:18:16.896203" elapsed="0.000171"/>
</kw>
<for flavor="IN">
<iter>
<kw name="Dictionary Should Contain Key" owner="Collections">
<msg time="2024-04-10T06:18:16.897388" level="INFO">False</msg>
<arg>${json_data['results'][0]['login']}</arg>
<arg>${keyTwo}</arg>
<doc>Fails if ``key`` is not found from ``dictionary``.</doc>
<status status="PASS" start="2024-04-10T06:18:16.897005" elapsed="0.000421"/>
</kw>
<kw name="Dictionary Should Contain Key" owner="Collections">
<msg time="2024-04-10T06:18:16.898106" level="INFO">False</msg>
<arg>${json_data['results'][0]['login']}</arg>
<arg>${keyTwo}</arg>
<doc>Fails if ``key`` is not found from ``dictionary``.</doc>
<status status="PASS" start="2024-04-10T06:18:16.897726" elapsed="0.000418"/>
</kw>
<kw name="Log" owner="BuiltIn">
<msg time="2024-04-10T06:18:16.898589" level="INFO">username</msg>
<arg>${keyTwo}</arg>
<doc>Logs the given message with the given level.</doc>
<status status="PASS" start="2024-04-10T06:18:16.898440" elapsed="0.000192"/>
</kw>
<var name="${keyTwo}">username</var>
<status status="PASS" start="2024-04-10T06:18:16.896892" elapsed="0.001961"/>
</iter>
<iter>
<kw name="Dictionary Should Contain Key" owner="Collections">
<msg time="2024-04-10T06:18:16.899516" level="INFO">False</msg>
<arg>${json_data['results'][0]['login']}</arg>
<arg>${keyTwo}</arg>
<doc>Fails if ``key`` is not found from ``dictionary``.</doc>
<status status="PASS" start="2024-04-10T06:18:16.899139" elapsed="0.000416"/>
</kw>
<kw name="Dictionary Should Contain Key" owner="Collections">
<msg time="2024-04-10T06:18:16.900232" level="INFO">False</msg>
<arg>${json_data['results'][0]['login']}</arg>
<arg>${keyTwo}</arg>
<doc>Fails if ``key`` is not found from ``dictionary``.</doc>
<status status="PASS" start="2024-04-10T06:18:16.899850" elapsed="0.000419"/>
</kw>
<kw name="Log" owner="BuiltIn">
<msg time="2024-04-10T06:18:16.900696" level="INFO">password</msg>
<arg>${keyTwo}</arg>
<doc>Logs the given message with the given level.</doc>
<status status="PASS" start="2024-04-10T06:18:16.900567" elapsed="0.000167"/>
</kw>
<var name="${keyTwo}">password</var>
<status status="PASS" start="2024-04-10T06:18:16.899028" elapsed="0.001923"/>
</iter>
<var>${keyTwo}</var>
<value>@{expected_keysTwo}</value>
<status status="PASS" start="2024-04-10T06:18:16.896632" elapsed="0.004439"/>
</for>
<status status="PASS" start="2024-04-10T06:18:16.790121" elapsed="0.111087"/>
</kw>
<doc>Testa a estrutura da resposta da API.</doc>
<tag>testeEstruturaResposta</tag>
<status status="PASS" start="2024-04-10T06:18:16.789417" elapsed="0.111942"/>
</test>
<test id="s1-s1-t4" name="Validar tipos de dados" line="28">
<kw name="Teste de Tipos de Dados" owner="random-user-service">
<kw name="GET On Session" owner="RequestsLibrary">
<msg time="2024-04-10T06:18:16.983779" level="INFO">GET Request : url=https://randomuser.me/api 
 path_url=/api 
 headers={'User-Agent': 'python-requests/2.31.0', 'Accept-Encoding': 'gzip, deflate', 'Accept': '*/*', 'Connection': 'keep-alive'} 
 body=None 
 </msg>
<msg time="2024-04-10T06:18:16.983852" level="INFO">GET Response : url=https://randomuser.me/api 
 status=200, reason=OK 
 headers={'Date': 'Wed, 10 Apr 2024 06:18:16 GMT', 'Content-Type': 'application/json; charset=utf-8', 'Transfer-Encoding': 'chunked', 'Connection': 'keep-alive', 'X-Powered-By': 'Express', 'Access-Control-Allow-Origin': '*', 'Cache-Control': 'no-cache', 'ETag': 'W/"484-erprY/cyneEjKD0sX43XrJfJ50U"', 'Vary': 'Accept-Encoding', 'Content-Encoding': 'gzip', 'CF-Cache-Status': 'DYNAMIC', 'Report-To': '{"endpoints":[{"url":"https:\\/\\/a.nel.cloudflare.com\\/report\\/v4?s=R08JzyLsOfOSgOUXi%2BBK0lxElBgZJnsxrFB0JVXHj9SfOYSqTBGpwUWyaaB9xwLynlGIqFXDuc9L84oPqelqKuAwdvw8gEMGpLjAmWC8TZu2oAi5cv13efYPUQtlaU5K"}],"group":"cf-nel","max_age":604800}', 'NEL': '{"success_fraction":0,"report_to":"cf-nel","max_age":604800}', 'Server': 'cloudflare', 'CF-RAY': '87209e5fa9c06154-ORD', 'alt-svc': 'h3=":443"; ma=86400'} 
 body={"results":[{"gender":"male","name":{"title":"Mr","first":"Lloyd","last":"Rogers"},"location":{"street":{"number":3390,"name":"Mill Road"},"city":"Swansea","state":"Northamptonshire","country":"United Kingdom","postcode":"J6 2AW","coordinates":{"latitude":"-5.1513","longitude":"-145.1941"},"timezone":{"offset":"+5:45","description":"Kathmandu"}},"email":"lloyd.rogers@example.com","login":{"uuid":"9cc57da7-328d-48e5-bb84-bb5b89e6c325","username":"orangeelephant767","password":"prime","salt":"mlIZH6vn","md5":"5baddebcfbec2d80cd230d1effec41cb","sha1":"ada5270a87f236b12c4d5b4797f8bea0b827be97","sha256":"64fd1d839a61a199943be85f16a341031f9a12c97921eead2af73ab71696e079"},"dob":{"date":"1984-12-31T00:55:27.212Z","age":39},"registered":{"date":"2009-09-15T00:15:48.588Z","age":14},"phone":"017687 18449","cell":"07883 163226","id":{"name":"NINO","value":"KS 87 42 73 C"},"picture":{"large":"https://randomuser.me/api/portraits/men/73.jpg","medium":"https://randomuser.me/api/portraits/med/men/73.jpg","thumbnail":"https://randomuser.me/api/portraits/thumb/men/73.jpg"},"nat":"GB"}],"info":{"seed":"39ca26f814a2cb36","results":1,"page":1,"version":"1.4"}} 
 </msg>
<msg time="2024-04-10T06:18:16.983913" level="INFO">/opt/hostedtoolcache/Python/3.12.2/x64/lib/python3.12/site-packages/urllib3/connectionpool.py:1103: InsecureRequestWarning: Unverified HTTPS request is being made to host 'randomuser.me'. Adding certificate verification is strongly advised. See: https://urllib3.readthedocs.io/en/latest/advanced-usage.html#tls-warnings
  warnings.warn(</msg>
<msg time="2024-04-10T06:18:16.984029" level="INFO">${response} = &lt;Response [200]&gt;</msg>
<var>${response}</var>
<arg>consultarAPI</arg>
<arg>/api</arg>
<doc>Sends a GET request on a previously created HTTP Session.</doc>
<status status="PASS" start="2024-04-10T06:18:16.903821" elapsed="0.080248"/>
</kw>
<kw name="Set Variable" owner="BuiltIn">
<msg time="2024-04-10T06:18:16.984980" level="INFO">${json_data} = {'results': [{'gender': 'male', 'name': {'title': 'Mr', 'first': 'Lloyd', 'last': 'Rogers'}, 'location': {'street': {'number': 3390, 'name': 'Mill Road'}, 'city': 'Swansea', 'state': 'Northamptonshire...</msg>
<var>${json_data}</var>
<arg>${response.json()}</arg>
<doc>Returns the given values which can then be assigned to a variables.</doc>
<status status="PASS" start="2024-04-10T06:18:16.984486" elapsed="0.000527"/>
</kw>
<kw name="Log" owner="BuiltIn">
<msg time="2024-04-10T06:18:16.985487" level="INFO">{'results': [{'gender': 'male', 'name': {'title': 'Mr', 'first': 'Lloyd', 'last': 'Rogers'}, 'location': {'street': {'number': 3390, 'name': 'Mill Road'}, 'city': 'Swansea', 'state': 'Northamptonshire', 'country': 'United Kingdom', 'postcode': 'J6 2AW', 'coordinates': {'latitude': '-5.1513', 'longitude': '-145.1941'}, 'timezone': {'offset': '+5:45', 'description': 'Kathmandu'}}, 'email': 'lloyd.rogers@example.com', 'login': {'uuid': '9cc57da7-328d-48e5-bb84-bb5b89e6c325', 'username': 'orangeelephant767', 'password': 'prime', 'salt': 'mlIZH6vn', 'md5': '5baddebcfbec2d80cd230d1effec41cb', 'sha1': 'ada5270a87f236b12c4d5b4797f8bea0b827be97', 'sha256': '64fd1d839a61a199943be85f16a341031f9a12c97921eead2af73ab71696e079'}, 'dob': {'date': '1984-12-31T00:55:27.212Z', 'age': 39}, 'registered': {'date': '2009-09-15T00:15:48.588Z', 'age': 14}, 'phone': '017687 18449', 'cell': '07883 163226', 'id': {'name': 'NINO', 'value': 'KS 87 42 73 C'}, 'picture': {'large': 'https://randomuser.me/api/portraits/men/73.jpg', 'medium': 'https://randomuser.me/api/portraits/med/men/73.jpg', 'thumbnail': 'https://randomuser.me/api/portraits/thumb/men/73.jpg'}, 'nat': 'GB'}], 'info': {'seed': '39ca26f814a2cb36', 'results': 1, 'page': 1, 'version': '1.4'}}</msg>
<arg>${json_data}</arg>
<doc>Logs the given message with the given level.</doc>
<status status="PASS" start="2024-04-10T06:18:16.985326" elapsed="0.000244"/>
</kw>
<kw name="Should Be String" owner="String">
<arg>${json_data['results'][0]['gender']}</arg>
<doc>Fails if the given ``item`` is not a string.</doc>
<status status="PASS" start="2024-04-10T06:18:16.985875" elapsed="0.000363"/>
</kw>
<kw name="Should Match Regexp" owner="BuiltIn">
<arg>${json_data['results'][0]['email']}</arg>
<arg>^[a-zA-Z0-9._%+-]+@[a-zA-Z0-9.-]+\.[a-zA-Z]{2,}$</arg>
<doc>Fails if ``string`` does not match ``pattern`` as a regular expression.</doc>
<status status="PASS" start="2024-04-10T06:18:16.986436" elapsed="0.000542"/>
</kw>
<kw name="Should Match Regexp" owner="BuiltIn">
<arg>${json_data['results'][0]['dob']['date']}</arg>
<arg>\\d{4}-\\d{2}-\\d{2}T\\d{2}:\\d{2}:\\d{2}\\.\\d{3}Z</arg>
<doc>Fails if ``string`` does not match ``pattern`` as a regular expression.</doc>
<status status="PASS" start="2024-04-10T06:18:16.987178" elapsed="0.000500"/>
</kw>
<kw name="Should Match Regexp" owner="BuiltIn">
<arg>${json_data['results'][0]['registered']['date']}</arg>
<arg>\\d{4}-\\d{2}-\\d{2}T\\d{2}:\\d{2}:\\d{2}\\.\\d{3}Z</arg>
<doc>Fails if ``string`` does not match ``pattern`` as a regular expression.</doc>
<status status="PASS" start="2024-04-10T06:18:16.987881" elapsed="0.000373"/>
</kw>
<kw name="Should Match Regexp" owner="BuiltIn">
<arg>${json_data['results'][0]['picture']['large']}</arg>
<arg>^https?://.*\.(?:png|jpe?g|gif|bmp)$</arg>
<doc>Fails if ``string`` does not match ``pattern`` as a regular expression.</doc>
<status status="PASS" start="2024-04-10T06:18:16.988446" elapsed="0.000458"/>
</kw>
<kw name="Should Match Regexp" owner="BuiltIn">
<arg>${json_data['results'][0]['picture']['medium']}</arg>
<arg>^https?://.*\.(?:png|jpe?g|gif|bmp)$</arg>
<doc>Fails if ``string`` does not match ``pattern`` as a regular expression.</doc>
<status status="PASS" start="2024-04-10T06:18:16.989094" elapsed="0.000354"/>
</kw>
<kw name="Should Match Regexp" owner="BuiltIn">
<arg>${json_data['results'][0]['picture']['thumbnail']}</arg>
<arg>^https?://.*\.(?:png|jpe?g|gif|bmp)$</arg>
<doc>Fails if ``string`` does not match ``pattern`` as a regular expression.</doc>
<status status="PASS" start="2024-04-10T06:18:16.989630" elapsed="0.000365"/>
</kw>
<kw name="Log" owner="BuiltIn">
<msg time="2024-04-10T06:18:16.990500" level="INFO">{'large': 'https://randomuser.me/api/portraits/men/73.jpg', 'medium': 'https://randomuser.me/api/portraits/med/men/73.jpg', 'thumbnail': 'https://randomuser.me/api/portraits/thumb/men/73.jpg'}</msg>
<arg>${json_data['results'][0]['picture']}</arg>
<doc>Logs the given message with the given level.</doc>
<status status="PASS" start="2024-04-10T06:18:16.990178" elapsed="0.000364"/>
</kw>
<status status="PASS" start="2024-04-10T06:18:16.903595" elapsed="0.087235"/>
</kw>
<kw name="Teste de Tipos de Dados - Postcode" owner="random-user-service">
<kw name="GET On Session" owner="RequestsLibrary">
<msg time="2024-04-10T06:18:17.082115" level="INFO">GET Request : url=https://randomuser.me/api 
 path_url=/api 
 headers={'User-Agent': 'python-requests/2.31.0', 'Accept-Encoding': 'gzip, deflate', 'Accept': '*/*', 'Connection': 'keep-alive'} 
 body=None 
 </msg>
<msg time="2024-04-10T06:18:17.082195" level="INFO">GET Response : url=https://randomuser.me/api 
 status=200, reason=OK 
 headers={'Date': 'Wed, 10 Apr 2024 06:18:17 GMT', 'Content-Type': 'application/json; charset=utf-8', 'Transfer-Encoding': 'chunked', 'Connection': 'keep-alive', 'X-Powered-By': 'Express', 'Access-Control-Allow-Origin': '*', 'Cache-Control': 'no-cache', 'ETag': 'W/"47d-rOPl0li4P9ad2wfqd4VnDXjr6b8"', 'Vary': 'Accept-Encoding', 'Content-Encoding': 'gzip', 'CF-Cache-Status': 'DYNAMIC', 'Report-To': '{"endpoints":[{"url":"https:\\/\\/a.nel.cloudflare.com\\/report\\/v4?s=9hq%2BgqaUWxnb4ZZYAPp8I92BL%2Bm08aSeAejJVjhNDH%2FgxKHszjX8mDm80gDNoGsEpkNd5OcS3ttzg5ZEyNeMsgPGeMFf3sNynVCw9qk%2BRCVmuU8QL4lPf0WJZvYn3CNU"}],"group":"cf-nel","max_age":604800}', 'NEL': '{"success_fraction":0,"report_to":"cf-nel","max_age":604800}', 'Server': 'cloudflare', 'CF-RAY': '87209e603a246154-ORD', 'alt-svc': 'h3=":443"; ma=86400'} 
 body={"results":[{"gender":"male","name":{"title":"Mr","first":"Gordon","last":"Austin"},"location":{"street":{"number":4507,"name":"W Campbell Ave"},"city":"Warragul","state":"New South Wales","country":"Australia","postcode":7690,"coordinates":{"latitude":"-88.2862","longitude":"-160.7075"},"timezone":{"offset":"-2:00","description":"Mid-Atlantic"}},"email":"gordon.austin@example.com","login":{"uuid":"6067ef33-0da2-443e-8c16-0c95b8995918","username":"bigkoala132","password":"shadows","salt":"bYPkso5X","md5":"9654f5a2b46d97913a7a254c6b034218","sha1":"2948e1fdba9e2eef86c6423ac40ac89ca1007d12","sha256":"40dcbb0eb8e49ed10ececaa33f4689e52f1e5cf58b9cc230104596498569adfd"},"dob":{"date":"1990-01-30T17:28:26.875Z","age":34},"registered":{"date":"2014-03-09T19:28:04.923Z","age":10},"phone":"07-5553-5050","cell":"0406-096-500","id":{"name":"TFN","value":"360043195"},"picture":{"large":"https://randomuser.me/api/portraits/men/33.jpg","medium":"https://randomuser.me/api/portraits/med/men/33.jpg","thumbnail":"https://randomuser.me/api/portraits/thumb/men/33.jpg"},"nat":"AU"}],"info":{"seed":"c0dc35688717bff9","results":1,"page":1,"version":"1.4"}} 
 </msg>
<msg time="2024-04-10T06:18:17.082274" level="INFO">/opt/hostedtoolcache/Python/3.12.2/x64/lib/python3.12/site-packages/urllib3/connectionpool.py:1103: InsecureRequestWarning: Unverified HTTPS request is being made to host 'randomuser.me'. Adding certificate verification is strongly advised. See: https://urllib3.readthedocs.io/en/latest/advanced-usage.html#tls-warnings
  warnings.warn(</msg>
<msg time="2024-04-10T06:18:17.082390" level="INFO">${response} = &lt;Response [200]&gt;</msg>
<var>${response}</var>
<arg>consultarAPI</arg>
<arg>/api</arg>
<doc>Sends a GET request on a previously created HTTP Session.</doc>
<status status="PASS" start="2024-04-10T06:18:16.991287" elapsed="0.091146"/>
</kw>
<kw name="Set Variable" owner="BuiltIn">
<msg time="2024-04-10T06:18:17.083282" level="INFO">${json_data} = {'results': [{'gender': 'male', 'name': {'title': 'Mr', 'first': 'Gordon', 'last': 'Austin'}, 'location': {'street': {'number': 4507, 'name': 'W Campbell Ave'}, 'city': 'Warragul', 'state': 'New South...</msg>
<var>${json_data}</var>
<arg>${response.json()}</arg>
<doc>Returns the given values which can then be assigned to a variables.</doc>
<status status="PASS" start="2024-04-10T06:18:17.082833" elapsed="0.000477"/>
</kw>
<kw name="Log" owner="BuiltIn">
<msg time="2024-04-10T06:18:17.083767" level="INFO">{'results': [{'gender': 'male', 'name': {'title': 'Mr', 'first': 'Gordon', 'last': 'Austin'}, 'location': {'street': {'number': 4507, 'name': 'W Campbell Ave'}, 'city': 'Warragul', 'state': 'New South Wales', 'country': 'Australia', 'postcode': 7690, 'coordinates': {'latitude': '-88.2862', 'longitude': '-160.7075'}, 'timezone': {'offset': '-2:00', 'description': 'Mid-Atlantic'}}, 'email': 'gordon.austin@example.com', 'login': {'uuid': '6067ef33-0da2-443e-8c16-0c95b8995918', 'username': 'bigkoala132', 'password': 'shadows', 'salt': 'bYPkso5X', 'md5': '9654f5a2b46d97913a7a254c6b034218', 'sha1': '2948e1fdba9e2eef86c6423ac40ac89ca1007d12', 'sha256': '40dcbb0eb8e49ed10ececaa33f4689e52f1e5cf58b9cc230104596498569adfd'}, 'dob': {'date': '1990-01-30T17:28:26.875Z', 'age': 34}, 'registered': {'date': '2014-03-09T19:28:04.923Z', 'age': 10}, 'phone': '07-5553-5050', 'cell': '0406-096-500', 'id': {'name': 'TFN', 'value': '360043195'}, 'picture': {'large': 'https://randomuser.me/api/portraits/men/33.jpg', 'medium': 'https://randomuser.me/api/portraits/med/men/33.jpg', 'thumbnail': 'https://randomuser.me/api/portraits/thumb/men/33.jpg'}, 'nat': 'AU'}], 'info': {'seed': 'c0dc35688717bff9', 'results': 1, 'page': 1, 'version': '1.4'}}</msg>
<arg>${json_data}</arg>
<doc>Logs the given message with the given level.</doc>
<status status="PASS" start="2024-04-10T06:18:17.083617" elapsed="0.000228"/>
</kw>
<kw name="Should Be Equal As Numbers" owner="BuiltIn">
<arg>${json_data['results'][0]['location']['postcode']}</arg>
<arg>${json_data['results'][0]['location']['postcode']}</arg>
<doc>Fails if objects are unequal after converting them to real numbers.</doc>
<status status="PASS" start="2024-04-10T06:18:17.084170" elapsed="0.000695"/>
</kw>
<kw name="Log" owner="BuiltIn">
<msg time="2024-04-10T06:18:17.085396" level="INFO">7690</msg>
<arg>${json_data['results'][0]['location']['postcode']}</arg>
<doc>Logs the given message with the given level.</doc>
<status status="PASS" start="2024-04-10T06:18:17.085060" elapsed="0.000377"/>
</kw>
<status status="PASS" start="2024-04-10T06:18:16.991050" elapsed="0.094643"/>
</kw>
<doc>Testa se os tipos de dados na resposta da API estão corretos.</doc>
<tag>testeTiposDados</tag>
<status status="PASS" start="2024-04-10T06:18:16.903093" elapsed="0.182765"/>
</test>
<test id="s1-s1-t5" name="Validar conteudo" line="35">
<kw name="Teste de Tipos de Conteudo" owner="random-user-service">
<kw name="GET On Session" owner="RequestsLibrary">
<msg time="2024-04-10T06:18:17.182456" level="INFO">GET Request : url=https://randomuser.me/api 
 path_url=/api 
 headers={'User-Agent': 'python-requests/2.31.0', 'Accept-Encoding': 'gzip, deflate', 'Accept': '*/*', 'Connection': 'keep-alive'} 
 body=None 
 </msg>
<msg time="2024-04-10T06:18:17.182536" level="INFO">GET Response : url=https://randomuser.me/api 
 status=200, reason=OK 
 headers={'Date': 'Wed, 10 Apr 2024 06:18:17 GMT', 'Content-Type': 'application/json; charset=utf-8', 'Transfer-Encoding': 'chunked', 'Connection': 'keep-alive', 'X-Powered-By': 'Express', 'Access-Control-Allow-Origin': '*', 'Cache-Control': 'no-cache', 'ETag': 'W/"488-Uc0x10ddl272eRdIRwX95MfIOVk"', 'Vary': 'Accept-Encoding', 'Content-Encoding': 'gzip', 'CF-Cache-Status': 'DYNAMIC', 'Report-To': '{"endpoints":[{"url":"https:\\/\\/a.nel.cloudflare.com\\/report\\/v4?s=SzBxjtBHDsVlztLP33snUJpP3Ey5b7%2FGKtcZvDowZcMukdC9otI1jAqOTRuQ9aDHJnX3l4U6kEcNWsU%2BAM3MlML%2FjOUTXWfQU49dxPnD%2FlHuFvTd%2FmdaAbgRZOJ7Y818"}],"group":"cf-nel","max_age":604800}', 'NEL': '{"success_fraction":0,"report_to":"cf-nel","max_age":604800}', 'Server': 'cloudflare', 'CF-RAY': '87209e60da8b6154-ORD', 'alt-svc': 'h3=":443"; ma=86400'} 
 body={"results":[{"gender":"female","name":{"title":"Miss","first":"Karen","last":"Oliver"},"location":{"street":{"number":9445,"name":"Oaks Cross"},"city":"Edinburgh","state":"Rutland","country":"United Kingdom","postcode":"N9M 1HF","coordinates":{"latitude":"-12.0096","longitude":"145.9088"},"timezone":{"offset":"+5:45","description":"Kathmandu"}},"email":"karen.oliver@example.com","login":{"uuid":"8a0cf85c-4e5f-459f-a25d-e95eb8822286","username":"ticklishtiger617","password":"felipe","salt":"5w9wJ8kk","md5":"7d886c596a445ce3ce1a243b3746c515","sha1":"6b4ae630b52246dba69d07a6f93b5ef225db7c94","sha256":"e4ac98cbb818a6b10b1d0e3f2f308d61dccdad2ccce63ec413ecdac1bbc33bdb"},"dob":{"date":"1963-12-08T11:17:52.734Z","age":60},"registered":{"date":"2019-12-28T00:58:21.436Z","age":4},"phone":"015242 56590","cell":"07342 906683","id":{"name":"NINO","value":"XG 70 46 40 W"},"picture":{"large":"https://randomuser.me/api/portraits/women/72.jpg","medium":"https://randomuser.me/api/portraits/med/women/72.jpg","thumbnail":"https://randomuser.me/api/portraits/thumb/women/72.jpg"},"nat":"GB"}],"info":{"seed":"c9e204266f60e5b8","results":1,"page":1,"version":"1.4"}} 
 </msg>
<msg time="2024-04-10T06:18:17.182627" level="INFO">/opt/hostedtoolcache/Python/3.12.2/x64/lib/python3.12/site-packages/urllib3/connectionpool.py:1103: InsecureRequestWarning: Unverified HTTPS request is being made to host 'randomuser.me'. Adding certificate verification is strongly advised. See: https://urllib3.readthedocs.io/en/latest/advanced-usage.html#tls-warnings
  warnings.warn(</msg>
<msg time="2024-04-10T06:18:17.182728" level="INFO">${response} = &lt;Response [200]&gt;</msg>
<var>${response}</var>
<arg>consultarAPI</arg>
<arg>/api</arg>
<doc>Sends a GET request on a previously created HTTP Session.</doc>
<status status="PASS" start="2024-04-10T06:18:17.088412" elapsed="0.094357"/>
</kw>
<kw name="Set Variable" owner="BuiltIn">
<msg time="2024-04-10T06:18:17.183832" level="INFO">${json_data} = {'results': [{'gender': 'female', 'name': {'title': 'Miss', 'first': 'Karen', 'last': 'Oliver'}, 'location': {'street': {'number': 9445, 'name': 'Oaks Cross'}, 'city': 'Edinburgh', 'state': 'Rutland',...</msg>
<var>${json_data}</var>
<arg>${response.json()}</arg>
<doc>Returns the given values which can then be assigned to a variables.</doc>
<status status="PASS" start="2024-04-10T06:18:17.183269" elapsed="0.000591"/>
</kw>
<kw name="Set Variable" owner="BuiltIn">
<msg time="2024-04-10T06:18:17.184554" level="INFO">${name_title} = Miss</msg>
<var>${name_title}</var>
<arg>${json_data["results"][0]["name"]["title"]}</arg>
<doc>Returns the given values which can then be assigned to a variables.</doc>
<status status="PASS" start="2024-04-10T06:18:17.184166" elapsed="0.000413"/>
</kw>
<kw name="Create List" owner="BuiltIn">
<msg time="2024-04-10T06:18:17.185029" level="INFO">${allowed_titles} = ['Mr', 'Ms', 'Miss', 'Mrs', 'Madame', 'Monsieur']</msg>
<var>${allowed_titles}</var>
<arg>Mr</arg>
<arg>Ms</arg>
<arg>Miss</arg>
<arg>Mrs</arg>
<arg>Madame</arg>
<arg>Monsieur</arg>
<doc>Returns a list containing given items.</doc>
<status status="PASS" start="2024-04-10T06:18:17.184878" elapsed="0.000176"/>
</kw>
<kw name="List Should Contain Value" owner="Collections">
<msg time="2024-04-10T06:18:17.185547" level="INFO">False</msg>
<arg>${allowed_titles}</arg>
<arg>${name_title}</arg>
<doc>Fails if the ``value`` is not found from ``list``.</doc>
<status status="PASS" start="2024-04-10T06:18:17.185371" elapsed="0.000213"/>
</kw>
<kw name="Set Variable" owner="BuiltIn">
<msg time="2024-04-10T06:18:17.186257" level="INFO">${name_country} = GB</msg>
<var>${name_country}</var>
<arg>${json_data["results"][0]["nat"]}</arg>
<doc>Returns the given values which can then be assigned to a variables.</doc>
<status status="PASS" start="2024-04-10T06:18:17.185879" elapsed="0.000404"/>
</kw>
<kw name="Create List" owner="BuiltIn">
<msg time="2024-04-10T06:18:17.187237" level="INFO">${list_country} = ['AD', 'AE', 'AF', 'AG', 'AI', 'AL', 'AM', 'AO', 'AQ', 'AR', 'AS', 'AT', 'AU', 'AW', 'AX', 'AZ', 'BA', 'BB', 'BD', 'BE', 'BF', 'BG', 'BH', 'BI', 'BJ', 'BL', 'BM', 'BN', 'BO', 'BQ', 'BR', 'BS', 'BT', '...</msg>
<var>${list_country}</var>
<arg>AD</arg>
<arg>AE</arg>
<arg>AF</arg>
<arg>AG</arg>
<arg>AI</arg>
<arg>AL</arg>
<arg>AM</arg>
<arg>AO</arg>
<arg>AQ</arg>
<arg>AR</arg>
<arg>AS</arg>
<arg>AT</arg>
<arg>AU</arg>
<arg>AW</arg>
<arg>AX</arg>
<arg>AZ</arg>
<arg>BA</arg>
<arg>BB</arg>
<arg>BD</arg>
<arg>BE</arg>
<arg>BF</arg>
<arg>BG</arg>
<arg>BH</arg>
<arg>BI</arg>
<arg>BJ</arg>
<arg>BL</arg>
<arg>BM</arg>
<arg>BN</arg>
<arg>BO</arg>
<arg>BQ</arg>
<arg>BR</arg>
<arg>BS</arg>
<arg>BT</arg>
<arg>BV</arg>
<arg>BW</arg>
<arg>BY</arg>
<arg>BZ</arg>
<arg>CA</arg>
<arg>CC</arg>
<arg>CD</arg>
<arg>CF</arg>
<arg>CG</arg>
<arg>CH</arg>
<arg>CI</arg>
<arg>CK</arg>
<arg>CL</arg>
<arg>CM</arg>
<arg>CN</arg>
<arg>CO</arg>
<arg>CR</arg>
<arg>CU</arg>
<arg>CV</arg>
<arg>CW</arg>
<arg>CX</arg>
<arg>CY</arg>
<arg>CZ</arg>
<arg>DE</arg>
<arg>DJ</arg>
<arg>DK</arg>
<arg>DM</arg>
<arg>DO</arg>
<arg>DZ</arg>
<arg>EC</arg>
<arg>EE</arg>
<arg>EG</arg>
<arg>EH</arg>
<arg>ER</arg>
<arg>ES</arg>
<arg>ET</arg>
<arg>FI</arg>
<arg>FJ</arg>
<arg>FK</arg>
<arg>FM</arg>
<arg>FO</arg>
<arg>FR</arg>
<arg>GA</arg>
<arg>GB</arg>
<arg>GD</arg>
<arg>GE</arg>
<arg>GF</arg>
<arg>GG</arg>
<arg>GH</arg>
<arg>GI</arg>
<arg>GL</arg>
<arg>GM</arg>
<arg>GN</arg>
<arg>GP</arg>
<arg>GQ</arg>
<arg>GR</arg>
<arg>GS</arg>
<arg>GT</arg>
<arg>GU</arg>
<arg>GW</arg>
<arg>GY</arg>
<arg>HK</arg>
<arg>HM</arg>
<arg>HN</arg>
<arg>HR</arg>
<arg>HT</arg>
<arg>HU</arg>
<arg>ID</arg>
<arg>IE</arg>
<arg>IL</arg>
<arg>IM</arg>
<arg>IN</arg>
<arg>IO</arg>
<arg>IQ</arg>
<arg>IR</arg>
<arg>IS</arg>
<arg>IT</arg>
<arg>JE</arg>
<arg>JM</arg>
<arg>JO</arg>
<arg>JP</arg>
<arg>KE</arg>
<arg>KG</arg>
<arg>KH</arg>
<arg>KI</arg>
<arg>KM</arg>
<arg>KN</arg>
<arg>KP</arg>
<arg>KR</arg>
<arg>KW</arg>
<arg>KY</arg>
<arg>KZ</arg>
<arg>LA</arg>
<arg>LB</arg>
<arg>LC</arg>
<arg>LI</arg>
<arg>LK</arg>
<arg>LR</arg>
<arg>LS</arg>
<arg>LT</arg>
<arg>LU</arg>
<arg>LV</arg>
<arg>LY</arg>
<arg>MA</arg>
<arg>MC</arg>
<arg>MD</arg>
<arg>ME</arg>
<arg>MF</arg>
<arg>MG</arg>
<arg>MH</arg>
<arg>MK</arg>
<arg>ML</arg>
<arg>MM</arg>
<arg>MN</arg>
<arg>MO</arg>
<arg>MP</arg>
<arg>MQ</arg>
<arg>MR</arg>
<arg>MS</arg>
<arg>MT</arg>
<arg>MU</arg>
<arg>MV</arg>
<arg>MW</arg>
<arg>MX</arg>
<arg>MY</arg>
<arg>MZ</arg>
<arg>NA</arg>
<arg>NC</arg>
<arg>NE</arg>
<arg>NF</arg>
<arg>NG</arg>
<arg>NI</arg>
<arg>NL</arg>
<arg>NO</arg>
<arg>NP</arg>
<arg>NR</arg>
<arg>NU</arg>
<arg>NZ</arg>
<arg>OM</arg>
<arg>PA</arg>
<arg>PE</arg>
<arg>PF</arg>
<arg>PG</arg>
<arg>PH</arg>
<arg>PK</arg>
<arg>PL</arg>
<arg>PM</arg>
<arg>PN</arg>
<arg>PR</arg>
<arg>PS</arg>
<arg>PT</arg>
<arg>PW</arg>
<arg>PY</arg>
<arg>QA</arg>
<arg>RE</arg>
<arg>RO</arg>
<arg>RS</arg>
<arg>RU</arg>
<arg>RW</arg>
<arg>SA</arg>
<arg>SB</arg>
<arg>SC</arg>
<arg>SD</arg>
<arg>SE</arg>
<arg>SG</arg>
<arg>SH</arg>
<arg>SI</arg>
<arg>SJ</arg>
<arg>SK</arg>
<arg>SL</arg>
<arg>SM</arg>
<arg>SN</arg>
<arg>SO</arg>
<arg>SR</arg>
<arg>SS</arg>
<arg>ST</arg>
<arg>SV</arg>
<arg>SX</arg>
<arg>SY</arg>
<arg>SZ</arg>
<arg>TC</arg>
<arg>TD</arg>
<arg>TF</arg>
<arg>TG</arg>
<arg>TH</arg>
<arg>TJ</arg>
<arg>TK</arg>
<arg>TL</arg>
<arg>TM</arg>
<arg>TN</arg>
<arg>TO</arg>
<arg>TR</arg>
<arg>TT</arg>
<arg>TV</arg>
<arg>TW</arg>
<arg>TZ</arg>
<arg>UA</arg>
<arg>UG</arg>
<arg>UM</arg>
<arg>US</arg>
<arg>UY</arg>
<arg>UZ</arg>
<arg>VA</arg>
<arg>VC</arg>
<arg>VE</arg>
<arg>VG</arg>
<arg>VI</arg>
<arg>VN</arg>
<arg>VU</arg>
<arg>WF</arg>
<arg>WS</arg>
<arg>XK</arg>
<arg>YE</arg>
<arg>YT</arg>
<arg>ZA</arg>
<arg>ZM</arg>
<arg>ZW</arg>
<doc>Returns a list containing given items.</doc>
<status status="PASS" start="2024-04-10T06:18:17.186622" elapsed="0.000641"/>
</kw>
<kw name="List Should Contain Value" owner="Collections">
<msg time="2024-04-10T06:18:17.188265" level="INFO">False</msg>
<arg>${list_country}</arg>
<arg>${name_country}</arg>
<doc>Fails if the ``value`` is not found from ``list``.</doc>
<status status="PASS" start="2024-04-10T06:18:17.188061" elapsed="0.000241"/>
</kw>
<kw name="Run Keyword If" owner="BuiltIn">
<kw name="Should Be True" owner="BuiltIn">
<arg>${True}</arg>
<doc>Fails if the given condition is not true.</doc>
<status status="PASS" start="2024-04-10T06:18:17.189492" elapsed="0.000147"/>
</kw>
<arg>${json_data["results"][0]["location"]["coordinates"]["latitude"]} &gt;= -90 and ${json_data["results"][0]["location"]["coordinates"]["latitude"]} &lt;= 90</arg>
<arg>Should Be True</arg>
<arg>${True}</arg>
<doc>Runs the given keyword with the given arguments, if ``condition`` is true.</doc>
<status status="PASS" start="2024-04-10T06:18:17.188619" elapsed="0.001151"/>
</kw>
<kw name="Run Keyword If" owner="BuiltIn">
<kw name="Should Be True" owner="BuiltIn">
<arg>${True}</arg>
<doc>Fails if the given condition is not true.</doc>
<status status="PASS" start="2024-04-10T06:18:17.190680" elapsed="0.000141"/>
</kw>
<arg>${json_data["results"][0]["location"]["coordinates"]["longitude"]} &gt;= -180 and ${json_data["results"][0]["location"]["coordinates"]["longitude"]} &lt;= 180</arg>
<arg>Should Be True</arg>
<arg>${True}</arg>
<doc>Runs the given keyword with the given arguments, if ``condition`` is true.</doc>
<status status="PASS" start="2024-04-10T06:18:17.189956" elapsed="0.000990"/>
</kw>
<status status="PASS" start="2024-04-10T06:18:17.088190" elapsed="0.102886"/>
</kw>
<doc>Testa o conteúdo específico dos campos retornados pela API.</doc>
<tag>testeConteudo</tag>
<status status="PASS" start="2024-04-10T06:18:17.087667" elapsed="0.103554"/>
</test>
<status status="PASS" start="2024-04-10T06:18:16.396521" elapsed="0.796663"/>
</suite>
<status status="PASS" start="2024-04-10T06:18:16.382757" elapsed="0.815848"/>
</suite>
<statistics>
<total>
<stat pass="5" fail="0" skip="0">All Tests</stat>
</total>
<tag>
<stat pass="1" fail="0" skip="0">testeConteudo</stat>
<stat pass="1" fail="0" skip="0">testeEstruturaResposta</stat>
<stat pass="1" fail="0" skip="0">testeRequisicaoBasica</stat>
<stat pass="1" fail="0" skip="0">testeTiposDados</stat>
</tag>
<suite>
<stat pass="5" fail="0" skip="0" id="s1" name="Tests">Tests</stat>
<stat pass="5" fail="0" skip="0" id="s1-s1" name="Random-User-Test">Tests.Random-User-Test</stat>
</suite>
</statistics>
<errors>
</errors>
</robot>
