<?xml version="1.0" encoding="UTF-8"?>
<robot generator="Robot 7.0.1 (Python 3.12.3 on linux)" generated="2024-06-18T09:16:29.771334" rpa="false" schemaversion="5">
<suite id="s1" name="Tests" source="/home/runner/work/ApiRandomUser/ApiRandomUser/RamdonUser/tests">
<suite id="s1-s1" name="Random-User-Test" source="/home/runner/work/ApiRandomUser/ApiRandomUser/RamdonUser/tests/random-user-test.robot">
<test id="s1-s1-t1" name="Conectar" line="13">
<kw name="Conectar API" owner="random-user-service">
<kw name="Create Session" owner="RequestsLibrary">
<msg time="2024-06-18T09:16:30.162452" level="INFO">Creating Session using : alias=consultarAPI, url=https://randomuser.me/, headers={},                     cookies={}, auth=None, timeout=None, proxies=None, verify=False,                     debug=0 </msg>
<arg>consultarAPI</arg>
<arg>${URL}</arg>
<doc>Create Session: create a HTTP session to a server</doc>
<status status="PASS" start="2024-06-18T09:16:30.162225" elapsed="0.000421"/>
</kw>
<status status="PASS" start="2024-06-18T09:16:30.161155" elapsed="0.001881"/>
</kw>
<status status="PASS" start="2024-06-18T09:16:30.160574" elapsed="0.002672"/>
</test>
<test id="s1-s1-t2" name="Validar retorno 200 e JSON Válido" line="16">
<kw name="Teste de Requisicao Basica" owner="random-user-service">
<kw name="GET On Session" owner="RequestsLibrary">
<msg time="2024-06-18T09:16:30.349520" level="INFO">GET Request : url=https://randomuser.me/api 
 path_url=/api 
 headers={'User-Agent': 'python-requests/2.32.3', 'Accept-Encoding': 'gzip, deflate', 'Accept': '*/*', 'Connection': 'keep-alive'} 
 body=None 
 </msg>
<msg time="2024-06-18T09:16:30.349706" level="INFO">GET Response : url=https://randomuser.me/api 
 status=200, reason=OK 
 headers={'Date': 'Tue, 18 Jun 2024 09:16:30 GMT', 'Content-Type': 'application/json; charset=utf-8', 'Transfer-Encoding': 'chunked', 'Connection': 'keep-alive', 'X-Powered-By': 'Express', 'Access-Control-Allow-Origin': '*', 'Cache-Control': 'no-cache', 'ETag': 'W/"483-wvJqwlICdrskUVk9vgm586Pq8Qo"', 'Vary': 'Accept-Encoding', 'Content-Encoding': 'gzip', 'CF-Cache-Status': 'DYNAMIC', 'Report-To': '{"endpoints":[{"url":"https:\\/\\/a.nel.cloudflare.com\\/report\\/v4?s=sR7WGETW%2B8oh4AgnJZi7yvBXNWYvU6g7rVGUxw8XpilVk1q1V3IRO%2FObg1xmTxhaJV0WaBv%2BjeOtlTmEwz4%2BYhOl%2BjvzqXtcAiE5s1vxlNW2uiEK5dahRobu9eev31kE"}],"group":"cf-nel","max_age":604800}', 'NEL': '{"success_fraction":0,"report_to":"cf-nel","max_age":604800}', 'Server': 'cloudflare', 'CF-RAY': '895a2e517c702225-ORD', 'alt-svc': 'h3=":443"; ma=86400'} 
 body={"results":[{"gender":"female","name":{"title":"Ms","first":"Clara","last":"Madsen"},"location":{"street":{"number":915,"name":"Sølystvej"},"city":"Kongens  Lyngby","state":"Syddanmark","country":"Denmark","postcode":23631,"coordinates":{"latitude":"-40.1634","longitude":"51.3697"},"timezone":{"offset":"-12:00","description":"Eniwetok, Kwajalein"}},"email":"clara.madsen@example.com","login":{"uuid":"37e01d6f-206d-4d33-9ae3-8470526e966f","username":"blueleopard375","password":"thisisit","salt":"dB33mluP","md5":"8c520f809738b516fde83b9ab28a9f2c","sha1":"bc51a0b953672478f8d59f2fe9879bf3d30cf783","sha256":"2152bf35c3192c866452289816f70aee3c8fb54e8c74a4eab8e2bf8036f882da"},"dob":{"date":"1970-09-04T13:20:44.605Z","age":53},"registered":{"date":"2002-04-08T14:43:40.744Z","age":22},"phone":"13954395","cell":"35878872","id":{"name":"CPR","value":"040970-6393"},"picture":{"large":"https://randomuser.me/api/portraits/women/31.jpg","medium":"https://randomuser.me/api/portraits/med/women/31.jpg","thumbnail":"https://randomuser.me/api/portraits/thumb/women/31.jpg"},"nat":"DK"}],"info":{"seed":"5573127a32e2506d","results":1,"page":1,"version":"1.4"}} 
 </msg>
<msg time="2024-06-18T09:16:30.349818" level="INFO">/opt/hostedtoolcache/Python/3.12.3/x64/lib/python3.12/site-packages/urllib3/connectionpool.py:1099: InsecureRequestWarning: Unverified HTTPS request is being made to host 'randomuser.me'. Adding certificate verification is strongly advised. See: https://urllib3.readthedocs.io/en/latest/advanced-usage.html#tls-warnings
  warnings.warn(</msg>
<msg time="2024-06-18T09:16:30.350006" level="INFO">${response} = &lt;Response [200]&gt;</msg>
<var>${response}</var>
<arg>consultarAPI</arg>
<arg>/api</arg>
<doc>Sends a GET request on a previously created HTTP Session.</doc>
<status status="PASS" start="2024-06-18T09:16:30.165885" elapsed="0.184164"/>
</kw>
<kw name="Should Be Equal As Numbers" owner="BuiltIn">
<msg time="2024-06-18T09:16:30.351102" level="INFO">Argument types are:
&lt;class 'int'&gt;
&lt;class 'str'&gt;</msg>
<arg>${response.status_code}</arg>
<arg>200</arg>
<doc>Fails if objects are unequal after converting them to real numbers.</doc>
<status status="PASS" start="2024-06-18T09:16:30.350603" elapsed="0.000570"/>
</kw>
<kw name="Log" owner="BuiltIn">
<msg time="2024-06-18T09:16:30.351931" level="INFO">200</msg>
<arg>${response.status_code}</arg>
<doc>Logs the given message with the given level.</doc>
<status status="PASS" start="2024-06-18T09:16:30.351560" elapsed="0.000434"/>
</kw>
<kw name="Set Variable" owner="BuiltIn">
<msg time="2024-06-18T09:16:30.352800" level="INFO">${json_data} = {'results': [{'gender': 'female', 'name': {'title': 'Ms', 'first': 'Clara', 'last': 'Madsen'}, 'location': {'street': {'number': 915, 'name': 'Sølystvej'}, 'city': 'Kongens  Lyngby', 'state': 'Syddanm...</msg>
<var>${json_data}</var>
<arg>${response.json()}</arg>
<doc>Returns the given values which can then be assigned to a variables.</doc>
<status status="PASS" start="2024-06-18T09:16:30.352342" elapsed="0.000488"/>
</kw>
<kw name="Dictionary Should Contain Key" owner="Collections">
<arg>${json_data}</arg>
<arg>results</arg>
<doc>Fails if ``key`` is not found from ``dictionary``.</doc>
<status status="PASS" start="2024-06-18T09:16:30.353138" elapsed="0.000170"/>
</kw>
<status status="PASS" start="2024-06-18T09:16:30.165632" elapsed="0.187829"/>
</kw>
<doc>Testa se a API responde corretamente e retorna um objeto JSON válido.</doc>
<tag>testeRequisicaoBasica</tag>
<status status="PASS" start="2024-06-18T09:16:30.165138" elapsed="0.188505"/>
</test>
<test id="s1-s1-t3" name="Validar estrutura de resposta" line="22">
<kw name="Teste de Estrutura de Resposta" owner="random-user-service">
<kw name="GET On Session" owner="RequestsLibrary">
<msg time="2024-06-18T09:16:30.444539" level="INFO">GET Request : url=https://randomuser.me/api 
 path_url=/api 
 headers={'User-Agent': 'python-requests/2.32.3', 'Accept-Encoding': 'gzip, deflate', 'Accept': '*/*', 'Connection': 'keep-alive'} 
 body=None 
 </msg>
<msg time="2024-06-18T09:16:30.444643" level="INFO">GET Response : url=https://randomuser.me/api 
 status=200, reason=OK 
 headers={'Date': 'Tue, 18 Jun 2024 09:16:30 GMT', 'Content-Type': 'application/json; charset=utf-8', 'Transfer-Encoding': 'chunked', 'Connection': 'keep-alive', 'X-Powered-By': 'Express', 'Access-Control-Allow-Origin': '*', 'Cache-Control': 'no-cache', 'ETag': 'W/"491-LrsSywhKrBp6cq2L/ToyNmi2J10"', 'Vary': 'Accept-Encoding', 'Content-Encoding': 'gzip', 'CF-Cache-Status': 'DYNAMIC', 'Report-To': '{"endpoints":[{"url":"https:\\/\\/a.nel.cloudflare.com\\/report\\/v4?s=AhEUrVCER1%2Bisb4Uy8bTAbTWdyeMuhlvDUXWKQxakKZ1jbQyrce8LTXCS7tAR2OsPvBT1I%2FL%2B8riIHOzKGABtGrZIk3HMYm1VTBpmBHFN88u6UOW8nwcAszqsrhSTRq1"}],"group":"cf-nel","max_age":604800}', 'NEL': '{"success_fraction":0,"report_to":"cf-nel","max_age":604800}', 'Server': 'cloudflare', 'CF-RAY': '895a2e51cc952225-ORD', 'alt-svc': 'h3=":443"; ma=86400'} 
 body={"results":[{"gender":"female","name":{"title":"Mrs","first":"Anni","last":"Niemela"},"location":{"street":{"number":1015,"name":"Mannerheimintie"},"city":"Sotkamo","state":"Pirkanmaa","country":"Finland","postcode":84541,"coordinates":{"latitude":"-27.8039","longitude":"154.8141"},"timezone":{"offset":"-8:00","description":"Pacific Time (US &amp; Canada)"}},"email":"anni.niemela@example.com","login":{"uuid":"195216d9-d6c6-494c-a097-feefa6ecd412","username":"heavyzebra915","password":"mango","salt":"xVzKsY3c","md5":"dc85d13e332d2857bd4021fb22887e50","sha1":"e45b878ac8c807554aa566a012f9bc12a1ade98a","sha256":"16cf5d7ef056f86a073ca9d077e9c2ff377a9e21a0083872d82f60ec857447b6"},"dob":{"date":"1995-08-26T19:32:44.566Z","age":28},"registered":{"date":"2022-01-26T01:49:34.165Z","age":2},"phone":"05-988-201","cell":"044-987-42-99","id":{"name":"HETU","value":"NaNNA358undefined"},"picture":{"large":"https://randomuser.me/api/portraits/women/62.jpg","medium":"https://randomuser.me/api/portraits/med/women/62.jpg","thumbnail":"https://randomuser.me/api/portraits/thumb/women/62.jpg"},"nat":"FI"}],"info":{"seed":"a0319eca61dd9a89","results":1,"page":1,"version":"1.4"}} 
 </msg>
<msg time="2024-06-18T09:16:30.444811" level="INFO">/opt/hostedtoolcache/Python/3.12.3/x64/lib/python3.12/site-packages/urllib3/connectionpool.py:1099: InsecureRequestWarning: Unverified HTTPS request is being made to host 'randomuser.me'. Adding certificate verification is strongly advised. See: https://urllib3.readthedocs.io/en/latest/advanced-usage.html#tls-warnings
  warnings.warn(</msg>
<msg time="2024-06-18T09:16:30.444954" level="INFO">${response} = &lt;Response [200]&gt;</msg>
<var>${response}</var>
<arg>consultarAPI</arg>
<arg>/api</arg>
<doc>Sends a GET request on a previously created HTTP Session.</doc>
<status status="PASS" start="2024-06-18T09:16:30.356488" elapsed="0.088510"/>
</kw>
<kw name="Set Variable" owner="BuiltIn">
<msg time="2024-06-18T09:16:30.446227" level="INFO">${json_data} = {'results': [{'gender': 'female', 'name': {'title': 'Mrs', 'first': 'Anni', 'last': 'Niemela'}, 'location': {'street': {'number': 1015, 'name': 'Mannerheimintie'}, 'city': 'Sotkamo', 'state': 'Pirkanm...</msg>
<var>${json_data}</var>
<arg>${response.json()}</arg>
<doc>Returns the given values which can then be assigned to a variables.</doc>
<status status="PASS" start="2024-06-18T09:16:30.445604" elapsed="0.000652"/>
</kw>
<kw name="Log" owner="BuiltIn">
<msg time="2024-06-18T09:16:30.446759" level="INFO">{'results': [{'gender': 'female', 'name': {'title': 'Mrs', 'first': 'Anni', 'last': 'Niemela'}, 'location': {'street': {'number': 1015, 'name': 'Mannerheimintie'}, 'city': 'Sotkamo', 'state': 'Pirkanmaa', 'country': 'Finland', 'postcode': 84541, 'coordinates': {'latitude': '-27.8039', 'longitude': '154.8141'}, 'timezone': {'offset': '-8:00', 'description': 'Pacific Time (US &amp; Canada)'}}, 'email': 'anni.niemela@example.com', 'login': {'uuid': '195216d9-d6c6-494c-a097-feefa6ecd412', 'username': 'heavyzebra915', 'password': 'mango', 'salt': 'xVzKsY3c', 'md5': 'dc85d13e332d2857bd4021fb22887e50', 'sha1': 'e45b878ac8c807554aa566a012f9bc12a1ade98a', 'sha256': '16cf5d7ef056f86a073ca9d077e9c2ff377a9e21a0083872d82f60ec857447b6'}, 'dob': {'date': '1995-08-26T19:32:44.566Z', 'age': 28}, 'registered': {'date': '2022-01-26T01:49:34.165Z', 'age': 2}, 'phone': '05-988-201', 'cell': '044-987-42-99', 'id': {'name': 'HETU', 'value': 'NaNNA358undefined'}, 'picture': {'large': 'https://randomuser.me/api/portraits/women/62.jpg', 'medium': 'https://randomuser.me/api/portraits/med/women/62.jpg', 'thumbnail': 'https://randomuser.me/api/portraits/thumb/women/62.jpg'}, 'nat': 'FI'}], 'info': {'seed': 'a0319eca61dd9a89', 'results': 1, 'page': 1, 'version': '1.4'}}</msg>
<arg>${json_data}</arg>
<doc>Logs the given message with the given level.</doc>
<status status="PASS" start="2024-06-18T09:16:30.446593" elapsed="0.000215"/>
</kw>
<kw name="Dictionary Should Contain Key" owner="Collections">
<arg>${json_data}</arg>
<arg>results</arg>
<doc>Fails if ``key`` is not found from ``dictionary``.</doc>
<status status="PASS" start="2024-06-18T09:16:30.447149" elapsed="0.000165"/>
</kw>
<kw name="Should Not Be Empty" owner="BuiltIn">
<msg time="2024-06-18T09:16:30.447628" level="INFO">Length is 2.</msg>
<arg>${json_data}</arg>
<doc>Verifies that the given item is not empty.</doc>
<status status="PASS" start="2024-06-18T09:16:30.447502" elapsed="0.000164"/>
</kw>
<kw name="Create List" owner="BuiltIn">
<msg time="2024-06-18T09:16:30.448107" level="INFO">${expected_keys} = ['gender', 'name', 'location', 'email', 'login']</msg>
<var>${expected_keys}</var>
<arg>gender</arg>
<arg>name</arg>
<arg>location</arg>
<arg>email</arg>
<arg>login</arg>
<doc>Returns a list containing given items.</doc>
<status status="PASS" start="2024-06-18T09:16:30.447959" elapsed="0.000171"/>
</kw>
<for flavor="IN">
<iter>
<kw name="Dictionary Should Contain Key" owner="Collections">
<arg>${json_data['results'][0]}</arg>
<arg>${key}</arg>
<doc>Fails if ``key`` is not found from ``dictionary``.</doc>
<status status="PASS" start="2024-06-18T09:16:30.448723" elapsed="0.000405"/>
</kw>
<kw name="Log" owner="BuiltIn">
<msg time="2024-06-18T09:16:30.449690" level="INFO">{'gender': 'female', 'name': {'title': 'Mrs', 'first': 'Anni', 'last': 'Niemela'}, 'location': {'street': {'number': 1015, 'name': 'Mannerheimintie'}, 'city': 'Sotkamo', 'state': 'Pirkanmaa', 'country': 'Finland', 'postcode': 84541, 'coordinates': {'latitude': '-27.8039', 'longitude': '154.8141'}, 'timezone': {'offset': '-8:00', 'description': 'Pacific Time (US &amp; Canada)'}}, 'email': 'anni.niemela@example.com', 'login': {'uuid': '195216d9-d6c6-494c-a097-feefa6ecd412', 'username': 'heavyzebra915', 'password': 'mango', 'salt': 'xVzKsY3c', 'md5': 'dc85d13e332d2857bd4021fb22887e50', 'sha1': 'e45b878ac8c807554aa566a012f9bc12a1ade98a', 'sha256': '16cf5d7ef056f86a073ca9d077e9c2ff377a9e21a0083872d82f60ec857447b6'}, 'dob': {'date': '1995-08-26T19:32:44.566Z', 'age': 28}, 'registered': {'date': '2022-01-26T01:49:34.165Z', 'age': 2}, 'phone': '05-988-201', 'cell': '044-987-42-99', 'id': {'name': 'HETU', 'value': 'NaNNA358undefined'}, 'picture': {'large': 'https://randomuser.me/api/portraits/women/62.jpg', 'medium': 'https://randomuser.me/api/portraits/med/women/62.jpg', 'thumbnail': 'https://randomuser.me/api/portraits/thumb/women/62.jpg'}, 'nat': 'FI'}</msg>
<arg>${json_data['results'][0]}</arg>
<doc>Logs the given message with the given level.</doc>
<status status="PASS" start="2024-06-18T09:16:30.449321" elapsed="0.000420"/>
</kw>
<kw name="Log" owner="BuiltIn">
<msg time="2024-06-18T09:16:30.450169" level="INFO">gender</msg>
<arg>${key}</arg>
<doc>Logs the given message with the given level.</doc>
<status status="PASS" start="2024-06-18T09:16:30.450041" elapsed="0.000167"/>
</kw>
<var name="${key}">gender</var>
<status status="PASS" start="2024-06-18T09:16:30.448593" elapsed="0.001836"/>
</iter>
<iter>
<kw name="Dictionary Should Contain Key" owner="Collections">
<arg>${json_data['results'][0]}</arg>
<arg>${key}</arg>
<doc>Fails if ``key`` is not found from ``dictionary``.</doc>
<status status="PASS" start="2024-06-18T09:16:30.450738" elapsed="0.000422"/>
</kw>
<kw name="Log" owner="BuiltIn">
<msg time="2024-06-18T09:16:30.451698" level="INFO">{'gender': 'female', 'name': {'title': 'Mrs', 'first': 'Anni', 'last': 'Niemela'}, 'location': {'street': {'number': 1015, 'name': 'Mannerheimintie'}, 'city': 'Sotkamo', 'state': 'Pirkanmaa', 'country': 'Finland', 'postcode': 84541, 'coordinates': {'latitude': '-27.8039', 'longitude': '154.8141'}, 'timezone': {'offset': '-8:00', 'description': 'Pacific Time (US &amp; Canada)'}}, 'email': 'anni.niemela@example.com', 'login': {'uuid': '195216d9-d6c6-494c-a097-feefa6ecd412', 'username': 'heavyzebra915', 'password': 'mango', 'salt': 'xVzKsY3c', 'md5': 'dc85d13e332d2857bd4021fb22887e50', 'sha1': 'e45b878ac8c807554aa566a012f9bc12a1ade98a', 'sha256': '16cf5d7ef056f86a073ca9d077e9c2ff377a9e21a0083872d82f60ec857447b6'}, 'dob': {'date': '1995-08-26T19:32:44.566Z', 'age': 28}, 'registered': {'date': '2022-01-26T01:49:34.165Z', 'age': 2}, 'phone': '05-988-201', 'cell': '044-987-42-99', 'id': {'name': 'HETU', 'value': 'NaNNA358undefined'}, 'picture': {'large': 'https://randomuser.me/api/portraits/women/62.jpg', 'medium': 'https://randomuser.me/api/portraits/med/women/62.jpg', 'thumbnail': 'https://randomuser.me/api/portraits/thumb/women/62.jpg'}, 'nat': 'FI'}</msg>
<arg>${json_data['results'][0]}</arg>
<doc>Logs the given message with the given level.</doc>
<status status="PASS" start="2024-06-18T09:16:30.451352" elapsed="0.000440"/>
</kw>
<kw name="Log" owner="BuiltIn">
<msg time="2024-06-18T09:16:30.452227" level="INFO">name</msg>
<arg>${key}</arg>
<doc>Logs the given message with the given level.</doc>
<status status="PASS" start="2024-06-18T09:16:30.452099" elapsed="0.000167"/>
</kw>
<var name="${key}">name</var>
<status status="PASS" start="2024-06-18T09:16:30.450620" elapsed="0.001871"/>
</iter>
<iter>
<kw name="Dictionary Should Contain Key" owner="Collections">
<arg>${json_data['results'][0]}</arg>
<arg>${key}</arg>
<doc>Fails if ``key`` is not found from ``dictionary``.</doc>
<status status="PASS" start="2024-06-18T09:16:30.452784" elapsed="0.000387"/>
</kw>
<kw name="Log" owner="BuiltIn">
<msg time="2024-06-18T09:16:30.453704" level="INFO">{'gender': 'female', 'name': {'title': 'Mrs', 'first': 'Anni', 'last': 'Niemela'}, 'location': {'street': {'number': 1015, 'name': 'Mannerheimintie'}, 'city': 'Sotkamo', 'state': 'Pirkanmaa', 'country': 'Finland', 'postcode': 84541, 'coordinates': {'latitude': '-27.8039', 'longitude': '154.8141'}, 'timezone': {'offset': '-8:00', 'description': 'Pacific Time (US &amp; Canada)'}}, 'email': 'anni.niemela@example.com', 'login': {'uuid': '195216d9-d6c6-494c-a097-feefa6ecd412', 'username': 'heavyzebra915', 'password': 'mango', 'salt': 'xVzKsY3c', 'md5': 'dc85d13e332d2857bd4021fb22887e50', 'sha1': 'e45b878ac8c807554aa566a012f9bc12a1ade98a', 'sha256': '16cf5d7ef056f86a073ca9d077e9c2ff377a9e21a0083872d82f60ec857447b6'}, 'dob': {'date': '1995-08-26T19:32:44.566Z', 'age': 28}, 'registered': {'date': '2022-01-26T01:49:34.165Z', 'age': 2}, 'phone': '05-988-201', 'cell': '044-987-42-99', 'id': {'name': 'HETU', 'value': 'NaNNA358undefined'}, 'picture': {'large': 'https://randomuser.me/api/portraits/women/62.jpg', 'medium': 'https://randomuser.me/api/portraits/med/women/62.jpg', 'thumbnail': 'https://randomuser.me/api/portraits/thumb/women/62.jpg'}, 'nat': 'FI'}</msg>
<arg>${json_data['results'][0]}</arg>
<doc>Logs the given message with the given level.</doc>
<status status="PASS" start="2024-06-18T09:16:30.453362" elapsed="0.000391"/>
</kw>
<kw name="Log" owner="BuiltIn">
<msg time="2024-06-18T09:16:30.454173" level="INFO">location</msg>
<arg>${key}</arg>
<doc>Logs the given message with the given level.</doc>
<status status="PASS" start="2024-06-18T09:16:30.454046" elapsed="0.000164"/>
</kw>
<var name="${key}">location</var>
<status status="PASS" start="2024-06-18T09:16:30.452673" elapsed="0.001753"/>
</iter>
<iter>
<kw name="Dictionary Should Contain Key" owner="Collections">
<arg>${json_data['results'][0]}</arg>
<arg>${key}</arg>
<doc>Fails if ``key`` is not found from ``dictionary``.</doc>
<status status="PASS" start="2024-06-18T09:16:30.454704" elapsed="0.000547"/>
</kw>
<kw name="Log" owner="BuiltIn">
<msg time="2024-06-18T09:16:30.455956" level="INFO">{'gender': 'female', 'name': {'title': 'Mrs', 'first': 'Anni', 'last': 'Niemela'}, 'location': {'street': {'number': 1015, 'name': 'Mannerheimintie'}, 'city': 'Sotkamo', 'state': 'Pirkanmaa', 'country': 'Finland', 'postcode': 84541, 'coordinates': {'latitude': '-27.8039', 'longitude': '154.8141'}, 'timezone': {'offset': '-8:00', 'description': 'Pacific Time (US &amp; Canada)'}}, 'email': 'anni.niemela@example.com', 'login': {'uuid': '195216d9-d6c6-494c-a097-feefa6ecd412', 'username': 'heavyzebra915', 'password': 'mango', 'salt': 'xVzKsY3c', 'md5': 'dc85d13e332d2857bd4021fb22887e50', 'sha1': 'e45b878ac8c807554aa566a012f9bc12a1ade98a', 'sha256': '16cf5d7ef056f86a073ca9d077e9c2ff377a9e21a0083872d82f60ec857447b6'}, 'dob': {'date': '1995-08-26T19:32:44.566Z', 'age': 28}, 'registered': {'date': '2022-01-26T01:49:34.165Z', 'age': 2}, 'phone': '05-988-201', 'cell': '044-987-42-99', 'id': {'name': 'HETU', 'value': 'NaNNA358undefined'}, 'picture': {'large': 'https://randomuser.me/api/portraits/women/62.jpg', 'medium': 'https://randomuser.me/api/portraits/med/women/62.jpg', 'thumbnail': 'https://randomuser.me/api/portraits/thumb/women/62.jpg'}, 'nat': 'FI'}</msg>
<arg>${json_data['results'][0]}</arg>
<doc>Logs the given message with the given level.</doc>
<status status="PASS" start="2024-06-18T09:16:30.455523" elapsed="0.000482"/>
</kw>
<kw name="Log" owner="BuiltIn">
<msg time="2024-06-18T09:16:30.456438" level="INFO">email</msg>
<arg>${key}</arg>
<doc>Logs the given message with the given level.</doc>
<status status="PASS" start="2024-06-18T09:16:30.456310" elapsed="0.000166"/>
</kw>
<var name="${key}">email</var>
<status status="PASS" start="2024-06-18T09:16:30.454597" elapsed="0.002094"/>
</iter>
<iter>
<kw name="Dictionary Should Contain Key" owner="Collections">
<arg>${json_data['results'][0]}</arg>
<arg>${key}</arg>
<doc>Fails if ``key`` is not found from ``dictionary``.</doc>
<status status="PASS" start="2024-06-18T09:16:30.456973" elapsed="0.000386"/>
</kw>
<kw name="Log" owner="BuiltIn">
<msg time="2024-06-18T09:16:30.457894" level="INFO">{'gender': 'female', 'name': {'title': 'Mrs', 'first': 'Anni', 'last': 'Niemela'}, 'location': {'street': {'number': 1015, 'name': 'Mannerheimintie'}, 'city': 'Sotkamo', 'state': 'Pirkanmaa', 'country': 'Finland', 'postcode': 84541, 'coordinates': {'latitude': '-27.8039', 'longitude': '154.8141'}, 'timezone': {'offset': '-8:00', 'description': 'Pacific Time (US &amp; Canada)'}}, 'email': 'anni.niemela@example.com', 'login': {'uuid': '195216d9-d6c6-494c-a097-feefa6ecd412', 'username': 'heavyzebra915', 'password': 'mango', 'salt': 'xVzKsY3c', 'md5': 'dc85d13e332d2857bd4021fb22887e50', 'sha1': 'e45b878ac8c807554aa566a012f9bc12a1ade98a', 'sha256': '16cf5d7ef056f86a073ca9d077e9c2ff377a9e21a0083872d82f60ec857447b6'}, 'dob': {'date': '1995-08-26T19:32:44.566Z', 'age': 28}, 'registered': {'date': '2022-01-26T01:49:34.165Z', 'age': 2}, 'phone': '05-988-201', 'cell': '044-987-42-99', 'id': {'name': 'HETU', 'value': 'NaNNA358undefined'}, 'picture': {'large': 'https://randomuser.me/api/portraits/women/62.jpg', 'medium': 'https://randomuser.me/api/portraits/med/women/62.jpg', 'thumbnail': 'https://randomuser.me/api/portraits/thumb/women/62.jpg'}, 'nat': 'FI'}</msg>
<arg>${json_data['results'][0]}</arg>
<doc>Logs the given message with the given level.</doc>
<status status="PASS" start="2024-06-18T09:16:30.457541" elapsed="0.000404"/>
</kw>
<kw name="Log" owner="BuiltIn">
<msg time="2024-06-18T09:16:30.458484" level="INFO">login</msg>
<arg>${key}</arg>
<doc>Logs the given message with the given level.</doc>
<status status="PASS" start="2024-06-18T09:16:30.458245" elapsed="0.000278"/>
</kw>
<var name="${key}">login</var>
<status status="PASS" start="2024-06-18T09:16:30.456865" elapsed="0.001876"/>
</iter>
<var>${key}</var>
<value>@{expected_keys}</value>
<status status="PASS" start="2024-06-18T09:16:30.448396" elapsed="0.010466"/>
</for>
<kw name="Create List" owner="BuiltIn">
<msg time="2024-06-18T09:16:30.459257" level="INFO">${expected_keysTwo} = ['username', 'password']</msg>
<var>${expected_keysTwo}</var>
<arg>username</arg>
<arg>password</arg>
<doc>Returns a list containing given items.</doc>
<status status="PASS" start="2024-06-18T09:16:30.459091" elapsed="0.000220"/>
</kw>
<for flavor="IN">
<iter>
<kw name="Dictionary Should Contain Key" owner="Collections">
<arg>${json_data['results'][0]['login']}</arg>
<arg>${keyTwo}</arg>
<doc>Fails if ``key`` is not found from ``dictionary``.</doc>
<status status="PASS" start="2024-06-18T09:16:30.459830" elapsed="0.000379"/>
</kw>
<kw name="Dictionary Should Contain Key" owner="Collections">
<arg>${json_data['results'][0]['login']}</arg>
<arg>${keyTwo}</arg>
<doc>Fails if ``key`` is not found from ``dictionary``.</doc>
<status status="PASS" start="2024-06-18T09:16:30.460392" elapsed="0.000378"/>
</kw>
<kw name="Log" owner="BuiltIn">
<msg time="2024-06-18T09:16:30.461068" level="INFO">username</msg>
<arg>${keyTwo}</arg>
<doc>Logs the given message with the given level.</doc>
<status status="PASS" start="2024-06-18T09:16:30.460949" elapsed="0.000156"/>
</kw>
<var name="${keyTwo}">username</var>
<status status="PASS" start="2024-06-18T09:16:30.459720" elapsed="0.001611"/>
</iter>
<iter>
<kw name="Dictionary Should Contain Key" owner="Collections">
<arg>${json_data['results'][0]['login']}</arg>
<arg>${keyTwo}</arg>
<doc>Fails if ``key`` is not found from ``dictionary``.</doc>
<status status="PASS" start="2024-06-18T09:16:30.461612" elapsed="0.000371"/>
</kw>
<kw name="Dictionary Should Contain Key" owner="Collections">
<arg>${json_data['results'][0]['login']}</arg>
<arg>${keyTwo}</arg>
<doc>Fails if ``key`` is not found from ``dictionary``.</doc>
<status status="PASS" start="2024-06-18T09:16:30.462159" elapsed="0.000361"/>
</kw>
<kw name="Log" owner="BuiltIn">
<msg time="2024-06-18T09:16:30.462811" level="INFO">password</msg>
<arg>${keyTwo}</arg>
<doc>Logs the given message with the given level.</doc>
<status status="PASS" start="2024-06-18T09:16:30.462693" elapsed="0.000154"/>
</kw>
<var name="${keyTwo}">password</var>
<status status="PASS" start="2024-06-18T09:16:30.461505" elapsed="0.001597"/>
</iter>
<var>${keyTwo}</var>
<value>@{expected_keysTwo}</value>
<status status="PASS" start="2024-06-18T09:16:30.459563" elapsed="0.003679"/>
</for>
<status status="PASS" start="2024-06-18T09:16:30.356250" elapsed="0.107139"/>
</kw>
<doc>Testa a estrutura da resposta da API.</doc>
<tag>testeEstruturaResposta</tag>
<status status="PASS" start="2024-06-18T09:16:30.355493" elapsed="0.108058"/>
</test>
<test id="s1-s1-t4" name="Validar tipos de dados" line="28">
<kw name="Teste de Tipos de Dados" owner="random-user-service">
<kw name="GET On Session" owner="RequestsLibrary">
<msg time="2024-06-18T09:16:30.544666" level="INFO">GET Request : url=https://randomuser.me/api 
 path_url=/api 
 headers={'User-Agent': 'python-requests/2.32.3', 'Accept-Encoding': 'gzip, deflate', 'Accept': '*/*', 'Connection': 'keep-alive'} 
 body=None 
 </msg>
<msg time="2024-06-18T09:16:30.544766" level="INFO">GET Response : url=https://randomuser.me/api 
 status=200, reason=OK 
 headers={'Date': 'Tue, 18 Jun 2024 09:16:30 GMT', 'Content-Type': 'application/json; charset=utf-8', 'Transfer-Encoding': 'chunked', 'Connection': 'keep-alive', 'X-Powered-By': 'Express', 'Access-Control-Allow-Origin': '*', 'Cache-Control': 'no-cache', 'ETag': 'W/"48e-2l5MZatub42rhkdYNciC7lS3vuQ"', 'Vary': 'Accept-Encoding', 'Content-Encoding': 'gzip', 'CF-Cache-Status': 'DYNAMIC', 'Report-To': '{"endpoints":[{"url":"https:\\/\\/a.nel.cloudflare.com\\/report\\/v4?s=VxWg3tjJuW1a2zZRKgb55oSxSpCYwsSZ7KRF17nqNeVVAkdFc2U4fAmSddySu%2BOfIleO%2BTOlNTgf62KpJ77zPeU8C6UvFCYUQ%2F1BCGRVF0uyqOPfOMTK%2B2zJNFfsqg4%2B"}],"group":"cf-nel","max_age":604800}', 'NEL': '{"success_fraction":0,"report_to":"cf-nel","max_age":604800}', 'Server': 'cloudflare', 'CF-RAY': '895a2e527cd12225-ORD', 'alt-svc': 'h3=":443"; ma=86400'} 
 body={"results":[{"gender":"female","name":{"title":"Mrs","first":"Isabella","last":"Harris"},"location":{"street":{"number":8730,"name":"Richmond Ave"},"city":"Wellington","state":"Yukon","country":"Canada","postcode":"N9X 5F6","coordinates":{"latitude":"-67.7034","longitude":"124.8310"},"timezone":{"offset":"+7:00","description":"Bangkok, Hanoi, Jakarta"}},"email":"isabella.harris@example.com","login":{"uuid":"868cdcff-bb2e-4f93-9d41-dd9e11fb2838","username":"beautifulsnake841","password":"cubs","salt":"Tl39Jog2","md5":"9e8ab0c867efd782ae18ac20914416ec","sha1":"b55e667f5bb36189aafad9a6616e167d45f6ed9f","sha256":"0e203f2a9177c6154299e9f9edb7e37134ee8305809635f9542bb51a18b3573a"},"dob":{"date":"1979-08-16T14:38:15.184Z","age":44},"registered":{"date":"2020-05-02T10:04:53.391Z","age":4},"phone":"C97 E51-5595","cell":"X47 P46-7723","id":{"name":"SIN","value":"835319328"},"picture":{"large":"https://randomuser.me/api/portraits/women/11.jpg","medium":"https://randomuser.me/api/portraits/med/women/11.jpg","thumbnail":"https://randomuser.me/api/portraits/thumb/women/11.jpg"},"nat":"CA"}],"info":{"seed":"092d55ec9acdf6c5","results":1,"page":1,"version":"1.4"}} 
 </msg>
<msg time="2024-06-18T09:16:30.544842" level="INFO">/opt/hostedtoolcache/Python/3.12.3/x64/lib/python3.12/site-packages/urllib3/connectionpool.py:1099: InsecureRequestWarning: Unverified HTTPS request is being made to host 'randomuser.me'. Adding certificate verification is strongly advised. See: https://urllib3.readthedocs.io/en/latest/advanced-usage.html#tls-warnings
  warnings.warn(</msg>
<msg time="2024-06-18T09:16:30.544972" level="INFO">${response} = &lt;Response [200]&gt;</msg>
<var>${response}</var>
<arg>consultarAPI</arg>
<arg>/api</arg>
<doc>Sends a GET request on a previously created HTTP Session.</doc>
<status status="PASS" start="2024-06-18T09:16:30.466138" elapsed="0.078874"/>
</kw>
<kw name="Set Variable" owner="BuiltIn">
<msg time="2024-06-18T09:16:30.546040" level="INFO">${json_data} = {'results': [{'gender': 'female', 'name': {'title': 'Mrs', 'first': 'Isabella', 'last': 'Harris'}, 'location': {'street': {'number': 8730, 'name': 'Richmond Ave'}, 'city': 'Wellington', 'state': 'Yuko...</msg>
<var>${json_data}</var>
<arg>${response.json()}</arg>
<doc>Returns the given values which can then be assigned to a variables.</doc>
<status status="PASS" start="2024-06-18T09:16:30.545519" elapsed="0.000552"/>
</kw>
<kw name="Log" owner="BuiltIn">
<msg time="2024-06-18T09:16:30.546577" level="INFO">{'results': [{'gender': 'female', 'name': {'title': 'Mrs', 'first': 'Isabella', 'last': 'Harris'}, 'location': {'street': {'number': 8730, 'name': 'Richmond Ave'}, 'city': 'Wellington', 'state': 'Yukon', 'country': 'Canada', 'postcode': 'N9X 5F6', 'coordinates': {'latitude': '-67.7034', 'longitude': '124.8310'}, 'timezone': {'offset': '+7:00', 'description': 'Bangkok, Hanoi, Jakarta'}}, 'email': 'isabella.harris@example.com', 'login': {'uuid': '868cdcff-bb2e-4f93-9d41-dd9e11fb2838', 'username': 'beautifulsnake841', 'password': 'cubs', 'salt': 'Tl39Jog2', 'md5': '9e8ab0c867efd782ae18ac20914416ec', 'sha1': 'b55e667f5bb36189aafad9a6616e167d45f6ed9f', 'sha256': '0e203f2a9177c6154299e9f9edb7e37134ee8305809635f9542bb51a18b3573a'}, 'dob': {'date': '1979-08-16T14:38:15.184Z', 'age': 44}, 'registered': {'date': '2020-05-02T10:04:53.391Z', 'age': 4}, 'phone': 'C97 E51-5595', 'cell': 'X47 P46-7723', 'id': {'name': 'SIN', 'value': '835319328'}, 'picture': {'large': 'https://randomuser.me/api/portraits/women/11.jpg', 'medium': 'https://randomuser.me/api/portraits/med/women/11.jpg', 'thumbnail': 'https://randomuser.me/api/portraits/thumb/women/11.jpg'}, 'nat': 'CA'}], 'info': {'seed': '092d55ec9acdf6c5', 'results': 1, 'page': 1, 'version': '1.4'}}</msg>
<arg>${json_data}</arg>
<doc>Logs the given message with the given level.</doc>
<status status="PASS" start="2024-06-18T09:16:30.546410" elapsed="0.000215"/>
</kw>
<kw name="Should Be String" owner="String">
<arg>${json_data['results'][0]['gender']}</arg>
<doc>Fails if the given ``item`` is not a string.</doc>
<status status="PASS" start="2024-06-18T09:16:30.546923" elapsed="0.000404"/>
</kw>
<kw name="Should Match Regexp" owner="BuiltIn">
<arg>${json_data['results'][0]['email']}</arg>
<arg>^[a-zA-Z0-9._%+-]+@[a-zA-Z0-9.-]+\.[a-zA-Z]{2,}$</arg>
<doc>Fails if ``string`` does not match ``pattern`` as a regular expression.</doc>
<status status="PASS" start="2024-06-18T09:16:30.547521" elapsed="0.000566"/>
</kw>
<kw name="Should Match Regexp" owner="BuiltIn">
<arg>${json_data['results'][0]['dob']['date']}</arg>
<arg>\\d{4}-\\d{2}-\\d{2}T\\d{2}:\\d{2}:\\d{2}\\.\\d{3}Z</arg>
<doc>Fails if ``string`` does not match ``pattern`` as a regular expression.</doc>
<status status="PASS" start="2024-06-18T09:16:30.548288" elapsed="0.000496"/>
</kw>
<kw name="Should Match Regexp" owner="BuiltIn">
<arg>${json_data['results'][0]['registered']['date']}</arg>
<arg>\\d{4}-\\d{2}-\\d{2}T\\d{2}:\\d{2}:\\d{2}\\.\\d{3}Z</arg>
<doc>Fails if ``string`` does not match ``pattern`` as a regular expression.</doc>
<status status="PASS" start="2024-06-18T09:16:30.548981" elapsed="0.000365"/>
</kw>
<kw name="Should Match Regexp" owner="BuiltIn">
<arg>${json_data['results'][0]['picture']['large']}</arg>
<arg>^https?://.*\.(?:png|jpe?g|gif|bmp)$</arg>
<doc>Fails if ``string`` does not match ``pattern`` as a regular expression.</doc>
<status status="PASS" start="2024-06-18T09:16:30.549531" elapsed="0.000469"/>
</kw>
<kw name="Should Match Regexp" owner="BuiltIn">
<arg>${json_data['results'][0]['picture']['medium']}</arg>
<arg>^https?://.*\.(?:png|jpe?g|gif|bmp)$</arg>
<doc>Fails if ``string`` does not match ``pattern`` as a regular expression.</doc>
<status status="PASS" start="2024-06-18T09:16:30.550197" elapsed="0.000349"/>
</kw>
<kw name="Should Match Regexp" owner="BuiltIn">
<arg>${json_data['results'][0]['picture']['thumbnail']}</arg>
<arg>^https?://.*\.(?:png|jpe?g|gif|bmp)$</arg>
<doc>Fails if ``string`` does not match ``pattern`` as a regular expression.</doc>
<status status="PASS" start="2024-06-18T09:16:30.550731" elapsed="0.000381"/>
</kw>
<kw name="Log" owner="BuiltIn">
<msg time="2024-06-18T09:16:30.551627" level="INFO">{'large': 'https://randomuser.me/api/portraits/women/11.jpg', 'medium': 'https://randomuser.me/api/portraits/med/women/11.jpg', 'thumbnail': 'https://randomuser.me/api/portraits/thumb/women/11.jpg'}</msg>
<arg>${json_data['results'][0]['picture']}</arg>
<doc>Logs the given message with the given level.</doc>
<status status="PASS" start="2024-06-18T09:16:30.551299" elapsed="0.000372"/>
</kw>
<status status="PASS" start="2024-06-18T09:16:30.465893" elapsed="0.086041"/>
</kw>
<kw name="Teste de Tipos de Dados - Postcode" owner="random-user-service">
<kw name="GET On Session" owner="RequestsLibrary">
<msg time="2024-06-18T09:16:30.643493" level="INFO">GET Request : url=https://randomuser.me/api 
 path_url=/api 
 headers={'User-Agent': 'python-requests/2.32.3', 'Accept-Encoding': 'gzip, deflate', 'Accept': '*/*', 'Connection': 'keep-alive'} 
 body=None 
 </msg>
<msg time="2024-06-18T09:16:30.643577" level="INFO">GET Response : url=https://randomuser.me/api 
 status=200, reason=OK 
 headers={'Date': 'Tue, 18 Jun 2024 09:16:30 GMT', 'Content-Type': 'application/json; charset=utf-8', 'Transfer-Encoding': 'chunked', 'Connection': 'keep-alive', 'X-Powered-By': 'Express', 'Access-Control-Allow-Origin': '*', 'Cache-Control': 'no-cache', 'ETag': 'W/"489-XVx1kU+neu1fSBOeqR/krakLojY"', 'Vary': 'Accept-Encoding', 'Content-Encoding': 'gzip', 'CF-Cache-Status': 'DYNAMIC', 'Report-To': '{"endpoints":[{"url":"https:\\/\\/a.nel.cloudflare.com\\/report\\/v4?s=PgGdxyOHKnyQbmGf955rXS%2F8eNwOXa78QBGw2%2BkYF%2FHZ5FmnoetV6UNOkHSnZ8kGAFk9o1ZkDL%2FrP5Z6uXupyGJt0oOujF8xlqRPqHXZxDqkG5TRDly%2BeFzrqAKJedCZ"}],"group":"cf-nel","max_age":604800}', 'NEL': '{"success_fraction":0,"report_to":"cf-nel","max_age":604800}', 'Server': 'cloudflare', 'CF-RAY': '895a2e52fcfa2225-ORD', 'alt-svc': 'h3=":443"; ma=86400'} 
 body={"results":[{"gender":"female","name":{"title":"Miss","first":"Sheryl","last":"Weaver"},"location":{"street":{"number":7689,"name":"Ormond Quay"},"city":"Dungarvan","state":"Dublin City","country":"Ireland","postcode":54775,"coordinates":{"latitude":"-3.1757","longitude":"51.8970"},"timezone":{"offset":"+7:00","description":"Bangkok, Hanoi, Jakarta"}},"email":"sheryl.weaver@example.com","login":{"uuid":"df1cc953-7e4e-4068-9adc-c5efe4f9ba37","username":"smallrabbit393","password":"stanton","salt":"5s5bxIgQ","md5":"ea54af7d8d5fba83a66066c58b5bd73c","sha1":"c1e54917979042987363255b82fff2ee6c6672de","sha256":"d7a9a3e7253e0819ba8eb94e09042381fb1c68dea00cc791e3ca3eea8143641b"},"dob":{"date":"1995-07-29T22:17:13.188Z","age":28},"registered":{"date":"2021-10-24T02:20:53.471Z","age":2},"phone":"031-957-6146","cell":"081-230-7065","id":{"name":"PPS","value":"3197809T"},"picture":{"large":"https://randomuser.me/api/portraits/women/89.jpg","medium":"https://randomuser.me/api/portraits/med/women/89.jpg","thumbnail":"https://randomuser.me/api/portraits/thumb/women/89.jpg"},"nat":"IE"}],"info":{"seed":"bd0ba6b670779995","results":1,"page":1,"version":"1.4"}} 
 </msg>
<msg time="2024-06-18T09:16:30.643659" level="INFO">/opt/hostedtoolcache/Python/3.12.3/x64/lib/python3.12/site-packages/urllib3/connectionpool.py:1099: InsecureRequestWarning: Unverified HTTPS request is being made to host 'randomuser.me'. Adding certificate verification is strongly advised. See: https://urllib3.readthedocs.io/en/latest/advanced-usage.html#tls-warnings
  warnings.warn(</msg>
<msg time="2024-06-18T09:16:30.643767" level="INFO">${response} = &lt;Response [200]&gt;</msg>
<var>${response}</var>
<arg>consultarAPI</arg>
<arg>/api</arg>
<doc>Sends a GET request on a previously created HTTP Session.</doc>
<status status="PASS" start="2024-06-18T09:16:30.552410" elapsed="0.091397"/>
</kw>
<kw name="Set Variable" owner="BuiltIn">
<msg time="2024-06-18T09:16:30.644668" level="INFO">${json_data} = {'results': [{'gender': 'female', 'name': {'title': 'Miss', 'first': 'Sheryl', 'last': 'Weaver'}, 'location': {'street': {'number': 7689, 'name': 'Ormond Quay'}, 'city': 'Dungarvan', 'state': 'Dublin ...</msg>
<var>${json_data}</var>
<arg>${response.json()}</arg>
<doc>Returns the given values which can then be assigned to a variables.</doc>
<status status="PASS" start="2024-06-18T09:16:30.644214" elapsed="0.000482"/>
</kw>
<kw name="Log" owner="BuiltIn">
<msg time="2024-06-18T09:16:30.645167" level="INFO">{'results': [{'gender': 'female', 'name': {'title': 'Miss', 'first': 'Sheryl', 'last': 'Weaver'}, 'location': {'street': {'number': 7689, 'name': 'Ormond Quay'}, 'city': 'Dungarvan', 'state': 'Dublin City', 'country': 'Ireland', 'postcode': 54775, 'coordinates': {'latitude': '-3.1757', 'longitude': '51.8970'}, 'timezone': {'offset': '+7:00', 'description': 'Bangkok, Hanoi, Jakarta'}}, 'email': 'sheryl.weaver@example.com', 'login': {'uuid': 'df1cc953-7e4e-4068-9adc-c5efe4f9ba37', 'username': 'smallrabbit393', 'password': 'stanton', 'salt': '5s5bxIgQ', 'md5': 'ea54af7d8d5fba83a66066c58b5bd73c', 'sha1': 'c1e54917979042987363255b82fff2ee6c6672de', 'sha256': 'd7a9a3e7253e0819ba8eb94e09042381fb1c68dea00cc791e3ca3eea8143641b'}, 'dob': {'date': '1995-07-29T22:17:13.188Z', 'age': 28}, 'registered': {'date': '2021-10-24T02:20:53.471Z', 'age': 2}, 'phone': '031-957-6146', 'cell': '081-230-7065', 'id': {'name': 'PPS', 'value': '3197809T'}, 'picture': {'large': 'https://randomuser.me/api/portraits/women/89.jpg', 'medium': 'https://randomuser.me/api/portraits/med/women/89.jpg', 'thumbnail': 'https://randomuser.me/api/portraits/thumb/women/89.jpg'}, 'nat': 'IE'}], 'info': {'seed': 'bd0ba6b670779995', 'results': 1, 'page': 1, 'version': '1.4'}}</msg>
<arg>${json_data}</arg>
<doc>Logs the given message with the given level.</doc>
<status status="PASS" start="2024-06-18T09:16:30.645010" elapsed="0.000204"/>
</kw>
<kw name="Should Be Equal As Numbers" owner="BuiltIn">
<arg>${json_data['results'][0]['location']['postcode']}</arg>
<arg>${json_data['results'][0]['location']['postcode']}</arg>
<doc>Fails if objects are unequal after converting them to real numbers.</doc>
<status status="PASS" start="2024-06-18T09:16:30.645510" elapsed="0.000621"/>
</kw>
<kw name="Log" owner="BuiltIn">
<msg time="2024-06-18T09:16:30.646655" level="INFO">54775</msg>
<arg>${json_data['results'][0]['location']['postcode']}</arg>
<doc>Logs the given message with the given level.</doc>
<status status="PASS" start="2024-06-18T09:16:30.646323" elapsed="0.000422"/>
</kw>
<status status="PASS" start="2024-06-18T09:16:30.552169" elapsed="0.094838"/>
</kw>
<doc>Testa se os tipos de dados na resposta da API estão corretos.</doc>
<tag>testeTiposDados</tag>
<status status="PASS" start="2024-06-18T09:16:30.465323" elapsed="0.181885"/>
</test>
<test id="s1-s1-t5" name="Validar conteudo" line="35">
<kw name="Teste de Tipos de Conteudo" owner="random-user-service">
<kw name="GET On Session" owner="RequestsLibrary">
<msg time="2024-06-18T09:16:30.747651" level="INFO">GET Request : url=https://randomuser.me/api 
 path_url=/api 
 headers={'User-Agent': 'python-requests/2.32.3', 'Accept-Encoding': 'gzip, deflate', 'Accept': '*/*', 'Connection': 'keep-alive'} 
 body=None 
 </msg>
<msg time="2024-06-18T09:16:30.747750" level="INFO">GET Response : url=https://randomuser.me/api 
 status=200, reason=OK 
 headers={'Date': 'Tue, 18 Jun 2024 09:16:30 GMT', 'Content-Type': 'application/json; charset=utf-8', 'Transfer-Encoding': 'chunked', 'Connection': 'keep-alive', 'X-Powered-By': 'Express', 'Access-Control-Allow-Origin': '*', 'Cache-Control': 'no-cache', 'ETag': 'W/"4ad-HVeZ3fp4uavq98sKuRCSOJMVcSU"', 'Vary': 'Accept-Encoding', 'Content-Encoding': 'gzip', 'CF-Cache-Status': 'DYNAMIC', 'Report-To': '{"endpoints":[{"url":"https:\\/\\/a.nel.cloudflare.com\\/report\\/v4?s=kiB60KXS%2Bd%2BemJ5Kx1dQTVKor2pCfW4r7FpsDEY%2BHOzMY9qky4c5v5OlWDYpJy4FuqPq%2BRMQjQZDI2SCi07VFH29lIr3jFv%2BtUTMCyjaeUOeZExD7ZP5cWzMhuMe1RL8"}],"group":"cf-nel","max_age":604800}', 'NEL': '{"success_fraction":0,"report_to":"cf-nel","max_age":604800}', 'Server': 'cloudflare', 'CF-RAY': '895a2e53ad6f2225-ORD', 'alt-svc': 'h3=":443"; ma=86400'} 
 body={"results":[{"gender":"female","name":{"title":"Mrs","first":"Smruthi","last":"Padmanabha"},"location":{"street":{"number":5786,"name":"Bannerghatta Rd"},"city":"Bharatpur","state":"Madhya Pradesh","country":"India","postcode":56071,"coordinates":{"latitude":"7.2091","longitude":"55.3224"},"timezone":{"offset":"0:00","description":"Western Europe Time, London, Lisbon, Casablanca"}},"email":"smruthi.padmanabha@example.com","login":{"uuid":"da979029-86a0-4ca7-bf67-f0e49f13323f","username":"lazywolf120","password":"griffey","salt":"zNdWOCD0","md5":"b420022ae25088061c59d05d72f87ae6","sha1":"e353b8c31589c99a0772b64b297ce739cb268f36","sha256":"1700ac5ad38239f847878d696afddf1e9d7fba4f8bd12f4fe05083be893db54c"},"dob":{"date":"1997-07-14T13:25:26.336Z","age":26},"registered":{"date":"2007-10-22T11:01:53.071Z","age":16},"phone":"9122129800","cell":"8663069601","id":{"name":"UIDAI","value":"184493503267"},"picture":{"large":"https://randomuser.me/api/portraits/women/57.jpg","medium":"https://randomuser.me/api/portraits/med/women/57.jpg","thumbnail":"https://randomuser.me/api/portraits/thumb/women/57.jpg"},"nat":"IN"}],"info":{"seed":"d40d09eb7e522ac1","results":1,"page":1,"version":"1.4"}} 
 </msg>
<msg time="2024-06-18T09:16:30.747820" level="INFO">/opt/hostedtoolcache/Python/3.12.3/x64/lib/python3.12/site-packages/urllib3/connectionpool.py:1099: InsecureRequestWarning: Unverified HTTPS request is being made to host 'randomuser.me'. Adding certificate verification is strongly advised. See: https://urllib3.readthedocs.io/en/latest/advanced-usage.html#tls-warnings
  warnings.warn(</msg>
<msg time="2024-06-18T09:16:30.747935" level="INFO">${response} = &lt;Response [200]&gt;</msg>
<var>${response}</var>
<arg>consultarAPI</arg>
<arg>/api</arg>
<doc>Sends a GET request on a previously created HTTP Session.</doc>
<status status="PASS" start="2024-06-18T09:16:30.649771" elapsed="0.098194"/>
</kw>
<kw name="Set Variable" owner="BuiltIn">
<msg time="2024-06-18T09:16:30.749088" level="INFO">${json_data} = {'results': [{'gender': 'female', 'name': {'title': 'Mrs', 'first': 'Smruthi', 'last': 'Padmanabha'}, 'location': {'street': {'number': 5786, 'name': 'Bannerghatta Rd'}, 'city': 'Bharatpur', 'state': ...</msg>
<var>${json_data}</var>
<arg>${response.json()}</arg>
<doc>Returns the given values which can then be assigned to a variables.</doc>
<status status="PASS" start="2024-06-18T09:16:30.748569" elapsed="0.000549"/>
</kw>
<kw name="Set Variable" owner="BuiltIn">
<msg time="2024-06-18T09:16:30.749803" level="INFO">${name_title} = Mrs</msg>
<var>${name_title}</var>
<arg>${json_data["results"][0]["name"]["title"]}</arg>
<doc>Returns the given values which can then be assigned to a variables.</doc>
<status status="PASS" start="2024-06-18T09:16:30.749426" elapsed="0.000402"/>
</kw>
<kw name="Create List" owner="BuiltIn">
<msg time="2024-06-18T09:16:30.750281" level="INFO">${allowed_titles} = ['Mr', 'Ms', 'Miss', 'Mrs', 'Madame', 'Monsieur']</msg>
<var>${allowed_titles}</var>
<arg>Mr</arg>
<arg>Ms</arg>
<arg>Miss</arg>
<arg>Mrs</arg>
<arg>Madame</arg>
<arg>Monsieur</arg>
<doc>Returns a list containing given items.</doc>
<status status="PASS" start="2024-06-18T09:16:30.750123" elapsed="0.000184"/>
</kw>
<kw name="List Should Contain Value" owner="Collections">
<arg>${allowed_titles}</arg>
<arg>${name_title}</arg>
<doc>Fails if the ``value`` is not found from ``list``.</doc>
<status status="PASS" start="2024-06-18T09:16:30.750611" elapsed="0.000183"/>
</kw>
<kw name="Set Variable" owner="BuiltIn">
<msg time="2024-06-18T09:16:30.751378" level="INFO">${name_country} = IN</msg>
<var>${name_country}</var>
<arg>${json_data["results"][0]["nat"]}</arg>
<doc>Returns the given values which can then be assigned to a variables.</doc>
<status status="PASS" start="2024-06-18T09:16:30.750976" elapsed="0.000427"/>
</kw>
<kw name="Create List" owner="BuiltIn">
<msg time="2024-06-18T09:16:30.752314" level="INFO">${list_country} = ['AD', 'AE', 'AF', 'AG', 'AI', 'AL', 'AM', 'AO', 'AQ', 'AR', 'AS', 'AT', 'AU', 'AW', 'AX', 'AZ', 'BA', 'BB', 'BD', 'BE', 'BF', 'BG', 'BH', 'BI', 'BJ', 'BL', 'BM', 'BN', 'BO', 'BQ', 'BR', 'BS', 'BT', '...</msg>
<var>${list_country}</var>
<arg>AD</arg>
<arg>AE</arg>
<arg>AF</arg>
<arg>AG</arg>
<arg>AI</arg>
<arg>AL</arg>
<arg>AM</arg>
<arg>AO</arg>
<arg>AQ</arg>
<arg>AR</arg>
<arg>AS</arg>
<arg>AT</arg>
<arg>AU</arg>
<arg>AW</arg>
<arg>AX</arg>
<arg>AZ</arg>
<arg>BA</arg>
<arg>BB</arg>
<arg>BD</arg>
<arg>BE</arg>
<arg>BF</arg>
<arg>BG</arg>
<arg>BH</arg>
<arg>BI</arg>
<arg>BJ</arg>
<arg>BL</arg>
<arg>BM</arg>
<arg>BN</arg>
<arg>BO</arg>
<arg>BQ</arg>
<arg>BR</arg>
<arg>BS</arg>
<arg>BT</arg>
<arg>BV</arg>
<arg>BW</arg>
<arg>BY</arg>
<arg>BZ</arg>
<arg>CA</arg>
<arg>CC</arg>
<arg>CD</arg>
<arg>CF</arg>
<arg>CG</arg>
<arg>CH</arg>
<arg>CI</arg>
<arg>CK</arg>
<arg>CL</arg>
<arg>CM</arg>
<arg>CN</arg>
<arg>CO</arg>
<arg>CR</arg>
<arg>CU</arg>
<arg>CV</arg>
<arg>CW</arg>
<arg>CX</arg>
<arg>CY</arg>
<arg>CZ</arg>
<arg>DE</arg>
<arg>DJ</arg>
<arg>DK</arg>
<arg>DM</arg>
<arg>DO</arg>
<arg>DZ</arg>
<arg>EC</arg>
<arg>EE</arg>
<arg>EG</arg>
<arg>EH</arg>
<arg>ER</arg>
<arg>ES</arg>
<arg>ET</arg>
<arg>FI</arg>
<arg>FJ</arg>
<arg>FK</arg>
<arg>FM</arg>
<arg>FO</arg>
<arg>FR</arg>
<arg>GA</arg>
<arg>GB</arg>
<arg>GD</arg>
<arg>GE</arg>
<arg>GF</arg>
<arg>GG</arg>
<arg>GH</arg>
<arg>GI</arg>
<arg>GL</arg>
<arg>GM</arg>
<arg>GN</arg>
<arg>GP</arg>
<arg>GQ</arg>
<arg>GR</arg>
<arg>GS</arg>
<arg>GT</arg>
<arg>GU</arg>
<arg>GW</arg>
<arg>GY</arg>
<arg>HK</arg>
<arg>HM</arg>
<arg>HN</arg>
<arg>HR</arg>
<arg>HT</arg>
<arg>HU</arg>
<arg>ID</arg>
<arg>IE</arg>
<arg>IL</arg>
<arg>IM</arg>
<arg>IN</arg>
<arg>IO</arg>
<arg>IQ</arg>
<arg>IR</arg>
<arg>IS</arg>
<arg>IT</arg>
<arg>JE</arg>
<arg>JM</arg>
<arg>JO</arg>
<arg>JP</arg>
<arg>KE</arg>
<arg>KG</arg>
<arg>KH</arg>
<arg>KI</arg>
<arg>KM</arg>
<arg>KN</arg>
<arg>KP</arg>
<arg>KR</arg>
<arg>KW</arg>
<arg>KY</arg>
<arg>KZ</arg>
<arg>LA</arg>
<arg>LB</arg>
<arg>LC</arg>
<arg>LI</arg>
<arg>LK</arg>
<arg>LR</arg>
<arg>LS</arg>
<arg>LT</arg>
<arg>LU</arg>
<arg>LV</arg>
<arg>LY</arg>
<arg>MA</arg>
<arg>MC</arg>
<arg>MD</arg>
<arg>ME</arg>
<arg>MF</arg>
<arg>MG</arg>
<arg>MH</arg>
<arg>MK</arg>
<arg>ML</arg>
<arg>MM</arg>
<arg>MN</arg>
<arg>MO</arg>
<arg>MP</arg>
<arg>MQ</arg>
<arg>MR</arg>
<arg>MS</arg>
<arg>MT</arg>
<arg>MU</arg>
<arg>MV</arg>
<arg>MW</arg>
<arg>MX</arg>
<arg>MY</arg>
<arg>MZ</arg>
<arg>NA</arg>
<arg>NC</arg>
<arg>NE</arg>
<arg>NF</arg>
<arg>NG</arg>
<arg>NI</arg>
<arg>NL</arg>
<arg>NO</arg>
<arg>NP</arg>
<arg>NR</arg>
<arg>NU</arg>
<arg>NZ</arg>
<arg>OM</arg>
<arg>PA</arg>
<arg>PE</arg>
<arg>PF</arg>
<arg>PG</arg>
<arg>PH</arg>
<arg>PK</arg>
<arg>PL</arg>
<arg>PM</arg>
<arg>PN</arg>
<arg>PR</arg>
<arg>PS</arg>
<arg>PT</arg>
<arg>PW</arg>
<arg>PY</arg>
<arg>QA</arg>
<arg>RE</arg>
<arg>RO</arg>
<arg>RS</arg>
<arg>RU</arg>
<arg>RW</arg>
<arg>SA</arg>
<arg>SB</arg>
<arg>SC</arg>
<arg>SD</arg>
<arg>SE</arg>
<arg>SG</arg>
<arg>SH</arg>
<arg>SI</arg>
<arg>SJ</arg>
<arg>SK</arg>
<arg>SL</arg>
<arg>SM</arg>
<arg>SN</arg>
<arg>SO</arg>
<arg>SR</arg>
<arg>SS</arg>
<arg>ST</arg>
<arg>SV</arg>
<arg>SX</arg>
<arg>SY</arg>
<arg>SZ</arg>
<arg>TC</arg>
<arg>TD</arg>
<arg>TF</arg>
<arg>TG</arg>
<arg>TH</arg>
<arg>TJ</arg>
<arg>TK</arg>
<arg>TL</arg>
<arg>TM</arg>
<arg>TN</arg>
<arg>TO</arg>
<arg>TR</arg>
<arg>TT</arg>
<arg>TV</arg>
<arg>TW</arg>
<arg>TZ</arg>
<arg>UA</arg>
<arg>UG</arg>
<arg>UM</arg>
<arg>US</arg>
<arg>UY</arg>
<arg>UZ</arg>
<arg>VA</arg>
<arg>VC</arg>
<arg>VE</arg>
<arg>VG</arg>
<arg>VI</arg>
<arg>VN</arg>
<arg>VU</arg>
<arg>WF</arg>
<arg>WS</arg>
<arg>XK</arg>
<arg>YE</arg>
<arg>YT</arg>
<arg>ZA</arg>
<arg>ZM</arg>
<arg>ZW</arg>
<doc>Returns a list containing given items.</doc>
<status status="PASS" start="2024-06-18T09:16:30.751693" elapsed="0.000647"/>
</kw>
<kw name="List Should Contain Value" owner="Collections">
<arg>${list_country}</arg>
<arg>${name_country}</arg>
<doc>Fails if the ``value`` is not found from ``list``.</doc>
<status status="PASS" start="2024-06-18T09:16:30.753146" elapsed="0.000233"/>
</kw>
<kw name="Run Keyword If" owner="BuiltIn">
<kw name="Should Be True" owner="BuiltIn">
<arg>${True}</arg>
<doc>Fails if the given condition is not true.</doc>
<status status="PASS" start="2024-06-18T09:16:30.754460" elapsed="0.000143"/>
</kw>
<arg>${json_data["results"][0]["location"]["coordinates"]["latitude"]} &gt;= -90 and ${json_data["results"][0]["location"]["coordinates"]["latitude"]} &lt;= 90</arg>
<arg>Should Be True</arg>
<arg>${True}</arg>
<doc>Runs the given keyword with the given arguments, if ``condition`` is true.</doc>
<status status="PASS" start="2024-06-18T09:16:30.753579" elapsed="0.001150"/>
</kw>
<kw name="Run Keyword If" owner="BuiltIn">
<kw name="Should Be True" owner="BuiltIn">
<arg>${True}</arg>
<doc>Fails if the given condition is not true.</doc>
<status status="PASS" start="2024-06-18T09:16:30.755629" elapsed="0.000138"/>
</kw>
<arg>${json_data["results"][0]["location"]["coordinates"]["longitude"]} &gt;= -180 and ${json_data["results"][0]["location"]["coordinates"]["longitude"]} &lt;= 180</arg>
<arg>Should Be True</arg>
<arg>${True}</arg>
<doc>Runs the given keyword with the given arguments, if ``condition`` is true.</doc>
<status status="PASS" start="2024-06-18T09:16:30.754912" elapsed="0.000976"/>
</kw>
<status status="PASS" start="2024-06-18T09:16:30.649541" elapsed="0.106477"/>
</kw>
<doc>Testa o conteúdo específico dos campos retornados pela API.</doc>
<tag>testeConteudo</tag>
<status status="PASS" start="2024-06-18T09:16:30.648986" elapsed="0.107183"/>
</test>
<status status="PASS" start="2024-06-18T09:16:29.829259" elapsed="0.928843"/>
</suite>
<status status="PASS" start="2024-06-18T09:16:29.815695" elapsed="0.947466"/>
</suite>
<statistics>
<total>
<stat pass="5" fail="0" skip="0">All Tests</stat>
</total>
<tag>
<stat pass="1" fail="0" skip="0">testeConteudo</stat>
<stat pass="1" fail="0" skip="0">testeEstruturaResposta</stat>
<stat pass="1" fail="0" skip="0">testeRequisicaoBasica</stat>
<stat pass="1" fail="0" skip="0">testeTiposDados</stat>
</tag>
<suite>
<stat pass="5" fail="0" skip="0" id="s1" name="Tests">Tests</stat>
<stat pass="5" fail="0" skip="0" id="s1-s1" name="Random-User-Test">Tests.Random-User-Test</stat>
</suite>
</statistics>
<errors>
</errors>
</robot>
