<?xml version="1.0" encoding="UTF-8"?>
<robot generator="Robot 7.0 (Python 3.12.3 on linux)" generated="2024-04-24T22:14:43.489312" rpa="false" schemaversion="5">
<suite id="s1" name="Tests" source="/home/runner/work/DesafioQAItauRogerioJordao/DesafioQAItauRogerioJordao/RamdonUser/tests">
<suite id="s1-s1" name="Random-User-Test" source="/home/runner/work/DesafioQAItauRogerioJordao/DesafioQAItauRogerioJordao/RamdonUser/tests/random-user-test.robot">
<test id="s1-s1-t1" name="Conectar" line="13">
<kw name="Conectar API" owner="random-user-service">
<kw name="Create Session" owner="RequestsLibrary">
<msg time="2024-04-24T22:14:43.840686" level="INFO">Creating Session using : alias=consultarAPI, url=https://randomuser.me/, headers={},                     cookies={}, auth=None, timeout=None, proxies=None, verify=False,                     debug=0 </msg>
<arg>consultarAPI</arg>
<arg>${URL}</arg>
<doc>Create Session: create a HTTP session to a server</doc>
<status status="PASS" start="2024-04-24T22:14:43.840472" elapsed="0.000382"/>
</kw>
<status status="PASS" start="2024-04-24T22:14:43.839580" elapsed="0.001610"/>
</kw>
<status status="PASS" start="2024-04-24T22:14:43.839060" elapsed="0.002318"/>
</test>
<test id="s1-s1-t2" name="Validar retorno 200 e JSON Válido" line="16">
<kw name="Teste de Requisicao Basica" owner="random-user-service">
<kw name="GET On Session" owner="RequestsLibrary">
<msg time="2024-04-24T22:14:43.938926" level="INFO">GET Request : url=https://randomuser.me/api 
 path_url=/api 
 headers={'User-Agent': 'python-requests/2.31.0', 'Accept-Encoding': 'gzip, deflate', 'Accept': '*/*', 'Connection': 'keep-alive'} 
 body=None 
 </msg>
<msg time="2024-04-24T22:14:43.939063" level="INFO">GET Response : url=https://randomuser.me/api 
 status=200, reason=OK 
 headers={'Date': 'Wed, 24 Apr 2024 22:14:43 GMT', 'Content-Type': 'application/json; charset=utf-8', 'Transfer-Encoding': 'chunked', 'Connection': 'keep-alive', 'X-Powered-By': 'Express', 'Access-Control-Allow-Origin': '*', 'Cache-Control': 'no-cache', 'ETag': 'W/"49d-SsbRgGTLPY2nXARJ6mwnMK5tp/U"', 'Vary': 'Accept-Encoding', 'Content-Encoding': 'gzip', 'CF-Cache-Status': 'DYNAMIC', 'Report-To': '{"endpoints":[{"url":"https:\\/\\/a.nel.cloudflare.com\\/report\\/v4?s=FNAZGd9FvcWXo00w1ybwPL0VcdNEtfoyTf%2FA7d6dOrsjUY5a%2BTATE%2BJ1wq7qYYT9YLmrB9OZzabun7a5d81HMKXKdV%2FlvdeOaZzcFyCta6vsDM2g39I6tcUN0CsCW422"}],"group":"cf-nel","max_age":604800}', 'NEL': '{"success_fraction":0,"report_to":"cf-nel","max_age":604800}', 'Server': 'cloudflare', 'CF-RAY': '879972ac381c8f44-ORD', 'alt-svc': 'h3=":443"; ma=86400'} 
 body={"results":[{"gender":"female","name":{"title":"Ms","first":"Yasemin","last":"Topçuoğlu"},"location":{"street":{"number":7656,"name":"Fatih Sultan Mehmet Cd"},"city":"Amasya","state":"Bitlis","country":"Turkey","postcode":34148,"coordinates":{"latitude":"69.9335","longitude":"159.5881"},"timezone":{"offset":"+9:00","description":"Tokyo, Seoul, Osaka, Sapporo, Yakutsk"}},"email":"yasemin.topcuoglu@example.com","login":{"uuid":"fcdecc02-43d2-4d70-843a-18e744ab4ca5","username":"redbutterfly557","password":"casey","salt":"oYi3CdWt","md5":"63c635721300a36c96f646af5d535865","sha1":"f60b75b8d5218bf2a87536d0f9f529d0ab40f60b","sha256":"65ff1f60acfadeec16227bf1ed814fcc856c1f83cd072a4660d29b82d69420f8"},"dob":{"date":"1995-06-26T15:40:48.696Z","age":28},"registered":{"date":"2011-11-12T07:50:40.411Z","age":12},"phone":"(267)-276-3698","cell":"(409)-449-4711","id":{"name":"","value":null},"picture":{"large":"https://randomuser.me/api/portraits/women/29.jpg","medium":"https://randomuser.me/api/portraits/med/women/29.jpg","thumbnail":"https://randomuser.me/api/portraits/thumb/women/29.jpg"},"nat":"TR"}],"info":{"seed":"67dcf4d5bc71800f","results":1,"page":1,"version":"1.4"}} 
 </msg>
<msg time="2024-04-24T22:14:43.939161" level="INFO">/opt/hostedtoolcache/Python/3.12.3/x64/lib/python3.12/site-packages/urllib3/connectionpool.py:1103: InsecureRequestWarning: Unverified HTTPS request is being made to host 'randomuser.me'. Adding certificate verification is strongly advised. See: https://urllib3.readthedocs.io/en/latest/advanced-usage.html#tls-warnings
  warnings.warn(</msg>
<msg time="2024-04-24T22:14:43.939328" level="INFO">${response} = &lt;Response [200]&gt;</msg>
<var>${response}</var>
<arg>consultarAPI</arg>
<arg>/api</arg>
<doc>Sends a GET request on a previously created HTTP Session.</doc>
<status status="PASS" start="2024-04-24T22:14:43.843949" elapsed="0.095430"/>
</kw>
<kw name="Should Be Equal As Numbers" owner="BuiltIn">
<msg time="2024-04-24T22:14:43.940169" level="INFO">Argument types are:
&lt;class 'int'&gt;
&lt;class 'str'&gt;</msg>
<arg>${response.status_code}</arg>
<arg>200</arg>
<doc>Fails if objects are unequal after converting them to real numbers.</doc>
<status status="PASS" start="2024-04-24T22:14:43.939771" elapsed="0.000460"/>
</kw>
<kw name="Log" owner="BuiltIn">
<msg time="2024-04-24T22:14:43.940967" level="INFO">200</msg>
<arg>${response.status_code}</arg>
<doc>Logs the given message with the given level.</doc>
<status status="PASS" start="2024-04-24T22:14:43.940613" elapsed="0.000398"/>
</kw>
<kw name="Set Variable" owner="BuiltIn">
<msg time="2024-04-24T22:14:43.941771" level="INFO">${json_data} = {'results': [{'gender': 'female', 'name': {'title': 'Ms', 'first': 'Yasemin', 'last': 'Topçuoğlu'}, 'location': {'street': {'number': 7656, 'name': 'Fatih Sultan Mehmet Cd'}, 'city': 'Amasya', 'state'...</msg>
<var>${json_data}</var>
<arg>${response.json()}</arg>
<doc>Returns the given values which can then be assigned to a variables.</doc>
<status status="PASS" start="2024-04-24T22:14:43.941317" elapsed="0.000484"/>
</kw>
<kw name="Dictionary Should Contain Key" owner="Collections">
<msg time="2024-04-24T22:14:43.942270" level="INFO">False</msg>
<arg>${json_data}</arg>
<arg>results</arg>
<doc>Fails if ``key`` is not found from ``dictionary``.</doc>
<status status="PASS" start="2024-04-24T22:14:43.942107" elapsed="0.000202"/>
</kw>
<status status="PASS" start="2024-04-24T22:14:43.843709" elapsed="0.098859"/>
</kw>
<doc>Testa se a API responde corretamente e retorna um objeto JSON válido.</doc>
<tag>testeRequisicaoBasica</tag>
<status status="PASS" start="2024-04-24T22:14:43.843251" elapsed="0.099486"/>
</test>
<test id="s1-s1-t3" name="Validar estrutura de resposta" line="22">
<kw name="Teste de Estrutura de Resposta" owner="random-user-service">
<kw name="GET On Session" owner="RequestsLibrary">
<msg time="2024-04-24T22:14:44.026060" level="INFO">GET Request : url=https://randomuser.me/api 
 path_url=/api 
 headers={'User-Agent': 'python-requests/2.31.0', 'Accept-Encoding': 'gzip, deflate', 'Accept': '*/*', 'Connection': 'keep-alive'} 
 body=None 
 </msg>
<msg time="2024-04-24T22:14:44.026146" level="INFO">GET Response : url=https://randomuser.me/api 
 status=200, reason=OK 
 headers={'Date': 'Wed, 24 Apr 2024 22:14:44 GMT', 'Content-Type': 'application/json; charset=utf-8', 'Transfer-Encoding': 'chunked', 'Connection': 'keep-alive', 'X-Powered-By': 'Express', 'Access-Control-Allow-Origin': '*', 'Cache-Control': 'no-cache', 'ETag': 'W/"497-GX0oxZgn6RMTuqbNA8p+ckoUQL8"', 'Vary': 'Accept-Encoding', 'Content-Encoding': 'gzip', 'CF-Cache-Status': 'DYNAMIC', 'Report-To': '{"endpoints":[{"url":"https:\\/\\/a.nel.cloudflare.com\\/report\\/v4?s=B7j6BZusbE2HugM9jvxIRF12L8ZNZVAfYuTKh6F6C8HfVzKhRN99hB1svM%2BFLIigMp1i%2BrXUAyh8rcldJ3jXFbvqiJS%2FFDaUmPjqerGlDJDFFnNcwgBgEJUtcpKdwTkO"}],"group":"cf-nel","max_age":604800}', 'NEL': '{"success_fraction":0,"report_to":"cf-nel","max_age":604800}', 'Server': 'cloudflare', 'CF-RAY': '879972aca8978f44-ORD', 'alt-svc': 'h3=":443"; ma=86400'} 
 body={"results":[{"gender":"male","name":{"title":"Mr","first":"Tomothy","last":"Hamilton"},"location":{"street":{"number":5306,"name":"Novara Avenue"},"city":"Kinsealy-Drinan","state":"Carlow","country":"Ireland","postcode":80387,"coordinates":{"latitude":"2.3518","longitude":"-163.2642"},"timezone":{"offset":"+11:00","description":"Magadan, Solomon Islands, New Caledonia"}},"email":"tomothy.hamilton@example.com","login":{"uuid":"e5f8880c-b7ab-4758-95e5-1712439abb8a","username":"tinyfrog157","password":"flying","salt":"SDQSDvIK","md5":"e4e5d37a6fd61bc8fd7db30bd220b5b4","sha1":"cd67d9aaaae04e2802c0ce426de2916f318f830b","sha256":"3c7beec9aed6fdb3459bcfcd2a49c3d13fe992a163f670b5322cba2e8f13cce4"},"dob":{"date":"1969-07-18T23:46:10.497Z","age":54},"registered":{"date":"2004-07-22T02:22:26.787Z","age":19},"phone":"021-156-6756","cell":"081-408-2015","id":{"name":"PPS","value":"6029089T"},"picture":{"large":"https://randomuser.me/api/portraits/men/15.jpg","medium":"https://randomuser.me/api/portraits/med/men/15.jpg","thumbnail":"https://randomuser.me/api/portraits/thumb/men/15.jpg"},"nat":"IE"}],"info":{"seed":"fccabcbdc23360f2","results":1,"page":1,"version":"1.4"}} 
 </msg>
<msg time="2024-04-24T22:14:44.026268" level="INFO">/opt/hostedtoolcache/Python/3.12.3/x64/lib/python3.12/site-packages/urllib3/connectionpool.py:1103: InsecureRequestWarning: Unverified HTTPS request is being made to host 'randomuser.me'. Adding certificate verification is strongly advised. See: https://urllib3.readthedocs.io/en/latest/advanced-usage.html#tls-warnings
  warnings.warn(</msg>
<msg time="2024-04-24T22:14:44.026416" level="INFO">${response} = &lt;Response [200]&gt;</msg>
<var>${response}</var>
<arg>consultarAPI</arg>
<arg>/api</arg>
<doc>Sends a GET request on a previously created HTTP Session.</doc>
<status status="PASS" start="2024-04-24T22:14:43.945273" elapsed="0.081201"/>
</kw>
<kw name="Set Variable" owner="BuiltIn">
<msg time="2024-04-24T22:14:44.027342" level="INFO">${json_data} = {'results': [{'gender': 'male', 'name': {'title': 'Mr', 'first': 'Tomothy', 'last': 'Hamilton'}, 'location': {'street': {'number': 5306, 'name': 'Novara Avenue'}, 'city': 'Kinsealy-Drinan', 'state': '...</msg>
<var>${json_data}</var>
<arg>${response.json()}</arg>
<doc>Returns the given values which can then be assigned to a variables.</doc>
<status status="PASS" start="2024-04-24T22:14:44.026885" elapsed="0.000485"/>
</kw>
<kw name="Log" owner="BuiltIn">
<msg time="2024-04-24T22:14:44.027833" level="INFO">{'results': [{'gender': 'male', 'name': {'title': 'Mr', 'first': 'Tomothy', 'last': 'Hamilton'}, 'location': {'street': {'number': 5306, 'name': 'Novara Avenue'}, 'city': 'Kinsealy-Drinan', 'state': 'Carlow', 'country': 'Ireland', 'postcode': 80387, 'coordinates': {'latitude': '2.3518', 'longitude': '-163.2642'}, 'timezone': {'offset': '+11:00', 'description': 'Magadan, Solomon Islands, New Caledonia'}}, 'email': 'tomothy.hamilton@example.com', 'login': {'uuid': 'e5f8880c-b7ab-4758-95e5-1712439abb8a', 'username': 'tinyfrog157', 'password': 'flying', 'salt': 'SDQSDvIK', 'md5': 'e4e5d37a6fd61bc8fd7db30bd220b5b4', 'sha1': 'cd67d9aaaae04e2802c0ce426de2916f318f830b', 'sha256': '3c7beec9aed6fdb3459bcfcd2a49c3d13fe992a163f670b5322cba2e8f13cce4'}, 'dob': {'date': '1969-07-18T23:46:10.497Z', 'age': 54}, 'registered': {'date': '2004-07-22T02:22:26.787Z', 'age': 19}, 'phone': '021-156-6756', 'cell': '081-408-2015', 'id': {'name': 'PPS', 'value': '6029089T'}, 'picture': {'large': 'https://randomuser.me/api/portraits/men/15.jpg', 'medium': 'https://randomuser.me/api/portraits/med/men/15.jpg', 'thumbnail': 'https://randomuser.me/api/portraits/thumb/men/15.jpg'}, 'nat': 'IE'}], 'info': {'seed': 'fccabcbdc23360f2', 'results': 1, 'page': 1, 'version': '1.4'}}</msg>
<arg>${json_data}</arg>
<doc>Logs the given message with the given level.</doc>
<status status="PASS" start="2024-04-24T22:14:44.027677" elapsed="0.000204"/>
</kw>
<kw name="Dictionary Should Contain Key" owner="Collections">
<msg time="2024-04-24T22:14:44.028330" level="INFO">False</msg>
<arg>${json_data}</arg>
<arg>results</arg>
<doc>Fails if ``key`` is not found from ``dictionary``.</doc>
<status status="PASS" start="2024-04-24T22:14:44.028180" elapsed="0.000187"/>
</kw>
<kw name="Should Not Be Empty" owner="BuiltIn">
<msg time="2024-04-24T22:14:44.028832" level="INFO">Length is 2.</msg>
<arg>${json_data}</arg>
<doc>Verifies that the given item is not empty.</doc>
<status status="PASS" start="2024-04-24T22:14:44.028699" elapsed="0.000172"/>
</kw>
<kw name="Create List" owner="BuiltIn">
<msg time="2024-04-24T22:14:44.029431" level="INFO">${expected_keys} = ['gender', 'name', 'location', 'email', 'login']</msg>
<var>${expected_keys}</var>
<arg>gender</arg>
<arg>name</arg>
<arg>location</arg>
<arg>email</arg>
<arg>login</arg>
<doc>Returns a list containing given items.</doc>
<status status="PASS" start="2024-04-24T22:14:44.029160" elapsed="0.000295"/>
</kw>
<for flavor="IN">
<iter>
<kw name="Dictionary Should Contain Key" owner="Collections">
<msg time="2024-04-24T22:14:44.030421" level="INFO">False</msg>
<arg>${json_data['results'][0]}</arg>
<arg>${key}</arg>
<doc>Fails if ``key`` is not found from ``dictionary``.</doc>
<status status="PASS" start="2024-04-24T22:14:44.030019" elapsed="0.000440"/>
</kw>
<kw name="Log" owner="BuiltIn">
<msg time="2024-04-24T22:14:44.031131" level="INFO">{'gender': 'male', 'name': {'title': 'Mr', 'first': 'Tomothy', 'last': 'Hamilton'}, 'location': {'street': {'number': 5306, 'name': 'Novara Avenue'}, 'city': 'Kinsealy-Drinan', 'state': 'Carlow', 'country': 'Ireland', 'postcode': 80387, 'coordinates': {'latitude': '2.3518', 'longitude': '-163.2642'}, 'timezone': {'offset': '+11:00', 'description': 'Magadan, Solomon Islands, New Caledonia'}}, 'email': 'tomothy.hamilton@example.com', 'login': {'uuid': 'e5f8880c-b7ab-4758-95e5-1712439abb8a', 'username': 'tinyfrog157', 'password': 'flying', 'salt': 'SDQSDvIK', 'md5': 'e4e5d37a6fd61bc8fd7db30bd220b5b4', 'sha1': 'cd67d9aaaae04e2802c0ce426de2916f318f830b', 'sha256': '3c7beec9aed6fdb3459bcfcd2a49c3d13fe992a163f670b5322cba2e8f13cce4'}, 'dob': {'date': '1969-07-18T23:46:10.497Z', 'age': 54}, 'registered': {'date': '2004-07-22T02:22:26.787Z', 'age': 19}, 'phone': '021-156-6756', 'cell': '081-408-2015', 'id': {'name': 'PPS', 'value': '6029089T'}, 'picture': {'large': 'https://randomuser.me/api/portraits/men/15.jpg', 'medium': 'https://randomuser.me/api/portraits/med/men/15.jpg', 'thumbnail': 'https://randomuser.me/api/portraits/thumb/men/15.jpg'}, 'nat': 'IE'}</msg>
<arg>${json_data['results'][0]}</arg>
<doc>Logs the given message with the given level.</doc>
<status status="PASS" start="2024-04-24T22:14:44.030762" elapsed="0.000417"/>
</kw>
<kw name="Log" owner="BuiltIn">
<msg time="2024-04-24T22:14:44.031628" level="INFO">gender</msg>
<arg>${key}</arg>
<doc>Logs the given message with the given level.</doc>
<status status="PASS" start="2024-04-24T22:14:44.031500" elapsed="0.000166"/>
</kw>
<var name="${key}">gender</var>
<status status="PASS" start="2024-04-24T22:14:44.029895" elapsed="0.001985"/>
</iter>
<iter>
<kw name="Dictionary Should Contain Key" owner="Collections">
<msg time="2024-04-24T22:14:44.032603" level="INFO">False</msg>
<arg>${json_data['results'][0]}</arg>
<arg>${key}</arg>
<doc>Fails if ``key`` is not found from ``dictionary``.</doc>
<status status="PASS" start="2024-04-24T22:14:44.032176" elapsed="0.000470"/>
</kw>
<kw name="Log" owner="BuiltIn">
<msg time="2024-04-24T22:14:44.033339" level="INFO">{'gender': 'male', 'name': {'title': 'Mr', 'first': 'Tomothy', 'last': 'Hamilton'}, 'location': {'street': {'number': 5306, 'name': 'Novara Avenue'}, 'city': 'Kinsealy-Drinan', 'state': 'Carlow', 'country': 'Ireland', 'postcode': 80387, 'coordinates': {'latitude': '2.3518', 'longitude': '-163.2642'}, 'timezone': {'offset': '+11:00', 'description': 'Magadan, Solomon Islands, New Caledonia'}}, 'email': 'tomothy.hamilton@example.com', 'login': {'uuid': 'e5f8880c-b7ab-4758-95e5-1712439abb8a', 'username': 'tinyfrog157', 'password': 'flying', 'salt': 'SDQSDvIK', 'md5': 'e4e5d37a6fd61bc8fd7db30bd220b5b4', 'sha1': 'cd67d9aaaae04e2802c0ce426de2916f318f830b', 'sha256': '3c7beec9aed6fdb3459bcfcd2a49c3d13fe992a163f670b5322cba2e8f13cce4'}, 'dob': {'date': '1969-07-18T23:46:10.497Z', 'age': 54}, 'registered': {'date': '2004-07-22T02:22:26.787Z', 'age': 19}, 'phone': '021-156-6756', 'cell': '081-408-2015', 'id': {'name': 'PPS', 'value': '6029089T'}, 'picture': {'large': 'https://randomuser.me/api/portraits/men/15.jpg', 'medium': 'https://randomuser.me/api/portraits/med/men/15.jpg', 'thumbnail': 'https://randomuser.me/api/portraits/thumb/men/15.jpg'}, 'nat': 'IE'}</msg>
<arg>${json_data['results'][0]}</arg>
<doc>Logs the given message with the given level.</doc>
<status status="PASS" start="2024-04-24T22:14:44.032972" elapsed="0.000423"/>
</kw>
<kw name="Log" owner="BuiltIn">
<msg time="2024-04-24T22:14:44.033837" level="INFO">name</msg>
<arg>${key}</arg>
<doc>Logs the given message with the given level.</doc>
<status status="PASS" start="2024-04-24T22:14:44.033710" elapsed="0.000164"/>
</kw>
<var name="${key}">name</var>
<status status="PASS" start="2024-04-24T22:14:44.032063" elapsed="0.002024"/>
</iter>
<iter>
<kw name="Dictionary Should Contain Key" owner="Collections">
<msg time="2024-04-24T22:14:44.034765" level="INFO">False</msg>
<arg>${json_data['results'][0]}</arg>
<arg>${key}</arg>
<doc>Fails if ``key`` is not found from ``dictionary``.</doc>
<status status="PASS" start="2024-04-24T22:14:44.034374" elapsed="0.000429"/>
</kw>
<kw name="Log" owner="BuiltIn">
<msg time="2024-04-24T22:14:44.035463" level="INFO">{'gender': 'male', 'name': {'title': 'Mr', 'first': 'Tomothy', 'last': 'Hamilton'}, 'location': {'street': {'number': 5306, 'name': 'Novara Avenue'}, 'city': 'Kinsealy-Drinan', 'state': 'Carlow', 'country': 'Ireland', 'postcode': 80387, 'coordinates': {'latitude': '2.3518', 'longitude': '-163.2642'}, 'timezone': {'offset': '+11:00', 'description': 'Magadan, Solomon Islands, New Caledonia'}}, 'email': 'tomothy.hamilton@example.com', 'login': {'uuid': 'e5f8880c-b7ab-4758-95e5-1712439abb8a', 'username': 'tinyfrog157', 'password': 'flying', 'salt': 'SDQSDvIK', 'md5': 'e4e5d37a6fd61bc8fd7db30bd220b5b4', 'sha1': 'cd67d9aaaae04e2802c0ce426de2916f318f830b', 'sha256': '3c7beec9aed6fdb3459bcfcd2a49c3d13fe992a163f670b5322cba2e8f13cce4'}, 'dob': {'date': '1969-07-18T23:46:10.497Z', 'age': 54}, 'registered': {'date': '2004-07-22T02:22:26.787Z', 'age': 19}, 'phone': '021-156-6756', 'cell': '081-408-2015', 'id': {'name': 'PPS', 'value': '6029089T'}, 'picture': {'large': 'https://randomuser.me/api/portraits/men/15.jpg', 'medium': 'https://randomuser.me/api/portraits/med/men/15.jpg', 'thumbnail': 'https://randomuser.me/api/portraits/thumb/men/15.jpg'}, 'nat': 'IE'}</msg>
<arg>${json_data['results'][0]}</arg>
<doc>Logs the given message with the given level.</doc>
<status status="PASS" start="2024-04-24T22:14:44.035099" elapsed="0.000412"/>
</kw>
<kw name="Log" owner="BuiltIn">
<msg time="2024-04-24T22:14:44.035929" level="INFO">location</msg>
<arg>${key}</arg>
<doc>Logs the given message with the given level.</doc>
<status status="PASS" start="2024-04-24T22:14:44.035805" elapsed="0.000162"/>
</kw>
<var name="${key}">location</var>
<status status="PASS" start="2024-04-24T22:14:44.034265" elapsed="0.001915"/>
</iter>
<iter>
<kw name="Dictionary Should Contain Key" owner="Collections">
<msg time="2024-04-24T22:14:44.036874" level="INFO">False</msg>
<arg>${json_data['results'][0]}</arg>
<arg>${key}</arg>
<doc>Fails if ``key`` is not found from ``dictionary``.</doc>
<status status="PASS" start="2024-04-24T22:14:44.036459" elapsed="0.000453"/>
</kw>
<kw name="Log" owner="BuiltIn">
<msg time="2024-04-24T22:14:44.037571" level="INFO">{'gender': 'male', 'name': {'title': 'Mr', 'first': 'Tomothy', 'last': 'Hamilton'}, 'location': {'street': {'number': 5306, 'name': 'Novara Avenue'}, 'city': 'Kinsealy-Drinan', 'state': 'Carlow', 'country': 'Ireland', 'postcode': 80387, 'coordinates': {'latitude': '2.3518', 'longitude': '-163.2642'}, 'timezone': {'offset': '+11:00', 'description': 'Magadan, Solomon Islands, New Caledonia'}}, 'email': 'tomothy.hamilton@example.com', 'login': {'uuid': 'e5f8880c-b7ab-4758-95e5-1712439abb8a', 'username': 'tinyfrog157', 'password': 'flying', 'salt': 'SDQSDvIK', 'md5': 'e4e5d37a6fd61bc8fd7db30bd220b5b4', 'sha1': 'cd67d9aaaae04e2802c0ce426de2916f318f830b', 'sha256': '3c7beec9aed6fdb3459bcfcd2a49c3d13fe992a163f670b5322cba2e8f13cce4'}, 'dob': {'date': '1969-07-18T23:46:10.497Z', 'age': 54}, 'registered': {'date': '2004-07-22T02:22:26.787Z', 'age': 19}, 'phone': '021-156-6756', 'cell': '081-408-2015', 'id': {'name': 'PPS', 'value': '6029089T'}, 'picture': {'large': 'https://randomuser.me/api/portraits/men/15.jpg', 'medium': 'https://randomuser.me/api/portraits/med/men/15.jpg', 'thumbnail': 'https://randomuser.me/api/portraits/thumb/men/15.jpg'}, 'nat': 'IE'}</msg>
<arg>${json_data['results'][0]}</arg>
<doc>Logs the given message with the given level.</doc>
<status status="PASS" start="2024-04-24T22:14:44.037212" elapsed="0.000408"/>
</kw>
<kw name="Log" owner="BuiltIn">
<msg time="2024-04-24T22:14:44.038036" level="INFO">email</msg>
<arg>${key}</arg>
<doc>Logs the given message with the given level.</doc>
<status status="PASS" start="2024-04-24T22:14:44.037910" elapsed="0.000164"/>
</kw>
<var name="${key}">email</var>
<status status="PASS" start="2024-04-24T22:14:44.036349" elapsed="0.001938"/>
</iter>
<iter>
<kw name="Dictionary Should Contain Key" owner="Collections">
<msg time="2024-04-24T22:14:44.038963" level="INFO">False</msg>
<arg>${json_data['results'][0]}</arg>
<arg>${key}</arg>
<doc>Fails if ``key`` is not found from ``dictionary``.</doc>
<status status="PASS" start="2024-04-24T22:14:44.038570" elapsed="0.000431"/>
</kw>
<kw name="Log" owner="BuiltIn">
<msg time="2024-04-24T22:14:44.039654" level="INFO">{'gender': 'male', 'name': {'title': 'Mr', 'first': 'Tomothy', 'last': 'Hamilton'}, 'location': {'street': {'number': 5306, 'name': 'Novara Avenue'}, 'city': 'Kinsealy-Drinan', 'state': 'Carlow', 'country': 'Ireland', 'postcode': 80387, 'coordinates': {'latitude': '2.3518', 'longitude': '-163.2642'}, 'timezone': {'offset': '+11:00', 'description': 'Magadan, Solomon Islands, New Caledonia'}}, 'email': 'tomothy.hamilton@example.com', 'login': {'uuid': 'e5f8880c-b7ab-4758-95e5-1712439abb8a', 'username': 'tinyfrog157', 'password': 'flying', 'salt': 'SDQSDvIK', 'md5': 'e4e5d37a6fd61bc8fd7db30bd220b5b4', 'sha1': 'cd67d9aaaae04e2802c0ce426de2916f318f830b', 'sha256': '3c7beec9aed6fdb3459bcfcd2a49c3d13fe992a163f670b5322cba2e8f13cce4'}, 'dob': {'date': '1969-07-18T23:46:10.497Z', 'age': 54}, 'registered': {'date': '2004-07-22T02:22:26.787Z', 'age': 19}, 'phone': '021-156-6756', 'cell': '081-408-2015', 'id': {'name': 'PPS', 'value': '6029089T'}, 'picture': {'large': 'https://randomuser.me/api/portraits/men/15.jpg', 'medium': 'https://randomuser.me/api/portraits/med/men/15.jpg', 'thumbnail': 'https://randomuser.me/api/portraits/thumb/men/15.jpg'}, 'nat': 'IE'}</msg>
<arg>${json_data['results'][0]}</arg>
<doc>Logs the given message with the given level.</doc>
<status status="PASS" start="2024-04-24T22:14:44.039295" elapsed="0.000406"/>
</kw>
<kw name="Log" owner="BuiltIn">
<msg time="2024-04-24T22:14:44.040124" level="INFO">login</msg>
<arg>${key}</arg>
<doc>Logs the given message with the given level.</doc>
<status status="PASS" start="2024-04-24T22:14:44.039997" elapsed="0.000166"/>
</kw>
<var name="${key}">login</var>
<status status="PASS" start="2024-04-24T22:14:44.038459" elapsed="0.001939"/>
</iter>
<var>${key}</var>
<value>@{expected_keys}</value>
<status status="PASS" start="2024-04-24T22:14:44.029716" elapsed="0.010835"/>
</for>
<kw name="Create List" owner="BuiltIn">
<msg time="2024-04-24T22:14:44.040884" level="INFO">${expected_keysTwo} = ['username', 'password']</msg>
<var>${expected_keysTwo}</var>
<arg>username</arg>
<arg>password</arg>
<doc>Returns a list containing given items.</doc>
<status status="PASS" start="2024-04-24T22:14:44.040746" elapsed="0.000162"/>
</kw>
<for flavor="IN">
<iter>
<kw name="Dictionary Should Contain Key" owner="Collections">
<msg time="2024-04-24T22:14:44.041804" level="INFO">False</msg>
<arg>${json_data['results'][0]['login']}</arg>
<arg>${keyTwo}</arg>
<doc>Fails if ``key`` is not found from ``dictionary``.</doc>
<status status="PASS" start="2024-04-24T22:14:44.041405" elapsed="0.000437"/>
</kw>
<kw name="Dictionary Should Contain Key" owner="Collections">
<msg time="2024-04-24T22:14:44.042521" level="INFO">False</msg>
<arg>${json_data['results'][0]['login']}</arg>
<arg>${keyTwo}</arg>
<doc>Fails if ``key`` is not found from ``dictionary``.</doc>
<status status="PASS" start="2024-04-24T22:14:44.042132" elapsed="0.000426"/>
</kw>
<kw name="Log" owner="BuiltIn">
<msg time="2024-04-24T22:14:44.042981" level="INFO">username</msg>
<arg>${keyTwo}</arg>
<doc>Logs the given message with the given level.</doc>
<status status="PASS" start="2024-04-24T22:14:44.042854" elapsed="0.000170"/>
</kw>
<var name="${keyTwo}">username</var>
<status status="PASS" start="2024-04-24T22:14:44.041295" elapsed="0.001941"/>
</iter>
<iter>
<kw name="Dictionary Should Contain Key" owner="Collections">
<msg time="2024-04-24T22:14:44.043897" level="INFO">False</msg>
<arg>${json_data['results'][0]['login']}</arg>
<arg>${keyTwo}</arg>
<doc>Fails if ``key`` is not found from ``dictionary``.</doc>
<status status="PASS" start="2024-04-24T22:14:44.043516" elapsed="0.000424"/>
</kw>
<kw name="Dictionary Should Contain Key" owner="Collections">
<msg time="2024-04-24T22:14:44.044743" level="INFO">False</msg>
<arg>${json_data['results'][0]['login']}</arg>
<arg>${keyTwo}</arg>
<doc>Fails if ``key`` is not found from ``dictionary``.</doc>
<status status="PASS" start="2024-04-24T22:14:44.044232" elapsed="0.000551"/>
</kw>
<kw name="Log" owner="BuiltIn">
<msg time="2024-04-24T22:14:44.045213" level="INFO">password</msg>
<arg>${keyTwo}</arg>
<doc>Logs the given message with the given level.</doc>
<status status="PASS" start="2024-04-24T22:14:44.045084" elapsed="0.000166"/>
</kw>
<var name="${keyTwo}">password</var>
<status status="PASS" start="2024-04-24T22:14:44.043405" elapsed="0.002060"/>
</iter>
<var>${keyTwo}</var>
<value>@{expected_keysTwo}</value>
<status status="PASS" start="2024-04-24T22:14:44.041145" elapsed="0.004440"/>
</for>
<status status="PASS" start="2024-04-24T22:14:43.945045" elapsed="0.100676"/>
</kw>
<doc>Testa a estrutura da resposta da API.</doc>
<tag>testeEstruturaResposta</tag>
<status status="PASS" start="2024-04-24T22:14:43.944576" elapsed="0.101292"/>
</test>
<test id="s1-s1-t4" name="Validar tipos de dados" line="28">
<kw name="Teste de Tipos de Dados" owner="random-user-service">
<kw name="GET On Session" owner="RequestsLibrary">
<msg time="2024-04-24T22:14:44.131760" level="INFO">GET Request : url=https://randomuser.me/api 
 path_url=/api 
 headers={'User-Agent': 'python-requests/2.31.0', 'Accept-Encoding': 'gzip, deflate', 'Accept': '*/*', 'Connection': 'keep-alive'} 
 body=None 
 </msg>
<msg time="2024-04-24T22:14:44.131825" level="INFO">GET Response : url=https://randomuser.me/api 
 status=200, reason=OK 
 headers={'Date': 'Wed, 24 Apr 2024 22:14:44 GMT', 'Content-Type': 'application/json; charset=utf-8', 'Transfer-Encoding': 'chunked', 'Connection': 'keep-alive', 'X-Powered-By': 'Express', 'Access-Control-Allow-Origin': '*', 'Cache-Control': 'no-cache', 'ETag': 'W/"491-CnuCITxtbriHbAE1N5yVnEDy3Rc"', 'Vary': 'Accept-Encoding', 'Content-Encoding': 'gzip', 'CF-Cache-Status': 'DYNAMIC', 'Report-To': '{"endpoints":[{"url":"https:\\/\\/a.nel.cloudflare.com\\/report\\/v4?s=KCxgYvcSdJpzGnUhyYl4AWyVPHfsK%2FFeS%2FJgSXb%2BU934eTIzBr543XSKwODHuAS5PjExAFwDIMa061%2BFHSMdZ1XORzcXkV7kbq%2BEyUp3Un1dryxifm9HCP%2F2tJEGx7UV"}],"group":"cf-nel","max_age":604800}', 'NEL': '{"success_fraction":0,"report_to":"cf-nel","max_age":604800}', 'Server': 'cloudflare', 'CF-RAY': '879972ad49708f44-ORD', 'alt-svc': 'h3=":443"; ma=86400'} 
 body={"results":[{"gender":"male","name":{"title":"Mr","first":"رادین","last":"کریمی"},"location":{"street":{"number":7929,"name":"نوفل لوشاتو"},"city":"اصفهان","state":"کرمانشاه","country":"Iran","postcode":51422,"coordinates":{"latitude":"14.8317","longitude":"-155.1207"},"timezone":{"offset":"+4:00","description":"Abu Dhabi, Muscat, Baku, Tbilisi"}},"email":"rdyn.khrymy@example.com","login":{"uuid":"6d9cd2d7-a1ec-417e-bef2-668180432e35","username":"whitedog474","password":"turner","salt":"Oe3XhB6E","md5":"e447d0ac6e018033973359f25077e10a","sha1":"7d2dc7316955f987c398e4eb2ffd8931c593bc50","sha256":"156dc8a211cf8a929304f0346712fd6c8be3af5d2656e588a71fdc1715c9d290"},"dob":{"date":"1969-03-21T09:15:16.552Z","age":55},"registered":{"date":"2013-03-21T18:30:01.764Z","age":11},"phone":"050-21181349","cell":"0901-043-9082","id":{"name":"","value":null},"picture":{"large":"https://randomuser.me/api/portraits/men/6.jpg","medium":"https://randomuser.me/api/portraits/med/men/6.jpg","thumbnail":"https://randomuser.me/api/portraits/thumb/men/6.jpg"},"nat":"IR"}],"info":{"seed":"b27e1f8d8b3ce019","results":1,"page":1,"version":"1.4"}} 
 </msg>
<msg time="2024-04-24T22:14:44.131882" level="INFO">/opt/hostedtoolcache/Python/3.12.3/x64/lib/python3.12/site-packages/urllib3/connectionpool.py:1103: InsecureRequestWarning: Unverified HTTPS request is being made to host 'randomuser.me'. Adding certificate verification is strongly advised. See: https://urllib3.readthedocs.io/en/latest/advanced-usage.html#tls-warnings
  warnings.warn(</msg>
<msg time="2024-04-24T22:14:44.131971" level="INFO">${response} = &lt;Response [200]&gt;</msg>
<var>${response}</var>
<arg>consultarAPI</arg>
<arg>/api</arg>
<doc>Sends a GET request on a previously created HTTP Session.</doc>
<status status="PASS" start="2024-04-24T22:14:44.048252" elapsed="0.083757"/>
</kw>
<kw name="Set Variable" owner="BuiltIn">
<msg time="2024-04-24T22:14:44.132871" level="INFO">${json_data} = {'results': [{'gender': 'male', 'name': {'title': 'Mr', 'first': 'رادین', 'last': 'کریمی'}, 'location': {'street': {'number': 7929, 'name': 'نوفل لوشاتو'}, 'city': 'اصفهان', 'state': 'کرمانشاه', 'coun...</msg>
<var>${json_data}</var>
<arg>${response.json()}</arg>
<doc>Returns the given values which can then be assigned to a variables.</doc>
<status status="PASS" start="2024-04-24T22:14:44.132380" elapsed="0.000522"/>
</kw>
<kw name="Log" owner="BuiltIn">
<msg time="2024-04-24T22:14:44.133368" level="INFO">{'results': [{'gender': 'male', 'name': {'title': 'Mr', 'first': 'رادین', 'last': 'کریمی'}, 'location': {'street': {'number': 7929, 'name': 'نوفل لوشاتو'}, 'city': 'اصفهان', 'state': 'کرمانشاه', 'country': 'Iran', 'postcode': 51422, 'coordinates': {'latitude': '14.8317', 'longitude': '-155.1207'}, 'timezone': {'offset': '+4:00', 'description': 'Abu Dhabi, Muscat, Baku, Tbilisi'}}, 'email': 'rdyn.khrymy@example.com', 'login': {'uuid': '6d9cd2d7-a1ec-417e-bef2-668180432e35', 'username': 'whitedog474', 'password': 'turner', 'salt': 'Oe3XhB6E', 'md5': 'e447d0ac6e018033973359f25077e10a', 'sha1': '7d2dc7316955f987c398e4eb2ffd8931c593bc50', 'sha256': '156dc8a211cf8a929304f0346712fd6c8be3af5d2656e588a71fdc1715c9d290'}, 'dob': {'date': '1969-03-21T09:15:16.552Z', 'age': 55}, 'registered': {'date': '2013-03-21T18:30:01.764Z', 'age': 11}, 'phone': '050-21181349', 'cell': '0901-043-9082', 'id': {'name': '', 'value': None}, 'picture': {'large': 'https://randomuser.me/api/portraits/men/6.jpg', 'medium': 'https://randomuser.me/api/portraits/med/men/6.jpg', 'thumbnail': 'https://randomuser.me/api/portraits/thumb/men/6.jpg'}, 'nat': 'IR'}], 'info': {'seed': 'b27e1f8d8b3ce019', 'results': 1, 'page': 1, 'version': '1.4'}}</msg>
<arg>${json_data}</arg>
<doc>Logs the given message with the given level.</doc>
<status status="PASS" start="2024-04-24T22:14:44.133211" elapsed="0.000240"/>
</kw>
<kw name="Should Be String" owner="String">
<arg>${json_data['results'][0]['gender']}</arg>
<doc>Fails if the given ``item`` is not a string.</doc>
<status status="PASS" start="2024-04-24T22:14:44.133752" elapsed="0.000368"/>
</kw>
<kw name="Should Match Regexp" owner="BuiltIn">
<arg>${json_data['results'][0]['email']}</arg>
<arg>^[a-zA-Z0-9._%+-]+@[a-zA-Z0-9.-]+\.[a-zA-Z]{2,}$</arg>
<doc>Fails if ``string`` does not match ``pattern`` as a regular expression.</doc>
<status status="PASS" start="2024-04-24T22:14:44.134313" elapsed="0.000494"/>
</kw>
<kw name="Should Match Regexp" owner="BuiltIn">
<arg>${json_data['results'][0]['dob']['date']}</arg>
<arg>\\d{4}-\\d{2}-\\d{2}T\\d{2}:\\d{2}:\\d{2}\\.\\d{3}Z</arg>
<doc>Fails if ``string`` does not match ``pattern`` as a regular expression.</doc>
<status status="PASS" start="2024-04-24T22:14:44.135003" elapsed="0.000493"/>
</kw>
<kw name="Should Match Regexp" owner="BuiltIn">
<arg>${json_data['results'][0]['registered']['date']}</arg>
<arg>\\d{4}-\\d{2}-\\d{2}T\\d{2}:\\d{2}:\\d{2}\\.\\d{3}Z</arg>
<doc>Fails if ``string`` does not match ``pattern`` as a regular expression.</doc>
<status status="PASS" start="2024-04-24T22:14:44.135688" elapsed="0.000369"/>
</kw>
<kw name="Should Match Regexp" owner="BuiltIn">
<arg>${json_data['results'][0]['picture']['large']}</arg>
<arg>^https?://.*\.(?:png|jpe?g|gif|bmp)$</arg>
<doc>Fails if ``string`` does not match ``pattern`` as a regular expression.</doc>
<status status="PASS" start="2024-04-24T22:14:44.136247" elapsed="0.000488"/>
</kw>
<kw name="Should Match Regexp" owner="BuiltIn">
<arg>${json_data['results'][0]['picture']['medium']}</arg>
<arg>^https?://.*\.(?:png|jpe?g|gif|bmp)$</arg>
<doc>Fails if ``string`` does not match ``pattern`` as a regular expression.</doc>
<status status="PASS" start="2024-04-24T22:14:44.136933" elapsed="0.000369"/>
</kw>
<kw name="Should Match Regexp" owner="BuiltIn">
<arg>${json_data['results'][0]['picture']['thumbnail']}</arg>
<arg>^https?://.*\.(?:png|jpe?g|gif|bmp)$</arg>
<doc>Fails if ``string`` does not match ``pattern`` as a regular expression.</doc>
<status status="PASS" start="2024-04-24T22:14:44.137495" elapsed="0.000359"/>
</kw>
<kw name="Log" owner="BuiltIn">
<msg time="2024-04-24T22:14:44.138364" level="INFO">{'large': 'https://randomuser.me/api/portraits/men/6.jpg', 'medium': 'https://randomuser.me/api/portraits/med/men/6.jpg', 'thumbnail': 'https://randomuser.me/api/portraits/thumb/men/6.jpg'}</msg>
<arg>${json_data['results'][0]['picture']}</arg>
<doc>Logs the given message with the given level.</doc>
<status status="PASS" start="2024-04-24T22:14:44.138037" elapsed="0.000369"/>
</kw>
<status status="PASS" start="2024-04-24T22:14:44.048034" elapsed="0.090624"/>
</kw>
<kw name="Teste de Tipos de Dados - Postcode" owner="random-user-service">
<kw name="GET On Session" owner="RequestsLibrary">
<msg time="2024-04-24T22:14:44.226635" level="INFO">GET Request : url=https://randomuser.me/api 
 path_url=/api 
 headers={'User-Agent': 'python-requests/2.31.0', 'Accept-Encoding': 'gzip, deflate', 'Accept': '*/*', 'Connection': 'keep-alive'} 
 body=None 
 </msg>
<msg time="2024-04-24T22:14:44.226720" level="INFO">GET Response : url=https://randomuser.me/api 
 status=200, reason=OK 
 headers={'Date': 'Wed, 24 Apr 2024 22:14:44 GMT', 'Content-Type': 'application/json; charset=utf-8', 'Transfer-Encoding': 'chunked', 'Connection': 'keep-alive', 'X-Powered-By': 'Express', 'Access-Control-Allow-Origin': '*', 'Cache-Control': 'no-cache', 'ETag': 'W/"4a2-peSzsXrh10bU+/vPugQSPvOVJb8"', 'Vary': 'Accept-Encoding', 'Content-Encoding': 'gzip', 'CF-Cache-Status': 'DYNAMIC', 'Report-To': '{"endpoints":[{"url":"https:\\/\\/a.nel.cloudflare.com\\/report\\/v4?s=7qFWRHvx9j6Ck1JhG2ZTXlW4lCat0LoiV1W7PU9gwIJhhLN3baKwxHHSX2iSA4RPUvlyKfQ3caR6NQNiu%2FSjIHtRdSW8cIBrYlpp8wagp5swQ2sE3eifFKJ5zQHDC3%2By"}],"group":"cf-nel","max_age":604800}', 'NEL': '{"success_fraction":0,"report_to":"cf-nel","max_age":604800}', 'Server': 'cloudflare', 'CF-RAY': '879972adea158f44-ORD', 'alt-svc': 'h3=":443"; ma=86400'} 
 body={"results":[{"gender":"male","name":{"title":"Mr","first":"Cristobal","last":"Benavídez"},"location":{"street":{"number":9162,"name":"Retorno Salcido"},"city":"Cocotitlán","state":"Campeche","country":"Mexico","postcode":23949,"coordinates":{"latitude":"23.2648","longitude":"-26.4027"},"timezone":{"offset":"-3:00","description":"Brazil, Buenos Aires, Georgetown"}},"email":"cristobal.benavidez@example.com","login":{"uuid":"315ef212-fd66-497f-818d-2c4e57d9cf31","username":"orangeswan251","password":"barfly","salt":"81xALE0s","md5":"ebff4f5f18f9fd3a9be3c131e4376b96","sha1":"bf5eccbf440e37832fe3335a9cc037f134748601","sha256":"aebdd46fa985256e0784106185ce51a1d4cbbdfa6f6e5edeb9356b99f99a384e"},"dob":{"date":"1987-10-23T02:50:10.271Z","age":36},"registered":{"date":"2007-12-07T11:47:03.478Z","age":16},"phone":"(634) 867 9116","cell":"(652) 796 2606","id":{"name":"NSS","value":"91 77 01 9909 1"},"picture":{"large":"https://randomuser.me/api/portraits/men/88.jpg","medium":"https://randomuser.me/api/portraits/med/men/88.jpg","thumbnail":"https://randomuser.me/api/portraits/thumb/men/88.jpg"},"nat":"MX"}],"info":{"seed":"7a67539b4b69b4a3","results":1,"page":1,"version":"1.4"}} 
 </msg>
<msg time="2024-04-24T22:14:44.226796" level="INFO">/opt/hostedtoolcache/Python/3.12.3/x64/lib/python3.12/site-packages/urllib3/connectionpool.py:1103: InsecureRequestWarning: Unverified HTTPS request is being made to host 'randomuser.me'. Adding certificate verification is strongly advised. See: https://urllib3.readthedocs.io/en/latest/advanced-usage.html#tls-warnings
  warnings.warn(</msg>
<msg time="2024-04-24T22:14:44.226907" level="INFO">${response} = &lt;Response [200]&gt;</msg>
<var>${response}</var>
<arg>consultarAPI</arg>
<arg>/api</arg>
<doc>Sends a GET request on a previously created HTTP Session.</doc>
<status status="PASS" start="2024-04-24T22:14:44.139098" elapsed="0.087841"/>
</kw>
<kw name="Set Variable" owner="BuiltIn">
<msg time="2024-04-24T22:14:44.227794" level="INFO">${json_data} = {'results': [{'gender': 'male', 'name': {'title': 'Mr', 'first': 'Cristobal', 'last': 'Benavídez'}, 'location': {'street': {'number': 9162, 'name': 'Retorno Salcido'}, 'city': 'Cocotitlán', 'state': '...</msg>
<var>${json_data}</var>
<arg>${response.json()}</arg>
<doc>Returns the given values which can then be assigned to a variables.</doc>
<status status="PASS" start="2024-04-24T22:14:44.227317" elapsed="0.000506"/>
</kw>
<kw name="Log" owner="BuiltIn">
<msg time="2024-04-24T22:14:44.228287" level="INFO">{'results': [{'gender': 'male', 'name': {'title': 'Mr', 'first': 'Cristobal', 'last': 'Benavídez'}, 'location': {'street': {'number': 9162, 'name': 'Retorno Salcido'}, 'city': 'Cocotitlán', 'state': 'Campeche', 'country': 'Mexico', 'postcode': 23949, 'coordinates': {'latitude': '23.2648', 'longitude': '-26.4027'}, 'timezone': {'offset': '-3:00', 'description': 'Brazil, Buenos Aires, Georgetown'}}, 'email': 'cristobal.benavidez@example.com', 'login': {'uuid': '315ef212-fd66-497f-818d-2c4e57d9cf31', 'username': 'orangeswan251', 'password': 'barfly', 'salt': '81xALE0s', 'md5': 'ebff4f5f18f9fd3a9be3c131e4376b96', 'sha1': 'bf5eccbf440e37832fe3335a9cc037f134748601', 'sha256': 'aebdd46fa985256e0784106185ce51a1d4cbbdfa6f6e5edeb9356b99f99a384e'}, 'dob': {'date': '1987-10-23T02:50:10.271Z', 'age': 36}, 'registered': {'date': '2007-12-07T11:47:03.478Z', 'age': 16}, 'phone': '(634) 867 9116', 'cell': '(652) 796 2606', 'id': {'name': 'NSS', 'value': '91 77 01 9909 1'}, 'picture': {'large': 'https://randomuser.me/api/portraits/men/88.jpg', 'medium': 'https://randomuser.me/api/portraits/med/men/88.jpg', 'thumbnail': 'https://randomuser.me/api/portraits/thumb/men/88.jpg'}, 'nat': 'MX'}], 'info': {'seed': '7a67539b4b69b4a3', 'results': 1, 'page': 1, 'version': '1.4'}}</msg>
<arg>${json_data}</arg>
<doc>Logs the given message with the given level.</doc>
<status status="PASS" start="2024-04-24T22:14:44.228134" elapsed="0.000231"/>
</kw>
<kw name="Should Be Equal As Numbers" owner="BuiltIn">
<arg>${json_data['results'][0]['location']['postcode']}</arg>
<arg>${json_data['results'][0]['location']['postcode']}</arg>
<doc>Fails if objects are unequal after converting them to real numbers.</doc>
<status status="PASS" start="2024-04-24T22:14:44.228706" elapsed="0.000755"/>
</kw>
<kw name="Log" owner="BuiltIn">
<msg time="2024-04-24T22:14:44.229995" level="INFO">23949</msg>
<arg>${json_data['results'][0]['location']['postcode']}</arg>
<doc>Logs the given message with the given level.</doc>
<status status="PASS" start="2024-04-24T22:14:44.229657" elapsed="0.000379"/>
</kw>
<status status="PASS" start="2024-04-24T22:14:44.138874" elapsed="0.091415"/>
</kw>
<doc>Testa se os tipos de dados na resposta da API estão corretos.</doc>
<tag>testeTiposDados</tag>
<status status="PASS" start="2024-04-24T22:14:44.047601" elapsed="0.182846"/>
</test>
<test id="s1-s1-t5" name="Validar conteudo" line="35">
<kw name="Teste de Tipos de Conteudo" owner="random-user-service">
<kw name="GET On Session" owner="RequestsLibrary">
<msg time="2024-04-24T22:14:44.335637" level="INFO">GET Request : url=https://randomuser.me/api 
 path_url=/api 
 headers={'User-Agent': 'python-requests/2.31.0', 'Accept-Encoding': 'gzip, deflate', 'Accept': '*/*', 'Connection': 'keep-alive'} 
 body=None 
 </msg>
<msg time="2024-04-24T22:14:44.335721" level="INFO">GET Response : url=https://randomuser.me/api 
 status=200, reason=OK 
 headers={'Date': 'Wed, 24 Apr 2024 22:14:44 GMT', 'Content-Type': 'application/json; charset=utf-8', 'Transfer-Encoding': 'chunked', 'Connection': 'keep-alive', 'X-Powered-By': 'Express', 'Access-Control-Allow-Origin': '*', 'Cache-Control': 'no-cache', 'ETag': 'W/"4ac-btG1MElW58DNdY5YMFVxtKm8XxU"', 'Vary': 'Accept-Encoding', 'Content-Encoding': 'gzip', 'CF-Cache-Status': 'DYNAMIC', 'Report-To': '{"endpoints":[{"url":"https:\\/\\/a.nel.cloudflare.com\\/report\\/v4?s=a0%2BK8oaUeUBiQRo%2F8BbhbifMSeRX9AoQantRoSHemuwSIz3ghdIKL%2FPZoWla0fsic%2BEnIxwHlg0OeQ%2FRkES3IIPOif7WBZrM40merjqzfXqZvoS0bHEFH%2B15NONoUAnY"}],"group":"cf-nel","max_age":604800}', 'NEL': '{"success_fraction":0,"report_to":"cf-nel","max_age":604800}', 'Server': 'cloudflare', 'CF-RAY': '879972ae7aff8f44-ORD', 'alt-svc': 'h3=":443"; ma=86400'} 
 body={"results":[{"gender":"female","name":{"title":"Mrs","first":"Jonie","last":"Van Soest"},"location":{"street":{"number":991,"name":"Jacob Juchstraat"},"city":"Lettelbert","state":"Utrecht","country":"Netherlands","postcode":"9365 VF","coordinates":{"latitude":"35.1226","longitude":"178.7786"},"timezone":{"offset":"+11:00","description":"Magadan, Solomon Islands, New Caledonia"}},"email":"jonie.vansoest@example.com","login":{"uuid":"7e6f1d7c-2690-4b10-a598-b391fa6093f0","username":"orangepeacock272","password":"mountain","salt":"xLbSebjv","md5":"3a829e3e61b0d3628efaa07c04f5e7b7","sha1":"3a0e49173931ee8ac5b6346fda68e44660bcf607","sha256":"6370dad57c676eb6f4c1585656cb4d51e26296d9386bc6b3764151a7189c0421"},"dob":{"date":"1979-01-03T03:56:26.329Z","age":45},"registered":{"date":"2004-04-08T12:33:47.250Z","age":20},"phone":"(063) 0529073","cell":"(06) 50524635","id":{"name":"BSN","value":"04040322"},"picture":{"large":"https://randomuser.me/api/portraits/women/93.jpg","medium":"https://randomuser.me/api/portraits/med/women/93.jpg","thumbnail":"https://randomuser.me/api/portraits/thumb/women/93.jpg"},"nat":"NL"}],"info":{"seed":"3aaba5bec32c02b7","results":1,"page":1,"version":"1.4"}} 
 </msg>
<msg time="2024-04-24T22:14:44.335795" level="INFO">/opt/hostedtoolcache/Python/3.12.3/x64/lib/python3.12/site-packages/urllib3/connectionpool.py:1103: InsecureRequestWarning: Unverified HTTPS request is being made to host 'randomuser.me'. Adding certificate verification is strongly advised. See: https://urllib3.readthedocs.io/en/latest/advanced-usage.html#tls-warnings
  warnings.warn(</msg>
<msg time="2024-04-24T22:14:44.335907" level="INFO">${response} = &lt;Response [200]&gt;</msg>
<var>${response}</var>
<arg>consultarAPI</arg>
<arg>/api</arg>
<doc>Sends a GET request on a previously created HTTP Session.</doc>
<status status="PASS" start="2024-04-24T22:14:44.233017" elapsed="0.102944"/>
</kw>
<kw name="Set Variable" owner="BuiltIn">
<msg time="2024-04-24T22:14:44.337075" level="INFO">${json_data} = {'results': [{'gender': 'female', 'name': {'title': 'Mrs', 'first': 'Jonie', 'last': 'Van Soest'}, 'location': {'street': {'number': 991, 'name': 'Jacob Juchstraat'}, 'city': 'Lettelbert', 'state': 'U...</msg>
<var>${json_data}</var>
<arg>${response.json()}</arg>
<doc>Returns the given values which can then be assigned to a variables.</doc>
<status status="PASS" start="2024-04-24T22:14:44.336455" elapsed="0.000650"/>
</kw>
<kw name="Set Variable" owner="BuiltIn">
<msg time="2024-04-24T22:14:44.337797" level="INFO">${name_title} = Mrs</msg>
<var>${name_title}</var>
<arg>${json_data["results"][0]["name"]["title"]}</arg>
<doc>Returns the given values which can then be assigned to a variables.</doc>
<status status="PASS" start="2024-04-24T22:14:44.337414" elapsed="0.000408"/>
</kw>
<kw name="Create List" owner="BuiltIn">
<msg time="2024-04-24T22:14:44.338268" level="INFO">${allowed_titles} = ['Mr', 'Ms', 'Miss', 'Mrs', 'Madame', 'Monsieur']</msg>
<var>${allowed_titles}</var>
<arg>Mr</arg>
<arg>Ms</arg>
<arg>Miss</arg>
<arg>Mrs</arg>
<arg>Madame</arg>
<arg>Monsieur</arg>
<doc>Returns a list containing given items.</doc>
<status status="PASS" start="2024-04-24T22:14:44.338120" elapsed="0.000172"/>
</kw>
<kw name="List Should Contain Value" owner="Collections">
<msg time="2024-04-24T22:14:44.338754" level="INFO">False</msg>
<arg>${allowed_titles}</arg>
<arg>${name_title}</arg>
<doc>Fails if the ``value`` is not found from ``list``.</doc>
<status status="PASS" start="2024-04-24T22:14:44.338587" elapsed="0.000202"/>
</kw>
<kw name="Set Variable" owner="BuiltIn">
<msg time="2024-04-24T22:14:44.339457" level="INFO">${name_country} = NL</msg>
<var>${name_country}</var>
<arg>${json_data["results"][0]["nat"]}</arg>
<doc>Returns the given values which can then be assigned to a variables.</doc>
<status status="PASS" start="2024-04-24T22:14:44.339076" elapsed="0.000406"/>
</kw>
<kw name="Create List" owner="BuiltIn">
<msg time="2024-04-24T22:14:44.340766" level="INFO">${list_country} = ['AD', 'AE', 'AF', 'AG', 'AI', 'AL', 'AM', 'AO', 'AQ', 'AR', 'AS', 'AT', 'AU', 'AW', 'AX', 'AZ', 'BA', 'BB', 'BD', 'BE', 'BF', 'BG', 'BH', 'BI', 'BJ', 'BL', 'BM', 'BN', 'BO', 'BQ', 'BR', 'BS', 'BT', '...</msg>
<var>${list_country}</var>
<arg>AD</arg>
<arg>AE</arg>
<arg>AF</arg>
<arg>AG</arg>
<arg>AI</arg>
<arg>AL</arg>
<arg>AM</arg>
<arg>AO</arg>
<arg>AQ</arg>
<arg>AR</arg>
<arg>AS</arg>
<arg>AT</arg>
<arg>AU</arg>
<arg>AW</arg>
<arg>AX</arg>
<arg>AZ</arg>
<arg>BA</arg>
<arg>BB</arg>
<arg>BD</arg>
<arg>BE</arg>
<arg>BF</arg>
<arg>BG</arg>
<arg>BH</arg>
<arg>BI</arg>
<arg>BJ</arg>
<arg>BL</arg>
<arg>BM</arg>
<arg>BN</arg>
<arg>BO</arg>
<arg>BQ</arg>
<arg>BR</arg>
<arg>BS</arg>
<arg>BT</arg>
<arg>BV</arg>
<arg>BW</arg>
<arg>BY</arg>
<arg>BZ</arg>
<arg>CA</arg>
<arg>CC</arg>
<arg>CD</arg>
<arg>CF</arg>
<arg>CG</arg>
<arg>CH</arg>
<arg>CI</arg>
<arg>CK</arg>
<arg>CL</arg>
<arg>CM</arg>
<arg>CN</arg>
<arg>CO</arg>
<arg>CR</arg>
<arg>CU</arg>
<arg>CV</arg>
<arg>CW</arg>
<arg>CX</arg>
<arg>CY</arg>
<arg>CZ</arg>
<arg>DE</arg>
<arg>DJ</arg>
<arg>DK</arg>
<arg>DM</arg>
<arg>DO</arg>
<arg>DZ</arg>
<arg>EC</arg>
<arg>EE</arg>
<arg>EG</arg>
<arg>EH</arg>
<arg>ER</arg>
<arg>ES</arg>
<arg>ET</arg>
<arg>FI</arg>
<arg>FJ</arg>
<arg>FK</arg>
<arg>FM</arg>
<arg>FO</arg>
<arg>FR</arg>
<arg>GA</arg>
<arg>GB</arg>
<arg>GD</arg>
<arg>GE</arg>
<arg>GF</arg>
<arg>GG</arg>
<arg>GH</arg>
<arg>GI</arg>
<arg>GL</arg>
<arg>GM</arg>
<arg>GN</arg>
<arg>GP</arg>
<arg>GQ</arg>
<arg>GR</arg>
<arg>GS</arg>
<arg>GT</arg>
<arg>GU</arg>
<arg>GW</arg>
<arg>GY</arg>
<arg>HK</arg>
<arg>HM</arg>
<arg>HN</arg>
<arg>HR</arg>
<arg>HT</arg>
<arg>HU</arg>
<arg>ID</arg>
<arg>IE</arg>
<arg>IL</arg>
<arg>IM</arg>
<arg>IN</arg>
<arg>IO</arg>
<arg>IQ</arg>
<arg>IR</arg>
<arg>IS</arg>
<arg>IT</arg>
<arg>JE</arg>
<arg>JM</arg>
<arg>JO</arg>
<arg>JP</arg>
<arg>KE</arg>
<arg>KG</arg>
<arg>KH</arg>
<arg>KI</arg>
<arg>KM</arg>
<arg>KN</arg>
<arg>KP</arg>
<arg>KR</arg>
<arg>KW</arg>
<arg>KY</arg>
<arg>KZ</arg>
<arg>LA</arg>
<arg>LB</arg>
<arg>LC</arg>
<arg>LI</arg>
<arg>LK</arg>
<arg>LR</arg>
<arg>LS</arg>
<arg>LT</arg>
<arg>LU</arg>
<arg>LV</arg>
<arg>LY</arg>
<arg>MA</arg>
<arg>MC</arg>
<arg>MD</arg>
<arg>ME</arg>
<arg>MF</arg>
<arg>MG</arg>
<arg>MH</arg>
<arg>MK</arg>
<arg>ML</arg>
<arg>MM</arg>
<arg>MN</arg>
<arg>MO</arg>
<arg>MP</arg>
<arg>MQ</arg>
<arg>MR</arg>
<arg>MS</arg>
<arg>MT</arg>
<arg>MU</arg>
<arg>MV</arg>
<arg>MW</arg>
<arg>MX</arg>
<arg>MY</arg>
<arg>MZ</arg>
<arg>NA</arg>
<arg>NC</arg>
<arg>NE</arg>
<arg>NF</arg>
<arg>NG</arg>
<arg>NI</arg>
<arg>NL</arg>
<arg>NO</arg>
<arg>NP</arg>
<arg>NR</arg>
<arg>NU</arg>
<arg>NZ</arg>
<arg>OM</arg>
<arg>PA</arg>
<arg>PE</arg>
<arg>PF</arg>
<arg>PG</arg>
<arg>PH</arg>
<arg>PK</arg>
<arg>PL</arg>
<arg>PM</arg>
<arg>PN</arg>
<arg>PR</arg>
<arg>PS</arg>
<arg>PT</arg>
<arg>PW</arg>
<arg>PY</arg>
<arg>QA</arg>
<arg>RE</arg>
<arg>RO</arg>
<arg>RS</arg>
<arg>RU</arg>
<arg>RW</arg>
<arg>SA</arg>
<arg>SB</arg>
<arg>SC</arg>
<arg>SD</arg>
<arg>SE</arg>
<arg>SG</arg>
<arg>SH</arg>
<arg>SI</arg>
<arg>SJ</arg>
<arg>SK</arg>
<arg>SL</arg>
<arg>SM</arg>
<arg>SN</arg>
<arg>SO</arg>
<arg>SR</arg>
<arg>SS</arg>
<arg>ST</arg>
<arg>SV</arg>
<arg>SX</arg>
<arg>SY</arg>
<arg>SZ</arg>
<arg>TC</arg>
<arg>TD</arg>
<arg>TF</arg>
<arg>TG</arg>
<arg>TH</arg>
<arg>TJ</arg>
<arg>TK</arg>
<arg>TL</arg>
<arg>TM</arg>
<arg>TN</arg>
<arg>TO</arg>
<arg>TR</arg>
<arg>TT</arg>
<arg>TV</arg>
<arg>TW</arg>
<arg>TZ</arg>
<arg>UA</arg>
<arg>UG</arg>
<arg>UM</arg>
<arg>US</arg>
<arg>UY</arg>
<arg>UZ</arg>
<arg>VA</arg>
<arg>VC</arg>
<arg>VE</arg>
<arg>VG</arg>
<arg>VI</arg>
<arg>VN</arg>
<arg>VU</arg>
<arg>WF</arg>
<arg>WS</arg>
<arg>XK</arg>
<arg>YE</arg>
<arg>YT</arg>
<arg>ZA</arg>
<arg>ZM</arg>
<arg>ZW</arg>
<doc>Returns a list containing given items.</doc>
<status status="PASS" start="2024-04-24T22:14:44.339821" elapsed="0.000973"/>
</kw>
<kw name="List Should Contain Value" owner="Collections">
<msg time="2024-04-24T22:14:44.341791" level="INFO">False</msg>
<arg>${list_country}</arg>
<arg>${name_country}</arg>
<doc>Fails if the ``value`` is not found from ``list``.</doc>
<status status="PASS" start="2024-04-24T22:14:44.341589" elapsed="0.000239"/>
</kw>
<kw name="Run Keyword If" owner="BuiltIn">
<kw name="Should Be True" owner="BuiltIn">
<arg>${True}</arg>
<doc>Fails if the given condition is not true.</doc>
<status status="PASS" start="2024-04-24T22:14:44.342880" elapsed="0.000142"/>
</kw>
<arg>${json_data["results"][0]["location"]["coordinates"]["latitude"]} &gt;= -90 and ${json_data["results"][0]["location"]["coordinates"]["latitude"]} &lt;= 90</arg>
<arg>Should Be True</arg>
<arg>${True}</arg>
<doc>Runs the given keyword with the given arguments, if ``condition`` is true.</doc>
<status status="PASS" start="2024-04-24T22:14:44.342135" elapsed="0.001013"/>
</kw>
<kw name="Run Keyword If" owner="BuiltIn">
<kw name="Should Be True" owner="BuiltIn">
<arg>${True}</arg>
<doc>Fails if the given condition is not true.</doc>
<status status="PASS" start="2024-04-24T22:14:44.344032" elapsed="0.000238"/>
</kw>
<arg>${json_data["results"][0]["location"]["coordinates"]["longitude"]} &gt;= -180 and ${json_data["results"][0]["location"]["coordinates"]["longitude"]} &lt;= 180</arg>
<arg>Should Be True</arg>
<arg>${True}</arg>
<doc>Runs the given keyword with the given arguments, if ``condition`` is true.</doc>
<status status="PASS" start="2024-04-24T22:14:44.343331" elapsed="0.001064"/>
</kw>
<status status="PASS" start="2024-04-24T22:14:44.232796" elapsed="0.111757"/>
</kw>
<doc>Testa o conteúdo específico dos campos retornados pela API.</doc>
<tag>testeConteudo</tag>
<status status="PASS" start="2024-04-24T22:14:44.232251" elapsed="0.112456"/>
</test>
<status status="PASS" start="2024-04-24T22:14:43.546919" elapsed="0.799674"/>
</suite>
<status status="PASS" start="2024-04-24T22:14:43.533553" elapsed="0.818174"/>
</suite>
<statistics>
<total>
<stat pass="5" fail="0" skip="0">All Tests</stat>
</total>
<tag>
<stat pass="1" fail="0" skip="0">testeConteudo</stat>
<stat pass="1" fail="0" skip="0">testeEstruturaResposta</stat>
<stat pass="1" fail="0" skip="0">testeRequisicaoBasica</stat>
<stat pass="1" fail="0" skip="0">testeTiposDados</stat>
</tag>
<suite>
<stat pass="5" fail="0" skip="0" id="s1" name="Tests">Tests</stat>
<stat pass="5" fail="0" skip="0" id="s1-s1" name="Random-User-Test">Tests.Random-User-Test</stat>
</suite>
</statistics>
<errors>
</errors>
</robot>
