<?xml version="1.0" encoding="UTF-8"?>
<robot generator="Robot 7.0.1 (Python 3.12.4 on linux)" generated="2024-07-03T13:17:40.441344" rpa="false" schemaversion="5">
<suite id="s1" name="Tests" source="/home/runner/work/ApiRandomUser/ApiRandomUser/RamdonUser/tests">
<suite id="s1-s1" name="Random-User-Test" source="/home/runner/work/ApiRandomUser/ApiRandomUser/RamdonUser/tests/random-user-test.robot">
<test id="s1-s1-t1" name="Conectar" line="13">
<kw name="Conectar API" owner="random-user-service">
<kw name="Create Session" owner="RequestsLibrary">
<msg time="2024-07-03T13:17:40.917156" level="INFO">Creating Session using : alias=consultarAPI, url=https://randomuser.me/, headers={},                     cookies={}, auth=None, timeout=None, proxies=None, verify=False,                     debug=0 </msg>
<arg>consultarAPI</arg>
<arg>${URL}</arg>
<doc>Create Session: create a HTTP session to a server</doc>
<status status="PASS" start="2024-07-03T13:17:40.916948" elapsed="0.000388"/>
</kw>
<status status="PASS" start="2024-07-03T13:17:40.915996" elapsed="0.001697"/>
</kw>
<status status="PASS" start="2024-07-03T13:17:40.915379" elapsed="0.002504"/>
</test>
<test id="s1-s1-t2" name="Validar retorno 200 e JSON Válido" line="16">
<kw name="Teste de Requisicao Basica" owner="random-user-service">
<kw name="GET On Session" owner="RequestsLibrary">
<msg time="2024-07-03T13:17:41.006642" level="INFO">GET Request : url=https://randomuser.me/api 
 path_url=/api 
 headers={'User-Agent': 'python-requests/2.32.3', 'Accept-Encoding': 'gzip, deflate', 'Accept': '*/*', 'Connection': 'keep-alive'} 
 body=None 
 </msg>
<msg time="2024-07-03T13:17:41.006749" level="INFO">GET Response : url=https://randomuser.me/api 
 status=200, reason=OK 
 headers={'Date': 'Wed, 03 Jul 2024 13:17:41 GMT', 'Content-Type': 'application/json; charset=utf-8', 'Transfer-Encoding': 'chunked', 'Connection': 'keep-alive', 'X-Powered-By': 'Express', 'Access-Control-Allow-Origin': '*', 'Cache-Control': 'no-cache', 'ETag': 'W/"46c-CiJHwVNl1KPj27oba+Yz6mCOJMg"', 'Vary': 'Accept-Encoding', 'Content-Encoding': 'gzip', 'CF-Cache-Status': 'DYNAMIC', 'Report-To': '{"endpoints":[{"url":"https:\\/\\/a.nel.cloudflare.com\\/report\\/v4?s=pY7dzLTXcbmUGvc90Y5ATuJ%2BHWJCHPPNydsMuYsiy%2Fas%2FgN06xEqiitFryGZAD7fiPWghsaXzzTJY3cEbbxTdl%2F4Qlghc95%2Bj8Uz6plSZkPtw2VELr0075dgp8Nu45yQ"}],"group":"cf-nel","max_age":604800}', 'NEL': '{"success_fraction":0,"report_to":"cf-nel","max_age":604800}', 'Server': 'cloudflare', 'CF-RAY': '89d7283afe775985-IAD', 'alt-svc': 'h3=":443"; ma=86400'} 
 body={"results":[{"gender":"male","name":{"title":"Mr","first":"Eren","last":"Uluhan"},"location":{"street":{"number":1678,"name":"Necatibey Cd"},"city":"Ankara","state":"Kocaeli","country":"Turkey","postcode":50183,"coordinates":{"latitude":"69.8280","longitude":"-114.2397"},"timezone":{"offset":"-11:00","description":"Midway Island, Samoa"}},"email":"eren.uluhan@example.com","login":{"uuid":"5d028187-c982-4399-b624-e8e316371e14","username":"blackfish939","password":"gordon","salt":"WLHhpMLR","md5":"fc14cdfa84194e72ccf38474fb260d54","sha1":"e37bf1591bc04b8e5c7ba56645d1714d3086c351","sha256":"14187bd0115eae3c3353485335d2ab2c0fd891bef69a2a0b36acb8377f7ae5c1"},"dob":{"date":"1975-02-02T23:25:35.737Z","age":49},"registered":{"date":"2020-04-13T15:55:58.758Z","age":4},"phone":"(142)-409-1288","cell":"(739)-139-2982","id":{"name":"","value":null},"picture":{"large":"https://randomuser.me/api/portraits/men/19.jpg","medium":"https://randomuser.me/api/portraits/med/men/19.jpg","thumbnail":"https://randomuser.me/api/portraits/thumb/men/19.jpg"},"nat":"TR"}],"info":{"seed":"64cd841e32d63ae6","results":1,"page":1,"version":"1.4"}} 
 </msg>
<msg time="2024-07-03T13:17:41.006823" level="INFO">/opt/hostedtoolcache/Python/3.12.4/x64/lib/python3.12/site-packages/urllib3/connectionpool.py:1099: InsecureRequestWarning: Unverified HTTPS request is being made to host 'randomuser.me'. Adding certificate verification is strongly advised. See: https://urllib3.readthedocs.io/en/latest/advanced-usage.html#tls-warnings
  warnings.warn(</msg>
<msg time="2024-07-03T13:17:41.006952" level="INFO">${response} = &lt;Response [200]&gt;</msg>
<var>${response}</var>
<arg>consultarAPI</arg>
<arg>/api</arg>
<doc>Sends a GET request on a previously created HTTP Session.</doc>
<status status="PASS" start="2024-07-03T13:17:40.920635" elapsed="0.086364"/>
</kw>
<kw name="Should Be Equal As Numbers" owner="BuiltIn">
<msg time="2024-07-03T13:17:41.007792" level="INFO">Argument types are:
&lt;class 'int'&gt;
&lt;class 'str'&gt;</msg>
<arg>${response.status_code}</arg>
<arg>200</arg>
<doc>Fails if objects are unequal after converting them to real numbers.</doc>
<status status="PASS" start="2024-07-03T13:17:41.007379" elapsed="0.000483"/>
</kw>
<kw name="Log" owner="BuiltIn">
<msg time="2024-07-03T13:17:41.008534" level="INFO">200</msg>
<arg>${response.status_code}</arg>
<doc>Logs the given message with the given level.</doc>
<status status="PASS" start="2024-07-03T13:17:41.008179" elapsed="0.000396"/>
</kw>
<kw name="Set Variable" owner="BuiltIn">
<msg time="2024-07-03T13:17:41.009314" level="INFO">${json_data} = {'results': [{'gender': 'male', 'name': {'title': 'Mr', 'first': 'Eren', 'last': 'Uluhan'}, 'location': {'street': {'number': 1678, 'name': 'Necatibey Cd'}, 'city': 'Ankara', 'state': 'Kocaeli', 'coun...</msg>
<var>${json_data}</var>
<arg>${response.json()}</arg>
<doc>Returns the given values which can then be assigned to a variables.</doc>
<status status="PASS" start="2024-07-03T13:17:41.008875" elapsed="0.000467"/>
</kw>
<kw name="Dictionary Should Contain Key" owner="Collections">
<arg>${json_data}</arg>
<arg>results</arg>
<doc>Fails if ``key`` is not found from ``dictionary``.</doc>
<status status="PASS" start="2024-07-03T13:17:41.009636" elapsed="0.000173"/>
</kw>
<status status="PASS" start="2024-07-03T13:17:40.920387" elapsed="0.089563"/>
</kw>
<doc>Testa se a API responde corretamente e retorna um objeto JSON válido.</doc>
<tag>testeRequisicaoBasica</tag>
<status status="PASS" start="2024-07-03T13:17:40.919804" elapsed="0.090302"/>
</test>
<test id="s1-s1-t3" name="Validar estrutura de resposta" line="22">
<kw name="Teste de Estrutura de Resposta" owner="random-user-service">
<kw name="GET On Session" owner="RequestsLibrary">
<msg time="2024-07-03T13:17:41.148400" level="INFO">GET Request : url=https://randomuser.me/api 
 path_url=/api 
 headers={'User-Agent': 'python-requests/2.32.3', 'Accept-Encoding': 'gzip, deflate', 'Accept': '*/*', 'Connection': 'keep-alive'} 
 body=None 
 </msg>
<msg time="2024-07-03T13:17:41.148491" level="INFO">GET Response : url=https://randomuser.me/api 
 status=200, reason=OK 
 headers={'Date': 'Wed, 03 Jul 2024 13:17:41 GMT', 'Content-Type': 'application/json; charset=utf-8', 'Transfer-Encoding': 'chunked', 'Connection': 'keep-alive', 'X-Powered-By': 'Express', 'Access-Control-Allow-Origin': '*', 'Cache-Control': 'no-cache', 'ETag': 'W/"4ad-FQNw6GxfOArvr6sCgJ8RYQCHE04"', 'Vary': 'Accept-Encoding', 'Content-Encoding': 'gzip', 'CF-Cache-Status': 'DYNAMIC', 'Report-To': '{"endpoints":[{"url":"https:\\/\\/a.nel.cloudflare.com\\/report\\/v4?s=%2FxTtz16OSDBBB1BiVzMazekEyrUTBDWQbvilP9rRREy6PeYXBhbGbz10aMN0lKv97%2BKmnn1Vyqyt%2FFYgO1ONtGYYddDHvPD6c8j7jpge6V3i3GMPFE8OpdeonNT%2Fv7Rn"}],"group":"cf-nel","max_age":604800}', 'NEL': '{"success_fraction":0,"report_to":"cf-nel","max_age":604800}', 'Server': 'cloudflare', 'CF-RAY': '89d7283b5ed65985-IAD', 'alt-svc': 'h3=":443"; ma=86400'} 
 body={"results":[{"gender":"male","name":{"title":"Mr","first":"Orlando","last":"Camarillo"},"location":{"street":{"number":5436,"name":"Continuación Norte Raya"},"city":"Lagos de Moreno","state":"Campeche","country":"Mexico","postcode":72001,"coordinates":{"latitude":"28.5032","longitude":"-73.3067"},"timezone":{"offset":"+1:00","description":"Brussels, Copenhagen, Madrid, Paris"}},"email":"orlando.camarillo@example.com","login":{"uuid":"c278771b-9873-4b29-a64d-2b2a35c8ceef","username":"crazysnake219","password":"henry1","salt":"LIDmRlJ3","md5":"a49ac41ddb4c909ca5d146436c22eff3","sha1":"12debd0f73a99c1e0f6a52370556b77436a04f3c","sha256":"a1dbcbd982c7030130e996e6f759e8d0b854cb341cde3b4b850c8532bb30cc0d"},"dob":{"date":"1985-11-24T06:11:00.035Z","age":38},"registered":{"date":"2004-10-31T19:19:24.333Z","age":19},"phone":"(613) 758 8897","cell":"(607) 334 1711","id":{"name":"NSS","value":"99 73 63 1932 8"},"picture":{"large":"https://randomuser.me/api/portraits/men/63.jpg","medium":"https://randomuser.me/api/portraits/med/men/63.jpg","thumbnail":"https://randomuser.me/api/portraits/thumb/men/63.jpg"},"nat":"MX"}],"info":{"seed":"2027172359d44883","results":1,"page":1,"version":"1.4"}} 
 </msg>
<msg time="2024-07-03T13:17:41.148621" level="INFO">/opt/hostedtoolcache/Python/3.12.4/x64/lib/python3.12/site-packages/urllib3/connectionpool.py:1099: InsecureRequestWarning: Unverified HTTPS request is being made to host 'randomuser.me'. Adding certificate verification is strongly advised. See: https://urllib3.readthedocs.io/en/latest/advanced-usage.html#tls-warnings
  warnings.warn(</msg>
<msg time="2024-07-03T13:17:41.148763" level="INFO">${response} = &lt;Response [200]&gt;</msg>
<var>${response}</var>
<arg>consultarAPI</arg>
<arg>/api</arg>
<doc>Sends a GET request on a previously created HTTP Session.</doc>
<status status="PASS" start="2024-07-03T13:17:41.012775" elapsed="0.136033"/>
</kw>
<kw name="Set Variable" owner="BuiltIn">
<msg time="2024-07-03T13:17:41.149893" level="INFO">${json_data} = {'results': [{'gender': 'male', 'name': {'title': 'Mr', 'first': 'Orlando', 'last': 'Camarillo'}, 'location': {'street': {'number': 5436, 'name': 'Continuación Norte Raya'}, 'city': 'Lagos de Moreno',...</msg>
<var>${json_data}</var>
<arg>${response.json()}</arg>
<doc>Returns the given values which can then be assigned to a variables.</doc>
<status status="PASS" start="2024-07-03T13:17:41.149344" elapsed="0.000580"/>
</kw>
<kw name="Log" owner="BuiltIn">
<msg time="2024-07-03T13:17:41.150429" level="INFO">{'results': [{'gender': 'male', 'name': {'title': 'Mr', 'first': 'Orlando', 'last': 'Camarillo'}, 'location': {'street': {'number': 5436, 'name': 'Continuación Norte Raya'}, 'city': 'Lagos de Moreno', 'state': 'Campeche', 'country': 'Mexico', 'postcode': 72001, 'coordinates': {'latitude': '28.5032', 'longitude': '-73.3067'}, 'timezone': {'offset': '+1:00', 'description': 'Brussels, Copenhagen, Madrid, Paris'}}, 'email': 'orlando.camarillo@example.com', 'login': {'uuid': 'c278771b-9873-4b29-a64d-2b2a35c8ceef', 'username': 'crazysnake219', 'password': 'henry1', 'salt': 'LIDmRlJ3', 'md5': 'a49ac41ddb4c909ca5d146436c22eff3', 'sha1': '12debd0f73a99c1e0f6a52370556b77436a04f3c', 'sha256': 'a1dbcbd982c7030130e996e6f759e8d0b854cb341cde3b4b850c8532bb30cc0d'}, 'dob': {'date': '1985-11-24T06:11:00.035Z', 'age': 38}, 'registered': {'date': '2004-10-31T19:19:24.333Z', 'age': 19}, 'phone': '(613) 758 8897', 'cell': '(607) 334 1711', 'id': {'name': 'NSS', 'value': '99 73 63 1932 8'}, 'picture': {'large': 'https://randomuser.me/api/portraits/men/63.jpg', 'medium': 'https://randomuser.me/api/portraits/med/men/63.jpg', 'thumbnail': 'https://randomuser.me/api/portraits/thumb/men/63.jpg'}, 'nat': 'MX'}], 'info': {'seed': '2027172359d44883', 'results': 1, 'page': 1, 'version': '1.4'}}</msg>
<arg>${json_data}</arg>
<doc>Logs the given message with the given level.</doc>
<status status="PASS" start="2024-07-03T13:17:41.150256" elapsed="0.000225"/>
</kw>
<kw name="Dictionary Should Contain Key" owner="Collections">
<arg>${json_data}</arg>
<arg>results</arg>
<doc>Fails if ``key`` is not found from ``dictionary``.</doc>
<status status="PASS" start="2024-07-03T13:17:41.150854" elapsed="0.000174"/>
</kw>
<kw name="Should Not Be Empty" owner="BuiltIn">
<msg time="2024-07-03T13:17:41.151350" level="INFO">Length is 2.</msg>
<arg>${json_data}</arg>
<doc>Verifies that the given item is not empty.</doc>
<status status="PASS" start="2024-07-03T13:17:41.151220" elapsed="0.000169"/>
</kw>
<kw name="Create List" owner="BuiltIn">
<msg time="2024-07-03T13:17:41.151855" level="INFO">${expected_keys} = ['gender', 'name', 'location', 'email', 'login']</msg>
<var>${expected_keys}</var>
<arg>gender</arg>
<arg>name</arg>
<arg>location</arg>
<arg>email</arg>
<arg>login</arg>
<doc>Returns a list containing given items.</doc>
<status status="PASS" start="2024-07-03T13:17:41.151702" elapsed="0.000177"/>
</kw>
<for flavor="IN">
<iter>
<kw name="Dictionary Should Contain Key" owner="Collections">
<arg>${json_data['results'][0]}</arg>
<arg>${key}</arg>
<doc>Fails if ``key`` is not found from ``dictionary``.</doc>
<status status="PASS" start="2024-07-03T13:17:41.152627" elapsed="0.000418"/>
</kw>
<kw name="Log" owner="BuiltIn">
<msg time="2024-07-03T13:17:41.153613" level="INFO">{'gender': 'male', 'name': {'title': 'Mr', 'first': 'Orlando', 'last': 'Camarillo'}, 'location': {'street': {'number': 5436, 'name': 'Continuación Norte Raya'}, 'city': 'Lagos de Moreno', 'state': 'Campeche', 'country': 'Mexico', 'postcode': 72001, 'coordinates': {'latitude': '28.5032', 'longitude': '-73.3067'}, 'timezone': {'offset': '+1:00', 'description': 'Brussels, Copenhagen, Madrid, Paris'}}, 'email': 'orlando.camarillo@example.com', 'login': {'uuid': 'c278771b-9873-4b29-a64d-2b2a35c8ceef', 'username': 'crazysnake219', 'password': 'henry1', 'salt': 'LIDmRlJ3', 'md5': 'a49ac41ddb4c909ca5d146436c22eff3', 'sha1': '12debd0f73a99c1e0f6a52370556b77436a04f3c', 'sha256': 'a1dbcbd982c7030130e996e6f759e8d0b854cb341cde3b4b850c8532bb30cc0d'}, 'dob': {'date': '1985-11-24T06:11:00.035Z', 'age': 38}, 'registered': {'date': '2004-10-31T19:19:24.333Z', 'age': 19}, 'phone': '(613) 758 8897', 'cell': '(607) 334 1711', 'id': {'name': 'NSS', 'value': '99 73 63 1932 8'}, 'picture': {'large': 'https://randomuser.me/api/portraits/men/63.jpg', 'medium': 'https://randomuser.me/api/portraits/med/men/63.jpg', 'thumbnail': 'https://randomuser.me/api/portraits/thumb/men/63.jpg'}, 'nat': 'MX'}</msg>
<arg>${json_data['results'][0]}</arg>
<doc>Logs the given message with the given level.</doc>
<status status="PASS" start="2024-07-03T13:17:41.153240" elapsed="0.000426"/>
</kw>
<kw name="Log" owner="BuiltIn">
<msg time="2024-07-03T13:17:41.154101" level="INFO">gender</msg>
<arg>${key}</arg>
<doc>Logs the given message with the given level.</doc>
<status status="PASS" start="2024-07-03T13:17:41.153970" elapsed="0.000170"/>
</kw>
<var name="${key}">gender</var>
<status status="PASS" start="2024-07-03T13:17:41.152500" elapsed="0.001860"/>
</iter>
<iter>
<kw name="Dictionary Should Contain Key" owner="Collections">
<arg>${json_data['results'][0]}</arg>
<arg>${key}</arg>
<doc>Fails if ``key`` is not found from ``dictionary``.</doc>
<status status="PASS" start="2024-07-03T13:17:41.154693" elapsed="0.000405"/>
</kw>
<kw name="Log" owner="BuiltIn">
<msg time="2024-07-03T13:17:41.155692" level="INFO">{'gender': 'male', 'name': {'title': 'Mr', 'first': 'Orlando', 'last': 'Camarillo'}, 'location': {'street': {'number': 5436, 'name': 'Continuación Norte Raya'}, 'city': 'Lagos de Moreno', 'state': 'Campeche', 'country': 'Mexico', 'postcode': 72001, 'coordinates': {'latitude': '28.5032', 'longitude': '-73.3067'}, 'timezone': {'offset': '+1:00', 'description': 'Brussels, Copenhagen, Madrid, Paris'}}, 'email': 'orlando.camarillo@example.com', 'login': {'uuid': 'c278771b-9873-4b29-a64d-2b2a35c8ceef', 'username': 'crazysnake219', 'password': 'henry1', 'salt': 'LIDmRlJ3', 'md5': 'a49ac41ddb4c909ca5d146436c22eff3', 'sha1': '12debd0f73a99c1e0f6a52370556b77436a04f3c', 'sha256': 'a1dbcbd982c7030130e996e6f759e8d0b854cb341cde3b4b850c8532bb30cc0d'}, 'dob': {'date': '1985-11-24T06:11:00.035Z', 'age': 38}, 'registered': {'date': '2004-10-31T19:19:24.333Z', 'age': 19}, 'phone': '(613) 758 8897', 'cell': '(607) 334 1711', 'id': {'name': 'NSS', 'value': '99 73 63 1932 8'}, 'picture': {'large': 'https://randomuser.me/api/portraits/men/63.jpg', 'medium': 'https://randomuser.me/api/portraits/med/men/63.jpg', 'thumbnail': 'https://randomuser.me/api/portraits/thumb/men/63.jpg'}, 'nat': 'MX'}</msg>
<arg>${json_data['results'][0]}</arg>
<doc>Logs the given message with the given level.</doc>
<status status="PASS" start="2024-07-03T13:17:41.155321" elapsed="0.000422"/>
</kw>
<kw name="Log" owner="BuiltIn">
<msg time="2024-07-03T13:17:41.156176" level="INFO">name</msg>
<arg>${key}</arg>
<doc>Logs the given message with the given level.</doc>
<status status="PASS" start="2024-07-03T13:17:41.156046" elapsed="0.000168"/>
</kw>
<var name="${key}">name</var>
<status status="PASS" start="2024-07-03T13:17:41.154552" elapsed="0.001880"/>
</iter>
<iter>
<kw name="Dictionary Should Contain Key" owner="Collections">
<arg>${json_data['results'][0]}</arg>
<arg>${key}</arg>
<doc>Fails if ``key`` is not found from ``dictionary``.</doc>
<status status="PASS" start="2024-07-03T13:17:41.156723" elapsed="0.000384"/>
</kw>
<kw name="Log" owner="BuiltIn">
<msg time="2024-07-03T13:17:41.157646" level="INFO">{'gender': 'male', 'name': {'title': 'Mr', 'first': 'Orlando', 'last': 'Camarillo'}, 'location': {'street': {'number': 5436, 'name': 'Continuación Norte Raya'}, 'city': 'Lagos de Moreno', 'state': 'Campeche', 'country': 'Mexico', 'postcode': 72001, 'coordinates': {'latitude': '28.5032', 'longitude': '-73.3067'}, 'timezone': {'offset': '+1:00', 'description': 'Brussels, Copenhagen, Madrid, Paris'}}, 'email': 'orlando.camarillo@example.com', 'login': {'uuid': 'c278771b-9873-4b29-a64d-2b2a35c8ceef', 'username': 'crazysnake219', 'password': 'henry1', 'salt': 'LIDmRlJ3', 'md5': 'a49ac41ddb4c909ca5d146436c22eff3', 'sha1': '12debd0f73a99c1e0f6a52370556b77436a04f3c', 'sha256': 'a1dbcbd982c7030130e996e6f759e8d0b854cb341cde3b4b850c8532bb30cc0d'}, 'dob': {'date': '1985-11-24T06:11:00.035Z', 'age': 38}, 'registered': {'date': '2004-10-31T19:19:24.333Z', 'age': 19}, 'phone': '(613) 758 8897', 'cell': '(607) 334 1711', 'id': {'name': 'NSS', 'value': '99 73 63 1932 8'}, 'picture': {'large': 'https://randomuser.me/api/portraits/men/63.jpg', 'medium': 'https://randomuser.me/api/portraits/med/men/63.jpg', 'thumbnail': 'https://randomuser.me/api/portraits/thumb/men/63.jpg'}, 'nat': 'MX'}</msg>
<arg>${json_data['results'][0]}</arg>
<doc>Logs the given message with the given level.</doc>
<status status="PASS" start="2024-07-03T13:17:41.157292" elapsed="0.000402"/>
</kw>
<kw name="Log" owner="BuiltIn">
<msg time="2024-07-03T13:17:41.158127" level="INFO">location</msg>
<arg>${key}</arg>
<doc>Logs the given message with the given level.</doc>
<status status="PASS" start="2024-07-03T13:17:41.157997" elapsed="0.000168"/>
</kw>
<var name="${key}">location</var>
<status status="PASS" start="2024-07-03T13:17:41.156613" elapsed="0.001769"/>
</iter>
<iter>
<kw name="Dictionary Should Contain Key" owner="Collections">
<arg>${json_data['results'][0]}</arg>
<arg>${key}</arg>
<doc>Fails if ``key`` is not found from ``dictionary``.</doc>
<status status="PASS" start="2024-07-03T13:17:41.158702" elapsed="0.000399"/>
</kw>
<kw name="Log" owner="BuiltIn">
<msg time="2024-07-03T13:17:41.159641" level="INFO">{'gender': 'male', 'name': {'title': 'Mr', 'first': 'Orlando', 'last': 'Camarillo'}, 'location': {'street': {'number': 5436, 'name': 'Continuación Norte Raya'}, 'city': 'Lagos de Moreno', 'state': 'Campeche', 'country': 'Mexico', 'postcode': 72001, 'coordinates': {'latitude': '28.5032', 'longitude': '-73.3067'}, 'timezone': {'offset': '+1:00', 'description': 'Brussels, Copenhagen, Madrid, Paris'}}, 'email': 'orlando.camarillo@example.com', 'login': {'uuid': 'c278771b-9873-4b29-a64d-2b2a35c8ceef', 'username': 'crazysnake219', 'password': 'henry1', 'salt': 'LIDmRlJ3', 'md5': 'a49ac41ddb4c909ca5d146436c22eff3', 'sha1': '12debd0f73a99c1e0f6a52370556b77436a04f3c', 'sha256': 'a1dbcbd982c7030130e996e6f759e8d0b854cb341cde3b4b850c8532bb30cc0d'}, 'dob': {'date': '1985-11-24T06:11:00.035Z', 'age': 38}, 'registered': {'date': '2004-10-31T19:19:24.333Z', 'age': 19}, 'phone': '(613) 758 8897', 'cell': '(607) 334 1711', 'id': {'name': 'NSS', 'value': '99 73 63 1932 8'}, 'picture': {'large': 'https://randomuser.me/api/portraits/men/63.jpg', 'medium': 'https://randomuser.me/api/portraits/med/men/63.jpg', 'thumbnail': 'https://randomuser.me/api/portraits/thumb/men/63.jpg'}, 'nat': 'MX'}</msg>
<arg>${json_data['results'][0]}</arg>
<doc>Logs the given message with the given level.</doc>
<status status="PASS" start="2024-07-03T13:17:41.159286" elapsed="0.000404"/>
</kw>
<kw name="Log" owner="BuiltIn">
<msg time="2024-07-03T13:17:41.160112" level="INFO">email</msg>
<arg>${key}</arg>
<doc>Logs the given message with the given level.</doc>
<status status="PASS" start="2024-07-03T13:17:41.159985" elapsed="0.000165"/>
</kw>
<var name="${key}">email</var>
<status status="PASS" start="2024-07-03T13:17:41.158555" elapsed="0.001812"/>
</iter>
<iter>
<kw name="Dictionary Should Contain Key" owner="Collections">
<arg>${json_data['results'][0]}</arg>
<arg>${key}</arg>
<doc>Fails if ``key`` is not found from ``dictionary``.</doc>
<status status="PASS" start="2024-07-03T13:17:41.160651" elapsed="0.000390"/>
</kw>
<kw name="Log" owner="BuiltIn">
<msg time="2024-07-03T13:17:41.161579" level="INFO">{'gender': 'male', 'name': {'title': 'Mr', 'first': 'Orlando', 'last': 'Camarillo'}, 'location': {'street': {'number': 5436, 'name': 'Continuación Norte Raya'}, 'city': 'Lagos de Moreno', 'state': 'Campeche', 'country': 'Mexico', 'postcode': 72001, 'coordinates': {'latitude': '28.5032', 'longitude': '-73.3067'}, 'timezone': {'offset': '+1:00', 'description': 'Brussels, Copenhagen, Madrid, Paris'}}, 'email': 'orlando.camarillo@example.com', 'login': {'uuid': 'c278771b-9873-4b29-a64d-2b2a35c8ceef', 'username': 'crazysnake219', 'password': 'henry1', 'salt': 'LIDmRlJ3', 'md5': 'a49ac41ddb4c909ca5d146436c22eff3', 'sha1': '12debd0f73a99c1e0f6a52370556b77436a04f3c', 'sha256': 'a1dbcbd982c7030130e996e6f759e8d0b854cb341cde3b4b850c8532bb30cc0d'}, 'dob': {'date': '1985-11-24T06:11:00.035Z', 'age': 38}, 'registered': {'date': '2004-10-31T19:19:24.333Z', 'age': 19}, 'phone': '(613) 758 8897', 'cell': '(607) 334 1711', 'id': {'name': 'NSS', 'value': '99 73 63 1932 8'}, 'picture': {'large': 'https://randomuser.me/api/portraits/men/63.jpg', 'medium': 'https://randomuser.me/api/portraits/med/men/63.jpg', 'thumbnail': 'https://randomuser.me/api/portraits/thumb/men/63.jpg'}, 'nat': 'MX'}</msg>
<arg>${json_data['results'][0]}</arg>
<doc>Logs the given message with the given level.</doc>
<status status="PASS" start="2024-07-03T13:17:41.161222" elapsed="0.000408"/>
</kw>
<kw name="Log" owner="BuiltIn">
<msg time="2024-07-03T13:17:41.162059" level="INFO">login</msg>
<arg>${key}</arg>
<doc>Logs the given message with the given level.</doc>
<status status="PASS" start="2024-07-03T13:17:41.161930" elapsed="0.000166"/>
</kw>
<var name="${key}">login</var>
<status status="PASS" start="2024-07-03T13:17:41.160538" elapsed="0.001778"/>
</iter>
<var>${key}</var>
<value>@{expected_keys}</value>
<status status="PASS" start="2024-07-03T13:17:41.152303" elapsed="0.010163"/>
</for>
<kw name="Create List" owner="BuiltIn">
<msg time="2024-07-03T13:17:41.162823" level="INFO">${expected_keysTwo} = ['username', 'password']</msg>
<var>${expected_keysTwo}</var>
<arg>username</arg>
<arg>password</arg>
<doc>Returns a list containing given items.</doc>
<status status="PASS" start="2024-07-03T13:17:41.162685" elapsed="0.000163"/>
</kw>
<for flavor="IN">
<iter>
<kw name="Dictionary Should Contain Key" owner="Collections">
<arg>${json_data['results'][0]['login']}</arg>
<arg>${keyTwo}</arg>
<doc>Fails if ``key`` is not found from ``dictionary``.</doc>
<status status="PASS" start="2024-07-03T13:17:41.163345" elapsed="0.000390"/>
</kw>
<kw name="Dictionary Should Contain Key" owner="Collections">
<arg>${json_data['results'][0]['login']}</arg>
<arg>${keyTwo}</arg>
<doc>Fails if ``key`` is not found from ``dictionary``.</doc>
<status status="PASS" start="2024-07-03T13:17:41.163917" elapsed="0.000374"/>
</kw>
<kw name="Log" owner="BuiltIn">
<msg time="2024-07-03T13:17:41.164598" level="INFO">username</msg>
<arg>${keyTwo}</arg>
<doc>Logs the given message with the given level.</doc>
<status status="PASS" start="2024-07-03T13:17:41.164473" elapsed="0.000164"/>
</kw>
<var name="${keyTwo}">username</var>
<status status="PASS" start="2024-07-03T13:17:41.163238" elapsed="0.001624"/>
</iter>
<iter>
<kw name="Dictionary Should Contain Key" owner="Collections">
<arg>${json_data['results'][0]['login']}</arg>
<arg>${keyTwo}</arg>
<doc>Fails if ``key`` is not found from ``dictionary``.</doc>
<status status="PASS" start="2024-07-03T13:17:41.165146" elapsed="0.000390"/>
</kw>
<kw name="Dictionary Should Contain Key" owner="Collections">
<arg>${json_data['results'][0]['login']}</arg>
<arg>${keyTwo}</arg>
<doc>Fails if ``key`` is not found from ``dictionary``.</doc>
<status status="PASS" start="2024-07-03T13:17:41.165714" elapsed="0.000369"/>
</kw>
<kw name="Log" owner="BuiltIn">
<msg time="2024-07-03T13:17:41.166397" level="INFO">password</msg>
<arg>${keyTwo}</arg>
<doc>Logs the given message with the given level.</doc>
<status status="PASS" start="2024-07-03T13:17:41.166261" elapsed="0.000178"/>
</kw>
<var name="${keyTwo}">password</var>
<status status="PASS" start="2024-07-03T13:17:41.165036" elapsed="0.001655"/>
</iter>
<var>${keyTwo}</var>
<value>@{expected_keysTwo}</value>
<status status="PASS" start="2024-07-03T13:17:41.163086" elapsed="0.003731"/>
</for>
<status status="PASS" start="2024-07-03T13:17:41.012546" elapsed="0.154414"/>
</kw>
<doc>Testa a estrutura da resposta da API.</doc>
<tag>testeEstruturaResposta</tag>
<status status="PASS" start="2024-07-03T13:17:41.011961" elapsed="0.155156"/>
</test>
<test id="s1-s1-t4" name="Validar tipos de dados" line="28">
<kw name="Teste de Tipos de Dados" owner="random-user-service">
<kw name="GET On Session" owner="RequestsLibrary">
<msg time="2024-07-03T13:17:41.234655" level="INFO">GET Request : url=https://randomuser.me/api 
 path_url=/api 
 headers={'User-Agent': 'python-requests/2.32.3', 'Accept-Encoding': 'gzip, deflate', 'Accept': '*/*', 'Connection': 'keep-alive'} 
 body=None 
 </msg>
<msg time="2024-07-03T13:17:41.234735" level="INFO">GET Response : url=https://randomuser.me/api 
 status=200, reason=OK 
 headers={'Date': 'Wed, 03 Jul 2024 13:17:41 GMT', 'Content-Type': 'application/json; charset=utf-8', 'Transfer-Encoding': 'chunked', 'Connection': 'keep-alive', 'X-Powered-By': 'Express', 'Access-Control-Allow-Origin': '*', 'Cache-Control': 'no-cache', 'ETag': 'W/"49c-SSbpwkcXUmdIWQUNwnaLpZTpv7o"', 'Vary': 'Accept-Encoding', 'Content-Encoding': 'gzip', 'CF-Cache-Status': 'DYNAMIC', 'Report-To': '{"endpoints":[{"url":"https:\\/\\/a.nel.cloudflare.com\\/report\\/v4?s=fqK0lpIRr5TZ2eLXnPlUK%2F4Gl%2ByEy9V%2BQr47FFy2qYcNMch1P2yP7Dh%2Fw8oqf94oY5nZVEIG1HmjpI99rQTkwrzzf3eqzIjO11BvINZHqTto1J%2FAr3dDmmyVdtUV6hGf"}],"group":"cf-nel","max_age":604800}', 'NEL': '{"success_fraction":0,"report_to":"cf-nel","max_age":604800}', 'Server': 'cloudflare', 'CF-RAY': '89d7283c5fe75985-IAD', 'alt-svc': 'h3=":443"; ma=86400'} 
 body={"results":[{"gender":"female","name":{"title":"Mrs","first":"Sophie","last":"Wright"},"location":{"street":{"number":8298,"name":"Victoria Avenue"},"city":"Christchurch","state":"Northland","country":"New Zealand","postcode":28322,"coordinates":{"latitude":"48.3826","longitude":"101.5522"},"timezone":{"offset":"+11:00","description":"Magadan, Solomon Islands, New Caledonia"}},"email":"sophie.wright@example.com","login":{"uuid":"ef6fde18-342c-43d9-9f21-6a294aefcfbf","username":"biggorilla707","password":"billie","salt":"piUn3KJ9","md5":"33ae8eb2bff738774ceed8388337495a","sha1":"d9190433d3c60df387ae8b08eb21735fc91bd5c4","sha256":"ca5c1b5b2ac0dcb3db3c633883eb45a2195365f473be3e1582763dae7b545d7d"},"dob":{"date":"1954-04-26T17:22:30.108Z","age":70},"registered":{"date":"2014-07-08T10:33:07.535Z","age":9},"phone":"(699)-897-9407","cell":"(986)-107-7730","id":{"name":"","value":null},"picture":{"large":"https://randomuser.me/api/portraits/women/28.jpg","medium":"https://randomuser.me/api/portraits/med/women/28.jpg","thumbnail":"https://randomuser.me/api/portraits/thumb/women/28.jpg"},"nat":"NZ"}],"info":{"seed":"f81bdc0812c7bc50","results":1,"page":1,"version":"1.4"}} 
 </msg>
<msg time="2024-07-03T13:17:41.234813" level="INFO">/opt/hostedtoolcache/Python/3.12.4/x64/lib/python3.12/site-packages/urllib3/connectionpool.py:1099: InsecureRequestWarning: Unverified HTTPS request is being made to host 'randomuser.me'. Adding certificate verification is strongly advised. See: https://urllib3.readthedocs.io/en/latest/advanced-usage.html#tls-warnings
  warnings.warn(</msg>
<msg time="2024-07-03T13:17:41.234917" level="INFO">${response} = &lt;Response [200]&gt;</msg>
<var>${response}</var>
<arg>consultarAPI</arg>
<arg>/api</arg>
<doc>Sends a GET request on a previously created HTTP Session.</doc>
<status status="PASS" start="2024-07-03T13:17:41.169792" elapsed="0.065171"/>
</kw>
<kw name="Set Variable" owner="BuiltIn">
<msg time="2024-07-03T13:17:41.236160" level="INFO">${json_data} = {'results': [{'gender': 'female', 'name': {'title': 'Mrs', 'first': 'Sophie', 'last': 'Wright'}, 'location': {'street': {'number': 8298, 'name': 'Victoria Avenue'}, 'city': 'Christchurch', 'state': 'N...</msg>
<var>${json_data}</var>
<arg>${response.json()}</arg>
<doc>Returns the given values which can then be assigned to a variables.</doc>
<status status="PASS" start="2024-07-03T13:17:41.235478" elapsed="0.000711"/>
</kw>
<kw name="Log" owner="BuiltIn">
<msg time="2024-07-03T13:17:41.236664" level="INFO">{'results': [{'gender': 'female', 'name': {'title': 'Mrs', 'first': 'Sophie', 'last': 'Wright'}, 'location': {'street': {'number': 8298, 'name': 'Victoria Avenue'}, 'city': 'Christchurch', 'state': 'Northland', 'country': 'New Zealand', 'postcode': 28322, 'coordinates': {'latitude': '48.3826', 'longitude': '101.5522'}, 'timezone': {'offset': '+11:00', 'description': 'Magadan, Solomon Islands, New Caledonia'}}, 'email': 'sophie.wright@example.com', 'login': {'uuid': 'ef6fde18-342c-43d9-9f21-6a294aefcfbf', 'username': 'biggorilla707', 'password': 'billie', 'salt': 'piUn3KJ9', 'md5': '33ae8eb2bff738774ceed8388337495a', 'sha1': 'd9190433d3c60df387ae8b08eb21735fc91bd5c4', 'sha256': 'ca5c1b5b2ac0dcb3db3c633883eb45a2195365f473be3e1582763dae7b545d7d'}, 'dob': {'date': '1954-04-26T17:22:30.108Z', 'age': 70}, 'registered': {'date': '2014-07-08T10:33:07.535Z', 'age': 9}, 'phone': '(699)-897-9407', 'cell': '(986)-107-7730', 'id': {'name': '', 'value': None}, 'picture': {'large': 'https://randomuser.me/api/portraits/women/28.jpg', 'medium': 'https://randomuser.me/api/portraits/med/women/28.jpg', 'thumbnail': 'https://randomuser.me/api/portraits/thumb/women/28.jpg'}, 'nat': 'NZ'}], 'info': {'seed': 'f81bdc0812c7bc50', 'results': 1, 'page': 1, 'version': '1.4'}}</msg>
<arg>${json_data}</arg>
<doc>Logs the given message with the given level.</doc>
<status status="PASS" start="2024-07-03T13:17:41.236506" elapsed="0.000207"/>
</kw>
<kw name="Should Be String" owner="String">
<arg>${json_data['results'][0]['gender']}</arg>
<doc>Fails if the given ``item`` is not a string.</doc>
<status status="PASS" start="2024-07-03T13:17:41.237031" elapsed="0.000368"/>
</kw>
<kw name="Should Match Regexp" owner="BuiltIn">
<arg>${json_data['results'][0]['email']}</arg>
<arg>^[a-zA-Z0-9._%+-]+@[a-zA-Z0-9.-]+\.[a-zA-Z]{2,}$</arg>
<doc>Fails if ``string`` does not match ``pattern`` as a regular expression.</doc>
<status status="PASS" start="2024-07-03T13:17:41.237591" elapsed="0.000525"/>
</kw>
<kw name="Should Match Regexp" owner="BuiltIn">
<arg>${json_data['results'][0]['dob']['date']}</arg>
<arg>\\d{4}-\\d{2}-\\d{2}T\\d{2}:\\d{2}:\\d{2}\\.\\d{3}Z</arg>
<doc>Fails if ``string`` does not match ``pattern`` as a regular expression.</doc>
<status status="PASS" start="2024-07-03T13:17:41.238313" elapsed="0.000544"/>
</kw>
<kw name="Should Match Regexp" owner="BuiltIn">
<arg>${json_data['results'][0]['registered']['date']}</arg>
<arg>\\d{4}-\\d{2}-\\d{2}T\\d{2}:\\d{2}:\\d{2}\\.\\d{3}Z</arg>
<doc>Fails if ``string`` does not match ``pattern`` as a regular expression.</doc>
<status status="PASS" start="2024-07-03T13:17:41.239054" elapsed="0.000375"/>
</kw>
<kw name="Should Match Regexp" owner="BuiltIn">
<arg>${json_data['results'][0]['picture']['large']}</arg>
<arg>^https?://.*\.(?:png|jpe?g|gif|bmp)$</arg>
<doc>Fails if ``string`` does not match ``pattern`` as a regular expression.</doc>
<status status="PASS" start="2024-07-03T13:17:41.239614" elapsed="0.000461"/>
</kw>
<kw name="Should Match Regexp" owner="BuiltIn">
<arg>${json_data['results'][0]['picture']['medium']}</arg>
<arg>^https?://.*\.(?:png|jpe?g|gif|bmp)$</arg>
<doc>Fails if ``string`` does not match ``pattern`` as a regular expression.</doc>
<status status="PASS" start="2024-07-03T13:17:41.240264" elapsed="0.000351"/>
</kw>
<kw name="Should Match Regexp" owner="BuiltIn">
<arg>${json_data['results'][0]['picture']['thumbnail']}</arg>
<arg>^https?://.*\.(?:png|jpe?g|gif|bmp)$</arg>
<doc>Fails if ``string`` does not match ``pattern`` as a regular expression.</doc>
<status status="PASS" start="2024-07-03T13:17:41.240810" elapsed="0.000358"/>
</kw>
<kw name="Log" owner="BuiltIn">
<msg time="2024-07-03T13:17:41.241679" level="INFO">{'large': 'https://randomuser.me/api/portraits/women/28.jpg', 'medium': 'https://randomuser.me/api/portraits/med/women/28.jpg', 'thumbnail': 'https://randomuser.me/api/portraits/thumb/women/28.jpg'}</msg>
<arg>${json_data['results'][0]['picture']}</arg>
<doc>Logs the given message with the given level.</doc>
<status status="PASS" start="2024-07-03T13:17:41.241352" elapsed="0.000371"/>
</kw>
<status status="PASS" start="2024-07-03T13:17:41.169562" elapsed="0.072416"/>
</kw>
<kw name="Teste de Tipos de Dados - Postcode" owner="random-user-service">
<kw name="GET On Session" owner="RequestsLibrary">
<msg time="2024-07-03T13:17:41.324259" level="INFO">GET Request : url=https://randomuser.me/api 
 path_url=/api 
 headers={'User-Agent': 'python-requests/2.32.3', 'Accept-Encoding': 'gzip, deflate', 'Accept': '*/*', 'Connection': 'keep-alive'} 
 body=None 
 </msg>
<msg time="2024-07-03T13:17:41.324322" level="INFO">GET Response : url=https://randomuser.me/api 
 status=200, reason=OK 
 headers={'Date': 'Wed, 03 Jul 2024 13:17:41 GMT', 'Content-Type': 'application/json; charset=utf-8', 'Transfer-Encoding': 'chunked', 'Connection': 'keep-alive', 'X-Powered-By': 'Express', 'Access-Control-Allow-Origin': '*', 'Cache-Control': 'no-cache', 'ETag': 'W/"46b-+N1ZGnC6L1OljqIj+PyFhJlNknQ"', 'Vary': 'Accept-Encoding', 'Content-Encoding': 'gzip', 'CF-Cache-Status': 'DYNAMIC', 'Report-To': '{"endpoints":[{"url":"https:\\/\\/a.nel.cloudflare.com\\/report\\/v4?s=uGnb9MIeYot8JOf3fD4Xgb2p8Tm3zFJAvpx%2BlVIOGkoj2%2BIIf7OJr3Gw45Yg5Ho1cFpDHKOnScPLJ7URYxIvo8Sk7AUWdzg5SFiSY%2BgPwAqiWKx2WftXZheI2s%2B%2B13fq"}],"group":"cf-nel","max_age":604800}', 'NEL': '{"success_fraction":0,"report_to":"cf-nel","max_age":604800}', 'Server': 'cloudflare', 'CF-RAY': '89d7283cc8605985-IAD', 'alt-svc': 'h3=":443"; ma=86400'} 
 body={"results":[{"gender":"male","name":{"title":"Mr","first":"Ostap","last":"Kalin"},"location":{"street":{"number":3048,"name":"Kovelskiy provulok"},"city":"Sosnivka","state":"Kirovogradska","country":"Ukraine","postcode":24099,"coordinates":{"latitude":"73.1020","longitude":"-7.2127"},"timezone":{"offset":"+4:30","description":"Kabul"}},"email":"ostap.kalin@example.com","login":{"uuid":"a5a46d62-c173-4727-84a3-175b7a67a5c3","username":"purpleduck192","password":"daphne","salt":"VhCpEkCF","md5":"579de24aa0842497e80efd1997b3b1ec","sha1":"2173fde6cae4f3a8c795e7988117ed9bf9c36259","sha256":"dd4dd65f24e4cbc58a79ab0deddb832f4f1f8f7bd3b606322dec60af8024df1e"},"dob":{"date":"1972-04-20T10:47:34.285Z","age":52},"registered":{"date":"2009-01-28T14:30:50.846Z","age":15},"phone":"(096) Q34-6382","cell":"(066) W65-5327","id":{"name":"","value":null},"picture":{"large":"https://randomuser.me/api/portraits/men/71.jpg","medium":"https://randomuser.me/api/portraits/med/men/71.jpg","thumbnail":"https://randomuser.me/api/portraits/thumb/men/71.jpg"},"nat":"UA"}],"info":{"seed":"70c6473464614979","results":1,"page":1,"version":"1.4"}} 
 </msg>
<msg time="2024-07-03T13:17:41.324382" level="INFO">/opt/hostedtoolcache/Python/3.12.4/x64/lib/python3.12/site-packages/urllib3/connectionpool.py:1099: InsecureRequestWarning: Unverified HTTPS request is being made to host 'randomuser.me'. Adding certificate verification is strongly advised. See: https://urllib3.readthedocs.io/en/latest/advanced-usage.html#tls-warnings
  warnings.warn(</msg>
<msg time="2024-07-03T13:17:41.324470" level="INFO">${response} = &lt;Response [200]&gt;</msg>
<var>${response}</var>
<arg>consultarAPI</arg>
<arg>/api</arg>
<doc>Sends a GET request on a previously created HTTP Session.</doc>
<status status="PASS" start="2024-07-03T13:17:41.242416" elapsed="0.082095"/>
</kw>
<kw name="Set Variable" owner="BuiltIn">
<msg time="2024-07-03T13:17:41.325625" level="INFO">${json_data} = {'results': [{'gender': 'male', 'name': {'title': 'Mr', 'first': 'Ostap', 'last': 'Kalin'}, 'location': {'street': {'number': 3048, 'name': 'Kovelskiy provulok'}, 'city': 'Sosnivka', 'state': 'Kirovog...</msg>
<var>${json_data}</var>
<arg>${response.json()}</arg>
<doc>Returns the given values which can then be assigned to a variables.</doc>
<status status="PASS" start="2024-07-03T13:17:41.325005" elapsed="0.000648"/>
</kw>
<kw name="Log" owner="BuiltIn">
<msg time="2024-07-03T13:17:41.326115" level="INFO">{'results': [{'gender': 'male', 'name': {'title': 'Mr', 'first': 'Ostap', 'last': 'Kalin'}, 'location': {'street': {'number': 3048, 'name': 'Kovelskiy provulok'}, 'city': 'Sosnivka', 'state': 'Kirovogradska', 'country': 'Ukraine', 'postcode': 24099, 'coordinates': {'latitude': '73.1020', 'longitude': '-7.2127'}, 'timezone': {'offset': '+4:30', 'description': 'Kabul'}}, 'email': 'ostap.kalin@example.com', 'login': {'uuid': 'a5a46d62-c173-4727-84a3-175b7a67a5c3', 'username': 'purpleduck192', 'password': 'daphne', 'salt': 'VhCpEkCF', 'md5': '579de24aa0842497e80efd1997b3b1ec', 'sha1': '2173fde6cae4f3a8c795e7988117ed9bf9c36259', 'sha256': 'dd4dd65f24e4cbc58a79ab0deddb832f4f1f8f7bd3b606322dec60af8024df1e'}, 'dob': {'date': '1972-04-20T10:47:34.285Z', 'age': 52}, 'registered': {'date': '2009-01-28T14:30:50.846Z', 'age': 15}, 'phone': '(096) Q34-6382', 'cell': '(066) W65-5327', 'id': {'name': '', 'value': None}, 'picture': {'large': 'https://randomuser.me/api/portraits/men/71.jpg', 'medium': 'https://randomuser.me/api/portraits/med/men/71.jpg', 'thumbnail': 'https://randomuser.me/api/portraits/thumb/men/71.jpg'}, 'nat': 'UA'}], 'info': {'seed': '70c6473464614979', 'results': 1, 'page': 1, 'version': '1.4'}}</msg>
<arg>${json_data}</arg>
<doc>Logs the given message with the given level.</doc>
<status status="PASS" start="2024-07-03T13:17:41.325961" elapsed="0.000200"/>
</kw>
<kw name="Should Be Equal As Numbers" owner="BuiltIn">
<arg>${json_data['results'][0]['location']['postcode']}</arg>
<arg>${json_data['results'][0]['location']['postcode']}</arg>
<doc>Fails if objects are unequal after converting them to real numbers.</doc>
<status status="PASS" start="2024-07-03T13:17:41.326450" elapsed="0.000678"/>
</kw>
<kw name="Log" owner="BuiltIn">
<msg time="2024-07-03T13:17:41.327704" level="INFO">24099</msg>
<arg>${json_data['results'][0]['location']['postcode']}</arg>
<doc>Logs the given message with the given level.</doc>
<status status="PASS" start="2024-07-03T13:17:41.327349" elapsed="0.000395"/>
</kw>
<status status="PASS" start="2024-07-03T13:17:41.242189" elapsed="0.085806"/>
</kw>
<doc>Testa se os tipos de dados na resposta da API estão corretos.</doc>
<tag>testeTiposDados</tag>
<status status="PASS" start="2024-07-03T13:17:41.168910" elapsed="0.159245"/>
</test>
<test id="s1-s1-t5" name="Validar conteudo" line="35">
<kw name="Teste de Tipos de Conteudo" owner="random-user-service">
<kw name="GET On Session" owner="RequestsLibrary">
<msg time="2024-07-03T13:17:41.411534" level="INFO">GET Request : url=https://randomuser.me/api 
 path_url=/api 
 headers={'User-Agent': 'python-requests/2.32.3', 'Accept-Encoding': 'gzip, deflate', 'Accept': '*/*', 'Connection': 'keep-alive'} 
 body=None 
 </msg>
<msg time="2024-07-03T13:17:41.411599" level="INFO">GET Response : url=https://randomuser.me/api 
 status=200, reason=OK 
 headers={'Date': 'Wed, 03 Jul 2024 13:17:41 GMT', 'Content-Type': 'application/json; charset=utf-8', 'Transfer-Encoding': 'chunked', 'Connection': 'keep-alive', 'X-Powered-By': 'Express', 'Access-Control-Allow-Origin': '*', 'Cache-Control': 'no-cache', 'ETag': 'W/"481-1h4I5qoAB+3iNvzLB0KS0X6zWBA"', 'Vary': 'Accept-Encoding', 'Content-Encoding': 'gzip', 'CF-Cache-Status': 'DYNAMIC', 'Report-To': '{"endpoints":[{"url":"https:\\/\\/a.nel.cloudflare.com\\/report\\/v4?s=Tb2Pwld4iWJqbPMbkAuHvO5lMCXQ1Pa57j0jCJ0wU%2F5bJM7i29yDGwlSzkYtyeEfOgINRIXVpU%2B6Uzonb0u6tdiWIvdGkLv6juIGswZXwO%2F%2B%2FztxtyyHXOyRcQtHGpib"}],"group":"cf-nel","max_age":604800}', 'NEL': '{"success_fraction":0,"report_to":"cf-nel","max_age":604800}', 'Server': 'cloudflare', 'CF-RAY': '89d7283d58f25985-IAD', 'alt-svc': 'h3=":443"; ma=86400'} 
 body={"results":[{"gender":"female","name":{"title":"Ms","first":"Valerie","last":"James"},"location":{"street":{"number":4188,"name":"White Oak Dr"},"city":"Busselton","state":"Northern Territory","country":"Australia","postcode":4166,"coordinates":{"latitude":"-87.6063","longitude":"12.8189"},"timezone":{"offset":"+3:30","description":"Tehran"}},"email":"valerie.james@example.com","login":{"uuid":"f7c96f45-9817-4b55-b657-c2f65ed8f02b","username":"heavypeacock227","password":"eight","salt":"HfCRttly","md5":"af36ad1eeb5d096b853e5f8432d15102","sha1":"f939756ffd216317eb408aaa2a507c4d65a3f3c3","sha256":"b98bef4ceb693a62617df57092485751c34c86bbb1bdb8f1cc35f1079829435e"},"dob":{"date":"1997-11-29T12:26:58.086Z","age":26},"registered":{"date":"2009-10-31T17:12:03.888Z","age":14},"phone":"09-8590-1782","cell":"0420-332-034","id":{"name":"TFN","value":"546107342"},"picture":{"large":"https://randomuser.me/api/portraits/women/33.jpg","medium":"https://randomuser.me/api/portraits/med/women/33.jpg","thumbnail":"https://randomuser.me/api/portraits/thumb/women/33.jpg"},"nat":"AU"}],"info":{"seed":"197470fa2edee460","results":1,"page":1,"version":"1.4"}} 
 </msg>
<msg time="2024-07-03T13:17:41.411672" level="INFO">/opt/hostedtoolcache/Python/3.12.4/x64/lib/python3.12/site-packages/urllib3/connectionpool.py:1099: InsecureRequestWarning: Unverified HTTPS request is being made to host 'randomuser.me'. Adding certificate verification is strongly advised. See: https://urllib3.readthedocs.io/en/latest/advanced-usage.html#tls-warnings
  warnings.warn(</msg>
<msg time="2024-07-03T13:17:41.411767" level="INFO">${response} = &lt;Response [200]&gt;</msg>
<var>${response}</var>
<arg>consultarAPI</arg>
<arg>/api</arg>
<doc>Sends a GET request on a previously created HTTP Session.</doc>
<status status="PASS" start="2024-07-03T13:17:41.331655" elapsed="0.080151"/>
</kw>
<kw name="Set Variable" owner="BuiltIn">
<msg time="2024-07-03T13:17:41.412618" level="INFO">${json_data} = {'results': [{'gender': 'female', 'name': {'title': 'Ms', 'first': 'Valerie', 'last': 'James'}, 'location': {'street': {'number': 4188, 'name': 'White Oak Dr'}, 'city': 'Busselton', 'state': 'Northern...</msg>
<var>${json_data}</var>
<arg>${response.json()}</arg>
<doc>Returns the given values which can then be assigned to a variables.</doc>
<status status="PASS" start="2024-07-03T13:17:41.412172" elapsed="0.000475"/>
</kw>
<kw name="Set Variable" owner="BuiltIn">
<msg time="2024-07-03T13:17:41.413332" level="INFO">${name_title} = Ms</msg>
<var>${name_title}</var>
<arg>${json_data["results"][0]["name"]["title"]}</arg>
<doc>Returns the given values which can then be assigned to a variables.</doc>
<status status="PASS" start="2024-07-03T13:17:41.412952" elapsed="0.000406"/>
</kw>
<kw name="Create List" owner="BuiltIn">
<msg time="2024-07-03T13:17:41.413819" level="INFO">${allowed_titles} = ['Mr', 'Ms', 'Miss', 'Mrs', 'Madame', 'Monsieur']</msg>
<var>${allowed_titles}</var>
<arg>Mr</arg>
<arg>Ms</arg>
<arg>Miss</arg>
<arg>Mrs</arg>
<arg>Madame</arg>
<arg>Monsieur</arg>
<doc>Returns a list containing given items.</doc>
<status status="PASS" start="2024-07-03T13:17:41.413667" elapsed="0.000177"/>
</kw>
<kw name="List Should Contain Value" owner="Collections">
<arg>${allowed_titles}</arg>
<arg>${name_title}</arg>
<doc>Fails if the ``value`` is not found from ``list``.</doc>
<status status="PASS" start="2024-07-03T13:17:41.414154" elapsed="0.000182"/>
</kw>
<kw name="Set Variable" owner="BuiltIn">
<msg time="2024-07-03T13:17:41.414921" level="INFO">${name_country} = AU</msg>
<var>${name_country}</var>
<arg>${json_data["results"][0]["nat"]}</arg>
<doc>Returns the given values which can then be assigned to a variables.</doc>
<status status="PASS" start="2024-07-03T13:17:41.414516" elapsed="0.000431"/>
</kw>
<kw name="Create List" owner="BuiltIn">
<msg time="2024-07-03T13:17:41.415852" level="INFO">${list_country} = ['AD', 'AE', 'AF', 'AG', 'AI', 'AL', 'AM', 'AO', 'AQ', 'AR', 'AS', 'AT', 'AU', 'AW', 'AX', 'AZ', 'BA', 'BB', 'BD', 'BE', 'BF', 'BG', 'BH', 'BI', 'BJ', 'BL', 'BM', 'BN', 'BO', 'BQ', 'BR', 'BS', 'BT', '...</msg>
<var>${list_country}</var>
<arg>AD</arg>
<arg>AE</arg>
<arg>AF</arg>
<arg>AG</arg>
<arg>AI</arg>
<arg>AL</arg>
<arg>AM</arg>
<arg>AO</arg>
<arg>AQ</arg>
<arg>AR</arg>
<arg>AS</arg>
<arg>AT</arg>
<arg>AU</arg>
<arg>AW</arg>
<arg>AX</arg>
<arg>AZ</arg>
<arg>BA</arg>
<arg>BB</arg>
<arg>BD</arg>
<arg>BE</arg>
<arg>BF</arg>
<arg>BG</arg>
<arg>BH</arg>
<arg>BI</arg>
<arg>BJ</arg>
<arg>BL</arg>
<arg>BM</arg>
<arg>BN</arg>
<arg>BO</arg>
<arg>BQ</arg>
<arg>BR</arg>
<arg>BS</arg>
<arg>BT</arg>
<arg>BV</arg>
<arg>BW</arg>
<arg>BY</arg>
<arg>BZ</arg>
<arg>CA</arg>
<arg>CC</arg>
<arg>CD</arg>
<arg>CF</arg>
<arg>CG</arg>
<arg>CH</arg>
<arg>CI</arg>
<arg>CK</arg>
<arg>CL</arg>
<arg>CM</arg>
<arg>CN</arg>
<arg>CO</arg>
<arg>CR</arg>
<arg>CU</arg>
<arg>CV</arg>
<arg>CW</arg>
<arg>CX</arg>
<arg>CY</arg>
<arg>CZ</arg>
<arg>DE</arg>
<arg>DJ</arg>
<arg>DK</arg>
<arg>DM</arg>
<arg>DO</arg>
<arg>DZ</arg>
<arg>EC</arg>
<arg>EE</arg>
<arg>EG</arg>
<arg>EH</arg>
<arg>ER</arg>
<arg>ES</arg>
<arg>ET</arg>
<arg>FI</arg>
<arg>FJ</arg>
<arg>FK</arg>
<arg>FM</arg>
<arg>FO</arg>
<arg>FR</arg>
<arg>GA</arg>
<arg>GB</arg>
<arg>GD</arg>
<arg>GE</arg>
<arg>GF</arg>
<arg>GG</arg>
<arg>GH</arg>
<arg>GI</arg>
<arg>GL</arg>
<arg>GM</arg>
<arg>GN</arg>
<arg>GP</arg>
<arg>GQ</arg>
<arg>GR</arg>
<arg>GS</arg>
<arg>GT</arg>
<arg>GU</arg>
<arg>GW</arg>
<arg>GY</arg>
<arg>HK</arg>
<arg>HM</arg>
<arg>HN</arg>
<arg>HR</arg>
<arg>HT</arg>
<arg>HU</arg>
<arg>ID</arg>
<arg>IE</arg>
<arg>IL</arg>
<arg>IM</arg>
<arg>IN</arg>
<arg>IO</arg>
<arg>IQ</arg>
<arg>IR</arg>
<arg>IS</arg>
<arg>IT</arg>
<arg>JE</arg>
<arg>JM</arg>
<arg>JO</arg>
<arg>JP</arg>
<arg>KE</arg>
<arg>KG</arg>
<arg>KH</arg>
<arg>KI</arg>
<arg>KM</arg>
<arg>KN</arg>
<arg>KP</arg>
<arg>KR</arg>
<arg>KW</arg>
<arg>KY</arg>
<arg>KZ</arg>
<arg>LA</arg>
<arg>LB</arg>
<arg>LC</arg>
<arg>LI</arg>
<arg>LK</arg>
<arg>LR</arg>
<arg>LS</arg>
<arg>LT</arg>
<arg>LU</arg>
<arg>LV</arg>
<arg>LY</arg>
<arg>MA</arg>
<arg>MC</arg>
<arg>MD</arg>
<arg>ME</arg>
<arg>MF</arg>
<arg>MG</arg>
<arg>MH</arg>
<arg>MK</arg>
<arg>ML</arg>
<arg>MM</arg>
<arg>MN</arg>
<arg>MO</arg>
<arg>MP</arg>
<arg>MQ</arg>
<arg>MR</arg>
<arg>MS</arg>
<arg>MT</arg>
<arg>MU</arg>
<arg>MV</arg>
<arg>MW</arg>
<arg>MX</arg>
<arg>MY</arg>
<arg>MZ</arg>
<arg>NA</arg>
<arg>NC</arg>
<arg>NE</arg>
<arg>NF</arg>
<arg>NG</arg>
<arg>NI</arg>
<arg>NL</arg>
<arg>NO</arg>
<arg>NP</arg>
<arg>NR</arg>
<arg>NU</arg>
<arg>NZ</arg>
<arg>OM</arg>
<arg>PA</arg>
<arg>PE</arg>
<arg>PF</arg>
<arg>PG</arg>
<arg>PH</arg>
<arg>PK</arg>
<arg>PL</arg>
<arg>PM</arg>
<arg>PN</arg>
<arg>PR</arg>
<arg>PS</arg>
<arg>PT</arg>
<arg>PW</arg>
<arg>PY</arg>
<arg>QA</arg>
<arg>RE</arg>
<arg>RO</arg>
<arg>RS</arg>
<arg>RU</arg>
<arg>RW</arg>
<arg>SA</arg>
<arg>SB</arg>
<arg>SC</arg>
<arg>SD</arg>
<arg>SE</arg>
<arg>SG</arg>
<arg>SH</arg>
<arg>SI</arg>
<arg>SJ</arg>
<arg>SK</arg>
<arg>SL</arg>
<arg>SM</arg>
<arg>SN</arg>
<arg>SO</arg>
<arg>SR</arg>
<arg>SS</arg>
<arg>ST</arg>
<arg>SV</arg>
<arg>SX</arg>
<arg>SY</arg>
<arg>SZ</arg>
<arg>TC</arg>
<arg>TD</arg>
<arg>TF</arg>
<arg>TG</arg>
<arg>TH</arg>
<arg>TJ</arg>
<arg>TK</arg>
<arg>TL</arg>
<arg>TM</arg>
<arg>TN</arg>
<arg>TO</arg>
<arg>TR</arg>
<arg>TT</arg>
<arg>TV</arg>
<arg>TW</arg>
<arg>TZ</arg>
<arg>UA</arg>
<arg>UG</arg>
<arg>UM</arg>
<arg>US</arg>
<arg>UY</arg>
<arg>UZ</arg>
<arg>VA</arg>
<arg>VC</arg>
<arg>VE</arg>
<arg>VG</arg>
<arg>VI</arg>
<arg>VN</arg>
<arg>VU</arg>
<arg>WF</arg>
<arg>WS</arg>
<arg>XK</arg>
<arg>YE</arg>
<arg>YT</arg>
<arg>ZA</arg>
<arg>ZM</arg>
<arg>ZW</arg>
<doc>Returns a list containing given items.</doc>
<status status="PASS" start="2024-07-03T13:17:41.415243" elapsed="0.000634"/>
</kw>
<kw name="List Should Contain Value" owner="Collections">
<arg>${list_country}</arg>
<arg>${name_country}</arg>
<doc>Fails if the ``value`` is not found from ``list``.</doc>
<status status="PASS" start="2024-07-03T13:17:41.416666" elapsed="0.000206"/>
</kw>
<kw name="Run Keyword If" owner="BuiltIn">
<kw name="Should Be True" owner="BuiltIn">
<arg>${True}</arg>
<doc>Fails if the given condition is not true.</doc>
<status status="PASS" start="2024-07-03T13:17:41.417807" elapsed="0.000141"/>
</kw>
<arg>${json_data["results"][0]["location"]["coordinates"]["latitude"]} &gt;= -90 and ${json_data["results"][0]["location"]["coordinates"]["latitude"]} &lt;= 90</arg>
<arg>Should Be True</arg>
<arg>${True}</arg>
<doc>Runs the given keyword with the given arguments, if ``condition`` is true.</doc>
<status status="PASS" start="2024-07-03T13:17:41.417072" elapsed="0.001000"/>
</kw>
<kw name="Run Keyword If" owner="BuiltIn">
<kw name="Should Be True" owner="BuiltIn">
<arg>${True}</arg>
<doc>Fails if the given condition is not true.</doc>
<status status="PASS" start="2024-07-03T13:17:41.418979" elapsed="0.000139"/>
</kw>
<arg>${json_data["results"][0]["location"]["coordinates"]["longitude"]} &gt;= -180 and ${json_data["results"][0]["location"]["coordinates"]["longitude"]} &lt;= 180</arg>
<arg>Should Be True</arg>
<arg>${True}</arg>
<doc>Runs the given keyword with the given arguments, if ``condition`` is true.</doc>
<status status="PASS" start="2024-07-03T13:17:41.418253" elapsed="0.000992"/>
</kw>
<status status="PASS" start="2024-07-03T13:17:41.331090" elapsed="0.088301"/>
</kw>
<doc>Testa o conteúdo específico dos campos retornados pela API.</doc>
<tag>testeConteudo</tag>
<status status="PASS" start="2024-07-03T13:17:41.330376" elapsed="0.089164"/>
</test>
<status status="PASS" start="2024-07-03T13:17:40.500436" elapsed="0.921092"/>
</suite>
<status status="PASS" start="2024-07-03T13:17:40.485283" elapsed="0.941424"/>
</suite>
<statistics>
<total>
<stat pass="5" fail="0" skip="0">All Tests</stat>
</total>
<tag>
<stat pass="1" fail="0" skip="0">testeConteudo</stat>
<stat pass="1" fail="0" skip="0">testeEstruturaResposta</stat>
<stat pass="1" fail="0" skip="0">testeRequisicaoBasica</stat>
<stat pass="1" fail="0" skip="0">testeTiposDados</stat>
</tag>
<suite>
<stat pass="5" fail="0" skip="0" id="s1" name="Tests">Tests</stat>
<stat pass="5" fail="0" skip="0" id="s1-s1" name="Random-User-Test">Tests.Random-User-Test</stat>
</suite>
</statistics>
<errors>
</errors>
</robot>
