<?xml version="1.0" encoding="UTF-8"?>
<robot generator="Robot 7.0.1 (Python 3.12.4 on linux)" generated="2024-07-29T01:10:17.235427" rpa="false" schemaversion="5">
<suite id="s1" name="Tests" source="/home/runner/work/ApiRandomUser/ApiRandomUser/RamdonUser/tests">
<suite id="s1-s1" name="Random-User-Test" source="/home/runner/work/ApiRandomUser/ApiRandomUser/RamdonUser/tests/random-user-test.robot">
<test id="s1-s1-t1" name="Conectar" line="13">
<kw name="Conectar API" owner="random-user-service">
<kw name="Create Session" owner="RequestsLibrary">
<msg time="2024-07-29T01:10:17.656882" level="INFO">Creating Session using : alias=consultarAPI, url=https://randomuser.me/, headers={},                     cookies={}, auth=None, timeout=None, proxies=None, verify=False,                     debug=0 </msg>
<arg>consultarAPI</arg>
<arg>${URL}</arg>
<doc>Create Session: create a HTTP session to a server</doc>
<status status="PASS" start="2024-07-29T01:10:17.656689" elapsed="0.000367"/>
</kw>
<status status="PASS" start="2024-07-29T01:10:17.655697" elapsed="0.001704"/>
</kw>
<status status="PASS" start="2024-07-29T01:10:17.655188" elapsed="0.002405"/>
</test>
<test id="s1-s1-t2" name="Validar retorno 200 e JSON Válido" line="16">
<kw name="Teste de Requisicao Basica" owner="random-user-service">
<kw name="GET On Session" owner="RequestsLibrary">
<msg time="2024-07-29T01:10:17.969630" level="INFO">GET Request : url=https://randomuser.me/api 
 path_url=/api 
 headers={'User-Agent': 'python-requests/2.32.3', 'Accept-Encoding': 'gzip, deflate', 'Accept': '*/*', 'Connection': 'keep-alive'} 
 body=None 
 </msg>
<msg time="2024-07-29T01:10:17.969753" level="INFO">GET Response : url=https://randomuser.me/api 
 status=200, reason=OK 
 headers={'Date': 'Mon, 29 Jul 2024 01:10:17 GMT', 'Content-Type': 'application/json; charset=utf-8', 'Transfer-Encoding': 'chunked', 'Connection': 'keep-alive', 'X-Powered-By': 'Express', 'Access-Control-Allow-Origin': '*', 'Cache-Control': 'no-cache', 'ETag': 'W/"488-Yqboa3WbeXhu6EeBXAwo6Jzzu9o"', 'Vary': 'Accept-Encoding', 'Content-Encoding': 'gzip', 'CF-Cache-Status': 'DYNAMIC', 'Report-To': '{"endpoints":[{"url":"https:\\/\\/a.nel.cloudflare.com\\/report\\/v4?s=Xkb%2B5rgJdDwMw3ErDdQ7Rwr0wzSLDg1xlf2faQWjUUEC1f1oSocbJS54DZojKU%2Bi%2BW244QDctWhwfvK%2B%2BaReMLqhHvGeTj4bvjfW0HjWAq%2BNnDl5dnsXArR%2F%2FU5L40dx"}],"group":"cf-nel","max_age":604800}', 'NEL': '{"success_fraction":0,"report_to":"cf-nel","max_age":604800}', 'Server': 'cloudflare', 'CF-RAY': '8aa93a7948f6f9d8-SJC', 'alt-svc': 'h3=":443"; ma=86400'} 
 body={"results":[{"gender":"male","name":{"title":"Mr","first":"Fernando","last":"Guerrero"},"location":{"street":{"number":856,"name":"Avenida de Burgos"},"city":"Madrid","state":"Ceuta","country":"Spain","postcode":86430,"coordinates":{"latitude":"-31.4487","longitude":"-54.3789"},"timezone":{"offset":"+4:00","description":"Abu Dhabi, Muscat, Baku, Tbilisi"}},"email":"fernando.guerrero@example.com","login":{"uuid":"5691187d-19fb-4e0f-ba8d-9540977d8ac3","username":"orangeswan641","password":"patrol","salt":"eM0R5c09","md5":"d14845a1b8ea9e1e793cf8f2adbbb8c9","sha1":"17a7b13648d10c2fcfaa98ac0dc4fdd2ef46b610","sha256":"d53303ba21985051f69dcad45cf0143b477cc7faf7a29da9edeb1c3fb9e463be"},"dob":{"date":"1965-01-08T21:52:32.277Z","age":59},"registered":{"date":"2008-03-16T07:05:56.803Z","age":16},"phone":"954-485-671","cell":"614-977-485","id":{"name":"DNI","value":"78698899-C"},"picture":{"large":"https://randomuser.me/api/portraits/men/1.jpg","medium":"https://randomuser.me/api/portraits/med/men/1.jpg","thumbnail":"https://randomuser.me/api/portraits/thumb/men/1.jpg"},"nat":"ES"}],"info":{"seed":"40ca47c4b1e54842","results":1,"page":1,"version":"1.4"}} 
 </msg>
<msg time="2024-07-29T01:10:17.969824" level="INFO">/opt/hostedtoolcache/Python/3.12.4/x64/lib/python3.12/site-packages/urllib3/connectionpool.py:1099: InsecureRequestWarning: Unverified HTTPS request is being made to host 'randomuser.me'. Adding certificate verification is strongly advised. See: https://urllib3.readthedocs.io/en/latest/advanced-usage.html#tls-warnings
  warnings.warn(</msg>
<msg time="2024-07-29T01:10:17.969979" level="INFO">${response} = &lt;Response [200]&gt;</msg>
<var>${response}</var>
<arg>consultarAPI</arg>
<arg>/api</arg>
<doc>Sends a GET request on a previously created HTTP Session.</doc>
<status status="PASS" start="2024-07-29T01:10:17.660141" elapsed="0.309881"/>
</kw>
<kw name="Should Be Equal As Numbers" owner="BuiltIn">
<msg time="2024-07-29T01:10:17.971072" level="INFO">Argument types are:
&lt;class 'int'&gt;
&lt;class 'str'&gt;</msg>
<arg>${response.status_code}</arg>
<arg>200</arg>
<doc>Fails if objects are unequal after converting them to real numbers.</doc>
<status status="PASS" start="2024-07-29T01:10:17.970593" elapsed="0.000541"/>
</kw>
<kw name="Log" owner="BuiltIn">
<msg time="2024-07-29T01:10:17.971793" level="INFO">200</msg>
<arg>${response.status_code}</arg>
<doc>Logs the given message with the given level.</doc>
<status status="PASS" start="2024-07-29T01:10:17.971448" elapsed="0.000387"/>
</kw>
<kw name="Set Variable" owner="BuiltIn">
<msg time="2024-07-29T01:10:17.972577" level="INFO">${json_data} = {'results': [{'gender': 'male', 'name': {'title': 'Mr', 'first': 'Fernando', 'last': 'Guerrero'}, 'location': {'street': {'number': 856, 'name': 'Avenida de Burgos'}, 'city': 'Madrid', 'state': 'Ceuta...</msg>
<var>${json_data}</var>
<arg>${response.json()}</arg>
<doc>Returns the given values which can then be assigned to a variables.</doc>
<status status="PASS" start="2024-07-29T01:10:17.972145" elapsed="0.000459"/>
</kw>
<kw name="Dictionary Should Contain Key" owner="Collections">
<arg>${json_data}</arg>
<arg>results</arg>
<doc>Fails if ``key`` is not found from ``dictionary``.</doc>
<status status="PASS" start="2024-07-29T01:10:17.972904" elapsed="0.000304"/>
</kw>
<status status="PASS" start="2024-07-29T01:10:17.659893" elapsed="0.313466"/>
</kw>
<doc>Testa se a API responde corretamente e retorna um objeto JSON válido.</doc>
<tag>testeRequisicaoBasica</tag>
<status status="PASS" start="2024-07-29T01:10:17.659454" elapsed="0.314073"/>
</test>
<test id="s1-s1-t3" name="Validar estrutura de resposta" line="22">
<kw name="Teste de Estrutura de Resposta" owner="random-user-service">
<kw name="GET On Session" owner="RequestsLibrary">
<msg time="2024-07-29T01:10:18.093151" level="INFO">GET Request : url=https://randomuser.me/api 
 path_url=/api 
 headers={'User-Agent': 'python-requests/2.32.3', 'Accept-Encoding': 'gzip, deflate', 'Accept': '*/*', 'Connection': 'keep-alive'} 
 body=None 
 </msg>
<msg time="2024-07-29T01:10:18.093233" level="INFO">GET Response : url=https://randomuser.me/api 
 status=200, reason=OK 
 headers={'Date': 'Mon, 29 Jul 2024 01:10:18 GMT', 'Content-Type': 'application/json; charset=utf-8', 'Transfer-Encoding': 'chunked', 'Connection': 'keep-alive', 'X-Powered-By': 'Express', 'Access-Control-Allow-Origin': '*', 'Cache-Control': 'no-cache', 'ETag': 'W/"476-v1Z8LpXFZXw9LU4cGFdrJboPrqg"', 'Vary': 'Accept-Encoding', 'Content-Encoding': 'gzip', 'CF-Cache-Status': 'DYNAMIC', 'Report-To': '{"endpoints":[{"url":"https:\\/\\/a.nel.cloudflare.com\\/report\\/v4?s=egnbtAcHhU%2FPAAPVemDOeJv5r6ERO44rbp5nwMLUVa5dIBAXXTznd4Gwu%2FgI9RJwS4yRXwahGXuaiekL4wzhb3wlXYgXPex6CagQPrYiqubd0phUwK6zPuxyqwpRYcVj"}],"group":"cf-nel","max_age":604800}', 'NEL': '{"success_fraction":0,"report_to":"cf-nel","max_age":604800}', 'Server': 'cloudflare', 'CF-RAY': '8aa93a7a59e2f9d8-SJC', 'alt-svc': 'h3=":443"; ma=86400'} 
 body={"results":[{"gender":"female","name":{"title":"Mrs","first":"Afşar","last":"Taşçı"},"location":{"street":{"number":3690,"name":"Mevlana Cd"},"city":"Artvin","state":"Afyonkarahisar","country":"Turkey","postcode":20749,"coordinates":{"latitude":"70.6166","longitude":"44.3756"},"timezone":{"offset":"-2:00","description":"Mid-Atlantic"}},"email":"afsar.tasci@example.com","login":{"uuid":"1c965e10-1db2-458e-a447-53079c8b74fc","username":"heavygoose311","password":"diehard","salt":"ZUltI6xq","md5":"3156e328765e7cae5ff59a75b3a5cae5","sha1":"b01a676b841d7a21b34d7123721c22ba4425f437","sha256":"924cfb2616fd4c3cf1c9ff53f7282d4c1f700f24ebe54059d421b9707a059dc1"},"dob":{"date":"1947-10-08T07:30:30.610Z","age":76},"registered":{"date":"2011-03-22T05:23:42.424Z","age":13},"phone":"(757)-429-7882","cell":"(404)-529-0382","id":{"name":"","value":null},"picture":{"large":"https://randomuser.me/api/portraits/women/58.jpg","medium":"https://randomuser.me/api/portraits/med/women/58.jpg","thumbnail":"https://randomuser.me/api/portraits/thumb/women/58.jpg"},"nat":"TR"}],"info":{"seed":"34154ae96fc14378","results":1,"page":1,"version":"1.4"}} 
 </msg>
<msg time="2024-07-29T01:10:18.093352" level="INFO">/opt/hostedtoolcache/Python/3.12.4/x64/lib/python3.12/site-packages/urllib3/connectionpool.py:1099: InsecureRequestWarning: Unverified HTTPS request is being made to host 'randomuser.me'. Adding certificate verification is strongly advised. See: https://urllib3.readthedocs.io/en/latest/advanced-usage.html#tls-warnings
  warnings.warn(</msg>
<msg time="2024-07-29T01:10:18.093466" level="INFO">${response} = &lt;Response [200]&gt;</msg>
<var>${response}</var>
<arg>consultarAPI</arg>
<arg>/api</arg>
<doc>Sends a GET request on a previously created HTTP Session.</doc>
<status status="PASS" start="2024-07-29T01:10:17.976180" elapsed="0.117334"/>
</kw>
<kw name="Set Variable" owner="BuiltIn">
<msg time="2024-07-29T01:10:18.094644" level="INFO">${json_data} = {'results': [{'gender': 'female', 'name': {'title': 'Mrs', 'first': 'Afşar', 'last': 'Taşçı'}, 'location': {'street': {'number': 3690, 'name': 'Mevlana Cd'}, 'city': 'Artvin', 'state': 'Afyonkarahisar...</msg>
<var>${json_data}</var>
<arg>${response.json()}</arg>
<doc>Returns the given values which can then be assigned to a variables.</doc>
<status status="PASS" start="2024-07-29T01:10:18.094068" elapsed="0.000606"/>
</kw>
<kw name="Log" owner="BuiltIn">
<msg time="2024-07-29T01:10:18.095143" level="INFO">{'results': [{'gender': 'female', 'name': {'title': 'Mrs', 'first': 'Afşar', 'last': 'Taşçı'}, 'location': {'street': {'number': 3690, 'name': 'Mevlana Cd'}, 'city': 'Artvin', 'state': 'Afyonkarahisar', 'country': 'Turkey', 'postcode': 20749, 'coordinates': {'latitude': '70.6166', 'longitude': '44.3756'}, 'timezone': {'offset': '-2:00', 'description': 'Mid-Atlantic'}}, 'email': 'afsar.tasci@example.com', 'login': {'uuid': '1c965e10-1db2-458e-a447-53079c8b74fc', 'username': 'heavygoose311', 'password': 'diehard', 'salt': 'ZUltI6xq', 'md5': '3156e328765e7cae5ff59a75b3a5cae5', 'sha1': 'b01a676b841d7a21b34d7123721c22ba4425f437', 'sha256': '924cfb2616fd4c3cf1c9ff53f7282d4c1f700f24ebe54059d421b9707a059dc1'}, 'dob': {'date': '1947-10-08T07:30:30.610Z', 'age': 76}, 'registered': {'date': '2011-03-22T05:23:42.424Z', 'age': 13}, 'phone': '(757)-429-7882', 'cell': '(404)-529-0382', 'id': {'name': '', 'value': None}, 'picture': {'large': 'https://randomuser.me/api/portraits/women/58.jpg', 'medium': 'https://randomuser.me/api/portraits/med/women/58.jpg', 'thumbnail': 'https://randomuser.me/api/portraits/thumb/women/58.jpg'}, 'nat': 'TR'}], 'info': {'seed': '34154ae96fc14378', 'results': 1, 'page': 1, 'version': '1.4'}}</msg>
<arg>${json_data}</arg>
<doc>Logs the given message with the given level.</doc>
<status status="PASS" start="2024-07-29T01:10:18.094979" elapsed="0.000216"/>
</kw>
<kw name="Dictionary Should Contain Key" owner="Collections">
<arg>${json_data}</arg>
<arg>results</arg>
<doc>Fails if ``key`` is not found from ``dictionary``.</doc>
<status status="PASS" start="2024-07-29T01:10:18.095488" elapsed="0.000167"/>
</kw>
<kw name="Should Not Be Empty" owner="BuiltIn">
<msg time="2024-07-29T01:10:18.095963" level="INFO">Length is 2.</msg>
<arg>${json_data}</arg>
<doc>Verifies that the given item is not empty.</doc>
<status status="PASS" start="2024-07-29T01:10:18.095837" elapsed="0.000163"/>
</kw>
<kw name="Create List" owner="BuiltIn">
<msg time="2024-07-29T01:10:18.096432" level="INFO">${expected_keys} = ['gender', 'name', 'location', 'email', 'login']</msg>
<var>${expected_keys}</var>
<arg>gender</arg>
<arg>name</arg>
<arg>location</arg>
<arg>email</arg>
<arg>login</arg>
<doc>Returns a list containing given items.</doc>
<status status="PASS" start="2024-07-29T01:10:18.096282" elapsed="0.000173"/>
</kw>
<for flavor="IN">
<iter>
<kw name="Dictionary Should Contain Key" owner="Collections">
<arg>${json_data['results'][0]}</arg>
<arg>${key}</arg>
<doc>Fails if ``key`` is not found from ``dictionary``.</doc>
<status status="PASS" start="2024-07-29T01:10:18.097029" elapsed="0.000407"/>
</kw>
<kw name="Log" owner="BuiltIn">
<msg time="2024-07-29T01:10:18.098031" level="INFO">{'gender': 'female', 'name': {'title': 'Mrs', 'first': 'Afşar', 'last': 'Taşçı'}, 'location': {'street': {'number': 3690, 'name': 'Mevlana Cd'}, 'city': 'Artvin', 'state': 'Afyonkarahisar', 'country': 'Turkey', 'postcode': 20749, 'coordinates': {'latitude': '70.6166', 'longitude': '44.3756'}, 'timezone': {'offset': '-2:00', 'description': 'Mid-Atlantic'}}, 'email': 'afsar.tasci@example.com', 'login': {'uuid': '1c965e10-1db2-458e-a447-53079c8b74fc', 'username': 'heavygoose311', 'password': 'diehard', 'salt': 'ZUltI6xq', 'md5': '3156e328765e7cae5ff59a75b3a5cae5', 'sha1': 'b01a676b841d7a21b34d7123721c22ba4425f437', 'sha256': '924cfb2616fd4c3cf1c9ff53f7282d4c1f700f24ebe54059d421b9707a059dc1'}, 'dob': {'date': '1947-10-08T07:30:30.610Z', 'age': 76}, 'registered': {'date': '2011-03-22T05:23:42.424Z', 'age': 13}, 'phone': '(757)-429-7882', 'cell': '(404)-529-0382', 'id': {'name': '', 'value': None}, 'picture': {'large': 'https://randomuser.me/api/portraits/women/58.jpg', 'medium': 'https://randomuser.me/api/portraits/med/women/58.jpg', 'thumbnail': 'https://randomuser.me/api/portraits/thumb/women/58.jpg'}, 'nat': 'TR'}</msg>
<arg>${json_data['results'][0]}</arg>
<doc>Logs the given message with the given level.</doc>
<status status="PASS" start="2024-07-29T01:10:18.097626" elapsed="0.000456"/>
</kw>
<kw name="Log" owner="BuiltIn">
<msg time="2024-07-29T01:10:18.098513" level="INFO">gender</msg>
<arg>${key}</arg>
<doc>Logs the given message with the given level.</doc>
<status status="PASS" start="2024-07-29T01:10:18.098383" elapsed="0.000168"/>
</kw>
<var name="${key}">gender</var>
<status status="PASS" start="2024-07-29T01:10:18.096899" elapsed="0.001873"/>
</iter>
<iter>
<kw name="Dictionary Should Contain Key" owner="Collections">
<arg>${json_data['results'][0]}</arg>
<arg>${key}</arg>
<doc>Fails if ``key`` is not found from ``dictionary``.</doc>
<status status="PASS" start="2024-07-29T01:10:18.099066" elapsed="0.000387"/>
</kw>
<kw name="Log" owner="BuiltIn">
<msg time="2024-07-29T01:10:18.099996" level="INFO">{'gender': 'female', 'name': {'title': 'Mrs', 'first': 'Afşar', 'last': 'Taşçı'}, 'location': {'street': {'number': 3690, 'name': 'Mevlana Cd'}, 'city': 'Artvin', 'state': 'Afyonkarahisar', 'country': 'Turkey', 'postcode': 20749, 'coordinates': {'latitude': '70.6166', 'longitude': '44.3756'}, 'timezone': {'offset': '-2:00', 'description': 'Mid-Atlantic'}}, 'email': 'afsar.tasci@example.com', 'login': {'uuid': '1c965e10-1db2-458e-a447-53079c8b74fc', 'username': 'heavygoose311', 'password': 'diehard', 'salt': 'ZUltI6xq', 'md5': '3156e328765e7cae5ff59a75b3a5cae5', 'sha1': 'b01a676b841d7a21b34d7123721c22ba4425f437', 'sha256': '924cfb2616fd4c3cf1c9ff53f7282d4c1f700f24ebe54059d421b9707a059dc1'}, 'dob': {'date': '1947-10-08T07:30:30.610Z', 'age': 76}, 'registered': {'date': '2011-03-22T05:23:42.424Z', 'age': 13}, 'phone': '(757)-429-7882', 'cell': '(404)-529-0382', 'id': {'name': '', 'value': None}, 'picture': {'large': 'https://randomuser.me/api/portraits/women/58.jpg', 'medium': 'https://randomuser.me/api/portraits/med/women/58.jpg', 'thumbnail': 'https://randomuser.me/api/portraits/thumb/women/58.jpg'}, 'nat': 'TR'}</msg>
<arg>${json_data['results'][0]}</arg>
<doc>Logs the given message with the given level.</doc>
<status status="PASS" start="2024-07-29T01:10:18.099635" elapsed="0.000443"/>
</kw>
<kw name="Log" owner="BuiltIn">
<msg time="2024-07-29T01:10:18.100509" level="INFO">name</msg>
<arg>${key}</arg>
<doc>Logs the given message with the given level.</doc>
<status status="PASS" start="2024-07-29T01:10:18.100379" elapsed="0.000167"/>
</kw>
<var name="${key}">name</var>
<status status="PASS" start="2024-07-29T01:10:18.098955" elapsed="0.001808"/>
</iter>
<iter>
<kw name="Dictionary Should Contain Key" owner="Collections">
<arg>${json_data['results'][0]}</arg>
<arg>${key}</arg>
<doc>Fails if ``key`` is not found from ``dictionary``.</doc>
<status status="PASS" start="2024-07-29T01:10:18.101046" elapsed="0.000383"/>
</kw>
<kw name="Log" owner="BuiltIn">
<msg time="2024-07-29T01:10:18.101990" level="INFO">{'gender': 'female', 'name': {'title': 'Mrs', 'first': 'Afşar', 'last': 'Taşçı'}, 'location': {'street': {'number': 3690, 'name': 'Mevlana Cd'}, 'city': 'Artvin', 'state': 'Afyonkarahisar', 'country': 'Turkey', 'postcode': 20749, 'coordinates': {'latitude': '70.6166', 'longitude': '44.3756'}, 'timezone': {'offset': '-2:00', 'description': 'Mid-Atlantic'}}, 'email': 'afsar.tasci@example.com', 'login': {'uuid': '1c965e10-1db2-458e-a447-53079c8b74fc', 'username': 'heavygoose311', 'password': 'diehard', 'salt': 'ZUltI6xq', 'md5': '3156e328765e7cae5ff59a75b3a5cae5', 'sha1': 'b01a676b841d7a21b34d7123721c22ba4425f437', 'sha256': '924cfb2616fd4c3cf1c9ff53f7282d4c1f700f24ebe54059d421b9707a059dc1'}, 'dob': {'date': '1947-10-08T07:30:30.610Z', 'age': 76}, 'registered': {'date': '2011-03-22T05:23:42.424Z', 'age': 13}, 'phone': '(757)-429-7882', 'cell': '(404)-529-0382', 'id': {'name': '', 'value': None}, 'picture': {'large': 'https://randomuser.me/api/portraits/women/58.jpg', 'medium': 'https://randomuser.me/api/portraits/med/women/58.jpg', 'thumbnail': 'https://randomuser.me/api/portraits/thumb/women/58.jpg'}, 'nat': 'TR'}</msg>
<arg>${json_data['results'][0]}</arg>
<doc>Logs the given message with the given level.</doc>
<status status="PASS" start="2024-07-29T01:10:18.101616" elapsed="0.000422"/>
</kw>
<kw name="Log" owner="BuiltIn">
<msg time="2024-07-29T01:10:18.102459" level="INFO">location</msg>
<arg>${key}</arg>
<doc>Logs the given message with the given level.</doc>
<status status="PASS" start="2024-07-29T01:10:18.102331" elapsed="0.000165"/>
</kw>
<var name="${key}">location</var>
<status status="PASS" start="2024-07-29T01:10:18.100939" elapsed="0.001776"/>
</iter>
<iter>
<kw name="Dictionary Should Contain Key" owner="Collections">
<arg>${json_data['results'][0]}</arg>
<arg>${key}</arg>
<doc>Fails if ``key`` is not found from ``dictionary``.</doc>
<status status="PASS" start="2024-07-29T01:10:18.102991" elapsed="0.000381"/>
</kw>
<kw name="Log" owner="BuiltIn">
<msg time="2024-07-29T01:10:18.104019" level="INFO">{'gender': 'female', 'name': {'title': 'Mrs', 'first': 'Afşar', 'last': 'Taşçı'}, 'location': {'street': {'number': 3690, 'name': 'Mevlana Cd'}, 'city': 'Artvin', 'state': 'Afyonkarahisar', 'country': 'Turkey', 'postcode': 20749, 'coordinates': {'latitude': '70.6166', 'longitude': '44.3756'}, 'timezone': {'offset': '-2:00', 'description': 'Mid-Atlantic'}}, 'email': 'afsar.tasci@example.com', 'login': {'uuid': '1c965e10-1db2-458e-a447-53079c8b74fc', 'username': 'heavygoose311', 'password': 'diehard', 'salt': 'ZUltI6xq', 'md5': '3156e328765e7cae5ff59a75b3a5cae5', 'sha1': 'b01a676b841d7a21b34d7123721c22ba4425f437', 'sha256': '924cfb2616fd4c3cf1c9ff53f7282d4c1f700f24ebe54059d421b9707a059dc1'}, 'dob': {'date': '1947-10-08T07:30:30.610Z', 'age': 76}, 'registered': {'date': '2011-03-22T05:23:42.424Z', 'age': 13}, 'phone': '(757)-429-7882', 'cell': '(404)-529-0382', 'id': {'name': '', 'value': None}, 'picture': {'large': 'https://randomuser.me/api/portraits/women/58.jpg', 'medium': 'https://randomuser.me/api/portraits/med/women/58.jpg', 'thumbnail': 'https://randomuser.me/api/portraits/thumb/women/58.jpg'}, 'nat': 'TR'}</msg>
<arg>${json_data['results'][0]}</arg>
<doc>Logs the given message with the given level.</doc>
<status status="PASS" start="2024-07-29T01:10:18.103662" elapsed="0.000407"/>
</kw>
<kw name="Log" owner="BuiltIn">
<msg time="2024-07-29T01:10:18.104519" level="INFO">email</msg>
<arg>${key}</arg>
<doc>Logs the given message with the given level.</doc>
<status status="PASS" start="2024-07-29T01:10:18.104389" elapsed="0.000166"/>
</kw>
<var name="${key}">email</var>
<status status="PASS" start="2024-07-29T01:10:18.102883" elapsed="0.001887"/>
</iter>
<iter>
<kw name="Dictionary Should Contain Key" owner="Collections">
<arg>${json_data['results'][0]}</arg>
<arg>${key}</arg>
<doc>Fails if ``key`` is not found from ``dictionary``.</doc>
<status status="PASS" start="2024-07-29T01:10:18.105049" elapsed="0.000380"/>
</kw>
<kw name="Log" owner="BuiltIn">
<msg time="2024-07-29T01:10:18.105977" level="INFO">{'gender': 'female', 'name': {'title': 'Mrs', 'first': 'Afşar', 'last': 'Taşçı'}, 'location': {'street': {'number': 3690, 'name': 'Mevlana Cd'}, 'city': 'Artvin', 'state': 'Afyonkarahisar', 'country': 'Turkey', 'postcode': 20749, 'coordinates': {'latitude': '70.6166', 'longitude': '44.3756'}, 'timezone': {'offset': '-2:00', 'description': 'Mid-Atlantic'}}, 'email': 'afsar.tasci@example.com', 'login': {'uuid': '1c965e10-1db2-458e-a447-53079c8b74fc', 'username': 'heavygoose311', 'password': 'diehard', 'salt': 'ZUltI6xq', 'md5': '3156e328765e7cae5ff59a75b3a5cae5', 'sha1': 'b01a676b841d7a21b34d7123721c22ba4425f437', 'sha256': '924cfb2616fd4c3cf1c9ff53f7282d4c1f700f24ebe54059d421b9707a059dc1'}, 'dob': {'date': '1947-10-08T07:30:30.610Z', 'age': 76}, 'registered': {'date': '2011-03-22T05:23:42.424Z', 'age': 13}, 'phone': '(757)-429-7882', 'cell': '(404)-529-0382', 'id': {'name': '', 'value': None}, 'picture': {'large': 'https://randomuser.me/api/portraits/women/58.jpg', 'medium': 'https://randomuser.me/api/portraits/med/women/58.jpg', 'thumbnail': 'https://randomuser.me/api/portraits/thumb/women/58.jpg'}, 'nat': 'TR'}</msg>
<arg>${json_data['results'][0]}</arg>
<doc>Logs the given message with the given level.</doc>
<status status="PASS" start="2024-07-29T01:10:18.105608" elapsed="0.000425"/>
</kw>
<kw name="Log" owner="BuiltIn">
<msg time="2024-07-29T01:10:18.106452" level="INFO">login</msg>
<arg>${key}</arg>
<doc>Logs the given message with the given level.</doc>
<status status="PASS" start="2024-07-29T01:10:18.106325" elapsed="0.000163"/>
</kw>
<var name="${key}">login</var>
<status status="PASS" start="2024-07-29T01:10:18.104941" elapsed="0.001758"/>
</iter>
<var>${key}</var>
<value>@{expected_keys}</value>
<status status="PASS" start="2024-07-29T01:10:18.096713" elapsed="0.010105"/>
</for>
<kw name="Create List" owner="BuiltIn">
<msg time="2024-07-29T01:10:18.107135" level="INFO">${expected_keysTwo} = ['username', 'password']</msg>
<var>${expected_keysTwo}</var>
<arg>username</arg>
<arg>password</arg>
<doc>Returns a list containing given items.</doc>
<status status="PASS" start="2024-07-29T01:10:18.107002" elapsed="0.000156"/>
</kw>
<for flavor="IN">
<iter>
<kw name="Dictionary Should Contain Key" owner="Collections">
<arg>${json_data['results'][0]['login']}</arg>
<arg>${keyTwo}</arg>
<doc>Fails if ``key`` is not found from ``dictionary``.</doc>
<status status="PASS" start="2024-07-29T01:10:18.107682" elapsed="0.000379"/>
</kw>
<kw name="Dictionary Should Contain Key" owner="Collections">
<arg>${json_data['results'][0]['login']}</arg>
<arg>${keyTwo}</arg>
<doc>Fails if ``key`` is not found from ``dictionary``.</doc>
<status status="PASS" start="2024-07-29T01:10:18.108248" elapsed="0.000374"/>
</kw>
<kw name="Log" owner="BuiltIn">
<msg time="2024-07-29T01:10:18.108916" level="INFO">username</msg>
<arg>${keyTwo}</arg>
<doc>Logs the given message with the given level.</doc>
<status status="PASS" start="2024-07-29T01:10:18.108797" elapsed="0.000156"/>
</kw>
<var name="${keyTwo}">username</var>
<status status="PASS" start="2024-07-29T01:10:18.107576" elapsed="0.001594"/>
</iter>
<iter>
<kw name="Dictionary Should Contain Key" owner="Collections">
<arg>${json_data['results'][0]['login']}</arg>
<arg>${keyTwo}</arg>
<doc>Fails if ``key`` is not found from ``dictionary``.</doc>
<status status="PASS" start="2024-07-29T01:10:18.109450" elapsed="0.000379"/>
</kw>
<kw name="Dictionary Should Contain Key" owner="Collections">
<arg>${json_data['results'][0]['login']}</arg>
<arg>${keyTwo}</arg>
<doc>Fails if ``key`` is not found from ``dictionary``.</doc>
<status status="PASS" start="2024-07-29T01:10:18.110039" elapsed="0.000364"/>
</kw>
<kw name="Log" owner="BuiltIn">
<msg time="2024-07-29T01:10:18.110704" level="INFO">password</msg>
<arg>${keyTwo}</arg>
<doc>Logs the given message with the given level.</doc>
<status status="PASS" start="2024-07-29T01:10:18.110577" elapsed="0.000163"/>
</kw>
<var name="${keyTwo}">password</var>
<status status="PASS" start="2024-07-29T01:10:18.109339" elapsed="0.001622"/>
</iter>
<var>${keyTwo}</var>
<value>@{expected_keysTwo}</value>
<status status="PASS" start="2024-07-29T01:10:18.107423" elapsed="0.003659"/>
</for>
<status status="PASS" start="2024-07-29T01:10:17.975949" elapsed="0.135270"/>
</kw>
<doc>Testa a estrutura da resposta da API.</doc>
<tag>testeEstruturaResposta</tag>
<status status="PASS" start="2024-07-29T01:10:17.975353" elapsed="0.136010"/>
</test>
<test id="s1-s1-t4" name="Validar tipos de dados" line="28">
<kw name="Teste de Tipos de Dados" owner="random-user-service">
<kw name="GET On Session" owner="RequestsLibrary">
<msg time="2024-07-29T01:10:18.222529" level="INFO">GET Request : url=https://randomuser.me/api 
 path_url=/api 
 headers={'User-Agent': 'python-requests/2.32.3', 'Accept-Encoding': 'gzip, deflate', 'Accept': '*/*', 'Connection': 'keep-alive'} 
 body=None 
 </msg>
<msg time="2024-07-29T01:10:18.222618" level="INFO">GET Response : url=https://randomuser.me/api 
 status=200, reason=OK 
 headers={'Date': 'Mon, 29 Jul 2024 01:10:18 GMT', 'Content-Type': 'application/json; charset=utf-8', 'Transfer-Encoding': 'chunked', 'Connection': 'keep-alive', 'X-Powered-By': 'Express', 'Access-Control-Allow-Origin': '*', 'Cache-Control': 'no-cache', 'ETag': 'W/"49f-rVZlMtW5/Xl0fmHpuyQI3dCY2Do"', 'Vary': 'Accept-Encoding', 'Content-Encoding': 'gzip', 'CF-Cache-Status': 'DYNAMIC', 'Report-To': '{"endpoints":[{"url":"https:\\/\\/a.nel.cloudflare.com\\/report\\/v4?s=%2B4yZxM381inM2Kzn9XWl2jzPPrEwgq0GZ%2BgPBnh48ptE2QnS4qBrZ%2BJPwyFOnmUQlXXhIPk1aCl5ihThdxEX%2F8Z6QplaBN2iYtX58Gbv8zaBsTF88EEZEKBzP5Vawxy4"}],"group":"cf-nel","max_age":604800}', 'NEL': '{"success_fraction":0,"report_to":"cf-nel","max_age":604800}', 'Server': 'cloudflare', 'CF-RAY': '8aa93a7b3aa9f9d8-SJC', 'alt-svc': 'h3=":443"; ma=86400'} 
 body={"results":[{"gender":"male","name":{"title":"Monsieur","first":"Levi","last":"Rolland"},"location":{"street":{"number":4222,"name":"Rue Victor-Hugo"},"city":"Mendrisio","state":"Thurgau","country":"Switzerland","postcode":7483,"coordinates":{"latitude":"-63.9055","longitude":"-41.5984"},"timezone":{"offset":"+9:00","description":"Tokyo, Seoul, Osaka, Sapporo, Yakutsk"}},"email":"levi.rolland@example.com","login":{"uuid":"9ee6f8c9-b651-483d-92bc-79c5beb33948","username":"sadrabbit535","password":"brewster","salt":"TxwfGl2u","md5":"d1205ed0fd8c46e695017b4046afac9c","sha1":"b61fabc600005257d285d67779883ae2cade16f0","sha256":"0b1e30c835421b009a179f05d8a8211e4ebe035566911acf264d261894862ee8"},"dob":{"date":"1979-04-04T05:55:06.849Z","age":45},"registered":{"date":"2017-08-11T03:43:04.223Z","age":6},"phone":"079 711 53 53","cell":"076 903 74 95","id":{"name":"AVS","value":"756.6581.7659.92"},"picture":{"large":"https://randomuser.me/api/portraits/men/31.jpg","medium":"https://randomuser.me/api/portraits/med/men/31.jpg","thumbnail":"https://randomuser.me/api/portraits/thumb/men/31.jpg"},"nat":"CH"}],"info":{"seed":"317295857587c059","results":1,"page":1,"version":"1.4"}} 
 </msg>
<msg time="2024-07-29T01:10:18.222692" level="INFO">/opt/hostedtoolcache/Python/3.12.4/x64/lib/python3.12/site-packages/urllib3/connectionpool.py:1099: InsecureRequestWarning: Unverified HTTPS request is being made to host 'randomuser.me'. Adding certificate verification is strongly advised. See: https://urllib3.readthedocs.io/en/latest/advanced-usage.html#tls-warnings
  warnings.warn(</msg>
<msg time="2024-07-29T01:10:18.222819" level="INFO">${response} = &lt;Response [200]&gt;</msg>
<var>${response}</var>
<arg>consultarAPI</arg>
<arg>/api</arg>
<doc>Sends a GET request on a previously created HTTP Session.</doc>
<status status="PASS" start="2024-07-29T01:10:18.113833" elapsed="0.109041"/>
</kw>
<kw name="Set Variable" owner="BuiltIn">
<msg time="2024-07-29T01:10:18.223752" level="INFO">${json_data} = {'results': [{'gender': 'male', 'name': {'title': 'Monsieur', 'first': 'Levi', 'last': 'Rolland'}, 'location': {'street': {'number': 4222, 'name': 'Rue Victor-Hugo'}, 'city': 'Mendrisio', 'state': 'Th...</msg>
<var>${json_data}</var>
<arg>${response.json()}</arg>
<doc>Returns the given values which can then be assigned to a variables.</doc>
<status status="PASS" start="2024-07-29T01:10:18.223294" elapsed="0.000487"/>
</kw>
<kw name="Log" owner="BuiltIn">
<msg time="2024-07-29T01:10:18.224243" level="INFO">{'results': [{'gender': 'male', 'name': {'title': 'Monsieur', 'first': 'Levi', 'last': 'Rolland'}, 'location': {'street': {'number': 4222, 'name': 'Rue Victor-Hugo'}, 'city': 'Mendrisio', 'state': 'Thurgau', 'country': 'Switzerland', 'postcode': 7483, 'coordinates': {'latitude': '-63.9055', 'longitude': '-41.5984'}, 'timezone': {'offset': '+9:00', 'description': 'Tokyo, Seoul, Osaka, Sapporo, Yakutsk'}}, 'email': 'levi.rolland@example.com', 'login': {'uuid': '9ee6f8c9-b651-483d-92bc-79c5beb33948', 'username': 'sadrabbit535', 'password': 'brewster', 'salt': 'TxwfGl2u', 'md5': 'd1205ed0fd8c46e695017b4046afac9c', 'sha1': 'b61fabc600005257d285d67779883ae2cade16f0', 'sha256': '0b1e30c835421b009a179f05d8a8211e4ebe035566911acf264d261894862ee8'}, 'dob': {'date': '1979-04-04T05:55:06.849Z', 'age': 45}, 'registered': {'date': '2017-08-11T03:43:04.223Z', 'age': 6}, 'phone': '079 711 53 53', 'cell': '076 903 74 95', 'id': {'name': 'AVS', 'value': '756.6581.7659.92'}, 'picture': {'large': 'https://randomuser.me/api/portraits/men/31.jpg', 'medium': 'https://randomuser.me/api/portraits/med/men/31.jpg', 'thumbnail': 'https://randomuser.me/api/portraits/thumb/men/31.jpg'}, 'nat': 'CH'}], 'info': {'seed': '317295857587c059', 'results': 1, 'page': 1, 'version': '1.4'}}</msg>
<arg>${json_data}</arg>
<doc>Logs the given message with the given level.</doc>
<status status="PASS" start="2024-07-29T01:10:18.224087" elapsed="0.000205"/>
</kw>
<kw name="Should Be String" owner="String">
<arg>${json_data['results'][0]['gender']}</arg>
<doc>Fails if the given ``item`` is not a string.</doc>
<status status="PASS" start="2024-07-29T01:10:18.224587" elapsed="0.000369"/>
</kw>
<kw name="Should Match Regexp" owner="BuiltIn">
<arg>${json_data['results'][0]['email']}</arg>
<arg>^[a-zA-Z0-9._%+-]+@[a-zA-Z0-9.-]+\.[a-zA-Z]{2,}$</arg>
<doc>Fails if ``string`` does not match ``pattern`` as a regular expression.</doc>
<status status="PASS" start="2024-07-29T01:10:18.225146" elapsed="0.000520"/>
</kw>
<kw name="Should Match Regexp" owner="BuiltIn">
<arg>${json_data['results'][0]['dob']['date']}</arg>
<arg>\\d{4}-\\d{2}-\\d{2}T\\d{2}:\\d{2}:\\d{2}\\.\\d{3}Z</arg>
<doc>Fails if ``string`` does not match ``pattern`` as a regular expression.</doc>
<status status="PASS" start="2024-07-29T01:10:18.225941" elapsed="0.000614"/>
</kw>
<kw name="Should Match Regexp" owner="BuiltIn">
<arg>${json_data['results'][0]['registered']['date']}</arg>
<arg>\\d{4}-\\d{2}-\\d{2}T\\d{2}:\\d{2}:\\d{2}\\.\\d{3}Z</arg>
<doc>Fails if ``string`` does not match ``pattern`` as a regular expression.</doc>
<status status="PASS" start="2024-07-29T01:10:18.226751" elapsed="0.000375"/>
</kw>
<kw name="Should Match Regexp" owner="BuiltIn">
<arg>${json_data['results'][0]['picture']['large']}</arg>
<arg>^https?://.*\.(?:png|jpe?g|gif|bmp)$</arg>
<doc>Fails if ``string`` does not match ``pattern`` as a regular expression.</doc>
<status status="PASS" start="2024-07-29T01:10:18.227321" elapsed="0.000459"/>
</kw>
<kw name="Should Match Regexp" owner="BuiltIn">
<arg>${json_data['results'][0]['picture']['medium']}</arg>
<arg>^https?://.*\.(?:png|jpe?g|gif|bmp)$</arg>
<doc>Fails if ``string`` does not match ``pattern`` as a regular expression.</doc>
<status status="PASS" start="2024-07-29T01:10:18.227969" elapsed="0.000359"/>
</kw>
<kw name="Should Match Regexp" owner="BuiltIn">
<arg>${json_data['results'][0]['picture']['thumbnail']}</arg>
<arg>^https?://.*\.(?:png|jpe?g|gif|bmp)$</arg>
<doc>Fails if ``string`` does not match ``pattern`` as a regular expression.</doc>
<status status="PASS" start="2024-07-29T01:10:18.228515" elapsed="0.000351"/>
</kw>
<kw name="Log" owner="BuiltIn">
<msg time="2024-07-29T01:10:18.229374" level="INFO">{'large': 'https://randomuser.me/api/portraits/men/31.jpg', 'medium': 'https://randomuser.me/api/portraits/med/men/31.jpg', 'thumbnail': 'https://randomuser.me/api/portraits/thumb/men/31.jpg'}</msg>
<arg>${json_data['results'][0]['picture']}</arg>
<doc>Logs the given message with the given level.</doc>
<status status="PASS" start="2024-07-29T01:10:18.229048" elapsed="0.000370"/>
</kw>
<status status="PASS" start="2024-07-29T01:10:18.113614" elapsed="0.116060"/>
</kw>
<kw name="Teste de Tipos de Dados - Postcode" owner="random-user-service">
<kw name="GET On Session" owner="RequestsLibrary">
<msg time="2024-07-29T01:10:18.328740" level="INFO">GET Request : url=https://randomuser.me/api 
 path_url=/api 
 headers={'User-Agent': 'python-requests/2.32.3', 'Accept-Encoding': 'gzip, deflate', 'Accept': '*/*', 'Connection': 'keep-alive'} 
 body=None 
 </msg>
<msg time="2024-07-29T01:10:18.328816" level="INFO">GET Response : url=https://randomuser.me/api 
 status=200, reason=OK 
 headers={'Date': 'Mon, 29 Jul 2024 01:10:18 GMT', 'Content-Type': 'application/json; charset=utf-8', 'Transfer-Encoding': 'chunked', 'Connection': 'keep-alive', 'X-Powered-By': 'Express', 'Access-Control-Allow-Origin': '*', 'Cache-Control': 'no-cache', 'ETag': 'W/"485-cyXSnxFA/dI84G6AKxL4uD0WLlk"', 'Vary': 'Accept-Encoding', 'Content-Encoding': 'gzip', 'CF-Cache-Status': 'DYNAMIC', 'Report-To': '{"endpoints":[{"url":"https:\\/\\/a.nel.cloudflare.com\\/report\\/v4?s=ZD4nuEspcybLsUawR97H9xzRzDWW8Jk7mbDOIh4xCqxmzEem7DBHF89bvmyV6R3Zc9L75egFRMlDSymx1%2BzoSENKKdcMjEjw2B55EurVTDRXPoP2EDIB2SIYsWeeDcBO"}],"group":"cf-nel","max_age":604800}', 'NEL': '{"success_fraction":0,"report_to":"cf-nel","max_age":604800}', 'Server': 'cloudflare', 'CF-RAY': '8aa93a7bfb72f9d8-SJC', 'alt-svc': 'h3=":443"; ma=86400'} 
 body={"results":[{"gender":"male","name":{"title":"Mr","first":"Yarchik","last":"Hryapa"},"location":{"street":{"number":7614,"name":"Liskivska"},"city":"Suhodilsk","state":"Sumska","country":"Ukraine","postcode":34629,"coordinates":{"latitude":"81.1232","longitude":"-137.9816"},"timezone":{"offset":"-4:00","description":"Atlantic Time (Canada), Caracas, La Paz"}},"email":"yarchik.hryapa@example.com","login":{"uuid":"fe4c8db4-0ddb-492a-9dc3-be5c534685f3","username":"smallduck748","password":"spoons","salt":"b2ZRJkOJ","md5":"02f432a69c5e06ebea2686e8cf35f0ef","sha1":"e8f2e98ca94810dfac649d08e410d6959c75f08e","sha256":"dc4ab27875a017732d52415b9c706f03080d3fe6f7e2213ce0666f993c5abef3"},"dob":{"date":"1995-07-11T09:08:11.221Z","age":29},"registered":{"date":"2008-07-10T13:31:16.719Z","age":16},"phone":"(068) G23-5392","cell":"(098) W59-8091","id":{"name":"","value":null},"picture":{"large":"https://randomuser.me/api/portraits/men/80.jpg","medium":"https://randomuser.me/api/portraits/med/men/80.jpg","thumbnail":"https://randomuser.me/api/portraits/thumb/men/80.jpg"},"nat":"UA"}],"info":{"seed":"29e39467c419991d","results":1,"page":1,"version":"1.4"}} 
 </msg>
<msg time="2024-07-29T01:10:18.328886" level="INFO">/opt/hostedtoolcache/Python/3.12.4/x64/lib/python3.12/site-packages/urllib3/connectionpool.py:1099: InsecureRequestWarning: Unverified HTTPS request is being made to host 'randomuser.me'. Adding certificate verification is strongly advised. See: https://urllib3.readthedocs.io/en/latest/advanced-usage.html#tls-warnings
  warnings.warn(</msg>
<msg time="2024-07-29T01:10:18.328989" level="INFO">${response} = &lt;Response [200]&gt;</msg>
<var>${response}</var>
<arg>consultarAPI</arg>
<arg>/api</arg>
<doc>Sends a GET request on a previously created HTTP Session.</doc>
<status status="PASS" start="2024-07-29T01:10:18.230148" elapsed="0.098876"/>
</kw>
<kw name="Set Variable" owner="BuiltIn">
<msg time="2024-07-29T01:10:18.329891" level="INFO">${json_data} = {'results': [{'gender': 'male', 'name': {'title': 'Mr', 'first': 'Yarchik', 'last': 'Hryapa'}, 'location': {'street': {'number': 7614, 'name': 'Liskivska'}, 'city': 'Suhodilsk', 'state': 'Sumska', 'co...</msg>
<var>${json_data}</var>
<arg>${response.json()}</arg>
<doc>Returns the given values which can then be assigned to a variables.</doc>
<status status="PASS" start="2024-07-29T01:10:18.329428" elapsed="0.000496"/>
</kw>
<kw name="Log" owner="BuiltIn">
<msg time="2024-07-29T01:10:18.330393" level="INFO">{'results': [{'gender': 'male', 'name': {'title': 'Mr', 'first': 'Yarchik', 'last': 'Hryapa'}, 'location': {'street': {'number': 7614, 'name': 'Liskivska'}, 'city': 'Suhodilsk', 'state': 'Sumska', 'country': 'Ukraine', 'postcode': 34629, 'coordinates': {'latitude': '81.1232', 'longitude': '-137.9816'}, 'timezone': {'offset': '-4:00', 'description': 'Atlantic Time (Canada), Caracas, La Paz'}}, 'email': 'yarchik.hryapa@example.com', 'login': {'uuid': 'fe4c8db4-0ddb-492a-9dc3-be5c534685f3', 'username': 'smallduck748', 'password': 'spoons', 'salt': 'b2ZRJkOJ', 'md5': '02f432a69c5e06ebea2686e8cf35f0ef', 'sha1': 'e8f2e98ca94810dfac649d08e410d6959c75f08e', 'sha256': 'dc4ab27875a017732d52415b9c706f03080d3fe6f7e2213ce0666f993c5abef3'}, 'dob': {'date': '1995-07-11T09:08:11.221Z', 'age': 29}, 'registered': {'date': '2008-07-10T13:31:16.719Z', 'age': 16}, 'phone': '(068) G23-5392', 'cell': '(098) W59-8091', 'id': {'name': '', 'value': None}, 'picture': {'large': 'https://randomuser.me/api/portraits/men/80.jpg', 'medium': 'https://randomuser.me/api/portraits/med/men/80.jpg', 'thumbnail': 'https://randomuser.me/api/portraits/thumb/men/80.jpg'}, 'nat': 'UA'}], 'info': {'seed': '29e39467c419991d', 'results': 1, 'page': 1, 'version': '1.4'}}</msg>
<arg>${json_data}</arg>
<doc>Logs the given message with the given level.</doc>
<status status="PASS" start="2024-07-29T01:10:18.330239" elapsed="0.000200"/>
</kw>
<kw name="Should Be Equal As Numbers" owner="BuiltIn">
<arg>${json_data['results'][0]['location']['postcode']}</arg>
<arg>${json_data['results'][0]['location']['postcode']}</arg>
<doc>Fails if objects are unequal after converting them to real numbers.</doc>
<status status="PASS" start="2024-07-29T01:10:18.330732" elapsed="0.000620"/>
</kw>
<kw name="Log" owner="BuiltIn">
<msg time="2024-07-29T01:10:18.331885" level="INFO">34629</msg>
<arg>${json_data['results'][0]['location']['postcode']}</arg>
<doc>Logs the given message with the given level.</doc>
<status status="PASS" start="2024-07-29T01:10:18.331544" elapsed="0.000380"/>
</kw>
<status status="PASS" start="2024-07-29T01:10:18.229917" elapsed="0.102284"/>
</kw>
<doc>Testa se os tipos de dados na resposta da API estão corretos.</doc>
<tag>testeTiposDados</tag>
<status status="PASS" start="2024-07-29T01:10:18.113060" elapsed="0.219306"/>
</test>
<test id="s1-s1-t5" name="Validar conteudo" line="35">
<kw name="Teste de Tipos de Conteudo" owner="random-user-service">
<kw name="GET On Session" owner="RequestsLibrary">
<msg time="2024-07-29T01:10:18.455369" level="INFO">GET Request : url=https://randomuser.me/api 
 path_url=/api 
 headers={'User-Agent': 'python-requests/2.32.3', 'Accept-Encoding': 'gzip, deflate', 'Accept': '*/*', 'Connection': 'keep-alive'} 
 body=None 
 </msg>
<msg time="2024-07-29T01:10:18.455453" level="INFO">GET Response : url=https://randomuser.me/api 
 status=200, reason=OK 
 headers={'Date': 'Mon, 29 Jul 2024 01:10:18 GMT', 'Content-Type': 'application/json; charset=utf-8', 'Transfer-Encoding': 'chunked', 'Connection': 'keep-alive', 'X-Powered-By': 'Express', 'Access-Control-Allow-Origin': '*', 'Cache-Control': 'no-cache', 'ETag': 'W/"471-VbQgLzT+xJ9SdK3Y9al7oftDWl0"', 'Vary': 'Accept-Encoding', 'Content-Encoding': 'gzip', 'CF-Cache-Status': 'DYNAMIC', 'Report-To': '{"endpoints":[{"url":"https:\\/\\/a.nel.cloudflare.com\\/report\\/v4?s=lNyr8X28o%2F5F2yv5xWNP3jx7A6bdudrG3J9xrAVIH46hmMclbIH%2BS17UPwXrIMeoKNN%2BJTp4EW46uNslXX5Zt0oeS1lBLBSoA8oBOp1wxHWUOqPm9%2BIyyp8UkuMwf4%2F8"}],"group":"cf-nel","max_age":604800}', 'NEL': '{"success_fraction":0,"report_to":"cf-nel","max_age":604800}', 'Server': 'cloudflare', 'CF-RAY': '8aa93a7c9be2f9d8-SJC', 'alt-svc': 'h3=":443"; ma=86400'} 
 body={"results":[{"gender":"female","name":{"title":"Mrs","first":"Kamila","last":"Nysted"},"location":{"street":{"number":1591,"name":"Lille Huseby vei"},"city":"Slitu","state":"Akershus","country":"Norway","postcode":"3880","coordinates":{"latitude":"46.6310","longitude":"126.9433"},"timezone":{"offset":"-2:00","description":"Mid-Atlantic"}},"email":"kamila.nysted@example.com","login":{"uuid":"798628b0-78be-4cd8-9f02-2380558ab19a","username":"blackdog290","password":"1218","salt":"FR6UYGL9","md5":"908221d4f83801ebc292aeec7aedda1e","sha1":"6f047a4ef5e7443edc17ac78d0df0dc243bc8026","sha256":"143dd5788b7a4a7af8b51b66d2e6124055bd9903befce95daf170ae686caf0f5"},"dob":{"date":"1974-07-20T08:46:14.543Z","age":50},"registered":{"date":"2003-04-06T13:29:29.721Z","age":21},"phone":"55660666","cell":"99481538","id":{"name":"FN","value":"20077408682"},"picture":{"large":"https://randomuser.me/api/portraits/women/30.jpg","medium":"https://randomuser.me/api/portraits/med/women/30.jpg","thumbnail":"https://randomuser.me/api/portraits/thumb/women/30.jpg"},"nat":"NO"}],"info":{"seed":"123cea6a75326776","results":1,"page":1,"version":"1.4"}} 
 </msg>
<msg time="2024-07-29T01:10:18.455524" level="INFO">/opt/hostedtoolcache/Python/3.12.4/x64/lib/python3.12/site-packages/urllib3/connectionpool.py:1099: InsecureRequestWarning: Unverified HTTPS request is being made to host 'randomuser.me'. Adding certificate verification is strongly advised. See: https://urllib3.readthedocs.io/en/latest/advanced-usage.html#tls-warnings
  warnings.warn(</msg>
<msg time="2024-07-29T01:10:18.455607" level="INFO">${response} = &lt;Response [200]&gt;</msg>
<var>${response}</var>
<arg>consultarAPI</arg>
<arg>/api</arg>
<doc>Sends a GET request on a previously created HTTP Session.</doc>
<status status="PASS" start="2024-07-29T01:10:18.334734" elapsed="0.120908"/>
</kw>
<kw name="Set Variable" owner="BuiltIn">
<msg time="2024-07-29T01:10:18.456472" level="INFO">${json_data} = {'results': [{'gender': 'female', 'name': {'title': 'Mrs', 'first': 'Kamila', 'last': 'Nysted'}, 'location': {'street': {'number': 1591, 'name': 'Lille Huseby vei'}, 'city': 'Slitu', 'state': 'Akershu...</msg>
<var>${json_data}</var>
<arg>${response.json()}</arg>
<doc>Returns the given values which can then be assigned to a variables.</doc>
<status status="PASS" start="2024-07-29T01:10:18.456006" elapsed="0.000496"/>
</kw>
<kw name="Set Variable" owner="BuiltIn">
<msg time="2024-07-29T01:10:18.457189" level="INFO">${name_title} = Mrs</msg>
<var>${name_title}</var>
<arg>${json_data["results"][0]["name"]["title"]}</arg>
<doc>Returns the given values which can then be assigned to a variables.</doc>
<status status="PASS" start="2024-07-29T01:10:18.456807" elapsed="0.000407"/>
</kw>
<kw name="Create List" owner="BuiltIn">
<msg time="2024-07-29T01:10:18.457662" level="INFO">${allowed_titles} = ['Mr', 'Ms', 'Miss', 'Mrs', 'Madame', 'Monsieur']</msg>
<var>${allowed_titles}</var>
<arg>Mr</arg>
<arg>Ms</arg>
<arg>Miss</arg>
<arg>Mrs</arg>
<arg>Madame</arg>
<arg>Monsieur</arg>
<doc>Returns a list containing given items.</doc>
<status status="PASS" start="2024-07-29T01:10:18.457511" elapsed="0.000176"/>
</kw>
<kw name="List Should Contain Value" owner="Collections">
<arg>${allowed_titles}</arg>
<arg>${name_title}</arg>
<doc>Fails if the ``value`` is not found from ``list``.</doc>
<status status="PASS" start="2024-07-29T01:10:18.458021" elapsed="0.000183"/>
</kw>
<kw name="Set Variable" owner="BuiltIn">
<msg time="2024-07-29T01:10:18.458756" level="INFO">${name_country} = NO</msg>
<var>${name_country}</var>
<arg>${json_data["results"][0]["nat"]}</arg>
<doc>Returns the given values which can then be assigned to a variables.</doc>
<status status="PASS" start="2024-07-29T01:10:18.458385" elapsed="0.000396"/>
</kw>
<kw name="Create List" owner="BuiltIn">
<msg time="2024-07-29T01:10:18.459660" level="INFO">${list_country} = ['AD', 'AE', 'AF', 'AG', 'AI', 'AL', 'AM', 'AO', 'AQ', 'AR', 'AS', 'AT', 'AU', 'AW', 'AX', 'AZ', 'BA', 'BB', 'BD', 'BE', 'BF', 'BG', 'BH', 'BI', 'BJ', 'BL', 'BM', 'BN', 'BO', 'BQ', 'BR', 'BS', 'BT', '...</msg>
<var>${list_country}</var>
<arg>AD</arg>
<arg>AE</arg>
<arg>AF</arg>
<arg>AG</arg>
<arg>AI</arg>
<arg>AL</arg>
<arg>AM</arg>
<arg>AO</arg>
<arg>AQ</arg>
<arg>AR</arg>
<arg>AS</arg>
<arg>AT</arg>
<arg>AU</arg>
<arg>AW</arg>
<arg>AX</arg>
<arg>AZ</arg>
<arg>BA</arg>
<arg>BB</arg>
<arg>BD</arg>
<arg>BE</arg>
<arg>BF</arg>
<arg>BG</arg>
<arg>BH</arg>
<arg>BI</arg>
<arg>BJ</arg>
<arg>BL</arg>
<arg>BM</arg>
<arg>BN</arg>
<arg>BO</arg>
<arg>BQ</arg>
<arg>BR</arg>
<arg>BS</arg>
<arg>BT</arg>
<arg>BV</arg>
<arg>BW</arg>
<arg>BY</arg>
<arg>BZ</arg>
<arg>CA</arg>
<arg>CC</arg>
<arg>CD</arg>
<arg>CF</arg>
<arg>CG</arg>
<arg>CH</arg>
<arg>CI</arg>
<arg>CK</arg>
<arg>CL</arg>
<arg>CM</arg>
<arg>CN</arg>
<arg>CO</arg>
<arg>CR</arg>
<arg>CU</arg>
<arg>CV</arg>
<arg>CW</arg>
<arg>CX</arg>
<arg>CY</arg>
<arg>CZ</arg>
<arg>DE</arg>
<arg>DJ</arg>
<arg>DK</arg>
<arg>DM</arg>
<arg>DO</arg>
<arg>DZ</arg>
<arg>EC</arg>
<arg>EE</arg>
<arg>EG</arg>
<arg>EH</arg>
<arg>ER</arg>
<arg>ES</arg>
<arg>ET</arg>
<arg>FI</arg>
<arg>FJ</arg>
<arg>FK</arg>
<arg>FM</arg>
<arg>FO</arg>
<arg>FR</arg>
<arg>GA</arg>
<arg>GB</arg>
<arg>GD</arg>
<arg>GE</arg>
<arg>GF</arg>
<arg>GG</arg>
<arg>GH</arg>
<arg>GI</arg>
<arg>GL</arg>
<arg>GM</arg>
<arg>GN</arg>
<arg>GP</arg>
<arg>GQ</arg>
<arg>GR</arg>
<arg>GS</arg>
<arg>GT</arg>
<arg>GU</arg>
<arg>GW</arg>
<arg>GY</arg>
<arg>HK</arg>
<arg>HM</arg>
<arg>HN</arg>
<arg>HR</arg>
<arg>HT</arg>
<arg>HU</arg>
<arg>ID</arg>
<arg>IE</arg>
<arg>IL</arg>
<arg>IM</arg>
<arg>IN</arg>
<arg>IO</arg>
<arg>IQ</arg>
<arg>IR</arg>
<arg>IS</arg>
<arg>IT</arg>
<arg>JE</arg>
<arg>JM</arg>
<arg>JO</arg>
<arg>JP</arg>
<arg>KE</arg>
<arg>KG</arg>
<arg>KH</arg>
<arg>KI</arg>
<arg>KM</arg>
<arg>KN</arg>
<arg>KP</arg>
<arg>KR</arg>
<arg>KW</arg>
<arg>KY</arg>
<arg>KZ</arg>
<arg>LA</arg>
<arg>LB</arg>
<arg>LC</arg>
<arg>LI</arg>
<arg>LK</arg>
<arg>LR</arg>
<arg>LS</arg>
<arg>LT</arg>
<arg>LU</arg>
<arg>LV</arg>
<arg>LY</arg>
<arg>MA</arg>
<arg>MC</arg>
<arg>MD</arg>
<arg>ME</arg>
<arg>MF</arg>
<arg>MG</arg>
<arg>MH</arg>
<arg>MK</arg>
<arg>ML</arg>
<arg>MM</arg>
<arg>MN</arg>
<arg>MO</arg>
<arg>MP</arg>
<arg>MQ</arg>
<arg>MR</arg>
<arg>MS</arg>
<arg>MT</arg>
<arg>MU</arg>
<arg>MV</arg>
<arg>MW</arg>
<arg>MX</arg>
<arg>MY</arg>
<arg>MZ</arg>
<arg>NA</arg>
<arg>NC</arg>
<arg>NE</arg>
<arg>NF</arg>
<arg>NG</arg>
<arg>NI</arg>
<arg>NL</arg>
<arg>NO</arg>
<arg>NP</arg>
<arg>NR</arg>
<arg>NU</arg>
<arg>NZ</arg>
<arg>OM</arg>
<arg>PA</arg>
<arg>PE</arg>
<arg>PF</arg>
<arg>PG</arg>
<arg>PH</arg>
<arg>PK</arg>
<arg>PL</arg>
<arg>PM</arg>
<arg>PN</arg>
<arg>PR</arg>
<arg>PS</arg>
<arg>PT</arg>
<arg>PW</arg>
<arg>PY</arg>
<arg>QA</arg>
<arg>RE</arg>
<arg>RO</arg>
<arg>RS</arg>
<arg>RU</arg>
<arg>RW</arg>
<arg>SA</arg>
<arg>SB</arg>
<arg>SC</arg>
<arg>SD</arg>
<arg>SE</arg>
<arg>SG</arg>
<arg>SH</arg>
<arg>SI</arg>
<arg>SJ</arg>
<arg>SK</arg>
<arg>SL</arg>
<arg>SM</arg>
<arg>SN</arg>
<arg>SO</arg>
<arg>SR</arg>
<arg>SS</arg>
<arg>ST</arg>
<arg>SV</arg>
<arg>SX</arg>
<arg>SY</arg>
<arg>SZ</arg>
<arg>TC</arg>
<arg>TD</arg>
<arg>TF</arg>
<arg>TG</arg>
<arg>TH</arg>
<arg>TJ</arg>
<arg>TK</arg>
<arg>TL</arg>
<arg>TM</arg>
<arg>TN</arg>
<arg>TO</arg>
<arg>TR</arg>
<arg>TT</arg>
<arg>TV</arg>
<arg>TW</arg>
<arg>TZ</arg>
<arg>UA</arg>
<arg>UG</arg>
<arg>UM</arg>
<arg>US</arg>
<arg>UY</arg>
<arg>UZ</arg>
<arg>VA</arg>
<arg>VC</arg>
<arg>VE</arg>
<arg>VG</arg>
<arg>VI</arg>
<arg>VN</arg>
<arg>VU</arg>
<arg>WF</arg>
<arg>WS</arg>
<arg>XK</arg>
<arg>YE</arg>
<arg>YT</arg>
<arg>ZA</arg>
<arg>ZM</arg>
<arg>ZW</arg>
<doc>Returns a list containing given items.</doc>
<status status="PASS" start="2024-07-29T01:10:18.459069" elapsed="0.000617"/>
</kw>
<kw name="List Should Contain Value" owner="Collections">
<arg>${list_country}</arg>
<arg>${name_country}</arg>
<doc>Fails if the ``value`` is not found from ``list``.</doc>
<status status="PASS" start="2024-07-29T01:10:18.460615" elapsed="0.000209"/>
</kw>
<kw name="Run Keyword If" owner="BuiltIn">
<kw name="Should Be True" owner="BuiltIn">
<arg>${True}</arg>
<doc>Fails if the given condition is not true.</doc>
<status status="PASS" start="2024-07-29T01:10:18.461761" elapsed="0.000164"/>
</kw>
<arg>${json_data["results"][0]["location"]["coordinates"]["latitude"]} &gt;= -90 and ${json_data["results"][0]["location"]["coordinates"]["latitude"]} &lt;= 90</arg>
<arg>Should Be True</arg>
<arg>${True}</arg>
<doc>Runs the given keyword with the given arguments, if ``condition`` is true.</doc>
<status status="PASS" start="2024-07-29T01:10:18.461024" elapsed="0.001027"/>
</kw>
<kw name="Run Keyword If" owner="BuiltIn">
<kw name="Should Be True" owner="BuiltIn">
<arg>${True}</arg>
<doc>Fails if the given condition is not true.</doc>
<status status="PASS" start="2024-07-29T01:10:18.462919" elapsed="0.000136"/>
</kw>
<arg>${json_data["results"][0]["location"]["coordinates"]["longitude"]} &gt;= -180 and ${json_data["results"][0]["location"]["coordinates"]["longitude"]} &lt;= 180</arg>
<arg>Should Be True</arg>
<arg>${True}</arg>
<doc>Runs the given keyword with the given arguments, if ``condition`` is true.</doc>
<status status="PASS" start="2024-07-29T01:10:18.462232" elapsed="0.000951"/>
</kw>
<status status="PASS" start="2024-07-29T01:10:18.334517" elapsed="0.128792"/>
</kw>
<doc>Testa o conteúdo específico dos campos retornados pela API.</doc>
<tag>testeConteudo</tag>
<status status="PASS" start="2024-07-29T01:10:18.334081" elapsed="0.129369"/>
</test>
<status status="PASS" start="2024-07-29T01:10:17.293731" elapsed="1.171533"/>
</suite>
<status status="PASS" start="2024-07-29T01:10:17.279516" elapsed="1.190711"/>
</suite>
<statistics>
<total>
<stat pass="5" fail="0" skip="0">All Tests</stat>
</total>
<tag>
<stat pass="1" fail="0" skip="0">testeConteudo</stat>
<stat pass="1" fail="0" skip="0">testeEstruturaResposta</stat>
<stat pass="1" fail="0" skip="0">testeRequisicaoBasica</stat>
<stat pass="1" fail="0" skip="0">testeTiposDados</stat>
</tag>
<suite>
<stat pass="5" fail="0" skip="0" id="s1" name="Tests">Tests</stat>
<stat pass="5" fail="0" skip="0" id="s1-s1" name="Random-User-Test">Tests.Random-User-Test</stat>
</suite>
</statistics>
<errors>
</errors>
</robot>
