<?xml version="1.0" encoding="UTF-8"?>
<robot generator="Robot 7.0.1 (Python 3.12.4 on linux)" generated="2024-08-08T17:13:56.710409" rpa="false" schemaversion="5">
<suite id="s1" name="Tests" source="/home/runner/work/ApiRandomUser/ApiRandomUser/RamdonUser/tests">
<suite id="s1-s1" name="Random-User-Test" source="/home/runner/work/ApiRandomUser/ApiRandomUser/RamdonUser/tests/random-user-test.robot">
<test id="s1-s1-t1" name="Conectar" line="13">
<kw name="Conectar API" owner="random-user-service">
<kw name="Create Session" owner="RequestsLibrary">
<msg time="2024-08-08T17:13:57.185138" level="INFO">Creating Session using : alias=consultarAPI, url=https://randomuser.me/, headers={},                     cookies={}, auth=None, timeout=None, proxies=None, verify=False,                     debug=0 </msg>
<arg>consultarAPI</arg>
<arg>${URL}</arg>
<doc>Create Session: create a HTTP session to a server</doc>
<status status="PASS" start="2024-08-08T17:13:57.184930" elapsed="0.000402"/>
</kw>
<status status="PASS" start="2024-08-08T17:13:57.183847" elapsed="0.001858"/>
</kw>
<status status="PASS" start="2024-08-08T17:13:57.183235" elapsed="0.002670"/>
</test>
<test id="s1-s1-t2" name="Validar retorno 200 e JSON Válido" line="16">
<kw name="Teste de Requisicao Basica" owner="random-user-service">
<kw name="GET On Session" owner="RequestsLibrary">
<msg time="2024-08-08T17:13:57.411421" level="INFO">GET Request : url=https://randomuser.me/api 
 path_url=/api 
 headers={'User-Agent': 'python-requests/2.32.3', 'Accept-Encoding': 'gzip, deflate', 'Accept': '*/*', 'Connection': 'keep-alive'} 
 body=None 
 </msg>
<msg time="2024-08-08T17:13:57.411583" level="INFO">GET Response : url=https://randomuser.me/api 
 status=200, reason=OK 
 headers={'Date': 'Thu, 08 Aug 2024 17:13:57 GMT', 'Content-Type': 'application/json; charset=utf-8', 'Transfer-Encoding': 'chunked', 'Connection': 'keep-alive', 'X-Powered-By': 'Express', 'Access-Control-Allow-Origin': '*', 'Cache-Control': 'no-cache', 'ETag': 'W/"48d-scStvp144z+eJZ/uD9Q7tdfLigQ"', 'Vary': 'Accept-Encoding', 'Content-Encoding': 'gzip', 'CF-Cache-Status': 'DYNAMIC', 'Report-To': '{"endpoints":[{"url":"https:\\/\\/a.nel.cloudflare.com\\/report\\/v4?s=WA4cSGYfaVWV9h7WjyFqb5UBftQTf5leXhADFHyqR5gTVXx0dXJO4E7JvY%2FA0y47HuuKp2AehK7DohMBnkdYR6hT87B8Dfr8txFQu%2BrPiwEg2iwBA7zk30idbL3sSmyi"}],"group":"cf-nel","max_age":604800}', 'NEL': '{"success_fraction":0,"report_to":"cf-nel","max_age":604800}', 'Server': 'cloudflare', 'CF-RAY': '8b0123d56c1dc973-IAD', 'alt-svc': 'h3=":443"; ma=86400'} 
 body={"results":[{"gender":"male","name":{"title":"Mr","first":"Stepan","last":"Ohrimenko"},"location":{"street":{"number":2587,"name":"Horvatska"},"city":"Piryatin","state":"Harkivska","country":"Ukraine","postcode":87012,"coordinates":{"latitude":"73.1432","longitude":"-81.0221"},"timezone":{"offset":"-4:00","description":"Atlantic Time (Canada), Caracas, La Paz"}},"email":"stepan.ohrimenko@example.com","login":{"uuid":"da443add-6f69-49b2-b041-9f86cebc86f7","username":"crazybutterfly630","password":"1949","salt":"A0zJJTjD","md5":"e4b2d76e3818b0720ee942b715b27e29","sha1":"c1d0feb29310ce7c5bdb63bea5e9ff25b00f5820","sha256":"851360393de1bd11460df4e8aa22fa942db3b9a6e0ab63ea4c0976fac4754a9e"},"dob":{"date":"1999-09-11T10:20:08.512Z","age":24},"registered":{"date":"2013-04-02T20:45:45.133Z","age":11},"phone":"(098) X77-5494","cell":"(066) J28-4893","id":{"name":"","value":null},"picture":{"large":"https://randomuser.me/api/portraits/men/43.jpg","medium":"https://randomuser.me/api/portraits/med/men/43.jpg","thumbnail":"https://randomuser.me/api/portraits/thumb/men/43.jpg"},"nat":"UA"}],"info":{"seed":"e30f82cfab86605c","results":1,"page":1,"version":"1.4"}} 
 </msg>
<msg time="2024-08-08T17:13:57.411675" level="INFO">/opt/hostedtoolcache/Python/3.12.4/x64/lib/python3.12/site-packages/urllib3/connectionpool.py:1099: InsecureRequestWarning: Unverified HTTPS request is being made to host 'randomuser.me'. Adding certificate verification is strongly advised. See: https://urllib3.readthedocs.io/en/latest/advanced-usage.html#tls-warnings
  warnings.warn(</msg>
<msg time="2024-08-08T17:13:57.411816" level="INFO">${response} = &lt;Response [200]&gt;</msg>
<var>${response}</var>
<arg>consultarAPI</arg>
<arg>/api</arg>
<doc>Sends a GET request on a previously created HTTP Session.</doc>
<status status="PASS" start="2024-08-08T17:13:57.188540" elapsed="0.223309"/>
</kw>
<kw name="Should Be Equal As Numbers" owner="BuiltIn">
<msg time="2024-08-08T17:13:57.412932" level="INFO">Argument types are:
&lt;class 'int'&gt;
&lt;class 'str'&gt;</msg>
<arg>${response.status_code}</arg>
<arg>200</arg>
<doc>Fails if objects are unequal after converting them to real numbers.</doc>
<status status="PASS" start="2024-08-08T17:13:57.412451" elapsed="0.000552"/>
</kw>
<kw name="Log" owner="BuiltIn">
<msg time="2024-08-08T17:13:57.413754" level="INFO">200</msg>
<arg>${response.status_code}</arg>
<doc>Logs the given message with the given level.</doc>
<status status="PASS" start="2024-08-08T17:13:57.413369" elapsed="0.000429"/>
</kw>
<kw name="Set Variable" owner="BuiltIn">
<msg time="2024-08-08T17:13:57.414646" level="INFO">${json_data} = {'results': [{'gender': 'male', 'name': {'title': 'Mr', 'first': 'Stepan', 'last': 'Ohrimenko'}, 'location': {'street': {'number': 2587, 'name': 'Horvatska'}, 'city': 'Piryatin', 'state': 'Harkivska',...</msg>
<var>${json_data}</var>
<arg>${response.json()}</arg>
<doc>Returns the given values which can then be assigned to a variables.</doc>
<status status="PASS" start="2024-08-08T17:13:57.414171" elapsed="0.000505"/>
</kw>
<kw name="Dictionary Should Contain Key" owner="Collections">
<arg>${json_data}</arg>
<arg>results</arg>
<doc>Fails if ``key`` is not found from ``dictionary``.</doc>
<status status="PASS" start="2024-08-08T17:13:57.414996" elapsed="0.000359"/>
</kw>
<status status="PASS" start="2024-08-08T17:13:57.188290" elapsed="0.227226"/>
</kw>
<doc>Testa se a API responde corretamente e retorna um objeto JSON válido.</doc>
<tag>testeRequisicaoBasica</tag>
<status status="PASS" start="2024-08-08T17:13:57.187813" elapsed="0.227891"/>
</test>
<test id="s1-s1-t3" name="Validar estrutura de resposta" line="22">
<kw name="Teste de Estrutura de Resposta" owner="random-user-service">
<kw name="GET On Session" owner="RequestsLibrary">
<msg time="2024-08-08T17:13:57.486035" level="INFO">GET Request : url=https://randomuser.me/api 
 path_url=/api 
 headers={'User-Agent': 'python-requests/2.32.3', 'Accept-Encoding': 'gzip, deflate', 'Accept': '*/*', 'Connection': 'keep-alive'} 
 body=None 
 </msg>
<msg time="2024-08-08T17:13:57.486196" level="INFO">GET Response : url=https://randomuser.me/api 
 status=200, reason=OK 
 headers={'Date': 'Thu, 08 Aug 2024 17:13:57 GMT', 'Content-Type': 'application/json; charset=utf-8', 'Transfer-Encoding': 'chunked', 'Connection': 'keep-alive', 'X-Powered-By': 'Express', 'Access-Control-Allow-Origin': '*', 'Cache-Control': 'no-cache', 'ETag': 'W/"488-oMY4VcOL2G8ADuBspLdSRWC9vbI"', 'Vary': 'Accept-Encoding', 'Content-Encoding': 'gzip', 'CF-Cache-Status': 'DYNAMIC', 'Report-To': '{"endpoints":[{"url":"https:\\/\\/a.nel.cloudflare.com\\/report\\/v4?s=P2lzYiguV%2BoExczjQmfVSFUoH57fWVKpP5Boa8FfodQUzGeKzhSrkDGm7cp9N2Yp8kx16ZQN4mLKxGM2rC%2FIfnItGbbsoVdIzbH3NIMt7vRBLLWQY7FVY1hTjPdHpSNi"}],"group":"cf-nel","max_age":604800}', 'NEL': '{"success_fraction":0,"report_to":"cf-nel","max_age":604800}', 'Server': 'cloudflare', 'CF-RAY': '8b0123d5ed98c973-IAD', 'alt-svc': 'h3=":443"; ma=86400'} 
 body={"results":[{"gender":"male","name":{"title":"Mr","first":"Cristóbal","last":"Marín"},"location":{"street":{"number":248,"name":"Calle Covadonga"},"city":"Elche","state":"Región de Murcia","country":"Spain","postcode":12785,"coordinates":{"latitude":"-37.8388","longitude":"-88.2038"},"timezone":{"offset":"-12:00","description":"Eniwetok, Kwajalein"}},"email":"cristobal.marin@example.com","login":{"uuid":"380033f0-3c29-426d-ae46-c9e4f0b57cd3","username":"crazygorilla798","password":"twisted","salt":"pUhKjyZi","md5":"c75ad256e2f6f85d71322f1340768145","sha1":"9436c9f1a320523d0640cc6fa873093c723a711e","sha256":"5d8b03be2b25d4aaca842615246c086684f8e8564aa59b140f450f582ad482c3"},"dob":{"date":"1976-08-16T06:45:01.735Z","age":47},"registered":{"date":"2019-12-22T03:53:22.682Z","age":4},"phone":"990-734-782","cell":"639-323-157","id":{"name":"DNI","value":"77933230-Q"},"picture":{"large":"https://randomuser.me/api/portraits/men/26.jpg","medium":"https://randomuser.me/api/portraits/med/men/26.jpg","thumbnail":"https://randomuser.me/api/portraits/thumb/men/26.jpg"},"nat":"ES"}],"info":{"seed":"f44e359f0986ab12","results":1,"page":1,"version":"1.4"}} 
 </msg>
<msg time="2024-08-08T17:13:57.486367" level="INFO">/opt/hostedtoolcache/Python/3.12.4/x64/lib/python3.12/site-packages/urllib3/connectionpool.py:1099: InsecureRequestWarning: Unverified HTTPS request is being made to host 'randomuser.me'. Adding certificate verification is strongly advised. See: https://urllib3.readthedocs.io/en/latest/advanced-usage.html#tls-warnings
  warnings.warn(</msg>
<msg time="2024-08-08T17:13:57.486499" level="INFO">${response} = &lt;Response [200]&gt;</msg>
<var>${response}</var>
<arg>consultarAPI</arg>
<arg>/api</arg>
<doc>Sends a GET request on a previously created HTTP Session.</doc>
<status status="PASS" start="2024-08-08T17:13:57.418422" elapsed="0.068105"/>
</kw>
<kw name="Set Variable" owner="BuiltIn">
<msg time="2024-08-08T17:13:57.487619" level="INFO">${json_data} = {'results': [{'gender': 'male', 'name': {'title': 'Mr', 'first': 'Cristóbal', 'last': 'Marín'}, 'location': {'street': {'number': 248, 'name': 'Calle Covadonga'}, 'city': 'Elche', 'state': 'Región de ...</msg>
<var>${json_data}</var>
<arg>${response.json()}</arg>
<doc>Returns the given values which can then be assigned to a variables.</doc>
<status status="PASS" start="2024-08-08T17:13:57.487073" elapsed="0.000576"/>
</kw>
<kw name="Log" owner="BuiltIn">
<msg time="2024-08-08T17:13:57.488185" level="INFO">{'results': [{'gender': 'male', 'name': {'title': 'Mr', 'first': 'Cristóbal', 'last': 'Marín'}, 'location': {'street': {'number': 248, 'name': 'Calle Covadonga'}, 'city': 'Elche', 'state': 'Región de Murcia', 'country': 'Spain', 'postcode': 12785, 'coordinates': {'latitude': '-37.8388', 'longitude': '-88.2038'}, 'timezone': {'offset': '-12:00', 'description': 'Eniwetok, Kwajalein'}}, 'email': 'cristobal.marin@example.com', 'login': {'uuid': '380033f0-3c29-426d-ae46-c9e4f0b57cd3', 'username': 'crazygorilla798', 'password': 'twisted', 'salt': 'pUhKjyZi', 'md5': 'c75ad256e2f6f85d71322f1340768145', 'sha1': '9436c9f1a320523d0640cc6fa873093c723a711e', 'sha256': '5d8b03be2b25d4aaca842615246c086684f8e8564aa59b140f450f582ad482c3'}, 'dob': {'date': '1976-08-16T06:45:01.735Z', 'age': 47}, 'registered': {'date': '2019-12-22T03:53:22.682Z', 'age': 4}, 'phone': '990-734-782', 'cell': '639-323-157', 'id': {'name': 'DNI', 'value': '77933230-Q'}, 'picture': {'large': 'https://randomuser.me/api/portraits/men/26.jpg', 'medium': 'https://randomuser.me/api/portraits/med/men/26.jpg', 'thumbnail': 'https://randomuser.me/api/portraits/thumb/men/26.jpg'}, 'nat': 'ES'}], 'info': {'seed': 'f44e359f0986ab12', 'results': 1, 'page': 1, 'version': '1.4'}}</msg>
<arg>${json_data}</arg>
<doc>Logs the given message with the given level.</doc>
<status status="PASS" start="2024-08-08T17:13:57.488009" elapsed="0.000230"/>
</kw>
<kw name="Dictionary Should Contain Key" owner="Collections">
<arg>${json_data}</arg>
<arg>results</arg>
<doc>Fails if ``key`` is not found from ``dictionary``.</doc>
<status status="PASS" start="2024-08-08T17:13:57.488548" elapsed="0.000173"/>
</kw>
<kw name="Should Not Be Empty" owner="BuiltIn">
<msg time="2024-08-08T17:13:57.489038" level="INFO">Length is 2.</msg>
<arg>${json_data}</arg>
<doc>Verifies that the given item is not empty.</doc>
<status status="PASS" start="2024-08-08T17:13:57.488909" elapsed="0.000170"/>
</kw>
<kw name="Create List" owner="BuiltIn">
<msg time="2024-08-08T17:13:57.489542" level="INFO">${expected_keys} = ['gender', 'name', 'location', 'email', 'login']</msg>
<var>${expected_keys}</var>
<arg>gender</arg>
<arg>name</arg>
<arg>location</arg>
<arg>email</arg>
<arg>login</arg>
<doc>Returns a list containing given items.</doc>
<status status="PASS" start="2024-08-08T17:13:57.489390" elapsed="0.000176"/>
</kw>
<for flavor="IN">
<iter>
<kw name="Dictionary Should Contain Key" owner="Collections">
<arg>${json_data['results'][0]}</arg>
<arg>${key}</arg>
<doc>Fails if ``key`` is not found from ``dictionary``.</doc>
<status status="PASS" start="2024-08-08T17:13:57.490216" elapsed="0.000427"/>
</kw>
<kw name="Log" owner="BuiltIn">
<msg time="2024-08-08T17:13:57.491203" level="INFO">{'gender': 'male', 'name': {'title': 'Mr', 'first': 'Cristóbal', 'last': 'Marín'}, 'location': {'street': {'number': 248, 'name': 'Calle Covadonga'}, 'city': 'Elche', 'state': 'Región de Murcia', 'country': 'Spain', 'postcode': 12785, 'coordinates': {'latitude': '-37.8388', 'longitude': '-88.2038'}, 'timezone': {'offset': '-12:00', 'description': 'Eniwetok, Kwajalein'}}, 'email': 'cristobal.marin@example.com', 'login': {'uuid': '380033f0-3c29-426d-ae46-c9e4f0b57cd3', 'username': 'crazygorilla798', 'password': 'twisted', 'salt': 'pUhKjyZi', 'md5': 'c75ad256e2f6f85d71322f1340768145', 'sha1': '9436c9f1a320523d0640cc6fa873093c723a711e', 'sha256': '5d8b03be2b25d4aaca842615246c086684f8e8564aa59b140f450f582ad482c3'}, 'dob': {'date': '1976-08-16T06:45:01.735Z', 'age': 47}, 'registered': {'date': '2019-12-22T03:53:22.682Z', 'age': 4}, 'phone': '990-734-782', 'cell': '639-323-157', 'id': {'name': 'DNI', 'value': '77933230-Q'}, 'picture': {'large': 'https://randomuser.me/api/portraits/men/26.jpg', 'medium': 'https://randomuser.me/api/portraits/med/men/26.jpg', 'thumbnail': 'https://randomuser.me/api/portraits/thumb/men/26.jpg'}, 'nat': 'ES'}</msg>
<arg>${json_data['results'][0]}</arg>
<doc>Logs the given message with the given level.</doc>
<status status="PASS" start="2024-08-08T17:13:57.490837" elapsed="0.000419"/>
</kw>
<kw name="Log" owner="BuiltIn">
<msg time="2024-08-08T17:13:57.491688" level="INFO">gender</msg>
<arg>${key}</arg>
<doc>Logs the given message with the given level.</doc>
<status status="PASS" start="2024-08-08T17:13:57.491556" elapsed="0.000173"/>
</kw>
<var name="${key}">gender</var>
<status status="PASS" start="2024-08-08T17:13:57.490038" elapsed="0.001910"/>
</iter>
<iter>
<kw name="Dictionary Should Contain Key" owner="Collections">
<arg>${json_data['results'][0]}</arg>
<arg>${key}</arg>
<doc>Fails if ``key`` is not found from ``dictionary``.</doc>
<status status="PASS" start="2024-08-08T17:13:57.492259" elapsed="0.000409"/>
</kw>
<kw name="Log" owner="BuiltIn">
<msg time="2024-08-08T17:13:57.493228" level="INFO">{'gender': 'male', 'name': {'title': 'Mr', 'first': 'Cristóbal', 'last': 'Marín'}, 'location': {'street': {'number': 248, 'name': 'Calle Covadonga'}, 'city': 'Elche', 'state': 'Región de Murcia', 'country': 'Spain', 'postcode': 12785, 'coordinates': {'latitude': '-37.8388', 'longitude': '-88.2038'}, 'timezone': {'offset': '-12:00', 'description': 'Eniwetok, Kwajalein'}}, 'email': 'cristobal.marin@example.com', 'login': {'uuid': '380033f0-3c29-426d-ae46-c9e4f0b57cd3', 'username': 'crazygorilla798', 'password': 'twisted', 'salt': 'pUhKjyZi', 'md5': 'c75ad256e2f6f85d71322f1340768145', 'sha1': '9436c9f1a320523d0640cc6fa873093c723a711e', 'sha256': '5d8b03be2b25d4aaca842615246c086684f8e8564aa59b140f450f582ad482c3'}, 'dob': {'date': '1976-08-16T06:45:01.735Z', 'age': 47}, 'registered': {'date': '2019-12-22T03:53:22.682Z', 'age': 4}, 'phone': '990-734-782', 'cell': '639-323-157', 'id': {'name': 'DNI', 'value': '77933230-Q'}, 'picture': {'large': 'https://randomuser.me/api/portraits/men/26.jpg', 'medium': 'https://randomuser.me/api/portraits/med/men/26.jpg', 'thumbnail': 'https://randomuser.me/api/portraits/thumb/men/26.jpg'}, 'nat': 'ES'}</msg>
<arg>${json_data['results'][0]}</arg>
<doc>Logs the given message with the given level.</doc>
<status status="PASS" start="2024-08-08T17:13:57.492864" elapsed="0.000457"/>
</kw>
<kw name="Log" owner="BuiltIn">
<msg time="2024-08-08T17:13:57.493755" level="INFO">name</msg>
<arg>${key}</arg>
<doc>Logs the given message with the given level.</doc>
<status status="PASS" start="2024-08-08T17:13:57.493623" elapsed="0.000172"/>
</kw>
<var name="${key}">name</var>
<status status="PASS" start="2024-08-08T17:13:57.492141" elapsed="0.001874"/>
</iter>
<iter>
<kw name="Dictionary Should Contain Key" owner="Collections">
<arg>${json_data['results'][0]}</arg>
<arg>${key}</arg>
<doc>Fails if ``key`` is not found from ``dictionary``.</doc>
<status status="PASS" start="2024-08-08T17:13:57.494344" elapsed="0.000393"/>
</kw>
<kw name="Log" owner="BuiltIn">
<msg time="2024-08-08T17:13:57.495286" level="INFO">{'gender': 'male', 'name': {'title': 'Mr', 'first': 'Cristóbal', 'last': 'Marín'}, 'location': {'street': {'number': 248, 'name': 'Calle Covadonga'}, 'city': 'Elche', 'state': 'Región de Murcia', 'country': 'Spain', 'postcode': 12785, 'coordinates': {'latitude': '-37.8388', 'longitude': '-88.2038'}, 'timezone': {'offset': '-12:00', 'description': 'Eniwetok, Kwajalein'}}, 'email': 'cristobal.marin@example.com', 'login': {'uuid': '380033f0-3c29-426d-ae46-c9e4f0b57cd3', 'username': 'crazygorilla798', 'password': 'twisted', 'salt': 'pUhKjyZi', 'md5': 'c75ad256e2f6f85d71322f1340768145', 'sha1': '9436c9f1a320523d0640cc6fa873093c723a711e', 'sha256': '5d8b03be2b25d4aaca842615246c086684f8e8564aa59b140f450f582ad482c3'}, 'dob': {'date': '1976-08-16T06:45:01.735Z', 'age': 47}, 'registered': {'date': '2019-12-22T03:53:22.682Z', 'age': 4}, 'phone': '990-734-782', 'cell': '639-323-157', 'id': {'name': 'DNI', 'value': '77933230-Q'}, 'picture': {'large': 'https://randomuser.me/api/portraits/men/26.jpg', 'medium': 'https://randomuser.me/api/portraits/med/men/26.jpg', 'thumbnail': 'https://randomuser.me/api/portraits/thumb/men/26.jpg'}, 'nat': 'ES'}</msg>
<arg>${json_data['results'][0]}</arg>
<doc>Logs the given message with the given level.</doc>
<status status="PASS" start="2024-08-08T17:13:57.494920" elapsed="0.000421"/>
</kw>
<kw name="Log" owner="BuiltIn">
<msg time="2024-08-08T17:13:57.495779" level="INFO">location</msg>
<arg>${key}</arg>
<doc>Logs the given message with the given level.</doc>
<status status="PASS" start="2024-08-08T17:13:57.495651" elapsed="0.000167"/>
</kw>
<var name="${key}">location</var>
<status status="PASS" start="2024-08-08T17:13:57.494232" elapsed="0.001802"/>
</iter>
<iter>
<kw name="Dictionary Should Contain Key" owner="Collections">
<arg>${json_data['results'][0]}</arg>
<arg>${key}</arg>
<doc>Fails if ``key`` is not found from ``dictionary``.</doc>
<status status="PASS" start="2024-08-08T17:13:57.496310" elapsed="0.000384"/>
</kw>
<kw name="Log" owner="BuiltIn">
<msg time="2024-08-08T17:13:57.497350" level="INFO">{'gender': 'male', 'name': {'title': 'Mr', 'first': 'Cristóbal', 'last': 'Marín'}, 'location': {'street': {'number': 248, 'name': 'Calle Covadonga'}, 'city': 'Elche', 'state': 'Región de Murcia', 'country': 'Spain', 'postcode': 12785, 'coordinates': {'latitude': '-37.8388', 'longitude': '-88.2038'}, 'timezone': {'offset': '-12:00', 'description': 'Eniwetok, Kwajalein'}}, 'email': 'cristobal.marin@example.com', 'login': {'uuid': '380033f0-3c29-426d-ae46-c9e4f0b57cd3', 'username': 'crazygorilla798', 'password': 'twisted', 'salt': 'pUhKjyZi', 'md5': 'c75ad256e2f6f85d71322f1340768145', 'sha1': '9436c9f1a320523d0640cc6fa873093c723a711e', 'sha256': '5d8b03be2b25d4aaca842615246c086684f8e8564aa59b140f450f582ad482c3'}, 'dob': {'date': '1976-08-16T06:45:01.735Z', 'age': 47}, 'registered': {'date': '2019-12-22T03:53:22.682Z', 'age': 4}, 'phone': '990-734-782', 'cell': '639-323-157', 'id': {'name': 'DNI', 'value': '77933230-Q'}, 'picture': {'large': 'https://randomuser.me/api/portraits/men/26.jpg', 'medium': 'https://randomuser.me/api/portraits/med/men/26.jpg', 'thumbnail': 'https://randomuser.me/api/portraits/thumb/men/26.jpg'}, 'nat': 'ES'}</msg>
<arg>${json_data['results'][0]}</arg>
<doc>Logs the given message with the given level.</doc>
<status status="PASS" start="2024-08-08T17:13:57.497000" elapsed="0.000399"/>
</kw>
<kw name="Log" owner="BuiltIn">
<msg time="2024-08-08T17:13:57.497827" level="INFO">email</msg>
<arg>${key}</arg>
<doc>Logs the given message with the given level.</doc>
<status status="PASS" start="2024-08-08T17:13:57.497697" elapsed="0.000169"/>
</kw>
<var name="${key}">email</var>
<status status="PASS" start="2024-08-08T17:13:57.496204" elapsed="0.001910"/>
</iter>
<iter>
<kw name="Dictionary Should Contain Key" owner="Collections">
<arg>${json_data['results'][0]}</arg>
<arg>${key}</arg>
<doc>Fails if ``key`` is not found from ``dictionary``.</doc>
<status status="PASS" start="2024-08-08T17:13:57.498410" elapsed="0.000379"/>
</kw>
<kw name="Log" owner="BuiltIn">
<msg time="2024-08-08T17:13:57.499337" level="INFO">{'gender': 'male', 'name': {'title': 'Mr', 'first': 'Cristóbal', 'last': 'Marín'}, 'location': {'street': {'number': 248, 'name': 'Calle Covadonga'}, 'city': 'Elche', 'state': 'Región de Murcia', 'country': 'Spain', 'postcode': 12785, 'coordinates': {'latitude': '-37.8388', 'longitude': '-88.2038'}, 'timezone': {'offset': '-12:00', 'description': 'Eniwetok, Kwajalein'}}, 'email': 'cristobal.marin@example.com', 'login': {'uuid': '380033f0-3c29-426d-ae46-c9e4f0b57cd3', 'username': 'crazygorilla798', 'password': 'twisted', 'salt': 'pUhKjyZi', 'md5': 'c75ad256e2f6f85d71322f1340768145', 'sha1': '9436c9f1a320523d0640cc6fa873093c723a711e', 'sha256': '5d8b03be2b25d4aaca842615246c086684f8e8564aa59b140f450f582ad482c3'}, 'dob': {'date': '1976-08-16T06:45:01.735Z', 'age': 47}, 'registered': {'date': '2019-12-22T03:53:22.682Z', 'age': 4}, 'phone': '990-734-782', 'cell': '639-323-157', 'id': {'name': 'DNI', 'value': '77933230-Q'}, 'picture': {'large': 'https://randomuser.me/api/portraits/men/26.jpg', 'medium': 'https://randomuser.me/api/portraits/med/men/26.jpg', 'thumbnail': 'https://randomuser.me/api/portraits/thumb/men/26.jpg'}, 'nat': 'ES'}</msg>
<arg>${json_data['results'][0]}</arg>
<doc>Logs the given message with the given level.</doc>
<status status="PASS" start="2024-08-08T17:13:57.498968" elapsed="0.000442"/>
</kw>
<kw name="Log" owner="BuiltIn">
<msg time="2024-08-08T17:13:57.499896" level="INFO">login</msg>
<arg>${key}</arg>
<doc>Logs the given message with the given level.</doc>
<status status="PASS" start="2024-08-08T17:13:57.499756" elapsed="0.000179"/>
</kw>
<var name="${key}">login</var>
<status status="PASS" start="2024-08-08T17:13:57.498300" elapsed="0.001851"/>
</iter>
<var>${key}</var>
<value>@{expected_keys}</value>
<status status="PASS" start="2024-08-08T17:13:57.489838" elapsed="0.010434"/>
</for>
<kw name="Create List" owner="BuiltIn">
<msg time="2024-08-08T17:13:57.500608" level="INFO">${expected_keysTwo} = ['username', 'password']</msg>
<var>${expected_keysTwo}</var>
<arg>username</arg>
<arg>password</arg>
<doc>Returns a list containing given items.</doc>
<status status="PASS" start="2024-08-08T17:13:57.500465" elapsed="0.000167"/>
</kw>
<for flavor="IN">
<iter>
<kw name="Dictionary Should Contain Key" owner="Collections">
<arg>${json_data['results'][0]['login']}</arg>
<arg>${keyTwo}</arg>
<doc>Fails if ``key`` is not found from ``dictionary``.</doc>
<status status="PASS" start="2024-08-08T17:13:57.501180" elapsed="0.000391"/>
</kw>
<kw name="Dictionary Should Contain Key" owner="Collections">
<arg>${json_data['results'][0]['login']}</arg>
<arg>${keyTwo}</arg>
<doc>Fails if ``key`` is not found from ``dictionary``.</doc>
<status status="PASS" start="2024-08-08T17:13:57.501752" elapsed="0.000402"/>
</kw>
<kw name="Log" owner="BuiltIn">
<msg time="2024-08-08T17:13:57.502454" level="INFO">username</msg>
<arg>${keyTwo}</arg>
<doc>Logs the given message with the given level.</doc>
<status status="PASS" start="2024-08-08T17:13:57.502334" elapsed="0.000158"/>
</kw>
<var name="${keyTwo}">username</var>
<status status="PASS" start="2024-08-08T17:13:57.501062" elapsed="0.001648"/>
</iter>
<iter>
<kw name="Dictionary Should Contain Key" owner="Collections">
<arg>${json_data['results'][0]['login']}</arg>
<arg>${keyTwo}</arg>
<doc>Fails if ``key`` is not found from ``dictionary``.</doc>
<status status="PASS" start="2024-08-08T17:13:57.502999" elapsed="0.000389"/>
</kw>
<kw name="Dictionary Should Contain Key" owner="Collections">
<arg>${json_data['results'][0]['login']}</arg>
<arg>${keyTwo}</arg>
<doc>Fails if ``key`` is not found from ``dictionary``.</doc>
<status status="PASS" start="2024-08-08T17:13:57.503568" elapsed="0.000379"/>
</kw>
<kw name="Log" owner="BuiltIn">
<msg time="2024-08-08T17:13:57.504245" level="INFO">password</msg>
<arg>${keyTwo}</arg>
<doc>Logs the given message with the given level.</doc>
<status status="PASS" start="2024-08-08T17:13:57.504125" elapsed="0.000159"/>
</kw>
<var name="${keyTwo}">password</var>
<status status="PASS" start="2024-08-08T17:13:57.502882" elapsed="0.001623"/>
</iter>
<var>${keyTwo}</var>
<value>@{expected_keysTwo}</value>
<status status="PASS" start="2024-08-08T17:13:57.500904" elapsed="0.003724"/>
</for>
<status status="PASS" start="2024-08-08T17:13:57.418183" elapsed="0.086591"/>
</kw>
<doc>Testa a estrutura da resposta da API.</doc>
<tag>testeEstruturaResposta</tag>
<status status="PASS" start="2024-08-08T17:13:57.417612" elapsed="0.087332"/>
</test>
<test id="s1-s1-t4" name="Validar tipos de dados" line="28">
<kw name="Teste de Tipos de Dados" owner="random-user-service">
<kw name="GET On Session" owner="RequestsLibrary">
<msg time="2024-08-08T17:13:57.585222" level="INFO">GET Request : url=https://randomuser.me/api 
 path_url=/api 
 headers={'User-Agent': 'python-requests/2.32.3', 'Accept-Encoding': 'gzip, deflate', 'Accept': '*/*', 'Connection': 'keep-alive'} 
 body=None 
 </msg>
<msg time="2024-08-08T17:13:57.585340" level="INFO">GET Response : url=https://randomuser.me/api 
 status=200, reason=OK 
 headers={'Date': 'Thu, 08 Aug 2024 17:13:57 GMT', 'Content-Type': 'application/json; charset=utf-8', 'Transfer-Encoding': 'chunked', 'Connection': 'keep-alive', 'X-Powered-By': 'Express', 'Access-Control-Allow-Origin': '*', 'Cache-Control': 'no-cache', 'ETag': 'W/"4a7-mSqUKXrP3zgAIKV36XxaVUPUueo"', 'Vary': 'Accept-Encoding', 'Content-Encoding': 'gzip', 'CF-Cache-Status': 'DYNAMIC', 'Report-To': '{"endpoints":[{"url":"https:\\/\\/a.nel.cloudflare.com\\/report\\/v4?s=iZVNNrStsKJW9vwgG9rG1XLKSVXTttab7RERyExBCkVw99z6P5vt7Nf4kqXC6f2gUkdYr%2BRBM7JOTQJq9goATCJJIkF%2FFbhQcUU3CocJI03EyR46ITXb2pnVqsau46PJ"}],"group":"cf-nel","max_age":604800}', 'NEL': '{"success_fraction":0,"report_to":"cf-nel","max_age":604800}', 'Server': 'cloudflare', 'CF-RAY': '8b0123d67f8dc973-IAD', 'alt-svc': 'h3=":443"; ma=86400'} 
 body={"results":[{"gender":"male","name":{"title":"Monsieur","first":"David","last":"Thomas"},"location":{"street":{"number":5222,"name":"Rue du Bon-Pasteur"},"city":"Riemenstalden","state":"Genève","country":"Switzerland","postcode":4274,"coordinates":{"latitude":"-61.9149","longitude":"-179.4897"},"timezone":{"offset":"+1:00","description":"Brussels, Copenhagen, Madrid, Paris"}},"email":"david.thomas@example.com","login":{"uuid":"3f78cb41-6b99-47f2-a159-9ecc52843008","username":"goldenmouse634","password":"asdfghjk","salt":"zSMJE7kk","md5":"3f8615f7ff8c807681210498ec9471af","sha1":"c0eaa05644754f7111556a969ac53b9d01f6903f","sha256":"59736965f9e9f51dbde5ba4f49db4d7f45afa69d72ccbdc52cf46af0c9d08ad8"},"dob":{"date":"1997-04-07T21:04:40.381Z","age":27},"registered":{"date":"2017-06-02T12:24:46.524Z","age":7},"phone":"075 522 00 57","cell":"078 416 87 86","id":{"name":"AVS","value":"756.6251.3265.67"},"picture":{"large":"https://randomuser.me/api/portraits/men/76.jpg","medium":"https://randomuser.me/api/portraits/med/men/76.jpg","thumbnail":"https://randomuser.me/api/portraits/thumb/men/76.jpg"},"nat":"CH"}],"info":{"seed":"cb34557c9c3e003e","results":1,"page":1,"version":"1.4"}} 
 </msg>
<msg time="2024-08-08T17:13:57.585426" level="INFO">/opt/hostedtoolcache/Python/3.12.4/x64/lib/python3.12/site-packages/urllib3/connectionpool.py:1099: InsecureRequestWarning: Unverified HTTPS request is being made to host 'randomuser.me'. Adding certificate verification is strongly advised. See: https://urllib3.readthedocs.io/en/latest/advanced-usage.html#tls-warnings
  warnings.warn(</msg>
<msg time="2024-08-08T17:13:57.585565" level="INFO">${response} = &lt;Response [200]&gt;</msg>
<var>${response}</var>
<arg>consultarAPI</arg>
<arg>/api</arg>
<doc>Sends a GET request on a previously created HTTP Session.</doc>
<status status="PASS" start="2024-08-08T17:13:57.507482" elapsed="0.078125"/>
</kw>
<kw name="Set Variable" owner="BuiltIn">
<msg time="2024-08-08T17:13:57.586788" level="INFO">${json_data} = {'results': [{'gender': 'male', 'name': {'title': 'Monsieur', 'first': 'David', 'last': 'Thomas'}, 'location': {'street': {'number': 5222, 'name': 'Rue du Bon-Pasteur'}, 'city': 'Riemenstalden', 'stat...</msg>
<var>${json_data}</var>
<arg>${response.json()}</arg>
<doc>Returns the given values which can then be assigned to a variables.</doc>
<status status="PASS" start="2024-08-08T17:13:57.586226" elapsed="0.000591"/>
</kw>
<kw name="Log" owner="BuiltIn">
<msg time="2024-08-08T17:13:57.587389" level="INFO">{'results': [{'gender': 'male', 'name': {'title': 'Monsieur', 'first': 'David', 'last': 'Thomas'}, 'location': {'street': {'number': 5222, 'name': 'Rue du Bon-Pasteur'}, 'city': 'Riemenstalden', 'state': 'Genève', 'country': 'Switzerland', 'postcode': 4274, 'coordinates': {'latitude': '-61.9149', 'longitude': '-179.4897'}, 'timezone': {'offset': '+1:00', 'description': 'Brussels, Copenhagen, Madrid, Paris'}}, 'email': 'david.thomas@example.com', 'login': {'uuid': '3f78cb41-6b99-47f2-a159-9ecc52843008', 'username': 'goldenmouse634', 'password': 'asdfghjk', 'salt': 'zSMJE7kk', 'md5': '3f8615f7ff8c807681210498ec9471af', 'sha1': 'c0eaa05644754f7111556a969ac53b9d01f6903f', 'sha256': '59736965f9e9f51dbde5ba4f49db4d7f45afa69d72ccbdc52cf46af0c9d08ad8'}, 'dob': {'date': '1997-04-07T21:04:40.381Z', 'age': 27}, 'registered': {'date': '2017-06-02T12:24:46.524Z', 'age': 7}, 'phone': '075 522 00 57', 'cell': '078 416 87 86', 'id': {'name': 'AVS', 'value': '756.6251.3265.67'}, 'picture': {'large': 'https://randomuser.me/api/portraits/men/76.jpg', 'medium': 'https://randomuser.me/api/portraits/med/men/76.jpg', 'thumbnail': 'https://randomuser.me/api/portraits/thumb/men/76.jpg'}, 'nat': 'CH'}], 'info': {'seed': 'cb34557c9c3e003e', 'results': 1, 'page': 1, 'version': '1.4'}}</msg>
<arg>${json_data}</arg>
<doc>Logs the given message with the given level.</doc>
<status status="PASS" start="2024-08-08T17:13:57.587212" elapsed="0.000227"/>
</kw>
<kw name="Should Be String" owner="String">
<arg>${json_data['results'][0]['gender']}</arg>
<doc>Fails if the given ``item`` is not a string.</doc>
<status status="PASS" start="2024-08-08T17:13:57.587747" elapsed="0.000387"/>
</kw>
<kw name="Should Match Regexp" owner="BuiltIn">
<arg>${json_data['results'][0]['email']}</arg>
<arg>^[a-zA-Z0-9._%+-]+@[a-zA-Z0-9.-]+\.[a-zA-Z]{2,}$</arg>
<doc>Fails if ``string`` does not match ``pattern`` as a regular expression.</doc>
<status status="PASS" start="2024-08-08T17:13:57.588333" elapsed="0.000534"/>
</kw>
<kw name="Should Match Regexp" owner="BuiltIn">
<arg>${json_data['results'][0]['dob']['date']}</arg>
<arg>\\d{4}-\\d{2}-\\d{2}T\\d{2}:\\d{2}:\\d{2}\\.\\d{3}Z</arg>
<doc>Fails if ``string`` does not match ``pattern`` as a regular expression.</doc>
<status status="PASS" start="2024-08-08T17:13:57.589112" elapsed="0.000668"/>
</kw>
<kw name="Should Match Regexp" owner="BuiltIn">
<arg>${json_data['results'][0]['registered']['date']}</arg>
<arg>\\d{4}-\\d{2}-\\d{2}T\\d{2}:\\d{2}:\\d{2}\\.\\d{3}Z</arg>
<doc>Fails if ``string`` does not match ``pattern`` as a regular expression.</doc>
<status status="PASS" start="2024-08-08T17:13:57.589979" elapsed="0.000415"/>
</kw>
<kw name="Should Match Regexp" owner="BuiltIn">
<arg>${json_data['results'][0]['picture']['large']}</arg>
<arg>^https?://.*\.(?:png|jpe?g|gif|bmp)$</arg>
<doc>Fails if ``string`` does not match ``pattern`` as a regular expression.</doc>
<status status="PASS" start="2024-08-08T17:13:57.590585" elapsed="0.000469"/>
</kw>
<kw name="Should Match Regexp" owner="BuiltIn">
<arg>${json_data['results'][0]['picture']['medium']}</arg>
<arg>^https?://.*\.(?:png|jpe?g|gif|bmp)$</arg>
<doc>Fails if ``string`` does not match ``pattern`` as a regular expression.</doc>
<status status="PASS" start="2024-08-08T17:13:57.591245" elapsed="0.000359"/>
</kw>
<kw name="Should Match Regexp" owner="BuiltIn">
<arg>${json_data['results'][0]['picture']['thumbnail']}</arg>
<arg>^https?://.*\.(?:png|jpe?g|gif|bmp)$</arg>
<doc>Fails if ``string`` does not match ``pattern`` as a regular expression.</doc>
<status status="PASS" start="2024-08-08T17:13:57.591789" elapsed="0.000353"/>
</kw>
<kw name="Log" owner="BuiltIn">
<msg time="2024-08-08T17:13:57.592648" level="INFO">{'large': 'https://randomuser.me/api/portraits/men/76.jpg', 'medium': 'https://randomuser.me/api/portraits/med/men/76.jpg', 'thumbnail': 'https://randomuser.me/api/portraits/thumb/men/76.jpg'}</msg>
<arg>${json_data['results'][0]['picture']}</arg>
<doc>Logs the given message with the given level.</doc>
<status status="PASS" start="2024-08-08T17:13:57.592324" elapsed="0.000368"/>
</kw>
<status status="PASS" start="2024-08-08T17:13:57.507245" elapsed="0.085719"/>
</kw>
<kw name="Teste de Tipos de Dados - Postcode" owner="random-user-service">
<kw name="GET On Session" owner="RequestsLibrary">
<msg time="2024-08-08T17:13:57.707996" level="INFO">GET Request : url=https://randomuser.me/api 
 path_url=/api 
 headers={'User-Agent': 'python-requests/2.32.3', 'Accept-Encoding': 'gzip, deflate', 'Accept': '*/*', 'Connection': 'keep-alive'} 
 body=None 
 </msg>
<msg time="2024-08-08T17:13:57.708095" level="INFO">GET Response : url=https://randomuser.me/api 
 status=200, reason=OK 
 headers={'Date': 'Thu, 08 Aug 2024 17:13:57 GMT', 'Content-Type': 'application/json; charset=utf-8', 'Transfer-Encoding': 'chunked', 'Connection': 'keep-alive', 'X-Powered-By': 'Express', 'Access-Control-Allow-Origin': '*', 'Cache-Control': 'no-cache', 'ETag': 'W/"4a5-Fxx42BlBFHLpsY8uzkCX3+2JlP4"', 'Vary': 'Accept-Encoding', 'Content-Encoding': 'gzip', 'CF-Cache-Status': 'DYNAMIC', 'Report-To': '{"endpoints":[{"url":"https:\\/\\/a.nel.cloudflare.com\\/report\\/v4?s=y7lU85RbpKeKnUlPakcCLsg1pHBBzRKPMLUE8hH5Og106xP3TZ9jQYkqw0cH9AusS4UgJjO%2BWXc5tIyJFa58soEQkaJ68M5fgm%2BxnksjaU1iV5DetoWmklJXEh0UJqIs"}],"group":"cf-nel","max_age":604800}', 'NEL': '{"success_fraction":0,"report_to":"cf-nel","max_age":604800}', 'Server': 'cloudflare', 'CF-RAY': '8b0123d7094cc973-IAD', 'alt-svc': 'h3=":443"; ma=86400'} 
 body={"results":[{"gender":"female","name":{"title":"Miss","first":"Ermelinda","last":"Ramos"},"location":{"street":{"number":9703,"name":"Rua Primeiro de Maio "},"city":"Palmas","state":"Santa Catarina","country":"Brazil","postcode":86824,"coordinates":{"latitude":"-77.7384","longitude":"37.4709"},"timezone":{"offset":"-1:00","description":"Azores, Cape Verde Islands"}},"email":"ermelinda.ramos@example.com","login":{"uuid":"4d16f89e-ddc6-47c4-94eb-6770732a7572","username":"sadgorilla540","password":"training","salt":"1XAEVq2t","md5":"ce943da6fd5a67681afed67536e51f49","sha1":"c43cddb7aa5ade55cd613f19af56b0d791b3c2fd","sha256":"67f8915d53c346fe31d9eb18444d9bf2edea6a9a0dd86d0d8421eddc8c0e5810"},"dob":{"date":"1969-07-16T10:19:45.060Z","age":55},"registered":{"date":"2003-02-23T04:12:56.686Z","age":21},"phone":"(21) 6434-1867","cell":"(47) 4390-9470","id":{"name":"CPF","value":"044.959.573-16"},"picture":{"large":"https://randomuser.me/api/portraits/women/44.jpg","medium":"https://randomuser.me/api/portraits/med/women/44.jpg","thumbnail":"https://randomuser.me/api/portraits/thumb/women/44.jpg"},"nat":"BR"}],"info":{"seed":"b935b584c19d20d0","results":1,"page":1,"version":"1.4"}} 
 </msg>
<msg time="2024-08-08T17:13:57.708162" level="INFO">/opt/hostedtoolcache/Python/3.12.4/x64/lib/python3.12/site-packages/urllib3/connectionpool.py:1099: InsecureRequestWarning: Unverified HTTPS request is being made to host 'randomuser.me'. Adding certificate verification is strongly advised. See: https://urllib3.readthedocs.io/en/latest/advanced-usage.html#tls-warnings
  warnings.warn(</msg>
<msg time="2024-08-08T17:13:57.708281" level="INFO">${response} = &lt;Response [200]&gt;</msg>
<var>${response}</var>
<arg>consultarAPI</arg>
<arg>/api</arg>
<doc>Sends a GET request on a previously created HTTP Session.</doc>
<status status="PASS" start="2024-08-08T17:13:57.593436" elapsed="0.114874"/>
</kw>
<kw name="Set Variable" owner="BuiltIn">
<msg time="2024-08-08T17:13:57.709371" level="INFO">${json_data} = {'results': [{'gender': 'female', 'name': {'title': 'Miss', 'first': 'Ermelinda', 'last': 'Ramos'}, 'location': {'street': {'number': 9703, 'name': 'Rua Primeiro de Maio '}, 'city': 'Palmas', 'state':...</msg>
<var>${json_data}</var>
<arg>${response.json()}</arg>
<doc>Returns the given values which can then be assigned to a variables.</doc>
<status status="PASS" start="2024-08-08T17:13:57.708857" elapsed="0.000541"/>
</kw>
<kw name="Log" owner="BuiltIn">
<msg time="2024-08-08T17:13:57.709854" level="INFO">{'results': [{'gender': 'female', 'name': {'title': 'Miss', 'first': 'Ermelinda', 'last': 'Ramos'}, 'location': {'street': {'number': 9703, 'name': 'Rua Primeiro de Maio '}, 'city': 'Palmas', 'state': 'Santa Catarina', 'country': 'Brazil', 'postcode': 86824, 'coordinates': {'latitude': '-77.7384', 'longitude': '37.4709'}, 'timezone': {'offset': '-1:00', 'description': 'Azores, Cape Verde Islands'}}, 'email': 'ermelinda.ramos@example.com', 'login': {'uuid': '4d16f89e-ddc6-47c4-94eb-6770732a7572', 'username': 'sadgorilla540', 'password': 'training', 'salt': '1XAEVq2t', 'md5': 'ce943da6fd5a67681afed67536e51f49', 'sha1': 'c43cddb7aa5ade55cd613f19af56b0d791b3c2fd', 'sha256': '67f8915d53c346fe31d9eb18444d9bf2edea6a9a0dd86d0d8421eddc8c0e5810'}, 'dob': {'date': '1969-07-16T10:19:45.060Z', 'age': 55}, 'registered': {'date': '2003-02-23T04:12:56.686Z', 'age': 21}, 'phone': '(21) 6434-1867', 'cell': '(47) 4390-9470', 'id': {'name': 'CPF', 'value': '044.959.573-16'}, 'picture': {'large': 'https://randomuser.me/api/portraits/women/44.jpg', 'medium': 'https://randomuser.me/api/portraits/med/women/44.jpg', 'thumbnail': 'https://randomuser.me/api/portraits/thumb/women/44.jpg'}, 'nat': 'BR'}], 'info': {'seed': 'b935b584c19d20d0', 'results': 1, 'page': 1, 'version': '1.4'}}</msg>
<arg>${json_data}</arg>
<doc>Logs the given message with the given level.</doc>
<status status="PASS" start="2024-08-08T17:13:57.709699" elapsed="0.000201"/>
</kw>
<kw name="Should Be Equal As Numbers" owner="BuiltIn">
<arg>${json_data['results'][0]['location']['postcode']}</arg>
<arg>${json_data['results'][0]['location']['postcode']}</arg>
<doc>Fails if objects are unequal after converting them to real numbers.</doc>
<status status="PASS" start="2024-08-08T17:13:57.710270" elapsed="0.000631"/>
</kw>
<kw name="Log" owner="BuiltIn">
<msg time="2024-08-08T17:13:57.711431" level="INFO">86824</msg>
<arg>${json_data['results'][0]['location']['postcode']}</arg>
<doc>Logs the given message with the given level.</doc>
<status status="PASS" start="2024-08-08T17:13:57.711087" elapsed="0.000384"/>
</kw>
<status status="PASS" start="2024-08-08T17:13:57.593203" elapsed="0.118560"/>
</kw>
<doc>Testa se os tipos de dados na resposta da API estão corretos.</doc>
<tag>testeTiposDados</tag>
<status status="PASS" start="2024-08-08T17:13:57.506785" elapsed="0.205168"/>
</test>
<test id="s1-s1-t5" name="Validar conteudo" line="35">
<kw name="Teste de Tipos de Conteudo" owner="random-user-service">
<kw name="GET On Session" owner="RequestsLibrary">
<msg time="2024-08-08T17:13:57.785873" level="INFO">GET Request : url=https://randomuser.me/api 
 path_url=/api 
 headers={'User-Agent': 'python-requests/2.32.3', 'Accept-Encoding': 'gzip, deflate', 'Accept': '*/*', 'Connection': 'keep-alive'} 
 body=None 
 </msg>
<msg time="2024-08-08T17:13:57.785954" level="INFO">GET Response : url=https://randomuser.me/api 
 status=200, reason=OK 
 headers={'Date': 'Thu, 08 Aug 2024 17:13:57 GMT', 'Content-Type': 'application/json; charset=utf-8', 'Transfer-Encoding': 'chunked', 'Connection': 'keep-alive', 'X-Powered-By': 'Express', 'Access-Control-Allow-Origin': '*', 'Cache-Control': 'no-cache', 'ETag': 'W/"487-duUdytdxFNVWj1yuDPY+z8KEtl8"', 'Vary': 'Accept-Encoding', 'Content-Encoding': 'gzip', 'CF-Cache-Status': 'DYNAMIC', 'Report-To': '{"endpoints":[{"url":"https:\\/\\/a.nel.cloudflare.com\\/report\\/v4?s=3v2gGFzpfpxG2vhiZ1emOZBe52U%2FVnnV5SQB2vIsPAYK5MXP0eQusrmze4G5pGe5li%2FlKAMG%2Bh3WtGDe7CWyNqPHV8pJhSIzRXcr8lqw1Xoea8OtMi89qKA%2BdPz1o74V"}],"group":"cf-nel","max_age":604800}', 'NEL': '{"success_fraction":0,"report_to":"cf-nel","max_age":604800}', 'Server': 'cloudflare', 'CF-RAY': '8b0123d7cbb3c973-IAD', 'alt-svc': 'h3=":443"; ma=86400'} 
 body={"results":[{"gender":"female","name":{"title":"Miss","first":"Rozhana","last":"Padun"},"location":{"street":{"number":7652,"name":"Volodimira Monomaha"},"city":"Horostkiv","state":"Donecka","country":"Ukraine","postcode":81548,"coordinates":{"latitude":"76.8919","longitude":"156.9988"},"timezone":{"offset":"-12:00","description":"Eniwetok, Kwajalein"}},"email":"rozhana.padun@example.com","login":{"uuid":"ba20c2e3-c3a4-4b3f-ae75-ccca4fba1925","username":"greenrabbit808","password":"jackson1","salt":"oOrRl8z4","md5":"0bf543bda4a8e758d09b5d940d2868fa","sha1":"e06031849811b2e116c366c72c3a8dced7cf9c42","sha256":"3697062e1bd8e722e6e2e35842e4fa8be997970cf1f1e9e3c1b7a8c5cef1a084"},"dob":{"date":"1988-08-26T07:14:38.834Z","age":35},"registered":{"date":"2015-03-30T23:15:10.596Z","age":9},"phone":"(099) S60-5136","cell":"(096) O05-6257","id":{"name":"","value":null},"picture":{"large":"https://randomuser.me/api/portraits/women/27.jpg","medium":"https://randomuser.me/api/portraits/med/women/27.jpg","thumbnail":"https://randomuser.me/api/portraits/thumb/women/27.jpg"},"nat":"UA"}],"info":{"seed":"670876d3d8a0bcda","results":1,"page":1,"version":"1.4"}} 
 </msg>
<msg time="2024-08-08T17:13:57.786016" level="INFO">/opt/hostedtoolcache/Python/3.12.4/x64/lib/python3.12/site-packages/urllib3/connectionpool.py:1099: InsecureRequestWarning: Unverified HTTPS request is being made to host 'randomuser.me'. Adding certificate verification is strongly advised. See: https://urllib3.readthedocs.io/en/latest/advanced-usage.html#tls-warnings
  warnings.warn(</msg>
<msg time="2024-08-08T17:13:57.786161" level="INFO">${response} = &lt;Response [200]&gt;</msg>
<var>${response}</var>
<arg>consultarAPI</arg>
<arg>/api</arg>
<doc>Sends a GET request on a previously created HTTP Session.</doc>
<status status="PASS" start="2024-08-08T17:13:57.714391" elapsed="0.071814"/>
</kw>
<kw name="Set Variable" owner="BuiltIn">
<msg time="2024-08-08T17:13:57.787171" level="INFO">${json_data} = {'results': [{'gender': 'female', 'name': {'title': 'Miss', 'first': 'Rozhana', 'last': 'Padun'}, 'location': {'street': {'number': 7652, 'name': 'Volodimira Monomaha'}, 'city': 'Horostkiv', 'state': ...</msg>
<var>${json_data}</var>
<arg>${response.json()}</arg>
<doc>Returns the given values which can then be assigned to a variables.</doc>
<status status="PASS" start="2024-08-08T17:13:57.786647" elapsed="0.000555"/>
</kw>
<kw name="Set Variable" owner="BuiltIn">
<msg time="2024-08-08T17:13:57.787893" level="INFO">${name_title} = Miss</msg>
<var>${name_title}</var>
<arg>${json_data["results"][0]["name"]["title"]}</arg>
<doc>Returns the given values which can then be assigned to a variables.</doc>
<status status="PASS" start="2024-08-08T17:13:57.787514" elapsed="0.000404"/>
</kw>
<kw name="Create List" owner="BuiltIn">
<msg time="2024-08-08T17:13:57.788362" level="INFO">${allowed_titles} = ['Mr', 'Ms', 'Miss', 'Mrs', 'Madame', 'Monsieur']</msg>
<var>${allowed_titles}</var>
<arg>Mr</arg>
<arg>Ms</arg>
<arg>Miss</arg>
<arg>Mrs</arg>
<arg>Madame</arg>
<arg>Monsieur</arg>
<doc>Returns a list containing given items.</doc>
<status status="PASS" start="2024-08-08T17:13:57.788214" elapsed="0.000173"/>
</kw>
<kw name="List Should Contain Value" owner="Collections">
<arg>${allowed_titles}</arg>
<arg>${name_title}</arg>
<doc>Fails if the ``value`` is not found from ``list``.</doc>
<status status="PASS" start="2024-08-08T17:13:57.788681" elapsed="0.000175"/>
</kw>
<kw name="Set Variable" owner="BuiltIn">
<msg time="2024-08-08T17:13:57.789412" level="INFO">${name_country} = UA</msg>
<var>${name_country}</var>
<arg>${json_data["results"][0]["nat"]}</arg>
<doc>Returns the given values which can then be assigned to a variables.</doc>
<status status="PASS" start="2024-08-08T17:13:57.789040" elapsed="0.000397"/>
</kw>
<kw name="Create List" owner="BuiltIn">
<msg time="2024-08-08T17:13:57.790375" level="INFO">${list_country} = ['AD', 'AE', 'AF', 'AG', 'AI', 'AL', 'AM', 'AO', 'AQ', 'AR', 'AS', 'AT', 'AU', 'AW', 'AX', 'AZ', 'BA', 'BB', 'BD', 'BE', 'BF', 'BG', 'BH', 'BI', 'BJ', 'BL', 'BM', 'BN', 'BO', 'BQ', 'BR', 'BS', 'BT', '...</msg>
<var>${list_country}</var>
<arg>AD</arg>
<arg>AE</arg>
<arg>AF</arg>
<arg>AG</arg>
<arg>AI</arg>
<arg>AL</arg>
<arg>AM</arg>
<arg>AO</arg>
<arg>AQ</arg>
<arg>AR</arg>
<arg>AS</arg>
<arg>AT</arg>
<arg>AU</arg>
<arg>AW</arg>
<arg>AX</arg>
<arg>AZ</arg>
<arg>BA</arg>
<arg>BB</arg>
<arg>BD</arg>
<arg>BE</arg>
<arg>BF</arg>
<arg>BG</arg>
<arg>BH</arg>
<arg>BI</arg>
<arg>BJ</arg>
<arg>BL</arg>
<arg>BM</arg>
<arg>BN</arg>
<arg>BO</arg>
<arg>BQ</arg>
<arg>BR</arg>
<arg>BS</arg>
<arg>BT</arg>
<arg>BV</arg>
<arg>BW</arg>
<arg>BY</arg>
<arg>BZ</arg>
<arg>CA</arg>
<arg>CC</arg>
<arg>CD</arg>
<arg>CF</arg>
<arg>CG</arg>
<arg>CH</arg>
<arg>CI</arg>
<arg>CK</arg>
<arg>CL</arg>
<arg>CM</arg>
<arg>CN</arg>
<arg>CO</arg>
<arg>CR</arg>
<arg>CU</arg>
<arg>CV</arg>
<arg>CW</arg>
<arg>CX</arg>
<arg>CY</arg>
<arg>CZ</arg>
<arg>DE</arg>
<arg>DJ</arg>
<arg>DK</arg>
<arg>DM</arg>
<arg>DO</arg>
<arg>DZ</arg>
<arg>EC</arg>
<arg>EE</arg>
<arg>EG</arg>
<arg>EH</arg>
<arg>ER</arg>
<arg>ES</arg>
<arg>ET</arg>
<arg>FI</arg>
<arg>FJ</arg>
<arg>FK</arg>
<arg>FM</arg>
<arg>FO</arg>
<arg>FR</arg>
<arg>GA</arg>
<arg>GB</arg>
<arg>GD</arg>
<arg>GE</arg>
<arg>GF</arg>
<arg>GG</arg>
<arg>GH</arg>
<arg>GI</arg>
<arg>GL</arg>
<arg>GM</arg>
<arg>GN</arg>
<arg>GP</arg>
<arg>GQ</arg>
<arg>GR</arg>
<arg>GS</arg>
<arg>GT</arg>
<arg>GU</arg>
<arg>GW</arg>
<arg>GY</arg>
<arg>HK</arg>
<arg>HM</arg>
<arg>HN</arg>
<arg>HR</arg>
<arg>HT</arg>
<arg>HU</arg>
<arg>ID</arg>
<arg>IE</arg>
<arg>IL</arg>
<arg>IM</arg>
<arg>IN</arg>
<arg>IO</arg>
<arg>IQ</arg>
<arg>IR</arg>
<arg>IS</arg>
<arg>IT</arg>
<arg>JE</arg>
<arg>JM</arg>
<arg>JO</arg>
<arg>JP</arg>
<arg>KE</arg>
<arg>KG</arg>
<arg>KH</arg>
<arg>KI</arg>
<arg>KM</arg>
<arg>KN</arg>
<arg>KP</arg>
<arg>KR</arg>
<arg>KW</arg>
<arg>KY</arg>
<arg>KZ</arg>
<arg>LA</arg>
<arg>LB</arg>
<arg>LC</arg>
<arg>LI</arg>
<arg>LK</arg>
<arg>LR</arg>
<arg>LS</arg>
<arg>LT</arg>
<arg>LU</arg>
<arg>LV</arg>
<arg>LY</arg>
<arg>MA</arg>
<arg>MC</arg>
<arg>MD</arg>
<arg>ME</arg>
<arg>MF</arg>
<arg>MG</arg>
<arg>MH</arg>
<arg>MK</arg>
<arg>ML</arg>
<arg>MM</arg>
<arg>MN</arg>
<arg>MO</arg>
<arg>MP</arg>
<arg>MQ</arg>
<arg>MR</arg>
<arg>MS</arg>
<arg>MT</arg>
<arg>MU</arg>
<arg>MV</arg>
<arg>MW</arg>
<arg>MX</arg>
<arg>MY</arg>
<arg>MZ</arg>
<arg>NA</arg>
<arg>NC</arg>
<arg>NE</arg>
<arg>NF</arg>
<arg>NG</arg>
<arg>NI</arg>
<arg>NL</arg>
<arg>NO</arg>
<arg>NP</arg>
<arg>NR</arg>
<arg>NU</arg>
<arg>NZ</arg>
<arg>OM</arg>
<arg>PA</arg>
<arg>PE</arg>
<arg>PF</arg>
<arg>PG</arg>
<arg>PH</arg>
<arg>PK</arg>
<arg>PL</arg>
<arg>PM</arg>
<arg>PN</arg>
<arg>PR</arg>
<arg>PS</arg>
<arg>PT</arg>
<arg>PW</arg>
<arg>PY</arg>
<arg>QA</arg>
<arg>RE</arg>
<arg>RO</arg>
<arg>RS</arg>
<arg>RU</arg>
<arg>RW</arg>
<arg>SA</arg>
<arg>SB</arg>
<arg>SC</arg>
<arg>SD</arg>
<arg>SE</arg>
<arg>SG</arg>
<arg>SH</arg>
<arg>SI</arg>
<arg>SJ</arg>
<arg>SK</arg>
<arg>SL</arg>
<arg>SM</arg>
<arg>SN</arg>
<arg>SO</arg>
<arg>SR</arg>
<arg>SS</arg>
<arg>ST</arg>
<arg>SV</arg>
<arg>SX</arg>
<arg>SY</arg>
<arg>SZ</arg>
<arg>TC</arg>
<arg>TD</arg>
<arg>TF</arg>
<arg>TG</arg>
<arg>TH</arg>
<arg>TJ</arg>
<arg>TK</arg>
<arg>TL</arg>
<arg>TM</arg>
<arg>TN</arg>
<arg>TO</arg>
<arg>TR</arg>
<arg>TT</arg>
<arg>TV</arg>
<arg>TW</arg>
<arg>TZ</arg>
<arg>UA</arg>
<arg>UG</arg>
<arg>UM</arg>
<arg>US</arg>
<arg>UY</arg>
<arg>UZ</arg>
<arg>VA</arg>
<arg>VC</arg>
<arg>VE</arg>
<arg>VG</arg>
<arg>VI</arg>
<arg>VN</arg>
<arg>VU</arg>
<arg>WF</arg>
<arg>WS</arg>
<arg>XK</arg>
<arg>YE</arg>
<arg>YT</arg>
<arg>ZA</arg>
<arg>ZM</arg>
<arg>ZW</arg>
<doc>Returns a list containing given items.</doc>
<status status="PASS" start="2024-08-08T17:13:57.789729" elapsed="0.000674"/>
</kw>
<kw name="List Should Contain Value" owner="Collections">
<arg>${list_country}</arg>
<arg>${name_country}</arg>
<doc>Fails if the ``value`` is not found from ``list``.</doc>
<status status="PASS" start="2024-08-08T17:13:57.791363" elapsed="0.000211"/>
</kw>
<kw name="Run Keyword If" owner="BuiltIn">
<kw name="Should Be True" owner="BuiltIn">
<arg>${True}</arg>
<doc>Fails if the given condition is not true.</doc>
<status status="PASS" start="2024-08-08T17:13:57.792513" elapsed="0.000144"/>
</kw>
<arg>${json_data["results"][0]["location"]["coordinates"]["latitude"]} &gt;= -90 and ${json_data["results"][0]["location"]["coordinates"]["latitude"]} &lt;= 90</arg>
<arg>Should Be True</arg>
<arg>${True}</arg>
<doc>Runs the given keyword with the given arguments, if ``condition`` is true.</doc>
<status status="PASS" start="2024-08-08T17:13:57.791772" elapsed="0.001009"/>
</kw>
<kw name="Run Keyword If" owner="BuiltIn">
<kw name="Should Be True" owner="BuiltIn">
<arg>${True}</arg>
<doc>Fails if the given condition is not true.</doc>
<status status="PASS" start="2024-08-08T17:13:57.793646" elapsed="0.000137"/>
</kw>
<arg>${json_data["results"][0]["location"]["coordinates"]["longitude"]} &gt;= -180 and ${json_data["results"][0]["location"]["coordinates"]["longitude"]} &lt;= 180</arg>
<arg>Should Be True</arg>
<arg>${True}</arg>
<doc>Runs the given keyword with the given arguments, if ``condition`` is true.</doc>
<status status="PASS" start="2024-08-08T17:13:57.792960" elapsed="0.000942"/>
</kw>
<status status="PASS" start="2024-08-08T17:13:57.714166" elapsed="0.079863"/>
</kw>
<doc>Testa o conteúdo específico dos campos retornados pela API.</doc>
<tag>testeConteudo</tag>
<status status="PASS" start="2024-08-08T17:13:57.713689" elapsed="0.080523"/>
</test>
<status status="PASS" start="2024-08-08T17:13:56.772436" elapsed="1.023767"/>
</suite>
<status status="PASS" start="2024-08-08T17:13:56.755313" elapsed="1.046031"/>
</suite>
<statistics>
<total>
<stat pass="5" fail="0" skip="0">All Tests</stat>
</total>
<tag>
<stat pass="1" fail="0" skip="0">testeConteudo</stat>
<stat pass="1" fail="0" skip="0">testeEstruturaResposta</stat>
<stat pass="1" fail="0" skip="0">testeRequisicaoBasica</stat>
<stat pass="1" fail="0" skip="0">testeTiposDados</stat>
</tag>
<suite>
<stat pass="5" fail="0" skip="0" id="s1" name="Tests">Tests</stat>
<stat pass="5" fail="0" skip="0" id="s1-s1" name="Random-User-Test">Tests.Random-User-Test</stat>
</suite>
</statistics>
<errors>
</errors>
</robot>
