<?xml version="1.0" encoding="UTF-8"?>
<robot generator="Robot 7.0 (Python 3.12.2 on linux)" generated="2024-03-24T04:17:06.781521" rpa="false" schemaversion="5">
<suite id="s1" name="Tests" source="/home/runner/work/DesafioQAItauRogerioJordao/DesafioQAItauRogerioJordao/RamdonUser/tests">
<suite id="s1-s1" name="Random-User-Test" source="/home/runner/work/DesafioQAItauRogerioJordao/DesafioQAItauRogerioJordao/RamdonUser/tests/random-user-test.robot">
<test id="s1-s1-t1" name="Conectar" line="13">
<kw name="Conectar API" owner="random-user-service">
<kw name="Create Session" owner="RequestsLibrary">
<msg time="2024-03-24T04:17:07.158293" level="INFO">Creating Session using : alias=consultarAPI, url=https://randomuser.me/, headers={},                     cookies={}, auth=None, timeout=None, proxies=None, verify=False,                     debug=0 </msg>
<arg>consultarAPI</arg>
<arg>${URL}</arg>
<doc>Create Session: create a HTTP session to a server</doc>
<status status="PASS" start="2024-03-24T04:17:07.158086" elapsed="0.000403"/>
</kw>
<status status="PASS" start="2024-03-24T04:17:07.157011" elapsed="0.001858"/>
</kw>
<status status="PASS" start="2024-03-24T04:17:07.156368" elapsed="0.002712"/>
</test>
<test id="s1-s1-t2" name="Validar retorno 200 e JSON Válido" line="16">
<kw name="Teste de Requisicao Basica" owner="random-user-service">
<kw name="GET On Session" owner="RequestsLibrary">
<msg time="2024-03-24T04:17:07.238943" level="INFO">GET Request : url=https://randomuser.me/api 
 path_url=/api 
 headers={'User-Agent': 'python-requests/2.31.0', 'Accept-Encoding': 'gzip, deflate', 'Accept': '*/*', 'Connection': 'keep-alive'} 
 body=None 
 </msg>
<msg time="2024-03-24T04:17:07.239125" level="INFO">GET Response : url=https://randomuser.me/api 
 status=200, reason=OK 
 headers={'Date': 'Sun, 24 Mar 2024 04:17:07 GMT', 'Content-Type': 'application/json; charset=utf-8', 'Transfer-Encoding': 'chunked', 'Connection': 'keep-alive', 'X-Powered-By': 'Express', 'Access-Control-Allow-Origin': '*', 'Cache-Control': 'no-cache', 'ETag': 'W/"4a5-TgUl1NcH/AiR12bfeSXOO4XrIqI"', 'Vary': 'Accept-Encoding', 'Content-Encoding': 'gzip', 'CF-Cache-Status': 'DYNAMIC', 'Report-To': '{"endpoints":[{"url":"https:\\/\\/a.nel.cloudflare.com\\/report\\/v4?s=cTq1bQxfHz%2BNxYsmpP%2FLIO%2BvhtKCHjHWerr53q7pOiz1KiExwAjR0Cr6TZ9Rfo1cVqFcjkXJtmqhpsuQqKetKNTjIpWS2ZfMdq7lRx8vNQ2fqvtGLW33iU2pT6sxeLLt"}],"group":"cf-nel","max_age":604800}', 'NEL': '{"success_fraction":0,"report_to":"cf-nel","max_age":604800}', 'Server': 'cloudflare', 'CF-RAY': '8693d9840ff42082-IAD', 'alt-svc': 'h3=":443"; ma=86400'} 
 body={"results":[{"gender":"male","name":{"title":"Mr","first":"Andor","last":"Van Kralingen"},"location":{"street":{"number":8045,"name":"Engelenboom"},"city":"Veenklooster","state":"Zuid-Holland","country":"Netherlands","postcode":"7658 LJ","coordinates":{"latitude":"34.3280","longitude":"-160.3101"},"timezone":{"offset":"-6:00","description":"Central Time (US &amp; Canada), Mexico City"}},"email":"andor.vankralingen@example.com","login":{"uuid":"0d3c8df5-181a-4130-88ed-34eb3373a0e6","username":"tinysnake283","password":"luke","salt":"hHhOgobc","md5":"711bfdbb2965bcc220d672d7111464f6","sha1":"c09a1ba9a9078563c25580b2bddc43fa0ad929b9","sha256":"13c6517d173af409210978dba4a0f7112819d7cc8e7c0dfedcf98b215fc3c682"},"dob":{"date":"1961-09-05T17:07:48.939Z","age":62},"registered":{"date":"2020-06-02T01:24:39.000Z","age":3},"phone":"(022) 4260833","cell":"(06) 18640447","id":{"name":"BSN","value":"74330871"},"picture":{"large":"https://randomuser.me/api/portraits/men/72.jpg","medium":"https://randomuser.me/api/portraits/med/men/72.jpg","thumbnail":"https://randomuser.me/api/portraits/thumb/men/72.jpg"},"nat":"NL"}],"info":{"seed":"8dac7c737da5b42e","results":1,"page":1,"version":"1.4"}} 
 </msg>
<msg time="2024-03-24T04:17:07.239267" level="INFO">/opt/hostedtoolcache/Python/3.12.2/x64/lib/python3.12/site-packages/urllib3/connectionpool.py:1103: InsecureRequestWarning: Unverified HTTPS request is being made to host 'randomuser.me'. Adding certificate verification is strongly advised. See: https://urllib3.readthedocs.io/en/latest/advanced-usage.html#tls-warnings
  warnings.warn(</msg>
<msg time="2024-03-24T04:17:07.239430" level="INFO">${response} = &lt;Response [200]&gt;</msg>
<var>${response}</var>
<arg>consultarAPI</arg>
<arg>/api</arg>
<doc>Sends a GET request on a previously created HTTP Session.</doc>
<status status="PASS" start="2024-03-24T04:17:07.161758" elapsed="0.077714"/>
</kw>
<kw name="Should Be Equal As Numbers" owner="BuiltIn">
<msg time="2024-03-24T04:17:07.240654" level="INFO">Argument types are:
&lt;class 'int'&gt;
&lt;class 'str'&gt;</msg>
<arg>${response.status_code}</arg>
<arg>200</arg>
<doc>Fails if objects are unequal after converting them to real numbers.</doc>
<status status="PASS" start="2024-03-24T04:17:07.240159" elapsed="0.000564"/>
</kw>
<kw name="Log" owner="BuiltIn">
<msg time="2024-03-24T04:17:07.241410" level="INFO">200</msg>
<arg>${response.status_code}</arg>
<doc>Logs the given message with the given level.</doc>
<status status="PASS" start="2024-03-24T04:17:07.241052" elapsed="0.000402"/>
</kw>
<kw name="Set Variable" owner="BuiltIn">
<msg time="2024-03-24T04:17:07.242240" level="INFO">${json_data} = {'results': [{'gender': 'male', 'name': {'title': 'Mr', 'first': 'Andor', 'last': 'Van Kralingen'}, 'location': {'street': {'number': 8045, 'name': 'Engelenboom'}, 'city': 'Veenklooster', 'state': 'Zu...</msg>
<var>${json_data}</var>
<arg>${response.json()}</arg>
<doc>Returns the given values which can then be assigned to a variables.</doc>
<status status="PASS" start="2024-03-24T04:17:07.241791" elapsed="0.000478"/>
</kw>
<kw name="Dictionary Should Contain Key" owner="Collections">
<msg time="2024-03-24T04:17:07.242745" level="INFO">False</msg>
<arg>${json_data}</arg>
<arg>results</arg>
<doc>Fails if ``key`` is not found from ``dictionary``.</doc>
<status status="PASS" start="2024-03-24T04:17:07.242574" elapsed="0.000212"/>
</kw>
<status status="PASS" start="2024-03-24T04:17:07.161506" elapsed="0.081548"/>
</kw>
<doc>Testa se a API responde corretamente e retorna um objeto JSON válido.</doc>
<tag>testeRequisicaoBasica</tag>
<status status="PASS" start="2024-03-24T04:17:07.160977" elapsed="0.082316"/>
</test>
<test id="s1-s1-t3" name="Validar estrutura de resposta" line="22">
<kw name="Teste de Estrutura de Resposta" owner="random-user-service">
<kw name="GET On Session" owner="RequestsLibrary">
<msg time="2024-03-24T04:17:07.335371" level="INFO">GET Request : url=https://randomuser.me/api 
 path_url=/api 
 headers={'User-Agent': 'python-requests/2.31.0', 'Accept-Encoding': 'gzip, deflate', 'Accept': '*/*', 'Connection': 'keep-alive'} 
 body=None 
 </msg>
<msg time="2024-03-24T04:17:07.335472" level="INFO">GET Response : url=https://randomuser.me/api 
 status=200, reason=OK 
 headers={'Date': 'Sun, 24 Mar 2024 04:17:07 GMT', 'Content-Type': 'application/json; charset=utf-8', 'Transfer-Encoding': 'chunked', 'Connection': 'keep-alive', 'X-Powered-By': 'Express', 'Access-Control-Allow-Origin': '*', 'Cache-Control': 'no-cache', 'ETag': 'W/"4a1-LcBcdgmKUipi8BrOAUyceNQr1sM"', 'Vary': 'Accept-Encoding', 'Content-Encoding': 'gzip', 'CF-Cache-Status': 'DYNAMIC', 'Report-To': '{"endpoints":[{"url":"https:\\/\\/a.nel.cloudflare.com\\/report\\/v4?s=hGKc1N6FdMqQvS6WNTkoVW3jBeAcAuonU%2FyPwG8qMZmHRMkdia%2B%2BQ8onNdlMl%2FONZZMd1AyZ5GnHK2v6UETsP7UOVs%2BeVvj%2F1RMui2Cd96Uvw5b%2FI2KiWJS0ceL%2BPaoJ"}],"group":"cf-nel","max_age":604800}', 'NEL': '{"success_fraction":0,"report_to":"cf-nel","max_age":604800}', 'Server': 'cloudflare', 'CF-RAY': '8693d98448382082-IAD', 'alt-svc': 'h3=":443"; ma=86400'} 
 body={"results":[{"gender":"male","name":{"title":"Mr","first":"Miguel","last":"Steeves "},"location":{"street":{"number":4457,"name":"Ranchview Dr"},"city":"St. Petersburg","state":"West Virginia","country":"United States","postcode":47691,"coordinates":{"latitude":"83.7936","longitude":"-130.1849"},"timezone":{"offset":"-3:00","description":"Brazil, Buenos Aires, Georgetown"}},"email":"miguel.steeves@example.com","login":{"uuid":"bd57adf6-ca56-4d77-8ad8-cdffc0e0d3e2","username":"smalllion800","password":"panthers","salt":"VPuA2BEr","md5":"f21ae59ede94d46ef07896f3590cad44","sha1":"8778d9c47cbb73d7edca45d8d18d129e52ff7914","sha256":"cce603b4e79a83f52ee622c2ce7601b0298bf1b789f637681b8f57bc00c4bc51"},"dob":{"date":"1992-01-12T00:15:14.851Z","age":32},"registered":{"date":"2021-06-09T06:01:07.306Z","age":2},"phone":"(809) 282-8173","cell":"(306) 322-3370","id":{"name":"SSN","value":"575-81-7959"},"picture":{"large":"https://randomuser.me/api/portraits/men/98.jpg","medium":"https://randomuser.me/api/portraits/med/men/98.jpg","thumbnail":"https://randomuser.me/api/portraits/thumb/men/98.jpg"},"nat":"US"}],"info":{"seed":"2e9924b91a106502","results":1,"page":1,"version":"1.4"}} 
 </msg>
<msg time="2024-03-24T04:17:07.335616" level="INFO">/opt/hostedtoolcache/Python/3.12.2/x64/lib/python3.12/site-packages/urllib3/connectionpool.py:1103: InsecureRequestWarning: Unverified HTTPS request is being made to host 'randomuser.me'. Adding certificate verification is strongly advised. See: https://urllib3.readthedocs.io/en/latest/advanced-usage.html#tls-warnings
  warnings.warn(</msg>
<msg time="2024-03-24T04:17:07.335754" level="INFO">${response} = &lt;Response [200]&gt;</msg>
<var>${response}</var>
<arg>consultarAPI</arg>
<arg>/api</arg>
<doc>Sends a GET request on a previously created HTTP Session.</doc>
<status status="PASS" start="2024-03-24T04:17:07.246171" elapsed="0.089624"/>
</kw>
<kw name="Set Variable" owner="BuiltIn">
<msg time="2024-03-24T04:17:07.336997" level="INFO">${json_data} = {'results': [{'gender': 'male', 'name': {'title': 'Mr', 'first': 'Miguel', 'last': 'Steeves '}, 'location': {'street': {'number': 4457, 'name': 'Ranchview Dr'}, 'city': 'St. Petersburg', 'state': 'Wes...</msg>
<var>${json_data}</var>
<arg>${response.json()}</arg>
<doc>Returns the given values which can then be assigned to a variables.</doc>
<status status="PASS" start="2024-03-24T04:17:07.336428" elapsed="0.000599"/>
</kw>
<kw name="Log" owner="BuiltIn">
<msg time="2024-03-24T04:17:07.337516" level="INFO">{'results': [{'gender': 'male', 'name': {'title': 'Mr', 'first': 'Miguel', 'last': 'Steeves '}, 'location': {'street': {'number': 4457, 'name': 'Ranchview Dr'}, 'city': 'St. Petersburg', 'state': 'West Virginia', 'country': 'United States', 'postcode': 47691, 'coordinates': {'latitude': '83.7936', 'longitude': '-130.1849'}, 'timezone': {'offset': '-3:00', 'description': 'Brazil, Buenos Aires, Georgetown'}}, 'email': 'miguel.steeves@example.com', 'login': {'uuid': 'bd57adf6-ca56-4d77-8ad8-cdffc0e0d3e2', 'username': 'smalllion800', 'password': 'panthers', 'salt': 'VPuA2BEr', 'md5': 'f21ae59ede94d46ef07896f3590cad44', 'sha1': '8778d9c47cbb73d7edca45d8d18d129e52ff7914', 'sha256': 'cce603b4e79a83f52ee622c2ce7601b0298bf1b789f637681b8f57bc00c4bc51'}, 'dob': {'date': '1992-01-12T00:15:14.851Z', 'age': 32}, 'registered': {'date': '2021-06-09T06:01:07.306Z', 'age': 2}, 'phone': '(809) 282-8173', 'cell': '(306) 322-3370', 'id': {'name': 'SSN', 'value': '575-81-7959'}, 'picture': {'large': 'https://randomuser.me/api/portraits/men/98.jpg', 'medium': 'https://randomuser.me/api/portraits/med/men/98.jpg', 'thumbnail': 'https://randomuser.me/api/portraits/thumb/men/98.jpg'}, 'nat': 'US'}], 'info': {'seed': '2e9924b91a106502', 'results': 1, 'page': 1, 'version': '1.4'}}</msg>
<arg>${json_data}</arg>
<doc>Logs the given message with the given level.</doc>
<status status="PASS" start="2024-03-24T04:17:07.337351" elapsed="0.000215"/>
</kw>
<kw name="Dictionary Should Contain Key" owner="Collections">
<msg time="2024-03-24T04:17:07.338029" level="INFO">False</msg>
<arg>${json_data}</arg>
<arg>results</arg>
<doc>Fails if ``key`` is not found from ``dictionary``.</doc>
<status status="PASS" start="2024-03-24T04:17:07.337868" elapsed="0.000200"/>
</kw>
<kw name="Should Not Be Empty" owner="BuiltIn">
<msg time="2024-03-24T04:17:07.338510" level="INFO">Length is 2.</msg>
<arg>${json_data}</arg>
<doc>Verifies that the given item is not empty.</doc>
<status status="PASS" start="2024-03-24T04:17:07.338365" elapsed="0.000186"/>
</kw>
<kw name="Create List" owner="BuiltIn">
<msg time="2024-03-24T04:17:07.339007" level="INFO">${expected_keys} = ['gender', 'name', 'location', 'email', 'login']</msg>
<var>${expected_keys}</var>
<arg>gender</arg>
<arg>name</arg>
<arg>location</arg>
<arg>email</arg>
<arg>login</arg>
<doc>Returns a list containing given items.</doc>
<status status="PASS" start="2024-03-24T04:17:07.338850" elapsed="0.000182"/>
</kw>
<for flavor="IN">
<iter>
<kw name="Dictionary Should Contain Key" owner="Collections">
<msg time="2024-03-24T04:17:07.340084" level="INFO">False</msg>
<arg>${json_data['results'][0]}</arg>
<arg>${key}</arg>
<doc>Fails if ``key`` is not found from ``dictionary``.</doc>
<status status="PASS" start="2024-03-24T04:17:07.339670" elapsed="0.000455"/>
</kw>
<kw name="Log" owner="BuiltIn">
<msg time="2024-03-24T04:17:07.340812" level="INFO">{'gender': 'male', 'name': {'title': 'Mr', 'first': 'Miguel', 'last': 'Steeves '}, 'location': {'street': {'number': 4457, 'name': 'Ranchview Dr'}, 'city': 'St. Petersburg', 'state': 'West Virginia', 'country': 'United States', 'postcode': 47691, 'coordinates': {'latitude': '83.7936', 'longitude': '-130.1849'}, 'timezone': {'offset': '-3:00', 'description': 'Brazil, Buenos Aires, Georgetown'}}, 'email': 'miguel.steeves@example.com', 'login': {'uuid': 'bd57adf6-ca56-4d77-8ad8-cdffc0e0d3e2', 'username': 'smalllion800', 'password': 'panthers', 'salt': 'VPuA2BEr', 'md5': 'f21ae59ede94d46ef07896f3590cad44', 'sha1': '8778d9c47cbb73d7edca45d8d18d129e52ff7914', 'sha256': 'cce603b4e79a83f52ee622c2ce7601b0298bf1b789f637681b8f57bc00c4bc51'}, 'dob': {'date': '1992-01-12T00:15:14.851Z', 'age': 32}, 'registered': {'date': '2021-06-09T06:01:07.306Z', 'age': 2}, 'phone': '(809) 282-8173', 'cell': '(306) 322-3370', 'id': {'name': 'SSN', 'value': '575-81-7959'}, 'picture': {'large': 'https://randomuser.me/api/portraits/men/98.jpg', 'medium': 'https://randomuser.me/api/portraits/med/men/98.jpg', 'thumbnail': 'https://randomuser.me/api/portraits/thumb/men/98.jpg'}, 'nat': 'US'}</msg>
<arg>${json_data['results'][0]}</arg>
<doc>Logs the given message with the given level.</doc>
<status status="PASS" start="2024-03-24T04:17:07.340438" elapsed="0.000429"/>
</kw>
<kw name="Log" owner="BuiltIn">
<msg time="2024-03-24T04:17:07.341317" level="INFO">gender</msg>
<arg>${key}</arg>
<doc>Logs the given message with the given level.</doc>
<status status="PASS" start="2024-03-24T04:17:07.341182" elapsed="0.000176"/>
</kw>
<var name="${key}">gender</var>
<status status="PASS" start="2024-03-24T04:17:07.339541" elapsed="0.002042"/>
</iter>
<iter>
<kw name="Dictionary Should Contain Key" owner="Collections">
<msg time="2024-03-24T04:17:07.342290" level="INFO">False</msg>
<arg>${json_data['results'][0]}</arg>
<arg>${key}</arg>
<doc>Fails if ``key`` is not found from ``dictionary``.</doc>
<status status="PASS" start="2024-03-24T04:17:07.341903" elapsed="0.000425"/>
</kw>
<kw name="Log" owner="BuiltIn">
<msg time="2024-03-24T04:17:07.343033" level="INFO">{'gender': 'male', 'name': {'title': 'Mr', 'first': 'Miguel', 'last': 'Steeves '}, 'location': {'street': {'number': 4457, 'name': 'Ranchview Dr'}, 'city': 'St. Petersburg', 'state': 'West Virginia', 'country': 'United States', 'postcode': 47691, 'coordinates': {'latitude': '83.7936', 'longitude': '-130.1849'}, 'timezone': {'offset': '-3:00', 'description': 'Brazil, Buenos Aires, Georgetown'}}, 'email': 'miguel.steeves@example.com', 'login': {'uuid': 'bd57adf6-ca56-4d77-8ad8-cdffc0e0d3e2', 'username': 'smalllion800', 'password': 'panthers', 'salt': 'VPuA2BEr', 'md5': 'f21ae59ede94d46ef07896f3590cad44', 'sha1': '8778d9c47cbb73d7edca45d8d18d129e52ff7914', 'sha256': 'cce603b4e79a83f52ee622c2ce7601b0298bf1b789f637681b8f57bc00c4bc51'}, 'dob': {'date': '1992-01-12T00:15:14.851Z', 'age': 32}, 'registered': {'date': '2021-06-09T06:01:07.306Z', 'age': 2}, 'phone': '(809) 282-8173', 'cell': '(306) 322-3370', 'id': {'name': 'SSN', 'value': '575-81-7959'}, 'picture': {'large': 'https://randomuser.me/api/portraits/men/98.jpg', 'medium': 'https://randomuser.me/api/portraits/med/men/98.jpg', 'thumbnail': 'https://randomuser.me/api/portraits/thumb/men/98.jpg'}, 'nat': 'US'}</msg>
<arg>${json_data['results'][0]}</arg>
<doc>Logs the given message with the given level.</doc>
<status status="PASS" start="2024-03-24T04:17:07.342667" elapsed="0.000415"/>
</kw>
<kw name="Log" owner="BuiltIn">
<msg time="2024-03-24T04:17:07.343549" level="INFO">name</msg>
<arg>${key}</arg>
<doc>Logs the given message with the given level.</doc>
<status status="PASS" start="2024-03-24T04:17:07.343414" elapsed="0.000174"/>
</kw>
<var name="${key}">name</var>
<status status="PASS" start="2024-03-24T04:17:07.341778" elapsed="0.002038"/>
</iter>
<iter>
<kw name="Dictionary Should Contain Key" owner="Collections">
<msg time="2024-03-24T04:17:07.344513" level="INFO">False</msg>
<arg>${json_data['results'][0]}</arg>
<arg>${key}</arg>
<doc>Fails if ``key`` is not found from ``dictionary``.</doc>
<status status="PASS" start="2024-03-24T04:17:07.344122" elapsed="0.000431"/>
</kw>
<kw name="Log" owner="BuiltIn">
<msg time="2024-03-24T04:17:07.345228" level="INFO">{'gender': 'male', 'name': {'title': 'Mr', 'first': 'Miguel', 'last': 'Steeves '}, 'location': {'street': {'number': 4457, 'name': 'Ranchview Dr'}, 'city': 'St. Petersburg', 'state': 'West Virginia', 'country': 'United States', 'postcode': 47691, 'coordinates': {'latitude': '83.7936', 'longitude': '-130.1849'}, 'timezone': {'offset': '-3:00', 'description': 'Brazil, Buenos Aires, Georgetown'}}, 'email': 'miguel.steeves@example.com', 'login': {'uuid': 'bd57adf6-ca56-4d77-8ad8-cdffc0e0d3e2', 'username': 'smalllion800', 'password': 'panthers', 'salt': 'VPuA2BEr', 'md5': 'f21ae59ede94d46ef07896f3590cad44', 'sha1': '8778d9c47cbb73d7edca45d8d18d129e52ff7914', 'sha256': 'cce603b4e79a83f52ee622c2ce7601b0298bf1b789f637681b8f57bc00c4bc51'}, 'dob': {'date': '1992-01-12T00:15:14.851Z', 'age': 32}, 'registered': {'date': '2021-06-09T06:01:07.306Z', 'age': 2}, 'phone': '(809) 282-8173', 'cell': '(306) 322-3370', 'id': {'name': 'SSN', 'value': '575-81-7959'}, 'picture': {'large': 'https://randomuser.me/api/portraits/men/98.jpg', 'medium': 'https://randomuser.me/api/portraits/med/men/98.jpg', 'thumbnail': 'https://randomuser.me/api/portraits/thumb/men/98.jpg'}, 'nat': 'US'}</msg>
<arg>${json_data['results'][0]}</arg>
<doc>Logs the given message with the given level.</doc>
<status status="PASS" start="2024-03-24T04:17:07.344856" elapsed="0.000425"/>
</kw>
<kw name="Log" owner="BuiltIn">
<msg time="2024-03-24T04:17:07.345712" level="INFO">location</msg>
<arg>${key}</arg>
<doc>Logs the given message with the given level.</doc>
<status status="PASS" start="2024-03-24T04:17:07.345581" elapsed="0.000171"/>
</kw>
<var name="${key}">location</var>
<status status="PASS" start="2024-03-24T04:17:07.344007" elapsed="0.001966"/>
</iter>
<iter>
<kw name="Dictionary Should Contain Key" owner="Collections">
<msg time="2024-03-24T04:17:07.346645" level="INFO">False</msg>
<arg>${json_data['results'][0]}</arg>
<arg>${key}</arg>
<doc>Fails if ``key`` is not found from ``dictionary``.</doc>
<status status="PASS" start="2024-03-24T04:17:07.346261" elapsed="0.000423"/>
</kw>
<kw name="Log" owner="BuiltIn">
<msg time="2024-03-24T04:17:07.347408" level="INFO">{'gender': 'male', 'name': {'title': 'Mr', 'first': 'Miguel', 'last': 'Steeves '}, 'location': {'street': {'number': 4457, 'name': 'Ranchview Dr'}, 'city': 'St. Petersburg', 'state': 'West Virginia', 'country': 'United States', 'postcode': 47691, 'coordinates': {'latitude': '83.7936', 'longitude': '-130.1849'}, 'timezone': {'offset': '-3:00', 'description': 'Brazil, Buenos Aires, Georgetown'}}, 'email': 'miguel.steeves@example.com', 'login': {'uuid': 'bd57adf6-ca56-4d77-8ad8-cdffc0e0d3e2', 'username': 'smalllion800', 'password': 'panthers', 'salt': 'VPuA2BEr', 'md5': 'f21ae59ede94d46ef07896f3590cad44', 'sha1': '8778d9c47cbb73d7edca45d8d18d129e52ff7914', 'sha256': 'cce603b4e79a83f52ee622c2ce7601b0298bf1b789f637681b8f57bc00c4bc51'}, 'dob': {'date': '1992-01-12T00:15:14.851Z', 'age': 32}, 'registered': {'date': '2021-06-09T06:01:07.306Z', 'age': 2}, 'phone': '(809) 282-8173', 'cell': '(306) 322-3370', 'id': {'name': 'SSN', 'value': '575-81-7959'}, 'picture': {'large': 'https://randomuser.me/api/portraits/men/98.jpg', 'medium': 'https://randomuser.me/api/portraits/med/men/98.jpg', 'thumbnail': 'https://randomuser.me/api/portraits/thumb/men/98.jpg'}, 'nat': 'US'}</msg>
<arg>${json_data['results'][0]}</arg>
<doc>Logs the given message with the given level.</doc>
<status status="PASS" start="2024-03-24T04:17:07.346998" elapsed="0.000460"/>
</kw>
<kw name="Log" owner="BuiltIn">
<msg time="2024-03-24T04:17:07.347889" level="INFO">email</msg>
<arg>${key}</arg>
<doc>Logs the given message with the given level.</doc>
<status status="PASS" start="2024-03-24T04:17:07.347759" elapsed="0.000171"/>
</kw>
<var name="${key}">email</var>
<status status="PASS" start="2024-03-24T04:17:07.346148" elapsed="0.002028"/>
</iter>
<iter>
<kw name="Dictionary Should Contain Key" owner="Collections">
<msg time="2024-03-24T04:17:07.348872" level="INFO">False</msg>
<arg>${json_data['results'][0]}</arg>
<arg>${key}</arg>
<doc>Fails if ``key`` is not found from ``dictionary``.</doc>
<status status="PASS" start="2024-03-24T04:17:07.348465" elapsed="0.000445"/>
</kw>
<kw name="Log" owner="BuiltIn">
<msg time="2024-03-24T04:17:07.349577" level="INFO">{'gender': 'male', 'name': {'title': 'Mr', 'first': 'Miguel', 'last': 'Steeves '}, 'location': {'street': {'number': 4457, 'name': 'Ranchview Dr'}, 'city': 'St. Petersburg', 'state': 'West Virginia', 'country': 'United States', 'postcode': 47691, 'coordinates': {'latitude': '83.7936', 'longitude': '-130.1849'}, 'timezone': {'offset': '-3:00', 'description': 'Brazil, Buenos Aires, Georgetown'}}, 'email': 'miguel.steeves@example.com', 'login': {'uuid': 'bd57adf6-ca56-4d77-8ad8-cdffc0e0d3e2', 'username': 'smalllion800', 'password': 'panthers', 'salt': 'VPuA2BEr', 'md5': 'f21ae59ede94d46ef07896f3590cad44', 'sha1': '8778d9c47cbb73d7edca45d8d18d129e52ff7914', 'sha256': 'cce603b4e79a83f52ee622c2ce7601b0298bf1b789f637681b8f57bc00c4bc51'}, 'dob': {'date': '1992-01-12T00:15:14.851Z', 'age': 32}, 'registered': {'date': '2021-06-09T06:01:07.306Z', 'age': 2}, 'phone': '(809) 282-8173', 'cell': '(306) 322-3370', 'id': {'name': 'SSN', 'value': '575-81-7959'}, 'picture': {'large': 'https://randomuser.me/api/portraits/men/98.jpg', 'medium': 'https://randomuser.me/api/portraits/med/men/98.jpg', 'thumbnail': 'https://randomuser.me/api/portraits/thumb/men/98.jpg'}, 'nat': 'US'}</msg>
<arg>${json_data['results'][0]}</arg>
<doc>Logs the given message with the given level.</doc>
<status status="PASS" start="2024-03-24T04:17:07.349210" elapsed="0.000415"/>
</kw>
<kw name="Log" owner="BuiltIn">
<msg time="2024-03-24T04:17:07.350051" level="INFO">login</msg>
<arg>${key}</arg>
<doc>Logs the given message with the given level.</doc>
<status status="PASS" start="2024-03-24T04:17:07.349921" elapsed="0.000310"/>
</kw>
<var name="${key}">login</var>
<status status="PASS" start="2024-03-24T04:17:07.348352" elapsed="0.002111"/>
</iter>
<var>${key}</var>
<value>@{expected_keys}</value>
<status status="PASS" start="2024-03-24T04:17:07.339333" elapsed="0.011256"/>
</for>
<kw name="Create List" owner="BuiltIn">
<msg time="2024-03-24T04:17:07.350933" level="INFO">${expected_keysTwo} = ['username', 'password']</msg>
<var>${expected_keysTwo}</var>
<arg>username</arg>
<arg>password</arg>
<doc>Returns a list containing given items.</doc>
<status status="PASS" start="2024-03-24T04:17:07.350791" elapsed="0.000166"/>
</kw>
<for flavor="IN">
<iter>
<kw name="Dictionary Should Contain Key" owner="Collections">
<msg time="2024-03-24T04:17:07.351893" level="INFO">False</msg>
<arg>${json_data['results'][0]['login']}</arg>
<arg>${keyTwo}</arg>
<doc>Fails if ``key`` is not found from ``dictionary``.</doc>
<status status="PASS" start="2024-03-24T04:17:07.351501" elapsed="0.000431"/>
</kw>
<kw name="Dictionary Should Contain Key" owner="Collections">
<msg time="2024-03-24T04:17:07.352620" level="INFO">False</msg>
<arg>${json_data['results'][0]['login']}</arg>
<arg>${keyTwo}</arg>
<doc>Fails if ``key`` is not found from ``dictionary``.</doc>
<status status="PASS" start="2024-03-24T04:17:07.352236" elapsed="0.000423"/>
</kw>
<kw name="Log" owner="BuiltIn">
<msg time="2024-03-24T04:17:07.353087" level="INFO">username</msg>
<arg>${keyTwo}</arg>
<doc>Logs the given message with the given level.</doc>
<status status="PASS" start="2024-03-24T04:17:07.352957" elapsed="0.000168"/>
</kw>
<var name="${keyTwo}">username</var>
<status status="PASS" start="2024-03-24T04:17:07.351389" elapsed="0.001953"/>
</iter>
<iter>
<kw name="Dictionary Should Contain Key" owner="Collections">
<msg time="2024-03-24T04:17:07.354015" level="INFO">False</msg>
<arg>${json_data['results'][0]['login']}</arg>
<arg>${keyTwo}</arg>
<doc>Fails if ``key`` is not found from ``dictionary``.</doc>
<status status="PASS" start="2024-03-24T04:17:07.353630" elapsed="0.000423"/>
</kw>
<kw name="Dictionary Should Contain Key" owner="Collections">
<msg time="2024-03-24T04:17:07.354731" level="INFO">False</msg>
<arg>${json_data['results'][0]['login']}</arg>
<arg>${keyTwo}</arg>
<doc>Fails if ``key`` is not found from ``dictionary``.</doc>
<status status="PASS" start="2024-03-24T04:17:07.354349" elapsed="0.000419"/>
</kw>
<kw name="Log" owner="BuiltIn">
<msg time="2024-03-24T04:17:07.355191" level="INFO">password</msg>
<arg>${keyTwo}</arg>
<doc>Logs the given message with the given level.</doc>
<status status="PASS" start="2024-03-24T04:17:07.355061" elapsed="0.000195"/>
</kw>
<var name="${keyTwo}">password</var>
<status status="PASS" start="2024-03-24T04:17:07.353519" elapsed="0.001972"/>
</iter>
<var>${keyTwo}</var>
<value>@{expected_keysTwo}</value>
<status status="PASS" start="2024-03-24T04:17:07.351199" elapsed="0.004415"/>
</for>
<status status="PASS" start="2024-03-24T04:17:07.245927" elapsed="0.109836"/>
</kw>
<doc>Testa a estrutura da resposta da API.</doc>
<tag>testeEstruturaResposta</tag>
<status status="PASS" start="2024-03-24T04:17:07.245141" elapsed="0.110792"/>
</test>
<test id="s1-s1-t4" name="Validar tipos de dados" line="28">
<kw name="Teste de Tipos de Dados" owner="random-user-service">
<kw name="GET On Session" owner="RequestsLibrary">
<msg time="2024-03-24T04:17:07.435490" level="INFO">GET Request : url=https://randomuser.me/api 
 path_url=/api 
 headers={'User-Agent': 'python-requests/2.31.0', 'Accept-Encoding': 'gzip, deflate', 'Accept': '*/*', 'Connection': 'keep-alive'} 
 body=None 
 </msg>
<msg time="2024-03-24T04:17:07.435587" level="INFO">GET Response : url=https://randomuser.me/api 
 status=200, reason=OK 
 headers={'Date': 'Sun, 24 Mar 2024 04:17:07 GMT', 'Content-Type': 'application/json; charset=utf-8', 'Transfer-Encoding': 'chunked', 'Connection': 'keep-alive', 'X-Powered-By': 'Express', 'Access-Control-Allow-Origin': '*', 'Cache-Control': 'no-cache', 'ETag': 'W/"492-An03ODdRcmNZ9uqaFq6j+s5LYkk"', 'Vary': 'Accept-Encoding', 'Content-Encoding': 'gzip', 'CF-Cache-Status': 'DYNAMIC', 'Report-To': '{"endpoints":[{"url":"https:\\/\\/a.nel.cloudflare.com\\/report\\/v4?s=ernhLEIuoCExpr6a2YE7bAz5e3m2F6Q52ybA4KdJySK0%2FSAV9Dh3hjSgHQs%2FwpwdUgbu%2FR%2B7vgRWDUBbbqXteANTrWewbvuGFXx%2FemIl4DwW0%2FWrVUHHn%2FYnE4Ap%2BZWK"}],"group":"cf-nel","max_age":604800}', 'NEL': '{"success_fraction":0,"report_to":"cf-nel","max_age":604800}', 'Server': 'cloudflare', 'CF-RAY': '8693d98508e22082-IAD', 'alt-svc': 'h3=":443"; ma=86400'} 
 body={"results":[{"gender":"female","name":{"title":"Miss","first":"Rosario","last":"Sáez"},"location":{"street":{"number":6545,"name":"Calle de Alberto Aguilera"},"city":"Elche","state":"Ceuta","country":"Spain","postcode":47182,"coordinates":{"latitude":"-34.0143","longitude":"25.5462"},"timezone":{"offset":"-1:00","description":"Azores, Cape Verde Islands"}},"email":"rosario.saez@example.com","login":{"uuid":"dd26a436-6e2c-46b3-a3bd-61ba19b07b27","username":"ticklishgorilla184","password":"pimping","salt":"3iVzToNn","md5":"a91c1f99b34f3837736f9f4ee7460628","sha1":"23eca1d8daa19f57d3d2ca4773e9b5af323757a1","sha256":"1577f449a51af73bcd85bbdefab832fcf72634125329e671a502c718bec99a8a"},"dob":{"date":"1986-11-13T13:57:13.768Z","age":37},"registered":{"date":"2014-11-06T23:43:07.929Z","age":9},"phone":"956-047-140","cell":"664-858-202","id":{"name":"DNI","value":"52169521-S"},"picture":{"large":"https://randomuser.me/api/portraits/women/11.jpg","medium":"https://randomuser.me/api/portraits/med/women/11.jpg","thumbnail":"https://randomuser.me/api/portraits/thumb/women/11.jpg"},"nat":"ES"}],"info":{"seed":"05ccdb2f6b820ebf","results":1,"page":1,"version":"1.4"}} 
 </msg>
<msg time="2024-03-24T04:17:07.435655" level="INFO">/opt/hostedtoolcache/Python/3.12.2/x64/lib/python3.12/site-packages/urllib3/connectionpool.py:1103: InsecureRequestWarning: Unverified HTTPS request is being made to host 'randomuser.me'. Adding certificate verification is strongly advised. See: https://urllib3.readthedocs.io/en/latest/advanced-usage.html#tls-warnings
  warnings.warn(</msg>
<msg time="2024-03-24T04:17:07.435778" level="INFO">${response} = &lt;Response [200]&gt;</msg>
<var>${response}</var>
<arg>consultarAPI</arg>
<arg>/api</arg>
<doc>Sends a GET request on a previously created HTTP Session.</doc>
<status status="PASS" start="2024-03-24T04:17:07.358555" elapsed="0.077272"/>
</kw>
<kw name="Set Variable" owner="BuiltIn">
<msg time="2024-03-24T04:17:07.437028" level="INFO">${json_data} = {'results': [{'gender': 'female', 'name': {'title': 'Miss', 'first': 'Rosario', 'last': 'Sáez'}, 'location': {'street': {'number': 6545, 'name': 'Calle de Alberto Aguilera'}, 'city': 'Elche', 'state':...</msg>
<var>${json_data}</var>
<arg>${response.json()}</arg>
<doc>Returns the given values which can then be assigned to a variables.</doc>
<status status="PASS" start="2024-03-24T04:17:07.436455" elapsed="0.000603"/>
</kw>
<kw name="Log" owner="BuiltIn">
<msg time="2024-03-24T04:17:07.437546" level="INFO">{'results': [{'gender': 'female', 'name': {'title': 'Miss', 'first': 'Rosario', 'last': 'Sáez'}, 'location': {'street': {'number': 6545, 'name': 'Calle de Alberto Aguilera'}, 'city': 'Elche', 'state': 'Ceuta', 'country': 'Spain', 'postcode': 47182, 'coordinates': {'latitude': '-34.0143', 'longitude': '25.5462'}, 'timezone': {'offset': '-1:00', 'description': 'Azores, Cape Verde Islands'}}, 'email': 'rosario.saez@example.com', 'login': {'uuid': 'dd26a436-6e2c-46b3-a3bd-61ba19b07b27', 'username': 'ticklishgorilla184', 'password': 'pimping', 'salt': '3iVzToNn', 'md5': 'a91c1f99b34f3837736f9f4ee7460628', 'sha1': '23eca1d8daa19f57d3d2ca4773e9b5af323757a1', 'sha256': '1577f449a51af73bcd85bbdefab832fcf72634125329e671a502c718bec99a8a'}, 'dob': {'date': '1986-11-13T13:57:13.768Z', 'age': 37}, 'registered': {'date': '2014-11-06T23:43:07.929Z', 'age': 9}, 'phone': '956-047-140', 'cell': '664-858-202', 'id': {'name': 'DNI', 'value': '52169521-S'}, 'picture': {'large': 'https://randomuser.me/api/portraits/women/11.jpg', 'medium': 'https://randomuser.me/api/portraits/med/women/11.jpg', 'thumbnail': 'https://randomuser.me/api/portraits/thumb/women/11.jpg'}, 'nat': 'ES'}], 'info': {'seed': '05ccdb2f6b820ebf', 'results': 1, 'page': 1, 'version': '1.4'}}</msg>
<arg>${json_data}</arg>
<doc>Logs the given message with the given level.</doc>
<status status="PASS" start="2024-03-24T04:17:07.437382" elapsed="0.000259"/>
</kw>
<kw name="Should Be String" owner="String">
<arg>${json_data['results'][0]['gender']}</arg>
<doc>Fails if the given ``item`` is not a string.</doc>
<status status="PASS" start="2024-03-24T04:17:07.437950" elapsed="0.000364"/>
</kw>
<kw name="Should Match Regexp" owner="BuiltIn">
<arg>${json_data['results'][0]['email']}</arg>
<arg>^[a-zA-Z0-9._%+-]+@[a-zA-Z0-9.-]+\.[a-zA-Z]{2,}$</arg>
<doc>Fails if ``string`` does not match ``pattern`` as a regular expression.</doc>
<status status="PASS" start="2024-03-24T04:17:07.438514" elapsed="0.000531"/>
</kw>
<kw name="Should Match Regexp" owner="BuiltIn">
<arg>${json_data['results'][0]['dob']['date']}</arg>
<arg>\\d{4}-\\d{2}-\\d{2}T\\d{2}:\\d{2}:\\d{2}\\.\\d{3}Z</arg>
<doc>Fails if ``string`` does not match ``pattern`` as a regular expression.</doc>
<status status="PASS" start="2024-03-24T04:17:07.439274" elapsed="0.000532"/>
</kw>
<kw name="Should Match Regexp" owner="BuiltIn">
<arg>${json_data['results'][0]['registered']['date']}</arg>
<arg>\\d{4}-\\d{2}-\\d{2}T\\d{2}:\\d{2}:\\d{2}\\.\\d{3}Z</arg>
<doc>Fails if ``string`` does not match ``pattern`` as a regular expression.</doc>
<status status="PASS" start="2024-03-24T04:17:07.440014" elapsed="0.000402"/>
</kw>
<kw name="Should Match Regexp" owner="BuiltIn">
<arg>${json_data['results'][0]['picture']['large']}</arg>
<arg>^https?://.*\.(?:png|jpe?g|gif|bmp)$</arg>
<doc>Fails if ``string`` does not match ``pattern`` as a regular expression.</doc>
<status status="PASS" start="2024-03-24T04:17:07.440623" elapsed="0.000517"/>
</kw>
<kw name="Should Match Regexp" owner="BuiltIn">
<arg>${json_data['results'][0]['picture']['medium']}</arg>
<arg>^https?://.*\.(?:png|jpe?g|gif|bmp)$</arg>
<doc>Fails if ``string`` does not match ``pattern`` as a regular expression.</doc>
<status status="PASS" start="2024-03-24T04:17:07.441348" elapsed="0.000385"/>
</kw>
<kw name="Should Match Regexp" owner="BuiltIn">
<arg>${json_data['results'][0]['picture']['thumbnail']}</arg>
<arg>^https?://.*\.(?:png|jpe?g|gif|bmp)$</arg>
<doc>Fails if ``string`` does not match ``pattern`` as a regular expression.</doc>
<status status="PASS" start="2024-03-24T04:17:07.441926" elapsed="0.000345"/>
</kw>
<kw name="Log" owner="BuiltIn">
<msg time="2024-03-24T04:17:07.442787" level="INFO">{'large': 'https://randomuser.me/api/portraits/women/11.jpg', 'medium': 'https://randomuser.me/api/portraits/med/women/11.jpg', 'thumbnail': 'https://randomuser.me/api/portraits/thumb/women/11.jpg'}</msg>
<arg>${json_data['results'][0]['picture']}</arg>
<doc>Logs the given message with the given level.</doc>
<status status="PASS" start="2024-03-24T04:17:07.442454" elapsed="0.000382"/>
</kw>
<status status="PASS" start="2024-03-24T04:17:07.358322" elapsed="0.084843"/>
</kw>
<kw name="Teste de Tipos de Dados - Postcode" owner="random-user-service">
<kw name="GET On Session" owner="RequestsLibrary">
<msg time="2024-03-24T04:17:07.537402" level="INFO">GET Request : url=https://randomuser.me/api 
 path_url=/api 
 headers={'User-Agent': 'python-requests/2.31.0', 'Accept-Encoding': 'gzip, deflate', 'Accept': '*/*', 'Connection': 'keep-alive'} 
 body=None 
 </msg>
<msg time="2024-03-24T04:17:07.537516" level="INFO">GET Response : url=https://randomuser.me/api 
 status=200, reason=OK 
 headers={'Date': 'Sun, 24 Mar 2024 04:17:07 GMT', 'Content-Type': 'application/json; charset=utf-8', 'Transfer-Encoding': 'chunked', 'Connection': 'keep-alive', 'X-Powered-By': 'Express', 'Access-Control-Allow-Origin': '*', 'Cache-Control': 'no-cache', 'ETag': 'W/"475-CvIns9Gm3KjRG7cyuepT1nbfq1Y"', 'Vary': 'Accept-Encoding', 'Content-Encoding': 'gzip', 'CF-Cache-Status': 'DYNAMIC', 'Report-To': '{"endpoints":[{"url":"https:\\/\\/a.nel.cloudflare.com\\/report\\/v4?s=XwfwkZzfid4Q05GpZoNN9iC8qRN5WKbPVWL2rQs6qS4Jjj0nrxR4j6ghhIJbUlhmFldThALwqxyI69Nt42MCoapMfTHd7KDrFyp49kYd9bQK6w0aVnhUVor79nuh5WTP"}],"group":"cf-nel","max_age":604800}', 'NEL': '{"success_fraction":0,"report_to":"cf-nel","max_age":604800}', 'Server': 'cloudflare', 'CF-RAY': '8693d985894d2082-IAD', 'alt-svc': 'h3=":443"; ma=86400'} 
 body={"results":[{"gender":"male","name":{"title":"Mr","first":"Aitor","last":"Soler"},"location":{"street":{"number":794,"name":"Calle de La Luna"},"city":"Fuenlabrada","state":"Asturias","country":"Spain","postcode":32304,"coordinates":{"latitude":"-33.5457","longitude":"-147.7958"},"timezone":{"offset":"-3:30","description":"Newfoundland"}},"email":"aitor.soler@example.com","login":{"uuid":"0e518423-3e54-43fc-8e57-5113584b1f27","username":"greenkoala387","password":"tomahawk","salt":"o5usn8WV","md5":"7069ca6d770ed3e9345a3d1eb8875e01","sha1":"ebe63c01f2acd36fa61faa1487ce84adc9090493","sha256":"f242ca723ac275988915c06d4390af7a1dc731b104da1f0aaf33c68afdecb3b8"},"dob":{"date":"1950-08-29T02:32:33.088Z","age":73},"registered":{"date":"2004-07-19T02:37:34.555Z","age":19},"phone":"935-270-914","cell":"649-239-042","id":{"name":"DNI","value":"17839053-O"},"picture":{"large":"https://randomuser.me/api/portraits/men/19.jpg","medium":"https://randomuser.me/api/portraits/med/men/19.jpg","thumbnail":"https://randomuser.me/api/portraits/thumb/men/19.jpg"},"nat":"ES"}],"info":{"seed":"5c8dee5c7bc48c83","results":1,"page":1,"version":"1.4"}} 
 </msg>
<msg time="2024-03-24T04:17:07.537620" level="INFO">/opt/hostedtoolcache/Python/3.12.2/x64/lib/python3.12/site-packages/urllib3/connectionpool.py:1103: InsecureRequestWarning: Unverified HTTPS request is being made to host 'randomuser.me'. Adding certificate verification is strongly advised. See: https://urllib3.readthedocs.io/en/latest/advanced-usage.html#tls-warnings
  warnings.warn(</msg>
<msg time="2024-03-24T04:17:07.537757" level="INFO">${response} = &lt;Response [200]&gt;</msg>
<var>${response}</var>
<arg>consultarAPI</arg>
<arg>/api</arg>
<doc>Sends a GET request on a previously created HTTP Session.</doc>
<status status="PASS" start="2024-03-24T04:17:07.443926" elapsed="0.093871"/>
</kw>
<kw name="Set Variable" owner="BuiltIn">
<msg time="2024-03-24T04:17:07.539303" level="INFO">${json_data} = {'results': [{'gender': 'male', 'name': {'title': 'Mr', 'first': 'Aitor', 'last': 'Soler'}, 'location': {'street': {'number': 794, 'name': 'Calle de La Luna'}, 'city': 'Fuenlabrada', 'state': 'Asturia...</msg>
<var>${json_data}</var>
<arg>${response.json()}</arg>
<doc>Returns the given values which can then be assigned to a variables.</doc>
<status status="PASS" start="2024-03-24T04:17:07.538681" elapsed="0.000660"/>
</kw>
<kw name="Log" owner="BuiltIn">
<msg time="2024-03-24T04:17:07.539817" level="INFO">{'results': [{'gender': 'male', 'name': {'title': 'Mr', 'first': 'Aitor', 'last': 'Soler'}, 'location': {'street': {'number': 794, 'name': 'Calle de La Luna'}, 'city': 'Fuenlabrada', 'state': 'Asturias', 'country': 'Spain', 'postcode': 32304, 'coordinates': {'latitude': '-33.5457', 'longitude': '-147.7958'}, 'timezone': {'offset': '-3:30', 'description': 'Newfoundland'}}, 'email': 'aitor.soler@example.com', 'login': {'uuid': '0e518423-3e54-43fc-8e57-5113584b1f27', 'username': 'greenkoala387', 'password': 'tomahawk', 'salt': 'o5usn8WV', 'md5': '7069ca6d770ed3e9345a3d1eb8875e01', 'sha1': 'ebe63c01f2acd36fa61faa1487ce84adc9090493', 'sha256': 'f242ca723ac275988915c06d4390af7a1dc731b104da1f0aaf33c68afdecb3b8'}, 'dob': {'date': '1950-08-29T02:32:33.088Z', 'age': 73}, 'registered': {'date': '2004-07-19T02:37:34.555Z', 'age': 19}, 'phone': '935-270-914', 'cell': '649-239-042', 'id': {'name': 'DNI', 'value': '17839053-O'}, 'picture': {'large': 'https://randomuser.me/api/portraits/men/19.jpg', 'medium': 'https://randomuser.me/api/portraits/med/men/19.jpg', 'thumbnail': 'https://randomuser.me/api/portraits/thumb/men/19.jpg'}, 'nat': 'ES'}], 'info': {'seed': '5c8dee5c7bc48c83', 'results': 1, 'page': 1, 'version': '1.4'}}</msg>
<arg>${json_data}</arg>
<doc>Logs the given message with the given level.</doc>
<status status="PASS" start="2024-03-24T04:17:07.539659" elapsed="0.000242"/>
</kw>
<kw name="Should Be Equal As Numbers" owner="BuiltIn">
<arg>${json_data['results'][0]['location']['postcode']}</arg>
<arg>${json_data['results'][0]['location']['postcode']}</arg>
<doc>Fails if objects are unequal after converting them to real numbers.</doc>
<status status="PASS" start="2024-03-24T04:17:07.540208" elapsed="0.000638"/>
</kw>
<kw name="Log" owner="BuiltIn">
<msg time="2024-03-24T04:17:07.541380" level="INFO">32304</msg>
<arg>${json_data['results'][0]['location']['postcode']}</arg>
<doc>Logs the given message with the given level.</doc>
<status status="PASS" start="2024-03-24T04:17:07.541041" elapsed="0.000383"/>
</kw>
<status status="PASS" start="2024-03-24T04:17:07.443475" elapsed="0.098214"/>
</kw>
<doc>Testa se os tipos de dados na resposta da API estão corretos.</doc>
<tag>testeTiposDados</tag>
<status status="PASS" start="2024-03-24T04:17:07.357730" elapsed="0.184137"/>
</test>
<test id="s1-s1-t5" name="Validar conteudo" line="35">
<kw name="Teste de Tipos de Conteudo" owner="random-user-service">
<kw name="GET On Session" owner="RequestsLibrary">
<msg time="2024-03-24T04:17:07.658020" level="INFO">GET Request : url=https://randomuser.me/api 
 path_url=/api 
 headers={'User-Agent': 'python-requests/2.31.0', 'Accept-Encoding': 'gzip, deflate', 'Accept': '*/*', 'Connection': 'keep-alive'} 
 body=None 
 </msg>
<msg time="2024-03-24T04:17:07.658119" level="INFO">GET Response : url=https://randomuser.me/api 
 status=200, reason=OK 
 headers={'Date': 'Sun, 24 Mar 2024 04:17:07 GMT', 'Content-Type': 'application/json; charset=utf-8', 'Transfer-Encoding': 'chunked', 'Connection': 'keep-alive', 'X-Powered-By': 'Express', 'Access-Control-Allow-Origin': '*', 'Cache-Control': 'no-cache', 'ETag': 'W/"476-rRIfb6M8vtXAO2LgEgrH1BoYFzk"', 'Vary': 'Accept-Encoding', 'Content-Encoding': 'gzip', 'CF-Cache-Status': 'DYNAMIC', 'Report-To': '{"endpoints":[{"url":"https:\\/\\/a.nel.cloudflare.com\\/report\\/v4?s=1NLrWrC5JCTrFhWeZ79LlhUDVhqBiPRUTnQwfpq9Swd6x8wk2yHwvW95w9W4bvFOF%2FdT2N7uc6cB%2BwliRWZfJnixgVfi9yncra1zBko4QiKN%2FvKGwAy0SXWSdwiLDx96"}],"group":"cf-nel","max_age":604800}', 'NEL': '{"success_fraction":0,"report_to":"cf-nel","max_age":604800}', 'Server': 'cloudflare', 'CF-RAY': '8693d98629eb2082-IAD', 'alt-svc': 'h3=":443"; ma=86400'} 
 body={"results":[{"gender":"male","name":{"title":"Mr","first":"Ralph","last":"Perry"},"location":{"street":{"number":2550,"name":"Main Street"},"city":"Hereford","state":"Cleveland","country":"United Kingdom","postcode":"WJ5 1RE","coordinates":{"latitude":"-9.7925","longitude":"-8.5805"},"timezone":{"offset":"+3:30","description":"Tehran"}},"email":"ralph.perry@example.com","login":{"uuid":"cb946615-3471-4dbf-8ea6-3eb777d5af1d","username":"redkoala280","password":"thomas1","salt":"nqCgZT9F","md5":"5a2456688554060350872ae7fa692f2c","sha1":"d7a187987bc54d70dc0f0c2abefbe52ef0ddccb2","sha256":"8e3617b96f56f5d34ca873eb9c89c48caba9bb01f8cad17a3ffde9740aa438cb"},"dob":{"date":"1996-10-16T02:23:41.559Z","age":27},"registered":{"date":"2016-08-06T02:51:43.999Z","age":7},"phone":"026 8348 8805","cell":"07759 060156","id":{"name":"NINO","value":"PH 04 27 27 B"},"picture":{"large":"https://randomuser.me/api/portraits/men/49.jpg","medium":"https://randomuser.me/api/portraits/med/men/49.jpg","thumbnail":"https://randomuser.me/api/portraits/thumb/men/49.jpg"},"nat":"GB"}],"info":{"seed":"5888905721b30d4b","results":1,"page":1,"version":"1.4"}} 
 </msg>
<msg time="2024-03-24T04:17:07.658185" level="INFO">/opt/hostedtoolcache/Python/3.12.2/x64/lib/python3.12/site-packages/urllib3/connectionpool.py:1103: InsecureRequestWarning: Unverified HTTPS request is being made to host 'randomuser.me'. Adding certificate verification is strongly advised. See: https://urllib3.readthedocs.io/en/latest/advanced-usage.html#tls-warnings
  warnings.warn(</msg>
<msg time="2024-03-24T04:17:07.658310" level="INFO">${response} = &lt;Response [200]&gt;</msg>
<var>${response}</var>
<arg>consultarAPI</arg>
<arg>/api</arg>
<doc>Sends a GET request on a previously created HTTP Session.</doc>
<status status="PASS" start="2024-03-24T04:17:07.544482" elapsed="0.113878"/>
</kw>
<kw name="Set Variable" owner="BuiltIn">
<msg time="2024-03-24T04:17:07.659622" level="INFO">${json_data} = {'results': [{'gender': 'male', 'name': {'title': 'Mr', 'first': 'Ralph', 'last': 'Perry'}, 'location': {'street': {'number': 2550, 'name': 'Main Street'}, 'city': 'Hereford', 'state': 'Cleveland', 'c...</msg>
<var>${json_data}</var>
<arg>${response.json()}</arg>
<doc>Returns the given values which can then be assigned to a variables.</doc>
<status status="PASS" start="2024-03-24T04:17:07.659003" elapsed="0.000648"/>
</kw>
<kw name="Set Variable" owner="BuiltIn">
<msg time="2024-03-24T04:17:07.660363" level="INFO">${name_title} = Mr</msg>
<var>${name_title}</var>
<arg>${json_data["results"][0]["name"]["title"]}</arg>
<doc>Returns the given values which can then be assigned to a variables.</doc>
<status status="PASS" start="2024-03-24T04:17:07.659964" elapsed="0.000424"/>
</kw>
<kw name="Create List" owner="BuiltIn">
<msg time="2024-03-24T04:17:07.660842" level="INFO">${allowed_titles} = ['Mr', 'Ms', 'Miss', 'Mrs', 'Madame', 'Monsieur']</msg>
<var>${allowed_titles}</var>
<arg>Mr</arg>
<arg>Ms</arg>
<arg>Miss</arg>
<arg>Mrs</arg>
<arg>Madame</arg>
<arg>Monsieur</arg>
<doc>Returns a list containing given items.</doc>
<status status="PASS" start="2024-03-24T04:17:07.660692" elapsed="0.000174"/>
</kw>
<kw name="List Should Contain Value" owner="Collections">
<msg time="2024-03-24T04:17:07.661348" level="INFO">False</msg>
<arg>${allowed_titles}</arg>
<arg>${name_title}</arg>
<doc>Fails if the ``value`` is not found from ``list``.</doc>
<status status="PASS" start="2024-03-24T04:17:07.661172" elapsed="0.000214"/>
</kw>
<kw name="Set Variable" owner="BuiltIn">
<msg time="2024-03-24T04:17:07.662060" level="INFO">${name_country} = GB</msg>
<var>${name_country}</var>
<arg>${json_data["results"][0]["nat"]}</arg>
<doc>Returns the given values which can then be assigned to a variables.</doc>
<status status="PASS" start="2024-03-24T04:17:07.661689" elapsed="0.000397"/>
</kw>
<kw name="Create List" owner="BuiltIn">
<msg time="2024-03-24T04:17:07.662998" level="INFO">${list_country} = ['AD', 'AE', 'AF', 'AG', 'AI', 'AL', 'AM', 'AO', 'AQ', 'AR', 'AS', 'AT', 'AU', 'AW', 'AX', 'AZ', 'BA', 'BB', 'BD', 'BE', 'BF', 'BG', 'BH', 'BI', 'BJ', 'BL', 'BM', 'BN', 'BO', 'BQ', 'BR', 'BS', 'BT', '...</msg>
<var>${list_country}</var>
<arg>AD</arg>
<arg>AE</arg>
<arg>AF</arg>
<arg>AG</arg>
<arg>AI</arg>
<arg>AL</arg>
<arg>AM</arg>
<arg>AO</arg>
<arg>AQ</arg>
<arg>AR</arg>
<arg>AS</arg>
<arg>AT</arg>
<arg>AU</arg>
<arg>AW</arg>
<arg>AX</arg>
<arg>AZ</arg>
<arg>BA</arg>
<arg>BB</arg>
<arg>BD</arg>
<arg>BE</arg>
<arg>BF</arg>
<arg>BG</arg>
<arg>BH</arg>
<arg>BI</arg>
<arg>BJ</arg>
<arg>BL</arg>
<arg>BM</arg>
<arg>BN</arg>
<arg>BO</arg>
<arg>BQ</arg>
<arg>BR</arg>
<arg>BS</arg>
<arg>BT</arg>
<arg>BV</arg>
<arg>BW</arg>
<arg>BY</arg>
<arg>BZ</arg>
<arg>CA</arg>
<arg>CC</arg>
<arg>CD</arg>
<arg>CF</arg>
<arg>CG</arg>
<arg>CH</arg>
<arg>CI</arg>
<arg>CK</arg>
<arg>CL</arg>
<arg>CM</arg>
<arg>CN</arg>
<arg>CO</arg>
<arg>CR</arg>
<arg>CU</arg>
<arg>CV</arg>
<arg>CW</arg>
<arg>CX</arg>
<arg>CY</arg>
<arg>CZ</arg>
<arg>DE</arg>
<arg>DJ</arg>
<arg>DK</arg>
<arg>DM</arg>
<arg>DO</arg>
<arg>DZ</arg>
<arg>EC</arg>
<arg>EE</arg>
<arg>EG</arg>
<arg>EH</arg>
<arg>ER</arg>
<arg>ES</arg>
<arg>ET</arg>
<arg>FI</arg>
<arg>FJ</arg>
<arg>FK</arg>
<arg>FM</arg>
<arg>FO</arg>
<arg>FR</arg>
<arg>GA</arg>
<arg>GB</arg>
<arg>GD</arg>
<arg>GE</arg>
<arg>GF</arg>
<arg>GG</arg>
<arg>GH</arg>
<arg>GI</arg>
<arg>GL</arg>
<arg>GM</arg>
<arg>GN</arg>
<arg>GP</arg>
<arg>GQ</arg>
<arg>GR</arg>
<arg>GS</arg>
<arg>GT</arg>
<arg>GU</arg>
<arg>GW</arg>
<arg>GY</arg>
<arg>HK</arg>
<arg>HM</arg>
<arg>HN</arg>
<arg>HR</arg>
<arg>HT</arg>
<arg>HU</arg>
<arg>ID</arg>
<arg>IE</arg>
<arg>IL</arg>
<arg>IM</arg>
<arg>IN</arg>
<arg>IO</arg>
<arg>IQ</arg>
<arg>IR</arg>
<arg>IS</arg>
<arg>IT</arg>
<arg>JE</arg>
<arg>JM</arg>
<arg>JO</arg>
<arg>JP</arg>
<arg>KE</arg>
<arg>KG</arg>
<arg>KH</arg>
<arg>KI</arg>
<arg>KM</arg>
<arg>KN</arg>
<arg>KP</arg>
<arg>KR</arg>
<arg>KW</arg>
<arg>KY</arg>
<arg>KZ</arg>
<arg>LA</arg>
<arg>LB</arg>
<arg>LC</arg>
<arg>LI</arg>
<arg>LK</arg>
<arg>LR</arg>
<arg>LS</arg>
<arg>LT</arg>
<arg>LU</arg>
<arg>LV</arg>
<arg>LY</arg>
<arg>MA</arg>
<arg>MC</arg>
<arg>MD</arg>
<arg>ME</arg>
<arg>MF</arg>
<arg>MG</arg>
<arg>MH</arg>
<arg>MK</arg>
<arg>ML</arg>
<arg>MM</arg>
<arg>MN</arg>
<arg>MO</arg>
<arg>MP</arg>
<arg>MQ</arg>
<arg>MR</arg>
<arg>MS</arg>
<arg>MT</arg>
<arg>MU</arg>
<arg>MV</arg>
<arg>MW</arg>
<arg>MX</arg>
<arg>MY</arg>
<arg>MZ</arg>
<arg>NA</arg>
<arg>NC</arg>
<arg>NE</arg>
<arg>NF</arg>
<arg>NG</arg>
<arg>NI</arg>
<arg>NL</arg>
<arg>NO</arg>
<arg>NP</arg>
<arg>NR</arg>
<arg>NU</arg>
<arg>NZ</arg>
<arg>OM</arg>
<arg>PA</arg>
<arg>PE</arg>
<arg>PF</arg>
<arg>PG</arg>
<arg>PH</arg>
<arg>PK</arg>
<arg>PL</arg>
<arg>PM</arg>
<arg>PN</arg>
<arg>PR</arg>
<arg>PS</arg>
<arg>PT</arg>
<arg>PW</arg>
<arg>PY</arg>
<arg>QA</arg>
<arg>RE</arg>
<arg>RO</arg>
<arg>RS</arg>
<arg>RU</arg>
<arg>RW</arg>
<arg>SA</arg>
<arg>SB</arg>
<arg>SC</arg>
<arg>SD</arg>
<arg>SE</arg>
<arg>SG</arg>
<arg>SH</arg>
<arg>SI</arg>
<arg>SJ</arg>
<arg>SK</arg>
<arg>SL</arg>
<arg>SM</arg>
<arg>SN</arg>
<arg>SO</arg>
<arg>SR</arg>
<arg>SS</arg>
<arg>ST</arg>
<arg>SV</arg>
<arg>SX</arg>
<arg>SY</arg>
<arg>SZ</arg>
<arg>TC</arg>
<arg>TD</arg>
<arg>TF</arg>
<arg>TG</arg>
<arg>TH</arg>
<arg>TJ</arg>
<arg>TK</arg>
<arg>TL</arg>
<arg>TM</arg>
<arg>TN</arg>
<arg>TO</arg>
<arg>TR</arg>
<arg>TT</arg>
<arg>TV</arg>
<arg>TW</arg>
<arg>TZ</arg>
<arg>UA</arg>
<arg>UG</arg>
<arg>UM</arg>
<arg>US</arg>
<arg>UY</arg>
<arg>UZ</arg>
<arg>VA</arg>
<arg>VC</arg>
<arg>VE</arg>
<arg>VG</arg>
<arg>VI</arg>
<arg>VN</arg>
<arg>VU</arg>
<arg>WF</arg>
<arg>WS</arg>
<arg>XK</arg>
<arg>YE</arg>
<arg>YT</arg>
<arg>ZA</arg>
<arg>ZM</arg>
<arg>ZW</arg>
<doc>Returns a list containing given items.</doc>
<status status="PASS" start="2024-03-24T04:17:07.662396" elapsed="0.000626"/>
</kw>
<kw name="List Should Contain Value" owner="Collections">
<msg time="2024-03-24T04:17:07.664186" level="INFO">False</msg>
<arg>${list_country}</arg>
<arg>${name_country}</arg>
<doc>Fails if the ``value`` is not found from ``list``.</doc>
<status status="PASS" start="2024-03-24T04:17:07.663979" elapsed="0.000245"/>
</kw>
<kw name="Run Keyword If" owner="BuiltIn">
<kw name="Should Be True" owner="BuiltIn">
<arg>${True}</arg>
<doc>Fails if the given condition is not true.</doc>
<status status="PASS" start="2024-03-24T04:17:07.665308" elapsed="0.000146"/>
</kw>
<arg>${json_data["results"][0]["location"]["coordinates"]["latitude"]} &gt;= -90 and ${json_data["results"][0]["location"]["coordinates"]["latitude"]} &lt;= 90</arg>
<arg>Should Be True</arg>
<arg>${True}</arg>
<doc>Runs the given keyword with the given arguments, if ``condition`` is true.</doc>
<status status="PASS" start="2024-03-24T04:17:07.664542" elapsed="0.001040"/>
</kw>
<kw name="Run Keyword If" owner="BuiltIn">
<kw name="Should Be True" owner="BuiltIn">
<arg>${True}</arg>
<doc>Fails if the given condition is not true.</doc>
<status status="PASS" start="2024-03-24T04:17:07.666471" elapsed="0.000139"/>
</kw>
<arg>${json_data["results"][0]["location"]["coordinates"]["longitude"]} &gt;= -180 and ${json_data["results"][0]["location"]["coordinates"]["longitude"]} &lt;= 180</arg>
<arg>Should Be True</arg>
<arg>${True}</arg>
<doc>Runs the given keyword with the given arguments, if ``condition`` is true.</doc>
<status status="PASS" start="2024-03-24T04:17:07.665767" elapsed="0.000968"/>
</kw>
<status status="PASS" start="2024-03-24T04:17:07.544245" elapsed="0.122624"/>
</kw>
<doc>Testa o conteúdo específico dos campos retornados pela API.</doc>
<tag>testeConteudo</tag>
<status status="PASS" start="2024-03-24T04:17:07.543683" elapsed="0.123341"/>
</test>
<status status="PASS" start="2024-03-24T04:17:06.835171" elapsed="0.833893"/>
</suite>
<status status="PASS" start="2024-03-24T04:17:06.821376" elapsed="0.853249"/>
</suite>
<statistics>
<total>
<stat pass="5" fail="0" skip="0">All Tests</stat>
</total>
<tag>
<stat pass="1" fail="0" skip="0">testeConteudo</stat>
<stat pass="1" fail="0" skip="0">testeEstruturaResposta</stat>
<stat pass="1" fail="0" skip="0">testeRequisicaoBasica</stat>
<stat pass="1" fail="0" skip="0">testeTiposDados</stat>
</tag>
<suite>
<stat pass="5" fail="0" skip="0" id="s1" name="Tests">Tests</stat>
<stat pass="5" fail="0" skip="0" id="s1-s1" name="Random-User-Test">Tests.Random-User-Test</stat>
</suite>
</statistics>
<errors>
</errors>
</robot>
