<?xml version="1.0" encoding="UTF-8"?>
<robot generator="Robot 7.0.1 (Python 3.12.4 on linux)" generated="2024-07-12T07:15:19.324021" rpa="false" schemaversion="5">
<suite id="s1" name="Tests" source="/home/runner/work/ApiRandomUser/ApiRandomUser/RamdonUser/tests">
<suite id="s1-s1" name="Random-User-Test" source="/home/runner/work/ApiRandomUser/ApiRandomUser/RamdonUser/tests/random-user-test.robot">
<test id="s1-s1-t1" name="Conectar" line="13">
<kw name="Conectar API" owner="random-user-service">
<kw name="Create Session" owner="RequestsLibrary">
<msg time="2024-07-12T07:15:19.728124" level="INFO">Creating Session using : alias=consultarAPI, url=https://randomuser.me/, headers={},                     cookies={}, auth=None, timeout=None, proxies=None, verify=False,                     debug=0 </msg>
<arg>consultarAPI</arg>
<arg>${URL}</arg>
<doc>Create Session: create a HTTP session to a server</doc>
<status status="PASS" start="2024-07-12T07:15:19.727921" elapsed="0.000367"/>
</kw>
<status status="PASS" start="2024-07-12T07:15:19.726944" elapsed="0.001688"/>
</kw>
<status status="PASS" start="2024-07-12T07:15:19.726418" elapsed="0.002404"/>
</test>
<test id="s1-s1-t2" name="Validar retorno 200 e JSON Válido" line="16">
<kw name="Teste de Requisicao Basica" owner="random-user-service">
<kw name="GET On Session" owner="RequestsLibrary">
<msg time="2024-07-12T07:15:19.953512" level="INFO">GET Request : url=https://randomuser.me/api 
 path_url=/api 
 headers={'User-Agent': 'python-requests/2.32.3', 'Accept-Encoding': 'gzip, deflate', 'Accept': '*/*', 'Connection': 'keep-alive'} 
 body=None 
 </msg>
<msg time="2024-07-12T07:15:19.953632" level="INFO">GET Response : url=https://randomuser.me/api 
 status=200, reason=OK 
 headers={'Date': 'Fri, 12 Jul 2024 07:15:19 GMT', 'Content-Type': 'application/json; charset=utf-8', 'Transfer-Encoding': 'chunked', 'Connection': 'keep-alive', 'X-Powered-By': 'Express', 'Access-Control-Allow-Origin': '*', 'Cache-Control': 'no-cache', 'ETag': 'W/"47a-h/p4K7VUqC2QU3hjNpQBfCI7PNM"', 'Vary': 'Accept-Encoding', 'Content-Encoding': 'gzip', 'CF-Cache-Status': 'DYNAMIC', 'Report-To': '{"endpoints":[{"url":"https:\\/\\/a.nel.cloudflare.com\\/report\\/v4?s=RWRVACOgGBN85C7u6xnmh1SoEAu%2BkmR06GvpHD48ZRljHYZJEnU00FBeQndeD7EShFkxjL2Y54HnQt2FbTnFpC%2BpZFUlz4XKfZymG87T4Sd2X68whKPbnRqFyonur6k7"}],"group":"cf-nel","max_age":604800}', 'NEL': '{"success_fraction":0,"report_to":"cf-nel","max_age":604800}', 'Server': 'cloudflare', 'CF-RAY': '8a1f3dd1794e9c8a-IAD', 'alt-svc': 'h3=":443"; ma=86400'} 
 body={"results":[{"gender":"male","name":{"title":"Mr","first":"Aprígio","last":"Souza"},"location":{"street":{"number":7399,"name":"Rua Minas Gerais "},"city":"Marília","state":"Sergipe","country":"Brazil","postcode":11406,"coordinates":{"latitude":"-80.4743","longitude":"-127.6186"},"timezone":{"offset":"+3:30","description":"Tehran"}},"email":"aprigio.souza@example.com","login":{"uuid":"1f9b68e0-ac99-49ff-adc4-22f5c7f55a10","username":"silverfish224","password":"stoner","salt":"PXLKK08N","md5":"f01758ced5cd2547ad720d0d4c8d7caa","sha1":"c9f4b3340401b8369d56e731b928db4767058a6f","sha256":"e83cb480ce7102f487208bb1ade641fa6ed03a815d2cbd468b59853d1fe6ab41"},"dob":{"date":"1954-10-18T14:23:58.076Z","age":69},"registered":{"date":"2022-05-18T14:06:14.622Z","age":2},"phone":"(74) 9336-0018","cell":"(80) 1201-2020","id":{"name":"CPF","value":"466.132.570-62"},"picture":{"large":"https://randomuser.me/api/portraits/men/31.jpg","medium":"https://randomuser.me/api/portraits/med/men/31.jpg","thumbnail":"https://randomuser.me/api/portraits/thumb/men/31.jpg"},"nat":"BR"}],"info":{"seed":"030439f62d233eb9","results":1,"page":1,"version":"1.4"}} 
 </msg>
<msg time="2024-07-12T07:15:19.953705" level="INFO">/opt/hostedtoolcache/Python/3.12.4/x64/lib/python3.12/site-packages/urllib3/connectionpool.py:1099: InsecureRequestWarning: Unverified HTTPS request is being made to host 'randomuser.me'. Adding certificate verification is strongly advised. See: https://urllib3.readthedocs.io/en/latest/advanced-usage.html#tls-warnings
  warnings.warn(</msg>
<msg time="2024-07-12T07:15:19.953818" level="INFO">${response} = &lt;Response [200]&gt;</msg>
<var>${response}</var>
<arg>consultarAPI</arg>
<arg>/api</arg>
<doc>Sends a GET request on a previously created HTTP Session.</doc>
<status status="PASS" start="2024-07-12T07:15:19.731416" elapsed="0.222443"/>
</kw>
<kw name="Should Be Equal As Numbers" owner="BuiltIn">
<msg time="2024-07-12T07:15:19.954713" level="INFO">Argument types are:
&lt;class 'int'&gt;
&lt;class 'str'&gt;</msg>
<arg>${response.status_code}</arg>
<arg>200</arg>
<doc>Fails if objects are unequal after converting them to real numbers.</doc>
<status status="PASS" start="2024-07-12T07:15:19.954293" elapsed="0.000484"/>
</kw>
<kw name="Log" owner="BuiltIn">
<msg time="2024-07-12T07:15:19.955451" level="INFO">200</msg>
<arg>${response.status_code}</arg>
<doc>Logs the given message with the given level.</doc>
<status status="PASS" start="2024-07-12T07:15:19.955101" elapsed="0.000394"/>
</kw>
<kw name="Set Variable" owner="BuiltIn">
<msg time="2024-07-12T07:15:19.956285" level="INFO">${json_data} = {'results': [{'gender': 'male', 'name': {'title': 'Mr', 'first': 'Aprígio', 'last': 'Souza'}, 'location': {'street': {'number': 7399, 'name': 'Rua Minas Gerais '}, 'city': 'Marília', 'state': 'Sergipe...</msg>
<var>${json_data}</var>
<arg>${response.json()}</arg>
<doc>Returns the given values which can then be assigned to a variables.</doc>
<status status="PASS" start="2024-07-12T07:15:19.955846" elapsed="0.000469"/>
</kw>
<kw name="Dictionary Should Contain Key" owner="Collections">
<arg>${json_data}</arg>
<arg>results</arg>
<doc>Fails if ``key`` is not found from ``dictionary``.</doc>
<status status="PASS" start="2024-07-12T07:15:19.956612" elapsed="0.000165"/>
</kw>
<status status="PASS" start="2024-07-12T07:15:19.731167" elapsed="0.225764"/>
</kw>
<doc>Testa se a API responde corretamente e retorna um objeto JSON válido.</doc>
<tag>testeRequisicaoBasica</tag>
<status status="PASS" start="2024-07-12T07:15:19.730694" elapsed="0.226408"/>
</test>
<test id="s1-s1-t3" name="Validar estrutura de resposta" line="22">
<kw name="Teste de Estrutura de Resposta" owner="random-user-service">
<kw name="GET On Session" owner="RequestsLibrary">
<msg time="2024-07-12T07:15:20.038976" level="INFO">GET Request : url=https://randomuser.me/api 
 path_url=/api 
 headers={'User-Agent': 'python-requests/2.32.3', 'Accept-Encoding': 'gzip, deflate', 'Accept': '*/*', 'Connection': 'keep-alive'} 
 body=None 
 </msg>
<msg time="2024-07-12T07:15:20.039057" level="INFO">GET Response : url=https://randomuser.me/api 
 status=200, reason=OK 
 headers={'Date': 'Fri, 12 Jul 2024 07:15:20 GMT', 'Content-Type': 'application/json; charset=utf-8', 'Transfer-Encoding': 'chunked', 'Connection': 'keep-alive', 'X-Powered-By': 'Express', 'Access-Control-Allow-Origin': '*', 'Cache-Control': 'no-cache', 'ETag': 'W/"471-DC4S0GuRCT+h1Z6ZAU2jRUD9USw"', 'Vary': 'Accept-Encoding', 'Content-Encoding': 'gzip', 'CF-Cache-Status': 'DYNAMIC', 'Report-To': '{"endpoints":[{"url":"https:\\/\\/a.nel.cloudflare.com\\/report\\/v4?s=ai%2BHUD6s%2Bfcpp%2Fpi31H2X3rxaQ%2Fhff0xb%2FmlJiOFt36q6DOZb5m7331F196kxZ8MFx%2BOQzCUz3Qm0wwqwDVy2jwy6ISc4%2Fbhekn7D9D4fMyvZGrNiU411rb1PVhOZ68z"}],"group":"cf-nel","max_age":604800}', 'NEL': '{"success_fraction":0,"report_to":"cf-nel","max_age":604800}', 'Server': 'cloudflare', 'CF-RAY': '8a1f3dd1c98f9c8a-IAD', 'alt-svc': 'h3=":443"; ma=86400'} 
 body={"results":[{"gender":"male","name":{"title":"Mr","first":"V'yacheslav","last":"Tudor"},"location":{"street":{"number":4460,"name":"Novopirogivska"},"city":"Semenivka","state":"Vinnicka","country":"Ukraine","postcode":16692,"coordinates":{"latitude":"80.7178","longitude":"-160.2673"},"timezone":{"offset":"-9:00","description":"Alaska"}},"email":"v'yacheslav.tudor@example.com","login":{"uuid":"3d17ac11-2979-42dd-9b36-693ceb436eb4","username":"bluekoala475","password":"phish1","salt":"iMDMk21f","md5":"4a836cec1b35668f60962a3f4622d11e","sha1":"a63b88803e28ec1722394490fe4e085dde921f12","sha256":"f79b6b5ada097175e38d5ec2f15dc3650d24442329dda809bd2760f8f828e7d6"},"dob":{"date":"1978-03-04T00:33:14.800Z","age":46},"registered":{"date":"2006-02-18T15:58:32.127Z","age":18},"phone":"(099) T22-3872","cell":"(096) P74-6362","id":{"name":"","value":null},"picture":{"large":"https://randomuser.me/api/portraits/men/79.jpg","medium":"https://randomuser.me/api/portraits/med/men/79.jpg","thumbnail":"https://randomuser.me/api/portraits/thumb/men/79.jpg"},"nat":"UA"}],"info":{"seed":"1e9f3f0038cada4e","results":1,"page":1,"version":"1.4"}} 
 </msg>
<msg time="2024-07-12T07:15:20.039174" level="INFO">/opt/hostedtoolcache/Python/3.12.4/x64/lib/python3.12/site-packages/urllib3/connectionpool.py:1099: InsecureRequestWarning: Unverified HTTPS request is being made to host 'randomuser.me'. Adding certificate verification is strongly advised. See: https://urllib3.readthedocs.io/en/latest/advanced-usage.html#tls-warnings
  warnings.warn(</msg>
<msg time="2024-07-12T07:15:20.039287" level="INFO">${response} = &lt;Response [200]&gt;</msg>
<var>${response}</var>
<arg>consultarAPI</arg>
<arg>/api</arg>
<doc>Sends a GET request on a previously created HTTP Session.</doc>
<status status="PASS" start="2024-07-12T07:15:19.960124" elapsed="0.079204"/>
</kw>
<kw name="Set Variable" owner="BuiltIn">
<msg time="2024-07-12T07:15:20.040236" level="INFO">${json_data} = {'results': [{'gender': 'male', 'name': {'title': 'Mr', 'first': "V'yacheslav", 'last': 'Tudor'}, 'location': {'street': {'number': 4460, 'name': 'Novopirogivska'}, 'city': 'Semenivka', 'state': 'Vinn...</msg>
<var>${json_data}</var>
<arg>${response.json()}</arg>
<doc>Returns the given values which can then be assigned to a variables.</doc>
<status status="PASS" start="2024-07-12T07:15:20.039787" elapsed="0.000478"/>
</kw>
<kw name="Log" owner="BuiltIn">
<msg time="2024-07-12T07:15:20.040723" level="INFO">{'results': [{'gender': 'male', 'name': {'title': 'Mr', 'first': "V'yacheslav", 'last': 'Tudor'}, 'location': {'street': {'number': 4460, 'name': 'Novopirogivska'}, 'city': 'Semenivka', 'state': 'Vinnicka', 'country': 'Ukraine', 'postcode': 16692, 'coordinates': {'latitude': '80.7178', 'longitude': '-160.2673'}, 'timezone': {'offset': '-9:00', 'description': 'Alaska'}}, 'email': "v'yacheslav.tudor@example.com", 'login': {'uuid': '3d17ac11-2979-42dd-9b36-693ceb436eb4', 'username': 'bluekoala475', 'password': 'phish1', 'salt': 'iMDMk21f', 'md5': '4a836cec1b35668f60962a3f4622d11e', 'sha1': 'a63b88803e28ec1722394490fe4e085dde921f12', 'sha256': 'f79b6b5ada097175e38d5ec2f15dc3650d24442329dda809bd2760f8f828e7d6'}, 'dob': {'date': '1978-03-04T00:33:14.800Z', 'age': 46}, 'registered': {'date': '2006-02-18T15:58:32.127Z', 'age': 18}, 'phone': '(099) T22-3872', 'cell': '(096) P74-6362', 'id': {'name': '', 'value': None}, 'picture': {'large': 'https://randomuser.me/api/portraits/men/79.jpg', 'medium': 'https://randomuser.me/api/portraits/med/men/79.jpg', 'thumbnail': 'https://randomuser.me/api/portraits/thumb/men/79.jpg'}, 'nat': 'UA'}], 'info': {'seed': '1e9f3f0038cada4e', 'results': 1, 'page': 1, 'version': '1.4'}}</msg>
<arg>${json_data}</arg>
<doc>Logs the given message with the given level.</doc>
<status status="PASS" start="2024-07-12T07:15:20.040566" elapsed="0.000204"/>
</kw>
<kw name="Dictionary Should Contain Key" owner="Collections">
<arg>${json_data}</arg>
<arg>results</arg>
<doc>Fails if ``key`` is not found from ``dictionary``.</doc>
<status status="PASS" start="2024-07-12T07:15:20.041057" elapsed="0.000159"/>
</kw>
<kw name="Should Not Be Empty" owner="BuiltIn">
<msg time="2024-07-12T07:15:20.041526" level="INFO">Length is 2.</msg>
<arg>${json_data}</arg>
<doc>Verifies that the given item is not empty.</doc>
<status status="PASS" start="2024-07-12T07:15:20.041398" elapsed="0.000171"/>
</kw>
<kw name="Create List" owner="BuiltIn">
<msg time="2024-07-12T07:15:20.042000" level="INFO">${expected_keys} = ['gender', 'name', 'location', 'email', 'login']</msg>
<var>${expected_keys}</var>
<arg>gender</arg>
<arg>name</arg>
<arg>location</arg>
<arg>email</arg>
<arg>login</arg>
<doc>Returns a list containing given items.</doc>
<status status="PASS" start="2024-07-12T07:15:20.041856" elapsed="0.000168"/>
</kw>
<for flavor="IN">
<iter>
<kw name="Dictionary Should Contain Key" owner="Collections">
<arg>${json_data['results'][0]}</arg>
<arg>${key}</arg>
<doc>Fails if ``key`` is not found from ``dictionary``.</doc>
<status status="PASS" start="2024-07-12T07:15:20.042713" elapsed="0.000388"/>
</kw>
<kw name="Log" owner="BuiltIn">
<msg time="2024-07-12T07:15:20.043672" level="INFO">{'gender': 'male', 'name': {'title': 'Mr', 'first': "V'yacheslav", 'last': 'Tudor'}, 'location': {'street': {'number': 4460, 'name': 'Novopirogivska'}, 'city': 'Semenivka', 'state': 'Vinnicka', 'country': 'Ukraine', 'postcode': 16692, 'coordinates': {'latitude': '80.7178', 'longitude': '-160.2673'}, 'timezone': {'offset': '-9:00', 'description': 'Alaska'}}, 'email': "v'yacheslav.tudor@example.com", 'login': {'uuid': '3d17ac11-2979-42dd-9b36-693ceb436eb4', 'username': 'bluekoala475', 'password': 'phish1', 'salt': 'iMDMk21f', 'md5': '4a836cec1b35668f60962a3f4622d11e', 'sha1': 'a63b88803e28ec1722394490fe4e085dde921f12', 'sha256': 'f79b6b5ada097175e38d5ec2f15dc3650d24442329dda809bd2760f8f828e7d6'}, 'dob': {'date': '1978-03-04T00:33:14.800Z', 'age': 46}, 'registered': {'date': '2006-02-18T15:58:32.127Z', 'age': 18}, 'phone': '(099) T22-3872', 'cell': '(096) P74-6362', 'id': {'name': '', 'value': None}, 'picture': {'large': 'https://randomuser.me/api/portraits/men/79.jpg', 'medium': 'https://randomuser.me/api/portraits/med/men/79.jpg', 'thumbnail': 'https://randomuser.me/api/portraits/thumb/men/79.jpg'}, 'nat': 'UA'}</msg>
<arg>${json_data['results'][0]}</arg>
<doc>Logs the given message with the given level.</doc>
<status status="PASS" start="2024-07-12T07:15:20.043292" elapsed="0.000434"/>
</kw>
<kw name="Log" owner="BuiltIn">
<msg time="2024-07-12T07:15:20.044159" level="INFO">gender</msg>
<arg>${key}</arg>
<doc>Logs the given message with the given level.</doc>
<status status="PASS" start="2024-07-12T07:15:20.044032" elapsed="0.000165"/>
</kw>
<var name="${key}">gender</var>
<status status="PASS" start="2024-07-12T07:15:20.042592" elapsed="0.001825"/>
</iter>
<iter>
<kw name="Dictionary Should Contain Key" owner="Collections">
<arg>${json_data['results'][0]}</arg>
<arg>${key}</arg>
<doc>Fails if ``key`` is not found from ``dictionary``.</doc>
<status status="PASS" start="2024-07-12T07:15:20.044716" elapsed="0.000390"/>
</kw>
<kw name="Log" owner="BuiltIn">
<msg time="2024-07-12T07:15:20.045633" level="INFO">{'gender': 'male', 'name': {'title': 'Mr', 'first': "V'yacheslav", 'last': 'Tudor'}, 'location': {'street': {'number': 4460, 'name': 'Novopirogivska'}, 'city': 'Semenivka', 'state': 'Vinnicka', 'country': 'Ukraine', 'postcode': 16692, 'coordinates': {'latitude': '80.7178', 'longitude': '-160.2673'}, 'timezone': {'offset': '-9:00', 'description': 'Alaska'}}, 'email': "v'yacheslav.tudor@example.com", 'login': {'uuid': '3d17ac11-2979-42dd-9b36-693ceb436eb4', 'username': 'bluekoala475', 'password': 'phish1', 'salt': 'iMDMk21f', 'md5': '4a836cec1b35668f60962a3f4622d11e', 'sha1': 'a63b88803e28ec1722394490fe4e085dde921f12', 'sha256': 'f79b6b5ada097175e38d5ec2f15dc3650d24442329dda809bd2760f8f828e7d6'}, 'dob': {'date': '1978-03-04T00:33:14.800Z', 'age': 46}, 'registered': {'date': '2006-02-18T15:58:32.127Z', 'age': 18}, 'phone': '(099) T22-3872', 'cell': '(096) P74-6362', 'id': {'name': '', 'value': None}, 'picture': {'large': 'https://randomuser.me/api/portraits/men/79.jpg', 'medium': 'https://randomuser.me/api/portraits/med/men/79.jpg', 'thumbnail': 'https://randomuser.me/api/portraits/thumb/men/79.jpg'}, 'nat': 'UA'}</msg>
<arg>${json_data['results'][0]}</arg>
<doc>Logs the given message with the given level.</doc>
<status status="PASS" start="2024-07-12T07:15:20.045288" elapsed="0.000425"/>
</kw>
<kw name="Log" owner="BuiltIn">
<msg time="2024-07-12T07:15:20.046138" level="INFO">name</msg>
<arg>${key}</arg>
<doc>Logs the given message with the given level.</doc>
<status status="PASS" start="2024-07-12T07:15:20.046009" elapsed="0.000167"/>
</kw>
<var name="${key}">name</var>
<status status="PASS" start="2024-07-12T07:15:20.044606" elapsed="0.001787"/>
</iter>
<iter>
<kw name="Dictionary Should Contain Key" owner="Collections">
<arg>${json_data['results'][0]}</arg>
<arg>${key}</arg>
<doc>Fails if ``key`` is not found from ``dictionary``.</doc>
<status status="PASS" start="2024-07-12T07:15:20.046677" elapsed="0.000376"/>
</kw>
<kw name="Log" owner="BuiltIn">
<msg time="2024-07-12T07:15:20.047577" level="INFO">{'gender': 'male', 'name': {'title': 'Mr', 'first': "V'yacheslav", 'last': 'Tudor'}, 'location': {'street': {'number': 4460, 'name': 'Novopirogivska'}, 'city': 'Semenivka', 'state': 'Vinnicka', 'country': 'Ukraine', 'postcode': 16692, 'coordinates': {'latitude': '80.7178', 'longitude': '-160.2673'}, 'timezone': {'offset': '-9:00', 'description': 'Alaska'}}, 'email': "v'yacheslav.tudor@example.com", 'login': {'uuid': '3d17ac11-2979-42dd-9b36-693ceb436eb4', 'username': 'bluekoala475', 'password': 'phish1', 'salt': 'iMDMk21f', 'md5': '4a836cec1b35668f60962a3f4622d11e', 'sha1': 'a63b88803e28ec1722394490fe4e085dde921f12', 'sha256': 'f79b6b5ada097175e38d5ec2f15dc3650d24442329dda809bd2760f8f828e7d6'}, 'dob': {'date': '1978-03-04T00:33:14.800Z', 'age': 46}, 'registered': {'date': '2006-02-18T15:58:32.127Z', 'age': 18}, 'phone': '(099) T22-3872', 'cell': '(096) P74-6362', 'id': {'name': '', 'value': None}, 'picture': {'large': 'https://randomuser.me/api/portraits/men/79.jpg', 'medium': 'https://randomuser.me/api/portraits/med/men/79.jpg', 'thumbnail': 'https://randomuser.me/api/portraits/thumb/men/79.jpg'}, 'nat': 'UA'}</msg>
<arg>${json_data['results'][0]}</arg>
<doc>Logs the given message with the given level.</doc>
<status status="PASS" start="2024-07-12T07:15:20.047232" elapsed="0.000429"/>
</kw>
<kw name="Log" owner="BuiltIn">
<msg time="2024-07-12T07:15:20.048106" level="INFO">location</msg>
<arg>${key}</arg>
<doc>Logs the given message with the given level.</doc>
<status status="PASS" start="2024-07-12T07:15:20.047980" elapsed="0.000163"/>
</kw>
<var name="${key}">location</var>
<status status="PASS" start="2024-07-12T07:15:20.046570" elapsed="0.001785"/>
</iter>
<iter>
<kw name="Dictionary Should Contain Key" owner="Collections">
<arg>${json_data['results'][0]}</arg>
<arg>${key}</arg>
<doc>Fails if ``key`` is not found from ``dictionary``.</doc>
<status status="PASS" start="2024-07-12T07:15:20.048630" elapsed="0.000384"/>
</kw>
<kw name="Log" owner="BuiltIn">
<msg time="2024-07-12T07:15:20.049546" level="INFO">{'gender': 'male', 'name': {'title': 'Mr', 'first': "V'yacheslav", 'last': 'Tudor'}, 'location': {'street': {'number': 4460, 'name': 'Novopirogivska'}, 'city': 'Semenivka', 'state': 'Vinnicka', 'country': 'Ukraine', 'postcode': 16692, 'coordinates': {'latitude': '80.7178', 'longitude': '-160.2673'}, 'timezone': {'offset': '-9:00', 'description': 'Alaska'}}, 'email': "v'yacheslav.tudor@example.com", 'login': {'uuid': '3d17ac11-2979-42dd-9b36-693ceb436eb4', 'username': 'bluekoala475', 'password': 'phish1', 'salt': 'iMDMk21f', 'md5': '4a836cec1b35668f60962a3f4622d11e', 'sha1': 'a63b88803e28ec1722394490fe4e085dde921f12', 'sha256': 'f79b6b5ada097175e38d5ec2f15dc3650d24442329dda809bd2760f8f828e7d6'}, 'dob': {'date': '1978-03-04T00:33:14.800Z', 'age': 46}, 'registered': {'date': '2006-02-18T15:58:32.127Z', 'age': 18}, 'phone': '(099) T22-3872', 'cell': '(096) P74-6362', 'id': {'name': '', 'value': None}, 'picture': {'large': 'https://randomuser.me/api/portraits/men/79.jpg', 'medium': 'https://randomuser.me/api/portraits/med/men/79.jpg', 'thumbnail': 'https://randomuser.me/api/portraits/thumb/men/79.jpg'}, 'nat': 'UA'}</msg>
<arg>${json_data['results'][0]}</arg>
<doc>Logs the given message with the given level.</doc>
<status status="PASS" start="2024-07-12T07:15:20.049199" elapsed="0.000395"/>
</kw>
<kw name="Log" owner="BuiltIn">
<msg time="2024-07-12T07:15:20.050014" level="INFO">email</msg>
<arg>${key}</arg>
<doc>Logs the given message with the given level.</doc>
<status status="PASS" start="2024-07-12T07:15:20.049888" elapsed="0.000163"/>
</kw>
<var name="${key}">email</var>
<status status="PASS" start="2024-07-12T07:15:20.048523" elapsed="0.001744"/>
</iter>
<iter>
<kw name="Dictionary Should Contain Key" owner="Collections">
<arg>${json_data['results'][0]}</arg>
<arg>${key}</arg>
<doc>Fails if ``key`` is not found from ``dictionary``.</doc>
<status status="PASS" start="2024-07-12T07:15:20.050552" elapsed="0.000389"/>
</kw>
<kw name="Log" owner="BuiltIn">
<msg time="2024-07-12T07:15:20.051467" level="INFO">{'gender': 'male', 'name': {'title': 'Mr', 'first': "V'yacheslav", 'last': 'Tudor'}, 'location': {'street': {'number': 4460, 'name': 'Novopirogivska'}, 'city': 'Semenivka', 'state': 'Vinnicka', 'country': 'Ukraine', 'postcode': 16692, 'coordinates': {'latitude': '80.7178', 'longitude': '-160.2673'}, 'timezone': {'offset': '-9:00', 'description': 'Alaska'}}, 'email': "v'yacheslav.tudor@example.com", 'login': {'uuid': '3d17ac11-2979-42dd-9b36-693ceb436eb4', 'username': 'bluekoala475', 'password': 'phish1', 'salt': 'iMDMk21f', 'md5': '4a836cec1b35668f60962a3f4622d11e', 'sha1': 'a63b88803e28ec1722394490fe4e085dde921f12', 'sha256': 'f79b6b5ada097175e38d5ec2f15dc3650d24442329dda809bd2760f8f828e7d6'}, 'dob': {'date': '1978-03-04T00:33:14.800Z', 'age': 46}, 'registered': {'date': '2006-02-18T15:58:32.127Z', 'age': 18}, 'phone': '(099) T22-3872', 'cell': '(096) P74-6362', 'id': {'name': '', 'value': None}, 'picture': {'large': 'https://randomuser.me/api/portraits/men/79.jpg', 'medium': 'https://randomuser.me/api/portraits/med/men/79.jpg', 'thumbnail': 'https://randomuser.me/api/portraits/thumb/men/79.jpg'}, 'nat': 'UA'}</msg>
<arg>${json_data['results'][0]}</arg>
<doc>Logs the given message with the given level.</doc>
<status status="PASS" start="2024-07-12T07:15:20.051121" elapsed="0.000394"/>
</kw>
<kw name="Log" owner="BuiltIn">
<msg time="2024-07-12T07:15:20.051959" level="INFO">login</msg>
<arg>${key}</arg>
<doc>Logs the given message with the given level.</doc>
<status status="PASS" start="2024-07-12T07:15:20.051832" elapsed="0.000164"/>
</kw>
<var name="${key}">login</var>
<status status="PASS" start="2024-07-12T07:15:20.050437" elapsed="0.001779"/>
</iter>
<var>${key}</var>
<value>@{expected_keys}</value>
<status status="PASS" start="2024-07-12T07:15:20.042411" elapsed="0.009926"/>
</for>
<kw name="Create List" owner="BuiltIn">
<msg time="2024-07-12T07:15:20.052658" level="INFO">${expected_keysTwo} = ['username', 'password']</msg>
<var>${expected_keysTwo}</var>
<arg>username</arg>
<arg>password</arg>
<doc>Returns a list containing given items.</doc>
<status status="PASS" start="2024-07-12T07:15:20.052523" elapsed="0.000158"/>
</kw>
<for flavor="IN">
<iter>
<kw name="Dictionary Should Contain Key" owner="Collections">
<arg>${json_data['results'][0]['login']}</arg>
<arg>${keyTwo}</arg>
<doc>Fails if ``key`` is not found from ``dictionary``.</doc>
<status status="PASS" start="2024-07-12T07:15:20.053200" elapsed="0.000384"/>
</kw>
<kw name="Dictionary Should Contain Key" owner="Collections">
<arg>${json_data['results'][0]['login']}</arg>
<arg>${keyTwo}</arg>
<doc>Fails if ``key`` is not found from ``dictionary``.</doc>
<status status="PASS" start="2024-07-12T07:15:20.053765" elapsed="0.000367"/>
</kw>
<kw name="Log" owner="BuiltIn">
<msg time="2024-07-12T07:15:20.054434" level="INFO">username</msg>
<arg>${keyTwo}</arg>
<doc>Logs the given message with the given level.</doc>
<status status="PASS" start="2024-07-12T07:15:20.054315" elapsed="0.000164"/>
</kw>
<var name="${keyTwo}">username</var>
<status status="PASS" start="2024-07-12T07:15:20.053091" elapsed="0.001608"/>
</iter>
<iter>
<kw name="Dictionary Should Contain Key" owner="Collections">
<arg>${json_data['results'][0]['login']}</arg>
<arg>${keyTwo}</arg>
<doc>Fails if ``key`` is not found from ``dictionary``.</doc>
<status status="PASS" start="2024-07-12T07:15:20.054974" elapsed="0.000380"/>
</kw>
<kw name="Dictionary Should Contain Key" owner="Collections">
<arg>${json_data['results'][0]['login']}</arg>
<arg>${keyTwo}</arg>
<doc>Fails if ``key`` is not found from ``dictionary``.</doc>
<status status="PASS" start="2024-07-12T07:15:20.055531" elapsed="0.000438"/>
</kw>
<kw name="Log" owner="BuiltIn">
<msg time="2024-07-12T07:15:20.056267" level="INFO">password</msg>
<arg>${keyTwo}</arg>
<doc>Logs the given message with the given level.</doc>
<status status="PASS" start="2024-07-12T07:15:20.056147" elapsed="0.000162"/>
</kw>
<var name="${keyTwo}">password</var>
<status status="PASS" start="2024-07-12T07:15:20.054869" elapsed="0.001659"/>
</iter>
<var>${keyTwo}</var>
<value>@{expected_keysTwo}</value>
<status status="PASS" start="2024-07-12T07:15:20.052941" elapsed="0.003704"/>
</for>
<status status="PASS" start="2024-07-12T07:15:19.959796" elapsed="0.096987"/>
</kw>
<doc>Testa a estrutura da resposta da API.</doc>
<tag>testeEstruturaResposta</tag>
<status status="PASS" start="2024-07-12T07:15:19.958988" elapsed="0.097946"/>
</test>
<test id="s1-s1-t4" name="Validar tipos de dados" line="28">
<kw name="Teste de Tipos de Dados" owner="random-user-service">
<kw name="GET On Session" owner="RequestsLibrary">
<msg time="2024-07-12T07:15:20.166125" level="INFO">GET Request : url=https://randomuser.me/api 
 path_url=/api 
 headers={'User-Agent': 'python-requests/2.32.3', 'Accept-Encoding': 'gzip, deflate', 'Accept': '*/*', 'Connection': 'keep-alive'} 
 body=None 
 </msg>
<msg time="2024-07-12T07:15:20.166213" level="INFO">GET Response : url=https://randomuser.me/api 
 status=200, reason=OK 
 headers={'Date': 'Fri, 12 Jul 2024 07:15:20 GMT', 'Content-Type': 'application/json; charset=utf-8', 'Transfer-Encoding': 'chunked', 'Connection': 'keep-alive', 'X-Powered-By': 'Express', 'Access-Control-Allow-Origin': '*', 'Cache-Control': 'no-cache', 'ETag': 'W/"492-o1+3puI0tQNjazPTCrwodvxToV8"', 'Vary': 'Accept-Encoding', 'Content-Encoding': 'gzip', 'CF-Cache-Status': 'DYNAMIC', 'Report-To': '{"endpoints":[{"url":"https:\\/\\/a.nel.cloudflare.com\\/report\\/v4?s=Px6aaBJiay9wxj7Ukv6p0UD7eywVuAInx6Qm2KkjX89jqMBhEdwcIJOAeV3bkn1jIsZV5wrIrB1Ns1p4Ylz9t2r%2FgiTeaXEsTM8UsKWgPD9GhLGMf2HDiEXmXgDiaP8s"}],"group":"cf-nel","max_age":604800}', 'NEL': '{"success_fraction":0,"report_to":"cf-nel","max_age":604800}', 'Server': 'cloudflare', 'CF-RAY': '8a1f3dd25a0c9c8a-IAD', 'alt-svc': 'h3=":443"; ma=86400'} 
 body={"results":[{"gender":"female","name":{"title":"Mrs","first":"Elif","last":"Berberoğlu"},"location":{"street":{"number":5681,"name":"Maçka Cd"},"city":"Batman","state":"Erzincan","country":"Turkey","postcode":70980,"coordinates":{"latitude":"70.8422","longitude":"169.0127"},"timezone":{"offset":"-5:00","description":"Eastern Time (US &amp; Canada), Bogota, Lima"}},"email":"elif.berberoglu@example.com","login":{"uuid":"53649be4-a45f-4b80-8257-193b9625241f","username":"lazybutterfly630","password":"fluffy","salt":"su0SHaIk","md5":"db1636e4a7547297e19859dc5705a53e","sha1":"d4adb095f7c64fd0bae3220c671698b240db9863","sha256":"85fbedbcfe0fbf4ea28fc2b3a76c838ef6469b2ecf55d9f0993d7672c820f343"},"dob":{"date":"1956-09-04T09:46:12.402Z","age":67},"registered":{"date":"2016-04-19T07:21:54.118Z","age":8},"phone":"(413)-120-9933","cell":"(132)-414-3150","id":{"name":"","value":null},"picture":{"large":"https://randomuser.me/api/portraits/women/59.jpg","medium":"https://randomuser.me/api/portraits/med/women/59.jpg","thumbnail":"https://randomuser.me/api/portraits/thumb/women/59.jpg"},"nat":"TR"}],"info":{"seed":"2642c3600fc5d0a6","results":1,"page":1,"version":"1.4"}} 
 </msg>
<msg time="2024-07-12T07:15:20.166294" level="INFO">/opt/hostedtoolcache/Python/3.12.4/x64/lib/python3.12/site-packages/urllib3/connectionpool.py:1099: InsecureRequestWarning: Unverified HTTPS request is being made to host 'randomuser.me'. Adding certificate verification is strongly advised. See: https://urllib3.readthedocs.io/en/latest/advanced-usage.html#tls-warnings
  warnings.warn(</msg>
<msg time="2024-07-12T07:15:20.166407" level="INFO">${response} = &lt;Response [200]&gt;</msg>
<var>${response}</var>
<arg>consultarAPI</arg>
<arg>/api</arg>
<doc>Sends a GET request on a previously created HTTP Session.</doc>
<status status="PASS" start="2024-07-12T07:15:20.059410" elapsed="0.107040"/>
</kw>
<kw name="Set Variable" owner="BuiltIn">
<msg time="2024-07-12T07:15:20.167447" level="INFO">${json_data} = {'results': [{'gender': 'female', 'name': {'title': 'Mrs', 'first': 'Elif', 'last': 'Berberoğlu'}, 'location': {'street': {'number': 5681, 'name': 'Maçka Cd'}, 'city': 'Batman', 'state': 'Erzincan', '...</msg>
<var>${json_data}</var>
<arg>${response.json()}</arg>
<doc>Returns the given values which can then be assigned to a variables.</doc>
<status status="PASS" start="2024-07-12T07:15:20.166972" elapsed="0.000506"/>
</kw>
<kw name="Log" owner="BuiltIn">
<msg time="2024-07-12T07:15:20.167991" level="INFO">{'results': [{'gender': 'female', 'name': {'title': 'Mrs', 'first': 'Elif', 'last': 'Berberoğlu'}, 'location': {'street': {'number': 5681, 'name': 'Maçka Cd'}, 'city': 'Batman', 'state': 'Erzincan', 'country': 'Turkey', 'postcode': 70980, 'coordinates': {'latitude': '70.8422', 'longitude': '169.0127'}, 'timezone': {'offset': '-5:00', 'description': 'Eastern Time (US &amp; Canada), Bogota, Lima'}}, 'email': 'elif.berberoglu@example.com', 'login': {'uuid': '53649be4-a45f-4b80-8257-193b9625241f', 'username': 'lazybutterfly630', 'password': 'fluffy', 'salt': 'su0SHaIk', 'md5': 'db1636e4a7547297e19859dc5705a53e', 'sha1': 'd4adb095f7c64fd0bae3220c671698b240db9863', 'sha256': '85fbedbcfe0fbf4ea28fc2b3a76c838ef6469b2ecf55d9f0993d7672c820f343'}, 'dob': {'date': '1956-09-04T09:46:12.402Z', 'age': 67}, 'registered': {'date': '2016-04-19T07:21:54.118Z', 'age': 8}, 'phone': '(413)-120-9933', 'cell': '(132)-414-3150', 'id': {'name': '', 'value': None}, 'picture': {'large': 'https://randomuser.me/api/portraits/women/59.jpg', 'medium': 'https://randomuser.me/api/portraits/med/women/59.jpg', 'thumbnail': 'https://randomuser.me/api/portraits/thumb/women/59.jpg'}, 'nat': 'TR'}], 'info': {'seed': '2642c3600fc5d0a6', 'results': 1, 'page': 1, 'version': '1.4'}}</msg>
<arg>${json_data}</arg>
<doc>Logs the given message with the given level.</doc>
<status status="PASS" start="2024-07-12T07:15:20.167835" elapsed="0.000208"/>
</kw>
<kw name="Should Be String" owner="String">
<arg>${json_data['results'][0]['gender']}</arg>
<doc>Fails if the given ``item`` is not a string.</doc>
<status status="PASS" start="2024-07-12T07:15:20.168336" elapsed="0.000368"/>
</kw>
<kw name="Should Match Regexp" owner="BuiltIn">
<arg>${json_data['results'][0]['email']}</arg>
<arg>^[a-zA-Z0-9._%+-]+@[a-zA-Z0-9.-]+\.[a-zA-Z]{2,}$</arg>
<doc>Fails if ``string`` does not match ``pattern`` as a regular expression.</doc>
<status status="PASS" start="2024-07-12T07:15:20.168887" elapsed="0.000498"/>
</kw>
<kw name="Should Match Regexp" owner="BuiltIn">
<arg>${json_data['results'][0]['dob']['date']}</arg>
<arg>\\d{4}-\\d{2}-\\d{2}T\\d{2}:\\d{2}:\\d{2}\\.\\d{3}Z</arg>
<doc>Fails if ``string`` does not match ``pattern`` as a regular expression.</doc>
<status status="PASS" start="2024-07-12T07:15:20.169621" elapsed="0.000484"/>
</kw>
<kw name="Should Match Regexp" owner="BuiltIn">
<arg>${json_data['results'][0]['registered']['date']}</arg>
<arg>\\d{4}-\\d{2}-\\d{2}T\\d{2}:\\d{2}:\\d{2}\\.\\d{3}Z</arg>
<doc>Fails if ``string`` does not match ``pattern`` as a regular expression.</doc>
<status status="PASS" start="2024-07-12T07:15:20.170292" elapsed="0.000378"/>
</kw>
<kw name="Should Match Regexp" owner="BuiltIn">
<arg>${json_data['results'][0]['picture']['large']}</arg>
<arg>^https?://.*\.(?:png|jpe?g|gif|bmp)$</arg>
<doc>Fails if ``string`` does not match ``pattern`` as a regular expression.</doc>
<status status="PASS" start="2024-07-12T07:15:20.170854" elapsed="0.000452"/>
</kw>
<kw name="Should Match Regexp" owner="BuiltIn">
<arg>${json_data['results'][0]['picture']['medium']}</arg>
<arg>^https?://.*\.(?:png|jpe?g|gif|bmp)$</arg>
<doc>Fails if ``string`` does not match ``pattern`` as a regular expression.</doc>
<status status="PASS" start="2024-07-12T07:15:20.171488" elapsed="0.000377"/>
</kw>
<kw name="Should Match Regexp" owner="BuiltIn">
<arg>${json_data['results'][0]['picture']['thumbnail']}</arg>
<arg>^https?://.*\.(?:png|jpe?g|gif|bmp)$</arg>
<doc>Fails if ``string`` does not match ``pattern`` as a regular expression.</doc>
<status status="PASS" start="2024-07-12T07:15:20.172048" elapsed="0.000344"/>
</kw>
<kw name="Log" owner="BuiltIn">
<msg time="2024-07-12T07:15:20.172898" level="INFO">{'large': 'https://randomuser.me/api/portraits/women/59.jpg', 'medium': 'https://randomuser.me/api/portraits/med/women/59.jpg', 'thumbnail': 'https://randomuser.me/api/portraits/thumb/women/59.jpg'}</msg>
<arg>${json_data['results'][0]['picture']}</arg>
<doc>Logs the given message with the given level.</doc>
<status status="PASS" start="2024-07-12T07:15:20.172573" elapsed="0.000366"/>
</kw>
<status status="PASS" start="2024-07-12T07:15:20.059190" elapsed="0.114000"/>
</kw>
<kw name="Teste de Tipos de Dados - Postcode" owner="random-user-service">
<kw name="GET On Session" owner="RequestsLibrary">
<msg time="2024-07-12T07:15:20.240040" level="INFO">GET Request : url=https://randomuser.me/api 
 path_url=/api 
 headers={'User-Agent': 'python-requests/2.32.3', 'Accept-Encoding': 'gzip, deflate', 'Accept': '*/*', 'Connection': 'keep-alive'} 
 body=None 
 </msg>
<msg time="2024-07-12T07:15:20.240116" level="INFO">GET Response : url=https://randomuser.me/api 
 status=200, reason=OK 
 headers={'Date': 'Fri, 12 Jul 2024 07:15:20 GMT', 'Content-Type': 'application/json; charset=utf-8', 'Transfer-Encoding': 'chunked', 'Connection': 'keep-alive', 'X-Powered-By': 'Express', 'Access-Control-Allow-Origin': '*', 'Cache-Control': 'no-cache', 'ETag': 'W/"484-LZdPKd4Ab7IIc9ZqoQO+CzcEWsI"', 'Vary': 'Accept-Encoding', 'Content-Encoding': 'gzip', 'CF-Cache-Status': 'DYNAMIC', 'Report-To': '{"endpoints":[{"url":"https:\\/\\/a.nel.cloudflare.com\\/report\\/v4?s=8CH1aGbYJh5Ze2XFhQG9NUaS2x1ROroY7JTA%2BxUDmJO6wKe0XCPiKVzVl8SFYARSXirnBUv3%2BkLvDxDJHzlnnyUYyc3ICj88ZhwetU4KBVQAGAI54YG6QeleJwIAMVak"}],"group":"cf-nel","max_age":604800}', 'NEL': '{"success_fraction":0,"report_to":"cf-nel","max_age":604800}', 'Server': 'cloudflare', 'CF-RAY': '8a1f3dd31ad09c8a-IAD', 'alt-svc': 'h3=":443"; ma=86400'} 
 body={"results":[{"gender":"male","name":{"title":"Mr","first":"Malik","last":"Andersen"},"location":{"street":{"number":7321,"name":"Brattbakken"},"city":"Henningsvær","state":"Rogaland","country":"Norway","postcode":"2041","coordinates":{"latitude":"43.4092","longitude":"-75.5851"},"timezone":{"offset":"-3:00","description":"Brazil, Buenos Aires, Georgetown"}},"email":"malik.andersen@example.com","login":{"uuid":"905b14ad-7e8c-48b5-905d-6f7b6f98383a","username":"goldenswan444","password":"200000","salt":"D4GXFRvf","md5":"1d1c731342a786899025baeb8b7c11e0","sha1":"7948bd7b10dd6978524085f609ba9d84dc80ebe9","sha256":"18d409bb68f0c51d51cec078d584bc92f6d77faf95eb3f71fc20b854c8424670"},"dob":{"date":"1998-10-17T16:29:32.698Z","age":25},"registered":{"date":"2011-08-18T19:37:07.862Z","age":12},"phone":"59651526","cell":"94648104","id":{"name":"FN","value":"17109829927"},"picture":{"large":"https://randomuser.me/api/portraits/men/72.jpg","medium":"https://randomuser.me/api/portraits/med/men/72.jpg","thumbnail":"https://randomuser.me/api/portraits/thumb/men/72.jpg"},"nat":"NO"}],"info":{"seed":"0f4dca71934f1ccf","results":1,"page":1,"version":"1.4"}} 
 </msg>
<msg time="2024-07-12T07:15:20.240187" level="INFO">/opt/hostedtoolcache/Python/3.12.4/x64/lib/python3.12/site-packages/urllib3/connectionpool.py:1099: InsecureRequestWarning: Unverified HTTPS request is being made to host 'randomuser.me'. Adding certificate verification is strongly advised. See: https://urllib3.readthedocs.io/en/latest/advanced-usage.html#tls-warnings
  warnings.warn(</msg>
<msg time="2024-07-12T07:15:20.240289" level="INFO">${response} = &lt;Response [200]&gt;</msg>
<var>${response}</var>
<arg>consultarAPI</arg>
<arg>/api</arg>
<doc>Sends a GET request on a previously created HTTP Session.</doc>
<status status="PASS" start="2024-07-12T07:15:20.173611" elapsed="0.066714"/>
</kw>
<kw name="Set Variable" owner="BuiltIn">
<msg time="2024-07-12T07:15:20.241314" level="INFO">${json_data} = {'results': [{'gender': 'male', 'name': {'title': 'Mr', 'first': 'Malik', 'last': 'Andersen'}, 'location': {'street': {'number': 7321, 'name': 'Brattbakken'}, 'city': 'Henningsvær', 'state': 'Rogaland...</msg>
<var>${json_data}</var>
<arg>${response.json()}</arg>
<doc>Returns the given values which can then be assigned to a variables.</doc>
<status status="PASS" start="2024-07-12T07:15:20.240861" elapsed="0.000482"/>
</kw>
<kw name="Log" owner="BuiltIn">
<msg time="2024-07-12T07:15:20.241798" level="INFO">{'results': [{'gender': 'male', 'name': {'title': 'Mr', 'first': 'Malik', 'last': 'Andersen'}, 'location': {'street': {'number': 7321, 'name': 'Brattbakken'}, 'city': 'Henningsvær', 'state': 'Rogaland', 'country': 'Norway', 'postcode': '2041', 'coordinates': {'latitude': '43.4092', 'longitude': '-75.5851'}, 'timezone': {'offset': '-3:00', 'description': 'Brazil, Buenos Aires, Georgetown'}}, 'email': 'malik.andersen@example.com', 'login': {'uuid': '905b14ad-7e8c-48b5-905d-6f7b6f98383a', 'username': 'goldenswan444', 'password': '200000', 'salt': 'D4GXFRvf', 'md5': '1d1c731342a786899025baeb8b7c11e0', 'sha1': '7948bd7b10dd6978524085f609ba9d84dc80ebe9', 'sha256': '18d409bb68f0c51d51cec078d584bc92f6d77faf95eb3f71fc20b854c8424670'}, 'dob': {'date': '1998-10-17T16:29:32.698Z', 'age': 25}, 'registered': {'date': '2011-08-18T19:37:07.862Z', 'age': 12}, 'phone': '59651526', 'cell': '94648104', 'id': {'name': 'FN', 'value': '17109829927'}, 'picture': {'large': 'https://randomuser.me/api/portraits/men/72.jpg', 'medium': 'https://randomuser.me/api/portraits/med/men/72.jpg', 'thumbnail': 'https://randomuser.me/api/portraits/thumb/men/72.jpg'}, 'nat': 'NO'}], 'info': {'seed': '0f4dca71934f1ccf', 'results': 1, 'page': 1, 'version': '1.4'}}</msg>
<arg>${json_data}</arg>
<doc>Logs the given message with the given level.</doc>
<status status="PASS" start="2024-07-12T07:15:20.241644" elapsed="0.000202"/>
</kw>
<kw name="Should Be Equal As Numbers" owner="BuiltIn">
<arg>${json_data['results'][0]['location']['postcode']}</arg>
<arg>${json_data['results'][0]['location']['postcode']}</arg>
<doc>Fails if objects are unequal after converting them to real numbers.</doc>
<status status="PASS" start="2024-07-12T07:15:20.242153" elapsed="0.000613"/>
</kw>
<kw name="Log" owner="BuiltIn">
<msg time="2024-07-12T07:15:20.243306" level="INFO">2041</msg>
<arg>${json_data['results'][0]['location']['postcode']}</arg>
<doc>Logs the given message with the given level.</doc>
<status status="PASS" start="2024-07-12T07:15:20.242956" elapsed="0.000394"/>
</kw>
<status status="PASS" start="2024-07-12T07:15:20.173397" elapsed="0.070266"/>
</kw>
<doc>Testa se os tipos de dados na resposta da API estão corretos.</doc>
<tag>testeTiposDados</tag>
<status status="PASS" start="2024-07-12T07:15:20.058632" elapsed="0.185201"/>
</test>
<test id="s1-s1-t5" name="Validar conteudo" line="35">
<kw name="Teste de Tipos de Conteudo" owner="random-user-service">
<kw name="GET On Session" owner="RequestsLibrary">
<msg time="2024-07-12T07:15:20.374885" level="INFO">GET Request : url=https://randomuser.me/api 
 path_url=/api 
 headers={'User-Agent': 'python-requests/2.32.3', 'Accept-Encoding': 'gzip, deflate', 'Accept': '*/*', 'Connection': 'keep-alive'} 
 body=None 
 </msg>
<msg time="2024-07-12T07:15:20.374971" level="INFO">GET Response : url=https://randomuser.me/api 
 status=200, reason=OK 
 headers={'Date': 'Fri, 12 Jul 2024 07:15:20 GMT', 'Content-Type': 'application/json; charset=utf-8', 'Transfer-Encoding': 'chunked', 'Connection': 'keep-alive', 'X-Powered-By': 'Express', 'Access-Control-Allow-Origin': '*', 'Cache-Control': 'no-cache', 'ETag': 'W/"48d-yFbKfg7zKM1Omc4p4qSORijoB9k"', 'Vary': 'Accept-Encoding', 'Content-Encoding': 'gzip', 'CF-Cache-Status': 'DYNAMIC', 'Report-To': '{"endpoints":[{"url":"https:\\/\\/a.nel.cloudflare.com\\/report\\/v4?s=v%2BgwzhkpvmfosXTKK9mXnTLDY3Vn2MSj5yZjlidUFLz1zyMM4QX4uKXNjNrpOQ%2F8J0XZBQm%2FyrBAuyKadWHJHvAoiGmlZx2iZG6QyUhetM3mK%2Be%2BgmM2912bifLfzCny"}],"group":"cf-nel","max_age":604800}', 'NEL': '{"success_fraction":0,"report_to":"cf-nel","max_age":604800}', 'Server': 'cloudflare', 'CF-RAY': '8a1f3dd38b469c8a-IAD', 'alt-svc': 'h3=":443"; ma=86400'} 
 body={"results":[{"gender":"female","name":{"title":"Ms","first":"Lola","last":"Armstrong"},"location":{"street":{"number":1677,"name":"Church Street"},"city":"Roscommon","state":"Wexford","country":"Ireland","postcode":27664,"coordinates":{"latitude":"-2.9356","longitude":"23.7672"},"timezone":{"offset":"+1:00","description":"Brussels, Copenhagen, Madrid, Paris"}},"email":"lola.armstrong@example.com","login":{"uuid":"a0b721ce-396a-4d43-b1d1-380f2381c759","username":"bigduck560","password":"south","salt":"JzP2rmQf","md5":"cc757fbbdd46b7d8e49312e07c531d27","sha1":"744b4124da2d466cc0919e5dfce7059c5c893c79","sha256":"2829913231d308f5c977beee357a13f368c11ffbb8cc26ab696c848dbcc0b430"},"dob":{"date":"1945-03-23T12:55:27.230Z","age":79},"registered":{"date":"2021-05-25T03:44:08.327Z","age":3},"phone":"021-517-4351","cell":"081-307-8305","id":{"name":"PPS","value":"9185406T"},"picture":{"large":"https://randomuser.me/api/portraits/women/14.jpg","medium":"https://randomuser.me/api/portraits/med/women/14.jpg","thumbnail":"https://randomuser.me/api/portraits/thumb/women/14.jpg"},"nat":"IE"}],"info":{"seed":"df05e8c73873a47b","results":1,"page":1,"version":"1.4"}} 
 </msg>
<msg time="2024-07-12T07:15:20.375057" level="INFO">/opt/hostedtoolcache/Python/3.12.4/x64/lib/python3.12/site-packages/urllib3/connectionpool.py:1099: InsecureRequestWarning: Unverified HTTPS request is being made to host 'randomuser.me'. Adding certificate verification is strongly advised. See: https://urllib3.readthedocs.io/en/latest/advanced-usage.html#tls-warnings
  warnings.warn(</msg>
<msg time="2024-07-12T07:15:20.375170" level="INFO">${response} = &lt;Response [200]&gt;</msg>
<var>${response}</var>
<arg>consultarAPI</arg>
<arg>/api</arg>
<doc>Sends a GET request on a previously created HTTP Session.</doc>
<status status="PASS" start="2024-07-12T07:15:20.246441" elapsed="0.128758"/>
</kw>
<kw name="Set Variable" owner="BuiltIn">
<msg time="2024-07-12T07:15:20.376058" level="INFO">${json_data} = {'results': [{'gender': 'female', 'name': {'title': 'Ms', 'first': 'Lola', 'last': 'Armstrong'}, 'location': {'street': {'number': 1677, 'name': 'Church Street'}, 'city': 'Roscommon', 'state': 'Wexfor...</msg>
<var>${json_data}</var>
<arg>${response.json()}</arg>
<doc>Returns the given values which can then be assigned to a variables.</doc>
<status status="PASS" start="2024-07-12T07:15:20.375581" elapsed="0.000505"/>
</kw>
<kw name="Set Variable" owner="BuiltIn">
<msg time="2024-07-12T07:15:20.376759" level="INFO">${name_title} = Ms</msg>
<var>${name_title}</var>
<arg>${json_data["results"][0]["name"]["title"]}</arg>
<doc>Returns the given values which can then be assigned to a variables.</doc>
<status status="PASS" start="2024-07-12T07:15:20.376387" elapsed="0.000397"/>
</kw>
<kw name="Create List" owner="BuiltIn">
<msg time="2024-07-12T07:15:20.377220" level="INFO">${allowed_titles} = ['Mr', 'Ms', 'Miss', 'Mrs', 'Madame', 'Monsieur']</msg>
<var>${allowed_titles}</var>
<arg>Mr</arg>
<arg>Ms</arg>
<arg>Miss</arg>
<arg>Mrs</arg>
<arg>Madame</arg>
<arg>Monsieur</arg>
<doc>Returns a list containing given items.</doc>
<status status="PASS" start="2024-07-12T07:15:20.377072" elapsed="0.000172"/>
</kw>
<kw name="List Should Contain Value" owner="Collections">
<arg>${allowed_titles}</arg>
<arg>${name_title}</arg>
<doc>Fails if the ``value`` is not found from ``list``.</doc>
<status status="PASS" start="2024-07-12T07:15:20.377600" elapsed="0.000175"/>
</kw>
<kw name="Set Variable" owner="BuiltIn">
<msg time="2024-07-12T07:15:20.378313" level="INFO">${name_country} = IE</msg>
<var>${name_country}</var>
<arg>${json_data["results"][0]["nat"]}</arg>
<doc>Returns the given values which can then be assigned to a variables.</doc>
<status status="PASS" start="2024-07-12T07:15:20.377954" elapsed="0.000385"/>
</kw>
<kw name="Create List" owner="BuiltIn">
<msg time="2024-07-12T07:15:20.379225" level="INFO">${list_country} = ['AD', 'AE', 'AF', 'AG', 'AI', 'AL', 'AM', 'AO', 'AQ', 'AR', 'AS', 'AT', 'AU', 'AW', 'AX', 'AZ', 'BA', 'BB', 'BD', 'BE', 'BF', 'BG', 'BH', 'BI', 'BJ', 'BL', 'BM', 'BN', 'BO', 'BQ', 'BR', 'BS', 'BT', '...</msg>
<var>${list_country}</var>
<arg>AD</arg>
<arg>AE</arg>
<arg>AF</arg>
<arg>AG</arg>
<arg>AI</arg>
<arg>AL</arg>
<arg>AM</arg>
<arg>AO</arg>
<arg>AQ</arg>
<arg>AR</arg>
<arg>AS</arg>
<arg>AT</arg>
<arg>AU</arg>
<arg>AW</arg>
<arg>AX</arg>
<arg>AZ</arg>
<arg>BA</arg>
<arg>BB</arg>
<arg>BD</arg>
<arg>BE</arg>
<arg>BF</arg>
<arg>BG</arg>
<arg>BH</arg>
<arg>BI</arg>
<arg>BJ</arg>
<arg>BL</arg>
<arg>BM</arg>
<arg>BN</arg>
<arg>BO</arg>
<arg>BQ</arg>
<arg>BR</arg>
<arg>BS</arg>
<arg>BT</arg>
<arg>BV</arg>
<arg>BW</arg>
<arg>BY</arg>
<arg>BZ</arg>
<arg>CA</arg>
<arg>CC</arg>
<arg>CD</arg>
<arg>CF</arg>
<arg>CG</arg>
<arg>CH</arg>
<arg>CI</arg>
<arg>CK</arg>
<arg>CL</arg>
<arg>CM</arg>
<arg>CN</arg>
<arg>CO</arg>
<arg>CR</arg>
<arg>CU</arg>
<arg>CV</arg>
<arg>CW</arg>
<arg>CX</arg>
<arg>CY</arg>
<arg>CZ</arg>
<arg>DE</arg>
<arg>DJ</arg>
<arg>DK</arg>
<arg>DM</arg>
<arg>DO</arg>
<arg>DZ</arg>
<arg>EC</arg>
<arg>EE</arg>
<arg>EG</arg>
<arg>EH</arg>
<arg>ER</arg>
<arg>ES</arg>
<arg>ET</arg>
<arg>FI</arg>
<arg>FJ</arg>
<arg>FK</arg>
<arg>FM</arg>
<arg>FO</arg>
<arg>FR</arg>
<arg>GA</arg>
<arg>GB</arg>
<arg>GD</arg>
<arg>GE</arg>
<arg>GF</arg>
<arg>GG</arg>
<arg>GH</arg>
<arg>GI</arg>
<arg>GL</arg>
<arg>GM</arg>
<arg>GN</arg>
<arg>GP</arg>
<arg>GQ</arg>
<arg>GR</arg>
<arg>GS</arg>
<arg>GT</arg>
<arg>GU</arg>
<arg>GW</arg>
<arg>GY</arg>
<arg>HK</arg>
<arg>HM</arg>
<arg>HN</arg>
<arg>HR</arg>
<arg>HT</arg>
<arg>HU</arg>
<arg>ID</arg>
<arg>IE</arg>
<arg>IL</arg>
<arg>IM</arg>
<arg>IN</arg>
<arg>IO</arg>
<arg>IQ</arg>
<arg>IR</arg>
<arg>IS</arg>
<arg>IT</arg>
<arg>JE</arg>
<arg>JM</arg>
<arg>JO</arg>
<arg>JP</arg>
<arg>KE</arg>
<arg>KG</arg>
<arg>KH</arg>
<arg>KI</arg>
<arg>KM</arg>
<arg>KN</arg>
<arg>KP</arg>
<arg>KR</arg>
<arg>KW</arg>
<arg>KY</arg>
<arg>KZ</arg>
<arg>LA</arg>
<arg>LB</arg>
<arg>LC</arg>
<arg>LI</arg>
<arg>LK</arg>
<arg>LR</arg>
<arg>LS</arg>
<arg>LT</arg>
<arg>LU</arg>
<arg>LV</arg>
<arg>LY</arg>
<arg>MA</arg>
<arg>MC</arg>
<arg>MD</arg>
<arg>ME</arg>
<arg>MF</arg>
<arg>MG</arg>
<arg>MH</arg>
<arg>MK</arg>
<arg>ML</arg>
<arg>MM</arg>
<arg>MN</arg>
<arg>MO</arg>
<arg>MP</arg>
<arg>MQ</arg>
<arg>MR</arg>
<arg>MS</arg>
<arg>MT</arg>
<arg>MU</arg>
<arg>MV</arg>
<arg>MW</arg>
<arg>MX</arg>
<arg>MY</arg>
<arg>MZ</arg>
<arg>NA</arg>
<arg>NC</arg>
<arg>NE</arg>
<arg>NF</arg>
<arg>NG</arg>
<arg>NI</arg>
<arg>NL</arg>
<arg>NO</arg>
<arg>NP</arg>
<arg>NR</arg>
<arg>NU</arg>
<arg>NZ</arg>
<arg>OM</arg>
<arg>PA</arg>
<arg>PE</arg>
<arg>PF</arg>
<arg>PG</arg>
<arg>PH</arg>
<arg>PK</arg>
<arg>PL</arg>
<arg>PM</arg>
<arg>PN</arg>
<arg>PR</arg>
<arg>PS</arg>
<arg>PT</arg>
<arg>PW</arg>
<arg>PY</arg>
<arg>QA</arg>
<arg>RE</arg>
<arg>RO</arg>
<arg>RS</arg>
<arg>RU</arg>
<arg>RW</arg>
<arg>SA</arg>
<arg>SB</arg>
<arg>SC</arg>
<arg>SD</arg>
<arg>SE</arg>
<arg>SG</arg>
<arg>SH</arg>
<arg>SI</arg>
<arg>SJ</arg>
<arg>SK</arg>
<arg>SL</arg>
<arg>SM</arg>
<arg>SN</arg>
<arg>SO</arg>
<arg>SR</arg>
<arg>SS</arg>
<arg>ST</arg>
<arg>SV</arg>
<arg>SX</arg>
<arg>SY</arg>
<arg>SZ</arg>
<arg>TC</arg>
<arg>TD</arg>
<arg>TF</arg>
<arg>TG</arg>
<arg>TH</arg>
<arg>TJ</arg>
<arg>TK</arg>
<arg>TL</arg>
<arg>TM</arg>
<arg>TN</arg>
<arg>TO</arg>
<arg>TR</arg>
<arg>TT</arg>
<arg>TV</arg>
<arg>TW</arg>
<arg>TZ</arg>
<arg>UA</arg>
<arg>UG</arg>
<arg>UM</arg>
<arg>US</arg>
<arg>UY</arg>
<arg>UZ</arg>
<arg>VA</arg>
<arg>VC</arg>
<arg>VE</arg>
<arg>VG</arg>
<arg>VI</arg>
<arg>VN</arg>
<arg>VU</arg>
<arg>WF</arg>
<arg>WS</arg>
<arg>XK</arg>
<arg>YE</arg>
<arg>YT</arg>
<arg>ZA</arg>
<arg>ZM</arg>
<arg>ZW</arg>
<doc>Returns a list containing given items.</doc>
<status status="PASS" start="2024-07-12T07:15:20.378632" elapsed="0.000618"/>
</kw>
<kw name="List Should Contain Value" owner="Collections">
<arg>${list_country}</arg>
<arg>${name_country}</arg>
<doc>Fails if the ``value`` is not found from ``list``.</doc>
<status status="PASS" start="2024-07-12T07:15:20.380170" elapsed="0.000210"/>
</kw>
<kw name="Run Keyword If" owner="BuiltIn">
<kw name="Should Be True" owner="BuiltIn">
<arg>${True}</arg>
<doc>Fails if the given condition is not true.</doc>
<status status="PASS" start="2024-07-12T07:15:20.381311" elapsed="0.000142"/>
</kw>
<arg>${json_data["results"][0]["location"]["coordinates"]["latitude"]} &gt;= -90 and ${json_data["results"][0]["location"]["coordinates"]["latitude"]} &lt;= 90</arg>
<arg>Should Be True</arg>
<arg>${True}</arg>
<doc>Runs the given keyword with the given arguments, if ``condition`` is true.</doc>
<status status="PASS" start="2024-07-12T07:15:20.380575" elapsed="0.001003"/>
</kw>
<kw name="Run Keyword If" owner="BuiltIn">
<kw name="Should Be True" owner="BuiltIn">
<arg>${True}</arg>
<doc>Fails if the given condition is not true.</doc>
<status status="PASS" start="2024-07-12T07:15:20.382440" elapsed="0.000134"/>
</kw>
<arg>${json_data["results"][0]["location"]["coordinates"]["longitude"]} &gt;= -180 and ${json_data["results"][0]["location"]["coordinates"]["longitude"]} &lt;= 180</arg>
<arg>Should Be True</arg>
<arg>${True}</arg>
<doc>Runs the given keyword with the given arguments, if ``condition`` is true.</doc>
<status status="PASS" start="2024-07-12T07:15:20.381758" elapsed="0.000938"/>
</kw>
<status status="PASS" start="2024-07-12T07:15:20.246093" elapsed="0.136727"/>
</kw>
<doc>Testa o conteúdo específico dos campos retornados pela API.</doc>
<tag>testeConteudo</tag>
<status status="PASS" start="2024-07-12T07:15:20.245591" elapsed="0.137368"/>
</test>
<status status="PASS" start="2024-07-12T07:15:19.384366" elapsed="1.000563"/>
</suite>
<status status="PASS" start="2024-07-12T07:15:19.369310" elapsed="1.020749"/>
</suite>
<statistics>
<total>
<stat pass="5" fail="0" skip="0">All Tests</stat>
</total>
<tag>
<stat pass="1" fail="0" skip="0">testeConteudo</stat>
<stat pass="1" fail="0" skip="0">testeEstruturaResposta</stat>
<stat pass="1" fail="0" skip="0">testeRequisicaoBasica</stat>
<stat pass="1" fail="0" skip="0">testeTiposDados</stat>
</tag>
<suite>
<stat pass="5" fail="0" skip="0" id="s1" name="Tests">Tests</stat>
<stat pass="5" fail="0" skip="0" id="s1-s1" name="Random-User-Test">Tests.Random-User-Test</stat>
</suite>
</statistics>
<errors>
</errors>
</robot>
