<?xml version="1.0" encoding="UTF-8"?>
<robot generator="Robot 7.0.1 (Python 3.12.4 on linux)" generated="2024-06-27T23:16:11.037775" rpa="false" schemaversion="5">
<suite id="s1" name="Tests" source="/home/runner/work/ApiRandomUser/ApiRandomUser/RamdonUser/tests">
<suite id="s1-s1" name="Random-User-Test" source="/home/runner/work/ApiRandomUser/ApiRandomUser/RamdonUser/tests/random-user-test.robot">
<test id="s1-s1-t1" name="Conectar" line="13">
<kw name="Conectar API" owner="random-user-service">
<kw name="Create Session" owner="RequestsLibrary">
<msg time="2024-06-27T23:16:11.481454" level="INFO">Creating Session using : alias=consultarAPI, url=https://randomuser.me/, headers={},                     cookies={}, auth=None, timeout=None, proxies=None, verify=False,                     debug=0 </msg>
<arg>consultarAPI</arg>
<arg>${URL}</arg>
<doc>Create Session: create a HTTP session to a server</doc>
<status status="PASS" start="2024-06-27T23:16:11.481247" elapsed="0.000385"/>
</kw>
<status status="PASS" start="2024-06-27T23:16:11.480282" elapsed="0.001703"/>
</kw>
<status status="PASS" start="2024-06-27T23:16:11.479664" elapsed="0.002509"/>
</test>
<test id="s1-s1-t2" name="Validar retorno 200 e JSON Válido" line="16">
<kw name="Teste de Requisicao Basica" owner="random-user-service">
<kw name="GET On Session" owner="RequestsLibrary">
<msg time="2024-06-27T23:16:11.751995" level="INFO">GET Request : url=https://randomuser.me/api 
 path_url=/api 
 headers={'User-Agent': 'python-requests/2.32.3', 'Accept-Encoding': 'gzip, deflate', 'Accept': '*/*', 'Connection': 'keep-alive'} 
 body=None 
 </msg>
<msg time="2024-06-27T23:16:11.752143" level="INFO">GET Response : url=https://randomuser.me/api 
 status=200, reason=OK 
 headers={'Date': 'Thu, 27 Jun 2024 23:16:11 GMT', 'Content-Type': 'application/json; charset=utf-8', 'Transfer-Encoding': 'chunked', 'Connection': 'keep-alive', 'X-Powered-By': 'Express', 'Access-Control-Allow-Origin': '*', 'Cache-Control': 'no-cache', 'ETag': 'W/"4a3-HoGAMQLB6vCPq+Cr76/WY3Pj9qY"', 'Vary': 'Accept-Encoding', 'Content-Encoding': 'gzip', 'CF-Cache-Status': 'DYNAMIC', 'Report-To': '{"endpoints":[{"url":"https:\\/\\/a.nel.cloudflare.com\\/report\\/v4?s=Gm%2Fjb5xkKb7MagM%2FnSOVgvXs4LZixxRb2IqpZ0wqZu8yivuOLcUB%2BwQhCB7diULaIC4fqkyQCvhNlXjWkdVLFfqfacLwsvX72Qb36sFU6VbW%2F9ZiKmM794rOpX5kp%2BsP"}],"group":"cf-nel","max_age":604800}', 'NEL': '{"success_fraction":0,"report_to":"cf-nel","max_age":604800}', 'Server': 'cloudflare', 'CF-RAY': '89a924b5190c209c-IAD', 'alt-svc': 'h3=":443"; ma=86400'} 
 body={"results":[{"gender":"male","name":{"title":"Monsieur","first":"Jacques","last":"Boyer"},"location":{"street":{"number":6237,"name":"Rue Dugas-Montbel"},"city":"Zizers","state":"Graubünden","country":"Switzerland","postcode":2590,"coordinates":{"latitude":"-57.6030","longitude":"-30.8219"},"timezone":{"offset":"-4:00","description":"Atlantic Time (Canada), Caracas, La Paz"}},"email":"jacques.boyer@example.com","login":{"uuid":"7149df67-1022-41a4-b37d-9acf25b03fca","username":"lazyswan646","password":"castor","salt":"fbjjfNrB","md5":"f4e424186e6314f09459080d7f3b3c08","sha1":"029b83f3caa0e279e7b54c449edbc5a7c9e1a367","sha256":"d8cbe5b82e8ac4863b6c7d89f1cbc5470f505457a58eec533db223ebbd8b06c4"},"dob":{"date":"1981-06-27T22:36:13.036Z","age":43},"registered":{"date":"2017-07-26T23:43:05.264Z","age":6},"phone":"076 602 98 63","cell":"077 458 48 83","id":{"name":"AVS","value":"756.0892.0270.18"},"picture":{"large":"https://randomuser.me/api/portraits/men/96.jpg","medium":"https://randomuser.me/api/portraits/med/men/96.jpg","thumbnail":"https://randomuser.me/api/portraits/thumb/men/96.jpg"},"nat":"CH"}],"info":{"seed":"550d9889736d2931","results":1,"page":1,"version":"1.4"}} 
 </msg>
<msg time="2024-06-27T23:16:11.752227" level="INFO">/opt/hostedtoolcache/Python/3.12.4/x64/lib/python3.12/site-packages/urllib3/connectionpool.py:1099: InsecureRequestWarning: Unverified HTTPS request is being made to host 'randomuser.me'. Adding certificate verification is strongly advised. See: https://urllib3.readthedocs.io/en/latest/advanced-usage.html#tls-warnings
  warnings.warn(</msg>
<msg time="2024-06-27T23:16:11.752379" level="INFO">${response} = &lt;Response [200]&gt;</msg>
<var>${response}</var>
<arg>consultarAPI</arg>
<arg>/api</arg>
<doc>Sends a GET request on a previously created HTTP Session.</doc>
<status status="PASS" start="2024-06-27T23:16:11.484821" elapsed="0.267602"/>
</kw>
<kw name="Should Be Equal As Numbers" owner="BuiltIn">
<msg time="2024-06-27T23:16:11.753549" level="INFO">Argument types are:
&lt;class 'int'&gt;
&lt;class 'str'&gt;</msg>
<arg>${response.status_code}</arg>
<arg>200</arg>
<doc>Fails if objects are unequal after converting them to real numbers.</doc>
<status status="PASS" start="2024-06-27T23:16:11.753066" elapsed="0.000549"/>
</kw>
<kw name="Log" owner="BuiltIn">
<msg time="2024-06-27T23:16:11.754279" level="INFO">200</msg>
<arg>${response.status_code}</arg>
<doc>Logs the given message with the given level.</doc>
<status status="PASS" start="2024-06-27T23:16:11.753933" elapsed="0.000388"/>
</kw>
<kw name="Set Variable" owner="BuiltIn">
<msg time="2024-06-27T23:16:11.755054" level="INFO">${json_data} = {'results': [{'gender': 'male', 'name': {'title': 'Monsieur', 'first': 'Jacques', 'last': 'Boyer'}, 'location': {'street': {'number': 6237, 'name': 'Rue Dugas-Montbel'}, 'city': 'Zizers', 'state': 'Gr...</msg>
<var>${json_data}</var>
<arg>${response.json()}</arg>
<doc>Returns the given values which can then be assigned to a variables.</doc>
<status status="PASS" start="2024-06-27T23:16:11.754620" elapsed="0.000462"/>
</kw>
<kw name="Dictionary Should Contain Key" owner="Collections">
<arg>${json_data}</arg>
<arg>results</arg>
<doc>Fails if ``key`` is not found from ``dictionary``.</doc>
<status status="PASS" start="2024-06-27T23:16:11.755372" elapsed="0.000162"/>
</kw>
<status status="PASS" start="2024-06-27T23:16:11.484580" elapsed="0.271168"/>
</kw>
<doc>Testa se a API responde corretamente e retorna um objeto JSON válido.</doc>
<tag>testeRequisicaoBasica</tag>
<status status="PASS" start="2024-06-27T23:16:11.484061" elapsed="0.271863"/>
</test>
<test id="s1-s1-t3" name="Validar estrutura de resposta" line="22">
<kw name="Teste de Estrutura de Resposta" owner="random-user-service">
<kw name="GET On Session" owner="RequestsLibrary">
<msg time="2024-06-27T23:16:11.843692" level="INFO">GET Request : url=https://randomuser.me/api 
 path_url=/api 
 headers={'User-Agent': 'python-requests/2.32.3', 'Accept-Encoding': 'gzip, deflate', 'Accept': '*/*', 'Connection': 'keep-alive'} 
 body=None 
 </msg>
<msg time="2024-06-27T23:16:11.843801" level="INFO">GET Response : url=https://randomuser.me/api 
 status=200, reason=OK 
 headers={'Date': 'Thu, 27 Jun 2024 23:16:11 GMT', 'Content-Type': 'application/json; charset=utf-8', 'Transfer-Encoding': 'chunked', 'Connection': 'keep-alive', 'X-Powered-By': 'Express', 'Access-Control-Allow-Origin': '*', 'Cache-Control': 'no-cache', 'ETag': 'W/"48c-HX1GvKQDxhmiDaKEhwUI8tV+1fs"', 'Vary': 'Accept-Encoding', 'Content-Encoding': 'gzip', 'CF-Cache-Status': 'DYNAMIC', 'Report-To': '{"endpoints":[{"url":"https:\\/\\/a.nel.cloudflare.com\\/report\\/v4?s=HkAS%2F1v3syXPxJSitTEzCxqFGWm235hBwgByrS%2Bgcw0dTYHLIwl7GQqZyIfWoyQj%2FcYQSHDFbvnbVP4eZ8QMt%2B5ifikEac87tWcn8YKcb93o4Iqt1jmTAvhHqSFjh7DQ"}],"group":"cf-nel","max_age":604800}', 'NEL': '{"success_fraction":0,"report_to":"cf-nel","max_age":604800}', 'Server': 'cloudflare', 'CF-RAY': '89a924b57995209c-IAD', 'alt-svc': 'h3=":443"; ma=86400'} 
 body={"results":[{"gender":"female","name":{"title":"Miss","first":"Kate","last":"Clarke"},"location":{"street":{"number":3553,"name":"Portobello Road"},"city":"Tauranga","state":"Northland","country":"New Zealand","postcode":11577,"coordinates":{"latitude":"47.1877","longitude":"175.1777"},"timezone":{"offset":"-7:00","description":"Mountain Time (US &amp; Canada)"}},"email":"kate.clarke@example.com","login":{"uuid":"81325ac8-0b18-49b8-9bad-41ead3f3f4cf","username":"ticklishfrog194","password":"panasoni","salt":"UhFJUH2S","md5":"2fc0e281146457c97f51804384a31513","sha1":"6787ffa69d87aa7b49c39f67c20eb2952ab6d222","sha256":"c9a2c5fe99a20c0d5a436e1ba5eda3f6e4013643c21c8227a0beae7dd99e2b5f"},"dob":{"date":"1997-10-11T18:34:02.934Z","age":26},"registered":{"date":"2015-01-13T00:58:31.745Z","age":9},"phone":"(292)-937-9513","cell":"(433)-809-4164","id":{"name":"","value":null},"picture":{"large":"https://randomuser.me/api/portraits/women/82.jpg","medium":"https://randomuser.me/api/portraits/med/women/82.jpg","thumbnail":"https://randomuser.me/api/portraits/thumb/women/82.jpg"},"nat":"NZ"}],"info":{"seed":"85762477c7d8ad3f","results":1,"page":1,"version":"1.4"}} 
 </msg>
<msg time="2024-06-27T23:16:11.843941" level="INFO">/opt/hostedtoolcache/Python/3.12.4/x64/lib/python3.12/site-packages/urllib3/connectionpool.py:1099: InsecureRequestWarning: Unverified HTTPS request is being made to host 'randomuser.me'. Adding certificate verification is strongly advised. See: https://urllib3.readthedocs.io/en/latest/advanced-usage.html#tls-warnings
  warnings.warn(</msg>
<msg time="2024-06-27T23:16:11.844091" level="INFO">${response} = &lt;Response [200]&gt;</msg>
<var>${response}</var>
<arg>consultarAPI</arg>
<arg>/api</arg>
<doc>Sends a GET request on a previously created HTTP Session.</doc>
<status status="PASS" start="2024-06-27T23:16:11.758419" elapsed="0.085715"/>
</kw>
<kw name="Set Variable" owner="BuiltIn">
<msg time="2024-06-27T23:16:11.845315" level="INFO">${json_data} = {'results': [{'gender': 'female', 'name': {'title': 'Miss', 'first': 'Kate', 'last': 'Clarke'}, 'location': {'street': {'number': 3553, 'name': 'Portobello Road'}, 'city': 'Tauranga', 'state': 'Northl...</msg>
<var>${json_data}</var>
<arg>${response.json()}</arg>
<doc>Returns the given values which can then be assigned to a variables.</doc>
<status status="PASS" start="2024-06-27T23:16:11.844732" elapsed="0.000611"/>
</kw>
<kw name="Log" owner="BuiltIn">
<msg time="2024-06-27T23:16:11.845811" level="INFO">{'results': [{'gender': 'female', 'name': {'title': 'Miss', 'first': 'Kate', 'last': 'Clarke'}, 'location': {'street': {'number': 3553, 'name': 'Portobello Road'}, 'city': 'Tauranga', 'state': 'Northland', 'country': 'New Zealand', 'postcode': 11577, 'coordinates': {'latitude': '47.1877', 'longitude': '175.1777'}, 'timezone': {'offset': '-7:00', 'description': 'Mountain Time (US &amp; Canada)'}}, 'email': 'kate.clarke@example.com', 'login': {'uuid': '81325ac8-0b18-49b8-9bad-41ead3f3f4cf', 'username': 'ticklishfrog194', 'password': 'panasoni', 'salt': 'UhFJUH2S', 'md5': '2fc0e281146457c97f51804384a31513', 'sha1': '6787ffa69d87aa7b49c39f67c20eb2952ab6d222', 'sha256': 'c9a2c5fe99a20c0d5a436e1ba5eda3f6e4013643c21c8227a0beae7dd99e2b5f'}, 'dob': {'date': '1997-10-11T18:34:02.934Z', 'age': 26}, 'registered': {'date': '2015-01-13T00:58:31.745Z', 'age': 9}, 'phone': '(292)-937-9513', 'cell': '(433)-809-4164', 'id': {'name': '', 'value': None}, 'picture': {'large': 'https://randomuser.me/api/portraits/women/82.jpg', 'medium': 'https://randomuser.me/api/portraits/med/women/82.jpg', 'thumbnail': 'https://randomuser.me/api/portraits/thumb/women/82.jpg'}, 'nat': 'NZ'}], 'info': {'seed': '85762477c7d8ad3f', 'results': 1, 'page': 1, 'version': '1.4'}}</msg>
<arg>${json_data}</arg>
<doc>Logs the given message with the given level.</doc>
<status status="PASS" start="2024-06-27T23:16:11.845650" elapsed="0.000211"/>
</kw>
<kw name="Dictionary Should Contain Key" owner="Collections">
<arg>${json_data}</arg>
<arg>results</arg>
<doc>Fails if ``key`` is not found from ``dictionary``.</doc>
<status status="PASS" start="2024-06-27T23:16:11.846157" elapsed="0.000163"/>
</kw>
<kw name="Should Not Be Empty" owner="BuiltIn">
<msg time="2024-06-27T23:16:11.846633" level="INFO">Length is 2.</msg>
<arg>${json_data}</arg>
<doc>Verifies that the given item is not empty.</doc>
<status status="PASS" start="2024-06-27T23:16:11.846504" elapsed="0.000168"/>
</kw>
<kw name="Create List" owner="BuiltIn">
<msg time="2024-06-27T23:16:11.847117" level="INFO">${expected_keys} = ['gender', 'name', 'location', 'email', 'login']</msg>
<var>${expected_keys}</var>
<arg>gender</arg>
<arg>name</arg>
<arg>location</arg>
<arg>email</arg>
<arg>login</arg>
<doc>Returns a list containing given items.</doc>
<status status="PASS" start="2024-06-27T23:16:11.846966" elapsed="0.000175"/>
</kw>
<for flavor="IN">
<iter>
<kw name="Dictionary Should Contain Key" owner="Collections">
<arg>${json_data['results'][0]}</arg>
<arg>${key}</arg>
<doc>Fails if ``key`` is not found from ``dictionary``.</doc>
<status status="PASS" start="2024-06-27T23:16:11.847897" elapsed="0.000400"/>
</kw>
<kw name="Log" owner="BuiltIn">
<msg time="2024-06-27T23:16:11.848853" level="INFO">{'gender': 'female', 'name': {'title': 'Miss', 'first': 'Kate', 'last': 'Clarke'}, 'location': {'street': {'number': 3553, 'name': 'Portobello Road'}, 'city': 'Tauranga', 'state': 'Northland', 'country': 'New Zealand', 'postcode': 11577, 'coordinates': {'latitude': '47.1877', 'longitude': '175.1777'}, 'timezone': {'offset': '-7:00', 'description': 'Mountain Time (US &amp; Canada)'}}, 'email': 'kate.clarke@example.com', 'login': {'uuid': '81325ac8-0b18-49b8-9bad-41ead3f3f4cf', 'username': 'ticklishfrog194', 'password': 'panasoni', 'salt': 'UhFJUH2S', 'md5': '2fc0e281146457c97f51804384a31513', 'sha1': '6787ffa69d87aa7b49c39f67c20eb2952ab6d222', 'sha256': 'c9a2c5fe99a20c0d5a436e1ba5eda3f6e4013643c21c8227a0beae7dd99e2b5f'}, 'dob': {'date': '1997-10-11T18:34:02.934Z', 'age': 26}, 'registered': {'date': '2015-01-13T00:58:31.745Z', 'age': 9}, 'phone': '(292)-937-9513', 'cell': '(433)-809-4164', 'id': {'name': '', 'value': None}, 'picture': {'large': 'https://randomuser.me/api/portraits/women/82.jpg', 'medium': 'https://randomuser.me/api/portraits/med/women/82.jpg', 'thumbnail': 'https://randomuser.me/api/portraits/thumb/women/82.jpg'}, 'nat': 'NZ'}</msg>
<arg>${json_data['results'][0]}</arg>
<doc>Logs the given message with the given level.</doc>
<status status="PASS" start="2024-06-27T23:16:11.848488" elapsed="0.000413"/>
</kw>
<kw name="Log" owner="BuiltIn">
<msg time="2024-06-27T23:16:11.849328" level="INFO">gender</msg>
<arg>${key}</arg>
<doc>Logs the given message with the given level.</doc>
<status status="PASS" start="2024-06-27T23:16:11.849198" elapsed="0.000167"/>
</kw>
<var name="${key}">gender</var>
<status status="PASS" start="2024-06-27T23:16:11.847771" elapsed="0.001808"/>
</iter>
<iter>
<kw name="Dictionary Should Contain Key" owner="Collections">
<arg>${json_data['results'][0]}</arg>
<arg>${key}</arg>
<doc>Fails if ``key`` is not found from ``dictionary``.</doc>
<status status="PASS" start="2024-06-27T23:16:11.849872" elapsed="0.000390"/>
</kw>
<kw name="Log" owner="BuiltIn">
<msg time="2024-06-27T23:16:11.850788" level="INFO">{'gender': 'female', 'name': {'title': 'Miss', 'first': 'Kate', 'last': 'Clarke'}, 'location': {'street': {'number': 3553, 'name': 'Portobello Road'}, 'city': 'Tauranga', 'state': 'Northland', 'country': 'New Zealand', 'postcode': 11577, 'coordinates': {'latitude': '47.1877', 'longitude': '175.1777'}, 'timezone': {'offset': '-7:00', 'description': 'Mountain Time (US &amp; Canada)'}}, 'email': 'kate.clarke@example.com', 'login': {'uuid': '81325ac8-0b18-49b8-9bad-41ead3f3f4cf', 'username': 'ticklishfrog194', 'password': 'panasoni', 'salt': 'UhFJUH2S', 'md5': '2fc0e281146457c97f51804384a31513', 'sha1': '6787ffa69d87aa7b49c39f67c20eb2952ab6d222', 'sha256': 'c9a2c5fe99a20c0d5a436e1ba5eda3f6e4013643c21c8227a0beae7dd99e2b5f'}, 'dob': {'date': '1997-10-11T18:34:02.934Z', 'age': 26}, 'registered': {'date': '2015-01-13T00:58:31.745Z', 'age': 9}, 'phone': '(292)-937-9513', 'cell': '(433)-809-4164', 'id': {'name': '', 'value': None}, 'picture': {'large': 'https://randomuser.me/api/portraits/women/82.jpg', 'medium': 'https://randomuser.me/api/portraits/med/women/82.jpg', 'thumbnail': 'https://randomuser.me/api/portraits/thumb/women/82.jpg'}, 'nat': 'NZ'}</msg>
<arg>${json_data['results'][0]}</arg>
<doc>Logs the given message with the given level.</doc>
<status status="PASS" start="2024-06-27T23:16:11.850440" elapsed="0.000428"/>
</kw>
<kw name="Log" owner="BuiltIn">
<msg time="2024-06-27T23:16:11.851291" level="INFO">name</msg>
<arg>${key}</arg>
<doc>Logs the given message with the given level.</doc>
<status status="PASS" start="2024-06-27T23:16:11.851164" elapsed="0.000164"/>
</kw>
<var name="${key}">name</var>
<status status="PASS" start="2024-06-27T23:16:11.849762" elapsed="0.001784"/>
</iter>
<iter>
<kw name="Dictionary Should Contain Key" owner="Collections">
<arg>${json_data['results'][0]}</arg>
<arg>${key}</arg>
<doc>Fails if ``key`` is not found from ``dictionary``.</doc>
<status status="PASS" start="2024-06-27T23:16:11.851861" elapsed="0.000377"/>
</kw>
<kw name="Log" owner="BuiltIn">
<msg time="2024-06-27T23:16:11.852786" level="INFO">{'gender': 'female', 'name': {'title': 'Miss', 'first': 'Kate', 'last': 'Clarke'}, 'location': {'street': {'number': 3553, 'name': 'Portobello Road'}, 'city': 'Tauranga', 'state': 'Northland', 'country': 'New Zealand', 'postcode': 11577, 'coordinates': {'latitude': '47.1877', 'longitude': '175.1777'}, 'timezone': {'offset': '-7:00', 'description': 'Mountain Time (US &amp; Canada)'}}, 'email': 'kate.clarke@example.com', 'login': {'uuid': '81325ac8-0b18-49b8-9bad-41ead3f3f4cf', 'username': 'ticklishfrog194', 'password': 'panasoni', 'salt': 'UhFJUH2S', 'md5': '2fc0e281146457c97f51804384a31513', 'sha1': '6787ffa69d87aa7b49c39f67c20eb2952ab6d222', 'sha256': 'c9a2c5fe99a20c0d5a436e1ba5eda3f6e4013643c21c8227a0beae7dd99e2b5f'}, 'dob': {'date': '1997-10-11T18:34:02.934Z', 'age': 26}, 'registered': {'date': '2015-01-13T00:58:31.745Z', 'age': 9}, 'phone': '(292)-937-9513', 'cell': '(433)-809-4164', 'id': {'name': '', 'value': None}, 'picture': {'large': 'https://randomuser.me/api/portraits/women/82.jpg', 'medium': 'https://randomuser.me/api/portraits/med/women/82.jpg', 'thumbnail': 'https://randomuser.me/api/portraits/thumb/women/82.jpg'}, 'nat': 'NZ'}</msg>
<arg>${json_data['results'][0]}</arg>
<doc>Logs the given message with the given level.</doc>
<status status="PASS" start="2024-06-27T23:16:11.852420" elapsed="0.000414"/>
</kw>
<kw name="Log" owner="BuiltIn">
<msg time="2024-06-27T23:16:11.853256" level="INFO">location</msg>
<arg>${key}</arg>
<doc>Logs the given message with the given level.</doc>
<status status="PASS" start="2024-06-27T23:16:11.853130" elapsed="0.000163"/>
</kw>
<var name="${key}">location</var>
<status status="PASS" start="2024-06-27T23:16:11.851751" elapsed="0.001754"/>
</iter>
<iter>
<kw name="Dictionary Should Contain Key" owner="Collections">
<arg>${json_data['results'][0]}</arg>
<arg>${key}</arg>
<doc>Fails if ``key`` is not found from ``dictionary``.</doc>
<status status="PASS" start="2024-06-27T23:16:11.853778" elapsed="0.000385"/>
</kw>
<kw name="Log" owner="BuiltIn">
<msg time="2024-06-27T23:16:11.854685" level="INFO">{'gender': 'female', 'name': {'title': 'Miss', 'first': 'Kate', 'last': 'Clarke'}, 'location': {'street': {'number': 3553, 'name': 'Portobello Road'}, 'city': 'Tauranga', 'state': 'Northland', 'country': 'New Zealand', 'postcode': 11577, 'coordinates': {'latitude': '47.1877', 'longitude': '175.1777'}, 'timezone': {'offset': '-7:00', 'description': 'Mountain Time (US &amp; Canada)'}}, 'email': 'kate.clarke@example.com', 'login': {'uuid': '81325ac8-0b18-49b8-9bad-41ead3f3f4cf', 'username': 'ticklishfrog194', 'password': 'panasoni', 'salt': 'UhFJUH2S', 'md5': '2fc0e281146457c97f51804384a31513', 'sha1': '6787ffa69d87aa7b49c39f67c20eb2952ab6d222', 'sha256': 'c9a2c5fe99a20c0d5a436e1ba5eda3f6e4013643c21c8227a0beae7dd99e2b5f'}, 'dob': {'date': '1997-10-11T18:34:02.934Z', 'age': 26}, 'registered': {'date': '2015-01-13T00:58:31.745Z', 'age': 9}, 'phone': '(292)-937-9513', 'cell': '(433)-809-4164', 'id': {'name': '', 'value': None}, 'picture': {'large': 'https://randomuser.me/api/portraits/women/82.jpg', 'medium': 'https://randomuser.me/api/portraits/med/women/82.jpg', 'thumbnail': 'https://randomuser.me/api/portraits/thumb/women/82.jpg'}, 'nat': 'NZ'}</msg>
<arg>${json_data['results'][0]}</arg>
<doc>Logs the given message with the given level.</doc>
<status status="PASS" start="2024-06-27T23:16:11.854342" elapsed="0.000389"/>
</kw>
<kw name="Log" owner="BuiltIn">
<msg time="2024-06-27T23:16:11.855143" level="INFO">email</msg>
<arg>${key}</arg>
<doc>Logs the given message with the given level.</doc>
<status status="PASS" start="2024-06-27T23:16:11.855019" elapsed="0.000162"/>
</kw>
<var name="${key}">email</var>
<status status="PASS" start="2024-06-27T23:16:11.853673" elapsed="0.001723"/>
</iter>
<iter>
<kw name="Dictionary Should Contain Key" owner="Collections">
<arg>${json_data['results'][0]}</arg>
<arg>${key}</arg>
<doc>Fails if ``key`` is not found from ``dictionary``.</doc>
<status status="PASS" start="2024-06-27T23:16:11.855699" elapsed="0.000392"/>
</kw>
<kw name="Log" owner="BuiltIn">
<msg time="2024-06-27T23:16:11.856628" level="INFO">{'gender': 'female', 'name': {'title': 'Miss', 'first': 'Kate', 'last': 'Clarke'}, 'location': {'street': {'number': 3553, 'name': 'Portobello Road'}, 'city': 'Tauranga', 'state': 'Northland', 'country': 'New Zealand', 'postcode': 11577, 'coordinates': {'latitude': '47.1877', 'longitude': '175.1777'}, 'timezone': {'offset': '-7:00', 'description': 'Mountain Time (US &amp; Canada)'}}, 'email': 'kate.clarke@example.com', 'login': {'uuid': '81325ac8-0b18-49b8-9bad-41ead3f3f4cf', 'username': 'ticklishfrog194', 'password': 'panasoni', 'salt': 'UhFJUH2S', 'md5': '2fc0e281146457c97f51804384a31513', 'sha1': '6787ffa69d87aa7b49c39f67c20eb2952ab6d222', 'sha256': 'c9a2c5fe99a20c0d5a436e1ba5eda3f6e4013643c21c8227a0beae7dd99e2b5f'}, 'dob': {'date': '1997-10-11T18:34:02.934Z', 'age': 26}, 'registered': {'date': '2015-01-13T00:58:31.745Z', 'age': 9}, 'phone': '(292)-937-9513', 'cell': '(433)-809-4164', 'id': {'name': '', 'value': None}, 'picture': {'large': 'https://randomuser.me/api/portraits/women/82.jpg', 'medium': 'https://randomuser.me/api/portraits/med/women/82.jpg', 'thumbnail': 'https://randomuser.me/api/portraits/thumb/women/82.jpg'}, 'nat': 'NZ'}</msg>
<arg>${json_data['results'][0]}</arg>
<doc>Logs the given message with the given level.</doc>
<status status="PASS" start="2024-06-27T23:16:11.856270" elapsed="0.000404"/>
</kw>
<kw name="Log" owner="BuiltIn">
<msg time="2024-06-27T23:16:11.857087" level="INFO">login</msg>
<arg>${key}</arg>
<doc>Logs the given message with the given level.</doc>
<status status="PASS" start="2024-06-27T23:16:11.856961" elapsed="0.000163"/>
</kw>
<var name="${key}">login</var>
<status status="PASS" start="2024-06-27T23:16:11.855562" elapsed="0.001778"/>
</iter>
<var>${key}</var>
<value>@{expected_keys}</value>
<status status="PASS" start="2024-06-27T23:16:11.847550" elapsed="0.009909"/>
</for>
<kw name="Create List" owner="BuiltIn">
<msg time="2024-06-27T23:16:11.857780" level="INFO">${expected_keysTwo} = ['username', 'password']</msg>
<var>${expected_keysTwo}</var>
<arg>username</arg>
<arg>password</arg>
<doc>Returns a list containing given items.</doc>
<status status="PASS" start="2024-06-27T23:16:11.857647" elapsed="0.000185"/>
</kw>
<for flavor="IN">
<iter>
<kw name="Dictionary Should Contain Key" owner="Collections">
<arg>${json_data['results'][0]['login']}</arg>
<arg>${keyTwo}</arg>
<doc>Fails if ``key`` is not found from ``dictionary``.</doc>
<status status="PASS" start="2024-06-27T23:16:11.858321" elapsed="0.000383"/>
</kw>
<kw name="Dictionary Should Contain Key" owner="Collections">
<arg>${json_data['results'][0]['login']}</arg>
<arg>${keyTwo}</arg>
<doc>Fails if ``key`` is not found from ``dictionary``.</doc>
<status status="PASS" start="2024-06-27T23:16:11.858880" elapsed="0.000381"/>
</kw>
<kw name="Log" owner="BuiltIn">
<msg time="2024-06-27T23:16:11.859569" level="INFO">username</msg>
<arg>${keyTwo}</arg>
<doc>Logs the given message with the given level.</doc>
<status status="PASS" start="2024-06-27T23:16:11.859441" elapsed="0.000186"/>
</kw>
<var name="${keyTwo}">username</var>
<status status="PASS" start="2024-06-27T23:16:11.858215" elapsed="0.001630"/>
</iter>
<iter>
<kw name="Dictionary Should Contain Key" owner="Collections">
<arg>${json_data['results'][0]['login']}</arg>
<arg>${keyTwo}</arg>
<doc>Fails if ``key`` is not found from ``dictionary``.</doc>
<status status="PASS" start="2024-06-27T23:16:11.860120" elapsed="0.000379"/>
</kw>
<kw name="Dictionary Should Contain Key" owner="Collections">
<arg>${json_data['results'][0]['login']}</arg>
<arg>${keyTwo}</arg>
<doc>Fails if ``key`` is not found from ``dictionary``.</doc>
<status status="PASS" start="2024-06-27T23:16:11.860672" elapsed="0.000362"/>
</kw>
<kw name="Log" owner="BuiltIn">
<msg time="2024-06-27T23:16:11.861321" level="INFO">password</msg>
<arg>${keyTwo}</arg>
<doc>Logs the given message with the given level.</doc>
<status status="PASS" start="2024-06-27T23:16:11.861204" elapsed="0.000158"/>
</kw>
<var name="${keyTwo}">password</var>
<status status="PASS" start="2024-06-27T23:16:11.860014" elapsed="0.001567"/>
</iter>
<var>${keyTwo}</var>
<value>@{expected_keysTwo}</value>
<status status="PASS" start="2024-06-27T23:16:11.858068" elapsed="0.003632"/>
</for>
<status status="PASS" start="2024-06-27T23:16:11.758196" elapsed="0.103644"/>
</kw>
<doc>Testa a estrutura da resposta da API.</doc>
<tag>testeEstruturaResposta</tag>
<status status="PASS" start="2024-06-27T23:16:11.757707" elapsed="0.104287"/>
</test>
<test id="s1-s1-t4" name="Validar tipos de dados" line="28">
<kw name="Teste de Tipos de Dados" owner="random-user-service">
<kw name="GET On Session" owner="RequestsLibrary">
<msg time="2024-06-27T23:16:11.929467" level="INFO">GET Request : url=https://randomuser.me/api 
 path_url=/api 
 headers={'User-Agent': 'python-requests/2.32.3', 'Accept-Encoding': 'gzip, deflate', 'Accept': '*/*', 'Connection': 'keep-alive'} 
 body=None 
 </msg>
<msg time="2024-06-27T23:16:11.929549" level="INFO">GET Response : url=https://randomuser.me/api 
 status=200, reason=OK 
 headers={'Date': 'Thu, 27 Jun 2024 23:16:11 GMT', 'Content-Type': 'application/json; charset=utf-8', 'Transfer-Encoding': 'chunked', 'Connection': 'keep-alive', 'X-Powered-By': 'Express', 'Access-Control-Allow-Origin': '*', 'Cache-Control': 'no-cache', 'ETag': 'W/"483-J4V90HlAHBicsHcQyuw22a39vr4"', 'Vary': 'Accept-Encoding', 'Content-Encoding': 'gzip', 'CF-Cache-Status': 'DYNAMIC', 'Report-To': '{"endpoints":[{"url":"https:\\/\\/a.nel.cloudflare.com\\/report\\/v4?s=MTOMgacpILddKhreaja2x%2BmnejhSZt2SWEin3iO6NbAEx9Za4DSJSisW6t7K6784BpiMcyG8PHl34c%2BqZcjuGh4C%2FPavpery8wTjbhoWwFgyF27vqE8lQQa%2BxdaVFTVe"}],"group":"cf-nel","max_age":604800}', 'NEL': '{"success_fraction":0,"report_to":"cf-nel","max_age":604800}', 'Server': 'cloudflare', 'CF-RAY': '89a924b62aa5209c-IAD', 'alt-svc': 'h3=":443"; ma=86400'} 
 body={"results":[{"gender":"female","name":{"title":"Ms","first":"Isabella","last":"Ihle"},"location":{"street":{"number":3389,"name":"Florabakken"},"city":"Knappskog","state":"Sogn og Fjordane","country":"Norway","postcode":"0807","coordinates":{"latitude":"46.4291","longitude":"56.8981"},"timezone":{"offset":"+7:00","description":"Bangkok, Hanoi, Jakarta"}},"email":"isabella.ihle@example.com","login":{"uuid":"66ed536b-578b-4759-9b43-16928e54511f","username":"bluebird457","password":"condor","salt":"DIQEuLfT","md5":"f690603d7c556d2c04ee811820385b3c","sha1":"b877cbd35ede44b0f7fa78076a9166bab80efaba","sha256":"a0d83fffda2cb88c0e90f96fd0040988ebfb2f3e4749140f9440a0072215c97a"},"dob":{"date":"1979-04-23T11:41:16.620Z","age":45},"registered":{"date":"2005-03-15T09:20:28.256Z","age":19},"phone":"83230094","cell":"49052801","id":{"name":"FN","value":"23047925673"},"picture":{"large":"https://randomuser.me/api/portraits/women/53.jpg","medium":"https://randomuser.me/api/portraits/med/women/53.jpg","thumbnail":"https://randomuser.me/api/portraits/thumb/women/53.jpg"},"nat":"NO"}],"info":{"seed":"b9caacd0e7e64e5e","results":1,"page":1,"version":"1.4"}} 
 </msg>
<msg time="2024-06-27T23:16:11.929615" level="INFO">/opt/hostedtoolcache/Python/3.12.4/x64/lib/python3.12/site-packages/urllib3/connectionpool.py:1099: InsecureRequestWarning: Unverified HTTPS request is being made to host 'randomuser.me'. Adding certificate verification is strongly advised. See: https://urllib3.readthedocs.io/en/latest/advanced-usage.html#tls-warnings
  warnings.warn(</msg>
<msg time="2024-06-27T23:16:11.929729" level="INFO">${response} = &lt;Response [200]&gt;</msg>
<var>${response}</var>
<arg>consultarAPI</arg>
<arg>/api</arg>
<doc>Sends a GET request on a previously created HTTP Session.</doc>
<status status="PASS" start="2024-06-27T23:16:11.864557" elapsed="0.065213"/>
</kw>
<kw name="Set Variable" owner="BuiltIn">
<msg time="2024-06-27T23:16:11.930902" level="INFO">${json_data} = {'results': [{'gender': 'female', 'name': {'title': 'Ms', 'first': 'Isabella', 'last': 'Ihle'}, 'location': {'street': {'number': 3389, 'name': 'Florabakken'}, 'city': 'Knappskog', 'state': 'Sogn og F...</msg>
<var>${json_data}</var>
<arg>${response.json()}</arg>
<doc>Returns the given values which can then be assigned to a variables.</doc>
<status status="PASS" start="2024-06-27T23:16:11.930317" elapsed="0.000620"/>
</kw>
<kw name="Log" owner="BuiltIn">
<msg time="2024-06-27T23:16:11.931402" level="INFO">{'results': [{'gender': 'female', 'name': {'title': 'Ms', 'first': 'Isabella', 'last': 'Ihle'}, 'location': {'street': {'number': 3389, 'name': 'Florabakken'}, 'city': 'Knappskog', 'state': 'Sogn og Fjordane', 'country': 'Norway', 'postcode': '0807', 'coordinates': {'latitude': '46.4291', 'longitude': '56.8981'}, 'timezone': {'offset': '+7:00', 'description': 'Bangkok, Hanoi, Jakarta'}}, 'email': 'isabella.ihle@example.com', 'login': {'uuid': '66ed536b-578b-4759-9b43-16928e54511f', 'username': 'bluebird457', 'password': 'condor', 'salt': 'DIQEuLfT', 'md5': 'f690603d7c556d2c04ee811820385b3c', 'sha1': 'b877cbd35ede44b0f7fa78076a9166bab80efaba', 'sha256': 'a0d83fffda2cb88c0e90f96fd0040988ebfb2f3e4749140f9440a0072215c97a'}, 'dob': {'date': '1979-04-23T11:41:16.620Z', 'age': 45}, 'registered': {'date': '2005-03-15T09:20:28.256Z', 'age': 19}, 'phone': '83230094', 'cell': '49052801', 'id': {'name': 'FN', 'value': '23047925673'}, 'picture': {'large': 'https://randomuser.me/api/portraits/women/53.jpg', 'medium': 'https://randomuser.me/api/portraits/med/women/53.jpg', 'thumbnail': 'https://randomuser.me/api/portraits/thumb/women/53.jpg'}, 'nat': 'NO'}], 'info': {'seed': 'b9caacd0e7e64e5e', 'results': 1, 'page': 1, 'version': '1.4'}}</msg>
<arg>${json_data}</arg>
<doc>Logs the given message with the given level.</doc>
<status status="PASS" start="2024-06-27T23:16:11.931247" elapsed="0.000202"/>
</kw>
<kw name="Should Be String" owner="String">
<arg>${json_data['results'][0]['gender']}</arg>
<doc>Fails if the given ``item`` is not a string.</doc>
<status status="PASS" start="2024-06-27T23:16:11.931786" elapsed="0.000362"/>
</kw>
<kw name="Should Match Regexp" owner="BuiltIn">
<arg>${json_data['results'][0]['email']}</arg>
<arg>^[a-zA-Z0-9._%+-]+@[a-zA-Z0-9.-]+\.[a-zA-Z]{2,}$</arg>
<doc>Fails if ``string`` does not match ``pattern`` as a regular expression.</doc>
<status status="PASS" start="2024-06-27T23:16:11.932338" elapsed="0.000520"/>
</kw>
<kw name="Should Match Regexp" owner="BuiltIn">
<arg>${json_data['results'][0]['dob']['date']}</arg>
<arg>\\d{4}-\\d{2}-\\d{2}T\\d{2}:\\d{2}:\\d{2}\\.\\d{3}Z</arg>
<doc>Fails if ``string`` does not match ``pattern`` as a regular expression.</doc>
<status status="PASS" start="2024-06-27T23:16:11.933091" elapsed="0.000489"/>
</kw>
<kw name="Should Match Regexp" owner="BuiltIn">
<arg>${json_data['results'][0]['registered']['date']}</arg>
<arg>\\d{4}-\\d{2}-\\d{2}T\\d{2}:\\d{2}:\\d{2}\\.\\d{3}Z</arg>
<doc>Fails if ``string`` does not match ``pattern`` as a regular expression.</doc>
<status status="PASS" start="2024-06-27T23:16:11.933768" elapsed="0.000364"/>
</kw>
<kw name="Should Match Regexp" owner="BuiltIn">
<arg>${json_data['results'][0]['picture']['large']}</arg>
<arg>^https?://.*\.(?:png|jpe?g|gif|bmp)$</arg>
<doc>Fails if ``string`` does not match ``pattern`` as a regular expression.</doc>
<status status="PASS" start="2024-06-27T23:16:11.934316" elapsed="0.000452"/>
</kw>
<kw name="Should Match Regexp" owner="BuiltIn">
<arg>${json_data['results'][0]['picture']['medium']}</arg>
<arg>^https?://.*\.(?:png|jpe?g|gif|bmp)$</arg>
<doc>Fails if ``string`` does not match ``pattern`` as a regular expression.</doc>
<status status="PASS" start="2024-06-27T23:16:11.934950" elapsed="0.000343"/>
</kw>
<kw name="Should Match Regexp" owner="BuiltIn">
<arg>${json_data['results'][0]['picture']['thumbnail']}</arg>
<arg>^https?://.*\.(?:png|jpe?g|gif|bmp)$</arg>
<doc>Fails if ``string`` does not match ``pattern`` as a regular expression.</doc>
<status status="PASS" start="2024-06-27T23:16:11.935472" elapsed="0.000377"/>
</kw>
<kw name="Log" owner="BuiltIn">
<msg time="2024-06-27T23:16:11.936361" level="INFO">{'large': 'https://randomuser.me/api/portraits/women/53.jpg', 'medium': 'https://randomuser.me/api/portraits/med/women/53.jpg', 'thumbnail': 'https://randomuser.me/api/portraits/thumb/women/53.jpg'}</msg>
<arg>${json_data['results'][0]['picture']}</arg>
<doc>Logs the given message with the given level.</doc>
<status status="PASS" start="2024-06-27T23:16:11.936029" elapsed="0.000373"/>
</kw>
<status status="PASS" start="2024-06-27T23:16:11.864316" elapsed="0.072343"/>
</kw>
<kw name="Teste de Tipos de Dados - Postcode" owner="random-user-service">
<kw name="GET On Session" owner="RequestsLibrary">
<msg time="2024-06-27T23:16:12.034606" level="INFO">GET Request : url=https://randomuser.me/api 
 path_url=/api 
 headers={'User-Agent': 'python-requests/2.32.3', 'Accept-Encoding': 'gzip, deflate', 'Accept': '*/*', 'Connection': 'keep-alive'} 
 body=None 
 </msg>
<msg time="2024-06-27T23:16:12.034693" level="INFO">GET Response : url=https://randomuser.me/api 
 status=200, reason=OK 
 headers={'Date': 'Thu, 27 Jun 2024 23:16:12 GMT', 'Content-Type': 'application/json; charset=utf-8', 'Transfer-Encoding': 'chunked', 'Connection': 'keep-alive', 'X-Powered-By': 'Express', 'Access-Control-Allow-Origin': '*', 'Cache-Control': 'no-cache', 'ETag': 'W/"4aa-5kp/mPmbpkcam11oKxIGrwxJI/o"', 'Vary': 'Accept-Encoding', 'Content-Encoding': 'gzip', 'CF-Cache-Status': 'DYNAMIC', 'Report-To': '{"endpoints":[{"url":"https:\\/\\/a.nel.cloudflare.com\\/report\\/v4?s=DLCWq1EJk7ttV%2FVMJhgTqTotwNFBGie93LFrG8x5l5VnFVE1tfRQ%2FXc6VJ0InFFxC6IlgabQ3vbf6YZeegieFlJNT2yavUqp70Ae6N3owmi203g5i59qMFLisHZdVi17"}],"group":"cf-nel","max_age":604800}', 'NEL': '{"success_fraction":0,"report_to":"cf-nel","max_age":604800}', 'Server': 'cloudflare', 'CF-RAY': '89a924b69b30209c-IAD', 'alt-svc': 'h3=":443"; ma=86400'} 
 body={"results":[{"gender":"male","name":{"title":"Mr","first":"Conrado","last":"Yáñez"},"location":{"street":{"number":9749,"name":"Viaducto Roldán"},"city":"Zumpango del Río","state":"Yucatan","country":"Mexico","postcode":86214,"coordinates":{"latitude":"24.5135","longitude":"-29.5506"},"timezone":{"offset":"0:00","description":"Western Europe Time, London, Lisbon, Casablanca"}},"email":"conrado.yanez@example.com","login":{"uuid":"2f7ffffd-2e19-486d-b5ff-3a900519ea73","username":"yellowzebra270","password":"electra","salt":"k3gMGxYU","md5":"4e49c93740e7df8d7aab70e0311f33c0","sha1":"6359609602c3c34779dce01d9e7dca8a12ec9c32","sha256":"15b694c6ca35e0856e1854049428dacdfd5b22b3e58451a30bda3bc2c5c64754"},"dob":{"date":"1980-06-23T10:33:45.856Z","age":44},"registered":{"date":"2014-02-28T13:03:26.945Z","age":10},"phone":"(603) 069 6416","cell":"(698) 594 7675","id":{"name":"NSS","value":"28 84 11 3787 9"},"picture":{"large":"https://randomuser.me/api/portraits/men/2.jpg","medium":"https://randomuser.me/api/portraits/med/men/2.jpg","thumbnail":"https://randomuser.me/api/portraits/thumb/men/2.jpg"},"nat":"MX"}],"info":{"seed":"92002bdab0017d1e","results":1,"page":1,"version":"1.4"}} 
 </msg>
<msg time="2024-06-27T23:16:12.034761" level="INFO">/opt/hostedtoolcache/Python/3.12.4/x64/lib/python3.12/site-packages/urllib3/connectionpool.py:1099: InsecureRequestWarning: Unverified HTTPS request is being made to host 'randomuser.me'. Adding certificate verification is strongly advised. See: https://urllib3.readthedocs.io/en/latest/advanced-usage.html#tls-warnings
  warnings.warn(</msg>
<msg time="2024-06-27T23:16:12.034872" level="INFO">${response} = &lt;Response [200]&gt;</msg>
<var>${response}</var>
<arg>consultarAPI</arg>
<arg>/api</arg>
<doc>Sends a GET request on a previously created HTTP Session.</doc>
<status status="PASS" start="2024-06-27T23:16:11.937124" elapsed="0.097788"/>
</kw>
<kw name="Set Variable" owner="BuiltIn">
<msg time="2024-06-27T23:16:12.036109" level="INFO">${json_data} = {'results': [{'gender': 'male', 'name': {'title': 'Mr', 'first': 'Conrado', 'last': 'Yáñez'}, 'location': {'street': {'number': 9749, 'name': 'Viaducto Roldán'}, 'city': 'Zumpango del Río', 'state': '...</msg>
<var>${json_data}</var>
<arg>${response.json()}</arg>
<doc>Returns the given values which can then be assigned to a variables.</doc>
<status status="PASS" start="2024-06-27T23:16:12.035483" elapsed="0.000654"/>
</kw>
<kw name="Log" owner="BuiltIn">
<msg time="2024-06-27T23:16:12.036604" level="INFO">{'results': [{'gender': 'male', 'name': {'title': 'Mr', 'first': 'Conrado', 'last': 'Yáñez'}, 'location': {'street': {'number': 9749, 'name': 'Viaducto Roldán'}, 'city': 'Zumpango del Río', 'state': 'Yucatan', 'country': 'Mexico', 'postcode': 86214, 'coordinates': {'latitude': '24.5135', 'longitude': '-29.5506'}, 'timezone': {'offset': '0:00', 'description': 'Western Europe Time, London, Lisbon, Casablanca'}}, 'email': 'conrado.yanez@example.com', 'login': {'uuid': '2f7ffffd-2e19-486d-b5ff-3a900519ea73', 'username': 'yellowzebra270', 'password': 'electra', 'salt': 'k3gMGxYU', 'md5': '4e49c93740e7df8d7aab70e0311f33c0', 'sha1': '6359609602c3c34779dce01d9e7dca8a12ec9c32', 'sha256': '15b694c6ca35e0856e1854049428dacdfd5b22b3e58451a30bda3bc2c5c64754'}, 'dob': {'date': '1980-06-23T10:33:45.856Z', 'age': 44}, 'registered': {'date': '2014-02-28T13:03:26.945Z', 'age': 10}, 'phone': '(603) 069 6416', 'cell': '(698) 594 7675', 'id': {'name': 'NSS', 'value': '28 84 11 3787 9'}, 'picture': {'large': 'https://randomuser.me/api/portraits/men/2.jpg', 'medium': 'https://randomuser.me/api/portraits/med/men/2.jpg', 'thumbnail': 'https://randomuser.me/api/portraits/thumb/men/2.jpg'}, 'nat': 'MX'}], 'info': {'seed': '92002bdab0017d1e', 'results': 1, 'page': 1, 'version': '1.4'}}</msg>
<arg>${json_data}</arg>
<doc>Logs the given message with the given level.</doc>
<status status="PASS" start="2024-06-27T23:16:12.036443" elapsed="0.000210"/>
</kw>
<kw name="Should Be Equal As Numbers" owner="BuiltIn">
<arg>${json_data['results'][0]['location']['postcode']}</arg>
<arg>${json_data['results'][0]['location']['postcode']}</arg>
<doc>Fails if objects are unequal after converting them to real numbers.</doc>
<status status="PASS" start="2024-06-27T23:16:12.036973" elapsed="0.000618"/>
</kw>
<kw name="Log" owner="BuiltIn">
<msg time="2024-06-27T23:16:12.038106" level="INFO">86214</msg>
<arg>${json_data['results'][0]['location']['postcode']}</arg>
<doc>Logs the given message with the given level.</doc>
<status status="PASS" start="2024-06-27T23:16:12.037775" elapsed="0.000407"/>
</kw>
<status status="PASS" start="2024-06-27T23:16:11.936880" elapsed="0.101554"/>
</kw>
<doc>Testa se os tipos de dados na resposta da API estão corretos.</doc>
<tag>testeTiposDados</tag>
<status status="PASS" start="2024-06-27T23:16:11.863784" elapsed="0.174813"/>
</test>
<test id="s1-s1-t5" name="Validar conteudo" line="35">
<kw name="Teste de Tipos de Conteudo" owner="random-user-service">
<kw name="GET On Session" owner="RequestsLibrary">
<msg time="2024-06-27T23:16:12.133352" level="INFO">GET Request : url=https://randomuser.me/api 
 path_url=/api 
 headers={'User-Agent': 'python-requests/2.32.3', 'Accept-Encoding': 'gzip, deflate', 'Accept': '*/*', 'Connection': 'keep-alive'} 
 body=None 
 </msg>
<msg time="2024-06-27T23:16:12.133463" level="INFO">GET Response : url=https://randomuser.me/api 
 status=200, reason=OK 
 headers={'Date': 'Thu, 27 Jun 2024 23:16:12 GMT', 'Content-Type': 'application/json; charset=utf-8', 'Transfer-Encoding': 'chunked', 'Connection': 'keep-alive', 'X-Powered-By': 'Express', 'Access-Control-Allow-Origin': '*', 'Cache-Control': 'no-cache', 'ETag': 'W/"495-oc2g7owMhHeegvQNf8WjP6inM9Q"', 'Vary': 'Accept-Encoding', 'Content-Encoding': 'gzip', 'CF-Cache-Status': 'DYNAMIC', 'Report-To': '{"endpoints":[{"url":"https:\\/\\/a.nel.cloudflare.com\\/report\\/v4?s=9pey1EygWNNBRsHNt5DU34EKzgmC%2FkOSfjP4EjBFlc%2FKjA5sFiswcES7BmaBTdSMh6dsWRPX4j%2FVd7uuInyi5lE6aGps%2FiIg%2B0jhLFdntT3ardrC95WVGrzTBu53U%2Fpe"}],"group":"cf-nel","max_age":604800}', 'NEL': '{"success_fraction":0,"report_to":"cf-nel","max_age":604800}', 'Server': 'cloudflare', 'CF-RAY': '89a924b74c03209c-IAD', 'alt-svc': 'h3=":443"; ma=86400'} 
 body={"results":[{"gender":"female","name":{"title":"Miss","first":"Amy","last":"Morin"},"location":{"street":{"number":1208,"name":"Parliament St"},"city":"Inverness","state":"Nova Scotia","country":"Canada","postcode":"S6A 7S9","coordinates":{"latitude":"-66.0108","longitude":"0.6519"},"timezone":{"offset":"-6:00","description":"Central Time (US &amp; Canada), Mexico City"}},"email":"amy.morin@example.com","login":{"uuid":"1a231b78-5ed6-40ce-b8a1-62afa2958b38","username":"biggorilla222","password":"nugget","salt":"4YyaX3SH","md5":"414fb76cd54d86cb7c1b9de8a7c180e6","sha1":"c03d5f5b5ac28add92a37aa01646f9f19cfcd47b","sha256":"1c7602d4415d401499614f4563d2a4eeb4707683c7e0ad8046432c084f4b4cc5"},"dob":{"date":"1982-09-21T20:46:23.949Z","age":41},"registered":{"date":"2021-09-26T11:34:37.615Z","age":2},"phone":"D53 N62-5523","cell":"N34 N49-5776","id":{"name":"SIN","value":"180316952"},"picture":{"large":"https://randomuser.me/api/portraits/women/65.jpg","medium":"https://randomuser.me/api/portraits/med/women/65.jpg","thumbnail":"https://randomuser.me/api/portraits/thumb/women/65.jpg"},"nat":"CA"}],"info":{"seed":"a6728210e059c44f","results":1,"page":1,"version":"1.4"}} 
 </msg>
<msg time="2024-06-27T23:16:12.133567" level="INFO">/opt/hostedtoolcache/Python/3.12.4/x64/lib/python3.12/site-packages/urllib3/connectionpool.py:1099: InsecureRequestWarning: Unverified HTTPS request is being made to host 'randomuser.me'. Adding certificate verification is strongly advised. See: https://urllib3.readthedocs.io/en/latest/advanced-usage.html#tls-warnings
  warnings.warn(</msg>
<msg time="2024-06-27T23:16:12.133699" level="INFO">${response} = &lt;Response [200]&gt;</msg>
<var>${response}</var>
<arg>consultarAPI</arg>
<arg>/api</arg>
<doc>Sends a GET request on a previously created HTTP Session.</doc>
<status status="PASS" start="2024-06-27T23:16:12.042082" elapsed="0.091657"/>
</kw>
<kw name="Set Variable" owner="BuiltIn">
<msg time="2024-06-27T23:16:12.134915" level="INFO">${json_data} = {'results': [{'gender': 'female', 'name': {'title': 'Miss', 'first': 'Amy', 'last': 'Morin'}, 'location': {'street': {'number': 1208, 'name': 'Parliament St'}, 'city': 'Inverness', 'state': 'Nova Scot...</msg>
<var>${json_data}</var>
<arg>${response.json()}</arg>
<doc>Returns the given values which can then be assigned to a variables.</doc>
<status status="PASS" start="2024-06-27T23:16:12.134345" elapsed="0.000600"/>
</kw>
<kw name="Set Variable" owner="BuiltIn">
<msg time="2024-06-27T23:16:12.135669" level="INFO">${name_title} = Miss</msg>
<var>${name_title}</var>
<arg>${json_data["results"][0]["name"]["title"]}</arg>
<doc>Returns the given values which can then be assigned to a variables.</doc>
<status status="PASS" start="2024-06-27T23:16:12.135245" elapsed="0.000451"/>
</kw>
<kw name="Create List" owner="BuiltIn">
<msg time="2024-06-27T23:16:12.136193" level="INFO">${allowed_titles} = ['Mr', 'Ms', 'Miss', 'Mrs', 'Madame', 'Monsieur']</msg>
<var>${allowed_titles}</var>
<arg>Mr</arg>
<arg>Ms</arg>
<arg>Miss</arg>
<arg>Mrs</arg>
<arg>Madame</arg>
<arg>Monsieur</arg>
<doc>Returns a list containing given items.</doc>
<status status="PASS" start="2024-06-27T23:16:12.136013" elapsed="0.000205"/>
</kw>
<kw name="List Should Contain Value" owner="Collections">
<arg>${allowed_titles}</arg>
<arg>${name_title}</arg>
<doc>Fails if the ``value`` is not found from ``list``.</doc>
<status status="PASS" start="2024-06-27T23:16:12.136548" elapsed="0.000181"/>
</kw>
<kw name="Set Variable" owner="BuiltIn">
<msg time="2024-06-27T23:16:12.137268" level="INFO">${name_country} = CA</msg>
<var>${name_country}</var>
<arg>${json_data["results"][0]["nat"]}</arg>
<doc>Returns the given values which can then be assigned to a variables.</doc>
<status status="PASS" start="2024-06-27T23:16:12.136908" elapsed="0.000384"/>
</kw>
<kw name="Create List" owner="BuiltIn">
<msg time="2024-06-27T23:16:12.138171" level="INFO">${list_country} = ['AD', 'AE', 'AF', 'AG', 'AI', 'AL', 'AM', 'AO', 'AQ', 'AR', 'AS', 'AT', 'AU', 'AW', 'AX', 'AZ', 'BA', 'BB', 'BD', 'BE', 'BF', 'BG', 'BH', 'BI', 'BJ', 'BL', 'BM', 'BN', 'BO', 'BQ', 'BR', 'BS', 'BT', '...</msg>
<var>${list_country}</var>
<arg>AD</arg>
<arg>AE</arg>
<arg>AF</arg>
<arg>AG</arg>
<arg>AI</arg>
<arg>AL</arg>
<arg>AM</arg>
<arg>AO</arg>
<arg>AQ</arg>
<arg>AR</arg>
<arg>AS</arg>
<arg>AT</arg>
<arg>AU</arg>
<arg>AW</arg>
<arg>AX</arg>
<arg>AZ</arg>
<arg>BA</arg>
<arg>BB</arg>
<arg>BD</arg>
<arg>BE</arg>
<arg>BF</arg>
<arg>BG</arg>
<arg>BH</arg>
<arg>BI</arg>
<arg>BJ</arg>
<arg>BL</arg>
<arg>BM</arg>
<arg>BN</arg>
<arg>BO</arg>
<arg>BQ</arg>
<arg>BR</arg>
<arg>BS</arg>
<arg>BT</arg>
<arg>BV</arg>
<arg>BW</arg>
<arg>BY</arg>
<arg>BZ</arg>
<arg>CA</arg>
<arg>CC</arg>
<arg>CD</arg>
<arg>CF</arg>
<arg>CG</arg>
<arg>CH</arg>
<arg>CI</arg>
<arg>CK</arg>
<arg>CL</arg>
<arg>CM</arg>
<arg>CN</arg>
<arg>CO</arg>
<arg>CR</arg>
<arg>CU</arg>
<arg>CV</arg>
<arg>CW</arg>
<arg>CX</arg>
<arg>CY</arg>
<arg>CZ</arg>
<arg>DE</arg>
<arg>DJ</arg>
<arg>DK</arg>
<arg>DM</arg>
<arg>DO</arg>
<arg>DZ</arg>
<arg>EC</arg>
<arg>EE</arg>
<arg>EG</arg>
<arg>EH</arg>
<arg>ER</arg>
<arg>ES</arg>
<arg>ET</arg>
<arg>FI</arg>
<arg>FJ</arg>
<arg>FK</arg>
<arg>FM</arg>
<arg>FO</arg>
<arg>FR</arg>
<arg>GA</arg>
<arg>GB</arg>
<arg>GD</arg>
<arg>GE</arg>
<arg>GF</arg>
<arg>GG</arg>
<arg>GH</arg>
<arg>GI</arg>
<arg>GL</arg>
<arg>GM</arg>
<arg>GN</arg>
<arg>GP</arg>
<arg>GQ</arg>
<arg>GR</arg>
<arg>GS</arg>
<arg>GT</arg>
<arg>GU</arg>
<arg>GW</arg>
<arg>GY</arg>
<arg>HK</arg>
<arg>HM</arg>
<arg>HN</arg>
<arg>HR</arg>
<arg>HT</arg>
<arg>HU</arg>
<arg>ID</arg>
<arg>IE</arg>
<arg>IL</arg>
<arg>IM</arg>
<arg>IN</arg>
<arg>IO</arg>
<arg>IQ</arg>
<arg>IR</arg>
<arg>IS</arg>
<arg>IT</arg>
<arg>JE</arg>
<arg>JM</arg>
<arg>JO</arg>
<arg>JP</arg>
<arg>KE</arg>
<arg>KG</arg>
<arg>KH</arg>
<arg>KI</arg>
<arg>KM</arg>
<arg>KN</arg>
<arg>KP</arg>
<arg>KR</arg>
<arg>KW</arg>
<arg>KY</arg>
<arg>KZ</arg>
<arg>LA</arg>
<arg>LB</arg>
<arg>LC</arg>
<arg>LI</arg>
<arg>LK</arg>
<arg>LR</arg>
<arg>LS</arg>
<arg>LT</arg>
<arg>LU</arg>
<arg>LV</arg>
<arg>LY</arg>
<arg>MA</arg>
<arg>MC</arg>
<arg>MD</arg>
<arg>ME</arg>
<arg>MF</arg>
<arg>MG</arg>
<arg>MH</arg>
<arg>MK</arg>
<arg>ML</arg>
<arg>MM</arg>
<arg>MN</arg>
<arg>MO</arg>
<arg>MP</arg>
<arg>MQ</arg>
<arg>MR</arg>
<arg>MS</arg>
<arg>MT</arg>
<arg>MU</arg>
<arg>MV</arg>
<arg>MW</arg>
<arg>MX</arg>
<arg>MY</arg>
<arg>MZ</arg>
<arg>NA</arg>
<arg>NC</arg>
<arg>NE</arg>
<arg>NF</arg>
<arg>NG</arg>
<arg>NI</arg>
<arg>NL</arg>
<arg>NO</arg>
<arg>NP</arg>
<arg>NR</arg>
<arg>NU</arg>
<arg>NZ</arg>
<arg>OM</arg>
<arg>PA</arg>
<arg>PE</arg>
<arg>PF</arg>
<arg>PG</arg>
<arg>PH</arg>
<arg>PK</arg>
<arg>PL</arg>
<arg>PM</arg>
<arg>PN</arg>
<arg>PR</arg>
<arg>PS</arg>
<arg>PT</arg>
<arg>PW</arg>
<arg>PY</arg>
<arg>QA</arg>
<arg>RE</arg>
<arg>RO</arg>
<arg>RS</arg>
<arg>RU</arg>
<arg>RW</arg>
<arg>SA</arg>
<arg>SB</arg>
<arg>SC</arg>
<arg>SD</arg>
<arg>SE</arg>
<arg>SG</arg>
<arg>SH</arg>
<arg>SI</arg>
<arg>SJ</arg>
<arg>SK</arg>
<arg>SL</arg>
<arg>SM</arg>
<arg>SN</arg>
<arg>SO</arg>
<arg>SR</arg>
<arg>SS</arg>
<arg>ST</arg>
<arg>SV</arg>
<arg>SX</arg>
<arg>SY</arg>
<arg>SZ</arg>
<arg>TC</arg>
<arg>TD</arg>
<arg>TF</arg>
<arg>TG</arg>
<arg>TH</arg>
<arg>TJ</arg>
<arg>TK</arg>
<arg>TL</arg>
<arg>TM</arg>
<arg>TN</arg>
<arg>TO</arg>
<arg>TR</arg>
<arg>TT</arg>
<arg>TV</arg>
<arg>TW</arg>
<arg>TZ</arg>
<arg>UA</arg>
<arg>UG</arg>
<arg>UM</arg>
<arg>US</arg>
<arg>UY</arg>
<arg>UZ</arg>
<arg>VA</arg>
<arg>VC</arg>
<arg>VE</arg>
<arg>VG</arg>
<arg>VI</arg>
<arg>VN</arg>
<arg>VU</arg>
<arg>WF</arg>
<arg>WS</arg>
<arg>XK</arg>
<arg>YE</arg>
<arg>YT</arg>
<arg>ZA</arg>
<arg>ZM</arg>
<arg>ZW</arg>
<doc>Returns a list containing given items.</doc>
<status status="PASS" start="2024-06-27T23:16:12.137578" elapsed="0.000618"/>
</kw>
<kw name="List Should Contain Value" owner="Collections">
<arg>${list_country}</arg>
<arg>${name_country}</arg>
<doc>Fails if the ``value`` is not found from ``list``.</doc>
<status status="PASS" start="2024-06-27T23:16:12.138989" elapsed="0.000200"/>
</kw>
<kw name="Run Keyword If" owner="BuiltIn">
<kw name="Should Be True" owner="BuiltIn">
<arg>${True}</arg>
<doc>Fails if the given condition is not true.</doc>
<status status="PASS" start="2024-06-27T23:16:12.140152" elapsed="0.000142"/>
</kw>
<arg>${json_data["results"][0]["location"]["coordinates"]["latitude"]} &gt;= -90 and ${json_data["results"][0]["location"]["coordinates"]["latitude"]} &lt;= 90</arg>
<arg>Should Be True</arg>
<arg>${True}</arg>
<doc>Runs the given keyword with the given arguments, if ``condition`` is true.</doc>
<status status="PASS" start="2024-06-27T23:16:12.139383" elapsed="0.001034"/>
</kw>
<kw name="Run Keyword If" owner="BuiltIn">
<kw name="Should Be True" owner="BuiltIn">
<arg>${True}</arg>
<doc>Fails if the given condition is not true.</doc>
<status status="PASS" start="2024-06-27T23:16:12.141279" elapsed="0.000133"/>
</kw>
<arg>${json_data["results"][0]["location"]["coordinates"]["longitude"]} &gt;= -180 and ${json_data["results"][0]["location"]["coordinates"]["longitude"]} &lt;= 180</arg>
<arg>Should Be True</arg>
<arg>${True}</arg>
<doc>Runs the given keyword with the given arguments, if ``condition`` is true.</doc>
<status status="PASS" start="2024-06-27T23:16:12.140596" elapsed="0.000936"/>
</kw>
<status status="PASS" start="2024-06-27T23:16:12.041504" elapsed="0.100159"/>
</kw>
<doc>Testa o conteúdo específico dos campos retornados pela API.</doc>
<tag>testeConteudo</tag>
<status status="PASS" start="2024-06-27T23:16:12.040802" elapsed="0.101009"/>
</test>
<status status="PASS" start="2024-06-27T23:16:11.095976" elapsed="1.047823"/>
</suite>
<status status="PASS" start="2024-06-27T23:16:11.081770" elapsed="1.067185"/>
</suite>
<statistics>
<total>
<stat pass="5" fail="0" skip="0">All Tests</stat>
</total>
<tag>
<stat pass="1" fail="0" skip="0">testeConteudo</stat>
<stat pass="1" fail="0" skip="0">testeEstruturaResposta</stat>
<stat pass="1" fail="0" skip="0">testeRequisicaoBasica</stat>
<stat pass="1" fail="0" skip="0">testeTiposDados</stat>
</tag>
<suite>
<stat pass="5" fail="0" skip="0" id="s1" name="Tests">Tests</stat>
<stat pass="5" fail="0" skip="0" id="s1-s1" name="Random-User-Test">Tests.Random-User-Test</stat>
</suite>
</statistics>
<errors>
</errors>
</robot>
