<?xml version="1.0" encoding="UTF-8"?>
<robot generator="Robot 7.0 (Python 3.12.3 on linux)" generated="2024-04-18T20:14:43.278744" rpa="false" schemaversion="5">
<suite id="s1" name="Tests" source="/home/runner/work/DesafioQAItauRogerioJordao/DesafioQAItauRogerioJordao/RamdonUser/tests">
<suite id="s1-s1" name="Random-User-Test" source="/home/runner/work/DesafioQAItauRogerioJordao/DesafioQAItauRogerioJordao/RamdonUser/tests/random-user-test.robot">
<test id="s1-s1-t1" name="Conectar" line="13">
<kw name="Conectar API" owner="random-user-service">
<kw name="Create Session" owner="RequestsLibrary">
<msg time="2024-04-18T20:14:43.632364" level="INFO">Creating Session using : alias=consultarAPI, url=https://randomuser.me/, headers={},                     cookies={}, auth=None, timeout=None, proxies=None, verify=False,                     debug=0 </msg>
<arg>consultarAPI</arg>
<arg>${URL}</arg>
<doc>Create Session: create a HTTP session to a server</doc>
<status status="PASS" start="2024-04-18T20:14:43.632172" elapsed="0.000359"/>
</kw>
<status status="PASS" start="2024-04-18T20:14:43.631257" elapsed="0.001616"/>
</kw>
<status status="PASS" start="2024-04-18T20:14:43.630661" elapsed="0.002403"/>
</test>
<test id="s1-s1-t2" name="Validar retorno 200 e JSON Válido" line="16">
<kw name="Teste de Requisicao Basica" owner="random-user-service">
<kw name="GET On Session" owner="RequestsLibrary">
<msg time="2024-04-18T20:14:43.771217" level="INFO">GET Request : url=https://randomuser.me/api 
 path_url=/api 
 headers={'User-Agent': 'python-requests/2.31.0', 'Accept-Encoding': 'gzip, deflate', 'Accept': '*/*', 'Connection': 'keep-alive'} 
 body=None 
 </msg>
<msg time="2024-04-18T20:14:43.771317" level="INFO">GET Response : url=https://randomuser.me/api 
 status=200, reason=OK 
 headers={'Date': 'Thu, 18 Apr 2024 20:14:43 GMT', 'Content-Type': 'application/json; charset=utf-8', 'Transfer-Encoding': 'chunked', 'Connection': 'keep-alive', 'X-Powered-By': 'Express', 'Access-Control-Allow-Origin': '*', 'Cache-Control': 'no-cache', 'ETag': 'W/"49b-5wG5MYjF/HAigoFwlTC/njZSyWo"', 'Vary': 'Accept-Encoding', 'Content-Encoding': 'gzip', 'CF-Cache-Status': 'DYNAMIC', 'Report-To': '{"endpoints":[{"url":"https:\\/\\/a.nel.cloudflare.com\\/report\\/v4?s=rIhyud5aaANz%2B1Uo1ECQZFcnb%2BnY%2FoF1T7HQ2wXxXI2b111QRN2Zj7fbwa61r28mdbuE6v3PBbq7DgQ0cdN3dv2NSt3ed5D0yuG2i5UJXQO7mmO5TeYyjWAKLKoG6aHO"}],"group":"cf-nel","max_age":604800}', 'NEL': '{"success_fraction":0,"report_to":"cf-nel","max_age":604800}', 'Server': 'cloudflare', 'CF-RAY': '876752a2fb2c241f-IAD', 'alt-svc': 'h3=":443"; ma=86400'} 
 body={"results":[{"gender":"male","name":{"title":"Mr","first":"Abílio","last":"Gomes"},"location":{"street":{"number":8912,"name":"Rua Paraná "},"city":"Rio Verde","state":"Mato Grosso do Sul","country":"Brazil","postcode":42289,"coordinates":{"latitude":"-75.2272","longitude":"-136.7583"},"timezone":{"offset":"+5:30","description":"Bombay, Calcutta, Madras, New Delhi"}},"email":"abilio.gomes@example.com","login":{"uuid":"07be7c75-2fa0-4ff2-9810-792502cf81b9","username":"bigbear514","password":"kathryn","salt":"k8Od89kK","md5":"81651c0fe1dcd6edb15bea60e9c32915","sha1":"4f025b184be14da59f0491140466e0930e5a1dab","sha256":"d00db0c61e33e8a92e4c92e3464c502d940e47f333b0fc4eb3c2798cbcbab9e2"},"dob":{"date":"1979-03-15T22:20:59.502Z","age":45},"registered":{"date":"2004-11-24T01:15:09.864Z","age":19},"phone":"(01) 8950-7584","cell":"(00) 9003-2921","id":{"name":"CPF","value":"339.349.005-44"},"picture":{"large":"https://randomuser.me/api/portraits/men/31.jpg","medium":"https://randomuser.me/api/portraits/med/men/31.jpg","thumbnail":"https://randomuser.me/api/portraits/thumb/men/31.jpg"},"nat":"BR"}],"info":{"seed":"22f96381bed588b0","results":1,"page":1,"version":"1.4"}} 
 </msg>
<msg time="2024-04-18T20:14:43.771387" level="INFO">/opt/hostedtoolcache/Python/3.12.3/x64/lib/python3.12/site-packages/urllib3/connectionpool.py:1103: InsecureRequestWarning: Unverified HTTPS request is being made to host 'randomuser.me'. Adding certificate verification is strongly advised. See: https://urllib3.readthedocs.io/en/latest/advanced-usage.html#tls-warnings
  warnings.warn(</msg>
<msg time="2024-04-18T20:14:43.771496" level="INFO">${response} = &lt;Response [200]&gt;</msg>
<var>${response}</var>
<arg>consultarAPI</arg>
<arg>/api</arg>
<doc>Sends a GET request on a previously created HTTP Session.</doc>
<status status="PASS" start="2024-04-18T20:14:43.635744" elapsed="0.135791"/>
</kw>
<kw name="Should Be Equal As Numbers" owner="BuiltIn">
<msg time="2024-04-18T20:14:43.772316" level="INFO">Argument types are:
&lt;class 'int'&gt;
&lt;class 'str'&gt;</msg>
<arg>${response.status_code}</arg>
<arg>200</arg>
<doc>Fails if objects are unequal after converting them to real numbers.</doc>
<status status="PASS" start="2024-04-18T20:14:43.771931" elapsed="0.000448"/>
</kw>
<kw name="Log" owner="BuiltIn">
<msg time="2024-04-18T20:14:43.773081" level="INFO">200</msg>
<arg>${response.status_code}</arg>
<doc>Logs the given message with the given level.</doc>
<status status="PASS" start="2024-04-18T20:14:43.772707" elapsed="0.000454"/>
</kw>
<kw name="Set Variable" owner="BuiltIn">
<msg time="2024-04-18T20:14:43.773924" level="INFO">${json_data} = {'results': [{'gender': 'male', 'name': {'title': 'Mr', 'first': 'Abílio', 'last': 'Gomes'}, 'location': {'street': {'number': 8912, 'name': 'Rua Paraná '}, 'city': 'Rio Verde', 'state': 'Mato Grosso ...</msg>
<var>${json_data}</var>
<arg>${response.json()}</arg>
<doc>Returns the given values which can then be assigned to a variables.</doc>
<status status="PASS" start="2024-04-18T20:14:43.773472" elapsed="0.000480"/>
</kw>
<kw name="Dictionary Should Contain Key" owner="Collections">
<msg time="2024-04-18T20:14:43.774438" level="INFO">False</msg>
<arg>${json_data}</arg>
<arg>results</arg>
<doc>Fails if ``key`` is not found from ``dictionary``.</doc>
<status status="PASS" start="2024-04-18T20:14:43.774275" elapsed="0.000201"/>
</kw>
<status status="PASS" start="2024-04-18T20:14:43.635492" elapsed="0.139235"/>
</kw>
<doc>Testa se a API responde corretamente e retorna um objeto JSON válido.</doc>
<tag>testeRequisicaoBasica</tag>
<status status="PASS" start="2024-04-18T20:14:43.634963" elapsed="0.139934"/>
</test>
<test id="s1-s1-t3" name="Validar estrutura de resposta" line="22">
<kw name="Teste de Estrutura de Resposta" owner="random-user-service">
<kw name="GET On Session" owner="RequestsLibrary">
<msg time="2024-04-18T20:14:43.819516" level="INFO">GET Request : url=https://randomuser.me/api 
 path_url=/api 
 headers={'User-Agent': 'python-requests/2.31.0', 'Accept-Encoding': 'gzip, deflate', 'Accept': '*/*', 'Connection': 'keep-alive'} 
 body=None 
 </msg>
<msg time="2024-04-18T20:14:43.819600" level="INFO">GET Response : url=https://randomuser.me/api 
 status=200, reason=OK 
 headers={'Date': 'Thu, 18 Apr 2024 20:14:43 GMT', 'Content-Type': 'application/json; charset=utf-8', 'Transfer-Encoding': 'chunked', 'Connection': 'keep-alive', 'X-Powered-By': 'Express', 'Access-Control-Allow-Origin': '*', 'Cache-Control': 'no-cache', 'ETag': 'W/"4aa-R+4Yt6qeh8age4QiajVt9g4C4v0"', 'Vary': 'Accept-Encoding', 'Content-Encoding': 'gzip', 'CF-Cache-Status': 'DYNAMIC', 'Report-To': '{"endpoints":[{"url":"https:\\/\\/a.nel.cloudflare.com\\/report\\/v4?s=7N%2BCgL0EguqpaR%2FyK9YrXf059EcHhxCx00EyZlMVRMOBkVTYNOO0RKTuYFLpL1FK4qm%2FcXyMLR8DfkMHw5Sp7lXJgdtueoWrC9E0uv0KRqMYnUTE3MAQLmMYOXs3oWCg"}],"group":"cf-nel","max_age":604800}', 'NEL': '{"success_fraction":0,"report_to":"cf-nel","max_age":604800}', 'Server': 'cloudflare', 'CF-RAY': '876752a3abca241f-IAD', 'alt-svc': 'h3=":443"; ma=86400'} 
 body={"results":[{"gender":"male","name":{"title":"Mr","first":"Nelson","last":"Teixeira"},"location":{"street":{"number":4603,"name":"Rua Dezesseis de Maio"},"city":"Umuarama","state":"Santa Catarina","country":"Brazil","postcode":78767,"coordinates":{"latitude":"-72.9132","longitude":"-112.6789"},"timezone":{"offset":"-4:00","description":"Atlantic Time (Canada), Caracas, La Paz"}},"email":"nelson.teixeira@example.com","login":{"uuid":"bf474fdc-667e-43e3-89d6-fb606e1ef09a","username":"smallgorilla983","password":"mclaren","salt":"AAD6p6lr","md5":"547a885a152e19d2bcd13cf37a18c3df","sha1":"a1c92ebfe9f1f3d2d830fadbfa99da4cdd895187","sha256":"e8b2bfa4ea7edcd50633d90c6b85896fdf0c7f2c8f1210a3a1d9452769425748"},"dob":{"date":"1985-04-29T18:23:50.185Z","age":38},"registered":{"date":"2010-02-07T13:25:26.834Z","age":14},"phone":"(48) 0890-5610","cell":"(31) 8964-3027","id":{"name":"CPF","value":"401.978.869-44"},"picture":{"large":"https://randomuser.me/api/portraits/men/0.jpg","medium":"https://randomuser.me/api/portraits/med/men/0.jpg","thumbnail":"https://randomuser.me/api/portraits/thumb/men/0.jpg"},"nat":"BR"}],"info":{"seed":"277f9b319833b51c","results":1,"page":1,"version":"1.4"}} 
 </msg>
<msg time="2024-04-18T20:14:43.819722" level="INFO">/opt/hostedtoolcache/Python/3.12.3/x64/lib/python3.12/site-packages/urllib3/connectionpool.py:1103: InsecureRequestWarning: Unverified HTTPS request is being made to host 'randomuser.me'. Adding certificate verification is strongly advised. See: https://urllib3.readthedocs.io/en/latest/advanced-usage.html#tls-warnings
  warnings.warn(</msg>
<msg time="2024-04-18T20:14:43.819850" level="INFO">${response} = &lt;Response [200]&gt;</msg>
<var>${response}</var>
<arg>consultarAPI</arg>
<arg>/api</arg>
<doc>Sends a GET request on a previously created HTTP Session.</doc>
<status status="PASS" start="2024-04-18T20:14:43.777441" elapsed="0.042462"/>
</kw>
<kw name="Set Variable" owner="BuiltIn">
<msg time="2024-04-18T20:14:43.820776" level="INFO">${json_data} = {'results': [{'gender': 'male', 'name': {'title': 'Mr', 'first': 'Nelson', 'last': 'Teixeira'}, 'location': {'street': {'number': 4603, 'name': 'Rua Dezesseis de Maio'}, 'city': 'Umuarama', 'state': '...</msg>
<var>${json_data}</var>
<arg>${response.json()}</arg>
<doc>Returns the given values which can then be assigned to a variables.</doc>
<status status="PASS" start="2024-04-18T20:14:43.820334" elapsed="0.000471"/>
</kw>
<kw name="Log" owner="BuiltIn">
<msg time="2024-04-18T20:14:43.821297" level="INFO">{'results': [{'gender': 'male', 'name': {'title': 'Mr', 'first': 'Nelson', 'last': 'Teixeira'}, 'location': {'street': {'number': 4603, 'name': 'Rua Dezesseis de Maio'}, 'city': 'Umuarama', 'state': 'Santa Catarina', 'country': 'Brazil', 'postcode': 78767, 'coordinates': {'latitude': '-72.9132', 'longitude': '-112.6789'}, 'timezone': {'offset': '-4:00', 'description': 'Atlantic Time (Canada), Caracas, La Paz'}}, 'email': 'nelson.teixeira@example.com', 'login': {'uuid': 'bf474fdc-667e-43e3-89d6-fb606e1ef09a', 'username': 'smallgorilla983', 'password': 'mclaren', 'salt': 'AAD6p6lr', 'md5': '547a885a152e19d2bcd13cf37a18c3df', 'sha1': 'a1c92ebfe9f1f3d2d830fadbfa99da4cdd895187', 'sha256': 'e8b2bfa4ea7edcd50633d90c6b85896fdf0c7f2c8f1210a3a1d9452769425748'}, 'dob': {'date': '1985-04-29T18:23:50.185Z', 'age': 38}, 'registered': {'date': '2010-02-07T13:25:26.834Z', 'age': 14}, 'phone': '(48) 0890-5610', 'cell': '(31) 8964-3027', 'id': {'name': 'CPF', 'value': '401.978.869-44'}, 'picture': {'large': 'https://randomuser.me/api/portraits/men/0.jpg', 'medium': 'https://randomuser.me/api/portraits/med/men/0.jpg', 'thumbnail': 'https://randomuser.me/api/portraits/thumb/men/0.jpg'}, 'nat': 'BR'}], 'info': {'seed': '277f9b319833b51c', 'results': 1, 'page': 1, 'version': '1.4'}}</msg>
<arg>${json_data}</arg>
<doc>Logs the given message with the given level.</doc>
<status status="PASS" start="2024-04-18T20:14:43.821128" elapsed="0.000219"/>
</kw>
<kw name="Dictionary Should Contain Key" owner="Collections">
<msg time="2024-04-18T20:14:43.821804" level="INFO">False</msg>
<arg>${json_data}</arg>
<arg>results</arg>
<doc>Fails if ``key`` is not found from ``dictionary``.</doc>
<status status="PASS" start="2024-04-18T20:14:43.821653" elapsed="0.000187"/>
</kw>
<kw name="Should Not Be Empty" owner="BuiltIn">
<msg time="2024-04-18T20:14:43.822258" level="INFO">Length is 2.</msg>
<arg>${json_data}</arg>
<doc>Verifies that the given item is not empty.</doc>
<status status="PASS" start="2024-04-18T20:14:43.822129" elapsed="0.000167"/>
</kw>
<kw name="Create List" owner="BuiltIn">
<msg time="2024-04-18T20:14:43.822846" level="INFO">${expected_keys} = ['gender', 'name', 'location', 'email', 'login']</msg>
<var>${expected_keys}</var>
<arg>gender</arg>
<arg>name</arg>
<arg>location</arg>
<arg>email</arg>
<arg>login</arg>
<doc>Returns a list containing given items.</doc>
<status status="PASS" start="2024-04-18T20:14:43.822578" elapsed="0.000293"/>
</kw>
<for flavor="IN">
<iter>
<kw name="Dictionary Should Contain Key" owner="Collections">
<msg time="2024-04-18T20:14:43.823826" level="INFO">False</msg>
<arg>${json_data['results'][0]}</arg>
<arg>${key}</arg>
<doc>Fails if ``key`` is not found from ``dictionary``.</doc>
<status status="PASS" start="2024-04-18T20:14:43.823429" elapsed="0.000436"/>
</kw>
<kw name="Log" owner="BuiltIn">
<msg time="2024-04-18T20:14:43.824518" level="INFO">{'gender': 'male', 'name': {'title': 'Mr', 'first': 'Nelson', 'last': 'Teixeira'}, 'location': {'street': {'number': 4603, 'name': 'Rua Dezesseis de Maio'}, 'city': 'Umuarama', 'state': 'Santa Catarina', 'country': 'Brazil', 'postcode': 78767, 'coordinates': {'latitude': '-72.9132', 'longitude': '-112.6789'}, 'timezone': {'offset': '-4:00', 'description': 'Atlantic Time (Canada), Caracas, La Paz'}}, 'email': 'nelson.teixeira@example.com', 'login': {'uuid': 'bf474fdc-667e-43e3-89d6-fb606e1ef09a', 'username': 'smallgorilla983', 'password': 'mclaren', 'salt': 'AAD6p6lr', 'md5': '547a885a152e19d2bcd13cf37a18c3df', 'sha1': 'a1c92ebfe9f1f3d2d830fadbfa99da4cdd895187', 'sha256': 'e8b2bfa4ea7edcd50633d90c6b85896fdf0c7f2c8f1210a3a1d9452769425748'}, 'dob': {'date': '1985-04-29T18:23:50.185Z', 'age': 38}, 'registered': {'date': '2010-02-07T13:25:26.834Z', 'age': 14}, 'phone': '(48) 0890-5610', 'cell': '(31) 8964-3027', 'id': {'name': 'CPF', 'value': '401.978.869-44'}, 'picture': {'large': 'https://randomuser.me/api/portraits/men/0.jpg', 'medium': 'https://randomuser.me/api/portraits/med/men/0.jpg', 'thumbnail': 'https://randomuser.me/api/portraits/thumb/men/0.jpg'}, 'nat': 'BR'}</msg>
<arg>${json_data['results'][0]}</arg>
<doc>Logs the given message with the given level.</doc>
<status status="PASS" start="2024-04-18T20:14:43.824160" elapsed="0.000405"/>
</kw>
<kw name="Log" owner="BuiltIn">
<msg time="2024-04-18T20:14:43.824981" level="INFO">gender</msg>
<arg>${key}</arg>
<doc>Logs the given message with the given level.</doc>
<status status="PASS" start="2024-04-18T20:14:43.824856" elapsed="0.000162"/>
</kw>
<var name="${key}">gender</var>
<status status="PASS" start="2024-04-18T20:14:43.823306" elapsed="0.001942"/>
</iter>
<iter>
<kw name="Dictionary Should Contain Key" owner="Collections">
<msg time="2024-04-18T20:14:43.825932" level="INFO">False</msg>
<arg>${json_data['results'][0]}</arg>
<arg>${key}</arg>
<doc>Fails if ``key`` is not found from ``dictionary``.</doc>
<status status="PASS" start="2024-04-18T20:14:43.825548" elapsed="0.000451"/>
</kw>
<kw name="Log" owner="BuiltIn">
<msg time="2024-04-18T20:14:43.826649" level="INFO">{'gender': 'male', 'name': {'title': 'Mr', 'first': 'Nelson', 'last': 'Teixeira'}, 'location': {'street': {'number': 4603, 'name': 'Rua Dezesseis de Maio'}, 'city': 'Umuarama', 'state': 'Santa Catarina', 'country': 'Brazil', 'postcode': 78767, 'coordinates': {'latitude': '-72.9132', 'longitude': '-112.6789'}, 'timezone': {'offset': '-4:00', 'description': 'Atlantic Time (Canada), Caracas, La Paz'}}, 'email': 'nelson.teixeira@example.com', 'login': {'uuid': 'bf474fdc-667e-43e3-89d6-fb606e1ef09a', 'username': 'smallgorilla983', 'password': 'mclaren', 'salt': 'AAD6p6lr', 'md5': '547a885a152e19d2bcd13cf37a18c3df', 'sha1': 'a1c92ebfe9f1f3d2d830fadbfa99da4cdd895187', 'sha256': 'e8b2bfa4ea7edcd50633d90c6b85896fdf0c7f2c8f1210a3a1d9452769425748'}, 'dob': {'date': '1985-04-29T18:23:50.185Z', 'age': 38}, 'registered': {'date': '2010-02-07T13:25:26.834Z', 'age': 14}, 'phone': '(48) 0890-5610', 'cell': '(31) 8964-3027', 'id': {'name': 'CPF', 'value': '401.978.869-44'}, 'picture': {'large': 'https://randomuser.me/api/portraits/men/0.jpg', 'medium': 'https://randomuser.me/api/portraits/med/men/0.jpg', 'thumbnail': 'https://randomuser.me/api/portraits/thumb/men/0.jpg'}, 'nat': 'BR'}</msg>
<arg>${json_data['results'][0]}</arg>
<doc>Logs the given message with the given level.</doc>
<status status="PASS" start="2024-04-18T20:14:43.826295" elapsed="0.000401"/>
</kw>
<kw name="Log" owner="BuiltIn">
<msg time="2024-04-18T20:14:43.827110" level="INFO">name</msg>
<arg>${key}</arg>
<doc>Logs the given message with the given level.</doc>
<status status="PASS" start="2024-04-18T20:14:43.826987" elapsed="0.000160"/>
</kw>
<var name="${key}">name</var>
<status status="PASS" start="2024-04-18T20:14:43.825432" elapsed="0.001924"/>
</iter>
<iter>
<kw name="Dictionary Should Contain Key" owner="Collections">
<msg time="2024-04-18T20:14:43.828032" level="INFO">False</msg>
<arg>${json_data['results'][0]}</arg>
<arg>${key}</arg>
<doc>Fails if ``key`` is not found from ``dictionary``.</doc>
<status status="PASS" start="2024-04-18T20:14:43.827652" elapsed="0.000417"/>
</kw>
<kw name="Log" owner="BuiltIn">
<msg time="2024-04-18T20:14:43.828716" level="INFO">{'gender': 'male', 'name': {'title': 'Mr', 'first': 'Nelson', 'last': 'Teixeira'}, 'location': {'street': {'number': 4603, 'name': 'Rua Dezesseis de Maio'}, 'city': 'Umuarama', 'state': 'Santa Catarina', 'country': 'Brazil', 'postcode': 78767, 'coordinates': {'latitude': '-72.9132', 'longitude': '-112.6789'}, 'timezone': {'offset': '-4:00', 'description': 'Atlantic Time (Canada), Caracas, La Paz'}}, 'email': 'nelson.teixeira@example.com', 'login': {'uuid': 'bf474fdc-667e-43e3-89d6-fb606e1ef09a', 'username': 'smallgorilla983', 'password': 'mclaren', 'salt': 'AAD6p6lr', 'md5': '547a885a152e19d2bcd13cf37a18c3df', 'sha1': 'a1c92ebfe9f1f3d2d830fadbfa99da4cdd895187', 'sha256': 'e8b2bfa4ea7edcd50633d90c6b85896fdf0c7f2c8f1210a3a1d9452769425748'}, 'dob': {'date': '1985-04-29T18:23:50.185Z', 'age': 38}, 'registered': {'date': '2010-02-07T13:25:26.834Z', 'age': 14}, 'phone': '(48) 0890-5610', 'cell': '(31) 8964-3027', 'id': {'name': 'CPF', 'value': '401.978.869-44'}, 'picture': {'large': 'https://randomuser.me/api/portraits/men/0.jpg', 'medium': 'https://randomuser.me/api/portraits/med/men/0.jpg', 'thumbnail': 'https://randomuser.me/api/portraits/thumb/men/0.jpg'}, 'nat': 'BR'}</msg>
<arg>${json_data['results'][0]}</arg>
<doc>Logs the given message with the given level.</doc>
<status status="PASS" start="2024-04-18T20:14:43.828362" elapsed="0.000401"/>
</kw>
<kw name="Log" owner="BuiltIn">
<msg time="2024-04-18T20:14:43.829209" level="INFO">location</msg>
<arg>${key}</arg>
<doc>Logs the given message with the given level.</doc>
<status status="PASS" start="2024-04-18T20:14:43.829050" elapsed="0.000199"/>
</kw>
<var name="${key}">location</var>
<status status="PASS" start="2024-04-18T20:14:43.827530" elapsed="0.001935"/>
</iter>
<iter>
<kw name="Dictionary Should Contain Key" owner="Collections">
<msg time="2024-04-18T20:14:43.830141" level="INFO">False</msg>
<arg>${json_data['results'][0]}</arg>
<arg>${key}</arg>
<doc>Fails if ``key`` is not found from ``dictionary``.</doc>
<status status="PASS" start="2024-04-18T20:14:43.829748" elapsed="0.000430"/>
</kw>
<kw name="Log" owner="BuiltIn">
<msg time="2024-04-18T20:14:43.830823" level="INFO">{'gender': 'male', 'name': {'title': 'Mr', 'first': 'Nelson', 'last': 'Teixeira'}, 'location': {'street': {'number': 4603, 'name': 'Rua Dezesseis de Maio'}, 'city': 'Umuarama', 'state': 'Santa Catarina', 'country': 'Brazil', 'postcode': 78767, 'coordinates': {'latitude': '-72.9132', 'longitude': '-112.6789'}, 'timezone': {'offset': '-4:00', 'description': 'Atlantic Time (Canada), Caracas, La Paz'}}, 'email': 'nelson.teixeira@example.com', 'login': {'uuid': 'bf474fdc-667e-43e3-89d6-fb606e1ef09a', 'username': 'smallgorilla983', 'password': 'mclaren', 'salt': 'AAD6p6lr', 'md5': '547a885a152e19d2bcd13cf37a18c3df', 'sha1': 'a1c92ebfe9f1f3d2d830fadbfa99da4cdd895187', 'sha256': 'e8b2bfa4ea7edcd50633d90c6b85896fdf0c7f2c8f1210a3a1d9452769425748'}, 'dob': {'date': '1985-04-29T18:23:50.185Z', 'age': 38}, 'registered': {'date': '2010-02-07T13:25:26.834Z', 'age': 14}, 'phone': '(48) 0890-5610', 'cell': '(31) 8964-3027', 'id': {'name': 'CPF', 'value': '401.978.869-44'}, 'picture': {'large': 'https://randomuser.me/api/portraits/men/0.jpg', 'medium': 'https://randomuser.me/api/portraits/med/men/0.jpg', 'thumbnail': 'https://randomuser.me/api/portraits/thumb/men/0.jpg'}, 'nat': 'BR'}</msg>
<arg>${json_data['results'][0]}</arg>
<doc>Logs the given message with the given level.</doc>
<status status="PASS" start="2024-04-18T20:14:43.830468" elapsed="0.000404"/>
</kw>
<kw name="Log" owner="BuiltIn">
<msg time="2024-04-18T20:14:43.831287" level="INFO">email</msg>
<arg>${key}</arg>
<doc>Logs the given message with the given level.</doc>
<status status="PASS" start="2024-04-18T20:14:43.831162" elapsed="0.000162"/>
</kw>
<var name="${key}">email</var>
<status status="PASS" start="2024-04-18T20:14:43.829637" elapsed="0.001899"/>
</iter>
<iter>
<kw name="Dictionary Should Contain Key" owner="Collections">
<msg time="2024-04-18T20:14:43.832200" level="INFO">False</msg>
<arg>${json_data['results'][0]}</arg>
<arg>${key}</arg>
<doc>Fails if ``key`` is not found from ``dictionary``.</doc>
<status status="PASS" start="2024-04-18T20:14:43.831818" elapsed="0.000420"/>
</kw>
<kw name="Log" owner="BuiltIn">
<msg time="2024-04-18T20:14:43.832878" level="INFO">{'gender': 'male', 'name': {'title': 'Mr', 'first': 'Nelson', 'last': 'Teixeira'}, 'location': {'street': {'number': 4603, 'name': 'Rua Dezesseis de Maio'}, 'city': 'Umuarama', 'state': 'Santa Catarina', 'country': 'Brazil', 'postcode': 78767, 'coordinates': {'latitude': '-72.9132', 'longitude': '-112.6789'}, 'timezone': {'offset': '-4:00', 'description': 'Atlantic Time (Canada), Caracas, La Paz'}}, 'email': 'nelson.teixeira@example.com', 'login': {'uuid': 'bf474fdc-667e-43e3-89d6-fb606e1ef09a', 'username': 'smallgorilla983', 'password': 'mclaren', 'salt': 'AAD6p6lr', 'md5': '547a885a152e19d2bcd13cf37a18c3df', 'sha1': 'a1c92ebfe9f1f3d2d830fadbfa99da4cdd895187', 'sha256': 'e8b2bfa4ea7edcd50633d90c6b85896fdf0c7f2c8f1210a3a1d9452769425748'}, 'dob': {'date': '1985-04-29T18:23:50.185Z', 'age': 38}, 'registered': {'date': '2010-02-07T13:25:26.834Z', 'age': 14}, 'phone': '(48) 0890-5610', 'cell': '(31) 8964-3027', 'id': {'name': 'CPF', 'value': '401.978.869-44'}, 'picture': {'large': 'https://randomuser.me/api/portraits/men/0.jpg', 'medium': 'https://randomuser.me/api/portraits/med/men/0.jpg', 'thumbnail': 'https://randomuser.me/api/portraits/thumb/men/0.jpg'}, 'nat': 'BR'}</msg>
<arg>${json_data['results'][0]}</arg>
<doc>Logs the given message with the given level.</doc>
<status status="PASS" start="2024-04-18T20:14:43.832524" elapsed="0.000400"/>
</kw>
<kw name="Log" owner="BuiltIn">
<msg time="2024-04-18T20:14:43.833357" level="INFO">login</msg>
<arg>${key}</arg>
<doc>Logs the given message with the given level.</doc>
<status status="PASS" start="2024-04-18T20:14:43.833233" elapsed="0.000192"/>
</kw>
<var name="${key}">login</var>
<status status="PASS" start="2024-04-18T20:14:43.831707" elapsed="0.001934"/>
</iter>
<var>${key}</var>
<value>@{expected_keys}</value>
<status status="PASS" start="2024-04-18T20:14:43.823126" elapsed="0.010634"/>
</for>
<kw name="Create List" owner="BuiltIn">
<msg time="2024-04-18T20:14:43.834082" level="INFO">${expected_keysTwo} = ['username', 'password']</msg>
<var>${expected_keysTwo}</var>
<arg>username</arg>
<arg>password</arg>
<doc>Returns a list containing given items.</doc>
<status status="PASS" start="2024-04-18T20:14:43.833948" elapsed="0.000158"/>
</kw>
<for flavor="IN">
<iter>
<kw name="Dictionary Should Contain Key" owner="Collections">
<msg time="2024-04-18T20:14:43.834983" level="INFO">False</msg>
<arg>${json_data['results'][0]['login']}</arg>
<arg>${keyTwo}</arg>
<doc>Fails if ``key`` is not found from ``dictionary``.</doc>
<status status="PASS" start="2024-04-18T20:14:43.834599" elapsed="0.000420"/>
</kw>
<kw name="Dictionary Should Contain Key" owner="Collections">
<msg time="2024-04-18T20:14:43.835683" level="INFO">False</msg>
<arg>${json_data['results'][0]['login']}</arg>
<arg>${keyTwo}</arg>
<doc>Fails if ``key`` is not found from ``dictionary``.</doc>
<status status="PASS" start="2024-04-18T20:14:43.835309" elapsed="0.000411"/>
</kw>
<kw name="Log" owner="BuiltIn">
<msg time="2024-04-18T20:14:43.836129" level="INFO">username</msg>
<arg>${keyTwo}</arg>
<doc>Logs the given message with the given level.</doc>
<status status="PASS" start="2024-04-18T20:14:43.836004" elapsed="0.000170"/>
</kw>
<var name="${keyTwo}">username</var>
<status status="PASS" start="2024-04-18T20:14:43.834489" elapsed="0.001893"/>
</iter>
<iter>
<kw name="Dictionary Should Contain Key" owner="Collections">
<msg time="2024-04-18T20:14:43.837042" level="INFO">False</msg>
<arg>${json_data['results'][0]['login']}</arg>
<arg>${keyTwo}</arg>
<doc>Fails if ``key`` is not found from ``dictionary``.</doc>
<status status="PASS" start="2024-04-18T20:14:43.836661" elapsed="0.000423"/>
</kw>
<kw name="Dictionary Should Contain Key" owner="Collections">
<msg time="2024-04-18T20:14:43.837877" level="INFO">False</msg>
<arg>${json_data['results'][0]['login']}</arg>
<arg>${keyTwo}</arg>
<doc>Fails if ``key`` is not found from ``dictionary``.</doc>
<status status="PASS" start="2024-04-18T20:14:43.837413" elapsed="0.000502"/>
</kw>
<kw name="Log" owner="BuiltIn">
<msg time="2024-04-18T20:14:43.838333" level="INFO">password</msg>
<arg>${keyTwo}</arg>
<doc>Logs the given message with the given level.</doc>
<status status="PASS" start="2024-04-18T20:14:43.838209" elapsed="0.000161"/>
</kw>
<var name="${keyTwo}">password</var>
<status status="PASS" start="2024-04-18T20:14:43.836553" elapsed="0.002026"/>
</iter>
<var>${keyTwo}</var>
<value>@{expected_keysTwo}</value>
<status status="PASS" start="2024-04-18T20:14:43.834338" elapsed="0.004375"/>
</for>
<status status="PASS" start="2024-04-18T20:14:43.777209" elapsed="0.061640"/>
</kw>
<doc>Testa a estrutura da resposta da API.</doc>
<tag>testeEstruturaResposta</tag>
<status status="PASS" start="2024-04-18T20:14:43.776716" elapsed="0.062277"/>
</test>
<test id="s1-s1-t4" name="Validar tipos de dados" line="28">
<kw name="Teste de Tipos de Dados" owner="random-user-service">
<kw name="GET On Session" owner="RequestsLibrary">
<msg time="2024-04-18T20:14:43.922820" level="INFO">GET Request : url=https://randomuser.me/api 
 path_url=/api 
 headers={'User-Agent': 'python-requests/2.31.0', 'Accept-Encoding': 'gzip, deflate', 'Accept': '*/*', 'Connection': 'keep-alive'} 
 body=None 
 </msg>
<msg time="2024-04-18T20:14:43.922882" level="INFO">GET Response : url=https://randomuser.me/api 
 status=200, reason=OK 
 headers={'Date': 'Thu, 18 Apr 2024 20:14:43 GMT', 'Content-Type': 'application/json; charset=utf-8', 'Transfer-Encoding': 'chunked', 'Connection': 'keep-alive', 'X-Powered-By': 'Express', 'Access-Control-Allow-Origin': '*', 'Cache-Control': 'no-cache', 'ETag': 'W/"475-YmBi8NngAJdt4eszPAmfMQECK94"', 'Vary': 'Accept-Encoding', 'Content-Encoding': 'gzip', 'CF-Cache-Status': 'DYNAMIC', 'Report-To': '{"endpoints":[{"url":"https:\\/\\/a.nel.cloudflare.com\\/report\\/v4?s=3Wo8cR8Tk6R2pB0Ht2SuCLH484rUssxNfpfdG69Q9z1M0ataTKnk9qbasLXRMhiqdphQSJ57HOFnvJxRarXRmJRT85o3sFpb5n4utYVPanAgOKcfDpaf6iAixGZB8bpw"}],"group":"cf-nel","max_age":604800}', 'NEL': '{"success_fraction":0,"report_to":"cf-nel","max_age":604800}', 'Server': 'cloudflare', 'CF-RAY': '876752a40c23241f-IAD', 'alt-svc': 'h3=":443"; ma=86400'} 
 body={"results":[{"gender":"male","name":{"title":"Mr","first":"Vitomir","last":"Malovaniy"},"location":{"street":{"number":2314,"name":"2-ga liniya"},"city":"Hotin","state":"Odeska","country":"Ukraine","postcode":34567,"coordinates":{"latitude":"75.1491","longitude":"-92.0008"},"timezone":{"offset":"-12:00","description":"Eniwetok, Kwajalein"}},"email":"vitomir.malovaniy@example.com","login":{"uuid":"28038e94-7366-46d3-856b-44dccc662fe2","username":"greenpanda331","password":"floppy","salt":"CpAzy2np","md5":"e0238d9fe33547e8641c12cc26b368a7","sha1":"68339dabf0d56f471bad3d9f22f94184ce9d56b0","sha256":"fe065660f82069fde32f9291ec96a8ccd54fc04d2112bc2b55ce1137d6083aef"},"dob":{"date":"1962-01-07T02:57:31.580Z","age":62},"registered":{"date":"2019-08-28T22:21:23.366Z","age":4},"phone":"(098) U33-1991","cell":"(096) Z10-9086","id":{"name":"","value":null},"picture":{"large":"https://randomuser.me/api/portraits/men/79.jpg","medium":"https://randomuser.me/api/portraits/med/men/79.jpg","thumbnail":"https://randomuser.me/api/portraits/thumb/men/79.jpg"},"nat":"UA"}],"info":{"seed":"37d89c2b3baa4a0c","results":1,"page":1,"version":"1.4"}} 
 </msg>
<msg time="2024-04-18T20:14:43.922936" level="INFO">/opt/hostedtoolcache/Python/3.12.3/x64/lib/python3.12/site-packages/urllib3/connectionpool.py:1103: InsecureRequestWarning: Unverified HTTPS request is being made to host 'randomuser.me'. Adding certificate verification is strongly advised. See: https://urllib3.readthedocs.io/en/latest/advanced-usage.html#tls-warnings
  warnings.warn(</msg>
<msg time="2024-04-18T20:14:43.923034" level="INFO">${response} = &lt;Response [200]&gt;</msg>
<var>${response}</var>
<arg>consultarAPI</arg>
<arg>/api</arg>
<doc>Sends a GET request on a previously created HTTP Session.</doc>
<status status="PASS" start="2024-04-18T20:14:43.841391" elapsed="0.081681"/>
</kw>
<kw name="Set Variable" owner="BuiltIn">
<msg time="2024-04-18T20:14:43.924057" level="INFO">${json_data} = {'results': [{'gender': 'male', 'name': {'title': 'Mr', 'first': 'Vitomir', 'last': 'Malovaniy'}, 'location': {'street': {'number': 2314, 'name': '2-ga liniya'}, 'city': 'Hotin', 'state': 'Odeska', 'c...</msg>
<var>${json_data}</var>
<arg>${response.json()}</arg>
<doc>Returns the given values which can then be assigned to a variables.</doc>
<status status="PASS" start="2024-04-18T20:14:43.923501" elapsed="0.000585"/>
</kw>
<kw name="Log" owner="BuiltIn">
<msg time="2024-04-18T20:14:43.924538" level="INFO">{'results': [{'gender': 'male', 'name': {'title': 'Mr', 'first': 'Vitomir', 'last': 'Malovaniy'}, 'location': {'street': {'number': 2314, 'name': '2-ga liniya'}, 'city': 'Hotin', 'state': 'Odeska', 'country': 'Ukraine', 'postcode': 34567, 'coordinates': {'latitude': '75.1491', 'longitude': '-92.0008'}, 'timezone': {'offset': '-12:00', 'description': 'Eniwetok, Kwajalein'}}, 'email': 'vitomir.malovaniy@example.com', 'login': {'uuid': '28038e94-7366-46d3-856b-44dccc662fe2', 'username': 'greenpanda331', 'password': 'floppy', 'salt': 'CpAzy2np', 'md5': 'e0238d9fe33547e8641c12cc26b368a7', 'sha1': '68339dabf0d56f471bad3d9f22f94184ce9d56b0', 'sha256': 'fe065660f82069fde32f9291ec96a8ccd54fc04d2112bc2b55ce1137d6083aef'}, 'dob': {'date': '1962-01-07T02:57:31.580Z', 'age': 62}, 'registered': {'date': '2019-08-28T22:21:23.366Z', 'age': 4}, 'phone': '(098) U33-1991', 'cell': '(096) Z10-9086', 'id': {'name': '', 'value': None}, 'picture': {'large': 'https://randomuser.me/api/portraits/men/79.jpg', 'medium': 'https://randomuser.me/api/portraits/med/men/79.jpg', 'thumbnail': 'https://randomuser.me/api/portraits/thumb/men/79.jpg'}, 'nat': 'UA'}], 'info': {'seed': '37d89c2b3baa4a0c', 'results': 1, 'page': 1, 'version': '1.4'}}</msg>
<arg>${json_data}</arg>
<doc>Logs the given message with the given level.</doc>
<status status="PASS" start="2024-04-18T20:14:43.924388" elapsed="0.000251"/>
</kw>
<kw name="Should Be String" owner="String">
<arg>${json_data['results'][0]['gender']}</arg>
<doc>Fails if the given ``item`` is not a string.</doc>
<status status="PASS" start="2024-04-18T20:14:43.925087" elapsed="0.000416"/>
</kw>
<kw name="Should Match Regexp" owner="BuiltIn">
<arg>${json_data['results'][0]['email']}</arg>
<arg>^[a-zA-Z0-9._%+-]+@[a-zA-Z0-9.-]+\.[a-zA-Z]{2,}$</arg>
<doc>Fails if ``string`` does not match ``pattern`` as a regular expression.</doc>
<status status="PASS" start="2024-04-18T20:14:43.925697" elapsed="0.000510"/>
</kw>
<kw name="Should Match Regexp" owner="BuiltIn">
<arg>${json_data['results'][0]['dob']['date']}</arg>
<arg>\\d{4}-\\d{2}-\\d{2}T\\d{2}:\\d{2}:\\d{2}\\.\\d{3}Z</arg>
<doc>Fails if ``string`` does not match ``pattern`` as a regular expression.</doc>
<status status="PASS" start="2024-04-18T20:14:43.926402" elapsed="0.000486"/>
</kw>
<kw name="Should Match Regexp" owner="BuiltIn">
<arg>${json_data['results'][0]['registered']['date']}</arg>
<arg>\\d{4}-\\d{2}-\\d{2}T\\d{2}:\\d{2}:\\d{2}\\.\\d{3}Z</arg>
<doc>Fails if ``string`` does not match ``pattern`` as a regular expression.</doc>
<status status="PASS" start="2024-04-18T20:14:43.927078" elapsed="0.000371"/>
</kw>
<kw name="Should Match Regexp" owner="BuiltIn">
<arg>${json_data['results'][0]['picture']['large']}</arg>
<arg>^https?://.*\.(?:png|jpe?g|gif|bmp)$</arg>
<doc>Fails if ``string`` does not match ``pattern`` as a regular expression.</doc>
<status status="PASS" start="2024-04-18T20:14:43.927633" elapsed="0.000455"/>
</kw>
<kw name="Should Match Regexp" owner="BuiltIn">
<arg>${json_data['results'][0]['picture']['medium']}</arg>
<arg>^https?://.*\.(?:png|jpe?g|gif|bmp)$</arg>
<doc>Fails if ``string`` does not match ``pattern`` as a regular expression.</doc>
<status status="PASS" start="2024-04-18T20:14:43.928276" elapsed="0.000361"/>
</kw>
<kw name="Should Match Regexp" owner="BuiltIn">
<arg>${json_data['results'][0]['picture']['thumbnail']}</arg>
<arg>^https?://.*\.(?:png|jpe?g|gif|bmp)$</arg>
<doc>Fails if ``string`` does not match ``pattern`` as a regular expression.</doc>
<status status="PASS" start="2024-04-18T20:14:43.928825" elapsed="0.000385"/>
</kw>
<kw name="Log" owner="BuiltIn">
<msg time="2024-04-18T20:14:43.929726" level="INFO">{'large': 'https://randomuser.me/api/portraits/men/79.jpg', 'medium': 'https://randomuser.me/api/portraits/med/men/79.jpg', 'thumbnail': 'https://randomuser.me/api/portraits/thumb/men/79.jpg'}</msg>
<arg>${json_data['results'][0]['picture']}</arg>
<doc>Logs the given message with the given level.</doc>
<status status="PASS" start="2024-04-18T20:14:43.929396" elapsed="0.000372"/>
</kw>
<status status="PASS" start="2024-04-18T20:14:43.841168" elapsed="0.088851"/>
</kw>
<kw name="Teste de Tipos de Dados - Postcode" owner="random-user-service">
<kw name="GET On Session" owner="RequestsLibrary">
<msg time="2024-04-18T20:14:44.021066" level="INFO">GET Request : url=https://randomuser.me/api 
 path_url=/api 
 headers={'User-Agent': 'python-requests/2.31.0', 'Accept-Encoding': 'gzip, deflate', 'Accept': '*/*', 'Connection': 'keep-alive'} 
 body=None 
 </msg>
<msg time="2024-04-18T20:14:44.021179" level="INFO">GET Response : url=https://randomuser.me/api 
 status=200, reason=OK 
 headers={'Date': 'Thu, 18 Apr 2024 20:14:44 GMT', 'Content-Type': 'application/json; charset=utf-8', 'Transfer-Encoding': 'chunked', 'Connection': 'keep-alive', 'X-Powered-By': 'Express', 'Access-Control-Allow-Origin': '*', 'Cache-Control': 'no-cache', 'ETag': 'W/"4ac-mx2vXItbVniHuQ82FPzpplW6oCs"', 'Vary': 'Accept-Encoding', 'Content-Encoding': 'gzip', 'CF-Cache-Status': 'DYNAMIC', 'Report-To': '{"endpoints":[{"url":"https:\\/\\/a.nel.cloudflare.com\\/report\\/v4?s=dvALUhC5vXdqsT4ymrVS5bqT1eLuRqOt%2FX0ichEcDn05Rlk2NKllbI1A2gI7qXtVcj2J%2BmoW%2FeuM%2Fn%2FHJs2F4KtfFiWLUoFCueixGEChwa%2BhRzppIT34RJvglgyg9dr1"}],"group":"cf-nel","max_age":604800}', 'NEL': '{"success_fraction":0,"report_to":"cf-nel","max_age":604800}', 'Server': 'cloudflare', 'CF-RAY': '876752a49cb0241f-IAD', 'alt-svc': 'h3=":443"; ma=86400'} 
 body={"results":[{"gender":"female","name":{"title":"Ms","first":"Silvana","last":"Rücker"},"location":{"street":{"number":7518,"name":"Lindenstraße"},"city":"Isselburg","state":"Niedersachsen","country":"Germany","postcode":69335,"coordinates":{"latitude":"-55.2435","longitude":"74.5984"},"timezone":{"offset":"0:00","description":"Western Europe Time, London, Lisbon, Casablanca"}},"email":"silvana.rucker@example.com","login":{"uuid":"dbc7c968-abbf-4e8a-b920-87845e0ed6bf","username":"angrylion504","password":"becker","salt":"TT94HPpL","md5":"cbad5485c606c1a934c29f458be98bf0","sha1":"543689a98fed6a37106ae33ab5e8aae43ec74c64","sha256":"2409979aa2fb515fa007a6cf67972b8c2f69105fbc107b4938765b21f0a7b5eb"},"dob":{"date":"1974-06-11T13:01:41.628Z","age":49},"registered":{"date":"2007-11-30T18:49:58.021Z","age":16},"phone":"0909-8379399","cell":"0171-9210113","id":{"name":"SVNR","value":"76 110674 R 526"},"picture":{"large":"https://randomuser.me/api/portraits/women/33.jpg","medium":"https://randomuser.me/api/portraits/med/women/33.jpg","thumbnail":"https://randomuser.me/api/portraits/thumb/women/33.jpg"},"nat":"DE"}],"info":{"seed":"c65688885c827171","results":1,"page":1,"version":"1.4"}} 
 </msg>
<msg time="2024-04-18T20:14:44.021264" level="INFO">/opt/hostedtoolcache/Python/3.12.3/x64/lib/python3.12/site-packages/urllib3/connectionpool.py:1103: InsecureRequestWarning: Unverified HTTPS request is being made to host 'randomuser.me'. Adding certificate verification is strongly advised. See: https://urllib3.readthedocs.io/en/latest/advanced-usage.html#tls-warnings
  warnings.warn(</msg>
<msg time="2024-04-18T20:14:44.021375" level="INFO">${response} = &lt;Response [200]&gt;</msg>
<var>${response}</var>
<arg>consultarAPI</arg>
<arg>/api</arg>
<doc>Sends a GET request on a previously created HTTP Session.</doc>
<status status="PASS" start="2024-04-18T20:14:43.930456" elapsed="0.090975"/>
</kw>
<kw name="Set Variable" owner="BuiltIn">
<msg time="2024-04-18T20:14:44.022510" level="INFO">${json_data} = {'results': [{'gender': 'female', 'name': {'title': 'Ms', 'first': 'Silvana', 'last': 'Rücker'}, 'location': {'street': {'number': 7518, 'name': 'Lindenstraße'}, 'city': 'Isselburg', 'state': 'Nieders...</msg>
<var>${json_data}</var>
<arg>${response.json()}</arg>
<doc>Returns the given values which can then be assigned to a variables.</doc>
<status status="PASS" start="2024-04-18T20:14:44.021946" elapsed="0.000593"/>
</kw>
<kw name="Log" owner="BuiltIn">
<msg time="2024-04-18T20:14:44.023002" level="INFO">{'results': [{'gender': 'female', 'name': {'title': 'Ms', 'first': 'Silvana', 'last': 'Rücker'}, 'location': {'street': {'number': 7518, 'name': 'Lindenstraße'}, 'city': 'Isselburg', 'state': 'Niedersachsen', 'country': 'Germany', 'postcode': 69335, 'coordinates': {'latitude': '-55.2435', 'longitude': '74.5984'}, 'timezone': {'offset': '0:00', 'description': 'Western Europe Time, London, Lisbon, Casablanca'}}, 'email': 'silvana.rucker@example.com', 'login': {'uuid': 'dbc7c968-abbf-4e8a-b920-87845e0ed6bf', 'username': 'angrylion504', 'password': 'becker', 'salt': 'TT94HPpL', 'md5': 'cbad5485c606c1a934c29f458be98bf0', 'sha1': '543689a98fed6a37106ae33ab5e8aae43ec74c64', 'sha256': '2409979aa2fb515fa007a6cf67972b8c2f69105fbc107b4938765b21f0a7b5eb'}, 'dob': {'date': '1974-06-11T13:01:41.628Z', 'age': 49}, 'registered': {'date': '2007-11-30T18:49:58.021Z', 'age': 16}, 'phone': '0909-8379399', 'cell': '0171-9210113', 'id': {'name': 'SVNR', 'value': '76 110674 R 526'}, 'picture': {'large': 'https://randomuser.me/api/portraits/women/33.jpg', 'medium': 'https://randomuser.me/api/portraits/med/women/33.jpg', 'thumbnail': 'https://randomuser.me/api/portraits/thumb/women/33.jpg'}, 'nat': 'DE'}], 'info': {'seed': 'c65688885c827171', 'results': 1, 'page': 1, 'version': '1.4'}}</msg>
<arg>${json_data}</arg>
<doc>Logs the given message with the given level.</doc>
<status status="PASS" start="2024-04-18T20:14:44.022848" elapsed="0.000232"/>
</kw>
<kw name="Should Be Equal As Numbers" owner="BuiltIn">
<arg>${json_data['results'][0]['location']['postcode']}</arg>
<arg>${json_data['results'][0]['location']['postcode']}</arg>
<doc>Fails if objects are unequal after converting them to real numbers.</doc>
<status status="PASS" start="2024-04-18T20:14:44.023379" elapsed="0.000746"/>
</kw>
<kw name="Log" owner="BuiltIn">
<msg time="2024-04-18T20:14:44.024659" level="INFO">69335</msg>
<arg>${json_data['results'][0]['location']['postcode']}</arg>
<doc>Logs the given message with the given level.</doc>
<status status="PASS" start="2024-04-18T20:14:44.024320" elapsed="0.000380"/>
</kw>
<status status="PASS" start="2024-04-18T20:14:43.930230" elapsed="0.094722"/>
</kw>
<doc>Testa se os tipos de dados na resposta da API estão corretos.</doc>
<tag>testeTiposDados</tag>
<status status="PASS" start="2024-04-18T20:14:43.840736" elapsed="0.184400"/>
</test>
<test id="s1-s1-t5" name="Validar conteudo" line="35">
<kw name="Teste de Tipos de Conteudo" owner="random-user-service">
<kw name="GET On Session" owner="RequestsLibrary">
<msg time="2024-04-18T20:14:44.126863" level="INFO">GET Request : url=https://randomuser.me/api 
 path_url=/api 
 headers={'User-Agent': 'python-requests/2.31.0', 'Accept-Encoding': 'gzip, deflate', 'Accept': '*/*', 'Connection': 'keep-alive'} 
 body=None 
 </msg>
<msg time="2024-04-18T20:14:44.126926" level="INFO">GET Response : url=https://randomuser.me/api 
 status=200, reason=OK 
 headers={'Date': 'Thu, 18 Apr 2024 20:14:44 GMT', 'Content-Type': 'application/json; charset=utf-8', 'Transfer-Encoding': 'chunked', 'Connection': 'keep-alive', 'X-Powered-By': 'Express', 'Access-Control-Allow-Origin': '*', 'Cache-Control': 'no-cache', 'ETag': 'W/"470-+rgQmEZPh8BucmfFg03pcrsnK7k"', 'Vary': 'Accept-Encoding', 'Content-Encoding': 'gzip', 'CF-Cache-Status': 'DYNAMIC', 'Report-To': '{"endpoints":[{"url":"https:\\/\\/a.nel.cloudflare.com\\/report\\/v4?s=%2FrL2YedHKFCl1hp3PPN1H7uFeqmU2tscd8QG8BX8krW7cxXQn9YbjVZTvd6u%2Fu2vbtczsKRuYhvyX%2B2GcvCO0uP6PzU3cT%2FaYVI5LuQk%2FvDkpa2vT57yON4HQid4xq72"}],"group":"cf-nel","max_age":604800}', 'NEL': '{"success_fraction":0,"report_to":"cf-nel","max_age":604800}', 'Server': 'cloudflare', 'CF-RAY': '876752a53d39241f-IAD', 'alt-svc': 'h3=":443"; ma=86400'} 
 body={"results":[{"gender":"female","name":{"title":"Ms","first":"Tejaswi","last":"Dalvi"},"location":{"street":{"number":7364,"name":"Bhavani Peth"},"city":"Durgapur","state":"Tripura","country":"India","postcode":70363,"coordinates":{"latitude":"11.0700","longitude":"3.3397"},"timezone":{"offset":"-9:00","description":"Alaska"}},"email":"tejaswi.dalvi@example.com","login":{"uuid":"e3b1b14e-ad31-49a8-b427-6d6a6c8e2065","username":"lazygorilla861","password":"bosco1","salt":"2mhIMGms","md5":"e336184f9cc85ba0ec32e9de0376892f","sha1":"c5dacd88e83444885ea4c9f9acdf27cc4297253f","sha256":"e7210c4779ae45617419643e4642c4ee1c8447e5ccf32cdcbe629e6ce72edb7a"},"dob":{"date":"1966-07-23T13:37:42.751Z","age":57},"registered":{"date":"2015-04-26T17:54:09.154Z","age":8},"phone":"9581033371","cell":"9228493071","id":{"name":"UIDAI","value":"746500224826"},"picture":{"large":"https://randomuser.me/api/portraits/women/40.jpg","medium":"https://randomuser.me/api/portraits/med/women/40.jpg","thumbnail":"https://randomuser.me/api/portraits/thumb/women/40.jpg"},"nat":"IN"}],"info":{"seed":"a1a12ce30505de23","results":1,"page":1,"version":"1.4"}} 
 </msg>
<msg time="2024-04-18T20:14:44.126979" level="INFO">/opt/hostedtoolcache/Python/3.12.3/x64/lib/python3.12/site-packages/urllib3/connectionpool.py:1103: InsecureRequestWarning: Unverified HTTPS request is being made to host 'randomuser.me'. Adding certificate verification is strongly advised. See: https://urllib3.readthedocs.io/en/latest/advanced-usage.html#tls-warnings
  warnings.warn(</msg>
<msg time="2024-04-18T20:14:44.127082" level="INFO">${response} = &lt;Response [200]&gt;</msg>
<var>${response}</var>
<arg>consultarAPI</arg>
<arg>/api</arg>
<doc>Sends a GET request on a previously created HTTP Session.</doc>
<status status="PASS" start="2024-04-18T20:14:44.027596" elapsed="0.099528"/>
</kw>
<kw name="Set Variable" owner="BuiltIn">
<msg time="2024-04-18T20:14:44.127957" level="INFO">${json_data} = {'results': [{'gender': 'female', 'name': {'title': 'Ms', 'first': 'Tejaswi', 'last': 'Dalvi'}, 'location': {'street': {'number': 7364, 'name': 'Bhavani Peth'}, 'city': 'Durgapur', 'state': 'Tripura',...</msg>
<var>${json_data}</var>
<arg>${response.json()}</arg>
<doc>Returns the given values which can then be assigned to a variables.</doc>
<status status="PASS" start="2024-04-18T20:14:44.127529" elapsed="0.000456"/>
</kw>
<kw name="Set Variable" owner="BuiltIn">
<msg time="2024-04-18T20:14:44.128662" level="INFO">${name_title} = Ms</msg>
<var>${name_title}</var>
<arg>${json_data["results"][0]["name"]["title"]}</arg>
<doc>Returns the given values which can then be assigned to a variables.</doc>
<status status="PASS" start="2024-04-18T20:14:44.128285" elapsed="0.000402"/>
</kw>
<kw name="Create List" owner="BuiltIn">
<msg time="2024-04-18T20:14:44.129158" level="INFO">${allowed_titles} = ['Mr', 'Ms', 'Miss', 'Mrs', 'Madame', 'Monsieur']</msg>
<var>${allowed_titles}</var>
<arg>Mr</arg>
<arg>Ms</arg>
<arg>Miss</arg>
<arg>Mrs</arg>
<arg>Madame</arg>
<arg>Monsieur</arg>
<doc>Returns a list containing given items.</doc>
<status status="PASS" start="2024-04-18T20:14:44.128977" elapsed="0.000210"/>
</kw>
<kw name="List Should Contain Value" owner="Collections">
<msg time="2024-04-18T20:14:44.129656" level="INFO">False</msg>
<arg>${allowed_titles}</arg>
<arg>${name_title}</arg>
<doc>Fails if the ``value`` is not found from ``list``.</doc>
<status status="PASS" start="2024-04-18T20:14:44.129489" elapsed="0.000202"/>
</kw>
<kw name="Set Variable" owner="BuiltIn">
<msg time="2024-04-18T20:14:44.130350" level="INFO">${name_country} = IN</msg>
<var>${name_country}</var>
<arg>${json_data["results"][0]["nat"]}</arg>
<doc>Returns the given values which can then be assigned to a variables.</doc>
<status status="PASS" start="2024-04-18T20:14:44.129974" elapsed="0.000401"/>
</kw>
<kw name="Create List" owner="BuiltIn">
<msg time="2024-04-18T20:14:44.131257" level="INFO">${list_country} = ['AD', 'AE', 'AF', 'AG', 'AI', 'AL', 'AM', 'AO', 'AQ', 'AR', 'AS', 'AT', 'AU', 'AW', 'AX', 'AZ', 'BA', 'BB', 'BD', 'BE', 'BF', 'BG', 'BH', 'BI', 'BJ', 'BL', 'BM', 'BN', 'BO', 'BQ', 'BR', 'BS', 'BT', '...</msg>
<var>${list_country}</var>
<arg>AD</arg>
<arg>AE</arg>
<arg>AF</arg>
<arg>AG</arg>
<arg>AI</arg>
<arg>AL</arg>
<arg>AM</arg>
<arg>AO</arg>
<arg>AQ</arg>
<arg>AR</arg>
<arg>AS</arg>
<arg>AT</arg>
<arg>AU</arg>
<arg>AW</arg>
<arg>AX</arg>
<arg>AZ</arg>
<arg>BA</arg>
<arg>BB</arg>
<arg>BD</arg>
<arg>BE</arg>
<arg>BF</arg>
<arg>BG</arg>
<arg>BH</arg>
<arg>BI</arg>
<arg>BJ</arg>
<arg>BL</arg>
<arg>BM</arg>
<arg>BN</arg>
<arg>BO</arg>
<arg>BQ</arg>
<arg>BR</arg>
<arg>BS</arg>
<arg>BT</arg>
<arg>BV</arg>
<arg>BW</arg>
<arg>BY</arg>
<arg>BZ</arg>
<arg>CA</arg>
<arg>CC</arg>
<arg>CD</arg>
<arg>CF</arg>
<arg>CG</arg>
<arg>CH</arg>
<arg>CI</arg>
<arg>CK</arg>
<arg>CL</arg>
<arg>CM</arg>
<arg>CN</arg>
<arg>CO</arg>
<arg>CR</arg>
<arg>CU</arg>
<arg>CV</arg>
<arg>CW</arg>
<arg>CX</arg>
<arg>CY</arg>
<arg>CZ</arg>
<arg>DE</arg>
<arg>DJ</arg>
<arg>DK</arg>
<arg>DM</arg>
<arg>DO</arg>
<arg>DZ</arg>
<arg>EC</arg>
<arg>EE</arg>
<arg>EG</arg>
<arg>EH</arg>
<arg>ER</arg>
<arg>ES</arg>
<arg>ET</arg>
<arg>FI</arg>
<arg>FJ</arg>
<arg>FK</arg>
<arg>FM</arg>
<arg>FO</arg>
<arg>FR</arg>
<arg>GA</arg>
<arg>GB</arg>
<arg>GD</arg>
<arg>GE</arg>
<arg>GF</arg>
<arg>GG</arg>
<arg>GH</arg>
<arg>GI</arg>
<arg>GL</arg>
<arg>GM</arg>
<arg>GN</arg>
<arg>GP</arg>
<arg>GQ</arg>
<arg>GR</arg>
<arg>GS</arg>
<arg>GT</arg>
<arg>GU</arg>
<arg>GW</arg>
<arg>GY</arg>
<arg>HK</arg>
<arg>HM</arg>
<arg>HN</arg>
<arg>HR</arg>
<arg>HT</arg>
<arg>HU</arg>
<arg>ID</arg>
<arg>IE</arg>
<arg>IL</arg>
<arg>IM</arg>
<arg>IN</arg>
<arg>IO</arg>
<arg>IQ</arg>
<arg>IR</arg>
<arg>IS</arg>
<arg>IT</arg>
<arg>JE</arg>
<arg>JM</arg>
<arg>JO</arg>
<arg>JP</arg>
<arg>KE</arg>
<arg>KG</arg>
<arg>KH</arg>
<arg>KI</arg>
<arg>KM</arg>
<arg>KN</arg>
<arg>KP</arg>
<arg>KR</arg>
<arg>KW</arg>
<arg>KY</arg>
<arg>KZ</arg>
<arg>LA</arg>
<arg>LB</arg>
<arg>LC</arg>
<arg>LI</arg>
<arg>LK</arg>
<arg>LR</arg>
<arg>LS</arg>
<arg>LT</arg>
<arg>LU</arg>
<arg>LV</arg>
<arg>LY</arg>
<arg>MA</arg>
<arg>MC</arg>
<arg>MD</arg>
<arg>ME</arg>
<arg>MF</arg>
<arg>MG</arg>
<arg>MH</arg>
<arg>MK</arg>
<arg>ML</arg>
<arg>MM</arg>
<arg>MN</arg>
<arg>MO</arg>
<arg>MP</arg>
<arg>MQ</arg>
<arg>MR</arg>
<arg>MS</arg>
<arg>MT</arg>
<arg>MU</arg>
<arg>MV</arg>
<arg>MW</arg>
<arg>MX</arg>
<arg>MY</arg>
<arg>MZ</arg>
<arg>NA</arg>
<arg>NC</arg>
<arg>NE</arg>
<arg>NF</arg>
<arg>NG</arg>
<arg>NI</arg>
<arg>NL</arg>
<arg>NO</arg>
<arg>NP</arg>
<arg>NR</arg>
<arg>NU</arg>
<arg>NZ</arg>
<arg>OM</arg>
<arg>PA</arg>
<arg>PE</arg>
<arg>PF</arg>
<arg>PG</arg>
<arg>PH</arg>
<arg>PK</arg>
<arg>PL</arg>
<arg>PM</arg>
<arg>PN</arg>
<arg>PR</arg>
<arg>PS</arg>
<arg>PT</arg>
<arg>PW</arg>
<arg>PY</arg>
<arg>QA</arg>
<arg>RE</arg>
<arg>RO</arg>
<arg>RS</arg>
<arg>RU</arg>
<arg>RW</arg>
<arg>SA</arg>
<arg>SB</arg>
<arg>SC</arg>
<arg>SD</arg>
<arg>SE</arg>
<arg>SG</arg>
<arg>SH</arg>
<arg>SI</arg>
<arg>SJ</arg>
<arg>SK</arg>
<arg>SL</arg>
<arg>SM</arg>
<arg>SN</arg>
<arg>SO</arg>
<arg>SR</arg>
<arg>SS</arg>
<arg>ST</arg>
<arg>SV</arg>
<arg>SX</arg>
<arg>SY</arg>
<arg>SZ</arg>
<arg>TC</arg>
<arg>TD</arg>
<arg>TF</arg>
<arg>TG</arg>
<arg>TH</arg>
<arg>TJ</arg>
<arg>TK</arg>
<arg>TL</arg>
<arg>TM</arg>
<arg>TN</arg>
<arg>TO</arg>
<arg>TR</arg>
<arg>TT</arg>
<arg>TV</arg>
<arg>TW</arg>
<arg>TZ</arg>
<arg>UA</arg>
<arg>UG</arg>
<arg>UM</arg>
<arg>US</arg>
<arg>UY</arg>
<arg>UZ</arg>
<arg>VA</arg>
<arg>VC</arg>
<arg>VE</arg>
<arg>VG</arg>
<arg>VI</arg>
<arg>VN</arg>
<arg>VU</arg>
<arg>WF</arg>
<arg>WS</arg>
<arg>XK</arg>
<arg>YE</arg>
<arg>YT</arg>
<arg>ZA</arg>
<arg>ZM</arg>
<arg>ZW</arg>
<doc>Returns a list containing given items.</doc>
<status status="PASS" start="2024-04-18T20:14:44.130671" elapsed="0.000612"/>
</kw>
<kw name="List Should Contain Value" owner="Collections">
<msg time="2024-04-18T20:14:44.132261" level="INFO">False</msg>
<arg>${list_country}</arg>
<arg>${name_country}</arg>
<doc>Fails if the ``value`` is not found from ``list``.</doc>
<status status="PASS" start="2024-04-18T20:14:44.132064" elapsed="0.000232"/>
</kw>
<kw name="Run Keyword If" owner="BuiltIn">
<kw name="Should Be True" owner="BuiltIn">
<arg>${True}</arg>
<doc>Fails if the given condition is not true.</doc>
<status status="PASS" start="2024-04-18T20:14:44.133401" elapsed="0.000143"/>
</kw>
<arg>${json_data["results"][0]["location"]["coordinates"]["latitude"]} &gt;= -90 and ${json_data["results"][0]["location"]["coordinates"]["latitude"]} &lt;= 90</arg>
<arg>Should Be True</arg>
<arg>${True}</arg>
<doc>Runs the given keyword with the given arguments, if ``condition`` is true.</doc>
<status status="PASS" start="2024-04-18T20:14:44.132598" elapsed="0.001072"/>
</kw>
<kw name="Run Keyword If" owner="BuiltIn">
<kw name="Should Be True" owner="BuiltIn">
<arg>${True}</arg>
<doc>Fails if the given condition is not true.</doc>
<status status="PASS" start="2024-04-18T20:14:44.134541" elapsed="0.000241"/>
</kw>
<arg>${json_data["results"][0]["location"]["coordinates"]["longitude"]} &gt;= -180 and ${json_data["results"][0]["location"]["coordinates"]["longitude"]} &lt;= 180</arg>
<arg>Should Be True</arg>
<arg>${True}</arg>
<doc>Runs the given keyword with the given arguments, if ``condition`` is true.</doc>
<status status="PASS" start="2024-04-18T20:14:44.133854" elapsed="0.001053"/>
</kw>
<status status="PASS" start="2024-04-18T20:14:44.027365" elapsed="0.107668"/>
</kw>
<doc>Testa o conteúdo específico dos campos retornados pela API.</doc>
<tag>testeConteudo</tag>
<status status="PASS" start="2024-04-18T20:14:44.026865" elapsed="0.108313"/>
</test>
<status status="PASS" start="2024-04-18T20:14:43.335672" elapsed="0.801428"/>
</suite>
<status status="PASS" start="2024-04-18T20:14:43.322325" elapsed="0.819840"/>
</suite>
<statistics>
<total>
<stat pass="5" fail="0" skip="0">All Tests</stat>
</total>
<tag>
<stat pass="1" fail="0" skip="0">testeConteudo</stat>
<stat pass="1" fail="0" skip="0">testeEstruturaResposta</stat>
<stat pass="1" fail="0" skip="0">testeRequisicaoBasica</stat>
<stat pass="1" fail="0" skip="0">testeTiposDados</stat>
</tag>
<suite>
<stat pass="5" fail="0" skip="0" id="s1" name="Tests">Tests</stat>
<stat pass="5" fail="0" skip="0" id="s1-s1" name="Random-User-Test">Tests.Random-User-Test</stat>
</suite>
</statistics>
<errors>
</errors>
</robot>
