<?xml version="1.0" encoding="UTF-8"?>
<robot generator="Robot 7.0 (Python 3.12.2 on linux)" generated="2024-04-16T14:13:52.934217" rpa="false" schemaversion="5">
<suite id="s1" name="Tests" source="/home/runner/work/DesafioQAItauRogerioJordao/DesafioQAItauRogerioJordao/RamdonUser/tests">
<suite id="s1-s1" name="Random-User-Test" source="/home/runner/work/DesafioQAItauRogerioJordao/DesafioQAItauRogerioJordao/RamdonUser/tests/random-user-test.robot">
<test id="s1-s1-t1" name="Conectar" line="13">
<kw name="Conectar API" owner="random-user-service">
<kw name="Create Session" owner="RequestsLibrary">
<msg time="2024-04-16T14:13:53.294555" level="INFO">Creating Session using : alias=consultarAPI, url=https://randomuser.me/, headers={},                     cookies={}, auth=None, timeout=None, proxies=None, verify=False,                     debug=0 </msg>
<arg>consultarAPI</arg>
<arg>${URL}</arg>
<doc>Create Session: create a HTTP session to a server</doc>
<status status="PASS" start="2024-04-16T14:13:53.294346" elapsed="0.000396"/>
</kw>
<status status="PASS" start="2024-04-16T14:13:53.293262" elapsed="0.001840"/>
</kw>
<status status="PASS" start="2024-04-16T14:13:53.292722" elapsed="0.002583"/>
</test>
<test id="s1-s1-t2" name="Validar retorno 200 e JSON Válido" line="16">
<kw name="Teste de Requisicao Basica" owner="random-user-service">
<kw name="GET On Session" owner="RequestsLibrary">
<msg time="2024-04-16T14:13:53.419437" level="INFO">GET Request : url=https://randomuser.me/api 
 path_url=/api 
 headers={'User-Agent': 'python-requests/2.31.0', 'Accept-Encoding': 'gzip, deflate', 'Accept': '*/*', 'Connection': 'keep-alive'} 
 body=None 
 </msg>
<msg time="2024-04-16T14:13:53.419593" level="INFO">GET Response : url=https://randomuser.me/api 
 status=200, reason=OK 
 headers={'Date': 'Tue, 16 Apr 2024 14:13:53 GMT', 'Content-Type': 'application/json; charset=utf-8', 'Transfer-Encoding': 'chunked', 'Connection': 'keep-alive', 'X-Powered-By': 'Express', 'Access-Control-Allow-Origin': '*', 'Cache-Control': 'no-cache', 'ETag': 'W/"4a1-zyE9FLPKAGZN5uUXKXh8M4ITsXc"', 'Vary': 'Accept-Encoding', 'Content-Encoding': 'gzip', 'CF-Cache-Status': 'DYNAMIC', 'Report-To': '{"endpoints":[{"url":"https:\\/\\/a.nel.cloudflare.com\\/report\\/v4?s=cp6kruqlMxqzw2j%2FqiVhe7GYxpq3bcNGnF8i494sinaIspIQW7GV%2FBndfAF10hOPfwTlK5XzcbxyRWsjF0k4us8LLaHJeyl5TDohZEurSJKtgXWuFv3meCPspah0q96O"}],"group":"cf-nel","max_age":604800}', 'NEL': '{"success_fraction":0,"report_to":"cf-nel","max_age":604800}', 'Server': 'cloudflare', 'CF-RAY': '8754c7505f549685-SJC', 'alt-svc': 'h3=":443"; ma=86400'} 
 body={"results":[{"gender":"female","name":{"title":"Ms","first":"Jany","last":"Van de Geest"},"location":{"street":{"number":436,"name":"Galecopperlaan"},"city":"Iens","state":"Friesland","country":"Netherlands","postcode":"7650 UG","coordinates":{"latitude":"31.8953","longitude":"15.1350"},"timezone":{"offset":"-5:00","description":"Eastern Time (US &amp; Canada), Bogota, Lima"}},"email":"jany.vandegeest@example.com","login":{"uuid":"6be40962-a8c4-404e-8fd4-8c48fa0987b8","username":"crazylion779","password":"sporty","salt":"GWscr5s0","md5":"5f4910515985cb0c3ae1fb3cd96e4690","sha1":"ad66f9451378eca4e7a4f9a99ea8da01a427b280","sha256":"358557bdb6ed3fa296923dfcece57679e548a80a97a691958763c93e912fd0a0"},"dob":{"date":"1961-04-12T07:01:19.032Z","age":63},"registered":{"date":"2012-10-02T06:47:31.506Z","age":11},"phone":"(060) 5547596","cell":"(06) 89063687","id":{"name":"BSN","value":"05603836"},"picture":{"large":"https://randomuser.me/api/portraits/women/94.jpg","medium":"https://randomuser.me/api/portraits/med/women/94.jpg","thumbnail":"https://randomuser.me/api/portraits/thumb/women/94.jpg"},"nat":"NL"}],"info":{"seed":"69ca4236c9d15d2a","results":1,"page":1,"version":"1.4"}} 
 </msg>
<msg time="2024-04-16T14:13:53.419679" level="INFO">/opt/hostedtoolcache/Python/3.12.2/x64/lib/python3.12/site-packages/urllib3/connectionpool.py:1103: InsecureRequestWarning: Unverified HTTPS request is being made to host 'randomuser.me'. Adding certificate verification is strongly advised. See: https://urllib3.readthedocs.io/en/latest/advanced-usage.html#tls-warnings
  warnings.warn(</msg>
<msg time="2024-04-16T14:13:53.419827" level="INFO">${response} = &lt;Response [200]&gt;</msg>
<var>${response}</var>
<arg>consultarAPI</arg>
<arg>/api</arg>
<doc>Sends a GET request on a previously created HTTP Session.</doc>
<status status="PASS" start="2024-04-16T14:13:53.297967" elapsed="0.121900"/>
</kw>
<kw name="Should Be Equal As Numbers" owner="BuiltIn">
<msg time="2024-04-16T14:13:53.421041" level="INFO">Argument types are:
&lt;class 'int'&gt;
&lt;class 'str'&gt;</msg>
<arg>${response.status_code}</arg>
<arg>200</arg>
<doc>Fails if objects are unequal after converting them to real numbers.</doc>
<status status="PASS" start="2024-04-16T14:13:53.420539" elapsed="0.000568"/>
</kw>
<kw name="Log" owner="BuiltIn">
<msg time="2024-04-16T14:13:53.421784" level="INFO">200</msg>
<arg>${response.status_code}</arg>
<doc>Logs the given message with the given level.</doc>
<status status="PASS" start="2024-04-16T14:13:53.421432" elapsed="0.000394"/>
</kw>
<kw name="Set Variable" owner="BuiltIn">
<msg time="2024-04-16T14:13:53.422613" level="INFO">${json_data} = {'results': [{'gender': 'female', 'name': {'title': 'Ms', 'first': 'Jany', 'last': 'Van de Geest'}, 'location': {'street': {'number': 436, 'name': 'Galecopperlaan'}, 'city': 'Iens', 'state': 'Frieslan...</msg>
<var>${json_data}</var>
<arg>${response.json()}</arg>
<doc>Returns the given values which can then be assigned to a variables.</doc>
<status status="PASS" start="2024-04-16T14:13:53.422177" elapsed="0.000464"/>
</kw>
<kw name="Dictionary Should Contain Key" owner="Collections">
<msg time="2024-04-16T14:13:53.423115" level="INFO">False</msg>
<arg>${json_data}</arg>
<arg>results</arg>
<doc>Fails if ``key`` is not found from ``dictionary``.</doc>
<status status="PASS" start="2024-04-16T14:13:53.422946" elapsed="0.000213"/>
</kw>
<status status="PASS" start="2024-04-16T14:13:53.297682" elapsed="0.125742"/>
</kw>
<doc>Testa se a API responde corretamente e retorna um objeto JSON válido.</doc>
<tag>testeRequisicaoBasica</tag>
<status status="PASS" start="2024-04-16T14:13:53.297160" elapsed="0.126454"/>
</test>
<test id="s1-s1-t3" name="Validar estrutura de resposta" line="22">
<kw name="Teste de Estrutura de Resposta" owner="random-user-service">
<kw name="GET On Session" owner="RequestsLibrary">
<msg time="2024-04-16T14:13:53.516088" level="INFO">GET Request : url=https://randomuser.me/api 
 path_url=/api 
 headers={'User-Agent': 'python-requests/2.31.0', 'Accept-Encoding': 'gzip, deflate', 'Accept': '*/*', 'Connection': 'keep-alive'} 
 body=None 
 </msg>
<msg time="2024-04-16T14:13:53.516195" level="INFO">GET Response : url=https://randomuser.me/api 
 status=200, reason=OK 
 headers={'Date': 'Tue, 16 Apr 2024 14:13:53 GMT', 'Content-Type': 'application/json; charset=utf-8', 'Transfer-Encoding': 'chunked', 'Connection': 'keep-alive', 'X-Powered-By': 'Express', 'Access-Control-Allow-Origin': '*', 'Cache-Control': 'no-cache', 'ETag': 'W/"476-otKPy2yARm9lD1nI+yVpMLV/WTw"', 'Vary': 'Accept-Encoding', 'Content-Encoding': 'gzip', 'CF-Cache-Status': 'DYNAMIC', 'Report-To': '{"endpoints":[{"url":"https:\\/\\/a.nel.cloudflare.com\\/report\\/v4?s=f9C4JTG8v9KGnZpaUUi2xXEQSgA6Ugg8IwL0w9CNhpCN5nZ1PuleYjBJ3YPgVDrpwYVqvS7J0UaxXW6ppHTASUK58AiD15HmtGpsyMLP3N4P%2FuVpe8jWhGovMSRxo1qd"}],"group":"cf-nel","max_age":604800}', 'NEL': '{"success_fraction":0,"report_to":"cf-nel","max_age":604800}', 'Server': 'cloudflare', 'CF-RAY': '8754c750efcc9685-SJC', 'alt-svc': 'h3=":443"; ma=86400'} 
 body={"results":[{"gender":"female","name":{"title":"Ms","first":"Grishma","last":"Thampy"},"location":{"street":{"number":9933,"name":"Chaman Ganj"},"city":"Srinagar","state":"Telangana","country":"India","postcode":16747,"coordinates":{"latitude":"7.9446","longitude":"99.5277"},"timezone":{"offset":"+4:30","description":"Kabul"}},"email":"grishma.thampy@example.com","login":{"uuid":"3ffaf2ee-1fa7-423e-8f5c-bbf0e17c0f5c","username":"smallpeacock758","password":"firefigh","salt":"9QDko3b7","md5":"f44fcb8959429983afe713ad51744394","sha1":"b67cec86df99bd0e7b6b5b454a05d0b87696e3a5","sha256":"21dc4d8ad0718b8e23f1f9db8045336269207f23767783cb5a243557de3e0d35"},"dob":{"date":"2001-03-06T14:24:47.355Z","age":23},"registered":{"date":"2003-05-10T10:28:26.244Z","age":20},"phone":"7480937853","cell":"7211609580","id":{"name":"UIDAI","value":"928387693471"},"picture":{"large":"https://randomuser.me/api/portraits/women/86.jpg","medium":"https://randomuser.me/api/portraits/med/women/86.jpg","thumbnail":"https://randomuser.me/api/portraits/thumb/women/86.jpg"},"nat":"IN"}],"info":{"seed":"3cc9da323a59c196","results":1,"page":1,"version":"1.4"}} 
 </msg>
<msg time="2024-04-16T14:13:53.516356" level="INFO">/opt/hostedtoolcache/Python/3.12.2/x64/lib/python3.12/site-packages/urllib3/connectionpool.py:1103: InsecureRequestWarning: Unverified HTTPS request is being made to host 'randomuser.me'. Adding certificate verification is strongly advised. See: https://urllib3.readthedocs.io/en/latest/advanced-usage.html#tls-warnings
  warnings.warn(</msg>
<msg time="2024-04-16T14:13:53.516512" level="INFO">${response} = &lt;Response [200]&gt;</msg>
<var>${response}</var>
<arg>consultarAPI</arg>
<arg>/api</arg>
<doc>Sends a GET request on a previously created HTTP Session.</doc>
<status status="PASS" start="2024-04-16T14:13:53.426470" elapsed="0.090092"/>
</kw>
<kw name="Set Variable" owner="BuiltIn">
<msg time="2024-04-16T14:13:53.517750" level="INFO">${json_data} = {'results': [{'gender': 'female', 'name': {'title': 'Ms', 'first': 'Grishma', 'last': 'Thampy'}, 'location': {'street': {'number': 9933, 'name': 'Chaman Ganj'}, 'city': 'Srinagar', 'state': 'Telangana...</msg>
<var>${json_data}</var>
<arg>${response.json()}</arg>
<doc>Returns the given values which can then be assigned to a variables.</doc>
<status status="PASS" start="2024-04-16T14:13:53.517165" elapsed="0.000613"/>
</kw>
<kw name="Log" owner="BuiltIn">
<msg time="2024-04-16T14:13:53.518283" level="INFO">{'results': [{'gender': 'female', 'name': {'title': 'Ms', 'first': 'Grishma', 'last': 'Thampy'}, 'location': {'street': {'number': 9933, 'name': 'Chaman Ganj'}, 'city': 'Srinagar', 'state': 'Telangana', 'country': 'India', 'postcode': 16747, 'coordinates': {'latitude': '7.9446', 'longitude': '99.5277'}, 'timezone': {'offset': '+4:30', 'description': 'Kabul'}}, 'email': 'grishma.thampy@example.com', 'login': {'uuid': '3ffaf2ee-1fa7-423e-8f5c-bbf0e17c0f5c', 'username': 'smallpeacock758', 'password': 'firefigh', 'salt': '9QDko3b7', 'md5': 'f44fcb8959429983afe713ad51744394', 'sha1': 'b67cec86df99bd0e7b6b5b454a05d0b87696e3a5', 'sha256': '21dc4d8ad0718b8e23f1f9db8045336269207f23767783cb5a243557de3e0d35'}, 'dob': {'date': '2001-03-06T14:24:47.355Z', 'age': 23}, 'registered': {'date': '2003-05-10T10:28:26.244Z', 'age': 20}, 'phone': '7480937853', 'cell': '7211609580', 'id': {'name': 'UIDAI', 'value': '928387693471'}, 'picture': {'large': 'https://randomuser.me/api/portraits/women/86.jpg', 'medium': 'https://randomuser.me/api/portraits/med/women/86.jpg', 'thumbnail': 'https://randomuser.me/api/portraits/thumb/women/86.jpg'}, 'nat': 'IN'}], 'info': {'seed': '3cc9da323a59c196', 'results': 1, 'page': 1, 'version': '1.4'}}</msg>
<arg>${json_data}</arg>
<doc>Logs the given message with the given level.</doc>
<status status="PASS" start="2024-04-16T14:13:53.518124" elapsed="0.000207"/>
</kw>
<kw name="Dictionary Should Contain Key" owner="Collections">
<msg time="2024-04-16T14:13:53.518783" level="INFO">False</msg>
<arg>${json_data}</arg>
<arg>results</arg>
<doc>Fails if ``key`` is not found from ``dictionary``.</doc>
<status status="PASS" start="2024-04-16T14:13:53.518627" elapsed="0.000193"/>
</kw>
<kw name="Should Not Be Empty" owner="BuiltIn">
<msg time="2024-04-16T14:13:53.519245" level="INFO">Length is 2.</msg>
<arg>${json_data}</arg>
<doc>Verifies that the given item is not empty.</doc>
<status status="PASS" start="2024-04-16T14:13:53.519113" elapsed="0.000171"/>
</kw>
<kw name="Create List" owner="BuiltIn">
<msg time="2024-04-16T14:13:53.519721" level="INFO">${expected_keys} = ['gender', 'name', 'location', 'email', 'login']</msg>
<var>${expected_keys}</var>
<arg>gender</arg>
<arg>name</arg>
<arg>location</arg>
<arg>email</arg>
<arg>login</arg>
<doc>Returns a list containing given items.</doc>
<status status="PASS" start="2024-04-16T14:13:53.519574" elapsed="0.000171"/>
</kw>
<for flavor="IN">
<iter>
<kw name="Dictionary Should Contain Key" owner="Collections">
<msg time="2024-04-16T14:13:53.520724" level="INFO">False</msg>
<arg>${json_data['results'][0]}</arg>
<arg>${key}</arg>
<doc>Fails if ``key`` is not found from ``dictionary``.</doc>
<status status="PASS" start="2024-04-16T14:13:53.520323" elapsed="0.000440"/>
</kw>
<kw name="Log" owner="BuiltIn">
<msg time="2024-04-16T14:13:53.521421" level="INFO">{'gender': 'female', 'name': {'title': 'Ms', 'first': 'Grishma', 'last': 'Thampy'}, 'location': {'street': {'number': 9933, 'name': 'Chaman Ganj'}, 'city': 'Srinagar', 'state': 'Telangana', 'country': 'India', 'postcode': 16747, 'coordinates': {'latitude': '7.9446', 'longitude': '99.5277'}, 'timezone': {'offset': '+4:30', 'description': 'Kabul'}}, 'email': 'grishma.thampy@example.com', 'login': {'uuid': '3ffaf2ee-1fa7-423e-8f5c-bbf0e17c0f5c', 'username': 'smallpeacock758', 'password': 'firefigh', 'salt': '9QDko3b7', 'md5': 'f44fcb8959429983afe713ad51744394', 'sha1': 'b67cec86df99bd0e7b6b5b454a05d0b87696e3a5', 'sha256': '21dc4d8ad0718b8e23f1f9db8045336269207f23767783cb5a243557de3e0d35'}, 'dob': {'date': '2001-03-06T14:24:47.355Z', 'age': 23}, 'registered': {'date': '2003-05-10T10:28:26.244Z', 'age': 20}, 'phone': '7480937853', 'cell': '7211609580', 'id': {'name': 'UIDAI', 'value': '928387693471'}, 'picture': {'large': 'https://randomuser.me/api/portraits/women/86.jpg', 'medium': 'https://randomuser.me/api/portraits/med/women/86.jpg', 'thumbnail': 'https://randomuser.me/api/portraits/thumb/women/86.jpg'}, 'nat': 'IN'}</msg>
<arg>${json_data['results'][0]}</arg>
<doc>Logs the given message with the given level.</doc>
<status status="PASS" start="2024-04-16T14:13:53.521061" elapsed="0.000408"/>
</kw>
<kw name="Log" owner="BuiltIn">
<msg time="2024-04-16T14:13:53.521921" level="INFO">gender</msg>
<arg>${key}</arg>
<doc>Logs the given message with the given level.</doc>
<status status="PASS" start="2024-04-16T14:13:53.521764" elapsed="0.000201"/>
</kw>
<var name="${key}">gender</var>
<status status="PASS" start="2024-04-16T14:13:53.520198" elapsed="0.001993"/>
</iter>
<iter>
<kw name="Dictionary Should Contain Key" owner="Collections">
<msg time="2024-04-16T14:13:53.522879" level="INFO">False</msg>
<arg>${json_data['results'][0]}</arg>
<arg>${key}</arg>
<doc>Fails if ``key`` is not found from ``dictionary``.</doc>
<status status="PASS" start="2024-04-16T14:13:53.522494" elapsed="0.000422"/>
</kw>
<kw name="Log" owner="BuiltIn">
<msg time="2024-04-16T14:13:53.523611" level="INFO">{'gender': 'female', 'name': {'title': 'Ms', 'first': 'Grishma', 'last': 'Thampy'}, 'location': {'street': {'number': 9933, 'name': 'Chaman Ganj'}, 'city': 'Srinagar', 'state': 'Telangana', 'country': 'India', 'postcode': 16747, 'coordinates': {'latitude': '7.9446', 'longitude': '99.5277'}, 'timezone': {'offset': '+4:30', 'description': 'Kabul'}}, 'email': 'grishma.thampy@example.com', 'login': {'uuid': '3ffaf2ee-1fa7-423e-8f5c-bbf0e17c0f5c', 'username': 'smallpeacock758', 'password': 'firefigh', 'salt': '9QDko3b7', 'md5': 'f44fcb8959429983afe713ad51744394', 'sha1': 'b67cec86df99bd0e7b6b5b454a05d0b87696e3a5', 'sha256': '21dc4d8ad0718b8e23f1f9db8045336269207f23767783cb5a243557de3e0d35'}, 'dob': {'date': '2001-03-06T14:24:47.355Z', 'age': 23}, 'registered': {'date': '2003-05-10T10:28:26.244Z', 'age': 20}, 'phone': '7480937853', 'cell': '7211609580', 'id': {'name': 'UIDAI', 'value': '928387693471'}, 'picture': {'large': 'https://randomuser.me/api/portraits/women/86.jpg', 'medium': 'https://randomuser.me/api/portraits/med/women/86.jpg', 'thumbnail': 'https://randomuser.me/api/portraits/thumb/women/86.jpg'}, 'nat': 'IN'}</msg>
<arg>${json_data['results'][0]}</arg>
<doc>Logs the given message with the given level.</doc>
<status status="PASS" start="2024-04-16T14:13:53.523241" elapsed="0.000422"/>
</kw>
<kw name="Log" owner="BuiltIn">
<msg time="2024-04-16T14:13:53.524096" level="INFO">name</msg>
<arg>${key}</arg>
<doc>Logs the given message with the given level.</doc>
<status status="PASS" start="2024-04-16T14:13:53.523966" elapsed="0.000168"/>
</kw>
<var name="${key}">name</var>
<status status="PASS" start="2024-04-16T14:13:53.522380" elapsed="0.001972"/>
</iter>
<iter>
<kw name="Dictionary Should Contain Key" owner="Collections">
<msg time="2024-04-16T14:13:53.525019" level="INFO">False</msg>
<arg>${json_data['results'][0]}</arg>
<arg>${key}</arg>
<doc>Fails if ``key`` is not found from ``dictionary``.</doc>
<status status="PASS" start="2024-04-16T14:13:53.524643" elapsed="0.000414"/>
</kw>
<kw name="Log" owner="BuiltIn">
<msg time="2024-04-16T14:13:53.525716" level="INFO">{'gender': 'female', 'name': {'title': 'Ms', 'first': 'Grishma', 'last': 'Thampy'}, 'location': {'street': {'number': 9933, 'name': 'Chaman Ganj'}, 'city': 'Srinagar', 'state': 'Telangana', 'country': 'India', 'postcode': 16747, 'coordinates': {'latitude': '7.9446', 'longitude': '99.5277'}, 'timezone': {'offset': '+4:30', 'description': 'Kabul'}}, 'email': 'grishma.thampy@example.com', 'login': {'uuid': '3ffaf2ee-1fa7-423e-8f5c-bbf0e17c0f5c', 'username': 'smallpeacock758', 'password': 'firefigh', 'salt': '9QDko3b7', 'md5': 'f44fcb8959429983afe713ad51744394', 'sha1': 'b67cec86df99bd0e7b6b5b454a05d0b87696e3a5', 'sha256': '21dc4d8ad0718b8e23f1f9db8045336269207f23767783cb5a243557de3e0d35'}, 'dob': {'date': '2001-03-06T14:24:47.355Z', 'age': 23}, 'registered': {'date': '2003-05-10T10:28:26.244Z', 'age': 20}, 'phone': '7480937853', 'cell': '7211609580', 'id': {'name': 'UIDAI', 'value': '928387693471'}, 'picture': {'large': 'https://randomuser.me/api/portraits/women/86.jpg', 'medium': 'https://randomuser.me/api/portraits/med/women/86.jpg', 'thumbnail': 'https://randomuser.me/api/portraits/thumb/women/86.jpg'}, 'nat': 'IN'}</msg>
<arg>${json_data['results'][0]}</arg>
<doc>Logs the given message with the given level.</doc>
<status status="PASS" start="2024-04-16T14:13:53.525361" elapsed="0.000403"/>
</kw>
<kw name="Log" owner="BuiltIn">
<msg time="2024-04-16T14:13:53.526224" level="INFO">location</msg>
<arg>${key}</arg>
<doc>Logs the given message with the given level.</doc>
<status status="PASS" start="2024-04-16T14:13:53.526094" elapsed="0.000169"/>
</kw>
<var name="${key}">location</var>
<status status="PASS" start="2024-04-16T14:13:53.524531" elapsed="0.001949"/>
</iter>
<iter>
<kw name="Dictionary Should Contain Key" owner="Collections">
<msg time="2024-04-16T14:13:53.527148" level="INFO">False</msg>
<arg>${json_data['results'][0]}</arg>
<arg>${key}</arg>
<doc>Fails if ``key`` is not found from ``dictionary``.</doc>
<status status="PASS" start="2024-04-16T14:13:53.526768" elapsed="0.000422"/>
</kw>
<kw name="Log" owner="BuiltIn">
<msg time="2024-04-16T14:13:53.527850" level="INFO">{'gender': 'female', 'name': {'title': 'Ms', 'first': 'Grishma', 'last': 'Thampy'}, 'location': {'street': {'number': 9933, 'name': 'Chaman Ganj'}, 'city': 'Srinagar', 'state': 'Telangana', 'country': 'India', 'postcode': 16747, 'coordinates': {'latitude': '7.9446', 'longitude': '99.5277'}, 'timezone': {'offset': '+4:30', 'description': 'Kabul'}}, 'email': 'grishma.thampy@example.com', 'login': {'uuid': '3ffaf2ee-1fa7-423e-8f5c-bbf0e17c0f5c', 'username': 'smallpeacock758', 'password': 'firefigh', 'salt': '9QDko3b7', 'md5': 'f44fcb8959429983afe713ad51744394', 'sha1': 'b67cec86df99bd0e7b6b5b454a05d0b87696e3a5', 'sha256': '21dc4d8ad0718b8e23f1f9db8045336269207f23767783cb5a243557de3e0d35'}, 'dob': {'date': '2001-03-06T14:24:47.355Z', 'age': 23}, 'registered': {'date': '2003-05-10T10:28:26.244Z', 'age': 20}, 'phone': '7480937853', 'cell': '7211609580', 'id': {'name': 'UIDAI', 'value': '928387693471'}, 'picture': {'large': 'https://randomuser.me/api/portraits/women/86.jpg', 'medium': 'https://randomuser.me/api/portraits/med/women/86.jpg', 'thumbnail': 'https://randomuser.me/api/portraits/thumb/women/86.jpg'}, 'nat': 'IN'}</msg>
<arg>${json_data['results'][0]}</arg>
<doc>Logs the given message with the given level.</doc>
<status status="PASS" start="2024-04-16T14:13:53.527492" elapsed="0.000406"/>
</kw>
<kw name="Log" owner="BuiltIn">
<msg time="2024-04-16T14:13:53.528337" level="INFO">email</msg>
<arg>${key}</arg>
<doc>Logs the given message with the given level.</doc>
<status status="PASS" start="2024-04-16T14:13:53.528210" elapsed="0.000166"/>
</kw>
<var name="${key}">email</var>
<status status="PASS" start="2024-04-16T14:13:53.526657" elapsed="0.001935"/>
</iter>
<iter>
<kw name="Dictionary Should Contain Key" owner="Collections">
<msg time="2024-04-16T14:13:53.529252" level="INFO">False</msg>
<arg>${json_data['results'][0]}</arg>
<arg>${key}</arg>
<doc>Fails if ``key`` is not found from ``dictionary``.</doc>
<status status="PASS" start="2024-04-16T14:13:53.528880" elapsed="0.000410"/>
</kw>
<kw name="Log" owner="BuiltIn">
<msg time="2024-04-16T14:13:53.529968" level="INFO">{'gender': 'female', 'name': {'title': 'Ms', 'first': 'Grishma', 'last': 'Thampy'}, 'location': {'street': {'number': 9933, 'name': 'Chaman Ganj'}, 'city': 'Srinagar', 'state': 'Telangana', 'country': 'India', 'postcode': 16747, 'coordinates': {'latitude': '7.9446', 'longitude': '99.5277'}, 'timezone': {'offset': '+4:30', 'description': 'Kabul'}}, 'email': 'grishma.thampy@example.com', 'login': {'uuid': '3ffaf2ee-1fa7-423e-8f5c-bbf0e17c0f5c', 'username': 'smallpeacock758', 'password': 'firefigh', 'salt': '9QDko3b7', 'md5': 'f44fcb8959429983afe713ad51744394', 'sha1': 'b67cec86df99bd0e7b6b5b454a05d0b87696e3a5', 'sha256': '21dc4d8ad0718b8e23f1f9db8045336269207f23767783cb5a243557de3e0d35'}, 'dob': {'date': '2001-03-06T14:24:47.355Z', 'age': 23}, 'registered': {'date': '2003-05-10T10:28:26.244Z', 'age': 20}, 'phone': '7480937853', 'cell': '7211609580', 'id': {'name': 'UIDAI', 'value': '928387693471'}, 'picture': {'large': 'https://randomuser.me/api/portraits/women/86.jpg', 'medium': 'https://randomuser.me/api/portraits/med/women/86.jpg', 'thumbnail': 'https://randomuser.me/api/portraits/thumb/women/86.jpg'}, 'nat': 'IN'}</msg>
<arg>${json_data['results'][0]}</arg>
<doc>Logs the given message with the given level.</doc>
<status status="PASS" start="2024-04-16T14:13:53.529588" elapsed="0.000429"/>
</kw>
<kw name="Log" owner="BuiltIn">
<msg time="2024-04-16T14:13:53.530436" level="INFO">login</msg>
<arg>${key}</arg>
<doc>Logs the given message with the given level.</doc>
<status status="PASS" start="2024-04-16T14:13:53.530311" elapsed="0.000163"/>
</kw>
<var name="${key}">login</var>
<status status="PASS" start="2024-04-16T14:13:53.528768" elapsed="0.001923"/>
</iter>
<var>${key}</var>
<value>@{expected_keys}</value>
<status status="PASS" start="2024-04-16T14:13:53.520004" elapsed="0.010808"/>
</for>
<kw name="Create List" owner="BuiltIn">
<msg time="2024-04-16T14:13:53.531172" level="INFO">${expected_keysTwo} = ['username', 'password']</msg>
<var>${expected_keysTwo}</var>
<arg>username</arg>
<arg>password</arg>
<doc>Returns a list containing given items.</doc>
<status status="PASS" start="2024-04-16T14:13:53.531033" elapsed="0.000163"/>
</kw>
<for flavor="IN">
<iter>
<kw name="Dictionary Should Contain Key" owner="Collections">
<msg time="2024-04-16T14:13:53.532184" level="INFO">False</msg>
<arg>${json_data['results'][0]['login']}</arg>
<arg>${keyTwo}</arg>
<doc>Fails if ``key`` is not found from ``dictionary``.</doc>
<status status="PASS" start="2024-04-16T14:13:53.531804" elapsed="0.000418"/>
</kw>
<kw name="Dictionary Should Contain Key" owner="Collections">
<msg time="2024-04-16T14:13:53.532892" level="INFO">False</msg>
<arg>${json_data['results'][0]['login']}</arg>
<arg>${keyTwo}</arg>
<doc>Fails if ``key`` is not found from ``dictionary``.</doc>
<status status="PASS" start="2024-04-16T14:13:53.532520" elapsed="0.000410"/>
</kw>
<kw name="Log" owner="BuiltIn">
<msg time="2024-04-16T14:13:53.533352" level="INFO">username</msg>
<arg>${keyTwo}</arg>
<doc>Logs the given message with the given level.</doc>
<status status="PASS" start="2024-04-16T14:13:53.533224" elapsed="0.000166"/>
</kw>
<var name="${keyTwo}">username</var>
<status status="PASS" start="2024-04-16T14:13:53.531691" elapsed="0.001914"/>
</iter>
<iter>
<kw name="Dictionary Should Contain Key" owner="Collections">
<msg time="2024-04-16T14:13:53.534300" level="INFO">False</msg>
<arg>${json_data['results'][0]['login']}</arg>
<arg>${keyTwo}</arg>
<doc>Fails if ``key`` is not found from ``dictionary``.</doc>
<status status="PASS" start="2024-04-16T14:13:53.533913" elapsed="0.000424"/>
</kw>
<kw name="Dictionary Should Contain Key" owner="Collections">
<msg time="2024-04-16T14:13:53.535006" level="INFO">False</msg>
<arg>${json_data['results'][0]['login']}</arg>
<arg>${keyTwo}</arg>
<doc>Fails if ``key`` is not found from ``dictionary``.</doc>
<status status="PASS" start="2024-04-16T14:13:53.534628" elapsed="0.000415"/>
</kw>
<kw name="Log" owner="BuiltIn">
<msg time="2024-04-16T14:13:53.535473" level="INFO">password</msg>
<arg>${keyTwo}</arg>
<doc>Logs the given message with the given level.</doc>
<status status="PASS" start="2024-04-16T14:13:53.535346" elapsed="0.000166"/>
</kw>
<var name="${keyTwo}">password</var>
<status status="PASS" start="2024-04-16T14:13:53.533777" elapsed="0.001951"/>
</iter>
<var>${keyTwo}</var>
<value>@{expected_keysTwo}</value>
<status status="PASS" start="2024-04-16T14:13:53.531434" elapsed="0.004416"/>
</for>
<status status="PASS" start="2024-04-16T14:13:53.426230" elapsed="0.109764"/>
</kw>
<doc>Testa a estrutura da resposta da API.</doc>
<tag>testeEstruturaResposta</tag>
<status status="PASS" start="2024-04-16T14:13:53.425456" elapsed="0.110703"/>
</test>
<test id="s1-s1-t4" name="Validar tipos de dados" line="28">
<kw name="Teste de Tipos de Dados" owner="random-user-service">
<kw name="GET On Session" owner="RequestsLibrary">
<msg time="2024-04-16T14:13:53.622561" level="INFO">GET Request : url=https://randomuser.me/api 
 path_url=/api 
 headers={'User-Agent': 'python-requests/2.31.0', 'Accept-Encoding': 'gzip, deflate', 'Accept': '*/*', 'Connection': 'keep-alive'} 
 body=None 
 </msg>
<msg time="2024-04-16T14:13:53.622660" level="INFO">GET Response : url=https://randomuser.me/api 
 status=200, reason=OK 
 headers={'Date': 'Tue, 16 Apr 2024 14:13:53 GMT', 'Content-Type': 'application/json; charset=utf-8', 'Transfer-Encoding': 'chunked', 'Connection': 'keep-alive', 'X-Powered-By': 'Express', 'Access-Control-Allow-Origin': '*', 'Cache-Control': 'no-cache', 'ETag': 'W/"47b-w3kDO0Mr1ERHBTNrqbM2HLgtDEs"', 'Vary': 'Accept-Encoding', 'Content-Encoding': 'gzip', 'CF-Cache-Status': 'DYNAMIC', 'Report-To': '{"endpoints":[{"url":"https:\\/\\/a.nel.cloudflare.com\\/report\\/v4?s=jv6up9%2BKDYeYUK2lYjxKgVzCc3TBuS47btCiDdDJyA0EXyXcokplqu20eHwSckOS4kcy%2BjrdeEMkyhyASH%2FT66uMNnYj%2BXQPGZ1VZf%2FuegAwyKUQQ0hwhNMoImX4BhFt"}],"group":"cf-nel","max_age":604800}', 'NEL': '{"success_fraction":0,"report_to":"cf-nel","max_age":604800}', 'Server': 'cloudflare', 'CF-RAY': '8754c751a8ad9685-SJC', 'alt-svc': 'h3=":443"; ma=86400'} 
 body={"results":[{"gender":"female","name":{"title":"Ms","first":"Silje","last":"Madsen"},"location":{"street":{"number":2019,"name":"Kornblomstvej"},"city":"Viby J.","state":"Danmark","country":"Denmark","postcode":48936,"coordinates":{"latitude":"-46.0974","longitude":"10.4540"},"timezone":{"offset":"-1:00","description":"Azores, Cape Verde Islands"}},"email":"silje.madsen@example.com","login":{"uuid":"d7c637e1-6444-456b-9da3-022b6d32711b","username":"bluebear259","password":"orion","salt":"qrqxBSM3","md5":"501cbfeaded609bb1e78f6aab40ac26b","sha1":"4b4248acb2f36292bc8db75dff3a3239bbc65591","sha256":"da96bbd77128c8164861e91b0cbe43f91b563fe0a53738cffec9dd1cd80f262b"},"dob":{"date":"1951-11-15T14:38:58.040Z","age":72},"registered":{"date":"2017-04-10T08:52:10.987Z","age":7},"phone":"82140178","cell":"72318986","id":{"name":"CPR","value":"151151-6582"},"picture":{"large":"https://randomuser.me/api/portraits/women/41.jpg","medium":"https://randomuser.me/api/portraits/med/women/41.jpg","thumbnail":"https://randomuser.me/api/portraits/thumb/women/41.jpg"},"nat":"DK"}],"info":{"seed":"b8cce530999e942b","results":1,"page":1,"version":"1.4"}} 
 </msg>
<msg time="2024-04-16T14:13:53.622736" level="INFO">/opt/hostedtoolcache/Python/3.12.2/x64/lib/python3.12/site-packages/urllib3/connectionpool.py:1103: InsecureRequestWarning: Unverified HTTPS request is being made to host 'randomuser.me'. Adding certificate verification is strongly advised. See: https://urllib3.readthedocs.io/en/latest/advanced-usage.html#tls-warnings
  warnings.warn(</msg>
<msg time="2024-04-16T14:13:53.622864" level="INFO">${response} = &lt;Response [200]&gt;</msg>
<var>${response}</var>
<arg>consultarAPI</arg>
<arg>/api</arg>
<doc>Sends a GET request on a previously created HTTP Session.</doc>
<status status="PASS" start="2024-04-16T14:13:53.538711" elapsed="0.084192"/>
</kw>
<kw name="Set Variable" owner="BuiltIn">
<msg time="2024-04-16T14:13:53.624050" level="INFO">${json_data} = {'results': [{'gender': 'female', 'name': {'title': 'Ms', 'first': 'Silje', 'last': 'Madsen'}, 'location': {'street': {'number': 2019, 'name': 'Kornblomstvej'}, 'city': 'Viby J.', 'state': 'Danmark', ...</msg>
<var>${json_data}</var>
<arg>${response.json()}</arg>
<doc>Returns the given values which can then be assigned to a variables.</doc>
<status status="PASS" start="2024-04-16T14:13:53.623477" elapsed="0.000602"/>
</kw>
<kw name="Log" owner="BuiltIn">
<msg time="2024-04-16T14:13:53.624551" level="INFO">{'results': [{'gender': 'female', 'name': {'title': 'Ms', 'first': 'Silje', 'last': 'Madsen'}, 'location': {'street': {'number': 2019, 'name': 'Kornblomstvej'}, 'city': 'Viby J.', 'state': 'Danmark', 'country': 'Denmark', 'postcode': 48936, 'coordinates': {'latitude': '-46.0974', 'longitude': '10.4540'}, 'timezone': {'offset': '-1:00', 'description': 'Azores, Cape Verde Islands'}}, 'email': 'silje.madsen@example.com', 'login': {'uuid': 'd7c637e1-6444-456b-9da3-022b6d32711b', 'username': 'bluebear259', 'password': 'orion', 'salt': 'qrqxBSM3', 'md5': '501cbfeaded609bb1e78f6aab40ac26b', 'sha1': '4b4248acb2f36292bc8db75dff3a3239bbc65591', 'sha256': 'da96bbd77128c8164861e91b0cbe43f91b563fe0a53738cffec9dd1cd80f262b'}, 'dob': {'date': '1951-11-15T14:38:58.040Z', 'age': 72}, 'registered': {'date': '2017-04-10T08:52:10.987Z', 'age': 7}, 'phone': '82140178', 'cell': '72318986', 'id': {'name': 'CPR', 'value': '151151-6582'}, 'picture': {'large': 'https://randomuser.me/api/portraits/women/41.jpg', 'medium': 'https://randomuser.me/api/portraits/med/women/41.jpg', 'thumbnail': 'https://randomuser.me/api/portraits/thumb/women/41.jpg'}, 'nat': 'DK'}], 'info': {'seed': 'b8cce530999e942b', 'results': 1, 'page': 1, 'version': '1.4'}}</msg>
<arg>${json_data}</arg>
<doc>Logs the given message with the given level.</doc>
<status status="PASS" start="2024-04-16T14:13:53.624394" elapsed="0.000205"/>
</kw>
<kw name="Should Be String" owner="String">
<arg>${json_data['results'][0]['gender']}</arg>
<doc>Fails if the given ``item`` is not a string.</doc>
<status status="PASS" start="2024-04-16T14:13:53.624926" elapsed="0.000358"/>
</kw>
<kw name="Should Match Regexp" owner="BuiltIn">
<arg>${json_data['results'][0]['email']}</arg>
<arg>^[a-zA-Z0-9._%+-]+@[a-zA-Z0-9.-]+\.[a-zA-Z]{2,}$</arg>
<doc>Fails if ``string`` does not match ``pattern`` as a regular expression.</doc>
<status status="PASS" start="2024-04-16T14:13:53.625478" elapsed="0.000558"/>
</kw>
<kw name="Should Match Regexp" owner="BuiltIn">
<arg>${json_data['results'][0]['dob']['date']}</arg>
<arg>\\d{4}-\\d{2}-\\d{2}T\\d{2}:\\d{2}:\\d{2}\\.\\d{3}Z</arg>
<doc>Fails if ``string`` does not match ``pattern`` as a regular expression.</doc>
<status status="PASS" start="2024-04-16T14:13:53.626235" elapsed="0.000493"/>
</kw>
<kw name="Should Match Regexp" owner="BuiltIn">
<arg>${json_data['results'][0]['registered']['date']}</arg>
<arg>\\d{4}-\\d{2}-\\d{2}T\\d{2}:\\d{2}:\\d{2}\\.\\d{3}Z</arg>
<doc>Fails if ``string`` does not match ``pattern`` as a regular expression.</doc>
<status status="PASS" start="2024-04-16T14:13:53.626929" elapsed="0.000368"/>
</kw>
<kw name="Should Match Regexp" owner="BuiltIn">
<arg>${json_data['results'][0]['picture']['large']}</arg>
<arg>^https?://.*\.(?:png|jpe?g|gif|bmp)$</arg>
<doc>Fails if ``string`` does not match ``pattern`` as a regular expression.</doc>
<status status="PASS" start="2024-04-16T14:13:53.627482" elapsed="0.000462"/>
</kw>
<kw name="Should Match Regexp" owner="BuiltIn">
<arg>${json_data['results'][0]['picture']['medium']}</arg>
<arg>^https?://.*\.(?:png|jpe?g|gif|bmp)$</arg>
<doc>Fails if ``string`` does not match ``pattern`` as a regular expression.</doc>
<status status="PASS" start="2024-04-16T14:13:53.628133" elapsed="0.000349"/>
</kw>
<kw name="Should Match Regexp" owner="BuiltIn">
<arg>${json_data['results'][0]['picture']['thumbnail']}</arg>
<arg>^https?://.*\.(?:png|jpe?g|gif|bmp)$</arg>
<doc>Fails if ``string`` does not match ``pattern`` as a regular expression.</doc>
<status status="PASS" start="2024-04-16T14:13:53.628666" elapsed="0.000359"/>
</kw>
<kw name="Log" owner="BuiltIn">
<msg time="2024-04-16T14:13:53.629540" level="INFO">{'large': 'https://randomuser.me/api/portraits/women/41.jpg', 'medium': 'https://randomuser.me/api/portraits/med/women/41.jpg', 'thumbnail': 'https://randomuser.me/api/portraits/thumb/women/41.jpg'}</msg>
<arg>${json_data['results'][0]['picture']}</arg>
<doc>Logs the given message with the given level.</doc>
<status status="PASS" start="2024-04-16T14:13:53.629206" elapsed="0.000376"/>
</kw>
<status status="PASS" start="2024-04-16T14:13:53.538482" elapsed="0.091356"/>
</kw>
<kw name="Teste de Tipos de Dados - Postcode" owner="random-user-service">
<kw name="GET On Session" owner="RequestsLibrary">
<msg time="2024-04-16T14:13:53.731194" level="INFO">GET Request : url=https://randomuser.me/api 
 path_url=/api 
 headers={'User-Agent': 'python-requests/2.31.0', 'Accept-Encoding': 'gzip, deflate', 'Accept': '*/*', 'Connection': 'keep-alive'} 
 body=None 
 </msg>
<msg time="2024-04-16T14:13:53.731289" level="INFO">GET Response : url=https://randomuser.me/api 
 status=200, reason=OK 
 headers={'Date': 'Tue, 16 Apr 2024 14:13:53 GMT', 'Content-Type': 'application/json; charset=utf-8', 'Transfer-Encoding': 'chunked', 'Connection': 'keep-alive', 'X-Powered-By': 'Express', 'Access-Control-Allow-Origin': '*', 'Cache-Control': 'no-cache', 'ETag': 'W/"490-KZkA82J8dJd6fxim7aYJaE0N9n8"', 'Vary': 'Accept-Encoding', 'Content-Encoding': 'gzip', 'CF-Cache-Status': 'DYNAMIC', 'Report-To': '{"endpoints":[{"url":"https:\\/\\/a.nel.cloudflare.com\\/report\\/v4?s=fGxjEm5RjQmGYjK8zkI1jv8O%2BEKF4pHhmwHvB%2Bu%2Fe3eZuvpYflni%2FDdt5bXiGwb%2Ff%2FjOuuYEjT6JZUq8J5L0x%2Fp8WVRdyqbNUTr5RHnBbkCV3%2FFs%2Fp%2FFkfelpdhMPAIK"}],"group":"cf-nel","max_age":604800}', 'NEL': '{"success_fraction":0,"report_to":"cf-nel","max_age":604800}', 'Server': 'cloudflare', 'CF-RAY': '8754c75239819685-SJC', 'alt-svc': 'h3=":443"; ma=86400'} 
 body={"results":[{"gender":"female","name":{"title":"Ms","first":"Amber","last":"Taylor"},"location":{"street":{"number":3897,"name":"Cashel Street"},"city":"Napier","state":"Wellington","country":"New Zealand","postcode":11807,"coordinates":{"latitude":"48.9884","longitude":"69.8670"},"timezone":{"offset":"+11:00","description":"Magadan, Solomon Islands, New Caledonia"}},"email":"amber.taylor@example.com","login":{"uuid":"1bef617e-0429-4a4b-bf18-2b3b5e623cdb","username":"lazycat720","password":"antelope","salt":"pkLNrTn8","md5":"8c0eb1c4057d45c826145d74298df99b","sha1":"b09c4afcdae7cd84d8f3661aee3c8eef4ce7c349","sha256":"69b70bab1c28a632b60489f718a22c8d1e34008e334bedd7e6eb58bd007f21c4"},"dob":{"date":"1955-04-22T20:46:21.159Z","age":68},"registered":{"date":"2016-03-29T11:14:33.585Z","age":8},"phone":"(931)-278-7119","cell":"(861)-593-3847","id":{"name":"","value":null},"picture":{"large":"https://randomuser.me/api/portraits/women/32.jpg","medium":"https://randomuser.me/api/portraits/med/women/32.jpg","thumbnail":"https://randomuser.me/api/portraits/thumb/women/32.jpg"},"nat":"NZ"}],"info":{"seed":"8b405a60853ce7d8","results":1,"page":1,"version":"1.4"}} 
 </msg>
<msg time="2024-04-16T14:13:53.731378" level="INFO">/opt/hostedtoolcache/Python/3.12.2/x64/lib/python3.12/site-packages/urllib3/connectionpool.py:1103: InsecureRequestWarning: Unverified HTTPS request is being made to host 'randomuser.me'. Adding certificate verification is strongly advised. See: https://urllib3.readthedocs.io/en/latest/advanced-usage.html#tls-warnings
  warnings.warn(</msg>
<msg time="2024-04-16T14:13:53.731518" level="INFO">${response} = &lt;Response [200]&gt;</msg>
<var>${response}</var>
<arg>consultarAPI</arg>
<arg>/api</arg>
<doc>Sends a GET request on a previously created HTTP Session.</doc>
<status status="PASS" start="2024-04-16T14:13:53.630340" elapsed="0.101217"/>
</kw>
<kw name="Set Variable" owner="BuiltIn">
<msg time="2024-04-16T14:13:53.732726" level="INFO">${json_data} = {'results': [{'gender': 'female', 'name': {'title': 'Ms', 'first': 'Amber', 'last': 'Taylor'}, 'location': {'street': {'number': 3897, 'name': 'Cashel Street'}, 'city': 'Napier', 'state': 'Wellington'...</msg>
<var>${json_data}</var>
<arg>${response.json()}</arg>
<doc>Returns the given values which can then be assigned to a variables.</doc>
<status status="PASS" start="2024-04-16T14:13:53.732193" elapsed="0.000562"/>
</kw>
<kw name="Log" owner="BuiltIn">
<msg time="2024-04-16T14:13:53.733227" level="INFO">{'results': [{'gender': 'female', 'name': {'title': 'Ms', 'first': 'Amber', 'last': 'Taylor'}, 'location': {'street': {'number': 3897, 'name': 'Cashel Street'}, 'city': 'Napier', 'state': 'Wellington', 'country': 'New Zealand', 'postcode': 11807, 'coordinates': {'latitude': '48.9884', 'longitude': '69.8670'}, 'timezone': {'offset': '+11:00', 'description': 'Magadan, Solomon Islands, New Caledonia'}}, 'email': 'amber.taylor@example.com', 'login': {'uuid': '1bef617e-0429-4a4b-bf18-2b3b5e623cdb', 'username': 'lazycat720', 'password': 'antelope', 'salt': 'pkLNrTn8', 'md5': '8c0eb1c4057d45c826145d74298df99b', 'sha1': 'b09c4afcdae7cd84d8f3661aee3c8eef4ce7c349', 'sha256': '69b70bab1c28a632b60489f718a22c8d1e34008e334bedd7e6eb58bd007f21c4'}, 'dob': {'date': '1955-04-22T20:46:21.159Z', 'age': 68}, 'registered': {'date': '2016-03-29T11:14:33.585Z', 'age': 8}, 'phone': '(931)-278-7119', 'cell': '(861)-593-3847', 'id': {'name': '', 'value': None}, 'picture': {'large': 'https://randomuser.me/api/portraits/women/32.jpg', 'medium': 'https://randomuser.me/api/portraits/med/women/32.jpg', 'thumbnail': 'https://randomuser.me/api/portraits/thumb/women/32.jpg'}, 'nat': 'NZ'}], 'info': {'seed': '8b405a60853ce7d8', 'results': 1, 'page': 1, 'version': '1.4'}}</msg>
<arg>${json_data}</arg>
<doc>Logs the given message with the given level.</doc>
<status status="PASS" start="2024-04-16T14:13:53.733069" elapsed="0.000206"/>
</kw>
<kw name="Should Be Equal As Numbers" owner="BuiltIn">
<arg>${json_data['results'][0]['location']['postcode']}</arg>
<arg>${json_data['results'][0]['location']['postcode']}</arg>
<doc>Fails if objects are unequal after converting them to real numbers.</doc>
<status status="PASS" start="2024-04-16T14:13:53.733578" elapsed="0.000679"/>
</kw>
<kw name="Log" owner="BuiltIn">
<msg time="2024-04-16T14:13:53.734784" level="INFO">11807</msg>
<arg>${json_data['results'][0]['location']['postcode']}</arg>
<doc>Logs the given message with the given level.</doc>
<status status="PASS" start="2024-04-16T14:13:53.734450" elapsed="0.000374"/>
</kw>
<status status="PASS" start="2024-04-16T14:13:53.630101" elapsed="0.104977"/>
</kw>
<doc>Testa se os tipos de dados na resposta da API estão corretos.</doc>
<tag>testeTiposDados</tag>
<status status="PASS" start="2024-04-16T14:13:53.537942" elapsed="0.197308"/>
</test>
<test id="s1-s1-t5" name="Validar conteudo" line="35">
<kw name="Teste de Tipos de Conteudo" owner="random-user-service">
<kw name="GET On Session" owner="RequestsLibrary">
<msg time="2024-04-16T14:13:53.832830" level="INFO">GET Request : url=https://randomuser.me/api 
 path_url=/api 
 headers={'User-Agent': 'python-requests/2.31.0', 'Accept-Encoding': 'gzip, deflate', 'Accept': '*/*', 'Connection': 'keep-alive'} 
 body=None 
 </msg>
<msg time="2024-04-16T14:13:53.832936" level="INFO">GET Response : url=https://randomuser.me/api 
 status=200, reason=OK 
 headers={'Date': 'Tue, 16 Apr 2024 14:13:53 GMT', 'Content-Type': 'application/json; charset=utf-8', 'Transfer-Encoding': 'chunked', 'Connection': 'keep-alive', 'X-Powered-By': 'Express', 'Access-Control-Allow-Origin': '*', 'Cache-Control': 'no-cache', 'ETag': 'W/"48c-i+esVif3UX41ZNtgrMCIzmj6dF8"', 'Vary': 'Accept-Encoding', 'Content-Encoding': 'gzip', 'CF-Cache-Status': 'DYNAMIC', 'Report-To': '{"endpoints":[{"url":"https:\\/\\/a.nel.cloudflare.com\\/report\\/v4?s=niaNuGLrwHM0kbWL5dUVj%2B4EgBjcQPhRjamBOJFJEoeip2rcm%2Fss8V67HIZLMPjlJLvZ62Vu2WtFvM3QIXqvjp8JbsSE%2FmxuWLFI5x3o3rKhQIrabYHvITQGsSvfiiOF"}],"group":"cf-nel","max_age":604800}', 'NEL': '{"success_fraction":0,"report_to":"cf-nel","max_age":604800}', 'Server': 'cloudflare', 'CF-RAY': '8754c752ea0a9685-SJC', 'alt-svc': 'h3=":443"; ma=86400'} 
 body={"results":[{"gender":"female","name":{"title":"Ms","first":"Ariadna","last":"Burbela"},"location":{"street":{"number":8261,"name":"Ievgena Kuharcya"},"city":"Bahchisaray","state":"Chernivecka","country":"Ukraine","postcode":59139,"coordinates":{"latitude":"76.9893","longitude":"162.6148"},"timezone":{"offset":"-12:00","description":"Eniwetok, Kwajalein"}},"email":"ariadna.burbela@example.com","login":{"uuid":"11e0d50f-8fdc-4201-9e03-a987bc66c1ea","username":"blueostrich628","password":"426hemi","salt":"81Wkchv4","md5":"68c7d4c9c793ed8994c69fb40b9a4e27","sha1":"27c0626dbdfb8765d3c9774cb25b86bd586039ff","sha256":"416157b8ef8038f038eb3fadac80a31e7942ca64224f2a23487160046a314fee"},"dob":{"date":"1974-07-14T13:07:17.490Z","age":49},"registered":{"date":"2011-09-07T04:13:58.216Z","age":12},"phone":"(098) K47-0963","cell":"(068) Y24-6285","id":{"name":"","value":null},"picture":{"large":"https://randomuser.me/api/portraits/women/68.jpg","medium":"https://randomuser.me/api/portraits/med/women/68.jpg","thumbnail":"https://randomuser.me/api/portraits/thumb/women/68.jpg"},"nat":"UA"}],"info":{"seed":"95f4a4e6c936f174","results":1,"page":1,"version":"1.4"}} 
 </msg>
<msg time="2024-04-16T14:13:53.833016" level="INFO">/opt/hostedtoolcache/Python/3.12.2/x64/lib/python3.12/site-packages/urllib3/connectionpool.py:1103: InsecureRequestWarning: Unverified HTTPS request is being made to host 'randomuser.me'. Adding certificate verification is strongly advised. See: https://urllib3.readthedocs.io/en/latest/advanced-usage.html#tls-warnings
  warnings.warn(</msg>
<msg time="2024-04-16T14:13:53.833167" level="INFO">${response} = &lt;Response [200]&gt;</msg>
<var>${response}</var>
<arg>consultarAPI</arg>
<arg>/api</arg>
<doc>Sends a GET request on a previously created HTTP Session.</doc>
<status status="PASS" start="2024-04-16T14:13:53.737771" elapsed="0.095444"/>
</kw>
<kw name="Set Variable" owner="BuiltIn">
<msg time="2024-04-16T14:13:53.834386" level="INFO">${json_data} = {'results': [{'gender': 'female', 'name': {'title': 'Ms', 'first': 'Ariadna', 'last': 'Burbela'}, 'location': {'street': {'number': 8261, 'name': 'Ievgena Kuharcya'}, 'city': 'Bahchisaray', 'state': '...</msg>
<var>${json_data}</var>
<arg>${response.json()}</arg>
<doc>Returns the given values which can then be assigned to a variables.</doc>
<status status="PASS" start="2024-04-16T14:13:53.833824" elapsed="0.000590"/>
</kw>
<kw name="Set Variable" owner="BuiltIn">
<msg time="2024-04-16T14:13:53.835109" level="INFO">${name_title} = Ms</msg>
<var>${name_title}</var>
<arg>${json_data["results"][0]["name"]["title"]}</arg>
<doc>Returns the given values which can then be assigned to a variables.</doc>
<status status="PASS" start="2024-04-16T14:13:53.834723" elapsed="0.000411"/>
</kw>
<kw name="Create List" owner="BuiltIn">
<msg time="2024-04-16T14:13:53.835584" level="INFO">${allowed_titles} = ['Mr', 'Ms', 'Miss', 'Mrs', 'Madame', 'Monsieur']</msg>
<var>${allowed_titles}</var>
<arg>Mr</arg>
<arg>Ms</arg>
<arg>Miss</arg>
<arg>Mrs</arg>
<arg>Madame</arg>
<arg>Monsieur</arg>
<doc>Returns a list containing given items.</doc>
<status status="PASS" start="2024-04-16T14:13:53.835434" elapsed="0.000174"/>
</kw>
<kw name="List Should Contain Value" owner="Collections">
<msg time="2024-04-16T14:13:53.836086" level="INFO">False</msg>
<arg>${allowed_titles}</arg>
<arg>${name_title}</arg>
<doc>Fails if the ``value`` is not found from ``list``.</doc>
<status status="PASS" start="2024-04-16T14:13:53.835906" elapsed="0.000218"/>
</kw>
<kw name="Set Variable" owner="BuiltIn">
<msg time="2024-04-16T14:13:53.836793" level="INFO">${name_country} = UA</msg>
<var>${name_country}</var>
<arg>${json_data["results"][0]["nat"]}</arg>
<doc>Returns the given values which can then be assigned to a variables.</doc>
<status status="PASS" start="2024-04-16T14:13:53.836415" elapsed="0.000403"/>
</kw>
<kw name="Create List" owner="BuiltIn">
<msg time="2024-04-16T14:13:53.837731" level="INFO">${list_country} = ['AD', 'AE', 'AF', 'AG', 'AI', 'AL', 'AM', 'AO', 'AQ', 'AR', 'AS', 'AT', 'AU', 'AW', 'AX', 'AZ', 'BA', 'BB', 'BD', 'BE', 'BF', 'BG', 'BH', 'BI', 'BJ', 'BL', 'BM', 'BN', 'BO', 'BQ', 'BR', 'BS', 'BT', '...</msg>
<var>${list_country}</var>
<arg>AD</arg>
<arg>AE</arg>
<arg>AF</arg>
<arg>AG</arg>
<arg>AI</arg>
<arg>AL</arg>
<arg>AM</arg>
<arg>AO</arg>
<arg>AQ</arg>
<arg>AR</arg>
<arg>AS</arg>
<arg>AT</arg>
<arg>AU</arg>
<arg>AW</arg>
<arg>AX</arg>
<arg>AZ</arg>
<arg>BA</arg>
<arg>BB</arg>
<arg>BD</arg>
<arg>BE</arg>
<arg>BF</arg>
<arg>BG</arg>
<arg>BH</arg>
<arg>BI</arg>
<arg>BJ</arg>
<arg>BL</arg>
<arg>BM</arg>
<arg>BN</arg>
<arg>BO</arg>
<arg>BQ</arg>
<arg>BR</arg>
<arg>BS</arg>
<arg>BT</arg>
<arg>BV</arg>
<arg>BW</arg>
<arg>BY</arg>
<arg>BZ</arg>
<arg>CA</arg>
<arg>CC</arg>
<arg>CD</arg>
<arg>CF</arg>
<arg>CG</arg>
<arg>CH</arg>
<arg>CI</arg>
<arg>CK</arg>
<arg>CL</arg>
<arg>CM</arg>
<arg>CN</arg>
<arg>CO</arg>
<arg>CR</arg>
<arg>CU</arg>
<arg>CV</arg>
<arg>CW</arg>
<arg>CX</arg>
<arg>CY</arg>
<arg>CZ</arg>
<arg>DE</arg>
<arg>DJ</arg>
<arg>DK</arg>
<arg>DM</arg>
<arg>DO</arg>
<arg>DZ</arg>
<arg>EC</arg>
<arg>EE</arg>
<arg>EG</arg>
<arg>EH</arg>
<arg>ER</arg>
<arg>ES</arg>
<arg>ET</arg>
<arg>FI</arg>
<arg>FJ</arg>
<arg>FK</arg>
<arg>FM</arg>
<arg>FO</arg>
<arg>FR</arg>
<arg>GA</arg>
<arg>GB</arg>
<arg>GD</arg>
<arg>GE</arg>
<arg>GF</arg>
<arg>GG</arg>
<arg>GH</arg>
<arg>GI</arg>
<arg>GL</arg>
<arg>GM</arg>
<arg>GN</arg>
<arg>GP</arg>
<arg>GQ</arg>
<arg>GR</arg>
<arg>GS</arg>
<arg>GT</arg>
<arg>GU</arg>
<arg>GW</arg>
<arg>GY</arg>
<arg>HK</arg>
<arg>HM</arg>
<arg>HN</arg>
<arg>HR</arg>
<arg>HT</arg>
<arg>HU</arg>
<arg>ID</arg>
<arg>IE</arg>
<arg>IL</arg>
<arg>IM</arg>
<arg>IN</arg>
<arg>IO</arg>
<arg>IQ</arg>
<arg>IR</arg>
<arg>IS</arg>
<arg>IT</arg>
<arg>JE</arg>
<arg>JM</arg>
<arg>JO</arg>
<arg>JP</arg>
<arg>KE</arg>
<arg>KG</arg>
<arg>KH</arg>
<arg>KI</arg>
<arg>KM</arg>
<arg>KN</arg>
<arg>KP</arg>
<arg>KR</arg>
<arg>KW</arg>
<arg>KY</arg>
<arg>KZ</arg>
<arg>LA</arg>
<arg>LB</arg>
<arg>LC</arg>
<arg>LI</arg>
<arg>LK</arg>
<arg>LR</arg>
<arg>LS</arg>
<arg>LT</arg>
<arg>LU</arg>
<arg>LV</arg>
<arg>LY</arg>
<arg>MA</arg>
<arg>MC</arg>
<arg>MD</arg>
<arg>ME</arg>
<arg>MF</arg>
<arg>MG</arg>
<arg>MH</arg>
<arg>MK</arg>
<arg>ML</arg>
<arg>MM</arg>
<arg>MN</arg>
<arg>MO</arg>
<arg>MP</arg>
<arg>MQ</arg>
<arg>MR</arg>
<arg>MS</arg>
<arg>MT</arg>
<arg>MU</arg>
<arg>MV</arg>
<arg>MW</arg>
<arg>MX</arg>
<arg>MY</arg>
<arg>MZ</arg>
<arg>NA</arg>
<arg>NC</arg>
<arg>NE</arg>
<arg>NF</arg>
<arg>NG</arg>
<arg>NI</arg>
<arg>NL</arg>
<arg>NO</arg>
<arg>NP</arg>
<arg>NR</arg>
<arg>NU</arg>
<arg>NZ</arg>
<arg>OM</arg>
<arg>PA</arg>
<arg>PE</arg>
<arg>PF</arg>
<arg>PG</arg>
<arg>PH</arg>
<arg>PK</arg>
<arg>PL</arg>
<arg>PM</arg>
<arg>PN</arg>
<arg>PR</arg>
<arg>PS</arg>
<arg>PT</arg>
<arg>PW</arg>
<arg>PY</arg>
<arg>QA</arg>
<arg>RE</arg>
<arg>RO</arg>
<arg>RS</arg>
<arg>RU</arg>
<arg>RW</arg>
<arg>SA</arg>
<arg>SB</arg>
<arg>SC</arg>
<arg>SD</arg>
<arg>SE</arg>
<arg>SG</arg>
<arg>SH</arg>
<arg>SI</arg>
<arg>SJ</arg>
<arg>SK</arg>
<arg>SL</arg>
<arg>SM</arg>
<arg>SN</arg>
<arg>SO</arg>
<arg>SR</arg>
<arg>SS</arg>
<arg>ST</arg>
<arg>SV</arg>
<arg>SX</arg>
<arg>SY</arg>
<arg>SZ</arg>
<arg>TC</arg>
<arg>TD</arg>
<arg>TF</arg>
<arg>TG</arg>
<arg>TH</arg>
<arg>TJ</arg>
<arg>TK</arg>
<arg>TL</arg>
<arg>TM</arg>
<arg>TN</arg>
<arg>TO</arg>
<arg>TR</arg>
<arg>TT</arg>
<arg>TV</arg>
<arg>TW</arg>
<arg>TZ</arg>
<arg>UA</arg>
<arg>UG</arg>
<arg>UM</arg>
<arg>US</arg>
<arg>UY</arg>
<arg>UZ</arg>
<arg>VA</arg>
<arg>VC</arg>
<arg>VE</arg>
<arg>VG</arg>
<arg>VI</arg>
<arg>VN</arg>
<arg>VU</arg>
<arg>WF</arg>
<arg>WS</arg>
<arg>XK</arg>
<arg>YE</arg>
<arg>YT</arg>
<arg>ZA</arg>
<arg>ZM</arg>
<arg>ZW</arg>
<doc>Returns a list containing given items.</doc>
<status status="PASS" start="2024-04-16T14:13:53.837123" elapsed="0.000633"/>
</kw>
<kw name="List Should Contain Value" owner="Collections">
<msg time="2024-04-16T14:13:53.838771" level="INFO">False</msg>
<arg>${list_country}</arg>
<arg>${name_country}</arg>
<doc>Fails if the ``value`` is not found from ``list``.</doc>
<status status="PASS" start="2024-04-16T14:13:53.838567" elapsed="0.000241"/>
</kw>
<kw name="Run Keyword If" owner="BuiltIn">
<kw name="Should Be True" owner="BuiltIn">
<arg>${True}</arg>
<doc>Fails if the given condition is not true.</doc>
<status status="PASS" start="2024-04-16T14:13:53.840011" elapsed="0.000146"/>
</kw>
<arg>${json_data["results"][0]["location"]["coordinates"]["latitude"]} &gt;= -90 and ${json_data["results"][0]["location"]["coordinates"]["latitude"]} &lt;= 90</arg>
<arg>Should Be True</arg>
<arg>${True}</arg>
<doc>Runs the given keyword with the given arguments, if ``condition`` is true.</doc>
<status status="PASS" start="2024-04-16T14:13:53.839119" elapsed="0.001168"/>
</kw>
<kw name="Run Keyword If" owner="BuiltIn">
<kw name="Should Be True" owner="BuiltIn">
<arg>${True}</arg>
<doc>Fails if the given condition is not true.</doc>
<status status="PASS" start="2024-04-16T14:13:53.841163" elapsed="0.000139"/>
</kw>
<arg>${json_data["results"][0]["location"]["coordinates"]["longitude"]} &gt;= -180 and ${json_data["results"][0]["location"]["coordinates"]["longitude"]} &lt;= 180</arg>
<arg>Should Be True</arg>
<arg>${True}</arg>
<doc>Runs the given keyword with the given arguments, if ``condition`` is true.</doc>
<status status="PASS" start="2024-04-16T14:13:53.840472" elapsed="0.000954"/>
</kw>
<status status="PASS" start="2024-04-16T14:13:53.737542" elapsed="0.104019"/>
</kw>
<doc>Testa o conteúdo específico dos campos retornados pela API.</doc>
<tag>testeConteudo</tag>
<status status="PASS" start="2024-04-16T14:13:53.737008" elapsed="0.104709"/>
</test>
<status status="PASS" start="2024-04-16T14:13:52.988650" elapsed="0.855096"/>
</suite>
<status status="PASS" start="2024-04-16T14:13:52.974767" elapsed="0.874286"/>
</suite>
<statistics>
<total>
<stat pass="5" fail="0" skip="0">All Tests</stat>
</total>
<tag>
<stat pass="1" fail="0" skip="0">testeConteudo</stat>
<stat pass="1" fail="0" skip="0">testeEstruturaResposta</stat>
<stat pass="1" fail="0" skip="0">testeRequisicaoBasica</stat>
<stat pass="1" fail="0" skip="0">testeTiposDados</stat>
</tag>
<suite>
<stat pass="5" fail="0" skip="0" id="s1" name="Tests">Tests</stat>
<stat pass="5" fail="0" skip="0" id="s1-s1" name="Random-User-Test">Tests.Random-User-Test</stat>
</suite>
</statistics>
<errors>
</errors>
</robot>
