<?xml version="1.0" encoding="UTF-8"?>
<robot generator="Robot 7.0.1 (Python 3.12.4 on linux)" generated="2024-08-05T05:16:58.351836" rpa="false" schemaversion="5">
<suite id="s1" name="Tests" source="/home/runner/work/ApiRandomUser/ApiRandomUser/RamdonUser/tests">
<suite id="s1-s1" name="Random-User-Test" source="/home/runner/work/ApiRandomUser/ApiRandomUser/RamdonUser/tests/random-user-test.robot">
<test id="s1-s1-t1" name="Conectar" line="13">
<kw name="Conectar API" owner="random-user-service">
<kw name="Create Session" owner="RequestsLibrary">
<msg time="2024-08-05T05:16:58.767786" level="INFO">Creating Session using : alias=consultarAPI, url=https://randomuser.me/, headers={},                     cookies={}, auth=None, timeout=None, proxies=None, verify=False,                     debug=0 </msg>
<arg>consultarAPI</arg>
<arg>${URL}</arg>
<doc>Create Session: create a HTTP session to a server</doc>
<status status="PASS" start="2024-08-05T05:16:58.767591" elapsed="0.000360"/>
</kw>
<status status="PASS" start="2024-08-05T05:16:58.766580" elapsed="0.001712"/>
</kw>
<status status="PASS" start="2024-08-05T05:16:58.765989" elapsed="0.002496"/>
</test>
<test id="s1-s1-t2" name="Validar retorno 200 e JSON Válido" line="16">
<kw name="Teste de Requisicao Basica" owner="random-user-service">
<kw name="GET On Session" owner="RequestsLibrary">
<msg time="2024-08-05T05:16:59.117069" level="INFO">GET Request : url=https://randomuser.me/api 
 path_url=/api 
 headers={'User-Agent': 'python-requests/2.32.3', 'Accept-Encoding': 'gzip, deflate', 'Accept': '*/*', 'Connection': 'keep-alive'} 
 body=None 
 </msg>
<msg time="2024-08-05T05:16:59.117228" level="INFO">GET Response : url=https://randomuser.me/api 
 status=200, reason=OK 
 headers={'Date': 'Mon, 05 Aug 2024 05:16:59 GMT', 'Content-Type': 'application/json; charset=utf-8', 'Transfer-Encoding': 'chunked', 'Connection': 'keep-alive', 'X-Powered-By': 'Express', 'Access-Control-Allow-Origin': '*', 'Cache-Control': 'no-cache', 'ETag': 'W/"49a-THFCvj9Q0770bZpAg/I3b/FvXAU"', 'Vary': 'Accept-Encoding', 'Content-Encoding': 'gzip', 'CF-Cache-Status': 'DYNAMIC', 'Report-To': '{"endpoints":[{"url":"https:\\/\\/a.nel.cloudflare.com\\/report\\/v4?s=nKg7hXmXDdzUpg4Lf3dlVb6FDrHkaNVWMZ%2Bx9tLq7sxrhLh9hBx2MZv4o4lBaAi7xjzvpRs8TvsWMJJRPvpzUdtozRvksPGsWzBUeP4y6FSwAgwKIHP4ZMZxABLvvVzV"}],"group":"cf-nel","max_age":604800}', 'NEL': '{"success_fraction":0,"report_to":"cf-nel","max_age":604800}', 'Server': 'cloudflare', 'CF-RAY': '8ae451736d542523-SJC', 'alt-svc': 'h3=":443"; ma=86400'} 
 body={"results":[{"gender":"female","name":{"title":"Miss","first":"Svyatolyuba","last":"Yareshko"},"location":{"street":{"number":4977,"name":"Volochayivska"},"city":"Lozova","state":"Sumska","country":"Ukraine","postcode":65455,"coordinates":{"latitude":"75.6965","longitude":"52.8789"},"timezone":{"offset":"+5:30","description":"Bombay, Calcutta, Madras, New Delhi"}},"email":"svyatolyuba.yareshko@example.com","login":{"uuid":"cf1b728b-97a4-4b35-a990-156cbe252aca","username":"angrybutterfly393","password":"marlon","salt":"DPrTmwAM","md5":"01e8b2c8dc01238b0ae7980d70633013","sha1":"5c00edf245d9293875cee7a80f10c407069a33e4","sha256":"bb60957556391dd98e4672933b98c697a87fb72fb9e37b0e4bb2123837c1f3d1"},"dob":{"date":"1965-12-28T01:35:31.637Z","age":58},"registered":{"date":"2018-05-24T13:08:15.268Z","age":6},"phone":"(099) D31-6766","cell":"(067) F39-7894","id":{"name":"","value":null},"picture":{"large":"https://randomuser.me/api/portraits/women/69.jpg","medium":"https://randomuser.me/api/portraits/med/women/69.jpg","thumbnail":"https://randomuser.me/api/portraits/thumb/women/69.jpg"},"nat":"UA"}],"info":{"seed":"92f20dcd0e3fc949","results":1,"page":1,"version":"1.4"}} 
 </msg>
<msg time="2024-08-05T05:16:59.117307" level="INFO">/opt/hostedtoolcache/Python/3.12.4/x64/lib/python3.12/site-packages/urllib3/connectionpool.py:1099: InsecureRequestWarning: Unverified HTTPS request is being made to host 'randomuser.me'. Adding certificate verification is strongly advised. See: https://urllib3.readthedocs.io/en/latest/advanced-usage.html#tls-warnings
  warnings.warn(</msg>
<msg time="2024-08-05T05:16:59.117427" level="INFO">${response} = &lt;Response [200]&gt;</msg>
<var>${response}</var>
<arg>consultarAPI</arg>
<arg>/api</arg>
<doc>Sends a GET request on a previously created HTTP Session.</doc>
<status status="PASS" start="2024-08-05T05:16:58.771119" elapsed="0.346350"/>
</kw>
<kw name="Should Be Equal As Numbers" owner="BuiltIn">
<msg time="2024-08-05T05:16:59.118355" level="INFO">Argument types are:
&lt;class 'int'&gt;
&lt;class 'str'&gt;</msg>
<arg>${response.status_code}</arg>
<arg>200</arg>
<doc>Fails if objects are unequal after converting them to real numbers.</doc>
<status status="PASS" start="2024-08-05T05:16:59.117929" elapsed="0.000489"/>
</kw>
<kw name="Log" owner="BuiltIn">
<msg time="2024-08-05T05:16:59.119070" level="INFO">200</msg>
<arg>${response.status_code}</arg>
<doc>Logs the given message with the given level.</doc>
<status status="PASS" start="2024-08-05T05:16:59.118726" elapsed="0.000386"/>
</kw>
<kw name="Set Variable" owner="BuiltIn">
<msg time="2024-08-05T05:16:59.119899" level="INFO">${json_data} = {'results': [{'gender': 'female', 'name': {'title': 'Miss', 'first': 'Svyatolyuba', 'last': 'Yareshko'}, 'location': {'street': {'number': 4977, 'name': 'Volochayivska'}, 'city': 'Lozova', 'state': 'S...</msg>
<var>${json_data}</var>
<arg>${response.json()}</arg>
<doc>Returns the given values which can then be assigned to a variables.</doc>
<status status="PASS" start="2024-08-05T05:16:59.119468" elapsed="0.000460"/>
</kw>
<kw name="Dictionary Should Contain Key" owner="Collections">
<arg>${json_data}</arg>
<arg>results</arg>
<doc>Fails if ``key`` is not found from ``dictionary``.</doc>
<status status="PASS" start="2024-08-05T05:16:59.120228" elapsed="0.000303"/>
</kw>
<status status="PASS" start="2024-08-05T05:16:58.770872" elapsed="0.349810"/>
</kw>
<doc>Testa se a API responde corretamente e retorna um objeto JSON válido.</doc>
<tag>testeRequisicaoBasica</tag>
<status status="PASS" start="2024-08-05T05:16:58.770319" elapsed="0.350526"/>
</test>
<test id="s1-s1-t3" name="Validar estrutura de resposta" line="22">
<kw name="Teste de Estrutura de Resposta" owner="random-user-service">
<kw name="GET On Session" owner="RequestsLibrary">
<msg time="2024-08-05T05:16:59.230229" level="INFO">GET Request : url=https://randomuser.me/api 
 path_url=/api 
 headers={'User-Agent': 'python-requests/2.32.3', 'Accept-Encoding': 'gzip, deflate', 'Accept': '*/*', 'Connection': 'keep-alive'} 
 body=None 
 </msg>
<msg time="2024-08-05T05:16:59.230320" level="INFO">GET Response : url=https://randomuser.me/api 
 status=200, reason=OK 
 headers={'Date': 'Mon, 05 Aug 2024 05:16:59 GMT', 'Content-Type': 'application/json; charset=utf-8', 'Transfer-Encoding': 'chunked', 'Connection': 'keep-alive', 'X-Powered-By': 'Express', 'Access-Control-Allow-Origin': '*', 'Cache-Control': 'no-cache', 'ETag': 'W/"485-OFOiqF2j9CWuvejuqzQJv1BWA4w"', 'Vary': 'Accept-Encoding', 'Content-Encoding': 'gzip', 'CF-Cache-Status': 'DYNAMIC', 'Report-To': '{"endpoints":[{"url":"https:\\/\\/a.nel.cloudflare.com\\/report\\/v4?s=DNDFoZbElDwNISqGb8FaexC4UNyDURLfeUzU%2B4IKNWZ8LRP%2FNo4Ab9Lg2Mngml2q2u6BmC9aDl%2F8DZgW4ZJBzTpHwL3HSs%2Bb1qxC%2Bt3BTOYxQtgnqNFG0h8i8JbXIzLn"}],"group":"cf-nel","max_age":604800}', 'NEL': '{"success_fraction":0,"report_to":"cf-nel","max_age":604800}', 'Server': 'cloudflare', 'CF-RAY': '8ae451758fb32523-SJC', 'alt-svc': 'h3=":443"; ma=86400'} 
 body={"results":[{"gender":"male","name":{"title":"Mr","first":"محمدمهدی","last":"رضایی"},"location":{"street":{"number":5760,"name":"جمهوری"},"city":"شهریار","state":"یزد","country":"Iran","postcode":65818,"coordinates":{"latitude":"20.7030","longitude":"-25.5528"},"timezone":{"offset":"-8:00","description":"Pacific Time (US &amp; Canada)"}},"email":"mhmdmhdy.rdyy@example.com","login":{"uuid":"d22939f9-5d19-408c-96f8-9da16c34c2a6","username":"whiteleopard609","password":"hamish","salt":"t1eMaHVK","md5":"227ea054ad5d8d9f5b3a55fe6d6783d6","sha1":"3db2b58f7ac0b767227416becdb3574e50fde482","sha256":"3947f7081d63150043660826f8d0b43a777137aacde9b32bf23a3ee3ab9c320c"},"dob":{"date":"1993-04-15T07:24:04.162Z","age":31},"registered":{"date":"2015-06-17T07:50:53.469Z","age":9},"phone":"047-22816415","cell":"0900-718-5422","id":{"name":"","value":null},"picture":{"large":"https://randomuser.me/api/portraits/men/12.jpg","medium":"https://randomuser.me/api/portraits/med/men/12.jpg","thumbnail":"https://randomuser.me/api/portraits/thumb/men/12.jpg"},"nat":"IR"}],"info":{"seed":"940d6a6746097b35","results":1,"page":1,"version":"1.4"}} 
 </msg>
<msg time="2024-08-05T05:16:59.230457" level="INFO">/opt/hostedtoolcache/Python/3.12.4/x64/lib/python3.12/site-packages/urllib3/connectionpool.py:1099: InsecureRequestWarning: Unverified HTTPS request is being made to host 'randomuser.me'. Adding certificate verification is strongly advised. See: https://urllib3.readthedocs.io/en/latest/advanced-usage.html#tls-warnings
  warnings.warn(</msg>
<msg time="2024-08-05T05:16:59.230552" level="INFO">${response} = &lt;Response [200]&gt;</msg>
<var>${response}</var>
<arg>consultarAPI</arg>
<arg>/api</arg>
<doc>Sends a GET request on a previously created HTTP Session.</doc>
<status status="PASS" start="2024-08-05T05:16:59.123362" elapsed="0.107225"/>
</kw>
<kw name="Set Variable" owner="BuiltIn">
<msg time="2024-08-05T05:16:59.231474" level="INFO">${json_data} = {'results': [{'gender': 'male', 'name': {'title': 'Mr', 'first': 'محمدمهدی', 'last': 'رضایی'}, 'location': {'street': {'number': 5760, 'name': 'جمهوری'}, 'city': 'شهریار', 'state': 'یزد', 'country': '...</msg>
<var>${json_data}</var>
<arg>${response.json()}</arg>
<doc>Returns the given values which can then be assigned to a variables.</doc>
<status status="PASS" start="2024-08-05T05:16:59.230973" elapsed="0.000532"/>
</kw>
<kw name="Log" owner="BuiltIn">
<msg time="2024-08-05T05:16:59.231971" level="INFO">{'results': [{'gender': 'male', 'name': {'title': 'Mr', 'first': 'محمدمهدی', 'last': 'رضایی'}, 'location': {'street': {'number': 5760, 'name': 'جمهوری'}, 'city': 'شهریار', 'state': 'یزد', 'country': 'Iran', 'postcode': 65818, 'coordinates': {'latitude': '20.7030', 'longitude': '-25.5528'}, 'timezone': {'offset': '-8:00', 'description': 'Pacific Time (US &amp; Canada)'}}, 'email': 'mhmdmhdy.rdyy@example.com', 'login': {'uuid': 'd22939f9-5d19-408c-96f8-9da16c34c2a6', 'username': 'whiteleopard609', 'password': 'hamish', 'salt': 't1eMaHVK', 'md5': '227ea054ad5d8d9f5b3a55fe6d6783d6', 'sha1': '3db2b58f7ac0b767227416becdb3574e50fde482', 'sha256': '3947f7081d63150043660826f8d0b43a777137aacde9b32bf23a3ee3ab9c320c'}, 'dob': {'date': '1993-04-15T07:24:04.162Z', 'age': 31}, 'registered': {'date': '2015-06-17T07:50:53.469Z', 'age': 9}, 'phone': '047-22816415', 'cell': '0900-718-5422', 'id': {'name': '', 'value': None}, 'picture': {'large': 'https://randomuser.me/api/portraits/men/12.jpg', 'medium': 'https://randomuser.me/api/portraits/med/men/12.jpg', 'thumbnail': 'https://randomuser.me/api/portraits/thumb/men/12.jpg'}, 'nat': 'IR'}], 'info': {'seed': '940d6a6746097b35', 'results': 1, 'page': 1, 'version': '1.4'}}</msg>
<arg>${json_data}</arg>
<doc>Logs the given message with the given level.</doc>
<status status="PASS" start="2024-08-05T05:16:59.231812" elapsed="0.000210"/>
</kw>
<kw name="Dictionary Should Contain Key" owner="Collections">
<arg>${json_data}</arg>
<arg>results</arg>
<doc>Fails if ``key`` is not found from ``dictionary``.</doc>
<status status="PASS" start="2024-08-05T05:16:59.232313" elapsed="0.000158"/>
</kw>
<kw name="Should Not Be Empty" owner="BuiltIn">
<msg time="2024-08-05T05:16:59.232778" level="INFO">Length is 2.</msg>
<arg>${json_data}</arg>
<doc>Verifies that the given item is not empty.</doc>
<status status="PASS" start="2024-08-05T05:16:59.232653" elapsed="0.000164"/>
</kw>
<kw name="Create List" owner="BuiltIn">
<msg time="2024-08-05T05:16:59.233254" level="INFO">${expected_keys} = ['gender', 'name', 'location', 'email', 'login']</msg>
<var>${expected_keys}</var>
<arg>gender</arg>
<arg>name</arg>
<arg>location</arg>
<arg>email</arg>
<arg>login</arg>
<doc>Returns a list containing given items.</doc>
<status status="PASS" start="2024-08-05T05:16:59.233109" elapsed="0.000169"/>
</kw>
<for flavor="IN">
<iter>
<kw name="Dictionary Should Contain Key" owner="Collections">
<arg>${json_data['results'][0]}</arg>
<arg>${key}</arg>
<doc>Fails if ``key`` is not found from ``dictionary``.</doc>
<status status="PASS" start="2024-08-05T05:16:59.233839" elapsed="0.000400"/>
</kw>
<kw name="Log" owner="BuiltIn">
<msg time="2024-08-05T05:16:59.234790" level="INFO">{'gender': 'male', 'name': {'title': 'Mr', 'first': 'محمدمهدی', 'last': 'رضایی'}, 'location': {'street': {'number': 5760, 'name': 'جمهوری'}, 'city': 'شهریار', 'state': 'یزد', 'country': 'Iran', 'postcode': 65818, 'coordinates': {'latitude': '20.7030', 'longitude': '-25.5528'}, 'timezone': {'offset': '-8:00', 'description': 'Pacific Time (US &amp; Canada)'}}, 'email': 'mhmdmhdy.rdyy@example.com', 'login': {'uuid': 'd22939f9-5d19-408c-96f8-9da16c34c2a6', 'username': 'whiteleopard609', 'password': 'hamish', 'salt': 't1eMaHVK', 'md5': '227ea054ad5d8d9f5b3a55fe6d6783d6', 'sha1': '3db2b58f7ac0b767227416becdb3574e50fde482', 'sha256': '3947f7081d63150043660826f8d0b43a777137aacde9b32bf23a3ee3ab9c320c'}, 'dob': {'date': '1993-04-15T07:24:04.162Z', 'age': 31}, 'registered': {'date': '2015-06-17T07:50:53.469Z', 'age': 9}, 'phone': '047-22816415', 'cell': '0900-718-5422', 'id': {'name': '', 'value': None}, 'picture': {'large': 'https://randomuser.me/api/portraits/men/12.jpg', 'medium': 'https://randomuser.me/api/portraits/med/men/12.jpg', 'thumbnail': 'https://randomuser.me/api/portraits/thumb/men/12.jpg'}, 'nat': 'IR'}</msg>
<arg>${json_data['results'][0]}</arg>
<doc>Logs the given message with the given level.</doc>
<status status="PASS" start="2024-08-05T05:16:59.234429" elapsed="0.000414"/>
</kw>
<kw name="Log" owner="BuiltIn">
<msg time="2024-08-05T05:16:59.235319" level="INFO">gender</msg>
<arg>${key}</arg>
<doc>Logs the given message with the given level.</doc>
<status status="PASS" start="2024-08-05T05:16:59.235166" elapsed="0.000192"/>
</kw>
<var name="${key}">gender</var>
<status status="PASS" start="2024-08-05T05:16:59.233716" elapsed="0.001859"/>
</iter>
<iter>
<kw name="Dictionary Should Contain Key" owner="Collections">
<arg>${json_data['results'][0]}</arg>
<arg>${key}</arg>
<doc>Fails if ``key`` is not found from ``dictionary``.</doc>
<status status="PASS" start="2024-08-05T05:16:59.235878" elapsed="0.000395"/>
</kw>
<kw name="Log" owner="BuiltIn">
<msg time="2024-08-05T05:16:59.236817" level="INFO">{'gender': 'male', 'name': {'title': 'Mr', 'first': 'محمدمهدی', 'last': 'رضایی'}, 'location': {'street': {'number': 5760, 'name': 'جمهوری'}, 'city': 'شهریار', 'state': 'یزد', 'country': 'Iran', 'postcode': 65818, 'coordinates': {'latitude': '20.7030', 'longitude': '-25.5528'}, 'timezone': {'offset': '-8:00', 'description': 'Pacific Time (US &amp; Canada)'}}, 'email': 'mhmdmhdy.rdyy@example.com', 'login': {'uuid': 'd22939f9-5d19-408c-96f8-9da16c34c2a6', 'username': 'whiteleopard609', 'password': 'hamish', 'salt': 't1eMaHVK', 'md5': '227ea054ad5d8d9f5b3a55fe6d6783d6', 'sha1': '3db2b58f7ac0b767227416becdb3574e50fde482', 'sha256': '3947f7081d63150043660826f8d0b43a777137aacde9b32bf23a3ee3ab9c320c'}, 'dob': {'date': '1993-04-15T07:24:04.162Z', 'age': 31}, 'registered': {'date': '2015-06-17T07:50:53.469Z', 'age': 9}, 'phone': '047-22816415', 'cell': '0900-718-5422', 'id': {'name': '', 'value': None}, 'picture': {'large': 'https://randomuser.me/api/portraits/men/12.jpg', 'medium': 'https://randomuser.me/api/portraits/med/men/12.jpg', 'thumbnail': 'https://randomuser.me/api/portraits/thumb/men/12.jpg'}, 'nat': 'IR'}</msg>
<arg>${json_data['results'][0]}</arg>
<doc>Logs the given message with the given level.</doc>
<status status="PASS" start="2024-08-05T05:16:59.236458" elapsed="0.000445"/>
</kw>
<kw name="Log" owner="BuiltIn">
<msg time="2024-08-05T05:16:59.237332" level="INFO">name</msg>
<arg>${key}</arg>
<doc>Logs the given message with the given level.</doc>
<status status="PASS" start="2024-08-05T05:16:59.237203" elapsed="0.000168"/>
</kw>
<var name="${key}">name</var>
<status status="PASS" start="2024-08-05T05:16:59.235759" elapsed="0.001826"/>
</iter>
<iter>
<kw name="Dictionary Should Contain Key" owner="Collections">
<arg>${json_data['results'][0]}</arg>
<arg>${key}</arg>
<doc>Fails if ``key`` is not found from ``dictionary``.</doc>
<status status="PASS" start="2024-08-05T05:16:59.237872" elapsed="0.000381"/>
</kw>
<kw name="Log" owner="BuiltIn">
<msg time="2024-08-05T05:16:59.238789" level="INFO">{'gender': 'male', 'name': {'title': 'Mr', 'first': 'محمدمهدی', 'last': 'رضایی'}, 'location': {'street': {'number': 5760, 'name': 'جمهوری'}, 'city': 'شهریار', 'state': 'یزد', 'country': 'Iran', 'postcode': 65818, 'coordinates': {'latitude': '20.7030', 'longitude': '-25.5528'}, 'timezone': {'offset': '-8:00', 'description': 'Pacific Time (US &amp; Canada)'}}, 'email': 'mhmdmhdy.rdyy@example.com', 'login': {'uuid': 'd22939f9-5d19-408c-96f8-9da16c34c2a6', 'username': 'whiteleopard609', 'password': 'hamish', 'salt': 't1eMaHVK', 'md5': '227ea054ad5d8d9f5b3a55fe6d6783d6', 'sha1': '3db2b58f7ac0b767227416becdb3574e50fde482', 'sha256': '3947f7081d63150043660826f8d0b43a777137aacde9b32bf23a3ee3ab9c320c'}, 'dob': {'date': '1993-04-15T07:24:04.162Z', 'age': 31}, 'registered': {'date': '2015-06-17T07:50:53.469Z', 'age': 9}, 'phone': '047-22816415', 'cell': '0900-718-5422', 'id': {'name': '', 'value': None}, 'picture': {'large': 'https://randomuser.me/api/portraits/men/12.jpg', 'medium': 'https://randomuser.me/api/portraits/med/men/12.jpg', 'thumbnail': 'https://randomuser.me/api/portraits/thumb/men/12.jpg'}, 'nat': 'IR'}</msg>
<arg>${json_data['results'][0]}</arg>
<doc>Logs the given message with the given level.</doc>
<status status="PASS" start="2024-08-05T05:16:59.238436" elapsed="0.000405"/>
</kw>
<kw name="Log" owner="BuiltIn">
<msg time="2024-08-05T05:16:59.239306" level="INFO">location</msg>
<arg>${key}</arg>
<doc>Logs the given message with the given level.</doc>
<status status="PASS" start="2024-08-05T05:16:59.239145" elapsed="0.000200"/>
</kw>
<var name="${key}">location</var>
<status status="PASS" start="2024-08-05T05:16:59.237763" elapsed="0.001806"/>
</iter>
<iter>
<kw name="Dictionary Should Contain Key" owner="Collections">
<arg>${json_data['results'][0]}</arg>
<arg>${key}</arg>
<doc>Fails if ``key`` is not found from ``dictionary``.</doc>
<status status="PASS" start="2024-08-05T05:16:59.239854" elapsed="0.000415"/>
</kw>
<kw name="Log" owner="BuiltIn">
<msg time="2024-08-05T05:16:59.240940" level="INFO">{'gender': 'male', 'name': {'title': 'Mr', 'first': 'محمدمهدی', 'last': 'رضایی'}, 'location': {'street': {'number': 5760, 'name': 'جمهوری'}, 'city': 'شهریار', 'state': 'یزد', 'country': 'Iran', 'postcode': 65818, 'coordinates': {'latitude': '20.7030', 'longitude': '-25.5528'}, 'timezone': {'offset': '-8:00', 'description': 'Pacific Time (US &amp; Canada)'}}, 'email': 'mhmdmhdy.rdyy@example.com', 'login': {'uuid': 'd22939f9-5d19-408c-96f8-9da16c34c2a6', 'username': 'whiteleopard609', 'password': 'hamish', 'salt': 't1eMaHVK', 'md5': '227ea054ad5d8d9f5b3a55fe6d6783d6', 'sha1': '3db2b58f7ac0b767227416becdb3574e50fde482', 'sha256': '3947f7081d63150043660826f8d0b43a777137aacde9b32bf23a3ee3ab9c320c'}, 'dob': {'date': '1993-04-15T07:24:04.162Z', 'age': 31}, 'registered': {'date': '2015-06-17T07:50:53.469Z', 'age': 9}, 'phone': '047-22816415', 'cell': '0900-718-5422', 'id': {'name': '', 'value': None}, 'picture': {'large': 'https://randomuser.me/api/portraits/men/12.jpg', 'medium': 'https://randomuser.me/api/portraits/med/men/12.jpg', 'thumbnail': 'https://randomuser.me/api/portraits/thumb/men/12.jpg'}, 'nat': 'IR'}</msg>
<arg>${json_data['results'][0]}</arg>
<doc>Logs the given message with the given level.</doc>
<status status="PASS" start="2024-08-05T05:16:59.240579" elapsed="0.000415"/>
</kw>
<kw name="Log" owner="BuiltIn">
<msg time="2024-08-05T05:16:59.241427" level="INFO">email</msg>
<arg>${key}</arg>
<doc>Logs the given message with the given level.</doc>
<status status="PASS" start="2024-08-05T05:16:59.241295" elapsed="0.000171"/>
</kw>
<var name="${key}">email</var>
<status status="PASS" start="2024-08-05T05:16:59.239745" elapsed="0.001935"/>
</iter>
<iter>
<kw name="Dictionary Should Contain Key" owner="Collections">
<arg>${json_data['results'][0]}</arg>
<arg>${key}</arg>
<doc>Fails if ``key`` is not found from ``dictionary``.</doc>
<status status="PASS" start="2024-08-05T05:16:59.241968" elapsed="0.000379"/>
</kw>
<kw name="Log" owner="BuiltIn">
<msg time="2024-08-05T05:16:59.242879" level="INFO">{'gender': 'male', 'name': {'title': 'Mr', 'first': 'محمدمهدی', 'last': 'رضایی'}, 'location': {'street': {'number': 5760, 'name': 'جمهوری'}, 'city': 'شهریار', 'state': 'یزد', 'country': 'Iran', 'postcode': 65818, 'coordinates': {'latitude': '20.7030', 'longitude': '-25.5528'}, 'timezone': {'offset': '-8:00', 'description': 'Pacific Time (US &amp; Canada)'}}, 'email': 'mhmdmhdy.rdyy@example.com', 'login': {'uuid': 'd22939f9-5d19-408c-96f8-9da16c34c2a6', 'username': 'whiteleopard609', 'password': 'hamish', 'salt': 't1eMaHVK', 'md5': '227ea054ad5d8d9f5b3a55fe6d6783d6', 'sha1': '3db2b58f7ac0b767227416becdb3574e50fde482', 'sha256': '3947f7081d63150043660826f8d0b43a777137aacde9b32bf23a3ee3ab9c320c'}, 'dob': {'date': '1993-04-15T07:24:04.162Z', 'age': 31}, 'registered': {'date': '2015-06-17T07:50:53.469Z', 'age': 9}, 'phone': '047-22816415', 'cell': '0900-718-5422', 'id': {'name': '', 'value': None}, 'picture': {'large': 'https://randomuser.me/api/portraits/men/12.jpg', 'medium': 'https://randomuser.me/api/portraits/med/men/12.jpg', 'thumbnail': 'https://randomuser.me/api/portraits/thumb/men/12.jpg'}, 'nat': 'IR'}</msg>
<arg>${json_data['results'][0]}</arg>
<doc>Logs the given message with the given level.</doc>
<status status="PASS" start="2024-08-05T05:16:59.242531" elapsed="0.000401"/>
</kw>
<kw name="Log" owner="BuiltIn">
<msg time="2024-08-05T05:16:59.243394" level="INFO">login</msg>
<arg>${key}</arg>
<doc>Logs the given message with the given level.</doc>
<status status="PASS" start="2024-08-05T05:16:59.243256" elapsed="0.000176"/>
</kw>
<var name="${key}">login</var>
<status status="PASS" start="2024-08-05T05:16:59.241858" elapsed="0.001792"/>
</iter>
<var>${key}</var>
<value>@{expected_keys}</value>
<status status="PASS" start="2024-08-05T05:16:59.233531" elapsed="0.010243"/>
</for>
<kw name="Create List" owner="BuiltIn">
<msg time="2024-08-05T05:16:59.244102" level="INFO">${expected_keysTwo} = ['username', 'password']</msg>
<var>${expected_keysTwo}</var>
<arg>username</arg>
<arg>password</arg>
<doc>Returns a list containing given items.</doc>
<status status="PASS" start="2024-08-05T05:16:59.243966" elapsed="0.000187"/>
</kw>
<for flavor="IN">
<iter>
<kw name="Dictionary Should Contain Key" owner="Collections">
<arg>${json_data['results'][0]['login']}</arg>
<arg>${keyTwo}</arg>
<doc>Fails if ``key`` is not found from ``dictionary``.</doc>
<status status="PASS" start="2024-08-05T05:16:59.244668" elapsed="0.000386"/>
</kw>
<kw name="Dictionary Should Contain Key" owner="Collections">
<arg>${json_data['results'][0]['login']}</arg>
<arg>${keyTwo}</arg>
<doc>Fails if ``key`` is not found from ``dictionary``.</doc>
<status status="PASS" start="2024-08-05T05:16:59.245236" elapsed="0.000384"/>
</kw>
<kw name="Log" owner="BuiltIn">
<msg time="2024-08-05T05:16:59.245920" level="INFO">username</msg>
<arg>${keyTwo}</arg>
<doc>Logs the given message with the given level.</doc>
<status status="PASS" start="2024-08-05T05:16:59.245799" elapsed="0.000159"/>
</kw>
<var name="${keyTwo}">username</var>
<status status="PASS" start="2024-08-05T05:16:59.244558" elapsed="0.001623"/>
</iter>
<iter>
<kw name="Dictionary Should Contain Key" owner="Collections">
<arg>${json_data['results'][0]['login']}</arg>
<arg>${keyTwo}</arg>
<doc>Fails if ``key`` is not found from ``dictionary``.</doc>
<status status="PASS" start="2024-08-05T05:16:59.246479" elapsed="0.000388"/>
</kw>
<kw name="Dictionary Should Contain Key" owner="Collections">
<arg>${json_data['results'][0]['login']}</arg>
<arg>${keyTwo}</arg>
<doc>Fails if ``key`` is not found from ``dictionary``.</doc>
<status status="PASS" start="2024-08-05T05:16:59.247045" elapsed="0.000505"/>
</kw>
<kw name="Log" owner="BuiltIn">
<msg time="2024-08-05T05:16:59.247867" level="INFO">password</msg>
<arg>${keyTwo}</arg>
<doc>Logs the given message with the given level.</doc>
<status status="PASS" start="2024-08-05T05:16:59.247740" elapsed="0.000166"/>
</kw>
<var name="${keyTwo}">password</var>
<status status="PASS" start="2024-08-05T05:16:59.246368" elapsed="0.001762"/>
</iter>
<var>${keyTwo}</var>
<value>@{expected_keysTwo}</value>
<status status="PASS" start="2024-08-05T05:16:59.244403" elapsed="0.003849"/>
</for>
<status status="PASS" start="2024-08-05T05:16:59.123105" elapsed="0.125288"/>
</kw>
<doc>Testa a estrutura da resposta da API.</doc>
<tag>testeEstruturaResposta</tag>
<status status="PASS" start="2024-08-05T05:16:59.122617" elapsed="0.125924"/>
</test>
<test id="s1-s1-t4" name="Validar tipos de dados" line="28">
<kw name="Teste de Tipos de Dados" owner="random-user-service">
<kw name="GET On Session" owner="RequestsLibrary">
<msg time="2024-08-05T05:16:59.344599" level="INFO">GET Request : url=https://randomuser.me/api 
 path_url=/api 
 headers={'User-Agent': 'python-requests/2.32.3', 'Accept-Encoding': 'gzip, deflate', 'Accept': '*/*', 'Connection': 'keep-alive'} 
 body=None 
 </msg>
<msg time="2024-08-05T05:16:59.344661" level="INFO">GET Response : url=https://randomuser.me/api 
 status=200, reason=OK 
 headers={'Date': 'Mon, 05 Aug 2024 05:16:59 GMT', 'Content-Type': 'application/json; charset=utf-8', 'Transfer-Encoding': 'chunked', 'Connection': 'keep-alive', 'X-Powered-By': 'Express', 'Access-Control-Allow-Origin': '*', 'Cache-Control': 'no-cache', 'ETag': 'W/"484-NfIu3p+LTTcCiWiHeF8U8o732Wc"', 'Vary': 'Accept-Encoding', 'Content-Encoding': 'gzip', 'CF-Cache-Status': 'DYNAMIC', 'Report-To': '{"endpoints":[{"url":"https:\\/\\/a.nel.cloudflare.com\\/report\\/v4?s=Q3B1WVZLSBfQ2yhTtigUnK9%2BWZxjcfgItuI1BxzisMnxpYCenDxOIifQz9hfguKlqx7VjIyUl2ZPDZIE7or1pI6hpz4wCcSlJaSU8R43G3YhQ5bdo3XHGUZG1Vq1M6He"}],"group":"cf-nel","max_age":604800}', 'NEL': '{"success_fraction":0,"report_to":"cf-nel","max_age":604800}', 'Server': 'cloudflare', 'CF-RAY': '8ae45176589e2523-SJC', 'alt-svc': 'h3=":443"; ma=86400'} 
 body={"results":[{"gender":"male","name":{"title":"Mr","first":"Marion","last":"Smith"},"location":{"street":{"number":5018,"name":"Railroad St"},"city":"Port Macquarie","state":"Tasmania","country":"Australia","postcode":3652,"coordinates":{"latitude":"-83.2724","longitude":"-114.5112"},"timezone":{"offset":"-8:00","description":"Pacific Time (US &amp; Canada)"}},"email":"marion.smith@example.com","login":{"uuid":"ad28aaac-0b2e-4a14-96c2-211d5d853031","username":"smalldog215","password":"gemini","salt":"aRl4Nfrw","md5":"5387bea8b1707e5ec237c023ef7af5af","sha1":"8055e2d01e13edfcc7128610ab4156fae6337515","sha256":"bb446cb69a70fc925261bbd44596ac264687a57cfd4dcfb6e58e98b268a68be3"},"dob":{"date":"1950-12-29T21:11:23.562Z","age":73},"registered":{"date":"2004-07-14T04:19:24.354Z","age":20},"phone":"03-8531-0219","cell":"0401-721-169","id":{"name":"TFN","value":"071448577"},"picture":{"large":"https://randomuser.me/api/portraits/men/81.jpg","medium":"https://randomuser.me/api/portraits/med/men/81.jpg","thumbnail":"https://randomuser.me/api/portraits/thumb/men/81.jpg"},"nat":"AU"}],"info":{"seed":"2fb326c49226e399","results":1,"page":1,"version":"1.4"}} 
 </msg>
<msg time="2024-08-05T05:16:59.344719" level="INFO">/opt/hostedtoolcache/Python/3.12.4/x64/lib/python3.12/site-packages/urllib3/connectionpool.py:1099: InsecureRequestWarning: Unverified HTTPS request is being made to host 'randomuser.me'. Adding certificate verification is strongly advised. See: https://urllib3.readthedocs.io/en/latest/advanced-usage.html#tls-warnings
  warnings.warn(</msg>
<msg time="2024-08-05T05:16:59.344828" level="INFO">${response} = &lt;Response [200]&gt;</msg>
<var>${response}</var>
<arg>consultarAPI</arg>
<arg>/api</arg>
<doc>Sends a GET request on a previously created HTTP Session.</doc>
<status status="PASS" start="2024-08-05T05:16:59.250917" elapsed="0.093954"/>
</kw>
<kw name="Set Variable" owner="BuiltIn">
<msg time="2024-08-05T05:16:59.345734" level="INFO">${json_data} = {'results': [{'gender': 'male', 'name': {'title': 'Mr', 'first': 'Marion', 'last': 'Smith'}, 'location': {'street': {'number': 5018, 'name': 'Railroad St'}, 'city': 'Port Macquarie', 'state': 'Tasmani...</msg>
<var>${json_data}</var>
<arg>${response.json()}</arg>
<doc>Returns the given values which can then be assigned to a variables.</doc>
<status status="PASS" start="2024-08-05T05:16:59.345282" elapsed="0.000481"/>
</kw>
<kw name="Log" owner="BuiltIn">
<msg time="2024-08-05T05:16:59.346232" level="INFO">{'results': [{'gender': 'male', 'name': {'title': 'Mr', 'first': 'Marion', 'last': 'Smith'}, 'location': {'street': {'number': 5018, 'name': 'Railroad St'}, 'city': 'Port Macquarie', 'state': 'Tasmania', 'country': 'Australia', 'postcode': 3652, 'coordinates': {'latitude': '-83.2724', 'longitude': '-114.5112'}, 'timezone': {'offset': '-8:00', 'description': 'Pacific Time (US &amp; Canada)'}}, 'email': 'marion.smith@example.com', 'login': {'uuid': 'ad28aaac-0b2e-4a14-96c2-211d5d853031', 'username': 'smalldog215', 'password': 'gemini', 'salt': 'aRl4Nfrw', 'md5': '5387bea8b1707e5ec237c023ef7af5af', 'sha1': '8055e2d01e13edfcc7128610ab4156fae6337515', 'sha256': 'bb446cb69a70fc925261bbd44596ac264687a57cfd4dcfb6e58e98b268a68be3'}, 'dob': {'date': '1950-12-29T21:11:23.562Z', 'age': 73}, 'registered': {'date': '2004-07-14T04:19:24.354Z', 'age': 20}, 'phone': '03-8531-0219', 'cell': '0401-721-169', 'id': {'name': 'TFN', 'value': '071448577'}, 'picture': {'large': 'https://randomuser.me/api/portraits/men/81.jpg', 'medium': 'https://randomuser.me/api/portraits/med/men/81.jpg', 'thumbnail': 'https://randomuser.me/api/portraits/thumb/men/81.jpg'}, 'nat': 'AU'}], 'info': {'seed': '2fb326c49226e399', 'results': 1, 'page': 1, 'version': '1.4'}}</msg>
<arg>${json_data}</arg>
<doc>Logs the given message with the given level.</doc>
<status status="PASS" start="2024-08-05T05:16:59.346072" elapsed="0.000212"/>
</kw>
<kw name="Should Be String" owner="String">
<arg>${json_data['results'][0]['gender']}</arg>
<doc>Fails if the given ``item`` is not a string.</doc>
<status status="PASS" start="2024-08-05T05:16:59.346576" elapsed="0.000361"/>
</kw>
<kw name="Should Match Regexp" owner="BuiltIn">
<arg>${json_data['results'][0]['email']}</arg>
<arg>^[a-zA-Z0-9._%+-]+@[a-zA-Z0-9.-]+\.[a-zA-Z]{2,}$</arg>
<doc>Fails if ``string`` does not match ``pattern`` as a regular expression.</doc>
<status status="PASS" start="2024-08-05T05:16:59.347133" elapsed="0.000569"/>
</kw>
<kw name="Should Match Regexp" owner="BuiltIn">
<arg>${json_data['results'][0]['dob']['date']}</arg>
<arg>\\d{4}-\\d{2}-\\d{2}T\\d{2}:\\d{2}:\\d{2}\\.\\d{3}Z</arg>
<doc>Fails if ``string`` does not match ``pattern`` as a regular expression.</doc>
<status status="PASS" start="2024-08-05T05:16:59.347937" elapsed="0.000603"/>
</kw>
<kw name="Should Match Regexp" owner="BuiltIn">
<arg>${json_data['results'][0]['registered']['date']}</arg>
<arg>\\d{4}-\\d{2}-\\d{2}T\\d{2}:\\d{2}:\\d{2}\\.\\d{3}Z</arg>
<doc>Fails if ``string`` does not match ``pattern`` as a regular expression.</doc>
<status status="PASS" start="2024-08-05T05:16:59.348738" elapsed="0.000377"/>
</kw>
<kw name="Should Match Regexp" owner="BuiltIn">
<arg>${json_data['results'][0]['picture']['large']}</arg>
<arg>^https?://.*\.(?:png|jpe?g|gif|bmp)$</arg>
<doc>Fails if ``string`` does not match ``pattern`` as a regular expression.</doc>
<status status="PASS" start="2024-08-05T05:16:59.349302" elapsed="0.000459"/>
</kw>
<kw name="Should Match Regexp" owner="BuiltIn">
<arg>${json_data['results'][0]['picture']['medium']}</arg>
<arg>^https?://.*\.(?:png|jpe?g|gif|bmp)$</arg>
<doc>Fails if ``string`` does not match ``pattern`` as a regular expression.</doc>
<status status="PASS" start="2024-08-05T05:16:59.349952" elapsed="0.000363"/>
</kw>
<kw name="Should Match Regexp" owner="BuiltIn">
<arg>${json_data['results'][0]['picture']['thumbnail']}</arg>
<arg>^https?://.*\.(?:png|jpe?g|gif|bmp)$</arg>
<doc>Fails if ``string`` does not match ``pattern`` as a regular expression.</doc>
<status status="PASS" start="2024-08-05T05:16:59.350502" elapsed="0.000352"/>
</kw>
<kw name="Log" owner="BuiltIn">
<msg time="2024-08-05T05:16:59.351399" level="INFO">{'large': 'https://randomuser.me/api/portraits/men/81.jpg', 'medium': 'https://randomuser.me/api/portraits/med/men/81.jpg', 'thumbnail': 'https://randomuser.me/api/portraits/thumb/men/81.jpg'}</msg>
<arg>${json_data['results'][0]['picture']}</arg>
<doc>Logs the given message with the given level.</doc>
<status status="PASS" start="2024-08-05T05:16:59.351050" elapsed="0.000392"/>
</kw>
<status status="PASS" start="2024-08-05T05:16:59.250691" elapsed="0.101008"/>
</kw>
<kw name="Teste de Tipos de Dados - Postcode" owner="random-user-service">
<kw name="GET On Session" owner="RequestsLibrary">
<msg time="2024-08-05T05:16:59.449611" level="INFO">GET Request : url=https://randomuser.me/api 
 path_url=/api 
 headers={'User-Agent': 'python-requests/2.32.3', 'Accept-Encoding': 'gzip, deflate', 'Accept': '*/*', 'Connection': 'keep-alive'} 
 body=None 
 </msg>
<msg time="2024-08-05T05:16:59.449707" level="INFO">GET Response : url=https://randomuser.me/api 
 status=200, reason=OK 
 headers={'Date': 'Mon, 05 Aug 2024 05:16:59 GMT', 'Content-Type': 'application/json; charset=utf-8', 'Transfer-Encoding': 'chunked', 'Connection': 'keep-alive', 'X-Powered-By': 'Express', 'Access-Control-Allow-Origin': '*', 'Cache-Control': 'no-cache', 'ETag': 'W/"4a0-SV18IG+yuGaOx4F2sBRHdk5cko4"', 'Vary': 'Accept-Encoding', 'Content-Encoding': 'gzip', 'CF-Cache-Status': 'DYNAMIC', 'Report-To': '{"endpoints":[{"url":"https:\\/\\/a.nel.cloudflare.com\\/report\\/v4?s=IVCoe0OglPbdASuNpLNxDWylvV8NRD%2FCaInYYSmZNnj2XkTusaod6VYUl3EuuEjBqPgC8OxSf6lBcHr6bfm0a39qHP6KxQ7EQ2Ye1rltaWnqOBEVpHHDqy83tmMxeQTN"}],"group":"cf-nel","max_age":604800}', 'NEL': '{"success_fraction":0,"report_to":"cf-nel","max_age":604800}', 'Server': 'cloudflare', 'CF-RAY': '8ae45176f9392523-SJC', 'alt-svc': 'h3=":443"; ma=86400'} 
 body={"results":[{"gender":"male","name":{"title":"Mr","first":"Adauto","last":"Ramos"},"location":{"street":{"number":2961,"name":"Rua Vinte E Quatro de Outubro"},"city":"Santo André","state":"Espírito Santo","country":"Brazil","postcode":87506,"coordinates":{"latitude":"-80.4123","longitude":"-59.4806"},"timezone":{"offset":"+7:00","description":"Bangkok, Hanoi, Jakarta"}},"email":"adauto.ramos@example.com","login":{"uuid":"0dd4fc4d-df16-43b1-bd35-f46ceff28156","username":"bluegoose993","password":"sunfire","salt":"Y0gxnSgo","md5":"f5de2869f17850956b339c4fb420e779","sha1":"27f881397032c5103f81bc2550ad9fffaeb9571c","sha256":"69c33277d65c8fd4695be89fb798089560057c45d994a956757e6de443cfe2d9"},"dob":{"date":"1961-02-26T11:20:07.622Z","age":63},"registered":{"date":"2010-12-29T07:49:30.935Z","age":13},"phone":"(99) 9150-3363","cell":"(84) 2743-6826","id":{"name":"CPF","value":"834.131.969-55"},"picture":{"large":"https://randomuser.me/api/portraits/men/77.jpg","medium":"https://randomuser.me/api/portraits/med/men/77.jpg","thumbnail":"https://randomuser.me/api/portraits/thumb/men/77.jpg"},"nat":"BR"}],"info":{"seed":"2539687c8483e65d","results":1,"page":1,"version":"1.4"}} 
 </msg>
<msg time="2024-08-05T05:16:59.449780" level="INFO">/opt/hostedtoolcache/Python/3.12.4/x64/lib/python3.12/site-packages/urllib3/connectionpool.py:1099: InsecureRequestWarning: Unverified HTTPS request is being made to host 'randomuser.me'. Adding certificate verification is strongly advised. See: https://urllib3.readthedocs.io/en/latest/advanced-usage.html#tls-warnings
  warnings.warn(</msg>
<msg time="2024-08-05T05:16:59.449896" level="INFO">${response} = &lt;Response [200]&gt;</msg>
<var>${response}</var>
<arg>consultarAPI</arg>
<arg>/api</arg>
<doc>Sends a GET request on a previously created HTTP Session.</doc>
<status status="PASS" start="2024-08-05T05:16:59.352127" elapsed="0.097796"/>
</kw>
<kw name="Set Variable" owner="BuiltIn">
<msg time="2024-08-05T05:16:59.450767" level="INFO">${json_data} = {'results': [{'gender': 'male', 'name': {'title': 'Mr', 'first': 'Adauto', 'last': 'Ramos'}, 'location': {'street': {'number': 2961, 'name': 'Rua Vinte E Quatro de Outubro'}, 'city': 'Santo André', 's...</msg>
<var>${json_data}</var>
<arg>${response.json()}</arg>
<doc>Returns the given values which can then be assigned to a variables.</doc>
<status status="PASS" start="2024-08-05T05:16:59.450307" elapsed="0.000490"/>
</kw>
<kw name="Log" owner="BuiltIn">
<msg time="2024-08-05T05:16:59.451303" level="INFO">{'results': [{'gender': 'male', 'name': {'title': 'Mr', 'first': 'Adauto', 'last': 'Ramos'}, 'location': {'street': {'number': 2961, 'name': 'Rua Vinte E Quatro de Outubro'}, 'city': 'Santo André', 'state': 'Espírito Santo', 'country': 'Brazil', 'postcode': 87506, 'coordinates': {'latitude': '-80.4123', 'longitude': '-59.4806'}, 'timezone': {'offset': '+7:00', 'description': 'Bangkok, Hanoi, Jakarta'}}, 'email': 'adauto.ramos@example.com', 'login': {'uuid': '0dd4fc4d-df16-43b1-bd35-f46ceff28156', 'username': 'bluegoose993', 'password': 'sunfire', 'salt': 'Y0gxnSgo', 'md5': 'f5de2869f17850956b339c4fb420e779', 'sha1': '27f881397032c5103f81bc2550ad9fffaeb9571c', 'sha256': '69c33277d65c8fd4695be89fb798089560057c45d994a956757e6de443cfe2d9'}, 'dob': {'date': '1961-02-26T11:20:07.622Z', 'age': 63}, 'registered': {'date': '2010-12-29T07:49:30.935Z', 'age': 13}, 'phone': '(99) 9150-3363', 'cell': '(84) 2743-6826', 'id': {'name': 'CPF', 'value': '834.131.969-55'}, 'picture': {'large': 'https://randomuser.me/api/portraits/men/77.jpg', 'medium': 'https://randomuser.me/api/portraits/med/men/77.jpg', 'thumbnail': 'https://randomuser.me/api/portraits/thumb/men/77.jpg'}, 'nat': 'BR'}], 'info': {'seed': '2539687c8483e65d', 'results': 1, 'page': 1, 'version': '1.4'}}</msg>
<arg>${json_data}</arg>
<doc>Logs the given message with the given level.</doc>
<status status="PASS" start="2024-08-05T05:16:59.451102" elapsed="0.000250"/>
</kw>
<kw name="Should Be Equal As Numbers" owner="BuiltIn">
<arg>${json_data['results'][0]['location']['postcode']}</arg>
<arg>${json_data['results'][0]['location']['postcode']}</arg>
<doc>Fails if objects are unequal after converting them to real numbers.</doc>
<status status="PASS" start="2024-08-05T05:16:59.451647" elapsed="0.000613"/>
</kw>
<kw name="Log" owner="BuiltIn">
<msg time="2024-08-05T05:16:59.452783" level="INFO">87506</msg>
<arg>${json_data['results'][0]['location']['postcode']}</arg>
<doc>Logs the given message with the given level.</doc>
<status status="PASS" start="2024-08-05T05:16:59.452446" elapsed="0.000378"/>
</kw>
<status status="PASS" start="2024-08-05T05:16:59.351912" elapsed="0.101187"/>
</kw>
<doc>Testa se os tipos de dados na resposta da API estão corretos.</doc>
<tag>testeTiposDados</tag>
<status status="PASS" start="2024-08-05T05:16:59.250260" elapsed="0.202996"/>
</test>
<test id="s1-s1-t5" name="Validar conteudo" line="35">
<kw name="Teste de Tipos de Conteudo" owner="random-user-service">
<kw name="GET On Session" owner="RequestsLibrary">
<msg time="2024-08-05T05:16:59.549832" level="INFO">GET Request : url=https://randomuser.me/api 
 path_url=/api 
 headers={'User-Agent': 'python-requests/2.32.3', 'Accept-Encoding': 'gzip, deflate', 'Accept': '*/*', 'Connection': 'keep-alive'} 
 body=None 
 </msg>
<msg time="2024-08-05T05:16:59.549915" level="INFO">GET Response : url=https://randomuser.me/api 
 status=200, reason=OK 
 headers={'Date': 'Mon, 05 Aug 2024 05:16:59 GMT', 'Content-Type': 'application/json; charset=utf-8', 'Transfer-Encoding': 'chunked', 'Connection': 'keep-alive', 'X-Powered-By': 'Express', 'Access-Control-Allow-Origin': '*', 'Cache-Control': 'no-cache', 'ETag': 'W/"49b-mFBddcrCEDWWzGP02jtKLvIQtyw"', 'Vary': 'Accept-Encoding', 'Content-Encoding': 'gzip', 'CF-Cache-Status': 'DYNAMIC', 'Report-To': '{"endpoints":[{"url":"https:\\/\\/a.nel.cloudflare.com\\/report\\/v4?s=M9GB%2BWSPfdI6ooUsVwm%2FKW8z8heW7CZtTeRVIum%2FY4ZQZJxatNM0qFJqy1GoSVaJxKBRHmHB5NYPBa7KbR4c1zBIS6C9Gg1%2BtQ9WFiptwLeDRfLwpPIFYukc1WaNIdOw"}],"group":"cf-nel","max_age":604800}', 'NEL': '{"success_fraction":0,"report_to":"cf-nel","max_age":604800}', 'Server': 'cloudflare', 'CF-RAY': '8ae451779a0e2523-SJC', 'alt-svc': 'h3=":443"; ma=86400'} 
 body={"results":[{"gender":"female","name":{"title":"Miss","first":"Audrey","last":"Gilbert"},"location":{"street":{"number":2088,"name":"W 6th St"},"city":"Tweed","state":"Western Australia","country":"Australia","postcode":2881,"coordinates":{"latitude":"-85.7612","longitude":"22.8918"},"timezone":{"offset":"+1:00","description":"Brussels, Copenhagen, Madrid, Paris"}},"email":"audrey.gilbert@example.com","login":{"uuid":"14273def-bc95-4950-a240-27fbc2fe7430","username":"beautifulcat530","password":"darkange","salt":"WIvJucil","md5":"bef21269e098e3359a87f6435f7bc1ef","sha1":"f15a34a480b987aaa81af932f8fc4f7ce37ce4b7","sha256":"9f4c6f8cab2910f77726ce2f2f2edc34485e4ba7d62d0594e2d037b5f400462e"},"dob":{"date":"1997-12-26T18:53:35.081Z","age":26},"registered":{"date":"2016-09-17T15:00:46.659Z","age":7},"phone":"01-9942-1029","cell":"0446-252-341","id":{"name":"TFN","value":"114955898"},"picture":{"large":"https://randomuser.me/api/portraits/women/76.jpg","medium":"https://randomuser.me/api/portraits/med/women/76.jpg","thumbnail":"https://randomuser.me/api/portraits/thumb/women/76.jpg"},"nat":"AU"}],"info":{"seed":"e618bec969f6df0d","results":1,"page":1,"version":"1.4"}} 
 </msg>
<msg time="2024-08-05T05:16:59.549989" level="INFO">/opt/hostedtoolcache/Python/3.12.4/x64/lib/python3.12/site-packages/urllib3/connectionpool.py:1099: InsecureRequestWarning: Unverified HTTPS request is being made to host 'randomuser.me'. Adding certificate verification is strongly advised. See: https://urllib3.readthedocs.io/en/latest/advanced-usage.html#tls-warnings
  warnings.warn(</msg>
<msg time="2024-08-05T05:16:59.550092" level="INFO">${response} = &lt;Response [200]&gt;</msg>
<var>${response}</var>
<arg>consultarAPI</arg>
<arg>/api</arg>
<doc>Sends a GET request on a previously created HTTP Session.</doc>
<status status="PASS" start="2024-08-05T05:16:59.456312" elapsed="0.093804"/>
</kw>
<kw name="Set Variable" owner="BuiltIn">
<msg time="2024-08-05T05:16:59.550966" level="INFO">${json_data} = {'results': [{'gender': 'female', 'name': {'title': 'Miss', 'first': 'Audrey', 'last': 'Gilbert'}, 'location': {'street': {'number': 2088, 'name': 'W 6th St'}, 'city': 'Tweed', 'state': 'Western Austr...</msg>
<var>${json_data}</var>
<arg>${response.json()}</arg>
<doc>Returns the given values which can then be assigned to a variables.</doc>
<status status="PASS" start="2024-08-05T05:16:59.550519" elapsed="0.000476"/>
</kw>
<kw name="Set Variable" owner="BuiltIn">
<msg time="2024-08-05T05:16:59.551724" level="INFO">${name_title} = Miss</msg>
<var>${name_title}</var>
<arg>${json_data["results"][0]["name"]["title"]}</arg>
<doc>Returns the given values which can then be assigned to a variables.</doc>
<status status="PASS" start="2024-08-05T05:16:59.551343" elapsed="0.000407"/>
</kw>
<kw name="Create List" owner="BuiltIn">
<msg time="2024-08-05T05:16:59.552193" level="INFO">${allowed_titles} = ['Mr', 'Ms', 'Miss', 'Mrs', 'Madame', 'Monsieur']</msg>
<var>${allowed_titles}</var>
<arg>Mr</arg>
<arg>Ms</arg>
<arg>Miss</arg>
<arg>Mrs</arg>
<arg>Madame</arg>
<arg>Monsieur</arg>
<doc>Returns a list containing given items.</doc>
<status status="PASS" start="2024-08-05T05:16:59.552044" elapsed="0.000173"/>
</kw>
<kw name="List Should Contain Value" owner="Collections">
<arg>${allowed_titles}</arg>
<arg>${name_title}</arg>
<doc>Fails if the ``value`` is not found from ``list``.</doc>
<status status="PASS" start="2024-08-05T05:16:59.552517" elapsed="0.000175"/>
</kw>
<kw name="Set Variable" owner="BuiltIn">
<msg time="2024-08-05T05:16:59.553244" level="INFO">${name_country} = AU</msg>
<var>${name_country}</var>
<arg>${json_data["results"][0]["nat"]}</arg>
<doc>Returns the given values which can then be assigned to a variables.</doc>
<status status="PASS" start="2024-08-05T05:16:59.552873" elapsed="0.000397"/>
</kw>
<kw name="Create List" owner="BuiltIn">
<msg time="2024-08-05T05:16:59.554162" level="INFO">${list_country} = ['AD', 'AE', 'AF', 'AG', 'AI', 'AL', 'AM', 'AO', 'AQ', 'AR', 'AS', 'AT', 'AU', 'AW', 'AX', 'AZ', 'BA', 'BB', 'BD', 'BE', 'BF', 'BG', 'BH', 'BI', 'BJ', 'BL', 'BM', 'BN', 'BO', 'BQ', 'BR', 'BS', 'BT', '...</msg>
<var>${list_country}</var>
<arg>AD</arg>
<arg>AE</arg>
<arg>AF</arg>
<arg>AG</arg>
<arg>AI</arg>
<arg>AL</arg>
<arg>AM</arg>
<arg>AO</arg>
<arg>AQ</arg>
<arg>AR</arg>
<arg>AS</arg>
<arg>AT</arg>
<arg>AU</arg>
<arg>AW</arg>
<arg>AX</arg>
<arg>AZ</arg>
<arg>BA</arg>
<arg>BB</arg>
<arg>BD</arg>
<arg>BE</arg>
<arg>BF</arg>
<arg>BG</arg>
<arg>BH</arg>
<arg>BI</arg>
<arg>BJ</arg>
<arg>BL</arg>
<arg>BM</arg>
<arg>BN</arg>
<arg>BO</arg>
<arg>BQ</arg>
<arg>BR</arg>
<arg>BS</arg>
<arg>BT</arg>
<arg>BV</arg>
<arg>BW</arg>
<arg>BY</arg>
<arg>BZ</arg>
<arg>CA</arg>
<arg>CC</arg>
<arg>CD</arg>
<arg>CF</arg>
<arg>CG</arg>
<arg>CH</arg>
<arg>CI</arg>
<arg>CK</arg>
<arg>CL</arg>
<arg>CM</arg>
<arg>CN</arg>
<arg>CO</arg>
<arg>CR</arg>
<arg>CU</arg>
<arg>CV</arg>
<arg>CW</arg>
<arg>CX</arg>
<arg>CY</arg>
<arg>CZ</arg>
<arg>DE</arg>
<arg>DJ</arg>
<arg>DK</arg>
<arg>DM</arg>
<arg>DO</arg>
<arg>DZ</arg>
<arg>EC</arg>
<arg>EE</arg>
<arg>EG</arg>
<arg>EH</arg>
<arg>ER</arg>
<arg>ES</arg>
<arg>ET</arg>
<arg>FI</arg>
<arg>FJ</arg>
<arg>FK</arg>
<arg>FM</arg>
<arg>FO</arg>
<arg>FR</arg>
<arg>GA</arg>
<arg>GB</arg>
<arg>GD</arg>
<arg>GE</arg>
<arg>GF</arg>
<arg>GG</arg>
<arg>GH</arg>
<arg>GI</arg>
<arg>GL</arg>
<arg>GM</arg>
<arg>GN</arg>
<arg>GP</arg>
<arg>GQ</arg>
<arg>GR</arg>
<arg>GS</arg>
<arg>GT</arg>
<arg>GU</arg>
<arg>GW</arg>
<arg>GY</arg>
<arg>HK</arg>
<arg>HM</arg>
<arg>HN</arg>
<arg>HR</arg>
<arg>HT</arg>
<arg>HU</arg>
<arg>ID</arg>
<arg>IE</arg>
<arg>IL</arg>
<arg>IM</arg>
<arg>IN</arg>
<arg>IO</arg>
<arg>IQ</arg>
<arg>IR</arg>
<arg>IS</arg>
<arg>IT</arg>
<arg>JE</arg>
<arg>JM</arg>
<arg>JO</arg>
<arg>JP</arg>
<arg>KE</arg>
<arg>KG</arg>
<arg>KH</arg>
<arg>KI</arg>
<arg>KM</arg>
<arg>KN</arg>
<arg>KP</arg>
<arg>KR</arg>
<arg>KW</arg>
<arg>KY</arg>
<arg>KZ</arg>
<arg>LA</arg>
<arg>LB</arg>
<arg>LC</arg>
<arg>LI</arg>
<arg>LK</arg>
<arg>LR</arg>
<arg>LS</arg>
<arg>LT</arg>
<arg>LU</arg>
<arg>LV</arg>
<arg>LY</arg>
<arg>MA</arg>
<arg>MC</arg>
<arg>MD</arg>
<arg>ME</arg>
<arg>MF</arg>
<arg>MG</arg>
<arg>MH</arg>
<arg>MK</arg>
<arg>ML</arg>
<arg>MM</arg>
<arg>MN</arg>
<arg>MO</arg>
<arg>MP</arg>
<arg>MQ</arg>
<arg>MR</arg>
<arg>MS</arg>
<arg>MT</arg>
<arg>MU</arg>
<arg>MV</arg>
<arg>MW</arg>
<arg>MX</arg>
<arg>MY</arg>
<arg>MZ</arg>
<arg>NA</arg>
<arg>NC</arg>
<arg>NE</arg>
<arg>NF</arg>
<arg>NG</arg>
<arg>NI</arg>
<arg>NL</arg>
<arg>NO</arg>
<arg>NP</arg>
<arg>NR</arg>
<arg>NU</arg>
<arg>NZ</arg>
<arg>OM</arg>
<arg>PA</arg>
<arg>PE</arg>
<arg>PF</arg>
<arg>PG</arg>
<arg>PH</arg>
<arg>PK</arg>
<arg>PL</arg>
<arg>PM</arg>
<arg>PN</arg>
<arg>PR</arg>
<arg>PS</arg>
<arg>PT</arg>
<arg>PW</arg>
<arg>PY</arg>
<arg>QA</arg>
<arg>RE</arg>
<arg>RO</arg>
<arg>RS</arg>
<arg>RU</arg>
<arg>RW</arg>
<arg>SA</arg>
<arg>SB</arg>
<arg>SC</arg>
<arg>SD</arg>
<arg>SE</arg>
<arg>SG</arg>
<arg>SH</arg>
<arg>SI</arg>
<arg>SJ</arg>
<arg>SK</arg>
<arg>SL</arg>
<arg>SM</arg>
<arg>SN</arg>
<arg>SO</arg>
<arg>SR</arg>
<arg>SS</arg>
<arg>ST</arg>
<arg>SV</arg>
<arg>SX</arg>
<arg>SY</arg>
<arg>SZ</arg>
<arg>TC</arg>
<arg>TD</arg>
<arg>TF</arg>
<arg>TG</arg>
<arg>TH</arg>
<arg>TJ</arg>
<arg>TK</arg>
<arg>TL</arg>
<arg>TM</arg>
<arg>TN</arg>
<arg>TO</arg>
<arg>TR</arg>
<arg>TT</arg>
<arg>TV</arg>
<arg>TW</arg>
<arg>TZ</arg>
<arg>UA</arg>
<arg>UG</arg>
<arg>UM</arg>
<arg>US</arg>
<arg>UY</arg>
<arg>UZ</arg>
<arg>VA</arg>
<arg>VC</arg>
<arg>VE</arg>
<arg>VG</arg>
<arg>VI</arg>
<arg>VN</arg>
<arg>VU</arg>
<arg>WF</arg>
<arg>WS</arg>
<arg>XK</arg>
<arg>YE</arg>
<arg>YT</arg>
<arg>ZA</arg>
<arg>ZM</arg>
<arg>ZW</arg>
<doc>Returns a list containing given items.</doc>
<status status="PASS" start="2024-08-05T05:16:59.553559" elapsed="0.000629"/>
</kw>
<kw name="List Should Contain Value" owner="Collections">
<arg>${list_country}</arg>
<arg>${name_country}</arg>
<doc>Fails if the ``value`` is not found from ``list``.</doc>
<status status="PASS" start="2024-08-05T05:16:59.555126" elapsed="0.000228"/>
</kw>
<kw name="Run Keyword If" owner="BuiltIn">
<kw name="Should Be True" owner="BuiltIn">
<arg>${True}</arg>
<doc>Fails if the given condition is not true.</doc>
<status status="PASS" start="2024-08-05T05:16:59.556290" elapsed="0.000142"/>
</kw>
<arg>${json_data["results"][0]["location"]["coordinates"]["latitude"]} &gt;= -90 and ${json_data["results"][0]["location"]["coordinates"]["latitude"]} &lt;= 90</arg>
<arg>Should Be True</arg>
<arg>${True}</arg>
<doc>Runs the given keyword with the given arguments, if ``condition`` is true.</doc>
<status status="PASS" start="2024-08-05T05:16:59.555550" elapsed="0.001008"/>
</kw>
<kw name="Run Keyword If" owner="BuiltIn">
<kw name="Should Be True" owner="BuiltIn">
<arg>${True}</arg>
<doc>Fails if the given condition is not true.</doc>
<status status="PASS" start="2024-08-05T05:16:59.557431" elapsed="0.000136"/>
</kw>
<arg>${json_data["results"][0]["location"]["coordinates"]["longitude"]} &gt;= -180 and ${json_data["results"][0]["location"]["coordinates"]["longitude"]} &lt;= 180</arg>
<arg>Should Be True</arg>
<arg>${True}</arg>
<doc>Runs the given keyword with the given arguments, if ``condition`` is true.</doc>
<status status="PASS" start="2024-08-05T05:16:59.556740" elapsed="0.000951"/>
</kw>
<status status="PASS" start="2024-08-05T05:16:59.455952" elapsed="0.101869"/>
</kw>
<doc>Testa o conteúdo específico dos campos retornados pela API.</doc>
<tag>testeConteudo</tag>
<status status="PASS" start="2024-08-05T05:16:59.455277" elapsed="0.102684"/>
</test>
<status status="PASS" start="2024-08-05T05:16:58.410493" elapsed="1.149381"/>
</suite>
<status status="PASS" start="2024-08-05T05:16:58.396243" elapsed="1.168585"/>
</suite>
<statistics>
<total>
<stat pass="5" fail="0" skip="0">All Tests</stat>
</total>
<tag>
<stat pass="1" fail="0" skip="0">testeConteudo</stat>
<stat pass="1" fail="0" skip="0">testeEstruturaResposta</stat>
<stat pass="1" fail="0" skip="0">testeRequisicaoBasica</stat>
<stat pass="1" fail="0" skip="0">testeTiposDados</stat>
</tag>
<suite>
<stat pass="5" fail="0" skip="0" id="s1" name="Tests">Tests</stat>
<stat pass="5" fail="0" skip="0" id="s1-s1" name="Random-User-Test">Tests.Random-User-Test</stat>
</suite>
</statistics>
<errors>
</errors>
</robot>
