<?xml version="1.0" encoding="UTF-8"?>
<robot generator="Robot 7.0 (Python 3.12.3 on linux)" generated="2024-05-20T11:13:07.832879" rpa="false" schemaversion="5">
<suite id="s1" name="Tests" source="/home/runner/work/DesafioQAItauRogerioJordao/DesafioQAItauRogerioJordao/RamdonUser/tests">
<suite id="s1-s1" name="Random-User-Test" source="/home/runner/work/DesafioQAItauRogerioJordao/DesafioQAItauRogerioJordao/RamdonUser/tests/random-user-test.robot">
<test id="s1-s1-t1" name="Conectar" line="13">
<kw name="Conectar API" owner="random-user-service">
<kw name="Create Session" owner="RequestsLibrary">
<msg time="2024-05-20T11:13:08.202517" level="INFO">Creating Session using : alias=consultarAPI, url=https://randomuser.me/, headers={},                     cookies={}, auth=None, timeout=None, proxies=None, verify=False,                     debug=0 </msg>
<arg>consultarAPI</arg>
<arg>${URL}</arg>
<doc>Create Session: create a HTTP session to a server</doc>
<status status="PASS" start="2024-05-20T11:13:08.202320" elapsed="0.000367"/>
</kw>
<status status="PASS" start="2024-05-20T11:13:08.201352" elapsed="0.001685"/>
</kw>
<status status="PASS" start="2024-05-20T11:13:08.200759" elapsed="0.002470"/>
</test>
<test id="s1-s1-t2" name="Validar retorno 200 e JSON Válido" line="16">
<kw name="Teste de Requisicao Basica" owner="random-user-service">
<kw name="GET On Session" owner="RequestsLibrary">
<msg time="2024-05-20T11:13:08.371374" level="INFO">GET Request : url=https://randomuser.me/api 
 path_url=/api 
 headers={'User-Agent': 'python-requests/2.31.0', 'Accept-Encoding': 'gzip, deflate', 'Accept': '*/*', 'Connection': 'keep-alive'} 
 body=None 
 </msg>
<msg time="2024-05-20T11:13:08.371513" level="INFO">GET Response : url=https://randomuser.me/api 
 status=200, reason=OK 
 headers={'Date': 'Mon, 20 May 2024 11:13:08 GMT', 'Content-Type': 'application/json; charset=utf-8', 'Transfer-Encoding': 'chunked', 'Connection': 'keep-alive', 'X-Powered-By': 'Express', 'Access-Control-Allow-Origin': '*', 'Cache-Control': 'no-cache', 'ETag': 'W/"4a1-dLiQtdcfwcjnOcahdSHZdUa8D08"', 'Vary': 'Accept-Encoding', 'Content-Encoding': 'gzip', 'CF-Cache-Status': 'DYNAMIC', 'Report-To': '{"endpoints":[{"url":"https:\\/\\/a.nel.cloudflare.com\\/report\\/v4?s=AUOMFRYZ9vkoeSE6uRzFBwrYNbOPi%2BuzBErNBJbN93cGKLu8SulHGrbHA6ZaFWHz%2BFULx2pO0%2B7OqCYyNk%2Bg19ryK7OtBIIgFTBlVQEZAKv2yqcgLIv57ia%2B9cdnrafk"}],"group":"cf-nel","max_age":604800}', 'NEL': '{"success_fraction":0,"report_to":"cf-nel","max_age":604800}', 'Server': 'cloudflare', 'CF-RAY': '886be54b28b00825-IAD', 'alt-svc': 'h3=":443"; ma=86400'} 
 body={"results":[{"gender":"male","name":{"title":"Mr","first":"Joris","last":"Marchand"},"location":{"street":{"number":4592,"name":"Rue des Abbesses"},"city":"Lille","state":"Seine-Saint-Denis","country":"France","postcode":32905,"coordinates":{"latitude":"-15.8280","longitude":"-20.0633"},"timezone":{"offset":"+1:00","description":"Brussels, Copenhagen, Madrid, Paris"}},"email":"joris.marchand@example.com","login":{"uuid":"6977a6d4-6f22-4dbe-9f0f-46e9b0612179","username":"angrywolf325","password":"wrestle","salt":"z0hi2T5v","md5":"91b7a8385135a14f6fe01a5feac1b59a","sha1":"fa9e58deda3b5dd7ad5ee131a04bd62c41ad6387","sha256":"14985b87fc5fd2494942e674efc4388bca03f3d242134491e2675b9cf94eb7b0"},"dob":{"date":"1966-01-01T15:47:29.223Z","age":58},"registered":{"date":"2021-01-02T18:04:18.925Z","age":3},"phone":"04-03-11-04-58","cell":"06-57-37-21-71","id":{"name":"INSEE","value":"1660079424682 96"},"picture":{"large":"https://randomuser.me/api/portraits/men/61.jpg","medium":"https://randomuser.me/api/portraits/med/men/61.jpg","thumbnail":"https://randomuser.me/api/portraits/thumb/men/61.jpg"},"nat":"FR"}],"info":{"seed":"ce60f99f8eccb49e","results":1,"page":1,"version":"1.4"}} 
 </msg>
<msg time="2024-05-20T11:13:08.371590" level="INFO">/opt/hostedtoolcache/Python/3.12.3/x64/lib/python3.12/site-packages/urllib3/connectionpool.py:1103: InsecureRequestWarning: Unverified HTTPS request is being made to host 'randomuser.me'. Adding certificate verification is strongly advised. See: https://urllib3.readthedocs.io/en/latest/advanced-usage.html#tls-warnings
  warnings.warn(</msg>
<msg time="2024-05-20T11:13:08.371731" level="INFO">${response} = &lt;Response [200]&gt;</msg>
<var>${response}</var>
<arg>consultarAPI</arg>
<arg>/api</arg>
<doc>Sends a GET request on a previously created HTTP Session.</doc>
<status status="PASS" start="2024-05-20T11:13:08.205898" elapsed="0.165890"/>
</kw>
<kw name="Should Be Equal As Numbers" owner="BuiltIn">
<msg time="2024-05-20T11:13:08.372733" level="INFO">Argument types are:
&lt;class 'int'&gt;
&lt;class 'str'&gt;</msg>
<arg>${response.status_code}</arg>
<arg>200</arg>
<doc>Fails if objects are unequal after converting them to real numbers.</doc>
<status status="PASS" start="2024-05-20T11:13:08.372284" elapsed="0.000514"/>
</kw>
<kw name="Log" owner="BuiltIn">
<msg time="2024-05-20T11:13:08.373485" level="INFO">200</msg>
<arg>${response.status_code}</arg>
<doc>Logs the given message with the given level.</doc>
<status status="PASS" start="2024-05-20T11:13:08.373137" elapsed="0.000391"/>
</kw>
<kw name="Set Variable" owner="BuiltIn">
<msg time="2024-05-20T11:13:08.374273" level="INFO">${json_data} = {'results': [{'gender': 'male', 'name': {'title': 'Mr', 'first': 'Joris', 'last': 'Marchand'}, 'location': {'street': {'number': 4592, 'name': 'Rue des Abbesses'}, 'city': 'Lille', 'state': 'Seine-Sai...</msg>
<var>${json_data}</var>
<arg>${response.json()}</arg>
<doc>Returns the given values which can then be assigned to a variables.</doc>
<status status="PASS" start="2024-05-20T11:13:08.373833" elapsed="0.000469"/>
</kw>
<kw name="Dictionary Should Contain Key" owner="Collections">
<msg time="2024-05-20T11:13:08.374774" level="INFO">False</msg>
<arg>${json_data}</arg>
<arg>results</arg>
<doc>Fails if ``key`` is not found from ``dictionary``.</doc>
<status status="PASS" start="2024-05-20T11:13:08.374604" elapsed="0.000210"/>
</kw>
<status status="PASS" start="2024-05-20T11:13:08.205663" elapsed="0.169411"/>
</kw>
<doc>Testa se a API responde corretamente e retorna um objeto JSON válido.</doc>
<tag>testeRequisicaoBasica</tag>
<status status="PASS" start="2024-05-20T11:13:08.205122" elapsed="0.170139"/>
</test>
<test id="s1-s1-t3" name="Validar estrutura de resposta" line="22">
<kw name="Teste de Estrutura de Resposta" owner="random-user-service">
<kw name="GET On Session" owner="RequestsLibrary">
<msg time="2024-05-20T11:13:08.704610" level="INFO">GET Request : url=https://randomuser.me/api 
 path_url=/api 
 headers={'User-Agent': 'python-requests/2.31.0', 'Accept-Encoding': 'gzip, deflate', 'Accept': '*/*', 'Connection': 'keep-alive'} 
 body=None 
 </msg>
<msg time="2024-05-20T11:13:08.704711" level="INFO">GET Response : url=https://randomuser.me/api 
 status=200, reason=OK 
 headers={'Date': 'Mon, 20 May 2024 11:13:08 GMT', 'Content-Type': 'application/json; charset=utf-8', 'Transfer-Encoding': 'chunked', 'Connection': 'keep-alive', 'X-Powered-By': 'Express', 'Access-Control-Allow-Origin': '*', 'Cache-Control': 'no-cache', 'ETag': 'W/"49c-TMRVDBaTqU1WznjcJu/N+bls8VM"', 'Vary': 'Accept-Encoding', 'Content-Encoding': 'gzip', 'CF-Cache-Status': 'DYNAMIC', 'Report-To': '{"endpoints":[{"url":"https:\\/\\/a.nel.cloudflare.com\\/report\\/v4?s=P7IKo3%2BLX%2FMVmrKTrrp8UK9j%2BT2ofkolaV9Fm3lUjNn5JPUjtgZDWny4jvfzLZRV%2BKSFwzjLVqYEzneGNqJ0NEDiYIrU6C1ZNR4tBNoJvDai49f5zrhn1WeUXoYRdJrE"}],"group":"cf-nel","max_age":604800}', 'NEL': '{"success_fraction":0,"report_to":"cf-nel","max_age":604800}', 'Server': 'cloudflare', 'CF-RAY': '886be54b58de0825-IAD', 'alt-svc': 'h3=":443"; ma=86400'} 
 body={"results":[{"gender":"female","name":{"title":"Ms","first":"Anaïs","last":"Rousseau"},"location":{"street":{"number":8584,"name":"Montée Saint-Barthélémy"},"city":"Saint-Étienne","state":"Moselle","country":"France","postcode":97945,"coordinates":{"latitude":"-12.9945","longitude":"0.0357"},"timezone":{"offset":"-3:30","description":"Newfoundland"}},"email":"anais.rousseau@example.com","login":{"uuid":"1ee4d3db-f9e0-4c56-a595-a986573944ab","username":"goldenmouse654","password":"marvel","salt":"J4cYuzNv","md5":"b9a5262efd74a3351dbb1157342460b7","sha1":"ddb5368612559e679665e3efc1c7372b1e221686","sha256":"657624d3b56c9ef798222fc920daecf0c5818326bc192a4cab1da4c1e55ff3b2"},"dob":{"date":"1976-02-10T06:44:50.344Z","age":48},"registered":{"date":"2010-09-28T23:54:39.986Z","age":13},"phone":"03-25-32-67-12","cell":"06-54-86-99-96","id":{"name":"INSEE","value":"2760182190605 89"},"picture":{"large":"https://randomuser.me/api/portraits/women/35.jpg","medium":"https://randomuser.me/api/portraits/med/women/35.jpg","thumbnail":"https://randomuser.me/api/portraits/thumb/women/35.jpg"},"nat":"FR"}],"info":{"seed":"c83c18b297160a5b","results":1,"page":1,"version":"1.4"}} 
 </msg>
<msg time="2024-05-20T11:13:08.704828" level="INFO">/opt/hostedtoolcache/Python/3.12.3/x64/lib/python3.12/site-packages/urllib3/connectionpool.py:1103: InsecureRequestWarning: Unverified HTTPS request is being made to host 'randomuser.me'. Adding certificate verification is strongly advised. See: https://urllib3.readthedocs.io/en/latest/advanced-usage.html#tls-warnings
  warnings.warn(</msg>
<msg time="2024-05-20T11:13:08.704967" level="INFO">${response} = &lt;Response [200]&gt;</msg>
<var>${response}</var>
<arg>consultarAPI</arg>
<arg>/api</arg>
<doc>Sends a GET request on a previously created HTTP Session.</doc>
<status status="PASS" start="2024-05-20T11:13:08.377933" elapsed="0.327074"/>
</kw>
<kw name="Set Variable" owner="BuiltIn">
<msg time="2024-05-20T11:13:08.706169" level="INFO">${json_data} = {'results': [{'gender': 'female', 'name': {'title': 'Ms', 'first': 'Anaïs', 'last': 'Rousseau'}, 'location': {'street': {'number': 8584, 'name': 'Montée Saint-Barthélémy'}, 'city': 'Saint-Étienne', 's...</msg>
<var>${json_data}</var>
<arg>${response.json()}</arg>
<doc>Returns the given values which can then be assigned to a variables.</doc>
<status status="PASS" start="2024-05-20T11:13:08.705607" elapsed="0.000592"/>
</kw>
<kw name="Log" owner="BuiltIn">
<msg time="2024-05-20T11:13:08.706673" level="INFO">{'results': [{'gender': 'female', 'name': {'title': 'Ms', 'first': 'Anaïs', 'last': 'Rousseau'}, 'location': {'street': {'number': 8584, 'name': 'Montée Saint-Barthélémy'}, 'city': 'Saint-Étienne', 'state': 'Moselle', 'country': 'France', 'postcode': 97945, 'coordinates': {'latitude': '-12.9945', 'longitude': '0.0357'}, 'timezone': {'offset': '-3:30', 'description': 'Newfoundland'}}, 'email': 'anais.rousseau@example.com', 'login': {'uuid': '1ee4d3db-f9e0-4c56-a595-a986573944ab', 'username': 'goldenmouse654', 'password': 'marvel', 'salt': 'J4cYuzNv', 'md5': 'b9a5262efd74a3351dbb1157342460b7', 'sha1': 'ddb5368612559e679665e3efc1c7372b1e221686', 'sha256': '657624d3b56c9ef798222fc920daecf0c5818326bc192a4cab1da4c1e55ff3b2'}, 'dob': {'date': '1976-02-10T06:44:50.344Z', 'age': 48}, 'registered': {'date': '2010-09-28T23:54:39.986Z', 'age': 13}, 'phone': '03-25-32-67-12', 'cell': '06-54-86-99-96', 'id': {'name': 'INSEE', 'value': '2760182190605 89'}, 'picture': {'large': 'https://randomuser.me/api/portraits/women/35.jpg', 'medium': 'https://randomuser.me/api/portraits/med/women/35.jpg', 'thumbnail': 'https://randomuser.me/api/portraits/thumb/women/35.jpg'}, 'nat': 'FR'}], 'info': {'seed': 'c83c18b297160a5b', 'results': 1, 'page': 1, 'version': '1.4'}}</msg>
<arg>${json_data}</arg>
<doc>Logs the given message with the given level.</doc>
<status status="PASS" start="2024-05-20T11:13:08.706509" elapsed="0.000213"/>
</kw>
<kw name="Dictionary Should Contain Key" owner="Collections">
<msg time="2024-05-20T11:13:08.707177" level="INFO">False</msg>
<arg>${json_data}</arg>
<arg>results</arg>
<doc>Fails if ``key`` is not found from ``dictionary``.</doc>
<status status="PASS" start="2024-05-20T11:13:08.707017" elapsed="0.000196"/>
</kw>
<kw name="Should Not Be Empty" owner="BuiltIn">
<msg time="2024-05-20T11:13:08.707636" level="INFO">Length is 2.</msg>
<arg>${json_data}</arg>
<doc>Verifies that the given item is not empty.</doc>
<status status="PASS" start="2024-05-20T11:13:08.707505" elapsed="0.000368"/>
</kw>
<kw name="Create List" owner="BuiltIn">
<msg time="2024-05-20T11:13:08.708338" level="INFO">${expected_keys} = ['gender', 'name', 'location', 'email', 'login']</msg>
<var>${expected_keys}</var>
<arg>gender</arg>
<arg>name</arg>
<arg>location</arg>
<arg>email</arg>
<arg>login</arg>
<doc>Returns a list containing given items.</doc>
<status status="PASS" start="2024-05-20T11:13:08.708181" elapsed="0.000182"/>
</kw>
<for flavor="IN">
<iter>
<kw name="Dictionary Should Contain Key" owner="Collections">
<msg time="2024-05-20T11:13:08.709346" level="INFO">False</msg>
<arg>${json_data['results'][0]}</arg>
<arg>${key}</arg>
<doc>Fails if ``key`` is not found from ``dictionary``.</doc>
<status status="PASS" start="2024-05-20T11:13:08.708949" elapsed="0.000435"/>
</kw>
<kw name="Log" owner="BuiltIn">
<msg time="2024-05-20T11:13:08.710059" level="INFO">{'gender': 'female', 'name': {'title': 'Ms', 'first': 'Anaïs', 'last': 'Rousseau'}, 'location': {'street': {'number': 8584, 'name': 'Montée Saint-Barthélémy'}, 'city': 'Saint-Étienne', 'state': 'Moselle', 'country': 'France', 'postcode': 97945, 'coordinates': {'latitude': '-12.9945', 'longitude': '0.0357'}, 'timezone': {'offset': '-3:30', 'description': 'Newfoundland'}}, 'email': 'anais.rousseau@example.com', 'login': {'uuid': '1ee4d3db-f9e0-4c56-a595-a986573944ab', 'username': 'goldenmouse654', 'password': 'marvel', 'salt': 'J4cYuzNv', 'md5': 'b9a5262efd74a3351dbb1157342460b7', 'sha1': 'ddb5368612559e679665e3efc1c7372b1e221686', 'sha256': '657624d3b56c9ef798222fc920daecf0c5818326bc192a4cab1da4c1e55ff3b2'}, 'dob': {'date': '1976-02-10T06:44:50.344Z', 'age': 48}, 'registered': {'date': '2010-09-28T23:54:39.986Z', 'age': 13}, 'phone': '03-25-32-67-12', 'cell': '06-54-86-99-96', 'id': {'name': 'INSEE', 'value': '2760182190605 89'}, 'picture': {'large': 'https://randomuser.me/api/portraits/women/35.jpg', 'medium': 'https://randomuser.me/api/portraits/med/women/35.jpg', 'thumbnail': 'https://randomuser.me/api/portraits/thumb/women/35.jpg'}, 'nat': 'FR'}</msg>
<arg>${json_data['results'][0]}</arg>
<doc>Logs the given message with the given level.</doc>
<status status="PASS" start="2024-05-20T11:13:08.709695" elapsed="0.000414"/>
</kw>
<kw name="Log" owner="BuiltIn">
<msg time="2024-05-20T11:13:08.710539" level="INFO">gender</msg>
<arg>${key}</arg>
<doc>Logs the given message with the given level.</doc>
<status status="PASS" start="2024-05-20T11:13:08.710410" elapsed="0.000167"/>
</kw>
<var name="${key}">gender</var>
<status status="PASS" start="2024-05-20T11:13:08.708818" elapsed="0.001977"/>
</iter>
<iter>
<kw name="Dictionary Should Contain Key" owner="Collections">
<msg time="2024-05-20T11:13:08.711474" level="INFO">False</msg>
<arg>${json_data['results'][0]}</arg>
<arg>${key}</arg>
<doc>Fails if ``key`` is not found from ``dictionary``.</doc>
<status status="PASS" start="2024-05-20T11:13:08.711096" elapsed="0.000416"/>
</kw>
<kw name="Log" owner="BuiltIn">
<msg time="2024-05-20T11:13:08.712235" level="INFO">{'gender': 'female', 'name': {'title': 'Ms', 'first': 'Anaïs', 'last': 'Rousseau'}, 'location': {'street': {'number': 8584, 'name': 'Montée Saint-Barthélémy'}, 'city': 'Saint-Étienne', 'state': 'Moselle', 'country': 'France', 'postcode': 97945, 'coordinates': {'latitude': '-12.9945', 'longitude': '0.0357'}, 'timezone': {'offset': '-3:30', 'description': 'Newfoundland'}}, 'email': 'anais.rousseau@example.com', 'login': {'uuid': '1ee4d3db-f9e0-4c56-a595-a986573944ab', 'username': 'goldenmouse654', 'password': 'marvel', 'salt': 'J4cYuzNv', 'md5': 'b9a5262efd74a3351dbb1157342460b7', 'sha1': 'ddb5368612559e679665e3efc1c7372b1e221686', 'sha256': '657624d3b56c9ef798222fc920daecf0c5818326bc192a4cab1da4c1e55ff3b2'}, 'dob': {'date': '1976-02-10T06:44:50.344Z', 'age': 48}, 'registered': {'date': '2010-09-28T23:54:39.986Z', 'age': 13}, 'phone': '03-25-32-67-12', 'cell': '06-54-86-99-96', 'id': {'name': 'INSEE', 'value': '2760182190605 89'}, 'picture': {'large': 'https://randomuser.me/api/portraits/women/35.jpg', 'medium': 'https://randomuser.me/api/portraits/med/women/35.jpg', 'thumbnail': 'https://randomuser.me/api/portraits/thumb/women/35.jpg'}, 'nat': 'FR'}</msg>
<arg>${json_data['results'][0]}</arg>
<doc>Logs the given message with the given level.</doc>
<status status="PASS" start="2024-05-20T11:13:08.711861" elapsed="0.000425"/>
</kw>
<kw name="Log" owner="BuiltIn">
<msg time="2024-05-20T11:13:08.712714" level="INFO">name</msg>
<arg>${key}</arg>
<doc>Logs the given message with the given level.</doc>
<status status="PASS" start="2024-05-20T11:13:08.712588" elapsed="0.000163"/>
</kw>
<var name="${key}">name</var>
<status status="PASS" start="2024-05-20T11:13:08.710981" elapsed="0.001985"/>
</iter>
<iter>
<kw name="Dictionary Should Contain Key" owner="Collections">
<msg time="2024-05-20T11:13:08.713636" level="INFO">False</msg>
<arg>${json_data['results'][0]}</arg>
<arg>${key}</arg>
<doc>Fails if ``key`` is not found from ``dictionary``.</doc>
<status status="PASS" start="2024-05-20T11:13:08.713255" elapsed="0.000417"/>
</kw>
<kw name="Log" owner="BuiltIn">
<msg time="2024-05-20T11:13:08.714321" level="INFO">{'gender': 'female', 'name': {'title': 'Ms', 'first': 'Anaïs', 'last': 'Rousseau'}, 'location': {'street': {'number': 8584, 'name': 'Montée Saint-Barthélémy'}, 'city': 'Saint-Étienne', 'state': 'Moselle', 'country': 'France', 'postcode': 97945, 'coordinates': {'latitude': '-12.9945', 'longitude': '0.0357'}, 'timezone': {'offset': '-3:30', 'description': 'Newfoundland'}}, 'email': 'anais.rousseau@example.com', 'login': {'uuid': '1ee4d3db-f9e0-4c56-a595-a986573944ab', 'username': 'goldenmouse654', 'password': 'marvel', 'salt': 'J4cYuzNv', 'md5': 'b9a5262efd74a3351dbb1157342460b7', 'sha1': 'ddb5368612559e679665e3efc1c7372b1e221686', 'sha256': '657624d3b56c9ef798222fc920daecf0c5818326bc192a4cab1da4c1e55ff3b2'}, 'dob': {'date': '1976-02-10T06:44:50.344Z', 'age': 48}, 'registered': {'date': '2010-09-28T23:54:39.986Z', 'age': 13}, 'phone': '03-25-32-67-12', 'cell': '06-54-86-99-96', 'id': {'name': 'INSEE', 'value': '2760182190605 89'}, 'picture': {'large': 'https://randomuser.me/api/portraits/women/35.jpg', 'medium': 'https://randomuser.me/api/portraits/med/women/35.jpg', 'thumbnail': 'https://randomuser.me/api/portraits/thumb/women/35.jpg'}, 'nat': 'FR'}</msg>
<arg>${json_data['results'][0]}</arg>
<doc>Logs the given message with the given level.</doc>
<status status="PASS" start="2024-05-20T11:13:08.713967" elapsed="0.000405"/>
</kw>
<kw name="Log" owner="BuiltIn">
<msg time="2024-05-20T11:13:08.714789" level="INFO">location</msg>
<arg>${key}</arg>
<doc>Logs the given message with the given level.</doc>
<status status="PASS" start="2024-05-20T11:13:08.714666" elapsed="0.000160"/>
</kw>
<var name="${key}">location</var>
<status status="PASS" start="2024-05-20T11:13:08.713143" elapsed="0.001895"/>
</iter>
<iter>
<kw name="Dictionary Should Contain Key" owner="Collections">
<msg time="2024-05-20T11:13:08.715699" level="INFO">False</msg>
<arg>${json_data['results'][0]}</arg>
<arg>${key}</arg>
<doc>Fails if ``key`` is not found from ``dictionary``.</doc>
<status status="PASS" start="2024-05-20T11:13:08.715315" elapsed="0.000422"/>
</kw>
<kw name="Log" owner="BuiltIn">
<msg time="2024-05-20T11:13:08.716437" level="INFO">{'gender': 'female', 'name': {'title': 'Ms', 'first': 'Anaïs', 'last': 'Rousseau'}, 'location': {'street': {'number': 8584, 'name': 'Montée Saint-Barthélémy'}, 'city': 'Saint-Étienne', 'state': 'Moselle', 'country': 'France', 'postcode': 97945, 'coordinates': {'latitude': '-12.9945', 'longitude': '0.0357'}, 'timezone': {'offset': '-3:30', 'description': 'Newfoundland'}}, 'email': 'anais.rousseau@example.com', 'login': {'uuid': '1ee4d3db-f9e0-4c56-a595-a986573944ab', 'username': 'goldenmouse654', 'password': 'marvel', 'salt': 'J4cYuzNv', 'md5': 'b9a5262efd74a3351dbb1157342460b7', 'sha1': 'ddb5368612559e679665e3efc1c7372b1e221686', 'sha256': '657624d3b56c9ef798222fc920daecf0c5818326bc192a4cab1da4c1e55ff3b2'}, 'dob': {'date': '1976-02-10T06:44:50.344Z', 'age': 48}, 'registered': {'date': '2010-09-28T23:54:39.986Z', 'age': 13}, 'phone': '03-25-32-67-12', 'cell': '06-54-86-99-96', 'id': {'name': 'INSEE', 'value': '2760182190605 89'}, 'picture': {'large': 'https://randomuser.me/api/portraits/women/35.jpg', 'medium': 'https://randomuser.me/api/portraits/med/women/35.jpg', 'thumbnail': 'https://randomuser.me/api/portraits/thumb/women/35.jpg'}, 'nat': 'FR'}</msg>
<arg>${json_data['results'][0]}</arg>
<doc>Logs the given message with the given level.</doc>
<status status="PASS" start="2024-05-20T11:13:08.716075" elapsed="0.000413"/>
</kw>
<kw name="Log" owner="BuiltIn">
<msg time="2024-05-20T11:13:08.716903" level="INFO">email</msg>
<arg>${key}</arg>
<doc>Logs the given message with the given level.</doc>
<status status="PASS" start="2024-05-20T11:13:08.716779" elapsed="0.000161"/>
</kw>
<var name="${key}">email</var>
<status status="PASS" start="2024-05-20T11:13:08.715206" elapsed="0.001946"/>
</iter>
<iter>
<kw name="Dictionary Should Contain Key" owner="Collections">
<msg time="2024-05-20T11:13:08.717824" level="INFO">False</msg>
<arg>${json_data['results'][0]}</arg>
<arg>${key}</arg>
<doc>Fails if ``key`` is not found from ``dictionary``.</doc>
<status status="PASS" start="2024-05-20T11:13:08.717447" elapsed="0.000415"/>
</kw>
<kw name="Log" owner="BuiltIn">
<msg time="2024-05-20T11:13:08.718520" level="INFO">{'gender': 'female', 'name': {'title': 'Ms', 'first': 'Anaïs', 'last': 'Rousseau'}, 'location': {'street': {'number': 8584, 'name': 'Montée Saint-Barthélémy'}, 'city': 'Saint-Étienne', 'state': 'Moselle', 'country': 'France', 'postcode': 97945, 'coordinates': {'latitude': '-12.9945', 'longitude': '0.0357'}, 'timezone': {'offset': '-3:30', 'description': 'Newfoundland'}}, 'email': 'anais.rousseau@example.com', 'login': {'uuid': '1ee4d3db-f9e0-4c56-a595-a986573944ab', 'username': 'goldenmouse654', 'password': 'marvel', 'salt': 'J4cYuzNv', 'md5': 'b9a5262efd74a3351dbb1157342460b7', 'sha1': 'ddb5368612559e679665e3efc1c7372b1e221686', 'sha256': '657624d3b56c9ef798222fc920daecf0c5818326bc192a4cab1da4c1e55ff3b2'}, 'dob': {'date': '1976-02-10T06:44:50.344Z', 'age': 48}, 'registered': {'date': '2010-09-28T23:54:39.986Z', 'age': 13}, 'phone': '03-25-32-67-12', 'cell': '06-54-86-99-96', 'id': {'name': 'INSEE', 'value': '2760182190605 89'}, 'picture': {'large': 'https://randomuser.me/api/portraits/women/35.jpg', 'medium': 'https://randomuser.me/api/portraits/med/women/35.jpg', 'thumbnail': 'https://randomuser.me/api/portraits/thumb/women/35.jpg'}, 'nat': 'FR'}</msg>
<arg>${json_data['results'][0]}</arg>
<doc>Logs the given message with the given level.</doc>
<status status="PASS" start="2024-05-20T11:13:08.718154" elapsed="0.000415"/>
</kw>
<kw name="Log" owner="BuiltIn">
<msg time="2024-05-20T11:13:08.718987" level="INFO">login</msg>
<arg>${key}</arg>
<doc>Logs the given message with the given level.</doc>
<status status="PASS" start="2024-05-20T11:13:08.718864" elapsed="0.000161"/>
</kw>
<var name="${key}">login</var>
<status status="PASS" start="2024-05-20T11:13:08.717326" elapsed="0.001940"/>
</iter>
<var>${key}</var>
<value>@{expected_keys}</value>
<status status="PASS" start="2024-05-20T11:13:08.708627" elapsed="0.010762"/>
</for>
<kw name="Create List" owner="BuiltIn">
<msg time="2024-05-20T11:13:08.719718" level="INFO">${expected_keysTwo} = ['username', 'password']</msg>
<var>${expected_keysTwo}</var>
<arg>username</arg>
<arg>password</arg>
<doc>Returns a list containing given items.</doc>
<status status="PASS" start="2024-05-20T11:13:08.719582" elapsed="0.000160"/>
</kw>
<for flavor="IN">
<iter>
<kw name="Dictionary Should Contain Key" owner="Collections">
<msg time="2024-05-20T11:13:08.720645" level="INFO">False</msg>
<arg>${json_data['results'][0]['login']}</arg>
<arg>${keyTwo}</arg>
<doc>Fails if ``key`` is not found from ``dictionary``.</doc>
<status status="PASS" start="2024-05-20T11:13:08.720265" elapsed="0.000417"/>
</kw>
<kw name="Dictionary Should Contain Key" owner="Collections">
<msg time="2024-05-20T11:13:08.721350" level="INFO">False</msg>
<arg>${json_data['results'][0]['login']}</arg>
<arg>${keyTwo}</arg>
<doc>Fails if ``key`` is not found from ``dictionary``.</doc>
<status status="PASS" start="2024-05-20T11:13:08.720975" elapsed="0.000412"/>
</kw>
<kw name="Log" owner="BuiltIn">
<msg time="2024-05-20T11:13:08.721802" level="INFO">username</msg>
<arg>${keyTwo}</arg>
<doc>Logs the given message with the given level.</doc>
<status status="PASS" start="2024-05-20T11:13:08.721679" elapsed="0.000166"/>
</kw>
<var name="${keyTwo}">username</var>
<status status="PASS" start="2024-05-20T11:13:08.720155" elapsed="0.001902"/>
</iter>
<iter>
<kw name="Dictionary Should Contain Key" owner="Collections">
<msg time="2024-05-20T11:13:08.722786" level="INFO">False</msg>
<arg>${json_data['results'][0]['login']}</arg>
<arg>${keyTwo}</arg>
<doc>Fails if ``key`` is not found from ``dictionary``.</doc>
<status status="PASS" start="2024-05-20T11:13:08.722331" elapsed="0.000495"/>
</kw>
<kw name="Dictionary Should Contain Key" owner="Collections">
<msg time="2024-05-20T11:13:08.723544" level="INFO">False</msg>
<arg>${json_data['results'][0]['login']}</arg>
<arg>${keyTwo}</arg>
<doc>Fails if ``key`` is not found from ``dictionary``.</doc>
<status status="PASS" start="2024-05-20T11:13:08.723171" elapsed="0.000409"/>
</kw>
<kw name="Log" owner="BuiltIn">
<msg time="2024-05-20T11:13:08.724028" level="INFO">password</msg>
<arg>${keyTwo}</arg>
<doc>Logs the given message with the given level.</doc>
<status status="PASS" start="2024-05-20T11:13:08.723901" elapsed="0.000163"/>
</kw>
<var name="${keyTwo}">password</var>
<status status="PASS" start="2024-05-20T11:13:08.722222" elapsed="0.002057"/>
</iter>
<var>${keyTwo}</var>
<value>@{expected_keysTwo}</value>
<status status="PASS" start="2024-05-20T11:13:08.720008" elapsed="0.004391"/>
</for>
<status status="PASS" start="2024-05-20T11:13:08.377694" elapsed="0.346842"/>
</kw>
<doc>Testa a estrutura da resposta da API.</doc>
<tag>testeEstruturaResposta</tag>
<status status="PASS" start="2024-05-20T11:13:08.377123" elapsed="0.347568"/>
</test>
<test id="s1-s1-t4" name="Validar tipos de dados" line="28">
<kw name="Teste de Tipos de Dados" owner="random-user-service">
<kw name="GET On Session" owner="RequestsLibrary">
<msg time="2024-05-20T11:13:08.763603" level="INFO">GET Request : url=https://randomuser.me/api 
 path_url=/api 
 headers={'User-Agent': 'python-requests/2.31.0', 'Accept-Encoding': 'gzip, deflate', 'Accept': '*/*', 'Connection': 'keep-alive'} 
 body=None 
 </msg>
<msg time="2024-05-20T11:13:08.763678" level="INFO">GET Response : url=https://randomuser.me/api 
 status=200, reason=OK 
 headers={'Date': 'Mon, 20 May 2024 11:13:08 GMT', 'Content-Type': 'application/json; charset=utf-8', 'Transfer-Encoding': 'chunked', 'Connection': 'keep-alive', 'X-Powered-By': 'Express', 'Access-Control-Allow-Origin': '*', 'Cache-Control': 'no-cache', 'ETag': 'W/"48c-5Xt7j5Tg5XsAPBoNoQKGZo9VDcA"', 'Vary': 'Accept-Encoding', 'Content-Encoding': 'gzip', 'CF-Cache-Status': 'DYNAMIC', 'Report-To': '{"endpoints":[{"url":"https:\\/\\/a.nel.cloudflare.com\\/report\\/v4?s=uBNTDjY%2Fie3iWOPC4WdYbZYVlddruAaoaGEzs10US9ilnGUj1ChyP9Sx%2BzqV4Kwpahv2hoKmijQ0ufIZDd2zehpwOG3hFNxSZaQm58s0xZLzWlkC2Lo6PZGUzabf0tkG"}],"group":"cf-nel","max_age":604800}', 'NEL': '{"success_fraction":0,"report_to":"cf-nel","max_age":604800}', 'Server': 'cloudflare', 'CF-RAY': '886be54d8b190825-IAD', 'alt-svc': 'h3=":443"; ma=86400'} 
 body={"results":[{"gender":"female","name":{"title":"Mrs","first":"Krasunya","last":"Voznyak"},"location":{"street":{"number":5866,"name":"Bilokrinichniy provulok"},"city":"Pavlograd","state":"Chernivecka","country":"Ukraine","postcode":15232,"coordinates":{"latitude":"76.1299","longitude":"148.8773"},"timezone":{"offset":"-2:00","description":"Mid-Atlantic"}},"email":"krasunya.voznyak@example.com","login":{"uuid":"627691af-0a8e-482f-a509-6e4279912b7e","username":"organicgorilla923","password":"7734","salt":"OH5Hk03v","md5":"ebabebf900578f184e27173e2271d727","sha1":"c5041e2c6adcd042c8a27f6ee126f8d578e381b5","sha256":"2d13fbbae40c44d3d0b56c6d851646301061073e2744ac21a9255ecb0e03ce99"},"dob":{"date":"1961-01-07T02:39:41.575Z","age":63},"registered":{"date":"2005-02-19T00:04:09.960Z","age":19},"phone":"(096) P01-7495","cell":"(067) F16-0957","id":{"name":"","value":null},"picture":{"large":"https://randomuser.me/api/portraits/women/44.jpg","medium":"https://randomuser.me/api/portraits/med/women/44.jpg","thumbnail":"https://randomuser.me/api/portraits/thumb/women/44.jpg"},"nat":"UA"}],"info":{"seed":"0a416003881fb620","results":1,"page":1,"version":"1.4"}} 
 </msg>
<msg time="2024-05-20T11:13:08.763743" level="INFO">/opt/hostedtoolcache/Python/3.12.3/x64/lib/python3.12/site-packages/urllib3/connectionpool.py:1103: InsecureRequestWarning: Unverified HTTPS request is being made to host 'randomuser.me'. Adding certificate verification is strongly advised. See: https://urllib3.readthedocs.io/en/latest/advanced-usage.html#tls-warnings
  warnings.warn(</msg>
<msg time="2024-05-20T11:13:08.763883" level="INFO">${response} = &lt;Response [200]&gt;</msg>
<var>${response}</var>
<arg>consultarAPI</arg>
<arg>/api</arg>
<doc>Sends a GET request on a previously created HTTP Session.</doc>
<status status="PASS" start="2024-05-20T11:13:08.727198" elapsed="0.036730"/>
</kw>
<kw name="Set Variable" owner="BuiltIn">
<msg time="2024-05-20T11:13:08.764903" level="INFO">${json_data} = {'results': [{'gender': 'female', 'name': {'title': 'Mrs', 'first': 'Krasunya', 'last': 'Voznyak'}, 'location': {'street': {'number': 5866, 'name': 'Bilokrinichniy provulok'}, 'city': 'Pavlograd', 'st...</msg>
<var>${json_data}</var>
<arg>${response.json()}</arg>
<doc>Returns the given values which can then be assigned to a variables.</doc>
<status status="PASS" start="2024-05-20T11:13:08.764366" elapsed="0.000566"/>
</kw>
<kw name="Log" owner="BuiltIn">
<msg time="2024-05-20T11:13:08.765386" level="INFO">{'results': [{'gender': 'female', 'name': {'title': 'Mrs', 'first': 'Krasunya', 'last': 'Voznyak'}, 'location': {'street': {'number': 5866, 'name': 'Bilokrinichniy provulok'}, 'city': 'Pavlograd', 'state': 'Chernivecka', 'country': 'Ukraine', 'postcode': 15232, 'coordinates': {'latitude': '76.1299', 'longitude': '148.8773'}, 'timezone': {'offset': '-2:00', 'description': 'Mid-Atlantic'}}, 'email': 'krasunya.voznyak@example.com', 'login': {'uuid': '627691af-0a8e-482f-a509-6e4279912b7e', 'username': 'organicgorilla923', 'password': '7734', 'salt': 'OH5Hk03v', 'md5': 'ebabebf900578f184e27173e2271d727', 'sha1': 'c5041e2c6adcd042c8a27f6ee126f8d578e381b5', 'sha256': '2d13fbbae40c44d3d0b56c6d851646301061073e2744ac21a9255ecb0e03ce99'}, 'dob': {'date': '1961-01-07T02:39:41.575Z', 'age': 63}, 'registered': {'date': '2005-02-19T00:04:09.960Z', 'age': 19}, 'phone': '(096) P01-7495', 'cell': '(067) F16-0957', 'id': {'name': '', 'value': None}, 'picture': {'large': 'https://randomuser.me/api/portraits/women/44.jpg', 'medium': 'https://randomuser.me/api/portraits/med/women/44.jpg', 'thumbnail': 'https://randomuser.me/api/portraits/thumb/women/44.jpg'}, 'nat': 'UA'}], 'info': {'seed': '0a416003881fb620', 'results': 1, 'page': 1, 'version': '1.4'}}</msg>
<arg>${json_data}</arg>
<doc>Logs the given message with the given level.</doc>
<status status="PASS" start="2024-05-20T11:13:08.765235" elapsed="0.000229"/>
</kw>
<kw name="Should Be String" owner="String">
<arg>${json_data['results'][0]['gender']}</arg>
<doc>Fails if the given ``item`` is not a string.</doc>
<status status="PASS" start="2024-05-20T11:13:08.765760" elapsed="0.000356"/>
</kw>
<kw name="Should Match Regexp" owner="BuiltIn">
<arg>${json_data['results'][0]['email']}</arg>
<arg>^[a-zA-Z0-9._%+-]+@[a-zA-Z0-9.-]+\.[a-zA-Z]{2,}$</arg>
<doc>Fails if ``string`` does not match ``pattern`` as a regular expression.</doc>
<status status="PASS" start="2024-05-20T11:13:08.766307" elapsed="0.000505"/>
</kw>
<kw name="Should Match Regexp" owner="BuiltIn">
<arg>${json_data['results'][0]['dob']['date']}</arg>
<arg>\\d{4}-\\d{2}-\\d{2}T\\d{2}:\\d{2}:\\d{2}\\.\\d{3}Z</arg>
<doc>Fails if ``string`` does not match ``pattern`` as a regular expression.</doc>
<status status="PASS" start="2024-05-20T11:13:08.767006" elapsed="0.000482"/>
</kw>
<kw name="Should Match Regexp" owner="BuiltIn">
<arg>${json_data['results'][0]['registered']['date']}</arg>
<arg>\\d{4}-\\d{2}-\\d{2}T\\d{2}:\\d{2}:\\d{2}\\.\\d{3}Z</arg>
<doc>Fails if ``string`` does not match ``pattern`` as a regular expression.</doc>
<status status="PASS" start="2024-05-20T11:13:08.767680" elapsed="0.000405"/>
</kw>
<kw name="Should Match Regexp" owner="BuiltIn">
<arg>${json_data['results'][0]['picture']['large']}</arg>
<arg>^https?://.*\.(?:png|jpe?g|gif|bmp)$</arg>
<doc>Fails if ``string`` does not match ``pattern`` as a regular expression.</doc>
<status status="PASS" start="2024-05-20T11:13:08.768279" elapsed="0.000456"/>
</kw>
<kw name="Should Match Regexp" owner="BuiltIn">
<arg>${json_data['results'][0]['picture']['medium']}</arg>
<arg>^https?://.*\.(?:png|jpe?g|gif|bmp)$</arg>
<doc>Fails if ``string`` does not match ``pattern`` as a regular expression.</doc>
<status status="PASS" start="2024-05-20T11:13:08.768924" elapsed="0.000352"/>
</kw>
<kw name="Should Match Regexp" owner="BuiltIn">
<arg>${json_data['results'][0]['picture']['thumbnail']}</arg>
<arg>^https?://.*\.(?:png|jpe?g|gif|bmp)$</arg>
<doc>Fails if ``string`` does not match ``pattern`` as a regular expression.</doc>
<status status="PASS" start="2024-05-20T11:13:08.769464" elapsed="0.000349"/>
</kw>
<kw name="Log" owner="BuiltIn">
<msg time="2024-05-20T11:13:08.770308" level="INFO">{'large': 'https://randomuser.me/api/portraits/women/44.jpg', 'medium': 'https://randomuser.me/api/portraits/med/women/44.jpg', 'thumbnail': 'https://randomuser.me/api/portraits/thumb/women/44.jpg'}</msg>
<arg>${json_data['results'][0]['picture']}</arg>
<doc>Logs the given message with the given level.</doc>
<status status="PASS" start="2024-05-20T11:13:08.769991" elapsed="0.000358"/>
</kw>
<status status="PASS" start="2024-05-20T11:13:08.726972" elapsed="0.043634"/>
</kw>
<kw name="Teste de Tipos de Dados - Postcode" owner="random-user-service">
<kw name="GET On Session" owner="RequestsLibrary">
<msg time="2024-05-20T11:13:08.864952" level="INFO">GET Request : url=https://randomuser.me/api 
 path_url=/api 
 headers={'User-Agent': 'python-requests/2.31.0', 'Accept-Encoding': 'gzip, deflate', 'Accept': '*/*', 'Connection': 'keep-alive'} 
 body=None 
 </msg>
<msg time="2024-05-20T11:13:08.865037" level="INFO">GET Response : url=https://randomuser.me/api 
 status=200, reason=OK 
 headers={'Date': 'Mon, 20 May 2024 11:13:08 GMT', 'Content-Type': 'application/json; charset=utf-8', 'Transfer-Encoding': 'chunked', 'Connection': 'keep-alive', 'X-Powered-By': 'Express', 'Access-Control-Allow-Origin': '*', 'Cache-Control': 'no-cache', 'ETag': 'W/"49c-Ms6yALjZe5IVjcG/5dHbu5Lky+4"', 'Vary': 'Accept-Encoding', 'Content-Encoding': 'gzip', 'CF-Cache-Status': 'DYNAMIC', 'Report-To': '{"endpoints":[{"url":"https:\\/\\/a.nel.cloudflare.com\\/report\\/v4?s=W0o7aJbh9rlj2R0MKRXC1h0OaWnshiMbVFg9bo8GZbCdLTFK4XIO0%2FSLkcfLhWmYOPlxzWAkiauGWnF7iTA%2Fs6qNBT3OznBLMxnTmj4yf2SMKsRS2MwFSGpgDdqvePh%2F"}],"group":"cf-nel","max_age":604800}', 'NEL': '{"success_fraction":0,"report_to":"cf-nel","max_age":604800}', 'Server': 'cloudflare', 'CF-RAY': '886be54ddb630825-IAD', 'alt-svc': 'h3=":443"; ma=86400'} 
 body={"results":[{"gender":"female","name":{"title":"Mrs","first":"هلیا","last":"محمدخان"},"location":{"street":{"number":8553,"name":"میدان شهدا"},"city":"شیراز","state":"هرمزگان","country":"Iran","postcode":52793,"coordinates":{"latitude":"20.7225","longitude":"142.2095"},"timezone":{"offset":"+9:00","description":"Tokyo, Seoul, Osaka, Sapporo, Yakutsk"}},"email":"hly.mhmdkhn@example.com","login":{"uuid":"c96edb9a-7232-40e1-9f63-070aca1235d7","username":"bluebear548","password":"googoo","salt":"kohb5fu7","md5":"58f53eec72b60905508adc0bdd34d610","sha1":"9a0dbf59636b34bee0709588cf465e951116f36b","sha256":"52bd0d7d218ba3d6e6d402178642f166ba1dc0ea2b99766b7558126558b98e18"},"dob":{"date":"1944-08-25T19:52:38.908Z","age":79},"registered":{"date":"2015-06-15T13:03:09.911Z","age":8},"phone":"061-12384136","cell":"0987-738-9397","id":{"name":"","value":null},"picture":{"large":"https://randomuser.me/api/portraits/women/77.jpg","medium":"https://randomuser.me/api/portraits/med/women/77.jpg","thumbnail":"https://randomuser.me/api/portraits/thumb/women/77.jpg"},"nat":"IR"}],"info":{"seed":"38b5236916cb81af","results":1,"page":1,"version":"1.4"}} 
 </msg>
<msg time="2024-05-20T11:13:08.865115" level="INFO">/opt/hostedtoolcache/Python/3.12.3/x64/lib/python3.12/site-packages/urllib3/connectionpool.py:1103: InsecureRequestWarning: Unverified HTTPS request is being made to host 'randomuser.me'. Adding certificate verification is strongly advised. See: https://urllib3.readthedocs.io/en/latest/advanced-usage.html#tls-warnings
  warnings.warn(</msg>
<msg time="2024-05-20T11:13:08.865239" level="INFO">${response} = &lt;Response [200]&gt;</msg>
<var>${response}</var>
<arg>consultarAPI</arg>
<arg>/api</arg>
<doc>Sends a GET request on a previously created HTTP Session.</doc>
<status status="PASS" start="2024-05-20T11:13:08.771038" elapsed="0.094253"/>
</kw>
<kw name="Set Variable" owner="BuiltIn">
<msg time="2024-05-20T11:13:08.866379" level="INFO">${json_data} = {'results': [{'gender': 'female', 'name': {'title': 'Mrs', 'first': 'هلیا', 'last': 'محمدخان'}, 'location': {'street': {'number': 8553, 'name': 'میدان شهدا'}, 'city': 'شیراز', 'state': 'هرمزگان', 'cou...</msg>
<var>${json_data}</var>
<arg>${response.json()}</arg>
<doc>Returns the given values which can then be assigned to a variables.</doc>
<status status="PASS" start="2024-05-20T11:13:08.865820" elapsed="0.000589"/>
</kw>
<kw name="Log" owner="BuiltIn">
<msg time="2024-05-20T11:13:08.866878" level="INFO">{'results': [{'gender': 'female', 'name': {'title': 'Mrs', 'first': 'هلیا', 'last': 'محمدخان'}, 'location': {'street': {'number': 8553, 'name': 'میدان شهدا'}, 'city': 'شیراز', 'state': 'هرمزگان', 'country': 'Iran', 'postcode': 52793, 'coordinates': {'latitude': '20.7225', 'longitude': '142.2095'}, 'timezone': {'offset': '+9:00', 'description': 'Tokyo, Seoul, Osaka, Sapporo, Yakutsk'}}, 'email': 'hly.mhmdkhn@example.com', 'login': {'uuid': 'c96edb9a-7232-40e1-9f63-070aca1235d7', 'username': 'bluebear548', 'password': 'googoo', 'salt': 'kohb5fu7', 'md5': '58f53eec72b60905508adc0bdd34d610', 'sha1': '9a0dbf59636b34bee0709588cf465e951116f36b', 'sha256': '52bd0d7d218ba3d6e6d402178642f166ba1dc0ea2b99766b7558126558b98e18'}, 'dob': {'date': '1944-08-25T19:52:38.908Z', 'age': 79}, 'registered': {'date': '2015-06-15T13:03:09.911Z', 'age': 8}, 'phone': '061-12384136', 'cell': '0987-738-9397', 'id': {'name': '', 'value': None}, 'picture': {'large': 'https://randomuser.me/api/portraits/women/77.jpg', 'medium': 'https://randomuser.me/api/portraits/med/women/77.jpg', 'thumbnail': 'https://randomuser.me/api/portraits/thumb/women/77.jpg'}, 'nat': 'IR'}], 'info': {'seed': '38b5236916cb81af', 'results': 1, 'page': 1, 'version': '1.4'}}</msg>
<arg>${json_data}</arg>
<doc>Logs the given message with the given level.</doc>
<status status="PASS" start="2024-05-20T11:13:08.866720" elapsed="0.000238"/>
</kw>
<kw name="Should Be Equal As Numbers" owner="BuiltIn">
<arg>${json_data['results'][0]['location']['postcode']}</arg>
<arg>${json_data['results'][0]['location']['postcode']}</arg>
<doc>Fails if objects are unequal after converting them to real numbers.</doc>
<status status="PASS" start="2024-05-20T11:13:08.867388" elapsed="0.000676"/>
</kw>
<kw name="Log" owner="BuiltIn">
<msg time="2024-05-20T11:13:08.868592" level="INFO">52793</msg>
<arg>${json_data['results'][0]['location']['postcode']}</arg>
<doc>Logs the given message with the given level.</doc>
<status status="PASS" start="2024-05-20T11:13:08.868258" elapsed="0.000375"/>
</kw>
<status status="PASS" start="2024-05-20T11:13:08.770819" elapsed="0.098068"/>
</kw>
<doc>Testa se os tipos de dados na resposta da API estão corretos.</doc>
<tag>testeTiposDados</tag>
<status status="PASS" start="2024-05-20T11:13:08.726440" elapsed="0.142604"/>
</test>
<test id="s1-s1-t5" name="Validar conteudo" line="35">
<kw name="Teste de Tipos de Conteudo" owner="random-user-service">
<kw name="GET On Session" owner="RequestsLibrary">
<msg time="2024-05-20T11:13:08.972130" level="INFO">GET Request : url=https://randomuser.me/api 
 path_url=/api 
 headers={'User-Agent': 'python-requests/2.31.0', 'Accept-Encoding': 'gzip, deflate', 'Accept': '*/*', 'Connection': 'keep-alive'} 
 body=None 
 </msg>
<msg time="2024-05-20T11:13:08.972220" level="INFO">GET Response : url=https://randomuser.me/api 
 status=200, reason=OK 
 headers={'Date': 'Mon, 20 May 2024 11:13:08 GMT', 'Content-Type': 'application/json; charset=utf-8', 'Transfer-Encoding': 'chunked', 'Connection': 'keep-alive', 'X-Powered-By': 'Express', 'Access-Control-Allow-Origin': '*', 'Cache-Control': 'no-cache', 'ETag': 'W/"489-r2Xu1nsSBVeU66iE/VMCPbFIb9I"', 'Vary': 'Accept-Encoding', 'Content-Encoding': 'gzip', 'CF-Cache-Status': 'DYNAMIC', 'Report-To': '{"endpoints":[{"url":"https:\\/\\/a.nel.cloudflare.com\\/report\\/v4?s=v%2FQWm4IuQ3cbmZt%2B7uppMpwx2WeC6OjMi7oqtoR0XSZYb1Z%2BUgCEiSH6HAqlr9Hl%2FL2dq8pkBqakri4UKWoYvkqmeula8P8P3qy2IH4t4xMEEQNdiKHyDSOo1TozDhLv"}],"group":"cf-nel","max_age":604800}', 'NEL': '{"success_fraction":0,"report_to":"cf-nel","max_age":604800}', 'Server': 'cloudflare', 'CF-RAY': '886be54e7c230825-IAD', 'alt-svc': 'h3=":443"; ma=86400'} 
 body={"results":[{"gender":"female","name":{"title":"Mrs","first":"Sophie","last":"Abraham"},"location":{"street":{"number":6985,"name":"Wellington St"},"city":"Bath","state":"Yukon","country":"Canada","postcode":"V5L 8E5","coordinates":{"latitude":"-67.6505","longitude":"51.5757"},"timezone":{"offset":"-3:00","description":"Brazil, Buenos Aires, Georgetown"}},"email":"sophie.abraham@example.com","login":{"uuid":"f095bf0f-472a-426c-9432-f1ec0f35955c","username":"blackwolf173","password":"clarke","salt":"EiOlAV2q","md5":"70e94b567e73724feef6f5809a2e2e5b","sha1":"91899976d22d8a1b4c7eb1734dc92d3598b29ef4","sha256":"f8702be447adf801a726bd3a008ea56af56441c28bc47bc9e53dfdba48d9cdd2"},"dob":{"date":"1995-03-31T11:49:11.264Z","age":29},"registered":{"date":"2017-05-19T14:14:45.608Z","age":7},"phone":"Y13 P33-7455","cell":"U49 H84-6757","id":{"name":"SIN","value":"697895290"},"picture":{"large":"https://randomuser.me/api/portraits/women/0.jpg","medium":"https://randomuser.me/api/portraits/med/women/0.jpg","thumbnail":"https://randomuser.me/api/portraits/thumb/women/0.jpg"},"nat":"CA"}],"info":{"seed":"51b8ce2d8b6e7ea8","results":1,"page":1,"version":"1.4"}} 
 </msg>
<msg time="2024-05-20T11:13:08.972294" level="INFO">/opt/hostedtoolcache/Python/3.12.3/x64/lib/python3.12/site-packages/urllib3/connectionpool.py:1103: InsecureRequestWarning: Unverified HTTPS request is being made to host 'randomuser.me'. Adding certificate verification is strongly advised. See: https://urllib3.readthedocs.io/en/latest/advanced-usage.html#tls-warnings
  warnings.warn(</msg>
<msg time="2024-05-20T11:13:08.972413" level="INFO">${response} = &lt;Response [200]&gt;</msg>
<var>${response}</var>
<arg>consultarAPI</arg>
<arg>/api</arg>
<doc>Sends a GET request on a previously created HTTP Session.</doc>
<status status="PASS" start="2024-05-20T11:13:08.871497" elapsed="0.100957"/>
</kw>
<kw name="Set Variable" owner="BuiltIn">
<msg time="2024-05-20T11:13:08.973479" level="INFO">${json_data} = {'results': [{'gender': 'female', 'name': {'title': 'Mrs', 'first': 'Sophie', 'last': 'Abraham'}, 'location': {'street': {'number': 6985, 'name': 'Wellington St'}, 'city': 'Bath', 'state': 'Yukon', 'c...</msg>
<var>${json_data}</var>
<arg>${response.json()}</arg>
<doc>Returns the given values which can then be assigned to a variables.</doc>
<status status="PASS" start="2024-05-20T11:13:08.972934" elapsed="0.000574"/>
</kw>
<kw name="Set Variable" owner="BuiltIn">
<msg time="2024-05-20T11:13:08.974197" level="INFO">${name_title} = Mrs</msg>
<var>${name_title}</var>
<arg>${json_data["results"][0]["name"]["title"]}</arg>
<doc>Returns the given values which can then be assigned to a variables.</doc>
<status status="PASS" start="2024-05-20T11:13:08.973817" elapsed="0.000406"/>
</kw>
<kw name="Create List" owner="BuiltIn">
<msg time="2024-05-20T11:13:08.974670" level="INFO">${allowed_titles} = ['Mr', 'Ms', 'Miss', 'Mrs', 'Madame', 'Monsieur']</msg>
<var>${allowed_titles}</var>
<arg>Mr</arg>
<arg>Ms</arg>
<arg>Miss</arg>
<arg>Mrs</arg>
<arg>Madame</arg>
<arg>Monsieur</arg>
<doc>Returns a list containing given items.</doc>
<status status="PASS" start="2024-05-20T11:13:08.974520" elapsed="0.000175"/>
</kw>
<kw name="List Should Contain Value" owner="Collections">
<msg time="2024-05-20T11:13:08.975164" level="INFO">False</msg>
<arg>${allowed_titles}</arg>
<arg>${name_title}</arg>
<doc>Fails if the ``value`` is not found from ``list``.</doc>
<status status="PASS" start="2024-05-20T11:13:08.974994" elapsed="0.000206"/>
</kw>
<kw name="Set Variable" owner="BuiltIn">
<msg time="2024-05-20T11:13:08.975914" level="INFO">${name_country} = CA</msg>
<var>${name_country}</var>
<arg>${json_data["results"][0]["nat"]}</arg>
<doc>Returns the given values which can then be assigned to a variables.</doc>
<status status="PASS" start="2024-05-20T11:13:08.975500" elapsed="0.000441"/>
</kw>
<kw name="Create List" owner="BuiltIn">
<msg time="2024-05-20T11:13:08.976831" level="INFO">${list_country} = ['AD', 'AE', 'AF', 'AG', 'AI', 'AL', 'AM', 'AO', 'AQ', 'AR', 'AS', 'AT', 'AU', 'AW', 'AX', 'AZ', 'BA', 'BB', 'BD', 'BE', 'BF', 'BG', 'BH', 'BI', 'BJ', 'BL', 'BM', 'BN', 'BO', 'BQ', 'BR', 'BS', 'BT', '...</msg>
<var>${list_country}</var>
<arg>AD</arg>
<arg>AE</arg>
<arg>AF</arg>
<arg>AG</arg>
<arg>AI</arg>
<arg>AL</arg>
<arg>AM</arg>
<arg>AO</arg>
<arg>AQ</arg>
<arg>AR</arg>
<arg>AS</arg>
<arg>AT</arg>
<arg>AU</arg>
<arg>AW</arg>
<arg>AX</arg>
<arg>AZ</arg>
<arg>BA</arg>
<arg>BB</arg>
<arg>BD</arg>
<arg>BE</arg>
<arg>BF</arg>
<arg>BG</arg>
<arg>BH</arg>
<arg>BI</arg>
<arg>BJ</arg>
<arg>BL</arg>
<arg>BM</arg>
<arg>BN</arg>
<arg>BO</arg>
<arg>BQ</arg>
<arg>BR</arg>
<arg>BS</arg>
<arg>BT</arg>
<arg>BV</arg>
<arg>BW</arg>
<arg>BY</arg>
<arg>BZ</arg>
<arg>CA</arg>
<arg>CC</arg>
<arg>CD</arg>
<arg>CF</arg>
<arg>CG</arg>
<arg>CH</arg>
<arg>CI</arg>
<arg>CK</arg>
<arg>CL</arg>
<arg>CM</arg>
<arg>CN</arg>
<arg>CO</arg>
<arg>CR</arg>
<arg>CU</arg>
<arg>CV</arg>
<arg>CW</arg>
<arg>CX</arg>
<arg>CY</arg>
<arg>CZ</arg>
<arg>DE</arg>
<arg>DJ</arg>
<arg>DK</arg>
<arg>DM</arg>
<arg>DO</arg>
<arg>DZ</arg>
<arg>EC</arg>
<arg>EE</arg>
<arg>EG</arg>
<arg>EH</arg>
<arg>ER</arg>
<arg>ES</arg>
<arg>ET</arg>
<arg>FI</arg>
<arg>FJ</arg>
<arg>FK</arg>
<arg>FM</arg>
<arg>FO</arg>
<arg>FR</arg>
<arg>GA</arg>
<arg>GB</arg>
<arg>GD</arg>
<arg>GE</arg>
<arg>GF</arg>
<arg>GG</arg>
<arg>GH</arg>
<arg>GI</arg>
<arg>GL</arg>
<arg>GM</arg>
<arg>GN</arg>
<arg>GP</arg>
<arg>GQ</arg>
<arg>GR</arg>
<arg>GS</arg>
<arg>GT</arg>
<arg>GU</arg>
<arg>GW</arg>
<arg>GY</arg>
<arg>HK</arg>
<arg>HM</arg>
<arg>HN</arg>
<arg>HR</arg>
<arg>HT</arg>
<arg>HU</arg>
<arg>ID</arg>
<arg>IE</arg>
<arg>IL</arg>
<arg>IM</arg>
<arg>IN</arg>
<arg>IO</arg>
<arg>IQ</arg>
<arg>IR</arg>
<arg>IS</arg>
<arg>IT</arg>
<arg>JE</arg>
<arg>JM</arg>
<arg>JO</arg>
<arg>JP</arg>
<arg>KE</arg>
<arg>KG</arg>
<arg>KH</arg>
<arg>KI</arg>
<arg>KM</arg>
<arg>KN</arg>
<arg>KP</arg>
<arg>KR</arg>
<arg>KW</arg>
<arg>KY</arg>
<arg>KZ</arg>
<arg>LA</arg>
<arg>LB</arg>
<arg>LC</arg>
<arg>LI</arg>
<arg>LK</arg>
<arg>LR</arg>
<arg>LS</arg>
<arg>LT</arg>
<arg>LU</arg>
<arg>LV</arg>
<arg>LY</arg>
<arg>MA</arg>
<arg>MC</arg>
<arg>MD</arg>
<arg>ME</arg>
<arg>MF</arg>
<arg>MG</arg>
<arg>MH</arg>
<arg>MK</arg>
<arg>ML</arg>
<arg>MM</arg>
<arg>MN</arg>
<arg>MO</arg>
<arg>MP</arg>
<arg>MQ</arg>
<arg>MR</arg>
<arg>MS</arg>
<arg>MT</arg>
<arg>MU</arg>
<arg>MV</arg>
<arg>MW</arg>
<arg>MX</arg>
<arg>MY</arg>
<arg>MZ</arg>
<arg>NA</arg>
<arg>NC</arg>
<arg>NE</arg>
<arg>NF</arg>
<arg>NG</arg>
<arg>NI</arg>
<arg>NL</arg>
<arg>NO</arg>
<arg>NP</arg>
<arg>NR</arg>
<arg>NU</arg>
<arg>NZ</arg>
<arg>OM</arg>
<arg>PA</arg>
<arg>PE</arg>
<arg>PF</arg>
<arg>PG</arg>
<arg>PH</arg>
<arg>PK</arg>
<arg>PL</arg>
<arg>PM</arg>
<arg>PN</arg>
<arg>PR</arg>
<arg>PS</arg>
<arg>PT</arg>
<arg>PW</arg>
<arg>PY</arg>
<arg>QA</arg>
<arg>RE</arg>
<arg>RO</arg>
<arg>RS</arg>
<arg>RU</arg>
<arg>RW</arg>
<arg>SA</arg>
<arg>SB</arg>
<arg>SC</arg>
<arg>SD</arg>
<arg>SE</arg>
<arg>SG</arg>
<arg>SH</arg>
<arg>SI</arg>
<arg>SJ</arg>
<arg>SK</arg>
<arg>SL</arg>
<arg>SM</arg>
<arg>SN</arg>
<arg>SO</arg>
<arg>SR</arg>
<arg>SS</arg>
<arg>ST</arg>
<arg>SV</arg>
<arg>SX</arg>
<arg>SY</arg>
<arg>SZ</arg>
<arg>TC</arg>
<arg>TD</arg>
<arg>TF</arg>
<arg>TG</arg>
<arg>TH</arg>
<arg>TJ</arg>
<arg>TK</arg>
<arg>TL</arg>
<arg>TM</arg>
<arg>TN</arg>
<arg>TO</arg>
<arg>TR</arg>
<arg>TT</arg>
<arg>TV</arg>
<arg>TW</arg>
<arg>TZ</arg>
<arg>UA</arg>
<arg>UG</arg>
<arg>UM</arg>
<arg>US</arg>
<arg>UY</arg>
<arg>UZ</arg>
<arg>VA</arg>
<arg>VC</arg>
<arg>VE</arg>
<arg>VG</arg>
<arg>VI</arg>
<arg>VN</arg>
<arg>VU</arg>
<arg>WF</arg>
<arg>WS</arg>
<arg>XK</arg>
<arg>YE</arg>
<arg>YT</arg>
<arg>ZA</arg>
<arg>ZM</arg>
<arg>ZW</arg>
<doc>Returns a list containing given items.</doc>
<status status="PASS" start="2024-05-20T11:13:08.976243" elapsed="0.000613"/>
</kw>
<kw name="List Should Contain Value" owner="Collections">
<msg time="2024-05-20T11:13:08.977836" level="INFO">False</msg>
<arg>${list_country}</arg>
<arg>${name_country}</arg>
<doc>Fails if the ``value`` is not found from ``list``.</doc>
<status status="PASS" start="2024-05-20T11:13:08.977636" elapsed="0.000236"/>
</kw>
<kw name="Run Keyword If" owner="BuiltIn">
<kw name="Should Be True" owner="BuiltIn">
<arg>${True}</arg>
<doc>Fails if the given condition is not true.</doc>
<status status="PASS" start="2024-05-20T11:13:08.978932" elapsed="0.000247"/>
</kw>
<arg>${json_data["results"][0]["location"]["coordinates"]["latitude"]} &gt;= -90 and ${json_data["results"][0]["location"]["coordinates"]["latitude"]} &lt;= 90</arg>
<arg>Should Be True</arg>
<arg>${True}</arg>
<doc>Runs the given keyword with the given arguments, if ``condition`` is true.</doc>
<status status="PASS" start="2024-05-20T11:13:08.978183" elapsed="0.001129"/>
</kw>
<kw name="Run Keyword If" owner="BuiltIn">
<kw name="Should Be True" owner="BuiltIn">
<arg>${True}</arg>
<doc>Fails if the given condition is not true.</doc>
<status status="PASS" start="2024-05-20T11:13:08.980241" elapsed="0.000142"/>
</kw>
<arg>${json_data["results"][0]["location"]["coordinates"]["longitude"]} &gt;= -180 and ${json_data["results"][0]["location"]["coordinates"]["longitude"]} &lt;= 180</arg>
<arg>Should Be True</arg>
<arg>${True}</arg>
<doc>Runs the given keyword with the given arguments, if ``condition`` is true.</doc>
<status status="PASS" start="2024-05-20T11:13:08.979497" elapsed="0.001014"/>
</kw>
<status status="PASS" start="2024-05-20T11:13:08.871276" elapsed="0.109367"/>
</kw>
<doc>Testa o conteúdo específico dos campos retornados pela API.</doc>
<tag>testeConteudo</tag>
<status status="PASS" start="2024-05-20T11:13:08.870764" elapsed="0.110027"/>
</test>
<status status="PASS" start="2024-05-20T11:13:07.890943" elapsed="1.091793"/>
</suite>
<status status="PASS" start="2024-05-20T11:13:07.877293" elapsed="1.110646"/>
</suite>
<statistics>
<total>
<stat pass="5" fail="0" skip="0">All Tests</stat>
</total>
<tag>
<stat pass="1" fail="0" skip="0">testeConteudo</stat>
<stat pass="1" fail="0" skip="0">testeEstruturaResposta</stat>
<stat pass="1" fail="0" skip="0">testeRequisicaoBasica</stat>
<stat pass="1" fail="0" skip="0">testeTiposDados</stat>
</tag>
<suite>
<stat pass="5" fail="0" skip="0" id="s1" name="Tests">Tests</stat>
<stat pass="5" fail="0" skip="0" id="s1-s1" name="Random-User-Test">Tests.Random-User-Test</stat>
</suite>
</statistics>
<errors>
</errors>
</robot>
