<?xml version="1.0" encoding="UTF-8"?>
<robot generator="Robot 7.0 (Python 3.12.3 on linux)" generated="2024-05-23T13:16:22.430957" rpa="false" schemaversion="5">
<suite id="s1" name="Tests" source="/home/runner/work/DesafioQAItauRogerioJordao/DesafioQAItauRogerioJordao/RamdonUser/tests">
<suite id="s1-s1" name="Random-User-Test" source="/home/runner/work/DesafioQAItauRogerioJordao/DesafioQAItauRogerioJordao/RamdonUser/tests/random-user-test.robot">
<test id="s1-s1-t1" name="Conectar" line="13">
<kw name="Conectar API" owner="random-user-service">
<kw name="Create Session" owner="RequestsLibrary">
<msg time="2024-05-23T13:16:22.855665" level="INFO">Creating Session using : alias=consultarAPI, url=https://randomuser.me/, headers={},                     cookies={}, auth=None, timeout=None, proxies=None, verify=False,                     debug=0 </msg>
<arg>consultarAPI</arg>
<arg>${URL}</arg>
<doc>Create Session: create a HTTP session to a server</doc>
<status status="PASS" start="2024-05-23T13:16:22.855451" elapsed="0.000412"/>
</kw>
<status status="PASS" start="2024-05-23T13:16:22.854327" elapsed="0.001925"/>
</kw>
<status status="PASS" start="2024-05-23T13:16:22.853666" elapsed="0.002782"/>
</test>
<test id="s1-s1-t2" name="Validar retorno 200 e JSON Válido" line="16">
<kw name="Teste de Requisicao Basica" owner="random-user-service">
<kw name="GET On Session" owner="RequestsLibrary">
<msg time="2024-05-23T13:16:22.960662" level="INFO">GET Request : url=https://randomuser.me/api 
 path_url=/api 
 headers={'User-Agent': 'python-requests/2.32.2', 'Accept-Encoding': 'gzip, deflate', 'Accept': '*/*', 'Connection': 'keep-alive'} 
 body=None 
 </msg>
<msg time="2024-05-23T13:16:22.960844" level="INFO">GET Response : url=https://randomuser.me/api 
 status=200, reason=OK 
 headers={'Date': 'Thu, 23 May 2024 13:16:22 GMT', 'Content-Type': 'application/json; charset=utf-8', 'Transfer-Encoding': 'chunked', 'Connection': 'keep-alive', 'X-Powered-By': 'Express', 'Access-Control-Allow-Origin': '*', 'Cache-Control': 'no-cache', 'ETag': 'W/"49d-t4576g+b52TNrQ3c9ApMjOq9heM"', 'Vary': 'Accept-Encoding', 'Content-Encoding': 'gzip', 'CF-Cache-Status': 'DYNAMIC', 'Report-To': '{"endpoints":[{"url":"https:\\/\\/a.nel.cloudflare.com\\/report\\/v4?s=FNQztm0b%2FC1Kcferl3ZUFAIq28bWz%2B0Q%2FLKigcVVRZlS7HjGI157NLWlUxtODTYSS73ZmJoIsAo2XLyWIUn%2F7mDerEdjcvTNXVSgbz0ey8jqUftYutS6TJsas%2FSku1n5"}],"group":"cf-nel","max_age":604800}', 'NEL': '{"success_fraction":0,"report_to":"cf-nel","max_age":604800}', 'Server': 'cloudflare', 'CF-RAY': '888551f3396b05ff-IAD', 'alt-svc': 'h3=":443"; ma=86400'} 
 body={"results":[{"gender":"male","name":{"title":"Mr","first":"Anthony","last":"Colin"},"location":{"street":{"number":1654,"name":"Rue D'Abbeville"},"city":"Orléans","state":"Allier","country":"France","postcode":63576,"coordinates":{"latitude":"-18.3613","longitude":"-136.8080"},"timezone":{"offset":"+5:00","description":"Ekaterinburg, Islamabad, Karachi, Tashkent"}},"email":"anthony.colin@example.com","login":{"uuid":"12a27a09-3588-418e-abce-73e3a6b3cc36","username":"smalltiger507","password":"ranch","salt":"nvFFeH35","md5":"f37a2228392c69346c46f717b2a3c186","sha1":"4e64237536fb58cd6c6eea3f4328251a8e05038f","sha256":"d6558cff1f49f659c7728b484b29643d0dec37dbb546f2117ee8483c0b658448"},"dob":{"date":"1955-06-05T07:35:35.176Z","age":68},"registered":{"date":"2020-06-10T04:53:28.024Z","age":3},"phone":"04-37-27-72-49","cell":"06-18-05-26-39","id":{"name":"INSEE","value":"1550505459636 60"},"picture":{"large":"https://randomuser.me/api/portraits/men/21.jpg","medium":"https://randomuser.me/api/portraits/med/men/21.jpg","thumbnail":"https://randomuser.me/api/portraits/thumb/men/21.jpg"},"nat":"FR"}],"info":{"seed":"704ee5191fbfd4ee","results":1,"page":1,"version":"1.4"}} 
 </msg>
<msg time="2024-05-23T13:16:22.960941" level="INFO">/opt/hostedtoolcache/Python/3.12.3/x64/lib/python3.12/site-packages/urllib3/connectionpool.py:1103: InsecureRequestWarning: Unverified HTTPS request is being made to host 'randomuser.me'. Adding certificate verification is strongly advised. See: https://urllib3.readthedocs.io/en/latest/advanced-usage.html#tls-warnings
  warnings.warn(</msg>
<msg time="2024-05-23T13:16:22.961123" level="INFO">${response} = &lt;Response [200]&gt;</msg>
<var>${response}</var>
<arg>consultarAPI</arg>
<arg>/api</arg>
<doc>Sends a GET request on a previously created HTTP Session.</doc>
<status status="PASS" start="2024-05-23T13:16:22.859365" elapsed="0.101799"/>
</kw>
<kw name="Should Be Equal As Numbers" owner="BuiltIn">
<msg time="2024-05-23T13:16:22.962191" level="INFO">Argument types are:
&lt;class 'int'&gt;
&lt;class 'str'&gt;</msg>
<arg>${response.status_code}</arg>
<arg>200</arg>
<doc>Fails if objects are unequal after converting them to real numbers.</doc>
<status status="PASS" start="2024-05-23T13:16:22.961720" elapsed="0.000537"/>
</kw>
<kw name="Log" owner="BuiltIn">
<msg time="2024-05-23T13:16:22.962963" level="INFO">200</msg>
<arg>${response.status_code}</arg>
<doc>Logs the given message with the given level.</doc>
<status status="PASS" start="2024-05-23T13:16:22.962609" elapsed="0.000403"/>
</kw>
<kw name="Set Variable" owner="BuiltIn">
<msg time="2024-05-23T13:16:22.963807" level="INFO">${json_data} = {'results': [{'gender': 'male', 'name': {'title': 'Mr', 'first': 'Anthony', 'last': 'Colin'}, 'location': {'street': {'number': 1654, 'name': "Rue D'Abbeville"}, 'city': 'Orléans', 'state': 'Allier', ...</msg>
<var>${json_data}</var>
<arg>${response.json()}</arg>
<doc>Returns the given values which can then be assigned to a variables.</doc>
<status status="PASS" start="2024-05-23T13:16:22.963360" elapsed="0.000478"/>
</kw>
<kw name="Dictionary Should Contain Key" owner="Collections">
<msg time="2024-05-23T13:16:22.964320" level="INFO">False</msg>
<arg>${json_data}</arg>
<arg>results</arg>
<doc>Fails if ``key`` is not found from ``dictionary``.</doc>
<status status="PASS" start="2024-05-23T13:16:22.964145" elapsed="0.000376"/>
</kw>
<status status="PASS" start="2024-05-23T13:16:22.858992" elapsed="0.105798"/>
</kw>
<doc>Testa se a API responde corretamente e retorna um objeto JSON válido.</doc>
<tag>testeRequisicaoBasica</tag>
<status status="PASS" start="2024-05-23T13:16:22.858415" elapsed="0.106559"/>
</test>
<test id="s1-s1-t3" name="Validar estrutura de resposta" line="22">
<kw name="Teste de Estrutura de Resposta" owner="random-user-service">
<kw name="GET On Session" owner="RequestsLibrary">
<msg time="2024-05-23T13:16:23.069594" level="INFO">GET Request : url=https://randomuser.me/api 
 path_url=/api 
 headers={'User-Agent': 'python-requests/2.32.2', 'Accept-Encoding': 'gzip, deflate', 'Accept': '*/*', 'Connection': 'keep-alive'} 
 body=None 
 </msg>
<msg time="2024-05-23T13:16:23.069700" level="INFO">GET Response : url=https://randomuser.me/api 
 status=200, reason=OK 
 headers={'Date': 'Thu, 23 May 2024 13:16:23 GMT', 'Content-Type': 'application/json; charset=utf-8', 'Transfer-Encoding': 'chunked', 'Connection': 'keep-alive', 'X-Powered-By': 'Express', 'Access-Control-Allow-Origin': '*', 'Cache-Control': 'no-cache', 'ETag': 'W/"487-hHuQI0T74723NAFp2Y0FGpG1Zdw"', 'Vary': 'Accept-Encoding', 'Content-Encoding': 'gzip', 'CF-Cache-Status': 'DYNAMIC', 'Report-To': '{"endpoints":[{"url":"https:\\/\\/a.nel.cloudflare.com\\/report\\/v4?s=4nkwV1YXjxsUp%2FvD5Xjwrh7o9J8sLEvTWW9CuU3bhUx8L%2BJ8Nv6nljuSxte7QBPN%2FXC4Hr7HTwOyptVr6UHdSCkV8rFCc%2FiDLrR5Bva2OkpdF11N%2FyQ9uGuj9WXjgpMQ"}],"group":"cf-nel","max_age":604800}', 'NEL': '{"success_fraction":0,"report_to":"cf-nel","max_age":604800}', 'Server': 'cloudflare', 'CF-RAY': '888551f399c605ff-IAD', 'alt-svc': 'h3=":443"; ma=86400'} 
 body={"results":[{"gender":"male","name":{"title":"Mr","first":"Francis","last":"Crawford"},"location":{"street":{"number":2550,"name":"N Stelling Rd"},"city":"Killeen","state":"Montana","country":"United States","postcode":74256,"coordinates":{"latitude":"85.8295","longitude":"-53.0148"},"timezone":{"offset":"+9:30","description":"Adelaide, Darwin"}},"email":"francis.crawford@example.com","login":{"uuid":"52e4878b-7dfe-47cf-95a6-b82b587b8c0c","username":"redgorilla725","password":"fowler","salt":"DZ83BV8J","md5":"82fb03b2f6dccfaa7f8a4f6f1a810713","sha1":"e70a9c879f98e37203353cc8021eecf204caef15","sha256":"317b4faf2217e0b7677a3634b5d715922af03e67352b1144ca12df29fa034c58"},"dob":{"date":"1973-01-11T18:53:37.210Z","age":51},"registered":{"date":"2005-04-03T01:44:09.498Z","age":19},"phone":"(454) 757-0782","cell":"(297) 751-8204","id":{"name":"SSN","value":"109-88-8869"},"picture":{"large":"https://randomuser.me/api/portraits/men/69.jpg","medium":"https://randomuser.me/api/portraits/med/men/69.jpg","thumbnail":"https://randomuser.me/api/portraits/thumb/men/69.jpg"},"nat":"US"}],"info":{"seed":"37bd1370908b7ea2","results":1,"page":1,"version":"1.4"}} 
 </msg>
<msg time="2024-05-23T13:16:23.069828" level="INFO">/opt/hostedtoolcache/Python/3.12.3/x64/lib/python3.12/site-packages/urllib3/connectionpool.py:1103: InsecureRequestWarning: Unverified HTTPS request is being made to host 'randomuser.me'. Adding certificate verification is strongly advised. See: https://urllib3.readthedocs.io/en/latest/advanced-usage.html#tls-warnings
  warnings.warn(</msg>
<msg time="2024-05-23T13:16:23.069979" level="INFO">${response} = &lt;Response [200]&gt;</msg>
<var>${response}</var>
<arg>consultarAPI</arg>
<arg>/api</arg>
<doc>Sends a GET request on a previously created HTTP Session.</doc>
<status status="PASS" start="2024-05-23T13:16:22.967598" elapsed="0.102412"/>
</kw>
<kw name="Set Variable" owner="BuiltIn">
<msg time="2024-05-23T13:16:23.071083" level="INFO">${json_data} = {'results': [{'gender': 'male', 'name': {'title': 'Mr', 'first': 'Francis', 'last': 'Crawford'}, 'location': {'street': {'number': 2550, 'name': 'N Stelling Rd'}, 'city': 'Killeen', 'state': 'Montana'...</msg>
<var>${json_data}</var>
<arg>${response.json()}</arg>
<doc>Returns the given values which can then be assigned to a variables.</doc>
<status status="PASS" start="2024-05-23T13:16:23.070515" elapsed="0.000597"/>
</kw>
<kw name="Log" owner="BuiltIn">
<msg time="2024-05-23T13:16:23.071646" level="INFO">{'results': [{'gender': 'male', 'name': {'title': 'Mr', 'first': 'Francis', 'last': 'Crawford'}, 'location': {'street': {'number': 2550, 'name': 'N Stelling Rd'}, 'city': 'Killeen', 'state': 'Montana', 'country': 'United States', 'postcode': 74256, 'coordinates': {'latitude': '85.8295', 'longitude': '-53.0148'}, 'timezone': {'offset': '+9:30', 'description': 'Adelaide, Darwin'}}, 'email': 'francis.crawford@example.com', 'login': {'uuid': '52e4878b-7dfe-47cf-95a6-b82b587b8c0c', 'username': 'redgorilla725', 'password': 'fowler', 'salt': 'DZ83BV8J', 'md5': '82fb03b2f6dccfaa7f8a4f6f1a810713', 'sha1': 'e70a9c879f98e37203353cc8021eecf204caef15', 'sha256': '317b4faf2217e0b7677a3634b5d715922af03e67352b1144ca12df29fa034c58'}, 'dob': {'date': '1973-01-11T18:53:37.210Z', 'age': 51}, 'registered': {'date': '2005-04-03T01:44:09.498Z', 'age': 19}, 'phone': '(454) 757-0782', 'cell': '(297) 751-8204', 'id': {'name': 'SSN', 'value': '109-88-8869'}, 'picture': {'large': 'https://randomuser.me/api/portraits/men/69.jpg', 'medium': 'https://randomuser.me/api/portraits/med/men/69.jpg', 'thumbnail': 'https://randomuser.me/api/portraits/thumb/men/69.jpg'}, 'nat': 'US'}], 'info': {'seed': '37bd1370908b7ea2', 'results': 1, 'page': 1, 'version': '1.4'}}</msg>
<arg>${json_data}</arg>
<doc>Logs the given message with the given level.</doc>
<status status="PASS" start="2024-05-23T13:16:23.071481" elapsed="0.000214"/>
</kw>
<kw name="Dictionary Should Contain Key" owner="Collections">
<msg time="2024-05-23T13:16:23.072160" level="INFO">False</msg>
<arg>${json_data}</arg>
<arg>results</arg>
<doc>Fails if ``key`` is not found from ``dictionary``.</doc>
<status status="PASS" start="2024-05-23T13:16:23.071998" elapsed="0.000199"/>
</kw>
<kw name="Should Not Be Empty" owner="BuiltIn">
<msg time="2024-05-23T13:16:23.072645" level="INFO">Length is 2.</msg>
<arg>${json_data}</arg>
<doc>Verifies that the given item is not empty.</doc>
<status status="PASS" start="2024-05-23T13:16:23.072504" elapsed="0.000181"/>
</kw>
<kw name="Create List" owner="BuiltIn">
<msg time="2024-05-23T13:16:23.073153" level="INFO">${expected_keys} = ['gender', 'name', 'location', 'email', 'login']</msg>
<var>${expected_keys}</var>
<arg>gender</arg>
<arg>name</arg>
<arg>location</arg>
<arg>email</arg>
<arg>login</arg>
<doc>Returns a list containing given items.</doc>
<status status="PASS" start="2024-05-23T13:16:23.072985" elapsed="0.000198"/>
</kw>
<for flavor="IN">
<iter>
<kw name="Dictionary Should Contain Key" owner="Collections">
<msg time="2024-05-23T13:16:23.074324" level="INFO">False</msg>
<arg>${json_data['results'][0]}</arg>
<arg>${key}</arg>
<doc>Fails if ``key`` is not found from ``dictionary``.</doc>
<status status="PASS" start="2024-05-23T13:16:23.073890" elapsed="0.000479"/>
</kw>
<kw name="Log" owner="BuiltIn">
<msg time="2024-05-23T13:16:23.075056" level="INFO">{'gender': 'male', 'name': {'title': 'Mr', 'first': 'Francis', 'last': 'Crawford'}, 'location': {'street': {'number': 2550, 'name': 'N Stelling Rd'}, 'city': 'Killeen', 'state': 'Montana', 'country': 'United States', 'postcode': 74256, 'coordinates': {'latitude': '85.8295', 'longitude': '-53.0148'}, 'timezone': {'offset': '+9:30', 'description': 'Adelaide, Darwin'}}, 'email': 'francis.crawford@example.com', 'login': {'uuid': '52e4878b-7dfe-47cf-95a6-b82b587b8c0c', 'username': 'redgorilla725', 'password': 'fowler', 'salt': 'DZ83BV8J', 'md5': '82fb03b2f6dccfaa7f8a4f6f1a810713', 'sha1': 'e70a9c879f98e37203353cc8021eecf204caef15', 'sha256': '317b4faf2217e0b7677a3634b5d715922af03e67352b1144ca12df29fa034c58'}, 'dob': {'date': '1973-01-11T18:53:37.210Z', 'age': 51}, 'registered': {'date': '2005-04-03T01:44:09.498Z', 'age': 19}, 'phone': '(454) 757-0782', 'cell': '(297) 751-8204', 'id': {'name': 'SSN', 'value': '109-88-8869'}, 'picture': {'large': 'https://randomuser.me/api/portraits/men/69.jpg', 'medium': 'https://randomuser.me/api/portraits/med/men/69.jpg', 'thumbnail': 'https://randomuser.me/api/portraits/thumb/men/69.jpg'}, 'nat': 'US'}</msg>
<arg>${json_data['results'][0]}</arg>
<doc>Logs the given message with the given level.</doc>
<status status="PASS" start="2024-05-23T13:16:23.074676" elapsed="0.000430"/>
</kw>
<kw name="Log" owner="BuiltIn">
<msg time="2024-05-23T13:16:23.075565" level="INFO">gender</msg>
<arg>${key}</arg>
<doc>Logs the given message with the given level.</doc>
<status status="PASS" start="2024-05-23T13:16:23.075432" elapsed="0.000172"/>
</kw>
<var name="${key}">gender</var>
<status status="PASS" start="2024-05-23T13:16:23.073752" elapsed="0.002073"/>
</iter>
<iter>
<kw name="Dictionary Should Contain Key" owner="Collections">
<msg time="2024-05-23T13:16:23.076531" level="INFO">False</msg>
<arg>${json_data['results'][0]}</arg>
<arg>${key}</arg>
<doc>Fails if ``key`` is not found from ``dictionary``.</doc>
<status status="PASS" start="2024-05-23T13:16:23.076137" elapsed="0.000432"/>
</kw>
<kw name="Log" owner="BuiltIn">
<msg time="2024-05-23T13:16:23.077259" level="INFO">{'gender': 'male', 'name': {'title': 'Mr', 'first': 'Francis', 'last': 'Crawford'}, 'location': {'street': {'number': 2550, 'name': 'N Stelling Rd'}, 'city': 'Killeen', 'state': 'Montana', 'country': 'United States', 'postcode': 74256, 'coordinates': {'latitude': '85.8295', 'longitude': '-53.0148'}, 'timezone': {'offset': '+9:30', 'description': 'Adelaide, Darwin'}}, 'email': 'francis.crawford@example.com', 'login': {'uuid': '52e4878b-7dfe-47cf-95a6-b82b587b8c0c', 'username': 'redgorilla725', 'password': 'fowler', 'salt': 'DZ83BV8J', 'md5': '82fb03b2f6dccfaa7f8a4f6f1a810713', 'sha1': 'e70a9c879f98e37203353cc8021eecf204caef15', 'sha256': '317b4faf2217e0b7677a3634b5d715922af03e67352b1144ca12df29fa034c58'}, 'dob': {'date': '1973-01-11T18:53:37.210Z', 'age': 51}, 'registered': {'date': '2005-04-03T01:44:09.498Z', 'age': 19}, 'phone': '(454) 757-0782', 'cell': '(297) 751-8204', 'id': {'name': 'SSN', 'value': '109-88-8869'}, 'picture': {'large': 'https://randomuser.me/api/portraits/men/69.jpg', 'medium': 'https://randomuser.me/api/portraits/med/men/69.jpg', 'thumbnail': 'https://randomuser.me/api/portraits/thumb/men/69.jpg'}, 'nat': 'US'}</msg>
<arg>${json_data['results'][0]}</arg>
<doc>Logs the given message with the given level.</doc>
<status status="PASS" start="2024-05-23T13:16:23.076898" elapsed="0.000410"/>
</kw>
<kw name="Log" owner="BuiltIn">
<msg time="2024-05-23T13:16:23.077771" level="INFO">name</msg>
<arg>${key}</arg>
<doc>Logs the given message with the given level.</doc>
<status status="PASS" start="2024-05-23T13:16:23.077637" elapsed="0.000173"/>
</kw>
<var name="${key}">name</var>
<status status="PASS" start="2024-05-23T13:16:23.076020" elapsed="0.002014"/>
</iter>
<iter>
<kw name="Dictionary Should Contain Key" owner="Collections">
<msg time="2024-05-23T13:16:23.078712" level="INFO">False</msg>
<arg>${json_data['results'][0]}</arg>
<arg>${key}</arg>
<doc>Fails if ``key`` is not found from ``dictionary``.</doc>
<status status="PASS" start="2024-05-23T13:16:23.078329" elapsed="0.000421"/>
</kw>
<kw name="Log" owner="BuiltIn">
<msg time="2024-05-23T13:16:23.079462" level="INFO">{'gender': 'male', 'name': {'title': 'Mr', 'first': 'Francis', 'last': 'Crawford'}, 'location': {'street': {'number': 2550, 'name': 'N Stelling Rd'}, 'city': 'Killeen', 'state': 'Montana', 'country': 'United States', 'postcode': 74256, 'coordinates': {'latitude': '85.8295', 'longitude': '-53.0148'}, 'timezone': {'offset': '+9:30', 'description': 'Adelaide, Darwin'}}, 'email': 'francis.crawford@example.com', 'login': {'uuid': '52e4878b-7dfe-47cf-95a6-b82b587b8c0c', 'username': 'redgorilla725', 'password': 'fowler', 'salt': 'DZ83BV8J', 'md5': '82fb03b2f6dccfaa7f8a4f6f1a810713', 'sha1': 'e70a9c879f98e37203353cc8021eecf204caef15', 'sha256': '317b4faf2217e0b7677a3634b5d715922af03e67352b1144ca12df29fa034c58'}, 'dob': {'date': '1973-01-11T18:53:37.210Z', 'age': 51}, 'registered': {'date': '2005-04-03T01:44:09.498Z', 'age': 19}, 'phone': '(454) 757-0782', 'cell': '(297) 751-8204', 'id': {'name': 'SSN', 'value': '109-88-8869'}, 'picture': {'large': 'https://randomuser.me/api/portraits/men/69.jpg', 'medium': 'https://randomuser.me/api/portraits/med/men/69.jpg', 'thumbnail': 'https://randomuser.me/api/portraits/thumb/men/69.jpg'}, 'nat': 'US'}</msg>
<arg>${json_data['results'][0]}</arg>
<doc>Logs the given message with the given level.</doc>
<status status="PASS" start="2024-05-23T13:16:23.079052" elapsed="0.000459"/>
</kw>
<kw name="Log" owner="BuiltIn">
<msg time="2024-05-23T13:16:23.079943" level="INFO">location</msg>
<arg>${key}</arg>
<doc>Logs the given message with the given level.</doc>
<status status="PASS" start="2024-05-23T13:16:23.079814" elapsed="0.000168"/>
</kw>
<var name="${key}">location</var>
<status status="PASS" start="2024-05-23T13:16:23.078216" elapsed="0.001989"/>
</iter>
<iter>
<kw name="Dictionary Should Contain Key" owner="Collections">
<msg time="2024-05-23T13:16:23.081004" level="INFO">False</msg>
<arg>${json_data['results'][0]}</arg>
<arg>${key}</arg>
<doc>Fails if ``key`` is not found from ``dictionary``.</doc>
<status status="PASS" start="2024-05-23T13:16:23.080492" elapsed="0.000552"/>
</kw>
<kw name="Log" owner="BuiltIn">
<msg time="2024-05-23T13:16:23.081709" level="INFO">{'gender': 'male', 'name': {'title': 'Mr', 'first': 'Francis', 'last': 'Crawford'}, 'location': {'street': {'number': 2550, 'name': 'N Stelling Rd'}, 'city': 'Killeen', 'state': 'Montana', 'country': 'United States', 'postcode': 74256, 'coordinates': {'latitude': '85.8295', 'longitude': '-53.0148'}, 'timezone': {'offset': '+9:30', 'description': 'Adelaide, Darwin'}}, 'email': 'francis.crawford@example.com', 'login': {'uuid': '52e4878b-7dfe-47cf-95a6-b82b587b8c0c', 'username': 'redgorilla725', 'password': 'fowler', 'salt': 'DZ83BV8J', 'md5': '82fb03b2f6dccfaa7f8a4f6f1a810713', 'sha1': 'e70a9c879f98e37203353cc8021eecf204caef15', 'sha256': '317b4faf2217e0b7677a3634b5d715922af03e67352b1144ca12df29fa034c58'}, 'dob': {'date': '1973-01-11T18:53:37.210Z', 'age': 51}, 'registered': {'date': '2005-04-03T01:44:09.498Z', 'age': 19}, 'phone': '(454) 757-0782', 'cell': '(297) 751-8204', 'id': {'name': 'SSN', 'value': '109-88-8869'}, 'picture': {'large': 'https://randomuser.me/api/portraits/men/69.jpg', 'medium': 'https://randomuser.me/api/portraits/med/men/69.jpg', 'thumbnail': 'https://randomuser.me/api/portraits/thumb/men/69.jpg'}, 'nat': 'US'}</msg>
<arg>${json_data['results'][0]}</arg>
<doc>Logs the given message with the given level.</doc>
<status status="PASS" start="2024-05-23T13:16:23.081349" elapsed="0.000408"/>
</kw>
<kw name="Log" owner="BuiltIn">
<msg time="2024-05-23T13:16:23.082188" level="INFO">email</msg>
<arg>${key}</arg>
<doc>Logs the given message with the given level.</doc>
<status status="PASS" start="2024-05-23T13:16:23.082058" elapsed="0.000167"/>
</kw>
<var name="${key}">email</var>
<status status="PASS" start="2024-05-23T13:16:23.080380" elapsed="0.002069"/>
</iter>
<iter>
<kw name="Dictionary Should Contain Key" owner="Collections">
<msg time="2024-05-23T13:16:23.083119" level="INFO">False</msg>
<arg>${json_data['results'][0]}</arg>
<arg>${key}</arg>
<doc>Fails if ``key`` is not found from ``dictionary``.</doc>
<status status="PASS" start="2024-05-23T13:16:23.082740" elapsed="0.000437"/>
</kw>
<kw name="Log" owner="BuiltIn">
<msg time="2024-05-23T13:16:23.083845" level="INFO">{'gender': 'male', 'name': {'title': 'Mr', 'first': 'Francis', 'last': 'Crawford'}, 'location': {'street': {'number': 2550, 'name': 'N Stelling Rd'}, 'city': 'Killeen', 'state': 'Montana', 'country': 'United States', 'postcode': 74256, 'coordinates': {'latitude': '85.8295', 'longitude': '-53.0148'}, 'timezone': {'offset': '+9:30', 'description': 'Adelaide, Darwin'}}, 'email': 'francis.crawford@example.com', 'login': {'uuid': '52e4878b-7dfe-47cf-95a6-b82b587b8c0c', 'username': 'redgorilla725', 'password': 'fowler', 'salt': 'DZ83BV8J', 'md5': '82fb03b2f6dccfaa7f8a4f6f1a810713', 'sha1': 'e70a9c879f98e37203353cc8021eecf204caef15', 'sha256': '317b4faf2217e0b7677a3634b5d715922af03e67352b1144ca12df29fa034c58'}, 'dob': {'date': '1973-01-11T18:53:37.210Z', 'age': 51}, 'registered': {'date': '2005-04-03T01:44:09.498Z', 'age': 19}, 'phone': '(454) 757-0782', 'cell': '(297) 751-8204', 'id': {'name': 'SSN', 'value': '109-88-8869'}, 'picture': {'large': 'https://randomuser.me/api/portraits/men/69.jpg', 'medium': 'https://randomuser.me/api/portraits/med/men/69.jpg', 'thumbnail': 'https://randomuser.me/api/portraits/thumb/men/69.jpg'}, 'nat': 'US'}</msg>
<arg>${json_data['results'][0]}</arg>
<doc>Logs the given message with the given level.</doc>
<status status="PASS" start="2024-05-23T13:16:23.083483" elapsed="0.000411"/>
</kw>
<kw name="Log" owner="BuiltIn">
<msg time="2024-05-23T13:16:23.084320" level="INFO">login</msg>
<arg>${key}</arg>
<doc>Logs the given message with the given level.</doc>
<status status="PASS" start="2024-05-23T13:16:23.084191" elapsed="0.000167"/>
</kw>
<var name="${key}">login</var>
<status status="PASS" start="2024-05-23T13:16:23.082626" elapsed="0.001974"/>
</iter>
<var>${key}</var>
<value>@{expected_keys}</value>
<status status="PASS" start="2024-05-23T13:16:23.073530" elapsed="0.011199"/>
</for>
<kw name="Create List" owner="BuiltIn">
<msg time="2024-05-23T13:16:23.085067" level="INFO">${expected_keysTwo} = ['username', 'password']</msg>
<var>${expected_keysTwo}</var>
<arg>username</arg>
<arg>password</arg>
<doc>Returns a list containing given items.</doc>
<status status="PASS" start="2024-05-23T13:16:23.084929" elapsed="0.000162"/>
</kw>
<for flavor="IN">
<iter>
<kw name="Dictionary Should Contain Key" owner="Collections">
<msg time="2024-05-23T13:16:23.085983" level="INFO">False</msg>
<arg>${json_data['results'][0]['login']}</arg>
<arg>${keyTwo}</arg>
<doc>Fails if ``key`` is not found from ``dictionary``.</doc>
<status status="PASS" start="2024-05-23T13:16:23.085598" elapsed="0.000423"/>
</kw>
<kw name="Dictionary Should Contain Key" owner="Collections">
<msg time="2024-05-23T13:16:23.086692" level="INFO">False</msg>
<arg>${json_data['results'][0]['login']}</arg>
<arg>${keyTwo}</arg>
<doc>Fails if ``key`` is not found from ``dictionary``.</doc>
<status status="PASS" start="2024-05-23T13:16:23.086316" elapsed="0.000415"/>
</kw>
<kw name="Log" owner="BuiltIn">
<msg time="2024-05-23T13:16:23.087190" level="INFO">username</msg>
<arg>${keyTwo}</arg>
<doc>Logs the given message with the given level.</doc>
<status status="PASS" start="2024-05-23T13:16:23.087025" elapsed="0.000209"/>
</kw>
<var name="${keyTwo}">username</var>
<status status="PASS" start="2024-05-23T13:16:23.085487" elapsed="0.001972"/>
</iter>
<iter>
<kw name="Dictionary Should Contain Key" owner="Collections">
<msg time="2024-05-23T13:16:23.088128" level="INFO">False</msg>
<arg>${json_data['results'][0]['login']}</arg>
<arg>${keyTwo}</arg>
<doc>Fails if ``key`` is not found from ``dictionary``.</doc>
<status status="PASS" start="2024-05-23T13:16:23.087743" elapsed="0.000424"/>
</kw>
<kw name="Dictionary Should Contain Key" owner="Collections">
<msg time="2024-05-23T13:16:23.088840" level="INFO">False</msg>
<arg>${json_data['results'][0]['login']}</arg>
<arg>${keyTwo}</arg>
<doc>Fails if ``key`` is not found from ``dictionary``.</doc>
<status status="PASS" start="2024-05-23T13:16:23.088464" elapsed="0.000415"/>
</kw>
<kw name="Log" owner="BuiltIn">
<msg time="2024-05-23T13:16:23.089304" level="INFO">password</msg>
<arg>${keyTwo}</arg>
<doc>Logs the given message with the given level.</doc>
<status status="PASS" start="2024-05-23T13:16:23.089173" elapsed="0.000169"/>
</kw>
<var name="${keyTwo}">password</var>
<status status="PASS" start="2024-05-23T13:16:23.087631" elapsed="0.001929"/>
</iter>
<var>${keyTwo}</var>
<value>@{expected_keysTwo}</value>
<status status="PASS" start="2024-05-23T13:16:23.085333" elapsed="0.004348"/>
</for>
<status status="PASS" start="2024-05-23T13:16:22.967353" elapsed="0.122477"/>
</kw>
<doc>Testa a estrutura da resposta da API.</doc>
<tag>testeEstruturaResposta</tag>
<status status="PASS" start="2024-05-23T13:16:22.966815" elapsed="0.123180"/>
</test>
<test id="s1-s1-t4" name="Validar tipos de dados" line="28">
<kw name="Teste de Tipos de Dados" owner="random-user-service">
<kw name="GET On Session" owner="RequestsLibrary">
<msg time="2024-05-23T13:16:23.178019" level="INFO">GET Request : url=https://randomuser.me/api 
 path_url=/api 
 headers={'User-Agent': 'python-requests/2.32.2', 'Accept-Encoding': 'gzip, deflate', 'Accept': '*/*', 'Connection': 'keep-alive'} 
 body=None 
 </msg>
<msg time="2024-05-23T13:16:23.178129" level="INFO">GET Response : url=https://randomuser.me/api 
 status=200, reason=OK 
 headers={'Date': 'Thu, 23 May 2024 13:16:23 GMT', 'Content-Type': 'application/json; charset=utf-8', 'Transfer-Encoding': 'chunked', 'Connection': 'keep-alive', 'X-Powered-By': 'Express', 'Access-Control-Allow-Origin': '*', 'Cache-Control': 'no-cache', 'ETag': 'W/"484-vpxHHnuSR77aOPkcJG/vnv2hwDA"', 'Vary': 'Accept-Encoding', 'Content-Encoding': 'gzip', 'CF-Cache-Status': 'DYNAMIC', 'Report-To': '{"endpoints":[{"url":"https:\\/\\/a.nel.cloudflare.com\\/report\\/v4?s=YO0hSFMxCXClAGT9Gs8qpc%2BOZbLOpETq1te7BVBfRXXl2aSjOMpCu4KM5q8CoZAER%2FivSlPs78j8kG0yQ6trNYH6IgCxJCCOXhj5IDMP7Bd%2BjgF2kZVqBtXN6uu72FQC"}],"group":"cf-nel","max_age":604800}', 'NEL': '{"success_fraction":0,"report_to":"cf-nel","max_age":604800}', 'Server': 'cloudflare', 'CF-RAY': '888551f45b0205ff-IAD', 'alt-svc': 'h3=":443"; ma=86400'} 
 body={"results":[{"gender":"female","name":{"title":"Mrs","first":"Peppi","last":"Mantyla"},"location":{"street":{"number":5871,"name":"Rotuaari"},"city":"Larsmo","state":"Central Finland","country":"Finland","postcode":73754,"coordinates":{"latitude":"-25.1492","longitude":"140.7498"},"timezone":{"offset":"-10:00","description":"Hawaii"}},"email":"peppi.mantyla@example.com","login":{"uuid":"c9519b60-b502-4b25-a935-13d57fdb4bb2","username":"greenbutterfly272","password":"candle","salt":"vdlTluzJ","md5":"8fb09a365882385d6ccb0814ed06a73b","sha1":"c81b7245965c807d2de2090d862a8fcc07dd2b61","sha256":"040994b506798b9318b4b43383b6b1854763e6dd32881eb3a4fd6dc7004fa4f7"},"dob":{"date":"1993-08-14T07:34:39.594Z","age":30},"registered":{"date":"2009-04-16T04:14:27.891Z","age":15},"phone":"09-872-671","cell":"043-166-15-18","id":{"name":"HETU","value":"NaNNA530undefined"},"picture":{"large":"https://randomuser.me/api/portraits/women/48.jpg","medium":"https://randomuser.me/api/portraits/med/women/48.jpg","thumbnail":"https://randomuser.me/api/portraits/thumb/women/48.jpg"},"nat":"FI"}],"info":{"seed":"fd9ecd2ae0f821bc","results":1,"page":1,"version":"1.4"}} 
 </msg>
<msg time="2024-05-23T13:16:23.178209" level="INFO">/opt/hostedtoolcache/Python/3.12.3/x64/lib/python3.12/site-packages/urllib3/connectionpool.py:1103: InsecureRequestWarning: Unverified HTTPS request is being made to host 'randomuser.me'. Adding certificate verification is strongly advised. See: https://urllib3.readthedocs.io/en/latest/advanced-usage.html#tls-warnings
  warnings.warn(</msg>
<msg time="2024-05-23T13:16:23.178374" level="INFO">${response} = &lt;Response [200]&gt;</msg>
<var>${response}</var>
<arg>consultarAPI</arg>
<arg>/api</arg>
<doc>Sends a GET request on a previously created HTTP Session.</doc>
<status status="PASS" start="2024-05-23T13:16:23.092531" elapsed="0.085893"/>
</kw>
<kw name="Set Variable" owner="BuiltIn">
<msg time="2024-05-23T13:16:23.179561" level="INFO">${json_data} = {'results': [{'gender': 'female', 'name': {'title': 'Mrs', 'first': 'Peppi', 'last': 'Mantyla'}, 'location': {'street': {'number': 5871, 'name': 'Rotuaari'}, 'city': 'Larsmo', 'state': 'Central Finlan...</msg>
<var>${json_data}</var>
<arg>${response.json()}</arg>
<doc>Returns the given values which can then be assigned to a variables.</doc>
<status status="PASS" start="2024-05-23T13:16:23.178981" elapsed="0.000609"/>
</kw>
<kw name="Log" owner="BuiltIn">
<msg time="2024-05-23T13:16:23.180068" level="INFO">{'results': [{'gender': 'female', 'name': {'title': 'Mrs', 'first': 'Peppi', 'last': 'Mantyla'}, 'location': {'street': {'number': 5871, 'name': 'Rotuaari'}, 'city': 'Larsmo', 'state': 'Central Finland', 'country': 'Finland', 'postcode': 73754, 'coordinates': {'latitude': '-25.1492', 'longitude': '140.7498'}, 'timezone': {'offset': '-10:00', 'description': 'Hawaii'}}, 'email': 'peppi.mantyla@example.com', 'login': {'uuid': 'c9519b60-b502-4b25-a935-13d57fdb4bb2', 'username': 'greenbutterfly272', 'password': 'candle', 'salt': 'vdlTluzJ', 'md5': '8fb09a365882385d6ccb0814ed06a73b', 'sha1': 'c81b7245965c807d2de2090d862a8fcc07dd2b61', 'sha256': '040994b506798b9318b4b43383b6b1854763e6dd32881eb3a4fd6dc7004fa4f7'}, 'dob': {'date': '1993-08-14T07:34:39.594Z', 'age': 30}, 'registered': {'date': '2009-04-16T04:14:27.891Z', 'age': 15}, 'phone': '09-872-671', 'cell': '043-166-15-18', 'id': {'name': 'HETU', 'value': 'NaNNA530undefined'}, 'picture': {'large': 'https://randomuser.me/api/portraits/women/48.jpg', 'medium': 'https://randomuser.me/api/portraits/med/women/48.jpg', 'thumbnail': 'https://randomuser.me/api/portraits/thumb/women/48.jpg'}, 'nat': 'FI'}], 'info': {'seed': 'fd9ecd2ae0f821bc', 'results': 1, 'page': 1, 'version': '1.4'}}</msg>
<arg>${json_data}</arg>
<doc>Logs the given message with the given level.</doc>
<status status="PASS" start="2024-05-23T13:16:23.179903" elapsed="0.000253"/>
</kw>
<kw name="Should Be String" owner="String">
<arg>${json_data['results'][0]['gender']}</arg>
<doc>Fails if the given ``item`` is not a string.</doc>
<status status="PASS" start="2024-05-23T13:16:23.180462" elapsed="0.000372"/>
</kw>
<kw name="Should Match Regexp" owner="BuiltIn">
<arg>${json_data['results'][0]['email']}</arg>
<arg>^[a-zA-Z0-9._%+-]+@[a-zA-Z0-9.-]+\.[a-zA-Z]{2,}$</arg>
<doc>Fails if ``string`` does not match ``pattern`` as a regular expression.</doc>
<status status="PASS" start="2024-05-23T13:16:23.181027" elapsed="0.000685"/>
</kw>
<kw name="Should Match Regexp" owner="BuiltIn">
<arg>${json_data['results'][0]['dob']['date']}</arg>
<arg>\\d{4}-\\d{2}-\\d{2}T\\d{2}:\\d{2}:\\d{2}\\.\\d{3}Z</arg>
<doc>Fails if ``string`` does not match ``pattern`` as a regular expression.</doc>
<status status="PASS" start="2024-05-23T13:16:23.181913" elapsed="0.000489"/>
</kw>
<kw name="Should Match Regexp" owner="BuiltIn">
<arg>${json_data['results'][0]['registered']['date']}</arg>
<arg>\\d{4}-\\d{2}-\\d{2}T\\d{2}:\\d{2}:\\d{2}\\.\\d{3}Z</arg>
<doc>Fails if ``string`` does not match ``pattern`` as a regular expression.</doc>
<status status="PASS" start="2024-05-23T13:16:23.182599" elapsed="0.000369"/>
</kw>
<kw name="Should Match Regexp" owner="BuiltIn">
<arg>${json_data['results'][0]['picture']['large']}</arg>
<arg>^https?://.*\.(?:png|jpe?g|gif|bmp)$</arg>
<doc>Fails if ``string`` does not match ``pattern`` as a regular expression.</doc>
<status status="PASS" start="2024-05-23T13:16:23.183181" elapsed="0.000485"/>
</kw>
<kw name="Should Match Regexp" owner="BuiltIn">
<arg>${json_data['results'][0]['picture']['medium']}</arg>
<arg>^https?://.*\.(?:png|jpe?g|gif|bmp)$</arg>
<doc>Fails if ``string`` does not match ``pattern`` as a regular expression.</doc>
<status status="PASS" start="2024-05-23T13:16:23.183859" elapsed="0.000354"/>
</kw>
<kw name="Should Match Regexp" owner="BuiltIn">
<arg>${json_data['results'][0]['picture']['thumbnail']}</arg>
<arg>^https?://.*\.(?:png|jpe?g|gif|bmp)$</arg>
<doc>Fails if ``string`` does not match ``pattern`` as a regular expression.</doc>
<status status="PASS" start="2024-05-23T13:16:23.184403" elapsed="0.000354"/>
</kw>
<kw name="Log" owner="BuiltIn">
<msg time="2024-05-23T13:16:23.185267" level="INFO">{'large': 'https://randomuser.me/api/portraits/women/48.jpg', 'medium': 'https://randomuser.me/api/portraits/med/women/48.jpg', 'thumbnail': 'https://randomuser.me/api/portraits/thumb/women/48.jpg'}</msg>
<arg>${json_data['results'][0]['picture']}</arg>
<doc>Logs the given message with the given level.</doc>
<status status="PASS" start="2024-05-23T13:16:23.184939" elapsed="0.000369"/>
</kw>
<status status="PASS" start="2024-05-23T13:16:23.092282" elapsed="0.093285"/>
</kw>
<kw name="Teste de Tipos de Dados - Postcode" owner="random-user-service">
<kw name="GET On Session" owner="RequestsLibrary">
<msg time="2024-05-23T13:16:23.275862" level="INFO">GET Request : url=https://randomuser.me/api 
 path_url=/api 
 headers={'User-Agent': 'python-requests/2.32.2', 'Accept-Encoding': 'gzip, deflate', 'Accept': '*/*', 'Connection': 'keep-alive'} 
 body=None 
 </msg>
<msg time="2024-05-23T13:16:23.275964" level="INFO">GET Response : url=https://randomuser.me/api 
 status=200, reason=OK 
 headers={'Date': 'Thu, 23 May 2024 13:16:23 GMT', 'Content-Type': 'application/json; charset=utf-8', 'Transfer-Encoding': 'chunked', 'Connection': 'keep-alive', 'X-Powered-By': 'Express', 'Access-Control-Allow-Origin': '*', 'Cache-Control': 'no-cache', 'ETag': 'W/"47b-gE/WEt1TsxFsR67KFgzS4Q60cng"', 'Vary': 'Accept-Encoding', 'Content-Encoding': 'gzip', 'CF-Cache-Status': 'DYNAMIC', 'Report-To': '{"endpoints":[{"url":"https:\\/\\/a.nel.cloudflare.com\\/report\\/v4?s=wnSVSf7lqk2hLauQZGoCIBPYGnBilv5Jta%2FqSztIX3azuZfo%2F94sFu1zB0F%2B%2F6AlruNF4%2F%2Fm0oDx1mBII570aceiX%2BkOOOKJv5oGFYeQmCz5SY2x1LVSm%2FZg%2BFFoqzt6"}],"group":"cf-nel","max_age":604800}', 'NEL': '{"success_fraction":0,"report_to":"cf-nel","max_age":604800}', 'Server': 'cloudflare', 'CF-RAY': '888551f4fbd505ff-IAD', 'alt-svc': 'h3=":443"; ma=86400'} 
 body={"results":[{"gender":"male","name":{"title":"Mr","first":"Damir","last":"Đokić"},"location":{"street":{"number":4370,"name":"Radoja Markovića"},"city":"Jagodina","state":"Toplica","country":"Serbia","postcode":43311,"coordinates":{"latitude":"63.2225","longitude":"-52.3754"},"timezone":{"offset":"-12:00","description":"Eniwetok, Kwajalein"}},"email":"damir.dokic@example.com","login":{"uuid":"2206b4e5-74ef-4fd6-accb-d535762e1fa3","username":"smallpanda853","password":"rhythm","salt":"Cs5782x4","md5":"25fe75b8453a177f78b069e4a0fcbc7f","sha1":"b0b28e4bd98c86a8a9a456815bd0e8e45cfc6ee3","sha256":"cd1bee7336556dbf03fe0ec266ee1d3359ce37715d754ae57b9afa4ce7809085"},"dob":{"date":"1962-07-04T02:08:01.278Z","age":61},"registered":{"date":"2006-09-24T11:52:53.414Z","age":17},"phone":"023-1809-620","cell":"062-9184-939","id":{"name":"SID","value":"402403433"},"picture":{"large":"https://randomuser.me/api/portraits/men/33.jpg","medium":"https://randomuser.me/api/portraits/med/men/33.jpg","thumbnail":"https://randomuser.me/api/portraits/thumb/men/33.jpg"},"nat":"RS"}],"info":{"seed":"594d8e97e37b02c2","results":1,"page":1,"version":"1.4"}} 
 </msg>
<msg time="2024-05-23T13:16:23.276039" level="INFO">/opt/hostedtoolcache/Python/3.12.3/x64/lib/python3.12/site-packages/urllib3/connectionpool.py:1103: InsecureRequestWarning: Unverified HTTPS request is being made to host 'randomuser.me'. Adding certificate verification is strongly advised. See: https://urllib3.readthedocs.io/en/latest/advanced-usage.html#tls-warnings
  warnings.warn(</msg>
<msg time="2024-05-23T13:16:23.276159" level="INFO">${response} = &lt;Response [200]&gt;</msg>
<var>${response}</var>
<arg>consultarAPI</arg>
<arg>/api</arg>
<doc>Sends a GET request on a previously created HTTP Session.</doc>
<status status="PASS" start="2024-05-23T13:16:23.186043" elapsed="0.090143"/>
</kw>
<kw name="Set Variable" owner="BuiltIn">
<msg time="2024-05-23T13:16:23.277280" level="INFO">${json_data} = {'results': [{'gender': 'male', 'name': {'title': 'Mr', 'first': 'Damir', 'last': 'Đokić'}, 'location': {'street': {'number': 4370, 'name': 'Radoja Markovića'}, 'city': 'Jagodina', 'state': 'Toplica',...</msg>
<var>${json_data}</var>
<arg>${response.json()}</arg>
<doc>Returns the given values which can then be assigned to a variables.</doc>
<status status="PASS" start="2024-05-23T13:16:23.276744" elapsed="0.000570"/>
</kw>
<kw name="Log" owner="BuiltIn">
<msg time="2024-05-23T13:16:23.277802" level="INFO">{'results': [{'gender': 'male', 'name': {'title': 'Mr', 'first': 'Damir', 'last': 'Đokić'}, 'location': {'street': {'number': 4370, 'name': 'Radoja Markovića'}, 'city': 'Jagodina', 'state': 'Toplica', 'country': 'Serbia', 'postcode': 43311, 'coordinates': {'latitude': '63.2225', 'longitude': '-52.3754'}, 'timezone': {'offset': '-12:00', 'description': 'Eniwetok, Kwajalein'}}, 'email': 'damir.dokic@example.com', 'login': {'uuid': '2206b4e5-74ef-4fd6-accb-d535762e1fa3', 'username': 'smallpanda853', 'password': 'rhythm', 'salt': 'Cs5782x4', 'md5': '25fe75b8453a177f78b069e4a0fcbc7f', 'sha1': 'b0b28e4bd98c86a8a9a456815bd0e8e45cfc6ee3', 'sha256': 'cd1bee7336556dbf03fe0ec266ee1d3359ce37715d754ae57b9afa4ce7809085'}, 'dob': {'date': '1962-07-04T02:08:01.278Z', 'age': 61}, 'registered': {'date': '2006-09-24T11:52:53.414Z', 'age': 17}, 'phone': '023-1809-620', 'cell': '062-9184-939', 'id': {'name': 'SID', 'value': '402403433'}, 'picture': {'large': 'https://randomuser.me/api/portraits/men/33.jpg', 'medium': 'https://randomuser.me/api/portraits/med/men/33.jpg', 'thumbnail': 'https://randomuser.me/api/portraits/thumb/men/33.jpg'}, 'nat': 'RS'}], 'info': {'seed': '594d8e97e37b02c2', 'results': 1, 'page': 1, 'version': '1.4'}}</msg>
<arg>${json_data}</arg>
<doc>Logs the given message with the given level.</doc>
<status status="PASS" start="2024-05-23T13:16:23.277639" elapsed="0.000256"/>
</kw>
<kw name="Should Be Equal As Numbers" owner="BuiltIn">
<arg>${json_data['results'][0]['location']['postcode']}</arg>
<arg>${json_data['results'][0]['location']['postcode']}</arg>
<doc>Fails if objects are unequal after converting them to real numbers.</doc>
<status status="PASS" start="2024-05-23T13:16:23.278208" elapsed="0.000655"/>
</kw>
<kw name="Log" owner="BuiltIn">
<msg time="2024-05-23T13:16:23.279460" level="INFO">43311</msg>
<arg>${json_data['results'][0]['location']['postcode']}</arg>
<doc>Logs the given message with the given level.</doc>
<status status="PASS" start="2024-05-23T13:16:23.279058" elapsed="0.000445"/>
</kw>
<status status="PASS" start="2024-05-23T13:16:23.185802" elapsed="0.093969"/>
</kw>
<doc>Testa se os tipos de dados na resposta da API estão corretos.</doc>
<tag>testeTiposDados</tag>
<status status="PASS" start="2024-05-23T13:16:23.091799" elapsed="0.188152"/>
</test>
<test id="s1-s1-t5" name="Validar conteudo" line="35">
<kw name="Teste de Tipos de Conteudo" owner="random-user-service">
<kw name="GET On Session" owner="RequestsLibrary">
<msg time="2024-05-23T13:16:23.381191" level="INFO">GET Request : url=https://randomuser.me/api 
 path_url=/api 
 headers={'User-Agent': 'python-requests/2.32.2', 'Accept-Encoding': 'gzip, deflate', 'Accept': '*/*', 'Connection': 'keep-alive'} 
 body=None 
 </msg>
<msg time="2024-05-23T13:16:23.381293" level="INFO">GET Response : url=https://randomuser.me/api 
 status=200, reason=OK 
 headers={'Date': 'Thu, 23 May 2024 13:16:23 GMT', 'Content-Type': 'application/json; charset=utf-8', 'Transfer-Encoding': 'chunked', 'Connection': 'keep-alive', 'X-Powered-By': 'Express', 'Access-Control-Allow-Origin': '*', 'Cache-Control': 'no-cache', 'ETag': 'W/"461-+dGzJMU6SL6nXuCgHQEO/5lhZpM"', 'Vary': 'Accept-Encoding', 'Content-Encoding': 'gzip', 'CF-Cache-Status': 'DYNAMIC', 'Report-To': '{"endpoints":[{"url":"https:\\/\\/a.nel.cloudflare.com\\/report\\/v4?s=kqNGEpVV42xo%2Fr6WqSOj2DsLdeevUIPYvL7U7XgzDTi93S1KDuMqbfMMfAj7i708tMfTRssdLHITfX3Bu4I8ZaO3%2FNOTQ93xTirjtarLxDSin7B3hkOJmDb1YhgxNpiv"}],"group":"cf-nel","max_age":604800}', 'NEL': '{"success_fraction":0,"report_to":"cf-nel","max_age":604800}', 'Server': 'cloudflare', 'CF-RAY': '888551f58c6d05ff-IAD', 'alt-svc': 'h3=":443"; ma=86400'} 
 body={"results":[{"gender":"male","name":{"title":"Mr","first":"Kaya","last":"Eliçin"},"location":{"street":{"number":6692,"name":"Atatürk Sk"},"city":"Bilecik","state":"Kars","country":"Turkey","postcode":46509,"coordinates":{"latitude":"68.4556","longitude":"-35.9003"},"timezone":{"offset":"+3:30","description":"Tehran"}},"email":"kaya.elicin@example.com","login":{"uuid":"959a0276-1ff3-45a0-98d7-98080ed65460","username":"ticklishladybug634","password":"lister","salt":"e09muOa1","md5":"7b4b61c00a0232526f131accfa8b8e5b","sha1":"2cf4156a8c6a7dde0c29e016266d3799e0c20cb1","sha256":"48ad1d14297d41db0e68f033aa9827c3a376a9b784b93c04614154428cda01b5"},"dob":{"date":"1974-03-28T02:15:02.915Z","age":50},"registered":{"date":"2002-06-09T16:03:20.788Z","age":21},"phone":"(088)-332-3004","cell":"(456)-528-8636","id":{"name":"","value":null},"picture":{"large":"https://randomuser.me/api/portraits/men/51.jpg","medium":"https://randomuser.me/api/portraits/med/men/51.jpg","thumbnail":"https://randomuser.me/api/portraits/thumb/men/51.jpg"},"nat":"TR"}],"info":{"seed":"9741526e2989aff2","results":1,"page":1,"version":"1.4"}} 
 </msg>
<msg time="2024-05-23T13:16:23.381361" level="INFO">/opt/hostedtoolcache/Python/3.12.3/x64/lib/python3.12/site-packages/urllib3/connectionpool.py:1103: InsecureRequestWarning: Unverified HTTPS request is being made to host 'randomuser.me'. Adding certificate verification is strongly advised. See: https://urllib3.readthedocs.io/en/latest/advanced-usage.html#tls-warnings
  warnings.warn(</msg>
<msg time="2024-05-23T13:16:23.381484" level="INFO">${response} = &lt;Response [200]&gt;</msg>
<var>${response}</var>
<arg>consultarAPI</arg>
<arg>/api</arg>
<doc>Sends a GET request on a previously created HTTP Session.</doc>
<status status="PASS" start="2024-05-23T13:16:23.282435" elapsed="0.099077"/>
</kw>
<kw name="Set Variable" owner="BuiltIn">
<msg time="2024-05-23T13:16:23.382594" level="INFO">${json_data} = {'results': [{'gender': 'male', 'name': {'title': 'Mr', 'first': 'Kaya', 'last': 'Eliçin'}, 'location': {'street': {'number': 6692, 'name': 'Atatürk Sk'}, 'city': 'Bilecik', 'state': 'Kars', 'country'...</msg>
<var>${json_data}</var>
<arg>${response.json()}</arg>
<doc>Returns the given values which can then be assigned to a variables.</doc>
<status status="PASS" start="2024-05-23T13:16:23.382060" elapsed="0.000564"/>
</kw>
<kw name="Set Variable" owner="BuiltIn">
<msg time="2024-05-23T13:16:23.383415" level="INFO">${name_title} = Mr</msg>
<var>${name_title}</var>
<arg>${json_data["results"][0]["name"]["title"]}</arg>
<doc>Returns the given values which can then be assigned to a variables.</doc>
<status status="PASS" start="2024-05-23T13:16:23.382936" elapsed="0.000505"/>
</kw>
<kw name="Create List" owner="BuiltIn">
<msg time="2024-05-23T13:16:23.383900" level="INFO">${allowed_titles} = ['Mr', 'Ms', 'Miss', 'Mrs', 'Madame', 'Monsieur']</msg>
<var>${allowed_titles}</var>
<arg>Mr</arg>
<arg>Ms</arg>
<arg>Miss</arg>
<arg>Mrs</arg>
<arg>Madame</arg>
<arg>Monsieur</arg>
<doc>Returns a list containing given items.</doc>
<status status="PASS" start="2024-05-23T13:16:23.383748" elapsed="0.000176"/>
</kw>
<kw name="List Should Contain Value" owner="Collections">
<msg time="2024-05-23T13:16:23.384406" level="INFO">False</msg>
<arg>${allowed_titles}</arg>
<arg>${name_title}</arg>
<doc>Fails if the ``value`` is not found from ``list``.</doc>
<status status="PASS" start="2024-05-23T13:16:23.384228" elapsed="0.000216"/>
</kw>
<kw name="Set Variable" owner="BuiltIn">
<msg time="2024-05-23T13:16:23.385312" level="INFO">${name_country} = TR</msg>
<var>${name_country}</var>
<arg>${json_data["results"][0]["nat"]}</arg>
<doc>Returns the given values which can then be assigned to a variables.</doc>
<status status="PASS" start="2024-05-23T13:16:23.384737" elapsed="0.000601"/>
</kw>
<kw name="Create List" owner="BuiltIn">
<msg time="2024-05-23T13:16:23.386255" level="INFO">${list_country} = ['AD', 'AE', 'AF', 'AG', 'AI', 'AL', 'AM', 'AO', 'AQ', 'AR', 'AS', 'AT', 'AU', 'AW', 'AX', 'AZ', 'BA', 'BB', 'BD', 'BE', 'BF', 'BG', 'BH', 'BI', 'BJ', 'BL', 'BM', 'BN', 'BO', 'BQ', 'BR', 'BS', 'BT', '...</msg>
<var>${list_country}</var>
<arg>AD</arg>
<arg>AE</arg>
<arg>AF</arg>
<arg>AG</arg>
<arg>AI</arg>
<arg>AL</arg>
<arg>AM</arg>
<arg>AO</arg>
<arg>AQ</arg>
<arg>AR</arg>
<arg>AS</arg>
<arg>AT</arg>
<arg>AU</arg>
<arg>AW</arg>
<arg>AX</arg>
<arg>AZ</arg>
<arg>BA</arg>
<arg>BB</arg>
<arg>BD</arg>
<arg>BE</arg>
<arg>BF</arg>
<arg>BG</arg>
<arg>BH</arg>
<arg>BI</arg>
<arg>BJ</arg>
<arg>BL</arg>
<arg>BM</arg>
<arg>BN</arg>
<arg>BO</arg>
<arg>BQ</arg>
<arg>BR</arg>
<arg>BS</arg>
<arg>BT</arg>
<arg>BV</arg>
<arg>BW</arg>
<arg>BY</arg>
<arg>BZ</arg>
<arg>CA</arg>
<arg>CC</arg>
<arg>CD</arg>
<arg>CF</arg>
<arg>CG</arg>
<arg>CH</arg>
<arg>CI</arg>
<arg>CK</arg>
<arg>CL</arg>
<arg>CM</arg>
<arg>CN</arg>
<arg>CO</arg>
<arg>CR</arg>
<arg>CU</arg>
<arg>CV</arg>
<arg>CW</arg>
<arg>CX</arg>
<arg>CY</arg>
<arg>CZ</arg>
<arg>DE</arg>
<arg>DJ</arg>
<arg>DK</arg>
<arg>DM</arg>
<arg>DO</arg>
<arg>DZ</arg>
<arg>EC</arg>
<arg>EE</arg>
<arg>EG</arg>
<arg>EH</arg>
<arg>ER</arg>
<arg>ES</arg>
<arg>ET</arg>
<arg>FI</arg>
<arg>FJ</arg>
<arg>FK</arg>
<arg>FM</arg>
<arg>FO</arg>
<arg>FR</arg>
<arg>GA</arg>
<arg>GB</arg>
<arg>GD</arg>
<arg>GE</arg>
<arg>GF</arg>
<arg>GG</arg>
<arg>GH</arg>
<arg>GI</arg>
<arg>GL</arg>
<arg>GM</arg>
<arg>GN</arg>
<arg>GP</arg>
<arg>GQ</arg>
<arg>GR</arg>
<arg>GS</arg>
<arg>GT</arg>
<arg>GU</arg>
<arg>GW</arg>
<arg>GY</arg>
<arg>HK</arg>
<arg>HM</arg>
<arg>HN</arg>
<arg>HR</arg>
<arg>HT</arg>
<arg>HU</arg>
<arg>ID</arg>
<arg>IE</arg>
<arg>IL</arg>
<arg>IM</arg>
<arg>IN</arg>
<arg>IO</arg>
<arg>IQ</arg>
<arg>IR</arg>
<arg>IS</arg>
<arg>IT</arg>
<arg>JE</arg>
<arg>JM</arg>
<arg>JO</arg>
<arg>JP</arg>
<arg>KE</arg>
<arg>KG</arg>
<arg>KH</arg>
<arg>KI</arg>
<arg>KM</arg>
<arg>KN</arg>
<arg>KP</arg>
<arg>KR</arg>
<arg>KW</arg>
<arg>KY</arg>
<arg>KZ</arg>
<arg>LA</arg>
<arg>LB</arg>
<arg>LC</arg>
<arg>LI</arg>
<arg>LK</arg>
<arg>LR</arg>
<arg>LS</arg>
<arg>LT</arg>
<arg>LU</arg>
<arg>LV</arg>
<arg>LY</arg>
<arg>MA</arg>
<arg>MC</arg>
<arg>MD</arg>
<arg>ME</arg>
<arg>MF</arg>
<arg>MG</arg>
<arg>MH</arg>
<arg>MK</arg>
<arg>ML</arg>
<arg>MM</arg>
<arg>MN</arg>
<arg>MO</arg>
<arg>MP</arg>
<arg>MQ</arg>
<arg>MR</arg>
<arg>MS</arg>
<arg>MT</arg>
<arg>MU</arg>
<arg>MV</arg>
<arg>MW</arg>
<arg>MX</arg>
<arg>MY</arg>
<arg>MZ</arg>
<arg>NA</arg>
<arg>NC</arg>
<arg>NE</arg>
<arg>NF</arg>
<arg>NG</arg>
<arg>NI</arg>
<arg>NL</arg>
<arg>NO</arg>
<arg>NP</arg>
<arg>NR</arg>
<arg>NU</arg>
<arg>NZ</arg>
<arg>OM</arg>
<arg>PA</arg>
<arg>PE</arg>
<arg>PF</arg>
<arg>PG</arg>
<arg>PH</arg>
<arg>PK</arg>
<arg>PL</arg>
<arg>PM</arg>
<arg>PN</arg>
<arg>PR</arg>
<arg>PS</arg>
<arg>PT</arg>
<arg>PW</arg>
<arg>PY</arg>
<arg>QA</arg>
<arg>RE</arg>
<arg>RO</arg>
<arg>RS</arg>
<arg>RU</arg>
<arg>RW</arg>
<arg>SA</arg>
<arg>SB</arg>
<arg>SC</arg>
<arg>SD</arg>
<arg>SE</arg>
<arg>SG</arg>
<arg>SH</arg>
<arg>SI</arg>
<arg>SJ</arg>
<arg>SK</arg>
<arg>SL</arg>
<arg>SM</arg>
<arg>SN</arg>
<arg>SO</arg>
<arg>SR</arg>
<arg>SS</arg>
<arg>ST</arg>
<arg>SV</arg>
<arg>SX</arg>
<arg>SY</arg>
<arg>SZ</arg>
<arg>TC</arg>
<arg>TD</arg>
<arg>TF</arg>
<arg>TG</arg>
<arg>TH</arg>
<arg>TJ</arg>
<arg>TK</arg>
<arg>TL</arg>
<arg>TM</arg>
<arg>TN</arg>
<arg>TO</arg>
<arg>TR</arg>
<arg>TT</arg>
<arg>TV</arg>
<arg>TW</arg>
<arg>TZ</arg>
<arg>UA</arg>
<arg>UG</arg>
<arg>UM</arg>
<arg>US</arg>
<arg>UY</arg>
<arg>UZ</arg>
<arg>VA</arg>
<arg>VC</arg>
<arg>VE</arg>
<arg>VG</arg>
<arg>VI</arg>
<arg>VN</arg>
<arg>VU</arg>
<arg>WF</arg>
<arg>WS</arg>
<arg>XK</arg>
<arg>YE</arg>
<arg>YT</arg>
<arg>ZA</arg>
<arg>ZM</arg>
<arg>ZW</arg>
<doc>Returns a list containing given items.</doc>
<status status="PASS" start="2024-05-23T13:16:23.385653" elapsed="0.000628"/>
</kw>
<kw name="List Should Contain Value" owner="Collections">
<msg time="2024-05-23T13:16:23.387314" level="INFO">False</msg>
<arg>${list_country}</arg>
<arg>${name_country}</arg>
<doc>Fails if the ``value`` is not found from ``list``.</doc>
<status status="PASS" start="2024-05-23T13:16:23.387071" elapsed="0.000281"/>
</kw>
<kw name="Run Keyword If" owner="BuiltIn">
<kw name="Should Be True" owner="BuiltIn">
<arg>${True}</arg>
<doc>Fails if the given condition is not true.</doc>
<status status="PASS" start="2024-05-23T13:16:23.388435" elapsed="0.000146"/>
</kw>
<arg>${json_data["results"][0]["location"]["coordinates"]["latitude"]} &gt;= -90 and ${json_data["results"][0]["location"]["coordinates"]["latitude"]} &lt;= 90</arg>
<arg>Should Be True</arg>
<arg>${True}</arg>
<doc>Runs the given keyword with the given arguments, if ``condition`` is true.</doc>
<status status="PASS" start="2024-05-23T13:16:23.387668" elapsed="0.001039"/>
</kw>
<kw name="Run Keyword If" owner="BuiltIn">
<kw name="Should Be True" owner="BuiltIn">
<arg>${True}</arg>
<doc>Fails if the given condition is not true.</doc>
<status status="PASS" start="2024-05-23T13:16:23.389584" elapsed="0.000140"/>
</kw>
<arg>${json_data["results"][0]["location"]["coordinates"]["longitude"]} &gt;= -180 and ${json_data["results"][0]["location"]["coordinates"]["longitude"]} &lt;= 180</arg>
<arg>Should Be True</arg>
<arg>${True}</arg>
<doc>Runs the given keyword with the given arguments, if ``condition`` is true.</doc>
<status status="PASS" start="2024-05-23T13:16:23.388890" elapsed="0.000959"/>
</kw>
<status status="PASS" start="2024-05-23T13:16:23.282199" elapsed="0.107786"/>
</kw>
<doc>Testa o conteúdo específico dos campos retornados pela API.</doc>
<tag>testeConteudo</tag>
<status status="PASS" start="2024-05-23T13:16:23.281717" elapsed="0.108425"/>
</test>
<status status="PASS" start="2024-05-23T13:16:22.490641" elapsed="0.901541"/>
</suite>
<status status="PASS" start="2024-05-23T13:16:22.476534" elapsed="0.921005"/>
</suite>
<statistics>
<total>
<stat pass="5" fail="0" skip="0">All Tests</stat>
</total>
<tag>
<stat pass="1" fail="0" skip="0">testeConteudo</stat>
<stat pass="1" fail="0" skip="0">testeEstruturaResposta</stat>
<stat pass="1" fail="0" skip="0">testeRequisicaoBasica</stat>
<stat pass="1" fail="0" skip="0">testeTiposDados</stat>
</tag>
<suite>
<stat pass="5" fail="0" skip="0" id="s1" name="Tests">Tests</stat>
<stat pass="5" fail="0" skip="0" id="s1-s1" name="Random-User-Test">Tests.Random-User-Test</stat>
</suite>
</statistics>
<errors>
</errors>
</robot>
