<?xml version="1.0" encoding="UTF-8"?>
<robot generator="Robot 7.0 (Python 3.12.3 on linux)" generated="2024-06-04T18:19:41.093188" rpa="false" schemaversion="5">
<suite id="s1" name="Tests" source="/home/runner/work/ApiRandomUser/ApiRandomUser/RamdonUser/tests">
<suite id="s1-s1" name="Random-User-Test" source="/home/runner/work/ApiRandomUser/ApiRandomUser/RamdonUser/tests/random-user-test.robot">
<test id="s1-s1-t1" name="Conectar" line="13">
<kw name="Conectar API" owner="random-user-service">
<kw name="Create Session" owner="RequestsLibrary">
<msg time="2024-06-04T18:19:41.542544" level="INFO">Creating Session using : alias=consultarAPI, url=https://randomuser.me/, headers={},                     cookies={}, auth=None, timeout=None, proxies=None, verify=False,                     debug=0 </msg>
<arg>consultarAPI</arg>
<arg>${URL}</arg>
<doc>Create Session: create a HTTP session to a server</doc>
<status status="PASS" start="2024-06-04T18:19:41.542294" elapsed="0.000470"/>
</kw>
<status status="PASS" start="2024-06-04T18:19:41.541088" elapsed="0.002164"/>
</kw>
<status status="PASS" start="2024-06-04T18:19:41.540421" elapsed="0.003050"/>
</test>
<test id="s1-s1-t2" name="Validar retorno 200 e JSON Válido" line="16">
<kw name="Teste de Requisicao Basica" owner="random-user-service">
<kw name="GET On Session" owner="RequestsLibrary">
<msg time="2024-06-04T18:19:41.760407" level="INFO">GET Request : url=https://randomuser.me/api 
 path_url=/api 
 headers={'User-Agent': 'python-requests/2.32.3', 'Accept-Encoding': 'gzip, deflate', 'Accept': '*/*', 'Connection': 'keep-alive'} 
 body=None 
 </msg>
<msg time="2024-06-04T18:19:41.760595" level="INFO">GET Response : url=https://randomuser.me/api 
 status=200, reason=OK 
 headers={'Date': 'Tue, 04 Jun 2024 18:19:41 GMT', 'Content-Type': 'application/json; charset=utf-8', 'Transfer-Encoding': 'chunked', 'Connection': 'keep-alive', 'X-Powered-By': 'Express', 'Access-Control-Allow-Origin': '*', 'Cache-Control': 'no-cache', 'ETag': 'W/"488-PdHPIG3mTGuU3i2W977DU5UJCEk"', 'Vary': 'Accept-Encoding', 'Content-Encoding': 'gzip', 'CF-Cache-Status': 'DYNAMIC', 'Report-To': '{"endpoints":[{"url":"https:\\/\\/a.nel.cloudflare.com\\/report\\/v4?s=B66cGg6Dwtz3U5yemejFmEpuH5GAH9erOdvqxO7iS1n0XwqkJc%2BGNFsxaakxmrnM%2F6LftOe9Mo2OMRCMED41BZR%2BNb5OwbhoLjC89IDGSrulbUIGok905LL8%2Fzna5HiJ"}],"group":"cf-nel","max_age":604800}', 'NEL': '{"success_fraction":0,"report_to":"cf-nel","max_age":604800}', 'Server': 'cloudflare', 'CF-RAY': '88e9eec0ea5289f4-ORD', 'alt-svc': 'h3=":443"; ma=86400'} 
 body={"results":[{"gender":"female","name":{"title":"Mrs","first":"Melina","last":"Katanić"},"location":{"street":{"number":1954,"name":"Blagoja Rankovića"},"city":"Plandište","state":"South Banat","country":"Serbia","postcode":62906,"coordinates":{"latitude":"61.9848","longitude":"149.1334"},"timezone":{"offset":"-3:30","description":"Newfoundland"}},"email":"melina.katanic@example.com","login":{"uuid":"8485319c-9f29-4103-90db-ba587a603708","username":"sadpeacock711","password":"stella","salt":"9lLecotd","md5":"08505af997c9b01e4a9bdbc6537b40f9","sha1":"498e3d12b5f39f1423c44746b743bf0dcc277457","sha256":"3fcd060212d6ee9fdfe08d759a87c0695f814f590170b62d7fb73e302f273de4"},"dob":{"date":"1962-08-01T01:11:06.044Z","age":61},"registered":{"date":"2012-07-13T12:19:03.931Z","age":11},"phone":"034-0240-506","cell":"061-7881-292","id":{"name":"SID","value":"524437449"},"picture":{"large":"https://randomuser.me/api/portraits/women/43.jpg","medium":"https://randomuser.me/api/portraits/med/women/43.jpg","thumbnail":"https://randomuser.me/api/portraits/thumb/women/43.jpg"},"nat":"RS"}],"info":{"seed":"72a881c413ac2745","results":1,"page":1,"version":"1.4"}} 
 </msg>
<msg time="2024-06-04T18:19:41.760709" level="INFO">/opt/hostedtoolcache/Python/3.12.3/x64/lib/python3.12/site-packages/urllib3/connectionpool.py:1103: InsecureRequestWarning: Unverified HTTPS request is being made to host 'randomuser.me'. Adding certificate verification is strongly advised. See: https://urllib3.readthedocs.io/en/latest/advanced-usage.html#tls-warnings
  warnings.warn(</msg>
<msg time="2024-06-04T18:19:41.760893" level="INFO">${response} = &lt;Response [200]&gt;</msg>
<var>${response}</var>
<arg>consultarAPI</arg>
<arg>/api</arg>
<doc>Sends a GET request on a previously created HTTP Session.</doc>
<status status="PASS" start="2024-06-04T18:19:41.546524" elapsed="0.214417"/>
</kw>
<kw name="Should Be Equal As Numbers" owner="BuiltIn">
<msg time="2024-06-04T18:19:41.762091" level="INFO">Argument types are:
&lt;class 'int'&gt;
&lt;class 'str'&gt;</msg>
<arg>${response.status_code}</arg>
<arg>200</arg>
<doc>Fails if objects are unequal after converting them to real numbers.</doc>
<status status="PASS" start="2024-06-04T18:19:41.761549" elapsed="0.000611"/>
</kw>
<kw name="Log" owner="BuiltIn">
<msg time="2024-06-04T18:19:41.762898" level="INFO">200</msg>
<arg>${response.status_code}</arg>
<doc>Logs the given message with the given level.</doc>
<status status="PASS" start="2024-06-04T18:19:41.762515" elapsed="0.000434"/>
</kw>
<kw name="Set Variable" owner="BuiltIn">
<msg time="2024-06-04T18:19:41.763741" level="INFO">${json_data} = {'results': [{'gender': 'female', 'name': {'title': 'Mrs', 'first': 'Melina', 'last': 'Katanić'}, 'location': {'street': {'number': 1954, 'name': 'Blagoja Rankovića'}, 'city': 'Plandište', 'state': 'S...</msg>
<var>${json_data}</var>
<arg>${response.json()}</arg>
<doc>Returns the given values which can then be assigned to a variables.</doc>
<status status="PASS" start="2024-06-04T18:19:41.763280" elapsed="0.000491"/>
</kw>
<kw name="Dictionary Should Contain Key" owner="Collections">
<msg time="2024-06-04T18:19:41.764316" level="INFO">False</msg>
<arg>${json_data}</arg>
<arg>results</arg>
<doc>Fails if ``key`` is not found from ``dictionary``.</doc>
<status status="PASS" start="2024-06-04T18:19:41.764122" elapsed="0.000419"/>
</kw>
<status status="PASS" start="2024-06-04T18:19:41.546222" elapsed="0.218612"/>
</kw>
<doc>Testa se a API responde corretamente e retorna um objeto JSON válido.</doc>
<tag>testeRequisicaoBasica</tag>
<status status="PASS" start="2024-06-04T18:19:41.545633" elapsed="0.219391"/>
</test>
<test id="s1-s1-t3" name="Validar estrutura de resposta" line="22">
<kw name="Teste de Estrutura de Resposta" owner="random-user-service">
<kw name="GET On Session" owner="RequestsLibrary">
<msg time="2024-06-04T18:19:41.816499" level="INFO">GET Request : url=https://randomuser.me/api 
 path_url=/api 
 headers={'User-Agent': 'python-requests/2.32.3', 'Accept-Encoding': 'gzip, deflate', 'Accept': '*/*', 'Connection': 'keep-alive'} 
 body=None 
 </msg>
<msg time="2024-06-04T18:19:41.816622" level="INFO">GET Response : url=https://randomuser.me/api 
 status=200, reason=OK 
 headers={'Date': 'Tue, 04 Jun 2024 18:19:41 GMT', 'Content-Type': 'application/json; charset=utf-8', 'Transfer-Encoding': 'chunked', 'Connection': 'keep-alive', 'X-Powered-By': 'Express', 'Access-Control-Allow-Origin': '*', 'Cache-Control': 'no-cache', 'ETag': 'W/"49b-xbZ9n7o8Ge0fVHNu5PgX63bhso0"', 'Vary': 'Accept-Encoding', 'Content-Encoding': 'gzip', 'CF-Cache-Status': 'DYNAMIC', 'Report-To': '{"endpoints":[{"url":"https:\\/\\/a.nel.cloudflare.com\\/report\\/v4?s=%2Ft%2FaxDy5T%2FToe2DDciowEjBK1pLha0xTl3A2%2FzlkEvEpL3oYor6HlwYqMSqGRTDUJnaRLSbGDLAOtUTTscbEudUXhmZopm2dF3m374JVHTu1LAgHgd60ZwiKEWwxVBFT"}],"group":"cf-nel","max_age":604800}', 'NEL': '{"success_fraction":0,"report_to":"cf-nel","max_age":604800}', 'Server': 'cloudflare', 'CF-RAY': '88e9eec21bbb89f4-ORD', 'alt-svc': 'h3=":443"; ma=86400'} 
 body={"results":[{"gender":"female","name":{"title":"Mrs","first":"Şevval","last":"Blaauboer"},"location":{"street":{"number":4502,"name":"Achter de Hoofdpoort"},"city":"Woudsend","state":"Friesland","country":"Netherlands","postcode":"9541 VC","coordinates":{"latitude":"35.0988","longitude":"5.1719"},"timezone":{"offset":"+6:00","description":"Almaty, Dhaka, Colombo"}},"email":"sevval.blaauboer@example.com","login":{"uuid":"f06c70f3-8672-434d-ad71-aad4c9c3330d","username":"bigmouse715","password":"hottest","salt":"ACimsYi2","md5":"8b04064c3878a5bea16db5fcf6cb4394","sha1":"ce1c4b9297a5d83fe9a6998babb6fe5151f4746a","sha256":"2ade22d4582073385f59dff5c76b47fc7b27d570acdbbd2136cf1efec54e75e6"},"dob":{"date":"1992-05-19T07:03:27.842Z","age":32},"registered":{"date":"2008-06-22T08:22:24.718Z","age":15},"phone":"(058) 2220843","cell":"(06) 89613699","id":{"name":"BSN","value":"88344284"},"picture":{"large":"https://randomuser.me/api/portraits/women/72.jpg","medium":"https://randomuser.me/api/portraits/med/women/72.jpg","thumbnail":"https://randomuser.me/api/portraits/thumb/women/72.jpg"},"nat":"NL"}],"info":{"seed":"1343d40a29dcc377","results":1,"page":1,"version":"1.4"}} 
 </msg>
<msg time="2024-06-04T18:19:41.816786" level="INFO">/opt/hostedtoolcache/Python/3.12.3/x64/lib/python3.12/site-packages/urllib3/connectionpool.py:1103: InsecureRequestWarning: Unverified HTTPS request is being made to host 'randomuser.me'. Adding certificate verification is strongly advised. See: https://urllib3.readthedocs.io/en/latest/advanced-usage.html#tls-warnings
  warnings.warn(</msg>
<msg time="2024-06-04T18:19:41.816956" level="INFO">${response} = &lt;Response [200]&gt;</msg>
<var>${response}</var>
<arg>consultarAPI</arg>
<arg>/api</arg>
<doc>Sends a GET request on a previously created HTTP Session.</doc>
<status status="PASS" start="2024-06-04T18:19:41.767857" elapsed="0.049148"/>
</kw>
<kw name="Set Variable" owner="BuiltIn">
<msg time="2024-06-04T18:19:41.818240" level="INFO">${json_data} = {'results': [{'gender': 'female', 'name': {'title': 'Mrs', 'first': 'Şevval', 'last': 'Blaauboer'}, 'location': {'street': {'number': 4502, 'name': 'Achter de Hoofdpoort'}, 'city': 'Woudsend', 'state'...</msg>
<var>${json_data}</var>
<arg>${response.json()}</arg>
<doc>Returns the given values which can then be assigned to a variables.</doc>
<status status="PASS" start="2024-06-04T18:19:41.817615" elapsed="0.000657"/>
</kw>
<kw name="Log" owner="BuiltIn">
<msg time="2024-06-04T18:19:41.818780" level="INFO">{'results': [{'gender': 'female', 'name': {'title': 'Mrs', 'first': 'Şevval', 'last': 'Blaauboer'}, 'location': {'street': {'number': 4502, 'name': 'Achter de Hoofdpoort'}, 'city': 'Woudsend', 'state': 'Friesland', 'country': 'Netherlands', 'postcode': '9541 VC', 'coordinates': {'latitude': '35.0988', 'longitude': '5.1719'}, 'timezone': {'offset': '+6:00', 'description': 'Almaty, Dhaka, Colombo'}}, 'email': 'sevval.blaauboer@example.com', 'login': {'uuid': 'f06c70f3-8672-434d-ad71-aad4c9c3330d', 'username': 'bigmouse715', 'password': 'hottest', 'salt': 'ACimsYi2', 'md5': '8b04064c3878a5bea16db5fcf6cb4394', 'sha1': 'ce1c4b9297a5d83fe9a6998babb6fe5151f4746a', 'sha256': '2ade22d4582073385f59dff5c76b47fc7b27d570acdbbd2136cf1efec54e75e6'}, 'dob': {'date': '1992-05-19T07:03:27.842Z', 'age': 32}, 'registered': {'date': '2008-06-22T08:22:24.718Z', 'age': 15}, 'phone': '(058) 2220843', 'cell': '(06) 89613699', 'id': {'name': 'BSN', 'value': '88344284'}, 'picture': {'large': 'https://randomuser.me/api/portraits/women/72.jpg', 'medium': 'https://randomuser.me/api/portraits/med/women/72.jpg', 'thumbnail': 'https://randomuser.me/api/portraits/thumb/women/72.jpg'}, 'nat': 'NL'}], 'info': {'seed': '1343d40a29dcc377', 'results': 1, 'page': 1, 'version': '1.4'}}</msg>
<arg>${json_data}</arg>
<doc>Logs the given message with the given level.</doc>
<status status="PASS" start="2024-06-04T18:19:41.818609" elapsed="0.000227"/>
</kw>
<kw name="Dictionary Should Contain Key" owner="Collections">
<msg time="2024-06-04T18:19:41.819322" level="INFO">False</msg>
<arg>${json_data}</arg>
<arg>results</arg>
<doc>Fails if ``key`` is not found from ``dictionary``.</doc>
<status status="PASS" start="2024-06-04T18:19:41.819145" elapsed="0.000215"/>
</kw>
<kw name="Should Not Be Empty" owner="BuiltIn">
<msg time="2024-06-04T18:19:41.819801" level="INFO">Length is 2.</msg>
<arg>${json_data}</arg>
<doc>Verifies that the given item is not empty.</doc>
<status status="PASS" start="2024-06-04T18:19:41.819665" elapsed="0.000173"/>
</kw>
<kw name="Create List" owner="BuiltIn">
<msg time="2024-06-04T18:19:41.820350" level="INFO">${expected_keys} = ['gender', 'name', 'location', 'email', 'login']</msg>
<var>${expected_keys}</var>
<arg>gender</arg>
<arg>name</arg>
<arg>location</arg>
<arg>email</arg>
<arg>login</arg>
<doc>Returns a list containing given items.</doc>
<status status="PASS" start="2024-06-04T18:19:41.820195" elapsed="0.000179"/>
</kw>
<for flavor="IN">
<iter>
<kw name="Dictionary Should Contain Key" owner="Collections">
<msg time="2024-06-04T18:19:41.821431" level="INFO">False</msg>
<arg>${json_data['results'][0]}</arg>
<arg>${key}</arg>
<doc>Fails if ``key`` is not found from ``dictionary``.</doc>
<status status="PASS" start="2024-06-04T18:19:41.820977" elapsed="0.000500"/>
</kw>
<kw name="Log" owner="BuiltIn">
<msg time="2024-06-04T18:19:41.822171" level="INFO">{'gender': 'female', 'name': {'title': 'Mrs', 'first': 'Şevval', 'last': 'Blaauboer'}, 'location': {'street': {'number': 4502, 'name': 'Achter de Hoofdpoort'}, 'city': 'Woudsend', 'state': 'Friesland', 'country': 'Netherlands', 'postcode': '9541 VC', 'coordinates': {'latitude': '35.0988', 'longitude': '5.1719'}, 'timezone': {'offset': '+6:00', 'description': 'Almaty, Dhaka, Colombo'}}, 'email': 'sevval.blaauboer@example.com', 'login': {'uuid': 'f06c70f3-8672-434d-ad71-aad4c9c3330d', 'username': 'bigmouse715', 'password': 'hottest', 'salt': 'ACimsYi2', 'md5': '8b04064c3878a5bea16db5fcf6cb4394', 'sha1': 'ce1c4b9297a5d83fe9a6998babb6fe5151f4746a', 'sha256': '2ade22d4582073385f59dff5c76b47fc7b27d570acdbbd2136cf1efec54e75e6'}, 'dob': {'date': '1992-05-19T07:03:27.842Z', 'age': 32}, 'registered': {'date': '2008-06-22T08:22:24.718Z', 'age': 15}, 'phone': '(058) 2220843', 'cell': '(06) 89613699', 'id': {'name': 'BSN', 'value': '88344284'}, 'picture': {'large': 'https://randomuser.me/api/portraits/women/72.jpg', 'medium': 'https://randomuser.me/api/portraits/med/women/72.jpg', 'thumbnail': 'https://randomuser.me/api/portraits/thumb/women/72.jpg'}, 'nat': 'NL'}</msg>
<arg>${json_data['results'][0]}</arg>
<doc>Logs the given message with the given level.</doc>
<status status="PASS" start="2024-06-04T18:19:41.821791" elapsed="0.000434"/>
</kw>
<kw name="Log" owner="BuiltIn">
<msg time="2024-06-04T18:19:41.822663" level="INFO">gender</msg>
<arg>${key}</arg>
<doc>Logs the given message with the given level.</doc>
<status status="PASS" start="2024-06-04T18:19:41.822533" elapsed="0.000167"/>
</kw>
<var name="${key}">gender</var>
<status status="PASS" start="2024-06-04T18:19:41.820847" elapsed="0.002068"/>
</iter>
<iter>
<kw name="Dictionary Should Contain Key" owner="Collections">
<msg time="2024-06-04T18:19:41.823632" level="INFO">False</msg>
<arg>${json_data['results'][0]}</arg>
<arg>${key}</arg>
<doc>Fails if ``key`` is not found from ``dictionary``.</doc>
<status status="PASS" start="2024-06-04T18:19:41.823226" elapsed="0.000443"/>
</kw>
<kw name="Log" owner="BuiltIn">
<msg time="2024-06-04T18:19:41.824419" level="INFO">{'gender': 'female', 'name': {'title': 'Mrs', 'first': 'Şevval', 'last': 'Blaauboer'}, 'location': {'street': {'number': 4502, 'name': 'Achter de Hoofdpoort'}, 'city': 'Woudsend', 'state': 'Friesland', 'country': 'Netherlands', 'postcode': '9541 VC', 'coordinates': {'latitude': '35.0988', 'longitude': '5.1719'}, 'timezone': {'offset': '+6:00', 'description': 'Almaty, Dhaka, Colombo'}}, 'email': 'sevval.blaauboer@example.com', 'login': {'uuid': 'f06c70f3-8672-434d-ad71-aad4c9c3330d', 'username': 'bigmouse715', 'password': 'hottest', 'salt': 'ACimsYi2', 'md5': '8b04064c3878a5bea16db5fcf6cb4394', 'sha1': 'ce1c4b9297a5d83fe9a6998babb6fe5151f4746a', 'sha256': '2ade22d4582073385f59dff5c76b47fc7b27d570acdbbd2136cf1efec54e75e6'}, 'dob': {'date': '1992-05-19T07:03:27.842Z', 'age': 32}, 'registered': {'date': '2008-06-22T08:22:24.718Z', 'age': 15}, 'phone': '(058) 2220843', 'cell': '(06) 89613699', 'id': {'name': 'BSN', 'value': '88344284'}, 'picture': {'large': 'https://randomuser.me/api/portraits/women/72.jpg', 'medium': 'https://randomuser.me/api/portraits/med/women/72.jpg', 'thumbnail': 'https://randomuser.me/api/portraits/thumb/women/72.jpg'}, 'nat': 'NL'}</msg>
<arg>${json_data['results'][0]}</arg>
<doc>Logs the given message with the given level.</doc>
<status status="PASS" start="2024-06-04T18:19:41.824038" elapsed="0.000433"/>
</kw>
<kw name="Log" owner="BuiltIn">
<msg time="2024-06-04T18:19:41.824925" level="INFO">name</msg>
<arg>${key}</arg>
<doc>Logs the given message with the given level.</doc>
<status status="PASS" start="2024-06-04T18:19:41.824782" elapsed="0.000190"/>
</kw>
<var name="${key}">name</var>
<status status="PASS" start="2024-06-04T18:19:41.823109" elapsed="0.002160"/>
</iter>
<iter>
<kw name="Dictionary Should Contain Key" owner="Collections">
<msg time="2024-06-04T18:19:41.825964" level="INFO">False</msg>
<arg>${json_data['results'][0]}</arg>
<arg>${key}</arg>
<doc>Fails if ``key`` is not found from ``dictionary``.</doc>
<status status="PASS" start="2024-06-04T18:19:41.825573" elapsed="0.000428"/>
</kw>
<kw name="Log" owner="BuiltIn">
<msg time="2024-06-04T18:19:41.826676" level="INFO">{'gender': 'female', 'name': {'title': 'Mrs', 'first': 'Şevval', 'last': 'Blaauboer'}, 'location': {'street': {'number': 4502, 'name': 'Achter de Hoofdpoort'}, 'city': 'Woudsend', 'state': 'Friesland', 'country': 'Netherlands', 'postcode': '9541 VC', 'coordinates': {'latitude': '35.0988', 'longitude': '5.1719'}, 'timezone': {'offset': '+6:00', 'description': 'Almaty, Dhaka, Colombo'}}, 'email': 'sevval.blaauboer@example.com', 'login': {'uuid': 'f06c70f3-8672-434d-ad71-aad4c9c3330d', 'username': 'bigmouse715', 'password': 'hottest', 'salt': 'ACimsYi2', 'md5': '8b04064c3878a5bea16db5fcf6cb4394', 'sha1': 'ce1c4b9297a5d83fe9a6998babb6fe5151f4746a', 'sha256': '2ade22d4582073385f59dff5c76b47fc7b27d570acdbbd2136cf1efec54e75e6'}, 'dob': {'date': '1992-05-19T07:03:27.842Z', 'age': 32}, 'registered': {'date': '2008-06-22T08:22:24.718Z', 'age': 15}, 'phone': '(058) 2220843', 'cell': '(06) 89613699', 'id': {'name': 'BSN', 'value': '88344284'}, 'picture': {'large': 'https://randomuser.me/api/portraits/women/72.jpg', 'medium': 'https://randomuser.me/api/portraits/med/women/72.jpg', 'thumbnail': 'https://randomuser.me/api/portraits/thumb/women/72.jpg'}, 'nat': 'NL'}</msg>
<arg>${json_data['results'][0]}</arg>
<doc>Logs the given message with the given level.</doc>
<status status="PASS" start="2024-06-04T18:19:41.826304" elapsed="0.000426"/>
</kw>
<kw name="Log" owner="BuiltIn">
<msg time="2024-06-04T18:19:41.827158" level="INFO">location</msg>
<arg>${key}</arg>
<doc>Logs the given message with the given level.</doc>
<status status="PASS" start="2024-06-04T18:19:41.827032" elapsed="0.000163"/>
</kw>
<var name="${key}">location</var>
<status status="PASS" start="2024-06-04T18:19:41.825456" elapsed="0.001963"/>
</iter>
<iter>
<kw name="Dictionary Should Contain Key" owner="Collections">
<msg time="2024-06-04T18:19:41.828295" level="INFO">False</msg>
<arg>${json_data['results'][0]}</arg>
<arg>${key}</arg>
<doc>Fails if ``key`` is not found from ``dictionary``.</doc>
<status status="PASS" start="2024-06-04T18:19:41.827713" elapsed="0.000621"/>
</kw>
<kw name="Log" owner="BuiltIn">
<msg time="2024-06-04T18:19:41.829023" level="INFO">{'gender': 'female', 'name': {'title': 'Mrs', 'first': 'Şevval', 'last': 'Blaauboer'}, 'location': {'street': {'number': 4502, 'name': 'Achter de Hoofdpoort'}, 'city': 'Woudsend', 'state': 'Friesland', 'country': 'Netherlands', 'postcode': '9541 VC', 'coordinates': {'latitude': '35.0988', 'longitude': '5.1719'}, 'timezone': {'offset': '+6:00', 'description': 'Almaty, Dhaka, Colombo'}}, 'email': 'sevval.blaauboer@example.com', 'login': {'uuid': 'f06c70f3-8672-434d-ad71-aad4c9c3330d', 'username': 'bigmouse715', 'password': 'hottest', 'salt': 'ACimsYi2', 'md5': '8b04064c3878a5bea16db5fcf6cb4394', 'sha1': 'ce1c4b9297a5d83fe9a6998babb6fe5151f4746a', 'sha256': '2ade22d4582073385f59dff5c76b47fc7b27d570acdbbd2136cf1efec54e75e6'}, 'dob': {'date': '1992-05-19T07:03:27.842Z', 'age': 32}, 'registered': {'date': '2008-06-22T08:22:24.718Z', 'age': 15}, 'phone': '(058) 2220843', 'cell': '(06) 89613699', 'id': {'name': 'BSN', 'value': '88344284'}, 'picture': {'large': 'https://randomuser.me/api/portraits/women/72.jpg', 'medium': 'https://randomuser.me/api/portraits/med/women/72.jpg', 'thumbnail': 'https://randomuser.me/api/portraits/thumb/women/72.jpg'}, 'nat': 'NL'}</msg>
<arg>${json_data['results'][0]}</arg>
<doc>Logs the given message with the given level.</doc>
<status status="PASS" start="2024-06-04T18:19:41.828643" elapsed="0.000431"/>
</kw>
<kw name="Log" owner="BuiltIn">
<msg time="2024-06-04T18:19:41.829511" level="INFO">email</msg>
<arg>${key}</arg>
<doc>Logs the given message with the given level.</doc>
<status status="PASS" start="2024-06-04T18:19:41.829383" elapsed="0.000164"/>
</kw>
<var name="${key}">email</var>
<status status="PASS" start="2024-06-04T18:19:41.827600" elapsed="0.002157"/>
</iter>
<iter>
<kw name="Dictionary Should Contain Key" owner="Collections">
<msg time="2024-06-04T18:19:41.830455" level="INFO">False</msg>
<arg>${json_data['results'][0]}</arg>
<arg>${key}</arg>
<doc>Fails if ``key`` is not found from ``dictionary``.</doc>
<status status="PASS" start="2024-06-04T18:19:41.830044" elapsed="0.000449"/>
</kw>
<kw name="Log" owner="BuiltIn">
<msg time="2024-06-04T18:19:41.831161" level="INFO">{'gender': 'female', 'name': {'title': 'Mrs', 'first': 'Şevval', 'last': 'Blaauboer'}, 'location': {'street': {'number': 4502, 'name': 'Achter de Hoofdpoort'}, 'city': 'Woudsend', 'state': 'Friesland', 'country': 'Netherlands', 'postcode': '9541 VC', 'coordinates': {'latitude': '35.0988', 'longitude': '5.1719'}, 'timezone': {'offset': '+6:00', 'description': 'Almaty, Dhaka, Colombo'}}, 'email': 'sevval.blaauboer@example.com', 'login': {'uuid': 'f06c70f3-8672-434d-ad71-aad4c9c3330d', 'username': 'bigmouse715', 'password': 'hottest', 'salt': 'ACimsYi2', 'md5': '8b04064c3878a5bea16db5fcf6cb4394', 'sha1': 'ce1c4b9297a5d83fe9a6998babb6fe5151f4746a', 'sha256': '2ade22d4582073385f59dff5c76b47fc7b27d570acdbbd2136cf1efec54e75e6'}, 'dob': {'date': '1992-05-19T07:03:27.842Z', 'age': 32}, 'registered': {'date': '2008-06-22T08:22:24.718Z', 'age': 15}, 'phone': '(058) 2220843', 'cell': '(06) 89613699', 'id': {'name': 'BSN', 'value': '88344284'}, 'picture': {'large': 'https://randomuser.me/api/portraits/women/72.jpg', 'medium': 'https://randomuser.me/api/portraits/med/women/72.jpg', 'thumbnail': 'https://randomuser.me/api/portraits/thumb/women/72.jpg'}, 'nat': 'NL'}</msg>
<arg>${json_data['results'][0]}</arg>
<doc>Logs the given message with the given level.</doc>
<status status="PASS" start="2024-06-04T18:19:41.830795" elapsed="0.000418"/>
</kw>
<kw name="Log" owner="BuiltIn">
<msg time="2024-06-04T18:19:41.831634" level="INFO">login</msg>
<arg>${key}</arg>
<doc>Logs the given message with the given level.</doc>
<status status="PASS" start="2024-06-04T18:19:41.831508" elapsed="0.000163"/>
</kw>
<var name="${key}">login</var>
<status status="PASS" start="2024-06-04T18:19:41.829932" elapsed="0.001983"/>
</iter>
<var>${key}</var>
<value>@{expected_keys}</value>
<status status="PASS" start="2024-06-04T18:19:41.820644" elapsed="0.011427"/>
</for>
<kw name="Create List" owner="BuiltIn">
<msg time="2024-06-04T18:19:41.832422" level="INFO">${expected_keysTwo} = ['username', 'password']</msg>
<var>${expected_keysTwo}</var>
<arg>username</arg>
<arg>password</arg>
<doc>Returns a list containing given items.</doc>
<status status="PASS" start="2024-06-04T18:19:41.832279" elapsed="0.000166"/>
</kw>
<for flavor="IN">
<iter>
<kw name="Dictionary Should Contain Key" owner="Collections">
<msg time="2024-06-04T18:19:41.833351" level="INFO">False</msg>
<arg>${json_data['results'][0]['login']}</arg>
<arg>${keyTwo}</arg>
<doc>Fails if ``key`` is not found from ``dictionary``.</doc>
<status status="PASS" start="2024-06-04T18:19:41.832961" elapsed="0.000427"/>
</kw>
<kw name="Dictionary Should Contain Key" owner="Collections">
<msg time="2024-06-04T18:19:41.834064" level="INFO">False</msg>
<arg>${json_data['results'][0]['login']}</arg>
<arg>${keyTwo}</arg>
<doc>Fails if ``key`` is not found from ``dictionary``.</doc>
<status status="PASS" start="2024-06-04T18:19:41.833685" elapsed="0.000416"/>
</kw>
<kw name="Log" owner="BuiltIn">
<msg time="2024-06-04T18:19:41.834516" level="INFO">username</msg>
<arg>${keyTwo}</arg>
<doc>Logs the given message with the given level.</doc>
<status status="PASS" start="2024-06-04T18:19:41.834390" elapsed="0.000162"/>
</kw>
<var name="${keyTwo}">username</var>
<status status="PASS" start="2024-06-04T18:19:41.832851" elapsed="0.001909"/>
</iter>
<iter>
<kw name="Dictionary Should Contain Key" owner="Collections">
<msg time="2024-06-04T18:19:41.835425" level="INFO">False</msg>
<arg>${json_data['results'][0]['login']}</arg>
<arg>${keyTwo}</arg>
<doc>Fails if ``key`` is not found from ``dictionary``.</doc>
<status status="PASS" start="2024-06-04T18:19:41.835040" elapsed="0.000421"/>
</kw>
<kw name="Dictionary Should Contain Key" owner="Collections">
<msg time="2024-06-04T18:19:41.836210" level="INFO">False</msg>
<arg>${json_data['results'][0]['login']}</arg>
<arg>${keyTwo}</arg>
<doc>Fails if ``key`` is not found from ``dictionary``.</doc>
<status status="PASS" start="2024-06-04T18:19:41.835757" elapsed="0.000491"/>
</kw>
<kw name="Log" owner="BuiltIn">
<msg time="2024-06-04T18:19:41.836675" level="INFO">password</msg>
<arg>${keyTwo}</arg>
<doc>Logs the given message with the given level.</doc>
<status status="PASS" start="2024-06-04T18:19:41.836547" elapsed="0.000164"/>
</kw>
<var name="${keyTwo}">password</var>
<status status="PASS" start="2024-06-04T18:19:41.834930" elapsed="0.002011"/>
</iter>
<var>${keyTwo}</var>
<value>@{expected_keysTwo}</value>
<status status="PASS" start="2024-06-04T18:19:41.832690" elapsed="0.004373"/>
</for>
<status status="PASS" start="2024-06-04T18:19:41.767597" elapsed="0.069619"/>
</kw>
<doc>Testa a estrutura da resposta da API.</doc>
<tag>testeEstruturaResposta</tag>
<status status="PASS" start="2024-06-04T18:19:41.766914" elapsed="0.070471"/>
</test>
<test id="s1-s1-t4" name="Validar tipos de dados" line="28">
<kw name="Teste de Tipos de Dados" owner="random-user-service">
<kw name="GET On Session" owner="RequestsLibrary">
<msg time="2024-06-04T18:19:41.953782" level="INFO">GET Request : url=https://randomuser.me/api 
 path_url=/api 
 headers={'User-Agent': 'python-requests/2.32.3', 'Accept-Encoding': 'gzip, deflate', 'Accept': '*/*', 'Connection': 'keep-alive'} 
 body=None 
 </msg>
<msg time="2024-06-04T18:19:41.953903" level="INFO">GET Response : url=https://randomuser.me/api 
 status=200, reason=OK 
 headers={'Date': 'Tue, 04 Jun 2024 18:19:41 GMT', 'Content-Type': 'application/json; charset=utf-8', 'Transfer-Encoding': 'chunked', 'Connection': 'keep-alive', 'X-Powered-By': 'Express', 'Access-Control-Allow-Origin': '*', 'Cache-Control': 'no-cache', 'ETag': 'W/"492-NppK7ff2mcXQ//oQnDNl9FA7p2A"', 'Vary': 'Accept-Encoding', 'Content-Encoding': 'gzip', 'CF-Cache-Status': 'DYNAMIC', 'Report-To': '{"endpoints":[{"url":"https:\\/\\/a.nel.cloudflare.com\\/report\\/v4?s=S3hHMHWdeKFl64H9vpJcouqbtt%2FHjXEkthr1hbT94WejiZjFdFqyPm%2BsgPYQXBnxL7Ojwd5tnFJXQfx7QR%2FEJEl9LqmWa93UYFiFIGJ7xyPuerLo5cTCLZ6E4iImsG2H"}],"group":"cf-nel","max_age":604800}', 'NEL': '{"success_fraction":0,"report_to":"cf-nel","max_age":604800}', 'Server': 'cloudflare', 'CF-RAY': '88e9eec28c4e89f4-ORD', 'alt-svc': 'h3=":443"; ma=86400'} 
 body={"results":[{"gender":"female","name":{"title":"Ms","first":"Roksolana","last":"Overchuk"},"location":{"street":{"number":7185,"name":"Sakko"},"city":"Fastiv","state":"Ivano-Frankivska","country":"Ukraine","postcode":17707,"coordinates":{"latitude":"75.4084","longitude":"6.8699"},"timezone":{"offset":"+1:00","description":"Brussels, Copenhagen, Madrid, Paris"}},"email":"roksolana.overchuk@example.com","login":{"uuid":"b9a7bce5-1fd1-4c97-898a-67cebdc1561b","username":"purplegorilla501","password":"kiwi","salt":"82fXKErL","md5":"8165765ef7e0c36763d7d1eb156f074e","sha1":"e4b48bbac8b6234d55b9c1294c7425249d4dcbe1","sha256":"1681e28d79cfab814e5a2eab4e0d6fb19b6da5df06b9098007989e5fc1d1ebd6"},"dob":{"date":"1987-04-02T10:11:05.155Z","age":37},"registered":{"date":"2020-05-12T10:19:33.733Z","age":4},"phone":"(098) U13-3171","cell":"(067) C08-9163","id":{"name":"","value":null},"picture":{"large":"https://randomuser.me/api/portraits/women/66.jpg","medium":"https://randomuser.me/api/portraits/med/women/66.jpg","thumbnail":"https://randomuser.me/api/portraits/thumb/women/66.jpg"},"nat":"UA"}],"info":{"seed":"3c7284dde437c3b0","results":1,"page":1,"version":"1.4"}} 
 </msg>
<msg time="2024-06-04T18:19:41.954001" level="INFO">/opt/hostedtoolcache/Python/3.12.3/x64/lib/python3.12/site-packages/urllib3/connectionpool.py:1103: InsecureRequestWarning: Unverified HTTPS request is being made to host 'randomuser.me'. Adding certificate verification is strongly advised. See: https://urllib3.readthedocs.io/en/latest/advanced-usage.html#tls-warnings
  warnings.warn(</msg>
<msg time="2024-06-04T18:19:41.954171" level="INFO">${response} = &lt;Response [200]&gt;</msg>
<var>${response}</var>
<arg>consultarAPI</arg>
<arg>/api</arg>
<doc>Sends a GET request on a previously created HTTP Session.</doc>
<status status="PASS" start="2024-06-04T18:19:41.840126" elapsed="0.114106"/>
</kw>
<kw name="Set Variable" owner="BuiltIn">
<msg time="2024-06-04T18:19:41.955640" level="INFO">${json_data} = {'results': [{'gender': 'female', 'name': {'title': 'Ms', 'first': 'Roksolana', 'last': 'Overchuk'}, 'location': {'street': {'number': 7185, 'name': 'Sakko'}, 'city': 'Fastiv', 'state': 'Ivano-Frankiv...</msg>
<var>${json_data}</var>
<arg>${response.json()}</arg>
<doc>Returns the given values which can then be assigned to a variables.</doc>
<status status="PASS" start="2024-06-04T18:19:41.954918" elapsed="0.000754"/>
</kw>
<kw name="Log" owner="BuiltIn">
<msg time="2024-06-04T18:19:41.956366" level="INFO">{'results': [{'gender': 'female', 'name': {'title': 'Ms', 'first': 'Roksolana', 'last': 'Overchuk'}, 'location': {'street': {'number': 7185, 'name': 'Sakko'}, 'city': 'Fastiv', 'state': 'Ivano-Frankivska', 'country': 'Ukraine', 'postcode': 17707, 'coordinates': {'latitude': '75.4084', 'longitude': '6.8699'}, 'timezone': {'offset': '+1:00', 'description': 'Brussels, Copenhagen, Madrid, Paris'}}, 'email': 'roksolana.overchuk@example.com', 'login': {'uuid': 'b9a7bce5-1fd1-4c97-898a-67cebdc1561b', 'username': 'purplegorilla501', 'password': 'kiwi', 'salt': '82fXKErL', 'md5': '8165765ef7e0c36763d7d1eb156f074e', 'sha1': 'e4b48bbac8b6234d55b9c1294c7425249d4dcbe1', 'sha256': '1681e28d79cfab814e5a2eab4e0d6fb19b6da5df06b9098007989e5fc1d1ebd6'}, 'dob': {'date': '1987-04-02T10:11:05.155Z', 'age': 37}, 'registered': {'date': '2020-05-12T10:19:33.733Z', 'age': 4}, 'phone': '(098) U13-3171', 'cell': '(067) C08-9163', 'id': {'name': '', 'value': None}, 'picture': {'large': 'https://randomuser.me/api/portraits/women/66.jpg', 'medium': 'https://randomuser.me/api/portraits/med/women/66.jpg', 'thumbnail': 'https://randomuser.me/api/portraits/thumb/women/66.jpg'}, 'nat': 'UA'}], 'info': {'seed': '3c7284dde437c3b0', 'results': 1, 'page': 1, 'version': '1.4'}}</msg>
<arg>${json_data}</arg>
<doc>Logs the given message with the given level.</doc>
<status status="PASS" start="2024-06-04T18:19:41.956162" elapsed="0.000307"/>
</kw>
<kw name="Should Be String" owner="String">
<arg>${json_data['results'][0]['gender']}</arg>
<doc>Fails if the given ``item`` is not a string.</doc>
<status status="PASS" start="2024-06-04T18:19:41.956853" elapsed="0.000449"/>
</kw>
<kw name="Should Match Regexp" owner="BuiltIn">
<arg>${json_data['results'][0]['email']}</arg>
<arg>^[a-zA-Z0-9._%+-]+@[a-zA-Z0-9.-]+\.[a-zA-Z]{2,}$</arg>
<doc>Fails if ``string`` does not match ``pattern`` as a regular expression.</doc>
<status status="PASS" start="2024-06-04T18:19:41.957531" elapsed="0.000777"/>
</kw>
<kw name="Should Match Regexp" owner="BuiltIn">
<arg>${json_data['results'][0]['dob']['date']}</arg>
<arg>\\d{4}-\\d{2}-\\d{2}T\\d{2}:\\d{2}:\\d{2}\\.\\d{3}Z</arg>
<doc>Fails if ``string`` does not match ``pattern`` as a regular expression.</doc>
<status status="PASS" start="2024-06-04T18:19:41.958536" elapsed="0.000542"/>
</kw>
<kw name="Should Match Regexp" owner="BuiltIn">
<arg>${json_data['results'][0]['registered']['date']}</arg>
<arg>\\d{4}-\\d{2}-\\d{2}T\\d{2}:\\d{2}:\\d{2}\\.\\d{3}Z</arg>
<doc>Fails if ``string`` does not match ``pattern`` as a regular expression.</doc>
<status status="PASS" start="2024-06-04T18:19:41.959292" elapsed="0.000395"/>
</kw>
<kw name="Should Match Regexp" owner="BuiltIn">
<arg>${json_data['results'][0]['picture']['large']}</arg>
<arg>^https?://.*\.(?:png|jpe?g|gif|bmp)$</arg>
<doc>Fails if ``string`` does not match ``pattern`` as a regular expression.</doc>
<status status="PASS" start="2024-06-04T18:19:41.959880" elapsed="0.000527"/>
</kw>
<kw name="Should Match Regexp" owner="BuiltIn">
<arg>${json_data['results'][0]['picture']['medium']}</arg>
<arg>^https?://.*\.(?:png|jpe?g|gif|bmp)$</arg>
<doc>Fails if ``string`` does not match ``pattern`` as a regular expression.</doc>
<status status="PASS" start="2024-06-04T18:19:41.960600" elapsed="0.000365"/>
</kw>
<kw name="Should Match Regexp" owner="BuiltIn">
<arg>${json_data['results'][0]['picture']['thumbnail']}</arg>
<arg>^https?://.*\.(?:png|jpe?g|gif|bmp)$</arg>
<doc>Fails if ``string`` does not match ``pattern`` as a regular expression.</doc>
<status status="PASS" start="2024-06-04T18:19:41.961154" elapsed="0.000353"/>
</kw>
<kw name="Log" owner="BuiltIn">
<msg time="2024-06-04T18:19:41.962029" level="INFO">{'large': 'https://randomuser.me/api/portraits/women/66.jpg', 'medium': 'https://randomuser.me/api/portraits/med/women/66.jpg', 'thumbnail': 'https://randomuser.me/api/portraits/thumb/women/66.jpg'}</msg>
<arg>${json_data['results'][0]['picture']}</arg>
<doc>Logs the given message with the given level.</doc>
<status status="PASS" start="2024-06-04T18:19:41.961695" elapsed="0.000378"/>
</kw>
<status status="PASS" start="2024-06-04T18:19:41.839836" elapsed="0.122583"/>
</kw>
<kw name="Teste de Tipos de Dados - Postcode" owner="random-user-service">
<kw name="GET On Session" owner="RequestsLibrary">
<msg time="2024-06-04T18:19:42.021945" level="INFO">GET Request : url=https://randomuser.me/api 
 path_url=/api 
 headers={'User-Agent': 'python-requests/2.32.3', 'Accept-Encoding': 'gzip, deflate', 'Accept': '*/*', 'Connection': 'keep-alive'} 
 body=None 
 </msg>
<msg time="2024-06-04T18:19:42.022071" level="INFO">GET Response : url=https://randomuser.me/api 
 status=200, reason=OK 
 headers={'Date': 'Tue, 04 Jun 2024 18:19:42 GMT', 'Content-Type': 'application/json; charset=utf-8', 'Transfer-Encoding': 'chunked', 'Connection': 'keep-alive', 'X-Powered-By': 'Express', 'Access-Control-Allow-Origin': '*', 'Cache-Control': 'no-cache', 'ETag': 'W/"480-Do/8BSMqg05Xt1S3e3fGaEjf95c"', 'Vary': 'Accept-Encoding', 'Content-Encoding': 'gzip', 'CF-Cache-Status': 'DYNAMIC', 'Report-To': '{"endpoints":[{"url":"https:\\/\\/a.nel.cloudflare.com\\/report\\/v4?s=sQLF%2BLlcg8VQX5KDtv7JDSh907LLN1s%2F0PCIb3ThCkDE1AMXYcd36rUypyk1Ovtz0WpHS%2BkI%2FNRIkrDxZFjGvpJZeRk9jxYMUR3z4JmaqxVcZInELrwo4bs%2BB%2FX7apRn"}],"group":"cf-nel","max_age":604800}', 'NEL': '{"success_fraction":0,"report_to":"cf-nel","max_age":604800}', 'Server': 'cloudflare', 'CF-RAY': '88e9eec34d5e89f4-ORD', 'alt-svc': 'h3=":443"; ma=86400'} 
 body={"results":[{"gender":"male","name":{"title":"Mr","first":"Vladan","last":"Vidaković"},"location":{"street":{"number":9895,"name":"Žike Živkovića"},"city":"Bogatić","state":"Jablanica","country":"Serbia","postcode":78741,"coordinates":{"latitude":"60.0117","longitude":"-160.4813"},"timezone":{"offset":"-3:30","description":"Newfoundland"}},"email":"vladan.vidakovic@example.com","login":{"uuid":"ee5ff22c-792e-4a55-8cf8-00f39c592ee7","username":"whiteleopard150","password":"riders","salt":"ELj3OuuU","md5":"eb2c6ee12d3287b0e463a5fce9584e70","sha1":"6785411cab0ea32caa0b71664c6b0638dcc55f0b","sha256":"fd46b9d9f14592f23a4ea3bcd323fcad0491f1545badbb408f883d4e0ae6bd8f"},"dob":{"date":"1945-11-08T10:06:12.328Z","age":78},"registered":{"date":"2022-03-23T02:40:15.414Z","age":2},"phone":"027-3519-948","cell":"060-7988-491","id":{"name":"SID","value":"897826149"},"picture":{"large":"https://randomuser.me/api/portraits/men/23.jpg","medium":"https://randomuser.me/api/portraits/med/men/23.jpg","thumbnail":"https://randomuser.me/api/portraits/thumb/men/23.jpg"},"nat":"RS"}],"info":{"seed":"8c88ef2b5baf4291","results":1,"page":1,"version":"1.4"}} 
 </msg>
<msg time="2024-06-04T18:19:42.022171" level="INFO">/opt/hostedtoolcache/Python/3.12.3/x64/lib/python3.12/site-packages/urllib3/connectionpool.py:1103: InsecureRequestWarning: Unverified HTTPS request is being made to host 'randomuser.me'. Adding certificate verification is strongly advised. See: https://urllib3.readthedocs.io/en/latest/advanced-usage.html#tls-warnings
  warnings.warn(</msg>
<msg time="2024-06-04T18:19:42.022349" level="INFO">${response} = &lt;Response [200]&gt;</msg>
<var>${response}</var>
<arg>consultarAPI</arg>
<arg>/api</arg>
<doc>Sends a GET request on a previously created HTTP Session.</doc>
<status status="PASS" start="2024-06-04T18:19:41.962916" elapsed="0.059492"/>
</kw>
<kw name="Set Variable" owner="BuiltIn">
<msg time="2024-06-04T18:19:42.023736" level="INFO">${json_data} = {'results': [{'gender': 'male', 'name': {'title': 'Mr', 'first': 'Vladan', 'last': 'Vidaković'}, 'location': {'street': {'number': 9895, 'name': 'Žike Živkovića'}, 'city': 'Bogatić', 'state': 'Jablani...</msg>
<var>${json_data}</var>
<arg>${response.json()}</arg>
<doc>Returns the given values which can then be assigned to a variables.</doc>
<status status="PASS" start="2024-06-04T18:19:42.023052" elapsed="0.000716"/>
</kw>
<kw name="Log" owner="BuiltIn">
<msg time="2024-06-04T18:19:42.024365" level="INFO">{'results': [{'gender': 'male', 'name': {'title': 'Mr', 'first': 'Vladan', 'last': 'Vidaković'}, 'location': {'street': {'number': 9895, 'name': 'Žike Živkovića'}, 'city': 'Bogatić', 'state': 'Jablanica', 'country': 'Serbia', 'postcode': 78741, 'coordinates': {'latitude': '60.0117', 'longitude': '-160.4813'}, 'timezone': {'offset': '-3:30', 'description': 'Newfoundland'}}, 'email': 'vladan.vidakovic@example.com', 'login': {'uuid': 'ee5ff22c-792e-4a55-8cf8-00f39c592ee7', 'username': 'whiteleopard150', 'password': 'riders', 'salt': 'ELj3OuuU', 'md5': 'eb2c6ee12d3287b0e463a5fce9584e70', 'sha1': '6785411cab0ea32caa0b71664c6b0638dcc55f0b', 'sha256': 'fd46b9d9f14592f23a4ea3bcd323fcad0491f1545badbb408f883d4e0ae6bd8f'}, 'dob': {'date': '1945-11-08T10:06:12.328Z', 'age': 78}, 'registered': {'date': '2022-03-23T02:40:15.414Z', 'age': 2}, 'phone': '027-3519-948', 'cell': '060-7988-491', 'id': {'name': 'SID', 'value': '897826149'}, 'picture': {'large': 'https://randomuser.me/api/portraits/men/23.jpg', 'medium': 'https://randomuser.me/api/portraits/med/men/23.jpg', 'thumbnail': 'https://randomuser.me/api/portraits/thumb/men/23.jpg'}, 'nat': 'RS'}], 'info': {'seed': '8c88ef2b5baf4291', 'results': 1, 'page': 1, 'version': '1.4'}}</msg>
<arg>${json_data}</arg>
<doc>Logs the given message with the given level.</doc>
<status status="PASS" start="2024-06-04T18:19:42.024175" elapsed="0.000290"/>
</kw>
<kw name="Should Be Equal As Numbers" owner="BuiltIn">
<arg>${json_data['results'][0]['location']['postcode']}</arg>
<arg>${json_data['results'][0]['location']['postcode']}</arg>
<doc>Fails if objects are unequal after converting them to real numbers.</doc>
<status status="PASS" start="2024-06-04T18:19:42.024781" elapsed="0.000695"/>
</kw>
<kw name="Log" owner="BuiltIn">
<msg time="2024-06-04T18:19:42.026041" level="INFO">78741</msg>
<arg>${json_data['results'][0]['location']['postcode']}</arg>
<doc>Logs the given message with the given level.</doc>
<status status="PASS" start="2024-06-04T18:19:42.025686" elapsed="0.000396"/>
</kw>
<status status="PASS" start="2024-06-04T18:19:41.962665" elapsed="0.063680"/>
</kw>
<doc>Testa se os tipos de dados na resposta da API estão corretos.</doc>
<tag>testeTiposDados</tag>
<status status="PASS" start="2024-06-04T18:19:41.839207" elapsed="0.187317"/>
</test>
<test id="s1-s1-t5" name="Validar conteudo" line="35">
<kw name="Teste de Tipos de Conteudo" owner="random-user-service">
<kw name="GET On Session" owner="RequestsLibrary">
<msg time="2024-06-04T18:19:42.117446" level="INFO">GET Request : url=https://randomuser.me/api 
 path_url=/api 
 headers={'User-Agent': 'python-requests/2.32.3', 'Accept-Encoding': 'gzip, deflate', 'Accept': '*/*', 'Connection': 'keep-alive'} 
 body=None 
 </msg>
<msg time="2024-06-04T18:19:42.117572" level="INFO">GET Response : url=https://randomuser.me/api 
 status=200, reason=OK 
 headers={'Date': 'Tue, 04 Jun 2024 18:19:42 GMT', 'Content-Type': 'application/json; charset=utf-8', 'Transfer-Encoding': 'chunked', 'Connection': 'keep-alive', 'X-Powered-By': 'Express', 'Access-Control-Allow-Origin': '*', 'Cache-Control': 'no-cache', 'ETag': 'W/"4ae-j7Qrj5lGDP9zCPxStUw9r+rq8Ro"', 'Vary': 'Accept-Encoding', 'Content-Encoding': 'gzip', 'CF-Cache-Status': 'DYNAMIC', 'Report-To': '{"endpoints":[{"url":"https:\\/\\/a.nel.cloudflare.com\\/report\\/v4?s=bDlmO11sLJ%2Fw%2BDIhSGO9QqjIOqFY2il%2B4ITZIhohws%2BXCZrq7JgSEbPINCxJjQkMLkOLmRxrYr5QSD5ZJ3J%2BV4pNTJGG95w2n5iZDoDwGMYBT%2B0GQNew78Hiy7zTIlfA"}],"group":"cf-nel","max_age":604800}', 'NEL': '{"success_fraction":0,"report_to":"cf-nel","max_age":604800}', 'Server': 'cloudflare', 'CF-RAY': '88e9eec3bddb89f4-ORD', 'alt-svc': 'h3=":443"; ma=86400'} 
 body={"results":[{"gender":"female","name":{"title":"Miss","first":"Aureliana","last":"Souza"},"location":{"street":{"number":3398,"name":"Rua Doze "},"city":"Santa Bárbara D'Oeste","state":"Tocantins","country":"Brazil","postcode":50427,"coordinates":{"latitude":"-74.7050","longitude":"79.0202"},"timezone":{"offset":"+9:00","description":"Tokyo, Seoul, Osaka, Sapporo, Yakutsk"}},"email":"aureliana.souza@example.com","login":{"uuid":"1f2e55cf-79f8-43f6-852e-cb98fcbec19d","username":"whiterabbit766","password":"bogart","salt":"I9Io9xqw","md5":"d0cc9fa6aefa661565a768f903160c98","sha1":"56e55d1ab232ce3a2dde0571a5f2592df24d3d73","sha256":"0462a0ee0e4d5626a73ab6e150405baebc2d2805c5b8f1fea2de6b981863dcf7"},"dob":{"date":"1977-05-25T17:25:49.111Z","age":47},"registered":{"date":"2012-11-02T00:54:40.788Z","age":11},"phone":"(87) 9706-8170","cell":"(96) 1050-3818","id":{"name":"CPF","value":"998.773.379-58"},"picture":{"large":"https://randomuser.me/api/portraits/women/91.jpg","medium":"https://randomuser.me/api/portraits/med/women/91.jpg","thumbnail":"https://randomuser.me/api/portraits/thumb/women/91.jpg"},"nat":"BR"}],"info":{"seed":"ae0731d351392e5b","results":1,"page":1,"version":"1.4"}} 
 </msg>
<msg time="2024-06-04T18:19:42.117678" level="INFO">/opt/hostedtoolcache/Python/3.12.3/x64/lib/python3.12/site-packages/urllib3/connectionpool.py:1103: InsecureRequestWarning: Unverified HTTPS request is being made to host 'randomuser.me'. Adding certificate verification is strongly advised. See: https://urllib3.readthedocs.io/en/latest/advanced-usage.html#tls-warnings
  warnings.warn(</msg>
<msg time="2024-06-04T18:19:42.117856" level="INFO">${response} = &lt;Response [200]&gt;</msg>
<var>${response}</var>
<arg>consultarAPI</arg>
<arg>/api</arg>
<doc>Sends a GET request on a previously created HTTP Session.</doc>
<status status="PASS" start="2024-06-04T18:19:42.029475" elapsed="0.088434"/>
</kw>
<kw name="Set Variable" owner="BuiltIn">
<msg time="2024-06-04T18:19:42.119311" level="INFO">${json_data} = {'results': [{'gender': 'female', 'name': {'title': 'Miss', 'first': 'Aureliana', 'last': 'Souza'}, 'location': {'street': {'number': 3398, 'name': 'Rua Doze '}, 'city': "Santa Bárbara D'Oeste", 'stat...</msg>
<var>${json_data}</var>
<arg>${response.json()}</arg>
<doc>Returns the given values which can then be assigned to a variables.</doc>
<status status="PASS" start="2024-06-04T18:19:42.118609" elapsed="0.000747"/>
</kw>
<kw name="Set Variable" owner="BuiltIn">
<msg time="2024-06-04T18:19:42.120297" level="INFO">${name_title} = Miss</msg>
<var>${name_title}</var>
<arg>${json_data["results"][0]["name"]["title"]}</arg>
<doc>Returns the given values which can then be assigned to a variables.</doc>
<status status="PASS" start="2024-06-04T18:19:42.119776" elapsed="0.000549"/>
</kw>
<kw name="Create List" owner="BuiltIn">
<msg time="2024-06-04T18:19:42.120820" level="INFO">${allowed_titles} = ['Mr', 'Ms', 'Miss', 'Mrs', 'Madame', 'Monsieur']</msg>
<var>${allowed_titles}</var>
<arg>Mr</arg>
<arg>Ms</arg>
<arg>Miss</arg>
<arg>Mrs</arg>
<arg>Madame</arg>
<arg>Monsieur</arg>
<doc>Returns a list containing given items.</doc>
<status status="PASS" start="2024-06-04T18:19:42.120658" elapsed="0.000187"/>
</kw>
<kw name="List Should Contain Value" owner="Collections">
<msg time="2024-06-04T18:19:42.121363" level="INFO">False</msg>
<arg>${allowed_titles}</arg>
<arg>${name_title}</arg>
<doc>Fails if the ``value`` is not found from ``list``.</doc>
<status status="PASS" start="2024-06-04T18:19:42.121176" elapsed="0.000226"/>
</kw>
<kw name="Set Variable" owner="BuiltIn">
<msg time="2024-06-04T18:19:42.122325" level="INFO">${name_country} = BR</msg>
<var>${name_country}</var>
<arg>${json_data["results"][0]["nat"]}</arg>
<doc>Returns the given values which can then be assigned to a variables.</doc>
<status status="PASS" start="2024-06-04T18:19:42.121719" elapsed="0.000633"/>
</kw>
<kw name="Create List" owner="BuiltIn">
<msg time="2024-06-04T18:19:42.123370" level="INFO">${list_country} = ['AD', 'AE', 'AF', 'AG', 'AI', 'AL', 'AM', 'AO', 'AQ', 'AR', 'AS', 'AT', 'AU', 'AW', 'AX', 'AZ', 'BA', 'BB', 'BD', 'BE', 'BF', 'BG', 'BH', 'BI', 'BJ', 'BL', 'BM', 'BN', 'BO', 'BQ', 'BR', 'BS', 'BT', '...</msg>
<var>${list_country}</var>
<arg>AD</arg>
<arg>AE</arg>
<arg>AF</arg>
<arg>AG</arg>
<arg>AI</arg>
<arg>AL</arg>
<arg>AM</arg>
<arg>AO</arg>
<arg>AQ</arg>
<arg>AR</arg>
<arg>AS</arg>
<arg>AT</arg>
<arg>AU</arg>
<arg>AW</arg>
<arg>AX</arg>
<arg>AZ</arg>
<arg>BA</arg>
<arg>BB</arg>
<arg>BD</arg>
<arg>BE</arg>
<arg>BF</arg>
<arg>BG</arg>
<arg>BH</arg>
<arg>BI</arg>
<arg>BJ</arg>
<arg>BL</arg>
<arg>BM</arg>
<arg>BN</arg>
<arg>BO</arg>
<arg>BQ</arg>
<arg>BR</arg>
<arg>BS</arg>
<arg>BT</arg>
<arg>BV</arg>
<arg>BW</arg>
<arg>BY</arg>
<arg>BZ</arg>
<arg>CA</arg>
<arg>CC</arg>
<arg>CD</arg>
<arg>CF</arg>
<arg>CG</arg>
<arg>CH</arg>
<arg>CI</arg>
<arg>CK</arg>
<arg>CL</arg>
<arg>CM</arg>
<arg>CN</arg>
<arg>CO</arg>
<arg>CR</arg>
<arg>CU</arg>
<arg>CV</arg>
<arg>CW</arg>
<arg>CX</arg>
<arg>CY</arg>
<arg>CZ</arg>
<arg>DE</arg>
<arg>DJ</arg>
<arg>DK</arg>
<arg>DM</arg>
<arg>DO</arg>
<arg>DZ</arg>
<arg>EC</arg>
<arg>EE</arg>
<arg>EG</arg>
<arg>EH</arg>
<arg>ER</arg>
<arg>ES</arg>
<arg>ET</arg>
<arg>FI</arg>
<arg>FJ</arg>
<arg>FK</arg>
<arg>FM</arg>
<arg>FO</arg>
<arg>FR</arg>
<arg>GA</arg>
<arg>GB</arg>
<arg>GD</arg>
<arg>GE</arg>
<arg>GF</arg>
<arg>GG</arg>
<arg>GH</arg>
<arg>GI</arg>
<arg>GL</arg>
<arg>GM</arg>
<arg>GN</arg>
<arg>GP</arg>
<arg>GQ</arg>
<arg>GR</arg>
<arg>GS</arg>
<arg>GT</arg>
<arg>GU</arg>
<arg>GW</arg>
<arg>GY</arg>
<arg>HK</arg>
<arg>HM</arg>
<arg>HN</arg>
<arg>HR</arg>
<arg>HT</arg>
<arg>HU</arg>
<arg>ID</arg>
<arg>IE</arg>
<arg>IL</arg>
<arg>IM</arg>
<arg>IN</arg>
<arg>IO</arg>
<arg>IQ</arg>
<arg>IR</arg>
<arg>IS</arg>
<arg>IT</arg>
<arg>JE</arg>
<arg>JM</arg>
<arg>JO</arg>
<arg>JP</arg>
<arg>KE</arg>
<arg>KG</arg>
<arg>KH</arg>
<arg>KI</arg>
<arg>KM</arg>
<arg>KN</arg>
<arg>KP</arg>
<arg>KR</arg>
<arg>KW</arg>
<arg>KY</arg>
<arg>KZ</arg>
<arg>LA</arg>
<arg>LB</arg>
<arg>LC</arg>
<arg>LI</arg>
<arg>LK</arg>
<arg>LR</arg>
<arg>LS</arg>
<arg>LT</arg>
<arg>LU</arg>
<arg>LV</arg>
<arg>LY</arg>
<arg>MA</arg>
<arg>MC</arg>
<arg>MD</arg>
<arg>ME</arg>
<arg>MF</arg>
<arg>MG</arg>
<arg>MH</arg>
<arg>MK</arg>
<arg>ML</arg>
<arg>MM</arg>
<arg>MN</arg>
<arg>MO</arg>
<arg>MP</arg>
<arg>MQ</arg>
<arg>MR</arg>
<arg>MS</arg>
<arg>MT</arg>
<arg>MU</arg>
<arg>MV</arg>
<arg>MW</arg>
<arg>MX</arg>
<arg>MY</arg>
<arg>MZ</arg>
<arg>NA</arg>
<arg>NC</arg>
<arg>NE</arg>
<arg>NF</arg>
<arg>NG</arg>
<arg>NI</arg>
<arg>NL</arg>
<arg>NO</arg>
<arg>NP</arg>
<arg>NR</arg>
<arg>NU</arg>
<arg>NZ</arg>
<arg>OM</arg>
<arg>PA</arg>
<arg>PE</arg>
<arg>PF</arg>
<arg>PG</arg>
<arg>PH</arg>
<arg>PK</arg>
<arg>PL</arg>
<arg>PM</arg>
<arg>PN</arg>
<arg>PR</arg>
<arg>PS</arg>
<arg>PT</arg>
<arg>PW</arg>
<arg>PY</arg>
<arg>QA</arg>
<arg>RE</arg>
<arg>RO</arg>
<arg>RS</arg>
<arg>RU</arg>
<arg>RW</arg>
<arg>SA</arg>
<arg>SB</arg>
<arg>SC</arg>
<arg>SD</arg>
<arg>SE</arg>
<arg>SG</arg>
<arg>SH</arg>
<arg>SI</arg>
<arg>SJ</arg>
<arg>SK</arg>
<arg>SL</arg>
<arg>SM</arg>
<arg>SN</arg>
<arg>SO</arg>
<arg>SR</arg>
<arg>SS</arg>
<arg>ST</arg>
<arg>SV</arg>
<arg>SX</arg>
<arg>SY</arg>
<arg>SZ</arg>
<arg>TC</arg>
<arg>TD</arg>
<arg>TF</arg>
<arg>TG</arg>
<arg>TH</arg>
<arg>TJ</arg>
<arg>TK</arg>
<arg>TL</arg>
<arg>TM</arg>
<arg>TN</arg>
<arg>TO</arg>
<arg>TR</arg>
<arg>TT</arg>
<arg>TV</arg>
<arg>TW</arg>
<arg>TZ</arg>
<arg>UA</arg>
<arg>UG</arg>
<arg>UM</arg>
<arg>US</arg>
<arg>UY</arg>
<arg>UZ</arg>
<arg>VA</arg>
<arg>VC</arg>
<arg>VE</arg>
<arg>VG</arg>
<arg>VI</arg>
<arg>VN</arg>
<arg>VU</arg>
<arg>WF</arg>
<arg>WS</arg>
<arg>XK</arg>
<arg>YE</arg>
<arg>YT</arg>
<arg>ZA</arg>
<arg>ZM</arg>
<arg>ZW</arg>
<doc>Returns a list containing given items.</doc>
<status status="PASS" start="2024-06-04T18:19:42.122688" elapsed="0.000708"/>
</kw>
<kw name="List Should Contain Value" owner="Collections">
<msg time="2024-06-04T18:19:42.124882" level="INFO">False</msg>
<arg>${list_country}</arg>
<arg>${name_country}</arg>
<doc>Fails if the ``value`` is not found from ``list``.</doc>
<status status="PASS" start="2024-06-04T18:19:42.124636" elapsed="0.000290"/>
</kw>
<kw name="Run Keyword If" owner="BuiltIn">
<kw name="Should Be True" owner="BuiltIn">
<arg>${True}</arg>
<doc>Fails if the given condition is not true.</doc>
<status status="PASS" start="2024-06-04T18:19:42.126109" elapsed="0.000148"/>
</kw>
<arg>${json_data["results"][0]["location"]["coordinates"]["latitude"]} &gt;= -90 and ${json_data["results"][0]["location"]["coordinates"]["latitude"]} &lt;= 90</arg>
<arg>Should Be True</arg>
<arg>${True}</arg>
<doc>Runs the given keyword with the given arguments, if ``condition`` is true.</doc>
<status status="PASS" start="2024-06-04T18:19:42.125291" elapsed="0.001095"/>
</kw>
<kw name="Run Keyword If" owner="BuiltIn">
<kw name="Should Be True" owner="BuiltIn">
<arg>${True}</arg>
<doc>Fails if the given condition is not true.</doc>
<status status="PASS" start="2024-06-04T18:19:42.127303" elapsed="0.000142"/>
</kw>
<arg>${json_data["results"][0]["location"]["coordinates"]["longitude"]} &gt;= -180 and ${json_data["results"][0]["location"]["coordinates"]["longitude"]} &lt;= 180</arg>
<arg>Should Be True</arg>
<arg>${True}</arg>
<doc>Runs the given keyword with the given arguments, if ``condition`` is true.</doc>
<status status="PASS" start="2024-06-04T18:19:42.126583" elapsed="0.000987"/>
</kw>
<status status="PASS" start="2024-06-04T18:19:42.029073" elapsed="0.098633"/>
</kw>
<doc>Testa o conteúdo específico dos campos retornados pela API.</doc>
<tag>testeConteudo</tag>
<status status="PASS" start="2024-06-04T18:19:42.028344" elapsed="0.099531"/>
</test>
<status status="PASS" start="2024-06-04T18:19:41.157297" elapsed="0.972638"/>
</suite>
<status status="PASS" start="2024-06-04T18:19:41.142893" elapsed="0.992782"/>
</suite>
<statistics>
<total>
<stat pass="5" fail="0" skip="0">All Tests</stat>
</total>
<tag>
<stat pass="1" fail="0" skip="0">testeConteudo</stat>
<stat pass="1" fail="0" skip="0">testeEstruturaResposta</stat>
<stat pass="1" fail="0" skip="0">testeRequisicaoBasica</stat>
<stat pass="1" fail="0" skip="0">testeTiposDados</stat>
</tag>
<suite>
<stat pass="5" fail="0" skip="0" id="s1" name="Tests">Tests</stat>
<stat pass="5" fail="0" skip="0" id="s1-s1" name="Random-User-Test">Tests.Random-User-Test</stat>
</suite>
</statistics>
<errors>
</errors>
</robot>
