<?xml version="1.0" encoding="UTF-8"?>
<robot generator="Robot 7.0.1 (Python 3.12.4 on linux)" generated="2024-08-05T21:16:55.880518" rpa="false" schemaversion="5">
<suite id="s1" name="Tests" source="/home/runner/work/ApiRandomUser/ApiRandomUser/RamdonUser/tests">
<suite id="s1-s1" name="Random-User-Test" source="/home/runner/work/ApiRandomUser/ApiRandomUser/RamdonUser/tests/random-user-test.robot">
<test id="s1-s1-t1" name="Conectar" line="13">
<kw name="Conectar API" owner="random-user-service">
<kw name="Create Session" owner="RequestsLibrary">
<msg time="2024-08-05T21:16:56.333331" level="INFO">Creating Session using : alias=consultarAPI, url=https://randomuser.me/, headers={},                     cookies={}, auth=None, timeout=None, proxies=None, verify=False,                     debug=0 </msg>
<arg>consultarAPI</arg>
<arg>${URL}</arg>
<doc>Create Session: create a HTTP session to a server</doc>
<status status="PASS" start="2024-08-05T21:16:56.333128" elapsed="0.000395"/>
</kw>
<status status="PASS" start="2024-08-05T21:16:56.332078" elapsed="0.001812"/>
</kw>
<status status="PASS" start="2024-08-05T21:16:56.331412" elapsed="0.002672"/>
</test>
<test id="s1-s1-t2" name="Validar retorno 200 e JSON Válido" line="16">
<kw name="Teste de Requisicao Basica" owner="random-user-service">
<kw name="GET On Session" owner="RequestsLibrary">
<msg time="2024-08-05T21:16:56.595392" level="INFO">GET Request : url=https://randomuser.me/api 
 path_url=/api 
 headers={'User-Agent': 'python-requests/2.32.3', 'Accept-Encoding': 'gzip, deflate', 'Accept': '*/*', 'Connection': 'keep-alive'} 
 body=None 
 </msg>
<msg time="2024-08-05T21:16:56.595574" level="INFO">GET Response : url=https://randomuser.me/api 
 status=200, reason=OK 
 headers={'Date': 'Mon, 05 Aug 2024 21:16:56 GMT', 'Content-Type': 'application/json; charset=utf-8', 'Transfer-Encoding': 'chunked', 'Connection': 'keep-alive', 'X-Powered-By': 'Express', 'Access-Control-Allow-Origin': '*', 'Cache-Control': 'no-cache', 'ETag': 'W/"4a4-Nyf6VATj2BLuAYFPnjV8doWkcQ4"', 'Vary': 'Accept-Encoding', 'Content-Encoding': 'gzip', 'CF-Cache-Status': 'DYNAMIC', 'Report-To': '{"endpoints":[{"url":"https:\\/\\/a.nel.cloudflare.com\\/report\\/v4?s=v9tjCNNXmAV2YloSi7MwA6BMCDwJ%2BhsbI5tcgkMvPkPXTrNyPXfy%2B5FUF0rvmKKkGuN1jyQ8SRE%2BgExNghAkSpTPJs3TXoflXZfklFVGmHKmAScUx8FlX6Y9JL3IKx82"}],"group":"cf-nel","max_age":604800}', 'NEL': '{"success_fraction":0,"report_to":"cf-nel","max_age":604800}', 'Server': 'cloudflare', 'CF-RAY': '8ae9cfa4ee286895-SJC', 'alt-svc': 'h3=":443"; ma=86400'} 
 body={"results":[{"gender":"female","name":{"title":"Mrs","first":"Leta","last":"Daniels"},"location":{"street":{"number":2826,"name":"Rolling Green Rd"},"city":"Wagga Wagga","state":"Western Australia","country":"Australia","postcode":6620,"coordinates":{"latitude":"-85.6437","longitude":"74.1824"},"timezone":{"offset":"+11:00","description":"Magadan, Solomon Islands, New Caledonia"}},"email":"leta.daniels@example.com","login":{"uuid":"938f4bee-9e1c-4bd6-936f-2c51436427b6","username":"whitecat824","password":"gerald","salt":"4eYS1xKl","md5":"3e4fed45ee962d3225ced997d49b5478","sha1":"dc90271a8ec69c22d5ab217ab4522551d0c45d4a","sha256":"c28914dc9538bd2d8f14eb083cf39c866e3233d6896221ec8334789ce6acdb27"},"dob":{"date":"1965-08-11T16:55:09.192Z","age":58},"registered":{"date":"2003-09-28T11:10:10.849Z","age":20},"phone":"02-4214-7424","cell":"0440-484-292","id":{"name":"TFN","value":"376458014"},"picture":{"large":"https://randomuser.me/api/portraits/women/27.jpg","medium":"https://randomuser.me/api/portraits/med/women/27.jpg","thumbnail":"https://randomuser.me/api/portraits/thumb/women/27.jpg"},"nat":"AU"}],"info":{"seed":"2e2b95983e8de876","results":1,"page":1,"version":"1.4"}} 
 </msg>
<msg time="2024-08-05T21:16:56.595666" level="INFO">/opt/hostedtoolcache/Python/3.12.4/x64/lib/python3.12/site-packages/urllib3/connectionpool.py:1099: InsecureRequestWarning: Unverified HTTPS request is being made to host 'randomuser.me'. Adding certificate verification is strongly advised. See: https://urllib3.readthedocs.io/en/latest/advanced-usage.html#tls-warnings
  warnings.warn(</msg>
<msg time="2024-08-05T21:16:56.595846" level="INFO">${response} = &lt;Response [200]&gt;</msg>
<var>${response}</var>
<arg>consultarAPI</arg>
<arg>/api</arg>
<doc>Sends a GET request on a previously created HTTP Session.</doc>
<status status="PASS" start="2024-08-05T21:16:56.336805" elapsed="0.259084"/>
</kw>
<kw name="Should Be Equal As Numbers" owner="BuiltIn">
<msg time="2024-08-05T21:16:56.596999" level="INFO">Argument types are:
&lt;class 'int'&gt;
&lt;class 'str'&gt;</msg>
<arg>${response.status_code}</arg>
<arg>200</arg>
<doc>Fails if objects are unequal after converting them to real numbers.</doc>
<status status="PASS" start="2024-08-05T21:16:56.596533" elapsed="0.000531"/>
</kw>
<kw name="Log" owner="BuiltIn">
<msg time="2024-08-05T21:16:56.597718" level="INFO">200</msg>
<arg>${response.status_code}</arg>
<doc>Logs the given message with the given level.</doc>
<status status="PASS" start="2024-08-05T21:16:56.597376" elapsed="0.000384"/>
</kw>
<kw name="Set Variable" owner="BuiltIn">
<msg time="2024-08-05T21:16:56.598497" level="INFO">${json_data} = {'results': [{'gender': 'female', 'name': {'title': 'Mrs', 'first': 'Leta', 'last': 'Daniels'}, 'location': {'street': {'number': 2826, 'name': 'Rolling Green Rd'}, 'city': 'Wagga Wagga', 'state': 'We...</msg>
<var>${json_data}</var>
<arg>${response.json()}</arg>
<doc>Returns the given values which can then be assigned to a variables.</doc>
<status status="PASS" start="2024-08-05T21:16:56.598058" elapsed="0.000469"/>
</kw>
<kw name="Dictionary Should Contain Key" owner="Collections">
<arg>${json_data}</arg>
<arg>results</arg>
<doc>Fails if ``key`` is not found from ``dictionary``.</doc>
<status status="PASS" start="2024-08-05T21:16:56.598822" elapsed="0.000353"/>
</kw>
<status status="PASS" start="2024-08-05T21:16:56.336555" elapsed="0.262779"/>
</kw>
<doc>Testa se a API responde corretamente e retorna um objeto JSON válido.</doc>
<tag>testeRequisicaoBasica</tag>
<status status="PASS" start="2024-08-05T21:16:56.335984" elapsed="0.263524"/>
</test>
<test id="s1-s1-t3" name="Validar estrutura de resposta" line="22">
<kw name="Teste de Estrutura de Resposta" owner="random-user-service">
<kw name="GET On Session" owner="RequestsLibrary">
<msg time="2024-08-05T21:16:56.716353" level="INFO">GET Request : url=https://randomuser.me/api 
 path_url=/api 
 headers={'User-Agent': 'python-requests/2.32.3', 'Accept-Encoding': 'gzip, deflate', 'Accept': '*/*', 'Connection': 'keep-alive'} 
 body=None 
 </msg>
<msg time="2024-08-05T21:16:56.716457" level="INFO">GET Response : url=https://randomuser.me/api 
 status=200, reason=OK 
 headers={'Date': 'Mon, 05 Aug 2024 21:16:56 GMT', 'Content-Type': 'application/json; charset=utf-8', 'Transfer-Encoding': 'chunked', 'Connection': 'keep-alive', 'X-Powered-By': 'Express', 'Access-Control-Allow-Origin': '*', 'Cache-Control': 'no-cache', 'ETag': 'W/"46a-iM12B8tbhPW2jIaVotg1tBBA4E0"', 'Vary': 'Accept-Encoding', 'Content-Encoding': 'gzip', 'CF-Cache-Status': 'DYNAMIC', 'Report-To': '{"endpoints":[{"url":"https:\\/\\/a.nel.cloudflare.com\\/report\\/v4?s=EUh5%2FIVbQ3xwGgtzD%2FIrDiwI3MRgOYnmnyvEMQvu%2F5OJI5kfuX%2FSnkAS2pz1rNzRT2XfhYF1XPDQQ54IFQa4LTEVFJj%2BST64Li47jD7btPNxbNdppRJJP%2BNoBlQljDdV"}],"group":"cf-nel","max_age":604800}', 'NEL': '{"success_fraction":0,"report_to":"cf-nel","max_age":604800}', 'Server': 'cloudflare', 'CF-RAY': '8ae9cfa5ced36895-SJC', 'alt-svc': 'h3=":443"; ma=86400'} 
 body={"results":[{"gender":"male","name":{"title":"Mr","first":"Ilarion","last":"Baloga"},"location":{"street":{"number":8982,"name":"Vigin"},"city":"Noviy Bug","state":"Volinska","country":"Ukraine","postcode":53222,"coordinates":{"latitude":"78.4719","longitude":"-130.3165"},"timezone":{"offset":"+5:45","description":"Kathmandu"}},"email":"ilarion.baloga@example.com","login":{"uuid":"70ce2917-4074-4632-bcdd-e3a65ec3ad18","username":"ticklishsnake911","password":"rush2112","salt":"saCsynj8","md5":"80f123952304ecc1b2ba50c2f365fc64","sha1":"0433a6dbb62b9d1982a400a8dd788e49cb8f5285","sha256":"562ba1e1044b9af0e9021434fbdd36562123faf75a6367495e81e3fafe81e94c"},"dob":{"date":"1957-03-31T07:25:53.308Z","age":67},"registered":{"date":"2015-08-29T18:56:16.376Z","age":8},"phone":"(068) X72-6805","cell":"(098) S78-2079","id":{"name":"","value":null},"picture":{"large":"https://randomuser.me/api/portraits/men/40.jpg","medium":"https://randomuser.me/api/portraits/med/men/40.jpg","thumbnail":"https://randomuser.me/api/portraits/thumb/men/40.jpg"},"nat":"UA"}],"info":{"seed":"f8cbd3ef6025541d","results":1,"page":1,"version":"1.4"}} 
 </msg>
<msg time="2024-08-05T21:16:56.716577" level="INFO">/opt/hostedtoolcache/Python/3.12.4/x64/lib/python3.12/site-packages/urllib3/connectionpool.py:1099: InsecureRequestWarning: Unverified HTTPS request is being made to host 'randomuser.me'. Adding certificate verification is strongly advised. See: https://urllib3.readthedocs.io/en/latest/advanced-usage.html#tls-warnings
  warnings.warn(</msg>
<msg time="2024-08-05T21:16:56.716709" level="INFO">${response} = &lt;Response [200]&gt;</msg>
<var>${response}</var>
<arg>consultarAPI</arg>
<arg>/api</arg>
<doc>Sends a GET request on a previously created HTTP Session.</doc>
<status status="PASS" start="2024-08-05T21:16:56.602114" elapsed="0.114637"/>
</kw>
<kw name="Set Variable" owner="BuiltIn">
<msg time="2024-08-05T21:16:56.717898" level="INFO">${json_data} = {'results': [{'gender': 'male', 'name': {'title': 'Mr', 'first': 'Ilarion', 'last': 'Baloga'}, 'location': {'street': {'number': 8982, 'name': 'Vigin'}, 'city': 'Noviy Bug', 'state': 'Volinska', 'coun...</msg>
<var>${json_data}</var>
<arg>${response.json()}</arg>
<doc>Returns the given values which can then be assigned to a variables.</doc>
<status status="PASS" start="2024-08-05T21:16:56.717359" elapsed="0.000568"/>
</kw>
<kw name="Log" owner="BuiltIn">
<msg time="2024-08-05T21:16:56.718407" level="INFO">{'results': [{'gender': 'male', 'name': {'title': 'Mr', 'first': 'Ilarion', 'last': 'Baloga'}, 'location': {'street': {'number': 8982, 'name': 'Vigin'}, 'city': 'Noviy Bug', 'state': 'Volinska', 'country': 'Ukraine', 'postcode': 53222, 'coordinates': {'latitude': '78.4719', 'longitude': '-130.3165'}, 'timezone': {'offset': '+5:45', 'description': 'Kathmandu'}}, 'email': 'ilarion.baloga@example.com', 'login': {'uuid': '70ce2917-4074-4632-bcdd-e3a65ec3ad18', 'username': 'ticklishsnake911', 'password': 'rush2112', 'salt': 'saCsynj8', 'md5': '80f123952304ecc1b2ba50c2f365fc64', 'sha1': '0433a6dbb62b9d1982a400a8dd788e49cb8f5285', 'sha256': '562ba1e1044b9af0e9021434fbdd36562123faf75a6367495e81e3fafe81e94c'}, 'dob': {'date': '1957-03-31T07:25:53.308Z', 'age': 67}, 'registered': {'date': '2015-08-29T18:56:16.376Z', 'age': 8}, 'phone': '(068) X72-6805', 'cell': '(098) S78-2079', 'id': {'name': '', 'value': None}, 'picture': {'large': 'https://randomuser.me/api/portraits/men/40.jpg', 'medium': 'https://randomuser.me/api/portraits/med/men/40.jpg', 'thumbnail': 'https://randomuser.me/api/portraits/thumb/men/40.jpg'}, 'nat': 'UA'}], 'info': {'seed': 'f8cbd3ef6025541d', 'results': 1, 'page': 1, 'version': '1.4'}}</msg>
<arg>${json_data}</arg>
<doc>Logs the given message with the given level.</doc>
<status status="PASS" start="2024-08-05T21:16:56.718240" elapsed="0.000213"/>
</kw>
<kw name="Dictionary Should Contain Key" owner="Collections">
<arg>${json_data}</arg>
<arg>results</arg>
<doc>Fails if ``key`` is not found from ``dictionary``.</doc>
<status status="PASS" start="2024-08-05T21:16:56.718751" elapsed="0.000165"/>
</kw>
<kw name="Should Not Be Empty" owner="BuiltIn">
<msg time="2024-08-05T21:16:56.719269" level="INFO">Length is 2.</msg>
<arg>${json_data}</arg>
<doc>Verifies that the given item is not empty.</doc>
<status status="PASS" start="2024-08-05T21:16:56.719096" elapsed="0.000213"/>
</kw>
<kw name="Create List" owner="BuiltIn">
<msg time="2024-08-05T21:16:56.719746" level="INFO">${expected_keys} = ['gender', 'name', 'location', 'email', 'login']</msg>
<var>${expected_keys}</var>
<arg>gender</arg>
<arg>name</arg>
<arg>location</arg>
<arg>email</arg>
<arg>login</arg>
<doc>Returns a list containing given items.</doc>
<status status="PASS" start="2024-08-05T21:16:56.719598" elapsed="0.000173"/>
</kw>
<for flavor="IN">
<iter>
<kw name="Dictionary Should Contain Key" owner="Collections">
<arg>${json_data['results'][0]}</arg>
<arg>${key}</arg>
<doc>Fails if ``key`` is not found from ``dictionary``.</doc>
<status status="PASS" start="2024-08-05T21:16:56.720365" elapsed="0.000412"/>
</kw>
<kw name="Log" owner="BuiltIn">
<msg time="2024-08-05T21:16:56.721324" level="INFO">{'gender': 'male', 'name': {'title': 'Mr', 'first': 'Ilarion', 'last': 'Baloga'}, 'location': {'street': {'number': 8982, 'name': 'Vigin'}, 'city': 'Noviy Bug', 'state': 'Volinska', 'country': 'Ukraine', 'postcode': 53222, 'coordinates': {'latitude': '78.4719', 'longitude': '-130.3165'}, 'timezone': {'offset': '+5:45', 'description': 'Kathmandu'}}, 'email': 'ilarion.baloga@example.com', 'login': {'uuid': '70ce2917-4074-4632-bcdd-e3a65ec3ad18', 'username': 'ticklishsnake911', 'password': 'rush2112', 'salt': 'saCsynj8', 'md5': '80f123952304ecc1b2ba50c2f365fc64', 'sha1': '0433a6dbb62b9d1982a400a8dd788e49cb8f5285', 'sha256': '562ba1e1044b9af0e9021434fbdd36562123faf75a6367495e81e3fafe81e94c'}, 'dob': {'date': '1957-03-31T07:25:53.308Z', 'age': 67}, 'registered': {'date': '2015-08-29T18:56:16.376Z', 'age': 8}, 'phone': '(068) X72-6805', 'cell': '(098) S78-2079', 'id': {'name': '', 'value': None}, 'picture': {'large': 'https://randomuser.me/api/portraits/men/40.jpg', 'medium': 'https://randomuser.me/api/portraits/med/men/40.jpg', 'thumbnail': 'https://randomuser.me/api/portraits/thumb/men/40.jpg'}, 'nat': 'UA'}</msg>
<arg>${json_data['results'][0]}</arg>
<doc>Logs the given message with the given level.</doc>
<status status="PASS" start="2024-08-05T21:16:56.720968" elapsed="0.000406"/>
</kw>
<kw name="Log" owner="BuiltIn">
<msg time="2024-08-05T21:16:56.721806" level="INFO">gender</msg>
<arg>${key}</arg>
<doc>Logs the given message with the given level.</doc>
<status status="PASS" start="2024-08-05T21:16:56.721674" elapsed="0.000170"/>
</kw>
<var name="${key}">gender</var>
<status status="PASS" start="2024-08-05T21:16:56.720241" elapsed="0.001823"/>
</iter>
<iter>
<kw name="Dictionary Should Contain Key" owner="Collections">
<arg>${json_data['results'][0]}</arg>
<arg>${key}</arg>
<doc>Fails if ``key`` is not found from ``dictionary``.</doc>
<status status="PASS" start="2024-08-05T21:16:56.722369" elapsed="0.000393"/>
</kw>
<kw name="Log" owner="BuiltIn">
<msg time="2024-08-05T21:16:56.723339" level="INFO">{'gender': 'male', 'name': {'title': 'Mr', 'first': 'Ilarion', 'last': 'Baloga'}, 'location': {'street': {'number': 8982, 'name': 'Vigin'}, 'city': 'Noviy Bug', 'state': 'Volinska', 'country': 'Ukraine', 'postcode': 53222, 'coordinates': {'latitude': '78.4719', 'longitude': '-130.3165'}, 'timezone': {'offset': '+5:45', 'description': 'Kathmandu'}}, 'email': 'ilarion.baloga@example.com', 'login': {'uuid': '70ce2917-4074-4632-bcdd-e3a65ec3ad18', 'username': 'ticklishsnake911', 'password': 'rush2112', 'salt': 'saCsynj8', 'md5': '80f123952304ecc1b2ba50c2f365fc64', 'sha1': '0433a6dbb62b9d1982a400a8dd788e49cb8f5285', 'sha256': '562ba1e1044b9af0e9021434fbdd36562123faf75a6367495e81e3fafe81e94c'}, 'dob': {'date': '1957-03-31T07:25:53.308Z', 'age': 67}, 'registered': {'date': '2015-08-29T18:56:16.376Z', 'age': 8}, 'phone': '(068) X72-6805', 'cell': '(098) S78-2079', 'id': {'name': '', 'value': None}, 'picture': {'large': 'https://randomuser.me/api/portraits/men/40.jpg', 'medium': 'https://randomuser.me/api/portraits/med/men/40.jpg', 'thumbnail': 'https://randomuser.me/api/portraits/thumb/men/40.jpg'}, 'nat': 'UA'}</msg>
<arg>${json_data['results'][0]}</arg>
<doc>Logs the given message with the given level.</doc>
<status status="PASS" start="2024-08-05T21:16:56.722945" elapsed="0.000486"/>
</kw>
<kw name="Log" owner="BuiltIn">
<msg time="2024-08-05T21:16:56.723860" level="INFO">name</msg>
<arg>${key}</arg>
<doc>Logs the given message with the given level.</doc>
<status status="PASS" start="2024-08-05T21:16:56.723731" elapsed="0.000167"/>
</kw>
<var name="${key}">name</var>
<status status="PASS" start="2024-08-05T21:16:56.722251" elapsed="0.001868"/>
</iter>
<iter>
<kw name="Dictionary Should Contain Key" owner="Collections">
<arg>${json_data['results'][0]}</arg>
<arg>${key}</arg>
<doc>Fails if ``key`` is not found from ``dictionary``.</doc>
<status status="PASS" start="2024-08-05T21:16:56.724404" elapsed="0.000376"/>
</kw>
<kw name="Log" owner="BuiltIn">
<msg time="2024-08-05T21:16:56.725319" level="INFO">{'gender': 'male', 'name': {'title': 'Mr', 'first': 'Ilarion', 'last': 'Baloga'}, 'location': {'street': {'number': 8982, 'name': 'Vigin'}, 'city': 'Noviy Bug', 'state': 'Volinska', 'country': 'Ukraine', 'postcode': 53222, 'coordinates': {'latitude': '78.4719', 'longitude': '-130.3165'}, 'timezone': {'offset': '+5:45', 'description': 'Kathmandu'}}, 'email': 'ilarion.baloga@example.com', 'login': {'uuid': '70ce2917-4074-4632-bcdd-e3a65ec3ad18', 'username': 'ticklishsnake911', 'password': 'rush2112', 'salt': 'saCsynj8', 'md5': '80f123952304ecc1b2ba50c2f365fc64', 'sha1': '0433a6dbb62b9d1982a400a8dd788e49cb8f5285', 'sha256': '562ba1e1044b9af0e9021434fbdd36562123faf75a6367495e81e3fafe81e94c'}, 'dob': {'date': '1957-03-31T07:25:53.308Z', 'age': 67}, 'registered': {'date': '2015-08-29T18:56:16.376Z', 'age': 8}, 'phone': '(068) X72-6805', 'cell': '(098) S78-2079', 'id': {'name': '', 'value': None}, 'picture': {'large': 'https://randomuser.me/api/portraits/men/40.jpg', 'medium': 'https://randomuser.me/api/portraits/med/men/40.jpg', 'thumbnail': 'https://randomuser.me/api/portraits/thumb/men/40.jpg'}, 'nat': 'UA'}</msg>
<arg>${json_data['results'][0]}</arg>
<doc>Logs the given message with the given level.</doc>
<status status="PASS" start="2024-08-05T21:16:56.724965" elapsed="0.000402"/>
</kw>
<kw name="Log" owner="BuiltIn">
<msg time="2024-08-05T21:16:56.725794" level="INFO">location</msg>
<arg>${key}</arg>
<doc>Logs the given message with the given level.</doc>
<status status="PASS" start="2024-08-05T21:16:56.725665" elapsed="0.000167"/>
</kw>
<var name="${key}">location</var>
<status status="PASS" start="2024-08-05T21:16:56.724294" elapsed="0.001766"/>
</iter>
<iter>
<kw name="Dictionary Should Contain Key" owner="Collections">
<arg>${json_data['results'][0]}</arg>
<arg>${key}</arg>
<doc>Fails if ``key`` is not found from ``dictionary``.</doc>
<status status="PASS" start="2024-08-05T21:16:56.726338" elapsed="0.000385"/>
</kw>
<kw name="Log" owner="BuiltIn">
<msg time="2024-08-05T21:16:56.727415" level="INFO">{'gender': 'male', 'name': {'title': 'Mr', 'first': 'Ilarion', 'last': 'Baloga'}, 'location': {'street': {'number': 8982, 'name': 'Vigin'}, 'city': 'Noviy Bug', 'state': 'Volinska', 'country': 'Ukraine', 'postcode': 53222, 'coordinates': {'latitude': '78.4719', 'longitude': '-130.3165'}, 'timezone': {'offset': '+5:45', 'description': 'Kathmandu'}}, 'email': 'ilarion.baloga@example.com', 'login': {'uuid': '70ce2917-4074-4632-bcdd-e3a65ec3ad18', 'username': 'ticklishsnake911', 'password': 'rush2112', 'salt': 'saCsynj8', 'md5': '80f123952304ecc1b2ba50c2f365fc64', 'sha1': '0433a6dbb62b9d1982a400a8dd788e49cb8f5285', 'sha256': '562ba1e1044b9af0e9021434fbdd36562123faf75a6367495e81e3fafe81e94c'}, 'dob': {'date': '1957-03-31T07:25:53.308Z', 'age': 67}, 'registered': {'date': '2015-08-29T18:56:16.376Z', 'age': 8}, 'phone': '(068) X72-6805', 'cell': '(098) S78-2079', 'id': {'name': '', 'value': None}, 'picture': {'large': 'https://randomuser.me/api/portraits/men/40.jpg', 'medium': 'https://randomuser.me/api/portraits/med/men/40.jpg', 'thumbnail': 'https://randomuser.me/api/portraits/thumb/men/40.jpg'}, 'nat': 'UA'}</msg>
<arg>${json_data['results'][0]}</arg>
<doc>Logs the given message with the given level.</doc>
<status status="PASS" start="2024-08-05T21:16:56.727030" elapsed="0.000442"/>
</kw>
<kw name="Log" owner="BuiltIn">
<msg time="2024-08-05T21:16:56.727911" level="INFO">email</msg>
<arg>${key}</arg>
<doc>Logs the given message with the given level.</doc>
<status status="PASS" start="2024-08-05T21:16:56.727771" elapsed="0.000179"/>
</kw>
<var name="${key}">email</var>
<status status="PASS" start="2024-08-05T21:16:56.726230" elapsed="0.001939"/>
</iter>
<iter>
<kw name="Dictionary Should Contain Key" owner="Collections">
<arg>${json_data['results'][0]}</arg>
<arg>${key}</arg>
<doc>Fails if ``key`` is not found from ``dictionary``.</doc>
<status status="PASS" start="2024-08-05T21:16:56.728450" elapsed="0.000383"/>
</kw>
<kw name="Log" owner="BuiltIn">
<msg time="2024-08-05T21:16:56.729358" level="INFO">{'gender': 'male', 'name': {'title': 'Mr', 'first': 'Ilarion', 'last': 'Baloga'}, 'location': {'street': {'number': 8982, 'name': 'Vigin'}, 'city': 'Noviy Bug', 'state': 'Volinska', 'country': 'Ukraine', 'postcode': 53222, 'coordinates': {'latitude': '78.4719', 'longitude': '-130.3165'}, 'timezone': {'offset': '+5:45', 'description': 'Kathmandu'}}, 'email': 'ilarion.baloga@example.com', 'login': {'uuid': '70ce2917-4074-4632-bcdd-e3a65ec3ad18', 'username': 'ticklishsnake911', 'password': 'rush2112', 'salt': 'saCsynj8', 'md5': '80f123952304ecc1b2ba50c2f365fc64', 'sha1': '0433a6dbb62b9d1982a400a8dd788e49cb8f5285', 'sha256': '562ba1e1044b9af0e9021434fbdd36562123faf75a6367495e81e3fafe81e94c'}, 'dob': {'date': '1957-03-31T07:25:53.308Z', 'age': 67}, 'registered': {'date': '2015-08-29T18:56:16.376Z', 'age': 8}, 'phone': '(068) X72-6805', 'cell': '(098) S78-2079', 'id': {'name': '', 'value': None}, 'picture': {'large': 'https://randomuser.me/api/portraits/men/40.jpg', 'medium': 'https://randomuser.me/api/portraits/med/men/40.jpg', 'thumbnail': 'https://randomuser.me/api/portraits/thumb/men/40.jpg'}, 'nat': 'UA'}</msg>
<arg>${json_data['results'][0]}</arg>
<doc>Logs the given message with the given level.</doc>
<status status="PASS" start="2024-08-05T21:16:56.729013" elapsed="0.000401"/>
</kw>
<kw name="Log" owner="BuiltIn">
<msg time="2024-08-05T21:16:56.729837" level="INFO">login</msg>
<arg>${key}</arg>
<doc>Logs the given message with the given level.</doc>
<status status="PASS" start="2024-08-05T21:16:56.729708" elapsed="0.000167"/>
</kw>
<var name="${key}">login</var>
<status status="PASS" start="2024-08-05T21:16:56.728341" elapsed="0.001751"/>
</iter>
<var>${key}</var>
<value>@{expected_keys}</value>
<status status="PASS" start="2024-08-05T21:16:56.720031" elapsed="0.010182"/>
</for>
<kw name="Create List" owner="BuiltIn">
<msg time="2024-08-05T21:16:56.730540" level="INFO">${expected_keysTwo} = ['username', 'password']</msg>
<var>${expected_keysTwo}</var>
<arg>username</arg>
<arg>password</arg>
<doc>Returns a list containing given items.</doc>
<status status="PASS" start="2024-08-05T21:16:56.730404" elapsed="0.000160"/>
</kw>
<for flavor="IN">
<iter>
<kw name="Dictionary Should Contain Key" owner="Collections">
<arg>${json_data['results'][0]['login']}</arg>
<arg>${keyTwo}</arg>
<doc>Fails if ``key`` is not found from ``dictionary``.</doc>
<status status="PASS" start="2024-08-05T21:16:56.731096" elapsed="0.000426"/>
</kw>
<kw name="Dictionary Should Contain Key" owner="Collections">
<arg>${json_data['results'][0]['login']}</arg>
<arg>${keyTwo}</arg>
<doc>Fails if ``key`` is not found from ``dictionary``.</doc>
<status status="PASS" start="2024-08-05T21:16:56.731706" elapsed="0.000376"/>
</kw>
<kw name="Log" owner="BuiltIn">
<msg time="2024-08-05T21:16:56.732381" level="INFO">username</msg>
<arg>${keyTwo}</arg>
<doc>Logs the given message with the given level.</doc>
<status status="PASS" start="2024-08-05T21:16:56.732259" elapsed="0.000159"/>
</kw>
<var name="${keyTwo}">username</var>
<status status="PASS" start="2024-08-05T21:16:56.730989" elapsed="0.001647"/>
</iter>
<iter>
<kw name="Dictionary Should Contain Key" owner="Collections">
<arg>${json_data['results'][0]['login']}</arg>
<arg>${keyTwo}</arg>
<doc>Fails if ``key`` is not found from ``dictionary``.</doc>
<status status="PASS" start="2024-08-05T21:16:56.732916" elapsed="0.000383"/>
</kw>
<kw name="Dictionary Should Contain Key" owner="Collections">
<arg>${json_data['results'][0]['login']}</arg>
<arg>${keyTwo}</arg>
<doc>Fails if ``key`` is not found from ``dictionary``.</doc>
<status status="PASS" start="2024-08-05T21:16:56.733477" elapsed="0.000368"/>
</kw>
<kw name="Log" owner="BuiltIn">
<msg time="2024-08-05T21:16:56.734140" level="INFO">password</msg>
<arg>${keyTwo}</arg>
<doc>Logs the given message with the given level.</doc>
<status status="PASS" start="2024-08-05T21:16:56.734020" elapsed="0.000156"/>
</kw>
<var name="${keyTwo}">password</var>
<status status="PASS" start="2024-08-05T21:16:56.732808" elapsed="0.001590"/>
</iter>
<var>${keyTwo}</var>
<value>@{expected_keysTwo}</value>
<status status="PASS" start="2024-08-05T21:16:56.730829" elapsed="0.003688"/>
</for>
<status status="PASS" start="2024-08-05T21:16:56.601879" elapsed="0.132782"/>
</kw>
<doc>Testa a estrutura da resposta da API.</doc>
<tag>testeEstruturaResposta</tag>
<status status="PASS" start="2024-08-05T21:16:56.601298" elapsed="0.133520"/>
</test>
<test id="s1-s1-t4" name="Validar tipos de dados" line="28">
<kw name="Teste de Tipos de Dados" owner="random-user-service">
<kw name="GET On Session" owner="RequestsLibrary">
<msg time="2024-08-05T21:16:56.836931" level="INFO">GET Request : url=https://randomuser.me/api 
 path_url=/api 
 headers={'User-Agent': 'python-requests/2.32.3', 'Accept-Encoding': 'gzip, deflate', 'Accept': '*/*', 'Connection': 'keep-alive'} 
 body=None 
 </msg>
<msg time="2024-08-05T21:16:56.837043" level="INFO">GET Response : url=https://randomuser.me/api 
 status=200, reason=OK 
 headers={'Date': 'Mon, 05 Aug 2024 21:16:56 GMT', 'Content-Type': 'application/json; charset=utf-8', 'Transfer-Encoding': 'chunked', 'Connection': 'keep-alive', 'X-Powered-By': 'Express', 'Access-Control-Allow-Origin': '*', 'Cache-Control': 'no-cache', 'ETag': 'W/"476-EuEOUhz4EjS2cCgadfonRBbt0Vk"', 'Vary': 'Accept-Encoding', 'Content-Encoding': 'gzip', 'CF-Cache-Status': 'DYNAMIC', 'Report-To': '{"endpoints":[{"url":"https:\\/\\/a.nel.cloudflare.com\\/report\\/v4?s=GaJFjIhtLeClMhy81OOtKsVqYGAMajFjO69xpRIjVq9%2FhU0s40154xtVGgwg5WgiUdBti%2B%2FqeaQx7ocpRMeouH45QpTIIOG2dqKOORSyg1YhK0%2B347vikQTUpt2FJ2OT"}],"group":"cf-nel","max_age":604800}', 'NEL': '{"success_fraction":0,"report_to":"cf-nel","max_age":604800}', 'Server': 'cloudflare', 'CF-RAY': '8ae9cfa6afc16895-SJC', 'alt-svc': 'h3=":443"; ma=86400'} 
 body={"results":[{"gender":"female","name":{"title":"Ms","first":"Anica","last":"Nenezić"},"location":{"street":{"number":4989,"name":"Beogradska"},"city":"Bela Crkva","state":"Kolubara","country":"Serbia","postcode":47916,"coordinates":{"latitude":"63.0880","longitude":"151.1789"},"timezone":{"offset":"-2:00","description":"Mid-Atlantic"}},"email":"anica.nenezic@example.com","login":{"uuid":"17f67112-6f32-4a79-9a11-32afa55c90af","username":"bigduck220","password":"asdzxc","salt":"7niNEJeM","md5":"a958ca7a781256791acada76780359b4","sha1":"ca2fb63a3888dd5d1bd66e2fce21e3e0c740513c","sha256":"25b4762bc545febff556496d6474692e9b12f334283a5cf2a7eebcf03b5f1a11"},"dob":{"date":"1980-11-13T00:55:47.846Z","age":43},"registered":{"date":"2021-03-06T01:22:31.574Z","age":3},"phone":"023-7506-934","cell":"068-3820-025","id":{"name":"SID","value":"019251932"},"picture":{"large":"https://randomuser.me/api/portraits/women/61.jpg","medium":"https://randomuser.me/api/portraits/med/women/61.jpg","thumbnail":"https://randomuser.me/api/portraits/thumb/women/61.jpg"},"nat":"RS"}],"info":{"seed":"a7c8c83a3c543755","results":1,"page":1,"version":"1.4"}} 
 </msg>
<msg time="2024-08-05T21:16:56.837125" level="INFO">/opt/hostedtoolcache/Python/3.12.4/x64/lib/python3.12/site-packages/urllib3/connectionpool.py:1099: InsecureRequestWarning: Unverified HTTPS request is being made to host 'randomuser.me'. Adding certificate verification is strongly advised. See: https://urllib3.readthedocs.io/en/latest/advanced-usage.html#tls-warnings
  warnings.warn(</msg>
<msg time="2024-08-05T21:16:56.837246" level="INFO">${response} = &lt;Response [200]&gt;</msg>
<var>${response}</var>
<arg>consultarAPI</arg>
<arg>/api</arg>
<doc>Sends a GET request on a previously created HTTP Session.</doc>
<status status="PASS" start="2024-08-05T21:16:56.737393" elapsed="0.099892"/>
</kw>
<kw name="Set Variable" owner="BuiltIn">
<msg time="2024-08-05T21:16:56.838510" level="INFO">${json_data} = {'results': [{'gender': 'female', 'name': {'title': 'Ms', 'first': 'Anica', 'last': 'Nenezić'}, 'location': {'street': {'number': 4989, 'name': 'Beogradska'}, 'city': 'Bela Crkva', 'state': 'Kolubara'...</msg>
<var>${json_data}</var>
<arg>${response.json()}</arg>
<doc>Returns the given values which can then be assigned to a variables.</doc>
<status status="PASS" start="2024-08-05T21:16:56.837925" elapsed="0.000615"/>
</kw>
<kw name="Log" owner="BuiltIn">
<msg time="2024-08-05T21:16:56.839016" level="INFO">{'results': [{'gender': 'female', 'name': {'title': 'Ms', 'first': 'Anica', 'last': 'Nenezić'}, 'location': {'street': {'number': 4989, 'name': 'Beogradska'}, 'city': 'Bela Crkva', 'state': 'Kolubara', 'country': 'Serbia', 'postcode': 47916, 'coordinates': {'latitude': '63.0880', 'longitude': '151.1789'}, 'timezone': {'offset': '-2:00', 'description': 'Mid-Atlantic'}}, 'email': 'anica.nenezic@example.com', 'login': {'uuid': '17f67112-6f32-4a79-9a11-32afa55c90af', 'username': 'bigduck220', 'password': 'asdzxc', 'salt': '7niNEJeM', 'md5': 'a958ca7a781256791acada76780359b4', 'sha1': 'ca2fb63a3888dd5d1bd66e2fce21e3e0c740513c', 'sha256': '25b4762bc545febff556496d6474692e9b12f334283a5cf2a7eebcf03b5f1a11'}, 'dob': {'date': '1980-11-13T00:55:47.846Z', 'age': 43}, 'registered': {'date': '2021-03-06T01:22:31.574Z', 'age': 3}, 'phone': '023-7506-934', 'cell': '068-3820-025', 'id': {'name': 'SID', 'value': '019251932'}, 'picture': {'large': 'https://randomuser.me/api/portraits/women/61.jpg', 'medium': 'https://randomuser.me/api/portraits/med/women/61.jpg', 'thumbnail': 'https://randomuser.me/api/portraits/thumb/women/61.jpg'}, 'nat': 'RS'}], 'info': {'seed': 'a7c8c83a3c543755', 'results': 1, 'page': 1, 'version': '1.4'}}</msg>
<arg>${json_data}</arg>
<doc>Logs the given message with the given level.</doc>
<status status="PASS" start="2024-08-05T21:16:56.838854" elapsed="0.000210"/>
</kw>
<kw name="Should Be String" owner="String">
<arg>${json_data['results'][0]['gender']}</arg>
<doc>Fails if the given ``item`` is not a string.</doc>
<status status="PASS" start="2024-08-05T21:16:56.839409" elapsed="0.000363"/>
</kw>
<kw name="Should Match Regexp" owner="BuiltIn">
<arg>${json_data['results'][0]['email']}</arg>
<arg>^[a-zA-Z0-9._%+-]+@[a-zA-Z0-9.-]+\.[a-zA-Z]{2,}$</arg>
<doc>Fails if ``string`` does not match ``pattern`` as a regular expression.</doc>
<status status="PASS" start="2024-08-05T21:16:56.839964" elapsed="0.000513"/>
</kw>
<kw name="Should Match Regexp" owner="BuiltIn">
<arg>${json_data['results'][0]['dob']['date']}</arg>
<arg>\\d{4}-\\d{2}-\\d{2}T\\d{2}:\\d{2}:\\d{2}\\.\\d{3}Z</arg>
<doc>Fails if ``string`` does not match ``pattern`` as a regular expression.</doc>
<status status="PASS" start="2024-08-05T21:16:56.840705" elapsed="0.000640"/>
</kw>
<kw name="Should Match Regexp" owner="BuiltIn">
<arg>${json_data['results'][0]['registered']['date']}</arg>
<arg>\\d{4}-\\d{2}-\\d{2}T\\d{2}:\\d{2}:\\d{2}\\.\\d{3}Z</arg>
<doc>Fails if ``string`` does not match ``pattern`` as a regular expression.</doc>
<status status="PASS" start="2024-08-05T21:16:56.841539" elapsed="0.000379"/>
</kw>
<kw name="Should Match Regexp" owner="BuiltIn">
<arg>${json_data['results'][0]['picture']['large']}</arg>
<arg>^https?://.*\.(?:png|jpe?g|gif|bmp)$</arg>
<doc>Fails if ``string`` does not match ``pattern`` as a regular expression.</doc>
<status status="PASS" start="2024-08-05T21:16:56.842105" elapsed="0.000457"/>
</kw>
<kw name="Should Match Regexp" owner="BuiltIn">
<arg>${json_data['results'][0]['picture']['medium']}</arg>
<arg>^https?://.*\.(?:png|jpe?g|gif|bmp)$</arg>
<doc>Fails if ``string`` does not match ``pattern`` as a regular expression.</doc>
<status status="PASS" start="2024-08-05T21:16:56.842749" elapsed="0.000353"/>
</kw>
<kw name="Should Match Regexp" owner="BuiltIn">
<arg>${json_data['results'][0]['picture']['thumbnail']}</arg>
<arg>^https?://.*\.(?:png|jpe?g|gif|bmp)$</arg>
<doc>Fails if ``string`` does not match ``pattern`` as a regular expression.</doc>
<status status="PASS" start="2024-08-05T21:16:56.843330" elapsed="0.000352"/>
</kw>
<kw name="Log" owner="BuiltIn">
<msg time="2024-08-05T21:16:56.844184" level="INFO">{'large': 'https://randomuser.me/api/portraits/women/61.jpg', 'medium': 'https://randomuser.me/api/portraits/med/women/61.jpg', 'thumbnail': 'https://randomuser.me/api/portraits/thumb/women/61.jpg'}</msg>
<arg>${json_data['results'][0]['picture']}</arg>
<doc>Logs the given message with the given level.</doc>
<status status="PASS" start="2024-08-05T21:16:56.843863" elapsed="0.000362"/>
</kw>
<status status="PASS" start="2024-08-05T21:16:56.737161" elapsed="0.107321"/>
</kw>
<kw name="Teste de Tipos de Dados - Postcode" owner="random-user-service">
<kw name="GET On Session" owner="RequestsLibrary">
<msg time="2024-08-05T21:16:56.936536" level="INFO">GET Request : url=https://randomuser.me/api 
 path_url=/api 
 headers={'User-Agent': 'python-requests/2.32.3', 'Accept-Encoding': 'gzip, deflate', 'Accept': '*/*', 'Connection': 'keep-alive'} 
 body=None 
 </msg>
<msg time="2024-08-05T21:16:56.936635" level="INFO">GET Response : url=https://randomuser.me/api 
 status=200, reason=OK 
 headers={'Date': 'Mon, 05 Aug 2024 21:16:56 GMT', 'Content-Type': 'application/json; charset=utf-8', 'Transfer-Encoding': 'chunked', 'Connection': 'keep-alive', 'X-Powered-By': 'Express', 'Access-Control-Allow-Origin': '*', 'Cache-Control': 'no-cache', 'ETag': 'W/"479-0+2y/XFhZYYb2OjCkGEgY2Ztgvc"', 'Vary': 'Accept-Encoding', 'Content-Encoding': 'gzip', 'CF-Cache-Status': 'DYNAMIC', 'Report-To': '{"endpoints":[{"url":"https:\\/\\/a.nel.cloudflare.com\\/report\\/v4?s=1AfiCupfm3gZ5v5zz%2FALP3YDXtyxQuQb2fzNNAvd9HAZ8nRTbD87HWPmEgb%2Fl3Yq%2BBGBQla6vqh%2BTVdW1h7yqXO%2FrmsUjo4LTYNGYwdH7lcssD1ydbbfKPZvINTrhPaL"}],"group":"cf-nel","max_age":604800}', 'NEL': '{"success_fraction":0,"report_to":"cf-nel","max_age":604800}', 'Server': 'cloudflare', 'CF-RAY': '8ae9cfa7483f6895-SJC', 'alt-svc': 'h3=":443"; ma=86400'} 
 body={"results":[{"gender":"male","name":{"title":"Mr","first":"Benito","last":"Álvarez"},"location":{"street":{"number":1965,"name":"Calle del Pez"},"city":"Zaragoza","state":"Cataluña","country":"Spain","postcode":16680,"coordinates":{"latitude":"-35.7512","longitude":"-99.2178"},"timezone":{"offset":"-2:00","description":"Mid-Atlantic"}},"email":"benito.alvarez@example.com","login":{"uuid":"2063df61-3e43-4e91-8c07-669f7dbb65d8","username":"beautifulkoala437","password":"sandra","salt":"m5pp5KfH","md5":"2f530efabae54d84949956d28522c8dc","sha1":"46f1be1284793e7201ca067af5f346378684e281","sha256":"f2728244eaad1cc301581e538664288587256ebe02a47f9f64a0764eb51bebb2"},"dob":{"date":"1968-01-26T22:19:35.277Z","age":56},"registered":{"date":"2014-03-10T23:52:42.258Z","age":10},"phone":"948-674-385","cell":"693-152-695","id":{"name":"DNI","value":"31095274-V"},"picture":{"large":"https://randomuser.me/api/portraits/men/99.jpg","medium":"https://randomuser.me/api/portraits/med/men/99.jpg","thumbnail":"https://randomuser.me/api/portraits/thumb/men/99.jpg"},"nat":"ES"}],"info":{"seed":"3199c6ea415f93e4","results":1,"page":1,"version":"1.4"}} 
 </msg>
<msg time="2024-08-05T21:16:56.936705" level="INFO">/opt/hostedtoolcache/Python/3.12.4/x64/lib/python3.12/site-packages/urllib3/connectionpool.py:1099: InsecureRequestWarning: Unverified HTTPS request is being made to host 'randomuser.me'. Adding certificate verification is strongly advised. See: https://urllib3.readthedocs.io/en/latest/advanced-usage.html#tls-warnings
  warnings.warn(</msg>
<msg time="2024-08-05T21:16:56.936832" level="INFO">${response} = &lt;Response [200]&gt;</msg>
<var>${response}</var>
<arg>consultarAPI</arg>
<arg>/api</arg>
<doc>Sends a GET request on a previously created HTTP Session.</doc>
<status status="PASS" start="2024-08-05T21:16:56.844940" elapsed="0.091931"/>
</kw>
<kw name="Set Variable" owner="BuiltIn">
<msg time="2024-08-05T21:16:56.937911" level="INFO">${json_data} = {'results': [{'gender': 'male', 'name': {'title': 'Mr', 'first': 'Benito', 'last': 'Álvarez'}, 'location': {'street': {'number': 1965, 'name': 'Calle del Pez'}, 'city': 'Zaragoza', 'state': 'Cataluña'...</msg>
<var>${json_data}</var>
<arg>${response.json()}</arg>
<doc>Returns the given values which can then be assigned to a variables.</doc>
<status status="PASS" start="2024-08-05T21:16:56.937392" elapsed="0.000548"/>
</kw>
<kw name="Log" owner="BuiltIn">
<msg time="2024-08-05T21:16:56.938413" level="INFO">{'results': [{'gender': 'male', 'name': {'title': 'Mr', 'first': 'Benito', 'last': 'Álvarez'}, 'location': {'street': {'number': 1965, 'name': 'Calle del Pez'}, 'city': 'Zaragoza', 'state': 'Cataluña', 'country': 'Spain', 'postcode': 16680, 'coordinates': {'latitude': '-35.7512', 'longitude': '-99.2178'}, 'timezone': {'offset': '-2:00', 'description': 'Mid-Atlantic'}}, 'email': 'benito.alvarez@example.com', 'login': {'uuid': '2063df61-3e43-4e91-8c07-669f7dbb65d8', 'username': 'beautifulkoala437', 'password': 'sandra', 'salt': 'm5pp5KfH', 'md5': '2f530efabae54d84949956d28522c8dc', 'sha1': '46f1be1284793e7201ca067af5f346378684e281', 'sha256': 'f2728244eaad1cc301581e538664288587256ebe02a47f9f64a0764eb51bebb2'}, 'dob': {'date': '1968-01-26T22:19:35.277Z', 'age': 56}, 'registered': {'date': '2014-03-10T23:52:42.258Z', 'age': 10}, 'phone': '948-674-385', 'cell': '693-152-695', 'id': {'name': 'DNI', 'value': '31095274-V'}, 'picture': {'large': 'https://randomuser.me/api/portraits/men/99.jpg', 'medium': 'https://randomuser.me/api/portraits/med/men/99.jpg', 'thumbnail': 'https://randomuser.me/api/portraits/thumb/men/99.jpg'}, 'nat': 'ES'}], 'info': {'seed': '3199c6ea415f93e4', 'results': 1, 'page': 1, 'version': '1.4'}}</msg>
<arg>${json_data}</arg>
<doc>Logs the given message with the given level.</doc>
<status status="PASS" start="2024-08-05T21:16:56.938250" elapsed="0.000221"/>
</kw>
<kw name="Should Be Equal As Numbers" owner="BuiltIn">
<arg>${json_data['results'][0]['location']['postcode']}</arg>
<arg>${json_data['results'][0]['location']['postcode']}</arg>
<doc>Fails if objects are unequal after converting them to real numbers.</doc>
<status status="PASS" start="2024-08-05T21:16:56.938764" elapsed="0.000656"/>
</kw>
<kw name="Log" owner="BuiltIn">
<msg time="2024-08-05T21:16:56.939946" level="INFO">16680</msg>
<arg>${json_data['results'][0]['location']['postcode']}</arg>
<doc>Logs the given message with the given level.</doc>
<status status="PASS" start="2024-08-05T21:16:56.939607" elapsed="0.000380"/>
</kw>
<status status="PASS" start="2024-08-05T21:16:56.844712" elapsed="0.095542"/>
</kw>
<doc>Testa se os tipos de dados na resposta da API estão corretos.</doc>
<tag>testeTiposDados</tag>
<status status="PASS" start="2024-08-05T21:16:56.736592" elapsed="0.203834"/>
</test>
<test id="s1-s1-t5" name="Validar conteudo" line="35">
<kw name="Teste de Tipos de Conteudo" owner="random-user-service">
<kw name="GET On Session" owner="RequestsLibrary">
<msg time="2024-08-05T21:16:57.035515" level="INFO">GET Request : url=https://randomuser.me/api 
 path_url=/api 
 headers={'User-Agent': 'python-requests/2.32.3', 'Accept-Encoding': 'gzip, deflate', 'Accept': '*/*', 'Connection': 'keep-alive'} 
 body=None 
 </msg>
<msg time="2024-08-05T21:16:57.035619" level="INFO">GET Response : url=https://randomuser.me/api 
 status=200, reason=OK 
 headers={'Date': 'Mon, 05 Aug 2024 21:16:57 GMT', 'Content-Type': 'application/json; charset=utf-8', 'Transfer-Encoding': 'chunked', 'Connection': 'keep-alive', 'X-Powered-By': 'Express', 'Access-Control-Allow-Origin': '*', 'Cache-Control': 'no-cache', 'ETag': 'W/"471-J3AjrzcHiBQknEAOK966VB9UhMA"', 'Vary': 'Accept-Encoding', 'Content-Encoding': 'gzip', 'CF-Cache-Status': 'DYNAMIC', 'Report-To': '{"endpoints":[{"url":"https:\\/\\/a.nel.cloudflare.com\\/report\\/v4?s=UToMccngmpPRPTklqWkN4DqtWazy17SQFcAvMjSXZhrRjaHchBLZTIxM1yOKE2lh1iaLwI4VV6OlBxdoHHyt61DT8usQjE6C44F%2Bg4HPURwGAymAN6YHpVTiLh9gpg5B"}],"group":"cf-nel","max_age":604800}', 'NEL': '{"success_fraction":0,"report_to":"cf-nel","max_age":604800}', 'Server': 'cloudflare', 'CF-RAY': '8ae9cfa7e8ac6895-SJC', 'alt-svc': 'h3=":443"; ma=86400'} 
 body={"results":[{"gender":"female","name":{"title":"Ms","first":"Ege","last":"Erez"},"location":{"street":{"number":5265,"name":"Talak Göktepe Cd"},"city":"Tekirdağ","state":"Samsun","country":"Turkey","postcode":16677,"coordinates":{"latitude":"66.1583","longitude":"163.6911"},"timezone":{"offset":"+9:30","description":"Adelaide, Darwin"}},"email":"ege.erez@example.com","login":{"uuid":"45fe84ba-184a-4e79-b219-a4a8117ed03b","username":"organicmouse362","password":"barbara","salt":"GsP5BKRh","md5":"22c5da3653d5c5dfe82ba91e7dcbb8f7","sha1":"13e95102263c6f31682fdfaec3ad5bbf4b7f12d8","sha256":"cc8628f5aa5d4e18f10ab1bc1def2b78120aeb86a5dd44c953a40c59454bf9d1"},"dob":{"date":"1982-01-26T16:56:48.398Z","age":42},"registered":{"date":"2012-12-21T02:02:26.203Z","age":11},"phone":"(149)-801-7958","cell":"(044)-637-8211","id":{"name":"","value":null},"picture":{"large":"https://randomuser.me/api/portraits/women/7.jpg","medium":"https://randomuser.me/api/portraits/med/women/7.jpg","thumbnail":"https://randomuser.me/api/portraits/thumb/women/7.jpg"},"nat":"TR"}],"info":{"seed":"1688db6649752c11","results":1,"page":1,"version":"1.4"}} 
 </msg>
<msg time="2024-08-05T21:16:57.035692" level="INFO">/opt/hostedtoolcache/Python/3.12.4/x64/lib/python3.12/site-packages/urllib3/connectionpool.py:1099: InsecureRequestWarning: Unverified HTTPS request is being made to host 'randomuser.me'. Adding certificate verification is strongly advised. See: https://urllib3.readthedocs.io/en/latest/advanced-usage.html#tls-warnings
  warnings.warn(</msg>
<msg time="2024-08-05T21:16:57.035824" level="INFO">${response} = &lt;Response [200]&gt;</msg>
<var>${response}</var>
<arg>consultarAPI</arg>
<arg>/api</arg>
<doc>Sends a GET request on a previously created HTTP Session.</doc>
<status status="PASS" start="2024-08-05T21:16:56.943251" elapsed="0.092612"/>
</kw>
<kw name="Set Variable" owner="BuiltIn">
<msg time="2024-08-05T21:16:57.036922" level="INFO">${json_data} = {'results': [{'gender': 'female', 'name': {'title': 'Ms', 'first': 'Ege', 'last': 'Erez'}, 'location': {'street': {'number': 5265, 'name': 'Talak Göktepe Cd'}, 'city': 'Tekirdağ', 'state': 'Samsun', '...</msg>
<var>${json_data}</var>
<arg>${response.json()}</arg>
<doc>Returns the given values which can then be assigned to a variables.</doc>
<status status="PASS" start="2024-08-05T21:16:57.036388" elapsed="0.000564"/>
</kw>
<kw name="Set Variable" owner="BuiltIn">
<msg time="2024-08-05T21:16:57.037652" level="INFO">${name_title} = Ms</msg>
<var>${name_title}</var>
<arg>${json_data["results"][0]["name"]["title"]}</arg>
<doc>Returns the given values which can then be assigned to a variables.</doc>
<status status="PASS" start="2024-08-05T21:16:57.037265" elapsed="0.000412"/>
</kw>
<kw name="Create List" owner="BuiltIn">
<msg time="2024-08-05T21:16:57.038125" level="INFO">${allowed_titles} = ['Mr', 'Ms', 'Miss', 'Mrs', 'Madame', 'Monsieur']</msg>
<var>${allowed_titles}</var>
<arg>Mr</arg>
<arg>Ms</arg>
<arg>Miss</arg>
<arg>Mrs</arg>
<arg>Madame</arg>
<arg>Monsieur</arg>
<doc>Returns a list containing given items.</doc>
<status status="PASS" start="2024-08-05T21:16:57.037975" elapsed="0.000175"/>
</kw>
<kw name="List Should Contain Value" owner="Collections">
<arg>${allowed_titles}</arg>
<arg>${name_title}</arg>
<doc>Fails if the ``value`` is not found from ``list``.</doc>
<status status="PASS" start="2024-08-05T21:16:57.038454" elapsed="0.000182"/>
</kw>
<kw name="Set Variable" owner="BuiltIn">
<msg time="2024-08-05T21:16:57.039215" level="INFO">${name_country} = TR</msg>
<var>${name_country}</var>
<arg>${json_data["results"][0]["nat"]}</arg>
<doc>Returns the given values which can then be assigned to a variables.</doc>
<status status="PASS" start="2024-08-05T21:16:57.038817" elapsed="0.000424"/>
</kw>
<kw name="Create List" owner="BuiltIn">
<msg time="2024-08-05T21:16:57.040128" level="INFO">${list_country} = ['AD', 'AE', 'AF', 'AG', 'AI', 'AL', 'AM', 'AO', 'AQ', 'AR', 'AS', 'AT', 'AU', 'AW', 'AX', 'AZ', 'BA', 'BB', 'BD', 'BE', 'BF', 'BG', 'BH', 'BI', 'BJ', 'BL', 'BM', 'BN', 'BO', 'BQ', 'BR', 'BS', 'BT', '...</msg>
<var>${list_country}</var>
<arg>AD</arg>
<arg>AE</arg>
<arg>AF</arg>
<arg>AG</arg>
<arg>AI</arg>
<arg>AL</arg>
<arg>AM</arg>
<arg>AO</arg>
<arg>AQ</arg>
<arg>AR</arg>
<arg>AS</arg>
<arg>AT</arg>
<arg>AU</arg>
<arg>AW</arg>
<arg>AX</arg>
<arg>AZ</arg>
<arg>BA</arg>
<arg>BB</arg>
<arg>BD</arg>
<arg>BE</arg>
<arg>BF</arg>
<arg>BG</arg>
<arg>BH</arg>
<arg>BI</arg>
<arg>BJ</arg>
<arg>BL</arg>
<arg>BM</arg>
<arg>BN</arg>
<arg>BO</arg>
<arg>BQ</arg>
<arg>BR</arg>
<arg>BS</arg>
<arg>BT</arg>
<arg>BV</arg>
<arg>BW</arg>
<arg>BY</arg>
<arg>BZ</arg>
<arg>CA</arg>
<arg>CC</arg>
<arg>CD</arg>
<arg>CF</arg>
<arg>CG</arg>
<arg>CH</arg>
<arg>CI</arg>
<arg>CK</arg>
<arg>CL</arg>
<arg>CM</arg>
<arg>CN</arg>
<arg>CO</arg>
<arg>CR</arg>
<arg>CU</arg>
<arg>CV</arg>
<arg>CW</arg>
<arg>CX</arg>
<arg>CY</arg>
<arg>CZ</arg>
<arg>DE</arg>
<arg>DJ</arg>
<arg>DK</arg>
<arg>DM</arg>
<arg>DO</arg>
<arg>DZ</arg>
<arg>EC</arg>
<arg>EE</arg>
<arg>EG</arg>
<arg>EH</arg>
<arg>ER</arg>
<arg>ES</arg>
<arg>ET</arg>
<arg>FI</arg>
<arg>FJ</arg>
<arg>FK</arg>
<arg>FM</arg>
<arg>FO</arg>
<arg>FR</arg>
<arg>GA</arg>
<arg>GB</arg>
<arg>GD</arg>
<arg>GE</arg>
<arg>GF</arg>
<arg>GG</arg>
<arg>GH</arg>
<arg>GI</arg>
<arg>GL</arg>
<arg>GM</arg>
<arg>GN</arg>
<arg>GP</arg>
<arg>GQ</arg>
<arg>GR</arg>
<arg>GS</arg>
<arg>GT</arg>
<arg>GU</arg>
<arg>GW</arg>
<arg>GY</arg>
<arg>HK</arg>
<arg>HM</arg>
<arg>HN</arg>
<arg>HR</arg>
<arg>HT</arg>
<arg>HU</arg>
<arg>ID</arg>
<arg>IE</arg>
<arg>IL</arg>
<arg>IM</arg>
<arg>IN</arg>
<arg>IO</arg>
<arg>IQ</arg>
<arg>IR</arg>
<arg>IS</arg>
<arg>IT</arg>
<arg>JE</arg>
<arg>JM</arg>
<arg>JO</arg>
<arg>JP</arg>
<arg>KE</arg>
<arg>KG</arg>
<arg>KH</arg>
<arg>KI</arg>
<arg>KM</arg>
<arg>KN</arg>
<arg>KP</arg>
<arg>KR</arg>
<arg>KW</arg>
<arg>KY</arg>
<arg>KZ</arg>
<arg>LA</arg>
<arg>LB</arg>
<arg>LC</arg>
<arg>LI</arg>
<arg>LK</arg>
<arg>LR</arg>
<arg>LS</arg>
<arg>LT</arg>
<arg>LU</arg>
<arg>LV</arg>
<arg>LY</arg>
<arg>MA</arg>
<arg>MC</arg>
<arg>MD</arg>
<arg>ME</arg>
<arg>MF</arg>
<arg>MG</arg>
<arg>MH</arg>
<arg>MK</arg>
<arg>ML</arg>
<arg>MM</arg>
<arg>MN</arg>
<arg>MO</arg>
<arg>MP</arg>
<arg>MQ</arg>
<arg>MR</arg>
<arg>MS</arg>
<arg>MT</arg>
<arg>MU</arg>
<arg>MV</arg>
<arg>MW</arg>
<arg>MX</arg>
<arg>MY</arg>
<arg>MZ</arg>
<arg>NA</arg>
<arg>NC</arg>
<arg>NE</arg>
<arg>NF</arg>
<arg>NG</arg>
<arg>NI</arg>
<arg>NL</arg>
<arg>NO</arg>
<arg>NP</arg>
<arg>NR</arg>
<arg>NU</arg>
<arg>NZ</arg>
<arg>OM</arg>
<arg>PA</arg>
<arg>PE</arg>
<arg>PF</arg>
<arg>PG</arg>
<arg>PH</arg>
<arg>PK</arg>
<arg>PL</arg>
<arg>PM</arg>
<arg>PN</arg>
<arg>PR</arg>
<arg>PS</arg>
<arg>PT</arg>
<arg>PW</arg>
<arg>PY</arg>
<arg>QA</arg>
<arg>RE</arg>
<arg>RO</arg>
<arg>RS</arg>
<arg>RU</arg>
<arg>RW</arg>
<arg>SA</arg>
<arg>SB</arg>
<arg>SC</arg>
<arg>SD</arg>
<arg>SE</arg>
<arg>SG</arg>
<arg>SH</arg>
<arg>SI</arg>
<arg>SJ</arg>
<arg>SK</arg>
<arg>SL</arg>
<arg>SM</arg>
<arg>SN</arg>
<arg>SO</arg>
<arg>SR</arg>
<arg>SS</arg>
<arg>ST</arg>
<arg>SV</arg>
<arg>SX</arg>
<arg>SY</arg>
<arg>SZ</arg>
<arg>TC</arg>
<arg>TD</arg>
<arg>TF</arg>
<arg>TG</arg>
<arg>TH</arg>
<arg>TJ</arg>
<arg>TK</arg>
<arg>TL</arg>
<arg>TM</arg>
<arg>TN</arg>
<arg>TO</arg>
<arg>TR</arg>
<arg>TT</arg>
<arg>TV</arg>
<arg>TW</arg>
<arg>TZ</arg>
<arg>UA</arg>
<arg>UG</arg>
<arg>UM</arg>
<arg>US</arg>
<arg>UY</arg>
<arg>UZ</arg>
<arg>VA</arg>
<arg>VC</arg>
<arg>VE</arg>
<arg>VG</arg>
<arg>VI</arg>
<arg>VN</arg>
<arg>VU</arg>
<arg>WF</arg>
<arg>WS</arg>
<arg>XK</arg>
<arg>YE</arg>
<arg>YT</arg>
<arg>ZA</arg>
<arg>ZM</arg>
<arg>ZW</arg>
<doc>Returns a list containing given items.</doc>
<status status="PASS" start="2024-08-05T21:16:57.039533" elapsed="0.000621"/>
</kw>
<kw name="List Should Contain Value" owner="Collections">
<arg>${list_country}</arg>
<arg>${name_country}</arg>
<doc>Fails if the ``value`` is not found from ``list``.</doc>
<status status="PASS" start="2024-08-05T21:16:57.041137" elapsed="0.000212"/>
</kw>
<kw name="Run Keyword If" owner="BuiltIn">
<kw name="Should Be True" owner="BuiltIn">
<arg>${True}</arg>
<doc>Fails if the given condition is not true.</doc>
<status status="PASS" start="2024-08-05T21:16:57.042298" elapsed="0.000143"/>
</kw>
<arg>${json_data["results"][0]["location"]["coordinates"]["latitude"]} &gt;= -90 and ${json_data["results"][0]["location"]["coordinates"]["latitude"]} &lt;= 90</arg>
<arg>Should Be True</arg>
<arg>${True}</arg>
<doc>Runs the given keyword with the given arguments, if ``condition`` is true.</doc>
<status status="PASS" start="2024-08-05T21:16:57.041549" elapsed="0.001017"/>
</kw>
<kw name="Run Keyword If" owner="BuiltIn">
<kw name="Should Be True" owner="BuiltIn">
<arg>${True}</arg>
<doc>Fails if the given condition is not true.</doc>
<status status="PASS" start="2024-08-05T21:16:57.043464" elapsed="0.000137"/>
</kw>
<arg>${json_data["results"][0]["location"]["coordinates"]["longitude"]} &gt;= -180 and ${json_data["results"][0]["location"]["coordinates"]["longitude"]} &lt;= 180</arg>
<arg>Should Be True</arg>
<arg>${True}</arg>
<doc>Runs the given keyword with the given arguments, if ``condition`` is true.</doc>
<status status="PASS" start="2024-08-05T21:16:57.042747" elapsed="0.000975"/>
</kw>
<status status="PASS" start="2024-08-05T21:16:56.942850" elapsed="0.101001"/>
</kw>
<doc>Testa o conteúdo específico dos campos retornados pela API.</doc>
<tag>testeConteudo</tag>
<status status="PASS" start="2024-08-05T21:16:56.942186" elapsed="0.101817"/>
</test>
<status status="PASS" start="2024-08-05T21:16:55.941521" elapsed="1.104457"/>
</suite>
<status status="PASS" start="2024-08-05T21:16:55.926699" elapsed="1.124479"/>
</suite>
<statistics>
<total>
<stat pass="5" fail="0" skip="0">All Tests</stat>
</total>
<tag>
<stat pass="1" fail="0" skip="0">testeConteudo</stat>
<stat pass="1" fail="0" skip="0">testeEstruturaResposta</stat>
<stat pass="1" fail="0" skip="0">testeRequisicaoBasica</stat>
<stat pass="1" fail="0" skip="0">testeTiposDados</stat>
</tag>
<suite>
<stat pass="5" fail="0" skip="0" id="s1" name="Tests">Tests</stat>
<stat pass="5" fail="0" skip="0" id="s1-s1" name="Random-User-Test">Tests.Random-User-Test</stat>
</suite>
</statistics>
<errors>
</errors>
</robot>
