<?xml version="1.0" encoding="UTF-8"?>
<robot generator="Robot 7.0.1 (Python 3.12.4 on linux)" generated="2024-07-22T22:14:31.620113" rpa="false" schemaversion="5">
<suite id="s1" name="Tests" source="/home/runner/work/ApiRandomUser/ApiRandomUser/RamdonUser/tests">
<suite id="s1-s1" name="Random-User-Test" source="/home/runner/work/ApiRandomUser/ApiRandomUser/RamdonUser/tests/random-user-test.robot">
<test id="s1-s1-t1" name="Conectar" line="13">
<kw name="Conectar API" owner="random-user-service">
<kw name="Create Session" owner="RequestsLibrary">
<msg time="2024-07-22T22:14:32.011640" level="INFO">Creating Session using : alias=consultarAPI, url=https://randomuser.me/, headers={},                     cookies={}, auth=None, timeout=None, proxies=None, verify=False,                     debug=0 </msg>
<arg>consultarAPI</arg>
<arg>${URL}</arg>
<doc>Create Session: create a HTTP session to a server</doc>
<status status="PASS" start="2024-07-22T22:14:32.011439" elapsed="0.000398"/>
</kw>
<status status="PASS" start="2024-07-22T22:14:32.010390" elapsed="0.001822"/>
</kw>
<status status="PASS" start="2024-07-22T22:14:32.009758" elapsed="0.002658"/>
</test>
<test id="s1-s1-t2" name="Validar retorno 200 e JSON Válido" line="16">
<kw name="Teste de Requisicao Basica" owner="random-user-service">
<kw name="GET On Session" owner="RequestsLibrary">
<msg time="2024-07-22T22:14:32.208666" level="INFO">GET Request : url=https://randomuser.me/api 
 path_url=/api 
 headers={'User-Agent': 'python-requests/2.32.3', 'Accept-Encoding': 'gzip, deflate', 'Accept': '*/*', 'Connection': 'keep-alive'} 
 body=None 
 </msg>
<msg time="2024-07-22T22:14:32.208778" level="INFO">GET Response : url=https://randomuser.me/api 
 status=200, reason=OK 
 headers={'Date': 'Mon, 22 Jul 2024 22:14:32 GMT', 'Content-Type': 'application/json; charset=utf-8', 'Transfer-Encoding': 'chunked', 'Connection': 'keep-alive', 'X-Powered-By': 'Express', 'Access-Control-Allow-Origin': '*', 'Cache-Control': 'no-cache', 'ETag': 'W/"498-sR9uI39C0mceSUJeRI1N+7Ibg+k"', 'Vary': 'Accept-Encoding', 'Content-Encoding': 'gzip', 'CF-Cache-Status': 'DYNAMIC', 'Report-To': '{"endpoints":[{"url":"https:\\/\\/a.nel.cloudflare.com\\/report\\/v4?s=YdjN7m1ywRb%2Brogjib7sJyZySuVrKlJSXZvGajdlO8S0p3ErJ6BNwk%2BSa63ogYBBtqUhCANB%2B64TYr3rJwA6q%2FA9hBkaW8gzvCdZ3t6GsJ5p%2Bg8ivk%2FGt7mhKpPX3YYw"}],"group":"cf-nel","max_age":604800}', 'NEL': '{"success_fraction":0,"report_to":"cf-nel","max_age":604800}', 'Server': 'cloudflare', 'CF-RAY': '8a76c8c31ebc577e-IAD', 'alt-svc': 'h3=":443"; ma=86400'} 
 body={"results":[{"gender":"male","name":{"title":"Mr","first":"Oscar","last":"Muñoz"},"location":{"street":{"number":3928,"name":"Calle de Téllez"},"city":"Santiago de Compostela","state":"Asturias","country":"Spain","postcode":21460,"coordinates":{"latitude":"-34.4711","longitude":"-172.7729"},"timezone":{"offset":"+9:00","description":"Tokyo, Seoul, Osaka, Sapporo, Yakutsk"}},"email":"oscar.munoz@example.com","login":{"uuid":"c9e6bc22-c563-41f1-89ff-e77409796d1a","username":"yellowwolf933","password":"maria","salt":"Vtyme8fb","md5":"1205046bfcf004ed5d042d2050e86a6a","sha1":"2735f9b0edc3d53e89db473bfcbc6449cfc71a6d","sha256":"34d413a6b84d1b988f3ebc5c98f52002aa0accb6f6dcbcfa247b708ed7c0e057"},"dob":{"date":"1970-11-24T16:17:24.743Z","age":53},"registered":{"date":"2011-05-07T10:26:48.649Z","age":13},"phone":"905-463-806","cell":"619-619-815","id":{"name":"DNI","value":"62405493-C"},"picture":{"large":"https://randomuser.me/api/portraits/men/30.jpg","medium":"https://randomuser.me/api/portraits/med/men/30.jpg","thumbnail":"https://randomuser.me/api/portraits/thumb/men/30.jpg"},"nat":"ES"}],"info":{"seed":"b176b798233b3ad5","results":1,"page":1,"version":"1.4"}} 
 </msg>
<msg time="2024-07-22T22:14:32.208856" level="INFO">/opt/hostedtoolcache/Python/3.12.4/x64/lib/python3.12/site-packages/urllib3/connectionpool.py:1099: InsecureRequestWarning: Unverified HTTPS request is being made to host 'randomuser.me'. Adding certificate verification is strongly advised. See: https://urllib3.readthedocs.io/en/latest/advanced-usage.html#tls-warnings
  warnings.warn(</msg>
<msg time="2024-07-22T22:14:32.208974" level="INFO">${response} = &lt;Response [200]&gt;</msg>
<var>${response}</var>
<arg>consultarAPI</arg>
<arg>/api</arg>
<doc>Sends a GET request on a previously created HTTP Session.</doc>
<status status="PASS" start="2024-07-22T22:14:32.015127" elapsed="0.193885"/>
</kw>
<kw name="Should Be Equal As Numbers" owner="BuiltIn">
<msg time="2024-07-22T22:14:32.209874" level="INFO">Argument types are:
&lt;class 'int'&gt;
&lt;class 'str'&gt;</msg>
<arg>${response.status_code}</arg>
<arg>200</arg>
<doc>Fails if objects are unequal after converting them to real numbers.</doc>
<status status="PASS" start="2024-07-22T22:14:32.209457" elapsed="0.000482"/>
</kw>
<kw name="Log" owner="BuiltIn">
<msg time="2024-07-22T22:14:32.210608" level="INFO">200</msg>
<arg>${response.status_code}</arg>
<doc>Logs the given message with the given level.</doc>
<status status="PASS" start="2024-07-22T22:14:32.210255" elapsed="0.000396"/>
</kw>
<kw name="Set Variable" owner="BuiltIn">
<msg time="2024-07-22T22:14:32.211391" level="INFO">${json_data} = {'results': [{'gender': 'male', 'name': {'title': 'Mr', 'first': 'Oscar', 'last': 'Muñoz'}, 'location': {'street': {'number': 3928, 'name': 'Calle de Téllez'}, 'city': 'Santiago de Compostela', 'state...</msg>
<var>${json_data}</var>
<arg>${response.json()}</arg>
<doc>Returns the given values which can then be assigned to a variables.</doc>
<status status="PASS" start="2024-07-22T22:14:32.210956" elapsed="0.000464"/>
</kw>
<kw name="Dictionary Should Contain Key" owner="Collections">
<arg>${json_data}</arg>
<arg>results</arg>
<doc>Fails if ``key`` is not found from ``dictionary``.</doc>
<status status="PASS" start="2024-07-22T22:14:32.211730" elapsed="0.000307"/>
</kw>
<status status="PASS" start="2024-07-22T22:14:32.014879" elapsed="0.197315"/>
</kw>
<doc>Testa se a API responde corretamente e retorna um objeto JSON válido.</doc>
<tag>testeRequisicaoBasica</tag>
<status status="PASS" start="2024-07-22T22:14:32.014359" elapsed="0.197995"/>
</test>
<test id="s1-s1-t3" name="Validar estrutura de resposta" line="22">
<kw name="Teste de Estrutura de Resposta" owner="random-user-service">
<kw name="GET On Session" owner="RequestsLibrary">
<msg time="2024-07-22T22:14:32.317360" level="INFO">GET Request : url=https://randomuser.me/api 
 path_url=/api 
 headers={'User-Agent': 'python-requests/2.32.3', 'Accept-Encoding': 'gzip, deflate', 'Accept': '*/*', 'Connection': 'keep-alive'} 
 body=None 
 </msg>
<msg time="2024-07-22T22:14:32.317456" level="INFO">GET Response : url=https://randomuser.me/api 
 status=200, reason=OK 
 headers={'Date': 'Mon, 22 Jul 2024 22:14:32 GMT', 'Content-Type': 'application/json; charset=utf-8', 'Transfer-Encoding': 'chunked', 'Connection': 'keep-alive', 'X-Powered-By': 'Express', 'Access-Control-Allow-Origin': '*', 'Cache-Control': 'no-cache', 'ETag': 'W/"4a6-B+ce1dZIhxkDxe4tBF2fnp5/LsY"', 'Vary': 'Accept-Encoding', 'Content-Encoding': 'gzip', 'CF-Cache-Status': 'DYNAMIC', 'Report-To': '{"endpoints":[{"url":"https:\\/\\/a.nel.cloudflare.com\\/report\\/v4?s=KCC3MQodBeqiuvMHIn%2Fusg9we2J%2BuBVzRq7CT%2FqGeAkWVY4KCds74e%2FhmrEF%2FqDUPEVZgy3g0sHgy8Bf9zJOA5MYFf0Co4MrrnoLoOuaTzlDfA3pCY05qz1GN82WygTT"}],"group":"cf-nel","max_age":604800}', 'NEL': '{"success_fraction":0,"report_to":"cf-nel","max_age":604800}', 'Server': 'cloudflare', 'CF-RAY': '8a76c8c35ee2577e-IAD', 'alt-svc': 'h3=":443"; ma=86400'} 
 body={"results":[{"gender":"male","name":{"title":"Mr","first":"Imraan","last":"Sloots"},"location":{"street":{"number":6121,"name":"Helderse Duinen"},"city":"Hardinxveld-Giessendam","state":"Drenthe","country":"Netherlands","postcode":"5239 BP","coordinates":{"latitude":"37.4494","longitude":"-129.7047"},"timezone":{"offset":"+9:00","description":"Tokyo, Seoul, Osaka, Sapporo, Yakutsk"}},"email":"imraan.sloots@example.com","login":{"uuid":"6ae9b512-ebd8-4cd4-b5ec-339e237599f6","username":"whitepeacock322","password":"filthy","salt":"5S1FY2tQ","md5":"747950b0a77d6a069f2333865c368ad0","sha1":"c3b4eab8d5ca26b4e56d2a4c58bc3925ce171735","sha256":"b3acdc4bfa4d146cd566264467b172812fb0ce19eac22a891c75bc9cb9df50f5"},"dob":{"date":"1956-07-25T02:45:09.825Z","age":67},"registered":{"date":"2014-09-10T23:39:15.592Z","age":9},"phone":"(012) 4365943","cell":"(06) 75846495","id":{"name":"BSN","value":"64657663"},"picture":{"large":"https://randomuser.me/api/portraits/men/89.jpg","medium":"https://randomuser.me/api/portraits/med/men/89.jpg","thumbnail":"https://randomuser.me/api/portraits/thumb/men/89.jpg"},"nat":"NL"}],"info":{"seed":"f0cde9f78a7e91aa","results":1,"page":1,"version":"1.4"}} 
 </msg>
<msg time="2024-07-22T22:14:32.317555" level="INFO">/opt/hostedtoolcache/Python/3.12.4/x64/lib/python3.12/site-packages/urllib3/connectionpool.py:1099: InsecureRequestWarning: Unverified HTTPS request is being made to host 'randomuser.me'. Adding certificate verification is strongly advised. See: https://urllib3.readthedocs.io/en/latest/advanced-usage.html#tls-warnings
  warnings.warn(</msg>
<msg time="2024-07-22T22:14:32.317647" level="INFO">${response} = &lt;Response [200]&gt;</msg>
<var>${response}</var>
<arg>consultarAPI</arg>
<arg>/api</arg>
<doc>Sends a GET request on a previously created HTTP Session.</doc>
<status status="PASS" start="2024-07-22T22:14:32.214960" elapsed="0.102714"/>
</kw>
<kw name="Set Variable" owner="BuiltIn">
<msg time="2024-07-22T22:14:32.318500" level="INFO">${json_data} = {'results': [{'gender': 'male', 'name': {'title': 'Mr', 'first': 'Imraan', 'last': 'Sloots'}, 'location': {'street': {'number': 6121, 'name': 'Helderse Duinen'}, 'city': 'Hardinxveld-Giessendam', 'sta...</msg>
<var>${json_data}</var>
<arg>${response.json()}</arg>
<doc>Returns the given values which can then be assigned to a variables.</doc>
<status status="PASS" start="2024-07-22T22:14:32.318055" elapsed="0.000476"/>
</kw>
<kw name="Log" owner="BuiltIn">
<msg time="2024-07-22T22:14:32.318995" level="INFO">{'results': [{'gender': 'male', 'name': {'title': 'Mr', 'first': 'Imraan', 'last': 'Sloots'}, 'location': {'street': {'number': 6121, 'name': 'Helderse Duinen'}, 'city': 'Hardinxveld-Giessendam', 'state': 'Drenthe', 'country': 'Netherlands', 'postcode': '5239 BP', 'coordinates': {'latitude': '37.4494', 'longitude': '-129.7047'}, 'timezone': {'offset': '+9:00', 'description': 'Tokyo, Seoul, Osaka, Sapporo, Yakutsk'}}, 'email': 'imraan.sloots@example.com', 'login': {'uuid': '6ae9b512-ebd8-4cd4-b5ec-339e237599f6', 'username': 'whitepeacock322', 'password': 'filthy', 'salt': '5S1FY2tQ', 'md5': '747950b0a77d6a069f2333865c368ad0', 'sha1': 'c3b4eab8d5ca26b4e56d2a4c58bc3925ce171735', 'sha256': 'b3acdc4bfa4d146cd566264467b172812fb0ce19eac22a891c75bc9cb9df50f5'}, 'dob': {'date': '1956-07-25T02:45:09.825Z', 'age': 67}, 'registered': {'date': '2014-09-10T23:39:15.592Z', 'age': 9}, 'phone': '(012) 4365943', 'cell': '(06) 75846495', 'id': {'name': 'BSN', 'value': '64657663'}, 'picture': {'large': 'https://randomuser.me/api/portraits/men/89.jpg', 'medium': 'https://randomuser.me/api/portraits/med/men/89.jpg', 'thumbnail': 'https://randomuser.me/api/portraits/thumb/men/89.jpg'}, 'nat': 'NL'}], 'info': {'seed': 'f0cde9f78a7e91aa', 'results': 1, 'page': 1, 'version': '1.4'}}</msg>
<arg>${json_data}</arg>
<doc>Logs the given message with the given level.</doc>
<status status="PASS" start="2024-07-22T22:14:32.318835" elapsed="0.000212"/>
</kw>
<kw name="Dictionary Should Contain Key" owner="Collections">
<arg>${json_data}</arg>
<arg>results</arg>
<doc>Fails if ``key`` is not found from ``dictionary``.</doc>
<status status="PASS" start="2024-07-22T22:14:32.319340" elapsed="0.000157"/>
</kw>
<kw name="Should Not Be Empty" owner="BuiltIn">
<msg time="2024-07-22T22:14:32.319815" level="INFO">Length is 2.</msg>
<arg>${json_data}</arg>
<doc>Verifies that the given item is not empty.</doc>
<status status="PASS" start="2024-07-22T22:14:32.319690" elapsed="0.000164"/>
</kw>
<kw name="Create List" owner="BuiltIn">
<msg time="2024-07-22T22:14:32.320295" level="INFO">${expected_keys} = ['gender', 'name', 'location', 'email', 'login']</msg>
<var>${expected_keys}</var>
<arg>gender</arg>
<arg>name</arg>
<arg>location</arg>
<arg>email</arg>
<arg>login</arg>
<doc>Returns a list containing given items.</doc>
<status status="PASS" start="2024-07-22T22:14:32.320145" elapsed="0.000174"/>
</kw>
<for flavor="IN">
<iter>
<kw name="Dictionary Should Contain Key" owner="Collections">
<arg>${json_data['results'][0]}</arg>
<arg>${key}</arg>
<doc>Fails if ``key`` is not found from ``dictionary``.</doc>
<status status="PASS" start="2024-07-22T22:14:32.320891" elapsed="0.000405"/>
</kw>
<kw name="Log" owner="BuiltIn">
<msg time="2024-07-22T22:14:32.321886" level="INFO">{'gender': 'male', 'name': {'title': 'Mr', 'first': 'Imraan', 'last': 'Sloots'}, 'location': {'street': {'number': 6121, 'name': 'Helderse Duinen'}, 'city': 'Hardinxveld-Giessendam', 'state': 'Drenthe', 'country': 'Netherlands', 'postcode': '5239 BP', 'coordinates': {'latitude': '37.4494', 'longitude': '-129.7047'}, 'timezone': {'offset': '+9:00', 'description': 'Tokyo, Seoul, Osaka, Sapporo, Yakutsk'}}, 'email': 'imraan.sloots@example.com', 'login': {'uuid': '6ae9b512-ebd8-4cd4-b5ec-339e237599f6', 'username': 'whitepeacock322', 'password': 'filthy', 'salt': '5S1FY2tQ', 'md5': '747950b0a77d6a069f2333865c368ad0', 'sha1': 'c3b4eab8d5ca26b4e56d2a4c58bc3925ce171735', 'sha256': 'b3acdc4bfa4d146cd566264467b172812fb0ce19eac22a891c75bc9cb9df50f5'}, 'dob': {'date': '1956-07-25T02:45:09.825Z', 'age': 67}, 'registered': {'date': '2014-09-10T23:39:15.592Z', 'age': 9}, 'phone': '(012) 4365943', 'cell': '(06) 75846495', 'id': {'name': 'BSN', 'value': '64657663'}, 'picture': {'large': 'https://randomuser.me/api/portraits/men/89.jpg', 'medium': 'https://randomuser.me/api/portraits/med/men/89.jpg', 'thumbnail': 'https://randomuser.me/api/portraits/thumb/men/89.jpg'}, 'nat': 'NL'}</msg>
<arg>${json_data['results'][0]}</arg>
<doc>Logs the given message with the given level.</doc>
<status status="PASS" start="2024-07-22T22:14:32.321528" elapsed="0.000408"/>
</kw>
<kw name="Log" owner="BuiltIn">
<msg time="2024-07-22T22:14:32.322358" level="INFO">gender</msg>
<arg>${key}</arg>
<doc>Logs the given message with the given level.</doc>
<status status="PASS" start="2024-07-22T22:14:32.322230" elapsed="0.000167"/>
</kw>
<var name="${key}">gender</var>
<status status="PASS" start="2024-07-22T22:14:32.320763" elapsed="0.001853"/>
</iter>
<iter>
<kw name="Dictionary Should Contain Key" owner="Collections">
<arg>${json_data['results'][0]}</arg>
<arg>${key}</arg>
<doc>Fails if ``key`` is not found from ``dictionary``.</doc>
<status status="PASS" start="2024-07-22T22:14:32.322924" elapsed="0.000392"/>
</kw>
<kw name="Log" owner="BuiltIn">
<msg time="2024-07-22T22:14:32.323907" level="INFO">{'gender': 'male', 'name': {'title': 'Mr', 'first': 'Imraan', 'last': 'Sloots'}, 'location': {'street': {'number': 6121, 'name': 'Helderse Duinen'}, 'city': 'Hardinxveld-Giessendam', 'state': 'Drenthe', 'country': 'Netherlands', 'postcode': '5239 BP', 'coordinates': {'latitude': '37.4494', 'longitude': '-129.7047'}, 'timezone': {'offset': '+9:00', 'description': 'Tokyo, Seoul, Osaka, Sapporo, Yakutsk'}}, 'email': 'imraan.sloots@example.com', 'login': {'uuid': '6ae9b512-ebd8-4cd4-b5ec-339e237599f6', 'username': 'whitepeacock322', 'password': 'filthy', 'salt': '5S1FY2tQ', 'md5': '747950b0a77d6a069f2333865c368ad0', 'sha1': 'c3b4eab8d5ca26b4e56d2a4c58bc3925ce171735', 'sha256': 'b3acdc4bfa4d146cd566264467b172812fb0ce19eac22a891c75bc9cb9df50f5'}, 'dob': {'date': '1956-07-25T02:45:09.825Z', 'age': 67}, 'registered': {'date': '2014-09-10T23:39:15.592Z', 'age': 9}, 'phone': '(012) 4365943', 'cell': '(06) 75846495', 'id': {'name': 'BSN', 'value': '64657663'}, 'picture': {'large': 'https://randomuser.me/api/portraits/men/89.jpg', 'medium': 'https://randomuser.me/api/portraits/med/men/89.jpg', 'thumbnail': 'https://randomuser.me/api/portraits/thumb/men/89.jpg'}, 'nat': 'NL'}</msg>
<arg>${json_data['results'][0]}</arg>
<doc>Logs the given message with the given level.</doc>
<status status="PASS" start="2024-07-22T22:14:32.323543" elapsed="0.000412"/>
</kw>
<kw name="Log" owner="BuiltIn">
<msg time="2024-07-22T22:14:32.324381" level="INFO">name</msg>
<arg>${key}</arg>
<doc>Logs the given message with the given level.</doc>
<status status="PASS" start="2024-07-22T22:14:32.324248" elapsed="0.000172"/>
</kw>
<var name="${key}">name</var>
<status status="PASS" start="2024-07-22T22:14:32.322802" elapsed="0.001835"/>
</iter>
<iter>
<kw name="Dictionary Should Contain Key" owner="Collections">
<arg>${json_data['results'][0]}</arg>
<arg>${key}</arg>
<doc>Fails if ``key`` is not found from ``dictionary``.</doc>
<status status="PASS" start="2024-07-22T22:14:32.324926" elapsed="0.000389"/>
</kw>
<kw name="Log" owner="BuiltIn">
<msg time="2024-07-22T22:14:32.325938" level="INFO">{'gender': 'male', 'name': {'title': 'Mr', 'first': 'Imraan', 'last': 'Sloots'}, 'location': {'street': {'number': 6121, 'name': 'Helderse Duinen'}, 'city': 'Hardinxveld-Giessendam', 'state': 'Drenthe', 'country': 'Netherlands', 'postcode': '5239 BP', 'coordinates': {'latitude': '37.4494', 'longitude': '-129.7047'}, 'timezone': {'offset': '+9:00', 'description': 'Tokyo, Seoul, Osaka, Sapporo, Yakutsk'}}, 'email': 'imraan.sloots@example.com', 'login': {'uuid': '6ae9b512-ebd8-4cd4-b5ec-339e237599f6', 'username': 'whitepeacock322', 'password': 'filthy', 'salt': '5S1FY2tQ', 'md5': '747950b0a77d6a069f2333865c368ad0', 'sha1': 'c3b4eab8d5ca26b4e56d2a4c58bc3925ce171735', 'sha256': 'b3acdc4bfa4d146cd566264467b172812fb0ce19eac22a891c75bc9cb9df50f5'}, 'dob': {'date': '1956-07-25T02:45:09.825Z', 'age': 67}, 'registered': {'date': '2014-09-10T23:39:15.592Z', 'age': 9}, 'phone': '(012) 4365943', 'cell': '(06) 75846495', 'id': {'name': 'BSN', 'value': '64657663'}, 'picture': {'large': 'https://randomuser.me/api/portraits/men/89.jpg', 'medium': 'https://randomuser.me/api/portraits/med/men/89.jpg', 'thumbnail': 'https://randomuser.me/api/portraits/thumb/men/89.jpg'}, 'nat': 'NL'}</msg>
<arg>${json_data['results'][0]}</arg>
<doc>Logs the given message with the given level.</doc>
<status status="PASS" start="2024-07-22T22:14:32.325539" elapsed="0.000447"/>
</kw>
<kw name="Log" owner="BuiltIn">
<msg time="2024-07-22T22:14:32.326413" level="INFO">location</msg>
<arg>${key}</arg>
<doc>Logs the given message with the given level.</doc>
<status status="PASS" start="2024-07-22T22:14:32.326285" elapsed="0.000165"/>
</kw>
<var name="${key}">location</var>
<status status="PASS" start="2024-07-22T22:14:32.324815" elapsed="0.001848"/>
</iter>
<iter>
<kw name="Dictionary Should Contain Key" owner="Collections">
<arg>${json_data['results'][0]}</arg>
<arg>${key}</arg>
<doc>Fails if ``key`` is not found from ``dictionary``.</doc>
<status status="PASS" start="2024-07-22T22:14:32.326949" elapsed="0.000380"/>
</kw>
<kw name="Log" owner="BuiltIn">
<msg time="2024-07-22T22:14:32.327983" level="INFO">{'gender': 'male', 'name': {'title': 'Mr', 'first': 'Imraan', 'last': 'Sloots'}, 'location': {'street': {'number': 6121, 'name': 'Helderse Duinen'}, 'city': 'Hardinxveld-Giessendam', 'state': 'Drenthe', 'country': 'Netherlands', 'postcode': '5239 BP', 'coordinates': {'latitude': '37.4494', 'longitude': '-129.7047'}, 'timezone': {'offset': '+9:00', 'description': 'Tokyo, Seoul, Osaka, Sapporo, Yakutsk'}}, 'email': 'imraan.sloots@example.com', 'login': {'uuid': '6ae9b512-ebd8-4cd4-b5ec-339e237599f6', 'username': 'whitepeacock322', 'password': 'filthy', 'salt': '5S1FY2tQ', 'md5': '747950b0a77d6a069f2333865c368ad0', 'sha1': 'c3b4eab8d5ca26b4e56d2a4c58bc3925ce171735', 'sha256': 'b3acdc4bfa4d146cd566264467b172812fb0ce19eac22a891c75bc9cb9df50f5'}, 'dob': {'date': '1956-07-25T02:45:09.825Z', 'age': 67}, 'registered': {'date': '2014-09-10T23:39:15.592Z', 'age': 9}, 'phone': '(012) 4365943', 'cell': '(06) 75846495', 'id': {'name': 'BSN', 'value': '64657663'}, 'picture': {'large': 'https://randomuser.me/api/portraits/men/89.jpg', 'medium': 'https://randomuser.me/api/portraits/med/men/89.jpg', 'thumbnail': 'https://randomuser.me/api/portraits/thumb/men/89.jpg'}, 'nat': 'NL'}</msg>
<arg>${json_data['results'][0]}</arg>
<doc>Logs the given message with the given level.</doc>
<status status="PASS" start="2024-07-22T22:14:32.327628" elapsed="0.000404"/>
</kw>
<kw name="Log" owner="BuiltIn">
<msg time="2024-07-22T22:14:32.328459" level="INFO">email</msg>
<arg>${key}</arg>
<doc>Logs the given message with the given level.</doc>
<status status="PASS" start="2024-07-22T22:14:32.328329" elapsed="0.000168"/>
</kw>
<var name="${key}">email</var>
<status status="PASS" start="2024-07-22T22:14:32.326842" elapsed="0.001869"/>
</iter>
<iter>
<kw name="Dictionary Should Contain Key" owner="Collections">
<arg>${json_data['results'][0]}</arg>
<arg>${key}</arg>
<doc>Fails if ``key`` is not found from ``dictionary``.</doc>
<status status="PASS" start="2024-07-22T22:14:32.328995" elapsed="0.000374"/>
</kw>
<kw name="Log" owner="BuiltIn">
<msg time="2024-07-22T22:14:32.329934" level="INFO">{'gender': 'male', 'name': {'title': 'Mr', 'first': 'Imraan', 'last': 'Sloots'}, 'location': {'street': {'number': 6121, 'name': 'Helderse Duinen'}, 'city': 'Hardinxveld-Giessendam', 'state': 'Drenthe', 'country': 'Netherlands', 'postcode': '5239 BP', 'coordinates': {'latitude': '37.4494', 'longitude': '-129.7047'}, 'timezone': {'offset': '+9:00', 'description': 'Tokyo, Seoul, Osaka, Sapporo, Yakutsk'}}, 'email': 'imraan.sloots@example.com', 'login': {'uuid': '6ae9b512-ebd8-4cd4-b5ec-339e237599f6', 'username': 'whitepeacock322', 'password': 'filthy', 'salt': '5S1FY2tQ', 'md5': '747950b0a77d6a069f2333865c368ad0', 'sha1': 'c3b4eab8d5ca26b4e56d2a4c58bc3925ce171735', 'sha256': 'b3acdc4bfa4d146cd566264467b172812fb0ce19eac22a891c75bc9cb9df50f5'}, 'dob': {'date': '1956-07-25T02:45:09.825Z', 'age': 67}, 'registered': {'date': '2014-09-10T23:39:15.592Z', 'age': 9}, 'phone': '(012) 4365943', 'cell': '(06) 75846495', 'id': {'name': 'BSN', 'value': '64657663'}, 'picture': {'large': 'https://randomuser.me/api/portraits/men/89.jpg', 'medium': 'https://randomuser.me/api/portraits/med/men/89.jpg', 'thumbnail': 'https://randomuser.me/api/portraits/thumb/men/89.jpg'}, 'nat': 'NL'}</msg>
<arg>${json_data['results'][0]}</arg>
<doc>Logs the given message with the given level.</doc>
<status status="PASS" start="2024-07-22T22:14:32.329583" elapsed="0.000399"/>
</kw>
<kw name="Log" owner="BuiltIn">
<msg time="2024-07-22T22:14:32.330407" level="INFO">login</msg>
<arg>${key}</arg>
<doc>Logs the given message with the given level.</doc>
<status status="PASS" start="2024-07-22T22:14:32.330280" elapsed="0.000164"/>
</kw>
<var name="${key}">login</var>
<status status="PASS" start="2024-07-22T22:14:32.328885" elapsed="0.001769"/>
</iter>
<var>${key}</var>
<value>@{expected_keys}</value>
<status status="PASS" start="2024-07-22T22:14:32.320578" elapsed="0.010196"/>
</for>
<kw name="Create List" owner="BuiltIn">
<msg time="2024-07-22T22:14:32.331137" level="INFO">${expected_keysTwo} = ['username', 'password']</msg>
<var>${expected_keysTwo}</var>
<arg>username</arg>
<arg>password</arg>
<doc>Returns a list containing given items.</doc>
<status status="PASS" start="2024-07-22T22:14:32.331000" elapsed="0.000162"/>
</kw>
<for flavor="IN">
<iter>
<kw name="Dictionary Should Contain Key" owner="Collections">
<arg>${json_data['results'][0]['login']}</arg>
<arg>${keyTwo}</arg>
<doc>Fails if ``key`` is not found from ``dictionary``.</doc>
<status status="PASS" start="2024-07-22T22:14:32.331656" elapsed="0.000389"/>
</kw>
<kw name="Dictionary Should Contain Key" owner="Collections">
<arg>${json_data['results'][0]['login']}</arg>
<arg>${keyTwo}</arg>
<doc>Fails if ``key`` is not found from ``dictionary``.</doc>
<status status="PASS" start="2024-07-22T22:14:32.332224" elapsed="0.000371"/>
</kw>
<kw name="Log" owner="BuiltIn">
<msg time="2024-07-22T22:14:32.332892" level="INFO">username</msg>
<arg>${keyTwo}</arg>
<doc>Logs the given message with the given level.</doc>
<status status="PASS" start="2024-07-22T22:14:32.332771" elapsed="0.000158"/>
</kw>
<var name="${keyTwo}">username</var>
<status status="PASS" start="2024-07-22T22:14:32.331549" elapsed="0.001597"/>
</iter>
<iter>
<kw name="Dictionary Should Contain Key" owner="Collections">
<arg>${json_data['results'][0]['login']}</arg>
<arg>${keyTwo}</arg>
<doc>Fails if ``key`` is not found from ``dictionary``.</doc>
<status status="PASS" start="2024-07-22T22:14:32.333461" elapsed="0.000378"/>
</kw>
<kw name="Dictionary Should Contain Key" owner="Collections">
<arg>${json_data['results'][0]['login']}</arg>
<arg>${keyTwo}</arg>
<doc>Fails if ``key`` is not found from ``dictionary``.</doc>
<status status="PASS" start="2024-07-22T22:14:32.334014" elapsed="0.000391"/>
</kw>
<kw name="Log" owner="BuiltIn">
<msg time="2024-07-22T22:14:32.334721" level="INFO">password</msg>
<arg>${keyTwo}</arg>
<doc>Logs the given message with the given level.</doc>
<status status="PASS" start="2024-07-22T22:14:32.334596" elapsed="0.000162"/>
</kw>
<var name="${keyTwo}">password</var>
<status status="PASS" start="2024-07-22T22:14:32.333320" elapsed="0.001656"/>
</iter>
<var>${keyTwo}</var>
<value>@{expected_keysTwo}</value>
<status status="PASS" start="2024-07-22T22:14:32.331397" elapsed="0.003698"/>
</for>
<status status="PASS" start="2024-07-22T22:14:32.214710" elapsed="0.120521"/>
</kw>
<doc>Testa a estrutura da resposta da API.</doc>
<tag>testeEstruturaResposta</tag>
<status status="PASS" start="2024-07-22T22:14:32.214218" elapsed="0.121171"/>
</test>
<test id="s1-s1-t4" name="Validar tipos de dados" line="28">
<kw name="Teste de Tipos de Dados" owner="random-user-service">
<kw name="GET On Session" owner="RequestsLibrary">
<msg time="2024-07-22T22:14:32.416322" level="INFO">GET Request : url=https://randomuser.me/api 
 path_url=/api 
 headers={'User-Agent': 'python-requests/2.32.3', 'Accept-Encoding': 'gzip, deflate', 'Accept': '*/*', 'Connection': 'keep-alive'} 
 body=None 
 </msg>
<msg time="2024-07-22T22:14:32.416411" level="INFO">GET Response : url=https://randomuser.me/api 
 status=200, reason=OK 
 headers={'Date': 'Mon, 22 Jul 2024 22:14:32 GMT', 'Content-Type': 'application/json; charset=utf-8', 'Transfer-Encoding': 'chunked', 'Connection': 'keep-alive', 'X-Powered-By': 'Express', 'Access-Control-Allow-Origin': '*', 'Cache-Control': 'no-cache', 'ETag': 'W/"487-bY+WezFF95+c7w3o1NRhpfdp6XA"', 'Vary': 'Accept-Encoding', 'Content-Encoding': 'gzip', 'CF-Cache-Status': 'DYNAMIC', 'Report-To': '{"endpoints":[{"url":"https:\\/\\/a.nel.cloudflare.com\\/report\\/v4?s=dHkW2noV0J%2FbKF0y4L%2Bsgp%2Fz%2F8cXalZrLJo1wHXqt9czkkH%2BLPg7igCoBQe9rS7JuTjPf6n%2BhOfXahnqw7O8nIcMdPQ5RX%2FwvdIyxjgZXT03NYBH7OhohrzV9E5OTVOk"}],"group":"cf-nel","max_age":604800}', 'NEL': '{"success_fraction":0,"report_to":"cf-nel","max_age":604800}', 'Server': 'cloudflare', 'CF-RAY': '8a76c8c42f83577e-IAD', 'alt-svc': 'h3=":443"; ma=86400'} 
 body={"results":[{"gender":"male","name":{"title":"Mr","first":"Hugh","last":"Gordon"},"location":{"street":{"number":7990,"name":"W Belt Line Rd"},"city":"Van Alstyne","state":"Montana","country":"United States","postcode":75731,"coordinates":{"latitude":"86.9027","longitude":"-54.7788"},"timezone":{"offset":"-12:00","description":"Eniwetok, Kwajalein"}},"email":"hugh.gordon@example.com","login":{"uuid":"650cde8b-a64b-4878-83f3-dc255c28a5f7","username":"yellowduck845","password":"colleen","salt":"OAsSFDGp","md5":"21d3ec4ac62e43514812a739933cc4bb","sha1":"b8fb9fa53a702ea408117776a6880c093b8e6eff","sha256":"7f4694cc0c935a6a9c0c57da86bcac357a22deef9b885bf4e0ecc30b595bd89f"},"dob":{"date":"1989-12-14T03:00:29.983Z","age":34},"registered":{"date":"2005-02-02T03:25:31.133Z","age":19},"phone":"(471) 663-9408","cell":"(816) 429-2510","id":{"name":"SSN","value":"471-83-9324"},"picture":{"large":"https://randomuser.me/api/portraits/men/37.jpg","medium":"https://randomuser.me/api/portraits/med/men/37.jpg","thumbnail":"https://randomuser.me/api/portraits/thumb/men/37.jpg"},"nat":"US"}],"info":{"seed":"4a64cea996744131","results":1,"page":1,"version":"1.4"}} 
 </msg>
<msg time="2024-07-22T22:14:32.416485" level="INFO">/opt/hostedtoolcache/Python/3.12.4/x64/lib/python3.12/site-packages/urllib3/connectionpool.py:1099: InsecureRequestWarning: Unverified HTTPS request is being made to host 'randomuser.me'. Adding certificate verification is strongly advised. See: https://urllib3.readthedocs.io/en/latest/advanced-usage.html#tls-warnings
  warnings.warn(</msg>
<msg time="2024-07-22T22:14:32.416605" level="INFO">${response} = &lt;Response [200]&gt;</msg>
<var>${response}</var>
<arg>consultarAPI</arg>
<arg>/api</arg>
<doc>Sends a GET request on a previously created HTTP Session.</doc>
<status status="PASS" start="2024-07-22T22:14:32.337902" elapsed="0.078743"/>
</kw>
<kw name="Set Variable" owner="BuiltIn">
<msg time="2024-07-22T22:14:32.417584" level="INFO">${json_data} = {'results': [{'gender': 'male', 'name': {'title': 'Mr', 'first': 'Hugh', 'last': 'Gordon'}, 'location': {'street': {'number': 7990, 'name': 'W Belt Line Rd'}, 'city': 'Van Alstyne', 'state': 'Montana'...</msg>
<var>${json_data}</var>
<arg>${response.json()}</arg>
<doc>Returns the given values which can then be assigned to a variables.</doc>
<status status="PASS" start="2024-07-22T22:14:32.417098" elapsed="0.000515"/>
</kw>
<kw name="Log" owner="BuiltIn">
<msg time="2024-07-22T22:14:32.418061" level="INFO">{'results': [{'gender': 'male', 'name': {'title': 'Mr', 'first': 'Hugh', 'last': 'Gordon'}, 'location': {'street': {'number': 7990, 'name': 'W Belt Line Rd'}, 'city': 'Van Alstyne', 'state': 'Montana', 'country': 'United States', 'postcode': 75731, 'coordinates': {'latitude': '86.9027', 'longitude': '-54.7788'}, 'timezone': {'offset': '-12:00', 'description': 'Eniwetok, Kwajalein'}}, 'email': 'hugh.gordon@example.com', 'login': {'uuid': '650cde8b-a64b-4878-83f3-dc255c28a5f7', 'username': 'yellowduck845', 'password': 'colleen', 'salt': 'OAsSFDGp', 'md5': '21d3ec4ac62e43514812a739933cc4bb', 'sha1': 'b8fb9fa53a702ea408117776a6880c093b8e6eff', 'sha256': '7f4694cc0c935a6a9c0c57da86bcac357a22deef9b885bf4e0ecc30b595bd89f'}, 'dob': {'date': '1989-12-14T03:00:29.983Z', 'age': 34}, 'registered': {'date': '2005-02-02T03:25:31.133Z', 'age': 19}, 'phone': '(471) 663-9408', 'cell': '(816) 429-2510', 'id': {'name': 'SSN', 'value': '471-83-9324'}, 'picture': {'large': 'https://randomuser.me/api/portraits/men/37.jpg', 'medium': 'https://randomuser.me/api/portraits/med/men/37.jpg', 'thumbnail': 'https://randomuser.me/api/portraits/thumb/men/37.jpg'}, 'nat': 'US'}], 'info': {'seed': '4a64cea996744131', 'results': 1, 'page': 1, 'version': '1.4'}}</msg>
<arg>${json_data}</arg>
<doc>Logs the given message with the given level.</doc>
<status status="PASS" start="2024-07-22T22:14:32.417912" elapsed="0.000194"/>
</kw>
<kw name="Should Be String" owner="String">
<arg>${json_data['results'][0]['gender']}</arg>
<doc>Fails if the given ``item`` is not a string.</doc>
<status status="PASS" start="2024-07-22T22:14:32.418392" elapsed="0.000366"/>
</kw>
<kw name="Should Match Regexp" owner="BuiltIn">
<arg>${json_data['results'][0]['email']}</arg>
<arg>^[a-zA-Z0-9._%+-]+@[a-zA-Z0-9.-]+\.[a-zA-Z]{2,}$</arg>
<doc>Fails if ``string`` does not match ``pattern`` as a regular expression.</doc>
<status status="PASS" start="2024-07-22T22:14:32.418976" elapsed="0.000502"/>
</kw>
<kw name="Should Match Regexp" owner="BuiltIn">
<arg>${json_data['results'][0]['dob']['date']}</arg>
<arg>\\d{4}-\\d{2}-\\d{2}T\\d{2}:\\d{2}:\\d{2}\\.\\d{3}Z</arg>
<doc>Fails if ``string`` does not match ``pattern`` as a regular expression.</doc>
<status status="PASS" start="2024-07-22T22:14:32.419670" elapsed="0.000590"/>
</kw>
<kw name="Should Match Regexp" owner="BuiltIn">
<arg>${json_data['results'][0]['registered']['date']}</arg>
<arg>\\d{4}-\\d{2}-\\d{2}T\\d{2}:\\d{2}:\\d{2}\\.\\d{3}Z</arg>
<doc>Fails if ``string`` does not match ``pattern`` as a regular expression.</doc>
<status status="PASS" start="2024-07-22T22:14:32.420451" elapsed="0.000366"/>
</kw>
<kw name="Should Match Regexp" owner="BuiltIn">
<arg>${json_data['results'][0]['picture']['large']}</arg>
<arg>^https?://.*\.(?:png|jpe?g|gif|bmp)$</arg>
<doc>Fails if ``string`` does not match ``pattern`` as a regular expression.</doc>
<status status="PASS" start="2024-07-22T22:14:32.421000" elapsed="0.000480"/>
</kw>
<kw name="Should Match Regexp" owner="BuiltIn">
<arg>${json_data['results'][0]['picture']['medium']}</arg>
<arg>^https?://.*\.(?:png|jpe?g|gif|bmp)$</arg>
<doc>Fails if ``string`` does not match ``pattern`` as a regular expression.</doc>
<status status="PASS" start="2024-07-22T22:14:32.421670" elapsed="0.000357"/>
</kw>
<kw name="Should Match Regexp" owner="BuiltIn">
<arg>${json_data['results'][0]['picture']['thumbnail']}</arg>
<arg>^https?://.*\.(?:png|jpe?g|gif|bmp)$</arg>
<doc>Fails if ``string`` does not match ``pattern`` as a regular expression.</doc>
<status status="PASS" start="2024-07-22T22:14:32.422210" elapsed="0.000352"/>
</kw>
<kw name="Log" owner="BuiltIn">
<msg time="2024-07-22T22:14:32.423065" level="INFO">{'large': 'https://randomuser.me/api/portraits/men/37.jpg', 'medium': 'https://randomuser.me/api/portraits/med/men/37.jpg', 'thumbnail': 'https://randomuser.me/api/portraits/thumb/men/37.jpg'}</msg>
<arg>${json_data['results'][0]['picture']}</arg>
<doc>Logs the given message with the given level.</doc>
<status status="PASS" start="2024-07-22T22:14:32.422743" elapsed="0.000364"/>
</kw>
<status status="PASS" start="2024-07-22T22:14:32.337682" elapsed="0.085676"/>
</kw>
<kw name="Teste de Tipos de Dados - Postcode" owner="random-user-service">
<kw name="GET On Session" owner="RequestsLibrary">
<msg time="2024-07-22T22:14:32.506220" level="INFO">GET Request : url=https://randomuser.me/api 
 path_url=/api 
 headers={'User-Agent': 'python-requests/2.32.3', 'Accept-Encoding': 'gzip, deflate', 'Accept': '*/*', 'Connection': 'keep-alive'} 
 body=None 
 </msg>
<msg time="2024-07-22T22:14:32.506281" level="INFO">GET Response : url=https://randomuser.me/api 
 status=200, reason=OK 
 headers={'Date': 'Mon, 22 Jul 2024 22:14:32 GMT', 'Content-Type': 'application/json; charset=utf-8', 'Transfer-Encoding': 'chunked', 'Connection': 'keep-alive', 'X-Powered-By': 'Express', 'Access-Control-Allow-Origin': '*', 'Cache-Control': 'no-cache', 'ETag': 'W/"484-uLTm/aF+stg7THBo3UKmAVnkEeA"', 'Vary': 'Accept-Encoding', 'Content-Encoding': 'gzip', 'CF-Cache-Status': 'DYNAMIC', 'Report-To': '{"endpoints":[{"url":"https:\\/\\/a.nel.cloudflare.com\\/report\\/v4?s=dyeC3IZDMngjgDjGPzXLtBcaDDr54b29ahoTZgFrBsuXzbNDgQgc7qcBgTefnyY%2BhUfSftz0AtL6oYxExtQMUVDJVLEDrMjl%2BduiygFe%2FCAr16ZnCUQaqebnFa68a400"}],"group":"cf-nel","max_age":604800}', 'NEL': '{"success_fraction":0,"report_to":"cf-nel","max_age":604800}', 'Server': 'cloudflare', 'CF-RAY': '8a76c8c4afe7577e-IAD', 'alt-svc': 'h3=":443"; ma=86400'} 
 body={"results":[{"gender":"male","name":{"title":"Mr","first":"Jasper","last":"Lewis"},"location":{"street":{"number":1974,"name":"Elliot Street"},"city":"Rotorua","state":"Wellington","country":"New Zealand","postcode":17862,"coordinates":{"latitude":"50.7919","longitude":"-72.0259"},"timezone":{"offset":"+8:00","description":"Beijing, Perth, Singapore, Hong Kong"}},"email":"jasper.lewis@example.com","login":{"uuid":"87d33ae1-d7b9-4268-a112-775a1928b040","username":"bigdog509","password":"antony","salt":"2DQMkxIz","md5":"5c3c48a3b0c8c69db4558e0bb94ea71e","sha1":"651940d3369c762fc2f38dfb854cbe6bb7eb9735","sha256":"c24255821ab2b6a39dd0e7a57f7798bac1612ff9acbe7ace60b1c7217035af13"},"dob":{"date":"1970-09-16T11:39:43.881Z","age":53},"registered":{"date":"2008-08-19T10:16:30.275Z","age":15},"phone":"(051)-570-2017","cell":"(280)-110-3044","id":{"name":"","value":null},"picture":{"large":"https://randomuser.me/api/portraits/men/64.jpg","medium":"https://randomuser.me/api/portraits/med/men/64.jpg","thumbnail":"https://randomuser.me/api/portraits/thumb/men/64.jpg"},"nat":"NZ"}],"info":{"seed":"a86a019fdd98b5db","results":1,"page":1,"version":"1.4"}} 
 </msg>
<msg time="2024-07-22T22:14:32.506336" level="INFO">/opt/hostedtoolcache/Python/3.12.4/x64/lib/python3.12/site-packages/urllib3/connectionpool.py:1099: InsecureRequestWarning: Unverified HTTPS request is being made to host 'randomuser.me'. Adding certificate verification is strongly advised. See: https://urllib3.readthedocs.io/en/latest/advanced-usage.html#tls-warnings
  warnings.warn(</msg>
<msg time="2024-07-22T22:14:32.506418" level="INFO">${response} = &lt;Response [200]&gt;</msg>
<var>${response}</var>
<arg>consultarAPI</arg>
<arg>/api</arg>
<doc>Sends a GET request on a previously created HTTP Session.</doc>
<status status="PASS" start="2024-07-22T22:14:32.423775" elapsed="0.082674"/>
</kw>
<kw name="Set Variable" owner="BuiltIn">
<msg time="2024-07-22T22:14:32.507267" level="INFO">${json_data} = {'results': [{'gender': 'male', 'name': {'title': 'Mr', 'first': 'Jasper', 'last': 'Lewis'}, 'location': {'street': {'number': 1974, 'name': 'Elliot Street'}, 'city': 'Rotorua', 'state': 'Wellington',...</msg>
<var>${json_data}</var>
<arg>${response.json()}</arg>
<doc>Returns the given values which can then be assigned to a variables.</doc>
<status status="PASS" start="2024-07-22T22:14:32.506806" elapsed="0.000489"/>
</kw>
<kw name="Log" owner="BuiltIn">
<msg time="2024-07-22T22:14:32.507759" level="INFO">{'results': [{'gender': 'male', 'name': {'title': 'Mr', 'first': 'Jasper', 'last': 'Lewis'}, 'location': {'street': {'number': 1974, 'name': 'Elliot Street'}, 'city': 'Rotorua', 'state': 'Wellington', 'country': 'New Zealand', 'postcode': 17862, 'coordinates': {'latitude': '50.7919', 'longitude': '-72.0259'}, 'timezone': {'offset': '+8:00', 'description': 'Beijing, Perth, Singapore, Hong Kong'}}, 'email': 'jasper.lewis@example.com', 'login': {'uuid': '87d33ae1-d7b9-4268-a112-775a1928b040', 'username': 'bigdog509', 'password': 'antony', 'salt': '2DQMkxIz', 'md5': '5c3c48a3b0c8c69db4558e0bb94ea71e', 'sha1': '651940d3369c762fc2f38dfb854cbe6bb7eb9735', 'sha256': 'c24255821ab2b6a39dd0e7a57f7798bac1612ff9acbe7ace60b1c7217035af13'}, 'dob': {'date': '1970-09-16T11:39:43.881Z', 'age': 53}, 'registered': {'date': '2008-08-19T10:16:30.275Z', 'age': 15}, 'phone': '(051)-570-2017', 'cell': '(280)-110-3044', 'id': {'name': '', 'value': None}, 'picture': {'large': 'https://randomuser.me/api/portraits/men/64.jpg', 'medium': 'https://randomuser.me/api/portraits/med/men/64.jpg', 'thumbnail': 'https://randomuser.me/api/portraits/thumb/men/64.jpg'}, 'nat': 'NZ'}], 'info': {'seed': 'a86a019fdd98b5db', 'results': 1, 'page': 1, 'version': '1.4'}}</msg>
<arg>${json_data}</arg>
<doc>Logs the given message with the given level.</doc>
<status status="PASS" start="2024-07-22T22:14:32.507603" elapsed="0.000203"/>
</kw>
<kw name="Should Be Equal As Numbers" owner="BuiltIn">
<arg>${json_data['results'][0]['location']['postcode']}</arg>
<arg>${json_data['results'][0]['location']['postcode']}</arg>
<doc>Fails if objects are unequal after converting them to real numbers.</doc>
<status status="PASS" start="2024-07-22T22:14:32.508102" elapsed="0.000618"/>
</kw>
<kw name="Log" owner="BuiltIn">
<msg time="2024-07-22T22:14:32.509281" level="INFO">17862</msg>
<arg>${json_data['results'][0]['location']['postcode']}</arg>
<doc>Logs the given message with the given level.</doc>
<status status="PASS" start="2024-07-22T22:14:32.508911" elapsed="0.000410"/>
</kw>
<status status="PASS" start="2024-07-22T22:14:32.423562" elapsed="0.086062"/>
</kw>
<doc>Testa se os tipos de dados na resposta da API estão corretos.</doc>
<tag>testeTiposDados</tag>
<status status="PASS" start="2024-07-22T22:14:32.337228" elapsed="0.172549"/>
</test>
<test id="s1-s1-t5" name="Validar conteudo" line="35">
<kw name="Teste de Tipos de Conteudo" owner="random-user-service">
<kw name="GET On Session" owner="RequestsLibrary">
<msg time="2024-07-22T22:14:32.615938" level="INFO">GET Request : url=https://randomuser.me/api 
 path_url=/api 
 headers={'User-Agent': 'python-requests/2.32.3', 'Accept-Encoding': 'gzip, deflate', 'Accept': '*/*', 'Connection': 'keep-alive'} 
 body=None 
 </msg>
<msg time="2024-07-22T22:14:32.616024" level="INFO">GET Response : url=https://randomuser.me/api 
 status=200, reason=OK 
 headers={'Date': 'Mon, 22 Jul 2024 22:14:32 GMT', 'Content-Type': 'application/json; charset=utf-8', 'Transfer-Encoding': 'chunked', 'Connection': 'keep-alive', 'X-Powered-By': 'Express', 'Access-Control-Allow-Origin': '*', 'Cache-Control': 'no-cache', 'ETag': 'W/"496-vkja/HdA2cr4zeaaYsF7sxoUh0Q"', 'Vary': 'Accept-Encoding', 'Content-Encoding': 'gzip', 'CF-Cache-Status': 'DYNAMIC', 'Report-To': '{"endpoints":[{"url":"https:\\/\\/a.nel.cloudflare.com\\/report\\/v4?s=%2BaLp4SiQ4XmzBwyZk6ZUijZ4IF7ZtBrb1Or45IIaV%2FNFequKFArtRV0Tdye6mRJEn1AlUoQKfStHHMKhyV2794oWdKPEjfDrdss9NV8spFc%2FG2L0jQH0RvM0VV%2BHFhk3"}],"group":"cf-nel","max_age":604800}', 'NEL': '{"success_fraction":0,"report_to":"cf-nel","max_age":604800}', 'Server': 'cloudflare', 'CF-RAY': '8a76c8c53846577e-IAD', 'alt-svc': 'h3=":443"; ma=86400'} 
 body={"results":[{"gender":"female","name":{"title":"Mrs","first":"Isobel","last":"Edwards"},"location":{"street":{"number":2620,"name":"Tamaki Drive"},"city":"Christchurch","state":"Northland","country":"New Zealand","postcode":99468,"coordinates":{"latitude":"51.1552","longitude":"11.8696"},"timezone":{"offset":"+10:00","description":"Eastern Australia, Guam, Vladivostok"}},"email":"isobel.edwards@example.com","login":{"uuid":"728f4d18-f24b-4aa5-b433-c1bf019df345","username":"brownpeacock170","password":"chrome","salt":"kqRNNvQs","md5":"901040f9ca27784e9e902ce2663b97f4","sha1":"b12713c6c6e5d20b48fe6d3f50a05cd039c279eb","sha256":"490f7e45def20ad44f8d962e8b8587dc98cedff738307728651ad5f8e79a6ba8"},"dob":{"date":"1984-10-15T09:48:57.031Z","age":39},"registered":{"date":"2022-04-30T08:24:32.901Z","age":2},"phone":"(058)-912-3220","cell":"(764)-099-4357","id":{"name":"","value":null},"picture":{"large":"https://randomuser.me/api/portraits/women/3.jpg","medium":"https://randomuser.me/api/portraits/med/women/3.jpg","thumbnail":"https://randomuser.me/api/portraits/thumb/women/3.jpg"},"nat":"NZ"}],"info":{"seed":"ea2d3f68f2589c67","results":1,"page":1,"version":"1.4"}} 
 </msg>
<msg time="2024-07-22T22:14:32.616096" level="INFO">/opt/hostedtoolcache/Python/3.12.4/x64/lib/python3.12/site-packages/urllib3/connectionpool.py:1099: InsecureRequestWarning: Unverified HTTPS request is being made to host 'randomuser.me'. Adding certificate verification is strongly advised. See: https://urllib3.readthedocs.io/en/latest/advanced-usage.html#tls-warnings
  warnings.warn(</msg>
<msg time="2024-07-22T22:14:32.616212" level="INFO">${response} = &lt;Response [200]&gt;</msg>
<var>${response}</var>
<arg>consultarAPI</arg>
<arg>/api</arg>
<doc>Sends a GET request on a previously created HTTP Session.</doc>
<status status="PASS" start="2024-07-22T22:14:32.512138" elapsed="0.104114"/>
</kw>
<kw name="Set Variable" owner="BuiltIn">
<msg time="2024-07-22T22:14:32.617129" level="INFO">${json_data} = {'results': [{'gender': 'female', 'name': {'title': 'Mrs', 'first': 'Isobel', 'last': 'Edwards'}, 'location': {'street': {'number': 2620, 'name': 'Tamaki Drive'}, 'city': 'Christchurch', 'state': 'Nor...</msg>
<var>${json_data}</var>
<arg>${response.json()}</arg>
<doc>Returns the given values which can then be assigned to a variables.</doc>
<status status="PASS" start="2024-07-22T22:14:32.616671" elapsed="0.000486"/>
</kw>
<kw name="Set Variable" owner="BuiltIn">
<msg time="2024-07-22T22:14:32.617916" level="INFO">${name_title} = Mrs</msg>
<var>${name_title}</var>
<arg>${json_data["results"][0]["name"]["title"]}</arg>
<doc>Returns the given values which can then be assigned to a variables.</doc>
<status status="PASS" start="2024-07-22T22:14:32.617502" elapsed="0.000440"/>
</kw>
<kw name="Create List" owner="BuiltIn">
<msg time="2024-07-22T22:14:32.618399" level="INFO">${allowed_titles} = ['Mr', 'Ms', 'Miss', 'Mrs', 'Madame', 'Monsieur']</msg>
<var>${allowed_titles}</var>
<arg>Mr</arg>
<arg>Ms</arg>
<arg>Miss</arg>
<arg>Mrs</arg>
<arg>Madame</arg>
<arg>Monsieur</arg>
<doc>Returns a list containing given items.</doc>
<status status="PASS" start="2024-07-22T22:14:32.618250" elapsed="0.000173"/>
</kw>
<kw name="List Should Contain Value" owner="Collections">
<arg>${allowed_titles}</arg>
<arg>${name_title}</arg>
<doc>Fails if the ``value`` is not found from ``list``.</doc>
<status status="PASS" start="2024-07-22T22:14:32.618730" elapsed="0.000182"/>
</kw>
<kw name="Set Variable" owner="BuiltIn">
<msg time="2024-07-22T22:14:32.619471" level="INFO">${name_country} = NZ</msg>
<var>${name_country}</var>
<arg>${json_data["results"][0]["nat"]}</arg>
<doc>Returns the given values which can then be assigned to a variables.</doc>
<status status="PASS" start="2024-07-22T22:14:32.619094" elapsed="0.000402"/>
</kw>
<kw name="Create List" owner="BuiltIn">
<msg time="2024-07-22T22:14:32.620380" level="INFO">${list_country} = ['AD', 'AE', 'AF', 'AG', 'AI', 'AL', 'AM', 'AO', 'AQ', 'AR', 'AS', 'AT', 'AU', 'AW', 'AX', 'AZ', 'BA', 'BB', 'BD', 'BE', 'BF', 'BG', 'BH', 'BI', 'BJ', 'BL', 'BM', 'BN', 'BO', 'BQ', 'BR', 'BS', 'BT', '...</msg>
<var>${list_country}</var>
<arg>AD</arg>
<arg>AE</arg>
<arg>AF</arg>
<arg>AG</arg>
<arg>AI</arg>
<arg>AL</arg>
<arg>AM</arg>
<arg>AO</arg>
<arg>AQ</arg>
<arg>AR</arg>
<arg>AS</arg>
<arg>AT</arg>
<arg>AU</arg>
<arg>AW</arg>
<arg>AX</arg>
<arg>AZ</arg>
<arg>BA</arg>
<arg>BB</arg>
<arg>BD</arg>
<arg>BE</arg>
<arg>BF</arg>
<arg>BG</arg>
<arg>BH</arg>
<arg>BI</arg>
<arg>BJ</arg>
<arg>BL</arg>
<arg>BM</arg>
<arg>BN</arg>
<arg>BO</arg>
<arg>BQ</arg>
<arg>BR</arg>
<arg>BS</arg>
<arg>BT</arg>
<arg>BV</arg>
<arg>BW</arg>
<arg>BY</arg>
<arg>BZ</arg>
<arg>CA</arg>
<arg>CC</arg>
<arg>CD</arg>
<arg>CF</arg>
<arg>CG</arg>
<arg>CH</arg>
<arg>CI</arg>
<arg>CK</arg>
<arg>CL</arg>
<arg>CM</arg>
<arg>CN</arg>
<arg>CO</arg>
<arg>CR</arg>
<arg>CU</arg>
<arg>CV</arg>
<arg>CW</arg>
<arg>CX</arg>
<arg>CY</arg>
<arg>CZ</arg>
<arg>DE</arg>
<arg>DJ</arg>
<arg>DK</arg>
<arg>DM</arg>
<arg>DO</arg>
<arg>DZ</arg>
<arg>EC</arg>
<arg>EE</arg>
<arg>EG</arg>
<arg>EH</arg>
<arg>ER</arg>
<arg>ES</arg>
<arg>ET</arg>
<arg>FI</arg>
<arg>FJ</arg>
<arg>FK</arg>
<arg>FM</arg>
<arg>FO</arg>
<arg>FR</arg>
<arg>GA</arg>
<arg>GB</arg>
<arg>GD</arg>
<arg>GE</arg>
<arg>GF</arg>
<arg>GG</arg>
<arg>GH</arg>
<arg>GI</arg>
<arg>GL</arg>
<arg>GM</arg>
<arg>GN</arg>
<arg>GP</arg>
<arg>GQ</arg>
<arg>GR</arg>
<arg>GS</arg>
<arg>GT</arg>
<arg>GU</arg>
<arg>GW</arg>
<arg>GY</arg>
<arg>HK</arg>
<arg>HM</arg>
<arg>HN</arg>
<arg>HR</arg>
<arg>HT</arg>
<arg>HU</arg>
<arg>ID</arg>
<arg>IE</arg>
<arg>IL</arg>
<arg>IM</arg>
<arg>IN</arg>
<arg>IO</arg>
<arg>IQ</arg>
<arg>IR</arg>
<arg>IS</arg>
<arg>IT</arg>
<arg>JE</arg>
<arg>JM</arg>
<arg>JO</arg>
<arg>JP</arg>
<arg>KE</arg>
<arg>KG</arg>
<arg>KH</arg>
<arg>KI</arg>
<arg>KM</arg>
<arg>KN</arg>
<arg>KP</arg>
<arg>KR</arg>
<arg>KW</arg>
<arg>KY</arg>
<arg>KZ</arg>
<arg>LA</arg>
<arg>LB</arg>
<arg>LC</arg>
<arg>LI</arg>
<arg>LK</arg>
<arg>LR</arg>
<arg>LS</arg>
<arg>LT</arg>
<arg>LU</arg>
<arg>LV</arg>
<arg>LY</arg>
<arg>MA</arg>
<arg>MC</arg>
<arg>MD</arg>
<arg>ME</arg>
<arg>MF</arg>
<arg>MG</arg>
<arg>MH</arg>
<arg>MK</arg>
<arg>ML</arg>
<arg>MM</arg>
<arg>MN</arg>
<arg>MO</arg>
<arg>MP</arg>
<arg>MQ</arg>
<arg>MR</arg>
<arg>MS</arg>
<arg>MT</arg>
<arg>MU</arg>
<arg>MV</arg>
<arg>MW</arg>
<arg>MX</arg>
<arg>MY</arg>
<arg>MZ</arg>
<arg>NA</arg>
<arg>NC</arg>
<arg>NE</arg>
<arg>NF</arg>
<arg>NG</arg>
<arg>NI</arg>
<arg>NL</arg>
<arg>NO</arg>
<arg>NP</arg>
<arg>NR</arg>
<arg>NU</arg>
<arg>NZ</arg>
<arg>OM</arg>
<arg>PA</arg>
<arg>PE</arg>
<arg>PF</arg>
<arg>PG</arg>
<arg>PH</arg>
<arg>PK</arg>
<arg>PL</arg>
<arg>PM</arg>
<arg>PN</arg>
<arg>PR</arg>
<arg>PS</arg>
<arg>PT</arg>
<arg>PW</arg>
<arg>PY</arg>
<arg>QA</arg>
<arg>RE</arg>
<arg>RO</arg>
<arg>RS</arg>
<arg>RU</arg>
<arg>RW</arg>
<arg>SA</arg>
<arg>SB</arg>
<arg>SC</arg>
<arg>SD</arg>
<arg>SE</arg>
<arg>SG</arg>
<arg>SH</arg>
<arg>SI</arg>
<arg>SJ</arg>
<arg>SK</arg>
<arg>SL</arg>
<arg>SM</arg>
<arg>SN</arg>
<arg>SO</arg>
<arg>SR</arg>
<arg>SS</arg>
<arg>ST</arg>
<arg>SV</arg>
<arg>SX</arg>
<arg>SY</arg>
<arg>SZ</arg>
<arg>TC</arg>
<arg>TD</arg>
<arg>TF</arg>
<arg>TG</arg>
<arg>TH</arg>
<arg>TJ</arg>
<arg>TK</arg>
<arg>TL</arg>
<arg>TM</arg>
<arg>TN</arg>
<arg>TO</arg>
<arg>TR</arg>
<arg>TT</arg>
<arg>TV</arg>
<arg>TW</arg>
<arg>TZ</arg>
<arg>UA</arg>
<arg>UG</arg>
<arg>UM</arg>
<arg>US</arg>
<arg>UY</arg>
<arg>UZ</arg>
<arg>VA</arg>
<arg>VC</arg>
<arg>VE</arg>
<arg>VG</arg>
<arg>VI</arg>
<arg>VN</arg>
<arg>VU</arg>
<arg>WF</arg>
<arg>WS</arg>
<arg>XK</arg>
<arg>YE</arg>
<arg>YT</arg>
<arg>ZA</arg>
<arg>ZM</arg>
<arg>ZW</arg>
<doc>Returns a list containing given items.</doc>
<status status="PASS" start="2024-07-22T22:14:32.619785" elapsed="0.000621"/>
</kw>
<kw name="List Should Contain Value" owner="Collections">
<arg>${list_country}</arg>
<arg>${name_country}</arg>
<doc>Fails if the ``value`` is not found from ``list``.</doc>
<status status="PASS" start="2024-07-22T22:14:32.621340" elapsed="0.000251"/>
</kw>
<kw name="Run Keyword If" owner="BuiltIn">
<kw name="Should Be True" owner="BuiltIn">
<arg>${True}</arg>
<doc>Fails if the given condition is not true.</doc>
<status status="PASS" start="2024-07-22T22:14:32.622620" elapsed="0.000164"/>
</kw>
<arg>${json_data["results"][0]["location"]["coordinates"]["latitude"]} &gt;= -90 and ${json_data["results"][0]["location"]["coordinates"]["latitude"]} &lt;= 90</arg>
<arg>Should Be True</arg>
<arg>${True}</arg>
<doc>Runs the given keyword with the given arguments, if ``condition`` is true.</doc>
<status status="PASS" start="2024-07-22T22:14:32.621795" elapsed="0.001116"/>
</kw>
<kw name="Run Keyword If" owner="BuiltIn">
<kw name="Should Be True" owner="BuiltIn">
<arg>${True}</arg>
<doc>Fails if the given condition is not true.</doc>
<status status="PASS" start="2024-07-22T22:14:32.623792" elapsed="0.000139"/>
</kw>
<arg>${json_data["results"][0]["location"]["coordinates"]["longitude"]} &gt;= -180 and ${json_data["results"][0]["location"]["coordinates"]["longitude"]} &lt;= 180</arg>
<arg>Should Be True</arg>
<arg>${True}</arg>
<doc>Runs the given keyword with the given arguments, if ``condition`` is true.</doc>
<status status="PASS" start="2024-07-22T22:14:32.623094" elapsed="0.000960"/>
</kw>
<status status="PASS" start="2024-07-22T22:14:32.511925" elapsed="0.112258"/>
</kw>
<doc>Testa o conteúdo específico dos campos retornados pela API.</doc>
<tag>testeConteudo</tag>
<status status="PASS" start="2024-07-22T22:14:32.511509" elapsed="0.112819"/>
</test>
<status status="PASS" start="2024-07-22T22:14:31.679122" elapsed="0.947138"/>
</suite>
<status status="PASS" start="2024-07-22T22:14:31.664695" elapsed="0.966541"/>
</suite>
<statistics>
<total>
<stat pass="5" fail="0" skip="0">All Tests</stat>
</total>
<tag>
<stat pass="1" fail="0" skip="0">testeConteudo</stat>
<stat pass="1" fail="0" skip="0">testeEstruturaResposta</stat>
<stat pass="1" fail="0" skip="0">testeRequisicaoBasica</stat>
<stat pass="1" fail="0" skip="0">testeTiposDados</stat>
</tag>
<suite>
<stat pass="5" fail="0" skip="0" id="s1" name="Tests">Tests</stat>
<stat pass="5" fail="0" skip="0" id="s1-s1" name="Random-User-Test">Tests.Random-User-Test</stat>
</suite>
</statistics>
<errors>
</errors>
</robot>
