<?xml version="1.0" encoding="UTF-8"?>
<robot generator="Robot 7.0 (Python 3.12.3 on linux)" generated="2024-05-24T10:16:21.823980" rpa="false" schemaversion="5">
<suite id="s1" name="Tests" source="/home/runner/work/DesafioQAItauRogerioJordao/DesafioQAItauRogerioJordao/RamdonUser/tests">
<suite id="s1-s1" name="Random-User-Test" source="/home/runner/work/DesafioQAItauRogerioJordao/DesafioQAItauRogerioJordao/RamdonUser/tests/random-user-test.robot">
<test id="s1-s1-t1" name="Conectar" line="13">
<kw name="Conectar API" owner="random-user-service">
<kw name="Create Session" owner="RequestsLibrary">
<msg time="2024-05-24T10:16:22.213185" level="INFO">Creating Session using : alias=consultarAPI, url=https://randomuser.me/, headers={},                     cookies={}, auth=None, timeout=None, proxies=None, verify=False,                     debug=0 </msg>
<arg>consultarAPI</arg>
<arg>${URL}</arg>
<doc>Create Session: create a HTTP session to a server</doc>
<status status="PASS" start="2024-05-24T10:16:22.212982" elapsed="0.000389"/>
</kw>
<status status="PASS" start="2024-05-24T10:16:22.211912" elapsed="0.001827"/>
</kw>
<status status="PASS" start="2024-05-24T10:16:22.211272" elapsed="0.002670"/>
</test>
<test id="s1-s1-t2" name="Validar retorno 200 e JSON Válido" line="16">
<kw name="Teste de Requisicao Basica" owner="random-user-service">
<kw name="GET On Session" owner="RequestsLibrary">
<msg time="2024-05-24T10:16:22.685526" level="INFO">GET Request : url=https://randomuser.me/api 
 path_url=/api 
 headers={'User-Agent': 'python-requests/2.32.2', 'Accept-Encoding': 'gzip, deflate', 'Accept': '*/*', 'Connection': 'keep-alive'} 
 body=None 
 </msg>
<msg time="2024-05-24T10:16:22.685682" level="INFO">GET Response : url=https://randomuser.me/api 
 status=200, reason=OK 
 headers={'Date': 'Fri, 24 May 2024 10:16:22 GMT', 'Content-Type': 'application/json; charset=utf-8', 'Transfer-Encoding': 'chunked', 'Connection': 'keep-alive', 'X-Powered-By': 'Express', 'Access-Control-Allow-Origin': '*', 'Cache-Control': 'no-cache', 'ETag': 'W/"486-OVGSuYomjVGxHQIUl28g6cfRlas"', 'Vary': 'Accept-Encoding', 'Content-Encoding': 'gzip', 'CF-Cache-Status': 'DYNAMIC', 'Report-To': '{"endpoints":[{"url":"https:\\/\\/a.nel.cloudflare.com\\/report\\/v4?s=TSpzOpRJHL5T8GJa4sP6n5tzQSCelti1o9klCFNkKZY8Ln8E7WY%2BV3zHiJwD7DmtrXmTP7wr%2BYdmHjz4m7K4ZLYmTiyqCYvMd16MtMeRU79JHvzoR8P%2BE%2F22ygVPXYNU"}],"group":"cf-nel","max_age":604800}', 'NEL': '{"success_fraction":0,"report_to":"cf-nel","max_age":604800}', 'Server': 'cloudflare', 'CF-RAY': '888c87a3ec9b2519-SJC', 'alt-svc': 'h3=":443"; ma=86400'} 
 body={"results":[{"gender":"male","name":{"title":"Mr","first":"Franklin","last":"Farias"},"location":{"street":{"number":4849,"name":"Rua Santo Antônio "},"city":"Mesquita","state":"Rondônia","country":"Brazil","postcode":45844,"coordinates":{"latitude":"-79.6072","longitude":"-76.0860"},"timezone":{"offset":"-3:30","description":"Newfoundland"}},"email":"franklin.farias@example.com","login":{"uuid":"6657a8c6-614d-403b-b546-2da90316ddaa","username":"crazygoose254","password":"finder","salt":"zhp3amRT","md5":"2b8e9f17885c78106a34bafa13363e47","sha1":"89bf4f5564d0e1b672c732a4f07a621620129815","sha256":"15a771cdfd37af4500fd84b0a5d9edb660c02fcac0609bf670e98c7740f9732e"},"dob":{"date":"1991-03-27T17:40:13.145Z","age":33},"registered":{"date":"2015-03-05T11:26:29.782Z","age":9},"phone":"(02) 0488-6609","cell":"(62) 2639-5137","id":{"name":"CPF","value":"910.661.609-92"},"picture":{"large":"https://randomuser.me/api/portraits/men/57.jpg","medium":"https://randomuser.me/api/portraits/med/men/57.jpg","thumbnail":"https://randomuser.me/api/portraits/thumb/men/57.jpg"},"nat":"BR"}],"info":{"seed":"8c43ccf5c52b3291","results":1,"page":1,"version":"1.4"}} 
 </msg>
<msg time="2024-05-24T10:16:22.685765" level="INFO">/opt/hostedtoolcache/Python/3.12.3/x64/lib/python3.12/site-packages/urllib3/connectionpool.py:1103: InsecureRequestWarning: Unverified HTTPS request is being made to host 'randomuser.me'. Adding certificate verification is strongly advised. See: https://urllib3.readthedocs.io/en/latest/advanced-usage.html#tls-warnings
  warnings.warn(</msg>
<msg time="2024-05-24T10:16:22.685900" level="INFO">${response} = &lt;Response [200]&gt;</msg>
<var>${response}</var>
<arg>consultarAPI</arg>
<arg>/api</arg>
<doc>Sends a GET request on a previously created HTTP Session.</doc>
<status status="PASS" start="2024-05-24T10:16:22.216645" elapsed="0.469289"/>
</kw>
<kw name="Should Be Equal As Numbers" owner="BuiltIn">
<msg time="2024-05-24T10:16:22.686952" level="INFO">Argument types are:
&lt;class 'int'&gt;
&lt;class 'str'&gt;</msg>
<arg>${response.status_code}</arg>
<arg>200</arg>
<doc>Fails if objects are unequal after converting them to real numbers.</doc>
<status status="PASS" start="2024-05-24T10:16:22.686491" elapsed="0.000527"/>
</kw>
<kw name="Log" owner="BuiltIn">
<msg time="2024-05-24T10:16:22.687749" level="INFO">200</msg>
<arg>${response.status_code}</arg>
<doc>Logs the given message with the given level.</doc>
<status status="PASS" start="2024-05-24T10:16:22.687405" elapsed="0.000391"/>
</kw>
<kw name="Set Variable" owner="BuiltIn">
<msg time="2024-05-24T10:16:22.688538" level="INFO">${json_data} = {'results': [{'gender': 'male', 'name': {'title': 'Mr', 'first': 'Franklin', 'last': 'Farias'}, 'location': {'street': {'number': 4849, 'name': 'Rua Santo Antônio '}, 'city': 'Mesquita', 'state': 'Ron...</msg>
<var>${json_data}</var>
<arg>${response.json()}</arg>
<doc>Returns the given values which can then be assigned to a variables.</doc>
<status status="PASS" start="2024-05-24T10:16:22.688099" elapsed="0.000469"/>
</kw>
<kw name="Dictionary Should Contain Key" owner="Collections">
<msg time="2024-05-24T10:16:22.689031" level="INFO">False</msg>
<arg>${json_data}</arg>
<arg>results</arg>
<doc>Fails if ``key`` is not found from ``dictionary``.</doc>
<status status="PASS" start="2024-05-24T10:16:22.688866" elapsed="0.000361"/>
</kw>
<status status="PASS" start="2024-05-24T10:16:22.216387" elapsed="0.473101"/>
</kw>
<doc>Testa se a API responde corretamente e retorna um objeto JSON válido.</doc>
<tag>testeRequisicaoBasica</tag>
<status status="PASS" start="2024-05-24T10:16:22.215878" elapsed="0.473792"/>
</test>
<test id="s1-s1-t3" name="Validar estrutura de resposta" line="22">
<kw name="Teste de Estrutura de Resposta" owner="random-user-service">
<kw name="GET On Session" owner="RequestsLibrary">
<msg time="2024-05-24T10:16:22.780836" level="INFO">GET Request : url=https://randomuser.me/api 
 path_url=/api 
 headers={'User-Agent': 'python-requests/2.32.2', 'Accept-Encoding': 'gzip, deflate', 'Accept': '*/*', 'Connection': 'keep-alive'} 
 body=None 
 </msg>
<msg time="2024-05-24T10:16:22.780954" level="INFO">GET Response : url=https://randomuser.me/api 
 status=200, reason=OK 
 headers={'Date': 'Fri, 24 May 2024 10:16:22 GMT', 'Content-Type': 'application/json; charset=utf-8', 'Transfer-Encoding': 'chunked', 'Connection': 'keep-alive', 'X-Powered-By': 'Express', 'Access-Control-Allow-Origin': '*', 'Cache-Control': 'no-cache', 'ETag': 'W/"499-UpHg+tPhVRHrYqT5jrXOsaJaNXM"', 'Vary': 'Accept-Encoding', 'Content-Encoding': 'gzip', 'CF-Cache-Status': 'DYNAMIC', 'Report-To': '{"endpoints":[{"url":"https:\\/\\/a.nel.cloudflare.com\\/report\\/v4?s=cYVoYPDjPCyXCUorDVZt3pSq8CkBfHgOiffr1qX5mv3vezLhlaQsIcLfP6BsjAe8opskjgi8XQc%2FarAYMO2hSAbaCP2mqve42pCTV2NqnKOGcMYFmKgIsuXns6iC5j%2BN"}],"group":"cf-nel","max_age":604800}', 'NEL': '{"success_fraction":0,"report_to":"cf-nel","max_age":604800}', 'Server': 'cloudflare', 'CF-RAY': '888c87a5ddb22519-SJC', 'alt-svc': 'h3=":443"; ma=86400'} 
 body={"results":[{"gender":"female","name":{"title":"Miss","first":"Irina","last":"Tomašević"},"location":{"street":{"number":6159,"name":"Koste Mihailovića"},"city":"Žitište","state":"South Bačka","country":"Serbia","postcode":82516,"coordinates":{"latitude":"62.4776","longitude":"77.1624"},"timezone":{"offset":"-1:00","description":"Azores, Cape Verde Islands"}},"email":"irina.tomasevic@example.com","login":{"uuid":"4d0696fc-c483-45ac-9ad6-50668fb3aa8b","username":"greengoose132","password":"spirit","salt":"sImwNW2N","md5":"1453887ded3fae136b7125f84360b26b","sha1":"f5f814e8218a917e5a62179e7d870250bc489821","sha256":"a57171be339cbe375a5db6b7306ed0659e524be39d1912ee30da001584c3dd79"},"dob":{"date":"1969-05-02T00:30:10.083Z","age":55},"registered":{"date":"2010-01-11T01:04:13.142Z","age":14},"phone":"037-1665-767","cell":"061-2255-870","id":{"name":"SID","value":"852983112"},"picture":{"large":"https://randomuser.me/api/portraits/women/54.jpg","medium":"https://randomuser.me/api/portraits/med/women/54.jpg","thumbnail":"https://randomuser.me/api/portraits/thumb/women/54.jpg"},"nat":"RS"}],"info":{"seed":"dc3568705b97d042","results":1,"page":1,"version":"1.4"}} 
 </msg>
<msg time="2024-05-24T10:16:22.781106" level="INFO">/opt/hostedtoolcache/Python/3.12.3/x64/lib/python3.12/site-packages/urllib3/connectionpool.py:1103: InsecureRequestWarning: Unverified HTTPS request is being made to host 'randomuser.me'. Adding certificate verification is strongly advised. See: https://urllib3.readthedocs.io/en/latest/advanced-usage.html#tls-warnings
  warnings.warn(</msg>
<msg time="2024-05-24T10:16:22.781252" level="INFO">${response} = &lt;Response [200]&gt;</msg>
<var>${response}</var>
<arg>consultarAPI</arg>
<arg>/api</arg>
<doc>Sends a GET request on a previously created HTTP Session.</doc>
<status status="PASS" start="2024-05-24T10:16:22.692247" elapsed="0.089045"/>
</kw>
<kw name="Set Variable" owner="BuiltIn">
<msg time="2024-05-24T10:16:22.782351" level="INFO">${json_data} = {'results': [{'gender': 'female', 'name': {'title': 'Miss', 'first': 'Irina', 'last': 'Tomašević'}, 'location': {'street': {'number': 6159, 'name': 'Koste Mihailovića'}, 'city': 'Žitište', 'state': 'S...</msg>
<var>${json_data}</var>
<arg>${response.json()}</arg>
<doc>Returns the given values which can then be assigned to a variables.</doc>
<status status="PASS" start="2024-05-24T10:16:22.781817" elapsed="0.000565"/>
</kw>
<kw name="Log" owner="BuiltIn">
<msg time="2024-05-24T10:16:22.782858" level="INFO">{'results': [{'gender': 'female', 'name': {'title': 'Miss', 'first': 'Irina', 'last': 'Tomašević'}, 'location': {'street': {'number': 6159, 'name': 'Koste Mihailovića'}, 'city': 'Žitište', 'state': 'South Bačka', 'country': 'Serbia', 'postcode': 82516, 'coordinates': {'latitude': '62.4776', 'longitude': '77.1624'}, 'timezone': {'offset': '-1:00', 'description': 'Azores, Cape Verde Islands'}}, 'email': 'irina.tomasevic@example.com', 'login': {'uuid': '4d0696fc-c483-45ac-9ad6-50668fb3aa8b', 'username': 'greengoose132', 'password': 'spirit', 'salt': 'sImwNW2N', 'md5': '1453887ded3fae136b7125f84360b26b', 'sha1': 'f5f814e8218a917e5a62179e7d870250bc489821', 'sha256': 'a57171be339cbe375a5db6b7306ed0659e524be39d1912ee30da001584c3dd79'}, 'dob': {'date': '1969-05-02T00:30:10.083Z', 'age': 55}, 'registered': {'date': '2010-01-11T01:04:13.142Z', 'age': 14}, 'phone': '037-1665-767', 'cell': '061-2255-870', 'id': {'name': 'SID', 'value': '852983112'}, 'picture': {'large': 'https://randomuser.me/api/portraits/women/54.jpg', 'medium': 'https://randomuser.me/api/portraits/med/women/54.jpg', 'thumbnail': 'https://randomuser.me/api/portraits/thumb/women/54.jpg'}, 'nat': 'RS'}], 'info': {'seed': 'dc3568705b97d042', 'results': 1, 'page': 1, 'version': '1.4'}}</msg>
<arg>${json_data}</arg>
<doc>Logs the given message with the given level.</doc>
<status status="PASS" start="2024-05-24T10:16:22.782694" elapsed="0.000217"/>
</kw>
<kw name="Dictionary Should Contain Key" owner="Collections">
<msg time="2024-05-24T10:16:22.783419" level="INFO">False</msg>
<arg>${json_data}</arg>
<arg>results</arg>
<doc>Fails if ``key`` is not found from ``dictionary``.</doc>
<status status="PASS" start="2024-05-24T10:16:22.783247" elapsed="0.000219"/>
</kw>
<kw name="Should Not Be Empty" owner="BuiltIn">
<msg time="2024-05-24T10:16:22.783908" level="INFO">Length is 2.</msg>
<arg>${json_data}</arg>
<doc>Verifies that the given item is not empty.</doc>
<status status="PASS" start="2024-05-24T10:16:22.783765" elapsed="0.000181"/>
</kw>
<kw name="Create List" owner="BuiltIn">
<msg time="2024-05-24T10:16:22.784396" level="INFO">${expected_keys} = ['gender', 'name', 'location', 'email', 'login']</msg>
<var>${expected_keys}</var>
<arg>gender</arg>
<arg>name</arg>
<arg>location</arg>
<arg>email</arg>
<arg>login</arg>
<doc>Returns a list containing given items.</doc>
<status status="PASS" start="2024-05-24T10:16:22.784244" elapsed="0.000175"/>
</kw>
<for flavor="IN">
<iter>
<kw name="Dictionary Should Contain Key" owner="Collections">
<msg time="2024-05-24T10:16:22.785418" level="INFO">False</msg>
<arg>${json_data['results'][0]}</arg>
<arg>${key}</arg>
<doc>Fails if ``key`` is not found from ``dictionary``.</doc>
<status status="PASS" start="2024-05-24T10:16:22.785002" elapsed="0.000459"/>
</kw>
<kw name="Log" owner="BuiltIn">
<msg time="2024-05-24T10:16:22.786121" level="INFO">{'gender': 'female', 'name': {'title': 'Miss', 'first': 'Irina', 'last': 'Tomašević'}, 'location': {'street': {'number': 6159, 'name': 'Koste Mihailovića'}, 'city': 'Žitište', 'state': 'South Bačka', 'country': 'Serbia', 'postcode': 82516, 'coordinates': {'latitude': '62.4776', 'longitude': '77.1624'}, 'timezone': {'offset': '-1:00', 'description': 'Azores, Cape Verde Islands'}}, 'email': 'irina.tomasevic@example.com', 'login': {'uuid': '4d0696fc-c483-45ac-9ad6-50668fb3aa8b', 'username': 'greengoose132', 'password': 'spirit', 'salt': 'sImwNW2N', 'md5': '1453887ded3fae136b7125f84360b26b', 'sha1': 'f5f814e8218a917e5a62179e7d870250bc489821', 'sha256': 'a57171be339cbe375a5db6b7306ed0659e524be39d1912ee30da001584c3dd79'}, 'dob': {'date': '1969-05-02T00:30:10.083Z', 'age': 55}, 'registered': {'date': '2010-01-11T01:04:13.142Z', 'age': 14}, 'phone': '037-1665-767', 'cell': '061-2255-870', 'id': {'name': 'SID', 'value': '852983112'}, 'picture': {'large': 'https://randomuser.me/api/portraits/women/54.jpg', 'medium': 'https://randomuser.me/api/portraits/med/women/54.jpg', 'thumbnail': 'https://randomuser.me/api/portraits/thumb/women/54.jpg'}, 'nat': 'RS'}</msg>
<arg>${json_data['results'][0]}</arg>
<doc>Logs the given message with the given level.</doc>
<status status="PASS" start="2024-05-24T10:16:22.785756" elapsed="0.000419"/>
</kw>
<kw name="Log" owner="BuiltIn">
<msg time="2024-05-24T10:16:22.786598" level="INFO">gender</msg>
<arg>${key}</arg>
<doc>Logs the given message with the given level.</doc>
<status status="PASS" start="2024-05-24T10:16:22.786470" elapsed="0.000165"/>
</kw>
<var name="${key}">gender</var>
<status status="PASS" start="2024-05-24T10:16:22.784875" elapsed="0.001975"/>
</iter>
<iter>
<kw name="Dictionary Should Contain Key" owner="Collections">
<msg time="2024-05-24T10:16:22.787579" level="INFO">False</msg>
<arg>${json_data['results'][0]}</arg>
<arg>${key}</arg>
<doc>Fails if ``key`` is not found from ``dictionary``.</doc>
<status status="PASS" start="2024-05-24T10:16:22.787152" elapsed="0.000465"/>
</kw>
<kw name="Log" owner="BuiltIn">
<msg time="2024-05-24T10:16:22.788311" level="INFO">{'gender': 'female', 'name': {'title': 'Miss', 'first': 'Irina', 'last': 'Tomašević'}, 'location': {'street': {'number': 6159, 'name': 'Koste Mihailovića'}, 'city': 'Žitište', 'state': 'South Bačka', 'country': 'Serbia', 'postcode': 82516, 'coordinates': {'latitude': '62.4776', 'longitude': '77.1624'}, 'timezone': {'offset': '-1:00', 'description': 'Azores, Cape Verde Islands'}}, 'email': 'irina.tomasevic@example.com', 'login': {'uuid': '4d0696fc-c483-45ac-9ad6-50668fb3aa8b', 'username': 'greengoose132', 'password': 'spirit', 'salt': 'sImwNW2N', 'md5': '1453887ded3fae136b7125f84360b26b', 'sha1': 'f5f814e8218a917e5a62179e7d870250bc489821', 'sha256': 'a57171be339cbe375a5db6b7306ed0659e524be39d1912ee30da001584c3dd79'}, 'dob': {'date': '1969-05-02T00:30:10.083Z', 'age': 55}, 'registered': {'date': '2010-01-11T01:04:13.142Z', 'age': 14}, 'phone': '037-1665-767', 'cell': '061-2255-870', 'id': {'name': 'SID', 'value': '852983112'}, 'picture': {'large': 'https://randomuser.me/api/portraits/women/54.jpg', 'medium': 'https://randomuser.me/api/portraits/med/women/54.jpg', 'thumbnail': 'https://randomuser.me/api/portraits/thumb/women/54.jpg'}, 'nat': 'RS'}</msg>
<arg>${json_data['results'][0]}</arg>
<doc>Logs the given message with the given level.</doc>
<status status="PASS" start="2024-05-24T10:16:22.787943" elapsed="0.000420"/>
</kw>
<kw name="Log" owner="BuiltIn">
<msg time="2024-05-24T10:16:22.788796" level="INFO">name</msg>
<arg>${key}</arg>
<doc>Logs the given message with the given level.</doc>
<status status="PASS" start="2024-05-24T10:16:22.788668" elapsed="0.000165"/>
</kw>
<var name="${key}">name</var>
<status status="PASS" start="2024-05-24T10:16:22.787037" elapsed="0.002010"/>
</iter>
<iter>
<kw name="Dictionary Should Contain Key" owner="Collections">
<msg time="2024-05-24T10:16:22.789718" level="INFO">False</msg>
<arg>${json_data['results'][0]}</arg>
<arg>${key}</arg>
<doc>Fails if ``key`` is not found from ``dictionary``.</doc>
<status status="PASS" start="2024-05-24T10:16:22.789341" elapsed="0.000414"/>
</kw>
<kw name="Log" owner="BuiltIn">
<msg time="2024-05-24T10:16:22.790419" level="INFO">{'gender': 'female', 'name': {'title': 'Miss', 'first': 'Irina', 'last': 'Tomašević'}, 'location': {'street': {'number': 6159, 'name': 'Koste Mihailovića'}, 'city': 'Žitište', 'state': 'South Bačka', 'country': 'Serbia', 'postcode': 82516, 'coordinates': {'latitude': '62.4776', 'longitude': '77.1624'}, 'timezone': {'offset': '-1:00', 'description': 'Azores, Cape Verde Islands'}}, 'email': 'irina.tomasevic@example.com', 'login': {'uuid': '4d0696fc-c483-45ac-9ad6-50668fb3aa8b', 'username': 'greengoose132', 'password': 'spirit', 'salt': 'sImwNW2N', 'md5': '1453887ded3fae136b7125f84360b26b', 'sha1': 'f5f814e8218a917e5a62179e7d870250bc489821', 'sha256': 'a57171be339cbe375a5db6b7306ed0659e524be39d1912ee30da001584c3dd79'}, 'dob': {'date': '1969-05-02T00:30:10.083Z', 'age': 55}, 'registered': {'date': '2010-01-11T01:04:13.142Z', 'age': 14}, 'phone': '037-1665-767', 'cell': '061-2255-870', 'id': {'name': 'SID', 'value': '852983112'}, 'picture': {'large': 'https://randomuser.me/api/portraits/women/54.jpg', 'medium': 'https://randomuser.me/api/portraits/med/women/54.jpg', 'thumbnail': 'https://randomuser.me/api/portraits/thumb/women/54.jpg'}, 'nat': 'RS'}</msg>
<arg>${json_data['results'][0]}</arg>
<doc>Logs the given message with the given level.</doc>
<status status="PASS" start="2024-05-24T10:16:22.790049" elapsed="0.000420"/>
</kw>
<kw name="Log" owner="BuiltIn">
<msg time="2024-05-24T10:16:22.790886" level="INFO">location</msg>
<arg>${key}</arg>
<doc>Logs the given message with the given level.</doc>
<status status="PASS" start="2024-05-24T10:16:22.790761" elapsed="0.000163"/>
</kw>
<var name="${key}">location</var>
<status status="PASS" start="2024-05-24T10:16:22.789227" elapsed="0.001915"/>
</iter>
<iter>
<kw name="Dictionary Should Contain Key" owner="Collections">
<msg time="2024-05-24T10:16:22.791973" level="INFO">False</msg>
<arg>${json_data['results'][0]}</arg>
<arg>${key}</arg>
<doc>Fails if ``key`` is not found from ``dictionary``.</doc>
<status status="PASS" start="2024-05-24T10:16:22.791481" elapsed="0.000530"/>
</kw>
<kw name="Log" owner="BuiltIn">
<msg time="2024-05-24T10:16:22.792670" level="INFO">{'gender': 'female', 'name': {'title': 'Miss', 'first': 'Irina', 'last': 'Tomašević'}, 'location': {'street': {'number': 6159, 'name': 'Koste Mihailovića'}, 'city': 'Žitište', 'state': 'South Bačka', 'country': 'Serbia', 'postcode': 82516, 'coordinates': {'latitude': '62.4776', 'longitude': '77.1624'}, 'timezone': {'offset': '-1:00', 'description': 'Azores, Cape Verde Islands'}}, 'email': 'irina.tomasevic@example.com', 'login': {'uuid': '4d0696fc-c483-45ac-9ad6-50668fb3aa8b', 'username': 'greengoose132', 'password': 'spirit', 'salt': 'sImwNW2N', 'md5': '1453887ded3fae136b7125f84360b26b', 'sha1': 'f5f814e8218a917e5a62179e7d870250bc489821', 'sha256': 'a57171be339cbe375a5db6b7306ed0659e524be39d1912ee30da001584c3dd79'}, 'dob': {'date': '1969-05-02T00:30:10.083Z', 'age': 55}, 'registered': {'date': '2010-01-11T01:04:13.142Z', 'age': 14}, 'phone': '037-1665-767', 'cell': '061-2255-870', 'id': {'name': 'SID', 'value': '852983112'}, 'picture': {'large': 'https://randomuser.me/api/portraits/women/54.jpg', 'medium': 'https://randomuser.me/api/portraits/med/women/54.jpg', 'thumbnail': 'https://randomuser.me/api/portraits/thumb/women/54.jpg'}, 'nat': 'RS'}</msg>
<arg>${json_data['results'][0]}</arg>
<doc>Logs the given message with the given level.</doc>
<status status="PASS" start="2024-05-24T10:16:22.792311" elapsed="0.000411"/>
</kw>
<kw name="Log" owner="BuiltIn">
<msg time="2024-05-24T10:16:22.793148" level="INFO">email</msg>
<arg>${key}</arg>
<doc>Logs the given message with the given level.</doc>
<status status="PASS" start="2024-05-24T10:16:22.793019" elapsed="0.000166"/>
</kw>
<var name="${key}">email</var>
<status status="PASS" start="2024-05-24T10:16:22.791368" elapsed="0.002028"/>
</iter>
<iter>
<kw name="Dictionary Should Contain Key" owner="Collections">
<msg time="2024-05-24T10:16:22.794073" level="INFO">False</msg>
<arg>${json_data['results'][0]}</arg>
<arg>${key}</arg>
<doc>Fails if ``key`` is not found from ``dictionary``.</doc>
<status status="PASS" start="2024-05-24T10:16:22.793695" elapsed="0.000415"/>
</kw>
<kw name="Log" owner="BuiltIn">
<msg time="2024-05-24T10:16:22.794767" level="INFO">{'gender': 'female', 'name': {'title': 'Miss', 'first': 'Irina', 'last': 'Tomašević'}, 'location': {'street': {'number': 6159, 'name': 'Koste Mihailovića'}, 'city': 'Žitište', 'state': 'South Bačka', 'country': 'Serbia', 'postcode': 82516, 'coordinates': {'latitude': '62.4776', 'longitude': '77.1624'}, 'timezone': {'offset': '-1:00', 'description': 'Azores, Cape Verde Islands'}}, 'email': 'irina.tomasevic@example.com', 'login': {'uuid': '4d0696fc-c483-45ac-9ad6-50668fb3aa8b', 'username': 'greengoose132', 'password': 'spirit', 'salt': 'sImwNW2N', 'md5': '1453887ded3fae136b7125f84360b26b', 'sha1': 'f5f814e8218a917e5a62179e7d870250bc489821', 'sha256': 'a57171be339cbe375a5db6b7306ed0659e524be39d1912ee30da001584c3dd79'}, 'dob': {'date': '1969-05-02T00:30:10.083Z', 'age': 55}, 'registered': {'date': '2010-01-11T01:04:13.142Z', 'age': 14}, 'phone': '037-1665-767', 'cell': '061-2255-870', 'id': {'name': 'SID', 'value': '852983112'}, 'picture': {'large': 'https://randomuser.me/api/portraits/women/54.jpg', 'medium': 'https://randomuser.me/api/portraits/med/women/54.jpg', 'thumbnail': 'https://randomuser.me/api/portraits/thumb/women/54.jpg'}, 'nat': 'RS'}</msg>
<arg>${json_data['results'][0]}</arg>
<doc>Logs the given message with the given level.</doc>
<status status="PASS" start="2024-05-24T10:16:22.794406" elapsed="0.000410"/>
</kw>
<kw name="Log" owner="BuiltIn">
<msg time="2024-05-24T10:16:22.795260" level="INFO">login</msg>
<arg>${key}</arg>
<doc>Logs the given message with the given level.</doc>
<status status="PASS" start="2024-05-24T10:16:22.795109" elapsed="0.000198"/>
</kw>
<var name="${key}">login</var>
<status status="PASS" start="2024-05-24T10:16:22.793581" elapsed="0.001967"/>
</iter>
<var>${key}</var>
<value>@{expected_keys}</value>
<status status="PASS" start="2024-05-24T10:16:22.784681" elapsed="0.010993"/>
</for>
<kw name="Create List" owner="BuiltIn">
<msg time="2024-05-24T10:16:22.796009" level="INFO">${expected_keysTwo} = ['username', 'password']</msg>
<var>${expected_keysTwo}</var>
<arg>username</arg>
<arg>password</arg>
<doc>Returns a list containing given items.</doc>
<status status="PASS" start="2024-05-24T10:16:22.795873" elapsed="0.000159"/>
</kw>
<for flavor="IN">
<iter>
<kw name="Dictionary Should Contain Key" owner="Collections">
<msg time="2024-05-24T10:16:22.796921" level="INFO">False</msg>
<arg>${json_data['results'][0]['login']}</arg>
<arg>${keyTwo}</arg>
<doc>Fails if ``key`` is not found from ``dictionary``.</doc>
<status status="PASS" start="2024-05-24T10:16:22.796533" elapsed="0.000425"/>
</kw>
<kw name="Dictionary Should Contain Key" owner="Collections">
<msg time="2024-05-24T10:16:22.797625" level="INFO">False</msg>
<arg>${json_data['results'][0]['login']}</arg>
<arg>${keyTwo}</arg>
<doc>Fails if ``key`` is not found from ``dictionary``.</doc>
<status status="PASS" start="2024-05-24T10:16:22.797251" elapsed="0.000410"/>
</kw>
<kw name="Log" owner="BuiltIn">
<msg time="2024-05-24T10:16:22.798076" level="INFO">username</msg>
<arg>${keyTwo}</arg>
<doc>Logs the given message with the given level.</doc>
<status status="PASS" start="2024-05-24T10:16:22.797951" elapsed="0.000161"/>
</kw>
<var name="${keyTwo}">username</var>
<status status="PASS" start="2024-05-24T10:16:22.796422" elapsed="0.001899"/>
</iter>
<iter>
<kw name="Dictionary Should Contain Key" owner="Collections">
<msg time="2024-05-24T10:16:22.798978" level="INFO">False</msg>
<arg>${json_data['results'][0]['login']}</arg>
<arg>${keyTwo}</arg>
<doc>Fails if ``key`` is not found from ``dictionary``.</doc>
<status status="PASS" start="2024-05-24T10:16:22.798600" elapsed="0.000414"/>
</kw>
<kw name="Dictionary Should Contain Key" owner="Collections">
<msg time="2024-05-24T10:16:22.799715" level="INFO">False</msg>
<arg>${json_data['results'][0]['login']}</arg>
<arg>${keyTwo}</arg>
<doc>Fails if ``key`` is not found from ``dictionary``.</doc>
<status status="PASS" start="2024-05-24T10:16:22.799339" elapsed="0.000412"/>
</kw>
<kw name="Log" owner="BuiltIn">
<msg time="2024-05-24T10:16:22.800171" level="INFO">password</msg>
<arg>${keyTwo}</arg>
<doc>Logs the given message with the given level.</doc>
<status status="PASS" start="2024-05-24T10:16:22.800043" elapsed="0.000164"/>
</kw>
<var name="${keyTwo}">password</var>
<status status="PASS" start="2024-05-24T10:16:22.798492" elapsed="0.001927"/>
</iter>
<var>${keyTwo}</var>
<value>@{expected_keysTwo}</value>
<status status="PASS" start="2024-05-24T10:16:22.796269" elapsed="0.004271"/>
</for>
<status status="PASS" start="2024-05-24T10:16:22.692009" elapsed="0.108672"/>
</kw>
<doc>Testa a estrutura da resposta da API.</doc>
<tag>testeEstruturaResposta</tag>
<status status="PASS" start="2024-05-24T10:16:22.691505" elapsed="0.109335"/>
</test>
<test id="s1-s1-t4" name="Validar tipos de dados" line="28">
<kw name="Teste de Tipos de Dados" owner="random-user-service">
<kw name="GET On Session" owner="RequestsLibrary">
<msg time="2024-05-24T10:16:22.892161" level="INFO">GET Request : url=https://randomuser.me/api 
 path_url=/api 
 headers={'User-Agent': 'python-requests/2.32.2', 'Accept-Encoding': 'gzip, deflate', 'Accept': '*/*', 'Connection': 'keep-alive'} 
 body=None 
 </msg>
<msg time="2024-05-24T10:16:22.892270" level="INFO">GET Response : url=https://randomuser.me/api 
 status=200, reason=OK 
 headers={'Date': 'Fri, 24 May 2024 10:16:22 GMT', 'Content-Type': 'application/json; charset=utf-8', 'Transfer-Encoding': 'chunked', 'Connection': 'keep-alive', 'X-Powered-By': 'Express', 'Access-Control-Allow-Origin': '*', 'Cache-Control': 'no-cache', 'ETag': 'W/"4b4-U6ofYzuKo619pyHASe67lcT4XLY"', 'Vary': 'Accept-Encoding', 'Content-Encoding': 'gzip', 'CF-Cache-Status': 'DYNAMIC', 'Report-To': '{"endpoints":[{"url":"https:\\/\\/a.nel.cloudflare.com\\/report\\/v4?s=RHRL4E1TFWQr1HY9bmZ3ozHKyVmkUtdRPhR2Da%2BgWjE5yhdqQyHH8hVMnduQ6j%2BFE98XqY2MJWZa6cdfglAuukemJ9IfIJ%2FqMm386SyRTZar3fvOZkw8EPq%2BPsYBAZCc"}],"group":"cf-nel","max_age":604800}', 'NEL': '{"success_fraction":0,"report_to":"cf-nel","max_age":604800}', 'Server': 'cloudflare', 'CF-RAY': '888c87a68e182519-SJC', 'alt-svc': 'h3=":443"; ma=86400'} 
 body={"results":[{"gender":"female","name":{"title":"Mrs","first":"María Cristina","last":"Guerrero"},"location":{"street":{"number":5727,"name":"Pasaje Valencia"},"city":"Potrerillo del Norote","state":"Colima","country":"Mexico","postcode":87154,"coordinates":{"latitude":"21.4493","longitude":"68.6755"},"timezone":{"offset":"-11:00","description":"Midway Island, Samoa"}},"email":"mariacristina.guerrero@example.com","login":{"uuid":"a6609b94-d8c8-46aa-aa21-88a17665bccd","username":"beautifullion591","password":"birthday4","salt":"FYFxQPPO","md5":"edc63f6531c21dbc56dcb15307ad6675","sha1":"9f68da60541ca7f56e9d37b5f3eac270bb90663a","sha256":"542eff051b44bf93737004959314719835c4a4d3a0e5a452ce849b01f9404714"},"dob":{"date":"1981-10-17T01:24:20.651Z","age":42},"registered":{"date":"2004-02-07T02:56:10.214Z","age":20},"phone":"(634) 377 7859","cell":"(663) 916 0303","id":{"name":"NSS","value":"42 34 37 9420 2"},"picture":{"large":"https://randomuser.me/api/portraits/women/47.jpg","medium":"https://randomuser.me/api/portraits/med/women/47.jpg","thumbnail":"https://randomuser.me/api/portraits/thumb/women/47.jpg"},"nat":"MX"}],"info":{"seed":"a027a56e35765a2f","results":1,"page":1,"version":"1.4"}} 
 </msg>
<msg time="2024-05-24T10:16:22.892352" level="INFO">/opt/hostedtoolcache/Python/3.12.3/x64/lib/python3.12/site-packages/urllib3/connectionpool.py:1103: InsecureRequestWarning: Unverified HTTPS request is being made to host 'randomuser.me'. Adding certificate verification is strongly advised. See: https://urllib3.readthedocs.io/en/latest/advanced-usage.html#tls-warnings
  warnings.warn(</msg>
<msg time="2024-05-24T10:16:22.892486" level="INFO">${response} = &lt;Response [200]&gt;</msg>
<var>${response}</var>
<arg>consultarAPI</arg>
<arg>/api</arg>
<doc>Sends a GET request on a previously created HTTP Session.</doc>
<status status="PASS" start="2024-05-24T10:16:22.803427" elapsed="0.089098"/>
</kw>
<kw name="Set Variable" owner="BuiltIn">
<msg time="2024-05-24T10:16:22.893704" level="INFO">${json_data} = {'results': [{'gender': 'female', 'name': {'title': 'Mrs', 'first': 'María Cristina', 'last': 'Guerrero'}, 'location': {'street': {'number': 5727, 'name': 'Pasaje Valencia'}, 'city': 'Potrerillo del N...</msg>
<var>${json_data}</var>
<arg>${response.json()}</arg>
<doc>Returns the given values which can then be assigned to a variables.</doc>
<status status="PASS" start="2024-05-24T10:16:22.893142" elapsed="0.000592"/>
</kw>
<kw name="Log" owner="BuiltIn">
<msg time="2024-05-24T10:16:22.894214" level="INFO">{'results': [{'gender': 'female', 'name': {'title': 'Mrs', 'first': 'María Cristina', 'last': 'Guerrero'}, 'location': {'street': {'number': 5727, 'name': 'Pasaje Valencia'}, 'city': 'Potrerillo del Norote', 'state': 'Colima', 'country': 'Mexico', 'postcode': 87154, 'coordinates': {'latitude': '21.4493', 'longitude': '68.6755'}, 'timezone': {'offset': '-11:00', 'description': 'Midway Island, Samoa'}}, 'email': 'mariacristina.guerrero@example.com', 'login': {'uuid': 'a6609b94-d8c8-46aa-aa21-88a17665bccd', 'username': 'beautifullion591', 'password': 'birthday4', 'salt': 'FYFxQPPO', 'md5': 'edc63f6531c21dbc56dcb15307ad6675', 'sha1': '9f68da60541ca7f56e9d37b5f3eac270bb90663a', 'sha256': '542eff051b44bf93737004959314719835c4a4d3a0e5a452ce849b01f9404714'}, 'dob': {'date': '1981-10-17T01:24:20.651Z', 'age': 42}, 'registered': {'date': '2004-02-07T02:56:10.214Z', 'age': 20}, 'phone': '(634) 377 7859', 'cell': '(663) 916 0303', 'id': {'name': 'NSS', 'value': '42 34 37 9420 2'}, 'picture': {'large': 'https://randomuser.me/api/portraits/women/47.jpg', 'medium': 'https://randomuser.me/api/portraits/med/women/47.jpg', 'thumbnail': 'https://randomuser.me/api/portraits/thumb/women/47.jpg'}, 'nat': 'MX'}], 'info': {'seed': 'a027a56e35765a2f', 'results': 1, 'page': 1, 'version': '1.4'}}</msg>
<arg>${json_data}</arg>
<doc>Logs the given message with the given level.</doc>
<status status="PASS" start="2024-05-24T10:16:22.894048" elapsed="0.000254"/>
</kw>
<kw name="Should Be String" owner="String">
<arg>${json_data['results'][0]['gender']}</arg>
<doc>Fails if the given ``item`` is not a string.</doc>
<status status="PASS" start="2024-05-24T10:16:22.894606" elapsed="0.000367"/>
</kw>
<kw name="Should Match Regexp" owner="BuiltIn">
<arg>${json_data['results'][0]['email']}</arg>
<arg>^[a-zA-Z0-9._%+-]+@[a-zA-Z0-9.-]+\.[a-zA-Z]{2,}$</arg>
<doc>Fails if ``string`` does not match ``pattern`` as a regular expression.</doc>
<status status="PASS" start="2024-05-24T10:16:22.895166" elapsed="0.000727"/>
</kw>
<kw name="Should Match Regexp" owner="BuiltIn">
<arg>${json_data['results'][0]['dob']['date']}</arg>
<arg>\\d{4}-\\d{2}-\\d{2}T\\d{2}:\\d{2}:\\d{2}\\.\\d{3}Z</arg>
<doc>Fails if ``string`` does not match ``pattern`` as a regular expression.</doc>
<status status="PASS" start="2024-05-24T10:16:22.896094" elapsed="0.000484"/>
</kw>
<kw name="Should Match Regexp" owner="BuiltIn">
<arg>${json_data['results'][0]['registered']['date']}</arg>
<arg>\\d{4}-\\d{2}-\\d{2}T\\d{2}:\\d{2}:\\d{2}\\.\\d{3}Z</arg>
<doc>Fails if ``string`` does not match ``pattern`` as a regular expression.</doc>
<status status="PASS" start="2024-05-24T10:16:22.896773" elapsed="0.000366"/>
</kw>
<kw name="Should Match Regexp" owner="BuiltIn">
<arg>${json_data['results'][0]['picture']['large']}</arg>
<arg>^https?://.*\.(?:png|jpe?g|gif|bmp)$</arg>
<doc>Fails if ``string`` does not match ``pattern`` as a regular expression.</doc>
<status status="PASS" start="2024-05-24T10:16:22.897344" elapsed="0.000480"/>
</kw>
<kw name="Should Match Regexp" owner="BuiltIn">
<arg>${json_data['results'][0]['picture']['medium']}</arg>
<arg>^https?://.*\.(?:png|jpe?g|gif|bmp)$</arg>
<doc>Fails if ``string`` does not match ``pattern`` as a regular expression.</doc>
<status status="PASS" start="2024-05-24T10:16:22.898019" elapsed="0.000353"/>
</kw>
<kw name="Should Match Regexp" owner="BuiltIn">
<arg>${json_data['results'][0]['picture']['thumbnail']}</arg>
<arg>^https?://.*\.(?:png|jpe?g|gif|bmp)$</arg>
<doc>Fails if ``string`` does not match ``pattern`` as a regular expression.</doc>
<status status="PASS" start="2024-05-24T10:16:22.898562" elapsed="0.000349"/>
</kw>
<kw name="Log" owner="BuiltIn">
<msg time="2024-05-24T10:16:22.899452" level="INFO">{'large': 'https://randomuser.me/api/portraits/women/47.jpg', 'medium': 'https://randomuser.me/api/portraits/med/women/47.jpg', 'thumbnail': 'https://randomuser.me/api/portraits/thumb/women/47.jpg'}</msg>
<arg>${json_data['results'][0]['picture']}</arg>
<doc>Logs the given message with the given level.</doc>
<status status="PASS" start="2024-05-24T10:16:22.899095" elapsed="0.000399"/>
</kw>
<status status="PASS" start="2024-05-24T10:16:22.803151" elapsed="0.096601"/>
</kw>
<kw name="Teste de Tipos de Dados - Postcode" owner="random-user-service">
<kw name="GET On Session" owner="RequestsLibrary">
<msg time="2024-05-24T10:16:22.990476" level="INFO">GET Request : url=https://randomuser.me/api 
 path_url=/api 
 headers={'User-Agent': 'python-requests/2.32.2', 'Accept-Encoding': 'gzip, deflate', 'Accept': '*/*', 'Connection': 'keep-alive'} 
 body=None 
 </msg>
<msg time="2024-05-24T10:16:22.990586" level="INFO">GET Response : url=https://randomuser.me/api 
 status=200, reason=OK 
 headers={'Date': 'Fri, 24 May 2024 10:16:22 GMT', 'Content-Type': 'application/json; charset=utf-8', 'Transfer-Encoding': 'chunked', 'Connection': 'keep-alive', 'X-Powered-By': 'Express', 'Access-Control-Allow-Origin': '*', 'Cache-Control': 'no-cache', 'ETag': 'W/"4b6-/Yhkl11wxxCUTD+MfvguK6NxOIw"', 'Vary': 'Accept-Encoding', 'Content-Encoding': 'gzip', 'CF-Cache-Status': 'DYNAMIC', 'Report-To': '{"endpoints":[{"url":"https:\\/\\/a.nel.cloudflare.com\\/report\\/v4?s=kGHx1f3tLhRpqs0vrsRqnuzCh5YseRyNDuHSt5lGQnyHkxCKKK2LXggRoqDhDPc%2FqVNnSKVCiZJa0%2F6zRHI6bynqol0OXesvC%2Fb6oC6H4ikEtC3Ma9Qdg%2FTsdi2%2FZrsI"}],"group":"cf-nel","max_age":604800}', 'NEL': '{"success_fraction":0,"report_to":"cf-nel","max_age":604800}', 'Server': 'cloudflare', 'CF-RAY': '888c87a72e782519-SJC', 'alt-svc': 'h3=":443"; ma=86400'} 
 body={"results":[{"gender":"female","name":{"title":"Ms","first":"Adriana","last":"Guajardo"},"location":{"street":{"number":7720,"name":"Prolongación Sur Jimínez"},"city":"Río Grande","state":"Veracruz","country":"Mexico","postcode":91015,"coordinates":{"latitude":"28.7933","longitude":"112.5249"},"timezone":{"offset":"+9:00","description":"Tokyo, Seoul, Osaka, Sapporo, Yakutsk"}},"email":"adriana.guajardo@example.com","login":{"uuid":"06beceae-e012-4448-a98a-1754986ccfd2","username":"redbutterfly515","password":"kenwood","salt":"cfjqrGzL","md5":"ecfc1e918d7fe4c29fc57f620dd95af2","sha1":"769860a8e215d815264bb00d4969cd2279d3c24e","sha256":"15aec2e8ec43e9a0367395fa77a578d3384f35946f5a7018f9e6099a15563197"},"dob":{"date":"1963-04-15T23:42:48.755Z","age":61},"registered":{"date":"2008-03-16T14:01:23.510Z","age":16},"phone":"(654) 779 8178","cell":"(661) 041 1882","id":{"name":"NSS","value":"89 41 41 7769 9"},"picture":{"large":"https://randomuser.me/api/portraits/women/60.jpg","medium":"https://randomuser.me/api/portraits/med/women/60.jpg","thumbnail":"https://randomuser.me/api/portraits/thumb/women/60.jpg"},"nat":"MX"}],"info":{"seed":"e0155792396faab2","results":1,"page":1,"version":"1.4"}} 
 </msg>
<msg time="2024-05-24T10:16:22.990665" level="INFO">/opt/hostedtoolcache/Python/3.12.3/x64/lib/python3.12/site-packages/urllib3/connectionpool.py:1103: InsecureRequestWarning: Unverified HTTPS request is being made to host 'randomuser.me'. Adding certificate verification is strongly advised. See: https://urllib3.readthedocs.io/en/latest/advanced-usage.html#tls-warnings
  warnings.warn(</msg>
<msg time="2024-05-24T10:16:22.990792" level="INFO">${response} = &lt;Response [200]&gt;</msg>
<var>${response}</var>
<arg>consultarAPI</arg>
<arg>/api</arg>
<doc>Sends a GET request on a previously created HTTP Session.</doc>
<status status="PASS" start="2024-05-24T10:16:22.900216" elapsed="0.090617"/>
</kw>
<kw name="Set Variable" owner="BuiltIn">
<msg time="2024-05-24T10:16:22.992054" level="INFO">${json_data} = {'results': [{'gender': 'female', 'name': {'title': 'Ms', 'first': 'Adriana', 'last': 'Guajardo'}, 'location': {'street': {'number': 7720, 'name': 'Prolongación Sur Jimínez'}, 'city': 'Río Grande', 's...</msg>
<var>${json_data}</var>
<arg>${response.json()}</arg>
<doc>Returns the given values which can then be assigned to a variables.</doc>
<status status="PASS" start="2024-05-24T10:16:22.991481" elapsed="0.000607"/>
</kw>
<kw name="Log" owner="BuiltIn">
<msg time="2024-05-24T10:16:22.992569" level="INFO">{'results': [{'gender': 'female', 'name': {'title': 'Ms', 'first': 'Adriana', 'last': 'Guajardo'}, 'location': {'street': {'number': 7720, 'name': 'Prolongación Sur Jimínez'}, 'city': 'Río Grande', 'state': 'Veracruz', 'country': 'Mexico', 'postcode': 91015, 'coordinates': {'latitude': '28.7933', 'longitude': '112.5249'}, 'timezone': {'offset': '+9:00', 'description': 'Tokyo, Seoul, Osaka, Sapporo, Yakutsk'}}, 'email': 'adriana.guajardo@example.com', 'login': {'uuid': '06beceae-e012-4448-a98a-1754986ccfd2', 'username': 'redbutterfly515', 'password': 'kenwood', 'salt': 'cfjqrGzL', 'md5': 'ecfc1e918d7fe4c29fc57f620dd95af2', 'sha1': '769860a8e215d815264bb00d4969cd2279d3c24e', 'sha256': '15aec2e8ec43e9a0367395fa77a578d3384f35946f5a7018f9e6099a15563197'}, 'dob': {'date': '1963-04-15T23:42:48.755Z', 'age': 61}, 'registered': {'date': '2008-03-16T14:01:23.510Z', 'age': 16}, 'phone': '(654) 779 8178', 'cell': '(661) 041 1882', 'id': {'name': 'NSS', 'value': '89 41 41 7769 9'}, 'picture': {'large': 'https://randomuser.me/api/portraits/women/60.jpg', 'medium': 'https://randomuser.me/api/portraits/med/women/60.jpg', 'thumbnail': 'https://randomuser.me/api/portraits/thumb/women/60.jpg'}, 'nat': 'MX'}], 'info': {'seed': 'e0155792396faab2', 'results': 1, 'page': 1, 'version': '1.4'}}</msg>
<arg>${json_data}</arg>
<doc>Logs the given message with the given level.</doc>
<status status="PASS" start="2024-05-24T10:16:22.992407" elapsed="0.000248"/>
</kw>
<kw name="Should Be Equal As Numbers" owner="BuiltIn">
<arg>${json_data['results'][0]['location']['postcode']}</arg>
<arg>${json_data['results'][0]['location']['postcode']}</arg>
<doc>Fails if objects are unequal after converting them to real numbers.</doc>
<status status="PASS" start="2024-05-24T10:16:22.992961" elapsed="0.000627"/>
</kw>
<kw name="Log" owner="BuiltIn">
<msg time="2024-05-24T10:16:22.994149" level="INFO">91015</msg>
<arg>${json_data['results'][0]['location']['postcode']}</arg>
<doc>Logs the given message with the given level.</doc>
<status status="PASS" start="2024-05-24T10:16:22.993786" elapsed="0.000405"/>
</kw>
<status status="PASS" start="2024-05-24T10:16:22.899979" elapsed="0.094475"/>
</kw>
<doc>Testa se os tipos de dados na resposta da API estão corretos.</doc>
<tag>testeTiposDados</tag>
<status status="PASS" start="2024-05-24T10:16:22.802595" elapsed="0.192031"/>
</test>
<test id="s1-s1-t5" name="Validar conteudo" line="35">
<kw name="Teste de Tipos de Conteudo" owner="random-user-service">
<kw name="GET On Session" owner="RequestsLibrary">
<msg time="2024-05-24T10:16:23.094715" level="INFO">GET Request : url=https://randomuser.me/api 
 path_url=/api 
 headers={'User-Agent': 'python-requests/2.32.2', 'Accept-Encoding': 'gzip, deflate', 'Accept': '*/*', 'Connection': 'keep-alive'} 
 body=None 
 </msg>
<msg time="2024-05-24T10:16:23.094829" level="INFO">GET Response : url=https://randomuser.me/api 
 status=200, reason=OK 
 headers={'Date': 'Fri, 24 May 2024 10:16:23 GMT', 'Content-Type': 'application/json; charset=utf-8', 'Transfer-Encoding': 'chunked', 'Connection': 'keep-alive', 'X-Powered-By': 'Express', 'Access-Control-Allow-Origin': '*', 'Cache-Control': 'no-cache', 'ETag': 'W/"48d-3AqpDS0b8oQxMFMizUFgaqpyzOY"', 'Vary': 'Accept-Encoding', 'Content-Encoding': 'gzip', 'CF-Cache-Status': 'DYNAMIC', 'Report-To': '{"endpoints":[{"url":"https:\\/\\/a.nel.cloudflare.com\\/report\\/v4?s=OQTsNZhAvxfwXip%2BlSIpIKoc53lm%2Bl6WICMjoUTfGxtL0Q7FZYpPOgt2OP5CwYvcUf%2FU%2FDFXLFHHF3VDloU%2FdVKOaC1nYAaRot2fO7nrFUbKmfZ46ia%2FgOBdKb5Jil9g"}],"group":"cf-nel","max_age":604800}', 'NEL': '{"success_fraction":0,"report_to":"cf-nel","max_age":604800}', 'Server': 'cloudflare', 'CF-RAY': '888c87a7bede2519-SJC', 'alt-svc': 'h3=":443"; ma=86400'} 
 body={"results":[{"gender":"male","name":{"title":"Mr","first":"Obrad","last":"Vujičić"},"location":{"street":{"number":7537,"name":"Miroslava Belovića"},"city":"Kučevo","state":"North Banat","country":"Serbia","postcode":57181,"coordinates":{"latitude":"62.8279","longitude":"-159.7051"},"timezone":{"offset":"-1:00","description":"Azores, Cape Verde Islands"}},"email":"obrad.vujicic@example.com","login":{"uuid":"9e6c8668-4e0e-4f80-b579-6a32b23727db","username":"heavymeercat470","password":"friend","salt":"r3c48Hbn","md5":"d5b8069452e1ef77236a90fdae3b4f47","sha1":"3ad8ce33860427a6e475ddf326720bb2a61dd209","sha256":"9095433f444aefc5132fb4a72b21806d8acbf3bff0cf86fff5f4e417b626b8c9"},"dob":{"date":"1980-03-26T07:07:43.642Z","age":44},"registered":{"date":"2006-05-08T07:03:26.139Z","age":18},"phone":"031-2414-879","cell":"066-6018-292","id":{"name":"SID","value":"436207922"},"picture":{"large":"https://randomuser.me/api/portraits/men/13.jpg","medium":"https://randomuser.me/api/portraits/med/men/13.jpg","thumbnail":"https://randomuser.me/api/portraits/thumb/men/13.jpg"},"nat":"RS"}],"info":{"seed":"aea643c25b56ef78","results":1,"page":1,"version":"1.4"}} 
 </msg>
<msg time="2024-05-24T10:16:23.094900" level="INFO">/opt/hostedtoolcache/Python/3.12.3/x64/lib/python3.12/site-packages/urllib3/connectionpool.py:1103: InsecureRequestWarning: Unverified HTTPS request is being made to host 'randomuser.me'. Adding certificate verification is strongly advised. See: https://urllib3.readthedocs.io/en/latest/advanced-usage.html#tls-warnings
  warnings.warn(</msg>
<msg time="2024-05-24T10:16:23.095021" level="INFO">${response} = &lt;Response [200]&gt;</msg>
<var>${response}</var>
<arg>consultarAPI</arg>
<arg>/api</arg>
<doc>Sends a GET request on a previously created HTTP Session.</doc>
<status status="PASS" start="2024-05-24T10:16:22.997244" elapsed="0.097805"/>
</kw>
<kw name="Set Variable" owner="BuiltIn">
<msg time="2024-05-24T10:16:23.096157" level="INFO">${json_data} = {'results': [{'gender': 'male', 'name': {'title': 'Mr', 'first': 'Obrad', 'last': 'Vujičić'}, 'location': {'street': {'number': 7537, 'name': 'Miroslava Belovića'}, 'city': 'Kučevo', 'state': 'North B...</msg>
<var>${json_data}</var>
<arg>${response.json()}</arg>
<doc>Returns the given values which can then be assigned to a variables.</doc>
<status status="PASS" start="2024-05-24T10:16:23.095629" elapsed="0.000558"/>
</kw>
<kw name="Set Variable" owner="BuiltIn">
<msg time="2024-05-24T10:16:23.096877" level="INFO">${name_title} = Mr</msg>
<var>${name_title}</var>
<arg>${json_data["results"][0]["name"]["title"]}</arg>
<doc>Returns the given values which can then be assigned to a variables.</doc>
<status status="PASS" start="2024-05-24T10:16:23.096499" elapsed="0.000403"/>
</kw>
<kw name="Create List" owner="BuiltIn">
<msg time="2024-05-24T10:16:23.097355" level="INFO">${allowed_titles} = ['Mr', 'Ms', 'Miss', 'Mrs', 'Madame', 'Monsieur']</msg>
<var>${allowed_titles}</var>
<arg>Mr</arg>
<arg>Ms</arg>
<arg>Miss</arg>
<arg>Mrs</arg>
<arg>Madame</arg>
<arg>Monsieur</arg>
<doc>Returns a list containing given items.</doc>
<status status="PASS" start="2024-05-24T10:16:23.097205" elapsed="0.000175"/>
</kw>
<kw name="List Should Contain Value" owner="Collections">
<msg time="2024-05-24T10:16:23.097858" level="INFO">False</msg>
<arg>${allowed_titles}</arg>
<arg>${name_title}</arg>
<doc>Fails if the ``value`` is not found from ``list``.</doc>
<status status="PASS" start="2024-05-24T10:16:23.097682" elapsed="0.000213"/>
</kw>
<kw name="Set Variable" owner="BuiltIn">
<msg time="2024-05-24T10:16:23.098749" level="INFO">${name_country} = RS</msg>
<var>${name_country}</var>
<arg>${json_data["results"][0]["nat"]}</arg>
<doc>Returns the given values which can then be assigned to a variables.</doc>
<status status="PASS" start="2024-05-24T10:16:23.098185" elapsed="0.000590"/>
</kw>
<kw name="Create List" owner="BuiltIn">
<msg time="2024-05-24T10:16:23.099718" level="INFO">${list_country} = ['AD', 'AE', 'AF', 'AG', 'AI', 'AL', 'AM', 'AO', 'AQ', 'AR', 'AS', 'AT', 'AU', 'AW', 'AX', 'AZ', 'BA', 'BB', 'BD', 'BE', 'BF', 'BG', 'BH', 'BI', 'BJ', 'BL', 'BM', 'BN', 'BO', 'BQ', 'BR', 'BS', 'BT', '...</msg>
<var>${list_country}</var>
<arg>AD</arg>
<arg>AE</arg>
<arg>AF</arg>
<arg>AG</arg>
<arg>AI</arg>
<arg>AL</arg>
<arg>AM</arg>
<arg>AO</arg>
<arg>AQ</arg>
<arg>AR</arg>
<arg>AS</arg>
<arg>AT</arg>
<arg>AU</arg>
<arg>AW</arg>
<arg>AX</arg>
<arg>AZ</arg>
<arg>BA</arg>
<arg>BB</arg>
<arg>BD</arg>
<arg>BE</arg>
<arg>BF</arg>
<arg>BG</arg>
<arg>BH</arg>
<arg>BI</arg>
<arg>BJ</arg>
<arg>BL</arg>
<arg>BM</arg>
<arg>BN</arg>
<arg>BO</arg>
<arg>BQ</arg>
<arg>BR</arg>
<arg>BS</arg>
<arg>BT</arg>
<arg>BV</arg>
<arg>BW</arg>
<arg>BY</arg>
<arg>BZ</arg>
<arg>CA</arg>
<arg>CC</arg>
<arg>CD</arg>
<arg>CF</arg>
<arg>CG</arg>
<arg>CH</arg>
<arg>CI</arg>
<arg>CK</arg>
<arg>CL</arg>
<arg>CM</arg>
<arg>CN</arg>
<arg>CO</arg>
<arg>CR</arg>
<arg>CU</arg>
<arg>CV</arg>
<arg>CW</arg>
<arg>CX</arg>
<arg>CY</arg>
<arg>CZ</arg>
<arg>DE</arg>
<arg>DJ</arg>
<arg>DK</arg>
<arg>DM</arg>
<arg>DO</arg>
<arg>DZ</arg>
<arg>EC</arg>
<arg>EE</arg>
<arg>EG</arg>
<arg>EH</arg>
<arg>ER</arg>
<arg>ES</arg>
<arg>ET</arg>
<arg>FI</arg>
<arg>FJ</arg>
<arg>FK</arg>
<arg>FM</arg>
<arg>FO</arg>
<arg>FR</arg>
<arg>GA</arg>
<arg>GB</arg>
<arg>GD</arg>
<arg>GE</arg>
<arg>GF</arg>
<arg>GG</arg>
<arg>GH</arg>
<arg>GI</arg>
<arg>GL</arg>
<arg>GM</arg>
<arg>GN</arg>
<arg>GP</arg>
<arg>GQ</arg>
<arg>GR</arg>
<arg>GS</arg>
<arg>GT</arg>
<arg>GU</arg>
<arg>GW</arg>
<arg>GY</arg>
<arg>HK</arg>
<arg>HM</arg>
<arg>HN</arg>
<arg>HR</arg>
<arg>HT</arg>
<arg>HU</arg>
<arg>ID</arg>
<arg>IE</arg>
<arg>IL</arg>
<arg>IM</arg>
<arg>IN</arg>
<arg>IO</arg>
<arg>IQ</arg>
<arg>IR</arg>
<arg>IS</arg>
<arg>IT</arg>
<arg>JE</arg>
<arg>JM</arg>
<arg>JO</arg>
<arg>JP</arg>
<arg>KE</arg>
<arg>KG</arg>
<arg>KH</arg>
<arg>KI</arg>
<arg>KM</arg>
<arg>KN</arg>
<arg>KP</arg>
<arg>KR</arg>
<arg>KW</arg>
<arg>KY</arg>
<arg>KZ</arg>
<arg>LA</arg>
<arg>LB</arg>
<arg>LC</arg>
<arg>LI</arg>
<arg>LK</arg>
<arg>LR</arg>
<arg>LS</arg>
<arg>LT</arg>
<arg>LU</arg>
<arg>LV</arg>
<arg>LY</arg>
<arg>MA</arg>
<arg>MC</arg>
<arg>MD</arg>
<arg>ME</arg>
<arg>MF</arg>
<arg>MG</arg>
<arg>MH</arg>
<arg>MK</arg>
<arg>ML</arg>
<arg>MM</arg>
<arg>MN</arg>
<arg>MO</arg>
<arg>MP</arg>
<arg>MQ</arg>
<arg>MR</arg>
<arg>MS</arg>
<arg>MT</arg>
<arg>MU</arg>
<arg>MV</arg>
<arg>MW</arg>
<arg>MX</arg>
<arg>MY</arg>
<arg>MZ</arg>
<arg>NA</arg>
<arg>NC</arg>
<arg>NE</arg>
<arg>NF</arg>
<arg>NG</arg>
<arg>NI</arg>
<arg>NL</arg>
<arg>NO</arg>
<arg>NP</arg>
<arg>NR</arg>
<arg>NU</arg>
<arg>NZ</arg>
<arg>OM</arg>
<arg>PA</arg>
<arg>PE</arg>
<arg>PF</arg>
<arg>PG</arg>
<arg>PH</arg>
<arg>PK</arg>
<arg>PL</arg>
<arg>PM</arg>
<arg>PN</arg>
<arg>PR</arg>
<arg>PS</arg>
<arg>PT</arg>
<arg>PW</arg>
<arg>PY</arg>
<arg>QA</arg>
<arg>RE</arg>
<arg>RO</arg>
<arg>RS</arg>
<arg>RU</arg>
<arg>RW</arg>
<arg>SA</arg>
<arg>SB</arg>
<arg>SC</arg>
<arg>SD</arg>
<arg>SE</arg>
<arg>SG</arg>
<arg>SH</arg>
<arg>SI</arg>
<arg>SJ</arg>
<arg>SK</arg>
<arg>SL</arg>
<arg>SM</arg>
<arg>SN</arg>
<arg>SO</arg>
<arg>SR</arg>
<arg>SS</arg>
<arg>ST</arg>
<arg>SV</arg>
<arg>SX</arg>
<arg>SY</arg>
<arg>SZ</arg>
<arg>TC</arg>
<arg>TD</arg>
<arg>TF</arg>
<arg>TG</arg>
<arg>TH</arg>
<arg>TJ</arg>
<arg>TK</arg>
<arg>TL</arg>
<arg>TM</arg>
<arg>TN</arg>
<arg>TO</arg>
<arg>TR</arg>
<arg>TT</arg>
<arg>TV</arg>
<arg>TW</arg>
<arg>TZ</arg>
<arg>UA</arg>
<arg>UG</arg>
<arg>UM</arg>
<arg>US</arg>
<arg>UY</arg>
<arg>UZ</arg>
<arg>VA</arg>
<arg>VC</arg>
<arg>VE</arg>
<arg>VG</arg>
<arg>VI</arg>
<arg>VN</arg>
<arg>VU</arg>
<arg>WF</arg>
<arg>WS</arg>
<arg>XK</arg>
<arg>YE</arg>
<arg>YT</arg>
<arg>ZA</arg>
<arg>ZM</arg>
<arg>ZW</arg>
<doc>Returns a list containing given items.</doc>
<status status="PASS" start="2024-05-24T10:16:23.099084" elapsed="0.000661"/>
</kw>
<kw name="List Should Contain Value" owner="Collections">
<msg time="2024-05-24T10:16:23.100746" level="INFO">False</msg>
<arg>${list_country}</arg>
<arg>${name_country}</arg>
<doc>Fails if the ``value`` is not found from ``list``.</doc>
<status status="PASS" start="2024-05-24T10:16:23.100534" elapsed="0.000249"/>
</kw>
<kw name="Run Keyword If" owner="BuiltIn">
<kw name="Should Be True" owner="BuiltIn">
<arg>${True}</arg>
<doc>Fails if the given condition is not true.</doc>
<status status="PASS" start="2024-05-24T10:16:23.101873" elapsed="0.000145"/>
</kw>
<arg>${json_data["results"][0]["location"]["coordinates"]["latitude"]} &gt;= -90 and ${json_data["results"][0]["location"]["coordinates"]["latitude"]} &lt;= 90</arg>
<arg>Should Be True</arg>
<arg>${True}</arg>
<doc>Runs the given keyword with the given arguments, if ``condition`` is true.</doc>
<status status="PASS" start="2024-05-24T10:16:23.101095" elapsed="0.001050"/>
</kw>
<kw name="Run Keyword If" owner="BuiltIn">
<kw name="Should Be True" owner="BuiltIn">
<arg>${True}</arg>
<doc>Fails if the given condition is not true.</doc>
<status status="PASS" start="2024-05-24T10:16:23.103022" elapsed="0.000136"/>
</kw>
<arg>${json_data["results"][0]["location"]["coordinates"]["longitude"]} &gt;= -180 and ${json_data["results"][0]["location"]["coordinates"]["longitude"]} &lt;= 180</arg>
<arg>Should Be True</arg>
<arg>${True}</arg>
<doc>Runs the given keyword with the given arguments, if ``condition`` is true.</doc>
<status status="PASS" start="2024-05-24T10:16:23.102332" elapsed="0.000979"/>
</kw>
<status status="PASS" start="2024-05-24T10:16:22.997010" elapsed="0.106431"/>
</kw>
<doc>Testa o conteúdo específico dos campos retornados pela API.</doc>
<tag>testeConteudo</tag>
<status status="PASS" start="2024-05-24T10:16:22.996535" elapsed="0.107060"/>
</test>
<status status="PASS" start="2024-05-24T10:16:21.882228" elapsed="1.223304"/>
</suite>
<status status="PASS" start="2024-05-24T10:16:21.868603" elapsed="1.242037"/>
</suite>
<statistics>
<total>
<stat pass="5" fail="0" skip="0">All Tests</stat>
</total>
<tag>
<stat pass="1" fail="0" skip="0">testeConteudo</stat>
<stat pass="1" fail="0" skip="0">testeEstruturaResposta</stat>
<stat pass="1" fail="0" skip="0">testeRequisicaoBasica</stat>
<stat pass="1" fail="0" skip="0">testeTiposDados</stat>
</tag>
<suite>
<stat pass="5" fail="0" skip="0" id="s1" name="Tests">Tests</stat>
<stat pass="5" fail="0" skip="0" id="s1-s1" name="Random-User-Test">Tests.Random-User-Test</stat>
</suite>
</statistics>
<errors>
</errors>
</robot>
