<?xml version="1.0" encoding="UTF-8"?>
<robot generator="Robot 7.0.1 (Python 3.12.3 on linux)" generated="2024-06-13T14:14:55.850703" rpa="false" schemaversion="5">
<suite id="s1" name="Tests" source="/home/runner/work/ApiRandomUser/ApiRandomUser/RamdonUser/tests">
<suite id="s1-s1" name="Random-User-Test" source="/home/runner/work/ApiRandomUser/ApiRandomUser/RamdonUser/tests/random-user-test.robot">
<test id="s1-s1-t1" name="Conectar" line="13">
<kw name="Conectar API" owner="random-user-service">
<kw name="Create Session" owner="RequestsLibrary">
<msg time="2024-06-13T14:14:56.317797" level="INFO">Creating Session using : alias=consultarAPI, url=https://randomuser.me/, headers={},                     cookies={}, auth=None, timeout=None, proxies=None, verify=False,                     debug=0 </msg>
<arg>consultarAPI</arg>
<arg>${URL}</arg>
<doc>Create Session: create a HTTP session to a server</doc>
<status status="PASS" start="2024-06-13T14:14:56.317593" elapsed="0.000397"/>
</kw>
<status status="PASS" start="2024-06-13T14:14:56.316538" elapsed="0.001823"/>
</kw>
<status status="PASS" start="2024-06-13T14:14:56.315895" elapsed="0.002669"/>
</test>
<test id="s1-s1-t2" name="Validar retorno 200 e JSON Válido" line="16">
<kw name="Teste de Requisicao Basica" owner="random-user-service">
<kw name="GET On Session" owner="RequestsLibrary">
<msg time="2024-06-13T14:14:56.541901" level="INFO">GET Request : url=https://randomuser.me/api 
 path_url=/api 
 headers={'User-Agent': 'python-requests/2.32.3', 'Accept-Encoding': 'gzip, deflate', 'Accept': '*/*', 'Connection': 'keep-alive'} 
 body=None 
 </msg>
<msg time="2024-06-13T14:14:56.542058" level="INFO">GET Response : url=https://randomuser.me/api 
 status=200, reason=OK 
 headers={'Date': 'Thu, 13 Jun 2024 14:14:56 GMT', 'Content-Type': 'application/json; charset=utf-8', 'Transfer-Encoding': 'chunked', 'Connection': 'keep-alive', 'X-Powered-By': 'Express', 'Access-Control-Allow-Origin': '*', 'Cache-Control': 'no-cache', 'ETag': 'W/"498-3BK4tR+0mRweRRBZBT/umkMmQbw"', 'Vary': 'Accept-Encoding', 'Content-Encoding': 'gzip', 'CF-Cache-Status': 'DYNAMIC', 'Report-To': '{"endpoints":[{"url":"https:\\/\\/a.nel.cloudflare.com\\/report\\/v4?s=q0LA%2BY8uk%2BhITLy5H0vpoW%2BojRCISe4z6Z3LAIKksFrNjVvkEoKUDrcUTIMuipbJX3ZBvANsQx%2F90EymsUKK2OvS8hArofMzUI6smbStY9KoHFkivwRP3n85Bzv9dvZo"}],"group":"cf-nel","max_age":604800}', 'NEL': '{"success_fraction":0,"report_to":"cf-nel","max_age":604800}', 'Server': 'cloudflare', 'CF-RAY': '8932b09b28ff6fe5-IAD', 'alt-svc': 'h3=":443"; ma=86400'} 
 body={"results":[{"gender":"female","name":{"title":"Miss","first":"Dawn","last":"Lewis"},"location":{"street":{"number":1225,"name":"Northaven Rd"},"city":"Bathurst","state":"Queensland","country":"Australia","postcode":5454,"coordinates":{"latitude":"-86.6391","longitude":"55.5228"},"timezone":{"offset":"-5:00","description":"Eastern Time (US &amp; Canada), Bogota, Lima"}},"email":"dawn.lewis@example.com","login":{"uuid":"38031817-e811-4f90-a79e-9612b599f654","username":"whitemeercat460","password":"morning","salt":"Hef9LckC","md5":"076c7dcbdb9cb1714782ceafac9ebc4d","sha1":"dfd372fdfe72d671044a2c546a2d7c94a48166f2","sha256":"6f58d483daa321c15fd775ce06fe689d8e20aa9b338b239bd5534f54b49d3e31"},"dob":{"date":"1950-02-09T10:50:35.210Z","age":74},"registered":{"date":"2005-01-01T07:53:12.603Z","age":19},"phone":"03-5694-3227","cell":"0409-793-333","id":{"name":"TFN","value":"243492537"},"picture":{"large":"https://randomuser.me/api/portraits/women/67.jpg","medium":"https://randomuser.me/api/portraits/med/women/67.jpg","thumbnail":"https://randomuser.me/api/portraits/thumb/women/67.jpg"},"nat":"AU"}],"info":{"seed":"d00f5110da32fe83","results":1,"page":1,"version":"1.4"}} 
 </msg>
<msg time="2024-06-13T14:14:56.542147" level="INFO">/opt/hostedtoolcache/Python/3.12.3/x64/lib/python3.12/site-packages/urllib3/connectionpool.py:1103: InsecureRequestWarning: Unverified HTTPS request is being made to host 'randomuser.me'. Adding certificate verification is strongly advised. See: https://urllib3.readthedocs.io/en/latest/advanced-usage.html#tls-warnings
  warnings.warn(</msg>
<msg time="2024-06-13T14:14:56.542305" level="INFO">${response} = &lt;Response [200]&gt;</msg>
<var>${response}</var>
<arg>consultarAPI</arg>
<arg>/api</arg>
<doc>Sends a GET request on a previously created HTTP Session.</doc>
<status status="PASS" start="2024-06-13T14:14:56.321271" elapsed="0.221083"/>
</kw>
<kw name="Should Be Equal As Numbers" owner="BuiltIn">
<msg time="2024-06-13T14:14:56.543346" level="INFO">Argument types are:
&lt;class 'int'&gt;
&lt;class 'str'&gt;</msg>
<arg>${response.status_code}</arg>
<arg>200</arg>
<doc>Fails if objects are unequal after converting them to real numbers.</doc>
<status status="PASS" start="2024-06-13T14:14:56.542832" elapsed="0.000580"/>
</kw>
<kw name="Log" owner="BuiltIn">
<msg time="2024-06-13T14:14:56.544103" level="INFO">200</msg>
<arg>${response.status_code}</arg>
<doc>Logs the given message with the given level.</doc>
<status status="PASS" start="2024-06-13T14:14:56.543749" elapsed="0.000410"/>
</kw>
<kw name="Set Variable" owner="BuiltIn">
<msg time="2024-06-13T14:14:56.544917" level="INFO">${json_data} = {'results': [{'gender': 'female', 'name': {'title': 'Miss', 'first': 'Dawn', 'last': 'Lewis'}, 'location': {'street': {'number': 1225, 'name': 'Northaven Rd'}, 'city': 'Bathurst', 'state': 'Queensland...</msg>
<var>${json_data}</var>
<arg>${response.json()}</arg>
<doc>Returns the given values which can then be assigned to a variables.</doc>
<status status="PASS" start="2024-06-13T14:14:56.544474" elapsed="0.000471"/>
</kw>
<kw name="Dictionary Should Contain Key" owner="Collections">
<arg>${json_data}</arg>
<arg>results</arg>
<doc>Fails if ``key`` is not found from ``dictionary``.</doc>
<status status="PASS" start="2024-06-13T14:14:56.545253" elapsed="0.000168"/>
</kw>
<status status="PASS" start="2024-06-13T14:14:56.321032" elapsed="0.224546"/>
</kw>
<doc>Testa se a API responde corretamente e retorna um objeto JSON válido.</doc>
<tag>testeRequisicaoBasica</tag>
<status status="PASS" start="2024-06-13T14:14:56.320472" elapsed="0.225293"/>
</test>
<test id="s1-s1-t3" name="Validar estrutura de resposta" line="22">
<kw name="Teste de Estrutura de Resposta" owner="random-user-service">
<kw name="GET On Session" owner="RequestsLibrary">
<msg time="2024-06-13T14:14:56.634124" level="INFO">GET Request : url=https://randomuser.me/api 
 path_url=/api 
 headers={'User-Agent': 'python-requests/2.32.3', 'Accept-Encoding': 'gzip, deflate', 'Accept': '*/*', 'Connection': 'keep-alive'} 
 body=None 
 </msg>
<msg time="2024-06-13T14:14:56.634197" level="INFO">GET Response : url=https://randomuser.me/api 
 status=200, reason=OK 
 headers={'Date': 'Thu, 13 Jun 2024 14:14:56 GMT', 'Content-Type': 'application/json; charset=utf-8', 'Transfer-Encoding': 'chunked', 'Connection': 'keep-alive', 'X-Powered-By': 'Express', 'Access-Control-Allow-Origin': '*', 'Cache-Control': 'no-cache', 'ETag': 'W/"472-0LM/xm1k7xQdKs48YXm4U+891NI"', 'Vary': 'Accept-Encoding', 'Content-Encoding': 'gzip', 'CF-Cache-Status': 'DYNAMIC', 'Report-To': '{"endpoints":[{"url":"https:\\/\\/a.nel.cloudflare.com\\/report\\/v4?s=9EMf68PNIPZYKjJQcvp4w0XgD%2BMs%2F0tO6l2SoTu6BeGqxBf85j64j6BvaaLrAcE5Ld2CgRM4lRrSiv7JgtPOHuNhsAYCTPws9IWo%2BkfDqJ48yMV6Gqo424AIOfPamJRh"}],"group":"cf-nel","max_age":604800}', 'NEL': '{"success_fraction":0,"report_to":"cf-nel","max_age":604800}', 'Server': 'cloudflare', 'CF-RAY': '8932b09b794f6fe5-IAD', 'alt-svc': 'h3=":443"; ma=86400'} 
 body={"results":[{"gender":"male","name":{"title":"Mr","first":"Philip","last":"Hansen"},"location":{"street":{"number":7293,"name":"Hadsundvej"},"city":"Sønder Stenderup","state":"Nordjylland","country":"Denmark","postcode":76393,"coordinates":{"latitude":"-44.2528","longitude":"-80.7633"},"timezone":{"offset":"-10:00","description":"Hawaii"}},"email":"philip.hansen@example.com","login":{"uuid":"c21b4d8b-3635-45a5-9b64-ce65cbaa631b","username":"greenfish789","password":"qwert40","salt":"pxmvvPtZ","md5":"1be3962e2799300d4e4332dbf7ea5e64","sha1":"778c9f82aba8b9c93f0e0eaa7182e9d412a0ea96","sha256":"3d9f2df5a9333db7eb029480fe1cd847b5494ecfa28c122e40943bf21357c787"},"dob":{"date":"1996-04-03T12:43:59.065Z","age":28},"registered":{"date":"2010-06-11T20:28:18.783Z","age":14},"phone":"87664217","cell":"40310052","id":{"name":"CPR","value":"030496-6558"},"picture":{"large":"https://randomuser.me/api/portraits/men/36.jpg","medium":"https://randomuser.me/api/portraits/med/men/36.jpg","thumbnail":"https://randomuser.me/api/portraits/thumb/men/36.jpg"},"nat":"DK"}],"info":{"seed":"776093ea7faef7ef","results":1,"page":1,"version":"1.4"}} 
 </msg>
<msg time="2024-06-13T14:14:56.634317" level="INFO">/opt/hostedtoolcache/Python/3.12.3/x64/lib/python3.12/site-packages/urllib3/connectionpool.py:1103: InsecureRequestWarning: Unverified HTTPS request is being made to host 'randomuser.me'. Adding certificate verification is strongly advised. See: https://urllib3.readthedocs.io/en/latest/advanced-usage.html#tls-warnings
  warnings.warn(</msg>
<msg time="2024-06-13T14:14:56.634441" level="INFO">${response} = &lt;Response [200]&gt;</msg>
<var>${response}</var>
<arg>consultarAPI</arg>
<arg>/api</arg>
<doc>Sends a GET request on a previously created HTTP Session.</doc>
<status status="PASS" start="2024-06-13T14:14:56.548601" elapsed="0.085883"/>
</kw>
<kw name="Set Variable" owner="BuiltIn">
<msg time="2024-06-13T14:14:56.635389" level="INFO">${json_data} = {'results': [{'gender': 'male', 'name': {'title': 'Mr', 'first': 'Philip', 'last': 'Hansen'}, 'location': {'street': {'number': 7293, 'name': 'Hadsundvej'}, 'city': 'Sønder Stenderup', 'state': 'Nordj...</msg>
<var>${json_data}</var>
<arg>${response.json()}</arg>
<doc>Returns the given values which can then be assigned to a variables.</doc>
<status status="PASS" start="2024-06-13T14:14:56.634877" elapsed="0.000556"/>
</kw>
<kw name="Log" owner="BuiltIn">
<msg time="2024-06-13T14:14:56.635902" level="INFO">{'results': [{'gender': 'male', 'name': {'title': 'Mr', 'first': 'Philip', 'last': 'Hansen'}, 'location': {'street': {'number': 7293, 'name': 'Hadsundvej'}, 'city': 'Sønder Stenderup', 'state': 'Nordjylland', 'country': 'Denmark', 'postcode': 76393, 'coordinates': {'latitude': '-44.2528', 'longitude': '-80.7633'}, 'timezone': {'offset': '-10:00', 'description': 'Hawaii'}}, 'email': 'philip.hansen@example.com', 'login': {'uuid': 'c21b4d8b-3635-45a5-9b64-ce65cbaa631b', 'username': 'greenfish789', 'password': 'qwert40', 'salt': 'pxmvvPtZ', 'md5': '1be3962e2799300d4e4332dbf7ea5e64', 'sha1': '778c9f82aba8b9c93f0e0eaa7182e9d412a0ea96', 'sha256': '3d9f2df5a9333db7eb029480fe1cd847b5494ecfa28c122e40943bf21357c787'}, 'dob': {'date': '1996-04-03T12:43:59.065Z', 'age': 28}, 'registered': {'date': '2010-06-11T20:28:18.783Z', 'age': 14}, 'phone': '87664217', 'cell': '40310052', 'id': {'name': 'CPR', 'value': '030496-6558'}, 'picture': {'large': 'https://randomuser.me/api/portraits/men/36.jpg', 'medium': 'https://randomuser.me/api/portraits/med/men/36.jpg', 'thumbnail': 'https://randomuser.me/api/portraits/thumb/men/36.jpg'}, 'nat': 'DK'}], 'info': {'seed': '776093ea7faef7ef', 'results': 1, 'page': 1, 'version': '1.4'}}</msg>
<arg>${json_data}</arg>
<doc>Logs the given message with the given level.</doc>
<status status="PASS" start="2024-06-13T14:14:56.635742" elapsed="0.000208"/>
</kw>
<kw name="Dictionary Should Contain Key" owner="Collections">
<arg>${json_data}</arg>
<arg>results</arg>
<doc>Fails if ``key`` is not found from ``dictionary``.</doc>
<status status="PASS" start="2024-06-13T14:14:56.636243" elapsed="0.000155"/>
</kw>
<kw name="Should Not Be Empty" owner="BuiltIn">
<msg time="2024-06-13T14:14:56.636706" level="INFO">Length is 2.</msg>
<arg>${json_data}</arg>
<doc>Verifies that the given item is not empty.</doc>
<status status="PASS" start="2024-06-13T14:14:56.636581" elapsed="0.000162"/>
</kw>
<kw name="Create List" owner="BuiltIn">
<msg time="2024-06-13T14:14:56.637179" level="INFO">${expected_keys} = ['gender', 'name', 'location', 'email', 'login']</msg>
<var>${expected_keys}</var>
<arg>gender</arg>
<arg>name</arg>
<arg>location</arg>
<arg>email</arg>
<arg>login</arg>
<doc>Returns a list containing given items.</doc>
<status status="PASS" start="2024-06-13T14:14:56.637031" elapsed="0.000172"/>
</kw>
<for flavor="IN">
<iter>
<kw name="Dictionary Should Contain Key" owner="Collections">
<arg>${json_data['results'][0]}</arg>
<arg>${key}</arg>
<doc>Fails if ``key`` is not found from ``dictionary``.</doc>
<status status="PASS" start="2024-06-13T14:14:56.637784" elapsed="0.000402"/>
</kw>
<kw name="Log" owner="BuiltIn">
<msg time="2024-06-13T14:14:56.638757" level="INFO">{'gender': 'male', 'name': {'title': 'Mr', 'first': 'Philip', 'last': 'Hansen'}, 'location': {'street': {'number': 7293, 'name': 'Hadsundvej'}, 'city': 'Sønder Stenderup', 'state': 'Nordjylland', 'country': 'Denmark', 'postcode': 76393, 'coordinates': {'latitude': '-44.2528', 'longitude': '-80.7633'}, 'timezone': {'offset': '-10:00', 'description': 'Hawaii'}}, 'email': 'philip.hansen@example.com', 'login': {'uuid': 'c21b4d8b-3635-45a5-9b64-ce65cbaa631b', 'username': 'greenfish789', 'password': 'qwert40', 'salt': 'pxmvvPtZ', 'md5': '1be3962e2799300d4e4332dbf7ea5e64', 'sha1': '778c9f82aba8b9c93f0e0eaa7182e9d412a0ea96', 'sha256': '3d9f2df5a9333db7eb029480fe1cd847b5494ecfa28c122e40943bf21357c787'}, 'dob': {'date': '1996-04-03T12:43:59.065Z', 'age': 28}, 'registered': {'date': '2010-06-11T20:28:18.783Z', 'age': 14}, 'phone': '87664217', 'cell': '40310052', 'id': {'name': 'CPR', 'value': '030496-6558'}, 'picture': {'large': 'https://randomuser.me/api/portraits/men/36.jpg', 'medium': 'https://randomuser.me/api/portraits/med/men/36.jpg', 'thumbnail': 'https://randomuser.me/api/portraits/thumb/men/36.jpg'}, 'nat': 'DK'}</msg>
<arg>${json_data['results'][0]}</arg>
<doc>Logs the given message with the given level.</doc>
<status status="PASS" start="2024-06-13T14:14:56.638388" elapsed="0.000420"/>
</kw>
<kw name="Log" owner="BuiltIn">
<msg time="2024-06-13T14:14:56.639282" level="INFO">gender</msg>
<arg>${key}</arg>
<doc>Logs the given message with the given level.</doc>
<status status="PASS" start="2024-06-13T14:14:56.639138" elapsed="0.000183"/>
</kw>
<var name="${key}">gender</var>
<status status="PASS" start="2024-06-13T14:14:56.637661" elapsed="0.001887"/>
</iter>
<iter>
<kw name="Dictionary Should Contain Key" owner="Collections">
<arg>${json_data['results'][0]}</arg>
<arg>${key}</arg>
<doc>Fails if ``key`` is not found from ``dictionary``.</doc>
<status status="PASS" start="2024-06-13T14:14:56.639850" elapsed="0.000382"/>
</kw>
<kw name="Log" owner="BuiltIn">
<msg time="2024-06-13T14:14:56.640770" level="INFO">{'gender': 'male', 'name': {'title': 'Mr', 'first': 'Philip', 'last': 'Hansen'}, 'location': {'street': {'number': 7293, 'name': 'Hadsundvej'}, 'city': 'Sønder Stenderup', 'state': 'Nordjylland', 'country': 'Denmark', 'postcode': 76393, 'coordinates': {'latitude': '-44.2528', 'longitude': '-80.7633'}, 'timezone': {'offset': '-10:00', 'description': 'Hawaii'}}, 'email': 'philip.hansen@example.com', 'login': {'uuid': 'c21b4d8b-3635-45a5-9b64-ce65cbaa631b', 'username': 'greenfish789', 'password': 'qwert40', 'salt': 'pxmvvPtZ', 'md5': '1be3962e2799300d4e4332dbf7ea5e64', 'sha1': '778c9f82aba8b9c93f0e0eaa7182e9d412a0ea96', 'sha256': '3d9f2df5a9333db7eb029480fe1cd847b5494ecfa28c122e40943bf21357c787'}, 'dob': {'date': '1996-04-03T12:43:59.065Z', 'age': 28}, 'registered': {'date': '2010-06-11T20:28:18.783Z', 'age': 14}, 'phone': '87664217', 'cell': '40310052', 'id': {'name': 'CPR', 'value': '030496-6558'}, 'picture': {'large': 'https://randomuser.me/api/portraits/men/36.jpg', 'medium': 'https://randomuser.me/api/portraits/med/men/36.jpg', 'thumbnail': 'https://randomuser.me/api/portraits/thumb/men/36.jpg'}, 'nat': 'DK'}</msg>
<arg>${json_data['results'][0]}</arg>
<doc>Logs the given message with the given level.</doc>
<status status="PASS" start="2024-06-13T14:14:56.640417" elapsed="0.000435"/>
</kw>
<kw name="Log" owner="BuiltIn">
<msg time="2024-06-13T14:14:56.641292" level="INFO">name</msg>
<arg>${key}</arg>
<doc>Logs the given message with the given level.</doc>
<status status="PASS" start="2024-06-13T14:14:56.641156" elapsed="0.000175"/>
</kw>
<var name="${key}">name</var>
<status status="PASS" start="2024-06-13T14:14:56.639738" elapsed="0.001814"/>
</iter>
<iter>
<kw name="Dictionary Should Contain Key" owner="Collections">
<arg>${json_data['results'][0]}</arg>
<arg>${key}</arg>
<doc>Fails if ``key`` is not found from ``dictionary``.</doc>
<status status="PASS" start="2024-06-13T14:14:56.641859" elapsed="0.000394"/>
</kw>
<kw name="Log" owner="BuiltIn">
<msg time="2024-06-13T14:14:56.642800" level="INFO">{'gender': 'male', 'name': {'title': 'Mr', 'first': 'Philip', 'last': 'Hansen'}, 'location': {'street': {'number': 7293, 'name': 'Hadsundvej'}, 'city': 'Sønder Stenderup', 'state': 'Nordjylland', 'country': 'Denmark', 'postcode': 76393, 'coordinates': {'latitude': '-44.2528', 'longitude': '-80.7633'}, 'timezone': {'offset': '-10:00', 'description': 'Hawaii'}}, 'email': 'philip.hansen@example.com', 'login': {'uuid': 'c21b4d8b-3635-45a5-9b64-ce65cbaa631b', 'username': 'greenfish789', 'password': 'qwert40', 'salt': 'pxmvvPtZ', 'md5': '1be3962e2799300d4e4332dbf7ea5e64', 'sha1': '778c9f82aba8b9c93f0e0eaa7182e9d412a0ea96', 'sha256': '3d9f2df5a9333db7eb029480fe1cd847b5494ecfa28c122e40943bf21357c787'}, 'dob': {'date': '1996-04-03T12:43:59.065Z', 'age': 28}, 'registered': {'date': '2010-06-11T20:28:18.783Z', 'age': 14}, 'phone': '87664217', 'cell': '40310052', 'id': {'name': 'CPR', 'value': '030496-6558'}, 'picture': {'large': 'https://randomuser.me/api/portraits/men/36.jpg', 'medium': 'https://randomuser.me/api/portraits/med/men/36.jpg', 'thumbnail': 'https://randomuser.me/api/portraits/thumb/men/36.jpg'}, 'nat': 'DK'}</msg>
<arg>${json_data['results'][0]}</arg>
<doc>Logs the given message with the given level.</doc>
<status status="PASS" start="2024-06-13T14:14:56.642450" elapsed="0.000399"/>
</kw>
<kw name="Log" owner="BuiltIn">
<msg time="2024-06-13T14:14:56.643340" level="INFO">location</msg>
<arg>${key}</arg>
<doc>Logs the given message with the given level.</doc>
<status status="PASS" start="2024-06-13T14:14:56.643207" elapsed="0.000172"/>
</kw>
<var name="${key}">location</var>
<status status="PASS" start="2024-06-13T14:14:56.641738" elapsed="0.001867"/>
</iter>
<iter>
<kw name="Dictionary Should Contain Key" owner="Collections">
<arg>${json_data['results'][0]}</arg>
<arg>${key}</arg>
<doc>Fails if ``key`` is not found from ``dictionary``.</doc>
<status status="PASS" start="2024-06-13T14:14:56.643889" elapsed="0.000384"/>
</kw>
<kw name="Log" owner="BuiltIn">
<msg time="2024-06-13T14:14:56.644845" level="INFO">{'gender': 'male', 'name': {'title': 'Mr', 'first': 'Philip', 'last': 'Hansen'}, 'location': {'street': {'number': 7293, 'name': 'Hadsundvej'}, 'city': 'Sønder Stenderup', 'state': 'Nordjylland', 'country': 'Denmark', 'postcode': 76393, 'coordinates': {'latitude': '-44.2528', 'longitude': '-80.7633'}, 'timezone': {'offset': '-10:00', 'description': 'Hawaii'}}, 'email': 'philip.hansen@example.com', 'login': {'uuid': 'c21b4d8b-3635-45a5-9b64-ce65cbaa631b', 'username': 'greenfish789', 'password': 'qwert40', 'salt': 'pxmvvPtZ', 'md5': '1be3962e2799300d4e4332dbf7ea5e64', 'sha1': '778c9f82aba8b9c93f0e0eaa7182e9d412a0ea96', 'sha256': '3d9f2df5a9333db7eb029480fe1cd847b5494ecfa28c122e40943bf21357c787'}, 'dob': {'date': '1996-04-03T12:43:59.065Z', 'age': 28}, 'registered': {'date': '2010-06-11T20:28:18.783Z', 'age': 14}, 'phone': '87664217', 'cell': '40310052', 'id': {'name': 'CPR', 'value': '030496-6558'}, 'picture': {'large': 'https://randomuser.me/api/portraits/men/36.jpg', 'medium': 'https://randomuser.me/api/portraits/med/men/36.jpg', 'thumbnail': 'https://randomuser.me/api/portraits/thumb/men/36.jpg'}, 'nat': 'DK'}</msg>
<arg>${json_data['results'][0]}</arg>
<doc>Logs the given message with the given level.</doc>
<status status="PASS" start="2024-06-13T14:14:56.644457" elapsed="0.000438"/>
</kw>
<kw name="Log" owner="BuiltIn">
<msg time="2024-06-13T14:14:56.645337" level="INFO">email</msg>
<arg>${key}</arg>
<doc>Logs the given message with the given level.</doc>
<status status="PASS" start="2024-06-13T14:14:56.645207" elapsed="0.000169"/>
</kw>
<var name="${key}">email</var>
<status status="PASS" start="2024-06-13T14:14:56.643780" elapsed="0.001811"/>
</iter>
<iter>
<kw name="Dictionary Should Contain Key" owner="Collections">
<arg>${json_data['results'][0]}</arg>
<arg>${key}</arg>
<doc>Fails if ``key`` is not found from ``dictionary``.</doc>
<status status="PASS" start="2024-06-13T14:14:56.645978" elapsed="0.000596"/>
</kw>
<kw name="Log" owner="BuiltIn">
<msg time="2024-06-13T14:14:56.647231" level="INFO">{'gender': 'male', 'name': {'title': 'Mr', 'first': 'Philip', 'last': 'Hansen'}, 'location': {'street': {'number': 7293, 'name': 'Hadsundvej'}, 'city': 'Sønder Stenderup', 'state': 'Nordjylland', 'country': 'Denmark', 'postcode': 76393, 'coordinates': {'latitude': '-44.2528', 'longitude': '-80.7633'}, 'timezone': {'offset': '-10:00', 'description': 'Hawaii'}}, 'email': 'philip.hansen@example.com', 'login': {'uuid': 'c21b4d8b-3635-45a5-9b64-ce65cbaa631b', 'username': 'greenfish789', 'password': 'qwert40', 'salt': 'pxmvvPtZ', 'md5': '1be3962e2799300d4e4332dbf7ea5e64', 'sha1': '778c9f82aba8b9c93f0e0eaa7182e9d412a0ea96', 'sha256': '3d9f2df5a9333db7eb029480fe1cd847b5494ecfa28c122e40943bf21357c787'}, 'dob': {'date': '1996-04-03T12:43:59.065Z', 'age': 28}, 'registered': {'date': '2010-06-11T20:28:18.783Z', 'age': 14}, 'phone': '87664217', 'cell': '40310052', 'id': {'name': 'CPR', 'value': '030496-6558'}, 'picture': {'large': 'https://randomuser.me/api/portraits/men/36.jpg', 'medium': 'https://randomuser.me/api/portraits/med/men/36.jpg', 'thumbnail': 'https://randomuser.me/api/portraits/thumb/men/36.jpg'}, 'nat': 'DK'}</msg>
<arg>${json_data['results'][0]}</arg>
<doc>Logs the given message with the given level.</doc>
<status status="PASS" start="2024-06-13T14:14:56.646833" elapsed="0.000450"/>
</kw>
<kw name="Log" owner="BuiltIn">
<msg time="2024-06-13T14:14:56.647822" level="INFO">login</msg>
<arg>${key}</arg>
<doc>Logs the given message with the given level.</doc>
<status status="PASS" start="2024-06-13T14:14:56.647585" elapsed="0.000276"/>
</kw>
<var name="${key}">login</var>
<status status="PASS" start="2024-06-13T14:14:56.645767" elapsed="0.002317"/>
</iter>
<var>${key}</var>
<value>@{expected_keys}</value>
<status status="PASS" start="2024-06-13T14:14:56.637469" elapsed="0.010739"/>
</for>
<kw name="Create List" owner="BuiltIn">
<msg time="2024-06-13T14:14:56.648542" level="INFO">${expected_keysTwo} = ['username', 'password']</msg>
<var>${expected_keysTwo}</var>
<arg>username</arg>
<arg>password</arg>
<doc>Returns a list containing given items.</doc>
<status status="PASS" start="2024-06-13T14:14:56.648403" elapsed="0.000163"/>
</kw>
<for flavor="IN">
<iter>
<kw name="Dictionary Should Contain Key" owner="Collections">
<arg>${json_data['results'][0]['login']}</arg>
<arg>${keyTwo}</arg>
<doc>Fails if ``key`` is not found from ``dictionary``.</doc>
<status status="PASS" start="2024-06-13T14:14:56.649097" elapsed="0.000382"/>
</kw>
<kw name="Dictionary Should Contain Key" owner="Collections">
<arg>${json_data['results'][0]['login']}</arg>
<arg>${keyTwo}</arg>
<doc>Fails if ``key`` is not found from ``dictionary``.</doc>
<status status="PASS" start="2024-06-13T14:14:56.649666" elapsed="0.000382"/>
</kw>
<kw name="Log" owner="BuiltIn">
<msg time="2024-06-13T14:14:56.650366" level="INFO">username</msg>
<arg>${keyTwo}</arg>
<doc>Logs the given message with the given level.</doc>
<status status="PASS" start="2024-06-13T14:14:56.650244" elapsed="0.000160"/>
</kw>
<var name="${keyTwo}">username</var>
<status status="PASS" start="2024-06-13T14:14:56.648990" elapsed="0.001635"/>
</iter>
<iter>
<kw name="Dictionary Should Contain Key" owner="Collections">
<arg>${json_data['results'][0]['login']}</arg>
<arg>${keyTwo}</arg>
<doc>Fails if ``key`` is not found from ``dictionary``.</doc>
<status status="PASS" start="2024-06-13T14:14:56.650913" elapsed="0.000416"/>
</kw>
<kw name="Dictionary Should Contain Key" owner="Collections">
<arg>${json_data['results'][0]['login']}</arg>
<arg>${keyTwo}</arg>
<doc>Fails if ``key`` is not found from ``dictionary``.</doc>
<status status="PASS" start="2024-06-13T14:14:56.651520" elapsed="0.000369"/>
</kw>
<kw name="Log" owner="BuiltIn">
<msg time="2024-06-13T14:14:56.652202" level="INFO">password</msg>
<arg>${keyTwo}</arg>
<doc>Logs the given message with the given level.</doc>
<status status="PASS" start="2024-06-13T14:14:56.652081" elapsed="0.000164"/>
</kw>
<var name="${keyTwo}">password</var>
<status status="PASS" start="2024-06-13T14:14:56.650806" elapsed="0.001659"/>
</iter>
<var>${keyTwo}</var>
<value>@{expected_keysTwo}</value>
<status status="PASS" start="2024-06-13T14:14:56.648834" elapsed="0.003763"/>
</for>
<status status="PASS" start="2024-06-13T14:14:56.548365" elapsed="0.104372"/>
</kw>
<doc>Testa a estrutura da resposta da API.</doc>
<tag>testeEstruturaResposta</tag>
<status status="PASS" start="2024-06-13T14:14:56.547612" elapsed="0.105286"/>
</test>
<test id="s1-s1-t4" name="Validar tipos de dados" line="28">
<kw name="Teste de Tipos de Dados" owner="random-user-service">
<kw name="GET On Session" owner="RequestsLibrary">
<msg time="2024-06-13T14:14:56.738731" level="INFO">GET Request : url=https://randomuser.me/api 
 path_url=/api 
 headers={'User-Agent': 'python-requests/2.32.3', 'Accept-Encoding': 'gzip, deflate', 'Accept': '*/*', 'Connection': 'keep-alive'} 
 body=None 
 </msg>
<msg time="2024-06-13T14:14:56.738830" level="INFO">GET Response : url=https://randomuser.me/api 
 status=200, reason=OK 
 headers={'Date': 'Thu, 13 Jun 2024 14:14:56 GMT', 'Content-Type': 'application/json; charset=utf-8', 'Transfer-Encoding': 'chunked', 'Connection': 'keep-alive', 'X-Powered-By': 'Express', 'Access-Control-Allow-Origin': '*', 'Cache-Control': 'no-cache', 'ETag': 'W/"492-0HICRZyxzrM4ex+kLNXEq1/ZU8A"', 'Vary': 'Accept-Encoding', 'Content-Encoding': 'gzip', 'CF-Cache-Status': 'DYNAMIC', 'Report-To': '{"endpoints":[{"url":"https:\\/\\/a.nel.cloudflare.com\\/report\\/v4?s=PeZZDXmeq5%2FfLC2M2F4dai5a%2BMh9io6xvHhuwaANhv15pME9yfsTwxpIKIzcGDv5Uu2NJ2OgP2it5NRMJo0DcvPXp0ylvNGD6b9eqB8pUUj%2BRzLGClGY3FSCb9CA5tSj"}],"group":"cf-nel","max_age":604800}', 'NEL': '{"success_fraction":0,"report_to":"cf-nel","max_age":604800}', 'Server': 'cloudflare', 'CF-RAY': '8932b09c1a116fe5-IAD', 'alt-svc': 'h3=":443"; ma=86400'} 
 body={"results":[{"gender":"female","name":{"title":"Miss","first":"Sarah","last":"Anderson"},"location":{"street":{"number":6623,"name":"Lichfield Street"},"city":"Hamilton","state":"Tasman","country":"New Zealand","postcode":86137,"coordinates":{"latitude":"54.2075","longitude":"3.5391"},"timezone":{"offset":"-4:00","description":"Atlantic Time (Canada), Caracas, La Paz"}},"email":"sarah.anderson@example.com","login":{"uuid":"d034a74c-d358-4c76-b206-c95f02211cde","username":"happyrabbit648","password":"2345","salt":"mxIWEA7i","md5":"5abe2f8a2e14a38a1035c61dc7f66c50","sha1":"ea8ef9503fc4f9e36fb2b061940ef1e575f8e94e","sha256":"1b47dd258d96a8f99aee1b863250c75f7d914f136807b71f06d9b6a8113bb98a"},"dob":{"date":"1965-04-09T23:50:18.584Z","age":59},"registered":{"date":"2021-05-03T02:52:03.399Z","age":3},"phone":"(110)-078-8347","cell":"(959)-715-8142","id":{"name":"","value":null},"picture":{"large":"https://randomuser.me/api/portraits/women/3.jpg","medium":"https://randomuser.me/api/portraits/med/women/3.jpg","thumbnail":"https://randomuser.me/api/portraits/thumb/women/3.jpg"},"nat":"NZ"}],"info":{"seed":"dc732bf1f37150ae","results":1,"page":1,"version":"1.4"}} 
 </msg>
<msg time="2024-06-13T14:14:56.738898" level="INFO">/opt/hostedtoolcache/Python/3.12.3/x64/lib/python3.12/site-packages/urllib3/connectionpool.py:1103: InsecureRequestWarning: Unverified HTTPS request is being made to host 'randomuser.me'. Adding certificate verification is strongly advised. See: https://urllib3.readthedocs.io/en/latest/advanced-usage.html#tls-warnings
  warnings.warn(</msg>
<msg time="2024-06-13T14:14:56.739036" level="INFO">${response} = &lt;Response [200]&gt;</msg>
<var>${response}</var>
<arg>consultarAPI</arg>
<arg>/api</arg>
<doc>Sends a GET request on a previously created HTTP Session.</doc>
<status status="PASS" start="2024-06-13T14:14:56.655479" elapsed="0.083597"/>
</kw>
<kw name="Set Variable" owner="BuiltIn">
<msg time="2024-06-13T14:14:56.740123" level="INFO">${json_data} = {'results': [{'gender': 'female', 'name': {'title': 'Miss', 'first': 'Sarah', 'last': 'Anderson'}, 'location': {'street': {'number': 6623, 'name': 'Lichfield Street'}, 'city': 'Hamilton', 'state': 'Ta...</msg>
<var>${json_data}</var>
<arg>${response.json()}</arg>
<doc>Returns the given values which can then be assigned to a variables.</doc>
<status status="PASS" start="2024-06-13T14:14:56.739618" elapsed="0.000534"/>
</kw>
<kw name="Log" owner="BuiltIn">
<msg time="2024-06-13T14:14:56.740614" level="INFO">{'results': [{'gender': 'female', 'name': {'title': 'Miss', 'first': 'Sarah', 'last': 'Anderson'}, 'location': {'street': {'number': 6623, 'name': 'Lichfield Street'}, 'city': 'Hamilton', 'state': 'Tasman', 'country': 'New Zealand', 'postcode': 86137, 'coordinates': {'latitude': '54.2075', 'longitude': '3.5391'}, 'timezone': {'offset': '-4:00', 'description': 'Atlantic Time (Canada), Caracas, La Paz'}}, 'email': 'sarah.anderson@example.com', 'login': {'uuid': 'd034a74c-d358-4c76-b206-c95f02211cde', 'username': 'happyrabbit648', 'password': '2345', 'salt': 'mxIWEA7i', 'md5': '5abe2f8a2e14a38a1035c61dc7f66c50', 'sha1': 'ea8ef9503fc4f9e36fb2b061940ef1e575f8e94e', 'sha256': '1b47dd258d96a8f99aee1b863250c75f7d914f136807b71f06d9b6a8113bb98a'}, 'dob': {'date': '1965-04-09T23:50:18.584Z', 'age': 59}, 'registered': {'date': '2021-05-03T02:52:03.399Z', 'age': 3}, 'phone': '(110)-078-8347', 'cell': '(959)-715-8142', 'id': {'name': '', 'value': None}, 'picture': {'large': 'https://randomuser.me/api/portraits/women/3.jpg', 'medium': 'https://randomuser.me/api/portraits/med/women/3.jpg', 'thumbnail': 'https://randomuser.me/api/portraits/thumb/women/3.jpg'}, 'nat': 'NZ'}], 'info': {'seed': 'dc732bf1f37150ae', 'results': 1, 'page': 1, 'version': '1.4'}}</msg>
<arg>${json_data}</arg>
<doc>Logs the given message with the given level.</doc>
<status status="PASS" start="2024-06-13T14:14:56.740459" elapsed="0.000204"/>
</kw>
<kw name="Should Be String" owner="String">
<arg>${json_data['results'][0]['gender']}</arg>
<doc>Fails if the given ``item`` is not a string.</doc>
<status status="PASS" start="2024-06-13T14:14:56.740963" elapsed="0.000362"/>
</kw>
<kw name="Should Match Regexp" owner="BuiltIn">
<arg>${json_data['results'][0]['email']}</arg>
<arg>^[a-zA-Z0-9._%+-]+@[a-zA-Z0-9.-]+\.[a-zA-Z]{2,}$</arg>
<doc>Fails if ``string`` does not match ``pattern`` as a regular expression.</doc>
<status status="PASS" start="2024-06-13T14:14:56.741516" elapsed="0.000516"/>
</kw>
<kw name="Should Match Regexp" owner="BuiltIn">
<arg>${json_data['results'][0]['dob']['date']}</arg>
<arg>\\d{4}-\\d{2}-\\d{2}T\\d{2}:\\d{2}:\\d{2}\\.\\d{3}Z</arg>
<doc>Fails if ``string`` does not match ``pattern`` as a regular expression.</doc>
<status status="PASS" start="2024-06-13T14:14:56.742287" elapsed="0.000509"/>
</kw>
<kw name="Should Match Regexp" owner="BuiltIn">
<arg>${json_data['results'][0]['registered']['date']}</arg>
<arg>\\d{4}-\\d{2}-\\d{2}T\\d{2}:\\d{2}:\\d{2}\\.\\d{3}Z</arg>
<doc>Fails if ``string`` does not match ``pattern`` as a regular expression.</doc>
<status status="PASS" start="2024-06-13T14:14:56.743000" elapsed="0.000425"/>
</kw>
<kw name="Should Match Regexp" owner="BuiltIn">
<arg>${json_data['results'][0]['picture']['large']}</arg>
<arg>^https?://.*\.(?:png|jpe?g|gif|bmp)$</arg>
<doc>Fails if ``string`` does not match ``pattern`` as a regular expression.</doc>
<status status="PASS" start="2024-06-13T14:14:56.743618" elapsed="0.000455"/>
</kw>
<kw name="Should Match Regexp" owner="BuiltIn">
<arg>${json_data['results'][0]['picture']['medium']}</arg>
<arg>^https?://.*\.(?:png|jpe?g|gif|bmp)$</arg>
<doc>Fails if ``string`` does not match ``pattern`` as a regular expression.</doc>
<status status="PASS" start="2024-06-13T14:14:56.744265" elapsed="0.000354"/>
</kw>
<kw name="Should Match Regexp" owner="BuiltIn">
<arg>${json_data['results'][0]['picture']['thumbnail']}</arg>
<arg>^https?://.*\.(?:png|jpe?g|gif|bmp)$</arg>
<doc>Fails if ``string`` does not match ``pattern`` as a regular expression.</doc>
<status status="PASS" start="2024-06-13T14:14:56.744810" elapsed="0.000359"/>
</kw>
<kw name="Log" owner="BuiltIn">
<msg time="2024-06-13T14:14:56.745698" level="INFO">{'large': 'https://randomuser.me/api/portraits/women/3.jpg', 'medium': 'https://randomuser.me/api/portraits/med/women/3.jpg', 'thumbnail': 'https://randomuser.me/api/portraits/thumb/women/3.jpg'}</msg>
<arg>${json_data['results'][0]['picture']}</arg>
<doc>Logs the given message with the given level.</doc>
<status status="PASS" start="2024-06-13T14:14:56.745367" elapsed="0.000373"/>
</kw>
<status status="PASS" start="2024-06-13T14:14:56.655225" elapsed="0.090775"/>
</kw>
<kw name="Teste de Tipos de Dados - Postcode" owner="random-user-service">
<kw name="GET On Session" owner="RequestsLibrary">
<msg time="2024-06-13T14:14:56.872303" level="INFO">GET Request : url=https://randomuser.me/api 
 path_url=/api 
 headers={'User-Agent': 'python-requests/2.32.3', 'Accept-Encoding': 'gzip, deflate', 'Accept': '*/*', 'Connection': 'keep-alive'} 
 body=None 
 </msg>
<msg time="2024-06-13T14:14:56.872412" level="INFO">GET Response : url=https://randomuser.me/api 
 status=200, reason=OK 
 headers={'Date': 'Thu, 13 Jun 2024 14:14:56 GMT', 'Content-Type': 'application/json; charset=utf-8', 'Transfer-Encoding': 'chunked', 'Connection': 'keep-alive', 'X-Powered-By': 'Express', 'Access-Control-Allow-Origin': '*', 'Cache-Control': 'no-cache', 'ETag': 'W/"486-0GpzTf9UdziFcIx/dzC4irf7AXo"', 'Vary': 'Accept-Encoding', 'Content-Encoding': 'gzip', 'CF-Cache-Status': 'DYNAMIC', 'Report-To': '{"endpoints":[{"url":"https:\\/\\/a.nel.cloudflare.com\\/report\\/v4?s=0Ooj%2FihbmUJsScgELfKWMce3B7C9i33hA2NOMGlIu1tdGpjZmyFPsOFGsioM0Yny8%2BOe2Kvxl71xggv%2FOKL8ZmU4IB4nB9CKCllhHS5Sa5Wq5sYIilVvkNZGMIG4tbaQ"}],"group":"cf-nel","max_age":604800}', 'NEL': '{"success_fraction":0,"report_to":"cf-nel","max_age":604800}', 'Server': 'cloudflare', 'CF-RAY': '8932b09caab46fe5-IAD', 'alt-svc': 'h3=":443"; ma=86400'} 
 body={"results":[{"gender":"male","name":{"title":"Mr","first":"Ostromov","last":"Krishtopovich"},"location":{"street":{"number":9080,"name":"Kvitkova"},"city":"Storozhinec","state":"Hmelnicka","country":"Ukraine","postcode":26678,"coordinates":{"latitude":"81.3561","longitude":"-54.1849"},"timezone":{"offset":"-12:00","description":"Eniwetok, Kwajalein"}},"email":"ostromov.krishtopovich@example.com","login":{"uuid":"a70e6de2-f267-4b74-a528-1cb0cfc13e07","username":"blackleopard202","password":"eldorado","salt":"0kyCRBq4","md5":"a2ea34bb8b22c027487e49ae4f691983","sha1":"a2c65f7ef05b7bc66a38c4b02a837babbf101802","sha256":"5381d6ae8fc592edfd39c33f8f853670da2e05b1643e075d34e5671d848c1c77"},"dob":{"date":"1988-12-30T02:19:15.367Z","age":35},"registered":{"date":"2016-03-14T13:30:54.212Z","age":8},"phone":"(098) Z70-2804","cell":"(098) P18-3711","id":{"name":"","value":null},"picture":{"large":"https://randomuser.me/api/portraits/men/3.jpg","medium":"https://randomuser.me/api/portraits/med/men/3.jpg","thumbnail":"https://randomuser.me/api/portraits/thumb/men/3.jpg"},"nat":"UA"}],"info":{"seed":"17949d5dfa3ed2cf","results":1,"page":1,"version":"1.4"}} 
 </msg>
<msg time="2024-06-13T14:14:56.872516" level="INFO">/opt/hostedtoolcache/Python/3.12.3/x64/lib/python3.12/site-packages/urllib3/connectionpool.py:1103: InsecureRequestWarning: Unverified HTTPS request is being made to host 'randomuser.me'. Adding certificate verification is strongly advised. See: https://urllib3.readthedocs.io/en/latest/advanced-usage.html#tls-warnings
  warnings.warn(</msg>
<msg time="2024-06-13T14:14:56.872676" level="INFO">${response} = &lt;Response [200]&gt;</msg>
<var>${response}</var>
<arg>consultarAPI</arg>
<arg>/api</arg>
<doc>Sends a GET request on a previously created HTTP Session.</doc>
<status status="PASS" start="2024-06-13T14:14:56.746473" elapsed="0.126250"/>
</kw>
<kw name="Set Variable" owner="BuiltIn">
<msg time="2024-06-13T14:14:56.873743" level="INFO">${json_data} = {'results': [{'gender': 'male', 'name': {'title': 'Mr', 'first': 'Ostromov', 'last': 'Krishtopovich'}, 'location': {'street': {'number': 9080, 'name': 'Kvitkova'}, 'city': 'Storozhinec', 'state': 'Hme...</msg>
<var>${json_data}</var>
<arg>${response.json()}</arg>
<doc>Returns the given values which can then be assigned to a variables.</doc>
<status status="PASS" start="2024-06-13T14:14:56.873236" elapsed="0.000535"/>
</kw>
<kw name="Log" owner="BuiltIn">
<msg time="2024-06-13T14:14:56.874232" level="INFO">{'results': [{'gender': 'male', 'name': {'title': 'Mr', 'first': 'Ostromov', 'last': 'Krishtopovich'}, 'location': {'street': {'number': 9080, 'name': 'Kvitkova'}, 'city': 'Storozhinec', 'state': 'Hmelnicka', 'country': 'Ukraine', 'postcode': 26678, 'coordinates': {'latitude': '81.3561', 'longitude': '-54.1849'}, 'timezone': {'offset': '-12:00', 'description': 'Eniwetok, Kwajalein'}}, 'email': 'ostromov.krishtopovich@example.com', 'login': {'uuid': 'a70e6de2-f267-4b74-a528-1cb0cfc13e07', 'username': 'blackleopard202', 'password': 'eldorado', 'salt': '0kyCRBq4', 'md5': 'a2ea34bb8b22c027487e49ae4f691983', 'sha1': 'a2c65f7ef05b7bc66a38c4b02a837babbf101802', 'sha256': '5381d6ae8fc592edfd39c33f8f853670da2e05b1643e075d34e5671d848c1c77'}, 'dob': {'date': '1988-12-30T02:19:15.367Z', 'age': 35}, 'registered': {'date': '2016-03-14T13:30:54.212Z', 'age': 8}, 'phone': '(098) Z70-2804', 'cell': '(098) P18-3711', 'id': {'name': '', 'value': None}, 'picture': {'large': 'https://randomuser.me/api/portraits/men/3.jpg', 'medium': 'https://randomuser.me/api/portraits/med/men/3.jpg', 'thumbnail': 'https://randomuser.me/api/portraits/thumb/men/3.jpg'}, 'nat': 'UA'}], 'info': {'seed': '17949d5dfa3ed2cf', 'results': 1, 'page': 1, 'version': '1.4'}}</msg>
<arg>${json_data}</arg>
<doc>Logs the given message with the given level.</doc>
<status status="PASS" start="2024-06-13T14:14:56.874075" elapsed="0.000204"/>
</kw>
<kw name="Should Be Equal As Numbers" owner="BuiltIn">
<arg>${json_data['results'][0]['location']['postcode']}</arg>
<arg>${json_data['results'][0]['location']['postcode']}</arg>
<doc>Fails if objects are unequal after converting them to real numbers.</doc>
<status status="PASS" start="2024-06-13T14:14:56.874571" elapsed="0.000684"/>
</kw>
<kw name="Log" owner="BuiltIn">
<msg time="2024-06-13T14:14:56.875788" level="INFO">26678</msg>
<arg>${json_data['results'][0]['location']['postcode']}</arg>
<doc>Logs the given message with the given level.</doc>
<status status="PASS" start="2024-06-13T14:14:56.875451" elapsed="0.000378"/>
</kw>
<status status="PASS" start="2024-06-13T14:14:56.746234" elapsed="0.129882"/>
</kw>
<doc>Testa se os tipos de dados na resposta da API estão corretos.</doc>
<tag>testeTiposDados</tag>
<status status="PASS" start="2024-06-13T14:14:56.654651" elapsed="0.221640"/>
</test>
<test id="s1-s1-t5" name="Validar conteudo" line="35">
<kw name="Teste de Tipos de Conteudo" owner="random-user-service">
<kw name="GET On Session" owner="RequestsLibrary">
<msg time="2024-06-13T14:14:56.942625" level="INFO">GET Request : url=https://randomuser.me/api 
 path_url=/api 
 headers={'User-Agent': 'python-requests/2.32.3', 'Accept-Encoding': 'gzip, deflate', 'Accept': '*/*', 'Connection': 'keep-alive'} 
 body=None 
 </msg>
<msg time="2024-06-13T14:14:56.942720" level="INFO">GET Response : url=https://randomuser.me/api 
 status=200, reason=OK 
 headers={'Date': 'Thu, 13 Jun 2024 14:14:56 GMT', 'Content-Type': 'application/json; charset=utf-8', 'Transfer-Encoding': 'chunked', 'Connection': 'keep-alive', 'X-Powered-By': 'Express', 'Access-Control-Allow-Origin': '*', 'Cache-Control': 'no-cache', 'ETag': 'W/"470-OLr+J+rAibUuiQO++tprrSvxtDk"', 'Vary': 'Accept-Encoding', 'Content-Encoding': 'gzip', 'CF-Cache-Status': 'DYNAMIC', 'Report-To': '{"endpoints":[{"url":"https:\\/\\/a.nel.cloudflare.com\\/report\\/v4?s=EQ9cbmqsOCDhd50xh9vyo9KXUAc9s%2BlcR%2BUgUH%2FxFVznMP6Mu%2BITaoKk0znPj5uzw5AKc2DwT84xS%2BkDTs2KfyixW4pAQVyI4IHfqeTCyTAjjwZgrX4ystL1pqUF0%2FAs"}],"group":"cf-nel","max_age":604800}', 'NEL': '{"success_fraction":0,"report_to":"cf-nel","max_age":604800}', 'Server': 'cloudflare', 'CF-RAY': '8932b09d8bcf6fe5-IAD', 'alt-svc': 'h3=":443"; ma=86400'} 
 body={"results":[{"gender":"male","name":{"title":"Mr","first":"Jamie","last":"Wood"},"location":{"street":{"number":1592,"name":"The Avenue"},"city":"Fermoy","state":"Carlow","country":"Ireland","postcode":31175,"coordinates":{"latitude":"-1.2680","longitude":"-125.8044"},"timezone":{"offset":"-12:00","description":"Eniwetok, Kwajalein"}},"email":"jamie.wood@example.com","login":{"uuid":"7f02d603-38c4-4902-87ca-96d39313be51","username":"silverostrich622","password":"irving","salt":"nHUsLckG","md5":"d71bab25ab19f90fae3333294087cb09","sha1":"65b7a2d2e133bd0faea0d929b9e1b16b52dd2ba5","sha256":"1e46a86505013ebd587b2489aab5134e905efd80c799a377da30205d17851365"},"dob":{"date":"1968-09-26T14:04:56.820Z","age":55},"registered":{"date":"2019-05-11T07:15:14.139Z","age":5},"phone":"051-101-7931","cell":"081-021-0778","id":{"name":"PPS","value":"2879963T"},"picture":{"large":"https://randomuser.me/api/portraits/men/19.jpg","medium":"https://randomuser.me/api/portraits/med/men/19.jpg","thumbnail":"https://randomuser.me/api/portraits/thumb/men/19.jpg"},"nat":"IE"}],"info":{"seed":"08885cb44c1f3a37","results":1,"page":1,"version":"1.4"}} 
 </msg>
<msg time="2024-06-13T14:14:56.942797" level="INFO">/opt/hostedtoolcache/Python/3.12.3/x64/lib/python3.12/site-packages/urllib3/connectionpool.py:1103: InsecureRequestWarning: Unverified HTTPS request is being made to host 'randomuser.me'. Adding certificate verification is strongly advised. See: https://urllib3.readthedocs.io/en/latest/advanced-usage.html#tls-warnings
  warnings.warn(</msg>
<msg time="2024-06-13T14:14:56.942928" level="INFO">${response} = &lt;Response [200]&gt;</msg>
<var>${response}</var>
<arg>consultarAPI</arg>
<arg>/api</arg>
<doc>Sends a GET request on a previously created HTTP Session.</doc>
<status status="PASS" start="2024-06-13T14:14:56.879050" elapsed="0.063921"/>
</kw>
<kw name="Set Variable" owner="BuiltIn">
<msg time="2024-06-13T14:14:56.943947" level="INFO">${json_data} = {'results': [{'gender': 'male', 'name': {'title': 'Mr', 'first': 'Jamie', 'last': 'Wood'}, 'location': {'street': {'number': 1592, 'name': 'The Avenue'}, 'city': 'Fermoy', 'state': 'Carlow', 'country'...</msg>
<var>${json_data}</var>
<arg>${response.json()}</arg>
<doc>Returns the given values which can then be assigned to a variables.</doc>
<status status="PASS" start="2024-06-13T14:14:56.943450" elapsed="0.000526"/>
</kw>
<kw name="Set Variable" owner="BuiltIn">
<msg time="2024-06-13T14:14:56.944662" level="INFO">${name_title} = Mr</msg>
<var>${name_title}</var>
<arg>${json_data["results"][0]["name"]["title"]}</arg>
<doc>Returns the given values which can then be assigned to a variables.</doc>
<status status="PASS" start="2024-06-13T14:14:56.944285" elapsed="0.000403"/>
</kw>
<kw name="Create List" owner="BuiltIn">
<msg time="2024-06-13T14:14:56.945151" level="INFO">${allowed_titles} = ['Mr', 'Ms', 'Miss', 'Mrs', 'Madame', 'Monsieur']</msg>
<var>${allowed_titles}</var>
<arg>Mr</arg>
<arg>Ms</arg>
<arg>Miss</arg>
<arg>Mrs</arg>
<arg>Madame</arg>
<arg>Monsieur</arg>
<doc>Returns a list containing given items.</doc>
<status status="PASS" start="2024-06-13T14:14:56.945000" elapsed="0.000175"/>
</kw>
<kw name="List Should Contain Value" owner="Collections">
<arg>${allowed_titles}</arg>
<arg>${name_title}</arg>
<doc>Fails if the ``value`` is not found from ``list``.</doc>
<status status="PASS" start="2024-06-13T14:14:56.945473" elapsed="0.000188"/>
</kw>
<kw name="Set Variable" owner="BuiltIn">
<msg time="2024-06-13T14:14:56.946220" level="INFO">${name_country} = IE</msg>
<var>${name_country}</var>
<arg>${json_data["results"][0]["nat"]}</arg>
<doc>Returns the given values which can then be assigned to a variables.</doc>
<status status="PASS" start="2024-06-13T14:14:56.945852" elapsed="0.000392"/>
</kw>
<kw name="Create List" owner="BuiltIn">
<msg time="2024-06-13T14:14:56.947183" level="INFO">${list_country} = ['AD', 'AE', 'AF', 'AG', 'AI', 'AL', 'AM', 'AO', 'AQ', 'AR', 'AS', 'AT', 'AU', 'AW', 'AX', 'AZ', 'BA', 'BB', 'BD', 'BE', 'BF', 'BG', 'BH', 'BI', 'BJ', 'BL', 'BM', 'BN', 'BO', 'BQ', 'BR', 'BS', 'BT', '...</msg>
<var>${list_country}</var>
<arg>AD</arg>
<arg>AE</arg>
<arg>AF</arg>
<arg>AG</arg>
<arg>AI</arg>
<arg>AL</arg>
<arg>AM</arg>
<arg>AO</arg>
<arg>AQ</arg>
<arg>AR</arg>
<arg>AS</arg>
<arg>AT</arg>
<arg>AU</arg>
<arg>AW</arg>
<arg>AX</arg>
<arg>AZ</arg>
<arg>BA</arg>
<arg>BB</arg>
<arg>BD</arg>
<arg>BE</arg>
<arg>BF</arg>
<arg>BG</arg>
<arg>BH</arg>
<arg>BI</arg>
<arg>BJ</arg>
<arg>BL</arg>
<arg>BM</arg>
<arg>BN</arg>
<arg>BO</arg>
<arg>BQ</arg>
<arg>BR</arg>
<arg>BS</arg>
<arg>BT</arg>
<arg>BV</arg>
<arg>BW</arg>
<arg>BY</arg>
<arg>BZ</arg>
<arg>CA</arg>
<arg>CC</arg>
<arg>CD</arg>
<arg>CF</arg>
<arg>CG</arg>
<arg>CH</arg>
<arg>CI</arg>
<arg>CK</arg>
<arg>CL</arg>
<arg>CM</arg>
<arg>CN</arg>
<arg>CO</arg>
<arg>CR</arg>
<arg>CU</arg>
<arg>CV</arg>
<arg>CW</arg>
<arg>CX</arg>
<arg>CY</arg>
<arg>CZ</arg>
<arg>DE</arg>
<arg>DJ</arg>
<arg>DK</arg>
<arg>DM</arg>
<arg>DO</arg>
<arg>DZ</arg>
<arg>EC</arg>
<arg>EE</arg>
<arg>EG</arg>
<arg>EH</arg>
<arg>ER</arg>
<arg>ES</arg>
<arg>ET</arg>
<arg>FI</arg>
<arg>FJ</arg>
<arg>FK</arg>
<arg>FM</arg>
<arg>FO</arg>
<arg>FR</arg>
<arg>GA</arg>
<arg>GB</arg>
<arg>GD</arg>
<arg>GE</arg>
<arg>GF</arg>
<arg>GG</arg>
<arg>GH</arg>
<arg>GI</arg>
<arg>GL</arg>
<arg>GM</arg>
<arg>GN</arg>
<arg>GP</arg>
<arg>GQ</arg>
<arg>GR</arg>
<arg>GS</arg>
<arg>GT</arg>
<arg>GU</arg>
<arg>GW</arg>
<arg>GY</arg>
<arg>HK</arg>
<arg>HM</arg>
<arg>HN</arg>
<arg>HR</arg>
<arg>HT</arg>
<arg>HU</arg>
<arg>ID</arg>
<arg>IE</arg>
<arg>IL</arg>
<arg>IM</arg>
<arg>IN</arg>
<arg>IO</arg>
<arg>IQ</arg>
<arg>IR</arg>
<arg>IS</arg>
<arg>IT</arg>
<arg>JE</arg>
<arg>JM</arg>
<arg>JO</arg>
<arg>JP</arg>
<arg>KE</arg>
<arg>KG</arg>
<arg>KH</arg>
<arg>KI</arg>
<arg>KM</arg>
<arg>KN</arg>
<arg>KP</arg>
<arg>KR</arg>
<arg>KW</arg>
<arg>KY</arg>
<arg>KZ</arg>
<arg>LA</arg>
<arg>LB</arg>
<arg>LC</arg>
<arg>LI</arg>
<arg>LK</arg>
<arg>LR</arg>
<arg>LS</arg>
<arg>LT</arg>
<arg>LU</arg>
<arg>LV</arg>
<arg>LY</arg>
<arg>MA</arg>
<arg>MC</arg>
<arg>MD</arg>
<arg>ME</arg>
<arg>MF</arg>
<arg>MG</arg>
<arg>MH</arg>
<arg>MK</arg>
<arg>ML</arg>
<arg>MM</arg>
<arg>MN</arg>
<arg>MO</arg>
<arg>MP</arg>
<arg>MQ</arg>
<arg>MR</arg>
<arg>MS</arg>
<arg>MT</arg>
<arg>MU</arg>
<arg>MV</arg>
<arg>MW</arg>
<arg>MX</arg>
<arg>MY</arg>
<arg>MZ</arg>
<arg>NA</arg>
<arg>NC</arg>
<arg>NE</arg>
<arg>NF</arg>
<arg>NG</arg>
<arg>NI</arg>
<arg>NL</arg>
<arg>NO</arg>
<arg>NP</arg>
<arg>NR</arg>
<arg>NU</arg>
<arg>NZ</arg>
<arg>OM</arg>
<arg>PA</arg>
<arg>PE</arg>
<arg>PF</arg>
<arg>PG</arg>
<arg>PH</arg>
<arg>PK</arg>
<arg>PL</arg>
<arg>PM</arg>
<arg>PN</arg>
<arg>PR</arg>
<arg>PS</arg>
<arg>PT</arg>
<arg>PW</arg>
<arg>PY</arg>
<arg>QA</arg>
<arg>RE</arg>
<arg>RO</arg>
<arg>RS</arg>
<arg>RU</arg>
<arg>RW</arg>
<arg>SA</arg>
<arg>SB</arg>
<arg>SC</arg>
<arg>SD</arg>
<arg>SE</arg>
<arg>SG</arg>
<arg>SH</arg>
<arg>SI</arg>
<arg>SJ</arg>
<arg>SK</arg>
<arg>SL</arg>
<arg>SM</arg>
<arg>SN</arg>
<arg>SO</arg>
<arg>SR</arg>
<arg>SS</arg>
<arg>ST</arg>
<arg>SV</arg>
<arg>SX</arg>
<arg>SY</arg>
<arg>SZ</arg>
<arg>TC</arg>
<arg>TD</arg>
<arg>TF</arg>
<arg>TG</arg>
<arg>TH</arg>
<arg>TJ</arg>
<arg>TK</arg>
<arg>TL</arg>
<arg>TM</arg>
<arg>TN</arg>
<arg>TO</arg>
<arg>TR</arg>
<arg>TT</arg>
<arg>TV</arg>
<arg>TW</arg>
<arg>TZ</arg>
<arg>UA</arg>
<arg>UG</arg>
<arg>UM</arg>
<arg>US</arg>
<arg>UY</arg>
<arg>UZ</arg>
<arg>VA</arg>
<arg>VC</arg>
<arg>VE</arg>
<arg>VG</arg>
<arg>VI</arg>
<arg>VN</arg>
<arg>VU</arg>
<arg>WF</arg>
<arg>WS</arg>
<arg>XK</arg>
<arg>YE</arg>
<arg>YT</arg>
<arg>ZA</arg>
<arg>ZM</arg>
<arg>ZW</arg>
<doc>Returns a list containing given items.</doc>
<status status="PASS" start="2024-06-13T14:14:56.946537" elapsed="0.000673"/>
</kw>
<kw name="List Should Contain Value" owner="Collections">
<arg>${list_country}</arg>
<arg>${name_country}</arg>
<doc>Fails if the ``value`` is not found from ``list``.</doc>
<status status="PASS" start="2024-06-13T14:14:56.948029" elapsed="0.000207"/>
</kw>
<kw name="Run Keyword If" owner="BuiltIn">
<kw name="Should Be True" owner="BuiltIn">
<arg>${True}</arg>
<doc>Fails if the given condition is not true.</doc>
<status status="PASS" start="2024-06-13T14:14:56.949327" elapsed="0.000144"/>
</kw>
<arg>${json_data["results"][0]["location"]["coordinates"]["latitude"]} &gt;= -90 and ${json_data["results"][0]["location"]["coordinates"]["latitude"]} &lt;= 90</arg>
<arg>Should Be True</arg>
<arg>${True}</arg>
<doc>Runs the given keyword with the given arguments, if ``condition`` is true.</doc>
<status status="PASS" start="2024-06-13T14:14:56.948439" elapsed="0.001160"/>
</kw>
<kw name="Run Keyword If" owner="BuiltIn">
<kw name="Should Be True" owner="BuiltIn">
<arg>${True}</arg>
<doc>Fails if the given condition is not true.</doc>
<status status="PASS" start="2024-06-13T14:14:56.950471" elapsed="0.000136"/>
</kw>
<arg>${json_data["results"][0]["location"]["coordinates"]["longitude"]} &gt;= -180 and ${json_data["results"][0]["location"]["coordinates"]["longitude"]} &lt;= 180</arg>
<arg>Should Be True</arg>
<arg>${True}</arg>
<doc>Runs the given keyword with the given arguments, if ``condition`` is true.</doc>
<status status="PASS" start="2024-06-13T14:14:56.949784" elapsed="0.000944"/>
</kw>
<status status="PASS" start="2024-06-13T14:14:56.878677" elapsed="0.072181"/>
</kw>
<doc>Testa o conteúdo específico dos campos retornados pela API.</doc>
<tag>testeConteudo</tag>
<status status="PASS" start="2024-06-13T14:14:56.878029" elapsed="0.072983"/>
</test>
<status status="PASS" start="2024-06-13T14:14:55.909014" elapsed="1.044011"/>
</suite>
<status status="PASS" start="2024-06-13T14:14:55.895315" elapsed="1.062834"/>
</suite>
<statistics>
<total>
<stat pass="5" fail="0" skip="0">All Tests</stat>
</total>
<tag>
<stat pass="1" fail="0" skip="0">testeConteudo</stat>
<stat pass="1" fail="0" skip="0">testeEstruturaResposta</stat>
<stat pass="1" fail="0" skip="0">testeRequisicaoBasica</stat>
<stat pass="1" fail="0" skip="0">testeTiposDados</stat>
</tag>
<suite>
<stat pass="5" fail="0" skip="0" id="s1" name="Tests">Tests</stat>
<stat pass="5" fail="0" skip="0" id="s1-s1" name="Random-User-Test">Tests.Random-User-Test</stat>
</suite>
</statistics>
<errors>
</errors>
</robot>
