<?xml version="1.0" encoding="UTF-8"?>
<robot generator="Robot 7.0 (Python 3.12.3 on linux)" generated="2024-04-19T02:24:39.846993" rpa="false" schemaversion="5">
<suite id="s1" name="Tests" source="/home/runner/work/DesafioQAItauRogerioJordao/DesafioQAItauRogerioJordao/RamdonUser/tests">
<suite id="s1-s1" name="Random-User-Test" source="/home/runner/work/DesafioQAItauRogerioJordao/DesafioQAItauRogerioJordao/RamdonUser/tests/random-user-test.robot">
<test id="s1-s1-t1" name="Conectar" line="13">
<kw name="Conectar API" owner="random-user-service">
<kw name="Create Session" owner="RequestsLibrary">
<msg time="2024-04-19T02:24:40.243563" level="INFO">Creating Session using : alias=consultarAPI, url=https://randomuser.me/, headers={},                     cookies={}, auth=None, timeout=None, proxies=None, verify=False,                     debug=0 </msg>
<arg>consultarAPI</arg>
<arg>${URL}</arg>
<doc>Create Session: create a HTTP session to a server</doc>
<status status="PASS" start="2024-04-19T02:24:40.243358" elapsed="0.000388"/>
</kw>
<status status="PASS" start="2024-04-19T02:24:40.242349" elapsed="0.001765"/>
</kw>
<status status="PASS" start="2024-04-19T02:24:40.241702" elapsed="0.002605"/>
</test>
<test id="s1-s1-t2" name="Validar retorno 200 e JSON Válido" line="16">
<kw name="Teste de Requisicao Basica" owner="random-user-service">
<kw name="GET On Session" owner="RequestsLibrary">
<msg time="2024-04-19T02:24:40.450607" level="INFO">GET Request : url=https://randomuser.me/api 
 path_url=/api 
 headers={'User-Agent': 'python-requests/2.31.0', 'Accept-Encoding': 'gzip, deflate', 'Accept': '*/*', 'Connection': 'keep-alive'} 
 body=None 
 </msg>
<msg time="2024-04-19T02:24:40.450774" level="INFO">GET Response : url=https://randomuser.me/api 
 status=200, reason=OK 
 headers={'Date': 'Fri, 19 Apr 2024 02:24:40 GMT', 'Content-Type': 'application/json; charset=utf-8', 'Transfer-Encoding': 'chunked', 'Connection': 'keep-alive', 'X-Powered-By': 'Express', 'Access-Control-Allow-Origin': '*', 'Cache-Control': 'no-cache', 'ETag': 'W/"496-yWCDvkzCmVymXAxcDktGGFrdJsc"', 'Vary': 'Accept-Encoding', 'Content-Encoding': 'gzip', 'CF-Cache-Status': 'DYNAMIC', 'Report-To': '{"endpoints":[{"url":"https:\\/\\/a.nel.cloudflare.com\\/report\\/v4?s=dKV0P89sIPs9Q%2B%2F1weYoDyHsfJBdKJ22LlJbla8fXWOxt8lLz7VrBQsbgfwhCpKVf09PN%2FZYZzGf62zQdWvv5FXHqkfHXJfuhUfbOE81C3W26qZfqLHSlM44W4gx0n0p"}],"group":"cf-nel","max_age":604800}', 'NEL': '{"success_fraction":0,"report_to":"cf-nel","max_age":604800}', 'Server': 'cloudflare', 'CF-RAY': '8769708c8f21617e-ORD', 'alt-svc': 'h3=":443"; ma=86400'} 
 body={"results":[{"gender":"female","name":{"title":"Mrs","first":"Conny","last":"Fütterer"},"location":{"street":{"number":133,"name":"Heideweg"},"city":"Bad Iburg","state":"Thüringen","country":"Germany","postcode":42343,"coordinates":{"latitude":"-55.0315","longitude":"97.3222"},"timezone":{"offset":"+8:00","description":"Beijing, Perth, Singapore, Hong Kong"}},"email":"conny.futterer@example.com","login":{"uuid":"338d060f-5f8e-49dd-847b-decc0cdcc1cc","username":"sadswan902","password":"irishman","salt":"8G6K32rs","md5":"62d31e51552f384ae0e12cdaa74824c3","sha1":"b5708df12f0d12a0bc91594746afb6d182b5352f","sha256":"5fe9eb1f4b5c9e3e4a204fe1e7301cf29e7aabbc1dfd0bb4d6b4dcda8d81dfe7"},"dob":{"date":"1987-03-25T16:44:23.746Z","age":37},"registered":{"date":"2018-07-16T14:10:13.635Z","age":5},"phone":"0887-7177067","cell":"0176-0711529","id":{"name":"SVNR","value":"66 250387 F 997"},"picture":{"large":"https://randomuser.me/api/portraits/women/2.jpg","medium":"https://randomuser.me/api/portraits/med/women/2.jpg","thumbnail":"https://randomuser.me/api/portraits/thumb/women/2.jpg"},"nat":"DE"}],"info":{"seed":"aa2eca5c6f21bf50","results":1,"page":1,"version":"1.4"}} 
 </msg>
<msg time="2024-04-19T02:24:40.450891" level="INFO">/opt/hostedtoolcache/Python/3.12.3/x64/lib/python3.12/site-packages/urllib3/connectionpool.py:1103: InsecureRequestWarning: Unverified HTTPS request is being made to host 'randomuser.me'. Adding certificate verification is strongly advised. See: https://urllib3.readthedocs.io/en/latest/advanced-usage.html#tls-warnings
  warnings.warn(</msg>
<msg time="2024-04-19T02:24:40.451094" level="INFO">${response} = &lt;Response [200]&gt;</msg>
<var>${response}</var>
<arg>consultarAPI</arg>
<arg>/api</arg>
<doc>Sends a GET request on a previously created HTTP Session.</doc>
<status status="PASS" start="2024-04-19T02:24:40.247192" elapsed="0.203935"/>
</kw>
<kw name="Should Be Equal As Numbers" owner="BuiltIn">
<msg time="2024-04-19T02:24:40.452099" level="INFO">Argument types are:
&lt;class 'int'&gt;
&lt;class 'str'&gt;</msg>
<arg>${response.status_code}</arg>
<arg>200</arg>
<doc>Fails if objects are unequal after converting them to real numbers.</doc>
<status status="PASS" start="2024-04-19T02:24:40.451646" elapsed="0.000518"/>
</kw>
<kw name="Log" owner="BuiltIn">
<msg time="2024-04-19T02:24:40.452825" level="INFO">200</msg>
<arg>${response.status_code}</arg>
<doc>Logs the given message with the given level.</doc>
<status status="PASS" start="2024-04-19T02:24:40.452477" elapsed="0.000389"/>
</kw>
<kw name="Set Variable" owner="BuiltIn">
<msg time="2024-04-19T02:24:40.453647" level="INFO">${json_data} = {'results': [{'gender': 'female', 'name': {'title': 'Mrs', 'first': 'Conny', 'last': 'Fütterer'}, 'location': {'street': {'number': 133, 'name': 'Heideweg'}, 'city': 'Bad Iburg', 'state': 'Thüringen',...</msg>
<var>${json_data}</var>
<arg>${response.json()}</arg>
<doc>Returns the given values which can then be assigned to a variables.</doc>
<status status="PASS" start="2024-04-19T02:24:40.453167" elapsed="0.000512"/>
</kw>
<kw name="Dictionary Should Contain Key" owner="Collections">
<msg time="2024-04-19T02:24:40.454156" level="INFO">False</msg>
<arg>${json_data}</arg>
<arg>results</arg>
<doc>Fails if ``key`` is not found from ``dictionary``.</doc>
<status status="PASS" start="2024-04-19T02:24:40.453987" elapsed="0.000209"/>
</kw>
<status status="PASS" start="2024-04-19T02:24:40.246848" elapsed="0.207607"/>
</kw>
<doc>Testa se a API responde corretamente e retorna um objeto JSON válido.</doc>
<tag>testeRequisicaoBasica</tag>
<status status="PASS" start="2024-04-19T02:24:40.246226" elapsed="0.208415"/>
</test>
<test id="s1-s1-t3" name="Validar estrutura de resposta" line="22">
<kw name="Teste de Estrutura de Resposta" owner="random-user-service">
<kw name="GET On Session" owner="RequestsLibrary">
<msg time="2024-04-19T02:24:40.550766" level="INFO">GET Request : url=https://randomuser.me/api 
 path_url=/api 
 headers={'User-Agent': 'python-requests/2.31.0', 'Accept-Encoding': 'gzip, deflate', 'Accept': '*/*', 'Connection': 'keep-alive'} 
 body=None 
 </msg>
<msg time="2024-04-19T02:24:40.550879" level="INFO">GET Response : url=https://randomuser.me/api 
 status=200, reason=OK 
 headers={'Date': 'Fri, 19 Apr 2024 02:24:40 GMT', 'Content-Type': 'application/json; charset=utf-8', 'Transfer-Encoding': 'chunked', 'Connection': 'keep-alive', 'X-Powered-By': 'Express', 'Access-Control-Allow-Origin': '*', 'Cache-Control': 'no-cache', 'ETag': 'W/"489-EoQTRgZgMiyrKWQhE1tE2YFNBm4"', 'Vary': 'Accept-Encoding', 'Content-Encoding': 'gzip', 'CF-Cache-Status': 'DYNAMIC', 'Report-To': '{"endpoints":[{"url":"https:\\/\\/a.nel.cloudflare.com\\/report\\/v4?s=qTtCPNlnyyiblEU66yi94RIaO2dEK7zaKcASlF4XjQ4ie4X3Ej1VcRFpNPuw8cKKaP0nrLwU0c3NxFe6wQhCJf7ospuyCTu167u6E7pMA%2FZhUCJquxKDqztb6DNCdQN%2F"}],"group":"cf-nel","max_age":604800}', 'NEL': '{"success_fraction":0,"report_to":"cf-nel","max_age":604800}', 'Server': 'cloudflare', 'CF-RAY': '8769708cefb8617e-ORD', 'alt-svc': 'h3=":443"; ma=86400'} 
 body={"results":[{"gender":"male","name":{"title":"Mr","first":"Fitan","last":"Tipparti"},"location":{"street":{"number":6962,"name":"Dwaraka Nagar"},"city":"Morbi","state":"Delhi","country":"India","postcode":51625,"coordinates":{"latitude":"12.1820","longitude":"-132.6001"},"timezone":{"offset":"-4:00","description":"Atlantic Time (Canada), Caracas, La Paz"}},"email":"fitan.tipparti@example.com","login":{"uuid":"6f4b4947-3191-4095-b3e7-b1c8afb0d533","username":"whitekoala772","password":"carrot","salt":"ofLhbMvo","md5":"7bbdeea7a167b08d48ecc27e2603e58a","sha1":"9f5d6506f9a75b917957930d1b834fb32ac4d2bc","sha256":"0745293c6330a3701b9dc539f0b640ee53e033196ed94185e81abd1dfd48a79e"},"dob":{"date":"1950-08-17T02:50:23.331Z","age":73},"registered":{"date":"2018-04-16T00:13:23.593Z","age":6},"phone":"9970832288","cell":"9813519100","id":{"name":"UIDAI","value":"261566729789"},"picture":{"large":"https://randomuser.me/api/portraits/men/51.jpg","medium":"https://randomuser.me/api/portraits/med/men/51.jpg","thumbnail":"https://randomuser.me/api/portraits/thumb/men/51.jpg"},"nat":"IN"}],"info":{"seed":"cc3e0787d16883ad","results":1,"page":1,"version":"1.4"}} 
 </msg>
<msg time="2024-04-19T02:24:40.551022" level="INFO">/opt/hostedtoolcache/Python/3.12.3/x64/lib/python3.12/site-packages/urllib3/connectionpool.py:1103: InsecureRequestWarning: Unverified HTTPS request is being made to host 'randomuser.me'. Adding certificate verification is strongly advised. See: https://urllib3.readthedocs.io/en/latest/advanced-usage.html#tls-warnings
  warnings.warn(</msg>
<msg time="2024-04-19T02:24:40.551175" level="INFO">${response} = &lt;Response [200]&gt;</msg>
<var>${response}</var>
<arg>consultarAPI</arg>
<arg>/api</arg>
<doc>Sends a GET request on a previously created HTTP Session.</doc>
<status status="PASS" start="2024-04-19T02:24:40.457170" elapsed="0.094055"/>
</kw>
<kw name="Set Variable" owner="BuiltIn">
<msg time="2024-04-19T02:24:40.552309" level="INFO">${json_data} = {'results': [{'gender': 'male', 'name': {'title': 'Mr', 'first': 'Fitan', 'last': 'Tipparti'}, 'location': {'street': {'number': 6962, 'name': 'Dwaraka Nagar'}, 'city': 'Morbi', 'state': 'Delhi', 'cou...</msg>
<var>${json_data}</var>
<arg>${response.json()}</arg>
<doc>Returns the given values which can then be assigned to a variables.</doc>
<status status="PASS" start="2024-04-19T02:24:40.551760" elapsed="0.000577"/>
</kw>
<kw name="Log" owner="BuiltIn">
<msg time="2024-04-19T02:24:40.552817" level="INFO">{'results': [{'gender': 'male', 'name': {'title': 'Mr', 'first': 'Fitan', 'last': 'Tipparti'}, 'location': {'street': {'number': 6962, 'name': 'Dwaraka Nagar'}, 'city': 'Morbi', 'state': 'Delhi', 'country': 'India', 'postcode': 51625, 'coordinates': {'latitude': '12.1820', 'longitude': '-132.6001'}, 'timezone': {'offset': '-4:00', 'description': 'Atlantic Time (Canada), Caracas, La Paz'}}, 'email': 'fitan.tipparti@example.com', 'login': {'uuid': '6f4b4947-3191-4095-b3e7-b1c8afb0d533', 'username': 'whitekoala772', 'password': 'carrot', 'salt': 'ofLhbMvo', 'md5': '7bbdeea7a167b08d48ecc27e2603e58a', 'sha1': '9f5d6506f9a75b917957930d1b834fb32ac4d2bc', 'sha256': '0745293c6330a3701b9dc539f0b640ee53e033196ed94185e81abd1dfd48a79e'}, 'dob': {'date': '1950-08-17T02:50:23.331Z', 'age': 73}, 'registered': {'date': '2018-04-16T00:13:23.593Z', 'age': 6}, 'phone': '9970832288', 'cell': '9813519100', 'id': {'name': 'UIDAI', 'value': '261566729789'}, 'picture': {'large': 'https://randomuser.me/api/portraits/men/51.jpg', 'medium': 'https://randomuser.me/api/portraits/med/men/51.jpg', 'thumbnail': 'https://randomuser.me/api/portraits/thumb/men/51.jpg'}, 'nat': 'IN'}], 'info': {'seed': 'cc3e0787d16883ad', 'results': 1, 'page': 1, 'version': '1.4'}}</msg>
<arg>${json_data}</arg>
<doc>Logs the given message with the given level.</doc>
<status status="PASS" start="2024-04-19T02:24:40.552655" elapsed="0.000211"/>
</kw>
<kw name="Dictionary Should Contain Key" owner="Collections">
<msg time="2024-04-19T02:24:40.553326" level="INFO">False</msg>
<arg>${json_data}</arg>
<arg>results</arg>
<doc>Fails if ``key`` is not found from ``dictionary``.</doc>
<status status="PASS" start="2024-04-19T02:24:40.553163" elapsed="0.000199"/>
</kw>
<kw name="Should Not Be Empty" owner="BuiltIn">
<msg time="2024-04-19T02:24:40.553819" level="INFO">Length is 2.</msg>
<arg>${json_data}</arg>
<doc>Verifies that the given item is not empty.</doc>
<status status="PASS" start="2024-04-19T02:24:40.553680" elapsed="0.000343"/>
</kw>
<kw name="Create List" owner="BuiltIn">
<msg time="2024-04-19T02:24:40.554471" level="INFO">${expected_keys} = ['gender', 'name', 'location', 'email', 'login']</msg>
<var>${expected_keys}</var>
<arg>gender</arg>
<arg>name</arg>
<arg>location</arg>
<arg>email</arg>
<arg>login</arg>
<doc>Returns a list containing given items.</doc>
<status status="PASS" start="2024-04-19T02:24:40.554324" elapsed="0.000171"/>
</kw>
<for flavor="IN">
<iter>
<kw name="Dictionary Should Contain Key" owner="Collections">
<msg time="2024-04-19T02:24:40.555488" level="INFO">False</msg>
<arg>${json_data['results'][0]}</arg>
<arg>${key}</arg>
<doc>Fails if ``key`` is not found from ``dictionary``.</doc>
<status status="PASS" start="2024-04-19T02:24:40.555080" elapsed="0.000446"/>
</kw>
<kw name="Log" owner="BuiltIn">
<msg time="2024-04-19T02:24:40.556194" level="INFO">{'gender': 'male', 'name': {'title': 'Mr', 'first': 'Fitan', 'last': 'Tipparti'}, 'location': {'street': {'number': 6962, 'name': 'Dwaraka Nagar'}, 'city': 'Morbi', 'state': 'Delhi', 'country': 'India', 'postcode': 51625, 'coordinates': {'latitude': '12.1820', 'longitude': '-132.6001'}, 'timezone': {'offset': '-4:00', 'description': 'Atlantic Time (Canada), Caracas, La Paz'}}, 'email': 'fitan.tipparti@example.com', 'login': {'uuid': '6f4b4947-3191-4095-b3e7-b1c8afb0d533', 'username': 'whitekoala772', 'password': 'carrot', 'salt': 'ofLhbMvo', 'md5': '7bbdeea7a167b08d48ecc27e2603e58a', 'sha1': '9f5d6506f9a75b917957930d1b834fb32ac4d2bc', 'sha256': '0745293c6330a3701b9dc539f0b640ee53e033196ed94185e81abd1dfd48a79e'}, 'dob': {'date': '1950-08-17T02:50:23.331Z', 'age': 73}, 'registered': {'date': '2018-04-16T00:13:23.593Z', 'age': 6}, 'phone': '9970832288', 'cell': '9813519100', 'id': {'name': 'UIDAI', 'value': '261566729789'}, 'picture': {'large': 'https://randomuser.me/api/portraits/men/51.jpg', 'medium': 'https://randomuser.me/api/portraits/med/men/51.jpg', 'thumbnail': 'https://randomuser.me/api/portraits/thumb/men/51.jpg'}, 'nat': 'IN'}</msg>
<arg>${json_data['results'][0]}</arg>
<doc>Logs the given message with the given level.</doc>
<status status="PASS" start="2024-04-19T02:24:40.555825" elapsed="0.000417"/>
</kw>
<kw name="Log" owner="BuiltIn">
<msg time="2024-04-19T02:24:40.556672" level="INFO">gender</msg>
<arg>${key}</arg>
<doc>Logs the given message with the given level.</doc>
<status status="PASS" start="2024-04-19T02:24:40.556542" elapsed="0.000168"/>
</kw>
<var name="${key}">gender</var>
<status status="PASS" start="2024-04-19T02:24:40.554950" elapsed="0.001974"/>
</iter>
<iter>
<kw name="Dictionary Should Contain Key" owner="Collections">
<msg time="2024-04-19T02:24:40.557624" level="INFO">False</msg>
<arg>${json_data['results'][0]}</arg>
<arg>${key}</arg>
<doc>Fails if ``key`` is not found from ``dictionary``.</doc>
<status status="PASS" start="2024-04-19T02:24:40.557229" elapsed="0.000433"/>
</kw>
<kw name="Log" owner="BuiltIn">
<msg time="2024-04-19T02:24:40.558341" level="INFO">{'gender': 'male', 'name': {'title': 'Mr', 'first': 'Fitan', 'last': 'Tipparti'}, 'location': {'street': {'number': 6962, 'name': 'Dwaraka Nagar'}, 'city': 'Morbi', 'state': 'Delhi', 'country': 'India', 'postcode': 51625, 'coordinates': {'latitude': '12.1820', 'longitude': '-132.6001'}, 'timezone': {'offset': '-4:00', 'description': 'Atlantic Time (Canada), Caracas, La Paz'}}, 'email': 'fitan.tipparti@example.com', 'login': {'uuid': '6f4b4947-3191-4095-b3e7-b1c8afb0d533', 'username': 'whitekoala772', 'password': 'carrot', 'salt': 'ofLhbMvo', 'md5': '7bbdeea7a167b08d48ecc27e2603e58a', 'sha1': '9f5d6506f9a75b917957930d1b834fb32ac4d2bc', 'sha256': '0745293c6330a3701b9dc539f0b640ee53e033196ed94185e81abd1dfd48a79e'}, 'dob': {'date': '1950-08-17T02:50:23.331Z', 'age': 73}, 'registered': {'date': '2018-04-16T00:13:23.593Z', 'age': 6}, 'phone': '9970832288', 'cell': '9813519100', 'id': {'name': 'UIDAI', 'value': '261566729789'}, 'picture': {'large': 'https://randomuser.me/api/portraits/men/51.jpg', 'medium': 'https://randomuser.me/api/portraits/med/men/51.jpg', 'thumbnail': 'https://randomuser.me/api/portraits/thumb/men/51.jpg'}, 'nat': 'IN'}</msg>
<arg>${json_data['results'][0]}</arg>
<doc>Logs the given message with the given level.</doc>
<status status="PASS" start="2024-04-19T02:24:40.557982" elapsed="0.000405"/>
</kw>
<kw name="Log" owner="BuiltIn">
<msg time="2024-04-19T02:24:40.558808" level="INFO">name</msg>
<arg>${key}</arg>
<doc>Logs the given message with the given level.</doc>
<status status="PASS" start="2024-04-19T02:24:40.558682" elapsed="0.000163"/>
</kw>
<var name="${key}">name</var>
<status status="PASS" start="2024-04-19T02:24:40.557113" elapsed="0.001945"/>
</iter>
<iter>
<kw name="Dictionary Should Contain Key" owner="Collections">
<msg time="2024-04-19T02:24:40.559733" level="INFO">False</msg>
<arg>${json_data['results'][0]}</arg>
<arg>${key}</arg>
<doc>Fails if ``key`` is not found from ``dictionary``.</doc>
<status status="PASS" start="2024-04-19T02:24:40.559346" elapsed="0.000423"/>
</kw>
<kw name="Log" owner="BuiltIn">
<msg time="2024-04-19T02:24:40.560426" level="INFO">{'gender': 'male', 'name': {'title': 'Mr', 'first': 'Fitan', 'last': 'Tipparti'}, 'location': {'street': {'number': 6962, 'name': 'Dwaraka Nagar'}, 'city': 'Morbi', 'state': 'Delhi', 'country': 'India', 'postcode': 51625, 'coordinates': {'latitude': '12.1820', 'longitude': '-132.6001'}, 'timezone': {'offset': '-4:00', 'description': 'Atlantic Time (Canada), Caracas, La Paz'}}, 'email': 'fitan.tipparti@example.com', 'login': {'uuid': '6f4b4947-3191-4095-b3e7-b1c8afb0d533', 'username': 'whitekoala772', 'password': 'carrot', 'salt': 'ofLhbMvo', 'md5': '7bbdeea7a167b08d48ecc27e2603e58a', 'sha1': '9f5d6506f9a75b917957930d1b834fb32ac4d2bc', 'sha256': '0745293c6330a3701b9dc539f0b640ee53e033196ed94185e81abd1dfd48a79e'}, 'dob': {'date': '1950-08-17T02:50:23.331Z', 'age': 73}, 'registered': {'date': '2018-04-16T00:13:23.593Z', 'age': 6}, 'phone': '9970832288', 'cell': '9813519100', 'id': {'name': 'UIDAI', 'value': '261566729789'}, 'picture': {'large': 'https://randomuser.me/api/portraits/men/51.jpg', 'medium': 'https://randomuser.me/api/portraits/med/men/51.jpg', 'thumbnail': 'https://randomuser.me/api/portraits/thumb/men/51.jpg'}, 'nat': 'IN'}</msg>
<arg>${json_data['results'][0]}</arg>
<doc>Logs the given message with the given level.</doc>
<status status="PASS" start="2024-04-19T02:24:40.560067" elapsed="0.000406"/>
</kw>
<kw name="Log" owner="BuiltIn">
<msg time="2024-04-19T02:24:40.560884" level="INFO">location</msg>
<arg>${key}</arg>
<doc>Logs the given message with the given level.</doc>
<status status="PASS" start="2024-04-19T02:24:40.560762" elapsed="0.000159"/>
</kw>
<var name="${key}">location</var>
<status status="PASS" start="2024-04-19T02:24:40.559236" elapsed="0.001895"/>
</iter>
<iter>
<kw name="Dictionary Should Contain Key" owner="Collections">
<msg time="2024-04-19T02:24:40.561813" level="INFO">False</msg>
<arg>${json_data['results'][0]}</arg>
<arg>${key}</arg>
<doc>Fails if ``key`` is not found from ``dictionary``.</doc>
<status status="PASS" start="2024-04-19T02:24:40.561410" elapsed="0.000440"/>
</kw>
<kw name="Log" owner="BuiltIn">
<msg time="2024-04-19T02:24:40.562500" level="INFO">{'gender': 'male', 'name': {'title': 'Mr', 'first': 'Fitan', 'last': 'Tipparti'}, 'location': {'street': {'number': 6962, 'name': 'Dwaraka Nagar'}, 'city': 'Morbi', 'state': 'Delhi', 'country': 'India', 'postcode': 51625, 'coordinates': {'latitude': '12.1820', 'longitude': '-132.6001'}, 'timezone': {'offset': '-4:00', 'description': 'Atlantic Time (Canada), Caracas, La Paz'}}, 'email': 'fitan.tipparti@example.com', 'login': {'uuid': '6f4b4947-3191-4095-b3e7-b1c8afb0d533', 'username': 'whitekoala772', 'password': 'carrot', 'salt': 'ofLhbMvo', 'md5': '7bbdeea7a167b08d48ecc27e2603e58a', 'sha1': '9f5d6506f9a75b917957930d1b834fb32ac4d2bc', 'sha256': '0745293c6330a3701b9dc539f0b640ee53e033196ed94185e81abd1dfd48a79e'}, 'dob': {'date': '1950-08-17T02:50:23.331Z', 'age': 73}, 'registered': {'date': '2018-04-16T00:13:23.593Z', 'age': 6}, 'phone': '9970832288', 'cell': '9813519100', 'id': {'name': 'UIDAI', 'value': '261566729789'}, 'picture': {'large': 'https://randomuser.me/api/portraits/men/51.jpg', 'medium': 'https://randomuser.me/api/portraits/med/men/51.jpg', 'thumbnail': 'https://randomuser.me/api/portraits/thumb/men/51.jpg'}, 'nat': 'IN'}</msg>
<arg>${json_data['results'][0]}</arg>
<doc>Logs the given message with the given level.</doc>
<status status="PASS" start="2024-04-19T02:24:40.562148" elapsed="0.000398"/>
</kw>
<kw name="Log" owner="BuiltIn">
<msg time="2024-04-19T02:24:40.562957" level="INFO">email</msg>
<arg>${key}</arg>
<doc>Logs the given message with the given level.</doc>
<status status="PASS" start="2024-04-19T02:24:40.562832" elapsed="0.000161"/>
</kw>
<var name="${key}">email</var>
<status status="PASS" start="2024-04-19T02:24:40.561302" elapsed="0.001899"/>
</iter>
<iter>
<kw name="Dictionary Should Contain Key" owner="Collections">
<msg time="2024-04-19T02:24:40.563856" level="INFO">False</msg>
<arg>${json_data['results'][0]}</arg>
<arg>${key}</arg>
<doc>Fails if ``key`` is not found from ``dictionary``.</doc>
<status status="PASS" start="2024-04-19T02:24:40.563479" elapsed="0.000413"/>
</kw>
<kw name="Log" owner="BuiltIn">
<msg time="2024-04-19T02:24:40.564541" level="INFO">{'gender': 'male', 'name': {'title': 'Mr', 'first': 'Fitan', 'last': 'Tipparti'}, 'location': {'street': {'number': 6962, 'name': 'Dwaraka Nagar'}, 'city': 'Morbi', 'state': 'Delhi', 'country': 'India', 'postcode': 51625, 'coordinates': {'latitude': '12.1820', 'longitude': '-132.6001'}, 'timezone': {'offset': '-4:00', 'description': 'Atlantic Time (Canada), Caracas, La Paz'}}, 'email': 'fitan.tipparti@example.com', 'login': {'uuid': '6f4b4947-3191-4095-b3e7-b1c8afb0d533', 'username': 'whitekoala772', 'password': 'carrot', 'salt': 'ofLhbMvo', 'md5': '7bbdeea7a167b08d48ecc27e2603e58a', 'sha1': '9f5d6506f9a75b917957930d1b834fb32ac4d2bc', 'sha256': '0745293c6330a3701b9dc539f0b640ee53e033196ed94185e81abd1dfd48a79e'}, 'dob': {'date': '1950-08-17T02:50:23.331Z', 'age': 73}, 'registered': {'date': '2018-04-16T00:13:23.593Z', 'age': 6}, 'phone': '9970832288', 'cell': '9813519100', 'id': {'name': 'UIDAI', 'value': '261566729789'}, 'picture': {'large': 'https://randomuser.me/api/portraits/men/51.jpg', 'medium': 'https://randomuser.me/api/portraits/med/men/51.jpg', 'thumbnail': 'https://randomuser.me/api/portraits/thumb/men/51.jpg'}, 'nat': 'IN'}</msg>
<arg>${json_data['results'][0]}</arg>
<doc>Logs the given message with the given level.</doc>
<status status="PASS" start="2024-04-19T02:24:40.564183" elapsed="0.000404"/>
</kw>
<kw name="Log" owner="BuiltIn">
<msg time="2024-04-19T02:24:40.564993" level="INFO">login</msg>
<arg>${key}</arg>
<doc>Logs the given message with the given level.</doc>
<status status="PASS" start="2024-04-19T02:24:40.564872" elapsed="0.000158"/>
</kw>
<var name="${key}">login</var>
<status status="PASS" start="2024-04-19T02:24:40.563370" elapsed="0.001900"/>
</iter>
<var>${key}</var>
<value>@{expected_keys}</value>
<status status="PASS" start="2024-04-19T02:24:40.554755" elapsed="0.010638"/>
</for>
<kw name="Create List" owner="BuiltIn">
<msg time="2024-04-19T02:24:40.565745" level="INFO">${expected_keysTwo} = ['username', 'password']</msg>
<var>${expected_keysTwo}</var>
<arg>username</arg>
<arg>password</arg>
<doc>Returns a list containing given items.</doc>
<status status="PASS" start="2024-04-19T02:24:40.565608" elapsed="0.000160"/>
</kw>
<for flavor="IN">
<iter>
<kw name="Dictionary Should Contain Key" owner="Collections">
<msg time="2024-04-19T02:24:40.566652" level="INFO">False</msg>
<arg>${json_data['results'][0]['login']}</arg>
<arg>${keyTwo}</arg>
<doc>Fails if ``key`` is not found from ``dictionary``.</doc>
<status status="PASS" start="2024-04-19T02:24:40.566264" elapsed="0.000424"/>
</kw>
<kw name="Dictionary Should Contain Key" owner="Collections">
<msg time="2024-04-19T02:24:40.567354" level="INFO">False</msg>
<arg>${json_data['results'][0]['login']}</arg>
<arg>${keyTwo}</arg>
<doc>Fails if ``key`` is not found from ``dictionary``.</doc>
<status status="PASS" start="2024-04-19T02:24:40.566977" elapsed="0.000414"/>
</kw>
<kw name="Log" owner="BuiltIn">
<msg time="2024-04-19T02:24:40.567799" level="INFO">username</msg>
<arg>${keyTwo}</arg>
<doc>Logs the given message with the given level.</doc>
<status status="PASS" start="2024-04-19T02:24:40.567677" elapsed="0.000163"/>
</kw>
<var name="${keyTwo}">username</var>
<status status="PASS" start="2024-04-19T02:24:40.566155" elapsed="0.001895"/>
</iter>
<iter>
<kw name="Dictionary Should Contain Key" owner="Collections">
<msg time="2024-04-19T02:24:40.568781" level="INFO">False</msg>
<arg>${json_data['results'][0]['login']}</arg>
<arg>${keyTwo}</arg>
<doc>Fails if ``key`` is not found from ``dictionary``.</doc>
<status status="PASS" start="2024-04-19T02:24:40.568324" elapsed="0.000503"/>
</kw>
<kw name="Dictionary Should Contain Key" owner="Collections">
<msg time="2024-04-19T02:24:40.569492" level="INFO">False</msg>
<arg>${json_data['results'][0]['login']}</arg>
<arg>${keyTwo}</arg>
<doc>Fails if ``key`` is not found from ``dictionary``.</doc>
<status status="PASS" start="2024-04-19T02:24:40.569117" elapsed="0.000411"/>
</kw>
<kw name="Log" owner="BuiltIn">
<msg time="2024-04-19T02:24:40.569966" level="INFO">password</msg>
<arg>${keyTwo}</arg>
<doc>Logs the given message with the given level.</doc>
<status status="PASS" start="2024-04-19T02:24:40.569842" elapsed="0.000161"/>
</kw>
<var name="${keyTwo}">password</var>
<status status="PASS" start="2024-04-19T02:24:40.568217" elapsed="0.002000"/>
</iter>
<var>${keyTwo}</var>
<value>@{expected_keysTwo}</value>
<status status="PASS" start="2024-04-19T02:24:40.566004" elapsed="0.004332"/>
</for>
<status status="PASS" start="2024-04-19T02:24:40.456936" elapsed="0.113539"/>
</kw>
<doc>Testa a estrutura da resposta da API.</doc>
<tag>testeEstruturaResposta</tag>
<status status="PASS" start="2024-04-19T02:24:40.456444" elapsed="0.114189"/>
</test>
<test id="s1-s1-t4" name="Validar tipos de dados" line="28">
<kw name="Teste de Tipos de Dados" owner="random-user-service">
<kw name="GET On Session" owner="RequestsLibrary">
<msg time="2024-04-19T02:24:40.663459" level="INFO">GET Request : url=https://randomuser.me/api 
 path_url=/api 
 headers={'User-Agent': 'python-requests/2.31.0', 'Accept-Encoding': 'gzip, deflate', 'Accept': '*/*', 'Connection': 'keep-alive'} 
 body=None 
 </msg>
<msg time="2024-04-19T02:24:40.663565" level="INFO">GET Response : url=https://randomuser.me/api 
 status=200, reason=OK 
 headers={'Date': 'Fri, 19 Apr 2024 02:24:40 GMT', 'Content-Type': 'application/json; charset=utf-8', 'Transfer-Encoding': 'chunked', 'Connection': 'keep-alive', 'X-Powered-By': 'Express', 'Access-Control-Allow-Origin': '*', 'Cache-Control': 'no-cache', 'ETag': 'W/"4a0-SBPs1R7QwOn79grXxgFQxjXcahY"', 'Vary': 'Accept-Encoding', 'Content-Encoding': 'gzip', 'CF-Cache-Status': 'DYNAMIC', 'Report-To': '{"endpoints":[{"url":"https:\\/\\/a.nel.cloudflare.com\\/report\\/v4?s=f7dbYk1ksQR%2FAJiQP0E0EdaRdUt9tGs0MvMVFWSlNkHfSy8ZOmD8ZkoX%2BZ29w5z16%2F2kS7KWEADgATGh5vNmW8hy%2FPquI8S4hhTgTigghLkuPssmuJBqCqAG7BKpYE3x"}],"group":"cf-nel","max_age":604800}', 'NEL': '{"success_fraction":0,"report_to":"cf-nel","max_age":604800}', 'Server': 'cloudflare', 'CF-RAY': '8769708d98a1617e-ORD', 'alt-svc': 'h3=":443"; ma=86400'} 
 body={"results":[{"gender":"male","name":{"title":"Mr","first":"Kostyantin","last":"Fenenko"},"location":{"street":{"number":6883,"name":"Konyushinna"},"city":"Bilgorod-Dnistrovskiy","state":"Zhitomirska","country":"Ukraine","postcode":98277,"coordinates":{"latitude":"76.5302","longitude":"-117.1445"},"timezone":{"offset":"+11:00","description":"Magadan, Solomon Islands, New Caledonia"}},"email":"kostyantin.fenenko@example.com","login":{"uuid":"7efb713f-aae0-4fbf-9ae8-cb0d3cf9f6ee","username":"tinylion803","password":"oscar1","salt":"QQ3a7R0Z","md5":"0016b2d47feb4f978f78a05690f2d8a0","sha1":"cee6725f5808405086a62ad3dffab79a52f38d00","sha256":"dafb76b60982a440f0641b79f2a2afa0bd0419c173a1b6fe82793478dbf3e220"},"dob":{"date":"1983-11-08T20:59:07.602Z","age":40},"registered":{"date":"2002-06-12T02:38:05.747Z","age":21},"phone":"(067) U95-9489","cell":"(096) E51-1641","id":{"name":"","value":null},"picture":{"large":"https://randomuser.me/api/portraits/men/81.jpg","medium":"https://randomuser.me/api/portraits/med/men/81.jpg","thumbnail":"https://randomuser.me/api/portraits/thumb/men/81.jpg"},"nat":"UA"}],"info":{"seed":"20abbe221c1976db","results":1,"page":1,"version":"1.4"}} 
 </msg>
<msg time="2024-04-19T02:24:40.663636" level="INFO">/opt/hostedtoolcache/Python/3.12.3/x64/lib/python3.12/site-packages/urllib3/connectionpool.py:1103: InsecureRequestWarning: Unverified HTTPS request is being made to host 'randomuser.me'. Adding certificate verification is strongly advised. See: https://urllib3.readthedocs.io/en/latest/advanced-usage.html#tls-warnings
  warnings.warn(</msg>
<msg time="2024-04-19T02:24:40.663754" level="INFO">${response} = &lt;Response [200]&gt;</msg>
<var>${response}</var>
<arg>consultarAPI</arg>
<arg>/api</arg>
<doc>Sends a GET request on a previously created HTTP Session.</doc>
<status status="PASS" start="2024-04-19T02:24:40.573057" elapsed="0.090734"/>
</kw>
<kw name="Set Variable" owner="BuiltIn">
<msg time="2024-04-19T02:24:40.664832" level="INFO">${json_data} = {'results': [{'gender': 'male', 'name': {'title': 'Mr', 'first': 'Kostyantin', 'last': 'Fenenko'}, 'location': {'street': {'number': 6883, 'name': 'Konyushinna'}, 'city': 'Bilgorod-Dnistrovskiy', 'sta...</msg>
<var>${json_data}</var>
<arg>${response.json()}</arg>
<doc>Returns the given values which can then be assigned to a variables.</doc>
<status status="PASS" start="2024-04-19T02:24:40.664312" elapsed="0.000548"/>
</kw>
<kw name="Log" owner="BuiltIn">
<msg time="2024-04-19T02:24:40.665329" level="INFO">{'results': [{'gender': 'male', 'name': {'title': 'Mr', 'first': 'Kostyantin', 'last': 'Fenenko'}, 'location': {'street': {'number': 6883, 'name': 'Konyushinna'}, 'city': 'Bilgorod-Dnistrovskiy', 'state': 'Zhitomirska', 'country': 'Ukraine', 'postcode': 98277, 'coordinates': {'latitude': '76.5302', 'longitude': '-117.1445'}, 'timezone': {'offset': '+11:00', 'description': 'Magadan, Solomon Islands, New Caledonia'}}, 'email': 'kostyantin.fenenko@example.com', 'login': {'uuid': '7efb713f-aae0-4fbf-9ae8-cb0d3cf9f6ee', 'username': 'tinylion803', 'password': 'oscar1', 'salt': 'QQ3a7R0Z', 'md5': '0016b2d47feb4f978f78a05690f2d8a0', 'sha1': 'cee6725f5808405086a62ad3dffab79a52f38d00', 'sha256': 'dafb76b60982a440f0641b79f2a2afa0bd0419c173a1b6fe82793478dbf3e220'}, 'dob': {'date': '1983-11-08T20:59:07.602Z', 'age': 40}, 'registered': {'date': '2002-06-12T02:38:05.747Z', 'age': 21}, 'phone': '(067) U95-9489', 'cell': '(096) E51-1641', 'id': {'name': '', 'value': None}, 'picture': {'large': 'https://randomuser.me/api/portraits/men/81.jpg', 'medium': 'https://randomuser.me/api/portraits/med/men/81.jpg', 'thumbnail': 'https://randomuser.me/api/portraits/thumb/men/81.jpg'}, 'nat': 'UA'}], 'info': {'seed': '20abbe221c1976db', 'results': 1, 'page': 1, 'version': '1.4'}}</msg>
<arg>${json_data}</arg>
<doc>Logs the given message with the given level.</doc>
<status status="PASS" start="2024-04-19T02:24:40.665177" elapsed="0.000235"/>
</kw>
<kw name="Should Be String" owner="String">
<arg>${json_data['results'][0]['gender']}</arg>
<doc>Fails if the given ``item`` is not a string.</doc>
<status status="PASS" start="2024-04-19T02:24:40.665752" elapsed="0.000363"/>
</kw>
<kw name="Should Match Regexp" owner="BuiltIn">
<arg>${json_data['results'][0]['email']}</arg>
<arg>^[a-zA-Z0-9._%+-]+@[a-zA-Z0-9.-]+\.[a-zA-Z]{2,}$</arg>
<doc>Fails if ``string`` does not match ``pattern`` as a regular expression.</doc>
<status status="PASS" start="2024-04-19T02:24:40.666306" elapsed="0.000510"/>
</kw>
<kw name="Should Match Regexp" owner="BuiltIn">
<arg>${json_data['results'][0]['dob']['date']}</arg>
<arg>\\d{4}-\\d{2}-\\d{2}T\\d{2}:\\d{2}:\\d{2}\\.\\d{3}Z</arg>
<doc>Fails if ``string`` does not match ``pattern`` as a regular expression.</doc>
<status status="PASS" start="2024-04-19T02:24:40.667009" elapsed="0.000483"/>
</kw>
<kw name="Should Match Regexp" owner="BuiltIn">
<arg>${json_data['results'][0]['registered']['date']}</arg>
<arg>\\d{4}-\\d{2}-\\d{2}T\\d{2}:\\d{2}:\\d{2}\\.\\d{3}Z</arg>
<doc>Fails if ``string`` does not match ``pattern`` as a regular expression.</doc>
<status status="PASS" start="2024-04-19T02:24:40.667683" elapsed="0.000369"/>
</kw>
<kw name="Should Match Regexp" owner="BuiltIn">
<arg>${json_data['results'][0]['picture']['large']}</arg>
<arg>^https?://.*\.(?:png|jpe?g|gif|bmp)$</arg>
<doc>Fails if ``string`` does not match ``pattern`` as a regular expression.</doc>
<status status="PASS" start="2024-04-19T02:24:40.668242" elapsed="0.000457"/>
</kw>
<kw name="Should Match Regexp" owner="BuiltIn">
<arg>${json_data['results'][0]['picture']['medium']}</arg>
<arg>^https?://.*\.(?:png|jpe?g|gif|bmp)$</arg>
<doc>Fails if ``string`` does not match ``pattern`` as a regular expression.</doc>
<status status="PASS" start="2024-04-19T02:24:40.668884" elapsed="0.000344"/>
</kw>
<kw name="Should Match Regexp" owner="BuiltIn">
<arg>${json_data['results'][0]['picture']['thumbnail']}</arg>
<arg>^https?://.*\.(?:png|jpe?g|gif|bmp)$</arg>
<doc>Fails if ``string`` does not match ``pattern`` as a regular expression.</doc>
<status status="PASS" start="2024-04-19T02:24:40.669415" elapsed="0.000377"/>
</kw>
<kw name="Log" owner="BuiltIn">
<msg time="2024-04-19T02:24:40.670296" level="INFO">{'large': 'https://randomuser.me/api/portraits/men/81.jpg', 'medium': 'https://randomuser.me/api/portraits/med/men/81.jpg', 'thumbnail': 'https://randomuser.me/api/portraits/thumb/men/81.jpg'}</msg>
<arg>${json_data['results'][0]['picture']}</arg>
<doc>Logs the given message with the given level.</doc>
<status status="PASS" start="2024-04-19T02:24:40.669972" elapsed="0.000364"/>
</kw>
<status status="PASS" start="2024-04-19T02:24:40.572833" elapsed="0.097758"/>
</kw>
<kw name="Teste de Tipos de Dados - Postcode" owner="random-user-service">
<kw name="GET On Session" owner="RequestsLibrary">
<msg time="2024-04-19T02:24:40.763343" level="INFO">GET Request : url=https://randomuser.me/api 
 path_url=/api 
 headers={'User-Agent': 'python-requests/2.31.0', 'Accept-Encoding': 'gzip, deflate', 'Accept': '*/*', 'Connection': 'keep-alive'} 
 body=None 
 </msg>
<msg time="2024-04-19T02:24:40.763455" level="INFO">GET Response : url=https://randomuser.me/api 
 status=200, reason=OK 
 headers={'Date': 'Fri, 19 Apr 2024 02:24:40 GMT', 'Content-Type': 'application/json; charset=utf-8', 'Transfer-Encoding': 'chunked', 'Connection': 'keep-alive', 'X-Powered-By': 'Express', 'Access-Control-Allow-Origin': '*', 'Cache-Control': 'no-cache', 'ETag': 'W/"472-ZtpI1bZy/1mj5HGZk1PKaVEfJw4"', 'Vary': 'Accept-Encoding', 'Content-Encoding': 'gzip', 'CF-Cache-Status': 'DYNAMIC', 'Report-To': '{"endpoints":[{"url":"https:\\/\\/a.nel.cloudflare.com\\/report\\/v4?s=Xqk9ZnWVuvRvBTyRyWHP46Sd9PUSe3aX%2Fm0T5srUIcQgdSPpHQpFGQtAUj1tKzaNPjhUTA7y8AB0uo8DtPM5e1PzZkfhyxoJsCQKy4YiJJs56z9ID2WyhG2vwAEats1k"}],"group":"cf-nel","max_age":604800}', 'NEL': '{"success_fraction":0,"report_to":"cf-nel","max_age":604800}', 'Server': 'cloudflare', 'CF-RAY': '8769708e3953617e-ORD', 'alt-svc': 'h3=":443"; ma=86400'} 
 body={"results":[{"gender":"male","name":{"title":"Mr","first":"Luke","last":"Gray"},"location":{"street":{"number":4526,"name":"Highfield Road"},"city":"Thurles","state":"Kilkenny","country":"Ireland","postcode":95880,"coordinates":{"latitude":"-3.1584","longitude":"-74.3500"},"timezone":{"offset":"+6:00","description":"Almaty, Dhaka, Colombo"}},"email":"luke.gray@example.com","login":{"uuid":"a5c75d6f-65f3-45d0-8c98-adc1e61eee48","username":"organicleopard711","password":"rrrr","salt":"xu9mu1bc","md5":"2da476d0acf7ae54c70938981de13cd6","sha1":"4217e67afe9aa0f3f4b44e52343547aaa1e67fbf","sha256":"e4d0474bddee7ae2e390856bbf6138c7f2627253ebc6e924e0aad9d9f5bf8176"},"dob":{"date":"1992-03-02T18:23:52.301Z","age":32},"registered":{"date":"2018-03-04T04:53:55.192Z","age":6},"phone":"071-318-9825","cell":"081-906-0090","id":{"name":"PPS","value":"2224492T"},"picture":{"large":"https://randomuser.me/api/portraits/men/6.jpg","medium":"https://randomuser.me/api/portraits/med/men/6.jpg","thumbnail":"https://randomuser.me/api/portraits/thumb/men/6.jpg"},"nat":"IE"}],"info":{"seed":"9bbbbae9b388d03c","results":1,"page":1,"version":"1.4"}} 
 </msg>
<msg time="2024-04-19T02:24:40.763536" level="INFO">/opt/hostedtoolcache/Python/3.12.3/x64/lib/python3.12/site-packages/urllib3/connectionpool.py:1103: InsecureRequestWarning: Unverified HTTPS request is being made to host 'randomuser.me'. Adding certificate verification is strongly advised. See: https://urllib3.readthedocs.io/en/latest/advanced-usage.html#tls-warnings
  warnings.warn(</msg>
<msg time="2024-04-19T02:24:40.763671" level="INFO">${response} = &lt;Response [200]&gt;</msg>
<var>${response}</var>
<arg>consultarAPI</arg>
<arg>/api</arg>
<doc>Sends a GET request on a previously created HTTP Session.</doc>
<status status="PASS" start="2024-04-19T02:24:40.671057" elapsed="0.092651"/>
</kw>
<kw name="Set Variable" owner="BuiltIn">
<msg time="2024-04-19T02:24:40.764790" level="INFO">${json_data} = {'results': [{'gender': 'male', 'name': {'title': 'Mr', 'first': 'Luke', 'last': 'Gray'}, 'location': {'street': {'number': 4526, 'name': 'Highfield Road'}, 'city': 'Thurles', 'state': 'Kilkenny', 'co...</msg>
<var>${json_data}</var>
<arg>${response.json()}</arg>
<doc>Returns the given values which can then be assigned to a variables.</doc>
<status status="PASS" start="2024-04-19T02:24:40.764244" elapsed="0.000585"/>
</kw>
<kw name="Log" owner="BuiltIn">
<msg time="2024-04-19T02:24:40.765307" level="INFO">{'results': [{'gender': 'male', 'name': {'title': 'Mr', 'first': 'Luke', 'last': 'Gray'}, 'location': {'street': {'number': 4526, 'name': 'Highfield Road'}, 'city': 'Thurles', 'state': 'Kilkenny', 'country': 'Ireland', 'postcode': 95880, 'coordinates': {'latitude': '-3.1584', 'longitude': '-74.3500'}, 'timezone': {'offset': '+6:00', 'description': 'Almaty, Dhaka, Colombo'}}, 'email': 'luke.gray@example.com', 'login': {'uuid': 'a5c75d6f-65f3-45d0-8c98-adc1e61eee48', 'username': 'organicleopard711', 'password': 'rrrr', 'salt': 'xu9mu1bc', 'md5': '2da476d0acf7ae54c70938981de13cd6', 'sha1': '4217e67afe9aa0f3f4b44e52343547aaa1e67fbf', 'sha256': 'e4d0474bddee7ae2e390856bbf6138c7f2627253ebc6e924e0aad9d9f5bf8176'}, 'dob': {'date': '1992-03-02T18:23:52.301Z', 'age': 32}, 'registered': {'date': '2018-03-04T04:53:55.192Z', 'age': 6}, 'phone': '071-318-9825', 'cell': '081-906-0090', 'id': {'name': 'PPS', 'value': '2224492T'}, 'picture': {'large': 'https://randomuser.me/api/portraits/men/6.jpg', 'medium': 'https://randomuser.me/api/portraits/med/men/6.jpg', 'thumbnail': 'https://randomuser.me/api/portraits/thumb/men/6.jpg'}, 'nat': 'IE'}], 'info': {'seed': '9bbbbae9b388d03c', 'results': 1, 'page': 1, 'version': '1.4'}}</msg>
<arg>${json_data}</arg>
<doc>Logs the given message with the given level.</doc>
<status status="PASS" start="2024-04-19T02:24:40.765151" elapsed="0.000242"/>
</kw>
<kw name="Should Be Equal As Numbers" owner="BuiltIn">
<arg>${json_data['results'][0]['location']['postcode']}</arg>
<arg>${json_data['results'][0]['location']['postcode']}</arg>
<doc>Fails if objects are unequal after converting them to real numbers.</doc>
<status status="PASS" start="2024-04-19T02:24:40.765916" elapsed="0.000613"/>
</kw>
<kw name="Log" owner="BuiltIn">
<msg time="2024-04-19T02:24:40.767050" level="INFO">95880</msg>
<arg>${json_data['results'][0]['location']['postcode']}</arg>
<doc>Logs the given message with the given level.</doc>
<status status="PASS" start="2024-04-19T02:24:40.766717" elapsed="0.000373"/>
</kw>
<status status="PASS" start="2024-04-19T02:24:40.670820" elapsed="0.096523"/>
</kw>
<doc>Testa se os tipos de dados na resposta da API estão corretos.</doc>
<tag>testeTiposDados</tag>
<status status="PASS" start="2024-04-19T02:24:40.572389" elapsed="0.195119"/>
</test>
<test id="s1-s1-t5" name="Validar conteudo" line="35">
<kw name="Teste de Tipos de Conteudo" owner="random-user-service">
<kw name="GET On Session" owner="RequestsLibrary">
<msg time="2024-04-19T02:24:40.850471" level="INFO">GET Request : url=https://randomuser.me/api 
 path_url=/api 
 headers={'User-Agent': 'python-requests/2.31.0', 'Accept-Encoding': 'gzip, deflate', 'Accept': '*/*', 'Connection': 'keep-alive'} 
 body=None 
 </msg>
<msg time="2024-04-19T02:24:40.850581" level="INFO">GET Response : url=https://randomuser.me/api 
 status=200, reason=OK 
 headers={'Date': 'Fri, 19 Apr 2024 02:24:40 GMT', 'Content-Type': 'application/json; charset=utf-8', 'Transfer-Encoding': 'chunked', 'Connection': 'keep-alive', 'X-Powered-By': 'Express', 'Access-Control-Allow-Origin': '*', 'Cache-Control': 'no-cache', 'ETag': 'W/"48e-wTp185W6oA2CZPJiZOyWoGDHDhk"', 'Vary': 'Accept-Encoding', 'Content-Encoding': 'gzip', 'CF-Cache-Status': 'DYNAMIC', 'Report-To': '{"endpoints":[{"url":"https:\\/\\/a.nel.cloudflare.com\\/report\\/v4?s=jvTGnUAykb0aHm7SDB45xTm0qFmeoEsHe4RgsGczBRYL%2FyMESgmV6uVX18fDbGk0NVKKtZo9eJGUCz0hUKtVJJnnwMyLSs4bzNtGBuVRKK3iPaM2yiFJNibnvGAxd%2Fmq"}],"group":"cf-nel","max_age":604800}', 'NEL': '{"success_fraction":0,"report_to":"cf-nel","max_age":604800}', 'Server': 'cloudflare', 'CF-RAY': '8769708eda3a617e-ORD', 'alt-svc': 'h3=":443"; ma=86400'} 
 body={"results":[{"gender":"male","name":{"title":"Mr","first":"Vincent","last":"Lee"},"location":{"street":{"number":8544,"name":"Pakowhai Road"},"city":"Lower Hutt","state":"Southland","country":"New Zealand","postcode":22273,"coordinates":{"latitude":"53.8691","longitude":"-100.2443"},"timezone":{"offset":"-4:00","description":"Atlantic Time (Canada), Caracas, La Paz"}},"email":"vincent.lee@example.com","login":{"uuid":"f64da6a2-465c-43bf-b896-176cc4f889ee","username":"organicgoose183","password":"knicks","salt":"txtVmS7R","md5":"3e081a32ea214bf4ac210eae0e22ab29","sha1":"232a936ca4ae81feff5b6e73dc3296237dee3ca6","sha256":"43788ccbd0080cec774f94724976915727ba8cd4557ebd58ea5cffdc10634896"},"dob":{"date":"1972-06-16T23:40:27.590Z","age":51},"registered":{"date":"2010-03-22T17:18:17.154Z","age":14},"phone":"(729)-556-9982","cell":"(154)-626-2904","id":{"name":"","value":null},"picture":{"large":"https://randomuser.me/api/portraits/men/78.jpg","medium":"https://randomuser.me/api/portraits/med/men/78.jpg","thumbnail":"https://randomuser.me/api/portraits/thumb/men/78.jpg"},"nat":"NZ"}],"info":{"seed":"6af55a3840c012a4","results":1,"page":1,"version":"1.4"}} 
 </msg>
<msg time="2024-04-19T02:24:40.850663" level="INFO">/opt/hostedtoolcache/Python/3.12.3/x64/lib/python3.12/site-packages/urllib3/connectionpool.py:1103: InsecureRequestWarning: Unverified HTTPS request is being made to host 'randomuser.me'. Adding certificate verification is strongly advised. See: https://urllib3.readthedocs.io/en/latest/advanced-usage.html#tls-warnings
  warnings.warn(</msg>
<msg time="2024-04-19T02:24:40.850799" level="INFO">${response} = &lt;Response [200]&gt;</msg>
<var>${response}</var>
<arg>consultarAPI</arg>
<arg>/api</arg>
<doc>Sends a GET request on a previously created HTTP Session.</doc>
<status status="PASS" start="2024-04-19T02:24:40.770082" elapsed="0.080750"/>
</kw>
<kw name="Set Variable" owner="BuiltIn">
<msg time="2024-04-19T02:24:40.851885" level="INFO">${json_data} = {'results': [{'gender': 'male', 'name': {'title': 'Mr', 'first': 'Vincent', 'last': 'Lee'}, 'location': {'street': {'number': 8544, 'name': 'Pakowhai Road'}, 'city': 'Lower Hutt', 'state': 'Southland'...</msg>
<var>${json_data}</var>
<arg>${response.json()}</arg>
<doc>Returns the given values which can then be assigned to a variables.</doc>
<status status="PASS" start="2024-04-19T02:24:40.851370" elapsed="0.000543"/>
</kw>
<kw name="Set Variable" owner="BuiltIn">
<msg time="2024-04-19T02:24:40.852605" level="INFO">${name_title} = Mr</msg>
<var>${name_title}</var>
<arg>${json_data["results"][0]["name"]["title"]}</arg>
<doc>Returns the given values which can then be assigned to a variables.</doc>
<status status="PASS" start="2024-04-19T02:24:40.852224" elapsed="0.000406"/>
</kw>
<kw name="Create List" owner="BuiltIn">
<msg time="2024-04-19T02:24:40.853068" level="INFO">${allowed_titles} = ['Mr', 'Ms', 'Miss', 'Mrs', 'Madame', 'Monsieur']</msg>
<var>${allowed_titles}</var>
<arg>Mr</arg>
<arg>Ms</arg>
<arg>Miss</arg>
<arg>Mrs</arg>
<arg>Madame</arg>
<arg>Monsieur</arg>
<doc>Returns a list containing given items.</doc>
<status status="PASS" start="2024-04-19T02:24:40.852924" elapsed="0.000167"/>
</kw>
<kw name="List Should Contain Value" owner="Collections">
<msg time="2024-04-19T02:24:40.853597" level="INFO">False</msg>
<arg>${allowed_titles}</arg>
<arg>${name_title}</arg>
<doc>Fails if the ``value`` is not found from ``list``.</doc>
<status status="PASS" start="2024-04-19T02:24:40.853388" elapsed="0.000252"/>
</kw>
<kw name="Set Variable" owner="BuiltIn">
<msg time="2024-04-19T02:24:40.854325" level="INFO">${name_country} = NZ</msg>
<var>${name_country}</var>
<arg>${json_data["results"][0]["nat"]}</arg>
<doc>Returns the given values which can then be assigned to a variables.</doc>
<status status="PASS" start="2024-04-19T02:24:40.853941" elapsed="0.000409"/>
</kw>
<kw name="Create List" owner="BuiltIn">
<msg time="2024-04-19T02:24:40.855234" level="INFO">${list_country} = ['AD', 'AE', 'AF', 'AG', 'AI', 'AL', 'AM', 'AO', 'AQ', 'AR', 'AS', 'AT', 'AU', 'AW', 'AX', 'AZ', 'BA', 'BB', 'BD', 'BE', 'BF', 'BG', 'BH', 'BI', 'BJ', 'BL', 'BM', 'BN', 'BO', 'BQ', 'BR', 'BS', 'BT', '...</msg>
<var>${list_country}</var>
<arg>AD</arg>
<arg>AE</arg>
<arg>AF</arg>
<arg>AG</arg>
<arg>AI</arg>
<arg>AL</arg>
<arg>AM</arg>
<arg>AO</arg>
<arg>AQ</arg>
<arg>AR</arg>
<arg>AS</arg>
<arg>AT</arg>
<arg>AU</arg>
<arg>AW</arg>
<arg>AX</arg>
<arg>AZ</arg>
<arg>BA</arg>
<arg>BB</arg>
<arg>BD</arg>
<arg>BE</arg>
<arg>BF</arg>
<arg>BG</arg>
<arg>BH</arg>
<arg>BI</arg>
<arg>BJ</arg>
<arg>BL</arg>
<arg>BM</arg>
<arg>BN</arg>
<arg>BO</arg>
<arg>BQ</arg>
<arg>BR</arg>
<arg>BS</arg>
<arg>BT</arg>
<arg>BV</arg>
<arg>BW</arg>
<arg>BY</arg>
<arg>BZ</arg>
<arg>CA</arg>
<arg>CC</arg>
<arg>CD</arg>
<arg>CF</arg>
<arg>CG</arg>
<arg>CH</arg>
<arg>CI</arg>
<arg>CK</arg>
<arg>CL</arg>
<arg>CM</arg>
<arg>CN</arg>
<arg>CO</arg>
<arg>CR</arg>
<arg>CU</arg>
<arg>CV</arg>
<arg>CW</arg>
<arg>CX</arg>
<arg>CY</arg>
<arg>CZ</arg>
<arg>DE</arg>
<arg>DJ</arg>
<arg>DK</arg>
<arg>DM</arg>
<arg>DO</arg>
<arg>DZ</arg>
<arg>EC</arg>
<arg>EE</arg>
<arg>EG</arg>
<arg>EH</arg>
<arg>ER</arg>
<arg>ES</arg>
<arg>ET</arg>
<arg>FI</arg>
<arg>FJ</arg>
<arg>FK</arg>
<arg>FM</arg>
<arg>FO</arg>
<arg>FR</arg>
<arg>GA</arg>
<arg>GB</arg>
<arg>GD</arg>
<arg>GE</arg>
<arg>GF</arg>
<arg>GG</arg>
<arg>GH</arg>
<arg>GI</arg>
<arg>GL</arg>
<arg>GM</arg>
<arg>GN</arg>
<arg>GP</arg>
<arg>GQ</arg>
<arg>GR</arg>
<arg>GS</arg>
<arg>GT</arg>
<arg>GU</arg>
<arg>GW</arg>
<arg>GY</arg>
<arg>HK</arg>
<arg>HM</arg>
<arg>HN</arg>
<arg>HR</arg>
<arg>HT</arg>
<arg>HU</arg>
<arg>ID</arg>
<arg>IE</arg>
<arg>IL</arg>
<arg>IM</arg>
<arg>IN</arg>
<arg>IO</arg>
<arg>IQ</arg>
<arg>IR</arg>
<arg>IS</arg>
<arg>IT</arg>
<arg>JE</arg>
<arg>JM</arg>
<arg>JO</arg>
<arg>JP</arg>
<arg>KE</arg>
<arg>KG</arg>
<arg>KH</arg>
<arg>KI</arg>
<arg>KM</arg>
<arg>KN</arg>
<arg>KP</arg>
<arg>KR</arg>
<arg>KW</arg>
<arg>KY</arg>
<arg>KZ</arg>
<arg>LA</arg>
<arg>LB</arg>
<arg>LC</arg>
<arg>LI</arg>
<arg>LK</arg>
<arg>LR</arg>
<arg>LS</arg>
<arg>LT</arg>
<arg>LU</arg>
<arg>LV</arg>
<arg>LY</arg>
<arg>MA</arg>
<arg>MC</arg>
<arg>MD</arg>
<arg>ME</arg>
<arg>MF</arg>
<arg>MG</arg>
<arg>MH</arg>
<arg>MK</arg>
<arg>ML</arg>
<arg>MM</arg>
<arg>MN</arg>
<arg>MO</arg>
<arg>MP</arg>
<arg>MQ</arg>
<arg>MR</arg>
<arg>MS</arg>
<arg>MT</arg>
<arg>MU</arg>
<arg>MV</arg>
<arg>MW</arg>
<arg>MX</arg>
<arg>MY</arg>
<arg>MZ</arg>
<arg>NA</arg>
<arg>NC</arg>
<arg>NE</arg>
<arg>NF</arg>
<arg>NG</arg>
<arg>NI</arg>
<arg>NL</arg>
<arg>NO</arg>
<arg>NP</arg>
<arg>NR</arg>
<arg>NU</arg>
<arg>NZ</arg>
<arg>OM</arg>
<arg>PA</arg>
<arg>PE</arg>
<arg>PF</arg>
<arg>PG</arg>
<arg>PH</arg>
<arg>PK</arg>
<arg>PL</arg>
<arg>PM</arg>
<arg>PN</arg>
<arg>PR</arg>
<arg>PS</arg>
<arg>PT</arg>
<arg>PW</arg>
<arg>PY</arg>
<arg>QA</arg>
<arg>RE</arg>
<arg>RO</arg>
<arg>RS</arg>
<arg>RU</arg>
<arg>RW</arg>
<arg>SA</arg>
<arg>SB</arg>
<arg>SC</arg>
<arg>SD</arg>
<arg>SE</arg>
<arg>SG</arg>
<arg>SH</arg>
<arg>SI</arg>
<arg>SJ</arg>
<arg>SK</arg>
<arg>SL</arg>
<arg>SM</arg>
<arg>SN</arg>
<arg>SO</arg>
<arg>SR</arg>
<arg>SS</arg>
<arg>ST</arg>
<arg>SV</arg>
<arg>SX</arg>
<arg>SY</arg>
<arg>SZ</arg>
<arg>TC</arg>
<arg>TD</arg>
<arg>TF</arg>
<arg>TG</arg>
<arg>TH</arg>
<arg>TJ</arg>
<arg>TK</arg>
<arg>TL</arg>
<arg>TM</arg>
<arg>TN</arg>
<arg>TO</arg>
<arg>TR</arg>
<arg>TT</arg>
<arg>TV</arg>
<arg>TW</arg>
<arg>TZ</arg>
<arg>UA</arg>
<arg>UG</arg>
<arg>UM</arg>
<arg>US</arg>
<arg>UY</arg>
<arg>UZ</arg>
<arg>VA</arg>
<arg>VC</arg>
<arg>VE</arg>
<arg>VG</arg>
<arg>VI</arg>
<arg>VN</arg>
<arg>VU</arg>
<arg>WF</arg>
<arg>WS</arg>
<arg>XK</arg>
<arg>YE</arg>
<arg>YT</arg>
<arg>ZA</arg>
<arg>ZM</arg>
<arg>ZW</arg>
<doc>Returns a list containing given items.</doc>
<status status="PASS" start="2024-04-19T02:24:40.854649" elapsed="0.000611"/>
</kw>
<kw name="List Should Contain Value" owner="Collections">
<msg time="2024-04-19T02:24:40.856251" level="INFO">False</msg>
<arg>${list_country}</arg>
<arg>${name_country}</arg>
<doc>Fails if the ``value`` is not found from ``list``.</doc>
<status status="PASS" start="2024-04-19T02:24:40.856053" elapsed="0.000234"/>
</kw>
<kw name="Run Keyword If" owner="BuiltIn">
<kw name="Should Be True" owner="BuiltIn">
<arg>${True}</arg>
<doc>Fails if the given condition is not true.</doc>
<status status="PASS" start="2024-04-19T02:24:40.857351" elapsed="0.000291"/>
</kw>
<arg>${json_data["results"][0]["location"]["coordinates"]["latitude"]} &gt;= -90 and ${json_data["results"][0]["location"]["coordinates"]["latitude"]} &lt;= 90</arg>
<arg>Should Be True</arg>
<arg>${True}</arg>
<doc>Runs the given keyword with the given arguments, if ``condition`` is true.</doc>
<status status="PASS" start="2024-04-19T02:24:40.856593" elapsed="0.001194"/>
</kw>
<kw name="Run Keyword If" owner="BuiltIn">
<kw name="Should Be True" owner="BuiltIn">
<arg>${True}</arg>
<doc>Fails if the given condition is not true.</doc>
<status status="PASS" start="2024-04-19T02:24:40.858677" elapsed="0.000139"/>
</kw>
<arg>${json_data["results"][0]["location"]["coordinates"]["longitude"]} &gt;= -180 and ${json_data["results"][0]["location"]["coordinates"]["longitude"]} &lt;= 180</arg>
<arg>Should Be True</arg>
<arg>${True}</arg>
<doc>Runs the given keyword with the given arguments, if ``condition`` is true.</doc>
<status status="PASS" start="2024-04-19T02:24:40.857975" elapsed="0.000965"/>
</kw>
<status status="PASS" start="2024-04-19T02:24:40.769854" elapsed="0.089220"/>
</kw>
<doc>Testa o conteúdo específico dos campos retornados pela API.</doc>
<tag>testeConteudo</tag>
<status status="PASS" start="2024-04-19T02:24:40.769368" elapsed="0.089856"/>
</test>
<status status="PASS" start="2024-04-19T02:24:39.922121" elapsed="0.939065"/>
</suite>
<status status="PASS" start="2024-04-19T02:24:39.900744" elapsed="0.965605"/>
</suite>
<statistics>
<total>
<stat pass="5" fail="0" skip="0">All Tests</stat>
</total>
<tag>
<stat pass="1" fail="0" skip="0">testeConteudo</stat>
<stat pass="1" fail="0" skip="0">testeEstruturaResposta</stat>
<stat pass="1" fail="0" skip="0">testeRequisicaoBasica</stat>
<stat pass="1" fail="0" skip="0">testeTiposDados</stat>
</tag>
<suite>
<stat pass="5" fail="0" skip="0" id="s1" name="Tests">Tests</stat>
<stat pass="5" fail="0" skip="0" id="s1-s1" name="Random-User-Test">Tests.Random-User-Test</stat>
</suite>
</statistics>
<errors>
</errors>
</robot>
