<?xml version="1.0" encoding="UTF-8"?>
<robot generator="Robot 7.0.1 (Python 3.12.4 on linux)" generated="2024-06-24T22:15:23.594630" rpa="false" schemaversion="5">
<suite id="s1" name="Tests" source="/home/runner/work/ApiRandomUser/ApiRandomUser/RamdonUser/tests">
<suite id="s1-s1" name="Random-User-Test" source="/home/runner/work/ApiRandomUser/ApiRandomUser/RamdonUser/tests/random-user-test.robot">
<test id="s1-s1-t1" name="Conectar" line="13">
<kw name="Conectar API" owner="random-user-service">
<kw name="Create Session" owner="RequestsLibrary">
<msg time="2024-06-24T22:15:23.996362" level="INFO">Creating Session using : alias=consultarAPI, url=https://randomuser.me/, headers={},                     cookies={}, auth=None, timeout=None, proxies=None, verify=False,                     debug=0 </msg>
<arg>consultarAPI</arg>
<arg>${URL}</arg>
<doc>Create Session: create a HTTP session to a server</doc>
<status status="PASS" start="2024-06-24T22:15:23.996144" elapsed="0.000408"/>
</kw>
<status status="PASS" start="2024-06-24T22:15:23.995103" elapsed="0.001825"/>
</kw>
<status status="PASS" start="2024-06-24T22:15:23.994511" elapsed="0.002615"/>
</test>
<test id="s1-s1-t2" name="Validar retorno 200 e JSON Válido" line="16">
<kw name="Teste de Requisicao Basica" owner="random-user-service">
<kw name="GET On Session" owner="RequestsLibrary">
<msg time="2024-06-24T22:15:24.118208" level="INFO">GET Request : url=https://randomuser.me/api 
 path_url=/api 
 headers={'User-Agent': 'python-requests/2.32.3', 'Accept-Encoding': 'gzip, deflate', 'Accept': '*/*', 'Connection': 'keep-alive'} 
 body=None 
 </msg>
<msg time="2024-06-24T22:15:24.118366" level="INFO">GET Response : url=https://randomuser.me/api 
 status=200, reason=OK 
 headers={'Date': 'Mon, 24 Jun 2024 22:15:24 GMT', 'Content-Type': 'application/json; charset=utf-8', 'Transfer-Encoding': 'chunked', 'Connection': 'keep-alive', 'X-Powered-By': 'Express', 'Access-Control-Allow-Origin': '*', 'Cache-Control': 'no-cache', 'ETag': 'W/"48e-+TMleG01YmcomfJK5HEKuEUus6M"', 'Vary': 'Accept-Encoding', 'Content-Encoding': 'gzip', 'CF-Cache-Status': 'DYNAMIC', 'Report-To': '{"endpoints":[{"url":"https:\\/\\/a.nel.cloudflare.com\\/report\\/v4?s=HCSGoyr4MVJRhYS76cOnN4GL6ySF%2Bgr6dGsgt8t7c9Ae3Q3gAu6rEi4MPQNdZ9JqyoHTWM%2B%2BA9htvfBC8u%2B1vGNJCaaPi1aw91resAOZSrnan4Ty49tgmiOEj%2FZ761BA"}],"group":"cf-nel","max_age":604800}', 'NEL': '{"success_fraction":0,"report_to":"cf-nel","max_age":604800}', 'Server': 'cloudflare', 'CF-RAY': '899013872d4896ed-SJC', 'alt-svc': 'h3=":443"; ma=86400'} 
 body={"results":[{"gender":"male","name":{"title":"Mr","first":"Hudson","last":"Taylor"},"location":{"street":{"number":251,"name":"Manukau Road"},"city":"Wellington","state":"Wellington","country":"New Zealand","postcode":80787,"coordinates":{"latitude":"49.1368","longitude":"-179.7336"},"timezone":{"offset":"-4:00","description":"Atlantic Time (Canada), Caracas, La Paz"}},"email":"hudson.taylor@example.com","login":{"uuid":"7b408eec-8c93-41d6-a9e8-61f9ba240815","username":"tinyleopard476","password":"metro","salt":"HULngYyQ","md5":"3eea31e10f1c23057e1f771c10a444e8","sha1":"2a1b07eef8c1a8cf1d9fef11e56e4f0f3e84803d","sha256":"85e366206ac4a70bd0dc77c012e43e30f98abd0dcfab08cb1d6e352720b95ff9"},"dob":{"date":"1951-04-05T23:00:03.488Z","age":73},"registered":{"date":"2022-03-14T22:23:05.915Z","age":2},"phone":"(761)-205-1334","cell":"(149)-800-2552","id":{"name":"","value":null},"picture":{"large":"https://randomuser.me/api/portraits/men/59.jpg","medium":"https://randomuser.me/api/portraits/med/men/59.jpg","thumbnail":"https://randomuser.me/api/portraits/thumb/men/59.jpg"},"nat":"NZ"}],"info":{"seed":"e375311276c0b957","results":1,"page":1,"version":"1.4"}} 
 </msg>
<msg time="2024-06-24T22:15:24.118447" level="INFO">/opt/hostedtoolcache/Python/3.12.4/x64/lib/python3.12/site-packages/urllib3/connectionpool.py:1099: InsecureRequestWarning: Unverified HTTPS request is being made to host 'randomuser.me'. Adding certificate verification is strongly advised. See: https://urllib3.readthedocs.io/en/latest/advanced-usage.html#tls-warnings
  warnings.warn(</msg>
<msg time="2024-06-24T22:15:24.118608" level="INFO">${response} = &lt;Response [200]&gt;</msg>
<var>${response}</var>
<arg>consultarAPI</arg>
<arg>/api</arg>
<doc>Sends a GET request on a previously created HTTP Session.</doc>
<status status="PASS" start="2024-06-24T22:15:23.999734" elapsed="0.118911"/>
</kw>
<kw name="Should Be Equal As Numbers" owner="BuiltIn">
<msg time="2024-06-24T22:15:24.119622" level="INFO">Argument types are:
&lt;class 'int'&gt;
&lt;class 'str'&gt;</msg>
<arg>${response.status_code}</arg>
<arg>200</arg>
<doc>Fails if objects are unequal after converting them to real numbers.</doc>
<status status="PASS" start="2024-06-24T22:15:24.119162" elapsed="0.000524"/>
</kw>
<kw name="Log" owner="BuiltIn">
<msg time="2024-06-24T22:15:24.120384" level="INFO">200</msg>
<arg>${response.status_code}</arg>
<doc>Logs the given message with the given level.</doc>
<status status="PASS" start="2024-06-24T22:15:24.120036" elapsed="0.000389"/>
</kw>
<kw name="Set Variable" owner="BuiltIn">
<msg time="2024-06-24T22:15:24.121151" level="INFO">${json_data} = {'results': [{'gender': 'male', 'name': {'title': 'Mr', 'first': 'Hudson', 'last': 'Taylor'}, 'location': {'street': {'number': 251, 'name': 'Manukau Road'}, 'city': 'Wellington', 'state': 'Wellington...</msg>
<var>${json_data}</var>
<arg>${response.json()}</arg>
<doc>Returns the given values which can then be assigned to a variables.</doc>
<status status="PASS" start="2024-06-24T22:15:24.120727" elapsed="0.000452"/>
</kw>
<kw name="Dictionary Should Contain Key" owner="Collections">
<arg>${json_data}</arg>
<arg>results</arg>
<doc>Fails if ``key`` is not found from ``dictionary``.</doc>
<status status="PASS" start="2024-06-24T22:15:24.121473" elapsed="0.000171"/>
</kw>
<status status="PASS" start="2024-06-24T22:15:23.999477" elapsed="0.122316"/>
</kw>
<doc>Testa se a API responde corretamente e retorna um objeto JSON válido.</doc>
<tag>testeRequisicaoBasica</tag>
<status status="PASS" start="2024-06-24T22:15:23.998988" elapsed="0.122974"/>
</test>
<test id="s1-s1-t3" name="Validar estrutura de resposta" line="22">
<kw name="Teste de Estrutura de Resposta" owner="random-user-service">
<kw name="GET On Session" owner="RequestsLibrary">
<msg time="2024-06-24T22:15:24.223615" level="INFO">GET Request : url=https://randomuser.me/api 
 path_url=/api 
 headers={'User-Agent': 'python-requests/2.32.3', 'Accept-Encoding': 'gzip, deflate', 'Accept': '*/*', 'Connection': 'keep-alive'} 
 body=None 
 </msg>
<msg time="2024-06-24T22:15:24.223713" level="INFO">GET Response : url=https://randomuser.me/api 
 status=200, reason=OK 
 headers={'Date': 'Mon, 24 Jun 2024 22:15:24 GMT', 'Content-Type': 'application/json; charset=utf-8', 'Transfer-Encoding': 'chunked', 'Connection': 'keep-alive', 'X-Powered-By': 'Express', 'Access-Control-Allow-Origin': '*', 'Cache-Control': 'no-cache', 'ETag': 'W/"4ae-iMXi2TdVTy4v7IK+/+0BtdH+/OQ"', 'Vary': 'Accept-Encoding', 'Content-Encoding': 'gzip', 'CF-Cache-Status': 'DYNAMIC', 'Report-To': '{"endpoints":[{"url":"https:\\/\\/a.nel.cloudflare.com\\/report\\/v4?s=55xcZTpSQoaNE4i2tCek4tAbrNozM5XrEV13r5dsKNF3tB743URvkpQaCFN%2FAxKAgxclXJyKB2UDgl%2F5or5I2ser%2B3QGiVWLOtcXdUevNQX4dSHXT5Q%2BLO0af0aOop9i"}],"group":"cf-nel","max_age":604800}', 'NEL': '{"success_fraction":0,"report_to":"cf-nel","max_age":604800}', 'Server': 'cloudflare', 'CF-RAY': '89901387dd9296ed-SJC', 'alt-svc': 'h3=":443"; ma=86400'} 
 body={"results":[{"gender":"female","name":{"title":"Miss","first":"Eveline","last":"Caldeira"},"location":{"street":{"number":6038,"name":"Avenida Vinícius de Morais"},"city":"Contagem","state":"Paraná","country":"Brazil","postcode":21426,"coordinates":{"latitude":"-79.0006","longitude":"144.8861"},"timezone":{"offset":"+1:00","description":"Brussels, Copenhagen, Madrid, Paris"}},"email":"eveline.caldeira@example.com","login":{"uuid":"51479147-2de0-4c0f-af87-ce38b1382bc6","username":"heavysnake921","password":"kiss","salt":"Y4dXa8P8","md5":"4d441e7cde0e378597e0ddd03bd80856","sha1":"9c669a4e98694c8088c32f5973cad8bf64d91e69","sha256":"6787079b96dfacf9faa769213d8dc0a850555cd3a49b03a6cbea9d28235d6756"},"dob":{"date":"1958-05-20T11:39:26.962Z","age":66},"registered":{"date":"2013-07-15T08:36:42.156Z","age":10},"phone":"(12) 5177-4060","cell":"(30) 3914-4043","id":{"name":"CPF","value":"094.910.483-94"},"picture":{"large":"https://randomuser.me/api/portraits/women/71.jpg","medium":"https://randomuser.me/api/portraits/med/women/71.jpg","thumbnail":"https://randomuser.me/api/portraits/thumb/women/71.jpg"},"nat":"BR"}],"info":{"seed":"f066fcf803c6eb20","results":1,"page":1,"version":"1.4"}} 
 </msg>
<msg time="2024-06-24T22:15:24.223846" level="INFO">/opt/hostedtoolcache/Python/3.12.4/x64/lib/python3.12/site-packages/urllib3/connectionpool.py:1099: InsecureRequestWarning: Unverified HTTPS request is being made to host 'randomuser.me'. Adding certificate verification is strongly advised. See: https://urllib3.readthedocs.io/en/latest/advanced-usage.html#tls-warnings
  warnings.warn(</msg>
<msg time="2024-06-24T22:15:24.224014" level="INFO">${response} = &lt;Response [200]&gt;</msg>
<var>${response}</var>
<arg>consultarAPI</arg>
<arg>/api</arg>
<doc>Sends a GET request on a previously created HTTP Session.</doc>
<status status="PASS" start="2024-06-24T22:15:24.124625" elapsed="0.099432"/>
</kw>
<kw name="Set Variable" owner="BuiltIn">
<msg time="2024-06-24T22:15:24.225073" level="INFO">${json_data} = {'results': [{'gender': 'female', 'name': {'title': 'Miss', 'first': 'Eveline', 'last': 'Caldeira'}, 'location': {'street': {'number': 6038, 'name': 'Avenida Vinícius de Morais'}, 'city': 'Contagem', ...</msg>
<var>${json_data}</var>
<arg>${response.json()}</arg>
<doc>Returns the given values which can then be assigned to a variables.</doc>
<status status="PASS" start="2024-06-24T22:15:24.224560" elapsed="0.000543"/>
</kw>
<kw name="Log" owner="BuiltIn">
<msg time="2024-06-24T22:15:24.225570" level="INFO">{'results': [{'gender': 'female', 'name': {'title': 'Miss', 'first': 'Eveline', 'last': 'Caldeira'}, 'location': {'street': {'number': 6038, 'name': 'Avenida Vinícius de Morais'}, 'city': 'Contagem', 'state': 'Paraná', 'country': 'Brazil', 'postcode': 21426, 'coordinates': {'latitude': '-79.0006', 'longitude': '144.8861'}, 'timezone': {'offset': '+1:00', 'description': 'Brussels, Copenhagen, Madrid, Paris'}}, 'email': 'eveline.caldeira@example.com', 'login': {'uuid': '51479147-2de0-4c0f-af87-ce38b1382bc6', 'username': 'heavysnake921', 'password': 'kiss', 'salt': 'Y4dXa8P8', 'md5': '4d441e7cde0e378597e0ddd03bd80856', 'sha1': '9c669a4e98694c8088c32f5973cad8bf64d91e69', 'sha256': '6787079b96dfacf9faa769213d8dc0a850555cd3a49b03a6cbea9d28235d6756'}, 'dob': {'date': '1958-05-20T11:39:26.962Z', 'age': 66}, 'registered': {'date': '2013-07-15T08:36:42.156Z', 'age': 10}, 'phone': '(12) 5177-4060', 'cell': '(30) 3914-4043', 'id': {'name': 'CPF', 'value': '094.910.483-94'}, 'picture': {'large': 'https://randomuser.me/api/portraits/women/71.jpg', 'medium': 'https://randomuser.me/api/portraits/med/women/71.jpg', 'thumbnail': 'https://randomuser.me/api/portraits/thumb/women/71.jpg'}, 'nat': 'BR'}], 'info': {'seed': 'f066fcf803c6eb20', 'results': 1, 'page': 1, 'version': '1.4'}}</msg>
<arg>${json_data}</arg>
<doc>Logs the given message with the given level.</doc>
<status status="PASS" start="2024-06-24T22:15:24.225406" elapsed="0.000215"/>
</kw>
<kw name="Dictionary Should Contain Key" owner="Collections">
<arg>${json_data}</arg>
<arg>results</arg>
<doc>Fails if ``key`` is not found from ``dictionary``.</doc>
<status status="PASS" start="2024-06-24T22:15:24.225915" elapsed="0.000162"/>
</kw>
<kw name="Should Not Be Empty" owner="BuiltIn">
<msg time="2024-06-24T22:15:24.226385" level="INFO">Length is 2.</msg>
<arg>${json_data}</arg>
<doc>Verifies that the given item is not empty.</doc>
<status status="PASS" start="2024-06-24T22:15:24.226263" elapsed="0.000167"/>
</kw>
<kw name="Create List" owner="BuiltIn">
<msg time="2024-06-24T22:15:24.226863" level="INFO">${expected_keys} = ['gender', 'name', 'location', 'email', 'login']</msg>
<var>${expected_keys}</var>
<arg>gender</arg>
<arg>name</arg>
<arg>location</arg>
<arg>email</arg>
<arg>login</arg>
<doc>Returns a list containing given items.</doc>
<status status="PASS" start="2024-06-24T22:15:24.226718" elapsed="0.000169"/>
</kw>
<for flavor="IN">
<iter>
<kw name="Dictionary Should Contain Key" owner="Collections">
<arg>${json_data['results'][0]}</arg>
<arg>${key}</arg>
<doc>Fails if ``key`` is not found from ``dictionary``.</doc>
<status status="PASS" start="2024-06-24T22:15:24.227634" elapsed="0.000435"/>
</kw>
<kw name="Log" owner="BuiltIn">
<msg time="2024-06-24T22:15:24.228620" level="INFO">{'gender': 'female', 'name': {'title': 'Miss', 'first': 'Eveline', 'last': 'Caldeira'}, 'location': {'street': {'number': 6038, 'name': 'Avenida Vinícius de Morais'}, 'city': 'Contagem', 'state': 'Paraná', 'country': 'Brazil', 'postcode': 21426, 'coordinates': {'latitude': '-79.0006', 'longitude': '144.8861'}, 'timezone': {'offset': '+1:00', 'description': 'Brussels, Copenhagen, Madrid, Paris'}}, 'email': 'eveline.caldeira@example.com', 'login': {'uuid': '51479147-2de0-4c0f-af87-ce38b1382bc6', 'username': 'heavysnake921', 'password': 'kiss', 'salt': 'Y4dXa8P8', 'md5': '4d441e7cde0e378597e0ddd03bd80856', 'sha1': '9c669a4e98694c8088c32f5973cad8bf64d91e69', 'sha256': '6787079b96dfacf9faa769213d8dc0a850555cd3a49b03a6cbea9d28235d6756'}, 'dob': {'date': '1958-05-20T11:39:26.962Z', 'age': 66}, 'registered': {'date': '2013-07-15T08:36:42.156Z', 'age': 10}, 'phone': '(12) 5177-4060', 'cell': '(30) 3914-4043', 'id': {'name': 'CPF', 'value': '094.910.483-94'}, 'picture': {'large': 'https://randomuser.me/api/portraits/women/71.jpg', 'medium': 'https://randomuser.me/api/portraits/med/women/71.jpg', 'thumbnail': 'https://randomuser.me/api/portraits/thumb/women/71.jpg'}, 'nat': 'BR'}</msg>
<arg>${json_data['results'][0]}</arg>
<doc>Logs the given message with the given level.</doc>
<status status="PASS" start="2024-06-24T22:15:24.228257" elapsed="0.000415"/>
</kw>
<kw name="Log" owner="BuiltIn">
<msg time="2024-06-24T22:15:24.229100" level="INFO">gender</msg>
<arg>${key}</arg>
<doc>Logs the given message with the given level.</doc>
<status status="PASS" start="2024-06-24T22:15:24.228971" elapsed="0.000167"/>
</kw>
<var name="${key}">gender</var>
<status status="PASS" start="2024-06-24T22:15:24.227504" elapsed="0.001845"/>
</iter>
<iter>
<kw name="Dictionary Should Contain Key" owner="Collections">
<arg>${json_data['results'][0]}</arg>
<arg>${key}</arg>
<doc>Fails if ``key`` is not found from ``dictionary``.</doc>
<status status="PASS" start="2024-06-24T22:15:24.229641" elapsed="0.000381"/>
</kw>
<kw name="Log" owner="BuiltIn">
<msg time="2024-06-24T22:15:24.230592" level="INFO">{'gender': 'female', 'name': {'title': 'Miss', 'first': 'Eveline', 'last': 'Caldeira'}, 'location': {'street': {'number': 6038, 'name': 'Avenida Vinícius de Morais'}, 'city': 'Contagem', 'state': 'Paraná', 'country': 'Brazil', 'postcode': 21426, 'coordinates': {'latitude': '-79.0006', 'longitude': '144.8861'}, 'timezone': {'offset': '+1:00', 'description': 'Brussels, Copenhagen, Madrid, Paris'}}, 'email': 'eveline.caldeira@example.com', 'login': {'uuid': '51479147-2de0-4c0f-af87-ce38b1382bc6', 'username': 'heavysnake921', 'password': 'kiss', 'salt': 'Y4dXa8P8', 'md5': '4d441e7cde0e378597e0ddd03bd80856', 'sha1': '9c669a4e98694c8088c32f5973cad8bf64d91e69', 'sha256': '6787079b96dfacf9faa769213d8dc0a850555cd3a49b03a6cbea9d28235d6756'}, 'dob': {'date': '1958-05-20T11:39:26.962Z', 'age': 66}, 'registered': {'date': '2013-07-15T08:36:42.156Z', 'age': 10}, 'phone': '(12) 5177-4060', 'cell': '(30) 3914-4043', 'id': {'name': 'CPF', 'value': '094.910.483-94'}, 'picture': {'large': 'https://randomuser.me/api/portraits/women/71.jpg', 'medium': 'https://randomuser.me/api/portraits/med/women/71.jpg', 'thumbnail': 'https://randomuser.me/api/portraits/thumb/women/71.jpg'}, 'nat': 'BR'}</msg>
<arg>${json_data['results'][0]}</arg>
<doc>Logs the given message with the given level.</doc>
<status status="PASS" start="2024-06-24T22:15:24.230237" elapsed="0.000404"/>
</kw>
<kw name="Log" owner="BuiltIn">
<msg time="2024-06-24T22:15:24.231062" level="INFO">name</msg>
<arg>${key}</arg>
<doc>Logs the given message with the given level.</doc>
<status status="PASS" start="2024-06-24T22:15:24.230936" elapsed="0.000162"/>
</kw>
<var name="${key}">name</var>
<status status="PASS" start="2024-06-24T22:15:24.229531" elapsed="0.001777"/>
</iter>
<iter>
<kw name="Dictionary Should Contain Key" owner="Collections">
<arg>${json_data['results'][0]}</arg>
<arg>${key}</arg>
<doc>Fails if ``key`` is not found from ``dictionary``.</doc>
<status status="PASS" start="2024-06-24T22:15:24.231589" elapsed="0.000413"/>
</kw>
<kw name="Log" owner="BuiltIn">
<msg time="2024-06-24T22:15:24.232543" level="INFO">{'gender': 'female', 'name': {'title': 'Miss', 'first': 'Eveline', 'last': 'Caldeira'}, 'location': {'street': {'number': 6038, 'name': 'Avenida Vinícius de Morais'}, 'city': 'Contagem', 'state': 'Paraná', 'country': 'Brazil', 'postcode': 21426, 'coordinates': {'latitude': '-79.0006', 'longitude': '144.8861'}, 'timezone': {'offset': '+1:00', 'description': 'Brussels, Copenhagen, Madrid, Paris'}}, 'email': 'eveline.caldeira@example.com', 'login': {'uuid': '51479147-2de0-4c0f-af87-ce38b1382bc6', 'username': 'heavysnake921', 'password': 'kiss', 'salt': 'Y4dXa8P8', 'md5': '4d441e7cde0e378597e0ddd03bd80856', 'sha1': '9c669a4e98694c8088c32f5973cad8bf64d91e69', 'sha256': '6787079b96dfacf9faa769213d8dc0a850555cd3a49b03a6cbea9d28235d6756'}, 'dob': {'date': '1958-05-20T11:39:26.962Z', 'age': 66}, 'registered': {'date': '2013-07-15T08:36:42.156Z', 'age': 10}, 'phone': '(12) 5177-4060', 'cell': '(30) 3914-4043', 'id': {'name': 'CPF', 'value': '094.910.483-94'}, 'picture': {'large': 'https://randomuser.me/api/portraits/women/71.jpg', 'medium': 'https://randomuser.me/api/portraits/med/women/71.jpg', 'thumbnail': 'https://randomuser.me/api/portraits/thumb/women/71.jpg'}, 'nat': 'BR'}</msg>
<arg>${json_data['results'][0]}</arg>
<doc>Logs the given message with the given level.</doc>
<status status="PASS" start="2024-06-24T22:15:24.232186" elapsed="0.000405"/>
</kw>
<kw name="Log" owner="BuiltIn">
<msg time="2024-06-24T22:15:24.233007" level="INFO">location</msg>
<arg>${key}</arg>
<doc>Logs the given message with the given level.</doc>
<status status="PASS" start="2024-06-24T22:15:24.232881" elapsed="0.000163"/>
</kw>
<var name="${key}">location</var>
<status status="PASS" start="2024-06-24T22:15:24.231482" elapsed="0.001773"/>
</iter>
<iter>
<kw name="Dictionary Should Contain Key" owner="Collections">
<arg>${json_data['results'][0]}</arg>
<arg>${key}</arg>
<doc>Fails if ``key`` is not found from ``dictionary``.</doc>
<status status="PASS" start="2024-06-24T22:15:24.233523" elapsed="0.000377"/>
</kw>
<kw name="Log" owner="BuiltIn">
<msg time="2024-06-24T22:15:24.234432" level="INFO">{'gender': 'female', 'name': {'title': 'Miss', 'first': 'Eveline', 'last': 'Caldeira'}, 'location': {'street': {'number': 6038, 'name': 'Avenida Vinícius de Morais'}, 'city': 'Contagem', 'state': 'Paraná', 'country': 'Brazil', 'postcode': 21426, 'coordinates': {'latitude': '-79.0006', 'longitude': '144.8861'}, 'timezone': {'offset': '+1:00', 'description': 'Brussels, Copenhagen, Madrid, Paris'}}, 'email': 'eveline.caldeira@example.com', 'login': {'uuid': '51479147-2de0-4c0f-af87-ce38b1382bc6', 'username': 'heavysnake921', 'password': 'kiss', 'salt': 'Y4dXa8P8', 'md5': '4d441e7cde0e378597e0ddd03bd80856', 'sha1': '9c669a4e98694c8088c32f5973cad8bf64d91e69', 'sha256': '6787079b96dfacf9faa769213d8dc0a850555cd3a49b03a6cbea9d28235d6756'}, 'dob': {'date': '1958-05-20T11:39:26.962Z', 'age': 66}, 'registered': {'date': '2013-07-15T08:36:42.156Z', 'age': 10}, 'phone': '(12) 5177-4060', 'cell': '(30) 3914-4043', 'id': {'name': 'CPF', 'value': '094.910.483-94'}, 'picture': {'large': 'https://randomuser.me/api/portraits/women/71.jpg', 'medium': 'https://randomuser.me/api/portraits/med/women/71.jpg', 'thumbnail': 'https://randomuser.me/api/portraits/thumb/women/71.jpg'}, 'nat': 'BR'}</msg>
<arg>${json_data['results'][0]}</arg>
<doc>Logs the given message with the given level.</doc>
<status status="PASS" start="2024-06-24T22:15:24.234084" elapsed="0.000397"/>
</kw>
<kw name="Log" owner="BuiltIn">
<msg time="2024-06-24T22:15:24.234895" level="INFO">email</msg>
<arg>${key}</arg>
<doc>Logs the given message with the given level.</doc>
<status status="PASS" start="2024-06-24T22:15:24.234770" elapsed="0.000163"/>
</kw>
<var name="${key}">email</var>
<status status="PASS" start="2024-06-24T22:15:24.233419" elapsed="0.001725"/>
</iter>
<iter>
<kw name="Dictionary Should Contain Key" owner="Collections">
<arg>${json_data['results'][0]}</arg>
<arg>${key}</arg>
<doc>Fails if ``key`` is not found from ``dictionary``.</doc>
<status status="PASS" start="2024-06-24T22:15:24.235418" elapsed="0.000381"/>
</kw>
<kw name="Log" owner="BuiltIn">
<msg time="2024-06-24T22:15:24.236373" level="INFO">{'gender': 'female', 'name': {'title': 'Miss', 'first': 'Eveline', 'last': 'Caldeira'}, 'location': {'street': {'number': 6038, 'name': 'Avenida Vinícius de Morais'}, 'city': 'Contagem', 'state': 'Paraná', 'country': 'Brazil', 'postcode': 21426, 'coordinates': {'latitude': '-79.0006', 'longitude': '144.8861'}, 'timezone': {'offset': '+1:00', 'description': 'Brussels, Copenhagen, Madrid, Paris'}}, 'email': 'eveline.caldeira@example.com', 'login': {'uuid': '51479147-2de0-4c0f-af87-ce38b1382bc6', 'username': 'heavysnake921', 'password': 'kiss', 'salt': 'Y4dXa8P8', 'md5': '4d441e7cde0e378597e0ddd03bd80856', 'sha1': '9c669a4e98694c8088c32f5973cad8bf64d91e69', 'sha256': '6787079b96dfacf9faa769213d8dc0a850555cd3a49b03a6cbea9d28235d6756'}, 'dob': {'date': '1958-05-20T11:39:26.962Z', 'age': 66}, 'registered': {'date': '2013-07-15T08:36:42.156Z', 'age': 10}, 'phone': '(12) 5177-4060', 'cell': '(30) 3914-4043', 'id': {'name': 'CPF', 'value': '094.910.483-94'}, 'picture': {'large': 'https://randomuser.me/api/portraits/women/71.jpg', 'medium': 'https://randomuser.me/api/portraits/med/women/71.jpg', 'thumbnail': 'https://randomuser.me/api/portraits/thumb/women/71.jpg'}, 'nat': 'BR'}</msg>
<arg>${json_data['results'][0]}</arg>
<doc>Logs the given message with the given level.</doc>
<status status="PASS" start="2024-06-24T22:15:24.236015" elapsed="0.000418"/>
</kw>
<kw name="Log" owner="BuiltIn">
<msg time="2024-06-24T22:15:24.236860" level="INFO">login</msg>
<arg>${key}</arg>
<doc>Logs the given message with the given level.</doc>
<status status="PASS" start="2024-06-24T22:15:24.236730" elapsed="0.000168"/>
</kw>
<var name="${key}">login</var>
<status status="PASS" start="2024-06-24T22:15:24.235312" elapsed="0.001804"/>
</iter>
<var>${key}</var>
<value>@{expected_keys}</value>
<status status="PASS" start="2024-06-24T22:15:24.227308" elapsed="0.009951"/>
</for>
<kw name="Create List" owner="BuiltIn">
<msg time="2024-06-24T22:15:24.237589" level="INFO">${expected_keysTwo} = ['username', 'password']</msg>
<var>${expected_keysTwo}</var>
<arg>username</arg>
<arg>password</arg>
<doc>Returns a list containing given items.</doc>
<status status="PASS" start="2024-06-24T22:15:24.237454" elapsed="0.000160"/>
</kw>
<for flavor="IN">
<iter>
<kw name="Dictionary Should Contain Key" owner="Collections">
<arg>${json_data['results'][0]['login']}</arg>
<arg>${keyTwo}</arg>
<doc>Fails if ``key`` is not found from ``dictionary``.</doc>
<status status="PASS" start="2024-06-24T22:15:24.238106" elapsed="0.000391"/>
</kw>
<kw name="Dictionary Should Contain Key" owner="Collections">
<arg>${json_data['results'][0]['login']}</arg>
<arg>${keyTwo}</arg>
<doc>Fails if ``key`` is not found from ``dictionary``.</doc>
<status status="PASS" start="2024-06-24T22:15:24.238722" elapsed="0.000384"/>
</kw>
<kw name="Log" owner="BuiltIn">
<msg time="2024-06-24T22:15:24.239405" level="INFO">username</msg>
<arg>${keyTwo}</arg>
<doc>Logs the given message with the given level.</doc>
<status status="PASS" start="2024-06-24T22:15:24.239286" elapsed="0.000155"/>
</kw>
<var name="${keyTwo}">username</var>
<status status="PASS" start="2024-06-24T22:15:24.237999" elapsed="0.001662"/>
</iter>
<iter>
<kw name="Dictionary Should Contain Key" owner="Collections">
<arg>${json_data['results'][0]['login']}</arg>
<arg>${keyTwo}</arg>
<doc>Fails if ``key`` is not found from ``dictionary``.</doc>
<status status="PASS" start="2024-06-24T22:15:24.239937" elapsed="0.000421"/>
</kw>
<kw name="Dictionary Should Contain Key" owner="Collections">
<arg>${json_data['results'][0]['login']}</arg>
<arg>${keyTwo}</arg>
<doc>Fails if ``key`` is not found from ``dictionary``.</doc>
<status status="PASS" start="2024-06-24T22:15:24.240538" elapsed="0.000378"/>
</kw>
<kw name="Log" owner="BuiltIn">
<msg time="2024-06-24T22:15:24.241209" level="INFO">password</msg>
<arg>${keyTwo}</arg>
<doc>Logs the given message with the given level.</doc>
<status status="PASS" start="2024-06-24T22:15:24.241090" elapsed="0.000156"/>
</kw>
<var name="${keyTwo}">password</var>
<status status="PASS" start="2024-06-24T22:15:24.239826" elapsed="0.001638"/>
</iter>
<var>${keyTwo}</var>
<value>@{expected_keysTwo}</value>
<status status="PASS" start="2024-06-24T22:15:24.237848" elapsed="0.003735"/>
</for>
<status status="PASS" start="2024-06-24T22:15:24.124395" elapsed="0.117330"/>
</kw>
<doc>Testa a estrutura da resposta da API.</doc>
<tag>testeEstruturaResposta</tag>
<status status="PASS" start="2024-06-24T22:15:24.123779" elapsed="0.118101"/>
</test>
<test id="s1-s1-t4" name="Validar tipos de dados" line="28">
<kw name="Teste de Tipos de Dados" owner="random-user-service">
<kw name="GET On Session" owner="RequestsLibrary">
<msg time="2024-06-24T22:15:24.333201" level="INFO">GET Request : url=https://randomuser.me/api 
 path_url=/api 
 headers={'User-Agent': 'python-requests/2.32.3', 'Accept-Encoding': 'gzip, deflate', 'Accept': '*/*', 'Connection': 'keep-alive'} 
 body=None 
 </msg>
<msg time="2024-06-24T22:15:24.333311" level="INFO">GET Response : url=https://randomuser.me/api 
 status=200, reason=OK 
 headers={'Date': 'Mon, 24 Jun 2024 22:15:24 GMT', 'Content-Type': 'application/json; charset=utf-8', 'Transfer-Encoding': 'chunked', 'Connection': 'keep-alive', 'X-Powered-By': 'Express', 'Access-Control-Allow-Origin': '*', 'Cache-Control': 'no-cache', 'ETag': 'W/"48c-kNzNYdDV+W6X79uUtJBaB1m9/VU"', 'Vary': 'Accept-Encoding', 'Content-Encoding': 'gzip', 'CF-Cache-Status': 'DYNAMIC', 'Report-To': '{"endpoints":[{"url":"https:\\/\\/a.nel.cloudflare.com\\/report\\/v4?s=oX9A8hGPmoI0GsuEqm7Dz6EAZwtOMypZS6x%2F4ALUYqnwCzAFdyCrgV5DUOnbQz5IFTBhGcMwkjcCYS9KpWpMj7yAQy9y7uKeLVd%2F1zNBhhHoc9B0qKBKRs9Q3b%2Be%2Bvok"}],"group":"cf-nel","max_age":604800}', 'NEL': '{"success_fraction":0,"report_to":"cf-nel","max_age":604800}', 'Server': 'cloudflare', 'CF-RAY': '899013888ddd96ed-SJC', 'alt-svc': 'h3=":443"; ma=86400'} 
 body={"results":[{"gender":"female","name":{"title":"Mrs","first":"María","last":"Suarez"},"location":{"street":{"number":3070,"name":"Calle del Arenal"},"city":"Madrid","state":"Canarias","country":"Spain","postcode":88772,"coordinates":{"latitude":"-30.5046","longitude":"133.2573"},"timezone":{"offset":"-8:00","description":"Pacific Time (US &amp; Canada)"}},"email":"maria.suarez@example.com","login":{"uuid":"9e824b83-e382-4d8a-b595-60ba355aafdc","username":"goldengorilla127","password":"magicman","salt":"mHkZIMRw","md5":"3c8ddae0a00b48e465e182d55f222308","sha1":"83bd356cad0d17746bf78816a54854c5ce07effb","sha256":"b514facf4c96d7164414f859b5c3d9c1c28e3f8c2819a454ba6ca9c61c3d39dc"},"dob":{"date":"1986-02-21T10:13:33.690Z","age":38},"registered":{"date":"2015-10-25T20:51:18.900Z","age":8},"phone":"933-669-877","cell":"664-239-159","id":{"name":"DNI","value":"06299957-P"},"picture":{"large":"https://randomuser.me/api/portraits/women/18.jpg","medium":"https://randomuser.me/api/portraits/med/women/18.jpg","thumbnail":"https://randomuser.me/api/portraits/thumb/women/18.jpg"},"nat":"ES"}],"info":{"seed":"0599b4aca6a548df","results":1,"page":1,"version":"1.4"}} 
 </msg>
<msg time="2024-06-24T22:15:24.333395" level="INFO">/opt/hostedtoolcache/Python/3.12.4/x64/lib/python3.12/site-packages/urllib3/connectionpool.py:1099: InsecureRequestWarning: Unverified HTTPS request is being made to host 'randomuser.me'. Adding certificate verification is strongly advised. See: https://urllib3.readthedocs.io/en/latest/advanced-usage.html#tls-warnings
  warnings.warn(</msg>
<msg time="2024-06-24T22:15:24.333558" level="INFO">${response} = &lt;Response [200]&gt;</msg>
<var>${response}</var>
<arg>consultarAPI</arg>
<arg>/api</arg>
<doc>Sends a GET request on a previously created HTTP Session.</doc>
<status status="PASS" start="2024-06-24T22:15:24.244454" elapsed="0.089195"/>
</kw>
<kw name="Set Variable" owner="BuiltIn">
<msg time="2024-06-24T22:15:24.334682" level="INFO">${json_data} = {'results': [{'gender': 'female', 'name': {'title': 'Mrs', 'first': 'María', 'last': 'Suarez'}, 'location': {'street': {'number': 3070, 'name': 'Calle del Arenal'}, 'city': 'Madrid', 'state': 'Canaria...</msg>
<var>${json_data}</var>
<arg>${response.json()}</arg>
<doc>Returns the given values which can then be assigned to a variables.</doc>
<status status="PASS" start="2024-06-24T22:15:24.334166" elapsed="0.000546"/>
</kw>
<kw name="Log" owner="BuiltIn">
<msg time="2024-06-24T22:15:24.335177" level="INFO">{'results': [{'gender': 'female', 'name': {'title': 'Mrs', 'first': 'María', 'last': 'Suarez'}, 'location': {'street': {'number': 3070, 'name': 'Calle del Arenal'}, 'city': 'Madrid', 'state': 'Canarias', 'country': 'Spain', 'postcode': 88772, 'coordinates': {'latitude': '-30.5046', 'longitude': '133.2573'}, 'timezone': {'offset': '-8:00', 'description': 'Pacific Time (US &amp; Canada)'}}, 'email': 'maria.suarez@example.com', 'login': {'uuid': '9e824b83-e382-4d8a-b595-60ba355aafdc', 'username': 'goldengorilla127', 'password': 'magicman', 'salt': 'mHkZIMRw', 'md5': '3c8ddae0a00b48e465e182d55f222308', 'sha1': '83bd356cad0d17746bf78816a54854c5ce07effb', 'sha256': 'b514facf4c96d7164414f859b5c3d9c1c28e3f8c2819a454ba6ca9c61c3d39dc'}, 'dob': {'date': '1986-02-21T10:13:33.690Z', 'age': 38}, 'registered': {'date': '2015-10-25T20:51:18.900Z', 'age': 8}, 'phone': '933-669-877', 'cell': '664-239-159', 'id': {'name': 'DNI', 'value': '06299957-P'}, 'picture': {'large': 'https://randomuser.me/api/portraits/women/18.jpg', 'medium': 'https://randomuser.me/api/portraits/med/women/18.jpg', 'thumbnail': 'https://randomuser.me/api/portraits/thumb/women/18.jpg'}, 'nat': 'ES'}], 'info': {'seed': '0599b4aca6a548df', 'results': 1, 'page': 1, 'version': '1.4'}}</msg>
<arg>${json_data}</arg>
<doc>Logs the given message with the given level.</doc>
<status status="PASS" start="2024-06-24T22:15:24.335017" elapsed="0.000211"/>
</kw>
<kw name="Should Be String" owner="String">
<arg>${json_data['results'][0]['gender']}</arg>
<doc>Fails if the given ``item`` is not a string.</doc>
<status status="PASS" start="2024-06-24T22:15:24.335519" elapsed="0.000399"/>
</kw>
<kw name="Should Match Regexp" owner="BuiltIn">
<arg>${json_data['results'][0]['email']}</arg>
<arg>^[a-zA-Z0-9._%+-]+@[a-zA-Z0-9.-]+\.[a-zA-Z]{2,}$</arg>
<doc>Fails if ``string`` does not match ``pattern`` as a regular expression.</doc>
<status status="PASS" start="2024-06-24T22:15:24.336151" elapsed="0.000524"/>
</kw>
<kw name="Should Match Regexp" owner="BuiltIn">
<arg>${json_data['results'][0]['dob']['date']}</arg>
<arg>\\d{4}-\\d{2}-\\d{2}T\\d{2}:\\d{2}:\\d{2}\\.\\d{3}Z</arg>
<doc>Fails if ``string`` does not match ``pattern`` as a regular expression.</doc>
<status status="PASS" start="2024-06-24T22:15:24.336868" elapsed="0.000482"/>
</kw>
<kw name="Should Match Regexp" owner="BuiltIn">
<arg>${json_data['results'][0]['registered']['date']}</arg>
<arg>\\d{4}-\\d{2}-\\d{2}T\\d{2}:\\d{2}:\\d{2}\\.\\d{3}Z</arg>
<doc>Fails if ``string`` does not match ``pattern`` as a regular expression.</doc>
<status status="PASS" start="2024-06-24T22:15:24.337538" elapsed="0.000361"/>
</kw>
<kw name="Should Match Regexp" owner="BuiltIn">
<arg>${json_data['results'][0]['picture']['large']}</arg>
<arg>^https?://.*\.(?:png|jpe?g|gif|bmp)$</arg>
<doc>Fails if ``string`` does not match ``pattern`` as a regular expression.</doc>
<status status="PASS" start="2024-06-24T22:15:24.338081" elapsed="0.000459"/>
</kw>
<kw name="Should Match Regexp" owner="BuiltIn">
<arg>${json_data['results'][0]['picture']['medium']}</arg>
<arg>^https?://.*\.(?:png|jpe?g|gif|bmp)$</arg>
<doc>Fails if ``string`` does not match ``pattern`` as a regular expression.</doc>
<status status="PASS" start="2024-06-24T22:15:24.338726" elapsed="0.000352"/>
</kw>
<kw name="Should Match Regexp" owner="BuiltIn">
<arg>${json_data['results'][0]['picture']['thumbnail']}</arg>
<arg>^https?://.*\.(?:png|jpe?g|gif|bmp)$</arg>
<doc>Fails if ``string`` does not match ``pattern`` as a regular expression.</doc>
<status status="PASS" start="2024-06-24T22:15:24.339258" elapsed="0.000352"/>
</kw>
<kw name="Log" owner="BuiltIn">
<msg time="2024-06-24T22:15:24.340146" level="INFO">{'large': 'https://randomuser.me/api/portraits/women/18.jpg', 'medium': 'https://randomuser.me/api/portraits/med/women/18.jpg', 'thumbnail': 'https://randomuser.me/api/portraits/thumb/women/18.jpg'}</msg>
<arg>${json_data['results'][0]['picture']}</arg>
<doc>Logs the given message with the given level.</doc>
<status status="PASS" start="2024-06-24T22:15:24.339788" elapsed="0.000401"/>
</kw>
<status status="PASS" start="2024-06-24T22:15:24.244225" elapsed="0.096225"/>
</kw>
<kw name="Teste de Tipos de Dados - Postcode" owner="random-user-service">
<kw name="GET On Session" owner="RequestsLibrary">
<msg time="2024-06-24T22:15:24.435569" level="INFO">GET Request : url=https://randomuser.me/api 
 path_url=/api 
 headers={'User-Agent': 'python-requests/2.32.3', 'Accept-Encoding': 'gzip, deflate', 'Accept': '*/*', 'Connection': 'keep-alive'} 
 body=None 
 </msg>
<msg time="2024-06-24T22:15:24.435654" level="INFO">GET Response : url=https://randomuser.me/api 
 status=200, reason=OK 
 headers={'Date': 'Mon, 24 Jun 2024 22:15:24 GMT', 'Content-Type': 'application/json; charset=utf-8', 'Transfer-Encoding': 'chunked', 'Connection': 'keep-alive', 'X-Powered-By': 'Express', 'Access-Control-Allow-Origin': '*', 'Cache-Control': 'no-cache', 'ETag': 'W/"497-6eWMGUnSwa3dIcVY4/azoSiNRYI"', 'Vary': 'Accept-Encoding', 'Content-Encoding': 'gzip', 'CF-Cache-Status': 'DYNAMIC', 'Report-To': '{"endpoints":[{"url":"https:\\/\\/a.nel.cloudflare.com\\/report\\/v4?s=zVVOTSO7fjYh44qMJpQOIg8YRMVVHsw2x2T6Q6jhpsnUSb76xsP1olFvU%2Fxzm84MwjEEs3eA1MhaFgOo83gKUyTaG5AfjPNKWkXmexqR4EaFH4NHrnkkrBd8SHKZskkx"}],"group":"cf-nel","max_age":604800}', 'NEL': '{"success_fraction":0,"report_to":"cf-nel","max_age":604800}', 'Server': 'cloudflare', 'CF-RAY': '899013892e2196ed-SJC', 'alt-svc': 'h3=":443"; ma=86400'} 
 body={"results":[{"gender":"female","name":{"title":"Mrs","first":"Maria","last":"Richardson"},"location":{"street":{"number":6920,"name":"Westmoreland Street"},"city":"Clonmel","state":"Donegal","country":"Ireland","postcode":34770,"coordinates":{"latitude":"3.5800","longitude":"133.5705"},"timezone":{"offset":"-7:00","description":"Mountain Time (US &amp; Canada)"}},"email":"maria.richardson@example.com","login":{"uuid":"bc62bf42-4309-47a6-9bc9-756228df9c4d","username":"organicladybug431","password":"rookie","salt":"lcMBPyfR","md5":"16095a1f2eec05f8ac157c80653da34b","sha1":"78318f08ec2937078a3c95f3b33cf6742870a1ad","sha256":"b209cddfd05760131f5ff800bc381daaa3d0df7e75b3cd76d278a11735d7e8e0"},"dob":{"date":"1967-11-05T01:19:17.600Z","age":56},"registered":{"date":"2005-04-15T03:00:24.158Z","age":19},"phone":"041-895-7285","cell":"081-647-1601","id":{"name":"PPS","value":"5650147T"},"picture":{"large":"https://randomuser.me/api/portraits/women/16.jpg","medium":"https://randomuser.me/api/portraits/med/women/16.jpg","thumbnail":"https://randomuser.me/api/portraits/thumb/women/16.jpg"},"nat":"IE"}],"info":{"seed":"cce87ad37402ed88","results":1,"page":1,"version":"1.4"}} 
 </msg>
<msg time="2024-06-24T22:15:24.435724" level="INFO">/opt/hostedtoolcache/Python/3.12.4/x64/lib/python3.12/site-packages/urllib3/connectionpool.py:1099: InsecureRequestWarning: Unverified HTTPS request is being made to host 'randomuser.me'. Adding certificate verification is strongly advised. See: https://urllib3.readthedocs.io/en/latest/advanced-usage.html#tls-warnings
  warnings.warn(</msg>
<msg time="2024-06-24T22:15:24.435853" level="INFO">${response} = &lt;Response [200]&gt;</msg>
<var>${response}</var>
<arg>consultarAPI</arg>
<arg>/api</arg>
<doc>Sends a GET request on a previously created HTTP Session.</doc>
<status status="PASS" start="2024-06-24T22:15:24.340904" elapsed="0.094991"/>
</kw>
<kw name="Set Variable" owner="BuiltIn">
<msg time="2024-06-24T22:15:24.436875" level="INFO">${json_data} = {'results': [{'gender': 'female', 'name': {'title': 'Mrs', 'first': 'Maria', 'last': 'Richardson'}, 'location': {'street': {'number': 6920, 'name': 'Westmoreland Street'}, 'city': 'Clonmel', 'state': ...</msg>
<var>${json_data}</var>
<arg>${response.json()}</arg>
<doc>Returns the given values which can then be assigned to a variables.</doc>
<status status="PASS" start="2024-06-24T22:15:24.436397" elapsed="0.000508"/>
</kw>
<kw name="Log" owner="BuiltIn">
<msg time="2024-06-24T22:15:24.437354" level="INFO">{'results': [{'gender': 'female', 'name': {'title': 'Mrs', 'first': 'Maria', 'last': 'Richardson'}, 'location': {'street': {'number': 6920, 'name': 'Westmoreland Street'}, 'city': 'Clonmel', 'state': 'Donegal', 'country': 'Ireland', 'postcode': 34770, 'coordinates': {'latitude': '3.5800', 'longitude': '133.5705'}, 'timezone': {'offset': '-7:00', 'description': 'Mountain Time (US &amp; Canada)'}}, 'email': 'maria.richardson@example.com', 'login': {'uuid': 'bc62bf42-4309-47a6-9bc9-756228df9c4d', 'username': 'organicladybug431', 'password': 'rookie', 'salt': 'lcMBPyfR', 'md5': '16095a1f2eec05f8ac157c80653da34b', 'sha1': '78318f08ec2937078a3c95f3b33cf6742870a1ad', 'sha256': 'b209cddfd05760131f5ff800bc381daaa3d0df7e75b3cd76d278a11735d7e8e0'}, 'dob': {'date': '1967-11-05T01:19:17.600Z', 'age': 56}, 'registered': {'date': '2005-04-15T03:00:24.158Z', 'age': 19}, 'phone': '041-895-7285', 'cell': '081-647-1601', 'id': {'name': 'PPS', 'value': '5650147T'}, 'picture': {'large': 'https://randomuser.me/api/portraits/women/16.jpg', 'medium': 'https://randomuser.me/api/portraits/med/women/16.jpg', 'thumbnail': 'https://randomuser.me/api/portraits/thumb/women/16.jpg'}, 'nat': 'IE'}], 'info': {'seed': 'cce87ad37402ed88', 'results': 1, 'page': 1, 'version': '1.4'}}</msg>
<arg>${json_data}</arg>
<doc>Logs the given message with the given level.</doc>
<status status="PASS" start="2024-06-24T22:15:24.437202" elapsed="0.000199"/>
</kw>
<kw name="Should Be Equal As Numbers" owner="BuiltIn">
<arg>${json_data['results'][0]['location']['postcode']}</arg>
<arg>${json_data['results'][0]['location']['postcode']}</arg>
<doc>Fails if objects are unequal after converting them to real numbers.</doc>
<status status="PASS" start="2024-06-24T22:15:24.437691" elapsed="0.000609"/>
</kw>
<kw name="Log" owner="BuiltIn">
<msg time="2024-06-24T22:15:24.438849" level="INFO">34770</msg>
<arg>${json_data['results'][0]['location']['postcode']}</arg>
<doc>Logs the given message with the given level.</doc>
<status status="PASS" start="2024-06-24T22:15:24.438518" elapsed="0.000371"/>
</kw>
<status status="PASS" start="2024-06-24T22:15:24.340677" elapsed="0.098463"/>
</kw>
<doc>Testa se os tipos de dados na resposta da API estão corretos.</doc>
<tag>testeTiposDados</tag>
<status status="PASS" start="2024-06-24T22:15:24.243614" elapsed="0.195691"/>
</test>
<test id="s1-s1-t5" name="Validar conteudo" line="35">
<kw name="Teste de Tipos de Conteudo" owner="random-user-service">
<kw name="GET On Session" owner="RequestsLibrary">
<msg time="2024-06-24T22:15:24.534915" level="INFO">GET Request : url=https://randomuser.me/api 
 path_url=/api 
 headers={'User-Agent': 'python-requests/2.32.3', 'Accept-Encoding': 'gzip, deflate', 'Accept': '*/*', 'Connection': 'keep-alive'} 
 body=None 
 </msg>
<msg time="2024-06-24T22:15:24.535025" level="INFO">GET Response : url=https://randomuser.me/api 
 status=200, reason=OK 
 headers={'Date': 'Mon, 24 Jun 2024 22:15:24 GMT', 'Content-Type': 'application/json; charset=utf-8', 'Transfer-Encoding': 'chunked', 'Connection': 'keep-alive', 'X-Powered-By': 'Express', 'Access-Control-Allow-Origin': '*', 'Cache-Control': 'no-cache', 'ETag': 'W/"48e-mDZ0/pas0Euv1TVX6zFMdO86XSQ"', 'Vary': 'Accept-Encoding', 'Content-Encoding': 'gzip', 'CF-Cache-Status': 'DYNAMIC', 'Report-To': '{"endpoints":[{"url":"https:\\/\\/a.nel.cloudflare.com\\/report\\/v4?s=sn%2FeNJtHsWSBPnIKw38LDYQUxF2tnJn0nXu2nORyS7BUGDA69IvNrTDGXZZ6SQyusiCufR3XlRgulDF%2F%2FJbmAI5%2B%2FuvcSylr5OSOvUfbzlQNdpuVXwwamWzVkhofVN9b"}],"group":"cf-nel","max_age":604800}', 'NEL': '{"success_fraction":0,"report_to":"cf-nel","max_age":604800}', 'Server': 'cloudflare', 'CF-RAY': '89901389ce7896ed-SJC', 'alt-svc': 'h3=":443"; ma=86400'} 
 body={"results":[{"gender":"male","name":{"title":"Monsieur","first":"Leon","last":"Picard"},"location":{"street":{"number":6822,"name":"Rue de L'Abbé-De-L'Épée"},"city":"Oltingen","state":"Solothurn","country":"Switzerland","postcode":2519,"coordinates":{"latitude":"-58.1781","longitude":"-143.4326"},"timezone":{"offset":"+5:45","description":"Kathmandu"}},"email":"leon.picard@example.com","login":{"uuid":"8cba8aba-accb-42c4-81ac-930221b48b0d","username":"purplerabbit650","password":"army","salt":"PWWQhVrd","md5":"82b4257327e1437d35655bcce19864cf","sha1":"67fd68896691b69a336f871c43730778280dd24c","sha256":"64a2b6eea56a5413459168ac0c2939c78f1d794f974323bd2e1b70ea3cf4cab4"},"dob":{"date":"1958-05-24T22:34:20.357Z","age":66},"registered":{"date":"2003-05-30T07:35:08.119Z","age":21},"phone":"075 725 60 88","cell":"078 696 12 28","id":{"name":"AVS","value":"756.2960.5092.89"},"picture":{"large":"https://randomuser.me/api/portraits/men/18.jpg","medium":"https://randomuser.me/api/portraits/med/men/18.jpg","thumbnail":"https://randomuser.me/api/portraits/thumb/men/18.jpg"},"nat":"CH"}],"info":{"seed":"e47ff2b6eb4edf21","results":1,"page":1,"version":"1.4"}} 
 </msg>
<msg time="2024-06-24T22:15:24.535133" level="INFO">/opt/hostedtoolcache/Python/3.12.4/x64/lib/python3.12/site-packages/urllib3/connectionpool.py:1099: InsecureRequestWarning: Unverified HTTPS request is being made to host 'randomuser.me'. Adding certificate verification is strongly advised. See: https://urllib3.readthedocs.io/en/latest/advanced-usage.html#tls-warnings
  warnings.warn(</msg>
<msg time="2024-06-24T22:15:24.535295" level="INFO">${response} = &lt;Response [200]&gt;</msg>
<var>${response}</var>
<arg>consultarAPI</arg>
<arg>/api</arg>
<doc>Sends a GET request on a previously created HTTP Session.</doc>
<status status="PASS" start="2024-06-24T22:15:24.441928" elapsed="0.093411"/>
</kw>
<kw name="Set Variable" owner="BuiltIn">
<msg time="2024-06-24T22:15:24.536363" level="INFO">${json_data} = {'results': [{'gender': 'male', 'name': {'title': 'Monsieur', 'first': 'Leon', 'last': 'Picard'}, 'location': {'street': {'number': 6822, 'name': "Rue de L'Abbé-De-L'Épée"}, 'city': 'Oltingen', 'state...</msg>
<var>${json_data}</var>
<arg>${response.json()}</arg>
<doc>Returns the given values which can then be assigned to a variables.</doc>
<status status="PASS" start="2024-06-24T22:15:24.535833" elapsed="0.000560"/>
</kw>
<kw name="Set Variable" owner="BuiltIn">
<msg time="2024-06-24T22:15:24.537070" level="INFO">${name_title} = Monsieur</msg>
<var>${name_title}</var>
<arg>${json_data["results"][0]["name"]["title"]}</arg>
<doc>Returns the given values which can then be assigned to a variables.</doc>
<status status="PASS" start="2024-06-24T22:15:24.536694" elapsed="0.000402"/>
</kw>
<kw name="Create List" owner="BuiltIn">
<msg time="2024-06-24T22:15:24.537532" level="INFO">${allowed_titles} = ['Mr', 'Ms', 'Miss', 'Mrs', 'Madame', 'Monsieur']</msg>
<var>${allowed_titles}</var>
<arg>Mr</arg>
<arg>Ms</arg>
<arg>Miss</arg>
<arg>Mrs</arg>
<arg>Madame</arg>
<arg>Monsieur</arg>
<doc>Returns a list containing given items.</doc>
<status status="PASS" start="2024-06-24T22:15:24.537385" elapsed="0.000172"/>
</kw>
<kw name="List Should Contain Value" owner="Collections">
<arg>${allowed_titles}</arg>
<arg>${name_title}</arg>
<doc>Fails if the ``value`` is not found from ``list``.</doc>
<status status="PASS" start="2024-06-24T22:15:24.537850" elapsed="0.000175"/>
</kw>
<kw name="Set Variable" owner="BuiltIn">
<msg time="2024-06-24T22:15:24.538560" level="INFO">${name_country} = CH</msg>
<var>${name_country}</var>
<arg>${json_data["results"][0]["nat"]}</arg>
<doc>Returns the given values which can then be assigned to a variables.</doc>
<status status="PASS" start="2024-06-24T22:15:24.538202" elapsed="0.000383"/>
</kw>
<kw name="Create List" owner="BuiltIn">
<msg time="2024-06-24T22:15:24.539467" level="INFO">${list_country} = ['AD', 'AE', 'AF', 'AG', 'AI', 'AL', 'AM', 'AO', 'AQ', 'AR', 'AS', 'AT', 'AU', 'AW', 'AX', 'AZ', 'BA', 'BB', 'BD', 'BE', 'BF', 'BG', 'BH', 'BI', 'BJ', 'BL', 'BM', 'BN', 'BO', 'BQ', 'BR', 'BS', 'BT', '...</msg>
<var>${list_country}</var>
<arg>AD</arg>
<arg>AE</arg>
<arg>AF</arg>
<arg>AG</arg>
<arg>AI</arg>
<arg>AL</arg>
<arg>AM</arg>
<arg>AO</arg>
<arg>AQ</arg>
<arg>AR</arg>
<arg>AS</arg>
<arg>AT</arg>
<arg>AU</arg>
<arg>AW</arg>
<arg>AX</arg>
<arg>AZ</arg>
<arg>BA</arg>
<arg>BB</arg>
<arg>BD</arg>
<arg>BE</arg>
<arg>BF</arg>
<arg>BG</arg>
<arg>BH</arg>
<arg>BI</arg>
<arg>BJ</arg>
<arg>BL</arg>
<arg>BM</arg>
<arg>BN</arg>
<arg>BO</arg>
<arg>BQ</arg>
<arg>BR</arg>
<arg>BS</arg>
<arg>BT</arg>
<arg>BV</arg>
<arg>BW</arg>
<arg>BY</arg>
<arg>BZ</arg>
<arg>CA</arg>
<arg>CC</arg>
<arg>CD</arg>
<arg>CF</arg>
<arg>CG</arg>
<arg>CH</arg>
<arg>CI</arg>
<arg>CK</arg>
<arg>CL</arg>
<arg>CM</arg>
<arg>CN</arg>
<arg>CO</arg>
<arg>CR</arg>
<arg>CU</arg>
<arg>CV</arg>
<arg>CW</arg>
<arg>CX</arg>
<arg>CY</arg>
<arg>CZ</arg>
<arg>DE</arg>
<arg>DJ</arg>
<arg>DK</arg>
<arg>DM</arg>
<arg>DO</arg>
<arg>DZ</arg>
<arg>EC</arg>
<arg>EE</arg>
<arg>EG</arg>
<arg>EH</arg>
<arg>ER</arg>
<arg>ES</arg>
<arg>ET</arg>
<arg>FI</arg>
<arg>FJ</arg>
<arg>FK</arg>
<arg>FM</arg>
<arg>FO</arg>
<arg>FR</arg>
<arg>GA</arg>
<arg>GB</arg>
<arg>GD</arg>
<arg>GE</arg>
<arg>GF</arg>
<arg>GG</arg>
<arg>GH</arg>
<arg>GI</arg>
<arg>GL</arg>
<arg>GM</arg>
<arg>GN</arg>
<arg>GP</arg>
<arg>GQ</arg>
<arg>GR</arg>
<arg>GS</arg>
<arg>GT</arg>
<arg>GU</arg>
<arg>GW</arg>
<arg>GY</arg>
<arg>HK</arg>
<arg>HM</arg>
<arg>HN</arg>
<arg>HR</arg>
<arg>HT</arg>
<arg>HU</arg>
<arg>ID</arg>
<arg>IE</arg>
<arg>IL</arg>
<arg>IM</arg>
<arg>IN</arg>
<arg>IO</arg>
<arg>IQ</arg>
<arg>IR</arg>
<arg>IS</arg>
<arg>IT</arg>
<arg>JE</arg>
<arg>JM</arg>
<arg>JO</arg>
<arg>JP</arg>
<arg>KE</arg>
<arg>KG</arg>
<arg>KH</arg>
<arg>KI</arg>
<arg>KM</arg>
<arg>KN</arg>
<arg>KP</arg>
<arg>KR</arg>
<arg>KW</arg>
<arg>KY</arg>
<arg>KZ</arg>
<arg>LA</arg>
<arg>LB</arg>
<arg>LC</arg>
<arg>LI</arg>
<arg>LK</arg>
<arg>LR</arg>
<arg>LS</arg>
<arg>LT</arg>
<arg>LU</arg>
<arg>LV</arg>
<arg>LY</arg>
<arg>MA</arg>
<arg>MC</arg>
<arg>MD</arg>
<arg>ME</arg>
<arg>MF</arg>
<arg>MG</arg>
<arg>MH</arg>
<arg>MK</arg>
<arg>ML</arg>
<arg>MM</arg>
<arg>MN</arg>
<arg>MO</arg>
<arg>MP</arg>
<arg>MQ</arg>
<arg>MR</arg>
<arg>MS</arg>
<arg>MT</arg>
<arg>MU</arg>
<arg>MV</arg>
<arg>MW</arg>
<arg>MX</arg>
<arg>MY</arg>
<arg>MZ</arg>
<arg>NA</arg>
<arg>NC</arg>
<arg>NE</arg>
<arg>NF</arg>
<arg>NG</arg>
<arg>NI</arg>
<arg>NL</arg>
<arg>NO</arg>
<arg>NP</arg>
<arg>NR</arg>
<arg>NU</arg>
<arg>NZ</arg>
<arg>OM</arg>
<arg>PA</arg>
<arg>PE</arg>
<arg>PF</arg>
<arg>PG</arg>
<arg>PH</arg>
<arg>PK</arg>
<arg>PL</arg>
<arg>PM</arg>
<arg>PN</arg>
<arg>PR</arg>
<arg>PS</arg>
<arg>PT</arg>
<arg>PW</arg>
<arg>PY</arg>
<arg>QA</arg>
<arg>RE</arg>
<arg>RO</arg>
<arg>RS</arg>
<arg>RU</arg>
<arg>RW</arg>
<arg>SA</arg>
<arg>SB</arg>
<arg>SC</arg>
<arg>SD</arg>
<arg>SE</arg>
<arg>SG</arg>
<arg>SH</arg>
<arg>SI</arg>
<arg>SJ</arg>
<arg>SK</arg>
<arg>SL</arg>
<arg>SM</arg>
<arg>SN</arg>
<arg>SO</arg>
<arg>SR</arg>
<arg>SS</arg>
<arg>ST</arg>
<arg>SV</arg>
<arg>SX</arg>
<arg>SY</arg>
<arg>SZ</arg>
<arg>TC</arg>
<arg>TD</arg>
<arg>TF</arg>
<arg>TG</arg>
<arg>TH</arg>
<arg>TJ</arg>
<arg>TK</arg>
<arg>TL</arg>
<arg>TM</arg>
<arg>TN</arg>
<arg>TO</arg>
<arg>TR</arg>
<arg>TT</arg>
<arg>TV</arg>
<arg>TW</arg>
<arg>TZ</arg>
<arg>UA</arg>
<arg>UG</arg>
<arg>UM</arg>
<arg>US</arg>
<arg>UY</arg>
<arg>UZ</arg>
<arg>VA</arg>
<arg>VC</arg>
<arg>VE</arg>
<arg>VG</arg>
<arg>VI</arg>
<arg>VN</arg>
<arg>VU</arg>
<arg>WF</arg>
<arg>WS</arg>
<arg>XK</arg>
<arg>YE</arg>
<arg>YT</arg>
<arg>ZA</arg>
<arg>ZM</arg>
<arg>ZW</arg>
<doc>Returns a list containing given items.</doc>
<status status="PASS" start="2024-06-24T22:15:24.538871" elapsed="0.000621"/>
</kw>
<kw name="List Should Contain Value" owner="Collections">
<arg>${list_country}</arg>
<arg>${name_country}</arg>
<doc>Fails if the ``value`` is not found from ``list``.</doc>
<status status="PASS" start="2024-06-24T22:15:24.540311" elapsed="0.000199"/>
</kw>
<kw name="Run Keyword If" owner="BuiltIn">
<kw name="Should Be True" owner="BuiltIn">
<arg>${True}</arg>
<doc>Fails if the given condition is not true.</doc>
<status status="PASS" start="2024-06-24T22:15:24.541478" elapsed="0.000139"/>
</kw>
<arg>${json_data["results"][0]["location"]["coordinates"]["latitude"]} &gt;= -90 and ${json_data["results"][0]["location"]["coordinates"]["latitude"]} &lt;= 90</arg>
<arg>Should Be True</arg>
<arg>${True}</arg>
<doc>Runs the given keyword with the given arguments, if ``condition`` is true.</doc>
<status status="PASS" start="2024-06-24T22:15:24.540741" elapsed="0.000999"/>
</kw>
<kw name="Run Keyword If" owner="BuiltIn">
<kw name="Should Be True" owner="BuiltIn">
<arg>${True}</arg>
<doc>Fails if the given condition is not true.</doc>
<status status="PASS" start="2024-06-24T22:15:24.542591" elapsed="0.000133"/>
</kw>
<arg>${json_data["results"][0]["location"]["coordinates"]["longitude"]} &gt;= -180 and ${json_data["results"][0]["location"]["coordinates"]["longitude"]} &lt;= 180</arg>
<arg>Should Be True</arg>
<arg>${True}</arg>
<doc>Runs the given keyword with the given arguments, if ``condition`` is true.</doc>
<status status="PASS" start="2024-06-24T22:15:24.541915" elapsed="0.000930"/>
</kw>
<status status="PASS" start="2024-06-24T22:15:24.441548" elapsed="0.101427"/>
</kw>
<doc>Testa o conteúdo específico dos campos retornados pela API.</doc>
<tag>testeConteudo</tag>
<status status="PASS" start="2024-06-24T22:15:24.441060" elapsed="0.102076"/>
</test>
<status status="PASS" start="2024-06-24T22:15:23.654139" elapsed="0.890951"/>
</suite>
<status status="PASS" start="2024-06-24T22:15:23.639481" elapsed="0.910791"/>
</suite>
<statistics>
<total>
<stat pass="5" fail="0" skip="0">All Tests</stat>
</total>
<tag>
<stat pass="1" fail="0" skip="0">testeConteudo</stat>
<stat pass="1" fail="0" skip="0">testeEstruturaResposta</stat>
<stat pass="1" fail="0" skip="0">testeRequisicaoBasica</stat>
<stat pass="1" fail="0" skip="0">testeTiposDados</stat>
</tag>
<suite>
<stat pass="5" fail="0" skip="0" id="s1" name="Tests">Tests</stat>
<stat pass="5" fail="0" skip="0" id="s1-s1" name="Random-User-Test">Tests.Random-User-Test</stat>
</suite>
</statistics>
<errors>
</errors>
</robot>
