<?xml version="1.0" encoding="UTF-8"?>
<robot generator="Robot 7.0.1 (Python 3.12.4 on linux)" generated="2024-07-27T19:12:06.235327" rpa="false" schemaversion="5">
<suite id="s1" name="Tests" source="/home/runner/work/ApiRandomUser/ApiRandomUser/RamdonUser/tests">
<suite id="s1-s1" name="Random-User-Test" source="/home/runner/work/ApiRandomUser/ApiRandomUser/RamdonUser/tests/random-user-test.robot">
<test id="s1-s1-t1" name="Conectar" line="13">
<kw name="Conectar API" owner="random-user-service">
<kw name="Create Session" owner="RequestsLibrary">
<msg time="2024-07-27T19:12:06.626735" level="INFO">Creating Session using : alias=consultarAPI, url=https://randomuser.me/, headers={},                     cookies={}, auth=None, timeout=None, proxies=None, verify=False,                     debug=0 </msg>
<arg>consultarAPI</arg>
<arg>${URL}</arg>
<doc>Create Session: create a HTTP session to a server</doc>
<status status="PASS" start="2024-07-27T19:12:06.626540" elapsed="0.000375"/>
</kw>
<status status="PASS" start="2024-07-27T19:12:06.625508" elapsed="0.001798"/>
</kw>
<status status="PASS" start="2024-07-27T19:12:06.624988" elapsed="0.002514"/>
</test>
<test id="s1-s1-t2" name="Validar retorno 200 e JSON Válido" line="16">
<kw name="Teste de Requisicao Basica" owner="random-user-service">
<kw name="GET On Session" owner="RequestsLibrary">
<msg time="2024-07-27T19:12:06.902598" level="INFO">GET Request : url=https://randomuser.me/api 
 path_url=/api 
 headers={'User-Agent': 'python-requests/2.32.3', 'Accept-Encoding': 'gzip, deflate', 'Accept': '*/*', 'Connection': 'keep-alive'} 
 body=None 
 </msg>
<msg time="2024-07-27T19:12:06.902737" level="INFO">GET Response : url=https://randomuser.me/api 
 status=200, reason=OK 
 headers={'Date': 'Sat, 27 Jul 2024 19:12:06 GMT', 'Content-Type': 'application/json; charset=utf-8', 'Transfer-Encoding': 'chunked', 'Connection': 'keep-alive', 'X-Powered-By': 'Express', 'Access-Control-Allow-Origin': '*', 'Cache-Control': 'no-cache', 'ETag': 'W/"495-GbMYasTf4o3RI67lQSDliB0VJN8"', 'Vary': 'Accept-Encoding', 'Content-Encoding': 'gzip', 'CF-Cache-Status': 'DYNAMIC', 'Report-To': '{"endpoints":[{"url":"https:\\/\\/a.nel.cloudflare.com\\/report\\/v4?s=Ni1HQqgNQ02%2FRkjxxDHpl0Ro8oaQTko5bEfNt%2B%2BQEgV9yOYnvyfI%2BoNOP2Jgw7W8ghYwOoMZO9y%2F4uVC%2B1VPXLOLhy4U6ILoCNOT8eGDg5v4VDXR%2B189dZc4QOlzgBME"}],"group":"cf-nel","max_age":604800}', 'NEL': '{"success_fraction":0,"report_to":"cf-nel","max_age":604800}', 'Server': 'cloudflare', 'CF-RAY': '8a9ef06a3a179648-SJC', 'alt-svc': 'h3=":443"; ma=86400'} 
 body={"results":[{"gender":"male","name":{"title":"Monsieur","first":"Johann","last":"Lucas"},"location":{"street":{"number":8232,"name":"Rue Laure-Diebold"},"city":"Altikon","state":"Luzern","country":"Switzerland","postcode":1085,"coordinates":{"latitude":"-64.2137","longitude":"-71.2102"},"timezone":{"offset":"-3:00","description":"Brazil, Buenos Aires, Georgetown"}},"email":"johann.lucas@example.com","login":{"uuid":"795de06d-653b-4348-a627-17300e000fae","username":"blackkoala169","password":"games","salt":"ywmTnrFx","md5":"e07bf6cbedaa603320e669fc842a05cb","sha1":"ad3d3d7ddd708663ebf0c2d2a66a85455af8cbb9","sha256":"84a85c9424edf1a0f109505f04f24860f1de421a8c3db4fe6f2cb0032af8ac99"},"dob":{"date":"1969-09-11T15:48:43.700Z","age":54},"registered":{"date":"2006-03-13T00:02:29.067Z","age":18},"phone":"079 000 96 96","cell":"077 422 97 72","id":{"name":"AVS","value":"756.8533.4247.03"},"picture":{"large":"https://randomuser.me/api/portraits/men/6.jpg","medium":"https://randomuser.me/api/portraits/med/men/6.jpg","thumbnail":"https://randomuser.me/api/portraits/thumb/men/6.jpg"},"nat":"CH"}],"info":{"seed":"550a8a0b13414590","results":1,"page":1,"version":"1.4"}} 
 </msg>
<msg time="2024-07-27T19:12:06.902814" level="INFO">/opt/hostedtoolcache/Python/3.12.4/x64/lib/python3.12/site-packages/urllib3/connectionpool.py:1099: InsecureRequestWarning: Unverified HTTPS request is being made to host 'randomuser.me'. Adding certificate verification is strongly advised. See: https://urllib3.readthedocs.io/en/latest/advanced-usage.html#tls-warnings
  warnings.warn(</msg>
<msg time="2024-07-27T19:12:06.902961" level="INFO">${response} = &lt;Response [200]&gt;</msg>
<var>${response}</var>
<arg>consultarAPI</arg>
<arg>/api</arg>
<doc>Sends a GET request on a previously created HTTP Session.</doc>
<status status="PASS" start="2024-07-27T19:12:06.630078" elapsed="0.272929"/>
</kw>
<kw name="Should Be Equal As Numbers" owner="BuiltIn">
<msg time="2024-07-27T19:12:06.903961" level="INFO">Argument types are:
&lt;class 'int'&gt;
&lt;class 'str'&gt;</msg>
<arg>${response.status_code}</arg>
<arg>200</arg>
<doc>Fails if objects are unequal after converting them to real numbers.</doc>
<status status="PASS" start="2024-07-27T19:12:06.903511" elapsed="0.000516"/>
</kw>
<kw name="Log" owner="BuiltIn">
<msg time="2024-07-27T19:12:06.904751" level="INFO">200</msg>
<arg>${response.status_code}</arg>
<doc>Logs the given message with the given level.</doc>
<status status="PASS" start="2024-07-27T19:12:06.904366" elapsed="0.000430"/>
</kw>
<kw name="Set Variable" owner="BuiltIn">
<msg time="2024-07-27T19:12:06.905581" level="INFO">${json_data} = {'results': [{'gender': 'male', 'name': {'title': 'Monsieur', 'first': 'Johann', 'last': 'Lucas'}, 'location': {'street': {'number': 8232, 'name': 'Rue Laure-Diebold'}, 'city': 'Altikon', 'state': 'Lu...</msg>
<var>${json_data}</var>
<arg>${response.json()}</arg>
<doc>Returns the given values which can then be assigned to a variables.</doc>
<status status="PASS" start="2024-07-27T19:12:06.905131" elapsed="0.000478"/>
</kw>
<kw name="Dictionary Should Contain Key" owner="Collections">
<arg>${json_data}</arg>
<arg>results</arg>
<doc>Fails if ``key`` is not found from ``dictionary``.</doc>
<status status="PASS" start="2024-07-27T19:12:06.905918" elapsed="0.000322"/>
</kw>
<status status="PASS" start="2024-07-27T19:12:06.629832" elapsed="0.276563"/>
</kw>
<doc>Testa se a API responde corretamente e retorna um objeto JSON válido.</doc>
<tag>testeRequisicaoBasica</tag>
<status status="PASS" start="2024-07-27T19:12:06.629370" elapsed="0.277197"/>
</test>
<test id="s1-s1-t3" name="Validar estrutura de resposta" line="22">
<kw name="Teste de Estrutura de Resposta" owner="random-user-service">
<kw name="GET On Session" owner="RequestsLibrary">
<msg time="2024-07-27T19:12:07.002046" level="INFO">GET Request : url=https://randomuser.me/api 
 path_url=/api 
 headers={'User-Agent': 'python-requests/2.32.3', 'Accept-Encoding': 'gzip, deflate', 'Accept': '*/*', 'Connection': 'keep-alive'} 
 body=None 
 </msg>
<msg time="2024-07-27T19:12:07.002132" level="INFO">GET Response : url=https://randomuser.me/api 
 status=200, reason=OK 
 headers={'Date': 'Sat, 27 Jul 2024 19:12:07 GMT', 'Content-Type': 'application/json; charset=utf-8', 'Transfer-Encoding': 'chunked', 'Connection': 'keep-alive', 'X-Powered-By': 'Express', 'Access-Control-Allow-Origin': '*', 'Cache-Control': 'no-cache', 'ETag': 'W/"498-5Ll9ZWqQLxscOvnWi1rBudpmJQY"', 'Vary': 'Accept-Encoding', 'Content-Encoding': 'gzip', 'CF-Cache-Status': 'DYNAMIC', 'Report-To': '{"endpoints":[{"url":"https:\\/\\/a.nel.cloudflare.com\\/report\\/v4?s=W7NdDXsRgdwMyF%2FEugRHWAAaPOwp8tGN33mBYZS2lUqel0DBCCtBiOA6kJ4kR0KTAEBsDPf8SKXM0wm2%2BQzVfnPFBky%2B5FoMk18i%2F7fckLb9qwX8MyfMggjicoAJ83b5"}],"group":"cf-nel","max_age":604800}', 'NEL': '{"success_fraction":0,"report_to":"cf-nel","max_age":604800}', 'Server': 'cloudflare', 'CF-RAY': '8a9ef06b3aba9648-SJC', 'alt-svc': 'h3=":443"; ma=86400'} 
 body={"results":[{"gender":"male","name":{"title":"Monsieur","first":"George","last":"Chevalier"},"location":{"street":{"number":6856,"name":"Place du 8 Février 1962"},"city":"Bournens","state":"Basel-Stadt","country":"Switzerland","postcode":3072,"coordinates":{"latitude":"-62.5432","longitude":"-79.6602"},"timezone":{"offset":"-10:00","description":"Hawaii"}},"email":"george.chevalier@example.com","login":{"uuid":"521a412e-6aea-4995-9f76-62a73e97bc36","username":"heavygorilla463","password":"wrestlin","salt":"AN5OKItJ","md5":"651c31025f52efc75d265e2f0b62f1c5","sha1":"8b89bbf696c6208c1791d996c2765700389b8a4c","sha256":"ca975cdcb39b0782ad749923f1c682766c4508168e75cf80f137d8155ad0b619"},"dob":{"date":"1953-11-04T04:24:25.394Z","age":70},"registered":{"date":"2016-01-29T06:20:42.245Z","age":8},"phone":"079 647 72 44","cell":"077 749 77 66","id":{"name":"AVS","value":"756.8959.3754.07"},"picture":{"large":"https://randomuser.me/api/portraits/men/44.jpg","medium":"https://randomuser.me/api/portraits/med/men/44.jpg","thumbnail":"https://randomuser.me/api/portraits/thumb/men/44.jpg"},"nat":"CH"}],"info":{"seed":"6dc4e41a6358a4cd","results":1,"page":1,"version":"1.4"}} 
 </msg>
<msg time="2024-07-27T19:12:07.002259" level="INFO">/opt/hostedtoolcache/Python/3.12.4/x64/lib/python3.12/site-packages/urllib3/connectionpool.py:1099: InsecureRequestWarning: Unverified HTTPS request is being made to host 'randomuser.me'. Adding certificate verification is strongly advised. See: https://urllib3.readthedocs.io/en/latest/advanced-usage.html#tls-warnings
  warnings.warn(</msg>
<msg time="2024-07-27T19:12:07.002400" level="INFO">${response} = &lt;Response [200]&gt;</msg>
<var>${response}</var>
<arg>consultarAPI</arg>
<arg>/api</arg>
<doc>Sends a GET request on a previously created HTTP Session.</doc>
<status status="PASS" start="2024-07-27T19:12:06.909264" elapsed="0.093192"/>
</kw>
<kw name="Set Variable" owner="BuiltIn">
<msg time="2024-07-27T19:12:07.003381" level="INFO">${json_data} = {'results': [{'gender': 'male', 'name': {'title': 'Monsieur', 'first': 'George', 'last': 'Chevalier'}, 'location': {'street': {'number': 6856, 'name': 'Place du 8 Février 1962'}, 'city': 'Bournens', '...</msg>
<var>${json_data}</var>
<arg>${response.json()}</arg>
<doc>Returns the given values which can then be assigned to a variables.</doc>
<status status="PASS" start="2024-07-27T19:12:07.002881" elapsed="0.000530"/>
</kw>
<kw name="Log" owner="BuiltIn">
<msg time="2024-07-27T19:12:07.003894" level="INFO">{'results': [{'gender': 'male', 'name': {'title': 'Monsieur', 'first': 'George', 'last': 'Chevalier'}, 'location': {'street': {'number': 6856, 'name': 'Place du 8 Février 1962'}, 'city': 'Bournens', 'state': 'Basel-Stadt', 'country': 'Switzerland', 'postcode': 3072, 'coordinates': {'latitude': '-62.5432', 'longitude': '-79.6602'}, 'timezone': {'offset': '-10:00', 'description': 'Hawaii'}}, 'email': 'george.chevalier@example.com', 'login': {'uuid': '521a412e-6aea-4995-9f76-62a73e97bc36', 'username': 'heavygorilla463', 'password': 'wrestlin', 'salt': 'AN5OKItJ', 'md5': '651c31025f52efc75d265e2f0b62f1c5', 'sha1': '8b89bbf696c6208c1791d996c2765700389b8a4c', 'sha256': 'ca975cdcb39b0782ad749923f1c682766c4508168e75cf80f137d8155ad0b619'}, 'dob': {'date': '1953-11-04T04:24:25.394Z', 'age': 70}, 'registered': {'date': '2016-01-29T06:20:42.245Z', 'age': 8}, 'phone': '079 647 72 44', 'cell': '077 749 77 66', 'id': {'name': 'AVS', 'value': '756.8959.3754.07'}, 'picture': {'large': 'https://randomuser.me/api/portraits/men/44.jpg', 'medium': 'https://randomuser.me/api/portraits/med/men/44.jpg', 'thumbnail': 'https://randomuser.me/api/portraits/thumb/men/44.jpg'}, 'nat': 'CH'}], 'info': {'seed': '6dc4e41a6358a4cd', 'results': 1, 'page': 1, 'version': '1.4'}}</msg>
<arg>${json_data}</arg>
<doc>Logs the given message with the given level.</doc>
<status status="PASS" start="2024-07-27T19:12:07.003727" elapsed="0.000219"/>
</kw>
<kw name="Dictionary Should Contain Key" owner="Collections">
<arg>${json_data}</arg>
<arg>results</arg>
<doc>Fails if ``key`` is not found from ``dictionary``.</doc>
<status status="PASS" start="2024-07-27T19:12:07.004244" elapsed="0.000164"/>
</kw>
<kw name="Should Not Be Empty" owner="BuiltIn">
<msg time="2024-07-27T19:12:07.004725" level="INFO">Length is 2.</msg>
<arg>${json_data}</arg>
<doc>Verifies that the given item is not empty.</doc>
<status status="PASS" start="2024-07-27T19:12:07.004595" elapsed="0.000173"/>
</kw>
<kw name="Create List" owner="BuiltIn">
<msg time="2024-07-27T19:12:07.005216" level="INFO">${expected_keys} = ['gender', 'name', 'location', 'email', 'login']</msg>
<var>${expected_keys}</var>
<arg>gender</arg>
<arg>name</arg>
<arg>location</arg>
<arg>email</arg>
<arg>login</arg>
<doc>Returns a list containing given items.</doc>
<status status="PASS" start="2024-07-27T19:12:07.005063" elapsed="0.000178"/>
</kw>
<for flavor="IN">
<iter>
<kw name="Dictionary Should Contain Key" owner="Collections">
<arg>${json_data['results'][0]}</arg>
<arg>${key}</arg>
<doc>Fails if ``key`` is not found from ``dictionary``.</doc>
<status status="PASS" start="2024-07-27T19:12:07.005810" elapsed="0.000414"/>
</kw>
<kw name="Log" owner="BuiltIn">
<msg time="2024-07-27T19:12:07.006774" level="INFO">{'gender': 'male', 'name': {'title': 'Monsieur', 'first': 'George', 'last': 'Chevalier'}, 'location': {'street': {'number': 6856, 'name': 'Place du 8 Février 1962'}, 'city': 'Bournens', 'state': 'Basel-Stadt', 'country': 'Switzerland', 'postcode': 3072, 'coordinates': {'latitude': '-62.5432', 'longitude': '-79.6602'}, 'timezone': {'offset': '-10:00', 'description': 'Hawaii'}}, 'email': 'george.chevalier@example.com', 'login': {'uuid': '521a412e-6aea-4995-9f76-62a73e97bc36', 'username': 'heavygorilla463', 'password': 'wrestlin', 'salt': 'AN5OKItJ', 'md5': '651c31025f52efc75d265e2f0b62f1c5', 'sha1': '8b89bbf696c6208c1791d996c2765700389b8a4c', 'sha256': 'ca975cdcb39b0782ad749923f1c682766c4508168e75cf80f137d8155ad0b619'}, 'dob': {'date': '1953-11-04T04:24:25.394Z', 'age': 70}, 'registered': {'date': '2016-01-29T06:20:42.245Z', 'age': 8}, 'phone': '079 647 72 44', 'cell': '077 749 77 66', 'id': {'name': 'AVS', 'value': '756.8959.3754.07'}, 'picture': {'large': 'https://randomuser.me/api/portraits/men/44.jpg', 'medium': 'https://randomuser.me/api/portraits/med/men/44.jpg', 'thumbnail': 'https://randomuser.me/api/portraits/thumb/men/44.jpg'}, 'nat': 'CH'}</msg>
<arg>${json_data['results'][0]}</arg>
<doc>Logs the given message with the given level.</doc>
<status status="PASS" start="2024-07-27T19:12:07.006412" elapsed="0.000412"/>
</kw>
<kw name="Log" owner="BuiltIn">
<msg time="2024-07-27T19:12:07.007288" level="INFO">gender</msg>
<arg>${key}</arg>
<doc>Logs the given message with the given level.</doc>
<status status="PASS" start="2024-07-27T19:12:07.007148" elapsed="0.000178"/>
</kw>
<var name="${key}">gender</var>
<status status="PASS" start="2024-07-27T19:12:07.005686" elapsed="0.001861"/>
</iter>
<iter>
<kw name="Dictionary Should Contain Key" owner="Collections">
<arg>${json_data['results'][0]}</arg>
<arg>${key}</arg>
<doc>Fails if ``key`` is not found from ``dictionary``.</doc>
<status status="PASS" start="2024-07-27T19:12:07.007846" elapsed="0.000387"/>
</kw>
<kw name="Log" owner="BuiltIn">
<msg time="2024-07-27T19:12:07.008779" level="INFO">{'gender': 'male', 'name': {'title': 'Monsieur', 'first': 'George', 'last': 'Chevalier'}, 'location': {'street': {'number': 6856, 'name': 'Place du 8 Février 1962'}, 'city': 'Bournens', 'state': 'Basel-Stadt', 'country': 'Switzerland', 'postcode': 3072, 'coordinates': {'latitude': '-62.5432', 'longitude': '-79.6602'}, 'timezone': {'offset': '-10:00', 'description': 'Hawaii'}}, 'email': 'george.chevalier@example.com', 'login': {'uuid': '521a412e-6aea-4995-9f76-62a73e97bc36', 'username': 'heavygorilla463', 'password': 'wrestlin', 'salt': 'AN5OKItJ', 'md5': '651c31025f52efc75d265e2f0b62f1c5', 'sha1': '8b89bbf696c6208c1791d996c2765700389b8a4c', 'sha256': 'ca975cdcb39b0782ad749923f1c682766c4508168e75cf80f137d8155ad0b619'}, 'dob': {'date': '1953-11-04T04:24:25.394Z', 'age': 70}, 'registered': {'date': '2016-01-29T06:20:42.245Z', 'age': 8}, 'phone': '079 647 72 44', 'cell': '077 749 77 66', 'id': {'name': 'AVS', 'value': '756.8959.3754.07'}, 'picture': {'large': 'https://randomuser.me/api/portraits/men/44.jpg', 'medium': 'https://randomuser.me/api/portraits/med/men/44.jpg', 'thumbnail': 'https://randomuser.me/api/portraits/thumb/men/44.jpg'}, 'nat': 'CH'}</msg>
<arg>${json_data['results'][0]}</arg>
<doc>Logs the given message with the given level.</doc>
<status status="PASS" start="2024-07-27T19:12:07.008417" elapsed="0.000444"/>
</kw>
<kw name="Log" owner="BuiltIn">
<msg time="2024-07-27T19:12:07.009285" level="INFO">name</msg>
<arg>${key}</arg>
<doc>Logs the given message with the given level.</doc>
<status status="PASS" start="2024-07-27T19:12:07.009159" elapsed="0.000163"/>
</kw>
<var name="${key}">name</var>
<status status="PASS" start="2024-07-27T19:12:07.007734" elapsed="0.001802"/>
</iter>
<iter>
<kw name="Dictionary Should Contain Key" owner="Collections">
<arg>${json_data['results'][0]}</arg>
<arg>${key}</arg>
<doc>Fails if ``key`` is not found from ``dictionary``.</doc>
<status status="PASS" start="2024-07-27T19:12:07.009820" elapsed="0.000381"/>
</kw>
<kw name="Log" owner="BuiltIn">
<msg time="2024-07-27T19:12:07.010738" level="INFO">{'gender': 'male', 'name': {'title': 'Monsieur', 'first': 'George', 'last': 'Chevalier'}, 'location': {'street': {'number': 6856, 'name': 'Place du 8 Février 1962'}, 'city': 'Bournens', 'state': 'Basel-Stadt', 'country': 'Switzerland', 'postcode': 3072, 'coordinates': {'latitude': '-62.5432', 'longitude': '-79.6602'}, 'timezone': {'offset': '-10:00', 'description': 'Hawaii'}}, 'email': 'george.chevalier@example.com', 'login': {'uuid': '521a412e-6aea-4995-9f76-62a73e97bc36', 'username': 'heavygorilla463', 'password': 'wrestlin', 'salt': 'AN5OKItJ', 'md5': '651c31025f52efc75d265e2f0b62f1c5', 'sha1': '8b89bbf696c6208c1791d996c2765700389b8a4c', 'sha256': 'ca975cdcb39b0782ad749923f1c682766c4508168e75cf80f137d8155ad0b619'}, 'dob': {'date': '1953-11-04T04:24:25.394Z', 'age': 70}, 'registered': {'date': '2016-01-29T06:20:42.245Z', 'age': 8}, 'phone': '079 647 72 44', 'cell': '077 749 77 66', 'id': {'name': 'AVS', 'value': '756.8959.3754.07'}, 'picture': {'large': 'https://randomuser.me/api/portraits/men/44.jpg', 'medium': 'https://randomuser.me/api/portraits/med/men/44.jpg', 'thumbnail': 'https://randomuser.me/api/portraits/thumb/men/44.jpg'}, 'nat': 'CH'}</msg>
<arg>${json_data['results'][0]}</arg>
<doc>Logs the given message with the given level.</doc>
<status status="PASS" start="2024-07-27T19:12:07.010389" elapsed="0.000397"/>
</kw>
<kw name="Log" owner="BuiltIn">
<msg time="2024-07-27T19:12:07.011250" level="INFO">location</msg>
<arg>${key}</arg>
<doc>Logs the given message with the given level.</doc>
<status status="PASS" start="2024-07-27T19:12:07.011109" elapsed="0.000178"/>
</kw>
<var name="${key}">location</var>
<status status="PASS" start="2024-07-27T19:12:07.009712" elapsed="0.001790"/>
</iter>
<iter>
<kw name="Dictionary Should Contain Key" owner="Collections">
<arg>${json_data['results'][0]}</arg>
<arg>${key}</arg>
<doc>Fails if ``key`` is not found from ``dictionary``.</doc>
<status status="PASS" start="2024-07-27T19:12:07.011801" elapsed="0.000392"/>
</kw>
<kw name="Log" owner="BuiltIn">
<msg time="2024-07-27T19:12:07.012848" level="INFO">{'gender': 'male', 'name': {'title': 'Monsieur', 'first': 'George', 'last': 'Chevalier'}, 'location': {'street': {'number': 6856, 'name': 'Place du 8 Février 1962'}, 'city': 'Bournens', 'state': 'Basel-Stadt', 'country': 'Switzerland', 'postcode': 3072, 'coordinates': {'latitude': '-62.5432', 'longitude': '-79.6602'}, 'timezone': {'offset': '-10:00', 'description': 'Hawaii'}}, 'email': 'george.chevalier@example.com', 'login': {'uuid': '521a412e-6aea-4995-9f76-62a73e97bc36', 'username': 'heavygorilla463', 'password': 'wrestlin', 'salt': 'AN5OKItJ', 'md5': '651c31025f52efc75d265e2f0b62f1c5', 'sha1': '8b89bbf696c6208c1791d996c2765700389b8a4c', 'sha256': 'ca975cdcb39b0782ad749923f1c682766c4508168e75cf80f137d8155ad0b619'}, 'dob': {'date': '1953-11-04T04:24:25.394Z', 'age': 70}, 'registered': {'date': '2016-01-29T06:20:42.245Z', 'age': 8}, 'phone': '079 647 72 44', 'cell': '077 749 77 66', 'id': {'name': 'AVS', 'value': '756.8959.3754.07'}, 'picture': {'large': 'https://randomuser.me/api/portraits/men/44.jpg', 'medium': 'https://randomuser.me/api/portraits/med/men/44.jpg', 'thumbnail': 'https://randomuser.me/api/portraits/thumb/men/44.jpg'}, 'nat': 'CH'}</msg>
<arg>${json_data['results'][0]}</arg>
<doc>Logs the given message with the given level.</doc>
<status status="PASS" start="2024-07-27T19:12:07.012491" elapsed="0.000405"/>
</kw>
<kw name="Log" owner="BuiltIn">
<msg time="2024-07-27T19:12:07.013319" level="INFO">email</msg>
<arg>${key}</arg>
<doc>Logs the given message with the given level.</doc>
<status status="PASS" start="2024-07-27T19:12:07.013191" elapsed="0.000166"/>
</kw>
<var name="${key}">email</var>
<status status="PASS" start="2024-07-27T19:12:07.011674" elapsed="0.001896"/>
</iter>
<iter>
<kw name="Dictionary Should Contain Key" owner="Collections">
<arg>${json_data['results'][0]}</arg>
<arg>${key}</arg>
<doc>Fails if ``key`` is not found from ``dictionary``.</doc>
<status status="PASS" start="2024-07-27T19:12:07.013851" elapsed="0.000379"/>
</kw>
<kw name="Log" owner="BuiltIn">
<msg time="2024-07-27T19:12:07.014759" level="INFO">{'gender': 'male', 'name': {'title': 'Monsieur', 'first': 'George', 'last': 'Chevalier'}, 'location': {'street': {'number': 6856, 'name': 'Place du 8 Février 1962'}, 'city': 'Bournens', 'state': 'Basel-Stadt', 'country': 'Switzerland', 'postcode': 3072, 'coordinates': {'latitude': '-62.5432', 'longitude': '-79.6602'}, 'timezone': {'offset': '-10:00', 'description': 'Hawaii'}}, 'email': 'george.chevalier@example.com', 'login': {'uuid': '521a412e-6aea-4995-9f76-62a73e97bc36', 'username': 'heavygorilla463', 'password': 'wrestlin', 'salt': 'AN5OKItJ', 'md5': '651c31025f52efc75d265e2f0b62f1c5', 'sha1': '8b89bbf696c6208c1791d996c2765700389b8a4c', 'sha256': 'ca975cdcb39b0782ad749923f1c682766c4508168e75cf80f137d8155ad0b619'}, 'dob': {'date': '1953-11-04T04:24:25.394Z', 'age': 70}, 'registered': {'date': '2016-01-29T06:20:42.245Z', 'age': 8}, 'phone': '079 647 72 44', 'cell': '077 749 77 66', 'id': {'name': 'AVS', 'value': '756.8959.3754.07'}, 'picture': {'large': 'https://randomuser.me/api/portraits/men/44.jpg', 'medium': 'https://randomuser.me/api/portraits/med/men/44.jpg', 'thumbnail': 'https://randomuser.me/api/portraits/thumb/men/44.jpg'}, 'nat': 'CH'}</msg>
<arg>${json_data['results'][0]}</arg>
<doc>Logs the given message with the given level.</doc>
<status status="PASS" start="2024-07-27T19:12:07.014411" elapsed="0.000396"/>
</kw>
<kw name="Log" owner="BuiltIn">
<msg time="2024-07-27T19:12:07.015256" level="INFO">login</msg>
<arg>${key}</arg>
<doc>Logs the given message with the given level.</doc>
<status status="PASS" start="2024-07-27T19:12:07.015118" elapsed="0.000175"/>
</kw>
<var name="${key}">login</var>
<status status="PASS" start="2024-07-27T19:12:07.013743" elapsed="0.001763"/>
</iter>
<var>${key}</var>
<value>@{expected_keys}</value>
<status status="PASS" start="2024-07-27T19:12:07.005500" elapsed="0.010126"/>
</for>
<kw name="Create List" owner="BuiltIn">
<msg time="2024-07-27T19:12:07.015958" level="INFO">${expected_keysTwo} = ['username', 'password']</msg>
<var>${expected_keysTwo}</var>
<arg>username</arg>
<arg>password</arg>
<doc>Returns a list containing given items.</doc>
<status status="PASS" start="2024-07-27T19:12:07.015822" elapsed="0.000188"/>
</kw>
<for flavor="IN">
<iter>
<kw name="Dictionary Should Contain Key" owner="Collections">
<arg>${json_data['results'][0]['login']}</arg>
<arg>${keyTwo}</arg>
<doc>Fails if ``key`` is not found from ``dictionary``.</doc>
<status status="PASS" start="2024-07-27T19:12:07.016510" elapsed="0.000380"/>
</kw>
<kw name="Dictionary Should Contain Key" owner="Collections">
<arg>${json_data['results'][0]['login']}</arg>
<arg>${keyTwo}</arg>
<doc>Fails if ``key`` is not found from ``dictionary``.</doc>
<status status="PASS" start="2024-07-27T19:12:07.017072" elapsed="0.000376"/>
</kw>
<kw name="Log" owner="BuiltIn">
<msg time="2024-07-27T19:12:07.017742" level="INFO">username</msg>
<arg>${keyTwo}</arg>
<doc>Logs the given message with the given level.</doc>
<status status="PASS" start="2024-07-27T19:12:07.017625" elapsed="0.000154"/>
</kw>
<var name="${keyTwo}">username</var>
<status status="PASS" start="2024-07-27T19:12:07.016402" elapsed="0.001595"/>
</iter>
<iter>
<kw name="Dictionary Should Contain Key" owner="Collections">
<arg>${json_data['results'][0]['login']}</arg>
<arg>${keyTwo}</arg>
<doc>Fails if ``key`` is not found from ``dictionary``.</doc>
<status status="PASS" start="2024-07-27T19:12:07.018284" elapsed="0.000382"/>
</kw>
<kw name="Dictionary Should Contain Key" owner="Collections">
<arg>${json_data['results'][0]['login']}</arg>
<arg>${keyTwo}</arg>
<doc>Fails if ``key`` is not found from ``dictionary``.</doc>
<status status="PASS" start="2024-07-27T19:12:07.018843" elapsed="0.000407"/>
</kw>
<kw name="Log" owner="BuiltIn">
<msg time="2024-07-27T19:12:07.019553" level="INFO">password</msg>
<arg>${keyTwo}</arg>
<doc>Logs the given message with the given level.</doc>
<status status="PASS" start="2024-07-27T19:12:07.019427" elapsed="0.000163"/>
</kw>
<var name="${keyTwo}">password</var>
<status status="PASS" start="2024-07-27T19:12:07.018166" elapsed="0.001644"/>
</iter>
<var>${keyTwo}</var>
<value>@{expected_keysTwo}</value>
<status status="PASS" start="2024-07-27T19:12:07.016253" elapsed="0.003677"/>
</for>
<status status="PASS" start="2024-07-27T19:12:06.909026" elapsed="0.111042"/>
</kw>
<doc>Testa a estrutura da resposta da API.</doc>
<tag>testeEstruturaResposta</tag>
<status status="PASS" start="2024-07-27T19:12:06.908461" elapsed="0.111757"/>
</test>
<test id="s1-s1-t4" name="Validar tipos de dados" line="28">
<kw name="Teste de Tipos de Dados" owner="random-user-service">
<kw name="GET On Session" owner="RequestsLibrary">
<msg time="2024-07-27T19:12:07.133787" level="INFO">GET Request : url=https://randomuser.me/api 
 path_url=/api 
 headers={'User-Agent': 'python-requests/2.32.3', 'Accept-Encoding': 'gzip, deflate', 'Accept': '*/*', 'Connection': 'keep-alive'} 
 body=None 
 </msg>
<msg time="2024-07-27T19:12:07.133871" level="INFO">GET Response : url=https://randomuser.me/api 
 status=200, reason=OK 
 headers={'Date': 'Sat, 27 Jul 2024 19:12:07 GMT', 'Content-Type': 'application/json; charset=utf-8', 'Transfer-Encoding': 'chunked', 'Connection': 'keep-alive', 'X-Powered-By': 'Express', 'Access-Control-Allow-Origin': '*', 'Cache-Control': 'no-cache', 'ETag': 'W/"483-2869UaH9NulxgK5HZXOftwLNmF4"', 'Vary': 'Accept-Encoding', 'Content-Encoding': 'gzip', 'CF-Cache-Status': 'DYNAMIC', 'Report-To': '{"endpoints":[{"url":"https:\\/\\/a.nel.cloudflare.com\\/report\\/v4?s=AHz5Vf3%2FQWk4G8Ntp1oEgMpwweXt%2FOX0X3nEtiGuDTQ6TsH%2FM7wCXvW5d9c9qZF%2BLiVAaFcc5gVnSm0Wqlg%2BVn3hE%2F4zjdrGd09CDYAE4lrSqVPvhdQAlr0nIPyV89G5"}],"group":"cf-nel","max_age":604800}', 'NEL': '{"success_fraction":0,"report_to":"cf-nel","max_age":604800}', 'Server': 'cloudflare', 'CF-RAY': '8a9ef06beb259648-SJC', 'alt-svc': 'h3=":443"; ma=86400'} 
 body={"results":[{"gender":"female","name":{"title":"Mrs","first":"Sofia","last":"Miller"},"location":{"street":{"number":6259,"name":"North Street"},"city":"Salford","state":"Strathclyde","country":"United Kingdom","postcode":"WC3E 5TR","coordinates":{"latitude":"-8.6773","longitude":"131.0474"},"timezone":{"offset":"-9:00","description":"Alaska"}},"email":"sofia.miller@example.com","login":{"uuid":"d971a8bd-c5f3-454e-8a6e-642655b6cba6","username":"tinykoala326","password":"gordo","salt":"u0ous5bP","md5":"6495de51a84ba47f844e3dd4cecce71a","sha1":"7ab69caa492c0a2cbb600de65017aaad02331dc2","sha256":"b5f1c04a3f3d208ea1ba4c146fafe6ebb84ebc2a0857e13ed9964690ffe167c4"},"dob":{"date":"1954-09-22T14:38:06.384Z","age":69},"registered":{"date":"2010-01-24T18:51:33.782Z","age":14},"phone":"016977 3831","cell":"07362 402466","id":{"name":"NINO","value":"ZX 11 88 05 Y"},"picture":{"large":"https://randomuser.me/api/portraits/women/33.jpg","medium":"https://randomuser.me/api/portraits/med/women/33.jpg","thumbnail":"https://randomuser.me/api/portraits/thumb/women/33.jpg"},"nat":"GB"}],"info":{"seed":"75de48230092bc3b","results":1,"page":1,"version":"1.4"}} 
 </msg>
<msg time="2024-07-27T19:12:07.133952" level="INFO">/opt/hostedtoolcache/Python/3.12.4/x64/lib/python3.12/site-packages/urllib3/connectionpool.py:1099: InsecureRequestWarning: Unverified HTTPS request is being made to host 'randomuser.me'. Adding certificate verification is strongly advised. See: https://urllib3.readthedocs.io/en/latest/advanced-usage.html#tls-warnings
  warnings.warn(</msg>
<msg time="2024-07-27T19:12:07.134091" level="INFO">${response} = &lt;Response [200]&gt;</msg>
<var>${response}</var>
<arg>consultarAPI</arg>
<arg>/api</arg>
<doc>Sends a GET request on a previously created HTTP Session.</doc>
<status status="PASS" start="2024-07-27T19:12:07.022708" elapsed="0.111426"/>
</kw>
<kw name="Set Variable" owner="BuiltIn">
<msg time="2024-07-27T19:12:07.134931" level="INFO">${json_data} = {'results': [{'gender': 'female', 'name': {'title': 'Mrs', 'first': 'Sofia', 'last': 'Miller'}, 'location': {'street': {'number': 6259, 'name': 'North Street'}, 'city': 'Salford', 'state': 'Strathclyd...</msg>
<var>${json_data}</var>
<arg>${response.json()}</arg>
<doc>Returns the given values which can then be assigned to a variables.</doc>
<status status="PASS" start="2024-07-27T19:12:07.134477" elapsed="0.000483"/>
</kw>
<kw name="Log" owner="BuiltIn">
<msg time="2024-07-27T19:12:07.135459" level="INFO">{'results': [{'gender': 'female', 'name': {'title': 'Mrs', 'first': 'Sofia', 'last': 'Miller'}, 'location': {'street': {'number': 6259, 'name': 'North Street'}, 'city': 'Salford', 'state': 'Strathclyde', 'country': 'United Kingdom', 'postcode': 'WC3E 5TR', 'coordinates': {'latitude': '-8.6773', 'longitude': '131.0474'}, 'timezone': {'offset': '-9:00', 'description': 'Alaska'}}, 'email': 'sofia.miller@example.com', 'login': {'uuid': 'd971a8bd-c5f3-454e-8a6e-642655b6cba6', 'username': 'tinykoala326', 'password': 'gordo', 'salt': 'u0ous5bP', 'md5': '6495de51a84ba47f844e3dd4cecce71a', 'sha1': '7ab69caa492c0a2cbb600de65017aaad02331dc2', 'sha256': 'b5f1c04a3f3d208ea1ba4c146fafe6ebb84ebc2a0857e13ed9964690ffe167c4'}, 'dob': {'date': '1954-09-22T14:38:06.384Z', 'age': 69}, 'registered': {'date': '2010-01-24T18:51:33.782Z', 'age': 14}, 'phone': '016977 3831', 'cell': '07362 402466', 'id': {'name': 'NINO', 'value': 'ZX 11 88 05 Y'}, 'picture': {'large': 'https://randomuser.me/api/portraits/women/33.jpg', 'medium': 'https://randomuser.me/api/portraits/med/women/33.jpg', 'thumbnail': 'https://randomuser.me/api/portraits/thumb/women/33.jpg'}, 'nat': 'GB'}], 'info': {'seed': '75de48230092bc3b', 'results': 1, 'page': 1, 'version': '1.4'}}</msg>
<arg>${json_data}</arg>
<doc>Logs the given message with the given level.</doc>
<status status="PASS" start="2024-07-27T19:12:07.135306" elapsed="0.000200"/>
</kw>
<kw name="Should Be String" owner="String">
<arg>${json_data['results'][0]['gender']}</arg>
<doc>Fails if the given ``item`` is not a string.</doc>
<status status="PASS" start="2024-07-27T19:12:07.135799" elapsed="0.000363"/>
</kw>
<kw name="Should Match Regexp" owner="BuiltIn">
<arg>${json_data['results'][0]['email']}</arg>
<arg>^[a-zA-Z0-9._%+-]+@[a-zA-Z0-9.-]+\.[a-zA-Z]{2,}$</arg>
<doc>Fails if ``string`` does not match ``pattern`` as a regular expression.</doc>
<status status="PASS" start="2024-07-27T19:12:07.136350" elapsed="0.000530"/>
</kw>
<kw name="Should Match Regexp" owner="BuiltIn">
<arg>${json_data['results'][0]['dob']['date']}</arg>
<arg>\\d{4}-\\d{2}-\\d{2}T\\d{2}:\\d{2}:\\d{2}\\.\\d{3}Z</arg>
<doc>Fails if ``string`` does not match ``pattern`` as a regular expression.</doc>
<status status="PASS" start="2024-07-27T19:12:07.137108" elapsed="0.000594"/>
</kw>
<kw name="Should Match Regexp" owner="BuiltIn">
<arg>${json_data['results'][0]['registered']['date']}</arg>
<arg>\\d{4}-\\d{2}-\\d{2}T\\d{2}:\\d{2}:\\d{2}\\.\\d{3}Z</arg>
<doc>Fails if ``string`` does not match ``pattern`` as a regular expression.</doc>
<status status="PASS" start="2024-07-27T19:12:07.137896" elapsed="0.000370"/>
</kw>
<kw name="Should Match Regexp" owner="BuiltIn">
<arg>${json_data['results'][0]['picture']['large']}</arg>
<arg>^https?://.*\.(?:png|jpe?g|gif|bmp)$</arg>
<doc>Fails if ``string`` does not match ``pattern`` as a regular expression.</doc>
<status status="PASS" start="2024-07-27T19:12:07.138452" elapsed="0.000454"/>
</kw>
<kw name="Should Match Regexp" owner="BuiltIn">
<arg>${json_data['results'][0]['picture']['medium']}</arg>
<arg>^https?://.*\.(?:png|jpe?g|gif|bmp)$</arg>
<doc>Fails if ``string`` does not match ``pattern`` as a regular expression.</doc>
<status status="PASS" start="2024-07-27T19:12:07.139115" elapsed="0.000367"/>
</kw>
<kw name="Should Match Regexp" owner="BuiltIn">
<arg>${json_data['results'][0]['picture']['thumbnail']}</arg>
<arg>^https?://.*\.(?:png|jpe?g|gif|bmp)$</arg>
<doc>Fails if ``string`` does not match ``pattern`` as a regular expression.</doc>
<status status="PASS" start="2024-07-27T19:12:07.139667" elapsed="0.000350"/>
</kw>
<kw name="Log" owner="BuiltIn">
<msg time="2024-07-27T19:12:07.140516" level="INFO">{'large': 'https://randomuser.me/api/portraits/women/33.jpg', 'medium': 'https://randomuser.me/api/portraits/med/women/33.jpg', 'thumbnail': 'https://randomuser.me/api/portraits/thumb/women/33.jpg'}</msg>
<arg>${json_data['results'][0]['picture']}</arg>
<doc>Logs the given message with the given level.</doc>
<status status="PASS" start="2024-07-27T19:12:07.140195" elapsed="0.000363"/>
</kw>
<status status="PASS" start="2024-07-27T19:12:07.022487" elapsed="0.118321"/>
</kw>
<kw name="Teste de Tipos de Dados - Postcode" owner="random-user-service">
<kw name="GET On Session" owner="RequestsLibrary">
<msg time="2024-07-27T19:12:07.231408" level="INFO">GET Request : url=https://randomuser.me/api 
 path_url=/api 
 headers={'User-Agent': 'python-requests/2.32.3', 'Accept-Encoding': 'gzip, deflate', 'Accept': '*/*', 'Connection': 'keep-alive'} 
 body=None 
 </msg>
<msg time="2024-07-27T19:12:07.231497" level="INFO">GET Response : url=https://randomuser.me/api 
 status=200, reason=OK 
 headers={'Date': 'Sat, 27 Jul 2024 19:12:07 GMT', 'Content-Type': 'application/json; charset=utf-8', 'Transfer-Encoding': 'chunked', 'Connection': 'keep-alive', 'X-Powered-By': 'Express', 'Access-Control-Allow-Origin': '*', 'Cache-Control': 'no-cache', 'ETag': 'W/"4a9-rKnRWfyCgAl0RA9H4y1Ou4eGqfQ"', 'Vary': 'Accept-Encoding', 'Content-Encoding': 'gzip', 'CF-Cache-Status': 'DYNAMIC', 'Report-To': '{"endpoints":[{"url":"https:\\/\\/a.nel.cloudflare.com\\/report\\/v4?s=KLb9AKLKZURETAL08xxVfnBtXBfDsZ9I1BJL0cL84ByGja16YWMP2l%2F5b1TjYYvHwBltcQ2ExnY7%2FFkloaQWFau59nqMsIqRZDQ5wbg0%2BAT%2FwCOxxqEF3CwnPsXO2xFw"}],"group":"cf-nel","max_age":604800}', 'NEL': '{"success_fraction":0,"report_to":"cf-nel","max_age":604800}', 'Server': 'cloudflare', 'CF-RAY': '8a9ef06cab9c9648-SJC', 'alt-svc': 'h3=":443"; ma=86400'} 
 body={"results":[{"gender":"female","name":{"title":"Mrs","first":"ثنا","last":"سلطانی نژاد"},"location":{"street":{"number":7824,"name":"دکتر مفتح"},"city":"گلستان","state":"خوزستان","country":"Iran","postcode":23236,"coordinates":{"latitude":"15.4567","longitude":"177.0377"},"timezone":{"offset":"+8:00","description":"Beijing, Perth, Singapore, Hong Kong"}},"email":"thn.sltnynjd@example.com","login":{"uuid":"55adc4f5-28ee-4d58-9ae1-fdc73e575893","username":"beautifulwolf857","password":"thankyou","salt":"H35ZvG3P","md5":"3d1f3f8c8ed68c4535de31f49e8b9dfc","sha1":"3b41cfa76428fc3de7880e300ff5eb5e8cb81bf2","sha256":"0feb7dd351862ad34c4dca5bef97e13114de2ad165b5b57b25e11d10a7c63aa9"},"dob":{"date":"1990-03-04T06:43:24.640Z","age":34},"registered":{"date":"2011-12-28T01:19:37.175Z","age":12},"phone":"093-43551379","cell":"0948-339-5517","id":{"name":"","value":null},"picture":{"large":"https://randomuser.me/api/portraits/women/22.jpg","medium":"https://randomuser.me/api/portraits/med/women/22.jpg","thumbnail":"https://randomuser.me/api/portraits/thumb/women/22.jpg"},"nat":"IR"}],"info":{"seed":"47cc49db28b64ef3","results":1,"page":1,"version":"1.4"}} 
 </msg>
<msg time="2024-07-27T19:12:07.231572" level="INFO">/opt/hostedtoolcache/Python/3.12.4/x64/lib/python3.12/site-packages/urllib3/connectionpool.py:1099: InsecureRequestWarning: Unverified HTTPS request is being made to host 'randomuser.me'. Adding certificate verification is strongly advised. See: https://urllib3.readthedocs.io/en/latest/advanced-usage.html#tls-warnings
  warnings.warn(</msg>
<msg time="2024-07-27T19:12:07.231698" level="INFO">${response} = &lt;Response [200]&gt;</msg>
<var>${response}</var>
<arg>consultarAPI</arg>
<arg>/api</arg>
<doc>Sends a GET request on a previously created HTTP Session.</doc>
<status status="PASS" start="2024-07-27T19:12:07.141241" elapsed="0.090508"/>
</kw>
<kw name="Set Variable" owner="BuiltIn">
<msg time="2024-07-27T19:12:07.232657" level="INFO">${json_data} = {'results': [{'gender': 'female', 'name': {'title': 'Mrs', 'first': 'ثنا', 'last': 'سلطانی نژاد'}, 'location': {'street': {'number': 7824, 'name': 'دکتر مفتح'}, 'city': 'گلستان', 'state': 'خوزستان', '...</msg>
<var>${json_data}</var>
<arg>${response.json()}</arg>
<doc>Returns the given values which can then be assigned to a variables.</doc>
<status status="PASS" start="2024-07-27T19:12:07.232192" elapsed="0.000496"/>
</kw>
<kw name="Log" owner="BuiltIn">
<msg time="2024-07-27T19:12:07.233152" level="INFO">{'results': [{'gender': 'female', 'name': {'title': 'Mrs', 'first': 'ثنا', 'last': 'سلطانی نژاد'}, 'location': {'street': {'number': 7824, 'name': 'دکتر مفتح'}, 'city': 'گلستان', 'state': 'خوزستان', 'country': 'Iran', 'postcode': 23236, 'coordinates': {'latitude': '15.4567', 'longitude': '177.0377'}, 'timezone': {'offset': '+8:00', 'description': 'Beijing, Perth, Singapore, Hong Kong'}}, 'email': 'thn.sltnynjd@example.com', 'login': {'uuid': '55adc4f5-28ee-4d58-9ae1-fdc73e575893', 'username': 'beautifulwolf857', 'password': 'thankyou', 'salt': 'H35ZvG3P', 'md5': '3d1f3f8c8ed68c4535de31f49e8b9dfc', 'sha1': '3b41cfa76428fc3de7880e300ff5eb5e8cb81bf2', 'sha256': '0feb7dd351862ad34c4dca5bef97e13114de2ad165b5b57b25e11d10a7c63aa9'}, 'dob': {'date': '1990-03-04T06:43:24.640Z', 'age': 34}, 'registered': {'date': '2011-12-28T01:19:37.175Z', 'age': 12}, 'phone': '093-43551379', 'cell': '0948-339-5517', 'id': {'name': '', 'value': None}, 'picture': {'large': 'https://randomuser.me/api/portraits/women/22.jpg', 'medium': 'https://randomuser.me/api/portraits/med/women/22.jpg', 'thumbnail': 'https://randomuser.me/api/portraits/thumb/women/22.jpg'}, 'nat': 'IR'}], 'info': {'seed': '47cc49db28b64ef3', 'results': 1, 'page': 1, 'version': '1.4'}}</msg>
<arg>${json_data}</arg>
<doc>Logs the given message with the given level.</doc>
<status status="PASS" start="2024-07-27T19:12:07.232997" elapsed="0.000205"/>
</kw>
<kw name="Should Be Equal As Numbers" owner="BuiltIn">
<arg>${json_data['results'][0]['location']['postcode']}</arg>
<arg>${json_data['results'][0]['location']['postcode']}</arg>
<doc>Fails if objects are unequal after converting them to real numbers.</doc>
<status status="PASS" start="2024-07-27T19:12:07.233496" elapsed="0.000622"/>
</kw>
<kw name="Log" owner="BuiltIn">
<msg time="2024-07-27T19:12:07.234644" level="INFO">23236</msg>
<arg>${json_data['results'][0]['location']['postcode']}</arg>
<doc>Logs the given message with the given level.</doc>
<status status="PASS" start="2024-07-27T19:12:07.234313" elapsed="0.000407"/>
</kw>
<status status="PASS" start="2024-07-27T19:12:07.141017" elapsed="0.093958"/>
</kw>
<doc>Testa se os tipos de dados na resposta da API estão corretos.</doc>
<tag>testeTiposDados</tag>
<status status="PASS" start="2024-07-27T19:12:07.021953" elapsed="0.213214"/>
</test>
<test id="s1-s1-t5" name="Validar conteudo" line="35">
<kw name="Teste de Tipos de Conteudo" owner="random-user-service">
<kw name="GET On Session" owner="RequestsLibrary">
<msg time="2024-07-27T19:12:07.329724" level="INFO">GET Request : url=https://randomuser.me/api 
 path_url=/api 
 headers={'User-Agent': 'python-requests/2.32.3', 'Accept-Encoding': 'gzip, deflate', 'Accept': '*/*', 'Connection': 'keep-alive'} 
 body=None 
 </msg>
<msg time="2024-07-27T19:12:07.329806" level="INFO">GET Response : url=https://randomuser.me/api 
 status=200, reason=OK 
 headers={'Date': 'Sat, 27 Jul 2024 19:12:07 GMT', 'Content-Type': 'application/json; charset=utf-8', 'Transfer-Encoding': 'chunked', 'Connection': 'keep-alive', 'X-Powered-By': 'Express', 'Access-Control-Allow-Origin': '*', 'Cache-Control': 'no-cache', 'ETag': 'W/"48f-AWoDHg8JF5eSYUcIqugUGPmvpsI"', 'Vary': 'Accept-Encoding', 'Content-Encoding': 'gzip', 'CF-Cache-Status': 'DYNAMIC', 'Report-To': '{"endpoints":[{"url":"https:\\/\\/a.nel.cloudflare.com\\/report\\/v4?s=ZKERNimYZWX5YKFMz9Hbes22CeIroNt8Y62w9ZKBITEagOs7e4deGwxTneWwbp5jNqi0EMKIiTU3vjNzyJ4uXEt3EDXD5n0BnNBzB30L2eVV67eqvWZwZmQS1y0hrGSY"}],"group":"cf-nel","max_age":604800}', 'NEL': '{"success_fraction":0,"report_to":"cf-nel","max_age":604800}', 'Server': 'cloudflare', 'CF-RAY': '8a9ef06d4bf19648-SJC', 'alt-svc': 'h3=":443"; ma=86400'} 
 body={"results":[{"gender":"female","name":{"title":"Mrs","first":"Adelina","last":"Gustad"},"location":{"street":{"number":4201,"name":"Traverveien"},"city":"Knarrevik","state":"Oslo","country":"Norway","postcode":"3148","coordinates":{"latitude":"44.3479","longitude":"52.2299"},"timezone":{"offset":"+3:00","description":"Baghdad, Riyadh, Moscow, St. Petersburg"}},"email":"adelina.gustad@example.com","login":{"uuid":"04686e69-259b-41c7-a067-a05267c4eaa0","username":"lazyostrich103","password":"highland","salt":"vLShWD6b","md5":"47f82ac58082231672932b91ce3d09d6","sha1":"01c36e152d736afff82a8917d4da60c1c9050faf","sha256":"908b264879edfd28c966624de1240c3d1c1ee6527c474f90a98cfe60370226fe"},"dob":{"date":"1964-09-04T16:32:44.032Z","age":59},"registered":{"date":"2004-12-26T16:24:50.146Z","age":19},"phone":"57396609","cell":"49224602","id":{"name":"FN","value":"04096401065"},"picture":{"large":"https://randomuser.me/api/portraits/women/39.jpg","medium":"https://randomuser.me/api/portraits/med/women/39.jpg","thumbnail":"https://randomuser.me/api/portraits/thumb/women/39.jpg"},"nat":"NO"}],"info":{"seed":"f68434caa8c25b80","results":1,"page":1,"version":"1.4"}} 
 </msg>
<msg time="2024-07-27T19:12:07.329879" level="INFO">/opt/hostedtoolcache/Python/3.12.4/x64/lib/python3.12/site-packages/urllib3/connectionpool.py:1099: InsecureRequestWarning: Unverified HTTPS request is being made to host 'randomuser.me'. Adding certificate verification is strongly advised. See: https://urllib3.readthedocs.io/en/latest/advanced-usage.html#tls-warnings
  warnings.warn(</msg>
<msg time="2024-07-27T19:12:07.330017" level="INFO">${response} = &lt;Response [200]&gt;</msg>
<var>${response}</var>
<arg>consultarAPI</arg>
<arg>/api</arg>
<doc>Sends a GET request on a previously created HTTP Session.</doc>
<status status="PASS" start="2024-07-27T19:12:07.237923" elapsed="0.092151"/>
</kw>
<kw name="Set Variable" owner="BuiltIn">
<msg time="2024-07-27T19:12:07.330954" level="INFO">${json_data} = {'results': [{'gender': 'female', 'name': {'title': 'Mrs', 'first': 'Adelina', 'last': 'Gustad'}, 'location': {'street': {'number': 4201, 'name': 'Traverveien'}, 'city': 'Knarrevik', 'state': 'Oslo', ...</msg>
<var>${json_data}</var>
<arg>${response.json()}</arg>
<doc>Returns the given values which can then be assigned to a variables.</doc>
<status status="PASS" start="2024-07-27T19:12:07.330508" elapsed="0.000475"/>
</kw>
<kw name="Set Variable" owner="BuiltIn">
<msg time="2024-07-27T19:12:07.331701" level="INFO">${name_title} = Mrs</msg>
<var>${name_title}</var>
<arg>${json_data["results"][0]["name"]["title"]}</arg>
<doc>Returns the given values which can then be assigned to a variables.</doc>
<status status="PASS" start="2024-07-27T19:12:07.331323" elapsed="0.000404"/>
</kw>
<kw name="Create List" owner="BuiltIn">
<msg time="2024-07-27T19:12:07.332163" level="INFO">${allowed_titles} = ['Mr', 'Ms', 'Miss', 'Mrs', 'Madame', 'Monsieur']</msg>
<var>${allowed_titles}</var>
<arg>Mr</arg>
<arg>Ms</arg>
<arg>Miss</arg>
<arg>Mrs</arg>
<arg>Madame</arg>
<arg>Monsieur</arg>
<doc>Returns a list containing given items.</doc>
<status status="PASS" start="2024-07-27T19:12:07.332018" elapsed="0.000169"/>
</kw>
<kw name="List Should Contain Value" owner="Collections">
<arg>${allowed_titles}</arg>
<arg>${name_title}</arg>
<doc>Fails if the ``value`` is not found from ``list``.</doc>
<status status="PASS" start="2024-07-27T19:12:07.332480" elapsed="0.000176"/>
</kw>
<kw name="Set Variable" owner="BuiltIn">
<msg time="2024-07-27T19:12:07.333208" level="INFO">${name_country} = NO</msg>
<var>${name_country}</var>
<arg>${json_data["results"][0]["nat"]}</arg>
<doc>Returns the given values which can then be assigned to a variables.</doc>
<status status="PASS" start="2024-07-27T19:12:07.332836" elapsed="0.000397"/>
</kw>
<kw name="Create List" owner="BuiltIn">
<msg time="2024-07-27T19:12:07.334110" level="INFO">${list_country} = ['AD', 'AE', 'AF', 'AG', 'AI', 'AL', 'AM', 'AO', 'AQ', 'AR', 'AS', 'AT', 'AU', 'AW', 'AX', 'AZ', 'BA', 'BB', 'BD', 'BE', 'BF', 'BG', 'BH', 'BI', 'BJ', 'BL', 'BM', 'BN', 'BO', 'BQ', 'BR', 'BS', 'BT', '...</msg>
<var>${list_country}</var>
<arg>AD</arg>
<arg>AE</arg>
<arg>AF</arg>
<arg>AG</arg>
<arg>AI</arg>
<arg>AL</arg>
<arg>AM</arg>
<arg>AO</arg>
<arg>AQ</arg>
<arg>AR</arg>
<arg>AS</arg>
<arg>AT</arg>
<arg>AU</arg>
<arg>AW</arg>
<arg>AX</arg>
<arg>AZ</arg>
<arg>BA</arg>
<arg>BB</arg>
<arg>BD</arg>
<arg>BE</arg>
<arg>BF</arg>
<arg>BG</arg>
<arg>BH</arg>
<arg>BI</arg>
<arg>BJ</arg>
<arg>BL</arg>
<arg>BM</arg>
<arg>BN</arg>
<arg>BO</arg>
<arg>BQ</arg>
<arg>BR</arg>
<arg>BS</arg>
<arg>BT</arg>
<arg>BV</arg>
<arg>BW</arg>
<arg>BY</arg>
<arg>BZ</arg>
<arg>CA</arg>
<arg>CC</arg>
<arg>CD</arg>
<arg>CF</arg>
<arg>CG</arg>
<arg>CH</arg>
<arg>CI</arg>
<arg>CK</arg>
<arg>CL</arg>
<arg>CM</arg>
<arg>CN</arg>
<arg>CO</arg>
<arg>CR</arg>
<arg>CU</arg>
<arg>CV</arg>
<arg>CW</arg>
<arg>CX</arg>
<arg>CY</arg>
<arg>CZ</arg>
<arg>DE</arg>
<arg>DJ</arg>
<arg>DK</arg>
<arg>DM</arg>
<arg>DO</arg>
<arg>DZ</arg>
<arg>EC</arg>
<arg>EE</arg>
<arg>EG</arg>
<arg>EH</arg>
<arg>ER</arg>
<arg>ES</arg>
<arg>ET</arg>
<arg>FI</arg>
<arg>FJ</arg>
<arg>FK</arg>
<arg>FM</arg>
<arg>FO</arg>
<arg>FR</arg>
<arg>GA</arg>
<arg>GB</arg>
<arg>GD</arg>
<arg>GE</arg>
<arg>GF</arg>
<arg>GG</arg>
<arg>GH</arg>
<arg>GI</arg>
<arg>GL</arg>
<arg>GM</arg>
<arg>GN</arg>
<arg>GP</arg>
<arg>GQ</arg>
<arg>GR</arg>
<arg>GS</arg>
<arg>GT</arg>
<arg>GU</arg>
<arg>GW</arg>
<arg>GY</arg>
<arg>HK</arg>
<arg>HM</arg>
<arg>HN</arg>
<arg>HR</arg>
<arg>HT</arg>
<arg>HU</arg>
<arg>ID</arg>
<arg>IE</arg>
<arg>IL</arg>
<arg>IM</arg>
<arg>IN</arg>
<arg>IO</arg>
<arg>IQ</arg>
<arg>IR</arg>
<arg>IS</arg>
<arg>IT</arg>
<arg>JE</arg>
<arg>JM</arg>
<arg>JO</arg>
<arg>JP</arg>
<arg>KE</arg>
<arg>KG</arg>
<arg>KH</arg>
<arg>KI</arg>
<arg>KM</arg>
<arg>KN</arg>
<arg>KP</arg>
<arg>KR</arg>
<arg>KW</arg>
<arg>KY</arg>
<arg>KZ</arg>
<arg>LA</arg>
<arg>LB</arg>
<arg>LC</arg>
<arg>LI</arg>
<arg>LK</arg>
<arg>LR</arg>
<arg>LS</arg>
<arg>LT</arg>
<arg>LU</arg>
<arg>LV</arg>
<arg>LY</arg>
<arg>MA</arg>
<arg>MC</arg>
<arg>MD</arg>
<arg>ME</arg>
<arg>MF</arg>
<arg>MG</arg>
<arg>MH</arg>
<arg>MK</arg>
<arg>ML</arg>
<arg>MM</arg>
<arg>MN</arg>
<arg>MO</arg>
<arg>MP</arg>
<arg>MQ</arg>
<arg>MR</arg>
<arg>MS</arg>
<arg>MT</arg>
<arg>MU</arg>
<arg>MV</arg>
<arg>MW</arg>
<arg>MX</arg>
<arg>MY</arg>
<arg>MZ</arg>
<arg>NA</arg>
<arg>NC</arg>
<arg>NE</arg>
<arg>NF</arg>
<arg>NG</arg>
<arg>NI</arg>
<arg>NL</arg>
<arg>NO</arg>
<arg>NP</arg>
<arg>NR</arg>
<arg>NU</arg>
<arg>NZ</arg>
<arg>OM</arg>
<arg>PA</arg>
<arg>PE</arg>
<arg>PF</arg>
<arg>PG</arg>
<arg>PH</arg>
<arg>PK</arg>
<arg>PL</arg>
<arg>PM</arg>
<arg>PN</arg>
<arg>PR</arg>
<arg>PS</arg>
<arg>PT</arg>
<arg>PW</arg>
<arg>PY</arg>
<arg>QA</arg>
<arg>RE</arg>
<arg>RO</arg>
<arg>RS</arg>
<arg>RU</arg>
<arg>RW</arg>
<arg>SA</arg>
<arg>SB</arg>
<arg>SC</arg>
<arg>SD</arg>
<arg>SE</arg>
<arg>SG</arg>
<arg>SH</arg>
<arg>SI</arg>
<arg>SJ</arg>
<arg>SK</arg>
<arg>SL</arg>
<arg>SM</arg>
<arg>SN</arg>
<arg>SO</arg>
<arg>SR</arg>
<arg>SS</arg>
<arg>ST</arg>
<arg>SV</arg>
<arg>SX</arg>
<arg>SY</arg>
<arg>SZ</arg>
<arg>TC</arg>
<arg>TD</arg>
<arg>TF</arg>
<arg>TG</arg>
<arg>TH</arg>
<arg>TJ</arg>
<arg>TK</arg>
<arg>TL</arg>
<arg>TM</arg>
<arg>TN</arg>
<arg>TO</arg>
<arg>TR</arg>
<arg>TT</arg>
<arg>TV</arg>
<arg>TW</arg>
<arg>TZ</arg>
<arg>UA</arg>
<arg>UG</arg>
<arg>UM</arg>
<arg>US</arg>
<arg>UY</arg>
<arg>UZ</arg>
<arg>VA</arg>
<arg>VC</arg>
<arg>VE</arg>
<arg>VG</arg>
<arg>VI</arg>
<arg>VN</arg>
<arg>VU</arg>
<arg>WF</arg>
<arg>WS</arg>
<arg>XK</arg>
<arg>YE</arg>
<arg>YT</arg>
<arg>ZA</arg>
<arg>ZM</arg>
<arg>ZW</arg>
<doc>Returns a list containing given items.</doc>
<status status="PASS" start="2024-07-27T19:12:07.333520" elapsed="0.000616"/>
</kw>
<kw name="List Should Contain Value" owner="Collections">
<arg>${list_country}</arg>
<arg>${name_country}</arg>
<doc>Fails if the ``value`` is not found from ``list``.</doc>
<status status="PASS" start="2024-07-27T19:12:07.335065" elapsed="0.000235"/>
</kw>
<kw name="Run Keyword If" owner="BuiltIn">
<kw name="Should Be True" owner="BuiltIn">
<arg>${True}</arg>
<doc>Fails if the given condition is not true.</doc>
<status status="PASS" start="2024-07-27T19:12:07.336245" elapsed="0.000141"/>
</kw>
<arg>${json_data["results"][0]["location"]["coordinates"]["latitude"]} &gt;= -90 and ${json_data["results"][0]["location"]["coordinates"]["latitude"]} &lt;= 90</arg>
<arg>Should Be True</arg>
<arg>${True}</arg>
<doc>Runs the given keyword with the given arguments, if ``condition`` is true.</doc>
<status status="PASS" start="2024-07-27T19:12:07.335501" elapsed="0.001010"/>
</kw>
<kw name="Run Keyword If" owner="BuiltIn">
<kw name="Should Be True" owner="BuiltIn">
<arg>${True}</arg>
<doc>Fails if the given condition is not true.</doc>
<status status="PASS" start="2024-07-27T19:12:07.337374" elapsed="0.000134"/>
</kw>
<arg>${json_data["results"][0]["location"]["coordinates"]["longitude"]} &gt;= -180 and ${json_data["results"][0]["location"]["coordinates"]["longitude"]} &lt;= 180</arg>
<arg>Should Be True</arg>
<arg>${True}</arg>
<doc>Runs the given keyword with the given arguments, if ``condition`` is true.</doc>
<status status="PASS" start="2024-07-27T19:12:07.336692" elapsed="0.000938"/>
</kw>
<status status="PASS" start="2024-07-27T19:12:07.237561" elapsed="0.100195"/>
</kw>
<doc>Testa o conteúdo específico dos campos retornados pela API.</doc>
<tag>testeConteudo</tag>
<status status="PASS" start="2024-07-27T19:12:07.236912" elapsed="0.100986"/>
</test>
<status status="PASS" start="2024-07-27T19:12:06.293868" elapsed="1.045960"/>
</suite>
<status status="PASS" start="2024-07-27T19:12:06.279681" elapsed="1.065110"/>
</suite>
<statistics>
<total>
<stat pass="5" fail="0" skip="0">All Tests</stat>
</total>
<tag>
<stat pass="1" fail="0" skip="0">testeConteudo</stat>
<stat pass="1" fail="0" skip="0">testeEstruturaResposta</stat>
<stat pass="1" fail="0" skip="0">testeRequisicaoBasica</stat>
<stat pass="1" fail="0" skip="0">testeTiposDados</stat>
</tag>
<suite>
<stat pass="5" fail="0" skip="0" id="s1" name="Tests">Tests</stat>
<stat pass="5" fail="0" skip="0" id="s1-s1" name="Random-User-Test">Tests.Random-User-Test</stat>
</suite>
</statistics>
<errors>
</errors>
</robot>
