<?xml version="1.0" encoding="UTF-8"?>
<robot generator="Robot 7.0 (Python 3.12.2 on linux)" generated="2024-03-20T19:10:58.375746" rpa="false" schemaversion="5">
<suite id="s1" name="Tests" source="/home/runner/work/DesafioQA---Itau---Rogerio-Jordao/DesafioQA---Itau---Rogerio-Jordao/DesafioQA - Itau - Rogerio Jordao/tests">
<suite id="s1-s1" name="Random-User-Test" source="/home/runner/work/DesafioQA---Itau---Rogerio-Jordao/DesafioQA---Itau---Rogerio-Jordao/DesafioQA - Itau - Rogerio Jordao/tests/random-user-test.robot">
<test id="s1-s1-t1" name="Conectar" line="24">
<kw name="Conectar API">
<kw name="Create Session" owner="RequestsLibrary">
<msg time="2024-03-20T19:10:58.719260" level="INFO">Creating Session using : alias=consultarAPI, url=https://randomuser.me/, headers={},                     cookies={}, auth=None, timeout=None, proxies=None, verify=False,                     debug=0 </msg>
<arg>consultarAPI</arg>
<arg>${URL}</arg>
<doc>Create Session: create a HTTP session to a server</doc>
<status status="PASS" start="2024-03-20T19:10:58.719056" elapsed="0.000387"/>
</kw>
<status status="PASS" start="2024-03-20T19:10:58.718133" elapsed="0.001688"/>
</kw>
<status status="PASS" start="2024-03-20T19:10:58.717576" elapsed="0.002446"/>
</test>
<test id="s1-s1-t2" name="Validar retorno 200 e JSON Válido" line="27">
<kw name="Teste de Requisicao Basica">
<kw name="GET On Session" owner="RequestsLibrary">
<msg time="2024-03-20T19:10:59.036922" level="INFO">GET Request : url=https://randomuser.me/api 
 path_url=/api 
 headers={'User-Agent': 'python-requests/2.31.0', 'Accept-Encoding': 'gzip, deflate', 'Accept': '*/*', 'Connection': 'keep-alive'} 
 body=None 
 </msg>
<msg time="2024-03-20T19:10:59.037051" level="INFO">GET Response : url=https://randomuser.me/api 
 status=200, reason=OK 
 headers={'Date': 'Wed, 20 Mar 2024 19:10:59 GMT', 'Content-Type': 'application/json; charset=utf-8', 'Transfer-Encoding': 'chunked', 'Connection': 'keep-alive', 'X-Powered-By': 'Express', 'Access-Control-Allow-Origin': '*', 'Cache-Control': 'no-cache', 'ETag': 'W/"4a6-Hd/ZOx5gOslbKECrTjn1cIkU5BM"', 'Vary': 'Accept-Encoding', 'Content-Encoding': 'gzip', 'CF-Cache-Status': 'DYNAMIC', 'Report-To': '{"endpoints":[{"url":"https:\\/\\/a.nel.cloudflare.com\\/report\\/v4?s=fr3SkrPCAqzJxe0KZDzxUxYY%2BCldycI1m0YxqCCfewzdtji%2BovOsWw7p3WPm7vjQP4GKLQMkvBKH8S7TYsVTi4J4ZQtyrvJ8fyHJG5b7hFFUnJydicOMQOfQdMy8%2Bbty"}],"group":"cf-nel","max_age":604800}', 'NEL': '{"success_fraction":0,"report_to":"cf-nel","max_age":604800}', 'Server': 'cloudflare', 'CF-RAY': '86780162ccda07b3-IAD', 'alt-svc': 'h3=":443"; ma=86400'} 
 body={"results":[{"gender":"female","name":{"title":"Mrs","first":"Vicenta","last":"Núñez"},"location":{"street":{"number":4001,"name":"Calle de La Almudena"},"city":"San Sebastián de Los Reyes","state":"Andalucía","country":"Spain","postcode":56830,"coordinates":{"latitude":"-30.8299","longitude":"155.5592"},"timezone":{"offset":"-1:00","description":"Azores, Cape Verde Islands"}},"email":"vicenta.nunez@example.com","login":{"uuid":"fa8667b0-859d-4bd5-8e3d-b2ba12911c12","username":"smallostrich247","password":"chips","salt":"tK2UZvb5","md5":"cf2cc0b11168a89bc1163621a39f7f77","sha1":"24cbdb15bad70cbb33c43ee0146a1ff5e801f4a7","sha256":"4693a2828fa0b1c7512c9a963f293fc2d1592ca11b00bca0e8a39c92b447db1a"},"dob":{"date":"1987-01-25T05:28:53.479Z","age":37},"registered":{"date":"2016-01-09T05:33:04.785Z","age":8},"phone":"916-007-011","cell":"680-426-132","id":{"name":"DNI","value":"01961352-M"},"picture":{"large":"https://randomuser.me/api/portraits/women/11.jpg","medium":"https://randomuser.me/api/portraits/med/women/11.jpg","thumbnail":"https://randomuser.me/api/portraits/thumb/women/11.jpg"},"nat":"ES"}],"info":{"seed":"85fd4279a1bf1f8c","results":1,"page":1,"version":"1.4"}} 
 </msg>
<msg time="2024-03-20T19:10:59.037309" level="INFO">/opt/hostedtoolcache/Python/3.12.2/x64/lib/python3.12/site-packages/urllib3/connectionpool.py:1103: InsecureRequestWarning: Unverified HTTPS request is being made to host 'randomuser.me'. Adding certificate verification is strongly advised. See: https://urllib3.readthedocs.io/en/latest/advanced-usage.html#tls-warnings
  warnings.warn(</msg>
<msg time="2024-03-20T19:10:59.037443" level="INFO">${response} = &lt;Response [200]&gt;</msg>
<var>${response}</var>
<arg>consultarAPI</arg>
<arg>/api</arg>
<doc>Sends a GET request on a previously created HTTP Session.</doc>
<status status="PASS" start="2024-03-20T19:10:58.722693" elapsed="0.314801"/>
</kw>
<kw name="Should Be Equal As Numbers" owner="BuiltIn">
<msg time="2024-03-20T19:10:59.038314" level="INFO">Argument types are:
&lt;class 'int'&gt;
&lt;class 'str'&gt;</msg>
<arg>${response.status_code}</arg>
<arg>200</arg>
<doc>Fails if objects are unequal after converting them to real numbers.</doc>
<status status="PASS" start="2024-03-20T19:10:59.037907" elapsed="0.000474"/>
</kw>
<kw name="Log" owner="BuiltIn">
<msg time="2024-03-20T19:10:59.039075" level="INFO">200</msg>
<arg>${response.status_code}</arg>
<doc>Logs the given message with the given level.</doc>
<status status="PASS" start="2024-03-20T19:10:59.038689" elapsed="0.000429"/>
</kw>
<kw name="Set Variable" owner="BuiltIn">
<msg time="2024-03-20T19:10:59.039870" level="INFO">${json_data} = {'results': [{'gender': 'female', 'name': {'title': 'Mrs', 'first': 'Vicenta', 'last': 'Núñez'}, 'location': {'street': {'number': 4001, 'name': 'Calle de La Almudena'}, 'city': 'San Sebastián de Los ...</msg>
<var>${json_data}</var>
<arg>${response.json()}</arg>
<doc>Returns the given values which can then be assigned to a variables.</doc>
<status status="PASS" start="2024-03-20T19:10:59.039419" elapsed="0.000480"/>
</kw>
<kw name="Dictionary Should Contain Key" owner="Collections">
<msg time="2024-03-20T19:10:59.040376" level="INFO">False</msg>
<arg>${json_data}</arg>
<arg>results</arg>
<doc>Fails if ``key`` is not found from ``dictionary``.</doc>
<status status="PASS" start="2024-03-20T19:10:59.040210" elapsed="0.000204"/>
</kw>
<status status="PASS" start="2024-03-20T19:10:58.722453" elapsed="0.318211"/>
</kw>
<doc>Testa se a API responde corretamente e retorna um objeto JSON válido.</doc>
<tag>testeRequisicaoBasica</tag>
<status status="PASS" start="2024-03-20T19:10:58.722007" elapsed="0.318830"/>
</test>
<test id="s1-s1-t3" name="Validar estrutura de resposta" line="33">
<kw name="Teste de Estrutura de Resposta">
<kw name="GET On Session" owner="RequestsLibrary">
<msg time="2024-03-20T19:10:59.140811" level="INFO">GET Request : url=https://randomuser.me/api 
 path_url=/api 
 headers={'User-Agent': 'python-requests/2.31.0', 'Accept-Encoding': 'gzip, deflate', 'Accept': '*/*', 'Connection': 'keep-alive'} 
 body=None 
 </msg>
<msg time="2024-03-20T19:10:59.140878" level="INFO">GET Response : url=https://randomuser.me/api 
 status=200, reason=OK 
 headers={'Date': 'Wed, 20 Mar 2024 19:10:59 GMT', 'Content-Type': 'application/json; charset=utf-8', 'Transfer-Encoding': 'chunked', 'Connection': 'keep-alive', 'X-Powered-By': 'Express', 'Access-Control-Allow-Origin': '*', 'Cache-Control': 'no-cache', 'ETag': 'W/"478-4nvRxgIylmjFB2UtechqHBwmktM"', 'Vary': 'Accept-Encoding', 'Content-Encoding': 'gzip', 'CF-Cache-Status': 'DYNAMIC', 'Report-To': '{"endpoints":[{"url":"https:\\/\\/a.nel.cloudflare.com\\/report\\/v4?s=3JqIpKWF6AZMa40fg6aKiU80oeAbAsfdqRZga0G0rFai9b1Scf9qhjmEhpRZcruL9coZ5Qc6pm619X5jsLsptiQKYVfKm6n36fiabUT3Eq7o3ci4pPS0gbvkV4pHtV1x"}],"group":"cf-nel","max_age":604800}', 'NEL': '{"success_fraction":0,"report_to":"cf-nel","max_age":604800}', 'Server': 'cloudflare', 'CF-RAY': '867801630d6907b3-IAD', 'alt-svc': 'h3=":443"; ma=86400'} 
 body={"results":[{"gender":"male","name":{"title":"Mr","first":"Jakov","last":"Nemanjić"},"location":{"street":{"number":1704,"name":"Radoševačka"},"city":"Čajetina","state":"Kosovo-Pomoravlje","country":"Serbia","postcode":56695,"coordinates":{"latitude":"62.8029","longitude":"-139.3341"},"timezone":{"offset":"-10:00","description":"Hawaii"}},"email":"jakov.nemanjic@example.com","login":{"uuid":"5712b338-e344-4a9e-8ecd-69a1303d5fd5","username":"silverswan448","password":"twinkle","salt":"4oqqQJ7H","md5":"cfed3b71bcae680879b6668322e8ebd1","sha1":"d2e2b2d69de0a0d47df7f133e5d6466174d8a9c0","sha256":"86f45425b7cd0c20aba8dfec27fffc658012f03701d3898b4467fea4ef9ed8c8"},"dob":{"date":"1978-04-28T04:38:54.369Z","age":45},"registered":{"date":"2015-03-05T01:14:51.451Z","age":9},"phone":"010-2839-836","cell":"060-8454-954","id":{"name":"SID","value":"535984526"},"picture":{"large":"https://randomuser.me/api/portraits/men/9.jpg","medium":"https://randomuser.me/api/portraits/med/men/9.jpg","thumbnail":"https://randomuser.me/api/portraits/thumb/men/9.jpg"},"nat":"RS"}],"info":{"seed":"4e373861b0e434d9","results":1,"page":1,"version":"1.4"}} 
 </msg>
<msg time="2024-03-20T19:10:59.140970" level="INFO">/opt/hostedtoolcache/Python/3.12.2/x64/lib/python3.12/site-packages/urllib3/connectionpool.py:1103: InsecureRequestWarning: Unverified HTTPS request is being made to host 'randomuser.me'. Adding certificate verification is strongly advised. See: https://urllib3.readthedocs.io/en/latest/advanced-usage.html#tls-warnings
  warnings.warn(</msg>
<msg time="2024-03-20T19:10:59.141061" level="INFO">${response} = &lt;Response [200]&gt;</msg>
<var>${response}</var>
<arg>consultarAPI</arg>
<arg>/api</arg>
<doc>Sends a GET request on a previously created HTTP Session.</doc>
<status status="PASS" start="2024-03-20T19:10:59.043335" elapsed="0.097760"/>
</kw>
<kw name="Set Variable" owner="BuiltIn">
<msg time="2024-03-20T19:10:59.141927" level="INFO">${json_data} = {'results': [{'gender': 'male', 'name': {'title': 'Mr', 'first': 'Jakov', 'last': 'Nemanjić'}, 'location': {'street': {'number': 1704, 'name': 'Radoševačka'}, 'city': 'Čajetina', 'state': 'Kosovo-Pomo...</msg>
<var>${json_data}</var>
<arg>${response.json()}</arg>
<doc>Returns the given values which can then be assigned to a variables.</doc>
<status status="PASS" start="2024-03-20T19:10:59.141468" elapsed="0.000489"/>
</kw>
<kw name="Log" owner="BuiltIn">
<msg time="2024-03-20T19:10:59.142418" level="INFO">{'results': [{'gender': 'male', 'name': {'title': 'Mr', 'first': 'Jakov', 'last': 'Nemanjić'}, 'location': {'street': {'number': 1704, 'name': 'Radoševačka'}, 'city': 'Čajetina', 'state': 'Kosovo-Pomoravlje', 'country': 'Serbia', 'postcode': 56695, 'coordinates': {'latitude': '62.8029', 'longitude': '-139.3341'}, 'timezone': {'offset': '-10:00', 'description': 'Hawaii'}}, 'email': 'jakov.nemanjic@example.com', 'login': {'uuid': '5712b338-e344-4a9e-8ecd-69a1303d5fd5', 'username': 'silverswan448', 'password': 'twinkle', 'salt': '4oqqQJ7H', 'md5': 'cfed3b71bcae680879b6668322e8ebd1', 'sha1': 'd2e2b2d69de0a0d47df7f133e5d6466174d8a9c0', 'sha256': '86f45425b7cd0c20aba8dfec27fffc658012f03701d3898b4467fea4ef9ed8c8'}, 'dob': {'date': '1978-04-28T04:38:54.369Z', 'age': 45}, 'registered': {'date': '2015-03-05T01:14:51.451Z', 'age': 9}, 'phone': '010-2839-836', 'cell': '060-8454-954', 'id': {'name': 'SID', 'value': '535984526'}, 'picture': {'large': 'https://randomuser.me/api/portraits/men/9.jpg', 'medium': 'https://randomuser.me/api/portraits/med/men/9.jpg', 'thumbnail': 'https://randomuser.me/api/portraits/thumb/men/9.jpg'}, 'nat': 'RS'}], 'info': {'seed': '4e373861b0e434d9', 'results': 1, 'page': 1, 'version': '1.4'}}</msg>
<arg>${json_data}</arg>
<doc>Logs the given message with the given level.</doc>
<status status="PASS" start="2024-03-20T19:10:59.142259" elapsed="0.000210"/>
</kw>
<kw name="Dictionary Should Contain Key" owner="Collections">
<msg time="2024-03-20T19:10:59.142950" level="INFO">False</msg>
<arg>${json_data}</arg>
<arg>results</arg>
<doc>Fails if ``key`` is not found from ``dictionary``.</doc>
<status status="PASS" start="2024-03-20T19:10:59.142762" elapsed="0.000225"/>
</kw>
<kw name="Should Not Be Empty" owner="BuiltIn">
<msg time="2024-03-20T19:10:59.143413" level="INFO">Length is 2.</msg>
<arg>${json_data}</arg>
<doc>Verifies that the given item is not empty.</doc>
<status status="PASS" start="2024-03-20T19:10:59.143275" elapsed="0.000178"/>
</kw>
<kw name="Create List" owner="BuiltIn">
<msg time="2024-03-20T19:10:59.143883" level="INFO">${expected_keys} = ['gender', 'name', 'location', 'email', 'login']</msg>
<var>${expected_keys}</var>
<arg>gender</arg>
<arg>name</arg>
<arg>location</arg>
<arg>email</arg>
<arg>login</arg>
<doc>Returns a list containing given items.</doc>
<status status="PASS" start="2024-03-20T19:10:59.143732" elapsed="0.000176"/>
</kw>
<for flavor="IN">
<iter>
<kw name="Dictionary Should Contain Key" owner="Collections">
<msg time="2024-03-20T19:10:59.144858" level="INFO">False</msg>
<arg>${json_data['results'][0]}</arg>
<arg>${key}</arg>
<doc>Fails if ``key`` is not found from ``dictionary``.</doc>
<status status="PASS" start="2024-03-20T19:10:59.144458" elapsed="0.000439"/>
</kw>
<kw name="Log" owner="BuiltIn">
<msg time="2024-03-20T19:10:59.145564" level="INFO">{'gender': 'male', 'name': {'title': 'Mr', 'first': 'Jakov', 'last': 'Nemanjić'}, 'location': {'street': {'number': 1704, 'name': 'Radoševačka'}, 'city': 'Čajetina', 'state': 'Kosovo-Pomoravlje', 'country': 'Serbia', 'postcode': 56695, 'coordinates': {'latitude': '62.8029', 'longitude': '-139.3341'}, 'timezone': {'offset': '-10:00', 'description': 'Hawaii'}}, 'email': 'jakov.nemanjic@example.com', 'login': {'uuid': '5712b338-e344-4a9e-8ecd-69a1303d5fd5', 'username': 'silverswan448', 'password': 'twinkle', 'salt': '4oqqQJ7H', 'md5': 'cfed3b71bcae680879b6668322e8ebd1', 'sha1': 'd2e2b2d69de0a0d47df7f133e5d6466174d8a9c0', 'sha256': '86f45425b7cd0c20aba8dfec27fffc658012f03701d3898b4467fea4ef9ed8c8'}, 'dob': {'date': '1978-04-28T04:38:54.369Z', 'age': 45}, 'registered': {'date': '2015-03-05T01:14:51.451Z', 'age': 9}, 'phone': '010-2839-836', 'cell': '060-8454-954', 'id': {'name': 'SID', 'value': '535984526'}, 'picture': {'large': 'https://randomuser.me/api/portraits/men/9.jpg', 'medium': 'https://randomuser.me/api/portraits/med/men/9.jpg', 'thumbnail': 'https://randomuser.me/api/portraits/thumb/men/9.jpg'}, 'nat': 'RS'}</msg>
<arg>${json_data['results'][0]}</arg>
<doc>Logs the given message with the given level.</doc>
<status status="PASS" start="2024-03-20T19:10:59.145191" elapsed="0.000425"/>
</kw>
<kw name="Log" owner="BuiltIn">
<msg time="2024-03-20T19:10:59.146044" level="INFO">gender</msg>
<arg>${key}</arg>
<doc>Logs the given message with the given level.</doc>
<status status="PASS" start="2024-03-20T19:10:59.145914" elapsed="0.000170"/>
</kw>
<var name="${key}">gender</var>
<status status="PASS" start="2024-03-20T19:10:59.144342" elapsed="0.001963"/>
</iter>
<iter>
<kw name="Dictionary Should Contain Key" owner="Collections">
<msg time="2024-03-20T19:10:59.147004" level="INFO">False</msg>
<arg>${json_data['results'][0]}</arg>
<arg>${key}</arg>
<doc>Fails if ``key`` is not found from ``dictionary``.</doc>
<status status="PASS" start="2024-03-20T19:10:59.146594" elapsed="0.000449"/>
</kw>
<kw name="Log" owner="BuiltIn">
<msg time="2024-03-20T19:10:59.147719" level="INFO">{'gender': 'male', 'name': {'title': 'Mr', 'first': 'Jakov', 'last': 'Nemanjić'}, 'location': {'street': {'number': 1704, 'name': 'Radoševačka'}, 'city': 'Čajetina', 'state': 'Kosovo-Pomoravlje', 'country': 'Serbia', 'postcode': 56695, 'coordinates': {'latitude': '62.8029', 'longitude': '-139.3341'}, 'timezone': {'offset': '-10:00', 'description': 'Hawaii'}}, 'email': 'jakov.nemanjic@example.com', 'login': {'uuid': '5712b338-e344-4a9e-8ecd-69a1303d5fd5', 'username': 'silverswan448', 'password': 'twinkle', 'salt': '4oqqQJ7H', 'md5': 'cfed3b71bcae680879b6668322e8ebd1', 'sha1': 'd2e2b2d69de0a0d47df7f133e5d6466174d8a9c0', 'sha256': '86f45425b7cd0c20aba8dfec27fffc658012f03701d3898b4467fea4ef9ed8c8'}, 'dob': {'date': '1978-04-28T04:38:54.369Z', 'age': 45}, 'registered': {'date': '2015-03-05T01:14:51.451Z', 'age': 9}, 'phone': '010-2839-836', 'cell': '060-8454-954', 'id': {'name': 'SID', 'value': '535984526'}, 'picture': {'large': 'https://randomuser.me/api/portraits/men/9.jpg', 'medium': 'https://randomuser.me/api/portraits/med/men/9.jpg', 'thumbnail': 'https://randomuser.me/api/portraits/thumb/men/9.jpg'}, 'nat': 'RS'}</msg>
<arg>${json_data['results'][0]}</arg>
<doc>Logs the given message with the given level.</doc>
<status status="PASS" start="2024-03-20T19:10:59.147357" elapsed="0.000412"/>
</kw>
<kw name="Log" owner="BuiltIn">
<msg time="2024-03-20T19:10:59.148190" level="INFO">name</msg>
<arg>${key}</arg>
<doc>Logs the given message with the given level.</doc>
<status status="PASS" start="2024-03-20T19:10:59.148061" elapsed="0.000167"/>
</kw>
<var name="${key}">name</var>
<status status="PASS" start="2024-03-20T19:10:59.146488" elapsed="0.001956"/>
</iter>
<iter>
<kw name="Dictionary Should Contain Key" owner="Collections">
<msg time="2024-03-20T19:10:59.149102" level="INFO">False</msg>
<arg>${json_data['results'][0]}</arg>
<arg>${key}</arg>
<doc>Fails if ``key`` is not found from ``dictionary``.</doc>
<status status="PASS" start="2024-03-20T19:10:59.148729" elapsed="0.000515"/>
</kw>
<kw name="Log" owner="BuiltIn">
<msg time="2024-03-20T19:10:59.149901" level="INFO">{'gender': 'male', 'name': {'title': 'Mr', 'first': 'Jakov', 'last': 'Nemanjić'}, 'location': {'street': {'number': 1704, 'name': 'Radoševačka'}, 'city': 'Čajetina', 'state': 'Kosovo-Pomoravlje', 'country': 'Serbia', 'postcode': 56695, 'coordinates': {'latitude': '62.8029', 'longitude': '-139.3341'}, 'timezone': {'offset': '-10:00', 'description': 'Hawaii'}}, 'email': 'jakov.nemanjic@example.com', 'login': {'uuid': '5712b338-e344-4a9e-8ecd-69a1303d5fd5', 'username': 'silverswan448', 'password': 'twinkle', 'salt': '4oqqQJ7H', 'md5': 'cfed3b71bcae680879b6668322e8ebd1', 'sha1': 'd2e2b2d69de0a0d47df7f133e5d6466174d8a9c0', 'sha256': '86f45425b7cd0c20aba8dfec27fffc658012f03701d3898b4467fea4ef9ed8c8'}, 'dob': {'date': '1978-04-28T04:38:54.369Z', 'age': 45}, 'registered': {'date': '2015-03-05T01:14:51.451Z', 'age': 9}, 'phone': '010-2839-836', 'cell': '060-8454-954', 'id': {'name': 'SID', 'value': '535984526'}, 'picture': {'large': 'https://randomuser.me/api/portraits/men/9.jpg', 'medium': 'https://randomuser.me/api/portraits/med/men/9.jpg', 'thumbnail': 'https://randomuser.me/api/portraits/thumb/men/9.jpg'}, 'nat': 'RS'}</msg>
<arg>${json_data['results'][0]}</arg>
<doc>Logs the given message with the given level.</doc>
<status status="PASS" start="2024-03-20T19:10:59.149537" elapsed="0.000414"/>
</kw>
<kw name="Log" owner="BuiltIn">
<msg time="2024-03-20T19:10:59.150373" level="INFO">location</msg>
<arg>${key}</arg>
<doc>Logs the given message with the given level.</doc>
<status status="PASS" start="2024-03-20T19:10:59.150244" elapsed="0.000168"/>
</kw>
<var name="${key}">location</var>
<status status="PASS" start="2024-03-20T19:10:59.148620" elapsed="0.002007"/>
</iter>
<iter>
<kw name="Dictionary Should Contain Key" owner="Collections">
<msg time="2024-03-20T19:10:59.151313" level="INFO">False</msg>
<arg>${json_data['results'][0]}</arg>
<arg>${key}</arg>
<doc>Fails if ``key`` is not found from ``dictionary``.</doc>
<status status="PASS" start="2024-03-20T19:10:59.150940" elapsed="0.000417"/>
</kw>
<kw name="Log" owner="BuiltIn">
<msg time="2024-03-20T19:10:59.152011" level="INFO">{'gender': 'male', 'name': {'title': 'Mr', 'first': 'Jakov', 'last': 'Nemanjić'}, 'location': {'street': {'number': 1704, 'name': 'Radoševačka'}, 'city': 'Čajetina', 'state': 'Kosovo-Pomoravlje', 'country': 'Serbia', 'postcode': 56695, 'coordinates': {'latitude': '62.8029', 'longitude': '-139.3341'}, 'timezone': {'offset': '-10:00', 'description': 'Hawaii'}}, 'email': 'jakov.nemanjic@example.com', 'login': {'uuid': '5712b338-e344-4a9e-8ecd-69a1303d5fd5', 'username': 'silverswan448', 'password': 'twinkle', 'salt': '4oqqQJ7H', 'md5': 'cfed3b71bcae680879b6668322e8ebd1', 'sha1': 'd2e2b2d69de0a0d47df7f133e5d6466174d8a9c0', 'sha256': '86f45425b7cd0c20aba8dfec27fffc658012f03701d3898b4467fea4ef9ed8c8'}, 'dob': {'date': '1978-04-28T04:38:54.369Z', 'age': 45}, 'registered': {'date': '2015-03-05T01:14:51.451Z', 'age': 9}, 'phone': '010-2839-836', 'cell': '060-8454-954', 'id': {'name': 'SID', 'value': '535984526'}, 'picture': {'large': 'https://randomuser.me/api/portraits/men/9.jpg', 'medium': 'https://randomuser.me/api/portraits/med/men/9.jpg', 'thumbnail': 'https://randomuser.me/api/portraits/thumb/men/9.jpg'}, 'nat': 'RS'}</msg>
<arg>${json_data['results'][0]}</arg>
<doc>Logs the given message with the given level.</doc>
<status status="PASS" start="2024-03-20T19:10:59.151645" elapsed="0.000417"/>
</kw>
<kw name="Log" owner="BuiltIn">
<msg time="2024-03-20T19:10:59.152480" level="INFO">email</msg>
<arg>${key}</arg>
<doc>Logs the given message with the given level.</doc>
<status status="PASS" start="2024-03-20T19:10:59.152354" elapsed="0.000165"/>
</kw>
<var name="${key}">email</var>
<status status="PASS" start="2024-03-20T19:10:59.150825" elapsed="0.001906"/>
</iter>
<iter>
<kw name="Dictionary Should Contain Key" owner="Collections">
<msg time="2024-03-20T19:10:59.153386" level="INFO">False</msg>
<arg>${json_data['results'][0]}</arg>
<arg>${key}</arg>
<doc>Fails if ``key`` is not found from ``dictionary``.</doc>
<status status="PASS" start="2024-03-20T19:10:59.153006" elapsed="0.000418"/>
</kw>
<kw name="Log" owner="BuiltIn">
<msg time="2024-03-20T19:10:59.154090" level="INFO">{'gender': 'male', 'name': {'title': 'Mr', 'first': 'Jakov', 'last': 'Nemanjić'}, 'location': {'street': {'number': 1704, 'name': 'Radoševačka'}, 'city': 'Čajetina', 'state': 'Kosovo-Pomoravlje', 'country': 'Serbia', 'postcode': 56695, 'coordinates': {'latitude': '62.8029', 'longitude': '-139.3341'}, 'timezone': {'offset': '-10:00', 'description': 'Hawaii'}}, 'email': 'jakov.nemanjic@example.com', 'login': {'uuid': '5712b338-e344-4a9e-8ecd-69a1303d5fd5', 'username': 'silverswan448', 'password': 'twinkle', 'salt': '4oqqQJ7H', 'md5': 'cfed3b71bcae680879b6668322e8ebd1', 'sha1': 'd2e2b2d69de0a0d47df7f133e5d6466174d8a9c0', 'sha256': '86f45425b7cd0c20aba8dfec27fffc658012f03701d3898b4467fea4ef9ed8c8'}, 'dob': {'date': '1978-04-28T04:38:54.369Z', 'age': 45}, 'registered': {'date': '2015-03-05T01:14:51.451Z', 'age': 9}, 'phone': '010-2839-836', 'cell': '060-8454-954', 'id': {'name': 'SID', 'value': '535984526'}, 'picture': {'large': 'https://randomuser.me/api/portraits/men/9.jpg', 'medium': 'https://randomuser.me/api/portraits/med/men/9.jpg', 'thumbnail': 'https://randomuser.me/api/portraits/thumb/men/9.jpg'}, 'nat': 'RS'}</msg>
<arg>${json_data['results'][0]}</arg>
<doc>Logs the given message with the given level.</doc>
<status status="PASS" start="2024-03-20T19:10:59.153722" elapsed="0.000418"/>
</kw>
<kw name="Log" owner="BuiltIn">
<msg time="2024-03-20T19:10:59.154559" level="INFO">login</msg>
<arg>${key}</arg>
<doc>Logs the given message with the given level.</doc>
<status status="PASS" start="2024-03-20T19:10:59.154432" elapsed="0.000164"/>
</kw>
<var name="${key}">login</var>
<status status="PASS" start="2024-03-20T19:10:59.152903" elapsed="0.001931"/>
</iter>
<var>${key}</var>
<value>@{expected_keys}</value>
<status status="PASS" start="2024-03-20T19:10:59.144159" elapsed="0.010825"/>
</for>
<kw name="Create List" owner="BuiltIn">
<msg time="2024-03-20T19:10:59.155320" level="INFO">${expected_keysTwo} = ['username', 'password']</msg>
<var>${expected_keysTwo}</var>
<arg>username</arg>
<arg>password</arg>
<doc>Returns a list containing given items.</doc>
<status status="PASS" start="2024-03-20T19:10:59.155180" elapsed="0.000164"/>
</kw>
<for flavor="IN">
<iter>
<kw name="Dictionary Should Contain Key" owner="Collections">
<msg time="2024-03-20T19:10:59.156218" level="INFO">False</msg>
<arg>${json_data['results'][0]['login']}</arg>
<arg>${keyTwo}</arg>
<doc>Fails if ``key`` is not found from ``dictionary``.</doc>
<status status="PASS" start="2024-03-20T19:10:59.155838" elapsed="0.000418"/>
</kw>
<kw name="Dictionary Should Contain Key" owner="Collections">
<msg time="2024-03-20T19:10:59.156915" level="INFO">False</msg>
<arg>${json_data['results'][0]['login']}</arg>
<arg>${keyTwo}</arg>
<doc>Fails if ``key`` is not found from ``dictionary``.</doc>
<status status="PASS" start="2024-03-20T19:10:59.156544" elapsed="0.000409"/>
</kw>
<kw name="Log" owner="BuiltIn">
<msg time="2024-03-20T19:10:59.157364" level="INFO">username</msg>
<arg>${keyTwo}</arg>
<doc>Logs the given message with the given level.</doc>
<status status="PASS" start="2024-03-20T19:10:59.157238" elapsed="0.000164"/>
</kw>
<var name="${keyTwo}">username</var>
<status status="PASS" start="2024-03-20T19:10:59.155736" elapsed="0.001884"/>
</iter>
<iter>
<kw name="Dictionary Should Contain Key" owner="Collections">
<msg time="2024-03-20T19:10:59.158273" level="INFO">False</msg>
<arg>${json_data['results'][0]['login']}</arg>
<arg>${keyTwo}</arg>
<doc>Fails if ``key`` is not found from ``dictionary``.</doc>
<status status="PASS" start="2024-03-20T19:10:59.157894" elapsed="0.000416"/>
</kw>
<kw name="Dictionary Should Contain Key" owner="Collections">
<msg time="2024-03-20T19:10:59.158997" level="INFO">False</msg>
<arg>${json_data['results'][0]['login']}</arg>
<arg>${keyTwo}</arg>
<doc>Fails if ``key`` is not found from ``dictionary``.</doc>
<status status="PASS" start="2024-03-20T19:10:59.158594" elapsed="0.000440"/>
</kw>
<kw name="Log" owner="BuiltIn">
<msg time="2024-03-20T19:10:59.159451" level="INFO">password</msg>
<arg>${keyTwo}</arg>
<doc>Logs the given message with the given level.</doc>
<status status="PASS" start="2024-03-20T19:10:59.159324" elapsed="0.000165"/>
</kw>
<var name="${keyTwo}">password</var>
<status status="PASS" start="2024-03-20T19:10:59.157792" elapsed="0.001913"/>
</iter>
<var>${keyTwo}</var>
<value>@{expected_keysTwo}</value>
<status status="PASS" start="2024-03-20T19:10:59.155583" elapsed="0.004241"/>
</for>
<status status="PASS" start="2024-03-20T19:10:59.043120" elapsed="0.116840"/>
</kw>
<doc>Testa a estrutura da resposta da API.</doc>
<tag>testeEstruturaResposta</tag>
<status status="PASS" start="2024-03-20T19:10:59.042631" elapsed="0.117481"/>
</test>
<test id="s1-s1-t4" name="Validar tipos de dados" line="39">
<kw name="Teste de Tipos de Dados">
<kw name="GET On Session" owner="RequestsLibrary">
<msg time="2024-03-20T19:10:59.243243" level="INFO">GET Request : url=https://randomuser.me/api 
 path_url=/api 
 headers={'User-Agent': 'python-requests/2.31.0', 'Accept-Encoding': 'gzip, deflate', 'Accept': '*/*', 'Connection': 'keep-alive'} 
 body=None 
 </msg>
<msg time="2024-03-20T19:10:59.243326" level="INFO">GET Response : url=https://randomuser.me/api 
 status=200, reason=OK 
 headers={'Date': 'Wed, 20 Mar 2024 19:10:59 GMT', 'Content-Type': 'application/json; charset=utf-8', 'Transfer-Encoding': 'chunked', 'Connection': 'keep-alive', 'X-Powered-By': 'Express', 'Access-Control-Allow-Origin': '*', 'Cache-Control': 'no-cache', 'ETag': 'W/"488-rXbdP+OrNut2n/4Rnv7ZjneWz4M"', 'Vary': 'Accept-Encoding', 'Content-Encoding': 'gzip', 'CF-Cache-Status': 'DYNAMIC', 'Report-To': '{"endpoints":[{"url":"https:\\/\\/a.nel.cloudflare.com\\/report\\/v4?s=g5ps0ighYiMLdDrBuVtRrWiJW0L7SxF3Yb%2Buai0%2FfqkREHWaibomBePCkrYH7T0q2AF3xhWxafa0xc0e9T31GeAuM8a%2BaDDQJPpi4bTPP6nHPTYeu3FBeEylBlMj1EpV"}],"group":"cf-nel","max_age":604800}', 'NEL': '{"success_fraction":0,"report_to":"cf-nel","max_age":604800}', 'Server': 'cloudflare', 'CF-RAY': '86780163ce6207b3-IAD', 'alt-svc': 'h3=":443"; ma=86400'} 
 body={"results":[{"gender":"male","name":{"title":"Mr","first":"Samu","last":"Nevala"},"location":{"street":{"number":9445,"name":"Korkeavuorenkatu"},"city":"Järvenpää","state":"Satakunta","country":"Finland","postcode":37630,"coordinates":{"latitude":"-24.5436","longitude":"-35.7063"},"timezone":{"offset":"+9:30","description":"Adelaide, Darwin"}},"email":"samu.nevala@example.com","login":{"uuid":"d9ef53a4-1dde-40bd-ba66-c5622af27dc8","username":"happygorilla781","password":"national","salt":"gY14bT10","md5":"91e2a25c9cd70baa099022e63b049f5d","sha1":"6aa3f97b48dc20ea91561b5ee5438490de310fd5","sha256":"5fcaf89c8eeeee8301d712c2b11518e450f09a50079db39f8ce278d1bfb4a52d"},"dob":{"date":"1963-04-20T21:50:32.627Z","age":60},"registered":{"date":"2009-12-09T15:26:42.634Z","age":14},"phone":"03-691-488","cell":"045-849-12-05","id":{"name":"HETU","value":"NaNNA255undefined"},"picture":{"large":"https://randomuser.me/api/portraits/men/15.jpg","medium":"https://randomuser.me/api/portraits/med/men/15.jpg","thumbnail":"https://randomuser.me/api/portraits/thumb/men/15.jpg"},"nat":"FI"}],"info":{"seed":"7eb195310fecea77","results":1,"page":1,"version":"1.4"}} 
 </msg>
<msg time="2024-03-20T19:10:59.243396" level="INFO">/opt/hostedtoolcache/Python/3.12.2/x64/lib/python3.12/site-packages/urllib3/connectionpool.py:1103: InsecureRequestWarning: Unverified HTTPS request is being made to host 'randomuser.me'. Adding certificate verification is strongly advised. See: https://urllib3.readthedocs.io/en/latest/advanced-usage.html#tls-warnings
  warnings.warn(</msg>
<msg time="2024-03-20T19:10:59.243504" level="INFO">${response} = &lt;Response [200]&gt;</msg>
<var>${response}</var>
<arg>consultarAPI</arg>
<arg>/api</arg>
<doc>Sends a GET request on a previously created HTTP Session.</doc>
<status status="PASS" start="2024-03-20T19:10:59.162500" elapsed="0.081046"/>
</kw>
<kw name="Set Variable" owner="BuiltIn">
<msg time="2024-03-20T19:10:59.244456" level="INFO">${json_data} = {'results': [{'gender': 'male', 'name': {'title': 'Mr', 'first': 'Samu', 'last': 'Nevala'}, 'location': {'street': {'number': 9445, 'name': 'Korkeavuorenkatu'}, 'city': 'Järvenpää', 'state': 'Satakunt...</msg>
<var>${json_data}</var>
<arg>${response.json()}</arg>
<doc>Returns the given values which can then be assigned to a variables.</doc>
<status status="PASS" start="2024-03-20T19:10:59.244014" elapsed="0.000471"/>
</kw>
<kw name="Log" owner="BuiltIn">
<msg time="2024-03-20T19:10:59.244950" level="INFO">{'results': [{'gender': 'male', 'name': {'title': 'Mr', 'first': 'Samu', 'last': 'Nevala'}, 'location': {'street': {'number': 9445, 'name': 'Korkeavuorenkatu'}, 'city': 'Järvenpää', 'state': 'Satakunta', 'country': 'Finland', 'postcode': 37630, 'coordinates': {'latitude': '-24.5436', 'longitude': '-35.7063'}, 'timezone': {'offset': '+9:30', 'description': 'Adelaide, Darwin'}}, 'email': 'samu.nevala@example.com', 'login': {'uuid': 'd9ef53a4-1dde-40bd-ba66-c5622af27dc8', 'username': 'happygorilla781', 'password': 'national', 'salt': 'gY14bT10', 'md5': '91e2a25c9cd70baa099022e63b049f5d', 'sha1': '6aa3f97b48dc20ea91561b5ee5438490de310fd5', 'sha256': '5fcaf89c8eeeee8301d712c2b11518e450f09a50079db39f8ce278d1bfb4a52d'}, 'dob': {'date': '1963-04-20T21:50:32.627Z', 'age': 60}, 'registered': {'date': '2009-12-09T15:26:42.634Z', 'age': 14}, 'phone': '03-691-488', 'cell': '045-849-12-05', 'id': {'name': 'HETU', 'value': 'NaNNA255undefined'}, 'picture': {'large': 'https://randomuser.me/api/portraits/men/15.jpg', 'medium': 'https://randomuser.me/api/portraits/med/men/15.jpg', 'thumbnail': 'https://randomuser.me/api/portraits/thumb/men/15.jpg'}, 'nat': 'FI'}], 'info': {'seed': '7eb195310fecea77', 'results': 1, 'page': 1, 'version': '1.4'}}</msg>
<arg>${json_data}</arg>
<doc>Logs the given message with the given level.</doc>
<status status="PASS" start="2024-03-20T19:10:59.244787" elapsed="0.000212"/>
</kw>
<kw name="Should Be String" owner="String">
<arg>${json_data['results'][0]['gender']}</arg>
<doc>Fails if the given ``item`` is not a string.</doc>
<status status="PASS" start="2024-03-20T19:10:59.245314" elapsed="0.000360"/>
</kw>
<kw name="Should Match Regexp" owner="BuiltIn">
<arg>${json_data['results'][0]['email']}</arg>
<arg>^[a-zA-Z0-9._%+-]+@[a-zA-Z0-9.-]+\.[a-zA-Z]{2,}$</arg>
<doc>Fails if ``string`` does not match ``pattern`` as a regular expression.</doc>
<status status="PASS" start="2024-03-20T19:10:59.245859" elapsed="0.000610"/>
</kw>
<kw name="Should Match Regexp" owner="BuiltIn">
<arg>${json_data['results'][0]['dob']['date']}</arg>
<arg>\\d{4}-\\d{2}-\\d{2}T\\d{2}:\\d{2}:\\d{2}\\.\\d{3}Z</arg>
<doc>Fails if ``string`` does not match ``pattern`` as a regular expression.</doc>
<status status="PASS" start="2024-03-20T19:10:59.246661" elapsed="0.000512"/>
</kw>
<kw name="Should Match Regexp" owner="BuiltIn">
<arg>${json_data['results'][0]['registered']['date']}</arg>
<arg>\\d{4}-\\d{2}-\\d{2}T\\d{2}:\\d{2}:\\d{2}\\.\\d{3}Z</arg>
<doc>Fails if ``string`` does not match ``pattern`` as a regular expression.</doc>
<status status="PASS" start="2024-03-20T19:10:59.247360" elapsed="0.000366"/>
</kw>
<kw name="Should Match Regexp" owner="BuiltIn">
<arg>${json_data['results'][0]['picture']['large']}</arg>
<arg>^https?://.*\.(?:png|jpe?g|gif|bmp)$</arg>
<doc>Fails if ``string`` does not match ``pattern`` as a regular expression.</doc>
<status status="PASS" start="2024-03-20T19:10:59.247906" elapsed="0.000455"/>
</kw>
<kw name="Should Match Regexp" owner="BuiltIn">
<arg>${json_data['results'][0]['picture']['medium']}</arg>
<arg>^https?://.*\.(?:png|jpe?g|gif|bmp)$</arg>
<doc>Fails if ``string`` does not match ``pattern`` as a regular expression.</doc>
<status status="PASS" start="2024-03-20T19:10:59.248544" elapsed="0.000357"/>
</kw>
<kw name="Should Match Regexp" owner="BuiltIn">
<arg>${json_data['results'][0]['picture']['thumbnail']}</arg>
<arg>^https?://.*\.(?:png|jpe?g|gif|bmp)$</arg>
<doc>Fails if ``string`` does not match ``pattern`` as a regular expression.</doc>
<status status="PASS" start="2024-03-20T19:10:59.249079" elapsed="0.000345"/>
</kw>
<kw name="Log" owner="BuiltIn">
<msg time="2024-03-20T19:10:59.249931" level="INFO">{'large': 'https://randomuser.me/api/portraits/men/15.jpg', 'medium': 'https://randomuser.me/api/portraits/med/men/15.jpg', 'thumbnail': 'https://randomuser.me/api/portraits/thumb/men/15.jpg'}</msg>
<arg>${json_data['results'][0]['picture']}</arg>
<doc>Logs the given message with the given level.</doc>
<status status="PASS" start="2024-03-20T19:10:59.249607" elapsed="0.000366"/>
</kw>
<status status="PASS" start="2024-03-20T19:10:59.162283" elapsed="0.087940"/>
</kw>
<kw name="Teste de Tipos de Dados - Postcode">
<kw name="GET On Session" owner="RequestsLibrary">
<msg time="2024-03-20T19:10:59.334724" level="INFO">GET Request : url=https://randomuser.me/api 
 path_url=/api 
 headers={'User-Agent': 'python-requests/2.31.0', 'Accept-Encoding': 'gzip, deflate', 'Accept': '*/*', 'Connection': 'keep-alive'} 
 body=None 
 </msg>
<msg time="2024-03-20T19:10:59.334836" level="INFO">GET Response : url=https://randomuser.me/api 
 status=200, reason=OK 
 headers={'Date': 'Wed, 20 Mar 2024 19:10:59 GMT', 'Content-Type': 'application/json; charset=utf-8', 'Transfer-Encoding': 'chunked', 'Connection': 'keep-alive', 'X-Powered-By': 'Express', 'Access-Control-Allow-Origin': '*', 'Cache-Control': 'no-cache', 'ETag': 'W/"492-OCOfidUuGXVU7fcSH1UFI/TeIDc"', 'Vary': 'Accept-Encoding', 'Content-Encoding': 'gzip', 'CF-Cache-Status': 'DYNAMIC', 'Report-To': '{"endpoints":[{"url":"https:\\/\\/a.nel.cloudflare.com\\/report\\/v4?s=NDNZp%2BlNBzb%2Fzw3IyTkJtDlXx57zcoN5FmqPH424ZnnuKnjAbti%2By0SNh8YcLK9ALziiVHr9IWrcjOALRwKkaj3DJTlh%2BW8Y0j6osdoIFpQCwT5%2BSwg7dLUGKx7fJZyL"}],"group":"cf-nel","max_age":604800}', 'NEL': '{"success_fraction":0,"report_to":"cf-nel","max_age":604800}', 'Server': 'cloudflare', 'CF-RAY': '867801645f1707b3-IAD', 'alt-svc': 'h3=":443"; ma=86400'} 
 body={"results":[{"gender":"female","name":{"title":"Mrs","first":"Zoe","last":"Hughes"},"location":{"street":{"number":4168,"name":"Manchester Street"},"city":"Auckland","state":"Wellington","country":"New Zealand","postcode":72828,"coordinates":{"latitude":"49.1491","longitude":"174.6672"},"timezone":{"offset":"+8:00","description":"Beijing, Perth, Singapore, Hong Kong"}},"email":"zoe.hughes@example.com","login":{"uuid":"f49d680e-b5ba-4fbe-a94f-56b37efa17a4","username":"whitegoose445","password":"cotton","salt":"vTM0T7kK","md5":"ca3f88d321563d65b84a0f2aebf15e8a","sha1":"f679f59bc98dfaf7e817abd1d1f1d2a12050d0ce","sha256":"80844b2444fb7799904650c8d26f3950d8b1f560eeae17969f5df46a4f92fe03"},"dob":{"date":"1984-04-20T04:14:58.659Z","age":39},"registered":{"date":"2007-01-02T12:54:17.016Z","age":17},"phone":"(896)-046-2759","cell":"(294)-213-0805","id":{"name":"","value":null},"picture":{"large":"https://randomuser.me/api/portraits/women/46.jpg","medium":"https://randomuser.me/api/portraits/med/women/46.jpg","thumbnail":"https://randomuser.me/api/portraits/thumb/women/46.jpg"},"nat":"NZ"}],"info":{"seed":"924fe4ebf9e5fd71","results":1,"page":1,"version":"1.4"}} 
 </msg>
<msg time="2024-03-20T19:10:59.334909" level="INFO">/opt/hostedtoolcache/Python/3.12.2/x64/lib/python3.12/site-packages/urllib3/connectionpool.py:1103: InsecureRequestWarning: Unverified HTTPS request is being made to host 'randomuser.me'. Adding certificate verification is strongly advised. See: https://urllib3.readthedocs.io/en/latest/advanced-usage.html#tls-warnings
  warnings.warn(</msg>
<msg time="2024-03-20T19:10:59.335017" level="INFO">${response} = &lt;Response [200]&gt;</msg>
<var>${response}</var>
<arg>consultarAPI</arg>
<arg>/api</arg>
<doc>Sends a GET request on a previously created HTTP Session.</doc>
<status status="PASS" start="2024-03-20T19:10:59.250640" elapsed="0.084419"/>
</kw>
<kw name="Set Variable" owner="BuiltIn">
<msg time="2024-03-20T19:10:59.335875" level="INFO">${json_data} = {'results': [{'gender': 'female', 'name': {'title': 'Mrs', 'first': 'Zoe', 'last': 'Hughes'}, 'location': {'street': {'number': 4168, 'name': 'Manchester Street'}, 'city': 'Auckland', 'state': 'Wellin...</msg>
<var>${json_data}</var>
<arg>${response.json()}</arg>
<doc>Returns the given values which can then be assigned to a variables.</doc>
<status status="PASS" start="2024-03-20T19:10:59.335435" elapsed="0.000468"/>
</kw>
<kw name="Log" owner="BuiltIn">
<msg time="2024-03-20T19:10:59.336351" level="INFO">{'results': [{'gender': 'female', 'name': {'title': 'Mrs', 'first': 'Zoe', 'last': 'Hughes'}, 'location': {'street': {'number': 4168, 'name': 'Manchester Street'}, 'city': 'Auckland', 'state': 'Wellington', 'country': 'New Zealand', 'postcode': 72828, 'coordinates': {'latitude': '49.1491', 'longitude': '174.6672'}, 'timezone': {'offset': '+8:00', 'description': 'Beijing, Perth, Singapore, Hong Kong'}}, 'email': 'zoe.hughes@example.com', 'login': {'uuid': 'f49d680e-b5ba-4fbe-a94f-56b37efa17a4', 'username': 'whitegoose445', 'password': 'cotton', 'salt': 'vTM0T7kK', 'md5': 'ca3f88d321563d65b84a0f2aebf15e8a', 'sha1': 'f679f59bc98dfaf7e817abd1d1f1d2a12050d0ce', 'sha256': '80844b2444fb7799904650c8d26f3950d8b1f560eeae17969f5df46a4f92fe03'}, 'dob': {'date': '1984-04-20T04:14:58.659Z', 'age': 39}, 'registered': {'date': '2007-01-02T12:54:17.016Z', 'age': 17}, 'phone': '(896)-046-2759', 'cell': '(294)-213-0805', 'id': {'name': '', 'value': None}, 'picture': {'large': 'https://randomuser.me/api/portraits/women/46.jpg', 'medium': 'https://randomuser.me/api/portraits/med/women/46.jpg', 'thumbnail': 'https://randomuser.me/api/portraits/thumb/women/46.jpg'}, 'nat': 'NZ'}], 'info': {'seed': '924fe4ebf9e5fd71', 'results': 1, 'page': 1, 'version': '1.4'}}</msg>
<arg>${json_data}</arg>
<doc>Logs the given message with the given level.</doc>
<status status="PASS" start="2024-03-20T19:10:59.336195" elapsed="0.000204"/>
</kw>
<kw name="Should Be Equal As Numbers" owner="BuiltIn">
<arg>${json_data['results'][0]['location']['postcode']}</arg>
<arg>${json_data['results'][0]['location']['postcode']}</arg>
<doc>Fails if objects are unequal after converting them to real numbers.</doc>
<status status="PASS" start="2024-03-20T19:10:59.336683" elapsed="0.000610"/>
</kw>
<kw name="Log" owner="BuiltIn">
<msg time="2024-03-20T19:10:59.337842" level="INFO">72828</msg>
<arg>${json_data['results'][0]['location']['postcode']}</arg>
<doc>Logs the given message with the given level.</doc>
<status status="PASS" start="2024-03-20T19:10:59.337507" elapsed="0.000376"/>
</kw>
<status status="PASS" start="2024-03-20T19:10:59.250426" elapsed="0.087710"/>
</kw>
<doc>Testa se os tipos de dados na resposta da API estão corretos.</doc>
<tag>testeTiposDados</tag>
<status status="PASS" start="2024-03-20T19:10:59.161852" elapsed="0.176446"/>
</test>
<test id="s1-s1-t5" name="Validar conteudo" line="46">
<kw name="Teste de Tipos de Conteudo">
<kw name="GET On Session" owner="RequestsLibrary">
<msg time="2024-03-20T19:10:59.437402" level="INFO">GET Request : url=https://randomuser.me/api 
 path_url=/api 
 headers={'User-Agent': 'python-requests/2.31.0', 'Accept-Encoding': 'gzip, deflate', 'Accept': '*/*', 'Connection': 'keep-alive'} 
 body=None 
 </msg>
<msg time="2024-03-20T19:10:59.437463" level="INFO">GET Response : url=https://randomuser.me/api 
 status=200, reason=OK 
 headers={'Date': 'Wed, 20 Mar 2024 19:10:59 GMT', 'Content-Type': 'application/json; charset=utf-8', 'Transfer-Encoding': 'chunked', 'Connection': 'keep-alive', 'X-Powered-By': 'Express', 'Access-Control-Allow-Origin': '*', 'Cache-Control': 'no-cache', 'ETag': 'W/"496-Mx3xo17dSbnS0mgi7J8mEfQMiVk"', 'Vary': 'Accept-Encoding', 'Content-Encoding': 'gzip', 'CF-Cache-Status': 'DYNAMIC', 'Report-To': '{"endpoints":[{"url":"https:\\/\\/a.nel.cloudflare.com\\/report\\/v4?s=bd6y0vBiMJ%2Bx7TYm1oJ3feUB9baH84vYteOigd5icxVdHsUIvQdlzsLrPbBIRJClfNPdnRzvhV0HtUvg6h%2FTxypEaSYrZ7yFxyFUbDXw82VXoUbUbx%2FkBC0cQ9RMgKzk"}],"group":"cf-nel","max_age":604800}', 'NEL': '{"success_fraction":0,"report_to":"cf-nel","max_age":604800}', 'Server': 'cloudflare', 'CF-RAY': '86780164e81f07b3-IAD', 'alt-svc': 'h3=":443"; ma=86400'} 
 body={"results":[{"gender":"female","name":{"title":"Mrs","first":"Sofia","last":"Christiansen"},"location":{"street":{"number":836,"name":"Fyrvej"},"city":"Ishoej","state":"Midtjylland","country":"Denmark","postcode":66140,"coordinates":{"latitude":"-42.1321","longitude":"17.5679"},"timezone":{"offset":"-6:00","description":"Central Time (US &amp; Canada), Mexico City"}},"email":"sofia.christiansen@example.com","login":{"uuid":"e2631355-9c3e-46e2-9097-6343456728f1","username":"heavygorilla322","password":"mooney","salt":"Wp7A6iud","md5":"6c9fe78b27042010835334a52ce23911","sha1":"bd2975bd6e8a4f47ae7cd8e6f6b06627cd64d7ab","sha256":"cf0ad9be6035c3ddf935227a5528f23d8503cd92af37acf1bb947b5591e28640"},"dob":{"date":"1962-04-24T01:04:23.972Z","age":61},"registered":{"date":"2006-03-14T15:12:41.158Z","age":18},"phone":"34415914","cell":"62811882","id":{"name":"CPR","value":"230462-8713"},"picture":{"large":"https://randomuser.me/api/portraits/women/26.jpg","medium":"https://randomuser.me/api/portraits/med/women/26.jpg","thumbnail":"https://randomuser.me/api/portraits/thumb/women/26.jpg"},"nat":"DK"}],"info":{"seed":"30e27b850033a25e","results":1,"page":1,"version":"1.4"}} 
 </msg>
<msg time="2024-03-20T19:10:59.437516" level="INFO">/opt/hostedtoolcache/Python/3.12.2/x64/lib/python3.12/site-packages/urllib3/connectionpool.py:1103: InsecureRequestWarning: Unverified HTTPS request is being made to host 'randomuser.me'. Adding certificate verification is strongly advised. See: https://urllib3.readthedocs.io/en/latest/advanced-usage.html#tls-warnings
  warnings.warn(</msg>
<msg time="2024-03-20T19:10:59.437598" level="INFO">${response} = &lt;Response [200]&gt;</msg>
<var>${response}</var>
<arg>consultarAPI</arg>
<arg>/api</arg>
<doc>Sends a GET request on a previously created HTTP Session.</doc>
<status status="PASS" start="2024-03-20T19:10:59.340682" elapsed="0.096946"/>
</kw>
<kw name="Set Variable" owner="BuiltIn">
<msg time="2024-03-20T19:10:59.438427" level="INFO">${json_data} = {'results': [{'gender': 'female', 'name': {'title': 'Mrs', 'first': 'Sofia', 'last': 'Christiansen'}, 'location': {'street': {'number': 836, 'name': 'Fyrvej'}, 'city': 'Ishoej', 'state': 'Midtjylland'...</msg>
<var>${json_data}</var>
<arg>${response.json()}</arg>
<doc>Returns the given values which can then be assigned to a variables.</doc>
<status status="PASS" start="2024-03-20T19:10:59.437987" elapsed="0.000468"/>
</kw>
<kw name="Set Variable" owner="BuiltIn">
<msg time="2024-03-20T19:10:59.439181" level="INFO">${name_title} = Mrs</msg>
<var>${name_title}</var>
<arg>${json_data["results"][0]["name"]["title"]}</arg>
<doc>Returns the given values which can then be assigned to a variables.</doc>
<status status="PASS" start="2024-03-20T19:10:59.438788" elapsed="0.000418"/>
</kw>
<kw name="Create List" owner="BuiltIn">
<msg time="2024-03-20T19:10:59.439646" level="INFO">${allowed_titles} = ['Mr', 'Ms', 'Miss', 'Mrs', 'Madame', 'Monsieur']</msg>
<var>${allowed_titles}</var>
<arg>Mr</arg>
<arg>Ms</arg>
<arg>Miss</arg>
<arg>Mrs</arg>
<arg>Madame</arg>
<arg>Monsieur</arg>
<doc>Returns a list containing given items.</doc>
<status status="PASS" start="2024-03-20T19:10:59.439497" elapsed="0.000173"/>
</kw>
<kw name="List Should Contain Value" owner="Collections">
<msg time="2024-03-20T19:10:59.440129" level="INFO">False</msg>
<arg>${allowed_titles}</arg>
<arg>${name_title}</arg>
<doc>Fails if the ``value`` is not found from ``list``.</doc>
<status status="PASS" start="2024-03-20T19:10:59.439963" elapsed="0.000202"/>
</kw>
<kw name="Set Variable" owner="BuiltIn">
<msg time="2024-03-20T19:10:59.440830" level="INFO">${name_country} = DK</msg>
<var>${name_country}</var>
<arg>${json_data["results"][0]["nat"]}</arg>
<doc>Returns the given values which can then be assigned to a variables.</doc>
<status status="PASS" start="2024-03-20T19:10:59.440455" elapsed="0.000401"/>
</kw>
<kw name="Create List" owner="BuiltIn">
<msg time="2024-03-20T19:10:59.441748" level="INFO">${list_country} = ['AD', 'AE', 'AF', 'AG', 'AI', 'AL', 'AM', 'AO', 'AQ', 'AR', 'AS', 'AT', 'AU', 'AW', 'AX', 'AZ', 'BA', 'BB', 'BD', 'BE', 'BF', 'BG', 'BH', 'BI', 'BJ', 'BL', 'BM', 'BN', 'BO', 'BQ', 'BR', 'BS', 'BT', '...</msg>
<var>${list_country}</var>
<arg>AD</arg>
<arg>AE</arg>
<arg>AF</arg>
<arg>AG</arg>
<arg>AI</arg>
<arg>AL</arg>
<arg>AM</arg>
<arg>AO</arg>
<arg>AQ</arg>
<arg>AR</arg>
<arg>AS</arg>
<arg>AT</arg>
<arg>AU</arg>
<arg>AW</arg>
<arg>AX</arg>
<arg>AZ</arg>
<arg>BA</arg>
<arg>BB</arg>
<arg>BD</arg>
<arg>BE</arg>
<arg>BF</arg>
<arg>BG</arg>
<arg>BH</arg>
<arg>BI</arg>
<arg>BJ</arg>
<arg>BL</arg>
<arg>BM</arg>
<arg>BN</arg>
<arg>BO</arg>
<arg>BQ</arg>
<arg>BR</arg>
<arg>BS</arg>
<arg>BT</arg>
<arg>BV</arg>
<arg>BW</arg>
<arg>BY</arg>
<arg>BZ</arg>
<arg>CA</arg>
<arg>CC</arg>
<arg>CD</arg>
<arg>CF</arg>
<arg>CG</arg>
<arg>CH</arg>
<arg>CI</arg>
<arg>CK</arg>
<arg>CL</arg>
<arg>CM</arg>
<arg>CN</arg>
<arg>CO</arg>
<arg>CR</arg>
<arg>CU</arg>
<arg>CV</arg>
<arg>CW</arg>
<arg>CX</arg>
<arg>CY</arg>
<arg>CZ</arg>
<arg>DE</arg>
<arg>DJ</arg>
<arg>DK</arg>
<arg>DM</arg>
<arg>DO</arg>
<arg>DZ</arg>
<arg>EC</arg>
<arg>EE</arg>
<arg>EG</arg>
<arg>EH</arg>
<arg>ER</arg>
<arg>ES</arg>
<arg>ET</arg>
<arg>FI</arg>
<arg>FJ</arg>
<arg>FK</arg>
<arg>FM</arg>
<arg>FO</arg>
<arg>FR</arg>
<arg>GA</arg>
<arg>GB</arg>
<arg>GD</arg>
<arg>GE</arg>
<arg>GF</arg>
<arg>GG</arg>
<arg>GH</arg>
<arg>GI</arg>
<arg>GL</arg>
<arg>GM</arg>
<arg>GN</arg>
<arg>GP</arg>
<arg>GQ</arg>
<arg>GR</arg>
<arg>GS</arg>
<arg>GT</arg>
<arg>GU</arg>
<arg>GW</arg>
<arg>GY</arg>
<arg>HK</arg>
<arg>HM</arg>
<arg>HN</arg>
<arg>HR</arg>
<arg>HT</arg>
<arg>HU</arg>
<arg>ID</arg>
<arg>IE</arg>
<arg>IL</arg>
<arg>IM</arg>
<arg>IN</arg>
<arg>IO</arg>
<arg>IQ</arg>
<arg>IR</arg>
<arg>IS</arg>
<arg>IT</arg>
<arg>JE</arg>
<arg>JM</arg>
<arg>JO</arg>
<arg>JP</arg>
<arg>KE</arg>
<arg>KG</arg>
<arg>KH</arg>
<arg>KI</arg>
<arg>KM</arg>
<arg>KN</arg>
<arg>KP</arg>
<arg>KR</arg>
<arg>KW</arg>
<arg>KY</arg>
<arg>KZ</arg>
<arg>LA</arg>
<arg>LB</arg>
<arg>LC</arg>
<arg>LI</arg>
<arg>LK</arg>
<arg>LR</arg>
<arg>LS</arg>
<arg>LT</arg>
<arg>LU</arg>
<arg>LV</arg>
<arg>LY</arg>
<arg>MA</arg>
<arg>MC</arg>
<arg>MD</arg>
<arg>ME</arg>
<arg>MF</arg>
<arg>MG</arg>
<arg>MH</arg>
<arg>MK</arg>
<arg>ML</arg>
<arg>MM</arg>
<arg>MN</arg>
<arg>MO</arg>
<arg>MP</arg>
<arg>MQ</arg>
<arg>MR</arg>
<arg>MS</arg>
<arg>MT</arg>
<arg>MU</arg>
<arg>MV</arg>
<arg>MW</arg>
<arg>MX</arg>
<arg>MY</arg>
<arg>MZ</arg>
<arg>NA</arg>
<arg>NC</arg>
<arg>NE</arg>
<arg>NF</arg>
<arg>NG</arg>
<arg>NI</arg>
<arg>NL</arg>
<arg>NO</arg>
<arg>NP</arg>
<arg>NR</arg>
<arg>NU</arg>
<arg>NZ</arg>
<arg>OM</arg>
<arg>PA</arg>
<arg>PE</arg>
<arg>PF</arg>
<arg>PG</arg>
<arg>PH</arg>
<arg>PK</arg>
<arg>PL</arg>
<arg>PM</arg>
<arg>PN</arg>
<arg>PR</arg>
<arg>PS</arg>
<arg>PT</arg>
<arg>PW</arg>
<arg>PY</arg>
<arg>QA</arg>
<arg>RE</arg>
<arg>RO</arg>
<arg>RS</arg>
<arg>RU</arg>
<arg>RW</arg>
<arg>SA</arg>
<arg>SB</arg>
<arg>SC</arg>
<arg>SD</arg>
<arg>SE</arg>
<arg>SG</arg>
<arg>SH</arg>
<arg>SI</arg>
<arg>SJ</arg>
<arg>SK</arg>
<arg>SL</arg>
<arg>SM</arg>
<arg>SN</arg>
<arg>SO</arg>
<arg>SR</arg>
<arg>SS</arg>
<arg>ST</arg>
<arg>SV</arg>
<arg>SX</arg>
<arg>SY</arg>
<arg>SZ</arg>
<arg>TC</arg>
<arg>TD</arg>
<arg>TF</arg>
<arg>TG</arg>
<arg>TH</arg>
<arg>TJ</arg>
<arg>TK</arg>
<arg>TL</arg>
<arg>TM</arg>
<arg>TN</arg>
<arg>TO</arg>
<arg>TR</arg>
<arg>TT</arg>
<arg>TV</arg>
<arg>TW</arg>
<arg>TZ</arg>
<arg>UA</arg>
<arg>UG</arg>
<arg>UM</arg>
<arg>US</arg>
<arg>UY</arg>
<arg>UZ</arg>
<arg>VA</arg>
<arg>VC</arg>
<arg>VE</arg>
<arg>VG</arg>
<arg>VI</arg>
<arg>VN</arg>
<arg>VU</arg>
<arg>WF</arg>
<arg>WS</arg>
<arg>XK</arg>
<arg>YE</arg>
<arg>YT</arg>
<arg>ZA</arg>
<arg>ZM</arg>
<arg>ZW</arg>
<doc>Returns a list containing given items.</doc>
<status status="PASS" start="2024-03-20T19:10:59.441149" elapsed="0.000624"/>
</kw>
<kw name="List Should Contain Value" owner="Collections">
<msg time="2024-03-20T19:10:59.442907" level="INFO">False</msg>
<arg>${list_country}</arg>
<arg>${name_country}</arg>
<doc>Fails if the ``value`` is not found from ``list``.</doc>
<status status="PASS" start="2024-03-20T19:10:59.442678" elapsed="0.000267"/>
</kw>
<kw name="Run Keyword If" owner="BuiltIn">
<kw name="Should Be True" owner="BuiltIn">
<arg>${True}</arg>
<doc>Fails if the given condition is not true.</doc>
<status status="PASS" start="2024-03-20T19:10:59.443980" elapsed="0.000143"/>
</kw>
<arg>${json_data["results"][0]["location"]["coordinates"]["latitude"]} &gt;= -90 and ${json_data["results"][0]["location"]["coordinates"]["latitude"]} &lt;= 90</arg>
<arg>Should Be True</arg>
<arg>${True}</arg>
<doc>Runs the given keyword with the given arguments, if ``condition`` is true.</doc>
<status status="PASS" start="2024-03-20T19:10:59.443247" elapsed="0.001004"/>
</kw>
<kw name="Run Keyword If" owner="BuiltIn">
<kw name="Should Be True" owner="BuiltIn">
<arg>${True}</arg>
<doc>Fails if the given condition is not true.</doc>
<status status="PASS" start="2024-03-20T19:10:59.445106" elapsed="0.000137"/>
</kw>
<arg>${json_data["results"][0]["location"]["coordinates"]["longitude"]} &gt;= -180 and ${json_data["results"][0]["location"]["coordinates"]["longitude"]} &lt;= 180</arg>
<arg>Should Be True</arg>
<arg>${True}</arg>
<doc>Runs the given keyword with the given arguments, if ``condition`` is true.</doc>
<status status="PASS" start="2024-03-20T19:10:59.444427" elapsed="0.000939"/>
</kw>
<status status="PASS" start="2024-03-20T19:10:59.340472" elapsed="0.105021"/>
</kw>
<doc>Testa o conteúdo específico dos campos retornados pela API.</doc>
<tag>testeConteudo</tag>
<status status="PASS" start="2024-03-20T19:10:59.340062" elapsed="0.105577"/>
</test>
<status status="PASS" start="2024-03-20T19:10:58.427835" elapsed="1.019708"/>
</suite>
<status status="PASS" start="2024-03-20T19:10:58.413844" elapsed="1.038852"/>
</suite>
<statistics>
<total>
<stat pass="5" fail="0" skip="0">All Tests</stat>
</total>
<tag>
<stat pass="1" fail="0" skip="0">testeConteudo</stat>
<stat pass="1" fail="0" skip="0">testeEstruturaResposta</stat>
<stat pass="1" fail="0" skip="0">testeRequisicaoBasica</stat>
<stat pass="1" fail="0" skip="0">testeTiposDados</stat>
</tag>
<suite>
<stat pass="5" fail="0" skip="0" id="s1" name="Tests">Tests</stat>
<stat pass="5" fail="0" skip="0" id="s1-s1" name="Random-User-Test">Tests.Random-User-Test</stat>
</suite>
</statistics>
<errors>
</errors>
</robot>
