<?xml version="1.0" encoding="UTF-8"?>
<robot generator="Robot 7.0.1 (Python 3.12.4 on linux)" generated="2024-07-11T06:20:51.227085" rpa="false" schemaversion="5">
<suite id="s1" name="Tests" source="/home/runner/work/ApiRandomUser/ApiRandomUser/RamdonUser/tests">
<suite id="s1-s1" name="Random-User-Test" source="/home/runner/work/ApiRandomUser/ApiRandomUser/RamdonUser/tests/random-user-test.robot">
<test id="s1-s1-t1" name="Conectar" line="13">
<kw name="Conectar API" owner="random-user-service">
<kw name="Create Session" owner="RequestsLibrary">
<msg time="2024-07-11T06:20:51.639172" level="INFO">Creating Session using : alias=consultarAPI, url=https://randomuser.me/, headers={},                     cookies={}, auth=None, timeout=None, proxies=None, verify=False,                     debug=0 </msg>
<arg>consultarAPI</arg>
<arg>${URL}</arg>
<doc>Create Session: create a HTTP session to a server</doc>
<status status="PASS" start="2024-07-11T06:20:51.638970" elapsed="0.000375"/>
</kw>
<status status="PASS" start="2024-07-11T06:20:51.637998" elapsed="0.001728"/>
</kw>
<status status="PASS" start="2024-07-11T06:20:51.637449" elapsed="0.002479"/>
</test>
<test id="s1-s1-t2" name="Validar retorno 200 e JSON Válido" line="16">
<kw name="Teste de Requisicao Basica" owner="random-user-service">
<kw name="GET On Session" owner="RequestsLibrary">
<msg time="2024-07-11T06:20:51.768850" level="INFO">GET Request : url=https://randomuser.me/api 
 path_url=/api 
 headers={'User-Agent': 'python-requests/2.32.3', 'Accept-Encoding': 'gzip, deflate', 'Accept': '*/*', 'Connection': 'keep-alive'} 
 body=None 
 </msg>
<msg time="2024-07-11T06:20:51.769019" level="INFO">GET Response : url=https://randomuser.me/api 
 status=200, reason=OK 
 headers={'Date': 'Thu, 11 Jul 2024 06:20:51 GMT', 'Content-Type': 'application/json; charset=utf-8', 'Transfer-Encoding': 'chunked', 'Connection': 'keep-alive', 'X-Powered-By': 'Express', 'Access-Control-Allow-Origin': '*', 'Cache-Control': 'no-cache', 'ETag': 'W/"499-TCOccVtTQ0b0rxieWe4eQxwYmxQ"', 'Vary': 'Accept-Encoding', 'Content-Encoding': 'gzip', 'CF-Cache-Status': 'DYNAMIC', 'Report-To': '{"endpoints":[{"url":"https:\\/\\/a.nel.cloudflare.com\\/report\\/v4?s=1YZWwW2soqYxw66MAPxHBJUvpnnF0A9OVpy0c7qo%2BRZnFvH4tUm5eqXUQgyY0EOOUUWiV0b5QgsRNyv6OzVNY41RpLcY6tmYG0CGCHb7yehWZxsYyL4dreaoyM9WDB%2FQ"}],"group":"cf-nel","max_age":604800}', 'NEL': '{"success_fraction":0,"report_to":"cf-nel","max_age":604800}', 'Server': 'cloudflare', 'CF-RAY': '8a16b0a6ec1396d8-SJC', 'alt-svc': 'h3=":443"; ma=86400'} 
 body={"results":[{"gender":"female","name":{"title":"Ms","first":"Dana","last":"Bennett"},"location":{"street":{"number":5814,"name":"Samaritan Dr"},"city":"Nampa","state":"Oregon","country":"United States","postcode":13916,"coordinates":{"latitude":"82.3167","longitude":"158.3420"},"timezone":{"offset":"-6:00","description":"Central Time (US &amp; Canada), Mexico City"}},"email":"dana.bennett@example.com","login":{"uuid":"30c39b9b-02eb-41b4-8216-47e98474c497","username":"happyfish540","password":"banker","salt":"i6SfRqWj","md5":"f574b513554df46c2d0788fcf69dfbee","sha1":"217216bb91cb6b9749c7731f15184a03adc04129","sha256":"88172cdb73cb1acd19812c5783f55595bddfff2e6f855fba50f17091b35d3ca7"},"dob":{"date":"1997-03-20T08:16:41.152Z","age":27},"registered":{"date":"2014-04-06T07:08:03.124Z","age":10},"phone":"(442) 825-4747","cell":"(854) 873-0692","id":{"name":"SSN","value":"217-86-3816"},"picture":{"large":"https://randomuser.me/api/portraits/women/50.jpg","medium":"https://randomuser.me/api/portraits/med/women/50.jpg","thumbnail":"https://randomuser.me/api/portraits/thumb/women/50.jpg"},"nat":"US"}],"info":{"seed":"1dd2c1a912a88111","results":1,"page":1,"version":"1.4"}} 
 </msg>
<msg time="2024-07-11T06:20:51.769103" level="INFO">/opt/hostedtoolcache/Python/3.12.4/x64/lib/python3.12/site-packages/urllib3/connectionpool.py:1099: InsecureRequestWarning: Unverified HTTPS request is being made to host 'randomuser.me'. Adding certificate verification is strongly advised. See: https://urllib3.readthedocs.io/en/latest/advanced-usage.html#tls-warnings
  warnings.warn(</msg>
<msg time="2024-07-11T06:20:51.769238" level="INFO">${response} = &lt;Response [200]&gt;</msg>
<var>${response}</var>
<arg>consultarAPI</arg>
<arg>/api</arg>
<doc>Sends a GET request on a previously created HTTP Session.</doc>
<status status="PASS" start="2024-07-11T06:20:51.642529" elapsed="0.126754"/>
</kw>
<kw name="Should Be Equal As Numbers" owner="BuiltIn">
<msg time="2024-07-11T06:20:51.770516" level="INFO">Argument types are:
&lt;class 'int'&gt;
&lt;class 'str'&gt;</msg>
<arg>${response.status_code}</arg>
<arg>200</arg>
<doc>Fails if objects are unequal after converting them to real numbers.</doc>
<status status="PASS" start="2024-07-11T06:20:51.769903" elapsed="0.000682"/>
</kw>
<kw name="Log" owner="BuiltIn">
<msg time="2024-07-11T06:20:51.771289" level="INFO">200</msg>
<arg>${response.status_code}</arg>
<doc>Logs the given message with the given level.</doc>
<status status="PASS" start="2024-07-11T06:20:51.770931" elapsed="0.000404"/>
</kw>
<kw name="Set Variable" owner="BuiltIn">
<msg time="2024-07-11T06:20:51.772081" level="INFO">${json_data} = {'results': [{'gender': 'female', 'name': {'title': 'Ms', 'first': 'Dana', 'last': 'Bennett'}, 'location': {'street': {'number': 5814, 'name': 'Samaritan Dr'}, 'city': 'Nampa', 'state': 'Oregon', 'cou...</msg>
<var>${json_data}</var>
<arg>${response.json()}</arg>
<doc>Returns the given values which can then be assigned to a variables.</doc>
<status status="PASS" start="2024-07-11T06:20:51.771647" elapsed="0.000465"/>
</kw>
<kw name="Dictionary Should Contain Key" owner="Collections">
<arg>${json_data}</arg>
<arg>results</arg>
<doc>Fails if ``key`` is not found from ``dictionary``.</doc>
<status status="PASS" start="2024-07-11T06:20:51.772412" elapsed="0.000173"/>
</kw>
<status status="PASS" start="2024-07-11T06:20:51.642275" elapsed="0.130458"/>
</kw>
<doc>Testa se a API responde corretamente e retorna um objeto JSON válido.</doc>
<tag>testeRequisicaoBasica</tag>
<status status="PASS" start="2024-07-11T06:20:51.641819" elapsed="0.131086"/>
</test>
<test id="s1-s1-t3" name="Validar estrutura de resposta" line="22">
<kw name="Teste de Estrutura de Resposta" owner="random-user-service">
<kw name="GET On Session" owner="RequestsLibrary">
<msg time="2024-07-11T06:20:51.903963" level="INFO">GET Request : url=https://randomuser.me/api 
 path_url=/api 
 headers={'User-Agent': 'python-requests/2.32.3', 'Accept-Encoding': 'gzip, deflate', 'Accept': '*/*', 'Connection': 'keep-alive'} 
 body=None 
 </msg>
<msg time="2024-07-11T06:20:51.904061" level="INFO">GET Response : url=https://randomuser.me/api 
 status=200, reason=OK 
 headers={'Date': 'Thu, 11 Jul 2024 06:20:51 GMT', 'Content-Type': 'application/json; charset=utf-8', 'Transfer-Encoding': 'chunked', 'Connection': 'keep-alive', 'X-Powered-By': 'Express', 'Access-Control-Allow-Origin': '*', 'Cache-Control': 'no-cache', 'ETag': 'W/"495-QMmgg12fZ+YwhiEzn6FBIwnACsE"', 'Vary': 'Accept-Encoding', 'Content-Encoding': 'gzip', 'CF-Cache-Status': 'DYNAMIC', 'Report-To': '{"endpoints":[{"url":"https:\\/\\/a.nel.cloudflare.com\\/report\\/v4?s=eB9%2BXZ9rqUkMXUwWy0aLLDystYR%2FfIq8wdIhs2cQ%2BozNaioBYoJsoxvY8DOQ1wC7793mkPhbR2UbOBcuvrU6Z5PdWZ%2BuH3zMyXbmOc2yt%2BAni29KgGBPgE%2FjKcBd7LFC"}],"group":"cf-nel","max_age":604800}', 'NEL': '{"success_fraction":0,"report_to":"cf-nel","max_age":604800}', 'Server': 'cloudflare', 'CF-RAY': '8a16b0a79c6196d8-SJC', 'alt-svc': 'h3=":443"; ma=86400'} 
 body={"results":[{"gender":"male","name":{"title":"Mr","first":"Enrique","last":"Flores"},"location":{"street":{"number":9143,"name":"Avenida de La Albufera"},"city":"Talavera de la Reina","state":"Galicia","country":"Spain","postcode":52353,"coordinates":{"latitude":"-30.1077","longitude":"-52.0508"},"timezone":{"offset":"-1:00","description":"Azores, Cape Verde Islands"}},"email":"enrique.flores@example.com","login":{"uuid":"446e1da7-46a7-402a-9218-096fe0a09c62","username":"biglion154","password":"birthday1","salt":"rxPEahQw","md5":"cb037450101fbe42b91de1037b8488d3","sha1":"3c6256a2d2871bd77d03ec1be35430359789dbae","sha256":"e767d45d13f5018aae8f92a4cf35cda2fce6b57c423c0f837e76ab52a4e4e9a8"},"dob":{"date":"1979-12-10T08:08:56.526Z","age":44},"registered":{"date":"2010-02-23T21:05:39.530Z","age":14},"phone":"990-606-741","cell":"663-409-820","id":{"name":"DNI","value":"53967050-S"},"picture":{"large":"https://randomuser.me/api/portraits/men/97.jpg","medium":"https://randomuser.me/api/portraits/med/men/97.jpg","thumbnail":"https://randomuser.me/api/portraits/thumb/men/97.jpg"},"nat":"ES"}],"info":{"seed":"e7d60a51cdc88a2e","results":1,"page":1,"version":"1.4"}} 
 </msg>
<msg time="2024-07-11T06:20:51.904176" level="INFO">/opt/hostedtoolcache/Python/3.12.4/x64/lib/python3.12/site-packages/urllib3/connectionpool.py:1099: InsecureRequestWarning: Unverified HTTPS request is being made to host 'randomuser.me'. Adding certificate verification is strongly advised. See: https://urllib3.readthedocs.io/en/latest/advanced-usage.html#tls-warnings
  warnings.warn(</msg>
<msg time="2024-07-11T06:20:51.904289" level="INFO">${response} = &lt;Response [200]&gt;</msg>
<var>${response}</var>
<arg>consultarAPI</arg>
<arg>/api</arg>
<doc>Sends a GET request on a previously created HTTP Session.</doc>
<status status="PASS" start="2024-07-11T06:20:51.775607" elapsed="0.128726"/>
</kw>
<kw name="Set Variable" owner="BuiltIn">
<msg time="2024-07-11T06:20:51.905314" level="INFO">${json_data} = {'results': [{'gender': 'male', 'name': {'title': 'Mr', 'first': 'Enrique', 'last': 'Flores'}, 'location': {'street': {'number': 9143, 'name': 'Avenida de La Albufera'}, 'city': 'Talavera de la Reina'...</msg>
<var>${json_data}</var>
<arg>${response.json()}</arg>
<doc>Returns the given values which can then be assigned to a variables.</doc>
<status status="PASS" start="2024-07-11T06:20:51.904776" elapsed="0.000567"/>
</kw>
<kw name="Log" owner="BuiltIn">
<msg time="2024-07-11T06:20:51.905832" level="INFO">{'results': [{'gender': 'male', 'name': {'title': 'Mr', 'first': 'Enrique', 'last': 'Flores'}, 'location': {'street': {'number': 9143, 'name': 'Avenida de La Albufera'}, 'city': 'Talavera de la Reina', 'state': 'Galicia', 'country': 'Spain', 'postcode': 52353, 'coordinates': {'latitude': '-30.1077', 'longitude': '-52.0508'}, 'timezone': {'offset': '-1:00', 'description': 'Azores, Cape Verde Islands'}}, 'email': 'enrique.flores@example.com', 'login': {'uuid': '446e1da7-46a7-402a-9218-096fe0a09c62', 'username': 'biglion154', 'password': 'birthday1', 'salt': 'rxPEahQw', 'md5': 'cb037450101fbe42b91de1037b8488d3', 'sha1': '3c6256a2d2871bd77d03ec1be35430359789dbae', 'sha256': 'e767d45d13f5018aae8f92a4cf35cda2fce6b57c423c0f837e76ab52a4e4e9a8'}, 'dob': {'date': '1979-12-10T08:08:56.526Z', 'age': 44}, 'registered': {'date': '2010-02-23T21:05:39.530Z', 'age': 14}, 'phone': '990-606-741', 'cell': '663-409-820', 'id': {'name': 'DNI', 'value': '53967050-S'}, 'picture': {'large': 'https://randomuser.me/api/portraits/men/97.jpg', 'medium': 'https://randomuser.me/api/portraits/med/men/97.jpg', 'thumbnail': 'https://randomuser.me/api/portraits/thumb/men/97.jpg'}, 'nat': 'ES'}], 'info': {'seed': 'e7d60a51cdc88a2e', 'results': 1, 'page': 1, 'version': '1.4'}}</msg>
<arg>${json_data}</arg>
<doc>Logs the given message with the given level.</doc>
<status status="PASS" start="2024-07-11T06:20:51.905670" elapsed="0.000214"/>
</kw>
<kw name="Dictionary Should Contain Key" owner="Collections">
<arg>${json_data}</arg>
<arg>results</arg>
<doc>Fails if ``key`` is not found from ``dictionary``.</doc>
<status status="PASS" start="2024-07-11T06:20:51.906190" elapsed="0.000166"/>
</kw>
<kw name="Should Not Be Empty" owner="BuiltIn">
<msg time="2024-07-11T06:20:51.906683" level="INFO">Length is 2.</msg>
<arg>${json_data}</arg>
<doc>Verifies that the given item is not empty.</doc>
<status status="PASS" start="2024-07-11T06:20:51.906550" elapsed="0.000174"/>
</kw>
<kw name="Create List" owner="BuiltIn">
<msg time="2024-07-11T06:20:51.907173" level="INFO">${expected_keys} = ['gender', 'name', 'location', 'email', 'login']</msg>
<var>${expected_keys}</var>
<arg>gender</arg>
<arg>name</arg>
<arg>location</arg>
<arg>email</arg>
<arg>login</arg>
<doc>Returns a list containing given items.</doc>
<status status="PASS" start="2024-07-11T06:20:51.907024" elapsed="0.000174"/>
</kw>
<for flavor="IN">
<iter>
<kw name="Dictionary Should Contain Key" owner="Collections">
<arg>${json_data['results'][0]}</arg>
<arg>${key}</arg>
<doc>Fails if ``key`` is not found from ``dictionary``.</doc>
<status status="PASS" start="2024-07-11T06:20:51.907943" elapsed="0.000411"/>
</kw>
<kw name="Log" owner="BuiltIn">
<msg time="2024-07-11T06:20:51.908936" level="INFO">{'gender': 'male', 'name': {'title': 'Mr', 'first': 'Enrique', 'last': 'Flores'}, 'location': {'street': {'number': 9143, 'name': 'Avenida de La Albufera'}, 'city': 'Talavera de la Reina', 'state': 'Galicia', 'country': 'Spain', 'postcode': 52353, 'coordinates': {'latitude': '-30.1077', 'longitude': '-52.0508'}, 'timezone': {'offset': '-1:00', 'description': 'Azores, Cape Verde Islands'}}, 'email': 'enrique.flores@example.com', 'login': {'uuid': '446e1da7-46a7-402a-9218-096fe0a09c62', 'username': 'biglion154', 'password': 'birthday1', 'salt': 'rxPEahQw', 'md5': 'cb037450101fbe42b91de1037b8488d3', 'sha1': '3c6256a2d2871bd77d03ec1be35430359789dbae', 'sha256': 'e767d45d13f5018aae8f92a4cf35cda2fce6b57c423c0f837e76ab52a4e4e9a8'}, 'dob': {'date': '1979-12-10T08:08:56.526Z', 'age': 44}, 'registered': {'date': '2010-02-23T21:05:39.530Z', 'age': 14}, 'phone': '990-606-741', 'cell': '663-409-820', 'id': {'name': 'DNI', 'value': '53967050-S'}, 'picture': {'large': 'https://randomuser.me/api/portraits/men/97.jpg', 'medium': 'https://randomuser.me/api/portraits/med/men/97.jpg', 'thumbnail': 'https://randomuser.me/api/portraits/thumb/men/97.jpg'}, 'nat': 'ES'}</msg>
<arg>${json_data['results'][0]}</arg>
<doc>Logs the given message with the given level.</doc>
<status status="PASS" start="2024-07-11T06:20:51.908547" elapsed="0.000443"/>
</kw>
<kw name="Log" owner="BuiltIn">
<msg time="2024-07-11T06:20:51.909434" level="INFO">gender</msg>
<arg>${key}</arg>
<doc>Logs the given message with the given level.</doc>
<status status="PASS" start="2024-07-11T06:20:51.909305" elapsed="0.000169"/>
</kw>
<var name="${key}">gender</var>
<status status="PASS" start="2024-07-11T06:20:51.907816" elapsed="0.001877"/>
</iter>
<iter>
<kw name="Dictionary Should Contain Key" owner="Collections">
<arg>${json_data['results'][0]}</arg>
<arg>${key}</arg>
<doc>Fails if ``key`` is not found from ``dictionary``.</doc>
<status status="PASS" start="2024-07-11T06:20:51.909999" elapsed="0.000394"/>
</kw>
<kw name="Log" owner="BuiltIn">
<msg time="2024-07-11T06:20:51.910948" level="INFO">{'gender': 'male', 'name': {'title': 'Mr', 'first': 'Enrique', 'last': 'Flores'}, 'location': {'street': {'number': 9143, 'name': 'Avenida de La Albufera'}, 'city': 'Talavera de la Reina', 'state': 'Galicia', 'country': 'Spain', 'postcode': 52353, 'coordinates': {'latitude': '-30.1077', 'longitude': '-52.0508'}, 'timezone': {'offset': '-1:00', 'description': 'Azores, Cape Verde Islands'}}, 'email': 'enrique.flores@example.com', 'login': {'uuid': '446e1da7-46a7-402a-9218-096fe0a09c62', 'username': 'biglion154', 'password': 'birthday1', 'salt': 'rxPEahQw', 'md5': 'cb037450101fbe42b91de1037b8488d3', 'sha1': '3c6256a2d2871bd77d03ec1be35430359789dbae', 'sha256': 'e767d45d13f5018aae8f92a4cf35cda2fce6b57c423c0f837e76ab52a4e4e9a8'}, 'dob': {'date': '1979-12-10T08:08:56.526Z', 'age': 44}, 'registered': {'date': '2010-02-23T21:05:39.530Z', 'age': 14}, 'phone': '990-606-741', 'cell': '663-409-820', 'id': {'name': 'DNI', 'value': '53967050-S'}, 'picture': {'large': 'https://randomuser.me/api/portraits/men/97.jpg', 'medium': 'https://randomuser.me/api/portraits/med/men/97.jpg', 'thumbnail': 'https://randomuser.me/api/portraits/thumb/men/97.jpg'}, 'nat': 'ES'}</msg>
<arg>${json_data['results'][0]}</arg>
<doc>Logs the given message with the given level.</doc>
<status status="PASS" start="2024-07-11T06:20:51.910589" elapsed="0.000442"/>
</kw>
<kw name="Log" owner="BuiltIn">
<msg time="2024-07-11T06:20:51.911462" level="INFO">name</msg>
<arg>${key}</arg>
<doc>Logs the given message with the given level.</doc>
<status status="PASS" start="2024-07-11T06:20:51.911334" elapsed="0.000166"/>
</kw>
<var name="${key}">name</var>
<status status="PASS" start="2024-07-11T06:20:51.909884" elapsed="0.001835"/>
</iter>
<iter>
<kw name="Dictionary Should Contain Key" owner="Collections">
<arg>${json_data['results'][0]}</arg>
<arg>${key}</arg>
<doc>Fails if ``key`` is not found from ``dictionary``.</doc>
<status status="PASS" start="2024-07-11T06:20:51.912009" elapsed="0.000377"/>
</kw>
<kw name="Log" owner="BuiltIn">
<msg time="2024-07-11T06:20:51.912937" level="INFO">{'gender': 'male', 'name': {'title': 'Mr', 'first': 'Enrique', 'last': 'Flores'}, 'location': {'street': {'number': 9143, 'name': 'Avenida de La Albufera'}, 'city': 'Talavera de la Reina', 'state': 'Galicia', 'country': 'Spain', 'postcode': 52353, 'coordinates': {'latitude': '-30.1077', 'longitude': '-52.0508'}, 'timezone': {'offset': '-1:00', 'description': 'Azores, Cape Verde Islands'}}, 'email': 'enrique.flores@example.com', 'login': {'uuid': '446e1da7-46a7-402a-9218-096fe0a09c62', 'username': 'biglion154', 'password': 'birthday1', 'salt': 'rxPEahQw', 'md5': 'cb037450101fbe42b91de1037b8488d3', 'sha1': '3c6256a2d2871bd77d03ec1be35430359789dbae', 'sha256': 'e767d45d13f5018aae8f92a4cf35cda2fce6b57c423c0f837e76ab52a4e4e9a8'}, 'dob': {'date': '1979-12-10T08:08:56.526Z', 'age': 44}, 'registered': {'date': '2010-02-23T21:05:39.530Z', 'age': 14}, 'phone': '990-606-741', 'cell': '663-409-820', 'id': {'name': 'DNI', 'value': '53967050-S'}, 'picture': {'large': 'https://randomuser.me/api/portraits/men/97.jpg', 'medium': 'https://randomuser.me/api/portraits/med/men/97.jpg', 'thumbnail': 'https://randomuser.me/api/portraits/thumb/men/97.jpg'}, 'nat': 'ES'}</msg>
<arg>${json_data['results'][0]}</arg>
<doc>Logs the given message with the given level.</doc>
<status status="PASS" start="2024-07-11T06:20:51.912569" elapsed="0.000422"/>
</kw>
<kw name="Log" owner="BuiltIn">
<msg time="2024-07-11T06:20:51.913426" level="INFO">location</msg>
<arg>${key}</arg>
<doc>Logs the given message with the given level.</doc>
<status status="PASS" start="2024-07-11T06:20:51.913299" elapsed="0.000166"/>
</kw>
<var name="${key}">location</var>
<status status="PASS" start="2024-07-11T06:20:51.911899" elapsed="0.001784"/>
</iter>
<iter>
<kw name="Dictionary Should Contain Key" owner="Collections">
<arg>${json_data['results'][0]}</arg>
<arg>${key}</arg>
<doc>Fails if ``key`` is not found from ``dictionary``.</doc>
<status status="PASS" start="2024-07-11T06:20:51.913966" elapsed="0.000391"/>
</kw>
<kw name="Log" owner="BuiltIn">
<msg time="2024-07-11T06:20:51.914895" level="INFO">{'gender': 'male', 'name': {'title': 'Mr', 'first': 'Enrique', 'last': 'Flores'}, 'location': {'street': {'number': 9143, 'name': 'Avenida de La Albufera'}, 'city': 'Talavera de la Reina', 'state': 'Galicia', 'country': 'Spain', 'postcode': 52353, 'coordinates': {'latitude': '-30.1077', 'longitude': '-52.0508'}, 'timezone': {'offset': '-1:00', 'description': 'Azores, Cape Verde Islands'}}, 'email': 'enrique.flores@example.com', 'login': {'uuid': '446e1da7-46a7-402a-9218-096fe0a09c62', 'username': 'biglion154', 'password': 'birthday1', 'salt': 'rxPEahQw', 'md5': 'cb037450101fbe42b91de1037b8488d3', 'sha1': '3c6256a2d2871bd77d03ec1be35430359789dbae', 'sha256': 'e767d45d13f5018aae8f92a4cf35cda2fce6b57c423c0f837e76ab52a4e4e9a8'}, 'dob': {'date': '1979-12-10T08:08:56.526Z', 'age': 44}, 'registered': {'date': '2010-02-23T21:05:39.530Z', 'age': 14}, 'phone': '990-606-741', 'cell': '663-409-820', 'id': {'name': 'DNI', 'value': '53967050-S'}, 'picture': {'large': 'https://randomuser.me/api/portraits/men/97.jpg', 'medium': 'https://randomuser.me/api/portraits/med/men/97.jpg', 'thumbnail': 'https://randomuser.me/api/portraits/thumb/men/97.jpg'}, 'nat': 'ES'}</msg>
<arg>${json_data['results'][0]}</arg>
<doc>Logs the given message with the given level.</doc>
<status status="PASS" start="2024-07-11T06:20:51.914547" elapsed="0.000398"/>
</kw>
<kw name="Log" owner="BuiltIn">
<msg time="2024-07-11T06:20:51.915369" level="INFO">email</msg>
<arg>${key}</arg>
<doc>Logs the given message with the given level.</doc>
<status status="PASS" start="2024-07-11T06:20:51.915243" elapsed="0.000165"/>
</kw>
<var name="${key}">email</var>
<status status="PASS" start="2024-07-11T06:20:51.913857" elapsed="0.001767"/>
</iter>
<iter>
<kw name="Dictionary Should Contain Key" owner="Collections">
<arg>${json_data['results'][0]}</arg>
<arg>${key}</arg>
<doc>Fails if ``key`` is not found from ``dictionary``.</doc>
<status status="PASS" start="2024-07-11T06:20:51.915910" elapsed="0.000398"/>
</kw>
<kw name="Log" owner="BuiltIn">
<msg time="2024-07-11T06:20:51.916837" level="INFO">{'gender': 'male', 'name': {'title': 'Mr', 'first': 'Enrique', 'last': 'Flores'}, 'location': {'street': {'number': 9143, 'name': 'Avenida de La Albufera'}, 'city': 'Talavera de la Reina', 'state': 'Galicia', 'country': 'Spain', 'postcode': 52353, 'coordinates': {'latitude': '-30.1077', 'longitude': '-52.0508'}, 'timezone': {'offset': '-1:00', 'description': 'Azores, Cape Verde Islands'}}, 'email': 'enrique.flores@example.com', 'login': {'uuid': '446e1da7-46a7-402a-9218-096fe0a09c62', 'username': 'biglion154', 'password': 'birthday1', 'salt': 'rxPEahQw', 'md5': 'cb037450101fbe42b91de1037b8488d3', 'sha1': '3c6256a2d2871bd77d03ec1be35430359789dbae', 'sha256': 'e767d45d13f5018aae8f92a4cf35cda2fce6b57c423c0f837e76ab52a4e4e9a8'}, 'dob': {'date': '1979-12-10T08:08:56.526Z', 'age': 44}, 'registered': {'date': '2010-02-23T21:05:39.530Z', 'age': 14}, 'phone': '990-606-741', 'cell': '663-409-820', 'id': {'name': 'DNI', 'value': '53967050-S'}, 'picture': {'large': 'https://randomuser.me/api/portraits/men/97.jpg', 'medium': 'https://randomuser.me/api/portraits/med/men/97.jpg', 'thumbnail': 'https://randomuser.me/api/portraits/thumb/men/97.jpg'}, 'nat': 'ES'}</msg>
<arg>${json_data['results'][0]}</arg>
<doc>Logs the given message with the given level.</doc>
<status status="PASS" start="2024-07-11T06:20:51.916491" elapsed="0.000396"/>
</kw>
<kw name="Log" owner="BuiltIn">
<msg time="2024-07-11T06:20:51.917341" level="INFO">login</msg>
<arg>${key}</arg>
<doc>Logs the given message with the given level.</doc>
<status status="PASS" start="2024-07-11T06:20:51.917214" elapsed="0.000165"/>
</kw>
<var name="${key}">login</var>
<status status="PASS" start="2024-07-11T06:20:51.915796" elapsed="0.001804"/>
</iter>
<var>${key}</var>
<value>@{expected_keys}</value>
<status status="PASS" start="2024-07-11T06:20:51.907619" elapsed="0.010104"/>
</for>
<kw name="Create List" owner="BuiltIn">
<msg time="2024-07-11T06:20:51.918046" level="INFO">${expected_keysTwo} = ['username', 'password']</msg>
<var>${expected_keysTwo}</var>
<arg>username</arg>
<arg>password</arg>
<doc>Returns a list containing given items.</doc>
<status status="PASS" start="2024-07-11T06:20:51.917913" elapsed="0.000185"/>
</kw>
<for flavor="IN">
<iter>
<kw name="Dictionary Should Contain Key" owner="Collections">
<arg>${json_data['results'][0]['login']}</arg>
<arg>${keyTwo}</arg>
<doc>Fails if ``key`` is not found from ``dictionary``.</doc>
<status status="PASS" start="2024-07-11T06:20:51.918608" elapsed="0.000393"/>
</kw>
<kw name="Dictionary Should Contain Key" owner="Collections">
<arg>${json_data['results'][0]['login']}</arg>
<arg>${keyTwo}</arg>
<doc>Fails if ``key`` is not found from ``dictionary``.</doc>
<status status="PASS" start="2024-07-11T06:20:51.919183" elapsed="0.000369"/>
</kw>
<kw name="Log" owner="BuiltIn">
<msg time="2024-07-11T06:20:51.919854" level="INFO">username</msg>
<arg>${keyTwo}</arg>
<doc>Logs the given message with the given level.</doc>
<status status="PASS" start="2024-07-11T06:20:51.919736" elapsed="0.000155"/>
</kw>
<var name="${keyTwo}">username</var>
<status status="PASS" start="2024-07-11T06:20:51.918499" elapsed="0.001617"/>
</iter>
<iter>
<kw name="Dictionary Should Contain Key" owner="Collections">
<arg>${json_data['results'][0]['login']}</arg>
<arg>${keyTwo}</arg>
<doc>Fails if ``key`` is not found from ``dictionary``.</doc>
<status status="PASS" start="2024-07-11T06:20:51.920398" elapsed="0.000381"/>
</kw>
<kw name="Dictionary Should Contain Key" owner="Collections">
<arg>${json_data['results'][0]['login']}</arg>
<arg>${keyTwo}</arg>
<doc>Fails if ``key`` is not found from ``dictionary``.</doc>
<status status="PASS" start="2024-07-11T06:20:51.920991" elapsed="0.000384"/>
</kw>
<kw name="Log" owner="BuiltIn">
<msg time="2024-07-11T06:20:51.921670" level="INFO">password</msg>
<arg>${keyTwo}</arg>
<doc>Logs the given message with the given level.</doc>
<status status="PASS" start="2024-07-11T06:20:51.921552" elapsed="0.000161"/>
</kw>
<var name="${keyTwo}">password</var>
<status status="PASS" start="2024-07-11T06:20:51.920291" elapsed="0.001643"/>
</iter>
<var>${keyTwo}</var>
<value>@{expected_keysTwo}</value>
<status status="PASS" start="2024-07-11T06:20:51.918345" elapsed="0.003710"/>
</for>
<status status="PASS" start="2024-07-11T06:20:51.775371" elapsed="0.146826"/>
</kw>
<doc>Testa a estrutura da resposta da API.</doc>
<tag>testeEstruturaResposta</tag>
<status status="PASS" start="2024-07-11T06:20:51.774774" elapsed="0.147576"/>
</test>
<test id="s1-s1-t4" name="Validar tipos de dados" line="28">
<kw name="Teste de Tipos de Dados" owner="random-user-service">
<kw name="GET On Session" owner="RequestsLibrary">
<msg time="2024-07-11T06:20:52.018800" level="INFO">GET Request : url=https://randomuser.me/api 
 path_url=/api 
 headers={'User-Agent': 'python-requests/2.32.3', 'Accept-Encoding': 'gzip, deflate', 'Accept': '*/*', 'Connection': 'keep-alive'} 
 body=None 
 </msg>
<msg time="2024-07-11T06:20:52.018893" level="INFO">GET Response : url=https://randomuser.me/api 
 status=200, reason=OK 
 headers={'Date': 'Thu, 11 Jul 2024 06:20:52 GMT', 'Content-Type': 'application/json; charset=utf-8', 'Transfer-Encoding': 'chunked', 'Connection': 'keep-alive', 'X-Powered-By': 'Express', 'Access-Control-Allow-Origin': '*', 'Cache-Control': 'no-cache', 'ETag': 'W/"47b-WmxjOKjakhaKzJEcEuDlHTfks78"', 'Vary': 'Accept-Encoding', 'Content-Encoding': 'gzip', 'CF-Cache-Status': 'DYNAMIC', 'Report-To': '{"endpoints":[{"url":"https:\\/\\/a.nel.cloudflare.com\\/report\\/v4?s=bI2mIhA8UJtzYAiwLZabQBItNFqZM83EeFVPsyWSSe8BxEZj6KQREBIQwDm1jHsWEetVr4Zf%2BjDMFoFr557A%2FTLDc6uGqFVxWocHM1bkWLrsPLimba4B1oyOjmnuES9U"}],"group":"cf-nel","max_age":604800}', 'NEL': '{"success_fraction":0,"report_to":"cf-nel","max_age":604800}', 'Server': 'cloudflare', 'CF-RAY': '8a16b0a88ce196d8-SJC', 'alt-svc': 'h3=":443"; ma=86400'} 
 body={"results":[{"gender":"male","name":{"title":"Mr","first":"Ernest","last":"Howell"},"location":{"street":{"number":820,"name":"Hickory Creek Dr"},"city":"New York","state":"Indiana","country":"United States","postcode":90369,"coordinates":{"latitude":"82.7323","longitude":"-133.7036"},"timezone":{"offset":"+5:45","description":"Kathmandu"}},"email":"ernest.howell@example.com","login":{"uuid":"56c1594e-3bc3-4ea3-ab78-8ae7e9a64270","username":"lazylion551","password":"redman","salt":"nRUl3Nlx","md5":"447985769f524e76e0c6658ebd2cdbb3","sha1":"3c66564ac4fdc671039ae8d52ad71fb4e7bc4a76","sha256":"42079100c39135a3f9c9121c632960a632dc7bed0773ef4b0e697a1c9daf7152"},"dob":{"date":"1982-12-05T01:18:21.185Z","age":41},"registered":{"date":"2020-05-11T12:16:10.523Z","age":4},"phone":"(966) 521-4067","cell":"(546) 486-9058","id":{"name":"SSN","value":"457-44-8185"},"picture":{"large":"https://randomuser.me/api/portraits/men/49.jpg","medium":"https://randomuser.me/api/portraits/med/men/49.jpg","thumbnail":"https://randomuser.me/api/portraits/thumb/men/49.jpg"},"nat":"US"}],"info":{"seed":"0ef06881c0b4bcbe","results":1,"page":1,"version":"1.4"}} 
 </msg>
<msg time="2024-07-11T06:20:52.018964" level="INFO">/opt/hostedtoolcache/Python/3.12.4/x64/lib/python3.12/site-packages/urllib3/connectionpool.py:1099: InsecureRequestWarning: Unverified HTTPS request is being made to host 'randomuser.me'. Adding certificate verification is strongly advised. See: https://urllib3.readthedocs.io/en/latest/advanced-usage.html#tls-warnings
  warnings.warn(</msg>
<msg time="2024-07-11T06:20:52.019083" level="INFO">${response} = &lt;Response [200]&gt;</msg>
<var>${response}</var>
<arg>consultarAPI</arg>
<arg>/api</arg>
<doc>Sends a GET request on a previously created HTTP Session.</doc>
<status status="PASS" start="2024-07-11T06:20:51.925001" elapsed="0.094125"/>
</kw>
<kw name="Set Variable" owner="BuiltIn">
<msg time="2024-07-11T06:20:52.020315" level="INFO">${json_data} = {'results': [{'gender': 'male', 'name': {'title': 'Mr', 'first': 'Ernest', 'last': 'Howell'}, 'location': {'street': {'number': 820, 'name': 'Hickory Creek Dr'}, 'city': 'New York', 'state': 'Indiana'...</msg>
<var>${json_data}</var>
<arg>${response.json()}</arg>
<doc>Returns the given values which can then be assigned to a variables.</doc>
<status status="PASS" start="2024-07-11T06:20:52.019751" elapsed="0.000594"/>
</kw>
<kw name="Log" owner="BuiltIn">
<msg time="2024-07-11T06:20:52.020873" level="INFO">{'results': [{'gender': 'male', 'name': {'title': 'Mr', 'first': 'Ernest', 'last': 'Howell'}, 'location': {'street': {'number': 820, 'name': 'Hickory Creek Dr'}, 'city': 'New York', 'state': 'Indiana', 'country': 'United States', 'postcode': 90369, 'coordinates': {'latitude': '82.7323', 'longitude': '-133.7036'}, 'timezone': {'offset': '+5:45', 'description': 'Kathmandu'}}, 'email': 'ernest.howell@example.com', 'login': {'uuid': '56c1594e-3bc3-4ea3-ab78-8ae7e9a64270', 'username': 'lazylion551', 'password': 'redman', 'salt': 'nRUl3Nlx', 'md5': '447985769f524e76e0c6658ebd2cdbb3', 'sha1': '3c66564ac4fdc671039ae8d52ad71fb4e7bc4a76', 'sha256': '42079100c39135a3f9c9121c632960a632dc7bed0773ef4b0e697a1c9daf7152'}, 'dob': {'date': '1982-12-05T01:18:21.185Z', 'age': 41}, 'registered': {'date': '2020-05-11T12:16:10.523Z', 'age': 4}, 'phone': '(966) 521-4067', 'cell': '(546) 486-9058', 'id': {'name': 'SSN', 'value': '457-44-8185'}, 'picture': {'large': 'https://randomuser.me/api/portraits/men/49.jpg', 'medium': 'https://randomuser.me/api/portraits/med/men/49.jpg', 'thumbnail': 'https://randomuser.me/api/portraits/thumb/men/49.jpg'}, 'nat': 'US'}], 'info': {'seed': '0ef06881c0b4bcbe', 'results': 1, 'page': 1, 'version': '1.4'}}</msg>
<arg>${json_data}</arg>
<doc>Logs the given message with the given level.</doc>
<status status="PASS" start="2024-07-11T06:20:52.020692" elapsed="0.000266"/>
</kw>
<kw name="Should Be String" owner="String">
<arg>${json_data['results'][0]['gender']}</arg>
<doc>Fails if the given ``item`` is not a string.</doc>
<status status="PASS" start="2024-07-11T06:20:52.021282" elapsed="0.000378"/>
</kw>
<kw name="Should Match Regexp" owner="BuiltIn">
<arg>${json_data['results'][0]['email']}</arg>
<arg>^[a-zA-Z0-9._%+-]+@[a-zA-Z0-9.-]+\.[a-zA-Z]{2,}$</arg>
<doc>Fails if ``string`` does not match ``pattern`` as a regular expression.</doc>
<status status="PASS" start="2024-07-11T06:20:52.021852" elapsed="0.000526"/>
</kw>
<kw name="Should Match Regexp" owner="BuiltIn">
<arg>${json_data['results'][0]['dob']['date']}</arg>
<arg>\\d{4}-\\d{2}-\\d{2}T\\d{2}:\\d{2}:\\d{2}\\.\\d{3}Z</arg>
<doc>Fails if ``string`` does not match ``pattern`` as a regular expression.</doc>
<status status="PASS" start="2024-07-11T06:20:52.022614" elapsed="0.000490"/>
</kw>
<kw name="Should Match Regexp" owner="BuiltIn">
<arg>${json_data['results'][0]['registered']['date']}</arg>
<arg>\\d{4}-\\d{2}-\\d{2}T\\d{2}:\\d{2}:\\d{2}\\.\\d{3}Z</arg>
<doc>Fails if ``string`` does not match ``pattern`` as a regular expression.</doc>
<status status="PASS" start="2024-07-11T06:20:52.023296" elapsed="0.000373"/>
</kw>
<kw name="Should Match Regexp" owner="BuiltIn">
<arg>${json_data['results'][0]['picture']['large']}</arg>
<arg>^https?://.*\.(?:png|jpe?g|gif|bmp)$</arg>
<doc>Fails if ``string`` does not match ``pattern`` as a regular expression.</doc>
<status status="PASS" start="2024-07-11T06:20:52.023855" elapsed="0.000455"/>
</kw>
<kw name="Should Match Regexp" owner="BuiltIn">
<arg>${json_data['results'][0]['picture']['medium']}</arg>
<arg>^https?://.*\.(?:png|jpe?g|gif|bmp)$</arg>
<doc>Fails if ``string`` does not match ``pattern`` as a regular expression.</doc>
<status status="PASS" start="2024-07-11T06:20:52.024499" elapsed="0.000349"/>
</kw>
<kw name="Should Match Regexp" owner="BuiltIn">
<arg>${json_data['results'][0]['picture']['thumbnail']}</arg>
<arg>^https?://.*\.(?:png|jpe?g|gif|bmp)$</arg>
<doc>Fails if ``string`` does not match ``pattern`` as a regular expression.</doc>
<status status="PASS" start="2024-07-11T06:20:52.025067" elapsed="0.000365"/>
</kw>
<kw name="Log" owner="BuiltIn">
<msg time="2024-07-11T06:20:52.025951" level="INFO">{'large': 'https://randomuser.me/api/portraits/men/49.jpg', 'medium': 'https://randomuser.me/api/portraits/med/men/49.jpg', 'thumbnail': 'https://randomuser.me/api/portraits/thumb/men/49.jpg'}</msg>
<arg>${json_data['results'][0]['picture']}</arg>
<doc>Logs the given message with the given level.</doc>
<status status="PASS" start="2024-07-11T06:20:52.025620" elapsed="0.000377"/>
</kw>
<status status="PASS" start="2024-07-11T06:20:51.924748" elapsed="0.101511"/>
</kw>
<kw name="Teste de Tipos de Dados - Postcode" owner="random-user-service">
<kw name="GET On Session" owner="RequestsLibrary">
<msg time="2024-07-11T06:20:52.129764" level="INFO">GET Request : url=https://randomuser.me/api 
 path_url=/api 
 headers={'User-Agent': 'python-requests/2.32.3', 'Accept-Encoding': 'gzip, deflate', 'Accept': '*/*', 'Connection': 'keep-alive'} 
 body=None 
 </msg>
<msg time="2024-07-11T06:20:52.129840" level="INFO">GET Response : url=https://randomuser.me/api 
 status=200, reason=OK 
 headers={'Date': 'Thu, 11 Jul 2024 06:20:52 GMT', 'Content-Type': 'application/json; charset=utf-8', 'Transfer-Encoding': 'chunked', 'Connection': 'keep-alive', 'X-Powered-By': 'Express', 'Access-Control-Allow-Origin': '*', 'Cache-Control': 'no-cache', 'ETag': 'W/"474-WpC3rSxWayWZ8MYCaNZEnv1I1b4"', 'Vary': 'Accept-Encoding', 'Content-Encoding': 'gzip', 'CF-Cache-Status': 'DYNAMIC', 'Report-To': '{"endpoints":[{"url":"https:\\/\\/a.nel.cloudflare.com\\/report\\/v4?s=BY7wLOTORQUMrAz9jHttZcSwqpewmpBytwMXEwC%2Fy5DsMqRwzH1L6TEbUKqexGPKZLreT%2FUOXIMVgCcaAd%2BE38m2aCo5gKjGQ5CgRw%2BmZQ0Wux1a2YZ2kKY%2FUVE4wml7"}],"group":"cf-nel","max_age":604800}', 'NEL': '{"success_fraction":0,"report_to":"cf-nel","max_age":604800}', 'Server': 'cloudflare', 'CF-RAY': '8a16b0a93d3a96d8-SJC', 'alt-svc': 'h3=":443"; ma=86400'} 
 body={"results":[{"gender":"female","name":{"title":"Ms","first":"الینا","last":"سلطانی نژاد"},"location":{"street":{"number":4428,"name":"هویزه"},"city":"قم","state":"مرکزی","country":"Iran","postcode":82997,"coordinates":{"latitude":"14.0627","longitude":"5.2496"},"timezone":{"offset":"-10:00","description":"Hawaii"}},"email":"lyn.sltnynjd@example.com","login":{"uuid":"35f17dba-ca50-4909-ac04-5b0b71d713e7","username":"crazyfrog731","password":"7654321","salt":"QwaMdKhX","md5":"5d0538b2f03b25426cc640c5c134f7d8","sha1":"8547444b6f9f3d133e9c5d326c8d5a39dd60b279","sha256":"fba0786d79c3de24f9d651542e55fd37b67fb765173303d3b0c2bae76a8b0a45"},"dob":{"date":"1945-04-10T17:24:57.352Z","age":79},"registered":{"date":"2016-10-28T11:04:21.554Z","age":7},"phone":"008-41184952","cell":"0936-804-2832","id":{"name":"","value":null},"picture":{"large":"https://randomuser.me/api/portraits/women/45.jpg","medium":"https://randomuser.me/api/portraits/med/women/45.jpg","thumbnail":"https://randomuser.me/api/portraits/thumb/women/45.jpg"},"nat":"IR"}],"info":{"seed":"c51f1f913bead246","results":1,"page":1,"version":"1.4"}} 
 </msg>
<msg time="2024-07-11T06:20:52.129904" level="INFO">/opt/hostedtoolcache/Python/3.12.4/x64/lib/python3.12/site-packages/urllib3/connectionpool.py:1099: InsecureRequestWarning: Unverified HTTPS request is being made to host 'randomuser.me'. Adding certificate verification is strongly advised. See: https://urllib3.readthedocs.io/en/latest/advanced-usage.html#tls-warnings
  warnings.warn(</msg>
<msg time="2024-07-11T06:20:52.130000" level="INFO">${response} = &lt;Response [200]&gt;</msg>
<var>${response}</var>
<arg>consultarAPI</arg>
<arg>/api</arg>
<doc>Sends a GET request on a previously created HTTP Session.</doc>
<status status="PASS" start="2024-07-11T06:20:52.026720" elapsed="0.103317"/>
</kw>
<kw name="Set Variable" owner="BuiltIn">
<msg time="2024-07-11T06:20:52.130925" level="INFO">${json_data} = {'results': [{'gender': 'female', 'name': {'title': 'Ms', 'first': 'الینا', 'last': 'سلطانی نژاد'}, 'location': {'street': {'number': 4428, 'name': 'هویزه'}, 'city': 'قم', 'state': 'مرکزی', 'country':...</msg>
<var>${json_data}</var>
<arg>${response.json()}</arg>
<doc>Returns the given values which can then be assigned to a variables.</doc>
<status status="PASS" start="2024-07-11T06:20:52.130450" elapsed="0.000509"/>
</kw>
<kw name="Log" owner="BuiltIn">
<msg time="2024-07-11T06:20:52.131442" level="INFO">{'results': [{'gender': 'female', 'name': {'title': 'Ms', 'first': 'الینا', 'last': 'سلطانی نژاد'}, 'location': {'street': {'number': 4428, 'name': 'هویزه'}, 'city': 'قم', 'state': 'مرکزی', 'country': 'Iran', 'postcode': 82997, 'coordinates': {'latitude': '14.0627', 'longitude': '5.2496'}, 'timezone': {'offset': '-10:00', 'description': 'Hawaii'}}, 'email': 'lyn.sltnynjd@example.com', 'login': {'uuid': '35f17dba-ca50-4909-ac04-5b0b71d713e7', 'username': 'crazyfrog731', 'password': '7654321', 'salt': 'QwaMdKhX', 'md5': '5d0538b2f03b25426cc640c5c134f7d8', 'sha1': '8547444b6f9f3d133e9c5d326c8d5a39dd60b279', 'sha256': 'fba0786d79c3de24f9d651542e55fd37b67fb765173303d3b0c2bae76a8b0a45'}, 'dob': {'date': '1945-04-10T17:24:57.352Z', 'age': 79}, 'registered': {'date': '2016-10-28T11:04:21.554Z', 'age': 7}, 'phone': '008-41184952', 'cell': '0936-804-2832', 'id': {'name': '', 'value': None}, 'picture': {'large': 'https://randomuser.me/api/portraits/women/45.jpg', 'medium': 'https://randomuser.me/api/portraits/med/women/45.jpg', 'thumbnail': 'https://randomuser.me/api/portraits/thumb/women/45.jpg'}, 'nat': 'IR'}], 'info': {'seed': 'c51f1f913bead246', 'results': 1, 'page': 1, 'version': '1.4'}}</msg>
<arg>${json_data}</arg>
<doc>Logs the given message with the given level.</doc>
<status status="PASS" start="2024-07-11T06:20:52.131283" elapsed="0.000211"/>
</kw>
<kw name="Should Be Equal As Numbers" owner="BuiltIn">
<arg>${json_data['results'][0]['location']['postcode']}</arg>
<arg>${json_data['results'][0]['location']['postcode']}</arg>
<doc>Fails if objects are unequal after converting them to real numbers.</doc>
<status status="PASS" start="2024-07-11T06:20:52.131792" elapsed="0.000651"/>
</kw>
<kw name="Log" owner="BuiltIn">
<msg time="2024-07-11T06:20:52.133022" level="INFO">82997</msg>
<arg>${json_data['results'][0]['location']['postcode']}</arg>
<doc>Logs the given message with the given level.</doc>
<status status="PASS" start="2024-07-11T06:20:52.132641" elapsed="0.000425"/>
</kw>
<status status="PASS" start="2024-07-11T06:20:52.026492" elapsed="0.106865"/>
</kw>
<doc>Testa se os tipos de dados na resposta da API estão corretos.</doc>
<tag>testeTiposDados</tag>
<status status="PASS" start="2024-07-11T06:20:51.924106" elapsed="0.209424"/>
</test>
<test id="s1-s1-t5" name="Validar conteudo" line="35">
<kw name="Teste de Tipos de Conteudo" owner="random-user-service">
<kw name="GET On Session" owner="RequestsLibrary">
<msg time="2024-07-11T06:20:52.221102" level="INFO">GET Request : url=https://randomuser.me/api 
 path_url=/api 
 headers={'User-Agent': 'python-requests/2.32.3', 'Accept-Encoding': 'gzip, deflate', 'Accept': '*/*', 'Connection': 'keep-alive'} 
 body=None 
 </msg>
<msg time="2024-07-11T06:20:52.221200" level="INFO">GET Response : url=https://randomuser.me/api 
 status=200, reason=OK 
 headers={'Date': 'Thu, 11 Jul 2024 06:20:52 GMT', 'Content-Type': 'application/json; charset=utf-8', 'Transfer-Encoding': 'chunked', 'Connection': 'keep-alive', 'X-Powered-By': 'Express', 'Access-Control-Allow-Origin': '*', 'Cache-Control': 'no-cache', 'ETag': 'W/"47b-CcYNUep7JXMHoRTVA5B2NG+EXm8"', 'Vary': 'Accept-Encoding', 'Content-Encoding': 'gzip', 'CF-Cache-Status': 'DYNAMIC', 'Report-To': '{"endpoints":[{"url":"https:\\/\\/a.nel.cloudflare.com\\/report\\/v4?s=S71FWEIaVnc5PyocQL1iXFMCbAhqNS1gqF3zdaLVkWDGigodD6t%2F%2B4CwS2VraTTIjc9fg5wYsDhASdyTD%2F87Z1n7GOqkBfQWWtg6iyNDROVpwoHQZF%2FIFnQETjuxyvQj"}],"group":"cf-nel","max_age":604800}', 'NEL': '{"success_fraction":0,"report_to":"cf-nel","max_age":604800}', 'Server': 'cloudflare', 'CF-RAY': '8a16b0a9dda196d8-SJC', 'alt-svc': 'h3=":443"; ma=86400'} 
 body={"results":[{"gender":"male","name":{"title":"Mr","first":"Mike","last":"Peters"},"location":{"street":{"number":5944,"name":"Valley View Ln"},"city":"Stockton","state":"Missouri","country":"United States","postcode":43009,"coordinates":{"latitude":"86.7257","longitude":"-38.3657"},"timezone":{"offset":"-3:30","description":"Newfoundland"}},"email":"mike.peters@example.com","login":{"uuid":"bb59dd75-8147-4c67-be4d-201af43f2170","username":"crazyswan253","password":"trunks","salt":"IgpDWxC9","md5":"4b6e944c0706181dd2ffc70596afe87f","sha1":"c0a04b6b257809fd4918539e734f8f9e7e9f404f","sha256":"1388e0016b32c19cb86c3a79136cf2d1ebc8e23b634d00448da5db512dd98d56"},"dob":{"date":"1945-11-09T13:07:48.148Z","age":78},"registered":{"date":"2004-04-13T14:31:58.041Z","age":20},"phone":"(922) 910-4061","cell":"(320) 270-6009","id":{"name":"SSN","value":"381-59-2178"},"picture":{"large":"https://randomuser.me/api/portraits/men/67.jpg","medium":"https://randomuser.me/api/portraits/med/men/67.jpg","thumbnail":"https://randomuser.me/api/portraits/thumb/men/67.jpg"},"nat":"US"}],"info":{"seed":"8e2bdd48b33e6469","results":1,"page":1,"version":"1.4"}} 
 </msg>
<msg time="2024-07-11T06:20:52.221294" level="INFO">/opt/hostedtoolcache/Python/3.12.4/x64/lib/python3.12/site-packages/urllib3/connectionpool.py:1099: InsecureRequestWarning: Unverified HTTPS request is being made to host 'randomuser.me'. Adding certificate verification is strongly advised. See: https://urllib3.readthedocs.io/en/latest/advanced-usage.html#tls-warnings
  warnings.warn(</msg>
<msg time="2024-07-11T06:20:52.221421" level="INFO">${response} = &lt;Response [200]&gt;</msg>
<var>${response}</var>
<arg>consultarAPI</arg>
<arg>/api</arg>
<doc>Sends a GET request on a previously created HTTP Session.</doc>
<status status="PASS" start="2024-07-11T06:20:52.136234" elapsed="0.085238"/>
</kw>
<kw name="Set Variable" owner="BuiltIn">
<msg time="2024-07-11T06:20:52.222612" level="INFO">${json_data} = {'results': [{'gender': 'male', 'name': {'title': 'Mr', 'first': 'Mike', 'last': 'Peters'}, 'location': {'street': {'number': 5944, 'name': 'Valley View Ln'}, 'city': 'Stockton', 'state': 'Missouri', ...</msg>
<var>${json_data}</var>
<arg>${response.json()}</arg>
<doc>Returns the given values which can then be assigned to a variables.</doc>
<status status="PASS" start="2024-07-11T06:20:52.222042" elapsed="0.000599"/>
</kw>
<kw name="Set Variable" owner="BuiltIn">
<msg time="2024-07-11T06:20:52.223360" level="INFO">${name_title} = Mr</msg>
<var>${name_title}</var>
<arg>${json_data["results"][0]["name"]["title"]}</arg>
<doc>Returns the given values which can then be assigned to a variables.</doc>
<status status="PASS" start="2024-07-11T06:20:52.222965" elapsed="0.000422"/>
</kw>
<kw name="Create List" owner="BuiltIn">
<msg time="2024-07-11T06:20:52.223855" level="INFO">${allowed_titles} = ['Mr', 'Ms', 'Miss', 'Mrs', 'Madame', 'Monsieur']</msg>
<var>${allowed_titles}</var>
<arg>Mr</arg>
<arg>Ms</arg>
<arg>Miss</arg>
<arg>Mrs</arg>
<arg>Madame</arg>
<arg>Monsieur</arg>
<doc>Returns a list containing given items.</doc>
<status status="PASS" start="2024-07-11T06:20:52.223695" elapsed="0.000184"/>
</kw>
<kw name="List Should Contain Value" owner="Collections">
<arg>${allowed_titles}</arg>
<arg>${name_title}</arg>
<doc>Fails if the ``value`` is not found from ``list``.</doc>
<status status="PASS" start="2024-07-11T06:20:52.224194" elapsed="0.000180"/>
</kw>
<kw name="Set Variable" owner="BuiltIn">
<msg time="2024-07-11T06:20:52.224950" level="INFO">${name_country} = US</msg>
<var>${name_country}</var>
<arg>${json_data["results"][0]["nat"]}</arg>
<doc>Returns the given values which can then be assigned to a variables.</doc>
<status status="PASS" start="2024-07-11T06:20:52.224554" elapsed="0.000428"/>
</kw>
<kw name="Create List" owner="BuiltIn">
<msg time="2024-07-11T06:20:52.225890" level="INFO">${list_country} = ['AD', 'AE', 'AF', 'AG', 'AI', 'AL', 'AM', 'AO', 'AQ', 'AR', 'AS', 'AT', 'AU', 'AW', 'AX', 'AZ', 'BA', 'BB', 'BD', 'BE', 'BF', 'BG', 'BH', 'BI', 'BJ', 'BL', 'BM', 'BN', 'BO', 'BQ', 'BR', 'BS', 'BT', '...</msg>
<var>${list_country}</var>
<arg>AD</arg>
<arg>AE</arg>
<arg>AF</arg>
<arg>AG</arg>
<arg>AI</arg>
<arg>AL</arg>
<arg>AM</arg>
<arg>AO</arg>
<arg>AQ</arg>
<arg>AR</arg>
<arg>AS</arg>
<arg>AT</arg>
<arg>AU</arg>
<arg>AW</arg>
<arg>AX</arg>
<arg>AZ</arg>
<arg>BA</arg>
<arg>BB</arg>
<arg>BD</arg>
<arg>BE</arg>
<arg>BF</arg>
<arg>BG</arg>
<arg>BH</arg>
<arg>BI</arg>
<arg>BJ</arg>
<arg>BL</arg>
<arg>BM</arg>
<arg>BN</arg>
<arg>BO</arg>
<arg>BQ</arg>
<arg>BR</arg>
<arg>BS</arg>
<arg>BT</arg>
<arg>BV</arg>
<arg>BW</arg>
<arg>BY</arg>
<arg>BZ</arg>
<arg>CA</arg>
<arg>CC</arg>
<arg>CD</arg>
<arg>CF</arg>
<arg>CG</arg>
<arg>CH</arg>
<arg>CI</arg>
<arg>CK</arg>
<arg>CL</arg>
<arg>CM</arg>
<arg>CN</arg>
<arg>CO</arg>
<arg>CR</arg>
<arg>CU</arg>
<arg>CV</arg>
<arg>CW</arg>
<arg>CX</arg>
<arg>CY</arg>
<arg>CZ</arg>
<arg>DE</arg>
<arg>DJ</arg>
<arg>DK</arg>
<arg>DM</arg>
<arg>DO</arg>
<arg>DZ</arg>
<arg>EC</arg>
<arg>EE</arg>
<arg>EG</arg>
<arg>EH</arg>
<arg>ER</arg>
<arg>ES</arg>
<arg>ET</arg>
<arg>FI</arg>
<arg>FJ</arg>
<arg>FK</arg>
<arg>FM</arg>
<arg>FO</arg>
<arg>FR</arg>
<arg>GA</arg>
<arg>GB</arg>
<arg>GD</arg>
<arg>GE</arg>
<arg>GF</arg>
<arg>GG</arg>
<arg>GH</arg>
<arg>GI</arg>
<arg>GL</arg>
<arg>GM</arg>
<arg>GN</arg>
<arg>GP</arg>
<arg>GQ</arg>
<arg>GR</arg>
<arg>GS</arg>
<arg>GT</arg>
<arg>GU</arg>
<arg>GW</arg>
<arg>GY</arg>
<arg>HK</arg>
<arg>HM</arg>
<arg>HN</arg>
<arg>HR</arg>
<arg>HT</arg>
<arg>HU</arg>
<arg>ID</arg>
<arg>IE</arg>
<arg>IL</arg>
<arg>IM</arg>
<arg>IN</arg>
<arg>IO</arg>
<arg>IQ</arg>
<arg>IR</arg>
<arg>IS</arg>
<arg>IT</arg>
<arg>JE</arg>
<arg>JM</arg>
<arg>JO</arg>
<arg>JP</arg>
<arg>KE</arg>
<arg>KG</arg>
<arg>KH</arg>
<arg>KI</arg>
<arg>KM</arg>
<arg>KN</arg>
<arg>KP</arg>
<arg>KR</arg>
<arg>KW</arg>
<arg>KY</arg>
<arg>KZ</arg>
<arg>LA</arg>
<arg>LB</arg>
<arg>LC</arg>
<arg>LI</arg>
<arg>LK</arg>
<arg>LR</arg>
<arg>LS</arg>
<arg>LT</arg>
<arg>LU</arg>
<arg>LV</arg>
<arg>LY</arg>
<arg>MA</arg>
<arg>MC</arg>
<arg>MD</arg>
<arg>ME</arg>
<arg>MF</arg>
<arg>MG</arg>
<arg>MH</arg>
<arg>MK</arg>
<arg>ML</arg>
<arg>MM</arg>
<arg>MN</arg>
<arg>MO</arg>
<arg>MP</arg>
<arg>MQ</arg>
<arg>MR</arg>
<arg>MS</arg>
<arg>MT</arg>
<arg>MU</arg>
<arg>MV</arg>
<arg>MW</arg>
<arg>MX</arg>
<arg>MY</arg>
<arg>MZ</arg>
<arg>NA</arg>
<arg>NC</arg>
<arg>NE</arg>
<arg>NF</arg>
<arg>NG</arg>
<arg>NI</arg>
<arg>NL</arg>
<arg>NO</arg>
<arg>NP</arg>
<arg>NR</arg>
<arg>NU</arg>
<arg>NZ</arg>
<arg>OM</arg>
<arg>PA</arg>
<arg>PE</arg>
<arg>PF</arg>
<arg>PG</arg>
<arg>PH</arg>
<arg>PK</arg>
<arg>PL</arg>
<arg>PM</arg>
<arg>PN</arg>
<arg>PR</arg>
<arg>PS</arg>
<arg>PT</arg>
<arg>PW</arg>
<arg>PY</arg>
<arg>QA</arg>
<arg>RE</arg>
<arg>RO</arg>
<arg>RS</arg>
<arg>RU</arg>
<arg>RW</arg>
<arg>SA</arg>
<arg>SB</arg>
<arg>SC</arg>
<arg>SD</arg>
<arg>SE</arg>
<arg>SG</arg>
<arg>SH</arg>
<arg>SI</arg>
<arg>SJ</arg>
<arg>SK</arg>
<arg>SL</arg>
<arg>SM</arg>
<arg>SN</arg>
<arg>SO</arg>
<arg>SR</arg>
<arg>SS</arg>
<arg>ST</arg>
<arg>SV</arg>
<arg>SX</arg>
<arg>SY</arg>
<arg>SZ</arg>
<arg>TC</arg>
<arg>TD</arg>
<arg>TF</arg>
<arg>TG</arg>
<arg>TH</arg>
<arg>TJ</arg>
<arg>TK</arg>
<arg>TL</arg>
<arg>TM</arg>
<arg>TN</arg>
<arg>TO</arg>
<arg>TR</arg>
<arg>TT</arg>
<arg>TV</arg>
<arg>TW</arg>
<arg>TZ</arg>
<arg>UA</arg>
<arg>UG</arg>
<arg>UM</arg>
<arg>US</arg>
<arg>UY</arg>
<arg>UZ</arg>
<arg>VA</arg>
<arg>VC</arg>
<arg>VE</arg>
<arg>VG</arg>
<arg>VI</arg>
<arg>VN</arg>
<arg>VU</arg>
<arg>WF</arg>
<arg>WS</arg>
<arg>XK</arg>
<arg>YE</arg>
<arg>YT</arg>
<arg>ZA</arg>
<arg>ZM</arg>
<arg>ZW</arg>
<doc>Returns a list containing given items.</doc>
<status status="PASS" start="2024-07-11T06:20:52.225301" elapsed="0.000615"/>
</kw>
<kw name="List Should Contain Value" owner="Collections">
<arg>${list_country}</arg>
<arg>${name_country}</arg>
<doc>Fails if the ``value`` is not found from ``list``.</doc>
<status status="PASS" start="2024-07-11T06:20:52.226709" elapsed="0.000207"/>
</kw>
<kw name="Run Keyword If" owner="BuiltIn">
<kw name="Should Be True" owner="BuiltIn">
<arg>${True}</arg>
<doc>Fails if the given condition is not true.</doc>
<status status="PASS" start="2024-07-11T06:20:52.227855" elapsed="0.000141"/>
</kw>
<arg>${json_data["results"][0]["location"]["coordinates"]["latitude"]} &gt;= -90 and ${json_data["results"][0]["location"]["coordinates"]["latitude"]} &lt;= 90</arg>
<arg>Should Be True</arg>
<arg>${True}</arg>
<doc>Runs the given keyword with the given arguments, if ``condition`` is true.</doc>
<status status="PASS" start="2024-07-11T06:20:52.227115" elapsed="0.001007"/>
</kw>
<kw name="Run Keyword If" owner="BuiltIn">
<kw name="Should Be True" owner="BuiltIn">
<arg>${True}</arg>
<doc>Fails if the given condition is not true.</doc>
<status status="PASS" start="2024-07-11T06:20:52.229020" elapsed="0.000152"/>
</kw>
<arg>${json_data["results"][0]["location"]["coordinates"]["longitude"]} &gt;= -180 and ${json_data["results"][0]["location"]["coordinates"]["longitude"]} &lt;= 180</arg>
<arg>Should Be True</arg>
<arg>${True}</arg>
<doc>Runs the given keyword with the given arguments, if ``condition`` is true.</doc>
<status status="PASS" start="2024-07-11T06:20:52.228303" elapsed="0.000992"/>
</kw>
<status status="PASS" start="2024-07-11T06:20:52.135860" elapsed="0.093567"/>
</kw>
<doc>Testa o conteúdo específico dos campos retornados pela API.</doc>
<tag>testeConteudo</tag>
<status status="PASS" start="2024-07-11T06:20:52.135319" elapsed="0.094258"/>
</test>
<status status="PASS" start="2024-07-11T06:20:51.284904" elapsed="0.946660"/>
</suite>
<status status="PASS" start="2024-07-11T06:20:51.270811" elapsed="0.965935"/>
</suite>
<statistics>
<total>
<stat pass="5" fail="0" skip="0">All Tests</stat>
</total>
<tag>
<stat pass="1" fail="0" skip="0">testeConteudo</stat>
<stat pass="1" fail="0" skip="0">testeEstruturaResposta</stat>
<stat pass="1" fail="0" skip="0">testeRequisicaoBasica</stat>
<stat pass="1" fail="0" skip="0">testeTiposDados</stat>
</tag>
<suite>
<stat pass="5" fail="0" skip="0" id="s1" name="Tests">Tests</stat>
<stat pass="5" fail="0" skip="0" id="s1-s1" name="Random-User-Test">Tests.Random-User-Test</stat>
</suite>
</statistics>
<errors>
</errors>
</robot>
