<?xml version="1.0" encoding="UTF-8"?>
<robot generator="Robot 7.0.1 (Python 3.12.4 on linux)" generated="2024-07-17T22:14:59.129055" rpa="false" schemaversion="5">
<suite id="s1" name="Tests" source="/home/runner/work/ApiRandomUser/ApiRandomUser/RamdonUser/tests">
<suite id="s1-s1" name="Random-User-Test" source="/home/runner/work/ApiRandomUser/ApiRandomUser/RamdonUser/tests/random-user-test.robot">
<test id="s1-s1-t1" name="Conectar" line="13">
<kw name="Conectar API" owner="random-user-service">
<kw name="Create Session" owner="RequestsLibrary">
<msg time="2024-07-17T22:14:59.561506" level="INFO">Creating Session using : alias=consultarAPI, url=https://randomuser.me/, headers={},                     cookies={}, auth=None, timeout=None, proxies=None, verify=False,                     debug=0 </msg>
<arg>consultarAPI</arg>
<arg>${URL}</arg>
<doc>Create Session: create a HTTP session to a server</doc>
<status status="PASS" start="2024-07-17T22:14:59.561238" elapsed="0.000546"/>
</kw>
<status status="PASS" start="2024-07-17T22:14:59.559946" elapsed="0.002328"/>
</kw>
<status status="PASS" start="2024-07-17T22:14:59.559100" elapsed="0.003398"/>
</test>
<test id="s1-s1-t2" name="Validar retorno 200 e JSON Válido" line="16">
<kw name="Teste de Requisicao Basica" owner="random-user-service">
<kw name="GET On Session" owner="RequestsLibrary">
<msg time="2024-07-17T22:14:59.825579" level="INFO">GET Request : url=https://randomuser.me/api 
 path_url=/api 
 headers={'User-Agent': 'python-requests/2.32.3', 'Accept-Encoding': 'gzip, deflate', 'Accept': '*/*', 'Connection': 'keep-alive'} 
 body=None 
 </msg>
<msg time="2024-07-17T22:14:59.825799" level="INFO">GET Response : url=https://randomuser.me/api 
 status=200, reason=OK 
 headers={'Date': 'Wed, 17 Jul 2024 22:14:59 GMT', 'Content-Type': 'application/json; charset=utf-8', 'Transfer-Encoding': 'chunked', 'Connection': 'keep-alive', 'X-Powered-By': 'Express', 'Access-Control-Allow-Origin': '*', 'Cache-Control': 'no-cache', 'ETag': 'W/"483-6EhRfhwsj38EzCNrP6vVW0ltaKE"', 'Vary': 'Accept-Encoding', 'Content-Encoding': 'gzip', 'CF-Cache-Status': 'DYNAMIC', 'Report-To': '{"endpoints":[{"url":"https:\\/\\/a.nel.cloudflare.com\\/report\\/v4?s=Sk3UaVuam%2FgQes0z%2F6SaG%2BTkM8771T3HtY%2Fvbgi%2F5K9K%2FgTNbzMdHxeme9ZZkW0vzAo6CnG3%2BbaIrWnpjax%2BSNrQdJH8iLRRIMmpxs%2FRKPD04Jb3XqRVNeQnjbH6b4Av"}],"group":"cf-nel","max_age":604800}', 'NEL': '{"success_fraction":0,"report_to":"cf-nel","max_age":604800}', 'Server': 'cloudflare', 'CF-RAY': '8a4d968f9bc720bd-IAD', 'alt-svc': 'h3=":443"; ma=86400'} 
 body={"results":[{"gender":"female","name":{"title":"Ms","first":"Ariane","last":"Slawa"},"location":{"street":{"number":7496,"name":"Frederick Ave"},"city":"Belmont","state":"Prince Edward Island","country":"Canada","postcode":"E8X 9U2","coordinates":{"latitude":"-72.2653","longitude":"30.7738"},"timezone":{"offset":"-9:00","description":"Alaska"}},"email":"ariane.slawa@example.com","login":{"uuid":"2df1b71c-42f3-4e7a-ae25-9ca63bb6353a","username":"greenmeercat792","password":"beezer","salt":"i7m6DNP3","md5":"127b89c02343ea1fcad92413a6e31d9e","sha1":"8e2b370c2a58400581818f6f85d635d828067522","sha256":"ff22d5f85251c7fe6ab99323de85c2a6da381f13b4c5c61b810f733472437ae1"},"dob":{"date":"1982-02-07T19:57:16.576Z","age":42},"registered":{"date":"2010-08-06T10:53:46.124Z","age":13},"phone":"T74 F32-6245","cell":"O75 W25-3313","id":{"name":"SIN","value":"852611995"},"picture":{"large":"https://randomuser.me/api/portraits/women/23.jpg","medium":"https://randomuser.me/api/portraits/med/women/23.jpg","thumbnail":"https://randomuser.me/api/portraits/thumb/women/23.jpg"},"nat":"CA"}],"info":{"seed":"f31ef793b39f5e0e","results":1,"page":1,"version":"1.4"}} 
 </msg>
<msg time="2024-07-17T22:14:59.825911" level="INFO">/opt/hostedtoolcache/Python/3.12.4/x64/lib/python3.12/site-packages/urllib3/connectionpool.py:1099: InsecureRequestWarning: Unverified HTTPS request is being made to host 'randomuser.me'. Adding certificate verification is strongly advised. See: https://urllib3.readthedocs.io/en/latest/advanced-usage.html#tls-warnings
  warnings.warn(</msg>
<msg time="2024-07-17T22:14:59.826129" level="INFO">${response} = &lt;Response [200]&gt;</msg>
<var>${response}</var>
<arg>consultarAPI</arg>
<arg>/api</arg>
<doc>Sends a GET request on a previously created HTTP Session.</doc>
<status status="PASS" start="2024-07-17T22:14:59.565482" elapsed="0.260699"/>
</kw>
<kw name="Should Be Equal As Numbers" owner="BuiltIn">
<msg time="2024-07-17T22:14:59.827608" level="INFO">Argument types are:
&lt;class 'int'&gt;
&lt;class 'str'&gt;</msg>
<arg>${response.status_code}</arg>
<arg>200</arg>
<doc>Fails if objects are unequal after converting them to real numbers.</doc>
<status status="PASS" start="2024-07-17T22:14:59.826954" elapsed="0.000739"/>
</kw>
<kw name="Log" owner="BuiltIn">
<msg time="2024-07-17T22:14:59.828550" level="INFO">200</msg>
<arg>${response.status_code}</arg>
<doc>Logs the given message with the given level.</doc>
<status status="PASS" start="2024-07-17T22:14:59.828130" elapsed="0.000471"/>
</kw>
<kw name="Set Variable" owner="BuiltIn">
<msg time="2024-07-17T22:14:59.829462" level="INFO">${json_data} = {'results': [{'gender': 'female', 'name': {'title': 'Ms', 'first': 'Ariane', 'last': 'Slawa'}, 'location': {'street': {'number': 7496, 'name': 'Frederick Ave'}, 'city': 'Belmont', 'state': 'Prince Edw...</msg>
<var>${json_data}</var>
<arg>${response.json()}</arg>
<doc>Returns the given values which can then be assigned to a variables.</doc>
<status status="PASS" start="2024-07-17T22:14:59.828962" elapsed="0.000531"/>
</kw>
<kw name="Dictionary Should Contain Key" owner="Collections">
<arg>${json_data}</arg>
<arg>results</arg>
<doc>Fails if ``key`` is not found from ``dictionary``.</doc>
<status status="PASS" start="2024-07-17T22:14:59.829850" elapsed="0.000480"/>
</kw>
<status status="PASS" start="2024-07-17T22:14:59.565191" elapsed="0.265315"/>
</kw>
<doc>Testa se a API responde corretamente e retorna um objeto JSON válido.</doc>
<tag>testeRequisicaoBasica</tag>
<status status="PASS" start="2024-07-17T22:14:59.564538" elapsed="0.266179"/>
</test>
<test id="s1-s1-t3" name="Validar estrutura de resposta" line="22">
<kw name="Teste de Estrutura de Resposta" owner="random-user-service">
<kw name="GET On Session" owner="RequestsLibrary">
<msg time="2024-07-17T22:14:59.918749" level="INFO">GET Request : url=https://randomuser.me/api 
 path_url=/api 
 headers={'User-Agent': 'python-requests/2.32.3', 'Accept-Encoding': 'gzip, deflate', 'Accept': '*/*', 'Connection': 'keep-alive'} 
 body=None 
 </msg>
<msg time="2024-07-17T22:14:59.918896" level="INFO">GET Response : url=https://randomuser.me/api 
 status=200, reason=OK 
 headers={'Date': 'Wed, 17 Jul 2024 22:14:59 GMT', 'Content-Type': 'application/json; charset=utf-8', 'Transfer-Encoding': 'chunked', 'Connection': 'keep-alive', 'X-Powered-By': 'Express', 'Access-Control-Allow-Origin': '*', 'Cache-Control': 'no-cache', 'ETag': 'W/"49e-Bwi8CX5Yo9Y1fRHJvaow7tVcdrQ"', 'Vary': 'Accept-Encoding', 'Content-Encoding': 'gzip', 'CF-Cache-Status': 'DYNAMIC', 'Report-To': '{"endpoints":[{"url":"https:\\/\\/a.nel.cloudflare.com\\/report\\/v4?s=haerJMNlnMNzHRyXQni%2FIWXy8dlgah4%2Fta8wo28PvRYtITOMH%2BGzjPkKYBmSoNyemf%2FdbLWFfh32Y3laTAH5vS3ZaUmwSotovzD2kAP1H9nwwrEMRLbmuxVjir4GG%2BcN"}],"group":"cf-nel","max_age":604800}', 'NEL': '{"success_fraction":0,"report_to":"cf-nel","max_age":604800}', 'Server': 'cloudflare', 'CF-RAY': '8a4d968ffc4720bd-IAD', 'alt-svc': 'h3=":443"; ma=86400'} 
 body={"results":[{"gender":"male","name":{"title":"Mr","first":"Alban","last":"Van Rijs"},"location":{"street":{"number":8127,"name":"Dokter Holtmannweg"},"city":"Berlicum Nb","state":"Utrecht","country":"Netherlands","postcode":"0368 QK","coordinates":{"latitude":"30.3612","longitude":"-42.3600"},"timezone":{"offset":"+3:00","description":"Baghdad, Riyadh, Moscow, St. Petersburg"}},"email":"alban.vanrijs@example.com","login":{"uuid":"0d8d61ca-4e26-4aad-b44e-9fe51b35d3ff","username":"crazytiger631","password":"diver1","salt":"s5kxNM2D","md5":"92291a9a83d28efb97e8005492153c8d","sha1":"c284514eb74956e763776ab191c48cc07668420e","sha256":"780e76f0ea6303e6a931378de862e0b5146370dc5ce91be52ddf36dbbb15ab6d"},"dob":{"date":"2000-04-14T04:58:18.684Z","age":24},"registered":{"date":"2020-05-18T08:20:20.328Z","age":4},"phone":"(0276) 848702","cell":"(06) 10854854","id":{"name":"BSN","value":"82993995"},"picture":{"large":"https://randomuser.me/api/portraits/men/33.jpg","medium":"https://randomuser.me/api/portraits/med/men/33.jpg","thumbnail":"https://randomuser.me/api/portraits/thumb/men/33.jpg"},"nat":"NL"}],"info":{"seed":"1aa8ab042ecb45ce","results":1,"page":1,"version":"1.4"}} 
 </msg>
<msg time="2024-07-17T22:14:59.919083" level="INFO">/opt/hostedtoolcache/Python/3.12.4/x64/lib/python3.12/site-packages/urllib3/connectionpool.py:1099: InsecureRequestWarning: Unverified HTTPS request is being made to host 'randomuser.me'. Adding certificate verification is strongly advised. See: https://urllib3.readthedocs.io/en/latest/advanced-usage.html#tls-warnings
  warnings.warn(</msg>
<msg time="2024-07-17T22:14:59.919318" level="INFO">${response} = &lt;Response [200]&gt;</msg>
<var>${response}</var>
<arg>consultarAPI</arg>
<arg>/api</arg>
<doc>Sends a GET request on a previously created HTTP Session.</doc>
<status status="PASS" start="2024-07-17T22:14:59.834096" elapsed="0.085275"/>
</kw>
<kw name="Set Variable" owner="BuiltIn">
<msg time="2024-07-17T22:14:59.920683" level="INFO">${json_data} = {'results': [{'gender': 'male', 'name': {'title': 'Mr', 'first': 'Alban', 'last': 'Van Rijs'}, 'location': {'street': {'number': 8127, 'name': 'Dokter Holtmannweg'}, 'city': 'Berlicum Nb', 'state': 'U...</msg>
<var>${json_data}</var>
<arg>${response.json()}</arg>
<doc>Returns the given values which can then be assigned to a variables.</doc>
<status status="PASS" start="2024-07-17T22:14:59.920011" elapsed="0.000703"/>
</kw>
<kw name="Log" owner="BuiltIn">
<msg time="2024-07-17T22:14:59.921372" level="INFO">{'results': [{'gender': 'male', 'name': {'title': 'Mr', 'first': 'Alban', 'last': 'Van Rijs'}, 'location': {'street': {'number': 8127, 'name': 'Dokter Holtmannweg'}, 'city': 'Berlicum Nb', 'state': 'Utrecht', 'country': 'Netherlands', 'postcode': '0368 QK', 'coordinates': {'latitude': '30.3612', 'longitude': '-42.3600'}, 'timezone': {'offset': '+3:00', 'description': 'Baghdad, Riyadh, Moscow, St. Petersburg'}}, 'email': 'alban.vanrijs@example.com', 'login': {'uuid': '0d8d61ca-4e26-4aad-b44e-9fe51b35d3ff', 'username': 'crazytiger631', 'password': 'diver1', 'salt': 's5kxNM2D', 'md5': '92291a9a83d28efb97e8005492153c8d', 'sha1': 'c284514eb74956e763776ab191c48cc07668420e', 'sha256': '780e76f0ea6303e6a931378de862e0b5146370dc5ce91be52ddf36dbbb15ab6d'}, 'dob': {'date': '2000-04-14T04:58:18.684Z', 'age': 24}, 'registered': {'date': '2020-05-18T08:20:20.328Z', 'age': 4}, 'phone': '(0276) 848702', 'cell': '(06) 10854854', 'id': {'name': 'BSN', 'value': '82993995'}, 'picture': {'large': 'https://randomuser.me/api/portraits/men/33.jpg', 'medium': 'https://randomuser.me/api/portraits/med/men/33.jpg', 'thumbnail': 'https://randomuser.me/api/portraits/thumb/men/33.jpg'}, 'nat': 'NL'}], 'info': {'seed': '1aa8ab042ecb45ce', 'results': 1, 'page': 1, 'version': '1.4'}}</msg>
<arg>${json_data}</arg>
<doc>Logs the given message with the given level.</doc>
<status status="PASS" start="2024-07-17T22:14:59.921164" elapsed="0.000262"/>
</kw>
<kw name="Dictionary Should Contain Key" owner="Collections">
<arg>${json_data}</arg>
<arg>results</arg>
<doc>Fails if ``key`` is not found from ``dictionary``.</doc>
<status status="PASS" start="2024-07-17T22:14:59.921781" elapsed="0.000201"/>
</kw>
<kw name="Should Not Be Empty" owner="BuiltIn">
<msg time="2024-07-17T22:14:59.922327" level="INFO">Length is 2.</msg>
<arg>${json_data}</arg>
<doc>Verifies that the given item is not empty.</doc>
<status status="PASS" start="2024-07-17T22:14:59.922190" elapsed="0.000177"/>
</kw>
<kw name="Create List" owner="BuiltIn">
<msg time="2024-07-17T22:14:59.922853" level="INFO">${expected_keys} = ['gender', 'name', 'location', 'email', 'login']</msg>
<var>${expected_keys}</var>
<arg>gender</arg>
<arg>name</arg>
<arg>location</arg>
<arg>email</arg>
<arg>login</arg>
<doc>Returns a list containing given items.</doc>
<status status="PASS" start="2024-07-17T22:14:59.922686" elapsed="0.000192"/>
</kw>
<for flavor="IN">
<iter>
<kw name="Dictionary Should Contain Key" owner="Collections">
<arg>${json_data['results'][0]}</arg>
<arg>${key}</arg>
<doc>Fails if ``key`` is not found from ``dictionary``.</doc>
<status status="PASS" start="2024-07-17T22:14:59.923634" elapsed="0.000476"/>
</kw>
<kw name="Log" owner="BuiltIn">
<msg time="2024-07-17T22:14:59.924680" level="INFO">{'gender': 'male', 'name': {'title': 'Mr', 'first': 'Alban', 'last': 'Van Rijs'}, 'location': {'street': {'number': 8127, 'name': 'Dokter Holtmannweg'}, 'city': 'Berlicum Nb', 'state': 'Utrecht', 'country': 'Netherlands', 'postcode': '0368 QK', 'coordinates': {'latitude': '30.3612', 'longitude': '-42.3600'}, 'timezone': {'offset': '+3:00', 'description': 'Baghdad, Riyadh, Moscow, St. Petersburg'}}, 'email': 'alban.vanrijs@example.com', 'login': {'uuid': '0d8d61ca-4e26-4aad-b44e-9fe51b35d3ff', 'username': 'crazytiger631', 'password': 'diver1', 'salt': 's5kxNM2D', 'md5': '92291a9a83d28efb97e8005492153c8d', 'sha1': 'c284514eb74956e763776ab191c48cc07668420e', 'sha256': '780e76f0ea6303e6a931378de862e0b5146370dc5ce91be52ddf36dbbb15ab6d'}, 'dob': {'date': '2000-04-14T04:58:18.684Z', 'age': 24}, 'registered': {'date': '2020-05-18T08:20:20.328Z', 'age': 4}, 'phone': '(0276) 848702', 'cell': '(06) 10854854', 'id': {'name': 'BSN', 'value': '82993995'}, 'picture': {'large': 'https://randomuser.me/api/portraits/men/33.jpg', 'medium': 'https://randomuser.me/api/portraits/med/men/33.jpg', 'thumbnail': 'https://randomuser.me/api/portraits/thumb/men/33.jpg'}, 'nat': 'NL'}</msg>
<arg>${json_data['results'][0]}</arg>
<doc>Logs the given message with the given level.</doc>
<status status="PASS" start="2024-07-17T22:14:59.924304" elapsed="0.000428"/>
</kw>
<kw name="Log" owner="BuiltIn">
<msg time="2024-07-17T22:14:59.925172" level="INFO">gender</msg>
<arg>${key}</arg>
<doc>Logs the given message with the given level.</doc>
<status status="PASS" start="2024-07-17T22:14:59.925042" elapsed="0.000168"/>
</kw>
<var name="${key}">gender</var>
<status status="PASS" start="2024-07-17T22:14:59.923491" elapsed="0.001948"/>
</iter>
<iter>
<kw name="Dictionary Should Contain Key" owner="Collections">
<arg>${json_data['results'][0]}</arg>
<arg>${key}</arg>
<doc>Fails if ``key`` is not found from ``dictionary``.</doc>
<status status="PASS" start="2024-07-17T22:14:59.925781" elapsed="0.000422"/>
</kw>
<kw name="Log" owner="BuiltIn">
<msg time="2024-07-17T22:14:59.926805" level="INFO">{'gender': 'male', 'name': {'title': 'Mr', 'first': 'Alban', 'last': 'Van Rijs'}, 'location': {'street': {'number': 8127, 'name': 'Dokter Holtmannweg'}, 'city': 'Berlicum Nb', 'state': 'Utrecht', 'country': 'Netherlands', 'postcode': '0368 QK', 'coordinates': {'latitude': '30.3612', 'longitude': '-42.3600'}, 'timezone': {'offset': '+3:00', 'description': 'Baghdad, Riyadh, Moscow, St. Petersburg'}}, 'email': 'alban.vanrijs@example.com', 'login': {'uuid': '0d8d61ca-4e26-4aad-b44e-9fe51b35d3ff', 'username': 'crazytiger631', 'password': 'diver1', 'salt': 's5kxNM2D', 'md5': '92291a9a83d28efb97e8005492153c8d', 'sha1': 'c284514eb74956e763776ab191c48cc07668420e', 'sha256': '780e76f0ea6303e6a931378de862e0b5146370dc5ce91be52ddf36dbbb15ab6d'}, 'dob': {'date': '2000-04-14T04:58:18.684Z', 'age': 24}, 'registered': {'date': '2020-05-18T08:20:20.328Z', 'age': 4}, 'phone': '(0276) 848702', 'cell': '(06) 10854854', 'id': {'name': 'BSN', 'value': '82993995'}, 'picture': {'large': 'https://randomuser.me/api/portraits/men/33.jpg', 'medium': 'https://randomuser.me/api/portraits/med/men/33.jpg', 'thumbnail': 'https://randomuser.me/api/portraits/thumb/men/33.jpg'}, 'nat': 'NL'}</msg>
<arg>${json_data['results'][0]}</arg>
<doc>Logs the given message with the given level.</doc>
<status status="PASS" start="2024-07-17T22:14:59.926400" elapsed="0.000457"/>
</kw>
<kw name="Log" owner="BuiltIn">
<msg time="2024-07-17T22:14:59.927341" level="INFO">name</msg>
<arg>${key}</arg>
<doc>Logs the given message with the given level.</doc>
<status status="PASS" start="2024-07-17T22:14:59.927208" elapsed="0.000172"/>
</kw>
<var name="${key}">name</var>
<status status="PASS" start="2024-07-17T22:14:59.925659" elapsed="0.001946"/>
</iter>
<iter>
<kw name="Dictionary Should Contain Key" owner="Collections">
<arg>${json_data['results'][0]}</arg>
<arg>${key}</arg>
<doc>Fails if ``key`` is not found from ``dictionary``.</doc>
<status status="PASS" start="2024-07-17T22:14:59.927925" elapsed="0.000395"/>
</kw>
<kw name="Log" owner="BuiltIn">
<msg time="2024-07-17T22:14:59.928876" level="INFO">{'gender': 'male', 'name': {'title': 'Mr', 'first': 'Alban', 'last': 'Van Rijs'}, 'location': {'street': {'number': 8127, 'name': 'Dokter Holtmannweg'}, 'city': 'Berlicum Nb', 'state': 'Utrecht', 'country': 'Netherlands', 'postcode': '0368 QK', 'coordinates': {'latitude': '30.3612', 'longitude': '-42.3600'}, 'timezone': {'offset': '+3:00', 'description': 'Baghdad, Riyadh, Moscow, St. Petersburg'}}, 'email': 'alban.vanrijs@example.com', 'login': {'uuid': '0d8d61ca-4e26-4aad-b44e-9fe51b35d3ff', 'username': 'crazytiger631', 'password': 'diver1', 'salt': 's5kxNM2D', 'md5': '92291a9a83d28efb97e8005492153c8d', 'sha1': 'c284514eb74956e763776ab191c48cc07668420e', 'sha256': '780e76f0ea6303e6a931378de862e0b5146370dc5ce91be52ddf36dbbb15ab6d'}, 'dob': {'date': '2000-04-14T04:58:18.684Z', 'age': 24}, 'registered': {'date': '2020-05-18T08:20:20.328Z', 'age': 4}, 'phone': '(0276) 848702', 'cell': '(06) 10854854', 'id': {'name': 'BSN', 'value': '82993995'}, 'picture': {'large': 'https://randomuser.me/api/portraits/men/33.jpg', 'medium': 'https://randomuser.me/api/portraits/med/men/33.jpg', 'thumbnail': 'https://randomuser.me/api/portraits/thumb/men/33.jpg'}, 'nat': 'NL'}</msg>
<arg>${json_data['results'][0]}</arg>
<doc>Logs the given message with the given level.</doc>
<status status="PASS" start="2024-07-17T22:14:59.928506" elapsed="0.000419"/>
</kw>
<kw name="Log" owner="BuiltIn">
<msg time="2024-07-17T22:14:59.929349" level="INFO">location</msg>
<arg>${key}</arg>
<doc>Logs the given message with the given level.</doc>
<status status="PASS" start="2024-07-17T22:14:59.929224" elapsed="0.000162"/>
</kw>
<var name="${key}">location</var>
<status status="PASS" start="2024-07-17T22:14:59.927809" elapsed="0.001793"/>
</iter>
<iter>
<kw name="Dictionary Should Contain Key" owner="Collections">
<arg>${json_data['results'][0]}</arg>
<arg>${key}</arg>
<doc>Fails if ``key`` is not found from ``dictionary``.</doc>
<status status="PASS" start="2024-07-17T22:14:59.929895" elapsed="0.000398"/>
</kw>
<kw name="Log" owner="BuiltIn">
<msg time="2024-07-17T22:14:59.931005" level="INFO">{'gender': 'male', 'name': {'title': 'Mr', 'first': 'Alban', 'last': 'Van Rijs'}, 'location': {'street': {'number': 8127, 'name': 'Dokter Holtmannweg'}, 'city': 'Berlicum Nb', 'state': 'Utrecht', 'country': 'Netherlands', 'postcode': '0368 QK', 'coordinates': {'latitude': '30.3612', 'longitude': '-42.3600'}, 'timezone': {'offset': '+3:00', 'description': 'Baghdad, Riyadh, Moscow, St. Petersburg'}}, 'email': 'alban.vanrijs@example.com', 'login': {'uuid': '0d8d61ca-4e26-4aad-b44e-9fe51b35d3ff', 'username': 'crazytiger631', 'password': 'diver1', 'salt': 's5kxNM2D', 'md5': '92291a9a83d28efb97e8005492153c8d', 'sha1': 'c284514eb74956e763776ab191c48cc07668420e', 'sha256': '780e76f0ea6303e6a931378de862e0b5146370dc5ce91be52ddf36dbbb15ab6d'}, 'dob': {'date': '2000-04-14T04:58:18.684Z', 'age': 24}, 'registered': {'date': '2020-05-18T08:20:20.328Z', 'age': 4}, 'phone': '(0276) 848702', 'cell': '(06) 10854854', 'id': {'name': 'BSN', 'value': '82993995'}, 'picture': {'large': 'https://randomuser.me/api/portraits/men/33.jpg', 'medium': 'https://randomuser.me/api/portraits/med/men/33.jpg', 'thumbnail': 'https://randomuser.me/api/portraits/thumb/men/33.jpg'}, 'nat': 'NL'}</msg>
<arg>${json_data['results'][0]}</arg>
<doc>Logs the given message with the given level.</doc>
<status status="PASS" start="2024-07-17T22:14:59.930644" elapsed="0.000410"/>
</kw>
<kw name="Log" owner="BuiltIn">
<msg time="2024-07-17T22:14:59.931541" level="INFO">email</msg>
<arg>${key}</arg>
<doc>Logs the given message with the given level.</doc>
<status status="PASS" start="2024-07-17T22:14:59.931409" elapsed="0.000171"/>
</kw>
<var name="${key}">email</var>
<status status="PASS" start="2024-07-17T22:14:59.929786" elapsed="0.002016"/>
</iter>
<iter>
<kw name="Dictionary Should Contain Key" owner="Collections">
<arg>${json_data['results'][0]}</arg>
<arg>${key}</arg>
<doc>Fails if ``key`` is not found from ``dictionary``.</doc>
<status status="PASS" start="2024-07-17T22:14:59.932097" elapsed="0.000381"/>
</kw>
<kw name="Log" owner="BuiltIn">
<msg time="2024-07-17T22:14:59.933010" level="INFO">{'gender': 'male', 'name': {'title': 'Mr', 'first': 'Alban', 'last': 'Van Rijs'}, 'location': {'street': {'number': 8127, 'name': 'Dokter Holtmannweg'}, 'city': 'Berlicum Nb', 'state': 'Utrecht', 'country': 'Netherlands', 'postcode': '0368 QK', 'coordinates': {'latitude': '30.3612', 'longitude': '-42.3600'}, 'timezone': {'offset': '+3:00', 'description': 'Baghdad, Riyadh, Moscow, St. Petersburg'}}, 'email': 'alban.vanrijs@example.com', 'login': {'uuid': '0d8d61ca-4e26-4aad-b44e-9fe51b35d3ff', 'username': 'crazytiger631', 'password': 'diver1', 'salt': 's5kxNM2D', 'md5': '92291a9a83d28efb97e8005492153c8d', 'sha1': 'c284514eb74956e763776ab191c48cc07668420e', 'sha256': '780e76f0ea6303e6a931378de862e0b5146370dc5ce91be52ddf36dbbb15ab6d'}, 'dob': {'date': '2000-04-14T04:58:18.684Z', 'age': 24}, 'registered': {'date': '2020-05-18T08:20:20.328Z', 'age': 4}, 'phone': '(0276) 848702', 'cell': '(06) 10854854', 'id': {'name': 'BSN', 'value': '82993995'}, 'picture': {'large': 'https://randomuser.me/api/portraits/men/33.jpg', 'medium': 'https://randomuser.me/api/portraits/med/men/33.jpg', 'thumbnail': 'https://randomuser.me/api/portraits/thumb/men/33.jpg'}, 'nat': 'NL'}</msg>
<arg>${json_data['results'][0]}</arg>
<doc>Logs the given message with the given level.</doc>
<status status="PASS" start="2024-07-17T22:14:59.932663" elapsed="0.000396"/>
</kw>
<kw name="Log" owner="BuiltIn">
<msg time="2024-07-17T22:14:59.933487" level="INFO">login</msg>
<arg>${key}</arg>
<doc>Logs the given message with the given level.</doc>
<status status="PASS" start="2024-07-17T22:14:59.933361" elapsed="0.000162"/>
</kw>
<var name="${key}">login</var>
<status status="PASS" start="2024-07-17T22:14:59.931986" elapsed="0.001750"/>
</iter>
<var>${key}</var>
<value>@{expected_keys}</value>
<status status="PASS" start="2024-07-17T22:14:59.923236" elapsed="0.010623"/>
</for>
<kw name="Create List" owner="BuiltIn">
<msg time="2024-07-17T22:14:59.934243" level="INFO">${expected_keysTwo} = ['username', 'password']</msg>
<var>${expected_keysTwo}</var>
<arg>username</arg>
<arg>password</arg>
<doc>Returns a list containing given items.</doc>
<status status="PASS" start="2024-07-17T22:14:59.934103" elapsed="0.000165"/>
</kw>
<for flavor="IN">
<iter>
<kw name="Dictionary Should Contain Key" owner="Collections">
<arg>${json_data['results'][0]['login']}</arg>
<arg>${keyTwo}</arg>
<doc>Fails if ``key`` is not found from ``dictionary``.</doc>
<status status="PASS" start="2024-07-17T22:14:59.934803" elapsed="0.000423"/>
</kw>
<kw name="Dictionary Should Contain Key" owner="Collections">
<arg>${json_data['results'][0]['login']}</arg>
<arg>${keyTwo}</arg>
<doc>Fails if ``key`` is not found from ``dictionary``.</doc>
<status status="PASS" start="2024-07-17T22:14:59.935412" elapsed="0.000378"/>
</kw>
<kw name="Log" owner="BuiltIn">
<msg time="2024-07-17T22:14:59.936091" level="INFO">username</msg>
<arg>${keyTwo}</arg>
<doc>Logs the given message with the given level.</doc>
<status status="PASS" start="2024-07-17T22:14:59.935972" elapsed="0.000157"/>
</kw>
<var name="${keyTwo}">username</var>
<status status="PASS" start="2024-07-17T22:14:59.934694" elapsed="0.001657"/>
</iter>
<iter>
<kw name="Dictionary Should Contain Key" owner="Collections">
<arg>${json_data['results'][0]['login']}</arg>
<arg>${keyTwo}</arg>
<doc>Fails if ``key`` is not found from ``dictionary``.</doc>
<status status="PASS" start="2024-07-17T22:14:59.936632" elapsed="0.000384"/>
</kw>
<kw name="Dictionary Should Contain Key" owner="Collections">
<arg>${json_data['results'][0]['login']}</arg>
<arg>${keyTwo}</arg>
<doc>Fails if ``key`` is not found from ``dictionary``.</doc>
<status status="PASS" start="2024-07-17T22:14:59.937196" elapsed="0.000370"/>
</kw>
<kw name="Log" owner="BuiltIn">
<msg time="2024-07-17T22:14:59.937898" level="INFO">password</msg>
<arg>${keyTwo}</arg>
<doc>Logs the given message with the given level.</doc>
<status status="PASS" start="2024-07-17T22:14:59.937753" elapsed="0.000185"/>
</kw>
<var name="${keyTwo}">password</var>
<status status="PASS" start="2024-07-17T22:14:59.936525" elapsed="0.001644"/>
</iter>
<var>${keyTwo}</var>
<value>@{expected_keysTwo}</value>
<status status="PASS" start="2024-07-17T22:14:59.934521" elapsed="0.003770"/>
</for>
<status status="PASS" start="2024-07-17T22:14:59.833710" elapsed="0.104743"/>
</kw>
<doc>Testa a estrutura da resposta da API.</doc>
<tag>testeEstruturaResposta</tag>
<status status="PASS" start="2024-07-17T22:14:59.832812" elapsed="0.105828"/>
</test>
<test id="s1-s1-t4" name="Validar tipos de dados" line="28">
<kw name="Teste de Tipos de Dados" owner="random-user-service">
<kw name="GET On Session" owner="RequestsLibrary">
<msg time="2024-07-17T22:15:00.062043" level="INFO">GET Request : url=https://randomuser.me/api 
 path_url=/api 
 headers={'User-Agent': 'python-requests/2.32.3', 'Accept-Encoding': 'gzip, deflate', 'Accept': '*/*', 'Connection': 'keep-alive'} 
 body=None 
 </msg>
<msg time="2024-07-17T22:15:00.062189" level="INFO">GET Response : url=https://randomuser.me/api 
 status=200, reason=OK 
 headers={'Date': 'Wed, 17 Jul 2024 22:15:00 GMT', 'Content-Type': 'application/json; charset=utf-8', 'Transfer-Encoding': 'chunked', 'Connection': 'keep-alive', 'X-Powered-By': 'Express', 'Access-Control-Allow-Origin': '*', 'Cache-Control': 'no-cache', 'ETag': 'W/"482-ihU4XTi0dg/qMfk6HubUtGNvLHI"', 'Vary': 'Accept-Encoding', 'Content-Encoding': 'gzip', 'CF-Cache-Status': 'DYNAMIC', 'Report-To': '{"endpoints":[{"url":"https:\\/\\/a.nel.cloudflare.com\\/report\\/v4?s=n9AhcBEsUr63eYFcU0CvZEOQVqUUWpEz38j0EawFYVxy2Q9pMfGtxoaPw9H2I%2BgnhOCvaj3nhx4mfxe8tYy32FTzrrcdvIyn8wPSWosqxl1Xluk8dM%2FNYIuUnKO0OiMR"}],"group":"cf-nel","max_age":604800}', 'NEL': '{"success_fraction":0,"report_to":"cf-nel","max_age":604800}', 'Server': 'cloudflare', 'CF-RAY': '8a4d9690ad1220bd-IAD', 'alt-svc': 'h3=":443"; ma=86400'} 
 body={"results":[{"gender":"male","name":{"title":"Mr","first":"Cristóbal","last":"Santana"},"location":{"street":{"number":1368,"name":"Avenida de Burgos"},"city":"Pamplona","state":"Canarias","country":"Spain","postcode":77545,"coordinates":{"latitude":"-34.7816","longitude":"-131.6757"},"timezone":{"offset":"+9:30","description":"Adelaide, Darwin"}},"email":"cristobal.santana@example.com","login":{"uuid":"3de21a3c-f501-425a-aa1b-5df8069900c7","username":"bigpanda384","password":"nwo4life","salt":"7tdekuPA","md5":"830882af086c7730040c070fe8a0594b","sha1":"69ba9a0638e0a1cdc40cec90778cff1b1de27f5f","sha256":"63a137397f3b6e079cfcf3e070ee072d9032126b5649f930d6a7d4511832e50b"},"dob":{"date":"1992-08-18T10:13:29.909Z","age":31},"registered":{"date":"2022-03-03T22:46:53.458Z","age":2},"phone":"903-550-074","cell":"698-925-623","id":{"name":"DNI","value":"61967397-K"},"picture":{"large":"https://randomuser.me/api/portraits/men/54.jpg","medium":"https://randomuser.me/api/portraits/med/men/54.jpg","thumbnail":"https://randomuser.me/api/portraits/thumb/men/54.jpg"},"nat":"ES"}],"info":{"seed":"003c82e3c21e1079","results":1,"page":1,"version":"1.4"}} 
 </msg>
<msg time="2024-07-17T22:15:00.062305" level="INFO">/opt/hostedtoolcache/Python/3.12.4/x64/lib/python3.12/site-packages/urllib3/connectionpool.py:1099: InsecureRequestWarning: Unverified HTTPS request is being made to host 'randomuser.me'. Adding certificate verification is strongly advised. See: https://urllib3.readthedocs.io/en/latest/advanced-usage.html#tls-warnings
  warnings.warn(</msg>
<msg time="2024-07-17T22:15:00.062501" level="INFO">${response} = &lt;Response [200]&gt;</msg>
<var>${response}</var>
<arg>consultarAPI</arg>
<arg>/api</arg>
<doc>Sends a GET request on a previously created HTTP Session.</doc>
<status status="PASS" start="2024-07-17T22:14:59.941556" elapsed="0.121001"/>
</kw>
<kw name="Set Variable" owner="BuiltIn">
<msg time="2024-07-17T22:15:00.064273" level="INFO">${json_data} = {'results': [{'gender': 'male', 'name': {'title': 'Mr', 'first': 'Cristóbal', 'last': 'Santana'}, 'location': {'street': {'number': 1368, 'name': 'Avenida de Burgos'}, 'city': 'Pamplona', 'state': 'Ca...</msg>
<var>${json_data}</var>
<arg>${response.json()}</arg>
<doc>Returns the given values which can then be assigned to a variables.</doc>
<status status="PASS" start="2024-07-17T22:15:00.063494" elapsed="0.000817"/>
</kw>
<kw name="Log" owner="BuiltIn">
<msg time="2024-07-17T22:15:00.065131" level="INFO">{'results': [{'gender': 'male', 'name': {'title': 'Mr', 'first': 'Cristóbal', 'last': 'Santana'}, 'location': {'street': {'number': 1368, 'name': 'Avenida de Burgos'}, 'city': 'Pamplona', 'state': 'Canarias', 'country': 'Spain', 'postcode': 77545, 'coordinates': {'latitude': '-34.7816', 'longitude': '-131.6757'}, 'timezone': {'offset': '+9:30', 'description': 'Adelaide, Darwin'}}, 'email': 'cristobal.santana@example.com', 'login': {'uuid': '3de21a3c-f501-425a-aa1b-5df8069900c7', 'username': 'bigpanda384', 'password': 'nwo4life', 'salt': '7tdekuPA', 'md5': '830882af086c7730040c070fe8a0594b', 'sha1': '69ba9a0638e0a1cdc40cec90778cff1b1de27f5f', 'sha256': '63a137397f3b6e079cfcf3e070ee072d9032126b5649f930d6a7d4511832e50b'}, 'dob': {'date': '1992-08-18T10:13:29.909Z', 'age': 31}, 'registered': {'date': '2022-03-03T22:46:53.458Z', 'age': 2}, 'phone': '903-550-074', 'cell': '698-925-623', 'id': {'name': 'DNI', 'value': '61967397-K'}, 'picture': {'large': 'https://randomuser.me/api/portraits/men/54.jpg', 'medium': 'https://randomuser.me/api/portraits/med/men/54.jpg', 'thumbnail': 'https://randomuser.me/api/portraits/thumb/men/54.jpg'}, 'nat': 'ES'}], 'info': {'seed': '003c82e3c21e1079', 'results': 1, 'page': 1, 'version': '1.4'}}</msg>
<arg>${json_data}</arg>
<doc>Logs the given message with the given level.</doc>
<status status="PASS" start="2024-07-17T22:15:00.064881" elapsed="0.000314"/>
</kw>
<kw name="Should Be String" owner="String">
<arg>${json_data['results'][0]['gender']}</arg>
<doc>Fails if the given ``item`` is not a string.</doc>
<status status="PASS" start="2024-07-17T22:15:00.065665" elapsed="0.000495"/>
</kw>
<kw name="Should Match Regexp" owner="BuiltIn">
<arg>${json_data['results'][0]['email']}</arg>
<arg>^[a-zA-Z0-9._%+-]+@[a-zA-Z0-9.-]+\.[a-zA-Z]{2,}$</arg>
<doc>Fails if ``string`` does not match ``pattern`` as a regular expression.</doc>
<status status="PASS" start="2024-07-17T22:15:00.066483" elapsed="0.000744"/>
</kw>
<kw name="Should Match Regexp" owner="BuiltIn">
<arg>${json_data['results'][0]['dob']['date']}</arg>
<arg>\\d{4}-\\d{2}-\\d{2}T\\d{2}:\\d{2}:\\d{2}\\.\\d{3}Z</arg>
<doc>Fails if ``string`` does not match ``pattern`` as a regular expression.</doc>
<status status="PASS" start="2024-07-17T22:15:00.067503" elapsed="0.000876"/>
</kw>
<kw name="Should Match Regexp" owner="BuiltIn">
<arg>${json_data['results'][0]['registered']['date']}</arg>
<arg>\\d{4}-\\d{2}-\\d{2}T\\d{2}:\\d{2}:\\d{2}\\.\\d{3}Z</arg>
<doc>Fails if ``string`` does not match ``pattern`` as a regular expression.</doc>
<status status="PASS" start="2024-07-17T22:15:00.068633" elapsed="0.000462"/>
</kw>
<kw name="Should Match Regexp" owner="BuiltIn">
<arg>${json_data['results'][0]['picture']['large']}</arg>
<arg>^https?://.*\.(?:png|jpe?g|gif|bmp)$</arg>
<doc>Fails if ``string`` does not match ``pattern`` as a regular expression.</doc>
<status status="PASS" start="2024-07-17T22:15:00.069320" elapsed="0.000554"/>
</kw>
<kw name="Should Match Regexp" owner="BuiltIn">
<arg>${json_data['results'][0]['picture']['medium']}</arg>
<arg>^https?://.*\.(?:png|jpe?g|gif|bmp)$</arg>
<doc>Fails if ``string`` does not match ``pattern`` as a regular expression.</doc>
<status status="PASS" start="2024-07-17T22:15:00.070091" elapsed="0.000397"/>
</kw>
<kw name="Should Match Regexp" owner="BuiltIn">
<arg>${json_data['results'][0]['picture']['thumbnail']}</arg>
<arg>^https?://.*\.(?:png|jpe?g|gif|bmp)$</arg>
<doc>Fails if ``string`` does not match ``pattern`` as a regular expression.</doc>
<status status="PASS" start="2024-07-17T22:15:00.070688" elapsed="0.000390"/>
</kw>
<kw name="Log" owner="BuiltIn">
<msg time="2024-07-17T22:15:00.071683" level="INFO">{'large': 'https://randomuser.me/api/portraits/men/54.jpg', 'medium': 'https://randomuser.me/api/portraits/med/men/54.jpg', 'thumbnail': 'https://randomuser.me/api/portraits/thumb/men/54.jpg'}</msg>
<arg>${json_data['results'][0]['picture']}</arg>
<doc>Logs the given message with the given level.</doc>
<status status="PASS" start="2024-07-17T22:15:00.071327" elapsed="0.000403"/>
</kw>
<status status="PASS" start="2024-07-17T22:14:59.941296" elapsed="0.130773"/>
</kw>
<kw name="Teste de Tipos de Dados - Postcode" owner="random-user-service">
<kw name="GET On Session" owner="RequestsLibrary">
<msg time="2024-07-17T22:15:00.146211" level="INFO">GET Request : url=https://randomuser.me/api 
 path_url=/api 
 headers={'User-Agent': 'python-requests/2.32.3', 'Accept-Encoding': 'gzip, deflate', 'Accept': '*/*', 'Connection': 'keep-alive'} 
 body=None 
 </msg>
<msg time="2024-07-17T22:15:00.146375" level="INFO">GET Response : url=https://randomuser.me/api 
 status=200, reason=OK 
 headers={'Date': 'Wed, 17 Jul 2024 22:15:00 GMT', 'Content-Type': 'application/json; charset=utf-8', 'Transfer-Encoding': 'chunked', 'Connection': 'keep-alive', 'X-Powered-By': 'Express', 'Access-Control-Allow-Origin': '*', 'Cache-Control': 'no-cache', 'ETag': 'W/"483-Wdy/P43BJPfzP4mgg/9yABVrPaU"', 'Vary': 'Accept-Encoding', 'Content-Encoding': 'gzip', 'CF-Cache-Status': 'DYNAMIC', 'Report-To': '{"endpoints":[{"url":"https:\\/\\/a.nel.cloudflare.com\\/report\\/v4?s=LVdI5kNxjdSwIZzT9bUOdm8i6xIuzf4xTCrP2LkGeRV0B4p7Ii1zhZUXR13KXB0FJQQ0CjLCwchqvrhHDm6r0oUTyvNF4LOinnGtUAqk5VxTg2o06C4xatVjowpiSF4%2B"}],"group":"cf-nel","max_age":604800}', 'NEL': '{"success_fraction":0,"report_to":"cf-nel","max_age":604800}', 'Server': 'cloudflare', 'CF-RAY': '8a4d96917df620bd-IAD', 'alt-svc': 'h3=":443"; ma=86400'} 
 body={"results":[{"gender":"female","name":{"title":"Ms","first":"Britney","last":"Thomas"},"location":{"street":{"number":6238,"name":"Alexander Road"},"city":"Dublin","state":"Sligo","country":"Ireland","postcode":75615,"coordinates":{"latitude":"-2.5878","longitude":"97.3941"},"timezone":{"offset":"+7:00","description":"Bangkok, Hanoi, Jakarta"}},"email":"britney.thomas@example.com","login":{"uuid":"2ebd905c-bcbc-41a9-bfc3-4afaa04b3f22","username":"blueelephant712","password":"scxakv","salt":"YTXeNJD8","md5":"fd8fdba79ac5657dffa67b488bb1c31d","sha1":"088bb3b8934270b272e1e52de28701da45ad2a8f","sha256":"011d430fc8ccc969e79569629f8a028400368dcb42b15c102ad237d261462363"},"dob":{"date":"1999-12-03T08:02:03.306Z","age":24},"registered":{"date":"2015-12-06T22:04:10.441Z","age":8},"phone":"011-272-9110","cell":"081-800-8929","id":{"name":"PPS","value":"7495492T"},"picture":{"large":"https://randomuser.me/api/portraits/women/61.jpg","medium":"https://randomuser.me/api/portraits/med/women/61.jpg","thumbnail":"https://randomuser.me/api/portraits/thumb/women/61.jpg"},"nat":"IE"}],"info":{"seed":"4cfb8a30dfe65204","results":1,"page":1,"version":"1.4"}} 
 </msg>
<msg time="2024-07-17T22:15:00.146484" level="INFO">/opt/hostedtoolcache/Python/3.12.4/x64/lib/python3.12/site-packages/urllib3/connectionpool.py:1099: InsecureRequestWarning: Unverified HTTPS request is being made to host 'randomuser.me'. Adding certificate verification is strongly advised. See: https://urllib3.readthedocs.io/en/latest/advanced-usage.html#tls-warnings
  warnings.warn(</msg>
<msg time="2024-07-17T22:15:00.146669" level="INFO">${response} = &lt;Response [200]&gt;</msg>
<var>${response}</var>
<arg>consultarAPI</arg>
<arg>/api</arg>
<doc>Sends a GET request on a previously created HTTP Session.</doc>
<status status="PASS" start="2024-07-17T22:15:00.072661" elapsed="0.074062"/>
</kw>
<kw name="Set Variable" owner="BuiltIn">
<msg time="2024-07-17T22:15:00.148579" level="INFO">${json_data} = {'results': [{'gender': 'female', 'name': {'title': 'Ms', 'first': 'Britney', 'last': 'Thomas'}, 'location': {'street': {'number': 6238, 'name': 'Alexander Road'}, 'city': 'Dublin', 'state': 'Sligo', ...</msg>
<var>${json_data}</var>
<arg>${response.json()}</arg>
<doc>Returns the given values which can then be assigned to a variables.</doc>
<status status="PASS" start="2024-07-17T22:15:00.147768" elapsed="0.000845"/>
</kw>
<kw name="Log" owner="BuiltIn">
<msg time="2024-07-17T22:15:00.149431" level="INFO">{'results': [{'gender': 'female', 'name': {'title': 'Ms', 'first': 'Britney', 'last': 'Thomas'}, 'location': {'street': {'number': 6238, 'name': 'Alexander Road'}, 'city': 'Dublin', 'state': 'Sligo', 'country': 'Ireland', 'postcode': 75615, 'coordinates': {'latitude': '-2.5878', 'longitude': '97.3941'}, 'timezone': {'offset': '+7:00', 'description': 'Bangkok, Hanoi, Jakarta'}}, 'email': 'britney.thomas@example.com', 'login': {'uuid': '2ebd905c-bcbc-41a9-bfc3-4afaa04b3f22', 'username': 'blueelephant712', 'password': 'scxakv', 'salt': 'YTXeNJD8', 'md5': 'fd8fdba79ac5657dffa67b488bb1c31d', 'sha1': '088bb3b8934270b272e1e52de28701da45ad2a8f', 'sha256': '011d430fc8ccc969e79569629f8a028400368dcb42b15c102ad237d261462363'}, 'dob': {'date': '1999-12-03T08:02:03.306Z', 'age': 24}, 'registered': {'date': '2015-12-06T22:04:10.441Z', 'age': 8}, 'phone': '011-272-9110', 'cell': '081-800-8929', 'id': {'name': 'PPS', 'value': '7495492T'}, 'picture': {'large': 'https://randomuser.me/api/portraits/women/61.jpg', 'medium': 'https://randomuser.me/api/portraits/med/women/61.jpg', 'thumbnail': 'https://randomuser.me/api/portraits/thumb/women/61.jpg'}, 'nat': 'IE'}], 'info': {'seed': '4cfb8a30dfe65204', 'results': 1, 'page': 1, 'version': '1.4'}}</msg>
<arg>${json_data}</arg>
<doc>Logs the given message with the given level.</doc>
<status status="PASS" start="2024-07-17T22:15:00.149191" elapsed="0.000300"/>
</kw>
<kw name="Should Be Equal As Numbers" owner="BuiltIn">
<arg>${json_data['results'][0]['location']['postcode']}</arg>
<arg>${json_data['results'][0]['location']['postcode']}</arg>
<doc>Fails if objects are unequal after converting them to real numbers.</doc>
<status status="PASS" start="2024-07-17T22:15:00.149931" elapsed="0.000813"/>
</kw>
<kw name="Log" owner="BuiltIn">
<msg time="2024-07-17T22:15:00.151527" level="INFO">75615</msg>
<arg>${json_data['results'][0]['location']['postcode']}</arg>
<doc>Logs the given message with the given level.</doc>
<status status="PASS" start="2024-07-17T22:15:00.151025" elapsed="0.000552"/>
</kw>
<status status="PASS" start="2024-07-17T22:15:00.072358" elapsed="0.079550"/>
</kw>
<doc>Testa se os tipos de dados na resposta da API estão corretos.</doc>
<tag>testeTiposDados</tag>
<status status="PASS" start="2024-07-17T22:14:59.940644" elapsed="0.211480"/>
</test>
<test id="s1-s1-t5" name="Validar conteudo" line="35">
<kw name="Teste de Tipos de Conteudo" owner="random-user-service">
<kw name="GET On Session" owner="RequestsLibrary">
<msg time="2024-07-17T22:15:00.246478" level="INFO">GET Request : url=https://randomuser.me/api 
 path_url=/api 
 headers={'User-Agent': 'python-requests/2.32.3', 'Accept-Encoding': 'gzip, deflate', 'Accept': '*/*', 'Connection': 'keep-alive'} 
 body=None 
 </msg>
<msg time="2024-07-17T22:15:00.246611" level="INFO">GET Response : url=https://randomuser.me/api 
 status=200, reason=OK 
 headers={'Date': 'Wed, 17 Jul 2024 22:15:00 GMT', 'Content-Type': 'application/json; charset=utf-8', 'Transfer-Encoding': 'chunked', 'Connection': 'keep-alive', 'X-Powered-By': 'Express', 'Access-Control-Allow-Origin': '*', 'Cache-Control': 'no-cache', 'ETag': 'W/"49a-QEIVgKPtKA3ZGRYTYQCcFVXW254"', 'Vary': 'Accept-Encoding', 'Content-Encoding': 'gzip', 'CF-Cache-Status': 'DYNAMIC', 'Report-To': '{"endpoints":[{"url":"https:\\/\\/a.nel.cloudflare.com\\/report\\/v4?s=slPt1Y2q20Jnow%2BaFxpg%2FUU5J1mQ7OPV7AR44aT9dxPdghsBclNjUL8UoMmnu0qr4Nc4co%2F0a2Qp05Vs51wG43uN7vfkjzVNEFzIgVM%2FrhvmYY6Kw30DQBx0guYokcyW"}],"group":"cf-nel","max_age":604800}', 'NEL': '{"success_fraction":0,"report_to":"cf-nel","max_age":604800}', 'Server': 'cloudflare', 'CF-RAY': '8a4d96920e9e20bd-IAD', 'alt-svc': 'h3=":443"; ma=86400'} 
 body={"results":[{"gender":"male","name":{"title":"Mr","first":"Hudson","last":"Scott"},"location":{"street":{"number":7657,"name":"Dundas Rd"},"city":"Jasper","state":"Northwest Territories","country":"Canada","postcode":"N6A 6G1","coordinates":{"latitude":"-69.1657","longitude":"-153.3089"},"timezone":{"offset":"+11:00","description":"Magadan, Solomon Islands, New Caledonia"}},"email":"hudson.scott@example.com","login":{"uuid":"6cfc7762-6b2f-4e6e-8e9d-d9143bc48be7","username":"organicswan851","password":"tricky","salt":"ATk73A6F","md5":"75510e2b4c462ca920bbf4b61032a393","sha1":"ce560180c60a53a02b2c0dfdaf00cb72583f2242","sha256":"14abddd1ecfc90e337cc04286b63e7de526d68049d1ff9bb34afd4a03443e8d1"},"dob":{"date":"1977-12-18T02:54:35.004Z","age":46},"registered":{"date":"2004-03-01T23:33:06.588Z","age":20},"phone":"F78 G57-9496","cell":"V24 D41-0329","id":{"name":"SIN","value":"572243517"},"picture":{"large":"https://randomuser.me/api/portraits/men/29.jpg","medium":"https://randomuser.me/api/portraits/med/men/29.jpg","thumbnail":"https://randomuser.me/api/portraits/thumb/men/29.jpg"},"nat":"CA"}],"info":{"seed":"177493baad8224ba","results":1,"page":1,"version":"1.4"}} 
 </msg>
<msg time="2024-07-17T22:15:00.246705" level="INFO">/opt/hostedtoolcache/Python/3.12.4/x64/lib/python3.12/site-packages/urllib3/connectionpool.py:1099: InsecureRequestWarning: Unverified HTTPS request is being made to host 'randomuser.me'. Adding certificate verification is strongly advised. See: https://urllib3.readthedocs.io/en/latest/advanced-usage.html#tls-warnings
  warnings.warn(</msg>
<msg time="2024-07-17T22:15:00.246858" level="INFO">${response} = &lt;Response [200]&gt;</msg>
<var>${response}</var>
<arg>consultarAPI</arg>
<arg>/api</arg>
<doc>Sends a GET request on a previously created HTTP Session.</doc>
<status status="PASS" start="2024-07-17T22:15:00.155192" elapsed="0.091710"/>
</kw>
<kw name="Set Variable" owner="BuiltIn">
<msg time="2024-07-17T22:15:00.248517" level="INFO">${json_data} = {'results': [{'gender': 'male', 'name': {'title': 'Mr', 'first': 'Hudson', 'last': 'Scott'}, 'location': {'street': {'number': 7657, 'name': 'Dundas Rd'}, 'city': 'Jasper', 'state': 'Northwest Territo...</msg>
<var>${json_data}</var>
<arg>${response.json()}</arg>
<doc>Returns the given values which can then be assigned to a variables.</doc>
<status status="PASS" start="2024-07-17T22:15:00.247755" elapsed="0.000791"/>
</kw>
<kw name="Set Variable" owner="BuiltIn">
<msg time="2024-07-17T22:15:00.249281" level="INFO">${name_title} = Mr</msg>
<var>${name_title}</var>
<arg>${json_data["results"][0]["name"]["title"]}</arg>
<doc>Returns the given values which can then be assigned to a variables.</doc>
<status status="PASS" start="2024-07-17T22:15:00.248875" elapsed="0.000432"/>
</kw>
<kw name="Create List" owner="BuiltIn">
<msg time="2024-07-17T22:15:00.249765" level="INFO">${allowed_titles} = ['Mr', 'Ms', 'Miss', 'Mrs', 'Madame', 'Monsieur']</msg>
<var>${allowed_titles}</var>
<arg>Mr</arg>
<arg>Ms</arg>
<arg>Miss</arg>
<arg>Mrs</arg>
<arg>Madame</arg>
<arg>Monsieur</arg>
<doc>Returns a list containing given items.</doc>
<status status="PASS" start="2024-07-17T22:15:00.249615" elapsed="0.000175"/>
</kw>
<kw name="List Should Contain Value" owner="Collections">
<arg>${allowed_titles}</arg>
<arg>${name_title}</arg>
<doc>Fails if the ``value`` is not found from ``list``.</doc>
<status status="PASS" start="2024-07-17T22:15:00.250098" elapsed="0.000195"/>
</kw>
<kw name="Set Variable" owner="BuiltIn">
<msg time="2024-07-17T22:15:00.250835" level="INFO">${name_country} = CA</msg>
<var>${name_country}</var>
<arg>${json_data["results"][0]["nat"]}</arg>
<doc>Returns the given values which can then be assigned to a variables.</doc>
<status status="PASS" start="2024-07-17T22:15:00.250472" elapsed="0.000389"/>
</kw>
<kw name="Create List" owner="BuiltIn">
<msg time="2024-07-17T22:15:00.251842" level="INFO">${list_country} = ['AD', 'AE', 'AF', 'AG', 'AI', 'AL', 'AM', 'AO', 'AQ', 'AR', 'AS', 'AT', 'AU', 'AW', 'AX', 'AZ', 'BA', 'BB', 'BD', 'BE', 'BF', 'BG', 'BH', 'BI', 'BJ', 'BL', 'BM', 'BN', 'BO', 'BQ', 'BR', 'BS', 'BT', '...</msg>
<var>${list_country}</var>
<arg>AD</arg>
<arg>AE</arg>
<arg>AF</arg>
<arg>AG</arg>
<arg>AI</arg>
<arg>AL</arg>
<arg>AM</arg>
<arg>AO</arg>
<arg>AQ</arg>
<arg>AR</arg>
<arg>AS</arg>
<arg>AT</arg>
<arg>AU</arg>
<arg>AW</arg>
<arg>AX</arg>
<arg>AZ</arg>
<arg>BA</arg>
<arg>BB</arg>
<arg>BD</arg>
<arg>BE</arg>
<arg>BF</arg>
<arg>BG</arg>
<arg>BH</arg>
<arg>BI</arg>
<arg>BJ</arg>
<arg>BL</arg>
<arg>BM</arg>
<arg>BN</arg>
<arg>BO</arg>
<arg>BQ</arg>
<arg>BR</arg>
<arg>BS</arg>
<arg>BT</arg>
<arg>BV</arg>
<arg>BW</arg>
<arg>BY</arg>
<arg>BZ</arg>
<arg>CA</arg>
<arg>CC</arg>
<arg>CD</arg>
<arg>CF</arg>
<arg>CG</arg>
<arg>CH</arg>
<arg>CI</arg>
<arg>CK</arg>
<arg>CL</arg>
<arg>CM</arg>
<arg>CN</arg>
<arg>CO</arg>
<arg>CR</arg>
<arg>CU</arg>
<arg>CV</arg>
<arg>CW</arg>
<arg>CX</arg>
<arg>CY</arg>
<arg>CZ</arg>
<arg>DE</arg>
<arg>DJ</arg>
<arg>DK</arg>
<arg>DM</arg>
<arg>DO</arg>
<arg>DZ</arg>
<arg>EC</arg>
<arg>EE</arg>
<arg>EG</arg>
<arg>EH</arg>
<arg>ER</arg>
<arg>ES</arg>
<arg>ET</arg>
<arg>FI</arg>
<arg>FJ</arg>
<arg>FK</arg>
<arg>FM</arg>
<arg>FO</arg>
<arg>FR</arg>
<arg>GA</arg>
<arg>GB</arg>
<arg>GD</arg>
<arg>GE</arg>
<arg>GF</arg>
<arg>GG</arg>
<arg>GH</arg>
<arg>GI</arg>
<arg>GL</arg>
<arg>GM</arg>
<arg>GN</arg>
<arg>GP</arg>
<arg>GQ</arg>
<arg>GR</arg>
<arg>GS</arg>
<arg>GT</arg>
<arg>GU</arg>
<arg>GW</arg>
<arg>GY</arg>
<arg>HK</arg>
<arg>HM</arg>
<arg>HN</arg>
<arg>HR</arg>
<arg>HT</arg>
<arg>HU</arg>
<arg>ID</arg>
<arg>IE</arg>
<arg>IL</arg>
<arg>IM</arg>
<arg>IN</arg>
<arg>IO</arg>
<arg>IQ</arg>
<arg>IR</arg>
<arg>IS</arg>
<arg>IT</arg>
<arg>JE</arg>
<arg>JM</arg>
<arg>JO</arg>
<arg>JP</arg>
<arg>KE</arg>
<arg>KG</arg>
<arg>KH</arg>
<arg>KI</arg>
<arg>KM</arg>
<arg>KN</arg>
<arg>KP</arg>
<arg>KR</arg>
<arg>KW</arg>
<arg>KY</arg>
<arg>KZ</arg>
<arg>LA</arg>
<arg>LB</arg>
<arg>LC</arg>
<arg>LI</arg>
<arg>LK</arg>
<arg>LR</arg>
<arg>LS</arg>
<arg>LT</arg>
<arg>LU</arg>
<arg>LV</arg>
<arg>LY</arg>
<arg>MA</arg>
<arg>MC</arg>
<arg>MD</arg>
<arg>ME</arg>
<arg>MF</arg>
<arg>MG</arg>
<arg>MH</arg>
<arg>MK</arg>
<arg>ML</arg>
<arg>MM</arg>
<arg>MN</arg>
<arg>MO</arg>
<arg>MP</arg>
<arg>MQ</arg>
<arg>MR</arg>
<arg>MS</arg>
<arg>MT</arg>
<arg>MU</arg>
<arg>MV</arg>
<arg>MW</arg>
<arg>MX</arg>
<arg>MY</arg>
<arg>MZ</arg>
<arg>NA</arg>
<arg>NC</arg>
<arg>NE</arg>
<arg>NF</arg>
<arg>NG</arg>
<arg>NI</arg>
<arg>NL</arg>
<arg>NO</arg>
<arg>NP</arg>
<arg>NR</arg>
<arg>NU</arg>
<arg>NZ</arg>
<arg>OM</arg>
<arg>PA</arg>
<arg>PE</arg>
<arg>PF</arg>
<arg>PG</arg>
<arg>PH</arg>
<arg>PK</arg>
<arg>PL</arg>
<arg>PM</arg>
<arg>PN</arg>
<arg>PR</arg>
<arg>PS</arg>
<arg>PT</arg>
<arg>PW</arg>
<arg>PY</arg>
<arg>QA</arg>
<arg>RE</arg>
<arg>RO</arg>
<arg>RS</arg>
<arg>RU</arg>
<arg>RW</arg>
<arg>SA</arg>
<arg>SB</arg>
<arg>SC</arg>
<arg>SD</arg>
<arg>SE</arg>
<arg>SG</arg>
<arg>SH</arg>
<arg>SI</arg>
<arg>SJ</arg>
<arg>SK</arg>
<arg>SL</arg>
<arg>SM</arg>
<arg>SN</arg>
<arg>SO</arg>
<arg>SR</arg>
<arg>SS</arg>
<arg>ST</arg>
<arg>SV</arg>
<arg>SX</arg>
<arg>SY</arg>
<arg>SZ</arg>
<arg>TC</arg>
<arg>TD</arg>
<arg>TF</arg>
<arg>TG</arg>
<arg>TH</arg>
<arg>TJ</arg>
<arg>TK</arg>
<arg>TL</arg>
<arg>TM</arg>
<arg>TN</arg>
<arg>TO</arg>
<arg>TR</arg>
<arg>TT</arg>
<arg>TV</arg>
<arg>TW</arg>
<arg>TZ</arg>
<arg>UA</arg>
<arg>UG</arg>
<arg>UM</arg>
<arg>US</arg>
<arg>UY</arg>
<arg>UZ</arg>
<arg>VA</arg>
<arg>VC</arg>
<arg>VE</arg>
<arg>VG</arg>
<arg>VI</arg>
<arg>VN</arg>
<arg>VU</arg>
<arg>WF</arg>
<arg>WS</arg>
<arg>XK</arg>
<arg>YE</arg>
<arg>YT</arg>
<arg>ZA</arg>
<arg>ZM</arg>
<arg>ZW</arg>
<doc>Returns a list containing given items.</doc>
<status status="PASS" start="2024-07-17T22:15:00.251203" elapsed="0.000666"/>
</kw>
<kw name="List Should Contain Value" owner="Collections">
<arg>${list_country}</arg>
<arg>${name_country}</arg>
<doc>Fails if the ``value`` is not found from ``list``.</doc>
<status status="PASS" start="2024-07-17T22:15:00.252934" elapsed="0.000214"/>
</kw>
<kw name="Run Keyword If" owner="BuiltIn">
<kw name="Should Be True" owner="BuiltIn">
<arg>${True}</arg>
<doc>Fails if the given condition is not true.</doc>
<status status="PASS" start="2024-07-17T22:15:00.254124" elapsed="0.000143"/>
</kw>
<arg>${json_data["results"][0]["location"]["coordinates"]["latitude"]} &gt;= -90 and ${json_data["results"][0]["location"]["coordinates"]["latitude"]} &lt;= 90</arg>
<arg>Should Be True</arg>
<arg>${True}</arg>
<doc>Runs the given keyword with the given arguments, if ``condition`` is true.</doc>
<status status="PASS" start="2024-07-17T22:15:00.253363" elapsed="0.001029"/>
</kw>
<kw name="Run Keyword If" owner="BuiltIn">
<kw name="Should Be True" owner="BuiltIn">
<arg>${True}</arg>
<doc>Fails if the given condition is not true.</doc>
<status status="PASS" start="2024-07-17T22:15:00.255317" elapsed="0.000141"/>
</kw>
<arg>${json_data["results"][0]["location"]["coordinates"]["longitude"]} &gt;= -180 and ${json_data["results"][0]["location"]["coordinates"]["longitude"]} &lt;= 180</arg>
<arg>Should Be True</arg>
<arg>${True}</arg>
<doc>Runs the given keyword with the given arguments, if ``condition`` is true.</doc>
<status status="PASS" start="2024-07-17T22:15:00.254573" elapsed="0.001011"/>
</kw>
<status status="PASS" start="2024-07-17T22:15:00.154834" elapsed="0.100888"/>
</kw>
<doc>Testa o conteúdo específico dos campos retornados pela API.</doc>
<tag>testeConteudo</tag>
<status status="PASS" start="2024-07-17T22:15:00.154103" elapsed="0.101790"/>
</test>
<status status="PASS" start="2024-07-17T22:14:59.190596" elapsed="1.067427"/>
</suite>
<status status="PASS" start="2024-07-17T22:14:59.175749" elapsed="1.087526"/>
</suite>
<statistics>
<total>
<stat pass="5" fail="0" skip="0">All Tests</stat>
</total>
<tag>
<stat pass="1" fail="0" skip="0">testeConteudo</stat>
<stat pass="1" fail="0" skip="0">testeEstruturaResposta</stat>
<stat pass="1" fail="0" skip="0">testeRequisicaoBasica</stat>
<stat pass="1" fail="0" skip="0">testeTiposDados</stat>
</tag>
<suite>
<stat pass="5" fail="0" skip="0" id="s1" name="Tests">Tests</stat>
<stat pass="5" fail="0" skip="0" id="s1-s1" name="Random-User-Test">Tests.Random-User-Test</stat>
</suite>
</statistics>
<errors>
</errors>
</robot>
