<?xml version="1.0" encoding="UTF-8"?>
<robot generator="Robot 7.0 (Python 3.12.3 on linux)" generated="2024-05-10T18:18:34.775280" rpa="false" schemaversion="5">
<suite id="s1" name="Tests" source="/home/runner/work/DesafioQAItauRogerioJordao/DesafioQAItauRogerioJordao/RamdonUser/tests">
<suite id="s1-s1" name="Random-User-Test" source="/home/runner/work/DesafioQAItauRogerioJordao/DesafioQAItauRogerioJordao/RamdonUser/tests/random-user-test.robot">
<test id="s1-s1-t1" name="Conectar" line="13">
<kw name="Conectar API" owner="random-user-service">
<kw name="Create Session" owner="RequestsLibrary">
<msg time="2024-05-10T18:18:35.218229" level="INFO">Creating Session using : alias=consultarAPI, url=https://randomuser.me/, headers={},                     cookies={}, auth=None, timeout=None, proxies=None, verify=False,                     debug=0 </msg>
<arg>consultarAPI</arg>
<arg>${URL}</arg>
<doc>Create Session: create a HTTP session to a server</doc>
<status status="PASS" start="2024-05-10T18:18:35.218017" elapsed="0.000438"/>
</kw>
<status status="PASS" start="2024-05-10T18:18:35.217003" elapsed="0.001837"/>
</kw>
<status status="PASS" start="2024-05-10T18:18:35.216335" elapsed="0.002698"/>
</test>
<test id="s1-s1-t2" name="Validar retorno 200 e JSON Válido" line="16">
<kw name="Teste de Requisicao Basica" owner="random-user-service">
<kw name="GET On Session" owner="RequestsLibrary">
<msg time="2024-05-10T18:18:35.314276" level="INFO">GET Request : url=https://randomuser.me/api 
 path_url=/api 
 headers={'User-Agent': 'python-requests/2.31.0', 'Accept-Encoding': 'gzip, deflate', 'Accept': '*/*', 'Connection': 'keep-alive'} 
 body=None 
 </msg>
<msg time="2024-05-10T18:18:35.314486" level="INFO">GET Response : url=https://randomuser.me/api 
 status=200, reason=OK 
 headers={'Date': 'Fri, 10 May 2024 18:18:35 GMT', 'Content-Type': 'application/json; charset=utf-8', 'Transfer-Encoding': 'chunked', 'Connection': 'keep-alive', 'X-Powered-By': 'Express', 'Access-Control-Allow-Origin': '*', 'Cache-Control': 'no-cache', 'ETag': 'W/"4a7-vT3hL8xgCX0w5F93+I/sGxDjTfw"', 'Vary': 'Accept-Encoding', 'Content-Encoding': 'gzip', 'CF-Cache-Status': 'DYNAMIC', 'Report-To': '{"endpoints":[{"url":"https:\\/\\/a.nel.cloudflare.com\\/report\\/v4?s=kpkHPUxQ3VtlfProKkaBvpHvSWbTgt56w1L1sshuZ8pwG%2FH0AOIowFplfIpPmoxOfmFKXCyav71rs5Zzozeh6c2al9kXJM2UotMOI5kgkSp6b5NG3Ts3es6zouzotKPB"}],"group":"cf-nel","max_age":604800}', 'NEL': '{"success_fraction":0,"report_to":"cf-nel","max_age":604800}', 'Server': 'cloudflare', 'CF-RAY': '881beec27f86c40c-EWR', 'alt-svc': 'h3=":443"; ma=86400'} 
 body={"results":[{"gender":"male","name":{"title":"Mr","first":"Danilo","last":"Cardoso"},"location":{"street":{"number":3370,"name":"Rua João Xxiii"},"city":"Itaquaquecetuba","state":"Amazonas","country":"Brazil","postcode":47535,"coordinates":{"latitude":"-75.7901","longitude":"-175.3052"},"timezone":{"offset":"-6:00","description":"Central Time (US &amp; Canada), Mexico City"}},"email":"danilo.cardoso@example.com","login":{"uuid":"42356626-beaf-4573-b748-752540796362","username":"crazyleopard540","password":"hoosiers","salt":"T4Q7uEo7","md5":"270008137a662066ab226e7d66026017","sha1":"eef6ca8e6d95221d7f008e39ff495b376aa82424","sha256":"f824a5d2e8af968598dd4181b40750f986b553b2861eebf12747c9d2d3a57bf3"},"dob":{"date":"1964-09-15T00:35:13.574Z","age":59},"registered":{"date":"2004-11-26T21:10:59.862Z","age":19},"phone":"(20) 4632-4167","cell":"(90) 6126-1183","id":{"name":"CPF","value":"725.989.368-78"},"picture":{"large":"https://randomuser.me/api/portraits/men/32.jpg","medium":"https://randomuser.me/api/portraits/med/men/32.jpg","thumbnail":"https://randomuser.me/api/portraits/thumb/men/32.jpg"},"nat":"BR"}],"info":{"seed":"3f47bd10429e5035","results":1,"page":1,"version":"1.4"}} 
 </msg>
<msg time="2024-05-10T18:18:35.314599" level="INFO">/opt/hostedtoolcache/Python/3.12.3/x64/lib/python3.12/site-packages/urllib3/connectionpool.py:1103: InsecureRequestWarning: Unverified HTTPS request is being made to host 'randomuser.me'. Adding certificate verification is strongly advised. See: https://urllib3.readthedocs.io/en/latest/advanced-usage.html#tls-warnings
  warnings.warn(</msg>
<msg time="2024-05-10T18:18:35.314750" level="INFO">${response} = &lt;Response [200]&gt;</msg>
<var>${response}</var>
<arg>consultarAPI</arg>
<arg>/api</arg>
<doc>Sends a GET request on a previously created HTTP Session.</doc>
<status status="PASS" start="2024-05-10T18:18:35.221720" elapsed="0.093072"/>
</kw>
<kw name="Should Be Equal As Numbers" owner="BuiltIn">
<msg time="2024-05-10T18:18:35.316073" level="INFO">Argument types are:
&lt;class 'int'&gt;
&lt;class 'str'&gt;</msg>
<arg>${response.status_code}</arg>
<arg>200</arg>
<doc>Fails if objects are unequal after converting them to real numbers.</doc>
<status status="PASS" start="2024-05-10T18:18:35.315527" elapsed="0.000613"/>
</kw>
<kw name="Log" owner="BuiltIn">
<msg time="2024-05-10T18:18:35.316815" level="INFO">200</msg>
<arg>${response.status_code}</arg>
<doc>Logs the given message with the given level.</doc>
<status status="PASS" start="2024-05-10T18:18:35.316463" elapsed="0.000395"/>
</kw>
<kw name="Set Variable" owner="BuiltIn">
<msg time="2024-05-10T18:18:35.317617" level="INFO">${json_data} = {'results': [{'gender': 'male', 'name': {'title': 'Mr', 'first': 'Danilo', 'last': 'Cardoso'}, 'location': {'street': {'number': 3370, 'name': 'Rua João Xxiii'}, 'city': 'Itaquaquecetuba', 'state': 'A...</msg>
<var>${json_data}</var>
<arg>${response.json()}</arg>
<doc>Returns the given values which can then be assigned to a variables.</doc>
<status status="PASS" start="2024-05-10T18:18:35.317164" elapsed="0.000482"/>
</kw>
<kw name="Dictionary Should Contain Key" owner="Collections">
<msg time="2024-05-10T18:18:35.318120" level="INFO">False</msg>
<arg>${json_data}</arg>
<arg>results</arg>
<doc>Fails if ``key`` is not found from ``dictionary``.</doc>
<status status="PASS" start="2024-05-10T18:18:35.317953" elapsed="0.000206"/>
</kw>
<status status="PASS" start="2024-05-10T18:18:35.221476" elapsed="0.096972"/>
</kw>
<doc>Testa se a API responde corretamente e retorna um objeto JSON válido.</doc>
<tag>testeRequisicaoBasica</tag>
<status status="PASS" start="2024-05-10T18:18:35.220917" elapsed="0.097734"/>
</test>
<test id="s1-s1-t3" name="Validar estrutura de resposta" line="22">
<kw name="Teste de Estrutura de Resposta" owner="random-user-service">
<kw name="GET On Session" owner="RequestsLibrary">
<msg time="2024-05-10T18:18:35.424658" level="INFO">GET Request : url=https://randomuser.me/api 
 path_url=/api 
 headers={'User-Agent': 'python-requests/2.31.0', 'Accept-Encoding': 'gzip, deflate', 'Accept': '*/*', 'Connection': 'keep-alive'} 
 body=None 
 </msg>
<msg time="2024-05-10T18:18:35.424779" level="INFO">GET Response : url=https://randomuser.me/api 
 status=200, reason=OK 
 headers={'Date': 'Fri, 10 May 2024 18:18:35 GMT', 'Content-Type': 'application/json; charset=utf-8', 'Transfer-Encoding': 'chunked', 'Connection': 'keep-alive', 'X-Powered-By': 'Express', 'Access-Control-Allow-Origin': '*', 'Cache-Control': 'no-cache', 'ETag': 'W/"478-gexOZ54K6e3wtxlEcRK8Bi3NBdk"', 'Vary': 'Accept-Encoding', 'Content-Encoding': 'gzip', 'CF-Cache-Status': 'DYNAMIC', 'Report-To': '{"endpoints":[{"url":"https:\\/\\/a.nel.cloudflare.com\\/report\\/v4?s=hU6w47n2MZkXrLqIC47JzXQCtqioQJg%2Fp4wYBwU6ydVRVysPVkrp2B14IqMi1D8dW25fMig6%2Bu28amgkuFlWncOB7a49dLt%2BEtEP1dk5vANeiCTA8Dzl1VJPFVFCsLbr"}],"group":"cf-nel","max_age":604800}', 'NEL': '{"success_fraction":0,"report_to":"cf-nel","max_age":604800}', 'Server': 'cloudflare', 'CF-RAY': '881beec2cfeac40c-EWR', 'alt-svc': 'h3=":443"; ma=86400'} 
 body={"results":[{"gender":"female","name":{"title":"Miss","first":"هستی","last":"موسوی"},"location":{"street":{"number":416,"name":"فلاحی"},"city":"ساری","state":"بوشهر","country":"Iran","postcode":47505,"coordinates":{"latitude":"13.8562","longitude":"55.4403"},"timezone":{"offset":"+9:30","description":"Adelaide, Darwin"}},"email":"hsty.mwswy@example.com","login":{"uuid":"ca3e0973-6733-4d5c-92fa-e9e37d601c32","username":"purpletiger608","password":"verbatim","salt":"EmpYvUgj","md5":"e512ea30901b29364277ad21fbb3768b","sha1":"1513020263779d367ba771fc9a41bd1c815d59b0","sha256":"cd672c31889809dd98f92b47bd3f785799f789d6111c825e1cdee5b022debf2c"},"dob":{"date":"1996-12-18T10:07:59.915Z","age":27},"registered":{"date":"2006-01-13T05:23:39.388Z","age":18},"phone":"084-00721213","cell":"0920-541-5895","id":{"name":"","value":null},"picture":{"large":"https://randomuser.me/api/portraits/women/46.jpg","medium":"https://randomuser.me/api/portraits/med/women/46.jpg","thumbnail":"https://randomuser.me/api/portraits/thumb/women/46.jpg"},"nat":"IR"}],"info":{"seed":"34c5d27d28e332cc","results":1,"page":1,"version":"1.4"}} 
 </msg>
<msg time="2024-05-10T18:18:35.424942" level="INFO">/opt/hostedtoolcache/Python/3.12.3/x64/lib/python3.12/site-packages/urllib3/connectionpool.py:1103: InsecureRequestWarning: Unverified HTTPS request is being made to host 'randomuser.me'. Adding certificate verification is strongly advised. See: https://urllib3.readthedocs.io/en/latest/advanced-usage.html#tls-warnings
  warnings.warn(</msg>
<msg time="2024-05-10T18:18:35.425100" level="INFO">${response} = &lt;Response [200]&gt;</msg>
<var>${response}</var>
<arg>consultarAPI</arg>
<arg>/api</arg>
<doc>Sends a GET request on a previously created HTTP Session.</doc>
<status status="PASS" start="2024-05-10T18:18:35.321377" elapsed="0.103770"/>
</kw>
<kw name="Set Variable" owner="BuiltIn">
<msg time="2024-05-10T18:18:35.426497" level="INFO">${json_data} = {'results': [{'gender': 'female', 'name': {'title': 'Miss', 'first': 'هستی', 'last': 'موسوی'}, 'location': {'street': {'number': 416, 'name': 'فلاحی'}, 'city': 'ساری', 'state': 'بوشهر', 'country': 'Ir...</msg>
<var>${json_data}</var>
<arg>${response.json()}</arg>
<doc>Returns the given values which can then be assigned to a variables.</doc>
<status status="PASS" start="2024-05-10T18:18:35.425840" elapsed="0.000698"/>
</kw>
<kw name="Log" owner="BuiltIn">
<msg time="2024-05-10T18:18:35.427023" level="INFO">{'results': [{'gender': 'female', 'name': {'title': 'Miss', 'first': 'هستی', 'last': 'موسوی'}, 'location': {'street': {'number': 416, 'name': 'فلاحی'}, 'city': 'ساری', 'state': 'بوشهر', 'country': 'Iran', 'postcode': 47505, 'coordinates': {'latitude': '13.8562', 'longitude': '55.4403'}, 'timezone': {'offset': '+9:30', 'description': 'Adelaide, Darwin'}}, 'email': 'hsty.mwswy@example.com', 'login': {'uuid': 'ca3e0973-6733-4d5c-92fa-e9e37d601c32', 'username': 'purpletiger608', 'password': 'verbatim', 'salt': 'EmpYvUgj', 'md5': 'e512ea30901b29364277ad21fbb3768b', 'sha1': '1513020263779d367ba771fc9a41bd1c815d59b0', 'sha256': 'cd672c31889809dd98f92b47bd3f785799f789d6111c825e1cdee5b022debf2c'}, 'dob': {'date': '1996-12-18T10:07:59.915Z', 'age': 27}, 'registered': {'date': '2006-01-13T05:23:39.388Z', 'age': 18}, 'phone': '084-00721213', 'cell': '0920-541-5895', 'id': {'name': '', 'value': None}, 'picture': {'large': 'https://randomuser.me/api/portraits/women/46.jpg', 'medium': 'https://randomuser.me/api/portraits/med/women/46.jpg', 'thumbnail': 'https://randomuser.me/api/portraits/thumb/women/46.jpg'}, 'nat': 'IR'}], 'info': {'seed': '34c5d27d28e332cc', 'results': 1, 'page': 1, 'version': '1.4'}}</msg>
<arg>${json_data}</arg>
<doc>Logs the given message with the given level.</doc>
<status status="PASS" start="2024-05-10T18:18:35.426853" elapsed="0.000223"/>
</kw>
<kw name="Dictionary Should Contain Key" owner="Collections">
<msg time="2024-05-10T18:18:35.427537" level="INFO">False</msg>
<arg>${json_data}</arg>
<arg>results</arg>
<doc>Fails if ``key`` is not found from ``dictionary``.</doc>
<status status="PASS" start="2024-05-10T18:18:35.427379" elapsed="0.000195"/>
</kw>
<kw name="Should Not Be Empty" owner="BuiltIn">
<msg time="2024-05-10T18:18:35.428003" level="INFO">Length is 2.</msg>
<arg>${json_data}</arg>
<doc>Verifies that the given item is not empty.</doc>
<status status="PASS" start="2024-05-10T18:18:35.427867" elapsed="0.000175"/>
</kw>
<kw name="Create List" owner="BuiltIn">
<msg time="2024-05-10T18:18:35.428642" level="INFO">${expected_keys} = ['gender', 'name', 'location', 'email', 'login']</msg>
<var>${expected_keys}</var>
<arg>gender</arg>
<arg>name</arg>
<arg>location</arg>
<arg>email</arg>
<arg>login</arg>
<doc>Returns a list containing given items.</doc>
<status status="PASS" start="2024-05-10T18:18:35.428334" elapsed="0.000333"/>
</kw>
<for flavor="IN">
<iter>
<kw name="Dictionary Should Contain Key" owner="Collections">
<msg time="2024-05-10T18:18:35.429670" level="INFO">False</msg>
<arg>${json_data['results'][0]}</arg>
<arg>${key}</arg>
<doc>Fails if ``key`` is not found from ``dictionary``.</doc>
<status status="PASS" start="2024-05-10T18:18:35.429267" elapsed="0.000443"/>
</kw>
<kw name="Log" owner="BuiltIn">
<msg time="2024-05-10T18:18:35.430383" level="INFO">{'gender': 'female', 'name': {'title': 'Miss', 'first': 'هستی', 'last': 'موسوی'}, 'location': {'street': {'number': 416, 'name': 'فلاحی'}, 'city': 'ساری', 'state': 'بوشهر', 'country': 'Iran', 'postcode': 47505, 'coordinates': {'latitude': '13.8562', 'longitude': '55.4403'}, 'timezone': {'offset': '+9:30', 'description': 'Adelaide, Darwin'}}, 'email': 'hsty.mwswy@example.com', 'login': {'uuid': 'ca3e0973-6733-4d5c-92fa-e9e37d601c32', 'username': 'purpletiger608', 'password': 'verbatim', 'salt': 'EmpYvUgj', 'md5': 'e512ea30901b29364277ad21fbb3768b', 'sha1': '1513020263779d367ba771fc9a41bd1c815d59b0', 'sha256': 'cd672c31889809dd98f92b47bd3f785799f789d6111c825e1cdee5b022debf2c'}, 'dob': {'date': '1996-12-18T10:07:59.915Z', 'age': 27}, 'registered': {'date': '2006-01-13T05:23:39.388Z', 'age': 18}, 'phone': '084-00721213', 'cell': '0920-541-5895', 'id': {'name': '', 'value': None}, 'picture': {'large': 'https://randomuser.me/api/portraits/women/46.jpg', 'medium': 'https://randomuser.me/api/portraits/med/women/46.jpg', 'thumbnail': 'https://randomuser.me/api/portraits/thumb/women/46.jpg'}, 'nat': 'IR'}</msg>
<arg>${json_data['results'][0]}</arg>
<doc>Logs the given message with the given level.</doc>
<status status="PASS" start="2024-05-10T18:18:35.430006" elapsed="0.000464"/>
</kw>
<kw name="Log" owner="BuiltIn">
<msg time="2024-05-10T18:18:35.430910" level="INFO">gender</msg>
<arg>${key}</arg>
<doc>Logs the given message with the given level.</doc>
<status status="PASS" start="2024-05-10T18:18:35.430781" elapsed="0.000167"/>
</kw>
<var name="${key}">gender</var>
<status status="PASS" start="2024-05-10T18:18:35.429133" elapsed="0.002029"/>
</iter>
<iter>
<kw name="Dictionary Should Contain Key" owner="Collections">
<msg time="2024-05-10T18:18:35.431853" level="INFO">False</msg>
<arg>${json_data['results'][0]}</arg>
<arg>${key}</arg>
<doc>Fails if ``key`` is not found from ``dictionary``.</doc>
<status status="PASS" start="2024-05-10T18:18:35.431461" elapsed="0.000430"/>
</kw>
<kw name="Log" owner="BuiltIn">
<msg time="2024-05-10T18:18:35.432579" level="INFO">{'gender': 'female', 'name': {'title': 'Miss', 'first': 'هستی', 'last': 'موسوی'}, 'location': {'street': {'number': 416, 'name': 'فلاحی'}, 'city': 'ساری', 'state': 'بوشهر', 'country': 'Iran', 'postcode': 47505, 'coordinates': {'latitude': '13.8562', 'longitude': '55.4403'}, 'timezone': {'offset': '+9:30', 'description': 'Adelaide, Darwin'}}, 'email': 'hsty.mwswy@example.com', 'login': {'uuid': 'ca3e0973-6733-4d5c-92fa-e9e37d601c32', 'username': 'purpletiger608', 'password': 'verbatim', 'salt': 'EmpYvUgj', 'md5': 'e512ea30901b29364277ad21fbb3768b', 'sha1': '1513020263779d367ba771fc9a41bd1c815d59b0', 'sha256': 'cd672c31889809dd98f92b47bd3f785799f789d6111c825e1cdee5b022debf2c'}, 'dob': {'date': '1996-12-18T10:07:59.915Z', 'age': 27}, 'registered': {'date': '2006-01-13T05:23:39.388Z', 'age': 18}, 'phone': '084-00721213', 'cell': '0920-541-5895', 'id': {'name': '', 'value': None}, 'picture': {'large': 'https://randomuser.me/api/portraits/women/46.jpg', 'medium': 'https://randomuser.me/api/portraits/med/women/46.jpg', 'thumbnail': 'https://randomuser.me/api/portraits/thumb/women/46.jpg'}, 'nat': 'IR'}</msg>
<arg>${json_data['results'][0]}</arg>
<doc>Logs the given message with the given level.</doc>
<status status="PASS" start="2024-05-10T18:18:35.432213" elapsed="0.000417"/>
</kw>
<kw name="Log" owner="BuiltIn">
<msg time="2024-05-10T18:18:35.433060" level="INFO">name</msg>
<arg>${key}</arg>
<doc>Logs the given message with the given level.</doc>
<status status="PASS" start="2024-05-10T18:18:35.432932" elapsed="0.000166"/>
</kw>
<var name="${key}">name</var>
<status status="PASS" start="2024-05-10T18:18:35.431348" elapsed="0.001964"/>
</iter>
<iter>
<kw name="Dictionary Should Contain Key" owner="Collections">
<msg time="2024-05-10T18:18:35.433994" level="INFO">False</msg>
<arg>${json_data['results'][0]}</arg>
<arg>${key}</arg>
<doc>Fails if ``key`` is not found from ``dictionary``.</doc>
<status status="PASS" start="2024-05-10T18:18:35.433608" elapsed="0.000423"/>
</kw>
<kw name="Log" owner="BuiltIn">
<msg time="2024-05-10T18:18:35.434738" level="INFO">{'gender': 'female', 'name': {'title': 'Miss', 'first': 'هستی', 'last': 'موسوی'}, 'location': {'street': {'number': 416, 'name': 'فلاحی'}, 'city': 'ساری', 'state': 'بوشهر', 'country': 'Iran', 'postcode': 47505, 'coordinates': {'latitude': '13.8562', 'longitude': '55.4403'}, 'timezone': {'offset': '+9:30', 'description': 'Adelaide, Darwin'}}, 'email': 'hsty.mwswy@example.com', 'login': {'uuid': 'ca3e0973-6733-4d5c-92fa-e9e37d601c32', 'username': 'purpletiger608', 'password': 'verbatim', 'salt': 'EmpYvUgj', 'md5': 'e512ea30901b29364277ad21fbb3768b', 'sha1': '1513020263779d367ba771fc9a41bd1c815d59b0', 'sha256': 'cd672c31889809dd98f92b47bd3f785799f789d6111c825e1cdee5b022debf2c'}, 'dob': {'date': '1996-12-18T10:07:59.915Z', 'age': 27}, 'registered': {'date': '2006-01-13T05:23:39.388Z', 'age': 18}, 'phone': '084-00721213', 'cell': '0920-541-5895', 'id': {'name': '', 'value': None}, 'picture': {'large': 'https://randomuser.me/api/portraits/women/46.jpg', 'medium': 'https://randomuser.me/api/portraits/med/women/46.jpg', 'thumbnail': 'https://randomuser.me/api/portraits/thumb/women/46.jpg'}, 'nat': 'IR'}</msg>
<arg>${json_data['results'][0]}</arg>
<doc>Logs the given message with the given level.</doc>
<status status="PASS" start="2024-05-10T18:18:35.434328" elapsed="0.000462"/>
</kw>
<kw name="Log" owner="BuiltIn">
<msg time="2024-05-10T18:18:35.435216" level="INFO">location</msg>
<arg>${key}</arg>
<doc>Logs the given message with the given level.</doc>
<status status="PASS" start="2024-05-10T18:18:35.435090" elapsed="0.000164"/>
</kw>
<var name="${key}">location</var>
<status status="PASS" start="2024-05-10T18:18:35.433496" elapsed="0.001971"/>
</iter>
<iter>
<kw name="Dictionary Should Contain Key" owner="Collections">
<msg time="2024-05-10T18:18:35.436127" level="INFO">False</msg>
<arg>${json_data['results'][0]}</arg>
<arg>${key}</arg>
<doc>Fails if ``key`` is not found from ``dictionary``.</doc>
<status status="PASS" start="2024-05-10T18:18:35.435746" elapsed="0.000418"/>
</kw>
<kw name="Log" owner="BuiltIn">
<msg time="2024-05-10T18:18:35.436829" level="INFO">{'gender': 'female', 'name': {'title': 'Miss', 'first': 'هستی', 'last': 'موسوی'}, 'location': {'street': {'number': 416, 'name': 'فلاحی'}, 'city': 'ساری', 'state': 'بوشهر', 'country': 'Iran', 'postcode': 47505, 'coordinates': {'latitude': '13.8562', 'longitude': '55.4403'}, 'timezone': {'offset': '+9:30', 'description': 'Adelaide, Darwin'}}, 'email': 'hsty.mwswy@example.com', 'login': {'uuid': 'ca3e0973-6733-4d5c-92fa-e9e37d601c32', 'username': 'purpletiger608', 'password': 'verbatim', 'salt': 'EmpYvUgj', 'md5': 'e512ea30901b29364277ad21fbb3768b', 'sha1': '1513020263779d367ba771fc9a41bd1c815d59b0', 'sha256': 'cd672c31889809dd98f92b47bd3f785799f789d6111c825e1cdee5b022debf2c'}, 'dob': {'date': '1996-12-18T10:07:59.915Z', 'age': 27}, 'registered': {'date': '2006-01-13T05:23:39.388Z', 'age': 18}, 'phone': '084-00721213', 'cell': '0920-541-5895', 'id': {'name': '', 'value': None}, 'picture': {'large': 'https://randomuser.me/api/portraits/women/46.jpg', 'medium': 'https://randomuser.me/api/portraits/med/women/46.jpg', 'thumbnail': 'https://randomuser.me/api/portraits/thumb/women/46.jpg'}, 'nat': 'IR'}</msg>
<arg>${json_data['results'][0]}</arg>
<doc>Logs the given message with the given level.</doc>
<status status="PASS" start="2024-05-10T18:18:35.436458" elapsed="0.000421"/>
</kw>
<kw name="Log" owner="BuiltIn">
<msg time="2024-05-10T18:18:35.437298" level="INFO">email</msg>
<arg>${key}</arg>
<doc>Logs the given message with the given level.</doc>
<status status="PASS" start="2024-05-10T18:18:35.437173" elapsed="0.000163"/>
</kw>
<var name="${key}">email</var>
<status status="PASS" start="2024-05-10T18:18:35.435638" elapsed="0.001920"/>
</iter>
<iter>
<kw name="Dictionary Should Contain Key" owner="Collections">
<msg time="2024-05-10T18:18:35.438222" level="INFO">False</msg>
<arg>${json_data['results'][0]}</arg>
<arg>${key}</arg>
<doc>Fails if ``key`` is not found from ``dictionary``.</doc>
<status status="PASS" start="2024-05-10T18:18:35.437840" elapsed="0.000421"/>
</kw>
<kw name="Log" owner="BuiltIn">
<msg time="2024-05-10T18:18:35.438963" level="INFO">{'gender': 'female', 'name': {'title': 'Miss', 'first': 'هستی', 'last': 'موسوی'}, 'location': {'street': {'number': 416, 'name': 'فلاحی'}, 'city': 'ساری', 'state': 'بوشهر', 'country': 'Iran', 'postcode': 47505, 'coordinates': {'latitude': '13.8562', 'longitude': '55.4403'}, 'timezone': {'offset': '+9:30', 'description': 'Adelaide, Darwin'}}, 'email': 'hsty.mwswy@example.com', 'login': {'uuid': 'ca3e0973-6733-4d5c-92fa-e9e37d601c32', 'username': 'purpletiger608', 'password': 'verbatim', 'salt': 'EmpYvUgj', 'md5': 'e512ea30901b29364277ad21fbb3768b', 'sha1': '1513020263779d367ba771fc9a41bd1c815d59b0', 'sha256': 'cd672c31889809dd98f92b47bd3f785799f789d6111c825e1cdee5b022debf2c'}, 'dob': {'date': '1996-12-18T10:07:59.915Z', 'age': 27}, 'registered': {'date': '2006-01-13T05:23:39.388Z', 'age': 18}, 'phone': '084-00721213', 'cell': '0920-541-5895', 'id': {'name': '', 'value': None}, 'picture': {'large': 'https://randomuser.me/api/portraits/women/46.jpg', 'medium': 'https://randomuser.me/api/portraits/med/women/46.jpg', 'thumbnail': 'https://randomuser.me/api/portraits/thumb/women/46.jpg'}, 'nat': 'IR'}</msg>
<arg>${json_data['results'][0]}</arg>
<doc>Logs the given message with the given level.</doc>
<status status="PASS" start="2024-05-10T18:18:35.438589" elapsed="0.000425"/>
</kw>
<kw name="Log" owner="BuiltIn">
<msg time="2024-05-10T18:18:35.439445" level="INFO">login</msg>
<arg>${key}</arg>
<doc>Logs the given message with the given level.</doc>
<status status="PASS" start="2024-05-10T18:18:35.439316" elapsed="0.000167"/>
</kw>
<var name="${key}">login</var>
<status status="PASS" start="2024-05-10T18:18:35.437729" elapsed="0.001968"/>
</iter>
<var>${key}</var>
<value>@{expected_keys}</value>
<status status="PASS" start="2024-05-10T18:18:35.428936" elapsed="0.010908"/>
</for>
<kw name="Create List" owner="BuiltIn">
<msg time="2024-05-10T18:18:35.440185" level="INFO">${expected_keysTwo} = ['username', 'password']</msg>
<var>${expected_keysTwo}</var>
<arg>username</arg>
<arg>password</arg>
<doc>Returns a list containing given items.</doc>
<status status="PASS" start="2024-05-10T18:18:35.440048" elapsed="0.000161"/>
</kw>
<for flavor="IN">
<iter>
<kw name="Dictionary Should Contain Key" owner="Collections">
<msg time="2024-05-10T18:18:35.441103" level="INFO">False</msg>
<arg>${json_data['results'][0]['login']}</arg>
<arg>${keyTwo}</arg>
<doc>Fails if ``key`` is not found from ``dictionary``.</doc>
<status status="PASS" start="2024-05-10T18:18:35.440709" elapsed="0.000431"/>
</kw>
<kw name="Dictionary Should Contain Key" owner="Collections">
<msg time="2024-05-10T18:18:35.441806" level="INFO">False</msg>
<arg>${json_data['results'][0]['login']}</arg>
<arg>${keyTwo}</arg>
<doc>Fails if ``key`` is not found from ``dictionary``.</doc>
<status status="PASS" start="2024-05-10T18:18:35.441431" elapsed="0.000413"/>
</kw>
<kw name="Log" owner="BuiltIn">
<msg time="2024-05-10T18:18:35.442256" level="INFO">username</msg>
<arg>${keyTwo}</arg>
<doc>Logs the given message with the given level.</doc>
<status status="PASS" start="2024-05-10T18:18:35.442132" elapsed="0.000167"/>
</kw>
<var name="${keyTwo}">username</var>
<status status="PASS" start="2024-05-10T18:18:35.440600" elapsed="0.001934"/>
</iter>
<iter>
<kw name="Dictionary Should Contain Key" owner="Collections">
<msg time="2024-05-10T18:18:35.443202" level="INFO">False</msg>
<arg>${json_data['results'][0]['login']}</arg>
<arg>${keyTwo}</arg>
<doc>Fails if ``key`` is not found from ``dictionary``.</doc>
<status status="PASS" start="2024-05-10T18:18:35.442823" elapsed="0.000415"/>
</kw>
<kw name="Dictionary Should Contain Key" owner="Collections">
<msg time="2024-05-10T18:18:35.443998" level="INFO">False</msg>
<arg>${json_data['results'][0]['login']}</arg>
<arg>${keyTwo}</arg>
<doc>Fails if ``key`` is not found from ``dictionary``.</doc>
<status status="PASS" start="2024-05-10T18:18:35.443530" elapsed="0.000506"/>
</kw>
<kw name="Log" owner="BuiltIn">
<msg time="2024-05-10T18:18:35.444452" level="INFO">password</msg>
<arg>${keyTwo}</arg>
<doc>Logs the given message with the given level.</doc>
<status status="PASS" start="2024-05-10T18:18:35.444327" elapsed="0.000161"/>
</kw>
<var name="${keyTwo}">password</var>
<status status="PASS" start="2024-05-10T18:18:35.442713" elapsed="0.001991"/>
</iter>
<var>${keyTwo}</var>
<value>@{expected_keysTwo}</value>
<status status="PASS" start="2024-05-10T18:18:35.440446" elapsed="0.004381"/>
</for>
<status status="PASS" start="2024-05-10T18:18:35.321138" elapsed="0.123833"/>
</kw>
<doc>Testa a estrutura da resposta da API.</doc>
<tag>testeEstruturaResposta</tag>
<status status="PASS" start="2024-05-10T18:18:35.320501" elapsed="0.124633"/>
</test>
<test id="s1-s1-t4" name="Validar tipos de dados" line="28">
<kw name="Teste de Tipos de Dados" owner="random-user-service">
<kw name="GET On Session" owner="RequestsLibrary">
<msg time="2024-05-10T18:18:35.509727" level="INFO">GET Request : url=https://randomuser.me/api 
 path_url=/api 
 headers={'User-Agent': 'python-requests/2.31.0', 'Accept-Encoding': 'gzip, deflate', 'Accept': '*/*', 'Connection': 'keep-alive'} 
 body=None 
 </msg>
<msg time="2024-05-10T18:18:35.509840" level="INFO">GET Response : url=https://randomuser.me/api 
 status=200, reason=OK 
 headers={'Date': 'Fri, 10 May 2024 18:18:35 GMT', 'Content-Type': 'application/json; charset=utf-8', 'Transfer-Encoding': 'chunked', 'Connection': 'keep-alive', 'X-Powered-By': 'Express', 'Access-Control-Allow-Origin': '*', 'Cache-Control': 'no-cache', 'ETag': 'W/"499-/jm2PcYDg9SmPHBoc1qPNE50qAs"', 'Vary': 'Accept-Encoding', 'Content-Encoding': 'gzip', 'CF-Cache-Status': 'DYNAMIC', 'Report-To': '{"endpoints":[{"url":"https:\\/\\/a.nel.cloudflare.com\\/report\\/v4?s=tgMMTXU9pd0DOcDMZP7EOoiDMKYjgJmZ631hU7kEfjTmqJnNunyLsooXWbZ2ca5DJ7W%2B5sj4Igpw5pnagnxiUYTfkC5WsQjdXGXEy1%2BN7d19R7b6HxkvvkA0AFRd7U8m"}],"group":"cf-nel","max_age":604800}', 'NEL': '{"success_fraction":0,"report_to":"cf-nel","max_age":604800}', 'Server': 'cloudflare', 'CF-RAY': '881beec3990ec40c-EWR', 'alt-svc': 'h3=":443"; ma=86400'} 
 body={"results":[{"gender":"female","name":{"title":"Ms","first":"Isabella","last":"Pedersen"},"location":{"street":{"number":8603,"name":"Helsingevej"},"city":"Vipperød","state":"Syddanmark","country":"Denmark","postcode":69255,"coordinates":{"latitude":"-44.9763","longitude":"166.9392"},"timezone":{"offset":"+9:00","description":"Tokyo, Seoul, Osaka, Sapporo, Yakutsk"}},"email":"isabella.pedersen@example.com","login":{"uuid":"6bbed4ff-a09a-459a-a672-cdceebb8a1cf","username":"blackrabbit846","password":"hotlips","salt":"aJQuMOPx","md5":"964659e5af1c11b0ec6f03a9505eee7d","sha1":"f8b27a9ff40502884115122d34a2c3f6166ba632","sha256":"009cf1fa5da5ef95146eb1cee31cbde63d73d99c203c0638e20680c7e76af0ae"},"dob":{"date":"1988-11-21T22:32:31.174Z","age":35},"registered":{"date":"2020-10-19T07:26:05.931Z","age":3},"phone":"76561798","cell":"45999309","id":{"name":"CPR","value":"211188-4003"},"picture":{"large":"https://randomuser.me/api/portraits/women/89.jpg","medium":"https://randomuser.me/api/portraits/med/women/89.jpg","thumbnail":"https://randomuser.me/api/portraits/thumb/women/89.jpg"},"nat":"DK"}],"info":{"seed":"1f21e16336e780a1","results":1,"page":1,"version":"1.4"}} 
 </msg>
<msg time="2024-05-10T18:18:35.509925" level="INFO">/opt/hostedtoolcache/Python/3.12.3/x64/lib/python3.12/site-packages/urllib3/connectionpool.py:1103: InsecureRequestWarning: Unverified HTTPS request is being made to host 'randomuser.me'. Adding certificate verification is strongly advised. See: https://urllib3.readthedocs.io/en/latest/advanced-usage.html#tls-warnings
  warnings.warn(</msg>
<msg time="2024-05-10T18:18:35.510049" level="INFO">${response} = &lt;Response [200]&gt;</msg>
<var>${response}</var>
<arg>consultarAPI</arg>
<arg>/api</arg>
<doc>Sends a GET request on a previously created HTTP Session.</doc>
<status status="PASS" start="2024-05-10T18:18:35.447746" elapsed="0.062345"/>
</kw>
<kw name="Set Variable" owner="BuiltIn">
<msg time="2024-05-10T18:18:35.511400" level="INFO">${json_data} = {'results': [{'gender': 'female', 'name': {'title': 'Ms', 'first': 'Isabella', 'last': 'Pedersen'}, 'location': {'street': {'number': 8603, 'name': 'Helsingevej'}, 'city': 'Vipperød', 'state': 'Syddan...</msg>
<var>${json_data}</var>
<arg>${response.json()}</arg>
<doc>Returns the given values which can then be assigned to a variables.</doc>
<status status="PASS" start="2024-05-10T18:18:35.510786" elapsed="0.000644"/>
</kw>
<kw name="Log" owner="BuiltIn">
<msg time="2024-05-10T18:18:35.511910" level="INFO">{'results': [{'gender': 'female', 'name': {'title': 'Ms', 'first': 'Isabella', 'last': 'Pedersen'}, 'location': {'street': {'number': 8603, 'name': 'Helsingevej'}, 'city': 'Vipperød', 'state': 'Syddanmark', 'country': 'Denmark', 'postcode': 69255, 'coordinates': {'latitude': '-44.9763', 'longitude': '166.9392'}, 'timezone': {'offset': '+9:00', 'description': 'Tokyo, Seoul, Osaka, Sapporo, Yakutsk'}}, 'email': 'isabella.pedersen@example.com', 'login': {'uuid': '6bbed4ff-a09a-459a-a672-cdceebb8a1cf', 'username': 'blackrabbit846', 'password': 'hotlips', 'salt': 'aJQuMOPx', 'md5': '964659e5af1c11b0ec6f03a9505eee7d', 'sha1': 'f8b27a9ff40502884115122d34a2c3f6166ba632', 'sha256': '009cf1fa5da5ef95146eb1cee31cbde63d73d99c203c0638e20680c7e76af0ae'}, 'dob': {'date': '1988-11-21T22:32:31.174Z', 'age': 35}, 'registered': {'date': '2020-10-19T07:26:05.931Z', 'age': 3}, 'phone': '76561798', 'cell': '45999309', 'id': {'name': 'CPR', 'value': '211188-4003'}, 'picture': {'large': 'https://randomuser.me/api/portraits/women/89.jpg', 'medium': 'https://randomuser.me/api/portraits/med/women/89.jpg', 'thumbnail': 'https://randomuser.me/api/portraits/thumb/women/89.jpg'}, 'nat': 'DK'}], 'info': {'seed': '1f21e16336e780a1', 'results': 1, 'page': 1, 'version': '1.4'}}</msg>
<arg>${json_data}</arg>
<doc>Logs the given message with the given level.</doc>
<status status="PASS" start="2024-05-10T18:18:35.511748" elapsed="0.000253"/>
</kw>
<kw name="Should Be String" owner="String">
<arg>${json_data['results'][0]['gender']}</arg>
<doc>Fails if the given ``item`` is not a string.</doc>
<status status="PASS" start="2024-05-10T18:18:35.512304" elapsed="0.000365"/>
</kw>
<kw name="Should Match Regexp" owner="BuiltIn">
<arg>${json_data['results'][0]['email']}</arg>
<arg>^[a-zA-Z0-9._%+-]+@[a-zA-Z0-9.-]+\.[a-zA-Z]{2,}$</arg>
<doc>Fails if ``string`` does not match ``pattern`` as a regular expression.</doc>
<status status="PASS" start="2024-05-10T18:18:35.512859" elapsed="0.000528"/>
</kw>
<kw name="Should Match Regexp" owner="BuiltIn">
<arg>${json_data['results'][0]['dob']['date']}</arg>
<arg>\\d{4}-\\d{2}-\\d{2}T\\d{2}:\\d{2}:\\d{2}\\.\\d{3}Z</arg>
<doc>Fails if ``string`` does not match ``pattern`` as a regular expression.</doc>
<status status="PASS" start="2024-05-10T18:18:35.513581" elapsed="0.000496"/>
</kw>
<kw name="Should Match Regexp" owner="BuiltIn">
<arg>${json_data['results'][0]['registered']['date']}</arg>
<arg>\\d{4}-\\d{2}-\\d{2}T\\d{2}:\\d{2}:\\d{2}\\.\\d{3}Z</arg>
<doc>Fails if ``string`` does not match ``pattern`` as a regular expression.</doc>
<status status="PASS" start="2024-05-10T18:18:35.514270" elapsed="0.000423"/>
</kw>
<kw name="Should Match Regexp" owner="BuiltIn">
<arg>${json_data['results'][0]['picture']['large']}</arg>
<arg>^https?://.*\.(?:png|jpe?g|gif|bmp)$</arg>
<doc>Fails if ``string`` does not match ``pattern`` as a regular expression.</doc>
<status status="PASS" start="2024-05-10T18:18:35.514896" elapsed="0.000468"/>
</kw>
<kw name="Should Match Regexp" owner="BuiltIn">
<arg>${json_data['results'][0]['picture']['medium']}</arg>
<arg>^https?://.*\.(?:png|jpe?g|gif|bmp)$</arg>
<doc>Fails if ``string`` does not match ``pattern`` as a regular expression.</doc>
<status status="PASS" start="2024-05-10T18:18:35.515554" elapsed="0.000362"/>
</kw>
<kw name="Should Match Regexp" owner="BuiltIn">
<arg>${json_data['results'][0]['picture']['thumbnail']}</arg>
<arg>^https?://.*\.(?:png|jpe?g|gif|bmp)$</arg>
<doc>Fails if ``string`` does not match ``pattern`` as a regular expression.</doc>
<status status="PASS" start="2024-05-10T18:18:35.516107" elapsed="0.000351"/>
</kw>
<kw name="Log" owner="BuiltIn">
<msg time="2024-05-10T18:18:35.516966" level="INFO">{'large': 'https://randomuser.me/api/portraits/women/89.jpg', 'medium': 'https://randomuser.me/api/portraits/med/women/89.jpg', 'thumbnail': 'https://randomuser.me/api/portraits/thumb/women/89.jpg'}</msg>
<arg>${json_data['results'][0]['picture']}</arg>
<doc>Logs the given message with the given level.</doc>
<status status="PASS" start="2024-05-10T18:18:35.516640" elapsed="0.000368"/>
</kw>
<status status="PASS" start="2024-05-10T18:18:35.447512" elapsed="0.069756"/>
</kw>
<kw name="Teste de Tipos de Dados - Postcode" owner="random-user-service">
<kw name="GET On Session" owner="RequestsLibrary">
<msg time="2024-05-10T18:18:35.609876" level="INFO">GET Request : url=https://randomuser.me/api 
 path_url=/api 
 headers={'User-Agent': 'python-requests/2.31.0', 'Accept-Encoding': 'gzip, deflate', 'Accept': '*/*', 'Connection': 'keep-alive'} 
 body=None 
 </msg>
<msg time="2024-05-10T18:18:35.609987" level="INFO">GET Response : url=https://randomuser.me/api 
 status=200, reason=OK 
 headers={'Date': 'Fri, 10 May 2024 18:18:35 GMT', 'Content-Type': 'application/json; charset=utf-8', 'Transfer-Encoding': 'chunked', 'Connection': 'keep-alive', 'X-Powered-By': 'Express', 'Access-Control-Allow-Origin': '*', 'Cache-Control': 'no-cache', 'ETag': 'W/"48b-geLefMFyKM/GZYKOVO+FSJzyL24"', 'Vary': 'Accept-Encoding', 'Content-Encoding': 'gzip', 'CF-Cache-Status': 'DYNAMIC', 'Report-To': '{"endpoints":[{"url":"https:\\/\\/a.nel.cloudflare.com\\/report\\/v4?s=1i7DCv7gBVQqPZuOCGfl9YdFf9Hroy57JD6kaCVGURCq3EFNYQr5itGKJNmz9mMq0VhSU3DzpALo3wGLBwGe930FV8S5wN315LdD972KMxMBjW4yQ5h2Pmh6bKGObX3p"}],"group":"cf-nel","max_age":604800}', 'NEL': '{"success_fraction":0,"report_to":"cf-nel","max_age":604800}', 'Server': 'cloudflare', 'CF-RAY': '881beec409adc40c-EWR', 'alt-svc': 'h3=":443"; ma=86400'} 
 body={"results":[{"gender":"male","name":{"title":"Mr","first":"Charlie","last":"Gjestvang"},"location":{"street":{"number":1138,"name":"Slyngveien"},"city":"Røyken","state":"Telemark","country":"Norway","postcode":"5116","coordinates":{"latitude":"39.6473","longitude":"-64.7959"},"timezone":{"offset":"+10:00","description":"Eastern Australia, Guam, Vladivostok"}},"email":"charlie.gjestvang@example.com","login":{"uuid":"23f1cacb-1381-4578-98d2-f9af2f2a0a02","username":"ticklishdog997","password":"luckyone","salt":"foGfwBIu","md5":"76b4fd79c1594f5f85138a6fd81aa273","sha1":"dc2734c94f57dd3b24defb1326e1cfc37532684d","sha256":"19cd20be279a0de65d1452afa8981006950bc73b97a10a906353c1e95efe7945"},"dob":{"date":"1979-10-04T01:18:37.083Z","age":44},"registered":{"date":"2015-09-15T16:59:25.809Z","age":8},"phone":"29160601","cell":"95618308","id":{"name":"FN","value":"04107917778"},"picture":{"large":"https://randomuser.me/api/portraits/men/94.jpg","medium":"https://randomuser.me/api/portraits/med/men/94.jpg","thumbnail":"https://randomuser.me/api/portraits/thumb/men/94.jpg"},"nat":"NO"}],"info":{"seed":"2c96b0aa4c10fdce","results":1,"page":1,"version":"1.4"}} 
 </msg>
<msg time="2024-05-10T18:18:35.610074" level="INFO">/opt/hostedtoolcache/Python/3.12.3/x64/lib/python3.12/site-packages/urllib3/connectionpool.py:1103: InsecureRequestWarning: Unverified HTTPS request is being made to host 'randomuser.me'. Adding certificate verification is strongly advised. See: https://urllib3.readthedocs.io/en/latest/advanced-usage.html#tls-warnings
  warnings.warn(</msg>
<msg time="2024-05-10T18:18:35.610196" level="INFO">${response} = &lt;Response [200]&gt;</msg>
<var>${response}</var>
<arg>consultarAPI</arg>
<arg>/api</arg>
<doc>Sends a GET request on a previously created HTTP Session.</doc>
<status status="PASS" start="2024-05-10T18:18:35.517739" elapsed="0.092487"/>
</kw>
<kw name="Set Variable" owner="BuiltIn">
<msg time="2024-05-10T18:18:35.611317" level="INFO">${json_data} = {'results': [{'gender': 'male', 'name': {'title': 'Mr', 'first': 'Charlie', 'last': 'Gjestvang'}, 'location': {'street': {'number': 1138, 'name': 'Slyngveien'}, 'city': 'Røyken', 'state': 'Telemark', ...</msg>
<var>${json_data}</var>
<arg>${response.json()}</arg>
<doc>Returns the given values which can then be assigned to a variables.</doc>
<status status="PASS" start="2024-05-10T18:18:35.610783" elapsed="0.000564"/>
</kw>
<kw name="Log" owner="BuiltIn">
<msg time="2024-05-10T18:18:35.611810" level="INFO">{'results': [{'gender': 'male', 'name': {'title': 'Mr', 'first': 'Charlie', 'last': 'Gjestvang'}, 'location': {'street': {'number': 1138, 'name': 'Slyngveien'}, 'city': 'Røyken', 'state': 'Telemark', 'country': 'Norway', 'postcode': '5116', 'coordinates': {'latitude': '39.6473', 'longitude': '-64.7959'}, 'timezone': {'offset': '+10:00', 'description': 'Eastern Australia, Guam, Vladivostok'}}, 'email': 'charlie.gjestvang@example.com', 'login': {'uuid': '23f1cacb-1381-4578-98d2-f9af2f2a0a02', 'username': 'ticklishdog997', 'password': 'luckyone', 'salt': 'foGfwBIu', 'md5': '76b4fd79c1594f5f85138a6fd81aa273', 'sha1': 'dc2734c94f57dd3b24defb1326e1cfc37532684d', 'sha256': '19cd20be279a0de65d1452afa8981006950bc73b97a10a906353c1e95efe7945'}, 'dob': {'date': '1979-10-04T01:18:37.083Z', 'age': 44}, 'registered': {'date': '2015-09-15T16:59:25.809Z', 'age': 8}, 'phone': '29160601', 'cell': '95618308', 'id': {'name': 'FN', 'value': '04107917778'}, 'picture': {'large': 'https://randomuser.me/api/portraits/men/94.jpg', 'medium': 'https://randomuser.me/api/portraits/med/men/94.jpg', 'thumbnail': 'https://randomuser.me/api/portraits/thumb/men/94.jpg'}, 'nat': 'NO'}], 'info': {'seed': '2c96b0aa4c10fdce', 'results': 1, 'page': 1, 'version': '1.4'}}</msg>
<arg>${json_data}</arg>
<doc>Logs the given message with the given level.</doc>
<status status="PASS" start="2024-05-10T18:18:35.611653" elapsed="0.000207"/>
</kw>
<kw name="Should Be Equal As Numbers" owner="BuiltIn">
<arg>${json_data['results'][0]['location']['postcode']}</arg>
<arg>${json_data['results'][0]['location']['postcode']}</arg>
<doc>Fails if objects are unequal after converting them to real numbers.</doc>
<status status="PASS" start="2024-05-10T18:18:35.612158" elapsed="0.000851"/>
</kw>
<kw name="Log" owner="BuiltIn">
<msg time="2024-05-10T18:18:35.613551" level="INFO">5116</msg>
<arg>${json_data['results'][0]['location']['postcode']}</arg>
<doc>Logs the given message with the given level.</doc>
<status status="PASS" start="2024-05-10T18:18:35.613212" elapsed="0.000379"/>
</kw>
<status status="PASS" start="2024-05-10T18:18:35.517505" elapsed="0.096342"/>
</kw>
<doc>Testa se os tipos de dados na resposta da API estão corretos.</doc>
<tag>testeTiposDados</tag>
<status status="PASS" start="2024-05-10T18:18:35.446931" elapsed="0.167086"/>
</test>
<test id="s1-s1-t5" name="Validar conteudo" line="35">
<kw name="Teste de Tipos de Conteudo" owner="random-user-service">
<kw name="GET On Session" owner="RequestsLibrary">
<msg time="2024-05-10T18:18:35.724085" level="INFO">GET Request : url=https://randomuser.me/api 
 path_url=/api 
 headers={'User-Agent': 'python-requests/2.31.0', 'Accept-Encoding': 'gzip, deflate', 'Accept': '*/*', 'Connection': 'keep-alive'} 
 body=None 
 </msg>
<msg time="2024-05-10T18:18:35.724200" level="INFO">GET Response : url=https://randomuser.me/api 
 status=200, reason=OK 
 headers={'Date': 'Fri, 10 May 2024 18:18:35 GMT', 'Content-Type': 'application/json; charset=utf-8', 'Transfer-Encoding': 'chunked', 'Connection': 'keep-alive', 'X-Powered-By': 'Express', 'Access-Control-Allow-Origin': '*', 'Cache-Control': 'no-cache', 'ETag': 'W/"49f-uJRr9iGs0urHZ7DHazP3bVjTtP4"', 'Vary': 'Accept-Encoding', 'Content-Encoding': 'gzip', 'CF-Cache-Status': 'DYNAMIC', 'Report-To': '{"endpoints":[{"url":"https:\\/\\/a.nel.cloudflare.com\\/report\\/v4?s=noHOOmmYUUE3uvRwVVZ7zRKR0%2Bfiha%2FZh19BJUH5nAt5RIlEAB%2BnS5WD1Quzesq4s2hKXHNAwHaDP1IRdVLgdXPlBMxgLcPWM239Cp4aUxLwZFdOdiKaJx8jku7bzM6T"}],"group":"cf-nel","max_age":604800}', 'NEL': '{"success_fraction":0,"report_to":"cf-nel","max_age":604800}', 'Server': 'cloudflare', 'CF-RAY': '881beec4aaafc40c-EWR', 'alt-svc': 'h3=":443"; ma=86400'} 
 body={"results":[{"gender":"female","name":{"title":"Miss","first":"Nellie","last":"Carter"},"location":{"street":{"number":1641,"name":"Harrison Ct"},"city":"Orange","state":"Northern Territory","country":"Australia","postcode":233,"coordinates":{"latitude":"-88.6600","longitude":"53.8020"},"timezone":{"offset":"+11:00","description":"Magadan, Solomon Islands, New Caledonia"}},"email":"nellie.carter@example.com","login":{"uuid":"b20f25a5-e075-450e-a22c-3f5b0361b0a6","username":"smallelephant986","password":"bedford","salt":"aEuva5Pk","md5":"56c277f602504bea3ef8730ceeacd88d","sha1":"fc1e218267e959764a7daf8942819e601fb64a3f","sha256":"59de2696173fba6c6a049e765b1b850357da3618499cd7cb4f37573918d9d711"},"dob":{"date":"1964-12-09T13:52:18.687Z","age":59},"registered":{"date":"2016-12-08T09:43:17.930Z","age":7},"phone":"02-3070-6424","cell":"0447-095-298","id":{"name":"TFN","value":"632259418"},"picture":{"large":"https://randomuser.me/api/portraits/women/2.jpg","medium":"https://randomuser.me/api/portraits/med/women/2.jpg","thumbnail":"https://randomuser.me/api/portraits/thumb/women/2.jpg"},"nat":"AU"}],"info":{"seed":"7efb92bfc07a4b37","results":1,"page":1,"version":"1.4"}} 
 </msg>
<msg time="2024-05-10T18:18:35.724289" level="INFO">/opt/hostedtoolcache/Python/3.12.3/x64/lib/python3.12/site-packages/urllib3/connectionpool.py:1103: InsecureRequestWarning: Unverified HTTPS request is being made to host 'randomuser.me'. Adding certificate verification is strongly advised. See: https://urllib3.readthedocs.io/en/latest/advanced-usage.html#tls-warnings
  warnings.warn(</msg>
<msg time="2024-05-10T18:18:35.724417" level="INFO">${response} = &lt;Response [200]&gt;</msg>
<var>${response}</var>
<arg>consultarAPI</arg>
<arg>/api</arg>
<doc>Sends a GET request on a previously created HTTP Session.</doc>
<status status="PASS" start="2024-05-10T18:18:35.616874" elapsed="0.107582"/>
</kw>
<kw name="Set Variable" owner="BuiltIn">
<msg time="2024-05-10T18:18:35.725478" level="INFO">${json_data} = {'results': [{'gender': 'female', 'name': {'title': 'Miss', 'first': 'Nellie', 'last': 'Carter'}, 'location': {'street': {'number': 1641, 'name': 'Harrison Ct'}, 'city': 'Orange', 'state': 'Northern T...</msg>
<var>${json_data}</var>
<arg>${response.json()}</arg>
<doc>Returns the given values which can then be assigned to a variables.</doc>
<status status="PASS" start="2024-05-10T18:18:35.724968" elapsed="0.000539"/>
</kw>
<kw name="Set Variable" owner="BuiltIn">
<msg time="2024-05-10T18:18:35.726201" level="INFO">${name_title} = Miss</msg>
<var>${name_title}</var>
<arg>${json_data["results"][0]["name"]["title"]}</arg>
<doc>Returns the given values which can then be assigned to a variables.</doc>
<status status="PASS" start="2024-05-10T18:18:35.725809" elapsed="0.000417"/>
</kw>
<kw name="Create List" owner="BuiltIn">
<msg time="2024-05-10T18:18:35.726700" level="INFO">${allowed_titles} = ['Mr', 'Ms', 'Miss', 'Mrs', 'Madame', 'Monsieur']</msg>
<var>${allowed_titles}</var>
<arg>Mr</arg>
<arg>Ms</arg>
<arg>Miss</arg>
<arg>Mrs</arg>
<arg>Madame</arg>
<arg>Monsieur</arg>
<doc>Returns a list containing given items.</doc>
<status status="PASS" start="2024-05-10T18:18:35.726551" elapsed="0.000172"/>
</kw>
<kw name="List Should Contain Value" owner="Collections">
<msg time="2024-05-10T18:18:35.727199" level="INFO">False</msg>
<arg>${allowed_titles}</arg>
<arg>${name_title}</arg>
<doc>Fails if the ``value`` is not found from ``list``.</doc>
<status status="PASS" start="2024-05-10T18:18:35.727022" elapsed="0.000214"/>
</kw>
<kw name="Set Variable" owner="BuiltIn">
<msg time="2024-05-10T18:18:35.727912" level="INFO">${name_country} = AU</msg>
<var>${name_country}</var>
<arg>${json_data["results"][0]["nat"]}</arg>
<doc>Returns the given values which can then be assigned to a variables.</doc>
<status status="PASS" start="2024-05-10T18:18:35.727529" elapsed="0.000408"/>
</kw>
<kw name="Create List" owner="BuiltIn">
<msg time="2024-05-10T18:18:35.728818" level="INFO">${list_country} = ['AD', 'AE', 'AF', 'AG', 'AI', 'AL', 'AM', 'AO', 'AQ', 'AR', 'AS', 'AT', 'AU', 'AW', 'AX', 'AZ', 'BA', 'BB', 'BD', 'BE', 'BF', 'BG', 'BH', 'BI', 'BJ', 'BL', 'BM', 'BN', 'BO', 'BQ', 'BR', 'BS', 'BT', '...</msg>
<var>${list_country}</var>
<arg>AD</arg>
<arg>AE</arg>
<arg>AF</arg>
<arg>AG</arg>
<arg>AI</arg>
<arg>AL</arg>
<arg>AM</arg>
<arg>AO</arg>
<arg>AQ</arg>
<arg>AR</arg>
<arg>AS</arg>
<arg>AT</arg>
<arg>AU</arg>
<arg>AW</arg>
<arg>AX</arg>
<arg>AZ</arg>
<arg>BA</arg>
<arg>BB</arg>
<arg>BD</arg>
<arg>BE</arg>
<arg>BF</arg>
<arg>BG</arg>
<arg>BH</arg>
<arg>BI</arg>
<arg>BJ</arg>
<arg>BL</arg>
<arg>BM</arg>
<arg>BN</arg>
<arg>BO</arg>
<arg>BQ</arg>
<arg>BR</arg>
<arg>BS</arg>
<arg>BT</arg>
<arg>BV</arg>
<arg>BW</arg>
<arg>BY</arg>
<arg>BZ</arg>
<arg>CA</arg>
<arg>CC</arg>
<arg>CD</arg>
<arg>CF</arg>
<arg>CG</arg>
<arg>CH</arg>
<arg>CI</arg>
<arg>CK</arg>
<arg>CL</arg>
<arg>CM</arg>
<arg>CN</arg>
<arg>CO</arg>
<arg>CR</arg>
<arg>CU</arg>
<arg>CV</arg>
<arg>CW</arg>
<arg>CX</arg>
<arg>CY</arg>
<arg>CZ</arg>
<arg>DE</arg>
<arg>DJ</arg>
<arg>DK</arg>
<arg>DM</arg>
<arg>DO</arg>
<arg>DZ</arg>
<arg>EC</arg>
<arg>EE</arg>
<arg>EG</arg>
<arg>EH</arg>
<arg>ER</arg>
<arg>ES</arg>
<arg>ET</arg>
<arg>FI</arg>
<arg>FJ</arg>
<arg>FK</arg>
<arg>FM</arg>
<arg>FO</arg>
<arg>FR</arg>
<arg>GA</arg>
<arg>GB</arg>
<arg>GD</arg>
<arg>GE</arg>
<arg>GF</arg>
<arg>GG</arg>
<arg>GH</arg>
<arg>GI</arg>
<arg>GL</arg>
<arg>GM</arg>
<arg>GN</arg>
<arg>GP</arg>
<arg>GQ</arg>
<arg>GR</arg>
<arg>GS</arg>
<arg>GT</arg>
<arg>GU</arg>
<arg>GW</arg>
<arg>GY</arg>
<arg>HK</arg>
<arg>HM</arg>
<arg>HN</arg>
<arg>HR</arg>
<arg>HT</arg>
<arg>HU</arg>
<arg>ID</arg>
<arg>IE</arg>
<arg>IL</arg>
<arg>IM</arg>
<arg>IN</arg>
<arg>IO</arg>
<arg>IQ</arg>
<arg>IR</arg>
<arg>IS</arg>
<arg>IT</arg>
<arg>JE</arg>
<arg>JM</arg>
<arg>JO</arg>
<arg>JP</arg>
<arg>KE</arg>
<arg>KG</arg>
<arg>KH</arg>
<arg>KI</arg>
<arg>KM</arg>
<arg>KN</arg>
<arg>KP</arg>
<arg>KR</arg>
<arg>KW</arg>
<arg>KY</arg>
<arg>KZ</arg>
<arg>LA</arg>
<arg>LB</arg>
<arg>LC</arg>
<arg>LI</arg>
<arg>LK</arg>
<arg>LR</arg>
<arg>LS</arg>
<arg>LT</arg>
<arg>LU</arg>
<arg>LV</arg>
<arg>LY</arg>
<arg>MA</arg>
<arg>MC</arg>
<arg>MD</arg>
<arg>ME</arg>
<arg>MF</arg>
<arg>MG</arg>
<arg>MH</arg>
<arg>MK</arg>
<arg>ML</arg>
<arg>MM</arg>
<arg>MN</arg>
<arg>MO</arg>
<arg>MP</arg>
<arg>MQ</arg>
<arg>MR</arg>
<arg>MS</arg>
<arg>MT</arg>
<arg>MU</arg>
<arg>MV</arg>
<arg>MW</arg>
<arg>MX</arg>
<arg>MY</arg>
<arg>MZ</arg>
<arg>NA</arg>
<arg>NC</arg>
<arg>NE</arg>
<arg>NF</arg>
<arg>NG</arg>
<arg>NI</arg>
<arg>NL</arg>
<arg>NO</arg>
<arg>NP</arg>
<arg>NR</arg>
<arg>NU</arg>
<arg>NZ</arg>
<arg>OM</arg>
<arg>PA</arg>
<arg>PE</arg>
<arg>PF</arg>
<arg>PG</arg>
<arg>PH</arg>
<arg>PK</arg>
<arg>PL</arg>
<arg>PM</arg>
<arg>PN</arg>
<arg>PR</arg>
<arg>PS</arg>
<arg>PT</arg>
<arg>PW</arg>
<arg>PY</arg>
<arg>QA</arg>
<arg>RE</arg>
<arg>RO</arg>
<arg>RS</arg>
<arg>RU</arg>
<arg>RW</arg>
<arg>SA</arg>
<arg>SB</arg>
<arg>SC</arg>
<arg>SD</arg>
<arg>SE</arg>
<arg>SG</arg>
<arg>SH</arg>
<arg>SI</arg>
<arg>SJ</arg>
<arg>SK</arg>
<arg>SL</arg>
<arg>SM</arg>
<arg>SN</arg>
<arg>SO</arg>
<arg>SR</arg>
<arg>SS</arg>
<arg>ST</arg>
<arg>SV</arg>
<arg>SX</arg>
<arg>SY</arg>
<arg>SZ</arg>
<arg>TC</arg>
<arg>TD</arg>
<arg>TF</arg>
<arg>TG</arg>
<arg>TH</arg>
<arg>TJ</arg>
<arg>TK</arg>
<arg>TL</arg>
<arg>TM</arg>
<arg>TN</arg>
<arg>TO</arg>
<arg>TR</arg>
<arg>TT</arg>
<arg>TV</arg>
<arg>TW</arg>
<arg>TZ</arg>
<arg>UA</arg>
<arg>UG</arg>
<arg>UM</arg>
<arg>US</arg>
<arg>UY</arg>
<arg>UZ</arg>
<arg>VA</arg>
<arg>VC</arg>
<arg>VE</arg>
<arg>VG</arg>
<arg>VI</arg>
<arg>VN</arg>
<arg>VU</arg>
<arg>WF</arg>
<arg>WS</arg>
<arg>XK</arg>
<arg>YE</arg>
<arg>YT</arg>
<arg>ZA</arg>
<arg>ZM</arg>
<arg>ZW</arg>
<doc>Returns a list containing given items.</doc>
<status status="PASS" start="2024-05-10T18:18:35.728233" elapsed="0.000610"/>
</kw>
<kw name="List Should Contain Value" owner="Collections">
<msg time="2024-05-10T18:18:35.729819" level="INFO">False</msg>
<arg>${list_country}</arg>
<arg>${name_country}</arg>
<doc>Fails if the ``value`` is not found from ``list``.</doc>
<status status="PASS" start="2024-05-10T18:18:35.729622" elapsed="0.000232"/>
</kw>
<kw name="Run Keyword If" owner="BuiltIn">
<kw name="Should Be True" owner="BuiltIn">
<arg>${True}</arg>
<doc>Fails if the given condition is not true.</doc>
<status status="PASS" start="2024-05-10T18:18:35.730941" elapsed="0.000140"/>
</kw>
<arg>${json_data["results"][0]["location"]["coordinates"]["latitude"]} &gt;= -90 and ${json_data["results"][0]["location"]["coordinates"]["latitude"]} &lt;= 90</arg>
<arg>Should Be True</arg>
<arg>${True}</arg>
<doc>Runs the given keyword with the given arguments, if ``condition`` is true.</doc>
<status status="PASS" start="2024-05-10T18:18:35.730162" elapsed="0.001045"/>
</kw>
<kw name="Run Keyword If" owner="BuiltIn">
<kw name="Should Be True" owner="BuiltIn">
<arg>${True}</arg>
<doc>Fails if the given condition is not true.</doc>
<status status="PASS" start="2024-05-10T18:18:35.732085" elapsed="0.000259"/>
</kw>
<arg>${json_data["results"][0]["location"]["coordinates"]["longitude"]} &gt;= -180 and ${json_data["results"][0]["location"]["coordinates"]["longitude"]} &lt;= 180</arg>
<arg>Should Be True</arg>
<arg>${True}</arg>
<doc>Runs the given keyword with the given arguments, if ``condition`` is true.</doc>
<status status="PASS" start="2024-05-10T18:18:35.731389" elapsed="0.001080"/>
</kw>
<status status="PASS" start="2024-05-10T18:18:35.616492" elapsed="0.116109"/>
</kw>
<doc>Testa o conteúdo específico dos campos retornados pela API.</doc>
<tag>testeConteudo</tag>
<status status="PASS" start="2024-05-10T18:18:35.615817" elapsed="0.116937"/>
</test>
<status status="PASS" start="2024-05-10T18:18:34.839788" elapsed="0.894973"/>
</suite>
<status status="PASS" start="2024-05-10T18:18:34.821977" elapsed="0.917937"/>
</suite>
<statistics>
<total>
<stat pass="5" fail="0" skip="0">All Tests</stat>
</total>
<tag>
<stat pass="1" fail="0" skip="0">testeConteudo</stat>
<stat pass="1" fail="0" skip="0">testeEstruturaResposta</stat>
<stat pass="1" fail="0" skip="0">testeRequisicaoBasica</stat>
<stat pass="1" fail="0" skip="0">testeTiposDados</stat>
</tag>
<suite>
<stat pass="5" fail="0" skip="0" id="s1" name="Tests">Tests</stat>
<stat pass="5" fail="0" skip="0" id="s1-s1" name="Random-User-Test">Tests.Random-User-Test</stat>
</suite>
</statistics>
<errors>
</errors>
</robot>
