<?xml version="1.0" encoding="UTF-8"?>
<robot generator="Robot 7.0 (Python 3.12.3 on linux)" generated="2024-04-28T16:15:43.184522" rpa="false" schemaversion="5">
<suite id="s1" name="Tests" source="/home/runner/work/DesafioQAItauRogerioJordao/DesafioQAItauRogerioJordao/RamdonUser/tests">
<suite id="s1-s1" name="Random-User-Test" source="/home/runner/work/DesafioQAItauRogerioJordao/DesafioQAItauRogerioJordao/RamdonUser/tests/random-user-test.robot">
<test id="s1-s1-t1" name="Conectar" line="13">
<kw name="Conectar API" owner="random-user-service">
<kw name="Create Session" owner="RequestsLibrary">
<msg time="2024-04-28T16:15:43.547301" level="INFO">Creating Session using : alias=consultarAPI, url=https://randomuser.me/, headers={},                     cookies={}, auth=None, timeout=None, proxies=None, verify=False,                     debug=0 </msg>
<arg>consultarAPI</arg>
<arg>${URL}</arg>
<doc>Create Session: create a HTTP session to a server</doc>
<status status="PASS" start="2024-04-28T16:15:43.547099" elapsed="0.000381"/>
</kw>
<status status="PASS" start="2024-04-28T16:15:43.546135" elapsed="0.001703"/>
</kw>
<status status="PASS" start="2024-04-28T16:15:43.545510" elapsed="0.002522"/>
</test>
<test id="s1-s1-t2" name="Validar retorno 200 e JSON Válido" line="16">
<kw name="Teste de Requisicao Basica" owner="random-user-service">
<kw name="GET On Session" owner="RequestsLibrary">
<msg time="2024-04-28T16:15:43.641988" level="INFO">GET Request : url=https://randomuser.me/api 
 path_url=/api 
 headers={'User-Agent': 'python-requests/2.31.0', 'Accept-Encoding': 'gzip, deflate', 'Accept': '*/*', 'Connection': 'keep-alive'} 
 body=None 
 </msg>
<msg time="2024-04-28T16:15:43.642131" level="INFO">GET Response : url=https://randomuser.me/api 
 status=200, reason=OK 
 headers={'Date': 'Sun, 28 Apr 2024 16:15:43 GMT', 'Content-Type': 'application/json; charset=utf-8', 'Transfer-Encoding': 'chunked', 'Connection': 'keep-alive', 'X-Powered-By': 'Express', 'Access-Control-Allow-Origin': '*', 'Cache-Control': 'no-cache', 'ETag': 'W/"481-Bp/j3+S5sOQKlItUXFm690t+Ic8"', 'Vary': 'Accept-Encoding', 'Content-Encoding': 'gzip', 'CF-Cache-Status': 'DYNAMIC', 'Report-To': '{"endpoints":[{"url":"https:\\/\\/a.nel.cloudflare.com\\/report\\/v4?s=zv0vkQLiF2XHhZISx1c%2F4hyLRaaBA9%2BWyt7IeRVW7UNoBCBJiVzSg9aWHFbh1MyMHVuiEM%2BzOTx2JSgey%2BVZPkhywK6YHV9nVZU90g8lYbjwIhXge1RzO44JyhT9zr0Q"}],"group":"cf-nel","max_age":604800}', 'NEL': '{"success_fraction":0,"report_to":"cf-nel","max_age":604800}', 'Server': 'cloudflare', 'CF-RAY': '87b85a497cd02244-ORD', 'alt-svc': 'h3=":443"; ma=86400'} 
 body={"results":[{"gender":"male","name":{"title":"Mr","first":"Albert","last":"Larsen"},"location":{"street":{"number":3490,"name":"Hedevej"},"city":"Lemvig","state":"Hovedstaden","country":"Denmark","postcode":82766,"coordinates":{"latitude":"-44.3102","longitude":"-81.6335"},"timezone":{"offset":"+8:00","description":"Beijing, Perth, Singapore, Hong Kong"}},"email":"albert.larsen@example.com","login":{"uuid":"07d5473c-aa04-46fc-a62c-56486566aaa9","username":"bigpeacock423","password":"gramma","salt":"NOctA0VM","md5":"4552091d8240228188ff5a704e8f4816","sha1":"2c1c7702b1a9b1cae852addad14bf1f6ae10b6b2","sha256":"24b3fc63404c92203cf6b8204ec709c2bf7ade3ddd207e132faa192e3d0f554c"},"dob":{"date":"1968-08-04T14:11:14.483Z","age":55},"registered":{"date":"2008-01-22T09:01:56.740Z","age":16},"phone":"33446665","cell":"13749428","id":{"name":"CPR","value":"040868-9777"},"picture":{"large":"https://randomuser.me/api/portraits/men/52.jpg","medium":"https://randomuser.me/api/portraits/med/men/52.jpg","thumbnail":"https://randomuser.me/api/portraits/thumb/men/52.jpg"},"nat":"DK"}],"info":{"seed":"5299f71e6247165f","results":1,"page":1,"version":"1.4"}} 
 </msg>
<msg time="2024-04-28T16:15:43.642209" level="INFO">/opt/hostedtoolcache/Python/3.12.3/x64/lib/python3.12/site-packages/urllib3/connectionpool.py:1103: InsecureRequestWarning: Unverified HTTPS request is being made to host 'randomuser.me'. Adding certificate verification is strongly advised. See: https://urllib3.readthedocs.io/en/latest/advanced-usage.html#tls-warnings
  warnings.warn(</msg>
<msg time="2024-04-28T16:15:43.642346" level="INFO">${response} = &lt;Response [200]&gt;</msg>
<var>${response}</var>
<arg>consultarAPI</arg>
<arg>/api</arg>
<doc>Sends a GET request on a previously created HTTP Session.</doc>
<status status="PASS" start="2024-04-28T16:15:43.550790" elapsed="0.091597"/>
</kw>
<kw name="Should Be Equal As Numbers" owner="BuiltIn">
<msg time="2024-04-28T16:15:43.643366" level="INFO">Argument types are:
&lt;class 'int'&gt;
&lt;class 'str'&gt;</msg>
<arg>${response.status_code}</arg>
<arg>200</arg>
<doc>Fails if objects are unequal after converting them to real numbers.</doc>
<status status="PASS" start="2024-04-28T16:15:43.642907" elapsed="0.000523"/>
</kw>
<kw name="Log" owner="BuiltIn">
<msg time="2024-04-28T16:15:43.644132" level="INFO">200</msg>
<arg>${response.status_code}</arg>
<doc>Logs the given message with the given level.</doc>
<status status="PASS" start="2024-04-28T16:15:43.643778" elapsed="0.000397"/>
</kw>
<kw name="Set Variable" owner="BuiltIn">
<msg time="2024-04-28T16:15:43.644917" level="INFO">${json_data} = {'results': [{'gender': 'male', 'name': {'title': 'Mr', 'first': 'Albert', 'last': 'Larsen'}, 'location': {'street': {'number': 3490, 'name': 'Hedevej'}, 'city': 'Lemvig', 'state': 'Hovedstaden', 'cou...</msg>
<var>${json_data}</var>
<arg>${response.json()}</arg>
<doc>Returns the given values which can then be assigned to a variables.</doc>
<status status="PASS" start="2024-04-28T16:15:43.644482" elapsed="0.000463"/>
</kw>
<kw name="Dictionary Should Contain Key" owner="Collections">
<msg time="2024-04-28T16:15:43.645422" level="INFO">False</msg>
<arg>${json_data}</arg>
<arg>results</arg>
<doc>Fails if ``key`` is not found from ``dictionary``.</doc>
<status status="PASS" start="2024-04-28T16:15:43.645250" elapsed="0.000238"/>
</kw>
<status status="PASS" start="2024-04-28T16:15:43.550533" elapsed="0.095223"/>
</kw>
<doc>Testa se a API responde corretamente e retorna um objeto JSON válido.</doc>
<tag>testeRequisicaoBasica</tag>
<status status="PASS" start="2024-04-28T16:15:43.549980" elapsed="0.095962"/>
</test>
<test id="s1-s1-t3" name="Validar estrutura de resposta" line="22">
<kw name="Teste de Estrutura de Resposta" owner="random-user-service">
<kw name="GET On Session" owner="RequestsLibrary">
<msg time="2024-04-28T16:15:43.745873" level="INFO">GET Request : url=https://randomuser.me/api 
 path_url=/api 
 headers={'User-Agent': 'python-requests/2.31.0', 'Accept-Encoding': 'gzip, deflate', 'Accept': '*/*', 'Connection': 'keep-alive'} 
 body=None 
 </msg>
<msg time="2024-04-28T16:15:43.745964" level="INFO">GET Response : url=https://randomuser.me/api 
 status=200, reason=OK 
 headers={'Date': 'Sun, 28 Apr 2024 16:15:43 GMT', 'Content-Type': 'application/json; charset=utf-8', 'Transfer-Encoding': 'chunked', 'Connection': 'keep-alive', 'X-Powered-By': 'Express', 'Access-Control-Allow-Origin': '*', 'Cache-Control': 'no-cache', 'ETag': 'W/"494-QLwvhG15RTiFs+hIobCZh/LafQ8"', 'Vary': 'Accept-Encoding', 'Content-Encoding': 'gzip', 'CF-Cache-Status': 'DYNAMIC', 'Report-To': '{"endpoints":[{"url":"https:\\/\\/a.nel.cloudflare.com\\/report\\/v4?s=s%2FoUPQwwlRy99C9%2FRVyqvCiipGTDiZze%2B6xLq%2Ff24%2F2hVD%2BhAU%2BP0HK7lUuJkRagtLkAzSzM3a6ApALFXE1cS%2BVefeDVxnOb9mGYYi%2B6bFwv8OAfPaC9X7o%2FHeetyIiP"}],"group":"cf-nel","max_age":604800}', 'NEL': '{"success_fraction":0,"report_to":"cf-nel","max_age":604800}', 'Server': 'cloudflare', 'CF-RAY': '87b85a49dd612244-ORD', 'alt-svc': 'h3=":443"; ma=86400'} 
 body={"results":[{"gender":"female","name":{"title":"Ms","first":"Julia","last":"Côté"},"location":{"street":{"number":4997,"name":"Bay Ave"},"city":"New Glasgow","state":"Prince Edward Island","country":"Canada","postcode":"K2B 7W0","coordinates":{"latitude":"-65.2944","longitude":"27.3540"},"timezone":{"offset":"-1:00","description":"Azores, Cape Verde Islands"}},"email":"julia.cote@example.com","login":{"uuid":"93c6739c-ac95-4b1d-820e-a5b5b78cc040","username":"tinyostrich381","password":"11112222","salt":"WLxSh1Gj","md5":"86d4d0901a1bbd49953c6935563e9cb6","sha1":"7de7d0c45f8bd4d1135949679c83f7e78892b025","sha256":"f9059f952168bf39ff2d349bc84c65d600947cea3f93f72ffd89f83b733717a6"},"dob":{"date":"1984-12-30T16:17:19.189Z","age":39},"registered":{"date":"2008-09-07T00:52:09.438Z","age":15},"phone":"M57 U02-0837","cell":"L82 K05-3543","id":{"name":"SIN","value":"363355496"},"picture":{"large":"https://randomuser.me/api/portraits/women/71.jpg","medium":"https://randomuser.me/api/portraits/med/women/71.jpg","thumbnail":"https://randomuser.me/api/portraits/thumb/women/71.jpg"},"nat":"CA"}],"info":{"seed":"1f976de87a699386","results":1,"page":1,"version":"1.4"}} 
 </msg>
<msg time="2024-04-28T16:15:43.746090" level="INFO">/opt/hostedtoolcache/Python/3.12.3/x64/lib/python3.12/site-packages/urllib3/connectionpool.py:1103: InsecureRequestWarning: Unverified HTTPS request is being made to host 'randomuser.me'. Adding certificate verification is strongly advised. See: https://urllib3.readthedocs.io/en/latest/advanced-usage.html#tls-warnings
  warnings.warn(</msg>
<msg time="2024-04-28T16:15:43.746209" level="INFO">${response} = &lt;Response [200]&gt;</msg>
<var>${response}</var>
<arg>consultarAPI</arg>
<arg>/api</arg>
<doc>Sends a GET request on a previously created HTTP Session.</doc>
<status status="PASS" start="2024-04-28T16:15:43.648546" elapsed="0.097703"/>
</kw>
<kw name="Set Variable" owner="BuiltIn">
<msg time="2024-04-28T16:15:43.747231" level="INFO">${json_data} = {'results': [{'gender': 'female', 'name': {'title': 'Ms', 'first': 'Julia', 'last': 'Côté'}, 'location': {'street': {'number': 4997, 'name': 'Bay Ave'}, 'city': 'New Glasgow', 'state': 'Prince Edward ...</msg>
<var>${json_data}</var>
<arg>${response.json()}</arg>
<doc>Returns the given values which can then be assigned to a variables.</doc>
<status status="PASS" start="2024-04-28T16:15:43.746723" elapsed="0.000537"/>
</kw>
<kw name="Log" owner="BuiltIn">
<msg time="2024-04-28T16:15:43.747730" level="INFO">{'results': [{'gender': 'female', 'name': {'title': 'Ms', 'first': 'Julia', 'last': 'Côté'}, 'location': {'street': {'number': 4997, 'name': 'Bay Ave'}, 'city': 'New Glasgow', 'state': 'Prince Edward Island', 'country': 'Canada', 'postcode': 'K2B 7W0', 'coordinates': {'latitude': '-65.2944', 'longitude': '27.3540'}, 'timezone': {'offset': '-1:00', 'description': 'Azores, Cape Verde Islands'}}, 'email': 'julia.cote@example.com', 'login': {'uuid': '93c6739c-ac95-4b1d-820e-a5b5b78cc040', 'username': 'tinyostrich381', 'password': '11112222', 'salt': 'WLxSh1Gj', 'md5': '86d4d0901a1bbd49953c6935563e9cb6', 'sha1': '7de7d0c45f8bd4d1135949679c83f7e78892b025', 'sha256': 'f9059f952168bf39ff2d349bc84c65d600947cea3f93f72ffd89f83b733717a6'}, 'dob': {'date': '1984-12-30T16:17:19.189Z', 'age': 39}, 'registered': {'date': '2008-09-07T00:52:09.438Z', 'age': 15}, 'phone': 'M57 U02-0837', 'cell': 'L82 K05-3543', 'id': {'name': 'SIN', 'value': '363355496'}, 'picture': {'large': 'https://randomuser.me/api/portraits/women/71.jpg', 'medium': 'https://randomuser.me/api/portraits/med/women/71.jpg', 'thumbnail': 'https://randomuser.me/api/portraits/thumb/women/71.jpg'}, 'nat': 'CA'}], 'info': {'seed': '1f976de87a699386', 'results': 1, 'page': 1, 'version': '1.4'}}</msg>
<arg>${json_data}</arg>
<doc>Logs the given message with the given level.</doc>
<status status="PASS" start="2024-04-28T16:15:43.747568" elapsed="0.000214"/>
</kw>
<kw name="Dictionary Should Contain Key" owner="Collections">
<msg time="2024-04-28T16:15:43.748243" level="INFO">False</msg>
<arg>${json_data}</arg>
<arg>results</arg>
<doc>Fails if ``key`` is not found from ``dictionary``.</doc>
<status status="PASS" start="2024-04-28T16:15:43.748080" elapsed="0.000200"/>
</kw>
<kw name="Should Not Be Empty" owner="BuiltIn">
<msg time="2024-04-28T16:15:43.748711" level="INFO">Length is 2.</msg>
<arg>${json_data}</arg>
<doc>Verifies that the given item is not empty.</doc>
<status status="PASS" start="2024-04-28T16:15:43.748573" elapsed="0.000335"/>
</kw>
<kw name="Create List" owner="BuiltIn">
<msg time="2024-04-28T16:15:43.749376" level="INFO">${expected_keys} = ['gender', 'name', 'location', 'email', 'login']</msg>
<var>${expected_keys}</var>
<arg>gender</arg>
<arg>name</arg>
<arg>location</arg>
<arg>email</arg>
<arg>login</arg>
<doc>Returns a list containing given items.</doc>
<status status="PASS" start="2024-04-28T16:15:43.749219" elapsed="0.000181"/>
</kw>
<for flavor="IN">
<iter>
<kw name="Dictionary Should Contain Key" owner="Collections">
<msg time="2024-04-28T16:15:43.750411" level="INFO">False</msg>
<arg>${json_data['results'][0]}</arg>
<arg>${key}</arg>
<doc>Fails if ``key`` is not found from ``dictionary``.</doc>
<status status="PASS" start="2024-04-28T16:15:43.750008" elapsed="0.000441"/>
</kw>
<kw name="Log" owner="BuiltIn">
<msg time="2024-04-28T16:15:43.751130" level="INFO">{'gender': 'female', 'name': {'title': 'Ms', 'first': 'Julia', 'last': 'Côté'}, 'location': {'street': {'number': 4997, 'name': 'Bay Ave'}, 'city': 'New Glasgow', 'state': 'Prince Edward Island', 'country': 'Canada', 'postcode': 'K2B 7W0', 'coordinates': {'latitude': '-65.2944', 'longitude': '27.3540'}, 'timezone': {'offset': '-1:00', 'description': 'Azores, Cape Verde Islands'}}, 'email': 'julia.cote@example.com', 'login': {'uuid': '93c6739c-ac95-4b1d-820e-a5b5b78cc040', 'username': 'tinyostrich381', 'password': '11112222', 'salt': 'WLxSh1Gj', 'md5': '86d4d0901a1bbd49953c6935563e9cb6', 'sha1': '7de7d0c45f8bd4d1135949679c83f7e78892b025', 'sha256': 'f9059f952168bf39ff2d349bc84c65d600947cea3f93f72ffd89f83b733717a6'}, 'dob': {'date': '1984-12-30T16:17:19.189Z', 'age': 39}, 'registered': {'date': '2008-09-07T00:52:09.438Z', 'age': 15}, 'phone': 'M57 U02-0837', 'cell': 'L82 K05-3543', 'id': {'name': 'SIN', 'value': '363355496'}, 'picture': {'large': 'https://randomuser.me/api/portraits/women/71.jpg', 'medium': 'https://randomuser.me/api/portraits/med/women/71.jpg', 'thumbnail': 'https://randomuser.me/api/portraits/thumb/women/71.jpg'}, 'nat': 'CA'}</msg>
<arg>${json_data['results'][0]}</arg>
<doc>Logs the given message with the given level.</doc>
<status status="PASS" start="2024-04-28T16:15:43.750754" elapsed="0.000426"/>
</kw>
<kw name="Log" owner="BuiltIn">
<msg time="2024-04-28T16:15:43.751605" level="INFO">gender</msg>
<arg>${key}</arg>
<doc>Logs the given message with the given level.</doc>
<status status="PASS" start="2024-04-28T16:15:43.751478" elapsed="0.000164"/>
</kw>
<var name="${key}">gender</var>
<status status="PASS" start="2024-04-28T16:15:43.749883" elapsed="0.001975"/>
</iter>
<iter>
<kw name="Dictionary Should Contain Key" owner="Collections">
<msg time="2024-04-28T16:15:43.752536" level="INFO">False</msg>
<arg>${json_data['results'][0]}</arg>
<arg>${key}</arg>
<doc>Fails if ``key`` is not found from ``dictionary``.</doc>
<status status="PASS" start="2024-04-28T16:15:43.752157" elapsed="0.000416"/>
</kw>
<kw name="Log" owner="BuiltIn">
<msg time="2024-04-28T16:15:43.753259" level="INFO">{'gender': 'female', 'name': {'title': 'Ms', 'first': 'Julia', 'last': 'Côté'}, 'location': {'street': {'number': 4997, 'name': 'Bay Ave'}, 'city': 'New Glasgow', 'state': 'Prince Edward Island', 'country': 'Canada', 'postcode': 'K2B 7W0', 'coordinates': {'latitude': '-65.2944', 'longitude': '27.3540'}, 'timezone': {'offset': '-1:00', 'description': 'Azores, Cape Verde Islands'}}, 'email': 'julia.cote@example.com', 'login': {'uuid': '93c6739c-ac95-4b1d-820e-a5b5b78cc040', 'username': 'tinyostrich381', 'password': '11112222', 'salt': 'WLxSh1Gj', 'md5': '86d4d0901a1bbd49953c6935563e9cb6', 'sha1': '7de7d0c45f8bd4d1135949679c83f7e78892b025', 'sha256': 'f9059f952168bf39ff2d349bc84c65d600947cea3f93f72ffd89f83b733717a6'}, 'dob': {'date': '1984-12-30T16:17:19.189Z', 'age': 39}, 'registered': {'date': '2008-09-07T00:52:09.438Z', 'age': 15}, 'phone': 'M57 U02-0837', 'cell': 'L82 K05-3543', 'id': {'name': 'SIN', 'value': '363355496'}, 'picture': {'large': 'https://randomuser.me/api/portraits/women/71.jpg', 'medium': 'https://randomuser.me/api/portraits/med/women/71.jpg', 'thumbnail': 'https://randomuser.me/api/portraits/thumb/women/71.jpg'}, 'nat': 'CA'}</msg>
<arg>${json_data['results'][0]}</arg>
<doc>Logs the given message with the given level.</doc>
<status status="PASS" start="2024-04-28T16:15:43.752893" elapsed="0.000416"/>
</kw>
<kw name="Log" owner="BuiltIn">
<msg time="2024-04-28T16:15:43.753757" level="INFO">name</msg>
<arg>${key}</arg>
<doc>Logs the given message with the given level.</doc>
<status status="PASS" start="2024-04-28T16:15:43.753628" elapsed="0.000167"/>
</kw>
<var name="${key}">name</var>
<status status="PASS" start="2024-04-28T16:15:43.752043" elapsed="0.001966"/>
</iter>
<iter>
<kw name="Dictionary Should Contain Key" owner="Collections">
<msg time="2024-04-28T16:15:43.754694" level="INFO">False</msg>
<arg>${json_data['results'][0]}</arg>
<arg>${key}</arg>
<doc>Fails if ``key`` is not found from ``dictionary``.</doc>
<status status="PASS" start="2024-04-28T16:15:43.754303" elapsed="0.000428"/>
</kw>
<kw name="Log" owner="BuiltIn">
<msg time="2024-04-28T16:15:43.755405" level="INFO">{'gender': 'female', 'name': {'title': 'Ms', 'first': 'Julia', 'last': 'Côté'}, 'location': {'street': {'number': 4997, 'name': 'Bay Ave'}, 'city': 'New Glasgow', 'state': 'Prince Edward Island', 'country': 'Canada', 'postcode': 'K2B 7W0', 'coordinates': {'latitude': '-65.2944', 'longitude': '27.3540'}, 'timezone': {'offset': '-1:00', 'description': 'Azores, Cape Verde Islands'}}, 'email': 'julia.cote@example.com', 'login': {'uuid': '93c6739c-ac95-4b1d-820e-a5b5b78cc040', 'username': 'tinyostrich381', 'password': '11112222', 'salt': 'WLxSh1Gj', 'md5': '86d4d0901a1bbd49953c6935563e9cb6', 'sha1': '7de7d0c45f8bd4d1135949679c83f7e78892b025', 'sha256': 'f9059f952168bf39ff2d349bc84c65d600947cea3f93f72ffd89f83b733717a6'}, 'dob': {'date': '1984-12-30T16:17:19.189Z', 'age': 39}, 'registered': {'date': '2008-09-07T00:52:09.438Z', 'age': 15}, 'phone': 'M57 U02-0837', 'cell': 'L82 K05-3543', 'id': {'name': 'SIN', 'value': '363355496'}, 'picture': {'large': 'https://randomuser.me/api/portraits/women/71.jpg', 'medium': 'https://randomuser.me/api/portraits/med/women/71.jpg', 'thumbnail': 'https://randomuser.me/api/portraits/thumb/women/71.jpg'}, 'nat': 'CA'}</msg>
<arg>${json_data['results'][0]}</arg>
<doc>Logs the given message with the given level.</doc>
<status status="PASS" start="2024-04-28T16:15:43.755034" elapsed="0.000420"/>
</kw>
<kw name="Log" owner="BuiltIn">
<msg time="2024-04-28T16:15:43.755877" level="INFO">location</msg>
<arg>${key}</arg>
<doc>Logs the given message with the given level.</doc>
<status status="PASS" start="2024-04-28T16:15:43.755750" elapsed="0.000165"/>
</kw>
<var name="${key}">location</var>
<status status="PASS" start="2024-04-28T16:15:43.754191" elapsed="0.001937"/>
</iter>
<iter>
<kw name="Dictionary Should Contain Key" owner="Collections">
<msg time="2024-04-28T16:15:43.756799" level="INFO">False</msg>
<arg>${json_data['results'][0]}</arg>
<arg>${key}</arg>
<doc>Fails if ``key`` is not found from ``dictionary``.</doc>
<status status="PASS" start="2024-04-28T16:15:43.756413" elapsed="0.000423"/>
</kw>
<kw name="Log" owner="BuiltIn">
<msg time="2024-04-28T16:15:43.757517" level="INFO">{'gender': 'female', 'name': {'title': 'Ms', 'first': 'Julia', 'last': 'Côté'}, 'location': {'street': {'number': 4997, 'name': 'Bay Ave'}, 'city': 'New Glasgow', 'state': 'Prince Edward Island', 'country': 'Canada', 'postcode': 'K2B 7W0', 'coordinates': {'latitude': '-65.2944', 'longitude': '27.3540'}, 'timezone': {'offset': '-1:00', 'description': 'Azores, Cape Verde Islands'}}, 'email': 'julia.cote@example.com', 'login': {'uuid': '93c6739c-ac95-4b1d-820e-a5b5b78cc040', 'username': 'tinyostrich381', 'password': '11112222', 'salt': 'WLxSh1Gj', 'md5': '86d4d0901a1bbd49953c6935563e9cb6', 'sha1': '7de7d0c45f8bd4d1135949679c83f7e78892b025', 'sha256': 'f9059f952168bf39ff2d349bc84c65d600947cea3f93f72ffd89f83b733717a6'}, 'dob': {'date': '1984-12-30T16:17:19.189Z', 'age': 39}, 'registered': {'date': '2008-09-07T00:52:09.438Z', 'age': 15}, 'phone': 'M57 U02-0837', 'cell': 'L82 K05-3543', 'id': {'name': 'SIN', 'value': '363355496'}, 'picture': {'large': 'https://randomuser.me/api/portraits/women/71.jpg', 'medium': 'https://randomuser.me/api/portraits/med/women/71.jpg', 'thumbnail': 'https://randomuser.me/api/portraits/thumb/women/71.jpg'}, 'nat': 'CA'}</msg>
<arg>${json_data['results'][0]}</arg>
<doc>Logs the given message with the given level.</doc>
<status status="PASS" start="2024-04-28T16:15:43.757132" elapsed="0.000435"/>
</kw>
<kw name="Log" owner="BuiltIn">
<msg time="2024-04-28T16:15:43.757992" level="INFO">email</msg>
<arg>${key}</arg>
<doc>Logs the given message with the given level.</doc>
<status status="PASS" start="2024-04-28T16:15:43.757865" elapsed="0.000164"/>
</kw>
<var name="${key}">email</var>
<status status="PASS" start="2024-04-28T16:15:43.756301" elapsed="0.001941"/>
</iter>
<iter>
<kw name="Dictionary Should Contain Key" owner="Collections">
<msg time="2024-04-28T16:15:43.758914" level="INFO">False</msg>
<arg>${json_data['results'][0]}</arg>
<arg>${key}</arg>
<doc>Fails if ``key`` is not found from ``dictionary``.</doc>
<status status="PASS" start="2024-04-28T16:15:43.758524" elapsed="0.000427"/>
</kw>
<kw name="Log" owner="BuiltIn">
<msg time="2024-04-28T16:15:43.759613" level="INFO">{'gender': 'female', 'name': {'title': 'Ms', 'first': 'Julia', 'last': 'Côté'}, 'location': {'street': {'number': 4997, 'name': 'Bay Ave'}, 'city': 'New Glasgow', 'state': 'Prince Edward Island', 'country': 'Canada', 'postcode': 'K2B 7W0', 'coordinates': {'latitude': '-65.2944', 'longitude': '27.3540'}, 'timezone': {'offset': '-1:00', 'description': 'Azores, Cape Verde Islands'}}, 'email': 'julia.cote@example.com', 'login': {'uuid': '93c6739c-ac95-4b1d-820e-a5b5b78cc040', 'username': 'tinyostrich381', 'password': '11112222', 'salt': 'WLxSh1Gj', 'md5': '86d4d0901a1bbd49953c6935563e9cb6', 'sha1': '7de7d0c45f8bd4d1135949679c83f7e78892b025', 'sha256': 'f9059f952168bf39ff2d349bc84c65d600947cea3f93f72ffd89f83b733717a6'}, 'dob': {'date': '1984-12-30T16:17:19.189Z', 'age': 39}, 'registered': {'date': '2008-09-07T00:52:09.438Z', 'age': 15}, 'phone': 'M57 U02-0837', 'cell': 'L82 K05-3543', 'id': {'name': 'SIN', 'value': '363355496'}, 'picture': {'large': 'https://randomuser.me/api/portraits/women/71.jpg', 'medium': 'https://randomuser.me/api/portraits/med/women/71.jpg', 'thumbnail': 'https://randomuser.me/api/portraits/thumb/women/71.jpg'}, 'nat': 'CA'}</msg>
<arg>${json_data['results'][0]}</arg>
<doc>Logs the given message with the given level.</doc>
<status status="PASS" start="2024-04-28T16:15:43.759246" elapsed="0.000416"/>
</kw>
<kw name="Log" owner="BuiltIn">
<msg time="2024-04-28T16:15:43.760086" level="INFO">login</msg>
<arg>${key}</arg>
<doc>Logs the given message with the given level.</doc>
<status status="PASS" start="2024-04-28T16:15:43.759958" elapsed="0.000165"/>
</kw>
<var name="${key}">login</var>
<status status="PASS" start="2024-04-28T16:15:43.758414" elapsed="0.001951"/>
</iter>
<var>${key}</var>
<value>@{expected_keys}</value>
<status status="PASS" start="2024-04-28T16:15:43.749690" elapsed="0.010801"/>
</for>
<kw name="Create List" owner="BuiltIn">
<msg time="2024-04-28T16:15:43.760818" level="INFO">${expected_keysTwo} = ['username', 'password']</msg>
<var>${expected_keysTwo}</var>
<arg>username</arg>
<arg>password</arg>
<doc>Returns a list containing given items.</doc>
<status status="PASS" start="2024-04-28T16:15:43.760682" elapsed="0.000160"/>
</kw>
<for flavor="IN">
<iter>
<kw name="Dictionary Should Contain Key" owner="Collections">
<msg time="2024-04-28T16:15:43.761754" level="INFO">False</msg>
<arg>${json_data['results'][0]['login']}</arg>
<arg>${keyTwo}</arg>
<doc>Fails if ``key`` is not found from ``dictionary``.</doc>
<status status="PASS" start="2024-04-28T16:15:43.761340" elapsed="0.000452"/>
</kw>
<kw name="Dictionary Should Contain Key" owner="Collections">
<msg time="2024-04-28T16:15:43.762464" level="INFO">False</msg>
<arg>${json_data['results'][0]['login']}</arg>
<arg>${keyTwo}</arg>
<doc>Fails if ``key`` is not found from ``dictionary``.</doc>
<status status="PASS" start="2024-04-28T16:15:43.762085" elapsed="0.000415"/>
</kw>
<kw name="Log" owner="BuiltIn">
<msg time="2024-04-28T16:15:43.762922" level="INFO">username</msg>
<arg>${keyTwo}</arg>
<doc>Logs the given message with the given level.</doc>
<status status="PASS" start="2024-04-28T16:15:43.762794" elapsed="0.000170"/>
</kw>
<var name="${keyTwo}">username</var>
<status status="PASS" start="2024-04-28T16:15:43.761231" elapsed="0.001948"/>
</iter>
<iter>
<kw name="Dictionary Should Contain Key" owner="Collections">
<msg time="2024-04-28T16:15:43.764007" level="INFO">False</msg>
<arg>${json_data['results'][0]['login']}</arg>
<arg>${keyTwo}</arg>
<doc>Fails if ``key`` is not found from ``dictionary``.</doc>
<status status="PASS" start="2024-04-28T16:15:43.763459" elapsed="0.000593"/>
</kw>
<kw name="Dictionary Should Contain Key" owner="Collections">
<msg time="2024-04-28T16:15:43.764739" level="INFO">False</msg>
<arg>${json_data['results'][0]['login']}</arg>
<arg>${keyTwo}</arg>
<doc>Fails if ``key`` is not found from ``dictionary``.</doc>
<status status="PASS" start="2024-04-28T16:15:43.764352" elapsed="0.000423"/>
</kw>
<kw name="Log" owner="BuiltIn">
<msg time="2024-04-28T16:15:43.765193" level="INFO">password</msg>
<arg>${keyTwo}</arg>
<doc>Logs the given message with the given level.</doc>
<status status="PASS" start="2024-04-28T16:15:43.765065" elapsed="0.000165"/>
</kw>
<var name="${keyTwo}">password</var>
<status status="PASS" start="2024-04-28T16:15:43.763349" elapsed="0.002118"/>
</iter>
<var>${keyTwo}</var>
<value>@{expected_keysTwo}</value>
<status status="PASS" start="2024-04-28T16:15:43.761079" elapsed="0.004509"/>
</for>
<status status="PASS" start="2024-04-28T16:15:43.648306" elapsed="0.117423"/>
</kw>
<doc>Testa a estrutura da resposta da API.</doc>
<tag>testeEstruturaResposta</tag>
<status status="PASS" start="2024-04-28T16:15:43.647797" elapsed="0.118091"/>
</test>
<test id="s1-s1-t4" name="Validar tipos de dados" line="28">
<kw name="Teste de Tipos de Dados" owner="random-user-service">
<kw name="GET On Session" owner="RequestsLibrary">
<msg time="2024-04-28T16:15:43.836978" level="INFO">GET Request : url=https://randomuser.me/api 
 path_url=/api 
 headers={'User-Agent': 'python-requests/2.31.0', 'Accept-Encoding': 'gzip, deflate', 'Accept': '*/*', 'Connection': 'keep-alive'} 
 body=None 
 </msg>
<msg time="2024-04-28T16:15:43.837063" level="INFO">GET Response : url=https://randomuser.me/api 
 status=200, reason=OK 
 headers={'Date': 'Sun, 28 Apr 2024 16:15:43 GMT', 'Content-Type': 'application/json; charset=utf-8', 'Transfer-Encoding': 'chunked', 'Connection': 'keep-alive', 'X-Powered-By': 'Express', 'Access-Control-Allow-Origin': '*', 'Cache-Control': 'no-cache', 'ETag': 'W/"485-FtPqSC6WlVO3XwNqZsO5Z202xTk"', 'Vary': 'Accept-Encoding', 'Content-Encoding': 'gzip', 'CF-Cache-Status': 'DYNAMIC', 'Report-To': '{"endpoints":[{"url":"https:\\/\\/a.nel.cloudflare.com\\/report\\/v4?s=83r08rNUci2tI3%2BfqXkqhGyAQUJYcvW0g6DL8%2Bt4mRbkckHh17dekTIEE0N5GGJu38HCYD0qE%2BeSFqHEYdrbhrNU47BtDnPrwLxy1I2rzCUm0onschw6toDlkWcIy%2BQ9"}],"group":"cf-nel","max_age":604800}', 'NEL': '{"success_fraction":0,"report_to":"cf-nel","max_age":604800}', 'Server': 'cloudflare', 'CF-RAY': '87b85a4a9e872244-ORD', 'alt-svc': 'h3=":443"; ma=86400'} 
 body={"results":[{"gender":"male","name":{"title":"Mr","first":"Lubbert","last":"Gulikers"},"location":{"street":{"number":8542,"name":"Abenrahof"},"city":"Meterik","state":"Drenthe","country":"Netherlands","postcode":"8645 IM","coordinates":{"latitude":"35.6545","longitude":"-135.1332"},"timezone":{"offset":"+6:00","description":"Almaty, Dhaka, Colombo"}},"email":"lubbert.gulikers@example.com","login":{"uuid":"84cd0811-7916-4843-822e-33c34e9a36e4","username":"blacktiger300","password":"biker","salt":"BKeyFtmG","md5":"9106708bcdc08817b7f6a7ec767bb1ce","sha1":"bb2f1d821dcefcfc07cf88520d8699ccb7abbfc6","sha256":"56b85134a84d3db0f3070b8de94bcb13fdf8b216cedfdbfccd075dc125003b6f"},"dob":{"date":"1956-04-01T05:22:59.125Z","age":68},"registered":{"date":"2018-05-21T17:06:23.877Z","age":5},"phone":"(0917) 349302","cell":"(06) 48940790","id":{"name":"BSN","value":"49079023"},"picture":{"large":"https://randomuser.me/api/portraits/men/21.jpg","medium":"https://randomuser.me/api/portraits/med/men/21.jpg","thumbnail":"https://randomuser.me/api/portraits/thumb/men/21.jpg"},"nat":"NL"}],"info":{"seed":"ad84573d0d1bfd82","results":1,"page":1,"version":"1.4"}} 
 </msg>
<msg time="2024-04-28T16:15:43.837127" level="INFO">/opt/hostedtoolcache/Python/3.12.3/x64/lib/python3.12/site-packages/urllib3/connectionpool.py:1103: InsecureRequestWarning: Unverified HTTPS request is being made to host 'randomuser.me'. Adding certificate verification is strongly advised. See: https://urllib3.readthedocs.io/en/latest/advanced-usage.html#tls-warnings
  warnings.warn(</msg>
<msg time="2024-04-28T16:15:43.837234" level="INFO">${response} = &lt;Response [200]&gt;</msg>
<var>${response}</var>
<arg>consultarAPI</arg>
<arg>/api</arg>
<doc>Sends a GET request on a previously created HTTP Session.</doc>
<status status="PASS" start="2024-04-28T16:15:43.768336" elapsed="0.068936"/>
</kw>
<kw name="Set Variable" owner="BuiltIn">
<msg time="2024-04-28T16:15:43.838275" level="INFO">${json_data} = {'results': [{'gender': 'male', 'name': {'title': 'Mr', 'first': 'Lubbert', 'last': 'Gulikers'}, 'location': {'street': {'number': 8542, 'name': 'Abenrahof'}, 'city': 'Meterik', 'state': 'Drenthe', 'c...</msg>
<var>${json_data}</var>
<arg>${response.json()}</arg>
<doc>Returns the given values which can then be assigned to a variables.</doc>
<status status="PASS" start="2024-04-28T16:15:43.837773" elapsed="0.000529"/>
</kw>
<kw name="Log" owner="BuiltIn">
<msg time="2024-04-28T16:15:43.838764" level="INFO">{'results': [{'gender': 'male', 'name': {'title': 'Mr', 'first': 'Lubbert', 'last': 'Gulikers'}, 'location': {'street': {'number': 8542, 'name': 'Abenrahof'}, 'city': 'Meterik', 'state': 'Drenthe', 'country': 'Netherlands', 'postcode': '8645 IM', 'coordinates': {'latitude': '35.6545', 'longitude': '-135.1332'}, 'timezone': {'offset': '+6:00', 'description': 'Almaty, Dhaka, Colombo'}}, 'email': 'lubbert.gulikers@example.com', 'login': {'uuid': '84cd0811-7916-4843-822e-33c34e9a36e4', 'username': 'blacktiger300', 'password': 'biker', 'salt': 'BKeyFtmG', 'md5': '9106708bcdc08817b7f6a7ec767bb1ce', 'sha1': 'bb2f1d821dcefcfc07cf88520d8699ccb7abbfc6', 'sha256': '56b85134a84d3db0f3070b8de94bcb13fdf8b216cedfdbfccd075dc125003b6f'}, 'dob': {'date': '1956-04-01T05:22:59.125Z', 'age': 68}, 'registered': {'date': '2018-05-21T17:06:23.877Z', 'age': 5}, 'phone': '(0917) 349302', 'cell': '(06) 48940790', 'id': {'name': 'BSN', 'value': '49079023'}, 'picture': {'large': 'https://randomuser.me/api/portraits/men/21.jpg', 'medium': 'https://randomuser.me/api/portraits/med/men/21.jpg', 'thumbnail': 'https://randomuser.me/api/portraits/thumb/men/21.jpg'}, 'nat': 'NL'}], 'info': {'seed': 'ad84573d0d1bfd82', 'results': 1, 'page': 1, 'version': '1.4'}}</msg>
<arg>${json_data}</arg>
<doc>Logs the given message with the given level.</doc>
<status status="PASS" start="2024-04-28T16:15:43.838609" elapsed="0.000238"/>
</kw>
<kw name="Should Be String" owner="String">
<arg>${json_data['results'][0]['gender']}</arg>
<doc>Fails if the given ``item`` is not a string.</doc>
<status status="PASS" start="2024-04-28T16:15:43.839145" elapsed="0.000357"/>
</kw>
<kw name="Should Match Regexp" owner="BuiltIn">
<arg>${json_data['results'][0]['email']}</arg>
<arg>^[a-zA-Z0-9._%+-]+@[a-zA-Z0-9.-]+\.[a-zA-Z]{2,}$</arg>
<doc>Fails if ``string`` does not match ``pattern`` as a regular expression.</doc>
<status status="PASS" start="2024-04-28T16:15:43.839695" elapsed="0.000526"/>
</kw>
<kw name="Should Match Regexp" owner="BuiltIn">
<arg>${json_data['results'][0]['dob']['date']}</arg>
<arg>\\d{4}-\\d{2}-\\d{2}T\\d{2}:\\d{2}:\\d{2}\\.\\d{3}Z</arg>
<doc>Fails if ``string`` does not match ``pattern`` as a regular expression.</doc>
<status status="PASS" start="2024-04-28T16:15:43.840419" elapsed="0.000484"/>
</kw>
<kw name="Should Match Regexp" owner="BuiltIn">
<arg>${json_data['results'][0]['registered']['date']}</arg>
<arg>\\d{4}-\\d{2}-\\d{2}T\\d{2}:\\d{2}:\\d{2}\\.\\d{3}Z</arg>
<doc>Fails if ``string`` does not match ``pattern`` as a regular expression.</doc>
<status status="PASS" start="2024-04-28T16:15:43.841094" elapsed="0.000402"/>
</kw>
<kw name="Should Match Regexp" owner="BuiltIn">
<arg>${json_data['results'][0]['picture']['large']}</arg>
<arg>^https?://.*\.(?:png|jpe?g|gif|bmp)$</arg>
<doc>Fails if ``string`` does not match ``pattern`` as a regular expression.</doc>
<status status="PASS" start="2024-04-28T16:15:43.841696" elapsed="0.000469"/>
</kw>
<kw name="Should Match Regexp" owner="BuiltIn">
<arg>${json_data['results'][0]['picture']['medium']}</arg>
<arg>^https?://.*\.(?:png|jpe?g|gif|bmp)$</arg>
<doc>Fails if ``string`` does not match ``pattern`` as a regular expression.</doc>
<status status="PASS" start="2024-04-28T16:15:43.842353" elapsed="0.000368"/>
</kw>
<kw name="Should Match Regexp" owner="BuiltIn">
<arg>${json_data['results'][0]['picture']['thumbnail']}</arg>
<arg>^https?://.*\.(?:png|jpe?g|gif|bmp)$</arg>
<doc>Fails if ``string`` does not match ``pattern`` as a regular expression.</doc>
<status status="PASS" start="2024-04-28T16:15:43.842913" elapsed="0.000354"/>
</kw>
<kw name="Log" owner="BuiltIn">
<msg time="2024-04-28T16:15:43.843770" level="INFO">{'large': 'https://randomuser.me/api/portraits/men/21.jpg', 'medium': 'https://randomuser.me/api/portraits/med/men/21.jpg', 'thumbnail': 'https://randomuser.me/api/portraits/thumb/men/21.jpg'}</msg>
<arg>${json_data['results'][0]['picture']}</arg>
<doc>Logs the given message with the given level.</doc>
<status status="PASS" start="2024-04-28T16:15:43.843446" elapsed="0.000364"/>
</kw>
<status status="PASS" start="2024-04-28T16:15:43.768107" elapsed="0.075958"/>
</kw>
<kw name="Teste de Tipos de Dados - Postcode" owner="random-user-service">
<kw name="GET On Session" owner="RequestsLibrary">
<msg time="2024-04-28T16:15:43.940317" level="INFO">GET Request : url=https://randomuser.me/api 
 path_url=/api 
 headers={'User-Agent': 'python-requests/2.31.0', 'Accept-Encoding': 'gzip, deflate', 'Accept': '*/*', 'Connection': 'keep-alive'} 
 body=None 
 </msg>
<msg time="2024-04-28T16:15:43.940396" level="INFO">GET Response : url=https://randomuser.me/api 
 status=200, reason=OK 
 headers={'Date': 'Sun, 28 Apr 2024 16:15:43 GMT', 'Content-Type': 'application/json; charset=utf-8', 'Transfer-Encoding': 'chunked', 'Connection': 'keep-alive', 'X-Powered-By': 'Express', 'Access-Control-Allow-Origin': '*', 'Cache-Control': 'no-cache', 'ETag': 'W/"48b-sg/rwwrpen0AWaLGYTSzxGSuLJQ"', 'Vary': 'Accept-Encoding', 'Content-Encoding': 'gzip', 'CF-Cache-Status': 'DYNAMIC', 'Report-To': '{"endpoints":[{"url":"https:\\/\\/a.nel.cloudflare.com\\/report\\/v4?s=4YGGx408FDBPNpthYTri3V6RZbC5XcaOrqm%2FY8tFsy%2BG2Zp1gn4Puz8d7Fk%2FJty%2BtK8VqCWPJGMUtRyjIsR%2FPfT1j%2BSaxQv6zReztrxyw%2BXqgybvzI6NjoFCHn1aus7%2F"}],"group":"cf-nel","max_age":604800}', 'NEL': '{"success_fraction":0,"report_to":"cf-nel","max_age":604800}', 'Server': 'cloudflare', 'CF-RAY': '87b85a4b0f192244-ORD', 'alt-svc': 'h3=":443"; ma=86400'} 
 body={"results":[{"gender":"female","name":{"title":"Ms","first":"Frøydis","last":"Marvik"},"location":{"street":{"number":5220,"name":"Ogmunds vei"},"city":"Åsen","state":"Vestfold","country":"Norway","postcode":"8150","coordinates":{"latitude":"42.1314","longitude":"52.4207"},"timezone":{"offset":"+4:00","description":"Abu Dhabi, Muscat, Baku, Tbilisi"}},"email":"froydis.marvik@example.com","login":{"uuid":"58f98aff-ac1e-457a-8e95-10589b44f647","username":"greenbutterfly125","password":"minemine","salt":"Wg5vEPr4","md5":"548da144f490b89f63d2c320171711e6","sha1":"9b817c75b6ee77e353978b585a0ff418dd59f770","sha256":"62feefeb115da1934be558f500ef952232faee0538240e4603dfc16735c0c41b"},"dob":{"date":"1964-05-10T07:24:22.577Z","age":59},"registered":{"date":"2012-10-23T20:13:02.495Z","age":11},"phone":"72394246","cell":"40985905","id":{"name":"FN","value":"10056428629"},"picture":{"large":"https://randomuser.me/api/portraits/women/57.jpg","medium":"https://randomuser.me/api/portraits/med/women/57.jpg","thumbnail":"https://randomuser.me/api/portraits/thumb/women/57.jpg"},"nat":"NO"}],"info":{"seed":"fbc2a3185d6c493f","results":1,"page":1,"version":"1.4"}} 
 </msg>
<msg time="2024-04-28T16:15:43.940460" level="INFO">/opt/hostedtoolcache/Python/3.12.3/x64/lib/python3.12/site-packages/urllib3/connectionpool.py:1103: InsecureRequestWarning: Unverified HTTPS request is being made to host 'randomuser.me'. Adding certificate verification is strongly advised. See: https://urllib3.readthedocs.io/en/latest/advanced-usage.html#tls-warnings
  warnings.warn(</msg>
<msg time="2024-04-28T16:15:43.940560" level="INFO">${response} = &lt;Response [200]&gt;</msg>
<var>${response}</var>
<arg>consultarAPI</arg>
<arg>/api</arg>
<doc>Sends a GET request on a previously created HTTP Session.</doc>
<status status="PASS" start="2024-04-28T16:15:43.844526" elapsed="0.096064"/>
</kw>
<kw name="Set Variable" owner="BuiltIn">
<msg time="2024-04-28T16:15:43.941583" level="INFO">${json_data} = {'results': [{'gender': 'female', 'name': {'title': 'Ms', 'first': 'Frøydis', 'last': 'Marvik'}, 'location': {'street': {'number': 5220, 'name': 'Ogmunds vei'}, 'city': 'Åsen', 'state': 'Vestfold', 'c...</msg>
<var>${json_data}</var>
<arg>${response.json()}</arg>
<doc>Returns the given values which can then be assigned to a variables.</doc>
<status status="PASS" start="2024-04-28T16:15:43.941047" elapsed="0.000565"/>
</kw>
<kw name="Log" owner="BuiltIn">
<msg time="2024-04-28T16:15:43.942078" level="INFO">{'results': [{'gender': 'female', 'name': {'title': 'Ms', 'first': 'Frøydis', 'last': 'Marvik'}, 'location': {'street': {'number': 5220, 'name': 'Ogmunds vei'}, 'city': 'Åsen', 'state': 'Vestfold', 'country': 'Norway', 'postcode': '8150', 'coordinates': {'latitude': '42.1314', 'longitude': '52.4207'}, 'timezone': {'offset': '+4:00', 'description': 'Abu Dhabi, Muscat, Baku, Tbilisi'}}, 'email': 'froydis.marvik@example.com', 'login': {'uuid': '58f98aff-ac1e-457a-8e95-10589b44f647', 'username': 'greenbutterfly125', 'password': 'minemine', 'salt': 'Wg5vEPr4', 'md5': '548da144f490b89f63d2c320171711e6', 'sha1': '9b817c75b6ee77e353978b585a0ff418dd59f770', 'sha256': '62feefeb115da1934be558f500ef952232faee0538240e4603dfc16735c0c41b'}, 'dob': {'date': '1964-05-10T07:24:22.577Z', 'age': 59}, 'registered': {'date': '2012-10-23T20:13:02.495Z', 'age': 11}, 'phone': '72394246', 'cell': '40985905', 'id': {'name': 'FN', 'value': '10056428629'}, 'picture': {'large': 'https://randomuser.me/api/portraits/women/57.jpg', 'medium': 'https://randomuser.me/api/portraits/med/women/57.jpg', 'thumbnail': 'https://randomuser.me/api/portraits/thumb/women/57.jpg'}, 'nat': 'NO'}], 'info': {'seed': 'fbc2a3185d6c493f', 'results': 1, 'page': 1, 'version': '1.4'}}</msg>
<arg>${json_data}</arg>
<doc>Logs the given message with the given level.</doc>
<status status="PASS" start="2024-04-28T16:15:43.941921" elapsed="0.000241"/>
</kw>
<kw name="Should Be Equal As Numbers" owner="BuiltIn">
<arg>${json_data['results'][0]['location']['postcode']}</arg>
<arg>${json_data['results'][0]['location']['postcode']}</arg>
<doc>Fails if objects are unequal after converting them to real numbers.</doc>
<status status="PASS" start="2024-04-28T16:15:43.942629" elapsed="0.000623"/>
</kw>
<kw name="Log" owner="BuiltIn">
<msg time="2024-04-28T16:15:43.943786" level="INFO">8150</msg>
<arg>${json_data['results'][0]['location']['postcode']}</arg>
<doc>Logs the given message with the given level.</doc>
<status status="PASS" start="2024-04-28T16:15:43.943445" elapsed="0.000381"/>
</kw>
<status status="PASS" start="2024-04-28T16:15:43.844292" elapsed="0.099787"/>
</kw>
<doc>Testa se os tipos de dados na resposta da API estão corretos.</doc>
<tag>testeTiposDados</tag>
<status status="PASS" start="2024-04-28T16:15:43.767663" elapsed="0.176585"/>
</test>
<test id="s1-s1-t5" name="Validar conteudo" line="35">
<kw name="Teste de Tipos de Conteudo" owner="random-user-service">
<kw name="GET On Session" owner="RequestsLibrary">
<msg time="2024-04-28T16:15:44.035640" level="INFO">GET Request : url=https://randomuser.me/api 
 path_url=/api 
 headers={'User-Agent': 'python-requests/2.31.0', 'Accept-Encoding': 'gzip, deflate', 'Accept': '*/*', 'Connection': 'keep-alive'} 
 body=None 
 </msg>
<msg time="2024-04-28T16:15:44.035725" level="INFO">GET Response : url=https://randomuser.me/api 
 status=200, reason=OK 
 headers={'Date': 'Sun, 28 Apr 2024 16:15:44 GMT', 'Content-Type': 'application/json; charset=utf-8', 'Transfer-Encoding': 'chunked', 'Connection': 'keep-alive', 'X-Powered-By': 'Express', 'Access-Control-Allow-Origin': '*', 'Cache-Control': 'no-cache', 'ETag': 'W/"4ae-dHY4JVuGFzyimXU8gIP1HCvN0ks"', 'Vary': 'Accept-Encoding', 'Content-Encoding': 'gzip', 'CF-Cache-Status': 'DYNAMIC', 'Report-To': '{"endpoints":[{"url":"https:\\/\\/a.nel.cloudflare.com\\/report\\/v4?s=jSy%2B3FCcsqZMNWhxW42RP9pZ5i7%2BqYk5X2QX0P%2FfFrmy%2FfIw0Q7N8OPoUsNHFW5h%2BM0rOeh1xoqoOuHSenI%2FthAMByboIqw5zECy7Buv1kO8Hf6U%2Fwhvu%2FZ1DIjrU8ui"}],"group":"cf-nel","max_age":604800}', 'NEL': '{"success_fraction":0,"report_to":"cf-nel","max_age":604800}', 'Server': 'cloudflare', 'CF-RAY': '87b85a4bafe22244-ORD', 'alt-svc': 'h3=":443"; ma=86400'} 
 body={"results":[{"gender":"female","name":{"title":"Mrs","first":"Florence","last":"Mccoy"},"location":{"street":{"number":8946,"name":"North Road"},"city":"Bangor","state":"County Fermanagh","country":"United Kingdom","postcode":"KE01 2NT","coordinates":{"latitude":"-8.2592","longitude":"164.9061"},"timezone":{"offset":"-5:00","description":"Eastern Time (US &amp; Canada), Bogota, Lima"}},"email":"florence.mccoy@example.com","login":{"uuid":"6964e803-52b6-42f5-a3b8-868200890b6d","username":"orangeleopard452","password":"piglet","salt":"kUxi0tNm","md5":"6e7a6ea1eee15a357db77f90015d6007","sha1":"71b7a69f9f9998d5e9ca622cf48d1e9a6f8673e7","sha256":"307677e725f9cf3049990985324b1482cccb6f6b3c3d7fcce47b4a0bdc7e56ae"},"dob":{"date":"1974-06-04T12:41:12.003Z","age":49},"registered":{"date":"2004-10-21T09:34:50.946Z","age":19},"phone":"016977 53835","cell":"07043 768425","id":{"name":"NINO","value":"YG 85 06 56 K"},"picture":{"large":"https://randomuser.me/api/portraits/women/0.jpg","medium":"https://randomuser.me/api/portraits/med/women/0.jpg","thumbnail":"https://randomuser.me/api/portraits/thumb/women/0.jpg"},"nat":"GB"}],"info":{"seed":"09449af88faf674a","results":1,"page":1,"version":"1.4"}} 
 </msg>
<msg time="2024-04-28T16:15:44.035791" level="INFO">/opt/hostedtoolcache/Python/3.12.3/x64/lib/python3.12/site-packages/urllib3/connectionpool.py:1103: InsecureRequestWarning: Unverified HTTPS request is being made to host 'randomuser.me'. Adding certificate verification is strongly advised. See: https://urllib3.readthedocs.io/en/latest/advanced-usage.html#tls-warnings
  warnings.warn(</msg>
<msg time="2024-04-28T16:15:44.035901" level="INFO">${response} = &lt;Response [200]&gt;</msg>
<var>${response}</var>
<arg>consultarAPI</arg>
<arg>/api</arg>
<doc>Sends a GET request on a previously created HTTP Session.</doc>
<status status="PASS" start="2024-04-28T16:15:43.946812" elapsed="0.089119"/>
</kw>
<kw name="Set Variable" owner="BuiltIn">
<msg time="2024-04-28T16:15:44.036899" level="INFO">${json_data} = {'results': [{'gender': 'female', 'name': {'title': 'Mrs', 'first': 'Florence', 'last': 'Mccoy'}, 'location': {'street': {'number': 8946, 'name': 'North Road'}, 'city': 'Bangor', 'state': 'County Ferm...</msg>
<var>${json_data}</var>
<arg>${response.json()}</arg>
<doc>Returns the given values which can then be assigned to a variables.</doc>
<status status="PASS" start="2024-04-28T16:15:44.036410" elapsed="0.000518"/>
</kw>
<kw name="Set Variable" owner="BuiltIn">
<msg time="2024-04-28T16:15:44.037674" level="INFO">${name_title} = Mrs</msg>
<var>${name_title}</var>
<arg>${json_data["results"][0]["name"]["title"]}</arg>
<doc>Returns the given values which can then be assigned to a variables.</doc>
<status status="PASS" start="2024-04-28T16:15:44.037233" elapsed="0.000466"/>
</kw>
<kw name="Create List" owner="BuiltIn">
<msg time="2024-04-28T16:15:44.038150" level="INFO">${allowed_titles} = ['Mr', 'Ms', 'Miss', 'Mrs', 'Madame', 'Monsieur']</msg>
<var>${allowed_titles}</var>
<arg>Mr</arg>
<arg>Ms</arg>
<arg>Miss</arg>
<arg>Mrs</arg>
<arg>Madame</arg>
<arg>Monsieur</arg>
<doc>Returns a list containing given items.</doc>
<status status="PASS" start="2024-04-28T16:15:44.038001" elapsed="0.000173"/>
</kw>
<kw name="List Should Contain Value" owner="Collections">
<msg time="2024-04-28T16:15:44.038665" level="INFO">False</msg>
<arg>${allowed_titles}</arg>
<arg>${name_title}</arg>
<doc>Fails if the ``value`` is not found from ``list``.</doc>
<status status="PASS" start="2024-04-28T16:15:44.038489" elapsed="0.000211"/>
</kw>
<kw name="Set Variable" owner="BuiltIn">
<msg time="2024-04-28T16:15:44.039375" level="INFO">${name_country} = GB</msg>
<var>${name_country}</var>
<arg>${json_data["results"][0]["nat"]}</arg>
<doc>Returns the given values which can then be assigned to a variables.</doc>
<status status="PASS" start="2024-04-28T16:15:44.038994" elapsed="0.000405"/>
</kw>
<kw name="Create List" owner="BuiltIn">
<msg time="2024-04-28T16:15:44.040286" level="INFO">${list_country} = ['AD', 'AE', 'AF', 'AG', 'AI', 'AL', 'AM', 'AO', 'AQ', 'AR', 'AS', 'AT', 'AU', 'AW', 'AX', 'AZ', 'BA', 'BB', 'BD', 'BE', 'BF', 'BG', 'BH', 'BI', 'BJ', 'BL', 'BM', 'BN', 'BO', 'BQ', 'BR', 'BS', 'BT', '...</msg>
<var>${list_country}</var>
<arg>AD</arg>
<arg>AE</arg>
<arg>AF</arg>
<arg>AG</arg>
<arg>AI</arg>
<arg>AL</arg>
<arg>AM</arg>
<arg>AO</arg>
<arg>AQ</arg>
<arg>AR</arg>
<arg>AS</arg>
<arg>AT</arg>
<arg>AU</arg>
<arg>AW</arg>
<arg>AX</arg>
<arg>AZ</arg>
<arg>BA</arg>
<arg>BB</arg>
<arg>BD</arg>
<arg>BE</arg>
<arg>BF</arg>
<arg>BG</arg>
<arg>BH</arg>
<arg>BI</arg>
<arg>BJ</arg>
<arg>BL</arg>
<arg>BM</arg>
<arg>BN</arg>
<arg>BO</arg>
<arg>BQ</arg>
<arg>BR</arg>
<arg>BS</arg>
<arg>BT</arg>
<arg>BV</arg>
<arg>BW</arg>
<arg>BY</arg>
<arg>BZ</arg>
<arg>CA</arg>
<arg>CC</arg>
<arg>CD</arg>
<arg>CF</arg>
<arg>CG</arg>
<arg>CH</arg>
<arg>CI</arg>
<arg>CK</arg>
<arg>CL</arg>
<arg>CM</arg>
<arg>CN</arg>
<arg>CO</arg>
<arg>CR</arg>
<arg>CU</arg>
<arg>CV</arg>
<arg>CW</arg>
<arg>CX</arg>
<arg>CY</arg>
<arg>CZ</arg>
<arg>DE</arg>
<arg>DJ</arg>
<arg>DK</arg>
<arg>DM</arg>
<arg>DO</arg>
<arg>DZ</arg>
<arg>EC</arg>
<arg>EE</arg>
<arg>EG</arg>
<arg>EH</arg>
<arg>ER</arg>
<arg>ES</arg>
<arg>ET</arg>
<arg>FI</arg>
<arg>FJ</arg>
<arg>FK</arg>
<arg>FM</arg>
<arg>FO</arg>
<arg>FR</arg>
<arg>GA</arg>
<arg>GB</arg>
<arg>GD</arg>
<arg>GE</arg>
<arg>GF</arg>
<arg>GG</arg>
<arg>GH</arg>
<arg>GI</arg>
<arg>GL</arg>
<arg>GM</arg>
<arg>GN</arg>
<arg>GP</arg>
<arg>GQ</arg>
<arg>GR</arg>
<arg>GS</arg>
<arg>GT</arg>
<arg>GU</arg>
<arg>GW</arg>
<arg>GY</arg>
<arg>HK</arg>
<arg>HM</arg>
<arg>HN</arg>
<arg>HR</arg>
<arg>HT</arg>
<arg>HU</arg>
<arg>ID</arg>
<arg>IE</arg>
<arg>IL</arg>
<arg>IM</arg>
<arg>IN</arg>
<arg>IO</arg>
<arg>IQ</arg>
<arg>IR</arg>
<arg>IS</arg>
<arg>IT</arg>
<arg>JE</arg>
<arg>JM</arg>
<arg>JO</arg>
<arg>JP</arg>
<arg>KE</arg>
<arg>KG</arg>
<arg>KH</arg>
<arg>KI</arg>
<arg>KM</arg>
<arg>KN</arg>
<arg>KP</arg>
<arg>KR</arg>
<arg>KW</arg>
<arg>KY</arg>
<arg>KZ</arg>
<arg>LA</arg>
<arg>LB</arg>
<arg>LC</arg>
<arg>LI</arg>
<arg>LK</arg>
<arg>LR</arg>
<arg>LS</arg>
<arg>LT</arg>
<arg>LU</arg>
<arg>LV</arg>
<arg>LY</arg>
<arg>MA</arg>
<arg>MC</arg>
<arg>MD</arg>
<arg>ME</arg>
<arg>MF</arg>
<arg>MG</arg>
<arg>MH</arg>
<arg>MK</arg>
<arg>ML</arg>
<arg>MM</arg>
<arg>MN</arg>
<arg>MO</arg>
<arg>MP</arg>
<arg>MQ</arg>
<arg>MR</arg>
<arg>MS</arg>
<arg>MT</arg>
<arg>MU</arg>
<arg>MV</arg>
<arg>MW</arg>
<arg>MX</arg>
<arg>MY</arg>
<arg>MZ</arg>
<arg>NA</arg>
<arg>NC</arg>
<arg>NE</arg>
<arg>NF</arg>
<arg>NG</arg>
<arg>NI</arg>
<arg>NL</arg>
<arg>NO</arg>
<arg>NP</arg>
<arg>NR</arg>
<arg>NU</arg>
<arg>NZ</arg>
<arg>OM</arg>
<arg>PA</arg>
<arg>PE</arg>
<arg>PF</arg>
<arg>PG</arg>
<arg>PH</arg>
<arg>PK</arg>
<arg>PL</arg>
<arg>PM</arg>
<arg>PN</arg>
<arg>PR</arg>
<arg>PS</arg>
<arg>PT</arg>
<arg>PW</arg>
<arg>PY</arg>
<arg>QA</arg>
<arg>RE</arg>
<arg>RO</arg>
<arg>RS</arg>
<arg>RU</arg>
<arg>RW</arg>
<arg>SA</arg>
<arg>SB</arg>
<arg>SC</arg>
<arg>SD</arg>
<arg>SE</arg>
<arg>SG</arg>
<arg>SH</arg>
<arg>SI</arg>
<arg>SJ</arg>
<arg>SK</arg>
<arg>SL</arg>
<arg>SM</arg>
<arg>SN</arg>
<arg>SO</arg>
<arg>SR</arg>
<arg>SS</arg>
<arg>ST</arg>
<arg>SV</arg>
<arg>SX</arg>
<arg>SY</arg>
<arg>SZ</arg>
<arg>TC</arg>
<arg>TD</arg>
<arg>TF</arg>
<arg>TG</arg>
<arg>TH</arg>
<arg>TJ</arg>
<arg>TK</arg>
<arg>TL</arg>
<arg>TM</arg>
<arg>TN</arg>
<arg>TO</arg>
<arg>TR</arg>
<arg>TT</arg>
<arg>TV</arg>
<arg>TW</arg>
<arg>TZ</arg>
<arg>UA</arg>
<arg>UG</arg>
<arg>UM</arg>
<arg>US</arg>
<arg>UY</arg>
<arg>UZ</arg>
<arg>VA</arg>
<arg>VC</arg>
<arg>VE</arg>
<arg>VG</arg>
<arg>VI</arg>
<arg>VN</arg>
<arg>VU</arg>
<arg>WF</arg>
<arg>WS</arg>
<arg>XK</arg>
<arg>YE</arg>
<arg>YT</arg>
<arg>ZA</arg>
<arg>ZM</arg>
<arg>ZW</arg>
<doc>Returns a list containing given items.</doc>
<status status="PASS" start="2024-04-28T16:15:44.039699" elapsed="0.000612"/>
</kw>
<kw name="List Should Contain Value" owner="Collections">
<msg time="2024-04-28T16:15:44.041333" level="INFO">False</msg>
<arg>${list_country}</arg>
<arg>${name_country}</arg>
<doc>Fails if the ``value`` is not found from ``list``.</doc>
<status status="PASS" start="2024-04-28T16:15:44.041135" elapsed="0.000235"/>
</kw>
<kw name="Run Keyword If" owner="BuiltIn">
<kw name="Should Be True" owner="BuiltIn">
<arg>${True}</arg>
<doc>Fails if the given condition is not true.</doc>
<status status="PASS" start="2024-04-28T16:15:44.042563" elapsed="0.000327"/>
</kw>
<arg>${json_data["results"][0]["location"]["coordinates"]["latitude"]} &gt;= -90 and ${json_data["results"][0]["location"]["coordinates"]["latitude"]} &lt;= 90</arg>
<arg>Should Be True</arg>
<arg>${True}</arg>
<doc>Runs the given keyword with the given arguments, if ``condition`` is true.</doc>
<status status="PASS" start="2024-04-28T16:15:44.041728" elapsed="0.001314"/>
</kw>
<kw name="Run Keyword If" owner="BuiltIn">
<kw name="Should Be True" owner="BuiltIn">
<arg>${True}</arg>
<doc>Fails if the given condition is not true.</doc>
<status status="PASS" start="2024-04-28T16:15:44.043982" elapsed="0.000140"/>
</kw>
<arg>${json_data["results"][0]["location"]["coordinates"]["longitude"]} &gt;= -180 and ${json_data["results"][0]["location"]["coordinates"]["longitude"]} &lt;= 180</arg>
<arg>Should Be True</arg>
<arg>${True}</arg>
<doc>Runs the given keyword with the given arguments, if ``condition`` is true.</doc>
<status status="PASS" start="2024-04-28T16:15:44.043248" elapsed="0.000996"/>
</kw>
<status status="PASS" start="2024-04-28T16:15:43.946584" elapsed="0.097789"/>
</kw>
<doc>Testa o conteúdo específico dos campos retornados pela API.</doc>
<tag>testeConteudo</tag>
<status status="PASS" start="2024-04-28T16:15:43.946047" elapsed="0.098473"/>
</test>
<status status="PASS" start="2024-04-28T16:15:43.243635" elapsed="0.802852"/>
</suite>
<status status="PASS" start="2024-04-28T16:15:43.230022" elapsed="0.821621"/>
</suite>
<statistics>
<total>
<stat pass="5" fail="0" skip="0">All Tests</stat>
</total>
<tag>
<stat pass="1" fail="0" skip="0">testeConteudo</stat>
<stat pass="1" fail="0" skip="0">testeEstruturaResposta</stat>
<stat pass="1" fail="0" skip="0">testeRequisicaoBasica</stat>
<stat pass="1" fail="0" skip="0">testeTiposDados</stat>
</tag>
<suite>
<stat pass="5" fail="0" skip="0" id="s1" name="Tests">Tests</stat>
<stat pass="5" fail="0" skip="0" id="s1-s1" name="Random-User-Test">Tests.Random-User-Test</stat>
</suite>
</statistics>
<errors>
</errors>
</robot>
