<?xml version="1.0" encoding="UTF-8"?>
<robot generator="Robot 7.0 (Python 3.12.3 on linux)" generated="2024-04-25T22:13:06.408359" rpa="false" schemaversion="5">
<suite id="s1" name="Tests" source="/home/runner/work/DesafioQAItauRogerioJordao/DesafioQAItauRogerioJordao/RamdonUser/tests">
<suite id="s1-s1" name="Random-User-Test" source="/home/runner/work/DesafioQAItauRogerioJordao/DesafioQAItauRogerioJordao/RamdonUser/tests/random-user-test.robot">
<test id="s1-s1-t1" name="Conectar" line="13">
<kw name="Conectar API" owner="random-user-service">
<kw name="Create Session" owner="RequestsLibrary">
<msg time="2024-04-25T22:13:06.795874" level="INFO">Creating Session using : alias=consultarAPI, url=https://randomuser.me/, headers={},                     cookies={}, auth=None, timeout=None, proxies=None, verify=False,                     debug=0 </msg>
<arg>consultarAPI</arg>
<arg>${URL}</arg>
<doc>Create Session: create a HTTP session to a server</doc>
<status status="PASS" start="2024-04-25T22:13:06.795665" elapsed="0.000404"/>
</kw>
<status status="PASS" start="2024-04-25T22:13:06.794625" elapsed="0.001815"/>
</kw>
<status status="PASS" start="2024-04-25T22:13:06.793947" elapsed="0.002687"/>
</test>
<test id="s1-s1-t2" name="Validar retorno 200 e JSON Válido" line="16">
<kw name="Teste de Requisicao Basica" owner="random-user-service">
<kw name="GET On Session" owner="RequestsLibrary">
<msg time="2024-04-25T22:13:07.019667" level="INFO">GET Request : url=https://randomuser.me/api 
 path_url=/api 
 headers={'User-Agent': 'python-requests/2.31.0', 'Accept-Encoding': 'gzip, deflate', 'Accept': '*/*', 'Connection': 'keep-alive'} 
 body=None 
 </msg>
<msg time="2024-04-25T22:13:07.019816" level="INFO">GET Response : url=https://randomuser.me/api 
 status=200, reason=OK 
 headers={'Date': 'Thu, 25 Apr 2024 22:13:07 GMT', 'Content-Type': 'application/json; charset=utf-8', 'Transfer-Encoding': 'chunked', 'Connection': 'keep-alive', 'X-Powered-By': 'Express', 'Access-Control-Allow-Origin': '*', 'Cache-Control': 'no-cache', 'ETag': 'W/"497-d8sQJuKpNoVZognX9hw9/u2eLjg"', 'Vary': 'Accept-Encoding', 'Content-Encoding': 'gzip', 'CF-Cache-Status': 'DYNAMIC', 'Report-To': '{"endpoints":[{"url":"https:\\/\\/a.nel.cloudflare.com\\/report\\/v4?s=9S0cM37RKDn5crg4V2zFOjUw0DxYQw2Sk%2FViNaVaas%2FprGQuHwrakraaxxQizTyFJtxRtjw46nIghJco%2F7p7uMeGuMsI2JzTF1kob2I3e3DIDKuLMvSCE9UbP18hR6fa"}],"group":"cf-nel","max_age":604800}', 'NEL': '{"success_fraction":0,"report_to":"cf-nel","max_age":604800}', 'Server': 'cloudflare', 'CF-RAY': '87a1adada95f251d-SJC', 'alt-svc': 'h3=":443"; ma=86400'} 
 body={"results":[{"gender":"male","name":{"title":"Mr","first":"آریا","last":"کامروا"},"location":{"street":{"number":5088,"name":"وحدت اسلامی"},"city":"قرچک","state":"مازندران","country":"Iran","postcode":40033,"coordinates":{"latitude":"15.1162","longitude":"-166.0249"},"timezone":{"offset":"-5:00","description":"Eastern Time (US &amp; Canada), Bogota, Lima"}},"email":"ary.khmrw@example.com","login":{"uuid":"2d38daa5-922e-4c45-896a-9e3892c3d2c6","username":"happymouse645","password":"mpegs","salt":"Kli6VrvG","md5":"d8b5ad8da188935602bf5f3631a4d769","sha1":"a00d73d27df1bd043be3e3627c777a3c3d8c7200","sha256":"2a97aa254a3588590bab30d7dff634f58d7f382f028db0883adbb3a933f7994d"},"dob":{"date":"1994-11-06T07:52:33.838Z","age":29},"registered":{"date":"2006-10-20T04:46:24.397Z","age":17},"phone":"061-71817442","cell":"0989-365-6336","id":{"name":"","value":null},"picture":{"large":"https://randomuser.me/api/portraits/men/53.jpg","medium":"https://randomuser.me/api/portraits/med/men/53.jpg","thumbnail":"https://randomuser.me/api/portraits/thumb/men/53.jpg"},"nat":"IR"}],"info":{"seed":"f58bd7bff80f23cc","results":1,"page":1,"version":"1.4"}} 
 </msg>
<msg time="2024-04-25T22:13:07.019903" level="INFO">/opt/hostedtoolcache/Python/3.12.3/x64/lib/python3.12/site-packages/urllib3/connectionpool.py:1103: InsecureRequestWarning: Unverified HTTPS request is being made to host 'randomuser.me'. Adding certificate verification is strongly advised. See: https://urllib3.readthedocs.io/en/latest/advanced-usage.html#tls-warnings
  warnings.warn(</msg>
<msg time="2024-04-25T22:13:07.020051" level="INFO">${response} = &lt;Response [200]&gt;</msg>
<var>${response}</var>
<arg>consultarAPI</arg>
<arg>/api</arg>
<doc>Sends a GET request on a previously created HTTP Session.</doc>
<status status="PASS" start="2024-04-25T22:13:06.799367" elapsed="0.220726"/>
</kw>
<kw name="Should Be Equal As Numbers" owner="BuiltIn">
<msg time="2024-04-25T22:13:07.021095" level="INFO">Argument types are:
&lt;class 'int'&gt;
&lt;class 'str'&gt;</msg>
<arg>${response.status_code}</arg>
<arg>200</arg>
<doc>Fails if objects are unequal after converting them to real numbers.</doc>
<status status="PASS" start="2024-04-25T22:13:07.020625" elapsed="0.000535"/>
</kw>
<kw name="Log" owner="BuiltIn">
<msg time="2024-04-25T22:13:07.021880" level="INFO">200</msg>
<arg>${response.status_code}</arg>
<doc>Logs the given message with the given level.</doc>
<status status="PASS" start="2024-04-25T22:13:07.021526" elapsed="0.000398"/>
</kw>
<kw name="Set Variable" owner="BuiltIn">
<msg time="2024-04-25T22:13:07.022692" level="INFO">${json_data} = {'results': [{'gender': 'male', 'name': {'title': 'Mr', 'first': 'آریا', 'last': 'کامروا'}, 'location': {'street': {'number': 5088, 'name': 'وحدت اسلامی'}, 'city': 'قرچک', 'state': 'مازندران', 'countr...</msg>
<var>${json_data}</var>
<arg>${response.json()}</arg>
<doc>Returns the given values which can then be assigned to a variables.</doc>
<status status="PASS" start="2024-04-25T22:13:07.022231" elapsed="0.000492"/>
</kw>
<kw name="Dictionary Should Contain Key" owner="Collections">
<msg time="2024-04-25T22:13:07.023237" level="INFO">False</msg>
<arg>${json_data}</arg>
<arg>results</arg>
<doc>Fails if ``key`` is not found from ``dictionary``.</doc>
<status status="PASS" start="2024-04-25T22:13:07.023063" elapsed="0.000221"/>
</kw>
<status status="PASS" start="2024-04-25T22:13:06.799123" elapsed="0.224430"/>
</kw>
<doc>Testa se a API responde corretamente e retorna um objeto JSON válido.</doc>
<tag>testeRequisicaoBasica</tag>
<status status="PASS" start="2024-04-25T22:13:06.798528" elapsed="0.225209"/>
</test>
<test id="s1-s1-t3" name="Validar estrutura de resposta" line="22">
<kw name="Teste de Estrutura de Resposta" owner="random-user-service">
<kw name="GET On Session" owner="RequestsLibrary">
<msg time="2024-04-25T22:13:07.121449" level="INFO">GET Request : url=https://randomuser.me/api 
 path_url=/api 
 headers={'User-Agent': 'python-requests/2.31.0', 'Accept-Encoding': 'gzip, deflate', 'Accept': '*/*', 'Connection': 'keep-alive'} 
 body=None 
 </msg>
<msg time="2024-04-25T22:13:07.121561" level="INFO">GET Response : url=https://randomuser.me/api 
 status=200, reason=OK 
 headers={'Date': 'Thu, 25 Apr 2024 22:13:07 GMT', 'Content-Type': 'application/json; charset=utf-8', 'Transfer-Encoding': 'chunked', 'Connection': 'keep-alive', 'X-Powered-By': 'Express', 'Access-Control-Allow-Origin': '*', 'Cache-Control': 'no-cache', 'ETag': 'W/"485-unH9MpFtMKgnfehuIIk5J9XtJrM"', 'Vary': 'Accept-Encoding', 'Content-Encoding': 'gzip', 'CF-Cache-Status': 'DYNAMIC', 'Report-To': '{"endpoints":[{"url":"https:\\/\\/a.nel.cloudflare.com\\/report\\/v4?s=3W%2FJHaz7IXnoj%2BLx%2BE4LLp%2FtGT%2Bjbphd%2BMzjMWeoTbTWEGJtO8MVEpNYUZ2%2FaADVM3Uhy8snbxnN0EUaEI6hLlzeSUX5P%2BF%2FBXO0NBrfvezxfy4309Z%2FQHik0F97nbzw"}],"group":"cf-nel","max_age":604800}', 'NEL': '{"success_fraction":0,"report_to":"cf-nel","max_age":604800}', 'Server': 'cloudflare', 'CF-RAY': '87a1adaeea55251d-SJC', 'alt-svc': 'h3=":443"; ma=86400'} 
 body={"results":[{"gender":"male","name":{"title":"Mr","first":"Archer","last":"Anderson"},"location":{"street":{"number":761,"name":"Clyde Street"},"city":"Greymouth","state":"Southland","country":"New Zealand","postcode":88761,"coordinates":{"latitude":"50.2072","longitude":"-75.2771"},"timezone":{"offset":"-3:00","description":"Brazil, Buenos Aires, Georgetown"}},"email":"archer.anderson@example.com","login":{"uuid":"105123ae-d51b-49b8-965d-82ea15bf9563","username":"greenswan605","password":"geng","salt":"ZtfULTGh","md5":"5df9565fc36cf6f037bb41c9a7a49d1f","sha1":"a6857b2442045dc4d1e36bf602c2d25840fbc940","sha256":"3c89129600e45b9da6f1d9275a8ff69a1091eadd800f4f037dc79db5167a2c44"},"dob":{"date":"1954-08-09T12:28:54.737Z","age":69},"registered":{"date":"2020-05-09T04:33:59.340Z","age":3},"phone":"(037)-963-4241","cell":"(803)-221-9116","id":{"name":"","value":null},"picture":{"large":"https://randomuser.me/api/portraits/men/67.jpg","medium":"https://randomuser.me/api/portraits/med/men/67.jpg","thumbnail":"https://randomuser.me/api/portraits/thumb/men/67.jpg"},"nat":"NZ"}],"info":{"seed":"ca4a3863d4cf07ac","results":1,"page":1,"version":"1.4"}} 
 </msg>
<msg time="2024-04-25T22:13:07.121699" level="INFO">/opt/hostedtoolcache/Python/3.12.3/x64/lib/python3.12/site-packages/urllib3/connectionpool.py:1103: InsecureRequestWarning: Unverified HTTPS request is being made to host 'randomuser.me'. Adding certificate verification is strongly advised. See: https://urllib3.readthedocs.io/en/latest/advanced-usage.html#tls-warnings
  warnings.warn(</msg>
<msg time="2024-04-25T22:13:07.121834" level="INFO">${response} = &lt;Response [200]&gt;</msg>
<var>${response}</var>
<arg>consultarAPI</arg>
<arg>/api</arg>
<doc>Sends a GET request on a previously created HTTP Session.</doc>
<status status="PASS" start="2024-04-25T22:13:07.026473" elapsed="0.095400"/>
</kw>
<kw name="Set Variable" owner="BuiltIn">
<msg time="2024-04-25T22:13:07.123109" level="INFO">${json_data} = {'results': [{'gender': 'male', 'name': {'title': 'Mr', 'first': 'Archer', 'last': 'Anderson'}, 'location': {'street': {'number': 761, 'name': 'Clyde Street'}, 'city': 'Greymouth', 'state': 'Southland...</msg>
<var>${json_data}</var>
<arg>${response.json()}</arg>
<doc>Returns the given values which can then be assigned to a variables.</doc>
<status status="PASS" start="2024-04-25T22:13:07.122496" elapsed="0.000642"/>
</kw>
<kw name="Log" owner="BuiltIn">
<msg time="2024-04-25T22:13:07.123624" level="INFO">{'results': [{'gender': 'male', 'name': {'title': 'Mr', 'first': 'Archer', 'last': 'Anderson'}, 'location': {'street': {'number': 761, 'name': 'Clyde Street'}, 'city': 'Greymouth', 'state': 'Southland', 'country': 'New Zealand', 'postcode': 88761, 'coordinates': {'latitude': '50.2072', 'longitude': '-75.2771'}, 'timezone': {'offset': '-3:00', 'description': 'Brazil, Buenos Aires, Georgetown'}}, 'email': 'archer.anderson@example.com', 'login': {'uuid': '105123ae-d51b-49b8-965d-82ea15bf9563', 'username': 'greenswan605', 'password': 'geng', 'salt': 'ZtfULTGh', 'md5': '5df9565fc36cf6f037bb41c9a7a49d1f', 'sha1': 'a6857b2442045dc4d1e36bf602c2d25840fbc940', 'sha256': '3c89129600e45b9da6f1d9275a8ff69a1091eadd800f4f037dc79db5167a2c44'}, 'dob': {'date': '1954-08-09T12:28:54.737Z', 'age': 69}, 'registered': {'date': '2020-05-09T04:33:59.340Z', 'age': 3}, 'phone': '(037)-963-4241', 'cell': '(803)-221-9116', 'id': {'name': '', 'value': None}, 'picture': {'large': 'https://randomuser.me/api/portraits/men/67.jpg', 'medium': 'https://randomuser.me/api/portraits/med/men/67.jpg', 'thumbnail': 'https://randomuser.me/api/portraits/thumb/men/67.jpg'}, 'nat': 'NZ'}], 'info': {'seed': 'ca4a3863d4cf07ac', 'results': 1, 'page': 1, 'version': '1.4'}}</msg>
<arg>${json_data}</arg>
<doc>Logs the given message with the given level.</doc>
<status status="PASS" start="2024-04-25T22:13:07.123451" elapsed="0.000221"/>
</kw>
<kw name="Dictionary Should Contain Key" owner="Collections">
<msg time="2024-04-25T22:13:07.124135" level="INFO">False</msg>
<arg>${json_data}</arg>
<arg>results</arg>
<doc>Fails if ``key`` is not found from ``dictionary``.</doc>
<status status="PASS" start="2024-04-25T22:13:07.123969" elapsed="0.000204"/>
</kw>
<kw name="Should Not Be Empty" owner="BuiltIn">
<msg time="2024-04-25T22:13:07.124599" level="INFO">Length is 2.</msg>
<arg>${json_data}</arg>
<doc>Verifies that the given item is not empty.</doc>
<status status="PASS" start="2024-04-25T22:13:07.124466" elapsed="0.000173"/>
</kw>
<kw name="Create List" owner="BuiltIn">
<msg time="2024-04-25T22:13:07.125239" level="INFO">${expected_keys} = ['gender', 'name', 'location', 'email', 'login']</msg>
<var>${expected_keys}</var>
<arg>gender</arg>
<arg>name</arg>
<arg>location</arg>
<arg>email</arg>
<arg>login</arg>
<doc>Returns a list containing given items.</doc>
<status status="PASS" start="2024-04-25T22:13:07.124934" elapsed="0.000330"/>
</kw>
<for flavor="IN">
<iter>
<kw name="Dictionary Should Contain Key" owner="Collections">
<msg time="2024-04-25T22:13:07.126268" level="INFO">False</msg>
<arg>${json_data['results'][0]}</arg>
<arg>${key}</arg>
<doc>Fails if ``key`` is not found from ``dictionary``.</doc>
<status status="PASS" start="2024-04-25T22:13:07.125862" elapsed="0.000444"/>
</kw>
<kw name="Log" owner="BuiltIn">
<msg time="2024-04-25T22:13:07.127006" level="INFO">{'gender': 'male', 'name': {'title': 'Mr', 'first': 'Archer', 'last': 'Anderson'}, 'location': {'street': {'number': 761, 'name': 'Clyde Street'}, 'city': 'Greymouth', 'state': 'Southland', 'country': 'New Zealand', 'postcode': 88761, 'coordinates': {'latitude': '50.2072', 'longitude': '-75.2771'}, 'timezone': {'offset': '-3:00', 'description': 'Brazil, Buenos Aires, Georgetown'}}, 'email': 'archer.anderson@example.com', 'login': {'uuid': '105123ae-d51b-49b8-965d-82ea15bf9563', 'username': 'greenswan605', 'password': 'geng', 'salt': 'ZtfULTGh', 'md5': '5df9565fc36cf6f037bb41c9a7a49d1f', 'sha1': 'a6857b2442045dc4d1e36bf602c2d25840fbc940', 'sha256': '3c89129600e45b9da6f1d9275a8ff69a1091eadd800f4f037dc79db5167a2c44'}, 'dob': {'date': '1954-08-09T12:28:54.737Z', 'age': 69}, 'registered': {'date': '2020-05-09T04:33:59.340Z', 'age': 3}, 'phone': '(037)-963-4241', 'cell': '(803)-221-9116', 'id': {'name': '', 'value': None}, 'picture': {'large': 'https://randomuser.me/api/portraits/men/67.jpg', 'medium': 'https://randomuser.me/api/portraits/med/men/67.jpg', 'thumbnail': 'https://randomuser.me/api/portraits/thumb/men/67.jpg'}, 'nat': 'NZ'}</msg>
<arg>${json_data['results'][0]}</arg>
<doc>Logs the given message with the given level.</doc>
<status status="PASS" start="2024-04-25T22:13:07.126612" elapsed="0.000443"/>
</kw>
<kw name="Log" owner="BuiltIn">
<msg time="2024-04-25T22:13:07.127484" level="INFO">gender</msg>
<arg>${key}</arg>
<doc>Logs the given message with the given level.</doc>
<status status="PASS" start="2024-04-25T22:13:07.127355" elapsed="0.000166"/>
</kw>
<var name="${key}">gender</var>
<status status="PASS" start="2024-04-25T22:13:07.125737" elapsed="0.002000"/>
</iter>
<iter>
<kw name="Dictionary Should Contain Key" owner="Collections">
<msg time="2024-04-25T22:13:07.128429" level="INFO">False</msg>
<arg>${json_data['results'][0]}</arg>
<arg>${key}</arg>
<doc>Fails if ``key`` is not found from ``dictionary``.</doc>
<status status="PASS" start="2024-04-25T22:13:07.128038" elapsed="0.000428"/>
</kw>
<kw name="Log" owner="BuiltIn">
<msg time="2024-04-25T22:13:07.129312" level="INFO">{'gender': 'male', 'name': {'title': 'Mr', 'first': 'Archer', 'last': 'Anderson'}, 'location': {'street': {'number': 761, 'name': 'Clyde Street'}, 'city': 'Greymouth', 'state': 'Southland', 'country': 'New Zealand', 'postcode': 88761, 'coordinates': {'latitude': '50.2072', 'longitude': '-75.2771'}, 'timezone': {'offset': '-3:00', 'description': 'Brazil, Buenos Aires, Georgetown'}}, 'email': 'archer.anderson@example.com', 'login': {'uuid': '105123ae-d51b-49b8-965d-82ea15bf9563', 'username': 'greenswan605', 'password': 'geng', 'salt': 'ZtfULTGh', 'md5': '5df9565fc36cf6f037bb41c9a7a49d1f', 'sha1': 'a6857b2442045dc4d1e36bf602c2d25840fbc940', 'sha256': '3c89129600e45b9da6f1d9275a8ff69a1091eadd800f4f037dc79db5167a2c44'}, 'dob': {'date': '1954-08-09T12:28:54.737Z', 'age': 69}, 'registered': {'date': '2020-05-09T04:33:59.340Z', 'age': 3}, 'phone': '(037)-963-4241', 'cell': '(803)-221-9116', 'id': {'name': '', 'value': None}, 'picture': {'large': 'https://randomuser.me/api/portraits/men/67.jpg', 'medium': 'https://randomuser.me/api/portraits/med/men/67.jpg', 'thumbnail': 'https://randomuser.me/api/portraits/thumb/men/67.jpg'}, 'nat': 'NZ'}</msg>
<arg>${json_data['results'][0]}</arg>
<doc>Logs the given message with the given level.</doc>
<status status="PASS" start="2024-04-25T22:13:07.128794" elapsed="0.000597"/>
</kw>
<kw name="Log" owner="BuiltIn">
<msg time="2024-04-25T22:13:07.129896" level="INFO">name</msg>
<arg>${key}</arg>
<doc>Logs the given message with the given level.</doc>
<status status="PASS" start="2024-04-25T22:13:07.129767" elapsed="0.000174"/>
</kw>
<var name="${key}">name</var>
<status status="PASS" start="2024-04-25T22:13:07.127925" elapsed="0.002234"/>
</iter>
<iter>
<kw name="Dictionary Should Contain Key" owner="Collections">
<msg time="2024-04-25T22:13:07.130845" level="INFO">False</msg>
<arg>${json_data['results'][0]}</arg>
<arg>${key}</arg>
<doc>Fails if ``key`` is not found from ``dictionary``.</doc>
<status status="PASS" start="2024-04-25T22:13:07.130451" elapsed="0.000464"/>
</kw>
<kw name="Log" owner="BuiltIn">
<msg time="2024-04-25T22:13:07.131588" level="INFO">{'gender': 'male', 'name': {'title': 'Mr', 'first': 'Archer', 'last': 'Anderson'}, 'location': {'street': {'number': 761, 'name': 'Clyde Street'}, 'city': 'Greymouth', 'state': 'Southland', 'country': 'New Zealand', 'postcode': 88761, 'coordinates': {'latitude': '50.2072', 'longitude': '-75.2771'}, 'timezone': {'offset': '-3:00', 'description': 'Brazil, Buenos Aires, Georgetown'}}, 'email': 'archer.anderson@example.com', 'login': {'uuid': '105123ae-d51b-49b8-965d-82ea15bf9563', 'username': 'greenswan605', 'password': 'geng', 'salt': 'ZtfULTGh', 'md5': '5df9565fc36cf6f037bb41c9a7a49d1f', 'sha1': 'a6857b2442045dc4d1e36bf602c2d25840fbc940', 'sha256': '3c89129600e45b9da6f1d9275a8ff69a1091eadd800f4f037dc79db5167a2c44'}, 'dob': {'date': '1954-08-09T12:28:54.737Z', 'age': 69}, 'registered': {'date': '2020-05-09T04:33:59.340Z', 'age': 3}, 'phone': '(037)-963-4241', 'cell': '(803)-221-9116', 'id': {'name': '', 'value': None}, 'picture': {'large': 'https://randomuser.me/api/portraits/men/67.jpg', 'medium': 'https://randomuser.me/api/portraits/med/men/67.jpg', 'thumbnail': 'https://randomuser.me/api/portraits/thumb/men/67.jpg'}, 'nat': 'NZ'}</msg>
<arg>${json_data['results'][0]}</arg>
<doc>Logs the given message with the given level.</doc>
<status status="PASS" start="2024-04-25T22:13:07.131224" elapsed="0.000414"/>
</kw>
<kw name="Log" owner="BuiltIn">
<msg time="2024-04-25T22:13:07.132059" level="INFO">location</msg>
<arg>${key}</arg>
<doc>Logs the given message with the given level.</doc>
<status status="PASS" start="2024-04-25T22:13:07.131934" elapsed="0.000164"/>
</kw>
<var name="${key}">location</var>
<status status="PASS" start="2024-04-25T22:13:07.130339" elapsed="0.001976"/>
</iter>
<iter>
<kw name="Dictionary Should Contain Key" owner="Collections">
<msg time="2024-04-25T22:13:07.132986" level="INFO">False</msg>
<arg>${json_data['results'][0]}</arg>
<arg>${key}</arg>
<doc>Fails if ``key`` is not found from ``dictionary``.</doc>
<status status="PASS" start="2024-04-25T22:13:07.132603" elapsed="0.000421"/>
</kw>
<kw name="Log" owner="BuiltIn">
<msg time="2024-04-25T22:13:07.133678" level="INFO">{'gender': 'male', 'name': {'title': 'Mr', 'first': 'Archer', 'last': 'Anderson'}, 'location': {'street': {'number': 761, 'name': 'Clyde Street'}, 'city': 'Greymouth', 'state': 'Southland', 'country': 'New Zealand', 'postcode': 88761, 'coordinates': {'latitude': '50.2072', 'longitude': '-75.2771'}, 'timezone': {'offset': '-3:00', 'description': 'Brazil, Buenos Aires, Georgetown'}}, 'email': 'archer.anderson@example.com', 'login': {'uuid': '105123ae-d51b-49b8-965d-82ea15bf9563', 'username': 'greenswan605', 'password': 'geng', 'salt': 'ZtfULTGh', 'md5': '5df9565fc36cf6f037bb41c9a7a49d1f', 'sha1': 'a6857b2442045dc4d1e36bf602c2d25840fbc940', 'sha256': '3c89129600e45b9da6f1d9275a8ff69a1091eadd800f4f037dc79db5167a2c44'}, 'dob': {'date': '1954-08-09T12:28:54.737Z', 'age': 69}, 'registered': {'date': '2020-05-09T04:33:59.340Z', 'age': 3}, 'phone': '(037)-963-4241', 'cell': '(803)-221-9116', 'id': {'name': '', 'value': None}, 'picture': {'large': 'https://randomuser.me/api/portraits/men/67.jpg', 'medium': 'https://randomuser.me/api/portraits/med/men/67.jpg', 'thumbnail': 'https://randomuser.me/api/portraits/thumb/men/67.jpg'}, 'nat': 'NZ'}</msg>
<arg>${json_data['results'][0]}</arg>
<doc>Logs the given message with the given level.</doc>
<status status="PASS" start="2024-04-25T22:13:07.133317" elapsed="0.000408"/>
</kw>
<kw name="Log" owner="BuiltIn">
<msg time="2024-04-25T22:13:07.134142" level="INFO">email</msg>
<arg>${key}</arg>
<doc>Logs the given message with the given level.</doc>
<status status="PASS" start="2024-04-25T22:13:07.134018" elapsed="0.000162"/>
</kw>
<var name="${key}">email</var>
<status status="PASS" start="2024-04-25T22:13:07.132492" elapsed="0.001898"/>
</iter>
<iter>
<kw name="Dictionary Should Contain Key" owner="Collections">
<msg time="2024-04-25T22:13:07.135078" level="INFO">False</msg>
<arg>${json_data['results'][0]}</arg>
<arg>${key}</arg>
<doc>Fails if ``key`` is not found from ``dictionary``.</doc>
<status status="PASS" start="2024-04-25T22:13:07.134671" elapsed="0.000445"/>
</kw>
<kw name="Log" owner="BuiltIn">
<msg time="2024-04-25T22:13:07.135782" level="INFO">{'gender': 'male', 'name': {'title': 'Mr', 'first': 'Archer', 'last': 'Anderson'}, 'location': {'street': {'number': 761, 'name': 'Clyde Street'}, 'city': 'Greymouth', 'state': 'Southland', 'country': 'New Zealand', 'postcode': 88761, 'coordinates': {'latitude': '50.2072', 'longitude': '-75.2771'}, 'timezone': {'offset': '-3:00', 'description': 'Brazil, Buenos Aires, Georgetown'}}, 'email': 'archer.anderson@example.com', 'login': {'uuid': '105123ae-d51b-49b8-965d-82ea15bf9563', 'username': 'greenswan605', 'password': 'geng', 'salt': 'ZtfULTGh', 'md5': '5df9565fc36cf6f037bb41c9a7a49d1f', 'sha1': 'a6857b2442045dc4d1e36bf602c2d25840fbc940', 'sha256': '3c89129600e45b9da6f1d9275a8ff69a1091eadd800f4f037dc79db5167a2c44'}, 'dob': {'date': '1954-08-09T12:28:54.737Z', 'age': 69}, 'registered': {'date': '2020-05-09T04:33:59.340Z', 'age': 3}, 'phone': '(037)-963-4241', 'cell': '(803)-221-9116', 'id': {'name': '', 'value': None}, 'picture': {'large': 'https://randomuser.me/api/portraits/men/67.jpg', 'medium': 'https://randomuser.me/api/portraits/med/men/67.jpg', 'thumbnail': 'https://randomuser.me/api/portraits/thumb/men/67.jpg'}, 'nat': 'NZ'}</msg>
<arg>${json_data['results'][0]}</arg>
<doc>Logs the given message with the given level.</doc>
<status status="PASS" start="2024-04-25T22:13:07.135417" elapsed="0.000415"/>
</kw>
<kw name="Log" owner="BuiltIn">
<msg time="2024-04-25T22:13:07.136254" level="INFO">login</msg>
<arg>${key}</arg>
<doc>Logs the given message with the given level.</doc>
<status status="PASS" start="2024-04-25T22:13:07.136126" elapsed="0.000167"/>
</kw>
<var name="${key}">login</var>
<status status="PASS" start="2024-04-25T22:13:07.134562" elapsed="0.001944"/>
</iter>
<var>${key}</var>
<value>@{expected_keys}</value>
<status status="PASS" start="2024-04-25T22:13:07.125533" elapsed="0.011126"/>
</for>
<kw name="Create List" owner="BuiltIn">
<msg time="2024-04-25T22:13:07.136993" level="INFO">${expected_keysTwo} = ['username', 'password']</msg>
<var>${expected_keysTwo}</var>
<arg>username</arg>
<arg>password</arg>
<doc>Returns a list containing given items.</doc>
<status status="PASS" start="2024-04-25T22:13:07.136857" elapsed="0.000160"/>
</kw>
<for flavor="IN">
<iter>
<kw name="Dictionary Should Contain Key" owner="Collections">
<msg time="2024-04-25T22:13:07.137901" level="INFO">False</msg>
<arg>${json_data['results'][0]['login']}</arg>
<arg>${keyTwo}</arg>
<doc>Fails if ``key`` is not found from ``dictionary``.</doc>
<status status="PASS" start="2024-04-25T22:13:07.137519" elapsed="0.000420"/>
</kw>
<kw name="Dictionary Should Contain Key" owner="Collections">
<msg time="2024-04-25T22:13:07.138618" level="INFO">False</msg>
<arg>${json_data['results'][0]['login']}</arg>
<arg>${keyTwo}</arg>
<doc>Fails if ``key`` is not found from ``dictionary``.</doc>
<status status="PASS" start="2024-04-25T22:13:07.138232" elapsed="0.000424"/>
</kw>
<kw name="Log" owner="BuiltIn">
<msg time="2024-04-25T22:13:07.139105" level="INFO">username</msg>
<arg>${keyTwo}</arg>
<doc>Logs the given message with the given level.</doc>
<status status="PASS" start="2024-04-25T22:13:07.138974" elapsed="0.000170"/>
</kw>
<var name="${keyTwo}">username</var>
<status status="PASS" start="2024-04-25T22:13:07.137411" elapsed="0.001950"/>
</iter>
<iter>
<kw name="Dictionary Should Contain Key" owner="Collections">
<msg time="2024-04-25T22:13:07.140037" level="INFO">False</msg>
<arg>${json_data['results'][0]['login']}</arg>
<arg>${keyTwo}</arg>
<doc>Fails if ``key`` is not found from ``dictionary``.</doc>
<status status="PASS" start="2024-04-25T22:13:07.139642" elapsed="0.000438"/>
</kw>
<kw name="Dictionary Should Contain Key" owner="Collections">
<msg time="2024-04-25T22:13:07.140834" level="INFO">False</msg>
<arg>${json_data['results'][0]['login']}</arg>
<arg>${keyTwo}</arg>
<doc>Fails if ``key`` is not found from ``dictionary``.</doc>
<status status="PASS" start="2024-04-25T22:13:07.140373" elapsed="0.000501"/>
</kw>
<kw name="Log" owner="BuiltIn">
<msg time="2024-04-25T22:13:07.141300" level="INFO">password</msg>
<arg>${keyTwo}</arg>
<doc>Logs the given message with the given level.</doc>
<status status="PASS" start="2024-04-25T22:13:07.141171" elapsed="0.000166"/>
</kw>
<var name="${keyTwo}">password</var>
<status status="PASS" start="2024-04-25T22:13:07.139533" elapsed="0.002024"/>
</iter>
<var>${keyTwo}</var>
<value>@{expected_keysTwo}</value>
<status status="PASS" start="2024-04-25T22:13:07.137250" elapsed="0.004429"/>
</for>
<status status="PASS" start="2024-04-25T22:13:07.026229" elapsed="0.115595"/>
</kw>
<doc>Testa a estrutura da resposta da API.</doc>
<tag>testeEstruturaResposta</tag>
<status status="PASS" start="2024-04-25T22:13:07.025623" elapsed="0.116361"/>
</test>
<test id="s1-s1-t4" name="Validar tipos de dados" line="28">
<kw name="Teste de Tipos de Dados" owner="random-user-service">
<kw name="GET On Session" owner="RequestsLibrary">
<msg time="2024-04-25T22:13:07.303113" level="INFO">GET Request : url=https://randomuser.me/api 
 path_url=/api 
 headers={'User-Agent': 'python-requests/2.31.0', 'Accept-Encoding': 'gzip, deflate', 'Accept': '*/*', 'Connection': 'keep-alive'} 
 body=None 
 </msg>
<msg time="2024-04-25T22:13:07.303207" level="INFO">GET Response : url=https://randomuser.me/api 
 status=200, reason=OK 
 headers={'Date': 'Thu, 25 Apr 2024 22:13:07 GMT', 'Content-Type': 'application/json; charset=utf-8', 'Transfer-Encoding': 'chunked', 'Connection': 'keep-alive', 'X-Powered-By': 'Express', 'Access-Control-Allow-Origin': '*', 'Cache-Control': 'no-cache', 'ETag': 'W/"4a8-r9zAh++VTisGTheNmbXniSK3UrA"', 'Vary': 'Accept-Encoding', 'Content-Encoding': 'gzip', 'CF-Cache-Status': 'DYNAMIC', 'Report-To': '{"endpoints":[{"url":"https:\\/\\/a.nel.cloudflare.com\\/report\\/v4?s=ST60iCO1TNNfcpqbzSmDZCP0%2FKl%2Fw3ir0HELJ02R%2F0ej00jvxwBbVbLJ3jU5fsd%2BpxDa2GSnfPpPfJtnzU%2BvLjdVd8p0vDwP2T0D42NhfNaXSy3tzCoMj1%2B9zkiPGAqs"}],"group":"cf-nel","max_age":604800}', 'NEL': '{"success_fraction":0,"report_to":"cf-nel","max_age":604800}', 'Server': 'cloudflare', 'CF-RAY': '87a1adafaaf7251d-SJC', 'alt-svc': 'h3=":443"; ma=86400'} 
 body={"results":[{"gender":"female","name":{"title":"Ms","first":"Inass","last":"Van Schoonhoven"},"location":{"street":{"number":2247,"name":"Doctor Hekmanstraat"},"city":"Een-West","state":"Noord-Brabant","country":"Netherlands","postcode":"7275 GG","coordinates":{"latitude":"35.9896","longitude":"175.2386"},"timezone":{"offset":"+2:00","description":"Kaliningrad, South Africa"}},"email":"inass.vanschoonhoven@example.com","login":{"uuid":"6ee83638-4ab7-40c5-b1b7-23732911be1b","username":"lazydog291","password":"player","salt":"OUEdVwmh","md5":"d8f79bd092ed831e606f269adad01003","sha1":"99dfb476da174f620c136912de28a46ac5b75860","sha256":"0ef9ed58f5b5216873e76960e66e4de21fc9692f9144b8644e6a6ff40572f41d"},"dob":{"date":"1972-09-01T07:29:07.165Z","age":51},"registered":{"date":"2007-04-01T06:54:22.806Z","age":17},"phone":"(050) 0780728","cell":"(06) 47440468","id":{"name":"BSN","value":"68715627"},"picture":{"large":"https://randomuser.me/api/portraits/women/16.jpg","medium":"https://randomuser.me/api/portraits/med/women/16.jpg","thumbnail":"https://randomuser.me/api/portraits/thumb/women/16.jpg"},"nat":"NL"}],"info":{"seed":"a90404b1019ddd8f","results":1,"page":1,"version":"1.4"}} 
 </msg>
<msg time="2024-04-25T22:13:07.303279" level="INFO">/opt/hostedtoolcache/Python/3.12.3/x64/lib/python3.12/site-packages/urllib3/connectionpool.py:1103: InsecureRequestWarning: Unverified HTTPS request is being made to host 'randomuser.me'. Adding certificate verification is strongly advised. See: https://urllib3.readthedocs.io/en/latest/advanced-usage.html#tls-warnings
  warnings.warn(</msg>
<msg time="2024-04-25T22:13:07.303400" level="INFO">${response} = &lt;Response [200]&gt;</msg>
<var>${response}</var>
<arg>consultarAPI</arg>
<arg>/api</arg>
<doc>Sends a GET request on a previously created HTTP Session.</doc>
<status status="PASS" start="2024-04-25T22:13:07.144640" elapsed="0.158799"/>
</kw>
<kw name="Set Variable" owner="BuiltIn">
<msg time="2024-04-25T22:13:07.304622" level="INFO">${json_data} = {'results': [{'gender': 'female', 'name': {'title': 'Ms', 'first': 'Inass', 'last': 'Van Schoonhoven'}, 'location': {'street': {'number': 2247, 'name': 'Doctor Hekmanstraat'}, 'city': 'Een-West', 'sta...</msg>
<var>${json_data}</var>
<arg>${response.json()}</arg>
<doc>Returns the given values which can then be assigned to a variables.</doc>
<status status="PASS" start="2024-04-25T22:13:07.304066" elapsed="0.000584"/>
</kw>
<kw name="Log" owner="BuiltIn">
<msg time="2024-04-25T22:13:07.305121" level="INFO">{'results': [{'gender': 'female', 'name': {'title': 'Ms', 'first': 'Inass', 'last': 'Van Schoonhoven'}, 'location': {'street': {'number': 2247, 'name': 'Doctor Hekmanstraat'}, 'city': 'Een-West', 'state': 'Noord-Brabant', 'country': 'Netherlands', 'postcode': '7275 GG', 'coordinates': {'latitude': '35.9896', 'longitude': '175.2386'}, 'timezone': {'offset': '+2:00', 'description': 'Kaliningrad, South Africa'}}, 'email': 'inass.vanschoonhoven@example.com', 'login': {'uuid': '6ee83638-4ab7-40c5-b1b7-23732911be1b', 'username': 'lazydog291', 'password': 'player', 'salt': 'OUEdVwmh', 'md5': 'd8f79bd092ed831e606f269adad01003', 'sha1': '99dfb476da174f620c136912de28a46ac5b75860', 'sha256': '0ef9ed58f5b5216873e76960e66e4de21fc9692f9144b8644e6a6ff40572f41d'}, 'dob': {'date': '1972-09-01T07:29:07.165Z', 'age': 51}, 'registered': {'date': '2007-04-01T06:54:22.806Z', 'age': 17}, 'phone': '(050) 0780728', 'cell': '(06) 47440468', 'id': {'name': 'BSN', 'value': '68715627'}, 'picture': {'large': 'https://randomuser.me/api/portraits/women/16.jpg', 'medium': 'https://randomuser.me/api/portraits/med/women/16.jpg', 'thumbnail': 'https://randomuser.me/api/portraits/thumb/women/16.jpg'}, 'nat': 'NL'}], 'info': {'seed': 'a90404b1019ddd8f', 'results': 1, 'page': 1, 'version': '1.4'}}</msg>
<arg>${json_data}</arg>
<doc>Logs the given message with the given level.</doc>
<status status="PASS" start="2024-04-25T22:13:07.304963" elapsed="0.000243"/>
</kw>
<kw name="Should Be String" owner="String">
<arg>${json_data['results'][0]['gender']}</arg>
<doc>Fails if the given ``item`` is not a string.</doc>
<status status="PASS" start="2024-04-25T22:13:07.305504" elapsed="0.000364"/>
</kw>
<kw name="Should Match Regexp" owner="BuiltIn">
<arg>${json_data['results'][0]['email']}</arg>
<arg>^[a-zA-Z0-9._%+-]+@[a-zA-Z0-9.-]+\.[a-zA-Z]{2,}$</arg>
<doc>Fails if ``string`` does not match ``pattern`` as a regular expression.</doc>
<status status="PASS" start="2024-04-25T22:13:07.306057" elapsed="0.000500"/>
</kw>
<kw name="Should Match Regexp" owner="BuiltIn">
<arg>${json_data['results'][0]['dob']['date']}</arg>
<arg>\\d{4}-\\d{2}-\\d{2}T\\d{2}:\\d{2}:\\d{2}\\.\\d{3}Z</arg>
<doc>Fails if ``string`` does not match ``pattern`` as a regular expression.</doc>
<status status="PASS" start="2024-04-25T22:13:07.306747" elapsed="0.000526"/>
</kw>
<kw name="Should Match Regexp" owner="BuiltIn">
<arg>${json_data['results'][0]['registered']['date']}</arg>
<arg>\\d{4}-\\d{2}-\\d{2}T\\d{2}:\\d{2}:\\d{2}\\.\\d{3}Z</arg>
<doc>Fails if ``string`` does not match ``pattern`` as a regular expression.</doc>
<status status="PASS" start="2024-04-25T22:13:07.307464" elapsed="0.000363"/>
</kw>
<kw name="Should Match Regexp" owner="BuiltIn">
<arg>${json_data['results'][0]['picture']['large']}</arg>
<arg>^https?://.*\.(?:png|jpe?g|gif|bmp)$</arg>
<doc>Fails if ``string`` does not match ``pattern`` as a regular expression.</doc>
<status status="PASS" start="2024-04-25T22:13:07.308012" elapsed="0.000454"/>
</kw>
<kw name="Should Match Regexp" owner="BuiltIn">
<arg>${json_data['results'][0]['picture']['medium']}</arg>
<arg>^https?://.*\.(?:png|jpe?g|gif|bmp)$</arg>
<doc>Fails if ``string`` does not match ``pattern`` as a regular expression.</doc>
<status status="PASS" start="2024-04-25T22:13:07.308655" elapsed="0.000353"/>
</kw>
<kw name="Should Match Regexp" owner="BuiltIn">
<arg>${json_data['results'][0]['picture']['thumbnail']}</arg>
<arg>^https?://.*\.(?:png|jpe?g|gif|bmp)$</arg>
<doc>Fails if ``string`` does not match ``pattern`` as a regular expression.</doc>
<status status="PASS" start="2024-04-25T22:13:07.309190" elapsed="0.000354"/>
</kw>
<kw name="Log" owner="BuiltIn">
<msg time="2024-04-25T22:13:07.310045" level="INFO">{'large': 'https://randomuser.me/api/portraits/women/16.jpg', 'medium': 'https://randomuser.me/api/portraits/med/women/16.jpg', 'thumbnail': 'https://randomuser.me/api/portraits/thumb/women/16.jpg'}</msg>
<arg>${json_data['results'][0]['picture']}</arg>
<doc>Logs the given message with the given level.</doc>
<status status="PASS" start="2024-04-25T22:13:07.309728" elapsed="0.000357"/>
</kw>
<status status="PASS" start="2024-04-25T22:13:07.144407" elapsed="0.165934"/>
</kw>
<kw name="Teste de Tipos de Dados - Postcode" owner="random-user-service">
<kw name="GET On Session" owner="RequestsLibrary">
<msg time="2024-04-25T22:13:07.430512" level="INFO">GET Request : url=https://randomuser.me/api 
 path_url=/api 
 headers={'User-Agent': 'python-requests/2.31.0', 'Accept-Encoding': 'gzip, deflate', 'Accept': '*/*', 'Connection': 'keep-alive'} 
 body=None 
 </msg>
<msg time="2024-04-25T22:13:07.430619" level="INFO">GET Response : url=https://randomuser.me/api 
 status=200, reason=OK 
 headers={'Date': 'Thu, 25 Apr 2024 22:13:07 GMT', 'Content-Type': 'application/json; charset=utf-8', 'Transfer-Encoding': 'chunked', 'Connection': 'keep-alive', 'X-Powered-By': 'Express', 'Access-Control-Allow-Origin': '*', 'Cache-Control': 'no-cache', 'ETag': 'W/"491-LKC5Fdvmg8CiYvuFqwAgBdCfqvQ"', 'Vary': 'Accept-Encoding', 'Content-Encoding': 'gzip', 'CF-Cache-Status': 'DYNAMIC', 'Report-To': '{"endpoints":[{"url":"https:\\/\\/a.nel.cloudflare.com\\/report\\/v4?s=6Py8eGVeuGOO5Z2pKIhOS4L8j7wkhkVwOQxRUK0oHSjYYWVrb3beNpAkRPkiZNaL4cHDc0sujJ%2FIrxa9PbaqxkKs8a5bzysDwS8ucJt%2F457IC8EKVqknFEqm0p%2Btgb4h"}],"group":"cf-nel","max_age":604800}', 'NEL': '{"success_fraction":0,"report_to":"cf-nel","max_age":604800}', 'Server': 'cloudflare', 'CF-RAY': '87a1adb0bbfb251d-SJC', 'alt-svc': 'h3=":443"; ma=86400'} 
 body={"results":[{"gender":"male","name":{"title":"Mr","first":"Cristóbal","last":"Mora"},"location":{"street":{"number":8186,"name":"Calle de Alcalá"},"city":"Logroño","state":"Galicia","country":"Spain","postcode":82744,"coordinates":{"latitude":"-31.2071","longitude":"-93.3717"},"timezone":{"offset":"-5:00","description":"Eastern Time (US &amp; Canada), Bogota, Lima"}},"email":"cristobal.mora@example.com","login":{"uuid":"394d47ac-67d0-461a-b4bd-9e660f74d8a5","username":"silversnake610","password":"dank","salt":"xC1azhPR","md5":"1f798e6818d4c1c291e49136fbce8031","sha1":"d44965d974a94f72afb10ed8868ad297b8da604d","sha256":"a233ed6f856cccf8b5664b605122c598b33cd9e310969df09bcb38959428c8ef"},"dob":{"date":"1996-09-23T12:20:22.165Z","age":27},"registered":{"date":"2010-02-25T03:19:49.366Z","age":14},"phone":"909-428-563","cell":"684-668-492","id":{"name":"DNI","value":"59484342-H"},"picture":{"large":"https://randomuser.me/api/portraits/men/40.jpg","medium":"https://randomuser.me/api/portraits/med/men/40.jpg","thumbnail":"https://randomuser.me/api/portraits/thumb/men/40.jpg"},"nat":"ES"}],"info":{"seed":"82734aef336c3b5a","results":1,"page":1,"version":"1.4"}} 
 </msg>
<msg time="2024-04-25T22:13:07.430703" level="INFO">/opt/hostedtoolcache/Python/3.12.3/x64/lib/python3.12/site-packages/urllib3/connectionpool.py:1103: InsecureRequestWarning: Unverified HTTPS request is being made to host 'randomuser.me'. Adding certificate verification is strongly advised. See: https://urllib3.readthedocs.io/en/latest/advanced-usage.html#tls-warnings
  warnings.warn(</msg>
<msg time="2024-04-25T22:13:07.430881" level="INFO">${response} = &lt;Response [200]&gt;</msg>
<var>${response}</var>
<arg>consultarAPI</arg>
<arg>/api</arg>
<doc>Sends a GET request on a previously created HTTP Session.</doc>
<status status="PASS" start="2024-04-25T22:13:07.310811" elapsed="0.120120"/>
</kw>
<kw name="Set Variable" owner="BuiltIn">
<msg time="2024-04-25T22:13:07.432130" level="INFO">${json_data} = {'results': [{'gender': 'male', 'name': {'title': 'Mr', 'first': 'Cristóbal', 'last': 'Mora'}, 'location': {'street': {'number': 8186, 'name': 'Calle de Alcalá'}, 'city': 'Logroño', 'state': 'Galicia'...</msg>
<var>${json_data}</var>
<arg>${response.json()}</arg>
<doc>Returns the given values which can then be assigned to a variables.</doc>
<status status="PASS" start="2024-04-25T22:13:07.431559" elapsed="0.000601"/>
</kw>
<kw name="Log" owner="BuiltIn">
<msg time="2024-04-25T22:13:07.432630" level="INFO">{'results': [{'gender': 'male', 'name': {'title': 'Mr', 'first': 'Cristóbal', 'last': 'Mora'}, 'location': {'street': {'number': 8186, 'name': 'Calle de Alcalá'}, 'city': 'Logroño', 'state': 'Galicia', 'country': 'Spain', 'postcode': 82744, 'coordinates': {'latitude': '-31.2071', 'longitude': '-93.3717'}, 'timezone': {'offset': '-5:00', 'description': 'Eastern Time (US &amp; Canada), Bogota, Lima'}}, 'email': 'cristobal.mora@example.com', 'login': {'uuid': '394d47ac-67d0-461a-b4bd-9e660f74d8a5', 'username': 'silversnake610', 'password': 'dank', 'salt': 'xC1azhPR', 'md5': '1f798e6818d4c1c291e49136fbce8031', 'sha1': 'd44965d974a94f72afb10ed8868ad297b8da604d', 'sha256': 'a233ed6f856cccf8b5664b605122c598b33cd9e310969df09bcb38959428c8ef'}, 'dob': {'date': '1996-09-23T12:20:22.165Z', 'age': 27}, 'registered': {'date': '2010-02-25T03:19:49.366Z', 'age': 14}, 'phone': '909-428-563', 'cell': '684-668-492', 'id': {'name': 'DNI', 'value': '59484342-H'}, 'picture': {'large': 'https://randomuser.me/api/portraits/men/40.jpg', 'medium': 'https://randomuser.me/api/portraits/med/men/40.jpg', 'thumbnail': 'https://randomuser.me/api/portraits/thumb/men/40.jpg'}, 'nat': 'ES'}], 'info': {'seed': '82734aef336c3b5a', 'results': 1, 'page': 1, 'version': '1.4'}}</msg>
<arg>${json_data}</arg>
<doc>Logs the given message with the given level.</doc>
<status status="PASS" start="2024-04-25T22:13:07.432468" elapsed="0.000246"/>
</kw>
<kw name="Should Be Equal As Numbers" owner="BuiltIn">
<arg>${json_data['results'][0]['location']['postcode']}</arg>
<arg>${json_data['results'][0]['location']['postcode']}</arg>
<doc>Fails if objects are unequal after converting them to real numbers.</doc>
<status status="PASS" start="2024-04-25T22:13:07.433015" elapsed="0.000781"/>
</kw>
<kw name="Log" owner="BuiltIn">
<msg time="2024-04-25T22:13:07.434317" level="INFO">82744</msg>
<arg>${json_data['results'][0]['location']['postcode']}</arg>
<doc>Logs the given message with the given level.</doc>
<status status="PASS" start="2024-04-25T22:13:07.433985" elapsed="0.000372"/>
</kw>
<status status="PASS" start="2024-04-25T22:13:07.310571" elapsed="0.124036"/>
</kw>
<doc>Testa se os tipos de dados na resposta da API estão corretos.</doc>
<tag>testeTiposDados</tag>
<status status="PASS" start="2024-04-25T22:13:07.143831" elapsed="0.290939"/>
</test>
<test id="s1-s1-t5" name="Validar conteudo" line="35">
<kw name="Teste de Tipos de Conteudo" owner="random-user-service">
<kw name="GET On Session" owner="RequestsLibrary">
<msg time="2024-04-25T22:13:07.526423" level="INFO">GET Request : url=https://randomuser.me/api 
 path_url=/api 
 headers={'User-Agent': 'python-requests/2.31.0', 'Accept-Encoding': 'gzip, deflate', 'Accept': '*/*', 'Connection': 'keep-alive'} 
 body=None 
 </msg>
<msg time="2024-04-25T22:13:07.526510" level="INFO">GET Response : url=https://randomuser.me/api 
 status=200, reason=OK 
 headers={'Date': 'Thu, 25 Apr 2024 22:13:07 GMT', 'Content-Type': 'application/json; charset=utf-8', 'Transfer-Encoding': 'chunked', 'Connection': 'keep-alive', 'X-Powered-By': 'Express', 'Access-Control-Allow-Origin': '*', 'Cache-Control': 'no-cache', 'ETag': 'W/"475-sDAquCjuRW8JsfObZWu9Q/LUHDQ"', 'Vary': 'Accept-Encoding', 'Content-Encoding': 'gzip', 'CF-Cache-Status': 'DYNAMIC', 'Report-To': '{"endpoints":[{"url":"https:\\/\\/a.nel.cloudflare.com\\/report\\/v4?s=R2gGt0rPbfIhiaDQVWUYHf1VaHbnxNYScHNEBJAxFqKKcMaH3AYILjsIaC2D5XBp51iFWF2xaqipKbffb3lAErveuOfLqn388GNzvsJ9gb8Ky%2BuozqTqYbh6YhUcxznH"}],"group":"cf-nel","max_age":604800}', 'NEL': '{"success_fraction":0,"report_to":"cf-nel","max_age":604800}', 'Server': 'cloudflare', 'CF-RAY': '87a1adb18ca3251d-SJC', 'alt-svc': 'h3=":443"; ma=86400'} 
 body={"results":[{"gender":"female","name":{"title":"Ms","first":"Leni","last":"Holum"},"location":{"street":{"number":2877,"name":"Guldberglia"},"city":"Gangstadhaugen","state":"Sogn og Fjordane","country":"Norway","postcode":"3903","coordinates":{"latitude":"44.0159","longitude":"100.5234"},"timezone":{"offset":"+5:45","description":"Kathmandu"}},"email":"leni.holum@example.com","login":{"uuid":"85fb443a-e59c-438b-b9c7-c60f3839f6fd","username":"heavyrabbit461","password":"roxy","salt":"wJWoHS0K","md5":"9dfe4d2c4c03b09ade4be252d1f0d54e","sha1":"39d680797b7007fc9fd52aebdca76f134b965e8a","sha256":"73ed507e1a6789ab89e0a6e64bb43fe735299fb7f918897f87fb35302014b9c3"},"dob":{"date":"1948-02-07T10:29:46.205Z","age":76},"registered":{"date":"2021-04-27T11:20:55.217Z","age":2},"phone":"61694981","cell":"91114135","id":{"name":"FN","value":"07024821085"},"picture":{"large":"https://randomuser.me/api/portraits/women/21.jpg","medium":"https://randomuser.me/api/portraits/med/women/21.jpg","thumbnail":"https://randomuser.me/api/portraits/thumb/women/21.jpg"},"nat":"NO"}],"info":{"seed":"5fc6e6d7270fe456","results":1,"page":1,"version":"1.4"}} 
 </msg>
<msg time="2024-04-25T22:13:07.526576" level="INFO">/opt/hostedtoolcache/Python/3.12.3/x64/lib/python3.12/site-packages/urllib3/connectionpool.py:1103: InsecureRequestWarning: Unverified HTTPS request is being made to host 'randomuser.me'. Adding certificate verification is strongly advised. See: https://urllib3.readthedocs.io/en/latest/advanced-usage.html#tls-warnings
  warnings.warn(</msg>
<msg time="2024-04-25T22:13:07.526694" level="INFO">${response} = &lt;Response [200]&gt;</msg>
<var>${response}</var>
<arg>consultarAPI</arg>
<arg>/api</arg>
<doc>Sends a GET request on a previously created HTTP Session.</doc>
<status status="PASS" start="2024-04-25T22:13:07.437308" elapsed="0.089426"/>
</kw>
<kw name="Set Variable" owner="BuiltIn">
<msg time="2024-04-25T22:13:07.527898" level="INFO">${json_data} = {'results': [{'gender': 'female', 'name': {'title': 'Ms', 'first': 'Leni', 'last': 'Holum'}, 'location': {'street': {'number': 2877, 'name': 'Guldberglia'}, 'city': 'Gangstadhaugen', 'state': 'Sogn og...</msg>
<var>${json_data}</var>
<arg>${response.json()}</arg>
<doc>Returns the given values which can then be assigned to a variables.</doc>
<status status="PASS" start="2024-04-25T22:13:07.527342" elapsed="0.000584"/>
</kw>
<kw name="Set Variable" owner="BuiltIn">
<msg time="2024-04-25T22:13:07.528615" level="INFO">${name_title} = Ms</msg>
<var>${name_title}</var>
<arg>${json_data["results"][0]["name"]["title"]}</arg>
<doc>Returns the given values which can then be assigned to a variables.</doc>
<status status="PASS" start="2024-04-25T22:13:07.528230" elapsed="0.000409"/>
</kw>
<kw name="Create List" owner="BuiltIn">
<msg time="2024-04-25T22:13:07.529079" level="INFO">${allowed_titles} = ['Mr', 'Ms', 'Miss', 'Mrs', 'Madame', 'Monsieur']</msg>
<var>${allowed_titles}</var>
<arg>Mr</arg>
<arg>Ms</arg>
<arg>Miss</arg>
<arg>Mrs</arg>
<arg>Madame</arg>
<arg>Monsieur</arg>
<doc>Returns a list containing given items.</doc>
<status status="PASS" start="2024-04-25T22:13:07.528932" elapsed="0.000171"/>
</kw>
<kw name="List Should Contain Value" owner="Collections">
<msg time="2024-04-25T22:13:07.529571" level="INFO">False</msg>
<arg>${allowed_titles}</arg>
<arg>${name_title}</arg>
<doc>Fails if the ``value`` is not found from ``list``.</doc>
<status status="PASS" start="2024-04-25T22:13:07.529400" elapsed="0.000207"/>
</kw>
<kw name="Set Variable" owner="BuiltIn">
<msg time="2024-04-25T22:13:07.530273" level="INFO">${name_country} = NO</msg>
<var>${name_country}</var>
<arg>${json_data["results"][0]["nat"]}</arg>
<doc>Returns the given values which can then be assigned to a variables.</doc>
<status status="PASS" start="2024-04-25T22:13:07.529896" elapsed="0.000402"/>
</kw>
<kw name="Create List" owner="BuiltIn">
<msg time="2024-04-25T22:13:07.531224" level="INFO">${list_country} = ['AD', 'AE', 'AF', 'AG', 'AI', 'AL', 'AM', 'AO', 'AQ', 'AR', 'AS', 'AT', 'AU', 'AW', 'AX', 'AZ', 'BA', 'BB', 'BD', 'BE', 'BF', 'BG', 'BH', 'BI', 'BJ', 'BL', 'BM', 'BN', 'BO', 'BQ', 'BR', 'BS', 'BT', '...</msg>
<var>${list_country}</var>
<arg>AD</arg>
<arg>AE</arg>
<arg>AF</arg>
<arg>AG</arg>
<arg>AI</arg>
<arg>AL</arg>
<arg>AM</arg>
<arg>AO</arg>
<arg>AQ</arg>
<arg>AR</arg>
<arg>AS</arg>
<arg>AT</arg>
<arg>AU</arg>
<arg>AW</arg>
<arg>AX</arg>
<arg>AZ</arg>
<arg>BA</arg>
<arg>BB</arg>
<arg>BD</arg>
<arg>BE</arg>
<arg>BF</arg>
<arg>BG</arg>
<arg>BH</arg>
<arg>BI</arg>
<arg>BJ</arg>
<arg>BL</arg>
<arg>BM</arg>
<arg>BN</arg>
<arg>BO</arg>
<arg>BQ</arg>
<arg>BR</arg>
<arg>BS</arg>
<arg>BT</arg>
<arg>BV</arg>
<arg>BW</arg>
<arg>BY</arg>
<arg>BZ</arg>
<arg>CA</arg>
<arg>CC</arg>
<arg>CD</arg>
<arg>CF</arg>
<arg>CG</arg>
<arg>CH</arg>
<arg>CI</arg>
<arg>CK</arg>
<arg>CL</arg>
<arg>CM</arg>
<arg>CN</arg>
<arg>CO</arg>
<arg>CR</arg>
<arg>CU</arg>
<arg>CV</arg>
<arg>CW</arg>
<arg>CX</arg>
<arg>CY</arg>
<arg>CZ</arg>
<arg>DE</arg>
<arg>DJ</arg>
<arg>DK</arg>
<arg>DM</arg>
<arg>DO</arg>
<arg>DZ</arg>
<arg>EC</arg>
<arg>EE</arg>
<arg>EG</arg>
<arg>EH</arg>
<arg>ER</arg>
<arg>ES</arg>
<arg>ET</arg>
<arg>FI</arg>
<arg>FJ</arg>
<arg>FK</arg>
<arg>FM</arg>
<arg>FO</arg>
<arg>FR</arg>
<arg>GA</arg>
<arg>GB</arg>
<arg>GD</arg>
<arg>GE</arg>
<arg>GF</arg>
<arg>GG</arg>
<arg>GH</arg>
<arg>GI</arg>
<arg>GL</arg>
<arg>GM</arg>
<arg>GN</arg>
<arg>GP</arg>
<arg>GQ</arg>
<arg>GR</arg>
<arg>GS</arg>
<arg>GT</arg>
<arg>GU</arg>
<arg>GW</arg>
<arg>GY</arg>
<arg>HK</arg>
<arg>HM</arg>
<arg>HN</arg>
<arg>HR</arg>
<arg>HT</arg>
<arg>HU</arg>
<arg>ID</arg>
<arg>IE</arg>
<arg>IL</arg>
<arg>IM</arg>
<arg>IN</arg>
<arg>IO</arg>
<arg>IQ</arg>
<arg>IR</arg>
<arg>IS</arg>
<arg>IT</arg>
<arg>JE</arg>
<arg>JM</arg>
<arg>JO</arg>
<arg>JP</arg>
<arg>KE</arg>
<arg>KG</arg>
<arg>KH</arg>
<arg>KI</arg>
<arg>KM</arg>
<arg>KN</arg>
<arg>KP</arg>
<arg>KR</arg>
<arg>KW</arg>
<arg>KY</arg>
<arg>KZ</arg>
<arg>LA</arg>
<arg>LB</arg>
<arg>LC</arg>
<arg>LI</arg>
<arg>LK</arg>
<arg>LR</arg>
<arg>LS</arg>
<arg>LT</arg>
<arg>LU</arg>
<arg>LV</arg>
<arg>LY</arg>
<arg>MA</arg>
<arg>MC</arg>
<arg>MD</arg>
<arg>ME</arg>
<arg>MF</arg>
<arg>MG</arg>
<arg>MH</arg>
<arg>MK</arg>
<arg>ML</arg>
<arg>MM</arg>
<arg>MN</arg>
<arg>MO</arg>
<arg>MP</arg>
<arg>MQ</arg>
<arg>MR</arg>
<arg>MS</arg>
<arg>MT</arg>
<arg>MU</arg>
<arg>MV</arg>
<arg>MW</arg>
<arg>MX</arg>
<arg>MY</arg>
<arg>MZ</arg>
<arg>NA</arg>
<arg>NC</arg>
<arg>NE</arg>
<arg>NF</arg>
<arg>NG</arg>
<arg>NI</arg>
<arg>NL</arg>
<arg>NO</arg>
<arg>NP</arg>
<arg>NR</arg>
<arg>NU</arg>
<arg>NZ</arg>
<arg>OM</arg>
<arg>PA</arg>
<arg>PE</arg>
<arg>PF</arg>
<arg>PG</arg>
<arg>PH</arg>
<arg>PK</arg>
<arg>PL</arg>
<arg>PM</arg>
<arg>PN</arg>
<arg>PR</arg>
<arg>PS</arg>
<arg>PT</arg>
<arg>PW</arg>
<arg>PY</arg>
<arg>QA</arg>
<arg>RE</arg>
<arg>RO</arg>
<arg>RS</arg>
<arg>RU</arg>
<arg>RW</arg>
<arg>SA</arg>
<arg>SB</arg>
<arg>SC</arg>
<arg>SD</arg>
<arg>SE</arg>
<arg>SG</arg>
<arg>SH</arg>
<arg>SI</arg>
<arg>SJ</arg>
<arg>SK</arg>
<arg>SL</arg>
<arg>SM</arg>
<arg>SN</arg>
<arg>SO</arg>
<arg>SR</arg>
<arg>SS</arg>
<arg>ST</arg>
<arg>SV</arg>
<arg>SX</arg>
<arg>SY</arg>
<arg>SZ</arg>
<arg>TC</arg>
<arg>TD</arg>
<arg>TF</arg>
<arg>TG</arg>
<arg>TH</arg>
<arg>TJ</arg>
<arg>TK</arg>
<arg>TL</arg>
<arg>TM</arg>
<arg>TN</arg>
<arg>TO</arg>
<arg>TR</arg>
<arg>TT</arg>
<arg>TV</arg>
<arg>TW</arg>
<arg>TZ</arg>
<arg>UA</arg>
<arg>UG</arg>
<arg>UM</arg>
<arg>US</arg>
<arg>UY</arg>
<arg>UZ</arg>
<arg>VA</arg>
<arg>VC</arg>
<arg>VE</arg>
<arg>VG</arg>
<arg>VI</arg>
<arg>VN</arg>
<arg>VU</arg>
<arg>WF</arg>
<arg>WS</arg>
<arg>XK</arg>
<arg>YE</arg>
<arg>YT</arg>
<arg>ZA</arg>
<arg>ZM</arg>
<arg>ZW</arg>
<doc>Returns a list containing given items.</doc>
<status status="PASS" start="2024-04-25T22:13:07.530600" elapsed="0.000651"/>
</kw>
<kw name="List Should Contain Value" owner="Collections">
<msg time="2024-04-25T22:13:07.532252" level="INFO">False</msg>
<arg>${list_country}</arg>
<arg>${name_country}</arg>
<doc>Fails if the ``value`` is not found from ``list``.</doc>
<status status="PASS" start="2024-04-25T22:13:07.532052" elapsed="0.000238"/>
</kw>
<kw name="Run Keyword If" owner="BuiltIn">
<kw name="Should Be True" owner="BuiltIn">
<arg>${True}</arg>
<doc>Fails if the given condition is not true.</doc>
<status status="PASS" start="2024-04-25T22:13:07.533349" elapsed="0.000143"/>
</kw>
<arg>${json_data["results"][0]["location"]["coordinates"]["latitude"]} &gt;= -90 and ${json_data["results"][0]["location"]["coordinates"]["latitude"]} &lt;= 90</arg>
<arg>Should Be True</arg>
<arg>${True}</arg>
<doc>Runs the given keyword with the given arguments, if ``condition`` is true.</doc>
<status status="PASS" start="2024-04-25T22:13:07.532600" elapsed="0.001018"/>
</kw>
<kw name="Run Keyword If" owner="BuiltIn">
<kw name="Should Be True" owner="BuiltIn">
<arg>${True}</arg>
<doc>Fails if the given condition is not true.</doc>
<status status="PASS" start="2024-04-25T22:13:07.534518" elapsed="0.000255"/>
</kw>
<arg>${json_data["results"][0]["location"]["coordinates"]["longitude"]} &gt;= -180 and ${json_data["results"][0]["location"]["coordinates"]["longitude"]} &lt;= 180</arg>
<arg>Should Be True</arg>
<arg>${True}</arg>
<doc>Runs the given keyword with the given arguments, if ``condition`` is true.</doc>
<status status="PASS" start="2024-04-25T22:13:07.533805" elapsed="0.001131"/>
</kw>
<status status="PASS" start="2024-04-25T22:13:07.437080" elapsed="0.098001"/>
</kw>
<doc>Testa o conteúdo específico dos campos retornados pela API.</doc>
<tag>testeConteudo</tag>
<status status="PASS" start="2024-04-25T22:13:07.436555" elapsed="0.098678"/>
</test>
<status status="PASS" start="2024-04-25T22:13:06.466843" elapsed="1.070382"/>
</suite>
<status status="PASS" start="2024-04-25T22:13:06.453154" elapsed="1.089292"/>
</suite>
<statistics>
<total>
<stat pass="5" fail="0" skip="0">All Tests</stat>
</total>
<tag>
<stat pass="1" fail="0" skip="0">testeConteudo</stat>
<stat pass="1" fail="0" skip="0">testeEstruturaResposta</stat>
<stat pass="1" fail="0" skip="0">testeRequisicaoBasica</stat>
<stat pass="1" fail="0" skip="0">testeTiposDados</stat>
</tag>
<suite>
<stat pass="5" fail="0" skip="0" id="s1" name="Tests">Tests</stat>
<stat pass="5" fail="0" skip="0" id="s1-s1" name="Random-User-Test">Tests.Random-User-Test</stat>
</suite>
</statistics>
<errors>
</errors>
</robot>
