<?xml version="1.0" encoding="UTF-8"?>
<robot generator="Robot 7.0 (Python 3.12.3 on linux)" generated="2024-05-07T10:15:36.263576" rpa="false" schemaversion="5">
<suite id="s1" name="Tests" source="/home/runner/work/DesafioQAItauRogerioJordao/DesafioQAItauRogerioJordao/RamdonUser/tests">
<suite id="s1-s1" name="Random-User-Test" source="/home/runner/work/DesafioQAItauRogerioJordao/DesafioQAItauRogerioJordao/RamdonUser/tests/random-user-test.robot">
<test id="s1-s1-t1" name="Conectar" line="13">
<kw name="Conectar API" owner="random-user-service">
<kw name="Create Session" owner="RequestsLibrary">
<msg time="2024-05-07T10:15:36.631344" level="INFO">Creating Session using : alias=consultarAPI, url=https://randomuser.me/, headers={},                     cookies={}, auth=None, timeout=None, proxies=None, verify=False,                     debug=0 </msg>
<arg>consultarAPI</arg>
<arg>${URL}</arg>
<doc>Create Session: create a HTTP session to a server</doc>
<status status="PASS" start="2024-05-07T10:15:36.631148" elapsed="0.000366"/>
</kw>
<status status="PASS" start="2024-05-07T10:15:36.630180" elapsed="0.001692"/>
</kw>
<status status="PASS" start="2024-05-07T10:15:36.629647" elapsed="0.002415"/>
</test>
<test id="s1-s1-t2" name="Validar retorno 200 e JSON Válido" line="16">
<kw name="Teste de Requisicao Basica" owner="random-user-service">
<kw name="GET On Session" owner="RequestsLibrary">
<msg time="2024-05-07T10:15:37.035846" level="INFO">GET Request : url=https://randomuser.me/api 
 path_url=/api 
 headers={'User-Agent': 'python-requests/2.31.0', 'Accept-Encoding': 'gzip, deflate', 'Accept': '*/*', 'Connection': 'keep-alive'} 
 body=None 
 </msg>
<msg time="2024-05-07T10:15:37.036001" level="INFO">GET Response : url=https://randomuser.me/api 
 status=200, reason=OK 
 headers={'Date': 'Tue, 07 May 2024 10:15:37 GMT', 'Content-Type': 'application/json; charset=utf-8', 'Transfer-Encoding': 'chunked', 'Connection': 'keep-alive', 'X-Powered-By': 'Express', 'Access-Control-Allow-Origin': '*', 'Cache-Control': 'no-cache', 'ETag': 'W/"4a2-n+oGmiWjJDgT6eK97xnYvoqthz8"', 'Vary': 'Accept-Encoding', 'Content-Encoding': 'gzip', 'CF-Cache-Status': 'DYNAMIC', 'Report-To': '{"endpoints":[{"url":"https:\\/\\/a.nel.cloudflare.com\\/report\\/v4?s=YfV8Lym9UAeXIMB7gihVTOmo%2BiitL%2FbVI4BaWx%2Fa1z3opxLH8STQjAW4yUmZNHApTeMkiU1bxYTWmaZPQJwT17V8NJEZfbm%2BREPW7jxn00Oc7%2F68Xe01vkdrIGdKuodQ"}],"group":"cf-nel","max_age":604800}', 'NEL': '{"success_fraction":0,"report_to":"cf-nel","max_age":604800}', 'Server': 'cloudflare', 'CF-RAY': '880073264c2b7d62-LAX', 'alt-svc': 'h3=":443"; ma=86400'} 
 body={"results":[{"gender":"female","name":{"title":"Miss","first":"Ariana","last":"Wright"},"location":{"street":{"number":5179,"name":"Kahikatea Drive"},"city":"Whangarei","state":"Marlborough","country":"New Zealand","postcode":59930,"coordinates":{"latitude":"55.3360","longitude":"102.0848"},"timezone":{"offset":"+5:00","description":"Ekaterinburg, Islamabad, Karachi, Tashkent"}},"email":"ariana.wright@example.com","login":{"uuid":"1f2b86f6-86b1-4d34-ae42-a29eb22b3389","username":"blackostrich245","password":"doughboy","salt":"ySgYmrO5","md5":"9b9afec369e5d6a2f5facc435355149b","sha1":"4c98d47a82a32dd87030e6586c59e79b28a61455","sha256":"9d6e46eeed60c745794cf0e7a09b668272b9099bf276e725be8716f20f32e62a"},"dob":{"date":"1977-12-07T05:52:17.462Z","age":46},"registered":{"date":"2020-10-04T01:37:23.832Z","age":3},"phone":"(117)-225-6508","cell":"(336)-421-6847","id":{"name":"","value":null},"picture":{"large":"https://randomuser.me/api/portraits/women/69.jpg","medium":"https://randomuser.me/api/portraits/med/women/69.jpg","thumbnail":"https://randomuser.me/api/portraits/thumb/women/69.jpg"},"nat":"NZ"}],"info":{"seed":"f02f61616784bd93","results":1,"page":1,"version":"1.4"}} 
 </msg>
<msg time="2024-05-07T10:15:37.036080" level="INFO">/opt/hostedtoolcache/Python/3.12.3/x64/lib/python3.12/site-packages/urllib3/connectionpool.py:1103: InsecureRequestWarning: Unverified HTTPS request is being made to host 'randomuser.me'. Adding certificate verification is strongly advised. See: https://urllib3.readthedocs.io/en/latest/advanced-usage.html#tls-warnings
  warnings.warn(</msg>
<msg time="2024-05-07T10:15:37.036246" level="INFO">${response} = &lt;Response [200]&gt;</msg>
<var>${response}</var>
<arg>consultarAPI</arg>
<arg>/api</arg>
<doc>Sends a GET request on a previously created HTTP Session.</doc>
<status status="PASS" start="2024-05-07T10:15:36.634659" elapsed="0.401628"/>
</kw>
<kw name="Should Be Equal As Numbers" owner="BuiltIn">
<msg time="2024-05-07T10:15:37.037251" level="INFO">Argument types are:
&lt;class 'int'&gt;
&lt;class 'str'&gt;</msg>
<arg>${response.status_code}</arg>
<arg>200</arg>
<doc>Fails if objects are unequal after converting them to real numbers.</doc>
<status status="PASS" start="2024-05-07T10:15:37.036805" elapsed="0.000510"/>
</kw>
<kw name="Log" owner="BuiltIn">
<msg time="2024-05-07T10:15:37.038005" level="INFO">200</msg>
<arg>${response.status_code}</arg>
<doc>Logs the given message with the given level.</doc>
<status status="PASS" start="2024-05-07T10:15:37.037654" elapsed="0.000392"/>
</kw>
<kw name="Set Variable" owner="BuiltIn">
<msg time="2024-05-07T10:15:37.038775" level="INFO">${json_data} = {'results': [{'gender': 'female', 'name': {'title': 'Miss', 'first': 'Ariana', 'last': 'Wright'}, 'location': {'street': {'number': 5179, 'name': 'Kahikatea Drive'}, 'city': 'Whangarei', 'state': 'Mar...</msg>
<var>${json_data}</var>
<arg>${response.json()}</arg>
<doc>Returns the given values which can then be assigned to a variables.</doc>
<status status="PASS" start="2024-05-07T10:15:37.038344" elapsed="0.000459"/>
</kw>
<kw name="Dictionary Should Contain Key" owner="Collections">
<msg time="2024-05-07T10:15:37.039304" level="INFO">False</msg>
<arg>${json_data}</arg>
<arg>results</arg>
<doc>Fails if ``key`` is not found from ``dictionary``.</doc>
<status status="PASS" start="2024-05-07T10:15:37.039135" elapsed="0.000208"/>
</kw>
<status status="PASS" start="2024-05-07T10:15:36.634399" elapsed="0.405198"/>
</kw>
<doc>Testa se a API responde corretamente e retorna um objeto JSON válido.</doc>
<tag>testeRequisicaoBasica</tag>
<status status="PASS" start="2024-05-07T10:15:36.633945" elapsed="0.405834"/>
</test>
<test id="s1-s1-t3" name="Validar estrutura de resposta" line="22">
<kw name="Teste de Estrutura de Resposta" owner="random-user-service">
<kw name="GET On Session" owner="RequestsLibrary">
<msg time="2024-05-07T10:15:37.204562" level="INFO">GET Request : url=https://randomuser.me/api 
 path_url=/api 
 headers={'User-Agent': 'python-requests/2.31.0', 'Accept-Encoding': 'gzip, deflate', 'Accept': '*/*', 'Connection': 'keep-alive'} 
 body=None 
 </msg>
<msg time="2024-05-07T10:15:37.204670" level="INFO">GET Response : url=https://randomuser.me/api 
 status=200, reason=OK 
 headers={'Date': 'Tue, 07 May 2024 10:15:37 GMT', 'Content-Type': 'application/json; charset=utf-8', 'Transfer-Encoding': 'chunked', 'Connection': 'keep-alive', 'X-Powered-By': 'Express', 'Access-Control-Allow-Origin': '*', 'Cache-Control': 'no-cache', 'ETag': 'W/"475-f2bBiz1w0sRfRYbsV0Dj8Uoz6qk"', 'Vary': 'Accept-Encoding', 'Content-Encoding': 'gzip', 'CF-Cache-Status': 'DYNAMIC', 'Report-To': '{"endpoints":[{"url":"https:\\/\\/a.nel.cloudflare.com\\/report\\/v4?s=iwJ6oaWTF6Y%2FDTjqWOLb1AJ6T%2BeZI1h6%2Fpqjq6Qmg7AOXopmCP3WtfpACK4OQkjltS4eu6CfNlBH5diVjYuCZJ%2BgsZRXbp9DqS0A4J%2FLcy6LaAKOr%2FSRKwb0BCF4fDM2"}],"group":"cf-nel","max_age":604800}', 'NEL': '{"success_fraction":0,"report_to":"cf-nel","max_age":604800}', 'Server': 'cloudflare', 'CF-RAY': '880073288d197d62-LAX', 'alt-svc': 'h3=":443"; ma=86400'} 
 body={"results":[{"gender":"male","name":{"title":"Mr","first":"Adriyan","last":"Koshel"},"location":{"street":{"number":4273,"name":"2-ga liniya"},"city":"Rzhishchiv","state":"Lvivska","country":"Ukraine","postcode":27376,"coordinates":{"latitude":"73.3024","longitude":"-59.2885"},"timezone":{"offset":"-3:30","description":"Newfoundland"}},"email":"adriyan.koshel@example.com","login":{"uuid":"07568b83-c36e-4b26-a3d9-a5386595b161","username":"ticklishmeercat677","password":"chuckles","salt":"Wly5Tkzy","md5":"3ac622c07b31f746e93eaab7b3a64f29","sha1":"56834da76c8ba6122a698b1e68536f693485a873","sha256":"443603070006bd0a265879b0fcba87049c45c34288de5d7bd6a66fee4caa5c42"},"dob":{"date":"1963-11-15T21:48:17.139Z","age":60},"registered":{"date":"2006-11-26T14:35:10.025Z","age":17},"phone":"(068) I63-7041","cell":"(068) V97-0242","id":{"name":"","value":null},"picture":{"large":"https://randomuser.me/api/portraits/men/50.jpg","medium":"https://randomuser.me/api/portraits/med/men/50.jpg","thumbnail":"https://randomuser.me/api/portraits/thumb/men/50.jpg"},"nat":"UA"}],"info":{"seed":"8ecfe60b0ca6aad9","results":1,"page":1,"version":"1.4"}} 
 </msg>
<msg time="2024-05-07T10:15:37.204805" level="INFO">/opt/hostedtoolcache/Python/3.12.3/x64/lib/python3.12/site-packages/urllib3/connectionpool.py:1103: InsecureRequestWarning: Unverified HTTPS request is being made to host 'randomuser.me'. Adding certificate verification is strongly advised. See: https://urllib3.readthedocs.io/en/latest/advanced-usage.html#tls-warnings
  warnings.warn(</msg>
<msg time="2024-05-07T10:15:37.204951" level="INFO">${response} = &lt;Response [200]&gt;</msg>
<var>${response}</var>
<arg>consultarAPI</arg>
<arg>/api</arg>
<doc>Sends a GET request on a previously created HTTP Session.</doc>
<status status="PASS" start="2024-05-07T10:15:37.042324" elapsed="0.162667"/>
</kw>
<kw name="Set Variable" owner="BuiltIn">
<msg time="2024-05-07T10:15:37.206000" level="INFO">${json_data} = {'results': [{'gender': 'male', 'name': {'title': 'Mr', 'first': 'Adriyan', 'last': 'Koshel'}, 'location': {'street': {'number': 4273, 'name': '2-ga liniya'}, 'city': 'Rzhishchiv', 'state': 'Lvivska',...</msg>
<var>${json_data}</var>
<arg>${response.json()}</arg>
<doc>Returns the given values which can then be assigned to a variables.</doc>
<status status="PASS" start="2024-05-07T10:15:37.205486" elapsed="0.000543"/>
</kw>
<kw name="Log" owner="BuiltIn">
<msg time="2024-05-07T10:15:37.206491" level="INFO">{'results': [{'gender': 'male', 'name': {'title': 'Mr', 'first': 'Adriyan', 'last': 'Koshel'}, 'location': {'street': {'number': 4273, 'name': '2-ga liniya'}, 'city': 'Rzhishchiv', 'state': 'Lvivska', 'country': 'Ukraine', 'postcode': 27376, 'coordinates': {'latitude': '73.3024', 'longitude': '-59.2885'}, 'timezone': {'offset': '-3:30', 'description': 'Newfoundland'}}, 'email': 'adriyan.koshel@example.com', 'login': {'uuid': '07568b83-c36e-4b26-a3d9-a5386595b161', 'username': 'ticklishmeercat677', 'password': 'chuckles', 'salt': 'Wly5Tkzy', 'md5': '3ac622c07b31f746e93eaab7b3a64f29', 'sha1': '56834da76c8ba6122a698b1e68536f693485a873', 'sha256': '443603070006bd0a265879b0fcba87049c45c34288de5d7bd6a66fee4caa5c42'}, 'dob': {'date': '1963-11-15T21:48:17.139Z', 'age': 60}, 'registered': {'date': '2006-11-26T14:35:10.025Z', 'age': 17}, 'phone': '(068) I63-7041', 'cell': '(068) V97-0242', 'id': {'name': '', 'value': None}, 'picture': {'large': 'https://randomuser.me/api/portraits/men/50.jpg', 'medium': 'https://randomuser.me/api/portraits/med/men/50.jpg', 'thumbnail': 'https://randomuser.me/api/portraits/thumb/men/50.jpg'}, 'nat': 'UA'}], 'info': {'seed': '8ecfe60b0ca6aad9', 'results': 1, 'page': 1, 'version': '1.4'}}</msg>
<arg>${json_data}</arg>
<doc>Logs the given message with the given level.</doc>
<status status="PASS" start="2024-05-07T10:15:37.206335" elapsed="0.000203"/>
</kw>
<kw name="Dictionary Should Contain Key" owner="Collections">
<msg time="2024-05-07T10:15:37.207039" level="INFO">False</msg>
<arg>${json_data}</arg>
<arg>results</arg>
<doc>Fails if ``key`` is not found from ``dictionary``.</doc>
<status status="PASS" start="2024-05-07T10:15:37.206828" elapsed="0.000250"/>
</kw>
<kw name="Should Not Be Empty" owner="BuiltIn">
<msg time="2024-05-07T10:15:37.207504" level="INFO">Length is 2.</msg>
<arg>${json_data}</arg>
<doc>Verifies that the given item is not empty.</doc>
<status status="PASS" start="2024-05-07T10:15:37.207373" elapsed="0.000324"/>
</kw>
<kw name="Create List" owner="BuiltIn">
<msg time="2024-05-07T10:15:37.208144" level="INFO">${expected_keys} = ['gender', 'name', 'location', 'email', 'login']</msg>
<var>${expected_keys}</var>
<arg>gender</arg>
<arg>name</arg>
<arg>location</arg>
<arg>email</arg>
<arg>login</arg>
<doc>Returns a list containing given items.</doc>
<status status="PASS" start="2024-05-07T10:15:37.207989" elapsed="0.000179"/>
</kw>
<for flavor="IN">
<iter>
<kw name="Dictionary Should Contain Key" owner="Collections">
<msg time="2024-05-07T10:15:37.209145" level="INFO">False</msg>
<arg>${json_data['results'][0]}</arg>
<arg>${key}</arg>
<doc>Fails if ``key`` is not found from ``dictionary``.</doc>
<status status="PASS" start="2024-05-07T10:15:37.208737" elapsed="0.000446"/>
</kw>
<kw name="Log" owner="BuiltIn">
<msg time="2024-05-07T10:15:37.209838" level="INFO">{'gender': 'male', 'name': {'title': 'Mr', 'first': 'Adriyan', 'last': 'Koshel'}, 'location': {'street': {'number': 4273, 'name': '2-ga liniya'}, 'city': 'Rzhishchiv', 'state': 'Lvivska', 'country': 'Ukraine', 'postcode': 27376, 'coordinates': {'latitude': '73.3024', 'longitude': '-59.2885'}, 'timezone': {'offset': '-3:30', 'description': 'Newfoundland'}}, 'email': 'adriyan.koshel@example.com', 'login': {'uuid': '07568b83-c36e-4b26-a3d9-a5386595b161', 'username': 'ticklishmeercat677', 'password': 'chuckles', 'salt': 'Wly5Tkzy', 'md5': '3ac622c07b31f746e93eaab7b3a64f29', 'sha1': '56834da76c8ba6122a698b1e68536f693485a873', 'sha256': '443603070006bd0a265879b0fcba87049c45c34288de5d7bd6a66fee4caa5c42'}, 'dob': {'date': '1963-11-15T21:48:17.139Z', 'age': 60}, 'registered': {'date': '2006-11-26T14:35:10.025Z', 'age': 17}, 'phone': '(068) I63-7041', 'cell': '(068) V97-0242', 'id': {'name': '', 'value': None}, 'picture': {'large': 'https://randomuser.me/api/portraits/men/50.jpg', 'medium': 'https://randomuser.me/api/portraits/med/men/50.jpg', 'thumbnail': 'https://randomuser.me/api/portraits/thumb/men/50.jpg'}, 'nat': 'UA'}</msg>
<arg>${json_data['results'][0]}</arg>
<doc>Logs the given message with the given level.</doc>
<status status="PASS" start="2024-05-07T10:15:37.209479" elapsed="0.000406"/>
</kw>
<kw name="Log" owner="BuiltIn">
<msg time="2024-05-07T10:15:37.210303" level="INFO">gender</msg>
<arg>${key}</arg>
<doc>Logs the given message with the given level.</doc>
<status status="PASS" start="2024-05-07T10:15:37.210179" elapsed="0.000160"/>
</kw>
<var name="${key}">gender</var>
<status status="PASS" start="2024-05-07T10:15:37.208612" elapsed="0.001938"/>
</iter>
<iter>
<kw name="Dictionary Should Contain Key" owner="Collections">
<msg time="2024-05-07T10:15:37.211256" level="INFO">False</msg>
<arg>${json_data['results'][0]}</arg>
<arg>${key}</arg>
<doc>Fails if ``key`` is not found from ``dictionary``.</doc>
<status status="PASS" start="2024-05-07T10:15:37.210847" elapsed="0.000446"/>
</kw>
<kw name="Log" owner="BuiltIn">
<msg time="2024-05-07T10:15:37.211973" level="INFO">{'gender': 'male', 'name': {'title': 'Mr', 'first': 'Adriyan', 'last': 'Koshel'}, 'location': {'street': {'number': 4273, 'name': '2-ga liniya'}, 'city': 'Rzhishchiv', 'state': 'Lvivska', 'country': 'Ukraine', 'postcode': 27376, 'coordinates': {'latitude': '73.3024', 'longitude': '-59.2885'}, 'timezone': {'offset': '-3:30', 'description': 'Newfoundland'}}, 'email': 'adriyan.koshel@example.com', 'login': {'uuid': '07568b83-c36e-4b26-a3d9-a5386595b161', 'username': 'ticklishmeercat677', 'password': 'chuckles', 'salt': 'Wly5Tkzy', 'md5': '3ac622c07b31f746e93eaab7b3a64f29', 'sha1': '56834da76c8ba6122a698b1e68536f693485a873', 'sha256': '443603070006bd0a265879b0fcba87049c45c34288de5d7bd6a66fee4caa5c42'}, 'dob': {'date': '1963-11-15T21:48:17.139Z', 'age': 60}, 'registered': {'date': '2006-11-26T14:35:10.025Z', 'age': 17}, 'phone': '(068) I63-7041', 'cell': '(068) V97-0242', 'id': {'name': '', 'value': None}, 'picture': {'large': 'https://randomuser.me/api/portraits/men/50.jpg', 'medium': 'https://randomuser.me/api/portraits/med/men/50.jpg', 'thumbnail': 'https://randomuser.me/api/portraits/thumb/men/50.jpg'}, 'nat': 'UA'}</msg>
<arg>${json_data['results'][0]}</arg>
<doc>Logs the given message with the given level.</doc>
<status status="PASS" start="2024-05-07T10:15:37.211614" elapsed="0.000407"/>
</kw>
<kw name="Log" owner="BuiltIn">
<msg time="2024-05-07T10:15:37.212440" level="INFO">name</msg>
<arg>${key}</arg>
<doc>Logs the given message with the given level.</doc>
<status status="PASS" start="2024-05-07T10:15:37.212314" elapsed="0.000164"/>
</kw>
<var name="${key}">name</var>
<status status="PASS" start="2024-05-07T10:15:37.210733" elapsed="0.001957"/>
</iter>
<iter>
<kw name="Dictionary Should Contain Key" owner="Collections">
<msg time="2024-05-07T10:15:37.213366" level="INFO">False</msg>
<arg>${json_data['results'][0]}</arg>
<arg>${key}</arg>
<doc>Fails if ``key`` is not found from ``dictionary``.</doc>
<status status="PASS" start="2024-05-07T10:15:37.212976" elapsed="0.000427"/>
</kw>
<kw name="Log" owner="BuiltIn">
<msg time="2024-05-07T10:15:37.214049" level="INFO">{'gender': 'male', 'name': {'title': 'Mr', 'first': 'Adriyan', 'last': 'Koshel'}, 'location': {'street': {'number': 4273, 'name': '2-ga liniya'}, 'city': 'Rzhishchiv', 'state': 'Lvivska', 'country': 'Ukraine', 'postcode': 27376, 'coordinates': {'latitude': '73.3024', 'longitude': '-59.2885'}, 'timezone': {'offset': '-3:30', 'description': 'Newfoundland'}}, 'email': 'adriyan.koshel@example.com', 'login': {'uuid': '07568b83-c36e-4b26-a3d9-a5386595b161', 'username': 'ticklishmeercat677', 'password': 'chuckles', 'salt': 'Wly5Tkzy', 'md5': '3ac622c07b31f746e93eaab7b3a64f29', 'sha1': '56834da76c8ba6122a698b1e68536f693485a873', 'sha256': '443603070006bd0a265879b0fcba87049c45c34288de5d7bd6a66fee4caa5c42'}, 'dob': {'date': '1963-11-15T21:48:17.139Z', 'age': 60}, 'registered': {'date': '2006-11-26T14:35:10.025Z', 'age': 17}, 'phone': '(068) I63-7041', 'cell': '(068) V97-0242', 'id': {'name': '', 'value': None}, 'picture': {'large': 'https://randomuser.me/api/portraits/men/50.jpg', 'medium': 'https://randomuser.me/api/portraits/med/men/50.jpg', 'thumbnail': 'https://randomuser.me/api/portraits/thumb/men/50.jpg'}, 'nat': 'UA'}</msg>
<arg>${json_data['results'][0]}</arg>
<doc>Logs the given message with the given level.</doc>
<status status="PASS" start="2024-05-07T10:15:37.213693" elapsed="0.000404"/>
</kw>
<kw name="Log" owner="BuiltIn">
<msg time="2024-05-07T10:15:37.214513" level="INFO">location</msg>
<arg>${key}</arg>
<doc>Logs the given message with the given level.</doc>
<status status="PASS" start="2024-05-07T10:15:37.214388" elapsed="0.000162"/>
</kw>
<var name="${key}">location</var>
<status status="PASS" start="2024-05-07T10:15:37.212866" elapsed="0.001894"/>
</iter>
<iter>
<kw name="Dictionary Should Contain Key" owner="Collections">
<msg time="2024-05-07T10:15:37.215439" level="INFO">False</msg>
<arg>${json_data['results'][0]}</arg>
<arg>${key}</arg>
<doc>Fails if ``key`` is not found from ``dictionary``.</doc>
<status status="PASS" start="2024-05-07T10:15:37.215062" elapsed="0.000414"/>
</kw>
<kw name="Log" owner="BuiltIn">
<msg time="2024-05-07T10:15:37.216129" level="INFO">{'gender': 'male', 'name': {'title': 'Mr', 'first': 'Adriyan', 'last': 'Koshel'}, 'location': {'street': {'number': 4273, 'name': '2-ga liniya'}, 'city': 'Rzhishchiv', 'state': 'Lvivska', 'country': 'Ukraine', 'postcode': 27376, 'coordinates': {'latitude': '73.3024', 'longitude': '-59.2885'}, 'timezone': {'offset': '-3:30', 'description': 'Newfoundland'}}, 'email': 'adriyan.koshel@example.com', 'login': {'uuid': '07568b83-c36e-4b26-a3d9-a5386595b161', 'username': 'ticklishmeercat677', 'password': 'chuckles', 'salt': 'Wly5Tkzy', 'md5': '3ac622c07b31f746e93eaab7b3a64f29', 'sha1': '56834da76c8ba6122a698b1e68536f693485a873', 'sha256': '443603070006bd0a265879b0fcba87049c45c34288de5d7bd6a66fee4caa5c42'}, 'dob': {'date': '1963-11-15T21:48:17.139Z', 'age': 60}, 'registered': {'date': '2006-11-26T14:35:10.025Z', 'age': 17}, 'phone': '(068) I63-7041', 'cell': '(068) V97-0242', 'id': {'name': '', 'value': None}, 'picture': {'large': 'https://randomuser.me/api/portraits/men/50.jpg', 'medium': 'https://randomuser.me/api/portraits/med/men/50.jpg', 'thumbnail': 'https://randomuser.me/api/portraits/thumb/men/50.jpg'}, 'nat': 'UA'}</msg>
<arg>${json_data['results'][0]}</arg>
<doc>Logs the given message with the given level.</doc>
<status status="PASS" start="2024-05-07T10:15:37.215775" elapsed="0.000402"/>
</kw>
<kw name="Log" owner="BuiltIn">
<msg time="2024-05-07T10:15:37.216618" level="INFO">email</msg>
<arg>${key}</arg>
<doc>Logs the given message with the given level.</doc>
<status status="PASS" start="2024-05-07T10:15:37.216469" elapsed="0.000185"/>
</kw>
<var name="${key}">email</var>
<status status="PASS" start="2024-05-07T10:15:37.214951" elapsed="0.001915"/>
</iter>
<iter>
<kw name="Dictionary Should Contain Key" owner="Collections">
<msg time="2024-05-07T10:15:37.217521" level="INFO">False</msg>
<arg>${json_data['results'][0]}</arg>
<arg>${key}</arg>
<doc>Fails if ``key`` is not found from ``dictionary``.</doc>
<status status="PASS" start="2024-05-07T10:15:37.217142" elapsed="0.000416"/>
</kw>
<kw name="Log" owner="BuiltIn">
<msg time="2024-05-07T10:15:37.218214" level="INFO">{'gender': 'male', 'name': {'title': 'Mr', 'first': 'Adriyan', 'last': 'Koshel'}, 'location': {'street': {'number': 4273, 'name': '2-ga liniya'}, 'city': 'Rzhishchiv', 'state': 'Lvivska', 'country': 'Ukraine', 'postcode': 27376, 'coordinates': {'latitude': '73.3024', 'longitude': '-59.2885'}, 'timezone': {'offset': '-3:30', 'description': 'Newfoundland'}}, 'email': 'adriyan.koshel@example.com', 'login': {'uuid': '07568b83-c36e-4b26-a3d9-a5386595b161', 'username': 'ticklishmeercat677', 'password': 'chuckles', 'salt': 'Wly5Tkzy', 'md5': '3ac622c07b31f746e93eaab7b3a64f29', 'sha1': '56834da76c8ba6122a698b1e68536f693485a873', 'sha256': '443603070006bd0a265879b0fcba87049c45c34288de5d7bd6a66fee4caa5c42'}, 'dob': {'date': '1963-11-15T21:48:17.139Z', 'age': 60}, 'registered': {'date': '2006-11-26T14:35:10.025Z', 'age': 17}, 'phone': '(068) I63-7041', 'cell': '(068) V97-0242', 'id': {'name': '', 'value': None}, 'picture': {'large': 'https://randomuser.me/api/portraits/men/50.jpg', 'medium': 'https://randomuser.me/api/portraits/med/men/50.jpg', 'thumbnail': 'https://randomuser.me/api/portraits/thumb/men/50.jpg'}, 'nat': 'UA'}</msg>
<arg>${json_data['results'][0]}</arg>
<doc>Logs the given message with the given level.</doc>
<status status="PASS" start="2024-05-07T10:15:37.217848" elapsed="0.000414"/>
</kw>
<kw name="Log" owner="BuiltIn">
<msg time="2024-05-07T10:15:37.218675" level="INFO">login</msg>
<arg>${key}</arg>
<doc>Logs the given message with the given level.</doc>
<status status="PASS" start="2024-05-07T10:15:37.218551" elapsed="0.000161"/>
</kw>
<var name="${key}">login</var>
<status status="PASS" start="2024-05-07T10:15:37.217033" elapsed="0.001917"/>
</iter>
<var>${key}</var>
<value>@{expected_keys}</value>
<status status="PASS" start="2024-05-07T10:15:37.208421" elapsed="0.010647"/>
</for>
<kw name="Create List" owner="BuiltIn">
<msg time="2024-05-07T10:15:37.219426" level="INFO">${expected_keysTwo} = ['username', 'password']</msg>
<var>${expected_keysTwo}</var>
<arg>username</arg>
<arg>password</arg>
<doc>Returns a list containing given items.</doc>
<status status="PASS" start="2024-05-07T10:15:37.219288" elapsed="0.000162"/>
</kw>
<for flavor="IN">
<iter>
<kw name="Dictionary Should Contain Key" owner="Collections">
<msg time="2024-05-07T10:15:37.220333" level="INFO">False</msg>
<arg>${json_data['results'][0]['login']}</arg>
<arg>${keyTwo}</arg>
<doc>Fails if ``key`` is not found from ``dictionary``.</doc>
<status status="PASS" start="2024-05-07T10:15:37.219946" elapsed="0.000424"/>
</kw>
<kw name="Dictionary Should Contain Key" owner="Collections">
<msg time="2024-05-07T10:15:37.221037" level="INFO">False</msg>
<arg>${json_data['results'][0]['login']}</arg>
<arg>${keyTwo}</arg>
<doc>Fails if ``key`` is not found from ``dictionary``.</doc>
<status status="PASS" start="2024-05-07T10:15:37.220663" elapsed="0.000411"/>
</kw>
<kw name="Log" owner="BuiltIn">
<msg time="2024-05-07T10:15:37.221484" level="INFO">username</msg>
<arg>${keyTwo}</arg>
<doc>Logs the given message with the given level.</doc>
<status status="PASS" start="2024-05-07T10:15:37.221362" elapsed="0.000164"/>
</kw>
<var name="${keyTwo}">username</var>
<status status="PASS" start="2024-05-07T10:15:37.219838" elapsed="0.001899"/>
</iter>
<iter>
<kw name="Dictionary Should Contain Key" owner="Collections">
<msg time="2024-05-07T10:15:37.222472" level="INFO">False</msg>
<arg>${json_data['results'][0]['login']}</arg>
<arg>${keyTwo}</arg>
<doc>Fails if ``key`` is not found from ``dictionary``.</doc>
<status status="PASS" start="2024-05-07T10:15:37.222013" elapsed="0.000499"/>
</kw>
<kw name="Dictionary Should Contain Key" owner="Collections">
<msg time="2024-05-07T10:15:37.223206" level="INFO">False</msg>
<arg>${json_data['results'][0]['login']}</arg>
<arg>${keyTwo}</arg>
<doc>Fails if ``key`` is not found from ``dictionary``.</doc>
<status status="PASS" start="2024-05-07T10:15:37.222808" elapsed="0.000435"/>
</kw>
<kw name="Log" owner="BuiltIn">
<msg time="2024-05-07T10:15:37.223659" level="INFO">password</msg>
<arg>${keyTwo}</arg>
<doc>Logs the given message with the given level.</doc>
<status status="PASS" start="2024-05-07T10:15:37.223533" elapsed="0.000162"/>
</kw>
<var name="${keyTwo}">password</var>
<status status="PASS" start="2024-05-07T10:15:37.221906" elapsed="0.002000"/>
</iter>
<var>${keyTwo}</var>
<value>@{expected_keysTwo}</value>
<status status="PASS" start="2024-05-07T10:15:37.219684" elapsed="0.004343"/>
</for>
<status status="PASS" start="2024-05-07T10:15:37.042086" elapsed="0.182082"/>
</kw>
<doc>Testa a estrutura da resposta da API.</doc>
<tag>testeEstruturaResposta</tag>
<status status="PASS" start="2024-05-07T10:15:37.041587" elapsed="0.182738"/>
</test>
<test id="s1-s1-t4" name="Validar tipos de dados" line="28">
<kw name="Teste de Tipos de Dados" owner="random-user-service">
<kw name="GET On Session" owner="RequestsLibrary">
<msg time="2024-05-07T10:15:37.325440" level="INFO">GET Request : url=https://randomuser.me/api 
 path_url=/api 
 headers={'User-Agent': 'python-requests/2.31.0', 'Accept-Encoding': 'gzip, deflate', 'Accept': '*/*', 'Connection': 'keep-alive'} 
 body=None 
 </msg>
<msg time="2024-05-07T10:15:37.325523" level="INFO">GET Response : url=https://randomuser.me/api 
 status=200, reason=OK 
 headers={'Date': 'Tue, 07 May 2024 10:15:37 GMT', 'Content-Type': 'application/json; charset=utf-8', 'Transfer-Encoding': 'chunked', 'Connection': 'keep-alive', 'X-Powered-By': 'Express', 'Access-Control-Allow-Origin': '*', 'Cache-Control': 'no-cache', 'ETag': 'W/"49c-sjjb7YPmJ8RV/5aBzvxYSCPf6ww"', 'Vary': 'Accept-Encoding', 'Content-Encoding': 'gzip', 'CF-Cache-Status': 'DYNAMIC', 'Report-To': '{"endpoints":[{"url":"https:\\/\\/a.nel.cloudflare.com\\/report\\/v4?s=VLvAt23qFk7KLQtSzwZjSEUjcm2thApxKK%2Bx6ykFjFwP9AWlDAlmesHlELwqIfEC5C0JFi6hi4aA779Ok84hyS0ELz%2FlKswdcLuNpeU83Pvm4AkyPyZiyEUpGasB%2BqZg"}],"group":"cf-nel","max_age":604800}', 'NEL': '{"success_fraction":0,"report_to":"cf-nel","max_age":604800}', 'Server': 'cloudflare', 'CF-RAY': '88007329bde07d62-LAX', 'alt-svc': 'h3=":443"; ma=86400'} 
 body={"results":[{"gender":"female","name":{"title":"Miss","first":"Alvani","last":"Farias"},"location":{"street":{"number":5562,"name":"Rua Vinte E Um"},"city":"Vitória da Conquista","state":"Sergipe","country":"Brazil","postcode":98543,"coordinates":{"latitude":"-77.2531","longitude":"123.3642"},"timezone":{"offset":"-11:00","description":"Midway Island, Samoa"}},"email":"alvani.farias@example.com","login":{"uuid":"06118ffe-f7b4-4365-a9c3-4503a402a9d0","username":"bluefrog423","password":"scarlett","salt":"CSsnywyL","md5":"f38ff7ecae6ae444e4e94318b9b2572e","sha1":"bbee11054b6e6ece8c0ae63eb9a5e971e73328cf","sha256":"9718aaae661b82ebc167f8d5e71a3b9647d5df4690e168a0d639fc3b5476d882"},"dob":{"date":"1945-06-22T20:19:18.458Z","age":78},"registered":{"date":"2007-03-17T17:59:02.163Z","age":17},"phone":"(20) 1658-0801","cell":"(40) 3536-4261","id":{"name":"CPF","value":"322.905.466-00"},"picture":{"large":"https://randomuser.me/api/portraits/women/61.jpg","medium":"https://randomuser.me/api/portraits/med/women/61.jpg","thumbnail":"https://randomuser.me/api/portraits/thumb/women/61.jpg"},"nat":"BR"}],"info":{"seed":"1b98cfb4ac960f97","results":1,"page":1,"version":"1.4"}} 
 </msg>
<msg time="2024-05-07T10:15:37.325595" level="INFO">/opt/hostedtoolcache/Python/3.12.3/x64/lib/python3.12/site-packages/urllib3/connectionpool.py:1103: InsecureRequestWarning: Unverified HTTPS request is being made to host 'randomuser.me'. Adding certificate verification is strongly advised. See: https://urllib3.readthedocs.io/en/latest/advanced-usage.html#tls-warnings
  warnings.warn(</msg>
<msg time="2024-05-07T10:15:37.325726" level="INFO">${response} = &lt;Response [200]&gt;</msg>
<var>${response}</var>
<arg>consultarAPI</arg>
<arg>/api</arg>
<doc>Sends a GET request on a previously created HTTP Session.</doc>
<status status="PASS" start="2024-05-07T10:15:37.226776" elapsed="0.099002"/>
</kw>
<kw name="Set Variable" owner="BuiltIn">
<msg time="2024-05-07T10:15:37.326668" level="INFO">${json_data} = {'results': [{'gender': 'female', 'name': {'title': 'Miss', 'first': 'Alvani', 'last': 'Farias'}, 'location': {'street': {'number': 5562, 'name': 'Rua Vinte E Um'}, 'city': 'Vitória da Conquista', 'st...</msg>
<var>${json_data}</var>
<arg>${response.json()}</arg>
<doc>Returns the given values which can then be assigned to a variables.</doc>
<status status="PASS" start="2024-05-07T10:15:37.326207" elapsed="0.000491"/>
</kw>
<kw name="Log" owner="BuiltIn">
<msg time="2024-05-07T10:15:37.327199" level="INFO">{'results': [{'gender': 'female', 'name': {'title': 'Miss', 'first': 'Alvani', 'last': 'Farias'}, 'location': {'street': {'number': 5562, 'name': 'Rua Vinte E Um'}, 'city': 'Vitória da Conquista', 'state': 'Sergipe', 'country': 'Brazil', 'postcode': 98543, 'coordinates': {'latitude': '-77.2531', 'longitude': '123.3642'}, 'timezone': {'offset': '-11:00', 'description': 'Midway Island, Samoa'}}, 'email': 'alvani.farias@example.com', 'login': {'uuid': '06118ffe-f7b4-4365-a9c3-4503a402a9d0', 'username': 'bluefrog423', 'password': 'scarlett', 'salt': 'CSsnywyL', 'md5': 'f38ff7ecae6ae444e4e94318b9b2572e', 'sha1': 'bbee11054b6e6ece8c0ae63eb9a5e971e73328cf', 'sha256': '9718aaae661b82ebc167f8d5e71a3b9647d5df4690e168a0d639fc3b5476d882'}, 'dob': {'date': '1945-06-22T20:19:18.458Z', 'age': 78}, 'registered': {'date': '2007-03-17T17:59:02.163Z', 'age': 17}, 'phone': '(20) 1658-0801', 'cell': '(40) 3536-4261', 'id': {'name': 'CPF', 'value': '322.905.466-00'}, 'picture': {'large': 'https://randomuser.me/api/portraits/women/61.jpg', 'medium': 'https://randomuser.me/api/portraits/med/women/61.jpg', 'thumbnail': 'https://randomuser.me/api/portraits/thumb/women/61.jpg'}, 'nat': 'BR'}], 'info': {'seed': '1b98cfb4ac960f97', 'results': 1, 'page': 1, 'version': '1.4'}}</msg>
<arg>${json_data}</arg>
<doc>Logs the given message with the given level.</doc>
<status status="PASS" start="2024-05-07T10:15:37.327045" elapsed="0.000233"/>
</kw>
<kw name="Should Be String" owner="String">
<arg>${json_data['results'][0]['gender']}</arg>
<doc>Fails if the given ``item`` is not a string.</doc>
<status status="PASS" start="2024-05-07T10:15:37.327577" elapsed="0.000361"/>
</kw>
<kw name="Should Match Regexp" owner="BuiltIn">
<arg>${json_data['results'][0]['email']}</arg>
<arg>^[a-zA-Z0-9._%+-]+@[a-zA-Z0-9.-]+\.[a-zA-Z]{2,}$</arg>
<doc>Fails if ``string`` does not match ``pattern`` as a regular expression.</doc>
<status status="PASS" start="2024-05-07T10:15:37.328127" elapsed="0.000503"/>
</kw>
<kw name="Should Match Regexp" owner="BuiltIn">
<arg>${json_data['results'][0]['dob']['date']}</arg>
<arg>\\d{4}-\\d{2}-\\d{2}T\\d{2}:\\d{2}:\\d{2}\\.\\d{3}Z</arg>
<doc>Fails if ``string`` does not match ``pattern`` as a regular expression.</doc>
<status status="PASS" start="2024-05-07T10:15:37.328819" elapsed="0.000482"/>
</kw>
<kw name="Should Match Regexp" owner="BuiltIn">
<arg>${json_data['results'][0]['registered']['date']}</arg>
<arg>\\d{4}-\\d{2}-\\d{2}T\\d{2}:\\d{2}:\\d{2}\\.\\d{3}Z</arg>
<doc>Fails if ``string`` does not match ``pattern`` as a regular expression.</doc>
<status status="PASS" start="2024-05-07T10:15:37.329486" elapsed="0.000360"/>
</kw>
<kw name="Should Match Regexp" owner="BuiltIn">
<arg>${json_data['results'][0]['picture']['large']}</arg>
<arg>^https?://.*\.(?:png|jpe?g|gif|bmp)$</arg>
<doc>Fails if ``string`` does not match ``pattern`` as a regular expression.</doc>
<status status="PASS" start="2024-05-07T10:15:37.330029" elapsed="0.000449"/>
</kw>
<kw name="Should Match Regexp" owner="BuiltIn">
<arg>${json_data['results'][0]['picture']['medium']}</arg>
<arg>^https?://.*\.(?:png|jpe?g|gif|bmp)$</arg>
<doc>Fails if ``string`` does not match ``pattern`` as a regular expression.</doc>
<status status="PASS" start="2024-05-07T10:15:37.330658" elapsed="0.000384"/>
</kw>
<kw name="Should Match Regexp" owner="BuiltIn">
<arg>${json_data['results'][0]['picture']['thumbnail']}</arg>
<arg>^https?://.*\.(?:png|jpe?g|gif|bmp)$</arg>
<doc>Fails if ``string`` does not match ``pattern`` as a regular expression.</doc>
<status status="PASS" start="2024-05-07T10:15:37.331228" elapsed="0.000344"/>
</kw>
<kw name="Log" owner="BuiltIn">
<msg time="2024-05-07T10:15:37.332065" level="INFO">{'large': 'https://randomuser.me/api/portraits/women/61.jpg', 'medium': 'https://randomuser.me/api/portraits/med/women/61.jpg', 'thumbnail': 'https://randomuser.me/api/portraits/thumb/women/61.jpg'}</msg>
<arg>${json_data['results'][0]['picture']}</arg>
<doc>Logs the given message with the given level.</doc>
<status status="PASS" start="2024-05-07T10:15:37.331745" elapsed="0.000360"/>
</kw>
<status status="PASS" start="2024-05-07T10:15:37.226551" elapsed="0.105801"/>
</kw>
<kw name="Teste de Tipos de Dados - Postcode" owner="random-user-service">
<kw name="GET On Session" owner="RequestsLibrary">
<msg time="2024-05-07T10:15:37.426127" level="INFO">GET Request : url=https://randomuser.me/api 
 path_url=/api 
 headers={'User-Agent': 'python-requests/2.31.0', 'Accept-Encoding': 'gzip, deflate', 'Accept': '*/*', 'Connection': 'keep-alive'} 
 body=None 
 </msg>
<msg time="2024-05-07T10:15:37.426233" level="INFO">GET Response : url=https://randomuser.me/api 
 status=200, reason=OK 
 headers={'Date': 'Tue, 07 May 2024 10:15:37 GMT', 'Content-Type': 'application/json; charset=utf-8', 'Transfer-Encoding': 'chunked', 'Connection': 'keep-alive', 'X-Powered-By': 'Express', 'Access-Control-Allow-Origin': '*', 'Cache-Control': 'no-cache', 'ETag': 'W/"48e-kUAc5w6zrWZxxwgEdGm0Co5ONQw"', 'Vary': 'Accept-Encoding', 'Content-Encoding': 'gzip', 'CF-Cache-Status': 'DYNAMIC', 'Report-To': '{"endpoints":[{"url":"https:\\/\\/a.nel.cloudflare.com\\/report\\/v4?s=3dYGiR7EWZ9aitvQWComHXA7wWNeaW774WyTSo73UKowD3rfVAPGddB46zxrvXVETINvs9QWbTMGMGhQJlcCRc8g8mhTxwOBe0P7qwJwgd7CONaiLcmPPsDstXJouc30"}],"group":"cf-nel","max_age":604800}', 'NEL': '{"success_fraction":0,"report_to":"cf-nel","max_age":604800}', 'Server': 'cloudflare', 'CF-RAY': '8800732a5e357d62-LAX', 'alt-svc': 'h3=":443"; ma=86400'} 
 body={"results":[{"gender":"male","name":{"title":"Mr","first":"Jonathan","last":"Welch"},"location":{"street":{"number":8574,"name":"Shady Ln Dr"},"city":"Fort Lauderdale","state":"Mississippi","country":"United States","postcode":34553,"coordinates":{"latitude":"84.6977","longitude":"-172.1815"},"timezone":{"offset":"-12:00","description":"Eniwetok, Kwajalein"}},"email":"jonathan.welch@example.com","login":{"uuid":"8f0db574-c608-4641-b172-7ea9dba46ec4","username":"heavycat498","password":"alien","salt":"VBbHAqe7","md5":"3ad870fe09ca0161216a556704cc2f22","sha1":"bc472ae98bbd1be36bee5823e52a7c64a74fbb54","sha256":"6cd42fc3093728fa1d71363c616c9aaa118c0afa461765f1b0b894f4a1d4aa80"},"dob":{"date":"1994-09-26T05:32:23.882Z","age":29},"registered":{"date":"2015-03-22T23:31:28.856Z","age":9},"phone":"(876) 439-7278","cell":"(372) 841-2390","id":{"name":"SSN","value":"437-54-2590"},"picture":{"large":"https://randomuser.me/api/portraits/men/58.jpg","medium":"https://randomuser.me/api/portraits/med/men/58.jpg","thumbnail":"https://randomuser.me/api/portraits/thumb/men/58.jpg"},"nat":"US"}],"info":{"seed":"8d296c13e260b4c6","results":1,"page":1,"version":"1.4"}} 
 </msg>
<msg time="2024-05-07T10:15:37.426299" level="INFO">/opt/hostedtoolcache/Python/3.12.3/x64/lib/python3.12/site-packages/urllib3/connectionpool.py:1103: InsecureRequestWarning: Unverified HTTPS request is being made to host 'randomuser.me'. Adding certificate verification is strongly advised. See: https://urllib3.readthedocs.io/en/latest/advanced-usage.html#tls-warnings
  warnings.warn(</msg>
<msg time="2024-05-07T10:15:37.426438" level="INFO">${response} = &lt;Response [200]&gt;</msg>
<var>${response}</var>
<arg>consultarAPI</arg>
<arg>/api</arg>
<doc>Sends a GET request on a previously created HTTP Session.</doc>
<status status="PASS" start="2024-05-07T10:15:37.332787" elapsed="0.093692"/>
</kw>
<kw name="Set Variable" owner="BuiltIn">
<msg time="2024-05-07T10:15:37.427513" level="INFO">${json_data} = {'results': [{'gender': 'male', 'name': {'title': 'Mr', 'first': 'Jonathan', 'last': 'Welch'}, 'location': {'street': {'number': 8574, 'name': 'Shady Ln Dr'}, 'city': 'Fort Lauderdale', 'state': 'Miss...</msg>
<var>${json_data}</var>
<arg>${response.json()}</arg>
<doc>Returns the given values which can then be assigned to a variables.</doc>
<status status="PASS" start="2024-05-07T10:15:37.426999" elapsed="0.000542"/>
</kw>
<kw name="Log" owner="BuiltIn">
<msg time="2024-05-07T10:15:37.428013" level="INFO">{'results': [{'gender': 'male', 'name': {'title': 'Mr', 'first': 'Jonathan', 'last': 'Welch'}, 'location': {'street': {'number': 8574, 'name': 'Shady Ln Dr'}, 'city': 'Fort Lauderdale', 'state': 'Mississippi', 'country': 'United States', 'postcode': 34553, 'coordinates': {'latitude': '84.6977', 'longitude': '-172.1815'}, 'timezone': {'offset': '-12:00', 'description': 'Eniwetok, Kwajalein'}}, 'email': 'jonathan.welch@example.com', 'login': {'uuid': '8f0db574-c608-4641-b172-7ea9dba46ec4', 'username': 'heavycat498', 'password': 'alien', 'salt': 'VBbHAqe7', 'md5': '3ad870fe09ca0161216a556704cc2f22', 'sha1': 'bc472ae98bbd1be36bee5823e52a7c64a74fbb54', 'sha256': '6cd42fc3093728fa1d71363c616c9aaa118c0afa461765f1b0b894f4a1d4aa80'}, 'dob': {'date': '1994-09-26T05:32:23.882Z', 'age': 29}, 'registered': {'date': '2015-03-22T23:31:28.856Z', 'age': 9}, 'phone': '(876) 439-7278', 'cell': '(372) 841-2390', 'id': {'name': 'SSN', 'value': '437-54-2590'}, 'picture': {'large': 'https://randomuser.me/api/portraits/men/58.jpg', 'medium': 'https://randomuser.me/api/portraits/med/men/58.jpg', 'thumbnail': 'https://randomuser.me/api/portraits/thumb/men/58.jpg'}, 'nat': 'US'}], 'info': {'seed': '8d296c13e260b4c6', 'results': 1, 'page': 1, 'version': '1.4'}}</msg>
<arg>${json_data}</arg>
<doc>Logs the given message with the given level.</doc>
<status status="PASS" start="2024-05-07T10:15:37.427849" elapsed="0.000209"/>
</kw>
<kw name="Should Be Equal As Numbers" owner="BuiltIn">
<arg>${json_data['results'][0]['location']['postcode']}</arg>
<arg>${json_data['results'][0]['location']['postcode']}</arg>
<doc>Fails if objects are unequal after converting them to real numbers.</doc>
<status status="PASS" start="2024-05-07T10:15:37.428536" elapsed="0.000651"/>
</kw>
<kw name="Log" owner="BuiltIn">
<msg time="2024-05-07T10:15:37.429707" level="INFO">34553</msg>
<arg>${json_data['results'][0]['location']['postcode']}</arg>
<doc>Logs the given message with the given level.</doc>
<status status="PASS" start="2024-05-07T10:15:37.429376" elapsed="0.000371"/>
</kw>
<status status="PASS" start="2024-05-07T10:15:37.332563" elapsed="0.097436"/>
</kw>
<doc>Testa se os tipos de dados na resposta da API estão corretos.</doc>
<tag>testeTiposDados</tag>
<status status="PASS" start="2024-05-07T10:15:37.226094" elapsed="0.204069"/>
</test>
<test id="s1-s1-t5" name="Validar conteudo" line="35">
<kw name="Teste de Tipos de Conteudo" owner="random-user-service">
<kw name="GET On Session" owner="RequestsLibrary">
<msg time="2024-05-07T10:15:37.532134" level="INFO">GET Request : url=https://randomuser.me/api 
 path_url=/api 
 headers={'User-Agent': 'python-requests/2.31.0', 'Accept-Encoding': 'gzip, deflate', 'Accept': '*/*', 'Connection': 'keep-alive'} 
 body=None 
 </msg>
<msg time="2024-05-07T10:15:37.532243" level="INFO">GET Response : url=https://randomuser.me/api 
 status=200, reason=OK 
 headers={'Date': 'Tue, 07 May 2024 10:15:37 GMT', 'Content-Type': 'application/json; charset=utf-8', 'Transfer-Encoding': 'chunked', 'Connection': 'keep-alive', 'X-Powered-By': 'Express', 'Access-Control-Allow-Origin': '*', 'Cache-Control': 'no-cache', 'ETag': 'W/"4a5-pq5J6/d86GOMgRUBOi37qdNKTEc"', 'Vary': 'Accept-Encoding', 'Content-Encoding': 'gzip', 'CF-Cache-Status': 'DYNAMIC', 'Report-To': '{"endpoints":[{"url":"https:\\/\\/a.nel.cloudflare.com\\/report\\/v4?s=WcufX3ldNTOT%2BZ1BOYHd5F%2FoAfEaOS2%2BPHgNDoCt1LeOdBawlAKI%2BaeNaREBwXfvTofVXBKDBIy%2F5j7T5G4YYsubIcQc%2BlDMXBtgg9JCXLQnRiUNwXUTur3KUapan0S1"}],"group":"cf-nel","max_age":604800}', 'NEL': '{"success_fraction":0,"report_to":"cf-nel","max_age":604800}', 'Server': 'cloudflare', 'CF-RAY': '8800732afe677d62-LAX', 'alt-svc': 'h3=":443"; ma=86400'} 
 body={"results":[{"gender":"male","name":{"title":"Mr","first":"Humberto","last":"Gaytán"},"location":{"street":{"number":8367,"name":"Cerrada Norte Carrión"},"city":"Cuanajo","state":"Quintana Roo","country":"Mexico","postcode":85147,"coordinates":{"latitude":"25.4989","longitude":"-50.1448"},"timezone":{"offset":"+3:00","description":"Baghdad, Riyadh, Moscow, St. Petersburg"}},"email":"humberto.gaytan@example.com","login":{"uuid":"668d53bd-bb35-4326-a0e9-eeb1ee3155ef","username":"tinymeercat916","password":"12345a","salt":"RTmtokzl","md5":"a0e4d793a50dd24c4da8f8b2f92d19ed","sha1":"0670acdca987776f62bc768fdb4f691b096c4749","sha256":"94e67debc743e4e6498a922f93eec12df870a0c7eefb6a748a1a18982b157edc"},"dob":{"date":"1996-02-11T23:24:36.412Z","age":28},"registered":{"date":"2017-02-10T04:17:02.465Z","age":7},"phone":"(688) 203 3994","cell":"(642) 248 4454","id":{"name":"NSS","value":"38 51 73 1985 2"},"picture":{"large":"https://randomuser.me/api/portraits/men/7.jpg","medium":"https://randomuser.me/api/portraits/med/men/7.jpg","thumbnail":"https://randomuser.me/api/portraits/thumb/men/7.jpg"},"nat":"MX"}],"info":{"seed":"d710d55cfdc300ae","results":1,"page":1,"version":"1.4"}} 
 </msg>
<msg time="2024-05-07T10:15:37.532326" level="INFO">/opt/hostedtoolcache/Python/3.12.3/x64/lib/python3.12/site-packages/urllib3/connectionpool.py:1103: InsecureRequestWarning: Unverified HTTPS request is being made to host 'randomuser.me'. Adding certificate verification is strongly advised. See: https://urllib3.readthedocs.io/en/latest/advanced-usage.html#tls-warnings
  warnings.warn(</msg>
<msg time="2024-05-07T10:15:37.532475" level="INFO">${response} = &lt;Response [200]&gt;</msg>
<var>${response}</var>
<arg>consultarAPI</arg>
<arg>/api</arg>
<doc>Sends a GET request on a previously created HTTP Session.</doc>
<status status="PASS" start="2024-05-07T10:15:37.432619" elapsed="0.099900"/>
</kw>
<kw name="Set Variable" owner="BuiltIn">
<msg time="2024-05-07T10:15:37.533541" level="INFO">${json_data} = {'results': [{'gender': 'male', 'name': {'title': 'Mr', 'first': 'Humberto', 'last': 'Gaytán'}, 'location': {'street': {'number': 8367, 'name': 'Cerrada Norte Carrión'}, 'city': 'Cuanajo', 'state': 'Q...</msg>
<var>${json_data}</var>
<arg>${response.json()}</arg>
<doc>Returns the given values which can then be assigned to a variables.</doc>
<status status="PASS" start="2024-05-07T10:15:37.533025" elapsed="0.000546"/>
</kw>
<kw name="Set Variable" owner="BuiltIn">
<msg time="2024-05-07T10:15:37.534259" level="INFO">${name_title} = Mr</msg>
<var>${name_title}</var>
<arg>${json_data["results"][0]["name"]["title"]}</arg>
<doc>Returns the given values which can then be assigned to a variables.</doc>
<status status="PASS" start="2024-05-07T10:15:37.533878" elapsed="0.000406"/>
</kw>
<kw name="Create List" owner="BuiltIn">
<msg time="2024-05-07T10:15:37.534734" level="INFO">${allowed_titles} = ['Mr', 'Ms', 'Miss', 'Mrs', 'Madame', 'Monsieur']</msg>
<var>${allowed_titles}</var>
<arg>Mr</arg>
<arg>Ms</arg>
<arg>Miss</arg>
<arg>Mrs</arg>
<arg>Madame</arg>
<arg>Monsieur</arg>
<doc>Returns a list containing given items.</doc>
<status status="PASS" start="2024-05-07T10:15:37.534585" elapsed="0.000173"/>
</kw>
<kw name="List Should Contain Value" owner="Collections">
<msg time="2024-05-07T10:15:37.535270" level="INFO">False</msg>
<arg>${allowed_titles}</arg>
<arg>${name_title}</arg>
<doc>Fails if the ``value`` is not found from ``list``.</doc>
<status status="PASS" start="2024-05-07T10:15:37.535097" elapsed="0.000209"/>
</kw>
<kw name="Set Variable" owner="BuiltIn">
<msg time="2024-05-07T10:15:37.535969" level="INFO">${name_country} = MX</msg>
<var>${name_country}</var>
<arg>${json_data["results"][0]["nat"]}</arg>
<doc>Returns the given values which can then be assigned to a variables.</doc>
<status status="PASS" start="2024-05-07T10:15:37.535595" elapsed="0.000398"/>
</kw>
<kw name="Create List" owner="BuiltIn">
<msg time="2024-05-07T10:15:37.536879" level="INFO">${list_country} = ['AD', 'AE', 'AF', 'AG', 'AI', 'AL', 'AM', 'AO', 'AQ', 'AR', 'AS', 'AT', 'AU', 'AW', 'AX', 'AZ', 'BA', 'BB', 'BD', 'BE', 'BF', 'BG', 'BH', 'BI', 'BJ', 'BL', 'BM', 'BN', 'BO', 'BQ', 'BR', 'BS', 'BT', '...</msg>
<var>${list_country}</var>
<arg>AD</arg>
<arg>AE</arg>
<arg>AF</arg>
<arg>AG</arg>
<arg>AI</arg>
<arg>AL</arg>
<arg>AM</arg>
<arg>AO</arg>
<arg>AQ</arg>
<arg>AR</arg>
<arg>AS</arg>
<arg>AT</arg>
<arg>AU</arg>
<arg>AW</arg>
<arg>AX</arg>
<arg>AZ</arg>
<arg>BA</arg>
<arg>BB</arg>
<arg>BD</arg>
<arg>BE</arg>
<arg>BF</arg>
<arg>BG</arg>
<arg>BH</arg>
<arg>BI</arg>
<arg>BJ</arg>
<arg>BL</arg>
<arg>BM</arg>
<arg>BN</arg>
<arg>BO</arg>
<arg>BQ</arg>
<arg>BR</arg>
<arg>BS</arg>
<arg>BT</arg>
<arg>BV</arg>
<arg>BW</arg>
<arg>BY</arg>
<arg>BZ</arg>
<arg>CA</arg>
<arg>CC</arg>
<arg>CD</arg>
<arg>CF</arg>
<arg>CG</arg>
<arg>CH</arg>
<arg>CI</arg>
<arg>CK</arg>
<arg>CL</arg>
<arg>CM</arg>
<arg>CN</arg>
<arg>CO</arg>
<arg>CR</arg>
<arg>CU</arg>
<arg>CV</arg>
<arg>CW</arg>
<arg>CX</arg>
<arg>CY</arg>
<arg>CZ</arg>
<arg>DE</arg>
<arg>DJ</arg>
<arg>DK</arg>
<arg>DM</arg>
<arg>DO</arg>
<arg>DZ</arg>
<arg>EC</arg>
<arg>EE</arg>
<arg>EG</arg>
<arg>EH</arg>
<arg>ER</arg>
<arg>ES</arg>
<arg>ET</arg>
<arg>FI</arg>
<arg>FJ</arg>
<arg>FK</arg>
<arg>FM</arg>
<arg>FO</arg>
<arg>FR</arg>
<arg>GA</arg>
<arg>GB</arg>
<arg>GD</arg>
<arg>GE</arg>
<arg>GF</arg>
<arg>GG</arg>
<arg>GH</arg>
<arg>GI</arg>
<arg>GL</arg>
<arg>GM</arg>
<arg>GN</arg>
<arg>GP</arg>
<arg>GQ</arg>
<arg>GR</arg>
<arg>GS</arg>
<arg>GT</arg>
<arg>GU</arg>
<arg>GW</arg>
<arg>GY</arg>
<arg>HK</arg>
<arg>HM</arg>
<arg>HN</arg>
<arg>HR</arg>
<arg>HT</arg>
<arg>HU</arg>
<arg>ID</arg>
<arg>IE</arg>
<arg>IL</arg>
<arg>IM</arg>
<arg>IN</arg>
<arg>IO</arg>
<arg>IQ</arg>
<arg>IR</arg>
<arg>IS</arg>
<arg>IT</arg>
<arg>JE</arg>
<arg>JM</arg>
<arg>JO</arg>
<arg>JP</arg>
<arg>KE</arg>
<arg>KG</arg>
<arg>KH</arg>
<arg>KI</arg>
<arg>KM</arg>
<arg>KN</arg>
<arg>KP</arg>
<arg>KR</arg>
<arg>KW</arg>
<arg>KY</arg>
<arg>KZ</arg>
<arg>LA</arg>
<arg>LB</arg>
<arg>LC</arg>
<arg>LI</arg>
<arg>LK</arg>
<arg>LR</arg>
<arg>LS</arg>
<arg>LT</arg>
<arg>LU</arg>
<arg>LV</arg>
<arg>LY</arg>
<arg>MA</arg>
<arg>MC</arg>
<arg>MD</arg>
<arg>ME</arg>
<arg>MF</arg>
<arg>MG</arg>
<arg>MH</arg>
<arg>MK</arg>
<arg>ML</arg>
<arg>MM</arg>
<arg>MN</arg>
<arg>MO</arg>
<arg>MP</arg>
<arg>MQ</arg>
<arg>MR</arg>
<arg>MS</arg>
<arg>MT</arg>
<arg>MU</arg>
<arg>MV</arg>
<arg>MW</arg>
<arg>MX</arg>
<arg>MY</arg>
<arg>MZ</arg>
<arg>NA</arg>
<arg>NC</arg>
<arg>NE</arg>
<arg>NF</arg>
<arg>NG</arg>
<arg>NI</arg>
<arg>NL</arg>
<arg>NO</arg>
<arg>NP</arg>
<arg>NR</arg>
<arg>NU</arg>
<arg>NZ</arg>
<arg>OM</arg>
<arg>PA</arg>
<arg>PE</arg>
<arg>PF</arg>
<arg>PG</arg>
<arg>PH</arg>
<arg>PK</arg>
<arg>PL</arg>
<arg>PM</arg>
<arg>PN</arg>
<arg>PR</arg>
<arg>PS</arg>
<arg>PT</arg>
<arg>PW</arg>
<arg>PY</arg>
<arg>QA</arg>
<arg>RE</arg>
<arg>RO</arg>
<arg>RS</arg>
<arg>RU</arg>
<arg>RW</arg>
<arg>SA</arg>
<arg>SB</arg>
<arg>SC</arg>
<arg>SD</arg>
<arg>SE</arg>
<arg>SG</arg>
<arg>SH</arg>
<arg>SI</arg>
<arg>SJ</arg>
<arg>SK</arg>
<arg>SL</arg>
<arg>SM</arg>
<arg>SN</arg>
<arg>SO</arg>
<arg>SR</arg>
<arg>SS</arg>
<arg>ST</arg>
<arg>SV</arg>
<arg>SX</arg>
<arg>SY</arg>
<arg>SZ</arg>
<arg>TC</arg>
<arg>TD</arg>
<arg>TF</arg>
<arg>TG</arg>
<arg>TH</arg>
<arg>TJ</arg>
<arg>TK</arg>
<arg>TL</arg>
<arg>TM</arg>
<arg>TN</arg>
<arg>TO</arg>
<arg>TR</arg>
<arg>TT</arg>
<arg>TV</arg>
<arg>TW</arg>
<arg>TZ</arg>
<arg>UA</arg>
<arg>UG</arg>
<arg>UM</arg>
<arg>US</arg>
<arg>UY</arg>
<arg>UZ</arg>
<arg>VA</arg>
<arg>VC</arg>
<arg>VE</arg>
<arg>VG</arg>
<arg>VI</arg>
<arg>VN</arg>
<arg>VU</arg>
<arg>WF</arg>
<arg>WS</arg>
<arg>XK</arg>
<arg>YE</arg>
<arg>YT</arg>
<arg>ZA</arg>
<arg>ZM</arg>
<arg>ZW</arg>
<doc>Returns a list containing given items.</doc>
<status status="PASS" start="2024-05-07T10:15:37.536289" elapsed="0.000615"/>
</kw>
<kw name="List Should Contain Value" owner="Collections">
<msg time="2024-05-07T10:15:37.537894" level="INFO">False</msg>
<arg>${list_country}</arg>
<arg>${name_country}</arg>
<doc>Fails if the ``value`` is not found from ``list``.</doc>
<status status="PASS" start="2024-05-07T10:15:37.537685" elapsed="0.000244"/>
</kw>
<kw name="Run Keyword If" owner="BuiltIn">
<kw name="Should Be True" owner="BuiltIn">
<arg>${True}</arg>
<doc>Fails if the given condition is not true.</doc>
<status status="PASS" start="2024-05-07T10:15:37.539018" elapsed="0.000261"/>
</kw>
<arg>${json_data["results"][0]["location"]["coordinates"]["latitude"]} &gt;= -90 and ${json_data["results"][0]["location"]["coordinates"]["latitude"]} &lt;= 90</arg>
<arg>Should Be True</arg>
<arg>${True}</arg>
<doc>Runs the given keyword with the given arguments, if ``condition`` is true.</doc>
<status status="PASS" start="2024-05-07T10:15:37.538238" elapsed="0.001171"/>
</kw>
<kw name="Run Keyword If" owner="BuiltIn">
<kw name="Should Be True" owner="BuiltIn">
<arg>${True}</arg>
<doc>Fails if the given condition is not true.</doc>
<status status="PASS" start="2024-05-07T10:15:37.540286" elapsed="0.000137"/>
</kw>
<arg>${json_data["results"][0]["location"]["coordinates"]["longitude"]} &gt;= -180 and ${json_data["results"][0]["location"]["coordinates"]["longitude"]} &lt;= 180</arg>
<arg>Should Be True</arg>
<arg>${True}</arg>
<doc>Runs the given keyword with the given arguments, if ``condition`` is true.</doc>
<status status="PASS" start="2024-05-07T10:15:37.539594" elapsed="0.000951"/>
</kw>
<status status="PASS" start="2024-05-07T10:15:37.432395" elapsed="0.108277"/>
</kw>
<doc>Testa o conteúdo específico dos campos retornados pela API.</doc>
<tag>testeConteudo</tag>
<status status="PASS" start="2024-05-07T10:15:37.431954" elapsed="0.108866"/>
</test>
<status status="PASS" start="2024-05-07T10:15:36.320472" elapsed="1.222339"/>
</suite>
<status status="PASS" start="2024-05-07T10:15:36.307145" elapsed="1.240825"/>
</suite>
<statistics>
<total>
<stat pass="5" fail="0" skip="0">All Tests</stat>
</total>
<tag>
<stat pass="1" fail="0" skip="0">testeConteudo</stat>
<stat pass="1" fail="0" skip="0">testeEstruturaResposta</stat>
<stat pass="1" fail="0" skip="0">testeRequisicaoBasica</stat>
<stat pass="1" fail="0" skip="0">testeTiposDados</stat>
</tag>
<suite>
<stat pass="5" fail="0" skip="0" id="s1" name="Tests">Tests</stat>
<stat pass="5" fail="0" skip="0" id="s1-s1" name="Random-User-Test">Tests.Random-User-Test</stat>
</suite>
</statistics>
<errors>
</errors>
</robot>
