<?xml version="1.0" encoding="UTF-8"?>
<robot generator="Robot 7.0 (Python 3.12.3 on linux)" generated="2024-05-12T06:18:46.002042" rpa="false" schemaversion="5">
<suite id="s1" name="Tests" source="/home/runner/work/DesafioQAItauRogerioJordao/DesafioQAItauRogerioJordao/RamdonUser/tests">
<suite id="s1-s1" name="Random-User-Test" source="/home/runner/work/DesafioQAItauRogerioJordao/DesafioQAItauRogerioJordao/RamdonUser/tests/random-user-test.robot">
<test id="s1-s1-t1" name="Conectar" line="13">
<kw name="Conectar API" owner="random-user-service">
<kw name="Create Session" owner="RequestsLibrary">
<msg time="2024-05-12T06:18:46.367226" level="INFO">Creating Session using : alias=consultarAPI, url=https://randomuser.me/, headers={},                     cookies={}, auth=None, timeout=None, proxies=None, verify=False,                     debug=0 </msg>
<arg>consultarAPI</arg>
<arg>${URL}</arg>
<doc>Create Session: create a HTTP session to a server</doc>
<status status="PASS" start="2024-05-12T06:18:46.367017" elapsed="0.000398"/>
</kw>
<status status="PASS" start="2024-05-12T06:18:46.365971" elapsed="0.001813"/>
</kw>
<status status="PASS" start="2024-05-12T06:18:46.365325" elapsed="0.002654"/>
</test>
<test id="s1-s1-t2" name="Validar retorno 200 e JSON Válido" line="16">
<kw name="Teste de Requisicao Basica" owner="random-user-service">
<kw name="GET On Session" owner="RequestsLibrary">
<msg time="2024-05-12T06:18:46.572840" level="INFO">GET Request : url=https://randomuser.me/api 
 path_url=/api 
 headers={'User-Agent': 'python-requests/2.31.0', 'Accept-Encoding': 'gzip, deflate', 'Accept': '*/*', 'Connection': 'keep-alive'} 
 body=None 
 </msg>
<msg time="2024-05-12T06:18:46.572995" level="INFO">GET Response : url=https://randomuser.me/api 
 status=200, reason=OK 
 headers={'Date': 'Sun, 12 May 2024 06:18:46 GMT', 'Content-Type': 'application/json; charset=utf-8', 'Transfer-Encoding': 'chunked', 'Connection': 'keep-alive', 'X-Powered-By': 'Express', 'Access-Control-Allow-Origin': '*', 'Cache-Control': 'no-cache', 'ETag': 'W/"4a0-D2OAi29zOAaVJjY4P8vzawbcSa4"', 'Vary': 'Accept-Encoding', 'Content-Encoding': 'gzip', 'CF-Cache-Status': 'DYNAMIC', 'Report-To': '{"endpoints":[{"url":"https:\\/\\/a.nel.cloudflare.com\\/report\\/v4?s=F7DO%2FkGVUAidI2oBs9RzVva3gznlT3MtLsOF6tHUVMxhOJ0Rey%2FF5wuLMEgpZ0UFOR31ZTdSKf5CaJji2JuzFOtnDhzUF14azb7QsiP%2B9SIx3%2FA49bCTPsHc808XiFjO"}],"group":"cf-nel","max_age":604800}', 'NEL': '{"success_fraction":0,"report_to":"cf-nel","max_age":604800}', 'Server': 'cloudflare', 'CF-RAY': '88284b180f4e0105-ORD', 'alt-svc': 'h3=":443"; ma=86400'} 
 body={"results":[{"gender":"female","name":{"title":"Miss","first":"Carole","last":"Wells"},"location":{"street":{"number":1728,"name":"Valwood Pkwy"},"city":"Mildura","state":"Western Australia","country":"Australia","postcode":3593,"coordinates":{"latitude":"-87.0561","longitude":"54.9108"},"timezone":{"offset":"+9:00","description":"Tokyo, Seoul, Osaka, Sapporo, Yakutsk"}},"email":"carole.wells@example.com","login":{"uuid":"2f1e2d9f-89cb-4fa2-a0e3-3122166163eb","username":"blueelephant186","password":"trouble1","salt":"KUR0QiOc","md5":"f2b7a585112a96052372efa266e5fb28","sha1":"a6eb65e2bf490fdf7e06981111ae65fb06eb928b","sha256":"3cbec597cc9abe6a5eac0e399843eda5470fcace214c673cdebc7503a3c5ee7b"},"dob":{"date":"1951-11-23T20:04:13.917Z","age":72},"registered":{"date":"2005-09-18T01:02:34.302Z","age":18},"phone":"04-3031-9790","cell":"0484-562-813","id":{"name":"TFN","value":"512294165"},"picture":{"large":"https://randomuser.me/api/portraits/women/11.jpg","medium":"https://randomuser.me/api/portraits/med/women/11.jpg","thumbnail":"https://randomuser.me/api/portraits/thumb/women/11.jpg"},"nat":"AU"}],"info":{"seed":"cafd76424ef11640","results":1,"page":1,"version":"1.4"}} 
 </msg>
<msg time="2024-05-12T06:18:46.573078" level="INFO">/opt/hostedtoolcache/Python/3.12.3/x64/lib/python3.12/site-packages/urllib3/connectionpool.py:1103: InsecureRequestWarning: Unverified HTTPS request is being made to host 'randomuser.me'. Adding certificate verification is strongly advised. See: https://urllib3.readthedocs.io/en/latest/advanced-usage.html#tls-warnings
  warnings.warn(</msg>
<msg time="2024-05-12T06:18:46.573246" level="INFO">${response} = &lt;Response [200]&gt;</msg>
<var>${response}</var>
<arg>consultarAPI</arg>
<arg>/api</arg>
<doc>Sends a GET request on a previously created HTTP Session.</doc>
<status status="PASS" start="2024-05-12T06:18:46.370709" elapsed="0.202580"/>
</kw>
<kw name="Should Be Equal As Numbers" owner="BuiltIn">
<msg time="2024-05-12T06:18:46.574345" level="INFO">Argument types are:
&lt;class 'int'&gt;
&lt;class 'str'&gt;</msg>
<arg>${response.status_code}</arg>
<arg>200</arg>
<doc>Fails if objects are unequal after converting them to real numbers.</doc>
<status status="PASS" start="2024-05-12T06:18:46.573825" elapsed="0.000587"/>
</kw>
<kw name="Log" owner="BuiltIn">
<msg time="2024-05-12T06:18:46.575110" level="INFO">200</msg>
<arg>${response.status_code}</arg>
<doc>Logs the given message with the given level.</doc>
<status status="PASS" start="2024-05-12T06:18:46.574755" elapsed="0.000398"/>
</kw>
<kw name="Set Variable" owner="BuiltIn">
<msg time="2024-05-12T06:18:46.575904" level="INFO">${json_data} = {'results': [{'gender': 'female', 'name': {'title': 'Miss', 'first': 'Carole', 'last': 'Wells'}, 'location': {'street': {'number': 1728, 'name': 'Valwood Pkwy'}, 'city': 'Mildura', 'state': 'Western A...</msg>
<var>${json_data}</var>
<arg>${response.json()}</arg>
<doc>Returns the given values which can then be assigned to a variables.</doc>
<status status="PASS" start="2024-05-12T06:18:46.575462" elapsed="0.000470"/>
</kw>
<kw name="Dictionary Should Contain Key" owner="Collections">
<msg time="2024-05-12T06:18:46.576409" level="INFO">False</msg>
<arg>${json_data}</arg>
<arg>results</arg>
<doc>Fails if ``key`` is not found from ``dictionary``.</doc>
<status status="PASS" start="2024-05-12T06:18:46.576235" elapsed="0.000215"/>
</kw>
<status status="PASS" start="2024-05-12T06:18:46.370469" elapsed="0.206238"/>
</kw>
<doc>Testa se a API responde corretamente e retorna um objeto JSON válido.</doc>
<tag>testeRequisicaoBasica</tag>
<status status="PASS" start="2024-05-12T06:18:46.369894" elapsed="0.207001"/>
</test>
<test id="s1-s1-t3" name="Validar estrutura de resposta" line="22">
<kw name="Teste de Estrutura de Resposta" owner="random-user-service">
<kw name="GET On Session" owner="RequestsLibrary">
<msg time="2024-05-12T06:18:46.656929" level="INFO">GET Request : url=https://randomuser.me/api 
 path_url=/api 
 headers={'User-Agent': 'python-requests/2.31.0', 'Accept-Encoding': 'gzip, deflate', 'Accept': '*/*', 'Connection': 'keep-alive'} 
 body=None 
 </msg>
<msg time="2024-05-12T06:18:46.657043" level="INFO">GET Response : url=https://randomuser.me/api 
 status=200, reason=OK 
 headers={'Date': 'Sun, 12 May 2024 06:18:46 GMT', 'Content-Type': 'application/json; charset=utf-8', 'Transfer-Encoding': 'chunked', 'Connection': 'keep-alive', 'X-Powered-By': 'Express', 'Access-Control-Allow-Origin': '*', 'Cache-Control': 'no-cache', 'ETag': 'W/"48a-FfC7s5lkBfwhJDuQXDx0kv1elrU"', 'Vary': 'Accept-Encoding', 'Content-Encoding': 'gzip', 'CF-Cache-Status': 'DYNAMIC', 'Report-To': '{"endpoints":[{"url":"https:\\/\\/a.nel.cloudflare.com\\/report\\/v4?s=RNrVGcT7OUveo76jtDS9ZvKSusYQyztqspx8%2Fyf6vTI7kh0gYiaOjtetGGSBuQ96j5RbU3%2BSm07oonVlL3c7k4kfyNcZrMFh1%2BSFDAUKDXPxV51JTsG37MljCmGBBxEi"}],"group":"cf-nel","max_age":604800}', 'NEL': '{"success_fraction":0,"report_to":"cf-nel","max_age":604800}', 'Server': 'cloudflare', 'CF-RAY': '88284b1928c90105-ORD', 'alt-svc': 'h3=":443"; ma=86400'} 
 body={"results":[{"gender":"male","name":{"title":"Mr","first":"Maximiliano","last":"Gomes"},"location":{"street":{"number":786,"name":"Travessa dos Martírios"},"city":"Indaiatuba","state":"Paraíba","country":"Brazil","postcode":11548,"coordinates":{"latitude":"-77.2685","longitude":"-31.0416"},"timezone":{"offset":"-9:00","description":"Alaska"}},"email":"maximiliano.gomes@example.com","login":{"uuid":"a711f680-08e2-4d9e-a0f3-3339ac5320f1","username":"whiteelephant284","password":"6666","salt":"cH5iZM64","md5":"c36cdee1219ed280b8ecc2d457f8dc37","sha1":"c57bf48fa47e3d59d3ccd9d64f65f77491002958","sha256":"05c2c99f4285d63f3dadf735ffdc2fa448c86893ae2ffb8d51cd869167730814"},"dob":{"date":"1957-04-19T14:06:17.506Z","age":67},"registered":{"date":"2007-01-13T06:53:44.579Z","age":17},"phone":"(67) 3210-9008","cell":"(76) 2236-7771","id":{"name":"CPF","value":"129.593.786-16"},"picture":{"large":"https://randomuser.me/api/portraits/men/58.jpg","medium":"https://randomuser.me/api/portraits/med/men/58.jpg","thumbnail":"https://randomuser.me/api/portraits/thumb/men/58.jpg"},"nat":"BR"}],"info":{"seed":"db785b5e821f996a","results":1,"page":1,"version":"1.4"}} 
 </msg>
<msg time="2024-05-12T06:18:46.657169" level="INFO">/opt/hostedtoolcache/Python/3.12.3/x64/lib/python3.12/site-packages/urllib3/connectionpool.py:1103: InsecureRequestWarning: Unverified HTTPS request is being made to host 'randomuser.me'. Adding certificate verification is strongly advised. See: https://urllib3.readthedocs.io/en/latest/advanced-usage.html#tls-warnings
  warnings.warn(</msg>
<msg time="2024-05-12T06:18:46.657324" level="INFO">${response} = &lt;Response [200]&gt;</msg>
<var>${response}</var>
<arg>consultarAPI</arg>
<arg>/api</arg>
<doc>Sends a GET request on a previously created HTTP Session.</doc>
<status status="PASS" start="2024-05-12T06:18:46.579544" elapsed="0.077814"/>
</kw>
<kw name="Set Variable" owner="BuiltIn">
<msg time="2024-05-12T06:18:46.658477" level="INFO">${json_data} = {'results': [{'gender': 'male', 'name': {'title': 'Mr', 'first': 'Maximiliano', 'last': 'Gomes'}, 'location': {'street': {'number': 786, 'name': 'Travessa dos Martírios'}, 'city': 'Indaiatuba', 'state...</msg>
<var>${json_data}</var>
<arg>${response.json()}</arg>
<doc>Returns the given values which can then be assigned to a variables.</doc>
<status status="PASS" start="2024-05-12T06:18:46.657905" elapsed="0.000602"/>
</kw>
<kw name="Log" owner="BuiltIn">
<msg time="2024-05-12T06:18:46.658993" level="INFO">{'results': [{'gender': 'male', 'name': {'title': 'Mr', 'first': 'Maximiliano', 'last': 'Gomes'}, 'location': {'street': {'number': 786, 'name': 'Travessa dos Martírios'}, 'city': 'Indaiatuba', 'state': 'Paraíba', 'country': 'Brazil', 'postcode': 11548, 'coordinates': {'latitude': '-77.2685', 'longitude': '-31.0416'}, 'timezone': {'offset': '-9:00', 'description': 'Alaska'}}, 'email': 'maximiliano.gomes@example.com', 'login': {'uuid': 'a711f680-08e2-4d9e-a0f3-3339ac5320f1', 'username': 'whiteelephant284', 'password': '6666', 'salt': 'cH5iZM64', 'md5': 'c36cdee1219ed280b8ecc2d457f8dc37', 'sha1': 'c57bf48fa47e3d59d3ccd9d64f65f77491002958', 'sha256': '05c2c99f4285d63f3dadf735ffdc2fa448c86893ae2ffb8d51cd869167730814'}, 'dob': {'date': '1957-04-19T14:06:17.506Z', 'age': 67}, 'registered': {'date': '2007-01-13T06:53:44.579Z', 'age': 17}, 'phone': '(67) 3210-9008', 'cell': '(76) 2236-7771', 'id': {'name': 'CPF', 'value': '129.593.786-16'}, 'picture': {'large': 'https://randomuser.me/api/portraits/men/58.jpg', 'medium': 'https://randomuser.me/api/portraits/med/men/58.jpg', 'thumbnail': 'https://randomuser.me/api/portraits/thumb/men/58.jpg'}, 'nat': 'BR'}], 'info': {'seed': 'db785b5e821f996a', 'results': 1, 'page': 1, 'version': '1.4'}}</msg>
<arg>${json_data}</arg>
<doc>Logs the given message with the given level.</doc>
<status status="PASS" start="2024-05-12T06:18:46.658826" elapsed="0.000218"/>
</kw>
<kw name="Dictionary Should Contain Key" owner="Collections">
<msg time="2024-05-12T06:18:46.659505" level="INFO">False</msg>
<arg>${json_data}</arg>
<arg>results</arg>
<doc>Fails if ``key`` is not found from ``dictionary``.</doc>
<status status="PASS" start="2024-05-12T06:18:46.659347" elapsed="0.000197"/>
</kw>
<kw name="Should Not Be Empty" owner="BuiltIn">
<msg time="2024-05-12T06:18:46.659974" level="INFO">Length is 2.</msg>
<arg>${json_data}</arg>
<doc>Verifies that the given item is not empty.</doc>
<status status="PASS" start="2024-05-12T06:18:46.659838" elapsed="0.000176"/>
</kw>
<kw name="Create List" owner="BuiltIn">
<msg time="2024-05-12T06:18:46.660616" level="INFO">${expected_keys} = ['gender', 'name', 'location', 'email', 'login']</msg>
<var>${expected_keys}</var>
<arg>gender</arg>
<arg>name</arg>
<arg>location</arg>
<arg>email</arg>
<arg>login</arg>
<doc>Returns a list containing given items.</doc>
<status status="PASS" start="2024-05-12T06:18:46.660302" elapsed="0.000339"/>
</kw>
<for flavor="IN">
<iter>
<kw name="Dictionary Should Contain Key" owner="Collections">
<msg time="2024-05-12T06:18:46.661657" level="INFO">False</msg>
<arg>${json_data['results'][0]}</arg>
<arg>${key}</arg>
<doc>Fails if ``key`` is not found from ``dictionary``.</doc>
<status status="PASS" start="2024-05-12T06:18:46.661249" elapsed="0.000446"/>
</kw>
<kw name="Log" owner="BuiltIn">
<msg time="2024-05-12T06:18:46.662407" level="INFO">{'gender': 'male', 'name': {'title': 'Mr', 'first': 'Maximiliano', 'last': 'Gomes'}, 'location': {'street': {'number': 786, 'name': 'Travessa dos Martírios'}, 'city': 'Indaiatuba', 'state': 'Paraíba', 'country': 'Brazil', 'postcode': 11548, 'coordinates': {'latitude': '-77.2685', 'longitude': '-31.0416'}, 'timezone': {'offset': '-9:00', 'description': 'Alaska'}}, 'email': 'maximiliano.gomes@example.com', 'login': {'uuid': 'a711f680-08e2-4d9e-a0f3-3339ac5320f1', 'username': 'whiteelephant284', 'password': '6666', 'salt': 'cH5iZM64', 'md5': 'c36cdee1219ed280b8ecc2d457f8dc37', 'sha1': 'c57bf48fa47e3d59d3ccd9d64f65f77491002958', 'sha256': '05c2c99f4285d63f3dadf735ffdc2fa448c86893ae2ffb8d51cd869167730814'}, 'dob': {'date': '1957-04-19T14:06:17.506Z', 'age': 67}, 'registered': {'date': '2007-01-13T06:53:44.579Z', 'age': 17}, 'phone': '(67) 3210-9008', 'cell': '(76) 2236-7771', 'id': {'name': 'CPF', 'value': '129.593.786-16'}, 'picture': {'large': 'https://randomuser.me/api/portraits/men/58.jpg', 'medium': 'https://randomuser.me/api/portraits/med/men/58.jpg', 'thumbnail': 'https://randomuser.me/api/portraits/thumb/men/58.jpg'}, 'nat': 'BR'}</msg>
<arg>${json_data['results'][0]}</arg>
<doc>Logs the given message with the given level.</doc>
<status status="PASS" start="2024-05-12T06:18:46.661995" elapsed="0.000463"/>
</kw>
<kw name="Log" owner="BuiltIn">
<msg time="2024-05-12T06:18:46.662893" level="INFO">gender</msg>
<arg>${key}</arg>
<doc>Logs the given message with the given level.</doc>
<status status="PASS" start="2024-05-12T06:18:46.662765" elapsed="0.000166"/>
</kw>
<var name="${key}">gender</var>
<status status="PASS" start="2024-05-12T06:18:46.661122" elapsed="0.002024"/>
</iter>
<iter>
<kw name="Dictionary Should Contain Key" owner="Collections">
<msg time="2024-05-12T06:18:46.663836" level="INFO">False</msg>
<arg>${json_data['results'][0]}</arg>
<arg>${key}</arg>
<doc>Fails if ``key`` is not found from ``dictionary``.</doc>
<status status="PASS" start="2024-05-12T06:18:46.663450" elapsed="0.000423"/>
</kw>
<kw name="Log" owner="BuiltIn">
<msg time="2024-05-12T06:18:46.664561" level="INFO">{'gender': 'male', 'name': {'title': 'Mr', 'first': 'Maximiliano', 'last': 'Gomes'}, 'location': {'street': {'number': 786, 'name': 'Travessa dos Martírios'}, 'city': 'Indaiatuba', 'state': 'Paraíba', 'country': 'Brazil', 'postcode': 11548, 'coordinates': {'latitude': '-77.2685', 'longitude': '-31.0416'}, 'timezone': {'offset': '-9:00', 'description': 'Alaska'}}, 'email': 'maximiliano.gomes@example.com', 'login': {'uuid': 'a711f680-08e2-4d9e-a0f3-3339ac5320f1', 'username': 'whiteelephant284', 'password': '6666', 'salt': 'cH5iZM64', 'md5': 'c36cdee1219ed280b8ecc2d457f8dc37', 'sha1': 'c57bf48fa47e3d59d3ccd9d64f65f77491002958', 'sha256': '05c2c99f4285d63f3dadf735ffdc2fa448c86893ae2ffb8d51cd869167730814'}, 'dob': {'date': '1957-04-19T14:06:17.506Z', 'age': 67}, 'registered': {'date': '2007-01-13T06:53:44.579Z', 'age': 17}, 'phone': '(67) 3210-9008', 'cell': '(76) 2236-7771', 'id': {'name': 'CPF', 'value': '129.593.786-16'}, 'picture': {'large': 'https://randomuser.me/api/portraits/men/58.jpg', 'medium': 'https://randomuser.me/api/portraits/med/men/58.jpg', 'thumbnail': 'https://randomuser.me/api/portraits/thumb/men/58.jpg'}, 'nat': 'BR'}</msg>
<arg>${json_data['results'][0]}</arg>
<doc>Logs the given message with the given level.</doc>
<status status="PASS" start="2024-05-12T06:18:46.664199" elapsed="0.000410"/>
</kw>
<kw name="Log" owner="BuiltIn">
<msg time="2024-05-12T06:18:46.665030" level="INFO">name</msg>
<arg>${key}</arg>
<doc>Logs the given message with the given level.</doc>
<status status="PASS" start="2024-05-12T06:18:46.664905" elapsed="0.000163"/>
</kw>
<var name="${key}">name</var>
<status status="PASS" start="2024-05-12T06:18:46.663335" elapsed="0.001944"/>
</iter>
<iter>
<kw name="Dictionary Should Contain Key" owner="Collections">
<msg time="2024-05-12T06:18:46.665948" level="INFO">False</msg>
<arg>${json_data['results'][0]}</arg>
<arg>${key}</arg>
<doc>Fails if ``key`` is not found from ``dictionary``.</doc>
<status status="PASS" start="2024-05-12T06:18:46.665567" elapsed="0.000417"/>
</kw>
<kw name="Log" owner="BuiltIn">
<msg time="2024-05-12T06:18:46.666669" level="INFO">{'gender': 'male', 'name': {'title': 'Mr', 'first': 'Maximiliano', 'last': 'Gomes'}, 'location': {'street': {'number': 786, 'name': 'Travessa dos Martírios'}, 'city': 'Indaiatuba', 'state': 'Paraíba', 'country': 'Brazil', 'postcode': 11548, 'coordinates': {'latitude': '-77.2685', 'longitude': '-31.0416'}, 'timezone': {'offset': '-9:00', 'description': 'Alaska'}}, 'email': 'maximiliano.gomes@example.com', 'login': {'uuid': 'a711f680-08e2-4d9e-a0f3-3339ac5320f1', 'username': 'whiteelephant284', 'password': '6666', 'salt': 'cH5iZM64', 'md5': 'c36cdee1219ed280b8ecc2d457f8dc37', 'sha1': 'c57bf48fa47e3d59d3ccd9d64f65f77491002958', 'sha256': '05c2c99f4285d63f3dadf735ffdc2fa448c86893ae2ffb8d51cd869167730814'}, 'dob': {'date': '1957-04-19T14:06:17.506Z', 'age': 67}, 'registered': {'date': '2007-01-13T06:53:44.579Z', 'age': 17}, 'phone': '(67) 3210-9008', 'cell': '(76) 2236-7771', 'id': {'name': 'CPF', 'value': '129.593.786-16'}, 'picture': {'large': 'https://randomuser.me/api/portraits/men/58.jpg', 'medium': 'https://randomuser.me/api/portraits/med/men/58.jpg', 'thumbnail': 'https://randomuser.me/api/portraits/thumb/men/58.jpg'}, 'nat': 'BR'}</msg>
<arg>${json_data['results'][0]}</arg>
<doc>Logs the given message with the given level.</doc>
<status status="PASS" start="2024-05-12T06:18:46.666302" elapsed="0.000415"/>
</kw>
<kw name="Log" owner="BuiltIn">
<msg time="2024-05-12T06:18:46.667140" level="INFO">location</msg>
<arg>${key}</arg>
<doc>Logs the given message with the given level.</doc>
<status status="PASS" start="2024-05-12T06:18:46.667015" elapsed="0.000162"/>
</kw>
<var name="${key}">location</var>
<status status="PASS" start="2024-05-12T06:18:46.665455" elapsed="0.001935"/>
</iter>
<iter>
<kw name="Dictionary Should Contain Key" owner="Collections">
<msg time="2024-05-12T06:18:46.668057" level="INFO">False</msg>
<arg>${json_data['results'][0]}</arg>
<arg>${key}</arg>
<doc>Fails if ``key`` is not found from ``dictionary``.</doc>
<status status="PASS" start="2024-05-12T06:18:46.667672" elapsed="0.000422"/>
</kw>
<kw name="Log" owner="BuiltIn">
<msg time="2024-05-12T06:18:46.668760" level="INFO">{'gender': 'male', 'name': {'title': 'Mr', 'first': 'Maximiliano', 'last': 'Gomes'}, 'location': {'street': {'number': 786, 'name': 'Travessa dos Martírios'}, 'city': 'Indaiatuba', 'state': 'Paraíba', 'country': 'Brazil', 'postcode': 11548, 'coordinates': {'latitude': '-77.2685', 'longitude': '-31.0416'}, 'timezone': {'offset': '-9:00', 'description': 'Alaska'}}, 'email': 'maximiliano.gomes@example.com', 'login': {'uuid': 'a711f680-08e2-4d9e-a0f3-3339ac5320f1', 'username': 'whiteelephant284', 'password': '6666', 'salt': 'cH5iZM64', 'md5': 'c36cdee1219ed280b8ecc2d457f8dc37', 'sha1': 'c57bf48fa47e3d59d3ccd9d64f65f77491002958', 'sha256': '05c2c99f4285d63f3dadf735ffdc2fa448c86893ae2ffb8d51cd869167730814'}, 'dob': {'date': '1957-04-19T14:06:17.506Z', 'age': 67}, 'registered': {'date': '2007-01-13T06:53:44.579Z', 'age': 17}, 'phone': '(67) 3210-9008', 'cell': '(76) 2236-7771', 'id': {'name': 'CPF', 'value': '129.593.786-16'}, 'picture': {'large': 'https://randomuser.me/api/portraits/men/58.jpg', 'medium': 'https://randomuser.me/api/portraits/med/men/58.jpg', 'thumbnail': 'https://randomuser.me/api/portraits/thumb/men/58.jpg'}, 'nat': 'BR'}</msg>
<arg>${json_data['results'][0]}</arg>
<doc>Logs the given message with the given level.</doc>
<status status="PASS" start="2024-05-12T06:18:46.668395" elapsed="0.000414"/>
</kw>
<kw name="Log" owner="BuiltIn">
<msg time="2024-05-12T06:18:46.669230" level="INFO">email</msg>
<arg>${key}</arg>
<doc>Logs the given message with the given level.</doc>
<status status="PASS" start="2024-05-12T06:18:46.669103" elapsed="0.000164"/>
</kw>
<var name="${key}">email</var>
<status status="PASS" start="2024-05-12T06:18:46.667563" elapsed="0.001925"/>
</iter>
<iter>
<kw name="Dictionary Should Contain Key" owner="Collections">
<msg time="2024-05-12T06:18:46.670191" level="INFO">False</msg>
<arg>${json_data['results'][0]}</arg>
<arg>${key}</arg>
<doc>Fails if ``key`` is not found from ``dictionary``.</doc>
<status status="PASS" start="2024-05-12T06:18:46.669773" elapsed="0.000457"/>
</kw>
<kw name="Log" owner="BuiltIn">
<msg time="2024-05-12T06:18:46.670900" level="INFO">{'gender': 'male', 'name': {'title': 'Mr', 'first': 'Maximiliano', 'last': 'Gomes'}, 'location': {'street': {'number': 786, 'name': 'Travessa dos Martírios'}, 'city': 'Indaiatuba', 'state': 'Paraíba', 'country': 'Brazil', 'postcode': 11548, 'coordinates': {'latitude': '-77.2685', 'longitude': '-31.0416'}, 'timezone': {'offset': '-9:00', 'description': 'Alaska'}}, 'email': 'maximiliano.gomes@example.com', 'login': {'uuid': 'a711f680-08e2-4d9e-a0f3-3339ac5320f1', 'username': 'whiteelephant284', 'password': '6666', 'salt': 'cH5iZM64', 'md5': 'c36cdee1219ed280b8ecc2d457f8dc37', 'sha1': 'c57bf48fa47e3d59d3ccd9d64f65f77491002958', 'sha256': '05c2c99f4285d63f3dadf735ffdc2fa448c86893ae2ffb8d51cd869167730814'}, 'dob': {'date': '1957-04-19T14:06:17.506Z', 'age': 67}, 'registered': {'date': '2007-01-13T06:53:44.579Z', 'age': 17}, 'phone': '(67) 3210-9008', 'cell': '(76) 2236-7771', 'id': {'name': 'CPF', 'value': '129.593.786-16'}, 'picture': {'large': 'https://randomuser.me/api/portraits/men/58.jpg', 'medium': 'https://randomuser.me/api/portraits/med/men/58.jpg', 'thumbnail': 'https://randomuser.me/api/portraits/thumb/men/58.jpg'}, 'nat': 'BR'}</msg>
<arg>${json_data['results'][0]}</arg>
<doc>Logs the given message with the given level.</doc>
<status status="PASS" start="2024-05-12T06:18:46.670529" elapsed="0.000420"/>
</kw>
<kw name="Log" owner="BuiltIn">
<msg time="2024-05-12T06:18:46.671379" level="INFO">login</msg>
<arg>${key}</arg>
<doc>Logs the given message with the given level.</doc>
<status status="PASS" start="2024-05-12T06:18:46.671246" elapsed="0.000171"/>
</kw>
<var name="${key}">login</var>
<status status="PASS" start="2024-05-12T06:18:46.669662" elapsed="0.001996"/>
</iter>
<var>${key}</var>
<value>@{expected_keys}</value>
<status status="PASS" start="2024-05-12T06:18:46.660925" elapsed="0.010859"/>
</for>
<kw name="Create List" owner="BuiltIn">
<msg time="2024-05-12T06:18:46.672114" level="INFO">${expected_keysTwo} = ['username', 'password']</msg>
<var>${expected_keysTwo}</var>
<arg>username</arg>
<arg>password</arg>
<doc>Returns a list containing given items.</doc>
<status status="PASS" start="2024-05-12T06:18:46.671978" elapsed="0.000159"/>
</kw>
<for flavor="IN">
<iter>
<kw name="Dictionary Should Contain Key" owner="Collections">
<msg time="2024-05-12T06:18:46.673021" level="INFO">False</msg>
<arg>${json_data['results'][0]['login']}</arg>
<arg>${keyTwo}</arg>
<doc>Fails if ``key`` is not found from ``dictionary``.</doc>
<status status="PASS" start="2024-05-12T06:18:46.672634" elapsed="0.000424"/>
</kw>
<kw name="Dictionary Should Contain Key" owner="Collections">
<msg time="2024-05-12T06:18:46.673734" level="INFO">False</msg>
<arg>${json_data['results'][0]['login']}</arg>
<arg>${keyTwo}</arg>
<doc>Fails if ``key`` is not found from ``dictionary``.</doc>
<status status="PASS" start="2024-05-12T06:18:46.673352" elapsed="0.000420"/>
</kw>
<kw name="Log" owner="BuiltIn">
<msg time="2024-05-12T06:18:46.674221" level="INFO">username</msg>
<arg>${keyTwo}</arg>
<doc>Logs the given message with the given level.</doc>
<status status="PASS" start="2024-05-12T06:18:46.674061" elapsed="0.000204"/>
</kw>
<var name="${keyTwo}">username</var>
<status status="PASS" start="2024-05-12T06:18:46.672525" elapsed="0.001965"/>
</iter>
<iter>
<kw name="Dictionary Should Contain Key" owner="Collections">
<msg time="2024-05-12T06:18:46.675146" level="INFO">False</msg>
<arg>${json_data['results'][0]['login']}</arg>
<arg>${keyTwo}</arg>
<doc>Fails if ``key`` is not found from ``dictionary``.</doc>
<status status="PASS" start="2024-05-12T06:18:46.674768" elapsed="0.000415"/>
</kw>
<kw name="Dictionary Should Contain Key" owner="Collections">
<msg time="2024-05-12T06:18:46.675937" level="INFO">False</msg>
<arg>${json_data['results'][0]['login']}</arg>
<arg>${keyTwo}</arg>
<doc>Fails if ``key`` is not found from ``dictionary``.</doc>
<status status="PASS" start="2024-05-12T06:18:46.675470" elapsed="0.000506"/>
</kw>
<kw name="Log" owner="BuiltIn">
<msg time="2024-05-12T06:18:46.676408" level="INFO">password</msg>
<arg>${keyTwo}</arg>
<doc>Logs the given message with the given level.</doc>
<status status="PASS" start="2024-05-12T06:18:46.676280" elapsed="0.000164"/>
</kw>
<var name="${keyTwo}">password</var>
<status status="PASS" start="2024-05-12T06:18:46.674660" elapsed="0.001997"/>
</iter>
<var>${keyTwo}</var>
<value>@{expected_keysTwo}</value>
<status status="PASS" start="2024-05-12T06:18:46.672373" elapsed="0.004405"/>
</for>
<status status="PASS" start="2024-05-12T06:18:46.579301" elapsed="0.097618"/>
</kw>
<doc>Testa a estrutura da resposta da API.</doc>
<tag>testeEstruturaResposta</tag>
<status status="PASS" start="2024-05-12T06:18:46.578777" elapsed="0.098298"/>
</test>
<test id="s1-s1-t4" name="Validar tipos de dados" line="28">
<kw name="Teste de Tipos de Dados" owner="random-user-service">
<kw name="GET On Session" owner="RequestsLibrary">
<msg time="2024-05-12T06:18:46.731283" level="INFO">GET Request : url=https://randomuser.me/api 
 path_url=/api 
 headers={'User-Agent': 'python-requests/2.31.0', 'Accept-Encoding': 'gzip, deflate', 'Accept': '*/*', 'Connection': 'keep-alive'} 
 body=None 
 </msg>
<msg time="2024-05-12T06:18:46.731384" level="INFO">GET Response : url=https://randomuser.me/api 
 status=200, reason=OK 
 headers={'Date': 'Sun, 12 May 2024 06:18:46 GMT', 'Content-Type': 'application/json; charset=utf-8', 'Transfer-Encoding': 'chunked', 'Connection': 'keep-alive', 'X-Powered-By': 'Express', 'Access-Control-Allow-Origin': '*', 'Cache-Control': 'no-cache', 'ETag': 'W/"480-XUC6zBp6be70QozSniNMUZmae9E"', 'Vary': 'Accept-Encoding', 'Content-Encoding': 'gzip', 'CF-Cache-Status': 'DYNAMIC', 'Report-To': '{"endpoints":[{"url":"https:\\/\\/a.nel.cloudflare.com\\/report\\/v4?s=sKuQZPCeuadvV03GqGhpWcKCYx9XbTMAtQygTCel00Se1llLJ733BwjupiqzSRLqJJKRQO4lNqcAqz4uqkj40tn1IMUGahs0edLnIFaabvm8BpW2wtzG0%2FGcxRA%2BlEYM"}],"group":"cf-nel","max_age":604800}', 'NEL': '{"success_fraction":0,"report_to":"cf-nel","max_age":604800}', 'Server': 'cloudflare', 'CF-RAY': '88284b19c9640105-ORD', 'alt-svc': 'h3=":443"; ma=86400'} 
 body={"results":[{"gender":"male","name":{"title":"Mr","first":"Aljoša","last":"Ninković"},"location":{"street":{"number":4268,"name":"Maksima Gorkog"},"city":"Štrpce","state":"Kosovska Mitrovica","country":"Serbia","postcode":71068,"coordinates":{"latitude":"63.1232","longitude":"-130.0318"},"timezone":{"offset":"+5:45","description":"Kathmandu"}},"email":"aljosa.ninkovic@example.com","login":{"uuid":"07b67b4a-4ecc-4e2e-845e-06d22e4349c8","username":"goldentiger121","password":"debbie","salt":"t6XU5j4H","md5":"5fbb704f938d3a9f15e93a32f489dce5","sha1":"ff2785b3474518e42d444c732ea442b8030843d9","sha256":"087c01b3f325a3270e03dfe2569ce714e4647dc773757bc322f7784cd8e5d67f"},"dob":{"date":"1968-11-20T03:43:51.466Z","age":55},"registered":{"date":"2019-06-23T20:46:38.692Z","age":4},"phone":"018-2225-857","cell":"062-6058-244","id":{"name":"SID","value":"427335153"},"picture":{"large":"https://randomuser.me/api/portraits/men/15.jpg","medium":"https://randomuser.me/api/portraits/med/men/15.jpg","thumbnail":"https://randomuser.me/api/portraits/thumb/men/15.jpg"},"nat":"RS"}],"info":{"seed":"dbddb58a814db6f6","results":1,"page":1,"version":"1.4"}} 
 </msg>
<msg time="2024-05-12T06:18:46.731455" level="INFO">/opt/hostedtoolcache/Python/3.12.3/x64/lib/python3.12/site-packages/urllib3/connectionpool.py:1103: InsecureRequestWarning: Unverified HTTPS request is being made to host 'randomuser.me'. Adding certificate verification is strongly advised. See: https://urllib3.readthedocs.io/en/latest/advanced-usage.html#tls-warnings
  warnings.warn(</msg>
<msg time="2024-05-12T06:18:46.731589" level="INFO">${response} = &lt;Response [200]&gt;</msg>
<var>${response}</var>
<arg>consultarAPI</arg>
<arg>/api</arg>
<doc>Sends a GET request on a previously created HTTP Session.</doc>
<status status="PASS" start="2024-05-12T06:18:46.679729" elapsed="0.051902"/>
</kw>
<kw name="Set Variable" owner="BuiltIn">
<msg time="2024-05-12T06:18:46.732684" level="INFO">${json_data} = {'results': [{'gender': 'male', 'name': {'title': 'Mr', 'first': 'Aljoša', 'last': 'Ninković'}, 'location': {'street': {'number': 4268, 'name': 'Maksima Gorkog'}, 'city': 'Štrpce', 'state': 'Kosovska ...</msg>
<var>${json_data}</var>
<arg>${response.json()}</arg>
<doc>Returns the given values which can then be assigned to a variables.</doc>
<status status="PASS" start="2024-05-12T06:18:46.732149" elapsed="0.000565"/>
</kw>
<kw name="Log" owner="BuiltIn">
<msg time="2024-05-12T06:18:46.733183" level="INFO">{'results': [{'gender': 'male', 'name': {'title': 'Mr', 'first': 'Aljoša', 'last': 'Ninković'}, 'location': {'street': {'number': 4268, 'name': 'Maksima Gorkog'}, 'city': 'Štrpce', 'state': 'Kosovska Mitrovica', 'country': 'Serbia', 'postcode': 71068, 'coordinates': {'latitude': '63.1232', 'longitude': '-130.0318'}, 'timezone': {'offset': '+5:45', 'description': 'Kathmandu'}}, 'email': 'aljosa.ninkovic@example.com', 'login': {'uuid': '07b67b4a-4ecc-4e2e-845e-06d22e4349c8', 'username': 'goldentiger121', 'password': 'debbie', 'salt': 't6XU5j4H', 'md5': '5fbb704f938d3a9f15e93a32f489dce5', 'sha1': 'ff2785b3474518e42d444c732ea442b8030843d9', 'sha256': '087c01b3f325a3270e03dfe2569ce714e4647dc773757bc322f7784cd8e5d67f'}, 'dob': {'date': '1968-11-20T03:43:51.466Z', 'age': 55}, 'registered': {'date': '2019-06-23T20:46:38.692Z', 'age': 4}, 'phone': '018-2225-857', 'cell': '062-6058-244', 'id': {'name': 'SID', 'value': '427335153'}, 'picture': {'large': 'https://randomuser.me/api/portraits/men/15.jpg', 'medium': 'https://randomuser.me/api/portraits/med/men/15.jpg', 'thumbnail': 'https://randomuser.me/api/portraits/thumb/men/15.jpg'}, 'nat': 'RS'}], 'info': {'seed': 'dbddb58a814db6f6', 'results': 1, 'page': 1, 'version': '1.4'}}</msg>
<arg>${json_data}</arg>
<doc>Logs the given message with the given level.</doc>
<status status="PASS" start="2024-05-12T06:18:46.733025" elapsed="0.000245"/>
</kw>
<kw name="Should Be String" owner="String">
<arg>${json_data['results'][0]['gender']}</arg>
<doc>Fails if the given ``item`` is not a string.</doc>
<status status="PASS" start="2024-05-12T06:18:46.733638" elapsed="0.000397"/>
</kw>
<kw name="Should Match Regexp" owner="BuiltIn">
<arg>${json_data['results'][0]['email']}</arg>
<arg>^[a-zA-Z0-9._%+-]+@[a-zA-Z0-9.-]+\.[a-zA-Z]{2,}$</arg>
<doc>Fails if ``string`` does not match ``pattern`` as a regular expression.</doc>
<status status="PASS" start="2024-05-12T06:18:46.734273" elapsed="0.000527"/>
</kw>
<kw name="Should Match Regexp" owner="BuiltIn">
<arg>${json_data['results'][0]['dob']['date']}</arg>
<arg>\\d{4}-\\d{2}-\\d{2}T\\d{2}:\\d{2}:\\d{2}\\.\\d{3}Z</arg>
<doc>Fails if ``string`` does not match ``pattern`` as a regular expression.</doc>
<status status="PASS" start="2024-05-12T06:18:46.734994" elapsed="0.000489"/>
</kw>
<kw name="Should Match Regexp" owner="BuiltIn">
<arg>${json_data['results'][0]['registered']['date']}</arg>
<arg>\\d{4}-\\d{2}-\\d{2}T\\d{2}:\\d{2}:\\d{2}\\.\\d{3}Z</arg>
<doc>Fails if ``string`` does not match ``pattern`` as a regular expression.</doc>
<status status="PASS" start="2024-05-12T06:18:46.735675" elapsed="0.000371"/>
</kw>
<kw name="Should Match Regexp" owner="BuiltIn">
<arg>${json_data['results'][0]['picture']['large']}</arg>
<arg>^https?://.*\.(?:png|jpe?g|gif|bmp)$</arg>
<doc>Fails if ``string`` does not match ``pattern`` as a regular expression.</doc>
<status status="PASS" start="2024-05-12T06:18:46.736232" elapsed="0.000454"/>
</kw>
<kw name="Should Match Regexp" owner="BuiltIn">
<arg>${json_data['results'][0]['picture']['medium']}</arg>
<arg>^https?://.*\.(?:png|jpe?g|gif|bmp)$</arg>
<doc>Fails if ``string`` does not match ``pattern`` as a regular expression.</doc>
<status status="PASS" start="2024-05-12T06:18:46.736874" elapsed="0.000358"/>
</kw>
<kw name="Should Match Regexp" owner="BuiltIn">
<arg>${json_data['results'][0]['picture']['thumbnail']}</arg>
<arg>^https?://.*\.(?:png|jpe?g|gif|bmp)$</arg>
<doc>Fails if ``string`` does not match ``pattern`` as a regular expression.</doc>
<status status="PASS" start="2024-05-12T06:18:46.737419" elapsed="0.000345"/>
</kw>
<kw name="Log" owner="BuiltIn">
<msg time="2024-05-12T06:18:46.738287" level="INFO">{'large': 'https://randomuser.me/api/portraits/men/15.jpg', 'medium': 'https://randomuser.me/api/portraits/med/men/15.jpg', 'thumbnail': 'https://randomuser.me/api/portraits/thumb/men/15.jpg'}</msg>
<arg>${json_data['results'][0]['picture']}</arg>
<doc>Logs the given message with the given level.</doc>
<status status="PASS" start="2024-05-12T06:18:46.737942" elapsed="0.000387"/>
</kw>
<status status="PASS" start="2024-05-12T06:18:46.679499" elapsed="0.059151"/>
</kw>
<kw name="Teste de Tipos de Dados - Postcode" owner="random-user-service">
<kw name="GET On Session" owner="RequestsLibrary">
<msg time="2024-05-12T06:18:46.836688" level="INFO">GET Request : url=https://randomuser.me/api 
 path_url=/api 
 headers={'User-Agent': 'python-requests/2.31.0', 'Accept-Encoding': 'gzip, deflate', 'Accept': '*/*', 'Connection': 'keep-alive'} 
 body=None 
 </msg>
<msg time="2024-05-12T06:18:46.836804" level="INFO">GET Response : url=https://randomuser.me/api 
 status=200, reason=OK 
 headers={'Date': 'Sun, 12 May 2024 06:18:46 GMT', 'Content-Type': 'application/json; charset=utf-8', 'Transfer-Encoding': 'chunked', 'Connection': 'keep-alive', 'X-Powered-By': 'Express', 'Access-Control-Allow-Origin': '*', 'Cache-Control': 'no-cache', 'ETag': 'W/"46b-ZwvzlQLK0nBzM+/3fpyYghtg7lM"', 'Vary': 'Accept-Encoding', 'Content-Encoding': 'gzip', 'CF-Cache-Status': 'DYNAMIC', 'Report-To': '{"endpoints":[{"url":"https:\\/\\/a.nel.cloudflare.com\\/report\\/v4?s=LRP6D9SUGZfRLLZ5OWIVGAJmx5P3isrFxHDmipQlNJl4fUQnZNPm%2FlEpvOf1zAWTI%2F7gceegucE7ZWjURMPhaWdfiAJO66ZIn8o5HxKT3ApZTa0pA77lT1z57koDHDEb"}],"group":"cf-nel","max_age":604800}', 'NEL': '{"success_fraction":0,"report_to":"cf-nel","max_age":604800}', 'Server': 'cloudflare', 'CF-RAY': '88284b1a29b30105-ORD', 'alt-svc': 'h3=":443"; ma=86400'} 
 body={"results":[{"gender":"female","name":{"title":"Mrs","first":"Veronika","last":"Slota"},"location":{"street":{"number":291,"name":"Serpova"},"city":"Gorodenka","state":"Vinnicka","country":"Ukraine","postcode":68929,"coordinates":{"latitude":"74.9544","longitude":"158.1241"},"timezone":{"offset":"-10:00","description":"Hawaii"}},"email":"veronika.slota@example.com","login":{"uuid":"2c710c31-a332-42c3-913a-3eb3a06b01bc","username":"redduck899","password":"capital","salt":"mmijWpZe","md5":"03cdc0d04083bc2872e55da3c0dc529a","sha1":"7fc40b3ec2ef0901fb898bc82091b1b2cf040d1e","sha256":"191de3bb2ea7366e251b15b466e09ee5ccf8cbe3d4f5a370d032e79a5eef9933"},"dob":{"date":"1986-02-06T19:09:54.309Z","age":38},"registered":{"date":"2006-11-13T07:38:05.932Z","age":17},"phone":"(066) L70-1687","cell":"(096) R49-0913","id":{"name":"","value":null},"picture":{"large":"https://randomuser.me/api/portraits/women/62.jpg","medium":"https://randomuser.me/api/portraits/med/women/62.jpg","thumbnail":"https://randomuser.me/api/portraits/thumb/women/62.jpg"},"nat":"UA"}],"info":{"seed":"185a047b7dc0abd6","results":1,"page":1,"version":"1.4"}} 
 </msg>
<msg time="2024-05-12T06:18:46.836884" level="INFO">/opt/hostedtoolcache/Python/3.12.3/x64/lib/python3.12/site-packages/urllib3/connectionpool.py:1103: InsecureRequestWarning: Unverified HTTPS request is being made to host 'randomuser.me'. Adding certificate verification is strongly advised. See: https://urllib3.readthedocs.io/en/latest/advanced-usage.html#tls-warnings
  warnings.warn(</msg>
<msg time="2024-05-12T06:18:46.837054" level="INFO">${response} = &lt;Response [200]&gt;</msg>
<var>${response}</var>
<arg>consultarAPI</arg>
<arg>/api</arg>
<doc>Sends a GET request on a previously created HTTP Session.</doc>
<status status="PASS" start="2024-05-12T06:18:46.739121" elapsed="0.097986"/>
</kw>
<kw name="Set Variable" owner="BuiltIn">
<msg time="2024-05-12T06:18:46.838218" level="INFO">${json_data} = {'results': [{'gender': 'female', 'name': {'title': 'Mrs', 'first': 'Veronika', 'last': 'Slota'}, 'location': {'street': {'number': 291, 'name': 'Serpova'}, 'city': 'Gorodenka', 'state': 'Vinnicka', '...</msg>
<var>${json_data}</var>
<arg>${response.json()}</arg>
<doc>Returns the given values which can then be assigned to a variables.</doc>
<status status="PASS" start="2024-05-12T06:18:46.837650" elapsed="0.000604"/>
</kw>
<kw name="Log" owner="BuiltIn">
<msg time="2024-05-12T06:18:46.838715" level="INFO">{'results': [{'gender': 'female', 'name': {'title': 'Mrs', 'first': 'Veronika', 'last': 'Slota'}, 'location': {'street': {'number': 291, 'name': 'Serpova'}, 'city': 'Gorodenka', 'state': 'Vinnicka', 'country': 'Ukraine', 'postcode': 68929, 'coordinates': {'latitude': '74.9544', 'longitude': '158.1241'}, 'timezone': {'offset': '-10:00', 'description': 'Hawaii'}}, 'email': 'veronika.slota@example.com', 'login': {'uuid': '2c710c31-a332-42c3-913a-3eb3a06b01bc', 'username': 'redduck899', 'password': 'capital', 'salt': 'mmijWpZe', 'md5': '03cdc0d04083bc2872e55da3c0dc529a', 'sha1': '7fc40b3ec2ef0901fb898bc82091b1b2cf040d1e', 'sha256': '191de3bb2ea7366e251b15b466e09ee5ccf8cbe3d4f5a370d032e79a5eef9933'}, 'dob': {'date': '1986-02-06T19:09:54.309Z', 'age': 38}, 'registered': {'date': '2006-11-13T07:38:05.932Z', 'age': 17}, 'phone': '(066) L70-1687', 'cell': '(096) R49-0913', 'id': {'name': '', 'value': None}, 'picture': {'large': 'https://randomuser.me/api/portraits/women/62.jpg', 'medium': 'https://randomuser.me/api/portraits/med/women/62.jpg', 'thumbnail': 'https://randomuser.me/api/portraits/thumb/women/62.jpg'}, 'nat': 'UA'}], 'info': {'seed': '185a047b7dc0abd6', 'results': 1, 'page': 1, 'version': '1.4'}}</msg>
<arg>${json_data}</arg>
<doc>Logs the given message with the given level.</doc>
<status status="PASS" start="2024-05-12T06:18:46.838562" elapsed="0.000237"/>
</kw>
<kw name="Should Be Equal As Numbers" owner="BuiltIn">
<arg>${json_data['results'][0]['location']['postcode']}</arg>
<arg>${json_data['results'][0]['location']['postcode']}</arg>
<doc>Fails if objects are unequal after converting them to real numbers.</doc>
<status status="PASS" start="2024-05-12T06:18:46.839097" elapsed="0.000818"/>
</kw>
<kw name="Log" owner="BuiltIn">
<msg time="2024-05-12T06:18:46.840442" level="INFO">68929</msg>
<arg>${json_data['results'][0]['location']['postcode']}</arg>
<doc>Logs the given message with the given level.</doc>
<status status="PASS" start="2024-05-12T06:18:46.840106" elapsed="0.000376"/>
</kw>
<status status="PASS" start="2024-05-12T06:18:46.738887" elapsed="0.101852"/>
</kw>
<doc>Testa se os tipos de dados na resposta da API estão corretos.</doc>
<tag>testeTiposDados</tag>
<status status="PASS" start="2024-05-12T06:18:46.678927" elapsed="0.161981"/>
</test>
<test id="s1-s1-t5" name="Validar conteudo" line="35">
<kw name="Teste de Tipos de Conteudo" owner="random-user-service">
<kw name="GET On Session" owner="RequestsLibrary">
<msg time="2024-05-12T06:18:46.940431" level="INFO">GET Request : url=https://randomuser.me/api 
 path_url=/api 
 headers={'User-Agent': 'python-requests/2.31.0', 'Accept-Encoding': 'gzip, deflate', 'Accept': '*/*', 'Connection': 'keep-alive'} 
 body=None 
 </msg>
<msg time="2024-05-12T06:18:46.940531" level="INFO">GET Response : url=https://randomuser.me/api 
 status=200, reason=OK 
 headers={'Date': 'Sun, 12 May 2024 06:18:46 GMT', 'Content-Type': 'application/json; charset=utf-8', 'Transfer-Encoding': 'chunked', 'Connection': 'keep-alive', 'X-Powered-By': 'Express', 'Access-Control-Allow-Origin': '*', 'Cache-Control': 'no-cache', 'ETag': 'W/"46f-ujNHMQhZJwxM74iL70o77ZAFL4s"', 'Vary': 'Accept-Encoding', 'Content-Encoding': 'gzip', 'CF-Cache-Status': 'DYNAMIC', 'Report-To': '{"endpoints":[{"url":"https:\\/\\/a.nel.cloudflare.com\\/report\\/v4?s=iap8RAygw4t%2FBmQjSTasSzj%2BSPrI4P80Pa06hOXqu0fCCQg2vTmNVktgmRYH4L1KcsVAyuCIIYTyLtFRE%2Fo5ucJSZvvim9KGfQhhh%2Bc2pHWSfjSs9dfwWwaS7X%2Bx02uB"}],"group":"cf-nel","max_age":604800}', 'NEL': '{"success_fraction":0,"report_to":"cf-nel","max_age":604800}', 'Server': 'cloudflare', 'CF-RAY': '88284b1aca6d0105-ORD', 'alt-svc': 'h3=":443"; ma=86400'} 
 body={"results":[{"gender":"female","name":{"title":"Ms","first":"Jessica","last":"Cooper"},"location":{"street":{"number":2453,"name":"Bairds Road"},"city":"Dunedin","state":"Tasman","country":"New Zealand","postcode":98232,"coordinates":{"latitude":"49.4103","longitude":"90.6219"},"timezone":{"offset":"-9:00","description":"Alaska"}},"email":"jessica.cooper@example.com","login":{"uuid":"71e1302c-f7a0-438d-8150-5bcff75207a3","username":"angrygoose766","password":"fishing","salt":"BPcoH1pg","md5":"7bfae7a0a97bf7f0f25bd1c78ac738a7","sha1":"9cfc9218b615a4a14611adb021af353c62285116","sha256":"db9e7c4391be5d5c384b1e9bcab71e79d96c59f70783fc473b201dc1306266d6"},"dob":{"date":"1989-06-11T14:59:08.741Z","age":34},"registered":{"date":"2021-05-22T20:06:00.839Z","age":2},"phone":"(431)-046-1585","cell":"(165)-929-0665","id":{"name":"","value":null},"picture":{"large":"https://randomuser.me/api/portraits/women/92.jpg","medium":"https://randomuser.me/api/portraits/med/women/92.jpg","thumbnail":"https://randomuser.me/api/portraits/thumb/women/92.jpg"},"nat":"NZ"}],"info":{"seed":"f0bccb9a01ed1440","results":1,"page":1,"version":"1.4"}} 
 </msg>
<msg time="2024-05-12T06:18:46.940598" level="INFO">/opt/hostedtoolcache/Python/3.12.3/x64/lib/python3.12/site-packages/urllib3/connectionpool.py:1103: InsecureRequestWarning: Unverified HTTPS request is being made to host 'randomuser.me'. Adding certificate verification is strongly advised. See: https://urllib3.readthedocs.io/en/latest/advanced-usage.html#tls-warnings
  warnings.warn(</msg>
<msg time="2024-05-12T06:18:46.940738" level="INFO">${response} = &lt;Response [200]&gt;</msg>
<var>${response}</var>
<arg>consultarAPI</arg>
<arg>/api</arg>
<doc>Sends a GET request on a previously created HTTP Session.</doc>
<status status="PASS" start="2024-05-12T06:18:46.843401" elapsed="0.097380"/>
</kw>
<kw name="Set Variable" owner="BuiltIn">
<msg time="2024-05-12T06:18:46.941834" level="INFO">${json_data} = {'results': [{'gender': 'female', 'name': {'title': 'Ms', 'first': 'Jessica', 'last': 'Cooper'}, 'location': {'street': {'number': 2453, 'name': 'Bairds Road'}, 'city': 'Dunedin', 'state': 'Tasman', '...</msg>
<var>${json_data}</var>
<arg>${response.json()}</arg>
<doc>Returns the given values which can then be assigned to a variables.</doc>
<status status="PASS" start="2024-05-12T06:18:46.941315" elapsed="0.000546"/>
</kw>
<kw name="Set Variable" owner="BuiltIn">
<msg time="2024-05-12T06:18:46.942628" level="INFO">${name_title} = Ms</msg>
<var>${name_title}</var>
<arg>${json_data["results"][0]["name"]["title"]}</arg>
<doc>Returns the given values which can then be assigned to a variables.</doc>
<status status="PASS" start="2024-05-12T06:18:46.942205" elapsed="0.000447"/>
</kw>
<kw name="Create List" owner="BuiltIn">
<msg time="2024-05-12T06:18:46.943138" level="INFO">${allowed_titles} = ['Mr', 'Ms', 'Miss', 'Mrs', 'Madame', 'Monsieur']</msg>
<var>${allowed_titles}</var>
<arg>Mr</arg>
<arg>Ms</arg>
<arg>Miss</arg>
<arg>Mrs</arg>
<arg>Madame</arg>
<arg>Monsieur</arg>
<doc>Returns a list containing given items.</doc>
<status status="PASS" start="2024-05-12T06:18:46.942973" elapsed="0.000200"/>
</kw>
<kw name="List Should Contain Value" owner="Collections">
<msg time="2024-05-12T06:18:46.943704" level="INFO">False</msg>
<arg>${allowed_titles}</arg>
<arg>${name_title}</arg>
<doc>Fails if the ``value`` is not found from ``list``.</doc>
<status status="PASS" start="2024-05-12T06:18:46.943528" elapsed="0.000212"/>
</kw>
<kw name="Set Variable" owner="BuiltIn">
<msg time="2024-05-12T06:18:46.944420" level="INFO">${name_country} = NZ</msg>
<var>${name_country}</var>
<arg>${json_data["results"][0]["nat"]}</arg>
<doc>Returns the given values which can then be assigned to a variables.</doc>
<status status="PASS" start="2024-05-12T06:18:46.944030" elapsed="0.000414"/>
</kw>
<kw name="Create List" owner="BuiltIn">
<msg time="2024-05-12T06:18:46.945326" level="INFO">${list_country} = ['AD', 'AE', 'AF', 'AG', 'AI', 'AL', 'AM', 'AO', 'AQ', 'AR', 'AS', 'AT', 'AU', 'AW', 'AX', 'AZ', 'BA', 'BB', 'BD', 'BE', 'BF', 'BG', 'BH', 'BI', 'BJ', 'BL', 'BM', 'BN', 'BO', 'BQ', 'BR', 'BS', 'BT', '...</msg>
<var>${list_country}</var>
<arg>AD</arg>
<arg>AE</arg>
<arg>AF</arg>
<arg>AG</arg>
<arg>AI</arg>
<arg>AL</arg>
<arg>AM</arg>
<arg>AO</arg>
<arg>AQ</arg>
<arg>AR</arg>
<arg>AS</arg>
<arg>AT</arg>
<arg>AU</arg>
<arg>AW</arg>
<arg>AX</arg>
<arg>AZ</arg>
<arg>BA</arg>
<arg>BB</arg>
<arg>BD</arg>
<arg>BE</arg>
<arg>BF</arg>
<arg>BG</arg>
<arg>BH</arg>
<arg>BI</arg>
<arg>BJ</arg>
<arg>BL</arg>
<arg>BM</arg>
<arg>BN</arg>
<arg>BO</arg>
<arg>BQ</arg>
<arg>BR</arg>
<arg>BS</arg>
<arg>BT</arg>
<arg>BV</arg>
<arg>BW</arg>
<arg>BY</arg>
<arg>BZ</arg>
<arg>CA</arg>
<arg>CC</arg>
<arg>CD</arg>
<arg>CF</arg>
<arg>CG</arg>
<arg>CH</arg>
<arg>CI</arg>
<arg>CK</arg>
<arg>CL</arg>
<arg>CM</arg>
<arg>CN</arg>
<arg>CO</arg>
<arg>CR</arg>
<arg>CU</arg>
<arg>CV</arg>
<arg>CW</arg>
<arg>CX</arg>
<arg>CY</arg>
<arg>CZ</arg>
<arg>DE</arg>
<arg>DJ</arg>
<arg>DK</arg>
<arg>DM</arg>
<arg>DO</arg>
<arg>DZ</arg>
<arg>EC</arg>
<arg>EE</arg>
<arg>EG</arg>
<arg>EH</arg>
<arg>ER</arg>
<arg>ES</arg>
<arg>ET</arg>
<arg>FI</arg>
<arg>FJ</arg>
<arg>FK</arg>
<arg>FM</arg>
<arg>FO</arg>
<arg>FR</arg>
<arg>GA</arg>
<arg>GB</arg>
<arg>GD</arg>
<arg>GE</arg>
<arg>GF</arg>
<arg>GG</arg>
<arg>GH</arg>
<arg>GI</arg>
<arg>GL</arg>
<arg>GM</arg>
<arg>GN</arg>
<arg>GP</arg>
<arg>GQ</arg>
<arg>GR</arg>
<arg>GS</arg>
<arg>GT</arg>
<arg>GU</arg>
<arg>GW</arg>
<arg>GY</arg>
<arg>HK</arg>
<arg>HM</arg>
<arg>HN</arg>
<arg>HR</arg>
<arg>HT</arg>
<arg>HU</arg>
<arg>ID</arg>
<arg>IE</arg>
<arg>IL</arg>
<arg>IM</arg>
<arg>IN</arg>
<arg>IO</arg>
<arg>IQ</arg>
<arg>IR</arg>
<arg>IS</arg>
<arg>IT</arg>
<arg>JE</arg>
<arg>JM</arg>
<arg>JO</arg>
<arg>JP</arg>
<arg>KE</arg>
<arg>KG</arg>
<arg>KH</arg>
<arg>KI</arg>
<arg>KM</arg>
<arg>KN</arg>
<arg>KP</arg>
<arg>KR</arg>
<arg>KW</arg>
<arg>KY</arg>
<arg>KZ</arg>
<arg>LA</arg>
<arg>LB</arg>
<arg>LC</arg>
<arg>LI</arg>
<arg>LK</arg>
<arg>LR</arg>
<arg>LS</arg>
<arg>LT</arg>
<arg>LU</arg>
<arg>LV</arg>
<arg>LY</arg>
<arg>MA</arg>
<arg>MC</arg>
<arg>MD</arg>
<arg>ME</arg>
<arg>MF</arg>
<arg>MG</arg>
<arg>MH</arg>
<arg>MK</arg>
<arg>ML</arg>
<arg>MM</arg>
<arg>MN</arg>
<arg>MO</arg>
<arg>MP</arg>
<arg>MQ</arg>
<arg>MR</arg>
<arg>MS</arg>
<arg>MT</arg>
<arg>MU</arg>
<arg>MV</arg>
<arg>MW</arg>
<arg>MX</arg>
<arg>MY</arg>
<arg>MZ</arg>
<arg>NA</arg>
<arg>NC</arg>
<arg>NE</arg>
<arg>NF</arg>
<arg>NG</arg>
<arg>NI</arg>
<arg>NL</arg>
<arg>NO</arg>
<arg>NP</arg>
<arg>NR</arg>
<arg>NU</arg>
<arg>NZ</arg>
<arg>OM</arg>
<arg>PA</arg>
<arg>PE</arg>
<arg>PF</arg>
<arg>PG</arg>
<arg>PH</arg>
<arg>PK</arg>
<arg>PL</arg>
<arg>PM</arg>
<arg>PN</arg>
<arg>PR</arg>
<arg>PS</arg>
<arg>PT</arg>
<arg>PW</arg>
<arg>PY</arg>
<arg>QA</arg>
<arg>RE</arg>
<arg>RO</arg>
<arg>RS</arg>
<arg>RU</arg>
<arg>RW</arg>
<arg>SA</arg>
<arg>SB</arg>
<arg>SC</arg>
<arg>SD</arg>
<arg>SE</arg>
<arg>SG</arg>
<arg>SH</arg>
<arg>SI</arg>
<arg>SJ</arg>
<arg>SK</arg>
<arg>SL</arg>
<arg>SM</arg>
<arg>SN</arg>
<arg>SO</arg>
<arg>SR</arg>
<arg>SS</arg>
<arg>ST</arg>
<arg>SV</arg>
<arg>SX</arg>
<arg>SY</arg>
<arg>SZ</arg>
<arg>TC</arg>
<arg>TD</arg>
<arg>TF</arg>
<arg>TG</arg>
<arg>TH</arg>
<arg>TJ</arg>
<arg>TK</arg>
<arg>TL</arg>
<arg>TM</arg>
<arg>TN</arg>
<arg>TO</arg>
<arg>TR</arg>
<arg>TT</arg>
<arg>TV</arg>
<arg>TW</arg>
<arg>TZ</arg>
<arg>UA</arg>
<arg>UG</arg>
<arg>UM</arg>
<arg>US</arg>
<arg>UY</arg>
<arg>UZ</arg>
<arg>VA</arg>
<arg>VC</arg>
<arg>VE</arg>
<arg>VG</arg>
<arg>VI</arg>
<arg>VN</arg>
<arg>VU</arg>
<arg>WF</arg>
<arg>WS</arg>
<arg>XK</arg>
<arg>YE</arg>
<arg>YT</arg>
<arg>ZA</arg>
<arg>ZM</arg>
<arg>ZW</arg>
<doc>Returns a list containing given items.</doc>
<status status="PASS" start="2024-05-12T06:18:46.944742" elapsed="0.000609"/>
</kw>
<kw name="List Should Contain Value" owner="Collections">
<msg time="2024-05-12T06:18:46.946367" level="INFO">False</msg>
<arg>${list_country}</arg>
<arg>${name_country}</arg>
<doc>Fails if the ``value`` is not found from ``list``.</doc>
<status status="PASS" start="2024-05-12T06:18:46.946158" elapsed="0.000245"/>
</kw>
<kw name="Run Keyword If" owner="BuiltIn">
<kw name="Should Be True" owner="BuiltIn">
<arg>${True}</arg>
<doc>Fails if the given condition is not true.</doc>
<status status="PASS" start="2024-05-12T06:18:46.947468" elapsed="0.000142"/>
</kw>
<arg>${json_data["results"][0]["location"]["coordinates"]["latitude"]} &gt;= -90 and ${json_data["results"][0]["location"]["coordinates"]["latitude"]} &lt;= 90</arg>
<arg>Should Be True</arg>
<arg>${True}</arg>
<doc>Runs the given keyword with the given arguments, if ``condition`` is true.</doc>
<status status="PASS" start="2024-05-12T06:18:46.946713" elapsed="0.001020"/>
</kw>
<kw name="Run Keyword If" owner="BuiltIn">
<kw name="Should Be True" owner="BuiltIn">
<arg>${True}</arg>
<doc>Fails if the given condition is not true.</doc>
<status status="PASS" start="2024-05-12T06:18:46.948616" elapsed="0.000257"/>
</kw>
<arg>${json_data["results"][0]["location"]["coordinates"]["longitude"]} &gt;= -180 and ${json_data["results"][0]["location"]["coordinates"]["longitude"]} &lt;= 180</arg>
<arg>Should Be True</arg>
<arg>${True}</arg>
<doc>Runs the given keyword with the given arguments, if ``condition`` is true.</doc>
<status status="PASS" start="2024-05-12T06:18:46.947930" elapsed="0.001068"/>
</kw>
<status status="PASS" start="2024-05-12T06:18:46.843172" elapsed="0.105959"/>
</kw>
<doc>Testa o conteúdo específico dos campos retornados pela API.</doc>
<tag>testeConteudo</tag>
<status status="PASS" start="2024-05-12T06:18:46.842706" elapsed="0.106576"/>
</test>
<status status="PASS" start="2024-05-12T06:18:46.060534" elapsed="0.890811"/>
</suite>
<status status="PASS" start="2024-05-12T06:18:46.046738" elapsed="0.909909"/>
</suite>
<statistics>
<total>
<stat pass="5" fail="0" skip="0">All Tests</stat>
</total>
<tag>
<stat pass="1" fail="0" skip="0">testeConteudo</stat>
<stat pass="1" fail="0" skip="0">testeEstruturaResposta</stat>
<stat pass="1" fail="0" skip="0">testeRequisicaoBasica</stat>
<stat pass="1" fail="0" skip="0">testeTiposDados</stat>
</tag>
<suite>
<stat pass="5" fail="0" skip="0" id="s1" name="Tests">Tests</stat>
<stat pass="5" fail="0" skip="0" id="s1-s1" name="Random-User-Test">Tests.Random-User-Test</stat>
</suite>
</statistics>
<errors>
</errors>
</robot>
