<?xml version="1.0" encoding="UTF-8"?>
<robot generator="Robot 7.0 (Python 3.12.3 on linux)" generated="2024-04-18T09:14:24.073684" rpa="false" schemaversion="5">
<suite id="s1" name="Tests" source="/home/runner/work/DesafioQAItauRogerioJordao/DesafioQAItauRogerioJordao/RamdonUser/tests">
<suite id="s1-s1" name="Random-User-Test" source="/home/runner/work/DesafioQAItauRogerioJordao/DesafioQAItauRogerioJordao/RamdonUser/tests/random-user-test.robot">
<test id="s1-s1-t1" name="Conectar" line="13">
<kw name="Conectar API" owner="random-user-service">
<kw name="Create Session" owner="RequestsLibrary">
<msg time="2024-04-18T09:14:24.431916" level="INFO">Creating Session using : alias=consultarAPI, url=https://randomuser.me/, headers={},                     cookies={}, auth=None, timeout=None, proxies=None, verify=False,                     debug=0 </msg>
<arg>consultarAPI</arg>
<arg>${URL}</arg>
<doc>Create Session: create a HTTP session to a server</doc>
<status status="PASS" start="2024-04-18T09:14:24.431611" elapsed="0.000571"/>
</kw>
<status status="PASS" start="2024-04-18T09:14:24.430244" elapsed="0.002419"/>
</kw>
<status status="PASS" start="2024-04-18T09:14:24.429448" elapsed="0.003434"/>
</test>
<test id="s1-s1-t2" name="Validar retorno 200 e JSON Válido" line="16">
<kw name="Teste de Requisicao Basica" owner="random-user-service">
<kw name="GET On Session" owner="RequestsLibrary">
<msg time="2024-04-18T09:14:24.527351" level="INFO">GET Request : url=https://randomuser.me/api 
 path_url=/api 
 headers={'User-Agent': 'python-requests/2.31.0', 'Accept-Encoding': 'gzip, deflate', 'Accept': '*/*', 'Connection': 'keep-alive'} 
 body=None 
 </msg>
<msg time="2024-04-18T09:14:24.527451" level="INFO">GET Response : url=https://randomuser.me/api 
 status=200, reason=OK 
 headers={'Date': 'Thu, 18 Apr 2024 09:14:24 GMT', 'Content-Type': 'application/json; charset=utf-8', 'Transfer-Encoding': 'chunked', 'Connection': 'keep-alive', 'X-Powered-By': 'Express', 'Access-Control-Allow-Origin': '*', 'Cache-Control': 'no-cache', 'ETag': 'W/"48a-eSK51G2eQjOVu8k6lNatjJazBE4"', 'Vary': 'Accept-Encoding', 'Content-Encoding': 'gzip', 'CF-Cache-Status': 'DYNAMIC', 'Report-To': '{"endpoints":[{"url":"https:\\/\\/a.nel.cloudflare.com\\/report\\/v4?s=80vDdMAY05LfKakV2gSgqp8N96juP6NFNy5TPM0rfMsiDNvepcxwXlpUVWudxc5XoVxuHWEVzp0NtmjJ5gGalpJYZeTtpBk3la1FOi7O%2FlbCcUfIcUl3K3z8D6SBFcs1"}],"group":"cf-nel","max_age":604800}', 'NEL': '{"success_fraction":0,"report_to":"cf-nel","max_age":604800}', 'Server': 'cloudflare', 'CF-RAY': '87638b5ef86b13d1-ORD', 'alt-svc': 'h3=":443"; ma=86400'} 
 body={"results":[{"gender":"female","name":{"title":"Miss","first":"Anitha","last":"Bhoja"},"location":{"street":{"number":7256,"name":"Sitabuldi Main Rd"},"city":"Secunderabad","state":"Dadra and Nagar Haveli","country":"India","postcode":93489,"coordinates":{"latitude":"6.2818","longitude":"88.0777"},"timezone":{"offset":"+4:30","description":"Kabul"}},"email":"anitha.bhoja@example.com","login":{"uuid":"120abed3-e7af-4d09-95ed-bf0297aca68b","username":"ticklishpeacock958","password":"talk","salt":"EN71aLIu","md5":"71ce9b2f6d197f0ae6d2e31749c28d38","sha1":"9da3add1ef99970121943c68dab64c7b677c919a","sha256":"3c621b110a47a3d0fb6082ea7b91d156c3d417100cc7ecd8b2cb0568501bb163"},"dob":{"date":"1946-06-26T21:27:31.108Z","age":77},"registered":{"date":"2005-02-21T04:07:45.046Z","age":19},"phone":"8686357676","cell":"7717813262","id":{"name":"UIDAI","value":"569623219987"},"picture":{"large":"https://randomuser.me/api/portraits/women/55.jpg","medium":"https://randomuser.me/api/portraits/med/women/55.jpg","thumbnail":"https://randomuser.me/api/portraits/thumb/women/55.jpg"},"nat":"IN"}],"info":{"seed":"df63c7a895bf5b3f","results":1,"page":1,"version":"1.4"}} 
 </msg>
<msg time="2024-04-18T09:14:24.527520" level="INFO">/opt/hostedtoolcache/Python/3.12.3/x64/lib/python3.12/site-packages/urllib3/connectionpool.py:1103: InsecureRequestWarning: Unverified HTTPS request is being made to host 'randomuser.me'. Adding certificate verification is strongly advised. See: https://urllib3.readthedocs.io/en/latest/advanced-usage.html#tls-warnings
  warnings.warn(</msg>
<msg time="2024-04-18T09:14:24.527670" level="INFO">${response} = &lt;Response [200]&gt;</msg>
<var>${response}</var>
<arg>consultarAPI</arg>
<arg>/api</arg>
<doc>Sends a GET request on a previously created HTTP Session.</doc>
<status status="PASS" start="2024-04-18T09:14:24.436254" elapsed="0.091460"/>
</kw>
<kw name="Should Be Equal As Numbers" owner="BuiltIn">
<msg time="2024-04-18T09:14:24.528514" level="INFO">Argument types are:
&lt;class 'int'&gt;
&lt;class 'str'&gt;</msg>
<arg>${response.status_code}</arg>
<arg>200</arg>
<doc>Fails if objects are unequal after converting them to real numbers.</doc>
<status status="PASS" start="2024-04-18T09:14:24.528108" elapsed="0.000469"/>
</kw>
<kw name="Log" owner="BuiltIn">
<msg time="2024-04-18T09:14:24.529269" level="INFO">200</msg>
<arg>${response.status_code}</arg>
<doc>Logs the given message with the given level.</doc>
<status status="PASS" start="2024-04-18T09:14:24.528919" elapsed="0.000392"/>
</kw>
<kw name="Set Variable" owner="BuiltIn">
<msg time="2024-04-18T09:14:24.530050" level="INFO">${json_data} = {'results': [{'gender': 'female', 'name': {'title': 'Miss', 'first': 'Anitha', 'last': 'Bhoja'}, 'location': {'street': {'number': 7256, 'name': 'Sitabuldi Main Rd'}, 'city': 'Secunderabad', 'state': ...</msg>
<var>${json_data}</var>
<arg>${response.json()}</arg>
<doc>Returns the given values which can then be assigned to a variables.</doc>
<status status="PASS" start="2024-04-18T09:14:24.529614" elapsed="0.000463"/>
</kw>
<kw name="Dictionary Should Contain Key" owner="Collections">
<msg time="2024-04-18T09:14:24.530542" level="INFO">False</msg>
<arg>${json_data}</arg>
<arg>results</arg>
<doc>Fails if ``key`` is not found from ``dictionary``.</doc>
<status status="PASS" start="2024-04-18T09:14:24.530376" elapsed="0.000206"/>
</kw>
<status status="PASS" start="2024-04-18T09:14:24.435992" elapsed="0.094843"/>
</kw>
<doc>Testa se a API responde corretamente e retorna um objeto JSON válido.</doc>
<tag>testeRequisicaoBasica</tag>
<status status="PASS" start="2024-04-18T09:14:24.435451" elapsed="0.095551"/>
</test>
<test id="s1-s1-t3" name="Validar estrutura de resposta" line="22">
<kw name="Teste de Estrutura de Resposta" owner="random-user-service">
<kw name="GET On Session" owner="RequestsLibrary">
<msg time="2024-04-18T09:14:24.618352" level="INFO">GET Request : url=https://randomuser.me/api 
 path_url=/api 
 headers={'User-Agent': 'python-requests/2.31.0', 'Accept-Encoding': 'gzip, deflate', 'Accept': '*/*', 'Connection': 'keep-alive'} 
 body=None 
 </msg>
<msg time="2024-04-18T09:14:24.618425" level="INFO">GET Response : url=https://randomuser.me/api 
 status=200, reason=OK 
 headers={'Date': 'Thu, 18 Apr 2024 09:14:24 GMT', 'Content-Type': 'application/json; charset=utf-8', 'Transfer-Encoding': 'chunked', 'Connection': 'keep-alive', 'X-Powered-By': 'Express', 'Access-Control-Allow-Origin': '*', 'Cache-Control': 'no-cache', 'ETag': 'W/"4a0-Yh/6OQ9WdR8mpw4RlY65+sQ0mkk"', 'Vary': 'Accept-Encoding', 'Content-Encoding': 'gzip', 'CF-Cache-Status': 'DYNAMIC', 'Report-To': '{"endpoints":[{"url":"https:\\/\\/a.nel.cloudflare.com\\/report\\/v4?s=d1oZt29ew4KYwY1abvU%2FA52FMaUugjnd08uZ8aca47ky%2FGbERSnalYB1fNHN%2FDr4NNNYMrpEsc3RWgnIMdxZFbbKgiEoHYP7iiz4rN0DD6kFWaouELxciiWDlekF3Owq"}],"group":"cf-nel","max_age":604800}', 'NEL': '{"success_fraction":0,"report_to":"cf-nel","max_age":604800}', 'Server': 'cloudflare', 'CF-RAY': '87638b5f589813d1-ORD', 'alt-svc': 'h3=":443"; ma=86400'} 
 body={"results":[{"gender":"male","name":{"title":"Mr","first":"Ebenezer","last":"Moerdijk"},"location":{"street":{"number":8301,"name":"Kardingerweg"},"city":"Camerig","state":"Zuid-Holland","country":"Netherlands","postcode":"1523 PR","coordinates":{"latitude":"32.2403","longitude":"-80.5993"},"timezone":{"offset":"-5:00","description":"Eastern Time (US &amp; Canada), Bogota, Lima"}},"email":"ebenezer.moerdijk@example.com","login":{"uuid":"374de2ee-0744-4911-a51d-360ac1b14d25","username":"bigsnake284","password":"figaro","salt":"cEsrIff6","md5":"65430473c75eed9d016c96a13e4abef3","sha1":"d002fc373028a98e8bb10c53736ef4aff1670a30","sha256":"1f9572732d464eb5ef8b1e932c7b881ebc34d43aa767e09738935fd407c6fb22"},"dob":{"date":"1968-06-15T09:47:24.405Z","age":55},"registered":{"date":"2002-06-14T13:03:23.566Z","age":21},"phone":"(071) 7128138","cell":"(06) 76745206","id":{"name":"BSN","value":"73988768"},"picture":{"large":"https://randomuser.me/api/portraits/men/67.jpg","medium":"https://randomuser.me/api/portraits/med/men/67.jpg","thumbnail":"https://randomuser.me/api/portraits/thumb/men/67.jpg"},"nat":"NL"}],"info":{"seed":"d11ea910fd5ca43e","results":1,"page":1,"version":"1.4"}} 
 </msg>
<msg time="2024-04-18T09:14:24.618519" level="INFO">/opt/hostedtoolcache/Python/3.12.3/x64/lib/python3.12/site-packages/urllib3/connectionpool.py:1103: InsecureRequestWarning: Unverified HTTPS request is being made to host 'randomuser.me'. Adding certificate verification is strongly advised. See: https://urllib3.readthedocs.io/en/latest/advanced-usage.html#tls-warnings
  warnings.warn(</msg>
<msg time="2024-04-18T09:14:24.618628" level="INFO">${response} = &lt;Response [200]&gt;</msg>
<var>${response}</var>
<arg>consultarAPI</arg>
<arg>/api</arg>
<doc>Sends a GET request on a previously created HTTP Session.</doc>
<status status="PASS" start="2024-04-18T09:14:24.534064" elapsed="0.084602"/>
</kw>
<kw name="Set Variable" owner="BuiltIn">
<msg time="2024-04-18T09:14:24.619501" level="INFO">${json_data} = {'results': [{'gender': 'male', 'name': {'title': 'Mr', 'first': 'Ebenezer', 'last': 'Moerdijk'}, 'location': {'street': {'number': 8301, 'name': 'Kardingerweg'}, 'city': 'Camerig', 'state': 'Zuid-Hol...</msg>
<var>${json_data}</var>
<arg>${response.json()}</arg>
<doc>Returns the given values which can then be assigned to a variables.</doc>
<status status="PASS" start="2024-04-18T09:14:24.619024" elapsed="0.000506"/>
</kw>
<kw name="Log" owner="BuiltIn">
<msg time="2024-04-18T09:14:24.619993" level="INFO">{'results': [{'gender': 'male', 'name': {'title': 'Mr', 'first': 'Ebenezer', 'last': 'Moerdijk'}, 'location': {'street': {'number': 8301, 'name': 'Kardingerweg'}, 'city': 'Camerig', 'state': 'Zuid-Holland', 'country': 'Netherlands', 'postcode': '1523 PR', 'coordinates': {'latitude': '32.2403', 'longitude': '-80.5993'}, 'timezone': {'offset': '-5:00', 'description': 'Eastern Time (US &amp; Canada), Bogota, Lima'}}, 'email': 'ebenezer.moerdijk@example.com', 'login': {'uuid': '374de2ee-0744-4911-a51d-360ac1b14d25', 'username': 'bigsnake284', 'password': 'figaro', 'salt': 'cEsrIff6', 'md5': '65430473c75eed9d016c96a13e4abef3', 'sha1': 'd002fc373028a98e8bb10c53736ef4aff1670a30', 'sha256': '1f9572732d464eb5ef8b1e932c7b881ebc34d43aa767e09738935fd407c6fb22'}, 'dob': {'date': '1968-06-15T09:47:24.405Z', 'age': 55}, 'registered': {'date': '2002-06-14T13:03:23.566Z', 'age': 21}, 'phone': '(071) 7128138', 'cell': '(06) 76745206', 'id': {'name': 'BSN', 'value': '73988768'}, 'picture': {'large': 'https://randomuser.me/api/portraits/men/67.jpg', 'medium': 'https://randomuser.me/api/portraits/med/men/67.jpg', 'thumbnail': 'https://randomuser.me/api/portraits/thumb/men/67.jpg'}, 'nat': 'NL'}], 'info': {'seed': 'd11ea910fd5ca43e', 'results': 1, 'page': 1, 'version': '1.4'}}</msg>
<arg>${json_data}</arg>
<doc>Logs the given message with the given level.</doc>
<status status="PASS" start="2024-04-18T09:14:24.619836" elapsed="0.000208"/>
</kw>
<kw name="Dictionary Should Contain Key" owner="Collections">
<msg time="2024-04-18T09:14:24.620488" level="INFO">False</msg>
<arg>${json_data}</arg>
<arg>results</arg>
<doc>Fails if ``key`` is not found from ``dictionary``.</doc>
<status status="PASS" start="2024-04-18T09:14:24.620336" elapsed="0.000188"/>
</kw>
<kw name="Should Not Be Empty" owner="BuiltIn">
<msg time="2024-04-18T09:14:24.620943" level="INFO">Length is 2.</msg>
<arg>${json_data}</arg>
<doc>Verifies that the given item is not empty.</doc>
<status status="PASS" start="2024-04-18T09:14:24.620814" elapsed="0.000292"/>
</kw>
<kw name="Create List" owner="BuiltIn">
<msg time="2024-04-18T09:14:24.621543" level="INFO">${expected_keys} = ['gender', 'name', 'location', 'email', 'login']</msg>
<var>${expected_keys}</var>
<arg>gender</arg>
<arg>name</arg>
<arg>location</arg>
<arg>email</arg>
<arg>login</arg>
<doc>Returns a list containing given items.</doc>
<status status="PASS" start="2024-04-18T09:14:24.621398" elapsed="0.000169"/>
</kw>
<for flavor="IN">
<iter>
<kw name="Dictionary Should Contain Key" owner="Collections">
<msg time="2024-04-18T09:14:24.622526" level="INFO">False</msg>
<arg>${json_data['results'][0]}</arg>
<arg>${key}</arg>
<doc>Fails if ``key`` is not found from ``dictionary``.</doc>
<status status="PASS" start="2024-04-18T09:14:24.622129" elapsed="0.000435"/>
</kw>
<kw name="Log" owner="BuiltIn">
<msg time="2024-04-18T09:14:24.623223" level="INFO">{'gender': 'male', 'name': {'title': 'Mr', 'first': 'Ebenezer', 'last': 'Moerdijk'}, 'location': {'street': {'number': 8301, 'name': 'Kardingerweg'}, 'city': 'Camerig', 'state': 'Zuid-Holland', 'country': 'Netherlands', 'postcode': '1523 PR', 'coordinates': {'latitude': '32.2403', 'longitude': '-80.5993'}, 'timezone': {'offset': '-5:00', 'description': 'Eastern Time (US &amp; Canada), Bogota, Lima'}}, 'email': 'ebenezer.moerdijk@example.com', 'login': {'uuid': '374de2ee-0744-4911-a51d-360ac1b14d25', 'username': 'bigsnake284', 'password': 'figaro', 'salt': 'cEsrIff6', 'md5': '65430473c75eed9d016c96a13e4abef3', 'sha1': 'd002fc373028a98e8bb10c53736ef4aff1670a30', 'sha256': '1f9572732d464eb5ef8b1e932c7b881ebc34d43aa767e09738935fd407c6fb22'}, 'dob': {'date': '1968-06-15T09:47:24.405Z', 'age': 55}, 'registered': {'date': '2002-06-14T13:03:23.566Z', 'age': 21}, 'phone': '(071) 7128138', 'cell': '(06) 76745206', 'id': {'name': 'BSN', 'value': '73988768'}, 'picture': {'large': 'https://randomuser.me/api/portraits/men/67.jpg', 'medium': 'https://randomuser.me/api/portraits/med/men/67.jpg', 'thumbnail': 'https://randomuser.me/api/portraits/thumb/men/67.jpg'}, 'nat': 'NL'}</msg>
<arg>${json_data['results'][0]}</arg>
<doc>Logs the given message with the given level.</doc>
<status status="PASS" start="2024-04-18T09:14:24.622859" elapsed="0.000435"/>
</kw>
<kw name="Log" owner="BuiltIn">
<msg time="2024-04-18T09:14:24.623712" level="INFO">gender</msg>
<arg>${key}</arg>
<doc>Logs the given message with the given level.</doc>
<status status="PASS" start="2024-04-18T09:14:24.623587" elapsed="0.000162"/>
</kw>
<var name="${key}">gender</var>
<status status="PASS" start="2024-04-18T09:14:24.622001" elapsed="0.001959"/>
</iter>
<iter>
<kw name="Dictionary Should Contain Key" owner="Collections">
<msg time="2024-04-18T09:14:24.624643" level="INFO">False</msg>
<arg>${json_data['results'][0]}</arg>
<arg>${key}</arg>
<doc>Fails if ``key`` is not found from ``dictionary``.</doc>
<status status="PASS" start="2024-04-18T09:14:24.624260" elapsed="0.000421"/>
</kw>
<kw name="Log" owner="BuiltIn">
<msg time="2024-04-18T09:14:24.625364" level="INFO">{'gender': 'male', 'name': {'title': 'Mr', 'first': 'Ebenezer', 'last': 'Moerdijk'}, 'location': {'street': {'number': 8301, 'name': 'Kardingerweg'}, 'city': 'Camerig', 'state': 'Zuid-Holland', 'country': 'Netherlands', 'postcode': '1523 PR', 'coordinates': {'latitude': '32.2403', 'longitude': '-80.5993'}, 'timezone': {'offset': '-5:00', 'description': 'Eastern Time (US &amp; Canada), Bogota, Lima'}}, 'email': 'ebenezer.moerdijk@example.com', 'login': {'uuid': '374de2ee-0744-4911-a51d-360ac1b14d25', 'username': 'bigsnake284', 'password': 'figaro', 'salt': 'cEsrIff6', 'md5': '65430473c75eed9d016c96a13e4abef3', 'sha1': 'd002fc373028a98e8bb10c53736ef4aff1670a30', 'sha256': '1f9572732d464eb5ef8b1e932c7b881ebc34d43aa767e09738935fd407c6fb22'}, 'dob': {'date': '1968-06-15T09:47:24.405Z', 'age': 55}, 'registered': {'date': '2002-06-14T13:03:23.566Z', 'age': 21}, 'phone': '(071) 7128138', 'cell': '(06) 76745206', 'id': {'name': 'BSN', 'value': '73988768'}, 'picture': {'large': 'https://randomuser.me/api/portraits/men/67.jpg', 'medium': 'https://randomuser.me/api/portraits/med/men/67.jpg', 'thumbnail': 'https://randomuser.me/api/portraits/thumb/men/67.jpg'}, 'nat': 'NL'}</msg>
<arg>${json_data['results'][0]}</arg>
<doc>Logs the given message with the given level.</doc>
<status status="PASS" start="2024-04-18T09:14:24.625005" elapsed="0.000407"/>
</kw>
<kw name="Log" owner="BuiltIn">
<msg time="2024-04-18T09:14:24.625830" level="INFO">name</msg>
<arg>${key}</arg>
<doc>Logs the given message with the given level.</doc>
<status status="PASS" start="2024-04-18T09:14:24.625705" elapsed="0.000160"/>
</kw>
<var name="${key}">name</var>
<status status="PASS" start="2024-04-18T09:14:24.624145" elapsed="0.001931"/>
</iter>
<iter>
<kw name="Dictionary Should Contain Key" owner="Collections">
<msg time="2024-04-18T09:14:24.626747" level="INFO">False</msg>
<arg>${json_data['results'][0]}</arg>
<arg>${key}</arg>
<doc>Fails if ``key`` is not found from ``dictionary``.</doc>
<status status="PASS" start="2024-04-18T09:14:24.626365" elapsed="0.000420"/>
</kw>
<kw name="Log" owner="BuiltIn">
<msg time="2024-04-18T09:14:24.627460" level="INFO">{'gender': 'male', 'name': {'title': 'Mr', 'first': 'Ebenezer', 'last': 'Moerdijk'}, 'location': {'street': {'number': 8301, 'name': 'Kardingerweg'}, 'city': 'Camerig', 'state': 'Zuid-Holland', 'country': 'Netherlands', 'postcode': '1523 PR', 'coordinates': {'latitude': '32.2403', 'longitude': '-80.5993'}, 'timezone': {'offset': '-5:00', 'description': 'Eastern Time (US &amp; Canada), Bogota, Lima'}}, 'email': 'ebenezer.moerdijk@example.com', 'login': {'uuid': '374de2ee-0744-4911-a51d-360ac1b14d25', 'username': 'bigsnake284', 'password': 'figaro', 'salt': 'cEsrIff6', 'md5': '65430473c75eed9d016c96a13e4abef3', 'sha1': 'd002fc373028a98e8bb10c53736ef4aff1670a30', 'sha256': '1f9572732d464eb5ef8b1e932c7b881ebc34d43aa767e09738935fd407c6fb22'}, 'dob': {'date': '1968-06-15T09:47:24.405Z', 'age': 55}, 'registered': {'date': '2002-06-14T13:03:23.566Z', 'age': 21}, 'phone': '(071) 7128138', 'cell': '(06) 76745206', 'id': {'name': 'BSN', 'value': '73988768'}, 'picture': {'large': 'https://randomuser.me/api/portraits/men/67.jpg', 'medium': 'https://randomuser.me/api/portraits/med/men/67.jpg', 'thumbnail': 'https://randomuser.me/api/portraits/thumb/men/67.jpg'}, 'nat': 'NL'}</msg>
<arg>${json_data['results'][0]}</arg>
<doc>Logs the given message with the given level.</doc>
<status status="PASS" start="2024-04-18T09:14:24.627079" elapsed="0.000430"/>
</kw>
<kw name="Log" owner="BuiltIn">
<msg time="2024-04-18T09:14:24.627924" level="INFO">location</msg>
<arg>${key}</arg>
<doc>Logs the given message with the given level.</doc>
<status status="PASS" start="2024-04-18T09:14:24.627801" elapsed="0.000160"/>
</kw>
<var name="${key}">location</var>
<status status="PASS" start="2024-04-18T09:14:24.626254" elapsed="0.001920"/>
</iter>
<iter>
<kw name="Dictionary Should Contain Key" owner="Collections">
<msg time="2024-04-18T09:14:24.628839" level="INFO">False</msg>
<arg>${json_data['results'][0]}</arg>
<arg>${key}</arg>
<doc>Fails if ``key`` is not found from ``dictionary``.</doc>
<status status="PASS" start="2024-04-18T09:14:24.628459" elapsed="0.000416"/>
</kw>
<kw name="Log" owner="BuiltIn">
<msg time="2024-04-18T09:14:24.629532" level="INFO">{'gender': 'male', 'name': {'title': 'Mr', 'first': 'Ebenezer', 'last': 'Moerdijk'}, 'location': {'street': {'number': 8301, 'name': 'Kardingerweg'}, 'city': 'Camerig', 'state': 'Zuid-Holland', 'country': 'Netherlands', 'postcode': '1523 PR', 'coordinates': {'latitude': '32.2403', 'longitude': '-80.5993'}, 'timezone': {'offset': '-5:00', 'description': 'Eastern Time (US &amp; Canada), Bogota, Lima'}}, 'email': 'ebenezer.moerdijk@example.com', 'login': {'uuid': '374de2ee-0744-4911-a51d-360ac1b14d25', 'username': 'bigsnake284', 'password': 'figaro', 'salt': 'cEsrIff6', 'md5': '65430473c75eed9d016c96a13e4abef3', 'sha1': 'd002fc373028a98e8bb10c53736ef4aff1670a30', 'sha256': '1f9572732d464eb5ef8b1e932c7b881ebc34d43aa767e09738935fd407c6fb22'}, 'dob': {'date': '1968-06-15T09:47:24.405Z', 'age': 55}, 'registered': {'date': '2002-06-14T13:03:23.566Z', 'age': 21}, 'phone': '(071) 7128138', 'cell': '(06) 76745206', 'id': {'name': 'BSN', 'value': '73988768'}, 'picture': {'large': 'https://randomuser.me/api/portraits/men/67.jpg', 'medium': 'https://randomuser.me/api/portraits/med/men/67.jpg', 'thumbnail': 'https://randomuser.me/api/portraits/thumb/men/67.jpg'}, 'nat': 'NL'}</msg>
<arg>${json_data['results'][0]}</arg>
<doc>Logs the given message with the given level.</doc>
<status status="PASS" start="2024-04-18T09:14:24.629171" elapsed="0.000411"/>
</kw>
<kw name="Log" owner="BuiltIn">
<msg time="2024-04-18T09:14:24.629992" level="INFO">email</msg>
<arg>${key}</arg>
<doc>Logs the given message with the given level.</doc>
<status status="PASS" start="2024-04-18T09:14:24.629868" elapsed="0.000162"/>
</kw>
<var name="${key}">email</var>
<status status="PASS" start="2024-04-18T09:14:24.628347" elapsed="0.001894"/>
</iter>
<iter>
<kw name="Dictionary Should Contain Key" owner="Collections">
<msg time="2024-04-18T09:14:24.630895" level="INFO">False</msg>
<arg>${json_data['results'][0]}</arg>
<arg>${key}</arg>
<doc>Fails if ``key`` is not found from ``dictionary``.</doc>
<status status="PASS" start="2024-04-18T09:14:24.630520" elapsed="0.000413"/>
</kw>
<kw name="Log" owner="BuiltIn">
<msg time="2024-04-18T09:14:24.631609" level="INFO">{'gender': 'male', 'name': {'title': 'Mr', 'first': 'Ebenezer', 'last': 'Moerdijk'}, 'location': {'street': {'number': 8301, 'name': 'Kardingerweg'}, 'city': 'Camerig', 'state': 'Zuid-Holland', 'country': 'Netherlands', 'postcode': '1523 PR', 'coordinates': {'latitude': '32.2403', 'longitude': '-80.5993'}, 'timezone': {'offset': '-5:00', 'description': 'Eastern Time (US &amp; Canada), Bogota, Lima'}}, 'email': 'ebenezer.moerdijk@example.com', 'login': {'uuid': '374de2ee-0744-4911-a51d-360ac1b14d25', 'username': 'bigsnake284', 'password': 'figaro', 'salt': 'cEsrIff6', 'md5': '65430473c75eed9d016c96a13e4abef3', 'sha1': 'd002fc373028a98e8bb10c53736ef4aff1670a30', 'sha256': '1f9572732d464eb5ef8b1e932c7b881ebc34d43aa767e09738935fd407c6fb22'}, 'dob': {'date': '1968-06-15T09:47:24.405Z', 'age': 55}, 'registered': {'date': '2002-06-14T13:03:23.566Z', 'age': 21}, 'phone': '(071) 7128138', 'cell': '(06) 76745206', 'id': {'name': 'BSN', 'value': '73988768'}, 'picture': {'large': 'https://randomuser.me/api/portraits/men/67.jpg', 'medium': 'https://randomuser.me/api/portraits/med/men/67.jpg', 'thumbnail': 'https://randomuser.me/api/portraits/thumb/men/67.jpg'}, 'nat': 'NL'}</msg>
<arg>${json_data['results'][0]}</arg>
<doc>Logs the given message with the given level.</doc>
<status status="PASS" start="2024-04-18T09:14:24.631230" elapsed="0.000427"/>
</kw>
<kw name="Log" owner="BuiltIn">
<msg time="2024-04-18T09:14:24.632070" level="INFO">login</msg>
<arg>${key}</arg>
<doc>Logs the given message with the given level.</doc>
<status status="PASS" start="2024-04-18T09:14:24.631945" elapsed="0.000195"/>
</kw>
<var name="${key}">login</var>
<status status="PASS" start="2024-04-18T09:14:24.630411" elapsed="0.001947"/>
</iter>
<var>${key}</var>
<value>@{expected_keys}</value>
<status status="PASS" start="2024-04-18T09:14:24.621818" elapsed="0.010659"/>
</for>
<kw name="Create List" owner="BuiltIn">
<msg time="2024-04-18T09:14:24.632800" level="INFO">${expected_keysTwo} = ['username', 'password']</msg>
<var>${expected_keysTwo}</var>
<arg>username</arg>
<arg>password</arg>
<doc>Returns a list containing given items.</doc>
<status status="PASS" start="2024-04-18T09:14:24.632668" elapsed="0.000155"/>
</kw>
<for flavor="IN">
<iter>
<kw name="Dictionary Should Contain Key" owner="Collections">
<msg time="2024-04-18T09:14:24.633703" level="INFO">False</msg>
<arg>${json_data['results'][0]['login']}</arg>
<arg>${keyTwo}</arg>
<doc>Fails if ``key`` is not found from ``dictionary``.</doc>
<status status="PASS" start="2024-04-18T09:14:24.633311" elapsed="0.000429"/>
</kw>
<kw name="Dictionary Should Contain Key" owner="Collections">
<msg time="2024-04-18T09:14:24.634406" level="INFO">False</msg>
<arg>${json_data['results'][0]['login']}</arg>
<arg>${keyTwo}</arg>
<doc>Fails if ``key`` is not found from ``dictionary``.</doc>
<status status="PASS" start="2024-04-18T09:14:24.634029" elapsed="0.000414"/>
</kw>
<kw name="Log" owner="BuiltIn">
<msg time="2024-04-18T09:14:24.634852" level="INFO">username</msg>
<arg>${keyTwo}</arg>
<doc>Logs the given message with the given level.</doc>
<status status="PASS" start="2024-04-18T09:14:24.634729" elapsed="0.000165"/>
</kw>
<var name="${keyTwo}">username</var>
<status status="PASS" start="2024-04-18T09:14:24.633203" elapsed="0.001907"/>
</iter>
<iter>
<kw name="Dictionary Should Contain Key" owner="Collections">
<msg time="2024-04-18T09:14:24.635885" level="INFO">False</msg>
<arg>${json_data['results'][0]['login']}</arg>
<arg>${keyTwo}</arg>
<doc>Fails if ``key`` is not found from ``dictionary``.</doc>
<status status="PASS" start="2024-04-18T09:14:24.635414" elapsed="0.000510"/>
</kw>
<kw name="Dictionary Should Contain Key" owner="Collections">
<msg time="2024-04-18T09:14:24.636591" level="INFO">False</msg>
<arg>${json_data['results'][0]['login']}</arg>
<arg>${keyTwo}</arg>
<doc>Fails if ``key`` is not found from ``dictionary``.</doc>
<status status="PASS" start="2024-04-18T09:14:24.636215" elapsed="0.000412"/>
</kw>
<kw name="Log" owner="BuiltIn">
<msg time="2024-04-18T09:14:24.637037" level="INFO">password</msg>
<arg>${keyTwo}</arg>
<doc>Logs the given message with the given level.</doc>
<status status="PASS" start="2024-04-18T09:14:24.636913" elapsed="0.000160"/>
</kw>
<var name="${keyTwo}">password</var>
<status status="PASS" start="2024-04-18T09:14:24.635301" elapsed="0.001982"/>
</iter>
<var>${keyTwo}</var>
<value>@{expected_keysTwo}</value>
<status status="PASS" start="2024-04-18T09:14:24.633054" elapsed="0.004347"/>
</for>
<status status="PASS" start="2024-04-18T09:14:24.533749" elapsed="0.103788"/>
</kw>
<doc>Testa a estrutura da resposta da API.</doc>
<tag>testeEstruturaResposta</tag>
<status status="PASS" start="2024-04-18T09:14:24.533017" elapsed="0.104662"/>
</test>
<test id="s1-s1-t4" name="Validar tipos de dados" line="28">
<kw name="Teste de Tipos de Dados" owner="random-user-service">
<kw name="GET On Session" owner="RequestsLibrary">
<msg time="2024-04-18T09:14:24.717316" level="INFO">GET Request : url=https://randomuser.me/api 
 path_url=/api 
 headers={'User-Agent': 'python-requests/2.31.0', 'Accept-Encoding': 'gzip, deflate', 'Accept': '*/*', 'Connection': 'keep-alive'} 
 body=None 
 </msg>
<msg time="2024-04-18T09:14:24.717382" level="INFO">GET Response : url=https://randomuser.me/api 
 status=200, reason=OK 
 headers={'Date': 'Thu, 18 Apr 2024 09:14:24 GMT', 'Content-Type': 'application/json; charset=utf-8', 'Transfer-Encoding': 'chunked', 'Connection': 'keep-alive', 'X-Powered-By': 'Express', 'Access-Control-Allow-Origin': '*', 'Cache-Control': 'no-cache', 'ETag': 'W/"496-m8IU3G2zVF4dYkUcniFOW8qOWoo"', 'Vary': 'Accept-Encoding', 'Content-Encoding': 'gzip', 'CF-Cache-Status': 'DYNAMIC', 'Report-To': '{"endpoints":[{"url":"https:\\/\\/a.nel.cloudflare.com\\/report\\/v4?s=K3bgoam%2Be%2B28NW%2FLEcyFVw3b6WvwdyBcVZ4b7JaWD3kuVbNxlwqQtmUpulxU8sLnmYbDFCX3ToeDcHRhuthc9XG4UJPYO9pBCE7E8qn7B9Gd4XfMTmrtQNKX8vKlQAHm"}],"group":"cf-nel","max_age":604800}', 'NEL': '{"success_fraction":0,"report_to":"cf-nel","max_age":604800}', 'Server': 'cloudflare', 'CF-RAY': '87638b60090913d1-ORD', 'alt-svc': 'h3=":443"; ma=86400'} 
 body={"results":[{"gender":"female","name":{"title":"Miss","first":"آوا","last":"گلشن"},"location":{"street":{"number":6728,"name":"جلال آل احمد"},"city":"اردبیل","state":"کرمان","country":"Iran","postcode":30920,"coordinates":{"latitude":"16.6216","longitude":"68.2596"},"timezone":{"offset":"-4:00","description":"Atlantic Time (Canada), Caracas, La Paz"}},"email":"aw.glshn@example.com","login":{"uuid":"1f24a21d-39d4-4a3f-baa3-e6168ae571b7","username":"blueswan457","password":"nnnnnnn","salt":"JYrNm8oO","md5":"15982f015101e16daf8066911030853a","sha1":"931368355480bae9e71d74ec03c0af966e086c2a","sha256":"2d4381093819167792974cb7710db911cdb24fa49ff753031220f75f35b7c2d9"},"dob":{"date":"1951-04-22T00:46:42.160Z","age":72},"registered":{"date":"2010-01-19T19:39:05.272Z","age":14},"phone":"069-34074065","cell":"0997-478-7051","id":{"name":"","value":null},"picture":{"large":"https://randomuser.me/api/portraits/women/49.jpg","medium":"https://randomuser.me/api/portraits/med/women/49.jpg","thumbnail":"https://randomuser.me/api/portraits/thumb/women/49.jpg"},"nat":"IR"}],"info":{"seed":"d554d894038ab8dd","results":1,"page":1,"version":"1.4"}} 
 </msg>
<msg time="2024-04-18T09:14:24.717440" level="INFO">/opt/hostedtoolcache/Python/3.12.3/x64/lib/python3.12/site-packages/urllib3/connectionpool.py:1103: InsecureRequestWarning: Unverified HTTPS request is being made to host 'randomuser.me'. Adding certificate verification is strongly advised. See: https://urllib3.readthedocs.io/en/latest/advanced-usage.html#tls-warnings
  warnings.warn(</msg>
<msg time="2024-04-18T09:14:24.717544" level="INFO">${response} = &lt;Response [200]&gt;</msg>
<var>${response}</var>
<arg>consultarAPI</arg>
<arg>/api</arg>
<doc>Sends a GET request on a previously created HTTP Session.</doc>
<status status="PASS" start="2024-04-18T09:14:24.640082" elapsed="0.077503"/>
</kw>
<kw name="Set Variable" owner="BuiltIn">
<msg time="2024-04-18T09:14:24.718434" level="INFO">${json_data} = {'results': [{'gender': 'female', 'name': {'title': 'Miss', 'first': 'آوا', 'last': 'گلشن'}, 'location': {'street': {'number': 6728, 'name': 'جلال آل احمد'}, 'city': 'اردبیل', 'state': 'کرمان', 'count...</msg>
<var>${json_data}</var>
<arg>${response.json()}</arg>
<doc>Returns the given values which can then be assigned to a variables.</doc>
<status status="PASS" start="2024-04-18T09:14:24.717954" elapsed="0.000511"/>
</kw>
<kw name="Log" owner="BuiltIn">
<msg time="2024-04-18T09:14:24.718930" level="INFO">{'results': [{'gender': 'female', 'name': {'title': 'Miss', 'first': 'آوا', 'last': 'گلشن'}, 'location': {'street': {'number': 6728, 'name': 'جلال آل احمد'}, 'city': 'اردبیل', 'state': 'کرمان', 'country': 'Iran', 'postcode': 30920, 'coordinates': {'latitude': '16.6216', 'longitude': '68.2596'}, 'timezone': {'offset': '-4:00', 'description': 'Atlantic Time (Canada), Caracas, La Paz'}}, 'email': 'aw.glshn@example.com', 'login': {'uuid': '1f24a21d-39d4-4a3f-baa3-e6168ae571b7', 'username': 'blueswan457', 'password': 'nnnnnnn', 'salt': 'JYrNm8oO', 'md5': '15982f015101e16daf8066911030853a', 'sha1': '931368355480bae9e71d74ec03c0af966e086c2a', 'sha256': '2d4381093819167792974cb7710db911cdb24fa49ff753031220f75f35b7c2d9'}, 'dob': {'date': '1951-04-22T00:46:42.160Z', 'age': 72}, 'registered': {'date': '2010-01-19T19:39:05.272Z', 'age': 14}, 'phone': '069-34074065', 'cell': '0997-478-7051', 'id': {'name': '', 'value': None}, 'picture': {'large': 'https://randomuser.me/api/portraits/women/49.jpg', 'medium': 'https://randomuser.me/api/portraits/med/women/49.jpg', 'thumbnail': 'https://randomuser.me/api/portraits/thumb/women/49.jpg'}, 'nat': 'IR'}], 'info': {'seed': 'd554d894038ab8dd', 'results': 1, 'page': 1, 'version': '1.4'}}</msg>
<arg>${json_data}</arg>
<doc>Logs the given message with the given level.</doc>
<status status="PASS" start="2024-04-18T09:14:24.718771" elapsed="0.000241"/>
</kw>
<kw name="Should Be String" owner="String">
<arg>${json_data['results'][0]['gender']}</arg>
<doc>Fails if the given ``item`` is not a string.</doc>
<status status="PASS" start="2024-04-18T09:14:24.719348" elapsed="0.000372"/>
</kw>
<kw name="Should Match Regexp" owner="BuiltIn">
<arg>${json_data['results'][0]['email']}</arg>
<arg>^[a-zA-Z0-9._%+-]+@[a-zA-Z0-9.-]+\.[a-zA-Z]{2,}$</arg>
<doc>Fails if ``string`` does not match ``pattern`` as a regular expression.</doc>
<status status="PASS" start="2024-04-18T09:14:24.719916" elapsed="0.000503"/>
</kw>
<kw name="Should Match Regexp" owner="BuiltIn">
<arg>${json_data['results'][0]['dob']['date']}</arg>
<arg>\\d{4}-\\d{2}-\\d{2}T\\d{2}:\\d{2}:\\d{2}\\.\\d{3}Z</arg>
<doc>Fails if ``string`` does not match ``pattern`` as a regular expression.</doc>
<status status="PASS" start="2024-04-18T09:14:24.720615" elapsed="0.000489"/>
</kw>
<kw name="Should Match Regexp" owner="BuiltIn">
<arg>${json_data['results'][0]['registered']['date']}</arg>
<arg>\\d{4}-\\d{2}-\\d{2}T\\d{2}:\\d{2}:\\d{2}\\.\\d{3}Z</arg>
<doc>Fails if ``string`` does not match ``pattern`` as a regular expression.</doc>
<status status="PASS" start="2024-04-18T09:14:24.721294" elapsed="0.000381"/>
</kw>
<kw name="Should Match Regexp" owner="BuiltIn">
<arg>${json_data['results'][0]['picture']['large']}</arg>
<arg>^https?://.*\.(?:png|jpe?g|gif|bmp)$</arg>
<doc>Fails if ``string`` does not match ``pattern`` as a regular expression.</doc>
<status status="PASS" start="2024-04-18T09:14:24.721866" elapsed="0.000463"/>
</kw>
<kw name="Should Match Regexp" owner="BuiltIn">
<arg>${json_data['results'][0]['picture']['medium']}</arg>
<arg>^https?://.*\.(?:png|jpe?g|gif|bmp)$</arg>
<doc>Fails if ``string`` does not match ``pattern`` as a regular expression.</doc>
<status status="PASS" start="2024-04-18T09:14:24.722516" elapsed="0.000361"/>
</kw>
<kw name="Should Match Regexp" owner="BuiltIn">
<arg>${json_data['results'][0]['picture']['thumbnail']}</arg>
<arg>^https?://.*\.(?:png|jpe?g|gif|bmp)$</arg>
<doc>Fails if ``string`` does not match ``pattern`` as a regular expression.</doc>
<status status="PASS" start="2024-04-18T09:14:24.723065" elapsed="0.000394"/>
</kw>
<kw name="Log" owner="BuiltIn">
<msg time="2024-04-18T09:14:24.723971" level="INFO">{'large': 'https://randomuser.me/api/portraits/women/49.jpg', 'medium': 'https://randomuser.me/api/portraits/med/women/49.jpg', 'thumbnail': 'https://randomuser.me/api/portraits/thumb/women/49.jpg'}</msg>
<arg>${json_data['results'][0]['picture']}</arg>
<doc>Logs the given message with the given level.</doc>
<status status="PASS" start="2024-04-18T09:14:24.723645" elapsed="0.000368"/>
</kw>
<status status="PASS" start="2024-04-18T09:14:24.639863" elapsed="0.084404"/>
</kw>
<kw name="Teste de Tipos de Dados - Postcode" owner="random-user-service">
<kw name="GET On Session" owner="RequestsLibrary">
<msg time="2024-04-18T09:14:24.820748" level="INFO">GET Request : url=https://randomuser.me/api 
 path_url=/api 
 headers={'User-Agent': 'python-requests/2.31.0', 'Accept-Encoding': 'gzip, deflate', 'Accept': '*/*', 'Connection': 'keep-alive'} 
 body=None 
 </msg>
<msg time="2024-04-18T09:14:24.820824" level="INFO">GET Response : url=https://randomuser.me/api 
 status=200, reason=OK 
 headers={'Date': 'Thu, 18 Apr 2024 09:14:24 GMT', 'Content-Type': 'application/json; charset=utf-8', 'Transfer-Encoding': 'chunked', 'Connection': 'keep-alive', 'X-Powered-By': 'Express', 'Access-Control-Allow-Origin': '*', 'Cache-Control': 'no-cache', 'ETag': 'W/"489-cNdde3eyee5h9XYYHCqoOFozl5o"', 'Vary': 'Accept-Encoding', 'Content-Encoding': 'gzip', 'CF-Cache-Status': 'DYNAMIC', 'Report-To': '{"endpoints":[{"url":"https:\\/\\/a.nel.cloudflare.com\\/report\\/v4?s=n6uLr5PmUtXCLRI5cfVFw7VcM7BXB8JNWrOGrFXggVQsmCprf7vLvxt3QWRH495tD2Rcgp5ziBgwYypq9tA8TAiYab7%2Buj4E2xlDTZ2VBtFpH%2FRewyuy9w7s8gP8hVwV"}],"group":"cf-nel","max_age":604800}', 'NEL': '{"success_fraction":0,"report_to":"cf-nel","max_age":604800}', 'Server': 'cloudflare', 'CF-RAY': '87638b60895f13d1-ORD', 'alt-svc': 'h3=":443"; ma=86400'} 
 body={"results":[{"gender":"male","name":{"title":"Mr","first":"Umut","last":"Erbulak"},"location":{"street":{"number":2819,"name":"Anafartalar Cd"},"city":"Burdur","state":"Şırnak","country":"Turkey","postcode":37570,"coordinates":{"latitude":"70.5424","longitude":"-157.6954"},"timezone":{"offset":"+5:00","description":"Ekaterinburg, Islamabad, Karachi, Tashkent"}},"email":"umut.erbulak@example.com","login":{"uuid":"e5a412e4-f93d-41fa-8b2c-4277138ca58d","username":"blackrabbit327","password":"puddin","salt":"7Kn1g8Qc","md5":"50b1693f6a23bea82f8e308b74b06a94","sha1":"db5b140587ac036d69c288196d64a4edbea74067","sha256":"dc0f26b3341c7d1fa4686864da7b73f0ec7232d8cfe6e7553064656b6c2edee5"},"dob":{"date":"1952-01-26T21:20:02.428Z","age":72},"registered":{"date":"2012-03-26T20:10:41.559Z","age":12},"phone":"(025)-863-5859","cell":"(796)-178-7183","id":{"name":"","value":null},"picture":{"large":"https://randomuser.me/api/portraits/men/49.jpg","medium":"https://randomuser.me/api/portraits/med/men/49.jpg","thumbnail":"https://randomuser.me/api/portraits/thumb/men/49.jpg"},"nat":"TR"}],"info":{"seed":"a26e60fd6efcdcb9","results":1,"page":1,"version":"1.4"}} 
 </msg>
<msg time="2024-04-18T09:14:24.820883" level="INFO">/opt/hostedtoolcache/Python/3.12.3/x64/lib/python3.12/site-packages/urllib3/connectionpool.py:1103: InsecureRequestWarning: Unverified HTTPS request is being made to host 'randomuser.me'. Adding certificate verification is strongly advised. See: https://urllib3.readthedocs.io/en/latest/advanced-usage.html#tls-warnings
  warnings.warn(</msg>
<msg time="2024-04-18T09:14:24.820984" level="INFO">${response} = &lt;Response [200]&gt;</msg>
<var>${response}</var>
<arg>consultarAPI</arg>
<arg>/api</arg>
<doc>Sends a GET request on a previously created HTTP Session.</doc>
<status status="PASS" start="2024-04-18T09:14:24.724702" elapsed="0.096329"/>
</kw>
<kw name="Set Variable" owner="BuiltIn">
<msg time="2024-04-18T09:14:24.821839" level="INFO">${json_data} = {'results': [{'gender': 'male', 'name': {'title': 'Mr', 'first': 'Umut', 'last': 'Erbulak'}, 'location': {'street': {'number': 2819, 'name': 'Anafartalar Cd'}, 'city': 'Burdur', 'state': 'Şırnak', 'co...</msg>
<var>${json_data}</var>
<arg>${response.json()}</arg>
<doc>Returns the given values which can then be assigned to a variables.</doc>
<status status="PASS" start="2024-04-18T09:14:24.821394" elapsed="0.000474"/>
</kw>
<kw name="Log" owner="BuiltIn">
<msg time="2024-04-18T09:14:24.822329" level="INFO">{'results': [{'gender': 'male', 'name': {'title': 'Mr', 'first': 'Umut', 'last': 'Erbulak'}, 'location': {'street': {'number': 2819, 'name': 'Anafartalar Cd'}, 'city': 'Burdur', 'state': 'Şırnak', 'country': 'Turkey', 'postcode': 37570, 'coordinates': {'latitude': '70.5424', 'longitude': '-157.6954'}, 'timezone': {'offset': '+5:00', 'description': 'Ekaterinburg, Islamabad, Karachi, Tashkent'}}, 'email': 'umut.erbulak@example.com', 'login': {'uuid': 'e5a412e4-f93d-41fa-8b2c-4277138ca58d', 'username': 'blackrabbit327', 'password': 'puddin', 'salt': '7Kn1g8Qc', 'md5': '50b1693f6a23bea82f8e308b74b06a94', 'sha1': 'db5b140587ac036d69c288196d64a4edbea74067', 'sha256': 'dc0f26b3341c7d1fa4686864da7b73f0ec7232d8cfe6e7553064656b6c2edee5'}, 'dob': {'date': '1952-01-26T21:20:02.428Z', 'age': 72}, 'registered': {'date': '2012-03-26T20:10:41.559Z', 'age': 12}, 'phone': '(025)-863-5859', 'cell': '(796)-178-7183', 'id': {'name': '', 'value': None}, 'picture': {'large': 'https://randomuser.me/api/portraits/men/49.jpg', 'medium': 'https://randomuser.me/api/portraits/med/men/49.jpg', 'thumbnail': 'https://randomuser.me/api/portraits/thumb/men/49.jpg'}, 'nat': 'TR'}], 'info': {'seed': 'a26e60fd6efcdcb9', 'results': 1, 'page': 1, 'version': '1.4'}}</msg>
<arg>${json_data}</arg>
<doc>Logs the given message with the given level.</doc>
<status status="PASS" start="2024-04-18T09:14:24.822175" elapsed="0.000231"/>
</kw>
<kw name="Should Be Equal As Numbers" owner="BuiltIn">
<arg>${json_data['results'][0]['location']['postcode']}</arg>
<arg>${json_data['results'][0]['location']['postcode']}</arg>
<doc>Fails if objects are unequal after converting them to real numbers.</doc>
<status status="PASS" start="2024-04-18T09:14:24.822838" elapsed="0.000664"/>
</kw>
<kw name="Log" owner="BuiltIn">
<msg time="2024-04-18T09:14:24.824028" level="INFO">37570</msg>
<arg>${json_data['results'][0]['location']['postcode']}</arg>
<doc>Logs the given message with the given level.</doc>
<status status="PASS" start="2024-04-18T09:14:24.823695" elapsed="0.000373"/>
</kw>
<status status="PASS" start="2024-04-18T09:14:24.724476" elapsed="0.099842"/>
</kw>
<doc>Testa se os tipos de dados na resposta da API estão corretos.</doc>
<tag>testeTiposDados</tag>
<status status="PASS" start="2024-04-18T09:14:24.639455" elapsed="0.185020"/>
</test>
<test id="s1-s1-t5" name="Validar conteudo" line="35">
<kw name="Teste de Tipos de Conteudo" owner="random-user-service">
<kw name="GET On Session" owner="RequestsLibrary">
<msg time="2024-04-18T09:14:24.916653" level="INFO">GET Request : url=https://randomuser.me/api 
 path_url=/api 
 headers={'User-Agent': 'python-requests/2.31.0', 'Accept-Encoding': 'gzip, deflate', 'Accept': '*/*', 'Connection': 'keep-alive'} 
 body=None 
 </msg>
<msg time="2024-04-18T09:14:24.916740" level="INFO">GET Response : url=https://randomuser.me/api 
 status=200, reason=OK 
 headers={'Date': 'Thu, 18 Apr 2024 09:14:24 GMT', 'Content-Type': 'application/json; charset=utf-8', 'Transfer-Encoding': 'chunked', 'Connection': 'keep-alive', 'X-Powered-By': 'Express', 'Access-Control-Allow-Origin': '*', 'Cache-Control': 'no-cache', 'ETag': 'W/"4a0-JpxulpLKbP0y9jRc4cNdsmQnCUI"', 'Vary': 'Accept-Encoding', 'Content-Encoding': 'gzip', 'CF-Cache-Status': 'DYNAMIC', 'Report-To': '{"endpoints":[{"url":"https:\\/\\/a.nel.cloudflare.com\\/report\\/v4?s=Gl93%2BVZXnVC5dY247YpTIuTsHpAXkhQZCohbE2CqvzhRLaaRGFkktA8Z7oghmSwNMiEd529%2FOKWAxHKfk9d%2Fig5pyHynNhW3nWPf%2FyHNLnWIIkN7bj9FjZEI1ZRZworv"}],"group":"cf-nel","max_age":604800}', 'NEL': '{"success_fraction":0,"report_to":"cf-nel","max_age":604800}', 'Server': 'cloudflare', 'CF-RAY': '87638b6129ce13d1-ORD', 'alt-svc': 'h3=":443"; ma=86400'} 
 body={"results":[{"gender":"female","name":{"title":"Miss","first":"Antonia","last":"Hidalgo"},"location":{"street":{"number":3565,"name":"Diagonal Herrera"},"city":"El Abra","state":"Tamaulipas","country":"Mexico","postcode":22620,"coordinates":{"latitude":"26.0719","longitude":"94.1975"},"timezone":{"offset":"+4:00","description":"Abu Dhabi, Muscat, Baku, Tbilisi"}},"email":"antonia.hidalgo@example.com","login":{"uuid":"1609583d-28f9-497f-9710-523be7d5f6bd","username":"angrygoose232","password":"barfly","salt":"G7JKD0wD","md5":"4e46a3ab6e86d18c153692cf2ae7e66f","sha1":"6da930d75eb12fe492de3a3ae51707f15bffec31","sha256":"14b3a96ddb2db5dd46c76d6c9403ae74aed6b571e6a240c9ce7695763e2047ab"},"dob":{"date":"1958-03-27T03:37:07.354Z","age":66},"registered":{"date":"2016-06-18T07:44:15.841Z","age":7},"phone":"(648) 394 7894","cell":"(617) 667 9208","id":{"name":"NSS","value":"11 29 22 9403 0"},"picture":{"large":"https://randomuser.me/api/portraits/women/86.jpg","medium":"https://randomuser.me/api/portraits/med/women/86.jpg","thumbnail":"https://randomuser.me/api/portraits/thumb/women/86.jpg"},"nat":"MX"}],"info":{"seed":"a087fc20496f2f03","results":1,"page":1,"version":"1.4"}} 
 </msg>
<msg time="2024-04-18T09:14:24.916815" level="INFO">/opt/hostedtoolcache/Python/3.12.3/x64/lib/python3.12/site-packages/urllib3/connectionpool.py:1103: InsecureRequestWarning: Unverified HTTPS request is being made to host 'randomuser.me'. Adding certificate verification is strongly advised. See: https://urllib3.readthedocs.io/en/latest/advanced-usage.html#tls-warnings
  warnings.warn(</msg>
<msg time="2024-04-18T09:14:24.916954" level="INFO">${response} = &lt;Response [200]&gt;</msg>
<var>${response}</var>
<arg>consultarAPI</arg>
<arg>/api</arg>
<doc>Sends a GET request on a previously created HTTP Session.</doc>
<status status="PASS" start="2024-04-18T09:14:24.827209" elapsed="0.089788"/>
</kw>
<kw name="Set Variable" owner="BuiltIn">
<msg time="2024-04-18T09:14:24.917783" level="INFO">${json_data} = {'results': [{'gender': 'female', 'name': {'title': 'Miss', 'first': 'Antonia', 'last': 'Hidalgo'}, 'location': {'street': {'number': 3565, 'name': 'Diagonal Herrera'}, 'city': 'El Abra', 'state': 'Ta...</msg>
<var>${json_data}</var>
<arg>${response.json()}</arg>
<doc>Returns the given values which can then be assigned to a variables.</doc>
<status status="PASS" start="2024-04-18T09:14:24.917340" elapsed="0.000471"/>
</kw>
<kw name="Set Variable" owner="BuiltIn">
<msg time="2024-04-18T09:14:24.918514" level="INFO">${name_title} = Miss</msg>
<var>${name_title}</var>
<arg>${json_data["results"][0]["name"]["title"]}</arg>
<doc>Returns the given values which can then be assigned to a variables.</doc>
<status status="PASS" start="2024-04-18T09:14:24.918118" elapsed="0.000420"/>
</kw>
<kw name="Create List" owner="BuiltIn">
<msg time="2024-04-18T09:14:24.919037" level="INFO">${allowed_titles} = ['Mr', 'Ms', 'Miss', 'Mrs', 'Madame', 'Monsieur']</msg>
<var>${allowed_titles}</var>
<arg>Mr</arg>
<arg>Ms</arg>
<arg>Miss</arg>
<arg>Mrs</arg>
<arg>Madame</arg>
<arg>Monsieur</arg>
<doc>Returns a list containing given items.</doc>
<status status="PASS" start="2024-04-18T09:14:24.918879" elapsed="0.000182"/>
</kw>
<kw name="List Should Contain Value" owner="Collections">
<msg time="2024-04-18T09:14:24.919560" level="INFO">False</msg>
<arg>${allowed_titles}</arg>
<arg>${name_title}</arg>
<doc>Fails if the ``value`` is not found from ``list``.</doc>
<status status="PASS" start="2024-04-18T09:14:24.919391" elapsed="0.000204"/>
</kw>
<kw name="Set Variable" owner="BuiltIn">
<msg time="2024-04-18T09:14:24.920255" level="INFO">${name_country} = MX</msg>
<var>${name_country}</var>
<arg>${json_data["results"][0]["nat"]}</arg>
<doc>Returns the given values which can then be assigned to a variables.</doc>
<status status="PASS" start="2024-04-18T09:14:24.919881" elapsed="0.000399"/>
</kw>
<kw name="Create List" owner="BuiltIn">
<msg time="2024-04-18T09:14:24.921158" level="INFO">${list_country} = ['AD', 'AE', 'AF', 'AG', 'AI', 'AL', 'AM', 'AO', 'AQ', 'AR', 'AS', 'AT', 'AU', 'AW', 'AX', 'AZ', 'BA', 'BB', 'BD', 'BE', 'BF', 'BG', 'BH', 'BI', 'BJ', 'BL', 'BM', 'BN', 'BO', 'BQ', 'BR', 'BS', 'BT', '...</msg>
<var>${list_country}</var>
<arg>AD</arg>
<arg>AE</arg>
<arg>AF</arg>
<arg>AG</arg>
<arg>AI</arg>
<arg>AL</arg>
<arg>AM</arg>
<arg>AO</arg>
<arg>AQ</arg>
<arg>AR</arg>
<arg>AS</arg>
<arg>AT</arg>
<arg>AU</arg>
<arg>AW</arg>
<arg>AX</arg>
<arg>AZ</arg>
<arg>BA</arg>
<arg>BB</arg>
<arg>BD</arg>
<arg>BE</arg>
<arg>BF</arg>
<arg>BG</arg>
<arg>BH</arg>
<arg>BI</arg>
<arg>BJ</arg>
<arg>BL</arg>
<arg>BM</arg>
<arg>BN</arg>
<arg>BO</arg>
<arg>BQ</arg>
<arg>BR</arg>
<arg>BS</arg>
<arg>BT</arg>
<arg>BV</arg>
<arg>BW</arg>
<arg>BY</arg>
<arg>BZ</arg>
<arg>CA</arg>
<arg>CC</arg>
<arg>CD</arg>
<arg>CF</arg>
<arg>CG</arg>
<arg>CH</arg>
<arg>CI</arg>
<arg>CK</arg>
<arg>CL</arg>
<arg>CM</arg>
<arg>CN</arg>
<arg>CO</arg>
<arg>CR</arg>
<arg>CU</arg>
<arg>CV</arg>
<arg>CW</arg>
<arg>CX</arg>
<arg>CY</arg>
<arg>CZ</arg>
<arg>DE</arg>
<arg>DJ</arg>
<arg>DK</arg>
<arg>DM</arg>
<arg>DO</arg>
<arg>DZ</arg>
<arg>EC</arg>
<arg>EE</arg>
<arg>EG</arg>
<arg>EH</arg>
<arg>ER</arg>
<arg>ES</arg>
<arg>ET</arg>
<arg>FI</arg>
<arg>FJ</arg>
<arg>FK</arg>
<arg>FM</arg>
<arg>FO</arg>
<arg>FR</arg>
<arg>GA</arg>
<arg>GB</arg>
<arg>GD</arg>
<arg>GE</arg>
<arg>GF</arg>
<arg>GG</arg>
<arg>GH</arg>
<arg>GI</arg>
<arg>GL</arg>
<arg>GM</arg>
<arg>GN</arg>
<arg>GP</arg>
<arg>GQ</arg>
<arg>GR</arg>
<arg>GS</arg>
<arg>GT</arg>
<arg>GU</arg>
<arg>GW</arg>
<arg>GY</arg>
<arg>HK</arg>
<arg>HM</arg>
<arg>HN</arg>
<arg>HR</arg>
<arg>HT</arg>
<arg>HU</arg>
<arg>ID</arg>
<arg>IE</arg>
<arg>IL</arg>
<arg>IM</arg>
<arg>IN</arg>
<arg>IO</arg>
<arg>IQ</arg>
<arg>IR</arg>
<arg>IS</arg>
<arg>IT</arg>
<arg>JE</arg>
<arg>JM</arg>
<arg>JO</arg>
<arg>JP</arg>
<arg>KE</arg>
<arg>KG</arg>
<arg>KH</arg>
<arg>KI</arg>
<arg>KM</arg>
<arg>KN</arg>
<arg>KP</arg>
<arg>KR</arg>
<arg>KW</arg>
<arg>KY</arg>
<arg>KZ</arg>
<arg>LA</arg>
<arg>LB</arg>
<arg>LC</arg>
<arg>LI</arg>
<arg>LK</arg>
<arg>LR</arg>
<arg>LS</arg>
<arg>LT</arg>
<arg>LU</arg>
<arg>LV</arg>
<arg>LY</arg>
<arg>MA</arg>
<arg>MC</arg>
<arg>MD</arg>
<arg>ME</arg>
<arg>MF</arg>
<arg>MG</arg>
<arg>MH</arg>
<arg>MK</arg>
<arg>ML</arg>
<arg>MM</arg>
<arg>MN</arg>
<arg>MO</arg>
<arg>MP</arg>
<arg>MQ</arg>
<arg>MR</arg>
<arg>MS</arg>
<arg>MT</arg>
<arg>MU</arg>
<arg>MV</arg>
<arg>MW</arg>
<arg>MX</arg>
<arg>MY</arg>
<arg>MZ</arg>
<arg>NA</arg>
<arg>NC</arg>
<arg>NE</arg>
<arg>NF</arg>
<arg>NG</arg>
<arg>NI</arg>
<arg>NL</arg>
<arg>NO</arg>
<arg>NP</arg>
<arg>NR</arg>
<arg>NU</arg>
<arg>NZ</arg>
<arg>OM</arg>
<arg>PA</arg>
<arg>PE</arg>
<arg>PF</arg>
<arg>PG</arg>
<arg>PH</arg>
<arg>PK</arg>
<arg>PL</arg>
<arg>PM</arg>
<arg>PN</arg>
<arg>PR</arg>
<arg>PS</arg>
<arg>PT</arg>
<arg>PW</arg>
<arg>PY</arg>
<arg>QA</arg>
<arg>RE</arg>
<arg>RO</arg>
<arg>RS</arg>
<arg>RU</arg>
<arg>RW</arg>
<arg>SA</arg>
<arg>SB</arg>
<arg>SC</arg>
<arg>SD</arg>
<arg>SE</arg>
<arg>SG</arg>
<arg>SH</arg>
<arg>SI</arg>
<arg>SJ</arg>
<arg>SK</arg>
<arg>SL</arg>
<arg>SM</arg>
<arg>SN</arg>
<arg>SO</arg>
<arg>SR</arg>
<arg>SS</arg>
<arg>ST</arg>
<arg>SV</arg>
<arg>SX</arg>
<arg>SY</arg>
<arg>SZ</arg>
<arg>TC</arg>
<arg>TD</arg>
<arg>TF</arg>
<arg>TG</arg>
<arg>TH</arg>
<arg>TJ</arg>
<arg>TK</arg>
<arg>TL</arg>
<arg>TM</arg>
<arg>TN</arg>
<arg>TO</arg>
<arg>TR</arg>
<arg>TT</arg>
<arg>TV</arg>
<arg>TW</arg>
<arg>TZ</arg>
<arg>UA</arg>
<arg>UG</arg>
<arg>UM</arg>
<arg>US</arg>
<arg>UY</arg>
<arg>UZ</arg>
<arg>VA</arg>
<arg>VC</arg>
<arg>VE</arg>
<arg>VG</arg>
<arg>VI</arg>
<arg>VN</arg>
<arg>VU</arg>
<arg>WF</arg>
<arg>WS</arg>
<arg>XK</arg>
<arg>YE</arg>
<arg>YT</arg>
<arg>ZA</arg>
<arg>ZM</arg>
<arg>ZW</arg>
<doc>Returns a list containing given items.</doc>
<status status="PASS" start="2024-04-18T09:14:24.920579" elapsed="0.000604"/>
</kw>
<kw name="List Should Contain Value" owner="Collections">
<msg time="2024-04-18T09:14:24.922168" level="INFO">False</msg>
<arg>${list_country}</arg>
<arg>${name_country}</arg>
<doc>Fails if the ``value`` is not found from ``list``.</doc>
<status status="PASS" start="2024-04-18T09:14:24.921972" elapsed="0.000232"/>
</kw>
<kw name="Run Keyword If" owner="BuiltIn">
<kw name="Should Be True" owner="BuiltIn">
<arg>${True}</arg>
<doc>Fails if the given condition is not true.</doc>
<status status="PASS" start="2024-04-18T09:14:24.923290" elapsed="0.000243"/>
</kw>
<arg>${json_data["results"][0]["location"]["coordinates"]["latitude"]} &gt;= -90 and ${json_data["results"][0]["location"]["coordinates"]["latitude"]} &lt;= 90</arg>
<arg>Should Be True</arg>
<arg>${True}</arg>
<doc>Runs the given keyword with the given arguments, if ``condition`` is true.</doc>
<status status="PASS" start="2024-04-18T09:14:24.922512" elapsed="0.001151"/>
</kw>
<kw name="Run Keyword If" owner="BuiltIn">
<kw name="Should Be True" owner="BuiltIn">
<arg>${True}</arg>
<doc>Fails if the given condition is not true.</doc>
<status status="PASS" start="2024-04-18T09:14:24.924554" elapsed="0.000138"/>
</kw>
<arg>${json_data["results"][0]["location"]["coordinates"]["longitude"]} &gt;= -180 and ${json_data["results"][0]["location"]["coordinates"]["longitude"]} &lt;= 180</arg>
<arg>Should Be True</arg>
<arg>${True}</arg>
<doc>Runs the given keyword with the given arguments, if ``condition`` is true.</doc>
<status status="PASS" start="2024-04-18T09:14:24.923848" elapsed="0.000967"/>
</kw>
<status status="PASS" start="2024-04-18T09:14:24.826848" elapsed="0.098096"/>
</kw>
<doc>Testa o conteúdo específico dos campos retornados pela API.</doc>
<tag>testeConteudo</tag>
<status status="PASS" start="2024-04-18T09:14:24.826199" elapsed="0.098886"/>
</test>
<status status="PASS" start="2024-04-18T09:14:24.131998" elapsed="0.794945"/>
</suite>
<status status="PASS" start="2024-04-18T09:14:24.118536" elapsed="0.813473"/>
</suite>
<statistics>
<total>
<stat pass="5" fail="0" skip="0">All Tests</stat>
</total>
<tag>
<stat pass="1" fail="0" skip="0">testeConteudo</stat>
<stat pass="1" fail="0" skip="0">testeEstruturaResposta</stat>
<stat pass="1" fail="0" skip="0">testeRequisicaoBasica</stat>
<stat pass="1" fail="0" skip="0">testeTiposDados</stat>
</tag>
<suite>
<stat pass="5" fail="0" skip="0" id="s1" name="Tests">Tests</stat>
<stat pass="5" fail="0" skip="0" id="s1-s1" name="Random-User-Test">Tests.Random-User-Test</stat>
</suite>
</statistics>
<errors>
</errors>
</robot>
