<?xml version="1.0" encoding="UTF-8"?>
<robot generator="Robot 7.0 (Python 3.12.3 on linux)" generated="2024-04-19T15:14:37.145180" rpa="false" schemaversion="5">
<suite id="s1" name="Tests" source="/home/runner/work/DesafioQAItauRogerioJordao/DesafioQAItauRogerioJordao/RamdonUser/tests">
<suite id="s1-s1" name="Random-User-Test" source="/home/runner/work/DesafioQAItauRogerioJordao/DesafioQAItauRogerioJordao/RamdonUser/tests/random-user-test.robot">
<test id="s1-s1-t1" name="Conectar" line="13">
<kw name="Conectar API" owner="random-user-service">
<kw name="Create Session" owner="RequestsLibrary">
<msg time="2024-04-19T15:14:37.518995" level="INFO">Creating Session using : alias=consultarAPI, url=https://randomuser.me/, headers={},                     cookies={}, auth=None, timeout=None, proxies=None, verify=False,                     debug=0 </msg>
<arg>consultarAPI</arg>
<arg>${URL}</arg>
<doc>Create Session: create a HTTP session to a server</doc>
<status status="PASS" start="2024-04-19T15:14:37.518777" elapsed="0.000423"/>
</kw>
<status status="PASS" start="2024-04-19T15:14:37.517735" elapsed="0.001863"/>
</kw>
<status status="PASS" start="2024-04-19T15:14:37.517034" elapsed="0.002770"/>
</test>
<test id="s1-s1-t2" name="Validar retorno 200 e JSON Válido" line="16">
<kw name="Teste de Requisicao Basica" owner="random-user-service">
<kw name="GET On Session" owner="RequestsLibrary">
<msg time="2024-04-19T15:14:37.704987" level="INFO">GET Request : url=https://randomuser.me/api 
 path_url=/api 
 headers={'User-Agent': 'python-requests/2.31.0', 'Accept-Encoding': 'gzip, deflate', 'Accept': '*/*', 'Connection': 'keep-alive'} 
 body=None 
 </msg>
<msg time="2024-04-19T15:14:37.705149" level="INFO">GET Response : url=https://randomuser.me/api 
 status=200, reason=OK 
 headers={'Date': 'Fri, 19 Apr 2024 15:14:37 GMT', 'Content-Type': 'application/json; charset=utf-8', 'Transfer-Encoding': 'chunked', 'Connection': 'keep-alive', 'X-Powered-By': 'Express', 'Access-Control-Allow-Origin': '*', 'Cache-Control': 'no-cache', 'ETag': 'W/"4b3-GcVxaKSCQFf4p7cyIykfCHPtW08"', 'Vary': 'Accept-Encoding', 'Content-Encoding': 'gzip', 'CF-Cache-Status': 'DYNAMIC', 'Report-To': '{"endpoints":[{"url":"https:\\/\\/a.nel.cloudflare.com\\/report\\/v4?s=tGMOChrMOmWJyCZNgnWwyBo7D3alujAYjZ9sO6dKfe13GnysxxeBgPsiEUzs5vG57f1Lgcsvauw94CcgGlzJjCgf0b0k5ez9b4Oe8B2WwjuzrVUtWsgn8kyxG6r%2FdQC4"}],"group":"cf-nel","max_age":604800}', 'NEL': '{"success_fraction":0,"report_to":"cf-nel","max_age":604800}', 'Server': 'cloudflare', 'CF-RAY': '876dd8696ebe5af3-IAD', 'alt-svc': 'h3=":443"; ma=86400'} 
 body={"results":[{"gender":"female","name":{"title":"Ms","first":"Norah","last":"Lefebvre"},"location":{"street":{"number":3640,"name":"Rue Dumenge"},"city":"Marseille","state":"Pyrénées-Atlantiques","country":"France","postcode":76145,"coordinates":{"latitude":"-21.0208","longitude":"62.5179"},"timezone":{"offset":"+11:00","description":"Magadan, Solomon Islands, New Caledonia"}},"email":"norah.lefebvre@example.com","login":{"uuid":"d8ff5e7c-b878-4232-a6df-a30ae51ac0d4","username":"whiteostrich320","password":"sparky","salt":"GBHlmikA","md5":"2f1cd7ee7f2d2ef35e7cf617881458e9","sha1":"258dd455180c62510f0980980b885147c05c23ca","sha256":"6e917b42eac9d1a4747cecb8b8c5d408cabc8fb18b78e7acd2781b7f8f37f2af"},"dob":{"date":"1947-11-09T06:59:29.693Z","age":76},"registered":{"date":"2015-10-12T20:33:21.546Z","age":8},"phone":"02-06-70-83-68","cell":"06-69-55-57-33","id":{"name":"INSEE","value":"2471038400356 89"},"picture":{"large":"https://randomuser.me/api/portraits/women/89.jpg","medium":"https://randomuser.me/api/portraits/med/women/89.jpg","thumbnail":"https://randomuser.me/api/portraits/thumb/women/89.jpg"},"nat":"FR"}],"info":{"seed":"bb4583463a450fec","results":1,"page":1,"version":"1.4"}} 
 </msg>
<msg time="2024-04-19T15:14:37.705241" level="INFO">/opt/hostedtoolcache/Python/3.12.3/x64/lib/python3.12/site-packages/urllib3/connectionpool.py:1103: InsecureRequestWarning: Unverified HTTPS request is being made to host 'randomuser.me'. Adding certificate verification is strongly advised. See: https://urllib3.readthedocs.io/en/latest/advanced-usage.html#tls-warnings
  warnings.warn(</msg>
<msg time="2024-04-19T15:14:37.705419" level="INFO">${response} = &lt;Response [200]&gt;</msg>
<var>${response}</var>
<arg>consultarAPI</arg>
<arg>/api</arg>
<doc>Sends a GET request on a previously created HTTP Session.</doc>
<status status="PASS" start="2024-04-19T15:14:37.522556" elapsed="0.182907"/>
</kw>
<kw name="Should Be Equal As Numbers" owner="BuiltIn">
<msg time="2024-04-19T15:14:37.706567" level="INFO">Argument types are:
&lt;class 'int'&gt;
&lt;class 'str'&gt;</msg>
<arg>${response.status_code}</arg>
<arg>200</arg>
<doc>Fails if objects are unequal after converting them to real numbers.</doc>
<status status="PASS" start="2024-04-19T15:14:37.706064" elapsed="0.000575"/>
</kw>
<kw name="Log" owner="BuiltIn">
<msg time="2024-04-19T15:14:37.707413" level="INFO">200</msg>
<arg>${response.status_code}</arg>
<doc>Logs the given message with the given level.</doc>
<status status="PASS" start="2024-04-19T15:14:37.707033" elapsed="0.000426"/>
</kw>
<kw name="Set Variable" owner="BuiltIn">
<msg time="2024-04-19T15:14:37.708259" level="INFO">${json_data} = {'results': [{'gender': 'female', 'name': {'title': 'Ms', 'first': 'Norah', 'last': 'Lefebvre'}, 'location': {'street': {'number': 3640, 'name': 'Rue Dumenge'}, 'city': 'Marseille', 'state': 'Pyrénées...</msg>
<var>${json_data}</var>
<arg>${response.json()}</arg>
<doc>Returns the given values which can then be assigned to a variables.</doc>
<status status="PASS" start="2024-04-19T15:14:37.707787" elapsed="0.000502"/>
</kw>
<kw name="Dictionary Should Contain Key" owner="Collections">
<msg time="2024-04-19T15:14:37.708800" level="INFO">False</msg>
<arg>${json_data}</arg>
<arg>results</arg>
<doc>Fails if ``key`` is not found from ``dictionary``.</doc>
<status status="PASS" start="2024-04-19T15:14:37.708613" elapsed="0.000229"/>
</kw>
<status status="PASS" start="2024-04-19T15:14:37.522296" elapsed="0.186822"/>
</kw>
<doc>Testa se a API responde corretamente e retorna um objeto JSON válido.</doc>
<tag>testeRequisicaoBasica</tag>
<status status="PASS" start="2024-04-19T15:14:37.521817" elapsed="0.187497"/>
</test>
<test id="s1-s1-t3" name="Validar estrutura de resposta" line="22">
<kw name="Teste de Estrutura de Resposta" owner="random-user-service">
<kw name="GET On Session" owner="RequestsLibrary">
<msg time="2024-04-19T15:14:37.804252" level="INFO">GET Request : url=https://randomuser.me/api 
 path_url=/api 
 headers={'User-Agent': 'python-requests/2.31.0', 'Accept-Encoding': 'gzip, deflate', 'Accept': '*/*', 'Connection': 'keep-alive'} 
 body=None 
 </msg>
<msg time="2024-04-19T15:14:37.804358" level="INFO">GET Response : url=https://randomuser.me/api 
 status=200, reason=OK 
 headers={'Date': 'Fri, 19 Apr 2024 15:14:37 GMT', 'Content-Type': 'application/json; charset=utf-8', 'Transfer-Encoding': 'chunked', 'Connection': 'keep-alive', 'X-Powered-By': 'Express', 'Access-Control-Allow-Origin': '*', 'Cache-Control': 'no-cache', 'ETag': 'W/"467-fqMe7XLwodTvfefOJ5ZiumUvicQ"', 'Vary': 'Accept-Encoding', 'Content-Encoding': 'gzip', 'CF-Cache-Status': 'DYNAMIC', 'Report-To': '{"endpoints":[{"url":"https:\\/\\/a.nel.cloudflare.com\\/report\\/v4?s=7tvTcVsEZarbhx9BCLP1no2TLMgnz689rp9toGr3XuZxHgCPAnRQ%2FQH964pHmB%2FTF%2Bbk80xafE61kOR5P%2Bgp7vBTeogY8weEaflljk7lwANM%2FN%2BjEmseh61eoKIMAoda"}],"group":"cf-nel","max_age":604800}', 'NEL': '{"success_fraction":0,"report_to":"cf-nel","max_age":604800}', 'Server': 'cloudflare', 'CF-RAY': '876dd869bef65af3-IAD', 'alt-svc': 'h3=":443"; ma=86400'} 
 body={"results":[{"gender":"male","name":{"title":"Mr","first":"Daksh","last":"Jain"},"location":{"street":{"number":9392,"name":"Swargate"},"city":"Jorhat","state":"Madhya Pradesh","country":"India","postcode":78158,"coordinates":{"latitude":"7.6564","longitude":"-96.0959"},"timezone":{"offset":"-9:00","description":"Alaska"}},"email":"daksh.jain@example.com","login":{"uuid":"451fe78c-e609-4091-98f8-d90f3e8ec4a5","username":"whiteleopard871","password":"knight1","salt":"4xcJdJgf","md5":"28db83fbbe685de1cb4596724dfaaee2","sha1":"f6ebee23e04d32a6274399040d8b6736e5dd5671","sha256":"8c0ead67d6446b54a195a472d93fbe9348c02cdee0b9ff14840105a25bd51458"},"dob":{"date":"1979-09-06T21:20:01.368Z","age":44},"registered":{"date":"2003-06-18T05:37:48.110Z","age":20},"phone":"7959726381","cell":"9720465531","id":{"name":"UIDAI","value":"094711331575"},"picture":{"large":"https://randomuser.me/api/portraits/men/97.jpg","medium":"https://randomuser.me/api/portraits/med/men/97.jpg","thumbnail":"https://randomuser.me/api/portraits/thumb/men/97.jpg"},"nat":"IN"}],"info":{"seed":"33e117e33f1c97f3","results":1,"page":1,"version":"1.4"}} 
 </msg>
<msg time="2024-04-19T15:14:37.804493" level="INFO">/opt/hostedtoolcache/Python/3.12.3/x64/lib/python3.12/site-packages/urllib3/connectionpool.py:1103: InsecureRequestWarning: Unverified HTTPS request is being made to host 'randomuser.me'. Adding certificate verification is strongly advised. See: https://urllib3.readthedocs.io/en/latest/advanced-usage.html#tls-warnings
  warnings.warn(</msg>
<msg time="2024-04-19T15:14:37.804654" level="INFO">${response} = &lt;Response [200]&gt;</msg>
<var>${response}</var>
<arg>consultarAPI</arg>
<arg>/api</arg>
<doc>Sends a GET request on a previously created HTTP Session.</doc>
<status status="PASS" start="2024-04-19T15:14:37.712037" elapsed="0.092650"/>
</kw>
<kw name="Set Variable" owner="BuiltIn">
<msg time="2024-04-19T15:14:37.805797" level="INFO">${json_data} = {'results': [{'gender': 'male', 'name': {'title': 'Mr', 'first': 'Daksh', 'last': 'Jain'}, 'location': {'street': {'number': 9392, 'name': 'Swargate'}, 'city': 'Jorhat', 'state': 'Madhya Pradesh', 'co...</msg>
<var>${json_data}</var>
<arg>${response.json()}</arg>
<doc>Returns the given values which can then be assigned to a variables.</doc>
<status status="PASS" start="2024-04-19T15:14:37.805196" elapsed="0.000632"/>
</kw>
<kw name="Log" owner="BuiltIn">
<msg time="2024-04-19T15:14:37.806356" level="INFO">{'results': [{'gender': 'male', 'name': {'title': 'Mr', 'first': 'Daksh', 'last': 'Jain'}, 'location': {'street': {'number': 9392, 'name': 'Swargate'}, 'city': 'Jorhat', 'state': 'Madhya Pradesh', 'country': 'India', 'postcode': 78158, 'coordinates': {'latitude': '7.6564', 'longitude': '-96.0959'}, 'timezone': {'offset': '-9:00', 'description': 'Alaska'}}, 'email': 'daksh.jain@example.com', 'login': {'uuid': '451fe78c-e609-4091-98f8-d90f3e8ec4a5', 'username': 'whiteleopard871', 'password': 'knight1', 'salt': '4xcJdJgf', 'md5': '28db83fbbe685de1cb4596724dfaaee2', 'sha1': 'f6ebee23e04d32a6274399040d8b6736e5dd5671', 'sha256': '8c0ead67d6446b54a195a472d93fbe9348c02cdee0b9ff14840105a25bd51458'}, 'dob': {'date': '1979-09-06T21:20:01.368Z', 'age': 44}, 'registered': {'date': '2003-06-18T05:37:48.110Z', 'age': 20}, 'phone': '7959726381', 'cell': '9720465531', 'id': {'name': 'UIDAI', 'value': '094711331575'}, 'picture': {'large': 'https://randomuser.me/api/portraits/men/97.jpg', 'medium': 'https://randomuser.me/api/portraits/med/men/97.jpg', 'thumbnail': 'https://randomuser.me/api/portraits/thumb/men/97.jpg'}, 'nat': 'IN'}], 'info': {'seed': '33e117e33f1c97f3', 'results': 1, 'page': 1, 'version': '1.4'}}</msg>
<arg>${json_data}</arg>
<doc>Logs the given message with the given level.</doc>
<status status="PASS" start="2024-04-19T15:14:37.806185" elapsed="0.000221"/>
</kw>
<kw name="Dictionary Should Contain Key" owner="Collections">
<msg time="2024-04-19T15:14:37.806878" level="INFO">False</msg>
<arg>${json_data}</arg>
<arg>results</arg>
<doc>Fails if ``key`` is not found from ``dictionary``.</doc>
<status status="PASS" start="2024-04-19T15:14:37.806710" elapsed="0.000206"/>
</kw>
<kw name="Should Not Be Empty" owner="BuiltIn">
<msg time="2024-04-19T15:14:37.807342" level="INFO">Length is 2.</msg>
<arg>${json_data}</arg>
<doc>Verifies that the given item is not empty.</doc>
<status status="PASS" start="2024-04-19T15:14:37.807209" elapsed="0.000345"/>
</kw>
<kw name="Create List" owner="BuiltIn">
<msg time="2024-04-19T15:14:37.808004" level="INFO">${expected_keys} = ['gender', 'name', 'location', 'email', 'login']</msg>
<var>${expected_keys}</var>
<arg>gender</arg>
<arg>name</arg>
<arg>location</arg>
<arg>email</arg>
<arg>login</arg>
<doc>Returns a list containing given items.</doc>
<status status="PASS" start="2024-04-19T15:14:37.807853" elapsed="0.000176"/>
</kw>
<for flavor="IN">
<iter>
<kw name="Dictionary Should Contain Key" owner="Collections">
<msg time="2024-04-19T15:14:37.809058" level="INFO">False</msg>
<arg>${json_data['results'][0]}</arg>
<arg>${key}</arg>
<doc>Fails if ``key`` is not found from ``dictionary``.</doc>
<status status="PASS" start="2024-04-19T15:14:37.808636" elapsed="0.000462"/>
</kw>
<kw name="Log" owner="BuiltIn">
<msg time="2024-04-19T15:14:37.809821" level="INFO">{'gender': 'male', 'name': {'title': 'Mr', 'first': 'Daksh', 'last': 'Jain'}, 'location': {'street': {'number': 9392, 'name': 'Swargate'}, 'city': 'Jorhat', 'state': 'Madhya Pradesh', 'country': 'India', 'postcode': 78158, 'coordinates': {'latitude': '7.6564', 'longitude': '-96.0959'}, 'timezone': {'offset': '-9:00', 'description': 'Alaska'}}, 'email': 'daksh.jain@example.com', 'login': {'uuid': '451fe78c-e609-4091-98f8-d90f3e8ec4a5', 'username': 'whiteleopard871', 'password': 'knight1', 'salt': '4xcJdJgf', 'md5': '28db83fbbe685de1cb4596724dfaaee2', 'sha1': 'f6ebee23e04d32a6274399040d8b6736e5dd5671', 'sha256': '8c0ead67d6446b54a195a472d93fbe9348c02cdee0b9ff14840105a25bd51458'}, 'dob': {'date': '1979-09-06T21:20:01.368Z', 'age': 44}, 'registered': {'date': '2003-06-18T05:37:48.110Z', 'age': 20}, 'phone': '7959726381', 'cell': '9720465531', 'id': {'name': 'UIDAI', 'value': '094711331575'}, 'picture': {'large': 'https://randomuser.me/api/portraits/men/97.jpg', 'medium': 'https://randomuser.me/api/portraits/med/men/97.jpg', 'thumbnail': 'https://randomuser.me/api/portraits/thumb/men/97.jpg'}, 'nat': 'IN'}</msg>
<arg>${json_data['results'][0]}</arg>
<doc>Logs the given message with the given level.</doc>
<status status="PASS" start="2024-04-19T15:14:37.809411" elapsed="0.000460"/>
</kw>
<kw name="Log" owner="BuiltIn">
<msg time="2024-04-19T15:14:37.810320" level="INFO">gender</msg>
<arg>${key}</arg>
<doc>Logs the given message with the given level.</doc>
<status status="PASS" start="2024-04-19T15:14:37.810173" elapsed="0.000186"/>
</kw>
<var name="${key}">gender</var>
<status status="PASS" start="2024-04-19T15:14:37.808506" elapsed="0.002072"/>
</iter>
<iter>
<kw name="Dictionary Should Contain Key" owner="Collections">
<msg time="2024-04-19T15:14:37.811281" level="INFO">False</msg>
<arg>${json_data['results'][0]}</arg>
<arg>${key}</arg>
<doc>Fails if ``key`` is not found from ``dictionary``.</doc>
<status status="PASS" start="2024-04-19T15:14:37.810883" elapsed="0.000436"/>
</kw>
<kw name="Log" owner="BuiltIn">
<msg time="2024-04-19T15:14:37.812006" level="INFO">{'gender': 'male', 'name': {'title': 'Mr', 'first': 'Daksh', 'last': 'Jain'}, 'location': {'street': {'number': 9392, 'name': 'Swargate'}, 'city': 'Jorhat', 'state': 'Madhya Pradesh', 'country': 'India', 'postcode': 78158, 'coordinates': {'latitude': '7.6564', 'longitude': '-96.0959'}, 'timezone': {'offset': '-9:00', 'description': 'Alaska'}}, 'email': 'daksh.jain@example.com', 'login': {'uuid': '451fe78c-e609-4091-98f8-d90f3e8ec4a5', 'username': 'whiteleopard871', 'password': 'knight1', 'salt': '4xcJdJgf', 'md5': '28db83fbbe685de1cb4596724dfaaee2', 'sha1': 'f6ebee23e04d32a6274399040d8b6736e5dd5671', 'sha256': '8c0ead67d6446b54a195a472d93fbe9348c02cdee0b9ff14840105a25bd51458'}, 'dob': {'date': '1979-09-06T21:20:01.368Z', 'age': 44}, 'registered': {'date': '2003-06-18T05:37:48.110Z', 'age': 20}, 'phone': '7959726381', 'cell': '9720465531', 'id': {'name': 'UIDAI', 'value': '094711331575'}, 'picture': {'large': 'https://randomuser.me/api/portraits/men/97.jpg', 'medium': 'https://randomuser.me/api/portraits/med/men/97.jpg', 'thumbnail': 'https://randomuser.me/api/portraits/thumb/men/97.jpg'}, 'nat': 'IN'}</msg>
<arg>${json_data['results'][0]}</arg>
<doc>Logs the given message with the given level.</doc>
<status status="PASS" start="2024-04-19T15:14:37.811640" elapsed="0.000415"/>
</kw>
<kw name="Log" owner="BuiltIn">
<msg time="2024-04-19T15:14:37.812479" level="INFO">name</msg>
<arg>${key}</arg>
<doc>Logs the given message with the given level.</doc>
<status status="PASS" start="2024-04-19T15:14:37.812352" elapsed="0.000165"/>
</kw>
<var name="${key}">name</var>
<status status="PASS" start="2024-04-19T15:14:37.810767" elapsed="0.001965"/>
</iter>
<iter>
<kw name="Dictionary Should Contain Key" owner="Collections">
<msg time="2024-04-19T15:14:37.813417" level="INFO">False</msg>
<arg>${json_data['results'][0]}</arg>
<arg>${key}</arg>
<doc>Fails if ``key`` is not found from ``dictionary``.</doc>
<status status="PASS" start="2024-04-19T15:14:37.813026" elapsed="0.000429"/>
</kw>
<kw name="Log" owner="BuiltIn">
<msg time="2024-04-19T15:14:37.814164" level="INFO">{'gender': 'male', 'name': {'title': 'Mr', 'first': 'Daksh', 'last': 'Jain'}, 'location': {'street': {'number': 9392, 'name': 'Swargate'}, 'city': 'Jorhat', 'state': 'Madhya Pradesh', 'country': 'India', 'postcode': 78158, 'coordinates': {'latitude': '7.6564', 'longitude': '-96.0959'}, 'timezone': {'offset': '-9:00', 'description': 'Alaska'}}, 'email': 'daksh.jain@example.com', 'login': {'uuid': '451fe78c-e609-4091-98f8-d90f3e8ec4a5', 'username': 'whiteleopard871', 'password': 'knight1', 'salt': '4xcJdJgf', 'md5': '28db83fbbe685de1cb4596724dfaaee2', 'sha1': 'f6ebee23e04d32a6274399040d8b6736e5dd5671', 'sha256': '8c0ead67d6446b54a195a472d93fbe9348c02cdee0b9ff14840105a25bd51458'}, 'dob': {'date': '1979-09-06T21:20:01.368Z', 'age': 44}, 'registered': {'date': '2003-06-18T05:37:48.110Z', 'age': 20}, 'phone': '7959726381', 'cell': '9720465531', 'id': {'name': 'UIDAI', 'value': '094711331575'}, 'picture': {'large': 'https://randomuser.me/api/portraits/men/97.jpg', 'medium': 'https://randomuser.me/api/portraits/med/men/97.jpg', 'thumbnail': 'https://randomuser.me/api/portraits/thumb/men/97.jpg'}, 'nat': 'IN'}</msg>
<arg>${json_data['results'][0]}</arg>
<doc>Logs the given message with the given level.</doc>
<status status="PASS" start="2024-04-19T15:14:37.813794" elapsed="0.000418"/>
</kw>
<kw name="Log" owner="BuiltIn">
<msg time="2024-04-19T15:14:37.814632" level="INFO">location</msg>
<arg>${key}</arg>
<doc>Logs the given message with the given level.</doc>
<status status="PASS" start="2024-04-19T15:14:37.814506" elapsed="0.000163"/>
</kw>
<var name="${key}">location</var>
<status status="PASS" start="2024-04-19T15:14:37.812912" elapsed="0.001975"/>
</iter>
<iter>
<kw name="Dictionary Should Contain Key" owner="Collections">
<msg time="2024-04-19T15:14:37.815559" level="INFO">False</msg>
<arg>${json_data['results'][0]}</arg>
<arg>${key}</arg>
<doc>Fails if ``key`` is not found from ``dictionary``.</doc>
<status status="PASS" start="2024-04-19T15:14:37.815174" elapsed="0.000423"/>
</kw>
<kw name="Log" owner="BuiltIn">
<msg time="2024-04-19T15:14:37.816265" level="INFO">{'gender': 'male', 'name': {'title': 'Mr', 'first': 'Daksh', 'last': 'Jain'}, 'location': {'street': {'number': 9392, 'name': 'Swargate'}, 'city': 'Jorhat', 'state': 'Madhya Pradesh', 'country': 'India', 'postcode': 78158, 'coordinates': {'latitude': '7.6564', 'longitude': '-96.0959'}, 'timezone': {'offset': '-9:00', 'description': 'Alaska'}}, 'email': 'daksh.jain@example.com', 'login': {'uuid': '451fe78c-e609-4091-98f8-d90f3e8ec4a5', 'username': 'whiteleopard871', 'password': 'knight1', 'salt': '4xcJdJgf', 'md5': '28db83fbbe685de1cb4596724dfaaee2', 'sha1': 'f6ebee23e04d32a6274399040d8b6736e5dd5671', 'sha256': '8c0ead67d6446b54a195a472d93fbe9348c02cdee0b9ff14840105a25bd51458'}, 'dob': {'date': '1979-09-06T21:20:01.368Z', 'age': 44}, 'registered': {'date': '2003-06-18T05:37:48.110Z', 'age': 20}, 'phone': '7959726381', 'cell': '9720465531', 'id': {'name': 'UIDAI', 'value': '094711331575'}, 'picture': {'large': 'https://randomuser.me/api/portraits/men/97.jpg', 'medium': 'https://randomuser.me/api/portraits/med/men/97.jpg', 'thumbnail': 'https://randomuser.me/api/portraits/thumb/men/97.jpg'}, 'nat': 'IN'}</msg>
<arg>${json_data['results'][0]}</arg>
<doc>Logs the given message with the given level.</doc>
<status status="PASS" start="2024-04-19T15:14:37.815897" elapsed="0.000417"/>
</kw>
<kw name="Log" owner="BuiltIn">
<msg time="2024-04-19T15:14:37.816734" level="INFO">email</msg>
<arg>${key}</arg>
<doc>Logs the given message with the given level.</doc>
<status status="PASS" start="2024-04-19T15:14:37.816608" elapsed="0.000164"/>
</kw>
<var name="${key}">email</var>
<status status="PASS" start="2024-04-19T15:14:37.815063" elapsed="0.001923"/>
</iter>
<iter>
<kw name="Dictionary Should Contain Key" owner="Collections">
<msg time="2024-04-19T15:14:37.817694" level="INFO">False</msg>
<arg>${json_data['results'][0]}</arg>
<arg>${key}</arg>
<doc>Fails if ``key`` is not found from ``dictionary``.</doc>
<status status="PASS" start="2024-04-19T15:14:37.817272" elapsed="0.000461"/>
</kw>
<kw name="Log" owner="BuiltIn">
<msg time="2024-04-19T15:14:37.818398" level="INFO">{'gender': 'male', 'name': {'title': 'Mr', 'first': 'Daksh', 'last': 'Jain'}, 'location': {'street': {'number': 9392, 'name': 'Swargate'}, 'city': 'Jorhat', 'state': 'Madhya Pradesh', 'country': 'India', 'postcode': 78158, 'coordinates': {'latitude': '7.6564', 'longitude': '-96.0959'}, 'timezone': {'offset': '-9:00', 'description': 'Alaska'}}, 'email': 'daksh.jain@example.com', 'login': {'uuid': '451fe78c-e609-4091-98f8-d90f3e8ec4a5', 'username': 'whiteleopard871', 'password': 'knight1', 'salt': '4xcJdJgf', 'md5': '28db83fbbe685de1cb4596724dfaaee2', 'sha1': 'f6ebee23e04d32a6274399040d8b6736e5dd5671', 'sha256': '8c0ead67d6446b54a195a472d93fbe9348c02cdee0b9ff14840105a25bd51458'}, 'dob': {'date': '1979-09-06T21:20:01.368Z', 'age': 44}, 'registered': {'date': '2003-06-18T05:37:48.110Z', 'age': 20}, 'phone': '7959726381', 'cell': '9720465531', 'id': {'name': 'UIDAI', 'value': '094711331575'}, 'picture': {'large': 'https://randomuser.me/api/portraits/men/97.jpg', 'medium': 'https://randomuser.me/api/portraits/med/men/97.jpg', 'thumbnail': 'https://randomuser.me/api/portraits/thumb/men/97.jpg'}, 'nat': 'IN'}</msg>
<arg>${json_data['results'][0]}</arg>
<doc>Logs the given message with the given level.</doc>
<status status="PASS" start="2024-04-19T15:14:37.818032" elapsed="0.000414"/>
</kw>
<kw name="Log" owner="BuiltIn">
<msg time="2024-04-19T15:14:37.818871" level="INFO">login</msg>
<arg>${key}</arg>
<doc>Logs the given message with the given level.</doc>
<status status="PASS" start="2024-04-19T15:14:37.818743" elapsed="0.000167"/>
</kw>
<var name="${key}">login</var>
<status status="PASS" start="2024-04-19T15:14:37.817161" elapsed="0.001971"/>
</iter>
<var>${key}</var>
<value>@{expected_keys}</value>
<status status="PASS" start="2024-04-19T15:14:37.808298" elapsed="0.010959"/>
</for>
<kw name="Create List" owner="BuiltIn">
<msg time="2024-04-19T15:14:37.819619" level="INFO">${expected_keysTwo} = ['username', 'password']</msg>
<var>${expected_keysTwo}</var>
<arg>username</arg>
<arg>password</arg>
<doc>Returns a list containing given items.</doc>
<status status="PASS" start="2024-04-19T15:14:37.819449" elapsed="0.000194"/>
</kw>
<for flavor="IN">
<iter>
<kw name="Dictionary Should Contain Key" owner="Collections">
<msg time="2024-04-19T15:14:37.820536" level="INFO">False</msg>
<arg>${json_data['results'][0]['login']}</arg>
<arg>${keyTwo}</arg>
<doc>Fails if ``key`` is not found from ``dictionary``.</doc>
<status status="PASS" start="2024-04-19T15:14:37.820145" elapsed="0.000429"/>
</kw>
<kw name="Dictionary Should Contain Key" owner="Collections">
<msg time="2024-04-19T15:14:37.821311" level="INFO">False</msg>
<arg>${json_data['results'][0]['login']}</arg>
<arg>${keyTwo}</arg>
<doc>Fails if ``key`` is not found from ``dictionary``.</doc>
<status status="PASS" start="2024-04-19T15:14:37.820869" elapsed="0.000495"/>
</kw>
<kw name="Log" owner="BuiltIn">
<msg time="2024-04-19T15:14:37.821849" level="INFO">username</msg>
<arg>${keyTwo}</arg>
<doc>Logs the given message with the given level.</doc>
<status status="PASS" start="2024-04-19T15:14:37.821714" elapsed="0.000179"/>
</kw>
<var name="${keyTwo}">username</var>
<status status="PASS" start="2024-04-19T15:14:37.820034" elapsed="0.002079"/>
</iter>
<iter>
<kw name="Dictionary Should Contain Key" owner="Collections">
<msg time="2024-04-19T15:14:37.822865" level="INFO">False</msg>
<arg>${json_data['results'][0]['login']}</arg>
<arg>${keyTwo}</arg>
<doc>Fails if ``key`` is not found from ``dictionary``.</doc>
<status status="PASS" start="2024-04-19T15:14:37.822397" elapsed="0.000513"/>
</kw>
<kw name="Dictionary Should Contain Key" owner="Collections">
<msg time="2024-04-19T15:14:37.823596" level="INFO">False</msg>
<arg>${json_data['results'][0]['login']}</arg>
<arg>${keyTwo}</arg>
<doc>Fails if ``key`` is not found from ``dictionary``.</doc>
<status status="PASS" start="2024-04-19T15:14:37.823211" elapsed="0.000422"/>
</kw>
<kw name="Log" owner="BuiltIn">
<msg time="2024-04-19T15:14:37.824055" level="INFO">password</msg>
<arg>${keyTwo}</arg>
<doc>Logs the given message with the given level.</doc>
<status status="PASS" start="2024-04-19T15:14:37.823927" elapsed="0.000166"/>
</kw>
<var name="${keyTwo}">password</var>
<status status="PASS" start="2024-04-19T15:14:37.822287" elapsed="0.002022"/>
</iter>
<var>${keyTwo}</var>
<value>@{expected_keysTwo}</value>
<status status="PASS" start="2024-04-19T15:14:37.819880" elapsed="0.004551"/>
</for>
<status status="PASS" start="2024-04-19T15:14:37.711794" elapsed="0.112779"/>
</kw>
<doc>Testa a estrutura da resposta da API.</doc>
<tag>testeEstruturaResposta</tag>
<status status="PASS" start="2024-04-19T15:14:37.711245" elapsed="0.113490"/>
</test>
<test id="s1-s1-t4" name="Validar tipos de dados" line="28">
<kw name="Teste de Tipos de Dados" owner="random-user-service">
<kw name="GET On Session" owner="RequestsLibrary">
<msg time="2024-04-19T15:14:37.916503" level="INFO">GET Request : url=https://randomuser.me/api 
 path_url=/api 
 headers={'User-Agent': 'python-requests/2.31.0', 'Accept-Encoding': 'gzip, deflate', 'Accept': '*/*', 'Connection': 'keep-alive'} 
 body=None 
 </msg>
<msg time="2024-04-19T15:14:37.916619" level="INFO">GET Response : url=https://randomuser.me/api 
 status=200, reason=OK 
 headers={'Date': 'Fri, 19 Apr 2024 15:14:37 GMT', 'Content-Type': 'application/json; charset=utf-8', 'Transfer-Encoding': 'chunked', 'Connection': 'keep-alive', 'X-Powered-By': 'Express', 'Access-Control-Allow-Origin': '*', 'Cache-Control': 'no-cache', 'ETag': 'W/"46c-dwOsFvk3qKziMC7OmQtGNJNctZg"', 'Vary': 'Accept-Encoding', 'Content-Encoding': 'gzip', 'CF-Cache-Status': 'DYNAMIC', 'Report-To': '{"endpoints":[{"url":"https:\\/\\/a.nel.cloudflare.com\\/report\\/v4?s=l594GOwRtWUXKOLT2aKDf02i7azDuWantHCxKv0mk2Y4BMSmcU9OELkn9gNIQRALi3y%2BcUr8fCnNw%2BkiMGuGCeyDFHvc8vLsMbYlQ%2BZ4Svh%2BI57rIljlp8fnujGamUpH"}],"group":"cf-nel","max_age":604800}', 'NEL': '{"success_fraction":0,"report_to":"cf-nel","max_age":604800}', 'Server': 'cloudflare', 'CF-RAY': '876dd86a6f885af3-IAD', 'alt-svc': 'h3=":443"; ma=86400'} 
 body={"results":[{"gender":"male","name":{"title":"Mr","first":"Justin","last":"Lam"},"location":{"street":{"number":4625,"name":"Dalhousie Ave"},"city":"Aylmer","state":"Yukon","country":"Canada","postcode":"K1Y 3K9","coordinates":{"latitude":"-70.6133","longitude":"-127.2803"},"timezone":{"offset":"-10:00","description":"Hawaii"}},"email":"justin.lam@example.com","login":{"uuid":"771750e0-9ed2-4e6e-a20b-16dd09e6c014","username":"angryostrich184","password":"beautiful","salt":"J41j6z65","md5":"0b0590f35a806079af90b2f9df6f694f","sha1":"1c5a46f43127d90ef82bdb55310cdd0bc67b38f6","sha256":"1a79ec8008748b57869daa1219c7dc016d5b6278ed883ee209a12d39fd7c88ce"},"dob":{"date":"1968-06-20T12:52:05.049Z","age":55},"registered":{"date":"2019-09-15T03:16:07.669Z","age":4},"phone":"A58 L70-1345","cell":"Y44 E90-1264","id":{"name":"SIN","value":"648798098"},"picture":{"large":"https://randomuser.me/api/portraits/men/81.jpg","medium":"https://randomuser.me/api/portraits/med/men/81.jpg","thumbnail":"https://randomuser.me/api/portraits/thumb/men/81.jpg"},"nat":"CA"}],"info":{"seed":"3b0c3cf14e4ef9ef","results":1,"page":1,"version":"1.4"}} 
 </msg>
<msg time="2024-04-19T15:14:37.916704" level="INFO">/opt/hostedtoolcache/Python/3.12.3/x64/lib/python3.12/site-packages/urllib3/connectionpool.py:1103: InsecureRequestWarning: Unverified HTTPS request is being made to host 'randomuser.me'. Adding certificate verification is strongly advised. See: https://urllib3.readthedocs.io/en/latest/advanced-usage.html#tls-warnings
  warnings.warn(</msg>
<msg time="2024-04-19T15:14:37.916873" level="INFO">${response} = &lt;Response [200]&gt;</msg>
<var>${response}</var>
<arg>consultarAPI</arg>
<arg>/api</arg>
<doc>Sends a GET request on a previously created HTTP Session.</doc>
<status status="PASS" start="2024-04-19T15:14:37.827298" elapsed="0.089611"/>
</kw>
<kw name="Set Variable" owner="BuiltIn">
<msg time="2024-04-19T15:14:37.918017" level="INFO">${json_data} = {'results': [{'gender': 'male', 'name': {'title': 'Mr', 'first': 'Justin', 'last': 'Lam'}, 'location': {'street': {'number': 4625, 'name': 'Dalhousie Ave'}, 'city': 'Aylmer', 'state': 'Yukon', 'countr...</msg>
<var>${json_data}</var>
<arg>${response.json()}</arg>
<doc>Returns the given values which can then be assigned to a variables.</doc>
<status status="PASS" start="2024-04-19T15:14:37.917447" elapsed="0.000599"/>
</kw>
<kw name="Log" owner="BuiltIn">
<msg time="2024-04-19T15:14:37.918524" level="INFO">{'results': [{'gender': 'male', 'name': {'title': 'Mr', 'first': 'Justin', 'last': 'Lam'}, 'location': {'street': {'number': 4625, 'name': 'Dalhousie Ave'}, 'city': 'Aylmer', 'state': 'Yukon', 'country': 'Canada', 'postcode': 'K1Y 3K9', 'coordinates': {'latitude': '-70.6133', 'longitude': '-127.2803'}, 'timezone': {'offset': '-10:00', 'description': 'Hawaii'}}, 'email': 'justin.lam@example.com', 'login': {'uuid': '771750e0-9ed2-4e6e-a20b-16dd09e6c014', 'username': 'angryostrich184', 'password': 'beautiful', 'salt': 'J41j6z65', 'md5': '0b0590f35a806079af90b2f9df6f694f', 'sha1': '1c5a46f43127d90ef82bdb55310cdd0bc67b38f6', 'sha256': '1a79ec8008748b57869daa1219c7dc016d5b6278ed883ee209a12d39fd7c88ce'}, 'dob': {'date': '1968-06-20T12:52:05.049Z', 'age': 55}, 'registered': {'date': '2019-09-15T03:16:07.669Z', 'age': 4}, 'phone': 'A58 L70-1345', 'cell': 'Y44 E90-1264', 'id': {'name': 'SIN', 'value': '648798098'}, 'picture': {'large': 'https://randomuser.me/api/portraits/men/81.jpg', 'medium': 'https://randomuser.me/api/portraits/med/men/81.jpg', 'thumbnail': 'https://randomuser.me/api/portraits/thumb/men/81.jpg'}, 'nat': 'CA'}], 'info': {'seed': '3b0c3cf14e4ef9ef', 'results': 1, 'page': 1, 'version': '1.4'}}</msg>
<arg>${json_data}</arg>
<doc>Logs the given message with the given level.</doc>
<status status="PASS" start="2024-04-19T15:14:37.918360" elapsed="0.000214"/>
</kw>
<kw name="Should Be String" owner="String">
<arg>${json_data['results'][0]['gender']}</arg>
<doc>Fails if the given ``item`` is not a string.</doc>
<status status="PASS" start="2024-04-19T15:14:37.918882" elapsed="0.000371"/>
</kw>
<kw name="Should Match Regexp" owner="BuiltIn">
<arg>${json_data['results'][0]['email']}</arg>
<arg>^[a-zA-Z0-9._%+-]+@[a-zA-Z0-9.-]+\.[a-zA-Z]{2,}$</arg>
<doc>Fails if ``string`` does not match ``pattern`` as a regular expression.</doc>
<status status="PASS" start="2024-04-19T15:14:37.919486" elapsed="0.000548"/>
</kw>
<kw name="Should Match Regexp" owner="BuiltIn">
<arg>${json_data['results'][0]['dob']['date']}</arg>
<arg>\\d{4}-\\d{2}-\\d{2}T\\d{2}:\\d{2}:\\d{2}\\.\\d{3}Z</arg>
<doc>Fails if ``string`` does not match ``pattern`` as a regular expression.</doc>
<status status="PASS" start="2024-04-19T15:14:37.920230" elapsed="0.000485"/>
</kw>
<kw name="Should Match Regexp" owner="BuiltIn">
<arg>${json_data['results'][0]['registered']['date']}</arg>
<arg>\\d{4}-\\d{2}-\\d{2}T\\d{2}:\\d{2}:\\d{2}\\.\\d{3}Z</arg>
<doc>Fails if ``string`` does not match ``pattern`` as a regular expression.</doc>
<status status="PASS" start="2024-04-19T15:14:37.920906" elapsed="0.000370"/>
</kw>
<kw name="Should Match Regexp" owner="BuiltIn">
<arg>${json_data['results'][0]['picture']['large']}</arg>
<arg>^https?://.*\.(?:png|jpe?g|gif|bmp)$</arg>
<doc>Fails if ``string`` does not match ``pattern`` as a regular expression.</doc>
<status status="PASS" start="2024-04-19T15:14:37.921460" elapsed="0.000496"/>
</kw>
<kw name="Should Match Regexp" owner="BuiltIn">
<arg>${json_data['results'][0]['picture']['medium']}</arg>
<arg>^https?://.*\.(?:png|jpe?g|gif|bmp)$</arg>
<doc>Fails if ``string`` does not match ``pattern`` as a regular expression.</doc>
<status status="PASS" start="2024-04-19T15:14:37.922149" elapsed="0.000365"/>
</kw>
<kw name="Should Match Regexp" owner="BuiltIn">
<arg>${json_data['results'][0]['picture']['thumbnail']}</arg>
<arg>^https?://.*\.(?:png|jpe?g|gif|bmp)$</arg>
<doc>Fails if ``string`` does not match ``pattern`` as a regular expression.</doc>
<status status="PASS" start="2024-04-19T15:14:37.922704" elapsed="0.000355"/>
</kw>
<kw name="Log" owner="BuiltIn">
<msg time="2024-04-19T15:14:37.923569" level="INFO">{'large': 'https://randomuser.me/api/portraits/men/81.jpg', 'medium': 'https://randomuser.me/api/portraits/med/men/81.jpg', 'thumbnail': 'https://randomuser.me/api/portraits/thumb/men/81.jpg'}</msg>
<arg>${json_data['results'][0]['picture']}</arg>
<doc>Logs the given message with the given level.</doc>
<status status="PASS" start="2024-04-19T15:14:37.923238" elapsed="0.000411"/>
</kw>
<status status="PASS" start="2024-04-19T15:14:37.827069" elapsed="0.096851"/>
</kw>
<kw name="Teste de Tipos de Dados - Postcode" owner="random-user-service">
<kw name="GET On Session" owner="RequestsLibrary">
<msg time="2024-04-19T15:14:38.004236" level="INFO">GET Request : url=https://randomuser.me/api 
 path_url=/api 
 headers={'User-Agent': 'python-requests/2.31.0', 'Accept-Encoding': 'gzip, deflate', 'Accept': '*/*', 'Connection': 'keep-alive'} 
 body=None 
 </msg>
<msg time="2024-04-19T15:14:38.004380" level="INFO">GET Response : url=https://randomuser.me/api 
 status=200, reason=OK 
 headers={'Date': 'Fri, 19 Apr 2024 15:14:38 GMT', 'Content-Type': 'application/json; charset=utf-8', 'Transfer-Encoding': 'chunked', 'Connection': 'keep-alive', 'X-Powered-By': 'Express', 'Access-Control-Allow-Origin': '*', 'Cache-Control': 'no-cache', 'ETag': 'W/"4ae-TfhJfdMiVLS+hIrJbpTuocgoL5U"', 'Vary': 'Accept-Encoding', 'Content-Encoding': 'gzip', 'CF-Cache-Status': 'DYNAMIC', 'Report-To': '{"endpoints":[{"url":"https:\\/\\/a.nel.cloudflare.com\\/report\\/v4?s=Mw5%2BAU2AeLlrLKGbce11t%2FvuDGP2vj%2Fccnl7Y5zsH%2FTL3UkXZoGaZQNbj1qDakCCk0Nfs4whKSrcfdyyR5MUyJ%2F2lZ51eoumMtAUX38uirLhlIT%2BXiHksdntjLiibFox"}],"group":"cf-nel","max_age":604800}', 'NEL': '{"success_fraction":0,"report_to":"cf-nel","max_age":604800}', 'Server': 'cloudflare', 'CF-RAY': '876dd86b08045af3-IAD', 'alt-svc': 'h3=":443"; ma=86400'} 
 body={"results":[{"gender":"female","name":{"title":"Ms","first":"Cassandra","last":"Fleming"},"location":{"street":{"number":4763,"name":"Pockrus Page Rd"},"city":"Princeton","state":"Massachusetts","country":"United States","postcode":98208,"coordinates":{"latitude":"84.9699","longitude":"8.4629"},"timezone":{"offset":"+10:00","description":"Eastern Australia, Guam, Vladivostok"}},"email":"cassandra.fleming@example.com","login":{"uuid":"24cf7ab6-f00e-40a3-b1e5-c63eab9d8167","username":"greenrabbit481","password":"tucson","salt":"dd5dNnUe","md5":"77380dfec2ffd4cba7d1415999ed5fce","sha1":"db0b36983cb6de222944f215075051069a4143bb","sha256":"2ffaf362197ac07787f5731e7932bb6f78625b8e54e089edbbf83cc352da466f"},"dob":{"date":"1958-06-21T03:22:30.678Z","age":65},"registered":{"date":"2020-07-31T23:25:04.740Z","age":3},"phone":"(758) 604-4473","cell":"(524) 422-3935","id":{"name":"SSN","value":"199-10-9622"},"picture":{"large":"https://randomuser.me/api/portraits/women/65.jpg","medium":"https://randomuser.me/api/portraits/med/women/65.jpg","thumbnail":"https://randomuser.me/api/portraits/thumb/women/65.jpg"},"nat":"US"}],"info":{"seed":"bbfbc849222ce046","results":1,"page":1,"version":"1.4"}} 
 </msg>
<msg time="2024-04-19T15:14:38.004489" level="INFO">/opt/hostedtoolcache/Python/3.12.3/x64/lib/python3.12/site-packages/urllib3/connectionpool.py:1103: InsecureRequestWarning: Unverified HTTPS request is being made to host 'randomuser.me'. Adding certificate verification is strongly advised. See: https://urllib3.readthedocs.io/en/latest/advanced-usage.html#tls-warnings
  warnings.warn(</msg>
<msg time="2024-04-19T15:14:38.004655" level="INFO">${response} = &lt;Response [200]&gt;</msg>
<var>${response}</var>
<arg>consultarAPI</arg>
<arg>/api</arg>
<doc>Sends a GET request on a previously created HTTP Session.</doc>
<status status="PASS" start="2024-04-19T15:14:37.924398" elapsed="0.080299"/>
</kw>
<kw name="Set Variable" owner="BuiltIn">
<msg time="2024-04-19T15:14:38.006251" level="INFO">${json_data} = {'results': [{'gender': 'female', 'name': {'title': 'Ms', 'first': 'Cassandra', 'last': 'Fleming'}, 'location': {'street': {'number': 4763, 'name': 'Pockrus Page Rd'}, 'city': 'Princeton', 'state': 'M...</msg>
<var>${json_data}</var>
<arg>${response.json()}</arg>
<doc>Returns the given values which can then be assigned to a variables.</doc>
<status status="PASS" start="2024-04-19T15:14:38.005386" elapsed="0.000909"/>
</kw>
<kw name="Log" owner="BuiltIn">
<msg time="2024-04-19T15:14:38.006985" level="INFO">{'results': [{'gender': 'female', 'name': {'title': 'Ms', 'first': 'Cassandra', 'last': 'Fleming'}, 'location': {'street': {'number': 4763, 'name': 'Pockrus Page Rd'}, 'city': 'Princeton', 'state': 'Massachusetts', 'country': 'United States', 'postcode': 98208, 'coordinates': {'latitude': '84.9699', 'longitude': '8.4629'}, 'timezone': {'offset': '+10:00', 'description': 'Eastern Australia, Guam, Vladivostok'}}, 'email': 'cassandra.fleming@example.com', 'login': {'uuid': '24cf7ab6-f00e-40a3-b1e5-c63eab9d8167', 'username': 'greenrabbit481', 'password': 'tucson', 'salt': 'dd5dNnUe', 'md5': '77380dfec2ffd4cba7d1415999ed5fce', 'sha1': 'db0b36983cb6de222944f215075051069a4143bb', 'sha256': '2ffaf362197ac07787f5731e7932bb6f78625b8e54e089edbbf83cc352da466f'}, 'dob': {'date': '1958-06-21T03:22:30.678Z', 'age': 65}, 'registered': {'date': '2020-07-31T23:25:04.740Z', 'age': 3}, 'phone': '(758) 604-4473', 'cell': '(524) 422-3935', 'id': {'name': 'SSN', 'value': '199-10-9622'}, 'picture': {'large': 'https://randomuser.me/api/portraits/women/65.jpg', 'medium': 'https://randomuser.me/api/portraits/med/women/65.jpg', 'thumbnail': 'https://randomuser.me/api/portraits/thumb/women/65.jpg'}, 'nat': 'US'}], 'info': {'seed': 'bbfbc849222ce046', 'results': 1, 'page': 1, 'version': '1.4'}}</msg>
<arg>${json_data}</arg>
<doc>Logs the given message with the given level.</doc>
<status status="PASS" start="2024-04-19T15:14:38.006735" elapsed="0.000339"/>
</kw>
<kw name="Should Be Equal As Numbers" owner="BuiltIn">
<arg>${json_data['results'][0]['location']['postcode']}</arg>
<arg>${json_data['results'][0]['location']['postcode']}</arg>
<doc>Fails if objects are unequal after converting them to real numbers.</doc>
<status status="PASS" start="2024-04-19T15:14:38.007792" elapsed="0.001056"/>
</kw>
<kw name="Log" owner="BuiltIn">
<msg time="2024-04-19T15:14:38.009777" level="INFO">98208</msg>
<arg>${json_data['results'][0]['location']['postcode']}</arg>
<doc>Logs the given message with the given level.</doc>
<status status="PASS" start="2024-04-19T15:14:38.009188" elapsed="0.000662"/>
</kw>
<status status="PASS" start="2024-04-19T15:14:37.924153" elapsed="0.086072"/>
</kw>
<doc>Testa se os tipos de dados na resposta da API estão corretos.</doc>
<tag>testeTiposDados</tag>
<status status="PASS" start="2024-04-19T15:14:37.826614" elapsed="0.183878"/>
</test>
<test id="s1-s1-t5" name="Validar conteudo" line="35">
<kw name="Teste de Tipos de Conteudo" owner="random-user-service">
<kw name="GET On Session" owner="RequestsLibrary">
<msg time="2024-04-19T15:14:38.109928" level="INFO">GET Request : url=https://randomuser.me/api 
 path_url=/api 
 headers={'User-Agent': 'python-requests/2.31.0', 'Accept-Encoding': 'gzip, deflate', 'Accept': '*/*', 'Connection': 'keep-alive'} 
 body=None 
 </msg>
<msg time="2024-04-19T15:14:38.110042" level="INFO">GET Response : url=https://randomuser.me/api 
 status=200, reason=OK 
 headers={'Date': 'Fri, 19 Apr 2024 15:14:38 GMT', 'Content-Type': 'application/json; charset=utf-8', 'Transfer-Encoding': 'chunked', 'Connection': 'keep-alive', 'X-Powered-By': 'Express', 'Access-Control-Allow-Origin': '*', 'Cache-Control': 'no-cache', 'ETag': 'W/"4b7-rsegM+oPY36bGYIg2umXf2G44WA"', 'Vary': 'Accept-Encoding', 'Content-Encoding': 'gzip', 'CF-Cache-Status': 'DYNAMIC', 'Report-To': '{"endpoints":[{"url":"https:\\/\\/a.nel.cloudflare.com\\/report\\/v4?s=ZpwDbSaRQzXzjO4Wt36CQA6L3kPwQgaI8yy75WdEguiK%2BZQomcsF2GYlg8oChELUU30i0ImDNIwGPyOgSLLa6l7d%2Fr9nPwisC281BnsJ3K9olzUaQD2XxSQg5kN9KmW3"}],"group":"cf-nel","max_age":604800}', 'NEL': '{"success_fraction":0,"report_to":"cf-nel","max_age":604800}', 'Server': 'cloudflare', 'CF-RAY': '876dd86b986b5af3-IAD', 'alt-svc': 'h3=":443"; ma=86400'} 
 body={"results":[{"gender":"male","name":{"title":"Mr","first":"César","last":"Castellanos"},"location":{"street":{"number":7930,"name":"Privada Ecuador"},"city":"San Diego de la Unión","state":"Quintana Roo","country":"Mexico","postcode":72150,"coordinates":{"latitude":"24.0712","longitude":"-58.7087"},"timezone":{"offset":"-6:00","description":"Central Time (US &amp; Canada), Mexico City"}},"email":"cesar.castellanos@example.com","login":{"uuid":"233cdabb-be08-4386-9c1b-e8e43f45e986","username":"beautifulpanda940","password":"rommel","salt":"U3bFmGye","md5":"59de246bbc0f5be784057d4a61a9f2d2","sha1":"bdbce99baa9041680b2caca61070b6a8677d22fe","sha256":"8cffef3e2441bdfde10a80bb25ccdcff5413f75738d2d5613e61b10bf916bcd2"},"dob":{"date":"1973-11-17T12:23:31.475Z","age":50},"registered":{"date":"2020-03-05T03:53:09.508Z","age":4},"phone":"(629) 239 5542","cell":"(693) 431 8583","id":{"name":"NSS","value":"24 46 52 2514 5"},"picture":{"large":"https://randomuser.me/api/portraits/men/30.jpg","medium":"https://randomuser.me/api/portraits/med/men/30.jpg","thumbnail":"https://randomuser.me/api/portraits/thumb/men/30.jpg"},"nat":"MX"}],"info":{"seed":"a1d8dae4e6c8807d","results":1,"page":1,"version":"1.4"}} 
 </msg>
<msg time="2024-04-19T15:14:38.110138" level="INFO">/opt/hostedtoolcache/Python/3.12.3/x64/lib/python3.12/site-packages/urllib3/connectionpool.py:1103: InsecureRequestWarning: Unverified HTTPS request is being made to host 'randomuser.me'. Adding certificate verification is strongly advised. See: https://urllib3.readthedocs.io/en/latest/advanced-usage.html#tls-warnings
  warnings.warn(</msg>
<msg time="2024-04-19T15:14:38.110279" level="INFO">${response} = &lt;Response [200]&gt;</msg>
<var>${response}</var>
<arg>consultarAPI</arg>
<arg>/api</arg>
<doc>Sends a GET request on a previously created HTTP Session.</doc>
<status status="PASS" start="2024-04-19T15:14:38.014774" elapsed="0.095555"/>
</kw>
<kw name="Set Variable" owner="BuiltIn">
<msg time="2024-04-19T15:14:38.111414" level="INFO">${json_data} = {'results': [{'gender': 'male', 'name': {'title': 'Mr', 'first': 'César', 'last': 'Castellanos'}, 'location': {'street': {'number': 7930, 'name': 'Privada Ecuador'}, 'city': 'San Diego de la Unión', '...</msg>
<var>${json_data}</var>
<arg>${response.json()}</arg>
<doc>Returns the given values which can then be assigned to a variables.</doc>
<status status="PASS" start="2024-04-19T15:14:38.110880" elapsed="0.000565"/>
</kw>
<kw name="Set Variable" owner="BuiltIn">
<msg time="2024-04-19T15:14:38.112153" level="INFO">${name_title} = Mr</msg>
<var>${name_title}</var>
<arg>${json_data["results"][0]["name"]["title"]}</arg>
<doc>Returns the given values which can then be assigned to a variables.</doc>
<status status="PASS" start="2024-04-19T15:14:38.111755" elapsed="0.000425"/>
</kw>
<kw name="Create List" owner="BuiltIn">
<msg time="2024-04-19T15:14:38.112636" level="INFO">${allowed_titles} = ['Mr', 'Ms', 'Miss', 'Mrs', 'Madame', 'Monsieur']</msg>
<var>${allowed_titles}</var>
<arg>Mr</arg>
<arg>Ms</arg>
<arg>Miss</arg>
<arg>Mrs</arg>
<arg>Madame</arg>
<arg>Monsieur</arg>
<doc>Returns a list containing given items.</doc>
<status status="PASS" start="2024-04-19T15:14:38.112484" elapsed="0.000177"/>
</kw>
<kw name="List Should Contain Value" owner="Collections">
<msg time="2024-04-19T15:14:38.113144" level="INFO">False</msg>
<arg>${allowed_titles}</arg>
<arg>${name_title}</arg>
<doc>Fails if the ``value`` is not found from ``list``.</doc>
<status status="PASS" start="2024-04-19T15:14:38.112965" elapsed="0.000218"/>
</kw>
<kw name="Set Variable" owner="BuiltIn">
<msg time="2024-04-19T15:14:38.113902" level="INFO">${name_country} = MX</msg>
<var>${name_country}</var>
<arg>${json_data["results"][0]["nat"]}</arg>
<doc>Returns the given values which can then be assigned to a variables.</doc>
<status status="PASS" start="2024-04-19T15:14:38.113475" elapsed="0.000453"/>
</kw>
<kw name="Create List" owner="BuiltIn">
<msg time="2024-04-19T15:14:38.114830" level="INFO">${list_country} = ['AD', 'AE', 'AF', 'AG', 'AI', 'AL', 'AM', 'AO', 'AQ', 'AR', 'AS', 'AT', 'AU', 'AW', 'AX', 'AZ', 'BA', 'BB', 'BD', 'BE', 'BF', 'BG', 'BH', 'BI', 'BJ', 'BL', 'BM', 'BN', 'BO', 'BQ', 'BR', 'BS', 'BT', '...</msg>
<var>${list_country}</var>
<arg>AD</arg>
<arg>AE</arg>
<arg>AF</arg>
<arg>AG</arg>
<arg>AI</arg>
<arg>AL</arg>
<arg>AM</arg>
<arg>AO</arg>
<arg>AQ</arg>
<arg>AR</arg>
<arg>AS</arg>
<arg>AT</arg>
<arg>AU</arg>
<arg>AW</arg>
<arg>AX</arg>
<arg>AZ</arg>
<arg>BA</arg>
<arg>BB</arg>
<arg>BD</arg>
<arg>BE</arg>
<arg>BF</arg>
<arg>BG</arg>
<arg>BH</arg>
<arg>BI</arg>
<arg>BJ</arg>
<arg>BL</arg>
<arg>BM</arg>
<arg>BN</arg>
<arg>BO</arg>
<arg>BQ</arg>
<arg>BR</arg>
<arg>BS</arg>
<arg>BT</arg>
<arg>BV</arg>
<arg>BW</arg>
<arg>BY</arg>
<arg>BZ</arg>
<arg>CA</arg>
<arg>CC</arg>
<arg>CD</arg>
<arg>CF</arg>
<arg>CG</arg>
<arg>CH</arg>
<arg>CI</arg>
<arg>CK</arg>
<arg>CL</arg>
<arg>CM</arg>
<arg>CN</arg>
<arg>CO</arg>
<arg>CR</arg>
<arg>CU</arg>
<arg>CV</arg>
<arg>CW</arg>
<arg>CX</arg>
<arg>CY</arg>
<arg>CZ</arg>
<arg>DE</arg>
<arg>DJ</arg>
<arg>DK</arg>
<arg>DM</arg>
<arg>DO</arg>
<arg>DZ</arg>
<arg>EC</arg>
<arg>EE</arg>
<arg>EG</arg>
<arg>EH</arg>
<arg>ER</arg>
<arg>ES</arg>
<arg>ET</arg>
<arg>FI</arg>
<arg>FJ</arg>
<arg>FK</arg>
<arg>FM</arg>
<arg>FO</arg>
<arg>FR</arg>
<arg>GA</arg>
<arg>GB</arg>
<arg>GD</arg>
<arg>GE</arg>
<arg>GF</arg>
<arg>GG</arg>
<arg>GH</arg>
<arg>GI</arg>
<arg>GL</arg>
<arg>GM</arg>
<arg>GN</arg>
<arg>GP</arg>
<arg>GQ</arg>
<arg>GR</arg>
<arg>GS</arg>
<arg>GT</arg>
<arg>GU</arg>
<arg>GW</arg>
<arg>GY</arg>
<arg>HK</arg>
<arg>HM</arg>
<arg>HN</arg>
<arg>HR</arg>
<arg>HT</arg>
<arg>HU</arg>
<arg>ID</arg>
<arg>IE</arg>
<arg>IL</arg>
<arg>IM</arg>
<arg>IN</arg>
<arg>IO</arg>
<arg>IQ</arg>
<arg>IR</arg>
<arg>IS</arg>
<arg>IT</arg>
<arg>JE</arg>
<arg>JM</arg>
<arg>JO</arg>
<arg>JP</arg>
<arg>KE</arg>
<arg>KG</arg>
<arg>KH</arg>
<arg>KI</arg>
<arg>KM</arg>
<arg>KN</arg>
<arg>KP</arg>
<arg>KR</arg>
<arg>KW</arg>
<arg>KY</arg>
<arg>KZ</arg>
<arg>LA</arg>
<arg>LB</arg>
<arg>LC</arg>
<arg>LI</arg>
<arg>LK</arg>
<arg>LR</arg>
<arg>LS</arg>
<arg>LT</arg>
<arg>LU</arg>
<arg>LV</arg>
<arg>LY</arg>
<arg>MA</arg>
<arg>MC</arg>
<arg>MD</arg>
<arg>ME</arg>
<arg>MF</arg>
<arg>MG</arg>
<arg>MH</arg>
<arg>MK</arg>
<arg>ML</arg>
<arg>MM</arg>
<arg>MN</arg>
<arg>MO</arg>
<arg>MP</arg>
<arg>MQ</arg>
<arg>MR</arg>
<arg>MS</arg>
<arg>MT</arg>
<arg>MU</arg>
<arg>MV</arg>
<arg>MW</arg>
<arg>MX</arg>
<arg>MY</arg>
<arg>MZ</arg>
<arg>NA</arg>
<arg>NC</arg>
<arg>NE</arg>
<arg>NF</arg>
<arg>NG</arg>
<arg>NI</arg>
<arg>NL</arg>
<arg>NO</arg>
<arg>NP</arg>
<arg>NR</arg>
<arg>NU</arg>
<arg>NZ</arg>
<arg>OM</arg>
<arg>PA</arg>
<arg>PE</arg>
<arg>PF</arg>
<arg>PG</arg>
<arg>PH</arg>
<arg>PK</arg>
<arg>PL</arg>
<arg>PM</arg>
<arg>PN</arg>
<arg>PR</arg>
<arg>PS</arg>
<arg>PT</arg>
<arg>PW</arg>
<arg>PY</arg>
<arg>QA</arg>
<arg>RE</arg>
<arg>RO</arg>
<arg>RS</arg>
<arg>RU</arg>
<arg>RW</arg>
<arg>SA</arg>
<arg>SB</arg>
<arg>SC</arg>
<arg>SD</arg>
<arg>SE</arg>
<arg>SG</arg>
<arg>SH</arg>
<arg>SI</arg>
<arg>SJ</arg>
<arg>SK</arg>
<arg>SL</arg>
<arg>SM</arg>
<arg>SN</arg>
<arg>SO</arg>
<arg>SR</arg>
<arg>SS</arg>
<arg>ST</arg>
<arg>SV</arg>
<arg>SX</arg>
<arg>SY</arg>
<arg>SZ</arg>
<arg>TC</arg>
<arg>TD</arg>
<arg>TF</arg>
<arg>TG</arg>
<arg>TH</arg>
<arg>TJ</arg>
<arg>TK</arg>
<arg>TL</arg>
<arg>TM</arg>
<arg>TN</arg>
<arg>TO</arg>
<arg>TR</arg>
<arg>TT</arg>
<arg>TV</arg>
<arg>TW</arg>
<arg>TZ</arg>
<arg>UA</arg>
<arg>UG</arg>
<arg>UM</arg>
<arg>US</arg>
<arg>UY</arg>
<arg>UZ</arg>
<arg>VA</arg>
<arg>VC</arg>
<arg>VE</arg>
<arg>VG</arg>
<arg>VI</arg>
<arg>VN</arg>
<arg>VU</arg>
<arg>WF</arg>
<arg>WS</arg>
<arg>XK</arg>
<arg>YE</arg>
<arg>YT</arg>
<arg>ZA</arg>
<arg>ZM</arg>
<arg>ZW</arg>
<doc>Returns a list containing given items.</doc>
<status status="PASS" start="2024-04-19T15:14:38.114240" elapsed="0.000616"/>
</kw>
<kw name="List Should Contain Value" owner="Collections">
<msg time="2024-04-19T15:14:38.115856" level="INFO">False</msg>
<arg>${list_country}</arg>
<arg>${name_country}</arg>
<doc>Fails if the ``value`` is not found from ``list``.</doc>
<status status="PASS" start="2024-04-19T15:14:38.115654" elapsed="0.000240"/>
</kw>
<kw name="Run Keyword If" owner="BuiltIn">
<kw name="Should Be True" owner="BuiltIn">
<arg>${True}</arg>
<doc>Fails if the given condition is not true.</doc>
<status status="PASS" start="2024-04-19T15:14:38.116978" elapsed="0.000261"/>
</kw>
<arg>${json_data["results"][0]["location"]["coordinates"]["latitude"]} &gt;= -90 and ${json_data["results"][0]["location"]["coordinates"]["latitude"]} &lt;= 90</arg>
<arg>Should Be True</arg>
<arg>${True}</arg>
<doc>Runs the given keyword with the given arguments, if ``condition`` is true.</doc>
<status status="PASS" start="2024-04-19T15:14:38.116213" elapsed="0.001158"/>
</kw>
<kw name="Run Keyword If" owner="BuiltIn">
<kw name="Should Be True" owner="BuiltIn">
<arg>${True}</arg>
<doc>Fails if the given condition is not true.</doc>
<status status="PASS" start="2024-04-19T15:14:38.118295" elapsed="0.000144"/>
</kw>
<arg>${json_data["results"][0]["location"]["coordinates"]["longitude"]} &gt;= -180 and ${json_data["results"][0]["location"]["coordinates"]["longitude"]} &lt;= 180</arg>
<arg>Should Be True</arg>
<arg>${True}</arg>
<doc>Runs the given keyword with the given arguments, if ``condition`` is true.</doc>
<status status="PASS" start="2024-04-19T15:14:38.117583" elapsed="0.000981"/>
</kw>
<status status="PASS" start="2024-04-19T15:14:38.014396" elapsed="0.104302"/>
</kw>
<doc>Testa o conteúdo específico dos campos retornados pela API.</doc>
<tag>testeConteudo</tag>
<status status="PASS" start="2024-04-19T15:14:38.013718" elapsed="0.105134"/>
</test>
<status status="PASS" start="2024-04-19T15:14:37.205020" elapsed="0.915797"/>
</suite>
<status status="PASS" start="2024-04-19T15:14:37.191055" elapsed="0.934910"/>
</suite>
<statistics>
<total>
<stat pass="5" fail="0" skip="0">All Tests</stat>
</total>
<tag>
<stat pass="1" fail="0" skip="0">testeConteudo</stat>
<stat pass="1" fail="0" skip="0">testeEstruturaResposta</stat>
<stat pass="1" fail="0" skip="0">testeRequisicaoBasica</stat>
<stat pass="1" fail="0" skip="0">testeTiposDados</stat>
</tag>
<suite>
<stat pass="5" fail="0" skip="0" id="s1" name="Tests">Tests</stat>
<stat pass="5" fail="0" skip="0" id="s1-s1" name="Random-User-Test">Tests.Random-User-Test</stat>
</suite>
</statistics>
<errors>
</errors>
</robot>
