<?xml version="1.0" encoding="UTF-8"?>
<robot generator="Robot 7.0.1 (Python 3.12.4 on linux)" generated="2024-08-02T02:34:09.971204" rpa="false" schemaversion="5">
<suite id="s1" name="Tests" source="/home/runner/work/ApiRandomUser/ApiRandomUser/RamdonUser/tests">
<suite id="s1-s1" name="Random-User-Test" source="/home/runner/work/ApiRandomUser/ApiRandomUser/RamdonUser/tests/random-user-test.robot">
<test id="s1-s1-t1" name="Conectar" line="13">
<kw name="Conectar API" owner="random-user-service">
<kw name="Create Session" owner="RequestsLibrary">
<msg time="2024-08-02T02:34:10.388198" level="INFO">Creating Session using : alias=consultarAPI, url=https://randomuser.me/, headers={},                     cookies={}, auth=None, timeout=None, proxies=None, verify=False,                     debug=0 </msg>
<arg>consultarAPI</arg>
<arg>${URL}</arg>
<doc>Create Session: create a HTTP session to a server</doc>
<status status="PASS" start="2024-08-02T02:34:10.387996" elapsed="0.000384"/>
</kw>
<status status="PASS" start="2024-08-02T02:34:10.386908" elapsed="0.001840"/>
</kw>
<status status="PASS" start="2024-08-02T02:34:10.386142" elapsed="0.002805"/>
</test>
<test id="s1-s1-t2" name="Validar retorno 200 e JSON Válido" line="16">
<kw name="Teste de Requisicao Basica" owner="random-user-service">
<kw name="GET On Session" owner="RequestsLibrary">
<msg time="2024-08-02T02:34:10.609410" level="INFO">GET Request : url=https://randomuser.me/api 
 path_url=/api 
 headers={'User-Agent': 'python-requests/2.32.3', 'Accept-Encoding': 'gzip, deflate', 'Accept': '*/*', 'Connection': 'keep-alive'} 
 body=None 
 </msg>
<msg time="2024-08-02T02:34:10.609564" level="INFO">GET Response : url=https://randomuser.me/api 
 status=200, reason=OK 
 headers={'Date': 'Fri, 02 Aug 2024 02:34:10 GMT', 'Content-Type': 'application/json; charset=utf-8', 'Transfer-Encoding': 'chunked', 'Connection': 'keep-alive', 'X-Powered-By': 'Express', 'Access-Control-Allow-Origin': '*', 'Cache-Control': 'no-cache', 'ETag': 'W/"483-0Nhu16sS+7NAvnIquYMguhHqIpY"', 'Vary': 'Accept-Encoding', 'Content-Encoding': 'gzip', 'CF-Cache-Status': 'DYNAMIC', 'Report-To': '{"endpoints":[{"url":"https:\\/\\/a.nel.cloudflare.com\\/report\\/v4?s=dAP9MJWll%2F5Hay%2Fkx6v3OyXtut0Qa0cC8R0TyZiw%2BVHFpW9R1ZrLaRRK9WZ7mCMhBZJOj1GTpopmcohUx%2Bo6c4awAvWLtvBosjlNAabgaN0JTP%2F%2Bl5rZKXcD7W7lS6PC"}],"group":"cf-nel","max_age":604800}', 'NEL': '{"success_fraction":0,"report_to":"cf-nel","max_age":604800}', 'Server': 'cloudflare', 'CF-RAY': '8acaaad7ccc1110a-ORD', 'alt-svc': 'h3=":443"; ma=86400'} 
 body={"results":[{"gender":"male","name":{"title":"Mr","first":"Edouard","last":"Clement"},"location":{"street":{"number":4715,"name":"Rue des Chartreux"},"city":"Toulon","state":"Vosges","country":"France","postcode":22389,"coordinates":{"latitude":"-19.8323","longitude":"-165.8757"},"timezone":{"offset":"-2:00","description":"Mid-Atlantic"}},"email":"edouard.clement@example.com","login":{"uuid":"3267bef2-1b59-48ec-908a-dfd93e0fcef7","username":"orangemouse842","password":"1961","salt":"eQuMH6Xt","md5":"574bfe4439ff2508dc4841009152f744","sha1":"f520a6b38e5b66e009fc22ddbe2fa35b209f9520","sha256":"502278e952920bfde2d06aca4628c4d6bb11c8cd2f3382e98ab9a0391ea405ec"},"dob":{"date":"1998-11-28T12:31:25.411Z","age":25},"registered":{"date":"2019-02-25T00:34:01.726Z","age":5},"phone":"02-90-98-89-41","cell":"06-56-93-32-17","id":{"name":"INSEE","value":"1981017234528 08"},"picture":{"large":"https://randomuser.me/api/portraits/men/60.jpg","medium":"https://randomuser.me/api/portraits/med/men/60.jpg","thumbnail":"https://randomuser.me/api/portraits/thumb/men/60.jpg"},"nat":"FR"}],"info":{"seed":"65473136be396fc7","results":1,"page":1,"version":"1.4"}} 
 </msg>
<msg time="2024-08-02T02:34:10.609649" level="INFO">/opt/hostedtoolcache/Python/3.12.4/x64/lib/python3.12/site-packages/urllib3/connectionpool.py:1099: InsecureRequestWarning: Unverified HTTPS request is being made to host 'randomuser.me'. Adding certificate verification is strongly advised. See: https://urllib3.readthedocs.io/en/latest/advanced-usage.html#tls-warnings
  warnings.warn(</msg>
<msg time="2024-08-02T02:34:10.609797" level="INFO">${response} = &lt;Response [200]&gt;</msg>
<var>${response}</var>
<arg>consultarAPI</arg>
<arg>/api</arg>
<doc>Sends a GET request on a previously created HTTP Session.</doc>
<status status="PASS" start="2024-08-02T02:34:10.391538" elapsed="0.218302"/>
</kw>
<kw name="Should Be Equal As Numbers" owner="BuiltIn">
<msg time="2024-08-02T02:34:10.611048" level="INFO">Argument types are:
&lt;class 'int'&gt;
&lt;class 'str'&gt;</msg>
<arg>${response.status_code}</arg>
<arg>200</arg>
<doc>Fails if objects are unequal after converting them to real numbers.</doc>
<status status="PASS" start="2024-08-02T02:34:10.610505" elapsed="0.000612"/>
</kw>
<kw name="Log" owner="BuiltIn">
<msg time="2024-08-02T02:34:10.611846" level="INFO">200</msg>
<arg>${response.status_code}</arg>
<doc>Logs the given message with the given level.</doc>
<status status="PASS" start="2024-08-02T02:34:10.611478" elapsed="0.000412"/>
</kw>
<kw name="Set Variable" owner="BuiltIn">
<msg time="2024-08-02T02:34:10.612649" level="INFO">${json_data} = {'results': [{'gender': 'male', 'name': {'title': 'Mr', 'first': 'Edouard', 'last': 'Clement'}, 'location': {'street': {'number': 4715, 'name': 'Rue des Chartreux'}, 'city': 'Toulon', 'state': 'Vosges...</msg>
<var>${json_data}</var>
<arg>${response.json()}</arg>
<doc>Returns the given values which can then be assigned to a variables.</doc>
<status status="PASS" start="2024-08-02T02:34:10.612205" elapsed="0.000472"/>
</kw>
<kw name="Dictionary Should Contain Key" owner="Collections">
<arg>${json_data}</arg>
<arg>results</arg>
<doc>Fails if ``key`` is not found from ``dictionary``.</doc>
<status status="PASS" start="2024-08-02T02:34:10.612993" elapsed="0.000338"/>
</kw>
<status status="PASS" start="2024-08-02T02:34:10.391290" elapsed="0.222206"/>
</kw>
<doc>Testa se a API responde corretamente e retorna um objeto JSON válido.</doc>
<tag>testeRequisicaoBasica</tag>
<status status="PASS" start="2024-08-02T02:34:10.390815" elapsed="0.222861"/>
</test>
<test id="s1-s1-t3" name="Validar estrutura de resposta" line="22">
<kw name="Teste de Estrutura de Resposta" owner="random-user-service">
<kw name="GET On Session" owner="RequestsLibrary">
<msg time="2024-08-02T02:34:10.692187" level="INFO">GET Request : url=https://randomuser.me/api 
 path_url=/api 
 headers={'User-Agent': 'python-requests/2.32.3', 'Accept-Encoding': 'gzip, deflate', 'Accept': '*/*', 'Connection': 'keep-alive'} 
 body=None 
 </msg>
<msg time="2024-08-02T02:34:10.692267" level="INFO">GET Response : url=https://randomuser.me/api 
 status=200, reason=OK 
 headers={'Date': 'Fri, 02 Aug 2024 02:34:10 GMT', 'Content-Type': 'application/json; charset=utf-8', 'Transfer-Encoding': 'chunked', 'Connection': 'keep-alive', 'X-Powered-By': 'Express', 'Access-Control-Allow-Origin': '*', 'Cache-Control': 'no-cache', 'ETag': 'W/"48c-AhxVfOY++qS/3Spa1bK5QqfrufI"', 'Vary': 'Accept-Encoding', 'Content-Encoding': 'gzip', 'CF-Cache-Status': 'DYNAMIC', 'Report-To': '{"endpoints":[{"url":"https:\\/\\/a.nel.cloudflare.com\\/report\\/v4?s=TE5leDGEErCGlZmfzm%2B%2F37atUd6VJqSV6RM2m3wvRlpLojAy9lYmxnoaKeJHX6ZrFo94PrFp%2FH5W3rJr5ynkOz0DZPpAm7dq08ZTak7qoGZTdaHmRI%2BbwWc43YZUHmvJ"}],"group":"cf-nel","max_age":604800}', 'NEL': '{"success_fraction":0,"report_to":"cf-nel","max_age":604800}', 'Server': 'cloudflare', 'CF-RAY': '8acaaad85d79110a-ORD', 'alt-svc': 'h3=":443"; ma=86400'} 
 body={"results":[{"gender":"female","name":{"title":"Miss","first":"Phoebe","last":"Hart"},"location":{"street":{"number":5726,"name":"Main Street"},"city":"Dundalk","state":"Meath","country":"Ireland","postcode":66057,"coordinates":{"latitude":"-3.3300","longitude":"167.6598"},"timezone":{"offset":"+10:00","description":"Eastern Australia, Guam, Vladivostok"}},"email":"phoebe.hart@example.com","login":{"uuid":"c60e965a-9f92-4f3e-8574-891ddd5b11d9","username":"brownleopard617","password":"houhou","salt":"7Jk0m3ru","md5":"5a7d8217f75ff15a74985db51b97e3a9","sha1":"d5e09e781681cc3d205e44c8a173e2a941549f74","sha256":"b077a50da56bbcd5d61f07b427551bc49e017df0630f260b3c9892be7e323ca8"},"dob":{"date":"1950-07-26T01:37:35.216Z","age":74},"registered":{"date":"2018-10-31T17:33:01.326Z","age":5},"phone":"061-360-0857","cell":"081-928-6009","id":{"name":"PPS","value":"9423407T"},"picture":{"large":"https://randomuser.me/api/portraits/women/84.jpg","medium":"https://randomuser.me/api/portraits/med/women/84.jpg","thumbnail":"https://randomuser.me/api/portraits/thumb/women/84.jpg"},"nat":"IE"}],"info":{"seed":"766468d29d1b3739","results":1,"page":1,"version":"1.4"}} 
 </msg>
<msg time="2024-08-02T02:34:10.692371" level="INFO">/opt/hostedtoolcache/Python/3.12.4/x64/lib/python3.12/site-packages/urllib3/connectionpool.py:1099: InsecureRequestWarning: Unverified HTTPS request is being made to host 'randomuser.me'. Adding certificate verification is strongly advised. See: https://urllib3.readthedocs.io/en/latest/advanced-usage.html#tls-warnings
  warnings.warn(</msg>
<msg time="2024-08-02T02:34:10.692475" level="INFO">${response} = &lt;Response [200]&gt;</msg>
<var>${response}</var>
<arg>consultarAPI</arg>
<arg>/api</arg>
<doc>Sends a GET request on a previously created HTTP Session.</doc>
<status status="PASS" start="2024-08-02T02:34:10.616442" elapsed="0.076075"/>
</kw>
<kw name="Set Variable" owner="BuiltIn">
<msg time="2024-08-02T02:34:10.693597" level="INFO">${json_data} = {'results': [{'gender': 'female', 'name': {'title': 'Miss', 'first': 'Phoebe', 'last': 'Hart'}, 'location': {'street': {'number': 5726, 'name': 'Main Street'}, 'city': 'Dundalk', 'state': 'Meath', 'co...</msg>
<var>${json_data}</var>
<arg>${response.json()}</arg>
<doc>Returns the given values which can then be assigned to a variables.</doc>
<status status="PASS" start="2024-08-02T02:34:10.693007" elapsed="0.000619"/>
</kw>
<kw name="Log" owner="BuiltIn">
<msg time="2024-08-02T02:34:10.694105" level="INFO">{'results': [{'gender': 'female', 'name': {'title': 'Miss', 'first': 'Phoebe', 'last': 'Hart'}, 'location': {'street': {'number': 5726, 'name': 'Main Street'}, 'city': 'Dundalk', 'state': 'Meath', 'country': 'Ireland', 'postcode': 66057, 'coordinates': {'latitude': '-3.3300', 'longitude': '167.6598'}, 'timezone': {'offset': '+10:00', 'description': 'Eastern Australia, Guam, Vladivostok'}}, 'email': 'phoebe.hart@example.com', 'login': {'uuid': 'c60e965a-9f92-4f3e-8574-891ddd5b11d9', 'username': 'brownleopard617', 'password': 'houhou', 'salt': '7Jk0m3ru', 'md5': '5a7d8217f75ff15a74985db51b97e3a9', 'sha1': 'd5e09e781681cc3d205e44c8a173e2a941549f74', 'sha256': 'b077a50da56bbcd5d61f07b427551bc49e017df0630f260b3c9892be7e323ca8'}, 'dob': {'date': '1950-07-26T01:37:35.216Z', 'age': 74}, 'registered': {'date': '2018-10-31T17:33:01.326Z', 'age': 5}, 'phone': '061-360-0857', 'cell': '081-928-6009', 'id': {'name': 'PPS', 'value': '9423407T'}, 'picture': {'large': 'https://randomuser.me/api/portraits/women/84.jpg', 'medium': 'https://randomuser.me/api/portraits/med/women/84.jpg', 'thumbnail': 'https://randomuser.me/api/portraits/thumb/women/84.jpg'}, 'nat': 'IE'}], 'info': {'seed': '766468d29d1b3739', 'results': 1, 'page': 1, 'version': '1.4'}}</msg>
<arg>${json_data}</arg>
<doc>Logs the given message with the given level.</doc>
<status status="PASS" start="2024-08-02T02:34:10.693941" elapsed="0.000212"/>
</kw>
<kw name="Dictionary Should Contain Key" owner="Collections">
<arg>${json_data}</arg>
<arg>results</arg>
<doc>Fails if ``key`` is not found from ``dictionary``.</doc>
<status status="PASS" start="2024-08-02T02:34:10.694449" elapsed="0.000163"/>
</kw>
<kw name="Should Not Be Empty" owner="BuiltIn">
<msg time="2024-08-02T02:34:10.694980" level="INFO">Length is 2.</msg>
<arg>${json_data}</arg>
<doc>Verifies that the given item is not empty.</doc>
<status status="PASS" start="2024-08-02T02:34:10.694846" elapsed="0.000172"/>
</kw>
<kw name="Create List" owner="BuiltIn">
<msg time="2024-08-02T02:34:10.695467" level="INFO">${expected_keys} = ['gender', 'name', 'location', 'email', 'login']</msg>
<var>${expected_keys}</var>
<arg>gender</arg>
<arg>name</arg>
<arg>location</arg>
<arg>email</arg>
<arg>login</arg>
<doc>Returns a list containing given items.</doc>
<status status="PASS" start="2024-08-02T02:34:10.695311" elapsed="0.000180"/>
</kw>
<for flavor="IN">
<iter>
<kw name="Dictionary Should Contain Key" owner="Collections">
<arg>${json_data['results'][0]}</arg>
<arg>${key}</arg>
<doc>Fails if ``key`` is not found from ``dictionary``.</doc>
<status status="PASS" start="2024-08-02T02:34:10.696070" elapsed="0.000407"/>
</kw>
<kw name="Log" owner="BuiltIn">
<msg time="2024-08-02T02:34:10.697033" level="INFO">{'gender': 'female', 'name': {'title': 'Miss', 'first': 'Phoebe', 'last': 'Hart'}, 'location': {'street': {'number': 5726, 'name': 'Main Street'}, 'city': 'Dundalk', 'state': 'Meath', 'country': 'Ireland', 'postcode': 66057, 'coordinates': {'latitude': '-3.3300', 'longitude': '167.6598'}, 'timezone': {'offset': '+10:00', 'description': 'Eastern Australia, Guam, Vladivostok'}}, 'email': 'phoebe.hart@example.com', 'login': {'uuid': 'c60e965a-9f92-4f3e-8574-891ddd5b11d9', 'username': 'brownleopard617', 'password': 'houhou', 'salt': '7Jk0m3ru', 'md5': '5a7d8217f75ff15a74985db51b97e3a9', 'sha1': 'd5e09e781681cc3d205e44c8a173e2a941549f74', 'sha256': 'b077a50da56bbcd5d61f07b427551bc49e017df0630f260b3c9892be7e323ca8'}, 'dob': {'date': '1950-07-26T01:37:35.216Z', 'age': 74}, 'registered': {'date': '2018-10-31T17:33:01.326Z', 'age': 5}, 'phone': '061-360-0857', 'cell': '081-928-6009', 'id': {'name': 'PPS', 'value': '9423407T'}, 'picture': {'large': 'https://randomuser.me/api/portraits/women/84.jpg', 'medium': 'https://randomuser.me/api/portraits/med/women/84.jpg', 'thumbnail': 'https://randomuser.me/api/portraits/thumb/women/84.jpg'}, 'nat': 'IE'}</msg>
<arg>${json_data['results'][0]}</arg>
<doc>Logs the given message with the given level.</doc>
<status status="PASS" start="2024-08-02T02:34:10.696674" elapsed="0.000407"/>
</kw>
<kw name="Log" owner="BuiltIn">
<msg time="2024-08-02T02:34:10.697507" level="INFO">gender</msg>
<arg>${key}</arg>
<doc>Logs the given message with the given level.</doc>
<status status="PASS" start="2024-08-02T02:34:10.697378" elapsed="0.000168"/>
</kw>
<var name="${key}">gender</var>
<status status="PASS" start="2024-08-02T02:34:10.695943" elapsed="0.001831"/>
</iter>
<iter>
<kw name="Dictionary Should Contain Key" owner="Collections">
<arg>${json_data['results'][0]}</arg>
<arg>${key}</arg>
<doc>Fails if ``key`` is not found from ``dictionary``.</doc>
<status status="PASS" start="2024-08-02T02:34:10.698072" elapsed="0.000403"/>
</kw>
<kw name="Log" owner="BuiltIn">
<msg time="2024-08-02T02:34:10.699044" level="INFO">{'gender': 'female', 'name': {'title': 'Miss', 'first': 'Phoebe', 'last': 'Hart'}, 'location': {'street': {'number': 5726, 'name': 'Main Street'}, 'city': 'Dundalk', 'state': 'Meath', 'country': 'Ireland', 'postcode': 66057, 'coordinates': {'latitude': '-3.3300', 'longitude': '167.6598'}, 'timezone': {'offset': '+10:00', 'description': 'Eastern Australia, Guam, Vladivostok'}}, 'email': 'phoebe.hart@example.com', 'login': {'uuid': 'c60e965a-9f92-4f3e-8574-891ddd5b11d9', 'username': 'brownleopard617', 'password': 'houhou', 'salt': '7Jk0m3ru', 'md5': '5a7d8217f75ff15a74985db51b97e3a9', 'sha1': 'd5e09e781681cc3d205e44c8a173e2a941549f74', 'sha256': 'b077a50da56bbcd5d61f07b427551bc49e017df0630f260b3c9892be7e323ca8'}, 'dob': {'date': '1950-07-26T01:37:35.216Z', 'age': 74}, 'registered': {'date': '2018-10-31T17:33:01.326Z', 'age': 5}, 'phone': '061-360-0857', 'cell': '081-928-6009', 'id': {'name': 'PPS', 'value': '9423407T'}, 'picture': {'large': 'https://randomuser.me/api/portraits/women/84.jpg', 'medium': 'https://randomuser.me/api/portraits/med/women/84.jpg', 'thumbnail': 'https://randomuser.me/api/portraits/thumb/women/84.jpg'}, 'nat': 'IE'}</msg>
<arg>${json_data['results'][0]}</arg>
<doc>Logs the given message with the given level.</doc>
<status status="PASS" start="2024-08-02T02:34:10.698658" elapsed="0.000467"/>
</kw>
<kw name="Log" owner="BuiltIn">
<msg time="2024-08-02T02:34:10.699553" level="INFO">name</msg>
<arg>${key}</arg>
<doc>Logs the given message with the given level.</doc>
<status status="PASS" start="2024-08-02T02:34:10.699426" elapsed="0.000164"/>
</kw>
<var name="${key}">name</var>
<status status="PASS" start="2024-08-02T02:34:10.697960" elapsed="0.001844"/>
</iter>
<iter>
<kw name="Dictionary Should Contain Key" owner="Collections">
<arg>${json_data['results'][0]}</arg>
<arg>${key}</arg>
<doc>Fails if ``key`` is not found from ``dictionary``.</doc>
<status status="PASS" start="2024-08-02T02:34:10.700085" elapsed="0.000379"/>
</kw>
<kw name="Log" owner="BuiltIn">
<msg time="2024-08-02T02:34:10.701002" level="INFO">{'gender': 'female', 'name': {'title': 'Miss', 'first': 'Phoebe', 'last': 'Hart'}, 'location': {'street': {'number': 5726, 'name': 'Main Street'}, 'city': 'Dundalk', 'state': 'Meath', 'country': 'Ireland', 'postcode': 66057, 'coordinates': {'latitude': '-3.3300', 'longitude': '167.6598'}, 'timezone': {'offset': '+10:00', 'description': 'Eastern Australia, Guam, Vladivostok'}}, 'email': 'phoebe.hart@example.com', 'login': {'uuid': 'c60e965a-9f92-4f3e-8574-891ddd5b11d9', 'username': 'brownleopard617', 'password': 'houhou', 'salt': '7Jk0m3ru', 'md5': '5a7d8217f75ff15a74985db51b97e3a9', 'sha1': 'd5e09e781681cc3d205e44c8a173e2a941549f74', 'sha256': 'b077a50da56bbcd5d61f07b427551bc49e017df0630f260b3c9892be7e323ca8'}, 'dob': {'date': '1950-07-26T01:37:35.216Z', 'age': 74}, 'registered': {'date': '2018-10-31T17:33:01.326Z', 'age': 5}, 'phone': '061-360-0857', 'cell': '081-928-6009', 'id': {'name': 'PPS', 'value': '9423407T'}, 'picture': {'large': 'https://randomuser.me/api/portraits/women/84.jpg', 'medium': 'https://randomuser.me/api/portraits/med/women/84.jpg', 'thumbnail': 'https://randomuser.me/api/portraits/thumb/women/84.jpg'}, 'nat': 'IE'}</msg>
<arg>${json_data['results'][0]}</arg>
<doc>Logs the given message with the given level.</doc>
<status status="PASS" start="2024-08-02T02:34:10.700653" elapsed="0.000397"/>
</kw>
<kw name="Log" owner="BuiltIn">
<msg time="2024-08-02T02:34:10.701475" level="INFO">location</msg>
<arg>${key}</arg>
<doc>Logs the given message with the given level.</doc>
<status status="PASS" start="2024-08-02T02:34:10.701348" elapsed="0.000164"/>
</kw>
<var name="${key}">location</var>
<status status="PASS" start="2024-08-02T02:34:10.699978" elapsed="0.001746"/>
</iter>
<iter>
<kw name="Dictionary Should Contain Key" owner="Collections">
<arg>${json_data['results'][0]}</arg>
<arg>${key}</arg>
<doc>Fails if ``key`` is not found from ``dictionary``.</doc>
<status status="PASS" start="2024-08-02T02:34:10.702002" elapsed="0.000384"/>
</kw>
<kw name="Log" owner="BuiltIn">
<msg time="2024-08-02T02:34:10.703081" level="INFO">{'gender': 'female', 'name': {'title': 'Miss', 'first': 'Phoebe', 'last': 'Hart'}, 'location': {'street': {'number': 5726, 'name': 'Main Street'}, 'city': 'Dundalk', 'state': 'Meath', 'country': 'Ireland', 'postcode': 66057, 'coordinates': {'latitude': '-3.3300', 'longitude': '167.6598'}, 'timezone': {'offset': '+10:00', 'description': 'Eastern Australia, Guam, Vladivostok'}}, 'email': 'phoebe.hart@example.com', 'login': {'uuid': 'c60e965a-9f92-4f3e-8574-891ddd5b11d9', 'username': 'brownleopard617', 'password': 'houhou', 'salt': '7Jk0m3ru', 'md5': '5a7d8217f75ff15a74985db51b97e3a9', 'sha1': 'd5e09e781681cc3d205e44c8a173e2a941549f74', 'sha256': 'b077a50da56bbcd5d61f07b427551bc49e017df0630f260b3c9892be7e323ca8'}, 'dob': {'date': '1950-07-26T01:37:35.216Z', 'age': 74}, 'registered': {'date': '2018-10-31T17:33:01.326Z', 'age': 5}, 'phone': '061-360-0857', 'cell': '081-928-6009', 'id': {'name': 'PPS', 'value': '9423407T'}, 'picture': {'large': 'https://randomuser.me/api/portraits/women/84.jpg', 'medium': 'https://randomuser.me/api/portraits/med/women/84.jpg', 'thumbnail': 'https://randomuser.me/api/portraits/thumb/women/84.jpg'}, 'nat': 'IE'}</msg>
<arg>${json_data['results'][0]}</arg>
<doc>Logs the given message with the given level.</doc>
<status status="PASS" start="2024-08-02T02:34:10.702690" elapsed="0.000440"/>
</kw>
<kw name="Log" owner="BuiltIn">
<msg time="2024-08-02T02:34:10.703556" level="INFO">email</msg>
<arg>${key}</arg>
<doc>Logs the given message with the given level.</doc>
<status status="PASS" start="2024-08-02T02:34:10.703426" elapsed="0.000168"/>
</kw>
<var name="${key}">email</var>
<status status="PASS" start="2024-08-02T02:34:10.701895" elapsed="0.001911"/>
</iter>
<iter>
<kw name="Dictionary Should Contain Key" owner="Collections">
<arg>${json_data['results'][0]}</arg>
<arg>${key}</arg>
<doc>Fails if ``key`` is not found from ``dictionary``.</doc>
<status status="PASS" start="2024-08-02T02:34:10.704088" elapsed="0.000388"/>
</kw>
<kw name="Log" owner="BuiltIn">
<msg time="2024-08-02T02:34:10.705018" level="INFO">{'gender': 'female', 'name': {'title': 'Miss', 'first': 'Phoebe', 'last': 'Hart'}, 'location': {'street': {'number': 5726, 'name': 'Main Street'}, 'city': 'Dundalk', 'state': 'Meath', 'country': 'Ireland', 'postcode': 66057, 'coordinates': {'latitude': '-3.3300', 'longitude': '167.6598'}, 'timezone': {'offset': '+10:00', 'description': 'Eastern Australia, Guam, Vladivostok'}}, 'email': 'phoebe.hart@example.com', 'login': {'uuid': 'c60e965a-9f92-4f3e-8574-891ddd5b11d9', 'username': 'brownleopard617', 'password': 'houhou', 'salt': '7Jk0m3ru', 'md5': '5a7d8217f75ff15a74985db51b97e3a9', 'sha1': 'd5e09e781681cc3d205e44c8a173e2a941549f74', 'sha256': 'b077a50da56bbcd5d61f07b427551bc49e017df0630f260b3c9892be7e323ca8'}, 'dob': {'date': '1950-07-26T01:37:35.216Z', 'age': 74}, 'registered': {'date': '2018-10-31T17:33:01.326Z', 'age': 5}, 'phone': '061-360-0857', 'cell': '081-928-6009', 'id': {'name': 'PPS', 'value': '9423407T'}, 'picture': {'large': 'https://randomuser.me/api/portraits/women/84.jpg', 'medium': 'https://randomuser.me/api/portraits/med/women/84.jpg', 'thumbnail': 'https://randomuser.me/api/portraits/thumb/women/84.jpg'}, 'nat': 'IE'}</msg>
<arg>${json_data['results'][0]}</arg>
<doc>Logs the given message with the given level.</doc>
<status status="PASS" start="2024-08-02T02:34:10.704659" elapsed="0.000408"/>
</kw>
<kw name="Log" owner="BuiltIn">
<msg time="2024-08-02T02:34:10.705485" level="INFO">login</msg>
<arg>${key}</arg>
<doc>Logs the given message with the given level.</doc>
<status status="PASS" start="2024-08-02T02:34:10.705359" elapsed="0.000163"/>
</kw>
<var name="${key}">login</var>
<status status="PASS" start="2024-08-02T02:34:10.703980" elapsed="0.001758"/>
</iter>
<var>${key}</var>
<value>@{expected_keys}</value>
<status status="PASS" start="2024-08-02T02:34:10.695752" elapsed="0.010106"/>
</for>
<kw name="Create List" owner="BuiltIn">
<msg time="2024-08-02T02:34:10.706181" level="INFO">${expected_keysTwo} = ['username', 'password']</msg>
<var>${expected_keysTwo}</var>
<arg>username</arg>
<arg>password</arg>
<doc>Returns a list containing given items.</doc>
<status status="PASS" start="2024-08-02T02:34:10.706049" elapsed="0.000183"/>
</kw>
<for flavor="IN">
<iter>
<kw name="Dictionary Should Contain Key" owner="Collections">
<arg>${json_data['results'][0]['login']}</arg>
<arg>${keyTwo}</arg>
<doc>Fails if ``key`` is not found from ``dictionary``.</doc>
<status status="PASS" start="2024-08-02T02:34:10.706761" elapsed="0.000401"/>
</kw>
<kw name="Dictionary Should Contain Key" owner="Collections">
<arg>${json_data['results'][0]['login']}</arg>
<arg>${keyTwo}</arg>
<doc>Fails if ``key`` is not found from ``dictionary``.</doc>
<status status="PASS" start="2024-08-02T02:34:10.707346" elapsed="0.000374"/>
</kw>
<kw name="Log" owner="BuiltIn">
<msg time="2024-08-02T02:34:10.708016" level="INFO">username</msg>
<arg>${keyTwo}</arg>
<doc>Logs the given message with the given level.</doc>
<status status="PASS" start="2024-08-02T02:34:10.707898" elapsed="0.000156"/>
</kw>
<var name="${keyTwo}">username</var>
<status status="PASS" start="2024-08-02T02:34:10.706627" elapsed="0.001649"/>
</iter>
<iter>
<kw name="Dictionary Should Contain Key" owner="Collections">
<arg>${json_data['results'][0]['login']}</arg>
<arg>${keyTwo}</arg>
<doc>Fails if ``key`` is not found from ``dictionary``.</doc>
<status status="PASS" start="2024-08-02T02:34:10.708556" elapsed="0.000372"/>
</kw>
<kw name="Dictionary Should Contain Key" owner="Collections">
<arg>${json_data['results'][0]['login']}</arg>
<arg>${keyTwo}</arg>
<doc>Fails if ``key`` is not found from ``dictionary``.</doc>
<status status="PASS" start="2024-08-02T02:34:10.709105" elapsed="0.000365"/>
</kw>
<kw name="Log" owner="BuiltIn">
<msg time="2024-08-02T02:34:10.709766" level="INFO">password</msg>
<arg>${keyTwo}</arg>
<doc>Logs the given message with the given level.</doc>
<status status="PASS" start="2024-08-02T02:34:10.709644" elapsed="0.000159"/>
</kw>
<var name="${keyTwo}">password</var>
<status status="PASS" start="2024-08-02T02:34:10.708446" elapsed="0.001576"/>
</iter>
<var>${keyTwo}</var>
<value>@{expected_keysTwo}</value>
<status status="PASS" start="2024-08-02T02:34:10.706475" elapsed="0.003668"/>
</for>
<status status="PASS" start="2024-08-02T02:34:10.616199" elapsed="0.094083"/>
</kw>
<doc>Testa a estrutura da resposta da API.</doc>
<tag>testeEstruturaResposta</tag>
<status status="PASS" start="2024-08-02T02:34:10.615566" elapsed="0.094868"/>
</test>
<test id="s1-s1-t4" name="Validar tipos de dados" line="28">
<kw name="Teste de Tipos de Dados" owner="random-user-service">
<kw name="GET On Session" owner="RequestsLibrary">
<msg time="2024-08-02T02:34:10.790617" level="INFO">GET Request : url=https://randomuser.me/api 
 path_url=/api 
 headers={'User-Agent': 'python-requests/2.32.3', 'Accept-Encoding': 'gzip, deflate', 'Accept': '*/*', 'Connection': 'keep-alive'} 
 body=None 
 </msg>
<msg time="2024-08-02T02:34:10.790696" level="INFO">GET Response : url=https://randomuser.me/api 
 status=200, reason=OK 
 headers={'Date': 'Fri, 02 Aug 2024 02:34:10 GMT', 'Content-Type': 'application/json; charset=utf-8', 'Transfer-Encoding': 'chunked', 'Connection': 'keep-alive', 'X-Powered-By': 'Express', 'Access-Control-Allow-Origin': '*', 'Cache-Control': 'no-cache', 'ETag': 'W/"489-+S5aTMVN9Nc7ulLq0Kwxjd3Jw/o"', 'Vary': 'Accept-Encoding', 'Content-Encoding': 'gzip', 'CF-Cache-Status': 'DYNAMIC', 'Report-To': '{"endpoints":[{"url":"https:\\/\\/a.nel.cloudflare.com\\/report\\/v4?s=yK31RZqtGlbqq65Z2TPl8XaadIaPUXrqi0cc%2BQAVDXGbNfcmEnbbZUr7oFhFPozfP9RVlpOXrY8l%2Fh7ceUw9Qar%2Fwq8UWBDu5uyXDTjH4T9B1u%2Ba%2BhEyWafZf7ZrO7PG"}],"group":"cf-nel","max_age":604800}', 'NEL': '{"success_fraction":0,"report_to":"cf-nel","max_age":604800}', 'Server': 'cloudflare', 'CF-RAY': '8acaaad8fe44110a-ORD', 'alt-svc': 'h3=":443"; ma=86400'} 
 body={"results":[{"gender":"female","name":{"title":"Mrs","first":"Emma","last":"Lavigne"},"location":{"street":{"number":4081,"name":"Duke St"},"city":"Hampstead","state":"Manitoba","country":"Canada","postcode":"S0M 7U3","coordinates":{"latitude":"-67.0496","longitude":"24.1155"},"timezone":{"offset":"+4:00","description":"Abu Dhabi, Muscat, Baku, Tbilisi"}},"email":"emma.lavigne@example.com","login":{"uuid":"687a6663-9c2b-479f-8c02-f1f599933e3c","username":"blackwolf195","password":"1948","salt":"XiSDL7bX","md5":"ea6260af77031add8e961409d7bdb632","sha1":"9c1d512788b6e5c06a911f2c4bda5f67048f643a","sha256":"f6441de8356c242462cdfdb70e4470f2d2b278c50fe7c7977cd8de2f28292aa6"},"dob":{"date":"2000-01-24T20:50:30.552Z","age":24},"registered":{"date":"2009-01-26T20:06:09.560Z","age":15},"phone":"P51 F92-7915","cell":"H52 U30-5151","id":{"name":"SIN","value":"237765045"},"picture":{"large":"https://randomuser.me/api/portraits/women/58.jpg","medium":"https://randomuser.me/api/portraits/med/women/58.jpg","thumbnail":"https://randomuser.me/api/portraits/thumb/women/58.jpg"},"nat":"CA"}],"info":{"seed":"47466b9db2414ba8","results":1,"page":1,"version":"1.4"}} 
 </msg>
<msg time="2024-08-02T02:34:10.790800" level="INFO">/opt/hostedtoolcache/Python/3.12.4/x64/lib/python3.12/site-packages/urllib3/connectionpool.py:1099: InsecureRequestWarning: Unverified HTTPS request is being made to host 'randomuser.me'. Adding certificate verification is strongly advised. See: https://urllib3.readthedocs.io/en/latest/advanced-usage.html#tls-warnings
  warnings.warn(</msg>
<msg time="2024-08-02T02:34:10.790911" level="INFO">${response} = &lt;Response [200]&gt;</msg>
<var>${response}</var>
<arg>consultarAPI</arg>
<arg>/api</arg>
<doc>Sends a GET request on a previously created HTTP Session.</doc>
<status status="PASS" start="2024-08-02T02:34:10.712990" elapsed="0.077971"/>
</kw>
<kw name="Set Variable" owner="BuiltIn">
<msg time="2024-08-02T02:34:10.792069" level="INFO">${json_data} = {'results': [{'gender': 'female', 'name': {'title': 'Mrs', 'first': 'Emma', 'last': 'Lavigne'}, 'location': {'street': {'number': 4081, 'name': 'Duke St'}, 'city': 'Hampstead', 'state': 'Manitoba', 'c...</msg>
<var>${json_data}</var>
<arg>${response.json()}</arg>
<doc>Returns the given values which can then be assigned to a variables.</doc>
<status status="PASS" start="2024-08-02T02:34:10.791494" elapsed="0.000604"/>
</kw>
<kw name="Log" owner="BuiltIn">
<msg time="2024-08-02T02:34:10.792554" level="INFO">{'results': [{'gender': 'female', 'name': {'title': 'Mrs', 'first': 'Emma', 'last': 'Lavigne'}, 'location': {'street': {'number': 4081, 'name': 'Duke St'}, 'city': 'Hampstead', 'state': 'Manitoba', 'country': 'Canada', 'postcode': 'S0M 7U3', 'coordinates': {'latitude': '-67.0496', 'longitude': '24.1155'}, 'timezone': {'offset': '+4:00', 'description': 'Abu Dhabi, Muscat, Baku, Tbilisi'}}, 'email': 'emma.lavigne@example.com', 'login': {'uuid': '687a6663-9c2b-479f-8c02-f1f599933e3c', 'username': 'blackwolf195', 'password': '1948', 'salt': 'XiSDL7bX', 'md5': 'ea6260af77031add8e961409d7bdb632', 'sha1': '9c1d512788b6e5c06a911f2c4bda5f67048f643a', 'sha256': 'f6441de8356c242462cdfdb70e4470f2d2b278c50fe7c7977cd8de2f28292aa6'}, 'dob': {'date': '2000-01-24T20:50:30.552Z', 'age': 24}, 'registered': {'date': '2009-01-26T20:06:09.560Z', 'age': 15}, 'phone': 'P51 F92-7915', 'cell': 'H52 U30-5151', 'id': {'name': 'SIN', 'value': '237765045'}, 'picture': {'large': 'https://randomuser.me/api/portraits/women/58.jpg', 'medium': 'https://randomuser.me/api/portraits/med/women/58.jpg', 'thumbnail': 'https://randomuser.me/api/portraits/thumb/women/58.jpg'}, 'nat': 'CA'}], 'info': {'seed': '47466b9db2414ba8', 'results': 1, 'page': 1, 'version': '1.4'}}</msg>
<arg>${json_data}</arg>
<doc>Logs the given message with the given level.</doc>
<status status="PASS" start="2024-08-02T02:34:10.792402" elapsed="0.000199"/>
</kw>
<kw name="Should Be String" owner="String">
<arg>${json_data['results'][0]['gender']}</arg>
<doc>Fails if the given ``item`` is not a string.</doc>
<status status="PASS" start="2024-08-02T02:34:10.792891" elapsed="0.000373"/>
</kw>
<kw name="Should Match Regexp" owner="BuiltIn">
<arg>${json_data['results'][0]['email']}</arg>
<arg>^[a-zA-Z0-9._%+-]+@[a-zA-Z0-9.-]+\.[a-zA-Z]{2,}$</arg>
<doc>Fails if ``string`` does not match ``pattern`` as a regular expression.</doc>
<status status="PASS" start="2024-08-02T02:34:10.793455" elapsed="0.000510"/>
</kw>
<kw name="Should Match Regexp" owner="BuiltIn">
<arg>${json_data['results'][0]['dob']['date']}</arg>
<arg>\\d{4}-\\d{2}-\\d{2}T\\d{2}:\\d{2}:\\d{2}\\.\\d{3}Z</arg>
<doc>Fails if ``string`` does not match ``pattern`` as a regular expression.</doc>
<status status="PASS" start="2024-08-02T02:34:10.794197" elapsed="0.000626"/>
</kw>
<kw name="Should Match Regexp" owner="BuiltIn">
<arg>${json_data['results'][0]['registered']['date']}</arg>
<arg>\\d{4}-\\d{2}-\\d{2}T\\d{2}:\\d{2}:\\d{2}\\.\\d{3}Z</arg>
<doc>Fails if ``string`` does not match ``pattern`` as a regular expression.</doc>
<status status="PASS" start="2024-08-02T02:34:10.795080" elapsed="0.000534"/>
</kw>
<kw name="Should Match Regexp" owner="BuiltIn">
<arg>${json_data['results'][0]['picture']['large']}</arg>
<arg>^https?://.*\.(?:png|jpe?g|gif|bmp)$</arg>
<doc>Fails if ``string`` does not match ``pattern`` as a regular expression.</doc>
<status status="PASS" start="2024-08-02T02:34:10.795931" elapsed="0.000766"/>
</kw>
<kw name="Should Match Regexp" owner="BuiltIn">
<arg>${json_data['results'][0]['picture']['medium']}</arg>
<arg>^https?://.*\.(?:png|jpe?g|gif|bmp)$</arg>
<doc>Fails if ``string`` does not match ``pattern`` as a regular expression.</doc>
<status status="PASS" start="2024-08-02T02:34:10.796962" elapsed="0.000375"/>
</kw>
<kw name="Should Match Regexp" owner="BuiltIn">
<arg>${json_data['results'][0]['picture']['thumbnail']}</arg>
<arg>^https?://.*\.(?:png|jpe?g|gif|bmp)$</arg>
<doc>Fails if ``string`` does not match ``pattern`` as a regular expression.</doc>
<status status="PASS" start="2024-08-02T02:34:10.797527" elapsed="0.000361"/>
</kw>
<kw name="Log" owner="BuiltIn">
<msg time="2024-08-02T02:34:10.798395" level="INFO">{'large': 'https://randomuser.me/api/portraits/women/58.jpg', 'medium': 'https://randomuser.me/api/portraits/med/women/58.jpg', 'thumbnail': 'https://randomuser.me/api/portraits/thumb/women/58.jpg'}</msg>
<arg>${json_data['results'][0]['picture']}</arg>
<doc>Logs the given message with the given level.</doc>
<status status="PASS" start="2024-08-02T02:34:10.798071" elapsed="0.000368"/>
</kw>
<status status="PASS" start="2024-08-02T02:34:10.712763" elapsed="0.085935"/>
</kw>
<kw name="Teste de Tipos de Dados - Postcode" owner="random-user-service">
<kw name="GET On Session" owner="RequestsLibrary">
<msg time="2024-08-02T02:34:10.892899" level="INFO">GET Request : url=https://randomuser.me/api 
 path_url=/api 
 headers={'User-Agent': 'python-requests/2.32.3', 'Accept-Encoding': 'gzip, deflate', 'Accept': '*/*', 'Connection': 'keep-alive'} 
 body=None 
 </msg>
<msg time="2024-08-02T02:34:10.892992" level="INFO">GET Response : url=https://randomuser.me/api 
 status=200, reason=OK 
 headers={'Date': 'Fri, 02 Aug 2024 02:34:10 GMT', 'Content-Type': 'application/json; charset=utf-8', 'Transfer-Encoding': 'chunked', 'Connection': 'keep-alive', 'X-Powered-By': 'Express', 'Access-Control-Allow-Origin': '*', 'Cache-Control': 'no-cache', 'ETag': 'W/"48c-PPkaSxuLyTcsOSUGcXpLw1QCsRY"', 'Vary': 'Accept-Encoding', 'Content-Encoding': 'gzip', 'CF-Cache-Status': 'DYNAMIC', 'Report-To': '{"endpoints":[{"url":"https:\\/\\/a.nel.cloudflare.com\\/report\\/v4?s=oVKPQalj5t4RHawuO97kXlv4Hp%2Bn%2BIn2dt69CKFZ%2FfNQtPfe2XibiMpv03no2Jt6KcTYfOZ0s5%2BWMq7dHqxR2ZSElEnWmEwV5Nzvl0sPqT4Z5foeC%2BeOlGuUW%2F0oqwmC"}],"group":"cf-nel","max_age":604800}', 'NEL': '{"success_fraction":0,"report_to":"cf-nel","max_age":604800}', 'Server': 'cloudflare', 'CF-RAY': '8acaaad97f12110a-ORD', 'alt-svc': 'h3=":443"; ma=86400'} 
 body={"results":[{"gender":"female","name":{"title":"Miss","first":"Harriet","last":"Jackson"},"location":{"street":{"number":8903,"name":"Manukau Road"},"city":"Gisborne","state":"Waikato","country":"New Zealand","postcode":83622,"coordinates":{"latitude":"51.7994","longitude":"117.0578"},"timezone":{"offset":"-1:00","description":"Azores, Cape Verde Islands"}},"email":"harriet.jackson@example.com","login":{"uuid":"5436e83d-d116-4c44-adc6-71c8f94c5f06","username":"greenkoala185","password":"robocop","salt":"hgAWqq51","md5":"259032adecd75d541672e319e7e4f7c7","sha1":"1b6dfa82942e57a18dc739209ffb8ec9357f2c9a","sha256":"f60dfdd1a8a72e0016e2aa22cea57b890414a2c34b98fa965fed0f956063bbba"},"dob":{"date":"1987-09-13T05:19:01.184Z","age":36},"registered":{"date":"2012-08-07T15:37:23.373Z","age":11},"phone":"(537)-390-3670","cell":"(843)-589-9018","id":{"name":"","value":null},"picture":{"large":"https://randomuser.me/api/portraits/women/91.jpg","medium":"https://randomuser.me/api/portraits/med/women/91.jpg","thumbnail":"https://randomuser.me/api/portraits/thumb/women/91.jpg"},"nat":"NZ"}],"info":{"seed":"9bb8cb537fb7e58f","results":1,"page":1,"version":"1.4"}} 
 </msg>
<msg time="2024-08-02T02:34:10.893064" level="INFO">/opt/hostedtoolcache/Python/3.12.4/x64/lib/python3.12/site-packages/urllib3/connectionpool.py:1099: InsecureRequestWarning: Unverified HTTPS request is being made to host 'randomuser.me'. Adding certificate verification is strongly advised. See: https://urllib3.readthedocs.io/en/latest/advanced-usage.html#tls-warnings
  warnings.warn(</msg>
<msg time="2024-08-02T02:34:10.893200" level="INFO">${response} = &lt;Response [200]&gt;</msg>
<var>${response}</var>
<arg>consultarAPI</arg>
<arg>/api</arg>
<doc>Sends a GET request on a previously created HTTP Session.</doc>
<status status="PASS" start="2024-08-02T02:34:10.799185" elapsed="0.094063"/>
</kw>
<kw name="Set Variable" owner="BuiltIn">
<msg time="2024-08-02T02:34:10.894410" level="INFO">${json_data} = {'results': [{'gender': 'female', 'name': {'title': 'Miss', 'first': 'Harriet', 'last': 'Jackson'}, 'location': {'street': {'number': 8903, 'name': 'Manukau Road'}, 'city': 'Gisborne', 'state': 'Waika...</msg>
<var>${json_data}</var>
<arg>${response.json()}</arg>
<doc>Returns the given values which can then be assigned to a variables.</doc>
<status status="PASS" start="2024-08-02T02:34:10.893836" elapsed="0.000602"/>
</kw>
<kw name="Log" owner="BuiltIn">
<msg time="2024-08-02T02:34:10.894989" level="INFO">{'results': [{'gender': 'female', 'name': {'title': 'Miss', 'first': 'Harriet', 'last': 'Jackson'}, 'location': {'street': {'number': 8903, 'name': 'Manukau Road'}, 'city': 'Gisborne', 'state': 'Waikato', 'country': 'New Zealand', 'postcode': 83622, 'coordinates': {'latitude': '51.7994', 'longitude': '117.0578'}, 'timezone': {'offset': '-1:00', 'description': 'Azores, Cape Verde Islands'}}, 'email': 'harriet.jackson@example.com', 'login': {'uuid': '5436e83d-d116-4c44-adc6-71c8f94c5f06', 'username': 'greenkoala185', 'password': 'robocop', 'salt': 'hgAWqq51', 'md5': '259032adecd75d541672e319e7e4f7c7', 'sha1': '1b6dfa82942e57a18dc739209ffb8ec9357f2c9a', 'sha256': 'f60dfdd1a8a72e0016e2aa22cea57b890414a2c34b98fa965fed0f956063bbba'}, 'dob': {'date': '1987-09-13T05:19:01.184Z', 'age': 36}, 'registered': {'date': '2012-08-07T15:37:23.373Z', 'age': 11}, 'phone': '(537)-390-3670', 'cell': '(843)-589-9018', 'id': {'name': '', 'value': None}, 'picture': {'large': 'https://randomuser.me/api/portraits/women/91.jpg', 'medium': 'https://randomuser.me/api/portraits/med/women/91.jpg', 'thumbnail': 'https://randomuser.me/api/portraits/thumb/women/91.jpg'}, 'nat': 'NZ'}], 'info': {'seed': '9bb8cb537fb7e58f', 'results': 1, 'page': 1, 'version': '1.4'}}</msg>
<arg>${json_data}</arg>
<doc>Logs the given message with the given level.</doc>
<status status="PASS" start="2024-08-02T02:34:10.894810" elapsed="0.000227"/>
</kw>
<kw name="Should Be Equal As Numbers" owner="BuiltIn">
<arg>${json_data['results'][0]['location']['postcode']}</arg>
<arg>${json_data['results'][0]['location']['postcode']}</arg>
<doc>Fails if objects are unequal after converting them to real numbers.</doc>
<status status="PASS" start="2024-08-02T02:34:10.895345" elapsed="0.000634"/>
</kw>
<kw name="Log" owner="BuiltIn">
<msg time="2024-08-02T02:34:10.896511" level="INFO">83622</msg>
<arg>${json_data['results'][0]['location']['postcode']}</arg>
<doc>Logs the given message with the given level.</doc>
<status status="PASS" start="2024-08-02T02:34:10.896175" elapsed="0.000377"/>
</kw>
<status status="PASS" start="2024-08-02T02:34:10.798952" elapsed="0.097884"/>
</kw>
<doc>Testa se os tipos de dados na resposta da API estão corretos.</doc>
<tag>testeTiposDados</tag>
<status status="PASS" start="2024-08-02T02:34:10.712187" elapsed="0.184823"/>
</test>
<test id="s1-s1-t5" name="Validar conteudo" line="35">
<kw name="Teste de Tipos de Conteudo" owner="random-user-service">
<kw name="GET On Session" owner="RequestsLibrary">
<msg time="2024-08-02T02:34:11.006610" level="INFO">GET Request : url=https://randomuser.me/api 
 path_url=/api 
 headers={'User-Agent': 'python-requests/2.32.3', 'Accept-Encoding': 'gzip, deflate', 'Accept': '*/*', 'Connection': 'keep-alive'} 
 body=None 
 </msg>
<msg time="2024-08-02T02:34:11.006708" level="INFO">GET Response : url=https://randomuser.me/api 
 status=200, reason=OK 
 headers={'Date': 'Fri, 02 Aug 2024 02:34:10 GMT', 'Content-Type': 'application/json; charset=utf-8', 'Transfer-Encoding': 'chunked', 'Connection': 'keep-alive', 'X-Powered-By': 'Express', 'Access-Control-Allow-Origin': '*', 'Cache-Control': 'no-cache', 'ETag': 'W/"4a3-xAmMvnQwwhVuj05gM9he/QG9WcU"', 'Vary': 'Accept-Encoding', 'Content-Encoding': 'gzip', 'CF-Cache-Status': 'DYNAMIC', 'Report-To': '{"endpoints":[{"url":"https:\\/\\/a.nel.cloudflare.com\\/report\\/v4?s=WDtsZRqdFcZ08%2B3Qwal5%2Bq23edzfVjzl%2BFVGdCm%2B9i6Y%2B8qbcKQIS76jwyyk7V5N0T1NAa9GQ2TNP1qPz7aA3FEo7%2BEsvCYk7j9yEFpXyDIarrl2vfd7On1%2FVSRz7p80"}],"group":"cf-nel","max_age":604800}', 'NEL': '{"success_fraction":0,"report_to":"cf-nel","max_age":604800}', 'Server': 'cloudflare', 'CF-RAY': '8acaaada181b110a-ORD', 'alt-svc': 'h3=":443"; ma=86400'} 
 body={"results":[{"gender":"female","name":{"title":"Mrs","first":"Marcia","last":"Jennings"},"location":{"street":{"number":9300,"name":"Lakeview St"},"city":"Melbourne","state":"South Australia","country":"Australia","postcode":6932,"coordinates":{"latitude":"-83.1125","longitude":"28.0117"},"timezone":{"offset":"-4:00","description":"Atlantic Time (Canada), Caracas, La Paz"}},"email":"marcia.jennings@example.com","login":{"uuid":"a7a4e699-e5cc-4c01-b868-1123c2b8c5e7","username":"orangebird188","password":"furball","salt":"tWVXcgBG","md5":"05ab419527bfeefc6f89ddaec8417f4e","sha1":"140980a144754eb900f2d245e0f5484debfab11a","sha256":"2eb4b51c5f7be6e4a25b10cdbba8659a2e210ee5177a5718818eba2c45483e78"},"dob":{"date":"1952-11-05T11:39:14.998Z","age":71},"registered":{"date":"2006-11-19T20:08:05.034Z","age":17},"phone":"01-6573-9410","cell":"0424-612-367","id":{"name":"TFN","value":"728168164"},"picture":{"large":"https://randomuser.me/api/portraits/women/75.jpg","medium":"https://randomuser.me/api/portraits/med/women/75.jpg","thumbnail":"https://randomuser.me/api/portraits/thumb/women/75.jpg"},"nat":"AU"}],"info":{"seed":"8b49d5d38f97b517","results":1,"page":1,"version":"1.4"}} 
 </msg>
<msg time="2024-08-02T02:34:11.006836" level="INFO">/opt/hostedtoolcache/Python/3.12.4/x64/lib/python3.12/site-packages/urllib3/connectionpool.py:1099: InsecureRequestWarning: Unverified HTTPS request is being made to host 'randomuser.me'. Adding certificate verification is strongly advised. See: https://urllib3.readthedocs.io/en/latest/advanced-usage.html#tls-warnings
  warnings.warn(</msg>
<msg time="2024-08-02T02:34:11.006940" level="INFO">${response} = &lt;Response [200]&gt;</msg>
<var>${response}</var>
<arg>consultarAPI</arg>
<arg>/api</arg>
<doc>Sends a GET request on a previously created HTTP Session.</doc>
<status status="PASS" start="2024-08-02T02:34:10.899576" elapsed="0.107406"/>
</kw>
<kw name="Set Variable" owner="BuiltIn">
<msg time="2024-08-02T02:34:11.008121" level="INFO">${json_data} = {'results': [{'gender': 'female', 'name': {'title': 'Mrs', 'first': 'Marcia', 'last': 'Jennings'}, 'location': {'street': {'number': 9300, 'name': 'Lakeview St'}, 'city': 'Melbourne', 'state': 'South ...</msg>
<var>${json_data}</var>
<arg>${response.json()}</arg>
<doc>Returns the given values which can then be assigned to a variables.</doc>
<status status="PASS" start="2024-08-02T02:34:11.007532" elapsed="0.000618"/>
</kw>
<kw name="Set Variable" owner="BuiltIn">
<msg time="2024-08-02T02:34:11.008881" level="INFO">${name_title} = Mrs</msg>
<var>${name_title}</var>
<arg>${json_data["results"][0]["name"]["title"]}</arg>
<doc>Returns the given values which can then be assigned to a variables.</doc>
<status status="PASS" start="2024-08-02T02:34:11.008479" elapsed="0.000429"/>
</kw>
<kw name="Create List" owner="BuiltIn">
<msg time="2024-08-02T02:34:11.009372" level="INFO">${allowed_titles} = ['Mr', 'Ms', 'Miss', 'Mrs', 'Madame', 'Monsieur']</msg>
<var>${allowed_titles}</var>
<arg>Mr</arg>
<arg>Ms</arg>
<arg>Miss</arg>
<arg>Mrs</arg>
<arg>Madame</arg>
<arg>Monsieur</arg>
<doc>Returns a list containing given items.</doc>
<status status="PASS" start="2024-08-02T02:34:11.009216" elapsed="0.000181"/>
</kw>
<kw name="List Should Contain Value" owner="Collections">
<arg>${allowed_titles}</arg>
<arg>${name_title}</arg>
<doc>Fails if the ``value`` is not found from ``list``.</doc>
<status status="PASS" start="2024-08-02T02:34:11.009701" elapsed="0.000187"/>
</kw>
<kw name="Set Variable" owner="BuiltIn">
<msg time="2024-08-02T02:34:11.010451" level="INFO">${name_country} = AU</msg>
<var>${name_country}</var>
<arg>${json_data["results"][0]["nat"]}</arg>
<doc>Returns the given values which can then be assigned to a variables.</doc>
<status status="PASS" start="2024-08-02T02:34:11.010078" elapsed="0.000399"/>
</kw>
<kw name="Create List" owner="BuiltIn">
<msg time="2024-08-02T02:34:11.011434" level="INFO">${list_country} = ['AD', 'AE', 'AF', 'AG', 'AI', 'AL', 'AM', 'AO', 'AQ', 'AR', 'AS', 'AT', 'AU', 'AW', 'AX', 'AZ', 'BA', 'BB', 'BD', 'BE', 'BF', 'BG', 'BH', 'BI', 'BJ', 'BL', 'BM', 'BN', 'BO', 'BQ', 'BR', 'BS', 'BT', '...</msg>
<var>${list_country}</var>
<arg>AD</arg>
<arg>AE</arg>
<arg>AF</arg>
<arg>AG</arg>
<arg>AI</arg>
<arg>AL</arg>
<arg>AM</arg>
<arg>AO</arg>
<arg>AQ</arg>
<arg>AR</arg>
<arg>AS</arg>
<arg>AT</arg>
<arg>AU</arg>
<arg>AW</arg>
<arg>AX</arg>
<arg>AZ</arg>
<arg>BA</arg>
<arg>BB</arg>
<arg>BD</arg>
<arg>BE</arg>
<arg>BF</arg>
<arg>BG</arg>
<arg>BH</arg>
<arg>BI</arg>
<arg>BJ</arg>
<arg>BL</arg>
<arg>BM</arg>
<arg>BN</arg>
<arg>BO</arg>
<arg>BQ</arg>
<arg>BR</arg>
<arg>BS</arg>
<arg>BT</arg>
<arg>BV</arg>
<arg>BW</arg>
<arg>BY</arg>
<arg>BZ</arg>
<arg>CA</arg>
<arg>CC</arg>
<arg>CD</arg>
<arg>CF</arg>
<arg>CG</arg>
<arg>CH</arg>
<arg>CI</arg>
<arg>CK</arg>
<arg>CL</arg>
<arg>CM</arg>
<arg>CN</arg>
<arg>CO</arg>
<arg>CR</arg>
<arg>CU</arg>
<arg>CV</arg>
<arg>CW</arg>
<arg>CX</arg>
<arg>CY</arg>
<arg>CZ</arg>
<arg>DE</arg>
<arg>DJ</arg>
<arg>DK</arg>
<arg>DM</arg>
<arg>DO</arg>
<arg>DZ</arg>
<arg>EC</arg>
<arg>EE</arg>
<arg>EG</arg>
<arg>EH</arg>
<arg>ER</arg>
<arg>ES</arg>
<arg>ET</arg>
<arg>FI</arg>
<arg>FJ</arg>
<arg>FK</arg>
<arg>FM</arg>
<arg>FO</arg>
<arg>FR</arg>
<arg>GA</arg>
<arg>GB</arg>
<arg>GD</arg>
<arg>GE</arg>
<arg>GF</arg>
<arg>GG</arg>
<arg>GH</arg>
<arg>GI</arg>
<arg>GL</arg>
<arg>GM</arg>
<arg>GN</arg>
<arg>GP</arg>
<arg>GQ</arg>
<arg>GR</arg>
<arg>GS</arg>
<arg>GT</arg>
<arg>GU</arg>
<arg>GW</arg>
<arg>GY</arg>
<arg>HK</arg>
<arg>HM</arg>
<arg>HN</arg>
<arg>HR</arg>
<arg>HT</arg>
<arg>HU</arg>
<arg>ID</arg>
<arg>IE</arg>
<arg>IL</arg>
<arg>IM</arg>
<arg>IN</arg>
<arg>IO</arg>
<arg>IQ</arg>
<arg>IR</arg>
<arg>IS</arg>
<arg>IT</arg>
<arg>JE</arg>
<arg>JM</arg>
<arg>JO</arg>
<arg>JP</arg>
<arg>KE</arg>
<arg>KG</arg>
<arg>KH</arg>
<arg>KI</arg>
<arg>KM</arg>
<arg>KN</arg>
<arg>KP</arg>
<arg>KR</arg>
<arg>KW</arg>
<arg>KY</arg>
<arg>KZ</arg>
<arg>LA</arg>
<arg>LB</arg>
<arg>LC</arg>
<arg>LI</arg>
<arg>LK</arg>
<arg>LR</arg>
<arg>LS</arg>
<arg>LT</arg>
<arg>LU</arg>
<arg>LV</arg>
<arg>LY</arg>
<arg>MA</arg>
<arg>MC</arg>
<arg>MD</arg>
<arg>ME</arg>
<arg>MF</arg>
<arg>MG</arg>
<arg>MH</arg>
<arg>MK</arg>
<arg>ML</arg>
<arg>MM</arg>
<arg>MN</arg>
<arg>MO</arg>
<arg>MP</arg>
<arg>MQ</arg>
<arg>MR</arg>
<arg>MS</arg>
<arg>MT</arg>
<arg>MU</arg>
<arg>MV</arg>
<arg>MW</arg>
<arg>MX</arg>
<arg>MY</arg>
<arg>MZ</arg>
<arg>NA</arg>
<arg>NC</arg>
<arg>NE</arg>
<arg>NF</arg>
<arg>NG</arg>
<arg>NI</arg>
<arg>NL</arg>
<arg>NO</arg>
<arg>NP</arg>
<arg>NR</arg>
<arg>NU</arg>
<arg>NZ</arg>
<arg>OM</arg>
<arg>PA</arg>
<arg>PE</arg>
<arg>PF</arg>
<arg>PG</arg>
<arg>PH</arg>
<arg>PK</arg>
<arg>PL</arg>
<arg>PM</arg>
<arg>PN</arg>
<arg>PR</arg>
<arg>PS</arg>
<arg>PT</arg>
<arg>PW</arg>
<arg>PY</arg>
<arg>QA</arg>
<arg>RE</arg>
<arg>RO</arg>
<arg>RS</arg>
<arg>RU</arg>
<arg>RW</arg>
<arg>SA</arg>
<arg>SB</arg>
<arg>SC</arg>
<arg>SD</arg>
<arg>SE</arg>
<arg>SG</arg>
<arg>SH</arg>
<arg>SI</arg>
<arg>SJ</arg>
<arg>SK</arg>
<arg>SL</arg>
<arg>SM</arg>
<arg>SN</arg>
<arg>SO</arg>
<arg>SR</arg>
<arg>SS</arg>
<arg>ST</arg>
<arg>SV</arg>
<arg>SX</arg>
<arg>SY</arg>
<arg>SZ</arg>
<arg>TC</arg>
<arg>TD</arg>
<arg>TF</arg>
<arg>TG</arg>
<arg>TH</arg>
<arg>TJ</arg>
<arg>TK</arg>
<arg>TL</arg>
<arg>TM</arg>
<arg>TN</arg>
<arg>TO</arg>
<arg>TR</arg>
<arg>TT</arg>
<arg>TV</arg>
<arg>TW</arg>
<arg>TZ</arg>
<arg>UA</arg>
<arg>UG</arg>
<arg>UM</arg>
<arg>US</arg>
<arg>UY</arg>
<arg>UZ</arg>
<arg>VA</arg>
<arg>VC</arg>
<arg>VE</arg>
<arg>VG</arg>
<arg>VI</arg>
<arg>VN</arg>
<arg>VU</arg>
<arg>WF</arg>
<arg>WS</arg>
<arg>XK</arg>
<arg>YE</arg>
<arg>YT</arg>
<arg>ZA</arg>
<arg>ZM</arg>
<arg>ZW</arg>
<doc>Returns a list containing given items.</doc>
<status status="PASS" start="2024-08-02T02:34:11.010826" elapsed="0.000634"/>
</kw>
<kw name="List Should Contain Value" owner="Collections">
<arg>${list_country}</arg>
<arg>${name_country}</arg>
<doc>Fails if the ``value`` is not found from ``list``.</doc>
<status status="PASS" start="2024-08-02T02:34:11.012428" elapsed="0.000213"/>
</kw>
<kw name="Run Keyword If" owner="BuiltIn">
<kw name="Should Be True" owner="BuiltIn">
<arg>${True}</arg>
<doc>Fails if the given condition is not true.</doc>
<status status="PASS" start="2024-08-02T02:34:11.013631" elapsed="0.000153"/>
</kw>
<arg>${json_data["results"][0]["location"]["coordinates"]["latitude"]} &gt;= -90 and ${json_data["results"][0]["location"]["coordinates"]["latitude"]} &lt;= 90</arg>
<arg>Should Be True</arg>
<arg>${True}</arg>
<doc>Runs the given keyword with the given arguments, if ``condition`` is true.</doc>
<status status="PASS" start="2024-08-02T02:34:11.012845" elapsed="0.001075"/>
</kw>
<kw name="Run Keyword If" owner="BuiltIn">
<kw name="Should Be True" owner="BuiltIn">
<arg>${True}</arg>
<doc>Fails if the given condition is not true.</doc>
<status status="PASS" start="2024-08-02T02:34:11.014831" elapsed="0.000144"/>
</kw>
<arg>${json_data["results"][0]["location"]["coordinates"]["longitude"]} &gt;= -180 and ${json_data["results"][0]["location"]["coordinates"]["longitude"]} &lt;= 180</arg>
<arg>Should Be True</arg>
<arg>${True}</arg>
<doc>Runs the given keyword with the given arguments, if ``condition`` is true.</doc>
<status status="PASS" start="2024-08-02T02:34:11.014107" elapsed="0.000994"/>
</kw>
<status status="PASS" start="2024-08-02T02:34:10.899345" elapsed="0.115900"/>
</kw>
<doc>Testa o conteúdo específico dos campos retornados pela API.</doc>
<tag>testeConteudo</tag>
<status status="PASS" start="2024-08-02T02:34:10.898793" elapsed="0.116638"/>
</test>
<status status="PASS" start="2024-08-02T02:34:10.031462" elapsed="0.985897"/>
</suite>
<status status="PASS" start="2024-08-02T02:34:10.017128" elapsed="1.005374"/>
</suite>
<statistics>
<total>
<stat pass="5" fail="0" skip="0">All Tests</stat>
</total>
<tag>
<stat pass="1" fail="0" skip="0">testeConteudo</stat>
<stat pass="1" fail="0" skip="0">testeEstruturaResposta</stat>
<stat pass="1" fail="0" skip="0">testeRequisicaoBasica</stat>
<stat pass="1" fail="0" skip="0">testeTiposDados</stat>
</tag>
<suite>
<stat pass="5" fail="0" skip="0" id="s1" name="Tests">Tests</stat>
<stat pass="5" fail="0" skip="0" id="s1-s1" name="Random-User-Test">Tests.Random-User-Test</stat>
</suite>
</statistics>
<errors>
</errors>
</robot>
