<?xml version="1.0" encoding="UTF-8"?>
<robot generator="Robot 7.0 (Python 3.12.3 on linux)" generated="2024-05-16T16:17:32.254838" rpa="false" schemaversion="5">
<suite id="s1" name="Tests" source="/home/runner/work/DesafioQAItauRogerioJordao/DesafioQAItauRogerioJordao/RamdonUser/tests">
<suite id="s1-s1" name="Random-User-Test" source="/home/runner/work/DesafioQAItauRogerioJordao/DesafioQAItauRogerioJordao/RamdonUser/tests/random-user-test.robot">
<test id="s1-s1-t1" name="Conectar" line="13">
<kw name="Conectar API" owner="random-user-service">
<kw name="Create Session" owner="RequestsLibrary">
<msg time="2024-05-16T16:17:32.606564" level="INFO">Creating Session using : alias=consultarAPI, url=https://randomuser.me/, headers={},                     cookies={}, auth=None, timeout=None, proxies=None, verify=False,                     debug=0 </msg>
<arg>consultarAPI</arg>
<arg>${URL}</arg>
<doc>Create Session: create a HTTP session to a server</doc>
<status status="PASS" start="2024-05-16T16:17:32.606376" elapsed="0.000395"/>
</kw>
<status status="PASS" start="2024-05-16T16:17:32.605473" elapsed="0.001644"/>
</kw>
<status status="PASS" start="2024-05-16T16:17:32.604887" elapsed="0.002420"/>
</test>
<test id="s1-s1-t2" name="Validar retorno 200 e JSON Válido" line="16">
<kw name="Teste de Requisicao Basica" owner="random-user-service">
<kw name="GET On Session" owner="RequestsLibrary">
<msg time="2024-05-16T16:17:33.020279" level="INFO">GET Request : url=https://randomuser.me/api 
 path_url=/api 
 headers={'User-Agent': 'python-requests/2.31.0', 'Accept-Encoding': 'gzip, deflate', 'Accept': '*/*', 'Connection': 'keep-alive'} 
 body=None 
 </msg>
<msg time="2024-05-16T16:17:33.020397" level="INFO">GET Response : url=https://randomuser.me/api 
 status=200, reason=OK 
 headers={'Date': 'Thu, 16 May 2024 16:17:33 GMT', 'Content-Type': 'application/json; charset=utf-8', 'Transfer-Encoding': 'chunked', 'Connection': 'keep-alive', 'X-Powered-By': 'Express', 'Access-Control-Allow-Origin': '*', 'Cache-Control': 'no-cache', 'ETag': 'W/"497-/8rZeOgSlqTMLP2cp/UzHqQgLTk"', 'Vary': 'Accept-Encoding', 'Content-Encoding': 'gzip', 'CF-Cache-Status': 'DYNAMIC', 'Report-To': '{"endpoints":[{"url":"https:\\/\\/a.nel.cloudflare.com\\/report\\/v4?s=%2BQ%2B1WTT7SUWek9qEOYe8GNc%2F5iw%2BP6E7AsHJJTIFWe29PdQUPClitX%2Bl8bRIpOvYy6L6oFNHVG2b4Ie1jzEvEzgYAoXGdzd1SdtFiGy%2Bxu9SZklzKiuikFnJjEyP4Mtc"}],"group":"cf-nel","max_age":604800}', 'NEL': '{"success_fraction":0,"report_to":"cf-nel","max_age":604800}', 'Server': 'cloudflare', 'CF-RAY': '884cadb32a336a2f-LAX', 'alt-svc': 'h3=":443"; ma=86400'} 
 body={"results":[{"gender":"female","name":{"title":"Miss","first":"Lena","last":"Cook"},"location":{"street":{"number":1792,"name":"Eason Rd"},"city":"Augusta","state":"Georgia","country":"United States","postcode":15010,"coordinates":{"latitude":"86.9060","longitude":"76.9595"},"timezone":{"offset":"+5:00","description":"Ekaterinburg, Islamabad, Karachi, Tashkent"}},"email":"lena.cook@example.com","login":{"uuid":"923a2303-0aa6-4b2f-b404-8f73d8087aa5","username":"crazyleopard947","password":"1982","salt":"PNASj0Eq","md5":"0dc46c9b1909ea594e198654423eb784","sha1":"e63a96da6ecb0fa01111f97ba19cb8500008d212","sha256":"6a4d75ddc56d4861820094439df1db8103a808b3e6e9ec6a29d95ca3747142b1"},"dob":{"date":"1969-08-02T17:03:41.271Z","age":54},"registered":{"date":"2006-06-23T23:28:18.881Z","age":17},"phone":"(605) 566-3041","cell":"(230) 789-4837","id":{"name":"SSN","value":"647-58-6278"},"picture":{"large":"https://randomuser.me/api/portraits/women/81.jpg","medium":"https://randomuser.me/api/portraits/med/women/81.jpg","thumbnail":"https://randomuser.me/api/portraits/thumb/women/81.jpg"},"nat":"US"}],"info":{"seed":"43771ba733795858","results":1,"page":1,"version":"1.4"}} 
 </msg>
<msg time="2024-05-16T16:17:33.020468" level="INFO">/opt/hostedtoolcache/Python/3.12.3/x64/lib/python3.12/site-packages/urllib3/connectionpool.py:1103: InsecureRequestWarning: Unverified HTTPS request is being made to host 'randomuser.me'. Adding certificate verification is strongly advised. See: https://urllib3.readthedocs.io/en/latest/advanced-usage.html#tls-warnings
  warnings.warn(</msg>
<msg time="2024-05-16T16:17:33.020585" level="INFO">${response} = &lt;Response [200]&gt;</msg>
<var>${response}</var>
<arg>consultarAPI</arg>
<arg>/api</arg>
<doc>Sends a GET request on a previously created HTTP Session.</doc>
<status status="PASS" start="2024-05-16T16:17:32.609932" elapsed="0.410787"/>
</kw>
<kw name="Should Be Equal As Numbers" owner="BuiltIn">
<msg time="2024-05-16T16:17:33.021595" level="INFO">Argument types are:
&lt;class 'int'&gt;
&lt;class 'str'&gt;</msg>
<arg>${response.status_code}</arg>
<arg>200</arg>
<doc>Fails if objects are unequal after converting them to real numbers.</doc>
<status status="PASS" start="2024-05-16T16:17:33.021171" elapsed="0.000489"/>
</kw>
<kw name="Log" owner="BuiltIn">
<msg time="2024-05-16T16:17:33.022328" level="INFO">200</msg>
<arg>${response.status_code}</arg>
<doc>Logs the given message with the given level.</doc>
<status status="PASS" start="2024-05-16T16:17:33.021983" elapsed="0.000387"/>
</kw>
<kw name="Set Variable" owner="BuiltIn">
<msg time="2024-05-16T16:17:33.023138" level="INFO">${json_data} = {'results': [{'gender': 'female', 'name': {'title': 'Miss', 'first': 'Lena', 'last': 'Cook'}, 'location': {'street': {'number': 1792, 'name': 'Eason Rd'}, 'city': 'Augusta', 'state': 'Georgia', 'count...</msg>
<var>${json_data}</var>
<arg>${response.json()}</arg>
<doc>Returns the given values which can then be assigned to a variables.</doc>
<status status="PASS" start="2024-05-16T16:17:33.022698" elapsed="0.000471"/>
</kw>
<kw name="Dictionary Should Contain Key" owner="Collections">
<msg time="2024-05-16T16:17:33.023636" level="INFO">False</msg>
<arg>${json_data}</arg>
<arg>results</arg>
<doc>Fails if ``key`` is not found from ``dictionary``.</doc>
<status status="PASS" start="2024-05-16T16:17:33.023467" elapsed="0.000209"/>
</kw>
<status status="PASS" start="2024-05-16T16:17:32.609694" elapsed="0.414234"/>
</kw>
<doc>Testa se a API responde corretamente e retorna um objeto JSON válido.</doc>
<tag>testeRequisicaoBasica</tag>
<status status="PASS" start="2024-05-16T16:17:32.609150" elapsed="0.414956"/>
</test>
<test id="s1-s1-t3" name="Validar estrutura de resposta" line="22">
<kw name="Teste de Estrutura de Resposta" owner="random-user-service">
<kw name="GET On Session" owner="RequestsLibrary">
<msg time="2024-05-16T16:17:33.150560" level="INFO">GET Request : url=https://randomuser.me/api 
 path_url=/api 
 headers={'User-Agent': 'python-requests/2.31.0', 'Accept-Encoding': 'gzip, deflate', 'Accept': '*/*', 'Connection': 'keep-alive'} 
 body=None 
 </msg>
<msg time="2024-05-16T16:17:33.150683" level="INFO">GET Response : url=https://randomuser.me/api 
 status=200, reason=OK 
 headers={'Date': 'Thu, 16 May 2024 16:17:33 GMT', 'Content-Type': 'application/json; charset=utf-8', 'Transfer-Encoding': 'chunked', 'Connection': 'keep-alive', 'X-Powered-By': 'Express', 'Access-Control-Allow-Origin': '*', 'Cache-Control': 'no-cache', 'ETag': 'W/"49f-V/eDKamMIdJQ/+9dowBFKV0P1rQ"', 'Vary': 'Accept-Encoding', 'Content-Encoding': 'gzip', 'CF-Cache-Status': 'DYNAMIC', 'Report-To': '{"endpoints":[{"url":"https:\\/\\/a.nel.cloudflare.com\\/report\\/v4?s=qtFJBgVKR3Dkn5V4nUW0P65dhBIejb3sZy8IF5TVvrQjGzLK7%2B50f5fcvJ9QIa7XbotrTYPvKROILUkG5mYR7qSpoT%2F4upADExF%2FE9C%2Fl%2Fd7%2Brz1fLJmmg5RHax3pnX9"}],"group":"cf-nel","max_age":604800}', 'NEL': '{"success_fraction":0,"report_to":"cf-nel","max_age":604800}', 'Server': 'cloudflare', 'CF-RAY': '884cadb57d166a2f-LAX', 'alt-svc': 'h3=":443"; ma=86400'} 
 body={"results":[{"gender":"male","name":{"title":"Mr","first":"Peter","last":"Barnes"},"location":{"street":{"number":4015,"name":"South Street"},"city":"Derby","state":"North Yorkshire","country":"United Kingdom","postcode":"I8C 8LY","coordinates":{"latitude":"-12.3971","longitude":"-177.4300"},"timezone":{"offset":"+9:00","description":"Tokyo, Seoul, Osaka, Sapporo, Yakutsk"}},"email":"peter.barnes@example.com","login":{"uuid":"c0d6b4a7-f456-4a36-91ba-6c7b12340062","username":"sadmouse461","password":"aberdeen","salt":"8qwyNozu","md5":"3928a688d2a100c44e8f9ae6122374fc","sha1":"35f06882caf23c29a5acaa0a253b2f9b0d407bad","sha256":"84710c3a92bdc88087554d725f8eff9260dc798f8b47a7d6924d888d376fb39d"},"dob":{"date":"1990-09-04T21:06:12.745Z","age":33},"registered":{"date":"2011-12-29T02:20:33.740Z","age":12},"phone":"01919 667959","cell":"07322 798485","id":{"name":"NINO","value":"LM 85 55 82 O"},"picture":{"large":"https://randomuser.me/api/portraits/men/70.jpg","medium":"https://randomuser.me/api/portraits/med/men/70.jpg","thumbnail":"https://randomuser.me/api/portraits/thumb/men/70.jpg"},"nat":"GB"}],"info":{"seed":"373d624e7271380f","results":1,"page":1,"version":"1.4"}} 
 </msg>
<msg time="2024-05-16T16:17:33.150786" level="INFO">/opt/hostedtoolcache/Python/3.12.3/x64/lib/python3.12/site-packages/urllib3/connectionpool.py:1103: InsecureRequestWarning: Unverified HTTPS request is being made to host 'randomuser.me'. Adding certificate verification is strongly advised. See: https://urllib3.readthedocs.io/en/latest/advanced-usage.html#tls-warnings
  warnings.warn(</msg>
<msg time="2024-05-16T16:17:33.150883" level="INFO">${response} = &lt;Response [200]&gt;</msg>
<var>${response}</var>
<arg>consultarAPI</arg>
<arg>/api</arg>
<doc>Sends a GET request on a previously created HTTP Session.</doc>
<status status="PASS" start="2024-05-16T16:17:33.026755" elapsed="0.124154"/>
</kw>
<kw name="Set Variable" owner="BuiltIn">
<msg time="2024-05-16T16:17:33.151785" level="INFO">${json_data} = {'results': [{'gender': 'male', 'name': {'title': 'Mr', 'first': 'Peter', 'last': 'Barnes'}, 'location': {'street': {'number': 4015, 'name': 'South Street'}, 'city': 'Derby', 'state': 'North Yorkshire...</msg>
<var>${json_data}</var>
<arg>${response.json()}</arg>
<doc>Returns the given values which can then be assigned to a variables.</doc>
<status status="PASS" start="2024-05-16T16:17:33.151326" elapsed="0.000487"/>
</kw>
<kw name="Log" owner="BuiltIn">
<msg time="2024-05-16T16:17:33.152269" level="INFO">{'results': [{'gender': 'male', 'name': {'title': 'Mr', 'first': 'Peter', 'last': 'Barnes'}, 'location': {'street': {'number': 4015, 'name': 'South Street'}, 'city': 'Derby', 'state': 'North Yorkshire', 'country': 'United Kingdom', 'postcode': 'I8C 8LY', 'coordinates': {'latitude': '-12.3971', 'longitude': '-177.4300'}, 'timezone': {'offset': '+9:00', 'description': 'Tokyo, Seoul, Osaka, Sapporo, Yakutsk'}}, 'email': 'peter.barnes@example.com', 'login': {'uuid': 'c0d6b4a7-f456-4a36-91ba-6c7b12340062', 'username': 'sadmouse461', 'password': 'aberdeen', 'salt': '8qwyNozu', 'md5': '3928a688d2a100c44e8f9ae6122374fc', 'sha1': '35f06882caf23c29a5acaa0a253b2f9b0d407bad', 'sha256': '84710c3a92bdc88087554d725f8eff9260dc798f8b47a7d6924d888d376fb39d'}, 'dob': {'date': '1990-09-04T21:06:12.745Z', 'age': 33}, 'registered': {'date': '2011-12-29T02:20:33.740Z', 'age': 12}, 'phone': '01919 667959', 'cell': '07322 798485', 'id': {'name': 'NINO', 'value': 'LM 85 55 82 O'}, 'picture': {'large': 'https://randomuser.me/api/portraits/men/70.jpg', 'medium': 'https://randomuser.me/api/portraits/med/men/70.jpg', 'thumbnail': 'https://randomuser.me/api/portraits/thumb/men/70.jpg'}, 'nat': 'GB'}], 'info': {'seed': '373d624e7271380f', 'results': 1, 'page': 1, 'version': '1.4'}}</msg>
<arg>${json_data}</arg>
<doc>Logs the given message with the given level.</doc>
<status status="PASS" start="2024-05-16T16:17:33.152116" elapsed="0.000202"/>
</kw>
<kw name="Dictionary Should Contain Key" owner="Collections">
<msg time="2024-05-16T16:17:33.152771" level="INFO">False</msg>
<arg>${json_data}</arg>
<arg>results</arg>
<doc>Fails if ``key`` is not found from ``dictionary``.</doc>
<status status="PASS" start="2024-05-16T16:17:33.152608" elapsed="0.000200"/>
</kw>
<kw name="Should Not Be Empty" owner="BuiltIn">
<msg time="2024-05-16T16:17:33.153233" level="INFO">Length is 2.</msg>
<arg>${json_data}</arg>
<doc>Verifies that the given item is not empty.</doc>
<status status="PASS" start="2024-05-16T16:17:33.153099" elapsed="0.000303"/>
</kw>
<kw name="Create List" owner="BuiltIn">
<msg time="2024-05-16T16:17:33.153846" level="INFO">${expected_keys} = ['gender', 'name', 'location', 'email', 'login']</msg>
<var>${expected_keys}</var>
<arg>gender</arg>
<arg>name</arg>
<arg>location</arg>
<arg>email</arg>
<arg>login</arg>
<doc>Returns a list containing given items.</doc>
<status status="PASS" start="2024-05-16T16:17:33.153694" elapsed="0.000177"/>
</kw>
<for flavor="IN">
<iter>
<kw name="Dictionary Should Contain Key" owner="Collections">
<msg time="2024-05-16T16:17:33.154870" level="INFO">False</msg>
<arg>${json_data['results'][0]}</arg>
<arg>${key}</arg>
<doc>Fails if ``key`` is not found from ``dictionary``.</doc>
<status status="PASS" start="2024-05-16T16:17:33.154441" elapsed="0.000481"/>
</kw>
<kw name="Log" owner="BuiltIn">
<msg time="2024-05-16T16:17:33.155593" level="INFO">{'gender': 'male', 'name': {'title': 'Mr', 'first': 'Peter', 'last': 'Barnes'}, 'location': {'street': {'number': 4015, 'name': 'South Street'}, 'city': 'Derby', 'state': 'North Yorkshire', 'country': 'United Kingdom', 'postcode': 'I8C 8LY', 'coordinates': {'latitude': '-12.3971', 'longitude': '-177.4300'}, 'timezone': {'offset': '+9:00', 'description': 'Tokyo, Seoul, Osaka, Sapporo, Yakutsk'}}, 'email': 'peter.barnes@example.com', 'login': {'uuid': 'c0d6b4a7-f456-4a36-91ba-6c7b12340062', 'username': 'sadmouse461', 'password': 'aberdeen', 'salt': '8qwyNozu', 'md5': '3928a688d2a100c44e8f9ae6122374fc', 'sha1': '35f06882caf23c29a5acaa0a253b2f9b0d407bad', 'sha256': '84710c3a92bdc88087554d725f8eff9260dc798f8b47a7d6924d888d376fb39d'}, 'dob': {'date': '1990-09-04T21:06:12.745Z', 'age': 33}, 'registered': {'date': '2011-12-29T02:20:33.740Z', 'age': 12}, 'phone': '01919 667959', 'cell': '07322 798485', 'id': {'name': 'NINO', 'value': 'LM 85 55 82 O'}, 'picture': {'large': 'https://randomuser.me/api/portraits/men/70.jpg', 'medium': 'https://randomuser.me/api/portraits/med/men/70.jpg', 'thumbnail': 'https://randomuser.me/api/portraits/thumb/men/70.jpg'}, 'nat': 'GB'}</msg>
<arg>${json_data['results'][0]}</arg>
<doc>Logs the given message with the given level.</doc>
<status status="PASS" start="2024-05-16T16:17:33.155225" elapsed="0.000418"/>
</kw>
<kw name="Log" owner="BuiltIn">
<msg time="2024-05-16T16:17:33.156069" level="INFO">gender</msg>
<arg>${key}</arg>
<doc>Logs the given message with the given level.</doc>
<status status="PASS" start="2024-05-16T16:17:33.155942" elapsed="0.000164"/>
</kw>
<var name="${key}">gender</var>
<status status="PASS" start="2024-05-16T16:17:33.154315" elapsed="0.002005"/>
</iter>
<iter>
<kw name="Dictionary Should Contain Key" owner="Collections">
<msg time="2024-05-16T16:17:33.156992" level="INFO">False</msg>
<arg>${json_data['results'][0]}</arg>
<arg>${key}</arg>
<doc>Fails if ``key`` is not found from ``dictionary``.</doc>
<status status="PASS" start="2024-05-16T16:17:33.156619" elapsed="0.000410"/>
</kw>
<kw name="Log" owner="BuiltIn">
<msg time="2024-05-16T16:17:33.157709" level="INFO">{'gender': 'male', 'name': {'title': 'Mr', 'first': 'Peter', 'last': 'Barnes'}, 'location': {'street': {'number': 4015, 'name': 'South Street'}, 'city': 'Derby', 'state': 'North Yorkshire', 'country': 'United Kingdom', 'postcode': 'I8C 8LY', 'coordinates': {'latitude': '-12.3971', 'longitude': '-177.4300'}, 'timezone': {'offset': '+9:00', 'description': 'Tokyo, Seoul, Osaka, Sapporo, Yakutsk'}}, 'email': 'peter.barnes@example.com', 'login': {'uuid': 'c0d6b4a7-f456-4a36-91ba-6c7b12340062', 'username': 'sadmouse461', 'password': 'aberdeen', 'salt': '8qwyNozu', 'md5': '3928a688d2a100c44e8f9ae6122374fc', 'sha1': '35f06882caf23c29a5acaa0a253b2f9b0d407bad', 'sha256': '84710c3a92bdc88087554d725f8eff9260dc798f8b47a7d6924d888d376fb39d'}, 'dob': {'date': '1990-09-04T21:06:12.745Z', 'age': 33}, 'registered': {'date': '2011-12-29T02:20:33.740Z', 'age': 12}, 'phone': '01919 667959', 'cell': '07322 798485', 'id': {'name': 'NINO', 'value': 'LM 85 55 82 O'}, 'picture': {'large': 'https://randomuser.me/api/portraits/men/70.jpg', 'medium': 'https://randomuser.me/api/portraits/med/men/70.jpg', 'thumbnail': 'https://randomuser.me/api/portraits/thumb/men/70.jpg'}, 'nat': 'GB'}</msg>
<arg>${json_data['results'][0]}</arg>
<doc>Logs the given message with the given level.</doc>
<status status="PASS" start="2024-05-16T16:17:33.157351" elapsed="0.000407"/>
</kw>
<kw name="Log" owner="BuiltIn">
<msg time="2024-05-16T16:17:33.158179" level="INFO">name</msg>
<arg>${key}</arg>
<doc>Logs the given message with the given level.</doc>
<status status="PASS" start="2024-05-16T16:17:33.158051" elapsed="0.000165"/>
</kw>
<var name="${key}">name</var>
<status status="PASS" start="2024-05-16T16:17:33.156504" elapsed="0.001925"/>
</iter>
<iter>
<kw name="Dictionary Should Contain Key" owner="Collections">
<msg time="2024-05-16T16:17:33.159127" level="INFO">False</msg>
<arg>${json_data['results'][0]}</arg>
<arg>${key}</arg>
<doc>Fails if ``key`` is not found from ``dictionary``.</doc>
<status status="PASS" start="2024-05-16T16:17:33.158741" elapsed="0.000422"/>
</kw>
<kw name="Log" owner="BuiltIn">
<msg time="2024-05-16T16:17:33.159812" level="INFO">{'gender': 'male', 'name': {'title': 'Mr', 'first': 'Peter', 'last': 'Barnes'}, 'location': {'street': {'number': 4015, 'name': 'South Street'}, 'city': 'Derby', 'state': 'North Yorkshire', 'country': 'United Kingdom', 'postcode': 'I8C 8LY', 'coordinates': {'latitude': '-12.3971', 'longitude': '-177.4300'}, 'timezone': {'offset': '+9:00', 'description': 'Tokyo, Seoul, Osaka, Sapporo, Yakutsk'}}, 'email': 'peter.barnes@example.com', 'login': {'uuid': 'c0d6b4a7-f456-4a36-91ba-6c7b12340062', 'username': 'sadmouse461', 'password': 'aberdeen', 'salt': '8qwyNozu', 'md5': '3928a688d2a100c44e8f9ae6122374fc', 'sha1': '35f06882caf23c29a5acaa0a253b2f9b0d407bad', 'sha256': '84710c3a92bdc88087554d725f8eff9260dc798f8b47a7d6924d888d376fb39d'}, 'dob': {'date': '1990-09-04T21:06:12.745Z', 'age': 33}, 'registered': {'date': '2011-12-29T02:20:33.740Z', 'age': 12}, 'phone': '01919 667959', 'cell': '07322 798485', 'id': {'name': 'NINO', 'value': 'LM 85 55 82 O'}, 'picture': {'large': 'https://randomuser.me/api/portraits/men/70.jpg', 'medium': 'https://randomuser.me/api/portraits/med/men/70.jpg', 'thumbnail': 'https://randomuser.me/api/portraits/thumb/men/70.jpg'}, 'nat': 'GB'}</msg>
<arg>${json_data['results'][0]}</arg>
<doc>Logs the given message with the given level.</doc>
<status status="PASS" start="2024-05-16T16:17:33.159459" elapsed="0.000400"/>
</kw>
<kw name="Log" owner="BuiltIn">
<msg time="2024-05-16T16:17:33.160278" level="INFO">location</msg>
<arg>${key}</arg>
<doc>Logs the given message with the given level.</doc>
<status status="PASS" start="2024-05-16T16:17:33.160151" elapsed="0.000164"/>
</kw>
<var name="${key}">location</var>
<status status="PASS" start="2024-05-16T16:17:33.158605" elapsed="0.001922"/>
</iter>
<iter>
<kw name="Dictionary Should Contain Key" owner="Collections">
<msg time="2024-05-16T16:17:33.161185" level="INFO">False</msg>
<arg>${json_data['results'][0]}</arg>
<arg>${key}</arg>
<doc>Fails if ``key`` is not found from ``dictionary``.</doc>
<status status="PASS" start="2024-05-16T16:17:33.160810" elapsed="0.000412"/>
</kw>
<kw name="Log" owner="BuiltIn">
<msg time="2024-05-16T16:17:33.161881" level="INFO">{'gender': 'male', 'name': {'title': 'Mr', 'first': 'Peter', 'last': 'Barnes'}, 'location': {'street': {'number': 4015, 'name': 'South Street'}, 'city': 'Derby', 'state': 'North Yorkshire', 'country': 'United Kingdom', 'postcode': 'I8C 8LY', 'coordinates': {'latitude': '-12.3971', 'longitude': '-177.4300'}, 'timezone': {'offset': '+9:00', 'description': 'Tokyo, Seoul, Osaka, Sapporo, Yakutsk'}}, 'email': 'peter.barnes@example.com', 'login': {'uuid': 'c0d6b4a7-f456-4a36-91ba-6c7b12340062', 'username': 'sadmouse461', 'password': 'aberdeen', 'salt': '8qwyNozu', 'md5': '3928a688d2a100c44e8f9ae6122374fc', 'sha1': '35f06882caf23c29a5acaa0a253b2f9b0d407bad', 'sha256': '84710c3a92bdc88087554d725f8eff9260dc798f8b47a7d6924d888d376fb39d'}, 'dob': {'date': '1990-09-04T21:06:12.745Z', 'age': 33}, 'registered': {'date': '2011-12-29T02:20:33.740Z', 'age': 12}, 'phone': '01919 667959', 'cell': '07322 798485', 'id': {'name': 'NINO', 'value': 'LM 85 55 82 O'}, 'picture': {'large': 'https://randomuser.me/api/portraits/men/70.jpg', 'medium': 'https://randomuser.me/api/portraits/med/men/70.jpg', 'thumbnail': 'https://randomuser.me/api/portraits/thumb/men/70.jpg'}, 'nat': 'GB'}</msg>
<arg>${json_data['results'][0]}</arg>
<doc>Logs the given message with the given level.</doc>
<status status="PASS" start="2024-05-16T16:17:33.161517" elapsed="0.000412"/>
</kw>
<kw name="Log" owner="BuiltIn">
<msg time="2024-05-16T16:17:33.162345" level="INFO">email</msg>
<arg>${key}</arg>
<doc>Logs the given message with the given level.</doc>
<status status="PASS" start="2024-05-16T16:17:33.162220" elapsed="0.000161"/>
</kw>
<var name="${key}">email</var>
<status status="PASS" start="2024-05-16T16:17:33.160700" elapsed="0.001890"/>
</iter>
<iter>
<kw name="Dictionary Should Contain Key" owner="Collections">
<msg time="2024-05-16T16:17:33.163291" level="INFO">False</msg>
<arg>${json_data['results'][0]}</arg>
<arg>${key}</arg>
<doc>Fails if ``key`` is not found from ``dictionary``.</doc>
<status status="PASS" start="2024-05-16T16:17:33.162903" elapsed="0.000424"/>
</kw>
<kw name="Log" owner="BuiltIn">
<msg time="2024-05-16T16:17:33.163979" level="INFO">{'gender': 'male', 'name': {'title': 'Mr', 'first': 'Peter', 'last': 'Barnes'}, 'location': {'street': {'number': 4015, 'name': 'South Street'}, 'city': 'Derby', 'state': 'North Yorkshire', 'country': 'United Kingdom', 'postcode': 'I8C 8LY', 'coordinates': {'latitude': '-12.3971', 'longitude': '-177.4300'}, 'timezone': {'offset': '+9:00', 'description': 'Tokyo, Seoul, Osaka, Sapporo, Yakutsk'}}, 'email': 'peter.barnes@example.com', 'login': {'uuid': 'c0d6b4a7-f456-4a36-91ba-6c7b12340062', 'username': 'sadmouse461', 'password': 'aberdeen', 'salt': '8qwyNozu', 'md5': '3928a688d2a100c44e8f9ae6122374fc', 'sha1': '35f06882caf23c29a5acaa0a253b2f9b0d407bad', 'sha256': '84710c3a92bdc88087554d725f8eff9260dc798f8b47a7d6924d888d376fb39d'}, 'dob': {'date': '1990-09-04T21:06:12.745Z', 'age': 33}, 'registered': {'date': '2011-12-29T02:20:33.740Z', 'age': 12}, 'phone': '01919 667959', 'cell': '07322 798485', 'id': {'name': 'NINO', 'value': 'LM 85 55 82 O'}, 'picture': {'large': 'https://randomuser.me/api/portraits/men/70.jpg', 'medium': 'https://randomuser.me/api/portraits/med/men/70.jpg', 'thumbnail': 'https://randomuser.me/api/portraits/thumb/men/70.jpg'}, 'nat': 'GB'}</msg>
<arg>${json_data['results'][0]}</arg>
<doc>Logs the given message with the given level.</doc>
<status status="PASS" start="2024-05-16T16:17:33.163628" elapsed="0.000399"/>
</kw>
<kw name="Log" owner="BuiltIn">
<msg time="2024-05-16T16:17:33.164451" level="INFO">login</msg>
<arg>${key}</arg>
<doc>Logs the given message with the given level.</doc>
<status status="PASS" start="2024-05-16T16:17:33.164325" elapsed="0.000163"/>
</kw>
<var name="${key}">login</var>
<status status="PASS" start="2024-05-16T16:17:33.162790" elapsed="0.001948"/>
</iter>
<var>${key}</var>
<value>@{expected_keys}</value>
<status status="PASS" start="2024-05-16T16:17:33.154130" elapsed="0.010733"/>
</for>
<kw name="Create List" owner="BuiltIn">
<msg time="2024-05-16T16:17:33.165190" level="INFO">${expected_keysTwo} = ['username', 'password']</msg>
<var>${expected_keysTwo}</var>
<arg>username</arg>
<arg>password</arg>
<doc>Returns a list containing given items.</doc>
<status status="PASS" start="2024-05-16T16:17:33.165054" elapsed="0.000160"/>
</kw>
<for flavor="IN">
<iter>
<kw name="Dictionary Should Contain Key" owner="Collections">
<msg time="2024-05-16T16:17:33.166091" level="INFO">False</msg>
<arg>${json_data['results'][0]['login']}</arg>
<arg>${keyTwo}</arg>
<doc>Fails if ``key`` is not found from ``dictionary``.</doc>
<status status="PASS" start="2024-05-16T16:17:33.165705" elapsed="0.000423"/>
</kw>
<kw name="Dictionary Should Contain Key" owner="Collections">
<msg time="2024-05-16T16:17:33.166825" level="INFO">False</msg>
<arg>${json_data['results'][0]['login']}</arg>
<arg>${keyTwo}</arg>
<doc>Fails if ``key`` is not found from ``dictionary``.</doc>
<status status="PASS" start="2024-05-16T16:17:33.166423" elapsed="0.000440"/>
</kw>
<kw name="Log" owner="BuiltIn">
<msg time="2024-05-16T16:17:33.167282" level="INFO">username</msg>
<arg>${keyTwo}</arg>
<doc>Logs the given message with the given level.</doc>
<status status="PASS" start="2024-05-16T16:17:33.167155" elapsed="0.000168"/>
</kw>
<var name="${keyTwo}">username</var>
<status status="PASS" start="2024-05-16T16:17:33.165596" elapsed="0.001939"/>
</iter>
<iter>
<kw name="Dictionary Should Contain Key" owner="Collections">
<msg time="2024-05-16T16:17:33.168277" level="INFO">False</msg>
<arg>${json_data['results'][0]['login']}</arg>
<arg>${keyTwo}</arg>
<doc>Fails if ``key`` is not found from ``dictionary``.</doc>
<status status="PASS" start="2024-05-16T16:17:33.167817" elapsed="0.000500"/>
</kw>
<kw name="Dictionary Should Contain Key" owner="Collections">
<msg time="2024-05-16T16:17:33.169027" level="INFO">False</msg>
<arg>${json_data['results'][0]['login']}</arg>
<arg>${keyTwo}</arg>
<doc>Fails if ``key`` is not found from ``dictionary``.</doc>
<status status="PASS" start="2024-05-16T16:17:33.168621" elapsed="0.000441"/>
</kw>
<kw name="Log" owner="BuiltIn">
<msg time="2024-05-16T16:17:33.169479" level="INFO">password</msg>
<arg>${keyTwo}</arg>
<doc>Logs the given message with the given level.</doc>
<status status="PASS" start="2024-05-16T16:17:33.169353" elapsed="0.000163"/>
</kw>
<var name="${keyTwo}">password</var>
<status status="PASS" start="2024-05-16T16:17:33.167707" elapsed="0.002023"/>
</iter>
<var>${keyTwo}</var>
<value>@{expected_keysTwo}</value>
<status status="PASS" start="2024-05-16T16:17:33.165448" elapsed="0.004402"/>
</for>
<status status="PASS" start="2024-05-16T16:17:33.026493" elapsed="0.143494"/>
</kw>
<doc>Testa a estrutura da resposta da API.</doc>
<tag>testeEstruturaResposta</tag>
<status status="PASS" start="2024-05-16T16:17:33.025912" elapsed="0.144222"/>
</test>
<test id="s1-s1-t4" name="Validar tipos de dados" line="28">
<kw name="Teste de Tipos de Dados" owner="random-user-service">
<kw name="GET On Session" owner="RequestsLibrary">
<msg time="2024-05-16T16:17:33.303400" level="INFO">GET Request : url=https://randomuser.me/api 
 path_url=/api 
 headers={'User-Agent': 'python-requests/2.31.0', 'Accept-Encoding': 'gzip, deflate', 'Accept': '*/*', 'Connection': 'keep-alive'} 
 body=None 
 </msg>
<msg time="2024-05-16T16:17:33.303477" level="INFO">GET Response : url=https://randomuser.me/api 
 status=200, reason=OK 
 headers={'Date': 'Thu, 16 May 2024 16:17:33 GMT', 'Content-Type': 'application/json; charset=utf-8', 'Transfer-Encoding': 'chunked', 'Connection': 'keep-alive', 'X-Powered-By': 'Express', 'Access-Control-Allow-Origin': '*', 'Cache-Control': 'no-cache', 'ETag': 'W/"4af-7/+vEhr2fdxX87o3I9qxEVW0IF8"', 'Vary': 'Accept-Encoding', 'Content-Encoding': 'gzip', 'CF-Cache-Status': 'DYNAMIC', 'Report-To': '{"endpoints":[{"url":"https:\\/\\/a.nel.cloudflare.com\\/report\\/v4?s=6zW6mcbdfKYZUyQ2uay3AOVNSZeA6Ncas88So%2FzgJOhwE3O0ApeF2EbYTb8SoMOd4pxIHTwP%2Fg1Y%2F3k9rruEW46LnbleWZGAFnsYJ%2BpCQP0Py4ExdOhU4s4TnAH8QxVM"}],"group":"cf-nel","max_age":604800}', 'NEL': '{"success_fraction":0,"report_to":"cf-nel","max_age":604800}', 'Server': 'cloudflare', 'CF-RAY': '884cadb65e426a2f-LAX', 'alt-svc': 'h3=":443"; ma=86400'} 
 body={"results":[{"gender":"female","name":{"title":"Miss","first":"Beata","last":"Schuhmann"},"location":{"street":{"number":8567,"name":"Rosenstraße"},"city":"Dillingen an der Donau","state":"Hamburg","country":"Germany","postcode":45342,"coordinates":{"latitude":"-53.3962","longitude":"2.5676"},"timezone":{"offset":"+3:00","description":"Baghdad, Riyadh, Moscow, St. Petersburg"}},"email":"beata.schuhmann@example.com","login":{"uuid":"1c38dc35-6424-4559-8f6d-5f3947558041","username":"smallfrog972","password":"graphics","salt":"tjrwtKq9","md5":"a2f37b5c750937f56e1f642f16d81696","sha1":"5492069343a52e2c69956f83b7ed36ea0c911a04","sha256":"a098d5fe955bdad881587c463ba96d8bbc2b35e8c0076fd677fb2c34f4b52f4c"},"dob":{"date":"1958-05-03T18:03:20.826Z","age":66},"registered":{"date":"2013-08-31T22:58:04.241Z","age":10},"phone":"0433-5021475","cell":"0171-1829256","id":{"name":"SVNR","value":"16 030558 S 932"},"picture":{"large":"https://randomuser.me/api/portraits/women/29.jpg","medium":"https://randomuser.me/api/portraits/med/women/29.jpg","thumbnail":"https://randomuser.me/api/portraits/thumb/women/29.jpg"},"nat":"DE"}],"info":{"seed":"7090e1abd5d7c5ea","results":1,"page":1,"version":"1.4"}} 
 </msg>
<msg time="2024-05-16T16:17:33.303549" level="INFO">/opt/hostedtoolcache/Python/3.12.3/x64/lib/python3.12/site-packages/urllib3/connectionpool.py:1103: InsecureRequestWarning: Unverified HTTPS request is being made to host 'randomuser.me'. Adding certificate verification is strongly advised. See: https://urllib3.readthedocs.io/en/latest/advanced-usage.html#tls-warnings
  warnings.warn(</msg>
<msg time="2024-05-16T16:17:33.303652" level="INFO">${response} = &lt;Response [200]&gt;</msg>
<var>${response}</var>
<arg>consultarAPI</arg>
<arg>/api</arg>
<doc>Sends a GET request on a previously created HTTP Session.</doc>
<status status="PASS" start="2024-05-16T16:17:33.172499" elapsed="0.131190"/>
</kw>
<kw name="Set Variable" owner="BuiltIn">
<msg time="2024-05-16T16:17:33.304575" level="INFO">${json_data} = {'results': [{'gender': 'female', 'name': {'title': 'Miss', 'first': 'Beata', 'last': 'Schuhmann'}, 'location': {'street': {'number': 8567, 'name': 'Rosenstraße'}, 'city': 'Dillingen an der Donau', 's...</msg>
<var>${json_data}</var>
<arg>${response.json()}</arg>
<doc>Returns the given values which can then be assigned to a variables.</doc>
<status status="PASS" start="2024-05-16T16:17:33.304120" elapsed="0.000487"/>
</kw>
<kw name="Log" owner="BuiltIn">
<msg time="2024-05-16T16:17:33.305061" level="INFO">{'results': [{'gender': 'female', 'name': {'title': 'Miss', 'first': 'Beata', 'last': 'Schuhmann'}, 'location': {'street': {'number': 8567, 'name': 'Rosenstraße'}, 'city': 'Dillingen an der Donau', 'state': 'Hamburg', 'country': 'Germany', 'postcode': 45342, 'coordinates': {'latitude': '-53.3962', 'longitude': '2.5676'}, 'timezone': {'offset': '+3:00', 'description': 'Baghdad, Riyadh, Moscow, St. Petersburg'}}, 'email': 'beata.schuhmann@example.com', 'login': {'uuid': '1c38dc35-6424-4559-8f6d-5f3947558041', 'username': 'smallfrog972', 'password': 'graphics', 'salt': 'tjrwtKq9', 'md5': 'a2f37b5c750937f56e1f642f16d81696', 'sha1': '5492069343a52e2c69956f83b7ed36ea0c911a04', 'sha256': 'a098d5fe955bdad881587c463ba96d8bbc2b35e8c0076fd677fb2c34f4b52f4c'}, 'dob': {'date': '1958-05-03T18:03:20.826Z', 'age': 66}, 'registered': {'date': '2013-08-31T22:58:04.241Z', 'age': 10}, 'phone': '0433-5021475', 'cell': '0171-1829256', 'id': {'name': 'SVNR', 'value': '16 030558 S 932'}, 'picture': {'large': 'https://randomuser.me/api/portraits/women/29.jpg', 'medium': 'https://randomuser.me/api/portraits/med/women/29.jpg', 'thumbnail': 'https://randomuser.me/api/portraits/thumb/women/29.jpg'}, 'nat': 'DE'}], 'info': {'seed': '7090e1abd5d7c5ea', 'results': 1, 'page': 1, 'version': '1.4'}}</msg>
<arg>${json_data}</arg>
<doc>Logs the given message with the given level.</doc>
<status status="PASS" start="2024-05-16T16:17:33.304910" elapsed="0.000231"/>
</kw>
<kw name="Should Be String" owner="String">
<arg>${json_data['results'][0]['gender']}</arg>
<doc>Fails if the given ``item`` is not a string.</doc>
<status status="PASS" start="2024-05-16T16:17:33.305438" elapsed="0.000356"/>
</kw>
<kw name="Should Match Regexp" owner="BuiltIn">
<arg>${json_data['results'][0]['email']}</arg>
<arg>^[a-zA-Z0-9._%+-]+@[a-zA-Z0-9.-]+\.[a-zA-Z]{2,}$</arg>
<doc>Fails if ``string`` does not match ``pattern`` as a regular expression.</doc>
<status status="PASS" start="2024-05-16T16:17:33.305986" elapsed="0.000499"/>
</kw>
<kw name="Should Match Regexp" owner="BuiltIn">
<arg>${json_data['results'][0]['dob']['date']}</arg>
<arg>\\d{4}-\\d{2}-\\d{2}T\\d{2}:\\d{2}:\\d{2}\\.\\d{3}Z</arg>
<doc>Fails if ``string`` does not match ``pattern`` as a regular expression.</doc>
<status status="PASS" start="2024-05-16T16:17:33.306710" elapsed="0.000503"/>
</kw>
<kw name="Should Match Regexp" owner="BuiltIn">
<arg>${json_data['results'][0]['registered']['date']}</arg>
<arg>\\d{4}-\\d{2}-\\d{2}T\\d{2}:\\d{2}:\\d{2}\\.\\d{3}Z</arg>
<doc>Fails if ``string`` does not match ``pattern`` as a regular expression.</doc>
<status status="PASS" start="2024-05-16T16:17:33.307403" elapsed="0.000358"/>
</kw>
<kw name="Should Match Regexp" owner="BuiltIn">
<arg>${json_data['results'][0]['picture']['large']}</arg>
<arg>^https?://.*\.(?:png|jpe?g|gif|bmp)$</arg>
<doc>Fails if ``string`` does not match ``pattern`` as a regular expression.</doc>
<status status="PASS" start="2024-05-16T16:17:33.307950" elapsed="0.000454"/>
</kw>
<kw name="Should Match Regexp" owner="BuiltIn">
<arg>${json_data['results'][0]['picture']['medium']}</arg>
<arg>^https?://.*\.(?:png|jpe?g|gif|bmp)$</arg>
<doc>Fails if ``string`` does not match ``pattern`` as a regular expression.</doc>
<status status="PASS" start="2024-05-16T16:17:33.308590" elapsed="0.000354"/>
</kw>
<kw name="Should Match Regexp" owner="BuiltIn">
<arg>${json_data['results'][0]['picture']['thumbnail']}</arg>
<arg>^https?://.*\.(?:png|jpe?g|gif|bmp)$</arg>
<doc>Fails if ``string`` does not match ``pattern`` as a regular expression.</doc>
<status status="PASS" start="2024-05-16T16:17:33.309129" elapsed="0.000345"/>
</kw>
<kw name="Log" owner="BuiltIn">
<msg time="2024-05-16T16:17:33.309971" level="INFO">{'large': 'https://randomuser.me/api/portraits/women/29.jpg', 'medium': 'https://randomuser.me/api/portraits/med/women/29.jpg', 'thumbnail': 'https://randomuser.me/api/portraits/thumb/women/29.jpg'}</msg>
<arg>${json_data['results'][0]['picture']}</arg>
<doc>Logs the given message with the given level.</doc>
<status status="PASS" start="2024-05-16T16:17:33.309654" elapsed="0.000358"/>
</kw>
<status status="PASS" start="2024-05-16T16:17:33.172282" elapsed="0.137977"/>
</kw>
<kw name="Teste de Tipos de Dados - Postcode" owner="random-user-service">
<kw name="GET On Session" owner="RequestsLibrary">
<msg time="2024-05-16T16:17:33.429195" level="INFO">GET Request : url=https://randomuser.me/api 
 path_url=/api 
 headers={'User-Agent': 'python-requests/2.31.0', 'Accept-Encoding': 'gzip, deflate', 'Accept': '*/*', 'Connection': 'keep-alive'} 
 body=None 
 </msg>
<msg time="2024-05-16T16:17:33.429260" level="INFO">GET Response : url=https://randomuser.me/api 
 status=200, reason=OK 
 headers={'Date': 'Thu, 16 May 2024 16:17:33 GMT', 'Content-Type': 'application/json; charset=utf-8', 'Transfer-Encoding': 'chunked', 'Connection': 'keep-alive', 'X-Powered-By': 'Express', 'Access-Control-Allow-Origin': '*', 'Cache-Control': 'no-cache', 'ETag': 'W/"49b-EvOtaAZFWftxysc7+PQwOjveNys"', 'Vary': 'Accept-Encoding', 'Content-Encoding': 'gzip', 'CF-Cache-Status': 'DYNAMIC', 'Report-To': '{"endpoints":[{"url":"https:\\/\\/a.nel.cloudflare.com\\/report\\/v4?s=JjapaCP5yTv2th5g5VnRp1QtNfQiYpBnjQYcmkaNptvriG7oSfO8%2Bi9YoPgKABZyxIcP11yfQbbArpM0UrPHcJa5eyDoxz%2FCr5f%2BoNJBSA4yf%2F4LcJlNbEFpY1Fn5b%2Fq"}],"group":"cf-nel","max_age":604800}', 'NEL': '{"success_fraction":0,"report_to":"cf-nel","max_age":604800}', 'Server': 'cloudflare', 'CF-RAY': '884cadb73f696a2f-LAX', 'alt-svc': 'h3=":443"; ma=86400'} 
 body={"results":[{"gender":"male","name":{"title":"Mr","first":"Manuel","last":"Esteban"},"location":{"street":{"number":5113,"name":"Calle de Alcalá"},"city":"Pontevedra","state":"Comunidad de Madrid","country":"Spain","postcode":64869,"coordinates":{"latitude":"-38.0355","longitude":"-97.0639"},"timezone":{"offset":"-3:00","description":"Brazil, Buenos Aires, Georgetown"}},"email":"manuel.esteban@example.com","login":{"uuid":"b3584b89-9fcc-43b3-9bd8-d659e075457f","username":"ticklishlion854","password":"pleasure","salt":"L9VYlRnZ","md5":"dde89875d7fb1f6bafb488ea3121cb56","sha1":"ae39f67670b9207ffcda6d39f6d1130f80e7276f","sha256":"13061e5e7ec3eb3a0eeed08e75796e103ec2d100df3ea0d0cd23df6a2dcdea7d"},"dob":{"date":"1966-07-25T07:06:17.673Z","age":57},"registered":{"date":"2008-08-21T09:57:21.378Z","age":15},"phone":"990-432-349","cell":"659-685-397","id":{"name":"DNI","value":"34533046-K"},"picture":{"large":"https://randomuser.me/api/portraits/men/56.jpg","medium":"https://randomuser.me/api/portraits/med/men/56.jpg","thumbnail":"https://randomuser.me/api/portraits/thumb/men/56.jpg"},"nat":"ES"}],"info":{"seed":"98c1e94aa6f35790","results":1,"page":1,"version":"1.4"}} 
 </msg>
<msg time="2024-05-16T16:17:33.429318" level="INFO">/opt/hostedtoolcache/Python/3.12.3/x64/lib/python3.12/site-packages/urllib3/connectionpool.py:1103: InsecureRequestWarning: Unverified HTTPS request is being made to host 'randomuser.me'. Adding certificate verification is strongly advised. See: https://urllib3.readthedocs.io/en/latest/advanced-usage.html#tls-warnings
  warnings.warn(</msg>
<msg time="2024-05-16T16:17:33.429404" level="INFO">${response} = &lt;Response [200]&gt;</msg>
<var>${response}</var>
<arg>consultarAPI</arg>
<arg>/api</arg>
<doc>Sends a GET request on a previously created HTTP Session.</doc>
<status status="PASS" start="2024-05-16T16:17:33.310711" elapsed="0.118716"/>
</kw>
<kw name="Set Variable" owner="BuiltIn">
<msg time="2024-05-16T16:17:33.430287" level="INFO">${json_data} = {'results': [{'gender': 'male', 'name': {'title': 'Mr', 'first': 'Manuel', 'last': 'Esteban'}, 'location': {'street': {'number': 5113, 'name': 'Calle de Alcalá'}, 'city': 'Pontevedra', 'state': 'Comun...</msg>
<var>${json_data}</var>
<arg>${response.json()}</arg>
<doc>Returns the given values which can then be assigned to a variables.</doc>
<status status="PASS" start="2024-05-16T16:17:33.429826" elapsed="0.000490"/>
</kw>
<kw name="Log" owner="BuiltIn">
<msg time="2024-05-16T16:17:33.430816" level="INFO">{'results': [{'gender': 'male', 'name': {'title': 'Mr', 'first': 'Manuel', 'last': 'Esteban'}, 'location': {'street': {'number': 5113, 'name': 'Calle de Alcalá'}, 'city': 'Pontevedra', 'state': 'Comunidad de Madrid', 'country': 'Spain', 'postcode': 64869, 'coordinates': {'latitude': '-38.0355', 'longitude': '-97.0639'}, 'timezone': {'offset': '-3:00', 'description': 'Brazil, Buenos Aires, Georgetown'}}, 'email': 'manuel.esteban@example.com', 'login': {'uuid': 'b3584b89-9fcc-43b3-9bd8-d659e075457f', 'username': 'ticklishlion854', 'password': 'pleasure', 'salt': 'L9VYlRnZ', 'md5': 'dde89875d7fb1f6bafb488ea3121cb56', 'sha1': 'ae39f67670b9207ffcda6d39f6d1130f80e7276f', 'sha256': '13061e5e7ec3eb3a0eeed08e75796e103ec2d100df3ea0d0cd23df6a2dcdea7d'}, 'dob': {'date': '1966-07-25T07:06:17.673Z', 'age': 57}, 'registered': {'date': '2008-08-21T09:57:21.378Z', 'age': 15}, 'phone': '990-432-349', 'cell': '659-685-397', 'id': {'name': 'DNI', 'value': '34533046-K'}, 'picture': {'large': 'https://randomuser.me/api/portraits/men/56.jpg', 'medium': 'https://randomuser.me/api/portraits/med/men/56.jpg', 'thumbnail': 'https://randomuser.me/api/portraits/thumb/men/56.jpg'}, 'nat': 'ES'}], 'info': {'seed': '98c1e94aa6f35790', 'results': 1, 'page': 1, 'version': '1.4'}}</msg>
<arg>${json_data}</arg>
<doc>Logs the given message with the given level.</doc>
<status status="PASS" start="2024-05-16T16:17:33.430622" elapsed="0.000274"/>
</kw>
<kw name="Should Be Equal As Numbers" owner="BuiltIn">
<arg>${json_data['results'][0]['location']['postcode']}</arg>
<arg>${json_data['results'][0]['location']['postcode']}</arg>
<doc>Fails if objects are unequal after converting them to real numbers.</doc>
<status status="PASS" start="2024-05-16T16:17:33.431332" elapsed="0.000612"/>
</kw>
<kw name="Log" owner="BuiltIn">
<msg time="2024-05-16T16:17:33.432465" level="INFO">64869</msg>
<arg>${json_data['results'][0]['location']['postcode']}</arg>
<doc>Logs the given message with the given level.</doc>
<status status="PASS" start="2024-05-16T16:17:33.432136" elapsed="0.000369"/>
</kw>
<status status="PASS" start="2024-05-16T16:17:33.310468" elapsed="0.122285"/>
</kw>
<doc>Testa se os tipos de dados na resposta da API estão corretos.</doc>
<tag>testeTiposDados</tag>
<status status="PASS" start="2024-05-16T16:17:33.171856" elapsed="0.261058"/>
</test>
<test id="s1-s1-t5" name="Validar conteudo" line="35">
<kw name="Teste de Tipos de Conteudo" owner="random-user-service">
<kw name="GET On Session" owner="RequestsLibrary">
<msg time="2024-05-16T16:17:33.577810" level="INFO">GET Request : url=https://randomuser.me/api 
 path_url=/api 
 headers={'User-Agent': 'python-requests/2.31.0', 'Accept-Encoding': 'gzip, deflate', 'Accept': '*/*', 'Connection': 'keep-alive'} 
 body=None 
 </msg>
<msg time="2024-05-16T16:17:33.577874" level="INFO">GET Response : url=https://randomuser.me/api 
 status=200, reason=OK 
 headers={'Date': 'Thu, 16 May 2024 16:17:33 GMT', 'Content-Type': 'application/json; charset=utf-8', 'Transfer-Encoding': 'chunked', 'Connection': 'keep-alive', 'X-Powered-By': 'Express', 'Access-Control-Allow-Origin': '*', 'Cache-Control': 'no-cache', 'ETag': 'W/"48f-ColI1Za/pmJd1D1Iwppwmw0EVUw"', 'Vary': 'Accept-Encoding', 'Content-Encoding': 'gzip', 'CF-Cache-Status': 'DYNAMIC', 'Report-To': '{"endpoints":[{"url":"https:\\/\\/a.nel.cloudflare.com\\/report\\/v4?s=nXg60NKpz4KlhfnC6Rcb01uzirfOJrId9XdthNB93eLMDLXDFkGFAoJKVfNov8ky3xv6BCT2zGBvid0uIvBrkUsMCpyzyI21OR3RpfP%2FZabgd7f%2FuO9fuovCi1Age%2FIO"}],"group":"cf-nel","max_age":604800}', 'NEL': '{"success_fraction":0,"report_to":"cf-nel","max_age":604800}', 'Server': 'cloudflare', 'CF-RAY': '884cadb808976a2f-LAX', 'alt-svc': 'h3=":443"; ma=86400'} 
 body={"results":[{"gender":"male","name":{"title":"Mr","first":"Rishi","last":"Belligatti"},"location":{"street":{"number":6619,"name":"Mirza Ismail Rd"},"city":"Hosur","state":"Puducherry","country":"India","postcode":79103,"coordinates":{"latitude":"7.9150","longitude":"-67.4915"},"timezone":{"offset":"+5:30","description":"Bombay, Calcutta, Madras, New Delhi"}},"email":"rishi.belligatti@example.com","login":{"uuid":"c2ba96cc-3634-4a46-a02d-1475daf755f0","username":"blackswan198","password":"3333333","salt":"mymqOqyk","md5":"92ade76e98cb1375693c7f9b538932ce","sha1":"297979df6e0cc3bb44e488454e5335a6c3512dbc","sha256":"9a3342f905eca5b030e53c01fba4da1f8a158344bade98efe4c75b6f6bb1aea4"},"dob":{"date":"1959-08-17T12:28:47.803Z","age":64},"registered":{"date":"2011-02-10T03:53:37.608Z","age":13},"phone":"9694339032","cell":"9077197088","id":{"name":"UIDAI","value":"246714171933"},"picture":{"large":"https://randomuser.me/api/portraits/men/37.jpg","medium":"https://randomuser.me/api/portraits/med/men/37.jpg","thumbnail":"https://randomuser.me/api/portraits/thumb/men/37.jpg"},"nat":"IN"}],"info":{"seed":"a57c33f4b1608542","results":1,"page":1,"version":"1.4"}} 
 </msg>
<msg time="2024-05-16T16:17:33.577932" level="INFO">/opt/hostedtoolcache/Python/3.12.3/x64/lib/python3.12/site-packages/urllib3/connectionpool.py:1103: InsecureRequestWarning: Unverified HTTPS request is being made to host 'randomuser.me'. Adding certificate verification is strongly advised. See: https://urllib3.readthedocs.io/en/latest/advanced-usage.html#tls-warnings
  warnings.warn(</msg>
<msg time="2024-05-16T16:17:33.578017" level="INFO">${response} = &lt;Response [200]&gt;</msg>
<var>${response}</var>
<arg>consultarAPI</arg>
<arg>/api</arg>
<doc>Sends a GET request on a previously created HTTP Session.</doc>
<status status="PASS" start="2024-05-16T16:17:33.435613" elapsed="0.142431"/>
</kw>
<kw name="Set Variable" owner="BuiltIn">
<msg time="2024-05-16T16:17:33.578898" level="INFO">${json_data} = {'results': [{'gender': 'male', 'name': {'title': 'Mr', 'first': 'Rishi', 'last': 'Belligatti'}, 'location': {'street': {'number': 6619, 'name': 'Mirza Ismail Rd'}, 'city': 'Hosur', 'state': 'Puducher...</msg>
<var>${json_data}</var>
<arg>${response.json()}</arg>
<doc>Returns the given values which can then be assigned to a variables.</doc>
<status status="PASS" start="2024-05-16T16:17:33.578426" elapsed="0.000500"/>
</kw>
<kw name="Set Variable" owner="BuiltIn">
<msg time="2024-05-16T16:17:33.579617" level="INFO">${name_title} = Mr</msg>
<var>${name_title}</var>
<arg>${json_data["results"][0]["name"]["title"]}</arg>
<doc>Returns the given values which can then be assigned to a variables.</doc>
<status status="PASS" start="2024-05-16T16:17:33.579231" elapsed="0.000411"/>
</kw>
<kw name="Create List" owner="BuiltIn">
<msg time="2024-05-16T16:17:33.580091" level="INFO">${allowed_titles} = ['Mr', 'Ms', 'Miss', 'Mrs', 'Madame', 'Monsieur']</msg>
<var>${allowed_titles}</var>
<arg>Mr</arg>
<arg>Ms</arg>
<arg>Miss</arg>
<arg>Mrs</arg>
<arg>Madame</arg>
<arg>Monsieur</arg>
<doc>Returns a list containing given items.</doc>
<status status="PASS" start="2024-05-16T16:17:33.579942" elapsed="0.000173"/>
</kw>
<kw name="List Should Contain Value" owner="Collections">
<msg time="2024-05-16T16:17:33.580580" level="INFO">False</msg>
<arg>${allowed_titles}</arg>
<arg>${name_title}</arg>
<doc>Fails if the ``value`` is not found from ``list``.</doc>
<status status="PASS" start="2024-05-16T16:17:33.580411" elapsed="0.000205"/>
</kw>
<kw name="Set Variable" owner="BuiltIn">
<msg time="2024-05-16T16:17:33.581279" level="INFO">${name_country} = IN</msg>
<var>${name_country}</var>
<arg>${json_data["results"][0]["nat"]}</arg>
<doc>Returns the given values which can then be assigned to a variables.</doc>
<status status="PASS" start="2024-05-16T16:17:33.580907" elapsed="0.000397"/>
</kw>
<kw name="Create List" owner="BuiltIn">
<msg time="2024-05-16T16:17:33.582210" level="INFO">${list_country} = ['AD', 'AE', 'AF', 'AG', 'AI', 'AL', 'AM', 'AO', 'AQ', 'AR', 'AS', 'AT', 'AU', 'AW', 'AX', 'AZ', 'BA', 'BB', 'BD', 'BE', 'BF', 'BG', 'BH', 'BI', 'BJ', 'BL', 'BM', 'BN', 'BO', 'BQ', 'BR', 'BS', 'BT', '...</msg>
<var>${list_country}</var>
<arg>AD</arg>
<arg>AE</arg>
<arg>AF</arg>
<arg>AG</arg>
<arg>AI</arg>
<arg>AL</arg>
<arg>AM</arg>
<arg>AO</arg>
<arg>AQ</arg>
<arg>AR</arg>
<arg>AS</arg>
<arg>AT</arg>
<arg>AU</arg>
<arg>AW</arg>
<arg>AX</arg>
<arg>AZ</arg>
<arg>BA</arg>
<arg>BB</arg>
<arg>BD</arg>
<arg>BE</arg>
<arg>BF</arg>
<arg>BG</arg>
<arg>BH</arg>
<arg>BI</arg>
<arg>BJ</arg>
<arg>BL</arg>
<arg>BM</arg>
<arg>BN</arg>
<arg>BO</arg>
<arg>BQ</arg>
<arg>BR</arg>
<arg>BS</arg>
<arg>BT</arg>
<arg>BV</arg>
<arg>BW</arg>
<arg>BY</arg>
<arg>BZ</arg>
<arg>CA</arg>
<arg>CC</arg>
<arg>CD</arg>
<arg>CF</arg>
<arg>CG</arg>
<arg>CH</arg>
<arg>CI</arg>
<arg>CK</arg>
<arg>CL</arg>
<arg>CM</arg>
<arg>CN</arg>
<arg>CO</arg>
<arg>CR</arg>
<arg>CU</arg>
<arg>CV</arg>
<arg>CW</arg>
<arg>CX</arg>
<arg>CY</arg>
<arg>CZ</arg>
<arg>DE</arg>
<arg>DJ</arg>
<arg>DK</arg>
<arg>DM</arg>
<arg>DO</arg>
<arg>DZ</arg>
<arg>EC</arg>
<arg>EE</arg>
<arg>EG</arg>
<arg>EH</arg>
<arg>ER</arg>
<arg>ES</arg>
<arg>ET</arg>
<arg>FI</arg>
<arg>FJ</arg>
<arg>FK</arg>
<arg>FM</arg>
<arg>FO</arg>
<arg>FR</arg>
<arg>GA</arg>
<arg>GB</arg>
<arg>GD</arg>
<arg>GE</arg>
<arg>GF</arg>
<arg>GG</arg>
<arg>GH</arg>
<arg>GI</arg>
<arg>GL</arg>
<arg>GM</arg>
<arg>GN</arg>
<arg>GP</arg>
<arg>GQ</arg>
<arg>GR</arg>
<arg>GS</arg>
<arg>GT</arg>
<arg>GU</arg>
<arg>GW</arg>
<arg>GY</arg>
<arg>HK</arg>
<arg>HM</arg>
<arg>HN</arg>
<arg>HR</arg>
<arg>HT</arg>
<arg>HU</arg>
<arg>ID</arg>
<arg>IE</arg>
<arg>IL</arg>
<arg>IM</arg>
<arg>IN</arg>
<arg>IO</arg>
<arg>IQ</arg>
<arg>IR</arg>
<arg>IS</arg>
<arg>IT</arg>
<arg>JE</arg>
<arg>JM</arg>
<arg>JO</arg>
<arg>JP</arg>
<arg>KE</arg>
<arg>KG</arg>
<arg>KH</arg>
<arg>KI</arg>
<arg>KM</arg>
<arg>KN</arg>
<arg>KP</arg>
<arg>KR</arg>
<arg>KW</arg>
<arg>KY</arg>
<arg>KZ</arg>
<arg>LA</arg>
<arg>LB</arg>
<arg>LC</arg>
<arg>LI</arg>
<arg>LK</arg>
<arg>LR</arg>
<arg>LS</arg>
<arg>LT</arg>
<arg>LU</arg>
<arg>LV</arg>
<arg>LY</arg>
<arg>MA</arg>
<arg>MC</arg>
<arg>MD</arg>
<arg>ME</arg>
<arg>MF</arg>
<arg>MG</arg>
<arg>MH</arg>
<arg>MK</arg>
<arg>ML</arg>
<arg>MM</arg>
<arg>MN</arg>
<arg>MO</arg>
<arg>MP</arg>
<arg>MQ</arg>
<arg>MR</arg>
<arg>MS</arg>
<arg>MT</arg>
<arg>MU</arg>
<arg>MV</arg>
<arg>MW</arg>
<arg>MX</arg>
<arg>MY</arg>
<arg>MZ</arg>
<arg>NA</arg>
<arg>NC</arg>
<arg>NE</arg>
<arg>NF</arg>
<arg>NG</arg>
<arg>NI</arg>
<arg>NL</arg>
<arg>NO</arg>
<arg>NP</arg>
<arg>NR</arg>
<arg>NU</arg>
<arg>NZ</arg>
<arg>OM</arg>
<arg>PA</arg>
<arg>PE</arg>
<arg>PF</arg>
<arg>PG</arg>
<arg>PH</arg>
<arg>PK</arg>
<arg>PL</arg>
<arg>PM</arg>
<arg>PN</arg>
<arg>PR</arg>
<arg>PS</arg>
<arg>PT</arg>
<arg>PW</arg>
<arg>PY</arg>
<arg>QA</arg>
<arg>RE</arg>
<arg>RO</arg>
<arg>RS</arg>
<arg>RU</arg>
<arg>RW</arg>
<arg>SA</arg>
<arg>SB</arg>
<arg>SC</arg>
<arg>SD</arg>
<arg>SE</arg>
<arg>SG</arg>
<arg>SH</arg>
<arg>SI</arg>
<arg>SJ</arg>
<arg>SK</arg>
<arg>SL</arg>
<arg>SM</arg>
<arg>SN</arg>
<arg>SO</arg>
<arg>SR</arg>
<arg>SS</arg>
<arg>ST</arg>
<arg>SV</arg>
<arg>SX</arg>
<arg>SY</arg>
<arg>SZ</arg>
<arg>TC</arg>
<arg>TD</arg>
<arg>TF</arg>
<arg>TG</arg>
<arg>TH</arg>
<arg>TJ</arg>
<arg>TK</arg>
<arg>TL</arg>
<arg>TM</arg>
<arg>TN</arg>
<arg>TO</arg>
<arg>TR</arg>
<arg>TT</arg>
<arg>TV</arg>
<arg>TW</arg>
<arg>TZ</arg>
<arg>UA</arg>
<arg>UG</arg>
<arg>UM</arg>
<arg>US</arg>
<arg>UY</arg>
<arg>UZ</arg>
<arg>VA</arg>
<arg>VC</arg>
<arg>VE</arg>
<arg>VG</arg>
<arg>VI</arg>
<arg>VN</arg>
<arg>VU</arg>
<arg>WF</arg>
<arg>WS</arg>
<arg>XK</arg>
<arg>YE</arg>
<arg>YT</arg>
<arg>ZA</arg>
<arg>ZM</arg>
<arg>ZW</arg>
<doc>Returns a list containing given items.</doc>
<status status="PASS" start="2024-05-16T16:17:33.581605" elapsed="0.000631"/>
</kw>
<kw name="List Should Contain Value" owner="Collections">
<msg time="2024-05-16T16:17:33.583238" level="INFO">False</msg>
<arg>${list_country}</arg>
<arg>${name_country}</arg>
<doc>Fails if the ``value`` is not found from ``list``.</doc>
<status status="PASS" start="2024-05-16T16:17:33.583035" elapsed="0.000239"/>
</kw>
<kw name="Run Keyword If" owner="BuiltIn">
<kw name="Should Be True" owner="BuiltIn">
<arg>${True}</arg>
<doc>Fails if the given condition is not true.</doc>
<status status="PASS" start="2024-05-16T16:17:33.584364" elapsed="0.000246"/>
</kw>
<arg>${json_data["results"][0]["location"]["coordinates"]["latitude"]} &gt;= -90 and ${json_data["results"][0]["location"]["coordinates"]["latitude"]} &lt;= 90</arg>
<arg>Should Be True</arg>
<arg>${True}</arg>
<doc>Runs the given keyword with the given arguments, if ``condition`` is true.</doc>
<status status="PASS" start="2024-05-16T16:17:33.583607" elapsed="0.001139"/>
</kw>
<kw name="Run Keyword If" owner="BuiltIn">
<kw name="Should Be True" owner="BuiltIn">
<arg>${True}</arg>
<doc>Fails if the given condition is not true.</doc>
<status status="PASS" start="2024-05-16T16:17:33.585640" elapsed="0.000139"/>
</kw>
<arg>${json_data["results"][0]["location"]["coordinates"]["longitude"]} &gt;= -180 and ${json_data["results"][0]["location"]["coordinates"]["longitude"]} &lt;= 180</arg>
<arg>Should Be True</arg>
<arg>${True}</arg>
<doc>Runs the given keyword with the given arguments, if ``condition`` is true.</doc>
<status status="PASS" start="2024-05-16T16:17:33.584934" elapsed="0.000969"/>
</kw>
<status status="PASS" start="2024-05-16T16:17:33.435243" elapsed="0.150789"/>
</kw>
<doc>Testa o conteúdo específico dos campos retornados pela API.</doc>
<tag>testeConteudo</tag>
<status status="PASS" start="2024-05-16T16:17:33.434591" elapsed="0.151583"/>
</test>
<status status="PASS" start="2024-05-16T16:17:32.311846" elapsed="1.276223"/>
</suite>
<status status="PASS" start="2024-05-16T16:17:32.298347" elapsed="1.294825"/>
</suite>
<statistics>
<total>
<stat pass="5" fail="0" skip="0">All Tests</stat>
</total>
<tag>
<stat pass="1" fail="0" skip="0">testeConteudo</stat>
<stat pass="1" fail="0" skip="0">testeEstruturaResposta</stat>
<stat pass="1" fail="0" skip="0">testeRequisicaoBasica</stat>
<stat pass="1" fail="0" skip="0">testeTiposDados</stat>
</tag>
<suite>
<stat pass="5" fail="0" skip="0" id="s1" name="Tests">Tests</stat>
<stat pass="5" fail="0" skip="0" id="s1-s1" name="Random-User-Test">Tests.Random-User-Test</stat>
</suite>
</statistics>
<errors>
</errors>
</robot>
