<?xml version="1.0" encoding="UTF-8"?>
<robot generator="Robot 7.0.1 (Python 3.12.4 on linux)" generated="2024-07-26T11:14:22.583180" rpa="false" schemaversion="5">
<suite id="s1" name="Tests" source="/home/runner/work/ApiRandomUser/ApiRandomUser/RamdonUser/tests">
<suite id="s1-s1" name="Random-User-Test" source="/home/runner/work/ApiRandomUser/ApiRandomUser/RamdonUser/tests/random-user-test.robot">
<test id="s1-s1-t1" name="Conectar" line="13">
<kw name="Conectar API" owner="random-user-service">
<kw name="Create Session" owner="RequestsLibrary">
<msg time="2024-07-26T11:14:22.986093" level="INFO">Creating Session using : alias=consultarAPI, url=https://randomuser.me/, headers={},                     cookies={}, auth=None, timeout=None, proxies=None, verify=False,                     debug=0 </msg>
<arg>consultarAPI</arg>
<arg>${URL}</arg>
<doc>Create Session: create a HTTP session to a server</doc>
<status status="PASS" start="2024-07-26T11:14:22.985901" elapsed="0.000370"/>
</kw>
<status status="PASS" start="2024-07-26T11:14:22.984883" elapsed="0.001739"/>
</kw>
<status status="PASS" start="2024-07-26T11:14:22.984289" elapsed="0.002526"/>
</test>
<test id="s1-s1-t2" name="Validar retorno 200 e JSON Válido" line="16">
<kw name="Teste de Requisicao Basica" owner="random-user-service">
<kw name="GET On Session" owner="RequestsLibrary">
<msg time="2024-07-26T11:14:23.256428" level="INFO">GET Request : url=https://randomuser.me/api 
 path_url=/api 
 headers={'User-Agent': 'python-requests/2.32.3', 'Accept-Encoding': 'gzip, deflate', 'Accept': '*/*', 'Connection': 'keep-alive'} 
 body=None 
 </msg>
<msg time="2024-07-26T11:14:23.256575" level="INFO">GET Response : url=https://randomuser.me/api 
 status=200, reason=OK 
 headers={'Date': 'Fri, 26 Jul 2024 11:14:23 GMT', 'Content-Type': 'application/json; charset=utf-8', 'Transfer-Encoding': 'chunked', 'Connection': 'keep-alive', 'X-Powered-By': 'Express', 'Access-Control-Allow-Origin': '*', 'Cache-Control': 'no-cache', 'ETag': 'W/"4b6-Y8XDHveQkqd2FU3YWqwfVd4hyyI"', 'Vary': 'Accept-Encoding', 'Content-Encoding': 'gzip', 'CF-Cache-Status': 'DYNAMIC', 'Report-To': '{"endpoints":[{"url":"https:\\/\\/a.nel.cloudflare.com\\/report\\/v4?s=XM%2F9YJ0oeC8w8KVoGEYoFcQqtXkx3FhiRYvR9%2Btn2nAqSZ97OtPHh2a%2BNA7nCOHT7l%2BpS1kLuxxRXV7MVltYlleDz4aEfaNMyIvEIUY3WUMqkdO6BBWgoxtsPrR%2FySVP"}],"group":"cf-nel","max_age":604800}', 'NEL': '{"success_fraction":0,"report_to":"cf-nel","max_age":604800}', 'Server': 'cloudflare', 'CF-RAY': '8a93f73efef98143-ORD', 'alt-svc': 'h3=":443"; ma=86400'} 
 body={"results":[{"gender":"female","name":{"title":"Madame","first":"Liliane","last":"Rolland"},"location":{"street":{"number":4646,"name":"Rue Louis-Blanqui"},"city":"Degersheim","state":"Aargau","country":"Switzerland","postcode":3958,"coordinates":{"latitude":"-57.3137","longitude":"24.0536"},"timezone":{"offset":"0:00","description":"Western Europe Time, London, Lisbon, Casablanca"}},"email":"liliane.rolland@example.com","login":{"uuid":"9e177e30-f6da-462a-a0ed-b56f9d5c54bf","username":"ticklishpanda437","password":"turbo","salt":"yZOxiOPc","md5":"a8ca7bf2b2ae76336711cdc563e94407","sha1":"5401f204231aabdeac6dc6bbfcbb284a1d9bcae8","sha256":"cf642009b34bac3b803abbc18e80d69e23f826f08a86c396649760ebaf7afb2e"},"dob":{"date":"1967-09-09T02:56:41.899Z","age":56},"registered":{"date":"2021-09-10T19:03:19.974Z","age":2},"phone":"078 327 91 73","cell":"075 025 87 86","id":{"name":"AVS","value":"756.9366.7316.22"},"picture":{"large":"https://randomuser.me/api/portraits/women/57.jpg","medium":"https://randomuser.me/api/portraits/med/women/57.jpg","thumbnail":"https://randomuser.me/api/portraits/thumb/women/57.jpg"},"nat":"CH"}],"info":{"seed":"a92354c9bb6c6690","results":1,"page":1,"version":"1.4"}} 
 </msg>
<msg time="2024-07-26T11:14:23.256651" level="INFO">/opt/hostedtoolcache/Python/3.12.4/x64/lib/python3.12/site-packages/urllib3/connectionpool.py:1099: InsecureRequestWarning: Unverified HTTPS request is being made to host 'randomuser.me'. Adding certificate verification is strongly advised. See: https://urllib3.readthedocs.io/en/latest/advanced-usage.html#tls-warnings
  warnings.warn(</msg>
<msg time="2024-07-26T11:14:23.256787" level="INFO">${response} = &lt;Response [200]&gt;</msg>
<var>${response}</var>
<arg>consultarAPI</arg>
<arg>/api</arg>
<doc>Sends a GET request on a previously created HTTP Session.</doc>
<status status="PASS" start="2024-07-26T11:14:22.989453" elapsed="0.267374"/>
</kw>
<kw name="Should Be Equal As Numbers" owner="BuiltIn">
<msg time="2024-07-26T11:14:23.257940" level="INFO">Argument types are:
&lt;class 'int'&gt;
&lt;class 'str'&gt;</msg>
<arg>${response.status_code}</arg>
<arg>200</arg>
<doc>Fails if objects are unequal after converting them to real numbers.</doc>
<status status="PASS" start="2024-07-26T11:14:23.257454" elapsed="0.000551"/>
</kw>
<kw name="Log" owner="BuiltIn">
<msg time="2024-07-26T11:14:23.258670" level="INFO">200</msg>
<arg>${response.status_code}</arg>
<doc>Logs the given message with the given level.</doc>
<status status="PASS" start="2024-07-26T11:14:23.258326" elapsed="0.000387"/>
</kw>
<kw name="Set Variable" owner="BuiltIn">
<msg time="2024-07-26T11:14:23.259453" level="INFO">${json_data} = {'results': [{'gender': 'female', 'name': {'title': 'Madame', 'first': 'Liliane', 'last': 'Rolland'}, 'location': {'street': {'number': 4646, 'name': 'Rue Louis-Blanqui'}, 'city': 'Degersheim', 'state...</msg>
<var>${json_data}</var>
<arg>${response.json()}</arg>
<doc>Returns the given values which can then be assigned to a variables.</doc>
<status status="PASS" start="2024-07-26T11:14:23.259015" elapsed="0.000467"/>
</kw>
<kw name="Dictionary Should Contain Key" owner="Collections">
<arg>${json_data}</arg>
<arg>results</arg>
<doc>Fails if ``key`` is not found from ``dictionary``.</doc>
<status status="PASS" start="2024-07-26T11:14:23.259785" elapsed="0.000315"/>
</kw>
<status status="PASS" start="2024-07-26T11:14:22.989213" elapsed="0.271087"/>
</kw>
<doc>Testa se a API responde corretamente e retorna um objeto JSON válido.</doc>
<tag>testeRequisicaoBasica</tag>
<status status="PASS" start="2024-07-26T11:14:22.988696" elapsed="0.271778"/>
</test>
<test id="s1-s1-t3" name="Validar estrutura de resposta" line="22">
<kw name="Teste de Estrutura de Resposta" owner="random-user-service">
<kw name="GET On Session" owner="RequestsLibrary">
<msg time="2024-07-26T11:14:23.339895" level="INFO">GET Request : url=https://randomuser.me/api 
 path_url=/api 
 headers={'User-Agent': 'python-requests/2.32.3', 'Accept-Encoding': 'gzip, deflate', 'Accept': '*/*', 'Connection': 'keep-alive'} 
 body=None 
 </msg>
<msg time="2024-07-26T11:14:23.339977" level="INFO">GET Response : url=https://randomuser.me/api 
 status=200, reason=OK 
 headers={'Date': 'Fri, 26 Jul 2024 11:14:23 GMT', 'Content-Type': 'application/json; charset=utf-8', 'Transfer-Encoding': 'chunked', 'Connection': 'keep-alive', 'X-Powered-By': 'Express', 'Access-Control-Allow-Origin': '*', 'Cache-Control': 'no-cache', 'ETag': 'W/"49a-p0wSGl2JFKDDDspPbWz65N4T454"', 'Vary': 'Accept-Encoding', 'Content-Encoding': 'gzip', 'CF-Cache-Status': 'DYNAMIC', 'Report-To': '{"endpoints":[{"url":"https:\\/\\/a.nel.cloudflare.com\\/report\\/v4?s=OrFcSyZzgo8BgL1SxruiSEzILQwkmqK2%2F7Hal%2BZftiwGJGjupxOtnnB08ZUrZS9F62Vmju2z49RWdnSqzFQ8MIshm0at2Z5MaOl5BSPnReRKYA0469hIhJVlqXytaeg9"}],"group":"cf-nel","max_age":604800}', 'NEL': '{"success_fraction":0,"report_to":"cf-nel","max_age":604800}', 'Server': 'cloudflare', 'CF-RAY': '8a93f73f6f928143-ORD', 'alt-svc': 'h3=":443"; ma=86400'} 
 body={"results":[{"gender":"female","name":{"title":"Ms","first":"Addison","last":"Carpenter"},"location":{"street":{"number":619,"name":"W Campbell Ave"},"city":"Flint","state":"Ohio","country":"United States","postcode":97749,"coordinates":{"latitude":"82.3871","longitude":"64.9497"},"timezone":{"offset":"-1:00","description":"Azores, Cape Verde Islands"}},"email":"addison.carpenter@example.com","login":{"uuid":"01c60e4b-fcc1-41b0-9575-83b0af4d2720","username":"goldenleopard319","password":"hotgirls","salt":"VWgeTcKv","md5":"78924b662af793ac90dd31ec25ebb550","sha1":"510c5eb2284711f15fb52400ca6d5513b25f5bac","sha256":"4f6dcef2def21bf325936fef4f12bd197a760f7c788076a889d7fe52812b7740"},"dob":{"date":"1985-05-12T02:26:48.751Z","age":39},"registered":{"date":"2002-05-23T02:22:28.645Z","age":22},"phone":"(928) 341-0247","cell":"(755) 282-7627","id":{"name":"SSN","value":"430-77-7760"},"picture":{"large":"https://randomuser.me/api/portraits/women/64.jpg","medium":"https://randomuser.me/api/portraits/med/women/64.jpg","thumbnail":"https://randomuser.me/api/portraits/thumb/women/64.jpg"},"nat":"US"}],"info":{"seed":"4b1c379d3b666806","results":1,"page":1,"version":"1.4"}} 
 </msg>
<msg time="2024-07-26T11:14:23.340098" level="INFO">/opt/hostedtoolcache/Python/3.12.4/x64/lib/python3.12/site-packages/urllib3/connectionpool.py:1099: InsecureRequestWarning: Unverified HTTPS request is being made to host 'randomuser.me'. Adding certificate verification is strongly advised. See: https://urllib3.readthedocs.io/en/latest/advanced-usage.html#tls-warnings
  warnings.warn(</msg>
<msg time="2024-07-26T11:14:23.340255" level="INFO">${response} = &lt;Response [200]&gt;</msg>
<var>${response}</var>
<arg>consultarAPI</arg>
<arg>/api</arg>
<doc>Sends a GET request on a previously created HTTP Session.</doc>
<status status="PASS" start="2024-07-26T11:14:23.263110" elapsed="0.077197"/>
</kw>
<kw name="Set Variable" owner="BuiltIn">
<msg time="2024-07-26T11:14:23.341321" level="INFO">${json_data} = {'results': [{'gender': 'female', 'name': {'title': 'Ms', 'first': 'Addison', 'last': 'Carpenter'}, 'location': {'street': {'number': 619, 'name': 'W Campbell Ave'}, 'city': 'Flint', 'state': 'Ohio', ...</msg>
<var>${json_data}</var>
<arg>${response.json()}</arg>
<doc>Returns the given values which can then be assigned to a variables.</doc>
<status status="PASS" start="2024-07-26T11:14:23.340779" elapsed="0.000571"/>
</kw>
<kw name="Log" owner="BuiltIn">
<msg time="2024-07-26T11:14:23.341814" level="INFO">{'results': [{'gender': 'female', 'name': {'title': 'Ms', 'first': 'Addison', 'last': 'Carpenter'}, 'location': {'street': {'number': 619, 'name': 'W Campbell Ave'}, 'city': 'Flint', 'state': 'Ohio', 'country': 'United States', 'postcode': 97749, 'coordinates': {'latitude': '82.3871', 'longitude': '64.9497'}, 'timezone': {'offset': '-1:00', 'description': 'Azores, Cape Verde Islands'}}, 'email': 'addison.carpenter@example.com', 'login': {'uuid': '01c60e4b-fcc1-41b0-9575-83b0af4d2720', 'username': 'goldenleopard319', 'password': 'hotgirls', 'salt': 'VWgeTcKv', 'md5': '78924b662af793ac90dd31ec25ebb550', 'sha1': '510c5eb2284711f15fb52400ca6d5513b25f5bac', 'sha256': '4f6dcef2def21bf325936fef4f12bd197a760f7c788076a889d7fe52812b7740'}, 'dob': {'date': '1985-05-12T02:26:48.751Z', 'age': 39}, 'registered': {'date': '2002-05-23T02:22:28.645Z', 'age': 22}, 'phone': '(928) 341-0247', 'cell': '(755) 282-7627', 'id': {'name': 'SSN', 'value': '430-77-7760'}, 'picture': {'large': 'https://randomuser.me/api/portraits/women/64.jpg', 'medium': 'https://randomuser.me/api/portraits/med/women/64.jpg', 'thumbnail': 'https://randomuser.me/api/portraits/thumb/women/64.jpg'}, 'nat': 'US'}], 'info': {'seed': '4b1c379d3b666806', 'results': 1, 'page': 1, 'version': '1.4'}}</msg>
<arg>${json_data}</arg>
<doc>Logs the given message with the given level.</doc>
<status status="PASS" start="2024-07-26T11:14:23.341656" elapsed="0.000206"/>
</kw>
<kw name="Dictionary Should Contain Key" owner="Collections">
<arg>${json_data}</arg>
<arg>results</arg>
<doc>Fails if ``key`` is not found from ``dictionary``.</doc>
<status status="PASS" start="2024-07-26T11:14:23.342160" elapsed="0.000164"/>
</kw>
<kw name="Should Not Be Empty" owner="BuiltIn">
<msg time="2024-07-26T11:14:23.342632" level="INFO">Length is 2.</msg>
<arg>${json_data}</arg>
<doc>Verifies that the given item is not empty.</doc>
<status status="PASS" start="2024-07-26T11:14:23.342509" elapsed="0.000161"/>
</kw>
<kw name="Create List" owner="BuiltIn">
<msg time="2024-07-26T11:14:23.343114" level="INFO">${expected_keys} = ['gender', 'name', 'location', 'email', 'login']</msg>
<var>${expected_keys}</var>
<arg>gender</arg>
<arg>name</arg>
<arg>location</arg>
<arg>email</arg>
<arg>login</arg>
<doc>Returns a list containing given items.</doc>
<status status="PASS" start="2024-07-26T11:14:23.342963" elapsed="0.000175"/>
</kw>
<for flavor="IN">
<iter>
<kw name="Dictionary Should Contain Key" owner="Collections">
<arg>${json_data['results'][0]}</arg>
<arg>${key}</arg>
<doc>Fails if ``key`` is not found from ``dictionary``.</doc>
<status status="PASS" start="2024-07-26T11:14:23.343707" elapsed="0.000400"/>
</kw>
<kw name="Log" owner="BuiltIn">
<msg time="2024-07-26T11:14:23.344701" level="INFO">{'gender': 'female', 'name': {'title': 'Ms', 'first': 'Addison', 'last': 'Carpenter'}, 'location': {'street': {'number': 619, 'name': 'W Campbell Ave'}, 'city': 'Flint', 'state': 'Ohio', 'country': 'United States', 'postcode': 97749, 'coordinates': {'latitude': '82.3871', 'longitude': '64.9497'}, 'timezone': {'offset': '-1:00', 'description': 'Azores, Cape Verde Islands'}}, 'email': 'addison.carpenter@example.com', 'login': {'uuid': '01c60e4b-fcc1-41b0-9575-83b0af4d2720', 'username': 'goldenleopard319', 'password': 'hotgirls', 'salt': 'VWgeTcKv', 'md5': '78924b662af793ac90dd31ec25ebb550', 'sha1': '510c5eb2284711f15fb52400ca6d5513b25f5bac', 'sha256': '4f6dcef2def21bf325936fef4f12bd197a760f7c788076a889d7fe52812b7740'}, 'dob': {'date': '1985-05-12T02:26:48.751Z', 'age': 39}, 'registered': {'date': '2002-05-23T02:22:28.645Z', 'age': 22}, 'phone': '(928) 341-0247', 'cell': '(755) 282-7627', 'id': {'name': 'SSN', 'value': '430-77-7760'}, 'picture': {'large': 'https://randomuser.me/api/portraits/women/64.jpg', 'medium': 'https://randomuser.me/api/portraits/med/women/64.jpg', 'thumbnail': 'https://randomuser.me/api/portraits/thumb/women/64.jpg'}, 'nat': 'US'}</msg>
<arg>${json_data['results'][0]}</arg>
<doc>Logs the given message with the given level.</doc>
<status status="PASS" start="2024-07-26T11:14:23.344333" elapsed="0.000417"/>
</kw>
<kw name="Log" owner="BuiltIn">
<msg time="2024-07-26T11:14:23.345172" level="INFO">gender</msg>
<arg>${key}</arg>
<doc>Logs the given message with the given level.</doc>
<status status="PASS" start="2024-07-26T11:14:23.345045" elapsed="0.000165"/>
</kw>
<var name="${key}">gender</var>
<status status="PASS" start="2024-07-26T11:14:23.343580" elapsed="0.001849"/>
</iter>
<iter>
<kw name="Dictionary Should Contain Key" owner="Collections">
<arg>${json_data['results'][0]}</arg>
<arg>${key}</arg>
<doc>Fails if ``key`` is not found from ``dictionary``.</doc>
<status status="PASS" start="2024-07-26T11:14:23.345730" elapsed="0.000385"/>
</kw>
<kw name="Log" owner="BuiltIn">
<msg time="2024-07-26T11:14:23.346649" level="INFO">{'gender': 'female', 'name': {'title': 'Ms', 'first': 'Addison', 'last': 'Carpenter'}, 'location': {'street': {'number': 619, 'name': 'W Campbell Ave'}, 'city': 'Flint', 'state': 'Ohio', 'country': 'United States', 'postcode': 97749, 'coordinates': {'latitude': '82.3871', 'longitude': '64.9497'}, 'timezone': {'offset': '-1:00', 'description': 'Azores, Cape Verde Islands'}}, 'email': 'addison.carpenter@example.com', 'login': {'uuid': '01c60e4b-fcc1-41b0-9575-83b0af4d2720', 'username': 'goldenleopard319', 'password': 'hotgirls', 'salt': 'VWgeTcKv', 'md5': '78924b662af793ac90dd31ec25ebb550', 'sha1': '510c5eb2284711f15fb52400ca6d5513b25f5bac', 'sha256': '4f6dcef2def21bf325936fef4f12bd197a760f7c788076a889d7fe52812b7740'}, 'dob': {'date': '1985-05-12T02:26:48.751Z', 'age': 39}, 'registered': {'date': '2002-05-23T02:22:28.645Z', 'age': 22}, 'phone': '(928) 341-0247', 'cell': '(755) 282-7627', 'id': {'name': 'SSN', 'value': '430-77-7760'}, 'picture': {'large': 'https://randomuser.me/api/portraits/women/64.jpg', 'medium': 'https://randomuser.me/api/portraits/med/women/64.jpg', 'thumbnail': 'https://randomuser.me/api/portraits/thumb/women/64.jpg'}, 'nat': 'US'}</msg>
<arg>${json_data['results'][0]}</arg>
<doc>Logs the given message with the given level.</doc>
<status status="PASS" start="2024-07-26T11:14:23.346299" elapsed="0.000439"/>
</kw>
<kw name="Log" owner="BuiltIn">
<msg time="2024-07-26T11:14:23.347167" level="INFO">name</msg>
<arg>${key}</arg>
<doc>Logs the given message with the given level.</doc>
<status status="PASS" start="2024-07-26T11:14:23.347039" elapsed="0.000165"/>
</kw>
<var name="${key}">name</var>
<status status="PASS" start="2024-07-26T11:14:23.345619" elapsed="0.001806"/>
</iter>
<iter>
<kw name="Dictionary Should Contain Key" owner="Collections">
<arg>${json_data['results'][0]}</arg>
<arg>${key}</arg>
<doc>Fails if ``key`` is not found from ``dictionary``.</doc>
<status status="PASS" start="2024-07-26T11:14:23.347714" elapsed="0.000391"/>
</kw>
<kw name="Log" owner="BuiltIn">
<msg time="2024-07-26T11:14:23.348657" level="INFO">{'gender': 'female', 'name': {'title': 'Ms', 'first': 'Addison', 'last': 'Carpenter'}, 'location': {'street': {'number': 619, 'name': 'W Campbell Ave'}, 'city': 'Flint', 'state': 'Ohio', 'country': 'United States', 'postcode': 97749, 'coordinates': {'latitude': '82.3871', 'longitude': '64.9497'}, 'timezone': {'offset': '-1:00', 'description': 'Azores, Cape Verde Islands'}}, 'email': 'addison.carpenter@example.com', 'login': {'uuid': '01c60e4b-fcc1-41b0-9575-83b0af4d2720', 'username': 'goldenleopard319', 'password': 'hotgirls', 'salt': 'VWgeTcKv', 'md5': '78924b662af793ac90dd31ec25ebb550', 'sha1': '510c5eb2284711f15fb52400ca6d5513b25f5bac', 'sha256': '4f6dcef2def21bf325936fef4f12bd197a760f7c788076a889d7fe52812b7740'}, 'dob': {'date': '1985-05-12T02:26:48.751Z', 'age': 39}, 'registered': {'date': '2002-05-23T02:22:28.645Z', 'age': 22}, 'phone': '(928) 341-0247', 'cell': '(755) 282-7627', 'id': {'name': 'SSN', 'value': '430-77-7760'}, 'picture': {'large': 'https://randomuser.me/api/portraits/women/64.jpg', 'medium': 'https://randomuser.me/api/portraits/med/women/64.jpg', 'thumbnail': 'https://randomuser.me/api/portraits/thumb/women/64.jpg'}, 'nat': 'US'}</msg>
<arg>${json_data['results'][0]}</arg>
<doc>Logs the given message with the given level.</doc>
<status status="PASS" start="2024-07-26T11:14:23.348315" elapsed="0.000388"/>
</kw>
<kw name="Log" owner="BuiltIn">
<msg time="2024-07-26T11:14:23.349128" level="INFO">location</msg>
<arg>${key}</arg>
<doc>Logs the given message with the given level.</doc>
<status status="PASS" start="2024-07-26T11:14:23.349002" elapsed="0.000163"/>
</kw>
<var name="${key}">location</var>
<status status="PASS" start="2024-07-26T11:14:23.347605" elapsed="0.001776"/>
</iter>
<iter>
<kw name="Dictionary Should Contain Key" owner="Collections">
<arg>${json_data['results'][0]}</arg>
<arg>${key}</arg>
<doc>Fails if ``key`` is not found from ``dictionary``.</doc>
<status status="PASS" start="2024-07-26T11:14:23.349660" elapsed="0.000371"/>
</kw>
<kw name="Log" owner="BuiltIn">
<msg time="2024-07-26T11:14:23.350670" level="INFO">{'gender': 'female', 'name': {'title': 'Ms', 'first': 'Addison', 'last': 'Carpenter'}, 'location': {'street': {'number': 619, 'name': 'W Campbell Ave'}, 'city': 'Flint', 'state': 'Ohio', 'country': 'United States', 'postcode': 97749, 'coordinates': {'latitude': '82.3871', 'longitude': '64.9497'}, 'timezone': {'offset': '-1:00', 'description': 'Azores, Cape Verde Islands'}}, 'email': 'addison.carpenter@example.com', 'login': {'uuid': '01c60e4b-fcc1-41b0-9575-83b0af4d2720', 'username': 'goldenleopard319', 'password': 'hotgirls', 'salt': 'VWgeTcKv', 'md5': '78924b662af793ac90dd31ec25ebb550', 'sha1': '510c5eb2284711f15fb52400ca6d5513b25f5bac', 'sha256': '4f6dcef2def21bf325936fef4f12bd197a760f7c788076a889d7fe52812b7740'}, 'dob': {'date': '1985-05-12T02:26:48.751Z', 'age': 39}, 'registered': {'date': '2002-05-23T02:22:28.645Z', 'age': 22}, 'phone': '(928) 341-0247', 'cell': '(755) 282-7627', 'id': {'name': 'SSN', 'value': '430-77-7760'}, 'picture': {'large': 'https://randomuser.me/api/portraits/women/64.jpg', 'medium': 'https://randomuser.me/api/portraits/med/women/64.jpg', 'thumbnail': 'https://randomuser.me/api/portraits/thumb/women/64.jpg'}, 'nat': 'US'}</msg>
<arg>${json_data['results'][0]}</arg>
<doc>Logs the given message with the given level.</doc>
<status status="PASS" start="2024-07-26T11:14:23.350325" elapsed="0.000393"/>
</kw>
<kw name="Log" owner="BuiltIn">
<msg time="2024-07-26T11:14:23.351137" level="INFO">email</msg>
<arg>${key}</arg>
<doc>Logs the given message with the given level.</doc>
<status status="PASS" start="2024-07-26T11:14:23.351010" elapsed="0.000171"/>
</kw>
<var name="${key}">email</var>
<status status="PASS" start="2024-07-26T11:14:23.349549" elapsed="0.001852"/>
</iter>
<iter>
<kw name="Dictionary Should Contain Key" owner="Collections">
<arg>${json_data['results'][0]}</arg>
<arg>${key}</arg>
<doc>Fails if ``key`` is not found from ``dictionary``.</doc>
<status status="PASS" start="2024-07-26T11:14:23.351690" elapsed="0.000370"/>
</kw>
<kw name="Log" owner="BuiltIn">
<msg time="2024-07-26T11:14:23.352616" level="INFO">{'gender': 'female', 'name': {'title': 'Ms', 'first': 'Addison', 'last': 'Carpenter'}, 'location': {'street': {'number': 619, 'name': 'W Campbell Ave'}, 'city': 'Flint', 'state': 'Ohio', 'country': 'United States', 'postcode': 97749, 'coordinates': {'latitude': '82.3871', 'longitude': '64.9497'}, 'timezone': {'offset': '-1:00', 'description': 'Azores, Cape Verde Islands'}}, 'email': 'addison.carpenter@example.com', 'login': {'uuid': '01c60e4b-fcc1-41b0-9575-83b0af4d2720', 'username': 'goldenleopard319', 'password': 'hotgirls', 'salt': 'VWgeTcKv', 'md5': '78924b662af793ac90dd31ec25ebb550', 'sha1': '510c5eb2284711f15fb52400ca6d5513b25f5bac', 'sha256': '4f6dcef2def21bf325936fef4f12bd197a760f7c788076a889d7fe52812b7740'}, 'dob': {'date': '1985-05-12T02:26:48.751Z', 'age': 39}, 'registered': {'date': '2002-05-23T02:22:28.645Z', 'age': 22}, 'phone': '(928) 341-0247', 'cell': '(755) 282-7627', 'id': {'name': 'SSN', 'value': '430-77-7760'}, 'picture': {'large': 'https://randomuser.me/api/portraits/women/64.jpg', 'medium': 'https://randomuser.me/api/portraits/med/women/64.jpg', 'thumbnail': 'https://randomuser.me/api/portraits/thumb/women/64.jpg'}, 'nat': 'US'}</msg>
<arg>${json_data['results'][0]}</arg>
<doc>Logs the given message with the given level.</doc>
<status status="PASS" start="2024-07-26T11:14:23.352269" elapsed="0.000394"/>
</kw>
<kw name="Log" owner="BuiltIn">
<msg time="2024-07-26T11:14:23.353077" level="INFO">login</msg>
<arg>${key}</arg>
<doc>Logs the given message with the given level.</doc>
<status status="PASS" start="2024-07-26T11:14:23.352953" elapsed="0.000160"/>
</kw>
<var name="${key}">login</var>
<status status="PASS" start="2024-07-26T11:14:23.351583" elapsed="0.001744"/>
</iter>
<var>${key}</var>
<value>@{expected_keys}</value>
<status status="PASS" start="2024-07-26T11:14:23.343396" elapsed="0.010051"/>
</for>
<kw name="Create List" owner="BuiltIn">
<msg time="2024-07-26T11:14:23.353800" level="INFO">${expected_keysTwo} = ['username', 'password']</msg>
<var>${expected_keysTwo}</var>
<arg>username</arg>
<arg>password</arg>
<doc>Returns a list containing given items.</doc>
<status status="PASS" start="2024-07-26T11:14:23.353633" elapsed="0.000192"/>
</kw>
<for flavor="IN">
<iter>
<kw name="Dictionary Should Contain Key" owner="Collections">
<arg>${json_data['results'][0]['login']}</arg>
<arg>${keyTwo}</arg>
<doc>Fails if ``key`` is not found from ``dictionary``.</doc>
<status status="PASS" start="2024-07-26T11:14:23.354326" elapsed="0.000383"/>
</kw>
<kw name="Dictionary Should Contain Key" owner="Collections">
<arg>${json_data['results'][0]['login']}</arg>
<arg>${keyTwo}</arg>
<doc>Fails if ``key`` is not found from ``dictionary``.</doc>
<status status="PASS" start="2024-07-26T11:14:23.354889" elapsed="0.000368"/>
</kw>
<kw name="Log" owner="BuiltIn">
<msg time="2024-07-26T11:14:23.355552" level="INFO">username</msg>
<arg>${keyTwo}</arg>
<doc>Logs the given message with the given level.</doc>
<status status="PASS" start="2024-07-26T11:14:23.355434" elapsed="0.000156"/>
</kw>
<var name="${keyTwo}">username</var>
<status status="PASS" start="2024-07-26T11:14:23.354219" elapsed="0.001593"/>
</iter>
<iter>
<kw name="Dictionary Should Contain Key" owner="Collections">
<arg>${json_data['results'][0]['login']}</arg>
<arg>${keyTwo}</arg>
<doc>Fails if ``key`` is not found from ``dictionary``.</doc>
<status status="PASS" start="2024-07-26T11:14:23.356096" elapsed="0.000408"/>
</kw>
<kw name="Dictionary Should Contain Key" owner="Collections">
<arg>${json_data['results'][0]['login']}</arg>
<arg>${keyTwo}</arg>
<doc>Fails if ``key`` is not found from ``dictionary``.</doc>
<status status="PASS" start="2024-07-26T11:14:23.356681" elapsed="0.000372"/>
</kw>
<kw name="Log" owner="BuiltIn">
<msg time="2024-07-26T11:14:23.357350" level="INFO">password</msg>
<arg>${keyTwo}</arg>
<doc>Logs the given message with the given level.</doc>
<status status="PASS" start="2024-07-26T11:14:23.357226" elapsed="0.000160"/>
</kw>
<var name="${keyTwo}">password</var>
<status status="PASS" start="2024-07-26T11:14:23.355983" elapsed="0.001624"/>
</iter>
<var>${keyTwo}</var>
<value>@{expected_keysTwo}</value>
<status status="PASS" start="2024-07-26T11:14:23.354071" elapsed="0.003656"/>
</for>
<status status="PASS" start="2024-07-26T11:14:23.262874" elapsed="0.094988"/>
</kw>
<doc>Testa a estrutura da resposta da API.</doc>
<tag>testeEstruturaResposta</tag>
<status status="PASS" start="2024-07-26T11:14:23.262285" elapsed="0.095724"/>
</test>
<test id="s1-s1-t4" name="Validar tipos de dados" line="28">
<kw name="Teste de Tipos de Dados" owner="random-user-service">
<kw name="GET On Session" owner="RequestsLibrary">
<msg time="2024-07-26T11:14:23.434060" level="INFO">GET Request : url=https://randomuser.me/api 
 path_url=/api 
 headers={'User-Agent': 'python-requests/2.32.3', 'Accept-Encoding': 'gzip, deflate', 'Accept': '*/*', 'Connection': 'keep-alive'} 
 body=None 
 </msg>
<msg time="2024-07-26T11:14:23.434152" level="INFO">GET Response : url=https://randomuser.me/api 
 status=200, reason=OK 
 headers={'Date': 'Fri, 26 Jul 2024 11:14:23 GMT', 'Content-Type': 'application/json; charset=utf-8', 'Transfer-Encoding': 'chunked', 'Connection': 'keep-alive', 'X-Powered-By': 'Express', 'Access-Control-Allow-Origin': '*', 'Cache-Control': 'no-cache', 'ETag': 'W/"47d-NwgMiJ7GI/f7osWEMzwguj31Bng"', 'Vary': 'Accept-Encoding', 'Content-Encoding': 'gzip', 'CF-Cache-Status': 'DYNAMIC', 'Report-To': '{"endpoints":[{"url":"https:\\/\\/a.nel.cloudflare.com\\/report\\/v4?s=9mG1US6%2BO9Y5Q4KXpaGluB%2Brnw9DxN82w7ubU6ptmTYrbZL0hWsx3RLU2KZQ43eC0%2BNuO5bfKOPXYrHjN6k%2F99dk%2BG1YDc5zdI5NWocxfAFQa%2BvQNPFO5KaseGiqEb%2FM"}],"group":"cf-nel","max_age":604800}', 'NEL': '{"success_fraction":0,"report_to":"cf-nel","max_age":604800}', 'Server': 'cloudflare', 'CF-RAY': '8a93f74008078143-ORD', 'alt-svc': 'h3=":443"; ma=86400'} 
 body={"results":[{"gender":"male","name":{"title":"Mr","first":"Hadrien","last":"Simon"},"location":{"street":{"number":6663,"name":"Avenue Goerges Clémenceau"},"city":"Dijon","state":"Gard","country":"France","postcode":15217,"coordinates":{"latitude":"-13.1203","longitude":"-116.3608"},"timezone":{"offset":"+4:30","description":"Kabul"}},"email":"hadrien.simon@example.com","login":{"uuid":"5faa1550-3255-4b89-8fbe-50698c43c75c","username":"sadtiger401","password":"volvo","salt":"oluvSGKF","md5":"297a81bbf05a1065ef27d375a6510baa","sha1":"71d31f3f87a33b840f624a19f8dad092724c1c8c","sha256":"c1779537ee29179a43a4ff957da78e9c05e9de0e0d8c44edbcbb1a7165dca445"},"dob":{"date":"1947-03-29T03:23:42.091Z","age":77},"registered":{"date":"2010-10-19T18:59:20.590Z","age":13},"phone":"03-72-27-43-79","cell":"06-40-43-35-30","id":{"name":"INSEE","value":"1470248008524 81"},"picture":{"large":"https://randomuser.me/api/portraits/men/59.jpg","medium":"https://randomuser.me/api/portraits/med/men/59.jpg","thumbnail":"https://randomuser.me/api/portraits/thumb/men/59.jpg"},"nat":"FR"}],"info":{"seed":"34aee25613a0b7e8","results":1,"page":1,"version":"1.4"}} 
 </msg>
<msg time="2024-07-26T11:14:23.434225" level="INFO">/opt/hostedtoolcache/Python/3.12.4/x64/lib/python3.12/site-packages/urllib3/connectionpool.py:1099: InsecureRequestWarning: Unverified HTTPS request is being made to host 'randomuser.me'. Adding certificate verification is strongly advised. See: https://urllib3.readthedocs.io/en/latest/advanced-usage.html#tls-warnings
  warnings.warn(</msg>
<msg time="2024-07-26T11:14:23.434341" level="INFO">${response} = &lt;Response [200]&gt;</msg>
<var>${response}</var>
<arg>consultarAPI</arg>
<arg>/api</arg>
<doc>Sends a GET request on a previously created HTTP Session.</doc>
<status status="PASS" start="2024-07-26T11:14:23.360540" elapsed="0.073851"/>
</kw>
<kw name="Set Variable" owner="BuiltIn">
<msg time="2024-07-26T11:14:23.435493" level="INFO">${json_data} = {'results': [{'gender': 'male', 'name': {'title': 'Mr', 'first': 'Hadrien', 'last': 'Simon'}, 'location': {'street': {'number': 6663, 'name': 'Avenue Goerges Clémenceau'}, 'city': 'Dijon', 'state': 'G...</msg>
<var>${json_data}</var>
<arg>${response.json()}</arg>
<doc>Returns the given values which can then be assigned to a variables.</doc>
<status status="PASS" start="2024-07-26T11:14:23.434936" elapsed="0.000587"/>
</kw>
<kw name="Log" owner="BuiltIn">
<msg time="2024-07-26T11:14:23.435982" level="INFO">{'results': [{'gender': 'male', 'name': {'title': 'Mr', 'first': 'Hadrien', 'last': 'Simon'}, 'location': {'street': {'number': 6663, 'name': 'Avenue Goerges Clémenceau'}, 'city': 'Dijon', 'state': 'Gard', 'country': 'France', 'postcode': 15217, 'coordinates': {'latitude': '-13.1203', 'longitude': '-116.3608'}, 'timezone': {'offset': '+4:30', 'description': 'Kabul'}}, 'email': 'hadrien.simon@example.com', 'login': {'uuid': '5faa1550-3255-4b89-8fbe-50698c43c75c', 'username': 'sadtiger401', 'password': 'volvo', 'salt': 'oluvSGKF', 'md5': '297a81bbf05a1065ef27d375a6510baa', 'sha1': '71d31f3f87a33b840f624a19f8dad092724c1c8c', 'sha256': 'c1779537ee29179a43a4ff957da78e9c05e9de0e0d8c44edbcbb1a7165dca445'}, 'dob': {'date': '1947-03-29T03:23:42.091Z', 'age': 77}, 'registered': {'date': '2010-10-19T18:59:20.590Z', 'age': 13}, 'phone': '03-72-27-43-79', 'cell': '06-40-43-35-30', 'id': {'name': 'INSEE', 'value': '1470248008524 81'}, 'picture': {'large': 'https://randomuser.me/api/portraits/men/59.jpg', 'medium': 'https://randomuser.me/api/portraits/med/men/59.jpg', 'thumbnail': 'https://randomuser.me/api/portraits/thumb/men/59.jpg'}, 'nat': 'FR'}], 'info': {'seed': '34aee25613a0b7e8', 'results': 1, 'page': 1, 'version': '1.4'}}</msg>
<arg>${json_data}</arg>
<doc>Logs the given message with the given level.</doc>
<status status="PASS" start="2024-07-26T11:14:23.435826" elapsed="0.000203"/>
</kw>
<kw name="Should Be String" owner="String">
<arg>${json_data['results'][0]['gender']}</arg>
<doc>Fails if the given ``item`` is not a string.</doc>
<status status="PASS" start="2024-07-26T11:14:23.436364" elapsed="0.000382"/>
</kw>
<kw name="Should Match Regexp" owner="BuiltIn">
<arg>${json_data['results'][0]['email']}</arg>
<arg>^[a-zA-Z0-9._%+-]+@[a-zA-Z0-9.-]+\.[a-zA-Z]{2,}$</arg>
<doc>Fails if ``string`` does not match ``pattern`` as a regular expression.</doc>
<status status="PASS" start="2024-07-26T11:14:23.436934" elapsed="0.000552"/>
</kw>
<kw name="Should Match Regexp" owner="BuiltIn">
<arg>${json_data['results'][0]['dob']['date']}</arg>
<arg>\\d{4}-\\d{2}-\\d{2}T\\d{2}:\\d{2}:\\d{2}\\.\\d{3}Z</arg>
<doc>Fails if ``string`` does not match ``pattern`` as a regular expression.</doc>
<status status="PASS" start="2024-07-26T11:14:23.437682" elapsed="0.000607"/>
</kw>
<kw name="Should Match Regexp" owner="BuiltIn">
<arg>${json_data['results'][0]['registered']['date']}</arg>
<arg>\\d{4}-\\d{2}-\\d{2}T\\d{2}:\\d{2}:\\d{2}\\.\\d{3}Z</arg>
<doc>Fails if ``string`` does not match ``pattern`` as a regular expression.</doc>
<status status="PASS" start="2024-07-26T11:14:23.438482" elapsed="0.000379"/>
</kw>
<kw name="Should Match Regexp" owner="BuiltIn">
<arg>${json_data['results'][0]['picture']['large']}</arg>
<arg>^https?://.*\.(?:png|jpe?g|gif|bmp)$</arg>
<doc>Fails if ``string`` does not match ``pattern`` as a regular expression.</doc>
<status status="PASS" start="2024-07-26T11:14:23.439044" elapsed="0.000455"/>
</kw>
<kw name="Should Match Regexp" owner="BuiltIn">
<arg>${json_data['results'][0]['picture']['medium']}</arg>
<arg>^https?://.*\.(?:png|jpe?g|gif|bmp)$</arg>
<doc>Fails if ``string`` does not match ``pattern`` as a regular expression.</doc>
<status status="PASS" start="2024-07-26T11:14:23.439684" elapsed="0.000351"/>
</kw>
<kw name="Should Match Regexp" owner="BuiltIn">
<arg>${json_data['results'][0]['picture']['thumbnail']}</arg>
<arg>^https?://.*\.(?:png|jpe?g|gif|bmp)$</arg>
<doc>Fails if ``string`` does not match ``pattern`` as a regular expression.</doc>
<status status="PASS" start="2024-07-26T11:14:23.440257" elapsed="0.000367"/>
</kw>
<kw name="Log" owner="BuiltIn">
<msg time="2024-07-26T11:14:23.441126" level="INFO">{'large': 'https://randomuser.me/api/portraits/men/59.jpg', 'medium': 'https://randomuser.me/api/portraits/med/men/59.jpg', 'thumbnail': 'https://randomuser.me/api/portraits/thumb/men/59.jpg'}</msg>
<arg>${json_data['results'][0]['picture']}</arg>
<doc>Logs the given message with the given level.</doc>
<status status="PASS" start="2024-07-26T11:14:23.440805" elapsed="0.000362"/>
</kw>
<status status="PASS" start="2024-07-26T11:14:23.360314" elapsed="0.081145"/>
</kw>
<kw name="Teste de Tipos de Dados - Postcode" owner="random-user-service">
<kw name="GET On Session" owner="RequestsLibrary">
<msg time="2024-07-26T11:14:23.546092" level="INFO">GET Request : url=https://randomuser.me/api 
 path_url=/api 
 headers={'User-Agent': 'python-requests/2.32.3', 'Accept-Encoding': 'gzip, deflate', 'Accept': '*/*', 'Connection': 'keep-alive'} 
 body=None 
 </msg>
<msg time="2024-07-26T11:14:23.546188" level="INFO">GET Response : url=https://randomuser.me/api 
 status=200, reason=OK 
 headers={'Date': 'Fri, 26 Jul 2024 11:14:23 GMT', 'Content-Type': 'application/json; charset=utf-8', 'Transfer-Encoding': 'chunked', 'Connection': 'keep-alive', 'X-Powered-By': 'Express', 'Access-Control-Allow-Origin': '*', 'Cache-Control': 'no-cache', 'ETag': 'W/"485-G667kk19s7tnxrpno13I0HBTbUI"', 'Vary': 'Accept-Encoding', 'Content-Encoding': 'gzip', 'CF-Cache-Status': 'DYNAMIC', 'Report-To': '{"endpoints":[{"url":"https:\\/\\/a.nel.cloudflare.com\\/report\\/v4?s=V%2BC5pnJpgFzk1ivOx0zNANWMolQQbaIrOxdbogXLzd%2FjbOAWuZjs265WQChgzEuICgfvFNhCCPMCQ9ls8lNdW12ZmLxUU3RvGHXbzeKorDXoy4x%2FQkkJgV%2F8%2FTIUZMI3"}],"group":"cf-nel","max_age":604800}', 'NEL': '{"success_fraction":0,"report_to":"cf-nel","max_age":604800}', 'Server': 'cloudflare', 'CF-RAY': '8a93f740885d8143-ORD', 'alt-svc': 'h3=":443"; ma=86400'} 
 body={"results":[{"gender":"female","name":{"title":"Miss","first":"Andrea","last":"Møller"},"location":{"street":{"number":1913,"name":"Haveforeningen Kildegården"},"city":"Kongens  Lyngby","state":"Danmark","country":"Denmark","postcode":83227,"coordinates":{"latitude":"-40.4223","longitude":"175.0921"},"timezone":{"offset":"+3:30","description":"Tehran"}},"email":"andrea.moller@example.com","login":{"uuid":"19293460-d9e7-42eb-baa8-d63b50bcb351","username":"orangesnake456","password":"ning","salt":"L5Ei6RRO","md5":"9f67baf7c99ff828020bdef7c96e2b04","sha1":"32c1bc0093527fb91f073ab6fb11f953874a36ed","sha256":"add9ea06772fedfacd3ea02834cf3eab231f2174b325d78c98024880cbce3341"},"dob":{"date":"1958-08-13T16:57:38.548Z","age":65},"registered":{"date":"2017-01-16T07:29:55.862Z","age":7},"phone":"07872310","cell":"69923533","id":{"name":"CPR","value":"130858-3183"},"picture":{"large":"https://randomuser.me/api/portraits/women/31.jpg","medium":"https://randomuser.me/api/portraits/med/women/31.jpg","thumbnail":"https://randomuser.me/api/portraits/thumb/women/31.jpg"},"nat":"DK"}],"info":{"seed":"6c0aa849024e2b74","results":1,"page":1,"version":"1.4"}} 
 </msg>
<msg time="2024-07-26T11:14:23.546283" level="INFO">/opt/hostedtoolcache/Python/3.12.4/x64/lib/python3.12/site-packages/urllib3/connectionpool.py:1099: InsecureRequestWarning: Unverified HTTPS request is being made to host 'randomuser.me'. Adding certificate verification is strongly advised. See: https://urllib3.readthedocs.io/en/latest/advanced-usage.html#tls-warnings
  warnings.warn(</msg>
<msg time="2024-07-26T11:14:23.546412" level="INFO">${response} = &lt;Response [200]&gt;</msg>
<var>${response}</var>
<arg>consultarAPI</arg>
<arg>/api</arg>
<doc>Sends a GET request on a previously created HTTP Session.</doc>
<status status="PASS" start="2024-07-26T11:14:23.441893" elapsed="0.104559"/>
</kw>
<kw name="Set Variable" owner="BuiltIn">
<msg time="2024-07-26T11:14:23.547746" level="INFO">${json_data} = {'results': [{'gender': 'female', 'name': {'title': 'Miss', 'first': 'Andrea', 'last': 'Møller'}, 'location': {'street': {'number': 1913, 'name': 'Haveforeningen Kildegården'}, 'city': 'Kongens  Lyngb...</msg>
<var>${json_data}</var>
<arg>${response.json()}</arg>
<doc>Returns the given values which can then be assigned to a variables.</doc>
<status status="PASS" start="2024-07-26T11:14:23.547052" elapsed="0.000739"/>
</kw>
<kw name="Log" owner="BuiltIn">
<msg time="2024-07-26T11:14:23.548603" level="INFO">{'results': [{'gender': 'female', 'name': {'title': 'Miss', 'first': 'Andrea', 'last': 'Møller'}, 'location': {'street': {'number': 1913, 'name': 'Haveforeningen Kildegården'}, 'city': 'Kongens  Lyngby', 'state': 'Danmark', 'country': 'Denmark', 'postcode': 83227, 'coordinates': {'latitude': '-40.4223', 'longitude': '175.0921'}, 'timezone': {'offset': '+3:30', 'description': 'Tehran'}}, 'email': 'andrea.moller@example.com', 'login': {'uuid': '19293460-d9e7-42eb-baa8-d63b50bcb351', 'username': 'orangesnake456', 'password': 'ning', 'salt': 'L5Ei6RRO', 'md5': '9f67baf7c99ff828020bdef7c96e2b04', 'sha1': '32c1bc0093527fb91f073ab6fb11f953874a36ed', 'sha256': 'add9ea06772fedfacd3ea02834cf3eab231f2174b325d78c98024880cbce3341'}, 'dob': {'date': '1958-08-13T16:57:38.548Z', 'age': 65}, 'registered': {'date': '2017-01-16T07:29:55.862Z', 'age': 7}, 'phone': '07872310', 'cell': '69923533', 'id': {'name': 'CPR', 'value': '130858-3183'}, 'picture': {'large': 'https://randomuser.me/api/portraits/women/31.jpg', 'medium': 'https://randomuser.me/api/portraits/med/women/31.jpg', 'thumbnail': 'https://randomuser.me/api/portraits/thumb/women/31.jpg'}, 'nat': 'DK'}], 'info': {'seed': '6c0aa849024e2b74', 'results': 1, 'page': 1, 'version': '1.4'}}</msg>
<arg>${json_data}</arg>
<doc>Logs the given message with the given level.</doc>
<status status="PASS" start="2024-07-26T11:14:23.548338" elapsed="0.000347"/>
</kw>
<kw name="Should Be Equal As Numbers" owner="BuiltIn">
<arg>${json_data['results'][0]['location']['postcode']}</arg>
<arg>${json_data['results'][0]['location']['postcode']}</arg>
<doc>Fails if objects are unequal after converting them to real numbers.</doc>
<status status="PASS" start="2024-07-26T11:14:23.549079" elapsed="0.000696"/>
</kw>
<kw name="Log" owner="BuiltIn">
<msg time="2024-07-26T11:14:23.550320" level="INFO">83227</msg>
<arg>${json_data['results'][0]['location']['postcode']}</arg>
<doc>Logs the given message with the given level.</doc>
<status status="PASS" start="2024-07-26T11:14:23.549975" elapsed="0.000419"/>
</kw>
<status status="PASS" start="2024-07-26T11:14:23.441675" elapsed="0.108980"/>
</kw>
<doc>Testa se os tipos de dados na resposta da API estão corretos.</doc>
<tag>testeTiposDados</tag>
<status status="PASS" start="2024-07-26T11:14:23.359755" elapsed="0.191068"/>
</test>
<test id="s1-s1-t5" name="Validar conteudo" line="35">
<kw name="Teste de Tipos de Conteudo" owner="random-user-service">
<kw name="GET On Session" owner="RequestsLibrary">
<msg time="2024-07-26T11:14:23.633453" level="INFO">GET Request : url=https://randomuser.me/api 
 path_url=/api 
 headers={'User-Agent': 'python-requests/2.32.3', 'Accept-Encoding': 'gzip, deflate', 'Accept': '*/*', 'Connection': 'keep-alive'} 
 body=None 
 </msg>
<msg time="2024-07-26T11:14:23.633536" level="INFO">GET Response : url=https://randomuser.me/api 
 status=200, reason=OK 
 headers={'Date': 'Fri, 26 Jul 2024 11:14:23 GMT', 'Content-Type': 'application/json; charset=utf-8', 'Transfer-Encoding': 'chunked', 'Connection': 'keep-alive', 'X-Powered-By': 'Express', 'Access-Control-Allow-Origin': '*', 'Cache-Control': 'no-cache', 'ETag': 'W/"485-NsIs7DqFmmDCARrze9dE+Q+zg2s"', 'Vary': 'Accept-Encoding', 'Content-Encoding': 'gzip', 'CF-Cache-Status': 'DYNAMIC', 'Report-To': '{"endpoints":[{"url":"https:\\/\\/a.nel.cloudflare.com\\/report\\/v4?s=2cigQS8aS0ehakhU9S2rq6QzbpErlbHNrTbmYQtjjWkzMeeDo5nnEPTJHmqKfAHxkCiDAsNnnnH%2BlNGJOnS%2FvoS4KaIluNhekCjb0easHX%2BYfcCwi0TPedUm79eQJkSG"}],"group":"cf-nel","max_age":604800}', 'NEL': '{"success_fraction":0,"report_to":"cf-nel","max_age":604800}', 'Server': 'cloudflare', 'CF-RAY': '8a93f74138e48143-ORD', 'alt-svc': 'h3=":443"; ma=86400'} 
 body={"results":[{"gender":"male","name":{"title":"Mr","first":"محمدپارسا","last":"مرادی"},"location":{"street":{"number":4613,"name":"مصطفی خمینی"},"city":"بندرعباس","state":"ایلام","country":"Iran","postcode":16251,"coordinates":{"latitude":"18.3002","longitude":"-65.5046"},"timezone":{"offset":"+5:45","description":"Kathmandu"}},"email":"mhmdprs.mrdy@example.com","login":{"uuid":"d9b79321-aa7e-4eb6-942f-42e329464c41","username":"blackzebra345","password":"deutsch","salt":"OPD65Tyv","md5":"c27ee5c28696761f278a0ff8ccf84d0a","sha1":"550482b892ce99f45c1cafa4e7dcaf75f4cd34be","sha256":"109a75e8e245c081b729f1a39d7ebff4193dd4d99d5bf7b59dcfbea262e24e8c"},"dob":{"date":"1952-06-25T00:43:18.573Z","age":72},"registered":{"date":"2020-09-19T01:58:49.996Z","age":3},"phone":"016-24272079","cell":"0976-935-2092","id":{"name":"","value":null},"picture":{"large":"https://randomuser.me/api/portraits/men/22.jpg","medium":"https://randomuser.me/api/portraits/med/men/22.jpg","thumbnail":"https://randomuser.me/api/portraits/thumb/men/22.jpg"},"nat":"IR"}],"info":{"seed":"61f6c7587b2364cf","results":1,"page":1,"version":"1.4"}} 
 </msg>
<msg time="2024-07-26T11:14:23.633608" level="INFO">/opt/hostedtoolcache/Python/3.12.4/x64/lib/python3.12/site-packages/urllib3/connectionpool.py:1099: InsecureRequestWarning: Unverified HTTPS request is being made to host 'randomuser.me'. Adding certificate verification is strongly advised. See: https://urllib3.readthedocs.io/en/latest/advanced-usage.html#tls-warnings
  warnings.warn(</msg>
<msg time="2024-07-26T11:14:23.633712" level="INFO">${response} = &lt;Response [200]&gt;</msg>
<var>${response}</var>
<arg>consultarAPI</arg>
<arg>/api</arg>
<doc>Sends a GET request on a previously created HTTP Session.</doc>
<status status="PASS" start="2024-07-26T11:14:23.553283" elapsed="0.080469"/>
</kw>
<kw name="Set Variable" owner="BuiltIn">
<msg time="2024-07-26T11:14:23.634645" level="INFO">${json_data} = {'results': [{'gender': 'male', 'name': {'title': 'Mr', 'first': 'محمدپارسا', 'last': 'مرادی'}, 'location': {'street': {'number': 4613, 'name': 'مصطفی خمینی'}, 'city': 'بندرعباس', 'state': 'ایلام', 'c...</msg>
<var>${json_data}</var>
<arg>${response.json()}</arg>
<doc>Returns the given values which can then be assigned to a variables.</doc>
<status status="PASS" start="2024-07-26T11:14:23.634174" elapsed="0.000501"/>
</kw>
<kw name="Set Variable" owner="BuiltIn">
<msg time="2024-07-26T11:14:23.635371" level="INFO">${name_title} = Mr</msg>
<var>${name_title}</var>
<arg>${json_data["results"][0]["name"]["title"]}</arg>
<doc>Returns the given values which can then be assigned to a variables.</doc>
<status status="PASS" start="2024-07-26T11:14:23.634990" elapsed="0.000407"/>
</kw>
<kw name="Create List" owner="BuiltIn">
<msg time="2024-07-26T11:14:23.635849" level="INFO">${allowed_titles} = ['Mr', 'Ms', 'Miss', 'Mrs', 'Madame', 'Monsieur']</msg>
<var>${allowed_titles}</var>
<arg>Mr</arg>
<arg>Ms</arg>
<arg>Miss</arg>
<arg>Mrs</arg>
<arg>Madame</arg>
<arg>Monsieur</arg>
<doc>Returns a list containing given items.</doc>
<status status="PASS" start="2024-07-26T11:14:23.635698" elapsed="0.000176"/>
</kw>
<kw name="List Should Contain Value" owner="Collections">
<arg>${allowed_titles}</arg>
<arg>${name_title}</arg>
<doc>Fails if the ``value`` is not found from ``list``.</doc>
<status status="PASS" start="2024-07-26T11:14:23.636217" elapsed="0.000201"/>
</kw>
<kw name="Set Variable" owner="BuiltIn">
<msg time="2024-07-26T11:14:23.636980" level="INFO">${name_country} = IR</msg>
<var>${name_country}</var>
<arg>${json_data["results"][0]["nat"]}</arg>
<doc>Returns the given values which can then be assigned to a variables.</doc>
<status status="PASS" start="2024-07-26T11:14:23.636603" elapsed="0.000403"/>
</kw>
<kw name="Create List" owner="BuiltIn">
<msg time="2024-07-26T11:14:23.637903" level="INFO">${list_country} = ['AD', 'AE', 'AF', 'AG', 'AI', 'AL', 'AM', 'AO', 'AQ', 'AR', 'AS', 'AT', 'AU', 'AW', 'AX', 'AZ', 'BA', 'BB', 'BD', 'BE', 'BF', 'BG', 'BH', 'BI', 'BJ', 'BL', 'BM', 'BN', 'BO', 'BQ', 'BR', 'BS', 'BT', '...</msg>
<var>${list_country}</var>
<arg>AD</arg>
<arg>AE</arg>
<arg>AF</arg>
<arg>AG</arg>
<arg>AI</arg>
<arg>AL</arg>
<arg>AM</arg>
<arg>AO</arg>
<arg>AQ</arg>
<arg>AR</arg>
<arg>AS</arg>
<arg>AT</arg>
<arg>AU</arg>
<arg>AW</arg>
<arg>AX</arg>
<arg>AZ</arg>
<arg>BA</arg>
<arg>BB</arg>
<arg>BD</arg>
<arg>BE</arg>
<arg>BF</arg>
<arg>BG</arg>
<arg>BH</arg>
<arg>BI</arg>
<arg>BJ</arg>
<arg>BL</arg>
<arg>BM</arg>
<arg>BN</arg>
<arg>BO</arg>
<arg>BQ</arg>
<arg>BR</arg>
<arg>BS</arg>
<arg>BT</arg>
<arg>BV</arg>
<arg>BW</arg>
<arg>BY</arg>
<arg>BZ</arg>
<arg>CA</arg>
<arg>CC</arg>
<arg>CD</arg>
<arg>CF</arg>
<arg>CG</arg>
<arg>CH</arg>
<arg>CI</arg>
<arg>CK</arg>
<arg>CL</arg>
<arg>CM</arg>
<arg>CN</arg>
<arg>CO</arg>
<arg>CR</arg>
<arg>CU</arg>
<arg>CV</arg>
<arg>CW</arg>
<arg>CX</arg>
<arg>CY</arg>
<arg>CZ</arg>
<arg>DE</arg>
<arg>DJ</arg>
<arg>DK</arg>
<arg>DM</arg>
<arg>DO</arg>
<arg>DZ</arg>
<arg>EC</arg>
<arg>EE</arg>
<arg>EG</arg>
<arg>EH</arg>
<arg>ER</arg>
<arg>ES</arg>
<arg>ET</arg>
<arg>FI</arg>
<arg>FJ</arg>
<arg>FK</arg>
<arg>FM</arg>
<arg>FO</arg>
<arg>FR</arg>
<arg>GA</arg>
<arg>GB</arg>
<arg>GD</arg>
<arg>GE</arg>
<arg>GF</arg>
<arg>GG</arg>
<arg>GH</arg>
<arg>GI</arg>
<arg>GL</arg>
<arg>GM</arg>
<arg>GN</arg>
<arg>GP</arg>
<arg>GQ</arg>
<arg>GR</arg>
<arg>GS</arg>
<arg>GT</arg>
<arg>GU</arg>
<arg>GW</arg>
<arg>GY</arg>
<arg>HK</arg>
<arg>HM</arg>
<arg>HN</arg>
<arg>HR</arg>
<arg>HT</arg>
<arg>HU</arg>
<arg>ID</arg>
<arg>IE</arg>
<arg>IL</arg>
<arg>IM</arg>
<arg>IN</arg>
<arg>IO</arg>
<arg>IQ</arg>
<arg>IR</arg>
<arg>IS</arg>
<arg>IT</arg>
<arg>JE</arg>
<arg>JM</arg>
<arg>JO</arg>
<arg>JP</arg>
<arg>KE</arg>
<arg>KG</arg>
<arg>KH</arg>
<arg>KI</arg>
<arg>KM</arg>
<arg>KN</arg>
<arg>KP</arg>
<arg>KR</arg>
<arg>KW</arg>
<arg>KY</arg>
<arg>KZ</arg>
<arg>LA</arg>
<arg>LB</arg>
<arg>LC</arg>
<arg>LI</arg>
<arg>LK</arg>
<arg>LR</arg>
<arg>LS</arg>
<arg>LT</arg>
<arg>LU</arg>
<arg>LV</arg>
<arg>LY</arg>
<arg>MA</arg>
<arg>MC</arg>
<arg>MD</arg>
<arg>ME</arg>
<arg>MF</arg>
<arg>MG</arg>
<arg>MH</arg>
<arg>MK</arg>
<arg>ML</arg>
<arg>MM</arg>
<arg>MN</arg>
<arg>MO</arg>
<arg>MP</arg>
<arg>MQ</arg>
<arg>MR</arg>
<arg>MS</arg>
<arg>MT</arg>
<arg>MU</arg>
<arg>MV</arg>
<arg>MW</arg>
<arg>MX</arg>
<arg>MY</arg>
<arg>MZ</arg>
<arg>NA</arg>
<arg>NC</arg>
<arg>NE</arg>
<arg>NF</arg>
<arg>NG</arg>
<arg>NI</arg>
<arg>NL</arg>
<arg>NO</arg>
<arg>NP</arg>
<arg>NR</arg>
<arg>NU</arg>
<arg>NZ</arg>
<arg>OM</arg>
<arg>PA</arg>
<arg>PE</arg>
<arg>PF</arg>
<arg>PG</arg>
<arg>PH</arg>
<arg>PK</arg>
<arg>PL</arg>
<arg>PM</arg>
<arg>PN</arg>
<arg>PR</arg>
<arg>PS</arg>
<arg>PT</arg>
<arg>PW</arg>
<arg>PY</arg>
<arg>QA</arg>
<arg>RE</arg>
<arg>RO</arg>
<arg>RS</arg>
<arg>RU</arg>
<arg>RW</arg>
<arg>SA</arg>
<arg>SB</arg>
<arg>SC</arg>
<arg>SD</arg>
<arg>SE</arg>
<arg>SG</arg>
<arg>SH</arg>
<arg>SI</arg>
<arg>SJ</arg>
<arg>SK</arg>
<arg>SL</arg>
<arg>SM</arg>
<arg>SN</arg>
<arg>SO</arg>
<arg>SR</arg>
<arg>SS</arg>
<arg>ST</arg>
<arg>SV</arg>
<arg>SX</arg>
<arg>SY</arg>
<arg>SZ</arg>
<arg>TC</arg>
<arg>TD</arg>
<arg>TF</arg>
<arg>TG</arg>
<arg>TH</arg>
<arg>TJ</arg>
<arg>TK</arg>
<arg>TL</arg>
<arg>TM</arg>
<arg>TN</arg>
<arg>TO</arg>
<arg>TR</arg>
<arg>TT</arg>
<arg>TV</arg>
<arg>TW</arg>
<arg>TZ</arg>
<arg>UA</arg>
<arg>UG</arg>
<arg>UM</arg>
<arg>US</arg>
<arg>UY</arg>
<arg>UZ</arg>
<arg>VA</arg>
<arg>VC</arg>
<arg>VE</arg>
<arg>VG</arg>
<arg>VI</arg>
<arg>VN</arg>
<arg>VU</arg>
<arg>WF</arg>
<arg>WS</arg>
<arg>XK</arg>
<arg>YE</arg>
<arg>YT</arg>
<arg>ZA</arg>
<arg>ZM</arg>
<arg>ZW</arg>
<doc>Returns a list containing given items.</doc>
<status status="PASS" start="2024-07-26T11:14:23.637302" elapsed="0.000628"/>
</kw>
<kw name="List Should Contain Value" owner="Collections">
<arg>${list_country}</arg>
<arg>${name_country}</arg>
<doc>Fails if the ``value`` is not found from ``list``.</doc>
<status status="PASS" start="2024-07-26T11:14:23.638872" elapsed="0.000213"/>
</kw>
<kw name="Run Keyword If" owner="BuiltIn">
<kw name="Should Be True" owner="BuiltIn">
<arg>${True}</arg>
<doc>Fails if the given condition is not true.</doc>
<status status="PASS" start="2024-07-26T11:14:23.640032" elapsed="0.000164"/>
</kw>
<arg>${json_data["results"][0]["location"]["coordinates"]["latitude"]} &gt;= -90 and ${json_data["results"][0]["location"]["coordinates"]["latitude"]} &lt;= 90</arg>
<arg>Should Be True</arg>
<arg>${True}</arg>
<doc>Runs the given keyword with the given arguments, if ``condition`` is true.</doc>
<status status="PASS" start="2024-07-26T11:14:23.639288" elapsed="0.001037"/>
</kw>
<kw name="Run Keyword If" owner="BuiltIn">
<kw name="Should Be True" owner="BuiltIn">
<arg>${True}</arg>
<doc>Fails if the given condition is not true.</doc>
<status status="PASS" start="2024-07-26T11:14:23.641209" elapsed="0.000139"/>
</kw>
<arg>${json_data["results"][0]["location"]["coordinates"]["longitude"]} &gt;= -180 and ${json_data["results"][0]["location"]["coordinates"]["longitude"]} &lt;= 180</arg>
<arg>Should Be True</arg>
<arg>${True}</arg>
<doc>Runs the given keyword with the given arguments, if ``condition`` is true.</doc>
<status status="PASS" start="2024-07-26T11:14:23.640517" elapsed="0.000955"/>
</kw>
<status status="PASS" start="2024-07-26T11:14:23.553062" elapsed="0.088537"/>
</kw>
<doc>Testa o conteúdo específico dos campos retornados pela API.</doc>
<tag>testeConteudo</tag>
<status status="PASS" start="2024-07-26T11:14:23.552614" elapsed="0.089139"/>
</test>
<status status="PASS" start="2024-07-26T11:14:22.642603" elapsed="1.001071"/>
</suite>
<status status="PASS" start="2024-07-26T11:14:22.627482" elapsed="1.021275"/>
</suite>
<statistics>
<total>
<stat pass="5" fail="0" skip="0">All Tests</stat>
</total>
<tag>
<stat pass="1" fail="0" skip="0">testeConteudo</stat>
<stat pass="1" fail="0" skip="0">testeEstruturaResposta</stat>
<stat pass="1" fail="0" skip="0">testeRequisicaoBasica</stat>
<stat pass="1" fail="0" skip="0">testeTiposDados</stat>
</tag>
<suite>
<stat pass="5" fail="0" skip="0" id="s1" name="Tests">Tests</stat>
<stat pass="5" fail="0" skip="0" id="s1-s1" name="Random-User-Test">Tests.Random-User-Test</stat>
</suite>
</statistics>
<errors>
</errors>
</robot>
