<?xml version="1.0" encoding="UTF-8"?>
<robot generator="Robot 7.0.1 (Python 3.12.4 on linux)" generated="2024-07-15T01:09:37.114663" rpa="false" schemaversion="5">
<suite id="s1" name="Tests" source="/home/runner/work/ApiRandomUser/ApiRandomUser/RamdonUser/tests">
<suite id="s1-s1" name="Random-User-Test" source="/home/runner/work/ApiRandomUser/ApiRandomUser/RamdonUser/tests/random-user-test.robot">
<test id="s1-s1-t1" name="Conectar" line="13">
<kw name="Conectar API" owner="random-user-service">
<kw name="Create Session" owner="RequestsLibrary">
<msg time="2024-07-15T01:09:37.512433" level="INFO">Creating Session using : alias=consultarAPI, url=https://randomuser.me/, headers={},                     cookies={}, auth=None, timeout=None, proxies=None, verify=False,                     debug=0 </msg>
<arg>consultarAPI</arg>
<arg>${URL}</arg>
<doc>Create Session: create a HTTP session to a server</doc>
<status status="PASS" start="2024-07-15T01:09:37.512238" elapsed="0.000400"/>
</kw>
<status status="PASS" start="2024-07-15T01:09:37.511309" elapsed="0.001686"/>
</kw>
<status status="PASS" start="2024-07-15T01:09:37.510689" elapsed="0.002497"/>
</test>
<test id="s1-s1-t2" name="Validar retorno 200 e JSON Válido" line="16">
<kw name="Teste de Requisicao Basica" owner="random-user-service">
<kw name="GET On Session" owner="RequestsLibrary">
<msg time="2024-07-15T01:09:37.715413" level="INFO">GET Request : url=https://randomuser.me/api 
 path_url=/api 
 headers={'User-Agent': 'python-requests/2.32.3', 'Accept-Encoding': 'gzip, deflate', 'Accept': '*/*', 'Connection': 'keep-alive'} 
 body=None 
 </msg>
<msg time="2024-07-15T01:09:37.715579" level="INFO">GET Response : url=https://randomuser.me/api 
 status=200, reason=OK 
 headers={'Date': 'Mon, 15 Jul 2024 01:09:37 GMT', 'Content-Type': 'application/json; charset=utf-8', 'Transfer-Encoding': 'chunked', 'Connection': 'keep-alive', 'X-Powered-By': 'Express', 'Access-Control-Allow-Origin': '*', 'Cache-Control': 'no-cache', 'ETag': 'W/"489-pSzuI/CpTJlde2xcGQbRgKJq9wc"', 'Vary': 'Accept-Encoding', 'Content-Encoding': 'gzip', 'CF-Cache-Status': 'DYNAMIC', 'Report-To': '{"endpoints":[{"url":"https:\\/\\/a.nel.cloudflare.com\\/report\\/v4?s=fosi34xi%2BeBbaSqR%2B%2F2LJaSQfQfB%2FIdrnIMfmTLfpjztDQCDJV4qrxj1BkNKZvLoBpO7Wchvyf6j5JZYhSWOnkYFB7lY20I%2B618w7C%2BscdTzclAla7551f%2BvRnHOXu75"}],"group":"cf-nel","max_age":604800}', 'NEL': '{"success_fraction":0,"report_to":"cf-nel","max_age":604800}', 'Server': 'cloudflare', 'CF-RAY': '8a35de3e59d02d52-ORD', 'alt-svc': 'h3=":443"; ma=86400'} 
 body={"results":[{"gender":"female","name":{"title":"Mrs","first":"Debbie","last":"Foster"},"location":{"street":{"number":1582,"name":"Mill Lane"},"city":"Portarlington","state":"Monaghan","country":"Ireland","postcode":51354,"coordinates":{"latitude":"-2.7350","longitude":"31.8337"},"timezone":{"offset":"-7:00","description":"Mountain Time (US &amp; Canada)"}},"email":"debbie.foster@example.com","login":{"uuid":"449226ca-7343-4155-99e2-0263cc73af69","username":"blackbear228","password":"theone","salt":"mpmgvvgK","md5":"3e27d5e3114aad2f64f3e376d538b4f4","sha1":"dd38809d921a733ed08eebb0f33a302849d5039b","sha256":"7de24761968f9a4998501fdcf3b016c74881fbae83daf27ba4a1389ae6dcf886"},"dob":{"date":"1966-01-01T05:01:13.850Z","age":58},"registered":{"date":"2006-02-26T06:50:03.302Z","age":18},"phone":"061-426-9465","cell":"081-223-8313","id":{"name":"PPS","value":"3582325T"},"picture":{"large":"https://randomuser.me/api/portraits/women/75.jpg","medium":"https://randomuser.me/api/portraits/med/women/75.jpg","thumbnail":"https://randomuser.me/api/portraits/thumb/women/75.jpg"},"nat":"IE"}],"info":{"seed":"95eaef2bf946321a","results":1,"page":1,"version":"1.4"}} 
 </msg>
<msg time="2024-07-15T01:09:37.715684" level="INFO">/opt/hostedtoolcache/Python/3.12.4/x64/lib/python3.12/site-packages/urllib3/connectionpool.py:1099: InsecureRequestWarning: Unverified HTTPS request is being made to host 'randomuser.me'. Adding certificate verification is strongly advised. See: https://urllib3.readthedocs.io/en/latest/advanced-usage.html#tls-warnings
  warnings.warn(</msg>
<msg time="2024-07-15T01:09:37.715854" level="INFO">${response} = &lt;Response [200]&gt;</msg>
<var>${response}</var>
<arg>consultarAPI</arg>
<arg>/api</arg>
<doc>Sends a GET request on a previously created HTTP Session.</doc>
<status status="PASS" start="2024-07-15T01:09:37.515845" elapsed="0.200052"/>
</kw>
<kw name="Should Be Equal As Numbers" owner="BuiltIn">
<msg time="2024-07-15T01:09:37.716897" level="INFO">Argument types are:
&lt;class 'int'&gt;
&lt;class 'str'&gt;</msg>
<arg>${response.status_code}</arg>
<arg>200</arg>
<doc>Fails if objects are unequal after converting them to real numbers.</doc>
<status status="PASS" start="2024-07-15T01:09:37.716396" elapsed="0.000575"/>
</kw>
<kw name="Log" owner="BuiltIn">
<msg time="2024-07-15T01:09:37.717624" level="INFO">200</msg>
<arg>${response.status_code}</arg>
<doc>Logs the given message with the given level.</doc>
<status status="PASS" start="2024-07-15T01:09:37.717286" elapsed="0.000380"/>
</kw>
<kw name="Set Variable" owner="BuiltIn">
<msg time="2024-07-15T01:09:37.718379" level="INFO">${json_data} = {'results': [{'gender': 'female', 'name': {'title': 'Mrs', 'first': 'Debbie', 'last': 'Foster'}, 'location': {'street': {'number': 1582, 'name': 'Mill Lane'}, 'city': 'Portarlington', 'state': 'Monagh...</msg>
<var>${json_data}</var>
<arg>${response.json()}</arg>
<doc>Returns the given values which can then be assigned to a variables.</doc>
<status status="PASS" start="2024-07-15T01:09:37.717961" elapsed="0.000446"/>
</kw>
<kw name="Dictionary Should Contain Key" owner="Collections">
<arg>${json_data}</arg>
<arg>results</arg>
<doc>Fails if ``key`` is not found from ``dictionary``.</doc>
<status status="PASS" start="2024-07-15T01:09:37.718695" elapsed="0.000163"/>
</kw>
<status status="PASS" start="2024-07-15T01:09:37.515598" elapsed="0.203404"/>
</kw>
<doc>Testa se a API responde corretamente e retorna um objeto JSON válido.</doc>
<tag>testeRequisicaoBasica</tag>
<status status="PASS" start="2024-07-15T01:09:37.515043" elapsed="0.204130"/>
</test>
<test id="s1-s1-t3" name="Validar estrutura de resposta" line="22">
<kw name="Teste de Estrutura de Resposta" owner="random-user-service">
<kw name="GET On Session" owner="RequestsLibrary">
<msg time="2024-07-15T01:09:37.795182" level="INFO">GET Request : url=https://randomuser.me/api 
 path_url=/api 
 headers={'User-Agent': 'python-requests/2.32.3', 'Accept-Encoding': 'gzip, deflate', 'Accept': '*/*', 'Connection': 'keep-alive'} 
 body=None 
 </msg>
<msg time="2024-07-15T01:09:37.795263" level="INFO">GET Response : url=https://randomuser.me/api 
 status=200, reason=OK 
 headers={'Date': 'Mon, 15 Jul 2024 01:09:37 GMT', 'Content-Type': 'application/json; charset=utf-8', 'Transfer-Encoding': 'chunked', 'Connection': 'keep-alive', 'X-Powered-By': 'Express', 'Access-Control-Allow-Origin': '*', 'Cache-Control': 'no-cache', 'ETag': 'W/"484-AfdFPXWb6nc1eHn8/9Os4N1Xank"', 'Vary': 'Accept-Encoding', 'Content-Encoding': 'gzip', 'CF-Cache-Status': 'DYNAMIC', 'Report-To': '{"endpoints":[{"url":"https:\\/\\/a.nel.cloudflare.com\\/report\\/v4?s=Js%2BM8ra04cM2d9OEt3TAroopNj5yEQkKh04n73cS3QmlBUU7Mk5CT956qlTUPWgtl3zkbcutPcXTk6YYv1PE6WTLHopnv2Ns49Acl8cj9iYVAzoNJGHjhzrrjtmR4Db%2B"}],"group":"cf-nel","max_age":604800}', 'NEL': '{"success_fraction":0,"report_to":"cf-nel","max_age":604800}', 'Server': 'cloudflare', 'CF-RAY': '8a35de3eca402d52-ORD', 'alt-svc': 'h3=":443"; ma=86400'} 
 body={"results":[{"gender":"male","name":{"title":"Mr","first":"Brett","last":"Meyer"},"location":{"street":{"number":4447,"name":"Dublin Road"},"city":"Cavan","state":"Galway","country":"Ireland","postcode":76671,"coordinates":{"latitude":"-2.4945","longitude":"-23.9574"},"timezone":{"offset":"-5:00","description":"Eastern Time (US &amp; Canada), Bogota, Lima"}},"email":"brett.meyer@example.com","login":{"uuid":"1947235b-5b78-402d-9104-651b70fa31a4","username":"angryelephant476","password":"bean","salt":"vSBIal1f","md5":"822c8d671b32cdaae837742dc5dd3d20","sha1":"99cc27fb148c3b38759151791abe33f76d7860b0","sha256":"5bcbc42362964f41c7f4dcb4f49a2148921e8fb268b6a3a419a48f0133f5b3cc"},"dob":{"date":"1964-01-28T05:48:44.232Z","age":60},"registered":{"date":"2004-05-02T16:04:27.902Z","age":20},"phone":"041-096-2062","cell":"081-569-5989","id":{"name":"PPS","value":"7857954T"},"picture":{"large":"https://randomuser.me/api/portraits/men/69.jpg","medium":"https://randomuser.me/api/portraits/med/men/69.jpg","thumbnail":"https://randomuser.me/api/portraits/thumb/men/69.jpg"},"nat":"IE"}],"info":{"seed":"561238b57e58a181","results":1,"page":1,"version":"1.4"}} 
 </msg>
<msg time="2024-07-15T01:09:37.795379" level="INFO">/opt/hostedtoolcache/Python/3.12.4/x64/lib/python3.12/site-packages/urllib3/connectionpool.py:1099: InsecureRequestWarning: Unverified HTTPS request is being made to host 'randomuser.me'. Adding certificate verification is strongly advised. See: https://urllib3.readthedocs.io/en/latest/advanced-usage.html#tls-warnings
  warnings.warn(</msg>
<msg time="2024-07-15T01:09:37.795515" level="INFO">${response} = &lt;Response [200]&gt;</msg>
<var>${response}</var>
<arg>consultarAPI</arg>
<arg>/api</arg>
<doc>Sends a GET request on a previously created HTTP Session.</doc>
<status status="PASS" start="2024-07-15T01:09:37.721688" elapsed="0.073863"/>
</kw>
<kw name="Set Variable" owner="BuiltIn">
<msg time="2024-07-15T01:09:37.796362" level="INFO">${json_data} = {'results': [{'gender': 'male', 'name': {'title': 'Mr', 'first': 'Brett', 'last': 'Meyer'}, 'location': {'street': {'number': 4447, 'name': 'Dublin Road'}, 'city': 'Cavan', 'state': 'Galway', 'country...</msg>
<var>${json_data}</var>
<arg>${response.json()}</arg>
<doc>Returns the given values which can then be assigned to a variables.</doc>
<status status="PASS" start="2024-07-15T01:09:37.795928" elapsed="0.000464"/>
</kw>
<kw name="Log" owner="BuiltIn">
<msg time="2024-07-15T01:09:37.796889" level="INFO">{'results': [{'gender': 'male', 'name': {'title': 'Mr', 'first': 'Brett', 'last': 'Meyer'}, 'location': {'street': {'number': 4447, 'name': 'Dublin Road'}, 'city': 'Cavan', 'state': 'Galway', 'country': 'Ireland', 'postcode': 76671, 'coordinates': {'latitude': '-2.4945', 'longitude': '-23.9574'}, 'timezone': {'offset': '-5:00', 'description': 'Eastern Time (US &amp; Canada), Bogota, Lima'}}, 'email': 'brett.meyer@example.com', 'login': {'uuid': '1947235b-5b78-402d-9104-651b70fa31a4', 'username': 'angryelephant476', 'password': 'bean', 'salt': 'vSBIal1f', 'md5': '822c8d671b32cdaae837742dc5dd3d20', 'sha1': '99cc27fb148c3b38759151791abe33f76d7860b0', 'sha256': '5bcbc42362964f41c7f4dcb4f49a2148921e8fb268b6a3a419a48f0133f5b3cc'}, 'dob': {'date': '1964-01-28T05:48:44.232Z', 'age': 60}, 'registered': {'date': '2004-05-02T16:04:27.902Z', 'age': 20}, 'phone': '041-096-2062', 'cell': '081-569-5989', 'id': {'name': 'PPS', 'value': '7857954T'}, 'picture': {'large': 'https://randomuser.me/api/portraits/men/69.jpg', 'medium': 'https://randomuser.me/api/portraits/med/men/69.jpg', 'thumbnail': 'https://randomuser.me/api/portraits/thumb/men/69.jpg'}, 'nat': 'IE'}], 'info': {'seed': '561238b57e58a181', 'results': 1, 'page': 1, 'version': '1.4'}}</msg>
<arg>${json_data}</arg>
<doc>Logs the given message with the given level.</doc>
<status status="PASS" start="2024-07-15T01:09:37.796733" elapsed="0.000203"/>
</kw>
<kw name="Dictionary Should Contain Key" owner="Collections">
<arg>${json_data}</arg>
<arg>results</arg>
<doc>Fails if ``key`` is not found from ``dictionary``.</doc>
<status status="PASS" start="2024-07-15T01:09:37.797225" elapsed="0.000153"/>
</kw>
<kw name="Should Not Be Empty" owner="BuiltIn">
<msg time="2024-07-15T01:09:37.797693" level="INFO">Length is 2.</msg>
<arg>${json_data}</arg>
<doc>Verifies that the given item is not empty.</doc>
<status status="PASS" start="2024-07-15T01:09:37.797566" elapsed="0.000168"/>
</kw>
<kw name="Create List" owner="BuiltIn">
<msg time="2024-07-15T01:09:37.798291" level="INFO">${expected_keys} = ['gender', 'name', 'location', 'email', 'login']</msg>
<var>${expected_keys}</var>
<arg>gender</arg>
<arg>name</arg>
<arg>location</arg>
<arg>email</arg>
<arg>login</arg>
<doc>Returns a list containing given items.</doc>
<status status="PASS" start="2024-07-15T01:09:37.798017" elapsed="0.000299"/>
</kw>
<for flavor="IN">
<iter>
<kw name="Dictionary Should Contain Key" owner="Collections">
<arg>${json_data['results'][0]}</arg>
<arg>${key}</arg>
<doc>Fails if ``key`` is not found from ``dictionary``.</doc>
<status status="PASS" start="2024-07-15T01:09:37.798877" elapsed="0.000388"/>
</kw>
<kw name="Log" owner="BuiltIn">
<msg time="2024-07-15T01:09:37.799804" level="INFO">{'gender': 'male', 'name': {'title': 'Mr', 'first': 'Brett', 'last': 'Meyer'}, 'location': {'street': {'number': 4447, 'name': 'Dublin Road'}, 'city': 'Cavan', 'state': 'Galway', 'country': 'Ireland', 'postcode': 76671, 'coordinates': {'latitude': '-2.4945', 'longitude': '-23.9574'}, 'timezone': {'offset': '-5:00', 'description': 'Eastern Time (US &amp; Canada), Bogota, Lima'}}, 'email': 'brett.meyer@example.com', 'login': {'uuid': '1947235b-5b78-402d-9104-651b70fa31a4', 'username': 'angryelephant476', 'password': 'bean', 'salt': 'vSBIal1f', 'md5': '822c8d671b32cdaae837742dc5dd3d20', 'sha1': '99cc27fb148c3b38759151791abe33f76d7860b0', 'sha256': '5bcbc42362964f41c7f4dcb4f49a2148921e8fb268b6a3a419a48f0133f5b3cc'}, 'dob': {'date': '1964-01-28T05:48:44.232Z', 'age': 60}, 'registered': {'date': '2004-05-02T16:04:27.902Z', 'age': 20}, 'phone': '041-096-2062', 'cell': '081-569-5989', 'id': {'name': 'PPS', 'value': '7857954T'}, 'picture': {'large': 'https://randomuser.me/api/portraits/men/69.jpg', 'medium': 'https://randomuser.me/api/portraits/med/men/69.jpg', 'thumbnail': 'https://randomuser.me/api/portraits/thumb/men/69.jpg'}, 'nat': 'IE'}</msg>
<arg>${json_data['results'][0]}</arg>
<doc>Logs the given message with the given level.</doc>
<status status="PASS" start="2024-07-15T01:09:37.799448" elapsed="0.000405"/>
</kw>
<kw name="Log" owner="BuiltIn">
<msg time="2024-07-15T01:09:37.800272" level="INFO">gender</msg>
<arg>${key}</arg>
<doc>Logs the given message with the given level.</doc>
<status status="PASS" start="2024-07-15T01:09:37.800146" elapsed="0.000164"/>
</kw>
<var name="${key}">gender</var>
<status status="PASS" start="2024-07-15T01:09:37.798756" elapsed="0.001768"/>
</iter>
<iter>
<kw name="Dictionary Should Contain Key" owner="Collections">
<arg>${json_data['results'][0]}</arg>
<arg>${key}</arg>
<doc>Fails if ``key`` is not found from ``dictionary``.</doc>
<status status="PASS" start="2024-07-15T01:09:37.800854" elapsed="0.000386"/>
</kw>
<kw name="Log" owner="BuiltIn">
<msg time="2024-07-15T01:09:37.801786" level="INFO">{'gender': 'male', 'name': {'title': 'Mr', 'first': 'Brett', 'last': 'Meyer'}, 'location': {'street': {'number': 4447, 'name': 'Dublin Road'}, 'city': 'Cavan', 'state': 'Galway', 'country': 'Ireland', 'postcode': 76671, 'coordinates': {'latitude': '-2.4945', 'longitude': '-23.9574'}, 'timezone': {'offset': '-5:00', 'description': 'Eastern Time (US &amp; Canada), Bogota, Lima'}}, 'email': 'brett.meyer@example.com', 'login': {'uuid': '1947235b-5b78-402d-9104-651b70fa31a4', 'username': 'angryelephant476', 'password': 'bean', 'salt': 'vSBIal1f', 'md5': '822c8d671b32cdaae837742dc5dd3d20', 'sha1': '99cc27fb148c3b38759151791abe33f76d7860b0', 'sha256': '5bcbc42362964f41c7f4dcb4f49a2148921e8fb268b6a3a419a48f0133f5b3cc'}, 'dob': {'date': '1964-01-28T05:48:44.232Z', 'age': 60}, 'registered': {'date': '2004-05-02T16:04:27.902Z', 'age': 20}, 'phone': '041-096-2062', 'cell': '081-569-5989', 'id': {'name': 'PPS', 'value': '7857954T'}, 'picture': {'large': 'https://randomuser.me/api/portraits/men/69.jpg', 'medium': 'https://randomuser.me/api/portraits/med/men/69.jpg', 'thumbnail': 'https://randomuser.me/api/portraits/thumb/men/69.jpg'}, 'nat': 'IE'}</msg>
<arg>${json_data['results'][0]}</arg>
<doc>Logs the given message with the given level.</doc>
<status status="PASS" start="2024-07-15T01:09:37.801433" elapsed="0.000436"/>
</kw>
<kw name="Log" owner="BuiltIn">
<msg time="2024-07-15T01:09:37.802287" level="INFO">name</msg>
<arg>${key}</arg>
<doc>Logs the given message with the given level.</doc>
<status status="PASS" start="2024-07-15T01:09:37.802162" elapsed="0.000162"/>
</kw>
<var name="${key}">name</var>
<status status="PASS" start="2024-07-15T01:09:37.800737" elapsed="0.001801"/>
</iter>
<iter>
<kw name="Dictionary Should Contain Key" owner="Collections">
<arg>${json_data['results'][0]}</arg>
<arg>${key}</arg>
<doc>Fails if ``key`` is not found from ``dictionary``.</doc>
<status status="PASS" start="2024-07-15T01:09:37.802818" elapsed="0.000373"/>
</kw>
<kw name="Log" owner="BuiltIn">
<msg time="2024-07-15T01:09:37.803709" level="INFO">{'gender': 'male', 'name': {'title': 'Mr', 'first': 'Brett', 'last': 'Meyer'}, 'location': {'street': {'number': 4447, 'name': 'Dublin Road'}, 'city': 'Cavan', 'state': 'Galway', 'country': 'Ireland', 'postcode': 76671, 'coordinates': {'latitude': '-2.4945', 'longitude': '-23.9574'}, 'timezone': {'offset': '-5:00', 'description': 'Eastern Time (US &amp; Canada), Bogota, Lima'}}, 'email': 'brett.meyer@example.com', 'login': {'uuid': '1947235b-5b78-402d-9104-651b70fa31a4', 'username': 'angryelephant476', 'password': 'bean', 'salt': 'vSBIal1f', 'md5': '822c8d671b32cdaae837742dc5dd3d20', 'sha1': '99cc27fb148c3b38759151791abe33f76d7860b0', 'sha256': '5bcbc42362964f41c7f4dcb4f49a2148921e8fb268b6a3a419a48f0133f5b3cc'}, 'dob': {'date': '1964-01-28T05:48:44.232Z', 'age': 60}, 'registered': {'date': '2004-05-02T16:04:27.902Z', 'age': 20}, 'phone': '041-096-2062', 'cell': '081-569-5989', 'id': {'name': 'PPS', 'value': '7857954T'}, 'picture': {'large': 'https://randomuser.me/api/portraits/men/69.jpg', 'medium': 'https://randomuser.me/api/portraits/med/men/69.jpg', 'thumbnail': 'https://randomuser.me/api/portraits/thumb/men/69.jpg'}, 'nat': 'IE'}</msg>
<arg>${json_data['results'][0]}</arg>
<doc>Logs the given message with the given level.</doc>
<status status="PASS" start="2024-07-15T01:09:37.803367" elapsed="0.000391"/>
</kw>
<kw name="Log" owner="BuiltIn">
<msg time="2024-07-15T01:09:37.804174" level="INFO">location</msg>
<arg>${key}</arg>
<doc>Logs the given message with the given level.</doc>
<status status="PASS" start="2024-07-15T01:09:37.804050" elapsed="0.000162"/>
</kw>
<var name="${key}">location</var>
<status status="PASS" start="2024-07-15T01:09:37.802711" elapsed="0.001714"/>
</iter>
<iter>
<kw name="Dictionary Should Contain Key" owner="Collections">
<arg>${json_data['results'][0]}</arg>
<arg>${key}</arg>
<doc>Fails if ``key`` is not found from ``dictionary``.</doc>
<status status="PASS" start="2024-07-15T01:09:37.804722" elapsed="0.000385"/>
</kw>
<kw name="Log" owner="BuiltIn">
<msg time="2024-07-15T01:09:37.805687" level="INFO">{'gender': 'male', 'name': {'title': 'Mr', 'first': 'Brett', 'last': 'Meyer'}, 'location': {'street': {'number': 4447, 'name': 'Dublin Road'}, 'city': 'Cavan', 'state': 'Galway', 'country': 'Ireland', 'postcode': 76671, 'coordinates': {'latitude': '-2.4945', 'longitude': '-23.9574'}, 'timezone': {'offset': '-5:00', 'description': 'Eastern Time (US &amp; Canada), Bogota, Lima'}}, 'email': 'brett.meyer@example.com', 'login': {'uuid': '1947235b-5b78-402d-9104-651b70fa31a4', 'username': 'angryelephant476', 'password': 'bean', 'salt': 'vSBIal1f', 'md5': '822c8d671b32cdaae837742dc5dd3d20', 'sha1': '99cc27fb148c3b38759151791abe33f76d7860b0', 'sha256': '5bcbc42362964f41c7f4dcb4f49a2148921e8fb268b6a3a419a48f0133f5b3cc'}, 'dob': {'date': '1964-01-28T05:48:44.232Z', 'age': 60}, 'registered': {'date': '2004-05-02T16:04:27.902Z', 'age': 20}, 'phone': '041-096-2062', 'cell': '081-569-5989', 'id': {'name': 'PPS', 'value': '7857954T'}, 'picture': {'large': 'https://randomuser.me/api/portraits/men/69.jpg', 'medium': 'https://randomuser.me/api/portraits/med/men/69.jpg', 'thumbnail': 'https://randomuser.me/api/portraits/thumb/men/69.jpg'}, 'nat': 'IE'}</msg>
<arg>${json_data['results'][0]}</arg>
<doc>Logs the given message with the given level.</doc>
<status status="PASS" start="2024-07-15T01:09:37.805338" elapsed="0.000398"/>
</kw>
<kw name="Log" owner="BuiltIn">
<msg time="2024-07-15T01:09:37.806163" level="INFO">email</msg>
<arg>${key}</arg>
<doc>Logs the given message with the given level.</doc>
<status status="PASS" start="2024-07-15T01:09:37.806033" elapsed="0.000169"/>
</kw>
<var name="${key}">email</var>
<status status="PASS" start="2024-07-15T01:09:37.804614" elapsed="0.001797"/>
</iter>
<iter>
<kw name="Dictionary Should Contain Key" owner="Collections">
<arg>${json_data['results'][0]}</arg>
<arg>${key}</arg>
<doc>Fails if ``key`` is not found from ``dictionary``.</doc>
<status status="PASS" start="2024-07-15T01:09:37.806690" elapsed="0.000382"/>
</kw>
<kw name="Log" owner="BuiltIn">
<msg time="2024-07-15T01:09:37.807601" level="INFO">{'gender': 'male', 'name': {'title': 'Mr', 'first': 'Brett', 'last': 'Meyer'}, 'location': {'street': {'number': 4447, 'name': 'Dublin Road'}, 'city': 'Cavan', 'state': 'Galway', 'country': 'Ireland', 'postcode': 76671, 'coordinates': {'latitude': '-2.4945', 'longitude': '-23.9574'}, 'timezone': {'offset': '-5:00', 'description': 'Eastern Time (US &amp; Canada), Bogota, Lima'}}, 'email': 'brett.meyer@example.com', 'login': {'uuid': '1947235b-5b78-402d-9104-651b70fa31a4', 'username': 'angryelephant476', 'password': 'bean', 'salt': 'vSBIal1f', 'md5': '822c8d671b32cdaae837742dc5dd3d20', 'sha1': '99cc27fb148c3b38759151791abe33f76d7860b0', 'sha256': '5bcbc42362964f41c7f4dcb4f49a2148921e8fb268b6a3a419a48f0133f5b3cc'}, 'dob': {'date': '1964-01-28T05:48:44.232Z', 'age': 60}, 'registered': {'date': '2004-05-02T16:04:27.902Z', 'age': 20}, 'phone': '041-096-2062', 'cell': '081-569-5989', 'id': {'name': 'PPS', 'value': '7857954T'}, 'picture': {'large': 'https://randomuser.me/api/portraits/men/69.jpg', 'medium': 'https://randomuser.me/api/portraits/med/men/69.jpg', 'thumbnail': 'https://randomuser.me/api/portraits/thumb/men/69.jpg'}, 'nat': 'IE'}</msg>
<arg>${json_data['results'][0]}</arg>
<doc>Logs the given message with the given level.</doc>
<status status="PASS" start="2024-07-15T01:09:37.807252" elapsed="0.000398"/>
</kw>
<kw name="Log" owner="BuiltIn">
<msg time="2024-07-15T01:09:37.808062" level="INFO">login</msg>
<arg>${key}</arg>
<doc>Logs the given message with the given level.</doc>
<status status="PASS" start="2024-07-15T01:09:37.807938" elapsed="0.000161"/>
</kw>
<var name="${key}">login</var>
<status status="PASS" start="2024-07-15T01:09:37.806578" elapsed="0.001731"/>
</iter>
<var>${key}</var>
<value>@{expected_keys}</value>
<status status="PASS" start="2024-07-15T01:09:37.798574" elapsed="0.009854"/>
</for>
<kw name="Create List" owner="BuiltIn">
<msg time="2024-07-15T01:09:37.808772" level="INFO">${expected_keysTwo} = ['username', 'password']</msg>
<var>${expected_keysTwo}</var>
<arg>username</arg>
<arg>password</arg>
<doc>Returns a list containing given items.</doc>
<status status="PASS" start="2024-07-15T01:09:37.808633" elapsed="0.000162"/>
</kw>
<for flavor="IN">
<iter>
<kw name="Dictionary Should Contain Key" owner="Collections">
<arg>${json_data['results'][0]['login']}</arg>
<arg>${keyTwo}</arg>
<doc>Fails if ``key`` is not found from ``dictionary``.</doc>
<status status="PASS" start="2024-07-15T01:09:37.809309" elapsed="0.000384"/>
</kw>
<kw name="Dictionary Should Contain Key" owner="Collections">
<arg>${json_data['results'][0]['login']}</arg>
<arg>${keyTwo}</arg>
<doc>Fails if ``key`` is not found from ``dictionary``.</doc>
<status status="PASS" start="2024-07-15T01:09:37.809871" elapsed="0.000374"/>
</kw>
<kw name="Log" owner="BuiltIn">
<msg time="2024-07-15T01:09:37.810544" level="INFO">username</msg>
<arg>${keyTwo}</arg>
<doc>Logs the given message with the given level.</doc>
<status status="PASS" start="2024-07-15T01:09:37.810425" elapsed="0.000156"/>
</kw>
<var name="${keyTwo}">username</var>
<status status="PASS" start="2024-07-15T01:09:37.809204" elapsed="0.001601"/>
</iter>
<iter>
<kw name="Dictionary Should Contain Key" owner="Collections">
<arg>${json_data['results'][0]['login']}</arg>
<arg>${keyTwo}</arg>
<doc>Fails if ``key`` is not found from ``dictionary``.</doc>
<status status="PASS" start="2024-07-15T01:09:37.811080" elapsed="0.000383"/>
</kw>
<kw name="Dictionary Should Contain Key" owner="Collections">
<arg>${json_data['results'][0]['login']}</arg>
<arg>${keyTwo}</arg>
<doc>Fails if ``key`` is not found from ``dictionary``.</doc>
<status status="PASS" start="2024-07-15T01:09:37.811662" elapsed="0.000374"/>
</kw>
<kw name="Log" owner="BuiltIn">
<msg time="2024-07-15T01:09:37.812329" level="INFO">password</msg>
<arg>${keyTwo}</arg>
<doc>Logs the given message with the given level.</doc>
<status status="PASS" start="2024-07-15T01:09:37.812212" elapsed="0.000159"/>
</kw>
<var name="${keyTwo}">password</var>
<status status="PASS" start="2024-07-15T01:09:37.810976" elapsed="0.001724"/>
</iter>
<var>${keyTwo}</var>
<value>@{expected_keysTwo}</value>
<status status="PASS" start="2024-07-15T01:09:37.809054" elapsed="0.003766"/>
</for>
<status status="PASS" start="2024-07-15T01:09:37.721463" elapsed="0.091496"/>
</kw>
<doc>Testa a estrutura da resposta da API.</doc>
<tag>testeEstruturaResposta</tag>
<status status="PASS" start="2024-07-15T01:09:37.720988" elapsed="0.092114"/>
</test>
<test id="s1-s1-t4" name="Validar tipos de dados" line="28">
<kw name="Teste de Tipos de Dados" owner="random-user-service">
<kw name="GET On Session" owner="RequestsLibrary">
<msg time="2024-07-15T01:09:37.895085" level="INFO">GET Request : url=https://randomuser.me/api 
 path_url=/api 
 headers={'User-Agent': 'python-requests/2.32.3', 'Accept-Encoding': 'gzip, deflate', 'Accept': '*/*', 'Connection': 'keep-alive'} 
 body=None 
 </msg>
<msg time="2024-07-15T01:09:37.895171" level="INFO">GET Response : url=https://randomuser.me/api 
 status=200, reason=OK 
 headers={'Date': 'Mon, 15 Jul 2024 01:09:37 GMT', 'Content-Type': 'application/json; charset=utf-8', 'Transfer-Encoding': 'chunked', 'Connection': 'keep-alive', 'X-Powered-By': 'Express', 'Access-Control-Allow-Origin': '*', 'Cache-Control': 'no-cache', 'ETag': 'W/"495-r6ZxMR8jHCC+r3FlGqQ+nMtBHwE"', 'Vary': 'Accept-Encoding', 'Content-Encoding': 'gzip', 'CF-Cache-Status': 'DYNAMIC', 'Report-To': '{"endpoints":[{"url":"https:\\/\\/a.nel.cloudflare.com\\/report\\/v4?s=4qyiVNRKm4fVp3fTTIWV012qRerYQ7SpNAG0jRev891QgAb0gVMRs97K1VdTIwLhZLT7AcPKux8JPYrJa%2BT%2B6Ug4NKmq8vjyLurHEYLrc28HG%2FV1%2BiPTsXIf4eyeH31l"}],"group":"cf-nel","max_age":604800}', 'NEL': '{"success_fraction":0,"report_to":"cf-nel","max_age":604800}', 'Server': 'cloudflare', 'CF-RAY': '8a35de3f5ae32d52-ORD', 'alt-svc': 'h3=":443"; ma=86400'} 
 body={"results":[{"gender":"female","name":{"title":"Ms","first":"Suzana","last":"Jakšić"},"location":{"street":{"number":527,"name":"Predraga Radmilca"},"city":"Kragujevac","state":"South Bačka","country":"Serbia","postcode":87697,"coordinates":{"latitude":"59.2482","longitude":"87.8107"},"timezone":{"offset":"-8:00","description":"Pacific Time (US &amp; Canada)"}},"email":"suzana.jaksic@example.com","login":{"uuid":"d3c20b5d-da02-4aa1-b42f-c4465dbecb3f","username":"yellowrabbit371","password":"blanche","salt":"MbiNNhnp","md5":"b93d8d3f3f56849f92b92f90c1c99596","sha1":"fcaa4c201aa74ae19050190f556452b004f7e153","sha256":"d5b6895adc9497e740877e70cc5350d722c38d3f92daf794191681c8de9d6468"},"dob":{"date":"1958-12-25T15:04:17.424Z","age":65},"registered":{"date":"2010-05-31T22:55:23.892Z","age":14},"phone":"037-8772-973","cell":"068-2807-300","id":{"name":"SID","value":"082772199"},"picture":{"large":"https://randomuser.me/api/portraits/women/33.jpg","medium":"https://randomuser.me/api/portraits/med/women/33.jpg","thumbnail":"https://randomuser.me/api/portraits/thumb/women/33.jpg"},"nat":"RS"}],"info":{"seed":"f408f57cb4eb97f3","results":1,"page":1,"version":"1.4"}} 
 </msg>
<msg time="2024-07-15T01:09:37.895245" level="INFO">/opt/hostedtoolcache/Python/3.12.4/x64/lib/python3.12/site-packages/urllib3/connectionpool.py:1099: InsecureRequestWarning: Unverified HTTPS request is being made to host 'randomuser.me'. Adding certificate verification is strongly advised. See: https://urllib3.readthedocs.io/en/latest/advanced-usage.html#tls-warnings
  warnings.warn(</msg>
<msg time="2024-07-15T01:09:37.895371" level="INFO">${response} = &lt;Response [200]&gt;</msg>
<var>${response}</var>
<arg>consultarAPI</arg>
<arg>/api</arg>
<doc>Sends a GET request on a previously created HTTP Session.</doc>
<status status="PASS" start="2024-07-15T01:09:37.815579" elapsed="0.079822"/>
</kw>
<kw name="Set Variable" owner="BuiltIn">
<msg time="2024-07-15T01:09:37.896353" level="INFO">${json_data} = {'results': [{'gender': 'female', 'name': {'title': 'Ms', 'first': 'Suzana', 'last': 'Jakšić'}, 'location': {'street': {'number': 527, 'name': 'Predraga Radmilca'}, 'city': 'Kragujevac', 'state': 'Sou...</msg>
<var>${json_data}</var>
<arg>${response.json()}</arg>
<doc>Returns the given values which can then be assigned to a variables.</doc>
<status status="PASS" start="2024-07-15T01:09:37.895836" elapsed="0.000548"/>
</kw>
<kw name="Log" owner="BuiltIn">
<msg time="2024-07-15T01:09:37.896928" level="INFO">{'results': [{'gender': 'female', 'name': {'title': 'Ms', 'first': 'Suzana', 'last': 'Jakšić'}, 'location': {'street': {'number': 527, 'name': 'Predraga Radmilca'}, 'city': 'Kragujevac', 'state': 'South Bačka', 'country': 'Serbia', 'postcode': 87697, 'coordinates': {'latitude': '59.2482', 'longitude': '87.8107'}, 'timezone': {'offset': '-8:00', 'description': 'Pacific Time (US &amp; Canada)'}}, 'email': 'suzana.jaksic@example.com', 'login': {'uuid': 'd3c20b5d-da02-4aa1-b42f-c4465dbecb3f', 'username': 'yellowrabbit371', 'password': 'blanche', 'salt': 'MbiNNhnp', 'md5': 'b93d8d3f3f56849f92b92f90c1c99596', 'sha1': 'fcaa4c201aa74ae19050190f556452b004f7e153', 'sha256': 'd5b6895adc9497e740877e70cc5350d722c38d3f92daf794191681c8de9d6468'}, 'dob': {'date': '1958-12-25T15:04:17.424Z', 'age': 65}, 'registered': {'date': '2010-05-31T22:55:23.892Z', 'age': 14}, 'phone': '037-8772-973', 'cell': '068-2807-300', 'id': {'name': 'SID', 'value': '082772199'}, 'picture': {'large': 'https://randomuser.me/api/portraits/women/33.jpg', 'medium': 'https://randomuser.me/api/portraits/med/women/33.jpg', 'thumbnail': 'https://randomuser.me/api/portraits/thumb/women/33.jpg'}, 'nat': 'RS'}], 'info': {'seed': 'f408f57cb4eb97f3', 'results': 1, 'page': 1, 'version': '1.4'}}</msg>
<arg>${json_data}</arg>
<doc>Logs the given message with the given level.</doc>
<status status="PASS" start="2024-07-15T01:09:37.896760" elapsed="0.000223"/>
</kw>
<kw name="Should Be String" owner="String">
<arg>${json_data['results'][0]['gender']}</arg>
<doc>Fails if the given ``item`` is not a string.</doc>
<status status="PASS" start="2024-07-15T01:09:37.897286" elapsed="0.000375"/>
</kw>
<kw name="Should Match Regexp" owner="BuiltIn">
<arg>${json_data['results'][0]['email']}</arg>
<arg>^[a-zA-Z0-9._%+-]+@[a-zA-Z0-9.-]+\.[a-zA-Z]{2,}$</arg>
<doc>Fails if ``string`` does not match ``pattern`` as a regular expression.</doc>
<status status="PASS" start="2024-07-15T01:09:37.897852" elapsed="0.000512"/>
</kw>
<kw name="Should Match Regexp" owner="BuiltIn">
<arg>${json_data['results'][0]['dob']['date']}</arg>
<arg>\\d{4}-\\d{2}-\\d{2}T\\d{2}:\\d{2}:\\d{2}\\.\\d{3}Z</arg>
<doc>Fails if ``string`` does not match ``pattern`` as a regular expression.</doc>
<status status="PASS" start="2024-07-15T01:09:37.898599" elapsed="0.000495"/>
</kw>
<kw name="Should Match Regexp" owner="BuiltIn">
<arg>${json_data['results'][0]['registered']['date']}</arg>
<arg>\\d{4}-\\d{2}-\\d{2}T\\d{2}:\\d{2}:\\d{2}\\.\\d{3}Z</arg>
<doc>Fails if ``string`` does not match ``pattern`` as a regular expression.</doc>
<status status="PASS" start="2024-07-15T01:09:37.899284" elapsed="0.000368"/>
</kw>
<kw name="Should Match Regexp" owner="BuiltIn">
<arg>${json_data['results'][0]['picture']['large']}</arg>
<arg>^https?://.*\.(?:png|jpe?g|gif|bmp)$</arg>
<doc>Fails if ``string`` does not match ``pattern`` as a regular expression.</doc>
<status status="PASS" start="2024-07-15T01:09:37.899837" elapsed="0.000460"/>
</kw>
<kw name="Should Match Regexp" owner="BuiltIn">
<arg>${json_data['results'][0]['picture']['medium']}</arg>
<arg>^https?://.*\.(?:png|jpe?g|gif|bmp)$</arg>
<doc>Fails if ``string`` does not match ``pattern`` as a regular expression.</doc>
<status status="PASS" start="2024-07-15T01:09:37.900484" elapsed="0.000379"/>
</kw>
<kw name="Should Match Regexp" owner="BuiltIn">
<arg>${json_data['results'][0]['picture']['thumbnail']}</arg>
<arg>^https?://.*\.(?:png|jpe?g|gif|bmp)$</arg>
<doc>Fails if ``string`` does not match ``pattern`` as a regular expression.</doc>
<status status="PASS" start="2024-07-15T01:09:37.901046" elapsed="0.000347"/>
</kw>
<kw name="Log" owner="BuiltIn">
<msg time="2024-07-15T01:09:37.901905" level="INFO">{'large': 'https://randomuser.me/api/portraits/women/33.jpg', 'medium': 'https://randomuser.me/api/portraits/med/women/33.jpg', 'thumbnail': 'https://randomuser.me/api/portraits/thumb/women/33.jpg'}</msg>
<arg>${json_data['results'][0]['picture']}</arg>
<doc>Logs the given message with the given level.</doc>
<status status="PASS" start="2024-07-15T01:09:37.901577" elapsed="0.000372"/>
</kw>
<status status="PASS" start="2024-07-15T01:09:37.815358" elapsed="0.086863"/>
</kw>
<kw name="Teste de Tipos de Dados - Postcode" owner="random-user-service">
<kw name="GET On Session" owner="RequestsLibrary">
<msg time="2024-07-15T01:09:37.995764" level="INFO">GET Request : url=https://randomuser.me/api 
 path_url=/api 
 headers={'User-Agent': 'python-requests/2.32.3', 'Accept-Encoding': 'gzip, deflate', 'Accept': '*/*', 'Connection': 'keep-alive'} 
 body=None 
 </msg>
<msg time="2024-07-15T01:09:37.995846" level="INFO">GET Response : url=https://randomuser.me/api 
 status=200, reason=OK 
 headers={'Date': 'Mon, 15 Jul 2024 01:09:37 GMT', 'Content-Type': 'application/json; charset=utf-8', 'Transfer-Encoding': 'chunked', 'Connection': 'keep-alive', 'X-Powered-By': 'Express', 'Access-Control-Allow-Origin': '*', 'Cache-Control': 'no-cache', 'ETag': 'W/"4a5-Mz+jwju1x5fds2EVaQ0FBPzvAE8"', 'Vary': 'Accept-Encoding', 'Content-Encoding': 'gzip', 'CF-Cache-Status': 'DYNAMIC', 'Report-To': '{"endpoints":[{"url":"https:\\/\\/a.nel.cloudflare.com\\/report\\/v4?s=%2F%2BphzLgbyg88SlPeZeis4Z6b5FFSVijq4TWv8XZc1HJPbFV2p3f1%2FCpSd7d%2Bczneo0NzkoAHR%2FEe9znAJMblYyBW%2BoYcrSgPZ%2F2cN%2Bayi7DwAppqqBcDN1lFW8TgDUeu"}],"group":"cf-nel","max_age":604800}', 'NEL': '{"success_fraction":0,"report_to":"cf-nel","max_age":604800}', 'Server': 'cloudflare', 'CF-RAY': '8a35de3feb422d52-ORD', 'alt-svc': 'h3=":443"; ma=86400'} 
 body={"results":[{"gender":"female","name":{"title":"Miss","first":"آنیتا","last":"صدر"},"location":{"street":{"number":5838,"name":"جلال آل احمد"},"city":"همدان","state":"خراسان رضوی","country":"Iran","postcode":63807,"coordinates":{"latitude":"20.3859","longitude":"101.2358"},"timezone":{"offset":"-6:00","description":"Central Time (US &amp; Canada), Mexico City"}},"email":"anyt.sdr@example.com","login":{"uuid":"063392c4-9106-4b23-97d5-ad853320597f","username":"goldenmouse847","password":"slayer1","salt":"fbyTipxC","md5":"8bb10714505cea0f1e4bdcb28de9b158","sha1":"6226e985cd53d910c86784615d66576301eaeb52","sha256":"df6536d58280eb6cfda2a96a42c4e6bef053fef3824a50f5040b38a90a014cba"},"dob":{"date":"1975-07-23T13:42:55.565Z","age":48},"registered":{"date":"2009-09-26T03:56:03.349Z","age":14},"phone":"021-03649654","cell":"0952-209-5214","id":{"name":"","value":null},"picture":{"large":"https://randomuser.me/api/portraits/women/20.jpg","medium":"https://randomuser.me/api/portraits/med/women/20.jpg","thumbnail":"https://randomuser.me/api/portraits/thumb/women/20.jpg"},"nat":"IR"}],"info":{"seed":"15f31f457d515e94","results":1,"page":1,"version":"1.4"}} 
 </msg>
<msg time="2024-07-15T01:09:37.995923" level="INFO">/opt/hostedtoolcache/Python/3.12.4/x64/lib/python3.12/site-packages/urllib3/connectionpool.py:1099: InsecureRequestWarning: Unverified HTTPS request is being made to host 'randomuser.me'. Adding certificate verification is strongly advised. See: https://urllib3.readthedocs.io/en/latest/advanced-usage.html#tls-warnings
  warnings.warn(</msg>
<msg time="2024-07-15T01:09:37.996051" level="INFO">${response} = &lt;Response [200]&gt;</msg>
<var>${response}</var>
<arg>consultarAPI</arg>
<arg>/api</arg>
<doc>Sends a GET request on a previously created HTTP Session.</doc>
<status status="PASS" start="2024-07-15T01:09:37.902674" elapsed="0.093425"/>
</kw>
<kw name="Set Variable" owner="BuiltIn">
<msg time="2024-07-15T01:09:37.997006" level="INFO">${json_data} = {'results': [{'gender': 'female', 'name': {'title': 'Miss', 'first': 'آنیتا', 'last': 'صدر'}, 'location': {'street': {'number': 5838, 'name': 'جلال آل احمد'}, 'city': 'همدان', 'state': 'خراسان رضوی', ...</msg>
<var>${json_data}</var>
<arg>${response.json()}</arg>
<doc>Returns the given values which can then be assigned to a variables.</doc>
<status status="PASS" start="2024-07-15T01:09:37.996517" elapsed="0.000520"/>
</kw>
<kw name="Log" owner="BuiltIn">
<msg time="2024-07-15T01:09:37.997505" level="INFO">{'results': [{'gender': 'female', 'name': {'title': 'Miss', 'first': 'آنیتا', 'last': 'صدر'}, 'location': {'street': {'number': 5838, 'name': 'جلال آل احمد'}, 'city': 'همدان', 'state': 'خراسان رضوی', 'country': 'Iran', 'postcode': 63807, 'coordinates': {'latitude': '20.3859', 'longitude': '101.2358'}, 'timezone': {'offset': '-6:00', 'description': 'Central Time (US &amp; Canada), Mexico City'}}, 'email': 'anyt.sdr@example.com', 'login': {'uuid': '063392c4-9106-4b23-97d5-ad853320597f', 'username': 'goldenmouse847', 'password': 'slayer1', 'salt': 'fbyTipxC', 'md5': '8bb10714505cea0f1e4bdcb28de9b158', 'sha1': '6226e985cd53d910c86784615d66576301eaeb52', 'sha256': 'df6536d58280eb6cfda2a96a42c4e6bef053fef3824a50f5040b38a90a014cba'}, 'dob': {'date': '1975-07-23T13:42:55.565Z', 'age': 48}, 'registered': {'date': '2009-09-26T03:56:03.349Z', 'age': 14}, 'phone': '021-03649654', 'cell': '0952-209-5214', 'id': {'name': '', 'value': None}, 'picture': {'large': 'https://randomuser.me/api/portraits/women/20.jpg', 'medium': 'https://randomuser.me/api/portraits/med/women/20.jpg', 'thumbnail': 'https://randomuser.me/api/portraits/thumb/women/20.jpg'}, 'nat': 'IR'}], 'info': {'seed': '15f31f457d515e94', 'results': 1, 'page': 1, 'version': '1.4'}}</msg>
<arg>${json_data}</arg>
<doc>Logs the given message with the given level.</doc>
<status status="PASS" start="2024-07-15T01:09:37.997345" elapsed="0.000212"/>
</kw>
<kw name="Should Be Equal As Numbers" owner="BuiltIn">
<arg>${json_data['results'][0]['location']['postcode']}</arg>
<arg>${json_data['results'][0]['location']['postcode']}</arg>
<doc>Fails if objects are unequal after converting them to real numbers.</doc>
<status status="PASS" start="2024-07-15T01:09:37.997857" elapsed="0.000627"/>
</kw>
<kw name="Log" owner="BuiltIn">
<msg time="2024-07-15T01:09:37.999140" level="INFO">63807</msg>
<arg>${json_data['results'][0]['location']['postcode']}</arg>
<doc>Logs the given message with the given level.</doc>
<status status="PASS" start="2024-07-15T01:09:37.998672" elapsed="0.000542"/>
</kw>
<status status="PASS" start="2024-07-15T01:09:37.902446" elapsed="0.097025"/>
</kw>
<doc>Testa se os tipos de dados na resposta da API estão corretos.</doc>
<tag>testeTiposDados</tag>
<status status="PASS" start="2024-07-15T01:09:37.814839" elapsed="0.184798"/>
</test>
<test id="s1-s1-t5" name="Validar conteudo" line="35">
<kw name="Teste de Tipos de Conteudo" owner="random-user-service">
<kw name="GET On Session" owner="RequestsLibrary">
<msg time="2024-07-15T01:09:38.092152" level="INFO">GET Request : url=https://randomuser.me/api 
 path_url=/api 
 headers={'User-Agent': 'python-requests/2.32.3', 'Accept-Encoding': 'gzip, deflate', 'Accept': '*/*', 'Connection': 'keep-alive'} 
 body=None 
 </msg>
<msg time="2024-07-15T01:09:38.092236" level="INFO">GET Response : url=https://randomuser.me/api 
 status=200, reason=OK 
 headers={'Date': 'Mon, 15 Jul 2024 01:09:38 GMT', 'Content-Type': 'application/json; charset=utf-8', 'Transfer-Encoding': 'chunked', 'Connection': 'keep-alive', 'X-Powered-By': 'Express', 'Access-Control-Allow-Origin': '*', 'Cache-Control': 'no-cache', 'ETag': 'W/"48d-Cb0tA/s1neeJrz7lXLdxlXrkiKY"', 'Vary': 'Accept-Encoding', 'Content-Encoding': 'gzip', 'CF-Cache-Status': 'DYNAMIC', 'Report-To': '{"endpoints":[{"url":"https:\\/\\/a.nel.cloudflare.com\\/report\\/v4?s=Bok8lzEgT7wtxI8LER1VjHl1BcXlIa9a7BkOJtzjJfVmXdC6PXIsZjM8XHqBF26YVJQUIPv1BZf%2BE7Eq2K5WbExqldWTU6OTZPFZbzV4ERSQ81dEci5bG1uJeEOx6NfN"}],"group":"cf-nel","max_age":604800}', 'NEL': '{"success_fraction":0,"report_to":"cf-nel","max_age":604800}', 'Server': 'cloudflare', 'CF-RAY': '8a35de408bd82d52-ORD', 'alt-svc': 'h3=":443"; ma=86400'} 
 body={"results":[{"gender":"female","name":{"title":"Ms","first":"Sofia","last":"Smith"},"location":{"street":{"number":6367,"name":"Maple Ave"},"city":"Souris","state":"Yukon","country":"Canada","postcode":"E4B 8S6","coordinates":{"latitude":"-71.2064","longitude":"84.5224"},"timezone":{"offset":"+3:00","description":"Baghdad, Riyadh, Moscow, St. Petersburg"}},"email":"sofia.smith@example.com","login":{"uuid":"edf8a9cf-321e-4dbe-b938-94e340830690","username":"orangemouse377","password":"coffee","salt":"kg52U4DL","md5":"428c5c80549bde623f6ff96fe0f19c10","sha1":"e7fd6ea82bbaf05058c9606923e2d28b142f3108","sha256":"b3f8de91dc0830e127e5f4ca96585011c57687ad8b6fb3b09f1be48197d56e73"},"dob":{"date":"1997-01-02T10:24:06.982Z","age":27},"registered":{"date":"2006-02-24T20:19:31.479Z","age":18},"phone":"B52 B45-0848","cell":"W90 B29-2468","id":{"name":"SIN","value":"496815671"},"picture":{"large":"https://randomuser.me/api/portraits/women/29.jpg","medium":"https://randomuser.me/api/portraits/med/women/29.jpg","thumbnail":"https://randomuser.me/api/portraits/thumb/women/29.jpg"},"nat":"CA"}],"info":{"seed":"a2ecf9ccf45ffeaf","results":1,"page":1,"version":"1.4"}} 
 </msg>
<msg time="2024-07-15T01:09:38.092307" level="INFO">/opt/hostedtoolcache/Python/3.12.4/x64/lib/python3.12/site-packages/urllib3/connectionpool.py:1099: InsecureRequestWarning: Unverified HTTPS request is being made to host 'randomuser.me'. Adding certificate verification is strongly advised. See: https://urllib3.readthedocs.io/en/latest/advanced-usage.html#tls-warnings
  warnings.warn(</msg>
<msg time="2024-07-15T01:09:38.092418" level="INFO">${response} = &lt;Response [200]&gt;</msg>
<var>${response}</var>
<arg>consultarAPI</arg>
<arg>/api</arg>
<doc>Sends a GET request on a previously created HTTP Session.</doc>
<status status="PASS" start="2024-07-15T01:09:38.002202" elapsed="0.090246"/>
</kw>
<kw name="Set Variable" owner="BuiltIn">
<msg time="2024-07-15T01:09:38.093261" level="INFO">${json_data} = {'results': [{'gender': 'female', 'name': {'title': 'Ms', 'first': 'Sofia', 'last': 'Smith'}, 'location': {'street': {'number': 6367, 'name': 'Maple Ave'}, 'city': 'Souris', 'state': 'Yukon', 'country...</msg>
<var>${json_data}</var>
<arg>${response.json()}</arg>
<doc>Returns the given values which can then be assigned to a variables.</doc>
<status status="PASS" start="2024-07-15T01:09:38.092826" elapsed="0.000463"/>
</kw>
<kw name="Set Variable" owner="BuiltIn">
<msg time="2024-07-15T01:09:38.093989" level="INFO">${name_title} = Ms</msg>
<var>${name_title}</var>
<arg>${json_data["results"][0]["name"]["title"]}</arg>
<doc>Returns the given values which can then be assigned to a variables.</doc>
<status status="PASS" start="2024-07-15T01:09:38.093610" elapsed="0.000404"/>
</kw>
<kw name="Create List" owner="BuiltIn">
<msg time="2024-07-15T01:09:38.094457" level="INFO">${allowed_titles} = ['Mr', 'Ms', 'Miss', 'Mrs', 'Madame', 'Monsieur']</msg>
<var>${allowed_titles}</var>
<arg>Mr</arg>
<arg>Ms</arg>
<arg>Miss</arg>
<arg>Mrs</arg>
<arg>Madame</arg>
<arg>Monsieur</arg>
<doc>Returns a list containing given items.</doc>
<status status="PASS" start="2024-07-15T01:09:38.094309" elapsed="0.000172"/>
</kw>
<kw name="List Should Contain Value" owner="Collections">
<arg>${allowed_titles}</arg>
<arg>${name_title}</arg>
<doc>Fails if the ``value`` is not found from ``list``.</doc>
<status status="PASS" start="2024-07-15T01:09:38.094778" elapsed="0.000179"/>
</kw>
<kw name="Set Variable" owner="BuiltIn">
<msg time="2024-07-15T01:09:38.095496" level="INFO">${name_country} = CA</msg>
<var>${name_country}</var>
<arg>${json_data["results"][0]["nat"]}</arg>
<doc>Returns the given values which can then be assigned to a variables.</doc>
<status status="PASS" start="2024-07-15T01:09:38.095133" elapsed="0.000387"/>
</kw>
<kw name="Create List" owner="BuiltIn">
<msg time="2024-07-15T01:09:38.096398" level="INFO">${list_country} = ['AD', 'AE', 'AF', 'AG', 'AI', 'AL', 'AM', 'AO', 'AQ', 'AR', 'AS', 'AT', 'AU', 'AW', 'AX', 'AZ', 'BA', 'BB', 'BD', 'BE', 'BF', 'BG', 'BH', 'BI', 'BJ', 'BL', 'BM', 'BN', 'BO', 'BQ', 'BR', 'BS', 'BT', '...</msg>
<var>${list_country}</var>
<arg>AD</arg>
<arg>AE</arg>
<arg>AF</arg>
<arg>AG</arg>
<arg>AI</arg>
<arg>AL</arg>
<arg>AM</arg>
<arg>AO</arg>
<arg>AQ</arg>
<arg>AR</arg>
<arg>AS</arg>
<arg>AT</arg>
<arg>AU</arg>
<arg>AW</arg>
<arg>AX</arg>
<arg>AZ</arg>
<arg>BA</arg>
<arg>BB</arg>
<arg>BD</arg>
<arg>BE</arg>
<arg>BF</arg>
<arg>BG</arg>
<arg>BH</arg>
<arg>BI</arg>
<arg>BJ</arg>
<arg>BL</arg>
<arg>BM</arg>
<arg>BN</arg>
<arg>BO</arg>
<arg>BQ</arg>
<arg>BR</arg>
<arg>BS</arg>
<arg>BT</arg>
<arg>BV</arg>
<arg>BW</arg>
<arg>BY</arg>
<arg>BZ</arg>
<arg>CA</arg>
<arg>CC</arg>
<arg>CD</arg>
<arg>CF</arg>
<arg>CG</arg>
<arg>CH</arg>
<arg>CI</arg>
<arg>CK</arg>
<arg>CL</arg>
<arg>CM</arg>
<arg>CN</arg>
<arg>CO</arg>
<arg>CR</arg>
<arg>CU</arg>
<arg>CV</arg>
<arg>CW</arg>
<arg>CX</arg>
<arg>CY</arg>
<arg>CZ</arg>
<arg>DE</arg>
<arg>DJ</arg>
<arg>DK</arg>
<arg>DM</arg>
<arg>DO</arg>
<arg>DZ</arg>
<arg>EC</arg>
<arg>EE</arg>
<arg>EG</arg>
<arg>EH</arg>
<arg>ER</arg>
<arg>ES</arg>
<arg>ET</arg>
<arg>FI</arg>
<arg>FJ</arg>
<arg>FK</arg>
<arg>FM</arg>
<arg>FO</arg>
<arg>FR</arg>
<arg>GA</arg>
<arg>GB</arg>
<arg>GD</arg>
<arg>GE</arg>
<arg>GF</arg>
<arg>GG</arg>
<arg>GH</arg>
<arg>GI</arg>
<arg>GL</arg>
<arg>GM</arg>
<arg>GN</arg>
<arg>GP</arg>
<arg>GQ</arg>
<arg>GR</arg>
<arg>GS</arg>
<arg>GT</arg>
<arg>GU</arg>
<arg>GW</arg>
<arg>GY</arg>
<arg>HK</arg>
<arg>HM</arg>
<arg>HN</arg>
<arg>HR</arg>
<arg>HT</arg>
<arg>HU</arg>
<arg>ID</arg>
<arg>IE</arg>
<arg>IL</arg>
<arg>IM</arg>
<arg>IN</arg>
<arg>IO</arg>
<arg>IQ</arg>
<arg>IR</arg>
<arg>IS</arg>
<arg>IT</arg>
<arg>JE</arg>
<arg>JM</arg>
<arg>JO</arg>
<arg>JP</arg>
<arg>KE</arg>
<arg>KG</arg>
<arg>KH</arg>
<arg>KI</arg>
<arg>KM</arg>
<arg>KN</arg>
<arg>KP</arg>
<arg>KR</arg>
<arg>KW</arg>
<arg>KY</arg>
<arg>KZ</arg>
<arg>LA</arg>
<arg>LB</arg>
<arg>LC</arg>
<arg>LI</arg>
<arg>LK</arg>
<arg>LR</arg>
<arg>LS</arg>
<arg>LT</arg>
<arg>LU</arg>
<arg>LV</arg>
<arg>LY</arg>
<arg>MA</arg>
<arg>MC</arg>
<arg>MD</arg>
<arg>ME</arg>
<arg>MF</arg>
<arg>MG</arg>
<arg>MH</arg>
<arg>MK</arg>
<arg>ML</arg>
<arg>MM</arg>
<arg>MN</arg>
<arg>MO</arg>
<arg>MP</arg>
<arg>MQ</arg>
<arg>MR</arg>
<arg>MS</arg>
<arg>MT</arg>
<arg>MU</arg>
<arg>MV</arg>
<arg>MW</arg>
<arg>MX</arg>
<arg>MY</arg>
<arg>MZ</arg>
<arg>NA</arg>
<arg>NC</arg>
<arg>NE</arg>
<arg>NF</arg>
<arg>NG</arg>
<arg>NI</arg>
<arg>NL</arg>
<arg>NO</arg>
<arg>NP</arg>
<arg>NR</arg>
<arg>NU</arg>
<arg>NZ</arg>
<arg>OM</arg>
<arg>PA</arg>
<arg>PE</arg>
<arg>PF</arg>
<arg>PG</arg>
<arg>PH</arg>
<arg>PK</arg>
<arg>PL</arg>
<arg>PM</arg>
<arg>PN</arg>
<arg>PR</arg>
<arg>PS</arg>
<arg>PT</arg>
<arg>PW</arg>
<arg>PY</arg>
<arg>QA</arg>
<arg>RE</arg>
<arg>RO</arg>
<arg>RS</arg>
<arg>RU</arg>
<arg>RW</arg>
<arg>SA</arg>
<arg>SB</arg>
<arg>SC</arg>
<arg>SD</arg>
<arg>SE</arg>
<arg>SG</arg>
<arg>SH</arg>
<arg>SI</arg>
<arg>SJ</arg>
<arg>SK</arg>
<arg>SL</arg>
<arg>SM</arg>
<arg>SN</arg>
<arg>SO</arg>
<arg>SR</arg>
<arg>SS</arg>
<arg>ST</arg>
<arg>SV</arg>
<arg>SX</arg>
<arg>SY</arg>
<arg>SZ</arg>
<arg>TC</arg>
<arg>TD</arg>
<arg>TF</arg>
<arg>TG</arg>
<arg>TH</arg>
<arg>TJ</arg>
<arg>TK</arg>
<arg>TL</arg>
<arg>TM</arg>
<arg>TN</arg>
<arg>TO</arg>
<arg>TR</arg>
<arg>TT</arg>
<arg>TV</arg>
<arg>TW</arg>
<arg>TZ</arg>
<arg>UA</arg>
<arg>UG</arg>
<arg>UM</arg>
<arg>US</arg>
<arg>UY</arg>
<arg>UZ</arg>
<arg>VA</arg>
<arg>VC</arg>
<arg>VE</arg>
<arg>VG</arg>
<arg>VI</arg>
<arg>VN</arg>
<arg>VU</arg>
<arg>WF</arg>
<arg>WS</arg>
<arg>XK</arg>
<arg>YE</arg>
<arg>YT</arg>
<arg>ZA</arg>
<arg>ZM</arg>
<arg>ZW</arg>
<doc>Returns a list containing given items.</doc>
<status status="PASS" start="2024-07-15T01:09:38.095807" elapsed="0.000617"/>
</kw>
<kw name="List Should Contain Value" owner="Collections">
<arg>${list_country}</arg>
<arg>${name_country}</arg>
<doc>Fails if the ``value`` is not found from ``list``.</doc>
<status status="PASS" start="2024-07-15T01:09:38.097245" elapsed="0.000203"/>
</kw>
<kw name="Run Keyword If" owner="BuiltIn">
<kw name="Should Be True" owner="BuiltIn">
<arg>${True}</arg>
<doc>Fails if the given condition is not true.</doc>
<status status="PASS" start="2024-07-15T01:09:38.098397" elapsed="0.000141"/>
</kw>
<arg>${json_data["results"][0]["location"]["coordinates"]["latitude"]} &gt;= -90 and ${json_data["results"][0]["location"]["coordinates"]["latitude"]} &lt;= 90</arg>
<arg>Should Be True</arg>
<arg>${True}</arg>
<doc>Runs the given keyword with the given arguments, if ``condition`` is true.</doc>
<status status="PASS" start="2024-07-15T01:09:38.097652" elapsed="0.001010"/>
</kw>
<kw name="Run Keyword If" owner="BuiltIn">
<kw name="Should Be True" owner="BuiltIn">
<arg>${True}</arg>
<doc>Fails if the given condition is not true.</doc>
<status status="PASS" start="2024-07-15T01:09:38.099535" elapsed="0.000233"/>
</kw>
<arg>${json_data["results"][0]["location"]["coordinates"]["longitude"]} &gt;= -180 and ${json_data["results"][0]["location"]["coordinates"]["longitude"]} &lt;= 180</arg>
<arg>Should Be True</arg>
<arg>${True}</arg>
<doc>Runs the given keyword with the given arguments, if ``condition`` is true.</doc>
<status status="PASS" start="2024-07-15T01:09:38.098843" elapsed="0.001053"/>
</kw>
<status status="PASS" start="2024-07-15T01:09:38.001981" elapsed="0.098044"/>
</kw>
<doc>Testa o conteúdo específico dos campos retornados pela API.</doc>
<tag>testeConteudo</tag>
<status status="PASS" start="2024-07-15T01:09:38.001456" elapsed="0.098712"/>
</test>
<status status="PASS" start="2024-07-15T01:09:37.183152" elapsed="0.919018"/>
</suite>
<status status="PASS" start="2024-07-15T01:09:37.168663" elapsed="0.938556"/>
</suite>
<statistics>
<total>
<stat pass="5" fail="0" skip="0">All Tests</stat>
</total>
<tag>
<stat pass="1" fail="0" skip="0">testeConteudo</stat>
<stat pass="1" fail="0" skip="0">testeEstruturaResposta</stat>
<stat pass="1" fail="0" skip="0">testeRequisicaoBasica</stat>
<stat pass="1" fail="0" skip="0">testeTiposDados</stat>
</tag>
<suite>
<stat pass="5" fail="0" skip="0" id="s1" name="Tests">Tests</stat>
<stat pass="5" fail="0" skip="0" id="s1-s1" name="Random-User-Test">Tests.Random-User-Test</stat>
</suite>
</statistics>
<errors>
</errors>
</robot>
