<?xml version="1.0" encoding="UTF-8"?>
<robot generator="Robot 7.0.1 (Python 3.12.4 on linux)" generated="2024-07-04T12:28:40.661845" rpa="false" schemaversion="5">
<suite id="s1" name="Tests" source="/home/runner/work/ApiRandomUser/ApiRandomUser/RamdonUser/tests">
<suite id="s1-s1" name="Random-User-Test" source="/home/runner/work/ApiRandomUser/ApiRandomUser/RamdonUser/tests/random-user-test.robot">
<test id="s1-s1-t1" name="Conectar" line="13">
<kw name="Conectar API" owner="random-user-service">
<kw name="Create Session" owner="RequestsLibrary">
<msg time="2024-07-04T12:28:41.113056" level="INFO">Creating Session using : alias=consultarAPI, url=https://randomuser.me/, headers={},                     cookies={}, auth=None, timeout=None, proxies=None, verify=False,                     debug=0 </msg>
<arg>consultarAPI</arg>
<arg>${URL}</arg>
<doc>Create Session: create a HTTP session to a server</doc>
<status status="PASS" start="2024-07-04T12:28:41.112805" elapsed="0.000446"/>
</kw>
<status status="PASS" start="2024-07-04T12:28:41.111792" elapsed="0.001829"/>
</kw>
<status status="PASS" start="2024-07-04T12:28:41.111202" elapsed="0.002615"/>
</test>
<test id="s1-s1-t2" name="Validar retorno 200 e JSON Válido" line="16">
<kw name="Teste de Requisicao Basica" owner="random-user-service">
<kw name="GET On Session" owner="RequestsLibrary">
<msg time="2024-07-04T12:28:41.232858" level="INFO">GET Request : url=https://randomuser.me/api 
 path_url=/api 
 headers={'User-Agent': 'python-requests/2.32.3', 'Accept-Encoding': 'gzip, deflate', 'Accept': '*/*', 'Connection': 'keep-alive'} 
 body=None 
 </msg>
<msg time="2024-07-04T12:28:41.233011" level="INFO">GET Response : url=https://randomuser.me/api 
 status=200, reason=OK 
 headers={'Date': 'Thu, 04 Jul 2024 12:28:41 GMT', 'Content-Type': 'application/json; charset=utf-8', 'Transfer-Encoding': 'chunked', 'Connection': 'keep-alive', 'X-Powered-By': 'Express', 'Access-Control-Allow-Origin': '*', 'Cache-Control': 'no-cache', 'ETag': 'W/"472-W5BimRSGZSN2ar8AL0IOtHkOz8Q"', 'Vary': 'Accept-Encoding', 'Content-Encoding': 'gzip', 'CF-Cache-Status': 'DYNAMIC', 'Report-To': '{"endpoints":[{"url":"https:\\/\\/a.nel.cloudflare.com\\/report\\/v4?s=s8txPbp7ZjaPQAKkK2rYcE1oLgNZSn6OJEK3YzTOO97fCx93oo6Z2a%2FuDk0r8Q9MFsj8MdU%2FtuUvSDU9Qb49mB8Pb%2Fou%2B1POWSs7EQxhoXSYz4NxyqjECo76HXzjDp2a"}],"group":"cf-nel","max_age":604800}', 'NEL': '{"success_fraction":0,"report_to":"cf-nel","max_age":604800}', 'Server': 'cloudflare', 'CF-RAY': '89df1dd52fe32523-SJC', 'alt-svc': 'h3=":443"; ma=86400'} 
 body={"results":[{"gender":"male","name":{"title":"Mr","first":"Darin","last":"Neteland"},"location":{"street":{"number":5747,"name":"Gangstuveien"},"city":"Hardbakke","state":"Møre og Romsdal","country":"Norway","postcode":"7600","coordinates":{"latitude":"44.1067","longitude":"-110.6641"},"timezone":{"offset":"-9:00","description":"Alaska"}},"email":"darin.neteland@example.com","login":{"uuid":"29293465-9663-448a-8fe6-d96ef5500ecd","username":"whitekoala861","password":"whiskey","salt":"KzynsFNd","md5":"6fb5fb954f46082c1123d5ae04656b54","sha1":"5f49574e658eee2a1ba78a4f3a699fcdb0133322","sha256":"729095ba9a3659b99a299d0e03b261be1c0dd765510946d8b4b9b0ac96e295b6"},"dob":{"date":"1977-05-13T05:26:08.922Z","age":47},"registered":{"date":"2010-04-08T20:33:18.033Z","age":14},"phone":"83300878","cell":"42561083","id":{"name":"FN","value":"13057737977"},"picture":{"large":"https://randomuser.me/api/portraits/men/88.jpg","medium":"https://randomuser.me/api/portraits/med/men/88.jpg","thumbnail":"https://randomuser.me/api/portraits/thumb/men/88.jpg"},"nat":"NO"}],"info":{"seed":"91eaf3411cb682fb","results":1,"page":1,"version":"1.4"}} 
 </msg>
<msg time="2024-07-04T12:28:41.233106" level="INFO">/opt/hostedtoolcache/Python/3.12.4/x64/lib/python3.12/site-packages/urllib3/connectionpool.py:1099: InsecureRequestWarning: Unverified HTTPS request is being made to host 'randomuser.me'. Adding certificate verification is strongly advised. See: https://urllib3.readthedocs.io/en/latest/advanced-usage.html#tls-warnings
  warnings.warn(</msg>
<msg time="2024-07-04T12:28:41.233262" level="INFO">${response} = &lt;Response [200]&gt;</msg>
<var>${response}</var>
<arg>consultarAPI</arg>
<arg>/api</arg>
<doc>Sends a GET request on a previously created HTTP Session.</doc>
<status status="PASS" start="2024-07-04T12:28:41.116445" elapsed="0.116860"/>
</kw>
<kw name="Should Be Equal As Numbers" owner="BuiltIn">
<msg time="2024-07-04T12:28:41.234476" level="INFO">Argument types are:
&lt;class 'int'&gt;
&lt;class 'str'&gt;</msg>
<arg>${response.status_code}</arg>
<arg>200</arg>
<doc>Fails if objects are unequal after converting them to real numbers.</doc>
<status status="PASS" start="2024-07-04T12:28:41.233972" elapsed="0.000572"/>
</kw>
<kw name="Log" owner="BuiltIn">
<msg time="2024-07-04T12:28:41.235264" level="INFO">200</msg>
<arg>${response.status_code}</arg>
<doc>Logs the given message with the given level.</doc>
<status status="PASS" start="2024-07-04T12:28:41.234899" elapsed="0.000409"/>
</kw>
<kw name="Set Variable" owner="BuiltIn">
<msg time="2024-07-04T12:28:41.236080" level="INFO">${json_data} = {'results': [{'gender': 'male', 'name': {'title': 'Mr', 'first': 'Darin', 'last': 'Neteland'}, 'location': {'street': {'number': 5747, 'name': 'Gangstuveien'}, 'city': 'Hardbakke', 'state': 'Møre og R...</msg>
<var>${json_data}</var>
<arg>${response.json()}</arg>
<doc>Returns the given values which can then be assigned to a variables.</doc>
<status status="PASS" start="2024-07-04T12:28:41.235633" elapsed="0.000477"/>
</kw>
<kw name="Dictionary Should Contain Key" owner="Collections">
<arg>${json_data}</arg>
<arg>results</arg>
<doc>Fails if ``key`` is not found from ``dictionary``.</doc>
<status status="PASS" start="2024-07-04T12:28:41.236459" elapsed="0.000176"/>
</kw>
<status status="PASS" start="2024-07-04T12:28:41.116171" elapsed="0.120617"/>
</kw>
<doc>Testa se a API responde corretamente e retorna um objeto JSON válido.</doc>
<tag>testeRequisicaoBasica</tag>
<status status="PASS" start="2024-07-04T12:28:41.115689" elapsed="0.121281"/>
</test>
<test id="s1-s1-t3" name="Validar estrutura de resposta" line="22">
<kw name="Teste de Estrutura de Resposta" owner="random-user-service">
<kw name="GET On Session" owner="RequestsLibrary">
<msg time="2024-07-04T12:28:41.326433" level="INFO">GET Request : url=https://randomuser.me/api 
 path_url=/api 
 headers={'User-Agent': 'python-requests/2.32.3', 'Accept-Encoding': 'gzip, deflate', 'Accept': '*/*', 'Connection': 'keep-alive'} 
 body=None 
 </msg>
<msg time="2024-07-04T12:28:41.326522" level="INFO">GET Response : url=https://randomuser.me/api 
 status=200, reason=OK 
 headers={'Date': 'Thu, 04 Jul 2024 12:28:41 GMT', 'Content-Type': 'application/json; charset=utf-8', 'Transfer-Encoding': 'chunked', 'Connection': 'keep-alive', 'X-Powered-By': 'Express', 'Access-Control-Allow-Origin': '*', 'Cache-Control': 'no-cache', 'ETag': 'W/"49a-+2ovdCP/A2x7S34sDU9lyhH3xes"', 'Vary': 'Accept-Encoding', 'Content-Encoding': 'gzip', 'CF-Cache-Status': 'DYNAMIC', 'Report-To': '{"endpoints":[{"url":"https:\\/\\/a.nel.cloudflare.com\\/report\\/v4?s=xKNXjOPmtGEG%2BuYa9Zu%2FIPHfG5rv0FcEySmjUY9mb7RdZ4AC986UppTkFjOSFK0DjwrK1rh3TDVErdbLdyUXir%2F98TWtZTdAlvCTm1FVLziqLef9ZVguRCSGOCNSINWA"}],"group":"cf-nel","max_age":604800}', 'NEL': '{"success_fraction":0,"report_to":"cf-nel","max_age":604800}', 'Server': 'cloudflare', 'CF-RAY': '89df1dd5c84d2523-SJC', 'alt-svc': 'h3=":443"; ma=86400'} 
 body={"results":[{"gender":"female","name":{"title":"Ms","first":"Olivia","last":"Larson"},"location":{"street":{"number":3320,"name":"Green Rd"},"city":"Brisbane","state":"South Australia","country":"Australia","postcode":1340,"coordinates":{"latitude":"-85.8485","longitude":"174.8683"},"timezone":{"offset":"+5:00","description":"Ekaterinburg, Islamabad, Karachi, Tashkent"}},"email":"olivia.larson@example.com","login":{"uuid":"b8fa5528-df0a-4a25-9581-f6e97fb4c3a2","username":"bigwolf451","password":"kungfu","salt":"7dMNjtvv","md5":"c8fb604c131d13ae946b08e352722088","sha1":"c8d6e9d5bbd69d5e033e0054b3008a574659256a","sha256":"8c2ef37d0b11df3093adf1173192a7e1919deed053c003e194a3d6d189caf527"},"dob":{"date":"1996-12-26T13:07:10.445Z","age":27},"registered":{"date":"2014-06-11T02:45:59.846Z","age":10},"phone":"09-6281-6198","cell":"0471-103-397","id":{"name":"TFN","value":"009659640"},"picture":{"large":"https://randomuser.me/api/portraits/women/48.jpg","medium":"https://randomuser.me/api/portraits/med/women/48.jpg","thumbnail":"https://randomuser.me/api/portraits/thumb/women/48.jpg"},"nat":"AU"}],"info":{"seed":"83c5b679fa8db5c7","results":1,"page":1,"version":"1.4"}} 
 </msg>
<msg time="2024-07-04T12:28:41.326631" level="INFO">/opt/hostedtoolcache/Python/3.12.4/x64/lib/python3.12/site-packages/urllib3/connectionpool.py:1099: InsecureRequestWarning: Unverified HTTPS request is being made to host 'randomuser.me'. Adding certificate verification is strongly advised. See: https://urllib3.readthedocs.io/en/latest/advanced-usage.html#tls-warnings
  warnings.warn(</msg>
<msg time="2024-07-04T12:28:41.326728" level="INFO">${response} = &lt;Response [200]&gt;</msg>
<var>${response}</var>
<arg>consultarAPI</arg>
<arg>/api</arg>
<doc>Sends a GET request on a previously created HTTP Session.</doc>
<status status="PASS" start="2024-07-04T12:28:41.239619" elapsed="0.087152"/>
</kw>
<kw name="Set Variable" owner="BuiltIn">
<msg time="2024-07-04T12:28:41.327855" level="INFO">${json_data} = {'results': [{'gender': 'female', 'name': {'title': 'Ms', 'first': 'Olivia', 'last': 'Larson'}, 'location': {'street': {'number': 3320, 'name': 'Green Rd'}, 'city': 'Brisbane', 'state': 'South Austral...</msg>
<var>${json_data}</var>
<arg>${response.json()}</arg>
<doc>Returns the given values which can then be assigned to a variables.</doc>
<status status="PASS" start="2024-07-04T12:28:41.327270" elapsed="0.000614"/>
</kw>
<kw name="Log" owner="BuiltIn">
<msg time="2024-07-04T12:28:41.328391" level="INFO">{'results': [{'gender': 'female', 'name': {'title': 'Ms', 'first': 'Olivia', 'last': 'Larson'}, 'location': {'street': {'number': 3320, 'name': 'Green Rd'}, 'city': 'Brisbane', 'state': 'South Australia', 'country': 'Australia', 'postcode': 1340, 'coordinates': {'latitude': '-85.8485', 'longitude': '174.8683'}, 'timezone': {'offset': '+5:00', 'description': 'Ekaterinburg, Islamabad, Karachi, Tashkent'}}, 'email': 'olivia.larson@example.com', 'login': {'uuid': 'b8fa5528-df0a-4a25-9581-f6e97fb4c3a2', 'username': 'bigwolf451', 'password': 'kungfu', 'salt': '7dMNjtvv', 'md5': 'c8fb604c131d13ae946b08e352722088', 'sha1': 'c8d6e9d5bbd69d5e033e0054b3008a574659256a', 'sha256': '8c2ef37d0b11df3093adf1173192a7e1919deed053c003e194a3d6d189caf527'}, 'dob': {'date': '1996-12-26T13:07:10.445Z', 'age': 27}, 'registered': {'date': '2014-06-11T02:45:59.846Z', 'age': 10}, 'phone': '09-6281-6198', 'cell': '0471-103-397', 'id': {'name': 'TFN', 'value': '009659640'}, 'picture': {'large': 'https://randomuser.me/api/portraits/women/48.jpg', 'medium': 'https://randomuser.me/api/portraits/med/women/48.jpg', 'thumbnail': 'https://randomuser.me/api/portraits/thumb/women/48.jpg'}, 'nat': 'AU'}], 'info': {'seed': '83c5b679fa8db5c7', 'results': 1, 'page': 1, 'version': '1.4'}}</msg>
<arg>${json_data}</arg>
<doc>Logs the given message with the given level.</doc>
<status status="PASS" start="2024-07-04T12:28:41.328199" elapsed="0.000239"/>
</kw>
<kw name="Dictionary Should Contain Key" owner="Collections">
<arg>${json_data}</arg>
<arg>results</arg>
<doc>Fails if ``key`` is not found from ``dictionary``.</doc>
<status status="PASS" start="2024-07-04T12:28:41.328729" elapsed="0.000164"/>
</kw>
<kw name="Should Not Be Empty" owner="BuiltIn">
<msg time="2024-07-04T12:28:41.329212" level="INFO">Length is 2.</msg>
<arg>${json_data}</arg>
<doc>Verifies that the given item is not empty.</doc>
<status status="PASS" start="2024-07-04T12:28:41.329078" elapsed="0.000173"/>
</kw>
<kw name="Create List" owner="BuiltIn">
<msg time="2024-07-04T12:28:41.329859" level="INFO">${expected_keys} = ['gender', 'name', 'location', 'email', 'login']</msg>
<var>${expected_keys}</var>
<arg>gender</arg>
<arg>name</arg>
<arg>location</arg>
<arg>email</arg>
<arg>login</arg>
<doc>Returns a list containing given items.</doc>
<status status="PASS" start="2024-07-04T12:28:41.329550" elapsed="0.000335"/>
</kw>
<for flavor="IN">
<iter>
<kw name="Dictionary Should Contain Key" owner="Collections">
<arg>${json_data['results'][0]}</arg>
<arg>${key}</arg>
<doc>Fails if ``key`` is not found from ``dictionary``.</doc>
<status status="PASS" start="2024-07-04T12:28:41.330466" elapsed="0.000402"/>
</kw>
<kw name="Log" owner="BuiltIn">
<msg time="2024-07-04T12:28:41.331417" level="INFO">{'gender': 'female', 'name': {'title': 'Ms', 'first': 'Olivia', 'last': 'Larson'}, 'location': {'street': {'number': 3320, 'name': 'Green Rd'}, 'city': 'Brisbane', 'state': 'South Australia', 'country': 'Australia', 'postcode': 1340, 'coordinates': {'latitude': '-85.8485', 'longitude': '174.8683'}, 'timezone': {'offset': '+5:00', 'description': 'Ekaterinburg, Islamabad, Karachi, Tashkent'}}, 'email': 'olivia.larson@example.com', 'login': {'uuid': 'b8fa5528-df0a-4a25-9581-f6e97fb4c3a2', 'username': 'bigwolf451', 'password': 'kungfu', 'salt': '7dMNjtvv', 'md5': 'c8fb604c131d13ae946b08e352722088', 'sha1': 'c8d6e9d5bbd69d5e033e0054b3008a574659256a', 'sha256': '8c2ef37d0b11df3093adf1173192a7e1919deed053c003e194a3d6d189caf527'}, 'dob': {'date': '1996-12-26T13:07:10.445Z', 'age': 27}, 'registered': {'date': '2014-06-11T02:45:59.846Z', 'age': 10}, 'phone': '09-6281-6198', 'cell': '0471-103-397', 'id': {'name': 'TFN', 'value': '009659640'}, 'picture': {'large': 'https://randomuser.me/api/portraits/women/48.jpg', 'medium': 'https://randomuser.me/api/portraits/med/women/48.jpg', 'thumbnail': 'https://randomuser.me/api/portraits/thumb/women/48.jpg'}, 'nat': 'AU'}</msg>
<arg>${json_data['results'][0]}</arg>
<doc>Logs the given message with the given level.</doc>
<status status="PASS" start="2024-07-04T12:28:41.331057" elapsed="0.000409"/>
</kw>
<kw name="Log" owner="BuiltIn">
<msg time="2024-07-04T12:28:41.331905" level="INFO">gender</msg>
<arg>${key}</arg>
<doc>Logs the given message with the given level.</doc>
<status status="PASS" start="2024-07-04T12:28:41.331775" elapsed="0.000168"/>
</kw>
<var name="${key}">gender</var>
<status status="PASS" start="2024-07-04T12:28:41.330343" elapsed="0.001817"/>
</iter>
<iter>
<kw name="Dictionary Should Contain Key" owner="Collections">
<arg>${json_data['results'][0]}</arg>
<arg>${key}</arg>
<doc>Fails if ``key`` is not found from ``dictionary``.</doc>
<status status="PASS" start="2024-07-04T12:28:41.332503" elapsed="0.000395"/>
</kw>
<kw name="Log" owner="BuiltIn">
<msg time="2024-07-04T12:28:41.333435" level="INFO">{'gender': 'female', 'name': {'title': 'Ms', 'first': 'Olivia', 'last': 'Larson'}, 'location': {'street': {'number': 3320, 'name': 'Green Rd'}, 'city': 'Brisbane', 'state': 'South Australia', 'country': 'Australia', 'postcode': 1340, 'coordinates': {'latitude': '-85.8485', 'longitude': '174.8683'}, 'timezone': {'offset': '+5:00', 'description': 'Ekaterinburg, Islamabad, Karachi, Tashkent'}}, 'email': 'olivia.larson@example.com', 'login': {'uuid': 'b8fa5528-df0a-4a25-9581-f6e97fb4c3a2', 'username': 'bigwolf451', 'password': 'kungfu', 'salt': '7dMNjtvv', 'md5': 'c8fb604c131d13ae946b08e352722088', 'sha1': 'c8d6e9d5bbd69d5e033e0054b3008a574659256a', 'sha256': '8c2ef37d0b11df3093adf1173192a7e1919deed053c003e194a3d6d189caf527'}, 'dob': {'date': '1996-12-26T13:07:10.445Z', 'age': 27}, 'registered': {'date': '2014-06-11T02:45:59.846Z', 'age': 10}, 'phone': '09-6281-6198', 'cell': '0471-103-397', 'id': {'name': 'TFN', 'value': '009659640'}, 'picture': {'large': 'https://randomuser.me/api/portraits/women/48.jpg', 'medium': 'https://randomuser.me/api/portraits/med/women/48.jpg', 'thumbnail': 'https://randomuser.me/api/portraits/thumb/women/48.jpg'}, 'nat': 'AU'}</msg>
<arg>${json_data['results'][0]}</arg>
<doc>Logs the given message with the given level.</doc>
<status status="PASS" start="2024-07-04T12:28:41.333082" elapsed="0.000435"/>
</kw>
<kw name="Log" owner="BuiltIn">
<msg time="2024-07-04T12:28:41.333946" level="INFO">name</msg>
<arg>${key}</arg>
<doc>Logs the given message with the given level.</doc>
<status status="PASS" start="2024-07-04T12:28:41.333817" elapsed="0.000166"/>
</kw>
<var name="${key}">name</var>
<status status="PASS" start="2024-07-04T12:28:41.332385" elapsed="0.001814"/>
</iter>
<iter>
<kw name="Dictionary Should Contain Key" owner="Collections">
<arg>${json_data['results'][0]}</arg>
<arg>${key}</arg>
<doc>Fails if ``key`` is not found from ``dictionary``.</doc>
<status status="PASS" start="2024-07-04T12:28:41.334488" elapsed="0.000378"/>
</kw>
<kw name="Log" owner="BuiltIn">
<msg time="2024-07-04T12:28:41.335393" level="INFO">{'gender': 'female', 'name': {'title': 'Ms', 'first': 'Olivia', 'last': 'Larson'}, 'location': {'street': {'number': 3320, 'name': 'Green Rd'}, 'city': 'Brisbane', 'state': 'South Australia', 'country': 'Australia', 'postcode': 1340, 'coordinates': {'latitude': '-85.8485', 'longitude': '174.8683'}, 'timezone': {'offset': '+5:00', 'description': 'Ekaterinburg, Islamabad, Karachi, Tashkent'}}, 'email': 'olivia.larson@example.com', 'login': {'uuid': 'b8fa5528-df0a-4a25-9581-f6e97fb4c3a2', 'username': 'bigwolf451', 'password': 'kungfu', 'salt': '7dMNjtvv', 'md5': 'c8fb604c131d13ae946b08e352722088', 'sha1': 'c8d6e9d5bbd69d5e033e0054b3008a574659256a', 'sha256': '8c2ef37d0b11df3093adf1173192a7e1919deed053c003e194a3d6d189caf527'}, 'dob': {'date': '1996-12-26T13:07:10.445Z', 'age': 27}, 'registered': {'date': '2014-06-11T02:45:59.846Z', 'age': 10}, 'phone': '09-6281-6198', 'cell': '0471-103-397', 'id': {'name': 'TFN', 'value': '009659640'}, 'picture': {'large': 'https://randomuser.me/api/portraits/women/48.jpg', 'medium': 'https://randomuser.me/api/portraits/med/women/48.jpg', 'thumbnail': 'https://randomuser.me/api/portraits/thumb/women/48.jpg'}, 'nat': 'AU'}</msg>
<arg>${json_data['results'][0]}</arg>
<doc>Logs the given message with the given level.</doc>
<status status="PASS" start="2024-07-04T12:28:41.335048" elapsed="0.000393"/>
</kw>
<kw name="Log" owner="BuiltIn">
<msg time="2024-07-04T12:28:41.335863" level="INFO">location</msg>
<arg>${key}</arg>
<doc>Logs the given message with the given level.</doc>
<status status="PASS" start="2024-07-04T12:28:41.335736" elapsed="0.000163"/>
</kw>
<var name="${key}">location</var>
<status status="PASS" start="2024-07-04T12:28:41.334380" elapsed="0.001732"/>
</iter>
<iter>
<kw name="Dictionary Should Contain Key" owner="Collections">
<arg>${json_data['results'][0]}</arg>
<arg>${key}</arg>
<doc>Fails if ``key`` is not found from ``dictionary``.</doc>
<status status="PASS" start="2024-07-04T12:28:41.336428" elapsed="0.000388"/>
</kw>
<kw name="Log" owner="BuiltIn">
<msg time="2024-07-04T12:28:41.337344" level="INFO">{'gender': 'female', 'name': {'title': 'Ms', 'first': 'Olivia', 'last': 'Larson'}, 'location': {'street': {'number': 3320, 'name': 'Green Rd'}, 'city': 'Brisbane', 'state': 'South Australia', 'country': 'Australia', 'postcode': 1340, 'coordinates': {'latitude': '-85.8485', 'longitude': '174.8683'}, 'timezone': {'offset': '+5:00', 'description': 'Ekaterinburg, Islamabad, Karachi, Tashkent'}}, 'email': 'olivia.larson@example.com', 'login': {'uuid': 'b8fa5528-df0a-4a25-9581-f6e97fb4c3a2', 'username': 'bigwolf451', 'password': 'kungfu', 'salt': '7dMNjtvv', 'md5': 'c8fb604c131d13ae946b08e352722088', 'sha1': 'c8d6e9d5bbd69d5e033e0054b3008a574659256a', 'sha256': '8c2ef37d0b11df3093adf1173192a7e1919deed053c003e194a3d6d189caf527'}, 'dob': {'date': '1996-12-26T13:07:10.445Z', 'age': 27}, 'registered': {'date': '2014-06-11T02:45:59.846Z', 'age': 10}, 'phone': '09-6281-6198', 'cell': '0471-103-397', 'id': {'name': 'TFN', 'value': '009659640'}, 'picture': {'large': 'https://randomuser.me/api/portraits/women/48.jpg', 'medium': 'https://randomuser.me/api/portraits/med/women/48.jpg', 'thumbnail': 'https://randomuser.me/api/portraits/thumb/women/48.jpg'}, 'nat': 'AU'}</msg>
<arg>${json_data['results'][0]}</arg>
<doc>Logs the given message with the given level.</doc>
<status status="PASS" start="2024-07-04T12:28:41.336999" elapsed="0.000393"/>
</kw>
<kw name="Log" owner="BuiltIn">
<msg time="2024-07-04T12:28:41.337814" level="INFO">email</msg>
<arg>${key}</arg>
<doc>Logs the given message with the given level.</doc>
<status status="PASS" start="2024-07-04T12:28:41.337689" elapsed="0.000163"/>
</kw>
<var name="${key}">email</var>
<status status="PASS" start="2024-07-04T12:28:41.336317" elapsed="0.001755"/>
</iter>
<iter>
<kw name="Dictionary Should Contain Key" owner="Collections">
<arg>${json_data['results'][0]}</arg>
<arg>${key}</arg>
<doc>Fails if ``key`` is not found from ``dictionary``.</doc>
<status status="PASS" start="2024-07-04T12:28:41.338357" elapsed="0.000390"/>
</kw>
<kw name="Log" owner="BuiltIn">
<msg time="2024-07-04T12:28:41.339272" level="INFO">{'gender': 'female', 'name': {'title': 'Ms', 'first': 'Olivia', 'last': 'Larson'}, 'location': {'street': {'number': 3320, 'name': 'Green Rd'}, 'city': 'Brisbane', 'state': 'South Australia', 'country': 'Australia', 'postcode': 1340, 'coordinates': {'latitude': '-85.8485', 'longitude': '174.8683'}, 'timezone': {'offset': '+5:00', 'description': 'Ekaterinburg, Islamabad, Karachi, Tashkent'}}, 'email': 'olivia.larson@example.com', 'login': {'uuid': 'b8fa5528-df0a-4a25-9581-f6e97fb4c3a2', 'username': 'bigwolf451', 'password': 'kungfu', 'salt': '7dMNjtvv', 'md5': 'c8fb604c131d13ae946b08e352722088', 'sha1': 'c8d6e9d5bbd69d5e033e0054b3008a574659256a', 'sha256': '8c2ef37d0b11df3093adf1173192a7e1919deed053c003e194a3d6d189caf527'}, 'dob': {'date': '1996-12-26T13:07:10.445Z', 'age': 27}, 'registered': {'date': '2014-06-11T02:45:59.846Z', 'age': 10}, 'phone': '09-6281-6198', 'cell': '0471-103-397', 'id': {'name': 'TFN', 'value': '009659640'}, 'picture': {'large': 'https://randomuser.me/api/portraits/women/48.jpg', 'medium': 'https://randomuser.me/api/portraits/med/women/48.jpg', 'thumbnail': 'https://randomuser.me/api/portraits/thumb/women/48.jpg'}, 'nat': 'AU'}</msg>
<arg>${json_data['results'][0]}</arg>
<doc>Logs the given message with the given level.</doc>
<status status="PASS" start="2024-07-04T12:28:41.338930" elapsed="0.000390"/>
</kw>
<kw name="Log" owner="BuiltIn">
<msg time="2024-07-04T12:28:41.339736" level="INFO">login</msg>
<arg>${key}</arg>
<doc>Logs the given message with the given level.</doc>
<status status="PASS" start="2024-07-04T12:28:41.339610" elapsed="0.000163"/>
</kw>
<var name="${key}">login</var>
<status status="PASS" start="2024-07-04T12:28:41.338244" elapsed="0.001742"/>
</iter>
<var>${key}</var>
<value>@{expected_keys}</value>
<status status="PASS" start="2024-07-04T12:28:41.330150" elapsed="0.009957"/>
</for>
<kw name="Create List" owner="BuiltIn">
<msg time="2024-07-04T12:28:41.340501" level="INFO">${expected_keysTwo} = ['username', 'password']</msg>
<var>${expected_keysTwo}</var>
<arg>username</arg>
<arg>password</arg>
<doc>Returns a list containing given items.</doc>
<status status="PASS" start="2024-07-04T12:28:41.340326" elapsed="0.000201"/>
</kw>
<for flavor="IN">
<iter>
<kw name="Dictionary Should Contain Key" owner="Collections">
<arg>${json_data['results'][0]['login']}</arg>
<arg>${keyTwo}</arg>
<doc>Fails if ``key`` is not found from ``dictionary``.</doc>
<status status="PASS" start="2024-07-04T12:28:41.341027" elapsed="0.000387"/>
</kw>
<kw name="Dictionary Should Contain Key" owner="Collections">
<arg>${json_data['results'][0]['login']}</arg>
<arg>${keyTwo}</arg>
<doc>Fails if ``key`` is not found from ``dictionary``.</doc>
<status status="PASS" start="2024-07-04T12:28:41.341596" elapsed="0.000378"/>
</kw>
<kw name="Log" owner="BuiltIn">
<msg time="2024-07-04T12:28:41.342300" level="INFO">username</msg>
<arg>${keyTwo}</arg>
<doc>Logs the given message with the given level.</doc>
<status status="PASS" start="2024-07-04T12:28:41.342177" elapsed="0.000160"/>
</kw>
<var name="${keyTwo}">username</var>
<status status="PASS" start="2024-07-04T12:28:41.340921" elapsed="0.001640"/>
</iter>
<iter>
<kw name="Dictionary Should Contain Key" owner="Collections">
<arg>${json_data['results'][0]['login']}</arg>
<arg>${keyTwo}</arg>
<doc>Fails if ``key`` is not found from ``dictionary``.</doc>
<status status="PASS" start="2024-07-04T12:28:41.342841" elapsed="0.000382"/>
</kw>
<kw name="Dictionary Should Contain Key" owner="Collections">
<arg>${json_data['results'][0]['login']}</arg>
<arg>${keyTwo}</arg>
<doc>Fails if ``key`` is not found from ``dictionary``.</doc>
<status status="PASS" start="2024-07-04T12:28:41.343404" elapsed="0.000367"/>
</kw>
<kw name="Log" owner="BuiltIn">
<msg time="2024-07-04T12:28:41.344067" level="INFO">password</msg>
<arg>${keyTwo}</arg>
<doc>Logs the given message with the given level.</doc>
<status status="PASS" start="2024-07-04T12:28:41.343948" elapsed="0.000162"/>
</kw>
<var name="${keyTwo}">password</var>
<status status="PASS" start="2024-07-04T12:28:41.342734" elapsed="0.001715"/>
</iter>
<var>${keyTwo}</var>
<value>@{expected_keysTwo}</value>
<status status="PASS" start="2024-07-04T12:28:41.340769" elapsed="0.003803"/>
</for>
<status status="PASS" start="2024-07-04T12:28:41.239380" elapsed="0.105335"/>
</kw>
<doc>Testa a estrutura da resposta da API.</doc>
<tag>testeEstruturaResposta</tag>
<status status="PASS" start="2024-07-04T12:28:41.238855" elapsed="0.106013"/>
</test>
<test id="s1-s1-t4" name="Validar tipos de dados" line="28">
<kw name="Teste de Tipos de Dados" owner="random-user-service">
<kw name="GET On Session" owner="RequestsLibrary">
<msg time="2024-07-04T12:28:41.642757" level="INFO">GET Request : url=https://randomuser.me/api 
 path_url=/api 
 headers={'User-Agent': 'python-requests/2.32.3', 'Accept-Encoding': 'gzip, deflate', 'Accept': '*/*', 'Connection': 'keep-alive'} 
 body=None 
 </msg>
<msg time="2024-07-04T12:28:41.642869" level="INFO">GET Response : url=https://randomuser.me/api 
 status=200, reason=OK 
 headers={'Date': 'Thu, 04 Jul 2024 12:28:41 GMT', 'Content-Type': 'application/json; charset=utf-8', 'Transfer-Encoding': 'chunked', 'Connection': 'keep-alive', 'X-Powered-By': 'Express', 'Access-Control-Allow-Origin': '*', 'Cache-Control': 'no-cache', 'ETag': 'W/"4a2-TtpyQQBntR4KFuK/fsOeY80Ar/8"', 'Vary': 'Accept-Encoding', 'Content-Encoding': 'gzip', 'CF-Cache-Status': 'DYNAMIC', 'Report-To': '{"endpoints":[{"url":"https:\\/\\/a.nel.cloudflare.com\\/report\\/v4?s=g2%2BgpMBwBWxv5%2F%2FWEVlyZpYUkCUPXCrEwvmGT7HUMRv%2FgChCKJ1GzGXQRKpv2PDVK4HAA6tqr4aB0A5ZxI9FnJ8zNVMlC3yvXhsGnSdx1zyKAc5Xw0aspVBwN8EpadYD"}],"group":"cf-nel","max_age":604800}', 'NEL': '{"success_fraction":0,"report_to":"cf-nel","max_age":604800}', 'Server': 'cloudflare', 'CF-RAY': '89df1dd678b72523-SJC', 'alt-svc': 'h3=":443"; ma=86400'} 
 body={"results":[{"gender":"male","name":{"title":"Mr","first":"Ricardo","last":"Álvarez"},"location":{"street":{"number":625,"name":"Paseo de Zorrilla"},"city":"Jerez de la Frontera","state":"Cataluña","country":"Spain","postcode":48880,"coordinates":{"latitude":"-32.4281","longitude":"-146.2494"},"timezone":{"offset":"+10:00","description":"Eastern Australia, Guam, Vladivostok"}},"email":"ricardo.alvarez@example.com","login":{"uuid":"d0f0f666-b230-446b-8787-769d9ca1989d","username":"orangeladybug497","password":"jeeper","salt":"RkndqARq","md5":"f4d8fca1720fe74c1a0348b998492651","sha1":"72f111348d38c43c9845f7b96cd38769ffab50ee","sha256":"3e716c6c39780ce37372fe43aac4466736e93672f44827cb3a8eca2eaa63e8b8"},"dob":{"date":"1969-04-24T08:25:24.509Z","age":55},"registered":{"date":"2014-08-13T20:15:42.627Z","age":9},"phone":"957-615-568","cell":"658-035-506","id":{"name":"DNI","value":"31955701-M"},"picture":{"large":"https://randomuser.me/api/portraits/men/81.jpg","medium":"https://randomuser.me/api/portraits/med/men/81.jpg","thumbnail":"https://randomuser.me/api/portraits/thumb/men/81.jpg"},"nat":"ES"}],"info":{"seed":"c10ea29638db3f84","results":1,"page":1,"version":"1.4"}} 
 </msg>
<msg time="2024-07-04T12:28:41.642957" level="INFO">/opt/hostedtoolcache/Python/3.12.4/x64/lib/python3.12/site-packages/urllib3/connectionpool.py:1099: InsecureRequestWarning: Unverified HTTPS request is being made to host 'randomuser.me'. Adding certificate verification is strongly advised. See: https://urllib3.readthedocs.io/en/latest/advanced-usage.html#tls-warnings
  warnings.warn(</msg>
<msg time="2024-07-04T12:28:41.643102" level="INFO">${response} = &lt;Response [200]&gt;</msg>
<var>${response}</var>
<arg>consultarAPI</arg>
<arg>/api</arg>
<doc>Sends a GET request on a previously created HTTP Session.</doc>
<status status="PASS" start="2024-07-04T12:28:41.347360" elapsed="0.295791"/>
</kw>
<kw name="Set Variable" owner="BuiltIn">
<msg time="2024-07-04T12:28:41.644424" level="INFO">${json_data} = {'results': [{'gender': 'male', 'name': {'title': 'Mr', 'first': 'Ricardo', 'last': 'Álvarez'}, 'location': {'street': {'number': 625, 'name': 'Paseo de Zorrilla'}, 'city': 'Jerez de la Frontera', 'st...</msg>
<var>${json_data}</var>
<arg>${response.json()}</arg>
<doc>Returns the given values which can then be assigned to a variables.</doc>
<status status="PASS" start="2024-07-04T12:28:41.643803" elapsed="0.000656"/>
</kw>
<kw name="Log" owner="BuiltIn">
<msg time="2024-07-04T12:28:41.644951" level="INFO">{'results': [{'gender': 'male', 'name': {'title': 'Mr', 'first': 'Ricardo', 'last': 'Álvarez'}, 'location': {'street': {'number': 625, 'name': 'Paseo de Zorrilla'}, 'city': 'Jerez de la Frontera', 'state': 'Cataluña', 'country': 'Spain', 'postcode': 48880, 'coordinates': {'latitude': '-32.4281', 'longitude': '-146.2494'}, 'timezone': {'offset': '+10:00', 'description': 'Eastern Australia, Guam, Vladivostok'}}, 'email': 'ricardo.alvarez@example.com', 'login': {'uuid': 'd0f0f666-b230-446b-8787-769d9ca1989d', 'username': 'orangeladybug497', 'password': 'jeeper', 'salt': 'RkndqARq', 'md5': 'f4d8fca1720fe74c1a0348b998492651', 'sha1': '72f111348d38c43c9845f7b96cd38769ffab50ee', 'sha256': '3e716c6c39780ce37372fe43aac4466736e93672f44827cb3a8eca2eaa63e8b8'}, 'dob': {'date': '1969-04-24T08:25:24.509Z', 'age': 55}, 'registered': {'date': '2014-08-13T20:15:42.627Z', 'age': 9}, 'phone': '957-615-568', 'cell': '658-035-506', 'id': {'name': 'DNI', 'value': '31955701-M'}, 'picture': {'large': 'https://randomuser.me/api/portraits/men/81.jpg', 'medium': 'https://randomuser.me/api/portraits/med/men/81.jpg', 'thumbnail': 'https://randomuser.me/api/portraits/thumb/men/81.jpg'}, 'nat': 'ES'}], 'info': {'seed': 'c10ea29638db3f84', 'results': 1, 'page': 1, 'version': '1.4'}}</msg>
<arg>${json_data}</arg>
<doc>Logs the given message with the given level.</doc>
<status status="PASS" start="2024-07-04T12:28:41.644785" elapsed="0.000215"/>
</kw>
<kw name="Should Be String" owner="String">
<arg>${json_data['results'][0]['gender']}</arg>
<doc>Fails if the given ``item`` is not a string.</doc>
<status status="PASS" start="2024-07-04T12:28:41.645290" elapsed="0.000360"/>
</kw>
<kw name="Should Match Regexp" owner="BuiltIn">
<arg>${json_data['results'][0]['email']}</arg>
<arg>^[a-zA-Z0-9._%+-]+@[a-zA-Z0-9.-]+\.[a-zA-Z]{2,}$</arg>
<doc>Fails if ``string`` does not match ``pattern`` as a regular expression.</doc>
<status status="PASS" start="2024-07-04T12:28:41.645873" elapsed="0.000521"/>
</kw>
<kw name="Should Match Regexp" owner="BuiltIn">
<arg>${json_data['results'][0]['dob']['date']}</arg>
<arg>\\d{4}-\\d{2}-\\d{2}T\\d{2}:\\d{2}:\\d{2}\\.\\d{3}Z</arg>
<doc>Fails if ``string`` does not match ``pattern`` as a regular expression.</doc>
<status status="PASS" start="2024-07-04T12:28:41.646589" elapsed="0.000475"/>
</kw>
<kw name="Should Match Regexp" owner="BuiltIn">
<arg>${json_data['results'][0]['registered']['date']}</arg>
<arg>\\d{4}-\\d{2}-\\d{2}T\\d{2}:\\d{2}:\\d{2}\\.\\d{3}Z</arg>
<doc>Fails if ``string`` does not match ``pattern`` as a regular expression.</doc>
<status status="PASS" start="2024-07-04T12:28:41.647260" elapsed="0.000363"/>
</kw>
<kw name="Should Match Regexp" owner="BuiltIn">
<arg>${json_data['results'][0]['picture']['large']}</arg>
<arg>^https?://.*\.(?:png|jpe?g|gif|bmp)$</arg>
<doc>Fails if ``string`` does not match ``pattern`` as a regular expression.</doc>
<status status="PASS" start="2024-07-04T12:28:41.647806" elapsed="0.000486"/>
</kw>
<kw name="Should Match Regexp" owner="BuiltIn">
<arg>${json_data['results'][0]['picture']['medium']}</arg>
<arg>^https?://.*\.(?:png|jpe?g|gif|bmp)$</arg>
<doc>Fails if ``string`` does not match ``pattern`` as a regular expression.</doc>
<status status="PASS" start="2024-07-04T12:28:41.648488" elapsed="0.000370"/>
</kw>
<kw name="Should Match Regexp" owner="BuiltIn">
<arg>${json_data['results'][0]['picture']['thumbnail']}</arg>
<arg>^https?://.*\.(?:png|jpe?g|gif|bmp)$</arg>
<doc>Fails if ``string`` does not match ``pattern`` as a regular expression.</doc>
<status status="PASS" start="2024-07-04T12:28:41.649040" elapsed="0.000358"/>
</kw>
<kw name="Log" owner="BuiltIn">
<msg time="2024-07-04T12:28:41.649917" level="INFO">{'large': 'https://randomuser.me/api/portraits/men/81.jpg', 'medium': 'https://randomuser.me/api/portraits/med/men/81.jpg', 'thumbnail': 'https://randomuser.me/api/portraits/thumb/men/81.jpg'}</msg>
<arg>${json_data['results'][0]['picture']}</arg>
<doc>Logs the given message with the given level.</doc>
<status status="PASS" start="2024-07-04T12:28:41.649579" elapsed="0.000380"/>
</kw>
<status status="PASS" start="2024-07-04T12:28:41.347123" elapsed="0.303098"/>
</kw>
<kw name="Teste de Tipos de Dados - Postcode" owner="random-user-service">
<kw name="GET On Session" owner="RequestsLibrary">
<msg time="2024-07-04T12:28:41.739502" level="INFO">GET Request : url=https://randomuser.me/api 
 path_url=/api 
 headers={'User-Agent': 'python-requests/2.32.3', 'Accept-Encoding': 'gzip, deflate', 'Accept': '*/*', 'Connection': 'keep-alive'} 
 body=None 
 </msg>
<msg time="2024-07-04T12:28:41.739593" level="INFO">GET Response : url=https://randomuser.me/api 
 status=200, reason=OK 
 headers={'Date': 'Thu, 04 Jul 2024 12:28:41 GMT', 'Content-Type': 'application/json; charset=utf-8', 'Transfer-Encoding': 'chunked', 'Connection': 'keep-alive', 'X-Powered-By': 'Express', 'Access-Control-Allow-Origin': '*', 'Cache-Control': 'no-cache', 'ETag': 'W/"47d-q3jBFOwTok5xDe6hO3p9MBNTL/k"', 'Vary': 'Accept-Encoding', 'Content-Encoding': 'gzip', 'CF-Cache-Status': 'DYNAMIC', 'Report-To': '{"endpoints":[{"url":"https:\\/\\/a.nel.cloudflare.com\\/report\\/v4?s=44cGYjTG2LU2g4vUJwPBklprVRKnYBGWpug6zWGxee7wZz6uJgHYiC1iQUrqCWgE6l2caygsyQeE2h3SsuHgqDJjwn9WT5uPPGxZAFm0IGhjpwM8C4oJ%2F207ToGwJtOW"}],"group":"cf-nel","max_age":604800}', 'NEL': '{"success_fraction":0,"report_to":"cf-nel","max_age":604800}', 'Server': 'cloudflare', 'CF-RAY': '89df1dd859dd2523-SJC', 'alt-svc': 'h3=":443"; ma=86400'} 
 body={"results":[{"gender":"female","name":{"title":"Ms","first":"Eva","last":"Robinson"},"location":{"street":{"number":7408,"name":"Maraekakaho Road"},"city":"Palmerston North","state":"Southland","country":"New Zealand","postcode":78966,"coordinates":{"latitude":"52.3152","longitude":"160.5919"},"timezone":{"offset":"-9:00","description":"Alaska"}},"email":"eva.robinson@example.com","login":{"uuid":"49d1b89a-c1ec-4039-9c52-d08794c6ae89","username":"bluesnake149","password":"enrique","salt":"f5WaoJgX","md5":"e75ed7b94b0cda23e73deb1ca5324530","sha1":"d07b72d5165345c77011d86eff4e1fc680586d2e","sha256":"95db3f9eae724c9a53980105c439570f77cd812ff7c84842714aa6b9bbbf68b7"},"dob":{"date":"1973-08-21T02:06:16.176Z","age":50},"registered":{"date":"2012-02-16T20:32:48.845Z","age":12},"phone":"(374)-695-6743","cell":"(330)-444-0308","id":{"name":"","value":null},"picture":{"large":"https://randomuser.me/api/portraits/women/55.jpg","medium":"https://randomuser.me/api/portraits/med/women/55.jpg","thumbnail":"https://randomuser.me/api/portraits/thumb/women/55.jpg"},"nat":"NZ"}],"info":{"seed":"5822ea95276ca7e8","results":1,"page":1,"version":"1.4"}} 
 </msg>
<msg time="2024-07-04T12:28:41.739662" level="INFO">/opt/hostedtoolcache/Python/3.12.4/x64/lib/python3.12/site-packages/urllib3/connectionpool.py:1099: InsecureRequestWarning: Unverified HTTPS request is being made to host 'randomuser.me'. Adding certificate verification is strongly advised. See: https://urllib3.readthedocs.io/en/latest/advanced-usage.html#tls-warnings
  warnings.warn(</msg>
<msg time="2024-07-04T12:28:41.739777" level="INFO">${response} = &lt;Response [200]&gt;</msg>
<var>${response}</var>
<arg>consultarAPI</arg>
<arg>/api</arg>
<doc>Sends a GET request on a previously created HTTP Session.</doc>
<status status="PASS" start="2024-07-04T12:28:41.650670" elapsed="0.089149"/>
</kw>
<kw name="Set Variable" owner="BuiltIn">
<msg time="2024-07-04T12:28:41.741033" level="INFO">${json_data} = {'results': [{'gender': 'female', 'name': {'title': 'Ms', 'first': 'Eva', 'last': 'Robinson'}, 'location': {'street': {'number': 7408, 'name': 'Maraekakaho Road'}, 'city': 'Palmerston North', 'state':...</msg>
<var>${json_data}</var>
<arg>${response.json()}</arg>
<doc>Returns the given values which can then be assigned to a variables.</doc>
<status status="PASS" start="2024-07-04T12:28:41.740448" elapsed="0.000615"/>
</kw>
<kw name="Log" owner="BuiltIn">
<msg time="2024-07-04T12:28:41.741532" level="INFO">{'results': [{'gender': 'female', 'name': {'title': 'Ms', 'first': 'Eva', 'last': 'Robinson'}, 'location': {'street': {'number': 7408, 'name': 'Maraekakaho Road'}, 'city': 'Palmerston North', 'state': 'Southland', 'country': 'New Zealand', 'postcode': 78966, 'coordinates': {'latitude': '52.3152', 'longitude': '160.5919'}, 'timezone': {'offset': '-9:00', 'description': 'Alaska'}}, 'email': 'eva.robinson@example.com', 'login': {'uuid': '49d1b89a-c1ec-4039-9c52-d08794c6ae89', 'username': 'bluesnake149', 'password': 'enrique', 'salt': 'f5WaoJgX', 'md5': 'e75ed7b94b0cda23e73deb1ca5324530', 'sha1': 'd07b72d5165345c77011d86eff4e1fc680586d2e', 'sha256': '95db3f9eae724c9a53980105c439570f77cd812ff7c84842714aa6b9bbbf68b7'}, 'dob': {'date': '1973-08-21T02:06:16.176Z', 'age': 50}, 'registered': {'date': '2012-02-16T20:32:48.845Z', 'age': 12}, 'phone': '(374)-695-6743', 'cell': '(330)-444-0308', 'id': {'name': '', 'value': None}, 'picture': {'large': 'https://randomuser.me/api/portraits/women/55.jpg', 'medium': 'https://randomuser.me/api/portraits/med/women/55.jpg', 'thumbnail': 'https://randomuser.me/api/portraits/thumb/women/55.jpg'}, 'nat': 'NZ'}], 'info': {'seed': '5822ea95276ca7e8', 'results': 1, 'page': 1, 'version': '1.4'}}</msg>
<arg>${json_data}</arg>
<doc>Logs the given message with the given level.</doc>
<status status="PASS" start="2024-07-04T12:28:41.741374" elapsed="0.000205"/>
</kw>
<kw name="Should Be Equal As Numbers" owner="BuiltIn">
<arg>${json_data['results'][0]['location']['postcode']}</arg>
<arg>${json_data['results'][0]['location']['postcode']}</arg>
<doc>Fails if objects are unequal after converting them to real numbers.</doc>
<status status="PASS" start="2024-07-04T12:28:41.741877" elapsed="0.000630"/>
</kw>
<kw name="Log" owner="BuiltIn">
<msg time="2024-07-04T12:28:41.743203" level="INFO">78966</msg>
<arg>${json_data['results'][0]['location']['postcode']}</arg>
<doc>Logs the given message with the given level.</doc>
<status status="PASS" start="2024-07-04T12:28:41.742701" elapsed="0.000576"/>
</kw>
<status status="PASS" start="2024-07-04T12:28:41.650447" elapsed="0.093095"/>
</kw>
<doc>Testa se os tipos de dados na resposta da API estão corretos.</doc>
<tag>testeTiposDados</tag>
<status status="PASS" start="2024-07-04T12:28:41.346673" elapsed="0.397035"/>
</test>
<test id="s1-s1-t5" name="Validar conteudo" line="35">
<kw name="Teste de Tipos de Conteudo" owner="random-user-service">
<kw name="GET On Session" owner="RequestsLibrary">
<msg time="2024-07-04T12:28:41.834764" level="INFO">GET Request : url=https://randomuser.me/api 
 path_url=/api 
 headers={'User-Agent': 'python-requests/2.32.3', 'Accept-Encoding': 'gzip, deflate', 'Accept': '*/*', 'Connection': 'keep-alive'} 
 body=None 
 </msg>
<msg time="2024-07-04T12:28:41.834860" level="INFO">GET Response : url=https://randomuser.me/api 
 status=200, reason=OK 
 headers={'Date': 'Thu, 04 Jul 2024 12:28:41 GMT', 'Content-Type': 'application/json; charset=utf-8', 'Transfer-Encoding': 'chunked', 'Connection': 'keep-alive', 'X-Powered-By': 'Express', 'Access-Control-Allow-Origin': '*', 'Cache-Control': 'no-cache', 'ETag': 'W/"488-FX5rDyzMXds1wdkuYZ6M2m3e25Y"', 'Vary': 'Accept-Encoding', 'Content-Encoding': 'gzip', 'CF-Cache-Status': 'DYNAMIC', 'Report-To': '{"endpoints":[{"url":"https:\\/\\/a.nel.cloudflare.com\\/report\\/v4?s=nZ0CU6d9FtGW9k2qMPwihEQ2SIHVMgh6GVtQrNwx7GVgzqfvg7P%2F2ZWw7jUHM29iFtyZ%2BczIB1eAm33UsIV6VB6xlDqrnopVxurP8X8WHgRpNnuWfQTCUFgIrGGn1qnF"}],"group":"cf-nel","max_age":604800}', 'NEL': '{"success_fraction":0,"report_to":"cf-nel","max_age":604800}', 'Server': 'cloudflare', 'CF-RAY': '89df1dd8fa332523-SJC', 'alt-svc': 'h3=":443"; ma=86400'} 
 body={"results":[{"gender":"male","name":{"title":"Monsieur","first":"Alvaro","last":"Vidal"},"location":{"street":{"number":2896,"name":"Rue du Château"},"city":"Niederbüren","state":"Thurgau","country":"Switzerland","postcode":4339,"coordinates":{"latitude":"-58.0858","longitude":"-42.1124"},"timezone":{"offset":"-3:30","description":"Newfoundland"}},"email":"alvaro.vidal@example.com","login":{"uuid":"0f44c9ca-88be-40eb-a1d4-0d645ef3618c","username":"smallfish116","password":"a1b2c3","salt":"GHR4d5Qz","md5":"dfa0d3fde7683118bdb405dc9302e9a6","sha1":"3257cd0d8040109c75587e6c73aabf4b3224d1b3","sha256":"0fd4327643b71a47536ae129afdebf5fa8bd1fe29a90e394bc3e2feb69a647fb"},"dob":{"date":"1992-03-28T07:41:07.434Z","age":32},"registered":{"date":"2010-06-07T11:11:27.108Z","age":14},"phone":"079 924 05 77","cell":"075 781 97 56","id":{"name":"AVS","value":"756.7424.5587.29"},"picture":{"large":"https://randomuser.me/api/portraits/men/29.jpg","medium":"https://randomuser.me/api/portraits/med/men/29.jpg","thumbnail":"https://randomuser.me/api/portraits/thumb/men/29.jpg"},"nat":"CH"}],"info":{"seed":"060a5dec01583e9a","results":1,"page":1,"version":"1.4"}} 
 </msg>
<msg time="2024-07-04T12:28:41.834931" level="INFO">/opt/hostedtoolcache/Python/3.12.4/x64/lib/python3.12/site-packages/urllib3/connectionpool.py:1099: InsecureRequestWarning: Unverified HTTPS request is being made to host 'randomuser.me'. Adding certificate verification is strongly advised. See: https://urllib3.readthedocs.io/en/latest/advanced-usage.html#tls-warnings
  warnings.warn(</msg>
<msg time="2024-07-04T12:28:41.835049" level="INFO">${response} = &lt;Response [200]&gt;</msg>
<var>${response}</var>
<arg>consultarAPI</arg>
<arg>/api</arg>
<doc>Sends a GET request on a previously created HTTP Session.</doc>
<status status="PASS" start="2024-07-04T12:28:41.746657" elapsed="0.088542"/>
</kw>
<kw name="Set Variable" owner="BuiltIn">
<msg time="2024-07-04T12:28:41.836411" level="INFO">${json_data} = {'results': [{'gender': 'male', 'name': {'title': 'Monsieur', 'first': 'Alvaro', 'last': 'Vidal'}, 'location': {'street': {'number': 2896, 'name': 'Rue du Château'}, 'city': 'Niederbüren', 'state': 'T...</msg>
<var>${json_data}</var>
<arg>${response.json()}</arg>
<doc>Returns the given values which can then be assigned to a variables.</doc>
<status status="PASS" start="2024-07-04T12:28:41.835824" elapsed="0.000618"/>
</kw>
<kw name="Set Variable" owner="BuiltIn">
<msg time="2024-07-04T12:28:41.837132" level="INFO">${name_title} = Monsieur</msg>
<var>${name_title}</var>
<arg>${json_data["results"][0]["name"]["title"]}</arg>
<doc>Returns the given values which can then be assigned to a variables.</doc>
<status status="PASS" start="2024-07-04T12:28:41.836749" elapsed="0.000408"/>
</kw>
<kw name="Create List" owner="BuiltIn">
<msg time="2024-07-04T12:28:41.837600" level="INFO">${allowed_titles} = ['Mr', 'Ms', 'Miss', 'Mrs', 'Madame', 'Monsieur']</msg>
<var>${allowed_titles}</var>
<arg>Mr</arg>
<arg>Ms</arg>
<arg>Miss</arg>
<arg>Mrs</arg>
<arg>Madame</arg>
<arg>Monsieur</arg>
<doc>Returns a list containing given items.</doc>
<status status="PASS" start="2024-07-04T12:28:41.837453" elapsed="0.000172"/>
</kw>
<kw name="List Should Contain Value" owner="Collections">
<arg>${allowed_titles}</arg>
<arg>${name_title}</arg>
<doc>Fails if the ``value`` is not found from ``list``.</doc>
<status status="PASS" start="2024-07-04T12:28:41.837928" elapsed="0.000176"/>
</kw>
<kw name="Set Variable" owner="BuiltIn">
<msg time="2024-07-04T12:28:41.838653" level="INFO">${name_country} = CH</msg>
<var>${name_country}</var>
<arg>${json_data["results"][0]["nat"]}</arg>
<doc>Returns the given values which can then be assigned to a variables.</doc>
<status status="PASS" start="2024-07-04T12:28:41.838287" elapsed="0.000391"/>
</kw>
<kw name="Create List" owner="BuiltIn">
<msg time="2024-07-04T12:28:41.839560" level="INFO">${list_country} = ['AD', 'AE', 'AF', 'AG', 'AI', 'AL', 'AM', 'AO', 'AQ', 'AR', 'AS', 'AT', 'AU', 'AW', 'AX', 'AZ', 'BA', 'BB', 'BD', 'BE', 'BF', 'BG', 'BH', 'BI', 'BJ', 'BL', 'BM', 'BN', 'BO', 'BQ', 'BR', 'BS', 'BT', '...</msg>
<var>${list_country}</var>
<arg>AD</arg>
<arg>AE</arg>
<arg>AF</arg>
<arg>AG</arg>
<arg>AI</arg>
<arg>AL</arg>
<arg>AM</arg>
<arg>AO</arg>
<arg>AQ</arg>
<arg>AR</arg>
<arg>AS</arg>
<arg>AT</arg>
<arg>AU</arg>
<arg>AW</arg>
<arg>AX</arg>
<arg>AZ</arg>
<arg>BA</arg>
<arg>BB</arg>
<arg>BD</arg>
<arg>BE</arg>
<arg>BF</arg>
<arg>BG</arg>
<arg>BH</arg>
<arg>BI</arg>
<arg>BJ</arg>
<arg>BL</arg>
<arg>BM</arg>
<arg>BN</arg>
<arg>BO</arg>
<arg>BQ</arg>
<arg>BR</arg>
<arg>BS</arg>
<arg>BT</arg>
<arg>BV</arg>
<arg>BW</arg>
<arg>BY</arg>
<arg>BZ</arg>
<arg>CA</arg>
<arg>CC</arg>
<arg>CD</arg>
<arg>CF</arg>
<arg>CG</arg>
<arg>CH</arg>
<arg>CI</arg>
<arg>CK</arg>
<arg>CL</arg>
<arg>CM</arg>
<arg>CN</arg>
<arg>CO</arg>
<arg>CR</arg>
<arg>CU</arg>
<arg>CV</arg>
<arg>CW</arg>
<arg>CX</arg>
<arg>CY</arg>
<arg>CZ</arg>
<arg>DE</arg>
<arg>DJ</arg>
<arg>DK</arg>
<arg>DM</arg>
<arg>DO</arg>
<arg>DZ</arg>
<arg>EC</arg>
<arg>EE</arg>
<arg>EG</arg>
<arg>EH</arg>
<arg>ER</arg>
<arg>ES</arg>
<arg>ET</arg>
<arg>FI</arg>
<arg>FJ</arg>
<arg>FK</arg>
<arg>FM</arg>
<arg>FO</arg>
<arg>FR</arg>
<arg>GA</arg>
<arg>GB</arg>
<arg>GD</arg>
<arg>GE</arg>
<arg>GF</arg>
<arg>GG</arg>
<arg>GH</arg>
<arg>GI</arg>
<arg>GL</arg>
<arg>GM</arg>
<arg>GN</arg>
<arg>GP</arg>
<arg>GQ</arg>
<arg>GR</arg>
<arg>GS</arg>
<arg>GT</arg>
<arg>GU</arg>
<arg>GW</arg>
<arg>GY</arg>
<arg>HK</arg>
<arg>HM</arg>
<arg>HN</arg>
<arg>HR</arg>
<arg>HT</arg>
<arg>HU</arg>
<arg>ID</arg>
<arg>IE</arg>
<arg>IL</arg>
<arg>IM</arg>
<arg>IN</arg>
<arg>IO</arg>
<arg>IQ</arg>
<arg>IR</arg>
<arg>IS</arg>
<arg>IT</arg>
<arg>JE</arg>
<arg>JM</arg>
<arg>JO</arg>
<arg>JP</arg>
<arg>KE</arg>
<arg>KG</arg>
<arg>KH</arg>
<arg>KI</arg>
<arg>KM</arg>
<arg>KN</arg>
<arg>KP</arg>
<arg>KR</arg>
<arg>KW</arg>
<arg>KY</arg>
<arg>KZ</arg>
<arg>LA</arg>
<arg>LB</arg>
<arg>LC</arg>
<arg>LI</arg>
<arg>LK</arg>
<arg>LR</arg>
<arg>LS</arg>
<arg>LT</arg>
<arg>LU</arg>
<arg>LV</arg>
<arg>LY</arg>
<arg>MA</arg>
<arg>MC</arg>
<arg>MD</arg>
<arg>ME</arg>
<arg>MF</arg>
<arg>MG</arg>
<arg>MH</arg>
<arg>MK</arg>
<arg>ML</arg>
<arg>MM</arg>
<arg>MN</arg>
<arg>MO</arg>
<arg>MP</arg>
<arg>MQ</arg>
<arg>MR</arg>
<arg>MS</arg>
<arg>MT</arg>
<arg>MU</arg>
<arg>MV</arg>
<arg>MW</arg>
<arg>MX</arg>
<arg>MY</arg>
<arg>MZ</arg>
<arg>NA</arg>
<arg>NC</arg>
<arg>NE</arg>
<arg>NF</arg>
<arg>NG</arg>
<arg>NI</arg>
<arg>NL</arg>
<arg>NO</arg>
<arg>NP</arg>
<arg>NR</arg>
<arg>NU</arg>
<arg>NZ</arg>
<arg>OM</arg>
<arg>PA</arg>
<arg>PE</arg>
<arg>PF</arg>
<arg>PG</arg>
<arg>PH</arg>
<arg>PK</arg>
<arg>PL</arg>
<arg>PM</arg>
<arg>PN</arg>
<arg>PR</arg>
<arg>PS</arg>
<arg>PT</arg>
<arg>PW</arg>
<arg>PY</arg>
<arg>QA</arg>
<arg>RE</arg>
<arg>RO</arg>
<arg>RS</arg>
<arg>RU</arg>
<arg>RW</arg>
<arg>SA</arg>
<arg>SB</arg>
<arg>SC</arg>
<arg>SD</arg>
<arg>SE</arg>
<arg>SG</arg>
<arg>SH</arg>
<arg>SI</arg>
<arg>SJ</arg>
<arg>SK</arg>
<arg>SL</arg>
<arg>SM</arg>
<arg>SN</arg>
<arg>SO</arg>
<arg>SR</arg>
<arg>SS</arg>
<arg>ST</arg>
<arg>SV</arg>
<arg>SX</arg>
<arg>SY</arg>
<arg>SZ</arg>
<arg>TC</arg>
<arg>TD</arg>
<arg>TF</arg>
<arg>TG</arg>
<arg>TH</arg>
<arg>TJ</arg>
<arg>TK</arg>
<arg>TL</arg>
<arg>TM</arg>
<arg>TN</arg>
<arg>TO</arg>
<arg>TR</arg>
<arg>TT</arg>
<arg>TV</arg>
<arg>TW</arg>
<arg>TZ</arg>
<arg>UA</arg>
<arg>UG</arg>
<arg>UM</arg>
<arg>US</arg>
<arg>UY</arg>
<arg>UZ</arg>
<arg>VA</arg>
<arg>VC</arg>
<arg>VE</arg>
<arg>VG</arg>
<arg>VI</arg>
<arg>VN</arg>
<arg>VU</arg>
<arg>WF</arg>
<arg>WS</arg>
<arg>XK</arg>
<arg>YE</arg>
<arg>YT</arg>
<arg>ZA</arg>
<arg>ZM</arg>
<arg>ZW</arg>
<doc>Returns a list containing given items.</doc>
<status status="PASS" start="2024-07-04T12:28:41.838965" elapsed="0.000620"/>
</kw>
<kw name="List Should Contain Value" owner="Collections">
<arg>${list_country}</arg>
<arg>${name_country}</arg>
<doc>Fails if the ``value`` is not found from ``list``.</doc>
<status status="PASS" start="2024-07-04T12:28:41.840401" elapsed="0.000200"/>
</kw>
<kw name="Run Keyword If" owner="BuiltIn">
<kw name="Should Be True" owner="BuiltIn">
<arg>${True}</arg>
<doc>Fails if the given condition is not true.</doc>
<status status="PASS" start="2024-07-04T12:28:41.841531" elapsed="0.000142"/>
</kw>
<arg>${json_data["results"][0]["location"]["coordinates"]["latitude"]} &gt;= -90 and ${json_data["results"][0]["location"]["coordinates"]["latitude"]} &lt;= 90</arg>
<arg>Should Be True</arg>
<arg>${True}</arg>
<doc>Runs the given keyword with the given arguments, if ``condition`` is true.</doc>
<status status="PASS" start="2024-07-04T12:28:41.840796" elapsed="0.001000"/>
</kw>
<kw name="Run Keyword If" owner="BuiltIn">
<kw name="Should Be True" owner="BuiltIn">
<arg>${True}</arg>
<doc>Fails if the given condition is not true.</doc>
<status status="PASS" start="2024-07-04T12:28:41.842655" elapsed="0.000236"/>
</kw>
<arg>${json_data["results"][0]["location"]["coordinates"]["longitude"]} &gt;= -180 and ${json_data["results"][0]["location"]["coordinates"]["longitude"]} &lt;= 180</arg>
<arg>Should Be True</arg>
<arg>${True}</arg>
<doc>Runs the given keyword with the given arguments, if ``condition`` is true.</doc>
<status status="PASS" start="2024-07-04T12:28:41.841976" elapsed="0.001044"/>
</kw>
<status status="PASS" start="2024-07-04T12:28:41.746290" elapsed="0.096865"/>
</kw>
<doc>Testa o conteúdo específico dos campos retornados pela API.</doc>
<tag>testeConteudo</tag>
<status status="PASS" start="2024-07-04T12:28:41.745593" elapsed="0.097714"/>
</test>
<status status="PASS" start="2024-07-04T12:28:40.720183" elapsed="1.125171"/>
</suite>
<status status="PASS" start="2024-07-04T12:28:40.705848" elapsed="1.144611"/>
</suite>
<statistics>
<total>
<stat pass="5" fail="0" skip="0">All Tests</stat>
</total>
<tag>
<stat pass="1" fail="0" skip="0">testeConteudo</stat>
<stat pass="1" fail="0" skip="0">testeEstruturaResposta</stat>
<stat pass="1" fail="0" skip="0">testeRequisicaoBasica</stat>
<stat pass="1" fail="0" skip="0">testeTiposDados</stat>
</tag>
<suite>
<stat pass="5" fail="0" skip="0" id="s1" name="Tests">Tests</stat>
<stat pass="5" fail="0" skip="0" id="s1-s1" name="Random-User-Test">Tests.Random-User-Test</stat>
</suite>
</statistics>
<errors>
</errors>
</robot>
