<?xml version="1.0" encoding="UTF-8"?>
<robot generator="Robot 7.0 (Python 3.12.2 on linux)" generated="2024-03-25T08:18:36.321809" rpa="false" schemaversion="5">
<suite id="s1" name="Tests" source="/home/runner/work/DesafioQAItauRogerioJordao/DesafioQAItauRogerioJordao/RamdonUser/tests">
<suite id="s1-s1" name="Random-User-Test" source="/home/runner/work/DesafioQAItauRogerioJordao/DesafioQAItauRogerioJordao/RamdonUser/tests/random-user-test.robot">
<test id="s1-s1-t1" name="Conectar" line="13">
<kw name="Conectar API" owner="random-user-service">
<kw name="Create Session" owner="RequestsLibrary">
<msg time="2024-03-25T08:18:36.673841" level="INFO">Creating Session using : alias=consultarAPI, url=https://randomuser.me/, headers={},                     cookies={}, auth=None, timeout=None, proxies=None, verify=False,                     debug=0 </msg>
<arg>consultarAPI</arg>
<arg>${URL}</arg>
<doc>Create Session: create a HTTP session to a server</doc>
<status status="PASS" start="2024-03-25T08:18:36.673642" elapsed="0.000364"/>
</kw>
<status status="PASS" start="2024-03-25T08:18:36.672637" elapsed="0.001722"/>
</kw>
<status status="PASS" start="2024-03-25T08:18:36.672131" elapsed="0.002432"/>
</test>
<test id="s1-s1-t2" name="Validar retorno 200 e JSON Válido" line="16">
<kw name="Teste de Requisicao Basica" owner="random-user-service">
<kw name="GET On Session" owner="RequestsLibrary">
<msg time="2024-03-25T08:18:36.830887" level="INFO">GET Request : url=https://randomuser.me/api 
 path_url=/api 
 headers={'User-Agent': 'python-requests/2.31.0', 'Accept-Encoding': 'gzip, deflate', 'Accept': '*/*', 'Connection': 'keep-alive'} 
 body=None 
 </msg>
<msg time="2024-03-25T08:18:36.831019" level="INFO">GET Response : url=https://randomuser.me/api 
 status=200, reason=OK 
 headers={'Date': 'Mon, 25 Mar 2024 08:18:36 GMT', 'Content-Type': 'application/json; charset=utf-8', 'Transfer-Encoding': 'chunked', 'Connection': 'keep-alive', 'X-Powered-By': 'Express', 'Access-Control-Allow-Origin': '*', 'Cache-Control': 'no-cache', 'ETag': 'W/"483-3E9EqAeF3kG5ru9Sk0V3w1ehgy4"', 'Vary': 'Accept-Encoding', 'Content-Encoding': 'gzip', 'CF-Cache-Status': 'DYNAMIC', 'Report-To': '{"endpoints":[{"url":"https:\\/\\/a.nel.cloudflare.com\\/report\\/v4?s=ol7JVVddM5SgdceoxonCPzrd5MVGSQ%2FNeBuMh%2FY0tSlNwwprSAwU9HH80IYzbb3Zhy4rPJyKXZU4DdaYvjlGzFRvC0FHhaV770cNgszaM9c%2FVNM1cb7Naznpyr1oVwtq"}],"group":"cf-nel","max_age":604800}', 'NEL': '{"success_fraction":0,"report_to":"cf-nel","max_age":604800}', 'Server': 'cloudflare', 'CF-RAY': '869d78a39e870d30-LAX', 'alt-svc': 'h3=":443"; ma=86400'} 
 body={"results":[{"gender":"female","name":{"title":"Miss","first":"Jelena","last":"List"},"location":{"street":{"number":9252,"name":"Tulpenweg"},"city":"Sächsische Schweiz","state":"Brandenburg","country":"Germany","postcode":68822,"coordinates":{"latitude":"-50.3268","longitude":"26.4897"},"timezone":{"offset":"-9:00","description":"Alaska"}},"email":"jelena.list@example.com","login":{"uuid":"8832eed3-a871-4186-8fe7-bf9779e964c3","username":"heavypanda959","password":"track","salt":"HDegFxs0","md5":"d78dc30ac7a62cb09f748e61cb6011d4","sha1":"beda5e4686c74c38a83ace0bdf334c5eac117923","sha256":"daa91279b3cc0afb34b051f2730d2b8b5eb073af8bc803548ff74c75cd1e66f5"},"dob":{"date":"1979-06-05T15:48:45.201Z","age":44},"registered":{"date":"2011-12-10T04:25:00.216Z","age":12},"phone":"0595-4282303","cell":"0179-6423769","id":{"name":"SVNR","value":"38 050679 L 860"},"picture":{"large":"https://randomuser.me/api/portraits/women/47.jpg","medium":"https://randomuser.me/api/portraits/med/women/47.jpg","thumbnail":"https://randomuser.me/api/portraits/thumb/women/47.jpg"},"nat":"DE"}],"info":{"seed":"a9b5509690b449ad","results":1,"page":1,"version":"1.4"}} 
 </msg>
<msg time="2024-03-25T08:18:36.831146" level="INFO">/opt/hostedtoolcache/Python/3.12.2/x64/lib/python3.12/site-packages/urllib3/connectionpool.py:1103: InsecureRequestWarning: Unverified HTTPS request is being made to host 'randomuser.me'. Adding certificate verification is strongly advised. See: https://urllib3.readthedocs.io/en/latest/advanced-usage.html#tls-warnings
  warnings.warn(</msg>
<msg time="2024-03-25T08:18:36.831290" level="INFO">${response} = &lt;Response [200]&gt;</msg>
<var>${response}</var>
<arg>consultarAPI</arg>
<arg>/api</arg>
<doc>Sends a GET request on a previously created HTTP Session.</doc>
<status status="PASS" start="2024-03-25T08:18:36.677106" elapsed="0.154226"/>
</kw>
<kw name="Should Be Equal As Numbers" owner="BuiltIn">
<msg time="2024-03-25T08:18:36.832142" level="INFO">Argument types are:
&lt;class 'int'&gt;
&lt;class 'str'&gt;</msg>
<arg>${response.status_code}</arg>
<arg>200</arg>
<doc>Fails if objects are unequal after converting them to real numbers.</doc>
<status status="PASS" start="2024-03-25T08:18:36.831725" elapsed="0.000481"/>
</kw>
<kw name="Log" owner="BuiltIn">
<msg time="2024-03-25T08:18:36.832883" level="INFO">200</msg>
<arg>${response.status_code}</arg>
<doc>Logs the given message with the given level.</doc>
<status status="PASS" start="2024-03-25T08:18:36.832527" elapsed="0.000400"/>
</kw>
<kw name="Set Variable" owner="BuiltIn">
<msg time="2024-03-25T08:18:36.833700" level="INFO">${json_data} = {'results': [{'gender': 'female', 'name': {'title': 'Miss', 'first': 'Jelena', 'last': 'List'}, 'location': {'street': {'number': 9252, 'name': 'Tulpenweg'}, 'city': 'Sächsische Schweiz', 'state': 'Br...</msg>
<var>${json_data}</var>
<arg>${response.json()}</arg>
<doc>Returns the given values which can then be assigned to a variables.</doc>
<status status="PASS" start="2024-03-25T08:18:36.833248" elapsed="0.000482"/>
</kw>
<kw name="Dictionary Should Contain Key" owner="Collections">
<msg time="2024-03-25T08:18:36.834207" level="INFO">False</msg>
<arg>${json_data}</arg>
<arg>results</arg>
<doc>Fails if ``key`` is not found from ``dictionary``.</doc>
<status status="PASS" start="2024-03-25T08:18:36.834034" elapsed="0.000213"/>
</kw>
<status status="PASS" start="2024-03-25T08:18:36.676857" elapsed="0.157644"/>
</kw>
<doc>Testa se a API responde corretamente e retorna um objeto JSON válido.</doc>
<tag>testeRequisicaoBasica</tag>
<status status="PASS" start="2024-03-25T08:18:36.676412" elapsed="0.158300"/>
</test>
<test id="s1-s1-t3" name="Validar estrutura de resposta" line="22">
<kw name="Teste de Estrutura de Resposta" owner="random-user-service">
<kw name="GET On Session" owner="RequestsLibrary">
<msg time="2024-03-25T08:18:36.931440" level="INFO">GET Request : url=https://randomuser.me/api 
 path_url=/api 
 headers={'User-Agent': 'python-requests/2.31.0', 'Accept-Encoding': 'gzip, deflate', 'Accept': '*/*', 'Connection': 'keep-alive'} 
 body=None 
 </msg>
<msg time="2024-03-25T08:18:36.931506" level="INFO">GET Response : url=https://randomuser.me/api 
 status=200, reason=OK 
 headers={'Date': 'Mon, 25 Mar 2024 08:18:36 GMT', 'Content-Type': 'application/json; charset=utf-8', 'Transfer-Encoding': 'chunked', 'Connection': 'keep-alive', 'X-Powered-By': 'Express', 'Access-Control-Allow-Origin': '*', 'Cache-Control': 'no-cache', 'ETag': 'W/"4a1-itnwMSFCI6msVoLywU3GprgX+mw"', 'Vary': 'Accept-Encoding', 'Content-Encoding': 'gzip', 'CF-Cache-Status': 'DYNAMIC', 'Report-To': '{"endpoints":[{"url":"https:\\/\\/a.nel.cloudflare.com\\/report\\/v4?s=Q4CL%2Fb7AJEVnSmsqDamrocCXJ6deK0%2Bb1q5HI3woBQyxGYCboSov0121W4pHOvdwaKRKvXQE6y1EU4qLBYjMqA2s7wivEypp4META4%2BdW8b2Bjf6MoSrTBR7QOL7%2FQBo"}],"group":"cf-nel","max_age":604800}', 'NEL': '{"success_fraction":0,"report_to":"cf-nel","max_age":604800}', 'Server': 'cloudflare', 'CF-RAY': '869d78a44f000d30-LAX', 'alt-svc': 'h3=":443"; ma=86400'} 
 body={"results":[{"gender":"female","name":{"title":"Mrs","first":"Maélie","last":"Duval"},"location":{"street":{"number":9453,"name":"Rue Paul Bert"},"city":"Orléans","state":"Eure-et-Loir","country":"France","postcode":17898,"coordinates":{"latitude":"-15.5818","longitude":"102.2540"},"timezone":{"offset":"+4:00","description":"Abu Dhabi, Muscat, Baku, Tbilisi"}},"email":"maelie.duval@example.com","login":{"uuid":"b45affa4-1465-495f-849b-e087441a8061","username":"sadswan146","password":"manchester","salt":"sAuKu8cq","md5":"19166da8304bc990d66171f37e5b334d","sha1":"4ca5767bb643abd8a81d58bca50888892eee0bec","sha256":"63f9e1e008d52c349ae1983ee92a35a97ab349cbbd7782def4ddf9464992cdab"},"dob":{"date":"1973-02-18T19:56:44.330Z","age":51},"registered":{"date":"2011-06-25T21:02:26.597Z","age":12},"phone":"02-06-50-40-10","cell":"06-46-21-93-23","id":{"name":"INSEE","value":"2730118253697 79"},"picture":{"large":"https://randomuser.me/api/portraits/women/28.jpg","medium":"https://randomuser.me/api/portraits/med/women/28.jpg","thumbnail":"https://randomuser.me/api/portraits/thumb/women/28.jpg"},"nat":"FR"}],"info":{"seed":"59bec1932aee802b","results":1,"page":1,"version":"1.4"}} 
 </msg>
<msg time="2024-03-25T08:18:36.931614" level="INFO">/opt/hostedtoolcache/Python/3.12.2/x64/lib/python3.12/site-packages/urllib3/connectionpool.py:1103: InsecureRequestWarning: Unverified HTTPS request is being made to host 'randomuser.me'. Adding certificate verification is strongly advised. See: https://urllib3.readthedocs.io/en/latest/advanced-usage.html#tls-warnings
  warnings.warn(</msg>
<msg time="2024-03-25T08:18:36.931716" level="INFO">${response} = &lt;Response [200]&gt;</msg>
<var>${response}</var>
<arg>consultarAPI</arg>
<arg>/api</arg>
<doc>Sends a GET request on a previously created HTTP Session.</doc>
<status status="PASS" start="2024-03-25T08:18:36.837478" elapsed="0.094280"/>
</kw>
<kw name="Set Variable" owner="BuiltIn">
<msg time="2024-03-25T08:18:36.932847" level="INFO">${json_data} = {'results': [{'gender': 'female', 'name': {'title': 'Mrs', 'first': 'Maélie', 'last': 'Duval'}, 'location': {'street': {'number': 9453, 'name': 'Rue Paul Bert'}, 'city': 'Orléans', 'state': 'Eure-et-L...</msg>
<var>${json_data}</var>
<arg>${response.json()}</arg>
<doc>Returns the given values which can then be assigned to a variables.</doc>
<status status="PASS" start="2024-03-25T08:18:36.932253" elapsed="0.000625"/>
</kw>
<kw name="Log" owner="BuiltIn">
<msg time="2024-03-25T08:18:36.933359" level="INFO">{'results': [{'gender': 'female', 'name': {'title': 'Mrs', 'first': 'Maélie', 'last': 'Duval'}, 'location': {'street': {'number': 9453, 'name': 'Rue Paul Bert'}, 'city': 'Orléans', 'state': 'Eure-et-Loir', 'country': 'France', 'postcode': 17898, 'coordinates': {'latitude': '-15.5818', 'longitude': '102.2540'}, 'timezone': {'offset': '+4:00', 'description': 'Abu Dhabi, Muscat, Baku, Tbilisi'}}, 'email': 'maelie.duval@example.com', 'login': {'uuid': 'b45affa4-1465-495f-849b-e087441a8061', 'username': 'sadswan146', 'password': 'manchester', 'salt': 'sAuKu8cq', 'md5': '19166da8304bc990d66171f37e5b334d', 'sha1': '4ca5767bb643abd8a81d58bca50888892eee0bec', 'sha256': '63f9e1e008d52c349ae1983ee92a35a97ab349cbbd7782def4ddf9464992cdab'}, 'dob': {'date': '1973-02-18T19:56:44.330Z', 'age': 51}, 'registered': {'date': '2011-06-25T21:02:26.597Z', 'age': 12}, 'phone': '02-06-50-40-10', 'cell': '06-46-21-93-23', 'id': {'name': 'INSEE', 'value': '2730118253697 79'}, 'picture': {'large': 'https://randomuser.me/api/portraits/women/28.jpg', 'medium': 'https://randomuser.me/api/portraits/med/women/28.jpg', 'thumbnail': 'https://randomuser.me/api/portraits/thumb/women/28.jpg'}, 'nat': 'FR'}], 'info': {'seed': '59bec1932aee802b', 'results': 1, 'page': 1, 'version': '1.4'}}</msg>
<arg>${json_data}</arg>
<doc>Logs the given message with the given level.</doc>
<status status="PASS" start="2024-03-25T08:18:36.933194" elapsed="0.000216"/>
</kw>
<kw name="Dictionary Should Contain Key" owner="Collections">
<msg time="2024-03-25T08:18:36.933864" level="INFO">False</msg>
<arg>${json_data}</arg>
<arg>results</arg>
<doc>Fails if ``key`` is not found from ``dictionary``.</doc>
<status status="PASS" start="2024-03-25T08:18:36.933711" elapsed="0.000192"/>
</kw>
<kw name="Should Not Be Empty" owner="BuiltIn">
<msg time="2024-03-25T08:18:36.934333" level="INFO">Length is 2.</msg>
<arg>${json_data}</arg>
<doc>Verifies that the given item is not empty.</doc>
<status status="PASS" start="2024-03-25T08:18:36.934201" elapsed="0.000172"/>
</kw>
<kw name="Create List" owner="BuiltIn">
<msg time="2024-03-25T08:18:36.934870" level="INFO">${expected_keys} = ['gender', 'name', 'location', 'email', 'login']</msg>
<var>${expected_keys}</var>
<arg>gender</arg>
<arg>name</arg>
<arg>location</arg>
<arg>email</arg>
<arg>login</arg>
<doc>Returns a list containing given items.</doc>
<status status="PASS" start="2024-03-25T08:18:36.934694" elapsed="0.000201"/>
</kw>
<for flavor="IN">
<iter>
<kw name="Dictionary Should Contain Key" owner="Collections">
<msg time="2024-03-25T08:18:36.935878" level="INFO">False</msg>
<arg>${json_data['results'][0]}</arg>
<arg>${key}</arg>
<doc>Fails if ``key`` is not found from ``dictionary``.</doc>
<status status="PASS" start="2024-03-25T08:18:36.935461" elapsed="0.000458"/>
</kw>
<kw name="Log" owner="BuiltIn">
<msg time="2024-03-25T08:18:36.936598" level="INFO">{'gender': 'female', 'name': {'title': 'Mrs', 'first': 'Maélie', 'last': 'Duval'}, 'location': {'street': {'number': 9453, 'name': 'Rue Paul Bert'}, 'city': 'Orléans', 'state': 'Eure-et-Loir', 'country': 'France', 'postcode': 17898, 'coordinates': {'latitude': '-15.5818', 'longitude': '102.2540'}, 'timezone': {'offset': '+4:00', 'description': 'Abu Dhabi, Muscat, Baku, Tbilisi'}}, 'email': 'maelie.duval@example.com', 'login': {'uuid': 'b45affa4-1465-495f-849b-e087441a8061', 'username': 'sadswan146', 'password': 'manchester', 'salt': 'sAuKu8cq', 'md5': '19166da8304bc990d66171f37e5b334d', 'sha1': '4ca5767bb643abd8a81d58bca50888892eee0bec', 'sha256': '63f9e1e008d52c349ae1983ee92a35a97ab349cbbd7782def4ddf9464992cdab'}, 'dob': {'date': '1973-02-18T19:56:44.330Z', 'age': 51}, 'registered': {'date': '2011-06-25T21:02:26.597Z', 'age': 12}, 'phone': '02-06-50-40-10', 'cell': '06-46-21-93-23', 'id': {'name': 'INSEE', 'value': '2730118253697 79'}, 'picture': {'large': 'https://randomuser.me/api/portraits/women/28.jpg', 'medium': 'https://randomuser.me/api/portraits/med/women/28.jpg', 'thumbnail': 'https://randomuser.me/api/portraits/thumb/women/28.jpg'}, 'nat': 'FR'}</msg>
<arg>${json_data['results'][0]}</arg>
<doc>Logs the given message with the given level.</doc>
<status status="PASS" start="2024-03-25T08:18:36.936227" elapsed="0.000429"/>
</kw>
<kw name="Log" owner="BuiltIn">
<msg time="2024-03-25T08:18:36.937102" level="INFO">gender</msg>
<arg>${key}</arg>
<doc>Logs the given message with the given level.</doc>
<status status="PASS" start="2024-03-25T08:18:36.936971" elapsed="0.000170"/>
</kw>
<var name="${key}">gender</var>
<status status="PASS" start="2024-03-25T08:18:36.935338" elapsed="0.002027"/>
</iter>
<iter>
<kw name="Dictionary Should Contain Key" owner="Collections">
<msg time="2024-03-25T08:18:36.938053" level="INFO">False</msg>
<arg>${json_data['results'][0]}</arg>
<arg>${key}</arg>
<doc>Fails if ``key`` is not found from ``dictionary``.</doc>
<status status="PASS" start="2024-03-25T08:18:36.937670" elapsed="0.000421"/>
</kw>
<kw name="Log" owner="BuiltIn">
<msg time="2024-03-25T08:18:36.938811" level="INFO">{'gender': 'female', 'name': {'title': 'Mrs', 'first': 'Maélie', 'last': 'Duval'}, 'location': {'street': {'number': 9453, 'name': 'Rue Paul Bert'}, 'city': 'Orléans', 'state': 'Eure-et-Loir', 'country': 'France', 'postcode': 17898, 'coordinates': {'latitude': '-15.5818', 'longitude': '102.2540'}, 'timezone': {'offset': '+4:00', 'description': 'Abu Dhabi, Muscat, Baku, Tbilisi'}}, 'email': 'maelie.duval@example.com', 'login': {'uuid': 'b45affa4-1465-495f-849b-e087441a8061', 'username': 'sadswan146', 'password': 'manchester', 'salt': 'sAuKu8cq', 'md5': '19166da8304bc990d66171f37e5b334d', 'sha1': '4ca5767bb643abd8a81d58bca50888892eee0bec', 'sha256': '63f9e1e008d52c349ae1983ee92a35a97ab349cbbd7782def4ddf9464992cdab'}, 'dob': {'date': '1973-02-18T19:56:44.330Z', 'age': 51}, 'registered': {'date': '2011-06-25T21:02:26.597Z', 'age': 12}, 'phone': '02-06-50-40-10', 'cell': '06-46-21-93-23', 'id': {'name': 'INSEE', 'value': '2730118253697 79'}, 'picture': {'large': 'https://randomuser.me/api/portraits/women/28.jpg', 'medium': 'https://randomuser.me/api/portraits/med/women/28.jpg', 'thumbnail': 'https://randomuser.me/api/portraits/thumb/women/28.jpg'}, 'nat': 'FR'}</msg>
<arg>${json_data['results'][0]}</arg>
<doc>Logs the given message with the given level.</doc>
<status status="PASS" start="2024-03-25T08:18:36.938423" elapsed="0.000439"/>
</kw>
<kw name="Log" owner="BuiltIn">
<msg time="2024-03-25T08:18:36.939292" level="INFO">name</msg>
<arg>${key}</arg>
<doc>Logs the given message with the given level.</doc>
<status status="PASS" start="2024-03-25T08:18:36.939163" elapsed="0.000168"/>
</kw>
<var name="${key}">name</var>
<status status="PASS" start="2024-03-25T08:18:36.937556" elapsed="0.001993"/>
</iter>
<iter>
<kw name="Dictionary Should Contain Key" owner="Collections">
<msg time="2024-03-25T08:18:36.940222" level="INFO">False</msg>
<arg>${json_data['results'][0]}</arg>
<arg>${key}</arg>
<doc>Fails if ``key`` is not found from ``dictionary``.</doc>
<status status="PASS" start="2024-03-25T08:18:36.939843" elapsed="0.000418"/>
</kw>
<kw name="Log" owner="BuiltIn">
<msg time="2024-03-25T08:18:36.940931" level="INFO">{'gender': 'female', 'name': {'title': 'Mrs', 'first': 'Maélie', 'last': 'Duval'}, 'location': {'street': {'number': 9453, 'name': 'Rue Paul Bert'}, 'city': 'Orléans', 'state': 'Eure-et-Loir', 'country': 'France', 'postcode': 17898, 'coordinates': {'latitude': '-15.5818', 'longitude': '102.2540'}, 'timezone': {'offset': '+4:00', 'description': 'Abu Dhabi, Muscat, Baku, Tbilisi'}}, 'email': 'maelie.duval@example.com', 'login': {'uuid': 'b45affa4-1465-495f-849b-e087441a8061', 'username': 'sadswan146', 'password': 'manchester', 'salt': 'sAuKu8cq', 'md5': '19166da8304bc990d66171f37e5b334d', 'sha1': '4ca5767bb643abd8a81d58bca50888892eee0bec', 'sha256': '63f9e1e008d52c349ae1983ee92a35a97ab349cbbd7782def4ddf9464992cdab'}, 'dob': {'date': '1973-02-18T19:56:44.330Z', 'age': 51}, 'registered': {'date': '2011-06-25T21:02:26.597Z', 'age': 12}, 'phone': '02-06-50-40-10', 'cell': '06-46-21-93-23', 'id': {'name': 'INSEE', 'value': '2730118253697 79'}, 'picture': {'large': 'https://randomuser.me/api/portraits/women/28.jpg', 'medium': 'https://randomuser.me/api/portraits/med/women/28.jpg', 'thumbnail': 'https://randomuser.me/api/portraits/thumb/women/28.jpg'}, 'nat': 'FR'}</msg>
<arg>${json_data['results'][0]}</arg>
<doc>Logs the given message with the given level.</doc>
<status status="PASS" start="2024-03-25T08:18:36.940565" elapsed="0.000420"/>
</kw>
<kw name="Log" owner="BuiltIn">
<msg time="2024-03-25T08:18:36.941409" level="INFO">location</msg>
<arg>${key}</arg>
<doc>Logs the given message with the given level.</doc>
<status status="PASS" start="2024-03-25T08:18:36.941281" elapsed="0.000169"/>
</kw>
<var name="${key}">location</var>
<status status="PASS" start="2024-03-25T08:18:36.939731" elapsed="0.001936"/>
</iter>
<iter>
<kw name="Dictionary Should Contain Key" owner="Collections">
<msg time="2024-03-25T08:18:36.942326" level="INFO">False</msg>
<arg>${json_data['results'][0]}</arg>
<arg>${key}</arg>
<doc>Fails if ``key`` is not found from ``dictionary``.</doc>
<status status="PASS" start="2024-03-25T08:18:36.941952" elapsed="0.000413"/>
</kw>
<kw name="Log" owner="BuiltIn">
<msg time="2024-03-25T08:18:36.943057" level="INFO">{'gender': 'female', 'name': {'title': 'Mrs', 'first': 'Maélie', 'last': 'Duval'}, 'location': {'street': {'number': 9453, 'name': 'Rue Paul Bert'}, 'city': 'Orléans', 'state': 'Eure-et-Loir', 'country': 'France', 'postcode': 17898, 'coordinates': {'latitude': '-15.5818', 'longitude': '102.2540'}, 'timezone': {'offset': '+4:00', 'description': 'Abu Dhabi, Muscat, Baku, Tbilisi'}}, 'email': 'maelie.duval@example.com', 'login': {'uuid': 'b45affa4-1465-495f-849b-e087441a8061', 'username': 'sadswan146', 'password': 'manchester', 'salt': 'sAuKu8cq', 'md5': '19166da8304bc990d66171f37e5b334d', 'sha1': '4ca5767bb643abd8a81d58bca50888892eee0bec', 'sha256': '63f9e1e008d52c349ae1983ee92a35a97ab349cbbd7782def4ddf9464992cdab'}, 'dob': {'date': '1973-02-18T19:56:44.330Z', 'age': 51}, 'registered': {'date': '2011-06-25T21:02:26.597Z', 'age': 12}, 'phone': '02-06-50-40-10', 'cell': '06-46-21-93-23', 'id': {'name': 'INSEE', 'value': '2730118253697 79'}, 'picture': {'large': 'https://randomuser.me/api/portraits/women/28.jpg', 'medium': 'https://randomuser.me/api/portraits/med/women/28.jpg', 'thumbnail': 'https://randomuser.me/api/portraits/thumb/women/28.jpg'}, 'nat': 'FR'}</msg>
<arg>${json_data['results'][0]}</arg>
<doc>Logs the given message with the given level.</doc>
<status status="PASS" start="2024-03-25T08:18:36.942683" elapsed="0.000425"/>
</kw>
<kw name="Log" owner="BuiltIn">
<msg time="2024-03-25T08:18:36.943541" level="INFO">email</msg>
<arg>${key}</arg>
<doc>Logs the given message with the given level.</doc>
<status status="PASS" start="2024-03-25T08:18:36.943412" elapsed="0.000168"/>
</kw>
<var name="${key}">email</var>
<status status="PASS" start="2024-03-25T08:18:36.941842" elapsed="0.001951"/>
</iter>
<iter>
<kw name="Dictionary Should Contain Key" owner="Collections">
<msg time="2024-03-25T08:18:36.944469" level="INFO">False</msg>
<arg>${json_data['results'][0]}</arg>
<arg>${key}</arg>
<doc>Fails if ``key`` is not found from ``dictionary``.</doc>
<status status="PASS" start="2024-03-25T08:18:36.944084" elapsed="0.000424"/>
</kw>
<kw name="Log" owner="BuiltIn">
<msg time="2024-03-25T08:18:36.945176" level="INFO">{'gender': 'female', 'name': {'title': 'Mrs', 'first': 'Maélie', 'last': 'Duval'}, 'location': {'street': {'number': 9453, 'name': 'Rue Paul Bert'}, 'city': 'Orléans', 'state': 'Eure-et-Loir', 'country': 'France', 'postcode': 17898, 'coordinates': {'latitude': '-15.5818', 'longitude': '102.2540'}, 'timezone': {'offset': '+4:00', 'description': 'Abu Dhabi, Muscat, Baku, Tbilisi'}}, 'email': 'maelie.duval@example.com', 'login': {'uuid': 'b45affa4-1465-495f-849b-e087441a8061', 'username': 'sadswan146', 'password': 'manchester', 'salt': 'sAuKu8cq', 'md5': '19166da8304bc990d66171f37e5b334d', 'sha1': '4ca5767bb643abd8a81d58bca50888892eee0bec', 'sha256': '63f9e1e008d52c349ae1983ee92a35a97ab349cbbd7782def4ddf9464992cdab'}, 'dob': {'date': '1973-02-18T19:56:44.330Z', 'age': 51}, 'registered': {'date': '2011-06-25T21:02:26.597Z', 'age': 12}, 'phone': '02-06-50-40-10', 'cell': '06-46-21-93-23', 'id': {'name': 'INSEE', 'value': '2730118253697 79'}, 'picture': {'large': 'https://randomuser.me/api/portraits/women/28.jpg', 'medium': 'https://randomuser.me/api/portraits/med/women/28.jpg', 'thumbnail': 'https://randomuser.me/api/portraits/thumb/women/28.jpg'}, 'nat': 'FR'}</msg>
<arg>${json_data['results'][0]}</arg>
<doc>Logs the given message with the given level.</doc>
<status status="PASS" start="2024-03-25T08:18:36.944802" elapsed="0.000423"/>
</kw>
<kw name="Log" owner="BuiltIn">
<msg time="2024-03-25T08:18:36.945649" level="INFO">login</msg>
<arg>${key}</arg>
<doc>Logs the given message with the given level.</doc>
<status status="PASS" start="2024-03-25T08:18:36.945522" elapsed="0.000299"/>
</kw>
<var name="${key}">login</var>
<status status="PASS" start="2024-03-25T08:18:36.943968" elapsed="0.002083"/>
</iter>
<var>${key}</var>
<value>@{expected_keys}</value>
<status status="PASS" start="2024-03-25T08:18:36.935160" elapsed="0.011017"/>
</for>
<kw name="Create List" owner="BuiltIn">
<msg time="2024-03-25T08:18:36.946508" level="INFO">${expected_keysTwo} = ['username', 'password']</msg>
<var>${expected_keysTwo}</var>
<arg>username</arg>
<arg>password</arg>
<doc>Returns a list containing given items.</doc>
<status status="PASS" start="2024-03-25T08:18:36.946371" elapsed="0.000161"/>
</kw>
<for flavor="IN">
<iter>
<kw name="Dictionary Should Contain Key" owner="Collections">
<msg time="2024-03-25T08:18:36.947450" level="INFO">False</msg>
<arg>${json_data['results'][0]['login']}</arg>
<arg>${keyTwo}</arg>
<doc>Fails if ``key`` is not found from ``dictionary``.</doc>
<status status="PASS" start="2024-03-25T08:18:36.947066" elapsed="0.000422"/>
</kw>
<kw name="Dictionary Should Contain Key" owner="Collections">
<msg time="2024-03-25T08:18:36.948168" level="INFO">False</msg>
<arg>${json_data['results'][0]['login']}</arg>
<arg>${keyTwo}</arg>
<doc>Fails if ``key`` is not found from ``dictionary``.</doc>
<status status="PASS" start="2024-03-25T08:18:36.947790" elapsed="0.000416"/>
</kw>
<kw name="Log" owner="BuiltIn">
<msg time="2024-03-25T08:18:36.948629" level="INFO">username</msg>
<arg>${keyTwo}</arg>
<doc>Logs the given message with the given level.</doc>
<status status="PASS" start="2024-03-25T08:18:36.948499" elapsed="0.000168"/>
</kw>
<var name="${keyTwo}">username</var>
<status status="PASS" start="2024-03-25T08:18:36.946955" elapsed="0.001927"/>
</iter>
<iter>
<kw name="Dictionary Should Contain Key" owner="Collections">
<msg time="2024-03-25T08:18:36.949538" level="INFO">False</msg>
<arg>${json_data['results'][0]['login']}</arg>
<arg>${keyTwo}</arg>
<doc>Fails if ``key`` is not found from ``dictionary``.</doc>
<status status="PASS" start="2024-03-25T08:18:36.949165" elapsed="0.000410"/>
</kw>
<kw name="Dictionary Should Contain Key" owner="Collections">
<msg time="2024-03-25T08:18:36.950270" level="INFO">False</msg>
<arg>${json_data['results'][0]['login']}</arg>
<arg>${keyTwo}</arg>
<doc>Fails if ``key`` is not found from ``dictionary``.</doc>
<status status="PASS" start="2024-03-25T08:18:36.949888" elapsed="0.000420"/>
</kw>
<kw name="Log" owner="BuiltIn">
<msg time="2024-03-25T08:18:36.950766" level="INFO">password</msg>
<arg>${keyTwo}</arg>
<doc>Logs the given message with the given level.</doc>
<status status="PASS" start="2024-03-25T08:18:36.950602" elapsed="0.000205"/>
</kw>
<var name="${keyTwo}">password</var>
<status status="PASS" start="2024-03-25T08:18:36.949056" elapsed="0.001982"/>
</iter>
<var>${keyTwo}</var>
<value>@{expected_keysTwo}</value>
<status status="PASS" start="2024-03-25T08:18:36.946800" elapsed="0.004362"/>
</for>
<status status="PASS" start="2024-03-25T08:18:36.837248" elapsed="0.114055"/>
</kw>
<doc>Testa a estrutura da resposta da API.</doc>
<tag>testeEstruturaResposta</tag>
<status status="PASS" start="2024-03-25T08:18:36.836528" elapsed="0.114930"/>
</test>
<test id="s1-s1-t4" name="Validar tipos de dados" line="28">
<kw name="Teste de Tipos de Dados" owner="random-user-service">
<kw name="GET On Session" owner="RequestsLibrary">
<msg time="2024-03-25T08:18:37.064746" level="INFO">GET Request : url=https://randomuser.me/api 
 path_url=/api 
 headers={'User-Agent': 'python-requests/2.31.0', 'Accept-Encoding': 'gzip, deflate', 'Accept': '*/*', 'Connection': 'keep-alive'} 
 body=None 
 </msg>
<msg time="2024-03-25T08:18:37.064839" level="INFO">GET Response : url=https://randomuser.me/api 
 status=200, reason=OK 
 headers={'Date': 'Mon, 25 Mar 2024 08:18:37 GMT', 'Content-Type': 'application/json; charset=utf-8', 'Transfer-Encoding': 'chunked', 'Connection': 'keep-alive', 'X-Powered-By': 'Express', 'Access-Control-Allow-Origin': '*', 'Cache-Control': 'no-cache', 'ETag': 'W/"481-Ran06NC+LrmgLELgfL6JvDA1uEs"', 'Vary': 'Accept-Encoding', 'Content-Encoding': 'gzip', 'CF-Cache-Status': 'DYNAMIC', 'Report-To': '{"endpoints":[{"url":"https:\\/\\/a.nel.cloudflare.com\\/report\\/v4?s=ptIOF6IUBvFkrD2BbrWWZzv1sLoOfMbHeuC3ZRYu4WMwo75OFXSDmZJmS2lD2yI8r8%2FPZoTts3y3Xad3X7%2BGf2rnkct7W%2F%2B%2FKqwZFh3DXbOFg9GOWcGLkQUUhxJuCvEW"}],"group":"cf-nel","max_age":604800}', 'NEL': '{"success_fraction":0,"report_to":"cf-nel","max_age":604800}', 'Server': 'cloudflare', 'CF-RAY': '869d78a50f810d30-LAX', 'alt-svc': 'h3=":443"; ma=86400'} 
 body={"results":[{"gender":"male","name":{"title":"Mr","first":"Tadija","last":"Tomović"},"location":{"street":{"number":2074,"name":"Arsenija Miloševića"},"city":"Opovo","state":"Srem","country":"Serbia","postcode":81577,"coordinates":{"latitude":"60.5309","longitude":"-25.2842"},"timezone":{"offset":"-12:00","description":"Eniwetok, Kwajalein"}},"email":"tadija.tomovic@example.com","login":{"uuid":"cd0309dc-4c3d-400f-be16-76fa80e96c59","username":"beautifulkoala498","password":"towers","salt":"pVn1bc8T","md5":"d8848e53d989fa2fa8a4b5d387739af9","sha1":"2608824fb34824676b6b39bb479a9ad9eb82b57f","sha256":"b3f1021252898c2453dcd8fa02ac25f705fd2bd4808a30e3aaec50abd79c46ca"},"dob":{"date":"1967-11-04T14:14:45.464Z","age":56},"registered":{"date":"2021-07-27T09:05:54.118Z","age":2},"phone":"020-9547-358","cell":"064-5554-026","id":{"name":"SID","value":"832510877"},"picture":{"large":"https://randomuser.me/api/portraits/men/65.jpg","medium":"https://randomuser.me/api/portraits/med/men/65.jpg","thumbnail":"https://randomuser.me/api/portraits/thumb/men/65.jpg"},"nat":"RS"}],"info":{"seed":"ffa2e7668ec85e44","results":1,"page":1,"version":"1.4"}} 
 </msg>
<msg time="2024-03-25T08:18:37.064919" level="INFO">/opt/hostedtoolcache/Python/3.12.2/x64/lib/python3.12/site-packages/urllib3/connectionpool.py:1103: InsecureRequestWarning: Unverified HTTPS request is being made to host 'randomuser.me'. Adding certificate verification is strongly advised. See: https://urllib3.readthedocs.io/en/latest/advanced-usage.html#tls-warnings
  warnings.warn(</msg>
<msg time="2024-03-25T08:18:37.065045" level="INFO">${response} = &lt;Response [200]&gt;</msg>
<var>${response}</var>
<arg>consultarAPI</arg>
<arg>/api</arg>
<doc>Sends a GET request on a previously created HTTP Session.</doc>
<status status="PASS" start="2024-03-25T08:18:36.954044" elapsed="0.111054"/>
</kw>
<kw name="Set Variable" owner="BuiltIn">
<msg time="2024-03-25T08:18:37.066186" level="INFO">${json_data} = {'results': [{'gender': 'male', 'name': {'title': 'Mr', 'first': 'Tadija', 'last': 'Tomović'}, 'location': {'street': {'number': 2074, 'name': 'Arsenija Miloševića'}, 'city': 'Opovo', 'state': 'Srem',...</msg>
<var>${json_data}</var>
<arg>${response.json()}</arg>
<doc>Returns the given values which can then be assigned to a variables.</doc>
<status status="PASS" start="2024-03-25T08:18:37.065675" elapsed="0.000542"/>
</kw>
<kw name="Log" owner="BuiltIn">
<msg time="2024-03-25T08:18:37.066748" level="INFO">{'results': [{'gender': 'male', 'name': {'title': 'Mr', 'first': 'Tadija', 'last': 'Tomović'}, 'location': {'street': {'number': 2074, 'name': 'Arsenija Miloševića'}, 'city': 'Opovo', 'state': 'Srem', 'country': 'Serbia', 'postcode': 81577, 'coordinates': {'latitude': '60.5309', 'longitude': '-25.2842'}, 'timezone': {'offset': '-12:00', 'description': 'Eniwetok, Kwajalein'}}, 'email': 'tadija.tomovic@example.com', 'login': {'uuid': 'cd0309dc-4c3d-400f-be16-76fa80e96c59', 'username': 'beautifulkoala498', 'password': 'towers', 'salt': 'pVn1bc8T', 'md5': 'd8848e53d989fa2fa8a4b5d387739af9', 'sha1': '2608824fb34824676b6b39bb479a9ad9eb82b57f', 'sha256': 'b3f1021252898c2453dcd8fa02ac25f705fd2bd4808a30e3aaec50abd79c46ca'}, 'dob': {'date': '1967-11-04T14:14:45.464Z', 'age': 56}, 'registered': {'date': '2021-07-27T09:05:54.118Z', 'age': 2}, 'phone': '020-9547-358', 'cell': '064-5554-026', 'id': {'name': 'SID', 'value': '832510877'}, 'picture': {'large': 'https://randomuser.me/api/portraits/men/65.jpg', 'medium': 'https://randomuser.me/api/portraits/med/men/65.jpg', 'thumbnail': 'https://randomuser.me/api/portraits/thumb/men/65.jpg'}, 'nat': 'RS'}], 'info': {'seed': 'ffa2e7668ec85e44', 'results': 1, 'page': 1, 'version': '1.4'}}</msg>
<arg>${json_data}</arg>
<doc>Logs the given message with the given level.</doc>
<status status="PASS" start="2024-03-25T08:18:37.066540" elapsed="0.000325"/>
</kw>
<kw name="Should Be String" owner="String">
<arg>${json_data['results'][0]['gender']}</arg>
<doc>Fails if the given ``item`` is not a string.</doc>
<status status="PASS" start="2024-03-25T08:18:37.067189" elapsed="0.000380"/>
</kw>
<kw name="Should Match Regexp" owner="BuiltIn">
<arg>${json_data['results'][0]['email']}</arg>
<arg>^[a-zA-Z0-9._%+-]+@[a-zA-Z0-9.-]+\.[a-zA-Z]{2,}$</arg>
<doc>Fails if ``string`` does not match ``pattern`` as a regular expression.</doc>
<status status="PASS" start="2024-03-25T08:18:37.067770" elapsed="0.000528"/>
</kw>
<kw name="Should Match Regexp" owner="BuiltIn">
<arg>${json_data['results'][0]['dob']['date']}</arg>
<arg>\\d{4}-\\d{2}-\\d{2}T\\d{2}:\\d{2}:\\d{2}\\.\\d{3}Z</arg>
<doc>Fails if ``string`` does not match ``pattern`` as a regular expression.</doc>
<status status="PASS" start="2024-03-25T08:18:37.068498" elapsed="0.000508"/>
</kw>
<kw name="Should Match Regexp" owner="BuiltIn">
<arg>${json_data['results'][0]['registered']['date']}</arg>
<arg>\\d{4}-\\d{2}-\\d{2}T\\d{2}:\\d{2}:\\d{2}\\.\\d{3}Z</arg>
<doc>Fails if ``string`` does not match ``pattern`` as a regular expression.</doc>
<status status="PASS" start="2024-03-25T08:18:37.069205" elapsed="0.000379"/>
</kw>
<kw name="Should Match Regexp" owner="BuiltIn">
<arg>${json_data['results'][0]['picture']['large']}</arg>
<arg>^https?://.*\.(?:png|jpe?g|gif|bmp)$</arg>
<doc>Fails if ``string`` does not match ``pattern`` as a regular expression.</doc>
<status status="PASS" start="2024-03-25T08:18:37.069776" elapsed="0.000463"/>
</kw>
<kw name="Should Match Regexp" owner="BuiltIn">
<arg>${json_data['results'][0]['picture']['medium']}</arg>
<arg>^https?://.*\.(?:png|jpe?g|gif|bmp)$</arg>
<doc>Fails if ``string`` does not match ``pattern`` as a regular expression.</doc>
<status status="PASS" start="2024-03-25T08:18:37.070432" elapsed="0.000395"/>
</kw>
<kw name="Should Match Regexp" owner="BuiltIn">
<arg>${json_data['results'][0]['picture']['thumbnail']}</arg>
<arg>^https?://.*\.(?:png|jpe?g|gif|bmp)$</arg>
<doc>Fails if ``string`` does not match ``pattern`` as a regular expression.</doc>
<status status="PASS" start="2024-03-25T08:18:37.071016" elapsed="0.000356"/>
</kw>
<kw name="Log" owner="BuiltIn">
<msg time="2024-03-25T08:18:37.071887" level="INFO">{'large': 'https://randomuser.me/api/portraits/men/65.jpg', 'medium': 'https://randomuser.me/api/portraits/med/men/65.jpg', 'thumbnail': 'https://randomuser.me/api/portraits/thumb/men/65.jpg'}</msg>
<arg>${json_data['results'][0]['picture']}</arg>
<doc>Logs the given message with the given level.</doc>
<status status="PASS" start="2024-03-25T08:18:37.071557" elapsed="0.000379"/>
</kw>
<status status="PASS" start="2024-03-25T08:18:36.953823" elapsed="0.118371"/>
</kw>
<kw name="Teste de Tipos de Dados - Postcode" owner="random-user-service">
<kw name="GET On Session" owner="RequestsLibrary">
<msg time="2024-03-25T08:18:37.164693" level="INFO">GET Request : url=https://randomuser.me/api 
 path_url=/api 
 headers={'User-Agent': 'python-requests/2.31.0', 'Accept-Encoding': 'gzip, deflate', 'Accept': '*/*', 'Connection': 'keep-alive'} 
 body=None 
 </msg>
<msg time="2024-03-25T08:18:37.164771" level="INFO">GET Response : url=https://randomuser.me/api 
 status=200, reason=OK 
 headers={'Date': 'Mon, 25 Mar 2024 08:18:37 GMT', 'Content-Type': 'application/json; charset=utf-8', 'Transfer-Encoding': 'chunked', 'Connection': 'keep-alive', 'X-Powered-By': 'Express', 'Access-Control-Allow-Origin': '*', 'Cache-Control': 'no-cache', 'ETag': 'W/"4a4-7NgMwgDlqeYJuftkki2oFp+gyqw"', 'Vary': 'Accept-Encoding', 'Content-Encoding': 'gzip', 'CF-Cache-Status': 'DYNAMIC', 'Report-To': '{"endpoints":[{"url":"https:\\/\\/a.nel.cloudflare.com\\/report\\/v4?s=3x5ohOcsuwMN70cY8qDc7QfwSCj%2B0reuSuX21oMI4V3bpKmoSh8LsWOeAN%2BoM4EoOWcwFRCHOTqGWLrv7PkHxn0OBRmPc2kzuRCIgmyjlRTotJAPiD52toaW1sL%2BlEmr"}],"group":"cf-nel","max_age":604800}', 'NEL': '{"success_fraction":0,"report_to":"cf-nel","max_age":604800}', 'Server': 'cloudflare', 'CF-RAY': '869d78a5bfcd0d30-LAX', 'alt-svc': 'h3=":443"; ma=86400'} 
 body={"results":[{"gender":"female","name":{"title":"Ms","first":"Sonya","last":"Bab'yuk"},"location":{"street":{"number":8159,"name":"Perfeckogo"},"city":"Voznesenivka","state":"Avtonomna Respublika Krim","country":"Ukraine","postcode":71693,"coordinates":{"latitude":"77.8917","longitude":"135.2604"},"timezone":{"offset":"+9:00","description":"Tokyo, Seoul, Osaka, Sapporo, Yakutsk"}},"email":"sonya.bab'yuk@example.com","login":{"uuid":"d0eeda20-a5d2-4cd4-aaac-42451dc96390","username":"silverelephant235","password":"norman","salt":"w2lUZsQO","md5":"1db6e89d67698c66032f20bb34ebe5db","sha1":"169de2008274f1e11606b9b86061eb63572720c7","sha256":"0128ee03cb82d12b50ef4aefbf8ae9daa30785be1b1abe5ae635cb978abdd016"},"dob":{"date":"1959-09-17T08:49:09.458Z","age":64},"registered":{"date":"2009-08-11T23:17:07.390Z","age":14},"phone":"(099) V53-2505","cell":"(066) O43-5134","id":{"name":"","value":null},"picture":{"large":"https://randomuser.me/api/portraits/women/11.jpg","medium":"https://randomuser.me/api/portraits/med/women/11.jpg","thumbnail":"https://randomuser.me/api/portraits/thumb/women/11.jpg"},"nat":"UA"}],"info":{"seed":"36e29bd73f138a28","results":1,"page":1,"version":"1.4"}} 
 </msg>
<msg time="2024-03-25T08:18:37.164844" level="INFO">/opt/hostedtoolcache/Python/3.12.2/x64/lib/python3.12/site-packages/urllib3/connectionpool.py:1103: InsecureRequestWarning: Unverified HTTPS request is being made to host 'randomuser.me'. Adding certificate verification is strongly advised. See: https://urllib3.readthedocs.io/en/latest/advanced-usage.html#tls-warnings
  warnings.warn(</msg>
<msg time="2024-03-25T08:18:37.164934" level="INFO">${response} = &lt;Response [200]&gt;</msg>
<var>${response}</var>
<arg>consultarAPI</arg>
<arg>/api</arg>
<doc>Sends a GET request on a previously created HTTP Session.</doc>
<status status="PASS" start="2024-03-25T08:18:37.072791" elapsed="0.092176"/>
</kw>
<kw name="Set Variable" owner="BuiltIn">
<msg time="2024-03-25T08:18:37.165773" level="INFO">${json_data} = {'results': [{'gender': 'female', 'name': {'title': 'Ms', 'first': 'Sonya', 'last': "Bab'yuk"}, 'location': {'street': {'number': 8159, 'name': 'Perfeckogo'}, 'city': 'Voznesenivka', 'state': 'Avtonom...</msg>
<var>${json_data}</var>
<arg>${response.json()}</arg>
<doc>Returns the given values which can then be assigned to a variables.</doc>
<status status="PASS" start="2024-03-25T08:18:37.165344" elapsed="0.000457"/>
</kw>
<kw name="Log" owner="BuiltIn">
<msg time="2024-03-25T08:18:37.166254" level="INFO">{'results': [{'gender': 'female', 'name': {'title': 'Ms', 'first': 'Sonya', 'last': "Bab'yuk"}, 'location': {'street': {'number': 8159, 'name': 'Perfeckogo'}, 'city': 'Voznesenivka', 'state': 'Avtonomna Respublika Krim', 'country': 'Ukraine', 'postcode': 71693, 'coordinates': {'latitude': '77.8917', 'longitude': '135.2604'}, 'timezone': {'offset': '+9:00', 'description': 'Tokyo, Seoul, Osaka, Sapporo, Yakutsk'}}, 'email': "sonya.bab'yuk@example.com", 'login': {'uuid': 'd0eeda20-a5d2-4cd4-aaac-42451dc96390', 'username': 'silverelephant235', 'password': 'norman', 'salt': 'w2lUZsQO', 'md5': '1db6e89d67698c66032f20bb34ebe5db', 'sha1': '169de2008274f1e11606b9b86061eb63572720c7', 'sha256': '0128ee03cb82d12b50ef4aefbf8ae9daa30785be1b1abe5ae635cb978abdd016'}, 'dob': {'date': '1959-09-17T08:49:09.458Z', 'age': 64}, 'registered': {'date': '2009-08-11T23:17:07.390Z', 'age': 14}, 'phone': '(099) V53-2505', 'cell': '(066) O43-5134', 'id': {'name': '', 'value': None}, 'picture': {'large': 'https://randomuser.me/api/portraits/women/11.jpg', 'medium': 'https://randomuser.me/api/portraits/med/women/11.jpg', 'thumbnail': 'https://randomuser.me/api/portraits/thumb/women/11.jpg'}, 'nat': 'UA'}], 'info': {'seed': '36e29bd73f138a28', 'results': 1, 'page': 1, 'version': '1.4'}}</msg>
<arg>${json_data}</arg>
<doc>Logs the given message with the given level.</doc>
<status status="PASS" start="2024-03-25T08:18:37.166102" elapsed="0.000230"/>
</kw>
<kw name="Should Be Equal As Numbers" owner="BuiltIn">
<arg>${json_data['results'][0]['location']['postcode']}</arg>
<arg>${json_data['results'][0]['location']['postcode']}</arg>
<doc>Fails if objects are unequal after converting them to real numbers.</doc>
<status status="PASS" start="2024-03-25T08:18:37.166631" elapsed="0.000668"/>
</kw>
<kw name="Log" owner="BuiltIn">
<msg time="2024-03-25T08:18:37.167829" level="INFO">71693</msg>
<arg>${json_data['results'][0]['location']['postcode']}</arg>
<doc>Logs the given message with the given level.</doc>
<status status="PASS" start="2024-03-25T08:18:37.167490" elapsed="0.000382"/>
</kw>
<status status="PASS" start="2024-03-25T08:18:37.072419" elapsed="0.095709"/>
</kw>
<doc>Testa se os tipos de dados na resposta da API estão corretos.</doc>
<tag>testeTiposDados</tag>
<status status="PASS" start="2024-03-25T08:18:36.953395" elapsed="0.214902"/>
</test>
<test id="s1-s1-t5" name="Validar conteudo" line="35">
<kw name="Teste de Tipos de Conteudo" owner="random-user-service">
<kw name="GET On Session" owner="RequestsLibrary">
<msg time="2024-03-25T08:18:37.274557" level="INFO">GET Request : url=https://randomuser.me/api 
 path_url=/api 
 headers={'User-Agent': 'python-requests/2.31.0', 'Accept-Encoding': 'gzip, deflate', 'Accept': '*/*', 'Connection': 'keep-alive'} 
 body=None 
 </msg>
<msg time="2024-03-25T08:18:37.274644" level="INFO">GET Response : url=https://randomuser.me/api 
 status=200, reason=OK 
 headers={'Date': 'Mon, 25 Mar 2024 08:18:37 GMT', 'Content-Type': 'application/json; charset=utf-8', 'Transfer-Encoding': 'chunked', 'Connection': 'keep-alive', 'X-Powered-By': 'Express', 'Access-Control-Allow-Origin': '*', 'Cache-Control': 'no-cache', 'ETag': 'W/"4ab-9FYCwirEbDObvIuHk55Pona2uEE"', 'Vary': 'Accept-Encoding', 'Content-Encoding': 'gzip', 'CF-Cache-Status': 'DYNAMIC', 'Report-To': '{"endpoints":[{"url":"https:\\/\\/a.nel.cloudflare.com\\/report\\/v4?s=pfiNKnOA99SVsemYHs7jcCZ0RbwFcu2W8SdYrpPrFs%2BpdQHFz7o1Ic%2BaDaTuBVB4VQiY%2F5Vpo1gXwmf0wA2eXn5fs1u80ElO7ZhTiw2pQuwImNoB8eq%2BG87zKyGC%2BSC6"}],"group":"cf-nel","max_age":604800}', 'NEL': '{"success_fraction":0,"report_to":"cf-nel","max_age":604800}', 'Server': 'cloudflare', 'CF-RAY': '869d78a658190d30-LAX', 'alt-svc': 'h3=":443"; ma=86400'} 
 body={"results":[{"gender":"male","name":{"title":"Mr","first":"Erwan","last":"Garcia"},"location":{"street":{"number":1697,"name":"Rue du Bon-Pasteur"},"city":"Saint-Pierre","state":"Val-D'Oise","country":"France","postcode":92249,"coordinates":{"latitude":"-14.4202","longitude":"-116.5015"},"timezone":{"offset":"-5:00","description":"Eastern Time (US &amp; Canada), Bogota, Lima"}},"email":"erwan.garcia@example.com","login":{"uuid":"4532cdee-62cc-410f-849c-a14aa835b103","username":"organicpeacock689","password":"compass","salt":"xjXXga0F","md5":"cc499cd3164c004e49df521ed4463f9d","sha1":"9f44a07b4642991ed2d1748874954d7aeb2d5640","sha256":"010b86de09024c7bb93c7da6995b2e9a2d9bd0e36e7f03cd28823f82d7325fbb"},"dob":{"date":"1948-12-11T01:06:47.677Z","age":75},"registered":{"date":"2007-06-15T04:51:31.005Z","age":16},"phone":"04-52-37-00-28","cell":"06-81-77-11-32","id":{"name":"INSEE","value":"1481160679316 09"},"picture":{"large":"https://randomuser.me/api/portraits/men/64.jpg","medium":"https://randomuser.me/api/portraits/med/men/64.jpg","thumbnail":"https://randomuser.me/api/portraits/thumb/men/64.jpg"},"nat":"FR"}],"info":{"seed":"c4bf043b7b21c50e","results":1,"page":1,"version":"1.4"}} 
 </msg>
<msg time="2024-03-25T08:18:37.274765" level="INFO">/opt/hostedtoolcache/Python/3.12.2/x64/lib/python3.12/site-packages/urllib3/connectionpool.py:1103: InsecureRequestWarning: Unverified HTTPS request is being made to host 'randomuser.me'. Adding certificate verification is strongly advised. See: https://urllib3.readthedocs.io/en/latest/advanced-usage.html#tls-warnings
  warnings.warn(</msg>
<msg time="2024-03-25T08:18:37.274885" level="INFO">${response} = &lt;Response [200]&gt;</msg>
<var>${response}</var>
<arg>consultarAPI</arg>
<arg>/api</arg>
<doc>Sends a GET request on a previously created HTTP Session.</doc>
<status status="PASS" start="2024-03-25T08:18:37.171288" elapsed="0.103642"/>
</kw>
<kw name="Set Variable" owner="BuiltIn">
<msg time="2024-03-25T08:18:37.275784" level="INFO">${json_data} = {'results': [{'gender': 'male', 'name': {'title': 'Mr', 'first': 'Erwan', 'last': 'Garcia'}, 'location': {'street': {'number': 1697, 'name': 'Rue du Bon-Pasteur'}, 'city': 'Saint-Pierre', 'state': "Va...</msg>
<var>${json_data}</var>
<arg>${response.json()}</arg>
<doc>Returns the given values which can then be assigned to a variables.</doc>
<status status="PASS" start="2024-03-25T08:18:37.275335" elapsed="0.000478"/>
</kw>
<kw name="Set Variable" owner="BuiltIn">
<msg time="2024-03-25T08:18:37.276539" level="INFO">${name_title} = Mr</msg>
<var>${name_title}</var>
<arg>${json_data["results"][0]["name"]["title"]}</arg>
<doc>Returns the given values which can then be assigned to a variables.</doc>
<status status="PASS" start="2024-03-25T08:18:37.276135" elapsed="0.000431"/>
</kw>
<kw name="Create List" owner="BuiltIn">
<msg time="2024-03-25T08:18:37.277033" level="INFO">${allowed_titles} = ['Mr', 'Ms', 'Miss', 'Mrs', 'Madame', 'Monsieur']</msg>
<var>${allowed_titles}</var>
<arg>Mr</arg>
<arg>Ms</arg>
<arg>Miss</arg>
<arg>Mrs</arg>
<arg>Madame</arg>
<arg>Monsieur</arg>
<doc>Returns a list containing given items.</doc>
<status status="PASS" start="2024-03-25T08:18:37.276880" elapsed="0.000179"/>
</kw>
<kw name="List Should Contain Value" owner="Collections">
<msg time="2024-03-25T08:18:37.277552" level="INFO">False</msg>
<arg>${allowed_titles}</arg>
<arg>${name_title}</arg>
<doc>Fails if the ``value`` is not found from ``list``.</doc>
<status status="PASS" start="2024-03-25T08:18:37.277369" elapsed="0.000223"/>
</kw>
<kw name="Set Variable" owner="BuiltIn">
<msg time="2024-03-25T08:18:37.278270" level="INFO">${name_country} = FR</msg>
<var>${name_country}</var>
<arg>${json_data["results"][0]["nat"]}</arg>
<doc>Returns the given values which can then be assigned to a variables.</doc>
<status status="PASS" start="2024-03-25T08:18:37.277887" elapsed="0.000409"/>
</kw>
<kw name="Create List" owner="BuiltIn">
<msg time="2024-03-25T08:18:37.279264" level="INFO">${list_country} = ['AD', 'AE', 'AF', 'AG', 'AI', 'AL', 'AM', 'AO', 'AQ', 'AR', 'AS', 'AT', 'AU', 'AW', 'AX', 'AZ', 'BA', 'BB', 'BD', 'BE', 'BF', 'BG', 'BH', 'BI', 'BJ', 'BL', 'BM', 'BN', 'BO', 'BQ', 'BR', 'BS', 'BT', '...</msg>
<var>${list_country}</var>
<arg>AD</arg>
<arg>AE</arg>
<arg>AF</arg>
<arg>AG</arg>
<arg>AI</arg>
<arg>AL</arg>
<arg>AM</arg>
<arg>AO</arg>
<arg>AQ</arg>
<arg>AR</arg>
<arg>AS</arg>
<arg>AT</arg>
<arg>AU</arg>
<arg>AW</arg>
<arg>AX</arg>
<arg>AZ</arg>
<arg>BA</arg>
<arg>BB</arg>
<arg>BD</arg>
<arg>BE</arg>
<arg>BF</arg>
<arg>BG</arg>
<arg>BH</arg>
<arg>BI</arg>
<arg>BJ</arg>
<arg>BL</arg>
<arg>BM</arg>
<arg>BN</arg>
<arg>BO</arg>
<arg>BQ</arg>
<arg>BR</arg>
<arg>BS</arg>
<arg>BT</arg>
<arg>BV</arg>
<arg>BW</arg>
<arg>BY</arg>
<arg>BZ</arg>
<arg>CA</arg>
<arg>CC</arg>
<arg>CD</arg>
<arg>CF</arg>
<arg>CG</arg>
<arg>CH</arg>
<arg>CI</arg>
<arg>CK</arg>
<arg>CL</arg>
<arg>CM</arg>
<arg>CN</arg>
<arg>CO</arg>
<arg>CR</arg>
<arg>CU</arg>
<arg>CV</arg>
<arg>CW</arg>
<arg>CX</arg>
<arg>CY</arg>
<arg>CZ</arg>
<arg>DE</arg>
<arg>DJ</arg>
<arg>DK</arg>
<arg>DM</arg>
<arg>DO</arg>
<arg>DZ</arg>
<arg>EC</arg>
<arg>EE</arg>
<arg>EG</arg>
<arg>EH</arg>
<arg>ER</arg>
<arg>ES</arg>
<arg>ET</arg>
<arg>FI</arg>
<arg>FJ</arg>
<arg>FK</arg>
<arg>FM</arg>
<arg>FO</arg>
<arg>FR</arg>
<arg>GA</arg>
<arg>GB</arg>
<arg>GD</arg>
<arg>GE</arg>
<arg>GF</arg>
<arg>GG</arg>
<arg>GH</arg>
<arg>GI</arg>
<arg>GL</arg>
<arg>GM</arg>
<arg>GN</arg>
<arg>GP</arg>
<arg>GQ</arg>
<arg>GR</arg>
<arg>GS</arg>
<arg>GT</arg>
<arg>GU</arg>
<arg>GW</arg>
<arg>GY</arg>
<arg>HK</arg>
<arg>HM</arg>
<arg>HN</arg>
<arg>HR</arg>
<arg>HT</arg>
<arg>HU</arg>
<arg>ID</arg>
<arg>IE</arg>
<arg>IL</arg>
<arg>IM</arg>
<arg>IN</arg>
<arg>IO</arg>
<arg>IQ</arg>
<arg>IR</arg>
<arg>IS</arg>
<arg>IT</arg>
<arg>JE</arg>
<arg>JM</arg>
<arg>JO</arg>
<arg>JP</arg>
<arg>KE</arg>
<arg>KG</arg>
<arg>KH</arg>
<arg>KI</arg>
<arg>KM</arg>
<arg>KN</arg>
<arg>KP</arg>
<arg>KR</arg>
<arg>KW</arg>
<arg>KY</arg>
<arg>KZ</arg>
<arg>LA</arg>
<arg>LB</arg>
<arg>LC</arg>
<arg>LI</arg>
<arg>LK</arg>
<arg>LR</arg>
<arg>LS</arg>
<arg>LT</arg>
<arg>LU</arg>
<arg>LV</arg>
<arg>LY</arg>
<arg>MA</arg>
<arg>MC</arg>
<arg>MD</arg>
<arg>ME</arg>
<arg>MF</arg>
<arg>MG</arg>
<arg>MH</arg>
<arg>MK</arg>
<arg>ML</arg>
<arg>MM</arg>
<arg>MN</arg>
<arg>MO</arg>
<arg>MP</arg>
<arg>MQ</arg>
<arg>MR</arg>
<arg>MS</arg>
<arg>MT</arg>
<arg>MU</arg>
<arg>MV</arg>
<arg>MW</arg>
<arg>MX</arg>
<arg>MY</arg>
<arg>MZ</arg>
<arg>NA</arg>
<arg>NC</arg>
<arg>NE</arg>
<arg>NF</arg>
<arg>NG</arg>
<arg>NI</arg>
<arg>NL</arg>
<arg>NO</arg>
<arg>NP</arg>
<arg>NR</arg>
<arg>NU</arg>
<arg>NZ</arg>
<arg>OM</arg>
<arg>PA</arg>
<arg>PE</arg>
<arg>PF</arg>
<arg>PG</arg>
<arg>PH</arg>
<arg>PK</arg>
<arg>PL</arg>
<arg>PM</arg>
<arg>PN</arg>
<arg>PR</arg>
<arg>PS</arg>
<arg>PT</arg>
<arg>PW</arg>
<arg>PY</arg>
<arg>QA</arg>
<arg>RE</arg>
<arg>RO</arg>
<arg>RS</arg>
<arg>RU</arg>
<arg>RW</arg>
<arg>SA</arg>
<arg>SB</arg>
<arg>SC</arg>
<arg>SD</arg>
<arg>SE</arg>
<arg>SG</arg>
<arg>SH</arg>
<arg>SI</arg>
<arg>SJ</arg>
<arg>SK</arg>
<arg>SL</arg>
<arg>SM</arg>
<arg>SN</arg>
<arg>SO</arg>
<arg>SR</arg>
<arg>SS</arg>
<arg>ST</arg>
<arg>SV</arg>
<arg>SX</arg>
<arg>SY</arg>
<arg>SZ</arg>
<arg>TC</arg>
<arg>TD</arg>
<arg>TF</arg>
<arg>TG</arg>
<arg>TH</arg>
<arg>TJ</arg>
<arg>TK</arg>
<arg>TL</arg>
<arg>TM</arg>
<arg>TN</arg>
<arg>TO</arg>
<arg>TR</arg>
<arg>TT</arg>
<arg>TV</arg>
<arg>TW</arg>
<arg>TZ</arg>
<arg>UA</arg>
<arg>UG</arg>
<arg>UM</arg>
<arg>US</arg>
<arg>UY</arg>
<arg>UZ</arg>
<arg>VA</arg>
<arg>VC</arg>
<arg>VE</arg>
<arg>VG</arg>
<arg>VI</arg>
<arg>VN</arg>
<arg>VU</arg>
<arg>WF</arg>
<arg>WS</arg>
<arg>XK</arg>
<arg>YE</arg>
<arg>YT</arg>
<arg>ZA</arg>
<arg>ZM</arg>
<arg>ZW</arg>
<doc>Returns a list containing given items.</doc>
<status status="PASS" start="2024-03-25T08:18:37.278608" elapsed="0.000684"/>
</kw>
<kw name="List Should Contain Value" owner="Collections">
<msg time="2024-03-25T08:18:37.280419" level="INFO">False</msg>
<arg>${list_country}</arg>
<arg>${name_country}</arg>
<doc>Fails if the ``value`` is not found from ``list``.</doc>
<status status="PASS" start="2024-03-25T08:18:37.280208" elapsed="0.000250"/>
</kw>
<kw name="Run Keyword If" owner="BuiltIn">
<kw name="Should Be True" owner="BuiltIn">
<arg>${True}</arg>
<doc>Fails if the given condition is not true.</doc>
<status status="PASS" start="2024-03-25T08:18:37.281554" elapsed="0.000149"/>
</kw>
<arg>${json_data["results"][0]["location"]["coordinates"]["latitude"]} &gt;= -90 and ${json_data["results"][0]["location"]["coordinates"]["latitude"]} &lt;= 90</arg>
<arg>Should Be True</arg>
<arg>${True}</arg>
<doc>Runs the given keyword with the given arguments, if ``condition`` is true.</doc>
<status status="PASS" start="2024-03-25T08:18:37.280787" elapsed="0.001049"/>
</kw>
<kw name="Run Keyword If" owner="BuiltIn">
<kw name="Should Be True" owner="BuiltIn">
<arg>${True}</arg>
<doc>Fails if the given condition is not true.</doc>
<status status="PASS" start="2024-03-25T08:18:37.282761" elapsed="0.000143"/>
</kw>
<arg>${json_data["results"][0]["location"]["coordinates"]["longitude"]} &gt;= -180 and ${json_data["results"][0]["location"]["coordinates"]["longitude"]} &lt;= 180</arg>
<arg>Should Be True</arg>
<arg>${True}</arg>
<doc>Runs the given keyword with the given arguments, if ``condition`` is true.</doc>
<status status="PASS" start="2024-03-25T08:18:37.282027" elapsed="0.001008"/>
</kw>
<status status="PASS" start="2024-03-25T08:18:37.170918" elapsed="0.112251"/>
</kw>
<doc>Testa o conteúdo específico dos campos retornados pela API.</doc>
<tag>testeConteudo</tag>
<status status="PASS" start="2024-03-25T08:18:37.170169" elapsed="0.113154"/>
</test>
<status status="PASS" start="2024-03-25T08:18:36.373892" elapsed="0.911337"/>
</suite>
<status status="PASS" start="2024-03-25T08:18:36.360285" elapsed="0.930295"/>
</suite>
<statistics>
<total>
<stat pass="5" fail="0" skip="0">All Tests</stat>
</total>
<tag>
<stat pass="1" fail="0" skip="0">testeConteudo</stat>
<stat pass="1" fail="0" skip="0">testeEstruturaResposta</stat>
<stat pass="1" fail="0" skip="0">testeRequisicaoBasica</stat>
<stat pass="1" fail="0" skip="0">testeTiposDados</stat>
</tag>
<suite>
<stat pass="5" fail="0" skip="0" id="s1" name="Tests">Tests</stat>
<stat pass="5" fail="0" skip="0" id="s1-s1" name="Random-User-Test">Tests.Random-User-Test</stat>
</suite>
</statistics>
<errors>
</errors>
</robot>
