<?xml version="1.0" encoding="UTF-8"?>
<robot generator="Robot 7.0.1 (Python 3.12.4 on linux)" generated="2024-08-02T23:14:47.357900" rpa="false" schemaversion="5">
<suite id="s1" name="Tests" source="/home/runner/work/ApiRandomUser/ApiRandomUser/RamdonUser/tests">
<suite id="s1-s1" name="Random-User-Test" source="/home/runner/work/ApiRandomUser/ApiRandomUser/RamdonUser/tests/random-user-test.robot">
<test id="s1-s1-t1" name="Conectar" line="13">
<kw name="Conectar API" owner="random-user-service">
<kw name="Create Session" owner="RequestsLibrary">
<msg time="2024-08-02T23:14:47.769624" level="INFO">Creating Session using : alias=consultarAPI, url=https://randomuser.me/, headers={},                     cookies={}, auth=None, timeout=None, proxies=None, verify=False,                     debug=0 </msg>
<arg>consultarAPI</arg>
<arg>${URL}</arg>
<doc>Create Session: create a HTTP session to a server</doc>
<status status="PASS" start="2024-08-02T23:14:47.769428" elapsed="0.000375"/>
</kw>
<status status="PASS" start="2024-08-02T23:14:47.768393" elapsed="0.001765"/>
</kw>
<status status="PASS" start="2024-08-02T23:14:47.767816" elapsed="0.002538"/>
</test>
<test id="s1-s1-t2" name="Validar retorno 200 e JSON Válido" line="16">
<kw name="Teste de Requisicao Basica" owner="random-user-service">
<kw name="GET On Session" owner="RequestsLibrary">
<msg time="2024-08-02T23:14:48.006569" level="INFO">GET Request : url=https://randomuser.me/api 
 path_url=/api 
 headers={'User-Agent': 'python-requests/2.32.3', 'Accept-Encoding': 'gzip, deflate', 'Accept': '*/*', 'Connection': 'keep-alive'} 
 body=None 
 </msg>
<msg time="2024-08-02T23:14:48.006728" level="INFO">GET Response : url=https://randomuser.me/api 
 status=200, reason=OK 
 headers={'Date': 'Fri, 02 Aug 2024 23:14:48 GMT', 'Content-Type': 'application/json; charset=utf-8', 'Transfer-Encoding': 'chunked', 'Connection': 'keep-alive', 'X-Powered-By': 'Express', 'Access-Control-Allow-Origin': '*', 'Cache-Control': 'no-cache', 'ETag': 'W/"4a5-ekteO85rACkJ6UD1vPHdd0MthrI"', 'Vary': 'Accept-Encoding', 'Content-Encoding': 'gzip', 'CF-Cache-Status': 'DYNAMIC', 'Report-To': '{"endpoints":[{"url":"https:\\/\\/a.nel.cloudflare.com\\/report\\/v4?s=YFiDbA3aG44ZyHpteHT0pQEulNNhr%2FZmrObjNYdkithd4mHHyzovz64834tMhMrhSJ7dQBLREkeAv4QnB%2FQuA%2FCgfzTTbr35cP0ziqK9mY6Yj0oaxChIYQ4ZbgM9bFfb"}],"group":"cf-nel","max_age":604800}', 'NEL': '{"success_fraction":0,"report_to":"cf-nel","max_age":604800}', 'Server': 'cloudflare', 'CF-RAY': '8ad1c4295966fa32-SJC', 'alt-svc': 'h3=":443"; ma=86400'} 
 body={"results":[{"gender":"female","name":{"title":"Madame","first":"Leandra","last":"Dufour"},"location":{"street":{"number":3898,"name":"Avenue Joliot Curie"},"city":"Maienfeld","state":"Appenzell Innerrhoden","country":"Switzerland","postcode":7874,"coordinates":{"latitude":"-59.1069","longitude":"133.8129"},"timezone":{"offset":"+9:30","description":"Adelaide, Darwin"}},"email":"leandra.dufour@example.com","login":{"uuid":"832e6181-1470-4318-b315-2d5dfccdeac1","username":"greencat859","password":"basketba","salt":"tEcnfH8l","md5":"634f042101913453ec9fbbb111e1529f","sha1":"ecf28c31a9c1b4aaded347d3a8dba43b801cb9f4","sha256":"f2bbbf3ed02784be9de8cad2fbd37bc904578b56e2b58ed739a109c76a37ead1"},"dob":{"date":"1965-02-23T16:52:30.256Z","age":59},"registered":{"date":"2018-11-02T04:25:38.648Z","age":5},"phone":"079 868 11 83","cell":"077 610 45 39","id":{"name":"AVS","value":"756.0832.5724.33"},"picture":{"large":"https://randomuser.me/api/portraits/women/95.jpg","medium":"https://randomuser.me/api/portraits/med/women/95.jpg","thumbnail":"https://randomuser.me/api/portraits/thumb/women/95.jpg"},"nat":"CH"}],"info":{"seed":"a6ef0dd3c68e79c0","results":1,"page":1,"version":"1.4"}} 
 </msg>
<msg time="2024-08-02T23:14:48.006817" level="INFO">/opt/hostedtoolcache/Python/3.12.4/x64/lib/python3.12/site-packages/urllib3/connectionpool.py:1099: InsecureRequestWarning: Unverified HTTPS request is being made to host 'randomuser.me'. Adding certificate verification is strongly advised. See: https://urllib3.readthedocs.io/en/latest/advanced-usage.html#tls-warnings
  warnings.warn(</msg>
<msg time="2024-08-02T23:14:48.006995" level="INFO">${response} = &lt;Response [200]&gt;</msg>
<var>${response}</var>
<arg>consultarAPI</arg>
<arg>/api</arg>
<doc>Sends a GET request on a previously created HTTP Session.</doc>
<status status="PASS" start="2024-08-02T23:14:47.773020" elapsed="0.234018"/>
</kw>
<kw name="Should Be Equal As Numbers" owner="BuiltIn">
<msg time="2024-08-02T23:14:48.008027" level="INFO">Argument types are:
&lt;class 'int'&gt;
&lt;class 'str'&gt;</msg>
<arg>${response.status_code}</arg>
<arg>200</arg>
<doc>Fails if objects are unequal after converting them to real numbers.</doc>
<status status="PASS" start="2024-08-02T23:14:48.007583" elapsed="0.000508"/>
</kw>
<kw name="Log" owner="BuiltIn">
<msg time="2024-08-02T23:14:48.008755" level="INFO">200</msg>
<arg>${response.status_code}</arg>
<doc>Logs the given message with the given level.</doc>
<status status="PASS" start="2024-08-02T23:14:48.008407" elapsed="0.000390"/>
</kw>
<kw name="Set Variable" owner="BuiltIn">
<msg time="2024-08-02T23:14:48.009528" level="INFO">${json_data} = {'results': [{'gender': 'female', 'name': {'title': 'Madame', 'first': 'Leandra', 'last': 'Dufour'}, 'location': {'street': {'number': 3898, 'name': 'Avenue Joliot Curie'}, 'city': 'Maienfeld', 'state...</msg>
<var>${json_data}</var>
<arg>${response.json()}</arg>
<doc>Returns the given values which can then be assigned to a variables.</doc>
<status status="PASS" start="2024-08-02T23:14:48.009097" elapsed="0.000459"/>
</kw>
<kw name="Dictionary Should Contain Key" owner="Collections">
<arg>${json_data}</arg>
<arg>results</arg>
<doc>Fails if ``key`` is not found from ``dictionary``.</doc>
<status status="PASS" start="2024-08-02T23:14:48.009854" elapsed="0.000335"/>
</kw>
<status status="PASS" start="2024-08-02T23:14:47.772775" elapsed="0.237568"/>
</kw>
<doc>Testa se a API responde corretamente e retorna um objeto JSON válido.</doc>
<tag>testeRequisicaoBasica</tag>
<status status="PASS" start="2024-08-02T23:14:47.772254" elapsed="0.238262"/>
</test>
<test id="s1-s1-t3" name="Validar estrutura de resposta" line="22">
<kw name="Teste de Estrutura de Resposta" owner="random-user-service">
<kw name="GET On Session" owner="RequestsLibrary">
<msg time="2024-08-02T23:14:48.111146" level="INFO">GET Request : url=https://randomuser.me/api 
 path_url=/api 
 headers={'User-Agent': 'python-requests/2.32.3', 'Accept-Encoding': 'gzip, deflate', 'Accept': '*/*', 'Connection': 'keep-alive'} 
 body=None 
 </msg>
<msg time="2024-08-02T23:14:48.111215" level="INFO">GET Response : url=https://randomuser.me/api 
 status=200, reason=OK 
 headers={'Date': 'Fri, 02 Aug 2024 23:14:48 GMT', 'Content-Type': 'application/json; charset=utf-8', 'Transfer-Encoding': 'chunked', 'Connection': 'keep-alive', 'X-Powered-By': 'Express', 'Access-Control-Allow-Origin': '*', 'Cache-Control': 'no-cache', 'ETag': 'W/"478-mnnB0/5qQOuquPrkDBcCv06UL3s"', 'Vary': 'Accept-Encoding', 'Content-Encoding': 'gzip', 'CF-Cache-Status': 'DYNAMIC', 'Report-To': '{"endpoints":[{"url":"https:\\/\\/a.nel.cloudflare.com\\/report\\/v4?s=bRfGxtGC40z1SQ9WPFJDt5cmRbsjJJnOW6sFdkIbYEVYjiCxIWr24EYKWte0x9l6qOk53HF6ity6dd%2F7ufZKJ7QVi%2BcvSz1OW34djGLBHuQhtbBxOhwiNFSBYEpbENku"}],"group":"cf-nel","max_age":604800}', 'NEL': '{"success_fraction":0,"report_to":"cf-nel","max_age":604800}', 'Server': 'cloudflare', 'CF-RAY': '8ad1c42a1a10fa32-SJC', 'alt-svc': 'h3=":443"; ma=86400'} 
 body={"results":[{"gender":"female","name":{"title":"Ms","first":"Rosa","last":"Friebe"},"location":{"street":{"number":2,"name":"Rosenweg"},"city":"Themar","state":"Sachsen-Anhalt","country":"Germany","postcode":68738,"coordinates":{"latitude":"-53.4393","longitude":"175.6137"},"timezone":{"offset":"-2:00","description":"Mid-Atlantic"}},"email":"rosa.friebe@example.com","login":{"uuid":"d3e60cdd-a0c8-4b90-bf37-0d2c6c9b50ca","username":"lazybear837","password":"chrono","salt":"cVHSKdm9","md5":"0511e01c56dc45c853fa221f222f6000","sha1":"46f8bb59b1190865cf08184561c8e587574d60ea","sha256":"01f75202484c1f4fb8b989392cc6a9d1e8798ff6f41f714e36e8693ed67be402"},"dob":{"date":"1955-01-14T00:16:51.803Z","age":69},"registered":{"date":"2017-09-19T06:55:06.659Z","age":6},"phone":"0867-3086678","cell":"0176-1343805","id":{"name":"SVNR","value":"45 130155 F 593"},"picture":{"large":"https://randomuser.me/api/portraits/women/39.jpg","medium":"https://randomuser.me/api/portraits/med/women/39.jpg","thumbnail":"https://randomuser.me/api/portraits/thumb/women/39.jpg"},"nat":"DE"}],"info":{"seed":"2b1aef4e8693f4ba","results":1,"page":1,"version":"1.4"}} 
 </msg>
<msg time="2024-08-02T23:14:48.111322" level="INFO">/opt/hostedtoolcache/Python/3.12.4/x64/lib/python3.12/site-packages/urllib3/connectionpool.py:1099: InsecureRequestWarning: Unverified HTTPS request is being made to host 'randomuser.me'. Adding certificate verification is strongly advised. See: https://urllib3.readthedocs.io/en/latest/advanced-usage.html#tls-warnings
  warnings.warn(</msg>
<msg time="2024-08-02T23:14:48.111436" level="INFO">${response} = &lt;Response [200]&gt;</msg>
<var>${response}</var>
<arg>consultarAPI</arg>
<arg>/api</arg>
<doc>Sends a GET request on a previously created HTTP Session.</doc>
<status status="PASS" start="2024-08-02T23:14:48.013168" elapsed="0.098307"/>
</kw>
<kw name="Set Variable" owner="BuiltIn">
<msg time="2024-08-02T23:14:48.112357" level="INFO">${json_data} = {'results': [{'gender': 'female', 'name': {'title': 'Ms', 'first': 'Rosa', 'last': 'Friebe'}, 'location': {'street': {'number': 2, 'name': 'Rosenweg'}, 'city': 'Themar', 'state': 'Sachsen-Anhalt', 'co...</msg>
<var>${json_data}</var>
<arg>${response.json()}</arg>
<doc>Returns the given values which can then be assigned to a variables.</doc>
<status status="PASS" start="2024-08-02T23:14:48.111912" elapsed="0.000474"/>
</kw>
<kw name="Log" owner="BuiltIn">
<msg time="2024-08-02T23:14:48.112850" level="INFO">{'results': [{'gender': 'female', 'name': {'title': 'Ms', 'first': 'Rosa', 'last': 'Friebe'}, 'location': {'street': {'number': 2, 'name': 'Rosenweg'}, 'city': 'Themar', 'state': 'Sachsen-Anhalt', 'country': 'Germany', 'postcode': 68738, 'coordinates': {'latitude': '-53.4393', 'longitude': '175.6137'}, 'timezone': {'offset': '-2:00', 'description': 'Mid-Atlantic'}}, 'email': 'rosa.friebe@example.com', 'login': {'uuid': 'd3e60cdd-a0c8-4b90-bf37-0d2c6c9b50ca', 'username': 'lazybear837', 'password': 'chrono', 'salt': 'cVHSKdm9', 'md5': '0511e01c56dc45c853fa221f222f6000', 'sha1': '46f8bb59b1190865cf08184561c8e587574d60ea', 'sha256': '01f75202484c1f4fb8b989392cc6a9d1e8798ff6f41f714e36e8693ed67be402'}, 'dob': {'date': '1955-01-14T00:16:51.803Z', 'age': 69}, 'registered': {'date': '2017-09-19T06:55:06.659Z', 'age': 6}, 'phone': '0867-3086678', 'cell': '0176-1343805', 'id': {'name': 'SVNR', 'value': '45 130155 F 593'}, 'picture': {'large': 'https://randomuser.me/api/portraits/women/39.jpg', 'medium': 'https://randomuser.me/api/portraits/med/women/39.jpg', 'thumbnail': 'https://randomuser.me/api/portraits/thumb/women/39.jpg'}, 'nat': 'DE'}], 'info': {'seed': '2b1aef4e8693f4ba', 'results': 1, 'page': 1, 'version': '1.4'}}</msg>
<arg>${json_data}</arg>
<doc>Logs the given message with the given level.</doc>
<status status="PASS" start="2024-08-02T23:14:48.112690" elapsed="0.000209"/>
</kw>
<kw name="Dictionary Should Contain Key" owner="Collections">
<arg>${json_data}</arg>
<arg>results</arg>
<doc>Fails if ``key`` is not found from ``dictionary``.</doc>
<status status="PASS" start="2024-08-02T23:14:48.113188" elapsed="0.000160"/>
</kw>
<kw name="Should Not Be Empty" owner="BuiltIn">
<msg time="2024-08-02T23:14:48.113668" level="INFO">Length is 2.</msg>
<arg>${json_data}</arg>
<doc>Verifies that the given item is not empty.</doc>
<status status="PASS" start="2024-08-02T23:14:48.113537" elapsed="0.000173"/>
</kw>
<kw name="Create List" owner="BuiltIn">
<msg time="2024-08-02T23:14:48.114151" level="INFO">${expected_keys} = ['gender', 'name', 'location', 'email', 'login']</msg>
<var>${expected_keys}</var>
<arg>gender</arg>
<arg>name</arg>
<arg>location</arg>
<arg>email</arg>
<arg>login</arg>
<doc>Returns a list containing given items.</doc>
<status status="PASS" start="2024-08-02T23:14:48.114000" elapsed="0.000175"/>
</kw>
<for flavor="IN">
<iter>
<kw name="Dictionary Should Contain Key" owner="Collections">
<arg>${json_data['results'][0]}</arg>
<arg>${key}</arg>
<doc>Fails if ``key`` is not found from ``dictionary``.</doc>
<status status="PASS" start="2024-08-02T23:14:48.114754" elapsed="0.000430"/>
</kw>
<kw name="Log" owner="BuiltIn">
<msg time="2024-08-02T23:14:48.115717" level="INFO">{'gender': 'female', 'name': {'title': 'Ms', 'first': 'Rosa', 'last': 'Friebe'}, 'location': {'street': {'number': 2, 'name': 'Rosenweg'}, 'city': 'Themar', 'state': 'Sachsen-Anhalt', 'country': 'Germany', 'postcode': 68738, 'coordinates': {'latitude': '-53.4393', 'longitude': '175.6137'}, 'timezone': {'offset': '-2:00', 'description': 'Mid-Atlantic'}}, 'email': 'rosa.friebe@example.com', 'login': {'uuid': 'd3e60cdd-a0c8-4b90-bf37-0d2c6c9b50ca', 'username': 'lazybear837', 'password': 'chrono', 'salt': 'cVHSKdm9', 'md5': '0511e01c56dc45c853fa221f222f6000', 'sha1': '46f8bb59b1190865cf08184561c8e587574d60ea', 'sha256': '01f75202484c1f4fb8b989392cc6a9d1e8798ff6f41f714e36e8693ed67be402'}, 'dob': {'date': '1955-01-14T00:16:51.803Z', 'age': 69}, 'registered': {'date': '2017-09-19T06:55:06.659Z', 'age': 6}, 'phone': '0867-3086678', 'cell': '0176-1343805', 'id': {'name': 'SVNR', 'value': '45 130155 F 593'}, 'picture': {'large': 'https://randomuser.me/api/portraits/women/39.jpg', 'medium': 'https://randomuser.me/api/portraits/med/women/39.jpg', 'thumbnail': 'https://randomuser.me/api/portraits/thumb/women/39.jpg'}, 'nat': 'DE'}</msg>
<arg>${json_data['results'][0]}</arg>
<doc>Logs the given message with the given level.</doc>
<status status="PASS" start="2024-08-02T23:14:48.115368" elapsed="0.000398"/>
</kw>
<kw name="Log" owner="BuiltIn">
<msg time="2024-08-02T23:14:48.116195" level="INFO">gender</msg>
<arg>${key}</arg>
<doc>Logs the given message with the given level.</doc>
<status status="PASS" start="2024-08-02T23:14:48.116065" elapsed="0.000168"/>
</kw>
<var name="${key}">gender</var>
<status status="PASS" start="2024-08-02T23:14:48.114627" elapsed="0.001822"/>
</iter>
<iter>
<kw name="Dictionary Should Contain Key" owner="Collections">
<arg>${json_data['results'][0]}</arg>
<arg>${key}</arg>
<doc>Fails if ``key`` is not found from ``dictionary``.</doc>
<status status="PASS" start="2024-08-02T23:14:48.116787" elapsed="0.000401"/>
</kw>
<kw name="Log" owner="BuiltIn">
<msg time="2024-08-02T23:14:48.117725" level="INFO">{'gender': 'female', 'name': {'title': 'Ms', 'first': 'Rosa', 'last': 'Friebe'}, 'location': {'street': {'number': 2, 'name': 'Rosenweg'}, 'city': 'Themar', 'state': 'Sachsen-Anhalt', 'country': 'Germany', 'postcode': 68738, 'coordinates': {'latitude': '-53.4393', 'longitude': '175.6137'}, 'timezone': {'offset': '-2:00', 'description': 'Mid-Atlantic'}}, 'email': 'rosa.friebe@example.com', 'login': {'uuid': 'd3e60cdd-a0c8-4b90-bf37-0d2c6c9b50ca', 'username': 'lazybear837', 'password': 'chrono', 'salt': 'cVHSKdm9', 'md5': '0511e01c56dc45c853fa221f222f6000', 'sha1': '46f8bb59b1190865cf08184561c8e587574d60ea', 'sha256': '01f75202484c1f4fb8b989392cc6a9d1e8798ff6f41f714e36e8693ed67be402'}, 'dob': {'date': '1955-01-14T00:16:51.803Z', 'age': 69}, 'registered': {'date': '2017-09-19T06:55:06.659Z', 'age': 6}, 'phone': '0867-3086678', 'cell': '0176-1343805', 'id': {'name': 'SVNR', 'value': '45 130155 F 593'}, 'picture': {'large': 'https://randomuser.me/api/portraits/women/39.jpg', 'medium': 'https://randomuser.me/api/portraits/med/women/39.jpg', 'thumbnail': 'https://randomuser.me/api/portraits/thumb/women/39.jpg'}, 'nat': 'DE'}</msg>
<arg>${json_data['results'][0]}</arg>
<doc>Logs the given message with the given level.</doc>
<status status="PASS" start="2024-08-02T23:14:48.117372" elapsed="0.000433"/>
</kw>
<kw name="Log" owner="BuiltIn">
<msg time="2024-08-02T23:14:48.118232" level="INFO">name</msg>
<arg>${key}</arg>
<doc>Logs the given message with the given level.</doc>
<status status="PASS" start="2024-08-02T23:14:48.118103" elapsed="0.000167"/>
</kw>
<var name="${key}">name</var>
<status status="PASS" start="2024-08-02T23:14:48.116654" elapsed="0.001829"/>
</iter>
<iter>
<kw name="Dictionary Should Contain Key" owner="Collections">
<arg>${json_data['results'][0]}</arg>
<arg>${key}</arg>
<doc>Fails if ``key`` is not found from ``dictionary``.</doc>
<status status="PASS" start="2024-08-02T23:14:48.118766" elapsed="0.000400"/>
</kw>
<kw name="Log" owner="BuiltIn">
<msg time="2024-08-02T23:14:48.119693" level="INFO">{'gender': 'female', 'name': {'title': 'Ms', 'first': 'Rosa', 'last': 'Friebe'}, 'location': {'street': {'number': 2, 'name': 'Rosenweg'}, 'city': 'Themar', 'state': 'Sachsen-Anhalt', 'country': 'Germany', 'postcode': 68738, 'coordinates': {'latitude': '-53.4393', 'longitude': '175.6137'}, 'timezone': {'offset': '-2:00', 'description': 'Mid-Atlantic'}}, 'email': 'rosa.friebe@example.com', 'login': {'uuid': 'd3e60cdd-a0c8-4b90-bf37-0d2c6c9b50ca', 'username': 'lazybear837', 'password': 'chrono', 'salt': 'cVHSKdm9', 'md5': '0511e01c56dc45c853fa221f222f6000', 'sha1': '46f8bb59b1190865cf08184561c8e587574d60ea', 'sha256': '01f75202484c1f4fb8b989392cc6a9d1e8798ff6f41f714e36e8693ed67be402'}, 'dob': {'date': '1955-01-14T00:16:51.803Z', 'age': 69}, 'registered': {'date': '2017-09-19T06:55:06.659Z', 'age': 6}, 'phone': '0867-3086678', 'cell': '0176-1343805', 'id': {'name': 'SVNR', 'value': '45 130155 F 593'}, 'picture': {'large': 'https://randomuser.me/api/portraits/women/39.jpg', 'medium': 'https://randomuser.me/api/portraits/med/women/39.jpg', 'thumbnail': 'https://randomuser.me/api/portraits/thumb/women/39.jpg'}, 'nat': 'DE'}</msg>
<arg>${json_data['results'][0]}</arg>
<doc>Logs the given message with the given level.</doc>
<status status="PASS" start="2024-08-02T23:14:48.119352" elapsed="0.000389"/>
</kw>
<kw name="Log" owner="BuiltIn">
<msg time="2024-08-02T23:14:48.120163" level="INFO">location</msg>
<arg>${key}</arg>
<doc>Logs the given message with the given level.</doc>
<status status="PASS" start="2024-08-02T23:14:48.120035" elapsed="0.000166"/>
</kw>
<var name="${key}">location</var>
<status status="PASS" start="2024-08-02T23:14:48.118658" elapsed="0.001760"/>
</iter>
<iter>
<kw name="Dictionary Should Contain Key" owner="Collections">
<arg>${json_data['results'][0]}</arg>
<arg>${key}</arg>
<doc>Fails if ``key`` is not found from ``dictionary``.</doc>
<status status="PASS" start="2024-08-02T23:14:48.120698" elapsed="0.000383"/>
</kw>
<kw name="Log" owner="BuiltIn">
<msg time="2024-08-02T23:14:48.121739" level="INFO">{'gender': 'female', 'name': {'title': 'Ms', 'first': 'Rosa', 'last': 'Friebe'}, 'location': {'street': {'number': 2, 'name': 'Rosenweg'}, 'city': 'Themar', 'state': 'Sachsen-Anhalt', 'country': 'Germany', 'postcode': 68738, 'coordinates': {'latitude': '-53.4393', 'longitude': '175.6137'}, 'timezone': {'offset': '-2:00', 'description': 'Mid-Atlantic'}}, 'email': 'rosa.friebe@example.com', 'login': {'uuid': 'd3e60cdd-a0c8-4b90-bf37-0d2c6c9b50ca', 'username': 'lazybear837', 'password': 'chrono', 'salt': 'cVHSKdm9', 'md5': '0511e01c56dc45c853fa221f222f6000', 'sha1': '46f8bb59b1190865cf08184561c8e587574d60ea', 'sha256': '01f75202484c1f4fb8b989392cc6a9d1e8798ff6f41f714e36e8693ed67be402'}, 'dob': {'date': '1955-01-14T00:16:51.803Z', 'age': 69}, 'registered': {'date': '2017-09-19T06:55:06.659Z', 'age': 6}, 'phone': '0867-3086678', 'cell': '0176-1343805', 'id': {'name': 'SVNR', 'value': '45 130155 F 593'}, 'picture': {'large': 'https://randomuser.me/api/portraits/women/39.jpg', 'medium': 'https://randomuser.me/api/portraits/med/women/39.jpg', 'thumbnail': 'https://randomuser.me/api/portraits/thumb/women/39.jpg'}, 'nat': 'DE'}</msg>
<arg>${json_data['results'][0]}</arg>
<doc>Logs the given message with the given level.</doc>
<status status="PASS" start="2024-08-02T23:14:48.121377" elapsed="0.000411"/>
</kw>
<kw name="Log" owner="BuiltIn">
<msg time="2024-08-02T23:14:48.122212" level="INFO">email</msg>
<arg>${key}</arg>
<doc>Logs the given message with the given level.</doc>
<status status="PASS" start="2024-08-02T23:14:48.122083" elapsed="0.000167"/>
</kw>
<var name="${key}">email</var>
<status status="PASS" start="2024-08-02T23:14:48.120591" elapsed="0.001874"/>
</iter>
<iter>
<kw name="Dictionary Should Contain Key" owner="Collections">
<arg>${json_data['results'][0]}</arg>
<arg>${key}</arg>
<doc>Fails if ``key`` is not found from ``dictionary``.</doc>
<status status="PASS" start="2024-08-02T23:14:48.122746" elapsed="0.000400"/>
</kw>
<kw name="Log" owner="BuiltIn">
<msg time="2024-08-02T23:14:48.123675" level="INFO">{'gender': 'female', 'name': {'title': 'Ms', 'first': 'Rosa', 'last': 'Friebe'}, 'location': {'street': {'number': 2, 'name': 'Rosenweg'}, 'city': 'Themar', 'state': 'Sachsen-Anhalt', 'country': 'Germany', 'postcode': 68738, 'coordinates': {'latitude': '-53.4393', 'longitude': '175.6137'}, 'timezone': {'offset': '-2:00', 'description': 'Mid-Atlantic'}}, 'email': 'rosa.friebe@example.com', 'login': {'uuid': 'd3e60cdd-a0c8-4b90-bf37-0d2c6c9b50ca', 'username': 'lazybear837', 'password': 'chrono', 'salt': 'cVHSKdm9', 'md5': '0511e01c56dc45c853fa221f222f6000', 'sha1': '46f8bb59b1190865cf08184561c8e587574d60ea', 'sha256': '01f75202484c1f4fb8b989392cc6a9d1e8798ff6f41f714e36e8693ed67be402'}, 'dob': {'date': '1955-01-14T00:16:51.803Z', 'age': 69}, 'registered': {'date': '2017-09-19T06:55:06.659Z', 'age': 6}, 'phone': '0867-3086678', 'cell': '0176-1343805', 'id': {'name': 'SVNR', 'value': '45 130155 F 593'}, 'picture': {'large': 'https://randomuser.me/api/portraits/women/39.jpg', 'medium': 'https://randomuser.me/api/portraits/med/women/39.jpg', 'thumbnail': 'https://randomuser.me/api/portraits/thumb/women/39.jpg'}, 'nat': 'DE'}</msg>
<arg>${json_data['results'][0]}</arg>
<doc>Logs the given message with the given level.</doc>
<status status="PASS" start="2024-08-02T23:14:48.123325" elapsed="0.000399"/>
</kw>
<kw name="Log" owner="BuiltIn">
<msg time="2024-08-02T23:14:48.124143" level="INFO">login</msg>
<arg>${key}</arg>
<doc>Logs the given message with the given level.</doc>
<status status="PASS" start="2024-08-02T23:14:48.124017" elapsed="0.000163"/>
</kw>
<var name="${key}">login</var>
<status status="PASS" start="2024-08-02T23:14:48.122639" elapsed="0.001754"/>
</iter>
<var>${key}</var>
<value>@{expected_keys}</value>
<status status="PASS" start="2024-08-02T23:14:48.114443" elapsed="0.010071"/>
</for>
<kw name="Create List" owner="BuiltIn">
<msg time="2024-08-02T23:14:48.124844" level="INFO">${expected_keysTwo} = ['username', 'password']</msg>
<var>${expected_keysTwo}</var>
<arg>username</arg>
<arg>password</arg>
<doc>Returns a list containing given items.</doc>
<status status="PASS" start="2024-08-02T23:14:48.124704" elapsed="0.000164"/>
</kw>
<for flavor="IN">
<iter>
<kw name="Dictionary Should Contain Key" owner="Collections">
<arg>${json_data['results'][0]['login']}</arg>
<arg>${keyTwo}</arg>
<doc>Fails if ``key`` is not found from ``dictionary``.</doc>
<status status="PASS" start="2024-08-02T23:14:48.125412" elapsed="0.000389"/>
</kw>
<kw name="Dictionary Should Contain Key" owner="Collections">
<arg>${json_data['results'][0]['login']}</arg>
<arg>${keyTwo}</arg>
<doc>Fails if ``key`` is not found from ``dictionary``.</doc>
<status status="PASS" start="2024-08-02T23:14:48.125983" elapsed="0.000374"/>
</kw>
<kw name="Log" owner="BuiltIn">
<msg time="2024-08-02T23:14:48.126654" level="INFO">username</msg>
<arg>${keyTwo}</arg>
<doc>Logs the given message with the given level.</doc>
<status status="PASS" start="2024-08-02T23:14:48.126535" elapsed="0.000157"/>
</kw>
<var name="${keyTwo}">username</var>
<status status="PASS" start="2024-08-02T23:14:48.125304" elapsed="0.001627"/>
</iter>
<iter>
<kw name="Dictionary Should Contain Key" owner="Collections">
<arg>${json_data['results'][0]['login']}</arg>
<arg>${keyTwo}</arg>
<doc>Fails if ``key`` is not found from ``dictionary``.</doc>
<status status="PASS" start="2024-08-02T23:14:48.127219" elapsed="0.000380"/>
</kw>
<kw name="Dictionary Should Contain Key" owner="Collections">
<arg>${json_data['results'][0]['login']}</arg>
<arg>${keyTwo}</arg>
<doc>Fails if ``key`` is not found from ``dictionary``.</doc>
<status status="PASS" start="2024-08-02T23:14:48.127778" elapsed="0.000370"/>
</kw>
<kw name="Log" owner="BuiltIn">
<msg time="2024-08-02T23:14:48.128446" level="INFO">password</msg>
<arg>${keyTwo}</arg>
<doc>Logs the given message with the given level.</doc>
<status status="PASS" start="2024-08-02T23:14:48.128323" elapsed="0.000162"/>
</kw>
<var name="${keyTwo}">password</var>
<status status="PASS" start="2024-08-02T23:14:48.127108" elapsed="0.001595"/>
</iter>
<var>${keyTwo}</var>
<value>@{expected_keysTwo}</value>
<status status="PASS" start="2024-08-02T23:14:48.125146" elapsed="0.003679"/>
</for>
<status status="PASS" start="2024-08-02T23:14:48.012932" elapsed="0.116032"/>
</kw>
<doc>Testa a estrutura da resposta da API.</doc>
<tag>testeEstruturaResposta</tag>
<status status="PASS" start="2024-08-02T23:14:48.012364" elapsed="0.116753"/>
</test>
<test id="s1-s1-t4" name="Validar tipos de dados" line="28">
<kw name="Teste de Tipos de Dados" owner="random-user-service">
<kw name="GET On Session" owner="RequestsLibrary">
<msg time="2024-08-02T23:14:48.257167" level="INFO">GET Request : url=https://randomuser.me/api 
 path_url=/api 
 headers={'User-Agent': 'python-requests/2.32.3', 'Accept-Encoding': 'gzip, deflate', 'Accept': '*/*', 'Connection': 'keep-alive'} 
 body=None 
 </msg>
<msg time="2024-08-02T23:14:48.257268" level="INFO">GET Response : url=https://randomuser.me/api 
 status=200, reason=OK 
 headers={'Date': 'Fri, 02 Aug 2024 23:14:48 GMT', 'Content-Type': 'application/json; charset=utf-8', 'Transfer-Encoding': 'chunked', 'Connection': 'keep-alive', 'X-Powered-By': 'Express', 'Access-Control-Allow-Origin': '*', 'Cache-Control': 'no-cache', 'ETag': 'W/"493-UqfgZm6Lf+hj2zq/CoOiFbyBQF4"', 'Vary': 'Accept-Encoding', 'Content-Encoding': 'gzip', 'CF-Cache-Status': 'DYNAMIC', 'Report-To': '{"endpoints":[{"url":"https:\\/\\/a.nel.cloudflare.com\\/report\\/v4?s=Uh3pFN2arH%2BkHqaa047VvpSTjMpnJxgMJlKWu548oCX4JAbbhF53Ix1GrT6gvrxJpdOWFRkZPBK%2B0aiDjrFQFngIurBkbP1KdtbYbgNncfkOx4WLbaCndLOGNrefslRl"}],"group":"cf-nel","max_age":604800}', 'NEL': '{"success_fraction":0,"report_to":"cf-nel","max_age":604800}', 'Server': 'cloudflare', 'CF-RAY': '8ad1c42adab7fa32-SJC', 'alt-svc': 'h3=":443"; ma=86400'} 
 body={"results":[{"gender":"female","name":{"title":"Mrs","first":"Elvine","last":"Shala"},"location":{"street":{"number":4354,"name":"Youngs gate"},"city":"Håkvik","state":"Finnmark - Finnmárku","country":"Norway","postcode":"6170","coordinates":{"latitude":"44.6869","longitude":"3.2596"},"timezone":{"offset":"+1:00","description":"Brussels, Copenhagen, Madrid, Paris"}},"email":"elvine.shala@example.com","login":{"uuid":"4b676f54-9c03-46bd-9e65-485e250ec494","username":"goldenfish592","password":"giovanna","salt":"VamzTZZ6","md5":"4edba77f9d8e382e9a2dd1387cc9a69e","sha1":"304fb5c56e39bfe44490803a7f1cd056c5a806a9","sha256":"08fa2bbcb0cd45a79070c203949ea751a9aee99df368e8bafe6ec45ac5f1d18f"},"dob":{"date":"1962-05-26T14:58:33.732Z","age":62},"registered":{"date":"2020-06-09T22:26:43.340Z","age":4},"phone":"50982632","cell":"41778143","id":{"name":"FN","value":"26056217664"},"picture":{"large":"https://randomuser.me/api/portraits/women/13.jpg","medium":"https://randomuser.me/api/portraits/med/women/13.jpg","thumbnail":"https://randomuser.me/api/portraits/thumb/women/13.jpg"},"nat":"NO"}],"info":{"seed":"61417c85c75ca73a","results":1,"page":1,"version":"1.4"}} 
 </msg>
<msg time="2024-08-02T23:14:48.257349" level="INFO">/opt/hostedtoolcache/Python/3.12.4/x64/lib/python3.12/site-packages/urllib3/connectionpool.py:1099: InsecureRequestWarning: Unverified HTTPS request is being made to host 'randomuser.me'. Adding certificate verification is strongly advised. See: https://urllib3.readthedocs.io/en/latest/advanced-usage.html#tls-warnings
  warnings.warn(</msg>
<msg time="2024-08-02T23:14:48.257476" level="INFO">${response} = &lt;Response [200]&gt;</msg>
<var>${response}</var>
<arg>consultarAPI</arg>
<arg>/api</arg>
<doc>Sends a GET request on a previously created HTTP Session.</doc>
<status status="PASS" start="2024-08-02T23:14:48.131553" elapsed="0.125972"/>
</kw>
<kw name="Set Variable" owner="BuiltIn">
<msg time="2024-08-02T23:14:48.258519" level="INFO">${json_data} = {'results': [{'gender': 'female', 'name': {'title': 'Mrs', 'first': 'Elvine', 'last': 'Shala'}, 'location': {'street': {'number': 4354, 'name': 'Youngs gate'}, 'city': 'Håkvik', 'state': 'Finnmark - F...</msg>
<var>${json_data}</var>
<arg>${response.json()}</arg>
<doc>Returns the given values which can then be assigned to a variables.</doc>
<status status="PASS" start="2024-08-02T23:14:48.258006" elapsed="0.000543"/>
</kw>
<kw name="Log" owner="BuiltIn">
<msg time="2024-08-02T23:14:48.259058" level="INFO">{'results': [{'gender': 'female', 'name': {'title': 'Mrs', 'first': 'Elvine', 'last': 'Shala'}, 'location': {'street': {'number': 4354, 'name': 'Youngs gate'}, 'city': 'Håkvik', 'state': 'Finnmark - Finnmárku', 'country': 'Norway', 'postcode': '6170', 'coordinates': {'latitude': '44.6869', 'longitude': '3.2596'}, 'timezone': {'offset': '+1:00', 'description': 'Brussels, Copenhagen, Madrid, Paris'}}, 'email': 'elvine.shala@example.com', 'login': {'uuid': '4b676f54-9c03-46bd-9e65-485e250ec494', 'username': 'goldenfish592', 'password': 'giovanna', 'salt': 'VamzTZZ6', 'md5': '4edba77f9d8e382e9a2dd1387cc9a69e', 'sha1': '304fb5c56e39bfe44490803a7f1cd056c5a806a9', 'sha256': '08fa2bbcb0cd45a79070c203949ea751a9aee99df368e8bafe6ec45ac5f1d18f'}, 'dob': {'date': '1962-05-26T14:58:33.732Z', 'age': 62}, 'registered': {'date': '2020-06-09T22:26:43.340Z', 'age': 4}, 'phone': '50982632', 'cell': '41778143', 'id': {'name': 'FN', 'value': '26056217664'}, 'picture': {'large': 'https://randomuser.me/api/portraits/women/13.jpg', 'medium': 'https://randomuser.me/api/portraits/med/women/13.jpg', 'thumbnail': 'https://randomuser.me/api/portraits/thumb/women/13.jpg'}, 'nat': 'NO'}], 'info': {'seed': '61417c85c75ca73a', 'results': 1, 'page': 1, 'version': '1.4'}}</msg>
<arg>${json_data}</arg>
<doc>Logs the given message with the given level.</doc>
<status status="PASS" start="2024-08-02T23:14:48.258859" elapsed="0.000252"/>
</kw>
<kw name="Should Be String" owner="String">
<arg>${json_data['results'][0]['gender']}</arg>
<doc>Fails if the given ``item`` is not a string.</doc>
<status status="PASS" start="2024-08-02T23:14:48.259416" elapsed="0.000366"/>
</kw>
<kw name="Should Match Regexp" owner="BuiltIn">
<arg>${json_data['results'][0]['email']}</arg>
<arg>^[a-zA-Z0-9._%+-]+@[a-zA-Z0-9.-]+\.[a-zA-Z]{2,}$</arg>
<doc>Fails if ``string`` does not match ``pattern`` as a regular expression.</doc>
<status status="PASS" start="2024-08-02T23:14:48.259969" elapsed="0.000510"/>
</kw>
<kw name="Should Match Regexp" owner="BuiltIn">
<arg>${json_data['results'][0]['dob']['date']}</arg>
<arg>\\d{4}-\\d{2}-\\d{2}T\\d{2}:\\d{2}:\\d{2}\\.\\d{3}Z</arg>
<doc>Fails if ``string`` does not match ``pattern`` as a regular expression.</doc>
<status status="PASS" start="2024-08-02T23:14:48.260709" elapsed="0.000623"/>
</kw>
<kw name="Should Match Regexp" owner="BuiltIn">
<arg>${json_data['results'][0]['registered']['date']}</arg>
<arg>\\d{4}-\\d{2}-\\d{2}T\\d{2}:\\d{2}:\\d{2}\\.\\d{3}Z</arg>
<doc>Fails if ``string`` does not match ``pattern`` as a regular expression.</doc>
<status status="PASS" start="2024-08-02T23:14:48.261524" elapsed="0.000368"/>
</kw>
<kw name="Should Match Regexp" owner="BuiltIn">
<arg>${json_data['results'][0]['picture']['large']}</arg>
<arg>^https?://.*\.(?:png|jpe?g|gif|bmp)$</arg>
<doc>Fails if ``string`` does not match ``pattern`` as a regular expression.</doc>
<status status="PASS" start="2024-08-02T23:14:48.262082" elapsed="0.000452"/>
</kw>
<kw name="Should Match Regexp" owner="BuiltIn">
<arg>${json_data['results'][0]['picture']['medium']}</arg>
<arg>^https?://.*\.(?:png|jpe?g|gif|bmp)$</arg>
<doc>Fails if ``string`` does not match ``pattern`` as a regular expression.</doc>
<status status="PASS" start="2024-08-02T23:14:48.262732" elapsed="0.000395"/>
</kw>
<kw name="Should Match Regexp" owner="BuiltIn">
<arg>${json_data['results'][0]['picture']['thumbnail']}</arg>
<arg>^https?://.*\.(?:png|jpe?g|gif|bmp)$</arg>
<doc>Fails if ``string`` does not match ``pattern`` as a regular expression.</doc>
<status status="PASS" start="2024-08-02T23:14:48.263311" elapsed="0.000346"/>
</kw>
<kw name="Log" owner="BuiltIn">
<msg time="2024-08-02T23:14:48.264159" level="INFO">{'large': 'https://randomuser.me/api/portraits/women/13.jpg', 'medium': 'https://randomuser.me/api/portraits/med/women/13.jpg', 'thumbnail': 'https://randomuser.me/api/portraits/thumb/women/13.jpg'}</msg>
<arg>${json_data['results'][0]['picture']}</arg>
<doc>Logs the given message with the given level.</doc>
<status status="PASS" start="2024-08-02T23:14:48.263837" elapsed="0.000366"/>
</kw>
<status status="PASS" start="2024-08-02T23:14:48.131321" elapsed="0.133138"/>
</kw>
<kw name="Teste de Tipos de Dados - Postcode" owner="random-user-service">
<kw name="GET On Session" owner="RequestsLibrary">
<msg time="2024-08-02T23:14:48.418869" level="INFO">GET Request : url=https://randomuser.me/api 
 path_url=/api 
 headers={'User-Agent': 'python-requests/2.32.3', 'Accept-Encoding': 'gzip, deflate', 'Accept': '*/*', 'Connection': 'keep-alive'} 
 body=None 
 </msg>
<msg time="2024-08-02T23:14:48.418989" level="INFO">GET Response : url=https://randomuser.me/api 
 status=200, reason=OK 
 headers={'Date': 'Fri, 02 Aug 2024 23:14:48 GMT', 'Content-Type': 'application/json; charset=utf-8', 'Transfer-Encoding': 'chunked', 'Connection': 'keep-alive', 'X-Powered-By': 'Express', 'Access-Control-Allow-Origin': '*', 'Cache-Control': 'no-cache', 'ETag': 'W/"494-uKCzaonyuONXzMNNdT9fB7F1AeE"', 'Vary': 'Accept-Encoding', 'Content-Encoding': 'gzip', 'CF-Cache-Status': 'DYNAMIC', 'Report-To': '{"endpoints":[{"url":"https:\\/\\/a.nel.cloudflare.com\\/report\\/v4?s=m%2BVhyxuYYf8VfjtML%2F%2F9bqFhEgSFNljVaSx3EgfTEmOYGcjDKv4p%2Fi3yOaN7SEFt6e5gIyoSi7WbqGlzTo8pCnpDy7V9CKUNKTTOjG5XeR6Udaw5YmMn%2BDch1k%2FX4vyB"}],"group":"cf-nel","max_age":604800}', 'NEL': '{"success_fraction":0,"report_to":"cf-nel","max_age":604800}', 'Server': 'cloudflare', 'CF-RAY': '8ad1c42bab55fa32-SJC', 'alt-svc': 'h3=":443"; ma=86400'} 
 body={"results":[{"gender":"male","name":{"title":"Mr","first":"Theodore","last":"Morris"},"location":{"street":{"number":7862,"name":"Domain Road"},"city":"Whanganui","state":"Southland","country":"New Zealand","postcode":72440,"coordinates":{"latitude":"52.3812","longitude":"-96.6904"},"timezone":{"offset":"+11:00","description":"Magadan, Solomon Islands, New Caledonia"}},"email":"theodore.morris@example.com","login":{"uuid":"e8fc3fab-c705-44af-8c79-8b4c16c2ed20","username":"lazymeercat596","password":"shepherd","salt":"YBbxpQ0c","md5":"ce734e2f263155999c08efd6e42b1fd8","sha1":"7075e801a39276c9c696317bec81b320988149f4","sha256":"208f08f67ea431806b6d04358c11060d61a9f01f3d5ee50a48aea71e3f1652d4"},"dob":{"date":"1985-05-23T14:03:47.870Z","age":39},"registered":{"date":"2008-03-01T01:14:12.081Z","age":16},"phone":"(147)-188-1046","cell":"(410)-565-0952","id":{"name":"","value":null},"picture":{"large":"https://randomuser.me/api/portraits/men/78.jpg","medium":"https://randomuser.me/api/portraits/med/men/78.jpg","thumbnail":"https://randomuser.me/api/portraits/thumb/men/78.jpg"},"nat":"NZ"}],"info":{"seed":"71cdb89f55570f63","results":1,"page":1,"version":"1.4"}} 
 </msg>
<msg time="2024-08-02T23:14:48.419063" level="INFO">/opt/hostedtoolcache/Python/3.12.4/x64/lib/python3.12/site-packages/urllib3/connectionpool.py:1099: InsecureRequestWarning: Unverified HTTPS request is being made to host 'randomuser.me'. Adding certificate verification is strongly advised. See: https://urllib3.readthedocs.io/en/latest/advanced-usage.html#tls-warnings
  warnings.warn(</msg>
<msg time="2024-08-02T23:14:48.419190" level="INFO">${response} = &lt;Response [200]&gt;</msg>
<var>${response}</var>
<arg>consultarAPI</arg>
<arg>/api</arg>
<doc>Sends a GET request on a previously created HTTP Session.</doc>
<status status="PASS" start="2024-08-02T23:14:48.264919" elapsed="0.154322"/>
</kw>
<kw name="Set Variable" owner="BuiltIn">
<msg time="2024-08-02T23:14:48.420095" level="INFO">${json_data} = {'results': [{'gender': 'male', 'name': {'title': 'Mr', 'first': 'Theodore', 'last': 'Morris'}, 'location': {'street': {'number': 7862, 'name': 'Domain Road'}, 'city': 'Whanganui', 'state': 'Southland...</msg>
<var>${json_data}</var>
<arg>${response.json()}</arg>
<doc>Returns the given values which can then be assigned to a variables.</doc>
<status status="PASS" start="2024-08-02T23:14:48.419660" elapsed="0.000463"/>
</kw>
<kw name="Log" owner="BuiltIn">
<msg time="2024-08-02T23:14:48.420576" level="INFO">{'results': [{'gender': 'male', 'name': {'title': 'Mr', 'first': 'Theodore', 'last': 'Morris'}, 'location': {'street': {'number': 7862, 'name': 'Domain Road'}, 'city': 'Whanganui', 'state': 'Southland', 'country': 'New Zealand', 'postcode': 72440, 'coordinates': {'latitude': '52.3812', 'longitude': '-96.6904'}, 'timezone': {'offset': '+11:00', 'description': 'Magadan, Solomon Islands, New Caledonia'}}, 'email': 'theodore.morris@example.com', 'login': {'uuid': 'e8fc3fab-c705-44af-8c79-8b4c16c2ed20', 'username': 'lazymeercat596', 'password': 'shepherd', 'salt': 'YBbxpQ0c', 'md5': 'ce734e2f263155999c08efd6e42b1fd8', 'sha1': '7075e801a39276c9c696317bec81b320988149f4', 'sha256': '208f08f67ea431806b6d04358c11060d61a9f01f3d5ee50a48aea71e3f1652d4'}, 'dob': {'date': '1985-05-23T14:03:47.870Z', 'age': 39}, 'registered': {'date': '2008-03-01T01:14:12.081Z', 'age': 16}, 'phone': '(147)-188-1046', 'cell': '(410)-565-0952', 'id': {'name': '', 'value': None}, 'picture': {'large': 'https://randomuser.me/api/portraits/men/78.jpg', 'medium': 'https://randomuser.me/api/portraits/med/men/78.jpg', 'thumbnail': 'https://randomuser.me/api/portraits/thumb/men/78.jpg'}, 'nat': 'NZ'}], 'info': {'seed': '71cdb89f55570f63', 'results': 1, 'page': 1, 'version': '1.4'}}</msg>
<arg>${json_data}</arg>
<doc>Logs the given message with the given level.</doc>
<status status="PASS" start="2024-08-02T23:14:48.420425" elapsed="0.000197"/>
</kw>
<kw name="Should Be Equal As Numbers" owner="BuiltIn">
<arg>${json_data['results'][0]['location']['postcode']}</arg>
<arg>${json_data['results'][0]['location']['postcode']}</arg>
<doc>Fails if objects are unequal after converting them to real numbers.</doc>
<status status="PASS" start="2024-08-02T23:14:48.420911" elapsed="0.000624"/>
</kw>
<kw name="Log" owner="BuiltIn">
<msg time="2024-08-02T23:14:48.422066" level="INFO">72440</msg>
<arg>${json_data['results'][0]['location']['postcode']}</arg>
<doc>Logs the given message with the given level.</doc>
<status status="PASS" start="2024-08-02T23:14:48.421727" elapsed="0.000384"/>
</kw>
<status status="PASS" start="2024-08-02T23:14:48.264687" elapsed="0.157707"/>
</kw>
<doc>Testa se os tipos de dados na resposta da API estão corretos.</doc>
<tag>testeTiposDados</tag>
<status status="PASS" start="2024-08-02T23:14:48.130834" elapsed="0.291737"/>
</test>
<test id="s1-s1-t5" name="Validar conteudo" line="35">
<kw name="Teste de Tipos de Conteudo" owner="random-user-service">
<kw name="GET On Session" owner="RequestsLibrary">
<msg time="2024-08-02T23:14:48.529321" level="INFO">GET Request : url=https://randomuser.me/api 
 path_url=/api 
 headers={'User-Agent': 'python-requests/2.32.3', 'Accept-Encoding': 'gzip, deflate', 'Accept': '*/*', 'Connection': 'keep-alive'} 
 body=None 
 </msg>
<msg time="2024-08-02T23:14:48.529410" level="INFO">GET Response : url=https://randomuser.me/api 
 status=200, reason=OK 
 headers={'Date': 'Fri, 02 Aug 2024 23:14:48 GMT', 'Content-Type': 'application/json; charset=utf-8', 'Transfer-Encoding': 'chunked', 'Connection': 'keep-alive', 'X-Powered-By': 'Express', 'Access-Control-Allow-Origin': '*', 'Cache-Control': 'no-cache', 'ETag': 'W/"483-ckAkdqOgX6f8JLe481UOXunG5fU"', 'Vary': 'Accept-Encoding', 'Content-Encoding': 'gzip', 'CF-Cache-Status': 'DYNAMIC', 'Report-To': '{"endpoints":[{"url":"https:\\/\\/a.nel.cloudflare.com\\/report\\/v4?s=Adh%2FW8EQ1LYdegamOo16Vbt2QhOKN7KeX1Dxu4wlFbf6HjH6Jhy20ZjlDSUb73cFEfYlVZZ%2F6vZ0qvMGuahOMZYcPezixTK%2BIlfQ7ZjSeGoAAy6ekP3I%2BYXksyAVEivC"}],"group":"cf-nel","max_age":604800}', 'NEL': '{"success_fraction":0,"report_to":"cf-nel","max_age":604800}', 'Server': 'cloudflare', 'CF-RAY': '8ad1c42cabe9fa32-SJC', 'alt-svc': 'h3=":443"; ma=86400'} 
 body={"results":[{"gender":"female","name":{"title":"Mrs","first":"Claire","last":"Blohm"},"location":{"street":{"number":5771,"name":"Ringstraße"},"city":"Ostfildern","state":"Schleswig-Holstein","country":"Germany","postcode":50311,"coordinates":{"latitude":"-51.5304","longitude":"24.2563"},"timezone":{"offset":"-9:00","description":"Alaska"}},"email":"claire.blohm@example.com","login":{"uuid":"20919cae-7ea2-4fca-85a2-980d8af2de15","username":"blackmouse591","password":"pass1","salt":"3Pj8VOGw","md5":"9b28635182c61c038c233b57639c8058","sha1":"6ccf4694cd11d75548966711a28a36e9739d1285","sha256":"31796ad5ccf4944da8102b1a66d1f9267da4a2fa7325edafa60c872a73f3bbc0"},"dob":{"date":"1946-02-22T15:14:37.496Z","age":78},"registered":{"date":"2018-11-09T08:38:42.423Z","age":5},"phone":"0691-8813901","cell":"0175-3177285","id":{"name":"SVNR","value":"60 220246 B 554"},"picture":{"large":"https://randomuser.me/api/portraits/women/50.jpg","medium":"https://randomuser.me/api/portraits/med/women/50.jpg","thumbnail":"https://randomuser.me/api/portraits/thumb/women/50.jpg"},"nat":"DE"}],"info":{"seed":"301dbf9937e21a90","results":1,"page":1,"version":"1.4"}} 
 </msg>
<msg time="2024-08-02T23:14:48.529487" level="INFO">/opt/hostedtoolcache/Python/3.12.4/x64/lib/python3.12/site-packages/urllib3/connectionpool.py:1099: InsecureRequestWarning: Unverified HTTPS request is being made to host 'randomuser.me'. Adding certificate verification is strongly advised. See: https://urllib3.readthedocs.io/en/latest/advanced-usage.html#tls-warnings
  warnings.warn(</msg>
<msg time="2024-08-02T23:14:48.529631" level="INFO">${response} = &lt;Response [200]&gt;</msg>
<var>${response}</var>
<arg>consultarAPI</arg>
<arg>/api</arg>
<doc>Sends a GET request on a previously created HTTP Session.</doc>
<status status="PASS" start="2024-08-02T23:14:48.425022" elapsed="0.104674"/>
</kw>
<kw name="Set Variable" owner="BuiltIn">
<msg time="2024-08-02T23:14:48.530600" level="INFO">${json_data} = {'results': [{'gender': 'female', 'name': {'title': 'Mrs', 'first': 'Claire', 'last': 'Blohm'}, 'location': {'street': {'number': 5771, 'name': 'Ringstraße'}, 'city': 'Ostfildern', 'state': 'Schleswig...</msg>
<var>${json_data}</var>
<arg>${response.json()}</arg>
<doc>Returns the given values which can then be assigned to a variables.</doc>
<status status="PASS" start="2024-08-02T23:14:48.530128" elapsed="0.000503"/>
</kw>
<kw name="Set Variable" owner="BuiltIn">
<msg time="2024-08-02T23:14:48.531425" level="INFO">${name_title} = Mrs</msg>
<var>${name_title}</var>
<arg>${json_data["results"][0]["name"]["title"]}</arg>
<doc>Returns the given values which can then be assigned to a variables.</doc>
<status status="PASS" start="2024-08-02T23:14:48.531005" elapsed="0.000447"/>
</kw>
<kw name="Create List" owner="BuiltIn">
<msg time="2024-08-02T23:14:48.531924" level="INFO">${allowed_titles} = ['Mr', 'Ms', 'Miss', 'Mrs', 'Madame', 'Monsieur']</msg>
<var>${allowed_titles}</var>
<arg>Mr</arg>
<arg>Ms</arg>
<arg>Miss</arg>
<arg>Mrs</arg>
<arg>Madame</arg>
<arg>Monsieur</arg>
<doc>Returns a list containing given items.</doc>
<status status="PASS" start="2024-08-02T23:14:48.531771" elapsed="0.000179"/>
</kw>
<kw name="List Should Contain Value" owner="Collections">
<arg>${allowed_titles}</arg>
<arg>${name_title}</arg>
<doc>Fails if the ``value`` is not found from ``list``.</doc>
<status status="PASS" start="2024-08-02T23:14:48.532254" elapsed="0.000178"/>
</kw>
<kw name="Set Variable" owner="BuiltIn">
<msg time="2024-08-02T23:14:48.532991" level="INFO">${name_country} = DE</msg>
<var>${name_country}</var>
<arg>${json_data["results"][0]["nat"]}</arg>
<doc>Returns the given values which can then be assigned to a variables.</doc>
<status status="PASS" start="2024-08-02T23:14:48.532616" elapsed="0.000400"/>
</kw>
<kw name="Create List" owner="BuiltIn">
<msg time="2024-08-02T23:14:48.533912" level="INFO">${list_country} = ['AD', 'AE', 'AF', 'AG', 'AI', 'AL', 'AM', 'AO', 'AQ', 'AR', 'AS', 'AT', 'AU', 'AW', 'AX', 'AZ', 'BA', 'BB', 'BD', 'BE', 'BF', 'BG', 'BH', 'BI', 'BJ', 'BL', 'BM', 'BN', 'BO', 'BQ', 'BR', 'BS', 'BT', '...</msg>
<var>${list_country}</var>
<arg>AD</arg>
<arg>AE</arg>
<arg>AF</arg>
<arg>AG</arg>
<arg>AI</arg>
<arg>AL</arg>
<arg>AM</arg>
<arg>AO</arg>
<arg>AQ</arg>
<arg>AR</arg>
<arg>AS</arg>
<arg>AT</arg>
<arg>AU</arg>
<arg>AW</arg>
<arg>AX</arg>
<arg>AZ</arg>
<arg>BA</arg>
<arg>BB</arg>
<arg>BD</arg>
<arg>BE</arg>
<arg>BF</arg>
<arg>BG</arg>
<arg>BH</arg>
<arg>BI</arg>
<arg>BJ</arg>
<arg>BL</arg>
<arg>BM</arg>
<arg>BN</arg>
<arg>BO</arg>
<arg>BQ</arg>
<arg>BR</arg>
<arg>BS</arg>
<arg>BT</arg>
<arg>BV</arg>
<arg>BW</arg>
<arg>BY</arg>
<arg>BZ</arg>
<arg>CA</arg>
<arg>CC</arg>
<arg>CD</arg>
<arg>CF</arg>
<arg>CG</arg>
<arg>CH</arg>
<arg>CI</arg>
<arg>CK</arg>
<arg>CL</arg>
<arg>CM</arg>
<arg>CN</arg>
<arg>CO</arg>
<arg>CR</arg>
<arg>CU</arg>
<arg>CV</arg>
<arg>CW</arg>
<arg>CX</arg>
<arg>CY</arg>
<arg>CZ</arg>
<arg>DE</arg>
<arg>DJ</arg>
<arg>DK</arg>
<arg>DM</arg>
<arg>DO</arg>
<arg>DZ</arg>
<arg>EC</arg>
<arg>EE</arg>
<arg>EG</arg>
<arg>EH</arg>
<arg>ER</arg>
<arg>ES</arg>
<arg>ET</arg>
<arg>FI</arg>
<arg>FJ</arg>
<arg>FK</arg>
<arg>FM</arg>
<arg>FO</arg>
<arg>FR</arg>
<arg>GA</arg>
<arg>GB</arg>
<arg>GD</arg>
<arg>GE</arg>
<arg>GF</arg>
<arg>GG</arg>
<arg>GH</arg>
<arg>GI</arg>
<arg>GL</arg>
<arg>GM</arg>
<arg>GN</arg>
<arg>GP</arg>
<arg>GQ</arg>
<arg>GR</arg>
<arg>GS</arg>
<arg>GT</arg>
<arg>GU</arg>
<arg>GW</arg>
<arg>GY</arg>
<arg>HK</arg>
<arg>HM</arg>
<arg>HN</arg>
<arg>HR</arg>
<arg>HT</arg>
<arg>HU</arg>
<arg>ID</arg>
<arg>IE</arg>
<arg>IL</arg>
<arg>IM</arg>
<arg>IN</arg>
<arg>IO</arg>
<arg>IQ</arg>
<arg>IR</arg>
<arg>IS</arg>
<arg>IT</arg>
<arg>JE</arg>
<arg>JM</arg>
<arg>JO</arg>
<arg>JP</arg>
<arg>KE</arg>
<arg>KG</arg>
<arg>KH</arg>
<arg>KI</arg>
<arg>KM</arg>
<arg>KN</arg>
<arg>KP</arg>
<arg>KR</arg>
<arg>KW</arg>
<arg>KY</arg>
<arg>KZ</arg>
<arg>LA</arg>
<arg>LB</arg>
<arg>LC</arg>
<arg>LI</arg>
<arg>LK</arg>
<arg>LR</arg>
<arg>LS</arg>
<arg>LT</arg>
<arg>LU</arg>
<arg>LV</arg>
<arg>LY</arg>
<arg>MA</arg>
<arg>MC</arg>
<arg>MD</arg>
<arg>ME</arg>
<arg>MF</arg>
<arg>MG</arg>
<arg>MH</arg>
<arg>MK</arg>
<arg>ML</arg>
<arg>MM</arg>
<arg>MN</arg>
<arg>MO</arg>
<arg>MP</arg>
<arg>MQ</arg>
<arg>MR</arg>
<arg>MS</arg>
<arg>MT</arg>
<arg>MU</arg>
<arg>MV</arg>
<arg>MW</arg>
<arg>MX</arg>
<arg>MY</arg>
<arg>MZ</arg>
<arg>NA</arg>
<arg>NC</arg>
<arg>NE</arg>
<arg>NF</arg>
<arg>NG</arg>
<arg>NI</arg>
<arg>NL</arg>
<arg>NO</arg>
<arg>NP</arg>
<arg>NR</arg>
<arg>NU</arg>
<arg>NZ</arg>
<arg>OM</arg>
<arg>PA</arg>
<arg>PE</arg>
<arg>PF</arg>
<arg>PG</arg>
<arg>PH</arg>
<arg>PK</arg>
<arg>PL</arg>
<arg>PM</arg>
<arg>PN</arg>
<arg>PR</arg>
<arg>PS</arg>
<arg>PT</arg>
<arg>PW</arg>
<arg>PY</arg>
<arg>QA</arg>
<arg>RE</arg>
<arg>RO</arg>
<arg>RS</arg>
<arg>RU</arg>
<arg>RW</arg>
<arg>SA</arg>
<arg>SB</arg>
<arg>SC</arg>
<arg>SD</arg>
<arg>SE</arg>
<arg>SG</arg>
<arg>SH</arg>
<arg>SI</arg>
<arg>SJ</arg>
<arg>SK</arg>
<arg>SL</arg>
<arg>SM</arg>
<arg>SN</arg>
<arg>SO</arg>
<arg>SR</arg>
<arg>SS</arg>
<arg>ST</arg>
<arg>SV</arg>
<arg>SX</arg>
<arg>SY</arg>
<arg>SZ</arg>
<arg>TC</arg>
<arg>TD</arg>
<arg>TF</arg>
<arg>TG</arg>
<arg>TH</arg>
<arg>TJ</arg>
<arg>TK</arg>
<arg>TL</arg>
<arg>TM</arg>
<arg>TN</arg>
<arg>TO</arg>
<arg>TR</arg>
<arg>TT</arg>
<arg>TV</arg>
<arg>TW</arg>
<arg>TZ</arg>
<arg>UA</arg>
<arg>UG</arg>
<arg>UM</arg>
<arg>US</arg>
<arg>UY</arg>
<arg>UZ</arg>
<arg>VA</arg>
<arg>VC</arg>
<arg>VE</arg>
<arg>VG</arg>
<arg>VI</arg>
<arg>VN</arg>
<arg>VU</arg>
<arg>WF</arg>
<arg>WS</arg>
<arg>XK</arg>
<arg>YE</arg>
<arg>YT</arg>
<arg>ZA</arg>
<arg>ZM</arg>
<arg>ZW</arg>
<doc>Returns a list containing given items.</doc>
<status status="PASS" start="2024-08-02T23:14:48.533310" elapsed="0.000628"/>
</kw>
<kw name="List Should Contain Value" owner="Collections">
<arg>${list_country}</arg>
<arg>${name_country}</arg>
<doc>Fails if the ``value`` is not found from ``list``.</doc>
<status status="PASS" start="2024-08-02T23:14:48.534881" elapsed="0.000248"/>
</kw>
<kw name="Run Keyword If" owner="BuiltIn">
<kw name="Should Be True" owner="BuiltIn">
<arg>${True}</arg>
<doc>Fails if the given condition is not true.</doc>
<status status="PASS" start="2024-08-02T23:14:48.536069" elapsed="0.000143"/>
</kw>
<arg>${json_data["results"][0]["location"]["coordinates"]["latitude"]} &gt;= -90 and ${json_data["results"][0]["location"]["coordinates"]["latitude"]} &lt;= 90</arg>
<arg>Should Be True</arg>
<arg>${True}</arg>
<doc>Runs the given keyword with the given arguments, if ``condition`` is true.</doc>
<status status="PASS" start="2024-08-02T23:14:48.535329" elapsed="0.001008"/>
</kw>
<kw name="Run Keyword If" owner="BuiltIn">
<kw name="Should Be True" owner="BuiltIn">
<arg>${True}</arg>
<doc>Fails if the given condition is not true.</doc>
<status status="PASS" start="2024-08-02T23:14:48.537207" elapsed="0.000137"/>
</kw>
<arg>${json_data["results"][0]["location"]["coordinates"]["longitude"]} &gt;= -180 and ${json_data["results"][0]["location"]["coordinates"]["longitude"]} &lt;= 180</arg>
<arg>Should Be True</arg>
<arg>${True}</arg>
<doc>Runs the given keyword with the given arguments, if ``condition`` is true.</doc>
<status status="PASS" start="2024-08-02T23:14:48.536524" elapsed="0.000942"/>
</kw>
<status status="PASS" start="2024-08-02T23:14:48.424803" elapsed="0.112792"/>
</kw>
<doc>Testa o conteúdo específico dos campos retornados pela API.</doc>
<tag>testeConteudo</tag>
<status status="PASS" start="2024-08-02T23:14:48.424362" elapsed="0.113378"/>
</test>
<status status="PASS" start="2024-08-02T23:14:47.418828" elapsed="1.120845"/>
</suite>
<status status="PASS" start="2024-08-02T23:14:47.404401" elapsed="1.140338"/>
</suite>
<statistics>
<total>
<stat pass="5" fail="0" skip="0">All Tests</stat>
</total>
<tag>
<stat pass="1" fail="0" skip="0">testeConteudo</stat>
<stat pass="1" fail="0" skip="0">testeEstruturaResposta</stat>
<stat pass="1" fail="0" skip="0">testeRequisicaoBasica</stat>
<stat pass="1" fail="0" skip="0">testeTiposDados</stat>
</tag>
<suite>
<stat pass="5" fail="0" skip="0" id="s1" name="Tests">Tests</stat>
<stat pass="5" fail="0" skip="0" id="s1-s1" name="Random-User-Test">Tests.Random-User-Test</stat>
</suite>
</statistics>
<errors>
</errors>
</robot>
