<?xml version="1.0" encoding="UTF-8"?>
<robot generator="Robot 7.0 (Python 3.12.2 on linux)" generated="2024-03-31T17:12:28.819088" rpa="false" schemaversion="5">
<suite id="s1" name="Tests" source="/home/runner/work/DesafioQAItauRogerioJordao/DesafioQAItauRogerioJordao/RamdonUser/tests">
<suite id="s1-s1" name="Random-User-Test" source="/home/runner/work/DesafioQAItauRogerioJordao/DesafioQAItauRogerioJordao/RamdonUser/tests/random-user-test.robot">
<test id="s1-s1-t1" name="Conectar" line="13">
<kw name="Conectar API" owner="random-user-service">
<kw name="Create Session" owner="RequestsLibrary">
<msg time="2024-03-31T17:12:29.219739" level="INFO">Creating Session using : alias=consultarAPI, url=https://randomuser.me/, headers={},                     cookies={}, auth=None, timeout=None, proxies=None, verify=False,                     debug=0 </msg>
<arg>consultarAPI</arg>
<arg>${URL}</arg>
<doc>Create Session: create a HTTP session to a server</doc>
<status status="PASS" start="2024-03-31T17:12:29.219516" elapsed="0.000422"/>
</kw>
<status status="PASS" start="2024-03-31T17:12:29.218359" elapsed="0.001959"/>
</kw>
<status status="PASS" start="2024-03-31T17:12:29.217584" elapsed="0.002943"/>
</test>
<test id="s1-s1-t2" name="Validar retorno 200 e JSON Válido" line="16">
<kw name="Teste de Requisicao Basica" owner="random-user-service">
<kw name="GET On Session" owner="RequestsLibrary">
<msg time="2024-03-31T17:12:29.292590" level="INFO">GET Request : url=https://randomuser.me/api 
 path_url=/api 
 headers={'User-Agent': 'python-requests/2.31.0', 'Accept-Encoding': 'gzip, deflate', 'Accept': '*/*', 'Connection': 'keep-alive'} 
 body=None 
 </msg>
<msg time="2024-03-31T17:12:29.292747" level="INFO">GET Response : url=https://randomuser.me/api 
 status=200, reason=OK 
 headers={'Date': 'Sun, 31 Mar 2024 17:12:29 GMT', 'Content-Type': 'application/json; charset=utf-8', 'Transfer-Encoding': 'chunked', 'Connection': 'keep-alive', 'X-Powered-By': 'Express', 'Access-Control-Allow-Origin': '*', 'Cache-Control': 'no-cache', 'ETag': 'W/"489-x+gM50SHeHeLBRah6RL+FbrZUac"', 'Vary': 'Accept-Encoding', 'Content-Encoding': 'gzip', 'CF-Cache-Status': 'DYNAMIC', 'Report-To': '{"endpoints":[{"url":"https:\\/\\/a.nel.cloudflare.com\\/report\\/v4?s=nlN9cGta%2FM01fcS4RaNNKlclO2kr8gFLNe9SAqTmsd6QRoup%2FOFTvmRYPUy4H9b8TaXTBQCHxattVCMasqbId9iHTTWqwBTJZxMsstLvj91QNv%2BYAXIWdjDYUusyBa4M"}],"group":"cf-nel","max_age":604800}', 'NEL': '{"success_fraction":0,"report_to":"cf-nel","max_age":604800}', 'Server': 'cloudflare', 'CF-RAY': '86d1f6eee82281cd-IAD', 'alt-svc': 'h3=":443"; ma=86400'} 
 body={"results":[{"gender":"male","name":{"title":"Mr","first":"Mathias","last":"Mortensen"},"location":{"street":{"number":7957,"name":"Gammel Landevej"},"city":"Hammel","state":"Midtjylland","country":"Denmark","postcode":74854,"coordinates":{"latitude":"-42.3500","longitude":"-50.3422"},"timezone":{"offset":"+2:00","description":"Kaliningrad, South Africa"}},"email":"mathias.mortensen@example.com","login":{"uuid":"988c346b-23c3-489f-94d7-85998a9b9f05","username":"ticklishladybug579","password":"cream","salt":"imUnHK0K","md5":"1f95a1fab13ba1bec75c0ae61538b454","sha1":"7bab04d4c098e65b989de2fdf2ea3b8c67708eec","sha256":"ee64cdc1e2005475ce5e08fc1b2a8f1121bd26084d83ffa43266a6f66be0275e"},"dob":{"date":"1965-11-29T21:28:48.509Z","age":58},"registered":{"date":"2014-10-08T01:10:15.405Z","age":9},"phone":"56676903","cell":"32115246","id":{"name":"CPR","value":"291165-0863"},"picture":{"large":"https://randomuser.me/api/portraits/men/57.jpg","medium":"https://randomuser.me/api/portraits/med/men/57.jpg","thumbnail":"https://randomuser.me/api/portraits/thumb/men/57.jpg"},"nat":"DK"}],"info":{"seed":"4d9687291e57b032","results":1,"page":1,"version":"1.4"}} 
 </msg>
<msg time="2024-03-31T17:12:29.292906" level="INFO">/opt/hostedtoolcache/Python/3.12.2/x64/lib/python3.12/site-packages/urllib3/connectionpool.py:1103: InsecureRequestWarning: Unverified HTTPS request is being made to host 'randomuser.me'. Adding certificate verification is strongly advised. See: https://urllib3.readthedocs.io/en/latest/advanced-usage.html#tls-warnings
  warnings.warn(</msg>
<msg time="2024-03-31T17:12:29.293099" level="INFO">${response} = &lt;Response [200]&gt;</msg>
<var>${response}</var>
<arg>consultarAPI</arg>
<arg>/api</arg>
<doc>Sends a GET request on a previously created HTTP Session.</doc>
<status status="PASS" start="2024-03-31T17:12:29.223276" elapsed="0.069866"/>
</kw>
<kw name="Should Be Equal As Numbers" owner="BuiltIn">
<msg time="2024-03-31T17:12:29.294264" level="INFO">Argument types are:
&lt;class 'int'&gt;
&lt;class 'str'&gt;</msg>
<arg>${response.status_code}</arg>
<arg>200</arg>
<doc>Fails if objects are unequal after converting them to real numbers.</doc>
<status status="PASS" start="2024-03-31T17:12:29.293740" elapsed="0.000603"/>
</kw>
<kw name="Log" owner="BuiltIn">
<msg time="2024-03-31T17:12:29.295107" level="INFO">200</msg>
<arg>${response.status_code}</arg>
<doc>Logs the given message with the given level.</doc>
<status status="PASS" start="2024-03-31T17:12:29.294722" elapsed="0.000430"/>
</kw>
<kw name="Set Variable" owner="BuiltIn">
<msg time="2024-03-31T17:12:29.295960" level="INFO">${json_data} = {'results': [{'gender': 'male', 'name': {'title': 'Mr', 'first': 'Mathias', 'last': 'Mortensen'}, 'location': {'street': {'number': 7957, 'name': 'Gammel Landevej'}, 'city': 'Hammel', 'state': 'Midtjy...</msg>
<var>${json_data}</var>
<arg>${response.json()}</arg>
<doc>Returns the given values which can then be assigned to a variables.</doc>
<status status="PASS" start="2024-03-31T17:12:29.295506" elapsed="0.000482"/>
</kw>
<kw name="Dictionary Should Contain Key" owner="Collections">
<msg time="2024-03-31T17:12:29.296473" level="INFO">False</msg>
<arg>${json_data}</arg>
<arg>results</arg>
<doc>Fails if ``key`` is not found from ``dictionary``.</doc>
<status status="PASS" start="2024-03-31T17:12:29.296299" elapsed="0.000216"/>
</kw>
<status status="PASS" start="2024-03-31T17:12:29.223001" elapsed="0.073783"/>
</kw>
<doc>Testa se a API responde corretamente e retorna um objeto JSON válido.</doc>
<tag>testeRequisicaoBasica</tag>
<status status="PASS" start="2024-03-31T17:12:29.222436" elapsed="0.074542"/>
</test>
<test id="s1-s1-t3" name="Validar estrutura de resposta" line="22">
<kw name="Teste de Estrutura de Resposta" owner="random-user-service">
<kw name="GET On Session" owner="RequestsLibrary">
<msg time="2024-03-31T17:12:29.395959" level="INFO">GET Request : url=https://randomuser.me/api 
 path_url=/api 
 headers={'User-Agent': 'python-requests/2.31.0', 'Accept-Encoding': 'gzip, deflate', 'Accept': '*/*', 'Connection': 'keep-alive'} 
 body=None 
 </msg>
<msg time="2024-03-31T17:12:29.396067" level="INFO">GET Response : url=https://randomuser.me/api 
 status=200, reason=OK 
 headers={'Date': 'Sun, 31 Mar 2024 17:12:29 GMT', 'Content-Type': 'application/json; charset=utf-8', 'Transfer-Encoding': 'chunked', 'Connection': 'keep-alive', 'X-Powered-By': 'Express', 'Access-Control-Allow-Origin': '*', 'Cache-Control': 'no-cache', 'ETag': 'W/"46f-nRY/sWatbyJhDjsQzl9SQz6M1kQ"', 'Vary': 'Accept-Encoding', 'Content-Encoding': 'gzip', 'CF-Cache-Status': 'DYNAMIC', 'Report-To': '{"endpoints":[{"url":"https:\\/\\/a.nel.cloudflare.com\\/report\\/v4?s=MqzbUJVMHsEDHOXBtt17UeIV%2BA5%2FVPwtUTub8W7kyfi%2FuqAlS74ELbPamEMmU90jGlC7I0u7urCyMoEBdmfbnqzPWNYlplG%2Fy57AxSt1jXq2VB%2Fbj6CVmDldwEbCMTDD"}],"group":"cf-nel","max_age":604800}', 'NEL': '{"success_fraction":0,"report_to":"cf-nel","max_age":604800}', 'Server': 'cloudflare', 'CF-RAY': '86d1f6ef287581cd-IAD', 'alt-svc': 'h3=":443"; ma=86400'} 
 body={"results":[{"gender":"male","name":{"title":"Mr","first":"Sigurd","last":"Mathiassen"},"location":{"street":{"number":2820,"name":"Karvesvingen"},"city":"Re","state":"Trøndelag","country":"Norway","postcode":"5653","coordinates":{"latitude":"47.1230","longitude":"-40.5875"},"timezone":{"offset":"+9:30","description":"Adelaide, Darwin"}},"email":"sigurd.mathiassen@example.com","login":{"uuid":"d8e469ed-04a2-430f-93b2-3b7e2a6643a6","username":"sadcat315","password":"butler","salt":"bqPjma9L","md5":"0be9bc3ca824fa76ce4ba8a7c551f435","sha1":"8f57008e3311bbcf35df77b65c636134aa1089c5","sha256":"739c0993bda4ee845b8f2a8b4c2a8edb6a9de0a27dc364dde1980123e8299ebc"},"dob":{"date":"1987-03-04T11:32:55.490Z","age":37},"registered":{"date":"2011-06-22T03:38:04.362Z","age":12},"phone":"36432164","cell":"41076603","id":{"name":"FN","value":"04038716307"},"picture":{"large":"https://randomuser.me/api/portraits/men/88.jpg","medium":"https://randomuser.me/api/portraits/med/men/88.jpg","thumbnail":"https://randomuser.me/api/portraits/thumb/men/88.jpg"},"nat":"NO"}],"info":{"seed":"5fabd4453e064d58","results":1,"page":1,"version":"1.4"}} 
 </msg>
<msg time="2024-03-31T17:12:29.396227" level="INFO">/opt/hostedtoolcache/Python/3.12.2/x64/lib/python3.12/site-packages/urllib3/connectionpool.py:1103: InsecureRequestWarning: Unverified HTTPS request is being made to host 'randomuser.me'. Adding certificate verification is strongly advised. See: https://urllib3.readthedocs.io/en/latest/advanced-usage.html#tls-warnings
  warnings.warn(</msg>
<msg time="2024-03-31T17:12:29.396373" level="INFO">${response} = &lt;Response [200]&gt;</msg>
<var>${response}</var>
<arg>consultarAPI</arg>
<arg>/api</arg>
<doc>Sends a GET request on a previously created HTTP Session.</doc>
<status status="PASS" start="2024-03-31T17:12:29.300101" elapsed="0.096316"/>
</kw>
<kw name="Set Variable" owner="BuiltIn">
<msg time="2024-03-31T17:12:29.397726" level="INFO">${json_data} = {'results': [{'gender': 'male', 'name': {'title': 'Mr', 'first': 'Sigurd', 'last': 'Mathiassen'}, 'location': {'street': {'number': 2820, 'name': 'Karvesvingen'}, 'city': 'Re', 'state': 'Trøndelag', '...</msg>
<var>${json_data}</var>
<arg>${response.json()}</arg>
<doc>Returns the given values which can then be assigned to a variables.</doc>
<status status="PASS" start="2024-03-31T17:12:29.397123" elapsed="0.000634"/>
</kw>
<kw name="Log" owner="BuiltIn">
<msg time="2024-03-31T17:12:29.398331" level="INFO">{'results': [{'gender': 'male', 'name': {'title': 'Mr', 'first': 'Sigurd', 'last': 'Mathiassen'}, 'location': {'street': {'number': 2820, 'name': 'Karvesvingen'}, 'city': 'Re', 'state': 'Trøndelag', 'country': 'Norway', 'postcode': '5653', 'coordinates': {'latitude': '47.1230', 'longitude': '-40.5875'}, 'timezone': {'offset': '+9:30', 'description': 'Adelaide, Darwin'}}, 'email': 'sigurd.mathiassen@example.com', 'login': {'uuid': 'd8e469ed-04a2-430f-93b2-3b7e2a6643a6', 'username': 'sadcat315', 'password': 'butler', 'salt': 'bqPjma9L', 'md5': '0be9bc3ca824fa76ce4ba8a7c551f435', 'sha1': '8f57008e3311bbcf35df77b65c636134aa1089c5', 'sha256': '739c0993bda4ee845b8f2a8b4c2a8edb6a9de0a27dc364dde1980123e8299ebc'}, 'dob': {'date': '1987-03-04T11:32:55.490Z', 'age': 37}, 'registered': {'date': '2011-06-22T03:38:04.362Z', 'age': 12}, 'phone': '36432164', 'cell': '41076603', 'id': {'name': 'FN', 'value': '04038716307'}, 'picture': {'large': 'https://randomuser.me/api/portraits/men/88.jpg', 'medium': 'https://randomuser.me/api/portraits/med/men/88.jpg', 'thumbnail': 'https://randomuser.me/api/portraits/thumb/men/88.jpg'}, 'nat': 'NO'}], 'info': {'seed': '5fabd4453e064d58', 'results': 1, 'page': 1, 'version': '1.4'}}</msg>
<arg>${json_data}</arg>
<doc>Logs the given message with the given level.</doc>
<status status="PASS" start="2024-03-31T17:12:29.398109" elapsed="0.000286"/>
</kw>
<kw name="Dictionary Should Contain Key" owner="Collections">
<msg time="2024-03-31T17:12:29.398886" level="INFO">False</msg>
<arg>${json_data}</arg>
<arg>results</arg>
<doc>Fails if ``key`` is not found from ``dictionary``.</doc>
<status status="PASS" start="2024-03-31T17:12:29.398717" elapsed="0.000208"/>
</kw>
<kw name="Should Not Be Empty" owner="BuiltIn">
<msg time="2024-03-31T17:12:29.399367" level="INFO">Length is 2.</msg>
<arg>${json_data}</arg>
<doc>Verifies that the given item is not empty.</doc>
<status status="PASS" start="2024-03-31T17:12:29.399230" elapsed="0.000176"/>
</kw>
<kw name="Create List" owner="BuiltIn">
<msg time="2024-03-31T17:12:29.399859" level="INFO">${expected_keys} = ['gender', 'name', 'location', 'email', 'login']</msg>
<var>${expected_keys}</var>
<arg>gender</arg>
<arg>name</arg>
<arg>location</arg>
<arg>email</arg>
<arg>login</arg>
<doc>Returns a list containing given items.</doc>
<status status="PASS" start="2024-03-31T17:12:29.399701" elapsed="0.000182"/>
</kw>
<for flavor="IN">
<iter>
<kw name="Dictionary Should Contain Key" owner="Collections">
<msg time="2024-03-31T17:12:29.400895" level="INFO">False</msg>
<arg>${json_data['results'][0]}</arg>
<arg>${key}</arg>
<doc>Fails if ``key`` is not found from ``dictionary``.</doc>
<status status="PASS" start="2024-03-31T17:12:29.400474" elapsed="0.000461"/>
</kw>
<kw name="Log" owner="BuiltIn">
<msg time="2024-03-31T17:12:29.401621" level="INFO">{'gender': 'male', 'name': {'title': 'Mr', 'first': 'Sigurd', 'last': 'Mathiassen'}, 'location': {'street': {'number': 2820, 'name': 'Karvesvingen'}, 'city': 'Re', 'state': 'Trøndelag', 'country': 'Norway', 'postcode': '5653', 'coordinates': {'latitude': '47.1230', 'longitude': '-40.5875'}, 'timezone': {'offset': '+9:30', 'description': 'Adelaide, Darwin'}}, 'email': 'sigurd.mathiassen@example.com', 'login': {'uuid': 'd8e469ed-04a2-430f-93b2-3b7e2a6643a6', 'username': 'sadcat315', 'password': 'butler', 'salt': 'bqPjma9L', 'md5': '0be9bc3ca824fa76ce4ba8a7c551f435', 'sha1': '8f57008e3311bbcf35df77b65c636134aa1089c5', 'sha256': '739c0993bda4ee845b8f2a8b4c2a8edb6a9de0a27dc364dde1980123e8299ebc'}, 'dob': {'date': '1987-03-04T11:32:55.490Z', 'age': 37}, 'registered': {'date': '2011-06-22T03:38:04.362Z', 'age': 12}, 'phone': '36432164', 'cell': '41076603', 'id': {'name': 'FN', 'value': '04038716307'}, 'picture': {'large': 'https://randomuser.me/api/portraits/men/88.jpg', 'medium': 'https://randomuser.me/api/portraits/med/men/88.jpg', 'thumbnail': 'https://randomuser.me/api/portraits/thumb/men/88.jpg'}, 'nat': 'NO'}</msg>
<arg>${json_data['results'][0]}</arg>
<doc>Logs the given message with the given level.</doc>
<status status="PASS" start="2024-03-31T17:12:29.401245" elapsed="0.000432"/>
</kw>
<kw name="Log" owner="BuiltIn">
<msg time="2024-03-31T17:12:29.402117" level="INFO">gender</msg>
<arg>${key}</arg>
<doc>Logs the given message with the given level.</doc>
<status status="PASS" start="2024-03-31T17:12:29.401984" elapsed="0.000172"/>
</kw>
<var name="${key}">gender</var>
<status status="PASS" start="2024-03-31T17:12:29.400345" elapsed="0.002073"/>
</iter>
<iter>
<kw name="Dictionary Should Contain Key" owner="Collections">
<msg time="2024-03-31T17:12:29.403121" level="INFO">False</msg>
<arg>${json_data['results'][0]}</arg>
<arg>${key}</arg>
<doc>Fails if ``key`` is not found from ``dictionary``.</doc>
<status status="PASS" start="2024-03-31T17:12:29.402731" elapsed="0.000429"/>
</kw>
<kw name="Log" owner="BuiltIn">
<msg time="2024-03-31T17:12:29.403862" level="INFO">{'gender': 'male', 'name': {'title': 'Mr', 'first': 'Sigurd', 'last': 'Mathiassen'}, 'location': {'street': {'number': 2820, 'name': 'Karvesvingen'}, 'city': 'Re', 'state': 'Trøndelag', 'country': 'Norway', 'postcode': '5653', 'coordinates': {'latitude': '47.1230', 'longitude': '-40.5875'}, 'timezone': {'offset': '+9:30', 'description': 'Adelaide, Darwin'}}, 'email': 'sigurd.mathiassen@example.com', 'login': {'uuid': 'd8e469ed-04a2-430f-93b2-3b7e2a6643a6', 'username': 'sadcat315', 'password': 'butler', 'salt': 'bqPjma9L', 'md5': '0be9bc3ca824fa76ce4ba8a7c551f435', 'sha1': '8f57008e3311bbcf35df77b65c636134aa1089c5', 'sha256': '739c0993bda4ee845b8f2a8b4c2a8edb6a9de0a27dc364dde1980123e8299ebc'}, 'dob': {'date': '1987-03-04T11:32:55.490Z', 'age': 37}, 'registered': {'date': '2011-06-22T03:38:04.362Z', 'age': 12}, 'phone': '36432164', 'cell': '41076603', 'id': {'name': 'FN', 'value': '04038716307'}, 'picture': {'large': 'https://randomuser.me/api/portraits/men/88.jpg', 'medium': 'https://randomuser.me/api/portraits/med/men/88.jpg', 'thumbnail': 'https://randomuser.me/api/portraits/thumb/men/88.jpg'}, 'nat': 'NO'}</msg>
<arg>${json_data['results'][0]}</arg>
<doc>Logs the given message with the given level.</doc>
<status status="PASS" start="2024-03-31T17:12:29.403494" elapsed="0.000419"/>
</kw>
<kw name="Log" owner="BuiltIn">
<msg time="2024-03-31T17:12:29.404344" level="INFO">name</msg>
<arg>${key}</arg>
<doc>Logs the given message with the given level.</doc>
<status status="PASS" start="2024-03-31T17:12:29.404216" elapsed="0.000166"/>
</kw>
<var name="${key}">name</var>
<status status="PASS" start="2024-03-31T17:12:29.402613" elapsed="0.001985"/>
</iter>
<iter>
<kw name="Dictionary Should Contain Key" owner="Collections">
<msg time="2024-03-31T17:12:29.405271" level="INFO">False</msg>
<arg>${json_data['results'][0]}</arg>
<arg>${key}</arg>
<doc>Fails if ``key`` is not found from ``dictionary``.</doc>
<status status="PASS" start="2024-03-31T17:12:29.404893" elapsed="0.000415"/>
</kw>
<kw name="Log" owner="BuiltIn">
<msg time="2024-03-31T17:12:29.405981" level="INFO">{'gender': 'male', 'name': {'title': 'Mr', 'first': 'Sigurd', 'last': 'Mathiassen'}, 'location': {'street': {'number': 2820, 'name': 'Karvesvingen'}, 'city': 'Re', 'state': 'Trøndelag', 'country': 'Norway', 'postcode': '5653', 'coordinates': {'latitude': '47.1230', 'longitude': '-40.5875'}, 'timezone': {'offset': '+9:30', 'description': 'Adelaide, Darwin'}}, 'email': 'sigurd.mathiassen@example.com', 'login': {'uuid': 'd8e469ed-04a2-430f-93b2-3b7e2a6643a6', 'username': 'sadcat315', 'password': 'butler', 'salt': 'bqPjma9L', 'md5': '0be9bc3ca824fa76ce4ba8a7c551f435', 'sha1': '8f57008e3311bbcf35df77b65c636134aa1089c5', 'sha256': '739c0993bda4ee845b8f2a8b4c2a8edb6a9de0a27dc364dde1980123e8299ebc'}, 'dob': {'date': '1987-03-04T11:32:55.490Z', 'age': 37}, 'registered': {'date': '2011-06-22T03:38:04.362Z', 'age': 12}, 'phone': '36432164', 'cell': '41076603', 'id': {'name': 'FN', 'value': '04038716307'}, 'picture': {'large': 'https://randomuser.me/api/portraits/men/88.jpg', 'medium': 'https://randomuser.me/api/portraits/med/men/88.jpg', 'thumbnail': 'https://randomuser.me/api/portraits/thumb/men/88.jpg'}, 'nat': 'NO'}</msg>
<arg>${json_data['results'][0]}</arg>
<doc>Logs the given message with the given level.</doc>
<status status="PASS" start="2024-03-31T17:12:29.405611" elapsed="0.000424"/>
</kw>
<kw name="Log" owner="BuiltIn">
<msg time="2024-03-31T17:12:29.406493" level="INFO">location</msg>
<arg>${key}</arg>
<doc>Logs the given message with the given level.</doc>
<status status="PASS" start="2024-03-31T17:12:29.406363" elapsed="0.000168"/>
</kw>
<var name="${key}">location</var>
<status status="PASS" start="2024-03-31T17:12:29.404780" elapsed="0.001969"/>
</iter>
<iter>
<kw name="Dictionary Should Contain Key" owner="Collections">
<msg time="2024-03-31T17:12:29.407420" level="INFO">False</msg>
<arg>${json_data['results'][0]}</arg>
<arg>${key}</arg>
<doc>Fails if ``key`` is not found from ``dictionary``.</doc>
<status status="PASS" start="2024-03-31T17:12:29.407033" elapsed="0.000425"/>
</kw>
<kw name="Log" owner="BuiltIn">
<msg time="2024-03-31T17:12:29.408123" level="INFO">{'gender': 'male', 'name': {'title': 'Mr', 'first': 'Sigurd', 'last': 'Mathiassen'}, 'location': {'street': {'number': 2820, 'name': 'Karvesvingen'}, 'city': 'Re', 'state': 'Trøndelag', 'country': 'Norway', 'postcode': '5653', 'coordinates': {'latitude': '47.1230', 'longitude': '-40.5875'}, 'timezone': {'offset': '+9:30', 'description': 'Adelaide, Darwin'}}, 'email': 'sigurd.mathiassen@example.com', 'login': {'uuid': 'd8e469ed-04a2-430f-93b2-3b7e2a6643a6', 'username': 'sadcat315', 'password': 'butler', 'salt': 'bqPjma9L', 'md5': '0be9bc3ca824fa76ce4ba8a7c551f435', 'sha1': '8f57008e3311bbcf35df77b65c636134aa1089c5', 'sha256': '739c0993bda4ee845b8f2a8b4c2a8edb6a9de0a27dc364dde1980123e8299ebc'}, 'dob': {'date': '1987-03-04T11:32:55.490Z', 'age': 37}, 'registered': {'date': '2011-06-22T03:38:04.362Z', 'age': 12}, 'phone': '36432164', 'cell': '41076603', 'id': {'name': 'FN', 'value': '04038716307'}, 'picture': {'large': 'https://randomuser.me/api/portraits/men/88.jpg', 'medium': 'https://randomuser.me/api/portraits/med/men/88.jpg', 'thumbnail': 'https://randomuser.me/api/portraits/thumb/men/88.jpg'}, 'nat': 'NO'}</msg>
<arg>${json_data['results'][0]}</arg>
<doc>Logs the given message with the given level.</doc>
<status status="PASS" start="2024-03-31T17:12:29.407760" elapsed="0.000417"/>
</kw>
<kw name="Log" owner="BuiltIn">
<msg time="2024-03-31T17:12:29.408614" level="INFO">email</msg>
<arg>${key}</arg>
<doc>Logs the given message with the given level.</doc>
<status status="PASS" start="2024-03-31T17:12:29.408486" elapsed="0.000167"/>
</kw>
<var name="${key}">email</var>
<status status="PASS" start="2024-03-31T17:12:29.406922" elapsed="0.001948"/>
</iter>
<iter>
<kw name="Dictionary Should Contain Key" owner="Collections">
<msg time="2024-03-31T17:12:29.409553" level="INFO">False</msg>
<arg>${json_data['results'][0]}</arg>
<arg>${key}</arg>
<doc>Fails if ``key`` is not found from ``dictionary``.</doc>
<status status="PASS" start="2024-03-31T17:12:29.409166" elapsed="0.000424"/>
</kw>
<kw name="Log" owner="BuiltIn">
<msg time="2024-03-31T17:12:29.410298" level="INFO">{'gender': 'male', 'name': {'title': 'Mr', 'first': 'Sigurd', 'last': 'Mathiassen'}, 'location': {'street': {'number': 2820, 'name': 'Karvesvingen'}, 'city': 'Re', 'state': 'Trøndelag', 'country': 'Norway', 'postcode': '5653', 'coordinates': {'latitude': '47.1230', 'longitude': '-40.5875'}, 'timezone': {'offset': '+9:30', 'description': 'Adelaide, Darwin'}}, 'email': 'sigurd.mathiassen@example.com', 'login': {'uuid': 'd8e469ed-04a2-430f-93b2-3b7e2a6643a6', 'username': 'sadcat315', 'password': 'butler', 'salt': 'bqPjma9L', 'md5': '0be9bc3ca824fa76ce4ba8a7c551f435', 'sha1': '8f57008e3311bbcf35df77b65c636134aa1089c5', 'sha256': '739c0993bda4ee845b8f2a8b4c2a8edb6a9de0a27dc364dde1980123e8299ebc'}, 'dob': {'date': '1987-03-04T11:32:55.490Z', 'age': 37}, 'registered': {'date': '2011-06-22T03:38:04.362Z', 'age': 12}, 'phone': '36432164', 'cell': '41076603', 'id': {'name': 'FN', 'value': '04038716307'}, 'picture': {'large': 'https://randomuser.me/api/portraits/men/88.jpg', 'medium': 'https://randomuser.me/api/portraits/med/men/88.jpg', 'thumbnail': 'https://randomuser.me/api/portraits/thumb/men/88.jpg'}, 'nat': 'NO'}</msg>
<arg>${json_data['results'][0]}</arg>
<doc>Logs the given message with the given level.</doc>
<status status="PASS" start="2024-03-31T17:12:29.409907" elapsed="0.000442"/>
</kw>
<kw name="Log" owner="BuiltIn">
<msg time="2024-03-31T17:12:29.410775" level="INFO">login</msg>
<arg>${key}</arg>
<doc>Logs the given message with the given level.</doc>
<status status="PASS" start="2024-03-31T17:12:29.410649" elapsed="0.000271"/>
</kw>
<var name="${key}">login</var>
<status status="PASS" start="2024-03-31T17:12:29.409043" elapsed="0.002103"/>
</iter>
<var>${key}</var>
<value>@{expected_keys}</value>
<status status="PASS" start="2024-03-31T17:12:29.400147" elapsed="0.011123"/>
</for>
<kw name="Create List" owner="BuiltIn">
<msg time="2024-03-31T17:12:29.411651" level="INFO">${expected_keysTwo} = ['username', 'password']</msg>
<var>${expected_keysTwo}</var>
<arg>username</arg>
<arg>password</arg>
<doc>Returns a list containing given items.</doc>
<status status="PASS" start="2024-03-31T17:12:29.411501" elapsed="0.000174"/>
</kw>
<for flavor="IN">
<iter>
<kw name="Dictionary Should Contain Key" owner="Collections">
<msg time="2024-03-31T17:12:29.412576" level="INFO">False</msg>
<arg>${json_data['results'][0]['login']}</arg>
<arg>${keyTwo}</arg>
<doc>Fails if ``key`` is not found from ``dictionary``.</doc>
<status status="PASS" start="2024-03-31T17:12:29.412184" elapsed="0.000429"/>
</kw>
<kw name="Dictionary Should Contain Key" owner="Collections">
<msg time="2024-03-31T17:12:29.413295" level="INFO">False</msg>
<arg>${json_data['results'][0]['login']}</arg>
<arg>${keyTwo}</arg>
<doc>Fails if ``key`` is not found from ``dictionary``.</doc>
<status status="PASS" start="2024-03-31T17:12:29.412914" elapsed="0.000417"/>
</kw>
<kw name="Log" owner="BuiltIn">
<msg time="2024-03-31T17:12:29.413746" level="INFO">username</msg>
<arg>${keyTwo}</arg>
<doc>Logs the given message with the given level.</doc>
<status status="PASS" start="2024-03-31T17:12:29.413619" elapsed="0.000164"/>
</kw>
<var name="${keyTwo}">username</var>
<status status="PASS" start="2024-03-31T17:12:29.412072" elapsed="0.001925"/>
</iter>
<iter>
<kw name="Dictionary Should Contain Key" owner="Collections">
<msg time="2024-03-31T17:12:29.414699" level="INFO">False</msg>
<arg>${json_data['results'][0]['login']}</arg>
<arg>${keyTwo}</arg>
<doc>Fails if ``key`` is not found from ``dictionary``.</doc>
<status status="PASS" start="2024-03-31T17:12:29.414315" elapsed="0.000434"/>
</kw>
<kw name="Dictionary Should Contain Key" owner="Collections">
<msg time="2024-03-31T17:12:29.415423" level="INFO">False</msg>
<arg>${json_data['results'][0]['login']}</arg>
<arg>${keyTwo}</arg>
<doc>Fails if ``key`` is not found from ``dictionary``.</doc>
<status status="PASS" start="2024-03-31T17:12:29.415045" elapsed="0.000416"/>
</kw>
<kw name="Log" owner="BuiltIn">
<msg time="2024-03-31T17:12:29.415896" level="INFO">password</msg>
<arg>${keyTwo}</arg>
<doc>Logs the given message with the given level.</doc>
<status status="PASS" start="2024-03-31T17:12:29.415761" elapsed="0.000173"/>
</kw>
<var name="${keyTwo}">password</var>
<status status="PASS" start="2024-03-31T17:12:29.414176" elapsed="0.001977"/>
</iter>
<var>${keyTwo}</var>
<value>@{expected_keysTwo}</value>
<status status="PASS" start="2024-03-31T17:12:29.411916" elapsed="0.004360"/>
</for>
<status status="PASS" start="2024-03-31T17:12:29.299845" elapsed="0.116580"/>
</kw>
<doc>Testa a estrutura da resposta da API.</doc>
<tag>testeEstruturaResposta</tag>
<status status="PASS" start="2024-03-31T17:12:29.298958" elapsed="0.117640"/>
</test>
<test id="s1-s1-t4" name="Validar tipos de dados" line="28">
<kw name="Teste de Tipos de Dados" owner="random-user-service">
<kw name="GET On Session" owner="RequestsLibrary">
<msg time="2024-03-31T17:12:29.504345" level="INFO">GET Request : url=https://randomuser.me/api 
 path_url=/api 
 headers={'User-Agent': 'python-requests/2.31.0', 'Accept-Encoding': 'gzip, deflate', 'Accept': '*/*', 'Connection': 'keep-alive'} 
 body=None 
 </msg>
<msg time="2024-03-31T17:12:29.504455" level="INFO">GET Response : url=https://randomuser.me/api 
 status=200, reason=OK 
 headers={'Date': 'Sun, 31 Mar 2024 17:12:29 GMT', 'Content-Type': 'application/json; charset=utf-8', 'Transfer-Encoding': 'chunked', 'Connection': 'keep-alive', 'X-Powered-By': 'Express', 'Access-Control-Allow-Origin': '*', 'Cache-Control': 'no-cache', 'ETag': 'W/"48f-FOEOSWTNTAFONGv5zh9jmlTk7Mc"', 'Vary': 'Accept-Encoding', 'Content-Encoding': 'gzip', 'CF-Cache-Status': 'DYNAMIC', 'Report-To': '{"endpoints":[{"url":"https:\\/\\/a.nel.cloudflare.com\\/report\\/v4?s=WtRA2ox1pguRx3bH32mvx0jvtzlqWoDSc3Hi534%2Fius%2F0TEfr71ru%2BgwQRY9p1vv682elFaQUanUx1%2BzMxbGDpv8UD0nJBMW40yzz3%2FxwWZoaRoAviwY8c7vj96RGAAa"}],"group":"cf-nel","max_age":604800}', 'NEL': '{"success_fraction":0,"report_to":"cf-nel","max_age":604800}', 'Server': 'cloudflare', 'CF-RAY': '86d1f6efe95f81cd-IAD', 'alt-svc': 'h3=":443"; ma=86400'} 
 body={"results":[{"gender":"female","name":{"title":"Miss","first":"Sita","last":"Gupta"},"location":{"street":{"number":3026,"name":"Linking Rd"},"city":"Danapur","state":"Jharkhand","country":"India","postcode":59615,"coordinates":{"latitude":"5.7447","longitude":"146.9872"},"timezone":{"offset":"+11:00","description":"Magadan, Solomon Islands, New Caledonia"}},"email":"sita.gupta@example.com","login":{"uuid":"d52f4737-86f9-476d-a53a-ccd7675fb496","username":"redrabbit780","password":"carnival","salt":"z8KDx2yu","md5":"ddd3363031478affa35494f21a1bb6b6","sha1":"799e306947a1081e7da5961ae7aa1bb4571deada","sha256":"ed637c017e512510cacf4af0c027373f45b137a57fbf2500297ddb341b6428e0"},"dob":{"date":"1992-09-11T08:53:22.161Z","age":31},"registered":{"date":"2011-12-06T17:11:07.144Z","age":12},"phone":"8397263221","cell":"9392205783","id":{"name":"UIDAI","value":"130820714720"},"picture":{"large":"https://randomuser.me/api/portraits/women/38.jpg","medium":"https://randomuser.me/api/portraits/med/women/38.jpg","thumbnail":"https://randomuser.me/api/portraits/thumb/women/38.jpg"},"nat":"IN"}],"info":{"seed":"761d691e78a443cf","results":1,"page":1,"version":"1.4"}} 
 </msg>
<msg time="2024-03-31T17:12:29.504525" level="INFO">/opt/hostedtoolcache/Python/3.12.2/x64/lib/python3.12/site-packages/urllib3/connectionpool.py:1103: InsecureRequestWarning: Unverified HTTPS request is being made to host 'randomuser.me'. Adding certificate verification is strongly advised. See: https://urllib3.readthedocs.io/en/latest/advanced-usage.html#tls-warnings
  warnings.warn(</msg>
<msg time="2024-03-31T17:12:29.504655" level="INFO">${response} = &lt;Response [200]&gt;</msg>
<var>${response}</var>
<arg>consultarAPI</arg>
<arg>/api</arg>
<doc>Sends a GET request on a previously created HTTP Session.</doc>
<status status="PASS" start="2024-03-31T17:12:29.419149" elapsed="0.085547"/>
</kw>
<kw name="Set Variable" owner="BuiltIn">
<msg time="2024-03-31T17:12:29.505983" level="INFO">${json_data} = {'results': [{'gender': 'female', 'name': {'title': 'Miss', 'first': 'Sita', 'last': 'Gupta'}, 'location': {'street': {'number': 3026, 'name': 'Linking Rd'}, 'city': 'Danapur', 'state': 'Jharkhand', '...</msg>
<var>${json_data}</var>
<arg>${response.json()}</arg>
<doc>Returns the given values which can then be assigned to a variables.</doc>
<status status="PASS" start="2024-03-31T17:12:29.505393" elapsed="0.000620"/>
</kw>
<kw name="Log" owner="BuiltIn">
<msg time="2024-03-31T17:12:29.506624" level="INFO">{'results': [{'gender': 'female', 'name': {'title': 'Miss', 'first': 'Sita', 'last': 'Gupta'}, 'location': {'street': {'number': 3026, 'name': 'Linking Rd'}, 'city': 'Danapur', 'state': 'Jharkhand', 'country': 'India', 'postcode': 59615, 'coordinates': {'latitude': '5.7447', 'longitude': '146.9872'}, 'timezone': {'offset': '+11:00', 'description': 'Magadan, Solomon Islands, New Caledonia'}}, 'email': 'sita.gupta@example.com', 'login': {'uuid': 'd52f4737-86f9-476d-a53a-ccd7675fb496', 'username': 'redrabbit780', 'password': 'carnival', 'salt': 'z8KDx2yu', 'md5': 'ddd3363031478affa35494f21a1bb6b6', 'sha1': '799e306947a1081e7da5961ae7aa1bb4571deada', 'sha256': 'ed637c017e512510cacf4af0c027373f45b137a57fbf2500297ddb341b6428e0'}, 'dob': {'date': '1992-09-11T08:53:22.161Z', 'age': 31}, 'registered': {'date': '2011-12-06T17:11:07.144Z', 'age': 12}, 'phone': '8397263221', 'cell': '9392205783', 'id': {'name': 'UIDAI', 'value': '130820714720'}, 'picture': {'large': 'https://randomuser.me/api/portraits/women/38.jpg', 'medium': 'https://randomuser.me/api/portraits/med/women/38.jpg', 'thumbnail': 'https://randomuser.me/api/portraits/thumb/women/38.jpg'}, 'nat': 'IN'}], 'info': {'seed': '761d691e78a443cf', 'results': 1, 'page': 1, 'version': '1.4'}}</msg>
<arg>${json_data}</arg>
<doc>Logs the given message with the given level.</doc>
<status status="PASS" start="2024-03-31T17:12:29.506440" elapsed="0.000235"/>
</kw>
<kw name="Should Be String" owner="String">
<arg>${json_data['results'][0]['gender']}</arg>
<doc>Fails if the given ``item`` is not a string.</doc>
<status status="PASS" start="2024-03-31T17:12:29.507040" elapsed="0.000397"/>
</kw>
<kw name="Should Match Regexp" owner="BuiltIn">
<arg>${json_data['results'][0]['email']}</arg>
<arg>^[a-zA-Z0-9._%+-]+@[a-zA-Z0-9.-]+\.[a-zA-Z]{2,}$</arg>
<doc>Fails if ``string`` does not match ``pattern`` as a regular expression.</doc>
<status status="PASS" start="2024-03-31T17:12:29.507648" elapsed="0.000550"/>
</kw>
<kw name="Should Match Regexp" owner="BuiltIn">
<arg>${json_data['results'][0]['dob']['date']}</arg>
<arg>\\d{4}-\\d{2}-\\d{2}T\\d{2}:\\d{2}:\\d{2}\\.\\d{3}Z</arg>
<doc>Fails if ``string`` does not match ``pattern`` as a regular expression.</doc>
<status status="PASS" start="2024-03-31T17:12:29.508403" elapsed="0.000503"/>
</kw>
<kw name="Should Match Regexp" owner="BuiltIn">
<arg>${json_data['results'][0]['registered']['date']}</arg>
<arg>\\d{4}-\\d{2}-\\d{2}T\\d{2}:\\d{2}:\\d{2}\\.\\d{3}Z</arg>
<doc>Fails if ``string`` does not match ``pattern`` as a regular expression.</doc>
<status status="PASS" start="2024-03-31T17:12:29.509152" elapsed="0.000570"/>
</kw>
<kw name="Should Match Regexp" owner="BuiltIn">
<arg>${json_data['results'][0]['picture']['large']}</arg>
<arg>^https?://.*\.(?:png|jpe?g|gif|bmp)$</arg>
<doc>Fails if ``string`` does not match ``pattern`` as a regular expression.</doc>
<status status="PASS" start="2024-03-31T17:12:29.509923" elapsed="0.000509"/>
</kw>
<kw name="Should Match Regexp" owner="BuiltIn">
<arg>${json_data['results'][0]['picture']['medium']}</arg>
<arg>^https?://.*\.(?:png|jpe?g|gif|bmp)$</arg>
<doc>Fails if ``string`` does not match ``pattern`` as a regular expression.</doc>
<status status="PASS" start="2024-03-31T17:12:29.510641" elapsed="0.000373"/>
</kw>
<kw name="Should Match Regexp" owner="BuiltIn">
<arg>${json_data['results'][0]['picture']['thumbnail']}</arg>
<arg>^https?://.*\.(?:png|jpe?g|gif|bmp)$</arg>
<doc>Fails if ``string`` does not match ``pattern`` as a regular expression.</doc>
<status status="PASS" start="2024-03-31T17:12:29.511204" elapsed="0.000370"/>
</kw>
<kw name="Log" owner="BuiltIn">
<msg time="2024-03-31T17:12:29.512086" level="INFO">{'large': 'https://randomuser.me/api/portraits/women/38.jpg', 'medium': 'https://randomuser.me/api/portraits/med/women/38.jpg', 'thumbnail': 'https://randomuser.me/api/portraits/thumb/women/38.jpg'}</msg>
<arg>${json_data['results'][0]['picture']}</arg>
<doc>Logs the given message with the given level.</doc>
<status status="PASS" start="2024-03-31T17:12:29.511757" elapsed="0.000376"/>
</kw>
<status status="PASS" start="2024-03-31T17:12:29.418913" elapsed="0.093492"/>
</kw>
<kw name="Teste de Tipos de Dados - Postcode" owner="random-user-service">
<kw name="GET On Session" owner="RequestsLibrary">
<msg time="2024-03-31T17:12:29.598935" level="INFO">GET Request : url=https://randomuser.me/api 
 path_url=/api 
 headers={'User-Agent': 'python-requests/2.31.0', 'Accept-Encoding': 'gzip, deflate', 'Accept': '*/*', 'Connection': 'keep-alive'} 
 body=None 
 </msg>
<msg time="2024-03-31T17:12:29.599038" level="INFO">GET Response : url=https://randomuser.me/api 
 status=200, reason=OK 
 headers={'Date': 'Sun, 31 Mar 2024 17:12:29 GMT', 'Content-Type': 'application/json; charset=utf-8', 'Transfer-Encoding': 'chunked', 'Connection': 'keep-alive', 'X-Powered-By': 'Express', 'Access-Control-Allow-Origin': '*', 'Cache-Control': 'no-cache', 'ETag': 'W/"486-7pq+2C0se+6++q6nsWy6pzeepG8"', 'Vary': 'Accept-Encoding', 'Content-Encoding': 'gzip', 'CF-Cache-Status': 'DYNAMIC', 'Report-To': '{"endpoints":[{"url":"https:\\/\\/a.nel.cloudflare.com\\/report\\/v4?s=w4wTMqp2rN5qMnYknTQVckY1jI3TjWDG7oLO%2FvkK78DIs1lWCODC5LlV%2BSqcFNRGDwakbiOTl3GRW1WufKvGHPaq0yNQ2YAipWOxpZAiKUv9WKryxiFaYqcIMrNiHnvX"}],"group":"cf-nel","max_age":604800}', 'NEL': '{"success_fraction":0,"report_to":"cf-nel","max_age":604800}', 'Server': 'cloudflare', 'CF-RAY': '86d1f6f07a0481cd-IAD', 'alt-svc': 'h3=":443"; ma=86400'} 
 body={"results":[{"gender":"male","name":{"title":"Mr","first":"Aiden","last":"Green"},"location":{"street":{"number":187,"name":"Trafalgar Street"},"city":"Hastings","state":"Tasman","country":"New Zealand","postcode":82940,"coordinates":{"latitude":"49.5059","longitude":"-130.9776"},"timezone":{"offset":"+9:00","description":"Tokyo, Seoul, Osaka, Sapporo, Yakutsk"}},"email":"aiden.green@example.com","login":{"uuid":"03e0e4cc-f73e-48e1-bd11-8a8030f560e1","username":"beautifulbird589","password":"spoon","salt":"9Cn3F6hQ","md5":"876b263b68d0358686f70ea6cf4f8eb4","sha1":"52ff129613eaf7b49de5466432818486b87301ec","sha256":"d152a9ff9dbccbf97be823dc91a779bd8f1bf81f7dbd2db762efd11b0d717038"},"dob":{"date":"1982-07-11T19:08:29.565Z","age":41},"registered":{"date":"2012-12-31T20:46:31.892Z","age":11},"phone":"(209)-340-9092","cell":"(547)-281-8516","id":{"name":"","value":null},"picture":{"large":"https://randomuser.me/api/portraits/men/2.jpg","medium":"https://randomuser.me/api/portraits/med/men/2.jpg","thumbnail":"https://randomuser.me/api/portraits/thumb/men/2.jpg"},"nat":"NZ"}],"info":{"seed":"d08e157f180135e1","results":1,"page":1,"version":"1.4"}} 
 </msg>
<msg time="2024-03-31T17:12:29.599129" level="INFO">/opt/hostedtoolcache/Python/3.12.2/x64/lib/python3.12/site-packages/urllib3/connectionpool.py:1103: InsecureRequestWarning: Unverified HTTPS request is being made to host 'randomuser.me'. Adding certificate verification is strongly advised. See: https://urllib3.readthedocs.io/en/latest/advanced-usage.html#tls-warnings
  warnings.warn(</msg>
<msg time="2024-03-31T17:12:29.599257" level="INFO">${response} = &lt;Response [200]&gt;</msg>
<var>${response}</var>
<arg>consultarAPI</arg>
<arg>/api</arg>
<doc>Sends a GET request on a previously created HTTP Session.</doc>
<status status="PASS" start="2024-03-31T17:12:29.513042" elapsed="0.086255"/>
</kw>
<kw name="Set Variable" owner="BuiltIn">
<msg time="2024-03-31T17:12:29.600597" level="INFO">${json_data} = {'results': [{'gender': 'male', 'name': {'title': 'Mr', 'first': 'Aiden', 'last': 'Green'}, 'location': {'street': {'number': 187, 'name': 'Trafalgar Street'}, 'city': 'Hastings', 'state': 'Tasman', '...</msg>
<var>${json_data}</var>
<arg>${response.json()}</arg>
<doc>Returns the given values which can then be assigned to a variables.</doc>
<status status="PASS" start="2024-03-31T17:12:29.599977" elapsed="0.000649"/>
</kw>
<kw name="Log" owner="BuiltIn">
<msg time="2024-03-31T17:12:29.601155" level="INFO">{'results': [{'gender': 'male', 'name': {'title': 'Mr', 'first': 'Aiden', 'last': 'Green'}, 'location': {'street': {'number': 187, 'name': 'Trafalgar Street'}, 'city': 'Hastings', 'state': 'Tasman', 'country': 'New Zealand', 'postcode': 82940, 'coordinates': {'latitude': '49.5059', 'longitude': '-130.9776'}, 'timezone': {'offset': '+9:00', 'description': 'Tokyo, Seoul, Osaka, Sapporo, Yakutsk'}}, 'email': 'aiden.green@example.com', 'login': {'uuid': '03e0e4cc-f73e-48e1-bd11-8a8030f560e1', 'username': 'beautifulbird589', 'password': 'spoon', 'salt': '9Cn3F6hQ', 'md5': '876b263b68d0358686f70ea6cf4f8eb4', 'sha1': '52ff129613eaf7b49de5466432818486b87301ec', 'sha256': 'd152a9ff9dbccbf97be823dc91a779bd8f1bf81f7dbd2db762efd11b0d717038'}, 'dob': {'date': '1982-07-11T19:08:29.565Z', 'age': 41}, 'registered': {'date': '2012-12-31T20:46:31.892Z', 'age': 11}, 'phone': '(209)-340-9092', 'cell': '(547)-281-8516', 'id': {'name': '', 'value': None}, 'picture': {'large': 'https://randomuser.me/api/portraits/men/2.jpg', 'medium': 'https://randomuser.me/api/portraits/med/men/2.jpg', 'thumbnail': 'https://randomuser.me/api/portraits/thumb/men/2.jpg'}, 'nat': 'NZ'}], 'info': {'seed': 'd08e157f180135e1', 'results': 1, 'page': 1, 'version': '1.4'}}</msg>
<arg>${json_data}</arg>
<doc>Logs the given message with the given level.</doc>
<status status="PASS" start="2024-03-31T17:12:29.600983" elapsed="0.000220"/>
</kw>
<kw name="Should Be Equal As Numbers" owner="BuiltIn">
<arg>${json_data['results'][0]['location']['postcode']}</arg>
<arg>${json_data['results'][0]['location']['postcode']}</arg>
<doc>Fails if objects are unequal after converting them to real numbers.</doc>
<status status="PASS" start="2024-03-31T17:12:29.601520" elapsed="0.000655"/>
</kw>
<kw name="Log" owner="BuiltIn">
<msg time="2024-03-31T17:12:29.602812" level="INFO">82940</msg>
<arg>${json_data['results'][0]['location']['postcode']}</arg>
<doc>Logs the given message with the given level.</doc>
<status status="PASS" start="2024-03-31T17:12:29.602464" elapsed="0.000390"/>
</kw>
<status status="PASS" start="2024-03-31T17:12:29.512643" elapsed="0.090475"/>
</kw>
<doc>Testa se os tipos de dados na resposta da API estão corretos.</doc>
<tag>testeTiposDados</tag>
<status status="PASS" start="2024-03-31T17:12:29.418429" elapsed="0.184864"/>
</test>
<test id="s1-s1-t5" name="Validar conteudo" line="35">
<kw name="Teste de Tipos de Conteudo" owner="random-user-service">
<kw name="GET On Session" owner="RequestsLibrary">
<msg time="2024-03-31T17:12:29.692915" level="INFO">GET Request : url=https://randomuser.me/api 
 path_url=/api 
 headers={'User-Agent': 'python-requests/2.31.0', 'Accept-Encoding': 'gzip, deflate', 'Accept': '*/*', 'Connection': 'keep-alive'} 
 body=None 
 </msg>
<msg time="2024-03-31T17:12:29.693053" level="INFO">GET Response : url=https://randomuser.me/api 
 status=200, reason=OK 
 headers={'Date': 'Sun, 31 Mar 2024 17:12:29 GMT', 'Content-Type': 'application/json; charset=utf-8', 'Transfer-Encoding': 'chunked', 'Connection': 'keep-alive', 'X-Powered-By': 'Express', 'Access-Control-Allow-Origin': '*', 'Cache-Control': 'no-cache', 'ETag': 'W/"47f-XFzi8wcZAki5/kf4YEha9ggYqfA"', 'Vary': 'Accept-Encoding', 'Content-Encoding': 'gzip', 'CF-Cache-Status': 'DYNAMIC', 'Report-To': '{"endpoints":[{"url":"https:\\/\\/a.nel.cloudflare.com\\/report\\/v4?s=DPYVIuyMKAs68EwJ42IJsTwMO2WqTZT%2FqTMn8FCImnySuKf35z50FapziS9R9xlSiur1S6N2xVtmF%2F1Y3YEUb6eQLJiVlhIDQrvJf6gJfRU1y98bSkkbxtg%2BX4JDzYZk"}],"group":"cf-nel","max_age":604800}', 'NEL': '{"success_fraction":0,"report_to":"cf-nel","max_age":604800}', 'Server': 'cloudflare', 'CF-RAY': '86d1f6f11ab981cd-IAD', 'alt-svc': 'h3=":443"; ma=86400'} 
 body={"results":[{"gender":"male","name":{"title":"Mr","first":"Storm","last":"Larsen"},"location":{"street":{"number":2608,"name":"Villavej"},"city":"Allinge","state":"Danmark","country":"Denmark","postcode":42850,"coordinates":{"latitude":"-46.6629","longitude":"-54.9749"},"timezone":{"offset":"+10:00","description":"Eastern Australia, Guam, Vladivostok"}},"email":"storm.larsen@example.com","login":{"uuid":"d6f4f105-89d7-4953-96f9-bd3d6bb3a34d","username":"yellowmeercat757","password":"head","salt":"IJ1CKwoe","md5":"cb0ada8a86f1fd1cdf52d7324d15a7d3","sha1":"2b814ed17066a2ee721764d7d14c7d4119db8112","sha256":"cf9ab3c77a60cb6e33774994eff3f2285473f2915ed62873245befe9425c8b2c"},"dob":{"date":"1994-02-21T04:49:12.309Z","age":30},"registered":{"date":"2007-02-19T21:22:51.091Z","age":17},"phone":"37626128","cell":"55766857","id":{"name":"CPR","value":"200294-4037"},"picture":{"large":"https://randomuser.me/api/portraits/men/83.jpg","medium":"https://randomuser.me/api/portraits/med/men/83.jpg","thumbnail":"https://randomuser.me/api/portraits/thumb/men/83.jpg"},"nat":"DK"}],"info":{"seed":"27cb3a39d3a102d2","results":1,"page":1,"version":"1.4"}} 
 </msg>
<msg time="2024-03-31T17:12:29.693151" level="INFO">/opt/hostedtoolcache/Python/3.12.2/x64/lib/python3.12/site-packages/urllib3/connectionpool.py:1103: InsecureRequestWarning: Unverified HTTPS request is being made to host 'randomuser.me'. Adding certificate verification is strongly advised. See: https://urllib3.readthedocs.io/en/latest/advanced-usage.html#tls-warnings
  warnings.warn(</msg>
<msg time="2024-03-31T17:12:29.693321" level="INFO">${response} = &lt;Response [200]&gt;</msg>
<var>${response}</var>
<arg>consultarAPI</arg>
<arg>/api</arg>
<doc>Sends a GET request on a previously created HTTP Session.</doc>
<status status="PASS" start="2024-03-31T17:12:29.605851" elapsed="0.087513"/>
</kw>
<kw name="Set Variable" owner="BuiltIn">
<msg time="2024-03-31T17:12:29.694884" level="INFO">${json_data} = {'results': [{'gender': 'male', 'name': {'title': 'Mr', 'first': 'Storm', 'last': 'Larsen'}, 'location': {'street': {'number': 2608, 'name': 'Villavej'}, 'city': 'Allinge', 'state': 'Danmark', 'countr...</msg>
<var>${json_data}</var>
<arg>${response.json()}</arg>
<doc>Returns the given values which can then be assigned to a variables.</doc>
<status status="PASS" start="2024-03-31T17:12:29.694073" elapsed="0.000853"/>
</kw>
<kw name="Set Variable" owner="BuiltIn">
<msg time="2024-03-31T17:12:29.696014" level="INFO">${name_title} = Mr</msg>
<var>${name_title}</var>
<arg>${json_data["results"][0]["name"]["title"]}</arg>
<doc>Returns the given values which can then be assigned to a variables.</doc>
<status status="PASS" start="2024-03-31T17:12:29.695387" elapsed="0.000666"/>
</kw>
<kw name="Create List" owner="BuiltIn">
<msg time="2024-03-31T17:12:29.696749" level="INFO">${allowed_titles} = ['Mr', 'Ms', 'Miss', 'Mrs', 'Madame', 'Monsieur']</msg>
<var>${allowed_titles}</var>
<arg>Mr</arg>
<arg>Ms</arg>
<arg>Miss</arg>
<arg>Mrs</arg>
<arg>Madame</arg>
<arg>Monsieur</arg>
<doc>Returns a list containing given items.</doc>
<status status="PASS" start="2024-03-31T17:12:29.696503" elapsed="0.000291"/>
</kw>
<kw name="List Should Contain Value" owner="Collections">
<msg time="2024-03-31T17:12:29.697562" level="INFO">False</msg>
<arg>${allowed_titles}</arg>
<arg>${name_title}</arg>
<doc>Fails if the ``value`` is not found from ``list``.</doc>
<status status="PASS" start="2024-03-31T17:12:29.697286" elapsed="0.000338"/>
</kw>
<kw name="Set Variable" owner="BuiltIn">
<msg time="2024-03-31T17:12:29.698770" level="INFO">${name_country} = DK</msg>
<var>${name_country}</var>
<arg>${json_data["results"][0]["nat"]}</arg>
<doc>Returns the given values which can then be assigned to a variables.</doc>
<status status="PASS" start="2024-03-31T17:12:29.698112" elapsed="0.000702"/>
</kw>
<kw name="Create List" owner="BuiltIn">
<msg time="2024-03-31T17:12:29.700439" level="INFO">${list_country} = ['AD', 'AE', 'AF', 'AG', 'AI', 'AL', 'AM', 'AO', 'AQ', 'AR', 'AS', 'AT', 'AU', 'AW', 'AX', 'AZ', 'BA', 'BB', 'BD', 'BE', 'BF', 'BG', 'BH', 'BI', 'BJ', 'BL', 'BM', 'BN', 'BO', 'BQ', 'BR', 'BS', 'BT', '...</msg>
<var>${list_country}</var>
<arg>AD</arg>
<arg>AE</arg>
<arg>AF</arg>
<arg>AG</arg>
<arg>AI</arg>
<arg>AL</arg>
<arg>AM</arg>
<arg>AO</arg>
<arg>AQ</arg>
<arg>AR</arg>
<arg>AS</arg>
<arg>AT</arg>
<arg>AU</arg>
<arg>AW</arg>
<arg>AX</arg>
<arg>AZ</arg>
<arg>BA</arg>
<arg>BB</arg>
<arg>BD</arg>
<arg>BE</arg>
<arg>BF</arg>
<arg>BG</arg>
<arg>BH</arg>
<arg>BI</arg>
<arg>BJ</arg>
<arg>BL</arg>
<arg>BM</arg>
<arg>BN</arg>
<arg>BO</arg>
<arg>BQ</arg>
<arg>BR</arg>
<arg>BS</arg>
<arg>BT</arg>
<arg>BV</arg>
<arg>BW</arg>
<arg>BY</arg>
<arg>BZ</arg>
<arg>CA</arg>
<arg>CC</arg>
<arg>CD</arg>
<arg>CF</arg>
<arg>CG</arg>
<arg>CH</arg>
<arg>CI</arg>
<arg>CK</arg>
<arg>CL</arg>
<arg>CM</arg>
<arg>CN</arg>
<arg>CO</arg>
<arg>CR</arg>
<arg>CU</arg>
<arg>CV</arg>
<arg>CW</arg>
<arg>CX</arg>
<arg>CY</arg>
<arg>CZ</arg>
<arg>DE</arg>
<arg>DJ</arg>
<arg>DK</arg>
<arg>DM</arg>
<arg>DO</arg>
<arg>DZ</arg>
<arg>EC</arg>
<arg>EE</arg>
<arg>EG</arg>
<arg>EH</arg>
<arg>ER</arg>
<arg>ES</arg>
<arg>ET</arg>
<arg>FI</arg>
<arg>FJ</arg>
<arg>FK</arg>
<arg>FM</arg>
<arg>FO</arg>
<arg>FR</arg>
<arg>GA</arg>
<arg>GB</arg>
<arg>GD</arg>
<arg>GE</arg>
<arg>GF</arg>
<arg>GG</arg>
<arg>GH</arg>
<arg>GI</arg>
<arg>GL</arg>
<arg>GM</arg>
<arg>GN</arg>
<arg>GP</arg>
<arg>GQ</arg>
<arg>GR</arg>
<arg>GS</arg>
<arg>GT</arg>
<arg>GU</arg>
<arg>GW</arg>
<arg>GY</arg>
<arg>HK</arg>
<arg>HM</arg>
<arg>HN</arg>
<arg>HR</arg>
<arg>HT</arg>
<arg>HU</arg>
<arg>ID</arg>
<arg>IE</arg>
<arg>IL</arg>
<arg>IM</arg>
<arg>IN</arg>
<arg>IO</arg>
<arg>IQ</arg>
<arg>IR</arg>
<arg>IS</arg>
<arg>IT</arg>
<arg>JE</arg>
<arg>JM</arg>
<arg>JO</arg>
<arg>JP</arg>
<arg>KE</arg>
<arg>KG</arg>
<arg>KH</arg>
<arg>KI</arg>
<arg>KM</arg>
<arg>KN</arg>
<arg>KP</arg>
<arg>KR</arg>
<arg>KW</arg>
<arg>KY</arg>
<arg>KZ</arg>
<arg>LA</arg>
<arg>LB</arg>
<arg>LC</arg>
<arg>LI</arg>
<arg>LK</arg>
<arg>LR</arg>
<arg>LS</arg>
<arg>LT</arg>
<arg>LU</arg>
<arg>LV</arg>
<arg>LY</arg>
<arg>MA</arg>
<arg>MC</arg>
<arg>MD</arg>
<arg>ME</arg>
<arg>MF</arg>
<arg>MG</arg>
<arg>MH</arg>
<arg>MK</arg>
<arg>ML</arg>
<arg>MM</arg>
<arg>MN</arg>
<arg>MO</arg>
<arg>MP</arg>
<arg>MQ</arg>
<arg>MR</arg>
<arg>MS</arg>
<arg>MT</arg>
<arg>MU</arg>
<arg>MV</arg>
<arg>MW</arg>
<arg>MX</arg>
<arg>MY</arg>
<arg>MZ</arg>
<arg>NA</arg>
<arg>NC</arg>
<arg>NE</arg>
<arg>NF</arg>
<arg>NG</arg>
<arg>NI</arg>
<arg>NL</arg>
<arg>NO</arg>
<arg>NP</arg>
<arg>NR</arg>
<arg>NU</arg>
<arg>NZ</arg>
<arg>OM</arg>
<arg>PA</arg>
<arg>PE</arg>
<arg>PF</arg>
<arg>PG</arg>
<arg>PH</arg>
<arg>PK</arg>
<arg>PL</arg>
<arg>PM</arg>
<arg>PN</arg>
<arg>PR</arg>
<arg>PS</arg>
<arg>PT</arg>
<arg>PW</arg>
<arg>PY</arg>
<arg>QA</arg>
<arg>RE</arg>
<arg>RO</arg>
<arg>RS</arg>
<arg>RU</arg>
<arg>RW</arg>
<arg>SA</arg>
<arg>SB</arg>
<arg>SC</arg>
<arg>SD</arg>
<arg>SE</arg>
<arg>SG</arg>
<arg>SH</arg>
<arg>SI</arg>
<arg>SJ</arg>
<arg>SK</arg>
<arg>SL</arg>
<arg>SM</arg>
<arg>SN</arg>
<arg>SO</arg>
<arg>SR</arg>
<arg>SS</arg>
<arg>ST</arg>
<arg>SV</arg>
<arg>SX</arg>
<arg>SY</arg>
<arg>SZ</arg>
<arg>TC</arg>
<arg>TD</arg>
<arg>TF</arg>
<arg>TG</arg>
<arg>TH</arg>
<arg>TJ</arg>
<arg>TK</arg>
<arg>TL</arg>
<arg>TM</arg>
<arg>TN</arg>
<arg>TO</arg>
<arg>TR</arg>
<arg>TT</arg>
<arg>TV</arg>
<arg>TW</arg>
<arg>TZ</arg>
<arg>UA</arg>
<arg>UG</arg>
<arg>UM</arg>
<arg>US</arg>
<arg>UY</arg>
<arg>UZ</arg>
<arg>VA</arg>
<arg>VC</arg>
<arg>VE</arg>
<arg>VG</arg>
<arg>VI</arg>
<arg>VN</arg>
<arg>VU</arg>
<arg>WF</arg>
<arg>WS</arg>
<arg>XK</arg>
<arg>YE</arg>
<arg>YT</arg>
<arg>ZA</arg>
<arg>ZM</arg>
<arg>ZW</arg>
<doc>Returns a list containing given items.</doc>
<status status="PASS" start="2024-03-31T17:12:29.699310" elapsed="0.001172"/>
</kw>
<kw name="List Should Contain Value" owner="Collections">
<msg time="2024-03-31T17:12:29.702521" level="INFO">False</msg>
<arg>${list_country}</arg>
<arg>${name_country}</arg>
<doc>Fails if the ``value`` is not found from ``list``.</doc>
<status status="PASS" start="2024-03-31T17:12:29.702151" elapsed="0.000437"/>
</kw>
<kw name="Run Keyword If" owner="BuiltIn">
<kw name="Should Be True" owner="BuiltIn">
<arg>${True}</arg>
<doc>Fails if the given condition is not true.</doc>
<status status="PASS" start="2024-03-31T17:12:29.704371" elapsed="0.000210"/>
</kw>
<arg>${json_data["results"][0]["location"]["coordinates"]["latitude"]} &gt;= -90 and ${json_data["results"][0]["location"]["coordinates"]["latitude"]} &lt;= 90</arg>
<arg>Should Be True</arg>
<arg>${True}</arg>
<doc>Runs the given keyword with the given arguments, if ``condition`` is true.</doc>
<status status="PASS" start="2024-03-31T17:12:29.703102" elapsed="0.001678"/>
</kw>
<kw name="Run Keyword If" owner="BuiltIn">
<kw name="Should Be True" owner="BuiltIn">
<arg>${True}</arg>
<doc>Fails if the given condition is not true.</doc>
<status status="PASS" start="2024-03-31T17:12:29.706342" elapsed="0.000213"/>
</kw>
<arg>${json_data["results"][0]["location"]["coordinates"]["longitude"]} &gt;= -180 and ${json_data["results"][0]["location"]["coordinates"]["longitude"]} &lt;= 180</arg>
<arg>Should Be True</arg>
<arg>${True}</arg>
<doc>Runs the given keyword with the given arguments, if ``condition`` is true.</doc>
<status status="PASS" start="2024-03-31T17:12:29.705113" elapsed="0.001658"/>
</kw>
<status status="PASS" start="2024-03-31T17:12:29.605614" elapsed="0.101438"/>
</kw>
<doc>Testa o conteúdo específico dos campos retornados pela API.</doc>
<tag>testeConteudo</tag>
<status status="PASS" start="2024-03-31T17:12:29.605047" elapsed="0.102299"/>
</test>
<status status="PASS" start="2024-03-31T17:12:28.872434" elapsed="0.838333"/>
</suite>
<status status="PASS" start="2024-03-31T17:12:28.858459" elapsed="0.862008"/>
</suite>
<statistics>
<total>
<stat pass="5" fail="0" skip="0">All Tests</stat>
</total>
<tag>
<stat pass="1" fail="0" skip="0">testeConteudo</stat>
<stat pass="1" fail="0" skip="0">testeEstruturaResposta</stat>
<stat pass="1" fail="0" skip="0">testeRequisicaoBasica</stat>
<stat pass="1" fail="0" skip="0">testeTiposDados</stat>
</tag>
<suite>
<stat pass="5" fail="0" skip="0" id="s1" name="Tests">Tests</stat>
<stat pass="5" fail="0" skip="0" id="s1-s1" name="Random-User-Test">Tests.Random-User-Test</stat>
</suite>
</statistics>
<errors>
</errors>
</robot>
