<?xml version="1.0" encoding="UTF-8"?>
<robot generator="Robot 7.0.1 (Python 3.12.4 on linux)" generated="2024-08-07T05:15:13.179852" rpa="false" schemaversion="5">
<suite id="s1" name="Tests" source="/home/runner/work/ApiRandomUser/ApiRandomUser/RamdonUser/tests">
<suite id="s1-s1" name="Random-User-Test" source="/home/runner/work/ApiRandomUser/ApiRandomUser/RamdonUser/tests/random-user-test.robot">
<test id="s1-s1-t1" name="Conectar" line="13">
<kw name="Conectar API" owner="random-user-service">
<kw name="Create Session" owner="RequestsLibrary">
<msg time="2024-08-07T05:15:13.613346" level="INFO">Creating Session using : alias=consultarAPI, url=https://randomuser.me/, headers={},                     cookies={}, auth=None, timeout=None, proxies=None, verify=False,                     debug=0 </msg>
<arg>consultarAPI</arg>
<arg>${URL}</arg>
<doc>Create Session: create a HTTP session to a server</doc>
<status status="PASS" start="2024-08-07T05:15:13.613132" elapsed="0.000417"/>
</kw>
<status status="PASS" start="2024-08-07T05:15:13.612041" elapsed="0.001883"/>
</kw>
<status status="PASS" start="2024-08-07T05:15:13.611444" elapsed="0.002674"/>
</test>
<test id="s1-s1-t2" name="Validar retorno 200 e JSON Válido" line="16">
<kw name="Teste de Requisicao Basica" owner="random-user-service">
<kw name="GET On Session" owner="RequestsLibrary">
<msg time="2024-08-07T05:15:13.730433" level="INFO">GET Request : url=https://randomuser.me/api 
 path_url=/api 
 headers={'User-Agent': 'python-requests/2.32.3', 'Accept-Encoding': 'gzip, deflate', 'Accept': '*/*', 'Connection': 'keep-alive'} 
 body=None 
 </msg>
<msg time="2024-08-07T05:15:13.730624" level="INFO">GET Response : url=https://randomuser.me/api 
 status=200, reason=OK 
 headers={'Date': 'Wed, 07 Aug 2024 05:15:13 GMT', 'Content-Type': 'application/json; charset=utf-8', 'Transfer-Encoding': 'chunked', 'Connection': 'keep-alive', 'X-Powered-By': 'Express', 'Access-Control-Allow-Origin': '*', 'Cache-Control': 'no-cache', 'ETag': 'W/"4a7-m+S2TwnFdY2DFtnjLCmTfyr4aIs"', 'Vary': 'Accept-Encoding', 'Content-Encoding': 'gzip', 'CF-Cache-Status': 'DYNAMIC', 'Report-To': '{"endpoints":[{"url":"https:\\/\\/a.nel.cloudflare.com\\/report\\/v4?s=KPQ4uU4k5l7oQOMowHdq2at7Wg%2FQ2Sf045It0hjDRFTpLkbiTJ97M7VD%2FY7%2BitiaPLQEvfhsnh4HH60uiQU3QBuU38Ua%2BaHjJfIFLle6yOu7nyIHvPOnj%2BV6h4ERI3E1"}],"group":"cf-nel","max_age":604800}', 'NEL': '{"success_fraction":0,"report_to":"cf-nel","max_age":604800}', 'Server': 'cloudflare', 'CF-RAY': '8af4c9a25f6982d5-IAD', 'alt-svc': 'h3=":443"; ma=86400'} 
 body={"results":[{"gender":"female","name":{"title":"Madame","first":"Sandrine","last":"Fabre"},"location":{"street":{"number":230,"name":"Rue de la Fontaine"},"city":"Witterswil","state":"Zürich","country":"Switzerland","postcode":6114,"coordinates":{"latitude":"-62.6743","longitude":"17.1784"},"timezone":{"offset":"-7:00","description":"Mountain Time (US &amp; Canada)"}},"email":"sandrine.fabre@example.com","login":{"uuid":"d4420aff-3d70-41bc-ab00-5fd98c97ee39","username":"beautifulgoose967","password":"55bgates","salt":"2EdgSYzT","md5":"4ce8468e3923b8993c8e40cd133a5dfe","sha1":"9d33274962935da05e154f9146e1f3b79c95e840","sha256":"411ea37c5de7c2566a954d92d92d0b3c7aa97eb4253f33c94d5ef9b76c135422"},"dob":{"date":"1992-07-10T07:01:02.960Z","age":32},"registered":{"date":"2014-06-11T21:55:47.467Z","age":10},"phone":"077 992 64 33","cell":"078 861 19 59","id":{"name":"AVS","value":"756.4946.5734.83"},"picture":{"large":"https://randomuser.me/api/portraits/women/50.jpg","medium":"https://randomuser.me/api/portraits/med/women/50.jpg","thumbnail":"https://randomuser.me/api/portraits/thumb/women/50.jpg"},"nat":"CH"}],"info":{"seed":"dd2d764a21c20a7a","results":1,"page":1,"version":"1.4"}} 
 </msg>
<msg time="2024-08-07T05:15:13.730737" level="INFO">/opt/hostedtoolcache/Python/3.12.4/x64/lib/python3.12/site-packages/urllib3/connectionpool.py:1099: InsecureRequestWarning: Unverified HTTPS request is being made to host 'randomuser.me'. Adding certificate verification is strongly advised. See: https://urllib3.readthedocs.io/en/latest/advanced-usage.html#tls-warnings
  warnings.warn(</msg>
<msg time="2024-08-07T05:15:13.730900" level="INFO">${response} = &lt;Response [200]&gt;</msg>
<var>${response}</var>
<arg>consultarAPI</arg>
<arg>/api</arg>
<doc>Sends a GET request on a previously created HTTP Session.</doc>
<status status="PASS" start="2024-08-07T05:15:13.616783" elapsed="0.114168"/>
</kw>
<kw name="Should Be Equal As Numbers" owner="BuiltIn">
<msg time="2024-08-07T05:15:13.732177" level="INFO">Argument types are:
&lt;class 'int'&gt;
&lt;class 'str'&gt;</msg>
<arg>${response.status_code}</arg>
<arg>200</arg>
<doc>Fails if objects are unequal after converting them to real numbers.</doc>
<status status="PASS" start="2024-08-07T05:15:13.731639" elapsed="0.000610"/>
</kw>
<kw name="Log" owner="BuiltIn">
<msg time="2024-08-07T05:15:13.732999" level="INFO">200</msg>
<arg>${response.status_code}</arg>
<doc>Logs the given message with the given level.</doc>
<status status="PASS" start="2024-08-07T05:15:13.732602" elapsed="0.000441"/>
</kw>
<kw name="Set Variable" owner="BuiltIn">
<msg time="2024-08-07T05:15:13.733823" level="INFO">${json_data} = {'results': [{'gender': 'female', 'name': {'title': 'Madame', 'first': 'Sandrine', 'last': 'Fabre'}, 'location': {'street': {'number': 230, 'name': 'Rue de la Fontaine'}, 'city': 'Witterswil', 'state'...</msg>
<var>${json_data}</var>
<arg>${response.json()}</arg>
<doc>Returns the given values which can then be assigned to a variables.</doc>
<status status="PASS" start="2024-08-07T05:15:13.733363" elapsed="0.000491"/>
</kw>
<kw name="Dictionary Should Contain Key" owner="Collections">
<arg>${json_data}</arg>
<arg>results</arg>
<doc>Fails if ``key`` is not found from ``dictionary``.</doc>
<status status="PASS" start="2024-08-07T05:15:13.734165" elapsed="0.000341"/>
</kw>
<status status="PASS" start="2024-08-07T05:15:13.616524" elapsed="0.118137"/>
</kw>
<doc>Testa se a API responde corretamente e retorna um objeto JSON válido.</doc>
<tag>testeRequisicaoBasica</tag>
<status status="PASS" start="2024-08-07T05:15:13.616050" elapsed="0.118792"/>
</test>
<test id="s1-s1-t3" name="Validar estrutura de resposta" line="22">
<kw name="Teste de Estrutura de Resposta" owner="random-user-service">
<kw name="GET On Session" owner="RequestsLibrary">
<msg time="2024-08-07T05:15:13.816847" level="INFO">GET Request : url=https://randomuser.me/api 
 path_url=/api 
 headers={'User-Agent': 'python-requests/2.32.3', 'Accept-Encoding': 'gzip, deflate', 'Accept': '*/*', 'Connection': 'keep-alive'} 
 body=None 
 </msg>
<msg time="2024-08-07T05:15:13.816965" level="INFO">GET Response : url=https://randomuser.me/api 
 status=200, reason=OK 
 headers={'Date': 'Wed, 07 Aug 2024 05:15:13 GMT', 'Content-Type': 'application/json; charset=utf-8', 'Transfer-Encoding': 'chunked', 'Connection': 'keep-alive', 'X-Powered-By': 'Express', 'Access-Control-Allow-Origin': '*', 'Cache-Control': 'no-cache', 'ETag': 'W/"484-AV+G7f6ePPeK/tkypYZVyuilkZ0"', 'Vary': 'Accept-Encoding', 'Content-Encoding': 'gzip', 'CF-Cache-Status': 'DYNAMIC', 'Report-To': '{"endpoints":[{"url":"https:\\/\\/a.nel.cloudflare.com\\/report\\/v4?s=LzLlZBVD00S1AolySd%2F9qqtDxoWQWCa93XVDhVh0Z7P57hPAyculgIVtDOiSkX%2FHmlFzfvP%2BCWRqIPmIxRgMAP7YeWWIKsAMW3fmnhDPGgmA0ZDm6e6dNEh5ano%2FoAxu"}],"group":"cf-nel","max_age":604800}', 'NEL': '{"success_fraction":0,"report_to":"cf-nel","max_age":604800}', 'Server': 'cloudflare', 'CF-RAY': '8af4c9a2efe282d5-IAD', 'alt-svc': 'h3=":443"; ma=86400'} 
 body={"results":[{"gender":"male","name":{"title":"Mr","first":"Niklas","last":"Arola"},"location":{"street":{"number":2680,"name":"Nordenskiöldinkatu"},"city":"Kangasniemi","state":"Southern Savonia","country":"Finland","postcode":87524,"coordinates":{"latitude":"-27.5397","longitude":"-141.9776"},"timezone":{"offset":"-10:00","description":"Hawaii"}},"email":"niklas.arola@example.com","login":{"uuid":"a01473cd-4f09-4830-9434-d159b990ba3b","username":"bluefish860","password":"cunts","salt":"q0dMImaf","md5":"a2fd3edc9a55b155b3b7f37b30e26478","sha1":"7a126a3359b7a11e065ac5a85d077fcc0b8ed341","sha256":"3fdc1eda8e8fea3e69ab801b4ad9c327128a551786ab8b49ab0b37cac93024b8"},"dob":{"date":"1950-08-04T04:00:00.458Z","age":74},"registered":{"date":"2008-10-11T14:15:58.587Z","age":15},"phone":"07-660-761","cell":"046-713-52-94","id":{"name":"HETU","value":"NaNNA777undefined"},"picture":{"large":"https://randomuser.me/api/portraits/men/61.jpg","medium":"https://randomuser.me/api/portraits/med/men/61.jpg","thumbnail":"https://randomuser.me/api/portraits/thumb/men/61.jpg"},"nat":"FI"}],"info":{"seed":"fa2d6b8ff05d05f7","results":1,"page":1,"version":"1.4"}} 
 </msg>
<msg time="2024-08-07T05:15:13.817119" level="INFO">/opt/hostedtoolcache/Python/3.12.4/x64/lib/python3.12/site-packages/urllib3/connectionpool.py:1099: InsecureRequestWarning: Unverified HTTPS request is being made to host 'randomuser.me'. Adding certificate verification is strongly advised. See: https://urllib3.readthedocs.io/en/latest/advanced-usage.html#tls-warnings
  warnings.warn(</msg>
<msg time="2024-08-07T05:15:13.817267" level="INFO">${response} = &lt;Response [200]&gt;</msg>
<var>${response}</var>
<arg>consultarAPI</arg>
<arg>/api</arg>
<doc>Sends a GET request on a previously created HTTP Session.</doc>
<status status="PASS" start="2024-08-07T05:15:13.737612" elapsed="0.079699"/>
</kw>
<kw name="Set Variable" owner="BuiltIn">
<msg time="2024-08-07T05:15:13.818411" level="INFO">${json_data} = {'results': [{'gender': 'male', 'name': {'title': 'Mr', 'first': 'Niklas', 'last': 'Arola'}, 'location': {'street': {'number': 2680, 'name': 'Nordenskiöldinkatu'}, 'city': 'Kangasniemi', 'state': 'Sou...</msg>
<var>${json_data}</var>
<arg>${response.json()}</arg>
<doc>Returns the given values which can then be assigned to a variables.</doc>
<status status="PASS" start="2024-08-07T05:15:13.817833" elapsed="0.000610"/>
</kw>
<kw name="Log" owner="BuiltIn">
<msg time="2024-08-07T05:15:13.818935" level="INFO">{'results': [{'gender': 'male', 'name': {'title': 'Mr', 'first': 'Niklas', 'last': 'Arola'}, 'location': {'street': {'number': 2680, 'name': 'Nordenskiöldinkatu'}, 'city': 'Kangasniemi', 'state': 'Southern Savonia', 'country': 'Finland', 'postcode': 87524, 'coordinates': {'latitude': '-27.5397', 'longitude': '-141.9776'}, 'timezone': {'offset': '-10:00', 'description': 'Hawaii'}}, 'email': 'niklas.arola@example.com', 'login': {'uuid': 'a01473cd-4f09-4830-9434-d159b990ba3b', 'username': 'bluefish860', 'password': 'cunts', 'salt': 'q0dMImaf', 'md5': 'a2fd3edc9a55b155b3b7f37b30e26478', 'sha1': '7a126a3359b7a11e065ac5a85d077fcc0b8ed341', 'sha256': '3fdc1eda8e8fea3e69ab801b4ad9c327128a551786ab8b49ab0b37cac93024b8'}, 'dob': {'date': '1950-08-04T04:00:00.458Z', 'age': 74}, 'registered': {'date': '2008-10-11T14:15:58.587Z', 'age': 15}, 'phone': '07-660-761', 'cell': '046-713-52-94', 'id': {'name': 'HETU', 'value': 'NaNNA777undefined'}, 'picture': {'large': 'https://randomuser.me/api/portraits/men/61.jpg', 'medium': 'https://randomuser.me/api/portraits/med/men/61.jpg', 'thumbnail': 'https://randomuser.me/api/portraits/thumb/men/61.jpg'}, 'nat': 'FI'}], 'info': {'seed': 'fa2d6b8ff05d05f7', 'results': 1, 'page': 1, 'version': '1.4'}}</msg>
<arg>${json_data}</arg>
<doc>Logs the given message with the given level.</doc>
<status status="PASS" start="2024-08-07T05:15:13.818763" elapsed="0.000227"/>
</kw>
<kw name="Dictionary Should Contain Key" owner="Collections">
<arg>${json_data}</arg>
<arg>results</arg>
<doc>Fails if ``key`` is not found from ``dictionary``.</doc>
<status status="PASS" start="2024-08-07T05:15:13.819324" elapsed="0.000170"/>
</kw>
<kw name="Should Not Be Empty" owner="BuiltIn">
<msg time="2024-08-07T05:15:13.819816" level="INFO">Length is 2.</msg>
<arg>${json_data}</arg>
<doc>Verifies that the given item is not empty.</doc>
<status status="PASS" start="2024-08-07T05:15:13.819686" elapsed="0.000170"/>
</kw>
<kw name="Create List" owner="BuiltIn">
<msg time="2024-08-07T05:15:13.820307" level="INFO">${expected_keys} = ['gender', 'name', 'location', 'email', 'login']</msg>
<var>${expected_keys}</var>
<arg>gender</arg>
<arg>name</arg>
<arg>location</arg>
<arg>email</arg>
<arg>login</arg>
<doc>Returns a list containing given items.</doc>
<status status="PASS" start="2024-08-07T05:15:13.820153" elapsed="0.000178"/>
</kw>
<for flavor="IN">
<iter>
<kw name="Dictionary Should Contain Key" owner="Collections">
<arg>${json_data['results'][0]}</arg>
<arg>${key}</arg>
<doc>Fails if ``key`` is not found from ``dictionary``.</doc>
<status status="PASS" start="2024-08-07T05:15:13.820929" elapsed="0.000421"/>
</kw>
<kw name="Log" owner="BuiltIn">
<msg time="2024-08-07T05:15:13.821913" level="INFO">{'gender': 'male', 'name': {'title': 'Mr', 'first': 'Niklas', 'last': 'Arola'}, 'location': {'street': {'number': 2680, 'name': 'Nordenskiöldinkatu'}, 'city': 'Kangasniemi', 'state': 'Southern Savonia', 'country': 'Finland', 'postcode': 87524, 'coordinates': {'latitude': '-27.5397', 'longitude': '-141.9776'}, 'timezone': {'offset': '-10:00', 'description': 'Hawaii'}}, 'email': 'niklas.arola@example.com', 'login': {'uuid': 'a01473cd-4f09-4830-9434-d159b990ba3b', 'username': 'bluefish860', 'password': 'cunts', 'salt': 'q0dMImaf', 'md5': 'a2fd3edc9a55b155b3b7f37b30e26478', 'sha1': '7a126a3359b7a11e065ac5a85d077fcc0b8ed341', 'sha256': '3fdc1eda8e8fea3e69ab801b4ad9c327128a551786ab8b49ab0b37cac93024b8'}, 'dob': {'date': '1950-08-04T04:00:00.458Z', 'age': 74}, 'registered': {'date': '2008-10-11T14:15:58.587Z', 'age': 15}, 'phone': '07-660-761', 'cell': '046-713-52-94', 'id': {'name': 'HETU', 'value': 'NaNNA777undefined'}, 'picture': {'large': 'https://randomuser.me/api/portraits/men/61.jpg', 'medium': 'https://randomuser.me/api/portraits/med/men/61.jpg', 'thumbnail': 'https://randomuser.me/api/portraits/thumb/men/61.jpg'}, 'nat': 'FI'}</msg>
<arg>${json_data['results'][0]}</arg>
<doc>Logs the given message with the given level.</doc>
<status status="PASS" start="2024-08-07T05:15:13.821542" elapsed="0.000424"/>
</kw>
<kw name="Log" owner="BuiltIn">
<msg time="2024-08-07T05:15:13.822408" level="INFO">gender</msg>
<arg>${key}</arg>
<doc>Logs the given message with the given level.</doc>
<status status="PASS" start="2024-08-07T05:15:13.822275" elapsed="0.000173"/>
</kw>
<var name="${key}">gender</var>
<status status="PASS" start="2024-08-07T05:15:13.820804" elapsed="0.001867"/>
</iter>
<iter>
<kw name="Dictionary Should Contain Key" owner="Collections">
<arg>${json_data['results'][0]}</arg>
<arg>${key}</arg>
<doc>Fails if ``key`` is not found from ``dictionary``.</doc>
<status status="PASS" start="2024-08-07T05:15:13.822974" elapsed="0.000438"/>
</kw>
<kw name="Log" owner="BuiltIn">
<msg time="2024-08-07T05:15:13.823954" level="INFO">{'gender': 'male', 'name': {'title': 'Mr', 'first': 'Niklas', 'last': 'Arola'}, 'location': {'street': {'number': 2680, 'name': 'Nordenskiöldinkatu'}, 'city': 'Kangasniemi', 'state': 'Southern Savonia', 'country': 'Finland', 'postcode': 87524, 'coordinates': {'latitude': '-27.5397', 'longitude': '-141.9776'}, 'timezone': {'offset': '-10:00', 'description': 'Hawaii'}}, 'email': 'niklas.arola@example.com', 'login': {'uuid': 'a01473cd-4f09-4830-9434-d159b990ba3b', 'username': 'bluefish860', 'password': 'cunts', 'salt': 'q0dMImaf', 'md5': 'a2fd3edc9a55b155b3b7f37b30e26478', 'sha1': '7a126a3359b7a11e065ac5a85d077fcc0b8ed341', 'sha256': '3fdc1eda8e8fea3e69ab801b4ad9c327128a551786ab8b49ab0b37cac93024b8'}, 'dob': {'date': '1950-08-04T04:00:00.458Z', 'age': 74}, 'registered': {'date': '2008-10-11T14:15:58.587Z', 'age': 15}, 'phone': '07-660-761', 'cell': '046-713-52-94', 'id': {'name': 'HETU', 'value': 'NaNNA777undefined'}, 'picture': {'large': 'https://randomuser.me/api/portraits/men/61.jpg', 'medium': 'https://randomuser.me/api/portraits/med/men/61.jpg', 'thumbnail': 'https://randomuser.me/api/portraits/thumb/men/61.jpg'}, 'nat': 'FI'}</msg>
<arg>${json_data['results'][0]}</arg>
<doc>Logs the given message with the given level.</doc>
<status status="PASS" start="2024-08-07T05:15:13.823596" elapsed="0.000441"/>
</kw>
<kw name="Log" owner="BuiltIn">
<msg time="2024-08-07T05:15:13.824468" level="INFO">name</msg>
<arg>${key}</arg>
<doc>Logs the given message with the given level.</doc>
<status status="PASS" start="2024-08-07T05:15:13.824338" elapsed="0.000169"/>
</kw>
<var name="${key}">name</var>
<status status="PASS" start="2024-08-07T05:15:13.822858" elapsed="0.001866"/>
</iter>
<iter>
<kw name="Dictionary Should Contain Key" owner="Collections">
<arg>${json_data['results'][0]}</arg>
<arg>${key}</arg>
<doc>Fails if ``key`` is not found from ``dictionary``.</doc>
<status status="PASS" start="2024-08-07T05:15:13.825012" elapsed="0.000388"/>
</kw>
<kw name="Log" owner="BuiltIn">
<msg time="2024-08-07T05:15:13.825938" level="INFO">{'gender': 'male', 'name': {'title': 'Mr', 'first': 'Niklas', 'last': 'Arola'}, 'location': {'street': {'number': 2680, 'name': 'Nordenskiöldinkatu'}, 'city': 'Kangasniemi', 'state': 'Southern Savonia', 'country': 'Finland', 'postcode': 87524, 'coordinates': {'latitude': '-27.5397', 'longitude': '-141.9776'}, 'timezone': {'offset': '-10:00', 'description': 'Hawaii'}}, 'email': 'niklas.arola@example.com', 'login': {'uuid': 'a01473cd-4f09-4830-9434-d159b990ba3b', 'username': 'bluefish860', 'password': 'cunts', 'salt': 'q0dMImaf', 'md5': 'a2fd3edc9a55b155b3b7f37b30e26478', 'sha1': '7a126a3359b7a11e065ac5a85d077fcc0b8ed341', 'sha256': '3fdc1eda8e8fea3e69ab801b4ad9c327128a551786ab8b49ab0b37cac93024b8'}, 'dob': {'date': '1950-08-04T04:00:00.458Z', 'age': 74}, 'registered': {'date': '2008-10-11T14:15:58.587Z', 'age': 15}, 'phone': '07-660-761', 'cell': '046-713-52-94', 'id': {'name': 'HETU', 'value': 'NaNNA777undefined'}, 'picture': {'large': 'https://randomuser.me/api/portraits/men/61.jpg', 'medium': 'https://randomuser.me/api/portraits/med/men/61.jpg', 'thumbnail': 'https://randomuser.me/api/portraits/thumb/men/61.jpg'}, 'nat': 'FI'}</msg>
<arg>${json_data['results'][0]}</arg>
<doc>Logs the given message with the given level.</doc>
<status status="PASS" start="2024-08-07T05:15:13.825585" elapsed="0.000404"/>
</kw>
<kw name="Log" owner="BuiltIn">
<msg time="2024-08-07T05:15:13.826427" level="INFO">location</msg>
<arg>${key}</arg>
<doc>Logs the given message with the given level.</doc>
<status status="PASS" start="2024-08-07T05:15:13.826297" elapsed="0.000167"/>
</kw>
<var name="${key}">location</var>
<status status="PASS" start="2024-08-07T05:15:13.824901" elapsed="0.001780"/>
</iter>
<iter>
<kw name="Dictionary Should Contain Key" owner="Collections">
<arg>${json_data['results'][0]}</arg>
<arg>${key}</arg>
<doc>Fails if ``key`` is not found from ``dictionary``.</doc>
<status status="PASS" start="2024-08-07T05:15:13.826962" elapsed="0.000411"/>
</kw>
<kw name="Log" owner="BuiltIn">
<msg time="2024-08-07T05:15:13.828041" level="INFO">{'gender': 'male', 'name': {'title': 'Mr', 'first': 'Niklas', 'last': 'Arola'}, 'location': {'street': {'number': 2680, 'name': 'Nordenskiöldinkatu'}, 'city': 'Kangasniemi', 'state': 'Southern Savonia', 'country': 'Finland', 'postcode': 87524, 'coordinates': {'latitude': '-27.5397', 'longitude': '-141.9776'}, 'timezone': {'offset': '-10:00', 'description': 'Hawaii'}}, 'email': 'niklas.arola@example.com', 'login': {'uuid': 'a01473cd-4f09-4830-9434-d159b990ba3b', 'username': 'bluefish860', 'password': 'cunts', 'salt': 'q0dMImaf', 'md5': 'a2fd3edc9a55b155b3b7f37b30e26478', 'sha1': '7a126a3359b7a11e065ac5a85d077fcc0b8ed341', 'sha256': '3fdc1eda8e8fea3e69ab801b4ad9c327128a551786ab8b49ab0b37cac93024b8'}, 'dob': {'date': '1950-08-04T04:00:00.458Z', 'age': 74}, 'registered': {'date': '2008-10-11T14:15:58.587Z', 'age': 15}, 'phone': '07-660-761', 'cell': '046-713-52-94', 'id': {'name': 'HETU', 'value': 'NaNNA777undefined'}, 'picture': {'large': 'https://randomuser.me/api/portraits/men/61.jpg', 'medium': 'https://randomuser.me/api/portraits/med/men/61.jpg', 'thumbnail': 'https://randomuser.me/api/portraits/thumb/men/61.jpg'}, 'nat': 'FI'}</msg>
<arg>${json_data['results'][0]}</arg>
<doc>Logs the given message with the given level.</doc>
<status status="PASS" start="2024-08-07T05:15:13.827684" elapsed="0.000408"/>
</kw>
<kw name="Log" owner="BuiltIn">
<msg time="2024-08-07T05:15:13.828536" level="INFO">email</msg>
<arg>${key}</arg>
<doc>Logs the given message with the given level.</doc>
<status status="PASS" start="2024-08-07T05:15:13.828402" elapsed="0.000174"/>
</kw>
<var name="${key}">email</var>
<status status="PASS" start="2024-08-07T05:15:13.826853" elapsed="0.001940"/>
</iter>
<iter>
<kw name="Dictionary Should Contain Key" owner="Collections">
<arg>${json_data['results'][0]}</arg>
<arg>${key}</arg>
<doc>Fails if ``key`` is not found from ``dictionary``.</doc>
<status status="PASS" start="2024-08-07T05:15:13.829078" elapsed="0.000379"/>
</kw>
<kw name="Log" owner="BuiltIn">
<msg time="2024-08-07T05:15:13.829989" level="INFO">{'gender': 'male', 'name': {'title': 'Mr', 'first': 'Niklas', 'last': 'Arola'}, 'location': {'street': {'number': 2680, 'name': 'Nordenskiöldinkatu'}, 'city': 'Kangasniemi', 'state': 'Southern Savonia', 'country': 'Finland', 'postcode': 87524, 'coordinates': {'latitude': '-27.5397', 'longitude': '-141.9776'}, 'timezone': {'offset': '-10:00', 'description': 'Hawaii'}}, 'email': 'niklas.arola@example.com', 'login': {'uuid': 'a01473cd-4f09-4830-9434-d159b990ba3b', 'username': 'bluefish860', 'password': 'cunts', 'salt': 'q0dMImaf', 'md5': 'a2fd3edc9a55b155b3b7f37b30e26478', 'sha1': '7a126a3359b7a11e065ac5a85d077fcc0b8ed341', 'sha256': '3fdc1eda8e8fea3e69ab801b4ad9c327128a551786ab8b49ab0b37cac93024b8'}, 'dob': {'date': '1950-08-04T04:00:00.458Z', 'age': 74}, 'registered': {'date': '2008-10-11T14:15:58.587Z', 'age': 15}, 'phone': '07-660-761', 'cell': '046-713-52-94', 'id': {'name': 'HETU', 'value': 'NaNNA777undefined'}, 'picture': {'large': 'https://randomuser.me/api/portraits/men/61.jpg', 'medium': 'https://randomuser.me/api/portraits/med/men/61.jpg', 'thumbnail': 'https://randomuser.me/api/portraits/thumb/men/61.jpg'}, 'nat': 'FI'}</msg>
<arg>${json_data['results'][0]}</arg>
<doc>Logs the given message with the given level.</doc>
<status status="PASS" start="2024-08-07T05:15:13.829639" elapsed="0.000400"/>
</kw>
<kw name="Log" owner="BuiltIn">
<msg time="2024-08-07T05:15:13.830462" level="INFO">login</msg>
<arg>${key}</arg>
<doc>Logs the given message with the given level.</doc>
<status status="PASS" start="2024-08-07T05:15:13.830334" elapsed="0.000165"/>
</kw>
<var name="${key}">login</var>
<status status="PASS" start="2024-08-07T05:15:13.828969" elapsed="0.001744"/>
</iter>
<var>${key}</var>
<value>@{expected_keys}</value>
<status status="PASS" start="2024-08-07T05:15:13.820603" elapsed="0.010231"/>
</for>
<kw name="Create List" owner="BuiltIn">
<msg time="2024-08-07T05:15:13.831204" level="INFO">${expected_keysTwo} = ['username', 'password']</msg>
<var>${expected_keysTwo}</var>
<arg>username</arg>
<arg>password</arg>
<doc>Returns a list containing given items.</doc>
<status status="PASS" start="2024-08-07T05:15:13.831059" elapsed="0.000169"/>
</kw>
<for flavor="IN">
<iter>
<kw name="Dictionary Should Contain Key" owner="Collections">
<arg>${json_data['results'][0]['login']}</arg>
<arg>${keyTwo}</arg>
<doc>Fails if ``key`` is not found from ``dictionary``.</doc>
<status status="PASS" start="2024-08-07T05:15:13.831767" elapsed="0.000400"/>
</kw>
<kw name="Dictionary Should Contain Key" owner="Collections">
<arg>${json_data['results'][0]['login']}</arg>
<arg>${keyTwo}</arg>
<doc>Fails if ``key`` is not found from ``dictionary``.</doc>
<status status="PASS" start="2024-08-07T05:15:13.832346" elapsed="0.000373"/>
</kw>
<kw name="Log" owner="BuiltIn">
<msg time="2024-08-07T05:15:13.833012" level="INFO">username</msg>
<arg>${keyTwo}</arg>
<doc>Logs the given message with the given level.</doc>
<status status="PASS" start="2024-08-07T05:15:13.832893" elapsed="0.000157"/>
</kw>
<var name="${keyTwo}">username</var>
<status status="PASS" start="2024-08-07T05:15:13.831659" elapsed="0.001611"/>
</iter>
<iter>
<kw name="Dictionary Should Contain Key" owner="Collections">
<arg>${json_data['results'][0]['login']}</arg>
<arg>${keyTwo}</arg>
<doc>Fails if ``key`` is not found from ``dictionary``.</doc>
<status status="PASS" start="2024-08-07T05:15:13.833549" elapsed="0.000404"/>
</kw>
<kw name="Dictionary Should Contain Key" owner="Collections">
<arg>${json_data['results'][0]['login']}</arg>
<arg>${keyTwo}</arg>
<doc>Fails if ``key`` is not found from ``dictionary``.</doc>
<status status="PASS" start="2024-08-07T05:15:13.834133" elapsed="0.000377"/>
</kw>
<kw name="Log" owner="BuiltIn">
<msg time="2024-08-07T05:15:13.834803" level="INFO">password</msg>
<arg>${keyTwo}</arg>
<doc>Logs the given message with the given level.</doc>
<status status="PASS" start="2024-08-07T05:15:13.834685" elapsed="0.000156"/>
</kw>
<var name="${keyTwo}">password</var>
<status status="PASS" start="2024-08-07T05:15:13.833442" elapsed="0.001642"/>
</iter>
<var>${keyTwo}</var>
<value>@{expected_keysTwo}</value>
<status status="PASS" start="2024-08-07T05:15:13.831501" elapsed="0.003705"/>
</for>
<status status="PASS" start="2024-08-07T05:15:13.737366" elapsed="0.097982"/>
</kw>
<doc>Testa a estrutura da resposta da API.</doc>
<tag>testeEstruturaResposta</tag>
<status status="PASS" start="2024-08-07T05:15:13.736827" elapsed="0.098684"/>
</test>
<test id="s1-s1-t4" name="Validar tipos de dados" line="28">
<kw name="Teste de Tipos de Dados" owner="random-user-service">
<kw name="GET On Session" owner="RequestsLibrary">
<msg time="2024-08-07T05:15:13.929531" level="INFO">GET Request : url=https://randomuser.me/api 
 path_url=/api 
 headers={'User-Agent': 'python-requests/2.32.3', 'Accept-Encoding': 'gzip, deflate', 'Accept': '*/*', 'Connection': 'keep-alive'} 
 body=None 
 </msg>
<msg time="2024-08-07T05:15:13.929668" level="INFO">GET Response : url=https://randomuser.me/api 
 status=200, reason=OK 
 headers={'Date': 'Wed, 07 Aug 2024 05:15:13 GMT', 'Content-Type': 'application/json; charset=utf-8', 'Transfer-Encoding': 'chunked', 'Connection': 'keep-alive', 'X-Powered-By': 'Express', 'Access-Control-Allow-Origin': '*', 'Cache-Control': 'no-cache', 'ETag': 'W/"48d-Q89F+qrVIKr6g122mDEMBkW6wn8"', 'Vary': 'Accept-Encoding', 'Content-Encoding': 'gzip', 'CF-Cache-Status': 'DYNAMIC', 'Report-To': '{"endpoints":[{"url":"https:\\/\\/a.nel.cloudflare.com\\/report\\/v4?s=yS%2FMO0qAOzkloUJAEyaf1mMDXWbtskZc3dbhQGjsjpYDsTzDVZxAsw523tnkofG6XpQ6f0nlakOOPzQbXUt7P99o0aWsEqBqRVC5RGHRSsZTwMarNr8wovBhphL6bh5I"}],"group":"cf-nel","max_age":604800}', 'NEL': '{"success_fraction":0,"report_to":"cf-nel","max_age":604800}', 'Server': 'cloudflare', 'CF-RAY': '8af4c9a3886b82d5-IAD', 'alt-svc': 'h3=":443"; ma=86400'} 
 body={"results":[{"gender":"male","name":{"title":"Mr","first":"Marc","last":"Ferrer"},"location":{"street":{"number":6032,"name":"Calle de Tetuán"},"city":"La Palma","state":"País Vasco","country":"Spain","postcode":67039,"coordinates":{"latitude":"-31.7550","longitude":"-158.3552"},"timezone":{"offset":"+8:00","description":"Beijing, Perth, Singapore, Hong Kong"}},"email":"marc.ferrer@example.com","login":{"uuid":"b4d9a6ea-bc1a-4ead-a1da-28505a68ae87","username":"ticklishmouse264","password":"bangkok","salt":"SXgO4N1P","md5":"4b493168b1fb420d6bb483e5089d4ab5","sha1":"d0857b395380c5d9eb991d9b43e416a639f5d8b8","sha256":"4ec1e44503c17fc49a9449c431e206739d10d6797755005839a7e2a8b09116fd"},"dob":{"date":"1975-08-03T19:23:53.658Z","age":49},"registered":{"date":"2009-05-13T17:26:01.533Z","age":15},"phone":"936-356-954","cell":"643-589-582","id":{"name":"DNI","value":"02966580-Y"},"picture":{"large":"https://randomuser.me/api/portraits/men/3.jpg","medium":"https://randomuser.me/api/portraits/med/men/3.jpg","thumbnail":"https://randomuser.me/api/portraits/thumb/men/3.jpg"},"nat":"ES"}],"info":{"seed":"822730d8a3af2534","results":1,"page":1,"version":"1.4"}} 
 </msg>
<msg time="2024-08-07T05:15:13.929784" level="INFO">/opt/hostedtoolcache/Python/3.12.4/x64/lib/python3.12/site-packages/urllib3/connectionpool.py:1099: InsecureRequestWarning: Unverified HTTPS request is being made to host 'randomuser.me'. Adding certificate verification is strongly advised. See: https://urllib3.readthedocs.io/en/latest/advanced-usage.html#tls-warnings
  warnings.warn(</msg>
<msg time="2024-08-07T05:15:13.929935" level="INFO">${response} = &lt;Response [200]&gt;</msg>
<var>${response}</var>
<arg>consultarAPI</arg>
<arg>/api</arg>
<doc>Sends a GET request on a previously created HTTP Session.</doc>
<status status="PASS" start="2024-08-07T05:15:13.838021" elapsed="0.091958"/>
</kw>
<kw name="Set Variable" owner="BuiltIn">
<msg time="2024-08-07T05:15:13.931363" level="INFO">${json_data} = {'results': [{'gender': 'male', 'name': {'title': 'Mr', 'first': 'Marc', 'last': 'Ferrer'}, 'location': {'street': {'number': 6032, 'name': 'Calle de Tetuán'}, 'city': 'La Palma', 'state': 'País Vasco...</msg>
<var>${json_data}</var>
<arg>${response.json()}</arg>
<doc>Returns the given values which can then be assigned to a variables.</doc>
<status status="PASS" start="2024-08-07T05:15:13.930634" elapsed="0.000764"/>
</kw>
<kw name="Log" owner="BuiltIn">
<msg time="2024-08-07T05:15:13.931946" level="INFO">{'results': [{'gender': 'male', 'name': {'title': 'Mr', 'first': 'Marc', 'last': 'Ferrer'}, 'location': {'street': {'number': 6032, 'name': 'Calle de Tetuán'}, 'city': 'La Palma', 'state': 'País Vasco', 'country': 'Spain', 'postcode': 67039, 'coordinates': {'latitude': '-31.7550', 'longitude': '-158.3552'}, 'timezone': {'offset': '+8:00', 'description': 'Beijing, Perth, Singapore, Hong Kong'}}, 'email': 'marc.ferrer@example.com', 'login': {'uuid': 'b4d9a6ea-bc1a-4ead-a1da-28505a68ae87', 'username': 'ticklishmouse264', 'password': 'bangkok', 'salt': 'SXgO4N1P', 'md5': '4b493168b1fb420d6bb483e5089d4ab5', 'sha1': 'd0857b395380c5d9eb991d9b43e416a639f5d8b8', 'sha256': '4ec1e44503c17fc49a9449c431e206739d10d6797755005839a7e2a8b09116fd'}, 'dob': {'date': '1975-08-03T19:23:53.658Z', 'age': 49}, 'registered': {'date': '2009-05-13T17:26:01.533Z', 'age': 15}, 'phone': '936-356-954', 'cell': '643-589-582', 'id': {'name': 'DNI', 'value': '02966580-Y'}, 'picture': {'large': 'https://randomuser.me/api/portraits/men/3.jpg', 'medium': 'https://randomuser.me/api/portraits/med/men/3.jpg', 'thumbnail': 'https://randomuser.me/api/portraits/thumb/men/3.jpg'}, 'nat': 'ES'}], 'info': {'seed': '822730d8a3af2534', 'results': 1, 'page': 1, 'version': '1.4'}}</msg>
<arg>${json_data}</arg>
<doc>Logs the given message with the given level.</doc>
<status status="PASS" start="2024-08-07T05:15:13.931763" elapsed="0.000237"/>
</kw>
<kw name="Should Be String" owner="String">
<arg>${json_data['results'][0]['gender']}</arg>
<doc>Fails if the given ``item`` is not a string.</doc>
<status status="PASS" start="2024-08-07T05:15:13.932305" elapsed="0.000390"/>
</kw>
<kw name="Should Match Regexp" owner="BuiltIn">
<arg>${json_data['results'][0]['email']}</arg>
<arg>^[a-zA-Z0-9._%+-]+@[a-zA-Z0-9.-]+\.[a-zA-Z]{2,}$</arg>
<doc>Fails if ``string`` does not match ``pattern`` as a regular expression.</doc>
<status status="PASS" start="2024-08-07T05:15:13.932899" elapsed="0.000537"/>
</kw>
<kw name="Should Match Regexp" owner="BuiltIn">
<arg>${json_data['results'][0]['dob']['date']}</arg>
<arg>\\d{4}-\\d{2}-\\d{2}T\\d{2}:\\d{2}:\\d{2}\\.\\d{3}Z</arg>
<doc>Fails if ``string`` does not match ``pattern`` as a regular expression.</doc>
<status status="PASS" start="2024-08-07T05:15:13.933674" elapsed="0.000667"/>
</kw>
<kw name="Should Match Regexp" owner="BuiltIn">
<arg>${json_data['results'][0]['registered']['date']}</arg>
<arg>\\d{4}-\\d{2}-\\d{2}T\\d{2}:\\d{2}:\\d{2}\\.\\d{3}Z</arg>
<doc>Fails if ``string`` does not match ``pattern`` as a regular expression.</doc>
<status status="PASS" start="2024-08-07T05:15:13.934538" elapsed="0.000379"/>
</kw>
<kw name="Should Match Regexp" owner="BuiltIn">
<arg>${json_data['results'][0]['picture']['large']}</arg>
<arg>^https?://.*\.(?:png|jpe?g|gif|bmp)$</arg>
<doc>Fails if ``string`` does not match ``pattern`` as a regular expression.</doc>
<status status="PASS" start="2024-08-07T05:15:13.935135" elapsed="0.000476"/>
</kw>
<kw name="Should Match Regexp" owner="BuiltIn">
<arg>${json_data['results'][0]['picture']['medium']}</arg>
<arg>^https?://.*\.(?:png|jpe?g|gif|bmp)$</arg>
<doc>Fails if ``string`` does not match ``pattern`` as a regular expression.</doc>
<status status="PASS" start="2024-08-07T05:15:13.935801" elapsed="0.000362"/>
</kw>
<kw name="Should Match Regexp" owner="BuiltIn">
<arg>${json_data['results'][0]['picture']['thumbnail']}</arg>
<arg>^https?://.*\.(?:png|jpe?g|gif|bmp)$</arg>
<doc>Fails if ``string`` does not match ``pattern`` as a regular expression.</doc>
<status status="PASS" start="2024-08-07T05:15:13.936349" elapsed="0.000350"/>
</kw>
<kw name="Log" owner="BuiltIn">
<msg time="2024-08-07T05:15:13.937203" level="INFO">{'large': 'https://randomuser.me/api/portraits/men/3.jpg', 'medium': 'https://randomuser.me/api/portraits/med/men/3.jpg', 'thumbnail': 'https://randomuser.me/api/portraits/thumb/men/3.jpg'}</msg>
<arg>${json_data['results'][0]['picture']}</arg>
<doc>Logs the given message with the given level.</doc>
<status status="PASS" start="2024-08-07T05:15:13.936880" elapsed="0.000368"/>
</kw>
<status status="PASS" start="2024-08-07T05:15:13.837785" elapsed="0.099727"/>
</kw>
<kw name="Teste de Tipos de Dados - Postcode" owner="random-user-service">
<kw name="GET On Session" owner="RequestsLibrary">
<msg time="2024-08-07T05:15:14.068070" level="INFO">GET Request : url=https://randomuser.me/api 
 path_url=/api 
 headers={'User-Agent': 'python-requests/2.32.3', 'Accept-Encoding': 'gzip, deflate', 'Accept': '*/*', 'Connection': 'keep-alive'} 
 body=None 
 </msg>
<msg time="2024-08-07T05:15:14.068191" level="INFO">GET Response : url=https://randomuser.me/api 
 status=200, reason=OK 
 headers={'Date': 'Wed, 07 Aug 2024 05:15:14 GMT', 'Content-Type': 'application/json; charset=utf-8', 'Transfer-Encoding': 'chunked', 'Connection': 'keep-alive', 'X-Powered-By': 'Express', 'Access-Control-Allow-Origin': '*', 'Cache-Control': 'no-cache', 'ETag': 'W/"477-DRDN57B44bV78VkA7j0Psq6N+BU"', 'Vary': 'Accept-Encoding', 'Content-Encoding': 'gzip', 'CF-Cache-Status': 'DYNAMIC', 'Report-To': '{"endpoints":[{"url":"https:\\/\\/a.nel.cloudflare.com\\/report\\/v4?s=SlwxLlfaTeIBwGeJoYZnblj%2FGrcfxAmcOgbYnFTNcuS3ENMYdQpln9tZN43cYu%2By8sucx4%2Bhy0EdSLA810trXlmYzuoG8mbmAQRagGg%2Bpvb32df9djuALGt5atqmeJSp"}],"group":"cf-nel","max_age":604800}', 'NEL': '{"success_fraction":0,"report_to":"cf-nel","max_age":604800}', 'Server': 'cloudflare', 'CF-RAY': '8af4c9a428ff82d5-IAD', 'alt-svc': 'h3=":443"; ma=86400'} 
 body={"results":[{"gender":"male","name":{"title":"Mr","first":"Bernard","last":"Torvund"},"location":{"street":{"number":8214,"name":"Thomles gate"},"city":"Namnå","state":"Nord-Trøndelag","country":"Norway","postcode":"7453","coordinates":{"latitude":"45.7080","longitude":"-79.7115"},"timezone":{"offset":"-2:00","description":"Mid-Atlantic"}},"email":"bernard.torvund@example.com","login":{"uuid":"2e6dd87a-3778-44d3-9df6-6f54c6b77220","username":"yellowkoala462","password":"snoopdog","salt":"oDBFq1mY","md5":"af9c74ae91c4cf46c5f4c4c45c53a21b","sha1":"039b216c4b8ba509d9f2d75c68d5c7926ce4ef66","sha256":"451618bfca4484aec9dd9e0cd5228bd064ed8f54fefdae6af128f435df9fe0d9"},"dob":{"date":"2000-01-22T16:48:18.399Z","age":24},"registered":{"date":"2009-05-01T20:02:25.229Z","age":15},"phone":"73644110","cell":"99742215","id":{"name":"FN","value":"22010094511"},"picture":{"large":"https://randomuser.me/api/portraits/men/31.jpg","medium":"https://randomuser.me/api/portraits/med/men/31.jpg","thumbnail":"https://randomuser.me/api/portraits/thumb/men/31.jpg"},"nat":"NO"}],"info":{"seed":"4792fa85bc032d29","results":1,"page":1,"version":"1.4"}} 
 </msg>
<msg time="2024-08-07T05:15:14.068284" level="INFO">/opt/hostedtoolcache/Python/3.12.4/x64/lib/python3.12/site-packages/urllib3/connectionpool.py:1099: InsecureRequestWarning: Unverified HTTPS request is being made to host 'randomuser.me'. Adding certificate verification is strongly advised. See: https://urllib3.readthedocs.io/en/latest/advanced-usage.html#tls-warnings
  warnings.warn(</msg>
<msg time="2024-08-07T05:15:14.068421" level="INFO">${response} = &lt;Response [200]&gt;</msg>
<var>${response}</var>
<arg>consultarAPI</arg>
<arg>/api</arg>
<doc>Sends a GET request on a previously created HTTP Session.</doc>
<status status="PASS" start="2024-08-07T05:15:13.937985" elapsed="0.130480"/>
</kw>
<kw name="Set Variable" owner="BuiltIn">
<msg time="2024-08-07T05:15:14.069659" level="INFO">${json_data} = {'results': [{'gender': 'male', 'name': {'title': 'Mr', 'first': 'Bernard', 'last': 'Torvund'}, 'location': {'street': {'number': 8214, 'name': 'Thomles gate'}, 'city': 'Namnå', 'state': 'Nord-Trøndel...</msg>
<var>${json_data}</var>
<arg>${response.json()}</arg>
<doc>Returns the given values which can then be assigned to a variables.</doc>
<status status="PASS" start="2024-08-07T05:15:14.069064" elapsed="0.000626"/>
</kw>
<kw name="Log" owner="BuiltIn">
<msg time="2024-08-07T05:15:14.070173" level="INFO">{'results': [{'gender': 'male', 'name': {'title': 'Mr', 'first': 'Bernard', 'last': 'Torvund'}, 'location': {'street': {'number': 8214, 'name': 'Thomles gate'}, 'city': 'Namnå', 'state': 'Nord-Trøndelag', 'country': 'Norway', 'postcode': '7453', 'coordinates': {'latitude': '45.7080', 'longitude': '-79.7115'}, 'timezone': {'offset': '-2:00', 'description': 'Mid-Atlantic'}}, 'email': 'bernard.torvund@example.com', 'login': {'uuid': '2e6dd87a-3778-44d3-9df6-6f54c6b77220', 'username': 'yellowkoala462', 'password': 'snoopdog', 'salt': 'oDBFq1mY', 'md5': 'af9c74ae91c4cf46c5f4c4c45c53a21b', 'sha1': '039b216c4b8ba509d9f2d75c68d5c7926ce4ef66', 'sha256': '451618bfca4484aec9dd9e0cd5228bd064ed8f54fefdae6af128f435df9fe0d9'}, 'dob': {'date': '2000-01-22T16:48:18.399Z', 'age': 24}, 'registered': {'date': '2009-05-01T20:02:25.229Z', 'age': 15}, 'phone': '73644110', 'cell': '99742215', 'id': {'name': 'FN', 'value': '22010094511'}, 'picture': {'large': 'https://randomuser.me/api/portraits/men/31.jpg', 'medium': 'https://randomuser.me/api/portraits/med/men/31.jpg', 'thumbnail': 'https://randomuser.me/api/portraits/thumb/men/31.jpg'}, 'nat': 'NO'}], 'info': {'seed': '4792fa85bc032d29', 'results': 1, 'page': 1, 'version': '1.4'}}</msg>
<arg>${json_data}</arg>
<doc>Logs the given message with the given level.</doc>
<status status="PASS" start="2024-08-07T05:15:14.070010" elapsed="0.000214"/>
</kw>
<kw name="Should Be Equal As Numbers" owner="BuiltIn">
<arg>${json_data['results'][0]['location']['postcode']}</arg>
<arg>${json_data['results'][0]['location']['postcode']}</arg>
<doc>Fails if objects are unequal after converting them to real numbers.</doc>
<status status="PASS" start="2024-08-07T05:15:14.070523" elapsed="0.000734"/>
</kw>
<kw name="Log" owner="BuiltIn">
<msg time="2024-08-07T05:15:14.071792" level="INFO">7453</msg>
<arg>${json_data['results'][0]['location']['postcode']}</arg>
<doc>Logs the given message with the given level.</doc>
<status status="PASS" start="2024-08-07T05:15:14.071446" elapsed="0.000387"/>
</kw>
<status status="PASS" start="2024-08-07T05:15:13.937743" elapsed="0.134378"/>
</kw>
<doc>Testa se os tipos de dados na resposta da API estão corretos.</doc>
<tag>testeTiposDados</tag>
<status status="PASS" start="2024-08-07T05:15:13.837327" elapsed="0.234971"/>
</test>
<test id="s1-s1-t5" name="Validar conteudo" line="35">
<kw name="Teste de Tipos de Conteudo" owner="random-user-service">
<kw name="GET On Session" owner="RequestsLibrary">
<msg time="2024-08-07T05:15:14.164396" level="INFO">GET Request : url=https://randomuser.me/api 
 path_url=/api 
 headers={'User-Agent': 'python-requests/2.32.3', 'Accept-Encoding': 'gzip, deflate', 'Accept': '*/*', 'Connection': 'keep-alive'} 
 body=None 
 </msg>
<msg time="2024-08-07T05:15:14.164514" level="INFO">GET Response : url=https://randomuser.me/api 
 status=200, reason=OK 
 headers={'Date': 'Wed, 07 Aug 2024 05:15:14 GMT', 'Content-Type': 'application/json; charset=utf-8', 'Transfer-Encoding': 'chunked', 'Connection': 'keep-alive', 'X-Powered-By': 'Express', 'Access-Control-Allow-Origin': '*', 'Cache-Control': 'no-cache', 'ETag': 'W/"477-Yt6CBAyZvlblk4MOGQCthdxjBL4"', 'Vary': 'Accept-Encoding', 'Content-Encoding': 'gzip', 'CF-Cache-Status': 'DYNAMIC', 'Report-To': '{"endpoints":[{"url":"https:\\/\\/a.nel.cloudflare.com\\/report\\/v4?s=iyLpjbziU%2B2o5h9MQIFAZc2md4MH8aAt34C3LydABVFINwazNeiTfGCE%2Faj1J%2FSaW82q6jWWh8CQNUGYAngsgOFh1OMWdra1uL30nVvfObMNigBwSOxEjLX0JiGOzaAh"}],"group":"cf-nel","max_age":604800}', 'NEL': '{"success_fraction":0,"report_to":"cf-nel","max_age":604800}', 'Server': 'cloudflare', 'CF-RAY': '8af4c9a4f99e82d5-IAD', 'alt-svc': 'h3=":443"; ma=86400'} 
 body={"results":[{"gender":"male","name":{"title":"Mr","first":"Magne","last":"Warholm"},"location":{"street":{"number":6773,"name":"Ragnfrids vei"},"city":"Austreim","state":"Oslo","country":"Norway","postcode":"0694","coordinates":{"latitude":"43.7518","longitude":"-89.7362"},"timezone":{"offset":"-12:00","description":"Eniwetok, Kwajalein"}},"email":"magne.warholm@example.com","login":{"uuid":"8f0aa092-c245-46c6-a5d6-626dab730426","username":"ticklishgorilla484","password":"fingerig","salt":"WkpwzVxj","md5":"5c6900047ac88936b608b2fcac4ece5c","sha1":"50de35f431f92ff1fecdd85a28f74197e4105531","sha256":"3ea554d1b9cea59d688a2b9bd8157459e7549e3724731cc473b2302aad4cca65"},"dob":{"date":"1955-01-07T21:43:12.404Z","age":69},"registered":{"date":"2009-11-13T04:54:50.873Z","age":14},"phone":"67410313","cell":"43701034","id":{"name":"FN","value":"07015502171"},"picture":{"large":"https://randomuser.me/api/portraits/men/86.jpg","medium":"https://randomuser.me/api/portraits/med/men/86.jpg","thumbnail":"https://randomuser.me/api/portraits/thumb/men/86.jpg"},"nat":"NO"}],"info":{"seed":"3e996c51418f190b","results":1,"page":1,"version":"1.4"}} 
 </msg>
<msg time="2024-08-07T05:15:14.164609" level="INFO">/opt/hostedtoolcache/Python/3.12.4/x64/lib/python3.12/site-packages/urllib3/connectionpool.py:1099: InsecureRequestWarning: Unverified HTTPS request is being made to host 'randomuser.me'. Adding certificate verification is strongly advised. See: https://urllib3.readthedocs.io/en/latest/advanced-usage.html#tls-warnings
  warnings.warn(</msg>
<msg time="2024-08-07T05:15:14.164747" level="INFO">${response} = &lt;Response [200]&gt;</msg>
<var>${response}</var>
<arg>consultarAPI</arg>
<arg>/api</arg>
<doc>Sends a GET request on a previously created HTTP Session.</doc>
<status status="PASS" start="2024-08-07T05:15:14.075167" elapsed="0.089620"/>
</kw>
<kw name="Set Variable" owner="BuiltIn">
<msg time="2024-08-07T05:15:14.165956" level="INFO">${json_data} = {'results': [{'gender': 'male', 'name': {'title': 'Mr', 'first': 'Magne', 'last': 'Warholm'}, 'location': {'street': {'number': 6773, 'name': 'Ragnfrids vei'}, 'city': 'Austreim', 'state': 'Oslo', 'co...</msg>
<var>${json_data}</var>
<arg>${response.json()}</arg>
<doc>Returns the given values which can then be assigned to a variables.</doc>
<status status="PASS" start="2024-08-07T05:15:14.165397" elapsed="0.000589"/>
</kw>
<kw name="Set Variable" owner="BuiltIn">
<msg time="2024-08-07T05:15:14.166697" level="INFO">${name_title} = Mr</msg>
<var>${name_title}</var>
<arg>${json_data["results"][0]["name"]["title"]}</arg>
<doc>Returns the given values which can then be assigned to a variables.</doc>
<status status="PASS" start="2024-08-07T05:15:14.166300" elapsed="0.000422"/>
</kw>
<kw name="Create List" owner="BuiltIn">
<msg time="2024-08-07T05:15:14.167221" level="INFO">${allowed_titles} = ['Mr', 'Ms', 'Miss', 'Mrs', 'Madame', 'Monsieur']</msg>
<var>${allowed_titles}</var>
<arg>Mr</arg>
<arg>Ms</arg>
<arg>Miss</arg>
<arg>Mrs</arg>
<arg>Madame</arg>
<arg>Monsieur</arg>
<doc>Returns a list containing given items.</doc>
<status status="PASS" start="2024-08-07T05:15:14.167056" elapsed="0.000190"/>
</kw>
<kw name="List Should Contain Value" owner="Collections">
<arg>${allowed_titles}</arg>
<arg>${name_title}</arg>
<doc>Fails if the ``value`` is not found from ``list``.</doc>
<status status="PASS" start="2024-08-07T05:15:14.167548" elapsed="0.000178"/>
</kw>
<kw name="Set Variable" owner="BuiltIn">
<msg time="2024-08-07T05:15:14.168289" level="INFO">${name_country} = NO</msg>
<var>${name_country}</var>
<arg>${json_data["results"][0]["nat"]}</arg>
<doc>Returns the given values which can then be assigned to a variables.</doc>
<status status="PASS" start="2024-08-07T05:15:14.167911" elapsed="0.000403"/>
</kw>
<kw name="Create List" owner="BuiltIn">
<msg time="2024-08-07T05:15:14.169222" level="INFO">${list_country} = ['AD', 'AE', 'AF', 'AG', 'AI', 'AL', 'AM', 'AO', 'AQ', 'AR', 'AS', 'AT', 'AU', 'AW', 'AX', 'AZ', 'BA', 'BB', 'BD', 'BE', 'BF', 'BG', 'BH', 'BI', 'BJ', 'BL', 'BM', 'BN', 'BO', 'BQ', 'BR', 'BS', 'BT', '...</msg>
<var>${list_country}</var>
<arg>AD</arg>
<arg>AE</arg>
<arg>AF</arg>
<arg>AG</arg>
<arg>AI</arg>
<arg>AL</arg>
<arg>AM</arg>
<arg>AO</arg>
<arg>AQ</arg>
<arg>AR</arg>
<arg>AS</arg>
<arg>AT</arg>
<arg>AU</arg>
<arg>AW</arg>
<arg>AX</arg>
<arg>AZ</arg>
<arg>BA</arg>
<arg>BB</arg>
<arg>BD</arg>
<arg>BE</arg>
<arg>BF</arg>
<arg>BG</arg>
<arg>BH</arg>
<arg>BI</arg>
<arg>BJ</arg>
<arg>BL</arg>
<arg>BM</arg>
<arg>BN</arg>
<arg>BO</arg>
<arg>BQ</arg>
<arg>BR</arg>
<arg>BS</arg>
<arg>BT</arg>
<arg>BV</arg>
<arg>BW</arg>
<arg>BY</arg>
<arg>BZ</arg>
<arg>CA</arg>
<arg>CC</arg>
<arg>CD</arg>
<arg>CF</arg>
<arg>CG</arg>
<arg>CH</arg>
<arg>CI</arg>
<arg>CK</arg>
<arg>CL</arg>
<arg>CM</arg>
<arg>CN</arg>
<arg>CO</arg>
<arg>CR</arg>
<arg>CU</arg>
<arg>CV</arg>
<arg>CW</arg>
<arg>CX</arg>
<arg>CY</arg>
<arg>CZ</arg>
<arg>DE</arg>
<arg>DJ</arg>
<arg>DK</arg>
<arg>DM</arg>
<arg>DO</arg>
<arg>DZ</arg>
<arg>EC</arg>
<arg>EE</arg>
<arg>EG</arg>
<arg>EH</arg>
<arg>ER</arg>
<arg>ES</arg>
<arg>ET</arg>
<arg>FI</arg>
<arg>FJ</arg>
<arg>FK</arg>
<arg>FM</arg>
<arg>FO</arg>
<arg>FR</arg>
<arg>GA</arg>
<arg>GB</arg>
<arg>GD</arg>
<arg>GE</arg>
<arg>GF</arg>
<arg>GG</arg>
<arg>GH</arg>
<arg>GI</arg>
<arg>GL</arg>
<arg>GM</arg>
<arg>GN</arg>
<arg>GP</arg>
<arg>GQ</arg>
<arg>GR</arg>
<arg>GS</arg>
<arg>GT</arg>
<arg>GU</arg>
<arg>GW</arg>
<arg>GY</arg>
<arg>HK</arg>
<arg>HM</arg>
<arg>HN</arg>
<arg>HR</arg>
<arg>HT</arg>
<arg>HU</arg>
<arg>ID</arg>
<arg>IE</arg>
<arg>IL</arg>
<arg>IM</arg>
<arg>IN</arg>
<arg>IO</arg>
<arg>IQ</arg>
<arg>IR</arg>
<arg>IS</arg>
<arg>IT</arg>
<arg>JE</arg>
<arg>JM</arg>
<arg>JO</arg>
<arg>JP</arg>
<arg>KE</arg>
<arg>KG</arg>
<arg>KH</arg>
<arg>KI</arg>
<arg>KM</arg>
<arg>KN</arg>
<arg>KP</arg>
<arg>KR</arg>
<arg>KW</arg>
<arg>KY</arg>
<arg>KZ</arg>
<arg>LA</arg>
<arg>LB</arg>
<arg>LC</arg>
<arg>LI</arg>
<arg>LK</arg>
<arg>LR</arg>
<arg>LS</arg>
<arg>LT</arg>
<arg>LU</arg>
<arg>LV</arg>
<arg>LY</arg>
<arg>MA</arg>
<arg>MC</arg>
<arg>MD</arg>
<arg>ME</arg>
<arg>MF</arg>
<arg>MG</arg>
<arg>MH</arg>
<arg>MK</arg>
<arg>ML</arg>
<arg>MM</arg>
<arg>MN</arg>
<arg>MO</arg>
<arg>MP</arg>
<arg>MQ</arg>
<arg>MR</arg>
<arg>MS</arg>
<arg>MT</arg>
<arg>MU</arg>
<arg>MV</arg>
<arg>MW</arg>
<arg>MX</arg>
<arg>MY</arg>
<arg>MZ</arg>
<arg>NA</arg>
<arg>NC</arg>
<arg>NE</arg>
<arg>NF</arg>
<arg>NG</arg>
<arg>NI</arg>
<arg>NL</arg>
<arg>NO</arg>
<arg>NP</arg>
<arg>NR</arg>
<arg>NU</arg>
<arg>NZ</arg>
<arg>OM</arg>
<arg>PA</arg>
<arg>PE</arg>
<arg>PF</arg>
<arg>PG</arg>
<arg>PH</arg>
<arg>PK</arg>
<arg>PL</arg>
<arg>PM</arg>
<arg>PN</arg>
<arg>PR</arg>
<arg>PS</arg>
<arg>PT</arg>
<arg>PW</arg>
<arg>PY</arg>
<arg>QA</arg>
<arg>RE</arg>
<arg>RO</arg>
<arg>RS</arg>
<arg>RU</arg>
<arg>RW</arg>
<arg>SA</arg>
<arg>SB</arg>
<arg>SC</arg>
<arg>SD</arg>
<arg>SE</arg>
<arg>SG</arg>
<arg>SH</arg>
<arg>SI</arg>
<arg>SJ</arg>
<arg>SK</arg>
<arg>SL</arg>
<arg>SM</arg>
<arg>SN</arg>
<arg>SO</arg>
<arg>SR</arg>
<arg>SS</arg>
<arg>ST</arg>
<arg>SV</arg>
<arg>SX</arg>
<arg>SY</arg>
<arg>SZ</arg>
<arg>TC</arg>
<arg>TD</arg>
<arg>TF</arg>
<arg>TG</arg>
<arg>TH</arg>
<arg>TJ</arg>
<arg>TK</arg>
<arg>TL</arg>
<arg>TM</arg>
<arg>TN</arg>
<arg>TO</arg>
<arg>TR</arg>
<arg>TT</arg>
<arg>TV</arg>
<arg>TW</arg>
<arg>TZ</arg>
<arg>UA</arg>
<arg>UG</arg>
<arg>UM</arg>
<arg>US</arg>
<arg>UY</arg>
<arg>UZ</arg>
<arg>VA</arg>
<arg>VC</arg>
<arg>VE</arg>
<arg>VG</arg>
<arg>VI</arg>
<arg>VN</arg>
<arg>VU</arg>
<arg>WF</arg>
<arg>WS</arg>
<arg>XK</arg>
<arg>YE</arg>
<arg>YT</arg>
<arg>ZA</arg>
<arg>ZM</arg>
<arg>ZW</arg>
<doc>Returns a list containing given items.</doc>
<status status="PASS" start="2024-08-07T05:15:14.168603" elapsed="0.000645"/>
</kw>
<kw name="List Should Contain Value" owner="Collections">
<arg>${list_country}</arg>
<arg>${name_country}</arg>
<doc>Fails if the ``value`` is not found from ``list``.</doc>
<status status="PASS" start="2024-08-07T05:15:14.170233" elapsed="0.000212"/>
</kw>
<kw name="Run Keyword If" owner="BuiltIn">
<kw name="Should Be True" owner="BuiltIn">
<arg>${True}</arg>
<doc>Fails if the given condition is not true.</doc>
<status status="PASS" start="2024-08-07T05:15:14.171420" elapsed="0.000144"/>
</kw>
<arg>${json_data["results"][0]["location"]["coordinates"]["latitude"]} &gt;= -90 and ${json_data["results"][0]["location"]["coordinates"]["latitude"]} &lt;= 90</arg>
<arg>Should Be True</arg>
<arg>${True}</arg>
<doc>Runs the given keyword with the given arguments, if ``condition`` is true.</doc>
<status status="PASS" start="2024-08-07T05:15:14.170643" elapsed="0.001045"/>
</kw>
<kw name="Run Keyword If" owner="BuiltIn">
<kw name="Should Be True" owner="BuiltIn">
<arg>${True}</arg>
<doc>Fails if the given condition is not true.</doc>
<status status="PASS" start="2024-08-07T05:15:14.172549" elapsed="0.000136"/>
</kw>
<arg>${json_data["results"][0]["location"]["coordinates"]["longitude"]} &gt;= -180 and ${json_data["results"][0]["location"]["coordinates"]["longitude"]} &lt;= 180</arg>
<arg>Should Be True</arg>
<arg>${True}</arg>
<doc>Runs the given keyword with the given arguments, if ``condition`` is true.</doc>
<status status="PASS" start="2024-08-07T05:15:14.171865" elapsed="0.000942"/>
</kw>
<status status="PASS" start="2024-08-07T05:15:14.074761" elapsed="0.098172"/>
</kw>
<doc>Testa o conteúdo específico dos campos retornados pela API.</doc>
<tag>testeConteudo</tag>
<status status="PASS" start="2024-08-07T05:15:14.074082" elapsed="0.099011"/>
</test>
<status status="PASS" start="2024-08-07T05:15:13.242723" elapsed="0.932280"/>
</suite>
<status status="PASS" start="2024-08-07T05:15:13.227671" elapsed="0.952401"/>
</suite>
<statistics>
<total>
<stat pass="5" fail="0" skip="0">All Tests</stat>
</total>
<tag>
<stat pass="1" fail="0" skip="0">testeConteudo</stat>
<stat pass="1" fail="0" skip="0">testeEstruturaResposta</stat>
<stat pass="1" fail="0" skip="0">testeRequisicaoBasica</stat>
<stat pass="1" fail="0" skip="0">testeTiposDados</stat>
</tag>
<suite>
<stat pass="5" fail="0" skip="0" id="s1" name="Tests">Tests</stat>
<stat pass="5" fail="0" skip="0" id="s1-s1" name="Random-User-Test">Tests.Random-User-Test</stat>
</suite>
</statistics>
<errors>
</errors>
</robot>
