<?xml version="1.0" encoding="UTF-8"?>
<robot generator="Robot 7.0.1 (Python 3.12.3 on linux)" generated="2024-06-17T20:13:37.701788" rpa="false" schemaversion="5">
<suite id="s1" name="Tests" source="/home/runner/work/ApiRandomUser/ApiRandomUser/RamdonUser/tests">
<suite id="s1-s1" name="Random-User-Test" source="/home/runner/work/ApiRandomUser/ApiRandomUser/RamdonUser/tests/random-user-test.robot">
<test id="s1-s1-t1" name="Conectar" line="13">
<kw name="Conectar API" owner="random-user-service">
<kw name="Create Session" owner="RequestsLibrary">
<msg time="2024-06-17T20:13:38.092348" level="INFO">Creating Session using : alias=consultarAPI, url=https://randomuser.me/, headers={},                     cookies={}, auth=None, timeout=None, proxies=None, verify=False,                     debug=0 </msg>
<arg>consultarAPI</arg>
<arg>${URL}</arg>
<doc>Create Session: create a HTTP session to a server</doc>
<status status="PASS" start="2024-06-17T20:13:38.092141" elapsed="0.000396"/>
</kw>
<status status="PASS" start="2024-06-17T20:13:38.091050" elapsed="0.001845"/>
</kw>
<status status="PASS" start="2024-06-17T20:13:38.090485" elapsed="0.002604"/>
</test>
<test id="s1-s1-t2" name="Validar retorno 200 e JSON Válido" line="16">
<kw name="Teste de Requisicao Basica" owner="random-user-service">
<kw name="GET On Session" owner="RequestsLibrary">
<msg time="2024-06-17T20:13:38.214656" level="INFO">GET Request : url=https://randomuser.me/api 
 path_url=/api 
 headers={'User-Agent': 'python-requests/2.32.3', 'Accept-Encoding': 'gzip, deflate', 'Accept': '*/*', 'Connection': 'keep-alive'} 
 body=None 
 </msg>
<msg time="2024-06-17T20:13:38.214819" level="INFO">GET Response : url=https://randomuser.me/api 
 status=200, reason=OK 
 headers={'Date': 'Mon, 17 Jun 2024 20:13:38 GMT', 'Content-Type': 'application/json; charset=utf-8', 'Transfer-Encoding': 'chunked', 'Connection': 'keep-alive', 'X-Powered-By': 'Express', 'Access-Control-Allow-Origin': '*', 'Cache-Control': 'no-cache', 'ETag': 'W/"49c-xIJZrh3POoC9k1n7v5inSfeZF0c"', 'Vary': 'Accept-Encoding', 'Content-Encoding': 'gzip', 'CF-Cache-Status': 'DYNAMIC', 'Report-To': '{"endpoints":[{"url":"https:\\/\\/a.nel.cloudflare.com\\/report\\/v4?s=l29E9q3B490gELS1an%2FRQCnrMYUd7%2BW0LCE4kDKdLSVceM3ICZOKs5YTKD7Rl3mjLQZkqGAeHnb1uBPjw3B5OZYZUxWY7NH93LwUkcAYip6thFRVTTvPpQUWP11VjOLj"}],"group":"cf-nel","max_age":604800}', 'NEL': '{"success_fraction":0,"report_to":"cf-nel","max_age":604800}', 'Server': 'cloudflare', 'CF-RAY': '8955b3896d0ae1df-ORD', 'alt-svc': 'h3=":443"; ma=86400'} 
 body={"results":[{"gender":"female","name":{"title":"Miss","first":"آوینا","last":"مرادی"},"location":{"street":{"number":3484,"name":"شهید علی باستانی"},"city":"ساوه","state":"کردستان","country":"Iran","postcode":60747,"coordinates":{"latitude":"20.9138","longitude":"169.8255"},"timezone":{"offset":"-8:00","description":"Pacific Time (US &amp; Canada)"}},"email":"awyn.mrdy@example.com","login":{"uuid":"1922578c-9087-4b47-a477-75ae76d6da02","username":"heavyladybug389","password":"jeannie","salt":"dFDSqEyp","md5":"2c9c997feceab1601644ae2b7c6690d9","sha1":"c11abe2d9d3acae056cd0b40ca3d4462aa9699d3","sha256":"f5f64da1164654f6db9ad756db705eb9fe22bfd67ad799fe1da69a09502786d4"},"dob":{"date":"1980-04-07T05:48:23.187Z","age":44},"registered":{"date":"2019-12-05T18:59:47.615Z","age":4},"phone":"038-38601157","cell":"0986-731-4148","id":{"name":"","value":null},"picture":{"large":"https://randomuser.me/api/portraits/women/47.jpg","medium":"https://randomuser.me/api/portraits/med/women/47.jpg","thumbnail":"https://randomuser.me/api/portraits/thumb/women/47.jpg"},"nat":"IR"}],"info":{"seed":"3880854d01c88dbb","results":1,"page":1,"version":"1.4"}} 
 </msg>
<msg time="2024-06-17T20:13:38.214909" level="INFO">/opt/hostedtoolcache/Python/3.12.3/x64/lib/python3.12/site-packages/urllib3/connectionpool.py:1099: InsecureRequestWarning: Unverified HTTPS request is being made to host 'randomuser.me'. Adding certificate verification is strongly advised. See: https://urllib3.readthedocs.io/en/latest/advanced-usage.html#tls-warnings
  warnings.warn(</msg>
<msg time="2024-06-17T20:13:38.215064" level="INFO">${response} = &lt;Response [200]&gt;</msg>
<var>${response}</var>
<arg>consultarAPI</arg>
<arg>/api</arg>
<doc>Sends a GET request on a previously created HTTP Session.</doc>
<status status="PASS" start="2024-06-17T20:13:38.095825" elapsed="0.119280"/>
</kw>
<kw name="Should Be Equal As Numbers" owner="BuiltIn">
<msg time="2024-06-17T20:13:38.216298" level="INFO">Argument types are:
&lt;class 'int'&gt;
&lt;class 'str'&gt;</msg>
<arg>${response.status_code}</arg>
<arg>200</arg>
<doc>Fails if objects are unequal after converting them to real numbers.</doc>
<status status="PASS" start="2024-06-17T20:13:38.215801" elapsed="0.000564"/>
</kw>
<kw name="Log" owner="BuiltIn">
<msg time="2024-06-17T20:13:38.217092" level="INFO">200</msg>
<arg>${response.status_code}</arg>
<doc>Logs the given message with the given level.</doc>
<status status="PASS" start="2024-06-17T20:13:38.216727" elapsed="0.000409"/>
</kw>
<kw name="Set Variable" owner="BuiltIn">
<msg time="2024-06-17T20:13:38.217909" level="INFO">${json_data} = {'results': [{'gender': 'female', 'name': {'title': 'Miss', 'first': 'آوینا', 'last': 'مرادی'}, 'location': {'street': {'number': 3484, 'name': 'شهید علی باستانی'}, 'city': 'ساوه', 'state': 'کردستان',...</msg>
<var>${json_data}</var>
<arg>${response.json()}</arg>
<doc>Returns the given values which can then be assigned to a variables.</doc>
<status status="PASS" start="2024-06-17T20:13:38.217458" elapsed="0.000482"/>
</kw>
<kw name="Dictionary Should Contain Key" owner="Collections">
<arg>${json_data}</arg>
<arg>results</arg>
<doc>Fails if ``key`` is not found from ``dictionary``.</doc>
<status status="PASS" start="2024-06-17T20:13:38.218260" elapsed="0.000166"/>
</kw>
<status status="PASS" start="2024-06-17T20:13:38.095551" elapsed="0.123030"/>
</kw>
<doc>Testa se a API responde corretamente e retorna um objeto JSON válido.</doc>
<tag>testeRequisicaoBasica</tag>
<status status="PASS" start="2024-06-17T20:13:38.095067" elapsed="0.123699"/>
</test>
<test id="s1-s1-t3" name="Validar estrutura de resposta" line="22">
<kw name="Teste de Estrutura de Resposta" owner="random-user-service">
<kw name="GET On Session" owner="RequestsLibrary">
<msg time="2024-06-17T20:13:38.297704" level="INFO">GET Request : url=https://randomuser.me/api 
 path_url=/api 
 headers={'User-Agent': 'python-requests/2.32.3', 'Accept-Encoding': 'gzip, deflate', 'Accept': '*/*', 'Connection': 'keep-alive'} 
 body=None 
 </msg>
<msg time="2024-06-17T20:13:38.297813" level="INFO">GET Response : url=https://randomuser.me/api 
 status=200, reason=OK 
 headers={'Date': 'Mon, 17 Jun 2024 20:13:38 GMT', 'Content-Type': 'application/json; charset=utf-8', 'Transfer-Encoding': 'chunked', 'Connection': 'keep-alive', 'X-Powered-By': 'Express', 'Access-Control-Allow-Origin': '*', 'Cache-Control': 'no-cache', 'ETag': 'W/"49a-hJ9JVHcbjNfcLhr/ptgvydWeROg"', 'Vary': 'Accept-Encoding', 'Content-Encoding': 'gzip', 'CF-Cache-Status': 'DYNAMIC', 'Report-To': '{"endpoints":[{"url":"https:\\/\\/a.nel.cloudflare.com\\/report\\/v4?s=aEaBgMPsk4g0%2Fvgs%2FomaNVYI37VMiOeMcA0T5LK3%2F%2B53VCE8d1pEpLvW5GgtbB1qqO7zfErfpUo5oyeID6Y%2FS9oJnCqsJxv3Pzu7sByAdu1x5VLuKBMxKXuUDVY56sOP"}],"group":"cf-nel","max_age":604800}', 'NEL': '{"success_fraction":0,"report_to":"cf-nel","max_age":604800}', 'Server': 'cloudflare', 'CF-RAY': '8955b389ed80e1df-ORD', 'alt-svc': 'h3=":443"; ma=86400'} 
 body={"results":[{"gender":"female","name":{"title":"Mrs","first":"Georgina","last":"Paredes"},"location":{"street":{"number":4084,"name":"Ampliación Zacatecas"},"city":"Suchil","state":"Zacatecas","country":"Mexico","postcode":69221,"coordinates":{"latitude":"28.0115","longitude":"33.3687"},"timezone":{"offset":"+2:00","description":"Kaliningrad, South Africa"}},"email":"georgina.paredes@example.com","login":{"uuid":"6a8860df-a786-4fa1-a0d3-202c63319a36","username":"bluecat155","password":"stimpy","salt":"CFz9QeNd","md5":"561156d6b3f5815333f0e4a460349d3e","sha1":"960e44bdfc559855b1dae2cc52079d09fd4e88bb","sha256":"9699cdddfd5b9a9814586c54cb76d04cdd3b6a7e97b8b493eb611c9f79277ae3"},"dob":{"date":"1952-11-18T14:11:58.347Z","age":71},"registered":{"date":"2017-11-26T14:18:09.273Z","age":6},"phone":"(622) 156 2436","cell":"(690) 181 6747","id":{"name":"NSS","value":"12 69 55 1655 1"},"picture":{"large":"https://randomuser.me/api/portraits/women/40.jpg","medium":"https://randomuser.me/api/portraits/med/women/40.jpg","thumbnail":"https://randomuser.me/api/portraits/thumb/women/40.jpg"},"nat":"MX"}],"info":{"seed":"3865aad809264245","results":1,"page":1,"version":"1.4"}} 
 </msg>
<msg time="2024-06-17T20:13:38.297966" level="INFO">/opt/hostedtoolcache/Python/3.12.3/x64/lib/python3.12/site-packages/urllib3/connectionpool.py:1099: InsecureRequestWarning: Unverified HTTPS request is being made to host 'randomuser.me'. Adding certificate verification is strongly advised. See: https://urllib3.readthedocs.io/en/latest/advanced-usage.html#tls-warnings
  warnings.warn(</msg>
<msg time="2024-06-17T20:13:38.298106" level="INFO">${response} = &lt;Response [200]&gt;</msg>
<var>${response}</var>
<arg>consultarAPI</arg>
<arg>/api</arg>
<doc>Sends a GET request on a previously created HTTP Session.</doc>
<status status="PASS" start="2024-06-17T20:13:38.221612" elapsed="0.076536"/>
</kw>
<kw name="Set Variable" owner="BuiltIn">
<msg time="2024-06-17T20:13:38.299192" level="INFO">${json_data} = {'results': [{'gender': 'female', 'name': {'title': 'Mrs', 'first': 'Georgina', 'last': 'Paredes'}, 'location': {'street': {'number': 4084, 'name': 'Ampliación Zacatecas'}, 'city': 'Suchil', 'state': ...</msg>
<var>${json_data}</var>
<arg>${response.json()}</arg>
<doc>Returns the given values which can then be assigned to a variables.</doc>
<status status="PASS" start="2024-06-17T20:13:38.298670" elapsed="0.000552"/>
</kw>
<kw name="Log" owner="BuiltIn">
<msg time="2024-06-17T20:13:38.299743" level="INFO">{'results': [{'gender': 'female', 'name': {'title': 'Mrs', 'first': 'Georgina', 'last': 'Paredes'}, 'location': {'street': {'number': 4084, 'name': 'Ampliación Zacatecas'}, 'city': 'Suchil', 'state': 'Zacatecas', 'country': 'Mexico', 'postcode': 69221, 'coordinates': {'latitude': '28.0115', 'longitude': '33.3687'}, 'timezone': {'offset': '+2:00', 'description': 'Kaliningrad, South Africa'}}, 'email': 'georgina.paredes@example.com', 'login': {'uuid': '6a8860df-a786-4fa1-a0d3-202c63319a36', 'username': 'bluecat155', 'password': 'stimpy', 'salt': 'CFz9QeNd', 'md5': '561156d6b3f5815333f0e4a460349d3e', 'sha1': '960e44bdfc559855b1dae2cc52079d09fd4e88bb', 'sha256': '9699cdddfd5b9a9814586c54cb76d04cdd3b6a7e97b8b493eb611c9f79277ae3'}, 'dob': {'date': '1952-11-18T14:11:58.347Z', 'age': 71}, 'registered': {'date': '2017-11-26T14:18:09.273Z', 'age': 6}, 'phone': '(622) 156 2436', 'cell': '(690) 181 6747', 'id': {'name': 'NSS', 'value': '12 69 55 1655 1'}, 'picture': {'large': 'https://randomuser.me/api/portraits/women/40.jpg', 'medium': 'https://randomuser.me/api/portraits/med/women/40.jpg', 'thumbnail': 'https://randomuser.me/api/portraits/thumb/women/40.jpg'}, 'nat': 'MX'}], 'info': {'seed': '3865aad809264245', 'results': 1, 'page': 1, 'version': '1.4'}}</msg>
<arg>${json_data}</arg>
<doc>Logs the given message with the given level.</doc>
<status status="PASS" start="2024-06-17T20:13:38.299537" elapsed="0.000259"/>
</kw>
<kw name="Dictionary Should Contain Key" owner="Collections">
<arg>${json_data}</arg>
<arg>results</arg>
<doc>Fails if ``key`` is not found from ``dictionary``.</doc>
<status status="PASS" start="2024-06-17T20:13:38.300100" elapsed="0.000163"/>
</kw>
<kw name="Should Not Be Empty" owner="BuiltIn">
<msg time="2024-06-17T20:13:38.300578" level="INFO">Length is 2.</msg>
<arg>${json_data}</arg>
<doc>Verifies that the given item is not empty.</doc>
<status status="PASS" start="2024-06-17T20:13:38.300452" elapsed="0.000164"/>
</kw>
<kw name="Create List" owner="BuiltIn">
<msg time="2024-06-17T20:13:38.301057" level="INFO">${expected_keys} = ['gender', 'name', 'location', 'email', 'login']</msg>
<var>${expected_keys}</var>
<arg>gender</arg>
<arg>name</arg>
<arg>location</arg>
<arg>email</arg>
<arg>login</arg>
<doc>Returns a list containing given items.</doc>
<status status="PASS" start="2024-06-17T20:13:38.300909" elapsed="0.000173"/>
</kw>
<for flavor="IN">
<iter>
<kw name="Dictionary Should Contain Key" owner="Collections">
<arg>${json_data['results'][0]}</arg>
<arg>${key}</arg>
<doc>Fails if ``key`` is not found from ``dictionary``.</doc>
<status status="PASS" start="2024-06-17T20:13:38.301683" elapsed="0.000419"/>
</kw>
<kw name="Log" owner="BuiltIn">
<msg time="2024-06-17T20:13:38.302669" level="INFO">{'gender': 'female', 'name': {'title': 'Mrs', 'first': 'Georgina', 'last': 'Paredes'}, 'location': {'street': {'number': 4084, 'name': 'Ampliación Zacatecas'}, 'city': 'Suchil', 'state': 'Zacatecas', 'country': 'Mexico', 'postcode': 69221, 'coordinates': {'latitude': '28.0115', 'longitude': '33.3687'}, 'timezone': {'offset': '+2:00', 'description': 'Kaliningrad, South Africa'}}, 'email': 'georgina.paredes@example.com', 'login': {'uuid': '6a8860df-a786-4fa1-a0d3-202c63319a36', 'username': 'bluecat155', 'password': 'stimpy', 'salt': 'CFz9QeNd', 'md5': '561156d6b3f5815333f0e4a460349d3e', 'sha1': '960e44bdfc559855b1dae2cc52079d09fd4e88bb', 'sha256': '9699cdddfd5b9a9814586c54cb76d04cdd3b6a7e97b8b493eb611c9f79277ae3'}, 'dob': {'date': '1952-11-18T14:11:58.347Z', 'age': 71}, 'registered': {'date': '2017-11-26T14:18:09.273Z', 'age': 6}, 'phone': '(622) 156 2436', 'cell': '(690) 181 6747', 'id': {'name': 'NSS', 'value': '12 69 55 1655 1'}, 'picture': {'large': 'https://randomuser.me/api/portraits/women/40.jpg', 'medium': 'https://randomuser.me/api/portraits/med/women/40.jpg', 'thumbnail': 'https://randomuser.me/api/portraits/thumb/women/40.jpg'}, 'nat': 'MX'}</msg>
<arg>${json_data['results'][0]}</arg>
<doc>Logs the given message with the given level.</doc>
<status status="PASS" start="2024-06-17T20:13:38.302298" elapsed="0.000423"/>
</kw>
<kw name="Log" owner="BuiltIn">
<msg time="2024-06-17T20:13:38.303150" level="INFO">gender</msg>
<arg>${key}</arg>
<doc>Logs the given message with the given level.</doc>
<status status="PASS" start="2024-06-17T20:13:38.303021" elapsed="0.000167"/>
</kw>
<var name="${key}">gender</var>
<status status="PASS" start="2024-06-17T20:13:38.301556" elapsed="0.001852"/>
</iter>
<iter>
<kw name="Dictionary Should Contain Key" owner="Collections">
<arg>${json_data['results'][0]}</arg>
<arg>${key}</arg>
<doc>Fails if ``key`` is not found from ``dictionary``.</doc>
<status status="PASS" start="2024-06-17T20:13:38.303754" elapsed="0.000394"/>
</kw>
<kw name="Log" owner="BuiltIn">
<msg time="2024-06-17T20:13:38.304687" level="INFO">{'gender': 'female', 'name': {'title': 'Mrs', 'first': 'Georgina', 'last': 'Paredes'}, 'location': {'street': {'number': 4084, 'name': 'Ampliación Zacatecas'}, 'city': 'Suchil', 'state': 'Zacatecas', 'country': 'Mexico', 'postcode': 69221, 'coordinates': {'latitude': '28.0115', 'longitude': '33.3687'}, 'timezone': {'offset': '+2:00', 'description': 'Kaliningrad, South Africa'}}, 'email': 'georgina.paredes@example.com', 'login': {'uuid': '6a8860df-a786-4fa1-a0d3-202c63319a36', 'username': 'bluecat155', 'password': 'stimpy', 'salt': 'CFz9QeNd', 'md5': '561156d6b3f5815333f0e4a460349d3e', 'sha1': '960e44bdfc559855b1dae2cc52079d09fd4e88bb', 'sha256': '9699cdddfd5b9a9814586c54cb76d04cdd3b6a7e97b8b493eb611c9f79277ae3'}, 'dob': {'date': '1952-11-18T14:11:58.347Z', 'age': 71}, 'registered': {'date': '2017-11-26T14:18:09.273Z', 'age': 6}, 'phone': '(622) 156 2436', 'cell': '(690) 181 6747', 'id': {'name': 'NSS', 'value': '12 69 55 1655 1'}, 'picture': {'large': 'https://randomuser.me/api/portraits/women/40.jpg', 'medium': 'https://randomuser.me/api/portraits/med/women/40.jpg', 'thumbnail': 'https://randomuser.me/api/portraits/thumb/women/40.jpg'}, 'nat': 'MX'}</msg>
<arg>${json_data['results'][0]}</arg>
<doc>Logs the given message with the given level.</doc>
<status status="PASS" start="2024-06-17T20:13:38.304336" elapsed="0.000435"/>
</kw>
<kw name="Log" owner="BuiltIn">
<msg time="2024-06-17T20:13:38.305223" level="INFO">name</msg>
<arg>${key}</arg>
<doc>Logs the given message with the given level.</doc>
<status status="PASS" start="2024-06-17T20:13:38.305089" elapsed="0.000172"/>
</kw>
<var name="${key}">name</var>
<status status="PASS" start="2024-06-17T20:13:38.303630" elapsed="0.001861"/>
</iter>
<iter>
<kw name="Dictionary Should Contain Key" owner="Collections">
<arg>${json_data['results'][0]}</arg>
<arg>${key}</arg>
<doc>Fails if ``key`` is not found from ``dictionary``.</doc>
<status status="PASS" start="2024-06-17T20:13:38.305787" elapsed="0.000383"/>
</kw>
<kw name="Log" owner="BuiltIn">
<msg time="2024-06-17T20:13:38.306734" level="INFO">{'gender': 'female', 'name': {'title': 'Mrs', 'first': 'Georgina', 'last': 'Paredes'}, 'location': {'street': {'number': 4084, 'name': 'Ampliación Zacatecas'}, 'city': 'Suchil', 'state': 'Zacatecas', 'country': 'Mexico', 'postcode': 69221, 'coordinates': {'latitude': '28.0115', 'longitude': '33.3687'}, 'timezone': {'offset': '+2:00', 'description': 'Kaliningrad, South Africa'}}, 'email': 'georgina.paredes@example.com', 'login': {'uuid': '6a8860df-a786-4fa1-a0d3-202c63319a36', 'username': 'bluecat155', 'password': 'stimpy', 'salt': 'CFz9QeNd', 'md5': '561156d6b3f5815333f0e4a460349d3e', 'sha1': '960e44bdfc559855b1dae2cc52079d09fd4e88bb', 'sha256': '9699cdddfd5b9a9814586c54cb76d04cdd3b6a7e97b8b493eb611c9f79277ae3'}, 'dob': {'date': '1952-11-18T14:11:58.347Z', 'age': 71}, 'registered': {'date': '2017-11-26T14:18:09.273Z', 'age': 6}, 'phone': '(622) 156 2436', 'cell': '(690) 181 6747', 'id': {'name': 'NSS', 'value': '12 69 55 1655 1'}, 'picture': {'large': 'https://randomuser.me/api/portraits/women/40.jpg', 'medium': 'https://randomuser.me/api/portraits/med/women/40.jpg', 'thumbnail': 'https://randomuser.me/api/portraits/thumb/women/40.jpg'}, 'nat': 'MX'}</msg>
<arg>${json_data['results'][0]}</arg>
<doc>Logs the given message with the given level.</doc>
<status status="PASS" start="2024-06-17T20:13:38.306369" elapsed="0.000415"/>
</kw>
<kw name="Log" owner="BuiltIn">
<msg time="2024-06-17T20:13:38.307207" level="INFO">location</msg>
<arg>${key}</arg>
<doc>Logs the given message with the given level.</doc>
<status status="PASS" start="2024-06-17T20:13:38.307081" elapsed="0.000164"/>
</kw>
<var name="${key}">location</var>
<status status="PASS" start="2024-06-17T20:13:38.305676" elapsed="0.001784"/>
</iter>
<iter>
<kw name="Dictionary Should Contain Key" owner="Collections">
<arg>${json_data['results'][0]}</arg>
<arg>${key}</arg>
<doc>Fails if ``key`` is not found from ``dictionary``.</doc>
<status status="PASS" start="2024-06-17T20:13:38.307783" elapsed="0.000382"/>
</kw>
<kw name="Log" owner="BuiltIn">
<msg time="2024-06-17T20:13:38.308711" level="INFO">{'gender': 'female', 'name': {'title': 'Mrs', 'first': 'Georgina', 'last': 'Paredes'}, 'location': {'street': {'number': 4084, 'name': 'Ampliación Zacatecas'}, 'city': 'Suchil', 'state': 'Zacatecas', 'country': 'Mexico', 'postcode': 69221, 'coordinates': {'latitude': '28.0115', 'longitude': '33.3687'}, 'timezone': {'offset': '+2:00', 'description': 'Kaliningrad, South Africa'}}, 'email': 'georgina.paredes@example.com', 'login': {'uuid': '6a8860df-a786-4fa1-a0d3-202c63319a36', 'username': 'bluecat155', 'password': 'stimpy', 'salt': 'CFz9QeNd', 'md5': '561156d6b3f5815333f0e4a460349d3e', 'sha1': '960e44bdfc559855b1dae2cc52079d09fd4e88bb', 'sha256': '9699cdddfd5b9a9814586c54cb76d04cdd3b6a7e97b8b493eb611c9f79277ae3'}, 'dob': {'date': '1952-11-18T14:11:58.347Z', 'age': 71}, 'registered': {'date': '2017-11-26T14:18:09.273Z', 'age': 6}, 'phone': '(622) 156 2436', 'cell': '(690) 181 6747', 'id': {'name': 'NSS', 'value': '12 69 55 1655 1'}, 'picture': {'large': 'https://randomuser.me/api/portraits/women/40.jpg', 'medium': 'https://randomuser.me/api/portraits/med/women/40.jpg', 'thumbnail': 'https://randomuser.me/api/portraits/thumb/women/40.jpg'}, 'nat': 'MX'}</msg>
<arg>${json_data['results'][0]}</arg>
<doc>Logs the given message with the given level.</doc>
<status status="PASS" start="2024-06-17T20:13:38.308349" elapsed="0.000423"/>
</kw>
<kw name="Log" owner="BuiltIn">
<msg time="2024-06-17T20:13:38.309205" level="INFO">email</msg>
<arg>${key}</arg>
<doc>Logs the given message with the given level.</doc>
<status status="PASS" start="2024-06-17T20:13:38.309076" elapsed="0.000169"/>
</kw>
<var name="${key}">email</var>
<status status="PASS" start="2024-06-17T20:13:38.307670" elapsed="0.001791"/>
</iter>
<iter>
<kw name="Dictionary Should Contain Key" owner="Collections">
<arg>${json_data['results'][0]}</arg>
<arg>${key}</arg>
<doc>Fails if ``key`` is not found from ``dictionary``.</doc>
<status status="PASS" start="2024-06-17T20:13:38.309746" elapsed="0.000384"/>
</kw>
<kw name="Log" owner="BuiltIn">
<msg time="2024-06-17T20:13:38.310666" level="INFO">{'gender': 'female', 'name': {'title': 'Mrs', 'first': 'Georgina', 'last': 'Paredes'}, 'location': {'street': {'number': 4084, 'name': 'Ampliación Zacatecas'}, 'city': 'Suchil', 'state': 'Zacatecas', 'country': 'Mexico', 'postcode': 69221, 'coordinates': {'latitude': '28.0115', 'longitude': '33.3687'}, 'timezone': {'offset': '+2:00', 'description': 'Kaliningrad, South Africa'}}, 'email': 'georgina.paredes@example.com', 'login': {'uuid': '6a8860df-a786-4fa1-a0d3-202c63319a36', 'username': 'bluecat155', 'password': 'stimpy', 'salt': 'CFz9QeNd', 'md5': '561156d6b3f5815333f0e4a460349d3e', 'sha1': '960e44bdfc559855b1dae2cc52079d09fd4e88bb', 'sha256': '9699cdddfd5b9a9814586c54cb76d04cdd3b6a7e97b8b493eb611c9f79277ae3'}, 'dob': {'date': '1952-11-18T14:11:58.347Z', 'age': 71}, 'registered': {'date': '2017-11-26T14:18:09.273Z', 'age': 6}, 'phone': '(622) 156 2436', 'cell': '(690) 181 6747', 'id': {'name': 'NSS', 'value': '12 69 55 1655 1'}, 'picture': {'large': 'https://randomuser.me/api/portraits/women/40.jpg', 'medium': 'https://randomuser.me/api/portraits/med/women/40.jpg', 'thumbnail': 'https://randomuser.me/api/portraits/thumb/women/40.jpg'}, 'nat': 'MX'}</msg>
<arg>${json_data['results'][0]}</arg>
<doc>Logs the given message with the given level.</doc>
<status status="PASS" start="2024-06-17T20:13:38.310313" elapsed="0.000403"/>
</kw>
<kw name="Log" owner="BuiltIn">
<msg time="2024-06-17T20:13:38.311258" level="INFO">login</msg>
<arg>${key}</arg>
<doc>Logs the given message with the given level.</doc>
<status status="PASS" start="2024-06-17T20:13:38.311015" elapsed="0.000281"/>
</kw>
<var name="${key}">login</var>
<status status="PASS" start="2024-06-17T20:13:38.309637" elapsed="0.001876"/>
</iter>
<var>${key}</var>
<value>@{expected_keys}</value>
<status status="PASS" start="2024-06-17T20:13:38.301353" elapsed="0.010307"/>
</for>
<kw name="Create List" owner="BuiltIn">
<msg time="2024-06-17T20:13:38.312028" level="INFO">${expected_keysTwo} = ['username', 'password']</msg>
<var>${expected_keysTwo}</var>
<arg>username</arg>
<arg>password</arg>
<doc>Returns a list containing given items.</doc>
<status status="PASS" start="2024-06-17T20:13:38.311858" elapsed="0.000194"/>
</kw>
<for flavor="IN">
<iter>
<kw name="Dictionary Should Contain Key" owner="Collections">
<arg>${json_data['results'][0]['login']}</arg>
<arg>${keyTwo}</arg>
<doc>Fails if ``key`` is not found from ``dictionary``.</doc>
<status status="PASS" start="2024-06-17T20:13:38.312603" elapsed="0.000409"/>
</kw>
<kw name="Dictionary Should Contain Key" owner="Collections">
<arg>${json_data['results'][0]['login']}</arg>
<arg>${keyTwo}</arg>
<doc>Fails if ``key`` is not found from ``dictionary``.</doc>
<status status="PASS" start="2024-06-17T20:13:38.313197" elapsed="0.000392"/>
</kw>
<kw name="Log" owner="BuiltIn">
<msg time="2024-06-17T20:13:38.313890" level="INFO">username</msg>
<arg>${keyTwo}</arg>
<doc>Logs the given message with the given level.</doc>
<status status="PASS" start="2024-06-17T20:13:38.313770" elapsed="0.000157"/>
</kw>
<var name="${keyTwo}">username</var>
<status status="PASS" start="2024-06-17T20:13:38.312456" elapsed="0.001692"/>
</iter>
<iter>
<kw name="Dictionary Should Contain Key" owner="Collections">
<arg>${json_data['results'][0]['login']}</arg>
<arg>${keyTwo}</arg>
<doc>Fails if ``key`` is not found from ``dictionary``.</doc>
<status status="PASS" start="2024-06-17T20:13:38.314429" elapsed="0.000379"/>
</kw>
<kw name="Dictionary Should Contain Key" owner="Collections">
<arg>${json_data['results'][0]['login']}</arg>
<arg>${keyTwo}</arg>
<doc>Fails if ``key`` is not found from ``dictionary``.</doc>
<status status="PASS" start="2024-06-17T20:13:38.314987" elapsed="0.000396"/>
</kw>
<kw name="Log" owner="BuiltIn">
<msg time="2024-06-17T20:13:38.315724" level="INFO">password</msg>
<arg>${keyTwo}</arg>
<doc>Logs the given message with the given level.</doc>
<status status="PASS" start="2024-06-17T20:13:38.315565" elapsed="0.000199"/>
</kw>
<var name="${keyTwo}">password</var>
<status status="PASS" start="2024-06-17T20:13:38.314322" elapsed="0.001669"/>
</iter>
<var>${keyTwo}</var>
<value>@{expected_keysTwo}</value>
<status status="PASS" start="2024-06-17T20:13:38.312293" elapsed="0.003822"/>
</for>
<status status="PASS" start="2024-06-17T20:13:38.221372" elapsed="0.094887"/>
</kw>
<doc>Testa a estrutura da resposta da API.</doc>
<tag>testeEstruturaResposta</tag>
<status status="PASS" start="2024-06-17T20:13:38.220688" elapsed="0.095736"/>
</test>
<test id="s1-s1-t4" name="Validar tipos de dados" line="28">
<kw name="Teste de Tipos de Dados" owner="random-user-service">
<kw name="GET On Session" owner="RequestsLibrary">
<msg time="2024-06-17T20:13:38.397988" level="INFO">GET Request : url=https://randomuser.me/api 
 path_url=/api 
 headers={'User-Agent': 'python-requests/2.32.3', 'Accept-Encoding': 'gzip, deflate', 'Accept': '*/*', 'Connection': 'keep-alive'} 
 body=None 
 </msg>
<msg time="2024-06-17T20:13:38.398085" level="INFO">GET Response : url=https://randomuser.me/api 
 status=200, reason=OK 
 headers={'Date': 'Mon, 17 Jun 2024 20:13:38 GMT', 'Content-Type': 'application/json; charset=utf-8', 'Transfer-Encoding': 'chunked', 'Connection': 'keep-alive', 'X-Powered-By': 'Express', 'Access-Control-Allow-Origin': '*', 'Cache-Control': 'no-cache', 'ETag': 'W/"489-DSqbNx2qGr+R3ysNqIgUjkXAa7k"', 'Vary': 'Accept-Encoding', 'Content-Encoding': 'gzip', 'CF-Cache-Status': 'DYNAMIC', 'Report-To': '{"endpoints":[{"url":"https:\\/\\/a.nel.cloudflare.com\\/report\\/v4?s=BDFvGA5ZF0kBlHusP47%2BB0gMHFCQwg%2BPmFW5wCBFzckPwP2rEc7pKwsBks9LMHAmh3JioIDHUuswtITOjU7Hqay7zXb1Q49wb%2FTMAeHeQ8Ay9%2BBSlgQMeWSf6OC0kw9v"}],"group":"cf-nel","max_age":604800}', 'NEL': '{"success_fraction":0,"report_to":"cf-nel","max_age":604800}', 'Server': 'cloudflare', 'CF-RAY': '8955b38a8e03e1df-ORD', 'alt-svc': 'h3=":443"; ma=86400'} 
 body={"results":[{"gender":"female","name":{"title":"Ms","first":"Nívia","last":"da Conceição"},"location":{"street":{"number":2562,"name":"Rua São Pedro "},"city":"Magé","state":"Alagoas","country":"Brazil","postcode":81754,"coordinates":{"latitude":"-73.9315","longitude":"63.3568"},"timezone":{"offset":"+5:45","description":"Kathmandu"}},"email":"nivia.daconceicao@example.com","login":{"uuid":"b3eb4c80-cbca-4bf3-8476-70e8c0693879","username":"happykoala113","password":"hoops","salt":"TUOS9mct","md5":"85809f0a43dd60ecf13c192211bb299c","sha1":"23e8aedfd059d36392cfd9e2ab312529fb2d263c","sha256":"21bb4cf0494e1b9a7a4df0ca8a34ef32ba8df85f2280c2a3fbe6b5e062ac0309"},"dob":{"date":"1995-09-17T16:43:17.442Z","age":28},"registered":{"date":"2013-05-05T05:09:03.464Z","age":11},"phone":"(03) 6254-5789","cell":"(42) 9140-2346","id":{"name":"CPF","value":"900.387.849-77"},"picture":{"large":"https://randomuser.me/api/portraits/women/74.jpg","medium":"https://randomuser.me/api/portraits/med/women/74.jpg","thumbnail":"https://randomuser.me/api/portraits/thumb/women/74.jpg"},"nat":"BR"}],"info":{"seed":"f56fc344e3e1bc6d","results":1,"page":1,"version":"1.4"}} 
 </msg>
<msg time="2024-06-17T20:13:38.398156" level="INFO">/opt/hostedtoolcache/Python/3.12.3/x64/lib/python3.12/site-packages/urllib3/connectionpool.py:1099: InsecureRequestWarning: Unverified HTTPS request is being made to host 'randomuser.me'. Adding certificate verification is strongly advised. See: https://urllib3.readthedocs.io/en/latest/advanced-usage.html#tls-warnings
  warnings.warn(</msg>
<msg time="2024-06-17T20:13:38.398275" level="INFO">${response} = &lt;Response [200]&gt;</msg>
<var>${response}</var>
<arg>consultarAPI</arg>
<arg>/api</arg>
<doc>Sends a GET request on a previously created HTTP Session.</doc>
<status status="PASS" start="2024-06-17T20:13:38.318966" elapsed="0.079338"/>
</kw>
<kw name="Set Variable" owner="BuiltIn">
<msg time="2024-06-17T20:13:38.399379" level="INFO">${json_data} = {'results': [{'gender': 'female', 'name': {'title': 'Ms', 'first': 'Nívia', 'last': 'da Conceição'}, 'location': {'street': {'number': 2562, 'name': 'Rua São Pedro '}, 'city': 'Magé', 'state': 'Alagoa...</msg>
<var>${json_data}</var>
<arg>${response.json()}</arg>
<doc>Returns the given values which can then be assigned to a variables.</doc>
<status status="PASS" start="2024-06-17T20:13:38.398854" elapsed="0.000557"/>
</kw>
<kw name="Log" owner="BuiltIn">
<msg time="2024-06-17T20:13:38.399929" level="INFO">{'results': [{'gender': 'female', 'name': {'title': 'Ms', 'first': 'Nívia', 'last': 'da Conceição'}, 'location': {'street': {'number': 2562, 'name': 'Rua São Pedro '}, 'city': 'Magé', 'state': 'Alagoas', 'country': 'Brazil', 'postcode': 81754, 'coordinates': {'latitude': '-73.9315', 'longitude': '63.3568'}, 'timezone': {'offset': '+5:45', 'description': 'Kathmandu'}}, 'email': 'nivia.daconceicao@example.com', 'login': {'uuid': 'b3eb4c80-cbca-4bf3-8476-70e8c0693879', 'username': 'happykoala113', 'password': 'hoops', 'salt': 'TUOS9mct', 'md5': '85809f0a43dd60ecf13c192211bb299c', 'sha1': '23e8aedfd059d36392cfd9e2ab312529fb2d263c', 'sha256': '21bb4cf0494e1b9a7a4df0ca8a34ef32ba8df85f2280c2a3fbe6b5e062ac0309'}, 'dob': {'date': '1995-09-17T16:43:17.442Z', 'age': 28}, 'registered': {'date': '2013-05-05T05:09:03.464Z', 'age': 11}, 'phone': '(03) 6254-5789', 'cell': '(42) 9140-2346', 'id': {'name': 'CPF', 'value': '900.387.849-77'}, 'picture': {'large': 'https://randomuser.me/api/portraits/women/74.jpg', 'medium': 'https://randomuser.me/api/portraits/med/women/74.jpg', 'thumbnail': 'https://randomuser.me/api/portraits/thumb/women/74.jpg'}, 'nat': 'BR'}], 'info': {'seed': 'f56fc344e3e1bc6d', 'results': 1, 'page': 1, 'version': '1.4'}}</msg>
<arg>${json_data}</arg>
<doc>Logs the given message with the given level.</doc>
<status status="PASS" start="2024-06-17T20:13:38.399757" elapsed="0.000221"/>
</kw>
<kw name="Should Be String" owner="String">
<arg>${json_data['results'][0]['gender']}</arg>
<doc>Fails if the given ``item`` is not a string.</doc>
<status status="PASS" start="2024-06-17T20:13:38.400284" elapsed="0.000362"/>
</kw>
<kw name="Should Match Regexp" owner="BuiltIn">
<arg>${json_data['results'][0]['email']}</arg>
<arg>^[a-zA-Z0-9._%+-]+@[a-zA-Z0-9.-]+\.[a-zA-Z]{2,}$</arg>
<doc>Fails if ``string`` does not match ``pattern`` as a regular expression.</doc>
<status status="PASS" start="2024-06-17T20:13:38.400834" elapsed="0.000562"/>
</kw>
<kw name="Should Match Regexp" owner="BuiltIn">
<arg>${json_data['results'][0]['dob']['date']}</arg>
<arg>\\d{4}-\\d{2}-\\d{2}T\\d{2}:\\d{2}:\\d{2}\\.\\d{3}Z</arg>
<doc>Fails if ``string`` does not match ``pattern`` as a regular expression.</doc>
<status status="PASS" start="2024-06-17T20:13:38.401592" elapsed="0.000491"/>
</kw>
<kw name="Should Match Regexp" owner="BuiltIn">
<arg>${json_data['results'][0]['registered']['date']}</arg>
<arg>\\d{4}-\\d{2}-\\d{2}T\\d{2}:\\d{2}:\\d{2}\\.\\d{3}Z</arg>
<doc>Fails if ``string`` does not match ``pattern`` as a regular expression.</doc>
<status status="PASS" start="2024-06-17T20:13:38.402274" elapsed="0.000363"/>
</kw>
<kw name="Should Match Regexp" owner="BuiltIn">
<arg>${json_data['results'][0]['picture']['large']}</arg>
<arg>^https?://.*\.(?:png|jpe?g|gif|bmp)$</arg>
<doc>Fails if ``string`` does not match ``pattern`` as a regular expression.</doc>
<status status="PASS" start="2024-06-17T20:13:38.402824" elapsed="0.000459"/>
</kw>
<kw name="Should Match Regexp" owner="BuiltIn">
<arg>${json_data['results'][0]['picture']['medium']}</arg>
<arg>^https?://.*\.(?:png|jpe?g|gif|bmp)$</arg>
<doc>Fails if ``string`` does not match ``pattern`` as a regular expression.</doc>
<status status="PASS" start="2024-06-17T20:13:38.403478" elapsed="0.000379"/>
</kw>
<kw name="Should Match Regexp" owner="BuiltIn">
<arg>${json_data['results'][0]['picture']['thumbnail']}</arg>
<arg>^https?://.*\.(?:png|jpe?g|gif|bmp)$</arg>
<doc>Fails if ``string`` does not match ``pattern`` as a regular expression.</doc>
<status status="PASS" start="2024-06-17T20:13:38.404051" elapsed="0.000353"/>
</kw>
<kw name="Log" owner="BuiltIn">
<msg time="2024-06-17T20:13:38.404916" level="INFO">{'large': 'https://randomuser.me/api/portraits/women/74.jpg', 'medium': 'https://randomuser.me/api/portraits/med/women/74.jpg', 'thumbnail': 'https://randomuser.me/api/portraits/thumb/women/74.jpg'}</msg>
<arg>${json_data['results'][0]['picture']}</arg>
<doc>Logs the given message with the given level.</doc>
<status status="PASS" start="2024-06-17T20:13:38.404586" elapsed="0.000373"/>
</kw>
<status status="PASS" start="2024-06-17T20:13:38.318727" elapsed="0.086490"/>
</kw>
<kw name="Teste de Tipos de Dados - Postcode" owner="random-user-service">
<kw name="GET On Session" owner="RequestsLibrary">
<msg time="2024-06-17T20:13:38.501145" level="INFO">GET Request : url=https://randomuser.me/api 
 path_url=/api 
 headers={'User-Agent': 'python-requests/2.32.3', 'Accept-Encoding': 'gzip, deflate', 'Accept': '*/*', 'Connection': 'keep-alive'} 
 body=None 
 </msg>
<msg time="2024-06-17T20:13:38.501244" level="INFO">GET Response : url=https://randomuser.me/api 
 status=200, reason=OK 
 headers={'Date': 'Mon, 17 Jun 2024 20:13:38 GMT', 'Content-Type': 'application/json; charset=utf-8', 'Transfer-Encoding': 'chunked', 'Connection': 'keep-alive', 'X-Powered-By': 'Express', 'Access-Control-Allow-Origin': '*', 'Cache-Control': 'no-cache', 'ETag': 'W/"490-0m5p6mDxrA+ra7dnj1eQTfJLhdw"', 'Vary': 'Accept-Encoding', 'Content-Encoding': 'gzip', 'CF-Cache-Status': 'DYNAMIC', 'Report-To': '{"endpoints":[{"url":"https:\\/\\/a.nel.cloudflare.com\\/report\\/v4?s=9LDFKpbq7BGOjU3Nzhg0NjX0s0m1pMO4vLgi1hBInnYrT0DVFFan%2F2ge37IZ0lqLOKpKwwHglQe5FbbUwtjKaA8a79LP0AuuOJuveTFdnEwOJHYwBCnO%2BIV%2FCGz3PdZA"}],"group":"cf-nel","max_age":604800}', 'NEL': '{"success_fraction":0,"report_to":"cf-nel","max_age":604800}', 'Server': 'cloudflare', 'CF-RAY': '8955b38b0e90e1df-ORD', 'alt-svc': 'h3=":443"; ma=86400'} 
 body={"results":[{"gender":"male","name":{"title":"Mr","first":"Vilho","last":"Lauri"},"location":{"street":{"number":1694,"name":"Itsenäisyydenkatu"},"city":"Ii","state":"Päijät-Häme","country":"Finland","postcode":20079,"coordinates":{"latitude":"-22.7663","longitude":"-91.1652"},"timezone":{"offset":"+1:00","description":"Brussels, Copenhagen, Madrid, Paris"}},"email":"vilho.lauri@example.com","login":{"uuid":"f7724291-be61-46f3-9582-4fcddc569058","username":"lazydog349","password":"engine","salt":"R6xgA7mu","md5":"a0c8d7111ae42c26af434524b276c39c","sha1":"869e583a60df1cdc17dc6b2ed7aefc182c119719","sha256":"dca840d75cd4676a4744418629b32b4fad6961fd6348c674f094458260b15ccf"},"dob":{"date":"1998-08-18T05:12:16.175Z","age":25},"registered":{"date":"2018-02-13T21:24:34.813Z","age":6},"phone":"08-733-503","cell":"045-028-75-58","id":{"name":"HETU","value":"NaNNA329undefined"},"picture":{"large":"https://randomuser.me/api/portraits/men/84.jpg","medium":"https://randomuser.me/api/portraits/med/men/84.jpg","thumbnail":"https://randomuser.me/api/portraits/thumb/men/84.jpg"},"nat":"FI"}],"info":{"seed":"5d7790d3c7edfca2","results":1,"page":1,"version":"1.4"}} 
 </msg>
<msg time="2024-06-17T20:13:38.501335" level="INFO">/opt/hostedtoolcache/Python/3.12.3/x64/lib/python3.12/site-packages/urllib3/connectionpool.py:1099: InsecureRequestWarning: Unverified HTTPS request is being made to host 'randomuser.me'. Adding certificate verification is strongly advised. See: https://urllib3.readthedocs.io/en/latest/advanced-usage.html#tls-warnings
  warnings.warn(</msg>
<msg time="2024-06-17T20:13:38.501456" level="INFO">${response} = &lt;Response [200]&gt;</msg>
<var>${response}</var>
<arg>consultarAPI</arg>
<arg>/api</arg>
<doc>Sends a GET request on a previously created HTTP Session.</doc>
<status status="PASS" start="2024-06-17T20:13:38.405710" elapsed="0.095789"/>
</kw>
<kw name="Set Variable" owner="BuiltIn">
<msg time="2024-06-17T20:13:38.502948" level="INFO">${json_data} = {'results': [{'gender': 'male', 'name': {'title': 'Mr', 'first': 'Vilho', 'last': 'Lauri'}, 'location': {'street': {'number': 1694, 'name': 'Itsenäisyydenkatu'}, 'city': 'Ii', 'state': 'Päijät-Häme', ...</msg>
<var>${json_data}</var>
<arg>${response.json()}</arg>
<doc>Returns the given values which can then be assigned to a variables.</doc>
<status status="PASS" start="2024-06-17T20:13:38.502134" elapsed="0.000865"/>
</kw>
<kw name="Log" owner="BuiltIn">
<msg time="2024-06-17T20:13:38.503742" level="INFO">{'results': [{'gender': 'male', 'name': {'title': 'Mr', 'first': 'Vilho', 'last': 'Lauri'}, 'location': {'street': {'number': 1694, 'name': 'Itsenäisyydenkatu'}, 'city': 'Ii', 'state': 'Päijät-Häme', 'country': 'Finland', 'postcode': 20079, 'coordinates': {'latitude': '-22.7663', 'longitude': '-91.1652'}, 'timezone': {'offset': '+1:00', 'description': 'Brussels, Copenhagen, Madrid, Paris'}}, 'email': 'vilho.lauri@example.com', 'login': {'uuid': 'f7724291-be61-46f3-9582-4fcddc569058', 'username': 'lazydog349', 'password': 'engine', 'salt': 'R6xgA7mu', 'md5': 'a0c8d7111ae42c26af434524b276c39c', 'sha1': '869e583a60df1cdc17dc6b2ed7aefc182c119719', 'sha256': 'dca840d75cd4676a4744418629b32b4fad6961fd6348c674f094458260b15ccf'}, 'dob': {'date': '1998-08-18T05:12:16.175Z', 'age': 25}, 'registered': {'date': '2018-02-13T21:24:34.813Z', 'age': 6}, 'phone': '08-733-503', 'cell': '045-028-75-58', 'id': {'name': 'HETU', 'value': 'NaNNA329undefined'}, 'picture': {'large': 'https://randomuser.me/api/portraits/men/84.jpg', 'medium': 'https://randomuser.me/api/portraits/med/men/84.jpg', 'thumbnail': 'https://randomuser.me/api/portraits/thumb/men/84.jpg'}, 'nat': 'FI'}], 'info': {'seed': '5d7790d3c7edfca2', 'results': 1, 'page': 1, 'version': '1.4'}}</msg>
<arg>${json_data}</arg>
<doc>Logs the given message with the given level.</doc>
<status status="PASS" start="2024-06-17T20:13:38.503471" elapsed="0.000350"/>
</kw>
<kw name="Should Be Equal As Numbers" owner="BuiltIn">
<arg>${json_data['results'][0]['location']['postcode']}</arg>
<arg>${json_data['results'][0]['location']['postcode']}</arg>
<doc>Fails if objects are unequal after converting them to real numbers.</doc>
<status status="PASS" start="2024-06-17T20:13:38.504254" elapsed="0.000685"/>
</kw>
<kw name="Log" owner="BuiltIn">
<msg time="2024-06-17T20:13:38.505478" level="INFO">20079</msg>
<arg>${json_data['results'][0]['location']['postcode']}</arg>
<doc>Logs the given message with the given level.</doc>
<status status="PASS" start="2024-06-17T20:13:38.505137" elapsed="0.000418"/>
</kw>
<status status="PASS" start="2024-06-17T20:13:38.405460" elapsed="0.100358"/>
</kw>
<doc>Testa se os tipos de dados na resposta da API estão corretos.</doc>
<tag>testeTiposDados</tag>
<status status="PASS" start="2024-06-17T20:13:38.318263" elapsed="0.187731"/>
</test>
<test id="s1-s1-t5" name="Validar conteudo" line="35">
<kw name="Teste de Tipos de Conteudo" owner="random-user-service">
<kw name="GET On Session" owner="RequestsLibrary">
<msg time="2024-06-17T20:13:38.614222" level="INFO">GET Request : url=https://randomuser.me/api 
 path_url=/api 
 headers={'User-Agent': 'python-requests/2.32.3', 'Accept-Encoding': 'gzip, deflate', 'Accept': '*/*', 'Connection': 'keep-alive'} 
 body=None 
 </msg>
<msg time="2024-06-17T20:13:38.614368" level="INFO">GET Response : url=https://randomuser.me/api 
 status=200, reason=OK 
 headers={'Date': 'Mon, 17 Jun 2024 20:13:38 GMT', 'Content-Type': 'application/json; charset=utf-8', 'Transfer-Encoding': 'chunked', 'Connection': 'keep-alive', 'X-Powered-By': 'Express', 'Access-Control-Allow-Origin': '*', 'Cache-Control': 'no-cache', 'ETag': 'W/"48b-ta3tQb4u40HhORH3UKGOjrM+bMQ"', 'Vary': 'Accept-Encoding', 'Content-Encoding': 'gzip', 'CF-Cache-Status': 'DYNAMIC', 'Report-To': '{"endpoints":[{"url":"https:\\/\\/a.nel.cloudflare.com\\/report\\/v4?s=QFnGiC7qLerqBMDOKi4RXIEqVpN6ivbTq%2BY3XXgl7Y0ci9gzypfBl64bTM2CYkZXkdfbVS9dS8m3Isk6merouUKyBIaHhkpj53%2BZRcijSW1krHo%2FBkJD1mGRRSjgWl3k"}],"group":"cf-nel","max_age":604800}', 'NEL': '{"success_fraction":0,"report_to":"cf-nel","max_age":604800}', 'Server': 'cloudflare', 'CF-RAY': '8955b38bbf25e1df-ORD', 'alt-svc': 'h3=":443"; ma=86400'} 
 body={"results":[{"gender":"male","name":{"title":"Mr","first":"Nelson","last":"Gonzalez"},"location":{"street":{"number":5202,"name":"Blossom Hill Rd"},"city":"Carrollton","state":"North Carolina","country":"United States","postcode":58591,"coordinates":{"latitude":"87.1818","longitude":"-137.8196"},"timezone":{"offset":"+4:30","description":"Kabul"}},"email":"nelson.gonzalez@example.com","login":{"uuid":"b5a802a8-8cc3-424c-9a1f-82547f6534f7","username":"beautifulzebra578","password":"ne1469","salt":"HVWokrVI","md5":"7911ea81dfe929c88f8592349608d955","sha1":"0e798cdc74b3e16a1a9da1395071f3cfa6843299","sha256":"10a87ea1e4edea0cae206bb0f893d916813a04376f030bb74254ad7cf2eb8b0f"},"dob":{"date":"1953-03-03T11:02:49.540Z","age":71},"registered":{"date":"2009-02-11T06:15:14.079Z","age":15},"phone":"(594) 422-9405","cell":"(457) 922-6799","id":{"name":"SSN","value":"520-41-2678"},"picture":{"large":"https://randomuser.me/api/portraits/men/26.jpg","medium":"https://randomuser.me/api/portraits/med/men/26.jpg","thumbnail":"https://randomuser.me/api/portraits/thumb/men/26.jpg"},"nat":"US"}],"info":{"seed":"f76e0d47443def67","results":1,"page":1,"version":"1.4"}} 
 </msg>
<msg time="2024-06-17T20:13:38.614484" level="INFO">/opt/hostedtoolcache/Python/3.12.3/x64/lib/python3.12/site-packages/urllib3/connectionpool.py:1099: InsecureRequestWarning: Unverified HTTPS request is being made to host 'randomuser.me'. Adding certificate verification is strongly advised. See: https://urllib3.readthedocs.io/en/latest/advanced-usage.html#tls-warnings
  warnings.warn(</msg>
<msg time="2024-06-17T20:13:38.614660" level="INFO">${response} = &lt;Response [200]&gt;</msg>
<var>${response}</var>
<arg>consultarAPI</arg>
<arg>/api</arg>
<doc>Sends a GET request on a previously created HTTP Session.</doc>
<status status="PASS" start="2024-06-17T20:13:38.508584" elapsed="0.106127"/>
</kw>
<kw name="Set Variable" owner="BuiltIn">
<msg time="2024-06-17T20:13:38.615891" level="INFO">${json_data} = {'results': [{'gender': 'male', 'name': {'title': 'Mr', 'first': 'Nelson', 'last': 'Gonzalez'}, 'location': {'street': {'number': 5202, 'name': 'Blossom Hill Rd'}, 'city': 'Carrollton', 'state': 'Nort...</msg>
<var>${json_data}</var>
<arg>${response.json()}</arg>
<doc>Returns the given values which can then be assigned to a variables.</doc>
<status status="PASS" start="2024-06-17T20:13:38.615310" elapsed="0.000611"/>
</kw>
<kw name="Set Variable" owner="BuiltIn">
<msg time="2024-06-17T20:13:38.616648" level="INFO">${name_title} = Mr</msg>
<var>${name_title}</var>
<arg>${json_data["results"][0]["name"]["title"]}</arg>
<doc>Returns the given values which can then be assigned to a variables.</doc>
<status status="PASS" start="2024-06-17T20:13:38.616247" elapsed="0.000427"/>
</kw>
<kw name="Create List" owner="BuiltIn">
<msg time="2024-06-17T20:13:38.617155" level="INFO">${allowed_titles} = ['Mr', 'Ms', 'Miss', 'Mrs', 'Madame', 'Monsieur']</msg>
<var>${allowed_titles}</var>
<arg>Mr</arg>
<arg>Ms</arg>
<arg>Miss</arg>
<arg>Mrs</arg>
<arg>Madame</arg>
<arg>Monsieur</arg>
<doc>Returns a list containing given items.</doc>
<status status="PASS" start="2024-06-17T20:13:38.616975" elapsed="0.000217"/>
</kw>
<kw name="List Should Contain Value" owner="Collections">
<arg>${allowed_titles}</arg>
<arg>${name_title}</arg>
<doc>Fails if the ``value`` is not found from ``list``.</doc>
<status status="PASS" start="2024-06-17T20:13:38.617517" elapsed="0.000186"/>
</kw>
<kw name="Set Variable" owner="BuiltIn">
<msg time="2024-06-17T20:13:38.618262" level="INFO">${name_country} = US</msg>
<var>${name_country}</var>
<arg>${json_data["results"][0]["nat"]}</arg>
<doc>Returns the given values which can then be assigned to a variables.</doc>
<status status="PASS" start="2024-06-17T20:13:38.617888" elapsed="0.000400"/>
</kw>
<kw name="Create List" owner="BuiltIn">
<msg time="2024-06-17T20:13:38.619178" level="INFO">${list_country} = ['AD', 'AE', 'AF', 'AG', 'AI', 'AL', 'AM', 'AO', 'AQ', 'AR', 'AS', 'AT', 'AU', 'AW', 'AX', 'AZ', 'BA', 'BB', 'BD', 'BE', 'BF', 'BG', 'BH', 'BI', 'BJ', 'BL', 'BM', 'BN', 'BO', 'BQ', 'BR', 'BS', 'BT', '...</msg>
<var>${list_country}</var>
<arg>AD</arg>
<arg>AE</arg>
<arg>AF</arg>
<arg>AG</arg>
<arg>AI</arg>
<arg>AL</arg>
<arg>AM</arg>
<arg>AO</arg>
<arg>AQ</arg>
<arg>AR</arg>
<arg>AS</arg>
<arg>AT</arg>
<arg>AU</arg>
<arg>AW</arg>
<arg>AX</arg>
<arg>AZ</arg>
<arg>BA</arg>
<arg>BB</arg>
<arg>BD</arg>
<arg>BE</arg>
<arg>BF</arg>
<arg>BG</arg>
<arg>BH</arg>
<arg>BI</arg>
<arg>BJ</arg>
<arg>BL</arg>
<arg>BM</arg>
<arg>BN</arg>
<arg>BO</arg>
<arg>BQ</arg>
<arg>BR</arg>
<arg>BS</arg>
<arg>BT</arg>
<arg>BV</arg>
<arg>BW</arg>
<arg>BY</arg>
<arg>BZ</arg>
<arg>CA</arg>
<arg>CC</arg>
<arg>CD</arg>
<arg>CF</arg>
<arg>CG</arg>
<arg>CH</arg>
<arg>CI</arg>
<arg>CK</arg>
<arg>CL</arg>
<arg>CM</arg>
<arg>CN</arg>
<arg>CO</arg>
<arg>CR</arg>
<arg>CU</arg>
<arg>CV</arg>
<arg>CW</arg>
<arg>CX</arg>
<arg>CY</arg>
<arg>CZ</arg>
<arg>DE</arg>
<arg>DJ</arg>
<arg>DK</arg>
<arg>DM</arg>
<arg>DO</arg>
<arg>DZ</arg>
<arg>EC</arg>
<arg>EE</arg>
<arg>EG</arg>
<arg>EH</arg>
<arg>ER</arg>
<arg>ES</arg>
<arg>ET</arg>
<arg>FI</arg>
<arg>FJ</arg>
<arg>FK</arg>
<arg>FM</arg>
<arg>FO</arg>
<arg>FR</arg>
<arg>GA</arg>
<arg>GB</arg>
<arg>GD</arg>
<arg>GE</arg>
<arg>GF</arg>
<arg>GG</arg>
<arg>GH</arg>
<arg>GI</arg>
<arg>GL</arg>
<arg>GM</arg>
<arg>GN</arg>
<arg>GP</arg>
<arg>GQ</arg>
<arg>GR</arg>
<arg>GS</arg>
<arg>GT</arg>
<arg>GU</arg>
<arg>GW</arg>
<arg>GY</arg>
<arg>HK</arg>
<arg>HM</arg>
<arg>HN</arg>
<arg>HR</arg>
<arg>HT</arg>
<arg>HU</arg>
<arg>ID</arg>
<arg>IE</arg>
<arg>IL</arg>
<arg>IM</arg>
<arg>IN</arg>
<arg>IO</arg>
<arg>IQ</arg>
<arg>IR</arg>
<arg>IS</arg>
<arg>IT</arg>
<arg>JE</arg>
<arg>JM</arg>
<arg>JO</arg>
<arg>JP</arg>
<arg>KE</arg>
<arg>KG</arg>
<arg>KH</arg>
<arg>KI</arg>
<arg>KM</arg>
<arg>KN</arg>
<arg>KP</arg>
<arg>KR</arg>
<arg>KW</arg>
<arg>KY</arg>
<arg>KZ</arg>
<arg>LA</arg>
<arg>LB</arg>
<arg>LC</arg>
<arg>LI</arg>
<arg>LK</arg>
<arg>LR</arg>
<arg>LS</arg>
<arg>LT</arg>
<arg>LU</arg>
<arg>LV</arg>
<arg>LY</arg>
<arg>MA</arg>
<arg>MC</arg>
<arg>MD</arg>
<arg>ME</arg>
<arg>MF</arg>
<arg>MG</arg>
<arg>MH</arg>
<arg>MK</arg>
<arg>ML</arg>
<arg>MM</arg>
<arg>MN</arg>
<arg>MO</arg>
<arg>MP</arg>
<arg>MQ</arg>
<arg>MR</arg>
<arg>MS</arg>
<arg>MT</arg>
<arg>MU</arg>
<arg>MV</arg>
<arg>MW</arg>
<arg>MX</arg>
<arg>MY</arg>
<arg>MZ</arg>
<arg>NA</arg>
<arg>NC</arg>
<arg>NE</arg>
<arg>NF</arg>
<arg>NG</arg>
<arg>NI</arg>
<arg>NL</arg>
<arg>NO</arg>
<arg>NP</arg>
<arg>NR</arg>
<arg>NU</arg>
<arg>NZ</arg>
<arg>OM</arg>
<arg>PA</arg>
<arg>PE</arg>
<arg>PF</arg>
<arg>PG</arg>
<arg>PH</arg>
<arg>PK</arg>
<arg>PL</arg>
<arg>PM</arg>
<arg>PN</arg>
<arg>PR</arg>
<arg>PS</arg>
<arg>PT</arg>
<arg>PW</arg>
<arg>PY</arg>
<arg>QA</arg>
<arg>RE</arg>
<arg>RO</arg>
<arg>RS</arg>
<arg>RU</arg>
<arg>RW</arg>
<arg>SA</arg>
<arg>SB</arg>
<arg>SC</arg>
<arg>SD</arg>
<arg>SE</arg>
<arg>SG</arg>
<arg>SH</arg>
<arg>SI</arg>
<arg>SJ</arg>
<arg>SK</arg>
<arg>SL</arg>
<arg>SM</arg>
<arg>SN</arg>
<arg>SO</arg>
<arg>SR</arg>
<arg>SS</arg>
<arg>ST</arg>
<arg>SV</arg>
<arg>SX</arg>
<arg>SY</arg>
<arg>SZ</arg>
<arg>TC</arg>
<arg>TD</arg>
<arg>TF</arg>
<arg>TG</arg>
<arg>TH</arg>
<arg>TJ</arg>
<arg>TK</arg>
<arg>TL</arg>
<arg>TM</arg>
<arg>TN</arg>
<arg>TO</arg>
<arg>TR</arg>
<arg>TT</arg>
<arg>TV</arg>
<arg>TW</arg>
<arg>TZ</arg>
<arg>UA</arg>
<arg>UG</arg>
<arg>UM</arg>
<arg>US</arg>
<arg>UY</arg>
<arg>UZ</arg>
<arg>VA</arg>
<arg>VC</arg>
<arg>VE</arg>
<arg>VG</arg>
<arg>VI</arg>
<arg>VN</arg>
<arg>VU</arg>
<arg>WF</arg>
<arg>WS</arg>
<arg>XK</arg>
<arg>YE</arg>
<arg>YT</arg>
<arg>ZA</arg>
<arg>ZM</arg>
<arg>ZW</arg>
<doc>Returns a list containing given items.</doc>
<status status="PASS" start="2024-06-17T20:13:38.618580" elapsed="0.000623"/>
</kw>
<kw name="List Should Contain Value" owner="Collections">
<arg>${list_country}</arg>
<arg>${name_country}</arg>
<doc>Fails if the ``value`` is not found from ``list``.</doc>
<status status="PASS" start="2024-06-17T20:13:38.620045" elapsed="0.000213"/>
</kw>
<kw name="Run Keyword If" owner="BuiltIn">
<kw name="Should Be True" owner="BuiltIn">
<arg>${True}</arg>
<doc>Fails if the given condition is not true.</doc>
<status status="PASS" start="2024-06-17T20:13:38.621349" elapsed="0.000151"/>
</kw>
<arg>${json_data["results"][0]["location"]["coordinates"]["latitude"]} &gt;= -90 and ${json_data["results"][0]["location"]["coordinates"]["latitude"]} &lt;= 90</arg>
<arg>Should Be True</arg>
<arg>${True}</arg>
<doc>Runs the given keyword with the given arguments, if ``condition`` is true.</doc>
<status status="PASS" start="2024-06-17T20:13:38.620462" elapsed="0.001166"/>
</kw>
<kw name="Run Keyword If" owner="BuiltIn">
<kw name="Should Be True" owner="BuiltIn">
<arg>${True}</arg>
<doc>Fails if the given condition is not true.</doc>
<status status="PASS" start="2024-06-17T20:13:38.622506" elapsed="0.000139"/>
</kw>
<arg>${json_data["results"][0]["location"]["coordinates"]["longitude"]} &gt;= -180 and ${json_data["results"][0]["location"]["coordinates"]["longitude"]} &lt;= 180</arg>
<arg>Should Be True</arg>
<arg>${True}</arg>
<doc>Runs the given keyword with the given arguments, if ``condition`` is true.</doc>
<status status="PASS" start="2024-06-17T20:13:38.621813" elapsed="0.000958"/>
</kw>
<status status="PASS" start="2024-06-17T20:13:38.508352" elapsed="0.114551"/>
</kw>
<doc>Testa o conteúdo específico dos campos retornados pela API.</doc>
<tag>testeConteudo</tag>
<status status="PASS" start="2024-06-17T20:13:38.507891" elapsed="0.115169"/>
</test>
<status status="PASS" start="2024-06-17T20:13:37.761135" elapsed="0.863926"/>
</suite>
<status status="PASS" start="2024-06-17T20:13:37.746829" elapsed="0.883354"/>
</suite>
<statistics>
<total>
<stat pass="5" fail="0" skip="0">All Tests</stat>
</total>
<tag>
<stat pass="1" fail="0" skip="0">testeConteudo</stat>
<stat pass="1" fail="0" skip="0">testeEstruturaResposta</stat>
<stat pass="1" fail="0" skip="0">testeRequisicaoBasica</stat>
<stat pass="1" fail="0" skip="0">testeTiposDados</stat>
</tag>
<suite>
<stat pass="5" fail="0" skip="0" id="s1" name="Tests">Tests</stat>
<stat pass="5" fail="0" skip="0" id="s1-s1" name="Random-User-Test">Tests.Random-User-Test</stat>
</suite>
</statistics>
<errors>
</errors>
</robot>
