<?xml version="1.0" encoding="UTF-8"?>
<robot generator="Robot 7.0.1 (Python 3.12.4 on linux)" generated="2024-08-07T12:30:53.500717" rpa="false" schemaversion="5">
<suite id="s1" name="Tests" source="/home/runner/work/ApiRandomUser/ApiRandomUser/RamdonUser/tests">
<suite id="s1-s1" name="Random-User-Test" source="/home/runner/work/ApiRandomUser/ApiRandomUser/RamdonUser/tests/random-user-test.robot">
<test id="s1-s1-t1" name="Conectar" line="13">
<kw name="Conectar API" owner="random-user-service">
<kw name="Create Session" owner="RequestsLibrary">
<msg time="2024-08-07T12:30:53.996059" level="INFO">Creating Session using : alias=consultarAPI, url=https://randomuser.me/, headers={},                     cookies={}, auth=None, timeout=None, proxies=None, verify=False,                     debug=0 </msg>
<arg>consultarAPI</arg>
<arg>${URL}</arg>
<doc>Create Session: create a HTTP session to a server</doc>
<status status="PASS" start="2024-08-07T12:30:53.995832" elapsed="0.000434"/>
</kw>
<status status="PASS" start="2024-08-07T12:30:53.994663" elapsed="0.002018"/>
</kw>
<status status="PASS" start="2024-08-07T12:30:53.994067" elapsed="0.002811"/>
</test>
<test id="s1-s1-t2" name="Validar retorno 200 e JSON Válido" line="16">
<kw name="Teste de Requisicao Basica" owner="random-user-service">
<kw name="GET On Session" owner="RequestsLibrary">
<msg time="2024-08-07T12:30:56.540874" level="INFO">GET Request : url=https://randomuser.me/api 
 path_url=/api 
 headers={'User-Agent': 'python-requests/2.32.3', 'Accept-Encoding': 'gzip, deflate', 'Accept': '*/*', 'Connection': 'keep-alive'} 
 body=None 
 </msg>
<msg time="2024-08-07T12:30:56.541054" level="INFO">GET Response : url=https://randomuser.me/api 
 status=200, reason=OK 
 headers={'Date': 'Wed, 07 Aug 2024 12:30:56 GMT', 'Content-Type': 'application/json; charset=utf-8', 'Transfer-Encoding': 'chunked', 'Connection': 'keep-alive', 'X-Powered-By': 'Express', 'Access-Control-Allow-Origin': '*', 'Cache-Control': 'no-cache', 'ETag': 'W/"48e-N195M6uUkZjbkS0W3fRAmzthjaE"', 'Vary': 'Accept-Encoding', 'Content-Encoding': 'gzip', 'CF-Cache-Status': 'DYNAMIC', 'Report-To': '{"endpoints":[{"url":"https:\\/\\/a.nel.cloudflare.com\\/report\\/v4?s=A8zQkVoTX%2BDJG3LOd1CiBoZonUy3iTEmF2zhf0t8ShDbxRvi%2FWD4LYCl9jBFPstdk0BMmz7RpzKqhksm7aYPJOt148093eDoXgzMYwIr6pPtZN23RlMVhzpAAuDOcrt7"}],"group":"cf-nel","max_age":604800}', 'NEL': '{"success_fraction":0,"report_to":"cf-nel","max_age":604800}', 'Server': 'cloudflare', 'CF-RAY': '8af747d4ae7b8797-IAD', 'alt-svc': 'h3=":443"; ma=86400'} 
 body={"results":[{"gender":"male","name":{"title":"Mr","first":"Abeer","last":"Bhoja"},"location":{"street":{"number":2215,"name":"S.A Rd"},"city":"Tezpur","state":"Daman and Diu","country":"India","postcode":43966,"coordinates":{"latitude":"11.9641","longitude":"-151.7248"},"timezone":{"offset":"0:00","description":"Western Europe Time, London, Lisbon, Casablanca"}},"email":"abeer.bhoja@example.com","login":{"uuid":"0273ce36-46ec-4618-b63a-a94f4634cea5","username":"blueostrich674","password":"googoo","salt":"pA4XAhIB","md5":"70ae816574ed9de3350b2b1510fec333","sha1":"0ae182c4320cb12be428ce0e6188bceb05cacf76","sha256":"a5d3b13db06a0aed944852c7213bff6d98af254b250187825032109e7bf8ac05"},"dob":{"date":"1979-12-25T18:28:48.054Z","age":44},"registered":{"date":"2008-03-30T12:49:16.541Z","age":16},"phone":"7322786318","cell":"9534104173","id":{"name":"UIDAI","value":"066711590077"},"picture":{"large":"https://randomuser.me/api/portraits/men/97.jpg","medium":"https://randomuser.me/api/portraits/med/men/97.jpg","thumbnail":"https://randomuser.me/api/portraits/thumb/men/97.jpg"},"nat":"IN"}],"info":{"seed":"a79bbe4ab4024488","results":1,"page":1,"version":"1.4"}} 
 </msg>
<msg time="2024-08-07T12:30:56.541135" level="INFO">/opt/hostedtoolcache/Python/3.12.4/x64/lib/python3.12/site-packages/urllib3/connectionpool.py:1099: InsecureRequestWarning: Unverified HTTPS request is being made to host 'randomuser.me'. Adding certificate verification is strongly advised. See: https://urllib3.readthedocs.io/en/latest/advanced-usage.html#tls-warnings
  warnings.warn(</msg>
<msg time="2024-08-07T12:30:56.541281" level="INFO">${response} = &lt;Response [200]&gt;</msg>
<var>${response}</var>
<arg>consultarAPI</arg>
<arg>/api</arg>
<doc>Sends a GET request on a previously created HTTP Session.</doc>
<status status="PASS" start="2024-08-07T12:30:53.999529" elapsed="2.541793"/>
</kw>
<kw name="Should Be Equal As Numbers" owner="BuiltIn">
<msg time="2024-08-07T12:30:56.542396" level="INFO">Argument types are:
&lt;class 'int'&gt;
&lt;class 'str'&gt;</msg>
<arg>${response.status_code}</arg>
<arg>200</arg>
<doc>Fails if objects are unequal after converting them to real numbers.</doc>
<status status="PASS" start="2024-08-07T12:30:56.541932" elapsed="0.000526"/>
</kw>
<kw name="Log" owner="BuiltIn">
<msg time="2024-08-07T12:30:56.543120" level="INFO">200</msg>
<arg>${response.status_code}</arg>
<doc>Logs the given message with the given level.</doc>
<status status="PASS" start="2024-08-07T12:30:56.542769" elapsed="0.000393"/>
</kw>
<kw name="Set Variable" owner="BuiltIn">
<msg time="2024-08-07T12:30:56.543947" level="INFO">${json_data} = {'results': [{'gender': 'male', 'name': {'title': 'Mr', 'first': 'Abeer', 'last': 'Bhoja'}, 'location': {'street': {'number': 2215, 'name': 'S.A Rd'}, 'city': 'Tezpur', 'state': 'Daman and Diu', 'coun...</msg>
<var>${json_data}</var>
<arg>${response.json()}</arg>
<doc>Returns the given values which can then be assigned to a variables.</doc>
<status status="PASS" start="2024-08-07T12:30:56.543510" elapsed="0.000465"/>
</kw>
<kw name="Dictionary Should Contain Key" owner="Collections">
<arg>${json_data}</arg>
<arg>results</arg>
<doc>Fails if ``key`` is not found from ``dictionary``.</doc>
<status status="PASS" start="2024-08-07T12:30:56.544279" elapsed="0.000331"/>
</kw>
<status status="PASS" start="2024-08-07T12:30:53.999253" elapsed="2.545512"/>
</kw>
<doc>Testa se a API responde corretamente e retorna um objeto JSON válido.</doc>
<tag>testeRequisicaoBasica</tag>
<status status="PASS" start="2024-08-07T12:30:53.998782" elapsed="2.546160"/>
</test>
<test id="s1-s1-t3" name="Validar estrutura de resposta" line="22">
<kw name="Teste de Estrutura de Resposta" owner="random-user-service">
<kw name="GET On Session" owner="RequestsLibrary">
<msg time="2024-08-07T12:30:57.155586" level="INFO">GET Request : url=https://randomuser.me/api 
 path_url=/api 
 headers={'User-Agent': 'python-requests/2.32.3', 'Accept-Encoding': 'gzip, deflate', 'Accept': '*/*', 'Connection': 'keep-alive'} 
 body=None 
 </msg>
<msg time="2024-08-07T12:30:57.155696" level="INFO">GET Response : url=https://randomuser.me/api 
 status=200, reason=OK 
 headers={'Date': 'Wed, 07 Aug 2024 12:30:57 GMT', 'Content-Type': 'application/json; charset=utf-8', 'Transfer-Encoding': 'chunked', 'Connection': 'keep-alive', 'X-Powered-By': 'Express', 'Access-Control-Allow-Origin': '*', 'Cache-Control': 'no-cache', 'ETag': 'W/"4a4-1YAwwf1cNofh/hM2nuVq65nXayI"', 'Vary': 'Accept-Encoding', 'Content-Encoding': 'gzip', 'CF-Cache-Status': 'DYNAMIC', 'Report-To': '{"endpoints":[{"url":"https:\\/\\/a.nel.cloudflare.com\\/report\\/v4?s=eZR3gt5gURmF6svQ9kzZNi%2BseLJPVsBiEmbQ2O7Jk%2FG75I%2FMA7VmAWPuhUDI3gYaRADWseiX51Lx3XO2o8hdIU3T4sbcmI%2FGVnq4IxcWCWWD0lWImXpVpUxTdkSXXMmH"}],"group":"cf-nel","max_age":604800}', 'NEL': '{"success_fraction":0,"report_to":"cf-nel","max_age":604800}', 'Server': 'cloudflare', 'CF-RAY': '8af747e36de48797-IAD', 'alt-svc': 'h3=":443"; ma=86400'} 
 body={"results":[{"gender":"male","name":{"title":"Mr","first":"Radboud","last":"Tiekstra"},"location":{"street":{"number":8446,"name":"Kalverkampen"},"city":"Morra","state":"Friesland","country":"Netherlands","postcode":"2141 DK","coordinates":{"latitude":"34.4239","longitude":"-147.0077"},"timezone":{"offset":"0:00","description":"Western Europe Time, London, Lisbon, Casablanca"}},"email":"radboud.tiekstra@example.com","login":{"uuid":"bb7dd820-0a81-433a-a6da-7e0046748bf9","username":"ticklishmouse540","password":"gabriell","salt":"cQFgpnPM","md5":"d7bf2133becf9c5d1df224330f900858","sha1":"01e3ac8cd4346e2ca61c0761313f18bbcaf64bb8","sha256":"1614d172d5b1d3b112779f500cad8cbc06ab1e985a16e6b2fddf819a4719c9f8"},"dob":{"date":"1995-06-08T07:34:48.811Z","age":29},"registered":{"date":"2002-10-05T10:40:21.036Z","age":21},"phone":"(024) 4257958","cell":"(06) 43669781","id":{"name":"BSN","value":"93827514"},"picture":{"large":"https://randomuser.me/api/portraits/men/1.jpg","medium":"https://randomuser.me/api/portraits/med/men/1.jpg","thumbnail":"https://randomuser.me/api/portraits/thumb/men/1.jpg"},"nat":"NL"}],"info":{"seed":"b69794dc74860932","results":1,"page":1,"version":"1.4"}} 
 </msg>
<msg time="2024-08-07T12:30:57.155829" level="INFO">/opt/hostedtoolcache/Python/3.12.4/x64/lib/python3.12/site-packages/urllib3/connectionpool.py:1099: InsecureRequestWarning: Unverified HTTPS request is being made to host 'randomuser.me'. Adding certificate verification is strongly advised. See: https://urllib3.readthedocs.io/en/latest/advanced-usage.html#tls-warnings
  warnings.warn(</msg>
<msg time="2024-08-07T12:30:57.155963" level="INFO">${response} = &lt;Response [200]&gt;</msg>
<var>${response}</var>
<arg>consultarAPI</arg>
<arg>/api</arg>
<doc>Sends a GET request on a previously created HTTP Session.</doc>
<status status="PASS" start="2024-08-07T12:30:56.547983" elapsed="0.608022"/>
</kw>
<kw name="Set Variable" owner="BuiltIn">
<msg time="2024-08-07T12:30:57.157230" level="INFO">${json_data} = {'results': [{'gender': 'male', 'name': {'title': 'Mr', 'first': 'Radboud', 'last': 'Tiekstra'}, 'location': {'street': {'number': 8446, 'name': 'Kalverkampen'}, 'city': 'Morra', 'state': 'Friesland',...</msg>
<var>${json_data}</var>
<arg>${response.json()}</arg>
<doc>Returns the given values which can then be assigned to a variables.</doc>
<status status="PASS" start="2024-08-07T12:30:57.156633" elapsed="0.000626"/>
</kw>
<kw name="Log" owner="BuiltIn">
<msg time="2024-08-07T12:30:57.157730" level="INFO">{'results': [{'gender': 'male', 'name': {'title': 'Mr', 'first': 'Radboud', 'last': 'Tiekstra'}, 'location': {'street': {'number': 8446, 'name': 'Kalverkampen'}, 'city': 'Morra', 'state': 'Friesland', 'country': 'Netherlands', 'postcode': '2141 DK', 'coordinates': {'latitude': '34.4239', 'longitude': '-147.0077'}, 'timezone': {'offset': '0:00', 'description': 'Western Europe Time, London, Lisbon, Casablanca'}}, 'email': 'radboud.tiekstra@example.com', 'login': {'uuid': 'bb7dd820-0a81-433a-a6da-7e0046748bf9', 'username': 'ticklishmouse540', 'password': 'gabriell', 'salt': 'cQFgpnPM', 'md5': 'd7bf2133becf9c5d1df224330f900858', 'sha1': '01e3ac8cd4346e2ca61c0761313f18bbcaf64bb8', 'sha256': '1614d172d5b1d3b112779f500cad8cbc06ab1e985a16e6b2fddf819a4719c9f8'}, 'dob': {'date': '1995-06-08T07:34:48.811Z', 'age': 29}, 'registered': {'date': '2002-10-05T10:40:21.036Z', 'age': 21}, 'phone': '(024) 4257958', 'cell': '(06) 43669781', 'id': {'name': 'BSN', 'value': '93827514'}, 'picture': {'large': 'https://randomuser.me/api/portraits/men/1.jpg', 'medium': 'https://randomuser.me/api/portraits/med/men/1.jpg', 'thumbnail': 'https://randomuser.me/api/portraits/thumb/men/1.jpg'}, 'nat': 'NL'}], 'info': {'seed': 'b69794dc74860932', 'results': 1, 'page': 1, 'version': '1.4'}}</msg>
<arg>${json_data}</arg>
<doc>Logs the given message with the given level.</doc>
<status status="PASS" start="2024-08-07T12:30:57.157569" elapsed="0.000209"/>
</kw>
<kw name="Dictionary Should Contain Key" owner="Collections">
<arg>${json_data}</arg>
<arg>results</arg>
<doc>Fails if ``key`` is not found from ``dictionary``.</doc>
<status status="PASS" start="2024-08-07T12:30:57.158072" elapsed="0.000165"/>
</kw>
<kw name="Should Not Be Empty" owner="BuiltIn">
<msg time="2024-08-07T12:30:57.158552" level="INFO">Length is 2.</msg>
<arg>${json_data}</arg>
<doc>Verifies that the given item is not empty.</doc>
<status status="PASS" start="2024-08-07T12:30:57.158422" elapsed="0.000168"/>
</kw>
<kw name="Create List" owner="BuiltIn">
<msg time="2024-08-07T12:30:57.159046" level="INFO">${expected_keys} = ['gender', 'name', 'location', 'email', 'login']</msg>
<var>${expected_keys}</var>
<arg>gender</arg>
<arg>name</arg>
<arg>location</arg>
<arg>email</arg>
<arg>login</arg>
<doc>Returns a list containing given items.</doc>
<status status="PASS" start="2024-08-07T12:30:57.158896" elapsed="0.000174"/>
</kw>
<for flavor="IN">
<iter>
<kw name="Dictionary Should Contain Key" owner="Collections">
<arg>${json_data['results'][0]}</arg>
<arg>${key}</arg>
<doc>Fails if ``key`` is not found from ``dictionary``.</doc>
<status status="PASS" start="2024-08-07T12:30:57.159707" elapsed="0.000417"/>
</kw>
<kw name="Log" owner="BuiltIn">
<msg time="2024-08-07T12:30:57.160683" level="INFO">{'gender': 'male', 'name': {'title': 'Mr', 'first': 'Radboud', 'last': 'Tiekstra'}, 'location': {'street': {'number': 8446, 'name': 'Kalverkampen'}, 'city': 'Morra', 'state': 'Friesland', 'country': 'Netherlands', 'postcode': '2141 DK', 'coordinates': {'latitude': '34.4239', 'longitude': '-147.0077'}, 'timezone': {'offset': '0:00', 'description': 'Western Europe Time, London, Lisbon, Casablanca'}}, 'email': 'radboud.tiekstra@example.com', 'login': {'uuid': 'bb7dd820-0a81-433a-a6da-7e0046748bf9', 'username': 'ticklishmouse540', 'password': 'gabriell', 'salt': 'cQFgpnPM', 'md5': 'd7bf2133becf9c5d1df224330f900858', 'sha1': '01e3ac8cd4346e2ca61c0761313f18bbcaf64bb8', 'sha256': '1614d172d5b1d3b112779f500cad8cbc06ab1e985a16e6b2fddf819a4719c9f8'}, 'dob': {'date': '1995-06-08T07:34:48.811Z', 'age': 29}, 'registered': {'date': '2002-10-05T10:40:21.036Z', 'age': 21}, 'phone': '(024) 4257958', 'cell': '(06) 43669781', 'id': {'name': 'BSN', 'value': '93827514'}, 'picture': {'large': 'https://randomuser.me/api/portraits/men/1.jpg', 'medium': 'https://randomuser.me/api/portraits/med/men/1.jpg', 'thumbnail': 'https://randomuser.me/api/portraits/thumb/men/1.jpg'}, 'nat': 'NL'}</msg>
<arg>${json_data['results'][0]}</arg>
<doc>Logs the given message with the given level.</doc>
<status status="PASS" start="2024-08-07T12:30:57.160319" elapsed="0.000412"/>
</kw>
<kw name="Log" owner="BuiltIn">
<msg time="2024-08-07T12:30:57.161159" level="INFO">gender</msg>
<arg>${key}</arg>
<doc>Logs the given message with the given level.</doc>
<status status="PASS" start="2024-08-07T12:30:57.161028" elapsed="0.000170"/>
</kw>
<var name="${key}">gender</var>
<status status="PASS" start="2024-08-07T12:30:57.159574" elapsed="0.001844"/>
</iter>
<iter>
<kw name="Dictionary Should Contain Key" owner="Collections">
<arg>${json_data['results'][0]}</arg>
<arg>${key}</arg>
<doc>Fails if ``key`` is not found from ``dictionary``.</doc>
<status status="PASS" start="2024-08-07T12:30:57.161725" elapsed="0.000388"/>
</kw>
<kw name="Log" owner="BuiltIn">
<msg time="2024-08-07T12:30:57.162695" level="INFO">{'gender': 'male', 'name': {'title': 'Mr', 'first': 'Radboud', 'last': 'Tiekstra'}, 'location': {'street': {'number': 8446, 'name': 'Kalverkampen'}, 'city': 'Morra', 'state': 'Friesland', 'country': 'Netherlands', 'postcode': '2141 DK', 'coordinates': {'latitude': '34.4239', 'longitude': '-147.0077'}, 'timezone': {'offset': '0:00', 'description': 'Western Europe Time, London, Lisbon, Casablanca'}}, 'email': 'radboud.tiekstra@example.com', 'login': {'uuid': 'bb7dd820-0a81-433a-a6da-7e0046748bf9', 'username': 'ticklishmouse540', 'password': 'gabriell', 'salt': 'cQFgpnPM', 'md5': 'd7bf2133becf9c5d1df224330f900858', 'sha1': '01e3ac8cd4346e2ca61c0761313f18bbcaf64bb8', 'sha256': '1614d172d5b1d3b112779f500cad8cbc06ab1e985a16e6b2fddf819a4719c9f8'}, 'dob': {'date': '1995-06-08T07:34:48.811Z', 'age': 29}, 'registered': {'date': '2002-10-05T10:40:21.036Z', 'age': 21}, 'phone': '(024) 4257958', 'cell': '(06) 43669781', 'id': {'name': 'BSN', 'value': '93827514'}, 'picture': {'large': 'https://randomuser.me/api/portraits/men/1.jpg', 'medium': 'https://randomuser.me/api/portraits/med/men/1.jpg', 'thumbnail': 'https://randomuser.me/api/portraits/thumb/men/1.jpg'}, 'nat': 'NL'}</msg>
<arg>${json_data['results'][0]}</arg>
<doc>Logs the given message with the given level.</doc>
<status status="PASS" start="2024-08-07T12:30:57.162299" elapsed="0.000445"/>
</kw>
<kw name="Log" owner="BuiltIn">
<msg time="2024-08-07T12:30:57.163175" level="INFO">name</msg>
<arg>${key}</arg>
<doc>Logs the given message with the given level.</doc>
<status status="PASS" start="2024-08-07T12:30:57.163042" elapsed="0.000172"/>
</kw>
<var name="${key}">name</var>
<status status="PASS" start="2024-08-07T12:30:57.161606" elapsed="0.001854"/>
</iter>
<iter>
<kw name="Dictionary Should Contain Key" owner="Collections">
<arg>${json_data['results'][0]}</arg>
<arg>${key}</arg>
<doc>Fails if ``key`` is not found from ``dictionary``.</doc>
<status status="PASS" start="2024-08-07T12:30:57.163757" elapsed="0.000381"/>
</kw>
<kw name="Log" owner="BuiltIn">
<msg time="2024-08-07T12:30:57.164678" level="INFO">{'gender': 'male', 'name': {'title': 'Mr', 'first': 'Radboud', 'last': 'Tiekstra'}, 'location': {'street': {'number': 8446, 'name': 'Kalverkampen'}, 'city': 'Morra', 'state': 'Friesland', 'country': 'Netherlands', 'postcode': '2141 DK', 'coordinates': {'latitude': '34.4239', 'longitude': '-147.0077'}, 'timezone': {'offset': '0:00', 'description': 'Western Europe Time, London, Lisbon, Casablanca'}}, 'email': 'radboud.tiekstra@example.com', 'login': {'uuid': 'bb7dd820-0a81-433a-a6da-7e0046748bf9', 'username': 'ticklishmouse540', 'password': 'gabriell', 'salt': 'cQFgpnPM', 'md5': 'd7bf2133becf9c5d1df224330f900858', 'sha1': '01e3ac8cd4346e2ca61c0761313f18bbcaf64bb8', 'sha256': '1614d172d5b1d3b112779f500cad8cbc06ab1e985a16e6b2fddf819a4719c9f8'}, 'dob': {'date': '1995-06-08T07:34:48.811Z', 'age': 29}, 'registered': {'date': '2002-10-05T10:40:21.036Z', 'age': 21}, 'phone': '(024) 4257958', 'cell': '(06) 43669781', 'id': {'name': 'BSN', 'value': '93827514'}, 'picture': {'large': 'https://randomuser.me/api/portraits/men/1.jpg', 'medium': 'https://randomuser.me/api/portraits/med/men/1.jpg', 'thumbnail': 'https://randomuser.me/api/portraits/thumb/men/1.jpg'}, 'nat': 'NL'}</msg>
<arg>${json_data['results'][0]}</arg>
<doc>Logs the given message with the given level.</doc>
<status status="PASS" start="2024-08-07T12:30:57.164322" elapsed="0.000403"/>
</kw>
<kw name="Log" owner="BuiltIn">
<msg time="2024-08-07T12:30:57.165161" level="INFO">location</msg>
<arg>${key}</arg>
<doc>Logs the given message with the given level.</doc>
<status status="PASS" start="2024-08-07T12:30:57.165028" elapsed="0.000171"/>
</kw>
<var name="${key}">location</var>
<status status="PASS" start="2024-08-07T12:30:57.163644" elapsed="0.001770"/>
</iter>
<iter>
<kw name="Dictionary Should Contain Key" owner="Collections">
<arg>${json_data['results'][0]}</arg>
<arg>${key}</arg>
<doc>Fails if ``key`` is not found from ``dictionary``.</doc>
<status status="PASS" start="2024-08-07T12:30:57.165697" elapsed="0.000385"/>
</kw>
<kw name="Log" owner="BuiltIn">
<msg time="2024-08-07T12:30:57.166737" level="INFO">{'gender': 'male', 'name': {'title': 'Mr', 'first': 'Radboud', 'last': 'Tiekstra'}, 'location': {'street': {'number': 8446, 'name': 'Kalverkampen'}, 'city': 'Morra', 'state': 'Friesland', 'country': 'Netherlands', 'postcode': '2141 DK', 'coordinates': {'latitude': '34.4239', 'longitude': '-147.0077'}, 'timezone': {'offset': '0:00', 'description': 'Western Europe Time, London, Lisbon, Casablanca'}}, 'email': 'radboud.tiekstra@example.com', 'login': {'uuid': 'bb7dd820-0a81-433a-a6da-7e0046748bf9', 'username': 'ticklishmouse540', 'password': 'gabriell', 'salt': 'cQFgpnPM', 'md5': 'd7bf2133becf9c5d1df224330f900858', 'sha1': '01e3ac8cd4346e2ca61c0761313f18bbcaf64bb8', 'sha256': '1614d172d5b1d3b112779f500cad8cbc06ab1e985a16e6b2fddf819a4719c9f8'}, 'dob': {'date': '1995-06-08T07:34:48.811Z', 'age': 29}, 'registered': {'date': '2002-10-05T10:40:21.036Z', 'age': 21}, 'phone': '(024) 4257958', 'cell': '(06) 43669781', 'id': {'name': 'BSN', 'value': '93827514'}, 'picture': {'large': 'https://randomuser.me/api/portraits/men/1.jpg', 'medium': 'https://randomuser.me/api/portraits/med/men/1.jpg', 'thumbnail': 'https://randomuser.me/api/portraits/thumb/men/1.jpg'}, 'nat': 'NL'}</msg>
<arg>${json_data['results'][0]}</arg>
<doc>Logs the given message with the given level.</doc>
<status status="PASS" start="2024-08-07T12:30:57.166383" elapsed="0.000400"/>
</kw>
<kw name="Log" owner="BuiltIn">
<msg time="2024-08-07T12:30:57.167207" level="INFO">email</msg>
<arg>${key}</arg>
<doc>Logs the given message with the given level.</doc>
<status status="PASS" start="2024-08-07T12:30:57.167077" elapsed="0.000167"/>
</kw>
<var name="${key}">email</var>
<status status="PASS" start="2024-08-07T12:30:57.165587" elapsed="0.001896"/>
</iter>
<iter>
<kw name="Dictionary Should Contain Key" owner="Collections">
<arg>${json_data['results'][0]}</arg>
<arg>${key}</arg>
<doc>Fails if ``key`` is not found from ``dictionary``.</doc>
<status status="PASS" start="2024-08-07T12:30:57.167782" elapsed="0.000376"/>
</kw>
<kw name="Log" owner="BuiltIn">
<msg time="2024-08-07T12:30:57.168690" level="INFO">{'gender': 'male', 'name': {'title': 'Mr', 'first': 'Radboud', 'last': 'Tiekstra'}, 'location': {'street': {'number': 8446, 'name': 'Kalverkampen'}, 'city': 'Morra', 'state': 'Friesland', 'country': 'Netherlands', 'postcode': '2141 DK', 'coordinates': {'latitude': '34.4239', 'longitude': '-147.0077'}, 'timezone': {'offset': '0:00', 'description': 'Western Europe Time, London, Lisbon, Casablanca'}}, 'email': 'radboud.tiekstra@example.com', 'login': {'uuid': 'bb7dd820-0a81-433a-a6da-7e0046748bf9', 'username': 'ticklishmouse540', 'password': 'gabriell', 'salt': 'cQFgpnPM', 'md5': 'd7bf2133becf9c5d1df224330f900858', 'sha1': '01e3ac8cd4346e2ca61c0761313f18bbcaf64bb8', 'sha256': '1614d172d5b1d3b112779f500cad8cbc06ab1e985a16e6b2fddf819a4719c9f8'}, 'dob': {'date': '1995-06-08T07:34:48.811Z', 'age': 29}, 'registered': {'date': '2002-10-05T10:40:21.036Z', 'age': 21}, 'phone': '(024) 4257958', 'cell': '(06) 43669781', 'id': {'name': 'BSN', 'value': '93827514'}, 'picture': {'large': 'https://randomuser.me/api/portraits/men/1.jpg', 'medium': 'https://randomuser.me/api/portraits/med/men/1.jpg', 'thumbnail': 'https://randomuser.me/api/portraits/thumb/men/1.jpg'}, 'nat': 'NL'}</msg>
<arg>${json_data['results'][0]}</arg>
<doc>Logs the given message with the given level.</doc>
<status status="PASS" start="2024-08-07T12:30:57.168340" elapsed="0.000408"/>
</kw>
<kw name="Log" owner="BuiltIn">
<msg time="2024-08-07T12:30:57.169169" level="INFO">login</msg>
<arg>${key}</arg>
<doc>Logs the given message with the given level.</doc>
<status status="PASS" start="2024-08-07T12:30:57.169039" elapsed="0.000167"/>
</kw>
<var name="${key}">login</var>
<status status="PASS" start="2024-08-07T12:30:57.167670" elapsed="0.001761"/>
</iter>
<var>${key}</var>
<value>@{expected_keys}</value>
<status status="PASS" start="2024-08-07T12:30:57.159334" elapsed="0.010220"/>
</for>
<kw name="Create List" owner="BuiltIn">
<msg time="2024-08-07T12:30:57.169914" level="INFO">${expected_keysTwo} = ['username', 'password']</msg>
<var>${expected_keysTwo}</var>
<arg>username</arg>
<arg>password</arg>
<doc>Returns a list containing given items.</doc>
<status status="PASS" start="2024-08-07T12:30:57.169775" elapsed="0.000164"/>
</kw>
<for flavor="IN">
<iter>
<kw name="Dictionary Should Contain Key" owner="Collections">
<arg>${json_data['results'][0]['login']}</arg>
<arg>${keyTwo}</arg>
<doc>Fails if ``key`` is not found from ``dictionary``.</doc>
<status status="PASS" start="2024-08-07T12:30:57.170440" elapsed="0.000392"/>
</kw>
<kw name="Dictionary Should Contain Key" owner="Collections">
<arg>${json_data['results'][0]['login']}</arg>
<arg>${keyTwo}</arg>
<doc>Fails if ``key`` is not found from ``dictionary``.</doc>
<status status="PASS" start="2024-08-07T12:30:57.171013" elapsed="0.000378"/>
</kw>
<kw name="Log" owner="BuiltIn">
<msg time="2024-08-07T12:30:57.171731" level="INFO">username</msg>
<arg>${keyTwo}</arg>
<doc>Logs the given message with the given level.</doc>
<status status="PASS" start="2024-08-07T12:30:57.171608" elapsed="0.000161"/>
</kw>
<var name="${keyTwo}">username</var>
<status status="PASS" start="2024-08-07T12:30:57.170332" elapsed="0.001656"/>
</iter>
<iter>
<kw name="Dictionary Should Contain Key" owner="Collections">
<arg>${json_data['results'][0]['login']}</arg>
<arg>${keyTwo}</arg>
<doc>Fails if ``key`` is not found from ``dictionary``.</doc>
<status status="PASS" start="2024-08-07T12:30:57.172270" elapsed="0.000385"/>
</kw>
<kw name="Dictionary Should Contain Key" owner="Collections">
<arg>${json_data['results'][0]['login']}</arg>
<arg>${keyTwo}</arg>
<doc>Fails if ``key`` is not found from ``dictionary``.</doc>
<status status="PASS" start="2024-08-07T12:30:57.172835" elapsed="0.000373"/>
</kw>
<kw name="Log" owner="BuiltIn">
<msg time="2024-08-07T12:30:57.173507" level="INFO">password</msg>
<arg>${keyTwo}</arg>
<doc>Logs the given message with the given level.</doc>
<status status="PASS" start="2024-08-07T12:30:57.173385" elapsed="0.000158"/>
</kw>
<var name="${keyTwo}">password</var>
<status status="PASS" start="2024-08-07T12:30:57.172162" elapsed="0.001603"/>
</iter>
<var>${keyTwo}</var>
<value>@{expected_keysTwo}</value>
<status status="PASS" start="2024-08-07T12:30:57.170179" elapsed="0.003708"/>
</for>
<status status="PASS" start="2024-08-07T12:30:56.547600" elapsed="0.626428"/>
</kw>
<doc>Testa a estrutura da resposta da API.</doc>
<tag>testeEstruturaResposta</tag>
<status status="PASS" start="2024-08-07T12:30:56.546781" elapsed="0.627409"/>
</test>
<test id="s1-s1-t4" name="Validar tipos de dados" line="28">
<kw name="Teste de Tipos de Dados" owner="random-user-service">
<kw name="GET On Session" owner="RequestsLibrary">
<msg time="2024-08-07T12:30:57.383053" level="INFO">GET Request : url=https://randomuser.me/api 
 path_url=/api 
 headers={'User-Agent': 'python-requests/2.32.3', 'Accept-Encoding': 'gzip, deflate', 'Accept': '*/*', 'Connection': 'keep-alive'} 
 body=None 
 </msg>
<msg time="2024-08-07T12:30:57.383166" level="INFO">GET Response : url=https://randomuser.me/api 
 status=200, reason=OK 
 headers={'Date': 'Wed, 07 Aug 2024 12:30:57 GMT', 'Content-Type': 'application/json; charset=utf-8', 'Transfer-Encoding': 'chunked', 'Connection': 'keep-alive', 'X-Powered-By': 'Express', 'Access-Control-Allow-Origin': '*', 'Cache-Control': 'no-cache', 'ETag': 'W/"47f-C09st7FgN5QXvDjeGjSWAfuJbzA"', 'Vary': 'Accept-Encoding', 'Content-Encoding': 'gzip', 'CF-Cache-Status': 'DYNAMIC', 'Report-To': '{"endpoints":[{"url":"https:\\/\\/a.nel.cloudflare.com\\/report\\/v4?s=L0OT9oQZKS6BV3QGqv7XlCj2ABGV5fAGO0LvTGFzjQiopsuTEvSAxRnmGBB9Eo8zm68G7Q8%2Bi8qVeHdNykP2sKEZICZCwj6tQ4MAFOK7Tkt7hrmwvKvj5uIivy2wHlDA"}],"group":"cf-nel","max_age":604800}', 'NEL': '{"success_fraction":0,"report_to":"cf-nel","max_age":604800}', 'Server': 'cloudflare', 'CF-RAY': '8af747e75a2b8797-IAD', 'alt-svc': 'h3=":443"; ma=86400'} 
 body={"results":[{"gender":"male","name":{"title":"Mr","first":"Emile","last":"Clark"},"location":{"street":{"number":533,"name":"Dufferin St"},"city":"Trout Lake","state":"Manitoba","country":"Canada","postcode":"X5W 2T8","coordinates":{"latitude":"-69.4499","longitude":"-75.9821"},"timezone":{"offset":"-8:00","description":"Pacific Time (US &amp; Canada)"}},"email":"emile.clark@example.com","login":{"uuid":"43206e37-0972-47e6-8077-9f900378e3a6","username":"heavyladybug632","password":"555666","salt":"cLCiB6zq","md5":"3b61898595d8f6e071263d7c6d97fcd2","sha1":"5e130ff4a1cfb22b83123e135da9056cf532becb","sha256":"6b9413dc321457cbf06c7b804d5ee9e273adcbc880254eba4dbee4bdedc579e8"},"dob":{"date":"2001-01-16T19:58:43.851Z","age":23},"registered":{"date":"2014-07-17T07:11:39.762Z","age":10},"phone":"B24 N82-6491","cell":"S72 I90-5134","id":{"name":"SIN","value":"512943564"},"picture":{"large":"https://randomuser.me/api/portraits/men/4.jpg","medium":"https://randomuser.me/api/portraits/med/men/4.jpg","thumbnail":"https://randomuser.me/api/portraits/thumb/men/4.jpg"},"nat":"CA"}],"info":{"seed":"7b141bd9c744cc7f","results":1,"page":1,"version":"1.4"}} 
 </msg>
<msg time="2024-08-07T12:30:57.383248" level="INFO">/opt/hostedtoolcache/Python/3.12.4/x64/lib/python3.12/site-packages/urllib3/connectionpool.py:1099: InsecureRequestWarning: Unverified HTTPS request is being made to host 'randomuser.me'. Adding certificate verification is strongly advised. See: https://urllib3.readthedocs.io/en/latest/advanced-usage.html#tls-warnings
  warnings.warn(</msg>
<msg time="2024-08-07T12:30:57.383387" level="INFO">${response} = &lt;Response [200]&gt;</msg>
<var>${response}</var>
<arg>consultarAPI</arg>
<arg>/api</arg>
<doc>Sends a GET request on a previously created HTTP Session.</doc>
<status status="PASS" start="2024-08-07T12:30:57.176784" elapsed="0.206670"/>
</kw>
<kw name="Set Variable" owner="BuiltIn">
<msg time="2024-08-07T12:30:57.384727" level="INFO">${json_data} = {'results': [{'gender': 'male', 'name': {'title': 'Mr', 'first': 'Emile', 'last': 'Clark'}, 'location': {'street': {'number': 533, 'name': 'Dufferin St'}, 'city': 'Trout Lake', 'state': 'Manitoba', 'c...</msg>
<var>${json_data}</var>
<arg>${response.json()}</arg>
<doc>Returns the given values which can then be assigned to a variables.</doc>
<status status="PASS" start="2024-08-07T12:30:57.384120" elapsed="0.000636"/>
</kw>
<kw name="Log" owner="BuiltIn">
<msg time="2024-08-07T12:30:57.385228" level="INFO">{'results': [{'gender': 'male', 'name': {'title': 'Mr', 'first': 'Emile', 'last': 'Clark'}, 'location': {'street': {'number': 533, 'name': 'Dufferin St'}, 'city': 'Trout Lake', 'state': 'Manitoba', 'country': 'Canada', 'postcode': 'X5W 2T8', 'coordinates': {'latitude': '-69.4499', 'longitude': '-75.9821'}, 'timezone': {'offset': '-8:00', 'description': 'Pacific Time (US &amp; Canada)'}}, 'email': 'emile.clark@example.com', 'login': {'uuid': '43206e37-0972-47e6-8077-9f900378e3a6', 'username': 'heavyladybug632', 'password': '555666', 'salt': 'cLCiB6zq', 'md5': '3b61898595d8f6e071263d7c6d97fcd2', 'sha1': '5e130ff4a1cfb22b83123e135da9056cf532becb', 'sha256': '6b9413dc321457cbf06c7b804d5ee9e273adcbc880254eba4dbee4bdedc579e8'}, 'dob': {'date': '2001-01-16T19:58:43.851Z', 'age': 23}, 'registered': {'date': '2014-07-17T07:11:39.762Z', 'age': 10}, 'phone': 'B24 N82-6491', 'cell': 'S72 I90-5134', 'id': {'name': 'SIN', 'value': '512943564'}, 'picture': {'large': 'https://randomuser.me/api/portraits/men/4.jpg', 'medium': 'https://randomuser.me/api/portraits/med/men/4.jpg', 'thumbnail': 'https://randomuser.me/api/portraits/thumb/men/4.jpg'}, 'nat': 'CA'}], 'info': {'seed': '7b141bd9c744cc7f', 'results': 1, 'page': 1, 'version': '1.4'}}</msg>
<arg>${json_data}</arg>
<doc>Logs the given message with the given level.</doc>
<status status="PASS" start="2024-08-07T12:30:57.385069" elapsed="0.000208"/>
</kw>
<kw name="Should Be String" owner="String">
<arg>${json_data['results'][0]['gender']}</arg>
<doc>Fails if the given ``item`` is not a string.</doc>
<status status="PASS" start="2024-08-07T12:30:57.385566" elapsed="0.000367"/>
</kw>
<kw name="Should Match Regexp" owner="BuiltIn">
<arg>${json_data['results'][0]['email']}</arg>
<arg>^[a-zA-Z0-9._%+-]+@[a-zA-Z0-9.-]+\.[a-zA-Z]{2,}$</arg>
<doc>Fails if ``string`` does not match ``pattern`` as a regular expression.</doc>
<status status="PASS" start="2024-08-07T12:30:57.386162" elapsed="0.000538"/>
</kw>
<kw name="Should Match Regexp" owner="BuiltIn">
<arg>${json_data['results'][0]['dob']['date']}</arg>
<arg>\\d{4}-\\d{2}-\\d{2}T\\d{2}:\\d{2}:\\d{2}\\.\\d{3}Z</arg>
<doc>Fails if ``string`` does not match ``pattern`` as a regular expression.</doc>
<status status="PASS" start="2024-08-07T12:30:57.386892" elapsed="0.000671"/>
</kw>
<kw name="Should Match Regexp" owner="BuiltIn">
<arg>${json_data['results'][0]['registered']['date']}</arg>
<arg>\\d{4}-\\d{2}-\\d{2}T\\d{2}:\\d{2}:\\d{2}\\.\\d{3}Z</arg>
<doc>Fails if ``string`` does not match ``pattern`` as a regular expression.</doc>
<status status="PASS" start="2024-08-07T12:30:57.387767" elapsed="0.000375"/>
</kw>
<kw name="Should Match Regexp" owner="BuiltIn">
<arg>${json_data['results'][0]['picture']['large']}</arg>
<arg>^https?://.*\.(?:png|jpe?g|gif|bmp)$</arg>
<doc>Fails if ``string`` does not match ``pattern`` as a regular expression.</doc>
<status status="PASS" start="2024-08-07T12:30:57.388326" elapsed="0.000487"/>
</kw>
<kw name="Should Match Regexp" owner="BuiltIn">
<arg>${json_data['results'][0]['picture']['medium']}</arg>
<arg>^https?://.*\.(?:png|jpe?g|gif|bmp)$</arg>
<doc>Fails if ``string`` does not match ``pattern`` as a regular expression.</doc>
<status status="PASS" start="2024-08-07T12:30:57.389001" elapsed="0.000364"/>
</kw>
<kw name="Should Match Regexp" owner="BuiltIn">
<arg>${json_data['results'][0]['picture']['thumbnail']}</arg>
<arg>^https?://.*\.(?:png|jpe?g|gif|bmp)$</arg>
<doc>Fails if ``string`` does not match ``pattern`` as a regular expression.</doc>
<status status="PASS" start="2024-08-07T12:30:57.389545" elapsed="0.000357"/>
</kw>
<kw name="Log" owner="BuiltIn">
<msg time="2024-08-07T12:30:57.390409" level="INFO">{'large': 'https://randomuser.me/api/portraits/men/4.jpg', 'medium': 'https://randomuser.me/api/portraits/med/men/4.jpg', 'thumbnail': 'https://randomuser.me/api/portraits/thumb/men/4.jpg'}</msg>
<arg>${json_data['results'][0]['picture']}</arg>
<doc>Logs the given message with the given level.</doc>
<status status="PASS" start="2024-08-07T12:30:57.390082" elapsed="0.000369"/>
</kw>
<status status="PASS" start="2024-08-07T12:30:57.176556" elapsed="0.214163"/>
</kw>
<kw name="Teste de Tipos de Dados - Postcode" owner="random-user-service">
<kw name="GET On Session" owner="RequestsLibrary">
<msg time="2024-08-07T12:30:57.498824" level="INFO">GET Request : url=https://randomuser.me/api 
 path_url=/api 
 headers={'User-Agent': 'python-requests/2.32.3', 'Accept-Encoding': 'gzip, deflate', 'Accept': '*/*', 'Connection': 'keep-alive'} 
 body=None 
 </msg>
<msg time="2024-08-07T12:30:57.498923" level="INFO">GET Response : url=https://randomuser.me/api 
 status=200, reason=OK 
 headers={'Date': 'Wed, 07 Aug 2024 12:30:57 GMT', 'Content-Type': 'application/json; charset=utf-8', 'Transfer-Encoding': 'chunked', 'Connection': 'keep-alive', 'X-Powered-By': 'Express', 'Access-Control-Allow-Origin': '*', 'Cache-Control': 'no-cache', 'ETag': 'W/"487-PZeHKFOMBRI6b3d+LQmVv2744AU"', 'Vary': 'Accept-Encoding', 'Content-Encoding': 'gzip', 'CF-Cache-Status': 'DYNAMIC', 'Report-To': '{"endpoints":[{"url":"https:\\/\\/a.nel.cloudflare.com\\/report\\/v4?s=EloKECFOJzI7GFxmfKVrqzR8PfkxPYCl%2Fj%2FznGfLQ36fa%2BDz8ovMQ7D1ng%2Bcg94rccP1kjZYn5kvsxVPw9EFUrDibSas67aIcMfr3eiUOHfASaHFJb1QhI87eOC89KoP"}],"group":"cf-nel","max_age":604800}', 'NEL': '{"success_fraction":0,"report_to":"cf-nel","max_age":604800}', 'Server': 'cloudflare', 'CF-RAY': '8af747e8bb8c8797-IAD', 'alt-svc': 'h3=":443"; ma=86400'} 
 body={"results":[{"gender":"male","name":{"title":"Mr","first":"Garnoslav","last":"Shpirka"},"location":{"street":{"number":240,"name":"Izyumska"},"city":"Perechin","state":"Chernivecka","country":"Ukraine","postcode":27165,"coordinates":{"latitude":"79.4295","longitude":"-88.4580"},"timezone":{"offset":"+5:30","description":"Bombay, Calcutta, Madras, New Delhi"}},"email":"garnoslav.shpirka@example.com","login":{"uuid":"3fb05af3-5ad5-4210-b852-9e620a69c008","username":"goldencat639","password":"lllll","salt":"wNZvjfdo","md5":"75b09a8e1365a262031bfcfe04dcce83","sha1":"6ddfcfa74a344caf8df3fe9e1cbf861b13e4c063","sha256":"6b070b6899e6b3cea6a2fde701ab20d7ae60265df34b4f74ed281185f066f079"},"dob":{"date":"1996-04-04T06:58:51.426Z","age":28},"registered":{"date":"2010-11-06T00:15:43.413Z","age":13},"phone":"(066) R45-7005","cell":"(098) F89-7344","id":{"name":"","value":null},"picture":{"large":"https://randomuser.me/api/portraits/men/14.jpg","medium":"https://randomuser.me/api/portraits/med/men/14.jpg","thumbnail":"https://randomuser.me/api/portraits/thumb/men/14.jpg"},"nat":"UA"}],"info":{"seed":"c98b482e90d32f5f","results":1,"page":1,"version":"1.4"}} 
 </msg>
<msg time="2024-08-07T12:30:57.498993" level="INFO">/opt/hostedtoolcache/Python/3.12.4/x64/lib/python3.12/site-packages/urllib3/connectionpool.py:1099: InsecureRequestWarning: Unverified HTTPS request is being made to host 'randomuser.me'. Adding certificate verification is strongly advised. See: https://urllib3.readthedocs.io/en/latest/advanced-usage.html#tls-warnings
  warnings.warn(</msg>
<msg time="2024-08-07T12:30:57.499116" level="INFO">${response} = &lt;Response [200]&gt;</msg>
<var>${response}</var>
<arg>consultarAPI</arg>
<arg>/api</arg>
<doc>Sends a GET request on a previously created HTTP Session.</doc>
<status status="PASS" start="2024-08-07T12:30:57.391184" elapsed="0.107973"/>
</kw>
<kw name="Set Variable" owner="BuiltIn">
<msg time="2024-08-07T12:30:57.500414" level="INFO">${json_data} = {'results': [{'gender': 'male', 'name': {'title': 'Mr', 'first': 'Garnoslav', 'last': 'Shpirka'}, 'location': {'street': {'number': 240, 'name': 'Izyumska'}, 'city': 'Perechin', 'state': 'Chernivecka'...</msg>
<var>${json_data}</var>
<arg>${response.json()}</arg>
<doc>Returns the given values which can then be assigned to a variables.</doc>
<status status="PASS" start="2024-08-07T12:30:57.499821" elapsed="0.000623"/>
</kw>
<kw name="Log" owner="BuiltIn">
<msg time="2024-08-07T12:30:57.500919" level="INFO">{'results': [{'gender': 'male', 'name': {'title': 'Mr', 'first': 'Garnoslav', 'last': 'Shpirka'}, 'location': {'street': {'number': 240, 'name': 'Izyumska'}, 'city': 'Perechin', 'state': 'Chernivecka', 'country': 'Ukraine', 'postcode': 27165, 'coordinates': {'latitude': '79.4295', 'longitude': '-88.4580'}, 'timezone': {'offset': '+5:30', 'description': 'Bombay, Calcutta, Madras, New Delhi'}}, 'email': 'garnoslav.shpirka@example.com', 'login': {'uuid': '3fb05af3-5ad5-4210-b852-9e620a69c008', 'username': 'goldencat639', 'password': 'lllll', 'salt': 'wNZvjfdo', 'md5': '75b09a8e1365a262031bfcfe04dcce83', 'sha1': '6ddfcfa74a344caf8df3fe9e1cbf861b13e4c063', 'sha256': '6b070b6899e6b3cea6a2fde701ab20d7ae60265df34b4f74ed281185f066f079'}, 'dob': {'date': '1996-04-04T06:58:51.426Z', 'age': 28}, 'registered': {'date': '2010-11-06T00:15:43.413Z', 'age': 13}, 'phone': '(066) R45-7005', 'cell': '(098) F89-7344', 'id': {'name': '', 'value': None}, 'picture': {'large': 'https://randomuser.me/api/portraits/men/14.jpg', 'medium': 'https://randomuser.me/api/portraits/med/men/14.jpg', 'thumbnail': 'https://randomuser.me/api/portraits/thumb/men/14.jpg'}, 'nat': 'UA'}], 'info': {'seed': 'c98b482e90d32f5f', 'results': 1, 'page': 1, 'version': '1.4'}}</msg>
<arg>${json_data}</arg>
<doc>Logs the given message with the given level.</doc>
<status status="PASS" start="2024-08-07T12:30:57.500759" elapsed="0.000207"/>
</kw>
<kw name="Should Be Equal As Numbers" owner="BuiltIn">
<arg>${json_data['results'][0]['location']['postcode']}</arg>
<arg>${json_data['results'][0]['location']['postcode']}</arg>
<doc>Fails if objects are unequal after converting them to real numbers.</doc>
<status status="PASS" start="2024-08-07T12:30:57.501266" elapsed="0.000626"/>
</kw>
<kw name="Log" owner="BuiltIn">
<msg time="2024-08-07T12:30:57.502468" level="INFO">27165</msg>
<arg>${json_data['results'][0]['location']['postcode']}</arg>
<doc>Logs the given message with the given level.</doc>
<status status="PASS" start="2024-08-07T12:30:57.502083" elapsed="0.000434"/>
</kw>
<status status="PASS" start="2024-08-07T12:30:57.390953" elapsed="0.111823"/>
</kw>
<doc>Testa se os tipos de dados na resposta da API estão corretos.</doc>
<tag>testeTiposDados</tag>
<status status="PASS" start="2024-08-07T12:30:57.176001" elapsed="0.326949"/>
</test>
<test id="s1-s1-t5" name="Validar conteudo" line="35">
<kw name="Teste de Tipos de Conteudo" owner="random-user-service">
<kw name="GET On Session" owner="RequestsLibrary">
<msg time="2024-08-07T12:30:57.594438" level="INFO">GET Request : url=https://randomuser.me/api 
 path_url=/api 
 headers={'User-Agent': 'python-requests/2.32.3', 'Accept-Encoding': 'gzip, deflate', 'Accept': '*/*', 'Connection': 'keep-alive'} 
 body=None 
 </msg>
<msg time="2024-08-07T12:30:57.594550" level="INFO">GET Response : url=https://randomuser.me/api 
 status=200, reason=OK 
 headers={'Date': 'Wed, 07 Aug 2024 12:30:57 GMT', 'Content-Type': 'application/json; charset=utf-8', 'Transfer-Encoding': 'chunked', 'Connection': 'keep-alive', 'X-Powered-By': 'Express', 'Access-Control-Allow-Origin': '*', 'Cache-Control': 'no-cache', 'ETag': 'W/"491-ssf4kKSjshYDLPG5JKb8A5BT0OY"', 'Vary': 'Accept-Encoding', 'Content-Encoding': 'gzip', 'CF-Cache-Status': 'DYNAMIC', 'Report-To': '{"endpoints":[{"url":"https:\\/\\/a.nel.cloudflare.com\\/report\\/v4?s=knH4Yp1F%2BOs9X%2B%2FLnOdr4jV6aJpyJyMykAMPdLPLHhlRPxyyslE5skfnon53%2BfI8eCbdILQQGjvIlC%2BniOGeFiq0W82xcMYHmywyRGf5BuBmvjSCyxXiXgj%2FuB5LTD2U"}],"group":"cf-nel","max_age":604800}', 'NEL': '{"success_fraction":0,"report_to":"cf-nel","max_age":604800}', 'Server': 'cloudflare', 'CF-RAY': '8af747e96c988797-IAD', 'alt-svc': 'h3=":443"; ma=86400'} 
 body={"results":[{"gender":"male","name":{"title":"Mr","first":"Neil","last":"Ross"},"location":{"street":{"number":393,"name":"Wheeler Ridge Dr"},"city":"Rockhampton","state":"Victoria","country":"Australia","postcode":1529,"coordinates":{"latitude":"-84.4439","longitude":"-174.7300"},"timezone":{"offset":"+11:00","description":"Magadan, Solomon Islands, New Caledonia"}},"email":"neil.ross@example.com","login":{"uuid":"bcf0fbdd-745f-4c06-b3ab-1fd1835bfbd9","username":"purplepeacock163","password":"celica","salt":"Dtv9WdzR","md5":"07438124962cf5914c781b5f0a154847","sha1":"c7b27f0e42a216c745153c6f660b9a1ad1196fb5","sha256":"2015b6229c064e0f71e0ba50fd4322fbf046092345c107def214255ca6c47f71"},"dob":{"date":"1998-04-28T11:48:19.008Z","age":26},"registered":{"date":"2019-01-24T09:21:28.114Z","age":5},"phone":"05-2379-7851","cell":"0496-409-284","id":{"name":"TFN","value":"841517602"},"picture":{"large":"https://randomuser.me/api/portraits/men/11.jpg","medium":"https://randomuser.me/api/portraits/med/men/11.jpg","thumbnail":"https://randomuser.me/api/portraits/thumb/men/11.jpg"},"nat":"AU"}],"info":{"seed":"b67c99cb07bf9517","results":1,"page":1,"version":"1.4"}} 
 </msg>
<msg time="2024-08-07T12:30:57.594634" level="INFO">/opt/hostedtoolcache/Python/3.12.4/x64/lib/python3.12/site-packages/urllib3/connectionpool.py:1099: InsecureRequestWarning: Unverified HTTPS request is being made to host 'randomuser.me'. Adding certificate verification is strongly advised. See: https://urllib3.readthedocs.io/en/latest/advanced-usage.html#tls-warnings
  warnings.warn(</msg>
<msg time="2024-08-07T12:30:57.594785" level="INFO">${response} = &lt;Response [200]&gt;</msg>
<var>${response}</var>
<arg>consultarAPI</arg>
<arg>/api</arg>
<doc>Sends a GET request on a previously created HTTP Session.</doc>
<status status="PASS" start="2024-08-07T12:30:57.505541" elapsed="0.089294"/>
</kw>
<kw name="Set Variable" owner="BuiltIn">
<msg time="2024-08-07T12:30:57.596115" level="INFO">${json_data} = {'results': [{'gender': 'male', 'name': {'title': 'Mr', 'first': 'Neil', 'last': 'Ross'}, 'location': {'street': {'number': 393, 'name': 'Wheeler Ridge Dr'}, 'city': 'Rockhampton', 'state': 'Victoria'...</msg>
<var>${json_data}</var>
<arg>${response.json()}</arg>
<doc>Returns the given values which can then be assigned to a variables.</doc>
<status status="PASS" start="2024-08-07T12:30:57.595515" elapsed="0.000630"/>
</kw>
<kw name="Set Variable" owner="BuiltIn">
<msg time="2024-08-07T12:30:57.596870" level="INFO">${name_title} = Mr</msg>
<var>${name_title}</var>
<arg>${json_data["results"][0]["name"]["title"]}</arg>
<doc>Returns the given values which can then be assigned to a variables.</doc>
<status status="PASS" start="2024-08-07T12:30:57.596466" elapsed="0.000430"/>
</kw>
<kw name="Create List" owner="BuiltIn">
<msg time="2024-08-07T12:30:57.597355" level="INFO">${allowed_titles} = ['Mr', 'Ms', 'Miss', 'Mrs', 'Madame', 'Monsieur']</msg>
<var>${allowed_titles}</var>
<arg>Mr</arg>
<arg>Ms</arg>
<arg>Miss</arg>
<arg>Mrs</arg>
<arg>Madame</arg>
<arg>Monsieur</arg>
<doc>Returns a list containing given items.</doc>
<status status="PASS" start="2024-08-07T12:30:57.597195" elapsed="0.000186"/>
</kw>
<kw name="List Should Contain Value" owner="Collections">
<arg>${allowed_titles}</arg>
<arg>${name_title}</arg>
<doc>Fails if the ``value`` is not found from ``list``.</doc>
<status status="PASS" start="2024-08-07T12:30:57.597680" elapsed="0.000181"/>
</kw>
<kw name="Set Variable" owner="BuiltIn">
<msg time="2024-08-07T12:30:57.598438" level="INFO">${name_country} = AU</msg>
<var>${name_country}</var>
<arg>${json_data["results"][0]["nat"]}</arg>
<doc>Returns the given values which can then be assigned to a variables.</doc>
<status status="PASS" start="2024-08-07T12:30:57.598051" elapsed="0.000412"/>
</kw>
<kw name="Create List" owner="BuiltIn">
<msg time="2024-08-07T12:30:57.599356" level="INFO">${list_country} = ['AD', 'AE', 'AF', 'AG', 'AI', 'AL', 'AM', 'AO', 'AQ', 'AR', 'AS', 'AT', 'AU', 'AW', 'AX', 'AZ', 'BA', 'BB', 'BD', 'BE', 'BF', 'BG', 'BH', 'BI', 'BJ', 'BL', 'BM', 'BN', 'BO', 'BQ', 'BR', 'BS', 'BT', '...</msg>
<var>${list_country}</var>
<arg>AD</arg>
<arg>AE</arg>
<arg>AF</arg>
<arg>AG</arg>
<arg>AI</arg>
<arg>AL</arg>
<arg>AM</arg>
<arg>AO</arg>
<arg>AQ</arg>
<arg>AR</arg>
<arg>AS</arg>
<arg>AT</arg>
<arg>AU</arg>
<arg>AW</arg>
<arg>AX</arg>
<arg>AZ</arg>
<arg>BA</arg>
<arg>BB</arg>
<arg>BD</arg>
<arg>BE</arg>
<arg>BF</arg>
<arg>BG</arg>
<arg>BH</arg>
<arg>BI</arg>
<arg>BJ</arg>
<arg>BL</arg>
<arg>BM</arg>
<arg>BN</arg>
<arg>BO</arg>
<arg>BQ</arg>
<arg>BR</arg>
<arg>BS</arg>
<arg>BT</arg>
<arg>BV</arg>
<arg>BW</arg>
<arg>BY</arg>
<arg>BZ</arg>
<arg>CA</arg>
<arg>CC</arg>
<arg>CD</arg>
<arg>CF</arg>
<arg>CG</arg>
<arg>CH</arg>
<arg>CI</arg>
<arg>CK</arg>
<arg>CL</arg>
<arg>CM</arg>
<arg>CN</arg>
<arg>CO</arg>
<arg>CR</arg>
<arg>CU</arg>
<arg>CV</arg>
<arg>CW</arg>
<arg>CX</arg>
<arg>CY</arg>
<arg>CZ</arg>
<arg>DE</arg>
<arg>DJ</arg>
<arg>DK</arg>
<arg>DM</arg>
<arg>DO</arg>
<arg>DZ</arg>
<arg>EC</arg>
<arg>EE</arg>
<arg>EG</arg>
<arg>EH</arg>
<arg>ER</arg>
<arg>ES</arg>
<arg>ET</arg>
<arg>FI</arg>
<arg>FJ</arg>
<arg>FK</arg>
<arg>FM</arg>
<arg>FO</arg>
<arg>FR</arg>
<arg>GA</arg>
<arg>GB</arg>
<arg>GD</arg>
<arg>GE</arg>
<arg>GF</arg>
<arg>GG</arg>
<arg>GH</arg>
<arg>GI</arg>
<arg>GL</arg>
<arg>GM</arg>
<arg>GN</arg>
<arg>GP</arg>
<arg>GQ</arg>
<arg>GR</arg>
<arg>GS</arg>
<arg>GT</arg>
<arg>GU</arg>
<arg>GW</arg>
<arg>GY</arg>
<arg>HK</arg>
<arg>HM</arg>
<arg>HN</arg>
<arg>HR</arg>
<arg>HT</arg>
<arg>HU</arg>
<arg>ID</arg>
<arg>IE</arg>
<arg>IL</arg>
<arg>IM</arg>
<arg>IN</arg>
<arg>IO</arg>
<arg>IQ</arg>
<arg>IR</arg>
<arg>IS</arg>
<arg>IT</arg>
<arg>JE</arg>
<arg>JM</arg>
<arg>JO</arg>
<arg>JP</arg>
<arg>KE</arg>
<arg>KG</arg>
<arg>KH</arg>
<arg>KI</arg>
<arg>KM</arg>
<arg>KN</arg>
<arg>KP</arg>
<arg>KR</arg>
<arg>KW</arg>
<arg>KY</arg>
<arg>KZ</arg>
<arg>LA</arg>
<arg>LB</arg>
<arg>LC</arg>
<arg>LI</arg>
<arg>LK</arg>
<arg>LR</arg>
<arg>LS</arg>
<arg>LT</arg>
<arg>LU</arg>
<arg>LV</arg>
<arg>LY</arg>
<arg>MA</arg>
<arg>MC</arg>
<arg>MD</arg>
<arg>ME</arg>
<arg>MF</arg>
<arg>MG</arg>
<arg>MH</arg>
<arg>MK</arg>
<arg>ML</arg>
<arg>MM</arg>
<arg>MN</arg>
<arg>MO</arg>
<arg>MP</arg>
<arg>MQ</arg>
<arg>MR</arg>
<arg>MS</arg>
<arg>MT</arg>
<arg>MU</arg>
<arg>MV</arg>
<arg>MW</arg>
<arg>MX</arg>
<arg>MY</arg>
<arg>MZ</arg>
<arg>NA</arg>
<arg>NC</arg>
<arg>NE</arg>
<arg>NF</arg>
<arg>NG</arg>
<arg>NI</arg>
<arg>NL</arg>
<arg>NO</arg>
<arg>NP</arg>
<arg>NR</arg>
<arg>NU</arg>
<arg>NZ</arg>
<arg>OM</arg>
<arg>PA</arg>
<arg>PE</arg>
<arg>PF</arg>
<arg>PG</arg>
<arg>PH</arg>
<arg>PK</arg>
<arg>PL</arg>
<arg>PM</arg>
<arg>PN</arg>
<arg>PR</arg>
<arg>PS</arg>
<arg>PT</arg>
<arg>PW</arg>
<arg>PY</arg>
<arg>QA</arg>
<arg>RE</arg>
<arg>RO</arg>
<arg>RS</arg>
<arg>RU</arg>
<arg>RW</arg>
<arg>SA</arg>
<arg>SB</arg>
<arg>SC</arg>
<arg>SD</arg>
<arg>SE</arg>
<arg>SG</arg>
<arg>SH</arg>
<arg>SI</arg>
<arg>SJ</arg>
<arg>SK</arg>
<arg>SL</arg>
<arg>SM</arg>
<arg>SN</arg>
<arg>SO</arg>
<arg>SR</arg>
<arg>SS</arg>
<arg>ST</arg>
<arg>SV</arg>
<arg>SX</arg>
<arg>SY</arg>
<arg>SZ</arg>
<arg>TC</arg>
<arg>TD</arg>
<arg>TF</arg>
<arg>TG</arg>
<arg>TH</arg>
<arg>TJ</arg>
<arg>TK</arg>
<arg>TL</arg>
<arg>TM</arg>
<arg>TN</arg>
<arg>TO</arg>
<arg>TR</arg>
<arg>TT</arg>
<arg>TV</arg>
<arg>TW</arg>
<arg>TZ</arg>
<arg>UA</arg>
<arg>UG</arg>
<arg>UM</arg>
<arg>US</arg>
<arg>UY</arg>
<arg>UZ</arg>
<arg>VA</arg>
<arg>VC</arg>
<arg>VE</arg>
<arg>VG</arg>
<arg>VI</arg>
<arg>VN</arg>
<arg>VU</arg>
<arg>WF</arg>
<arg>WS</arg>
<arg>XK</arg>
<arg>YE</arg>
<arg>YT</arg>
<arg>ZA</arg>
<arg>ZM</arg>
<arg>ZW</arg>
<doc>Returns a list containing given items.</doc>
<status status="PASS" start="2024-08-07T12:30:57.598761" elapsed="0.000623"/>
</kw>
<kw name="List Should Contain Value" owner="Collections">
<arg>${list_country}</arg>
<arg>${name_country}</arg>
<doc>Fails if the ``value`` is not found from ``list``.</doc>
<status status="PASS" start="2024-08-07T12:30:57.600438" elapsed="0.000214"/>
</kw>
<kw name="Run Keyword If" owner="BuiltIn">
<kw name="Should Be True" owner="BuiltIn">
<arg>${True}</arg>
<doc>Fails if the given condition is not true.</doc>
<status status="PASS" start="2024-08-07T12:30:57.601617" elapsed="0.000146"/>
</kw>
<arg>${json_data["results"][0]["location"]["coordinates"]["latitude"]} &gt;= -90 and ${json_data["results"][0]["location"]["coordinates"]["latitude"]} &lt;= 90</arg>
<arg>Should Be True</arg>
<arg>${True}</arg>
<doc>Runs the given keyword with the given arguments, if ``condition`` is true.</doc>
<status status="PASS" start="2024-08-07T12:30:57.600851" elapsed="0.001038"/>
</kw>
<kw name="Run Keyword If" owner="BuiltIn">
<kw name="Should Be True" owner="BuiltIn">
<arg>${True}</arg>
<doc>Fails if the given condition is not true.</doc>
<status status="PASS" start="2024-08-07T12:30:57.602760" elapsed="0.000138"/>
</kw>
<arg>${json_data["results"][0]["location"]["coordinates"]["longitude"]} &gt;= -180 and ${json_data["results"][0]["location"]["coordinates"]["longitude"]} &lt;= 180</arg>
<arg>Should Be True</arg>
<arg>${True}</arg>
<doc>Runs the given keyword with the given arguments, if ``condition`` is true.</doc>
<status status="PASS" start="2024-08-07T12:30:57.602070" elapsed="0.000953"/>
</kw>
<status status="PASS" start="2024-08-07T12:30:57.505315" elapsed="0.097839"/>
</kw>
<doc>Testa o conteúdo específico dos campos retornados pela API.</doc>
<tag>testeConteudo</tag>
<status status="PASS" start="2024-08-07T12:30:57.504758" elapsed="0.098554"/>
</test>
<status status="PASS" start="2024-08-07T12:30:53.562352" elapsed="4.042988"/>
</suite>
<status status="PASS" start="2024-08-07T12:30:53.547514" elapsed="4.063041"/>
</suite>
<statistics>
<total>
<stat pass="5" fail="0" skip="0">All Tests</stat>
</total>
<tag>
<stat pass="1" fail="0" skip="0">testeConteudo</stat>
<stat pass="1" fail="0" skip="0">testeEstruturaResposta</stat>
<stat pass="1" fail="0" skip="0">testeRequisicaoBasica</stat>
<stat pass="1" fail="0" skip="0">testeTiposDados</stat>
</tag>
<suite>
<stat pass="5" fail="0" skip="0" id="s1" name="Tests">Tests</stat>
<stat pass="5" fail="0" skip="0" id="s1-s1" name="Random-User-Test">Tests.Random-User-Test</stat>
</suite>
</statistics>
<errors>
</errors>
</robot>
