<?xml version="1.0" encoding="UTF-8"?>
<robot generator="Robot 7.0.1 (Python 3.12.3 on linux)" generated="2024-06-14T14:15:20.673704" rpa="false" schemaversion="5">
<suite id="s1" name="Tests" source="/home/runner/work/ApiRandomUser/ApiRandomUser/RamdonUser/tests">
<suite id="s1-s1" name="Random-User-Test" source="/home/runner/work/ApiRandomUser/ApiRandomUser/RamdonUser/tests/random-user-test.robot">
<test id="s1-s1-t1" name="Conectar" line="13">
<kw name="Conectar API" owner="random-user-service">
<kw name="Create Session" owner="RequestsLibrary">
<msg time="2024-06-14T14:15:21.086597" level="INFO">Creating Session using : alias=consultarAPI, url=https://randomuser.me/, headers={},                     cookies={}, auth=None, timeout=None, proxies=None, verify=False,                     debug=0 </msg>
<arg>consultarAPI</arg>
<arg>${URL}</arg>
<doc>Create Session: create a HTTP session to a server</doc>
<status status="PASS" start="2024-06-14T14:15:21.086391" elapsed="0.000405"/>
</kw>
<status status="PASS" start="2024-06-14T14:15:21.085311" elapsed="0.001858"/>
</kw>
<status status="PASS" start="2024-06-14T14:15:21.084614" elapsed="0.002752"/>
</test>
<test id="s1-s1-t2" name="Validar retorno 200 e JSON Válido" line="16">
<kw name="Teste de Requisicao Basica" owner="random-user-service">
<kw name="GET On Session" owner="RequestsLibrary">
<msg time="2024-06-14T14:15:21.412798" level="INFO">GET Request : url=https://randomuser.me/api 
 path_url=/api 
 headers={'User-Agent': 'python-requests/2.32.3', 'Accept-Encoding': 'gzip, deflate', 'Accept': '*/*', 'Connection': 'keep-alive'} 
 body=None 
 </msg>
<msg time="2024-06-14T14:15:21.412951" level="INFO">GET Response : url=https://randomuser.me/api 
 status=200, reason=OK 
 headers={'Date': 'Fri, 14 Jun 2024 14:15:21 GMT', 'Content-Type': 'application/json; charset=utf-8', 'Transfer-Encoding': 'chunked', 'Connection': 'keep-alive', 'X-Powered-By': 'Express', 'Access-Control-Allow-Origin': '*', 'Cache-Control': 'no-cache', 'ETag': 'W/"47c-4kpocxGpBLzmOMEun7xdj7TTDrQ"', 'Vary': 'Accept-Encoding', 'Content-Encoding': 'gzip', 'CF-Cache-Status': 'DYNAMIC', 'Report-To': '{"endpoints":[{"url":"https:\\/\\/a.nel.cloudflare.com\\/report\\/v4?s=UXA2pmDZe%2BBFqITDhp2dRjiGhCANn8J1vB1tDQ7BxNknOn1dXC0JgQ7dK%2B1W8%2Bl%2F47XdVk9DERllwdALfzeskI2OVIMqofFuijqqFQdftGAtBzra53DC8AzJc%2BXWGSh7"}],"group":"cf-nel","max_age":604800}', 'NEL': '{"success_fraction":0,"report_to":"cf-nel","max_age":604800}', 'Server': 'cloudflare', 'CF-RAY': '893aee95b8cc1156-ORD', 'alt-svc': 'h3=":443"; ma=86400'} 
 body={"results":[{"gender":"male","name":{"title":"Mr","first":"Seamus","last":"Edwards"},"location":{"street":{"number":4446,"name":"Denny Street"},"city":"Thurles","state":"Fingal","country":"Ireland","postcode":12385,"coordinates":{"latitude":"-3.8638","longitude":"-90.8340"},"timezone":{"offset":"+2:00","description":"Kaliningrad, South Africa"}},"email":"seamus.edwards@example.com","login":{"uuid":"d3872e40-a558-43a4-9f4b-e03071c90032","username":"crazypeacock911","password":"yvette","salt":"NuvGoOtZ","md5":"3675829a60bacd6dcbbf9e070f98d6fe","sha1":"54482184b3ad2b94b76b85cf31bc222344e439cb","sha256":"bd83e29dca4c3e9ebec7baa336faaa2647e22ed8bad6515c49945d03db349eee"},"dob":{"date":"1946-12-05T21:02:17.127Z","age":77},"registered":{"date":"2006-08-23T19:48:53.295Z","age":17},"phone":"041-075-0011","cell":"081-804-6668","id":{"name":"PPS","value":"1448495T"},"picture":{"large":"https://randomuser.me/api/portraits/men/4.jpg","medium":"https://randomuser.me/api/portraits/med/men/4.jpg","thumbnail":"https://randomuser.me/api/portraits/thumb/men/4.jpg"},"nat":"IE"}],"info":{"seed":"5511a058e1624936","results":1,"page":1,"version":"1.4"}} 
 </msg>
<msg time="2024-06-14T14:15:21.413033" level="INFO">/opt/hostedtoolcache/Python/3.12.3/x64/lib/python3.12/site-packages/urllib3/connectionpool.py:1103: InsecureRequestWarning: Unverified HTTPS request is being made to host 'randomuser.me'. Adding certificate verification is strongly advised. See: https://urllib3.readthedocs.io/en/latest/advanced-usage.html#tls-warnings
  warnings.warn(</msg>
<msg time="2024-06-14T14:15:21.413189" level="INFO">${response} = &lt;Response [200]&gt;</msg>
<var>${response}</var>
<arg>consultarAPI</arg>
<arg>/api</arg>
<doc>Sends a GET request on a previously created HTTP Session.</doc>
<status status="PASS" start="2024-06-14T14:15:21.090017" elapsed="0.323218"/>
</kw>
<kw name="Should Be Equal As Numbers" owner="BuiltIn">
<msg time="2024-06-14T14:15:21.414233" level="INFO">Argument types are:
&lt;class 'int'&gt;
&lt;class 'str'&gt;</msg>
<arg>${response.status_code}</arg>
<arg>200</arg>
<doc>Fails if objects are unequal after converting them to real numbers.</doc>
<status status="PASS" start="2024-06-14T14:15:21.413778" elapsed="0.000525"/>
</kw>
<kw name="Log" owner="BuiltIn">
<msg time="2024-06-14T14:15:21.414981" level="INFO">200</msg>
<arg>${response.status_code}</arg>
<doc>Logs the given message with the given level.</doc>
<status status="PASS" start="2024-06-14T14:15:21.414640" elapsed="0.000389"/>
</kw>
<kw name="Set Variable" owner="BuiltIn">
<msg time="2024-06-14T14:15:21.415748" level="INFO">${json_data} = {'results': [{'gender': 'male', 'name': {'title': 'Mr', 'first': 'Seamus', 'last': 'Edwards'}, 'location': {'street': {'number': 4446, 'name': 'Denny Street'}, 'city': 'Thurles', 'state': 'Fingal', 'c...</msg>
<var>${json_data}</var>
<arg>${response.json()}</arg>
<doc>Returns the given values which can then be assigned to a variables.</doc>
<status status="PASS" start="2024-06-14T14:15:21.415329" elapsed="0.000449"/>
</kw>
<kw name="Dictionary Should Contain Key" owner="Collections">
<arg>${json_data}</arg>
<arg>results</arg>
<doc>Fails if ``key`` is not found from ``dictionary``.</doc>
<status status="PASS" start="2024-06-14T14:15:21.416076" elapsed="0.000166"/>
</kw>
<status status="PASS" start="2024-06-14T14:15:21.089782" elapsed="0.326611"/>
</kw>
<doc>Testa se a API responde corretamente e retorna um objeto JSON válido.</doc>
<tag>testeRequisicaoBasica</tag>
<status status="PASS" start="2024-06-14T14:15:21.089319" elapsed="0.327303"/>
</test>
<test id="s1-s1-t3" name="Validar estrutura de resposta" line="22">
<kw name="Teste de Estrutura de Resposta" owner="random-user-service">
<kw name="GET On Session" owner="RequestsLibrary">
<msg time="2024-06-14T14:15:21.557194" level="INFO">GET Request : url=https://randomuser.me/api 
 path_url=/api 
 headers={'User-Agent': 'python-requests/2.32.3', 'Accept-Encoding': 'gzip, deflate', 'Accept': '*/*', 'Connection': 'keep-alive'} 
 body=None 
 </msg>
<msg time="2024-06-14T14:15:21.557395" level="INFO">GET Response : url=https://randomuser.me/api 
 status=200, reason=OK 
 headers={'Date': 'Fri, 14 Jun 2024 14:15:21 GMT', 'Content-Type': 'application/json; charset=utf-8', 'Transfer-Encoding': 'chunked', 'Connection': 'keep-alive', 'X-Powered-By': 'Express', 'Access-Control-Allow-Origin': '*', 'Cache-Control': 'no-cache', 'ETag': 'W/"491-5iroxvQ7rWpdiVJzs+VYSsl17pw"', 'Vary': 'Accept-Encoding', 'Content-Encoding': 'gzip', 'CF-Cache-Status': 'DYNAMIC', 'Report-To': '{"endpoints":[{"url":"https:\\/\\/a.nel.cloudflare.com\\/report\\/v4?s=3FZWAN%2FrDs8HNL1UvImuMcd3IJgUAZhRzRJkOGT6C3UuQUixEpV6SHov4hz8OTLrpo0XfP5i9gxjKGAdJgzCwm9SZ87LU4EEwUDMrC0YAtqQ3G2yrY%2FNZvSM%2BZdCpnh%2B"}],"group":"cf-nel","max_age":604800}', 'NEL': '{"success_fraction":0,"report_to":"cf-nel","max_age":604800}', 'Server': 'cloudflare', 'CF-RAY': '893aee96ea6c1156-ORD', 'alt-svc': 'h3=":443"; ma=86400'} 
 body={"results":[{"gender":"male","name":{"title":"Mr","first":"محمدامين","last":"سالاری"},"location":{"street":{"number":4140,"name":"یادگار امام"},"city":"اصفهان","state":"قزوین","country":"Iran","postcode":98370,"coordinates":{"latitude":"16.1564","longitude":"-6.7205"},"timezone":{"offset":"-12:00","description":"Eniwetok, Kwajalein"}},"email":"mhmdmyn.slry@example.com","login":{"uuid":"c406f28f-2021-4352-9571-385aacb8a543","username":"heavybutterfly312","password":"favorite","salt":"kbifmvi2","md5":"5c6aad839766498902a955cee5adc7a4","sha1":"b1416eb38bc39d4e1c375e98f2288204bca9d178","sha256":"a028af30bc12070a21d0bdd4fe2bb153f16e9ad6d61738f6a6fb33ef70b80dec"},"dob":{"date":"1976-05-29T09:49:44.812Z","age":48},"registered":{"date":"2009-10-04T09:56:23.650Z","age":14},"phone":"067-75632250","cell":"0958-446-5527","id":{"name":"","value":null},"picture":{"large":"https://randomuser.me/api/portraits/men/68.jpg","medium":"https://randomuser.me/api/portraits/med/men/68.jpg","thumbnail":"https://randomuser.me/api/portraits/thumb/men/68.jpg"},"nat":"IR"}],"info":{"seed":"7ea940a6b0d20ff3","results":1,"page":1,"version":"1.4"}} 
 </msg>
<msg time="2024-06-14T14:15:21.557646" level="INFO">/opt/hostedtoolcache/Python/3.12.3/x64/lib/python3.12/site-packages/urllib3/connectionpool.py:1103: InsecureRequestWarning: Unverified HTTPS request is being made to host 'randomuser.me'. Adding certificate verification is strongly advised. See: https://urllib3.readthedocs.io/en/latest/advanced-usage.html#tls-warnings
  warnings.warn(</msg>
<msg time="2024-06-14T14:15:21.557846" level="INFO">${response} = &lt;Response [200]&gt;</msg>
<var>${response}</var>
<arg>consultarAPI</arg>
<arg>/api</arg>
<doc>Sends a GET request on a previously created HTTP Session.</doc>
<status status="PASS" start="2024-06-14T14:15:21.419328" elapsed="0.138555"/>
</kw>
<kw name="Set Variable" owner="BuiltIn">
<msg time="2024-06-14T14:15:21.558801" level="INFO">${json_data} = {'results': [{'gender': 'male', 'name': {'title': 'Mr', 'first': 'محمدامين', 'last': 'سالاری'}, 'location': {'street': {'number': 4140, 'name': 'یادگار امام'}, 'city': 'اصفهان', 'state': 'قزوین', 'cou...</msg>
<var>${json_data}</var>
<arg>${response.json()}</arg>
<doc>Returns the given values which can then be assigned to a variables.</doc>
<status status="PASS" start="2024-06-14T14:15:21.558327" elapsed="0.000507"/>
</kw>
<kw name="Log" owner="BuiltIn">
<msg time="2024-06-14T14:15:21.559301" level="INFO">{'results': [{'gender': 'male', 'name': {'title': 'Mr', 'first': 'محمدامين', 'last': 'سالاری'}, 'location': {'street': {'number': 4140, 'name': 'یادگار امام'}, 'city': 'اصفهان', 'state': 'قزوین', 'country': 'Iran', 'postcode': 98370, 'coordinates': {'latitude': '16.1564', 'longitude': '-6.7205'}, 'timezone': {'offset': '-12:00', 'description': 'Eniwetok, Kwajalein'}}, 'email': 'mhmdmyn.slry@example.com', 'login': {'uuid': 'c406f28f-2021-4352-9571-385aacb8a543', 'username': 'heavybutterfly312', 'password': 'favorite', 'salt': 'kbifmvi2', 'md5': '5c6aad839766498902a955cee5adc7a4', 'sha1': 'b1416eb38bc39d4e1c375e98f2288204bca9d178', 'sha256': 'a028af30bc12070a21d0bdd4fe2bb153f16e9ad6d61738f6a6fb33ef70b80dec'}, 'dob': {'date': '1976-05-29T09:49:44.812Z', 'age': 48}, 'registered': {'date': '2009-10-04T09:56:23.650Z', 'age': 14}, 'phone': '067-75632250', 'cell': '0958-446-5527', 'id': {'name': '', 'value': None}, 'picture': {'large': 'https://randomuser.me/api/portraits/men/68.jpg', 'medium': 'https://randomuser.me/api/portraits/med/men/68.jpg', 'thumbnail': 'https://randomuser.me/api/portraits/thumb/men/68.jpg'}, 'nat': 'IR'}], 'info': {'seed': '7ea940a6b0d20ff3', 'results': 1, 'page': 1, 'version': '1.4'}}</msg>
<arg>${json_data}</arg>
<doc>Logs the given message with the given level.</doc>
<status status="PASS" start="2024-06-14T14:15:21.559139" elapsed="0.000211"/>
</kw>
<kw name="Dictionary Should Contain Key" owner="Collections">
<arg>${json_data}</arg>
<arg>results</arg>
<doc>Fails if ``key`` is not found from ``dictionary``.</doc>
<status status="PASS" start="2024-06-14T14:15:21.559647" elapsed="0.000159"/>
</kw>
<kw name="Should Not Be Empty" owner="BuiltIn">
<msg time="2024-06-14T14:15:21.560140" level="INFO">Length is 2.</msg>
<arg>${json_data}</arg>
<doc>Verifies that the given item is not empty.</doc>
<status status="PASS" start="2024-06-14T14:15:21.560009" elapsed="0.000170"/>
</kw>
<kw name="Create List" owner="BuiltIn">
<msg time="2024-06-14T14:15:21.560729" level="INFO">${expected_keys} = ['gender', 'name', 'location', 'email', 'login']</msg>
<var>${expected_keys}</var>
<arg>gender</arg>
<arg>name</arg>
<arg>location</arg>
<arg>email</arg>
<arg>login</arg>
<doc>Returns a list containing given items.</doc>
<status status="PASS" start="2024-06-14T14:15:21.560547" elapsed="0.000205"/>
</kw>
<for flavor="IN">
<iter>
<kw name="Dictionary Should Contain Key" owner="Collections">
<arg>${json_data['results'][0]}</arg>
<arg>${key}</arg>
<doc>Fails if ``key`` is not found from ``dictionary``.</doc>
<status status="PASS" start="2024-06-14T14:15:21.561366" elapsed="0.000405"/>
</kw>
<kw name="Log" owner="BuiltIn">
<msg time="2024-06-14T14:15:21.562327" level="INFO">{'gender': 'male', 'name': {'title': 'Mr', 'first': 'محمدامين', 'last': 'سالاری'}, 'location': {'street': {'number': 4140, 'name': 'یادگار امام'}, 'city': 'اصفهان', 'state': 'قزوین', 'country': 'Iran', 'postcode': 98370, 'coordinates': {'latitude': '16.1564', 'longitude': '-6.7205'}, 'timezone': {'offset': '-12:00', 'description': 'Eniwetok, Kwajalein'}}, 'email': 'mhmdmyn.slry@example.com', 'login': {'uuid': 'c406f28f-2021-4352-9571-385aacb8a543', 'username': 'heavybutterfly312', 'password': 'favorite', 'salt': 'kbifmvi2', 'md5': '5c6aad839766498902a955cee5adc7a4', 'sha1': 'b1416eb38bc39d4e1c375e98f2288204bca9d178', 'sha256': 'a028af30bc12070a21d0bdd4fe2bb153f16e9ad6d61738f6a6fb33ef70b80dec'}, 'dob': {'date': '1976-05-29T09:49:44.812Z', 'age': 48}, 'registered': {'date': '2009-10-04T09:56:23.650Z', 'age': 14}, 'phone': '067-75632250', 'cell': '0958-446-5527', 'id': {'name': '', 'value': None}, 'picture': {'large': 'https://randomuser.me/api/portraits/men/68.jpg', 'medium': 'https://randomuser.me/api/portraits/med/men/68.jpg', 'thumbnail': 'https://randomuser.me/api/portraits/thumb/men/68.jpg'}, 'nat': 'IR'}</msg>
<arg>${json_data['results'][0]}</arg>
<doc>Logs the given message with the given level.</doc>
<status status="PASS" start="2024-06-14T14:15:21.561962" elapsed="0.000417"/>
</kw>
<kw name="Log" owner="BuiltIn">
<msg time="2024-06-14T14:15:21.562805" level="INFO">gender</msg>
<arg>${key}</arg>
<doc>Logs the given message with the given level.</doc>
<status status="PASS" start="2024-06-14T14:15:21.562677" elapsed="0.000167"/>
</kw>
<var name="${key}">gender</var>
<status status="PASS" start="2024-06-14T14:15:21.561235" elapsed="0.001835"/>
</iter>
<iter>
<kw name="Dictionary Should Contain Key" owner="Collections">
<arg>${json_data['results'][0]}</arg>
<arg>${key}</arg>
<doc>Fails if ``key`` is not found from ``dictionary``.</doc>
<status status="PASS" start="2024-06-14T14:15:21.563369" elapsed="0.000386"/>
</kw>
<kw name="Log" owner="BuiltIn">
<msg time="2024-06-14T14:15:21.564328" level="INFO">{'gender': 'male', 'name': {'title': 'Mr', 'first': 'محمدامين', 'last': 'سالاری'}, 'location': {'street': {'number': 4140, 'name': 'یادگار امام'}, 'city': 'اصفهان', 'state': 'قزوین', 'country': 'Iran', 'postcode': 98370, 'coordinates': {'latitude': '16.1564', 'longitude': '-6.7205'}, 'timezone': {'offset': '-12:00', 'description': 'Eniwetok, Kwajalein'}}, 'email': 'mhmdmyn.slry@example.com', 'login': {'uuid': 'c406f28f-2021-4352-9571-385aacb8a543', 'username': 'heavybutterfly312', 'password': 'favorite', 'salt': 'kbifmvi2', 'md5': '5c6aad839766498902a955cee5adc7a4', 'sha1': 'b1416eb38bc39d4e1c375e98f2288204bca9d178', 'sha256': 'a028af30bc12070a21d0bdd4fe2bb153f16e9ad6d61738f6a6fb33ef70b80dec'}, 'dob': {'date': '1976-05-29T09:49:44.812Z', 'age': 48}, 'registered': {'date': '2009-10-04T09:56:23.650Z', 'age': 14}, 'phone': '067-75632250', 'cell': '0958-446-5527', 'id': {'name': '', 'value': None}, 'picture': {'large': 'https://randomuser.me/api/portraits/men/68.jpg', 'medium': 'https://randomuser.me/api/portraits/med/men/68.jpg', 'thumbnail': 'https://randomuser.me/api/portraits/thumb/men/68.jpg'}, 'nat': 'IR'}</msg>
<arg>${json_data['results'][0]}</arg>
<doc>Logs the given message with the given level.</doc>
<status status="PASS" start="2024-06-14T14:15:21.563936" elapsed="0.000443"/>
</kw>
<kw name="Log" owner="BuiltIn">
<msg time="2024-06-14T14:15:21.564847" level="INFO">name</msg>
<arg>${key}</arg>
<doc>Logs the given message with the given level.</doc>
<status status="PASS" start="2024-06-14T14:15:21.564712" elapsed="0.000174"/>
</kw>
<var name="${key}">name</var>
<status status="PASS" start="2024-06-14T14:15:21.563257" elapsed="0.001845"/>
</iter>
<iter>
<kw name="Dictionary Should Contain Key" owner="Collections">
<arg>${json_data['results'][0]}</arg>
<arg>${key}</arg>
<doc>Fails if ``key`` is not found from ``dictionary``.</doc>
<status status="PASS" start="2024-06-14T14:15:21.565391" elapsed="0.000378"/>
</kw>
<kw name="Log" owner="BuiltIn">
<msg time="2024-06-14T14:15:21.566304" level="INFO">{'gender': 'male', 'name': {'title': 'Mr', 'first': 'محمدامين', 'last': 'سالاری'}, 'location': {'street': {'number': 4140, 'name': 'یادگار امام'}, 'city': 'اصفهان', 'state': 'قزوین', 'country': 'Iran', 'postcode': 98370, 'coordinates': {'latitude': '16.1564', 'longitude': '-6.7205'}, 'timezone': {'offset': '-12:00', 'description': 'Eniwetok, Kwajalein'}}, 'email': 'mhmdmyn.slry@example.com', 'login': {'uuid': 'c406f28f-2021-4352-9571-385aacb8a543', 'username': 'heavybutterfly312', 'password': 'favorite', 'salt': 'kbifmvi2', 'md5': '5c6aad839766498902a955cee5adc7a4', 'sha1': 'b1416eb38bc39d4e1c375e98f2288204bca9d178', 'sha256': 'a028af30bc12070a21d0bdd4fe2bb153f16e9ad6d61738f6a6fb33ef70b80dec'}, 'dob': {'date': '1976-05-29T09:49:44.812Z', 'age': 48}, 'registered': {'date': '2009-10-04T09:56:23.650Z', 'age': 14}, 'phone': '067-75632250', 'cell': '0958-446-5527', 'id': {'name': '', 'value': None}, 'picture': {'large': 'https://randomuser.me/api/portraits/men/68.jpg', 'medium': 'https://randomuser.me/api/portraits/med/men/68.jpg', 'thumbnail': 'https://randomuser.me/api/portraits/thumb/men/68.jpg'}, 'nat': 'IR'}</msg>
<arg>${json_data['results'][0]}</arg>
<doc>Logs the given message with the given level.</doc>
<status status="PASS" start="2024-06-14T14:15:21.565955" elapsed="0.000399"/>
</kw>
<kw name="Log" owner="BuiltIn">
<msg time="2024-06-14T14:15:21.566775" level="INFO">location</msg>
<arg>${key}</arg>
<doc>Logs the given message with the given level.</doc>
<status status="PASS" start="2024-06-14T14:15:21.566648" elapsed="0.000164"/>
</kw>
<var name="${key}">location</var>
<status status="PASS" start="2024-06-14T14:15:21.565282" elapsed="0.001753"/>
</iter>
<iter>
<kw name="Dictionary Should Contain Key" owner="Collections">
<arg>${json_data['results'][0]}</arg>
<arg>${key}</arg>
<doc>Fails if ``key`` is not found from ``dictionary``.</doc>
<status status="PASS" start="2024-06-14T14:15:21.567315" elapsed="0.000372"/>
</kw>
<kw name="Log" owner="BuiltIn">
<msg time="2024-06-14T14:15:21.568228" level="INFO">{'gender': 'male', 'name': {'title': 'Mr', 'first': 'محمدامين', 'last': 'سالاری'}, 'location': {'street': {'number': 4140, 'name': 'یادگار امام'}, 'city': 'اصفهان', 'state': 'قزوین', 'country': 'Iran', 'postcode': 98370, 'coordinates': {'latitude': '16.1564', 'longitude': '-6.7205'}, 'timezone': {'offset': '-12:00', 'description': 'Eniwetok, Kwajalein'}}, 'email': 'mhmdmyn.slry@example.com', 'login': {'uuid': 'c406f28f-2021-4352-9571-385aacb8a543', 'username': 'heavybutterfly312', 'password': 'favorite', 'salt': 'kbifmvi2', 'md5': '5c6aad839766498902a955cee5adc7a4', 'sha1': 'b1416eb38bc39d4e1c375e98f2288204bca9d178', 'sha256': 'a028af30bc12070a21d0bdd4fe2bb153f16e9ad6d61738f6a6fb33ef70b80dec'}, 'dob': {'date': '1976-05-29T09:49:44.812Z', 'age': 48}, 'registered': {'date': '2009-10-04T09:56:23.650Z', 'age': 14}, 'phone': '067-75632250', 'cell': '0958-446-5527', 'id': {'name': '', 'value': None}, 'picture': {'large': 'https://randomuser.me/api/portraits/men/68.jpg', 'medium': 'https://randomuser.me/api/portraits/med/men/68.jpg', 'thumbnail': 'https://randomuser.me/api/portraits/thumb/men/68.jpg'}, 'nat': 'IR'}</msg>
<arg>${json_data['results'][0]}</arg>
<doc>Logs the given message with the given level.</doc>
<status status="PASS" start="2024-06-14T14:15:21.567865" elapsed="0.000414"/>
</kw>
<kw name="Log" owner="BuiltIn">
<msg time="2024-06-14T14:15:21.568725" level="INFO">email</msg>
<arg>${key}</arg>
<doc>Logs the given message with the given level.</doc>
<status status="PASS" start="2024-06-14T14:15:21.568595" elapsed="0.000168"/>
</kw>
<var name="${key}">email</var>
<status status="PASS" start="2024-06-14T14:15:21.567207" elapsed="0.001771"/>
</iter>
<iter>
<kw name="Dictionary Should Contain Key" owner="Collections">
<arg>${json_data['results'][0]}</arg>
<arg>${key}</arg>
<doc>Fails if ``key`` is not found from ``dictionary``.</doc>
<status status="PASS" start="2024-06-14T14:15:21.569259" elapsed="0.000379"/>
</kw>
<kw name="Log" owner="BuiltIn">
<msg time="2024-06-14T14:15:21.570203" level="INFO">{'gender': 'male', 'name': {'title': 'Mr', 'first': 'محمدامين', 'last': 'سالاری'}, 'location': {'street': {'number': 4140, 'name': 'یادگار امام'}, 'city': 'اصفهان', 'state': 'قزوین', 'country': 'Iran', 'postcode': 98370, 'coordinates': {'latitude': '16.1564', 'longitude': '-6.7205'}, 'timezone': {'offset': '-12:00', 'description': 'Eniwetok, Kwajalein'}}, 'email': 'mhmdmyn.slry@example.com', 'login': {'uuid': 'c406f28f-2021-4352-9571-385aacb8a543', 'username': 'heavybutterfly312', 'password': 'favorite', 'salt': 'kbifmvi2', 'md5': '5c6aad839766498902a955cee5adc7a4', 'sha1': 'b1416eb38bc39d4e1c375e98f2288204bca9d178', 'sha256': 'a028af30bc12070a21d0bdd4fe2bb153f16e9ad6d61738f6a6fb33ef70b80dec'}, 'dob': {'date': '1976-05-29T09:49:44.812Z', 'age': 48}, 'registered': {'date': '2009-10-04T09:56:23.650Z', 'age': 14}, 'phone': '067-75632250', 'cell': '0958-446-5527', 'id': {'name': '', 'value': None}, 'picture': {'large': 'https://randomuser.me/api/portraits/men/68.jpg', 'medium': 'https://randomuser.me/api/portraits/med/men/68.jpg', 'thumbnail': 'https://randomuser.me/api/portraits/thumb/men/68.jpg'}, 'nat': 'IR'}</msg>
<arg>${json_data['results'][0]}</arg>
<doc>Logs the given message with the given level.</doc>
<status status="PASS" start="2024-06-14T14:15:21.569826" elapsed="0.000428"/>
</kw>
<kw name="Log" owner="BuiltIn">
<msg time="2024-06-14T14:15:21.570779" level="INFO">login</msg>
<arg>${key}</arg>
<doc>Logs the given message with the given level.</doc>
<status status="PASS" start="2024-06-14T14:15:21.570550" elapsed="0.000267"/>
</kw>
<var name="${key}">login</var>
<status status="PASS" start="2024-06-14T14:15:21.569150" elapsed="0.001882"/>
</iter>
<var>${key}</var>
<value>@{expected_keys}</value>
<status status="PASS" start="2024-06-14T14:15:21.561043" elapsed="0.010111"/>
</for>
<kw name="Create List" owner="BuiltIn">
<msg time="2024-06-14T14:15:21.571514" level="INFO">${expected_keysTwo} = ['username', 'password']</msg>
<var>${expected_keysTwo}</var>
<arg>username</arg>
<arg>password</arg>
<doc>Returns a list containing given items.</doc>
<status status="PASS" start="2024-06-14T14:15:21.571342" elapsed="0.000197"/>
</kw>
<for flavor="IN">
<iter>
<kw name="Dictionary Should Contain Key" owner="Collections">
<arg>${json_data['results'][0]['login']}</arg>
<arg>${keyTwo}</arg>
<doc>Fails if ``key`` is not found from ``dictionary``.</doc>
<status status="PASS" start="2024-06-14T14:15:21.572061" elapsed="0.000418"/>
</kw>
<kw name="Dictionary Should Contain Key" owner="Collections">
<arg>${json_data['results'][0]['login']}</arg>
<arg>${keyTwo}</arg>
<doc>Fails if ``key`` is not found from ``dictionary``.</doc>
<status status="PASS" start="2024-06-14T14:15:21.572677" elapsed="0.000379"/>
</kw>
<kw name="Log" owner="BuiltIn">
<msg time="2024-06-14T14:15:21.573357" level="INFO">username</msg>
<arg>${keyTwo}</arg>
<doc>Logs the given message with the given level.</doc>
<status status="PASS" start="2024-06-14T14:15:21.573237" elapsed="0.000157"/>
</kw>
<var name="${keyTwo}">username</var>
<status status="PASS" start="2024-06-14T14:15:21.571928" elapsed="0.001696"/>
</iter>
<iter>
<kw name="Dictionary Should Contain Key" owner="Collections">
<arg>${json_data['results'][0]['login']}</arg>
<arg>${keyTwo}</arg>
<doc>Fails if ``key`` is not found from ``dictionary``.</doc>
<status status="PASS" start="2024-06-14T14:15:21.573909" elapsed="0.000438"/>
</kw>
<kw name="Dictionary Should Contain Key" owner="Collections">
<arg>${json_data['results'][0]['login']}</arg>
<arg>${keyTwo}</arg>
<doc>Fails if ``key`` is not found from ``dictionary``.</doc>
<status status="PASS" start="2024-06-14T14:15:21.574553" elapsed="0.000379"/>
</kw>
<kw name="Log" owner="BuiltIn">
<msg time="2024-06-14T14:15:21.575232" level="INFO">password</msg>
<arg>${keyTwo}</arg>
<doc>Logs the given message with the given level.</doc>
<status status="PASS" start="2024-06-14T14:15:21.575112" elapsed="0.000156"/>
</kw>
<var name="${keyTwo}">password</var>
<status status="PASS" start="2024-06-14T14:15:21.573802" elapsed="0.001685"/>
</iter>
<var>${keyTwo}</var>
<value>@{expected_keysTwo}</value>
<status status="PASS" start="2024-06-14T14:15:21.571777" elapsed="0.003835"/>
</for>
<status status="PASS" start="2024-06-14T14:15:21.419096" elapsed="0.156663"/>
</kw>
<doc>Testa a estrutura da resposta da API.</doc>
<tag>testeEstruturaResposta</tag>
<status status="PASS" start="2024-06-14T14:15:21.418418" elapsed="0.157492"/>
</test>
<test id="s1-s1-t4" name="Validar tipos de dados" line="28">
<kw name="Teste de Tipos de Dados" owner="random-user-service">
<kw name="GET On Session" owner="RequestsLibrary">
<msg time="2024-06-14T14:15:21.644094" level="INFO">GET Request : url=https://randomuser.me/api 
 path_url=/api 
 headers={'User-Agent': 'python-requests/2.32.3', 'Accept-Encoding': 'gzip, deflate', 'Accept': '*/*', 'Connection': 'keep-alive'} 
 body=None 
 </msg>
<msg time="2024-06-14T14:15:21.644174" level="INFO">GET Response : url=https://randomuser.me/api 
 status=200, reason=OK 
 headers={'Date': 'Fri, 14 Jun 2024 14:15:21 GMT', 'Content-Type': 'application/json; charset=utf-8', 'Transfer-Encoding': 'chunked', 'Connection': 'keep-alive', 'X-Powered-By': 'Express', 'Access-Control-Allow-Origin': '*', 'Cache-Control': 'no-cache', 'ETag': 'W/"477-l3RKIFfDFlef78TS82p+hhGzGWE"', 'Vary': 'Accept-Encoding', 'Content-Encoding': 'gzip', 'CF-Cache-Status': 'DYNAMIC', 'Report-To': '{"endpoints":[{"url":"https:\\/\\/a.nel.cloudflare.com\\/report\\/v4?s=rLWMNUkSiiuWCg7BN1IVaMlBEJahuowaMondzvi5O7dJ56Wo8i4aqnWtNt8WunCxSDRR9ZXUTXIvwduPsuBKv6XHH3ZYxGmqlxPhbmUr9kGuxxJ9oLTuMAaSncPw8tvm"}],"group":"cf-nel","max_age":604800}', 'NEL': '{"success_fraction":0,"report_to":"cf-nel","max_age":604800}', 'Server': 'cloudflare', 'CF-RAY': '893aee97dbe11156-ORD', 'alt-svc': 'h3=":443"; ma=86400'} 
 body={"results":[{"gender":"female","name":{"title":"Mrs","first":"Celia","last":"Arias"},"location":{"street":{"number":2240,"name":"Ronda de Toledo"},"city":"Guadalajara","state":"Cataluña","country":"Spain","postcode":42293,"coordinates":{"latitude":"-36.3864","longitude":"174.0039"},"timezone":{"offset":"+4:30","description":"Kabul"}},"email":"celia.arias@example.com","login":{"uuid":"308a3f56-50c7-4db3-a289-67d07b0a1d99","username":"organicgorilla508","password":"loco","salt":"dWBYRlPl","md5":"b5cb64eef686f9d58f3a57b8a5ef4970","sha1":"84ae10bb3f8435a2a4a59029704338b34d58d917","sha256":"3e2b18dc59ad4f51024a303ec8545ff64f9fe3388fcec4f32f3c8c13673414aa"},"dob":{"date":"1992-08-23T08:33:51.089Z","age":31},"registered":{"date":"2003-03-02T07:17:12.765Z","age":21},"phone":"970-608-568","cell":"608-425-122","id":{"name":"DNI","value":"80672357-V"},"picture":{"large":"https://randomuser.me/api/portraits/women/46.jpg","medium":"https://randomuser.me/api/portraits/med/women/46.jpg","thumbnail":"https://randomuser.me/api/portraits/thumb/women/46.jpg"},"nat":"ES"}],"info":{"seed":"29e5020d6702f95c","results":1,"page":1,"version":"1.4"}} 
 </msg>
<msg time="2024-06-14T14:15:21.644251" level="INFO">/opt/hostedtoolcache/Python/3.12.3/x64/lib/python3.12/site-packages/urllib3/connectionpool.py:1103: InsecureRequestWarning: Unverified HTTPS request is being made to host 'randomuser.me'. Adding certificate verification is strongly advised. See: https://urllib3.readthedocs.io/en/latest/advanced-usage.html#tls-warnings
  warnings.warn(</msg>
<msg time="2024-06-14T14:15:21.644358" level="INFO">${response} = &lt;Response [200]&gt;</msg>
<var>${response}</var>
<arg>consultarAPI</arg>
<arg>/api</arg>
<doc>Sends a GET request on a previously created HTTP Session.</doc>
<status status="PASS" start="2024-06-14T14:15:21.578354" elapsed="0.066047"/>
</kw>
<kw name="Set Variable" owner="BuiltIn">
<msg time="2024-06-14T14:15:21.645250" level="INFO">${json_data} = {'results': [{'gender': 'female', 'name': {'title': 'Mrs', 'first': 'Celia', 'last': 'Arias'}, 'location': {'street': {'number': 2240, 'name': 'Ronda de Toledo'}, 'city': 'Guadalajara', 'state': 'Cata...</msg>
<var>${json_data}</var>
<arg>${response.json()}</arg>
<doc>Returns the given values which can then be assigned to a variables.</doc>
<status status="PASS" start="2024-06-14T14:15:21.644784" elapsed="0.000495"/>
</kw>
<kw name="Log" owner="BuiltIn">
<msg time="2024-06-14T14:15:21.645732" level="INFO">{'results': [{'gender': 'female', 'name': {'title': 'Mrs', 'first': 'Celia', 'last': 'Arias'}, 'location': {'street': {'number': 2240, 'name': 'Ronda de Toledo'}, 'city': 'Guadalajara', 'state': 'Cataluña', 'country': 'Spain', 'postcode': 42293, 'coordinates': {'latitude': '-36.3864', 'longitude': '174.0039'}, 'timezone': {'offset': '+4:30', 'description': 'Kabul'}}, 'email': 'celia.arias@example.com', 'login': {'uuid': '308a3f56-50c7-4db3-a289-67d07b0a1d99', 'username': 'organicgorilla508', 'password': 'loco', 'salt': 'dWBYRlPl', 'md5': 'b5cb64eef686f9d58f3a57b8a5ef4970', 'sha1': '84ae10bb3f8435a2a4a59029704338b34d58d917', 'sha256': '3e2b18dc59ad4f51024a303ec8545ff64f9fe3388fcec4f32f3c8c13673414aa'}, 'dob': {'date': '1992-08-23T08:33:51.089Z', 'age': 31}, 'registered': {'date': '2003-03-02T07:17:12.765Z', 'age': 21}, 'phone': '970-608-568', 'cell': '608-425-122', 'id': {'name': 'DNI', 'value': '80672357-V'}, 'picture': {'large': 'https://randomuser.me/api/portraits/women/46.jpg', 'medium': 'https://randomuser.me/api/portraits/med/women/46.jpg', 'thumbnail': 'https://randomuser.me/api/portraits/thumb/women/46.jpg'}, 'nat': 'ES'}], 'info': {'seed': '29e5020d6702f95c', 'results': 1, 'page': 1, 'version': '1.4'}}</msg>
<arg>${json_data}</arg>
<doc>Logs the given message with the given level.</doc>
<status status="PASS" start="2024-06-14T14:15:21.645580" elapsed="0.000200"/>
</kw>
<kw name="Should Be String" owner="String">
<arg>${json_data['results'][0]['gender']}</arg>
<doc>Fails if the given ``item`` is not a string.</doc>
<status status="PASS" start="2024-06-14T14:15:21.646068" elapsed="0.000358"/>
</kw>
<kw name="Should Match Regexp" owner="BuiltIn">
<arg>${json_data['results'][0]['email']}</arg>
<arg>^[a-zA-Z0-9._%+-]+@[a-zA-Z0-9.-]+\.[a-zA-Z]{2,}$</arg>
<doc>Fails if ``string`` does not match ``pattern`` as a regular expression.</doc>
<status status="PASS" start="2024-06-14T14:15:21.646612" elapsed="0.000506"/>
</kw>
<kw name="Should Match Regexp" owner="BuiltIn">
<arg>${json_data['results'][0]['dob']['date']}</arg>
<arg>\\d{4}-\\d{2}-\\d{2}T\\d{2}:\\d{2}:\\d{2}\\.\\d{3}Z</arg>
<doc>Fails if ``string`` does not match ``pattern`` as a regular expression.</doc>
<status status="PASS" start="2024-06-14T14:15:21.647347" elapsed="0.000488"/>
</kw>
<kw name="Should Match Regexp" owner="BuiltIn">
<arg>${json_data['results'][0]['registered']['date']}</arg>
<arg>\\d{4}-\\d{2}-\\d{2}T\\d{2}:\\d{2}:\\d{2}\\.\\d{3}Z</arg>
<doc>Fails if ``string`` does not match ``pattern`` as a regular expression.</doc>
<status status="PASS" start="2024-06-14T14:15:21.648027" elapsed="0.000363"/>
</kw>
<kw name="Should Match Regexp" owner="BuiltIn">
<arg>${json_data['results'][0]['picture']['large']}</arg>
<arg>^https?://.*\.(?:png|jpe?g|gif|bmp)$</arg>
<doc>Fails if ``string`` does not match ``pattern`` as a regular expression.</doc>
<status status="PASS" start="2024-06-14T14:15:21.648620" elapsed="0.000459"/>
</kw>
<kw name="Should Match Regexp" owner="BuiltIn">
<arg>${json_data['results'][0]['picture']['medium']}</arg>
<arg>^https?://.*\.(?:png|jpe?g|gif|bmp)$</arg>
<doc>Fails if ``string`` does not match ``pattern`` as a regular expression.</doc>
<status status="PASS" start="2024-06-14T14:15:21.649277" elapsed="0.000350"/>
</kw>
<kw name="Should Match Regexp" owner="BuiltIn">
<arg>${json_data['results'][0]['picture']['thumbnail']}</arg>
<arg>^https?://.*\.(?:png|jpe?g|gif|bmp)$</arg>
<doc>Fails if ``string`` does not match ``pattern`` as a regular expression.</doc>
<status status="PASS" start="2024-06-14T14:15:21.649817" elapsed="0.000352"/>
</kw>
<kw name="Log" owner="BuiltIn">
<msg time="2024-06-14T14:15:21.650664" level="INFO">{'large': 'https://randomuser.me/api/portraits/women/46.jpg', 'medium': 'https://randomuser.me/api/portraits/med/women/46.jpg', 'thumbnail': 'https://randomuser.me/api/portraits/thumb/women/46.jpg'}</msg>
<arg>${json_data['results'][0]['picture']}</arg>
<doc>Logs the given message with the given level.</doc>
<status status="PASS" start="2024-06-14T14:15:21.650348" elapsed="0.000358"/>
</kw>
<status status="PASS" start="2024-06-14T14:15:21.578123" elapsed="0.072834"/>
</kw>
<kw name="Teste de Tipos de Dados - Postcode" owner="random-user-service">
<kw name="GET On Session" owner="RequestsLibrary">
<msg time="2024-06-14T14:15:21.732130" level="INFO">GET Request : url=https://randomuser.me/api 
 path_url=/api 
 headers={'User-Agent': 'python-requests/2.32.3', 'Accept-Encoding': 'gzip, deflate', 'Accept': '*/*', 'Connection': 'keep-alive'} 
 body=None 
 </msg>
<msg time="2024-06-14T14:15:21.732215" level="INFO">GET Response : url=https://randomuser.me/api 
 status=200, reason=OK 
 headers={'Date': 'Fri, 14 Jun 2024 14:15:21 GMT', 'Content-Type': 'application/json; charset=utf-8', 'Transfer-Encoding': 'chunked', 'Connection': 'keep-alive', 'X-Powered-By': 'Express', 'Access-Control-Allow-Origin': '*', 'Cache-Control': 'no-cache', 'ETag': 'W/"48a-1KvJyFDjmPW7irL/WR64qnBZeYg"', 'Vary': 'Accept-Encoding', 'Content-Encoding': 'gzip', 'CF-Cache-Status': 'DYNAMIC', 'Report-To': '{"endpoints":[{"url":"https:\\/\\/a.nel.cloudflare.com\\/report\\/v4?s=vbnRXavfyo4P2ZXw9gw3K0T7ocy0xGFcB%2FYUL5btvfp5zpmlnft3eyV7DI7XEQV7x4smAb8xwHBCZq%2B6QXK5E6etA0puN%2BffNBZw8u5B9qIfcpM4%2Fcfcnm54TfyfvXhD"}],"group":"cf-nel","max_age":604800}', 'NEL': '{"success_fraction":0,"report_to":"cf-nel","max_age":604800}', 'Server': 'cloudflare', 'CF-RAY': '893aee985c9a1156-ORD', 'alt-svc': 'h3=":443"; ma=86400'} 
 body={"results":[{"gender":"female","name":{"title":"Mrs","first":"Karla","last":"Thomsen"},"location":{"street":{"number":6435,"name":"Baunevej"},"city":"Viby Sj.","state":"Syddanmark","country":"Denmark","postcode":20609,"coordinates":{"latitude":"-39.8484","longitude":"48.4670"},"timezone":{"offset":"+8:00","description":"Beijing, Perth, Singapore, Hong Kong"}},"email":"karla.thomsen@example.com","login":{"uuid":"7f9da0fd-1f3e-466a-878f-d9994cd5622c","username":"yellowsnake633","password":"kitty","salt":"9n5yANXB","md5":"cc1a9180e99fc8da45c89d0aa344e7e1","sha1":"7e6490e4190b43eef06232c60a142f0583698704","sha256":"b7fd0da47a488d9f9b5902e7b1898559f7ca28739274f0b169ff3274f70ff182"},"dob":{"date":"1977-12-17T11:06:22.604Z","age":46},"registered":{"date":"2014-09-24T17:57:42.188Z","age":9},"phone":"78331179","cell":"50363175","id":{"name":"CPR","value":"171277-3768"},"picture":{"large":"https://randomuser.me/api/portraits/women/25.jpg","medium":"https://randomuser.me/api/portraits/med/women/25.jpg","thumbnail":"https://randomuser.me/api/portraits/thumb/women/25.jpg"},"nat":"DK"}],"info":{"seed":"ac0de6a00ff752b3","results":1,"page":1,"version":"1.4"}} 
 </msg>
<msg time="2024-06-14T14:15:21.732306" level="INFO">/opt/hostedtoolcache/Python/3.12.3/x64/lib/python3.12/site-packages/urllib3/connectionpool.py:1103: InsecureRequestWarning: Unverified HTTPS request is being made to host 'randomuser.me'. Adding certificate verification is strongly advised. See: https://urllib3.readthedocs.io/en/latest/advanced-usage.html#tls-warnings
  warnings.warn(</msg>
<msg time="2024-06-14T14:15:21.732462" level="INFO">${response} = &lt;Response [200]&gt;</msg>
<var>${response}</var>
<arg>consultarAPI</arg>
<arg>/api</arg>
<doc>Sends a GET request on a previously created HTTP Session.</doc>
<status status="PASS" start="2024-06-14T14:15:21.651402" elapsed="0.081100"/>
</kw>
<kw name="Set Variable" owner="BuiltIn">
<msg time="2024-06-14T14:15:21.733275" level="INFO">${json_data} = {'results': [{'gender': 'female', 'name': {'title': 'Mrs', 'first': 'Karla', 'last': 'Thomsen'}, 'location': {'street': {'number': 6435, 'name': 'Baunevej'}, 'city': 'Viby Sj.', 'state': 'Syddanmark',...</msg>
<var>${json_data}</var>
<arg>${response.json()}</arg>
<doc>Returns the given values which can then be assigned to a variables.</doc>
<status status="PASS" start="2024-06-14T14:15:21.732840" elapsed="0.000464"/>
</kw>
<kw name="Log" owner="BuiltIn">
<msg time="2024-06-14T14:15:21.733753" level="INFO">{'results': [{'gender': 'female', 'name': {'title': 'Mrs', 'first': 'Karla', 'last': 'Thomsen'}, 'location': {'street': {'number': 6435, 'name': 'Baunevej'}, 'city': 'Viby Sj.', 'state': 'Syddanmark', 'country': 'Denmark', 'postcode': 20609, 'coordinates': {'latitude': '-39.8484', 'longitude': '48.4670'}, 'timezone': {'offset': '+8:00', 'description': 'Beijing, Perth, Singapore, Hong Kong'}}, 'email': 'karla.thomsen@example.com', 'login': {'uuid': '7f9da0fd-1f3e-466a-878f-d9994cd5622c', 'username': 'yellowsnake633', 'password': 'kitty', 'salt': '9n5yANXB', 'md5': 'cc1a9180e99fc8da45c89d0aa344e7e1', 'sha1': '7e6490e4190b43eef06232c60a142f0583698704', 'sha256': 'b7fd0da47a488d9f9b5902e7b1898559f7ca28739274f0b169ff3274f70ff182'}, 'dob': {'date': '1977-12-17T11:06:22.604Z', 'age': 46}, 'registered': {'date': '2014-09-24T17:57:42.188Z', 'age': 9}, 'phone': '78331179', 'cell': '50363175', 'id': {'name': 'CPR', 'value': '171277-3768'}, 'picture': {'large': 'https://randomuser.me/api/portraits/women/25.jpg', 'medium': 'https://randomuser.me/api/portraits/med/women/25.jpg', 'thumbnail': 'https://randomuser.me/api/portraits/thumb/women/25.jpg'}, 'nat': 'DK'}], 'info': {'seed': 'ac0de6a00ff752b3', 'results': 1, 'page': 1, 'version': '1.4'}}</msg>
<arg>${json_data}</arg>
<doc>Logs the given message with the given level.</doc>
<status status="PASS" start="2024-06-14T14:15:21.733605" elapsed="0.000195"/>
</kw>
<kw name="Should Be Equal As Numbers" owner="BuiltIn">
<arg>${json_data['results'][0]['location']['postcode']}</arg>
<arg>${json_data['results'][0]['location']['postcode']}</arg>
<doc>Fails if objects are unequal after converting them to real numbers.</doc>
<status status="PASS" start="2024-06-14T14:15:21.734091" elapsed="0.000614"/>
</kw>
<kw name="Log" owner="BuiltIn">
<msg time="2024-06-14T14:15:21.735223" level="INFO">20609</msg>
<arg>${json_data['results'][0]['location']['postcode']}</arg>
<doc>Logs the given message with the given level.</doc>
<status status="PASS" start="2024-06-14T14:15:21.734893" elapsed="0.000370"/>
</kw>
<status status="PASS" start="2024-06-14T14:15:21.651173" elapsed="0.084362"/>
</kw>
<doc>Testa se os tipos de dados na resposta da API estão corretos.</doc>
<tag>testeTiposDados</tag>
<status status="PASS" start="2024-06-14T14:15:21.577683" elapsed="0.158016"/>
</test>
<test id="s1-s1-t5" name="Validar conteudo" line="35">
<kw name="Teste de Tipos de Conteudo" owner="random-user-service">
<kw name="GET On Session" owner="RequestsLibrary">
<msg time="2024-06-14T14:15:21.821254" level="INFO">GET Request : url=https://randomuser.me/api 
 path_url=/api 
 headers={'User-Agent': 'python-requests/2.32.3', 'Accept-Encoding': 'gzip, deflate', 'Accept': '*/*', 'Connection': 'keep-alive'} 
 body=None 
 </msg>
<msg time="2024-06-14T14:15:21.821343" level="INFO">GET Response : url=https://randomuser.me/api 
 status=200, reason=OK 
 headers={'Date': 'Fri, 14 Jun 2024 14:15:21 GMT', 'Content-Type': 'application/json; charset=utf-8', 'Transfer-Encoding': 'chunked', 'Connection': 'keep-alive', 'X-Powered-By': 'Express', 'Access-Control-Allow-Origin': '*', 'Cache-Control': 'no-cache', 'ETag': 'W/"48d-7Pwn1HjthfJfusLBlxwTqAqoJc4"', 'Vary': 'Accept-Encoding', 'Content-Encoding': 'gzip', 'CF-Cache-Status': 'DYNAMIC', 'Report-To': '{"endpoints":[{"url":"https:\\/\\/a.nel.cloudflare.com\\/report\\/v4?s=imEaYcN5k4pAYBCnAOhbqsRn%2FqIHIoH88P8ZTq07x5SuOIhfkWVRsH3pZGqhk1twQ5chxeNyryB7xX5VrWEXfWK%2BhQDBCYGKIJBBDjxWUwog7VKO4Bov2QkCgMixc6Ic"}],"group":"cf-nel","max_age":604800}', 'NEL': '{"success_fraction":0,"report_to":"cf-nel","max_age":604800}', 'Server': 'cloudflare', 'CF-RAY': '893aee98dd891156-ORD', 'alt-svc': 'h3=":443"; ma=86400'} 
 body={"results":[{"gender":"male","name":{"title":"Mr","first":"Aiden","last":"Lewis"},"location":{"street":{"number":3332,"name":"Railway Road"},"city":"Napier","state":"Marlborough","country":"New Zealand","postcode":50209,"coordinates":{"latitude":"53.1489","longitude":"-158.1930"},"timezone":{"offset":"0:00","description":"Western Europe Time, London, Lisbon, Casablanca"}},"email":"aiden.lewis@example.com","login":{"uuid":"0765b767-e3ed-420f-887d-7132daa41e71","username":"lazysnake532","password":"lkjh","salt":"3o41kc7H","md5":"ec2796a29100942c58367659b8b90d35","sha1":"4e5b7aa69f4d9e2f528039d732121db37675cc8e","sha256":"f5be22fe37df102ee18e0cfcd273833fcf4e36ae6e092c5cb0174ee4247e6bf0"},"dob":{"date":"1951-03-02T07:00:27.515Z","age":73},"registered":{"date":"2007-03-11T02:54:11.819Z","age":17},"phone":"(866)-209-4155","cell":"(374)-143-4249","id":{"name":"","value":null},"picture":{"large":"https://randomuser.me/api/portraits/men/15.jpg","medium":"https://randomuser.me/api/portraits/med/men/15.jpg","thumbnail":"https://randomuser.me/api/portraits/thumb/men/15.jpg"},"nat":"NZ"}],"info":{"seed":"12156d1d82352ff7","results":1,"page":1,"version":"1.4"}} 
 </msg>
<msg time="2024-06-14T14:15:21.821421" level="INFO">/opt/hostedtoolcache/Python/3.12.3/x64/lib/python3.12/site-packages/urllib3/connectionpool.py:1103: InsecureRequestWarning: Unverified HTTPS request is being made to host 'randomuser.me'. Adding certificate verification is strongly advised. See: https://urllib3.readthedocs.io/en/latest/advanced-usage.html#tls-warnings
  warnings.warn(</msg>
<msg time="2024-06-14T14:15:21.821558" level="INFO">${response} = &lt;Response [200]&gt;</msg>
<var>${response}</var>
<arg>consultarAPI</arg>
<arg>/api</arg>
<doc>Sends a GET request on a previously created HTTP Session.</doc>
<status status="PASS" start="2024-06-14T14:15:21.738488" elapsed="0.083115"/>
</kw>
<kw name="Set Variable" owner="BuiltIn">
<msg time="2024-06-14T14:15:21.822497" level="INFO">${json_data} = {'results': [{'gender': 'male', 'name': {'title': 'Mr', 'first': 'Aiden', 'last': 'Lewis'}, 'location': {'street': {'number': 3332, 'name': 'Railway Road'}, 'city': 'Napier', 'state': 'Marlborough', '...</msg>
<var>${json_data}</var>
<arg>${response.json()}</arg>
<doc>Returns the given values which can then be assigned to a variables.</doc>
<status status="PASS" start="2024-06-14T14:15:21.822003" elapsed="0.000524"/>
</kw>
<kw name="Set Variable" owner="BuiltIn">
<msg time="2024-06-14T14:15:21.823245" level="INFO">${name_title} = Mr</msg>
<var>${name_title}</var>
<arg>${json_data["results"][0]["name"]["title"]}</arg>
<doc>Returns the given values which can then be assigned to a variables.</doc>
<status status="PASS" start="2024-06-14T14:15:21.822854" elapsed="0.000417"/>
</kw>
<kw name="Create List" owner="BuiltIn">
<msg time="2024-06-14T14:15:21.823736" level="INFO">${allowed_titles} = ['Mr', 'Ms', 'Miss', 'Mrs', 'Madame', 'Monsieur']</msg>
<var>${allowed_titles}</var>
<arg>Mr</arg>
<arg>Ms</arg>
<arg>Miss</arg>
<arg>Mrs</arg>
<arg>Madame</arg>
<arg>Monsieur</arg>
<doc>Returns a list containing given items.</doc>
<status status="PASS" start="2024-06-14T14:15:21.823582" elapsed="0.000178"/>
</kw>
<kw name="List Should Contain Value" owner="Collections">
<arg>${allowed_titles}</arg>
<arg>${name_title}</arg>
<doc>Fails if the ``value`` is not found from ``list``.</doc>
<status status="PASS" start="2024-06-14T14:15:21.824064" elapsed="0.000180"/>
</kw>
<kw name="Set Variable" owner="BuiltIn">
<msg time="2024-06-14T14:15:21.824897" level="INFO">${name_country} = NZ</msg>
<var>${name_country}</var>
<arg>${json_data["results"][0]["nat"]}</arg>
<doc>Returns the given values which can then be assigned to a variables.</doc>
<status status="PASS" start="2024-06-14T14:15:21.824462" elapsed="0.000461"/>
</kw>
<kw name="Create List" owner="BuiltIn">
<msg time="2024-06-14T14:15:21.825844" level="INFO">${list_country} = ['AD', 'AE', 'AF', 'AG', 'AI', 'AL', 'AM', 'AO', 'AQ', 'AR', 'AS', 'AT', 'AU', 'AW', 'AX', 'AZ', 'BA', 'BB', 'BD', 'BE', 'BF', 'BG', 'BH', 'BI', 'BJ', 'BL', 'BM', 'BN', 'BO', 'BQ', 'BR', 'BS', 'BT', '...</msg>
<var>${list_country}</var>
<arg>AD</arg>
<arg>AE</arg>
<arg>AF</arg>
<arg>AG</arg>
<arg>AI</arg>
<arg>AL</arg>
<arg>AM</arg>
<arg>AO</arg>
<arg>AQ</arg>
<arg>AR</arg>
<arg>AS</arg>
<arg>AT</arg>
<arg>AU</arg>
<arg>AW</arg>
<arg>AX</arg>
<arg>AZ</arg>
<arg>BA</arg>
<arg>BB</arg>
<arg>BD</arg>
<arg>BE</arg>
<arg>BF</arg>
<arg>BG</arg>
<arg>BH</arg>
<arg>BI</arg>
<arg>BJ</arg>
<arg>BL</arg>
<arg>BM</arg>
<arg>BN</arg>
<arg>BO</arg>
<arg>BQ</arg>
<arg>BR</arg>
<arg>BS</arg>
<arg>BT</arg>
<arg>BV</arg>
<arg>BW</arg>
<arg>BY</arg>
<arg>BZ</arg>
<arg>CA</arg>
<arg>CC</arg>
<arg>CD</arg>
<arg>CF</arg>
<arg>CG</arg>
<arg>CH</arg>
<arg>CI</arg>
<arg>CK</arg>
<arg>CL</arg>
<arg>CM</arg>
<arg>CN</arg>
<arg>CO</arg>
<arg>CR</arg>
<arg>CU</arg>
<arg>CV</arg>
<arg>CW</arg>
<arg>CX</arg>
<arg>CY</arg>
<arg>CZ</arg>
<arg>DE</arg>
<arg>DJ</arg>
<arg>DK</arg>
<arg>DM</arg>
<arg>DO</arg>
<arg>DZ</arg>
<arg>EC</arg>
<arg>EE</arg>
<arg>EG</arg>
<arg>EH</arg>
<arg>ER</arg>
<arg>ES</arg>
<arg>ET</arg>
<arg>FI</arg>
<arg>FJ</arg>
<arg>FK</arg>
<arg>FM</arg>
<arg>FO</arg>
<arg>FR</arg>
<arg>GA</arg>
<arg>GB</arg>
<arg>GD</arg>
<arg>GE</arg>
<arg>GF</arg>
<arg>GG</arg>
<arg>GH</arg>
<arg>GI</arg>
<arg>GL</arg>
<arg>GM</arg>
<arg>GN</arg>
<arg>GP</arg>
<arg>GQ</arg>
<arg>GR</arg>
<arg>GS</arg>
<arg>GT</arg>
<arg>GU</arg>
<arg>GW</arg>
<arg>GY</arg>
<arg>HK</arg>
<arg>HM</arg>
<arg>HN</arg>
<arg>HR</arg>
<arg>HT</arg>
<arg>HU</arg>
<arg>ID</arg>
<arg>IE</arg>
<arg>IL</arg>
<arg>IM</arg>
<arg>IN</arg>
<arg>IO</arg>
<arg>IQ</arg>
<arg>IR</arg>
<arg>IS</arg>
<arg>IT</arg>
<arg>JE</arg>
<arg>JM</arg>
<arg>JO</arg>
<arg>JP</arg>
<arg>KE</arg>
<arg>KG</arg>
<arg>KH</arg>
<arg>KI</arg>
<arg>KM</arg>
<arg>KN</arg>
<arg>KP</arg>
<arg>KR</arg>
<arg>KW</arg>
<arg>KY</arg>
<arg>KZ</arg>
<arg>LA</arg>
<arg>LB</arg>
<arg>LC</arg>
<arg>LI</arg>
<arg>LK</arg>
<arg>LR</arg>
<arg>LS</arg>
<arg>LT</arg>
<arg>LU</arg>
<arg>LV</arg>
<arg>LY</arg>
<arg>MA</arg>
<arg>MC</arg>
<arg>MD</arg>
<arg>ME</arg>
<arg>MF</arg>
<arg>MG</arg>
<arg>MH</arg>
<arg>MK</arg>
<arg>ML</arg>
<arg>MM</arg>
<arg>MN</arg>
<arg>MO</arg>
<arg>MP</arg>
<arg>MQ</arg>
<arg>MR</arg>
<arg>MS</arg>
<arg>MT</arg>
<arg>MU</arg>
<arg>MV</arg>
<arg>MW</arg>
<arg>MX</arg>
<arg>MY</arg>
<arg>MZ</arg>
<arg>NA</arg>
<arg>NC</arg>
<arg>NE</arg>
<arg>NF</arg>
<arg>NG</arg>
<arg>NI</arg>
<arg>NL</arg>
<arg>NO</arg>
<arg>NP</arg>
<arg>NR</arg>
<arg>NU</arg>
<arg>NZ</arg>
<arg>OM</arg>
<arg>PA</arg>
<arg>PE</arg>
<arg>PF</arg>
<arg>PG</arg>
<arg>PH</arg>
<arg>PK</arg>
<arg>PL</arg>
<arg>PM</arg>
<arg>PN</arg>
<arg>PR</arg>
<arg>PS</arg>
<arg>PT</arg>
<arg>PW</arg>
<arg>PY</arg>
<arg>QA</arg>
<arg>RE</arg>
<arg>RO</arg>
<arg>RS</arg>
<arg>RU</arg>
<arg>RW</arg>
<arg>SA</arg>
<arg>SB</arg>
<arg>SC</arg>
<arg>SD</arg>
<arg>SE</arg>
<arg>SG</arg>
<arg>SH</arg>
<arg>SI</arg>
<arg>SJ</arg>
<arg>SK</arg>
<arg>SL</arg>
<arg>SM</arg>
<arg>SN</arg>
<arg>SO</arg>
<arg>SR</arg>
<arg>SS</arg>
<arg>ST</arg>
<arg>SV</arg>
<arg>SX</arg>
<arg>SY</arg>
<arg>SZ</arg>
<arg>TC</arg>
<arg>TD</arg>
<arg>TF</arg>
<arg>TG</arg>
<arg>TH</arg>
<arg>TJ</arg>
<arg>TK</arg>
<arg>TL</arg>
<arg>TM</arg>
<arg>TN</arg>
<arg>TO</arg>
<arg>TR</arg>
<arg>TT</arg>
<arg>TV</arg>
<arg>TW</arg>
<arg>TZ</arg>
<arg>UA</arg>
<arg>UG</arg>
<arg>UM</arg>
<arg>US</arg>
<arg>UY</arg>
<arg>UZ</arg>
<arg>VA</arg>
<arg>VC</arg>
<arg>VE</arg>
<arg>VG</arg>
<arg>VI</arg>
<arg>VN</arg>
<arg>VU</arg>
<arg>WF</arg>
<arg>WS</arg>
<arg>XK</arg>
<arg>YE</arg>
<arg>YT</arg>
<arg>ZA</arg>
<arg>ZM</arg>
<arg>ZW</arg>
<doc>Returns a list containing given items.</doc>
<status status="PASS" start="2024-06-14T14:15:21.825238" elapsed="0.000633"/>
</kw>
<kw name="List Should Contain Value" owner="Collections">
<arg>${list_country}</arg>
<arg>${name_country}</arg>
<doc>Fails if the ``value`` is not found from ``list``.</doc>
<status status="PASS" start="2024-06-14T14:15:21.826669" elapsed="0.000208"/>
</kw>
<kw name="Run Keyword If" owner="BuiltIn">
<kw name="Should Be True" owner="BuiltIn">
<arg>${True}</arg>
<doc>Fails if the given condition is not true.</doc>
<status status="PASS" start="2024-06-14T14:15:21.827951" elapsed="0.000143"/>
</kw>
<arg>${json_data["results"][0]["location"]["coordinates"]["latitude"]} &gt;= -90 and ${json_data["results"][0]["location"]["coordinates"]["latitude"]} &lt;= 90</arg>
<arg>Should Be True</arg>
<arg>${True}</arg>
<doc>Runs the given keyword with the given arguments, if ``condition`` is true.</doc>
<status status="PASS" start="2024-06-14T14:15:21.827077" elapsed="0.001145"/>
</kw>
<kw name="Run Keyword If" owner="BuiltIn">
<kw name="Should Be True" owner="BuiltIn">
<arg>${True}</arg>
<doc>Fails if the given condition is not true.</doc>
<status status="PASS" start="2024-06-14T14:15:21.829179" elapsed="0.000141"/>
</kw>
<arg>${json_data["results"][0]["location"]["coordinates"]["longitude"]} &gt;= -180 and ${json_data["results"][0]["location"]["coordinates"]["longitude"]} &lt;= 180</arg>
<arg>Should Be True</arg>
<arg>${True}</arg>
<doc>Runs the given keyword with the given arguments, if ``condition`` is true.</doc>
<status status="PASS" start="2024-06-14T14:15:21.828412" elapsed="0.001033"/>
</kw>
<status status="PASS" start="2024-06-14T14:15:21.738126" elapsed="0.091450"/>
</kw>
<doc>Testa o conteúdo específico dos campos retornados pela API.</doc>
<tag>testeConteudo</tag>
<status status="PASS" start="2024-06-14T14:15:21.737494" elapsed="0.092234"/>
</test>
<status status="PASS" start="2024-06-14T14:15:20.731647" elapsed="1.100015"/>
</suite>
<status status="PASS" start="2024-06-14T14:15:20.718204" elapsed="1.118500"/>
</suite>
<statistics>
<total>
<stat pass="5" fail="0" skip="0">All Tests</stat>
</total>
<tag>
<stat pass="1" fail="0" skip="0">testeConteudo</stat>
<stat pass="1" fail="0" skip="0">testeEstruturaResposta</stat>
<stat pass="1" fail="0" skip="0">testeRequisicaoBasica</stat>
<stat pass="1" fail="0" skip="0">testeTiposDados</stat>
</tag>
<suite>
<stat pass="5" fail="0" skip="0" id="s1" name="Tests">Tests</stat>
<stat pass="5" fail="0" skip="0" id="s1-s1" name="Random-User-Test">Tests.Random-User-Test</stat>
</suite>
</statistics>
<errors>
</errors>
</robot>
