<?xml version="1.0" encoding="UTF-8"?>
<robot generator="Robot 7.0.1 (Python 3.12.4 on linux)" generated="2024-08-01T01:14:17.322904" rpa="false" schemaversion="5">
<suite id="s1" name="Tests" source="/home/runner/work/ApiRandomUser/ApiRandomUser/RamdonUser/tests">
<suite id="s1-s1" name="Random-User-Test" source="/home/runner/work/ApiRandomUser/ApiRandomUser/RamdonUser/tests/random-user-test.robot">
<test id="s1-s1-t1" name="Conectar" line="13">
<kw name="Conectar API" owner="random-user-service">
<kw name="Create Session" owner="RequestsLibrary">
<msg time="2024-08-01T01:14:17.743502" level="INFO">Creating Session using : alias=consultarAPI, url=https://randomuser.me/, headers={},                     cookies={}, auth=None, timeout=None, proxies=None, verify=False,                     debug=0 </msg>
<arg>consultarAPI</arg>
<arg>${URL}</arg>
<doc>Create Session: create a HTTP session to a server</doc>
<status status="PASS" start="2024-08-01T01:14:17.743299" elapsed="0.000400"/>
</kw>
<status status="PASS" start="2024-08-01T01:14:17.742239" elapsed="0.001826"/>
</kw>
<status status="PASS" start="2024-08-01T01:14:17.741647" elapsed="0.002613"/>
</test>
<test id="s1-s1-t2" name="Validar retorno 200 e JSON Válido" line="16">
<kw name="Teste de Requisicao Basica" owner="random-user-service">
<kw name="GET On Session" owner="RequestsLibrary">
<msg time="2024-08-01T01:14:17.897223" level="INFO">GET Request : url=https://randomuser.me/api 
 path_url=/api 
 headers={'User-Agent': 'python-requests/2.32.3', 'Accept-Encoding': 'gzip, deflate', 'Accept': '*/*', 'Connection': 'keep-alive'} 
 body=None 
 </msg>
<msg time="2024-08-01T01:14:17.897382" level="INFO">GET Response : url=https://randomuser.me/api 
 status=200, reason=OK 
 headers={'Date': 'Thu, 01 Aug 2024 01:14:17 GMT', 'Content-Type': 'application/json; charset=utf-8', 'Transfer-Encoding': 'chunked', 'Connection': 'keep-alive', 'X-Powered-By': 'Express', 'Access-Control-Allow-Origin': '*', 'Cache-Control': 'no-cache', 'ETag': 'W/"4a7-Li24vMRbhgBdE0HutjKh+zaxJgw"', 'Vary': 'Accept-Encoding', 'Content-Encoding': 'gzip', 'CF-Cache-Status': 'DYNAMIC', 'Report-To': '{"endpoints":[{"url":"https:\\/\\/a.nel.cloudflare.com\\/report\\/v4?s=%2B2mXi5c8SdwlepODxw6pJv8KxeuxHCEB56EPFm4oDt4IhMAEZjpYTbKPeyt%2FRD3nC4WrZEpjfNQwFxj5T2Tdy5VeY8yJwpk%2Fe00KhqHHFlFBVrIojwSVNXLIvzGe%2BArK"}],"group":"cf-nel","max_age":604800}', 'NEL': '{"success_fraction":0,"report_to":"cf-nel","max_age":604800}', 'Server': 'cloudflare', 'CF-RAY': '8ac1f8752ad160a7-ORD', 'alt-svc': 'h3=":443"; ma=86400'} 
 body={"results":[{"gender":"male","name":{"title":"Mr","first":"Antoine","last":"Barbier"},"location":{"street":{"number":233,"name":"Rue du Bon-Pasteur"},"city":"Lille","state":"Côte-D'Or","country":"France","postcode":56814,"coordinates":{"latitude":"-18.1081","longitude":"-149.9950"},"timezone":{"offset":"-4:00","description":"Atlantic Time (Canada), Caracas, La Paz"}},"email":"antoine.barbier@example.com","login":{"uuid":"1040c638-b501-405d-83e1-a9dee446815c","username":"whitebutterfly679","password":"clapton","salt":"Ttahdw2b","md5":"0c871d83589d5b1c26bad645a78176c7","sha1":"cbb246d43149d53407ffc5a243c078821f17bda7","sha256":"015aaac1513d26ef0954a5dfd818a977318b154ea4b686463310c187211e37d3"},"dob":{"date":"1977-06-16T03:20:24.269Z","age":47},"registered":{"date":"2019-09-13T18:34:41.666Z","age":4},"phone":"05-32-45-03-70","cell":"06-98-06-56-38","id":{"name":"INSEE","value":"1770504696842 35"},"picture":{"large":"https://randomuser.me/api/portraits/men/88.jpg","medium":"https://randomuser.me/api/portraits/med/men/88.jpg","thumbnail":"https://randomuser.me/api/portraits/thumb/men/88.jpg"},"nat":"FR"}],"info":{"seed":"6410e2c6cec07401","results":1,"page":1,"version":"1.4"}} 
 </msg>
<msg time="2024-08-01T01:14:17.897466" level="INFO">/opt/hostedtoolcache/Python/3.12.4/x64/lib/python3.12/site-packages/urllib3/connectionpool.py:1099: InsecureRequestWarning: Unverified HTTPS request is being made to host 'randomuser.me'. Adding certificate verification is strongly advised. See: https://urllib3.readthedocs.io/en/latest/advanced-usage.html#tls-warnings
  warnings.warn(</msg>
<msg time="2024-08-01T01:14:17.897625" level="INFO">${response} = &lt;Response [200]&gt;</msg>
<var>${response}</var>
<arg>consultarAPI</arg>
<arg>/api</arg>
<doc>Sends a GET request on a previously created HTTP Session.</doc>
<status status="PASS" start="2024-08-01T01:14:17.746880" elapsed="0.150790"/>
</kw>
<kw name="Should Be Equal As Numbers" owner="BuiltIn">
<msg time="2024-08-01T01:14:17.898674" level="INFO">Argument types are:
&lt;class 'int'&gt;
&lt;class 'str'&gt;</msg>
<arg>${response.status_code}</arg>
<arg>200</arg>
<doc>Fails if objects are unequal after converting them to real numbers.</doc>
<status status="PASS" start="2024-08-01T01:14:17.898203" elapsed="0.000537"/>
</kw>
<kw name="Log" owner="BuiltIn">
<msg time="2024-08-01T01:14:17.899418" level="INFO">200</msg>
<arg>${response.status_code}</arg>
<doc>Logs the given message with the given level.</doc>
<status status="PASS" start="2024-08-01T01:14:17.899069" elapsed="0.000393"/>
</kw>
<kw name="Set Variable" owner="BuiltIn">
<msg time="2024-08-01T01:14:17.900219" level="INFO">${json_data} = {'results': [{'gender': 'male', 'name': {'title': 'Mr', 'first': 'Antoine', 'last': 'Barbier'}, 'location': {'street': {'number': 233, 'name': 'Rue du Bon-Pasteur'}, 'city': 'Lille', 'state': "Côte-D'...</msg>
<var>${json_data}</var>
<arg>${response.json()}</arg>
<doc>Returns the given values which can then be assigned to a variables.</doc>
<status status="PASS" start="2024-08-01T01:14:17.899769" elapsed="0.000480"/>
</kw>
<kw name="Dictionary Should Contain Key" owner="Collections">
<arg>${json_data}</arg>
<arg>results</arg>
<doc>Fails if ``key`` is not found from ``dictionary``.</doc>
<status status="PASS" start="2024-08-01T01:14:17.900565" elapsed="0.000324"/>
</kw>
<status status="PASS" start="2024-08-01T01:14:17.746628" elapsed="0.154445"/>
</kw>
<doc>Testa se a API responde corretamente e retorna um objeto JSON válido.</doc>
<tag>testeRequisicaoBasica</tag>
<status status="PASS" start="2024-08-01T01:14:17.746144" elapsed="0.155120"/>
</test>
<test id="s1-s1-t3" name="Validar estrutura de resposta" line="22">
<kw name="Teste de Estrutura de Resposta" owner="random-user-service">
<kw name="GET On Session" owner="RequestsLibrary">
<msg time="2024-08-01T01:14:18.006140" level="INFO">GET Request : url=https://randomuser.me/api 
 path_url=/api 
 headers={'User-Agent': 'python-requests/2.32.3', 'Accept-Encoding': 'gzip, deflate', 'Accept': '*/*', 'Connection': 'keep-alive'} 
 body=None 
 </msg>
<msg time="2024-08-01T01:14:18.006256" level="INFO">GET Response : url=https://randomuser.me/api 
 status=200, reason=OK 
 headers={'Date': 'Thu, 01 Aug 2024 01:14:18 GMT', 'Content-Type': 'application/json; charset=utf-8', 'Transfer-Encoding': 'chunked', 'Connection': 'keep-alive', 'X-Powered-By': 'Express', 'Access-Control-Allow-Origin': '*', 'Cache-Control': 'no-cache', 'ETag': 'W/"482-HPB1n5PddHlX7O+Tdl5B3VtJEAg"', 'Vary': 'Accept-Encoding', 'Content-Encoding': 'gzip', 'CF-Cache-Status': 'DYNAMIC', 'Report-To': '{"endpoints":[{"url":"https:\\/\\/a.nel.cloudflare.com\\/report\\/v4?s=uq4%2FASSXH7cH47vjsbiWBM3LzlcZ1Nc6fhHFX7aWmabVx436Y0Fk5jjgunlFbwqAfaScM3cz%2Boom8GN089jjg2jPDuEajfY5RkqEAwqsTXIZmgRJy48eHIMf8tfVpcr1"}],"group":"cf-nel","max_age":604800}', 'NEL': '{"success_fraction":0,"report_to":"cf-nel","max_age":604800}', 'Server': 'cloudflare', 'CF-RAY': '8ac1f875ec3a60a7-ORD', 'alt-svc': 'h3=":443"; ma=86400'} 
 body={"results":[{"gender":"male","name":{"title":"Mr","first":"Amado","last":"da Costa"},"location":{"street":{"number":7683,"name":"Rua Vinte E Um"},"city":"Volta Redonda","state":"São Paulo","country":"Brazil","postcode":40418,"coordinates":{"latitude":"-80.5745","longitude":"-109.7893"},"timezone":{"offset":"-10:00","description":"Hawaii"}},"email":"amado.dacosta@example.com","login":{"uuid":"131cfff5-9bba-4e02-8786-3fdbd27035c0","username":"orangekoala301","password":"jericho","salt":"KSTO4ckG","md5":"4720352db2f7bc9d6c41ced540ed5047","sha1":"bdc0bf4ce6192d6a64ee95d5e38ed054f0b537dd","sha256":"5ff53a9f29554f9d572a63a5a2f7a708cfcd7151990d604a204654317ad608cf"},"dob":{"date":"1998-08-20T12:53:52.822Z","age":25},"registered":{"date":"2018-11-22T17:52:23.354Z","age":5},"phone":"(81) 4023-8006","cell":"(92) 8418-4462","id":{"name":"CPF","value":"548.827.536-87"},"picture":{"large":"https://randomuser.me/api/portraits/men/72.jpg","medium":"https://randomuser.me/api/portraits/med/men/72.jpg","thumbnail":"https://randomuser.me/api/portraits/thumb/men/72.jpg"},"nat":"BR"}],"info":{"seed":"08db92a8d7bf5aa3","results":1,"page":1,"version":"1.4"}} 
 </msg>
<msg time="2024-08-01T01:14:18.006398" level="INFO">/opt/hostedtoolcache/Python/3.12.4/x64/lib/python3.12/site-packages/urllib3/connectionpool.py:1099: InsecureRequestWarning: Unverified HTTPS request is being made to host 'randomuser.me'. Adding certificate verification is strongly advised. See: https://urllib3.readthedocs.io/en/latest/advanced-usage.html#tls-warnings
  warnings.warn(</msg>
<msg time="2024-08-01T01:14:18.006542" level="INFO">${response} = &lt;Response [200]&gt;</msg>
<var>${response}</var>
<arg>consultarAPI</arg>
<arg>/api</arg>
<doc>Sends a GET request on a previously created HTTP Session.</doc>
<status status="PASS" start="2024-08-01T01:14:17.904141" elapsed="0.102444"/>
</kw>
<kw name="Set Variable" owner="BuiltIn">
<msg time="2024-08-01T01:14:18.007630" level="INFO">${json_data} = {'results': [{'gender': 'male', 'name': {'title': 'Mr', 'first': 'Amado', 'last': 'da Costa'}, 'location': {'street': {'number': 7683, 'name': 'Rua Vinte E Um'}, 'city': 'Volta Redonda', 'state': 'São...</msg>
<var>${json_data}</var>
<arg>${response.json()}</arg>
<doc>Returns the given values which can then be assigned to a variables.</doc>
<status status="PASS" start="2024-08-01T01:14:18.007097" elapsed="0.000563"/>
</kw>
<kw name="Log" owner="BuiltIn">
<msg time="2024-08-01T01:14:18.008146" level="INFO">{'results': [{'gender': 'male', 'name': {'title': 'Mr', 'first': 'Amado', 'last': 'da Costa'}, 'location': {'street': {'number': 7683, 'name': 'Rua Vinte E Um'}, 'city': 'Volta Redonda', 'state': 'São Paulo', 'country': 'Brazil', 'postcode': 40418, 'coordinates': {'latitude': '-80.5745', 'longitude': '-109.7893'}, 'timezone': {'offset': '-10:00', 'description': 'Hawaii'}}, 'email': 'amado.dacosta@example.com', 'login': {'uuid': '131cfff5-9bba-4e02-8786-3fdbd27035c0', 'username': 'orangekoala301', 'password': 'jericho', 'salt': 'KSTO4ckG', 'md5': '4720352db2f7bc9d6c41ced540ed5047', 'sha1': 'bdc0bf4ce6192d6a64ee95d5e38ed054f0b537dd', 'sha256': '5ff53a9f29554f9d572a63a5a2f7a708cfcd7151990d604a204654317ad608cf'}, 'dob': {'date': '1998-08-20T12:53:52.822Z', 'age': 25}, 'registered': {'date': '2018-11-22T17:52:23.354Z', 'age': 5}, 'phone': '(81) 4023-8006', 'cell': '(92) 8418-4462', 'id': {'name': 'CPF', 'value': '548.827.536-87'}, 'picture': {'large': 'https://randomuser.me/api/portraits/men/72.jpg', 'medium': 'https://randomuser.me/api/portraits/med/men/72.jpg', 'thumbnail': 'https://randomuser.me/api/portraits/thumb/men/72.jpg'}, 'nat': 'BR'}], 'info': {'seed': '08db92a8d7bf5aa3', 'results': 1, 'page': 1, 'version': '1.4'}}</msg>
<arg>${json_data}</arg>
<doc>Logs the given message with the given level.</doc>
<status status="PASS" start="2024-08-01T01:14:18.007972" elapsed="0.000226"/>
</kw>
<kw name="Dictionary Should Contain Key" owner="Collections">
<arg>${json_data}</arg>
<arg>results</arg>
<doc>Fails if ``key`` is not found from ``dictionary``.</doc>
<status status="PASS" start="2024-08-01T01:14:18.008499" elapsed="0.000170"/>
</kw>
<kw name="Should Not Be Empty" owner="BuiltIn">
<msg time="2024-08-01T01:14:18.008981" level="INFO">Length is 2.</msg>
<arg>${json_data}</arg>
<doc>Verifies that the given item is not empty.</doc>
<status status="PASS" start="2024-08-01T01:14:18.008856" elapsed="0.000163"/>
</kw>
<kw name="Create List" owner="BuiltIn">
<msg time="2024-08-01T01:14:18.009528" level="INFO">${expected_keys} = ['gender', 'name', 'location', 'email', 'login']</msg>
<var>${expected_keys}</var>
<arg>gender</arg>
<arg>name</arg>
<arg>location</arg>
<arg>email</arg>
<arg>login</arg>
<doc>Returns a list containing given items.</doc>
<status status="PASS" start="2024-08-01T01:14:18.009369" elapsed="0.000183"/>
</kw>
<for flavor="IN">
<iter>
<kw name="Dictionary Should Contain Key" owner="Collections">
<arg>${json_data['results'][0]}</arg>
<arg>${key}</arg>
<doc>Fails if ``key`` is not found from ``dictionary``.</doc>
<status status="PASS" start="2024-08-01T01:14:18.010144" elapsed="0.000420"/>
</kw>
<kw name="Log" owner="BuiltIn">
<msg time="2024-08-01T01:14:18.011119" level="INFO">{'gender': 'male', 'name': {'title': 'Mr', 'first': 'Amado', 'last': 'da Costa'}, 'location': {'street': {'number': 7683, 'name': 'Rua Vinte E Um'}, 'city': 'Volta Redonda', 'state': 'São Paulo', 'country': 'Brazil', 'postcode': 40418, 'coordinates': {'latitude': '-80.5745', 'longitude': '-109.7893'}, 'timezone': {'offset': '-10:00', 'description': 'Hawaii'}}, 'email': 'amado.dacosta@example.com', 'login': {'uuid': '131cfff5-9bba-4e02-8786-3fdbd27035c0', 'username': 'orangekoala301', 'password': 'jericho', 'salt': 'KSTO4ckG', 'md5': '4720352db2f7bc9d6c41ced540ed5047', 'sha1': 'bdc0bf4ce6192d6a64ee95d5e38ed054f0b537dd', 'sha256': '5ff53a9f29554f9d572a63a5a2f7a708cfcd7151990d604a204654317ad608cf'}, 'dob': {'date': '1998-08-20T12:53:52.822Z', 'age': 25}, 'registered': {'date': '2018-11-22T17:52:23.354Z', 'age': 5}, 'phone': '(81) 4023-8006', 'cell': '(92) 8418-4462', 'id': {'name': 'CPF', 'value': '548.827.536-87'}, 'picture': {'large': 'https://randomuser.me/api/portraits/men/72.jpg', 'medium': 'https://randomuser.me/api/portraits/med/men/72.jpg', 'thumbnail': 'https://randomuser.me/api/portraits/thumb/men/72.jpg'}, 'nat': 'BR'}</msg>
<arg>${json_data['results'][0]}</arg>
<doc>Logs the given message with the given level.</doc>
<status status="PASS" start="2024-08-01T01:14:18.010759" elapsed="0.000410"/>
</kw>
<kw name="Log" owner="BuiltIn">
<msg time="2024-08-01T01:14:18.011603" level="INFO">gender</msg>
<arg>${key}</arg>
<doc>Logs the given message with the given level.</doc>
<status status="PASS" start="2024-08-01T01:14:18.011472" elapsed="0.000170"/>
</kw>
<var name="${key}">gender</var>
<status status="PASS" start="2024-08-01T01:14:18.010017" elapsed="0.001846"/>
</iter>
<iter>
<kw name="Dictionary Should Contain Key" owner="Collections">
<arg>${json_data['results'][0]}</arg>
<arg>${key}</arg>
<doc>Fails if ``key`` is not found from ``dictionary``.</doc>
<status status="PASS" start="2024-08-01T01:14:18.012164" elapsed="0.000390"/>
</kw>
<kw name="Log" owner="BuiltIn">
<msg time="2024-08-01T01:14:18.013129" level="INFO">{'gender': 'male', 'name': {'title': 'Mr', 'first': 'Amado', 'last': 'da Costa'}, 'location': {'street': {'number': 7683, 'name': 'Rua Vinte E Um'}, 'city': 'Volta Redonda', 'state': 'São Paulo', 'country': 'Brazil', 'postcode': 40418, 'coordinates': {'latitude': '-80.5745', 'longitude': '-109.7893'}, 'timezone': {'offset': '-10:00', 'description': 'Hawaii'}}, 'email': 'amado.dacosta@example.com', 'login': {'uuid': '131cfff5-9bba-4e02-8786-3fdbd27035c0', 'username': 'orangekoala301', 'password': 'jericho', 'salt': 'KSTO4ckG', 'md5': '4720352db2f7bc9d6c41ced540ed5047', 'sha1': 'bdc0bf4ce6192d6a64ee95d5e38ed054f0b537dd', 'sha256': '5ff53a9f29554f9d572a63a5a2f7a708cfcd7151990d604a204654317ad608cf'}, 'dob': {'date': '1998-08-20T12:53:52.822Z', 'age': 25}, 'registered': {'date': '2018-11-22T17:52:23.354Z', 'age': 5}, 'phone': '(81) 4023-8006', 'cell': '(92) 8418-4462', 'id': {'name': 'CPF', 'value': '548.827.536-87'}, 'picture': {'large': 'https://randomuser.me/api/portraits/men/72.jpg', 'medium': 'https://randomuser.me/api/portraits/med/men/72.jpg', 'thumbnail': 'https://randomuser.me/api/portraits/thumb/men/72.jpg'}, 'nat': 'BR'}</msg>
<arg>${json_data['results'][0]}</arg>
<doc>Logs the given message with the given level.</doc>
<status status="PASS" start="2024-08-01T01:14:18.012738" elapsed="0.000483"/>
</kw>
<kw name="Log" owner="BuiltIn">
<msg time="2024-08-01T01:14:18.013659" level="INFO">name</msg>
<arg>${key}</arg>
<doc>Logs the given message with the given level.</doc>
<status status="PASS" start="2024-08-01T01:14:18.013528" elapsed="0.000169"/>
</kw>
<var name="${key}">name</var>
<status status="PASS" start="2024-08-01T01:14:18.012052" elapsed="0.001868"/>
</iter>
<iter>
<kw name="Dictionary Should Contain Key" owner="Collections">
<arg>${json_data['results'][0]}</arg>
<arg>${key}</arg>
<doc>Fails if ``key`` is not found from ``dictionary``.</doc>
<status status="PASS" start="2024-08-01T01:14:18.014206" elapsed="0.000386"/>
</kw>
<kw name="Log" owner="BuiltIn">
<msg time="2024-08-01T01:14:18.015147" level="INFO">{'gender': 'male', 'name': {'title': 'Mr', 'first': 'Amado', 'last': 'da Costa'}, 'location': {'street': {'number': 7683, 'name': 'Rua Vinte E Um'}, 'city': 'Volta Redonda', 'state': 'São Paulo', 'country': 'Brazil', 'postcode': 40418, 'coordinates': {'latitude': '-80.5745', 'longitude': '-109.7893'}, 'timezone': {'offset': '-10:00', 'description': 'Hawaii'}}, 'email': 'amado.dacosta@example.com', 'login': {'uuid': '131cfff5-9bba-4e02-8786-3fdbd27035c0', 'username': 'orangekoala301', 'password': 'jericho', 'salt': 'KSTO4ckG', 'md5': '4720352db2f7bc9d6c41ced540ed5047', 'sha1': 'bdc0bf4ce6192d6a64ee95d5e38ed054f0b537dd', 'sha256': '5ff53a9f29554f9d572a63a5a2f7a708cfcd7151990d604a204654317ad608cf'}, 'dob': {'date': '1998-08-20T12:53:52.822Z', 'age': 25}, 'registered': {'date': '2018-11-22T17:52:23.354Z', 'age': 5}, 'phone': '(81) 4023-8006', 'cell': '(92) 8418-4462', 'id': {'name': 'CPF', 'value': '548.827.536-87'}, 'picture': {'large': 'https://randomuser.me/api/portraits/men/72.jpg', 'medium': 'https://randomuser.me/api/portraits/med/men/72.jpg', 'thumbnail': 'https://randomuser.me/api/portraits/thumb/men/72.jpg'}, 'nat': 'BR'}</msg>
<arg>${json_data['results'][0]}</arg>
<doc>Logs the given message with the given level.</doc>
<status status="PASS" start="2024-08-01T01:14:18.014794" elapsed="0.000401"/>
</kw>
<kw name="Log" owner="BuiltIn">
<msg time="2024-08-01T01:14:18.015625" level="INFO">location</msg>
<arg>${key}</arg>
<doc>Logs the given message with the given level.</doc>
<status status="PASS" start="2024-08-01T01:14:18.015495" elapsed="0.000168"/>
</kw>
<var name="${key}">location</var>
<status status="PASS" start="2024-08-01T01:14:18.014097" elapsed="0.001790"/>
</iter>
<iter>
<kw name="Dictionary Should Contain Key" owner="Collections">
<arg>${json_data['results'][0]}</arg>
<arg>${key}</arg>
<doc>Fails if ``key`` is not found from ``dictionary``.</doc>
<status status="PASS" start="2024-08-01T01:14:18.016167" elapsed="0.000386"/>
</kw>
<kw name="Log" owner="BuiltIn">
<msg time="2024-08-01T01:14:18.017261" level="INFO">{'gender': 'male', 'name': {'title': 'Mr', 'first': 'Amado', 'last': 'da Costa'}, 'location': {'street': {'number': 7683, 'name': 'Rua Vinte E Um'}, 'city': 'Volta Redonda', 'state': 'São Paulo', 'country': 'Brazil', 'postcode': 40418, 'coordinates': {'latitude': '-80.5745', 'longitude': '-109.7893'}, 'timezone': {'offset': '-10:00', 'description': 'Hawaii'}}, 'email': 'amado.dacosta@example.com', 'login': {'uuid': '131cfff5-9bba-4e02-8786-3fdbd27035c0', 'username': 'orangekoala301', 'password': 'jericho', 'salt': 'KSTO4ckG', 'md5': '4720352db2f7bc9d6c41ced540ed5047', 'sha1': 'bdc0bf4ce6192d6a64ee95d5e38ed054f0b537dd', 'sha256': '5ff53a9f29554f9d572a63a5a2f7a708cfcd7151990d604a204654317ad608cf'}, 'dob': {'date': '1998-08-20T12:53:52.822Z', 'age': 25}, 'registered': {'date': '2018-11-22T17:52:23.354Z', 'age': 5}, 'phone': '(81) 4023-8006', 'cell': '(92) 8418-4462', 'id': {'name': 'CPF', 'value': '548.827.536-87'}, 'picture': {'large': 'https://randomuser.me/api/portraits/men/72.jpg', 'medium': 'https://randomuser.me/api/portraits/med/men/72.jpg', 'thumbnail': 'https://randomuser.me/api/portraits/thumb/men/72.jpg'}, 'nat': 'BR'}</msg>
<arg>${json_data['results'][0]}</arg>
<doc>Logs the given message with the given level.</doc>
<status status="PASS" start="2024-08-01T01:14:18.016867" elapsed="0.000444"/>
</kw>
<kw name="Log" owner="BuiltIn">
<msg time="2024-08-01T01:14:18.017754" level="INFO">email</msg>
<arg>${key}</arg>
<doc>Logs the given message with the given level.</doc>
<status status="PASS" start="2024-08-01T01:14:18.017612" elapsed="0.000188"/>
</kw>
<var name="${key}">email</var>
<status status="PASS" start="2024-08-01T01:14:18.016059" elapsed="0.001970"/>
</iter>
<iter>
<kw name="Dictionary Should Contain Key" owner="Collections">
<arg>${json_data['results'][0]}</arg>
<arg>${key}</arg>
<doc>Fails if ``key`` is not found from ``dictionary``.</doc>
<status status="PASS" start="2024-08-01T01:14:18.018312" elapsed="0.000380"/>
</kw>
<kw name="Log" owner="BuiltIn">
<msg time="2024-08-01T01:14:18.019231" level="INFO">{'gender': 'male', 'name': {'title': 'Mr', 'first': 'Amado', 'last': 'da Costa'}, 'location': {'street': {'number': 7683, 'name': 'Rua Vinte E Um'}, 'city': 'Volta Redonda', 'state': 'São Paulo', 'country': 'Brazil', 'postcode': 40418, 'coordinates': {'latitude': '-80.5745', 'longitude': '-109.7893'}, 'timezone': {'offset': '-10:00', 'description': 'Hawaii'}}, 'email': 'amado.dacosta@example.com', 'login': {'uuid': '131cfff5-9bba-4e02-8786-3fdbd27035c0', 'username': 'orangekoala301', 'password': 'jericho', 'salt': 'KSTO4ckG', 'md5': '4720352db2f7bc9d6c41ced540ed5047', 'sha1': 'bdc0bf4ce6192d6a64ee95d5e38ed054f0b537dd', 'sha256': '5ff53a9f29554f9d572a63a5a2f7a708cfcd7151990d604a204654317ad608cf'}, 'dob': {'date': '1998-08-20T12:53:52.822Z', 'age': 25}, 'registered': {'date': '2018-11-22T17:52:23.354Z', 'age': 5}, 'phone': '(81) 4023-8006', 'cell': '(92) 8418-4462', 'id': {'name': 'CPF', 'value': '548.827.536-87'}, 'picture': {'large': 'https://randomuser.me/api/portraits/men/72.jpg', 'medium': 'https://randomuser.me/api/portraits/med/men/72.jpg', 'thumbnail': 'https://randomuser.me/api/portraits/thumb/men/72.jpg'}, 'nat': 'BR'}</msg>
<arg>${json_data['results'][0]}</arg>
<doc>Logs the given message with the given level.</doc>
<status status="PASS" start="2024-08-01T01:14:18.018874" elapsed="0.000406"/>
</kw>
<kw name="Log" owner="BuiltIn">
<msg time="2024-08-01T01:14:18.019706" level="INFO">login</msg>
<arg>${key}</arg>
<doc>Logs the given message with the given level.</doc>
<status status="PASS" start="2024-08-01T01:14:18.019578" elapsed="0.000164"/>
</kw>
<var name="${key}">login</var>
<status status="PASS" start="2024-08-01T01:14:18.018203" elapsed="0.001755"/>
</iter>
<var>${key}</var>
<value>@{expected_keys}</value>
<status status="PASS" start="2024-08-01T01:14:18.009820" elapsed="0.010260"/>
</for>
<kw name="Create List" owner="BuiltIn">
<msg time="2024-08-01T01:14:18.020412" level="INFO">${expected_keysTwo} = ['username', 'password']</msg>
<var>${expected_keysTwo}</var>
<arg>username</arg>
<arg>password</arg>
<doc>Returns a list containing given items.</doc>
<status status="PASS" start="2024-08-01T01:14:18.020275" elapsed="0.000168"/>
</kw>
<for flavor="IN">
<iter>
<kw name="Dictionary Should Contain Key" owner="Collections">
<arg>${json_data['results'][0]['login']}</arg>
<arg>${keyTwo}</arg>
<doc>Fails if ``key`` is not found from ``dictionary``.</doc>
<status status="PASS" start="2024-08-01T01:14:18.020976" elapsed="0.000409"/>
</kw>
<kw name="Dictionary Should Contain Key" owner="Collections">
<arg>${json_data['results'][0]['login']}</arg>
<arg>${keyTwo}</arg>
<doc>Fails if ``key`` is not found from ``dictionary``.</doc>
<status status="PASS" start="2024-08-01T01:14:18.021569" elapsed="0.000374"/>
</kw>
<kw name="Log" owner="BuiltIn">
<msg time="2024-08-01T01:14:18.022241" level="INFO">username</msg>
<arg>${keyTwo}</arg>
<doc>Logs the given message with the given level.</doc>
<status status="PASS" start="2024-08-01T01:14:18.022122" elapsed="0.000157"/>
</kw>
<var name="${keyTwo}">username</var>
<status status="PASS" start="2024-08-01T01:14:18.020867" elapsed="0.001635"/>
</iter>
<iter>
<kw name="Dictionary Should Contain Key" owner="Collections">
<arg>${json_data['results'][0]['login']}</arg>
<arg>${keyTwo}</arg>
<doc>Fails if ``key`` is not found from ``dictionary``.</doc>
<status status="PASS" start="2024-08-01T01:14:18.022787" elapsed="0.000387"/>
</kw>
<kw name="Dictionary Should Contain Key" owner="Collections">
<arg>${json_data['results'][0]['login']}</arg>
<arg>${keyTwo}</arg>
<doc>Fails if ``key`` is not found from ``dictionary``.</doc>
<status status="PASS" start="2024-08-01T01:14:18.023355" elapsed="0.000375"/>
</kw>
<kw name="Log" owner="BuiltIn">
<msg time="2024-08-01T01:14:18.024033" level="INFO">password</msg>
<arg>${keyTwo}</arg>
<doc>Logs the given message with the given level.</doc>
<status status="PASS" start="2024-08-01T01:14:18.023907" elapsed="0.000164"/>
</kw>
<var name="${keyTwo}">password</var>
<status status="PASS" start="2024-08-01T01:14:18.022674" elapsed="0.001620"/>
</iter>
<var>${keyTwo}</var>
<value>@{expected_keysTwo}</value>
<status status="PASS" start="2024-08-01T01:14:18.020710" elapsed="0.003709"/>
</for>
<status status="PASS" start="2024-08-01T01:14:17.903754" elapsed="0.120810"/>
</kw>
<doc>Testa a estrutura da resposta da API.</doc>
<tag>testeEstruturaResposta</tag>
<status status="PASS" start="2024-08-01T01:14:17.903097" elapsed="0.121629"/>
</test>
<test id="s1-s1-t4" name="Validar tipos de dados" line="28">
<kw name="Teste de Tipos de Dados" owner="random-user-service">
<kw name="GET On Session" owner="RequestsLibrary">
<msg time="2024-08-01T01:14:18.133664" level="INFO">GET Request : url=https://randomuser.me/api 
 path_url=/api 
 headers={'User-Agent': 'python-requests/2.32.3', 'Accept-Encoding': 'gzip, deflate', 'Accept': '*/*', 'Connection': 'keep-alive'} 
 body=None 
 </msg>
<msg time="2024-08-01T01:14:18.133759" level="INFO">GET Response : url=https://randomuser.me/api 
 status=200, reason=OK 
 headers={'Date': 'Thu, 01 Aug 2024 01:14:18 GMT', 'Content-Type': 'application/json; charset=utf-8', 'Transfer-Encoding': 'chunked', 'Connection': 'keep-alive', 'X-Powered-By': 'Express', 'Access-Control-Allow-Origin': '*', 'Cache-Control': 'no-cache', 'ETag': 'W/"497-uUeDLGn+LLkn2rGePoK3Uyvai3c"', 'Vary': 'Accept-Encoding', 'Content-Encoding': 'gzip', 'CF-Cache-Status': 'DYNAMIC', 'Report-To': '{"endpoints":[{"url":"https:\\/\\/a.nel.cloudflare.com\\/report\\/v4?s=dxZ0UQXNSllJ6bH7uKAnoG3VQ0AHaGKpEFPM9u2Nj6kYrsrWtfRPj3hr6%2FOocaGyhbxjUUYMcHVDdioOPbshqQulmCfF9WAsi0ZRGGZg7QPv%2FbEI6XY3hizFOXdFRd%2Bl"}],"group":"cf-nel","max_age":604800}', 'NEL': '{"success_fraction":0,"report_to":"cf-nel","max_age":604800}', 'Server': 'cloudflare', 'CF-RAY': '8ac1f876ad5560a7-ORD', 'alt-svc': 'h3=":443"; ma=86400'} 
 body={"results":[{"gender":"female","name":{"title":"Mrs","first":"Victoria","last":"Sutton"},"location":{"street":{"number":8255,"name":"Henry Street"},"city":"Clane","state":"Wexford","country":"Ireland","postcode":31397,"coordinates":{"latitude":"-2.8194","longitude":"86.6418"},"timezone":{"offset":"+5:00","description":"Ekaterinburg, Islamabad, Karachi, Tashkent"}},"email":"victoria.sutton@example.com","login":{"uuid":"fe8bd44f-3375-4c86-831a-b76ef7564d6b","username":"redpeacock515","password":"alucard","salt":"nDwVGydl","md5":"3bfe78ca129926c94dcaf99a4c78fd2e","sha1":"10f428a837245e2941fbc96de5d7365b21703368","sha256":"decfcdf561b3afe1828246c8c641c26285ccccd2aace6bdd236cdb5966940f63"},"dob":{"date":"1967-05-07T07:54:15.392Z","age":57},"registered":{"date":"2020-10-08T02:15:55.046Z","age":3},"phone":"041-332-8476","cell":"081-151-9902","id":{"name":"PPS","value":"7601350T"},"picture":{"large":"https://randomuser.me/api/portraits/women/91.jpg","medium":"https://randomuser.me/api/portraits/med/women/91.jpg","thumbnail":"https://randomuser.me/api/portraits/thumb/women/91.jpg"},"nat":"IE"}],"info":{"seed":"9fd25c120e77a94a","results":1,"page":1,"version":"1.4"}} 
 </msg>
<msg time="2024-08-01T01:14:18.133828" level="INFO">/opt/hostedtoolcache/Python/3.12.4/x64/lib/python3.12/site-packages/urllib3/connectionpool.py:1099: InsecureRequestWarning: Unverified HTTPS request is being made to host 'randomuser.me'. Adding certificate verification is strongly advised. See: https://urllib3.readthedocs.io/en/latest/advanced-usage.html#tls-warnings
  warnings.warn(</msg>
<msg time="2024-08-01T01:14:18.133968" level="INFO">${response} = &lt;Response [200]&gt;</msg>
<var>${response}</var>
<arg>consultarAPI</arg>
<arg>/api</arg>
<doc>Sends a GET request on a previously created HTTP Session.</doc>
<status status="PASS" start="2024-08-01T01:14:18.027239" elapsed="0.106779"/>
</kw>
<kw name="Set Variable" owner="BuiltIn">
<msg time="2024-08-01T01:14:18.135056" level="INFO">${json_data} = {'results': [{'gender': 'female', 'name': {'title': 'Mrs', 'first': 'Victoria', 'last': 'Sutton'}, 'location': {'street': {'number': 8255, 'name': 'Henry Street'}, 'city': 'Clane', 'state': 'Wexford',...</msg>
<var>${json_data}</var>
<arg>${response.json()}</arg>
<doc>Returns the given values which can then be assigned to a variables.</doc>
<status status="PASS" start="2024-08-01T01:14:18.134533" elapsed="0.000552"/>
</kw>
<kw name="Log" owner="BuiltIn">
<msg time="2024-08-01T01:14:18.135551" level="INFO">{'results': [{'gender': 'female', 'name': {'title': 'Mrs', 'first': 'Victoria', 'last': 'Sutton'}, 'location': {'street': {'number': 8255, 'name': 'Henry Street'}, 'city': 'Clane', 'state': 'Wexford', 'country': 'Ireland', 'postcode': 31397, 'coordinates': {'latitude': '-2.8194', 'longitude': '86.6418'}, 'timezone': {'offset': '+5:00', 'description': 'Ekaterinburg, Islamabad, Karachi, Tashkent'}}, 'email': 'victoria.sutton@example.com', 'login': {'uuid': 'fe8bd44f-3375-4c86-831a-b76ef7564d6b', 'username': 'redpeacock515', 'password': 'alucard', 'salt': 'nDwVGydl', 'md5': '3bfe78ca129926c94dcaf99a4c78fd2e', 'sha1': '10f428a837245e2941fbc96de5d7365b21703368', 'sha256': 'decfcdf561b3afe1828246c8c641c26285ccccd2aace6bdd236cdb5966940f63'}, 'dob': {'date': '1967-05-07T07:54:15.392Z', 'age': 57}, 'registered': {'date': '2020-10-08T02:15:55.046Z', 'age': 3}, 'phone': '041-332-8476', 'cell': '081-151-9902', 'id': {'name': 'PPS', 'value': '7601350T'}, 'picture': {'large': 'https://randomuser.me/api/portraits/women/91.jpg', 'medium': 'https://randomuser.me/api/portraits/med/women/91.jpg', 'thumbnail': 'https://randomuser.me/api/portraits/thumb/women/91.jpg'}, 'nat': 'IE'}], 'info': {'seed': '9fd25c120e77a94a', 'results': 1, 'page': 1, 'version': '1.4'}}</msg>
<arg>${json_data}</arg>
<doc>Logs the given message with the given level.</doc>
<status status="PASS" start="2024-08-01T01:14:18.135396" elapsed="0.000203"/>
</kw>
<kw name="Should Be String" owner="String">
<arg>${json_data['results'][0]['gender']}</arg>
<doc>Fails if the given ``item`` is not a string.</doc>
<status status="PASS" start="2024-08-01T01:14:18.135893" elapsed="0.000365"/>
</kw>
<kw name="Should Match Regexp" owner="BuiltIn">
<arg>${json_data['results'][0]['email']}</arg>
<arg>^[a-zA-Z0-9._%+-]+@[a-zA-Z0-9.-]+\.[a-zA-Z]{2,}$</arg>
<doc>Fails if ``string`` does not match ``pattern`` as a regular expression.</doc>
<status status="PASS" start="2024-08-01T01:14:18.136448" elapsed="0.000517"/>
</kw>
<kw name="Should Match Regexp" owner="BuiltIn">
<arg>${json_data['results'][0]['dob']['date']}</arg>
<arg>\\d{4}-\\d{2}-\\d{2}T\\d{2}:\\d{2}:\\d{2}\\.\\d{3}Z</arg>
<doc>Fails if ``string`` does not match ``pattern`` as a regular expression.</doc>
<status status="PASS" start="2024-08-01T01:14:18.137237" elapsed="0.000638"/>
</kw>
<kw name="Should Match Regexp" owner="BuiltIn">
<arg>${json_data['results'][0]['registered']['date']}</arg>
<arg>\\d{4}-\\d{2}-\\d{2}T\\d{2}:\\d{2}:\\d{2}\\.\\d{3}Z</arg>
<doc>Fails if ``string`` does not match ``pattern`` as a regular expression.</doc>
<status status="PASS" start="2024-08-01T01:14:18.138070" elapsed="0.000371"/>
</kw>
<kw name="Should Match Regexp" owner="BuiltIn">
<arg>${json_data['results'][0]['picture']['large']}</arg>
<arg>^https?://.*\.(?:png|jpe?g|gif|bmp)$</arg>
<doc>Fails if ``string`` does not match ``pattern`` as a regular expression.</doc>
<status status="PASS" start="2024-08-01T01:14:18.138627" elapsed="0.000461"/>
</kw>
<kw name="Should Match Regexp" owner="BuiltIn">
<arg>${json_data['results'][0]['picture']['medium']}</arg>
<arg>^https?://.*\.(?:png|jpe?g|gif|bmp)$</arg>
<doc>Fails if ``string`` does not match ``pattern`` as a regular expression.</doc>
<status status="PASS" start="2024-08-01T01:14:18.139274" elapsed="0.000353"/>
</kw>
<kw name="Should Match Regexp" owner="BuiltIn">
<arg>${json_data['results'][0]['picture']['thumbnail']}</arg>
<arg>^https?://.*\.(?:png|jpe?g|gif|bmp)$</arg>
<doc>Fails if ``string`` does not match ``pattern`` as a regular expression.</doc>
<status status="PASS" start="2024-08-01T01:14:18.139810" elapsed="0.000352"/>
</kw>
<kw name="Log" owner="BuiltIn">
<msg time="2024-08-01T01:14:18.140665" level="INFO">{'large': 'https://randomuser.me/api/portraits/women/91.jpg', 'medium': 'https://randomuser.me/api/portraits/med/women/91.jpg', 'thumbnail': 'https://randomuser.me/api/portraits/thumb/women/91.jpg'}</msg>
<arg>${json_data['results'][0]['picture']}</arg>
<doc>Logs the given message with the given level.</doc>
<status status="PASS" start="2024-08-01T01:14:18.140343" elapsed="0.000364"/>
</kw>
<status status="PASS" start="2024-08-01T01:14:18.027013" elapsed="0.113956"/>
</kw>
<kw name="Teste de Tipos de Dados - Postcode" owner="random-user-service">
<kw name="GET On Session" owner="RequestsLibrary">
<msg time="2024-08-01T01:14:18.197339" level="INFO">GET Request : url=https://randomuser.me/api 
 path_url=/api 
 headers={'User-Agent': 'python-requests/2.32.3', 'Accept-Encoding': 'gzip, deflate', 'Accept': '*/*', 'Connection': 'keep-alive'} 
 body=None 
 </msg>
<msg time="2024-08-01T01:14:18.197449" level="INFO">GET Response : url=https://randomuser.me/api 
 status=200, reason=OK 
 headers={'Date': 'Thu, 01 Aug 2024 01:14:18 GMT', 'Content-Type': 'application/json; charset=utf-8', 'Transfer-Encoding': 'chunked', 'Connection': 'keep-alive', 'X-Powered-By': 'Express', 'Access-Control-Allow-Origin': '*', 'Cache-Control': 'no-cache', 'ETag': 'W/"48d-PXfQh/4LwKJkgaRg0IkqFxJPpwk"', 'Vary': 'Accept-Encoding', 'Content-Encoding': 'gzip', 'CF-Cache-Status': 'DYNAMIC', 'Report-To': '{"endpoints":[{"url":"https:\\/\\/a.nel.cloudflare.com\\/report\\/v4?s=dF5uoO2eMavCRyIQMf8GlsTKkhH8wxNqolqaK9BQa1bSbkuJeJSBT%2F%2B6n1BE4wwqsX%2FwwqZBGMsDR8PdFsyYiIQ8vVK6NmnrtGGBhuMujbTiXGtLzHElq1mXAiG%2BnZEA"}],"group":"cf-nel","max_age":604800}', 'NEL': '{"success_fraction":0,"report_to":"cf-nel","max_age":604800}', 'Server': 'cloudflare', 'CF-RAY': '8ac1f8776e3f60a7-ORD', 'alt-svc': 'h3=":443"; ma=86400'} 
 body={"results":[{"gender":"male","name":{"title":"Mr","first":"Aaron","last":"Clement"},"location":{"street":{"number":8531,"name":"Avenue Jean-Jaurès"},"city":"Poitiers","state":"Essonne","country":"France","postcode":15085,"coordinates":{"latitude":"-18.9877","longitude":"-16.7243"},"timezone":{"offset":"+6:00","description":"Almaty, Dhaka, Colombo"}},"email":"aaron.clement@example.com","login":{"uuid":"02cd1b40-ce32-48d1-aedb-b6f46f9bacd9","username":"tinypanda751","password":"tarzan","salt":"W3niH1e7","md5":"1df1bcb0c62a71fb2d6230e64237bf07","sha1":"f4301364b825778bf83aaf48e293e99d18361c78","sha256":"3b3739938a412d9999609f22cb31a241e147ffd9400624c34f2dda84eb0f72d5"},"dob":{"date":"1969-04-13T05:31:59.523Z","age":55},"registered":{"date":"2021-03-15T18:57:45.907Z","age":3},"phone":"02-95-76-78-58","cell":"06-13-82-17-41","id":{"name":"INSEE","value":"1690310579089 34"},"picture":{"large":"https://randomuser.me/api/portraits/men/26.jpg","medium":"https://randomuser.me/api/portraits/med/men/26.jpg","thumbnail":"https://randomuser.me/api/portraits/thumb/men/26.jpg"},"nat":"FR"}],"info":{"seed":"b3a424888ed791c8","results":1,"page":1,"version":"1.4"}} 
 </msg>
<msg time="2024-08-01T01:14:18.197533" level="INFO">/opt/hostedtoolcache/Python/3.12.4/x64/lib/python3.12/site-packages/urllib3/connectionpool.py:1099: InsecureRequestWarning: Unverified HTTPS request is being made to host 'randomuser.me'. Adding certificate verification is strongly advised. See: https://urllib3.readthedocs.io/en/latest/advanced-usage.html#tls-warnings
  warnings.warn(</msg>
<msg time="2024-08-01T01:14:18.197688" level="INFO">${response} = &lt;Response [200]&gt;</msg>
<var>${response}</var>
<arg>consultarAPI</arg>
<arg>/api</arg>
<doc>Sends a GET request on a previously created HTTP Session.</doc>
<status status="PASS" start="2024-08-01T01:14:18.141467" elapsed="0.056265"/>
</kw>
<kw name="Set Variable" owner="BuiltIn">
<msg time="2024-08-01T01:14:18.198778" level="INFO">${json_data} = {'results': [{'gender': 'male', 'name': {'title': 'Mr', 'first': 'Aaron', 'last': 'Clement'}, 'location': {'street': {'number': 8531, 'name': 'Avenue Jean-Jaurès'}, 'city': 'Poitiers', 'state': 'Esson...</msg>
<var>${json_data}</var>
<arg>${response.json()}</arg>
<doc>Returns the given values which can then be assigned to a variables.</doc>
<status status="PASS" start="2024-08-01T01:14:18.198263" elapsed="0.000546"/>
</kw>
<kw name="Log" owner="BuiltIn">
<msg time="2024-08-01T01:14:18.199297" level="INFO">{'results': [{'gender': 'male', 'name': {'title': 'Mr', 'first': 'Aaron', 'last': 'Clement'}, 'location': {'street': {'number': 8531, 'name': 'Avenue Jean-Jaurès'}, 'city': 'Poitiers', 'state': 'Essonne', 'country': 'France', 'postcode': 15085, 'coordinates': {'latitude': '-18.9877', 'longitude': '-16.7243'}, 'timezone': {'offset': '+6:00', 'description': 'Almaty, Dhaka, Colombo'}}, 'email': 'aaron.clement@example.com', 'login': {'uuid': '02cd1b40-ce32-48d1-aedb-b6f46f9bacd9', 'username': 'tinypanda751', 'password': 'tarzan', 'salt': 'W3niH1e7', 'md5': '1df1bcb0c62a71fb2d6230e64237bf07', 'sha1': 'f4301364b825778bf83aaf48e293e99d18361c78', 'sha256': '3b3739938a412d9999609f22cb31a241e147ffd9400624c34f2dda84eb0f72d5'}, 'dob': {'date': '1969-04-13T05:31:59.523Z', 'age': 55}, 'registered': {'date': '2021-03-15T18:57:45.907Z', 'age': 3}, 'phone': '02-95-76-78-58', 'cell': '06-13-82-17-41', 'id': {'name': 'INSEE', 'value': '1690310579089 34'}, 'picture': {'large': 'https://randomuser.me/api/portraits/men/26.jpg', 'medium': 'https://randomuser.me/api/portraits/med/men/26.jpg', 'thumbnail': 'https://randomuser.me/api/portraits/thumb/men/26.jpg'}, 'nat': 'FR'}], 'info': {'seed': 'b3a424888ed791c8', 'results': 1, 'page': 1, 'version': '1.4'}}</msg>
<arg>${json_data}</arg>
<doc>Logs the given message with the given level.</doc>
<status status="PASS" start="2024-08-01T01:14:18.199129" elapsed="0.000218"/>
</kw>
<kw name="Should Be Equal As Numbers" owner="BuiltIn">
<arg>${json_data['results'][0]['location']['postcode']}</arg>
<arg>${json_data['results'][0]['location']['postcode']}</arg>
<doc>Fails if objects are unequal after converting them to real numbers.</doc>
<status status="PASS" start="2024-08-01T01:14:18.199645" elapsed="0.000623"/>
</kw>
<kw name="Log" owner="BuiltIn">
<msg time="2024-08-01T01:14:18.200802" level="INFO">15085</msg>
<arg>${json_data['results'][0]['location']['postcode']}</arg>
<doc>Logs the given message with the given level.</doc>
<status status="PASS" start="2024-08-01T01:14:18.200462" elapsed="0.000382"/>
</kw>
<status status="PASS" start="2024-08-01T01:14:18.141229" elapsed="0.059947"/>
</kw>
<doc>Testa se os tipos de dados na resposta da API estão corretos.</doc>
<tag>testeTiposDados</tag>
<status status="PASS" start="2024-08-01T01:14:18.026545" elapsed="0.174814"/>
</test>
<test id="s1-s1-t5" name="Validar conteudo" line="35">
<kw name="Teste de Tipos de Conteudo" owner="random-user-service">
<kw name="GET On Session" owner="RequestsLibrary">
<msg time="2024-08-01T01:14:18.294290" level="INFO">GET Request : url=https://randomuser.me/api 
 path_url=/api 
 headers={'User-Agent': 'python-requests/2.32.3', 'Accept-Encoding': 'gzip, deflate', 'Accept': '*/*', 'Connection': 'keep-alive'} 
 body=None 
 </msg>
<msg time="2024-08-01T01:14:18.294401" level="INFO">GET Response : url=https://randomuser.me/api 
 status=200, reason=OK 
 headers={'Date': 'Thu, 01 Aug 2024 01:14:18 GMT', 'Content-Type': 'application/json; charset=utf-8', 'Transfer-Encoding': 'chunked', 'Connection': 'keep-alive', 'X-Powered-By': 'Express', 'Access-Control-Allow-Origin': '*', 'Cache-Control': 'no-cache', 'ETag': 'W/"47d-Vu6IXYDI5Msl1QydecpvkWzXk4Y"', 'Vary': 'Accept-Encoding', 'Content-Encoding': 'gzip', 'CF-Cache-Status': 'DYNAMIC', 'Report-To': '{"endpoints":[{"url":"https:\\/\\/a.nel.cloudflare.com\\/report\\/v4?s=H1nPeohpyt3QPbhwPJ4P4ewhYbuGl4hh1n9oPcxDOCYt%2FbCgiuOJ7tK4IPOW39hw3%2B%2Fjqx9ZvrpsU9ABHTJawzHGeawyqKLhiBzSByiUtcW1CKQo7PmMenke7zEGP0Bt"}],"group":"cf-nel","max_age":604800}', 'NEL': '{"success_fraction":0,"report_to":"cf-nel","max_age":604800}', 'Server': 'cloudflare', 'CF-RAY': '8ac1f877cec560a7-ORD', 'alt-svc': 'h3=":443"; ma=86400'} 
 body={"results":[{"gender":"male","name":{"title":"Mr","first":"Jack","last":"Hall"},"location":{"street":{"number":6056,"name":"Anglesea Street"},"city":"Gisborne","state":"Gisborne","country":"New Zealand","postcode":10694,"coordinates":{"latitude":"52.2586","longitude":"-12.2860"},"timezone":{"offset":"+4:00","description":"Abu Dhabi, Muscat, Baku, Tbilisi"}},"email":"jack.hall@example.com","login":{"uuid":"73990230-e537-4a2b-937e-a1f4c52f8152","username":"lazywolf715","password":"candace","salt":"3vpEOhSv","md5":"38e477fbdc17901ca7e786d605f48d2f","sha1":"43aa73331b436bd537f4c2826ba011a99114e54e","sha256":"91bd22d22162d0ffdb9ae38dd7feb1b91fd5bfdd1d5fa6967a6c4f5bed76fbed"},"dob":{"date":"1950-11-30T14:04:18.009Z","age":73},"registered":{"date":"2021-04-27T16:00:43.045Z","age":3},"phone":"(731)-950-3122","cell":"(691)-536-7041","id":{"name":"","value":null},"picture":{"large":"https://randomuser.me/api/portraits/men/25.jpg","medium":"https://randomuser.me/api/portraits/med/men/25.jpg","thumbnail":"https://randomuser.me/api/portraits/thumb/men/25.jpg"},"nat":"NZ"}],"info":{"seed":"4c07fe4865b0f83b","results":1,"page":1,"version":"1.4"}} 
 </msg>
<msg time="2024-08-01T01:14:18.294483" level="INFO">/opt/hostedtoolcache/Python/3.12.4/x64/lib/python3.12/site-packages/urllib3/connectionpool.py:1099: InsecureRequestWarning: Unverified HTTPS request is being made to host 'randomuser.me'. Adding certificate verification is strongly advised. See: https://urllib3.readthedocs.io/en/latest/advanced-usage.html#tls-warnings
  warnings.warn(</msg>
<msg time="2024-08-01T01:14:18.294648" level="INFO">${response} = &lt;Response [200]&gt;</msg>
<var>${response}</var>
<arg>consultarAPI</arg>
<arg>/api</arg>
<doc>Sends a GET request on a previously created HTTP Session.</doc>
<status status="PASS" start="2024-08-01T01:14:18.204214" elapsed="0.090488"/>
</kw>
<kw name="Set Variable" owner="BuiltIn">
<msg time="2024-08-01T01:14:18.295805" level="INFO">${json_data} = {'results': [{'gender': 'male', 'name': {'title': 'Mr', 'first': 'Jack', 'last': 'Hall'}, 'location': {'street': {'number': 6056, 'name': 'Anglesea Street'}, 'city': 'Gisborne', 'state': 'Gisborne', '...</msg>
<var>${json_data}</var>
<arg>${response.json()}</arg>
<doc>Returns the given values which can then be assigned to a variables.</doc>
<status status="PASS" start="2024-08-01T01:14:18.295273" elapsed="0.000562"/>
</kw>
<kw name="Set Variable" owner="BuiltIn">
<msg time="2024-08-01T01:14:18.296543" level="INFO">${name_title} = Mr</msg>
<var>${name_title}</var>
<arg>${json_data["results"][0]["name"]["title"]}</arg>
<doc>Returns the given values which can then be assigned to a variables.</doc>
<status status="PASS" start="2024-08-01T01:14:18.296152" elapsed="0.000417"/>
</kw>
<kw name="Create List" owner="BuiltIn">
<msg time="2024-08-01T01:14:18.297023" level="INFO">${allowed_titles} = ['Mr', 'Ms', 'Miss', 'Mrs', 'Madame', 'Monsieur']</msg>
<var>${allowed_titles}</var>
<arg>Mr</arg>
<arg>Ms</arg>
<arg>Miss</arg>
<arg>Mrs</arg>
<arg>Madame</arg>
<arg>Monsieur</arg>
<doc>Returns a list containing given items.</doc>
<status status="PASS" start="2024-08-01T01:14:18.296869" elapsed="0.000231"/>
</kw>
<kw name="List Should Contain Value" owner="Collections">
<arg>${allowed_titles}</arg>
<arg>${name_title}</arg>
<doc>Fails if the ``value`` is not found from ``list``.</doc>
<status status="PASS" start="2024-08-01T01:14:18.297440" elapsed="0.000208"/>
</kw>
<kw name="Set Variable" owner="BuiltIn">
<msg time="2024-08-01T01:14:18.298217" level="INFO">${name_country} = NZ</msg>
<var>${name_country}</var>
<arg>${json_data["results"][0]["nat"]}</arg>
<doc>Returns the given values which can then be assigned to a variables.</doc>
<status status="PASS" start="2024-08-01T01:14:18.297836" elapsed="0.000407"/>
</kw>
<kw name="Create List" owner="BuiltIn">
<msg time="2024-08-01T01:14:18.299140" level="INFO">${list_country} = ['AD', 'AE', 'AF', 'AG', 'AI', 'AL', 'AM', 'AO', 'AQ', 'AR', 'AS', 'AT', 'AU', 'AW', 'AX', 'AZ', 'BA', 'BB', 'BD', 'BE', 'BF', 'BG', 'BH', 'BI', 'BJ', 'BL', 'BM', 'BN', 'BO', 'BQ', 'BR', 'BS', 'BT', '...</msg>
<var>${list_country}</var>
<arg>AD</arg>
<arg>AE</arg>
<arg>AF</arg>
<arg>AG</arg>
<arg>AI</arg>
<arg>AL</arg>
<arg>AM</arg>
<arg>AO</arg>
<arg>AQ</arg>
<arg>AR</arg>
<arg>AS</arg>
<arg>AT</arg>
<arg>AU</arg>
<arg>AW</arg>
<arg>AX</arg>
<arg>AZ</arg>
<arg>BA</arg>
<arg>BB</arg>
<arg>BD</arg>
<arg>BE</arg>
<arg>BF</arg>
<arg>BG</arg>
<arg>BH</arg>
<arg>BI</arg>
<arg>BJ</arg>
<arg>BL</arg>
<arg>BM</arg>
<arg>BN</arg>
<arg>BO</arg>
<arg>BQ</arg>
<arg>BR</arg>
<arg>BS</arg>
<arg>BT</arg>
<arg>BV</arg>
<arg>BW</arg>
<arg>BY</arg>
<arg>BZ</arg>
<arg>CA</arg>
<arg>CC</arg>
<arg>CD</arg>
<arg>CF</arg>
<arg>CG</arg>
<arg>CH</arg>
<arg>CI</arg>
<arg>CK</arg>
<arg>CL</arg>
<arg>CM</arg>
<arg>CN</arg>
<arg>CO</arg>
<arg>CR</arg>
<arg>CU</arg>
<arg>CV</arg>
<arg>CW</arg>
<arg>CX</arg>
<arg>CY</arg>
<arg>CZ</arg>
<arg>DE</arg>
<arg>DJ</arg>
<arg>DK</arg>
<arg>DM</arg>
<arg>DO</arg>
<arg>DZ</arg>
<arg>EC</arg>
<arg>EE</arg>
<arg>EG</arg>
<arg>EH</arg>
<arg>ER</arg>
<arg>ES</arg>
<arg>ET</arg>
<arg>FI</arg>
<arg>FJ</arg>
<arg>FK</arg>
<arg>FM</arg>
<arg>FO</arg>
<arg>FR</arg>
<arg>GA</arg>
<arg>GB</arg>
<arg>GD</arg>
<arg>GE</arg>
<arg>GF</arg>
<arg>GG</arg>
<arg>GH</arg>
<arg>GI</arg>
<arg>GL</arg>
<arg>GM</arg>
<arg>GN</arg>
<arg>GP</arg>
<arg>GQ</arg>
<arg>GR</arg>
<arg>GS</arg>
<arg>GT</arg>
<arg>GU</arg>
<arg>GW</arg>
<arg>GY</arg>
<arg>HK</arg>
<arg>HM</arg>
<arg>HN</arg>
<arg>HR</arg>
<arg>HT</arg>
<arg>HU</arg>
<arg>ID</arg>
<arg>IE</arg>
<arg>IL</arg>
<arg>IM</arg>
<arg>IN</arg>
<arg>IO</arg>
<arg>IQ</arg>
<arg>IR</arg>
<arg>IS</arg>
<arg>IT</arg>
<arg>JE</arg>
<arg>JM</arg>
<arg>JO</arg>
<arg>JP</arg>
<arg>KE</arg>
<arg>KG</arg>
<arg>KH</arg>
<arg>KI</arg>
<arg>KM</arg>
<arg>KN</arg>
<arg>KP</arg>
<arg>KR</arg>
<arg>KW</arg>
<arg>KY</arg>
<arg>KZ</arg>
<arg>LA</arg>
<arg>LB</arg>
<arg>LC</arg>
<arg>LI</arg>
<arg>LK</arg>
<arg>LR</arg>
<arg>LS</arg>
<arg>LT</arg>
<arg>LU</arg>
<arg>LV</arg>
<arg>LY</arg>
<arg>MA</arg>
<arg>MC</arg>
<arg>MD</arg>
<arg>ME</arg>
<arg>MF</arg>
<arg>MG</arg>
<arg>MH</arg>
<arg>MK</arg>
<arg>ML</arg>
<arg>MM</arg>
<arg>MN</arg>
<arg>MO</arg>
<arg>MP</arg>
<arg>MQ</arg>
<arg>MR</arg>
<arg>MS</arg>
<arg>MT</arg>
<arg>MU</arg>
<arg>MV</arg>
<arg>MW</arg>
<arg>MX</arg>
<arg>MY</arg>
<arg>MZ</arg>
<arg>NA</arg>
<arg>NC</arg>
<arg>NE</arg>
<arg>NF</arg>
<arg>NG</arg>
<arg>NI</arg>
<arg>NL</arg>
<arg>NO</arg>
<arg>NP</arg>
<arg>NR</arg>
<arg>NU</arg>
<arg>NZ</arg>
<arg>OM</arg>
<arg>PA</arg>
<arg>PE</arg>
<arg>PF</arg>
<arg>PG</arg>
<arg>PH</arg>
<arg>PK</arg>
<arg>PL</arg>
<arg>PM</arg>
<arg>PN</arg>
<arg>PR</arg>
<arg>PS</arg>
<arg>PT</arg>
<arg>PW</arg>
<arg>PY</arg>
<arg>QA</arg>
<arg>RE</arg>
<arg>RO</arg>
<arg>RS</arg>
<arg>RU</arg>
<arg>RW</arg>
<arg>SA</arg>
<arg>SB</arg>
<arg>SC</arg>
<arg>SD</arg>
<arg>SE</arg>
<arg>SG</arg>
<arg>SH</arg>
<arg>SI</arg>
<arg>SJ</arg>
<arg>SK</arg>
<arg>SL</arg>
<arg>SM</arg>
<arg>SN</arg>
<arg>SO</arg>
<arg>SR</arg>
<arg>SS</arg>
<arg>ST</arg>
<arg>SV</arg>
<arg>SX</arg>
<arg>SY</arg>
<arg>SZ</arg>
<arg>TC</arg>
<arg>TD</arg>
<arg>TF</arg>
<arg>TG</arg>
<arg>TH</arg>
<arg>TJ</arg>
<arg>TK</arg>
<arg>TL</arg>
<arg>TM</arg>
<arg>TN</arg>
<arg>TO</arg>
<arg>TR</arg>
<arg>TT</arg>
<arg>TV</arg>
<arg>TW</arg>
<arg>TZ</arg>
<arg>UA</arg>
<arg>UG</arg>
<arg>UM</arg>
<arg>US</arg>
<arg>UY</arg>
<arg>UZ</arg>
<arg>VA</arg>
<arg>VC</arg>
<arg>VE</arg>
<arg>VG</arg>
<arg>VI</arg>
<arg>VN</arg>
<arg>VU</arg>
<arg>WF</arg>
<arg>WS</arg>
<arg>XK</arg>
<arg>YE</arg>
<arg>YT</arg>
<arg>ZA</arg>
<arg>ZM</arg>
<arg>ZW</arg>
<doc>Returns a list containing given items.</doc>
<status status="PASS" start="2024-08-01T01:14:18.298540" elapsed="0.000626"/>
</kw>
<kw name="List Should Contain Value" owner="Collections">
<arg>${list_country}</arg>
<arg>${name_country}</arg>
<doc>Fails if the ``value`` is not found from ``list``.</doc>
<status status="PASS" start="2024-08-01T01:14:18.300164" elapsed="0.000217"/>
</kw>
<kw name="Run Keyword If" owner="BuiltIn">
<kw name="Should Be True" owner="BuiltIn">
<arg>${True}</arg>
<doc>Fails if the given condition is not true.</doc>
<status status="PASS" start="2024-08-01T01:14:18.301373" elapsed="0.000147"/>
</kw>
<arg>${json_data["results"][0]["location"]["coordinates"]["latitude"]} &gt;= -90 and ${json_data["results"][0]["location"]["coordinates"]["latitude"]} &lt;= 90</arg>
<arg>Should Be True</arg>
<arg>${True}</arg>
<doc>Runs the given keyword with the given arguments, if ``condition`` is true.</doc>
<status status="PASS" start="2024-08-01T01:14:18.300586" elapsed="0.001061"/>
</kw>
<kw name="Run Keyword If" owner="BuiltIn">
<kw name="Should Be True" owner="BuiltIn">
<arg>${True}</arg>
<doc>Fails if the given condition is not true.</doc>
<status status="PASS" start="2024-08-01T01:14:18.302535" elapsed="0.000138"/>
</kw>
<arg>${json_data["results"][0]["location"]["coordinates"]["longitude"]} &gt;= -180 and ${json_data["results"][0]["location"]["coordinates"]["longitude"]} &lt;= 180</arg>
<arg>Should Be True</arg>
<arg>${True}</arg>
<doc>Runs the given keyword with the given arguments, if ``condition`` is true.</doc>
<status status="PASS" start="2024-08-01T01:14:18.301835" elapsed="0.000963"/>
</kw>
<status status="PASS" start="2024-08-01T01:14:18.203836" elapsed="0.099095"/>
</kw>
<doc>Testa o conteúdo específico dos campos retornados pela API.</doc>
<tag>testeConteudo</tag>
<status status="PASS" start="2024-08-01T01:14:18.203151" elapsed="0.099937"/>
</test>
<status status="PASS" start="2024-08-01T01:14:17.386472" elapsed="0.918591"/>
</suite>
<status status="PASS" start="2024-08-01T01:14:17.371530" elapsed="0.938724"/>
</suite>
<statistics>
<total>
<stat pass="5" fail="0" skip="0">All Tests</stat>
</total>
<tag>
<stat pass="1" fail="0" skip="0">testeConteudo</stat>
<stat pass="1" fail="0" skip="0">testeEstruturaResposta</stat>
<stat pass="1" fail="0" skip="0">testeRequisicaoBasica</stat>
<stat pass="1" fail="0" skip="0">testeTiposDados</stat>
</tag>
<suite>
<stat pass="5" fail="0" skip="0" id="s1" name="Tests">Tests</stat>
<stat pass="5" fail="0" skip="0" id="s1-s1" name="Random-User-Test">Tests.Random-User-Test</stat>
</suite>
</statistics>
<errors>
</errors>
</robot>
