<?xml version="1.0" encoding="UTF-8"?>
<robot generator="Robot 7.0 (Python 3.12.3 on linux)" generated="2024-05-23T15:16:07.813266" rpa="false" schemaversion="5">
<suite id="s1" name="Tests" source="/home/runner/work/DesafioQAItauRogerioJordao/DesafioQAItauRogerioJordao/RamdonUser/tests">
<suite id="s1-s1" name="Random-User-Test" source="/home/runner/work/DesafioQAItauRogerioJordao/DesafioQAItauRogerioJordao/RamdonUser/tests/random-user-test.robot">
<test id="s1-s1-t1" name="Conectar" line="13">
<kw name="Conectar API" owner="random-user-service">
<kw name="Create Session" owner="RequestsLibrary">
<msg time="2024-05-23T15:16:08.208788" level="INFO">Creating Session using : alias=consultarAPI, url=https://randomuser.me/, headers={},                     cookies={}, auth=None, timeout=None, proxies=None, verify=False,                     debug=0 </msg>
<arg>consultarAPI</arg>
<arg>${URL}</arg>
<doc>Create Session: create a HTTP session to a server</doc>
<status status="PASS" start="2024-05-23T15:16:08.208542" elapsed="0.000430"/>
</kw>
<status status="PASS" start="2024-05-23T15:16:08.207500" elapsed="0.001833"/>
</kw>
<status status="PASS" start="2024-05-23T15:16:08.206965" elapsed="0.002563"/>
</test>
<test id="s1-s1-t2" name="Validar retorno 200 e JSON Válido" line="16">
<kw name="Teste de Requisicao Basica" owner="random-user-service">
<kw name="GET On Session" owner="RequestsLibrary">
<msg time="2024-05-23T15:16:08.416028" level="INFO">GET Request : url=https://randomuser.me/api 
 path_url=/api 
 headers={'User-Agent': 'python-requests/2.32.2', 'Accept-Encoding': 'gzip, deflate', 'Accept': '*/*', 'Connection': 'keep-alive'} 
 body=None 
 </msg>
<msg time="2024-05-23T15:16:08.416179" level="INFO">GET Response : url=https://randomuser.me/api 
 status=200, reason=OK 
 headers={'Date': 'Thu, 23 May 2024 15:16:08 GMT', 'Content-Type': 'application/json; charset=utf-8', 'Transfer-Encoding': 'chunked', 'Connection': 'keep-alive', 'X-Powered-By': 'Express', 'Access-Control-Allow-Origin': '*', 'Cache-Control': 'no-cache', 'ETag': 'W/"4a7-m4xW2jh2rN8ReRNy9FCY5rfXzDY"', 'Vary': 'Accept-Encoding', 'Content-Encoding': 'gzip', 'CF-Cache-Status': 'DYNAMIC', 'Report-To': '{"endpoints":[{"url":"https:\\/\\/a.nel.cloudflare.com\\/report\\/v4?s=U%2Fu5wgbWAYL%2B2D9TdHHxzqqp6a4bZ43VoQYSNJkqAAdrjVSFn3TJK1EYxToOZKn1TGEedtm%2BJMCGskL5%2BDWOljoLZcjNN6Xmb35zYPCkkfFXGJWyww33U60wZc5sHNjR"}],"group":"cf-nel","max_age":604800}', 'NEL': '{"success_fraction":0,"report_to":"cf-nel","max_age":604800}', 'Server': 'cloudflare', 'CF-RAY': '888601604c982d55-ORD', 'alt-svc': 'h3=":443"; ma=86400'} 
 body={"results":[{"gender":"female","name":{"title":"Ms","first":"Cézanne","last":"Boschma"},"location":{"street":{"number":4785,"name":"Briandplaats"},"city":"Tienhoven Zh","state":"Gelderland","country":"Netherlands","postcode":"5967 ZJ","coordinates":{"latitude":"37.3276","longitude":"176.5937"},"timezone":{"offset":"+10:00","description":"Eastern Australia, Guam, Vladivostok"}},"email":"cezanne.boschma@example.com","login":{"uuid":"21ff73d4-4111-4403-9b55-3a6cc400ed24","username":"greenduck706","password":"electric","salt":"ghgtbo2R","md5":"e12747d4d431f40897f8f38737c4ebe4","sha1":"b42ca647f5633307dc7020a3cac5dc07fe365ab8","sha256":"466912441fccd1996caf0818d732a5a1337aafb408e6a1a7d98ec674349e4efe"},"dob":{"date":"1968-09-24T03:07:01.853Z","age":55},"registered":{"date":"2018-07-09T04:42:51.959Z","age":5},"phone":"(0047) 695799","cell":"(06) 89658252","id":{"name":"BSN","value":"87162458"},"picture":{"large":"https://randomuser.me/api/portraits/women/76.jpg","medium":"https://randomuser.me/api/portraits/med/women/76.jpg","thumbnail":"https://randomuser.me/api/portraits/thumb/women/76.jpg"},"nat":"NL"}],"info":{"seed":"06aac9cff6826a2e","results":1,"page":1,"version":"1.4"}} 
 </msg>
<msg time="2024-05-23T15:16:08.416270" level="INFO">/opt/hostedtoolcache/Python/3.12.3/x64/lib/python3.12/site-packages/urllib3/connectionpool.py:1103: InsecureRequestWarning: Unverified HTTPS request is being made to host 'randomuser.me'. Adding certificate verification is strongly advised. See: https://urllib3.readthedocs.io/en/latest/advanced-usage.html#tls-warnings
  warnings.warn(</msg>
<msg time="2024-05-23T15:16:08.416406" level="INFO">${response} = &lt;Response [200]&gt;</msg>
<var>${response}</var>
<arg>consultarAPI</arg>
<arg>/api</arg>
<doc>Sends a GET request on a previously created HTTP Session.</doc>
<status status="PASS" start="2024-05-23T15:16:08.212149" elapsed="0.204401"/>
</kw>
<kw name="Should Be Equal As Numbers" owner="BuiltIn">
<msg time="2024-05-23T15:16:08.417613" level="INFO">Argument types are:
&lt;class 'int'&gt;
&lt;class 'str'&gt;</msg>
<arg>${response.status_code}</arg>
<arg>200</arg>
<doc>Fails if objects are unequal after converting them to real numbers.</doc>
<status status="PASS" start="2024-05-23T15:16:08.417137" elapsed="0.000545"/>
</kw>
<kw name="Log" owner="BuiltIn">
<msg time="2024-05-23T15:16:08.418443" level="INFO">200</msg>
<arg>${response.status_code}</arg>
<doc>Logs the given message with the given level.</doc>
<status status="PASS" start="2024-05-23T15:16:08.418070" elapsed="0.000422"/>
</kw>
<kw name="Set Variable" owner="BuiltIn">
<msg time="2024-05-23T15:16:08.419262" level="INFO">${json_data} = {'results': [{'gender': 'female', 'name': {'title': 'Ms', 'first': 'Cézanne', 'last': 'Boschma'}, 'location': {'street': {'number': 4785, 'name': 'Briandplaats'}, 'city': 'Tienhoven Zh', 'state': 'Gel...</msg>
<var>${json_data}</var>
<arg>${response.json()}</arg>
<doc>Returns the given values which can then be assigned to a variables.</doc>
<status status="PASS" start="2024-05-23T15:16:08.418812" elapsed="0.000481"/>
</kw>
<kw name="Dictionary Should Contain Key" owner="Collections">
<msg time="2024-05-23T15:16:08.419778" level="INFO">False</msg>
<arg>${json_data}</arg>
<arg>results</arg>
<doc>Fails if ``key`` is not found from ``dictionary``.</doc>
<status status="PASS" start="2024-05-23T15:16:08.419605" elapsed="0.000391"/>
</kw>
<status status="PASS" start="2024-05-23T15:16:08.211882" elapsed="0.208405"/>
</kw>
<doc>Testa se a API responde corretamente e retorna um objeto JSON válido.</doc>
<tag>testeRequisicaoBasica</tag>
<status status="PASS" start="2024-05-23T15:16:08.211405" elapsed="0.209070"/>
</test>
<test id="s1-s1-t3" name="Validar estrutura de resposta" line="22">
<kw name="Teste de Estrutura de Resposta" owner="random-user-service">
<kw name="GET On Session" owner="RequestsLibrary">
<msg time="2024-05-23T15:16:08.518210" level="INFO">GET Request : url=https://randomuser.me/api 
 path_url=/api 
 headers={'User-Agent': 'python-requests/2.32.2', 'Accept-Encoding': 'gzip, deflate', 'Accept': '*/*', 'Connection': 'keep-alive'} 
 body=None 
 </msg>
<msg time="2024-05-23T15:16:08.518324" level="INFO">GET Response : url=https://randomuser.me/api 
 status=200, reason=OK 
 headers={'Date': 'Thu, 23 May 2024 15:16:08 GMT', 'Content-Type': 'application/json; charset=utf-8', 'Transfer-Encoding': 'chunked', 'Connection': 'keep-alive', 'X-Powered-By': 'Express', 'Access-Control-Allow-Origin': '*', 'Cache-Control': 'no-cache', 'ETag': 'W/"480-gCcA4znLoAaNTxagU/wtFnqB89c"', 'Vary': 'Accept-Encoding', 'Content-Encoding': 'gzip', 'CF-Cache-Status': 'DYNAMIC', 'Report-To': '{"endpoints":[{"url":"https:\\/\\/a.nel.cloudflare.com\\/report\\/v4?s=nMUM2rZTyyrhuQRBYn5jQ7vgTmvQLenMgsEe2HSjMuFY93LlJ3GBYlJwkuRiSctL41o3K2KZOvA2cOX7RnGFf0szvo5xsn5AmzSoYkSEMqjrXlLyht6XqxK4JXSAtzYe"}],"group":"cf-nel","max_age":604800}', 'NEL': '{"success_fraction":0,"report_to":"cf-nel","max_age":604800}', 'Server': 'cloudflare', 'CF-RAY': '88860160acf92d55-ORD', 'alt-svc': 'h3=":443"; ma=86400'} 
 body={"results":[{"gender":"male","name":{"title":"Mr","first":"Necati","last":"Menemencioğlu"},"location":{"street":{"number":7342,"name":"Fatih Sultan Mehmet Cd"},"city":"Kırklareli","state":"Denizli","country":"Turkey","postcode":29593,"coordinates":{"latitude":"68.2040","longitude":"-73.8377"},"timezone":{"offset":"+4:30","description":"Kabul"}},"email":"necati.menemencioglu@example.com","login":{"uuid":"b9abc733-8b8d-45bb-a4f4-89428b76eaf5","username":"whitefish603","password":"corleone","salt":"GUG2wSTz","md5":"d70d17d54661ad2f998cd582a6cc18af","sha1":"4a80f7836cd9528f58da627435211d76e48c6d40","sha256":"871d30a089dada14df64586af6e1b25d328b4fd8f9b40351ef051c895a8229d1"},"dob":{"date":"1977-05-13T20:31:59.166Z","age":47},"registered":{"date":"2007-09-04T07:27:40.805Z","age":16},"phone":"(574)-396-9396","cell":"(436)-266-5045","id":{"name":"","value":null},"picture":{"large":"https://randomuser.me/api/portraits/men/17.jpg","medium":"https://randomuser.me/api/portraits/med/men/17.jpg","thumbnail":"https://randomuser.me/api/portraits/thumb/men/17.jpg"},"nat":"TR"}],"info":{"seed":"5e95a03a2f2dcf8a","results":1,"page":1,"version":"1.4"}} 
 </msg>
<msg time="2024-05-23T15:16:08.518465" level="INFO">/opt/hostedtoolcache/Python/3.12.3/x64/lib/python3.12/site-packages/urllib3/connectionpool.py:1103: InsecureRequestWarning: Unverified HTTPS request is being made to host 'randomuser.me'. Adding certificate verification is strongly advised. See: https://urllib3.readthedocs.io/en/latest/advanced-usage.html#tls-warnings
  warnings.warn(</msg>
<msg time="2024-05-23T15:16:08.518602" level="INFO">${response} = &lt;Response [200]&gt;</msg>
<var>${response}</var>
<arg>consultarAPI</arg>
<arg>/api</arg>
<doc>Sends a GET request on a previously created HTTP Session.</doc>
<status status="PASS" start="2024-05-23T15:16:08.423514" elapsed="0.095133"/>
</kw>
<kw name="Set Variable" owner="BuiltIn">
<msg time="2024-05-23T15:16:08.519745" level="INFO">${json_data} = {'results': [{'gender': 'male', 'name': {'title': 'Mr', 'first': 'Necati', 'last': 'Menemencioğlu'}, 'location': {'street': {'number': 7342, 'name': 'Fatih Sultan Mehmet Cd'}, 'city': 'Kırklareli', 's...</msg>
<var>${json_data}</var>
<arg>${response.json()}</arg>
<doc>Returns the given values which can then be assigned to a variables.</doc>
<status status="PASS" start="2024-05-23T15:16:08.519189" elapsed="0.000588"/>
</kw>
<kw name="Log" owner="BuiltIn">
<msg time="2024-05-23T15:16:08.520269" level="INFO">{'results': [{'gender': 'male', 'name': {'title': 'Mr', 'first': 'Necati', 'last': 'Menemencioğlu'}, 'location': {'street': {'number': 7342, 'name': 'Fatih Sultan Mehmet Cd'}, 'city': 'Kırklareli', 'state': 'Denizli', 'country': 'Turkey', 'postcode': 29593, 'coordinates': {'latitude': '68.2040', 'longitude': '-73.8377'}, 'timezone': {'offset': '+4:30', 'description': 'Kabul'}}, 'email': 'necati.menemencioglu@example.com', 'login': {'uuid': 'b9abc733-8b8d-45bb-a4f4-89428b76eaf5', 'username': 'whitefish603', 'password': 'corleone', 'salt': 'GUG2wSTz', 'md5': 'd70d17d54661ad2f998cd582a6cc18af', 'sha1': '4a80f7836cd9528f58da627435211d76e48c6d40', 'sha256': '871d30a089dada14df64586af6e1b25d328b4fd8f9b40351ef051c895a8229d1'}, 'dob': {'date': '1977-05-13T20:31:59.166Z', 'age': 47}, 'registered': {'date': '2007-09-04T07:27:40.805Z', 'age': 16}, 'phone': '(574)-396-9396', 'cell': '(436)-266-5045', 'id': {'name': '', 'value': None}, 'picture': {'large': 'https://randomuser.me/api/portraits/men/17.jpg', 'medium': 'https://randomuser.me/api/portraits/med/men/17.jpg', 'thumbnail': 'https://randomuser.me/api/portraits/thumb/men/17.jpg'}, 'nat': 'TR'}], 'info': {'seed': '5e95a03a2f2dcf8a', 'results': 1, 'page': 1, 'version': '1.4'}}</msg>
<arg>${json_data}</arg>
<doc>Logs the given message with the given level.</doc>
<status status="PASS" start="2024-05-23T15:16:08.520097" elapsed="0.000226"/>
</kw>
<kw name="Dictionary Should Contain Key" owner="Collections">
<msg time="2024-05-23T15:16:08.520849" level="INFO">False</msg>
<arg>${json_data}</arg>
<arg>results</arg>
<doc>Fails if ``key`` is not found from ``dictionary``.</doc>
<status status="PASS" start="2024-05-23T15:16:08.520639" elapsed="0.000258"/>
</kw>
<kw name="Should Not Be Empty" owner="BuiltIn">
<msg time="2024-05-23T15:16:08.521358" level="INFO">Length is 2.</msg>
<arg>${json_data}</arg>
<doc>Verifies that the given item is not empty.</doc>
<status status="PASS" start="2024-05-23T15:16:08.521215" elapsed="0.000184"/>
</kw>
<kw name="Create List" owner="BuiltIn">
<msg time="2024-05-23T15:16:08.521867" level="INFO">${expected_keys} = ['gender', 'name', 'location', 'email', 'login']</msg>
<var>${expected_keys}</var>
<arg>gender</arg>
<arg>name</arg>
<arg>location</arg>
<arg>email</arg>
<arg>login</arg>
<doc>Returns a list containing given items.</doc>
<status status="PASS" start="2024-05-23T15:16:08.521707" elapsed="0.000185"/>
</kw>
<for flavor="IN">
<iter>
<kw name="Dictionary Should Contain Key" owner="Collections">
<msg time="2024-05-23T15:16:08.522929" level="INFO">False</msg>
<arg>${json_data['results'][0]}</arg>
<arg>${key}</arg>
<doc>Fails if ``key`` is not found from ``dictionary``.</doc>
<status status="PASS" start="2024-05-23T15:16:08.522508" elapsed="0.000467"/>
</kw>
<kw name="Log" owner="BuiltIn">
<msg time="2024-05-23T15:16:08.523676" level="INFO">{'gender': 'male', 'name': {'title': 'Mr', 'first': 'Necati', 'last': 'Menemencioğlu'}, 'location': {'street': {'number': 7342, 'name': 'Fatih Sultan Mehmet Cd'}, 'city': 'Kırklareli', 'state': 'Denizli', 'country': 'Turkey', 'postcode': 29593, 'coordinates': {'latitude': '68.2040', 'longitude': '-73.8377'}, 'timezone': {'offset': '+4:30', 'description': 'Kabul'}}, 'email': 'necati.menemencioglu@example.com', 'login': {'uuid': 'b9abc733-8b8d-45bb-a4f4-89428b76eaf5', 'username': 'whitefish603', 'password': 'corleone', 'salt': 'GUG2wSTz', 'md5': 'd70d17d54661ad2f998cd582a6cc18af', 'sha1': '4a80f7836cd9528f58da627435211d76e48c6d40', 'sha256': '871d30a089dada14df64586af6e1b25d328b4fd8f9b40351ef051c895a8229d1'}, 'dob': {'date': '1977-05-13T20:31:59.166Z', 'age': 47}, 'registered': {'date': '2007-09-04T07:27:40.805Z', 'age': 16}, 'phone': '(574)-396-9396', 'cell': '(436)-266-5045', 'id': {'name': '', 'value': None}, 'picture': {'large': 'https://randomuser.me/api/portraits/men/17.jpg', 'medium': 'https://randomuser.me/api/portraits/med/men/17.jpg', 'thumbnail': 'https://randomuser.me/api/portraits/thumb/men/17.jpg'}, 'nat': 'TR'}</msg>
<arg>${json_data['results'][0]}</arg>
<doc>Logs the given message with the given level.</doc>
<status status="PASS" start="2024-05-23T15:16:08.523294" elapsed="0.000447"/>
</kw>
<kw name="Log" owner="BuiltIn">
<msg time="2024-05-23T15:16:08.524183" level="INFO">gender</msg>
<arg>${key}</arg>
<doc>Logs the given message with the given level.</doc>
<status status="PASS" start="2024-05-23T15:16:08.524050" elapsed="0.000173"/>
</kw>
<var name="${key}">gender</var>
<status status="PASS" start="2024-05-23T15:16:08.522378" elapsed="0.002078"/>
</iter>
<iter>
<kw name="Dictionary Should Contain Key" owner="Collections">
<msg time="2024-05-23T15:16:08.525190" level="INFO">False</msg>
<arg>${json_data['results'][0]}</arg>
<arg>${key}</arg>
<doc>Fails if ``key`` is not found from ``dictionary``.</doc>
<status status="PASS" start="2024-05-23T15:16:08.524790" elapsed="0.000438"/>
</kw>
<kw name="Log" owner="BuiltIn">
<msg time="2024-05-23T15:16:08.525958" level="INFO">{'gender': 'male', 'name': {'title': 'Mr', 'first': 'Necati', 'last': 'Menemencioğlu'}, 'location': {'street': {'number': 7342, 'name': 'Fatih Sultan Mehmet Cd'}, 'city': 'Kırklareli', 'state': 'Denizli', 'country': 'Turkey', 'postcode': 29593, 'coordinates': {'latitude': '68.2040', 'longitude': '-73.8377'}, 'timezone': {'offset': '+4:30', 'description': 'Kabul'}}, 'email': 'necati.menemencioglu@example.com', 'login': {'uuid': 'b9abc733-8b8d-45bb-a4f4-89428b76eaf5', 'username': 'whitefish603', 'password': 'corleone', 'salt': 'GUG2wSTz', 'md5': 'd70d17d54661ad2f998cd582a6cc18af', 'sha1': '4a80f7836cd9528f58da627435211d76e48c6d40', 'sha256': '871d30a089dada14df64586af6e1b25d328b4fd8f9b40351ef051c895a8229d1'}, 'dob': {'date': '1977-05-13T20:31:59.166Z', 'age': 47}, 'registered': {'date': '2007-09-04T07:27:40.805Z', 'age': 16}, 'phone': '(574)-396-9396', 'cell': '(436)-266-5045', 'id': {'name': '', 'value': None}, 'picture': {'large': 'https://randomuser.me/api/portraits/men/17.jpg', 'medium': 'https://randomuser.me/api/portraits/med/men/17.jpg', 'thumbnail': 'https://randomuser.me/api/portraits/thumb/men/17.jpg'}, 'nat': 'TR'}</msg>
<arg>${json_data['results'][0]}</arg>
<doc>Logs the given message with the given level.</doc>
<status status="PASS" start="2024-05-23T15:16:08.525582" elapsed="0.000430"/>
</kw>
<kw name="Log" owner="BuiltIn">
<msg time="2024-05-23T15:16:08.526461" level="INFO">name</msg>
<arg>${key}</arg>
<doc>Logs the given message with the given level.</doc>
<status status="PASS" start="2024-05-23T15:16:08.526327" elapsed="0.000174"/>
</kw>
<var name="${key}">name</var>
<status status="PASS" start="2024-05-23T15:16:08.524650" elapsed="0.002071"/>
</iter>
<iter>
<kw name="Dictionary Should Contain Key" owner="Collections">
<msg time="2024-05-23T15:16:08.527402" level="INFO">False</msg>
<arg>${json_data['results'][0]}</arg>
<arg>${key}</arg>
<doc>Fails if ``key`` is not found from ``dictionary``.</doc>
<status status="PASS" start="2024-05-23T15:16:08.527016" elapsed="0.000425"/>
</kw>
<kw name="Log" owner="BuiltIn">
<msg time="2024-05-23T15:16:08.528110" level="INFO">{'gender': 'male', 'name': {'title': 'Mr', 'first': 'Necati', 'last': 'Menemencioğlu'}, 'location': {'street': {'number': 7342, 'name': 'Fatih Sultan Mehmet Cd'}, 'city': 'Kırklareli', 'state': 'Denizli', 'country': 'Turkey', 'postcode': 29593, 'coordinates': {'latitude': '68.2040', 'longitude': '-73.8377'}, 'timezone': {'offset': '+4:30', 'description': 'Kabul'}}, 'email': 'necati.menemencioglu@example.com', 'login': {'uuid': 'b9abc733-8b8d-45bb-a4f4-89428b76eaf5', 'username': 'whitefish603', 'password': 'corleone', 'salt': 'GUG2wSTz', 'md5': 'd70d17d54661ad2f998cd582a6cc18af', 'sha1': '4a80f7836cd9528f58da627435211d76e48c6d40', 'sha256': '871d30a089dada14df64586af6e1b25d328b4fd8f9b40351ef051c895a8229d1'}, 'dob': {'date': '1977-05-13T20:31:59.166Z', 'age': 47}, 'registered': {'date': '2007-09-04T07:27:40.805Z', 'age': 16}, 'phone': '(574)-396-9396', 'cell': '(436)-266-5045', 'id': {'name': '', 'value': None}, 'picture': {'large': 'https://randomuser.me/api/portraits/men/17.jpg', 'medium': 'https://randomuser.me/api/portraits/med/men/17.jpg', 'thumbnail': 'https://randomuser.me/api/portraits/thumb/men/17.jpg'}, 'nat': 'TR'}</msg>
<arg>${json_data['results'][0]}</arg>
<doc>Logs the given message with the given level.</doc>
<status status="PASS" start="2024-05-23T15:16:08.527740" elapsed="0.000422"/>
</kw>
<kw name="Log" owner="BuiltIn">
<msg time="2024-05-23T15:16:08.528590" level="INFO">location</msg>
<arg>${key}</arg>
<doc>Logs the given message with the given level.</doc>
<status status="PASS" start="2024-05-23T15:16:08.528463" elapsed="0.000166"/>
</kw>
<var name="${key}">location</var>
<status status="PASS" start="2024-05-23T15:16:08.526903" elapsed="0.001991"/>
</iter>
<iter>
<kw name="Dictionary Should Contain Key" owner="Collections">
<msg time="2024-05-23T15:16:08.529701" level="INFO">False</msg>
<arg>${json_data['results'][0]}</arg>
<arg>${key}</arg>
<doc>Fails if ``key`` is not found from ``dictionary``.</doc>
<status status="PASS" start="2024-05-23T15:16:08.529187" elapsed="0.000554"/>
</kw>
<kw name="Log" owner="BuiltIn">
<msg time="2024-05-23T15:16:08.530412" level="INFO">{'gender': 'male', 'name': {'title': 'Mr', 'first': 'Necati', 'last': 'Menemencioğlu'}, 'location': {'street': {'number': 7342, 'name': 'Fatih Sultan Mehmet Cd'}, 'city': 'Kırklareli', 'state': 'Denizli', 'country': 'Turkey', 'postcode': 29593, 'coordinates': {'latitude': '68.2040', 'longitude': '-73.8377'}, 'timezone': {'offset': '+4:30', 'description': 'Kabul'}}, 'email': 'necati.menemencioglu@example.com', 'login': {'uuid': 'b9abc733-8b8d-45bb-a4f4-89428b76eaf5', 'username': 'whitefish603', 'password': 'corleone', 'salt': 'GUG2wSTz', 'md5': 'd70d17d54661ad2f998cd582a6cc18af', 'sha1': '4a80f7836cd9528f58da627435211d76e48c6d40', 'sha256': '871d30a089dada14df64586af6e1b25d328b4fd8f9b40351ef051c895a8229d1'}, 'dob': {'date': '1977-05-13T20:31:59.166Z', 'age': 47}, 'registered': {'date': '2007-09-04T07:27:40.805Z', 'age': 16}, 'phone': '(574)-396-9396', 'cell': '(436)-266-5045', 'id': {'name': '', 'value': None}, 'picture': {'large': 'https://randomuser.me/api/portraits/men/17.jpg', 'medium': 'https://randomuser.me/api/portraits/med/men/17.jpg', 'thumbnail': 'https://randomuser.me/api/portraits/thumb/men/17.jpg'}, 'nat': 'TR'}</msg>
<arg>${json_data['results'][0]}</arg>
<doc>Logs the given message with the given level.</doc>
<status status="PASS" start="2024-05-23T15:16:08.530047" elapsed="0.000417"/>
</kw>
<kw name="Log" owner="BuiltIn">
<msg time="2024-05-23T15:16:08.530895" level="INFO">email</msg>
<arg>${key}</arg>
<doc>Logs the given message with the given level.</doc>
<status status="PASS" start="2024-05-23T15:16:08.530766" elapsed="0.000168"/>
</kw>
<var name="${key}">email</var>
<status status="PASS" start="2024-05-23T15:16:08.529073" elapsed="0.002077"/>
</iter>
<iter>
<kw name="Dictionary Should Contain Key" owner="Collections">
<msg time="2024-05-23T15:16:08.531831" level="INFO">False</msg>
<arg>${json_data['results'][0]}</arg>
<arg>${key}</arg>
<doc>Fails if ``key`` is not found from ``dictionary``.</doc>
<status status="PASS" start="2024-05-23T15:16:08.531448" elapsed="0.000421"/>
</kw>
<kw name="Log" owner="BuiltIn">
<msg time="2024-05-23T15:16:08.532542" level="INFO">{'gender': 'male', 'name': {'title': 'Mr', 'first': 'Necati', 'last': 'Menemencioğlu'}, 'location': {'street': {'number': 7342, 'name': 'Fatih Sultan Mehmet Cd'}, 'city': 'Kırklareli', 'state': 'Denizli', 'country': 'Turkey', 'postcode': 29593, 'coordinates': {'latitude': '68.2040', 'longitude': '-73.8377'}, 'timezone': {'offset': '+4:30', 'description': 'Kabul'}}, 'email': 'necati.menemencioglu@example.com', 'login': {'uuid': 'b9abc733-8b8d-45bb-a4f4-89428b76eaf5', 'username': 'whitefish603', 'password': 'corleone', 'salt': 'GUG2wSTz', 'md5': 'd70d17d54661ad2f998cd582a6cc18af', 'sha1': '4a80f7836cd9528f58da627435211d76e48c6d40', 'sha256': '871d30a089dada14df64586af6e1b25d328b4fd8f9b40351ef051c895a8229d1'}, 'dob': {'date': '1977-05-13T20:31:59.166Z', 'age': 47}, 'registered': {'date': '2007-09-04T07:27:40.805Z', 'age': 16}, 'phone': '(574)-396-9396', 'cell': '(436)-266-5045', 'id': {'name': '', 'value': None}, 'picture': {'large': 'https://randomuser.me/api/portraits/men/17.jpg', 'medium': 'https://randomuser.me/api/portraits/med/men/17.jpg', 'thumbnail': 'https://randomuser.me/api/portraits/thumb/men/17.jpg'}, 'nat': 'TR'}</msg>
<arg>${json_data['results'][0]}</arg>
<doc>Logs the given message with the given level.</doc>
<status status="PASS" start="2024-05-23T15:16:08.532171" elapsed="0.000423"/>
</kw>
<kw name="Log" owner="BuiltIn">
<msg time="2024-05-23T15:16:08.533047" level="INFO">login</msg>
<arg>${key}</arg>
<doc>Logs the given message with the given level.</doc>
<status status="PASS" start="2024-05-23T15:16:08.532919" elapsed="0.000166"/>
</kw>
<var name="${key}">login</var>
<status status="PASS" start="2024-05-23T15:16:08.531335" elapsed="0.001967"/>
</iter>
<var>${key}</var>
<value>@{expected_keys}</value>
<status status="PASS" start="2024-05-23T15:16:08.522173" elapsed="0.011281"/>
</for>
<kw name="Create List" owner="BuiltIn">
<msg time="2024-05-23T15:16:08.533795" level="INFO">${expected_keysTwo} = ['username', 'password']</msg>
<var>${expected_keysTwo}</var>
<arg>username</arg>
<arg>password</arg>
<doc>Returns a list containing given items.</doc>
<status status="PASS" start="2024-05-23T15:16:08.533658" elapsed="0.000161"/>
</kw>
<for flavor="IN">
<iter>
<kw name="Dictionary Should Contain Key" owner="Collections">
<msg time="2024-05-23T15:16:08.534701" level="INFO">False</msg>
<arg>${json_data['results'][0]['login']}</arg>
<arg>${keyTwo}</arg>
<doc>Fails if ``key`` is not found from ``dictionary``.</doc>
<status status="PASS" start="2024-05-23T15:16:08.534314" elapsed="0.000424"/>
</kw>
<kw name="Dictionary Should Contain Key" owner="Collections">
<msg time="2024-05-23T15:16:08.535428" level="INFO">False</msg>
<arg>${json_data['results'][0]['login']}</arg>
<arg>${keyTwo}</arg>
<doc>Fails if ``key`` is not found from ``dictionary``.</doc>
<status status="PASS" start="2024-05-23T15:16:08.535038" elapsed="0.000428"/>
</kw>
<kw name="Log" owner="BuiltIn">
<msg time="2024-05-23T15:16:08.535889" level="INFO">username</msg>
<arg>${keyTwo}</arg>
<doc>Logs the given message with the given level.</doc>
<status status="PASS" start="2024-05-23T15:16:08.535762" elapsed="0.000164"/>
</kw>
<var name="${keyTwo}">username</var>
<status status="PASS" start="2024-05-23T15:16:08.534206" elapsed="0.001934"/>
</iter>
<iter>
<kw name="Dictionary Should Contain Key" owner="Collections">
<msg time="2024-05-23T15:16:08.536863" level="INFO">False</msg>
<arg>${json_data['results'][0]['login']}</arg>
<arg>${keyTwo}</arg>
<doc>Fails if ``key`` is not found from ``dictionary``.</doc>
<status status="PASS" start="2024-05-23T15:16:08.536423" elapsed="0.000479"/>
</kw>
<kw name="Dictionary Should Contain Key" owner="Collections">
<msg time="2024-05-23T15:16:08.537575" level="INFO">False</msg>
<arg>${json_data['results'][0]['login']}</arg>
<arg>${keyTwo}</arg>
<doc>Fails if ``key`` is not found from ``dictionary``.</doc>
<status status="PASS" start="2024-05-23T15:16:08.537199" elapsed="0.000413"/>
</kw>
<kw name="Log" owner="BuiltIn">
<msg time="2024-05-23T15:16:08.538033" level="INFO">password</msg>
<arg>${keyTwo}</arg>
<doc>Logs the given message with the given level.</doc>
<status status="PASS" start="2024-05-23T15:16:08.537906" elapsed="0.000165"/>
</kw>
<var name="${keyTwo}">password</var>
<status status="PASS" start="2024-05-23T15:16:08.536314" elapsed="0.001974"/>
</iter>
<var>${keyTwo}</var>
<value>@{expected_keysTwo}</value>
<status status="PASS" start="2024-05-23T15:16:08.534055" elapsed="0.004353"/>
</for>
<status status="PASS" start="2024-05-23T15:16:08.423148" elapsed="0.115403"/>
</kw>
<doc>Testa a estrutura da resposta da API.</doc>
<tag>testeEstruturaResposta</tag>
<status status="PASS" start="2024-05-23T15:16:08.422376" elapsed="0.116337"/>
</test>
<test id="s1-s1-t4" name="Validar tipos de dados" line="28">
<kw name="Teste de Tipos de Dados" owner="random-user-service">
<kw name="GET On Session" owner="RequestsLibrary">
<msg time="2024-05-23T15:16:08.615214" level="INFO">GET Request : url=https://randomuser.me/api 
 path_url=/api 
 headers={'User-Agent': 'python-requests/2.32.2', 'Accept-Encoding': 'gzip, deflate', 'Accept': '*/*', 'Connection': 'keep-alive'} 
 body=None 
 </msg>
<msg time="2024-05-23T15:16:08.615285" level="INFO">GET Response : url=https://randomuser.me/api 
 status=200, reason=OK 
 headers={'Date': 'Thu, 23 May 2024 15:16:08 GMT', 'Content-Type': 'application/json; charset=utf-8', 'Transfer-Encoding': 'chunked', 'Connection': 'keep-alive', 'X-Powered-By': 'Express', 'Access-Control-Allow-Origin': '*', 'Cache-Control': 'no-cache', 'ETag': 'W/"496-VNQRkLWz/SmEuYJ8BYBN+79gRcU"', 'Vary': 'Accept-Encoding', 'Content-Encoding': 'gzip', 'CF-Cache-Status': 'DYNAMIC', 'Report-To': '{"endpoints":[{"url":"https:\\/\\/a.nel.cloudflare.com\\/report\\/v4?s=uBIqRZwlblaxhaEm838OlqFZq041IwY1vxm0zQ1s%2FC1sYuJa%2BQUIYY%2FEbGRcAKs4wnZv2gE%2BkLZjuvYGVV%2B3YREzicKNPLh8CIxviNe4LGQwKUfRnxX7i1Gbz%2FdhrxHw"}],"group":"cf-nel","max_age":604800}', 'NEL': '{"success_fraction":0,"report_to":"cf-nel","max_age":604800}', 'Server': 'cloudflare', 'CF-RAY': '888601616db62d55-ORD', 'alt-svc': 'h3=":443"; ma=86400'} 
 body={"results":[{"gender":"male","name":{"title":"Mr","first":"Aymeric","last":"Vidal"},"location":{"street":{"number":821,"name":"Place Paul-Duquaire"},"city":"Montreuil","state":"Alpes-de-Haute-Provence","country":"France","postcode":22158,"coordinates":{"latitude":"-14.0950","longitude":"-116.4295"},"timezone":{"offset":"-2:00","description":"Mid-Atlantic"}},"email":"aymeric.vidal@example.com","login":{"uuid":"1f614802-c918-4e0b-bbc9-70add0c553b0","username":"silverlion528","password":"rainman","salt":"YKgF5cSC","md5":"25d33b432bc382c8bc4d4de5b7eee109","sha1":"01001739407aaa318d5fceae7deafaf94994acad","sha256":"036e6fe6e7493d0e85ee868558bdfc88833541230e907a81b295b70f56f20070"},"dob":{"date":"1944-09-29T12:05:09.288Z","age":79},"registered":{"date":"2014-11-20T15:27:28.642Z","age":9},"phone":"05-07-33-17-06","cell":"06-88-50-56-74","id":{"name":"INSEE","value":"1440869073418 47"},"picture":{"large":"https://randomuser.me/api/portraits/men/83.jpg","medium":"https://randomuser.me/api/portraits/med/men/83.jpg","thumbnail":"https://randomuser.me/api/portraits/thumb/men/83.jpg"},"nat":"FR"}],"info":{"seed":"0080d3d6671fcfa4","results":1,"page":1,"version":"1.4"}} 
 </msg>
<msg time="2024-05-23T15:16:08.615348" level="INFO">/opt/hostedtoolcache/Python/3.12.3/x64/lib/python3.12/site-packages/urllib3/connectionpool.py:1103: InsecureRequestWarning: Unverified HTTPS request is being made to host 'randomuser.me'. Adding certificate verification is strongly advised. See: https://urllib3.readthedocs.io/en/latest/advanced-usage.html#tls-warnings
  warnings.warn(</msg>
<msg time="2024-05-23T15:16:08.615440" level="INFO">${response} = &lt;Response [200]&gt;</msg>
<var>${response}</var>
<arg>consultarAPI</arg>
<arg>/api</arg>
<doc>Sends a GET request on a previously created HTTP Session.</doc>
<status status="PASS" start="2024-05-23T15:16:08.541224" elapsed="0.074241"/>
</kw>
<kw name="Set Variable" owner="BuiltIn">
<msg time="2024-05-23T15:16:08.616339" level="INFO">${json_data} = {'results': [{'gender': 'male', 'name': {'title': 'Mr', 'first': 'Aymeric', 'last': 'Vidal'}, 'location': {'street': {'number': 821, 'name': 'Place Paul-Duquaire'}, 'city': 'Montreuil', 'state': 'Alpe...</msg>
<var>${json_data}</var>
<arg>${response.json()}</arg>
<doc>Returns the given values which can then be assigned to a variables.</doc>
<status status="PASS" start="2024-05-23T15:16:08.615879" elapsed="0.000490"/>
</kw>
<kw name="Log" owner="BuiltIn">
<msg time="2024-05-23T15:16:08.616889" level="INFO">{'results': [{'gender': 'male', 'name': {'title': 'Mr', 'first': 'Aymeric', 'last': 'Vidal'}, 'location': {'street': {'number': 821, 'name': 'Place Paul-Duquaire'}, 'city': 'Montreuil', 'state': 'Alpes-de-Haute-Provence', 'country': 'France', 'postcode': 22158, 'coordinates': {'latitude': '-14.0950', 'longitude': '-116.4295'}, 'timezone': {'offset': '-2:00', 'description': 'Mid-Atlantic'}}, 'email': 'aymeric.vidal@example.com', 'login': {'uuid': '1f614802-c918-4e0b-bbc9-70add0c553b0', 'username': 'silverlion528', 'password': 'rainman', 'salt': 'YKgF5cSC', 'md5': '25d33b432bc382c8bc4d4de5b7eee109', 'sha1': '01001739407aaa318d5fceae7deafaf94994acad', 'sha256': '036e6fe6e7493d0e85ee868558bdfc88833541230e907a81b295b70f56f20070'}, 'dob': {'date': '1944-09-29T12:05:09.288Z', 'age': 79}, 'registered': {'date': '2014-11-20T15:27:28.642Z', 'age': 9}, 'phone': '05-07-33-17-06', 'cell': '06-88-50-56-74', 'id': {'name': 'INSEE', 'value': '1440869073418 47'}, 'picture': {'large': 'https://randomuser.me/api/portraits/men/83.jpg', 'medium': 'https://randomuser.me/api/portraits/med/men/83.jpg', 'thumbnail': 'https://randomuser.me/api/portraits/thumb/men/83.jpg'}, 'nat': 'FR'}], 'info': {'seed': '0080d3d6671fcfa4', 'results': 1, 'page': 1, 'version': '1.4'}}</msg>
<arg>${json_data}</arg>
<doc>Logs the given message with the given level.</doc>
<status status="PASS" start="2024-05-23T15:16:08.616716" elapsed="0.000267"/>
</kw>
<kw name="Should Be String" owner="String">
<arg>${json_data['results'][0]['gender']}</arg>
<doc>Fails if the given ``item`` is not a string.</doc>
<status status="PASS" start="2024-05-23T15:16:08.617292" elapsed="0.000383"/>
</kw>
<kw name="Should Match Regexp" owner="BuiltIn">
<arg>${json_data['results'][0]['email']}</arg>
<arg>^[a-zA-Z0-9._%+-]+@[a-zA-Z0-9.-]+\.[a-zA-Z]{2,}$</arg>
<doc>Fails if ``string`` does not match ``pattern`` as a regular expression.</doc>
<status status="PASS" start="2024-05-23T15:16:08.617871" elapsed="0.000659"/>
</kw>
<kw name="Should Match Regexp" owner="BuiltIn">
<arg>${json_data['results'][0]['dob']['date']}</arg>
<arg>\\d{4}-\\d{2}-\\d{2}T\\d{2}:\\d{2}:\\d{2}\\.\\d{3}Z</arg>
<doc>Fails if ``string`` does not match ``pattern`` as a regular expression.</doc>
<status status="PASS" start="2024-05-23T15:16:08.618733" elapsed="0.000491"/>
</kw>
<kw name="Should Match Regexp" owner="BuiltIn">
<arg>${json_data['results'][0]['registered']['date']}</arg>
<arg>\\d{4}-\\d{2}-\\d{2}T\\d{2}:\\d{2}:\\d{2}\\.\\d{3}Z</arg>
<doc>Fails if ``string`` does not match ``pattern`` as a regular expression.</doc>
<status status="PASS" start="2024-05-23T15:16:08.619420" elapsed="0.000374"/>
</kw>
<kw name="Should Match Regexp" owner="BuiltIn">
<arg>${json_data['results'][0]['picture']['large']}</arg>
<arg>^https?://.*\.(?:png|jpe?g|gif|bmp)$</arg>
<doc>Fails if ``string`` does not match ``pattern`` as a regular expression.</doc>
<status status="PASS" start="2024-05-23T15:16:08.619989" elapsed="0.000471"/>
</kw>
<kw name="Should Match Regexp" owner="BuiltIn">
<arg>${json_data['results'][0]['picture']['medium']}</arg>
<arg>^https?://.*\.(?:png|jpe?g|gif|bmp)$</arg>
<doc>Fails if ``string`` does not match ``pattern`` as a regular expression.</doc>
<status status="PASS" start="2024-05-23T15:16:08.620685" elapsed="0.000374"/>
</kw>
<kw name="Should Match Regexp" owner="BuiltIn">
<arg>${json_data['results'][0]['picture']['thumbnail']}</arg>
<arg>^https?://.*\.(?:png|jpe?g|gif|bmp)$</arg>
<doc>Fails if ``string`` does not match ``pattern`` as a regular expression.</doc>
<status status="PASS" start="2024-05-23T15:16:08.621251" elapsed="0.000348"/>
</kw>
<kw name="Log" owner="BuiltIn">
<msg time="2024-05-23T15:16:08.622104" level="INFO">{'large': 'https://randomuser.me/api/portraits/men/83.jpg', 'medium': 'https://randomuser.me/api/portraits/med/men/83.jpg', 'thumbnail': 'https://randomuser.me/api/portraits/thumb/men/83.jpg'}</msg>
<arg>${json_data['results'][0]['picture']}</arg>
<doc>Logs the given message with the given level.</doc>
<status status="PASS" start="2024-05-23T15:16:08.621783" elapsed="0.000363"/>
</kw>
<status status="PASS" start="2024-05-23T15:16:08.540978" elapsed="0.081438"/>
</kw>
<kw name="Teste de Tipos de Dados - Postcode" owner="random-user-service">
<kw name="GET On Session" owner="RequestsLibrary">
<msg time="2024-05-23T15:16:08.711860" level="INFO">GET Request : url=https://randomuser.me/api 
 path_url=/api 
 headers={'User-Agent': 'python-requests/2.32.2', 'Accept-Encoding': 'gzip, deflate', 'Accept': '*/*', 'Connection': 'keep-alive'} 
 body=None 
 </msg>
<msg time="2024-05-23T15:16:08.711942" level="INFO">GET Response : url=https://randomuser.me/api 
 status=200, reason=OK 
 headers={'Date': 'Thu, 23 May 2024 15:16:08 GMT', 'Content-Type': 'application/json; charset=utf-8', 'Transfer-Encoding': 'chunked', 'Connection': 'keep-alive', 'X-Powered-By': 'Express', 'Access-Control-Allow-Origin': '*', 'Cache-Control': 'no-cache', 'ETag': 'W/"486-U1ichatA6zPiJty16NjXzRGQtSk"', 'Vary': 'Accept-Encoding', 'Content-Encoding': 'gzip', 'CF-Cache-Status': 'DYNAMIC', 'Report-To': '{"endpoints":[{"url":"https:\\/\\/a.nel.cloudflare.com\\/report\\/v4?s=8X6ILH0RIwk%2BFSrMD9yb8PBRSUxoroYF3aG63k5Eof78Nl%2FrQnX578klCI8mzTgmn8pU1jAhxGLKCc6psn8x2YKKN2GVVcicKuVqQ4%2BfCrf1U8WjmewVV%2F%2FCXQ%2BPoCM%2B"}],"group":"cf-nel","max_age":604800}', 'NEL': '{"success_fraction":0,"report_to":"cf-nel","max_age":604800}', 'Server': 'cloudflare', 'CF-RAY': '88860161ee552d55-ORD', 'alt-svc': 'h3=":443"; ma=86400'} 
 body={"results":[{"gender":"female","name":{"title":"Mrs","first":"Tatiana","last":"Orlić"},"location":{"street":{"number":1798,"name":"Jakova Serskog"},"city":"Kragujevac","state":"Jablanica","country":"Serbia","postcode":26643,"coordinates":{"latitude":"58.4291","longitude":"141.2890"},"timezone":{"offset":"+9:30","description":"Adelaide, Darwin"}},"email":"tatiana.orlic@example.com","login":{"uuid":"d77e2451-2ab9-44dc-b70f-cbb7d8ba9337","username":"yellowrabbit730","password":"100000","salt":"QRLq3XUD","md5":"b507a2fc9be333c891210dc1eadb4583","sha1":"45142812d43f427398c4e3aeb451f328161a829b","sha256":"64e52778bff47d605264371e32c1f0db62f5771ada5389692b37fada30a2c6b2"},"dob":{"date":"1985-10-13T23:48:11.486Z","age":38},"registered":{"date":"2012-01-24T00:39:52.352Z","age":12},"phone":"027-6522-411","cell":"062-3041-890","id":{"name":"SID","value":"259757088"},"picture":{"large":"https://randomuser.me/api/portraits/women/84.jpg","medium":"https://randomuser.me/api/portraits/med/women/84.jpg","thumbnail":"https://randomuser.me/api/portraits/thumb/women/84.jpg"},"nat":"RS"}],"info":{"seed":"9c6a4126b40cae09","results":1,"page":1,"version":"1.4"}} 
 </msg>
<msg time="2024-05-23T15:16:08.712016" level="INFO">/opt/hostedtoolcache/Python/3.12.3/x64/lib/python3.12/site-packages/urllib3/connectionpool.py:1103: InsecureRequestWarning: Unverified HTTPS request is being made to host 'randomuser.me'. Adding certificate verification is strongly advised. See: https://urllib3.readthedocs.io/en/latest/advanced-usage.html#tls-warnings
  warnings.warn(</msg>
<msg time="2024-05-23T15:16:08.712128" level="INFO">${response} = &lt;Response [200]&gt;</msg>
<var>${response}</var>
<arg>consultarAPI</arg>
<arg>/api</arg>
<doc>Sends a GET request on a previously created HTTP Session.</doc>
<status status="PASS" start="2024-05-23T15:16:08.622864" elapsed="0.089311"/>
</kw>
<kw name="Set Variable" owner="BuiltIn">
<msg time="2024-05-23T15:16:08.713105" level="INFO">${json_data} = {'results': [{'gender': 'female', 'name': {'title': 'Mrs', 'first': 'Tatiana', 'last': 'Orlić'}, 'location': {'street': {'number': 1798, 'name': 'Jakova Serskog'}, 'city': 'Kragujevac', 'state': 'Jabl...</msg>
<var>${json_data}</var>
<arg>${response.json()}</arg>
<doc>Returns the given values which can then be assigned to a variables.</doc>
<status status="PASS" start="2024-05-23T15:16:08.712597" elapsed="0.000539"/>
</kw>
<kw name="Log" owner="BuiltIn">
<msg time="2024-05-23T15:16:08.713618" level="INFO">{'results': [{'gender': 'female', 'name': {'title': 'Mrs', 'first': 'Tatiana', 'last': 'Orlić'}, 'location': {'street': {'number': 1798, 'name': 'Jakova Serskog'}, 'city': 'Kragujevac', 'state': 'Jablanica', 'country': 'Serbia', 'postcode': 26643, 'coordinates': {'latitude': '58.4291', 'longitude': '141.2890'}, 'timezone': {'offset': '+9:30', 'description': 'Adelaide, Darwin'}}, 'email': 'tatiana.orlic@example.com', 'login': {'uuid': 'd77e2451-2ab9-44dc-b70f-cbb7d8ba9337', 'username': 'yellowrabbit730', 'password': '100000', 'salt': 'QRLq3XUD', 'md5': 'b507a2fc9be333c891210dc1eadb4583', 'sha1': '45142812d43f427398c4e3aeb451f328161a829b', 'sha256': '64e52778bff47d605264371e32c1f0db62f5771ada5389692b37fada30a2c6b2'}, 'dob': {'date': '1985-10-13T23:48:11.486Z', 'age': 38}, 'registered': {'date': '2012-01-24T00:39:52.352Z', 'age': 12}, 'phone': '027-6522-411', 'cell': '062-3041-890', 'id': {'name': 'SID', 'value': '259757088'}, 'picture': {'large': 'https://randomuser.me/api/portraits/women/84.jpg', 'medium': 'https://randomuser.me/api/portraits/med/women/84.jpg', 'thumbnail': 'https://randomuser.me/api/portraits/thumb/women/84.jpg'}, 'nat': 'RS'}], 'info': {'seed': '9c6a4126b40cae09', 'results': 1, 'page': 1, 'version': '1.4'}}</msg>
<arg>${json_data}</arg>
<doc>Logs the given message with the given level.</doc>
<status status="PASS" start="2024-05-23T15:16:08.713459" elapsed="0.000244"/>
</kw>
<kw name="Should Be Equal As Numbers" owner="BuiltIn">
<arg>${json_data['results'][0]['location']['postcode']}</arg>
<arg>${json_data['results'][0]['location']['postcode']}</arg>
<doc>Fails if objects are unequal after converting them to real numbers.</doc>
<status status="PASS" start="2024-05-23T15:16:08.714021" elapsed="0.000643"/>
</kw>
<kw name="Log" owner="BuiltIn">
<msg time="2024-05-23T15:16:08.715193" level="INFO">26643</msg>
<arg>${json_data['results'][0]['location']['postcode']}</arg>
<doc>Logs the given message with the given level.</doc>
<status status="PASS" start="2024-05-23T15:16:08.714857" elapsed="0.000378"/>
</kw>
<status status="PASS" start="2024-05-23T15:16:08.622639" elapsed="0.092854"/>
</kw>
<doc>Testa se os tipos de dados na resposta da API estão corretos.</doc>
<tag>testeTiposDados</tag>
<status status="PASS" start="2024-05-23T15:16:08.540454" elapsed="0.175242"/>
</test>
<test id="s1-s1-t5" name="Validar conteudo" line="35">
<kw name="Teste de Tipos de Conteudo" owner="random-user-service">
<kw name="GET On Session" owner="RequestsLibrary">
<msg time="2024-05-23T15:16:08.823196" level="INFO">GET Request : url=https://randomuser.me/api 
 path_url=/api 
 headers={'User-Agent': 'python-requests/2.32.2', 'Accept-Encoding': 'gzip, deflate', 'Accept': '*/*', 'Connection': 'keep-alive'} 
 body=None 
 </msg>
<msg time="2024-05-23T15:16:08.823282" level="INFO">GET Response : url=https://randomuser.me/api 
 status=200, reason=OK 
 headers={'Date': 'Thu, 23 May 2024 15:16:08 GMT', 'Content-Type': 'application/json; charset=utf-8', 'Transfer-Encoding': 'chunked', 'Connection': 'keep-alive', 'X-Powered-By': 'Express', 'Access-Control-Allow-Origin': '*', 'Cache-Control': 'no-cache', 'ETag': 'W/"478-697rBO9R1j+6c1xivtLc1dsQIpU"', 'Vary': 'Accept-Encoding', 'Content-Encoding': 'gzip', 'CF-Cache-Status': 'DYNAMIC', 'Report-To': '{"endpoints":[{"url":"https:\\/\\/a.nel.cloudflare.com\\/report\\/v4?s=5laiXt9CMJ4jOS%2BtUUPrRAxfxQw00uqPMumGUc2WvLiDK8bFBZIHwgmPz%2FYD7LdVW%2FnVSV7AVllShJ4sf2E0gYKepKQVqjdGmeUaZZeU%2FV3ZVQ3IBDzkTzaydmqnFMRj"}],"group":"cf-nel","max_age":604800}', 'NEL': '{"success_fraction":0,"report_to":"cf-nel","max_age":604800}', 'Server': 'cloudflare', 'CF-RAY': '888601627ef22d55-ORD', 'alt-svc': 'h3=":443"; ma=86400'} 
 body={"results":[{"gender":"male","name":{"title":"Mr","first":"Thomas","last":"Nazari"},"location":{"street":{"number":163,"name":"Griniveien"},"city":"Jansberg","state":"Buskerud","country":"Norway","postcode":"1379","coordinates":{"latitude":"38.6048","longitude":"-9.6077"},"timezone":{"offset":"-7:00","description":"Mountain Time (US &amp; Canada)"}},"email":"thomas.nazari@example.com","login":{"uuid":"e9204537-bb55-4bc1-b247-fa3bf8d9e02e","username":"crazyladybug944","password":"benito","salt":"TSvvSXhT","md5":"3fa5d225b9839b9d7e5c5adbdcae8aee","sha1":"f080776aa0ae9e3d55918b5c31a883522818c117","sha256":"cc6ff236b336fc0b0aac28b521dbfadfb619693c8d69af3bd754fc08f6a65ecd"},"dob":{"date":"1981-03-21T06:18:09.386Z","age":43},"registered":{"date":"2006-12-08T15:50:59.042Z","age":17},"phone":"85869019","cell":"42034316","id":{"name":"FN","value":"21038106101"},"picture":{"large":"https://randomuser.me/api/portraits/men/70.jpg","medium":"https://randomuser.me/api/portraits/med/men/70.jpg","thumbnail":"https://randomuser.me/api/portraits/thumb/men/70.jpg"},"nat":"NO"}],"info":{"seed":"799ea830728c59d9","results":1,"page":1,"version":"1.4"}} 
 </msg>
<msg time="2024-05-23T15:16:08.823358" level="INFO">/opt/hostedtoolcache/Python/3.12.3/x64/lib/python3.12/site-packages/urllib3/connectionpool.py:1103: InsecureRequestWarning: Unverified HTTPS request is being made to host 'randomuser.me'. Adding certificate verification is strongly advised. See: https://urllib3.readthedocs.io/en/latest/advanced-usage.html#tls-warnings
  warnings.warn(</msg>
<msg time="2024-05-23T15:16:08.823475" level="INFO">${response} = &lt;Response [200]&gt;</msg>
<var>${response}</var>
<arg>consultarAPI</arg>
<arg>/api</arg>
<doc>Sends a GET request on a previously created HTTP Session.</doc>
<status status="PASS" start="2024-05-23T15:16:08.718279" elapsed="0.105237"/>
</kw>
<kw name="Set Variable" owner="BuiltIn">
<msg time="2024-05-23T15:16:08.824440" level="INFO">${json_data} = {'results': [{'gender': 'male', 'name': {'title': 'Mr', 'first': 'Thomas', 'last': 'Nazari'}, 'location': {'street': {'number': 163, 'name': 'Griniveien'}, 'city': 'Jansberg', 'state': 'Buskerud', 'co...</msg>
<var>${json_data}</var>
<arg>${response.json()}</arg>
<doc>Returns the given values which can then be assigned to a variables.</doc>
<status status="PASS" start="2024-05-23T15:16:08.823981" elapsed="0.000490"/>
</kw>
<kw name="Set Variable" owner="BuiltIn">
<msg time="2024-05-23T15:16:08.825210" level="INFO">${name_title} = Mr</msg>
<var>${name_title}</var>
<arg>${json_data["results"][0]["name"]["title"]}</arg>
<doc>Returns the given values which can then be assigned to a variables.</doc>
<status status="PASS" start="2024-05-23T15:16:08.824826" elapsed="0.000410"/>
</kw>
<kw name="Create List" owner="BuiltIn">
<msg time="2024-05-23T15:16:08.825687" level="INFO">${allowed_titles} = ['Mr', 'Ms', 'Miss', 'Mrs', 'Madame', 'Monsieur']</msg>
<var>${allowed_titles}</var>
<arg>Mr</arg>
<arg>Ms</arg>
<arg>Miss</arg>
<arg>Mrs</arg>
<arg>Madame</arg>
<arg>Monsieur</arg>
<doc>Returns a list containing given items.</doc>
<status status="PASS" start="2024-05-23T15:16:08.825538" elapsed="0.000173"/>
</kw>
<kw name="List Should Contain Value" owner="Collections">
<msg time="2024-05-23T15:16:08.826180" level="INFO">False</msg>
<arg>${allowed_titles}</arg>
<arg>${name_title}</arg>
<doc>Fails if the ``value`` is not found from ``list``.</doc>
<status status="PASS" start="2024-05-23T15:16:08.826009" elapsed="0.000208"/>
</kw>
<kw name="Set Variable" owner="BuiltIn">
<msg time="2024-05-23T15:16:08.827040" level="INFO">${name_country} = NO</msg>
<var>${name_country}</var>
<arg>${json_data["results"][0]["nat"]}</arg>
<doc>Returns the given values which can then be assigned to a variables.</doc>
<status status="PASS" start="2024-05-23T15:16:08.826515" elapsed="0.000551"/>
</kw>
<kw name="Create List" owner="BuiltIn">
<msg time="2024-05-23T15:16:08.827974" level="INFO">${list_country} = ['AD', 'AE', 'AF', 'AG', 'AI', 'AL', 'AM', 'AO', 'AQ', 'AR', 'AS', 'AT', 'AU', 'AW', 'AX', 'AZ', 'BA', 'BB', 'BD', 'BE', 'BF', 'BG', 'BH', 'BI', 'BJ', 'BL', 'BM', 'BN', 'BO', 'BQ', 'BR', 'BS', 'BT', '...</msg>
<var>${list_country}</var>
<arg>AD</arg>
<arg>AE</arg>
<arg>AF</arg>
<arg>AG</arg>
<arg>AI</arg>
<arg>AL</arg>
<arg>AM</arg>
<arg>AO</arg>
<arg>AQ</arg>
<arg>AR</arg>
<arg>AS</arg>
<arg>AT</arg>
<arg>AU</arg>
<arg>AW</arg>
<arg>AX</arg>
<arg>AZ</arg>
<arg>BA</arg>
<arg>BB</arg>
<arg>BD</arg>
<arg>BE</arg>
<arg>BF</arg>
<arg>BG</arg>
<arg>BH</arg>
<arg>BI</arg>
<arg>BJ</arg>
<arg>BL</arg>
<arg>BM</arg>
<arg>BN</arg>
<arg>BO</arg>
<arg>BQ</arg>
<arg>BR</arg>
<arg>BS</arg>
<arg>BT</arg>
<arg>BV</arg>
<arg>BW</arg>
<arg>BY</arg>
<arg>BZ</arg>
<arg>CA</arg>
<arg>CC</arg>
<arg>CD</arg>
<arg>CF</arg>
<arg>CG</arg>
<arg>CH</arg>
<arg>CI</arg>
<arg>CK</arg>
<arg>CL</arg>
<arg>CM</arg>
<arg>CN</arg>
<arg>CO</arg>
<arg>CR</arg>
<arg>CU</arg>
<arg>CV</arg>
<arg>CW</arg>
<arg>CX</arg>
<arg>CY</arg>
<arg>CZ</arg>
<arg>DE</arg>
<arg>DJ</arg>
<arg>DK</arg>
<arg>DM</arg>
<arg>DO</arg>
<arg>DZ</arg>
<arg>EC</arg>
<arg>EE</arg>
<arg>EG</arg>
<arg>EH</arg>
<arg>ER</arg>
<arg>ES</arg>
<arg>ET</arg>
<arg>FI</arg>
<arg>FJ</arg>
<arg>FK</arg>
<arg>FM</arg>
<arg>FO</arg>
<arg>FR</arg>
<arg>GA</arg>
<arg>GB</arg>
<arg>GD</arg>
<arg>GE</arg>
<arg>GF</arg>
<arg>GG</arg>
<arg>GH</arg>
<arg>GI</arg>
<arg>GL</arg>
<arg>GM</arg>
<arg>GN</arg>
<arg>GP</arg>
<arg>GQ</arg>
<arg>GR</arg>
<arg>GS</arg>
<arg>GT</arg>
<arg>GU</arg>
<arg>GW</arg>
<arg>GY</arg>
<arg>HK</arg>
<arg>HM</arg>
<arg>HN</arg>
<arg>HR</arg>
<arg>HT</arg>
<arg>HU</arg>
<arg>ID</arg>
<arg>IE</arg>
<arg>IL</arg>
<arg>IM</arg>
<arg>IN</arg>
<arg>IO</arg>
<arg>IQ</arg>
<arg>IR</arg>
<arg>IS</arg>
<arg>IT</arg>
<arg>JE</arg>
<arg>JM</arg>
<arg>JO</arg>
<arg>JP</arg>
<arg>KE</arg>
<arg>KG</arg>
<arg>KH</arg>
<arg>KI</arg>
<arg>KM</arg>
<arg>KN</arg>
<arg>KP</arg>
<arg>KR</arg>
<arg>KW</arg>
<arg>KY</arg>
<arg>KZ</arg>
<arg>LA</arg>
<arg>LB</arg>
<arg>LC</arg>
<arg>LI</arg>
<arg>LK</arg>
<arg>LR</arg>
<arg>LS</arg>
<arg>LT</arg>
<arg>LU</arg>
<arg>LV</arg>
<arg>LY</arg>
<arg>MA</arg>
<arg>MC</arg>
<arg>MD</arg>
<arg>ME</arg>
<arg>MF</arg>
<arg>MG</arg>
<arg>MH</arg>
<arg>MK</arg>
<arg>ML</arg>
<arg>MM</arg>
<arg>MN</arg>
<arg>MO</arg>
<arg>MP</arg>
<arg>MQ</arg>
<arg>MR</arg>
<arg>MS</arg>
<arg>MT</arg>
<arg>MU</arg>
<arg>MV</arg>
<arg>MW</arg>
<arg>MX</arg>
<arg>MY</arg>
<arg>MZ</arg>
<arg>NA</arg>
<arg>NC</arg>
<arg>NE</arg>
<arg>NF</arg>
<arg>NG</arg>
<arg>NI</arg>
<arg>NL</arg>
<arg>NO</arg>
<arg>NP</arg>
<arg>NR</arg>
<arg>NU</arg>
<arg>NZ</arg>
<arg>OM</arg>
<arg>PA</arg>
<arg>PE</arg>
<arg>PF</arg>
<arg>PG</arg>
<arg>PH</arg>
<arg>PK</arg>
<arg>PL</arg>
<arg>PM</arg>
<arg>PN</arg>
<arg>PR</arg>
<arg>PS</arg>
<arg>PT</arg>
<arg>PW</arg>
<arg>PY</arg>
<arg>QA</arg>
<arg>RE</arg>
<arg>RO</arg>
<arg>RS</arg>
<arg>RU</arg>
<arg>RW</arg>
<arg>SA</arg>
<arg>SB</arg>
<arg>SC</arg>
<arg>SD</arg>
<arg>SE</arg>
<arg>SG</arg>
<arg>SH</arg>
<arg>SI</arg>
<arg>SJ</arg>
<arg>SK</arg>
<arg>SL</arg>
<arg>SM</arg>
<arg>SN</arg>
<arg>SO</arg>
<arg>SR</arg>
<arg>SS</arg>
<arg>ST</arg>
<arg>SV</arg>
<arg>SX</arg>
<arg>SY</arg>
<arg>SZ</arg>
<arg>TC</arg>
<arg>TD</arg>
<arg>TF</arg>
<arg>TG</arg>
<arg>TH</arg>
<arg>TJ</arg>
<arg>TK</arg>
<arg>TL</arg>
<arg>TM</arg>
<arg>TN</arg>
<arg>TO</arg>
<arg>TR</arg>
<arg>TT</arg>
<arg>TV</arg>
<arg>TW</arg>
<arg>TZ</arg>
<arg>UA</arg>
<arg>UG</arg>
<arg>UM</arg>
<arg>US</arg>
<arg>UY</arg>
<arg>UZ</arg>
<arg>VA</arg>
<arg>VC</arg>
<arg>VE</arg>
<arg>VG</arg>
<arg>VI</arg>
<arg>VN</arg>
<arg>VU</arg>
<arg>WF</arg>
<arg>WS</arg>
<arg>XK</arg>
<arg>YE</arg>
<arg>YT</arg>
<arg>ZA</arg>
<arg>ZM</arg>
<arg>ZW</arg>
<doc>Returns a list containing given items.</doc>
<status status="PASS" start="2024-05-23T15:16:08.827377" elapsed="0.000622"/>
</kw>
<kw name="List Should Contain Value" owner="Collections">
<msg time="2024-05-23T15:16:08.829023" level="INFO">False</msg>
<arg>${list_country}</arg>
<arg>${name_country}</arg>
<doc>Fails if the ``value`` is not found from ``list``.</doc>
<status status="PASS" start="2024-05-23T15:16:08.828819" elapsed="0.000240"/>
</kw>
<kw name="Run Keyword If" owner="BuiltIn">
<kw name="Should Be True" owner="BuiltIn">
<arg>${True}</arg>
<doc>Fails if the given condition is not true.</doc>
<status status="PASS" start="2024-05-23T15:16:08.830143" elapsed="0.000144"/>
</kw>
<arg>${json_data["results"][0]["location"]["coordinates"]["latitude"]} &gt;= -90 and ${json_data["results"][0]["location"]["coordinates"]["latitude"]} &lt;= 90</arg>
<arg>Should Be True</arg>
<arg>${True}</arg>
<doc>Runs the given keyword with the given arguments, if ``condition`` is true.</doc>
<status status="PASS" start="2024-05-23T15:16:08.829387" elapsed="0.001030"/>
</kw>
<kw name="Run Keyword If" owner="BuiltIn">
<kw name="Should Be True" owner="BuiltIn">
<arg>${True}</arg>
<doc>Fails if the given condition is not true.</doc>
<status status="PASS" start="2024-05-23T15:16:08.831313" elapsed="0.000138"/>
</kw>
<arg>${json_data["results"][0]["location"]["coordinates"]["longitude"]} &gt;= -180 and ${json_data["results"][0]["location"]["coordinates"]["longitude"]} &lt;= 180</arg>
<arg>Should Be True</arg>
<arg>${True}</arg>
<doc>Runs the given keyword with the given arguments, if ``condition`` is true.</doc>
<status status="PASS" start="2024-05-23T15:16:08.830606" elapsed="0.000969"/>
</kw>
<status status="PASS" start="2024-05-23T15:16:08.718050" elapsed="0.113654"/>
</kw>
<doc>Testa o conteúdo específico dos campos retornados pela API.</doc>
<tag>testeConteudo</tag>
<status status="PASS" start="2024-05-23T15:16:08.717591" elapsed="0.114257"/>
</test>
<status status="PASS" start="2024-05-23T15:16:07.870628" elapsed="0.963203"/>
</suite>
<status status="PASS" start="2024-05-23T15:16:07.857087" elapsed="0.981890"/>
</suite>
<statistics>
<total>
<stat pass="5" fail="0" skip="0">All Tests</stat>
</total>
<tag>
<stat pass="1" fail="0" skip="0">testeConteudo</stat>
<stat pass="1" fail="0" skip="0">testeEstruturaResposta</stat>
<stat pass="1" fail="0" skip="0">testeRequisicaoBasica</stat>
<stat pass="1" fail="0" skip="0">testeTiposDados</stat>
</tag>
<suite>
<stat pass="5" fail="0" skip="0" id="s1" name="Tests">Tests</stat>
<stat pass="5" fail="0" skip="0" id="s1-s1" name="Random-User-Test">Tests.Random-User-Test</stat>
</suite>
</statistics>
<errors>
</errors>
</robot>
