<?xml version="1.0" encoding="UTF-8"?>
<robot generator="Robot 7.0 (Python 3.12.2 on linux)" generated="2024-04-17T01:56:27.730307" rpa="false" schemaversion="5">
<suite id="s1" name="Tests" source="/home/runner/work/DesafioQAItauRogerioJordao/DesafioQAItauRogerioJordao/RamdonUser/tests">
<suite id="s1-s1" name="Random-User-Test" source="/home/runner/work/DesafioQAItauRogerioJordao/DesafioQAItauRogerioJordao/RamdonUser/tests/random-user-test.robot">
<test id="s1-s1-t1" name="Conectar" line="13">
<kw name="Conectar API" owner="random-user-service">
<kw name="Create Session" owner="RequestsLibrary">
<msg time="2024-04-17T01:56:28.087293" level="INFO">Creating Session using : alias=consultarAPI, url=https://randomuser.me/, headers={},                     cookies={}, auth=None, timeout=None, proxies=None, verify=False,                     debug=0 </msg>
<arg>consultarAPI</arg>
<arg>${URL}</arg>
<doc>Create Session: create a HTTP session to a server</doc>
<status status="PASS" start="2024-04-17T01:56:28.087086" elapsed="0.000446"/>
</kw>
<status status="PASS" start="2024-04-17T01:56:28.086044" elapsed="0.001869"/>
</kw>
<status status="PASS" start="2024-04-17T01:56:28.085441" elapsed="0.002679"/>
</test>
<test id="s1-s1-t2" name="Validar retorno 200 e JSON Válido" line="16">
<kw name="Teste de Requisicao Basica" owner="random-user-service">
<kw name="GET On Session" owner="RequestsLibrary">
<msg time="2024-04-17T01:56:28.257754" level="INFO">GET Request : url=https://randomuser.me/api 
 path_url=/api 
 headers={'User-Agent': 'python-requests/2.31.0', 'Accept-Encoding': 'gzip, deflate', 'Accept': '*/*', 'Connection': 'keep-alive'} 
 body=None 
 </msg>
<msg time="2024-04-17T01:56:28.257915" level="INFO">GET Response : url=https://randomuser.me/api 
 status=200, reason=OK 
 headers={'Date': 'Wed, 17 Apr 2024 01:56:28 GMT', 'Content-Type': 'application/json; charset=utf-8', 'Transfer-Encoding': 'chunked', 'Connection': 'keep-alive', 'X-Powered-By': 'Express', 'Access-Control-Allow-Origin': '*', 'Cache-Control': 'no-cache', 'ETag': 'W/"482-KqzHvaoz0cUnnCcP3tPBHSsk6Gw"', 'Vary': 'Accept-Encoding', 'Content-Encoding': 'gzip', 'CF-Cache-Status': 'DYNAMIC', 'Report-To': '{"endpoints":[{"url":"https:\\/\\/a.nel.cloudflare.com\\/report\\/v4?s=DvHAh9xzBOFm9LH%2FI1zme4rLqxbd%2Fu6vXT8MfM2kwIVi04VyoMzQ9y9wDJ%2BIgpUC3pnM89tJexs%2BFD5asPyUlIDOOeSkFQgrCWp5Tlw1%2FxcmYD1ISJCvppZziSyes%2F%2BE"}],"group":"cf-nel","max_age":604800}', 'NEL': '{"success_fraction":0,"report_to":"cf-nel","max_age":604800}', 'Server': 'cloudflare', 'CF-RAY': '8758cc7c6d2d7ffa-IAD', 'alt-svc': 'h3=":443"; ma=86400'} 
 body={"results":[{"gender":"female","name":{"title":"Mrs","first":"Julia","last":"Margaret"},"location":{"street":{"number":2877,"name":"St. Catherine St"},"city":"Trenton","state":"Saskatchewan","country":"Canada","postcode":"I4R 1I8","coordinates":{"latitude":"-68.7366","longitude":"143.5402"},"timezone":{"offset":"-9:00","description":"Alaska"}},"email":"julia.margaret@example.com","login":{"uuid":"9a514ded-6344-4132-b605-c4264ba20327","username":"greenpeacock380","password":"1204","salt":"lrsgmkCx","md5":"4350bcb3fc884816fb94487d79cc5a94","sha1":"6d3d8ed38039cef8cf7e712b878ec0c46dc1817c","sha256":"f2685d1fb78297652a51b5f24ef9997a411f7dc6b776d2591282044294627740"},"dob":{"date":"1954-01-17T19:17:00.451Z","age":70},"registered":{"date":"2009-11-03T15:11:03.300Z","age":14},"phone":"S61 B21-4600","cell":"C32 Z72-7760","id":{"name":"SIN","value":"961888443"},"picture":{"large":"https://randomuser.me/api/portraits/women/29.jpg","medium":"https://randomuser.me/api/portraits/med/women/29.jpg","thumbnail":"https://randomuser.me/api/portraits/thumb/women/29.jpg"},"nat":"CA"}],"info":{"seed":"647ee48eb8aed017","results":1,"page":1,"version":"1.4"}} 
 </msg>
<msg time="2024-04-17T01:56:28.257997" level="INFO">/opt/hostedtoolcache/Python/3.12.2/x64/lib/python3.12/site-packages/urllib3/connectionpool.py:1103: InsecureRequestWarning: Unverified HTTPS request is being made to host 'randomuser.me'. Adding certificate verification is strongly advised. See: https://urllib3.readthedocs.io/en/latest/advanced-usage.html#tls-warnings
  warnings.warn(</msg>
<msg time="2024-04-17T01:56:28.258146" level="INFO">${response} = &lt;Response [200]&gt;</msg>
<var>${response}</var>
<arg>consultarAPI</arg>
<arg>/api</arg>
<doc>Sends a GET request on a previously created HTTP Session.</doc>
<status status="PASS" start="2024-04-17T01:56:28.090880" elapsed="0.167308"/>
</kw>
<kw name="Should Be Equal As Numbers" owner="BuiltIn">
<msg time="2024-04-17T01:56:28.259357" level="INFO">Argument types are:
&lt;class 'int'&gt;
&lt;class 'str'&gt;</msg>
<arg>${response.status_code}</arg>
<arg>200</arg>
<doc>Fails if objects are unequal after converting them to real numbers.</doc>
<status status="PASS" start="2024-04-17T01:56:28.258858" elapsed="0.000573"/>
</kw>
<kw name="Log" owner="BuiltIn">
<msg time="2024-04-17T01:56:28.260118" level="INFO">200</msg>
<arg>${response.status_code}</arg>
<doc>Logs the given message with the given level.</doc>
<status status="PASS" start="2024-04-17T01:56:28.259766" elapsed="0.000397"/>
</kw>
<kw name="Set Variable" owner="BuiltIn">
<msg time="2024-04-17T01:56:28.260948" level="INFO">${json_data} = {'results': [{'gender': 'female', 'name': {'title': 'Mrs', 'first': 'Julia', 'last': 'Margaret'}, 'location': {'street': {'number': 2877, 'name': 'St. Catherine St'}, 'city': 'Trenton', 'state': 'Sask...</msg>
<var>${json_data}</var>
<arg>${response.json()}</arg>
<doc>Returns the given values which can then be assigned to a variables.</doc>
<status status="PASS" start="2024-04-17T01:56:28.260505" elapsed="0.000472"/>
</kw>
<kw name="Dictionary Should Contain Key" owner="Collections">
<msg time="2024-04-17T01:56:28.261462" level="INFO">False</msg>
<arg>${json_data}</arg>
<arg>results</arg>
<doc>Fails if ``key`` is not found from ``dictionary``.</doc>
<status status="PASS" start="2024-04-17T01:56:28.261290" elapsed="0.000217"/>
</kw>
<status status="PASS" start="2024-04-17T01:56:28.090625" elapsed="0.171187"/>
</kw>
<doc>Testa se a API responde corretamente e retorna um objeto JSON válido.</doc>
<tag>testeRequisicaoBasica</tag>
<status status="PASS" start="2024-04-17T01:56:28.090084" elapsed="0.171926"/>
</test>
<test id="s1-s1-t3" name="Validar estrutura de resposta" line="22">
<kw name="Teste de Estrutura de Resposta" owner="random-user-service">
<kw name="GET On Session" owner="RequestsLibrary">
<msg time="2024-04-17T01:56:28.358955" level="INFO">GET Request : url=https://randomuser.me/api 
 path_url=/api 
 headers={'User-Agent': 'python-requests/2.31.0', 'Accept-Encoding': 'gzip, deflate', 'Accept': '*/*', 'Connection': 'keep-alive'} 
 body=None 
 </msg>
<msg time="2024-04-17T01:56:28.359038" level="INFO">GET Response : url=https://randomuser.me/api 
 status=200, reason=OK 
 headers={'Date': 'Wed, 17 Apr 2024 01:56:28 GMT', 'Content-Type': 'application/json; charset=utf-8', 'Transfer-Encoding': 'chunked', 'Connection': 'keep-alive', 'X-Powered-By': 'Express', 'Access-Control-Allow-Origin': '*', 'Cache-Control': 'no-cache', 'ETag': 'W/"4a2-3t6sXzBFKABCjcqu4gyVBzxjN6o"', 'Vary': 'Accept-Encoding', 'Content-Encoding': 'gzip', 'CF-Cache-Status': 'DYNAMIC', 'Report-To': '{"endpoints":[{"url":"https:\\/\\/a.nel.cloudflare.com\\/report\\/v4?s=CwrtYRp3BEE2Oamx0Xt3KHjv1xXVQQBononIrthS4ugb%2FQkn%2FJO7J24AslhFN3viwEva%2FNTSwanJs7jpukkx0KogVY60txFN3iIczsC8l%2BkQd0X7KNgzXYkTY2mFBToJ"}],"group":"cf-nel","max_age":604800}', 'NEL': '{"success_fraction":0,"report_to":"cf-nel","max_age":604800}', 'Server': 'cloudflare', 'CF-RAY': '8758cc7cad847ffa-IAD', 'alt-svc': 'h3=":443"; ma=86400'} 
 body={"results":[{"gender":"male","name":{"title":"Mr","first":"Torquato","last":"Gomes"},"location":{"street":{"number":6845,"name":"Rua Treze "},"city":"Arapongas","state":"Mato Grosso do Sul","country":"Brazil","postcode":19676,"coordinates":{"latitude":"-79.5468","longitude":"-56.1492"},"timezone":{"offset":"+5:00","description":"Ekaterinburg, Islamabad, Karachi, Tashkent"}},"email":"torquato.gomes@example.com","login":{"uuid":"e7aad061-8887-4327-a79f-29e14ea36508","username":"organiczebra213","password":"insane","salt":"IIHCnjEz","md5":"962c39da93412617dd739425c6064478","sha1":"294c995965a91840fc7ab64f4fdd5fdc1d21ae9b","sha256":"c5e695245176ec8d804a5b665427913338ee175489c123fe90af24cd14b27b76"},"dob":{"date":"1978-03-20T10:30:00.070Z","age":46},"registered":{"date":"2020-05-24T03:30:10.833Z","age":3},"phone":"(28) 6233-0565","cell":"(14) 5369-4119","id":{"name":"CPF","value":"681.620.311-99"},"picture":{"large":"https://randomuser.me/api/portraits/men/6.jpg","medium":"https://randomuser.me/api/portraits/med/men/6.jpg","thumbnail":"https://randomuser.me/api/portraits/thumb/men/6.jpg"},"nat":"BR"}],"info":{"seed":"6462b763597df482","results":1,"page":1,"version":"1.4"}} 
 </msg>
<msg time="2024-04-17T01:56:28.359167" level="INFO">/opt/hostedtoolcache/Python/3.12.2/x64/lib/python3.12/site-packages/urllib3/connectionpool.py:1103: InsecureRequestWarning: Unverified HTTPS request is being made to host 'randomuser.me'. Adding certificate verification is strongly advised. See: https://urllib3.readthedocs.io/en/latest/advanced-usage.html#tls-warnings
  warnings.warn(</msg>
<msg time="2024-04-17T01:56:28.359285" level="INFO">${response} = &lt;Response [200]&gt;</msg>
<var>${response}</var>
<arg>consultarAPI</arg>
<arg>/api</arg>
<doc>Sends a GET request on a previously created HTTP Session.</doc>
<status status="PASS" start="2024-04-17T01:56:28.264906" elapsed="0.094420"/>
</kw>
<kw name="Set Variable" owner="BuiltIn">
<msg time="2024-04-17T01:56:28.360431" level="INFO">${json_data} = {'results': [{'gender': 'male', 'name': {'title': 'Mr', 'first': 'Torquato', 'last': 'Gomes'}, 'location': {'street': {'number': 6845, 'name': 'Rua Treze '}, 'city': 'Arapongas', 'state': 'Mato Grosso...</msg>
<var>${json_data}</var>
<arg>${response.json()}</arg>
<doc>Returns the given values which can then be assigned to a variables.</doc>
<status status="PASS" start="2024-04-17T01:56:28.359879" elapsed="0.000581"/>
</kw>
<kw name="Log" owner="BuiltIn">
<msg time="2024-04-17T01:56:28.360940" level="INFO">{'results': [{'gender': 'male', 'name': {'title': 'Mr', 'first': 'Torquato', 'last': 'Gomes'}, 'location': {'street': {'number': 6845, 'name': 'Rua Treze '}, 'city': 'Arapongas', 'state': 'Mato Grosso do Sul', 'country': 'Brazil', 'postcode': 19676, 'coordinates': {'latitude': '-79.5468', 'longitude': '-56.1492'}, 'timezone': {'offset': '+5:00', 'description': 'Ekaterinburg, Islamabad, Karachi, Tashkent'}}, 'email': 'torquato.gomes@example.com', 'login': {'uuid': 'e7aad061-8887-4327-a79f-29e14ea36508', 'username': 'organiczebra213', 'password': 'insane', 'salt': 'IIHCnjEz', 'md5': '962c39da93412617dd739425c6064478', 'sha1': '294c995965a91840fc7ab64f4fdd5fdc1d21ae9b', 'sha256': 'c5e695245176ec8d804a5b665427913338ee175489c123fe90af24cd14b27b76'}, 'dob': {'date': '1978-03-20T10:30:00.070Z', 'age': 46}, 'registered': {'date': '2020-05-24T03:30:10.833Z', 'age': 3}, 'phone': '(28) 6233-0565', 'cell': '(14) 5369-4119', 'id': {'name': 'CPF', 'value': '681.620.311-99'}, 'picture': {'large': 'https://randomuser.me/api/portraits/men/6.jpg', 'medium': 'https://randomuser.me/api/portraits/med/men/6.jpg', 'thumbnail': 'https://randomuser.me/api/portraits/thumb/men/6.jpg'}, 'nat': 'BR'}], 'info': {'seed': '6462b763597df482', 'results': 1, 'page': 1, 'version': '1.4'}}</msg>
<arg>${json_data}</arg>
<doc>Logs the given message with the given level.</doc>
<status status="PASS" start="2024-04-17T01:56:28.360779" elapsed="0.000210"/>
</kw>
<kw name="Dictionary Should Contain Key" owner="Collections">
<msg time="2024-04-17T01:56:28.361449" level="INFO">False</msg>
<arg>${json_data}</arg>
<arg>results</arg>
<doc>Fails if ``key`` is not found from ``dictionary``.</doc>
<status status="PASS" start="2024-04-17T01:56:28.361290" elapsed="0.000198"/>
</kw>
<kw name="Should Not Be Empty" owner="BuiltIn">
<msg time="2024-04-17T01:56:28.361973" level="INFO">Length is 2.</msg>
<arg>${json_data}</arg>
<doc>Verifies that the given item is not empty.</doc>
<status status="PASS" start="2024-04-17T01:56:28.361833" elapsed="0.000219"/>
</kw>
<kw name="Create List" owner="BuiltIn">
<msg time="2024-04-17T01:56:28.362744" level="INFO">${expected_keys} = ['gender', 'name', 'location', 'email', 'login']</msg>
<var>${expected_keys}</var>
<arg>gender</arg>
<arg>name</arg>
<arg>location</arg>
<arg>email</arg>
<arg>login</arg>
<doc>Returns a list containing given items.</doc>
<status status="PASS" start="2024-04-17T01:56:28.362509" elapsed="0.000275"/>
</kw>
<for flavor="IN">
<iter>
<kw name="Dictionary Should Contain Key" owner="Collections">
<msg time="2024-04-17T01:56:28.364292" level="INFO">False</msg>
<arg>${json_data['results'][0]}</arg>
<arg>${key}</arg>
<doc>Fails if ``key`` is not found from ``dictionary``.</doc>
<status status="PASS" start="2024-04-17T01:56:28.363687" elapsed="0.000647"/>
</kw>
<kw name="Log" owner="BuiltIn">
<msg time="2024-04-17T01:56:28.365026" level="INFO">{'gender': 'male', 'name': {'title': 'Mr', 'first': 'Torquato', 'last': 'Gomes'}, 'location': {'street': {'number': 6845, 'name': 'Rua Treze '}, 'city': 'Arapongas', 'state': 'Mato Grosso do Sul', 'country': 'Brazil', 'postcode': 19676, 'coordinates': {'latitude': '-79.5468', 'longitude': '-56.1492'}, 'timezone': {'offset': '+5:00', 'description': 'Ekaterinburg, Islamabad, Karachi, Tashkent'}}, 'email': 'torquato.gomes@example.com', 'login': {'uuid': 'e7aad061-8887-4327-a79f-29e14ea36508', 'username': 'organiczebra213', 'password': 'insane', 'salt': 'IIHCnjEz', 'md5': '962c39da93412617dd739425c6064478', 'sha1': '294c995965a91840fc7ab64f4fdd5fdc1d21ae9b', 'sha256': 'c5e695245176ec8d804a5b665427913338ee175489c123fe90af24cd14b27b76'}, 'dob': {'date': '1978-03-20T10:30:00.070Z', 'age': 46}, 'registered': {'date': '2020-05-24T03:30:10.833Z', 'age': 3}, 'phone': '(28) 6233-0565', 'cell': '(14) 5369-4119', 'id': {'name': 'CPF', 'value': '681.620.311-99'}, 'picture': {'large': 'https://randomuser.me/api/portraits/men/6.jpg', 'medium': 'https://randomuser.me/api/portraits/med/men/6.jpg', 'thumbnail': 'https://randomuser.me/api/portraits/thumb/men/6.jpg'}, 'nat': 'BR'}</msg>
<arg>${json_data['results'][0]}</arg>
<doc>Logs the given message with the given level.</doc>
<status status="PASS" start="2024-04-17T01:56:28.364653" elapsed="0.000422"/>
</kw>
<kw name="Log" owner="BuiltIn">
<msg time="2024-04-17T01:56:28.365511" level="INFO">gender</msg>
<arg>${key}</arg>
<doc>Logs the given message with the given level.</doc>
<status status="PASS" start="2024-04-17T01:56:28.365379" elapsed="0.000171"/>
</kw>
<var name="${key}">gender</var>
<status status="PASS" start="2024-04-17T01:56:28.363492" elapsed="0.002332"/>
</iter>
<iter>
<kw name="Dictionary Should Contain Key" owner="Collections">
<msg time="2024-04-17T01:56:28.366530" level="INFO">False</msg>
<arg>${json_data['results'][0]}</arg>
<arg>${key}</arg>
<doc>Fails if ``key`` is not found from ``dictionary``.</doc>
<status status="PASS" start="2024-04-17T01:56:28.366141" elapsed="0.000428"/>
</kw>
<kw name="Log" owner="BuiltIn">
<msg time="2024-04-17T01:56:28.367275" level="INFO">{'gender': 'male', 'name': {'title': 'Mr', 'first': 'Torquato', 'last': 'Gomes'}, 'location': {'street': {'number': 6845, 'name': 'Rua Treze '}, 'city': 'Arapongas', 'state': 'Mato Grosso do Sul', 'country': 'Brazil', 'postcode': 19676, 'coordinates': {'latitude': '-79.5468', 'longitude': '-56.1492'}, 'timezone': {'offset': '+5:00', 'description': 'Ekaterinburg, Islamabad, Karachi, Tashkent'}}, 'email': 'torquato.gomes@example.com', 'login': {'uuid': 'e7aad061-8887-4327-a79f-29e14ea36508', 'username': 'organiczebra213', 'password': 'insane', 'salt': 'IIHCnjEz', 'md5': '962c39da93412617dd739425c6064478', 'sha1': '294c995965a91840fc7ab64f4fdd5fdc1d21ae9b', 'sha256': 'c5e695245176ec8d804a5b665427913338ee175489c123fe90af24cd14b27b76'}, 'dob': {'date': '1978-03-20T10:30:00.070Z', 'age': 46}, 'registered': {'date': '2020-05-24T03:30:10.833Z', 'age': 3}, 'phone': '(28) 6233-0565', 'cell': '(14) 5369-4119', 'id': {'name': 'CPF', 'value': '681.620.311-99'}, 'picture': {'large': 'https://randomuser.me/api/portraits/men/6.jpg', 'medium': 'https://randomuser.me/api/portraits/med/men/6.jpg', 'thumbnail': 'https://randomuser.me/api/portraits/thumb/men/6.jpg'}, 'nat': 'BR'}</msg>
<arg>${json_data['results'][0]}</arg>
<doc>Logs the given message with the given level.</doc>
<status status="PASS" start="2024-04-17T01:56:28.366901" elapsed="0.000427"/>
</kw>
<kw name="Log" owner="BuiltIn">
<msg time="2024-04-17T01:56:28.367772" level="INFO">name</msg>
<arg>${key}</arg>
<doc>Logs the given message with the given level.</doc>
<status status="PASS" start="2024-04-17T01:56:28.367640" elapsed="0.000171"/>
</kw>
<var name="${key}">name</var>
<status status="PASS" start="2024-04-17T01:56:28.366022" elapsed="0.002010"/>
</iter>
<iter>
<kw name="Dictionary Should Contain Key" owner="Collections">
<msg time="2024-04-17T01:56:28.368759" level="INFO">False</msg>
<arg>${json_data['results'][0]}</arg>
<arg>${key}</arg>
<doc>Fails if ``key`` is not found from ``dictionary``.</doc>
<status status="PASS" start="2024-04-17T01:56:28.368343" elapsed="0.000455"/>
</kw>
<kw name="Log" owner="BuiltIn">
<msg time="2024-04-17T01:56:28.369464" level="INFO">{'gender': 'male', 'name': {'title': 'Mr', 'first': 'Torquato', 'last': 'Gomes'}, 'location': {'street': {'number': 6845, 'name': 'Rua Treze '}, 'city': 'Arapongas', 'state': 'Mato Grosso do Sul', 'country': 'Brazil', 'postcode': 19676, 'coordinates': {'latitude': '-79.5468', 'longitude': '-56.1492'}, 'timezone': {'offset': '+5:00', 'description': 'Ekaterinburg, Islamabad, Karachi, Tashkent'}}, 'email': 'torquato.gomes@example.com', 'login': {'uuid': 'e7aad061-8887-4327-a79f-29e14ea36508', 'username': 'organiczebra213', 'password': 'insane', 'salt': 'IIHCnjEz', 'md5': '962c39da93412617dd739425c6064478', 'sha1': '294c995965a91840fc7ab64f4fdd5fdc1d21ae9b', 'sha256': 'c5e695245176ec8d804a5b665427913338ee175489c123fe90af24cd14b27b76'}, 'dob': {'date': '1978-03-20T10:30:00.070Z', 'age': 46}, 'registered': {'date': '2020-05-24T03:30:10.833Z', 'age': 3}, 'phone': '(28) 6233-0565', 'cell': '(14) 5369-4119', 'id': {'name': 'CPF', 'value': '681.620.311-99'}, 'picture': {'large': 'https://randomuser.me/api/portraits/men/6.jpg', 'medium': 'https://randomuser.me/api/portraits/med/men/6.jpg', 'thumbnail': 'https://randomuser.me/api/portraits/thumb/men/6.jpg'}, 'nat': 'BR'}</msg>
<arg>${json_data['results'][0]}</arg>
<doc>Logs the given message with the given level.</doc>
<status status="PASS" start="2024-04-17T01:56:28.369100" elapsed="0.000411"/>
</kw>
<kw name="Log" owner="BuiltIn">
<msg time="2024-04-17T01:56:28.369995" level="INFO">location</msg>
<arg>${key}</arg>
<doc>Logs the given message with the given level.</doc>
<status status="PASS" start="2024-04-17T01:56:28.369863" elapsed="0.000172"/>
</kw>
<var name="${key}">location</var>
<status status="PASS" start="2024-04-17T01:56:28.368227" elapsed="0.002044"/>
</iter>
<iter>
<kw name="Dictionary Should Contain Key" owner="Collections">
<msg time="2024-04-17T01:56:28.370962" level="INFO">False</msg>
<arg>${json_data['results'][0]}</arg>
<arg>${key}</arg>
<doc>Fails if ``key`` is not found from ``dictionary``.</doc>
<status status="PASS" start="2024-04-17T01:56:28.370570" elapsed="0.000431"/>
</kw>
<kw name="Log" owner="BuiltIn">
<msg time="2024-04-17T01:56:28.371668" level="INFO">{'gender': 'male', 'name': {'title': 'Mr', 'first': 'Torquato', 'last': 'Gomes'}, 'location': {'street': {'number': 6845, 'name': 'Rua Treze '}, 'city': 'Arapongas', 'state': 'Mato Grosso do Sul', 'country': 'Brazil', 'postcode': 19676, 'coordinates': {'latitude': '-79.5468', 'longitude': '-56.1492'}, 'timezone': {'offset': '+5:00', 'description': 'Ekaterinburg, Islamabad, Karachi, Tashkent'}}, 'email': 'torquato.gomes@example.com', 'login': {'uuid': 'e7aad061-8887-4327-a79f-29e14ea36508', 'username': 'organiczebra213', 'password': 'insane', 'salt': 'IIHCnjEz', 'md5': '962c39da93412617dd739425c6064478', 'sha1': '294c995965a91840fc7ab64f4fdd5fdc1d21ae9b', 'sha256': 'c5e695245176ec8d804a5b665427913338ee175489c123fe90af24cd14b27b76'}, 'dob': {'date': '1978-03-20T10:30:00.070Z', 'age': 46}, 'registered': {'date': '2020-05-24T03:30:10.833Z', 'age': 3}, 'phone': '(28) 6233-0565', 'cell': '(14) 5369-4119', 'id': {'name': 'CPF', 'value': '681.620.311-99'}, 'picture': {'large': 'https://randomuser.me/api/portraits/men/6.jpg', 'medium': 'https://randomuser.me/api/portraits/med/men/6.jpg', 'thumbnail': 'https://randomuser.me/api/portraits/thumb/men/6.jpg'}, 'nat': 'BR'}</msg>
<arg>${json_data['results'][0]}</arg>
<doc>Logs the given message with the given level.</doc>
<status status="PASS" start="2024-04-17T01:56:28.371306" elapsed="0.000411"/>
</kw>
<kw name="Log" owner="BuiltIn">
<msg time="2024-04-17T01:56:28.372154" level="INFO">email</msg>
<arg>${key}</arg>
<doc>Logs the given message with the given level.</doc>
<status status="PASS" start="2024-04-17T01:56:28.372024" elapsed="0.000170"/>
</kw>
<var name="${key}">email</var>
<status status="PASS" start="2024-04-17T01:56:28.370451" elapsed="0.001972"/>
</iter>
<iter>
<kw name="Dictionary Should Contain Key" owner="Collections">
<msg time="2024-04-17T01:56:28.373141" level="INFO">False</msg>
<arg>${json_data['results'][0]}</arg>
<arg>${key}</arg>
<doc>Fails if ``key`` is not found from ``dictionary``.</doc>
<status status="PASS" start="2024-04-17T01:56:28.372716" elapsed="0.000488"/>
</kw>
<kw name="Log" owner="BuiltIn">
<msg time="2024-04-17T01:56:28.374172" level="INFO">{'gender': 'male', 'name': {'title': 'Mr', 'first': 'Torquato', 'last': 'Gomes'}, 'location': {'street': {'number': 6845, 'name': 'Rua Treze '}, 'city': 'Arapongas', 'state': 'Mato Grosso do Sul', 'country': 'Brazil', 'postcode': 19676, 'coordinates': {'latitude': '-79.5468', 'longitude': '-56.1492'}, 'timezone': {'offset': '+5:00', 'description': 'Ekaterinburg, Islamabad, Karachi, Tashkent'}}, 'email': 'torquato.gomes@example.com', 'login': {'uuid': 'e7aad061-8887-4327-a79f-29e14ea36508', 'username': 'organiczebra213', 'password': 'insane', 'salt': 'IIHCnjEz', 'md5': '962c39da93412617dd739425c6064478', 'sha1': '294c995965a91840fc7ab64f4fdd5fdc1d21ae9b', 'sha256': 'c5e695245176ec8d804a5b665427913338ee175489c123fe90af24cd14b27b76'}, 'dob': {'date': '1978-03-20T10:30:00.070Z', 'age': 46}, 'registered': {'date': '2020-05-24T03:30:10.833Z', 'age': 3}, 'phone': '(28) 6233-0565', 'cell': '(14) 5369-4119', 'id': {'name': 'CPF', 'value': '681.620.311-99'}, 'picture': {'large': 'https://randomuser.me/api/portraits/men/6.jpg', 'medium': 'https://randomuser.me/api/portraits/med/men/6.jpg', 'thumbnail': 'https://randomuser.me/api/portraits/thumb/men/6.jpg'}, 'nat': 'BR'}</msg>
<arg>${json_data['results'][0]}</arg>
<doc>Logs the given message with the given level.</doc>
<status status="PASS" start="2024-04-17T01:56:28.373677" elapsed="0.000546"/>
</kw>
<kw name="Log" owner="BuiltIn">
<msg time="2024-04-17T01:56:28.374664" level="INFO">login</msg>
<arg>${key}</arg>
<doc>Logs the given message with the given level.</doc>
<status status="PASS" start="2024-04-17T01:56:28.374532" elapsed="0.000203"/>
</kw>
<var name="${key}">login</var>
<status status="PASS" start="2024-04-17T01:56:28.372601" elapsed="0.002361"/>
</iter>
<var>${key}</var>
<value>@{expected_keys}</value>
<status status="PASS" start="2024-04-17T01:56:28.363198" elapsed="0.011891"/>
</for>
<kw name="Create List" owner="BuiltIn">
<msg time="2024-04-17T01:56:28.375427" level="INFO">${expected_keysTwo} = ['username', 'password']</msg>
<var>${expected_keysTwo}</var>
<arg>username</arg>
<arg>password</arg>
<doc>Returns a list containing given items.</doc>
<status status="PASS" start="2024-04-17T01:56:28.375287" elapsed="0.000164"/>
</kw>
<for flavor="IN">
<iter>
<kw name="Dictionary Should Contain Key" owner="Collections">
<msg time="2024-04-17T01:56:28.376457" level="INFO">False</msg>
<arg>${json_data['results'][0]['login']}</arg>
<arg>${keyTwo}</arg>
<doc>Fails if ``key`` is not found from ``dictionary``.</doc>
<status status="PASS" start="2024-04-17T01:56:28.376070" elapsed="0.000425"/>
</kw>
<kw name="Dictionary Should Contain Key" owner="Collections">
<msg time="2024-04-17T01:56:28.377186" level="INFO">False</msg>
<arg>${json_data['results'][0]['login']}</arg>
<arg>${keyTwo}</arg>
<doc>Fails if ``key`` is not found from ``dictionary``.</doc>
<status status="PASS" start="2024-04-17T01:56:28.376801" elapsed="0.000424"/>
</kw>
<kw name="Log" owner="BuiltIn">
<msg time="2024-04-17T01:56:28.377692" level="INFO">username</msg>
<arg>${keyTwo}</arg>
<doc>Logs the given message with the given level.</doc>
<status status="PASS" start="2024-04-17T01:56:28.377527" elapsed="0.000209"/>
</kw>
<var name="${keyTwo}">username</var>
<status status="PASS" start="2024-04-17T01:56:28.375952" elapsed="0.002014"/>
</iter>
<iter>
<kw name="Dictionary Should Contain Key" owner="Collections">
<msg time="2024-04-17T01:56:28.378647" level="INFO">False</msg>
<arg>${json_data['results'][0]['login']}</arg>
<arg>${keyTwo}</arg>
<doc>Fails if ``key`` is not found from ``dictionary``.</doc>
<status status="PASS" start="2024-04-17T01:56:28.378261" elapsed="0.000424"/>
</kw>
<kw name="Dictionary Should Contain Key" owner="Collections">
<msg time="2024-04-17T01:56:28.379374" level="INFO">False</msg>
<arg>${json_data['results'][0]['login']}</arg>
<arg>${keyTwo}</arg>
<doc>Fails if ``key`` is not found from ``dictionary``.</doc>
<status status="PASS" start="2024-04-17T01:56:28.378985" elapsed="0.000428"/>
</kw>
<kw name="Log" owner="BuiltIn">
<msg time="2024-04-17T01:56:28.379848" level="INFO">password</msg>
<arg>${keyTwo}</arg>
<doc>Logs the given message with the given level.</doc>
<status status="PASS" start="2024-04-17T01:56:28.379716" elapsed="0.000171"/>
</kw>
<var name="${keyTwo}">password</var>
<status status="PASS" start="2024-04-17T01:56:28.378147" elapsed="0.001964"/>
</iter>
<var>${keyTwo}</var>
<value>@{expected_keysTwo}</value>
<status status="PASS" start="2024-04-17T01:56:28.375693" elapsed="0.004545"/>
</for>
<status status="PASS" start="2024-04-17T01:56:28.264661" elapsed="0.115721"/>
</kw>
<doc>Testa a estrutura da resposta da API.</doc>
<tag>testeEstruturaResposta</tag>
<status status="PASS" start="2024-04-17T01:56:28.263876" elapsed="0.116670"/>
</test>
<test id="s1-s1-t4" name="Validar tipos de dados" line="28">
<kw name="Teste de Tipos de Dados" owner="random-user-service">
<kw name="GET On Session" owner="RequestsLibrary">
<msg time="2024-04-17T01:56:28.461303" level="INFO">GET Request : url=https://randomuser.me/api 
 path_url=/api 
 headers={'User-Agent': 'python-requests/2.31.0', 'Accept-Encoding': 'gzip, deflate', 'Accept': '*/*', 'Connection': 'keep-alive'} 
 body=None 
 </msg>
<msg time="2024-04-17T01:56:28.461409" level="INFO">GET Response : url=https://randomuser.me/api 
 status=200, reason=OK 
 headers={'Date': 'Wed, 17 Apr 2024 01:56:28 GMT', 'Content-Type': 'application/json; charset=utf-8', 'Transfer-Encoding': 'chunked', 'Connection': 'keep-alive', 'X-Powered-By': 'Express', 'Access-Control-Allow-Origin': '*', 'Cache-Control': 'no-cache', 'ETag': 'W/"4a6-17kOQwZIvRAXRvnHm6V5BCOJ3EQ"', 'Vary': 'Accept-Encoding', 'Content-Encoding': 'gzip', 'CF-Cache-Status': 'DYNAMIC', 'Report-To': '{"endpoints":[{"url":"https:\\/\\/a.nel.cloudflare.com\\/report\\/v4?s=Go7%2BjyBOU%2Bdo5qay42lQTB%2BB%2FoU4Qro0B87UDuzSOmZLNrESTEZ4KjKTLR5wd04iXtdqGLyn5EHQ9JzrcqtPkTDlwn%2BBOIOZicgP3cA%2BuUjCQ%2Frox%2ByeaH1dzAXMOh%2B3"}],"group":"cf-nel","max_age":604800}', 'NEL': '{"success_fraction":0,"report_to":"cf-nel","max_age":604800}', 'Server': 'cloudflare', 'CF-RAY': '8758cc7d6e8a7ffa-IAD', 'alt-svc': 'h3=":443"; ma=86400'} 
 body={"results":[{"gender":"male","name":{"title":"Mr","first":"Jesse","last":"Couri"},"location":{"street":{"number":7087,"name":"Pispalan Valtatie"},"city":"Ikaalinen","state":"Southern Ostrobothnia","country":"Finland","postcode":49940,"coordinates":{"latitude":"-22.5990","longitude":"-59.0857"},"timezone":{"offset":"+3:00","description":"Baghdad, Riyadh, Moscow, St. Petersburg"}},"email":"jesse.couri@example.com","login":{"uuid":"508b92c7-4de0-4408-8cda-00eafe0ac49d","username":"ticklishmouse124","password":"sassy","salt":"s14ascHs","md5":"5764b61470e3a37c1c90c6ab69e808e7","sha1":"a70f73f0db7e21ba2e35990555035f44d51f6e7a","sha256":"c72ad3fa1edc94daf9d4e3ad38afedf0e7f26e5838acca641cde88998ca35811"},"dob":{"date":"1946-04-29T18:51:51.784Z","age":77},"registered":{"date":"2019-12-27T15:18:45.983Z","age":4},"phone":"09-906-726","cell":"048-298-14-27","id":{"name":"HETU","value":"NaNNA949undefined"},"picture":{"large":"https://randomuser.me/api/portraits/men/62.jpg","medium":"https://randomuser.me/api/portraits/med/men/62.jpg","thumbnail":"https://randomuser.me/api/portraits/thumb/men/62.jpg"},"nat":"FI"}],"info":{"seed":"67c0de02e28cc331","results":1,"page":1,"version":"1.4"}} 
 </msg>
<msg time="2024-04-17T01:56:28.461487" level="INFO">/opt/hostedtoolcache/Python/3.12.2/x64/lib/python3.12/site-packages/urllib3/connectionpool.py:1103: InsecureRequestWarning: Unverified HTTPS request is being made to host 'randomuser.me'. Adding certificate verification is strongly advised. See: https://urllib3.readthedocs.io/en/latest/advanced-usage.html#tls-warnings
  warnings.warn(</msg>
<msg time="2024-04-17T01:56:28.461621" level="INFO">${response} = &lt;Response [200]&gt;</msg>
<var>${response}</var>
<arg>consultarAPI</arg>
<arg>/api</arg>
<doc>Sends a GET request on a previously created HTTP Session.</doc>
<status status="PASS" start="2024-04-17T01:56:28.383216" elapsed="0.078480"/>
</kw>
<kw name="Set Variable" owner="BuiltIn">
<msg time="2024-04-17T01:56:28.462881" level="INFO">${json_data} = {'results': [{'gender': 'male', 'name': {'title': 'Mr', 'first': 'Jesse', 'last': 'Couri'}, 'location': {'street': {'number': 7087, 'name': 'Pispalan Valtatie'}, 'city': 'Ikaalinen', 'state': 'Souther...</msg>
<var>${json_data}</var>
<arg>${response.json()}</arg>
<doc>Returns the given values which can then be assigned to a variables.</doc>
<status status="PASS" start="2024-04-17T01:56:28.462317" elapsed="0.000593"/>
</kw>
<kw name="Log" owner="BuiltIn">
<msg time="2024-04-17T01:56:28.463381" level="INFO">{'results': [{'gender': 'male', 'name': {'title': 'Mr', 'first': 'Jesse', 'last': 'Couri'}, 'location': {'street': {'number': 7087, 'name': 'Pispalan Valtatie'}, 'city': 'Ikaalinen', 'state': 'Southern Ostrobothnia', 'country': 'Finland', 'postcode': 49940, 'coordinates': {'latitude': '-22.5990', 'longitude': '-59.0857'}, 'timezone': {'offset': '+3:00', 'description': 'Baghdad, Riyadh, Moscow, St. Petersburg'}}, 'email': 'jesse.couri@example.com', 'login': {'uuid': '508b92c7-4de0-4408-8cda-00eafe0ac49d', 'username': 'ticklishmouse124', 'password': 'sassy', 'salt': 's14ascHs', 'md5': '5764b61470e3a37c1c90c6ab69e808e7', 'sha1': 'a70f73f0db7e21ba2e35990555035f44d51f6e7a', 'sha256': 'c72ad3fa1edc94daf9d4e3ad38afedf0e7f26e5838acca641cde88998ca35811'}, 'dob': {'date': '1946-04-29T18:51:51.784Z', 'age': 77}, 'registered': {'date': '2019-12-27T15:18:45.983Z', 'age': 4}, 'phone': '09-906-726', 'cell': '048-298-14-27', 'id': {'name': 'HETU', 'value': 'NaNNA949undefined'}, 'picture': {'large': 'https://randomuser.me/api/portraits/men/62.jpg', 'medium': 'https://randomuser.me/api/portraits/med/men/62.jpg', 'thumbnail': 'https://randomuser.me/api/portraits/thumb/men/62.jpg'}, 'nat': 'FI'}], 'info': {'seed': '67c0de02e28cc331', 'results': 1, 'page': 1, 'version': '1.4'}}</msg>
<arg>${json_data}</arg>
<doc>Logs the given message with the given level.</doc>
<status status="PASS" start="2024-04-17T01:56:28.463224" elapsed="0.000243"/>
</kw>
<kw name="Should Be String" owner="String">
<arg>${json_data['results'][0]['gender']}</arg>
<doc>Fails if the given ``item`` is not a string.</doc>
<status status="PASS" start="2024-04-17T01:56:28.463772" elapsed="0.000365"/>
</kw>
<kw name="Should Match Regexp" owner="BuiltIn">
<arg>${json_data['results'][0]['email']}</arg>
<arg>^[a-zA-Z0-9._%+-]+@[a-zA-Z0-9.-]+\.[a-zA-Z]{2,}$</arg>
<doc>Fails if ``string`` does not match ``pattern`` as a regular expression.</doc>
<status status="PASS" start="2024-04-17T01:56:28.464339" elapsed="0.000523"/>
</kw>
<kw name="Should Match Regexp" owner="BuiltIn">
<arg>${json_data['results'][0]['dob']['date']}</arg>
<arg>\\d{4}-\\d{2}-\\d{2}T\\d{2}:\\d{2}:\\d{2}\\.\\d{3}Z</arg>
<doc>Fails if ``string`` does not match ``pattern`` as a regular expression.</doc>
<status status="PASS" start="2024-04-17T01:56:28.465064" elapsed="0.000499"/>
</kw>
<kw name="Should Match Regexp" owner="BuiltIn">
<arg>${json_data['results'][0]['registered']['date']}</arg>
<arg>\\d{4}-\\d{2}-\\d{2}T\\d{2}:\\d{2}:\\d{2}\\.\\d{3}Z</arg>
<doc>Fails if ``string`` does not match ``pattern`` as a regular expression.</doc>
<status status="PASS" start="2024-04-17T01:56:28.465814" elapsed="0.000375"/>
</kw>
<kw name="Should Match Regexp" owner="BuiltIn">
<arg>${json_data['results'][0]['picture']['large']}</arg>
<arg>^https?://.*\.(?:png|jpe?g|gif|bmp)$</arg>
<doc>Fails if ``string`` does not match ``pattern`` as a regular expression.</doc>
<status status="PASS" start="2024-04-17T01:56:28.466382" elapsed="0.000469"/>
</kw>
<kw name="Should Match Regexp" owner="BuiltIn">
<arg>${json_data['results'][0]['picture']['medium']}</arg>
<arg>^https?://.*\.(?:png|jpe?g|gif|bmp)$</arg>
<doc>Fails if ``string`` does not match ``pattern`` as a regular expression.</doc>
<status status="PASS" start="2024-04-17T01:56:28.467043" elapsed="0.000354"/>
</kw>
<kw name="Should Match Regexp" owner="BuiltIn">
<arg>${json_data['results'][0]['picture']['thumbnail']}</arg>
<arg>^https?://.*\.(?:png|jpe?g|gif|bmp)$</arg>
<doc>Fails if ``string`` does not match ``pattern`` as a regular expression.</doc>
<status status="PASS" start="2024-04-17T01:56:28.467584" elapsed="0.000360"/>
</kw>
<kw name="Log" owner="BuiltIn">
<msg time="2024-04-17T01:56:28.468465" level="INFO">{'large': 'https://randomuser.me/api/portraits/men/62.jpg', 'medium': 'https://randomuser.me/api/portraits/med/men/62.jpg', 'thumbnail': 'https://randomuser.me/api/portraits/thumb/men/62.jpg'}</msg>
<arg>${json_data['results'][0]['picture']}</arg>
<doc>Logs the given message with the given level.</doc>
<status status="PASS" start="2024-04-17T01:56:28.468127" elapsed="0.000381"/>
</kw>
<status status="PASS" start="2024-04-17T01:56:28.382988" elapsed="0.085786"/>
</kw>
<kw name="Teste de Tipos de Dados - Postcode" owner="random-user-service">
<kw name="GET On Session" owner="RequestsLibrary">
<msg time="2024-04-17T01:56:28.571130" level="INFO">GET Request : url=https://randomuser.me/api 
 path_url=/api 
 headers={'User-Agent': 'python-requests/2.31.0', 'Accept-Encoding': 'gzip, deflate', 'Accept': '*/*', 'Connection': 'keep-alive'} 
 body=None 
 </msg>
<msg time="2024-04-17T01:56:28.571243" level="INFO">GET Response : url=https://randomuser.me/api 
 status=200, reason=OK 
 headers={'Date': 'Wed, 17 Apr 2024 01:56:28 GMT', 'Content-Type': 'application/json; charset=utf-8', 'Transfer-Encoding': 'chunked', 'Connection': 'keep-alive', 'X-Powered-By': 'Express', 'Access-Control-Allow-Origin': '*', 'Cache-Control': 'no-cache', 'ETag': 'W/"4a6-xpkzVIwbXO7FfwDzV0XrE4B/Lm4"', 'Vary': 'Accept-Encoding', 'Content-Encoding': 'gzip', 'CF-Cache-Status': 'DYNAMIC', 'Report-To': '{"endpoints":[{"url":"https:\\/\\/a.nel.cloudflare.com\\/report\\/v4?s=aw%2FqVlDkVHMjG52g2a3L7tHMP7Ml%2BebymA72gcsIUk8SmKa6CHe4Mnve6k6hm6cgUWOFwdJOjq4OxokjAMqm2VTumlW65gZHeZ1cMKahovXe%2FILsVgwXHjsjlO8FkkKA"}],"group":"cf-nel","max_age":604800}', 'NEL': '{"success_fraction":0,"report_to":"cf-nel","max_age":604800}', 'Server': 'cloudflare', 'CF-RAY': '8758cc7dff497ffa-IAD', 'alt-svc': 'h3=":443"; ma=86400'} 
 body={"results":[{"gender":"female","name":{"title":"Miss","first":"Hrisa","last":"Peretyatko"},"location":{"street":{"number":9983,"name":"Geroyiv Oboroni"},"city":"Kam'yanka-Dniprovska","state":"Kirovogradska","country":"Ukraine","postcode":63510,"coordinates":{"latitude":"72.8846","longitude":"50.1944"},"timezone":{"offset":"+1:00","description":"Brussels, Copenhagen, Madrid, Paris"}},"email":"hrisa.peretyatko@example.com","login":{"uuid":"fa17f366-95c8-424b-ae78-d6ffc4e49fd0","username":"orangesnake474","password":"jagger","salt":"tUFjqTP6","md5":"70ce56704bb37211c2a1442071d6e6bd","sha1":"89ccc1e87da7a3e2cbda9a32dcd28d805a74143f","sha256":"128b80f5eb8c051ed657660d9c0d821a9dd6cc2e7be0af6edb1cae1a31653d55"},"dob":{"date":"2000-05-09T17:34:07.960Z","age":23},"registered":{"date":"2022-01-22T22:55:56.638Z","age":2},"phone":"(068) X25-9804","cell":"(099) H09-9927","id":{"name":"","value":null},"picture":{"large":"https://randomuser.me/api/portraits/women/75.jpg","medium":"https://randomuser.me/api/portraits/med/women/75.jpg","thumbnail":"https://randomuser.me/api/portraits/thumb/women/75.jpg"},"nat":"UA"}],"info":{"seed":"b38e0db977754efa","results":1,"page":1,"version":"1.4"}} 
 </msg>
<msg time="2024-04-17T01:56:28.571350" level="INFO">/opt/hostedtoolcache/Python/3.12.2/x64/lib/python3.12/site-packages/urllib3/connectionpool.py:1103: InsecureRequestWarning: Unverified HTTPS request is being made to host 'randomuser.me'. Adding certificate verification is strongly advised. See: https://urllib3.readthedocs.io/en/latest/advanced-usage.html#tls-warnings
  warnings.warn(</msg>
<msg time="2024-04-17T01:56:28.571507" level="INFO">${response} = &lt;Response [200]&gt;</msg>
<var>${response}</var>
<arg>consultarAPI</arg>
<arg>/api</arg>
<doc>Sends a GET request on a previously created HTTP Session.</doc>
<status status="PASS" start="2024-04-17T01:56:28.469258" elapsed="0.102288"/>
</kw>
<kw name="Set Variable" owner="BuiltIn">
<msg time="2024-04-17T01:56:28.572692" level="INFO">${json_data} = {'results': [{'gender': 'female', 'name': {'title': 'Miss', 'first': 'Hrisa', 'last': 'Peretyatko'}, 'location': {'street': {'number': 9983, 'name': 'Geroyiv Oboroni'}, 'city': "Kam'yanka-Dniprovska",...</msg>
<var>${json_data}</var>
<arg>${response.json()}</arg>
<doc>Returns the given values which can then be assigned to a variables.</doc>
<status status="PASS" start="2024-04-17T01:56:28.572148" elapsed="0.000573"/>
</kw>
<kw name="Log" owner="BuiltIn">
<msg time="2024-04-17T01:56:28.573196" level="INFO">{'results': [{'gender': 'female', 'name': {'title': 'Miss', 'first': 'Hrisa', 'last': 'Peretyatko'}, 'location': {'street': {'number': 9983, 'name': 'Geroyiv Oboroni'}, 'city': "Kam'yanka-Dniprovska", 'state': 'Kirovogradska', 'country': 'Ukraine', 'postcode': 63510, 'coordinates': {'latitude': '72.8846', 'longitude': '50.1944'}, 'timezone': {'offset': '+1:00', 'description': 'Brussels, Copenhagen, Madrid, Paris'}}, 'email': 'hrisa.peretyatko@example.com', 'login': {'uuid': 'fa17f366-95c8-424b-ae78-d6ffc4e49fd0', 'username': 'orangesnake474', 'password': 'jagger', 'salt': 'tUFjqTP6', 'md5': '70ce56704bb37211c2a1442071d6e6bd', 'sha1': '89ccc1e87da7a3e2cbda9a32dcd28d805a74143f', 'sha256': '128b80f5eb8c051ed657660d9c0d821a9dd6cc2e7be0af6edb1cae1a31653d55'}, 'dob': {'date': '2000-05-09T17:34:07.960Z', 'age': 23}, 'registered': {'date': '2022-01-22T22:55:56.638Z', 'age': 2}, 'phone': '(068) X25-9804', 'cell': '(099) H09-9927', 'id': {'name': '', 'value': None}, 'picture': {'large': 'https://randomuser.me/api/portraits/women/75.jpg', 'medium': 'https://randomuser.me/api/portraits/med/women/75.jpg', 'thumbnail': 'https://randomuser.me/api/portraits/thumb/women/75.jpg'}, 'nat': 'UA'}], 'info': {'seed': 'b38e0db977754efa', 'results': 1, 'page': 1, 'version': '1.4'}}</msg>
<arg>${json_data}</arg>
<doc>Logs the given message with the given level.</doc>
<status status="PASS" start="2024-04-17T01:56:28.573037" elapsed="0.000242"/>
</kw>
<kw name="Should Be Equal As Numbers" owner="BuiltIn">
<arg>${json_data['results'][0]['location']['postcode']}</arg>
<arg>${json_data['results'][0]['location']['postcode']}</arg>
<doc>Fails if objects are unequal after converting them to real numbers.</doc>
<status status="PASS" start="2024-04-17T01:56:28.573586" elapsed="0.000694"/>
</kw>
<kw name="Log" owner="BuiltIn">
<msg time="2024-04-17T01:56:28.574821" level="INFO">63510</msg>
<arg>${json_data['results'][0]['location']['postcode']}</arg>
<doc>Logs the given message with the given level.</doc>
<status status="PASS" start="2024-04-17T01:56:28.574480" elapsed="0.000382"/>
</kw>
<status status="PASS" start="2024-04-17T01:56:28.469015" elapsed="0.106115"/>
</kw>
<doc>Testa se os tipos de dados na resposta da API estão corretos.</doc>
<tag>testeTiposDados</tag>
<status status="PASS" start="2024-04-17T01:56:28.382418" elapsed="0.192889"/>
</test>
<test id="s1-s1-t5" name="Validar conteudo" line="35">
<kw name="Teste de Tipos de Conteudo" owner="random-user-service">
<kw name="GET On Session" owner="RequestsLibrary">
<msg time="2024-04-17T01:56:28.658835" level="INFO">GET Request : url=https://randomuser.me/api 
 path_url=/api 
 headers={'User-Agent': 'python-requests/2.31.0', 'Accept-Encoding': 'gzip, deflate', 'Accept': '*/*', 'Connection': 'keep-alive'} 
 body=None 
 </msg>
<msg time="2024-04-17T01:56:28.658906" level="INFO">GET Response : url=https://randomuser.me/api 
 status=200, reason=OK 
 headers={'Date': 'Wed, 17 Apr 2024 01:56:28 GMT', 'Content-Type': 'application/json; charset=utf-8', 'Transfer-Encoding': 'chunked', 'Connection': 'keep-alive', 'X-Powered-By': 'Express', 'Access-Control-Allow-Origin': '*', 'Cache-Control': 'no-cache', 'ETag': 'W/"497-/CDouNnyoB0IlC402Qvab9JV548"', 'Vary': 'Accept-Encoding', 'Content-Encoding': 'gzip', 'CF-Cache-Status': 'DYNAMIC', 'Report-To': '{"endpoints":[{"url":"https:\\/\\/a.nel.cloudflare.com\\/report\\/v4?s=qU5Zvu0vjqKxcdcOfrLop4XOQQ6zj2akvUB0nzoeHBbb3lrwPTNV%2BXIpTozcZPvHtlkTPkvlrAAGGMobVxpekBTSdIj2fTQr7p407qwWUtJklu%2BG2yGwpCoRCKeRvbo9"}],"group":"cf-nel","max_age":604800}', 'NEL': '{"success_fraction":0,"report_to":"cf-nel","max_age":604800}', 'Server': 'cloudflare', 'CF-RAY': '8758cc7e983a7ffa-IAD', 'alt-svc': 'h3=":443"; ma=86400'} 
 body={"results":[{"gender":"male","name":{"title":"Mr","first":"Leo","last":"Perko"},"location":{"street":{"number":5644,"name":"Myllypuronkatu"},"city":"Säkylä","state":"Ostrobothnia","country":"Finland","postcode":35845,"coordinates":{"latitude":"-21.4632","longitude":"-52.9414"},"timezone":{"offset":"+11:00","description":"Magadan, Solomon Islands, New Caledonia"}},"email":"leo.perko@example.com","login":{"uuid":"8bf96d74-df33-4d9b-aa88-be2eeaa51a72","username":"orangelion766","password":"peekaboo","salt":"39om1LSM","md5":"cc15de9783244ceec12bb5f71859a4f3","sha1":"8aa5058e274b4834f8dcfdea057b4747de9692da","sha256":"ec7532d24f8d8726d2fca6e58487fa45f60baecaa6888681f57066d2851c0272"},"dob":{"date":"1995-01-30T14:26:17.600Z","age":29},"registered":{"date":"2005-09-16T02:24:53.219Z","age":18},"phone":"09-663-064","cell":"041-638-96-50","id":{"name":"HETU","value":"NaNNA121undefined"},"picture":{"large":"https://randomuser.me/api/portraits/men/91.jpg","medium":"https://randomuser.me/api/portraits/med/men/91.jpg","thumbnail":"https://randomuser.me/api/portraits/thumb/men/91.jpg"},"nat":"FI"}],"info":{"seed":"9fef2e033f818820","results":1,"page":1,"version":"1.4"}} 
 </msg>
<msg time="2024-04-17T01:56:28.658966" level="INFO">/opt/hostedtoolcache/Python/3.12.2/x64/lib/python3.12/site-packages/urllib3/connectionpool.py:1103: InsecureRequestWarning: Unverified HTTPS request is being made to host 'randomuser.me'. Adding certificate verification is strongly advised. See: https://urllib3.readthedocs.io/en/latest/advanced-usage.html#tls-warnings
  warnings.warn(</msg>
<msg time="2024-04-17T01:56:28.659062" level="INFO">${response} = &lt;Response [200]&gt;</msg>
<var>${response}</var>
<arg>consultarAPI</arg>
<arg>/api</arg>
<doc>Sends a GET request on a previously created HTTP Session.</doc>
<status status="PASS" start="2024-04-17T01:56:28.577913" elapsed="0.081189"/>
</kw>
<kw name="Set Variable" owner="BuiltIn">
<msg time="2024-04-17T01:56:28.660010" level="INFO">${json_data} = {'results': [{'gender': 'male', 'name': {'title': 'Mr', 'first': 'Leo', 'last': 'Perko'}, 'location': {'street': {'number': 5644, 'name': 'Myllypuronkatu'}, 'city': 'Säkylä', 'state': 'Ostrobothnia', ...</msg>
<var>${json_data}</var>
<arg>${response.json()}</arg>
<doc>Returns the given values which can then be assigned to a variables.</doc>
<status status="PASS" start="2024-04-17T01:56:28.659554" elapsed="0.000485"/>
</kw>
<kw name="Set Variable" owner="BuiltIn">
<msg time="2024-04-17T01:56:28.660731" level="INFO">${name_title} = Mr</msg>
<var>${name_title}</var>
<arg>${json_data["results"][0]["name"]["title"]}</arg>
<doc>Returns the given values which can then be assigned to a variables.</doc>
<status status="PASS" start="2024-04-17T01:56:28.660348" elapsed="0.000408"/>
</kw>
<kw name="Create List" owner="BuiltIn">
<msg time="2024-04-17T01:56:28.661206" level="INFO">${allowed_titles} = ['Mr', 'Ms', 'Miss', 'Mrs', 'Madame', 'Monsieur']</msg>
<var>${allowed_titles}</var>
<arg>Mr</arg>
<arg>Ms</arg>
<arg>Miss</arg>
<arg>Mrs</arg>
<arg>Madame</arg>
<arg>Monsieur</arg>
<doc>Returns a list containing given items.</doc>
<status status="PASS" start="2024-04-17T01:56:28.661058" elapsed="0.000172"/>
</kw>
<kw name="List Should Contain Value" owner="Collections">
<msg time="2024-04-17T01:56:28.661733" level="INFO">False</msg>
<arg>${allowed_titles}</arg>
<arg>${name_title}</arg>
<doc>Fails if the ``value`` is not found from ``list``.</doc>
<status status="PASS" start="2024-04-17T01:56:28.661533" elapsed="0.000239"/>
</kw>
<kw name="Set Variable" owner="BuiltIn">
<msg time="2024-04-17T01:56:28.662445" level="INFO">${name_country} = FI</msg>
<var>${name_country}</var>
<arg>${json_data["results"][0]["nat"]}</arg>
<doc>Returns the given values which can then be assigned to a variables.</doc>
<status status="PASS" start="2024-04-17T01:56:28.662072" elapsed="0.000397"/>
</kw>
<kw name="Create List" owner="BuiltIn">
<msg time="2024-04-17T01:56:28.663404" level="INFO">${list_country} = ['AD', 'AE', 'AF', 'AG', 'AI', 'AL', 'AM', 'AO', 'AQ', 'AR', 'AS', 'AT', 'AU', 'AW', 'AX', 'AZ', 'BA', 'BB', 'BD', 'BE', 'BF', 'BG', 'BH', 'BI', 'BJ', 'BL', 'BM', 'BN', 'BO', 'BQ', 'BR', 'BS', 'BT', '...</msg>
<var>${list_country}</var>
<arg>AD</arg>
<arg>AE</arg>
<arg>AF</arg>
<arg>AG</arg>
<arg>AI</arg>
<arg>AL</arg>
<arg>AM</arg>
<arg>AO</arg>
<arg>AQ</arg>
<arg>AR</arg>
<arg>AS</arg>
<arg>AT</arg>
<arg>AU</arg>
<arg>AW</arg>
<arg>AX</arg>
<arg>AZ</arg>
<arg>BA</arg>
<arg>BB</arg>
<arg>BD</arg>
<arg>BE</arg>
<arg>BF</arg>
<arg>BG</arg>
<arg>BH</arg>
<arg>BI</arg>
<arg>BJ</arg>
<arg>BL</arg>
<arg>BM</arg>
<arg>BN</arg>
<arg>BO</arg>
<arg>BQ</arg>
<arg>BR</arg>
<arg>BS</arg>
<arg>BT</arg>
<arg>BV</arg>
<arg>BW</arg>
<arg>BY</arg>
<arg>BZ</arg>
<arg>CA</arg>
<arg>CC</arg>
<arg>CD</arg>
<arg>CF</arg>
<arg>CG</arg>
<arg>CH</arg>
<arg>CI</arg>
<arg>CK</arg>
<arg>CL</arg>
<arg>CM</arg>
<arg>CN</arg>
<arg>CO</arg>
<arg>CR</arg>
<arg>CU</arg>
<arg>CV</arg>
<arg>CW</arg>
<arg>CX</arg>
<arg>CY</arg>
<arg>CZ</arg>
<arg>DE</arg>
<arg>DJ</arg>
<arg>DK</arg>
<arg>DM</arg>
<arg>DO</arg>
<arg>DZ</arg>
<arg>EC</arg>
<arg>EE</arg>
<arg>EG</arg>
<arg>EH</arg>
<arg>ER</arg>
<arg>ES</arg>
<arg>ET</arg>
<arg>FI</arg>
<arg>FJ</arg>
<arg>FK</arg>
<arg>FM</arg>
<arg>FO</arg>
<arg>FR</arg>
<arg>GA</arg>
<arg>GB</arg>
<arg>GD</arg>
<arg>GE</arg>
<arg>GF</arg>
<arg>GG</arg>
<arg>GH</arg>
<arg>GI</arg>
<arg>GL</arg>
<arg>GM</arg>
<arg>GN</arg>
<arg>GP</arg>
<arg>GQ</arg>
<arg>GR</arg>
<arg>GS</arg>
<arg>GT</arg>
<arg>GU</arg>
<arg>GW</arg>
<arg>GY</arg>
<arg>HK</arg>
<arg>HM</arg>
<arg>HN</arg>
<arg>HR</arg>
<arg>HT</arg>
<arg>HU</arg>
<arg>ID</arg>
<arg>IE</arg>
<arg>IL</arg>
<arg>IM</arg>
<arg>IN</arg>
<arg>IO</arg>
<arg>IQ</arg>
<arg>IR</arg>
<arg>IS</arg>
<arg>IT</arg>
<arg>JE</arg>
<arg>JM</arg>
<arg>JO</arg>
<arg>JP</arg>
<arg>KE</arg>
<arg>KG</arg>
<arg>KH</arg>
<arg>KI</arg>
<arg>KM</arg>
<arg>KN</arg>
<arg>KP</arg>
<arg>KR</arg>
<arg>KW</arg>
<arg>KY</arg>
<arg>KZ</arg>
<arg>LA</arg>
<arg>LB</arg>
<arg>LC</arg>
<arg>LI</arg>
<arg>LK</arg>
<arg>LR</arg>
<arg>LS</arg>
<arg>LT</arg>
<arg>LU</arg>
<arg>LV</arg>
<arg>LY</arg>
<arg>MA</arg>
<arg>MC</arg>
<arg>MD</arg>
<arg>ME</arg>
<arg>MF</arg>
<arg>MG</arg>
<arg>MH</arg>
<arg>MK</arg>
<arg>ML</arg>
<arg>MM</arg>
<arg>MN</arg>
<arg>MO</arg>
<arg>MP</arg>
<arg>MQ</arg>
<arg>MR</arg>
<arg>MS</arg>
<arg>MT</arg>
<arg>MU</arg>
<arg>MV</arg>
<arg>MW</arg>
<arg>MX</arg>
<arg>MY</arg>
<arg>MZ</arg>
<arg>NA</arg>
<arg>NC</arg>
<arg>NE</arg>
<arg>NF</arg>
<arg>NG</arg>
<arg>NI</arg>
<arg>NL</arg>
<arg>NO</arg>
<arg>NP</arg>
<arg>NR</arg>
<arg>NU</arg>
<arg>NZ</arg>
<arg>OM</arg>
<arg>PA</arg>
<arg>PE</arg>
<arg>PF</arg>
<arg>PG</arg>
<arg>PH</arg>
<arg>PK</arg>
<arg>PL</arg>
<arg>PM</arg>
<arg>PN</arg>
<arg>PR</arg>
<arg>PS</arg>
<arg>PT</arg>
<arg>PW</arg>
<arg>PY</arg>
<arg>QA</arg>
<arg>RE</arg>
<arg>RO</arg>
<arg>RS</arg>
<arg>RU</arg>
<arg>RW</arg>
<arg>SA</arg>
<arg>SB</arg>
<arg>SC</arg>
<arg>SD</arg>
<arg>SE</arg>
<arg>SG</arg>
<arg>SH</arg>
<arg>SI</arg>
<arg>SJ</arg>
<arg>SK</arg>
<arg>SL</arg>
<arg>SM</arg>
<arg>SN</arg>
<arg>SO</arg>
<arg>SR</arg>
<arg>SS</arg>
<arg>ST</arg>
<arg>SV</arg>
<arg>SX</arg>
<arg>SY</arg>
<arg>SZ</arg>
<arg>TC</arg>
<arg>TD</arg>
<arg>TF</arg>
<arg>TG</arg>
<arg>TH</arg>
<arg>TJ</arg>
<arg>TK</arg>
<arg>TL</arg>
<arg>TM</arg>
<arg>TN</arg>
<arg>TO</arg>
<arg>TR</arg>
<arg>TT</arg>
<arg>TV</arg>
<arg>TW</arg>
<arg>TZ</arg>
<arg>UA</arg>
<arg>UG</arg>
<arg>UM</arg>
<arg>US</arg>
<arg>UY</arg>
<arg>UZ</arg>
<arg>VA</arg>
<arg>VC</arg>
<arg>VE</arg>
<arg>VG</arg>
<arg>VI</arg>
<arg>VN</arg>
<arg>VU</arg>
<arg>WF</arg>
<arg>WS</arg>
<arg>XK</arg>
<arg>YE</arg>
<arg>YT</arg>
<arg>ZA</arg>
<arg>ZM</arg>
<arg>ZW</arg>
<doc>Returns a list containing given items.</doc>
<status status="PASS" start="2024-04-17T01:56:28.662781" elapsed="0.000648"/>
</kw>
<kw name="List Should Contain Value" owner="Collections">
<msg time="2024-04-17T01:56:28.664454" level="INFO">False</msg>
<arg>${list_country}</arg>
<arg>${name_country}</arg>
<doc>Fails if the ``value`` is not found from ``list``.</doc>
<status status="PASS" start="2024-04-17T01:56:28.664249" elapsed="0.000245"/>
</kw>
<kw name="Run Keyword If" owner="BuiltIn">
<kw name="Should Be True" owner="BuiltIn">
<arg>${True}</arg>
<doc>Fails if the given condition is not true.</doc>
<status status="PASS" start="2024-04-17T01:56:28.665714" elapsed="0.000149"/>
</kw>
<arg>${json_data["results"][0]["location"]["coordinates"]["latitude"]} &gt;= -90 and ${json_data["results"][0]["location"]["coordinates"]["latitude"]} &lt;= 90</arg>
<arg>Should Be True</arg>
<arg>${True}</arg>
<doc>Runs the given keyword with the given arguments, if ``condition`` is true.</doc>
<status status="PASS" start="2024-04-17T01:56:28.664817" elapsed="0.001176"/>
</kw>
<kw name="Run Keyword If" owner="BuiltIn">
<kw name="Should Be True" owner="BuiltIn">
<arg>${True}</arg>
<doc>Fails if the given condition is not true.</doc>
<status status="PASS" start="2024-04-17T01:56:28.666887" elapsed="0.000140"/>
</kw>
<arg>${json_data["results"][0]["location"]["coordinates"]["longitude"]} &gt;= -180 and ${json_data["results"][0]["location"]["coordinates"]["longitude"]} &lt;= 180</arg>
<arg>Should Be True</arg>
<arg>${True}</arg>
<doc>Runs the given keyword with the given arguments, if ``condition`` is true.</doc>
<status status="PASS" start="2024-04-17T01:56:28.666182" elapsed="0.000977"/>
</kw>
<status status="PASS" start="2024-04-17T01:56:28.577661" elapsed="0.089680"/>
</kw>
<doc>Testa o conteúdo específico dos campos retornados pela API.</doc>
<tag>testeConteudo</tag>
<status status="PASS" start="2024-04-17T01:56:28.577099" elapsed="0.090397"/>
</test>
<status status="PASS" start="2024-04-17T01:56:27.782597" elapsed="0.886874"/>
</suite>
<status status="PASS" start="2024-04-17T01:56:27.769010" elapsed="0.905879"/>
</suite>
<statistics>
<total>
<stat pass="5" fail="0" skip="0">All Tests</stat>
</total>
<tag>
<stat pass="1" fail="0" skip="0">testeConteudo</stat>
<stat pass="1" fail="0" skip="0">testeEstruturaResposta</stat>
<stat pass="1" fail="0" skip="0">testeRequisicaoBasica</stat>
<stat pass="1" fail="0" skip="0">testeTiposDados</stat>
</tag>
<suite>
<stat pass="5" fail="0" skip="0" id="s1" name="Tests">Tests</stat>
<stat pass="5" fail="0" skip="0" id="s1-s1" name="Random-User-Test">Tests.Random-User-Test</stat>
</suite>
</statistics>
<errors>
</errors>
</robot>
