<?xml version="1.0" encoding="UTF-8"?>
<robot generator="Robot 7.0 (Python 3.12.2 on linux)" generated="2024-04-09T17:12:39.810972" rpa="false" schemaversion="5">
<suite id="s1" name="Tests" source="/home/runner/work/DesafioQAItauRogerioJordao/DesafioQAItauRogerioJordao/RamdonUser/tests">
<suite id="s1-s1" name="Random-User-Test" source="/home/runner/work/DesafioQAItauRogerioJordao/DesafioQAItauRogerioJordao/RamdonUser/tests/random-user-test.robot">
<test id="s1-s1-t1" name="Conectar" line="13">
<kw name="Conectar API" owner="random-user-service">
<kw name="Create Session" owner="RequestsLibrary">
<msg time="2024-04-09T17:12:40.167527" level="INFO">Creating Session using : alias=consultarAPI, url=https://randomuser.me/, headers={},                     cookies={}, auth=None, timeout=None, proxies=None, verify=False,                     debug=0 </msg>
<arg>consultarAPI</arg>
<arg>${URL}</arg>
<doc>Create Session: create a HTTP session to a server</doc>
<status status="PASS" start="2024-04-09T17:12:40.167309" elapsed="0.000423"/>
</kw>
<status status="PASS" start="2024-04-09T17:12:40.166268" elapsed="0.001841"/>
</kw>
<status status="PASS" start="2024-04-09T17:12:40.165704" elapsed="0.002615"/>
</test>
<test id="s1-s1-t2" name="Validar retorno 200 e JSON Válido" line="16">
<kw name="Teste de Requisicao Basica" owner="random-user-service">
<kw name="GET On Session" owner="RequestsLibrary">
<msg time="2024-04-09T17:12:40.898171" level="INFO">GET Request : url=https://randomuser.me/api 
 path_url=/api 
 headers={'User-Agent': 'python-requests/2.31.0', 'Accept-Encoding': 'gzip, deflate', 'Accept': '*/*', 'Connection': 'keep-alive'} 
 body=None 
 </msg>
<msg time="2024-04-09T17:12:40.898324" level="INFO">GET Response : url=https://randomuser.me/api 
 status=200, reason=OK 
 headers={'Date': 'Tue, 09 Apr 2024 17:12:40 GMT', 'Content-Type': 'application/json; charset=utf-8', 'Transfer-Encoding': 'chunked', 'Connection': 'keep-alive', 'X-Powered-By': 'Express', 'Access-Control-Allow-Origin': '*', 'Cache-Control': 'no-cache', 'ETag': 'W/"492-UlZfJe9OCM1HdNUnysAtedUU/AE"', 'Vary': 'Accept-Encoding', 'Content-Encoding': 'gzip', 'CF-Cache-Status': 'DYNAMIC', 'Report-To': '{"endpoints":[{"url":"https:\\/\\/a.nel.cloudflare.com\\/report\\/v4?s=0DOy1S4DMcdirzGqKB2SO2d2olCHxHaHnDiaLaxOFJZECVIoKr1bkPGWXLDX1ESCUFT%2F49V8HT0NVYGldpsaM5GHGyr69fpcdN7oS2w6ZLWJUEmYqnZ3Oyy92gWH5o32"}],"group":"cf-nel","max_age":604800}', 'NEL': '{"success_fraction":0,"report_to":"cf-nel","max_age":604800}', 'Server': 'cloudflare', 'CF-RAY': '871c1f93fe2e0641-IAD', 'alt-svc': 'h3=":443"; ma=86400'} 
 body={"results":[{"gender":"male","name":{"title":"Mr","first":"Joris","last":"Morin"},"location":{"street":{"number":9913,"name":"Rue Saint-Georges"},"city":"Rueil-Malmaison","state":"Ardennes","country":"France","postcode":95330,"coordinates":{"latitude":"-21.1805","longitude":"-21.3839"},"timezone":{"offset":"-11:00","description":"Midway Island, Samoa"}},"email":"joris.morin@example.com","login":{"uuid":"6b0ffc0f-a462-4b39-a334-4be53b5732ba","username":"blueelephant347","password":"charley","salt":"OrAlSnJP","md5":"8c1c2109feba4b8d357195d2e595f342","sha1":"2ee11dc8e832e1e179609144502020571730e9e0","sha256":"c34aa1cd2642bc7aa70b6767f257e2bf588b3e0434d2ecfeb6eb27edb7df9cde"},"dob":{"date":"1986-09-16T15:34:55.665Z","age":37},"registered":{"date":"2020-06-16T06:20:29.700Z","age":3},"phone":"02-73-42-17-67","cell":"06-06-60-56-75","id":{"name":"INSEE","value":"1860805230522 44"},"picture":{"large":"https://randomuser.me/api/portraits/men/34.jpg","medium":"https://randomuser.me/api/portraits/med/men/34.jpg","thumbnail":"https://randomuser.me/api/portraits/thumb/men/34.jpg"},"nat":"FR"}],"info":{"seed":"7c29d3b696c8c1ad","results":1,"page":1,"version":"1.4"}} 
 </msg>
<msg time="2024-04-09T17:12:40.898408" level="INFO">/opt/hostedtoolcache/Python/3.12.2/x64/lib/python3.12/site-packages/urllib3/connectionpool.py:1103: InsecureRequestWarning: Unverified HTTPS request is being made to host 'randomuser.me'. Adding certificate verification is strongly advised. See: https://urllib3.readthedocs.io/en/latest/advanced-usage.html#tls-warnings
  warnings.warn(</msg>
<msg time="2024-04-09T17:12:40.898557" level="INFO">${response} = &lt;Response [200]&gt;</msg>
<var>${response}</var>
<arg>consultarAPI</arg>
<arg>/api</arg>
<doc>Sends a GET request on a previously created HTTP Session.</doc>
<status status="PASS" start="2024-04-09T17:12:40.170972" elapsed="0.727627"/>
</kw>
<kw name="Should Be Equal As Numbers" owner="BuiltIn">
<msg time="2024-04-09T17:12:40.899739" level="INFO">Argument types are:
&lt;class 'int'&gt;
&lt;class 'str'&gt;</msg>
<arg>${response.status_code}</arg>
<arg>200</arg>
<doc>Fails if objects are unequal after converting them to real numbers.</doc>
<status status="PASS" start="2024-04-09T17:12:40.899252" elapsed="0.000551"/>
</kw>
<kw name="Log" owner="BuiltIn">
<msg time="2024-04-09T17:12:40.900484" level="INFO">200</msg>
<arg>${response.status_code}</arg>
<doc>Logs the given message with the given level.</doc>
<status status="PASS" start="2024-04-09T17:12:40.900129" elapsed="0.000398"/>
</kw>
<kw name="Set Variable" owner="BuiltIn">
<msg time="2024-04-09T17:12:40.901351" level="INFO">${json_data} = {'results': [{'gender': 'male', 'name': {'title': 'Mr', 'first': 'Joris', 'last': 'Morin'}, 'location': {'street': {'number': 9913, 'name': 'Rue Saint-Georges'}, 'city': 'Rueil-Malmaison', 'state': 'A...</msg>
<var>${json_data}</var>
<arg>${response.json()}</arg>
<doc>Returns the given values which can then be assigned to a variables.</doc>
<status status="PASS" start="2024-04-09T17:12:40.900866" elapsed="0.000514"/>
</kw>
<kw name="Dictionary Should Contain Key" owner="Collections">
<msg time="2024-04-09T17:12:40.901858" level="INFO">False</msg>
<arg>${json_data}</arg>
<arg>results</arg>
<doc>Fails if ``key`` is not found from ``dictionary``.</doc>
<status status="PASS" start="2024-04-09T17:12:40.901689" elapsed="0.000208"/>
</kw>
<status status="PASS" start="2024-04-09T17:12:40.170711" elapsed="0.731447"/>
</kw>
<doc>Testa se a API responde corretamente e retorna um objeto JSON válido.</doc>
<tag>testeRequisicaoBasica</tag>
<status status="PASS" start="2024-04-09T17:12:40.170218" elapsed="0.732129"/>
</test>
<test id="s1-s1-t3" name="Validar estrutura de resposta" line="22">
<kw name="Teste de Estrutura de Resposta" owner="random-user-service">
<kw name="GET On Session" owner="RequestsLibrary">
<msg time="2024-04-09T17:12:41.183869" level="INFO">GET Request : url=https://randomuser.me/api 
 path_url=/api 
 headers={'User-Agent': 'python-requests/2.31.0', 'Accept-Encoding': 'gzip, deflate', 'Accept': '*/*', 'Connection': 'keep-alive'} 
 body=None 
 </msg>
<msg time="2024-04-09T17:12:41.183959" level="INFO">GET Response : url=https://randomuser.me/api 
 status=200, reason=OK 
 headers={'Date': 'Tue, 09 Apr 2024 17:12:41 GMT', 'Content-Type': 'application/json; charset=utf-8', 'Transfer-Encoding': 'chunked', 'Connection': 'keep-alive', 'X-Powered-By': 'Express', 'Access-Control-Allow-Origin': '*', 'Cache-Control': 'no-cache', 'ETag': 'W/"484-g8sMYiCmK9g/6rhQw+0rgSk+A9I"', 'Vary': 'Accept-Encoding', 'Content-Encoding': 'gzip', 'CF-Cache-Status': 'DYNAMIC', 'Report-To': '{"endpoints":[{"url":"https:\\/\\/a.nel.cloudflare.com\\/report\\/v4?s=ty0gNANRMyGPSft4iPRTrOd6I96Fa6byvwPk1fK0BgqWfZZD6cBSlTtXjblt4tUZmwtOsKgt%2F7TLKBs3AHd7qGjokQAXYJUU2dXfZn7OIzfBUQOfECiVuYsRiwJrF7H2"}],"group":"cf-nel","max_age":604800}', 'NEL': '{"success_fraction":0,"report_to":"cf-nel","max_age":604800}', 'Server': 'cloudflare', 'CF-RAY': '871c1f97b9ff0641-IAD', 'alt-svc': 'h3=":443"; ma=86400'} 
 body={"results":[{"gender":"female","name":{"title":"Miss","first":"Katie","last":"Hoffman"},"location":{"street":{"number":4062,"name":"Rookery Road"},"city":"Longford","state":"Kildare","country":"Ireland","postcode":12962,"coordinates":{"latitude":"1.0487","longitude":"164.0194"},"timezone":{"offset":"+2:00","description":"Kaliningrad, South Africa"}},"email":"katie.hoffman@example.com","login":{"uuid":"86186b96-0474-42e3-b40c-5f9a879380c3","username":"silvergoose952","password":"2112","salt":"qEpj4p8q","md5":"bde4800667bf2e4b601a8a6ae18744f2","sha1":"d0a53a014e8ead51e0ca8ed184921b404a219acc","sha256":"d27e0bf5743e342a273862cea27d0c1a2cd4d5c8147913fbd639f5d68f62bee1"},"dob":{"date":"1977-04-12T05:28:00.355Z","age":46},"registered":{"date":"2015-11-23T01:10:00.870Z","age":8},"phone":"041-625-0724","cell":"081-870-6223","id":{"name":"PPS","value":"0328855T"},"picture":{"large":"https://randomuser.me/api/portraits/women/53.jpg","medium":"https://randomuser.me/api/portraits/med/women/53.jpg","thumbnail":"https://randomuser.me/api/portraits/thumb/women/53.jpg"},"nat":"IE"}],"info":{"seed":"9429495d2867bb6c","results":1,"page":1,"version":"1.4"}} 
 </msg>
<msg time="2024-04-09T17:12:41.184098" level="INFO">/opt/hostedtoolcache/Python/3.12.2/x64/lib/python3.12/site-packages/urllib3/connectionpool.py:1103: InsecureRequestWarning: Unverified HTTPS request is being made to host 'randomuser.me'. Adding certificate verification is strongly advised. See: https://urllib3.readthedocs.io/en/latest/advanced-usage.html#tls-warnings
  warnings.warn(</msg>
<msg time="2024-04-09T17:12:41.184232" level="INFO">${response} = &lt;Response [200]&gt;</msg>
<var>${response}</var>
<arg>consultarAPI</arg>
<arg>/api</arg>
<doc>Sends a GET request on a previously created HTTP Session.</doc>
<status status="PASS" start="2024-04-09T17:12:40.905568" elapsed="0.278707"/>
</kw>
<kw name="Set Variable" owner="BuiltIn">
<msg time="2024-04-09T17:12:41.185377" level="INFO">${json_data} = {'results': [{'gender': 'female', 'name': {'title': 'Miss', 'first': 'Katie', 'last': 'Hoffman'}, 'location': {'street': {'number': 4062, 'name': 'Rookery Road'}, 'city': 'Longford', 'state': 'Kildare...</msg>
<var>${json_data}</var>
<arg>${response.json()}</arg>
<doc>Returns the given values which can then be assigned to a variables.</doc>
<status status="PASS" start="2024-04-09T17:12:41.184747" elapsed="0.000660"/>
</kw>
<kw name="Log" owner="BuiltIn">
<msg time="2024-04-09T17:12:41.185880" level="INFO">{'results': [{'gender': 'female', 'name': {'title': 'Miss', 'first': 'Katie', 'last': 'Hoffman'}, 'location': {'street': {'number': 4062, 'name': 'Rookery Road'}, 'city': 'Longford', 'state': 'Kildare', 'country': 'Ireland', 'postcode': 12962, 'coordinates': {'latitude': '1.0487', 'longitude': '164.0194'}, 'timezone': {'offset': '+2:00', 'description': 'Kaliningrad, South Africa'}}, 'email': 'katie.hoffman@example.com', 'login': {'uuid': '86186b96-0474-42e3-b40c-5f9a879380c3', 'username': 'silvergoose952', 'password': '2112', 'salt': 'qEpj4p8q', 'md5': 'bde4800667bf2e4b601a8a6ae18744f2', 'sha1': 'd0a53a014e8ead51e0ca8ed184921b404a219acc', 'sha256': 'd27e0bf5743e342a273862cea27d0c1a2cd4d5c8147913fbd639f5d68f62bee1'}, 'dob': {'date': '1977-04-12T05:28:00.355Z', 'age': 46}, 'registered': {'date': '2015-11-23T01:10:00.870Z', 'age': 8}, 'phone': '041-625-0724', 'cell': '081-870-6223', 'id': {'name': 'PPS', 'value': '0328855T'}, 'picture': {'large': 'https://randomuser.me/api/portraits/women/53.jpg', 'medium': 'https://randomuser.me/api/portraits/med/women/53.jpg', 'thumbnail': 'https://randomuser.me/api/portraits/thumb/women/53.jpg'}, 'nat': 'IE'}], 'info': {'seed': '9429495d2867bb6c', 'results': 1, 'page': 1, 'version': '1.4'}}</msg>
<arg>${json_data}</arg>
<doc>Logs the given message with the given level.</doc>
<status status="PASS" start="2024-04-09T17:12:41.185722" elapsed="0.000206"/>
</kw>
<kw name="Dictionary Should Contain Key" owner="Collections">
<msg time="2024-04-09T17:12:41.186390" level="INFO">False</msg>
<arg>${json_data}</arg>
<arg>results</arg>
<doc>Fails if ``key`` is not found from ``dictionary``.</doc>
<status status="PASS" start="2024-04-09T17:12:41.186237" elapsed="0.000191"/>
</kw>
<kw name="Should Not Be Empty" owner="BuiltIn">
<msg time="2024-04-09T17:12:41.186874" level="INFO">Length is 2.</msg>
<arg>${json_data}</arg>
<doc>Verifies that the given item is not empty.</doc>
<status status="PASS" start="2024-04-09T17:12:41.186741" elapsed="0.000171"/>
</kw>
<kw name="Create List" owner="BuiltIn">
<msg time="2024-04-09T17:12:41.187361" level="INFO">${expected_keys} = ['gender', 'name', 'location', 'email', 'login']</msg>
<var>${expected_keys}</var>
<arg>gender</arg>
<arg>name</arg>
<arg>location</arg>
<arg>email</arg>
<arg>login</arg>
<doc>Returns a list containing given items.</doc>
<status status="PASS" start="2024-04-09T17:12:41.187213" elapsed="0.000172"/>
</kw>
<for flavor="IN">
<iter>
<kw name="Dictionary Should Contain Key" owner="Collections">
<msg time="2024-04-09T17:12:41.188347" level="INFO">False</msg>
<arg>${json_data['results'][0]}</arg>
<arg>${key}</arg>
<doc>Fails if ``key`` is not found from ``dictionary``.</doc>
<status status="PASS" start="2024-04-09T17:12:41.187948" elapsed="0.000438"/>
</kw>
<kw name="Log" owner="BuiltIn">
<msg time="2024-04-09T17:12:41.189062" level="INFO">{'gender': 'female', 'name': {'title': 'Miss', 'first': 'Katie', 'last': 'Hoffman'}, 'location': {'street': {'number': 4062, 'name': 'Rookery Road'}, 'city': 'Longford', 'state': 'Kildare', 'country': 'Ireland', 'postcode': 12962, 'coordinates': {'latitude': '1.0487', 'longitude': '164.0194'}, 'timezone': {'offset': '+2:00', 'description': 'Kaliningrad, South Africa'}}, 'email': 'katie.hoffman@example.com', 'login': {'uuid': '86186b96-0474-42e3-b40c-5f9a879380c3', 'username': 'silvergoose952', 'password': '2112', 'salt': 'qEpj4p8q', 'md5': 'bde4800667bf2e4b601a8a6ae18744f2', 'sha1': 'd0a53a014e8ead51e0ca8ed184921b404a219acc', 'sha256': 'd27e0bf5743e342a273862cea27d0c1a2cd4d5c8147913fbd639f5d68f62bee1'}, 'dob': {'date': '1977-04-12T05:28:00.355Z', 'age': 46}, 'registered': {'date': '2015-11-23T01:10:00.870Z', 'age': 8}, 'phone': '041-625-0724', 'cell': '081-870-6223', 'id': {'name': 'PPS', 'value': '0328855T'}, 'picture': {'large': 'https://randomuser.me/api/portraits/women/53.jpg', 'medium': 'https://randomuser.me/api/portraits/med/women/53.jpg', 'thumbnail': 'https://randomuser.me/api/portraits/thumb/women/53.jpg'}, 'nat': 'IE'}</msg>
<arg>${json_data['results'][0]}</arg>
<doc>Logs the given message with the given level.</doc>
<status status="PASS" start="2024-04-09T17:12:41.188701" elapsed="0.000415"/>
</kw>
<kw name="Log" owner="BuiltIn">
<msg time="2024-04-09T17:12:41.189586" level="INFO">gender</msg>
<arg>${key}</arg>
<doc>Logs the given message with the given level.</doc>
<status status="PASS" start="2024-04-09T17:12:41.189454" elapsed="0.000170"/>
</kw>
<var name="${key}">gender</var>
<status status="PASS" start="2024-04-09T17:12:41.187823" elapsed="0.002025"/>
</iter>
<iter>
<kw name="Dictionary Should Contain Key" owner="Collections">
<msg time="2024-04-09T17:12:41.190543" level="INFO">False</msg>
<arg>${json_data['results'][0]}</arg>
<arg>${key}</arg>
<doc>Fails if ``key`` is not found from ``dictionary``.</doc>
<status status="PASS" start="2024-04-09T17:12:41.190155" elapsed="0.000426"/>
</kw>
<kw name="Log" owner="BuiltIn">
<msg time="2024-04-09T17:12:41.191266" level="INFO">{'gender': 'female', 'name': {'title': 'Miss', 'first': 'Katie', 'last': 'Hoffman'}, 'location': {'street': {'number': 4062, 'name': 'Rookery Road'}, 'city': 'Longford', 'state': 'Kildare', 'country': 'Ireland', 'postcode': 12962, 'coordinates': {'latitude': '1.0487', 'longitude': '164.0194'}, 'timezone': {'offset': '+2:00', 'description': 'Kaliningrad, South Africa'}}, 'email': 'katie.hoffman@example.com', 'login': {'uuid': '86186b96-0474-42e3-b40c-5f9a879380c3', 'username': 'silvergoose952', 'password': '2112', 'salt': 'qEpj4p8q', 'md5': 'bde4800667bf2e4b601a8a6ae18744f2', 'sha1': 'd0a53a014e8ead51e0ca8ed184921b404a219acc', 'sha256': 'd27e0bf5743e342a273862cea27d0c1a2cd4d5c8147913fbd639f5d68f62bee1'}, 'dob': {'date': '1977-04-12T05:28:00.355Z', 'age': 46}, 'registered': {'date': '2015-11-23T01:10:00.870Z', 'age': 8}, 'phone': '041-625-0724', 'cell': '081-870-6223', 'id': {'name': 'PPS', 'value': '0328855T'}, 'picture': {'large': 'https://randomuser.me/api/portraits/women/53.jpg', 'medium': 'https://randomuser.me/api/portraits/med/women/53.jpg', 'thumbnail': 'https://randomuser.me/api/portraits/thumb/women/53.jpg'}, 'nat': 'IE'}</msg>
<arg>${json_data['results'][0]}</arg>
<doc>Logs the given message with the given level.</doc>
<status status="PASS" start="2024-04-09T17:12:41.190906" elapsed="0.000408"/>
</kw>
<kw name="Log" owner="BuiltIn">
<msg time="2024-04-09T17:12:41.191741" level="INFO">name</msg>
<arg>${key}</arg>
<doc>Logs the given message with the given level.</doc>
<status status="PASS" start="2024-04-09T17:12:41.191613" elapsed="0.000173"/>
</kw>
<var name="${key}">name</var>
<status status="PASS" start="2024-04-09T17:12:41.190039" elapsed="0.001963"/>
</iter>
<iter>
<kw name="Dictionary Should Contain Key" owner="Collections">
<msg time="2024-04-09T17:12:41.192668" level="INFO">False</msg>
<arg>${json_data['results'][0]}</arg>
<arg>${key}</arg>
<doc>Fails if ``key`` is not found from ``dictionary``.</doc>
<status status="PASS" start="2024-04-09T17:12:41.192296" elapsed="0.000410"/>
</kw>
<kw name="Log" owner="BuiltIn">
<msg time="2024-04-09T17:12:41.193417" level="INFO">{'gender': 'female', 'name': {'title': 'Miss', 'first': 'Katie', 'last': 'Hoffman'}, 'location': {'street': {'number': 4062, 'name': 'Rookery Road'}, 'city': 'Longford', 'state': 'Kildare', 'country': 'Ireland', 'postcode': 12962, 'coordinates': {'latitude': '1.0487', 'longitude': '164.0194'}, 'timezone': {'offset': '+2:00', 'description': 'Kaliningrad, South Africa'}}, 'email': 'katie.hoffman@example.com', 'login': {'uuid': '86186b96-0474-42e3-b40c-5f9a879380c3', 'username': 'silvergoose952', 'password': '2112', 'salt': 'qEpj4p8q', 'md5': 'bde4800667bf2e4b601a8a6ae18744f2', 'sha1': 'd0a53a014e8ead51e0ca8ed184921b404a219acc', 'sha256': 'd27e0bf5743e342a273862cea27d0c1a2cd4d5c8147913fbd639f5d68f62bee1'}, 'dob': {'date': '1977-04-12T05:28:00.355Z', 'age': 46}, 'registered': {'date': '2015-11-23T01:10:00.870Z', 'age': 8}, 'phone': '041-625-0724', 'cell': '081-870-6223', 'id': {'name': 'PPS', 'value': '0328855T'}, 'picture': {'large': 'https://randomuser.me/api/portraits/women/53.jpg', 'medium': 'https://randomuser.me/api/portraits/med/women/53.jpg', 'thumbnail': 'https://randomuser.me/api/portraits/thumb/women/53.jpg'}, 'nat': 'IE'}</msg>
<arg>${json_data['results'][0]}</arg>
<doc>Logs the given message with the given level.</doc>
<status status="PASS" start="2024-04-09T17:12:41.193010" elapsed="0.000459"/>
</kw>
<kw name="Log" owner="BuiltIn">
<msg time="2024-04-09T17:12:41.193910" level="INFO">location</msg>
<arg>${key}</arg>
<doc>Logs the given message with the given level.</doc>
<status status="PASS" start="2024-04-09T17:12:41.193771" elapsed="0.000178"/>
</kw>
<var name="${key}">location</var>
<status status="PASS" start="2024-04-09T17:12:41.192184" elapsed="0.001982"/>
</iter>
<iter>
<kw name="Dictionary Should Contain Key" owner="Collections">
<msg time="2024-04-09T17:12:41.194827" level="INFO">False</msg>
<arg>${json_data['results'][0]}</arg>
<arg>${key}</arg>
<doc>Fails if ``key`` is not found from ``dictionary``.</doc>
<status status="PASS" start="2024-04-09T17:12:41.194451" elapsed="0.000413"/>
</kw>
<kw name="Log" owner="BuiltIn">
<msg time="2024-04-09T17:12:41.195523" level="INFO">{'gender': 'female', 'name': {'title': 'Miss', 'first': 'Katie', 'last': 'Hoffman'}, 'location': {'street': {'number': 4062, 'name': 'Rookery Road'}, 'city': 'Longford', 'state': 'Kildare', 'country': 'Ireland', 'postcode': 12962, 'coordinates': {'latitude': '1.0487', 'longitude': '164.0194'}, 'timezone': {'offset': '+2:00', 'description': 'Kaliningrad, South Africa'}}, 'email': 'katie.hoffman@example.com', 'login': {'uuid': '86186b96-0474-42e3-b40c-5f9a879380c3', 'username': 'silvergoose952', 'password': '2112', 'salt': 'qEpj4p8q', 'md5': 'bde4800667bf2e4b601a8a6ae18744f2', 'sha1': 'd0a53a014e8ead51e0ca8ed184921b404a219acc', 'sha256': 'd27e0bf5743e342a273862cea27d0c1a2cd4d5c8147913fbd639f5d68f62bee1'}, 'dob': {'date': '1977-04-12T05:28:00.355Z', 'age': 46}, 'registered': {'date': '2015-11-23T01:10:00.870Z', 'age': 8}, 'phone': '041-625-0724', 'cell': '081-870-6223', 'id': {'name': 'PPS', 'value': '0328855T'}, 'picture': {'large': 'https://randomuser.me/api/portraits/women/53.jpg', 'medium': 'https://randomuser.me/api/portraits/med/women/53.jpg', 'thumbnail': 'https://randomuser.me/api/portraits/thumb/women/53.jpg'}, 'nat': 'IE'}</msg>
<arg>${json_data['results'][0]}</arg>
<doc>Logs the given message with the given level.</doc>
<status status="PASS" start="2024-04-09T17:12:41.195163" elapsed="0.000406"/>
</kw>
<kw name="Log" owner="BuiltIn">
<msg time="2024-04-09T17:12:41.196005" level="INFO">email</msg>
<arg>${key}</arg>
<doc>Logs the given message with the given level.</doc>
<status status="PASS" start="2024-04-09T17:12:41.195876" elapsed="0.000167"/>
</kw>
<var name="${key}">email</var>
<status status="PASS" start="2024-04-09T17:12:41.194340" elapsed="0.001919"/>
</iter>
<iter>
<kw name="Dictionary Should Contain Key" owner="Collections">
<msg time="2024-04-09T17:12:41.196931" level="INFO">False</msg>
<arg>${json_data['results'][0]}</arg>
<arg>${key}</arg>
<doc>Fails if ``key`` is not found from ``dictionary``.</doc>
<status status="PASS" start="2024-04-09T17:12:41.196540" elapsed="0.000428"/>
</kw>
<kw name="Log" owner="BuiltIn">
<msg time="2024-04-09T17:12:41.197661" level="INFO">{'gender': 'female', 'name': {'title': 'Miss', 'first': 'Katie', 'last': 'Hoffman'}, 'location': {'street': {'number': 4062, 'name': 'Rookery Road'}, 'city': 'Longford', 'state': 'Kildare', 'country': 'Ireland', 'postcode': 12962, 'coordinates': {'latitude': '1.0487', 'longitude': '164.0194'}, 'timezone': {'offset': '+2:00', 'description': 'Kaliningrad, South Africa'}}, 'email': 'katie.hoffman@example.com', 'login': {'uuid': '86186b96-0474-42e3-b40c-5f9a879380c3', 'username': 'silvergoose952', 'password': '2112', 'salt': 'qEpj4p8q', 'md5': 'bde4800667bf2e4b601a8a6ae18744f2', 'sha1': 'd0a53a014e8ead51e0ca8ed184921b404a219acc', 'sha256': 'd27e0bf5743e342a273862cea27d0c1a2cd4d5c8147913fbd639f5d68f62bee1'}, 'dob': {'date': '1977-04-12T05:28:00.355Z', 'age': 46}, 'registered': {'date': '2015-11-23T01:10:00.870Z', 'age': 8}, 'phone': '041-625-0724', 'cell': '081-870-6223', 'id': {'name': 'PPS', 'value': '0328855T'}, 'picture': {'large': 'https://randomuser.me/api/portraits/women/53.jpg', 'medium': 'https://randomuser.me/api/portraits/med/women/53.jpg', 'thumbnail': 'https://randomuser.me/api/portraits/thumb/women/53.jpg'}, 'nat': 'IE'}</msg>
<arg>${json_data['results'][0]}</arg>
<doc>Logs the given message with the given level.</doc>
<status status="PASS" start="2024-04-09T17:12:41.197291" elapsed="0.000417"/>
</kw>
<kw name="Log" owner="BuiltIn">
<msg time="2024-04-09T17:12:41.198133" level="INFO">login</msg>
<arg>${key}</arg>
<doc>Logs the given message with the given level.</doc>
<status status="PASS" start="2024-04-09T17:12:41.198004" elapsed="0.000172"/>
</kw>
<var name="${key}">login</var>
<status status="PASS" start="2024-04-09T17:12:41.196430" elapsed="0.001971"/>
</iter>
<var>${key}</var>
<value>@{expected_keys}</value>
<status status="PASS" start="2024-04-09T17:12:41.187639" elapsed="0.010909"/>
</for>
<kw name="Create List" owner="BuiltIn">
<msg time="2024-04-09T17:12:41.198888" level="INFO">${expected_keysTwo} = ['username', 'password']</msg>
<var>${expected_keysTwo}</var>
<arg>username</arg>
<arg>password</arg>
<doc>Returns a list containing given items.</doc>
<status status="PASS" start="2024-04-09T17:12:41.198750" elapsed="0.000162"/>
</kw>
<for flavor="IN">
<iter>
<kw name="Dictionary Should Contain Key" owner="Collections">
<msg time="2024-04-09T17:12:41.199906" level="INFO">False</msg>
<arg>${json_data['results'][0]['login']}</arg>
<arg>${keyTwo}</arg>
<doc>Fails if ``key`` is not found from ``dictionary``.</doc>
<status status="PASS" start="2024-04-09T17:12:41.199520" elapsed="0.000424"/>
</kw>
<kw name="Dictionary Should Contain Key" owner="Collections">
<msg time="2024-04-09T17:12:41.200629" level="INFO">False</msg>
<arg>${json_data['results'][0]['login']}</arg>
<arg>${keyTwo}</arg>
<doc>Fails if ``key`` is not found from ``dictionary``.</doc>
<status status="PASS" start="2024-04-09T17:12:41.200247" elapsed="0.000419"/>
</kw>
<kw name="Log" owner="BuiltIn">
<msg time="2024-04-09T17:12:41.201093" level="INFO">username</msg>
<arg>${keyTwo}</arg>
<doc>Logs the given message with the given level.</doc>
<status status="PASS" start="2024-04-09T17:12:41.200964" elapsed="0.000166"/>
</kw>
<var name="${keyTwo}">username</var>
<status status="PASS" start="2024-04-09T17:12:41.199404" elapsed="0.001991"/>
</iter>
<iter>
<kw name="Dictionary Should Contain Key" owner="Collections">
<msg time="2024-04-09T17:12:41.202053" level="INFO">False</msg>
<arg>${json_data['results'][0]['login']}</arg>
<arg>${keyTwo}</arg>
<doc>Fails if ``key`` is not found from ``dictionary``.</doc>
<status status="PASS" start="2024-04-09T17:12:41.201678" elapsed="0.000412"/>
</kw>
<kw name="Dictionary Should Contain Key" owner="Collections">
<msg time="2024-04-09T17:12:41.202761" level="INFO">False</msg>
<arg>${json_data['results'][0]['login']}</arg>
<arg>${keyTwo}</arg>
<doc>Fails if ``key`` is not found from ``dictionary``.</doc>
<status status="PASS" start="2024-04-09T17:12:41.202385" elapsed="0.000413"/>
</kw>
<kw name="Log" owner="BuiltIn">
<msg time="2024-04-09T17:12:41.203222" level="INFO">password</msg>
<arg>${keyTwo}</arg>
<doc>Logs the given message with the given level.</doc>
<status status="PASS" start="2024-04-09T17:12:41.203093" elapsed="0.000167"/>
</kw>
<var name="${keyTwo}">password</var>
<status status="PASS" start="2024-04-09T17:12:41.201568" elapsed="0.001909"/>
</iter>
<var>${keyTwo}</var>
<value>@{expected_keysTwo}</value>
<status status="PASS" start="2024-04-09T17:12:41.199154" elapsed="0.004445"/>
</for>
<status status="PASS" start="2024-04-09T17:12:40.905256" elapsed="0.298490"/>
</kw>
<doc>Testa a estrutura da resposta da API.</doc>
<tag>testeEstruturaResposta</tag>
<status status="PASS" start="2024-04-09T17:12:40.904204" elapsed="0.299698"/>
</test>
<test id="s1-s1-t4" name="Validar tipos de dados" line="28">
<kw name="Teste de Tipos de Dados" owner="random-user-service">
<kw name="GET On Session" owner="RequestsLibrary">
<msg time="2024-04-09T17:12:41.417396" level="INFO">GET Request : url=https://randomuser.me/api 
 path_url=/api 
 headers={'User-Agent': 'python-requests/2.31.0', 'Accept-Encoding': 'gzip, deflate', 'Accept': '*/*', 'Connection': 'keep-alive'} 
 body=None 
 </msg>
<msg time="2024-04-09T17:12:41.417487" level="INFO">GET Response : url=https://randomuser.me/api 
 status=200, reason=OK 
 headers={'Date': 'Tue, 09 Apr 2024 17:12:41 GMT', 'Content-Type': 'application/json; charset=utf-8', 'Transfer-Encoding': 'chunked', 'Connection': 'keep-alive', 'X-Powered-By': 'Express', 'Access-Control-Allow-Origin': '*', 'Cache-Control': 'no-cache', 'ETag': 'W/"492-1m4jFp+liqyi6DLrYhzYLWW9tGs"', 'Vary': 'Accept-Encoding', 'Content-Encoding': 'gzip', 'CF-Cache-Status': 'DYNAMIC', 'Report-To': '{"endpoints":[{"url":"https:\\/\\/a.nel.cloudflare.com\\/report\\/v4?s=GsDrQH86sAFfiC7ONTGlutBq4pyoaWRn1cKSRGMb3APONDrBsSB2otxxCbgCD3hOLfepUBneqRB84GhXjFU5iIUpx6m95e9yTGbdu%2FvOFIniG9airdUZtYN%2Fl85N7LrO"}],"group":"cf-nel","max_age":604800}', 'NEL': '{"success_fraction":0,"report_to":"cf-nel","max_age":604800}', 'Server': 'cloudflare', 'CF-RAY': '871c1f999c130641-IAD', 'alt-svc': 'h3=":443"; ma=86400'} 
 body={"results":[{"gender":"male","name":{"title":"Mr","first":"Dragan","last":"Mišković"},"location":{"street":{"number":9968,"name":"Bratislava Grbića"},"city":"Arilje","state":"Braničevo","country":"Serbia","postcode":49321,"coordinates":{"latitude":"63.4971","longitude":"-28.5831"},"timezone":{"offset":"+8:00","description":"Beijing, Perth, Singapore, Hong Kong"}},"email":"dragan.miskovic@example.com","login":{"uuid":"36df1006-4dd1-4148-8e35-4431c5a4f817","username":"bluegoose335","password":"thesims","salt":"qYYehqFt","md5":"967cc94839b1696f7623f80136c96233","sha1":"c2da4a38c1d4b20d179f76ce5b80109b4a10e2ba","sha256":"b678ad19233e4737641f6291aa708549c38a792c92f2ad3c58a1d4578c12a618"},"dob":{"date":"1959-06-14T17:19:30.020Z","age":64},"registered":{"date":"2006-10-11T08:50:14.513Z","age":17},"phone":"033-6295-043","cell":"067-6511-726","id":{"name":"SID","value":"699835648"},"picture":{"large":"https://randomuser.me/api/portraits/men/8.jpg","medium":"https://randomuser.me/api/portraits/med/men/8.jpg","thumbnail":"https://randomuser.me/api/portraits/thumb/men/8.jpg"},"nat":"RS"}],"info":{"seed":"40615dea762645c0","results":1,"page":1,"version":"1.4"}} 
 </msg>
<msg time="2024-04-09T17:12:41.417575" level="INFO">/opt/hostedtoolcache/Python/3.12.2/x64/lib/python3.12/site-packages/urllib3/connectionpool.py:1103: InsecureRequestWarning: Unverified HTTPS request is being made to host 'randomuser.me'. Adding certificate verification is strongly advised. See: https://urllib3.readthedocs.io/en/latest/advanced-usage.html#tls-warnings
  warnings.warn(</msg>
<msg time="2024-04-09T17:12:41.417689" level="INFO">${response} = &lt;Response [200]&gt;</msg>
<var>${response}</var>
<arg>consultarAPI</arg>
<arg>/api</arg>
<doc>Sends a GET request on a previously created HTTP Session.</doc>
<status status="PASS" start="2024-04-09T17:12:41.206466" elapsed="0.211263"/>
</kw>
<kw name="Set Variable" owner="BuiltIn">
<msg time="2024-04-09T17:12:41.418851" level="INFO">${json_data} = {'results': [{'gender': 'male', 'name': {'title': 'Mr', 'first': 'Dragan', 'last': 'Mišković'}, 'location': {'street': {'number': 9968, 'name': 'Bratislava Grbića'}, 'city': 'Arilje', 'state': 'Branič...</msg>
<var>${json_data}</var>
<arg>${response.json()}</arg>
<doc>Returns the given values which can then be assigned to a variables.</doc>
<status status="PASS" start="2024-04-09T17:12:41.418295" elapsed="0.000587"/>
</kw>
<kw name="Log" owner="BuiltIn">
<msg time="2024-04-09T17:12:41.419363" level="INFO">{'results': [{'gender': 'male', 'name': {'title': 'Mr', 'first': 'Dragan', 'last': 'Mišković'}, 'location': {'street': {'number': 9968, 'name': 'Bratislava Grbića'}, 'city': 'Arilje', 'state': 'Braničevo', 'country': 'Serbia', 'postcode': 49321, 'coordinates': {'latitude': '63.4971', 'longitude': '-28.5831'}, 'timezone': {'offset': '+8:00', 'description': 'Beijing, Perth, Singapore, Hong Kong'}}, 'email': 'dragan.miskovic@example.com', 'login': {'uuid': '36df1006-4dd1-4148-8e35-4431c5a4f817', 'username': 'bluegoose335', 'password': 'thesims', 'salt': 'qYYehqFt', 'md5': '967cc94839b1696f7623f80136c96233', 'sha1': 'c2da4a38c1d4b20d179f76ce5b80109b4a10e2ba', 'sha256': 'b678ad19233e4737641f6291aa708549c38a792c92f2ad3c58a1d4578c12a618'}, 'dob': {'date': '1959-06-14T17:19:30.020Z', 'age': 64}, 'registered': {'date': '2006-10-11T08:50:14.513Z', 'age': 17}, 'phone': '033-6295-043', 'cell': '067-6511-726', 'id': {'name': 'SID', 'value': '699835648'}, 'picture': {'large': 'https://randomuser.me/api/portraits/men/8.jpg', 'medium': 'https://randomuser.me/api/portraits/med/men/8.jpg', 'thumbnail': 'https://randomuser.me/api/portraits/thumb/men/8.jpg'}, 'nat': 'RS'}], 'info': {'seed': '40615dea762645c0', 'results': 1, 'page': 1, 'version': '1.4'}}</msg>
<arg>${json_data}</arg>
<doc>Logs the given message with the given level.</doc>
<status status="PASS" start="2024-04-09T17:12:41.419199" elapsed="0.000253"/>
</kw>
<kw name="Should Be String" owner="String">
<arg>${json_data['results'][0]['gender']}</arg>
<doc>Fails if the given ``item`` is not a string.</doc>
<status status="PASS" start="2024-04-09T17:12:41.419758" elapsed="0.000371"/>
</kw>
<kw name="Should Match Regexp" owner="BuiltIn">
<arg>${json_data['results'][0]['email']}</arg>
<arg>^[a-zA-Z0-9._%+-]+@[a-zA-Z0-9.-]+\.[a-zA-Z]{2,}$</arg>
<doc>Fails if ``string`` does not match ``pattern`` as a regular expression.</doc>
<status status="PASS" start="2024-04-09T17:12:41.420324" elapsed="0.000522"/>
</kw>
<kw name="Should Match Regexp" owner="BuiltIn">
<arg>${json_data['results'][0]['dob']['date']}</arg>
<arg>\\d{4}-\\d{2}-\\d{2}T\\d{2}:\\d{2}:\\d{2}\\.\\d{3}Z</arg>
<doc>Fails if ``string`` does not match ``pattern`` as a regular expression.</doc>
<status status="PASS" start="2024-04-09T17:12:41.421045" elapsed="0.000564"/>
</kw>
<kw name="Should Match Regexp" owner="BuiltIn">
<arg>${json_data['results'][0]['registered']['date']}</arg>
<arg>\\d{4}-\\d{2}-\\d{2}T\\d{2}:\\d{2}:\\d{2}\\.\\d{3}Z</arg>
<doc>Fails if ``string`` does not match ``pattern`` as a regular expression.</doc>
<status status="PASS" start="2024-04-09T17:12:41.421813" elapsed="0.000373"/>
</kw>
<kw name="Should Match Regexp" owner="BuiltIn">
<arg>${json_data['results'][0]['picture']['large']}</arg>
<arg>^https?://.*\.(?:png|jpe?g|gif|bmp)$</arg>
<doc>Fails if ``string`` does not match ``pattern`` as a regular expression.</doc>
<status status="PASS" start="2024-04-09T17:12:41.422374" elapsed="0.000460"/>
</kw>
<kw name="Should Match Regexp" owner="BuiltIn">
<arg>${json_data['results'][0]['picture']['medium']}</arg>
<arg>^https?://.*\.(?:png|jpe?g|gif|bmp)$</arg>
<doc>Fails if ``string`` does not match ``pattern`` as a regular expression.</doc>
<status status="PASS" start="2024-04-09T17:12:41.423026" elapsed="0.000359"/>
</kw>
<kw name="Should Match Regexp" owner="BuiltIn">
<arg>${json_data['results'][0]['picture']['thumbnail']}</arg>
<arg>^https?://.*\.(?:png|jpe?g|gif|bmp)$</arg>
<doc>Fails if ``string`` does not match ``pattern`` as a regular expression.</doc>
<status status="PASS" start="2024-04-09T17:12:41.423572" elapsed="0.000358"/>
</kw>
<kw name="Log" owner="BuiltIn">
<msg time="2024-04-09T17:12:41.424433" level="INFO">{'large': 'https://randomuser.me/api/portraits/men/8.jpg', 'medium': 'https://randomuser.me/api/portraits/med/men/8.jpg', 'thumbnail': 'https://randomuser.me/api/portraits/thumb/men/8.jpg'}</msg>
<arg>${json_data['results'][0]['picture']}</arg>
<doc>Logs the given message with the given level.</doc>
<status status="PASS" start="2024-04-09T17:12:41.424111" elapsed="0.000364"/>
</kw>
<status status="PASS" start="2024-04-09T17:12:41.206234" elapsed="0.218497"/>
</kw>
<kw name="Teste de Tipos de Dados - Postcode" owner="random-user-service">
<kw name="GET On Session" owner="RequestsLibrary">
<msg time="2024-04-09T17:12:41.592441" level="INFO">GET Request : url=https://randomuser.me/api 
 path_url=/api 
 headers={'User-Agent': 'python-requests/2.31.0', 'Accept-Encoding': 'gzip, deflate', 'Accept': '*/*', 'Connection': 'keep-alive'} 
 body=None 
 </msg>
<msg time="2024-04-09T17:12:41.592537" level="INFO">GET Response : url=https://randomuser.me/api 
 status=200, reason=OK 
 headers={'Date': 'Tue, 09 Apr 2024 17:12:41 GMT', 'Content-Type': 'application/json; charset=utf-8', 'Transfer-Encoding': 'chunked', 'Connection': 'keep-alive', 'X-Powered-By': 'Express', 'Access-Control-Allow-Origin': '*', 'Cache-Control': 'no-cache', 'ETag': 'W/"494-Hgc+56o5pjz5ps8EPCXVj8gHPVI"', 'Vary': 'Accept-Encoding', 'Content-Encoding': 'gzip', 'CF-Cache-Status': 'DYNAMIC', 'Report-To': '{"endpoints":[{"url":"https:\\/\\/a.nel.cloudflare.com\\/report\\/v4?s=mFK9KghUXauKrX9pYQR9m7cLkWDa3iiYvO49B9ZemrjOYbORK8%2FUKW1XsYpwKrZTnLjtyJtXhd9%2FG68dZd648LaU04UULVP4WwdUxKClPCSkSzz9hQRrz1zjUF0BymDK"}],"group":"cf-nel","max_age":604800}', 'NEL': '{"success_fraction":0,"report_to":"cf-nel","max_age":604800}', 'Server': 'cloudflare', 'CF-RAY': '871c1f9afdb00641-IAD', 'alt-svc': 'h3=":443"; ma=86400'} 
 body={"results":[{"gender":"male","name":{"title":"Mr","first":"Francisco","last":"Torres"},"location":{"street":{"number":2576,"name":"Calle Covadonga"},"city":"Madrid","state":"Aragón","country":"Spain","postcode":72884,"coordinates":{"latitude":"-32.1147","longitude":"-141.5859"},"timezone":{"offset":"-6:00","description":"Central Time (US &amp; Canada), Mexico City"}},"email":"francisco.torres@example.com","login":{"uuid":"6e34380b-142f-456c-a96b-235a14ff066d","username":"greenpanda264","password":"mohammed","salt":"ftk0wAXx","md5":"d1b8f294466c624ea36a1e5fa1a0a241","sha1":"a8e872dde5b190db6586864bf9ec31ee566121ad","sha256":"0c1263a4328203c91c6f45937600f7c386cccba2a170d7f7bea30629c0bb0489"},"dob":{"date":"1958-05-23T19:16:38.718Z","age":65},"registered":{"date":"2009-10-05T00:03:52.300Z","age":14},"phone":"902-990-338","cell":"683-634-301","id":{"name":"DNI","value":"90407052-A"},"picture":{"large":"https://randomuser.me/api/portraits/men/65.jpg","medium":"https://randomuser.me/api/portraits/med/men/65.jpg","thumbnail":"https://randomuser.me/api/portraits/thumb/men/65.jpg"},"nat":"ES"}],"info":{"seed":"33ed9e942426e994","results":1,"page":1,"version":"1.4"}} 
 </msg>
<msg time="2024-04-09T17:12:41.592635" level="INFO">/opt/hostedtoolcache/Python/3.12.2/x64/lib/python3.12/site-packages/urllib3/connectionpool.py:1103: InsecureRequestWarning: Unverified HTTPS request is being made to host 'randomuser.me'. Adding certificate verification is strongly advised. See: https://urllib3.readthedocs.io/en/latest/advanced-usage.html#tls-warnings
  warnings.warn(</msg>
<msg time="2024-04-09T17:12:41.592769" level="INFO">${response} = &lt;Response [200]&gt;</msg>
<var>${response}</var>
<arg>consultarAPI</arg>
<arg>/api</arg>
<doc>Sends a GET request on a previously created HTTP Session.</doc>
<status status="PASS" start="2024-04-09T17:12:41.425222" elapsed="0.167601"/>
</kw>
<kw name="Set Variable" owner="BuiltIn">
<msg time="2024-04-09T17:12:41.593966" level="INFO">${json_data} = {'results': [{'gender': 'male', 'name': {'title': 'Mr', 'first': 'Francisco', 'last': 'Torres'}, 'location': {'street': {'number': 2576, 'name': 'Calle Covadonga'}, 'city': 'Madrid', 'state': 'Aragón'...</msg>
<var>${json_data}</var>
<arg>${response.json()}</arg>
<doc>Returns the given values which can then be assigned to a variables.</doc>
<status status="PASS" start="2024-04-09T17:12:41.593405" elapsed="0.000590"/>
</kw>
<kw name="Log" owner="BuiltIn">
<msg time="2024-04-09T17:12:41.594508" level="INFO">{'results': [{'gender': 'male', 'name': {'title': 'Mr', 'first': 'Francisco', 'last': 'Torres'}, 'location': {'street': {'number': 2576, 'name': 'Calle Covadonga'}, 'city': 'Madrid', 'state': 'Aragón', 'country': 'Spain', 'postcode': 72884, 'coordinates': {'latitude': '-32.1147', 'longitude': '-141.5859'}, 'timezone': {'offset': '-6:00', 'description': 'Central Time (US &amp; Canada), Mexico City'}}, 'email': 'francisco.torres@example.com', 'login': {'uuid': '6e34380b-142f-456c-a96b-235a14ff066d', 'username': 'greenpanda264', 'password': 'mohammed', 'salt': 'ftk0wAXx', 'md5': 'd1b8f294466c624ea36a1e5fa1a0a241', 'sha1': 'a8e872dde5b190db6586864bf9ec31ee566121ad', 'sha256': '0c1263a4328203c91c6f45937600f7c386cccba2a170d7f7bea30629c0bb0489'}, 'dob': {'date': '1958-05-23T19:16:38.718Z', 'age': 65}, 'registered': {'date': '2009-10-05T00:03:52.300Z', 'age': 14}, 'phone': '902-990-338', 'cell': '683-634-301', 'id': {'name': 'DNI', 'value': '90407052-A'}, 'picture': {'large': 'https://randomuser.me/api/portraits/men/65.jpg', 'medium': 'https://randomuser.me/api/portraits/med/men/65.jpg', 'thumbnail': 'https://randomuser.me/api/portraits/thumb/men/65.jpg'}, 'nat': 'ES'}], 'info': {'seed': '33ed9e942426e994', 'results': 1, 'page': 1, 'version': '1.4'}}</msg>
<arg>${json_data}</arg>
<doc>Logs the given message with the given level.</doc>
<status status="PASS" start="2024-04-09T17:12:41.594348" elapsed="0.000244"/>
</kw>
<kw name="Should Be Equal As Numbers" owner="BuiltIn">
<arg>${json_data['results'][0]['location']['postcode']}</arg>
<arg>${json_data['results'][0]['location']['postcode']}</arg>
<doc>Fails if objects are unequal after converting them to real numbers.</doc>
<status status="PASS" start="2024-04-09T17:12:41.594902" elapsed="0.000623"/>
</kw>
<kw name="Log" owner="BuiltIn">
<msg time="2024-04-09T17:12:41.596057" level="INFO">72884</msg>
<arg>${json_data['results'][0]['location']['postcode']}</arg>
<doc>Logs the given message with the given level.</doc>
<status status="PASS" start="2024-04-09T17:12:41.595721" elapsed="0.000376"/>
</kw>
<status status="PASS" start="2024-04-09T17:12:41.424960" elapsed="0.171391"/>
</kw>
<doc>Testa se os tipos de dados na resposta da API estão corretos.</doc>
<tag>testeTiposDados</tag>
<status status="PASS" start="2024-04-09T17:12:41.205700" elapsed="0.390821"/>
</test>
<test id="s1-s1-t5" name="Validar conteudo" line="35">
<kw name="Teste de Tipos de Conteudo" owner="random-user-service">
<kw name="GET On Session" owner="RequestsLibrary">
<msg time="2024-04-09T17:12:41.631164" level="INFO">GET Request : url=https://randomuser.me/api 
 path_url=/api 
 headers={'User-Agent': 'python-requests/2.31.0', 'Accept-Encoding': 'gzip, deflate', 'Accept': '*/*', 'Connection': 'keep-alive'} 
 body=None 
 </msg>
<msg time="2024-04-09T17:12:41.631243" level="INFO">GET Response : url=https://randomuser.me/api 
 status=200, reason=OK 
 headers={'Date': 'Tue, 09 Apr 2024 17:12:41 GMT', 'Content-Type': 'application/json; charset=utf-8', 'Transfer-Encoding': 'chunked', 'Connection': 'keep-alive', 'X-Powered-By': 'Express', 'Access-Control-Allow-Origin': '*', 'Cache-Control': 'no-cache', 'ETag': 'W/"48a-w6RYGt9gQRUpe3aDEpdUtN+QYnY"', 'Vary': 'Accept-Encoding', 'Content-Encoding': 'gzip', 'CF-Cache-Status': 'DYNAMIC', 'Report-To': '{"endpoints":[{"url":"https:\\/\\/a.nel.cloudflare.com\\/report\\/v4?s=Xy%2FxumIAeuR6YeaJNMJtq1sXcS0dc%2FH8fXrTCxhyHqH2tLDnTszgFw1N6C%2FwvwRSdOutBQnIAscuOm9X0NkHuAuRxWMpLW%2BQv6D86x47KUnBcNxJUoo0Qfb1yxgHCAu4"}],"group":"cf-nel","max_age":604800}', 'NEL': '{"success_fraction":0,"report_to":"cf-nel","max_age":604800}', 'Server': 'cloudflare', 'CF-RAY': '871c1f9c0ebe0641-IAD', 'alt-svc': 'h3=":443"; ma=86400'} 
 body={"results":[{"gender":"male","name":{"title":"Mr","first":"Sander","last":"Johansen"},"location":{"street":{"number":8382,"name":"Ågade"},"city":"Nykøbing F","state":"Hovedstaden","country":"Denmark","postcode":52291,"coordinates":{"latitude":"-45.7745","longitude":"-142.9483"},"timezone":{"offset":"-4:00","description":"Atlantic Time (Canada), Caracas, La Paz"}},"email":"sander.johansen@example.com","login":{"uuid":"c44df837-3adb-4bec-be3b-0a81a7ad0bd8","username":"brownpeacock107","password":"ting","salt":"pP2QR4Xo","md5":"2488b190224262570c277aa1148e61ec","sha1":"4ed642e788e7ee4756f622ebe2fab3074783c14c","sha256":"28e52cc2a81880806aeea19a22acbe4c6a208bddf508467dce931871013b2138"},"dob":{"date":"1981-10-22T09:41:58.047Z","age":42},"registered":{"date":"2012-11-16T14:16:28.414Z","age":11},"phone":"64680785","cell":"69819262","id":{"name":"CPR","value":"221081-9325"},"picture":{"large":"https://randomuser.me/api/portraits/men/8.jpg","medium":"https://randomuser.me/api/portraits/med/men/8.jpg","thumbnail":"https://randomuser.me/api/portraits/thumb/men/8.jpg"},"nat":"DK"}],"info":{"seed":"e2b47d18f5739b93","results":1,"page":1,"version":"1.4"}} 
 </msg>
<msg time="2024-04-09T17:12:41.631312" level="INFO">/opt/hostedtoolcache/Python/3.12.2/x64/lib/python3.12/site-packages/urllib3/connectionpool.py:1103: InsecureRequestWarning: Unverified HTTPS request is being made to host 'randomuser.me'. Adding certificate verification is strongly advised. See: https://urllib3.readthedocs.io/en/latest/advanced-usage.html#tls-warnings
  warnings.warn(</msg>
<msg time="2024-04-09T17:12:41.631416" level="INFO">${response} = &lt;Response [200]&gt;</msg>
<var>${response}</var>
<arg>consultarAPI</arg>
<arg>/api</arg>
<doc>Sends a GET request on a previously created HTTP Session.</doc>
<status status="PASS" start="2024-04-09T17:12:41.598992" elapsed="0.032474"/>
</kw>
<kw name="Set Variable" owner="BuiltIn">
<msg time="2024-04-09T17:12:41.632374" level="INFO">${json_data} = {'results': [{'gender': 'male', 'name': {'title': 'Mr', 'first': 'Sander', 'last': 'Johansen'}, 'location': {'street': {'number': 8382, 'name': 'Ågade'}, 'city': 'Nykøbing F', 'state': 'Hovedstaden', ...</msg>
<var>${json_data}</var>
<arg>${response.json()}</arg>
<doc>Returns the given values which can then be assigned to a variables.</doc>
<status status="PASS" start="2024-04-09T17:12:41.631897" elapsed="0.000505"/>
</kw>
<kw name="Set Variable" owner="BuiltIn">
<msg time="2024-04-09T17:12:41.633089" level="INFO">${name_title} = Mr</msg>
<var>${name_title}</var>
<arg>${json_data["results"][0]["name"]["title"]}</arg>
<doc>Returns the given values which can then be assigned to a variables.</doc>
<status status="PASS" start="2024-04-09T17:12:41.632708" elapsed="0.000406"/>
</kw>
<kw name="Create List" owner="BuiltIn">
<msg time="2024-04-09T17:12:41.633616" level="INFO">${allowed_titles} = ['Mr', 'Ms', 'Miss', 'Mrs', 'Madame', 'Monsieur']</msg>
<var>${allowed_titles}</var>
<arg>Mr</arg>
<arg>Ms</arg>
<arg>Miss</arg>
<arg>Mrs</arg>
<arg>Madame</arg>
<arg>Monsieur</arg>
<doc>Returns a list containing given items.</doc>
<status status="PASS" start="2024-04-09T17:12:41.633465" elapsed="0.000175"/>
</kw>
<kw name="List Should Contain Value" owner="Collections">
<msg time="2024-04-09T17:12:41.634121" level="INFO">False</msg>
<arg>${allowed_titles}</arg>
<arg>${name_title}</arg>
<doc>Fails if the ``value`` is not found from ``list``.</doc>
<status status="PASS" start="2024-04-09T17:12:41.633947" elapsed="0.000212"/>
</kw>
<kw name="Set Variable" owner="BuiltIn">
<msg time="2024-04-09T17:12:41.634834" level="INFO">${name_country} = DK</msg>
<var>${name_country}</var>
<arg>${json_data["results"][0]["nat"]}</arg>
<doc>Returns the given values which can then be assigned to a variables.</doc>
<status status="PASS" start="2024-04-09T17:12:41.634452" elapsed="0.000407"/>
</kw>
<kw name="Create List" owner="BuiltIn">
<msg time="2024-04-09T17:12:41.635766" level="INFO">${list_country} = ['AD', 'AE', 'AF', 'AG', 'AI', 'AL', 'AM', 'AO', 'AQ', 'AR', 'AS', 'AT', 'AU', 'AW', 'AX', 'AZ', 'BA', 'BB', 'BD', 'BE', 'BF', 'BG', 'BH', 'BI', 'BJ', 'BL', 'BM', 'BN', 'BO', 'BQ', 'BR', 'BS', 'BT', '...</msg>
<var>${list_country}</var>
<arg>AD</arg>
<arg>AE</arg>
<arg>AF</arg>
<arg>AG</arg>
<arg>AI</arg>
<arg>AL</arg>
<arg>AM</arg>
<arg>AO</arg>
<arg>AQ</arg>
<arg>AR</arg>
<arg>AS</arg>
<arg>AT</arg>
<arg>AU</arg>
<arg>AW</arg>
<arg>AX</arg>
<arg>AZ</arg>
<arg>BA</arg>
<arg>BB</arg>
<arg>BD</arg>
<arg>BE</arg>
<arg>BF</arg>
<arg>BG</arg>
<arg>BH</arg>
<arg>BI</arg>
<arg>BJ</arg>
<arg>BL</arg>
<arg>BM</arg>
<arg>BN</arg>
<arg>BO</arg>
<arg>BQ</arg>
<arg>BR</arg>
<arg>BS</arg>
<arg>BT</arg>
<arg>BV</arg>
<arg>BW</arg>
<arg>BY</arg>
<arg>BZ</arg>
<arg>CA</arg>
<arg>CC</arg>
<arg>CD</arg>
<arg>CF</arg>
<arg>CG</arg>
<arg>CH</arg>
<arg>CI</arg>
<arg>CK</arg>
<arg>CL</arg>
<arg>CM</arg>
<arg>CN</arg>
<arg>CO</arg>
<arg>CR</arg>
<arg>CU</arg>
<arg>CV</arg>
<arg>CW</arg>
<arg>CX</arg>
<arg>CY</arg>
<arg>CZ</arg>
<arg>DE</arg>
<arg>DJ</arg>
<arg>DK</arg>
<arg>DM</arg>
<arg>DO</arg>
<arg>DZ</arg>
<arg>EC</arg>
<arg>EE</arg>
<arg>EG</arg>
<arg>EH</arg>
<arg>ER</arg>
<arg>ES</arg>
<arg>ET</arg>
<arg>FI</arg>
<arg>FJ</arg>
<arg>FK</arg>
<arg>FM</arg>
<arg>FO</arg>
<arg>FR</arg>
<arg>GA</arg>
<arg>GB</arg>
<arg>GD</arg>
<arg>GE</arg>
<arg>GF</arg>
<arg>GG</arg>
<arg>GH</arg>
<arg>GI</arg>
<arg>GL</arg>
<arg>GM</arg>
<arg>GN</arg>
<arg>GP</arg>
<arg>GQ</arg>
<arg>GR</arg>
<arg>GS</arg>
<arg>GT</arg>
<arg>GU</arg>
<arg>GW</arg>
<arg>GY</arg>
<arg>HK</arg>
<arg>HM</arg>
<arg>HN</arg>
<arg>HR</arg>
<arg>HT</arg>
<arg>HU</arg>
<arg>ID</arg>
<arg>IE</arg>
<arg>IL</arg>
<arg>IM</arg>
<arg>IN</arg>
<arg>IO</arg>
<arg>IQ</arg>
<arg>IR</arg>
<arg>IS</arg>
<arg>IT</arg>
<arg>JE</arg>
<arg>JM</arg>
<arg>JO</arg>
<arg>JP</arg>
<arg>KE</arg>
<arg>KG</arg>
<arg>KH</arg>
<arg>KI</arg>
<arg>KM</arg>
<arg>KN</arg>
<arg>KP</arg>
<arg>KR</arg>
<arg>KW</arg>
<arg>KY</arg>
<arg>KZ</arg>
<arg>LA</arg>
<arg>LB</arg>
<arg>LC</arg>
<arg>LI</arg>
<arg>LK</arg>
<arg>LR</arg>
<arg>LS</arg>
<arg>LT</arg>
<arg>LU</arg>
<arg>LV</arg>
<arg>LY</arg>
<arg>MA</arg>
<arg>MC</arg>
<arg>MD</arg>
<arg>ME</arg>
<arg>MF</arg>
<arg>MG</arg>
<arg>MH</arg>
<arg>MK</arg>
<arg>ML</arg>
<arg>MM</arg>
<arg>MN</arg>
<arg>MO</arg>
<arg>MP</arg>
<arg>MQ</arg>
<arg>MR</arg>
<arg>MS</arg>
<arg>MT</arg>
<arg>MU</arg>
<arg>MV</arg>
<arg>MW</arg>
<arg>MX</arg>
<arg>MY</arg>
<arg>MZ</arg>
<arg>NA</arg>
<arg>NC</arg>
<arg>NE</arg>
<arg>NF</arg>
<arg>NG</arg>
<arg>NI</arg>
<arg>NL</arg>
<arg>NO</arg>
<arg>NP</arg>
<arg>NR</arg>
<arg>NU</arg>
<arg>NZ</arg>
<arg>OM</arg>
<arg>PA</arg>
<arg>PE</arg>
<arg>PF</arg>
<arg>PG</arg>
<arg>PH</arg>
<arg>PK</arg>
<arg>PL</arg>
<arg>PM</arg>
<arg>PN</arg>
<arg>PR</arg>
<arg>PS</arg>
<arg>PT</arg>
<arg>PW</arg>
<arg>PY</arg>
<arg>QA</arg>
<arg>RE</arg>
<arg>RO</arg>
<arg>RS</arg>
<arg>RU</arg>
<arg>RW</arg>
<arg>SA</arg>
<arg>SB</arg>
<arg>SC</arg>
<arg>SD</arg>
<arg>SE</arg>
<arg>SG</arg>
<arg>SH</arg>
<arg>SI</arg>
<arg>SJ</arg>
<arg>SK</arg>
<arg>SL</arg>
<arg>SM</arg>
<arg>SN</arg>
<arg>SO</arg>
<arg>SR</arg>
<arg>SS</arg>
<arg>ST</arg>
<arg>SV</arg>
<arg>SX</arg>
<arg>SY</arg>
<arg>SZ</arg>
<arg>TC</arg>
<arg>TD</arg>
<arg>TF</arg>
<arg>TG</arg>
<arg>TH</arg>
<arg>TJ</arg>
<arg>TK</arg>
<arg>TL</arg>
<arg>TM</arg>
<arg>TN</arg>
<arg>TO</arg>
<arg>TR</arg>
<arg>TT</arg>
<arg>TV</arg>
<arg>TW</arg>
<arg>TZ</arg>
<arg>UA</arg>
<arg>UG</arg>
<arg>UM</arg>
<arg>US</arg>
<arg>UY</arg>
<arg>UZ</arg>
<arg>VA</arg>
<arg>VC</arg>
<arg>VE</arg>
<arg>VG</arg>
<arg>VI</arg>
<arg>VN</arg>
<arg>VU</arg>
<arg>WF</arg>
<arg>WS</arg>
<arg>XK</arg>
<arg>YE</arg>
<arg>YT</arg>
<arg>ZA</arg>
<arg>ZM</arg>
<arg>ZW</arg>
<doc>Returns a list containing given items.</doc>
<status status="PASS" start="2024-04-09T17:12:41.635169" elapsed="0.000622"/>
</kw>
<kw name="List Should Contain Value" owner="Collections">
<msg time="2024-04-09T17:12:41.636776" level="INFO">False</msg>
<arg>${list_country}</arg>
<arg>${name_country}</arg>
<doc>Fails if the ``value`` is not found from ``list``.</doc>
<status status="PASS" start="2024-04-09T17:12:41.636576" elapsed="0.000237"/>
</kw>
<kw name="Run Keyword If" owner="BuiltIn">
<kw name="Should Be True" owner="BuiltIn">
<arg>${True}</arg>
<doc>Fails if the given condition is not true.</doc>
<status status="PASS" start="2024-04-09T17:12:41.638019" elapsed="0.000149"/>
</kw>
<arg>${json_data["results"][0]["location"]["coordinates"]["latitude"]} &gt;= -90 and ${json_data["results"][0]["location"]["coordinates"]["latitude"]} &lt;= 90</arg>
<arg>Should Be True</arg>
<arg>${True}</arg>
<doc>Runs the given keyword with the given arguments, if ``condition`` is true.</doc>
<status status="PASS" start="2024-04-09T17:12:41.637124" elapsed="0.001175"/>
</kw>
<kw name="Run Keyword If" owner="BuiltIn">
<kw name="Should Be True" owner="BuiltIn">
<arg>${True}</arg>
<doc>Fails if the given condition is not true.</doc>
<status status="PASS" start="2024-04-09T17:12:41.639198" elapsed="0.000141"/>
</kw>
<arg>${json_data["results"][0]["location"]["coordinates"]["longitude"]} &gt;= -180 and ${json_data["results"][0]["location"]["coordinates"]["longitude"]} &lt;= 180</arg>
<arg>Should Be True</arg>
<arg>${True}</arg>
<doc>Runs the given keyword with the given arguments, if ``condition`` is true.</doc>
<status status="PASS" start="2024-04-09T17:12:41.638490" elapsed="0.000975"/>
</kw>
<status status="PASS" start="2024-04-09T17:12:41.598766" elapsed="0.040828"/>
</kw>
<doc>Testa o conteúdo específico dos campos retornados pela API.</doc>
<tag>testeConteudo</tag>
<status status="PASS" start="2024-04-09T17:12:41.598300" elapsed="0.041439"/>
</test>
<status status="PASS" start="2024-04-09T17:12:39.864838" elapsed="1.776815"/>
</suite>
<status status="PASS" start="2024-04-09T17:12:39.850817" elapsed="1.796107"/>
</suite>
<statistics>
<total>
<stat pass="5" fail="0" skip="0">All Tests</stat>
</total>
<tag>
<stat pass="1" fail="0" skip="0">testeConteudo</stat>
<stat pass="1" fail="0" skip="0">testeEstruturaResposta</stat>
<stat pass="1" fail="0" skip="0">testeRequisicaoBasica</stat>
<stat pass="1" fail="0" skip="0">testeTiposDados</stat>
</tag>
<suite>
<stat pass="5" fail="0" skip="0" id="s1" name="Tests">Tests</stat>
<stat pass="5" fail="0" skip="0" id="s1-s1" name="Random-User-Test">Tests.Random-User-Test</stat>
</suite>
</statistics>
<errors>
</errors>
</robot>
