<?xml version="1.0" encoding="UTF-8"?>
<robot generator="Robot 7.0.1 (Python 3.12.3 on linux)" generated="2024-06-13T07:14:12.695850" rpa="false" schemaversion="5">
<suite id="s1" name="Tests" source="/home/runner/work/ApiRandomUser/ApiRandomUser/RamdonUser/tests">
<suite id="s1-s1" name="Random-User-Test" source="/home/runner/work/ApiRandomUser/ApiRandomUser/RamdonUser/tests/random-user-test.robot">
<test id="s1-s1-t1" name="Conectar" line="13">
<kw name="Conectar API" owner="random-user-service">
<kw name="Create Session" owner="RequestsLibrary">
<msg time="2024-06-13T07:14:13.085121" level="INFO">Creating Session using : alias=consultarAPI, url=https://randomuser.me/, headers={},                     cookies={}, auth=None, timeout=None, proxies=None, verify=False,                     debug=0 </msg>
<arg>consultarAPI</arg>
<arg>${URL}</arg>
<doc>Create Session: create a HTTP session to a server</doc>
<status status="PASS" start="2024-06-13T07:14:13.084915" elapsed="0.000402"/>
</kw>
<status status="PASS" start="2024-06-13T07:14:13.083860" elapsed="0.001828"/>
</kw>
<status status="PASS" start="2024-06-13T07:14:13.083303" elapsed="0.002613"/>
</test>
<test id="s1-s1-t2" name="Validar retorno 200 e JSON Válido" line="16">
<kw name="Teste de Requisicao Basica" owner="random-user-service">
<kw name="GET On Session" owner="RequestsLibrary">
<msg time="2024-06-13T07:14:13.169551" level="INFO">GET Request : url=https://randomuser.me/api 
 path_url=/api 
 headers={'User-Agent': 'python-requests/2.32.3', 'Accept-Encoding': 'gzip, deflate', 'Accept': '*/*', 'Connection': 'keep-alive'} 
 body=None 
 </msg>
<msg time="2024-06-13T07:14:13.169708" level="INFO">GET Response : url=https://randomuser.me/api 
 status=200, reason=OK 
 headers={'Date': 'Thu, 13 Jun 2024 07:14:13 GMT', 'Content-Type': 'application/json; charset=utf-8', 'Transfer-Encoding': 'chunked', 'Connection': 'keep-alive', 'X-Powered-By': 'Express', 'Access-Control-Allow-Origin': '*', 'Cache-Control': 'no-cache', 'ETag': 'W/"47c-SX8cAjOOPnfCt8UPvAPnhhnQ2A4"', 'Vary': 'Accept-Encoding', 'Content-Encoding': 'gzip', 'CF-Cache-Status': 'DYNAMIC', 'Report-To': '{"endpoints":[{"url":"https:\\/\\/a.nel.cloudflare.com\\/report\\/v4?s=XFQSEin%2B5S7hz18F15%2BE6VIOA0K1bYRk9wT4hTJkAg5ksieTQUPZ%2FApMwIR2H0jZnelbwiT43b1QK%2FIh4XXg6VUYzFu9zI2SaVtAQxWym6RnOTcPvc2j0KX3qyHpzl1P"}],"group":"cf-nel","max_age":604800}', 'NEL': '{"success_fraction":0,"report_to":"cf-nel","max_age":604800}', 'Server': 'cloudflare', 'CF-RAY': '8930485008bf5aff-IAD', 'alt-svc': 'h3=":443"; ma=86400'} 
 body={"results":[{"gender":"male","name":{"title":"Mr","first":"Ricardo","last":"Calvo"},"location":{"street":{"number":7018,"name":"Calle de Ferraz"},"city":"Orense","state":"Aragón","country":"Spain","postcode":72806,"coordinates":{"latitude":"-37.6344","longitude":"-145.7157"},"timezone":{"offset":"+7:00","description":"Bangkok, Hanoi, Jakarta"}},"email":"ricardo.calvo@example.com","login":{"uuid":"d1cb790b-4c0b-4619-96bd-983794866863","username":"silverswan635","password":"great1","salt":"pUcRzhKZ","md5":"41b26dd8588ac222bbb75d63179e41c4","sha1":"4c61c5b9470563cadac8d1427488f20c56f67482","sha256":"411109031a22ecc58c8c1d729886d6b2f7aaf71a9f69c5641b93be917fd8b884"},"dob":{"date":"1974-01-29T04:44:55.383Z","age":50},"registered":{"date":"2006-04-03T09:01:37.281Z","age":18},"phone":"962-533-542","cell":"689-183-771","id":{"name":"DNI","value":"80791430-H"},"picture":{"large":"https://randomuser.me/api/portraits/men/47.jpg","medium":"https://randomuser.me/api/portraits/med/men/47.jpg","thumbnail":"https://randomuser.me/api/portraits/thumb/men/47.jpg"},"nat":"ES"}],"info":{"seed":"7002c8f587df5dc6","results":1,"page":1,"version":"1.4"}} 
 </msg>
<msg time="2024-06-13T07:14:13.169823" level="INFO">/opt/hostedtoolcache/Python/3.12.3/x64/lib/python3.12/site-packages/urllib3/connectionpool.py:1103: InsecureRequestWarning: Unverified HTTPS request is being made to host 'randomuser.me'. Adding certificate verification is strongly advised. See: https://urllib3.readthedocs.io/en/latest/advanced-usage.html#tls-warnings
  warnings.warn(</msg>
<msg time="2024-06-13T07:14:13.169986" level="INFO">${response} = &lt;Response [200]&gt;</msg>
<var>${response}</var>
<arg>consultarAPI</arg>
<arg>/api</arg>
<doc>Sends a GET request on a previously created HTTP Session.</doc>
<status status="PASS" start="2024-06-13T07:14:13.088469" elapsed="0.081555"/>
</kw>
<kw name="Should Be Equal As Numbers" owner="BuiltIn">
<msg time="2024-06-13T07:14:13.171011" level="INFO">Argument types are:
&lt;class 'int'&gt;
&lt;class 'str'&gt;</msg>
<arg>${response.status_code}</arg>
<arg>200</arg>
<doc>Fails if objects are unequal after converting them to real numbers.</doc>
<status status="PASS" start="2024-06-13T07:14:13.170554" elapsed="0.000525"/>
</kw>
<kw name="Log" owner="BuiltIn">
<msg time="2024-06-13T07:14:13.171764" level="INFO">200</msg>
<arg>${response.status_code}</arg>
<doc>Logs the given message with the given level.</doc>
<status status="PASS" start="2024-06-13T07:14:13.171417" elapsed="0.000396"/>
</kw>
<kw name="Set Variable" owner="BuiltIn">
<msg time="2024-06-13T07:14:13.172565" level="INFO">${json_data} = {'results': [{'gender': 'male', 'name': {'title': 'Mr', 'first': 'Ricardo', 'last': 'Calvo'}, 'location': {'street': {'number': 7018, 'name': 'Calle de Ferraz'}, 'city': 'Orense', 'state': 'Aragón', '...</msg>
<var>${json_data}</var>
<arg>${response.json()}</arg>
<doc>Returns the given values which can then be assigned to a variables.</doc>
<status status="PASS" start="2024-06-13T07:14:13.172123" elapsed="0.000471"/>
</kw>
<kw name="Dictionary Should Contain Key" owner="Collections">
<arg>${json_data}</arg>
<arg>results</arg>
<doc>Fails if ``key`` is not found from ``dictionary``.</doc>
<status status="PASS" start="2024-06-13T07:14:13.172894" elapsed="0.000166"/>
</kw>
<status status="PASS" start="2024-06-13T07:14:13.088225" elapsed="0.084993"/>
</kw>
<doc>Testa se a API responde corretamente e retorna um objeto JSON válido.</doc>
<tag>testeRequisicaoBasica</tag>
<status status="PASS" start="2024-06-13T07:14:13.087769" elapsed="0.085630"/>
</test>
<test id="s1-s1-t3" name="Validar estrutura de resposta" line="22">
<kw name="Teste de Estrutura de Resposta" owner="random-user-service">
<kw name="GET On Session" owner="RequestsLibrary">
<msg time="2024-06-13T07:14:13.285932" level="INFO">GET Request : url=https://randomuser.me/api 
 path_url=/api 
 headers={'User-Agent': 'python-requests/2.32.3', 'Accept-Encoding': 'gzip, deflate', 'Accept': '*/*', 'Connection': 'keep-alive'} 
 body=None 
 </msg>
<msg time="2024-06-13T07:14:13.286034" level="INFO">GET Response : url=https://randomuser.me/api 
 status=200, reason=OK 
 headers={'Date': 'Thu, 13 Jun 2024 07:14:13 GMT', 'Content-Type': 'application/json; charset=utf-8', 'Transfer-Encoding': 'chunked', 'Connection': 'keep-alive', 'X-Powered-By': 'Express', 'Access-Control-Allow-Origin': '*', 'Cache-Control': 'no-cache', 'ETag': 'W/"479-pExaft6zjQ/CGyW4OzpJ5cPaiWY"', 'Vary': 'Accept-Encoding', 'Content-Encoding': 'gzip', 'CF-Cache-Status': 'DYNAMIC', 'Report-To': '{"endpoints":[{"url":"https:\\/\\/a.nel.cloudflare.com\\/report\\/v4?s=f33diIS7Ex1S7oLpfMn6yNVRpUsPCDFKHxc5eLNPVcEgTO3l%2FqGEs5%2F0a6RHTkIqdsP8EWdWUMBADu5JgY37pI09Bd9xG0UNm3fxqo8B3Gm2gB6zWsQrn6IRstfmI66P"}],"group":"cf-nel","max_age":604800}', 'NEL': '{"success_fraction":0,"report_to":"cf-nel","max_age":604800}', 'Server': 'cloudflare', 'CF-RAY': '8930485068fd5aff-IAD', 'alt-svc': 'h3=":443"; ma=86400'} 
 body={"results":[{"gender":"female","name":{"title":"Miss","first":"Zoe","last":"Margaret"},"location":{"street":{"number":4259,"name":"Dalhousie Ave"},"city":"Cornwall","state":"Ontario","country":"Canada","postcode":"J4R 3O9","coordinates":{"latitude":"-69.5438","longitude":"96.9610"},"timezone":{"offset":"-3:30","description":"Newfoundland"}},"email":"zoe.margaret@example.com","login":{"uuid":"fa35653a-5cda-44a5-84df-232d33a2f2cb","username":"whitedog278","password":"sport","salt":"W2PrPtcq","md5":"c1ab34103e8b466530a4b1c7d99887fb","sha1":"27678b6f3a0a69e249e14194a60575653b2b4cd0","sha256":"85841fe0696eaa41b6ec7fa7222499d3172e86addd00928b491a9e8c5f90d578"},"dob":{"date":"1955-03-04T19:00:59.893Z","age":69},"registered":{"date":"2018-12-08T18:26:44.541Z","age":5},"phone":"F61 Z17-7362","cell":"U05 Z11-8721","id":{"name":"SIN","value":"573533585"},"picture":{"large":"https://randomuser.me/api/portraits/women/18.jpg","medium":"https://randomuser.me/api/portraits/med/women/18.jpg","thumbnail":"https://randomuser.me/api/portraits/thumb/women/18.jpg"},"nat":"CA"}],"info":{"seed":"8bb3892e968be4ee","results":1,"page":1,"version":"1.4"}} 
 </msg>
<msg time="2024-06-13T07:14:13.286189" level="INFO">/opt/hostedtoolcache/Python/3.12.3/x64/lib/python3.12/site-packages/urllib3/connectionpool.py:1103: InsecureRequestWarning: Unverified HTTPS request is being made to host 'randomuser.me'. Adding certificate verification is strongly advised. See: https://urllib3.readthedocs.io/en/latest/advanced-usage.html#tls-warnings
  warnings.warn(</msg>
<msg time="2024-06-13T07:14:13.286342" level="INFO">${response} = &lt;Response [200]&gt;</msg>
<var>${response}</var>
<arg>consultarAPI</arg>
<arg>/api</arg>
<doc>Sends a GET request on a previously created HTTP Session.</doc>
<status status="PASS" start="2024-06-13T07:14:13.176172" elapsed="0.110218"/>
</kw>
<kw name="Set Variable" owner="BuiltIn">
<msg time="2024-06-13T07:14:13.287463" level="INFO">${json_data} = {'results': [{'gender': 'female', 'name': {'title': 'Miss', 'first': 'Zoe', 'last': 'Margaret'}, 'location': {'street': {'number': 4259, 'name': 'Dalhousie Ave'}, 'city': 'Cornwall', 'state': 'Ontario...</msg>
<var>${json_data}</var>
<arg>${response.json()}</arg>
<doc>Returns the given values which can then be assigned to a variables.</doc>
<status status="PASS" start="2024-06-13T07:14:13.286934" elapsed="0.000559"/>
</kw>
<kw name="Log" owner="BuiltIn">
<msg time="2024-06-13T07:14:13.287980" level="INFO">{'results': [{'gender': 'female', 'name': {'title': 'Miss', 'first': 'Zoe', 'last': 'Margaret'}, 'location': {'street': {'number': 4259, 'name': 'Dalhousie Ave'}, 'city': 'Cornwall', 'state': 'Ontario', 'country': 'Canada', 'postcode': 'J4R 3O9', 'coordinates': {'latitude': '-69.5438', 'longitude': '96.9610'}, 'timezone': {'offset': '-3:30', 'description': 'Newfoundland'}}, 'email': 'zoe.margaret@example.com', 'login': {'uuid': 'fa35653a-5cda-44a5-84df-232d33a2f2cb', 'username': 'whitedog278', 'password': 'sport', 'salt': 'W2PrPtcq', 'md5': 'c1ab34103e8b466530a4b1c7d99887fb', 'sha1': '27678b6f3a0a69e249e14194a60575653b2b4cd0', 'sha256': '85841fe0696eaa41b6ec7fa7222499d3172e86addd00928b491a9e8c5f90d578'}, 'dob': {'date': '1955-03-04T19:00:59.893Z', 'age': 69}, 'registered': {'date': '2018-12-08T18:26:44.541Z', 'age': 5}, 'phone': 'F61 Z17-7362', 'cell': 'U05 Z11-8721', 'id': {'name': 'SIN', 'value': '573533585'}, 'picture': {'large': 'https://randomuser.me/api/portraits/women/18.jpg', 'medium': 'https://randomuser.me/api/portraits/med/women/18.jpg', 'thumbnail': 'https://randomuser.me/api/portraits/thumb/women/18.jpg'}, 'nat': 'CA'}], 'info': {'seed': '8bb3892e968be4ee', 'results': 1, 'page': 1, 'version': '1.4'}}</msg>
<arg>${json_data}</arg>
<doc>Logs the given message with the given level.</doc>
<status status="PASS" start="2024-06-13T07:14:13.287817" elapsed="0.000213"/>
</kw>
<kw name="Dictionary Should Contain Key" owner="Collections">
<arg>${json_data}</arg>
<arg>results</arg>
<doc>Fails if ``key`` is not found from ``dictionary``.</doc>
<status status="PASS" start="2024-06-13T07:14:13.288332" elapsed="0.000164"/>
</kw>
<kw name="Should Not Be Empty" owner="BuiltIn">
<msg time="2024-06-13T07:14:13.288817" level="INFO">Length is 2.</msg>
<arg>${json_data}</arg>
<doc>Verifies that the given item is not empty.</doc>
<status status="PASS" start="2024-06-13T07:14:13.288685" elapsed="0.000172"/>
</kw>
<kw name="Create List" owner="BuiltIn">
<msg time="2024-06-13T07:14:13.289321" level="INFO">${expected_keys} = ['gender', 'name', 'location', 'email', 'login']</msg>
<var>${expected_keys}</var>
<arg>gender</arg>
<arg>name</arg>
<arg>location</arg>
<arg>email</arg>
<arg>login</arg>
<doc>Returns a list containing given items.</doc>
<status status="PASS" start="2024-06-13T07:14:13.289166" elapsed="0.000180"/>
</kw>
<for flavor="IN">
<iter>
<kw name="Dictionary Should Contain Key" owner="Collections">
<arg>${json_data['results'][0]}</arg>
<arg>${key}</arg>
<doc>Fails if ``key`` is not found from ``dictionary``.</doc>
<status status="PASS" start="2024-06-13T07:14:13.289988" elapsed="0.000420"/>
</kw>
<kw name="Log" owner="BuiltIn">
<msg time="2024-06-13T07:14:13.290973" level="INFO">{'gender': 'female', 'name': {'title': 'Miss', 'first': 'Zoe', 'last': 'Margaret'}, 'location': {'street': {'number': 4259, 'name': 'Dalhousie Ave'}, 'city': 'Cornwall', 'state': 'Ontario', 'country': 'Canada', 'postcode': 'J4R 3O9', 'coordinates': {'latitude': '-69.5438', 'longitude': '96.9610'}, 'timezone': {'offset': '-3:30', 'description': 'Newfoundland'}}, 'email': 'zoe.margaret@example.com', 'login': {'uuid': 'fa35653a-5cda-44a5-84df-232d33a2f2cb', 'username': 'whitedog278', 'password': 'sport', 'salt': 'W2PrPtcq', 'md5': 'c1ab34103e8b466530a4b1c7d99887fb', 'sha1': '27678b6f3a0a69e249e14194a60575653b2b4cd0', 'sha256': '85841fe0696eaa41b6ec7fa7222499d3172e86addd00928b491a9e8c5f90d578'}, 'dob': {'date': '1955-03-04T19:00:59.893Z', 'age': 69}, 'registered': {'date': '2018-12-08T18:26:44.541Z', 'age': 5}, 'phone': 'F61 Z17-7362', 'cell': 'U05 Z11-8721', 'id': {'name': 'SIN', 'value': '573533585'}, 'picture': {'large': 'https://randomuser.me/api/portraits/women/18.jpg', 'medium': 'https://randomuser.me/api/portraits/med/women/18.jpg', 'thumbnail': 'https://randomuser.me/api/portraits/thumb/women/18.jpg'}, 'nat': 'CA'}</msg>
<arg>${json_data['results'][0]}</arg>
<doc>Logs the given message with the given level.</doc>
<status status="PASS" start="2024-06-13T07:14:13.290609" elapsed="0.000414"/>
</kw>
<kw name="Log" owner="BuiltIn">
<msg time="2024-06-13T07:14:13.291456" level="INFO">gender</msg>
<arg>${key}</arg>
<doc>Logs the given message with the given level.</doc>
<status status="PASS" start="2024-06-13T07:14:13.291326" elapsed="0.000170"/>
</kw>
<var name="${key}">gender</var>
<status status="PASS" start="2024-06-13T07:14:13.289848" elapsed="0.001875"/>
</iter>
<iter>
<kw name="Dictionary Should Contain Key" owner="Collections">
<arg>${json_data['results'][0]}</arg>
<arg>${key}</arg>
<doc>Fails if ``key`` is not found from ``dictionary``.</doc>
<status status="PASS" start="2024-06-13T07:14:13.292030" elapsed="0.000398"/>
</kw>
<kw name="Log" owner="BuiltIn">
<msg time="2024-06-13T07:14:13.292974" level="INFO">{'gender': 'female', 'name': {'title': 'Miss', 'first': 'Zoe', 'last': 'Margaret'}, 'location': {'street': {'number': 4259, 'name': 'Dalhousie Ave'}, 'city': 'Cornwall', 'state': 'Ontario', 'country': 'Canada', 'postcode': 'J4R 3O9', 'coordinates': {'latitude': '-69.5438', 'longitude': '96.9610'}, 'timezone': {'offset': '-3:30', 'description': 'Newfoundland'}}, 'email': 'zoe.margaret@example.com', 'login': {'uuid': 'fa35653a-5cda-44a5-84df-232d33a2f2cb', 'username': 'whitedog278', 'password': 'sport', 'salt': 'W2PrPtcq', 'md5': 'c1ab34103e8b466530a4b1c7d99887fb', 'sha1': '27678b6f3a0a69e249e14194a60575653b2b4cd0', 'sha256': '85841fe0696eaa41b6ec7fa7222499d3172e86addd00928b491a9e8c5f90d578'}, 'dob': {'date': '1955-03-04T19:00:59.893Z', 'age': 69}, 'registered': {'date': '2018-12-08T18:26:44.541Z', 'age': 5}, 'phone': 'F61 Z17-7362', 'cell': 'U05 Z11-8721', 'id': {'name': 'SIN', 'value': '573533585'}, 'picture': {'large': 'https://randomuser.me/api/portraits/women/18.jpg', 'medium': 'https://randomuser.me/api/portraits/med/women/18.jpg', 'thumbnail': 'https://randomuser.me/api/portraits/thumb/women/18.jpg'}, 'nat': 'CA'}</msg>
<arg>${json_data['results'][0]}</arg>
<doc>Logs the given message with the given level.</doc>
<status status="PASS" start="2024-06-13T07:14:13.292623" elapsed="0.000433"/>
</kw>
<kw name="Log" owner="BuiltIn">
<msg time="2024-06-13T07:14:13.293499" level="INFO">name</msg>
<arg>${key}</arg>
<doc>Logs the given message with the given level.</doc>
<status status="PASS" start="2024-06-13T07:14:13.293363" elapsed="0.000177"/>
</kw>
<var name="${key}">name</var>
<status status="PASS" start="2024-06-13T07:14:13.291917" elapsed="0.001850"/>
</iter>
<iter>
<kw name="Dictionary Should Contain Key" owner="Collections">
<arg>${json_data['results'][0]}</arg>
<arg>${key}</arg>
<doc>Fails if ``key`` is not found from ``dictionary``.</doc>
<status status="PASS" start="2024-06-13T07:14:13.294091" elapsed="0.000388"/>
</kw>
<kw name="Log" owner="BuiltIn">
<msg time="2024-06-13T07:14:13.295022" level="INFO">{'gender': 'female', 'name': {'title': 'Miss', 'first': 'Zoe', 'last': 'Margaret'}, 'location': {'street': {'number': 4259, 'name': 'Dalhousie Ave'}, 'city': 'Cornwall', 'state': 'Ontario', 'country': 'Canada', 'postcode': 'J4R 3O9', 'coordinates': {'latitude': '-69.5438', 'longitude': '96.9610'}, 'timezone': {'offset': '-3:30', 'description': 'Newfoundland'}}, 'email': 'zoe.margaret@example.com', 'login': {'uuid': 'fa35653a-5cda-44a5-84df-232d33a2f2cb', 'username': 'whitedog278', 'password': 'sport', 'salt': 'W2PrPtcq', 'md5': 'c1ab34103e8b466530a4b1c7d99887fb', 'sha1': '27678b6f3a0a69e249e14194a60575653b2b4cd0', 'sha256': '85841fe0696eaa41b6ec7fa7222499d3172e86addd00928b491a9e8c5f90d578'}, 'dob': {'date': '1955-03-04T19:00:59.893Z', 'age': 69}, 'registered': {'date': '2018-12-08T18:26:44.541Z', 'age': 5}, 'phone': 'F61 Z17-7362', 'cell': 'U05 Z11-8721', 'id': {'name': 'SIN', 'value': '573533585'}, 'picture': {'large': 'https://randomuser.me/api/portraits/women/18.jpg', 'medium': 'https://randomuser.me/api/portraits/med/women/18.jpg', 'thumbnail': 'https://randomuser.me/api/portraits/thumb/women/18.jpg'}, 'nat': 'CA'}</msg>
<arg>${json_data['results'][0]}</arg>
<doc>Logs the given message with the given level.</doc>
<status status="PASS" start="2024-06-13T07:14:13.294672" elapsed="0.000399"/>
</kw>
<kw name="Log" owner="BuiltIn">
<msg time="2024-06-13T07:14:13.295494" level="INFO">location</msg>
<arg>${key}</arg>
<doc>Logs the given message with the given level.</doc>
<status status="PASS" start="2024-06-13T07:14:13.295365" elapsed="0.000167"/>
</kw>
<var name="${key}">location</var>
<status status="PASS" start="2024-06-13T07:14:13.293978" elapsed="0.001778"/>
</iter>
<iter>
<kw name="Dictionary Should Contain Key" owner="Collections">
<arg>${json_data['results'][0]}</arg>
<arg>${key}</arg>
<doc>Fails if ``key`` is not found from ``dictionary``.</doc>
<status status="PASS" start="2024-06-13T07:14:13.296037" elapsed="0.000392"/>
</kw>
<kw name="Log" owner="BuiltIn">
<msg time="2024-06-13T07:14:13.296969" level="INFO">{'gender': 'female', 'name': {'title': 'Miss', 'first': 'Zoe', 'last': 'Margaret'}, 'location': {'street': {'number': 4259, 'name': 'Dalhousie Ave'}, 'city': 'Cornwall', 'state': 'Ontario', 'country': 'Canada', 'postcode': 'J4R 3O9', 'coordinates': {'latitude': '-69.5438', 'longitude': '96.9610'}, 'timezone': {'offset': '-3:30', 'description': 'Newfoundland'}}, 'email': 'zoe.margaret@example.com', 'login': {'uuid': 'fa35653a-5cda-44a5-84df-232d33a2f2cb', 'username': 'whitedog278', 'password': 'sport', 'salt': 'W2PrPtcq', 'md5': 'c1ab34103e8b466530a4b1c7d99887fb', 'sha1': '27678b6f3a0a69e249e14194a60575653b2b4cd0', 'sha256': '85841fe0696eaa41b6ec7fa7222499d3172e86addd00928b491a9e8c5f90d578'}, 'dob': {'date': '1955-03-04T19:00:59.893Z', 'age': 69}, 'registered': {'date': '2018-12-08T18:26:44.541Z', 'age': 5}, 'phone': 'F61 Z17-7362', 'cell': 'U05 Z11-8721', 'id': {'name': 'SIN', 'value': '573533585'}, 'picture': {'large': 'https://randomuser.me/api/portraits/women/18.jpg', 'medium': 'https://randomuser.me/api/portraits/med/women/18.jpg', 'thumbnail': 'https://randomuser.me/api/portraits/thumb/women/18.jpg'}, 'nat': 'CA'}</msg>
<arg>${json_data['results'][0]}</arg>
<doc>Logs the given message with the given level.</doc>
<status status="PASS" start="2024-06-13T07:14:13.296615" elapsed="0.000412"/>
</kw>
<kw name="Log" owner="BuiltIn">
<msg time="2024-06-13T07:14:13.297456" level="INFO">email</msg>
<arg>${key}</arg>
<doc>Logs the given message with the given level.</doc>
<status status="PASS" start="2024-06-13T07:14:13.297326" elapsed="0.000168"/>
</kw>
<var name="${key}">email</var>
<status status="PASS" start="2024-06-13T07:14:13.295929" elapsed="0.001792"/>
</iter>
<iter>
<kw name="Dictionary Should Contain Key" owner="Collections">
<arg>${json_data['results'][0]}</arg>
<arg>${key}</arg>
<doc>Fails if ``key`` is not found from ``dictionary``.</doc>
<status status="PASS" start="2024-06-13T07:14:13.298045" elapsed="0.000384"/>
</kw>
<kw name="Log" owner="BuiltIn">
<msg time="2024-06-13T07:14:13.298963" level="INFO">{'gender': 'female', 'name': {'title': 'Miss', 'first': 'Zoe', 'last': 'Margaret'}, 'location': {'street': {'number': 4259, 'name': 'Dalhousie Ave'}, 'city': 'Cornwall', 'state': 'Ontario', 'country': 'Canada', 'postcode': 'J4R 3O9', 'coordinates': {'latitude': '-69.5438', 'longitude': '96.9610'}, 'timezone': {'offset': '-3:30', 'description': 'Newfoundland'}}, 'email': 'zoe.margaret@example.com', 'login': {'uuid': 'fa35653a-5cda-44a5-84df-232d33a2f2cb', 'username': 'whitedog278', 'password': 'sport', 'salt': 'W2PrPtcq', 'md5': 'c1ab34103e8b466530a4b1c7d99887fb', 'sha1': '27678b6f3a0a69e249e14194a60575653b2b4cd0', 'sha256': '85841fe0696eaa41b6ec7fa7222499d3172e86addd00928b491a9e8c5f90d578'}, 'dob': {'date': '1955-03-04T19:00:59.893Z', 'age': 69}, 'registered': {'date': '2018-12-08T18:26:44.541Z', 'age': 5}, 'phone': 'F61 Z17-7362', 'cell': 'U05 Z11-8721', 'id': {'name': 'SIN', 'value': '573533585'}, 'picture': {'large': 'https://randomuser.me/api/portraits/women/18.jpg', 'medium': 'https://randomuser.me/api/portraits/med/women/18.jpg', 'thumbnail': 'https://randomuser.me/api/portraits/thumb/women/18.jpg'}, 'nat': 'CA'}</msg>
<arg>${json_data['results'][0]}</arg>
<doc>Logs the given message with the given level.</doc>
<status status="PASS" start="2024-06-13T07:14:13.298619" elapsed="0.000402"/>
</kw>
<kw name="Log" owner="BuiltIn">
<msg time="2024-06-13T07:14:13.299559" level="INFO">login</msg>
<arg>${key}</arg>
<doc>Logs the given message with the given level.</doc>
<status status="PASS" start="2024-06-13T07:14:13.299317" elapsed="0.000280"/>
</kw>
<var name="${key}">login</var>
<status status="PASS" start="2024-06-13T07:14:13.297935" elapsed="0.001881"/>
</iter>
<var>${key}</var>
<value>@{expected_keys}</value>
<status status="PASS" start="2024-06-13T07:14:13.289616" elapsed="0.010321"/>
</for>
<kw name="Create List" owner="BuiltIn">
<msg time="2024-06-13T07:14:13.300262" level="INFO">${expected_keysTwo} = ['username', 'password']</msg>
<var>${expected_keysTwo}</var>
<arg>username</arg>
<arg>password</arg>
<doc>Returns a list containing given items.</doc>
<status status="PASS" start="2024-06-13T07:14:13.300126" elapsed="0.000159"/>
</kw>
<for flavor="IN">
<iter>
<kw name="Dictionary Should Contain Key" owner="Collections">
<arg>${json_data['results'][0]['login']}</arg>
<arg>${keyTwo}</arg>
<doc>Fails if ``key`` is not found from ``dictionary``.</doc>
<status status="PASS" start="2024-06-13T07:14:13.300815" elapsed="0.000379"/>
</kw>
<kw name="Dictionary Should Contain Key" owner="Collections">
<arg>${json_data['results'][0]['login']}</arg>
<arg>${keyTwo}</arg>
<doc>Fails if ``key`` is not found from ``dictionary``.</doc>
<status status="PASS" start="2024-06-13T07:14:13.301376" elapsed="0.000373"/>
</kw>
<kw name="Log" owner="BuiltIn">
<msg time="2024-06-13T07:14:13.302093" level="INFO">username</msg>
<arg>${keyTwo}</arg>
<doc>Logs the given message with the given level.</doc>
<status status="PASS" start="2024-06-13T07:14:13.301968" elapsed="0.000162"/>
</kw>
<var name="${keyTwo}">username</var>
<status status="PASS" start="2024-06-13T07:14:13.300706" elapsed="0.001649"/>
</iter>
<iter>
<kw name="Dictionary Should Contain Key" owner="Collections">
<arg>${json_data['results'][0]['login']}</arg>
<arg>${keyTwo}</arg>
<doc>Fails if ``key`` is not found from ``dictionary``.</doc>
<status status="PASS" start="2024-06-13T07:14:13.302643" elapsed="0.000375"/>
</kw>
<kw name="Dictionary Should Contain Key" owner="Collections">
<arg>${json_data['results'][0]['login']}</arg>
<arg>${keyTwo}</arg>
<doc>Fails if ``key`` is not found from ``dictionary``.</doc>
<status status="PASS" start="2024-06-13T07:14:13.303200" elapsed="0.000374"/>
</kw>
<kw name="Log" owner="BuiltIn">
<msg time="2024-06-13T07:14:13.303868" level="INFO">password</msg>
<arg>${keyTwo}</arg>
<doc>Logs the given message with the given level.</doc>
<status status="PASS" start="2024-06-13T07:14:13.303750" elapsed="0.000154"/>
</kw>
<var name="${keyTwo}">password</var>
<status status="PASS" start="2024-06-13T07:14:13.302536" elapsed="0.001588"/>
</iter>
<var>${keyTwo}</var>
<value>@{expected_keysTwo}</value>
<status status="PASS" start="2024-06-13T07:14:13.300551" elapsed="0.003694"/>
</for>
<status status="PASS" start="2024-06-13T07:14:13.175937" elapsed="0.128451"/>
</kw>
<doc>Testa a estrutura da resposta da API.</doc>
<tag>testeEstruturaResposta</tag>
<status status="PASS" start="2024-06-13T07:14:13.175271" elapsed="0.129275"/>
</test>
<test id="s1-s1-t4" name="Validar tipos de dados" line="28">
<kw name="Teste de Tipos de Dados" owner="random-user-service">
<kw name="GET On Session" owner="RequestsLibrary">
<msg time="2024-06-13T07:14:13.353187" level="INFO">GET Request : url=https://randomuser.me/api 
 path_url=/api 
 headers={'User-Agent': 'python-requests/2.32.3', 'Accept-Encoding': 'gzip, deflate', 'Accept': '*/*', 'Connection': 'keep-alive'} 
 body=None 
 </msg>
<msg time="2024-06-13T07:14:13.353300" level="INFO">GET Response : url=https://randomuser.me/api 
 status=200, reason=OK 
 headers={'Date': 'Thu, 13 Jun 2024 07:14:13 GMT', 'Content-Type': 'application/json; charset=utf-8', 'Transfer-Encoding': 'chunked', 'Connection': 'keep-alive', 'X-Powered-By': 'Express', 'Access-Control-Allow-Origin': '*', 'Cache-Control': 'no-cache', 'ETag': 'W/"496-HvtE/5JyS9zvTzAHoz4jJ4GgCnA"', 'Vary': 'Accept-Encoding', 'Content-Encoding': 'gzip', 'CF-Cache-Status': 'DYNAMIC', 'Report-To': '{"endpoints":[{"url":"https:\\/\\/a.nel.cloudflare.com\\/report\\/v4?s=M9Ygp54diSkKhn%2F85eBn7skQKxFGukzS9ucH6BTLXNw%2BvJcBLCdWUOaLUtlPquxYwcZvamifbkQr%2FYCg7%2B3GxwHDHDqkdgGQtS6mkBB%2BLxCePPAD6pkLRPxlPFQ1oesT"}],"group":"cf-nel","max_age":604800}', 'NEL': '{"success_fraction":0,"report_to":"cf-nel","max_age":604800}', 'Server': 'cloudflare', 'CF-RAY': '89304851398f5aff-IAD', 'alt-svc': 'h3=":443"; ma=86400'} 
 body={"results":[{"gender":"female","name":{"title":"Miss","first":"Shubhangi","last":"Bangera"},"location":{"street":{"number":9534,"name":"NAD X Rd"},"city":"Saharsa","state":"Tamil Nadu","country":"India","postcode":15765,"coordinates":{"latitude":"6.0605","longitude":"175.4759"},"timezone":{"offset":"+5:30","description":"Bombay, Calcutta, Madras, New Delhi"}},"email":"shubhangi.bangera@example.com","login":{"uuid":"c10bf9ce-1988-4bff-a0c9-be9e2b0b3b32","username":"purplepanda916","password":"rocket","salt":"MHGR90Qb","md5":"baff55ae24d7694c110260b191ae18c3","sha1":"153867eefe17113eb40acb62d4d923ac4d453fae","sha256":"47b195ef0d3bdefc00f7ff433b9bdcc0693d46c3cc5b4ea4ef51b0546bd869f0"},"dob":{"date":"1976-10-04T11:04:16.246Z","age":47},"registered":{"date":"2020-03-21T11:43:30.404Z","age":4},"phone":"9072621520","cell":"7279852110","id":{"name":"UIDAI","value":"439022871410"},"picture":{"large":"https://randomuser.me/api/portraits/women/16.jpg","medium":"https://randomuser.me/api/portraits/med/women/16.jpg","thumbnail":"https://randomuser.me/api/portraits/thumb/women/16.jpg"},"nat":"IN"}],"info":{"seed":"f96ff8e49f6d1198","results":1,"page":1,"version":"1.4"}} 
 </msg>
<msg time="2024-06-13T07:14:13.353382" level="INFO">/opt/hostedtoolcache/Python/3.12.3/x64/lib/python3.12/site-packages/urllib3/connectionpool.py:1103: InsecureRequestWarning: Unverified HTTPS request is being made to host 'randomuser.me'. Adding certificate verification is strongly advised. See: https://urllib3.readthedocs.io/en/latest/advanced-usage.html#tls-warnings
  warnings.warn(</msg>
<msg time="2024-06-13T07:14:13.353545" level="INFO">${response} = &lt;Response [200]&gt;</msg>
<var>${response}</var>
<arg>consultarAPI</arg>
<arg>/api</arg>
<doc>Sends a GET request on a previously created HTTP Session.</doc>
<status status="PASS" start="2024-06-13T07:14:13.307051" elapsed="0.046546"/>
</kw>
<kw name="Set Variable" owner="BuiltIn">
<msg time="2024-06-13T07:14:13.354707" level="INFO">${json_data} = {'results': [{'gender': 'female', 'name': {'title': 'Miss', 'first': 'Shubhangi', 'last': 'Bangera'}, 'location': {'street': {'number': 9534, 'name': 'NAD X Rd'}, 'city': 'Saharsa', 'state': 'Tamil Na...</msg>
<var>${json_data}</var>
<arg>${response.json()}</arg>
<doc>Returns the given values which can then be assigned to a variables.</doc>
<status status="PASS" start="2024-06-13T07:14:13.354186" elapsed="0.000550"/>
</kw>
<kw name="Log" owner="BuiltIn">
<msg time="2024-06-13T07:14:13.355191" level="INFO">{'results': [{'gender': 'female', 'name': {'title': 'Miss', 'first': 'Shubhangi', 'last': 'Bangera'}, 'location': {'street': {'number': 9534, 'name': 'NAD X Rd'}, 'city': 'Saharsa', 'state': 'Tamil Nadu', 'country': 'India', 'postcode': 15765, 'coordinates': {'latitude': '6.0605', 'longitude': '175.4759'}, 'timezone': {'offset': '+5:30', 'description': 'Bombay, Calcutta, Madras, New Delhi'}}, 'email': 'shubhangi.bangera@example.com', 'login': {'uuid': 'c10bf9ce-1988-4bff-a0c9-be9e2b0b3b32', 'username': 'purplepanda916', 'password': 'rocket', 'salt': 'MHGR90Qb', 'md5': 'baff55ae24d7694c110260b191ae18c3', 'sha1': '153867eefe17113eb40acb62d4d923ac4d453fae', 'sha256': '47b195ef0d3bdefc00f7ff433b9bdcc0693d46c3cc5b4ea4ef51b0546bd869f0'}, 'dob': {'date': '1976-10-04T11:04:16.246Z', 'age': 47}, 'registered': {'date': '2020-03-21T11:43:30.404Z', 'age': 4}, 'phone': '9072621520', 'cell': '7279852110', 'id': {'name': 'UIDAI', 'value': '439022871410'}, 'picture': {'large': 'https://randomuser.me/api/portraits/women/16.jpg', 'medium': 'https://randomuser.me/api/portraits/med/women/16.jpg', 'thumbnail': 'https://randomuser.me/api/portraits/thumb/women/16.jpg'}, 'nat': 'IN'}], 'info': {'seed': 'f96ff8e49f6d1198', 'results': 1, 'page': 1, 'version': '1.4'}}</msg>
<arg>${json_data}</arg>
<doc>Logs the given message with the given level.</doc>
<status status="PASS" start="2024-06-13T07:14:13.355038" elapsed="0.000202"/>
</kw>
<kw name="Should Be String" owner="String">
<arg>${json_data['results'][0]['gender']}</arg>
<doc>Fails if the given ``item`` is not a string.</doc>
<status status="PASS" start="2024-06-13T07:14:13.355536" elapsed="0.000359"/>
</kw>
<kw name="Should Match Regexp" owner="BuiltIn">
<arg>${json_data['results'][0]['email']}</arg>
<arg>^[a-zA-Z0-9._%+-]+@[a-zA-Z0-9.-]+\.[a-zA-Z]{2,}$</arg>
<doc>Fails if ``string`` does not match ``pattern`` as a regular expression.</doc>
<status status="PASS" start="2024-06-13T07:14:13.356082" elapsed="0.000520"/>
</kw>
<kw name="Should Match Regexp" owner="BuiltIn">
<arg>${json_data['results'][0]['dob']['date']}</arg>
<arg>\\d{4}-\\d{2}-\\d{2}T\\d{2}:\\d{2}:\\d{2}\\.\\d{3}Z</arg>
<doc>Fails if ``string`` does not match ``pattern`` as a regular expression.</doc>
<status status="PASS" start="2024-06-13T07:14:13.356845" elapsed="0.000503"/>
</kw>
<kw name="Should Match Regexp" owner="BuiltIn">
<arg>${json_data['results'][0]['registered']['date']}</arg>
<arg>\\d{4}-\\d{2}-\\d{2}T\\d{2}:\\d{2}:\\d{2}\\.\\d{3}Z</arg>
<doc>Fails if ``string`` does not match ``pattern`` as a regular expression.</doc>
<status status="PASS" start="2024-06-13T07:14:13.357541" elapsed="0.000398"/>
</kw>
<kw name="Should Match Regexp" owner="BuiltIn">
<arg>${json_data['results'][0]['picture']['large']}</arg>
<arg>^https?://.*\.(?:png|jpe?g|gif|bmp)$</arg>
<doc>Fails if ``string`` does not match ``pattern`` as a regular expression.</doc>
<status status="PASS" start="2024-06-13T07:14:13.358130" elapsed="0.000464"/>
</kw>
<kw name="Should Match Regexp" owner="BuiltIn">
<arg>${json_data['results'][0]['picture']['medium']}</arg>
<arg>^https?://.*\.(?:png|jpe?g|gif|bmp)$</arg>
<doc>Fails if ``string`` does not match ``pattern`` as a regular expression.</doc>
<status status="PASS" start="2024-06-13T07:14:13.358788" elapsed="0.000351"/>
</kw>
<kw name="Should Match Regexp" owner="BuiltIn">
<arg>${json_data['results'][0]['picture']['thumbnail']}</arg>
<arg>^https?://.*\.(?:png|jpe?g|gif|bmp)$</arg>
<doc>Fails if ``string`` does not match ``pattern`` as a regular expression.</doc>
<status status="PASS" start="2024-06-13T07:14:13.359330" elapsed="0.000346"/>
</kw>
<kw name="Log" owner="BuiltIn">
<msg time="2024-06-13T07:14:13.360174" level="INFO">{'large': 'https://randomuser.me/api/portraits/women/16.jpg', 'medium': 'https://randomuser.me/api/portraits/med/women/16.jpg', 'thumbnail': 'https://randomuser.me/api/portraits/thumb/women/16.jpg'}</msg>
<arg>${json_data['results'][0]['picture']}</arg>
<doc>Logs the given message with the given level.</doc>
<status status="PASS" start="2024-06-13T07:14:13.359855" elapsed="0.000363"/>
</kw>
<status status="PASS" start="2024-06-13T07:14:13.306818" elapsed="0.053658"/>
</kw>
<kw name="Teste de Tipos de Dados - Postcode" owner="random-user-service">
<kw name="GET On Session" owner="RequestsLibrary">
<msg time="2024-06-13T07:14:13.458126" level="INFO">GET Request : url=https://randomuser.me/api 
 path_url=/api 
 headers={'User-Agent': 'python-requests/2.32.3', 'Accept-Encoding': 'gzip, deflate', 'Accept': '*/*', 'Connection': 'keep-alive'} 
 body=None 
 </msg>
<msg time="2024-06-13T07:14:13.458202" level="INFO">GET Response : url=https://randomuser.me/api 
 status=200, reason=OK 
 headers={'Date': 'Thu, 13 Jun 2024 07:14:13 GMT', 'Content-Type': 'application/json; charset=utf-8', 'Transfer-Encoding': 'chunked', 'Connection': 'keep-alive', 'X-Powered-By': 'Express', 'Access-Control-Allow-Origin': '*', 'Cache-Control': 'no-cache', 'ETag': 'W/"4a4-Efw7ffyTyoAkMn7wMetFPTR340k"', 'Vary': 'Accept-Encoding', 'Content-Encoding': 'gzip', 'CF-Cache-Status': 'DYNAMIC', 'Report-To': '{"endpoints":[{"url":"https:\\/\\/a.nel.cloudflare.com\\/report\\/v4?s=0gbGqXK7KPiFfyZ7gUqVoDN%2BsaV8bVyrYOvtfnEWtQvDarBADlQE9g5MkidTnuSuL6Xhfb2Fb2wgvuPBPXAGh79gAdCfsbRdUwL%2Br6rFajhcBVj%2Fm%2BNbaj9p8Ctqm0bg"}],"group":"cf-nel","max_age":604800}', 'NEL': '{"success_fraction":0,"report_to":"cf-nel","max_age":604800}', 'Server': 'cloudflare', 'CF-RAY': '8930485189c35aff-IAD', 'alt-svc': 'h3=":443"; ma=86400'} 
 body={"results":[{"gender":"female","name":{"title":"Miss","first":"Sabrina","last":"Moraes"},"location":{"street":{"number":2796,"name":"Rua Vinte E Dois "},"city":"Jaboatão dos Guararapes","state":"Tocantins","country":"Brazil","postcode":23971,"coordinates":{"latitude":"-81.2005","longitude":"92.2343"},"timezone":{"offset":"-11:00","description":"Midway Island, Samoa"}},"email":"sabrina.moraes@example.com","login":{"uuid":"d9004e7f-2462-43da-8115-2b766cdd5a89","username":"goldencat742","password":"alison","salt":"ryio3NXf","md5":"c9543ad5b9a694c5be4ddf722d0bc715","sha1":"598e6bf75858b75d575b74433a4a3f0378cb0386","sha256":"b36620343ee22f031a039a7b822b750a5b3425fe58ca8d734e0756e5b247042c"},"dob":{"date":"1972-10-22T18:23:36.615Z","age":51},"registered":{"date":"2010-07-20T15:10:38.980Z","age":13},"phone":"(78) 8365-5827","cell":"(98) 2354-9507","id":{"name":"CPF","value":"888.083.711-71"},"picture":{"large":"https://randomuser.me/api/portraits/women/39.jpg","medium":"https://randomuser.me/api/portraits/med/women/39.jpg","thumbnail":"https://randomuser.me/api/portraits/thumb/women/39.jpg"},"nat":"BR"}],"info":{"seed":"676292bc94b9ba21","results":1,"page":1,"version":"1.4"}} 
 </msg>
<msg time="2024-06-13T07:14:13.458284" level="INFO">/opt/hostedtoolcache/Python/3.12.3/x64/lib/python3.12/site-packages/urllib3/connectionpool.py:1103: InsecureRequestWarning: Unverified HTTPS request is being made to host 'randomuser.me'. Adding certificate verification is strongly advised. See: https://urllib3.readthedocs.io/en/latest/advanced-usage.html#tls-warnings
  warnings.warn(</msg>
<msg time="2024-06-13T07:14:13.458404" level="INFO">${response} = &lt;Response [200]&gt;</msg>
<var>${response}</var>
<arg>consultarAPI</arg>
<arg>/api</arg>
<doc>Sends a GET request on a previously created HTTP Session.</doc>
<status status="PASS" start="2024-06-13T07:14:13.360957" elapsed="0.097491"/>
</kw>
<kw name="Set Variable" owner="BuiltIn">
<msg time="2024-06-13T07:14:13.459340" level="INFO">${json_data} = {'results': [{'gender': 'female', 'name': {'title': 'Miss', 'first': 'Sabrina', 'last': 'Moraes'}, 'location': {'street': {'number': 2796, 'name': 'Rua Vinte E Dois '}, 'city': 'Jaboatão dos Guararape...</msg>
<var>${json_data}</var>
<arg>${response.json()}</arg>
<doc>Returns the given values which can then be assigned to a variables.</doc>
<status status="PASS" start="2024-06-13T07:14:13.458857" elapsed="0.000514"/>
</kw>
<kw name="Log" owner="BuiltIn">
<msg time="2024-06-13T07:14:13.459846" level="INFO">{'results': [{'gender': 'female', 'name': {'title': 'Miss', 'first': 'Sabrina', 'last': 'Moraes'}, 'location': {'street': {'number': 2796, 'name': 'Rua Vinte E Dois '}, 'city': 'Jaboatão dos Guararapes', 'state': 'Tocantins', 'country': 'Brazil', 'postcode': 23971, 'coordinates': {'latitude': '-81.2005', 'longitude': '92.2343'}, 'timezone': {'offset': '-11:00', 'description': 'Midway Island, Samoa'}}, 'email': 'sabrina.moraes@example.com', 'login': {'uuid': 'd9004e7f-2462-43da-8115-2b766cdd5a89', 'username': 'goldencat742', 'password': 'alison', 'salt': 'ryio3NXf', 'md5': 'c9543ad5b9a694c5be4ddf722d0bc715', 'sha1': '598e6bf75858b75d575b74433a4a3f0378cb0386', 'sha256': 'b36620343ee22f031a039a7b822b750a5b3425fe58ca8d734e0756e5b247042c'}, 'dob': {'date': '1972-10-22T18:23:36.615Z', 'age': 51}, 'registered': {'date': '2010-07-20T15:10:38.980Z', 'age': 13}, 'phone': '(78) 8365-5827', 'cell': '(98) 2354-9507', 'id': {'name': 'CPF', 'value': '888.083.711-71'}, 'picture': {'large': 'https://randomuser.me/api/portraits/women/39.jpg', 'medium': 'https://randomuser.me/api/portraits/med/women/39.jpg', 'thumbnail': 'https://randomuser.me/api/portraits/thumb/women/39.jpg'}, 'nat': 'BR'}], 'info': {'seed': '676292bc94b9ba21', 'results': 1, 'page': 1, 'version': '1.4'}}</msg>
<arg>${json_data}</arg>
<doc>Logs the given message with the given level.</doc>
<status status="PASS" start="2024-06-13T07:14:13.459687" elapsed="0.000208"/>
</kw>
<kw name="Should Be Equal As Numbers" owner="BuiltIn">
<arg>${json_data['results'][0]['location']['postcode']}</arg>
<arg>${json_data['results'][0]['location']['postcode']}</arg>
<doc>Fails if objects are unequal after converting them to real numbers.</doc>
<status status="PASS" start="2024-06-13T07:14:13.460189" elapsed="0.000626"/>
</kw>
<kw name="Log" owner="BuiltIn">
<msg time="2024-06-13T07:14:13.461338" level="INFO">23971</msg>
<arg>${json_data['results'][0]['location']['postcode']}</arg>
<doc>Logs the given message with the given level.</doc>
<status status="PASS" start="2024-06-13T07:14:13.461004" elapsed="0.000374"/>
</kw>
<status status="PASS" start="2024-06-13T07:14:13.360712" elapsed="0.100949"/>
</kw>
<doc>Testa se os tipos de dados na resposta da API estão corretos.</doc>
<tag>testeTiposDados</tag>
<status status="PASS" start="2024-06-13T07:14:13.306352" elapsed="0.155509"/>
</test>
<test id="s1-s1-t5" name="Validar conteudo" line="35">
<kw name="Teste de Tipos de Conteudo" owner="random-user-service">
<kw name="GET On Session" owner="RequestsLibrary">
<msg time="2024-06-13T07:14:13.564850" level="INFO">GET Request : url=https://randomuser.me/api 
 path_url=/api 
 headers={'User-Agent': 'python-requests/2.32.3', 'Accept-Encoding': 'gzip, deflate', 'Accept': '*/*', 'Connection': 'keep-alive'} 
 body=None 
 </msg>
<msg time="2024-06-13T07:14:13.564935" level="INFO">GET Response : url=https://randomuser.me/api 
 status=200, reason=OK 
 headers={'Date': 'Thu, 13 Jun 2024 07:14:13 GMT', 'Content-Type': 'application/json; charset=utf-8', 'Transfer-Encoding': 'chunked', 'Connection': 'keep-alive', 'X-Powered-By': 'Express', 'Access-Control-Allow-Origin': '*', 'Cache-Control': 'no-cache', 'ETag': 'W/"478-7PRrA/bqBqUaM6OQsb1Ou2ShRoA"', 'Vary': 'Accept-Encoding', 'Content-Encoding': 'gzip', 'CF-Cache-Status': 'DYNAMIC', 'Report-To': '{"endpoints":[{"url":"https:\\/\\/a.nel.cloudflare.com\\/report\\/v4?s=UqV82yciFjQGMtJl35mfNqyZJsLMkENdD%2BrbcTC4UDHcQiZGE1L9yUdIu%2FsqT7sbAFrPujt9AleWk2GBUji9VbKppskDnVOv85%2BP1mb7EbjYY712L0F6YaIeE16mFCgF"}],"group":"cf-nel","max_age":604800}', 'NEL': '{"success_fraction":0,"report_to":"cf-nel","max_age":604800}', 'Server': 'cloudflare', 'CF-RAY': '893048522a2c5aff-IAD', 'alt-svc': 'h3=":443"; ma=86400'} 
 body={"results":[{"gender":"male","name":{"title":"Mr","first":"Anton","last":"Nielsen"},"location":{"street":{"number":8382,"name":"Lyngvej"},"city":"Roskilde","state":"Danmark","country":"Denmark","postcode":53770,"coordinates":{"latitude":"-41.9229","longitude":"-29.9293"},"timezone":{"offset":"-3:00","description":"Brazil, Buenos Aires, Georgetown"}},"email":"anton.nielsen@example.com","login":{"uuid":"1a5d7a27-4e6c-4d16-9def-c9a490b66bee","username":"tinyzebra827","password":"spike","salt":"p6xX2hAJ","md5":"6799d5837f026b4a9375121c25befe11","sha1":"101e83e181005b504a7968b37018791bf833f943","sha256":"827f8514543814ac5e65a6fe8623badb42f4bf8fbcddbc2867a387937a91aa46"},"dob":{"date":"1977-03-15T04:19:19.200Z","age":47},"registered":{"date":"2015-01-02T19:50:24.588Z","age":9},"phone":"50744799","cell":"89361127","id":{"name":"CPR","value":"140377-6937"},"picture":{"large":"https://randomuser.me/api/portraits/men/25.jpg","medium":"https://randomuser.me/api/portraits/med/men/25.jpg","thumbnail":"https://randomuser.me/api/portraits/thumb/men/25.jpg"},"nat":"DK"}],"info":{"seed":"c60acc095a0bc673","results":1,"page":1,"version":"1.4"}} 
 </msg>
<msg time="2024-06-13T07:14:13.565007" level="INFO">/opt/hostedtoolcache/Python/3.12.3/x64/lib/python3.12/site-packages/urllib3/connectionpool.py:1103: InsecureRequestWarning: Unverified HTTPS request is being made to host 'randomuser.me'. Adding certificate verification is strongly advised. See: https://urllib3.readthedocs.io/en/latest/advanced-usage.html#tls-warnings
  warnings.warn(</msg>
<msg time="2024-06-13T07:14:13.565144" level="INFO">${response} = &lt;Response [200]&gt;</msg>
<var>${response}</var>
<arg>consultarAPI</arg>
<arg>/api</arg>
<doc>Sends a GET request on a previously created HTTP Session.</doc>
<status status="PASS" start="2024-06-13T07:14:13.464653" elapsed="0.100541"/>
</kw>
<kw name="Set Variable" owner="BuiltIn">
<msg time="2024-06-13T07:14:13.566113" level="INFO">${json_data} = {'results': [{'gender': 'male', 'name': {'title': 'Mr', 'first': 'Anton', 'last': 'Nielsen'}, 'location': {'street': {'number': 8382, 'name': 'Lyngvej'}, 'city': 'Roskilde', 'state': 'Danmark', 'count...</msg>
<var>${json_data}</var>
<arg>${response.json()}</arg>
<doc>Returns the given values which can then be assigned to a variables.</doc>
<status status="PASS" start="2024-06-13T07:14:13.565598" elapsed="0.000546"/>
</kw>
<kw name="Set Variable" owner="BuiltIn">
<msg time="2024-06-13T07:14:13.566842" level="INFO">${name_title} = Mr</msg>
<var>${name_title}</var>
<arg>${json_data["results"][0]["name"]["title"]}</arg>
<doc>Returns the given values which can then be assigned to a variables.</doc>
<status status="PASS" start="2024-06-13T07:14:13.566454" elapsed="0.000414"/>
</kw>
<kw name="Create List" owner="BuiltIn">
<msg time="2024-06-13T07:14:13.567330" level="INFO">${allowed_titles} = ['Mr', 'Ms', 'Miss', 'Mrs', 'Madame', 'Monsieur']</msg>
<var>${allowed_titles}</var>
<arg>Mr</arg>
<arg>Ms</arg>
<arg>Miss</arg>
<arg>Mrs</arg>
<arg>Madame</arg>
<arg>Monsieur</arg>
<doc>Returns a list containing given items.</doc>
<status status="PASS" start="2024-06-13T07:14:13.567175" elapsed="0.000180"/>
</kw>
<kw name="List Should Contain Value" owner="Collections">
<arg>${allowed_titles}</arg>
<arg>${name_title}</arg>
<doc>Fails if the ``value`` is not found from ``list``.</doc>
<status status="PASS" start="2024-06-13T07:14:13.567656" elapsed="0.000188"/>
</kw>
<kw name="Set Variable" owner="BuiltIn">
<msg time="2024-06-13T07:14:13.568405" level="INFO">${name_country} = DK</msg>
<var>${name_country}</var>
<arg>${json_data["results"][0]["nat"]}</arg>
<doc>Returns the given values which can then be assigned to a variables.</doc>
<status status="PASS" start="2024-06-13T07:14:13.568027" elapsed="0.000405"/>
</kw>
<kw name="Create List" owner="BuiltIn">
<msg time="2024-06-13T07:14:13.569332" level="INFO">${list_country} = ['AD', 'AE', 'AF', 'AG', 'AI', 'AL', 'AM', 'AO', 'AQ', 'AR', 'AS', 'AT', 'AU', 'AW', 'AX', 'AZ', 'BA', 'BB', 'BD', 'BE', 'BF', 'BG', 'BH', 'BI', 'BJ', 'BL', 'BM', 'BN', 'BO', 'BQ', 'BR', 'BS', 'BT', '...</msg>
<var>${list_country}</var>
<arg>AD</arg>
<arg>AE</arg>
<arg>AF</arg>
<arg>AG</arg>
<arg>AI</arg>
<arg>AL</arg>
<arg>AM</arg>
<arg>AO</arg>
<arg>AQ</arg>
<arg>AR</arg>
<arg>AS</arg>
<arg>AT</arg>
<arg>AU</arg>
<arg>AW</arg>
<arg>AX</arg>
<arg>AZ</arg>
<arg>BA</arg>
<arg>BB</arg>
<arg>BD</arg>
<arg>BE</arg>
<arg>BF</arg>
<arg>BG</arg>
<arg>BH</arg>
<arg>BI</arg>
<arg>BJ</arg>
<arg>BL</arg>
<arg>BM</arg>
<arg>BN</arg>
<arg>BO</arg>
<arg>BQ</arg>
<arg>BR</arg>
<arg>BS</arg>
<arg>BT</arg>
<arg>BV</arg>
<arg>BW</arg>
<arg>BY</arg>
<arg>BZ</arg>
<arg>CA</arg>
<arg>CC</arg>
<arg>CD</arg>
<arg>CF</arg>
<arg>CG</arg>
<arg>CH</arg>
<arg>CI</arg>
<arg>CK</arg>
<arg>CL</arg>
<arg>CM</arg>
<arg>CN</arg>
<arg>CO</arg>
<arg>CR</arg>
<arg>CU</arg>
<arg>CV</arg>
<arg>CW</arg>
<arg>CX</arg>
<arg>CY</arg>
<arg>CZ</arg>
<arg>DE</arg>
<arg>DJ</arg>
<arg>DK</arg>
<arg>DM</arg>
<arg>DO</arg>
<arg>DZ</arg>
<arg>EC</arg>
<arg>EE</arg>
<arg>EG</arg>
<arg>EH</arg>
<arg>ER</arg>
<arg>ES</arg>
<arg>ET</arg>
<arg>FI</arg>
<arg>FJ</arg>
<arg>FK</arg>
<arg>FM</arg>
<arg>FO</arg>
<arg>FR</arg>
<arg>GA</arg>
<arg>GB</arg>
<arg>GD</arg>
<arg>GE</arg>
<arg>GF</arg>
<arg>GG</arg>
<arg>GH</arg>
<arg>GI</arg>
<arg>GL</arg>
<arg>GM</arg>
<arg>GN</arg>
<arg>GP</arg>
<arg>GQ</arg>
<arg>GR</arg>
<arg>GS</arg>
<arg>GT</arg>
<arg>GU</arg>
<arg>GW</arg>
<arg>GY</arg>
<arg>HK</arg>
<arg>HM</arg>
<arg>HN</arg>
<arg>HR</arg>
<arg>HT</arg>
<arg>HU</arg>
<arg>ID</arg>
<arg>IE</arg>
<arg>IL</arg>
<arg>IM</arg>
<arg>IN</arg>
<arg>IO</arg>
<arg>IQ</arg>
<arg>IR</arg>
<arg>IS</arg>
<arg>IT</arg>
<arg>JE</arg>
<arg>JM</arg>
<arg>JO</arg>
<arg>JP</arg>
<arg>KE</arg>
<arg>KG</arg>
<arg>KH</arg>
<arg>KI</arg>
<arg>KM</arg>
<arg>KN</arg>
<arg>KP</arg>
<arg>KR</arg>
<arg>KW</arg>
<arg>KY</arg>
<arg>KZ</arg>
<arg>LA</arg>
<arg>LB</arg>
<arg>LC</arg>
<arg>LI</arg>
<arg>LK</arg>
<arg>LR</arg>
<arg>LS</arg>
<arg>LT</arg>
<arg>LU</arg>
<arg>LV</arg>
<arg>LY</arg>
<arg>MA</arg>
<arg>MC</arg>
<arg>MD</arg>
<arg>ME</arg>
<arg>MF</arg>
<arg>MG</arg>
<arg>MH</arg>
<arg>MK</arg>
<arg>ML</arg>
<arg>MM</arg>
<arg>MN</arg>
<arg>MO</arg>
<arg>MP</arg>
<arg>MQ</arg>
<arg>MR</arg>
<arg>MS</arg>
<arg>MT</arg>
<arg>MU</arg>
<arg>MV</arg>
<arg>MW</arg>
<arg>MX</arg>
<arg>MY</arg>
<arg>MZ</arg>
<arg>NA</arg>
<arg>NC</arg>
<arg>NE</arg>
<arg>NF</arg>
<arg>NG</arg>
<arg>NI</arg>
<arg>NL</arg>
<arg>NO</arg>
<arg>NP</arg>
<arg>NR</arg>
<arg>NU</arg>
<arg>NZ</arg>
<arg>OM</arg>
<arg>PA</arg>
<arg>PE</arg>
<arg>PF</arg>
<arg>PG</arg>
<arg>PH</arg>
<arg>PK</arg>
<arg>PL</arg>
<arg>PM</arg>
<arg>PN</arg>
<arg>PR</arg>
<arg>PS</arg>
<arg>PT</arg>
<arg>PW</arg>
<arg>PY</arg>
<arg>QA</arg>
<arg>RE</arg>
<arg>RO</arg>
<arg>RS</arg>
<arg>RU</arg>
<arg>RW</arg>
<arg>SA</arg>
<arg>SB</arg>
<arg>SC</arg>
<arg>SD</arg>
<arg>SE</arg>
<arg>SG</arg>
<arg>SH</arg>
<arg>SI</arg>
<arg>SJ</arg>
<arg>SK</arg>
<arg>SL</arg>
<arg>SM</arg>
<arg>SN</arg>
<arg>SO</arg>
<arg>SR</arg>
<arg>SS</arg>
<arg>ST</arg>
<arg>SV</arg>
<arg>SX</arg>
<arg>SY</arg>
<arg>SZ</arg>
<arg>TC</arg>
<arg>TD</arg>
<arg>TF</arg>
<arg>TG</arg>
<arg>TH</arg>
<arg>TJ</arg>
<arg>TK</arg>
<arg>TL</arg>
<arg>TM</arg>
<arg>TN</arg>
<arg>TO</arg>
<arg>TR</arg>
<arg>TT</arg>
<arg>TV</arg>
<arg>TW</arg>
<arg>TZ</arg>
<arg>UA</arg>
<arg>UG</arg>
<arg>UM</arg>
<arg>US</arg>
<arg>UY</arg>
<arg>UZ</arg>
<arg>VA</arg>
<arg>VC</arg>
<arg>VE</arg>
<arg>VG</arg>
<arg>VI</arg>
<arg>VN</arg>
<arg>VU</arg>
<arg>WF</arg>
<arg>WS</arg>
<arg>XK</arg>
<arg>YE</arg>
<arg>YT</arg>
<arg>ZA</arg>
<arg>ZM</arg>
<arg>ZW</arg>
<doc>Returns a list containing given items.</doc>
<status status="PASS" start="2024-06-13T07:14:13.568730" elapsed="0.000628"/>
</kw>
<kw name="List Should Contain Value" owner="Collections">
<arg>${list_country}</arg>
<arg>${name_country}</arg>
<doc>Fails if the ``value`` is not found from ``list``.</doc>
<status status="PASS" start="2024-06-13T07:14:13.570188" elapsed="0.000211"/>
</kw>
<kw name="Run Keyword If" owner="BuiltIn">
<kw name="Should Be True" owner="BuiltIn">
<arg>${True}</arg>
<doc>Fails if the given condition is not true.</doc>
<status status="PASS" start="2024-06-13T07:14:13.571468" elapsed="0.000145"/>
</kw>
<arg>${json_data["results"][0]["location"]["coordinates"]["latitude"]} &gt;= -90 and ${json_data["results"][0]["location"]["coordinates"]["latitude"]} &lt;= 90</arg>
<arg>Should Be True</arg>
<arg>${True}</arg>
<doc>Runs the given keyword with the given arguments, if ``condition`` is true.</doc>
<status status="PASS" start="2024-06-13T07:14:13.570603" elapsed="0.001140"/>
</kw>
<kw name="Run Keyword If" owner="BuiltIn">
<kw name="Should Be True" owner="BuiltIn">
<arg>${True}</arg>
<doc>Fails if the given condition is not true.</doc>
<status status="PASS" start="2024-06-13T07:14:13.572620" elapsed="0.000139"/>
</kw>
<arg>${json_data["results"][0]["location"]["coordinates"]["longitude"]} &gt;= -180 and ${json_data["results"][0]["location"]["coordinates"]["longitude"]} &lt;= 180</arg>
<arg>Should Be True</arg>
<arg>${True}</arg>
<doc>Runs the given keyword with the given arguments, if ``condition`` is true.</doc>
<status status="PASS" start="2024-06-13T07:14:13.571931" elapsed="0.000954"/>
</kw>
<status status="PASS" start="2024-06-13T07:14:13.464281" elapsed="0.108735"/>
</kw>
<doc>Testa o conteúdo específico dos campos retornados pela API.</doc>
<tag>testeConteudo</tag>
<status status="PASS" start="2024-06-13T07:14:13.463636" elapsed="0.109528"/>
</test>
<status status="PASS" start="2024-06-13T07:14:12.752821" elapsed="0.822317"/>
</suite>
<status status="PASS" start="2024-06-13T07:14:12.739349" elapsed="0.840974"/>
</suite>
<statistics>
<total>
<stat pass="5" fail="0" skip="0">All Tests</stat>
</total>
<tag>
<stat pass="1" fail="0" skip="0">testeConteudo</stat>
<stat pass="1" fail="0" skip="0">testeEstruturaResposta</stat>
<stat pass="1" fail="0" skip="0">testeRequisicaoBasica</stat>
<stat pass="1" fail="0" skip="0">testeTiposDados</stat>
</tag>
<suite>
<stat pass="5" fail="0" skip="0" id="s1" name="Tests">Tests</stat>
<stat pass="5" fail="0" skip="0" id="s1-s1" name="Random-User-Test">Tests.Random-User-Test</stat>
</suite>
</statistics>
<errors>
</errors>
</robot>
