<?xml version="1.0" encoding="UTF-8"?>
<robot generator="Robot 7.0.1 (Python 3.12.4 on linux)" generated="2024-07-20T17:13:26.584469" rpa="false" schemaversion="5">
<suite id="s1" name="Tests" source="/home/runner/work/ApiRandomUser/ApiRandomUser/RamdonUser/tests">
<suite id="s1-s1" name="Random-User-Test" source="/home/runner/work/ApiRandomUser/ApiRandomUser/RamdonUser/tests/random-user-test.robot">
<test id="s1-s1-t1" name="Conectar" line="13">
<kw name="Conectar API" owner="random-user-service">
<kw name="Create Session" owner="RequestsLibrary">
<msg time="2024-07-20T17:13:26.992455" level="INFO">Creating Session using : alias=consultarAPI, url=https://randomuser.me/, headers={},                     cookies={}, auth=None, timeout=None, proxies=None, verify=False,                     debug=0 </msg>
<arg>consultarAPI</arg>
<arg>${URL}</arg>
<doc>Create Session: create a HTTP session to a server</doc>
<status status="PASS" start="2024-07-20T17:13:26.992253" elapsed="0.000388"/>
</kw>
<status status="PASS" start="2024-07-20T17:13:26.991213" elapsed="0.001800"/>
</kw>
<status status="PASS" start="2024-07-20T17:13:26.990580" elapsed="0.002624"/>
</test>
<test id="s1-s1-t2" name="Validar retorno 200 e JSON Válido" line="16">
<kw name="Teste de Requisicao Basica" owner="random-user-service">
<kw name="GET On Session" owner="RequestsLibrary">
<msg time="2024-07-20T17:13:27.244378" level="INFO">GET Request : url=https://randomuser.me/api 
 path_url=/api 
 headers={'User-Agent': 'python-requests/2.32.3', 'Accept-Encoding': 'gzip, deflate', 'Accept': '*/*', 'Connection': 'keep-alive'} 
 body=None 
 </msg>
<msg time="2024-07-20T17:13:27.244548" level="INFO">GET Response : url=https://randomuser.me/api 
 status=200, reason=OK 
 headers={'Date': 'Sat, 20 Jul 2024 17:13:27 GMT', 'Content-Type': 'application/json; charset=utf-8', 'Transfer-Encoding': 'chunked', 'Connection': 'keep-alive', 'X-Powered-By': 'Express', 'Access-Control-Allow-Origin': '*', 'Cache-Control': 'no-cache', 'ETag': 'W/"48c-JViTw4ABao0xOFqSwQts6xRc9z0"', 'Vary': 'Accept-Encoding', 'Content-Encoding': 'gzip', 'CF-Cache-Status': 'DYNAMIC', 'Report-To': '{"endpoints":[{"url":"https:\\/\\/a.nel.cloudflare.com\\/report\\/v4?s=iPgg1aN8F0z4JD9chrzDc2SsKuGCLvZsSrXDhlXLuKVxazLV1MB3EP0%2Bek8bo2yxxXWpTugiHdizXZ2IWiAp9MT1lAdvNN8NOA%2FIQh7gBfravmNZsN4Oe%2FSaLjviBh0v"}],"group":"cf-nel","max_age":604800}', 'NEL': '{"success_fraction":0,"report_to":"cf-nel","max_age":604800}', 'Server': 'cloudflare', 'CF-RAY': '8a6494f8ed77c562-IAD', 'alt-svc': 'h3=":443"; ma=86400'} 
 body={"results":[{"gender":"female","name":{"title":"Mrs","first":"Jean","last":"Rivera"},"location":{"street":{"number":4843,"name":"W Sherman Dr"},"city":"Portland","state":"Rhode Island","country":"United States","postcode":49981,"coordinates":{"latitude":"84.7146","longitude":"32.4463"},"timezone":{"offset":"-11:00","description":"Midway Island, Samoa"}},"email":"jean.rivera@example.com","login":{"uuid":"7c907ebc-7c6a-4933-87ca-f1f16374e620","username":"redzebra186","password":"rocky","salt":"XyQLonVE","md5":"e0f7da1e7a90bbb7b92c1d9bc215907c","sha1":"c7e232fa8b0b973d07b56544c1f518e280404efc","sha256":"c1e56b2df7aa447fed51aede98265e273be8a997fe5af81ffed6923ce3e7abc6"},"dob":{"date":"2000-08-17T02:47:32.425Z","age":23},"registered":{"date":"2004-03-20T19:55:05.196Z","age":20},"phone":"(342) 941-0800","cell":"(404) 500-9749","id":{"name":"SSN","value":"480-84-1586"},"picture":{"large":"https://randomuser.me/api/portraits/women/39.jpg","medium":"https://randomuser.me/api/portraits/med/women/39.jpg","thumbnail":"https://randomuser.me/api/portraits/thumb/women/39.jpg"},"nat":"US"}],"info":{"seed":"2645adb5e91b473d","results":1,"page":1,"version":"1.4"}} 
 </msg>
<msg time="2024-07-20T17:13:27.244636" level="INFO">/opt/hostedtoolcache/Python/3.12.4/x64/lib/python3.12/site-packages/urllib3/connectionpool.py:1099: InsecureRequestWarning: Unverified HTTPS request is being made to host 'randomuser.me'. Adding certificate verification is strongly advised. See: https://urllib3.readthedocs.io/en/latest/advanced-usage.html#tls-warnings
  warnings.warn(</msg>
<msg time="2024-07-20T17:13:27.244784" level="INFO">${response} = &lt;Response [200]&gt;</msg>
<var>${response}</var>
<arg>consultarAPI</arg>
<arg>/api</arg>
<doc>Sends a GET request on a previously created HTTP Session.</doc>
<status status="PASS" start="2024-07-20T17:13:26.995911" elapsed="0.248915"/>
</kw>
<kw name="Should Be Equal As Numbers" owner="BuiltIn">
<msg time="2024-07-20T17:13:27.245853" level="INFO">Argument types are:
&lt;class 'int'&gt;
&lt;class 'str'&gt;</msg>
<arg>${response.status_code}</arg>
<arg>200</arg>
<doc>Fails if objects are unequal after converting them to real numbers.</doc>
<status status="PASS" start="2024-07-20T17:13:27.245372" elapsed="0.000550"/>
</kw>
<kw name="Log" owner="BuiltIn">
<msg time="2024-07-20T17:13:27.246692" level="INFO">200</msg>
<arg>${response.status_code}</arg>
<doc>Logs the given message with the given level.</doc>
<status status="PASS" start="2024-07-20T17:13:27.246275" elapsed="0.000466"/>
</kw>
<kw name="Set Variable" owner="BuiltIn">
<msg time="2024-07-20T17:13:27.247545" level="INFO">${json_data} = {'results': [{'gender': 'female', 'name': {'title': 'Mrs', 'first': 'Jean', 'last': 'Rivera'}, 'location': {'street': {'number': 4843, 'name': 'W Sherman Dr'}, 'city': 'Portland', 'state': 'Rhode Isla...</msg>
<var>${json_data}</var>
<arg>${response.json()}</arg>
<doc>Returns the given values which can then be assigned to a variables.</doc>
<status status="PASS" start="2024-07-20T17:13:27.247081" elapsed="0.000495"/>
</kw>
<kw name="Dictionary Should Contain Key" owner="Collections">
<arg>${json_data}</arg>
<arg>results</arg>
<doc>Fails if ``key`` is not found from ``dictionary``.</doc>
<status status="PASS" start="2024-07-20T17:13:27.247892" elapsed="0.000353"/>
</kw>
<status status="PASS" start="2024-07-20T17:13:26.995668" elapsed="0.252736"/>
</kw>
<doc>Testa se a API responde corretamente e retorna um objeto JSON válido.</doc>
<tag>testeRequisicaoBasica</tag>
<status status="PASS" start="2024-07-20T17:13:26.995146" elapsed="0.253440"/>
</test>
<test id="s1-s1-t3" name="Validar estrutura de resposta" line="22">
<kw name="Teste de Estrutura de Resposta" owner="random-user-service">
<kw name="GET On Session" owner="RequestsLibrary">
<msg time="2024-07-20T17:13:27.325691" level="INFO">GET Request : url=https://randomuser.me/api 
 path_url=/api 
 headers={'User-Agent': 'python-requests/2.32.3', 'Accept-Encoding': 'gzip, deflate', 'Accept': '*/*', 'Connection': 'keep-alive'} 
 body=None 
 </msg>
<msg time="2024-07-20T17:13:27.325797" level="INFO">GET Response : url=https://randomuser.me/api 
 status=200, reason=OK 
 headers={'Date': 'Sat, 20 Jul 2024 17:13:27 GMT', 'Content-Type': 'application/json; charset=utf-8', 'Transfer-Encoding': 'chunked', 'Connection': 'keep-alive', 'X-Powered-By': 'Express', 'Access-Control-Allow-Origin': '*', 'Cache-Control': 'no-cache', 'ETag': 'W/"491-5OwBAX5d7mvIgcqlDiV0ovpm9xs"', 'Vary': 'Accept-Encoding', 'Content-Encoding': 'gzip', 'CF-Cache-Status': 'DYNAMIC', 'Report-To': '{"endpoints":[{"url":"https:\\/\\/a.nel.cloudflare.com\\/report\\/v4?s=FbeYdplqPuSSUFzpLR%2BVQ344l7H%2FvcuVZHg%2FghCcjPX1R2IP1fH4vrlKJqme4GOqI2zdCZeFho8Wsw8%2FOB6ADCa3mHC5n%2Fdoe2aCbLSM43o2j1FZmq1Tt9tNf3Uneyal"}],"group":"cf-nel","max_age":604800}', 'NEL': '{"success_fraction":0,"report_to":"cf-nel","max_age":604800}', 'Server': 'cloudflare', 'CF-RAY': '8a6494f95e02c562-IAD', 'alt-svc': 'h3=":443"; ma=86400'} 
 body={"results":[{"gender":"female","name":{"title":"Miss","first":"Emeline","last":"Roux"},"location":{"street":{"number":4396,"name":"Rue Gasparin"},"city":"Aix-En-Provence","state":"Nord","country":"France","postcode":76862,"coordinates":{"latitude":"-17.6998","longitude":"54.1379"},"timezone":{"offset":"-12:00","description":"Eniwetok, Kwajalein"}},"email":"emeline.roux@example.com","login":{"uuid":"5f307e0b-bd15-4c47-ba79-8daa8afb289a","username":"organiclion837","password":"hookem","salt":"1dtWqD8M","md5":"406d5cc309efb8ac72d3e8f658b4232e","sha1":"4c92344c9db647843e29ec7d498156bebea3de43","sha256":"5beb14b366b342d64214c7070d8de8d88be4363ceb9e479b35b61b4a019b014f"},"dob":{"date":"1980-08-09T16:03:55.809Z","age":43},"registered":{"date":"2015-02-03T11:25:11.556Z","age":9},"phone":"04-97-15-66-98","cell":"06-78-74-66-39","id":{"name":"INSEE","value":"2800751770609 09"},"picture":{"large":"https://randomuser.me/api/portraits/women/53.jpg","medium":"https://randomuser.me/api/portraits/med/women/53.jpg","thumbnail":"https://randomuser.me/api/portraits/thumb/women/53.jpg"},"nat":"FR"}],"info":{"seed":"7d4a8f96c70cb46d","results":1,"page":1,"version":"1.4"}} 
 </msg>
<msg time="2024-07-20T17:13:27.325926" level="INFO">/opt/hostedtoolcache/Python/3.12.4/x64/lib/python3.12/site-packages/urllib3/connectionpool.py:1099: InsecureRequestWarning: Unverified HTTPS request is being made to host 'randomuser.me'. Adding certificate verification is strongly advised. See: https://urllib3.readthedocs.io/en/latest/advanced-usage.html#tls-warnings
  warnings.warn(</msg>
<msg time="2024-07-20T17:13:27.326051" level="INFO">${response} = &lt;Response [200]&gt;</msg>
<var>${response}</var>
<arg>consultarAPI</arg>
<arg>/api</arg>
<doc>Sends a GET request on a previously created HTTP Session.</doc>
<status status="PASS" start="2024-07-20T17:13:27.251292" elapsed="0.074803"/>
</kw>
<kw name="Set Variable" owner="BuiltIn">
<msg time="2024-07-20T17:13:27.327152" level="INFO">${json_data} = {'results': [{'gender': 'female', 'name': {'title': 'Miss', 'first': 'Emeline', 'last': 'Roux'}, 'location': {'street': {'number': 4396, 'name': 'Rue Gasparin'}, 'city': 'Aix-En-Provence', 'state': 'N...</msg>
<var>${json_data}</var>
<arg>${response.json()}</arg>
<doc>Returns the given values which can then be assigned to a variables.</doc>
<status status="PASS" start="2024-07-20T17:13:27.326623" elapsed="0.000561"/>
</kw>
<kw name="Log" owner="BuiltIn">
<msg time="2024-07-20T17:13:27.327694" level="INFO">{'results': [{'gender': 'female', 'name': {'title': 'Miss', 'first': 'Emeline', 'last': 'Roux'}, 'location': {'street': {'number': 4396, 'name': 'Rue Gasparin'}, 'city': 'Aix-En-Provence', 'state': 'Nord', 'country': 'France', 'postcode': 76862, 'coordinates': {'latitude': '-17.6998', 'longitude': '54.1379'}, 'timezone': {'offset': '-12:00', 'description': 'Eniwetok, Kwajalein'}}, 'email': 'emeline.roux@example.com', 'login': {'uuid': '5f307e0b-bd15-4c47-ba79-8daa8afb289a', 'username': 'organiclion837', 'password': 'hookem', 'salt': '1dtWqD8M', 'md5': '406d5cc309efb8ac72d3e8f658b4232e', 'sha1': '4c92344c9db647843e29ec7d498156bebea3de43', 'sha256': '5beb14b366b342d64214c7070d8de8d88be4363ceb9e479b35b61b4a019b014f'}, 'dob': {'date': '1980-08-09T16:03:55.809Z', 'age': 43}, 'registered': {'date': '2015-02-03T11:25:11.556Z', 'age': 9}, 'phone': '04-97-15-66-98', 'cell': '06-78-74-66-39', 'id': {'name': 'INSEE', 'value': '2800751770609 09'}, 'picture': {'large': 'https://randomuser.me/api/portraits/women/53.jpg', 'medium': 'https://randomuser.me/api/portraits/med/women/53.jpg', 'thumbnail': 'https://randomuser.me/api/portraits/thumb/women/53.jpg'}, 'nat': 'FR'}], 'info': {'seed': '7d4a8f96c70cb46d', 'results': 1, 'page': 1, 'version': '1.4'}}</msg>
<arg>${json_data}</arg>
<doc>Logs the given message with the given level.</doc>
<status status="PASS" start="2024-07-20T17:13:27.327519" elapsed="0.000238"/>
</kw>
<kw name="Dictionary Should Contain Key" owner="Collections">
<arg>${json_data}</arg>
<arg>results</arg>
<doc>Fails if ``key`` is not found from ``dictionary``.</doc>
<status status="PASS" start="2024-07-20T17:13:27.328061" elapsed="0.000173"/>
</kw>
<kw name="Should Not Be Empty" owner="BuiltIn">
<msg time="2024-07-20T17:13:27.328555" level="INFO">Length is 2.</msg>
<arg>${json_data}</arg>
<doc>Verifies that the given item is not empty.</doc>
<status status="PASS" start="2024-07-20T17:13:27.328421" elapsed="0.000182"/>
</kw>
<kw name="Create List" owner="BuiltIn">
<msg time="2024-07-20T17:13:27.329049" level="INFO">${expected_keys} = ['gender', 'name', 'location', 'email', 'login']</msg>
<var>${expected_keys}</var>
<arg>gender</arg>
<arg>name</arg>
<arg>location</arg>
<arg>email</arg>
<arg>login</arg>
<doc>Returns a list containing given items.</doc>
<status status="PASS" start="2024-07-20T17:13:27.328895" elapsed="0.000179"/>
</kw>
<for flavor="IN">
<iter>
<kw name="Dictionary Should Contain Key" owner="Collections">
<arg>${json_data['results'][0]}</arg>
<arg>${key}</arg>
<doc>Fails if ``key`` is not found from ``dictionary``.</doc>
<status status="PASS" start="2024-07-20T17:13:27.329681" elapsed="0.000432"/>
</kw>
<kw name="Log" owner="BuiltIn">
<msg time="2024-07-20T17:13:27.330697" level="INFO">{'gender': 'female', 'name': {'title': 'Miss', 'first': 'Emeline', 'last': 'Roux'}, 'location': {'street': {'number': 4396, 'name': 'Rue Gasparin'}, 'city': 'Aix-En-Provence', 'state': 'Nord', 'country': 'France', 'postcode': 76862, 'coordinates': {'latitude': '-17.6998', 'longitude': '54.1379'}, 'timezone': {'offset': '-12:00', 'description': 'Eniwetok, Kwajalein'}}, 'email': 'emeline.roux@example.com', 'login': {'uuid': '5f307e0b-bd15-4c47-ba79-8daa8afb289a', 'username': 'organiclion837', 'password': 'hookem', 'salt': '1dtWqD8M', 'md5': '406d5cc309efb8ac72d3e8f658b4232e', 'sha1': '4c92344c9db647843e29ec7d498156bebea3de43', 'sha256': '5beb14b366b342d64214c7070d8de8d88be4363ceb9e479b35b61b4a019b014f'}, 'dob': {'date': '1980-08-09T16:03:55.809Z', 'age': 43}, 'registered': {'date': '2015-02-03T11:25:11.556Z', 'age': 9}, 'phone': '04-97-15-66-98', 'cell': '06-78-74-66-39', 'id': {'name': 'INSEE', 'value': '2800751770609 09'}, 'picture': {'large': 'https://randomuser.me/api/portraits/women/53.jpg', 'medium': 'https://randomuser.me/api/portraits/med/women/53.jpg', 'thumbnail': 'https://randomuser.me/api/portraits/thumb/women/53.jpg'}, 'nat': 'FR'}</msg>
<arg>${json_data['results'][0]}</arg>
<doc>Logs the given message with the given level.</doc>
<status status="PASS" start="2024-07-20T17:13:27.330305" elapsed="0.000453"/>
</kw>
<kw name="Log" owner="BuiltIn">
<msg time="2024-07-20T17:13:27.331199" level="INFO">gender</msg>
<arg>${key}</arg>
<doc>Logs the given message with the given level.</doc>
<status status="PASS" start="2024-07-20T17:13:27.331067" elapsed="0.000172"/>
</kw>
<var name="${key}">gender</var>
<status status="PASS" start="2024-07-20T17:13:27.329548" elapsed="0.001912"/>
</iter>
<iter>
<kw name="Dictionary Should Contain Key" owner="Collections">
<arg>${json_data['results'][0]}</arg>
<arg>${key}</arg>
<doc>Fails if ``key`` is not found from ``dictionary``.</doc>
<status status="PASS" start="2024-07-20T17:13:27.331772" elapsed="0.000399"/>
</kw>
<kw name="Log" owner="BuiltIn">
<msg time="2024-07-20T17:13:27.332725" level="INFO">{'gender': 'female', 'name': {'title': 'Miss', 'first': 'Emeline', 'last': 'Roux'}, 'location': {'street': {'number': 4396, 'name': 'Rue Gasparin'}, 'city': 'Aix-En-Provence', 'state': 'Nord', 'country': 'France', 'postcode': 76862, 'coordinates': {'latitude': '-17.6998', 'longitude': '54.1379'}, 'timezone': {'offset': '-12:00', 'description': 'Eniwetok, Kwajalein'}}, 'email': 'emeline.roux@example.com', 'login': {'uuid': '5f307e0b-bd15-4c47-ba79-8daa8afb289a', 'username': 'organiclion837', 'password': 'hookem', 'salt': '1dtWqD8M', 'md5': '406d5cc309efb8ac72d3e8f658b4232e', 'sha1': '4c92344c9db647843e29ec7d498156bebea3de43', 'sha256': '5beb14b366b342d64214c7070d8de8d88be4363ceb9e479b35b61b4a019b014f'}, 'dob': {'date': '1980-08-09T16:03:55.809Z', 'age': 43}, 'registered': {'date': '2015-02-03T11:25:11.556Z', 'age': 9}, 'phone': '04-97-15-66-98', 'cell': '06-78-74-66-39', 'id': {'name': 'INSEE', 'value': '2800751770609 09'}, 'picture': {'large': 'https://randomuser.me/api/portraits/women/53.jpg', 'medium': 'https://randomuser.me/api/portraits/med/women/53.jpg', 'thumbnail': 'https://randomuser.me/api/portraits/thumb/women/53.jpg'}, 'nat': 'FR'}</msg>
<arg>${json_data['results'][0]}</arg>
<doc>Logs the given message with the given level.</doc>
<status status="PASS" start="2024-07-20T17:13:27.332357" elapsed="0.000453"/>
</kw>
<kw name="Log" owner="BuiltIn">
<msg time="2024-07-20T17:13:27.333241" level="INFO">name</msg>
<arg>${key}</arg>
<doc>Logs the given message with the given level.</doc>
<status status="PASS" start="2024-07-20T17:13:27.333113" elapsed="0.000166"/>
</kw>
<var name="${key}">name</var>
<status status="PASS" start="2024-07-20T17:13:27.331657" elapsed="0.001842"/>
</iter>
<iter>
<kw name="Dictionary Should Contain Key" owner="Collections">
<arg>${json_data['results'][0]}</arg>
<arg>${key}</arg>
<doc>Fails if ``key`` is not found from ``dictionary``.</doc>
<status status="PASS" start="2024-07-20T17:13:27.333793" elapsed="0.000388"/>
</kw>
<kw name="Log" owner="BuiltIn">
<msg time="2024-07-20T17:13:27.334778" level="INFO">{'gender': 'female', 'name': {'title': 'Miss', 'first': 'Emeline', 'last': 'Roux'}, 'location': {'street': {'number': 4396, 'name': 'Rue Gasparin'}, 'city': 'Aix-En-Provence', 'state': 'Nord', 'country': 'France', 'postcode': 76862, 'coordinates': {'latitude': '-17.6998', 'longitude': '54.1379'}, 'timezone': {'offset': '-12:00', 'description': 'Eniwetok, Kwajalein'}}, 'email': 'emeline.roux@example.com', 'login': {'uuid': '5f307e0b-bd15-4c47-ba79-8daa8afb289a', 'username': 'organiclion837', 'password': 'hookem', 'salt': '1dtWqD8M', 'md5': '406d5cc309efb8ac72d3e8f658b4232e', 'sha1': '4c92344c9db647843e29ec7d498156bebea3de43', 'sha256': '5beb14b366b342d64214c7070d8de8d88be4363ceb9e479b35b61b4a019b014f'}, 'dob': {'date': '1980-08-09T16:03:55.809Z', 'age': 43}, 'registered': {'date': '2015-02-03T11:25:11.556Z', 'age': 9}, 'phone': '04-97-15-66-98', 'cell': '06-78-74-66-39', 'id': {'name': 'INSEE', 'value': '2800751770609 09'}, 'picture': {'large': 'https://randomuser.me/api/portraits/women/53.jpg', 'medium': 'https://randomuser.me/api/portraits/med/women/53.jpg', 'thumbnail': 'https://randomuser.me/api/portraits/thumb/women/53.jpg'}, 'nat': 'FR'}</msg>
<arg>${json_data['results'][0]}</arg>
<doc>Logs the given message with the given level.</doc>
<status status="PASS" start="2024-07-20T17:13:27.334374" elapsed="0.000465"/>
</kw>
<kw name="Log" owner="BuiltIn">
<msg time="2024-07-20T17:13:27.335264" level="INFO">location</msg>
<arg>${key}</arg>
<doc>Logs the given message with the given level.</doc>
<status status="PASS" start="2024-07-20T17:13:27.335137" elapsed="0.000166"/>
</kw>
<var name="${key}">location</var>
<status status="PASS" start="2024-07-20T17:13:27.333682" elapsed="0.001838"/>
</iter>
<iter>
<kw name="Dictionary Should Contain Key" owner="Collections">
<arg>${json_data['results'][0]}</arg>
<arg>${key}</arg>
<doc>Fails if ``key`` is not found from ``dictionary``.</doc>
<status status="PASS" start="2024-07-20T17:13:27.335812" elapsed="0.000402"/>
</kw>
<kw name="Log" owner="BuiltIn">
<msg time="2024-07-20T17:13:27.336898" level="INFO">{'gender': 'female', 'name': {'title': 'Miss', 'first': 'Emeline', 'last': 'Roux'}, 'location': {'street': {'number': 4396, 'name': 'Rue Gasparin'}, 'city': 'Aix-En-Provence', 'state': 'Nord', 'country': 'France', 'postcode': 76862, 'coordinates': {'latitude': '-17.6998', 'longitude': '54.1379'}, 'timezone': {'offset': '-12:00', 'description': 'Eniwetok, Kwajalein'}}, 'email': 'emeline.roux@example.com', 'login': {'uuid': '5f307e0b-bd15-4c47-ba79-8daa8afb289a', 'username': 'organiclion837', 'password': 'hookem', 'salt': '1dtWqD8M', 'md5': '406d5cc309efb8ac72d3e8f658b4232e', 'sha1': '4c92344c9db647843e29ec7d498156bebea3de43', 'sha256': '5beb14b366b342d64214c7070d8de8d88be4363ceb9e479b35b61b4a019b014f'}, 'dob': {'date': '1980-08-09T16:03:55.809Z', 'age': 43}, 'registered': {'date': '2015-02-03T11:25:11.556Z', 'age': 9}, 'phone': '04-97-15-66-98', 'cell': '06-78-74-66-39', 'id': {'name': 'INSEE', 'value': '2800751770609 09'}, 'picture': {'large': 'https://randomuser.me/api/portraits/women/53.jpg', 'medium': 'https://randomuser.me/api/portraits/med/women/53.jpg', 'thumbnail': 'https://randomuser.me/api/portraits/thumb/women/53.jpg'}, 'nat': 'FR'}</msg>
<arg>${json_data['results'][0]}</arg>
<doc>Logs the given message with the given level.</doc>
<status status="PASS" start="2024-07-20T17:13:27.336532" elapsed="0.000415"/>
</kw>
<kw name="Log" owner="BuiltIn">
<msg time="2024-07-20T17:13:27.337376" level="INFO">email</msg>
<arg>${key}</arg>
<doc>Logs the given message with the given level.</doc>
<status status="PASS" start="2024-07-20T17:13:27.337246" elapsed="0.000171"/>
</kw>
<var name="${key}">email</var>
<status status="PASS" start="2024-07-20T17:13:27.335704" elapsed="0.001953"/>
</iter>
<iter>
<kw name="Dictionary Should Contain Key" owner="Collections">
<arg>${json_data['results'][0]}</arg>
<arg>${key}</arg>
<doc>Fails if ``key`` is not found from ``dictionary``.</doc>
<status status="PASS" start="2024-07-20T17:13:27.337945" elapsed="0.000382"/>
</kw>
<kw name="Log" owner="BuiltIn">
<msg time="2024-07-20T17:13:27.338911" level="INFO">{'gender': 'female', 'name': {'title': 'Miss', 'first': 'Emeline', 'last': 'Roux'}, 'location': {'street': {'number': 4396, 'name': 'Rue Gasparin'}, 'city': 'Aix-En-Provence', 'state': 'Nord', 'country': 'France', 'postcode': 76862, 'coordinates': {'latitude': '-17.6998', 'longitude': '54.1379'}, 'timezone': {'offset': '-12:00', 'description': 'Eniwetok, Kwajalein'}}, 'email': 'emeline.roux@example.com', 'login': {'uuid': '5f307e0b-bd15-4c47-ba79-8daa8afb289a', 'username': 'organiclion837', 'password': 'hookem', 'salt': '1dtWqD8M', 'md5': '406d5cc309efb8ac72d3e8f658b4232e', 'sha1': '4c92344c9db647843e29ec7d498156bebea3de43', 'sha256': '5beb14b366b342d64214c7070d8de8d88be4363ceb9e479b35b61b4a019b014f'}, 'dob': {'date': '1980-08-09T16:03:55.809Z', 'age': 43}, 'registered': {'date': '2015-02-03T11:25:11.556Z', 'age': 9}, 'phone': '04-97-15-66-98', 'cell': '06-78-74-66-39', 'id': {'name': 'INSEE', 'value': '2800751770609 09'}, 'picture': {'large': 'https://randomuser.me/api/portraits/women/53.jpg', 'medium': 'https://randomuser.me/api/portraits/med/women/53.jpg', 'thumbnail': 'https://randomuser.me/api/portraits/thumb/women/53.jpg'}, 'nat': 'FR'}</msg>
<arg>${json_data['results'][0]}</arg>
<doc>Logs the given message with the given level.</doc>
<status status="PASS" start="2024-07-20T17:13:27.338547" elapsed="0.000412"/>
</kw>
<kw name="Log" owner="BuiltIn">
<msg time="2024-07-20T17:13:27.339382" level="INFO">login</msg>
<arg>${key}</arg>
<doc>Logs the given message with the given level.</doc>
<status status="PASS" start="2024-07-20T17:13:27.339253" elapsed="0.000168"/>
</kw>
<var name="${key}">login</var>
<status status="PASS" start="2024-07-20T17:13:27.337836" elapsed="0.001810"/>
</iter>
<var>${key}</var>
<value>@{expected_keys}</value>
<status status="PASS" start="2024-07-20T17:13:27.329345" elapsed="0.010422"/>
</for>
<kw name="Create List" owner="BuiltIn">
<msg time="2024-07-20T17:13:27.340095" level="INFO">${expected_keysTwo} = ['username', 'password']</msg>
<var>${expected_keysTwo}</var>
<arg>username</arg>
<arg>password</arg>
<doc>Returns a list containing given items.</doc>
<status status="PASS" start="2024-07-20T17:13:27.339960" elapsed="0.000191"/>
</kw>
<for flavor="IN">
<iter>
<kw name="Dictionary Should Contain Key" owner="Collections">
<arg>${json_data['results'][0]['login']}</arg>
<arg>${keyTwo}</arg>
<doc>Fails if ``key`` is not found from ``dictionary``.</doc>
<status status="PASS" start="2024-07-20T17:13:27.340667" elapsed="0.000385"/>
</kw>
<kw name="Dictionary Should Contain Key" owner="Collections">
<arg>${json_data['results'][0]['login']}</arg>
<arg>${keyTwo}</arg>
<doc>Fails if ``key`` is not found from ``dictionary``.</doc>
<status status="PASS" start="2024-07-20T17:13:27.341240" elapsed="0.000382"/>
</kw>
<kw name="Log" owner="BuiltIn">
<msg time="2024-07-20T17:13:27.341925" level="INFO">username</msg>
<arg>${keyTwo}</arg>
<doc>Logs the given message with the given level.</doc>
<status status="PASS" start="2024-07-20T17:13:27.341803" elapsed="0.000161"/>
</kw>
<var name="${keyTwo}">username</var>
<status status="PASS" start="2024-07-20T17:13:27.340557" elapsed="0.001626"/>
</iter>
<iter>
<kw name="Dictionary Should Contain Key" owner="Collections">
<arg>${json_data['results'][0]['login']}</arg>
<arg>${keyTwo}</arg>
<doc>Fails if ``key`` is not found from ``dictionary``.</doc>
<status status="PASS" start="2024-07-20T17:13:27.342464" elapsed="0.000430"/>
</kw>
<kw name="Dictionary Should Contain Key" owner="Collections">
<arg>${json_data['results'][0]['login']}</arg>
<arg>${keyTwo}</arg>
<doc>Fails if ``key`` is not found from ``dictionary``.</doc>
<status status="PASS" start="2024-07-20T17:13:27.343075" elapsed="0.000377"/>
</kw>
<kw name="Log" owner="BuiltIn">
<msg time="2024-07-20T17:13:27.343753" level="INFO">password</msg>
<arg>${keyTwo}</arg>
<doc>Logs the given message with the given level.</doc>
<status status="PASS" start="2024-07-20T17:13:27.343628" elapsed="0.000165"/>
</kw>
<var name="${keyTwo}">password</var>
<status status="PASS" start="2024-07-20T17:13:27.342353" elapsed="0.001660"/>
</iter>
<var>${keyTwo}</var>
<value>@{expected_keysTwo}</value>
<status status="PASS" start="2024-07-20T17:13:27.340401" elapsed="0.003732"/>
</for>
<status status="PASS" start="2024-07-20T17:13:27.251049" elapsed="0.093226"/>
</kw>
<doc>Testa a estrutura da resposta da API.</doc>
<tag>testeEstruturaResposta</tag>
<status status="PASS" start="2024-07-20T17:13:27.250485" elapsed="0.093947"/>
</test>
<test id="s1-s1-t4" name="Validar tipos de dados" line="28">
<kw name="Teste de Tipos de Dados" owner="random-user-service">
<kw name="GET On Session" owner="RequestsLibrary">
<msg time="2024-07-20T17:13:27.445818" level="INFO">GET Request : url=https://randomuser.me/api 
 path_url=/api 
 headers={'User-Agent': 'python-requests/2.32.3', 'Accept-Encoding': 'gzip, deflate', 'Accept': '*/*', 'Connection': 'keep-alive'} 
 body=None 
 </msg>
<msg time="2024-07-20T17:13:27.445898" level="INFO">GET Response : url=https://randomuser.me/api 
 status=200, reason=OK 
 headers={'Date': 'Sat, 20 Jul 2024 17:13:27 GMT', 'Content-Type': 'application/json; charset=utf-8', 'Transfer-Encoding': 'chunked', 'Connection': 'keep-alive', 'X-Powered-By': 'Express', 'Access-Control-Allow-Origin': '*', 'Cache-Control': 'no-cache', 'ETag': 'W/"496-jEXrqgdb7sawiFxnc6QBSGOjNtc"', 'Vary': 'Accept-Encoding', 'Content-Encoding': 'gzip', 'CF-Cache-Status': 'DYNAMIC', 'Report-To': '{"endpoints":[{"url":"https:\\/\\/a.nel.cloudflare.com\\/report\\/v4?s=fydile%2B6h9oeNoBdXc3LrsC3LDGzUSkyS4lJ8MGvgqGD6CX9LOdebCHfOGow7%2F%2FkLfh5URMhRMyGT6nfRu9PXAf72Y%2FBoiF9xNrppGeNtI4gKWXbhknoMrVH2WqTJxWp"}],"group":"cf-nel","max_age":604800}', 'NEL': '{"success_fraction":0,"report_to":"cf-nel","max_age":604800}', 'Server': 'cloudflare', 'CF-RAY': '8a6494f9eec5c562-IAD', 'alt-svc': 'h3=":443"; ma=86400'} 
 body={"results":[{"gender":"female","name":{"title":"Mrs","first":"Marion","last":"Peters"},"location":{"street":{"number":608,"name":"Rolling Green Rd"},"city":"Dubbo","state":"Victoria","country":"Australia","postcode":3471,"coordinates":{"latitude":"-88.0859","longitude":"83.1303"},"timezone":{"offset":"-6:00","description":"Central Time (US &amp; Canada), Mexico City"}},"email":"marion.peters@example.com","login":{"uuid":"ab630b5c-a880-4616-8aff-38c56bb69076","username":"whiteduck602","password":"voyeur","salt":"FFcygycP","md5":"0449f7eff6768abbf21361dd658fa6d3","sha1":"7e19d068659b75a9fbb1c4b8b724126c1424d7d1","sha256":"0f15afbfb63faff3fc869deb3af569209c0f8159253aea90bcd4b7a044171e8c"},"dob":{"date":"1990-09-01T22:12:46.381Z","age":33},"registered":{"date":"2008-11-25T18:19:49.045Z","age":15},"phone":"07-7360-4470","cell":"0434-691-364","id":{"name":"TFN","value":"139838416"},"picture":{"large":"https://randomuser.me/api/portraits/women/38.jpg","medium":"https://randomuser.me/api/portraits/med/women/38.jpg","thumbnail":"https://randomuser.me/api/portraits/thumb/women/38.jpg"},"nat":"AU"}],"info":{"seed":"75883f3e1162c021","results":1,"page":1,"version":"1.4"}} 
 </msg>
<msg time="2024-07-20T17:13:27.445965" level="INFO">/opt/hostedtoolcache/Python/3.12.4/x64/lib/python3.12/site-packages/urllib3/connectionpool.py:1099: InsecureRequestWarning: Unverified HTTPS request is being made to host 'randomuser.me'. Adding certificate verification is strongly advised. See: https://urllib3.readthedocs.io/en/latest/advanced-usage.html#tls-warnings
  warnings.warn(</msg>
<msg time="2024-07-20T17:13:27.446058" level="INFO">${response} = &lt;Response [200]&gt;</msg>
<var>${response}</var>
<arg>consultarAPI</arg>
<arg>/api</arg>
<doc>Sends a GET request on a previously created HTTP Session.</doc>
<status status="PASS" start="2024-07-20T17:13:27.346923" elapsed="0.099171"/>
</kw>
<kw name="Set Variable" owner="BuiltIn">
<msg time="2024-07-20T17:13:27.447027" level="INFO">${json_data} = {'results': [{'gender': 'female', 'name': {'title': 'Mrs', 'first': 'Marion', 'last': 'Peters'}, 'location': {'street': {'number': 608, 'name': 'Rolling Green Rd'}, 'city': 'Dubbo', 'state': 'Victoria...</msg>
<var>${json_data}</var>
<arg>${response.json()}</arg>
<doc>Returns the given values which can then be assigned to a variables.</doc>
<status status="PASS" start="2024-07-20T17:13:27.446539" elapsed="0.000518"/>
</kw>
<kw name="Log" owner="BuiltIn">
<msg time="2024-07-20T17:13:27.447526" level="INFO">{'results': [{'gender': 'female', 'name': {'title': 'Mrs', 'first': 'Marion', 'last': 'Peters'}, 'location': {'street': {'number': 608, 'name': 'Rolling Green Rd'}, 'city': 'Dubbo', 'state': 'Victoria', 'country': 'Australia', 'postcode': 3471, 'coordinates': {'latitude': '-88.0859', 'longitude': '83.1303'}, 'timezone': {'offset': '-6:00', 'description': 'Central Time (US &amp; Canada), Mexico City'}}, 'email': 'marion.peters@example.com', 'login': {'uuid': 'ab630b5c-a880-4616-8aff-38c56bb69076', 'username': 'whiteduck602', 'password': 'voyeur', 'salt': 'FFcygycP', 'md5': '0449f7eff6768abbf21361dd658fa6d3', 'sha1': '7e19d068659b75a9fbb1c4b8b724126c1424d7d1', 'sha256': '0f15afbfb63faff3fc869deb3af569209c0f8159253aea90bcd4b7a044171e8c'}, 'dob': {'date': '1990-09-01T22:12:46.381Z', 'age': 33}, 'registered': {'date': '2008-11-25T18:19:49.045Z', 'age': 15}, 'phone': '07-7360-4470', 'cell': '0434-691-364', 'id': {'name': 'TFN', 'value': '139838416'}, 'picture': {'large': 'https://randomuser.me/api/portraits/women/38.jpg', 'medium': 'https://randomuser.me/api/portraits/med/women/38.jpg', 'thumbnail': 'https://randomuser.me/api/portraits/thumb/women/38.jpg'}, 'nat': 'AU'}], 'info': {'seed': '75883f3e1162c021', 'results': 1, 'page': 1, 'version': '1.4'}}</msg>
<arg>${json_data}</arg>
<doc>Logs the given message with the given level.</doc>
<status status="PASS" start="2024-07-20T17:13:27.447371" elapsed="0.000208"/>
</kw>
<kw name="Should Be String" owner="String">
<arg>${json_data['results'][0]['gender']}</arg>
<doc>Fails if the given ``item`` is not a string.</doc>
<status status="PASS" start="2024-07-20T17:13:27.447873" elapsed="0.000374"/>
</kw>
<kw name="Should Match Regexp" owner="BuiltIn">
<arg>${json_data['results'][0]['email']}</arg>
<arg>^[a-zA-Z0-9._%+-]+@[a-zA-Z0-9.-]+\.[a-zA-Z]{2,}$</arg>
<doc>Fails if ``string`` does not match ``pattern`` as a regular expression.</doc>
<status status="PASS" start="2024-07-20T17:13:27.448436" elapsed="0.000564"/>
</kw>
<kw name="Should Match Regexp" owner="BuiltIn">
<arg>${json_data['results'][0]['dob']['date']}</arg>
<arg>\\d{4}-\\d{2}-\\d{2}T\\d{2}:\\d{2}:\\d{2}\\.\\d{3}Z</arg>
<doc>Fails if ``string`` does not match ``pattern`` as a regular expression.</doc>
<status status="PASS" start="2024-07-20T17:13:27.449193" elapsed="0.000611"/>
</kw>
<kw name="Should Match Regexp" owner="BuiltIn">
<arg>${json_data['results'][0]['registered']['date']}</arg>
<arg>\\d{4}-\\d{2}-\\d{2}T\\d{2}:\\d{2}:\\d{2}\\.\\d{3}Z</arg>
<doc>Fails if ``string`` does not match ``pattern`` as a regular expression.</doc>
<status status="PASS" start="2024-07-20T17:13:27.449996" elapsed="0.000375"/>
</kw>
<kw name="Should Match Regexp" owner="BuiltIn">
<arg>${json_data['results'][0]['picture']['large']}</arg>
<arg>^https?://.*\.(?:png|jpe?g|gif|bmp)$</arg>
<doc>Fails if ``string`` does not match ``pattern`` as a regular expression.</doc>
<status status="PASS" start="2024-07-20T17:13:27.450575" elapsed="0.000473"/>
</kw>
<kw name="Should Match Regexp" owner="BuiltIn">
<arg>${json_data['results'][0]['picture']['medium']}</arg>
<arg>^https?://.*\.(?:png|jpe?g|gif|bmp)$</arg>
<doc>Fails if ``string`` does not match ``pattern`` as a regular expression.</doc>
<status status="PASS" start="2024-07-20T17:13:27.451236" elapsed="0.000354"/>
</kw>
<kw name="Should Match Regexp" owner="BuiltIn">
<arg>${json_data['results'][0]['picture']['thumbnail']}</arg>
<arg>^https?://.*\.(?:png|jpe?g|gif|bmp)$</arg>
<doc>Fails if ``string`` does not match ``pattern`` as a regular expression.</doc>
<status status="PASS" start="2024-07-20T17:13:27.451774" elapsed="0.000349"/>
</kw>
<kw name="Log" owner="BuiltIn">
<msg time="2024-07-20T17:13:27.452628" level="INFO">{'large': 'https://randomuser.me/api/portraits/women/38.jpg', 'medium': 'https://randomuser.me/api/portraits/med/women/38.jpg', 'thumbnail': 'https://randomuser.me/api/portraits/thumb/women/38.jpg'}</msg>
<arg>${json_data['results'][0]['picture']}</arg>
<doc>Logs the given message with the given level.</doc>
<status status="PASS" start="2024-07-20T17:13:27.452305" elapsed="0.000367"/>
</kw>
<status status="PASS" start="2024-07-20T17:13:27.346694" elapsed="0.106239"/>
</kw>
<kw name="Teste de Tipos de Dados - Postcode" owner="random-user-service">
<kw name="GET On Session" owner="RequestsLibrary">
<msg time="2024-07-20T17:13:27.535104" level="INFO">GET Request : url=https://randomuser.me/api 
 path_url=/api 
 headers={'User-Agent': 'python-requests/2.32.3', 'Accept-Encoding': 'gzip, deflate', 'Accept': '*/*', 'Connection': 'keep-alive'} 
 body=None 
 </msg>
<msg time="2024-07-20T17:13:27.535193" level="INFO">GET Response : url=https://randomuser.me/api 
 status=200, reason=OK 
 headers={'Date': 'Sat, 20 Jul 2024 17:13:27 GMT', 'Content-Type': 'application/json; charset=utf-8', 'Transfer-Encoding': 'chunked', 'Connection': 'keep-alive', 'X-Powered-By': 'Express', 'Access-Control-Allow-Origin': '*', 'Cache-Control': 'no-cache', 'ETag': 'W/"4a5-JXzyQ+wcU35I+2Akt9DC+2sTgz0"', 'Vary': 'Accept-Encoding', 'Content-Encoding': 'gzip', 'CF-Cache-Status': 'DYNAMIC', 'Report-To': '{"endpoints":[{"url":"https:\\/\\/a.nel.cloudflare.com\\/report\\/v4?s=8V2C9gaKbqcls8WGV6YxVvUAwUwRRuaN0sybIWhTSCXPxF25ujfn2VGedLWclaA%2FktK3q028hflyMhIjgNtyxGfPzCGeuWaTEXevD7KMAA0OB%2BUVCNuYcxhtABusz7h2"}],"group":"cf-nel","max_age":604800}', 'NEL': '{"success_fraction":0,"report_to":"cf-nel","max_age":604800}', 'Server': 'cloudflare', 'CF-RAY': '8a6494fa9fa9c562-IAD', 'alt-svc': 'h3=":443"; ma=86400'} 
 body={"results":[{"gender":"female","name":{"title":"Mrs","first":"Noelia","last":"Suarez"},"location":{"street":{"number":1079,"name":"Calle del Barquillo"},"city":"Pontevedra","state":"Cataluña","country":"Spain","postcode":47567,"coordinates":{"latitude":"-35.4859","longitude":"26.7175"},"timezone":{"offset":"0:00","description":"Western Europe Time, London, Lisbon, Casablanca"}},"email":"noelia.suarez@example.com","login":{"uuid":"be971cb6-660e-457f-bf60-66ee276b41ff","username":"angrygorilla440","password":"greene","salt":"yd4xE9E7","md5":"04a2bdd86cec621f7f2dcf859939c3d1","sha1":"016214412bf4b837edeec0aad906e71faee81696","sha256":"b627ed9f5ad782385c846303a563301225b2946c28d506de3299ed5d40381cab"},"dob":{"date":"1994-11-20T22:20:19.726Z","age":29},"registered":{"date":"2020-10-21T07:58:35.844Z","age":3},"phone":"944-720-995","cell":"680-144-346","id":{"name":"DNI","value":"80355855-K"},"picture":{"large":"https://randomuser.me/api/portraits/women/16.jpg","medium":"https://randomuser.me/api/portraits/med/women/16.jpg","thumbnail":"https://randomuser.me/api/portraits/thumb/women/16.jpg"},"nat":"ES"}],"info":{"seed":"96c1e57357ce9053","results":1,"page":1,"version":"1.4"}} 
 </msg>
<msg time="2024-07-20T17:13:27.535262" level="INFO">/opt/hostedtoolcache/Python/3.12.4/x64/lib/python3.12/site-packages/urllib3/connectionpool.py:1099: InsecureRequestWarning: Unverified HTTPS request is being made to host 'randomuser.me'. Adding certificate verification is strongly advised. See: https://urllib3.readthedocs.io/en/latest/advanced-usage.html#tls-warnings
  warnings.warn(</msg>
<msg time="2024-07-20T17:13:27.535373" level="INFO">${response} = &lt;Response [200]&gt;</msg>
<var>${response}</var>
<arg>consultarAPI</arg>
<arg>/api</arg>
<doc>Sends a GET request on a previously created HTTP Session.</doc>
<status status="PASS" start="2024-07-20T17:13:27.453387" elapsed="0.082014"/>
</kw>
<kw name="Set Variable" owner="BuiltIn">
<msg time="2024-07-20T17:13:27.536398" level="INFO">${json_data} = {'results': [{'gender': 'female', 'name': {'title': 'Mrs', 'first': 'Noelia', 'last': 'Suarez'}, 'location': {'street': {'number': 1079, 'name': 'Calle del Barquillo'}, 'city': 'Pontevedra', 'state': ...</msg>
<var>${json_data}</var>
<arg>${response.json()}</arg>
<doc>Returns the given values which can then be assigned to a variables.</doc>
<status status="PASS" start="2024-07-20T17:13:27.535903" elapsed="0.000525"/>
</kw>
<kw name="Log" owner="BuiltIn">
<msg time="2024-07-20T17:13:27.536896" level="INFO">{'results': [{'gender': 'female', 'name': {'title': 'Mrs', 'first': 'Noelia', 'last': 'Suarez'}, 'location': {'street': {'number': 1079, 'name': 'Calle del Barquillo'}, 'city': 'Pontevedra', 'state': 'Cataluña', 'country': 'Spain', 'postcode': 47567, 'coordinates': {'latitude': '-35.4859', 'longitude': '26.7175'}, 'timezone': {'offset': '0:00', 'description': 'Western Europe Time, London, Lisbon, Casablanca'}}, 'email': 'noelia.suarez@example.com', 'login': {'uuid': 'be971cb6-660e-457f-bf60-66ee276b41ff', 'username': 'angrygorilla440', 'password': 'greene', 'salt': 'yd4xE9E7', 'md5': '04a2bdd86cec621f7f2dcf859939c3d1', 'sha1': '016214412bf4b837edeec0aad906e71faee81696', 'sha256': 'b627ed9f5ad782385c846303a563301225b2946c28d506de3299ed5d40381cab'}, 'dob': {'date': '1994-11-20T22:20:19.726Z', 'age': 29}, 'registered': {'date': '2020-10-21T07:58:35.844Z', 'age': 3}, 'phone': '944-720-995', 'cell': '680-144-346', 'id': {'name': 'DNI', 'value': '80355855-K'}, 'picture': {'large': 'https://randomuser.me/api/portraits/women/16.jpg', 'medium': 'https://randomuser.me/api/portraits/med/women/16.jpg', 'thumbnail': 'https://randomuser.me/api/portraits/thumb/women/16.jpg'}, 'nat': 'ES'}], 'info': {'seed': '96c1e57357ce9053', 'results': 1, 'page': 1, 'version': '1.4'}}</msg>
<arg>${json_data}</arg>
<doc>Logs the given message with the given level.</doc>
<status status="PASS" start="2024-07-20T17:13:27.536734" elapsed="0.000213"/>
</kw>
<kw name="Should Be Equal As Numbers" owner="BuiltIn">
<arg>${json_data['results'][0]['location']['postcode']}</arg>
<arg>${json_data['results'][0]['location']['postcode']}</arg>
<doc>Fails if objects are unequal after converting them to real numbers.</doc>
<status status="PASS" start="2024-07-20T17:13:27.537246" elapsed="0.000633"/>
</kw>
<kw name="Log" owner="BuiltIn">
<msg time="2024-07-20T17:13:27.538478" level="INFO">47567</msg>
<arg>${json_data['results'][0]['location']['postcode']}</arg>
<doc>Logs the given message with the given level.</doc>
<status status="PASS" start="2024-07-20T17:13:27.538094" elapsed="0.000464"/>
</kw>
<status status="PASS" start="2024-07-20T17:13:27.453163" elapsed="0.085664"/>
</kw>
<doc>Testa se os tipos de dados na resposta da API estão corretos.</doc>
<tag>testeTiposDados</tag>
<status status="PASS" start="2024-07-20T17:13:27.346213" elapsed="0.192784"/>
</test>
<test id="s1-s1-t5" name="Validar conteudo" line="35">
<kw name="Teste de Tipos de Conteudo" owner="random-user-service">
<kw name="GET On Session" owner="RequestsLibrary">
<msg time="2024-07-20T17:13:27.633959" level="INFO">GET Request : url=https://randomuser.me/api 
 path_url=/api 
 headers={'User-Agent': 'python-requests/2.32.3', 'Accept-Encoding': 'gzip, deflate', 'Accept': '*/*', 'Connection': 'keep-alive'} 
 body=None 
 </msg>
<msg time="2024-07-20T17:13:27.634042" level="INFO">GET Response : url=https://randomuser.me/api 
 status=200, reason=OK 
 headers={'Date': 'Sat, 20 Jul 2024 17:13:27 GMT', 'Content-Type': 'application/json; charset=utf-8', 'Transfer-Encoding': 'chunked', 'Connection': 'keep-alive', 'X-Powered-By': 'Express', 'Access-Control-Allow-Origin': '*', 'Cache-Control': 'no-cache', 'ETag': 'W/"498-k+3rPdnUGax+3qjhVLT285K0/LM"', 'Vary': 'Accept-Encoding', 'Content-Encoding': 'gzip', 'CF-Cache-Status': 'DYNAMIC', 'Report-To': '{"endpoints":[{"url":"https:\\/\\/a.nel.cloudflare.com\\/report\\/v4?s=9Kt9X%2BiulhsAn9Z6ZBKncINCNiYgkLzEvbomXUeC3hv0qJ4ih3niJ7AV8nAnEI21kK6tbny92YTX5bZMDBI7lMWKBr4m7W5MzVO4w%2BDqes%2Fj2Cu9EudibLPYYlmtxNQF"}],"group":"cf-nel","max_age":604800}', 'NEL': '{"success_fraction":0,"report_to":"cf-nel","max_age":604800}', 'Server': 'cloudflare', 'CF-RAY': '8a6494fb2848c562-IAD', 'alt-svc': 'h3=":443"; ma=86400'} 
 body={"results":[{"gender":"male","name":{"title":"Mr","first":"Paul","last":"Bonnet"},"location":{"street":{"number":3323,"name":"Rue Duguesclin"},"city":"Nanterre","state":"Yvelines","country":"France","postcode":96586,"coordinates":{"latitude":"-17.5876","longitude":"-82.2999"},"timezone":{"offset":"-4:00","description":"Atlantic Time (Canada), Caracas, La Paz"}},"email":"paul.bonnet@example.com","login":{"uuid":"c145d9ff-96da-49ac-b72e-185b2690ce6d","username":"blacktiger210","password":"jimmy1","salt":"JyZOLNWm","md5":"710bf92c509a7e4b6be1d20f13d87a12","sha1":"89b0cae5393568610ea18597adbe35c2c1e5b080","sha256":"2623daaf4614436dea6a51b838ac9f08d65041a4caa450a39e4841f80fffbd59"},"dob":{"date":"1975-07-24T15:59:46.610Z","age":48},"registered":{"date":"2008-11-22T23:49:35.467Z","age":15},"phone":"01-45-07-84-86","cell":"06-09-03-54-30","id":{"name":"INSEE","value":"1750620514184 15"},"picture":{"large":"https://randomuser.me/api/portraits/men/72.jpg","medium":"https://randomuser.me/api/portraits/med/men/72.jpg","thumbnail":"https://randomuser.me/api/portraits/thumb/men/72.jpg"},"nat":"FR"}],"info":{"seed":"8d5cdf91a6b4e356","results":1,"page":1,"version":"1.4"}} 
 </msg>
<msg time="2024-07-20T17:13:27.634115" level="INFO">/opt/hostedtoolcache/Python/3.12.4/x64/lib/python3.12/site-packages/urllib3/connectionpool.py:1099: InsecureRequestWarning: Unverified HTTPS request is being made to host 'randomuser.me'. Adding certificate verification is strongly advised. See: https://urllib3.readthedocs.io/en/latest/advanced-usage.html#tls-warnings
  warnings.warn(</msg>
<msg time="2024-07-20T17:13:27.634224" level="INFO">${response} = &lt;Response [200]&gt;</msg>
<var>${response}</var>
<arg>consultarAPI</arg>
<arg>/api</arg>
<doc>Sends a GET request on a previously created HTTP Session.</doc>
<status status="PASS" start="2024-07-20T17:13:27.541450" elapsed="0.092804"/>
</kw>
<kw name="Set Variable" owner="BuiltIn">
<msg time="2024-07-20T17:13:27.635137" level="INFO">${json_data} = {'results': [{'gender': 'male', 'name': {'title': 'Mr', 'first': 'Paul', 'last': 'Bonnet'}, 'location': {'street': {'number': 3323, 'name': 'Rue Duguesclin'}, 'city': 'Nanterre', 'state': 'Yvelines', ...</msg>
<var>${json_data}</var>
<arg>${response.json()}</arg>
<doc>Returns the given values which can then be assigned to a variables.</doc>
<status status="PASS" start="2024-07-20T17:13:27.634678" elapsed="0.000487"/>
</kw>
<kw name="Set Variable" owner="BuiltIn">
<msg time="2024-07-20T17:13:27.635850" level="INFO">${name_title} = Mr</msg>
<var>${name_title}</var>
<arg>${json_data["results"][0]["name"]["title"]}</arg>
<doc>Returns the given values which can then be assigned to a variables.</doc>
<status status="PASS" start="2024-07-20T17:13:27.635472" elapsed="0.000404"/>
</kw>
<kw name="Create List" owner="BuiltIn">
<msg time="2024-07-20T17:13:27.636321" level="INFO">${allowed_titles} = ['Mr', 'Ms', 'Miss', 'Mrs', 'Madame', 'Monsieur']</msg>
<var>${allowed_titles}</var>
<arg>Mr</arg>
<arg>Ms</arg>
<arg>Miss</arg>
<arg>Mrs</arg>
<arg>Madame</arg>
<arg>Monsieur</arg>
<doc>Returns a list containing given items.</doc>
<status status="PASS" start="2024-07-20T17:13:27.636172" elapsed="0.000174"/>
</kw>
<kw name="List Should Contain Value" owner="Collections">
<arg>${allowed_titles}</arg>
<arg>${name_title}</arg>
<doc>Fails if the ``value`` is not found from ``list``.</doc>
<status status="PASS" start="2024-07-20T17:13:27.636643" elapsed="0.000181"/>
</kw>
<kw name="Set Variable" owner="BuiltIn">
<msg time="2024-07-20T17:13:27.637384" level="INFO">${name_country} = FR</msg>
<var>${name_country}</var>
<arg>${json_data["results"][0]["nat"]}</arg>
<doc>Returns the given values which can then be assigned to a variables.</doc>
<status status="PASS" start="2024-07-20T17:13:27.637012" elapsed="0.000398"/>
</kw>
<kw name="Create List" owner="BuiltIn">
<msg time="2024-07-20T17:13:27.638305" level="INFO">${list_country} = ['AD', 'AE', 'AF', 'AG', 'AI', 'AL', 'AM', 'AO', 'AQ', 'AR', 'AS', 'AT', 'AU', 'AW', 'AX', 'AZ', 'BA', 'BB', 'BD', 'BE', 'BF', 'BG', 'BH', 'BI', 'BJ', 'BL', 'BM', 'BN', 'BO', 'BQ', 'BR', 'BS', 'BT', '...</msg>
<var>${list_country}</var>
<arg>AD</arg>
<arg>AE</arg>
<arg>AF</arg>
<arg>AG</arg>
<arg>AI</arg>
<arg>AL</arg>
<arg>AM</arg>
<arg>AO</arg>
<arg>AQ</arg>
<arg>AR</arg>
<arg>AS</arg>
<arg>AT</arg>
<arg>AU</arg>
<arg>AW</arg>
<arg>AX</arg>
<arg>AZ</arg>
<arg>BA</arg>
<arg>BB</arg>
<arg>BD</arg>
<arg>BE</arg>
<arg>BF</arg>
<arg>BG</arg>
<arg>BH</arg>
<arg>BI</arg>
<arg>BJ</arg>
<arg>BL</arg>
<arg>BM</arg>
<arg>BN</arg>
<arg>BO</arg>
<arg>BQ</arg>
<arg>BR</arg>
<arg>BS</arg>
<arg>BT</arg>
<arg>BV</arg>
<arg>BW</arg>
<arg>BY</arg>
<arg>BZ</arg>
<arg>CA</arg>
<arg>CC</arg>
<arg>CD</arg>
<arg>CF</arg>
<arg>CG</arg>
<arg>CH</arg>
<arg>CI</arg>
<arg>CK</arg>
<arg>CL</arg>
<arg>CM</arg>
<arg>CN</arg>
<arg>CO</arg>
<arg>CR</arg>
<arg>CU</arg>
<arg>CV</arg>
<arg>CW</arg>
<arg>CX</arg>
<arg>CY</arg>
<arg>CZ</arg>
<arg>DE</arg>
<arg>DJ</arg>
<arg>DK</arg>
<arg>DM</arg>
<arg>DO</arg>
<arg>DZ</arg>
<arg>EC</arg>
<arg>EE</arg>
<arg>EG</arg>
<arg>EH</arg>
<arg>ER</arg>
<arg>ES</arg>
<arg>ET</arg>
<arg>FI</arg>
<arg>FJ</arg>
<arg>FK</arg>
<arg>FM</arg>
<arg>FO</arg>
<arg>FR</arg>
<arg>GA</arg>
<arg>GB</arg>
<arg>GD</arg>
<arg>GE</arg>
<arg>GF</arg>
<arg>GG</arg>
<arg>GH</arg>
<arg>GI</arg>
<arg>GL</arg>
<arg>GM</arg>
<arg>GN</arg>
<arg>GP</arg>
<arg>GQ</arg>
<arg>GR</arg>
<arg>GS</arg>
<arg>GT</arg>
<arg>GU</arg>
<arg>GW</arg>
<arg>GY</arg>
<arg>HK</arg>
<arg>HM</arg>
<arg>HN</arg>
<arg>HR</arg>
<arg>HT</arg>
<arg>HU</arg>
<arg>ID</arg>
<arg>IE</arg>
<arg>IL</arg>
<arg>IM</arg>
<arg>IN</arg>
<arg>IO</arg>
<arg>IQ</arg>
<arg>IR</arg>
<arg>IS</arg>
<arg>IT</arg>
<arg>JE</arg>
<arg>JM</arg>
<arg>JO</arg>
<arg>JP</arg>
<arg>KE</arg>
<arg>KG</arg>
<arg>KH</arg>
<arg>KI</arg>
<arg>KM</arg>
<arg>KN</arg>
<arg>KP</arg>
<arg>KR</arg>
<arg>KW</arg>
<arg>KY</arg>
<arg>KZ</arg>
<arg>LA</arg>
<arg>LB</arg>
<arg>LC</arg>
<arg>LI</arg>
<arg>LK</arg>
<arg>LR</arg>
<arg>LS</arg>
<arg>LT</arg>
<arg>LU</arg>
<arg>LV</arg>
<arg>LY</arg>
<arg>MA</arg>
<arg>MC</arg>
<arg>MD</arg>
<arg>ME</arg>
<arg>MF</arg>
<arg>MG</arg>
<arg>MH</arg>
<arg>MK</arg>
<arg>ML</arg>
<arg>MM</arg>
<arg>MN</arg>
<arg>MO</arg>
<arg>MP</arg>
<arg>MQ</arg>
<arg>MR</arg>
<arg>MS</arg>
<arg>MT</arg>
<arg>MU</arg>
<arg>MV</arg>
<arg>MW</arg>
<arg>MX</arg>
<arg>MY</arg>
<arg>MZ</arg>
<arg>NA</arg>
<arg>NC</arg>
<arg>NE</arg>
<arg>NF</arg>
<arg>NG</arg>
<arg>NI</arg>
<arg>NL</arg>
<arg>NO</arg>
<arg>NP</arg>
<arg>NR</arg>
<arg>NU</arg>
<arg>NZ</arg>
<arg>OM</arg>
<arg>PA</arg>
<arg>PE</arg>
<arg>PF</arg>
<arg>PG</arg>
<arg>PH</arg>
<arg>PK</arg>
<arg>PL</arg>
<arg>PM</arg>
<arg>PN</arg>
<arg>PR</arg>
<arg>PS</arg>
<arg>PT</arg>
<arg>PW</arg>
<arg>PY</arg>
<arg>QA</arg>
<arg>RE</arg>
<arg>RO</arg>
<arg>RS</arg>
<arg>RU</arg>
<arg>RW</arg>
<arg>SA</arg>
<arg>SB</arg>
<arg>SC</arg>
<arg>SD</arg>
<arg>SE</arg>
<arg>SG</arg>
<arg>SH</arg>
<arg>SI</arg>
<arg>SJ</arg>
<arg>SK</arg>
<arg>SL</arg>
<arg>SM</arg>
<arg>SN</arg>
<arg>SO</arg>
<arg>SR</arg>
<arg>SS</arg>
<arg>ST</arg>
<arg>SV</arg>
<arg>SX</arg>
<arg>SY</arg>
<arg>SZ</arg>
<arg>TC</arg>
<arg>TD</arg>
<arg>TF</arg>
<arg>TG</arg>
<arg>TH</arg>
<arg>TJ</arg>
<arg>TK</arg>
<arg>TL</arg>
<arg>TM</arg>
<arg>TN</arg>
<arg>TO</arg>
<arg>TR</arg>
<arg>TT</arg>
<arg>TV</arg>
<arg>TW</arg>
<arg>TZ</arg>
<arg>UA</arg>
<arg>UG</arg>
<arg>UM</arg>
<arg>US</arg>
<arg>UY</arg>
<arg>UZ</arg>
<arg>VA</arg>
<arg>VC</arg>
<arg>VE</arg>
<arg>VG</arg>
<arg>VI</arg>
<arg>VN</arg>
<arg>VU</arg>
<arg>WF</arg>
<arg>WS</arg>
<arg>XK</arg>
<arg>YE</arg>
<arg>YT</arg>
<arg>ZA</arg>
<arg>ZM</arg>
<arg>ZW</arg>
<doc>Returns a list containing given items.</doc>
<status status="PASS" start="2024-07-20T17:13:27.637714" elapsed="0.000617"/>
</kw>
<kw name="List Should Contain Value" owner="Collections">
<arg>${list_country}</arg>
<arg>${name_country}</arg>
<doc>Fails if the ``value`` is not found from ``list``.</doc>
<status status="PASS" start="2024-07-20T17:13:27.639323" elapsed="0.000210"/>
</kw>
<kw name="Run Keyword If" owner="BuiltIn">
<kw name="Should Be True" owner="BuiltIn">
<arg>${True}</arg>
<doc>Fails if the given condition is not true.</doc>
<status status="PASS" start="2024-07-20T17:13:27.640491" elapsed="0.000143"/>
</kw>
<arg>${json_data["results"][0]["location"]["coordinates"]["latitude"]} &gt;= -90 and ${json_data["results"][0]["location"]["coordinates"]["latitude"]} &lt;= 90</arg>
<arg>Should Be True</arg>
<arg>${True}</arg>
<doc>Runs the given keyword with the given arguments, if ``condition`` is true.</doc>
<status status="PASS" start="2024-07-20T17:13:27.639735" elapsed="0.001025"/>
</kw>
<kw name="Run Keyword If" owner="BuiltIn">
<kw name="Should Be True" owner="BuiltIn">
<arg>${True}</arg>
<doc>Fails if the given condition is not true.</doc>
<status status="PASS" start="2024-07-20T17:13:27.641639" elapsed="0.000136"/>
</kw>
<arg>${json_data["results"][0]["location"]["coordinates"]["longitude"]} &gt;= -180 and ${json_data["results"][0]["location"]["coordinates"]["longitude"]} &lt;= 180</arg>
<arg>Should Be True</arg>
<arg>${True}</arg>
<doc>Runs the given keyword with the given arguments, if ``condition`` is true.</doc>
<status status="PASS" start="2024-07-20T17:13:27.640941" elapsed="0.000957"/>
</kw>
<status status="PASS" start="2024-07-20T17:13:27.541228" elapsed="0.100798"/>
</kw>
<doc>Testa o conteúdo específico dos campos retornados pela API.</doc>
<tag>testeConteudo</tag>
<status status="PASS" start="2024-07-20T17:13:27.540768" elapsed="0.101401"/>
</test>
<status status="PASS" start="2024-07-20T17:13:26.643877" elapsed="1.000302"/>
</suite>
<status status="PASS" start="2024-07-20T17:13:26.629409" elapsed="1.019796"/>
</suite>
<statistics>
<total>
<stat pass="5" fail="0" skip="0">All Tests</stat>
</total>
<tag>
<stat pass="1" fail="0" skip="0">testeConteudo</stat>
<stat pass="1" fail="0" skip="0">testeEstruturaResposta</stat>
<stat pass="1" fail="0" skip="0">testeRequisicaoBasica</stat>
<stat pass="1" fail="0" skip="0">testeTiposDados</stat>
</tag>
<suite>
<stat pass="5" fail="0" skip="0" id="s1" name="Tests">Tests</stat>
<stat pass="5" fail="0" skip="0" id="s1-s1" name="Random-User-Test">Tests.Random-User-Test</stat>
</suite>
</statistics>
<errors>
</errors>
</robot>
