<?xml version="1.0" encoding="UTF-8"?>
<robot generator="Robot 7.0 (Python 3.12.2 on linux)" generated="2024-03-24T01:04:23.951075" rpa="false" schemaversion="5">
<suite id="s1" name="Tests" source="/home/runner/work/DesafioQAItauRogerioJordao/DesafioQAItauRogerioJordao/RamdonUser/tests">
<suite id="s1-s1" name="Random-User-Test" source="/home/runner/work/DesafioQAItauRogerioJordao/DesafioQAItauRogerioJordao/RamdonUser/tests/random-user-test.robot">
<test id="s1-s1-t1" name="Conectar" line="13">
<kw name="Conectar API" owner="random-user-service">
<kw name="Create Session" owner="RequestsLibrary">
<msg time="2024-03-24T01:04:24.338533" level="INFO">Creating Session using : alias=consultarAPI, url=https://randomuser.me/, headers={},                     cookies={}, auth=None, timeout=None, proxies=None, verify=False,                     debug=0 </msg>
<arg>consultarAPI</arg>
<arg>${URL}</arg>
<doc>Create Session: create a HTTP session to a server</doc>
<status status="PASS" start="2024-03-24T01:04:24.338304" elapsed="0.000388"/>
</kw>
<status status="PASS" start="2024-03-24T01:04:24.337316" elapsed="0.001726"/>
</kw>
<status status="PASS" start="2024-03-24T01:04:24.336809" elapsed="0.002438"/>
</test>
<test id="s1-s1-t2" name="Validar retorno 200 e JSON Válido" line="16">
<kw name="Teste de Requisicao Basica" owner="random-user-service">
<kw name="GET On Session" owner="RequestsLibrary">
<msg time="2024-03-24T01:04:24.569371" level="INFO">GET Request : url=https://randomuser.me/api 
 path_url=/api 
 headers={'User-Agent': 'python-requests/2.31.0', 'Accept-Encoding': 'gzip, deflate', 'Accept': '*/*', 'Connection': 'keep-alive'} 
 body=None 
 </msg>
<msg time="2024-03-24T01:04:24.569470" level="INFO">GET Response : url=https://randomuser.me/api 
 status=200, reason=OK 
 headers={'Date': 'Sun, 24 Mar 2024 01:04:24 GMT', 'Content-Type': 'application/json; charset=utf-8', 'Transfer-Encoding': 'chunked', 'Connection': 'keep-alive', 'X-Powered-By': 'Express', 'Access-Control-Allow-Origin': '*', 'Cache-Control': 'no-cache', 'ETag': 'W/"495-yfelhxs0xD++USzT3Nyp1NB+EgM"', 'Vary': 'Accept-Encoding', 'Content-Encoding': 'gzip', 'CF-Cache-Status': 'DYNAMIC', 'Report-To': '{"endpoints":[{"url":"https:\\/\\/a.nel.cloudflare.com\\/report\\/v4?s=HECkHSNFQX4jz7KVCi2rL%2BDhU0bwYYHl8RL3VPfTbkxrvdoBK%2B1t4D9Unb3UxHYHBIyf4cd49EFERkLLAeUm802YOnw8sI%2FiOwKmJWrHxh1ylm7hAnRZtkCeISbkoNg3"}],"group":"cf-nel","max_age":604800}', 'NEL': '{"success_fraction":0,"report_to":"cf-nel","max_age":604800}', 'Server': 'cloudflare', 'CF-RAY': '8692bf38fcda981f-SJC', 'alt-svc': 'h3=":443"; ma=86400'} 
 body={"results":[{"gender":"male","name":{"title":"Mr","first":"Chandran","last":"Almeida"},"location":{"street":{"number":8623,"name":"Shanmugham Rd"},"city":"Thoothukudi","state":"Telangana","country":"India","postcode":19582,"coordinates":{"latitude":"4.4730","longitude":"-121.1985"},"timezone":{"offset":"+3:00","description":"Baghdad, Riyadh, Moscow, St. Petersburg"}},"email":"chandran.almeida@example.com","login":{"uuid":"408ddee1-ef3f-4d99-8dbe-fa21db84d8b8","username":"sadwolf964","password":"snoopy1","salt":"68o92JKa","md5":"07f35d064593fbbb6f0b647efbec78aa","sha1":"86f85810a45fffa91d6ef83a740c5455f0ba748f","sha256":"f20bb515297db37c331a035baccae6abf41bdde037ea2abb3a88d1dcd03d647e"},"dob":{"date":"1980-06-29T19:26:47.886Z","age":43},"registered":{"date":"2004-10-14T07:55:28.595Z","age":19},"phone":"9752857586","cell":"8871739322","id":{"name":"UIDAI","value":"041256842417"},"picture":{"large":"https://randomuser.me/api/portraits/men/10.jpg","medium":"https://randomuser.me/api/portraits/med/men/10.jpg","thumbnail":"https://randomuser.me/api/portraits/thumb/men/10.jpg"},"nat":"IN"}],"info":{"seed":"023eca29a1aac7d7","results":1,"page":1,"version":"1.4"}} 
 </msg>
<msg time="2024-03-24T01:04:24.569560" level="INFO">/opt/hostedtoolcache/Python/3.12.2/x64/lib/python3.12/site-packages/urllib3/connectionpool.py:1103: InsecureRequestWarning: Unverified HTTPS request is being made to host 'randomuser.me'. Adding certificate verification is strongly advised. See: https://urllib3.readthedocs.io/en/latest/advanced-usage.html#tls-warnings
  warnings.warn(</msg>
<msg time="2024-03-24T01:04:24.569662" level="INFO">${response} = &lt;Response [200]&gt;</msg>
<var>${response}</var>
<arg>consultarAPI</arg>
<arg>/api</arg>
<doc>Sends a GET request on a previously created HTTP Session.</doc>
<status status="PASS" start="2024-03-24T01:04:24.341786" elapsed="0.227919"/>
</kw>
<kw name="Should Be Equal As Numbers" owner="BuiltIn">
<msg time="2024-03-24T01:04:24.570541" level="INFO">Argument types are:
&lt;class 'int'&gt;
&lt;class 'str'&gt;</msg>
<arg>${response.status_code}</arg>
<arg>200</arg>
<doc>Fails if objects are unequal after converting them to real numbers.</doc>
<status status="PASS" start="2024-03-24T01:04:24.570103" elapsed="0.000504"/>
</kw>
<kw name="Log" owner="BuiltIn">
<msg time="2024-03-24T01:04:24.571294" level="INFO">200</msg>
<arg>${response.status_code}</arg>
<doc>Logs the given message with the given level.</doc>
<status status="PASS" start="2024-03-24T01:04:24.570930" elapsed="0.000409"/>
</kw>
<kw name="Set Variable" owner="BuiltIn">
<msg time="2024-03-24T01:04:24.572101" level="INFO">${json_data} = {'results': [{'gender': 'male', 'name': {'title': 'Mr', 'first': 'Chandran', 'last': 'Almeida'}, 'location': {'street': {'number': 8623, 'name': 'Shanmugham Rd'}, 'city': 'Thoothukudi', 'state': 'Tela...</msg>
<var>${json_data}</var>
<arg>${response.json()}</arg>
<doc>Returns the given values which can then be assigned to a variables.</doc>
<status status="PASS" start="2024-03-24T01:04:24.571666" elapsed="0.000464"/>
</kw>
<kw name="Dictionary Should Contain Key" owner="Collections">
<msg time="2024-03-24T01:04:24.572602" level="INFO">False</msg>
<arg>${json_data}</arg>
<arg>results</arg>
<doc>Fails if ``key`` is not found from ``dictionary``.</doc>
<status status="PASS" start="2024-03-24T01:04:24.572437" elapsed="0.000206"/>
</kw>
<status status="PASS" start="2024-03-24T01:04:24.341533" elapsed="0.231365"/>
</kw>
<doc>Testa se a API responde corretamente e retorna um objeto JSON válido.</doc>
<tag>testeRequisicaoBasica</tag>
<status status="PASS" start="2024-03-24T01:04:24.341066" elapsed="0.232005"/>
</test>
<test id="s1-s1-t3" name="Validar estrutura de resposta" line="22">
<kw name="Teste de Estrutura de Resposta" owner="random-user-service">
<kw name="GET On Session" owner="RequestsLibrary">
<msg time="2024-03-24T01:04:24.667377" level="INFO">GET Request : url=https://randomuser.me/api 
 path_url=/api 
 headers={'User-Agent': 'python-requests/2.31.0', 'Accept-Encoding': 'gzip, deflate', 'Accept': '*/*', 'Connection': 'keep-alive'} 
 body=None 
 </msg>
<msg time="2024-03-24T01:04:24.667443" level="INFO">GET Response : url=https://randomuser.me/api 
 status=200, reason=OK 
 headers={'Date': 'Sun, 24 Mar 2024 01:04:24 GMT', 'Content-Type': 'application/json; charset=utf-8', 'Transfer-Encoding': 'chunked', 'Connection': 'keep-alive', 'X-Powered-By': 'Express', 'Access-Control-Allow-Origin': '*', 'Cache-Control': 'no-cache', 'ETag': 'W/"495-iJecvB3BDrKiIFkSFGTqowTcJFg"', 'Vary': 'Accept-Encoding', 'Content-Encoding': 'gzip', 'CF-Cache-Status': 'DYNAMIC', 'Report-To': '{"endpoints":[{"url":"https:\\/\\/a.nel.cloudflare.com\\/report\\/v4?s=2mY8dKc%2BSkqJH0qYYrNkOB3SzJzKYeJb%2Ffl34QZkYVBBHhAB9AolPzDiqAA8DY5bdxqbFpGufueU9Ysn1hfSQDKPiYaPqOd5m%2Bawx1jC7e5xxFZMvipR57sopHcuxpLA"}],"group":"cf-nel","max_age":604800}', 'NEL': '{"success_fraction":0,"report_to":"cf-nel","max_age":604800}', 'Server': 'cloudflare', 'CF-RAY': '8692bf399da4981f-SJC', 'alt-svc': 'h3=":443"; ma=86400'} 
 body={"results":[{"gender":"female","name":{"title":"Miss","first":"Anniken","last":"Sharif"},"location":{"street":{"number":5237,"name":"Kongsveien"},"city":"Tvedestrand","state":"Trøndelag","country":"Norway","postcode":"3715","coordinates":{"latitude":"44.2011","longitude":"41.1700"},"timezone":{"offset":"-6:00","description":"Central Time (US &amp; Canada), Mexico City"}},"email":"anniken.sharif@example.com","login":{"uuid":"1b2387ed-3729-410d-acd2-0df7d2cea8fc","username":"blackbear850","password":"stocking","salt":"CiMga13W","md5":"70c8bf6982a2b811c4373e92acd5cbeb","sha1":"3e33d7caee4b971f0cdf54a61683d0d90d3d5726","sha256":"e65859c0338bacb9f29cb730030d5da06932f0762303eac4b1093ddb371d6210"},"dob":{"date":"2000-06-13T07:47:21.022Z","age":23},"registered":{"date":"2011-04-01T02:33:04.257Z","age":12},"phone":"27865975","cell":"49979386","id":{"name":"FN","value":"13060090003"},"picture":{"large":"https://randomuser.me/api/portraits/women/83.jpg","medium":"https://randomuser.me/api/portraits/med/women/83.jpg","thumbnail":"https://randomuser.me/api/portraits/thumb/women/83.jpg"},"nat":"NO"}],"info":{"seed":"8564ec03531d1ffc","results":1,"page":1,"version":"1.4"}} 
 </msg>
<msg time="2024-03-24T01:04:24.667549" level="INFO">/opt/hostedtoolcache/Python/3.12.2/x64/lib/python3.12/site-packages/urllib3/connectionpool.py:1103: InsecureRequestWarning: Unverified HTTPS request is being made to host 'randomuser.me'. Adding certificate verification is strongly advised. See: https://urllib3.readthedocs.io/en/latest/advanced-usage.html#tls-warnings
  warnings.warn(</msg>
<msg time="2024-03-24T01:04:24.667648" level="INFO">${response} = &lt;Response [200]&gt;</msg>
<var>${response}</var>
<arg>consultarAPI</arg>
<arg>/api</arg>
<doc>Sends a GET request on a previously created HTTP Session.</doc>
<status status="PASS" start="2024-03-24T01:04:24.575719" elapsed="0.091971"/>
</kw>
<kw name="Set Variable" owner="BuiltIn">
<msg time="2024-03-24T01:04:24.668714" level="INFO">${json_data} = {'results': [{'gender': 'female', 'name': {'title': 'Miss', 'first': 'Anniken', 'last': 'Sharif'}, 'location': {'street': {'number': 5237, 'name': 'Kongsveien'}, 'city': 'Tvedestrand', 'state': 'Trønd...</msg>
<var>${json_data}</var>
<arg>${response.json()}</arg>
<doc>Returns the given values which can then be assigned to a variables.</doc>
<status status="PASS" start="2024-03-24T01:04:24.668168" elapsed="0.000575"/>
</kw>
<kw name="Log" owner="BuiltIn">
<msg time="2024-03-24T01:04:24.669214" level="INFO">{'results': [{'gender': 'female', 'name': {'title': 'Miss', 'first': 'Anniken', 'last': 'Sharif'}, 'location': {'street': {'number': 5237, 'name': 'Kongsveien'}, 'city': 'Tvedestrand', 'state': 'Trøndelag', 'country': 'Norway', 'postcode': '3715', 'coordinates': {'latitude': '44.2011', 'longitude': '41.1700'}, 'timezone': {'offset': '-6:00', 'description': 'Central Time (US &amp; Canada), Mexico City'}}, 'email': 'anniken.sharif@example.com', 'login': {'uuid': '1b2387ed-3729-410d-acd2-0df7d2cea8fc', 'username': 'blackbear850', 'password': 'stocking', 'salt': 'CiMga13W', 'md5': '70c8bf6982a2b811c4373e92acd5cbeb', 'sha1': '3e33d7caee4b971f0cdf54a61683d0d90d3d5726', 'sha256': 'e65859c0338bacb9f29cb730030d5da06932f0762303eac4b1093ddb371d6210'}, 'dob': {'date': '2000-06-13T07:47:21.022Z', 'age': 23}, 'registered': {'date': '2011-04-01T02:33:04.257Z', 'age': 12}, 'phone': '27865975', 'cell': '49979386', 'id': {'name': 'FN', 'value': '13060090003'}, 'picture': {'large': 'https://randomuser.me/api/portraits/women/83.jpg', 'medium': 'https://randomuser.me/api/portraits/med/women/83.jpg', 'thumbnail': 'https://randomuser.me/api/portraits/thumb/women/83.jpg'}, 'nat': 'NO'}], 'info': {'seed': '8564ec03531d1ffc', 'results': 1, 'page': 1, 'version': '1.4'}}</msg>
<arg>${json_data}</arg>
<doc>Logs the given message with the given level.</doc>
<status status="PASS" start="2024-03-24T01:04:24.669052" elapsed="0.000212"/>
</kw>
<kw name="Dictionary Should Contain Key" owner="Collections">
<msg time="2024-03-24T01:04:24.669715" level="INFO">False</msg>
<arg>${json_data}</arg>
<arg>results</arg>
<doc>Fails if ``key`` is not found from ``dictionary``.</doc>
<status status="PASS" start="2024-03-24T01:04:24.669561" elapsed="0.000192"/>
</kw>
<kw name="Should Not Be Empty" owner="BuiltIn">
<msg time="2024-03-24T01:04:24.670179" level="INFO">Length is 2.</msg>
<arg>${json_data}</arg>
<doc>Verifies that the given item is not empty.</doc>
<status status="PASS" start="2024-03-24T01:04:24.670046" elapsed="0.000172"/>
</kw>
<kw name="Create List" owner="BuiltIn">
<msg time="2024-03-24T01:04:24.670702" level="INFO">${expected_keys} = ['gender', 'name', 'location', 'email', 'login']</msg>
<var>${expected_keys}</var>
<arg>gender</arg>
<arg>name</arg>
<arg>location</arg>
<arg>email</arg>
<arg>login</arg>
<doc>Returns a list containing given items.</doc>
<status status="PASS" start="2024-03-24T01:04:24.670549" elapsed="0.000177"/>
</kw>
<for flavor="IN">
<iter>
<kw name="Dictionary Should Contain Key" owner="Collections">
<msg time="2024-03-24T01:04:24.671688" level="INFO">False</msg>
<arg>${json_data['results'][0]}</arg>
<arg>${key}</arg>
<doc>Fails if ``key`` is not found from ``dictionary``.</doc>
<status status="PASS" start="2024-03-24T01:04:24.671283" elapsed="0.000446"/>
</kw>
<kw name="Log" owner="BuiltIn">
<msg time="2024-03-24T01:04:24.672405" level="INFO">{'gender': 'female', 'name': {'title': 'Miss', 'first': 'Anniken', 'last': 'Sharif'}, 'location': {'street': {'number': 5237, 'name': 'Kongsveien'}, 'city': 'Tvedestrand', 'state': 'Trøndelag', 'country': 'Norway', 'postcode': '3715', 'coordinates': {'latitude': '44.2011', 'longitude': '41.1700'}, 'timezone': {'offset': '-6:00', 'description': 'Central Time (US &amp; Canada), Mexico City'}}, 'email': 'anniken.sharif@example.com', 'login': {'uuid': '1b2387ed-3729-410d-acd2-0df7d2cea8fc', 'username': 'blackbear850', 'password': 'stocking', 'salt': 'CiMga13W', 'md5': '70c8bf6982a2b811c4373e92acd5cbeb', 'sha1': '3e33d7caee4b971f0cdf54a61683d0d90d3d5726', 'sha256': 'e65859c0338bacb9f29cb730030d5da06932f0762303eac4b1093ddb371d6210'}, 'dob': {'date': '2000-06-13T07:47:21.022Z', 'age': 23}, 'registered': {'date': '2011-04-01T02:33:04.257Z', 'age': 12}, 'phone': '27865975', 'cell': '49979386', 'id': {'name': 'FN', 'value': '13060090003'}, 'picture': {'large': 'https://randomuser.me/api/portraits/women/83.jpg', 'medium': 'https://randomuser.me/api/portraits/med/women/83.jpg', 'thumbnail': 'https://randomuser.me/api/portraits/thumb/women/83.jpg'}, 'nat': 'NO'}</msg>
<arg>${json_data['results'][0]}</arg>
<doc>Logs the given message with the given level.</doc>
<status status="PASS" start="2024-03-24T01:04:24.672036" elapsed="0.000426"/>
</kw>
<kw name="Log" owner="BuiltIn">
<msg time="2024-03-24T01:04:24.672900" level="INFO">gender</msg>
<arg>${key}</arg>
<doc>Logs the given message with the given level.</doc>
<status status="PASS" start="2024-03-24T01:04:24.672769" elapsed="0.000169"/>
</kw>
<var name="${key}">gender</var>
<status status="PASS" start="2024-03-24T01:04:24.671159" elapsed="0.001998"/>
</iter>
<iter>
<kw name="Dictionary Should Contain Key" owner="Collections">
<msg time="2024-03-24T01:04:24.673846" level="INFO">False</msg>
<arg>${json_data['results'][0]}</arg>
<arg>${key}</arg>
<doc>Fails if ``key`` is not found from ``dictionary``.</doc>
<status status="PASS" start="2024-03-24T01:04:24.673459" elapsed="0.000425"/>
</kw>
<kw name="Log" owner="BuiltIn">
<msg time="2024-03-24T01:04:24.674595" level="INFO">{'gender': 'female', 'name': {'title': 'Miss', 'first': 'Anniken', 'last': 'Sharif'}, 'location': {'street': {'number': 5237, 'name': 'Kongsveien'}, 'city': 'Tvedestrand', 'state': 'Trøndelag', 'country': 'Norway', 'postcode': '3715', 'coordinates': {'latitude': '44.2011', 'longitude': '41.1700'}, 'timezone': {'offset': '-6:00', 'description': 'Central Time (US &amp; Canada), Mexico City'}}, 'email': 'anniken.sharif@example.com', 'login': {'uuid': '1b2387ed-3729-410d-acd2-0df7d2cea8fc', 'username': 'blackbear850', 'password': 'stocking', 'salt': 'CiMga13W', 'md5': '70c8bf6982a2b811c4373e92acd5cbeb', 'sha1': '3e33d7caee4b971f0cdf54a61683d0d90d3d5726', 'sha256': 'e65859c0338bacb9f29cb730030d5da06932f0762303eac4b1093ddb371d6210'}, 'dob': {'date': '2000-06-13T07:47:21.022Z', 'age': 23}, 'registered': {'date': '2011-04-01T02:33:04.257Z', 'age': 12}, 'phone': '27865975', 'cell': '49979386', 'id': {'name': 'FN', 'value': '13060090003'}, 'picture': {'large': 'https://randomuser.me/api/portraits/women/83.jpg', 'medium': 'https://randomuser.me/api/portraits/med/women/83.jpg', 'thumbnail': 'https://randomuser.me/api/portraits/thumb/women/83.jpg'}, 'nat': 'NO'}</msg>
<arg>${json_data['results'][0]}</arg>
<doc>Logs the given message with the given level.</doc>
<status status="PASS" start="2024-03-24T01:04:24.674212" elapsed="0.000432"/>
</kw>
<kw name="Log" owner="BuiltIn">
<msg time="2024-03-24T01:04:24.675067" level="INFO">name</msg>
<arg>${key}</arg>
<doc>Logs the given message with the given level.</doc>
<status status="PASS" start="2024-03-24T01:04:24.674938" elapsed="0.000167"/>
</kw>
<var name="${key}">name</var>
<status status="PASS" start="2024-03-24T01:04:24.673343" elapsed="0.001977"/>
</iter>
<iter>
<kw name="Dictionary Should Contain Key" owner="Collections">
<msg time="2024-03-24T01:04:24.675986" level="INFO">False</msg>
<arg>${json_data['results'][0]}</arg>
<arg>${key}</arg>
<doc>Fails if ``key`` is not found from ``dictionary``.</doc>
<status status="PASS" start="2024-03-24T01:04:24.675612" elapsed="0.000412"/>
</kw>
<kw name="Log" owner="BuiltIn">
<msg time="2024-03-24T01:04:24.676696" level="INFO">{'gender': 'female', 'name': {'title': 'Miss', 'first': 'Anniken', 'last': 'Sharif'}, 'location': {'street': {'number': 5237, 'name': 'Kongsveien'}, 'city': 'Tvedestrand', 'state': 'Trøndelag', 'country': 'Norway', 'postcode': '3715', 'coordinates': {'latitude': '44.2011', 'longitude': '41.1700'}, 'timezone': {'offset': '-6:00', 'description': 'Central Time (US &amp; Canada), Mexico City'}}, 'email': 'anniken.sharif@example.com', 'login': {'uuid': '1b2387ed-3729-410d-acd2-0df7d2cea8fc', 'username': 'blackbear850', 'password': 'stocking', 'salt': 'CiMga13W', 'md5': '70c8bf6982a2b811c4373e92acd5cbeb', 'sha1': '3e33d7caee4b971f0cdf54a61683d0d90d3d5726', 'sha256': 'e65859c0338bacb9f29cb730030d5da06932f0762303eac4b1093ddb371d6210'}, 'dob': {'date': '2000-06-13T07:47:21.022Z', 'age': 23}, 'registered': {'date': '2011-04-01T02:33:04.257Z', 'age': 12}, 'phone': '27865975', 'cell': '49979386', 'id': {'name': 'FN', 'value': '13060090003'}, 'picture': {'large': 'https://randomuser.me/api/portraits/women/83.jpg', 'medium': 'https://randomuser.me/api/portraits/med/women/83.jpg', 'thumbnail': 'https://randomuser.me/api/portraits/thumb/women/83.jpg'}, 'nat': 'NO'}</msg>
<arg>${json_data['results'][0]}</arg>
<doc>Logs the given message with the given level.</doc>
<status status="PASS" start="2024-03-24T01:04:24.676325" elapsed="0.000426"/>
</kw>
<kw name="Log" owner="BuiltIn">
<msg time="2024-03-24T01:04:24.677173" level="INFO">location</msg>
<arg>${key}</arg>
<doc>Logs the given message with the given level.</doc>
<status status="PASS" start="2024-03-24T01:04:24.677046" elapsed="0.000165"/>
</kw>
<var name="${key}">location</var>
<status status="PASS" start="2024-03-24T01:04:24.675499" elapsed="0.001945"/>
</iter>
<iter>
<kw name="Dictionary Should Contain Key" owner="Collections">
<msg time="2024-03-24T01:04:24.678057" level="INFO">False</msg>
<arg>${json_data['results'][0]}</arg>
<arg>${key}</arg>
<doc>Fails if ``key`` is not found from ``dictionary``.</doc>
<status status="PASS" start="2024-03-24T01:04:24.677712" elapsed="0.000381"/>
</kw>
<kw name="Log" owner="BuiltIn">
<msg time="2024-03-24T01:04:24.678776" level="INFO">{'gender': 'female', 'name': {'title': 'Miss', 'first': 'Anniken', 'last': 'Sharif'}, 'location': {'street': {'number': 5237, 'name': 'Kongsveien'}, 'city': 'Tvedestrand', 'state': 'Trøndelag', 'country': 'Norway', 'postcode': '3715', 'coordinates': {'latitude': '44.2011', 'longitude': '41.1700'}, 'timezone': {'offset': '-6:00', 'description': 'Central Time (US &amp; Canada), Mexico City'}}, 'email': 'anniken.sharif@example.com', 'login': {'uuid': '1b2387ed-3729-410d-acd2-0df7d2cea8fc', 'username': 'blackbear850', 'password': 'stocking', 'salt': 'CiMga13W', 'md5': '70c8bf6982a2b811c4373e92acd5cbeb', 'sha1': '3e33d7caee4b971f0cdf54a61683d0d90d3d5726', 'sha256': 'e65859c0338bacb9f29cb730030d5da06932f0762303eac4b1093ddb371d6210'}, 'dob': {'date': '2000-06-13T07:47:21.022Z', 'age': 23}, 'registered': {'date': '2011-04-01T02:33:04.257Z', 'age': 12}, 'phone': '27865975', 'cell': '49979386', 'id': {'name': 'FN', 'value': '13060090003'}, 'picture': {'large': 'https://randomuser.me/api/portraits/women/83.jpg', 'medium': 'https://randomuser.me/api/portraits/med/women/83.jpg', 'thumbnail': 'https://randomuser.me/api/portraits/thumb/women/83.jpg'}, 'nat': 'NO'}</msg>
<arg>${json_data['results'][0]}</arg>
<doc>Logs the given message with the given level.</doc>
<status status="PASS" start="2024-03-24T01:04:24.678376" elapsed="0.000452"/>
</kw>
<kw name="Log" owner="BuiltIn">
<msg time="2024-03-24T01:04:24.679250" level="INFO">email</msg>
<arg>${key}</arg>
<doc>Logs the given message with the given level.</doc>
<status status="PASS" start="2024-03-24T01:04:24.679122" elapsed="0.000166"/>
</kw>
<var name="${key}">email</var>
<status status="PASS" start="2024-03-24T01:04:24.677609" elapsed="0.001893"/>
</iter>
<iter>
<kw name="Dictionary Should Contain Key" owner="Collections">
<msg time="2024-03-24T01:04:24.680207" level="INFO">False</msg>
<arg>${json_data['results'][0]}</arg>
<arg>${key}</arg>
<doc>Fails if ``key`` is not found from ``dictionary``.</doc>
<status status="PASS" start="2024-03-24T01:04:24.679800" elapsed="0.000469"/>
</kw>
<kw name="Log" owner="BuiltIn">
<msg time="2024-03-24T01:04:24.681025" level="INFO">{'gender': 'female', 'name': {'title': 'Miss', 'first': 'Anniken', 'last': 'Sharif'}, 'location': {'street': {'number': 5237, 'name': 'Kongsveien'}, 'city': 'Tvedestrand', 'state': 'Trøndelag', 'country': 'Norway', 'postcode': '3715', 'coordinates': {'latitude': '44.2011', 'longitude': '41.1700'}, 'timezone': {'offset': '-6:00', 'description': 'Central Time (US &amp; Canada), Mexico City'}}, 'email': 'anniken.sharif@example.com', 'login': {'uuid': '1b2387ed-3729-410d-acd2-0df7d2cea8fc', 'username': 'blackbear850', 'password': 'stocking', 'salt': 'CiMga13W', 'md5': '70c8bf6982a2b811c4373e92acd5cbeb', 'sha1': '3e33d7caee4b971f0cdf54a61683d0d90d3d5726', 'sha256': 'e65859c0338bacb9f29cb730030d5da06932f0762303eac4b1093ddb371d6210'}, 'dob': {'date': '2000-06-13T07:47:21.022Z', 'age': 23}, 'registered': {'date': '2011-04-01T02:33:04.257Z', 'age': 12}, 'phone': '27865975', 'cell': '49979386', 'id': {'name': 'FN', 'value': '13060090003'}, 'picture': {'large': 'https://randomuser.me/api/portraits/women/83.jpg', 'medium': 'https://randomuser.me/api/portraits/med/women/83.jpg', 'thumbnail': 'https://randomuser.me/api/portraits/thumb/women/83.jpg'}, 'nat': 'NO'}</msg>
<arg>${json_data['results'][0]}</arg>
<doc>Logs the given message with the given level.</doc>
<status status="PASS" start="2024-03-24T01:04:24.680651" elapsed="0.000425"/>
</kw>
<kw name="Log" owner="BuiltIn">
<msg time="2024-03-24T01:04:24.681499" level="INFO">login</msg>
<arg>${key}</arg>
<doc>Logs the given message with the given level.</doc>
<status status="PASS" start="2024-03-24T01:04:24.681370" elapsed="0.000269"/>
</kw>
<var name="${key}">login</var>
<status status="PASS" start="2024-03-24T01:04:24.679675" elapsed="0.002221"/>
</iter>
<var>${key}</var>
<value>@{expected_keys}</value>
<status status="PASS" start="2024-03-24T01:04:24.670984" elapsed="0.011038"/>
</for>
<kw name="Create List" owner="BuiltIn">
<msg time="2024-03-24T01:04:24.682355" level="INFO">${expected_keysTwo} = ['username', 'password']</msg>
<var>${expected_keysTwo}</var>
<arg>username</arg>
<arg>password</arg>
<doc>Returns a list containing given items.</doc>
<status status="PASS" start="2024-03-24T01:04:24.682216" elapsed="0.000164"/>
</kw>
<for flavor="IN">
<iter>
<kw name="Dictionary Should Contain Key" owner="Collections">
<msg time="2024-03-24T01:04:24.683312" level="INFO">False</msg>
<arg>${json_data['results'][0]['login']}</arg>
<arg>${keyTwo}</arg>
<doc>Fails if ``key`` is not found from ``dictionary``.</doc>
<status status="PASS" start="2024-03-24T01:04:24.682920" elapsed="0.000429"/>
</kw>
<kw name="Dictionary Should Contain Key" owner="Collections">
<msg time="2024-03-24T01:04:24.684024" level="INFO">False</msg>
<arg>${json_data['results'][0]['login']}</arg>
<arg>${keyTwo}</arg>
<doc>Fails if ``key`` is not found from ``dictionary``.</doc>
<status status="PASS" start="2024-03-24T01:04:24.683645" elapsed="0.000423"/>
</kw>
<kw name="Log" owner="BuiltIn">
<msg time="2024-03-24T01:04:24.684489" level="INFO">username</msg>
<arg>${keyTwo}</arg>
<doc>Logs the given message with the given level.</doc>
<status status="PASS" start="2024-03-24T01:04:24.684360" elapsed="0.000166"/>
</kw>
<var name="${keyTwo}">username</var>
<status status="PASS" start="2024-03-24T01:04:24.682807" elapsed="0.001932"/>
</iter>
<iter>
<kw name="Dictionary Should Contain Key" owner="Collections">
<msg time="2024-03-24T01:04:24.685401" level="INFO">False</msg>
<arg>${json_data['results'][0]['login']}</arg>
<arg>${keyTwo}</arg>
<doc>Fails if ``key`` is not found from ``dictionary``.</doc>
<status status="PASS" start="2024-03-24T01:04:24.685022" elapsed="0.000414"/>
</kw>
<kw name="Dictionary Should Contain Key" owner="Collections">
<msg time="2024-03-24T01:04:24.686050" level="INFO">False</msg>
<arg>${json_data['results'][0]['login']}</arg>
<arg>${keyTwo}</arg>
<doc>Fails if ``key`` is not found from ``dictionary``.</doc>
<status status="PASS" start="2024-03-24T01:04:24.685704" elapsed="0.000380"/>
</kw>
<kw name="Log" owner="BuiltIn">
<msg time="2024-03-24T01:04:24.686501" level="INFO">password</msg>
<arg>${keyTwo}</arg>
<doc>Logs the given message with the given level.</doc>
<status status="PASS" start="2024-03-24T01:04:24.686353" elapsed="0.000184"/>
</kw>
<var name="${keyTwo}">password</var>
<status status="PASS" start="2024-03-24T01:04:24.684912" elapsed="0.001833"/>
</iter>
<var>${keyTwo}</var>
<value>@{expected_keysTwo}</value>
<status status="PASS" start="2024-03-24T01:04:24.682655" elapsed="0.004202"/>
</for>
<status status="PASS" start="2024-03-24T01:04:24.575488" elapsed="0.111495"/>
</kw>
<doc>Testa a estrutura da resposta da API.</doc>
<tag>testeEstruturaResposta</tag>
<status status="PASS" start="2024-03-24T01:04:24.574896" elapsed="0.112224"/>
</test>
<test id="s1-s1-t4" name="Validar tipos de dados" line="28">
<kw name="Teste de Tipos de Dados" owner="random-user-service">
<kw name="GET On Session" owner="RequestsLibrary">
<msg time="2024-03-24T01:04:24.775309" level="INFO">GET Request : url=https://randomuser.me/api 
 path_url=/api 
 headers={'User-Agent': 'python-requests/2.31.0', 'Accept-Encoding': 'gzip, deflate', 'Accept': '*/*', 'Connection': 'keep-alive'} 
 body=None 
 </msg>
<msg time="2024-03-24T01:04:24.775394" level="INFO">GET Response : url=https://randomuser.me/api 
 status=200, reason=OK 
 headers={'Date': 'Sun, 24 Mar 2024 01:04:24 GMT', 'Content-Type': 'application/json; charset=utf-8', 'Transfer-Encoding': 'chunked', 'Connection': 'keep-alive', 'X-Powered-By': 'Express', 'Access-Control-Allow-Origin': '*', 'Cache-Control': 'no-cache', 'ETag': 'W/"477-spItysGJqSHL+5SJ/vn55T/fgyY"', 'Vary': 'Accept-Encoding', 'Content-Encoding': 'gzip', 'CF-Cache-Status': 'DYNAMIC', 'Report-To': '{"endpoints":[{"url":"https:\\/\\/a.nel.cloudflare.com\\/report\\/v4?s=1c5qbgsIhxf6RNGUPQdnyhFdco78%2BXm0IzrpaAg084bpjM9%2FINP61pvhgJcT2DfEMxYu0BtjrZMdYwfy76CdCYeEjN8hO%2B9Nmbg4w7zATsata1GxOAgtXnal5is13FkQ"}],"group":"cf-nel","max_age":604800}', 'NEL': '{"success_fraction":0,"report_to":"cf-nel","max_age":604800}', 'Server': 'cloudflare', 'CF-RAY': '8692bf3a5e03981f-SJC', 'alt-svc': 'h3=":443"; ma=86400'} 
 body={"results":[{"gender":"male","name":{"title":"Mr","first":"Albert","last":"Petersen"},"location":{"street":{"number":6343,"name":"Vangen"},"city":"Rønnede","state":"Nordjylland","country":"Denmark","postcode":18497,"coordinates":{"latitude":"-43.3230","longitude":"-31.3829"},"timezone":{"offset":"-2:00","description":"Mid-Atlantic"}},"email":"albert.petersen@example.com","login":{"uuid":"0c5aeb81-4188-4fe4-8507-f20fd2f0ce94","username":"beautifulladybug994","password":"elizabeth","salt":"peFF84rF","md5":"a794768ca0392b5eead4423a26878f3c","sha1":"75ba2fc9af3028edf3faa98382cccd387eec596c","sha256":"61b9bc17aefd63ac96d174db0a847c491a16fd6751903c496ae5d1217fd0c127"},"dob":{"date":"1952-08-16T00:00:11.620Z","age":71},"registered":{"date":"2003-03-30T23:03:36.121Z","age":20},"phone":"81907852","cell":"85576966","id":{"name":"CPR","value":"150852-2660"},"picture":{"large":"https://randomuser.me/api/portraits/men/97.jpg","medium":"https://randomuser.me/api/portraits/med/men/97.jpg","thumbnail":"https://randomuser.me/api/portraits/thumb/men/97.jpg"},"nat":"DK"}],"info":{"seed":"f5fbd9a46f48feab","results":1,"page":1,"version":"1.4"}} 
 </msg>
<msg time="2024-03-24T01:04:24.775465" level="INFO">/opt/hostedtoolcache/Python/3.12.2/x64/lib/python3.12/site-packages/urllib3/connectionpool.py:1103: InsecureRequestWarning: Unverified HTTPS request is being made to host 'randomuser.me'. Adding certificate verification is strongly advised. See: https://urllib3.readthedocs.io/en/latest/advanced-usage.html#tls-warnings
  warnings.warn(</msg>
<msg time="2024-03-24T01:04:24.775577" level="INFO">${response} = &lt;Response [200]&gt;</msg>
<var>${response}</var>
<arg>consultarAPI</arg>
<arg>/api</arg>
<doc>Sends a GET request on a previously created HTTP Session.</doc>
<status status="PASS" start="2024-03-24T01:04:24.689529" elapsed="0.086087"/>
</kw>
<kw name="Set Variable" owner="BuiltIn">
<msg time="2024-03-24T01:04:24.776591" level="INFO">${json_data} = {'results': [{'gender': 'male', 'name': {'title': 'Mr', 'first': 'Albert', 'last': 'Petersen'}, 'location': {'street': {'number': 6343, 'name': 'Vangen'}, 'city': 'Rønnede', 'state': 'Nordjylland', 'c...</msg>
<var>${json_data}</var>
<arg>${response.json()}</arg>
<doc>Returns the given values which can then be assigned to a variables.</doc>
<status status="PASS" start="2024-03-24T01:04:24.776050" elapsed="0.000571"/>
</kw>
<kw name="Log" owner="BuiltIn">
<msg time="2024-03-24T01:04:24.777089" level="INFO">{'results': [{'gender': 'male', 'name': {'title': 'Mr', 'first': 'Albert', 'last': 'Petersen'}, 'location': {'street': {'number': 6343, 'name': 'Vangen'}, 'city': 'Rønnede', 'state': 'Nordjylland', 'country': 'Denmark', 'postcode': 18497, 'coordinates': {'latitude': '-43.3230', 'longitude': '-31.3829'}, 'timezone': {'offset': '-2:00', 'description': 'Mid-Atlantic'}}, 'email': 'albert.petersen@example.com', 'login': {'uuid': '0c5aeb81-4188-4fe4-8507-f20fd2f0ce94', 'username': 'beautifulladybug994', 'password': 'elizabeth', 'salt': 'peFF84rF', 'md5': 'a794768ca0392b5eead4423a26878f3c', 'sha1': '75ba2fc9af3028edf3faa98382cccd387eec596c', 'sha256': '61b9bc17aefd63ac96d174db0a847c491a16fd6751903c496ae5d1217fd0c127'}, 'dob': {'date': '1952-08-16T00:00:11.620Z', 'age': 71}, 'registered': {'date': '2003-03-30T23:03:36.121Z', 'age': 20}, 'phone': '81907852', 'cell': '85576966', 'id': {'name': 'CPR', 'value': '150852-2660'}, 'picture': {'large': 'https://randomuser.me/api/portraits/men/97.jpg', 'medium': 'https://randomuser.me/api/portraits/med/men/97.jpg', 'thumbnail': 'https://randomuser.me/api/portraits/thumb/men/97.jpg'}, 'nat': 'DK'}], 'info': {'seed': 'f5fbd9a46f48feab', 'results': 1, 'page': 1, 'version': '1.4'}}</msg>
<arg>${json_data}</arg>
<doc>Logs the given message with the given level.</doc>
<status status="PASS" start="2024-03-24T01:04:24.776933" elapsed="0.000237"/>
</kw>
<kw name="Should Be String" owner="String">
<arg>${json_data['results'][0]['gender']}</arg>
<doc>Fails if the given ``item`` is not a string.</doc>
<status status="PASS" start="2024-03-24T01:04:24.777473" elapsed="0.000363"/>
</kw>
<kw name="Should Match Regexp" owner="BuiltIn">
<arg>${json_data['results'][0]['email']}</arg>
<arg>^[a-zA-Z0-9._%+-]+@[a-zA-Z0-9.-]+\.[a-zA-Z]{2,}$</arg>
<doc>Fails if ``string`` does not match ``pattern`` as a regular expression.</doc>
<status status="PASS" start="2024-03-24T01:04:24.778029" elapsed="0.000538"/>
</kw>
<kw name="Should Match Regexp" owner="BuiltIn">
<arg>${json_data['results'][0]['dob']['date']}</arg>
<arg>\\d{4}-\\d{2}-\\d{2}T\\d{2}:\\d{2}:\\d{2}\\.\\d{3}Z</arg>
<doc>Fails if ``string`` does not match ``pattern`` as a regular expression.</doc>
<status status="PASS" start="2024-03-24T01:04:24.778755" elapsed="0.000483"/>
</kw>
<kw name="Should Match Regexp" owner="BuiltIn">
<arg>${json_data['results'][0]['registered']['date']}</arg>
<arg>\\d{4}-\\d{2}-\\d{2}T\\d{2}:\\d{2}:\\d{2}\\.\\d{3}Z</arg>
<doc>Fails if ``string`` does not match ``pattern`` as a regular expression.</doc>
<status status="PASS" start="2024-03-24T01:04:24.779435" elapsed="0.000380"/>
</kw>
<kw name="Should Match Regexp" owner="BuiltIn">
<arg>${json_data['results'][0]['picture']['large']}</arg>
<arg>^https?://.*\.(?:png|jpe?g|gif|bmp)$</arg>
<doc>Fails if ``string`` does not match ``pattern`` as a regular expression.</doc>
<status status="PASS" start="2024-03-24T01:04:24.780004" elapsed="0.000457"/>
</kw>
<kw name="Should Match Regexp" owner="BuiltIn">
<arg>${json_data['results'][0]['picture']['medium']}</arg>
<arg>^https?://.*\.(?:png|jpe?g|gif|bmp)$</arg>
<doc>Fails if ``string`` does not match ``pattern`` as a regular expression.</doc>
<status status="PASS" start="2024-03-24T01:04:24.780646" elapsed="0.000335"/>
</kw>
<kw name="Should Match Regexp" owner="BuiltIn">
<arg>${json_data['results'][0]['picture']['thumbnail']}</arg>
<arg>^https?://.*\.(?:png|jpe?g|gif|bmp)$</arg>
<doc>Fails if ``string`` does not match ``pattern`` as a regular expression.</doc>
<status status="PASS" start="2024-03-24T01:04:24.781160" elapsed="0.000331"/>
</kw>
<kw name="Log" owner="BuiltIn">
<msg time="2024-03-24T01:04:24.781971" level="INFO">{'large': 'https://randomuser.me/api/portraits/men/97.jpg', 'medium': 'https://randomuser.me/api/portraits/med/men/97.jpg', 'thumbnail': 'https://randomuser.me/api/portraits/thumb/men/97.jpg'}</msg>
<arg>${json_data['results'][0]['picture']}</arg>
<doc>Logs the given message with the given level.</doc>
<status status="PASS" start="2024-03-24T01:04:24.781666" elapsed="0.000348"/>
</kw>
<status status="PASS" start="2024-03-24T01:04:24.689300" elapsed="0.092948"/>
</kw>
<kw name="Teste de Tipos de Dados - Postcode" owner="random-user-service">
<kw name="GET On Session" owner="RequestsLibrary">
<msg time="2024-03-24T01:04:24.872175" level="INFO">GET Request : url=https://randomuser.me/api 
 path_url=/api 
 headers={'User-Agent': 'python-requests/2.31.0', 'Accept-Encoding': 'gzip, deflate', 'Accept': '*/*', 'Connection': 'keep-alive'} 
 body=None 
 </msg>
<msg time="2024-03-24T01:04:24.872258" level="INFO">GET Response : url=https://randomuser.me/api 
 status=200, reason=OK 
 headers={'Date': 'Sun, 24 Mar 2024 01:04:24 GMT', 'Content-Type': 'application/json; charset=utf-8', 'Transfer-Encoding': 'chunked', 'Connection': 'keep-alive', 'X-Powered-By': 'Express', 'Access-Control-Allow-Origin': '*', 'Cache-Control': 'no-cache', 'ETag': 'W/"49a-IrPrbRjQ3i1Gh5ACQ7e1/2YmPag"', 'Vary': 'Accept-Encoding', 'Content-Encoding': 'gzip', 'CF-Cache-Status': 'DYNAMIC', 'Report-To': '{"endpoints":[{"url":"https:\\/\\/a.nel.cloudflare.com\\/report\\/v4?s=TlKNEycQSlcyDBaajJT136ujd7wAPmqasZkekp1QkrdTDNKitvGWEl6V1VvaZZpCFiBhQC8inq1yDvJVmapPsBEwGeJSQRZcoaKF3ac2ZFBZHAka1B7wW%2Bno6zwhGvhp"}],"group":"cf-nel","max_age":604800}', 'NEL': '{"success_fraction":0,"report_to":"cf-nel","max_age":604800}', 'Server': 'cloudflare', 'CF-RAY': '8692bf3aee59981f-SJC', 'alt-svc': 'h3=":443"; ma=86400'} 
 body={"results":[{"gender":"female","name":{"title":"Ms","first":"Motrya","last":"Yagupolskiy"},"location":{"street":{"number":4253,"name":"Provulok Botkina"},"city":"Mala Viska","state":"Hersonska","country":"Ukraine","postcode":20629,"coordinates":{"latitude":"78.8379","longitude":"105.2496"},"timezone":{"offset":"+5:30","description":"Bombay, Calcutta, Madras, New Delhi"}},"email":"motrya.yagupolskiy@example.com","login":{"uuid":"8fbb618d-1ca6-4cca-925b-c2b914978505","username":"sadrabbit264","password":"fishy","salt":"XNxUWPwk","md5":"7cade96748d772bf2198b90e489b1709","sha1":"939b4cb0072dfad2218f00f33afefaace527c687","sha256":"027ebd7d456e94d3ee28aa192b3ade77a39bef732619dd02aca1cb67a34d749b"},"dob":{"date":"1983-12-05T21:31:58.268Z","age":40},"registered":{"date":"2013-12-14T21:45:00.480Z","age":10},"phone":"(068) O45-3035","cell":"(067) D43-6592","id":{"name":"","value":null},"picture":{"large":"https://randomuser.me/api/portraits/women/11.jpg","medium":"https://randomuser.me/api/portraits/med/women/11.jpg","thumbnail":"https://randomuser.me/api/portraits/thumb/women/11.jpg"},"nat":"UA"}],"info":{"seed":"8edd9b3f17785e49","results":1,"page":1,"version":"1.4"}} 
 </msg>
<msg time="2024-03-24T01:04:24.872342" level="INFO">/opt/hostedtoolcache/Python/3.12.2/x64/lib/python3.12/site-packages/urllib3/connectionpool.py:1103: InsecureRequestWarning: Unverified HTTPS request is being made to host 'randomuser.me'. Adding certificate verification is strongly advised. See: https://urllib3.readthedocs.io/en/latest/advanced-usage.html#tls-warnings
  warnings.warn(</msg>
<msg time="2024-03-24T01:04:24.872458" level="INFO">${response} = &lt;Response [200]&gt;</msg>
<var>${response}</var>
<arg>consultarAPI</arg>
<arg>/api</arg>
<doc>Sends a GET request on a previously created HTTP Session.</doc>
<status status="PASS" start="2024-03-24T01:04:24.782821" elapsed="0.089683"/>
</kw>
<kw name="Set Variable" owner="BuiltIn">
<msg time="2024-03-24T01:04:24.873364" level="INFO">${json_data} = {'results': [{'gender': 'female', 'name': {'title': 'Ms', 'first': 'Motrya', 'last': 'Yagupolskiy'}, 'location': {'street': {'number': 4253, 'name': 'Provulok Botkina'}, 'city': 'Mala Viska', 'state':...</msg>
<var>${json_data}</var>
<arg>${response.json()}</arg>
<doc>Returns the given values which can then be assigned to a variables.</doc>
<status status="PASS" start="2024-03-24T01:04:24.872924" elapsed="0.000468"/>
</kw>
<kw name="Log" owner="BuiltIn">
<msg time="2024-03-24T01:04:24.873846" level="INFO">{'results': [{'gender': 'female', 'name': {'title': 'Ms', 'first': 'Motrya', 'last': 'Yagupolskiy'}, 'location': {'street': {'number': 4253, 'name': 'Provulok Botkina'}, 'city': 'Mala Viska', 'state': 'Hersonska', 'country': 'Ukraine', 'postcode': 20629, 'coordinates': {'latitude': '78.8379', 'longitude': '105.2496'}, 'timezone': {'offset': '+5:30', 'description': 'Bombay, Calcutta, Madras, New Delhi'}}, 'email': 'motrya.yagupolskiy@example.com', 'login': {'uuid': '8fbb618d-1ca6-4cca-925b-c2b914978505', 'username': 'sadrabbit264', 'password': 'fishy', 'salt': 'XNxUWPwk', 'md5': '7cade96748d772bf2198b90e489b1709', 'sha1': '939b4cb0072dfad2218f00f33afefaace527c687', 'sha256': '027ebd7d456e94d3ee28aa192b3ade77a39bef732619dd02aca1cb67a34d749b'}, 'dob': {'date': '1983-12-05T21:31:58.268Z', 'age': 40}, 'registered': {'date': '2013-12-14T21:45:00.480Z', 'age': 10}, 'phone': '(068) O45-3035', 'cell': '(067) D43-6592', 'id': {'name': '', 'value': None}, 'picture': {'large': 'https://randomuser.me/api/portraits/women/11.jpg', 'medium': 'https://randomuser.me/api/portraits/med/women/11.jpg', 'thumbnail': 'https://randomuser.me/api/portraits/thumb/women/11.jpg'}, 'nat': 'UA'}], 'info': {'seed': '8edd9b3f17785e49', 'results': 1, 'page': 1, 'version': '1.4'}}</msg>
<arg>${json_data}</arg>
<doc>Logs the given message with the given level.</doc>
<status status="PASS" start="2024-03-24T01:04:24.873693" elapsed="0.000230"/>
</kw>
<kw name="Should Be Equal As Numbers" owner="BuiltIn">
<arg>${json_data['results'][0]['location']['postcode']}</arg>
<arg>${json_data['results'][0]['location']['postcode']}</arg>
<doc>Fails if objects are unequal after converting them to real numbers.</doc>
<status status="PASS" start="2024-03-24T01:04:24.874224" elapsed="0.000668"/>
</kw>
<kw name="Log" owner="BuiltIn">
<msg time="2024-03-24T01:04:24.875423" level="INFO">20629</msg>
<arg>${json_data['results'][0]['location']['postcode']}</arg>
<doc>Logs the given message with the given level.</doc>
<status status="PASS" start="2024-03-24T01:04:24.875085" elapsed="0.000378"/>
</kw>
<status status="PASS" start="2024-03-24T01:04:24.782478" elapsed="0.093236"/>
</kw>
<doc>Testa se os tipos de dados na resposta da API estão corretos.</doc>
<tag>testeTiposDados</tag>
<status status="PASS" start="2024-03-24T01:04:24.688779" elapsed="0.187094"/>
</test>
<test id="s1-s1-t5" name="Validar conteudo" line="35">
<kw name="Teste de Tipos de Conteudo" owner="random-user-service">
<kw name="GET On Session" owner="RequestsLibrary">
<msg time="2024-03-24T01:04:24.975000" level="INFO">GET Request : url=https://randomuser.me/api 
 path_url=/api 
 headers={'User-Agent': 'python-requests/2.31.0', 'Accept-Encoding': 'gzip, deflate', 'Accept': '*/*', 'Connection': 'keep-alive'} 
 body=None 
 </msg>
<msg time="2024-03-24T01:04:24.975086" level="INFO">GET Response : url=https://randomuser.me/api 
 status=200, reason=OK 
 headers={'Date': 'Sun, 24 Mar 2024 01:04:24 GMT', 'Content-Type': 'application/json; charset=utf-8', 'Transfer-Encoding': 'chunked', 'Connection': 'keep-alive', 'X-Powered-By': 'Express', 'Access-Control-Allow-Origin': '*', 'Cache-Control': 'no-cache', 'ETag': 'W/"48f-/c6la466QQYTjb8nXyXQxuhGMPQ"', 'Vary': 'Accept-Encoding', 'Content-Encoding': 'gzip', 'CF-Cache-Status': 'DYNAMIC', 'Report-To': '{"endpoints":[{"url":"https:\\/\\/a.nel.cloudflare.com\\/report\\/v4?s=pxIWAzPrLPXtCK4xaJH8ccMIMgkWW4vKbNAJXneax0oj8Ft2DC5%2FJbwO8dG5xTMY3PtZnA15RkHx3Q4S16LGgXL54Rwni2l9FjxhdxwOHE4C3L5quUh6KFJWTzcyGddp"}],"group":"cf-nel","max_age":604800}', 'NEL': '{"success_fraction":0,"report_to":"cf-nel","max_age":604800}', 'Server': 'cloudflare', 'CF-RAY': '8692bf3b8eca981f-SJC', 'alt-svc': 'h3=":443"; ma=86400'} 
 body={"results":[{"gender":"female","name":{"title":"Ms","first":"Enora","last":"Perez"},"location":{"street":{"number":3808,"name":"Rue Abel-Gance"},"city":"Grenoble","state":"Seine-Saint-Denis","country":"France","postcode":79003,"coordinates":{"latitude":"-18.4579","longitude":"177.9467"},"timezone":{"offset":"-9:00","description":"Alaska"}},"email":"enora.perez@example.com","login":{"uuid":"5cd1655d-c158-4b0f-b5dd-35202572adc0","username":"ticklishelephant432","password":"strange","salt":"fvGRb0St","md5":"23d9609075e5daf715f24b782d18c55f","sha1":"4b2f2a9d47ae82f563e06fd4abb7af5e4571fd4d","sha256":"322ddca902f96326159e2f5b4a9c51ed2e98b32a0851ce1188d017c7d6315fb9"},"dob":{"date":"1951-12-15T01:22:47.951Z","age":72},"registered":{"date":"2002-07-02T07:48:47.942Z","age":21},"phone":"02-41-68-70-51","cell":"06-74-63-58-96","id":{"name":"INSEE","value":"2511147102318 11"},"picture":{"large":"https://randomuser.me/api/portraits/women/14.jpg","medium":"https://randomuser.me/api/portraits/med/women/14.jpg","thumbnail":"https://randomuser.me/api/portraits/thumb/women/14.jpg"},"nat":"FR"}],"info":{"seed":"8425c905325ab527","results":1,"page":1,"version":"1.4"}} 
 </msg>
<msg time="2024-03-24T01:04:24.975159" level="INFO">/opt/hostedtoolcache/Python/3.12.2/x64/lib/python3.12/site-packages/urllib3/connectionpool.py:1103: InsecureRequestWarning: Unverified HTTPS request is being made to host 'randomuser.me'. Adding certificate verification is strongly advised. See: https://urllib3.readthedocs.io/en/latest/advanced-usage.html#tls-warnings
  warnings.warn(</msg>
<msg time="2024-03-24T01:04:24.975260" level="INFO">${response} = &lt;Response [200]&gt;</msg>
<var>${response}</var>
<arg>consultarAPI</arg>
<arg>/api</arg>
<doc>Sends a GET request on a previously created HTTP Session.</doc>
<status status="PASS" start="2024-03-24T01:04:24.878315" elapsed="0.096988"/>
</kw>
<kw name="Set Variable" owner="BuiltIn">
<msg time="2024-03-24T01:04:24.976261" level="INFO">${json_data} = {'results': [{'gender': 'female', 'name': {'title': 'Ms', 'first': 'Enora', 'last': 'Perez'}, 'location': {'street': {'number': 3808, 'name': 'Rue Abel-Gance'}, 'city': 'Grenoble', 'state': 'Seine-Sai...</msg>
<var>${json_data}</var>
<arg>${response.json()}</arg>
<doc>Returns the given values which can then be assigned to a variables.</doc>
<status status="PASS" start="2024-03-24T01:04:24.975747" elapsed="0.000541"/>
</kw>
<kw name="Set Variable" owner="BuiltIn">
<msg time="2024-03-24T01:04:24.976987" level="INFO">${name_title} = Ms</msg>
<var>${name_title}</var>
<arg>${json_data["results"][0]["name"]["title"]}</arg>
<doc>Returns the given values which can then be assigned to a variables.</doc>
<status status="PASS" start="2024-03-24T01:04:24.976602" elapsed="0.000412"/>
</kw>
<kw name="Create List" owner="BuiltIn">
<msg time="2024-03-24T01:04:24.977471" level="INFO">${allowed_titles} = ['Mr', 'Ms', 'Miss', 'Mrs', 'Madame', 'Monsieur']</msg>
<var>${allowed_titles}</var>
<arg>Mr</arg>
<arg>Ms</arg>
<arg>Miss</arg>
<arg>Mrs</arg>
<arg>Madame</arg>
<arg>Monsieur</arg>
<doc>Returns a list containing given items.</doc>
<status status="PASS" start="2024-03-24T01:04:24.977318" elapsed="0.000179"/>
</kw>
<kw name="List Should Contain Value" owner="Collections">
<msg time="2024-03-24T01:04:24.977983" level="INFO">False</msg>
<arg>${allowed_titles}</arg>
<arg>${name_title}</arg>
<doc>Fails if the ``value`` is not found from ``list``.</doc>
<status status="PASS" start="2024-03-24T01:04:24.977806" elapsed="0.000216"/>
</kw>
<kw name="Set Variable" owner="BuiltIn">
<msg time="2024-03-24T01:04:24.978742" level="INFO">${name_country} = FR</msg>
<var>${name_country}</var>
<arg>${json_data["results"][0]["nat"]}</arg>
<doc>Returns the given values which can then be assigned to a variables.</doc>
<status status="PASS" start="2024-03-24T01:04:24.978320" elapsed="0.000448"/>
</kw>
<kw name="Create List" owner="BuiltIn">
<msg time="2024-03-24T01:04:24.979689" level="INFO">${list_country} = ['AD', 'AE', 'AF', 'AG', 'AI', 'AL', 'AM', 'AO', 'AQ', 'AR', 'AS', 'AT', 'AU', 'AW', 'AX', 'AZ', 'BA', 'BB', 'BD', 'BE', 'BF', 'BG', 'BH', 'BI', 'BJ', 'BL', 'BM', 'BN', 'BO', 'BQ', 'BR', 'BS', 'BT', '...</msg>
<var>${list_country}</var>
<arg>AD</arg>
<arg>AE</arg>
<arg>AF</arg>
<arg>AG</arg>
<arg>AI</arg>
<arg>AL</arg>
<arg>AM</arg>
<arg>AO</arg>
<arg>AQ</arg>
<arg>AR</arg>
<arg>AS</arg>
<arg>AT</arg>
<arg>AU</arg>
<arg>AW</arg>
<arg>AX</arg>
<arg>AZ</arg>
<arg>BA</arg>
<arg>BB</arg>
<arg>BD</arg>
<arg>BE</arg>
<arg>BF</arg>
<arg>BG</arg>
<arg>BH</arg>
<arg>BI</arg>
<arg>BJ</arg>
<arg>BL</arg>
<arg>BM</arg>
<arg>BN</arg>
<arg>BO</arg>
<arg>BQ</arg>
<arg>BR</arg>
<arg>BS</arg>
<arg>BT</arg>
<arg>BV</arg>
<arg>BW</arg>
<arg>BY</arg>
<arg>BZ</arg>
<arg>CA</arg>
<arg>CC</arg>
<arg>CD</arg>
<arg>CF</arg>
<arg>CG</arg>
<arg>CH</arg>
<arg>CI</arg>
<arg>CK</arg>
<arg>CL</arg>
<arg>CM</arg>
<arg>CN</arg>
<arg>CO</arg>
<arg>CR</arg>
<arg>CU</arg>
<arg>CV</arg>
<arg>CW</arg>
<arg>CX</arg>
<arg>CY</arg>
<arg>CZ</arg>
<arg>DE</arg>
<arg>DJ</arg>
<arg>DK</arg>
<arg>DM</arg>
<arg>DO</arg>
<arg>DZ</arg>
<arg>EC</arg>
<arg>EE</arg>
<arg>EG</arg>
<arg>EH</arg>
<arg>ER</arg>
<arg>ES</arg>
<arg>ET</arg>
<arg>FI</arg>
<arg>FJ</arg>
<arg>FK</arg>
<arg>FM</arg>
<arg>FO</arg>
<arg>FR</arg>
<arg>GA</arg>
<arg>GB</arg>
<arg>GD</arg>
<arg>GE</arg>
<arg>GF</arg>
<arg>GG</arg>
<arg>GH</arg>
<arg>GI</arg>
<arg>GL</arg>
<arg>GM</arg>
<arg>GN</arg>
<arg>GP</arg>
<arg>GQ</arg>
<arg>GR</arg>
<arg>GS</arg>
<arg>GT</arg>
<arg>GU</arg>
<arg>GW</arg>
<arg>GY</arg>
<arg>HK</arg>
<arg>HM</arg>
<arg>HN</arg>
<arg>HR</arg>
<arg>HT</arg>
<arg>HU</arg>
<arg>ID</arg>
<arg>IE</arg>
<arg>IL</arg>
<arg>IM</arg>
<arg>IN</arg>
<arg>IO</arg>
<arg>IQ</arg>
<arg>IR</arg>
<arg>IS</arg>
<arg>IT</arg>
<arg>JE</arg>
<arg>JM</arg>
<arg>JO</arg>
<arg>JP</arg>
<arg>KE</arg>
<arg>KG</arg>
<arg>KH</arg>
<arg>KI</arg>
<arg>KM</arg>
<arg>KN</arg>
<arg>KP</arg>
<arg>KR</arg>
<arg>KW</arg>
<arg>KY</arg>
<arg>KZ</arg>
<arg>LA</arg>
<arg>LB</arg>
<arg>LC</arg>
<arg>LI</arg>
<arg>LK</arg>
<arg>LR</arg>
<arg>LS</arg>
<arg>LT</arg>
<arg>LU</arg>
<arg>LV</arg>
<arg>LY</arg>
<arg>MA</arg>
<arg>MC</arg>
<arg>MD</arg>
<arg>ME</arg>
<arg>MF</arg>
<arg>MG</arg>
<arg>MH</arg>
<arg>MK</arg>
<arg>ML</arg>
<arg>MM</arg>
<arg>MN</arg>
<arg>MO</arg>
<arg>MP</arg>
<arg>MQ</arg>
<arg>MR</arg>
<arg>MS</arg>
<arg>MT</arg>
<arg>MU</arg>
<arg>MV</arg>
<arg>MW</arg>
<arg>MX</arg>
<arg>MY</arg>
<arg>MZ</arg>
<arg>NA</arg>
<arg>NC</arg>
<arg>NE</arg>
<arg>NF</arg>
<arg>NG</arg>
<arg>NI</arg>
<arg>NL</arg>
<arg>NO</arg>
<arg>NP</arg>
<arg>NR</arg>
<arg>NU</arg>
<arg>NZ</arg>
<arg>OM</arg>
<arg>PA</arg>
<arg>PE</arg>
<arg>PF</arg>
<arg>PG</arg>
<arg>PH</arg>
<arg>PK</arg>
<arg>PL</arg>
<arg>PM</arg>
<arg>PN</arg>
<arg>PR</arg>
<arg>PS</arg>
<arg>PT</arg>
<arg>PW</arg>
<arg>PY</arg>
<arg>QA</arg>
<arg>RE</arg>
<arg>RO</arg>
<arg>RS</arg>
<arg>RU</arg>
<arg>RW</arg>
<arg>SA</arg>
<arg>SB</arg>
<arg>SC</arg>
<arg>SD</arg>
<arg>SE</arg>
<arg>SG</arg>
<arg>SH</arg>
<arg>SI</arg>
<arg>SJ</arg>
<arg>SK</arg>
<arg>SL</arg>
<arg>SM</arg>
<arg>SN</arg>
<arg>SO</arg>
<arg>SR</arg>
<arg>SS</arg>
<arg>ST</arg>
<arg>SV</arg>
<arg>SX</arg>
<arg>SY</arg>
<arg>SZ</arg>
<arg>TC</arg>
<arg>TD</arg>
<arg>TF</arg>
<arg>TG</arg>
<arg>TH</arg>
<arg>TJ</arg>
<arg>TK</arg>
<arg>TL</arg>
<arg>TM</arg>
<arg>TN</arg>
<arg>TO</arg>
<arg>TR</arg>
<arg>TT</arg>
<arg>TV</arg>
<arg>TW</arg>
<arg>TZ</arg>
<arg>UA</arg>
<arg>UG</arg>
<arg>UM</arg>
<arg>US</arg>
<arg>UY</arg>
<arg>UZ</arg>
<arg>VA</arg>
<arg>VC</arg>
<arg>VE</arg>
<arg>VG</arg>
<arg>VI</arg>
<arg>VN</arg>
<arg>VU</arg>
<arg>WF</arg>
<arg>WS</arg>
<arg>XK</arg>
<arg>YE</arg>
<arg>YT</arg>
<arg>ZA</arg>
<arg>ZM</arg>
<arg>ZW</arg>
<doc>Returns a list containing given items.</doc>
<status status="PASS" start="2024-03-24T01:04:24.979087" elapsed="0.000628"/>
</kw>
<kw name="List Should Contain Value" owner="Collections">
<msg time="2024-03-24T01:04:24.980813" level="INFO">False</msg>
<arg>${list_country}</arg>
<arg>${name_country}</arg>
<doc>Fails if the ``value`` is not found from ``list``.</doc>
<status status="PASS" start="2024-03-24T01:04:24.980606" elapsed="0.000246"/>
</kw>
<kw name="Run Keyword If" owner="BuiltIn">
<kw name="Should Be True" owner="BuiltIn">
<arg>${True}</arg>
<doc>Fails if the given condition is not true.</doc>
<status status="PASS" start="2024-03-24T01:04:24.981934" elapsed="0.000151"/>
</kw>
<arg>${json_data["results"][0]["location"]["coordinates"]["latitude"]} &gt;= -90 and ${json_data["results"][0]["location"]["coordinates"]["latitude"]} &lt;= 90</arg>
<arg>Should Be True</arg>
<arg>${True}</arg>
<doc>Runs the given keyword with the given arguments, if ``condition`` is true.</doc>
<status status="PASS" start="2024-03-24T01:04:24.981169" elapsed="0.001051"/>
</kw>
<kw name="Run Keyword If" owner="BuiltIn">
<kw name="Should Be True" owner="BuiltIn">
<arg>${True}</arg>
<doc>Fails if the given condition is not true.</doc>
<status status="PASS" start="2024-03-24T01:04:24.983183" elapsed="0.000144"/>
</kw>
<arg>${json_data["results"][0]["location"]["coordinates"]["longitude"]} &gt;= -180 and ${json_data["results"][0]["location"]["coordinates"]["longitude"]} &lt;= 180</arg>
<arg>Should Be True</arg>
<arg>${True}</arg>
<doc>Runs the given keyword with the given arguments, if ``condition`` is true.</doc>
<status status="PASS" start="2024-03-24T01:04:24.982447" elapsed="0.001010"/>
</kw>
<status status="PASS" start="2024-03-24T01:04:24.878094" elapsed="0.105495"/>
</kw>
<doc>Testa o conteúdo específico dos campos retornados pela API.</doc>
<tag>testeConteudo</tag>
<status status="PASS" start="2024-03-24T01:04:24.877574" elapsed="0.106165"/>
</test>
<status status="PASS" start="2024-03-24T01:04:24.002946" elapsed="0.982588"/>
</suite>
<status status="PASS" start="2024-03-24T01:04:23.989350" elapsed="1.001679"/>
</suite>
<statistics>
<total>
<stat pass="5" fail="0" skip="0">All Tests</stat>
</total>
<tag>
<stat pass="1" fail="0" skip="0">testeConteudo</stat>
<stat pass="1" fail="0" skip="0">testeEstruturaResposta</stat>
<stat pass="1" fail="0" skip="0">testeRequisicaoBasica</stat>
<stat pass="1" fail="0" skip="0">testeTiposDados</stat>
</tag>
<suite>
<stat pass="5" fail="0" skip="0" id="s1" name="Tests">Tests</stat>
<stat pass="5" fail="0" skip="0" id="s1-s1" name="Random-User-Test">Tests.Random-User-Test</stat>
</suite>
</statistics>
<errors>
</errors>
</robot>
