<?xml version="1.0" encoding="UTF-8"?>
<robot generator="Robot 7.0 (Python 3.12.3 on linux)" generated="2024-05-10T01:02:27.533808" rpa="false" schemaversion="5">
<suite id="s1" name="Tests" source="/home/runner/work/DesafioQAItauRogerioJordao/DesafioQAItauRogerioJordao/RamdonUser/tests">
<suite id="s1-s1" name="Random-User-Test" source="/home/runner/work/DesafioQAItauRogerioJordao/DesafioQAItauRogerioJordao/RamdonUser/tests/random-user-test.robot">
<test id="s1-s1-t1" name="Conectar" line="13">
<kw name="Conectar API" owner="random-user-service">
<kw name="Create Session" owner="RequestsLibrary">
<msg time="2024-05-10T01:02:27.989553" level="INFO">Creating Session using : alias=consultarAPI, url=https://randomuser.me/, headers={},                     cookies={}, auth=None, timeout=None, proxies=None, verify=False,                     debug=0 </msg>
<arg>consultarAPI</arg>
<arg>${URL}</arg>
<doc>Create Session: create a HTTP session to a server</doc>
<status status="PASS" start="2024-05-10T01:02:27.989362" elapsed="0.000354"/>
</kw>
<status status="PASS" start="2024-05-10T01:02:27.988454" elapsed="0.001603"/>
</kw>
<status status="PASS" start="2024-05-10T01:02:27.987915" elapsed="0.002333"/>
</test>
<test id="s1-s1-t2" name="Validar retorno 200 e JSON Válido" line="16">
<kw name="Teste de Requisicao Basica" owner="random-user-service">
<kw name="GET On Session" owner="RequestsLibrary">
<msg time="2024-05-10T01:02:28.060155" level="INFO">GET Request : url=https://randomuser.me/api 
 path_url=/api 
 headers={'User-Agent': 'python-requests/2.31.0', 'Accept-Encoding': 'gzip, deflate', 'Accept': '*/*', 'Connection': 'keep-alive'} 
 body=None 
 </msg>
<msg time="2024-05-10T01:02:28.060333" level="INFO">GET Response : url=https://randomuser.me/api 
 status=200, reason=OK 
 headers={'Date': 'Fri, 10 May 2024 01:02:28 GMT', 'Content-Type': 'application/json; charset=utf-8', 'Transfer-Encoding': 'chunked', 'Connection': 'keep-alive', 'X-Powered-By': 'Express', 'Access-Control-Allow-Origin': '*', 'Cache-Control': 'no-cache', 'ETag': 'W/"47d-/HDdJbO5EUQkirvXbLPa+H9hNpw"', 'Vary': 'Accept-Encoding', 'Content-Encoding': 'gzip', 'CF-Cache-Status': 'DYNAMIC', 'Report-To': '{"endpoints":[{"url":"https:\\/\\/a.nel.cloudflare.com\\/report\\/v4?s=jy48bM08eKYfF6voVWSxITTahvw8R3jAciwOwIYLN5C6uGex40lYrJDm0dPWdwTVwWqS5rttAvBBqlBesc4DrHDIk%2F%2F%2FkcjyP4gY8%2F4qUo8oSG1pDYMCMtE6GuHI%2F%2Bqn"}],"group":"cf-nel","max_age":604800}', 'NEL': '{"success_fraction":0,"report_to":"cf-nel","max_age":604800}', 'Server': 'cloudflare', 'CF-RAY': '881601012c8472ef-IAD', 'alt-svc': 'h3=":443"; ma=86400'} 
 body={"results":[{"gender":"female","name":{"title":"Miss","first":"Klavdiya","last":"Rik"},"location":{"street":{"number":3939,"name":"1905 roku"},"city":"Harcizk","state":"Rivnenska","country":"Ukraine","postcode":60586,"coordinates":{"latitude":"73.9255","longitude":"81.6770"},"timezone":{"offset":"+6:00","description":"Almaty, Dhaka, Colombo"}},"email":"klavdiya.rik@example.com","login":{"uuid":"6b4c60eb-8261-40cb-8445-7f74d8bb2f42","username":"goldenladybug999","password":"dougie","salt":"jxdbURGt","md5":"84f224445110658953da74c3eb4010e8","sha1":"feb85f9cc19f9ba35c5c3b55e7a1caa0804e28e1","sha256":"18bdd821ab7fc1c3d43b3fd75547d336b5450add596141a07f92dd639a8d64c0"},"dob":{"date":"1970-06-22T15:07:32.885Z","age":53},"registered":{"date":"2008-04-20T13:11:25.229Z","age":16},"phone":"(096) T71-9212","cell":"(098) Y23-3449","id":{"name":"","value":null},"picture":{"large":"https://randomuser.me/api/portraits/women/81.jpg","medium":"https://randomuser.me/api/portraits/med/women/81.jpg","thumbnail":"https://randomuser.me/api/portraits/thumb/women/81.jpg"},"nat":"UA"}],"info":{"seed":"c888e2fa1ff170cf","results":1,"page":1,"version":"1.4"}} 
 </msg>
<msg time="2024-05-10T01:02:28.060451" level="INFO">/opt/hostedtoolcache/Python/3.12.3/x64/lib/python3.12/site-packages/urllib3/connectionpool.py:1103: InsecureRequestWarning: Unverified HTTPS request is being made to host 'randomuser.me'. Adding certificate verification is strongly advised. See: https://urllib3.readthedocs.io/en/latest/advanced-usage.html#tls-warnings
  warnings.warn(</msg>
<msg time="2024-05-10T01:02:28.060623" level="INFO">${response} = &lt;Response [200]&gt;</msg>
<var>${response}</var>
<arg>consultarAPI</arg>
<arg>/api</arg>
<doc>Sends a GET request on a previously created HTTP Session.</doc>
<status status="PASS" start="2024-05-10T01:02:27.992868" elapsed="0.067798"/>
</kw>
<kw name="Should Be Equal As Numbers" owner="BuiltIn">
<msg time="2024-05-10T01:02:28.061997" level="INFO">Argument types are:
&lt;class 'int'&gt;
&lt;class 'str'&gt;</msg>
<arg>${response.status_code}</arg>
<arg>200</arg>
<doc>Fails if objects are unequal after converting them to real numbers.</doc>
<status status="PASS" start="2024-05-10T01:02:28.061292" elapsed="0.000810"/>
</kw>
<kw name="Log" owner="BuiltIn">
<msg time="2024-05-10T01:02:28.063170" level="INFO">200</msg>
<arg>${response.status_code}</arg>
<doc>Logs the given message with the given level.</doc>
<status status="PASS" start="2024-05-10T01:02:28.062640" elapsed="0.000592"/>
</kw>
<kw name="Set Variable" owner="BuiltIn">
<msg time="2024-05-10T01:02:28.064421" level="INFO">${json_data} = {'results': [{'gender': 'female', 'name': {'title': 'Miss', 'first': 'Klavdiya', 'last': 'Rik'}, 'location': {'street': {'number': 3939, 'name': '1905 roku'}, 'city': 'Harcizk', 'state': 'Rivnenska', ...</msg>
<var>${json_data}</var>
<arg>${response.json()}</arg>
<doc>Returns the given values which can then be assigned to a variables.</doc>
<status status="PASS" start="2024-05-10T01:02:28.063709" elapsed="0.000757"/>
</kw>
<kw name="Dictionary Should Contain Key" owner="Collections">
<msg time="2024-05-10T01:02:28.065192" level="INFO">False</msg>
<arg>${json_data}</arg>
<arg>results</arg>
<doc>Fails if ``key`` is not found from ``dictionary``.</doc>
<status status="PASS" start="2024-05-10T01:02:28.064913" elapsed="0.000345"/>
</kw>
<status status="PASS" start="2024-05-10T01:02:27.992627" elapsed="0.073042"/>
</kw>
<doc>Testa se a API responde corretamente e retorna um objeto JSON válido.</doc>
<tag>testeRequisicaoBasica</tag>
<status status="PASS" start="2024-05-10T01:02:27.992161" elapsed="0.073793"/>
</test>
<test id="s1-s1-t3" name="Validar estrutura de resposta" line="22">
<kw name="Teste de Estrutura de Resposta" owner="random-user-service">
<kw name="GET On Session" owner="RequestsLibrary">
<msg time="2024-05-10T01:02:28.168574" level="INFO">GET Request : url=https://randomuser.me/api 
 path_url=/api 
 headers={'User-Agent': 'python-requests/2.31.0', 'Accept-Encoding': 'gzip, deflate', 'Accept': '*/*', 'Connection': 'keep-alive'} 
 body=None 
 </msg>
<msg time="2024-05-10T01:02:28.168640" level="INFO">GET Response : url=https://randomuser.me/api 
 status=200, reason=OK 
 headers={'Date': 'Fri, 10 May 2024 01:02:28 GMT', 'Content-Type': 'application/json; charset=utf-8', 'Transfer-Encoding': 'chunked', 'Connection': 'keep-alive', 'X-Powered-By': 'Express', 'Access-Control-Allow-Origin': '*', 'Cache-Control': 'no-cache', 'ETag': 'W/"4a6-QHiRhA77MGWV4j8tnjQRBeVvapQ"', 'Vary': 'Accept-Encoding', 'Content-Encoding': 'gzip', 'CF-Cache-Status': 'DYNAMIC', 'Report-To': '{"endpoints":[{"url":"https:\\/\\/a.nel.cloudflare.com\\/report\\/v4?s=G9VWIEaF2IoLmLMQP3tc4r2TejoPc8CXlr6%2FSdOxWPtDv4dcLpbFOK5LFufiWfXVIk4P4W8vUZdm%2BVA34iqeAknQ%2FrSas4qVi%2FlyS2kefV9v9NKiCBwqi0wfHsCleS32"}],"group":"cf-nel","max_age":604800}', 'NEL': '{"success_fraction":0,"report_to":"cf-nel","max_age":604800}', 'Server': 'cloudflare', 'CF-RAY': '881601017d6372ef-IAD', 'alt-svc': 'h3=":443"; ma=86400'} 
 body={"results":[{"gender":"female","name":{"title":"Mrs","first":"Iida","last":"Hamalainen"},"location":{"street":{"number":3236,"name":"Suvantokatu"},"city":"Ii","state":"Tavastia Proper","country":"Finland","postcode":78654,"coordinates":{"latitude":"-23.8839","longitude":"62.6597"},"timezone":{"offset":"-4:00","description":"Atlantic Time (Canada), Caracas, La Paz"}},"email":"iida.hamalainen@example.com","login":{"uuid":"51945d2d-c471-4ac1-a1e3-c7e3cbca6b17","username":"brownrabbit541","password":"tottenham","salt":"rCeOXfhh","md5":"bd8632a2c60687578f516395c6405ac3","sha1":"d459c7c25794d5eb753a8d3e7d3ff46fb00c2fdd","sha256":"eea191a2acddb9880a805793b3700c0509dce66e9fc803dcec58868c24ff30a0"},"dob":{"date":"1996-11-30T17:46:18.482Z","age":27},"registered":{"date":"2007-03-13T06:51:59.743Z","age":17},"phone":"07-764-714","cell":"047-400-71-77","id":{"name":"HETU","value":"NaNNA388undefined"},"picture":{"large":"https://randomuser.me/api/portraits/women/78.jpg","medium":"https://randomuser.me/api/portraits/med/women/78.jpg","thumbnail":"https://randomuser.me/api/portraits/thumb/women/78.jpg"},"nat":"FI"}],"info":{"seed":"ea34e0232a0e4d30","results":1,"page":1,"version":"1.4"}} 
 </msg>
<msg time="2024-05-10T01:02:28.168743" level="INFO">/opt/hostedtoolcache/Python/3.12.3/x64/lib/python3.12/site-packages/urllib3/connectionpool.py:1103: InsecureRequestWarning: Unverified HTTPS request is being made to host 'randomuser.me'. Adding certificate verification is strongly advised. See: https://urllib3.readthedocs.io/en/latest/advanced-usage.html#tls-warnings
  warnings.warn(</msg>
<msg time="2024-05-10T01:02:28.168838" level="INFO">${response} = &lt;Response [200]&gt;</msg>
<var>${response}</var>
<arg>consultarAPI</arg>
<arg>/api</arg>
<doc>Sends a GET request on a previously created HTTP Session.</doc>
<status status="PASS" start="2024-05-10T01:02:28.070232" elapsed="0.098640"/>
</kw>
<kw name="Set Variable" owner="BuiltIn">
<msg time="2024-05-10T01:02:28.169745" level="INFO">${json_data} = {'results': [{'gender': 'female', 'name': {'title': 'Mrs', 'first': 'Iida', 'last': 'Hamalainen'}, 'location': {'street': {'number': 3236, 'name': 'Suvantokatu'}, 'city': 'Ii', 'state': 'Tavastia Prop...</msg>
<var>${json_data}</var>
<arg>${response.json()}</arg>
<doc>Returns the given values which can then be assigned to a variables.</doc>
<status status="PASS" start="2024-05-10T01:02:28.169267" elapsed="0.000507"/>
</kw>
<kw name="Log" owner="BuiltIn">
<msg time="2024-05-10T01:02:28.170245" level="INFO">{'results': [{'gender': 'female', 'name': {'title': 'Mrs', 'first': 'Iida', 'last': 'Hamalainen'}, 'location': {'street': {'number': 3236, 'name': 'Suvantokatu'}, 'city': 'Ii', 'state': 'Tavastia Proper', 'country': 'Finland', 'postcode': 78654, 'coordinates': {'latitude': '-23.8839', 'longitude': '62.6597'}, 'timezone': {'offset': '-4:00', 'description': 'Atlantic Time (Canada), Caracas, La Paz'}}, 'email': 'iida.hamalainen@example.com', 'login': {'uuid': '51945d2d-c471-4ac1-a1e3-c7e3cbca6b17', 'username': 'brownrabbit541', 'password': 'tottenham', 'salt': 'rCeOXfhh', 'md5': 'bd8632a2c60687578f516395c6405ac3', 'sha1': 'd459c7c25794d5eb753a8d3e7d3ff46fb00c2fdd', 'sha256': 'eea191a2acddb9880a805793b3700c0509dce66e9fc803dcec58868c24ff30a0'}, 'dob': {'date': '1996-11-30T17:46:18.482Z', 'age': 27}, 'registered': {'date': '2007-03-13T06:51:59.743Z', 'age': 17}, 'phone': '07-764-714', 'cell': '047-400-71-77', 'id': {'name': 'HETU', 'value': 'NaNNA388undefined'}, 'picture': {'large': 'https://randomuser.me/api/portraits/women/78.jpg', 'medium': 'https://randomuser.me/api/portraits/med/women/78.jpg', 'thumbnail': 'https://randomuser.me/api/portraits/thumb/women/78.jpg'}, 'nat': 'FI'}], 'info': {'seed': 'ea34e0232a0e4d30', 'results': 1, 'page': 1, 'version': '1.4'}}</msg>
<arg>${json_data}</arg>
<doc>Logs the given message with the given level.</doc>
<status status="PASS" start="2024-05-10T01:02:28.170085" elapsed="0.000210"/>
</kw>
<kw name="Dictionary Should Contain Key" owner="Collections">
<msg time="2024-05-10T01:02:28.170758" level="INFO">False</msg>
<arg>${json_data}</arg>
<arg>results</arg>
<doc>Fails if ``key`` is not found from ``dictionary``.</doc>
<status status="PASS" start="2024-05-10T01:02:28.170600" elapsed="0.000197"/>
</kw>
<kw name="Should Not Be Empty" owner="BuiltIn">
<msg time="2024-05-10T01:02:28.171235" level="INFO">Length is 2.</msg>
<arg>${json_data}</arg>
<doc>Verifies that the given item is not empty.</doc>
<status status="PASS" start="2024-05-10T01:02:28.171096" elapsed="0.000368"/>
</kw>
<kw name="Create List" owner="BuiltIn">
<msg time="2024-05-10T01:02:28.171935" level="INFO">${expected_keys} = ['gender', 'name', 'location', 'email', 'login']</msg>
<var>${expected_keys}</var>
<arg>gender</arg>
<arg>name</arg>
<arg>location</arg>
<arg>email</arg>
<arg>login</arg>
<doc>Returns a list containing given items.</doc>
<status status="PASS" start="2024-05-10T01:02:28.171777" elapsed="0.000183"/>
</kw>
<for flavor="IN">
<iter>
<kw name="Dictionary Should Contain Key" owner="Collections">
<msg time="2024-05-10T01:02:28.172975" level="INFO">False</msg>
<arg>${json_data['results'][0]}</arg>
<arg>${key}</arg>
<doc>Fails if ``key`` is not found from ``dictionary``.</doc>
<status status="PASS" start="2024-05-10T01:02:28.172569" elapsed="0.000446"/>
</kw>
<kw name="Log" owner="BuiltIn">
<msg time="2024-05-10T01:02:28.173688" level="INFO">{'gender': 'female', 'name': {'title': 'Mrs', 'first': 'Iida', 'last': 'Hamalainen'}, 'location': {'street': {'number': 3236, 'name': 'Suvantokatu'}, 'city': 'Ii', 'state': 'Tavastia Proper', 'country': 'Finland', 'postcode': 78654, 'coordinates': {'latitude': '-23.8839', 'longitude': '62.6597'}, 'timezone': {'offset': '-4:00', 'description': 'Atlantic Time (Canada), Caracas, La Paz'}}, 'email': 'iida.hamalainen@example.com', 'login': {'uuid': '51945d2d-c471-4ac1-a1e3-c7e3cbca6b17', 'username': 'brownrabbit541', 'password': 'tottenham', 'salt': 'rCeOXfhh', 'md5': 'bd8632a2c60687578f516395c6405ac3', 'sha1': 'd459c7c25794d5eb753a8d3e7d3ff46fb00c2fdd', 'sha256': 'eea191a2acddb9880a805793b3700c0509dce66e9fc803dcec58868c24ff30a0'}, 'dob': {'date': '1996-11-30T17:46:18.482Z', 'age': 27}, 'registered': {'date': '2007-03-13T06:51:59.743Z', 'age': 17}, 'phone': '07-764-714', 'cell': '047-400-71-77', 'id': {'name': 'HETU', 'value': 'NaNNA388undefined'}, 'picture': {'large': 'https://randomuser.me/api/portraits/women/78.jpg', 'medium': 'https://randomuser.me/api/portraits/med/women/78.jpg', 'thumbnail': 'https://randomuser.me/api/portraits/thumb/women/78.jpg'}, 'nat': 'FI'}</msg>
<arg>${json_data['results'][0]}</arg>
<doc>Logs the given message with the given level.</doc>
<status status="PASS" start="2024-05-10T01:02:28.173319" elapsed="0.000418"/>
</kw>
<kw name="Log" owner="BuiltIn">
<msg time="2024-05-10T01:02:28.174171" level="INFO">gender</msg>
<arg>${key}</arg>
<doc>Logs the given message with the given level.</doc>
<status status="PASS" start="2024-05-10T01:02:28.174041" elapsed="0.000168"/>
</kw>
<var name="${key}">gender</var>
<status status="PASS" start="2024-05-10T01:02:28.172440" elapsed="0.001987"/>
</iter>
<iter>
<kw name="Dictionary Should Contain Key" owner="Collections">
<msg time="2024-05-10T01:02:28.175125" level="INFO">False</msg>
<arg>${json_data['results'][0]}</arg>
<arg>${key}</arg>
<doc>Fails if ``key`` is not found from ``dictionary``.</doc>
<status status="PASS" start="2024-05-10T01:02:28.174736" elapsed="0.000427"/>
</kw>
<kw name="Log" owner="BuiltIn">
<msg time="2024-05-10T01:02:28.175890" level="INFO">{'gender': 'female', 'name': {'title': 'Mrs', 'first': 'Iida', 'last': 'Hamalainen'}, 'location': {'street': {'number': 3236, 'name': 'Suvantokatu'}, 'city': 'Ii', 'state': 'Tavastia Proper', 'country': 'Finland', 'postcode': 78654, 'coordinates': {'latitude': '-23.8839', 'longitude': '62.6597'}, 'timezone': {'offset': '-4:00', 'description': 'Atlantic Time (Canada), Caracas, La Paz'}}, 'email': 'iida.hamalainen@example.com', 'login': {'uuid': '51945d2d-c471-4ac1-a1e3-c7e3cbca6b17', 'username': 'brownrabbit541', 'password': 'tottenham', 'salt': 'rCeOXfhh', 'md5': 'bd8632a2c60687578f516395c6405ac3', 'sha1': 'd459c7c25794d5eb753a8d3e7d3ff46fb00c2fdd', 'sha256': 'eea191a2acddb9880a805793b3700c0509dce66e9fc803dcec58868c24ff30a0'}, 'dob': {'date': '1996-11-30T17:46:18.482Z', 'age': 27}, 'registered': {'date': '2007-03-13T06:51:59.743Z', 'age': 17}, 'phone': '07-764-714', 'cell': '047-400-71-77', 'id': {'name': 'HETU', 'value': 'NaNNA388undefined'}, 'picture': {'large': 'https://randomuser.me/api/portraits/women/78.jpg', 'medium': 'https://randomuser.me/api/portraits/med/women/78.jpg', 'thumbnail': 'https://randomuser.me/api/portraits/thumb/women/78.jpg'}, 'nat': 'FI'}</msg>
<arg>${json_data['results'][0]}</arg>
<doc>Logs the given message with the given level.</doc>
<status status="PASS" start="2024-05-10T01:02:28.175523" elapsed="0.000415"/>
</kw>
<kw name="Log" owner="BuiltIn">
<msg time="2024-05-10T01:02:28.176368" level="INFO">name</msg>
<arg>${key}</arg>
<doc>Logs the given message with the given level.</doc>
<status status="PASS" start="2024-05-10T01:02:28.176240" elapsed="0.000166"/>
</kw>
<var name="${key}">name</var>
<status status="PASS" start="2024-05-10T01:02:28.174619" elapsed="0.002005"/>
</iter>
<iter>
<kw name="Dictionary Should Contain Key" owner="Collections">
<msg time="2024-05-10T01:02:28.177305" level="INFO">False</msg>
<arg>${json_data['results'][0]}</arg>
<arg>${key}</arg>
<doc>Fails if ``key`` is not found from ``dictionary``.</doc>
<status status="PASS" start="2024-05-10T01:02:28.176917" elapsed="0.000427"/>
</kw>
<kw name="Log" owner="BuiltIn">
<msg time="2024-05-10T01:02:28.178006" level="INFO">{'gender': 'female', 'name': {'title': 'Mrs', 'first': 'Iida', 'last': 'Hamalainen'}, 'location': {'street': {'number': 3236, 'name': 'Suvantokatu'}, 'city': 'Ii', 'state': 'Tavastia Proper', 'country': 'Finland', 'postcode': 78654, 'coordinates': {'latitude': '-23.8839', 'longitude': '62.6597'}, 'timezone': {'offset': '-4:00', 'description': 'Atlantic Time (Canada), Caracas, La Paz'}}, 'email': 'iida.hamalainen@example.com', 'login': {'uuid': '51945d2d-c471-4ac1-a1e3-c7e3cbca6b17', 'username': 'brownrabbit541', 'password': 'tottenham', 'salt': 'rCeOXfhh', 'md5': 'bd8632a2c60687578f516395c6405ac3', 'sha1': 'd459c7c25794d5eb753a8d3e7d3ff46fb00c2fdd', 'sha256': 'eea191a2acddb9880a805793b3700c0509dce66e9fc803dcec58868c24ff30a0'}, 'dob': {'date': '1996-11-30T17:46:18.482Z', 'age': 27}, 'registered': {'date': '2007-03-13T06:51:59.743Z', 'age': 17}, 'phone': '07-764-714', 'cell': '047-400-71-77', 'id': {'name': 'HETU', 'value': 'NaNNA388undefined'}, 'picture': {'large': 'https://randomuser.me/api/portraits/women/78.jpg', 'medium': 'https://randomuser.me/api/portraits/med/women/78.jpg', 'thumbnail': 'https://randomuser.me/api/portraits/thumb/women/78.jpg'}, 'nat': 'FI'}</msg>
<arg>${json_data['results'][0]}</arg>
<doc>Logs the given message with the given level.</doc>
<status status="PASS" start="2024-05-10T01:02:28.177648" elapsed="0.000407"/>
</kw>
<kw name="Log" owner="BuiltIn">
<msg time="2024-05-10T01:02:28.178479" level="INFO">location</msg>
<arg>${key}</arg>
<doc>Logs the given message with the given level.</doc>
<status status="PASS" start="2024-05-10T01:02:28.178352" elapsed="0.000165"/>
</kw>
<var name="${key}">location</var>
<status status="PASS" start="2024-05-10T01:02:28.176803" elapsed="0.001930"/>
</iter>
<iter>
<kw name="Dictionary Should Contain Key" owner="Collections">
<msg time="2024-05-10T01:02:28.179447" level="INFO">False</msg>
<arg>${json_data['results'][0]}</arg>
<arg>${key}</arg>
<doc>Fails if ``key`` is not found from ``dictionary``.</doc>
<status status="PASS" start="2024-05-10T01:02:28.179020" elapsed="0.000466"/>
</kw>
<kw name="Log" owner="BuiltIn">
<msg time="2024-05-10T01:02:28.180156" level="INFO">{'gender': 'female', 'name': {'title': 'Mrs', 'first': 'Iida', 'last': 'Hamalainen'}, 'location': {'street': {'number': 3236, 'name': 'Suvantokatu'}, 'city': 'Ii', 'state': 'Tavastia Proper', 'country': 'Finland', 'postcode': 78654, 'coordinates': {'latitude': '-23.8839', 'longitude': '62.6597'}, 'timezone': {'offset': '-4:00', 'description': 'Atlantic Time (Canada), Caracas, La Paz'}}, 'email': 'iida.hamalainen@example.com', 'login': {'uuid': '51945d2d-c471-4ac1-a1e3-c7e3cbca6b17', 'username': 'brownrabbit541', 'password': 'tottenham', 'salt': 'rCeOXfhh', 'md5': 'bd8632a2c60687578f516395c6405ac3', 'sha1': 'd459c7c25794d5eb753a8d3e7d3ff46fb00c2fdd', 'sha256': 'eea191a2acddb9880a805793b3700c0509dce66e9fc803dcec58868c24ff30a0'}, 'dob': {'date': '1996-11-30T17:46:18.482Z', 'age': 27}, 'registered': {'date': '2007-03-13T06:51:59.743Z', 'age': 17}, 'phone': '07-764-714', 'cell': '047-400-71-77', 'id': {'name': 'HETU', 'value': 'NaNNA388undefined'}, 'picture': {'large': 'https://randomuser.me/api/portraits/women/78.jpg', 'medium': 'https://randomuser.me/api/portraits/med/women/78.jpg', 'thumbnail': 'https://randomuser.me/api/portraits/thumb/women/78.jpg'}, 'nat': 'FI'}</msg>
<arg>${json_data['results'][0]}</arg>
<doc>Logs the given message with the given level.</doc>
<status status="PASS" start="2024-05-10T01:02:28.179790" elapsed="0.000415"/>
</kw>
<kw name="Log" owner="BuiltIn">
<msg time="2024-05-10T01:02:28.180626" level="INFO">email</msg>
<arg>${key}</arg>
<doc>Logs the given message with the given level.</doc>
<status status="PASS" start="2024-05-10T01:02:28.180500" elapsed="0.000163"/>
</kw>
<var name="${key}">email</var>
<status status="PASS" start="2024-05-10T01:02:28.178908" elapsed="0.001970"/>
</iter>
<iter>
<kw name="Dictionary Should Contain Key" owner="Collections">
<msg time="2024-05-10T01:02:28.181551" level="INFO">False</msg>
<arg>${json_data['results'][0]}</arg>
<arg>${key}</arg>
<doc>Fails if ``key`` is not found from ``dictionary``.</doc>
<status status="PASS" start="2024-05-10T01:02:28.181162" elapsed="0.000428"/>
</kw>
<kw name="Log" owner="BuiltIn">
<msg time="2024-05-10T01:02:28.182254" level="INFO">{'gender': 'female', 'name': {'title': 'Mrs', 'first': 'Iida', 'last': 'Hamalainen'}, 'location': {'street': {'number': 3236, 'name': 'Suvantokatu'}, 'city': 'Ii', 'state': 'Tavastia Proper', 'country': 'Finland', 'postcode': 78654, 'coordinates': {'latitude': '-23.8839', 'longitude': '62.6597'}, 'timezone': {'offset': '-4:00', 'description': 'Atlantic Time (Canada), Caracas, La Paz'}}, 'email': 'iida.hamalainen@example.com', 'login': {'uuid': '51945d2d-c471-4ac1-a1e3-c7e3cbca6b17', 'username': 'brownrabbit541', 'password': 'tottenham', 'salt': 'rCeOXfhh', 'md5': 'bd8632a2c60687578f516395c6405ac3', 'sha1': 'd459c7c25794d5eb753a8d3e7d3ff46fb00c2fdd', 'sha256': 'eea191a2acddb9880a805793b3700c0509dce66e9fc803dcec58868c24ff30a0'}, 'dob': {'date': '1996-11-30T17:46:18.482Z', 'age': 27}, 'registered': {'date': '2007-03-13T06:51:59.743Z', 'age': 17}, 'phone': '07-764-714', 'cell': '047-400-71-77', 'id': {'name': 'HETU', 'value': 'NaNNA388undefined'}, 'picture': {'large': 'https://randomuser.me/api/portraits/women/78.jpg', 'medium': 'https://randomuser.me/api/portraits/med/women/78.jpg', 'thumbnail': 'https://randomuser.me/api/portraits/thumb/women/78.jpg'}, 'nat': 'FI'}</msg>
<arg>${json_data['results'][0]}</arg>
<doc>Logs the given message with the given level.</doc>
<status status="PASS" start="2024-05-10T01:02:28.181884" elapsed="0.000417"/>
</kw>
<kw name="Log" owner="BuiltIn">
<msg time="2024-05-10T01:02:28.182728" level="INFO">login</msg>
<arg>${key}</arg>
<doc>Logs the given message with the given level.</doc>
<status status="PASS" start="2024-05-10T01:02:28.182601" elapsed="0.000198"/>
</kw>
<var name="${key}">login</var>
<status status="PASS" start="2024-05-10T01:02:28.181050" elapsed="0.001975"/>
</iter>
<var>${key}</var>
<value>@{expected_keys}</value>
<status status="PASS" start="2024-05-10T01:02:28.172230" elapsed="0.010917"/>
</for>
<kw name="Create List" owner="BuiltIn">
<msg time="2024-05-10T01:02:28.183522" level="INFO">${expected_keysTwo} = ['username', 'password']</msg>
<var>${expected_keysTwo}</var>
<arg>username</arg>
<arg>password</arg>
<doc>Returns a list containing given items.</doc>
<status status="PASS" start="2024-05-10T01:02:28.183367" elapsed="0.000179"/>
</kw>
<for flavor="IN">
<iter>
<kw name="Dictionary Should Contain Key" owner="Collections">
<msg time="2024-05-10T01:02:28.184448" level="INFO">False</msg>
<arg>${json_data['results'][0]['login']}</arg>
<arg>${keyTwo}</arg>
<doc>Fails if ``key`` is not found from ``dictionary``.</doc>
<status status="PASS" start="2024-05-10T01:02:28.184058" elapsed="0.000427"/>
</kw>
<kw name="Dictionary Should Contain Key" owner="Collections">
<msg time="2024-05-10T01:02:28.185165" level="INFO">False</msg>
<arg>${json_data['results'][0]['login']}</arg>
<arg>${keyTwo}</arg>
<doc>Fails if ``key`` is not found from ``dictionary``.</doc>
<status status="PASS" start="2024-05-10T01:02:28.184781" elapsed="0.000423"/>
</kw>
<kw name="Log" owner="BuiltIn">
<msg time="2024-05-10T01:02:28.185620" level="INFO">username</msg>
<arg>${keyTwo}</arg>
<doc>Logs the given message with the given level.</doc>
<status status="PASS" start="2024-05-10T01:02:28.185494" elapsed="0.000169"/>
</kw>
<var name="${keyTwo}">username</var>
<status status="PASS" start="2024-05-10T01:02:28.183947" elapsed="0.001929"/>
</iter>
<iter>
<kw name="Dictionary Should Contain Key" owner="Collections">
<msg time="2024-05-10T01:02:28.186635" level="INFO">False</msg>
<arg>${json_data['results'][0]['login']}</arg>
<arg>${keyTwo}</arg>
<doc>Fails if ``key`` is not found from ``dictionary``.</doc>
<status status="PASS" start="2024-05-10T01:02:28.186169" elapsed="0.000507"/>
</kw>
<kw name="Dictionary Should Contain Key" owner="Collections">
<msg time="2024-05-10T01:02:28.187380" level="INFO">False</msg>
<arg>${json_data['results'][0]['login']}</arg>
<arg>${keyTwo}</arg>
<doc>Fails if ``key`` is not found from ``dictionary``.</doc>
<status status="PASS" start="2024-05-10T01:02:28.186979" elapsed="0.000442"/>
</kw>
<kw name="Log" owner="BuiltIn">
<msg time="2024-05-10T01:02:28.187856" level="INFO">password</msg>
<arg>${keyTwo}</arg>
<doc>Logs the given message with the given level.</doc>
<status status="PASS" start="2024-05-10T01:02:28.187729" elapsed="0.000164"/>
</kw>
<var name="${keyTwo}">password</var>
<status status="PASS" start="2024-05-10T01:02:28.186048" elapsed="0.002061"/>
</iter>
<var>${keyTwo}</var>
<value>@{expected_keysTwo}</value>
<status status="PASS" start="2024-05-10T01:02:28.183794" elapsed="0.004437"/>
</for>
<status status="PASS" start="2024-05-10T01:02:28.069876" elapsed="0.118492"/>
</kw>
<doc>Testa a estrutura da resposta da API.</doc>
<tag>testeEstruturaResposta</tag>
<status status="PASS" start="2024-05-10T01:02:28.069094" elapsed="0.119422"/>
</test>
<test id="s1-s1-t4" name="Validar tipos de dados" line="28">
<kw name="Teste de Tipos de Dados" owner="random-user-service">
<kw name="GET On Session" owner="RequestsLibrary">
<msg time="2024-05-10T01:02:28.261605" level="INFO">GET Request : url=https://randomuser.me/api 
 path_url=/api 
 headers={'User-Agent': 'python-requests/2.31.0', 'Accept-Encoding': 'gzip, deflate', 'Accept': '*/*', 'Connection': 'keep-alive'} 
 body=None 
 </msg>
<msg time="2024-05-10T01:02:28.261681" level="INFO">GET Response : url=https://randomuser.me/api 
 status=200, reason=OK 
 headers={'Date': 'Fri, 10 May 2024 01:02:28 GMT', 'Content-Type': 'application/json; charset=utf-8', 'Transfer-Encoding': 'chunked', 'Connection': 'keep-alive', 'X-Powered-By': 'Express', 'Access-Control-Allow-Origin': '*', 'Cache-Control': 'no-cache', 'ETag': 'W/"477-wQpPnJK4sdOGJTbv4bNYHlOLFNY"', 'Vary': 'Accept-Encoding', 'Content-Encoding': 'gzip', 'CF-Cache-Status': 'DYNAMIC', 'Report-To': '{"endpoints":[{"url":"https:\\/\\/a.nel.cloudflare.com\\/report\\/v4?s=q8TAtxHRP5W%2FJ%2FVAyVPz%2BPUJYwMBGbPp5ly42zQ2ApbuOERdGWCogWivGXMv6gaMzVicTyIfL%2B3yrT7rRSbGjd%2BK1feXWUjGuFk1fArq5E5XWY4vDDqPhgP7iXNA7zJK"}],"group":"cf-nel","max_age":604800}', 'NEL': '{"success_fraction":0,"report_to":"cf-nel","max_age":604800}', 'Server': 'cloudflare', 'CF-RAY': '881601023f6472ef-IAD', 'alt-svc': 'h3=":443"; ma=86400'} 
 body={"results":[{"gender":"male","name":{"title":"Mr","first":"Paul","last":"Montgomery"},"location":{"street":{"number":1935,"name":"The Grove"},"city":"Bandon","state":"Louth","country":"Ireland","postcode":29850,"coordinates":{"latitude":"-1.5752","longitude":"-163.4152"},"timezone":{"offset":"-11:00","description":"Midway Island, Samoa"}},"email":"paul.montgomery@example.com","login":{"uuid":"c903e193-8714-4340-b881-56b4d100a5b9","username":"lazybutterfly382","password":"link","salt":"IEgrosbR","md5":"3508c649a921e043455889eceb055e1b","sha1":"59a2d40f1804fa06d62b8c2a93ce1e78138b8b9b","sha256":"ba06a9f592ed70dec04113a3a8bcf0bf2605f29d92472a35cb23ea1201d84d41"},"dob":{"date":"1967-06-05T23:42:51.223Z","age":56},"registered":{"date":"2016-03-15T15:13:40.509Z","age":8},"phone":"061-100-6376","cell":"081-940-4982","id":{"name":"PPS","value":"3715916T"},"picture":{"large":"https://randomuser.me/api/portraits/men/27.jpg","medium":"https://randomuser.me/api/portraits/med/men/27.jpg","thumbnail":"https://randomuser.me/api/portraits/thumb/men/27.jpg"},"nat":"IE"}],"info":{"seed":"feae7c2646aaaeb2","results":1,"page":1,"version":"1.4"}} 
 </msg>
<msg time="2024-05-10T01:02:28.261744" level="INFO">/opt/hostedtoolcache/Python/3.12.3/x64/lib/python3.12/site-packages/urllib3/connectionpool.py:1103: InsecureRequestWarning: Unverified HTTPS request is being made to host 'randomuser.me'. Adding certificate verification is strongly advised. See: https://urllib3.readthedocs.io/en/latest/advanced-usage.html#tls-warnings
  warnings.warn(</msg>
<msg time="2024-05-10T01:02:28.261828" level="INFO">${response} = &lt;Response [200]&gt;</msg>
<var>${response}</var>
<arg>consultarAPI</arg>
<arg>/api</arg>
<doc>Sends a GET request on a previously created HTTP Session.</doc>
<status status="PASS" start="2024-05-10T01:02:28.190937" elapsed="0.070923"/>
</kw>
<kw name="Set Variable" owner="BuiltIn">
<msg time="2024-05-10T01:02:28.262803" level="INFO">${json_data} = {'results': [{'gender': 'male', 'name': {'title': 'Mr', 'first': 'Paul', 'last': 'Montgomery'}, 'location': {'street': {'number': 1935, 'name': 'The Grove'}, 'city': 'Bandon', 'state': 'Louth', 'count...</msg>
<var>${json_data}</var>
<arg>${response.json()}</arg>
<doc>Returns the given values which can then be assigned to a variables.</doc>
<status status="PASS" start="2024-05-10T01:02:28.262327" elapsed="0.000504"/>
</kw>
<kw name="Log" owner="BuiltIn">
<msg time="2024-05-10T01:02:28.263284" level="INFO">{'results': [{'gender': 'male', 'name': {'title': 'Mr', 'first': 'Paul', 'last': 'Montgomery'}, 'location': {'street': {'number': 1935, 'name': 'The Grove'}, 'city': 'Bandon', 'state': 'Louth', 'country': 'Ireland', 'postcode': 29850, 'coordinates': {'latitude': '-1.5752', 'longitude': '-163.4152'}, 'timezone': {'offset': '-11:00', 'description': 'Midway Island, Samoa'}}, 'email': 'paul.montgomery@example.com', 'login': {'uuid': 'c903e193-8714-4340-b881-56b4d100a5b9', 'username': 'lazybutterfly382', 'password': 'link', 'salt': 'IEgrosbR', 'md5': '3508c649a921e043455889eceb055e1b', 'sha1': '59a2d40f1804fa06d62b8c2a93ce1e78138b8b9b', 'sha256': 'ba06a9f592ed70dec04113a3a8bcf0bf2605f29d92472a35cb23ea1201d84d41'}, 'dob': {'date': '1967-06-05T23:42:51.223Z', 'age': 56}, 'registered': {'date': '2016-03-15T15:13:40.509Z', 'age': 8}, 'phone': '061-100-6376', 'cell': '081-940-4982', 'id': {'name': 'PPS', 'value': '3715916T'}, 'picture': {'large': 'https://randomuser.me/api/portraits/men/27.jpg', 'medium': 'https://randomuser.me/api/portraits/med/men/27.jpg', 'thumbnail': 'https://randomuser.me/api/portraits/thumb/men/27.jpg'}, 'nat': 'IE'}], 'info': {'seed': 'feae7c2646aaaeb2', 'results': 1, 'page': 1, 'version': '1.4'}}</msg>
<arg>${json_data}</arg>
<doc>Logs the given message with the given level.</doc>
<status status="PASS" start="2024-05-10T01:02:28.263133" elapsed="0.000258"/>
</kw>
<kw name="Should Be String" owner="String">
<arg>${json_data['results'][0]['gender']}</arg>
<doc>Fails if the given ``item`` is not a string.</doc>
<status status="PASS" start="2024-05-10T01:02:28.263709" elapsed="0.000370"/>
</kw>
<kw name="Should Match Regexp" owner="BuiltIn">
<arg>${json_data['results'][0]['email']}</arg>
<arg>^[a-zA-Z0-9._%+-]+@[a-zA-Z0-9.-]+\.[a-zA-Z]{2,}$</arg>
<doc>Fails if ``string`` does not match ``pattern`` as a regular expression.</doc>
<status status="PASS" start="2024-05-10T01:02:28.264276" elapsed="0.000517"/>
</kw>
<kw name="Should Match Regexp" owner="BuiltIn">
<arg>${json_data['results'][0]['dob']['date']}</arg>
<arg>\\d{4}-\\d{2}-\\d{2}T\\d{2}:\\d{2}:\\d{2}\\.\\d{3}Z</arg>
<doc>Fails if ``string`` does not match ``pattern`` as a regular expression.</doc>
<status status="PASS" start="2024-05-10T01:02:28.264988" elapsed="0.000524"/>
</kw>
<kw name="Should Match Regexp" owner="BuiltIn">
<arg>${json_data['results'][0]['registered']['date']}</arg>
<arg>\\d{4}-\\d{2}-\\d{2}T\\d{2}:\\d{2}:\\d{2}\\.\\d{3}Z</arg>
<doc>Fails if ``string`` does not match ``pattern`` as a regular expression.</doc>
<status status="PASS" start="2024-05-10T01:02:28.265706" elapsed="0.000375"/>
</kw>
<kw name="Should Match Regexp" owner="BuiltIn">
<arg>${json_data['results'][0]['picture']['large']}</arg>
<arg>^https?://.*\.(?:png|jpe?g|gif|bmp)$</arg>
<doc>Fails if ``string`` does not match ``pattern`` as a regular expression.</doc>
<status status="PASS" start="2024-05-10T01:02:28.266271" elapsed="0.000454"/>
</kw>
<kw name="Should Match Regexp" owner="BuiltIn">
<arg>${json_data['results'][0]['picture']['medium']}</arg>
<arg>^https?://.*\.(?:png|jpe?g|gif|bmp)$</arg>
<doc>Fails if ``string`` does not match ``pattern`` as a regular expression.</doc>
<status status="PASS" start="2024-05-10T01:02:28.266911" elapsed="0.000358"/>
</kw>
<kw name="Should Match Regexp" owner="BuiltIn">
<arg>${json_data['results'][0]['picture']['thumbnail']}</arg>
<arg>^https?://.*\.(?:png|jpe?g|gif|bmp)$</arg>
<doc>Fails if ``string`` does not match ``pattern`` as a regular expression.</doc>
<status status="PASS" start="2024-05-10T01:02:28.267493" elapsed="0.000366"/>
</kw>
<kw name="Log" owner="BuiltIn">
<msg time="2024-05-10T01:02:28.268362" level="INFO">{'large': 'https://randomuser.me/api/portraits/men/27.jpg', 'medium': 'https://randomuser.me/api/portraits/med/men/27.jpg', 'thumbnail': 'https://randomuser.me/api/portraits/thumb/men/27.jpg'}</msg>
<arg>${json_data['results'][0]['picture']}</arg>
<doc>Logs the given message with the given level.</doc>
<status status="PASS" start="2024-05-10T01:02:28.268041" elapsed="0.000363"/>
</kw>
<status status="PASS" start="2024-05-10T01:02:28.190711" elapsed="0.077943"/>
</kw>
<kw name="Teste de Tipos de Dados - Postcode" owner="random-user-service">
<kw name="GET On Session" owner="RequestsLibrary">
<msg time="2024-05-10T01:02:28.362652" level="INFO">GET Request : url=https://randomuser.me/api 
 path_url=/api 
 headers={'User-Agent': 'python-requests/2.31.0', 'Accept-Encoding': 'gzip, deflate', 'Accept': '*/*', 'Connection': 'keep-alive'} 
 body=None 
 </msg>
<msg time="2024-05-10T01:02:28.362741" level="INFO">GET Response : url=https://randomuser.me/api 
 status=200, reason=OK 
 headers={'Date': 'Fri, 10 May 2024 01:02:28 GMT', 'Content-Type': 'application/json; charset=utf-8', 'Transfer-Encoding': 'chunked', 'Connection': 'keep-alive', 'X-Powered-By': 'Express', 'Access-Control-Allow-Origin': '*', 'Cache-Control': 'no-cache', 'ETag': 'W/"4b2-DwHmUwB9JKzAXm02InGGICMD0ms"', 'Vary': 'Accept-Encoding', 'Content-Encoding': 'gzip', 'CF-Cache-Status': 'DYNAMIC', 'Report-To': '{"endpoints":[{"url":"https:\\/\\/a.nel.cloudflare.com\\/report\\/v4?s=dPWdbn0ewojsm0a9GbiViz8Z3Hk61WJsb7kILmPhtoo1OzwUW9BcPQP4GwgvzlkCSgqrLRKVuZA%2F60n3eb2mJQanc372U%2BYwrSSVpdAXS%2FYioRYcdy%2F66ohFcF6UBZLO"}],"group":"cf-nel","max_age":604800}', 'NEL': '{"success_fraction":0,"report_to":"cf-nel","max_age":604800}', 'Server': 'cloudflare', 'CF-RAY': '88160102b8a372ef-IAD', 'alt-svc': 'h3=":443"; ma=86400'} 
 body={"results":[{"gender":"female","name":{"title":"Mrs","first":"Socorro","last":"Aguirre"},"location":{"street":{"number":7397,"name":"Periférico Norte Rendón"},"city":"Santa Matilde","state":"Michoacan","country":"Mexico","postcode":76438,"coordinates":{"latitude":"27.8313","longitude":"151.4162"},"timezone":{"offset":"+8:00","description":"Beijing, Perth, Singapore, Hong Kong"}},"email":"socorro.aguirre@example.com","login":{"uuid":"e07dbcc7-b5b8-44b4-8c90-4249026bd1ab","username":"angryfish236","password":"metallica","salt":"tTGrUqrW","md5":"421e0dced48ba63d794e356e799573e3","sha1":"44fc628c3f92ea3ed99cb0a449df84e5d0ecb985","sha256":"e48c080e80795848728a6c8e12bbcf358a445f1a4960e9a55e67cabff15e3dca"},"dob":{"date":"1960-06-18T20:17:48.187Z","age":63},"registered":{"date":"2013-11-15T08:05:59.617Z","age":10},"phone":"(613) 780 6798","cell":"(679) 255 7758","id":{"name":"NSS","value":"98 59 70 3363 9"},"picture":{"large":"https://randomuser.me/api/portraits/women/5.jpg","medium":"https://randomuser.me/api/portraits/med/women/5.jpg","thumbnail":"https://randomuser.me/api/portraits/thumb/women/5.jpg"},"nat":"MX"}],"info":{"seed":"1d3beb17a9dabd61","results":1,"page":1,"version":"1.4"}} 
 </msg>
<msg time="2024-05-10T01:02:28.362826" level="INFO">/opt/hostedtoolcache/Python/3.12.3/x64/lib/python3.12/site-packages/urllib3/connectionpool.py:1103: InsecureRequestWarning: Unverified HTTPS request is being made to host 'randomuser.me'. Adding certificate verification is strongly advised. See: https://urllib3.readthedocs.io/en/latest/advanced-usage.html#tls-warnings
  warnings.warn(</msg>
<msg time="2024-05-10T01:02:28.362913" level="INFO">${response} = &lt;Response [200]&gt;</msg>
<var>${response}</var>
<arg>consultarAPI</arg>
<arg>/api</arg>
<doc>Sends a GET request on a previously created HTTP Session.</doc>
<status status="PASS" start="2024-05-10T01:02:28.269081" elapsed="0.093873"/>
</kw>
<kw name="Set Variable" owner="BuiltIn">
<msg time="2024-05-10T01:02:28.363927" level="INFO">${json_data} = {'results': [{'gender': 'female', 'name': {'title': 'Mrs', 'first': 'Socorro', 'last': 'Aguirre'}, 'location': {'street': {'number': 7397, 'name': 'Periférico Norte Rendón'}, 'city': 'Santa Matilde', ...</msg>
<var>${json_data}</var>
<arg>${response.json()}</arg>
<doc>Returns the given values which can then be assigned to a variables.</doc>
<status status="PASS" start="2024-05-10T01:02:28.363434" elapsed="0.000521"/>
</kw>
<kw name="Log" owner="BuiltIn">
<msg time="2024-05-10T01:02:28.364415" level="INFO">{'results': [{'gender': 'female', 'name': {'title': 'Mrs', 'first': 'Socorro', 'last': 'Aguirre'}, 'location': {'street': {'number': 7397, 'name': 'Periférico Norte Rendón'}, 'city': 'Santa Matilde', 'state': 'Michoacan', 'country': 'Mexico', 'postcode': 76438, 'coordinates': {'latitude': '27.8313', 'longitude': '151.4162'}, 'timezone': {'offset': '+8:00', 'description': 'Beijing, Perth, Singapore, Hong Kong'}}, 'email': 'socorro.aguirre@example.com', 'login': {'uuid': 'e07dbcc7-b5b8-44b4-8c90-4249026bd1ab', 'username': 'angryfish236', 'password': 'metallica', 'salt': 'tTGrUqrW', 'md5': '421e0dced48ba63d794e356e799573e3', 'sha1': '44fc628c3f92ea3ed99cb0a449df84e5d0ecb985', 'sha256': 'e48c080e80795848728a6c8e12bbcf358a445f1a4960e9a55e67cabff15e3dca'}, 'dob': {'date': '1960-06-18T20:17:48.187Z', 'age': 63}, 'registered': {'date': '2013-11-15T08:05:59.617Z', 'age': 10}, 'phone': '(613) 780 6798', 'cell': '(679) 255 7758', 'id': {'name': 'NSS', 'value': '98 59 70 3363 9'}, 'picture': {'large': 'https://randomuser.me/api/portraits/women/5.jpg', 'medium': 'https://randomuser.me/api/portraits/med/women/5.jpg', 'thumbnail': 'https://randomuser.me/api/portraits/thumb/women/5.jpg'}, 'nat': 'MX'}], 'info': {'seed': '1d3beb17a9dabd61', 'results': 1, 'page': 1, 'version': '1.4'}}</msg>
<arg>${json_data}</arg>
<doc>Logs the given message with the given level.</doc>
<status status="PASS" start="2024-05-10T01:02:28.364260" elapsed="0.000234"/>
</kw>
<kw name="Should Be Equal As Numbers" owner="BuiltIn">
<arg>${json_data['results'][0]['location']['postcode']}</arg>
<arg>${json_data['results'][0]['location']['postcode']}</arg>
<doc>Fails if objects are unequal after converting them to real numbers.</doc>
<status status="PASS" start="2024-05-10T01:02:28.364921" elapsed="0.000619"/>
</kw>
<kw name="Log" owner="BuiltIn">
<msg time="2024-05-10T01:02:28.366077" level="INFO">76438</msg>
<arg>${json_data['results'][0]['location']['postcode']}</arg>
<doc>Logs the given message with the given level.</doc>
<status status="PASS" start="2024-05-10T01:02:28.365735" elapsed="0.000383"/>
</kw>
<status status="PASS" start="2024-05-10T01:02:28.268866" elapsed="0.097500"/>
</kw>
<doc>Testa se os tipos de dados na resposta da API estão corretos.</doc>
<tag>testeTiposDados</tag>
<status status="PASS" start="2024-05-10T01:02:28.190267" elapsed="0.176260"/>
</test>
<test id="s1-s1-t5" name="Validar conteudo" line="35">
<kw name="Teste de Tipos de Conteudo" owner="random-user-service">
<kw name="GET On Session" owner="RequestsLibrary">
<msg time="2024-05-10T01:02:28.461037" level="INFO">GET Request : url=https://randomuser.me/api 
 path_url=/api 
 headers={'User-Agent': 'python-requests/2.31.0', 'Accept-Encoding': 'gzip, deflate', 'Accept': '*/*', 'Connection': 'keep-alive'} 
 body=None 
 </msg>
<msg time="2024-05-10T01:02:28.461102" level="INFO">GET Response : url=https://randomuser.me/api 
 status=200, reason=OK 
 headers={'Date': 'Fri, 10 May 2024 01:02:28 GMT', 'Content-Type': 'application/json; charset=utf-8', 'Transfer-Encoding': 'chunked', 'Connection': 'keep-alive', 'X-Powered-By': 'Express', 'Access-Control-Allow-Origin': '*', 'Cache-Control': 'no-cache', 'ETag': 'W/"497-7QPMlyyqLMCYY58v83Jc/b8dghE"', 'Vary': 'Accept-Encoding', 'Content-Encoding': 'gzip', 'CF-Cache-Status': 'DYNAMIC', 'Report-To': '{"endpoints":[{"url":"https:\\/\\/a.nel.cloudflare.com\\/report\\/v4?s=vQ7kkZrVHydMoipK854CVzshhuKO4FJXKf73ZkkP7WWFZETFaZhoVoH0e3%2B3JSB2kqxc74%2F%2FD5uudZJMqw3O3rK5hoVwFrUi%2B4WaDMvBNMWhtiJRNd87qMMhimzlJm9u"}],"group":"cf-nel","max_age":604800}', 'NEL': '{"success_fraction":0,"report_to":"cf-nel","max_age":604800}', 'Server': 'cloudflare', 'CF-RAY': '881601035a0e72ef-IAD', 'alt-svc': 'h3=":443"; ma=86400'} 
 body={"results":[{"gender":"female","name":{"title":"Mrs","first":"Lauren","last":"Rice"},"location":{"street":{"number":2027,"name":"North Road"},"city":"Plymouth","state":"County Antrim","country":"United Kingdom","postcode":"CA1 6HL","coordinates":{"latitude":"-9.9161","longitude":"106.6303"},"timezone":{"offset":"-11:00","description":"Midway Island, Samoa"}},"email":"lauren.rice@example.com","login":{"uuid":"9c6038a2-e7c3-42b1-a20a-c663262aaab7","username":"purplepeacock448","password":"159357","salt":"CUmiTfyk","md5":"df78bcee00f823d43c017413d6691dcc","sha1":"1e408844bbe75692efa03561dbb1ed0c49ec2d7f","sha256":"58d3cf753848e2f3c195d8cb8a78be69b1447d9a3994671cb4a4480fd000e29b"},"dob":{"date":"1968-06-30T22:19:18.900Z","age":55},"registered":{"date":"2007-03-19T10:55:08.259Z","age":17},"phone":"0131 562 1661","cell":"07441 588153","id":{"name":"NINO","value":"OR 48 15 95 I"},"picture":{"large":"https://randomuser.me/api/portraits/women/12.jpg","medium":"https://randomuser.me/api/portraits/med/women/12.jpg","thumbnail":"https://randomuser.me/api/portraits/thumb/women/12.jpg"},"nat":"GB"}],"info":{"seed":"5f358d618b1d0a6f","results":1,"page":1,"version":"1.4"}} 
 </msg>
<msg time="2024-05-10T01:02:28.461164" level="INFO">/opt/hostedtoolcache/Python/3.12.3/x64/lib/python3.12/site-packages/urllib3/connectionpool.py:1103: InsecureRequestWarning: Unverified HTTPS request is being made to host 'randomuser.me'. Adding certificate verification is strongly advised. See: https://urllib3.readthedocs.io/en/latest/advanced-usage.html#tls-warnings
  warnings.warn(</msg>
<msg time="2024-05-10T01:02:28.461249" level="INFO">${response} = &lt;Response [200]&gt;</msg>
<var>${response}</var>
<arg>consultarAPI</arg>
<arg>/api</arg>
<doc>Sends a GET request on a previously created HTTP Session.</doc>
<status status="PASS" start="2024-05-10T01:02:28.369022" elapsed="0.092253"/>
</kw>
<kw name="Set Variable" owner="BuiltIn">
<msg time="2024-05-10T01:02:28.462209" level="INFO">${json_data} = {'results': [{'gender': 'female', 'name': {'title': 'Mrs', 'first': 'Lauren', 'last': 'Rice'}, 'location': {'street': {'number': 2027, 'name': 'North Road'}, 'city': 'Plymouth', 'state': 'County Antri...</msg>
<var>${json_data}</var>
<arg>${response.json()}</arg>
<doc>Returns the given values which can then be assigned to a variables.</doc>
<status status="PASS" start="2024-05-10T01:02:28.461740" elapsed="0.000497"/>
</kw>
<kw name="Set Variable" owner="BuiltIn">
<msg time="2024-05-10T01:02:28.462921" level="INFO">${name_title} = Mrs</msg>
<var>${name_title}</var>
<arg>${json_data["results"][0]["name"]["title"]}</arg>
<doc>Returns the given values which can then be assigned to a variables.</doc>
<status status="PASS" start="2024-05-10T01:02:28.462538" elapsed="0.000408"/>
</kw>
<kw name="Create List" owner="BuiltIn">
<msg time="2024-05-10T01:02:28.463435" level="INFO">${allowed_titles} = ['Mr', 'Ms', 'Miss', 'Mrs', 'Madame', 'Monsieur']</msg>
<var>${allowed_titles}</var>
<arg>Mr</arg>
<arg>Ms</arg>
<arg>Miss</arg>
<arg>Mrs</arg>
<arg>Madame</arg>
<arg>Monsieur</arg>
<doc>Returns a list containing given items.</doc>
<status status="PASS" start="2024-05-10T01:02:28.463244" elapsed="0.000217"/>
</kw>
<kw name="List Should Contain Value" owner="Collections">
<msg time="2024-05-10T01:02:28.463929" level="INFO">False</msg>
<arg>${allowed_titles}</arg>
<arg>${name_title}</arg>
<doc>Fails if the ``value`` is not found from ``list``.</doc>
<status status="PASS" start="2024-05-10T01:02:28.463761" elapsed="0.000205"/>
</kw>
<kw name="Set Variable" owner="BuiltIn">
<msg time="2024-05-10T01:02:28.464639" level="INFO">${name_country} = GB</msg>
<var>${name_country}</var>
<arg>${json_data["results"][0]["nat"]}</arg>
<doc>Returns the given values which can then be assigned to a variables.</doc>
<status status="PASS" start="2024-05-10T01:02:28.464256" elapsed="0.000407"/>
</kw>
<kw name="Create List" owner="BuiltIn">
<msg time="2024-05-10T01:02:28.465557" level="INFO">${list_country} = ['AD', 'AE', 'AF', 'AG', 'AI', 'AL', 'AM', 'AO', 'AQ', 'AR', 'AS', 'AT', 'AU', 'AW', 'AX', 'AZ', 'BA', 'BB', 'BD', 'BE', 'BF', 'BG', 'BH', 'BI', 'BJ', 'BL', 'BM', 'BN', 'BO', 'BQ', 'BR', 'BS', 'BT', '...</msg>
<var>${list_country}</var>
<arg>AD</arg>
<arg>AE</arg>
<arg>AF</arg>
<arg>AG</arg>
<arg>AI</arg>
<arg>AL</arg>
<arg>AM</arg>
<arg>AO</arg>
<arg>AQ</arg>
<arg>AR</arg>
<arg>AS</arg>
<arg>AT</arg>
<arg>AU</arg>
<arg>AW</arg>
<arg>AX</arg>
<arg>AZ</arg>
<arg>BA</arg>
<arg>BB</arg>
<arg>BD</arg>
<arg>BE</arg>
<arg>BF</arg>
<arg>BG</arg>
<arg>BH</arg>
<arg>BI</arg>
<arg>BJ</arg>
<arg>BL</arg>
<arg>BM</arg>
<arg>BN</arg>
<arg>BO</arg>
<arg>BQ</arg>
<arg>BR</arg>
<arg>BS</arg>
<arg>BT</arg>
<arg>BV</arg>
<arg>BW</arg>
<arg>BY</arg>
<arg>BZ</arg>
<arg>CA</arg>
<arg>CC</arg>
<arg>CD</arg>
<arg>CF</arg>
<arg>CG</arg>
<arg>CH</arg>
<arg>CI</arg>
<arg>CK</arg>
<arg>CL</arg>
<arg>CM</arg>
<arg>CN</arg>
<arg>CO</arg>
<arg>CR</arg>
<arg>CU</arg>
<arg>CV</arg>
<arg>CW</arg>
<arg>CX</arg>
<arg>CY</arg>
<arg>CZ</arg>
<arg>DE</arg>
<arg>DJ</arg>
<arg>DK</arg>
<arg>DM</arg>
<arg>DO</arg>
<arg>DZ</arg>
<arg>EC</arg>
<arg>EE</arg>
<arg>EG</arg>
<arg>EH</arg>
<arg>ER</arg>
<arg>ES</arg>
<arg>ET</arg>
<arg>FI</arg>
<arg>FJ</arg>
<arg>FK</arg>
<arg>FM</arg>
<arg>FO</arg>
<arg>FR</arg>
<arg>GA</arg>
<arg>GB</arg>
<arg>GD</arg>
<arg>GE</arg>
<arg>GF</arg>
<arg>GG</arg>
<arg>GH</arg>
<arg>GI</arg>
<arg>GL</arg>
<arg>GM</arg>
<arg>GN</arg>
<arg>GP</arg>
<arg>GQ</arg>
<arg>GR</arg>
<arg>GS</arg>
<arg>GT</arg>
<arg>GU</arg>
<arg>GW</arg>
<arg>GY</arg>
<arg>HK</arg>
<arg>HM</arg>
<arg>HN</arg>
<arg>HR</arg>
<arg>HT</arg>
<arg>HU</arg>
<arg>ID</arg>
<arg>IE</arg>
<arg>IL</arg>
<arg>IM</arg>
<arg>IN</arg>
<arg>IO</arg>
<arg>IQ</arg>
<arg>IR</arg>
<arg>IS</arg>
<arg>IT</arg>
<arg>JE</arg>
<arg>JM</arg>
<arg>JO</arg>
<arg>JP</arg>
<arg>KE</arg>
<arg>KG</arg>
<arg>KH</arg>
<arg>KI</arg>
<arg>KM</arg>
<arg>KN</arg>
<arg>KP</arg>
<arg>KR</arg>
<arg>KW</arg>
<arg>KY</arg>
<arg>KZ</arg>
<arg>LA</arg>
<arg>LB</arg>
<arg>LC</arg>
<arg>LI</arg>
<arg>LK</arg>
<arg>LR</arg>
<arg>LS</arg>
<arg>LT</arg>
<arg>LU</arg>
<arg>LV</arg>
<arg>LY</arg>
<arg>MA</arg>
<arg>MC</arg>
<arg>MD</arg>
<arg>ME</arg>
<arg>MF</arg>
<arg>MG</arg>
<arg>MH</arg>
<arg>MK</arg>
<arg>ML</arg>
<arg>MM</arg>
<arg>MN</arg>
<arg>MO</arg>
<arg>MP</arg>
<arg>MQ</arg>
<arg>MR</arg>
<arg>MS</arg>
<arg>MT</arg>
<arg>MU</arg>
<arg>MV</arg>
<arg>MW</arg>
<arg>MX</arg>
<arg>MY</arg>
<arg>MZ</arg>
<arg>NA</arg>
<arg>NC</arg>
<arg>NE</arg>
<arg>NF</arg>
<arg>NG</arg>
<arg>NI</arg>
<arg>NL</arg>
<arg>NO</arg>
<arg>NP</arg>
<arg>NR</arg>
<arg>NU</arg>
<arg>NZ</arg>
<arg>OM</arg>
<arg>PA</arg>
<arg>PE</arg>
<arg>PF</arg>
<arg>PG</arg>
<arg>PH</arg>
<arg>PK</arg>
<arg>PL</arg>
<arg>PM</arg>
<arg>PN</arg>
<arg>PR</arg>
<arg>PS</arg>
<arg>PT</arg>
<arg>PW</arg>
<arg>PY</arg>
<arg>QA</arg>
<arg>RE</arg>
<arg>RO</arg>
<arg>RS</arg>
<arg>RU</arg>
<arg>RW</arg>
<arg>SA</arg>
<arg>SB</arg>
<arg>SC</arg>
<arg>SD</arg>
<arg>SE</arg>
<arg>SG</arg>
<arg>SH</arg>
<arg>SI</arg>
<arg>SJ</arg>
<arg>SK</arg>
<arg>SL</arg>
<arg>SM</arg>
<arg>SN</arg>
<arg>SO</arg>
<arg>SR</arg>
<arg>SS</arg>
<arg>ST</arg>
<arg>SV</arg>
<arg>SX</arg>
<arg>SY</arg>
<arg>SZ</arg>
<arg>TC</arg>
<arg>TD</arg>
<arg>TF</arg>
<arg>TG</arg>
<arg>TH</arg>
<arg>TJ</arg>
<arg>TK</arg>
<arg>TL</arg>
<arg>TM</arg>
<arg>TN</arg>
<arg>TO</arg>
<arg>TR</arg>
<arg>TT</arg>
<arg>TV</arg>
<arg>TW</arg>
<arg>TZ</arg>
<arg>UA</arg>
<arg>UG</arg>
<arg>UM</arg>
<arg>US</arg>
<arg>UY</arg>
<arg>UZ</arg>
<arg>VA</arg>
<arg>VC</arg>
<arg>VE</arg>
<arg>VG</arg>
<arg>VI</arg>
<arg>VN</arg>
<arg>VU</arg>
<arg>WF</arg>
<arg>WS</arg>
<arg>XK</arg>
<arg>YE</arg>
<arg>YT</arg>
<arg>ZA</arg>
<arg>ZM</arg>
<arg>ZW</arg>
<doc>Returns a list containing given items.</doc>
<status status="PASS" start="2024-05-10T01:02:28.464963" elapsed="0.000619"/>
</kw>
<kw name="List Should Contain Value" owner="Collections">
<msg time="2024-05-10T01:02:28.466584" level="INFO">False</msg>
<arg>${list_country}</arg>
<arg>${name_country}</arg>
<doc>Fails if the ``value`` is not found from ``list``.</doc>
<status status="PASS" start="2024-05-10T01:02:28.466377" elapsed="0.000244"/>
</kw>
<kw name="Run Keyword If" owner="BuiltIn">
<kw name="Should Be True" owner="BuiltIn">
<arg>${True}</arg>
<doc>Fails if the given condition is not true.</doc>
<status status="PASS" start="2024-05-10T01:02:28.467704" elapsed="0.000239"/>
</kw>
<arg>${json_data["results"][0]["location"]["coordinates"]["latitude"]} &gt;= -90 and ${json_data["results"][0]["location"]["coordinates"]["latitude"]} &lt;= 90</arg>
<arg>Should Be True</arg>
<arg>${True}</arg>
<doc>Runs the given keyword with the given arguments, if ``condition`` is true.</doc>
<status status="PASS" start="2024-05-10T01:02:28.466931" elapsed="0.001143"/>
</kw>
<kw name="Run Keyword If" owner="BuiltIn">
<kw name="Should Be True" owner="BuiltIn">
<arg>${True}</arg>
<doc>Fails if the given condition is not true.</doc>
<status status="PASS" start="2024-05-10T01:02:28.468954" elapsed="0.000137"/>
</kw>
<arg>${json_data["results"][0]["location"]["coordinates"]["longitude"]} &gt;= -180 and ${json_data["results"][0]["location"]["coordinates"]["longitude"]} &lt;= 180</arg>
<arg>Should Be True</arg>
<arg>${True}</arg>
<doc>Runs the given keyword with the given arguments, if ``condition`` is true.</doc>
<status status="PASS" start="2024-05-10T01:02:28.468257" elapsed="0.000955"/>
</kw>
<status status="PASS" start="2024-05-10T01:02:28.368803" elapsed="0.100534"/>
</kw>
<doc>Testa o conteúdo específico dos campos retornados pela API.</doc>
<tag>testeConteudo</tag>
<status status="PASS" start="2024-05-10T01:02:28.368308" elapsed="0.101168"/>
</test>
<status status="PASS" start="2024-05-10T01:02:27.591433" elapsed="0.879960"/>
</suite>
<status status="PASS" start="2024-05-10T01:02:27.577459" elapsed="0.899023"/>
</suite>
<statistics>
<total>
<stat pass="5" fail="0" skip="0">All Tests</stat>
</total>
<tag>
<stat pass="1" fail="0" skip="0">testeConteudo</stat>
<stat pass="1" fail="0" skip="0">testeEstruturaResposta</stat>
<stat pass="1" fail="0" skip="0">testeRequisicaoBasica</stat>
<stat pass="1" fail="0" skip="0">testeTiposDados</stat>
</tag>
<suite>
<stat pass="5" fail="0" skip="0" id="s1" name="Tests">Tests</stat>
<stat pass="5" fail="0" skip="0" id="s1-s1" name="Random-User-Test">Tests.Random-User-Test</stat>
</suite>
</statistics>
<errors>
</errors>
</robot>
