<?xml version="1.0" encoding="UTF-8"?>
<robot generator="Robot 7.0 (Python 3.12.3 on linux)" generated="2024-06-07T05:15:39.571816" rpa="false" schemaversion="5">
<suite id="s1" name="Tests" source="/home/runner/work/ApiRandomUser/ApiRandomUser/RamdonUser/tests">
<suite id="s1-s1" name="Random-User-Test" source="/home/runner/work/ApiRandomUser/ApiRandomUser/RamdonUser/tests/random-user-test.robot">
<test id="s1-s1-t1" name="Conectar" line="13">
<kw name="Conectar API" owner="random-user-service">
<kw name="Create Session" owner="RequestsLibrary">
<msg time="2024-06-07T05:15:39.953659" level="INFO">Creating Session using : alias=consultarAPI, url=https://randomuser.me/, headers={},                     cookies={}, auth=None, timeout=None, proxies=None, verify=False,                     debug=0 </msg>
<arg>consultarAPI</arg>
<arg>${URL}</arg>
<doc>Create Session: create a HTTP session to a server</doc>
<status status="PASS" start="2024-06-07T05:15:39.953454" elapsed="0.000379"/>
</kw>
<status status="PASS" start="2024-06-07T05:15:39.952440" elapsed="0.001750"/>
</kw>
<status status="PASS" start="2024-06-07T05:15:39.951920" elapsed="0.002462"/>
</test>
<test id="s1-s1-t2" name="Validar retorno 200 e JSON Válido" line="16">
<kw name="Teste de Requisicao Basica" owner="random-user-service">
<kw name="GET On Session" owner="RequestsLibrary">
<msg time="2024-06-07T05:15:40.039902" level="INFO">GET Request : url=https://randomuser.me/api 
 path_url=/api 
 headers={'User-Agent': 'python-requests/2.32.3', 'Accept-Encoding': 'gzip, deflate', 'Accept': '*/*', 'Connection': 'keep-alive'} 
 body=None 
 </msg>
<msg time="2024-06-07T05:15:40.040032" level="INFO">GET Response : url=https://randomuser.me/api 
 status=200, reason=OK 
 headers={'Date': 'Fri, 07 Jun 2024 05:15:40 GMT', 'Content-Type': 'application/json; charset=utf-8', 'Transfer-Encoding': 'chunked', 'Connection': 'keep-alive', 'X-Powered-By': 'Express', 'Access-Control-Allow-Origin': '*', 'Cache-Control': 'no-cache', 'ETag': 'W/"48e-OUJs7fHhk0DXPgN/6NH9VVqjOHU"', 'Vary': 'Accept-Encoding', 'Content-Encoding': 'gzip', 'CF-Cache-Status': 'DYNAMIC', 'Report-To': '{"endpoints":[{"url":"https:\\/\\/a.nel.cloudflare.com\\/report\\/v4?s=KoAyGaTv%2BlqeJ7FjVw58P%2FvzcYJ77kaDj2CA%2BcQqlyBH8GXxFOgQp7Wz8pn3v1MS8d45OLpTIwyrlL35SR481DSuvTDRYywNTBYiapSnRpGZOgz43JmX2hXAjCjls4vn"}],"group":"cf-nel","max_age":604800}', 'NEL': '{"success_fraction":0,"report_to":"cf-nel","max_age":604800}', 'Server': 'cloudflare', 'CF-RAY': '88fe2a66f8d661d5-ORD', 'alt-svc': 'h3=":443"; ma=86400'} 
 body={"results":[{"gender":"female","name":{"title":"Ms","first":"Chi","last":"Leermakers"},"location":{"street":{"number":5168,"name":"Ijzeren Pot"},"city":"Uffelte","state":"Overijssel","country":"Netherlands","postcode":"4672 TF","coordinates":{"latitude":"30.8979","longitude":"162.7638"},"timezone":{"offset":"-12:00","description":"Eniwetok, Kwajalein"}},"email":"chi.leermakers@example.com","login":{"uuid":"26e08cdb-9620-47d2-b5f0-a102cb90b85d","username":"angrymouse204","password":"warning","salt":"AkdCZjUw","md5":"5023902e0eb7bfb888d3ceab3e09b955","sha1":"d5fbd2ee098357c57b2654bf4cd38615675931d2","sha256":"a4882996e415c89e2eace574a36648a47cd14c729488b376c5532717f6b1a3fe"},"dob":{"date":"1946-06-20T10:22:32.366Z","age":77},"registered":{"date":"2005-12-18T14:36:24.147Z","age":18},"phone":"(075) 0753831","cell":"(06) 06367192","id":{"name":"BSN","value":"45686320"},"picture":{"large":"https://randomuser.me/api/portraits/women/76.jpg","medium":"https://randomuser.me/api/portraits/med/women/76.jpg","thumbnail":"https://randomuser.me/api/portraits/thumb/women/76.jpg"},"nat":"NL"}],"info":{"seed":"23453dc21eeb335c","results":1,"page":1,"version":"1.4"}} 
 </msg>
<msg time="2024-06-07T05:15:40.040105" level="INFO">/opt/hostedtoolcache/Python/3.12.3/x64/lib/python3.12/site-packages/urllib3/connectionpool.py:1103: InsecureRequestWarning: Unverified HTTPS request is being made to host 'randomuser.me'. Adding certificate verification is strongly advised. See: https://urllib3.readthedocs.io/en/latest/advanced-usage.html#tls-warnings
  warnings.warn(</msg>
<msg time="2024-06-07T05:15:40.040217" level="INFO">${response} = &lt;Response [200]&gt;</msg>
<var>${response}</var>
<arg>consultarAPI</arg>
<arg>/api</arg>
<doc>Sends a GET request on a previously created HTTP Session.</doc>
<status status="PASS" start="2024-06-07T05:15:39.957014" elapsed="0.083245"/>
</kw>
<kw name="Should Be Equal As Numbers" owner="BuiltIn">
<msg time="2024-06-07T05:15:40.041235" level="INFO">Argument types are:
&lt;class 'int'&gt;
&lt;class 'str'&gt;</msg>
<arg>${response.status_code}</arg>
<arg>200</arg>
<doc>Fails if objects are unequal after converting them to real numbers.</doc>
<status status="PASS" start="2024-06-07T05:15:40.040742" elapsed="0.000557"/>
</kw>
<kw name="Log" owner="BuiltIn">
<msg time="2024-06-07T05:15:40.042244" level="INFO">200</msg>
<arg>${response.status_code}</arg>
<doc>Logs the given message with the given level.</doc>
<status status="PASS" start="2024-06-07T05:15:40.041734" elapsed="0.000577"/>
</kw>
<kw name="Set Variable" owner="BuiltIn">
<msg time="2024-06-07T05:15:40.043121" level="INFO">${json_data} = {'results': [{'gender': 'female', 'name': {'title': 'Ms', 'first': 'Chi', 'last': 'Leermakers'}, 'location': {'street': {'number': 5168, 'name': 'Ijzeren Pot'}, 'city': 'Uffelte', 'state': 'Overijssel...</msg>
<var>${json_data}</var>
<arg>${response.json()}</arg>
<doc>Returns the given values which can then be assigned to a variables.</doc>
<status status="PASS" start="2024-06-07T05:15:40.042684" elapsed="0.000467"/>
</kw>
<kw name="Dictionary Should Contain Key" owner="Collections">
<msg time="2024-06-07T05:15:40.043620" level="INFO">False</msg>
<arg>${json_data}</arg>
<arg>results</arg>
<doc>Fails if ``key`` is not found from ``dictionary``.</doc>
<status status="PASS" start="2024-06-07T05:15:40.043454" elapsed="0.000337"/>
</kw>
<status status="PASS" start="2024-06-07T05:15:39.956754" elapsed="0.087299"/>
</kw>
<doc>Testa se a API responde corretamente e retorna um objeto JSON válido.</doc>
<tag>testeRequisicaoBasica</tag>
<status status="PASS" start="2024-06-07T05:15:39.956302" elapsed="0.087922"/>
</test>
<test id="s1-s1-t3" name="Validar estrutura de resposta" line="22">
<kw name="Teste de Estrutura de Resposta" owner="random-user-service">
<kw name="GET On Session" owner="RequestsLibrary">
<msg time="2024-06-07T05:15:40.146094" level="INFO">GET Request : url=https://randomuser.me/api 
 path_url=/api 
 headers={'User-Agent': 'python-requests/2.32.3', 'Accept-Encoding': 'gzip, deflate', 'Accept': '*/*', 'Connection': 'keep-alive'} 
 body=None 
 </msg>
<msg time="2024-06-07T05:15:40.146198" level="INFO">GET Response : url=https://randomuser.me/api 
 status=200, reason=OK 
 headers={'Date': 'Fri, 07 Jun 2024 05:15:40 GMT', 'Content-Type': 'application/json; charset=utf-8', 'Transfer-Encoding': 'chunked', 'Connection': 'keep-alive', 'X-Powered-By': 'Express', 'Access-Control-Allow-Origin': '*', 'Cache-Control': 'no-cache', 'ETag': 'W/"475-3blqqHO+L8PxYFDGd4sK2q2U/Wg"', 'Vary': 'Accept-Encoding', 'Content-Encoding': 'gzip', 'CF-Cache-Status': 'DYNAMIC', 'Report-To': '{"endpoints":[{"url":"https:\\/\\/a.nel.cloudflare.com\\/report\\/v4?s=AJ58%2FiATPy8Z5ytEW%2FfpfSZ0lob3vvp6%2BsZYB1%2FQFNro2cr7fvW5rIMSMb5HNXS6urXNCnLVcukOJC6taUqYkDOrkgBw48TaIfUerDk1PLBGaky7eeLQz0USqs1R8Pxi"}],"group":"cf-nel","max_age":604800}', 'NEL': '{"success_fraction":0,"report_to":"cf-nel","max_age":604800}', 'Server': 'cloudflare', 'CF-RAY': '88fe2a67592461d5-ORD', 'alt-svc': 'h3=":443"; ma=86400'} 
 body={"results":[{"gender":"female","name":{"title":"Ms","first":"Eden","last":"Taylor"},"location":{"street":{"number":7592,"name":"Seymour Street"},"city":"Whangarei","state":"Marlborough","country":"New Zealand","postcode":63730,"coordinates":{"latitude":"54.5112","longitude":"164.2642"},"timezone":{"offset":"+3:30","description":"Tehran"}},"email":"eden.taylor@example.com","login":{"uuid":"3bc9ccf6-9964-469c-88f4-351fd1357b3d","username":"crazyelephant392","password":"zorro","salt":"MArzJXsF","md5":"551dd62f069997f2391cbda89d3c07b2","sha1":"d444d6222b74a7110673d3f1c99647663bf8ebaa","sha256":"e31e8bbea3ada8951523213b1c2c01c84d94dbc8ba1bd73992c8e3e237720b2c"},"dob":{"date":"1948-12-25T13:59:37.070Z","age":75},"registered":{"date":"2021-11-20T16:08:18.121Z","age":2},"phone":"(023)-471-8469","cell":"(259)-353-9200","id":{"name":"","value":null},"picture":{"large":"https://randomuser.me/api/portraits/women/80.jpg","medium":"https://randomuser.me/api/portraits/med/women/80.jpg","thumbnail":"https://randomuser.me/api/portraits/thumb/women/80.jpg"},"nat":"NZ"}],"info":{"seed":"b1e7213c0f52bc0e","results":1,"page":1,"version":"1.4"}} 
 </msg>
<msg time="2024-06-07T05:15:40.146326" level="INFO">/opt/hostedtoolcache/Python/3.12.3/x64/lib/python3.12/site-packages/urllib3/connectionpool.py:1103: InsecureRequestWarning: Unverified HTTPS request is being made to host 'randomuser.me'. Adding certificate verification is strongly advised. See: https://urllib3.readthedocs.io/en/latest/advanced-usage.html#tls-warnings
  warnings.warn(</msg>
<msg time="2024-06-07T05:15:40.146441" level="INFO">${response} = &lt;Response [200]&gt;</msg>
<var>${response}</var>
<arg>consultarAPI</arg>
<arg>/api</arg>
<doc>Sends a GET request on a previously created HTTP Session.</doc>
<status status="PASS" start="2024-06-07T05:15:40.046742" elapsed="0.099740"/>
</kw>
<kw name="Set Variable" owner="BuiltIn">
<msg time="2024-06-07T05:15:40.147435" level="INFO">${json_data} = {'results': [{'gender': 'female', 'name': {'title': 'Ms', 'first': 'Eden', 'last': 'Taylor'}, 'location': {'street': {'number': 7592, 'name': 'Seymour Street'}, 'city': 'Whangarei', 'state': 'Marlboro...</msg>
<var>${json_data}</var>
<arg>${response.json()}</arg>
<doc>Returns the given values which can then be assigned to a variables.</doc>
<status status="PASS" start="2024-06-07T05:15:40.146947" elapsed="0.000518"/>
</kw>
<kw name="Log" owner="BuiltIn">
<msg time="2024-06-07T05:15:40.147936" level="INFO">{'results': [{'gender': 'female', 'name': {'title': 'Ms', 'first': 'Eden', 'last': 'Taylor'}, 'location': {'street': {'number': 7592, 'name': 'Seymour Street'}, 'city': 'Whangarei', 'state': 'Marlborough', 'country': 'New Zealand', 'postcode': 63730, 'coordinates': {'latitude': '54.5112', 'longitude': '164.2642'}, 'timezone': {'offset': '+3:30', 'description': 'Tehran'}}, 'email': 'eden.taylor@example.com', 'login': {'uuid': '3bc9ccf6-9964-469c-88f4-351fd1357b3d', 'username': 'crazyelephant392', 'password': 'zorro', 'salt': 'MArzJXsF', 'md5': '551dd62f069997f2391cbda89d3c07b2', 'sha1': 'd444d6222b74a7110673d3f1c99647663bf8ebaa', 'sha256': 'e31e8bbea3ada8951523213b1c2c01c84d94dbc8ba1bd73992c8e3e237720b2c'}, 'dob': {'date': '1948-12-25T13:59:37.070Z', 'age': 75}, 'registered': {'date': '2021-11-20T16:08:18.121Z', 'age': 2}, 'phone': '(023)-471-8469', 'cell': '(259)-353-9200', 'id': {'name': '', 'value': None}, 'picture': {'large': 'https://randomuser.me/api/portraits/women/80.jpg', 'medium': 'https://randomuser.me/api/portraits/med/women/80.jpg', 'thumbnail': 'https://randomuser.me/api/portraits/thumb/women/80.jpg'}, 'nat': 'NZ'}], 'info': {'seed': 'b1e7213c0f52bc0e', 'results': 1, 'page': 1, 'version': '1.4'}}</msg>
<arg>${json_data}</arg>
<doc>Logs the given message with the given level.</doc>
<status status="PASS" start="2024-06-07T05:15:40.147777" elapsed="0.000208"/>
</kw>
<kw name="Dictionary Should Contain Key" owner="Collections">
<msg time="2024-06-07T05:15:40.148447" level="INFO">False</msg>
<arg>${json_data}</arg>
<arg>results</arg>
<doc>Fails if ``key`` is not found from ``dictionary``.</doc>
<status status="PASS" start="2024-06-07T05:15:40.148287" elapsed="0.000197"/>
</kw>
<kw name="Should Not Be Empty" owner="BuiltIn">
<msg time="2024-06-07T05:15:40.148909" level="INFO">Length is 2.</msg>
<arg>${json_data}</arg>
<doc>Verifies that the given item is not empty.</doc>
<status status="PASS" start="2024-06-07T05:15:40.148778" elapsed="0.000170"/>
</kw>
<kw name="Create List" owner="BuiltIn">
<msg time="2024-06-07T05:15:40.149386" level="INFO">${expected_keys} = ['gender', 'name', 'location', 'email', 'login']</msg>
<var>${expected_keys}</var>
<arg>gender</arg>
<arg>name</arg>
<arg>location</arg>
<arg>email</arg>
<arg>login</arg>
<doc>Returns a list containing given items.</doc>
<status status="PASS" start="2024-06-07T05:15:40.149240" elapsed="0.000171"/>
</kw>
<for flavor="IN">
<iter>
<kw name="Dictionary Should Contain Key" owner="Collections">
<msg time="2024-06-07T05:15:40.150399" level="INFO">False</msg>
<arg>${json_data['results'][0]}</arg>
<arg>${key}</arg>
<doc>Fails if ``key`` is not found from ``dictionary``.</doc>
<status status="PASS" start="2024-06-07T05:15:40.149985" elapsed="0.000458"/>
</kw>
<kw name="Log" owner="BuiltIn">
<msg time="2024-06-07T05:15:40.151136" level="INFO">{'gender': 'female', 'name': {'title': 'Ms', 'first': 'Eden', 'last': 'Taylor'}, 'location': {'street': {'number': 7592, 'name': 'Seymour Street'}, 'city': 'Whangarei', 'state': 'Marlborough', 'country': 'New Zealand', 'postcode': 63730, 'coordinates': {'latitude': '54.5112', 'longitude': '164.2642'}, 'timezone': {'offset': '+3:30', 'description': 'Tehran'}}, 'email': 'eden.taylor@example.com', 'login': {'uuid': '3bc9ccf6-9964-469c-88f4-351fd1357b3d', 'username': 'crazyelephant392', 'password': 'zorro', 'salt': 'MArzJXsF', 'md5': '551dd62f069997f2391cbda89d3c07b2', 'sha1': 'd444d6222b74a7110673d3f1c99647663bf8ebaa', 'sha256': 'e31e8bbea3ada8951523213b1c2c01c84d94dbc8ba1bd73992c8e3e237720b2c'}, 'dob': {'date': '1948-12-25T13:59:37.070Z', 'age': 75}, 'registered': {'date': '2021-11-20T16:08:18.121Z', 'age': 2}, 'phone': '(023)-471-8469', 'cell': '(259)-353-9200', 'id': {'name': '', 'value': None}, 'picture': {'large': 'https://randomuser.me/api/portraits/women/80.jpg', 'medium': 'https://randomuser.me/api/portraits/med/women/80.jpg', 'thumbnail': 'https://randomuser.me/api/portraits/thumb/women/80.jpg'}, 'nat': 'NZ'}</msg>
<arg>${json_data['results'][0]}</arg>
<doc>Logs the given message with the given level.</doc>
<status status="PASS" start="2024-06-07T05:15:40.150772" elapsed="0.000414"/>
</kw>
<kw name="Log" owner="BuiltIn">
<msg time="2024-06-07T05:15:40.151619" level="INFO">gender</msg>
<arg>${key}</arg>
<doc>Logs the given message with the given level.</doc>
<status status="PASS" start="2024-06-07T05:15:40.151489" elapsed="0.000168"/>
</kw>
<var name="${key}">gender</var>
<status status="PASS" start="2024-06-07T05:15:40.149859" elapsed="0.002029"/>
</iter>
<iter>
<kw name="Dictionary Should Contain Key" owner="Collections">
<msg time="2024-06-07T05:15:40.152596" level="INFO">False</msg>
<arg>${json_data['results'][0]}</arg>
<arg>${key}</arg>
<doc>Fails if ``key`` is not found from ``dictionary``.</doc>
<status status="PASS" start="2024-06-07T05:15:40.152206" elapsed="0.000428"/>
</kw>
<kw name="Log" owner="BuiltIn">
<msg time="2024-06-07T05:15:40.153323" level="INFO">{'gender': 'female', 'name': {'title': 'Ms', 'first': 'Eden', 'last': 'Taylor'}, 'location': {'street': {'number': 7592, 'name': 'Seymour Street'}, 'city': 'Whangarei', 'state': 'Marlborough', 'country': 'New Zealand', 'postcode': 63730, 'coordinates': {'latitude': '54.5112', 'longitude': '164.2642'}, 'timezone': {'offset': '+3:30', 'description': 'Tehran'}}, 'email': 'eden.taylor@example.com', 'login': {'uuid': '3bc9ccf6-9964-469c-88f4-351fd1357b3d', 'username': 'crazyelephant392', 'password': 'zorro', 'salt': 'MArzJXsF', 'md5': '551dd62f069997f2391cbda89d3c07b2', 'sha1': 'd444d6222b74a7110673d3f1c99647663bf8ebaa', 'sha256': 'e31e8bbea3ada8951523213b1c2c01c84d94dbc8ba1bd73992c8e3e237720b2c'}, 'dob': {'date': '1948-12-25T13:59:37.070Z', 'age': 75}, 'registered': {'date': '2021-11-20T16:08:18.121Z', 'age': 2}, 'phone': '(023)-471-8469', 'cell': '(259)-353-9200', 'id': {'name': '', 'value': None}, 'picture': {'large': 'https://randomuser.me/api/portraits/women/80.jpg', 'medium': 'https://randomuser.me/api/portraits/med/women/80.jpg', 'thumbnail': 'https://randomuser.me/api/portraits/thumb/women/80.jpg'}, 'nat': 'NZ'}</msg>
<arg>${json_data['results'][0]}</arg>
<doc>Logs the given message with the given level.</doc>
<status status="PASS" start="2024-06-07T05:15:40.152960" elapsed="0.000420"/>
</kw>
<kw name="Log" owner="BuiltIn">
<msg time="2024-06-07T05:15:40.153810" level="INFO">name</msg>
<arg>${key}</arg>
<doc>Logs the given message with the given level.</doc>
<status status="PASS" start="2024-06-07T05:15:40.153677" elapsed="0.000171"/>
</kw>
<var name="${key}">name</var>
<status status="PASS" start="2024-06-07T05:15:40.152086" elapsed="0.001989"/>
</iter>
<iter>
<kw name="Dictionary Should Contain Key" owner="Collections">
<msg time="2024-06-07T05:15:40.154774" level="INFO">False</msg>
<arg>${json_data['results'][0]}</arg>
<arg>${key}</arg>
<doc>Fails if ``key`` is not found from ``dictionary``.</doc>
<status status="PASS" start="2024-06-07T05:15:40.154371" elapsed="0.000442"/>
</kw>
<kw name="Log" owner="BuiltIn">
<msg time="2024-06-07T05:15:40.155491" level="INFO">{'gender': 'female', 'name': {'title': 'Ms', 'first': 'Eden', 'last': 'Taylor'}, 'location': {'street': {'number': 7592, 'name': 'Seymour Street'}, 'city': 'Whangarei', 'state': 'Marlborough', 'country': 'New Zealand', 'postcode': 63730, 'coordinates': {'latitude': '54.5112', 'longitude': '164.2642'}, 'timezone': {'offset': '+3:30', 'description': 'Tehran'}}, 'email': 'eden.taylor@example.com', 'login': {'uuid': '3bc9ccf6-9964-469c-88f4-351fd1357b3d', 'username': 'crazyelephant392', 'password': 'zorro', 'salt': 'MArzJXsF', 'md5': '551dd62f069997f2391cbda89d3c07b2', 'sha1': 'd444d6222b74a7110673d3f1c99647663bf8ebaa', 'sha256': 'e31e8bbea3ada8951523213b1c2c01c84d94dbc8ba1bd73992c8e3e237720b2c'}, 'dob': {'date': '1948-12-25T13:59:37.070Z', 'age': 75}, 'registered': {'date': '2021-11-20T16:08:18.121Z', 'age': 2}, 'phone': '(023)-471-8469', 'cell': '(259)-353-9200', 'id': {'name': '', 'value': None}, 'picture': {'large': 'https://randomuser.me/api/portraits/women/80.jpg', 'medium': 'https://randomuser.me/api/portraits/med/women/80.jpg', 'thumbnail': 'https://randomuser.me/api/portraits/thumb/women/80.jpg'}, 'nat': 'NZ'}</msg>
<arg>${json_data['results'][0]}</arg>
<doc>Logs the given message with the given level.</doc>
<status status="PASS" start="2024-06-07T05:15:40.155120" elapsed="0.000421"/>
</kw>
<kw name="Log" owner="BuiltIn">
<msg time="2024-06-07T05:15:40.155968" level="INFO">location</msg>
<arg>${key}</arg>
<doc>Logs the given message with the given level.</doc>
<status status="PASS" start="2024-06-07T05:15:40.155841" elapsed="0.000171"/>
</kw>
<var name="${key}">location</var>
<status status="PASS" start="2024-06-07T05:15:40.154255" elapsed="0.001971"/>
</iter>
<iter>
<kw name="Dictionary Should Contain Key" owner="Collections">
<msg time="2024-06-07T05:15:40.157016" level="INFO">False</msg>
<arg>${json_data['results'][0]}</arg>
<arg>${key}</arg>
<doc>Fails if ``key`` is not found from ``dictionary``.</doc>
<status status="PASS" start="2024-06-07T05:15:40.156522" elapsed="0.000532"/>
</kw>
<kw name="Log" owner="BuiltIn">
<msg time="2024-06-07T05:15:40.157716" level="INFO">{'gender': 'female', 'name': {'title': 'Ms', 'first': 'Eden', 'last': 'Taylor'}, 'location': {'street': {'number': 7592, 'name': 'Seymour Street'}, 'city': 'Whangarei', 'state': 'Marlborough', 'country': 'New Zealand', 'postcode': 63730, 'coordinates': {'latitude': '54.5112', 'longitude': '164.2642'}, 'timezone': {'offset': '+3:30', 'description': 'Tehran'}}, 'email': 'eden.taylor@example.com', 'login': {'uuid': '3bc9ccf6-9964-469c-88f4-351fd1357b3d', 'username': 'crazyelephant392', 'password': 'zorro', 'salt': 'MArzJXsF', 'md5': '551dd62f069997f2391cbda89d3c07b2', 'sha1': 'd444d6222b74a7110673d3f1c99647663bf8ebaa', 'sha256': 'e31e8bbea3ada8951523213b1c2c01c84d94dbc8ba1bd73992c8e3e237720b2c'}, 'dob': {'date': '1948-12-25T13:59:37.070Z', 'age': 75}, 'registered': {'date': '2021-11-20T16:08:18.121Z', 'age': 2}, 'phone': '(023)-471-8469', 'cell': '(259)-353-9200', 'id': {'name': '', 'value': None}, 'picture': {'large': 'https://randomuser.me/api/portraits/women/80.jpg', 'medium': 'https://randomuser.me/api/portraits/med/women/80.jpg', 'thumbnail': 'https://randomuser.me/api/portraits/thumb/women/80.jpg'}, 'nat': 'NZ'}</msg>
<arg>${json_data['results'][0]}</arg>
<doc>Logs the given message with the given level.</doc>
<status status="PASS" start="2024-06-07T05:15:40.157357" elapsed="0.000408"/>
</kw>
<kw name="Log" owner="BuiltIn">
<msg time="2024-06-07T05:15:40.158198" level="INFO">email</msg>
<arg>${key}</arg>
<doc>Logs the given message with the given level.</doc>
<status status="PASS" start="2024-06-07T05:15:40.158069" elapsed="0.000166"/>
</kw>
<var name="${key}">email</var>
<status status="PASS" start="2024-06-07T05:15:40.156411" elapsed="0.002037"/>
</iter>
<iter>
<kw name="Dictionary Should Contain Key" owner="Collections">
<msg time="2024-06-07T05:15:40.159161" level="INFO">False</msg>
<arg>${json_data['results'][0]}</arg>
<arg>${key}</arg>
<doc>Fails if ``key`` is not found from ``dictionary``.</doc>
<status status="PASS" start="2024-06-07T05:15:40.158761" elapsed="0.000437"/>
</kw>
<kw name="Log" owner="BuiltIn">
<msg time="2024-06-07T05:15:40.159912" level="INFO">{'gender': 'female', 'name': {'title': 'Ms', 'first': 'Eden', 'last': 'Taylor'}, 'location': {'street': {'number': 7592, 'name': 'Seymour Street'}, 'city': 'Whangarei', 'state': 'Marlborough', 'country': 'New Zealand', 'postcode': 63730, 'coordinates': {'latitude': '54.5112', 'longitude': '164.2642'}, 'timezone': {'offset': '+3:30', 'description': 'Tehran'}}, 'email': 'eden.taylor@example.com', 'login': {'uuid': '3bc9ccf6-9964-469c-88f4-351fd1357b3d', 'username': 'crazyelephant392', 'password': 'zorro', 'salt': 'MArzJXsF', 'md5': '551dd62f069997f2391cbda89d3c07b2', 'sha1': 'd444d6222b74a7110673d3f1c99647663bf8ebaa', 'sha256': 'e31e8bbea3ada8951523213b1c2c01c84d94dbc8ba1bd73992c8e3e237720b2c'}, 'dob': {'date': '1948-12-25T13:59:37.070Z', 'age': 75}, 'registered': {'date': '2021-11-20T16:08:18.121Z', 'age': 2}, 'phone': '(023)-471-8469', 'cell': '(259)-353-9200', 'id': {'name': '', 'value': None}, 'picture': {'large': 'https://randomuser.me/api/portraits/women/80.jpg', 'medium': 'https://randomuser.me/api/portraits/med/women/80.jpg', 'thumbnail': 'https://randomuser.me/api/portraits/thumb/women/80.jpg'}, 'nat': 'NZ'}</msg>
<arg>${json_data['results'][0]}</arg>
<doc>Logs the given message with the given level.</doc>
<status status="PASS" start="2024-06-07T05:15:40.159494" elapsed="0.000466"/>
</kw>
<kw name="Log" owner="BuiltIn">
<msg time="2024-06-07T05:15:40.160384" level="INFO">login</msg>
<arg>${key}</arg>
<doc>Logs the given message with the given level.</doc>
<status status="PASS" start="2024-06-07T05:15:40.160256" elapsed="0.000166"/>
</kw>
<var name="${key}">login</var>
<status status="PASS" start="2024-06-07T05:15:40.158647" elapsed="0.001990"/>
</iter>
<var>${key}</var>
<value>@{expected_keys}</value>
<status status="PASS" start="2024-06-07T05:15:40.149670" elapsed="0.011086"/>
</for>
<kw name="Create List" owner="BuiltIn">
<msg time="2024-06-07T05:15:40.161122" level="INFO">${expected_keysTwo} = ['username', 'password']</msg>
<var>${expected_keysTwo}</var>
<arg>username</arg>
<arg>password</arg>
<doc>Returns a list containing given items.</doc>
<status status="PASS" start="2024-06-07T05:15:40.160984" elapsed="0.000162"/>
</kw>
<for flavor="IN">
<iter>
<kw name="Dictionary Should Contain Key" owner="Collections">
<msg time="2024-06-07T05:15:40.162026" level="INFO">False</msg>
<arg>${json_data['results'][0]['login']}</arg>
<arg>${keyTwo}</arg>
<doc>Fails if ``key`` is not found from ``dictionary``.</doc>
<status status="PASS" start="2024-06-07T05:15:40.161640" elapsed="0.000423"/>
</kw>
<kw name="Dictionary Should Contain Key" owner="Collections">
<msg time="2024-06-07T05:15:40.162762" level="INFO">False</msg>
<arg>${json_data['results'][0]['login']}</arg>
<arg>${keyTwo}</arg>
<doc>Fails if ``key`` is not found from ``dictionary``.</doc>
<status status="PASS" start="2024-06-07T05:15:40.162357" elapsed="0.000443"/>
</kw>
<kw name="Log" owner="BuiltIn">
<msg time="2024-06-07T05:15:40.163232" level="INFO">username</msg>
<arg>${keyTwo}</arg>
<doc>Logs the given message with the given level.</doc>
<status status="PASS" start="2024-06-07T05:15:40.163105" elapsed="0.000164"/>
</kw>
<var name="${keyTwo}">username</var>
<status status="PASS" start="2024-06-07T05:15:40.161531" elapsed="0.001951"/>
</iter>
<iter>
<kw name="Dictionary Should Contain Key" owner="Collections">
<msg time="2024-06-07T05:15:40.164147" level="INFO">False</msg>
<arg>${json_data['results'][0]['login']}</arg>
<arg>${keyTwo}</arg>
<doc>Fails if ``key`` is not found from ``dictionary``.</doc>
<status status="PASS" start="2024-06-07T05:15:40.163770" elapsed="0.000415"/>
</kw>
<kw name="Dictionary Should Contain Key" owner="Collections">
<msg time="2024-06-07T05:15:40.164857" level="INFO">False</msg>
<arg>${json_data['results'][0]['login']}</arg>
<arg>${keyTwo}</arg>
<doc>Fails if ``key`` is not found from ``dictionary``.</doc>
<status status="PASS" start="2024-06-07T05:15:40.164477" elapsed="0.000416"/>
</kw>
<kw name="Log" owner="BuiltIn">
<msg time="2024-06-07T05:15:40.165313" level="INFO">password</msg>
<arg>${keyTwo}</arg>
<doc>Logs the given message with the given level.</doc>
<status status="PASS" start="2024-06-07T05:15:40.165187" elapsed="0.000169"/>
</kw>
<var name="${keyTwo}">password</var>
<status status="PASS" start="2024-06-07T05:15:40.163660" elapsed="0.001938"/>
</iter>
<var>${keyTwo}</var>
<value>@{expected_keysTwo}</value>
<status status="PASS" start="2024-06-07T05:15:40.161378" elapsed="0.004366"/>
</for>
<status status="PASS" start="2024-06-07T05:15:40.046474" elapsed="0.119413"/>
</kw>
<doc>Testa a estrutura da resposta da API.</doc>
<tag>testeEstruturaResposta</tag>
<status status="PASS" start="2024-06-07T05:15:40.046001" elapsed="0.120051"/>
</test>
<test id="s1-s1-t4" name="Validar tipos de dados" line="28">
<kw name="Teste de Tipos de Dados" owner="random-user-service">
<kw name="GET On Session" owner="RequestsLibrary">
<msg time="2024-06-07T05:15:40.237709" level="INFO">GET Request : url=https://randomuser.me/api 
 path_url=/api 
 headers={'User-Agent': 'python-requests/2.32.3', 'Accept-Encoding': 'gzip, deflate', 'Accept': '*/*', 'Connection': 'keep-alive'} 
 body=None 
 </msg>
<msg time="2024-06-07T05:15:40.237797" level="INFO">GET Response : url=https://randomuser.me/api 
 status=200, reason=OK 
 headers={'Date': 'Fri, 07 Jun 2024 05:15:40 GMT', 'Content-Type': 'application/json; charset=utf-8', 'Transfer-Encoding': 'chunked', 'Connection': 'keep-alive', 'X-Powered-By': 'Express', 'Access-Control-Allow-Origin': '*', 'Cache-Control': 'no-cache', 'ETag': 'W/"4b0-Dz6k17SiBM58bG0b22Pf0SHZnUY"', 'Vary': 'Accept-Encoding', 'Content-Encoding': 'gzip', 'CF-Cache-Status': 'DYNAMIC', 'Report-To': '{"endpoints":[{"url":"https:\\/\\/a.nel.cloudflare.com\\/report\\/v4?s=hZSw8YH%2FwLAYFTvFFKyHnoixItarHkkNDVQKYSRp2G6qkMGeld2RqpLMe3hApbHWLbvQ6Tfj2NonT9Alc0T2W2oZSuflBotNOBx4NTtgX6GR18kDMI6KfjY02tthWkKY"}],"group":"cf-nel","max_age":604800}', 'NEL': '{"success_fraction":0,"report_to":"cf-nel","max_age":604800}', 'Server': 'cloudflare', 'CF-RAY': '88fe2a6819c361d5-ORD', 'alt-svc': 'h3=":443"; ma=86400'} 
 body={"results":[{"gender":"female","name":{"title":"Mrs","first":"مریم","last":"یاسمی"},"location":{"street":{"number":704,"name":"جمال الدین اسدآبادی"},"city":"اردبیل","state":"خراسان شمالی","country":"Iran","postcode":81691,"coordinates":{"latitude":"17.6332","longitude":"90.2765"},"timezone":{"offset":"+10:00","description":"Eastern Australia, Guam, Vladivostok"}},"email":"mrym.ysmy@example.com","login":{"uuid":"afaf1315-c421-4ff4-af1e-3ab48baba698","username":"tinydog699","password":"alison","salt":"qih88rN8","md5":"b3b8d88b7da0ea0da1d072e922814050","sha1":"66285ea11c0d9d470587b9253081256c2c1b5aa1","sha256":"f97a5651fc10fa715d1824de82c09922aada4212eed341898d407bec79fb2e79"},"dob":{"date":"1985-12-04T02:21:22.519Z","age":38},"registered":{"date":"2008-06-05T20:42:17.415Z","age":16},"phone":"066-76455951","cell":"0973-343-7151","id":{"name":"","value":null},"picture":{"large":"https://randomuser.me/api/portraits/women/52.jpg","medium":"https://randomuser.me/api/portraits/med/women/52.jpg","thumbnail":"https://randomuser.me/api/portraits/thumb/women/52.jpg"},"nat":"IR"}],"info":{"seed":"48711bc88b148c0c","results":1,"page":1,"version":"1.4"}} 
 </msg>
<msg time="2024-06-07T05:15:40.237876" level="INFO">/opt/hostedtoolcache/Python/3.12.3/x64/lib/python3.12/site-packages/urllib3/connectionpool.py:1103: InsecureRequestWarning: Unverified HTTPS request is being made to host 'randomuser.me'. Adding certificate verification is strongly advised. See: https://urllib3.readthedocs.io/en/latest/advanced-usage.html#tls-warnings
  warnings.warn(</msg>
<msg time="2024-06-07T05:15:40.237994" level="INFO">${response} = &lt;Response [200]&gt;</msg>
<var>${response}</var>
<arg>consultarAPI</arg>
<arg>/api</arg>
<doc>Sends a GET request on a previously created HTTP Session.</doc>
<status status="PASS" start="2024-06-07T05:15:40.168547" elapsed="0.069492"/>
</kw>
<kw name="Set Variable" owner="BuiltIn">
<msg time="2024-06-07T05:15:40.239044" level="INFO">${json_data} = {'results': [{'gender': 'female', 'name': {'title': 'Mrs', 'first': 'مریم', 'last': 'یاسمی'}, 'location': {'street': {'number': 704, 'name': 'جمال الدین اسدآبادی'}, 'city': 'اردبیل', 'state': 'خراسان ...</msg>
<var>${json_data}</var>
<arg>${response.json()}</arg>
<doc>Returns the given values which can then be assigned to a variables.</doc>
<status status="PASS" start="2024-06-07T05:15:40.238551" elapsed="0.000523"/>
</kw>
<kw name="Log" owner="BuiltIn">
<msg time="2024-06-07T05:15:40.239548" level="INFO">{'results': [{'gender': 'female', 'name': {'title': 'Mrs', 'first': 'مریم', 'last': 'یاسمی'}, 'location': {'street': {'number': 704, 'name': 'جمال الدین اسدآبادی'}, 'city': 'اردبیل', 'state': 'خراسان شمالی', 'country': 'Iran', 'postcode': 81691, 'coordinates': {'latitude': '17.6332', 'longitude': '90.2765'}, 'timezone': {'offset': '+10:00', 'description': 'Eastern Australia, Guam, Vladivostok'}}, 'email': 'mrym.ysmy@example.com', 'login': {'uuid': 'afaf1315-c421-4ff4-af1e-3ab48baba698', 'username': 'tinydog699', 'password': 'alison', 'salt': 'qih88rN8', 'md5': 'b3b8d88b7da0ea0da1d072e922814050', 'sha1': '66285ea11c0d9d470587b9253081256c2c1b5aa1', 'sha256': 'f97a5651fc10fa715d1824de82c09922aada4212eed341898d407bec79fb2e79'}, 'dob': {'date': '1985-12-04T02:21:22.519Z', 'age': 38}, 'registered': {'date': '2008-06-05T20:42:17.415Z', 'age': 16}, 'phone': '066-76455951', 'cell': '0973-343-7151', 'id': {'name': '', 'value': None}, 'picture': {'large': 'https://randomuser.me/api/portraits/women/52.jpg', 'medium': 'https://randomuser.me/api/portraits/med/women/52.jpg', 'thumbnail': 'https://randomuser.me/api/portraits/thumb/women/52.jpg'}, 'nat': 'IR'}], 'info': {'seed': '48711bc88b148c0c', 'results': 1, 'page': 1, 'version': '1.4'}}</msg>
<arg>${json_data}</arg>
<doc>Logs the given message with the given level.</doc>
<status status="PASS" start="2024-06-07T05:15:40.239386" elapsed="0.000251"/>
</kw>
<kw name="Should Be String" owner="String">
<arg>${json_data['results'][0]['gender']}</arg>
<doc>Fails if the given ``item`` is not a string.</doc>
<status status="PASS" start="2024-06-07T05:15:40.239939" elapsed="0.000365"/>
</kw>
<kw name="Should Match Regexp" owner="BuiltIn">
<arg>${json_data['results'][0]['email']}</arg>
<arg>^[a-zA-Z0-9._%+-]+@[a-zA-Z0-9.-]+\.[a-zA-Z]{2,}$</arg>
<doc>Fails if ``string`` does not match ``pattern`` as a regular expression.</doc>
<status status="PASS" start="2024-06-07T05:15:40.240498" elapsed="0.000643"/>
</kw>
<kw name="Should Match Regexp" owner="BuiltIn">
<arg>${json_data['results'][0]['dob']['date']}</arg>
<arg>\\d{4}-\\d{2}-\\d{2}T\\d{2}:\\d{2}:\\d{2}\\.\\d{3}Z</arg>
<doc>Fails if ``string`` does not match ``pattern`` as a regular expression.</doc>
<status status="PASS" start="2024-06-07T05:15:40.241343" elapsed="0.000511"/>
</kw>
<kw name="Should Match Regexp" owner="BuiltIn">
<arg>${json_data['results'][0]['registered']['date']}</arg>
<arg>\\d{4}-\\d{2}-\\d{2}T\\d{2}:\\d{2}:\\d{2}\\.\\d{3}Z</arg>
<doc>Fails if ``string`` does not match ``pattern`` as a regular expression.</doc>
<status status="PASS" start="2024-06-07T05:15:40.242055" elapsed="0.000367"/>
</kw>
<kw name="Should Match Regexp" owner="BuiltIn">
<arg>${json_data['results'][0]['picture']['large']}</arg>
<arg>^https?://.*\.(?:png|jpe?g|gif|bmp)$</arg>
<doc>Fails if ``string`` does not match ``pattern`` as a regular expression.</doc>
<status status="PASS" start="2024-06-07T05:15:40.242652" elapsed="0.000468"/>
</kw>
<kw name="Should Match Regexp" owner="BuiltIn">
<arg>${json_data['results'][0]['picture']['medium']}</arg>
<arg>^https?://.*\.(?:png|jpe?g|gif|bmp)$</arg>
<doc>Fails if ``string`` does not match ``pattern`` as a regular expression.</doc>
<status status="PASS" start="2024-06-07T05:15:40.243313" elapsed="0.000351"/>
</kw>
<kw name="Should Match Regexp" owner="BuiltIn">
<arg>${json_data['results'][0]['picture']['thumbnail']}</arg>
<arg>^https?://.*\.(?:png|jpe?g|gif|bmp)$</arg>
<doc>Fails if ``string`` does not match ``pattern`` as a regular expression.</doc>
<status status="PASS" start="2024-06-07T05:15:40.243853" elapsed="0.000408"/>
</kw>
<kw name="Log" owner="BuiltIn">
<msg time="2024-06-07T05:15:40.244780" level="INFO">{'large': 'https://randomuser.me/api/portraits/women/52.jpg', 'medium': 'https://randomuser.me/api/portraits/med/women/52.jpg', 'thumbnail': 'https://randomuser.me/api/portraits/thumb/women/52.jpg'}</msg>
<arg>${json_data['results'][0]['picture']}</arg>
<doc>Logs the given message with the given level.</doc>
<status status="PASS" start="2024-06-07T05:15:40.244449" elapsed="0.000373"/>
</kw>
<status status="PASS" start="2024-06-07T05:15:40.168314" elapsed="0.076763"/>
</kw>
<kw name="Teste de Tipos de Dados - Postcode" owner="random-user-service">
<kw name="GET On Session" owner="RequestsLibrary">
<msg time="2024-06-07T05:15:40.340194" level="INFO">GET Request : url=https://randomuser.me/api 
 path_url=/api 
 headers={'User-Agent': 'python-requests/2.32.3', 'Accept-Encoding': 'gzip, deflate', 'Accept': '*/*', 'Connection': 'keep-alive'} 
 body=None 
 </msg>
<msg time="2024-06-07T05:15:40.340279" level="INFO">GET Response : url=https://randomuser.me/api 
 status=200, reason=OK 
 headers={'Date': 'Fri, 07 Jun 2024 05:15:40 GMT', 'Content-Type': 'application/json; charset=utf-8', 'Transfer-Encoding': 'chunked', 'Connection': 'keep-alive', 'X-Powered-By': 'Express', 'Access-Control-Allow-Origin': '*', 'Cache-Control': 'no-cache', 'ETag': 'W/"482-tWmNZac1NfUSRz+tSdR6EaqnE2k"', 'Vary': 'Accept-Encoding', 'Content-Encoding': 'gzip', 'CF-Cache-Status': 'DYNAMIC', 'Report-To': '{"endpoints":[{"url":"https:\\/\\/a.nel.cloudflare.com\\/report\\/v4?s=Wv42mf4rFlI6uWlNwKGVLN%2BjVbWLg5VFcyULU61NIY3Dr19hpNqAaIVdVmcxfzm6ohcM50JXOXTbPR1EuoKkBCErC3ECch9EEZj9rPgxnHncDkLwRSaSS8SnK9saJ4Xe"}],"group":"cf-nel","max_age":604800}', 'NEL': '{"success_fraction":0,"report_to":"cf-nel","max_age":604800}', 'Server': 'cloudflare', 'CF-RAY': '88fe2a688a3561d5-ORD', 'alt-svc': 'h3=":443"; ma=86400'} 
 body={"results":[{"gender":"male","name":{"title":"Mr","first":"Oliver","last":"Singh"},"location":{"street":{"number":7950,"name":"Southampton Street"},"city":"Timaru","state":"Otago","country":"New Zealand","postcode":82545,"coordinates":{"latitude":"54.1380","longitude":"-15.6353"},"timezone":{"offset":"+4:00","description":"Abu Dhabi, Muscat, Baku, Tbilisi"}},"email":"oliver.singh@example.com","login":{"uuid":"ca9ccd9c-85e9-43de-add9-2d980a02df94","username":"smallmouse222","password":"stevie","salt":"Fv6Km25i","md5":"1b1b1e8acb30e61e18d262e40400928e","sha1":"cf51d4cc1675b3399ce39869256d349b64ac2383","sha256":"616d3382e19dd8e12a4291d6186b6662c5f5d752336919b64ff4323c3ce1a7c4"},"dob":{"date":"1993-09-13T03:41:44.407Z","age":30},"registered":{"date":"2014-10-27T20:48:42.992Z","age":9},"phone":"(060)-189-6214","cell":"(981)-367-8186","id":{"name":"","value":null},"picture":{"large":"https://randomuser.me/api/portraits/men/51.jpg","medium":"https://randomuser.me/api/portraits/med/men/51.jpg","thumbnail":"https://randomuser.me/api/portraits/thumb/men/51.jpg"},"nat":"NZ"}],"info":{"seed":"ac9af045710db10c","results":1,"page":1,"version":"1.4"}} 
 </msg>
<msg time="2024-06-07T05:15:40.340354" level="INFO">/opt/hostedtoolcache/Python/3.12.3/x64/lib/python3.12/site-packages/urllib3/connectionpool.py:1103: InsecureRequestWarning: Unverified HTTPS request is being made to host 'randomuser.me'. Adding certificate verification is strongly advised. See: https://urllib3.readthedocs.io/en/latest/advanced-usage.html#tls-warnings
  warnings.warn(</msg>
<msg time="2024-06-07T05:15:40.340473" level="INFO">${response} = &lt;Response [200]&gt;</msg>
<var>${response}</var>
<arg>consultarAPI</arg>
<arg>/api</arg>
<doc>Sends a GET request on a previously created HTTP Session.</doc>
<status status="PASS" start="2024-06-07T05:15:40.245520" elapsed="0.095002"/>
</kw>
<kw name="Set Variable" owner="BuiltIn">
<msg time="2024-06-07T05:15:40.341381" level="INFO">${json_data} = {'results': [{'gender': 'male', 'name': {'title': 'Mr', 'first': 'Oliver', 'last': 'Singh'}, 'location': {'street': {'number': 7950, 'name': 'Southampton Street'}, 'city': 'Timaru', 'state': 'Otago', ...</msg>
<var>${json_data}</var>
<arg>${response.json()}</arg>
<doc>Returns the given values which can then be assigned to a variables.</doc>
<status status="PASS" start="2024-06-07T05:15:40.340931" elapsed="0.000477"/>
</kw>
<kw name="Log" owner="BuiltIn">
<msg time="2024-06-07T05:15:40.341866" level="INFO">{'results': [{'gender': 'male', 'name': {'title': 'Mr', 'first': 'Oliver', 'last': 'Singh'}, 'location': {'street': {'number': 7950, 'name': 'Southampton Street'}, 'city': 'Timaru', 'state': 'Otago', 'country': 'New Zealand', 'postcode': 82545, 'coordinates': {'latitude': '54.1380', 'longitude': '-15.6353'}, 'timezone': {'offset': '+4:00', 'description': 'Abu Dhabi, Muscat, Baku, Tbilisi'}}, 'email': 'oliver.singh@example.com', 'login': {'uuid': 'ca9ccd9c-85e9-43de-add9-2d980a02df94', 'username': 'smallmouse222', 'password': 'stevie', 'salt': 'Fv6Km25i', 'md5': '1b1b1e8acb30e61e18d262e40400928e', 'sha1': 'cf51d4cc1675b3399ce39869256d349b64ac2383', 'sha256': '616d3382e19dd8e12a4291d6186b6662c5f5d752336919b64ff4323c3ce1a7c4'}, 'dob': {'date': '1993-09-13T03:41:44.407Z', 'age': 30}, 'registered': {'date': '2014-10-27T20:48:42.992Z', 'age': 9}, 'phone': '(060)-189-6214', 'cell': '(981)-367-8186', 'id': {'name': '', 'value': None}, 'picture': {'large': 'https://randomuser.me/api/portraits/men/51.jpg', 'medium': 'https://randomuser.me/api/portraits/med/men/51.jpg', 'thumbnail': 'https://randomuser.me/api/portraits/thumb/men/51.jpg'}, 'nat': 'NZ'}], 'info': {'seed': 'ac9af045710db10c', 'results': 1, 'page': 1, 'version': '1.4'}}</msg>
<arg>${json_data}</arg>
<doc>Logs the given message with the given level.</doc>
<status status="PASS" start="2024-06-07T05:15:40.341714" elapsed="0.000231"/>
</kw>
<kw name="Should Be Equal As Numbers" owner="BuiltIn">
<arg>${json_data['results'][0]['location']['postcode']}</arg>
<arg>${json_data['results'][0]['location']['postcode']}</arg>
<doc>Fails if objects are unequal after converting them to real numbers.</doc>
<status status="PASS" start="2024-06-07T05:15:40.342246" elapsed="0.000672"/>
</kw>
<kw name="Log" owner="BuiltIn">
<msg time="2024-06-07T05:15:40.343446" level="INFO">82545</msg>
<arg>${json_data['results'][0]['location']['postcode']}</arg>
<doc>Logs the given message with the given level.</doc>
<status status="PASS" start="2024-06-07T05:15:40.343112" elapsed="0.000375"/>
</kw>
<status status="PASS" start="2024-06-07T05:15:40.245296" elapsed="0.098444"/>
</kw>
<doc>Testa se os tipos de dados na resposta da API estão corretos.</doc>
<tag>testeTiposDados</tag>
<status status="PASS" start="2024-06-07T05:15:40.167847" elapsed="0.176055"/>
</test>
<test id="s1-s1-t5" name="Validar conteudo" line="35">
<kw name="Teste de Tipos de Conteudo" owner="random-user-service">
<kw name="GET On Session" owner="RequestsLibrary">
<msg time="2024-06-07T05:15:40.439615" level="INFO">GET Request : url=https://randomuser.me/api 
 path_url=/api 
 headers={'User-Agent': 'python-requests/2.32.3', 'Accept-Encoding': 'gzip, deflate', 'Accept': '*/*', 'Connection': 'keep-alive'} 
 body=None 
 </msg>
<msg time="2024-06-07T05:15:40.439687" level="INFO">GET Response : url=https://randomuser.me/api 
 status=200, reason=OK 
 headers={'Date': 'Fri, 07 Jun 2024 05:15:40 GMT', 'Content-Type': 'application/json; charset=utf-8', 'Transfer-Encoding': 'chunked', 'Connection': 'keep-alive', 'X-Powered-By': 'Express', 'Access-Control-Allow-Origin': '*', 'Cache-Control': 'no-cache', 'ETag': 'W/"4a7-nOWcT82ImuEL5xEWxPEs0SqMnc0"', 'Vary': 'Accept-Encoding', 'Content-Encoding': 'gzip', 'CF-Cache-Status': 'DYNAMIC', 'Report-To': '{"endpoints":[{"url":"https:\\/\\/a.nel.cloudflare.com\\/report\\/v4?s=ofHDDn%2FDm4Qu2%2FlgmTds2UxjEnPCjYlq6xDcqtCQjDq6Qn2pB5C3TNm7LCMS2vo7zAer6zabtA980pfhBhEpAYrsEJ16NjX6EfMd4lL6bAKNhxLEyFk6OcdePyZXDmu0"}],"group":"cf-nel","max_age":604800}', 'NEL': '{"success_fraction":0,"report_to":"cf-nel","max_age":604800}', 'Server': 'cloudflare', 'CF-RAY': '88fe2a692ab261d5-ORD', 'alt-svc': 'h3=":443"; ma=86400'} 
 body={"results":[{"gender":"male","name":{"title":"Mr","first":"Davi","last":"Ferreira"},"location":{"street":{"number":5819,"name":"Rua Quinze de Novembro "},"city":"Ananindeua","state":"Piauí","country":"Brazil","postcode":90750,"coordinates":{"latitude":"-73.7622","longitude":"-150.8058"},"timezone":{"offset":"+5:00","description":"Ekaterinburg, Islamabad, Karachi, Tashkent"}},"email":"davi.ferreira@example.com","login":{"uuid":"46a990ae-6363-4093-a5dc-602e6ae12bc7","username":"ticklishrabbit474","password":"funk","salt":"AnAnbKmz","md5":"0c729eb2d973203737a1fb76e5c43870","sha1":"841094e4952c84b1ed880005200373fdd32ac19d","sha256":"a95e823491b0699f45de29331824527cbadee4805b008c9004740df585abfc40"},"dob":{"date":"1945-01-07T07:42:37.164Z","age":79},"registered":{"date":"2005-01-09T18:05:49.713Z","age":19},"phone":"(36) 8116-7496","cell":"(60) 3503-3113","id":{"name":"CPF","value":"699.715.093-45"},"picture":{"large":"https://randomuser.me/api/portraits/men/91.jpg","medium":"https://randomuser.me/api/portraits/med/men/91.jpg","thumbnail":"https://randomuser.me/api/portraits/thumb/men/91.jpg"},"nat":"BR"}],"info":{"seed":"c1e3bdb806d99adb","results":1,"page":1,"version":"1.4"}} 
 </msg>
<msg time="2024-06-07T05:15:40.439748" level="INFO">/opt/hostedtoolcache/Python/3.12.3/x64/lib/python3.12/site-packages/urllib3/connectionpool.py:1103: InsecureRequestWarning: Unverified HTTPS request is being made to host 'randomuser.me'. Adding certificate verification is strongly advised. See: https://urllib3.readthedocs.io/en/latest/advanced-usage.html#tls-warnings
  warnings.warn(</msg>
<msg time="2024-06-07T05:15:40.439850" level="INFO">${response} = &lt;Response [200]&gt;</msg>
<var>${response}</var>
<arg>consultarAPI</arg>
<arg>/api</arg>
<doc>Sends a GET request on a previously created HTTP Session.</doc>
<status status="PASS" start="2024-06-07T05:15:40.346331" elapsed="0.093559"/>
</kw>
<kw name="Set Variable" owner="BuiltIn">
<msg time="2024-06-07T05:15:40.440772" level="INFO">${json_data} = {'results': [{'gender': 'male', 'name': {'title': 'Mr', 'first': 'Davi', 'last': 'Ferreira'}, 'location': {'street': {'number': 5819, 'name': 'Rua Quinze de Novembro '}, 'city': 'Ananindeua', 'state':...</msg>
<var>${json_data}</var>
<arg>${response.json()}</arg>
<doc>Returns the given values which can then be assigned to a variables.</doc>
<status status="PASS" start="2024-06-07T05:15:40.440294" elapsed="0.000506"/>
</kw>
<kw name="Set Variable" owner="BuiltIn">
<msg time="2024-06-07T05:15:40.441481" level="INFO">${name_title} = Mr</msg>
<var>${name_title}</var>
<arg>${json_data["results"][0]["name"]["title"]}</arg>
<doc>Returns the given values which can then be assigned to a variables.</doc>
<status status="PASS" start="2024-06-07T05:15:40.441103" elapsed="0.000403"/>
</kw>
<kw name="Create List" owner="BuiltIn">
<msg time="2024-06-07T05:15:40.441951" level="INFO">${allowed_titles} = ['Mr', 'Ms', 'Miss', 'Mrs', 'Madame', 'Monsieur']</msg>
<var>${allowed_titles}</var>
<arg>Mr</arg>
<arg>Ms</arg>
<arg>Miss</arg>
<arg>Mrs</arg>
<arg>Madame</arg>
<arg>Monsieur</arg>
<doc>Returns a list containing given items.</doc>
<status status="PASS" start="2024-06-07T05:15:40.441805" elapsed="0.000170"/>
</kw>
<kw name="List Should Contain Value" owner="Collections">
<msg time="2024-06-07T05:15:40.442450" level="INFO">False</msg>
<arg>${allowed_titles}</arg>
<arg>${name_title}</arg>
<doc>Fails if the ``value`` is not found from ``list``.</doc>
<status status="PASS" start="2024-06-07T05:15:40.442275" elapsed="0.000211"/>
</kw>
<kw name="Set Variable" owner="BuiltIn">
<msg time="2024-06-07T05:15:40.443358" level="INFO">${name_country} = BR</msg>
<var>${name_country}</var>
<arg>${json_data["results"][0]["nat"]}</arg>
<doc>Returns the given values which can then be assigned to a variables.</doc>
<status status="PASS" start="2024-06-07T05:15:40.442831" elapsed="0.000552"/>
</kw>
<kw name="Create List" owner="BuiltIn">
<msg time="2024-06-07T05:15:40.444295" level="INFO">${list_country} = ['AD', 'AE', 'AF', 'AG', 'AI', 'AL', 'AM', 'AO', 'AQ', 'AR', 'AS', 'AT', 'AU', 'AW', 'AX', 'AZ', 'BA', 'BB', 'BD', 'BE', 'BF', 'BG', 'BH', 'BI', 'BJ', 'BL', 'BM', 'BN', 'BO', 'BQ', 'BR', 'BS', 'BT', '...</msg>
<var>${list_country}</var>
<arg>AD</arg>
<arg>AE</arg>
<arg>AF</arg>
<arg>AG</arg>
<arg>AI</arg>
<arg>AL</arg>
<arg>AM</arg>
<arg>AO</arg>
<arg>AQ</arg>
<arg>AR</arg>
<arg>AS</arg>
<arg>AT</arg>
<arg>AU</arg>
<arg>AW</arg>
<arg>AX</arg>
<arg>AZ</arg>
<arg>BA</arg>
<arg>BB</arg>
<arg>BD</arg>
<arg>BE</arg>
<arg>BF</arg>
<arg>BG</arg>
<arg>BH</arg>
<arg>BI</arg>
<arg>BJ</arg>
<arg>BL</arg>
<arg>BM</arg>
<arg>BN</arg>
<arg>BO</arg>
<arg>BQ</arg>
<arg>BR</arg>
<arg>BS</arg>
<arg>BT</arg>
<arg>BV</arg>
<arg>BW</arg>
<arg>BY</arg>
<arg>BZ</arg>
<arg>CA</arg>
<arg>CC</arg>
<arg>CD</arg>
<arg>CF</arg>
<arg>CG</arg>
<arg>CH</arg>
<arg>CI</arg>
<arg>CK</arg>
<arg>CL</arg>
<arg>CM</arg>
<arg>CN</arg>
<arg>CO</arg>
<arg>CR</arg>
<arg>CU</arg>
<arg>CV</arg>
<arg>CW</arg>
<arg>CX</arg>
<arg>CY</arg>
<arg>CZ</arg>
<arg>DE</arg>
<arg>DJ</arg>
<arg>DK</arg>
<arg>DM</arg>
<arg>DO</arg>
<arg>DZ</arg>
<arg>EC</arg>
<arg>EE</arg>
<arg>EG</arg>
<arg>EH</arg>
<arg>ER</arg>
<arg>ES</arg>
<arg>ET</arg>
<arg>FI</arg>
<arg>FJ</arg>
<arg>FK</arg>
<arg>FM</arg>
<arg>FO</arg>
<arg>FR</arg>
<arg>GA</arg>
<arg>GB</arg>
<arg>GD</arg>
<arg>GE</arg>
<arg>GF</arg>
<arg>GG</arg>
<arg>GH</arg>
<arg>GI</arg>
<arg>GL</arg>
<arg>GM</arg>
<arg>GN</arg>
<arg>GP</arg>
<arg>GQ</arg>
<arg>GR</arg>
<arg>GS</arg>
<arg>GT</arg>
<arg>GU</arg>
<arg>GW</arg>
<arg>GY</arg>
<arg>HK</arg>
<arg>HM</arg>
<arg>HN</arg>
<arg>HR</arg>
<arg>HT</arg>
<arg>HU</arg>
<arg>ID</arg>
<arg>IE</arg>
<arg>IL</arg>
<arg>IM</arg>
<arg>IN</arg>
<arg>IO</arg>
<arg>IQ</arg>
<arg>IR</arg>
<arg>IS</arg>
<arg>IT</arg>
<arg>JE</arg>
<arg>JM</arg>
<arg>JO</arg>
<arg>JP</arg>
<arg>KE</arg>
<arg>KG</arg>
<arg>KH</arg>
<arg>KI</arg>
<arg>KM</arg>
<arg>KN</arg>
<arg>KP</arg>
<arg>KR</arg>
<arg>KW</arg>
<arg>KY</arg>
<arg>KZ</arg>
<arg>LA</arg>
<arg>LB</arg>
<arg>LC</arg>
<arg>LI</arg>
<arg>LK</arg>
<arg>LR</arg>
<arg>LS</arg>
<arg>LT</arg>
<arg>LU</arg>
<arg>LV</arg>
<arg>LY</arg>
<arg>MA</arg>
<arg>MC</arg>
<arg>MD</arg>
<arg>ME</arg>
<arg>MF</arg>
<arg>MG</arg>
<arg>MH</arg>
<arg>MK</arg>
<arg>ML</arg>
<arg>MM</arg>
<arg>MN</arg>
<arg>MO</arg>
<arg>MP</arg>
<arg>MQ</arg>
<arg>MR</arg>
<arg>MS</arg>
<arg>MT</arg>
<arg>MU</arg>
<arg>MV</arg>
<arg>MW</arg>
<arg>MX</arg>
<arg>MY</arg>
<arg>MZ</arg>
<arg>NA</arg>
<arg>NC</arg>
<arg>NE</arg>
<arg>NF</arg>
<arg>NG</arg>
<arg>NI</arg>
<arg>NL</arg>
<arg>NO</arg>
<arg>NP</arg>
<arg>NR</arg>
<arg>NU</arg>
<arg>NZ</arg>
<arg>OM</arg>
<arg>PA</arg>
<arg>PE</arg>
<arg>PF</arg>
<arg>PG</arg>
<arg>PH</arg>
<arg>PK</arg>
<arg>PL</arg>
<arg>PM</arg>
<arg>PN</arg>
<arg>PR</arg>
<arg>PS</arg>
<arg>PT</arg>
<arg>PW</arg>
<arg>PY</arg>
<arg>QA</arg>
<arg>RE</arg>
<arg>RO</arg>
<arg>RS</arg>
<arg>RU</arg>
<arg>RW</arg>
<arg>SA</arg>
<arg>SB</arg>
<arg>SC</arg>
<arg>SD</arg>
<arg>SE</arg>
<arg>SG</arg>
<arg>SH</arg>
<arg>SI</arg>
<arg>SJ</arg>
<arg>SK</arg>
<arg>SL</arg>
<arg>SM</arg>
<arg>SN</arg>
<arg>SO</arg>
<arg>SR</arg>
<arg>SS</arg>
<arg>ST</arg>
<arg>SV</arg>
<arg>SX</arg>
<arg>SY</arg>
<arg>SZ</arg>
<arg>TC</arg>
<arg>TD</arg>
<arg>TF</arg>
<arg>TG</arg>
<arg>TH</arg>
<arg>TJ</arg>
<arg>TK</arg>
<arg>TL</arg>
<arg>TM</arg>
<arg>TN</arg>
<arg>TO</arg>
<arg>TR</arg>
<arg>TT</arg>
<arg>TV</arg>
<arg>TW</arg>
<arg>TZ</arg>
<arg>UA</arg>
<arg>UG</arg>
<arg>UM</arg>
<arg>US</arg>
<arg>UY</arg>
<arg>UZ</arg>
<arg>VA</arg>
<arg>VC</arg>
<arg>VE</arg>
<arg>VG</arg>
<arg>VI</arg>
<arg>VN</arg>
<arg>VU</arg>
<arg>WF</arg>
<arg>WS</arg>
<arg>XK</arg>
<arg>YE</arg>
<arg>YT</arg>
<arg>ZA</arg>
<arg>ZM</arg>
<arg>ZW</arg>
<doc>Returns a list containing given items.</doc>
<status status="PASS" start="2024-06-07T05:15:40.443701" elapsed="0.000620"/>
</kw>
<kw name="List Should Contain Value" owner="Collections">
<msg time="2024-06-07T05:15:40.445304" level="INFO">False</msg>
<arg>${list_country}</arg>
<arg>${name_country}</arg>
<doc>Fails if the ``value`` is not found from ``list``.</doc>
<status status="PASS" start="2024-06-07T05:15:40.445103" elapsed="0.000237"/>
</kw>
<kw name="Run Keyword If" owner="BuiltIn">
<kw name="Should Be True" owner="BuiltIn">
<arg>${True}</arg>
<doc>Fails if the given condition is not true.</doc>
<status status="PASS" start="2024-06-07T05:15:40.446396" elapsed="0.000164"/>
</kw>
<arg>${json_data["results"][0]["location"]["coordinates"]["latitude"]} &gt;= -90 and ${json_data["results"][0]["location"]["coordinates"]["latitude"]} &lt;= 90</arg>
<arg>Should Be True</arg>
<arg>${True}</arg>
<doc>Runs the given keyword with the given arguments, if ``condition`` is true.</doc>
<status status="PASS" start="2024-06-07T05:15:40.445652" elapsed="0.001036"/>
</kw>
<kw name="Run Keyword If" owner="BuiltIn">
<kw name="Should Be True" owner="BuiltIn">
<arg>${True}</arg>
<doc>Fails if the given condition is not true.</doc>
<status status="PASS" start="2024-06-07T05:15:40.447560" elapsed="0.000137"/>
</kw>
<arg>${json_data["results"][0]["location"]["coordinates"]["longitude"]} &gt;= -180 and ${json_data["results"][0]["location"]["coordinates"]["longitude"]} &lt;= 180</arg>
<arg>Should Be True</arg>
<arg>${True}</arg>
<doc>Runs the given keyword with the given arguments, if ``condition`` is true.</doc>
<status status="PASS" start="2024-06-07T05:15:40.446876" elapsed="0.000944"/>
</kw>
<status status="PASS" start="2024-06-07T05:15:40.346100" elapsed="0.101846"/>
</kw>
<doc>Testa o conteúdo específico dos campos retornados pela API.</doc>
<tag>testeConteudo</tag>
<status status="PASS" start="2024-06-07T05:15:40.345658" elapsed="0.102432"/>
</test>
<status status="PASS" start="2024-06-07T05:15:39.628678" elapsed="0.821272"/>
</suite>
<status status="PASS" start="2024-06-07T05:15:39.615266" elapsed="0.839812"/>
</suite>
<statistics>
<total>
<stat pass="5" fail="0" skip="0">All Tests</stat>
</total>
<tag>
<stat pass="1" fail="0" skip="0">testeConteudo</stat>
<stat pass="1" fail="0" skip="0">testeEstruturaResposta</stat>
<stat pass="1" fail="0" skip="0">testeRequisicaoBasica</stat>
<stat pass="1" fail="0" skip="0">testeTiposDados</stat>
</tag>
<suite>
<stat pass="5" fail="0" skip="0" id="s1" name="Tests">Tests</stat>
<stat pass="5" fail="0" skip="0" id="s1-s1" name="Random-User-Test">Tests.Random-User-Test</stat>
</suite>
</statistics>
<errors>
</errors>
</robot>
