<?xml version="1.0" encoding="UTF-8"?>
<robot generator="Robot 7.0 (Python 3.12.3 on linux)" generated="2024-05-27T14:13:50.769099" rpa="false" schemaversion="5">
<suite id="s1" name="Tests" source="/home/runner/work/ApiRandomUser/ApiRandomUser/RamdonUser/tests">
<suite id="s1-s1" name="Random-User-Test" source="/home/runner/work/ApiRandomUser/ApiRandomUser/RamdonUser/tests/random-user-test.robot">
<test id="s1-s1-t1" name="Conectar" line="13">
<kw name="Conectar API" owner="random-user-service">
<kw name="Create Session" owner="RequestsLibrary">
<msg time="2024-05-27T14:13:51.165917" level="INFO">Creating Session using : alias=consultarAPI, url=https://randomuser.me/, headers={},                     cookies={}, auth=None, timeout=None, proxies=None, verify=False,                     debug=0 </msg>
<arg>consultarAPI</arg>
<arg>${URL}</arg>
<doc>Create Session: create a HTTP session to a server</doc>
<status status="PASS" start="2024-05-27T14:13:51.165703" elapsed="0.000385"/>
</kw>
<status status="PASS" start="2024-05-27T14:13:51.164627" elapsed="0.001832"/>
</kw>
<status status="PASS" start="2024-05-27T14:13:51.164012" elapsed="0.002643"/>
</test>
<test id="s1-s1-t2" name="Validar retorno 200 e JSON Válido" line="16">
<kw name="Teste de Requisicao Basica" owner="random-user-service">
<kw name="GET On Session" owner="RequestsLibrary">
<msg time="2024-05-27T14:13:51.286791" level="INFO">GET Request : url=https://randomuser.me/api 
 path_url=/api 
 headers={'User-Agent': 'python-requests/2.32.2', 'Accept-Encoding': 'gzip, deflate', 'Accept': '*/*', 'Connection': 'keep-alive'} 
 body=None 
 </msg>
<msg time="2024-05-27T14:13:51.286943" level="INFO">GET Response : url=https://randomuser.me/api 
 status=200, reason=OK 
 headers={'Date': 'Mon, 27 May 2024 14:13:51 GMT', 'Content-Type': 'application/json; charset=utf-8', 'Transfer-Encoding': 'chunked', 'Connection': 'keep-alive', 'X-Powered-By': 'Express', 'Access-Control-Allow-Origin': '*', 'Cache-Control': 'no-cache', 'ETag': 'W/"4a7-GEVY+HnNenMpFOX/KgiInCqD+2s"', 'Vary': 'Accept-Encoding', 'Content-Encoding': 'gzip', 'CF-Cache-Status': 'DYNAMIC', 'Report-To': '{"endpoints":[{"url":"https:\\/\\/a.nel.cloudflare.com\\/report\\/v4?s=143hjnfGVL84zxzcoqJO0%2FZAJdO4u0FINfJ0v%2BGW3fKLuqU0JRtytdbNShQ1FlppWGCtUGrS0A0flYtcVvLzddMUOLppOiJ65tSL9tjWPXgceNCrUsB1bH7LNbATYcQW"}],"group":"cf-nel","max_age":604800}', 'NEL': '{"success_fraction":0,"report_to":"cf-nel","max_age":604800}', 'Server': 'cloudflare', 'CF-RAY': '88a69ba2fa92251d-SJC', 'alt-svc': 'h3=":443"; ma=86400'} 
 body={"results":[{"gender":"male","name":{"title":"Mr","first":"Dário","last":"da Conceição"},"location":{"street":{"number":1629,"name":"Beco dos Namorados"},"city":"Chapecó","state":"Paraná","country":"Brazil","postcode":31958,"coordinates":{"latitude":"-80.2315","longitude":"-179.7179"},"timezone":{"offset":"-5:00","description":"Eastern Time (US &amp; Canada), Bogota, Lima"}},"email":"dario.daconceicao@example.com","login":{"uuid":"43421383-826c-4c3e-976a-7758d763a881","username":"greenmouse537","password":"jose","salt":"GkxWYn6L","md5":"386d2d557ba4600c98c1d8d9c034e35a","sha1":"0c318c762914dac0627e86b0c0ea5c484498b87b","sha256":"6dc4557215fc13c00bb3c04161806a1e99d5769b99ac27e04220a12ba365c150"},"dob":{"date":"1971-08-20T03:13:08.632Z","age":52},"registered":{"date":"2009-07-02T13:44:57.728Z","age":14},"phone":"(84) 4265-5016","cell":"(54) 0277-9875","id":{"name":"CPF","value":"187.469.410-57"},"picture":{"large":"https://randomuser.me/api/portraits/men/54.jpg","medium":"https://randomuser.me/api/portraits/med/men/54.jpg","thumbnail":"https://randomuser.me/api/portraits/thumb/men/54.jpg"},"nat":"BR"}],"info":{"seed":"3ecd2a8365c7aa20","results":1,"page":1,"version":"1.4"}} 
 </msg>
<msg time="2024-05-27T14:13:51.287050" level="INFO">/opt/hostedtoolcache/Python/3.12.3/x64/lib/python3.12/site-packages/urllib3/connectionpool.py:1103: InsecureRequestWarning: Unverified HTTPS request is being made to host 'randomuser.me'. Adding certificate verification is strongly advised. See: https://urllib3.readthedocs.io/en/latest/advanced-usage.html#tls-warnings
  warnings.warn(</msg>
<msg time="2024-05-27T14:13:51.287199" level="INFO">${response} = &lt;Response [200]&gt;</msg>
<var>${response}</var>
<arg>consultarAPI</arg>
<arg>/api</arg>
<doc>Sends a GET request on a previously created HTTP Session.</doc>
<status status="PASS" start="2024-05-27T14:13:51.169375" elapsed="0.117878"/>
</kw>
<kw name="Should Be Equal As Numbers" owner="BuiltIn">
<msg time="2024-05-27T14:13:51.288707" level="INFO">Argument types are:
&lt;class 'int'&gt;
&lt;class 'str'&gt;</msg>
<arg>${response.status_code}</arg>
<arg>200</arg>
<doc>Fails if objects are unequal after converting them to real numbers.</doc>
<status status="PASS" start="2024-05-27T14:13:51.288046" elapsed="0.000728"/>
</kw>
<kw name="Log" owner="BuiltIn">
<msg time="2024-05-27T14:13:51.289528" level="INFO">200</msg>
<arg>${response.status_code}</arg>
<doc>Logs the given message with the given level.</doc>
<status status="PASS" start="2024-05-27T14:13:51.289128" elapsed="0.000448"/>
</kw>
<kw name="Set Variable" owner="BuiltIn">
<msg time="2024-05-27T14:13:51.290336" level="INFO">${json_data} = {'results': [{'gender': 'male', 'name': {'title': 'Mr', 'first': 'Dário', 'last': 'da Conceição'}, 'location': {'street': {'number': 1629, 'name': 'Beco dos Namorados'}, 'city': 'Chapecó', 'state': 'P...</msg>
<var>${json_data}</var>
<arg>${response.json()}</arg>
<doc>Returns the given values which can then be assigned to a variables.</doc>
<status status="PASS" start="2024-05-27T14:13:51.289888" elapsed="0.000478"/>
</kw>
<kw name="Dictionary Should Contain Key" owner="Collections">
<msg time="2024-05-27T14:13:51.290854" level="INFO">False</msg>
<arg>${json_data}</arg>
<arg>results</arg>
<doc>Fails if ``key`` is not found from ``dictionary``.</doc>
<status status="PASS" start="2024-05-27T14:13:51.290680" elapsed="0.000357"/>
</kw>
<status status="PASS" start="2024-05-27T14:13:51.169126" elapsed="0.122176"/>
</kw>
<doc>Testa se a API responde corretamente e retorna um objeto JSON válido.</doc>
<tag>testeRequisicaoBasica</tag>
<status status="PASS" start="2024-05-27T14:13:51.168579" elapsed="0.122903"/>
</test>
<test id="s1-s1-t3" name="Validar estrutura de resposta" line="22">
<kw name="Teste de Estrutura de Resposta" owner="random-user-service">
<kw name="GET On Session" owner="RequestsLibrary">
<msg time="2024-05-27T14:13:51.399455" level="INFO">GET Request : url=https://randomuser.me/api 
 path_url=/api 
 headers={'User-Agent': 'python-requests/2.32.2', 'Accept-Encoding': 'gzip, deflate', 'Accept': '*/*', 'Connection': 'keep-alive'} 
 body=None 
 </msg>
<msg time="2024-05-27T14:13:51.399605" level="INFO">GET Response : url=https://randomuser.me/api 
 status=200, reason=OK 
 headers={'Date': 'Mon, 27 May 2024 14:13:51 GMT', 'Content-Type': 'application/json; charset=utf-8', 'Transfer-Encoding': 'chunked', 'Connection': 'keep-alive', 'X-Powered-By': 'Express', 'Access-Control-Allow-Origin': '*', 'Cache-Control': 'no-cache', 'ETag': 'W/"49b-QPiy7MQpIvw7RHLuQL1OHFmh+0w"', 'Vary': 'Accept-Encoding', 'Content-Encoding': 'gzip', 'CF-Cache-Status': 'DYNAMIC', 'Report-To': '{"endpoints":[{"url":"https:\\/\\/a.nel.cloudflare.com\\/report\\/v4?s=b%2FI1HL5oCuUkM5jYdN%2F1bb2OM%2Fm4bpurm4TI4aCBx9VIZgI4NFIyEO9r24JXgmTth1HIx315ZJFKlJPe%2FOu5vRViTJDE1%2BhE3byNYmfDh7DeuTQVcYrBaJ9nBt8cGsrU"}],"group":"cf-nel","max_age":604800}', 'NEL': '{"success_fraction":0,"report_to":"cf-nel","max_age":604800}', 'Server': 'cloudflare', 'CF-RAY': '88a69ba39b01251d-SJC', 'alt-svc': 'h3=":443"; ma=86400'} 
 body={"results":[{"gender":"male","name":{"title":"Mr","first":"Jessie","last":"Brewer"},"location":{"street":{"number":7158,"name":"Oaks Cross"},"city":"Manchester","state":"Grampian","country":"United Kingdom","postcode":"T2 6YD","coordinates":{"latitude":"-6.5785","longitude":"-55.7721"},"timezone":{"offset":"-4:00","description":"Atlantic Time (Canada), Caracas, La Paz"}},"email":"jessie.brewer@example.com","login":{"uuid":"714b8863-c63e-4a1c-9105-a2cfbb10f8a5","username":"angrygoose693","password":"athens","salt":"Xzn6NgV2","md5":"5b75ded88b021d972fda4ab1fb47c5dd","sha1":"2e53ae6ee682c3edfa872999801a5ec05d7f658b","sha256":"495e960b968d307e2a0d3451d2333310147dfa21e1169f972f78cbcd09cde480"},"dob":{"date":"1953-03-14T16:53:50.226Z","age":71},"registered":{"date":"2018-05-31T20:32:13.152Z","age":5},"phone":"013873 88472","cell":"07921 367235","id":{"name":"NINO","value":"JL 66 54 54 B"},"picture":{"large":"https://randomuser.me/api/portraits/men/99.jpg","medium":"https://randomuser.me/api/portraits/med/men/99.jpg","thumbnail":"https://randomuser.me/api/portraits/thumb/men/99.jpg"},"nat":"GB"}],"info":{"seed":"5be01de873d5886d","results":1,"page":1,"version":"1.4"}} 
 </msg>
<msg time="2024-05-27T14:13:51.399831" level="INFO">/opt/hostedtoolcache/Python/3.12.3/x64/lib/python3.12/site-packages/urllib3/connectionpool.py:1103: InsecureRequestWarning: Unverified HTTPS request is being made to host 'randomuser.me'. Adding certificate verification is strongly advised. See: https://urllib3.readthedocs.io/en/latest/advanced-usage.html#tls-warnings
  warnings.warn(</msg>
<msg time="2024-05-27T14:13:51.400033" level="INFO">${response} = &lt;Response [200]&gt;</msg>
<var>${response}</var>
<arg>consultarAPI</arg>
<arg>/api</arg>
<doc>Sends a GET request on a previously created HTTP Session.</doc>
<status status="PASS" start="2024-05-27T14:13:51.294186" elapsed="0.105912"/>
</kw>
<kw name="Set Variable" owner="BuiltIn">
<msg time="2024-05-27T14:13:51.401189" level="INFO">${json_data} = {'results': [{'gender': 'male', 'name': {'title': 'Mr', 'first': 'Jessie', 'last': 'Brewer'}, 'location': {'street': {'number': 7158, 'name': 'Oaks Cross'}, 'city': 'Manchester', 'state': 'Grampian', ...</msg>
<var>${json_data}</var>
<arg>${response.json()}</arg>
<doc>Returns the given values which can then be assigned to a variables.</doc>
<status status="PASS" start="2024-05-27T14:13:51.400684" elapsed="0.000536"/>
</kw>
<kw name="Log" owner="BuiltIn">
<msg time="2024-05-27T14:13:51.401732" level="INFO">{'results': [{'gender': 'male', 'name': {'title': 'Mr', 'first': 'Jessie', 'last': 'Brewer'}, 'location': {'street': {'number': 7158, 'name': 'Oaks Cross'}, 'city': 'Manchester', 'state': 'Grampian', 'country': 'United Kingdom', 'postcode': 'T2 6YD', 'coordinates': {'latitude': '-6.5785', 'longitude': '-55.7721'}, 'timezone': {'offset': '-4:00', 'description': 'Atlantic Time (Canada), Caracas, La Paz'}}, 'email': 'jessie.brewer@example.com', 'login': {'uuid': '714b8863-c63e-4a1c-9105-a2cfbb10f8a5', 'username': 'angrygoose693', 'password': 'athens', 'salt': 'Xzn6NgV2', 'md5': '5b75ded88b021d972fda4ab1fb47c5dd', 'sha1': '2e53ae6ee682c3edfa872999801a5ec05d7f658b', 'sha256': '495e960b968d307e2a0d3451d2333310147dfa21e1169f972f78cbcd09cde480'}, 'dob': {'date': '1953-03-14T16:53:50.226Z', 'age': 71}, 'registered': {'date': '2018-05-31T20:32:13.152Z', 'age': 5}, 'phone': '013873 88472', 'cell': '07921 367235', 'id': {'name': 'NINO', 'value': 'JL 66 54 54 B'}, 'picture': {'large': 'https://randomuser.me/api/portraits/men/99.jpg', 'medium': 'https://randomuser.me/api/portraits/med/men/99.jpg', 'thumbnail': 'https://randomuser.me/api/portraits/thumb/men/99.jpg'}, 'nat': 'GB'}], 'info': {'seed': '5be01de873d5886d', 'results': 1, 'page': 1, 'version': '1.4'}}</msg>
<arg>${json_data}</arg>
<doc>Logs the given message with the given level.</doc>
<status status="PASS" start="2024-05-27T14:13:51.401574" elapsed="0.000206"/>
</kw>
<kw name="Dictionary Should Contain Key" owner="Collections">
<msg time="2024-05-27T14:13:51.402228" level="INFO">False</msg>
<arg>${json_data}</arg>
<arg>results</arg>
<doc>Fails if ``key`` is not found from ``dictionary``.</doc>
<status status="PASS" start="2024-05-27T14:13:51.402075" elapsed="0.000189"/>
</kw>
<kw name="Should Not Be Empty" owner="BuiltIn">
<msg time="2024-05-27T14:13:51.402693" level="INFO">Length is 2.</msg>
<arg>${json_data}</arg>
<doc>Verifies that the given item is not empty.</doc>
<status status="PASS" start="2024-05-27T14:13:51.402556" elapsed="0.000174"/>
</kw>
<kw name="Create List" owner="BuiltIn">
<msg time="2024-05-27T14:13:51.403168" level="INFO">${expected_keys} = ['gender', 'name', 'location', 'email', 'login']</msg>
<var>${expected_keys}</var>
<arg>gender</arg>
<arg>name</arg>
<arg>location</arg>
<arg>email</arg>
<arg>login</arg>
<doc>Returns a list containing given items.</doc>
<status status="PASS" start="2024-05-27T14:13:51.403021" elapsed="0.000170"/>
</kw>
<for flavor="IN">
<iter>
<kw name="Dictionary Should Contain Key" owner="Collections">
<msg time="2024-05-27T14:13:51.404187" level="INFO">False</msg>
<arg>${json_data['results'][0]}</arg>
<arg>${key}</arg>
<doc>Fails if ``key`` is not found from ``dictionary``.</doc>
<status status="PASS" start="2024-05-27T14:13:51.403775" elapsed="0.000451"/>
</kw>
<kw name="Log" owner="BuiltIn">
<msg time="2024-05-27T14:13:51.404902" level="INFO">{'gender': 'male', 'name': {'title': 'Mr', 'first': 'Jessie', 'last': 'Brewer'}, 'location': {'street': {'number': 7158, 'name': 'Oaks Cross'}, 'city': 'Manchester', 'state': 'Grampian', 'country': 'United Kingdom', 'postcode': 'T2 6YD', 'coordinates': {'latitude': '-6.5785', 'longitude': '-55.7721'}, 'timezone': {'offset': '-4:00', 'description': 'Atlantic Time (Canada), Caracas, La Paz'}}, 'email': 'jessie.brewer@example.com', 'login': {'uuid': '714b8863-c63e-4a1c-9105-a2cfbb10f8a5', 'username': 'angrygoose693', 'password': 'athens', 'salt': 'Xzn6NgV2', 'md5': '5b75ded88b021d972fda4ab1fb47c5dd', 'sha1': '2e53ae6ee682c3edfa872999801a5ec05d7f658b', 'sha256': '495e960b968d307e2a0d3451d2333310147dfa21e1169f972f78cbcd09cde480'}, 'dob': {'date': '1953-03-14T16:53:50.226Z', 'age': 71}, 'registered': {'date': '2018-05-31T20:32:13.152Z', 'age': 5}, 'phone': '013873 88472', 'cell': '07921 367235', 'id': {'name': 'NINO', 'value': 'JL 66 54 54 B'}, 'picture': {'large': 'https://randomuser.me/api/portraits/men/99.jpg', 'medium': 'https://randomuser.me/api/portraits/med/men/99.jpg', 'thumbnail': 'https://randomuser.me/api/portraits/thumb/men/99.jpg'}, 'nat': 'GB'}</msg>
<arg>${json_data['results'][0]}</arg>
<doc>Logs the given message with the given level.</doc>
<status status="PASS" start="2024-05-27T14:13:51.404528" elapsed="0.000424"/>
</kw>
<kw name="Log" owner="BuiltIn">
<msg time="2024-05-27T14:13:51.405400" level="INFO">gender</msg>
<arg>${key}</arg>
<doc>Logs the given message with the given level.</doc>
<status status="PASS" start="2024-05-27T14:13:51.405253" elapsed="0.000188"/>
</kw>
<var name="${key}">gender</var>
<status status="PASS" start="2024-05-27T14:13:51.403648" elapsed="0.002017"/>
</iter>
<iter>
<kw name="Dictionary Should Contain Key" owner="Collections">
<msg time="2024-05-27T14:13:51.406358" level="INFO">False</msg>
<arg>${json_data['results'][0]}</arg>
<arg>${key}</arg>
<doc>Fails if ``key`` is not found from ``dictionary``.</doc>
<status status="PASS" start="2024-05-27T14:13:51.405969" elapsed="0.000425"/>
</kw>
<kw name="Log" owner="BuiltIn">
<msg time="2024-05-27T14:13:51.407083" level="INFO">{'gender': 'male', 'name': {'title': 'Mr', 'first': 'Jessie', 'last': 'Brewer'}, 'location': {'street': {'number': 7158, 'name': 'Oaks Cross'}, 'city': 'Manchester', 'state': 'Grampian', 'country': 'United Kingdom', 'postcode': 'T2 6YD', 'coordinates': {'latitude': '-6.5785', 'longitude': '-55.7721'}, 'timezone': {'offset': '-4:00', 'description': 'Atlantic Time (Canada), Caracas, La Paz'}}, 'email': 'jessie.brewer@example.com', 'login': {'uuid': '714b8863-c63e-4a1c-9105-a2cfbb10f8a5', 'username': 'angrygoose693', 'password': 'athens', 'salt': 'Xzn6NgV2', 'md5': '5b75ded88b021d972fda4ab1fb47c5dd', 'sha1': '2e53ae6ee682c3edfa872999801a5ec05d7f658b', 'sha256': '495e960b968d307e2a0d3451d2333310147dfa21e1169f972f78cbcd09cde480'}, 'dob': {'date': '1953-03-14T16:53:50.226Z', 'age': 71}, 'registered': {'date': '2018-05-31T20:32:13.152Z', 'age': 5}, 'phone': '013873 88472', 'cell': '07921 367235', 'id': {'name': 'NINO', 'value': 'JL 66 54 54 B'}, 'picture': {'large': 'https://randomuser.me/api/portraits/men/99.jpg', 'medium': 'https://randomuser.me/api/portraits/med/men/99.jpg', 'thumbnail': 'https://randomuser.me/api/portraits/thumb/men/99.jpg'}, 'nat': 'GB'}</msg>
<arg>${json_data['results'][0]}</arg>
<doc>Logs the given message with the given level.</doc>
<status status="PASS" start="2024-05-27T14:13:51.406713" elapsed="0.000419"/>
</kw>
<kw name="Log" owner="BuiltIn">
<msg time="2024-05-27T14:13:51.407559" level="INFO">name</msg>
<arg>${key}</arg>
<doc>Logs the given message with the given level.</doc>
<status status="PASS" start="2024-05-27T14:13:51.407432" elapsed="0.000163"/>
</kw>
<var name="${key}">name</var>
<status status="PASS" start="2024-05-27T14:13:51.405853" elapsed="0.001961"/>
</iter>
<iter>
<kw name="Dictionary Should Contain Key" owner="Collections">
<msg time="2024-05-27T14:13:51.408483" level="INFO">False</msg>
<arg>${json_data['results'][0]}</arg>
<arg>${key}</arg>
<doc>Fails if ``key`` is not found from ``dictionary``.</doc>
<status status="PASS" start="2024-05-27T14:13:51.408105" elapsed="0.000415"/>
</kw>
<kw name="Log" owner="BuiltIn">
<msg time="2024-05-27T14:13:51.409183" level="INFO">{'gender': 'male', 'name': {'title': 'Mr', 'first': 'Jessie', 'last': 'Brewer'}, 'location': {'street': {'number': 7158, 'name': 'Oaks Cross'}, 'city': 'Manchester', 'state': 'Grampian', 'country': 'United Kingdom', 'postcode': 'T2 6YD', 'coordinates': {'latitude': '-6.5785', 'longitude': '-55.7721'}, 'timezone': {'offset': '-4:00', 'description': 'Atlantic Time (Canada), Caracas, La Paz'}}, 'email': 'jessie.brewer@example.com', 'login': {'uuid': '714b8863-c63e-4a1c-9105-a2cfbb10f8a5', 'username': 'angrygoose693', 'password': 'athens', 'salt': 'Xzn6NgV2', 'md5': '5b75ded88b021d972fda4ab1fb47c5dd', 'sha1': '2e53ae6ee682c3edfa872999801a5ec05d7f658b', 'sha256': '495e960b968d307e2a0d3451d2333310147dfa21e1169f972f78cbcd09cde480'}, 'dob': {'date': '1953-03-14T16:53:50.226Z', 'age': 71}, 'registered': {'date': '2018-05-31T20:32:13.152Z', 'age': 5}, 'phone': '013873 88472', 'cell': '07921 367235', 'id': {'name': 'NINO', 'value': 'JL 66 54 54 B'}, 'picture': {'large': 'https://randomuser.me/api/portraits/men/99.jpg', 'medium': 'https://randomuser.me/api/portraits/med/men/99.jpg', 'thumbnail': 'https://randomuser.me/api/portraits/thumb/men/99.jpg'}, 'nat': 'GB'}</msg>
<arg>${json_data['results'][0]}</arg>
<doc>Logs the given message with the given level.</doc>
<status status="PASS" start="2024-05-27T14:13:51.408819" elapsed="0.000413"/>
</kw>
<kw name="Log" owner="BuiltIn">
<msg time="2024-05-27T14:13:51.409683" level="INFO">location</msg>
<arg>${key}</arg>
<doc>Logs the given message with the given level.</doc>
<status status="PASS" start="2024-05-27T14:13:51.409557" elapsed="0.000162"/>
</kw>
<var name="${key}">location</var>
<status status="PASS" start="2024-05-27T14:13:51.407991" elapsed="0.001942"/>
</iter>
<iter>
<kw name="Dictionary Should Contain Key" owner="Collections">
<msg time="2024-05-27T14:13:51.410709" level="INFO">False</msg>
<arg>${json_data['results'][0]}</arg>
<arg>${key}</arg>
<doc>Fails if ``key`` is not found from ``dictionary``.</doc>
<status status="PASS" start="2024-05-27T14:13:51.410214" elapsed="0.000532"/>
</kw>
<kw name="Log" owner="BuiltIn">
<msg time="2024-05-27T14:13:51.411407" level="INFO">{'gender': 'male', 'name': {'title': 'Mr', 'first': 'Jessie', 'last': 'Brewer'}, 'location': {'street': {'number': 7158, 'name': 'Oaks Cross'}, 'city': 'Manchester', 'state': 'Grampian', 'country': 'United Kingdom', 'postcode': 'T2 6YD', 'coordinates': {'latitude': '-6.5785', 'longitude': '-55.7721'}, 'timezone': {'offset': '-4:00', 'description': 'Atlantic Time (Canada), Caracas, La Paz'}}, 'email': 'jessie.brewer@example.com', 'login': {'uuid': '714b8863-c63e-4a1c-9105-a2cfbb10f8a5', 'username': 'angrygoose693', 'password': 'athens', 'salt': 'Xzn6NgV2', 'md5': '5b75ded88b021d972fda4ab1fb47c5dd', 'sha1': '2e53ae6ee682c3edfa872999801a5ec05d7f658b', 'sha256': '495e960b968d307e2a0d3451d2333310147dfa21e1169f972f78cbcd09cde480'}, 'dob': {'date': '1953-03-14T16:53:50.226Z', 'age': 71}, 'registered': {'date': '2018-05-31T20:32:13.152Z', 'age': 5}, 'phone': '013873 88472', 'cell': '07921 367235', 'id': {'name': 'NINO', 'value': 'JL 66 54 54 B'}, 'picture': {'large': 'https://randomuser.me/api/portraits/men/99.jpg', 'medium': 'https://randomuser.me/api/portraits/med/men/99.jpg', 'thumbnail': 'https://randomuser.me/api/portraits/thumb/men/99.jpg'}, 'nat': 'GB'}</msg>
<arg>${json_data['results'][0]}</arg>
<doc>Logs the given message with the given level.</doc>
<status status="PASS" start="2024-05-27T14:13:51.411043" elapsed="0.000412"/>
</kw>
<kw name="Log" owner="BuiltIn">
<msg time="2024-05-27T14:13:51.411874" level="INFO">email</msg>
<arg>${key}</arg>
<doc>Logs the given message with the given level.</doc>
<status status="PASS" start="2024-05-27T14:13:51.411748" elapsed="0.000171"/>
</kw>
<var name="${key}">email</var>
<status status="PASS" start="2024-05-27T14:13:51.410102" elapsed="0.002031"/>
</iter>
<iter>
<kw name="Dictionary Should Contain Key" owner="Collections">
<msg time="2024-05-27T14:13:51.412802" level="INFO">False</msg>
<arg>${json_data['results'][0]}</arg>
<arg>${key}</arg>
<doc>Fails if ``key`` is not found from ``dictionary``.</doc>
<status status="PASS" start="2024-05-27T14:13:51.412417" elapsed="0.000421"/>
</kw>
<kw name="Log" owner="BuiltIn">
<msg time="2024-05-27T14:13:51.413522" level="INFO">{'gender': 'male', 'name': {'title': 'Mr', 'first': 'Jessie', 'last': 'Brewer'}, 'location': {'street': {'number': 7158, 'name': 'Oaks Cross'}, 'city': 'Manchester', 'state': 'Grampian', 'country': 'United Kingdom', 'postcode': 'T2 6YD', 'coordinates': {'latitude': '-6.5785', 'longitude': '-55.7721'}, 'timezone': {'offset': '-4:00', 'description': 'Atlantic Time (Canada), Caracas, La Paz'}}, 'email': 'jessie.brewer@example.com', 'login': {'uuid': '714b8863-c63e-4a1c-9105-a2cfbb10f8a5', 'username': 'angrygoose693', 'password': 'athens', 'salt': 'Xzn6NgV2', 'md5': '5b75ded88b021d972fda4ab1fb47c5dd', 'sha1': '2e53ae6ee682c3edfa872999801a5ec05d7f658b', 'sha256': '495e960b968d307e2a0d3451d2333310147dfa21e1169f972f78cbcd09cde480'}, 'dob': {'date': '1953-03-14T16:53:50.226Z', 'age': 71}, 'registered': {'date': '2018-05-31T20:32:13.152Z', 'age': 5}, 'phone': '013873 88472', 'cell': '07921 367235', 'id': {'name': 'NINO', 'value': 'JL 66 54 54 B'}, 'picture': {'large': 'https://randomuser.me/api/portraits/men/99.jpg', 'medium': 'https://randomuser.me/api/portraits/med/men/99.jpg', 'thumbnail': 'https://randomuser.me/api/portraits/thumb/men/99.jpg'}, 'nat': 'GB'}</msg>
<arg>${json_data['results'][0]}</arg>
<doc>Logs the given message with the given level.</doc>
<status status="PASS" start="2024-05-27T14:13:51.413131" elapsed="0.000448"/>
</kw>
<kw name="Log" owner="BuiltIn">
<msg time="2024-05-27T14:13:51.413997" level="INFO">login</msg>
<arg>${key}</arg>
<doc>Logs the given message with the given level.</doc>
<status status="PASS" start="2024-05-27T14:13:51.413871" elapsed="0.000162"/>
</kw>
<var name="${key}">login</var>
<status status="PASS" start="2024-05-27T14:13:51.412305" elapsed="0.001968"/>
</iter>
<var>${key}</var>
<value>@{expected_keys}</value>
<status status="PASS" start="2024-05-27T14:13:51.403458" elapsed="0.010936"/>
</for>
<kw name="Create List" owner="BuiltIn">
<msg time="2024-05-27T14:13:51.414723" level="INFO">${expected_keysTwo} = ['username', 'password']</msg>
<var>${expected_keysTwo}</var>
<arg>username</arg>
<arg>password</arg>
<doc>Returns a list containing given items.</doc>
<status status="PASS" start="2024-05-27T14:13:51.414588" elapsed="0.000158"/>
</kw>
<for flavor="IN">
<iter>
<kw name="Dictionary Should Contain Key" owner="Collections">
<msg time="2024-05-27T14:13:51.415624" level="INFO">False</msg>
<arg>${json_data['results'][0]['login']}</arg>
<arg>${keyTwo}</arg>
<doc>Fails if ``key`` is not found from ``dictionary``.</doc>
<status status="PASS" start="2024-05-27T14:13:51.415240" elapsed="0.000421"/>
</kw>
<kw name="Dictionary Should Contain Key" owner="Collections">
<msg time="2024-05-27T14:13:51.416336" level="INFO">False</msg>
<arg>${json_data['results'][0]['login']}</arg>
<arg>${keyTwo}</arg>
<doc>Fails if ``key`` is not found from ``dictionary``.</doc>
<status status="PASS" start="2024-05-27T14:13:51.415952" elapsed="0.000420"/>
</kw>
<kw name="Log" owner="BuiltIn">
<msg time="2024-05-27T14:13:51.416788" level="INFO">username</msg>
<arg>${keyTwo}</arg>
<doc>Logs the given message with the given level.</doc>
<status status="PASS" start="2024-05-27T14:13:51.416663" elapsed="0.000160"/>
</kw>
<var name="${keyTwo}">username</var>
<status status="PASS" start="2024-05-27T14:13:51.415131" elapsed="0.001904"/>
</iter>
<iter>
<kw name="Dictionary Should Contain Key" owner="Collections">
<msg time="2024-05-27T14:13:51.417745" level="INFO">False</msg>
<arg>${json_data['results'][0]['login']}</arg>
<arg>${keyTwo}</arg>
<doc>Fails if ``key`` is not found from ``dictionary``.</doc>
<status status="PASS" start="2024-05-27T14:13:51.417320" elapsed="0.000462"/>
</kw>
<kw name="Dictionary Should Contain Key" owner="Collections">
<msg time="2024-05-27T14:13:51.418450" level="INFO">False</msg>
<arg>${json_data['results'][0]['login']}</arg>
<arg>${keyTwo}</arg>
<doc>Fails if ``key`` is not found from ``dictionary``.</doc>
<status status="PASS" start="2024-05-27T14:13:51.418076" elapsed="0.000410"/>
</kw>
<kw name="Log" owner="BuiltIn">
<msg time="2024-05-27T14:13:51.418896" level="INFO">password</msg>
<arg>${keyTwo}</arg>
<doc>Logs the given message with the given level.</doc>
<status status="PASS" start="2024-05-27T14:13:51.418773" elapsed="0.000158"/>
</kw>
<var name="${keyTwo}">password</var>
<status status="PASS" start="2024-05-27T14:13:51.417210" elapsed="0.001930"/>
</iter>
<var>${keyTwo}</var>
<value>@{expected_keysTwo}</value>
<status status="PASS" start="2024-05-27T14:13:51.414982" elapsed="0.004274"/>
</for>
<status status="PASS" start="2024-05-27T14:13:51.293948" elapsed="0.125443"/>
</kw>
<doc>Testa a estrutura da resposta da API.</doc>
<tag>testeEstruturaResposta</tag>
<status status="PASS" start="2024-05-27T14:13:51.293292" elapsed="0.126246"/>
</test>
<test id="s1-s1-t4" name="Validar tipos de dados" line="28">
<kw name="Teste de Tipos de Dados" owner="random-user-service">
<kw name="GET On Session" owner="RequestsLibrary">
<msg time="2024-05-27T14:13:51.513159" level="INFO">GET Request : url=https://randomuser.me/api 
 path_url=/api 
 headers={'User-Agent': 'python-requests/2.32.2', 'Accept-Encoding': 'gzip, deflate', 'Accept': '*/*', 'Connection': 'keep-alive'} 
 body=None 
 </msg>
<msg time="2024-05-27T14:13:51.513274" level="INFO">GET Response : url=https://randomuser.me/api 
 status=200, reason=OK 
 headers={'Date': 'Mon, 27 May 2024 14:13:51 GMT', 'Content-Type': 'application/json; charset=utf-8', 'Transfer-Encoding': 'chunked', 'Connection': 'keep-alive', 'X-Powered-By': 'Express', 'Access-Control-Allow-Origin': '*', 'Cache-Control': 'no-cache', 'ETag': 'W/"4a3-X6GCfIaPTo9YIweayX1YwvQAhpM"', 'Vary': 'Accept-Encoding', 'Content-Encoding': 'gzip', 'CF-Cache-Status': 'DYNAMIC', 'Report-To': '{"endpoints":[{"url":"https:\\/\\/a.nel.cloudflare.com\\/report\\/v4?s=SwMyvAktBe9bMdi84RHWHtysHxyFT%2B0EACYrHNRJEJmlSe6r57jQEjklmyCkZ9XeN25uC9gaN7OczsjHVq1xTMDUnT8718AOfYAkw%2FmEGM2OJl%2Bf8VJFWftWpbBSGTbm"}],"group":"cf-nel","max_age":604800}', 'NEL': '{"success_fraction":0,"report_to":"cf-nel","max_age":604800}', 'Server': 'cloudflare', 'CF-RAY': '88a69ba46b9b251d-SJC', 'alt-svc': 'h3=":443"; ma=86400'} 
 body={"results":[{"gender":"male","name":{"title":"Mr","first":"Dylan","last":"Tremblay"},"location":{"street":{"number":355,"name":"Lake of Bays Road"},"city":"Kingston","state":"New Brunswick","country":"Canada","postcode":"L3G 8E5","coordinates":{"latitude":"-70.1524","longitude":"-117.8882"},"timezone":{"offset":"0:00","description":"Western Europe Time, London, Lisbon, Casablanca"}},"email":"dylan.tremblay@example.com","login":{"uuid":"4e70983d-8178-4858-b350-8b9e89504bd9","username":"goldenbird592","password":"castor","salt":"GfBFHvIn","md5":"1395fde27037eb1d7795e51cd77a4a2d","sha1":"62b7535847609b995216f8a64a21c9e6913142e4","sha256":"bd30c62b5dbf09495d179493bc9f1050ca07ed41d838db84329ff10e19a77d99"},"dob":{"date":"1984-01-20T12:16:28.252Z","age":40},"registered":{"date":"2014-06-27T04:16:16.286Z","age":9},"phone":"N63 A27-8553","cell":"U33 L21-0360","id":{"name":"SIN","value":"211918305"},"picture":{"large":"https://randomuser.me/api/portraits/men/91.jpg","medium":"https://randomuser.me/api/portraits/med/men/91.jpg","thumbnail":"https://randomuser.me/api/portraits/thumb/men/91.jpg"},"nat":"CA"}],"info":{"seed":"8c62da30a2cda648","results":1,"page":1,"version":"1.4"}} 
 </msg>
<msg time="2024-05-27T14:13:51.513425" level="INFO">/opt/hostedtoolcache/Python/3.12.3/x64/lib/python3.12/site-packages/urllib3/connectionpool.py:1103: InsecureRequestWarning: Unverified HTTPS request is being made to host 'randomuser.me'. Adding certificate verification is strongly advised. See: https://urllib3.readthedocs.io/en/latest/advanced-usage.html#tls-warnings
  warnings.warn(</msg>
<msg time="2024-05-27T14:13:51.513558" level="INFO">${response} = &lt;Response [200]&gt;</msg>
<var>${response}</var>
<arg>consultarAPI</arg>
<arg>/api</arg>
<doc>Sends a GET request on a previously created HTTP Session.</doc>
<status status="PASS" start="2024-05-27T14:13:51.422030" elapsed="0.091582"/>
</kw>
<kw name="Set Variable" owner="BuiltIn">
<msg time="2024-05-27T14:13:51.514697" level="INFO">${json_data} = {'results': [{'gender': 'male', 'name': {'title': 'Mr', 'first': 'Dylan', 'last': 'Tremblay'}, 'location': {'street': {'number': 355, 'name': 'Lake of Bays Road'}, 'city': 'Kingston', 'state': 'New Br...</msg>
<var>${json_data}</var>
<arg>${response.json()}</arg>
<doc>Returns the given values which can then be assigned to a variables.</doc>
<status status="PASS" start="2024-05-27T14:13:51.514100" elapsed="0.000630"/>
</kw>
<kw name="Log" owner="BuiltIn">
<msg time="2024-05-27T14:13:51.515275" level="INFO">{'results': [{'gender': 'male', 'name': {'title': 'Mr', 'first': 'Dylan', 'last': 'Tremblay'}, 'location': {'street': {'number': 355, 'name': 'Lake of Bays Road'}, 'city': 'Kingston', 'state': 'New Brunswick', 'country': 'Canada', 'postcode': 'L3G 8E5', 'coordinates': {'latitude': '-70.1524', 'longitude': '-117.8882'}, 'timezone': {'offset': '0:00', 'description': 'Western Europe Time, London, Lisbon, Casablanca'}}, 'email': 'dylan.tremblay@example.com', 'login': {'uuid': '4e70983d-8178-4858-b350-8b9e89504bd9', 'username': 'goldenbird592', 'password': 'castor', 'salt': 'GfBFHvIn', 'md5': '1395fde27037eb1d7795e51cd77a4a2d', 'sha1': '62b7535847609b995216f8a64a21c9e6913142e4', 'sha256': 'bd30c62b5dbf09495d179493bc9f1050ca07ed41d838db84329ff10e19a77d99'}, 'dob': {'date': '1984-01-20T12:16:28.252Z', 'age': 40}, 'registered': {'date': '2014-06-27T04:16:16.286Z', 'age': 9}, 'phone': 'N63 A27-8553', 'cell': 'U33 L21-0360', 'id': {'name': 'SIN', 'value': '211918305'}, 'picture': {'large': 'https://randomuser.me/api/portraits/men/91.jpg', 'medium': 'https://randomuser.me/api/portraits/med/men/91.jpg', 'thumbnail': 'https://randomuser.me/api/portraits/thumb/men/91.jpg'}, 'nat': 'CA'}], 'info': {'seed': '8c62da30a2cda648', 'results': 1, 'page': 1, 'version': '1.4'}}</msg>
<arg>${json_data}</arg>
<doc>Logs the given message with the given level.</doc>
<status status="PASS" start="2024-05-27T14:13:51.515096" elapsed="0.000272"/>
</kw>
<kw name="Should Be String" owner="String">
<arg>${json_data['results'][0]['gender']}</arg>
<doc>Fails if the given ``item`` is not a string.</doc>
<status status="PASS" start="2024-05-27T14:13:51.515696" elapsed="0.000405"/>
</kw>
<kw name="Should Match Regexp" owner="BuiltIn">
<arg>${json_data['results'][0]['email']}</arg>
<arg>^[a-zA-Z0-9._%+-]+@[a-zA-Z0-9.-]+\.[a-zA-Z]{2,}$</arg>
<doc>Fails if ``string`` does not match ``pattern`` as a regular expression.</doc>
<status status="PASS" start="2024-05-27T14:13:51.516310" elapsed="0.000649"/>
</kw>
<kw name="Should Match Regexp" owner="BuiltIn">
<arg>${json_data['results'][0]['dob']['date']}</arg>
<arg>\\d{4}-\\d{2}-\\d{2}T\\d{2}:\\d{2}:\\d{2}\\.\\d{3}Z</arg>
<doc>Fails if ``string`` does not match ``pattern`` as a regular expression.</doc>
<status status="PASS" start="2024-05-27T14:13:51.517160" elapsed="0.000531"/>
</kw>
<kw name="Should Match Regexp" owner="BuiltIn">
<arg>${json_data['results'][0]['registered']['date']}</arg>
<arg>\\d{4}-\\d{2}-\\d{2}T\\d{2}:\\d{2}:\\d{2}\\.\\d{3}Z</arg>
<doc>Fails if ``string`` does not match ``pattern`` as a regular expression.</doc>
<status status="PASS" start="2024-05-27T14:13:51.517890" elapsed="0.000375"/>
</kw>
<kw name="Should Match Regexp" owner="BuiltIn">
<arg>${json_data['results'][0]['picture']['large']}</arg>
<arg>^https?://.*\.(?:png|jpe?g|gif|bmp)$</arg>
<doc>Fails if ``string`` does not match ``pattern`` as a regular expression.</doc>
<status status="PASS" start="2024-05-27T14:13:51.518456" elapsed="0.000472"/>
</kw>
<kw name="Should Match Regexp" owner="BuiltIn">
<arg>${json_data['results'][0]['picture']['medium']}</arg>
<arg>^https?://.*\.(?:png|jpe?g|gif|bmp)$</arg>
<doc>Fails if ``string`` does not match ``pattern`` as a regular expression.</doc>
<status status="PASS" start="2024-05-27T14:13:51.519122" elapsed="0.000357"/>
</kw>
<kw name="Should Match Regexp" owner="BuiltIn">
<arg>${json_data['results'][0]['picture']['thumbnail']}</arg>
<arg>^https?://.*\.(?:png|jpe?g|gif|bmp)$</arg>
<doc>Fails if ``string`` does not match ``pattern`` as a regular expression.</doc>
<status status="PASS" start="2024-05-27T14:13:51.519668" elapsed="0.000352"/>
</kw>
<kw name="Log" owner="BuiltIn">
<msg time="2024-05-27T14:13:51.520541" level="INFO">{'large': 'https://randomuser.me/api/portraits/men/91.jpg', 'medium': 'https://randomuser.me/api/portraits/med/men/91.jpg', 'thumbnail': 'https://randomuser.me/api/portraits/thumb/men/91.jpg'}</msg>
<arg>${json_data['results'][0]['picture']}</arg>
<doc>Logs the given message with the given level.</doc>
<status status="PASS" start="2024-05-27T14:13:51.520202" elapsed="0.000402"/>
</kw>
<status status="PASS" start="2024-05-27T14:13:51.421791" elapsed="0.099193"/>
</kw>
<kw name="Teste de Tipos de Dados - Postcode" owner="random-user-service">
<kw name="GET On Session" owner="RequestsLibrary">
<msg time="2024-05-27T14:13:51.614270" level="INFO">GET Request : url=https://randomuser.me/api 
 path_url=/api 
 headers={'User-Agent': 'python-requests/2.32.2', 'Accept-Encoding': 'gzip, deflate', 'Accept': '*/*', 'Connection': 'keep-alive'} 
 body=None 
 </msg>
<msg time="2024-05-27T14:13:51.614385" level="INFO">GET Response : url=https://randomuser.me/api 
 status=200, reason=OK 
 headers={'Date': 'Mon, 27 May 2024 14:13:51 GMT', 'Content-Type': 'application/json; charset=utf-8', 'Transfer-Encoding': 'chunked', 'Connection': 'keep-alive', 'X-Powered-By': 'Express', 'Access-Control-Allow-Origin': '*', 'Cache-Control': 'no-cache', 'ETag': 'W/"49c-QqQW9RiJ0P5Wx7Qmb9f58AA7pO8"', 'Vary': 'Accept-Encoding', 'Content-Encoding': 'gzip', 'CF-Cache-Status': 'DYNAMIC', 'Report-To': '{"endpoints":[{"url":"https:\\/\\/a.nel.cloudflare.com\\/report\\/v4?s=PiBGsYuVp8jJZwVOTPlhO9xj0JiJQuopwdctOjEwq18aXzaAuTvMe3XVPoKHhJHAFqRiXnyTiuSZxUEWH6hNUYvBIJlo8pmT3VRnexo4629dhak%2BNfU9Pr%2BXcs%2FIyXTj"}],"group":"cf-nel","max_age":604800}', 'NEL': '{"success_fraction":0,"report_to":"cf-nel","max_age":604800}', 'Server': 'cloudflare', 'CF-RAY': '88a69ba50c0b251d-SJC', 'alt-svc': 'h3=":443"; ma=86400'} 
 body={"results":[{"gender":"male","name":{"title":"Mr","first":"Angus","last":"Thomas"},"location":{"street":{"number":9707,"name":"Ravensbourne Road"},"city":"Whangarei","state":"Manawatu-Wanganui","country":"New Zealand","postcode":55522,"coordinates":{"latitude":"48.4400","longitude":"-46.7879"},"timezone":{"offset":"-4:00","description":"Atlantic Time (Canada), Caracas, La Paz"}},"email":"angus.thomas@example.com","login":{"uuid":"1b4fbf58-eb2b-441e-b801-5f7eaa965f26","username":"angrybutterfly432","password":"lesley","salt":"5QjUre4m","md5":"6e78c73f87fdd0e364a83104a86c39cc","sha1":"0a57e74160aec182696d2da440820d75b29c6b03","sha256":"c9c3ab8930ca4bd8c6d0197ea10ca0699c221a0d6dd7eed29c2b277e927d202f"},"dob":{"date":"2001-02-15T07:32:36.309Z","age":23},"registered":{"date":"2011-12-26T06:46:04.178Z","age":12},"phone":"(666)-339-1491","cell":"(231)-812-2478","id":{"name":"","value":null},"picture":{"large":"https://randomuser.me/api/portraits/men/89.jpg","medium":"https://randomuser.me/api/portraits/med/men/89.jpg","thumbnail":"https://randomuser.me/api/portraits/thumb/men/89.jpg"},"nat":"NZ"}],"info":{"seed":"e6c09f9f094a6096","results":1,"page":1,"version":"1.4"}} 
 </msg>
<msg time="2024-05-27T14:13:51.614498" level="INFO">/opt/hostedtoolcache/Python/3.12.3/x64/lib/python3.12/site-packages/urllib3/connectionpool.py:1103: InsecureRequestWarning: Unverified HTTPS request is being made to host 'randomuser.me'. Adding certificate verification is strongly advised. See: https://urllib3.readthedocs.io/en/latest/advanced-usage.html#tls-warnings
  warnings.warn(</msg>
<msg time="2024-05-27T14:13:51.614656" level="INFO">${response} = &lt;Response [200]&gt;</msg>
<var>${response}</var>
<arg>consultarAPI</arg>
<arg>/api</arg>
<doc>Sends a GET request on a previously created HTTP Session.</doc>
<status status="PASS" start="2024-05-27T14:13:51.521682" elapsed="0.093029"/>
</kw>
<kw name="Set Variable" owner="BuiltIn">
<msg time="2024-05-27T14:13:51.616325" level="INFO">${json_data} = {'results': [{'gender': 'male', 'name': {'title': 'Mr', 'first': 'Angus', 'last': 'Thomas'}, 'location': {'street': {'number': 9707, 'name': 'Ravensbourne Road'}, 'city': 'Whangarei', 'state': 'Manawa...</msg>
<var>${json_data}</var>
<arg>${response.json()}</arg>
<doc>Returns the given values which can then be assigned to a variables.</doc>
<status status="PASS" start="2024-05-27T14:13:51.615403" elapsed="0.000958"/>
</kw>
<kw name="Log" owner="BuiltIn">
<msg time="2024-05-27T14:13:51.616876" level="INFO">{'results': [{'gender': 'male', 'name': {'title': 'Mr', 'first': 'Angus', 'last': 'Thomas'}, 'location': {'street': {'number': 9707, 'name': 'Ravensbourne Road'}, 'city': 'Whangarei', 'state': 'Manawatu-Wanganui', 'country': 'New Zealand', 'postcode': 55522, 'coordinates': {'latitude': '48.4400', 'longitude': '-46.7879'}, 'timezone': {'offset': '-4:00', 'description': 'Atlantic Time (Canada), Caracas, La Paz'}}, 'email': 'angus.thomas@example.com', 'login': {'uuid': '1b4fbf58-eb2b-441e-b801-5f7eaa965f26', 'username': 'angrybutterfly432', 'password': 'lesley', 'salt': '5QjUre4m', 'md5': '6e78c73f87fdd0e364a83104a86c39cc', 'sha1': '0a57e74160aec182696d2da440820d75b29c6b03', 'sha256': 'c9c3ab8930ca4bd8c6d0197ea10ca0699c221a0d6dd7eed29c2b277e927d202f'}, 'dob': {'date': '2001-02-15T07:32:36.309Z', 'age': 23}, 'registered': {'date': '2011-12-26T06:46:04.178Z', 'age': 12}, 'phone': '(666)-339-1491', 'cell': '(231)-812-2478', 'id': {'name': '', 'value': None}, 'picture': {'large': 'https://randomuser.me/api/portraits/men/89.jpg', 'medium': 'https://randomuser.me/api/portraits/med/men/89.jpg', 'thumbnail': 'https://randomuser.me/api/portraits/thumb/men/89.jpg'}, 'nat': 'NZ'}], 'info': {'seed': 'e6c09f9f094a6096', 'results': 1, 'page': 1, 'version': '1.4'}}</msg>
<arg>${json_data}</arg>
<doc>Logs the given message with the given level.</doc>
<status status="PASS" start="2024-05-27T14:13:51.616713" elapsed="0.000247"/>
</kw>
<kw name="Should Be Equal As Numbers" owner="BuiltIn">
<arg>${json_data['results'][0]['location']['postcode']}</arg>
<arg>${json_data['results'][0]['location']['postcode']}</arg>
<doc>Fails if objects are unequal after converting them to real numbers.</doc>
<status status="PASS" start="2024-05-27T14:13:51.617278" elapsed="0.000752"/>
</kw>
<kw name="Log" owner="BuiltIn">
<msg time="2024-05-27T14:13:51.618596" level="INFO">55522</msg>
<arg>${json_data['results'][0]['location']['postcode']}</arg>
<doc>Logs the given message with the given level.</doc>
<status status="PASS" start="2024-05-27T14:13:51.618240" elapsed="0.000397"/>
</kw>
<status status="PASS" start="2024-05-27T14:13:51.521315" elapsed="0.097579"/>
</kw>
<doc>Testa se os tipos de dados na resposta da API estão corretos.</doc>
<tag>testeTiposDados</tag>
<status status="PASS" start="2024-05-27T14:13:51.421300" elapsed="0.197758"/>
</test>
<test id="s1-s1-t5" name="Validar conteudo" line="35">
<kw name="Teste de Tipos de Conteudo" owner="random-user-service">
<kw name="GET On Session" owner="RequestsLibrary">
<msg time="2024-05-27T14:13:51.712333" level="INFO">GET Request : url=https://randomuser.me/api 
 path_url=/api 
 headers={'User-Agent': 'python-requests/2.32.2', 'Accept-Encoding': 'gzip, deflate', 'Accept': '*/*', 'Connection': 'keep-alive'} 
 body=None 
 </msg>
<msg time="2024-05-27T14:13:51.712421" level="INFO">GET Response : url=https://randomuser.me/api 
 status=200, reason=OK 
 headers={'Date': 'Mon, 27 May 2024 14:13:51 GMT', 'Content-Type': 'application/json; charset=utf-8', 'Transfer-Encoding': 'chunked', 'Connection': 'keep-alive', 'X-Powered-By': 'Express', 'Access-Control-Allow-Origin': '*', 'Cache-Control': 'no-cache', 'ETag': 'W/"47a-Qs3gYoDRdwi+E/gf6aHPznUUn6w"', 'Vary': 'Accept-Encoding', 'Content-Encoding': 'gzip', 'CF-Cache-Status': 'DYNAMIC', 'Report-To': '{"endpoints":[{"url":"https:\\/\\/a.nel.cloudflare.com\\/report\\/v4?s=VZhkOrjMQ5ujlnbkjtHz%2Buv0b2tejh9niKfEe5snNlkW%2BXcze%2B7ueOwM3CQR5TmGLOOmOw%2F53ZsKZ8pQq%2FYtaZj5K6g0xHosbIUSO4vBqQbCzdsxLKHyJaxR2CIpsAhq"}],"group":"cf-nel","max_age":604800}', 'NEL': '{"success_fraction":0,"report_to":"cf-nel","max_age":604800}', 'Server': 'cloudflare', 'CF-RAY': '88a69ba5ac76251d-SJC', 'alt-svc': 'h3=":443"; ma=86400'} 
 body={"results":[{"gender":"male","name":{"title":"Mr","first":"Yavolod","last":"Kis"},"location":{"street":{"number":2315,"name":"Borodina"},"city":"Bahmach","state":"Ternopilska","country":"Ukraine","postcode":26754,"coordinates":{"latitude":"74.0097","longitude":"-75.8080"},"timezone":{"offset":"+4:00","description":"Abu Dhabi, Muscat, Baku, Tbilisi"}},"email":"yavolod.kis@example.com","login":{"uuid":"f6a310c2-a8f5-4260-845e-8ceaea4ea0c7","username":"greentiger559","password":"compaq1","salt":"QI9vjzcX","md5":"42849473700293ffac310f16e5ba9e36","sha1":"5109f8a42416b2a7602a8354ef26da8b60eec806","sha256":"365b52402f8bfa6376288db94ee56f74d7cd10f43e7c426fa50d38c58b5d3faf"},"dob":{"date":"1987-11-20T13:52:25.787Z","age":36},"registered":{"date":"2020-12-12T15:33:08.623Z","age":3},"phone":"(099) Q29-6074","cell":"(099) W29-8268","id":{"name":"","value":null},"picture":{"large":"https://randomuser.me/api/portraits/men/68.jpg","medium":"https://randomuser.me/api/portraits/med/men/68.jpg","thumbnail":"https://randomuser.me/api/portraits/thumb/men/68.jpg"},"nat":"UA"}],"info":{"seed":"e20478b553588f48","results":1,"page":1,"version":"1.4"}} 
 </msg>
<msg time="2024-05-27T14:13:51.712500" level="INFO">/opt/hostedtoolcache/Python/3.12.3/x64/lib/python3.12/site-packages/urllib3/connectionpool.py:1103: InsecureRequestWarning: Unverified HTTPS request is being made to host 'randomuser.me'. Adding certificate verification is strongly advised. See: https://urllib3.readthedocs.io/en/latest/advanced-usage.html#tls-warnings
  warnings.warn(</msg>
<msg time="2024-05-27T14:13:51.712624" level="INFO">${response} = &lt;Response [200]&gt;</msg>
<var>${response}</var>
<arg>consultarAPI</arg>
<arg>/api</arg>
<doc>Sends a GET request on a previously created HTTP Session.</doc>
<status status="PASS" start="2024-05-27T14:13:51.621757" elapsed="0.090922"/>
</kw>
<kw name="Set Variable" owner="BuiltIn">
<msg time="2024-05-27T14:13:51.714275" level="INFO">${json_data} = {'results': [{'gender': 'male', 'name': {'title': 'Mr', 'first': 'Yavolod', 'last': 'Kis'}, 'location': {'street': {'number': 2315, 'name': 'Borodina'}, 'city': 'Bahmach', 'state': 'Ternopilska', 'cou...</msg>
<var>${json_data}</var>
<arg>${response.json()}</arg>
<doc>Returns the given values which can then be assigned to a variables.</doc>
<status status="PASS" start="2024-05-27T14:13:51.713355" elapsed="0.000951"/>
</kw>
<kw name="Set Variable" owner="BuiltIn">
<msg time="2024-05-27T14:13:51.715059" level="INFO">${name_title} = Mr</msg>
<var>${name_title}</var>
<arg>${json_data["results"][0]["name"]["title"]}</arg>
<doc>Returns the given values which can then be assigned to a variables.</doc>
<status status="PASS" start="2024-05-27T14:13:51.714630" elapsed="0.000456"/>
</kw>
<kw name="Create List" owner="BuiltIn">
<msg time="2024-05-27T14:13:51.715566" level="INFO">${allowed_titles} = ['Mr', 'Ms', 'Miss', 'Mrs', 'Madame', 'Monsieur']</msg>
<var>${allowed_titles}</var>
<arg>Mr</arg>
<arg>Ms</arg>
<arg>Miss</arg>
<arg>Mrs</arg>
<arg>Madame</arg>
<arg>Monsieur</arg>
<doc>Returns a list containing given items.</doc>
<status status="PASS" start="2024-05-27T14:13:51.715414" elapsed="0.000176"/>
</kw>
<kw name="List Should Contain Value" owner="Collections">
<msg time="2024-05-27T14:13:51.716080" level="INFO">False</msg>
<arg>${allowed_titles}</arg>
<arg>${name_title}</arg>
<doc>Fails if the ``value`` is not found from ``list``.</doc>
<status status="PASS" start="2024-05-27T14:13:51.715902" elapsed="0.000215"/>
</kw>
<kw name="Set Variable" owner="BuiltIn">
<msg time="2024-05-27T14:13:51.716947" level="INFO">${name_country} = UA</msg>
<var>${name_country}</var>
<arg>${json_data["results"][0]["nat"]}</arg>
<doc>Returns the given values which can then be assigned to a variables.</doc>
<status status="PASS" start="2024-05-27T14:13:51.716415" elapsed="0.000557"/>
</kw>
<kw name="Create List" owner="BuiltIn">
<msg time="2024-05-27T14:13:51.717994" level="INFO">${list_country} = ['AD', 'AE', 'AF', 'AG', 'AI', 'AL', 'AM', 'AO', 'AQ', 'AR', 'AS', 'AT', 'AU', 'AW', 'AX', 'AZ', 'BA', 'BB', 'BD', 'BE', 'BF', 'BG', 'BH', 'BI', 'BJ', 'BL', 'BM', 'BN', 'BO', 'BQ', 'BR', 'BS', 'BT', '...</msg>
<var>${list_country}</var>
<arg>AD</arg>
<arg>AE</arg>
<arg>AF</arg>
<arg>AG</arg>
<arg>AI</arg>
<arg>AL</arg>
<arg>AM</arg>
<arg>AO</arg>
<arg>AQ</arg>
<arg>AR</arg>
<arg>AS</arg>
<arg>AT</arg>
<arg>AU</arg>
<arg>AW</arg>
<arg>AX</arg>
<arg>AZ</arg>
<arg>BA</arg>
<arg>BB</arg>
<arg>BD</arg>
<arg>BE</arg>
<arg>BF</arg>
<arg>BG</arg>
<arg>BH</arg>
<arg>BI</arg>
<arg>BJ</arg>
<arg>BL</arg>
<arg>BM</arg>
<arg>BN</arg>
<arg>BO</arg>
<arg>BQ</arg>
<arg>BR</arg>
<arg>BS</arg>
<arg>BT</arg>
<arg>BV</arg>
<arg>BW</arg>
<arg>BY</arg>
<arg>BZ</arg>
<arg>CA</arg>
<arg>CC</arg>
<arg>CD</arg>
<arg>CF</arg>
<arg>CG</arg>
<arg>CH</arg>
<arg>CI</arg>
<arg>CK</arg>
<arg>CL</arg>
<arg>CM</arg>
<arg>CN</arg>
<arg>CO</arg>
<arg>CR</arg>
<arg>CU</arg>
<arg>CV</arg>
<arg>CW</arg>
<arg>CX</arg>
<arg>CY</arg>
<arg>CZ</arg>
<arg>DE</arg>
<arg>DJ</arg>
<arg>DK</arg>
<arg>DM</arg>
<arg>DO</arg>
<arg>DZ</arg>
<arg>EC</arg>
<arg>EE</arg>
<arg>EG</arg>
<arg>EH</arg>
<arg>ER</arg>
<arg>ES</arg>
<arg>ET</arg>
<arg>FI</arg>
<arg>FJ</arg>
<arg>FK</arg>
<arg>FM</arg>
<arg>FO</arg>
<arg>FR</arg>
<arg>GA</arg>
<arg>GB</arg>
<arg>GD</arg>
<arg>GE</arg>
<arg>GF</arg>
<arg>GG</arg>
<arg>GH</arg>
<arg>GI</arg>
<arg>GL</arg>
<arg>GM</arg>
<arg>GN</arg>
<arg>GP</arg>
<arg>GQ</arg>
<arg>GR</arg>
<arg>GS</arg>
<arg>GT</arg>
<arg>GU</arg>
<arg>GW</arg>
<arg>GY</arg>
<arg>HK</arg>
<arg>HM</arg>
<arg>HN</arg>
<arg>HR</arg>
<arg>HT</arg>
<arg>HU</arg>
<arg>ID</arg>
<arg>IE</arg>
<arg>IL</arg>
<arg>IM</arg>
<arg>IN</arg>
<arg>IO</arg>
<arg>IQ</arg>
<arg>IR</arg>
<arg>IS</arg>
<arg>IT</arg>
<arg>JE</arg>
<arg>JM</arg>
<arg>JO</arg>
<arg>JP</arg>
<arg>KE</arg>
<arg>KG</arg>
<arg>KH</arg>
<arg>KI</arg>
<arg>KM</arg>
<arg>KN</arg>
<arg>KP</arg>
<arg>KR</arg>
<arg>KW</arg>
<arg>KY</arg>
<arg>KZ</arg>
<arg>LA</arg>
<arg>LB</arg>
<arg>LC</arg>
<arg>LI</arg>
<arg>LK</arg>
<arg>LR</arg>
<arg>LS</arg>
<arg>LT</arg>
<arg>LU</arg>
<arg>LV</arg>
<arg>LY</arg>
<arg>MA</arg>
<arg>MC</arg>
<arg>MD</arg>
<arg>ME</arg>
<arg>MF</arg>
<arg>MG</arg>
<arg>MH</arg>
<arg>MK</arg>
<arg>ML</arg>
<arg>MM</arg>
<arg>MN</arg>
<arg>MO</arg>
<arg>MP</arg>
<arg>MQ</arg>
<arg>MR</arg>
<arg>MS</arg>
<arg>MT</arg>
<arg>MU</arg>
<arg>MV</arg>
<arg>MW</arg>
<arg>MX</arg>
<arg>MY</arg>
<arg>MZ</arg>
<arg>NA</arg>
<arg>NC</arg>
<arg>NE</arg>
<arg>NF</arg>
<arg>NG</arg>
<arg>NI</arg>
<arg>NL</arg>
<arg>NO</arg>
<arg>NP</arg>
<arg>NR</arg>
<arg>NU</arg>
<arg>NZ</arg>
<arg>OM</arg>
<arg>PA</arg>
<arg>PE</arg>
<arg>PF</arg>
<arg>PG</arg>
<arg>PH</arg>
<arg>PK</arg>
<arg>PL</arg>
<arg>PM</arg>
<arg>PN</arg>
<arg>PR</arg>
<arg>PS</arg>
<arg>PT</arg>
<arg>PW</arg>
<arg>PY</arg>
<arg>QA</arg>
<arg>RE</arg>
<arg>RO</arg>
<arg>RS</arg>
<arg>RU</arg>
<arg>RW</arg>
<arg>SA</arg>
<arg>SB</arg>
<arg>SC</arg>
<arg>SD</arg>
<arg>SE</arg>
<arg>SG</arg>
<arg>SH</arg>
<arg>SI</arg>
<arg>SJ</arg>
<arg>SK</arg>
<arg>SL</arg>
<arg>SM</arg>
<arg>SN</arg>
<arg>SO</arg>
<arg>SR</arg>
<arg>SS</arg>
<arg>ST</arg>
<arg>SV</arg>
<arg>SX</arg>
<arg>SY</arg>
<arg>SZ</arg>
<arg>TC</arg>
<arg>TD</arg>
<arg>TF</arg>
<arg>TG</arg>
<arg>TH</arg>
<arg>TJ</arg>
<arg>TK</arg>
<arg>TL</arg>
<arg>TM</arg>
<arg>TN</arg>
<arg>TO</arg>
<arg>TR</arg>
<arg>TT</arg>
<arg>TV</arg>
<arg>TW</arg>
<arg>TZ</arg>
<arg>UA</arg>
<arg>UG</arg>
<arg>UM</arg>
<arg>US</arg>
<arg>UY</arg>
<arg>UZ</arg>
<arg>VA</arg>
<arg>VC</arg>
<arg>VE</arg>
<arg>VG</arg>
<arg>VI</arg>
<arg>VN</arg>
<arg>VU</arg>
<arg>WF</arg>
<arg>WS</arg>
<arg>XK</arg>
<arg>YE</arg>
<arg>YT</arg>
<arg>ZA</arg>
<arg>ZM</arg>
<arg>ZW</arg>
<doc>Returns a list containing given items.</doc>
<status status="PASS" start="2024-05-27T14:13:51.717284" elapsed="0.000738"/>
</kw>
<kw name="List Should Contain Value" owner="Collections">
<msg time="2024-05-27T14:13:51.719152" level="INFO">False</msg>
<arg>${list_country}</arg>
<arg>${name_country}</arg>
<doc>Fails if the ``value`` is not found from ``list``.</doc>
<status status="PASS" start="2024-05-27T14:13:51.718931" elapsed="0.000257"/>
</kw>
<kw name="Run Keyword If" owner="BuiltIn">
<kw name="Should Be True" owner="BuiltIn">
<arg>${True}</arg>
<doc>Fails if the given condition is not true.</doc>
<status status="PASS" start="2024-05-27T14:13:51.720275" elapsed="0.000144"/>
</kw>
<arg>${json_data["results"][0]["location"]["coordinates"]["latitude"]} &gt;= -90 and ${json_data["results"][0]["location"]["coordinates"]["latitude"]} &lt;= 90</arg>
<arg>Should Be True</arg>
<arg>${True}</arg>
<doc>Runs the given keyword with the given arguments, if ``condition`` is true.</doc>
<status status="PASS" start="2024-05-27T14:13:51.719507" elapsed="0.001040"/>
</kw>
<kw name="Run Keyword If" owner="BuiltIn">
<kw name="Should Be True" owner="BuiltIn">
<arg>${True}</arg>
<doc>Fails if the given condition is not true.</doc>
<status status="PASS" start="2024-05-27T14:13:51.721473" elapsed="0.000147"/>
</kw>
<arg>${json_data["results"][0]["location"]["coordinates"]["longitude"]} &gt;= -180 and ${json_data["results"][0]["location"]["coordinates"]["longitude"]} &lt;= 180</arg>
<arg>Should Be True</arg>
<arg>${True}</arg>
<doc>Runs the given keyword with the given arguments, if ``condition`` is true.</doc>
<status status="PASS" start="2024-05-27T14:13:51.720734" elapsed="0.001010"/>
</kw>
<status status="PASS" start="2024-05-27T14:13:51.621529" elapsed="0.100343"/>
</kw>
<doc>Testa o conteúdo específico dos campos retornados pela API.</doc>
<tag>testeConteudo</tag>
<status status="PASS" start="2024-05-27T14:13:51.620935" elapsed="0.101081"/>
</test>
<status status="PASS" start="2024-05-27T14:13:50.827968" elapsed="0.896069"/>
</suite>
<status status="PASS" start="2024-05-27T14:13:50.814411" elapsed="0.914987"/>
</suite>
<statistics>
<total>
<stat pass="5" fail="0" skip="0">All Tests</stat>
</total>
<tag>
<stat pass="1" fail="0" skip="0">testeConteudo</stat>
<stat pass="1" fail="0" skip="0">testeEstruturaResposta</stat>
<stat pass="1" fail="0" skip="0">testeRequisicaoBasica</stat>
<stat pass="1" fail="0" skip="0">testeTiposDados</stat>
</tag>
<suite>
<stat pass="5" fail="0" skip="0" id="s1" name="Tests">Tests</stat>
<stat pass="5" fail="0" skip="0" id="s1-s1" name="Random-User-Test">Tests.Random-User-Test</stat>
</suite>
</statistics>
<errors>
</errors>
</robot>
