<?xml version="1.0" encoding="UTF-8"?>
<robot generator="Robot 7.0 (Python 3.12.2 on linux)" generated="2024-04-08T20:16:41.592936" rpa="false" schemaversion="5">
<suite id="s1" name="Tests" source="/home/runner/work/DesafioQAItauRogerioJordao/DesafioQAItauRogerioJordao/RamdonUser/tests">
<suite id="s1-s1" name="Random-User-Test" source="/home/runner/work/DesafioQAItauRogerioJordao/DesafioQAItauRogerioJordao/RamdonUser/tests/random-user-test.robot">
<test id="s1-s1-t1" name="Conectar" line="13">
<kw name="Conectar API" owner="random-user-service">
<kw name="Create Session" owner="RequestsLibrary">
<msg time="2024-04-08T20:16:41.993580" level="INFO">Creating Session using : alias=consultarAPI, url=https://randomuser.me/, headers={},                     cookies={}, auth=None, timeout=None, proxies=None, verify=False,                     debug=0 </msg>
<arg>consultarAPI</arg>
<arg>${URL}</arg>
<doc>Create Session: create a HTTP session to a server</doc>
<status status="PASS" start="2024-04-08T20:16:41.993360" elapsed="0.000443"/>
</kw>
<status status="PASS" start="2024-04-08T20:16:41.992268" elapsed="0.001936"/>
</kw>
<status status="PASS" start="2024-04-08T20:16:41.991608" elapsed="0.002828"/>
</test>
<test id="s1-s1-t2" name="Validar retorno 200 e JSON Válido" line="16">
<kw name="Teste de Requisicao Basica" owner="random-user-service">
<kw name="GET On Session" owner="RequestsLibrary">
<msg time="2024-04-08T20:16:42.156539" level="INFO">GET Request : url=https://randomuser.me/api 
 path_url=/api 
 headers={'User-Agent': 'python-requests/2.31.0', 'Accept-Encoding': 'gzip, deflate', 'Accept': '*/*', 'Connection': 'keep-alive'} 
 body=None 
 </msg>
<msg time="2024-04-08T20:16:42.156692" level="INFO">GET Response : url=https://randomuser.me/api 
 status=200, reason=OK 
 headers={'Date': 'Mon, 08 Apr 2024 20:16:42 GMT', 'Content-Type': 'application/json; charset=utf-8', 'Transfer-Encoding': 'chunked', 'Connection': 'keep-alive', 'X-Powered-By': 'Express', 'Access-Control-Allow-Origin': '*', 'Cache-Control': 'no-cache', 'ETag': 'W/"477-vsGW8NGgumN3yqqXEY9r+yjkCUI"', 'Vary': 'Accept-Encoding', 'Content-Encoding': 'gzip', 'CF-Cache-Status': 'DYNAMIC', 'Report-To': '{"endpoints":[{"url":"https:\\/\\/a.nel.cloudflare.com\\/report\\/v4?s=UKEXEQdJcHRj8ixkR1drmLMRa2mslaq6XcaL4HWFOo1shbzX5EitDK%2FNAT15o459WTy7G%2BDqc4UlnKqyTi8IW8sPee5UjjP6ZJi4FR4gpHIgyGzUCDd4uuXu4HAZ3Lu5"}],"group":"cf-nel","max_age":604800}', 'NEL': '{"success_fraction":0,"report_to":"cf-nel","max_age":604800}', 'Server': 'cloudflare', 'CF-RAY': '8714efc6efb17bbb-LAX', 'alt-svc': 'h3=":443"; ma=86400'} 
 body={"results":[{"gender":"male","name":{"title":"Mr","first":"Marco","last":"Blanco"},"location":{"street":{"number":5792,"name":"Calle de Argumosa"},"city":"Vigo","state":"La Rioja","country":"Spain","postcode":61790,"coordinates":{"latitude":"-38.3761","longitude":"-30.4568"},"timezone":{"offset":"-11:00","description":"Midway Island, Samoa"}},"email":"marco.blanco@example.com","login":{"uuid":"b0095fc9-ec9d-47ab-8f5f-2c95144a28f9","username":"greenwolf265","password":"weiner","salt":"4VL2CMTq","md5":"b0b4582b760c43bfb1b8c22bce0803d9","sha1":"4576fa267ac4abbe3a956768265b5606d61d1df3","sha256":"0e231c9239dfde476bc1d82031bd734642091fe52050645fb8e55c1eafb02cc2"},"dob":{"date":"1989-01-05T22:49:17.852Z","age":35},"registered":{"date":"2013-10-02T03:21:13.930Z","age":10},"phone":"902-361-595","cell":"676-995-986","id":{"name":"DNI","value":"37761051-X"},"picture":{"large":"https://randomuser.me/api/portraits/men/35.jpg","medium":"https://randomuser.me/api/portraits/med/men/35.jpg","thumbnail":"https://randomuser.me/api/portraits/thumb/men/35.jpg"},"nat":"ES"}],"info":{"seed":"c8056305446d7153","results":1,"page":1,"version":"1.4"}} 
 </msg>
<msg time="2024-04-08T20:16:42.156773" level="INFO">/opt/hostedtoolcache/Python/3.12.2/x64/lib/python3.12/site-packages/urllib3/connectionpool.py:1103: InsecureRequestWarning: Unverified HTTPS request is being made to host 'randomuser.me'. Adding certificate verification is strongly advised. See: https://urllib3.readthedocs.io/en/latest/advanced-usage.html#tls-warnings
  warnings.warn(</msg>
<msg time="2024-04-08T20:16:42.156938" level="INFO">${response} = &lt;Response [200]&gt;</msg>
<var>${response}</var>
<arg>consultarAPI</arg>
<arg>/api</arg>
<doc>Sends a GET request on a previously created HTTP Session.</doc>
<status status="PASS" start="2024-04-08T20:16:41.997167" elapsed="0.159813"/>
</kw>
<kw name="Should Be Equal As Numbers" owner="BuiltIn">
<msg time="2024-04-08T20:16:42.157996" level="INFO">Argument types are:
&lt;class 'int'&gt;
&lt;class 'str'&gt;</msg>
<arg>${response.status_code}</arg>
<arg>200</arg>
<doc>Fails if objects are unequal after converting them to real numbers.</doc>
<status status="PASS" start="2024-04-08T20:16:42.157537" elapsed="0.000526"/>
</kw>
<kw name="Log" owner="BuiltIn">
<msg time="2024-04-08T20:16:42.158802" level="INFO">200</msg>
<arg>${response.status_code}</arg>
<doc>Logs the given message with the given level.</doc>
<status status="PASS" start="2024-04-08T20:16:42.158438" elapsed="0.000408"/>
</kw>
<kw name="Set Variable" owner="BuiltIn">
<msg time="2024-04-08T20:16:42.159612" level="INFO">${json_data} = {'results': [{'gender': 'male', 'name': {'title': 'Mr', 'first': 'Marco', 'last': 'Blanco'}, 'location': {'street': {'number': 5792, 'name': 'Calle de Argumosa'}, 'city': 'Vigo', 'state': 'La Rioja', ...</msg>
<var>${json_data}</var>
<arg>${response.json()}</arg>
<doc>Returns the given values which can then be assigned to a variables.</doc>
<status status="PASS" start="2024-04-08T20:16:42.159169" elapsed="0.000471"/>
</kw>
<kw name="Dictionary Should Contain Key" owner="Collections">
<msg time="2024-04-08T20:16:42.160121" level="INFO">False</msg>
<arg>${json_data}</arg>
<arg>results</arg>
<doc>Fails if ``key`` is not found from ``dictionary``.</doc>
<status status="PASS" start="2024-04-08T20:16:42.159945" elapsed="0.000216"/>
</kw>
<status status="PASS" start="2024-04-08T20:16:41.996904" elapsed="0.163519"/>
</kw>
<doc>Testa se a API responde corretamente e retorna um objeto JSON válido.</doc>
<tag>testeRequisicaoBasica</tag>
<status status="PASS" start="2024-04-08T20:16:41.996291" elapsed="0.164327"/>
</test>
<test id="s1-s1-t3" name="Validar estrutura de resposta" line="22">
<kw name="Teste de Estrutura de Resposta" owner="random-user-service">
<kw name="GET On Session" owner="RequestsLibrary">
<msg time="2024-04-08T20:16:42.261455" level="INFO">GET Request : url=https://randomuser.me/api 
 path_url=/api 
 headers={'User-Agent': 'python-requests/2.31.0', 'Accept-Encoding': 'gzip, deflate', 'Accept': '*/*', 'Connection': 'keep-alive'} 
 body=None 
 </msg>
<msg time="2024-04-08T20:16:42.261556" level="INFO">GET Response : url=https://randomuser.me/api 
 status=200, reason=OK 
 headers={'Date': 'Mon, 08 Apr 2024 20:16:42 GMT', 'Content-Type': 'application/json; charset=utf-8', 'Transfer-Encoding': 'chunked', 'Connection': 'keep-alive', 'X-Powered-By': 'Express', 'Access-Control-Allow-Origin': '*', 'Cache-Control': 'no-cache', 'ETag': 'W/"4a7-uItMA1S/Z7gC1eRx3enTF5wHzAo"', 'Vary': 'Accept-Encoding', 'Content-Encoding': 'gzip', 'CF-Cache-Status': 'DYNAMIC', 'Report-To': '{"endpoints":[{"url":"https:\\/\\/a.nel.cloudflare.com\\/report\\/v4?s=UbkwSijRF3qLUC7BXfjJLE1m5Z6G3mREYatvFWO7P6Th%2B5siG8HaSkig2f3DBL27sVUcyf8FAJhe5LoPll6%2FJoJtqJ3vldNq0T515CKKVQOIsmky5ubPYcXn6bqAuOyY"}],"group":"cf-nel","max_age":604800}', 'NEL': '{"success_fraction":0,"report_to":"cf-nel","max_age":604800}', 'Server': 'cloudflare', 'CF-RAY': '8714efc788427bbb-LAX', 'alt-svc': 'h3=":443"; ma=86400'} 
 body={"results":[{"gender":"male","name":{"title":"Mr","first":"Dominic","last":"Ouellet"},"location":{"street":{"number":5518,"name":"George St"},"city":"Lloydminster","state":"Northwest Territories","country":"Canada","postcode":"C3G 6H3","coordinates":{"latitude":"-65.0098","longitude":"-157.5960"},"timezone":{"offset":"+5:30","description":"Bombay, Calcutta, Madras, New Delhi"}},"email":"dominic.ouellet@example.com","login":{"uuid":"4bb8786f-8f7c-4ded-95d8-422d6cee00a0","username":"ticklishleopard348","password":"friendly","salt":"G7BU35Y2","md5":"cab86d84dfc23cb0b03ce1e7d93d003b","sha1":"997180496c189c5e6bd3509d3f082865dd0f1aef","sha256":"0b4b25ff806134e7af1a43bfe65d994a087d46c70ad69bbbe1ed4c0630fd69e9"},"dob":{"date":"1952-11-13T19:22:28.727Z","age":71},"registered":{"date":"2005-05-14T19:54:58.846Z","age":18},"phone":"K79 X00-6047","cell":"S29 F90-1936","id":{"name":"SIN","value":"385864038"},"picture":{"large":"https://randomuser.me/api/portraits/men/86.jpg","medium":"https://randomuser.me/api/portraits/med/men/86.jpg","thumbnail":"https://randomuser.me/api/portraits/thumb/men/86.jpg"},"nat":"CA"}],"info":{"seed":"d7476ec1524fac1d","results":1,"page":1,"version":"1.4"}} 
 </msg>
<msg time="2024-04-08T20:16:42.261709" level="INFO">/opt/hostedtoolcache/Python/3.12.2/x64/lib/python3.12/site-packages/urllib3/connectionpool.py:1103: InsecureRequestWarning: Unverified HTTPS request is being made to host 'randomuser.me'. Adding certificate verification is strongly advised. See: https://urllib3.readthedocs.io/en/latest/advanced-usage.html#tls-warnings
  warnings.warn(</msg>
<msg time="2024-04-08T20:16:42.261859" level="INFO">${response} = &lt;Response [200]&gt;</msg>
<var>${response}</var>
<arg>consultarAPI</arg>
<arg>/api</arg>
<doc>Sends a GET request on a previously created HTTP Session.</doc>
<status status="PASS" start="2024-04-08T20:16:42.163444" elapsed="0.098457"/>
</kw>
<kw name="Set Variable" owner="BuiltIn">
<msg time="2024-04-08T20:16:42.262997" level="INFO">${json_data} = {'results': [{'gender': 'male', 'name': {'title': 'Mr', 'first': 'Dominic', 'last': 'Ouellet'}, 'location': {'street': {'number': 5518, 'name': 'George St'}, 'city': 'Lloydminster', 'state': 'Northwes...</msg>
<var>${json_data}</var>
<arg>${response.json()}</arg>
<doc>Returns the given values which can then be assigned to a variables.</doc>
<status status="PASS" start="2024-04-08T20:16:42.262469" elapsed="0.000558"/>
</kw>
<kw name="Log" owner="BuiltIn">
<msg time="2024-04-08T20:16:42.263529" level="INFO">{'results': [{'gender': 'male', 'name': {'title': 'Mr', 'first': 'Dominic', 'last': 'Ouellet'}, 'location': {'street': {'number': 5518, 'name': 'George St'}, 'city': 'Lloydminster', 'state': 'Northwest Territories', 'country': 'Canada', 'postcode': 'C3G 6H3', 'coordinates': {'latitude': '-65.0098', 'longitude': '-157.5960'}, 'timezone': {'offset': '+5:30', 'description': 'Bombay, Calcutta, Madras, New Delhi'}}, 'email': 'dominic.ouellet@example.com', 'login': {'uuid': '4bb8786f-8f7c-4ded-95d8-422d6cee00a0', 'username': 'ticklishleopard348', 'password': 'friendly', 'salt': 'G7BU35Y2', 'md5': 'cab86d84dfc23cb0b03ce1e7d93d003b', 'sha1': '997180496c189c5e6bd3509d3f082865dd0f1aef', 'sha256': '0b4b25ff806134e7af1a43bfe65d994a087d46c70ad69bbbe1ed4c0630fd69e9'}, 'dob': {'date': '1952-11-13T19:22:28.727Z', 'age': 71}, 'registered': {'date': '2005-05-14T19:54:58.846Z', 'age': 18}, 'phone': 'K79 X00-6047', 'cell': 'S29 F90-1936', 'id': {'name': 'SIN', 'value': '385864038'}, 'picture': {'large': 'https://randomuser.me/api/portraits/men/86.jpg', 'medium': 'https://randomuser.me/api/portraits/med/men/86.jpg', 'thumbnail': 'https://randomuser.me/api/portraits/thumb/men/86.jpg'}, 'nat': 'CA'}], 'info': {'seed': 'd7476ec1524fac1d', 'results': 1, 'page': 1, 'version': '1.4'}}</msg>
<arg>${json_data}</arg>
<doc>Logs the given message with the given level.</doc>
<status status="PASS" start="2024-04-08T20:16:42.263362" elapsed="0.000216"/>
</kw>
<kw name="Dictionary Should Contain Key" owner="Collections">
<msg time="2024-04-08T20:16:42.264041" level="INFO">False</msg>
<arg>${json_data}</arg>
<arg>results</arg>
<doc>Fails if ``key`` is not found from ``dictionary``.</doc>
<status status="PASS" start="2024-04-08T20:16:42.263880" elapsed="0.000199"/>
</kw>
<kw name="Should Not Be Empty" owner="BuiltIn">
<msg time="2024-04-08T20:16:42.264513" level="INFO">Length is 2.</msg>
<arg>${json_data}</arg>
<doc>Verifies that the given item is not empty.</doc>
<status status="PASS" start="2024-04-08T20:16:42.264377" elapsed="0.000175"/>
</kw>
<kw name="Create List" owner="BuiltIn">
<msg time="2024-04-08T20:16:42.265004" level="INFO">${expected_keys} = ['gender', 'name', 'location', 'email', 'login']</msg>
<var>${expected_keys}</var>
<arg>gender</arg>
<arg>name</arg>
<arg>location</arg>
<arg>email</arg>
<arg>login</arg>
<doc>Returns a list containing given items.</doc>
<status status="PASS" start="2024-04-08T20:16:42.264847" elapsed="0.000182"/>
</kw>
<for flavor="IN">
<iter>
<kw name="Dictionary Should Contain Key" owner="Collections">
<msg time="2024-04-08T20:16:42.266043" level="INFO">False</msg>
<arg>${json_data['results'][0]}</arg>
<arg>${key}</arg>
<doc>Fails if ``key`` is not found from ``dictionary``.</doc>
<status status="PASS" start="2024-04-08T20:16:42.265633" elapsed="0.000450"/>
</kw>
<kw name="Log" owner="BuiltIn">
<msg time="2024-04-08T20:16:42.266813" level="INFO">{'gender': 'male', 'name': {'title': 'Mr', 'first': 'Dominic', 'last': 'Ouellet'}, 'location': {'street': {'number': 5518, 'name': 'George St'}, 'city': 'Lloydminster', 'state': 'Northwest Territories', 'country': 'Canada', 'postcode': 'C3G 6H3', 'coordinates': {'latitude': '-65.0098', 'longitude': '-157.5960'}, 'timezone': {'offset': '+5:30', 'description': 'Bombay, Calcutta, Madras, New Delhi'}}, 'email': 'dominic.ouellet@example.com', 'login': {'uuid': '4bb8786f-8f7c-4ded-95d8-422d6cee00a0', 'username': 'ticklishleopard348', 'password': 'friendly', 'salt': 'G7BU35Y2', 'md5': 'cab86d84dfc23cb0b03ce1e7d93d003b', 'sha1': '997180496c189c5e6bd3509d3f082865dd0f1aef', 'sha256': '0b4b25ff806134e7af1a43bfe65d994a087d46c70ad69bbbe1ed4c0630fd69e9'}, 'dob': {'date': '1952-11-13T19:22:28.727Z', 'age': 71}, 'registered': {'date': '2005-05-14T19:54:58.846Z', 'age': 18}, 'phone': 'K79 X00-6047', 'cell': 'S29 F90-1936', 'id': {'name': 'SIN', 'value': '385864038'}, 'picture': {'large': 'https://randomuser.me/api/portraits/men/86.jpg', 'medium': 'https://randomuser.me/api/portraits/med/men/86.jpg', 'thumbnail': 'https://randomuser.me/api/portraits/thumb/men/86.jpg'}, 'nat': 'CA'}</msg>
<arg>${json_data['results'][0]}</arg>
<doc>Logs the given message with the given level.</doc>
<status status="PASS" start="2024-04-08T20:16:42.266433" elapsed="0.000438"/>
</kw>
<kw name="Log" owner="BuiltIn">
<msg time="2024-04-08T20:16:42.267314" level="INFO">gender</msg>
<arg>${key}</arg>
<doc>Logs the given message with the given level.</doc>
<status status="PASS" start="2024-04-08T20:16:42.267181" elapsed="0.000172"/>
</kw>
<var name="${key}">gender</var>
<status status="PASS" start="2024-04-08T20:16:42.265505" elapsed="0.002078"/>
</iter>
<iter>
<kw name="Dictionary Should Contain Key" owner="Collections">
<msg time="2024-04-08T20:16:42.268289" level="INFO">False</msg>
<arg>${json_data['results'][0]}</arg>
<arg>${key}</arg>
<doc>Fails if ``key`` is not found from ``dictionary``.</doc>
<status status="PASS" start="2024-04-08T20:16:42.267893" elapsed="0.000434"/>
</kw>
<kw name="Log" owner="BuiltIn">
<msg time="2024-04-08T20:16:42.269034" level="INFO">{'gender': 'male', 'name': {'title': 'Mr', 'first': 'Dominic', 'last': 'Ouellet'}, 'location': {'street': {'number': 5518, 'name': 'George St'}, 'city': 'Lloydminster', 'state': 'Northwest Territories', 'country': 'Canada', 'postcode': 'C3G 6H3', 'coordinates': {'latitude': '-65.0098', 'longitude': '-157.5960'}, 'timezone': {'offset': '+5:30', 'description': 'Bombay, Calcutta, Madras, New Delhi'}}, 'email': 'dominic.ouellet@example.com', 'login': {'uuid': '4bb8786f-8f7c-4ded-95d8-422d6cee00a0', 'username': 'ticklishleopard348', 'password': 'friendly', 'salt': 'G7BU35Y2', 'md5': 'cab86d84dfc23cb0b03ce1e7d93d003b', 'sha1': '997180496c189c5e6bd3509d3f082865dd0f1aef', 'sha256': '0b4b25ff806134e7af1a43bfe65d994a087d46c70ad69bbbe1ed4c0630fd69e9'}, 'dob': {'date': '1952-11-13T19:22:28.727Z', 'age': 71}, 'registered': {'date': '2005-05-14T19:54:58.846Z', 'age': 18}, 'phone': 'K79 X00-6047', 'cell': 'S29 F90-1936', 'id': {'name': 'SIN', 'value': '385864038'}, 'picture': {'large': 'https://randomuser.me/api/portraits/men/86.jpg', 'medium': 'https://randomuser.me/api/portraits/med/men/86.jpg', 'thumbnail': 'https://randomuser.me/api/portraits/thumb/men/86.jpg'}, 'nat': 'CA'}</msg>
<arg>${json_data['results'][0]}</arg>
<doc>Logs the given message with the given level.</doc>
<status status="PASS" start="2024-04-08T20:16:42.268668" elapsed="0.000413"/>
</kw>
<kw name="Log" owner="BuiltIn">
<msg time="2024-04-08T20:16:42.269508" level="INFO">name</msg>
<arg>${key}</arg>
<doc>Logs the given message with the given level.</doc>
<status status="PASS" start="2024-04-08T20:16:42.269379" elapsed="0.000167"/>
</kw>
<var name="${key}">name</var>
<status status="PASS" start="2024-04-08T20:16:42.267777" elapsed="0.001985"/>
</iter>
<iter>
<kw name="Dictionary Should Contain Key" owner="Collections">
<msg time="2024-04-08T20:16:42.270477" level="INFO">False</msg>
<arg>${json_data['results'][0]}</arg>
<arg>${key}</arg>
<doc>Fails if ``key`` is not found from ``dictionary``.</doc>
<status status="PASS" start="2024-04-08T20:16:42.270058" elapsed="0.000458"/>
</kw>
<kw name="Log" owner="BuiltIn">
<msg time="2024-04-08T20:16:42.271195" level="INFO">{'gender': 'male', 'name': {'title': 'Mr', 'first': 'Dominic', 'last': 'Ouellet'}, 'location': {'street': {'number': 5518, 'name': 'George St'}, 'city': 'Lloydminster', 'state': 'Northwest Territories', 'country': 'Canada', 'postcode': 'C3G 6H3', 'coordinates': {'latitude': '-65.0098', 'longitude': '-157.5960'}, 'timezone': {'offset': '+5:30', 'description': 'Bombay, Calcutta, Madras, New Delhi'}}, 'email': 'dominic.ouellet@example.com', 'login': {'uuid': '4bb8786f-8f7c-4ded-95d8-422d6cee00a0', 'username': 'ticklishleopard348', 'password': 'friendly', 'salt': 'G7BU35Y2', 'md5': 'cab86d84dfc23cb0b03ce1e7d93d003b', 'sha1': '997180496c189c5e6bd3509d3f082865dd0f1aef', 'sha256': '0b4b25ff806134e7af1a43bfe65d994a087d46c70ad69bbbe1ed4c0630fd69e9'}, 'dob': {'date': '1952-11-13T19:22:28.727Z', 'age': 71}, 'registered': {'date': '2005-05-14T19:54:58.846Z', 'age': 18}, 'phone': 'K79 X00-6047', 'cell': 'S29 F90-1936', 'id': {'name': 'SIN', 'value': '385864038'}, 'picture': {'large': 'https://randomuser.me/api/portraits/men/86.jpg', 'medium': 'https://randomuser.me/api/portraits/med/men/86.jpg', 'thumbnail': 'https://randomuser.me/api/portraits/thumb/men/86.jpg'}, 'nat': 'CA'}</msg>
<arg>${json_data['results'][0]}</arg>
<doc>Logs the given message with the given level.</doc>
<status status="PASS" start="2024-04-08T20:16:42.270824" elapsed="0.000426"/>
</kw>
<kw name="Log" owner="BuiltIn">
<msg time="2024-04-08T20:16:42.271673" level="INFO">location</msg>
<arg>${key}</arg>
<doc>Logs the given message with the given level.</doc>
<status status="PASS" start="2024-04-08T20:16:42.271546" elapsed="0.000165"/>
</kw>
<var name="${key}">location</var>
<status status="PASS" start="2024-04-08T20:16:42.269945" elapsed="0.001980"/>
</iter>
<iter>
<kw name="Dictionary Should Contain Key" owner="Collections">
<msg time="2024-04-08T20:16:42.272590" level="INFO">False</msg>
<arg>${json_data['results'][0]}</arg>
<arg>${key}</arg>
<doc>Fails if ``key`` is not found from ``dictionary``.</doc>
<status status="PASS" start="2024-04-08T20:16:42.272212" elapsed="0.000416"/>
</kw>
<kw name="Log" owner="BuiltIn">
<msg time="2024-04-08T20:16:42.273292" level="INFO">{'gender': 'male', 'name': {'title': 'Mr', 'first': 'Dominic', 'last': 'Ouellet'}, 'location': {'street': {'number': 5518, 'name': 'George St'}, 'city': 'Lloydminster', 'state': 'Northwest Territories', 'country': 'Canada', 'postcode': 'C3G 6H3', 'coordinates': {'latitude': '-65.0098', 'longitude': '-157.5960'}, 'timezone': {'offset': '+5:30', 'description': 'Bombay, Calcutta, Madras, New Delhi'}}, 'email': 'dominic.ouellet@example.com', 'login': {'uuid': '4bb8786f-8f7c-4ded-95d8-422d6cee00a0', 'username': 'ticklishleopard348', 'password': 'friendly', 'salt': 'G7BU35Y2', 'md5': 'cab86d84dfc23cb0b03ce1e7d93d003b', 'sha1': '997180496c189c5e6bd3509d3f082865dd0f1aef', 'sha256': '0b4b25ff806134e7af1a43bfe65d994a087d46c70ad69bbbe1ed4c0630fd69e9'}, 'dob': {'date': '1952-11-13T19:22:28.727Z', 'age': 71}, 'registered': {'date': '2005-05-14T19:54:58.846Z', 'age': 18}, 'phone': 'K79 X00-6047', 'cell': 'S29 F90-1936', 'id': {'name': 'SIN', 'value': '385864038'}, 'picture': {'large': 'https://randomuser.me/api/portraits/men/86.jpg', 'medium': 'https://randomuser.me/api/portraits/med/men/86.jpg', 'thumbnail': 'https://randomuser.me/api/portraits/thumb/men/86.jpg'}, 'nat': 'CA'}</msg>
<arg>${json_data['results'][0]}</arg>
<doc>Logs the given message with the given level.</doc>
<status status="PASS" start="2024-04-08T20:16:42.272930" elapsed="0.000410"/>
</kw>
<kw name="Log" owner="BuiltIn">
<msg time="2024-04-08T20:16:42.273766" level="INFO">email</msg>
<arg>${key}</arg>
<doc>Logs the given message with the given level.</doc>
<status status="PASS" start="2024-04-08T20:16:42.273639" elapsed="0.000165"/>
</kw>
<var name="${key}">email</var>
<status status="PASS" start="2024-04-08T20:16:42.272100" elapsed="0.001919"/>
</iter>
<iter>
<kw name="Dictionary Should Contain Key" owner="Collections">
<msg time="2024-04-08T20:16:42.274726" level="INFO">False</msg>
<arg>${json_data['results'][0]}</arg>
<arg>${key}</arg>
<doc>Fails if ``key`` is not found from ``dictionary``.</doc>
<status status="PASS" start="2024-04-08T20:16:42.274307" elapsed="0.000457"/>
</kw>
<kw name="Log" owner="BuiltIn">
<msg time="2024-04-08T20:16:42.275426" level="INFO">{'gender': 'male', 'name': {'title': 'Mr', 'first': 'Dominic', 'last': 'Ouellet'}, 'location': {'street': {'number': 5518, 'name': 'George St'}, 'city': 'Lloydminster', 'state': 'Northwest Territories', 'country': 'Canada', 'postcode': 'C3G 6H3', 'coordinates': {'latitude': '-65.0098', 'longitude': '-157.5960'}, 'timezone': {'offset': '+5:30', 'description': 'Bombay, Calcutta, Madras, New Delhi'}}, 'email': 'dominic.ouellet@example.com', 'login': {'uuid': '4bb8786f-8f7c-4ded-95d8-422d6cee00a0', 'username': 'ticklishleopard348', 'password': 'friendly', 'salt': 'G7BU35Y2', 'md5': 'cab86d84dfc23cb0b03ce1e7d93d003b', 'sha1': '997180496c189c5e6bd3509d3f082865dd0f1aef', 'sha256': '0b4b25ff806134e7af1a43bfe65d994a087d46c70ad69bbbe1ed4c0630fd69e9'}, 'dob': {'date': '1952-11-13T19:22:28.727Z', 'age': 71}, 'registered': {'date': '2005-05-14T19:54:58.846Z', 'age': 18}, 'phone': 'K79 X00-6047', 'cell': 'S29 F90-1936', 'id': {'name': 'SIN', 'value': '385864038'}, 'picture': {'large': 'https://randomuser.me/api/portraits/men/86.jpg', 'medium': 'https://randomuser.me/api/portraits/med/men/86.jpg', 'thumbnail': 'https://randomuser.me/api/portraits/thumb/men/86.jpg'}, 'nat': 'CA'}</msg>
<arg>${json_data['results'][0]}</arg>
<doc>Logs the given message with the given level.</doc>
<status status="PASS" start="2024-04-08T20:16:42.275059" elapsed="0.000414"/>
</kw>
<kw name="Log" owner="BuiltIn">
<msg time="2024-04-08T20:16:42.275912" level="INFO">login</msg>
<arg>${key}</arg>
<doc>Logs the given message with the given level.</doc>
<status status="PASS" start="2024-04-08T20:16:42.275776" elapsed="0.000214"/>
</kw>
<var name="${key}">login</var>
<status status="PASS" start="2024-04-08T20:16:42.274195" elapsed="0.002031"/>
</iter>
<var>${key}</var>
<value>@{expected_keys}</value>
<status status="PASS" start="2024-04-08T20:16:42.265297" elapsed="0.011054"/>
</for>
<kw name="Create List" owner="BuiltIn">
<msg time="2024-04-08T20:16:42.276683" level="INFO">${expected_keysTwo} = ['username', 'password']</msg>
<var>${expected_keysTwo}</var>
<arg>username</arg>
<arg>password</arg>
<doc>Returns a list containing given items.</doc>
<status status="PASS" start="2024-04-08T20:16:42.276546" elapsed="0.000161"/>
</kw>
<for flavor="IN">
<iter>
<kw name="Dictionary Should Contain Key" owner="Collections">
<msg time="2024-04-08T20:16:42.277726" level="INFO">False</msg>
<arg>${json_data['results'][0]['login']}</arg>
<arg>${keyTwo}</arg>
<doc>Fails if ``key`` is not found from ``dictionary``.</doc>
<status status="PASS" start="2024-04-08T20:16:42.277332" elapsed="0.000431"/>
</kw>
<kw name="Dictionary Should Contain Key" owner="Collections">
<msg time="2024-04-08T20:16:42.278474" level="INFO">False</msg>
<arg>${json_data['results'][0]['login']}</arg>
<arg>${keyTwo}</arg>
<doc>Fails if ``key`` is not found from ``dictionary``.</doc>
<status status="PASS" start="2024-04-08T20:16:42.278064" elapsed="0.000448"/>
</kw>
<kw name="Log" owner="BuiltIn">
<msg time="2024-04-08T20:16:42.278965" level="INFO">username</msg>
<arg>${keyTwo}</arg>
<doc>Logs the given message with the given level.</doc>
<status status="PASS" start="2024-04-08T20:16:42.278832" elapsed="0.000171"/>
</kw>
<var name="${keyTwo}">username</var>
<status status="PASS" start="2024-04-08T20:16:42.277216" elapsed="0.002009"/>
</iter>
<iter>
<kw name="Dictionary Should Contain Key" owner="Collections">
<msg time="2024-04-08T20:16:42.279892" level="INFO">False</msg>
<arg>${json_data['results'][0]['login']}</arg>
<arg>${keyTwo}</arg>
<doc>Fails if ``key`` is not found from ``dictionary``.</doc>
<status status="PASS" start="2024-04-08T20:16:42.279514" elapsed="0.000416"/>
</kw>
<kw name="Dictionary Should Contain Key" owner="Collections">
<msg time="2024-04-08T20:16:42.280626" level="INFO">False</msg>
<arg>${json_data['results'][0]['login']}</arg>
<arg>${keyTwo}</arg>
<doc>Fails if ``key`` is not found from ``dictionary``.</doc>
<status status="PASS" start="2024-04-08T20:16:42.280232" elapsed="0.000431"/>
</kw>
<kw name="Log" owner="BuiltIn">
<msg time="2024-04-08T20:16:42.281099" level="INFO">password</msg>
<arg>${keyTwo}</arg>
<doc>Logs the given message with the given level.</doc>
<status status="PASS" start="2024-04-08T20:16:42.280958" elapsed="0.000179"/>
</kw>
<var name="${keyTwo}">password</var>
<status status="PASS" start="2024-04-08T20:16:42.279403" elapsed="0.001956"/>
</iter>
<var>${keyTwo}</var>
<value>@{expected_keysTwo}</value>
<status status="PASS" start="2024-04-08T20:16:42.276948" elapsed="0.004533"/>
</for>
<status status="PASS" start="2024-04-08T20:16:42.163203" elapsed="0.118424"/>
</kw>
<doc>Testa a estrutura da resposta da API.</doc>
<tag>testeEstruturaResposta</tag>
<status status="PASS" start="2024-04-08T20:16:42.162511" elapsed="0.119284"/>
</test>
<test id="s1-s1-t4" name="Validar tipos de dados" line="28">
<kw name="Teste de Tipos de Dados" owner="random-user-service">
<kw name="GET On Session" owner="RequestsLibrary">
<msg time="2024-04-08T20:16:42.381106" level="INFO">GET Request : url=https://randomuser.me/api 
 path_url=/api 
 headers={'User-Agent': 'python-requests/2.31.0', 'Accept-Encoding': 'gzip, deflate', 'Accept': '*/*', 'Connection': 'keep-alive'} 
 body=None 
 </msg>
<msg time="2024-04-08T20:16:42.381206" level="INFO">GET Response : url=https://randomuser.me/api 
 status=200, reason=OK 
 headers={'Date': 'Mon, 08 Apr 2024 20:16:42 GMT', 'Content-Type': 'application/json; charset=utf-8', 'Transfer-Encoding': 'chunked', 'Connection': 'keep-alive', 'X-Powered-By': 'Express', 'Access-Control-Allow-Origin': '*', 'Cache-Control': 'no-cache', 'ETag': 'W/"49e-RM4CNZjCN4rUQ/hAoQ1Wc/cNlXE"', 'Vary': 'Accept-Encoding', 'Content-Encoding': 'gzip', 'CF-Cache-Status': 'DYNAMIC', 'Report-To': '{"endpoints":[{"url":"https:\\/\\/a.nel.cloudflare.com\\/report\\/v4?s=GNavT7FKZcO%2FdAzQodCDSL29nSMUvKn%2BSRxrnyjlZ2dFpmAWF0wgsnv6Eph8VkilKhMHVvma8Ozi7yKARSOjlh2Vh7rha8H1n%2BHUCh0AR%2BoTFBBXW0GJefix3wiVlEHa"}],"group":"cf-nel","max_age":604800}', 'NEL': '{"success_fraction":0,"report_to":"cf-nel","max_age":604800}', 'Server': 'cloudflare', 'CF-RAY': '8714efc849397bbb-LAX', 'alt-svc': 'h3=":443"; ma=86400'} 
 body={"results":[{"gender":"male","name":{"title":"Mr","first":"ماهان","last":"سهيلي راد"},"location":{"street":{"number":1397,"name":"سهروردی"},"city":"قائم‌شهر","state":"سیستان و بلوچستان","country":"Iran","postcode":21952,"coordinates":{"latitude":"13.5555","longitude":"-5.4122"},"timezone":{"offset":"+9:30","description":"Adelaide, Darwin"}},"email":"mhn.shylyrd@example.com","login":{"uuid":"b5e25a72-c5af-475d-a963-9f6e358575d0","username":"greenelephant631","password":"marino13","salt":"XxQ9Bw3Q","md5":"4871d883f6100e88758000779bac48e5","sha1":"f8c2d60d6f0c1fc870e1138b5de7c95be49e2cc3","sha256":"35febe069b3204ccb75daa8e797ba1721968142f82536992e584f7359de2baf3"},"dob":{"date":"1999-10-17T09:54:34.622Z","age":24},"registered":{"date":"2010-09-29T16:41:24.474Z","age":13},"phone":"013-53438053","cell":"0954-318-4536","id":{"name":"","value":null},"picture":{"large":"https://randomuser.me/api/portraits/men/93.jpg","medium":"https://randomuser.me/api/portraits/med/men/93.jpg","thumbnail":"https://randomuser.me/api/portraits/thumb/men/93.jpg"},"nat":"IR"}],"info":{"seed":"77f621d7535dd11a","results":1,"page":1,"version":"1.4"}} 
 </msg>
<msg time="2024-04-08T20:16:42.381282" level="INFO">/opt/hostedtoolcache/Python/3.12.2/x64/lib/python3.12/site-packages/urllib3/connectionpool.py:1103: InsecureRequestWarning: Unverified HTTPS request is being made to host 'randomuser.me'. Adding certificate verification is strongly advised. See: https://urllib3.readthedocs.io/en/latest/advanced-usage.html#tls-warnings
  warnings.warn(</msg>
<msg time="2024-04-08T20:16:42.381426" level="INFO">${response} = &lt;Response [200]&gt;</msg>
<var>${response}</var>
<arg>consultarAPI</arg>
<arg>/api</arg>
<doc>Sends a GET request on a previously created HTTP Session.</doc>
<status status="PASS" start="2024-04-08T20:16:42.284332" elapsed="0.097136"/>
</kw>
<kw name="Set Variable" owner="BuiltIn">
<msg time="2024-04-08T20:16:42.382599" level="INFO">${json_data} = {'results': [{'gender': 'male', 'name': {'title': 'Mr', 'first': 'ماهان', 'last': 'سهيلي راد'}, 'location': {'street': {'number': 1397, 'name': 'سهروردی'}, 'city': 'قائم\u200cشهر', 'state': 'سیستان و ...</msg>
<var>${json_data}</var>
<arg>${response.json()}</arg>
<doc>Returns the given values which can then be assigned to a variables.</doc>
<status status="PASS" start="2024-04-08T20:16:42.382009" elapsed="0.000626"/>
</kw>
<kw name="Log" owner="BuiltIn">
<msg time="2024-04-08T20:16:42.383125" level="INFO">{'results': [{'gender': 'male', 'name': {'title': 'Mr', 'first': 'ماهان', 'last': 'سهيلي راد'}, 'location': {'street': {'number': 1397, 'name': 'سهروردی'}, 'city': 'قائم\u200cشهر', 'state': 'سیستان و بلوچستان', 'country': 'Iran', 'postcode': 21952, 'coordinates': {'latitude': '13.5555', 'longitude': '-5.4122'}, 'timezone': {'offset': '+9:30', 'description': 'Adelaide, Darwin'}}, 'email': 'mhn.shylyrd@example.com', 'login': {'uuid': 'b5e25a72-c5af-475d-a963-9f6e358575d0', 'username': 'greenelephant631', 'password': 'marino13', 'salt': 'XxQ9Bw3Q', 'md5': '4871d883f6100e88758000779bac48e5', 'sha1': 'f8c2d60d6f0c1fc870e1138b5de7c95be49e2cc3', 'sha256': '35febe069b3204ccb75daa8e797ba1721968142f82536992e584f7359de2baf3'}, 'dob': {'date': '1999-10-17T09:54:34.622Z', 'age': 24}, 'registered': {'date': '2010-09-29T16:41:24.474Z', 'age': 13}, 'phone': '013-53438053', 'cell': '0954-318-4536', 'id': {'name': '', 'value': None}, 'picture': {'large': 'https://randomuser.me/api/portraits/men/93.jpg', 'medium': 'https://randomuser.me/api/portraits/med/men/93.jpg', 'thumbnail': 'https://randomuser.me/api/portraits/thumb/men/93.jpg'}, 'nat': 'IR'}], 'info': {'seed': '77f621d7535dd11a', 'results': 1, 'page': 1, 'version': '1.4'}}</msg>
<arg>${json_data}</arg>
<doc>Logs the given message with the given level.</doc>
<status status="PASS" start="2024-04-08T20:16:42.382960" elapsed="0.000262"/>
</kw>
<kw name="Should Be String" owner="String">
<arg>${json_data['results'][0]['gender']}</arg>
<doc>Fails if the given ``item`` is not a string.</doc>
<status status="PASS" start="2024-04-08T20:16:42.383532" elapsed="0.000368"/>
</kw>
<kw name="Should Match Regexp" owner="BuiltIn">
<arg>${json_data['results'][0]['email']}</arg>
<arg>^[a-zA-Z0-9._%+-]+@[a-zA-Z0-9.-]+\.[a-zA-Z]{2,}$</arg>
<doc>Fails if ``string`` does not match ``pattern`` as a regular expression.</doc>
<status status="PASS" start="2024-04-08T20:16:42.384094" elapsed="0.000507"/>
</kw>
<kw name="Should Match Regexp" owner="BuiltIn">
<arg>${json_data['results'][0]['dob']['date']}</arg>
<arg>\\d{4}-\\d{2}-\\d{2}T\\d{2}:\\d{2}:\\d{2}\\.\\d{3}Z</arg>
<doc>Fails if ``string`` does not match ``pattern`` as a regular expression.</doc>
<status status="PASS" start="2024-04-08T20:16:42.384795" elapsed="0.000491"/>
</kw>
<kw name="Should Match Regexp" owner="BuiltIn">
<arg>${json_data['results'][0]['registered']['date']}</arg>
<arg>\\d{4}-\\d{2}-\\d{2}T\\d{2}:\\d{2}:\\d{2}\\.\\d{3}Z</arg>
<doc>Fails if ``string`` does not match ``pattern`` as a regular expression.</doc>
<status status="PASS" start="2024-04-08T20:16:42.385486" elapsed="0.000368"/>
</kw>
<kw name="Should Match Regexp" owner="BuiltIn">
<arg>${json_data['results'][0]['picture']['large']}</arg>
<arg>^https?://.*\.(?:png|jpe?g|gif|bmp)$</arg>
<doc>Fails if ``string`` does not match ``pattern`` as a regular expression.</doc>
<status status="PASS" start="2024-04-08T20:16:42.386041" elapsed="0.000487"/>
</kw>
<kw name="Should Match Regexp" owner="BuiltIn">
<arg>${json_data['results'][0]['picture']['medium']}</arg>
<arg>^https?://.*\.(?:png|jpe?g|gif|bmp)$</arg>
<doc>Fails if ``string`` does not match ``pattern`` as a regular expression.</doc>
<status status="PASS" start="2024-04-08T20:16:42.386721" elapsed="0.000367"/>
</kw>
<kw name="Should Match Regexp" owner="BuiltIn">
<arg>${json_data['results'][0]['picture']['thumbnail']}</arg>
<arg>^https?://.*\.(?:png|jpe?g|gif|bmp)$</arg>
<doc>Fails if ``string`` does not match ``pattern`` as a regular expression.</doc>
<status status="PASS" start="2024-04-08T20:16:42.387274" elapsed="0.000348"/>
</kw>
<kw name="Log" owner="BuiltIn">
<msg time="2024-04-08T20:16:42.388134" level="INFO">{'large': 'https://randomuser.me/api/portraits/men/93.jpg', 'medium': 'https://randomuser.me/api/portraits/med/men/93.jpg', 'thumbnail': 'https://randomuser.me/api/portraits/thumb/men/93.jpg'}</msg>
<arg>${json_data['results'][0]['picture']}</arg>
<doc>Logs the given message with the given level.</doc>
<status status="PASS" start="2024-04-08T20:16:42.387803" elapsed="0.000372"/>
</kw>
<status status="PASS" start="2024-04-08T20:16:42.284095" elapsed="0.104347"/>
</kw>
<kw name="Teste de Tipos de Dados - Postcode" owner="random-user-service">
<kw name="GET On Session" owner="RequestsLibrary">
<msg time="2024-04-08T20:16:42.492430" level="INFO">GET Request : url=https://randomuser.me/api 
 path_url=/api 
 headers={'User-Agent': 'python-requests/2.31.0', 'Accept-Encoding': 'gzip, deflate', 'Accept': '*/*', 'Connection': 'keep-alive'} 
 body=None 
 </msg>
<msg time="2024-04-08T20:16:42.492534" level="INFO">GET Response : url=https://randomuser.me/api 
 status=200, reason=OK 
 headers={'Date': 'Mon, 08 Apr 2024 20:16:42 GMT', 'Content-Type': 'application/json; charset=utf-8', 'Transfer-Encoding': 'chunked', 'Connection': 'keep-alive', 'X-Powered-By': 'Express', 'Access-Control-Allow-Origin': '*', 'Cache-Control': 'no-cache', 'ETag': 'W/"481-vVa6TmmLocRRmN/A1KLllTR069E"', 'Vary': 'Accept-Encoding', 'Content-Encoding': 'gzip', 'CF-Cache-Status': 'DYNAMIC', 'Report-To': '{"endpoints":[{"url":"https:\\/\\/a.nel.cloudflare.com\\/report\\/v4?s=p9uuR2JIHC92sVWN3uZ36dOXaR%2BZS7QJX5qevevTEzeeWr6wJ0K1YdOXTtoBZOMkaGhlOtus%2BDpdTgaII0ZIln8i2MTfr3DDQidQFMkum6M9ztLjRFK%2F7rwpLEal2VtG"}],"group":"cf-nel","max_age":604800}', 'NEL': '{"success_fraction":0,"report_to":"cf-nel","max_age":604800}', 'Server': 'cloudflare', 'CF-RAY': '8714efc8f9dc7bbb-LAX', 'alt-svc': 'h3=":443"; ma=86400'} 
 body={"results":[{"gender":"female","name":{"title":"Ms","first":"Sandra","last":"Pascual"},"location":{"street":{"number":8080,"name":"Avenida de Castilla"},"city":"Vitoria","state":"Melilla","country":"Spain","postcode":37477,"coordinates":{"latitude":"-35.9413","longitude":"93.7321"},"timezone":{"offset":"+9:30","description":"Adelaide, Darwin"}},"email":"sandra.pascual@example.com","login":{"uuid":"dbcec1fc-46e1-4e2f-878a-8b5d43742ef5","username":"purplelion739","password":"lancia","salt":"z3g5i9bE","md5":"0afdba85de8ead07674f7ebc3b4e859b","sha1":"06db007ae20f8636e036782402c40f8eea8f998d","sha256":"d58116c9e752bfd00da721142b9ed92ba8c184a3a377f48752fe9248dbde242b"},"dob":{"date":"1964-11-27T13:29:44.792Z","age":59},"registered":{"date":"2019-08-10T21:55:51.018Z","age":4},"phone":"924-219-933","cell":"664-368-001","id":{"name":"DNI","value":"26282249-Q"},"picture":{"large":"https://randomuser.me/api/portraits/women/25.jpg","medium":"https://randomuser.me/api/portraits/med/women/25.jpg","thumbnail":"https://randomuser.me/api/portraits/thumb/women/25.jpg"},"nat":"ES"}],"info":{"seed":"fa5712762fb44451","results":1,"page":1,"version":"1.4"}} 
 </msg>
<msg time="2024-04-08T20:16:42.492626" level="INFO">/opt/hostedtoolcache/Python/3.12.2/x64/lib/python3.12/site-packages/urllib3/connectionpool.py:1103: InsecureRequestWarning: Unverified HTTPS request is being made to host 'randomuser.me'. Adding certificate verification is strongly advised. See: https://urllib3.readthedocs.io/en/latest/advanced-usage.html#tls-warnings
  warnings.warn(</msg>
<msg time="2024-04-08T20:16:42.492775" level="INFO">${response} = &lt;Response [200]&gt;</msg>
<var>${response}</var>
<arg>consultarAPI</arg>
<arg>/api</arg>
<doc>Sends a GET request on a previously created HTTP Session.</doc>
<status status="PASS" start="2024-04-08T20:16:42.388924" elapsed="0.103896"/>
</kw>
<kw name="Set Variable" owner="BuiltIn">
<msg time="2024-04-08T20:16:42.493900" level="INFO">${json_data} = {'results': [{'gender': 'female', 'name': {'title': 'Ms', 'first': 'Sandra', 'last': 'Pascual'}, 'location': {'street': {'number': 8080, 'name': 'Avenida de Castilla'}, 'city': 'Vitoria', 'state': 'Me...</msg>
<var>${json_data}</var>
<arg>${response.json()}</arg>
<doc>Returns the given values which can then be assigned to a variables.</doc>
<status status="PASS" start="2024-04-08T20:16:42.493367" elapsed="0.000562"/>
</kw>
<kw name="Log" owner="BuiltIn">
<msg time="2024-04-08T20:16:42.494450" level="INFO">{'results': [{'gender': 'female', 'name': {'title': 'Ms', 'first': 'Sandra', 'last': 'Pascual'}, 'location': {'street': {'number': 8080, 'name': 'Avenida de Castilla'}, 'city': 'Vitoria', 'state': 'Melilla', 'country': 'Spain', 'postcode': 37477, 'coordinates': {'latitude': '-35.9413', 'longitude': '93.7321'}, 'timezone': {'offset': '+9:30', 'description': 'Adelaide, Darwin'}}, 'email': 'sandra.pascual@example.com', 'login': {'uuid': 'dbcec1fc-46e1-4e2f-878a-8b5d43742ef5', 'username': 'purplelion739', 'password': 'lancia', 'salt': 'z3g5i9bE', 'md5': '0afdba85de8ead07674f7ebc3b4e859b', 'sha1': '06db007ae20f8636e036782402c40f8eea8f998d', 'sha256': 'd58116c9e752bfd00da721142b9ed92ba8c184a3a377f48752fe9248dbde242b'}, 'dob': {'date': '1964-11-27T13:29:44.792Z', 'age': 59}, 'registered': {'date': '2019-08-10T21:55:51.018Z', 'age': 4}, 'phone': '924-219-933', 'cell': '664-368-001', 'id': {'name': 'DNI', 'value': '26282249-Q'}, 'picture': {'large': 'https://randomuser.me/api/portraits/women/25.jpg', 'medium': 'https://randomuser.me/api/portraits/med/women/25.jpg', 'thumbnail': 'https://randomuser.me/api/portraits/thumb/women/25.jpg'}, 'nat': 'ES'}], 'info': {'seed': 'fa5712762fb44451', 'results': 1, 'page': 1, 'version': '1.4'}}</msg>
<arg>${json_data}</arg>
<doc>Logs the given message with the given level.</doc>
<status status="PASS" start="2024-04-08T20:16:42.494253" elapsed="0.000289"/>
</kw>
<kw name="Should Be Equal As Numbers" owner="BuiltIn">
<arg>${json_data['results'][0]['location']['postcode']}</arg>
<arg>${json_data['results'][0]['location']['postcode']}</arg>
<doc>Fails if objects are unequal after converting them to real numbers.</doc>
<status status="PASS" start="2024-04-08T20:16:42.494855" elapsed="0.000642"/>
</kw>
<kw name="Log" owner="BuiltIn">
<msg time="2024-04-08T20:16:42.496051" level="INFO">37477</msg>
<arg>${json_data['results'][0]['location']['postcode']}</arg>
<doc>Logs the given message with the given level.</doc>
<status status="PASS" start="2024-04-08T20:16:42.495698" elapsed="0.000395"/>
</kw>
<status status="PASS" start="2024-04-08T20:16:42.388678" elapsed="0.107684"/>
</kw>
<doc>Testa se os tipos de dados na resposta da API estão corretos.</doc>
<tag>testeTiposDados</tag>
<status status="PASS" start="2024-04-08T20:16:42.283629" elapsed="0.212915"/>
</test>
<test id="s1-s1-t5" name="Validar conteudo" line="35">
<kw name="Teste de Tipos de Conteudo" owner="random-user-service">
<kw name="GET On Session" owner="RequestsLibrary">
<msg time="2024-04-08T20:16:42.595102" level="INFO">GET Request : url=https://randomuser.me/api 
 path_url=/api 
 headers={'User-Agent': 'python-requests/2.31.0', 'Accept-Encoding': 'gzip, deflate', 'Accept': '*/*', 'Connection': 'keep-alive'} 
 body=None 
 </msg>
<msg time="2024-04-08T20:16:42.595199" level="INFO">GET Response : url=https://randomuser.me/api 
 status=200, reason=OK 
 headers={'Date': 'Mon, 08 Apr 2024 20:16:42 GMT', 'Content-Type': 'application/json; charset=utf-8', 'Transfer-Encoding': 'chunked', 'Connection': 'keep-alive', 'X-Powered-By': 'Express', 'Access-Control-Allow-Origin': '*', 'Cache-Control': 'no-cache', 'ETag': 'W/"486-+SwuLZ1eAe9QJ2XcNcbON5tdFRA"', 'Vary': 'Accept-Encoding', 'Content-Encoding': 'gzip', 'CF-Cache-Status': 'DYNAMIC', 'Report-To': '{"endpoints":[{"url":"https:\\/\\/a.nel.cloudflare.com\\/report\\/v4?s=RWY3PQ8AcFmKWBz9tI%2FH%2F2UCQt%2F4QUppU0x5SG1a6BDrcK%2Bh5WxxYmAGr%2BwW9OnAikI7mIAlyQWPwRkxEkBpNfuur4Pyse%2FHkuypRyIcjgy0UvCrGIbopCd7Q0gDD73c"}],"group":"cf-nel","max_age":604800}', 'NEL': '{"success_fraction":0,"report_to":"cf-nel","max_age":604800}', 'Server': 'cloudflare', 'CF-RAY': '8714efc9aaa47bbb-LAX', 'alt-svc': 'h3=":443"; ma=86400'} 
 body={"results":[{"gender":"male","name":{"title":"Mr","first":"Kenneth","last":"Kelley"},"location":{"street":{"number":1336,"name":"Main Street"},"city":"Naas","state":"Longford","country":"Ireland","postcode":75049,"coordinates":{"latitude":"-0.2765","longitude":"-43.7295"},"timezone":{"offset":"+4:00","description":"Abu Dhabi, Muscat, Baku, Tbilisi"}},"email":"kenneth.kelley@example.com","login":{"uuid":"97926a8b-53e8-4215-9a5a-2262fe5fd8a2","username":"goldenostrich216","password":"perfect","salt":"um3Hkfvt","md5":"c739a2abfe1f1b3601e1be86d8eccaa3","sha1":"b5da0e438284ed7cc05fb7ca89827f181ee5f5e0","sha256":"a89852cd3e62a4fe4182177dba0db900c9712e6a2735f351a766a05230c8359c"},"dob":{"date":"1954-09-16T13:24:08.539Z","age":69},"registered":{"date":"2010-12-26T10:11:44.844Z","age":13},"phone":"071-939-8561","cell":"081-124-8989","id":{"name":"PPS","value":"0393810T"},"picture":{"large":"https://randomuser.me/api/portraits/men/17.jpg","medium":"https://randomuser.me/api/portraits/med/men/17.jpg","thumbnail":"https://randomuser.me/api/portraits/thumb/men/17.jpg"},"nat":"IE"}],"info":{"seed":"a66d9bf13a0e119f","results":1,"page":1,"version":"1.4"}} 
 </msg>
<msg time="2024-04-08T20:16:42.595268" level="INFO">/opt/hostedtoolcache/Python/3.12.2/x64/lib/python3.12/site-packages/urllib3/connectionpool.py:1103: InsecureRequestWarning: Unverified HTTPS request is being made to host 'randomuser.me'. Adding certificate verification is strongly advised. See: https://urllib3.readthedocs.io/en/latest/advanced-usage.html#tls-warnings
  warnings.warn(</msg>
<msg time="2024-04-08T20:16:42.595412" level="INFO">${response} = &lt;Response [200]&gt;</msg>
<var>${response}</var>
<arg>consultarAPI</arg>
<arg>/api</arg>
<doc>Sends a GET request on a previously created HTTP Session.</doc>
<status status="PASS" start="2024-04-08T20:16:42.499089" elapsed="0.096364"/>
</kw>
<kw name="Set Variable" owner="BuiltIn">
<msg time="2024-04-08T20:16:42.596503" level="INFO">${json_data} = {'results': [{'gender': 'male', 'name': {'title': 'Mr', 'first': 'Kenneth', 'last': 'Kelley'}, 'location': {'street': {'number': 1336, 'name': 'Main Street'}, 'city': 'Naas', 'state': 'Longford', 'cou...</msg>
<var>${json_data}</var>
<arg>${response.json()}</arg>
<doc>Returns the given values which can then be assigned to a variables.</doc>
<status status="PASS" start="2024-04-08T20:16:42.595995" elapsed="0.000536"/>
</kw>
<kw name="Set Variable" owner="BuiltIn">
<msg time="2024-04-08T20:16:42.597227" level="INFO">${name_title} = Mr</msg>
<var>${name_title}</var>
<arg>${json_data["results"][0]["name"]["title"]}</arg>
<doc>Returns the given values which can then be assigned to a variables.</doc>
<status status="PASS" start="2024-04-08T20:16:42.596840" elapsed="0.000412"/>
</kw>
<kw name="Create List" owner="BuiltIn">
<msg time="2024-04-08T20:16:42.597727" level="INFO">${allowed_titles} = ['Mr', 'Ms', 'Miss', 'Mrs', 'Madame', 'Monsieur']</msg>
<var>${allowed_titles}</var>
<arg>Mr</arg>
<arg>Ms</arg>
<arg>Miss</arg>
<arg>Mrs</arg>
<arg>Madame</arg>
<arg>Monsieur</arg>
<doc>Returns a list containing given items.</doc>
<status status="PASS" start="2024-04-08T20:16:42.597577" elapsed="0.000174"/>
</kw>
<kw name="List Should Contain Value" owner="Collections">
<msg time="2024-04-08T20:16:42.598236" level="INFO">False</msg>
<arg>${allowed_titles}</arg>
<arg>${name_title}</arg>
<doc>Fails if the ``value`` is not found from ``list``.</doc>
<status status="PASS" start="2024-04-08T20:16:42.598060" elapsed="0.000213"/>
</kw>
<kw name="Set Variable" owner="BuiltIn">
<msg time="2024-04-08T20:16:42.598978" level="INFO">${name_country} = IE</msg>
<var>${name_country}</var>
<arg>${json_data["results"][0]["nat"]}</arg>
<doc>Returns the given values which can then be assigned to a variables.</doc>
<status status="PASS" start="2024-04-08T20:16:42.598604" elapsed="0.000399"/>
</kw>
<kw name="Create List" owner="BuiltIn">
<msg time="2024-04-08T20:16:42.599919" level="INFO">${list_country} = ['AD', 'AE', 'AF', 'AG', 'AI', 'AL', 'AM', 'AO', 'AQ', 'AR', 'AS', 'AT', 'AU', 'AW', 'AX', 'AZ', 'BA', 'BB', 'BD', 'BE', 'BF', 'BG', 'BH', 'BI', 'BJ', 'BL', 'BM', 'BN', 'BO', 'BQ', 'BR', 'BS', 'BT', '...</msg>
<var>${list_country}</var>
<arg>AD</arg>
<arg>AE</arg>
<arg>AF</arg>
<arg>AG</arg>
<arg>AI</arg>
<arg>AL</arg>
<arg>AM</arg>
<arg>AO</arg>
<arg>AQ</arg>
<arg>AR</arg>
<arg>AS</arg>
<arg>AT</arg>
<arg>AU</arg>
<arg>AW</arg>
<arg>AX</arg>
<arg>AZ</arg>
<arg>BA</arg>
<arg>BB</arg>
<arg>BD</arg>
<arg>BE</arg>
<arg>BF</arg>
<arg>BG</arg>
<arg>BH</arg>
<arg>BI</arg>
<arg>BJ</arg>
<arg>BL</arg>
<arg>BM</arg>
<arg>BN</arg>
<arg>BO</arg>
<arg>BQ</arg>
<arg>BR</arg>
<arg>BS</arg>
<arg>BT</arg>
<arg>BV</arg>
<arg>BW</arg>
<arg>BY</arg>
<arg>BZ</arg>
<arg>CA</arg>
<arg>CC</arg>
<arg>CD</arg>
<arg>CF</arg>
<arg>CG</arg>
<arg>CH</arg>
<arg>CI</arg>
<arg>CK</arg>
<arg>CL</arg>
<arg>CM</arg>
<arg>CN</arg>
<arg>CO</arg>
<arg>CR</arg>
<arg>CU</arg>
<arg>CV</arg>
<arg>CW</arg>
<arg>CX</arg>
<arg>CY</arg>
<arg>CZ</arg>
<arg>DE</arg>
<arg>DJ</arg>
<arg>DK</arg>
<arg>DM</arg>
<arg>DO</arg>
<arg>DZ</arg>
<arg>EC</arg>
<arg>EE</arg>
<arg>EG</arg>
<arg>EH</arg>
<arg>ER</arg>
<arg>ES</arg>
<arg>ET</arg>
<arg>FI</arg>
<arg>FJ</arg>
<arg>FK</arg>
<arg>FM</arg>
<arg>FO</arg>
<arg>FR</arg>
<arg>GA</arg>
<arg>GB</arg>
<arg>GD</arg>
<arg>GE</arg>
<arg>GF</arg>
<arg>GG</arg>
<arg>GH</arg>
<arg>GI</arg>
<arg>GL</arg>
<arg>GM</arg>
<arg>GN</arg>
<arg>GP</arg>
<arg>GQ</arg>
<arg>GR</arg>
<arg>GS</arg>
<arg>GT</arg>
<arg>GU</arg>
<arg>GW</arg>
<arg>GY</arg>
<arg>HK</arg>
<arg>HM</arg>
<arg>HN</arg>
<arg>HR</arg>
<arg>HT</arg>
<arg>HU</arg>
<arg>ID</arg>
<arg>IE</arg>
<arg>IL</arg>
<arg>IM</arg>
<arg>IN</arg>
<arg>IO</arg>
<arg>IQ</arg>
<arg>IR</arg>
<arg>IS</arg>
<arg>IT</arg>
<arg>JE</arg>
<arg>JM</arg>
<arg>JO</arg>
<arg>JP</arg>
<arg>KE</arg>
<arg>KG</arg>
<arg>KH</arg>
<arg>KI</arg>
<arg>KM</arg>
<arg>KN</arg>
<arg>KP</arg>
<arg>KR</arg>
<arg>KW</arg>
<arg>KY</arg>
<arg>KZ</arg>
<arg>LA</arg>
<arg>LB</arg>
<arg>LC</arg>
<arg>LI</arg>
<arg>LK</arg>
<arg>LR</arg>
<arg>LS</arg>
<arg>LT</arg>
<arg>LU</arg>
<arg>LV</arg>
<arg>LY</arg>
<arg>MA</arg>
<arg>MC</arg>
<arg>MD</arg>
<arg>ME</arg>
<arg>MF</arg>
<arg>MG</arg>
<arg>MH</arg>
<arg>MK</arg>
<arg>ML</arg>
<arg>MM</arg>
<arg>MN</arg>
<arg>MO</arg>
<arg>MP</arg>
<arg>MQ</arg>
<arg>MR</arg>
<arg>MS</arg>
<arg>MT</arg>
<arg>MU</arg>
<arg>MV</arg>
<arg>MW</arg>
<arg>MX</arg>
<arg>MY</arg>
<arg>MZ</arg>
<arg>NA</arg>
<arg>NC</arg>
<arg>NE</arg>
<arg>NF</arg>
<arg>NG</arg>
<arg>NI</arg>
<arg>NL</arg>
<arg>NO</arg>
<arg>NP</arg>
<arg>NR</arg>
<arg>NU</arg>
<arg>NZ</arg>
<arg>OM</arg>
<arg>PA</arg>
<arg>PE</arg>
<arg>PF</arg>
<arg>PG</arg>
<arg>PH</arg>
<arg>PK</arg>
<arg>PL</arg>
<arg>PM</arg>
<arg>PN</arg>
<arg>PR</arg>
<arg>PS</arg>
<arg>PT</arg>
<arg>PW</arg>
<arg>PY</arg>
<arg>QA</arg>
<arg>RE</arg>
<arg>RO</arg>
<arg>RS</arg>
<arg>RU</arg>
<arg>RW</arg>
<arg>SA</arg>
<arg>SB</arg>
<arg>SC</arg>
<arg>SD</arg>
<arg>SE</arg>
<arg>SG</arg>
<arg>SH</arg>
<arg>SI</arg>
<arg>SJ</arg>
<arg>SK</arg>
<arg>SL</arg>
<arg>SM</arg>
<arg>SN</arg>
<arg>SO</arg>
<arg>SR</arg>
<arg>SS</arg>
<arg>ST</arg>
<arg>SV</arg>
<arg>SX</arg>
<arg>SY</arg>
<arg>SZ</arg>
<arg>TC</arg>
<arg>TD</arg>
<arg>TF</arg>
<arg>TG</arg>
<arg>TH</arg>
<arg>TJ</arg>
<arg>TK</arg>
<arg>TL</arg>
<arg>TM</arg>
<arg>TN</arg>
<arg>TO</arg>
<arg>TR</arg>
<arg>TT</arg>
<arg>TV</arg>
<arg>TW</arg>
<arg>TZ</arg>
<arg>UA</arg>
<arg>UG</arg>
<arg>UM</arg>
<arg>US</arg>
<arg>UY</arg>
<arg>UZ</arg>
<arg>VA</arg>
<arg>VC</arg>
<arg>VE</arg>
<arg>VG</arg>
<arg>VI</arg>
<arg>VN</arg>
<arg>VU</arg>
<arg>WF</arg>
<arg>WS</arg>
<arg>XK</arg>
<arg>YE</arg>
<arg>YT</arg>
<arg>ZA</arg>
<arg>ZM</arg>
<arg>ZW</arg>
<doc>Returns a list containing given items.</doc>
<status status="PASS" start="2024-04-08T20:16:42.599321" elapsed="0.000624"/>
</kw>
<kw name="List Should Contain Value" owner="Collections">
<msg time="2024-04-08T20:16:42.600952" level="INFO">False</msg>
<arg>${list_country}</arg>
<arg>${name_country}</arg>
<doc>Fails if the ``value`` is not found from ``list``.</doc>
<status status="PASS" start="2024-04-08T20:16:42.600748" elapsed="0.000240"/>
</kw>
<kw name="Run Keyword If" owner="BuiltIn">
<kw name="Should Be True" owner="BuiltIn">
<arg>${True}</arg>
<doc>Fails if the given condition is not true.</doc>
<status status="PASS" start="2024-04-08T20:16:42.602223" elapsed="0.000169"/>
</kw>
<arg>${json_data["results"][0]["location"]["coordinates"]["latitude"]} &gt;= -90 and ${json_data["results"][0]["location"]["coordinates"]["latitude"]} &lt;= 90</arg>
<arg>Should Be True</arg>
<arg>${True}</arg>
<doc>Runs the given keyword with the given arguments, if ``condition`` is true.</doc>
<status status="PASS" start="2024-04-08T20:16:42.601299" elapsed="0.001226"/>
</kw>
<kw name="Run Keyword If" owner="BuiltIn">
<kw name="Should Be True" owner="BuiltIn">
<arg>${True}</arg>
<doc>Fails if the given condition is not true.</doc>
<status status="PASS" start="2024-04-08T20:16:42.603440" elapsed="0.000146"/>
</kw>
<arg>${json_data["results"][0]["location"]["coordinates"]["longitude"]} &gt;= -180 and ${json_data["results"][0]["location"]["coordinates"]["longitude"]} &lt;= 180</arg>
<arg>Should Be True</arg>
<arg>${True}</arg>
<doc>Runs the given keyword with the given arguments, if ``condition`` is true.</doc>
<status status="PASS" start="2024-04-08T20:16:42.602714" elapsed="0.000996"/>
</kw>
<status status="PASS" start="2024-04-08T20:16:42.498855" elapsed="0.104987"/>
</kw>
<doc>Testa o conteúdo específico dos campos retornados pela API.</doc>
<tag>testeConteudo</tag>
<status status="PASS" start="2024-04-08T20:16:42.498349" elapsed="0.105650"/>
</test>
<status status="PASS" start="2024-04-08T20:16:41.646847" elapsed="0.959133"/>
</suite>
<status status="PASS" start="2024-04-08T20:16:41.632574" elapsed="0.978967"/>
</suite>
<statistics>
<total>
<stat pass="5" fail="0" skip="0">All Tests</stat>
</total>
<tag>
<stat pass="1" fail="0" skip="0">testeConteudo</stat>
<stat pass="1" fail="0" skip="0">testeEstruturaResposta</stat>
<stat pass="1" fail="0" skip="0">testeRequisicaoBasica</stat>
<stat pass="1" fail="0" skip="0">testeTiposDados</stat>
</tag>
<suite>
<stat pass="5" fail="0" skip="0" id="s1" name="Tests">Tests</stat>
<stat pass="5" fail="0" skip="0" id="s1-s1" name="Random-User-Test">Tests.Random-User-Test</stat>
</suite>
</statistics>
<errors>
</errors>
</robot>
