<?xml version="1.0" encoding="UTF-8"?>
<robot generator="Robot 7.0.1 (Python 3.12.4 on linux)" generated="2024-07-23T14:14:23.654161" rpa="false" schemaversion="5">
<suite id="s1" name="Tests" source="/home/runner/work/ApiRandomUser/ApiRandomUser/RamdonUser/tests">
<suite id="s1-s1" name="Random-User-Test" source="/home/runner/work/ApiRandomUser/ApiRandomUser/RamdonUser/tests/random-user-test.robot">
<test id="s1-s1-t1" name="Conectar" line="13">
<kw name="Conectar API" owner="random-user-service">
<kw name="Create Session" owner="RequestsLibrary">
<msg time="2024-07-23T14:14:24.066602" level="INFO">Creating Session using : alias=consultarAPI, url=https://randomuser.me/, headers={},                     cookies={}, auth=None, timeout=None, proxies=None, verify=False,                     debug=0 </msg>
<arg>consultarAPI</arg>
<arg>${URL}</arg>
<doc>Create Session: create a HTTP session to a server</doc>
<status status="PASS" start="2024-07-23T14:14:24.066393" elapsed="0.000409"/>
</kw>
<status status="PASS" start="2024-07-23T14:14:24.065316" elapsed="0.001867"/>
</kw>
<status status="PASS" start="2024-07-23T14:14:24.064718" elapsed="0.002726"/>
</test>
<test id="s1-s1-t2" name="Validar retorno 200 e JSON Válido" line="16">
<kw name="Teste de Requisicao Basica" owner="random-user-service">
<kw name="GET On Session" owner="RequestsLibrary">
<msg time="2024-07-23T14:14:24.284671" level="INFO">GET Request : url=https://randomuser.me/api 
 path_url=/api 
 headers={'User-Agent': 'python-requests/2.32.3', 'Accept-Encoding': 'gzip, deflate', 'Accept': '*/*', 'Connection': 'keep-alive'} 
 body=None 
 </msg>
<msg time="2024-07-23T14:14:24.284847" level="INFO">GET Response : url=https://randomuser.me/api 
 status=200, reason=OK 
 headers={'Date': 'Tue, 23 Jul 2024 14:14:24 GMT', 'Content-Type': 'application/json; charset=utf-8', 'Transfer-Encoding': 'chunked', 'Connection': 'keep-alive', 'X-Powered-By': 'Express', 'Access-Control-Allow-Origin': '*', 'Cache-Control': 'no-cache', 'ETag': 'W/"475-8beUZeavEf/g9xzTROriHdYXRes"', 'Vary': 'Accept-Encoding', 'Content-Encoding': 'gzip', 'CF-Cache-Status': 'DYNAMIC', 'Report-To': '{"endpoints":[{"url":"https:\\/\\/a.nel.cloudflare.com\\/report\\/v4?s=%2FVl43iAByeXrVnpQ14doXPLYqrf7cPnlXtzU51StIn2bLQT8VaS0lRUhN9FAc0hm7tPBKxfdgX%2BA5Wc9IZK3lN1bdWkOVTLE6t9q46zU400NbD6XGfH26iGnqSdkB7FW"}],"group":"cf-nel","max_age":604800}', 'NEL': '{"success_fraction":0,"report_to":"cf-nel","max_age":604800}', 'Server': 'cloudflare', 'CF-RAY': '8a7c46d1691f81d9-IAD', 'alt-svc': 'h3=":443"; ma=86400'} 
 body={"results":[{"gender":"female","name":{"title":"Mrs","first":"Avery","last":"Garrett"},"location":{"street":{"number":5935,"name":"Elgin St"},"city":"Gladstone","state":"Tasmania","country":"Australia","postcode":3393,"coordinates":{"latitude":"-88.3530","longitude":"0.9649"},"timezone":{"offset":"+3:30","description":"Tehran"}},"email":"avery.garrett@example.com","login":{"uuid":"1489946b-9028-40bf-9385-1dcc957aa98e","username":"greenbutterfly849","password":"lassie","salt":"djHdR71p","md5":"47670bce153e78c913934b4336c9904e","sha1":"c3a16a4b1a6377d5a2f5066c5514c70d6af4a629","sha256":"a88932b80204373828e4a9f780005171b7a7c7507417dbf5fc884bd35cb8b5fe"},"dob":{"date":"1988-12-29T08:16:06.937Z","age":35},"registered":{"date":"2017-07-21T19:50:36.178Z","age":7},"phone":"03-4665-5928","cell":"0432-678-680","id":{"name":"TFN","value":"810784417"},"picture":{"large":"https://randomuser.me/api/portraits/women/56.jpg","medium":"https://randomuser.me/api/portraits/med/women/56.jpg","thumbnail":"https://randomuser.me/api/portraits/thumb/women/56.jpg"},"nat":"AU"}],"info":{"seed":"e9fd0c578fbc14f5","results":1,"page":1,"version":"1.4"}} 
 </msg>
<msg time="2024-07-23T14:14:24.284950" level="INFO">/opt/hostedtoolcache/Python/3.12.4/x64/lib/python3.12/site-packages/urllib3/connectionpool.py:1099: InsecureRequestWarning: Unverified HTTPS request is being made to host 'randomuser.me'. Adding certificate verification is strongly advised. See: https://urllib3.readthedocs.io/en/latest/advanced-usage.html#tls-warnings
  warnings.warn(</msg>
<msg time="2024-07-23T14:14:24.285116" level="INFO">${response} = &lt;Response [200]&gt;</msg>
<var>${response}</var>
<arg>consultarAPI</arg>
<arg>/api</arg>
<doc>Sends a GET request on a previously created HTTP Session.</doc>
<status status="PASS" start="2024-07-23T14:14:24.070075" elapsed="0.215092"/>
</kw>
<kw name="Should Be Equal As Numbers" owner="BuiltIn">
<msg time="2024-07-23T14:14:24.286585" level="INFO">Argument types are:
&lt;class 'int'&gt;
&lt;class 'str'&gt;</msg>
<arg>${response.status_code}</arg>
<arg>200</arg>
<doc>Fails if objects are unequal after converting them to real numbers.</doc>
<status status="PASS" start="2024-07-23T14:14:24.285968" elapsed="0.000689"/>
</kw>
<kw name="Log" owner="BuiltIn">
<msg time="2024-07-23T14:14:24.287471" level="INFO">200</msg>
<arg>${response.status_code}</arg>
<doc>Logs the given message with the given level.</doc>
<status status="PASS" start="2024-07-23T14:14:24.287025" elapsed="0.000491"/>
</kw>
<kw name="Set Variable" owner="BuiltIn">
<msg time="2024-07-23T14:14:24.288292" level="INFO">${json_data} = {'results': [{'gender': 'female', 'name': {'title': 'Mrs', 'first': 'Avery', 'last': 'Garrett'}, 'location': {'street': {'number': 5935, 'name': 'Elgin St'}, 'city': 'Gladstone', 'state': 'Tasmania', ...</msg>
<var>${json_data}</var>
<arg>${response.json()}</arg>
<doc>Returns the given values which can then be assigned to a variables.</doc>
<status status="PASS" start="2024-07-23T14:14:24.287838" elapsed="0.000483"/>
</kw>
<kw name="Dictionary Should Contain Key" owner="Collections">
<arg>${json_data}</arg>
<arg>results</arg>
<doc>Fails if ``key`` is not found from ``dictionary``.</doc>
<status status="PASS" start="2024-07-23T14:14:24.288641" elapsed="0.000342"/>
</kw>
<status status="PASS" start="2024-07-23T14:14:24.069823" elapsed="0.219322"/>
</kw>
<doc>Testa se a API responde corretamente e retorna um objeto JSON válido.</doc>
<tag>testeRequisicaoBasica</tag>
<status status="PASS" start="2024-07-23T14:14:24.069337" elapsed="0.219992"/>
</test>
<test id="s1-s1-t3" name="Validar estrutura de resposta" line="22">
<kw name="Teste de Estrutura de Resposta" owner="random-user-service">
<kw name="GET On Session" owner="RequestsLibrary">
<msg time="2024-07-23T14:14:24.381951" level="INFO">GET Request : url=https://randomuser.me/api 
 path_url=/api 
 headers={'User-Agent': 'python-requests/2.32.3', 'Accept-Encoding': 'gzip, deflate', 'Accept': '*/*', 'Connection': 'keep-alive'} 
 body=None 
 </msg>
<msg time="2024-07-23T14:14:24.382065" level="INFO">GET Response : url=https://randomuser.me/api 
 status=200, reason=OK 
 headers={'Date': 'Tue, 23 Jul 2024 14:14:24 GMT', 'Content-Type': 'application/json; charset=utf-8', 'Transfer-Encoding': 'chunked', 'Connection': 'keep-alive', 'X-Powered-By': 'Express', 'Access-Control-Allow-Origin': '*', 'Cache-Control': 'no-cache', 'ETag': 'W/"489-TtYrZOQFXbCGXvpOk5t5LuYdBI8"', 'Vary': 'Accept-Encoding', 'Content-Encoding': 'gzip', 'CF-Cache-Status': 'DYNAMIC', 'Report-To': '{"endpoints":[{"url":"https:\\/\\/a.nel.cloudflare.com\\/report\\/v4?s=4SuSq%2Fz9C3mTw1mlq9tmBBUN6GIFa7E2xM5N5cz9ABr856THYofjH0UnMYBmbCL9ssfecCTcIPdYVo8XDkI9ezFmRMWrklhgYl2QRI3A0IMuVkfl4%2Fc60o2V5ah%2FusCM"}],"group":"cf-nel","max_age":604800}', 'NEL': '{"success_fraction":0,"report_to":"cf-nel","max_age":604800}', 'Server': 'cloudflare', 'CF-RAY': '8a7c46d1d98c81d9-IAD', 'alt-svc': 'h3=":443"; ma=86400'} 
 body={"results":[{"gender":"female","name":{"title":"Miss","first":"Özsu","last":"Erkekli"},"location":{"street":{"number":3601,"name":"Istiklal Cd"},"city":"Hakkâri","state":"Bingöl","country":"Turkey","postcode":55828,"coordinates":{"latitude":"71.2072","longitude":"28.8264"},"timezone":{"offset":"+10:00","description":"Eastern Australia, Guam, Vladivostok"}},"email":"ozsu.erkekli@example.com","login":{"uuid":"c62f5752-874d-4900-b4e5-535f2adb4501","username":"greengoose296","password":"truck1","salt":"Br2KddSr","md5":"4c2882b46a81b7288b80ff21d625e1a9","sha1":"29ffbc2f8b555c38fc34416c47c1a29a7232205e","sha256":"632fbd71aa01009c46abcf936cc753728c3335577fc40654134d32a3d33d3c2f"},"dob":{"date":"1965-09-13T03:00:55.667Z","age":58},"registered":{"date":"2022-01-27T11:47:48.138Z","age":2},"phone":"(686)-230-0691","cell":"(780)-486-8447","id":{"name":"","value":null},"picture":{"large":"https://randomuser.me/api/portraits/women/13.jpg","medium":"https://randomuser.me/api/portraits/med/women/13.jpg","thumbnail":"https://randomuser.me/api/portraits/thumb/women/13.jpg"},"nat":"TR"}],"info":{"seed":"0ee430a719300872","results":1,"page":1,"version":"1.4"}} 
 </msg>
<msg time="2024-07-23T14:14:24.382212" level="INFO">/opt/hostedtoolcache/Python/3.12.4/x64/lib/python3.12/site-packages/urllib3/connectionpool.py:1099: InsecureRequestWarning: Unverified HTTPS request is being made to host 'randomuser.me'. Adding certificate verification is strongly advised. See: https://urllib3.readthedocs.io/en/latest/advanced-usage.html#tls-warnings
  warnings.warn(</msg>
<msg time="2024-07-23T14:14:24.382349" level="INFO">${response} = &lt;Response [200]&gt;</msg>
<var>${response}</var>
<arg>consultarAPI</arg>
<arg>/api</arg>
<doc>Sends a GET request on a previously created HTTP Session.</doc>
<status status="PASS" start="2024-07-23T14:14:24.292139" elapsed="0.090261"/>
</kw>
<kw name="Set Variable" owner="BuiltIn">
<msg time="2024-07-23T14:14:24.383648" level="INFO">${json_data} = {'results': [{'gender': 'female', 'name': {'title': 'Miss', 'first': 'Özsu', 'last': 'Erkekli'}, 'location': {'street': {'number': 3601, 'name': 'Istiklal Cd'}, 'city': 'Hakkâri', 'state': 'Bingöl', '...</msg>
<var>${json_data}</var>
<arg>${response.json()}</arg>
<doc>Returns the given values which can then be assigned to a variables.</doc>
<status status="PASS" start="2024-07-23T14:14:24.382978" elapsed="0.000702"/>
</kw>
<kw name="Log" owner="BuiltIn">
<msg time="2024-07-23T14:14:24.384255" level="INFO">{'results': [{'gender': 'female', 'name': {'title': 'Miss', 'first': 'Özsu', 'last': 'Erkekli'}, 'location': {'street': {'number': 3601, 'name': 'Istiklal Cd'}, 'city': 'Hakkâri', 'state': 'Bingöl', 'country': 'Turkey', 'postcode': 55828, 'coordinates': {'latitude': '71.2072', 'longitude': '28.8264'}, 'timezone': {'offset': '+10:00', 'description': 'Eastern Australia, Guam, Vladivostok'}}, 'email': 'ozsu.erkekli@example.com', 'login': {'uuid': 'c62f5752-874d-4900-b4e5-535f2adb4501', 'username': 'greengoose296', 'password': 'truck1', 'salt': 'Br2KddSr', 'md5': '4c2882b46a81b7288b80ff21d625e1a9', 'sha1': '29ffbc2f8b555c38fc34416c47c1a29a7232205e', 'sha256': '632fbd71aa01009c46abcf936cc753728c3335577fc40654134d32a3d33d3c2f'}, 'dob': {'date': '1965-09-13T03:00:55.667Z', 'age': 58}, 'registered': {'date': '2022-01-27T11:47:48.138Z', 'age': 2}, 'phone': '(686)-230-0691', 'cell': '(780)-486-8447', 'id': {'name': '', 'value': None}, 'picture': {'large': 'https://randomuser.me/api/portraits/women/13.jpg', 'medium': 'https://randomuser.me/api/portraits/med/women/13.jpg', 'thumbnail': 'https://randomuser.me/api/portraits/thumb/women/13.jpg'}, 'nat': 'TR'}], 'info': {'seed': '0ee430a719300872', 'results': 1, 'page': 1, 'version': '1.4'}}</msg>
<arg>${json_data}</arg>
<doc>Logs the given message with the given level.</doc>
<status status="PASS" start="2024-07-23T14:14:24.384052" elapsed="0.000260"/>
</kw>
<kw name="Dictionary Should Contain Key" owner="Collections">
<arg>${json_data}</arg>
<arg>results</arg>
<doc>Fails if ``key`` is not found from ``dictionary``.</doc>
<status status="PASS" start="2024-07-23T14:14:24.384641" elapsed="0.000180"/>
</kw>
<kw name="Should Not Be Empty" owner="BuiltIn">
<msg time="2024-07-23T14:14:24.385168" level="INFO">Length is 2.</msg>
<arg>${json_data}</arg>
<doc>Verifies that the given item is not empty.</doc>
<status status="PASS" start="2024-07-23T14:14:24.385028" elapsed="0.000180"/>
</kw>
<kw name="Create List" owner="BuiltIn">
<msg time="2024-07-23T14:14:24.385697" level="INFO">${expected_keys} = ['gender', 'name', 'location', 'email', 'login']</msg>
<var>${expected_keys}</var>
<arg>gender</arg>
<arg>name</arg>
<arg>location</arg>
<arg>email</arg>
<arg>login</arg>
<doc>Returns a list containing given items.</doc>
<status status="PASS" start="2024-07-23T14:14:24.385524" elapsed="0.000200"/>
</kw>
<for flavor="IN">
<iter>
<kw name="Dictionary Should Contain Key" owner="Collections">
<arg>${json_data['results'][0]}</arg>
<arg>${key}</arg>
<doc>Fails if ``key`` is not found from ``dictionary``.</doc>
<status status="PASS" start="2024-07-23T14:14:24.386359" elapsed="0.000445"/>
</kw>
<kw name="Log" owner="BuiltIn">
<msg time="2024-07-23T14:14:24.387404" level="INFO">{'gender': 'female', 'name': {'title': 'Miss', 'first': 'Özsu', 'last': 'Erkekli'}, 'location': {'street': {'number': 3601, 'name': 'Istiklal Cd'}, 'city': 'Hakkâri', 'state': 'Bingöl', 'country': 'Turkey', 'postcode': 55828, 'coordinates': {'latitude': '71.2072', 'longitude': '28.8264'}, 'timezone': {'offset': '+10:00', 'description': 'Eastern Australia, Guam, Vladivostok'}}, 'email': 'ozsu.erkekli@example.com', 'login': {'uuid': 'c62f5752-874d-4900-b4e5-535f2adb4501', 'username': 'greengoose296', 'password': 'truck1', 'salt': 'Br2KddSr', 'md5': '4c2882b46a81b7288b80ff21d625e1a9', 'sha1': '29ffbc2f8b555c38fc34416c47c1a29a7232205e', 'sha256': '632fbd71aa01009c46abcf936cc753728c3335577fc40654134d32a3d33d3c2f'}, 'dob': {'date': '1965-09-13T03:00:55.667Z', 'age': 58}, 'registered': {'date': '2022-01-27T11:47:48.138Z', 'age': 2}, 'phone': '(686)-230-0691', 'cell': '(780)-486-8447', 'id': {'name': '', 'value': None}, 'picture': {'large': 'https://randomuser.me/api/portraits/women/13.jpg', 'medium': 'https://randomuser.me/api/portraits/med/women/13.jpg', 'thumbnail': 'https://randomuser.me/api/portraits/thumb/women/13.jpg'}, 'nat': 'TR'}</msg>
<arg>${json_data['results'][0]}</arg>
<doc>Logs the given message with the given level.</doc>
<status status="PASS" start="2024-07-23T14:14:24.386994" elapsed="0.000463"/>
</kw>
<kw name="Log" owner="BuiltIn">
<msg time="2024-07-23T14:14:24.387900" level="INFO">gender</msg>
<arg>${key}</arg>
<doc>Logs the given message with the given level.</doc>
<status status="PASS" start="2024-07-23T14:14:24.387768" elapsed="0.000171"/>
</kw>
<var name="${key}">gender</var>
<status status="PASS" start="2024-07-23T14:14:24.386221" elapsed="0.001937"/>
</iter>
<iter>
<kw name="Dictionary Should Contain Key" owner="Collections">
<arg>${json_data['results'][0]}</arg>
<arg>${key}</arg>
<doc>Fails if ``key`` is not found from ``dictionary``.</doc>
<status status="PASS" start="2024-07-23T14:14:24.388465" elapsed="0.000392"/>
</kw>
<kw name="Log" owner="BuiltIn">
<msg time="2024-07-23T14:14:24.389411" level="INFO">{'gender': 'female', 'name': {'title': 'Miss', 'first': 'Özsu', 'last': 'Erkekli'}, 'location': {'street': {'number': 3601, 'name': 'Istiklal Cd'}, 'city': 'Hakkâri', 'state': 'Bingöl', 'country': 'Turkey', 'postcode': 55828, 'coordinates': {'latitude': '71.2072', 'longitude': '28.8264'}, 'timezone': {'offset': '+10:00', 'description': 'Eastern Australia, Guam, Vladivostok'}}, 'email': 'ozsu.erkekli@example.com', 'login': {'uuid': 'c62f5752-874d-4900-b4e5-535f2adb4501', 'username': 'greengoose296', 'password': 'truck1', 'salt': 'Br2KddSr', 'md5': '4c2882b46a81b7288b80ff21d625e1a9', 'sha1': '29ffbc2f8b555c38fc34416c47c1a29a7232205e', 'sha256': '632fbd71aa01009c46abcf936cc753728c3335577fc40654134d32a3d33d3c2f'}, 'dob': {'date': '1965-09-13T03:00:55.667Z', 'age': 58}, 'registered': {'date': '2022-01-27T11:47:48.138Z', 'age': 2}, 'phone': '(686)-230-0691', 'cell': '(780)-486-8447', 'id': {'name': '', 'value': None}, 'picture': {'large': 'https://randomuser.me/api/portraits/women/13.jpg', 'medium': 'https://randomuser.me/api/portraits/med/women/13.jpg', 'thumbnail': 'https://randomuser.me/api/portraits/thumb/women/13.jpg'}, 'nat': 'TR'}</msg>
<arg>${json_data['results'][0]}</arg>
<doc>Logs the given message with the given level.</doc>
<status status="PASS" start="2024-07-23T14:14:24.389042" elapsed="0.000455"/>
</kw>
<kw name="Log" owner="BuiltIn">
<msg time="2024-07-23T14:14:24.389934" level="INFO">name</msg>
<arg>${key}</arg>
<doc>Logs the given message with the given level.</doc>
<status status="PASS" start="2024-07-23T14:14:24.389804" elapsed="0.000168"/>
</kw>
<var name="${key}">name</var>
<status status="PASS" start="2024-07-23T14:14:24.388352" elapsed="0.001838"/>
</iter>
<iter>
<kw name="Dictionary Should Contain Key" owner="Collections">
<arg>${json_data['results'][0]}</arg>
<arg>${key}</arg>
<doc>Fails if ``key`` is not found from ``dictionary``.</doc>
<status status="PASS" start="2024-07-23T14:14:24.390480" elapsed="0.000381"/>
</kw>
<kw name="Log" owner="BuiltIn">
<msg time="2024-07-23T14:14:24.391454" level="INFO">{'gender': 'female', 'name': {'title': 'Miss', 'first': 'Özsu', 'last': 'Erkekli'}, 'location': {'street': {'number': 3601, 'name': 'Istiklal Cd'}, 'city': 'Hakkâri', 'state': 'Bingöl', 'country': 'Turkey', 'postcode': 55828, 'coordinates': {'latitude': '71.2072', 'longitude': '28.8264'}, 'timezone': {'offset': '+10:00', 'description': 'Eastern Australia, Guam, Vladivostok'}}, 'email': 'ozsu.erkekli@example.com', 'login': {'uuid': 'c62f5752-874d-4900-b4e5-535f2adb4501', 'username': 'greengoose296', 'password': 'truck1', 'salt': 'Br2KddSr', 'md5': '4c2882b46a81b7288b80ff21d625e1a9', 'sha1': '29ffbc2f8b555c38fc34416c47c1a29a7232205e', 'sha256': '632fbd71aa01009c46abcf936cc753728c3335577fc40654134d32a3d33d3c2f'}, 'dob': {'date': '1965-09-13T03:00:55.667Z', 'age': 58}, 'registered': {'date': '2022-01-27T11:47:48.138Z', 'age': 2}, 'phone': '(686)-230-0691', 'cell': '(780)-486-8447', 'id': {'name': '', 'value': None}, 'picture': {'large': 'https://randomuser.me/api/portraits/women/13.jpg', 'medium': 'https://randomuser.me/api/portraits/med/women/13.jpg', 'thumbnail': 'https://randomuser.me/api/portraits/thumb/women/13.jpg'}, 'nat': 'TR'}</msg>
<arg>${json_data['results'][0]}</arg>
<doc>Logs the given message with the given level.</doc>
<status status="PASS" start="2024-07-23T14:14:24.391049" elapsed="0.000455"/>
</kw>
<kw name="Log" owner="BuiltIn">
<msg time="2024-07-23T14:14:24.391940" level="INFO">location</msg>
<arg>${key}</arg>
<doc>Logs the given message with the given level.</doc>
<status status="PASS" start="2024-07-23T14:14:24.391809" elapsed="0.000169"/>
</kw>
<var name="${key}">location</var>
<status status="PASS" start="2024-07-23T14:14:24.390372" elapsed="0.001829"/>
</iter>
<iter>
<kw name="Dictionary Should Contain Key" owner="Collections">
<arg>${json_data['results'][0]}</arg>
<arg>${key}</arg>
<doc>Fails if ``key`` is not found from ``dictionary``.</doc>
<status status="PASS" start="2024-07-23T14:14:24.392490" elapsed="0.000383"/>
</kw>
<kw name="Log" owner="BuiltIn">
<msg time="2024-07-23T14:14:24.393550" level="INFO">{'gender': 'female', 'name': {'title': 'Miss', 'first': 'Özsu', 'last': 'Erkekli'}, 'location': {'street': {'number': 3601, 'name': 'Istiklal Cd'}, 'city': 'Hakkâri', 'state': 'Bingöl', 'country': 'Turkey', 'postcode': 55828, 'coordinates': {'latitude': '71.2072', 'longitude': '28.8264'}, 'timezone': {'offset': '+10:00', 'description': 'Eastern Australia, Guam, Vladivostok'}}, 'email': 'ozsu.erkekli@example.com', 'login': {'uuid': 'c62f5752-874d-4900-b4e5-535f2adb4501', 'username': 'greengoose296', 'password': 'truck1', 'salt': 'Br2KddSr', 'md5': '4c2882b46a81b7288b80ff21d625e1a9', 'sha1': '29ffbc2f8b555c38fc34416c47c1a29a7232205e', 'sha256': '632fbd71aa01009c46abcf936cc753728c3335577fc40654134d32a3d33d3c2f'}, 'dob': {'date': '1965-09-13T03:00:55.667Z', 'age': 58}, 'registered': {'date': '2022-01-27T11:47:48.138Z', 'age': 2}, 'phone': '(686)-230-0691', 'cell': '(780)-486-8447', 'id': {'name': '', 'value': None}, 'picture': {'large': 'https://randomuser.me/api/portraits/women/13.jpg', 'medium': 'https://randomuser.me/api/portraits/med/women/13.jpg', 'thumbnail': 'https://randomuser.me/api/portraits/thumb/women/13.jpg'}, 'nat': 'TR'}</msg>
<arg>${json_data['results'][0]}</arg>
<doc>Logs the given message with the given level.</doc>
<status status="PASS" start="2024-07-23T14:14:24.393194" elapsed="0.000405"/>
</kw>
<kw name="Log" owner="BuiltIn">
<msg time="2024-07-23T14:14:24.394028" level="INFO">email</msg>
<arg>${key}</arg>
<doc>Logs the given message with the given level.</doc>
<status status="PASS" start="2024-07-23T14:14:24.393897" elapsed="0.000171"/>
</kw>
<var name="${key}">email</var>
<status status="PASS" start="2024-07-23T14:14:24.392376" elapsed="0.001908"/>
</iter>
<iter>
<kw name="Dictionary Should Contain Key" owner="Collections">
<arg>${json_data['results'][0]}</arg>
<arg>${key}</arg>
<doc>Fails if ``key`` is not found from ``dictionary``.</doc>
<status status="PASS" start="2024-07-23T14:14:24.394568" elapsed="0.000380"/>
</kw>
<kw name="Log" owner="BuiltIn">
<msg time="2024-07-23T14:14:24.395511" level="INFO">{'gender': 'female', 'name': {'title': 'Miss', 'first': 'Özsu', 'last': 'Erkekli'}, 'location': {'street': {'number': 3601, 'name': 'Istiklal Cd'}, 'city': 'Hakkâri', 'state': 'Bingöl', 'country': 'Turkey', 'postcode': 55828, 'coordinates': {'latitude': '71.2072', 'longitude': '28.8264'}, 'timezone': {'offset': '+10:00', 'description': 'Eastern Australia, Guam, Vladivostok'}}, 'email': 'ozsu.erkekli@example.com', 'login': {'uuid': 'c62f5752-874d-4900-b4e5-535f2adb4501', 'username': 'greengoose296', 'password': 'truck1', 'salt': 'Br2KddSr', 'md5': '4c2882b46a81b7288b80ff21d625e1a9', 'sha1': '29ffbc2f8b555c38fc34416c47c1a29a7232205e', 'sha256': '632fbd71aa01009c46abcf936cc753728c3335577fc40654134d32a3d33d3c2f'}, 'dob': {'date': '1965-09-13T03:00:55.667Z', 'age': 58}, 'registered': {'date': '2022-01-27T11:47:48.138Z', 'age': 2}, 'phone': '(686)-230-0691', 'cell': '(780)-486-8447', 'id': {'name': '', 'value': None}, 'picture': {'large': 'https://randomuser.me/api/portraits/women/13.jpg', 'medium': 'https://randomuser.me/api/portraits/med/women/13.jpg', 'thumbnail': 'https://randomuser.me/api/portraits/thumb/women/13.jpg'}, 'nat': 'TR'}</msg>
<arg>${json_data['results'][0]}</arg>
<doc>Logs the given message with the given level.</doc>
<status status="PASS" start="2024-07-23T14:14:24.395128" elapsed="0.000433"/>
</kw>
<kw name="Log" owner="BuiltIn">
<msg time="2024-07-23T14:14:24.395987" level="INFO">login</msg>
<arg>${key}</arg>
<doc>Logs the given message with the given level.</doc>
<status status="PASS" start="2024-07-23T14:14:24.395857" elapsed="0.000167"/>
</kw>
<var name="${key}">login</var>
<status status="PASS" start="2024-07-23T14:14:24.394461" elapsed="0.001781"/>
</iter>
<var>${key}</var>
<value>@{expected_keys}</value>
<status status="PASS" start="2024-07-23T14:14:24.386007" elapsed="0.010358"/>
</for>
<kw name="Create List" owner="BuiltIn">
<msg time="2024-07-23T14:14:24.396701" level="INFO">${expected_keysTwo} = ['username', 'password']</msg>
<var>${expected_keysTwo}</var>
<arg>username</arg>
<arg>password</arg>
<doc>Returns a list containing given items.</doc>
<status status="PASS" start="2024-07-23T14:14:24.396559" elapsed="0.000167"/>
</kw>
<for flavor="IN">
<iter>
<kw name="Dictionary Should Contain Key" owner="Collections">
<arg>${json_data['results'][0]['login']}</arg>
<arg>${keyTwo}</arg>
<doc>Fails if ``key`` is not found from ``dictionary``.</doc>
<status status="PASS" start="2024-07-23T14:14:24.397257" elapsed="0.000391"/>
</kw>
<kw name="Dictionary Should Contain Key" owner="Collections">
<arg>${json_data['results'][0]['login']}</arg>
<arg>${keyTwo}</arg>
<doc>Fails if ``key`` is not found from ``dictionary``.</doc>
<status status="PASS" start="2024-07-23T14:14:24.397831" elapsed="0.000372"/>
</kw>
<kw name="Log" owner="BuiltIn">
<msg time="2024-07-23T14:14:24.398502" level="INFO">username</msg>
<arg>${keyTwo}</arg>
<doc>Logs the given message with the given level.</doc>
<status status="PASS" start="2024-07-23T14:14:24.398382" elapsed="0.000159"/>
</kw>
<var name="${keyTwo}">username</var>
<status status="PASS" start="2024-07-23T14:14:24.397150" elapsed="0.001613"/>
</iter>
<iter>
<kw name="Dictionary Should Contain Key" owner="Collections">
<arg>${json_data['results'][0]['login']}</arg>
<arg>${keyTwo}</arg>
<doc>Fails if ``key`` is not found from ``dictionary``.</doc>
<status status="PASS" start="2024-07-23T14:14:24.399052" elapsed="0.000432"/>
</kw>
<kw name="Dictionary Should Contain Key" owner="Collections">
<arg>${json_data['results'][0]['login']}</arg>
<arg>${keyTwo}</arg>
<doc>Fails if ``key`` is not found from ``dictionary``.</doc>
<status status="PASS" start="2024-07-23T14:14:24.399664" elapsed="0.000375"/>
</kw>
<kw name="Log" owner="BuiltIn">
<msg time="2024-07-23T14:14:24.400346" level="INFO">password</msg>
<arg>${keyTwo}</arg>
<doc>Logs the given message with the given level.</doc>
<status status="PASS" start="2024-07-23T14:14:24.400217" elapsed="0.000167"/>
</kw>
<var name="${keyTwo}">password</var>
<status status="PASS" start="2024-07-23T14:14:24.398939" elapsed="0.001670"/>
</iter>
<var>${keyTwo}</var>
<value>@{expected_keysTwo}</value>
<status status="PASS" start="2024-07-23T14:14:24.396992" elapsed="0.003739"/>
</for>
<status status="PASS" start="2024-07-23T14:14:24.291888" elapsed="0.108989"/>
</kw>
<doc>Testa a estrutura da resposta da API.</doc>
<tag>testeEstruturaResposta</tag>
<status status="PASS" start="2024-07-23T14:14:24.291223" elapsed="0.109818"/>
</test>
<test id="s1-s1-t4" name="Validar tipos de dados" line="28">
<kw name="Teste de Tipos de Dados" owner="random-user-service">
<kw name="GET On Session" owner="RequestsLibrary">
<msg time="2024-07-23T14:14:24.484400" level="INFO">GET Request : url=https://randomuser.me/api 
 path_url=/api 
 headers={'User-Agent': 'python-requests/2.32.3', 'Accept-Encoding': 'gzip, deflate', 'Accept': '*/*', 'Connection': 'keep-alive'} 
 body=None 
 </msg>
<msg time="2024-07-23T14:14:24.484526" level="INFO">GET Response : url=https://randomuser.me/api 
 status=200, reason=OK 
 headers={'Date': 'Tue, 23 Jul 2024 14:14:24 GMT', 'Content-Type': 'application/json; charset=utf-8', 'Transfer-Encoding': 'chunked', 'Connection': 'keep-alive', 'X-Powered-By': 'Express', 'Access-Control-Allow-Origin': '*', 'Cache-Control': 'no-cache', 'ETag': 'W/"4a2-DCEklvFLuHiUiGLI2g8tERhnqrI"', 'Vary': 'Accept-Encoding', 'Content-Encoding': 'gzip', 'CF-Cache-Status': 'DYNAMIC', 'Report-To': '{"endpoints":[{"url":"https:\\/\\/a.nel.cloudflare.com\\/report\\/v4?s=s%2FXSZbGIcmBLJwPG01VpigacymisitOvWJAhbXR5sS7xzayqLWzguGyO6jIdViWEFko1JFc8WPOBQQ8JzApKN%2BEhzuLiuidz7J%2FQ53eUogJ3%2BSY%2BaYA%2FqIVsP%2FobQaUY"}],"group":"cf-nel","max_age":604800}', 'NEL': '{"success_fraction":0,"report_to":"cf-nel","max_age":604800}', 'Server': 'cloudflare', 'CF-RAY': '8a7c46d28a6681d9-IAD', 'alt-svc': 'h3=":443"; ma=86400'} 
 body={"results":[{"gender":"male","name":{"title":"Mr","first":"Justin","last":"Girard"},"location":{"street":{"number":3226,"name":"Rue Paul Bert"},"city":"Clermont-Ferrand","state":"Hérault","country":"France","postcode":72253,"coordinates":{"latitude":"-21.2182","longitude":"-175.1172"},"timezone":{"offset":"+5:00","description":"Ekaterinburg, Islamabad, Karachi, Tashkent"}},"email":"justin.girard@example.com","login":{"uuid":"66a5f47b-bb9c-4bfa-b232-9f013d30c514","username":"browndog622","password":"briggs","salt":"TSMXS9P9","md5":"8010a775e5c76f5de2340c780cfc02ce","sha1":"130f189ae08f8b922dd24746004761aa3ec90502","sha256":"96fdb40a1d2959c4f91423549a988b5845ff0e9a10091e20df7674d18cd8199c"},"dob":{"date":"1998-03-31T14:11:33.633Z","age":26},"registered":{"date":"2003-01-21T17:53:19.398Z","age":21},"phone":"02-81-07-30-20","cell":"06-33-13-08-05","id":{"name":"INSEE","value":"1980285521447 88"},"picture":{"large":"https://randomuser.me/api/portraits/men/7.jpg","medium":"https://randomuser.me/api/portraits/med/men/7.jpg","thumbnail":"https://randomuser.me/api/portraits/thumb/men/7.jpg"},"nat":"FR"}],"info":{"seed":"3794567e7dfd6009","results":1,"page":1,"version":"1.4"}} 
 </msg>
<msg time="2024-07-23T14:14:24.484621" level="INFO">/opt/hostedtoolcache/Python/3.12.4/x64/lib/python3.12/site-packages/urllib3/connectionpool.py:1099: InsecureRequestWarning: Unverified HTTPS request is being made to host 'randomuser.me'. Adding certificate verification is strongly advised. See: https://urllib3.readthedocs.io/en/latest/advanced-usage.html#tls-warnings
  warnings.warn(</msg>
<msg time="2024-07-23T14:14:24.484752" level="INFO">${response} = &lt;Response [200]&gt;</msg>
<var>${response}</var>
<arg>consultarAPI</arg>
<arg>/api</arg>
<doc>Sends a GET request on a previously created HTTP Session.</doc>
<status status="PASS" start="2024-07-23T14:14:24.403577" elapsed="0.081227"/>
</kw>
<kw name="Set Variable" owner="BuiltIn">
<msg time="2024-07-23T14:14:24.485999" level="INFO">${json_data} = {'results': [{'gender': 'male', 'name': {'title': 'Mr', 'first': 'Justin', 'last': 'Girard'}, 'location': {'street': {'number': 3226, 'name': 'Rue Paul Bert'}, 'city': 'Clermont-Ferrand', 'state': 'Hé...</msg>
<var>${json_data}</var>
<arg>${response.json()}</arg>
<doc>Returns the given values which can then be assigned to a variables.</doc>
<status status="PASS" start="2024-07-23T14:14:24.485405" elapsed="0.000625"/>
</kw>
<kw name="Log" owner="BuiltIn">
<msg time="2024-07-23T14:14:24.486565" level="INFO">{'results': [{'gender': 'male', 'name': {'title': 'Mr', 'first': 'Justin', 'last': 'Girard'}, 'location': {'street': {'number': 3226, 'name': 'Rue Paul Bert'}, 'city': 'Clermont-Ferrand', 'state': 'Hérault', 'country': 'France', 'postcode': 72253, 'coordinates': {'latitude': '-21.2182', 'longitude': '-175.1172'}, 'timezone': {'offset': '+5:00', 'description': 'Ekaterinburg, Islamabad, Karachi, Tashkent'}}, 'email': 'justin.girard@example.com', 'login': {'uuid': '66a5f47b-bb9c-4bfa-b232-9f013d30c514', 'username': 'browndog622', 'password': 'briggs', 'salt': 'TSMXS9P9', 'md5': '8010a775e5c76f5de2340c780cfc02ce', 'sha1': '130f189ae08f8b922dd24746004761aa3ec90502', 'sha256': '96fdb40a1d2959c4f91423549a988b5845ff0e9a10091e20df7674d18cd8199c'}, 'dob': {'date': '1998-03-31T14:11:33.633Z', 'age': 26}, 'registered': {'date': '2003-01-21T17:53:19.398Z', 'age': 21}, 'phone': '02-81-07-30-20', 'cell': '06-33-13-08-05', 'id': {'name': 'INSEE', 'value': '1980285521447 88'}, 'picture': {'large': 'https://randomuser.me/api/portraits/men/7.jpg', 'medium': 'https://randomuser.me/api/portraits/med/men/7.jpg', 'thumbnail': 'https://randomuser.me/api/portraits/thumb/men/7.jpg'}, 'nat': 'FR'}], 'info': {'seed': '3794567e7dfd6009', 'results': 1, 'page': 1, 'version': '1.4'}}</msg>
<arg>${json_data}</arg>
<doc>Logs the given message with the given level.</doc>
<status status="PASS" start="2024-07-23T14:14:24.486390" elapsed="0.000228"/>
</kw>
<kw name="Should Be String" owner="String">
<arg>${json_data['results'][0]['gender']}</arg>
<doc>Fails if the given ``item`` is not a string.</doc>
<status status="PASS" start="2024-07-23T14:14:24.486936" elapsed="0.000453"/>
</kw>
<kw name="Should Match Regexp" owner="BuiltIn">
<arg>${json_data['results'][0]['email']}</arg>
<arg>^[a-zA-Z0-9._%+-]+@[a-zA-Z0-9.-]+\.[a-zA-Z]{2,}$</arg>
<doc>Fails if ``string`` does not match ``pattern`` as a regular expression.</doc>
<status status="PASS" start="2024-07-23T14:14:24.487595" elapsed="0.000543"/>
</kw>
<kw name="Should Match Regexp" owner="BuiltIn">
<arg>${json_data['results'][0]['dob']['date']}</arg>
<arg>\\d{4}-\\d{2}-\\d{2}T\\d{2}:\\d{2}:\\d{2}\\.\\d{3}Z</arg>
<doc>Fails if ``string`` does not match ``pattern`` as a regular expression.</doc>
<status status="PASS" start="2024-07-23T14:14:24.488379" elapsed="0.000673"/>
</kw>
<kw name="Should Match Regexp" owner="BuiltIn">
<arg>${json_data['results'][0]['registered']['date']}</arg>
<arg>\\d{4}-\\d{2}-\\d{2}T\\d{2}:\\d{2}:\\d{2}\\.\\d{3}Z</arg>
<doc>Fails if ``string`` does not match ``pattern`` as a regular expression.</doc>
<status status="PASS" start="2024-07-23T14:14:24.489249" elapsed="0.000374"/>
</kw>
<kw name="Should Match Regexp" owner="BuiltIn">
<arg>${json_data['results'][0]['picture']['large']}</arg>
<arg>^https?://.*\.(?:png|jpe?g|gif|bmp)$</arg>
<doc>Fails if ``string`` does not match ``pattern`` as a regular expression.</doc>
<status status="PASS" start="2024-07-23T14:14:24.489809" elapsed="0.000465"/>
</kw>
<kw name="Should Match Regexp" owner="BuiltIn">
<arg>${json_data['results'][0]['picture']['medium']}</arg>
<arg>^https?://.*\.(?:png|jpe?g|gif|bmp)$</arg>
<doc>Fails if ``string`` does not match ``pattern`` as a regular expression.</doc>
<status status="PASS" start="2024-07-23T14:14:24.490463" elapsed="0.000355"/>
</kw>
<kw name="Should Match Regexp" owner="BuiltIn">
<arg>${json_data['results'][0]['picture']['thumbnail']}</arg>
<arg>^https?://.*\.(?:png|jpe?g|gif|bmp)$</arg>
<doc>Fails if ``string`` does not match ``pattern`` as a regular expression.</doc>
<status status="PASS" start="2024-07-23T14:14:24.491002" elapsed="0.000372"/>
</kw>
<kw name="Log" owner="BuiltIn">
<msg time="2024-07-23T14:14:24.491896" level="INFO">{'large': 'https://randomuser.me/api/portraits/men/7.jpg', 'medium': 'https://randomuser.me/api/portraits/med/men/7.jpg', 'thumbnail': 'https://randomuser.me/api/portraits/thumb/men/7.jpg'}</msg>
<arg>${json_data['results'][0]['picture']}</arg>
<doc>Logs the given message with the given level.</doc>
<status status="PASS" start="2024-07-23T14:14:24.491566" elapsed="0.000372"/>
</kw>
<status status="PASS" start="2024-07-23T14:14:24.403327" elapsed="0.088882"/>
</kw>
<kw name="Teste de Tipos de Dados - Postcode" owner="random-user-service">
<kw name="GET On Session" owner="RequestsLibrary">
<msg time="2024-07-23T14:14:24.580416" level="INFO">GET Request : url=https://randomuser.me/api 
 path_url=/api 
 headers={'User-Agent': 'python-requests/2.32.3', 'Accept-Encoding': 'gzip, deflate', 'Accept': '*/*', 'Connection': 'keep-alive'} 
 body=None 
 </msg>
<msg time="2024-07-23T14:14:24.580530" level="INFO">GET Response : url=https://randomuser.me/api 
 status=200, reason=OK 
 headers={'Date': 'Tue, 23 Jul 2024 14:14:24 GMT', 'Content-Type': 'application/json; charset=utf-8', 'Transfer-Encoding': 'chunked', 'Connection': 'keep-alive', 'X-Powered-By': 'Express', 'Access-Control-Allow-Origin': '*', 'Cache-Control': 'no-cache', 'ETag': 'W/"486-7BHGEztbJGXEFIdgxsCbseaVQhU"', 'Vary': 'Accept-Encoding', 'Content-Encoding': 'gzip', 'CF-Cache-Status': 'DYNAMIC', 'Report-To': '{"endpoints":[{"url":"https:\\/\\/a.nel.cloudflare.com\\/report\\/v4?s=rVqLv7bN3UUcCmwqQ41R70IKscEWTTsE%2B1Ln%2F3p%2FuSvQwlcmvaTPLYY4f3Fq7gfn5M2kITrqQ9fLJNSbnw6MNMB9gflu8ISeMsSZhw71hOtqReA1bppfETBlHeR4AaxQ"}],"group":"cf-nel","max_age":604800}', 'NEL': '{"success_fraction":0,"report_to":"cf-nel","max_age":604800}', 'Server': 'cloudflare', 'CF-RAY': '8a7c46d31b0981d9-IAD', 'alt-svc': 'h3=":443"; ma=86400'} 
 body={"results":[{"gender":"male","name":{"title":"Mr","first":"Željko","last":"Jeremić"},"location":{"street":{"number":5587,"name":"Vuka Karadžića"},"city":"Srbobran","state":"Toplica","country":"Serbia","postcode":73353,"coordinates":{"latitude":"63.3780","longitude":"-84.7459"},"timezone":{"offset":"-8:00","description":"Pacific Time (US &amp; Canada)"}},"email":"zeljko.jeremic@example.com","login":{"uuid":"f428fceb-2be1-488d-b0a9-bee09502e616","username":"purplemeercat747","password":"1dragon","salt":"hS3fHI1R","md5":"8c5258f5467ea6b0f74e2f0bf6bb3e0b","sha1":"cb8f83d14b20046788e9d1934b6920e16e3ad816","sha256":"7e0728b4329fd090e2d8b4b7982c0efa36de620c7802c1f23beb1f06723403f9"},"dob":{"date":"1995-12-18T22:18:40.986Z","age":28},"registered":{"date":"2020-11-30T11:15:40.334Z","age":3},"phone":"023-0194-039","cell":"066-6504-641","id":{"name":"SID","value":"820288834"},"picture":{"large":"https://randomuser.me/api/portraits/men/1.jpg","medium":"https://randomuser.me/api/portraits/med/men/1.jpg","thumbnail":"https://randomuser.me/api/portraits/thumb/men/1.jpg"},"nat":"RS"}],"info":{"seed":"4c34ed6665045c57","results":1,"page":1,"version":"1.4"}} 
 </msg>
<msg time="2024-07-23T14:14:24.580623" level="INFO">/opt/hostedtoolcache/Python/3.12.4/x64/lib/python3.12/site-packages/urllib3/connectionpool.py:1099: InsecureRequestWarning: Unverified HTTPS request is being made to host 'randomuser.me'. Adding certificate verification is strongly advised. See: https://urllib3.readthedocs.io/en/latest/advanced-usage.html#tls-warnings
  warnings.warn(</msg>
<msg time="2024-07-23T14:14:24.580763" level="INFO">${response} = &lt;Response [200]&gt;</msg>
<var>${response}</var>
<arg>consultarAPI</arg>
<arg>/api</arg>
<doc>Sends a GET request on a previously created HTTP Session.</doc>
<status status="PASS" start="2024-07-23T14:14:24.492695" elapsed="0.088114"/>
</kw>
<kw name="Set Variable" owner="BuiltIn">
<msg time="2024-07-23T14:14:24.581922" level="INFO">${json_data} = {'results': [{'gender': 'male', 'name': {'title': 'Mr', 'first': 'Željko', 'last': 'Jeremić'}, 'location': {'street': {'number': 5587, 'name': 'Vuka Karadžića'}, 'city': 'Srbobran', 'state': 'Toplica'...</msg>
<var>${json_data}</var>
<arg>${response.json()}</arg>
<doc>Returns the given values which can then be assigned to a variables.</doc>
<status status="PASS" start="2024-07-23T14:14:24.581356" elapsed="0.000596"/>
</kw>
<kw name="Log" owner="BuiltIn">
<msg time="2024-07-23T14:14:24.582434" level="INFO">{'results': [{'gender': 'male', 'name': {'title': 'Mr', 'first': 'Željko', 'last': 'Jeremić'}, 'location': {'street': {'number': 5587, 'name': 'Vuka Karadžića'}, 'city': 'Srbobran', 'state': 'Toplica', 'country': 'Serbia', 'postcode': 73353, 'coordinates': {'latitude': '63.3780', 'longitude': '-84.7459'}, 'timezone': {'offset': '-8:00', 'description': 'Pacific Time (US &amp; Canada)'}}, 'email': 'zeljko.jeremic@example.com', 'login': {'uuid': 'f428fceb-2be1-488d-b0a9-bee09502e616', 'username': 'purplemeercat747', 'password': '1dragon', 'salt': 'hS3fHI1R', 'md5': '8c5258f5467ea6b0f74e2f0bf6bb3e0b', 'sha1': 'cb8f83d14b20046788e9d1934b6920e16e3ad816', 'sha256': '7e0728b4329fd090e2d8b4b7982c0efa36de620c7802c1f23beb1f06723403f9'}, 'dob': {'date': '1995-12-18T22:18:40.986Z', 'age': 28}, 'registered': {'date': '2020-11-30T11:15:40.334Z', 'age': 3}, 'phone': '023-0194-039', 'cell': '066-6504-641', 'id': {'name': 'SID', 'value': '820288834'}, 'picture': {'large': 'https://randomuser.me/api/portraits/men/1.jpg', 'medium': 'https://randomuser.me/api/portraits/med/men/1.jpg', 'thumbnail': 'https://randomuser.me/api/portraits/thumb/men/1.jpg'}, 'nat': 'RS'}], 'info': {'seed': '4c34ed6665045c57', 'results': 1, 'page': 1, 'version': '1.4'}}</msg>
<arg>${json_data}</arg>
<doc>Logs the given message with the given level.</doc>
<status status="PASS" start="2024-07-23T14:14:24.582273" elapsed="0.000214"/>
</kw>
<kw name="Should Be Equal As Numbers" owner="BuiltIn">
<arg>${json_data['results'][0]['location']['postcode']}</arg>
<arg>${json_data['results'][0]['location']['postcode']}</arg>
<doc>Fails if objects are unequal after converting them to real numbers.</doc>
<status status="PASS" start="2024-07-23T14:14:24.582783" elapsed="0.000706"/>
</kw>
<kw name="Log" owner="BuiltIn">
<msg time="2024-07-23T14:14:24.584025" level="INFO">73353</msg>
<arg>${json_data['results'][0]['location']['postcode']}</arg>
<doc>Logs the given message with the given level.</doc>
<status status="PASS" start="2024-07-23T14:14:24.583682" elapsed="0.000383"/>
</kw>
<status status="PASS" start="2024-07-23T14:14:24.492446" elapsed="0.091912"/>
</kw>
<doc>Testa se os tipos de dados na resposta da API estão corretos.</doc>
<tag>testeTiposDados</tag>
<status status="PASS" start="2024-07-23T14:14:24.402786" elapsed="0.181746"/>
</test>
<test id="s1-s1-t5" name="Validar conteudo" line="35">
<kw name="Teste de Tipos de Conteudo" owner="random-user-service">
<kw name="GET On Session" owner="RequestsLibrary">
<msg time="2024-07-23T14:14:24.684570" level="INFO">GET Request : url=https://randomuser.me/api 
 path_url=/api 
 headers={'User-Agent': 'python-requests/2.32.3', 'Accept-Encoding': 'gzip, deflate', 'Accept': '*/*', 'Connection': 'keep-alive'} 
 body=None 
 </msg>
<msg time="2024-07-23T14:14:24.684689" level="INFO">GET Response : url=https://randomuser.me/api 
 status=200, reason=OK 
 headers={'Date': 'Tue, 23 Jul 2024 14:14:24 GMT', 'Content-Type': 'application/json; charset=utf-8', 'Transfer-Encoding': 'chunked', 'Connection': 'keep-alive', 'X-Powered-By': 'Express', 'Access-Control-Allow-Origin': '*', 'Cache-Control': 'no-cache', 'ETag': 'W/"479-SOMfVOxBs7biq4CNlF1VyKRcg0c"', 'Vary': 'Accept-Encoding', 'Content-Encoding': 'gzip', 'CF-Cache-Status': 'DYNAMIC', 'Report-To': '{"endpoints":[{"url":"https:\\/\\/a.nel.cloudflare.com\\/report\\/v4?s=Fv73qooSfxY2wB8jvF%2F33Or2CaLBMnHSvlc0%2FkuB5P%2Fk%2Fj4%2Bll6zQLk06PeTz4M5TdyF9BT31qYXEkLK61SPDfzO7v8vG5CqDytQscj1gsrbcpKL%2FVaJCN9%2BPgsUT0WX"}],"group":"cf-nel","max_age":604800}', 'NEL': '{"success_fraction":0,"report_to":"cf-nel","max_age":604800}', 'Server': 'cloudflare', 'CF-RAY': '8a7c46d3abab81d9-IAD', 'alt-svc': 'h3=":443"; ma=86400'} 
 body={"results":[{"gender":"female","name":{"title":"Ms","first":"Emmi","last":"Aalto"},"location":{"street":{"number":5832,"name":"Bulevardi"},"city":"Lumparland","state":"Uusimaa","country":"Finland","postcode":93208,"coordinates":{"latitude":"-28.1174","longitude":"153.9108"},"timezone":{"offset":"+4:30","description":"Kabul"}},"email":"emmi.aalto@example.com","login":{"uuid":"40fa907e-e359-4a24-81d9-9d66d131bb75","username":"organicmeercat864","password":"striker","salt":"nvJOirIf","md5":"a512124b62ff4c0c213ff97f872ce72a","sha1":"b2e5af423e70765af4a7bb9db5c283d1e2cf82e9","sha256":"ae3906b84acc6091622a02175214ccc707ced77c5f124a03e9d1bd26fcbf3765"},"dob":{"date":"1966-07-17T12:58:53.360Z","age":58},"registered":{"date":"2010-03-15T09:20:50.269Z","age":14},"phone":"02-216-743","cell":"046-766-00-74","id":{"name":"HETU","value":"NaNNA392undefined"},"picture":{"large":"https://randomuser.me/api/portraits/women/81.jpg","medium":"https://randomuser.me/api/portraits/med/women/81.jpg","thumbnail":"https://randomuser.me/api/portraits/thumb/women/81.jpg"},"nat":"FI"}],"info":{"seed":"bc0867fcda7e9b9e","results":1,"page":1,"version":"1.4"}} 
 </msg>
<msg time="2024-07-23T14:14:24.684789" level="INFO">/opt/hostedtoolcache/Python/3.12.4/x64/lib/python3.12/site-packages/urllib3/connectionpool.py:1099: InsecureRequestWarning: Unverified HTTPS request is being made to host 'randomuser.me'. Adding certificate verification is strongly advised. See: https://urllib3.readthedocs.io/en/latest/advanced-usage.html#tls-warnings
  warnings.warn(</msg>
<msg time="2024-07-23T14:14:24.684934" level="INFO">${response} = &lt;Response [200]&gt;</msg>
<var>${response}</var>
<arg>consultarAPI</arg>
<arg>/api</arg>
<doc>Sends a GET request on a previously created HTTP Session.</doc>
<status status="PASS" start="2024-07-23T14:14:24.587323" elapsed="0.097650"/>
</kw>
<kw name="Set Variable" owner="BuiltIn">
<msg time="2024-07-23T14:14:24.686142" level="INFO">${json_data} = {'results': [{'gender': 'female', 'name': {'title': 'Ms', 'first': 'Emmi', 'last': 'Aalto'}, 'location': {'street': {'number': 5832, 'name': 'Bulevardi'}, 'city': 'Lumparland', 'state': 'Uusimaa', 'co...</msg>
<var>${json_data}</var>
<arg>${response.json()}</arg>
<doc>Returns the given values which can then be assigned to a variables.</doc>
<status status="PASS" start="2024-07-23T14:14:24.685555" elapsed="0.000616"/>
</kw>
<kw name="Set Variable" owner="BuiltIn">
<msg time="2024-07-23T14:14:24.686875" level="INFO">${name_title} = Ms</msg>
<var>${name_title}</var>
<arg>${json_data["results"][0]["name"]["title"]}</arg>
<doc>Returns the given values which can then be assigned to a variables.</doc>
<status status="PASS" start="2024-07-23T14:14:24.686481" elapsed="0.000419"/>
</kw>
<kw name="Create List" owner="BuiltIn">
<msg time="2024-07-23T14:14:24.687408" level="INFO">${allowed_titles} = ['Mr', 'Ms', 'Miss', 'Mrs', 'Madame', 'Monsieur']</msg>
<var>${allowed_titles}</var>
<arg>Mr</arg>
<arg>Ms</arg>
<arg>Miss</arg>
<arg>Mrs</arg>
<arg>Madame</arg>
<arg>Monsieur</arg>
<doc>Returns a list containing given items.</doc>
<status status="PASS" start="2024-07-23T14:14:24.687197" elapsed="0.000237"/>
</kw>
<kw name="List Should Contain Value" owner="Collections">
<arg>${allowed_titles}</arg>
<arg>${name_title}</arg>
<doc>Fails if the ``value`` is not found from ``list``.</doc>
<status status="PASS" start="2024-07-23T14:14:24.687737" elapsed="0.000184"/>
</kw>
<kw name="Set Variable" owner="BuiltIn">
<msg time="2024-07-23T14:14:24.688479" level="INFO">${name_country} = FI</msg>
<var>${name_country}</var>
<arg>${json_data["results"][0]["nat"]}</arg>
<doc>Returns the given values which can then be assigned to a variables.</doc>
<status status="PASS" start="2024-07-23T14:14:24.688102" elapsed="0.000403"/>
</kw>
<kw name="Create List" owner="BuiltIn">
<msg time="2024-07-23T14:14:24.689390" level="INFO">${list_country} = ['AD', 'AE', 'AF', 'AG', 'AI', 'AL', 'AM', 'AO', 'AQ', 'AR', 'AS', 'AT', 'AU', 'AW', 'AX', 'AZ', 'BA', 'BB', 'BD', 'BE', 'BF', 'BG', 'BH', 'BI', 'BJ', 'BL', 'BM', 'BN', 'BO', 'BQ', 'BR', 'BS', 'BT', '...</msg>
<var>${list_country}</var>
<arg>AD</arg>
<arg>AE</arg>
<arg>AF</arg>
<arg>AG</arg>
<arg>AI</arg>
<arg>AL</arg>
<arg>AM</arg>
<arg>AO</arg>
<arg>AQ</arg>
<arg>AR</arg>
<arg>AS</arg>
<arg>AT</arg>
<arg>AU</arg>
<arg>AW</arg>
<arg>AX</arg>
<arg>AZ</arg>
<arg>BA</arg>
<arg>BB</arg>
<arg>BD</arg>
<arg>BE</arg>
<arg>BF</arg>
<arg>BG</arg>
<arg>BH</arg>
<arg>BI</arg>
<arg>BJ</arg>
<arg>BL</arg>
<arg>BM</arg>
<arg>BN</arg>
<arg>BO</arg>
<arg>BQ</arg>
<arg>BR</arg>
<arg>BS</arg>
<arg>BT</arg>
<arg>BV</arg>
<arg>BW</arg>
<arg>BY</arg>
<arg>BZ</arg>
<arg>CA</arg>
<arg>CC</arg>
<arg>CD</arg>
<arg>CF</arg>
<arg>CG</arg>
<arg>CH</arg>
<arg>CI</arg>
<arg>CK</arg>
<arg>CL</arg>
<arg>CM</arg>
<arg>CN</arg>
<arg>CO</arg>
<arg>CR</arg>
<arg>CU</arg>
<arg>CV</arg>
<arg>CW</arg>
<arg>CX</arg>
<arg>CY</arg>
<arg>CZ</arg>
<arg>DE</arg>
<arg>DJ</arg>
<arg>DK</arg>
<arg>DM</arg>
<arg>DO</arg>
<arg>DZ</arg>
<arg>EC</arg>
<arg>EE</arg>
<arg>EG</arg>
<arg>EH</arg>
<arg>ER</arg>
<arg>ES</arg>
<arg>ET</arg>
<arg>FI</arg>
<arg>FJ</arg>
<arg>FK</arg>
<arg>FM</arg>
<arg>FO</arg>
<arg>FR</arg>
<arg>GA</arg>
<arg>GB</arg>
<arg>GD</arg>
<arg>GE</arg>
<arg>GF</arg>
<arg>GG</arg>
<arg>GH</arg>
<arg>GI</arg>
<arg>GL</arg>
<arg>GM</arg>
<arg>GN</arg>
<arg>GP</arg>
<arg>GQ</arg>
<arg>GR</arg>
<arg>GS</arg>
<arg>GT</arg>
<arg>GU</arg>
<arg>GW</arg>
<arg>GY</arg>
<arg>HK</arg>
<arg>HM</arg>
<arg>HN</arg>
<arg>HR</arg>
<arg>HT</arg>
<arg>HU</arg>
<arg>ID</arg>
<arg>IE</arg>
<arg>IL</arg>
<arg>IM</arg>
<arg>IN</arg>
<arg>IO</arg>
<arg>IQ</arg>
<arg>IR</arg>
<arg>IS</arg>
<arg>IT</arg>
<arg>JE</arg>
<arg>JM</arg>
<arg>JO</arg>
<arg>JP</arg>
<arg>KE</arg>
<arg>KG</arg>
<arg>KH</arg>
<arg>KI</arg>
<arg>KM</arg>
<arg>KN</arg>
<arg>KP</arg>
<arg>KR</arg>
<arg>KW</arg>
<arg>KY</arg>
<arg>KZ</arg>
<arg>LA</arg>
<arg>LB</arg>
<arg>LC</arg>
<arg>LI</arg>
<arg>LK</arg>
<arg>LR</arg>
<arg>LS</arg>
<arg>LT</arg>
<arg>LU</arg>
<arg>LV</arg>
<arg>LY</arg>
<arg>MA</arg>
<arg>MC</arg>
<arg>MD</arg>
<arg>ME</arg>
<arg>MF</arg>
<arg>MG</arg>
<arg>MH</arg>
<arg>MK</arg>
<arg>ML</arg>
<arg>MM</arg>
<arg>MN</arg>
<arg>MO</arg>
<arg>MP</arg>
<arg>MQ</arg>
<arg>MR</arg>
<arg>MS</arg>
<arg>MT</arg>
<arg>MU</arg>
<arg>MV</arg>
<arg>MW</arg>
<arg>MX</arg>
<arg>MY</arg>
<arg>MZ</arg>
<arg>NA</arg>
<arg>NC</arg>
<arg>NE</arg>
<arg>NF</arg>
<arg>NG</arg>
<arg>NI</arg>
<arg>NL</arg>
<arg>NO</arg>
<arg>NP</arg>
<arg>NR</arg>
<arg>NU</arg>
<arg>NZ</arg>
<arg>OM</arg>
<arg>PA</arg>
<arg>PE</arg>
<arg>PF</arg>
<arg>PG</arg>
<arg>PH</arg>
<arg>PK</arg>
<arg>PL</arg>
<arg>PM</arg>
<arg>PN</arg>
<arg>PR</arg>
<arg>PS</arg>
<arg>PT</arg>
<arg>PW</arg>
<arg>PY</arg>
<arg>QA</arg>
<arg>RE</arg>
<arg>RO</arg>
<arg>RS</arg>
<arg>RU</arg>
<arg>RW</arg>
<arg>SA</arg>
<arg>SB</arg>
<arg>SC</arg>
<arg>SD</arg>
<arg>SE</arg>
<arg>SG</arg>
<arg>SH</arg>
<arg>SI</arg>
<arg>SJ</arg>
<arg>SK</arg>
<arg>SL</arg>
<arg>SM</arg>
<arg>SN</arg>
<arg>SO</arg>
<arg>SR</arg>
<arg>SS</arg>
<arg>ST</arg>
<arg>SV</arg>
<arg>SX</arg>
<arg>SY</arg>
<arg>SZ</arg>
<arg>TC</arg>
<arg>TD</arg>
<arg>TF</arg>
<arg>TG</arg>
<arg>TH</arg>
<arg>TJ</arg>
<arg>TK</arg>
<arg>TL</arg>
<arg>TM</arg>
<arg>TN</arg>
<arg>TO</arg>
<arg>TR</arg>
<arg>TT</arg>
<arg>TV</arg>
<arg>TW</arg>
<arg>TZ</arg>
<arg>UA</arg>
<arg>UG</arg>
<arg>UM</arg>
<arg>US</arg>
<arg>UY</arg>
<arg>UZ</arg>
<arg>VA</arg>
<arg>VC</arg>
<arg>VE</arg>
<arg>VG</arg>
<arg>VI</arg>
<arg>VN</arg>
<arg>VU</arg>
<arg>WF</arg>
<arg>WS</arg>
<arg>XK</arg>
<arg>YE</arg>
<arg>YT</arg>
<arg>ZA</arg>
<arg>ZM</arg>
<arg>ZW</arg>
<doc>Returns a list containing given items.</doc>
<status status="PASS" start="2024-07-23T14:14:24.688791" elapsed="0.000625"/>
</kw>
<kw name="List Should Contain Value" owner="Collections">
<arg>${list_country}</arg>
<arg>${name_country}</arg>
<doc>Fails if the ``value`` is not found from ``list``.</doc>
<status status="PASS" start="2024-07-23T14:14:24.690399" elapsed="0.000211"/>
</kw>
<kw name="Run Keyword If" owner="BuiltIn">
<kw name="Should Be True" owner="BuiltIn">
<arg>${True}</arg>
<doc>Fails if the given condition is not true.</doc>
<status status="PASS" start="2024-07-23T14:14:24.691585" elapsed="0.000142"/>
</kw>
<arg>${json_data["results"][0]["location"]["coordinates"]["latitude"]} &gt;= -90 and ${json_data["results"][0]["location"]["coordinates"]["latitude"]} &lt;= 90</arg>
<arg>Should Be True</arg>
<arg>${True}</arg>
<doc>Runs the given keyword with the given arguments, if ``condition`` is true.</doc>
<status status="PASS" start="2024-07-23T14:14:24.690812" elapsed="0.001040"/>
</kw>
<kw name="Run Keyword If" owner="BuiltIn">
<kw name="Should Be True" owner="BuiltIn">
<arg>${True}</arg>
<doc>Fails if the given condition is not true.</doc>
<status status="PASS" start="2024-07-23T14:14:24.692716" elapsed="0.000135"/>
</kw>
<arg>${json_data["results"][0]["location"]["coordinates"]["longitude"]} &gt;= -180 and ${json_data["results"][0]["location"]["coordinates"]["longitude"]} &lt;= 180</arg>
<arg>Should Be True</arg>
<arg>${True}</arg>
<doc>Runs the given keyword with the given arguments, if ``condition`` is true.</doc>
<status status="PASS" start="2024-07-23T14:14:24.692034" elapsed="0.000937"/>
</kw>
<status status="PASS" start="2024-07-23T14:14:24.586924" elapsed="0.106177"/>
</kw>
<doc>Testa o conteúdo específico dos campos retornados pela API.</doc>
<tag>testeConteudo</tag>
<status status="PASS" start="2024-07-23T14:14:24.586282" elapsed="0.106972"/>
</test>
<status status="PASS" start="2024-07-23T14:14:23.713853" elapsed="0.981298"/>
</suite>
<status status="PASS" start="2024-07-23T14:14:23.699097" elapsed="1.001193"/>
</suite>
<statistics>
<total>
<stat pass="5" fail="0" skip="0">All Tests</stat>
</total>
<tag>
<stat pass="1" fail="0" skip="0">testeConteudo</stat>
<stat pass="1" fail="0" skip="0">testeEstruturaResposta</stat>
<stat pass="1" fail="0" skip="0">testeRequisicaoBasica</stat>
<stat pass="1" fail="0" skip="0">testeTiposDados</stat>
</tag>
<suite>
<stat pass="5" fail="0" skip="0" id="s1" name="Tests">Tests</stat>
<stat pass="5" fail="0" skip="0" id="s1-s1" name="Random-User-Test">Tests.Random-User-Test</stat>
</suite>
</statistics>
<errors>
</errors>
</robot>
