<?xml version="1.0" encoding="UTF-8"?>
<robot generator="Robot 7.0.1 (Python 3.12.4 on linux)" generated="2024-07-27T23:16:18.878820" rpa="false" schemaversion="5">
<suite id="s1" name="Tests" source="/home/runner/work/ApiRandomUser/ApiRandomUser/RamdonUser/tests">
<suite id="s1-s1" name="Random-User-Test" source="/home/runner/work/ApiRandomUser/ApiRandomUser/RamdonUser/tests/random-user-test.robot">
<test id="s1-s1-t1" name="Conectar" line="13">
<kw name="Conectar API" owner="random-user-service">
<kw name="Create Session" owner="RequestsLibrary">
<msg time="2024-07-27T23:16:19.282662" level="INFO">Creating Session using : alias=consultarAPI, url=https://randomuser.me/, headers={},                     cookies={}, auth=None, timeout=None, proxies=None, verify=False,                     debug=0 </msg>
<arg>consultarAPI</arg>
<arg>${URL}</arg>
<doc>Create Session: create a HTTP session to a server</doc>
<status status="PASS" start="2024-07-27T23:16:19.282464" elapsed="0.000381"/>
</kw>
<status status="PASS" start="2024-07-27T23:16:19.281416" elapsed="0.001785"/>
</kw>
<status status="PASS" start="2024-07-27T23:16:19.280902" elapsed="0.002495"/>
</test>
<test id="s1-s1-t2" name="Validar retorno 200 e JSON Válido" line="16">
<kw name="Teste de Requisicao Basica" owner="random-user-service">
<kw name="GET On Session" owner="RequestsLibrary">
<msg time="2024-07-27T23:16:19.410824" level="INFO">GET Request : url=https://randomuser.me/api 
 path_url=/api 
 headers={'User-Agent': 'python-requests/2.32.3', 'Accept-Encoding': 'gzip, deflate', 'Accept': '*/*', 'Connection': 'keep-alive'} 
 body=None 
 </msg>
<msg time="2024-07-27T23:16:19.410967" level="INFO">GET Response : url=https://randomuser.me/api 
 status=200, reason=OK 
 headers={'Date': 'Sat, 27 Jul 2024 23:16:19 GMT', 'Content-Type': 'application/json; charset=utf-8', 'Transfer-Encoding': 'chunked', 'Connection': 'keep-alive', 'X-Powered-By': 'Express', 'Access-Control-Allow-Origin': '*', 'Cache-Control': 'no-cache', 'ETag': 'W/"485-3cn294nX8IJsiM+JeFOeoaZZ2+Y"', 'Vary': 'Accept-Encoding', 'Content-Encoding': 'gzip', 'CF-Cache-Status': 'DYNAMIC', 'Report-To': '{"endpoints":[{"url":"https:\\/\\/a.nel.cloudflare.com\\/report\\/v4?s=9flbuoankNzm38hxyWyQ8BQaa%2FOlBQVnGbbP6f%2FKK8cbjdODOp%2FraHb9r%2FElz5FvorLVIZwnFML6wDJ%2BSVG5t0kmaYWQ5mV5EpKjSSnYryPIH0sOY%2FfMGU3bkyELQmyp"}],"group":"cf-nel","max_age":604800}', 'NEL': '{"success_fraction":0,"report_to":"cf-nel","max_age":604800}', 'Server': 'cloudflare', 'CF-RAY': '8aa05624cddbfab2-SJC', 'alt-svc': 'h3=":443"; ma=86400'} 
 body={"results":[{"gender":"male","name":{"title":"Mr","first":"Jimi","last":"Tanner"},"location":{"street":{"number":573,"name":"Myllypuronkatu"},"city":"Myrskylä","state":"Southern Savonia","country":"Finland","postcode":43547,"coordinates":{"latitude":"-24.9533","longitude":"-44.1215"},"timezone":{"offset":"-3:30","description":"Newfoundland"}},"email":"jimi.tanner@example.com","login":{"uuid":"5e5078d5-240d-4b46-8ee1-d26309239b6f","username":"whitebutterfly846","password":"tototo","salt":"ipd3TsxF","md5":"c99c88c59688e511759fa7d3b2247ae3","sha1":"4bfaa77d055bb4db622544a83bbd8d2a8521f5e9","sha256":"aa072a919046d04fb0e48c63ee2b43f755cb6aa31834c071ef5c53929065c31a"},"dob":{"date":"1954-02-27T05:56:16.712Z","age":70},"registered":{"date":"2010-10-24T03:47:57.369Z","age":13},"phone":"02-512-674","cell":"049-700-54-52","id":{"name":"HETU","value":"NaNNA577undefined"},"picture":{"large":"https://randomuser.me/api/portraits/men/23.jpg","medium":"https://randomuser.me/api/portraits/med/men/23.jpg","thumbnail":"https://randomuser.me/api/portraits/thumb/men/23.jpg"},"nat":"FI"}],"info":{"seed":"cc12f8e51bc6bb7d","results":1,"page":1,"version":"1.4"}} 
 </msg>
<msg time="2024-07-27T23:16:19.411054" level="INFO">/opt/hostedtoolcache/Python/3.12.4/x64/lib/python3.12/site-packages/urllib3/connectionpool.py:1099: InsecureRequestWarning: Unverified HTTPS request is being made to host 'randomuser.me'. Adding certificate verification is strongly advised. See: https://urllib3.readthedocs.io/en/latest/advanced-usage.html#tls-warnings
  warnings.warn(</msg>
<msg time="2024-07-27T23:16:19.411176" level="INFO">${response} = &lt;Response [200]&gt;</msg>
<var>${response}</var>
<arg>consultarAPI</arg>
<arg>/api</arg>
<doc>Sends a GET request on a previously created HTTP Session.</doc>
<status status="PASS" start="2024-07-27T23:16:19.285953" elapsed="0.125262"/>
</kw>
<kw name="Should Be Equal As Numbers" owner="BuiltIn">
<msg time="2024-07-27T23:16:19.412062" level="INFO">Argument types are:
&lt;class 'int'&gt;
&lt;class 'str'&gt;</msg>
<arg>${response.status_code}</arg>
<arg>200</arg>
<doc>Fails if objects are unequal after converting them to real numbers.</doc>
<status status="PASS" start="2024-07-27T23:16:19.411651" elapsed="0.000473"/>
</kw>
<kw name="Log" owner="BuiltIn">
<msg time="2024-07-27T23:16:19.412793" level="INFO">200</msg>
<arg>${response.status_code}</arg>
<doc>Logs the given message with the given level.</doc>
<status status="PASS" start="2024-07-27T23:16:19.412440" elapsed="0.000395"/>
</kw>
<kw name="Set Variable" owner="BuiltIn">
<msg time="2024-07-27T23:16:19.413564" level="INFO">${json_data} = {'results': [{'gender': 'male', 'name': {'title': 'Mr', 'first': 'Jimi', 'last': 'Tanner'}, 'location': {'street': {'number': 573, 'name': 'Myllypuronkatu'}, 'city': 'Myrskylä', 'state': 'Southern Sav...</msg>
<var>${json_data}</var>
<arg>${response.json()}</arg>
<doc>Returns the given values which can then be assigned to a variables.</doc>
<status status="PASS" start="2024-07-27T23:16:19.413136" elapsed="0.000457"/>
</kw>
<kw name="Dictionary Should Contain Key" owner="Collections">
<arg>${json_data}</arg>
<arg>results</arg>
<doc>Fails if ``key`` is not found from ``dictionary``.</doc>
<status status="PASS" start="2024-07-27T23:16:19.413935" elapsed="0.000312"/>
</kw>
<status status="PASS" start="2024-07-27T23:16:19.285656" elapsed="0.128742"/>
</kw>
<doc>Testa se a API responde corretamente e retorna um objeto JSON válido.</doc>
<tag>testeRequisicaoBasica</tag>
<status status="PASS" start="2024-07-27T23:16:19.285216" elapsed="0.129349"/>
</test>
<test id="s1-s1-t3" name="Validar estrutura de resposta" line="22">
<kw name="Teste de Estrutura de Resposta" owner="random-user-service">
<kw name="GET On Session" owner="RequestsLibrary">
<msg time="2024-07-27T23:16:19.667640" level="INFO">GET Request : url=https://randomuser.me/api 
 path_url=/api 
 headers={'User-Agent': 'python-requests/2.32.3', 'Accept-Encoding': 'gzip, deflate', 'Accept': '*/*', 'Connection': 'keep-alive'} 
 body=None 
 </msg>
<msg time="2024-07-27T23:16:19.667737" level="INFO">GET Response : url=https://randomuser.me/api 
 status=200, reason=OK 
 headers={'Date': 'Sat, 27 Jul 2024 23:16:19 GMT', 'Content-Type': 'application/json; charset=utf-8', 'Transfer-Encoding': 'chunked', 'Connection': 'keep-alive', 'X-Powered-By': 'Express', 'Access-Control-Allow-Origin': '*', 'Cache-Control': 'no-cache', 'ETag': 'W/"4aa-BkcUQVNIPAB0skIzoDQ/K1nsK4k"', 'Vary': 'Accept-Encoding', 'Content-Encoding': 'gzip', 'CF-Cache-Status': 'DYNAMIC', 'Report-To': '{"endpoints":[{"url":"https:\\/\\/a.nel.cloudflare.com\\/report\\/v4?s=4NM4cwpdZjDaKcfOJ0gczvcHrqsUizUfrOD%2FWgjHtqoo6zpfgERz0sSl38Eeh%2FbFg7IOEF3BcypFFrhX2aMKD1nmygKN91f9D1ONsRjl0c7dzuRy7BBYfzOqzvgfPv1t"}],"group":"cf-nel","max_age":604800}', 'NEL': '{"success_fraction":0,"report_to":"cf-nel","max_age":604800}', 'Server': 'cloudflare', 'CF-RAY': '8aa056255e49fab2-SJC', 'alt-svc': 'h3=":443"; ma=86400'} 
 body={"results":[{"gender":"female","name":{"title":"Miss","first":"Adèle","last":"Marie"},"location":{"street":{"number":4586,"name":"Avenue de la Libération"},"city":"Saint-Denis","state":"Essonne","country":"France","postcode":77481,"coordinates":{"latitude":"-19.1486","longitude":"25.0412"},"timezone":{"offset":"+1:00","description":"Brussels, Copenhagen, Madrid, Paris"}},"email":"adele.marie@example.com","login":{"uuid":"093770d4-bd24-4fe2-a48c-aebcdd13e6b0","username":"smallmouse906","password":"lexmark","salt":"Yiq77k3s","md5":"8efd603de9838205bd42f5e3161ec3c0","sha1":"d2f54b797ca325bec326cbfc0f6b635797e30be2","sha256":"62bcd4433fe7ea642c80eaa83a83d3f9cdcfa61a7aa5670d576daf78138cb26a"},"dob":{"date":"1986-08-08T03:19:47.778Z","age":37},"registered":{"date":"2018-04-02T05:33:31.076Z","age":6},"phone":"05-02-84-60-51","cell":"06-84-16-54-48","id":{"name":"INSEE","value":"2860729259896 26"},"picture":{"large":"https://randomuser.me/api/portraits/women/79.jpg","medium":"https://randomuser.me/api/portraits/med/women/79.jpg","thumbnail":"https://randomuser.me/api/portraits/thumb/women/79.jpg"},"nat":"FR"}],"info":{"seed":"9b8204e351dd8f21","results":1,"page":1,"version":"1.4"}} 
 </msg>
<msg time="2024-07-27T23:16:19.667861" level="INFO">/opt/hostedtoolcache/Python/3.12.4/x64/lib/python3.12/site-packages/urllib3/connectionpool.py:1099: InsecureRequestWarning: Unverified HTTPS request is being made to host 'randomuser.me'. Adding certificate verification is strongly advised. See: https://urllib3.readthedocs.io/en/latest/advanced-usage.html#tls-warnings
  warnings.warn(</msg>
<msg time="2024-07-27T23:16:19.667992" level="INFO">${response} = &lt;Response [200]&gt;</msg>
<var>${response}</var>
<arg>consultarAPI</arg>
<arg>/api</arg>
<doc>Sends a GET request on a previously created HTTP Session.</doc>
<status status="PASS" start="2024-07-27T23:16:19.417034" elapsed="0.251000"/>
</kw>
<kw name="Set Variable" owner="BuiltIn">
<msg time="2024-07-27T23:16:19.669061" level="INFO">${json_data} = {'results': [{'gender': 'female', 'name': {'title': 'Miss', 'first': 'Adèle', 'last': 'Marie'}, 'location': {'street': {'number': 4586, 'name': 'Avenue de la Libération'}, 'city': 'Saint-Denis', 'stat...</msg>
<var>${json_data}</var>
<arg>${response.json()}</arg>
<doc>Returns the given values which can then be assigned to a variables.</doc>
<status status="PASS" start="2024-07-27T23:16:19.668555" elapsed="0.000535"/>
</kw>
<kw name="Log" owner="BuiltIn">
<msg time="2024-07-27T23:16:19.669558" level="INFO">{'results': [{'gender': 'female', 'name': {'title': 'Miss', 'first': 'Adèle', 'last': 'Marie'}, 'location': {'street': {'number': 4586, 'name': 'Avenue de la Libération'}, 'city': 'Saint-Denis', 'state': 'Essonne', 'country': 'France', 'postcode': 77481, 'coordinates': {'latitude': '-19.1486', 'longitude': '25.0412'}, 'timezone': {'offset': '+1:00', 'description': 'Brussels, Copenhagen, Madrid, Paris'}}, 'email': 'adele.marie@example.com', 'login': {'uuid': '093770d4-bd24-4fe2-a48c-aebcdd13e6b0', 'username': 'smallmouse906', 'password': 'lexmark', 'salt': 'Yiq77k3s', 'md5': '8efd603de9838205bd42f5e3161ec3c0', 'sha1': 'd2f54b797ca325bec326cbfc0f6b635797e30be2', 'sha256': '62bcd4433fe7ea642c80eaa83a83d3f9cdcfa61a7aa5670d576daf78138cb26a'}, 'dob': {'date': '1986-08-08T03:19:47.778Z', 'age': 37}, 'registered': {'date': '2018-04-02T05:33:31.076Z', 'age': 6}, 'phone': '05-02-84-60-51', 'cell': '06-84-16-54-48', 'id': {'name': 'INSEE', 'value': '2860729259896 26'}, 'picture': {'large': 'https://randomuser.me/api/portraits/women/79.jpg', 'medium': 'https://randomuser.me/api/portraits/med/women/79.jpg', 'thumbnail': 'https://randomuser.me/api/portraits/thumb/women/79.jpg'}, 'nat': 'FR'}], 'info': {'seed': '9b8204e351dd8f21', 'results': 1, 'page': 1, 'version': '1.4'}}</msg>
<arg>${json_data}</arg>
<doc>Logs the given message with the given level.</doc>
<status status="PASS" start="2024-07-27T23:16:19.669392" elapsed="0.000216"/>
</kw>
<kw name="Dictionary Should Contain Key" owner="Collections">
<arg>${json_data}</arg>
<arg>results</arg>
<doc>Fails if ``key`` is not found from ``dictionary``.</doc>
<status status="PASS" start="2024-07-27T23:16:19.669938" elapsed="0.000165"/>
</kw>
<kw name="Should Not Be Empty" owner="BuiltIn">
<msg time="2024-07-27T23:16:19.670415" level="INFO">Length is 2.</msg>
<arg>${json_data}</arg>
<doc>Verifies that the given item is not empty.</doc>
<status status="PASS" start="2024-07-27T23:16:19.670288" elapsed="0.000165"/>
</kw>
<kw name="Create List" owner="BuiltIn">
<msg time="2024-07-27T23:16:19.670889" level="INFO">${expected_keys} = ['gender', 'name', 'location', 'email', 'login']</msg>
<var>${expected_keys}</var>
<arg>gender</arg>
<arg>name</arg>
<arg>location</arg>
<arg>email</arg>
<arg>login</arg>
<doc>Returns a list containing given items.</doc>
<status status="PASS" start="2024-07-27T23:16:19.670735" elapsed="0.000178"/>
</kw>
<for flavor="IN">
<iter>
<kw name="Dictionary Should Contain Key" owner="Collections">
<arg>${json_data['results'][0]}</arg>
<arg>${key}</arg>
<doc>Fails if ``key`` is not found from ``dictionary``.</doc>
<status status="PASS" start="2024-07-27T23:16:19.671483" elapsed="0.000407"/>
</kw>
<kw name="Log" owner="BuiltIn">
<msg time="2024-07-27T23:16:19.672456" level="INFO">{'gender': 'female', 'name': {'title': 'Miss', 'first': 'Adèle', 'last': 'Marie'}, 'location': {'street': {'number': 4586, 'name': 'Avenue de la Libération'}, 'city': 'Saint-Denis', 'state': 'Essonne', 'country': 'France', 'postcode': 77481, 'coordinates': {'latitude': '-19.1486', 'longitude': '25.0412'}, 'timezone': {'offset': '+1:00', 'description': 'Brussels, Copenhagen, Madrid, Paris'}}, 'email': 'adele.marie@example.com', 'login': {'uuid': '093770d4-bd24-4fe2-a48c-aebcdd13e6b0', 'username': 'smallmouse906', 'password': 'lexmark', 'salt': 'Yiq77k3s', 'md5': '8efd603de9838205bd42f5e3161ec3c0', 'sha1': 'd2f54b797ca325bec326cbfc0f6b635797e30be2', 'sha256': '62bcd4433fe7ea642c80eaa83a83d3f9cdcfa61a7aa5670d576daf78138cb26a'}, 'dob': {'date': '1986-08-08T03:19:47.778Z', 'age': 37}, 'registered': {'date': '2018-04-02T05:33:31.076Z', 'age': 6}, 'phone': '05-02-84-60-51', 'cell': '06-84-16-54-48', 'id': {'name': 'INSEE', 'value': '2860729259896 26'}, 'picture': {'large': 'https://randomuser.me/api/portraits/women/79.jpg', 'medium': 'https://randomuser.me/api/portraits/med/women/79.jpg', 'thumbnail': 'https://randomuser.me/api/portraits/thumb/women/79.jpg'}, 'nat': 'FR'}</msg>
<arg>${json_data['results'][0]}</arg>
<doc>Logs the given message with the given level.</doc>
<status status="PASS" start="2024-07-27T23:16:19.672097" elapsed="0.000409"/>
</kw>
<kw name="Log" owner="BuiltIn">
<msg time="2024-07-27T23:16:19.672929" level="INFO">gender</msg>
<arg>${key}</arg>
<doc>Logs the given message with the given level.</doc>
<status status="PASS" start="2024-07-27T23:16:19.672801" elapsed="0.000165"/>
</kw>
<var name="${key}">gender</var>
<status status="PASS" start="2024-07-27T23:16:19.671359" elapsed="0.001822"/>
</iter>
<iter>
<kw name="Dictionary Should Contain Key" owner="Collections">
<arg>${json_data['results'][0]}</arg>
<arg>${key}</arg>
<doc>Fails if ``key`` is not found from ``dictionary``.</doc>
<status status="PASS" start="2024-07-27T23:16:19.673480" elapsed="0.000400"/>
</kw>
<kw name="Log" owner="BuiltIn">
<msg time="2024-07-27T23:16:19.674458" level="INFO">{'gender': 'female', 'name': {'title': 'Miss', 'first': 'Adèle', 'last': 'Marie'}, 'location': {'street': {'number': 4586, 'name': 'Avenue de la Libération'}, 'city': 'Saint-Denis', 'state': 'Essonne', 'country': 'France', 'postcode': 77481, 'coordinates': {'latitude': '-19.1486', 'longitude': '25.0412'}, 'timezone': {'offset': '+1:00', 'description': 'Brussels, Copenhagen, Madrid, Paris'}}, 'email': 'adele.marie@example.com', 'login': {'uuid': '093770d4-bd24-4fe2-a48c-aebcdd13e6b0', 'username': 'smallmouse906', 'password': 'lexmark', 'salt': 'Yiq77k3s', 'md5': '8efd603de9838205bd42f5e3161ec3c0', 'sha1': 'd2f54b797ca325bec326cbfc0f6b635797e30be2', 'sha256': '62bcd4433fe7ea642c80eaa83a83d3f9cdcfa61a7aa5670d576daf78138cb26a'}, 'dob': {'date': '1986-08-08T03:19:47.778Z', 'age': 37}, 'registered': {'date': '2018-04-02T05:33:31.076Z', 'age': 6}, 'phone': '05-02-84-60-51', 'cell': '06-84-16-54-48', 'id': {'name': 'INSEE', 'value': '2860729259896 26'}, 'picture': {'large': 'https://randomuser.me/api/portraits/women/79.jpg', 'medium': 'https://randomuser.me/api/portraits/med/women/79.jpg', 'thumbnail': 'https://randomuser.me/api/portraits/thumb/women/79.jpg'}, 'nat': 'FR'}</msg>
<arg>${json_data['results'][0]}</arg>
<doc>Logs the given message with the given level.</doc>
<status status="PASS" start="2024-07-27T23:16:19.674095" elapsed="0.000415"/>
</kw>
<kw name="Log" owner="BuiltIn">
<msg time="2024-07-27T23:16:19.674937" level="INFO">name</msg>
<arg>${key}</arg>
<doc>Logs the given message with the given level.</doc>
<status status="PASS" start="2024-07-27T23:16:19.674810" elapsed="0.000163"/>
</kw>
<var name="${key}">name</var>
<status status="PASS" start="2024-07-27T23:16:19.673368" elapsed="0.001817"/>
</iter>
<iter>
<kw name="Dictionary Should Contain Key" owner="Collections">
<arg>${json_data['results'][0]}</arg>
<arg>${key}</arg>
<doc>Fails if ``key`` is not found from ``dictionary``.</doc>
<status status="PASS" start="2024-07-27T23:16:19.675466" elapsed="0.000375"/>
</kw>
<kw name="Log" owner="BuiltIn">
<msg time="2024-07-27T23:16:19.676373" level="INFO">{'gender': 'female', 'name': {'title': 'Miss', 'first': 'Adèle', 'last': 'Marie'}, 'location': {'street': {'number': 4586, 'name': 'Avenue de la Libération'}, 'city': 'Saint-Denis', 'state': 'Essonne', 'country': 'France', 'postcode': 77481, 'coordinates': {'latitude': '-19.1486', 'longitude': '25.0412'}, 'timezone': {'offset': '+1:00', 'description': 'Brussels, Copenhagen, Madrid, Paris'}}, 'email': 'adele.marie@example.com', 'login': {'uuid': '093770d4-bd24-4fe2-a48c-aebcdd13e6b0', 'username': 'smallmouse906', 'password': 'lexmark', 'salt': 'Yiq77k3s', 'md5': '8efd603de9838205bd42f5e3161ec3c0', 'sha1': 'd2f54b797ca325bec326cbfc0f6b635797e30be2', 'sha256': '62bcd4433fe7ea642c80eaa83a83d3f9cdcfa61a7aa5670d576daf78138cb26a'}, 'dob': {'date': '1986-08-08T03:19:47.778Z', 'age': 37}, 'registered': {'date': '2018-04-02T05:33:31.076Z', 'age': 6}, 'phone': '05-02-84-60-51', 'cell': '06-84-16-54-48', 'id': {'name': 'INSEE', 'value': '2860729259896 26'}, 'picture': {'large': 'https://randomuser.me/api/portraits/women/79.jpg', 'medium': 'https://randomuser.me/api/portraits/med/women/79.jpg', 'thumbnail': 'https://randomuser.me/api/portraits/thumb/women/79.jpg'}, 'nat': 'FR'}</msg>
<arg>${json_data['results'][0]}</arg>
<doc>Logs the given message with the given level.</doc>
<status status="PASS" start="2024-07-27T23:16:19.676027" elapsed="0.000394"/>
</kw>
<kw name="Log" owner="BuiltIn">
<msg time="2024-07-27T23:16:19.676853" level="INFO">location</msg>
<arg>${key}</arg>
<doc>Logs the given message with the given level.</doc>
<status status="PASS" start="2024-07-27T23:16:19.676719" elapsed="0.000171"/>
</kw>
<var name="${key}">location</var>
<status status="PASS" start="2024-07-27T23:16:19.675360" elapsed="0.001745"/>
</iter>
<iter>
<kw name="Dictionary Should Contain Key" owner="Collections">
<arg>${json_data['results'][0]}</arg>
<arg>${key}</arg>
<doc>Fails if ``key`` is not found from ``dictionary``.</doc>
<status status="PASS" start="2024-07-27T23:16:19.677381" elapsed="0.000414"/>
</kw>
<kw name="Log" owner="BuiltIn">
<msg time="2024-07-27T23:16:19.678464" level="INFO">{'gender': 'female', 'name': {'title': 'Miss', 'first': 'Adèle', 'last': 'Marie'}, 'location': {'street': {'number': 4586, 'name': 'Avenue de la Libération'}, 'city': 'Saint-Denis', 'state': 'Essonne', 'country': 'France', 'postcode': 77481, 'coordinates': {'latitude': '-19.1486', 'longitude': '25.0412'}, 'timezone': {'offset': '+1:00', 'description': 'Brussels, Copenhagen, Madrid, Paris'}}, 'email': 'adele.marie@example.com', 'login': {'uuid': '093770d4-bd24-4fe2-a48c-aebcdd13e6b0', 'username': 'smallmouse906', 'password': 'lexmark', 'salt': 'Yiq77k3s', 'md5': '8efd603de9838205bd42f5e3161ec3c0', 'sha1': 'd2f54b797ca325bec326cbfc0f6b635797e30be2', 'sha256': '62bcd4433fe7ea642c80eaa83a83d3f9cdcfa61a7aa5670d576daf78138cb26a'}, 'dob': {'date': '1986-08-08T03:19:47.778Z', 'age': 37}, 'registered': {'date': '2018-04-02T05:33:31.076Z', 'age': 6}, 'phone': '05-02-84-60-51', 'cell': '06-84-16-54-48', 'id': {'name': 'INSEE', 'value': '2860729259896 26'}, 'picture': {'large': 'https://randomuser.me/api/portraits/women/79.jpg', 'medium': 'https://randomuser.me/api/portraits/med/women/79.jpg', 'thumbnail': 'https://randomuser.me/api/portraits/thumb/women/79.jpg'}, 'nat': 'FR'}</msg>
<arg>${json_data['results'][0]}</arg>
<doc>Logs the given message with the given level.</doc>
<status status="PASS" start="2024-07-27T23:16:19.678105" elapsed="0.000408"/>
</kw>
<kw name="Log" owner="BuiltIn">
<msg time="2024-07-27T23:16:19.678937" level="INFO">email</msg>
<arg>${key}</arg>
<doc>Logs the given message with the given level.</doc>
<status status="PASS" start="2024-07-27T23:16:19.678808" elapsed="0.000167"/>
</kw>
<var name="${key}">email</var>
<status status="PASS" start="2024-07-27T23:16:19.677276" elapsed="0.001916"/>
</iter>
<iter>
<kw name="Dictionary Should Contain Key" owner="Collections">
<arg>${json_data['results'][0]}</arg>
<arg>${key}</arg>
<doc>Fails if ``key`` is not found from ``dictionary``.</doc>
<status status="PASS" start="2024-07-27T23:16:19.679471" elapsed="0.000384"/>
</kw>
<kw name="Log" owner="BuiltIn">
<msg time="2024-07-27T23:16:19.680381" level="INFO">{'gender': 'female', 'name': {'title': 'Miss', 'first': 'Adèle', 'last': 'Marie'}, 'location': {'street': {'number': 4586, 'name': 'Avenue de la Libération'}, 'city': 'Saint-Denis', 'state': 'Essonne', 'country': 'France', 'postcode': 77481, 'coordinates': {'latitude': '-19.1486', 'longitude': '25.0412'}, 'timezone': {'offset': '+1:00', 'description': 'Brussels, Copenhagen, Madrid, Paris'}}, 'email': 'adele.marie@example.com', 'login': {'uuid': '093770d4-bd24-4fe2-a48c-aebcdd13e6b0', 'username': 'smallmouse906', 'password': 'lexmark', 'salt': 'Yiq77k3s', 'md5': '8efd603de9838205bd42f5e3161ec3c0', 'sha1': 'd2f54b797ca325bec326cbfc0f6b635797e30be2', 'sha256': '62bcd4433fe7ea642c80eaa83a83d3f9cdcfa61a7aa5670d576daf78138cb26a'}, 'dob': {'date': '1986-08-08T03:19:47.778Z', 'age': 37}, 'registered': {'date': '2018-04-02T05:33:31.076Z', 'age': 6}, 'phone': '05-02-84-60-51', 'cell': '06-84-16-54-48', 'id': {'name': 'INSEE', 'value': '2860729259896 26'}, 'picture': {'large': 'https://randomuser.me/api/portraits/women/79.jpg', 'medium': 'https://randomuser.me/api/portraits/med/women/79.jpg', 'thumbnail': 'https://randomuser.me/api/portraits/thumb/women/79.jpg'}, 'nat': 'FR'}</msg>
<arg>${json_data['results'][0]}</arg>
<doc>Logs the given message with the given level.</doc>
<status status="PASS" start="2024-07-27T23:16:19.680036" elapsed="0.000394"/>
</kw>
<kw name="Log" owner="BuiltIn">
<msg time="2024-07-27T23:16:19.680852" level="INFO">login</msg>
<arg>${key}</arg>
<doc>Logs the given message with the given level.</doc>
<status status="PASS" start="2024-07-27T23:16:19.680724" elapsed="0.000165"/>
</kw>
<var name="${key}">login</var>
<status status="PASS" start="2024-07-27T23:16:19.679363" elapsed="0.001764"/>
</iter>
<var>${key}</var>
<value>@{expected_keys}</value>
<status status="PASS" start="2024-07-27T23:16:19.671167" elapsed="0.010105"/>
</for>
<kw name="Create List" owner="BuiltIn">
<msg time="2024-07-27T23:16:19.681607" level="INFO">${expected_keysTwo} = ['username', 'password']</msg>
<var>${expected_keysTwo}</var>
<arg>username</arg>
<arg>password</arg>
<doc>Returns a list containing given items.</doc>
<status status="PASS" start="2024-07-27T23:16:19.681471" elapsed="0.000159"/>
</kw>
<for flavor="IN">
<iter>
<kw name="Dictionary Should Contain Key" owner="Collections">
<arg>${json_data['results'][0]['login']}</arg>
<arg>${keyTwo}</arg>
<doc>Fails if ``key`` is not found from ``dictionary``.</doc>
<status status="PASS" start="2024-07-27T23:16:19.682147" elapsed="0.000377"/>
</kw>
<kw name="Dictionary Should Contain Key" owner="Collections">
<arg>${json_data['results'][0]['login']}</arg>
<arg>${keyTwo}</arg>
<doc>Fails if ``key`` is not found from ``dictionary``.</doc>
<status status="PASS" start="2024-07-27T23:16:19.682701" elapsed="0.000402"/>
</kw>
<kw name="Log" owner="BuiltIn">
<msg time="2024-07-27T23:16:19.683439" level="INFO">username</msg>
<arg>${keyTwo}</arg>
<doc>Logs the given message with the given level.</doc>
<status status="PASS" start="2024-07-27T23:16:19.683317" elapsed="0.000166"/>
</kw>
<var name="${keyTwo}">username</var>
<status status="PASS" start="2024-07-27T23:16:19.682041" elapsed="0.001659"/>
</iter>
<iter>
<kw name="Dictionary Should Contain Key" owner="Collections">
<arg>${json_data['results'][0]['login']}</arg>
<arg>${keyTwo}</arg>
<doc>Fails if ``key`` is not found from ``dictionary``.</doc>
<status status="PASS" start="2024-07-27T23:16:19.683985" elapsed="0.000372"/>
</kw>
<kw name="Dictionary Should Contain Key" owner="Collections">
<arg>${json_data['results'][0]['login']}</arg>
<arg>${keyTwo}</arg>
<doc>Fails if ``key`` is not found from ``dictionary``.</doc>
<status status="PASS" start="2024-07-27T23:16:19.684534" elapsed="0.000377"/>
</kw>
<kw name="Log" owner="BuiltIn">
<msg time="2024-07-27T23:16:19.685206" level="INFO">password</msg>
<arg>${keyTwo}</arg>
<doc>Logs the given message with the given level.</doc>
<status status="PASS" start="2024-07-27T23:16:19.685083" elapsed="0.000161"/>
</kw>
<var name="${keyTwo}">password</var>
<status status="PASS" start="2024-07-27T23:16:19.683871" elapsed="0.001589"/>
</iter>
<var>${keyTwo}</var>
<value>@{expected_keysTwo}</value>
<status status="PASS" start="2024-07-27T23:16:19.681887" elapsed="0.003691"/>
</for>
<status status="PASS" start="2024-07-27T23:16:19.416808" elapsed="0.268912"/>
</kw>
<doc>Testa a estrutura da resposta da API.</doc>
<tag>testeEstruturaResposta</tag>
<status status="PASS" start="2024-07-27T23:16:19.416335" elapsed="0.269588"/>
</test>
<test id="s1-s1-t4" name="Validar tipos de dados" line="28">
<kw name="Teste de Tipos de Dados" owner="random-user-service">
<kw name="GET On Session" owner="RequestsLibrary">
<msg time="2024-07-27T23:16:19.785501" level="INFO">GET Request : url=https://randomuser.me/api 
 path_url=/api 
 headers={'User-Agent': 'python-requests/2.32.3', 'Accept-Encoding': 'gzip, deflate', 'Accept': '*/*', 'Connection': 'keep-alive'} 
 body=None 
 </msg>
<msg time="2024-07-27T23:16:19.785580" level="INFO">GET Response : url=https://randomuser.me/api 
 status=200, reason=OK 
 headers={'Date': 'Sat, 27 Jul 2024 23:16:19 GMT', 'Content-Type': 'application/json; charset=utf-8', 'Transfer-Encoding': 'chunked', 'Connection': 'keep-alive', 'X-Powered-By': 'Express', 'Access-Control-Allow-Origin': '*', 'Cache-Control': 'no-cache', 'ETag': 'W/"494-/n6WY4TWDgfYfHKFjba2KRws1CQ"', 'Vary': 'Accept-Encoding', 'Content-Encoding': 'gzip', 'CF-Cache-Status': 'DYNAMIC', 'Report-To': '{"endpoints":[{"url":"https:\\/\\/a.nel.cloudflare.com\\/report\\/v4?s=7zZVkZZkCU%2B%2FrfQ%2FUv9oGPL21Xhfb8RTE4ZkaU5SQLCdcCA0wFXcXdtVBiMvZ1kRQwXEvbH5HNqhUxzWr6vR2GbhuR1J12T07dJbAsiFCs8e7Q1h%2BLFNmdmCslTGoom8"}],"group":"cf-nel","max_age":604800}', 'NEL': '{"success_fraction":0,"report_to":"cf-nel","max_age":604800}', 'Server': 'cloudflare', 'CF-RAY': '8aa056271f8dfab2-SJC', 'alt-svc': 'h3=":443"; ma=86400'} 
 body={"results":[{"gender":"male","name":{"title":"Mr","first":"میلاد","last":"سهيلي راد"},"location":{"street":{"number":7977,"name":"میرزای شیرازی"},"city":"اصفهان","state":"گلستان","country":"Iran","postcode":93476,"coordinates":{"latitude":"18.5185","longitude":"-114.3329"},"timezone":{"offset":"+7:00","description":"Bangkok, Hanoi, Jakarta"}},"email":"myld.shylyrd@example.com","login":{"uuid":"e6dcc1ee-17ab-4995-b2be-ef265ecb2359","username":"sadswan918","password":"blizzard","salt":"eCPRMKv9","md5":"e2555c7228204fcffc38dadebf3e477d","sha1":"1df937b9143bd14d669e47b1be77096928ad8a99","sha256":"b6634a096e205744c25b02b1c54f7acac8fb582274710cc5b14c37d99c928c25"},"dob":{"date":"2001-04-09T01:26:10.326Z","age":23},"registered":{"date":"2005-07-09T16:06:55.860Z","age":19},"phone":"039-87123532","cell":"0920-441-2763","id":{"name":"","value":null},"picture":{"large":"https://randomuser.me/api/portraits/men/42.jpg","medium":"https://randomuser.me/api/portraits/med/men/42.jpg","thumbnail":"https://randomuser.me/api/portraits/thumb/men/42.jpg"},"nat":"IR"}],"info":{"seed":"ff23e4815c710840","results":1,"page":1,"version":"1.4"}} 
 </msg>
<msg time="2024-07-27T23:16:19.785653" level="INFO">/opt/hostedtoolcache/Python/3.12.4/x64/lib/python3.12/site-packages/urllib3/connectionpool.py:1099: InsecureRequestWarning: Unverified HTTPS request is being made to host 'randomuser.me'. Adding certificate verification is strongly advised. See: https://urllib3.readthedocs.io/en/latest/advanced-usage.html#tls-warnings
  warnings.warn(</msg>
<msg time="2024-07-27T23:16:19.785820" level="INFO">${response} = &lt;Response [200]&gt;</msg>
<var>${response}</var>
<arg>consultarAPI</arg>
<arg>/api</arg>
<doc>Sends a GET request on a previously created HTTP Session.</doc>
<status status="PASS" start="2024-07-27T23:16:19.688349" elapsed="0.097512"/>
</kw>
<kw name="Set Variable" owner="BuiltIn">
<msg time="2024-07-27T23:16:19.786680" level="INFO">${json_data} = {'results': [{'gender': 'male', 'name': {'title': 'Mr', 'first': 'میلاد', 'last': 'سهيلي راد'}, 'location': {'street': {'number': 7977, 'name': 'میرزای شیرازی'}, 'city': 'اصفهان', 'state': 'گلستان', '...</msg>
<var>${json_data}</var>
<arg>${response.json()}</arg>
<doc>Returns the given values which can then be assigned to a variables.</doc>
<status status="PASS" start="2024-07-27T23:16:19.786214" elapsed="0.000496"/>
</kw>
<kw name="Log" owner="BuiltIn">
<msg time="2024-07-27T23:16:19.787167" level="INFO">{'results': [{'gender': 'male', 'name': {'title': 'Mr', 'first': 'میلاد', 'last': 'سهيلي راد'}, 'location': {'street': {'number': 7977, 'name': 'میرزای شیرازی'}, 'city': 'اصفهان', 'state': 'گلستان', 'country': 'Iran', 'postcode': 93476, 'coordinates': {'latitude': '18.5185', 'longitude': '-114.3329'}, 'timezone': {'offset': '+7:00', 'description': 'Bangkok, Hanoi, Jakarta'}}, 'email': 'myld.shylyrd@example.com', 'login': {'uuid': 'e6dcc1ee-17ab-4995-b2be-ef265ecb2359', 'username': 'sadswan918', 'password': 'blizzard', 'salt': 'eCPRMKv9', 'md5': 'e2555c7228204fcffc38dadebf3e477d', 'sha1': '1df937b9143bd14d669e47b1be77096928ad8a99', 'sha256': 'b6634a096e205744c25b02b1c54f7acac8fb582274710cc5b14c37d99c928c25'}, 'dob': {'date': '2001-04-09T01:26:10.326Z', 'age': 23}, 'registered': {'date': '2005-07-09T16:06:55.860Z', 'age': 19}, 'phone': '039-87123532', 'cell': '0920-441-2763', 'id': {'name': '', 'value': None}, 'picture': {'large': 'https://randomuser.me/api/portraits/men/42.jpg', 'medium': 'https://randomuser.me/api/portraits/med/men/42.jpg', 'thumbnail': 'https://randomuser.me/api/portraits/thumb/men/42.jpg'}, 'nat': 'IR'}], 'info': {'seed': 'ff23e4815c710840', 'results': 1, 'page': 1, 'version': '1.4'}}</msg>
<arg>${json_data}</arg>
<doc>Logs the given message with the given level.</doc>
<status status="PASS" start="2024-07-27T23:16:19.787011" elapsed="0.000204"/>
</kw>
<kw name="Should Be String" owner="String">
<arg>${json_data['results'][0]['gender']}</arg>
<doc>Fails if the given ``item`` is not a string.</doc>
<status status="PASS" start="2024-07-27T23:16:19.787505" elapsed="0.000365"/>
</kw>
<kw name="Should Match Regexp" owner="BuiltIn">
<arg>${json_data['results'][0]['email']}</arg>
<arg>^[a-zA-Z0-9._%+-]+@[a-zA-Z0-9.-]+\.[a-zA-Z]{2,}$</arg>
<doc>Fails if ``string`` does not match ``pattern`` as a regular expression.</doc>
<status status="PASS" start="2024-07-27T23:16:19.788093" elapsed="0.000514"/>
</kw>
<kw name="Should Match Regexp" owner="BuiltIn">
<arg>${json_data['results'][0]['dob']['date']}</arg>
<arg>\\d{4}-\\d{2}-\\d{2}T\\d{2}:\\d{2}:\\d{2}\\.\\d{3}Z</arg>
<doc>Fails if ``string`` does not match ``pattern`` as a regular expression.</doc>
<status status="PASS" start="2024-07-27T23:16:19.788799" elapsed="0.000592"/>
</kw>
<kw name="Should Match Regexp" owner="BuiltIn">
<arg>${json_data['results'][0]['registered']['date']}</arg>
<arg>\\d{4}-\\d{2}-\\d{2}T\\d{2}:\\d{2}:\\d{2}\\.\\d{3}Z</arg>
<doc>Fails if ``string`` does not match ``pattern`` as a regular expression.</doc>
<status status="PASS" start="2024-07-27T23:16:19.789581" elapsed="0.000422"/>
</kw>
<kw name="Should Match Regexp" owner="BuiltIn">
<arg>${json_data['results'][0]['picture']['large']}</arg>
<arg>^https?://.*\.(?:png|jpe?g|gif|bmp)$</arg>
<doc>Fails if ``string`` does not match ``pattern`` as a regular expression.</doc>
<status status="PASS" start="2024-07-27T23:16:19.790191" elapsed="0.000458"/>
</kw>
<kw name="Should Match Regexp" owner="BuiltIn">
<arg>${json_data['results'][0]['picture']['medium']}</arg>
<arg>^https?://.*\.(?:png|jpe?g|gif|bmp)$</arg>
<doc>Fails if ``string`` does not match ``pattern`` as a regular expression.</doc>
<status status="PASS" start="2024-07-27T23:16:19.790838" elapsed="0.000355"/>
</kw>
<kw name="Should Match Regexp" owner="BuiltIn">
<arg>${json_data['results'][0]['picture']['thumbnail']}</arg>
<arg>^https?://.*\.(?:png|jpe?g|gif|bmp)$</arg>
<doc>Fails if ``string`` does not match ``pattern`` as a regular expression.</doc>
<status status="PASS" start="2024-07-27T23:16:19.791372" elapsed="0.000348"/>
</kw>
<kw name="Log" owner="BuiltIn">
<msg time="2024-07-27T23:16:19.792225" level="INFO">{'large': 'https://randomuser.me/api/portraits/men/42.jpg', 'medium': 'https://randomuser.me/api/portraits/med/men/42.jpg', 'thumbnail': 'https://randomuser.me/api/portraits/thumb/men/42.jpg'}</msg>
<arg>${json_data['results'][0]['picture']}</arg>
<doc>Logs the given message with the given level.</doc>
<status status="PASS" start="2024-07-27T23:16:19.791900" elapsed="0.000367"/>
</kw>
<status status="PASS" start="2024-07-27T23:16:19.688127" elapsed="0.104394"/>
</kw>
<kw name="Teste de Tipos de Dados - Postcode" owner="random-user-service">
<kw name="GET On Session" owner="RequestsLibrary">
<msg time="2024-07-27T23:16:19.894173" level="INFO">GET Request : url=https://randomuser.me/api 
 path_url=/api 
 headers={'User-Agent': 'python-requests/2.32.3', 'Accept-Encoding': 'gzip, deflate', 'Accept': '*/*', 'Connection': 'keep-alive'} 
 body=None 
 </msg>
<msg time="2024-07-27T23:16:19.894251" level="INFO">GET Response : url=https://randomuser.me/api 
 status=200, reason=OK 
 headers={'Date': 'Sat, 27 Jul 2024 23:16:19 GMT', 'Content-Type': 'application/json; charset=utf-8', 'Transfer-Encoding': 'chunked', 'Connection': 'keep-alive', 'X-Powered-By': 'Express', 'Access-Control-Allow-Origin': '*', 'Cache-Control': 'no-cache', 'ETag': 'W/"46d-DUdrUOzfiTX7bOs8+/p+PrZmOEs"', 'Vary': 'Accept-Encoding', 'Content-Encoding': 'gzip', 'CF-Cache-Status': 'DYNAMIC', 'Report-To': '{"endpoints":[{"url":"https:\\/\\/a.nel.cloudflare.com\\/report\\/v4?s=DArxAr1FYzP2686kLEwG8FlA9Hc%2FZlEMGSjOedw4KAAOECCo3ktNgfe%2FdbfkCusZ3E8Y0iamykH3Aws%2F4SW4VBTMustTY7kBCNwSMh07iOhjngF%2FZ26yA3hqwqESdSnA"}],"group":"cf-nel","max_age":604800}', 'NEL': '{"success_fraction":0,"report_to":"cf-nel","max_age":604800}', 'Server': 'cloudflare', 'CF-RAY': '8aa05627b803fab2-SJC', 'alt-svc': 'h3=":443"; ma=86400'} 
 body={"results":[{"gender":"male","name":{"title":"Mr","first":"Tyler","last":"Jones"},"location":{"street":{"number":5970,"name":"Lakeshore Rd"},"city":"Joliet","state":"Utah","country":"United States","postcode":74909,"coordinates":{"latitude":"86.0179","longitude":"-97.6793"},"timezone":{"offset":"-9:00","description":"Alaska"}},"email":"tyler.jones@example.com","login":{"uuid":"f71967db-c0e3-41e4-9d08-21bec9b76a29","username":"angryleopard226","password":"some","salt":"Wc4ng4rL","md5":"a46a786124050e739a420f253fc6200e","sha1":"e5e6651d6b852ae0016ef32bbb874ccb723e46be","sha256":"4b232c10708660e1d78d66122e7c9928c8321eceb272a5dc833c369a70a0780b"},"dob":{"date":"1948-10-05T01:39:55.792Z","age":75},"registered":{"date":"2017-03-06T06:22:23.003Z","age":7},"phone":"(856) 546-1592","cell":"(751) 684-7608","id":{"name":"SSN","value":"301-37-7617"},"picture":{"large":"https://randomuser.me/api/portraits/men/91.jpg","medium":"https://randomuser.me/api/portraits/med/men/91.jpg","thumbnail":"https://randomuser.me/api/portraits/thumb/men/91.jpg"},"nat":"US"}],"info":{"seed":"e732d6cd1eb0839e","results":1,"page":1,"version":"1.4"}} 
 </msg>
<msg time="2024-07-27T23:16:19.894320" level="INFO">/opt/hostedtoolcache/Python/3.12.4/x64/lib/python3.12/site-packages/urllib3/connectionpool.py:1099: InsecureRequestWarning: Unverified HTTPS request is being made to host 'randomuser.me'. Adding certificate verification is strongly advised. See: https://urllib3.readthedocs.io/en/latest/advanced-usage.html#tls-warnings
  warnings.warn(</msg>
<msg time="2024-07-27T23:16:19.894422" level="INFO">${response} = &lt;Response [200]&gt;</msg>
<var>${response}</var>
<arg>consultarAPI</arg>
<arg>/api</arg>
<doc>Sends a GET request on a previously created HTTP Session.</doc>
<status status="PASS" start="2024-07-27T23:16:19.792956" elapsed="0.101511"/>
</kw>
<kw name="Set Variable" owner="BuiltIn">
<msg time="2024-07-27T23:16:19.895356" level="INFO">${json_data} = {'results': [{'gender': 'male', 'name': {'title': 'Mr', 'first': 'Tyler', 'last': 'Jones'}, 'location': {'street': {'number': 5970, 'name': 'Lakeshore Rd'}, 'city': 'Joliet', 'state': 'Utah', 'country...</msg>
<var>${json_data}</var>
<arg>${response.json()}</arg>
<doc>Returns the given values which can then be assigned to a variables.</doc>
<status status="PASS" start="2024-07-27T23:16:19.894911" elapsed="0.000473"/>
</kw>
<kw name="Log" owner="BuiltIn">
<msg time="2024-07-27T23:16:19.895835" level="INFO">{'results': [{'gender': 'male', 'name': {'title': 'Mr', 'first': 'Tyler', 'last': 'Jones'}, 'location': {'street': {'number': 5970, 'name': 'Lakeshore Rd'}, 'city': 'Joliet', 'state': 'Utah', 'country': 'United States', 'postcode': 74909, 'coordinates': {'latitude': '86.0179', 'longitude': '-97.6793'}, 'timezone': {'offset': '-9:00', 'description': 'Alaska'}}, 'email': 'tyler.jones@example.com', 'login': {'uuid': 'f71967db-c0e3-41e4-9d08-21bec9b76a29', 'username': 'angryleopard226', 'password': 'some', 'salt': 'Wc4ng4rL', 'md5': 'a46a786124050e739a420f253fc6200e', 'sha1': 'e5e6651d6b852ae0016ef32bbb874ccb723e46be', 'sha256': '4b232c10708660e1d78d66122e7c9928c8321eceb272a5dc833c369a70a0780b'}, 'dob': {'date': '1948-10-05T01:39:55.792Z', 'age': 75}, 'registered': {'date': '2017-03-06T06:22:23.003Z', 'age': 7}, 'phone': '(856) 546-1592', 'cell': '(751) 684-7608', 'id': {'name': 'SSN', 'value': '301-37-7617'}, 'picture': {'large': 'https://randomuser.me/api/portraits/men/91.jpg', 'medium': 'https://randomuser.me/api/portraits/med/men/91.jpg', 'thumbnail': 'https://randomuser.me/api/portraits/thumb/men/91.jpg'}, 'nat': 'US'}], 'info': {'seed': 'e732d6cd1eb0839e', 'results': 1, 'page': 1, 'version': '1.4'}}</msg>
<arg>${json_data}</arg>
<doc>Logs the given message with the given level.</doc>
<status status="PASS" start="2024-07-27T23:16:19.895685" elapsed="0.000205"/>
</kw>
<kw name="Should Be Equal As Numbers" owner="BuiltIn">
<arg>${json_data['results'][0]['location']['postcode']}</arg>
<arg>${json_data['results'][0]['location']['postcode']}</arg>
<doc>Fails if objects are unequal after converting them to real numbers.</doc>
<status status="PASS" start="2024-07-27T23:16:19.896177" elapsed="0.000617"/>
</kw>
<kw name="Log" owner="BuiltIn">
<msg time="2024-07-27T23:16:19.897345" level="INFO">74909</msg>
<arg>${json_data['results'][0]['location']['postcode']}</arg>
<doc>Logs the given message with the given level.</doc>
<status status="PASS" start="2024-07-27T23:16:19.897010" elapsed="0.000374"/>
</kw>
<status status="PASS" start="2024-07-27T23:16:19.792733" elapsed="0.104899"/>
</kw>
<doc>Testa se os tipos de dados na resposta da API estão corretos.</doc>
<tag>testeTiposDados</tag>
<status status="PASS" start="2024-07-27T23:16:19.687667" elapsed="0.210158"/>
</test>
<test id="s1-s1-t5" name="Validar conteudo" line="35">
<kw name="Teste de Tipos de Conteudo" owner="random-user-service">
<kw name="GET On Session" owner="RequestsLibrary">
<msg time="2024-07-27T23:16:19.994602" level="INFO">GET Request : url=https://randomuser.me/api 
 path_url=/api 
 headers={'User-Agent': 'python-requests/2.32.3', 'Accept-Encoding': 'gzip, deflate', 'Accept': '*/*', 'Connection': 'keep-alive'} 
 body=None 
 </msg>
<msg time="2024-07-27T23:16:19.994679" level="INFO">GET Response : url=https://randomuser.me/api 
 status=200, reason=OK 
 headers={'Date': 'Sat, 27 Jul 2024 23:16:19 GMT', 'Content-Type': 'application/json; charset=utf-8', 'Transfer-Encoding': 'chunked', 'Connection': 'keep-alive', 'X-Powered-By': 'Express', 'Access-Control-Allow-Origin': '*', 'Cache-Control': 'no-cache', 'ETag': 'W/"48e-1IBmuejz60PqolochmJdjVczPws"', 'Vary': 'Accept-Encoding', 'Content-Encoding': 'gzip', 'CF-Cache-Status': 'DYNAMIC', 'Report-To': '{"endpoints":[{"url":"https:\\/\\/a.nel.cloudflare.com\\/report\\/v4?s=9Q0IRZXPpxwnDGU2856vHsfLARRk4VDYyjOup0xfabGaIh%2BILWKzTFcYiryPkjBKPRJIVoj13bde8k%2BaQ22vKGq6lBG84O%2FhDCgJmnqd%2F8I53FLvcrlol1kLBmfNOrEh"}],"group":"cf-nel","max_age":604800}', 'NEL': '{"success_fraction":0,"report_to":"cf-nel","max_age":604800}', 'Server': 'cloudflare', 'CF-RAY': '8aa05628688cfab2-SJC', 'alt-svc': 'h3=":443"; ma=86400'} 
 body={"results":[{"gender":"male","name":{"title":"Mr","first":"Skip","last":"Venrooij"},"location":{"street":{"number":848,"name":"Achterhoekseweg"},"city":"Rottevalle","state":"Noord-Holland","country":"Netherlands","postcode":"7003 MN","coordinates":{"latitude":"36.1159","longitude":"-125.8437"},"timezone":{"offset":"+2:00","description":"Kaliningrad, South Africa"}},"email":"skip.venrooij@example.com","login":{"uuid":"de810b9f-5cf3-406a-8b72-100de1e9fb35","username":"heavycat211","password":"plum","salt":"uU0mbANX","md5":"4397c268dcbd41268d83879796ad2d76","sha1":"dc380855ab34d2ec2a1e02f5426cb291c5160283","sha256":"60f51bb7d0918140761a986a2c69801c2c15b34305c845d5c1e943571d7114e0"},"dob":{"date":"1947-02-08T21:38:52.727Z","age":77},"registered":{"date":"2002-03-26T09:01:57.905Z","age":22},"phone":"(091) 9697130","cell":"(06) 57538974","id":{"name":"BSN","value":"36439006"},"picture":{"large":"https://randomuser.me/api/portraits/men/86.jpg","medium":"https://randomuser.me/api/portraits/med/men/86.jpg","thumbnail":"https://randomuser.me/api/portraits/thumb/men/86.jpg"},"nat":"NL"}],"info":{"seed":"f2f491a59a975426","results":1,"page":1,"version":"1.4"}} 
 </msg>
<msg time="2024-07-27T23:16:19.994753" level="INFO">/opt/hostedtoolcache/Python/3.12.4/x64/lib/python3.12/site-packages/urllib3/connectionpool.py:1099: InsecureRequestWarning: Unverified HTTPS request is being made to host 'randomuser.me'. Adding certificate verification is strongly advised. See: https://urllib3.readthedocs.io/en/latest/advanced-usage.html#tls-warnings
  warnings.warn(</msg>
<msg time="2024-07-27T23:16:19.994857" level="INFO">${response} = &lt;Response [200]&gt;</msg>
<var>${response}</var>
<arg>consultarAPI</arg>
<arg>/api</arg>
<doc>Sends a GET request on a previously created HTTP Session.</doc>
<status status="PASS" start="2024-07-27T23:16:19.900602" elapsed="0.094294"/>
</kw>
<kw name="Set Variable" owner="BuiltIn">
<msg time="2024-07-27T23:16:19.995904" level="INFO">${json_data} = {'results': [{'gender': 'male', 'name': {'title': 'Mr', 'first': 'Skip', 'last': 'Venrooij'}, 'location': {'street': {'number': 848, 'name': 'Achterhoekseweg'}, 'city': 'Rottevalle', 'state': 'Noord-H...</msg>
<var>${json_data}</var>
<arg>${response.json()}</arg>
<doc>Returns the given values which can then be assigned to a variables.</doc>
<status status="PASS" start="2024-07-27T23:16:19.995360" elapsed="0.000573"/>
</kw>
<kw name="Set Variable" owner="BuiltIn">
<msg time="2024-07-27T23:16:19.996609" level="INFO">${name_title} = Mr</msg>
<var>${name_title}</var>
<arg>${json_data["results"][0]["name"]["title"]}</arg>
<doc>Returns the given values which can then be assigned to a variables.</doc>
<status status="PASS" start="2024-07-27T23:16:19.996231" elapsed="0.000403"/>
</kw>
<kw name="Create List" owner="BuiltIn">
<msg time="2024-07-27T23:16:19.997070" level="INFO">${allowed_titles} = ['Mr', 'Ms', 'Miss', 'Mrs', 'Madame', 'Monsieur']</msg>
<var>${allowed_titles}</var>
<arg>Mr</arg>
<arg>Ms</arg>
<arg>Miss</arg>
<arg>Mrs</arg>
<arg>Madame</arg>
<arg>Monsieur</arg>
<doc>Returns a list containing given items.</doc>
<status status="PASS" start="2024-07-27T23:16:19.996922" elapsed="0.000173"/>
</kw>
<kw name="List Should Contain Value" owner="Collections">
<arg>${allowed_titles}</arg>
<arg>${name_title}</arg>
<doc>Fails if the ``value`` is not found from ``list``.</doc>
<status status="PASS" start="2024-07-27T23:16:19.997391" elapsed="0.000172"/>
</kw>
<kw name="Set Variable" owner="BuiltIn">
<msg time="2024-07-27T23:16:19.998166" level="INFO">${name_country} = NL</msg>
<var>${name_country}</var>
<arg>${json_data["results"][0]["nat"]}</arg>
<doc>Returns the given values which can then be assigned to a variables.</doc>
<status status="PASS" start="2024-07-27T23:16:19.997776" elapsed="0.000415"/>
</kw>
<kw name="Create List" owner="BuiltIn">
<msg time="2024-07-27T23:16:19.999067" level="INFO">${list_country} = ['AD', 'AE', 'AF', 'AG', 'AI', 'AL', 'AM', 'AO', 'AQ', 'AR', 'AS', 'AT', 'AU', 'AW', 'AX', 'AZ', 'BA', 'BB', 'BD', 'BE', 'BF', 'BG', 'BH', 'BI', 'BJ', 'BL', 'BM', 'BN', 'BO', 'BQ', 'BR', 'BS', 'BT', '...</msg>
<var>${list_country}</var>
<arg>AD</arg>
<arg>AE</arg>
<arg>AF</arg>
<arg>AG</arg>
<arg>AI</arg>
<arg>AL</arg>
<arg>AM</arg>
<arg>AO</arg>
<arg>AQ</arg>
<arg>AR</arg>
<arg>AS</arg>
<arg>AT</arg>
<arg>AU</arg>
<arg>AW</arg>
<arg>AX</arg>
<arg>AZ</arg>
<arg>BA</arg>
<arg>BB</arg>
<arg>BD</arg>
<arg>BE</arg>
<arg>BF</arg>
<arg>BG</arg>
<arg>BH</arg>
<arg>BI</arg>
<arg>BJ</arg>
<arg>BL</arg>
<arg>BM</arg>
<arg>BN</arg>
<arg>BO</arg>
<arg>BQ</arg>
<arg>BR</arg>
<arg>BS</arg>
<arg>BT</arg>
<arg>BV</arg>
<arg>BW</arg>
<arg>BY</arg>
<arg>BZ</arg>
<arg>CA</arg>
<arg>CC</arg>
<arg>CD</arg>
<arg>CF</arg>
<arg>CG</arg>
<arg>CH</arg>
<arg>CI</arg>
<arg>CK</arg>
<arg>CL</arg>
<arg>CM</arg>
<arg>CN</arg>
<arg>CO</arg>
<arg>CR</arg>
<arg>CU</arg>
<arg>CV</arg>
<arg>CW</arg>
<arg>CX</arg>
<arg>CY</arg>
<arg>CZ</arg>
<arg>DE</arg>
<arg>DJ</arg>
<arg>DK</arg>
<arg>DM</arg>
<arg>DO</arg>
<arg>DZ</arg>
<arg>EC</arg>
<arg>EE</arg>
<arg>EG</arg>
<arg>EH</arg>
<arg>ER</arg>
<arg>ES</arg>
<arg>ET</arg>
<arg>FI</arg>
<arg>FJ</arg>
<arg>FK</arg>
<arg>FM</arg>
<arg>FO</arg>
<arg>FR</arg>
<arg>GA</arg>
<arg>GB</arg>
<arg>GD</arg>
<arg>GE</arg>
<arg>GF</arg>
<arg>GG</arg>
<arg>GH</arg>
<arg>GI</arg>
<arg>GL</arg>
<arg>GM</arg>
<arg>GN</arg>
<arg>GP</arg>
<arg>GQ</arg>
<arg>GR</arg>
<arg>GS</arg>
<arg>GT</arg>
<arg>GU</arg>
<arg>GW</arg>
<arg>GY</arg>
<arg>HK</arg>
<arg>HM</arg>
<arg>HN</arg>
<arg>HR</arg>
<arg>HT</arg>
<arg>HU</arg>
<arg>ID</arg>
<arg>IE</arg>
<arg>IL</arg>
<arg>IM</arg>
<arg>IN</arg>
<arg>IO</arg>
<arg>IQ</arg>
<arg>IR</arg>
<arg>IS</arg>
<arg>IT</arg>
<arg>JE</arg>
<arg>JM</arg>
<arg>JO</arg>
<arg>JP</arg>
<arg>KE</arg>
<arg>KG</arg>
<arg>KH</arg>
<arg>KI</arg>
<arg>KM</arg>
<arg>KN</arg>
<arg>KP</arg>
<arg>KR</arg>
<arg>KW</arg>
<arg>KY</arg>
<arg>KZ</arg>
<arg>LA</arg>
<arg>LB</arg>
<arg>LC</arg>
<arg>LI</arg>
<arg>LK</arg>
<arg>LR</arg>
<arg>LS</arg>
<arg>LT</arg>
<arg>LU</arg>
<arg>LV</arg>
<arg>LY</arg>
<arg>MA</arg>
<arg>MC</arg>
<arg>MD</arg>
<arg>ME</arg>
<arg>MF</arg>
<arg>MG</arg>
<arg>MH</arg>
<arg>MK</arg>
<arg>ML</arg>
<arg>MM</arg>
<arg>MN</arg>
<arg>MO</arg>
<arg>MP</arg>
<arg>MQ</arg>
<arg>MR</arg>
<arg>MS</arg>
<arg>MT</arg>
<arg>MU</arg>
<arg>MV</arg>
<arg>MW</arg>
<arg>MX</arg>
<arg>MY</arg>
<arg>MZ</arg>
<arg>NA</arg>
<arg>NC</arg>
<arg>NE</arg>
<arg>NF</arg>
<arg>NG</arg>
<arg>NI</arg>
<arg>NL</arg>
<arg>NO</arg>
<arg>NP</arg>
<arg>NR</arg>
<arg>NU</arg>
<arg>NZ</arg>
<arg>OM</arg>
<arg>PA</arg>
<arg>PE</arg>
<arg>PF</arg>
<arg>PG</arg>
<arg>PH</arg>
<arg>PK</arg>
<arg>PL</arg>
<arg>PM</arg>
<arg>PN</arg>
<arg>PR</arg>
<arg>PS</arg>
<arg>PT</arg>
<arg>PW</arg>
<arg>PY</arg>
<arg>QA</arg>
<arg>RE</arg>
<arg>RO</arg>
<arg>RS</arg>
<arg>RU</arg>
<arg>RW</arg>
<arg>SA</arg>
<arg>SB</arg>
<arg>SC</arg>
<arg>SD</arg>
<arg>SE</arg>
<arg>SG</arg>
<arg>SH</arg>
<arg>SI</arg>
<arg>SJ</arg>
<arg>SK</arg>
<arg>SL</arg>
<arg>SM</arg>
<arg>SN</arg>
<arg>SO</arg>
<arg>SR</arg>
<arg>SS</arg>
<arg>ST</arg>
<arg>SV</arg>
<arg>SX</arg>
<arg>SY</arg>
<arg>SZ</arg>
<arg>TC</arg>
<arg>TD</arg>
<arg>TF</arg>
<arg>TG</arg>
<arg>TH</arg>
<arg>TJ</arg>
<arg>TK</arg>
<arg>TL</arg>
<arg>TM</arg>
<arg>TN</arg>
<arg>TO</arg>
<arg>TR</arg>
<arg>TT</arg>
<arg>TV</arg>
<arg>TW</arg>
<arg>TZ</arg>
<arg>UA</arg>
<arg>UG</arg>
<arg>UM</arg>
<arg>US</arg>
<arg>UY</arg>
<arg>UZ</arg>
<arg>VA</arg>
<arg>VC</arg>
<arg>VE</arg>
<arg>VG</arg>
<arg>VI</arg>
<arg>VN</arg>
<arg>VU</arg>
<arg>WF</arg>
<arg>WS</arg>
<arg>XK</arg>
<arg>YE</arg>
<arg>YT</arg>
<arg>ZA</arg>
<arg>ZM</arg>
<arg>ZW</arg>
<doc>Returns a list containing given items.</doc>
<status status="PASS" start="2024-07-27T23:16:19.998478" elapsed="0.000614"/>
</kw>
<kw name="List Should Contain Value" owner="Collections">
<arg>${list_country}</arg>
<arg>${name_country}</arg>
<doc>Fails if the ``value`` is not found from ``list``.</doc>
<status status="PASS" start="2024-07-27T23:16:20.000017" elapsed="0.000208"/>
</kw>
<kw name="Run Keyword If" owner="BuiltIn">
<kw name="Should Be True" owner="BuiltIn">
<arg>${True}</arg>
<doc>Fails if the given condition is not true.</doc>
<status status="PASS" start="2024-07-27T23:16:20.001158" elapsed="0.000140"/>
</kw>
<arg>${json_data["results"][0]["location"]["coordinates"]["latitude"]} &gt;= -90 and ${json_data["results"][0]["location"]["coordinates"]["latitude"]} &lt;= 90</arg>
<arg>Should Be True</arg>
<arg>${True}</arg>
<doc>Runs the given keyword with the given arguments, if ``condition`` is true.</doc>
<status status="PASS" start="2024-07-27T23:16:20.000423" elapsed="0.000999"/>
</kw>
<kw name="Run Keyword If" owner="BuiltIn">
<kw name="Should Be True" owner="BuiltIn">
<arg>${True}</arg>
<doc>Fails if the given condition is not true.</doc>
<status status="PASS" start="2024-07-27T23:16:20.002313" elapsed="0.000134"/>
</kw>
<arg>${json_data["results"][0]["location"]["coordinates"]["longitude"]} &gt;= -180 and ${json_data["results"][0]["location"]["coordinates"]["longitude"]} &lt;= 180</arg>
<arg>Should Be True</arg>
<arg>${True}</arg>
<doc>Runs the given keyword with the given arguments, if ``condition`` is true.</doc>
<status status="PASS" start="2024-07-27T23:16:20.001604" elapsed="0.000966"/>
</kw>
<status status="PASS" start="2024-07-27T23:16:19.900236" elapsed="0.102460"/>
</kw>
<doc>Testa o conteúdo específico dos campos retornados pela API.</doc>
<tag>testeConteudo</tag>
<status status="PASS" start="2024-07-27T23:16:19.899564" elapsed="0.103274"/>
</test>
<status status="PASS" start="2024-07-27T23:16:18.946040" elapsed="1.058635"/>
</suite>
<status status="PASS" start="2024-07-27T23:16:18.931728" elapsed="1.077923"/>
</suite>
<statistics>
<total>
<stat pass="5" fail="0" skip="0">All Tests</stat>
</total>
<tag>
<stat pass="1" fail="0" skip="0">testeConteudo</stat>
<stat pass="1" fail="0" skip="0">testeEstruturaResposta</stat>
<stat pass="1" fail="0" skip="0">testeRequisicaoBasica</stat>
<stat pass="1" fail="0" skip="0">testeTiposDados</stat>
</tag>
<suite>
<stat pass="5" fail="0" skip="0" id="s1" name="Tests">Tests</stat>
<stat pass="5" fail="0" skip="0" id="s1-s1" name="Random-User-Test">Tests.Random-User-Test</stat>
</suite>
</statistics>
<errors>
</errors>
</robot>
