<?xml version="1.0" encoding="UTF-8"?>
<robot generator="Robot 7.0.1 (Python 3.12.4 on linux)" generated="2024-07-26T04:18:43.694964" rpa="false" schemaversion="5">
<suite id="s1" name="Tests" source="/home/runner/work/ApiRandomUser/ApiRandomUser/RamdonUser/tests">
<suite id="s1-s1" name="Random-User-Test" source="/home/runner/work/ApiRandomUser/ApiRandomUser/RamdonUser/tests/random-user-test.robot">
<test id="s1-s1-t1" name="Conectar" line="13">
<kw name="Conectar API" owner="random-user-service">
<kw name="Create Session" owner="RequestsLibrary">
<msg time="2024-07-26T04:18:44.119211" level="INFO">Creating Session using : alias=consultarAPI, url=https://randomuser.me/, headers={},                     cookies={}, auth=None, timeout=None, proxies=None, verify=False,                     debug=0 </msg>
<arg>consultarAPI</arg>
<arg>${URL}</arg>
<doc>Create Session: create a HTTP session to a server</doc>
<status status="PASS" start="2024-07-26T04:18:44.119012" elapsed="0.000376"/>
</kw>
<status status="PASS" start="2024-07-26T04:18:44.117968" elapsed="0.001809"/>
</kw>
<status status="PASS" start="2024-07-26T04:18:44.117440" elapsed="0.002528"/>
</test>
<test id="s1-s1-t2" name="Validar retorno 200 e JSON Válido" line="16">
<kw name="Teste de Requisicao Basica" owner="random-user-service">
<kw name="GET On Session" owner="RequestsLibrary">
<msg time="2024-07-26T04:18:44.248863" level="INFO">GET Request : url=https://randomuser.me/api 
 path_url=/api 
 headers={'User-Agent': 'python-requests/2.32.3', 'Accept-Encoding': 'gzip, deflate', 'Accept': '*/*', 'Connection': 'keep-alive'} 
 body=None 
 </msg>
<msg time="2024-07-26T04:18:44.248988" level="INFO">GET Response : url=https://randomuser.me/api 
 status=200, reason=OK 
 headers={'Date': 'Fri, 26 Jul 2024 04:18:44 GMT', 'Content-Type': 'application/json; charset=utf-8', 'Transfer-Encoding': 'chunked', 'Connection': 'keep-alive', 'X-Powered-By': 'Express', 'Access-Control-Allow-Origin': '*', 'Cache-Control': 'no-cache', 'ETag': 'W/"476-ohwiq6uYQZA5JzXI22SloF8oEzs"', 'Vary': 'Accept-Encoding', 'Content-Encoding': 'gzip', 'CF-Cache-Status': 'DYNAMIC', 'Report-To': '{"endpoints":[{"url":"https:\\/\\/a.nel.cloudflare.com\\/report\\/v4?s=moN09Ef11n2PC7wr9tdxjAhnztDDXmO0H0jmjamAkUUFa6vFMVz%2BH1umqyhA647o4R5RLD70wk0njAeMa8c%2FG8OG4QTNSFin82VUfu5LLSbIrL1XhOQ7RasyFwXN5Mx%2B"}],"group":"cf-nel","max_age":604800}', 'NEL': '{"success_fraction":0,"report_to":"cf-nel","max_age":604800}', 'Server': 'cloudflare', 'CF-RAY': '8a919661eeb7237a-SJC', 'alt-svc': 'h3=":443"; ma=86400'} 
 body={"results":[{"gender":"female","name":{"title":"Mrs","first":"Esma","last":"Adıvar"},"location":{"street":{"number":6408,"name":"Talak Göktepe Cd"},"city":"Mersin","state":"Bitlis","country":"Turkey","postcode":25534,"coordinates":{"latitude":"67.9557","longitude":"112.0943"},"timezone":{"offset":"+9:30","description":"Adelaide, Darwin"}},"email":"esma.adivar@example.com","login":{"uuid":"505ea462-2d9c-4128-9803-b9d9d81ffc15","username":"blueostrich607","password":"987987","salt":"3LUfjFgF","md5":"e748e95bc7b216353837246754d77fd7","sha1":"fe4a2bc37d51aae4ff1f0e98abaf15c700db222b","sha256":"0709dbd8873e39b2625de600f81244a501b518e724d8b98b0073cf2684f23296"},"dob":{"date":"1993-12-19T12:03:25.993Z","age":30},"registered":{"date":"2014-08-21T15:25:03.838Z","age":9},"phone":"(509)-970-3802","cell":"(090)-114-9445","id":{"name":"","value":null},"picture":{"large":"https://randomuser.me/api/portraits/women/83.jpg","medium":"https://randomuser.me/api/portraits/med/women/83.jpg","thumbnail":"https://randomuser.me/api/portraits/thumb/women/83.jpg"},"nat":"TR"}],"info":{"seed":"025d530009b5abd3","results":1,"page":1,"version":"1.4"}} 
 </msg>
<msg time="2024-07-26T04:18:44.249064" level="INFO">/opt/hostedtoolcache/Python/3.12.4/x64/lib/python3.12/site-packages/urllib3/connectionpool.py:1099: InsecureRequestWarning: Unverified HTTPS request is being made to host 'randomuser.me'. Adding certificate verification is strongly advised. See: https://urllib3.readthedocs.io/en/latest/advanced-usage.html#tls-warnings
  warnings.warn(</msg>
<msg time="2024-07-26T04:18:44.249203" level="INFO">${response} = &lt;Response [200]&gt;</msg>
<var>${response}</var>
<arg>consultarAPI</arg>
<arg>/api</arg>
<doc>Sends a GET request on a previously created HTTP Session.</doc>
<status status="PASS" start="2024-07-26T04:18:44.122501" elapsed="0.126746"/>
</kw>
<kw name="Should Be Equal As Numbers" owner="BuiltIn">
<msg time="2024-07-26T04:18:44.250130" level="INFO">Argument types are:
&lt;class 'int'&gt;
&lt;class 'str'&gt;</msg>
<arg>${response.status_code}</arg>
<arg>200</arg>
<doc>Fails if objects are unequal after converting them to real numbers.</doc>
<status status="PASS" start="2024-07-26T04:18:44.249698" elapsed="0.000500"/>
</kw>
<kw name="Log" owner="BuiltIn">
<msg time="2024-07-26T04:18:44.250855" level="INFO">200</msg>
<arg>${response.status_code}</arg>
<doc>Logs the given message with the given level.</doc>
<status status="PASS" start="2024-07-26T04:18:44.250511" elapsed="0.000385"/>
</kw>
<kw name="Set Variable" owner="BuiltIn">
<msg time="2024-07-26T04:18:44.251702" level="INFO">${json_data} = {'results': [{'gender': 'female', 'name': {'title': 'Mrs', 'first': 'Esma', 'last': 'Adıvar'}, 'location': {'street': {'number': 6408, 'name': 'Talak Göktepe Cd'}, 'city': 'Mersin', 'state': 'Bitlis',...</msg>
<var>${json_data}</var>
<arg>${response.json()}</arg>
<doc>Returns the given values which can then be assigned to a variables.</doc>
<status status="PASS" start="2024-07-26T04:18:44.251198" elapsed="0.000537"/>
</kw>
<kw name="Dictionary Should Contain Key" owner="Collections">
<arg>${json_data}</arg>
<arg>results</arg>
<doc>Fails if ``key`` is not found from ``dictionary``.</doc>
<status status="PASS" start="2024-07-26T04:18:44.252042" elapsed="0.000305"/>
</kw>
<status status="PASS" start="2024-07-26T04:18:44.122261" elapsed="0.130237"/>
</kw>
<doc>Testa se a API responde corretamente e retorna um objeto JSON válido.</doc>
<tag>testeRequisicaoBasica</tag>
<status status="PASS" start="2024-07-26T04:18:44.121801" elapsed="0.130864"/>
</test>
<test id="s1-s1-t3" name="Validar estrutura de resposta" line="22">
<kw name="Teste de Estrutura de Resposta" owner="random-user-service">
<kw name="GET On Session" owner="RequestsLibrary">
<msg time="2024-07-26T04:18:44.354323" level="INFO">GET Request : url=https://randomuser.me/api 
 path_url=/api 
 headers={'User-Agent': 'python-requests/2.32.3', 'Accept-Encoding': 'gzip, deflate', 'Accept': '*/*', 'Connection': 'keep-alive'} 
 body=None 
 </msg>
<msg time="2024-07-26T04:18:44.354425" level="INFO">GET Response : url=https://randomuser.me/api 
 status=200, reason=OK 
 headers={'Date': 'Fri, 26 Jul 2024 04:18:44 GMT', 'Content-Type': 'application/json; charset=utf-8', 'Transfer-Encoding': 'chunked', 'Connection': 'keep-alive', 'X-Powered-By': 'Express', 'Access-Control-Allow-Origin': '*', 'Cache-Control': 'no-cache', 'ETag': 'W/"49a-xQbuWJ31l8w7Hd123TtS+IVmJ3s"', 'Vary': 'Accept-Encoding', 'Content-Encoding': 'gzip', 'CF-Cache-Status': 'DYNAMIC', 'Report-To': '{"endpoints":[{"url":"https:\\/\\/a.nel.cloudflare.com\\/report\\/v4?s=UJ4MwsSr%2BSTu6USZPm51gO%2Fo6ky6mH6GvMVaOy6iQw4%2FL07%2BWudya7oKk90x6ow%2BkXHr%2B%2FBWCW9AUWc5Ow0wSeRexMnOdVnwGOCIERKgdKe%2Bov%2FopLiZT%2BzOzfTdfAmh"}],"group":"cf-nel","max_age":604800}', 'NEL': '{"success_fraction":0,"report_to":"cf-nel","max_age":604800}', 'Server': 'cloudflare', 'CF-RAY': '8a9196629f53237a-SJC', 'alt-svc': 'h3=":443"; ma=86400'} 
 body={"results":[{"gender":"female","name":{"title":"Ms","first":"Brígida","last":"da Paz"},"location":{"street":{"number":7421,"name":"Rua Um"},"city":"Limeira","state":"Santa Catarina","country":"Brazil","postcode":43833,"coordinates":{"latitude":"-76.6501","longitude":"17.3627"},"timezone":{"offset":"+8:00","description":"Beijing, Perth, Singapore, Hong Kong"}},"email":"brigida.dapaz@example.com","login":{"uuid":"14fdbe7e-6bdc-4956-8e1c-0ef57ce0fd7f","username":"smallbird926","password":"alanis","salt":"T1VJvAd6","md5":"be2bf82c9669bf2ca34c520eaf0ce608","sha1":"f8ecee013530835b31125b5efaf17f8d911fe5ca","sha256":"cc9c303cf0f3cc2ea68ccb19d56a8d8b9a7eedb63bf848fdb5efb5bba4b4078a"},"dob":{"date":"1999-10-30T01:56:32.553Z","age":24},"registered":{"date":"2009-03-24T20:40:12.415Z","age":15},"phone":"(78) 0984-9258","cell":"(48) 0063-9529","id":{"name":"CPF","value":"376.917.957-77"},"picture":{"large":"https://randomuser.me/api/portraits/women/45.jpg","medium":"https://randomuser.me/api/portraits/med/women/45.jpg","thumbnail":"https://randomuser.me/api/portraits/thumb/women/45.jpg"},"nat":"BR"}],"info":{"seed":"4997761f54a0a6fd","results":1,"page":1,"version":"1.4"}} 
 </msg>
<msg time="2024-07-26T04:18:44.354562" level="INFO">/opt/hostedtoolcache/Python/3.12.4/x64/lib/python3.12/site-packages/urllib3/connectionpool.py:1099: InsecureRequestWarning: Unverified HTTPS request is being made to host 'randomuser.me'. Adding certificate verification is strongly advised. See: https://urllib3.readthedocs.io/en/latest/advanced-usage.html#tls-warnings
  warnings.warn(</msg>
<msg time="2024-07-26T04:18:44.354728" level="INFO">${response} = &lt;Response [200]&gt;</msg>
<var>${response}</var>
<arg>consultarAPI</arg>
<arg>/api</arg>
<doc>Sends a GET request on a previously created HTTP Session.</doc>
<status status="PASS" start="2024-07-26T04:18:44.255286" elapsed="0.099490"/>
</kw>
<kw name="Set Variable" owner="BuiltIn">
<msg time="2024-07-26T04:18:44.355784" level="INFO">${json_data} = {'results': [{'gender': 'female', 'name': {'title': 'Ms', 'first': 'Brígida', 'last': 'da Paz'}, 'location': {'street': {'number': 7421, 'name': 'Rua Um'}, 'city': 'Limeira', 'state': 'Santa Catarina'...</msg>
<var>${json_data}</var>
<arg>${response.json()}</arg>
<doc>Returns the given values which can then be assigned to a variables.</doc>
<status status="PASS" start="2024-07-26T04:18:44.355243" elapsed="0.000572"/>
</kw>
<kw name="Log" owner="BuiltIn">
<msg time="2024-07-26T04:18:44.356291" level="INFO">{'results': [{'gender': 'female', 'name': {'title': 'Ms', 'first': 'Brígida', 'last': 'da Paz'}, 'location': {'street': {'number': 7421, 'name': 'Rua Um'}, 'city': 'Limeira', 'state': 'Santa Catarina', 'country': 'Brazil', 'postcode': 43833, 'coordinates': {'latitude': '-76.6501', 'longitude': '17.3627'}, 'timezone': {'offset': '+8:00', 'description': 'Beijing, Perth, Singapore, Hong Kong'}}, 'email': 'brigida.dapaz@example.com', 'login': {'uuid': '14fdbe7e-6bdc-4956-8e1c-0ef57ce0fd7f', 'username': 'smallbird926', 'password': 'alanis', 'salt': 'T1VJvAd6', 'md5': 'be2bf82c9669bf2ca34c520eaf0ce608', 'sha1': 'f8ecee013530835b31125b5efaf17f8d911fe5ca', 'sha256': 'cc9c303cf0f3cc2ea68ccb19d56a8d8b9a7eedb63bf848fdb5efb5bba4b4078a'}, 'dob': {'date': '1999-10-30T01:56:32.553Z', 'age': 24}, 'registered': {'date': '2009-03-24T20:40:12.415Z', 'age': 15}, 'phone': '(78) 0984-9258', 'cell': '(48) 0063-9529', 'id': {'name': 'CPF', 'value': '376.917.957-77'}, 'picture': {'large': 'https://randomuser.me/api/portraits/women/45.jpg', 'medium': 'https://randomuser.me/api/portraits/med/women/45.jpg', 'thumbnail': 'https://randomuser.me/api/portraits/thumb/women/45.jpg'}, 'nat': 'BR'}], 'info': {'seed': '4997761f54a0a6fd', 'results': 1, 'page': 1, 'version': '1.4'}}</msg>
<arg>${json_data}</arg>
<doc>Logs the given message with the given level.</doc>
<status status="PASS" start="2024-07-26T04:18:44.356124" elapsed="0.000218"/>
</kw>
<kw name="Dictionary Should Contain Key" owner="Collections">
<arg>${json_data}</arg>
<arg>results</arg>
<doc>Fails if ``key`` is not found from ``dictionary``.</doc>
<status status="PASS" start="2024-07-26T04:18:44.356637" elapsed="0.000169"/>
</kw>
<kw name="Should Not Be Empty" owner="BuiltIn">
<msg time="2024-07-26T04:18:44.357109" level="INFO">Length is 2.</msg>
<arg>${json_data}</arg>
<doc>Verifies that the given item is not empty.</doc>
<status status="PASS" start="2024-07-26T04:18:44.356987" elapsed="0.000158"/>
</kw>
<kw name="Create List" owner="BuiltIn">
<msg time="2024-07-26T04:18:44.357579" level="INFO">${expected_keys} = ['gender', 'name', 'location', 'email', 'login']</msg>
<var>${expected_keys}</var>
<arg>gender</arg>
<arg>name</arg>
<arg>location</arg>
<arg>email</arg>
<arg>login</arg>
<doc>Returns a list containing given items.</doc>
<status status="PASS" start="2024-07-26T04:18:44.357428" elapsed="0.000175"/>
</kw>
<for flavor="IN">
<iter>
<kw name="Dictionary Should Contain Key" owner="Collections">
<arg>${json_data['results'][0]}</arg>
<arg>${key}</arg>
<doc>Fails if ``key`` is not found from ``dictionary``.</doc>
<status status="PASS" start="2024-07-26T04:18:44.358180" elapsed="0.000402"/>
</kw>
<kw name="Log" owner="BuiltIn">
<msg time="2024-07-26T04:18:44.359137" level="INFO">{'gender': 'female', 'name': {'title': 'Ms', 'first': 'Brígida', 'last': 'da Paz'}, 'location': {'street': {'number': 7421, 'name': 'Rua Um'}, 'city': 'Limeira', 'state': 'Santa Catarina', 'country': 'Brazil', 'postcode': 43833, 'coordinates': {'latitude': '-76.6501', 'longitude': '17.3627'}, 'timezone': {'offset': '+8:00', 'description': 'Beijing, Perth, Singapore, Hong Kong'}}, 'email': 'brigida.dapaz@example.com', 'login': {'uuid': '14fdbe7e-6bdc-4956-8e1c-0ef57ce0fd7f', 'username': 'smallbird926', 'password': 'alanis', 'salt': 'T1VJvAd6', 'md5': 'be2bf82c9669bf2ca34c520eaf0ce608', 'sha1': 'f8ecee013530835b31125b5efaf17f8d911fe5ca', 'sha256': 'cc9c303cf0f3cc2ea68ccb19d56a8d8b9a7eedb63bf848fdb5efb5bba4b4078a'}, 'dob': {'date': '1999-10-30T01:56:32.553Z', 'age': 24}, 'registered': {'date': '2009-03-24T20:40:12.415Z', 'age': 15}, 'phone': '(78) 0984-9258', 'cell': '(48) 0063-9529', 'id': {'name': 'CPF', 'value': '376.917.957-77'}, 'picture': {'large': 'https://randomuser.me/api/portraits/women/45.jpg', 'medium': 'https://randomuser.me/api/portraits/med/women/45.jpg', 'thumbnail': 'https://randomuser.me/api/portraits/thumb/women/45.jpg'}, 'nat': 'BR'}</msg>
<arg>${json_data['results'][0]}</arg>
<doc>Logs the given message with the given level.</doc>
<status status="PASS" start="2024-07-26T04:18:44.358774" elapsed="0.000423"/>
</kw>
<kw name="Log" owner="BuiltIn">
<msg time="2024-07-26T04:18:44.359644" level="INFO">gender</msg>
<arg>${key}</arg>
<doc>Logs the given message with the given level.</doc>
<status status="PASS" start="2024-07-26T04:18:44.359495" elapsed="0.000192"/>
</kw>
<var name="${key}">gender</var>
<status status="PASS" start="2024-07-26T04:18:44.358054" elapsed="0.001855"/>
</iter>
<iter>
<kw name="Dictionary Should Contain Key" owner="Collections">
<arg>${json_data['results'][0]}</arg>
<arg>${key}</arg>
<doc>Fails if ``key`` is not found from ``dictionary``.</doc>
<status status="PASS" start="2024-07-26T04:18:44.360204" elapsed="0.000388"/>
</kw>
<kw name="Log" owner="BuiltIn">
<msg time="2024-07-26T04:18:44.361169" level="INFO">{'gender': 'female', 'name': {'title': 'Ms', 'first': 'Brígida', 'last': 'da Paz'}, 'location': {'street': {'number': 7421, 'name': 'Rua Um'}, 'city': 'Limeira', 'state': 'Santa Catarina', 'country': 'Brazil', 'postcode': 43833, 'coordinates': {'latitude': '-76.6501', 'longitude': '17.3627'}, 'timezone': {'offset': '+8:00', 'description': 'Beijing, Perth, Singapore, Hong Kong'}}, 'email': 'brigida.dapaz@example.com', 'login': {'uuid': '14fdbe7e-6bdc-4956-8e1c-0ef57ce0fd7f', 'username': 'smallbird926', 'password': 'alanis', 'salt': 'T1VJvAd6', 'md5': 'be2bf82c9669bf2ca34c520eaf0ce608', 'sha1': 'f8ecee013530835b31125b5efaf17f8d911fe5ca', 'sha256': 'cc9c303cf0f3cc2ea68ccb19d56a8d8b9a7eedb63bf848fdb5efb5bba4b4078a'}, 'dob': {'date': '1999-10-30T01:56:32.553Z', 'age': 24}, 'registered': {'date': '2009-03-24T20:40:12.415Z', 'age': 15}, 'phone': '(78) 0984-9258', 'cell': '(48) 0063-9529', 'id': {'name': 'CPF', 'value': '376.917.957-77'}, 'picture': {'large': 'https://randomuser.me/api/portraits/women/45.jpg', 'medium': 'https://randomuser.me/api/portraits/med/women/45.jpg', 'thumbnail': 'https://randomuser.me/api/portraits/thumb/women/45.jpg'}, 'nat': 'BR'}</msg>
<arg>${json_data['results'][0]}</arg>
<doc>Logs the given message with the given level.</doc>
<status status="PASS" start="2024-07-26T04:18:44.360775" elapsed="0.000444"/>
</kw>
<kw name="Log" owner="BuiltIn">
<msg time="2024-07-26T04:18:44.361645" level="INFO">name</msg>
<arg>${key}</arg>
<doc>Logs the given message with the given level.</doc>
<status status="PASS" start="2024-07-26T04:18:44.361516" elapsed="0.000167"/>
</kw>
<var name="${key}">name</var>
<status status="PASS" start="2024-07-26T04:18:44.360091" elapsed="0.001808"/>
</iter>
<iter>
<kw name="Dictionary Should Contain Key" owner="Collections">
<arg>${json_data['results'][0]}</arg>
<arg>${key}</arg>
<doc>Fails if ``key`` is not found from ``dictionary``.</doc>
<status status="PASS" start="2024-07-26T04:18:44.362182" elapsed="0.000382"/>
</kw>
<kw name="Log" owner="BuiltIn">
<msg time="2024-07-26T04:18:44.363102" level="INFO">{'gender': 'female', 'name': {'title': 'Ms', 'first': 'Brígida', 'last': 'da Paz'}, 'location': {'street': {'number': 7421, 'name': 'Rua Um'}, 'city': 'Limeira', 'state': 'Santa Catarina', 'country': 'Brazil', 'postcode': 43833, 'coordinates': {'latitude': '-76.6501', 'longitude': '17.3627'}, 'timezone': {'offset': '+8:00', 'description': 'Beijing, Perth, Singapore, Hong Kong'}}, 'email': 'brigida.dapaz@example.com', 'login': {'uuid': '14fdbe7e-6bdc-4956-8e1c-0ef57ce0fd7f', 'username': 'smallbird926', 'password': 'alanis', 'salt': 'T1VJvAd6', 'md5': 'be2bf82c9669bf2ca34c520eaf0ce608', 'sha1': 'f8ecee013530835b31125b5efaf17f8d911fe5ca', 'sha256': 'cc9c303cf0f3cc2ea68ccb19d56a8d8b9a7eedb63bf848fdb5efb5bba4b4078a'}, 'dob': {'date': '1999-10-30T01:56:32.553Z', 'age': 24}, 'registered': {'date': '2009-03-24T20:40:12.415Z', 'age': 15}, 'phone': '(78) 0984-9258', 'cell': '(48) 0063-9529', 'id': {'name': 'CPF', 'value': '376.917.957-77'}, 'picture': {'large': 'https://randomuser.me/api/portraits/women/45.jpg', 'medium': 'https://randomuser.me/api/portraits/med/women/45.jpg', 'thumbnail': 'https://randomuser.me/api/portraits/thumb/women/45.jpg'}, 'nat': 'BR'}</msg>
<arg>${json_data['results'][0]}</arg>
<doc>Logs the given message with the given level.</doc>
<status status="PASS" start="2024-07-26T04:18:44.362752" elapsed="0.000399"/>
</kw>
<kw name="Log" owner="BuiltIn">
<msg time="2024-07-26T04:18:44.363576" level="INFO">location</msg>
<arg>${key}</arg>
<doc>Logs the given message with the given level.</doc>
<status status="PASS" start="2024-07-26T04:18:44.363447" elapsed="0.000166"/>
</kw>
<var name="${key}">location</var>
<status status="PASS" start="2024-07-26T04:18:44.362074" elapsed="0.001798"/>
</iter>
<iter>
<kw name="Dictionary Should Contain Key" owner="Collections">
<arg>${json_data['results'][0]}</arg>
<arg>${key}</arg>
<doc>Fails if ``key`` is not found from ``dictionary``.</doc>
<status status="PASS" start="2024-07-26T04:18:44.364162" elapsed="0.000379"/>
</kw>
<kw name="Log" owner="BuiltIn">
<msg time="2024-07-26T04:18:44.365232" level="INFO">{'gender': 'female', 'name': {'title': 'Ms', 'first': 'Brígida', 'last': 'da Paz'}, 'location': {'street': {'number': 7421, 'name': 'Rua Um'}, 'city': 'Limeira', 'state': 'Santa Catarina', 'country': 'Brazil', 'postcode': 43833, 'coordinates': {'latitude': '-76.6501', 'longitude': '17.3627'}, 'timezone': {'offset': '+8:00', 'description': 'Beijing, Perth, Singapore, Hong Kong'}}, 'email': 'brigida.dapaz@example.com', 'login': {'uuid': '14fdbe7e-6bdc-4956-8e1c-0ef57ce0fd7f', 'username': 'smallbird926', 'password': 'alanis', 'salt': 'T1VJvAd6', 'md5': 'be2bf82c9669bf2ca34c520eaf0ce608', 'sha1': 'f8ecee013530835b31125b5efaf17f8d911fe5ca', 'sha256': 'cc9c303cf0f3cc2ea68ccb19d56a8d8b9a7eedb63bf848fdb5efb5bba4b4078a'}, 'dob': {'date': '1999-10-30T01:56:32.553Z', 'age': 24}, 'registered': {'date': '2009-03-24T20:40:12.415Z', 'age': 15}, 'phone': '(78) 0984-9258', 'cell': '(48) 0063-9529', 'id': {'name': 'CPF', 'value': '376.917.957-77'}, 'picture': {'large': 'https://randomuser.me/api/portraits/women/45.jpg', 'medium': 'https://randomuser.me/api/portraits/med/women/45.jpg', 'thumbnail': 'https://randomuser.me/api/portraits/thumb/women/45.jpg'}, 'nat': 'BR'}</msg>
<arg>${json_data['results'][0]}</arg>
<doc>Logs the given message with the given level.</doc>
<status status="PASS" start="2024-07-26T04:18:44.364875" elapsed="0.000407"/>
</kw>
<kw name="Log" owner="BuiltIn">
<msg time="2024-07-26T04:18:44.365735" level="INFO">email</msg>
<arg>${key}</arg>
<doc>Logs the given message with the given level.</doc>
<status status="PASS" start="2024-07-26T04:18:44.365604" elapsed="0.000170"/>
</kw>
<var name="${key}">email</var>
<status status="PASS" start="2024-07-26T04:18:44.364052" elapsed="0.001936"/>
</iter>
<iter>
<kw name="Dictionary Should Contain Key" owner="Collections">
<arg>${json_data['results'][0]}</arg>
<arg>${key}</arg>
<doc>Fails if ``key`` is not found from ``dictionary``.</doc>
<status status="PASS" start="2024-07-26T04:18:44.366267" elapsed="0.000505"/>
</kw>
<kw name="Log" owner="BuiltIn">
<msg time="2024-07-26T04:18:44.367541" level="INFO">{'gender': 'female', 'name': {'title': 'Ms', 'first': 'Brígida', 'last': 'da Paz'}, 'location': {'street': {'number': 7421, 'name': 'Rua Um'}, 'city': 'Limeira', 'state': 'Santa Catarina', 'country': 'Brazil', 'postcode': 43833, 'coordinates': {'latitude': '-76.6501', 'longitude': '17.3627'}, 'timezone': {'offset': '+8:00', 'description': 'Beijing, Perth, Singapore, Hong Kong'}}, 'email': 'brigida.dapaz@example.com', 'login': {'uuid': '14fdbe7e-6bdc-4956-8e1c-0ef57ce0fd7f', 'username': 'smallbird926', 'password': 'alanis', 'salt': 'T1VJvAd6', 'md5': 'be2bf82c9669bf2ca34c520eaf0ce608', 'sha1': 'f8ecee013530835b31125b5efaf17f8d911fe5ca', 'sha256': 'cc9c303cf0f3cc2ea68ccb19d56a8d8b9a7eedb63bf848fdb5efb5bba4b4078a'}, 'dob': {'date': '1999-10-30T01:56:32.553Z', 'age': 24}, 'registered': {'date': '2009-03-24T20:40:12.415Z', 'age': 15}, 'phone': '(78) 0984-9258', 'cell': '(48) 0063-9529', 'id': {'name': 'CPF', 'value': '376.917.957-77'}, 'picture': {'large': 'https://randomuser.me/api/portraits/women/45.jpg', 'medium': 'https://randomuser.me/api/portraits/med/women/45.jpg', 'thumbnail': 'https://randomuser.me/api/portraits/thumb/women/45.jpg'}, 'nat': 'BR'}</msg>
<arg>${json_data['results'][0]}</arg>
<doc>Logs the given message with the given level.</doc>
<status status="PASS" start="2024-07-26T04:18:44.367060" elapsed="0.000545"/>
</kw>
<kw name="Log" owner="BuiltIn">
<msg time="2024-07-26T04:18:44.368225" level="INFO">login</msg>
<arg>${key}</arg>
<doc>Logs the given message with the given level.</doc>
<status status="PASS" start="2024-07-26T04:18:44.368067" elapsed="0.000207"/>
</kw>
<var name="${key}">login</var>
<status status="PASS" start="2024-07-26T04:18:44.366159" elapsed="0.002384"/>
</iter>
<var>${key}</var>
<value>@{expected_keys}</value>
<status status="PASS" start="2024-07-26T04:18:44.357864" elapsed="0.010836"/>
</for>
<kw name="Create List" owner="BuiltIn">
<msg time="2024-07-26T04:18:44.369160" level="INFO">${expected_keysTwo} = ['username', 'password']</msg>
<var>${expected_keysTwo}</var>
<arg>username</arg>
<arg>password</arg>
<doc>Returns a list containing given items.</doc>
<status status="PASS" start="2024-07-26T04:18:44.368951" elapsed="0.000242"/>
</kw>
<for flavor="IN">
<iter>
<kw name="Dictionary Should Contain Key" owner="Collections">
<arg>${json_data['results'][0]['login']}</arg>
<arg>${keyTwo}</arg>
<doc>Fails if ``key`` is not found from ``dictionary``.</doc>
<status status="PASS" start="2024-07-26T04:18:44.369778" elapsed="0.000393"/>
</kw>
<kw name="Dictionary Should Contain Key" owner="Collections">
<arg>${json_data['results'][0]['login']}</arg>
<arg>${keyTwo}</arg>
<doc>Fails if ``key`` is not found from ``dictionary``.</doc>
<status status="PASS" start="2024-07-26T04:18:44.370355" elapsed="0.000375"/>
</kw>
<kw name="Log" owner="BuiltIn">
<msg time="2024-07-26T04:18:44.371028" level="INFO">username</msg>
<arg>${keyTwo}</arg>
<doc>Logs the given message with the given level.</doc>
<status status="PASS" start="2024-07-26T04:18:44.370908" elapsed="0.000158"/>
</kw>
<var name="${keyTwo}">username</var>
<status status="PASS" start="2024-07-26T04:18:44.369667" elapsed="0.001621"/>
</iter>
<iter>
<kw name="Dictionary Should Contain Key" owner="Collections">
<arg>${json_data['results'][0]['login']}</arg>
<arg>${keyTwo}</arg>
<doc>Fails if ``key`` is not found from ``dictionary``.</doc>
<status status="PASS" start="2024-07-26T04:18:44.371574" elapsed="0.000420"/>
</kw>
<kw name="Dictionary Should Contain Key" owner="Collections">
<arg>${json_data['results'][0]['login']}</arg>
<arg>${keyTwo}</arg>
<doc>Fails if ``key`` is not found from ``dictionary``.</doc>
<status status="PASS" start="2024-07-26T04:18:44.372173" elapsed="0.000369"/>
</kw>
<kw name="Log" owner="BuiltIn">
<msg time="2024-07-26T04:18:44.372842" level="INFO">password</msg>
<arg>${keyTwo}</arg>
<doc>Logs the given message with the given level.</doc>
<status status="PASS" start="2024-07-26T04:18:44.372717" elapsed="0.000164"/>
</kw>
<var name="${keyTwo}">password</var>
<status status="PASS" start="2024-07-26T04:18:44.371461" elapsed="0.001642"/>
</iter>
<var>${keyTwo}</var>
<value>@{expected_keysTwo}</value>
<status status="PASS" start="2024-07-26T04:18:44.369487" elapsed="0.003736"/>
</for>
<status status="PASS" start="2024-07-26T04:18:44.255056" elapsed="0.118306"/>
</kw>
<doc>Testa a estrutura da resposta da API.</doc>
<tag>testeEstruturaResposta</tag>
<status status="PASS" start="2024-07-26T04:18:44.254494" elapsed="0.119024"/>
</test>
<test id="s1-s1-t4" name="Validar tipos de dados" line="28">
<kw name="Teste de Tipos de Dados" owner="random-user-service">
<kw name="GET On Session" owner="RequestsLibrary">
<msg time="2024-07-26T04:18:44.468894" level="INFO">GET Request : url=https://randomuser.me/api 
 path_url=/api 
 headers={'User-Agent': 'python-requests/2.32.3', 'Accept-Encoding': 'gzip, deflate', 'Accept': '*/*', 'Connection': 'keep-alive'} 
 body=None 
 </msg>
<msg time="2024-07-26T04:18:44.468982" level="INFO">GET Response : url=https://randomuser.me/api 
 status=200, reason=OK 
 headers={'Date': 'Fri, 26 Jul 2024 04:18:44 GMT', 'Content-Type': 'application/json; charset=utf-8', 'Transfer-Encoding': 'chunked', 'Connection': 'keep-alive', 'X-Powered-By': 'Express', 'Access-Control-Allow-Origin': '*', 'Cache-Control': 'no-cache', 'ETag': 'W/"47b-4YrLK3zOE/kRudIpO/mXzNa0rwE"', 'Vary': 'Accept-Encoding', 'Content-Encoding': 'gzip', 'CF-Cache-Status': 'DYNAMIC', 'Report-To': '{"endpoints":[{"url":"https:\\/\\/a.nel.cloudflare.com\\/report\\/v4?s=n3p%2FXVZ8HAg7y6iXOJzYITrB27%2BrEHHFjTYDVYXCpXjTtzjD8BLPj3KYj%2FiGUM0nozIJ5RdxjZ4l9WxuUQCoPzUQmWRnM8nQJAk%2FciQHawRFvQx2HSHvwsc%2BRRUigAKo"}],"group":"cf-nel","max_age":604800}', 'NEL': '{"success_fraction":0,"report_to":"cf-nel","max_age":604800}', 'Server': 'cloudflare', 'CF-RAY': '8a9196635fff237a-SJC', 'alt-svc': 'h3=":443"; ma=86400'} 
 body={"results":[{"gender":"male","name":{"title":"Mr","first":"Aleksije","last":"Tomašević"},"location":{"street":{"number":523,"name":"Slobodana Aligrudića"},"city":"Arilje","state":"Pčinja","country":"Serbia","postcode":61340,"coordinates":{"latitude":"62.7120","longitude":"-143.2023"},"timezone":{"offset":"+3:30","description":"Tehran"}},"email":"aleksije.tomasevic@example.com","login":{"uuid":"0d90c0a9-2e9b-454e-b462-da9b6801804f","username":"happycat833","password":"deanna","salt":"i5KStr4B","md5":"b34e9abbcff847eed090e3ace874cf54","sha1":"06897af74a9e6f7730d83b39421713f5c43ab1e3","sha256":"93f37dc243cb5d1f4f5bff18a08dfc5d6c1cd8594e81325348bbcaaa1589cd98"},"dob":{"date":"1980-04-17T05:50:41.636Z","age":44},"registered":{"date":"2014-05-21T12:40:14.541Z","age":10},"phone":"025-0150-393","cell":"067-8360-828","id":{"name":"SID","value":"411080383"},"picture":{"large":"https://randomuser.me/api/portraits/men/72.jpg","medium":"https://randomuser.me/api/portraits/med/men/72.jpg","thumbnail":"https://randomuser.me/api/portraits/thumb/men/72.jpg"},"nat":"RS"}],"info":{"seed":"0d05aa48cbf88133","results":1,"page":1,"version":"1.4"}} 
 </msg>
<msg time="2024-07-26T04:18:44.469059" level="INFO">/opt/hostedtoolcache/Python/3.12.4/x64/lib/python3.12/site-packages/urllib3/connectionpool.py:1099: InsecureRequestWarning: Unverified HTTPS request is being made to host 'randomuser.me'. Adding certificate verification is strongly advised. See: https://urllib3.readthedocs.io/en/latest/advanced-usage.html#tls-warnings
  warnings.warn(</msg>
<msg time="2024-07-26T04:18:44.469176" level="INFO">${response} = &lt;Response [200]&gt;</msg>
<var>${response}</var>
<arg>consultarAPI</arg>
<arg>/api</arg>
<doc>Sends a GET request on a previously created HTTP Session.</doc>
<status status="PASS" start="2024-07-26T04:18:44.375989" elapsed="0.093230"/>
</kw>
<kw name="Set Variable" owner="BuiltIn">
<msg time="2024-07-26T04:18:44.470144" level="INFO">${json_data} = {'results': [{'gender': 'male', 'name': {'title': 'Mr', 'first': 'Aleksije', 'last': 'Tomašević'}, 'location': {'street': {'number': 523, 'name': 'Slobodana Aligrudića'}, 'city': 'Arilje', 'state': 'P...</msg>
<var>${json_data}</var>
<arg>${response.json()}</arg>
<doc>Returns the given values which can then be assigned to a variables.</doc>
<status status="PASS" start="2024-07-26T04:18:44.469640" elapsed="0.000535"/>
</kw>
<kw name="Log" owner="BuiltIn">
<msg time="2024-07-26T04:18:44.470645" level="INFO">{'results': [{'gender': 'male', 'name': {'title': 'Mr', 'first': 'Aleksije', 'last': 'Tomašević'}, 'location': {'street': {'number': 523, 'name': 'Slobodana Aligrudića'}, 'city': 'Arilje', 'state': 'Pčinja', 'country': 'Serbia', 'postcode': 61340, 'coordinates': {'latitude': '62.7120', 'longitude': '-143.2023'}, 'timezone': {'offset': '+3:30', 'description': 'Tehran'}}, 'email': 'aleksije.tomasevic@example.com', 'login': {'uuid': '0d90c0a9-2e9b-454e-b462-da9b6801804f', 'username': 'happycat833', 'password': 'deanna', 'salt': 'i5KStr4B', 'md5': 'b34e9abbcff847eed090e3ace874cf54', 'sha1': '06897af74a9e6f7730d83b39421713f5c43ab1e3', 'sha256': '93f37dc243cb5d1f4f5bff18a08dfc5d6c1cd8594e81325348bbcaaa1589cd98'}, 'dob': {'date': '1980-04-17T05:50:41.636Z', 'age': 44}, 'registered': {'date': '2014-05-21T12:40:14.541Z', 'age': 10}, 'phone': '025-0150-393', 'cell': '067-8360-828', 'id': {'name': 'SID', 'value': '411080383'}, 'picture': {'large': 'https://randomuser.me/api/portraits/men/72.jpg', 'medium': 'https://randomuser.me/api/portraits/med/men/72.jpg', 'thumbnail': 'https://randomuser.me/api/portraits/thumb/men/72.jpg'}, 'nat': 'RS'}], 'info': {'seed': '0d05aa48cbf88133', 'results': 1, 'page': 1, 'version': '1.4'}}</msg>
<arg>${json_data}</arg>
<doc>Logs the given message with the given level.</doc>
<status status="PASS" start="2024-07-26T04:18:44.470483" elapsed="0.000213"/>
</kw>
<kw name="Should Be String" owner="String">
<arg>${json_data['results'][0]['gender']}</arg>
<doc>Fails if the given ``item`` is not a string.</doc>
<status status="PASS" start="2024-07-26T04:18:44.471001" elapsed="0.000371"/>
</kw>
<kw name="Should Match Regexp" owner="BuiltIn">
<arg>${json_data['results'][0]['email']}</arg>
<arg>^[a-zA-Z0-9._%+-]+@[a-zA-Z0-9.-]+\.[a-zA-Z]{2,}$</arg>
<doc>Fails if ``string`` does not match ``pattern`` as a regular expression.</doc>
<status status="PASS" start="2024-07-26T04:18:44.471562" elapsed="0.000613"/>
</kw>
<kw name="Should Match Regexp" owner="BuiltIn">
<arg>${json_data['results'][0]['dob']['date']}</arg>
<arg>\\d{4}-\\d{2}-\\d{2}T\\d{2}:\\d{2}:\\d{2}\\.\\d{3}Z</arg>
<doc>Fails if ``string`` does not match ``pattern`` as a regular expression.</doc>
<status status="PASS" start="2024-07-26T04:18:44.472375" elapsed="0.000619"/>
</kw>
<kw name="Should Match Regexp" owner="BuiltIn">
<arg>${json_data['results'][0]['registered']['date']}</arg>
<arg>\\d{4}-\\d{2}-\\d{2}T\\d{2}:\\d{2}:\\d{2}\\.\\d{3}Z</arg>
<doc>Fails if ``string`` does not match ``pattern`` as a regular expression.</doc>
<status status="PASS" start="2024-07-26T04:18:44.473190" elapsed="0.000371"/>
</kw>
<kw name="Should Match Regexp" owner="BuiltIn">
<arg>${json_data['results'][0]['picture']['large']}</arg>
<arg>^https?://.*\.(?:png|jpe?g|gif|bmp)$</arg>
<doc>Fails if ``string`` does not match ``pattern`` as a regular expression.</doc>
<status status="PASS" start="2024-07-26T04:18:44.473748" elapsed="0.000470"/>
</kw>
<kw name="Should Match Regexp" owner="BuiltIn">
<arg>${json_data['results'][0]['picture']['medium']}</arg>
<arg>^https?://.*\.(?:png|jpe?g|gif|bmp)$</arg>
<doc>Fails if ``string`` does not match ``pattern`` as a regular expression.</doc>
<status status="PASS" start="2024-07-26T04:18:44.474408" elapsed="0.000358"/>
</kw>
<kw name="Should Match Regexp" owner="BuiltIn">
<arg>${json_data['results'][0]['picture']['thumbnail']}</arg>
<arg>^https?://.*\.(?:png|jpe?g|gif|bmp)$</arg>
<doc>Fails if ``string`` does not match ``pattern`` as a regular expression.</doc>
<status status="PASS" start="2024-07-26T04:18:44.474950" elapsed="0.000352"/>
</kw>
<kw name="Log" owner="BuiltIn">
<msg time="2024-07-26T04:18:44.475843" level="INFO">{'large': 'https://randomuser.me/api/portraits/men/72.jpg', 'medium': 'https://randomuser.me/api/portraits/med/men/72.jpg', 'thumbnail': 'https://randomuser.me/api/portraits/thumb/men/72.jpg'}</msg>
<arg>${json_data['results'][0]['picture']}</arg>
<doc>Logs the given message with the given level.</doc>
<status status="PASS" start="2024-07-26T04:18:44.475481" elapsed="0.000406"/>
</kw>
<status status="PASS" start="2024-07-26T04:18:44.375763" elapsed="0.100384"/>
</kw>
<kw name="Teste de Tipos de Dados - Postcode" owner="random-user-service">
<kw name="GET On Session" owner="RequestsLibrary">
<msg time="2024-07-26T04:18:44.580759" level="INFO">GET Request : url=https://randomuser.me/api 
 path_url=/api 
 headers={'User-Agent': 'python-requests/2.32.3', 'Accept-Encoding': 'gzip, deflate', 'Accept': '*/*', 'Connection': 'keep-alive'} 
 body=None 
 </msg>
<msg time="2024-07-26T04:18:44.580859" level="INFO">GET Response : url=https://randomuser.me/api 
 status=200, reason=OK 
 headers={'Date': 'Fri, 26 Jul 2024 04:18:44 GMT', 'Content-Type': 'application/json; charset=utf-8', 'Transfer-Encoding': 'chunked', 'Connection': 'keep-alive', 'X-Powered-By': 'Express', 'Access-Control-Allow-Origin': '*', 'Cache-Control': 'no-cache', 'ETag': 'W/"4ad-XHsofsuXT1oVoWgjsgg3FCjg1RY"', 'Vary': 'Accept-Encoding', 'Content-Encoding': 'gzip', 'CF-Cache-Status': 'DYNAMIC', 'Report-To': '{"endpoints":[{"url":"https:\\/\\/a.nel.cloudflare.com\\/report\\/v4?s=rWZ%2BkjqdQJY45EnG%2BiP1vP31p7wzxL2bVgI96dIwBdtVTPAVNU2PddQd8lkIZx0oGvj9G8cZtyomFEGIjkuyQN6IA2RsolK%2F89TiLrEaIpJn9TnDboNn00uxZR48X0Ne"}],"group":"cf-nel","max_age":604800}', 'NEL': '{"success_fraction":0,"report_to":"cf-nel","max_age":604800}', 'Server': 'cloudflare', 'CF-RAY': '8a919663f885237a-SJC', 'alt-svc': 'h3=":443"; ma=86400'} 
 body={"results":[{"gender":"female","name":{"title":"Miss","first":"Emmi","last":"Wainio"},"location":{"street":{"number":2441,"name":"Pispalan Valtatie"},"city":"Nousiainen","state":"Päijät-Häme","country":"Finland","postcode":11804,"coordinates":{"latitude":"-25.6014","longitude":"140.7220"},"timezone":{"offset":"-5:00","description":"Eastern Time (US &amp; Canada), Bogota, Lima"}},"email":"emmi.wainio@example.com","login":{"uuid":"4f143999-067b-4108-b1b0-7a7ba46c0c16","username":"beautifulkoala672","password":"rebelz","salt":"yBShaHTf","md5":"be47cadea6f761e635b33e96d788b2f8","sha1":"1f280f7322a5b7017e43c3bf22fd22302f49373e","sha256":"7998937b386a0a7d0227d065093e4a5165ef5663c2d0efc77795573671cd2287"},"dob":{"date":"1971-05-17T09:18:02.628Z","age":53},"registered":{"date":"2016-10-13T23:24:58.037Z","age":7},"phone":"04-370-703","cell":"049-231-90-52","id":{"name":"HETU","value":"NaNNA744undefined"},"picture":{"large":"https://randomuser.me/api/portraits/women/64.jpg","medium":"https://randomuser.me/api/portraits/med/women/64.jpg","thumbnail":"https://randomuser.me/api/portraits/thumb/women/64.jpg"},"nat":"FI"}],"info":{"seed":"4ab42d9ba5d509f7","results":1,"page":1,"version":"1.4"}} 
 </msg>
<msg time="2024-07-26T04:18:44.580938" level="INFO">/opt/hostedtoolcache/Python/3.12.4/x64/lib/python3.12/site-packages/urllib3/connectionpool.py:1099: InsecureRequestWarning: Unverified HTTPS request is being made to host 'randomuser.me'. Adding certificate verification is strongly advised. See: https://urllib3.readthedocs.io/en/latest/advanced-usage.html#tls-warnings
  warnings.warn(</msg>
<msg time="2024-07-26T04:18:44.581087" level="INFO">${response} = &lt;Response [200]&gt;</msg>
<var>${response}</var>
<arg>consultarAPI</arg>
<arg>/api</arg>
<doc>Sends a GET request on a previously created HTTP Session.</doc>
<status status="PASS" start="2024-07-26T04:18:44.476591" elapsed="0.104549"/>
</kw>
<kw name="Set Variable" owner="BuiltIn">
<msg time="2024-07-26T04:18:44.582088" level="INFO">${json_data} = {'results': [{'gender': 'female', 'name': {'title': 'Miss', 'first': 'Emmi', 'last': 'Wainio'}, 'location': {'street': {'number': 2441, 'name': 'Pispalan Valtatie'}, 'city': 'Nousiainen', 'state': 'Pä...</msg>
<var>${json_data}</var>
<arg>${response.json()}</arg>
<doc>Returns the given values which can then be assigned to a variables.</doc>
<status status="PASS" start="2024-07-26T04:18:44.581591" elapsed="0.000527"/>
</kw>
<kw name="Log" owner="BuiltIn">
<msg time="2024-07-26T04:18:44.582587" level="INFO">{'results': [{'gender': 'female', 'name': {'title': 'Miss', 'first': 'Emmi', 'last': 'Wainio'}, 'location': {'street': {'number': 2441, 'name': 'Pispalan Valtatie'}, 'city': 'Nousiainen', 'state': 'Päijät-Häme', 'country': 'Finland', 'postcode': 11804, 'coordinates': {'latitude': '-25.6014', 'longitude': '140.7220'}, 'timezone': {'offset': '-5:00', 'description': 'Eastern Time (US &amp; Canada), Bogota, Lima'}}, 'email': 'emmi.wainio@example.com', 'login': {'uuid': '4f143999-067b-4108-b1b0-7a7ba46c0c16', 'username': 'beautifulkoala672', 'password': 'rebelz', 'salt': 'yBShaHTf', 'md5': 'be47cadea6f761e635b33e96d788b2f8', 'sha1': '1f280f7322a5b7017e43c3bf22fd22302f49373e', 'sha256': '7998937b386a0a7d0227d065093e4a5165ef5663c2d0efc77795573671cd2287'}, 'dob': {'date': '1971-05-17T09:18:02.628Z', 'age': 53}, 'registered': {'date': '2016-10-13T23:24:58.037Z', 'age': 7}, 'phone': '04-370-703', 'cell': '049-231-90-52', 'id': {'name': 'HETU', 'value': 'NaNNA744undefined'}, 'picture': {'large': 'https://randomuser.me/api/portraits/women/64.jpg', 'medium': 'https://randomuser.me/api/portraits/med/women/64.jpg', 'thumbnail': 'https://randomuser.me/api/portraits/thumb/women/64.jpg'}, 'nat': 'FI'}], 'info': {'seed': '4ab42d9ba5d509f7', 'results': 1, 'page': 1, 'version': '1.4'}}</msg>
<arg>${json_data}</arg>
<doc>Logs the given message with the given level.</doc>
<status status="PASS" start="2024-07-26T04:18:44.582429" elapsed="0.000207"/>
</kw>
<kw name="Should Be Equal As Numbers" owner="BuiltIn">
<arg>${json_data['results'][0]['location']['postcode']}</arg>
<arg>${json_data['results'][0]['location']['postcode']}</arg>
<doc>Fails if objects are unequal after converting them to real numbers.</doc>
<status status="PASS" start="2024-07-26T04:18:44.582929" elapsed="0.000620"/>
</kw>
<kw name="Log" owner="BuiltIn">
<msg time="2024-07-26T04:18:44.584178" level="INFO">11804</msg>
<arg>${json_data['results'][0]['location']['postcode']}</arg>
<doc>Logs the given message with the given level.</doc>
<status status="PASS" start="2024-07-26T04:18:44.583801" elapsed="0.000417"/>
</kw>
<status status="PASS" start="2024-07-26T04:18:44.476368" elapsed="0.108106"/>
</kw>
<doc>Testa se os tipos de dados na resposta da API estão corretos.</doc>
<tag>testeTiposDados</tag>
<status status="PASS" start="2024-07-26T04:18:44.375288" elapsed="0.209359"/>
</test>
<test id="s1-s1-t5" name="Validar conteudo" line="35">
<kw name="Teste de Tipos de Conteudo" owner="random-user-service">
<kw name="GET On Session" owner="RequestsLibrary">
<msg time="2024-07-26T04:18:44.676066" level="INFO">GET Request : url=https://randomuser.me/api 
 path_url=/api 
 headers={'User-Agent': 'python-requests/2.32.3', 'Accept-Encoding': 'gzip, deflate', 'Accept': '*/*', 'Connection': 'keep-alive'} 
 body=None 
 </msg>
<msg time="2024-07-26T04:18:44.676153" level="INFO">GET Response : url=https://randomuser.me/api 
 status=200, reason=OK 
 headers={'Date': 'Fri, 26 Jul 2024 04:18:44 GMT', 'Content-Type': 'application/json; charset=utf-8', 'Transfer-Encoding': 'chunked', 'Connection': 'keep-alive', 'X-Powered-By': 'Express', 'Access-Control-Allow-Origin': '*', 'Cache-Control': 'no-cache', 'ETag': 'W/"4b1-sk9mE2dhfyKRhSI2lR0xCk6LxI4"', 'Vary': 'Accept-Encoding', 'Content-Encoding': 'gzip', 'CF-Cache-Status': 'DYNAMIC', 'Report-To': '{"endpoints":[{"url":"https:\\/\\/a.nel.cloudflare.com\\/report\\/v4?s=4YnHF0jsZvo3r1e7llfXHDvVLZPSGVggeASNT0YolhuTdefxiIU3OimsPTxK74YEipbFj6r8o2sELfqpDIdnAaG%2BiCs6GilxC3vKShkT8CyFDzi5rDRKO786rYGw8c%2Be"}],"group":"cf-nel","max_age":604800}', 'NEL': '{"success_fraction":0,"report_to":"cf-nel","max_age":604800}', 'Server': 'cloudflare', 'CF-RAY': '8a919664a926237a-SJC', 'alt-svc': 'h3=":443"; ma=86400'} 
 body={"results":[{"gender":"female","name":{"title":"Ms","first":"Jocelei","last":"Carvalho"},"location":{"street":{"number":5405,"name":"Rua Principal"},"city":"Simões Filho","state":"Piauí","country":"Brazil","postcode":68159,"coordinates":{"latitude":"-74.4182","longitude":"122.7434"},"timezone":{"offset":"0:00","description":"Western Europe Time, London, Lisbon, Casablanca"}},"email":"jocelei.carvalho@example.com","login":{"uuid":"72c788da-afa1-4f5a-b022-f98196f2cfac","username":"blackzebra634","password":"billybob","salt":"0Pe9uPob","md5":"0ee26a5da71b5b7db78e3ebdfcffb0a7","sha1":"c07fbfa4ab263e84260db2e36b85ed610ed2dd9c","sha256":"7bc0431400c5810f1a7ae425fdda768922877acdff2cf993485bcb8d9e88e0bc"},"dob":{"date":"1973-08-02T02:54:30.217Z","age":50},"registered":{"date":"2004-02-17T18:09:27.628Z","age":20},"phone":"(39) 1896-8716","cell":"(66) 8362-5308","id":{"name":"CPF","value":"376.552.648-57"},"picture":{"large":"https://randomuser.me/api/portraits/women/59.jpg","medium":"https://randomuser.me/api/portraits/med/women/59.jpg","thumbnail":"https://randomuser.me/api/portraits/thumb/women/59.jpg"},"nat":"BR"}],"info":{"seed":"de17aea99f58be3c","results":1,"page":1,"version":"1.4"}} 
 </msg>
<msg time="2024-07-26T04:18:44.676233" level="INFO">/opt/hostedtoolcache/Python/3.12.4/x64/lib/python3.12/site-packages/urllib3/connectionpool.py:1099: InsecureRequestWarning: Unverified HTTPS request is being made to host 'randomuser.me'. Adding certificate verification is strongly advised. See: https://urllib3.readthedocs.io/en/latest/advanced-usage.html#tls-warnings
  warnings.warn(</msg>
<msg time="2024-07-26T04:18:44.676374" level="INFO">${response} = &lt;Response [200]&gt;</msg>
<var>${response}</var>
<arg>consultarAPI</arg>
<arg>/api</arg>
<doc>Sends a GET request on a previously created HTTP Session.</doc>
<status status="PASS" start="2024-07-26T04:18:44.587099" elapsed="0.089332"/>
</kw>
<kw name="Set Variable" owner="BuiltIn">
<msg time="2024-07-26T04:18:44.677268" level="INFO">${json_data} = {'results': [{'gender': 'female', 'name': {'title': 'Ms', 'first': 'Jocelei', 'last': 'Carvalho'}, 'location': {'street': {'number': 5405, 'name': 'Rua Principal'}, 'city': 'Simões Filho', 'state': 'P...</msg>
<var>${json_data}</var>
<arg>${response.json()}</arg>
<doc>Returns the given values which can then be assigned to a variables.</doc>
<status status="PASS" start="2024-07-26T04:18:44.676801" elapsed="0.000497"/>
</kw>
<kw name="Set Variable" owner="BuiltIn">
<msg time="2024-07-26T04:18:44.677983" level="INFO">${name_title} = Ms</msg>
<var>${name_title}</var>
<arg>${json_data["results"][0]["name"]["title"]}</arg>
<doc>Returns the given values which can then be assigned to a variables.</doc>
<status status="PASS" start="2024-07-26T04:18:44.677604" elapsed="0.000405"/>
</kw>
<kw name="Create List" owner="BuiltIn">
<msg time="2024-07-26T04:18:44.678450" level="INFO">${allowed_titles} = ['Mr', 'Ms', 'Miss', 'Mrs', 'Madame', 'Monsieur']</msg>
<var>${allowed_titles}</var>
<arg>Mr</arg>
<arg>Ms</arg>
<arg>Miss</arg>
<arg>Mrs</arg>
<arg>Madame</arg>
<arg>Monsieur</arg>
<doc>Returns a list containing given items.</doc>
<status status="PASS" start="2024-07-26T04:18:44.678302" elapsed="0.000173"/>
</kw>
<kw name="List Should Contain Value" owner="Collections">
<arg>${allowed_titles}</arg>
<arg>${name_title}</arg>
<doc>Fails if the ``value`` is not found from ``list``.</doc>
<status status="PASS" start="2024-07-26T04:18:44.678775" elapsed="0.000179"/>
</kw>
<kw name="Set Variable" owner="BuiltIn">
<msg time="2024-07-26T04:18:44.679505" level="INFO">${name_country} = BR</msg>
<var>${name_country}</var>
<arg>${json_data["results"][0]["nat"]}</arg>
<doc>Returns the given values which can then be assigned to a variables.</doc>
<status status="PASS" start="2024-07-26T04:18:44.679133" elapsed="0.000399"/>
</kw>
<kw name="Create List" owner="BuiltIn">
<msg time="2024-07-26T04:18:44.680478" level="INFO">${list_country} = ['AD', 'AE', 'AF', 'AG', 'AI', 'AL', 'AM', 'AO', 'AQ', 'AR', 'AS', 'AT', 'AU', 'AW', 'AX', 'AZ', 'BA', 'BB', 'BD', 'BE', 'BF', 'BG', 'BH', 'BI', 'BJ', 'BL', 'BM', 'BN', 'BO', 'BQ', 'BR', 'BS', 'BT', '...</msg>
<var>${list_country}</var>
<arg>AD</arg>
<arg>AE</arg>
<arg>AF</arg>
<arg>AG</arg>
<arg>AI</arg>
<arg>AL</arg>
<arg>AM</arg>
<arg>AO</arg>
<arg>AQ</arg>
<arg>AR</arg>
<arg>AS</arg>
<arg>AT</arg>
<arg>AU</arg>
<arg>AW</arg>
<arg>AX</arg>
<arg>AZ</arg>
<arg>BA</arg>
<arg>BB</arg>
<arg>BD</arg>
<arg>BE</arg>
<arg>BF</arg>
<arg>BG</arg>
<arg>BH</arg>
<arg>BI</arg>
<arg>BJ</arg>
<arg>BL</arg>
<arg>BM</arg>
<arg>BN</arg>
<arg>BO</arg>
<arg>BQ</arg>
<arg>BR</arg>
<arg>BS</arg>
<arg>BT</arg>
<arg>BV</arg>
<arg>BW</arg>
<arg>BY</arg>
<arg>BZ</arg>
<arg>CA</arg>
<arg>CC</arg>
<arg>CD</arg>
<arg>CF</arg>
<arg>CG</arg>
<arg>CH</arg>
<arg>CI</arg>
<arg>CK</arg>
<arg>CL</arg>
<arg>CM</arg>
<arg>CN</arg>
<arg>CO</arg>
<arg>CR</arg>
<arg>CU</arg>
<arg>CV</arg>
<arg>CW</arg>
<arg>CX</arg>
<arg>CY</arg>
<arg>CZ</arg>
<arg>DE</arg>
<arg>DJ</arg>
<arg>DK</arg>
<arg>DM</arg>
<arg>DO</arg>
<arg>DZ</arg>
<arg>EC</arg>
<arg>EE</arg>
<arg>EG</arg>
<arg>EH</arg>
<arg>ER</arg>
<arg>ES</arg>
<arg>ET</arg>
<arg>FI</arg>
<arg>FJ</arg>
<arg>FK</arg>
<arg>FM</arg>
<arg>FO</arg>
<arg>FR</arg>
<arg>GA</arg>
<arg>GB</arg>
<arg>GD</arg>
<arg>GE</arg>
<arg>GF</arg>
<arg>GG</arg>
<arg>GH</arg>
<arg>GI</arg>
<arg>GL</arg>
<arg>GM</arg>
<arg>GN</arg>
<arg>GP</arg>
<arg>GQ</arg>
<arg>GR</arg>
<arg>GS</arg>
<arg>GT</arg>
<arg>GU</arg>
<arg>GW</arg>
<arg>GY</arg>
<arg>HK</arg>
<arg>HM</arg>
<arg>HN</arg>
<arg>HR</arg>
<arg>HT</arg>
<arg>HU</arg>
<arg>ID</arg>
<arg>IE</arg>
<arg>IL</arg>
<arg>IM</arg>
<arg>IN</arg>
<arg>IO</arg>
<arg>IQ</arg>
<arg>IR</arg>
<arg>IS</arg>
<arg>IT</arg>
<arg>JE</arg>
<arg>JM</arg>
<arg>JO</arg>
<arg>JP</arg>
<arg>KE</arg>
<arg>KG</arg>
<arg>KH</arg>
<arg>KI</arg>
<arg>KM</arg>
<arg>KN</arg>
<arg>KP</arg>
<arg>KR</arg>
<arg>KW</arg>
<arg>KY</arg>
<arg>KZ</arg>
<arg>LA</arg>
<arg>LB</arg>
<arg>LC</arg>
<arg>LI</arg>
<arg>LK</arg>
<arg>LR</arg>
<arg>LS</arg>
<arg>LT</arg>
<arg>LU</arg>
<arg>LV</arg>
<arg>LY</arg>
<arg>MA</arg>
<arg>MC</arg>
<arg>MD</arg>
<arg>ME</arg>
<arg>MF</arg>
<arg>MG</arg>
<arg>MH</arg>
<arg>MK</arg>
<arg>ML</arg>
<arg>MM</arg>
<arg>MN</arg>
<arg>MO</arg>
<arg>MP</arg>
<arg>MQ</arg>
<arg>MR</arg>
<arg>MS</arg>
<arg>MT</arg>
<arg>MU</arg>
<arg>MV</arg>
<arg>MW</arg>
<arg>MX</arg>
<arg>MY</arg>
<arg>MZ</arg>
<arg>NA</arg>
<arg>NC</arg>
<arg>NE</arg>
<arg>NF</arg>
<arg>NG</arg>
<arg>NI</arg>
<arg>NL</arg>
<arg>NO</arg>
<arg>NP</arg>
<arg>NR</arg>
<arg>NU</arg>
<arg>NZ</arg>
<arg>OM</arg>
<arg>PA</arg>
<arg>PE</arg>
<arg>PF</arg>
<arg>PG</arg>
<arg>PH</arg>
<arg>PK</arg>
<arg>PL</arg>
<arg>PM</arg>
<arg>PN</arg>
<arg>PR</arg>
<arg>PS</arg>
<arg>PT</arg>
<arg>PW</arg>
<arg>PY</arg>
<arg>QA</arg>
<arg>RE</arg>
<arg>RO</arg>
<arg>RS</arg>
<arg>RU</arg>
<arg>RW</arg>
<arg>SA</arg>
<arg>SB</arg>
<arg>SC</arg>
<arg>SD</arg>
<arg>SE</arg>
<arg>SG</arg>
<arg>SH</arg>
<arg>SI</arg>
<arg>SJ</arg>
<arg>SK</arg>
<arg>SL</arg>
<arg>SM</arg>
<arg>SN</arg>
<arg>SO</arg>
<arg>SR</arg>
<arg>SS</arg>
<arg>ST</arg>
<arg>SV</arg>
<arg>SX</arg>
<arg>SY</arg>
<arg>SZ</arg>
<arg>TC</arg>
<arg>TD</arg>
<arg>TF</arg>
<arg>TG</arg>
<arg>TH</arg>
<arg>TJ</arg>
<arg>TK</arg>
<arg>TL</arg>
<arg>TM</arg>
<arg>TN</arg>
<arg>TO</arg>
<arg>TR</arg>
<arg>TT</arg>
<arg>TV</arg>
<arg>TW</arg>
<arg>TZ</arg>
<arg>UA</arg>
<arg>UG</arg>
<arg>UM</arg>
<arg>US</arg>
<arg>UY</arg>
<arg>UZ</arg>
<arg>VA</arg>
<arg>VC</arg>
<arg>VE</arg>
<arg>VG</arg>
<arg>VI</arg>
<arg>VN</arg>
<arg>VU</arg>
<arg>WF</arg>
<arg>WS</arg>
<arg>XK</arg>
<arg>YE</arg>
<arg>YT</arg>
<arg>ZA</arg>
<arg>ZM</arg>
<arg>ZW</arg>
<doc>Returns a list containing given items.</doc>
<status status="PASS" start="2024-07-26T04:18:44.679863" elapsed="0.000642"/>
</kw>
<kw name="List Should Contain Value" owner="Collections">
<arg>${list_country}</arg>
<arg>${name_country}</arg>
<doc>Fails if the ``value`` is not found from ``list``.</doc>
<status status="PASS" start="2024-07-26T04:18:44.681451" elapsed="0.000210"/>
</kw>
<kw name="Run Keyword If" owner="BuiltIn">
<kw name="Should Be True" owner="BuiltIn">
<arg>${True}</arg>
<doc>Fails if the given condition is not true.</doc>
<status status="PASS" start="2024-07-26T04:18:44.682606" elapsed="0.000142"/>
</kw>
<arg>${json_data["results"][0]["location"]["coordinates"]["latitude"]} &gt;= -90 and ${json_data["results"][0]["location"]["coordinates"]["latitude"]} &lt;= 90</arg>
<arg>Should Be True</arg>
<arg>${True}</arg>
<doc>Runs the given keyword with the given arguments, if ``condition`` is true.</doc>
<status status="PASS" start="2024-07-26T04:18:44.681861" elapsed="0.001013"/>
</kw>
<kw name="Run Keyword If" owner="BuiltIn">
<kw name="Should Be True" owner="BuiltIn">
<arg>${True}</arg>
<doc>Fails if the given condition is not true.</doc>
<status status="PASS" start="2024-07-26T04:18:44.683769" elapsed="0.000139"/>
</kw>
<arg>${json_data["results"][0]["location"]["coordinates"]["longitude"]} &gt;= -180 and ${json_data["results"][0]["location"]["coordinates"]["longitude"]} &lt;= 180</arg>
<arg>Should Be True</arg>
<arg>${True}</arg>
<doc>Runs the given keyword with the given arguments, if ``condition`` is true.</doc>
<status status="PASS" start="2024-07-26T04:18:44.683054" elapsed="0.000979"/>
</kw>
<status status="PASS" start="2024-07-26T04:18:44.586879" elapsed="0.097282"/>
</kw>
<doc>Testa o conteúdo específico dos campos retornados pela API.</doc>
<tag>testeConteudo</tag>
<status status="PASS" start="2024-07-26T04:18:44.586414" elapsed="0.097891"/>
</test>
<status status="PASS" start="2024-07-26T04:18:43.777086" elapsed="0.909093"/>
</suite>
<status status="PASS" start="2024-07-26T04:18:43.762715" elapsed="0.928559"/>
</suite>
<statistics>
<total>
<stat pass="5" fail="0" skip="0">All Tests</stat>
</total>
<tag>
<stat pass="1" fail="0" skip="0">testeConteudo</stat>
<stat pass="1" fail="0" skip="0">testeEstruturaResposta</stat>
<stat pass="1" fail="0" skip="0">testeRequisicaoBasica</stat>
<stat pass="1" fail="0" skip="0">testeTiposDados</stat>
</tag>
<suite>
<stat pass="5" fail="0" skip="0" id="s1" name="Tests">Tests</stat>
<stat pass="5" fail="0" skip="0" id="s1-s1" name="Random-User-Test">Tests.Random-User-Test</stat>
</suite>
</statistics>
<errors>
</errors>
</robot>
