<?xml version="1.0" encoding="UTF-8"?>
<robot generator="Robot 7.0 (Python 3.12.3 on linux)" generated="2024-05-30T09:16:26.976045" rpa="false" schemaversion="5">
<suite id="s1" name="Tests" source="/home/runner/work/ApiRandomUser/ApiRandomUser/RamdonUser/tests">
<suite id="s1-s1" name="Random-User-Test" source="/home/runner/work/ApiRandomUser/ApiRandomUser/RamdonUser/tests/random-user-test.robot">
<test id="s1-s1-t1" name="Conectar" line="13">
<kw name="Conectar API" owner="random-user-service">
<kw name="Create Session" owner="RequestsLibrary">
<msg time="2024-05-30T09:16:27.357382" level="INFO">Creating Session using : alias=consultarAPI, url=https://randomuser.me/, headers={},                     cookies={}, auth=None, timeout=None, proxies=None, verify=False,                     debug=0 </msg>
<arg>consultarAPI</arg>
<arg>${URL}</arg>
<doc>Create Session: create a HTTP session to a server</doc>
<status status="PASS" start="2024-05-30T09:16:27.357180" elapsed="0.000370"/>
</kw>
<status status="PASS" start="2024-05-30T09:16:27.356137" elapsed="0.001776"/>
</kw>
<status status="PASS" start="2024-05-30T09:16:27.355603" elapsed="0.002512"/>
</test>
<test id="s1-s1-t2" name="Validar retorno 200 e JSON Válido" line="16">
<kw name="Teste de Requisicao Basica" owner="random-user-service">
<kw name="GET On Session" owner="RequestsLibrary">
<msg time="2024-05-30T09:16:27.542435" level="INFO">GET Request : url=https://randomuser.me/api 
 path_url=/api 
 headers={'User-Agent': 'python-requests/2.32.3', 'Accept-Encoding': 'gzip, deflate', 'Accept': '*/*', 'Connection': 'keep-alive'} 
 body=None 
 </msg>
<msg time="2024-05-30T09:16:27.542583" level="INFO">GET Response : url=https://randomuser.me/api 
 status=200, reason=OK 
 headers={'Date': 'Thu, 30 May 2024 09:16:27 GMT', 'Content-Type': 'application/json; charset=utf-8', 'Transfer-Encoding': 'chunked', 'Connection': 'keep-alive', 'X-Powered-By': 'Express', 'Access-Control-Allow-Origin': '*', 'Cache-Control': 'no-cache', 'ETag': 'W/"49f-dAj+d4bxQ3sc9VzbqgQMxYolomc"', 'Vary': 'Accept-Encoding', 'Content-Encoding': 'gzip', 'CF-Cache-Status': 'DYNAMIC', 'Report-To': '{"endpoints":[{"url":"https:\\/\\/a.nel.cloudflare.com\\/report\\/v4?s=ah3uYMfo0MQSVydhoFlAM2w9URZniGXmsNP5b3lqYt%2BBmqL7dTUoYnNpHbkCIaMr3VTNm%2FzYKc3CbLHCXzH1Bf7gw8ogMmuT4WTGBF2RdWMX4WgJK4bmpHA83HgAU5zV"}],"group":"cf-nel","max_age":604800}', 'NEL': '{"success_fraction":0,"report_to":"cf-nel","max_age":604800}', 'Server': 'cloudflare', 'CF-RAY': '88bda01f3d5505fb-IAD', 'alt-svc': 'h3=":443"; ma=86400'} 
 body={"results":[{"gender":"female","name":{"title":"Miss","first":"Clarisse","last":"Richard"},"location":{"street":{"number":3740,"name":"Rue Bony"},"city":"Créteil","state":"Aveyron","country":"France","postcode":53074,"coordinates":{"latitude":"-19.0554","longitude":"114.6850"},"timezone":{"offset":"+4:00","description":"Abu Dhabi, Muscat, Baku, Tbilisi"}},"email":"clarisse.richard@example.com","login":{"uuid":"3d095641-7f31-40bf-8ffd-77877298cefb","username":"smallladybug536","password":"zhong","salt":"7nfbU9Y9","md5":"adf0fd2972dbcd24c5580c331f1be45e","sha1":"b44e0005daa02dd8f7e8f29a2243067d46483ea9","sha256":"07afc59e559a529fb8994c069fcb54cc5dae2dcf0e01393e1610679b05412659"},"dob":{"date":"1974-05-10T19:58:33.005Z","age":50},"registered":{"date":"2011-02-26T00:20:33.264Z","age":13},"phone":"01-55-78-97-75","cell":"06-98-94-56-97","id":{"name":"INSEE","value":"2740424414518 18"},"picture":{"large":"https://randomuser.me/api/portraits/women/42.jpg","medium":"https://randomuser.me/api/portraits/med/women/42.jpg","thumbnail":"https://randomuser.me/api/portraits/thumb/women/42.jpg"},"nat":"FR"}],"info":{"seed":"bc89a227b5379171","results":1,"page":1,"version":"1.4"}} 
 </msg>
<msg time="2024-05-30T09:16:27.542682" level="INFO">/opt/hostedtoolcache/Python/3.12.3/x64/lib/python3.12/site-packages/urllib3/connectionpool.py:1103: InsecureRequestWarning: Unverified HTTPS request is being made to host 'randomuser.me'. Adding certificate verification is strongly advised. See: https://urllib3.readthedocs.io/en/latest/advanced-usage.html#tls-warnings
  warnings.warn(</msg>
<msg time="2024-05-30T09:16:27.542871" level="INFO">${response} = &lt;Response [200]&gt;</msg>
<var>${response}</var>
<arg>consultarAPI</arg>
<arg>/api</arg>
<doc>Sends a GET request on a previously created HTTP Session.</doc>
<status status="PASS" start="2024-05-30T09:16:27.360727" elapsed="0.182199"/>
</kw>
<kw name="Should Be Equal As Numbers" owner="BuiltIn">
<msg time="2024-05-30T09:16:27.543778" level="INFO">Argument types are:
&lt;class 'int'&gt;
&lt;class 'str'&gt;</msg>
<arg>${response.status_code}</arg>
<arg>200</arg>
<doc>Fails if objects are unequal after converting them to real numbers.</doc>
<status status="PASS" start="2024-05-30T09:16:27.543354" elapsed="0.000487"/>
</kw>
<kw name="Log" owner="BuiltIn">
<msg time="2024-05-30T09:16:27.544559" level="INFO">200</msg>
<arg>${response.status_code}</arg>
<doc>Logs the given message with the given level.</doc>
<status status="PASS" start="2024-05-30T09:16:27.544203" elapsed="0.000404"/>
</kw>
<kw name="Set Variable" owner="BuiltIn">
<msg time="2024-05-30T09:16:27.545364" level="INFO">${json_data} = {'results': [{'gender': 'female', 'name': {'title': 'Miss', 'first': 'Clarisse', 'last': 'Richard'}, 'location': {'street': {'number': 3740, 'name': 'Rue Bony'}, 'city': 'Créteil', 'state': 'Aveyron',...</msg>
<var>${json_data}</var>
<arg>${response.json()}</arg>
<doc>Returns the given values which can then be assigned to a variables.</doc>
<status status="PASS" start="2024-05-30T09:16:27.544921" elapsed="0.000472"/>
</kw>
<kw name="Dictionary Should Contain Key" owner="Collections">
<msg time="2024-05-30T09:16:27.545870" level="INFO">False</msg>
<arg>${json_data}</arg>
<arg>results</arg>
<doc>Fails if ``key`` is not found from ``dictionary``.</doc>
<status status="PASS" start="2024-05-30T09:16:27.545697" elapsed="0.000352"/>
</kw>
<status status="PASS" start="2024-05-30T09:16:27.360479" elapsed="0.185829"/>
</kw>
<doc>Testa se a API responde corretamente e retorna um objeto JSON válido.</doc>
<tag>testeRequisicaoBasica</tag>
<status status="PASS" start="2024-05-30T09:16:27.360015" elapsed="0.186469"/>
</test>
<test id="s1-s1-t3" name="Validar estrutura de resposta" line="22">
<kw name="Teste de Estrutura de Resposta" owner="random-user-service">
<kw name="GET On Session" owner="RequestsLibrary">
<msg time="2024-05-30T09:16:27.883661" level="INFO">GET Request : url=https://randomuser.me/api 
 path_url=/api 
 headers={'User-Agent': 'python-requests/2.32.3', 'Accept-Encoding': 'gzip, deflate', 'Accept': '*/*', 'Connection': 'keep-alive'} 
 body=None 
 </msg>
<msg time="2024-05-30T09:16:27.883767" level="INFO">GET Response : url=https://randomuser.me/api 
 status=200, reason=OK 
 headers={'Date': 'Thu, 30 May 2024 09:16:27 GMT', 'Content-Type': 'application/json; charset=utf-8', 'Transfer-Encoding': 'chunked', 'Connection': 'keep-alive', 'X-Powered-By': 'Express', 'Access-Control-Allow-Origin': '*', 'Cache-Control': 'no-cache', 'ETag': 'W/"476-WHFOAf9RsRfVfmJNnnkFk5EKlQA"', 'Vary': 'Accept-Encoding', 'Content-Encoding': 'gzip', 'CF-Cache-Status': 'DYNAMIC', 'Report-To': '{"endpoints":[{"url":"https:\\/\\/a.nel.cloudflare.com\\/report\\/v4?s=pQwWPkHmtBVqzb35xAeZWGLH25ubM%2FrJJ0CnvwMLtIkv%2FTniAJfm%2BPEVdNe85RWN7T%2B3hzq19tZHVX8%2BSJcCLnkkj7R8T1gOt25SgEHBbYy8%2FYcTLj%2FdBtxtZ7W4U1p1"}],"group":"cf-nel","max_age":604800}', 'NEL': '{"success_fraction":0,"report_to":"cf-nel","max_age":604800}', 'Server': 'cloudflare', 'CF-RAY': '88bda0203df605fb-IAD', 'alt-svc': 'h3=":443"; ma=86400'} 
 body={"results":[{"gender":"male","name":{"title":"Mr","first":"Jille","last":"Naarden"},"location":{"street":{"number":7576,"name":"Aaldijk"},"city":"Veessen","state":"Noord-Holland","country":"Netherlands","postcode":"0785 UD","coordinates":{"latitude":"35.5269","longitude":"-31.3296"},"timezone":{"offset":"+5:45","description":"Kathmandu"}},"email":"jille.naarden@example.com","login":{"uuid":"77cc0da8-28dd-40b7-8ceb-c91c360bee6b","username":"tinypanda791","password":"scotty","salt":"lF32dREr","md5":"1aecc18ccee9582d5cac6309d3e51e10","sha1":"eb66e4692ca93fceda4abdc66f92d6ebf536174d","sha256":"7822cbde6d105b6f0c68132d104498e735f81be6d272cbd7885902d45bd99a51"},"dob":{"date":"1977-09-10T12:55:17.162Z","age":46},"registered":{"date":"2004-04-29T04:30:16.356Z","age":20},"phone":"(024) 0799470","cell":"(06) 58601952","id":{"name":"BSN","value":"82638660"},"picture":{"large":"https://randomuser.me/api/portraits/men/79.jpg","medium":"https://randomuser.me/api/portraits/med/men/79.jpg","thumbnail":"https://randomuser.me/api/portraits/thumb/men/79.jpg"},"nat":"NL"}],"info":{"seed":"3805a9bec30029c8","results":1,"page":1,"version":"1.4"}} 
 </msg>
<msg time="2024-05-30T09:16:27.883901" level="INFO">/opt/hostedtoolcache/Python/3.12.3/x64/lib/python3.12/site-packages/urllib3/connectionpool.py:1103: InsecureRequestWarning: Unverified HTTPS request is being made to host 'randomuser.me'. Adding certificate verification is strongly advised. See: https://urllib3.readthedocs.io/en/latest/advanced-usage.html#tls-warnings
  warnings.warn(</msg>
<msg time="2024-05-30T09:16:27.884025" level="INFO">${response} = &lt;Response [200]&gt;</msg>
<var>${response}</var>
<arg>consultarAPI</arg>
<arg>/api</arg>
<doc>Sends a GET request on a previously created HTTP Session.</doc>
<status status="PASS" start="2024-05-30T09:16:27.549054" elapsed="0.335011"/>
</kw>
<kw name="Set Variable" owner="BuiltIn">
<msg time="2024-05-30T09:16:27.885125" level="INFO">${json_data} = {'results': [{'gender': 'male', 'name': {'title': 'Mr', 'first': 'Jille', 'last': 'Naarden'}, 'location': {'street': {'number': 7576, 'name': 'Aaldijk'}, 'city': 'Veessen', 'state': 'Noord-Holland', '...</msg>
<var>${json_data}</var>
<arg>${response.json()}</arg>
<doc>Returns the given values which can then be assigned to a variables.</doc>
<status status="PASS" start="2024-05-30T09:16:27.884599" elapsed="0.000555"/>
</kw>
<kw name="Log" owner="BuiltIn">
<msg time="2024-05-30T09:16:27.885625" level="INFO">{'results': [{'gender': 'male', 'name': {'title': 'Mr', 'first': 'Jille', 'last': 'Naarden'}, 'location': {'street': {'number': 7576, 'name': 'Aaldijk'}, 'city': 'Veessen', 'state': 'Noord-Holland', 'country': 'Netherlands', 'postcode': '0785 UD', 'coordinates': {'latitude': '35.5269', 'longitude': '-31.3296'}, 'timezone': {'offset': '+5:45', 'description': 'Kathmandu'}}, 'email': 'jille.naarden@example.com', 'login': {'uuid': '77cc0da8-28dd-40b7-8ceb-c91c360bee6b', 'username': 'tinypanda791', 'password': 'scotty', 'salt': 'lF32dREr', 'md5': '1aecc18ccee9582d5cac6309d3e51e10', 'sha1': 'eb66e4692ca93fceda4abdc66f92d6ebf536174d', 'sha256': '7822cbde6d105b6f0c68132d104498e735f81be6d272cbd7885902d45bd99a51'}, 'dob': {'date': '1977-09-10T12:55:17.162Z', 'age': 46}, 'registered': {'date': '2004-04-29T04:30:16.356Z', 'age': 20}, 'phone': '(024) 0799470', 'cell': '(06) 58601952', 'id': {'name': 'BSN', 'value': '82638660'}, 'picture': {'large': 'https://randomuser.me/api/portraits/men/79.jpg', 'medium': 'https://randomuser.me/api/portraits/med/men/79.jpg', 'thumbnail': 'https://randomuser.me/api/portraits/thumb/men/79.jpg'}, 'nat': 'NL'}], 'info': {'seed': '3805a9bec30029c8', 'results': 1, 'page': 1, 'version': '1.4'}}</msg>
<arg>${json_data}</arg>
<doc>Logs the given message with the given level.</doc>
<status status="PASS" start="2024-05-30T09:16:27.885461" elapsed="0.000213"/>
</kw>
<kw name="Dictionary Should Contain Key" owner="Collections">
<msg time="2024-05-30T09:16:27.886135" level="INFO">False</msg>
<arg>${json_data}</arg>
<arg>results</arg>
<doc>Fails if ``key`` is not found from ``dictionary``.</doc>
<status status="PASS" start="2024-05-30T09:16:27.885977" elapsed="0.000194"/>
</kw>
<kw name="Should Not Be Empty" owner="BuiltIn">
<msg time="2024-05-30T09:16:27.886608" level="INFO">Length is 2.</msg>
<arg>${json_data}</arg>
<doc>Verifies that the given item is not empty.</doc>
<status status="PASS" start="2024-05-30T09:16:27.886467" elapsed="0.000180"/>
</kw>
<kw name="Create List" owner="BuiltIn">
<msg time="2024-05-30T09:16:27.887160" level="INFO">${expected_keys} = ['gender', 'name', 'location', 'email', 'login']</msg>
<var>${expected_keys}</var>
<arg>gender</arg>
<arg>name</arg>
<arg>location</arg>
<arg>email</arg>
<arg>login</arg>
<doc>Returns a list containing given items.</doc>
<status status="PASS" start="2024-05-30T09:16:27.887011" elapsed="0.000173"/>
</kw>
<for flavor="IN">
<iter>
<kw name="Dictionary Should Contain Key" owner="Collections">
<msg time="2024-05-30T09:16:27.888182" level="INFO">False</msg>
<arg>${json_data['results'][0]}</arg>
<arg>${key}</arg>
<doc>Fails if ``key`` is not found from ``dictionary``.</doc>
<status status="PASS" start="2024-05-30T09:16:27.887773" elapsed="0.000452"/>
</kw>
<kw name="Log" owner="BuiltIn">
<msg time="2024-05-30T09:16:27.888895" level="INFO">{'gender': 'male', 'name': {'title': 'Mr', 'first': 'Jille', 'last': 'Naarden'}, 'location': {'street': {'number': 7576, 'name': 'Aaldijk'}, 'city': 'Veessen', 'state': 'Noord-Holland', 'country': 'Netherlands', 'postcode': '0785 UD', 'coordinates': {'latitude': '35.5269', 'longitude': '-31.3296'}, 'timezone': {'offset': '+5:45', 'description': 'Kathmandu'}}, 'email': 'jille.naarden@example.com', 'login': {'uuid': '77cc0da8-28dd-40b7-8ceb-c91c360bee6b', 'username': 'tinypanda791', 'password': 'scotty', 'salt': 'lF32dREr', 'md5': '1aecc18ccee9582d5cac6309d3e51e10', 'sha1': 'eb66e4692ca93fceda4abdc66f92d6ebf536174d', 'sha256': '7822cbde6d105b6f0c68132d104498e735f81be6d272cbd7885902d45bd99a51'}, 'dob': {'date': '1977-09-10T12:55:17.162Z', 'age': 46}, 'registered': {'date': '2004-04-29T04:30:16.356Z', 'age': 20}, 'phone': '(024) 0799470', 'cell': '(06) 58601952', 'id': {'name': 'BSN', 'value': '82638660'}, 'picture': {'large': 'https://randomuser.me/api/portraits/men/79.jpg', 'medium': 'https://randomuser.me/api/portraits/med/men/79.jpg', 'thumbnail': 'https://randomuser.me/api/portraits/thumb/men/79.jpg'}, 'nat': 'NL'}</msg>
<arg>${json_data['results'][0]}</arg>
<doc>Logs the given message with the given level.</doc>
<status status="PASS" start="2024-05-30T09:16:27.888530" elapsed="0.000414"/>
</kw>
<kw name="Log" owner="BuiltIn">
<msg time="2024-05-30T09:16:27.889377" level="INFO">gender</msg>
<arg>${key}</arg>
<doc>Logs the given message with the given level.</doc>
<status status="PASS" start="2024-05-30T09:16:27.889247" elapsed="0.000167"/>
</kw>
<var name="${key}">gender</var>
<status status="PASS" start="2024-05-30T09:16:27.887648" elapsed="0.001986"/>
</iter>
<iter>
<kw name="Dictionary Should Contain Key" owner="Collections">
<msg time="2024-05-30T09:16:27.890320" level="INFO">False</msg>
<arg>${json_data['results'][0]}</arg>
<arg>${key}</arg>
<doc>Fails if ``key`` is not found from ``dictionary``.</doc>
<status status="PASS" start="2024-05-30T09:16:27.889936" elapsed="0.000422"/>
</kw>
<kw name="Log" owner="BuiltIn">
<msg time="2024-05-30T09:16:27.891074" level="INFO">{'gender': 'male', 'name': {'title': 'Mr', 'first': 'Jille', 'last': 'Naarden'}, 'location': {'street': {'number': 7576, 'name': 'Aaldijk'}, 'city': 'Veessen', 'state': 'Noord-Holland', 'country': 'Netherlands', 'postcode': '0785 UD', 'coordinates': {'latitude': '35.5269', 'longitude': '-31.3296'}, 'timezone': {'offset': '+5:45', 'description': 'Kathmandu'}}, 'email': 'jille.naarden@example.com', 'login': {'uuid': '77cc0da8-28dd-40b7-8ceb-c91c360bee6b', 'username': 'tinypanda791', 'password': 'scotty', 'salt': 'lF32dREr', 'md5': '1aecc18ccee9582d5cac6309d3e51e10', 'sha1': 'eb66e4692ca93fceda4abdc66f92d6ebf536174d', 'sha256': '7822cbde6d105b6f0c68132d104498e735f81be6d272cbd7885902d45bd99a51'}, 'dob': {'date': '1977-09-10T12:55:17.162Z', 'age': 46}, 'registered': {'date': '2004-04-29T04:30:16.356Z', 'age': 20}, 'phone': '(024) 0799470', 'cell': '(06) 58601952', 'id': {'name': 'BSN', 'value': '82638660'}, 'picture': {'large': 'https://randomuser.me/api/portraits/men/79.jpg', 'medium': 'https://randomuser.me/api/portraits/med/men/79.jpg', 'thumbnail': 'https://randomuser.me/api/portraits/thumb/men/79.jpg'}, 'nat': 'NL'}</msg>
<arg>${json_data['results'][0]}</arg>
<doc>Logs the given message with the given level.</doc>
<status status="PASS" start="2024-05-30T09:16:27.890682" elapsed="0.000440"/>
</kw>
<kw name="Log" owner="BuiltIn">
<msg time="2024-05-30T09:16:27.891553" level="INFO">name</msg>
<arg>${key}</arg>
<doc>Logs the given message with the given level.</doc>
<status status="PASS" start="2024-05-30T09:16:27.891420" elapsed="0.000172"/>
</kw>
<var name="${key}">name</var>
<status status="PASS" start="2024-05-30T09:16:27.889820" elapsed="0.001988"/>
</iter>
<iter>
<kw name="Dictionary Should Contain Key" owner="Collections">
<msg time="2024-05-30T09:16:27.892485" level="INFO">False</msg>
<arg>${json_data['results'][0]}</arg>
<arg>${key}</arg>
<doc>Fails if ``key`` is not found from ``dictionary``.</doc>
<status status="PASS" start="2024-05-30T09:16:27.892110" elapsed="0.000412"/>
</kw>
<kw name="Log" owner="BuiltIn">
<msg time="2024-05-30T09:16:27.893202" level="INFO">{'gender': 'male', 'name': {'title': 'Mr', 'first': 'Jille', 'last': 'Naarden'}, 'location': {'street': {'number': 7576, 'name': 'Aaldijk'}, 'city': 'Veessen', 'state': 'Noord-Holland', 'country': 'Netherlands', 'postcode': '0785 UD', 'coordinates': {'latitude': '35.5269', 'longitude': '-31.3296'}, 'timezone': {'offset': '+5:45', 'description': 'Kathmandu'}}, 'email': 'jille.naarden@example.com', 'login': {'uuid': '77cc0da8-28dd-40b7-8ceb-c91c360bee6b', 'username': 'tinypanda791', 'password': 'scotty', 'salt': 'lF32dREr', 'md5': '1aecc18ccee9582d5cac6309d3e51e10', 'sha1': 'eb66e4692ca93fceda4abdc66f92d6ebf536174d', 'sha256': '7822cbde6d105b6f0c68132d104498e735f81be6d272cbd7885902d45bd99a51'}, 'dob': {'date': '1977-09-10T12:55:17.162Z', 'age': 46}, 'registered': {'date': '2004-04-29T04:30:16.356Z', 'age': 20}, 'phone': '(024) 0799470', 'cell': '(06) 58601952', 'id': {'name': 'BSN', 'value': '82638660'}, 'picture': {'large': 'https://randomuser.me/api/portraits/men/79.jpg', 'medium': 'https://randomuser.me/api/portraits/med/men/79.jpg', 'thumbnail': 'https://randomuser.me/api/portraits/thumb/men/79.jpg'}, 'nat': 'NL'}</msg>
<arg>${json_data['results'][0]}</arg>
<doc>Logs the given message with the given level.</doc>
<status status="PASS" start="2024-05-30T09:16:27.892832" elapsed="0.000419"/>
</kw>
<kw name="Log" owner="BuiltIn">
<msg time="2024-05-30T09:16:27.893679" level="INFO">location</msg>
<arg>${key}</arg>
<doc>Logs the given message with the given level.</doc>
<status status="PASS" start="2024-05-30T09:16:27.893554" elapsed="0.000163"/>
</kw>
<var name="${key}">location</var>
<status status="PASS" start="2024-05-30T09:16:27.891994" elapsed="0.001939"/>
</iter>
<iter>
<kw name="Dictionary Should Contain Key" owner="Collections">
<msg time="2024-05-30T09:16:27.894710" level="INFO">False</msg>
<arg>${json_data['results'][0]}</arg>
<arg>${key}</arg>
<doc>Fails if ``key`` is not found from ``dictionary``.</doc>
<status status="PASS" start="2024-05-30T09:16:27.894220" elapsed="0.000564"/>
</kw>
<kw name="Log" owner="BuiltIn">
<msg time="2024-05-30T09:16:27.895465" level="INFO">{'gender': 'male', 'name': {'title': 'Mr', 'first': 'Jille', 'last': 'Naarden'}, 'location': {'street': {'number': 7576, 'name': 'Aaldijk'}, 'city': 'Veessen', 'state': 'Noord-Holland', 'country': 'Netherlands', 'postcode': '0785 UD', 'coordinates': {'latitude': '35.5269', 'longitude': '-31.3296'}, 'timezone': {'offset': '+5:45', 'description': 'Kathmandu'}}, 'email': 'jille.naarden@example.com', 'login': {'uuid': '77cc0da8-28dd-40b7-8ceb-c91c360bee6b', 'username': 'tinypanda791', 'password': 'scotty', 'salt': 'lF32dREr', 'md5': '1aecc18ccee9582d5cac6309d3e51e10', 'sha1': 'eb66e4692ca93fceda4abdc66f92d6ebf536174d', 'sha256': '7822cbde6d105b6f0c68132d104498e735f81be6d272cbd7885902d45bd99a51'}, 'dob': {'date': '1977-09-10T12:55:17.162Z', 'age': 46}, 'registered': {'date': '2004-04-29T04:30:16.356Z', 'age': 20}, 'phone': '(024) 0799470', 'cell': '(06) 58601952', 'id': {'name': 'BSN', 'value': '82638660'}, 'picture': {'large': 'https://randomuser.me/api/portraits/men/79.jpg', 'medium': 'https://randomuser.me/api/portraits/med/men/79.jpg', 'thumbnail': 'https://randomuser.me/api/portraits/thumb/men/79.jpg'}, 'nat': 'NL'}</msg>
<arg>${json_data['results'][0]}</arg>
<doc>Logs the given message with the given level.</doc>
<status status="PASS" start="2024-05-30T09:16:27.895103" elapsed="0.000411"/>
</kw>
<kw name="Log" owner="BuiltIn">
<msg time="2024-05-30T09:16:27.895938" level="INFO">email</msg>
<arg>${key}</arg>
<doc>Logs the given message with the given level.</doc>
<status status="PASS" start="2024-05-30T09:16:27.895809" elapsed="0.000165"/>
</kw>
<var name="${key}">email</var>
<status status="PASS" start="2024-05-30T09:16:27.894106" elapsed="0.002083"/>
</iter>
<iter>
<kw name="Dictionary Should Contain Key" owner="Collections">
<msg time="2024-05-30T09:16:27.896876" level="INFO">False</msg>
<arg>${json_data['results'][0]}</arg>
<arg>${key}</arg>
<doc>Fails if ``key`` is not found from ``dictionary``.</doc>
<status status="PASS" start="2024-05-30T09:16:27.896479" elapsed="0.000434"/>
</kw>
<kw name="Log" owner="BuiltIn">
<msg time="2024-05-30T09:16:27.897558" level="INFO">{'gender': 'male', 'name': {'title': 'Mr', 'first': 'Jille', 'last': 'Naarden'}, 'location': {'street': {'number': 7576, 'name': 'Aaldijk'}, 'city': 'Veessen', 'state': 'Noord-Holland', 'country': 'Netherlands', 'postcode': '0785 UD', 'coordinates': {'latitude': '35.5269', 'longitude': '-31.3296'}, 'timezone': {'offset': '+5:45', 'description': 'Kathmandu'}}, 'email': 'jille.naarden@example.com', 'login': {'uuid': '77cc0da8-28dd-40b7-8ceb-c91c360bee6b', 'username': 'tinypanda791', 'password': 'scotty', 'salt': 'lF32dREr', 'md5': '1aecc18ccee9582d5cac6309d3e51e10', 'sha1': 'eb66e4692ca93fceda4abdc66f92d6ebf536174d', 'sha256': '7822cbde6d105b6f0c68132d104498e735f81be6d272cbd7885902d45bd99a51'}, 'dob': {'date': '1977-09-10T12:55:17.162Z', 'age': 46}, 'registered': {'date': '2004-04-29T04:30:16.356Z', 'age': 20}, 'phone': '(024) 0799470', 'cell': '(06) 58601952', 'id': {'name': 'BSN', 'value': '82638660'}, 'picture': {'large': 'https://randomuser.me/api/portraits/men/79.jpg', 'medium': 'https://randomuser.me/api/portraits/med/men/79.jpg', 'thumbnail': 'https://randomuser.me/api/portraits/thumb/men/79.jpg'}, 'nat': 'NL'}</msg>
<arg>${json_data['results'][0]}</arg>
<doc>Logs the given message with the given level.</doc>
<status status="PASS" start="2024-05-30T09:16:27.897206" elapsed="0.000398"/>
</kw>
<kw name="Log" owner="BuiltIn">
<msg time="2024-05-30T09:16:27.898021" level="INFO">login</msg>
<arg>${key}</arg>
<doc>Logs the given message with the given level.</doc>
<status status="PASS" start="2024-05-30T09:16:27.897895" elapsed="0.000161"/>
</kw>
<var name="${key}">login</var>
<status status="PASS" start="2024-05-30T09:16:27.896365" elapsed="0.001902"/>
</iter>
<var>${key}</var>
<value>@{expected_keys}</value>
<status status="PASS" start="2024-05-30T09:16:27.887451" elapsed="0.010937"/>
</for>
<kw name="Create List" owner="BuiltIn">
<msg time="2024-05-30T09:16:27.898777" level="INFO">${expected_keysTwo} = ['username', 'password']</msg>
<var>${expected_keysTwo}</var>
<arg>username</arg>
<arg>password</arg>
<doc>Returns a list containing given items.</doc>
<status status="PASS" start="2024-05-30T09:16:27.898616" elapsed="0.000187"/>
</kw>
<for flavor="IN">
<iter>
<kw name="Dictionary Should Contain Key" owner="Collections">
<msg time="2024-05-30T09:16:27.899716" level="INFO">False</msg>
<arg>${json_data['results'][0]['login']}</arg>
<arg>${keyTwo}</arg>
<doc>Fails if ``key`` is not found from ``dictionary``.</doc>
<status status="PASS" start="2024-05-30T09:16:27.899321" elapsed="0.000432"/>
</kw>
<kw name="Dictionary Should Contain Key" owner="Collections">
<msg time="2024-05-30T09:16:27.900437" level="INFO">False</msg>
<arg>${json_data['results'][0]['login']}</arg>
<arg>${keyTwo}</arg>
<doc>Fails if ``key`` is not found from ``dictionary``.</doc>
<status status="PASS" start="2024-05-30T09:16:27.900053" elapsed="0.000421"/>
</kw>
<kw name="Log" owner="BuiltIn">
<msg time="2024-05-30T09:16:27.900893" level="INFO">username</msg>
<arg>${keyTwo}</arg>
<doc>Logs the given message with the given level.</doc>
<status status="PASS" start="2024-05-30T09:16:27.900766" elapsed="0.000164"/>
</kw>
<var name="${keyTwo}">username</var>
<status status="PASS" start="2024-05-30T09:16:27.899209" elapsed="0.001939"/>
</iter>
<iter>
<kw name="Dictionary Should Contain Key" owner="Collections">
<msg time="2024-05-30T09:16:27.901812" level="INFO">False</msg>
<arg>${json_data['results'][0]['login']}</arg>
<arg>${keyTwo}</arg>
<doc>Fails if ``key`` is not found from ``dictionary``.</doc>
<status status="PASS" start="2024-05-30T09:16:27.901433" elapsed="0.000416"/>
</kw>
<kw name="Dictionary Should Contain Key" owner="Collections">
<msg time="2024-05-30T09:16:27.902528" level="INFO">False</msg>
<arg>${json_data['results'][0]['login']}</arg>
<arg>${keyTwo}</arg>
<doc>Fails if ``key`` is not found from ``dictionary``.</doc>
<status status="PASS" start="2024-05-30T09:16:27.902149" elapsed="0.000415"/>
</kw>
<kw name="Log" owner="BuiltIn">
<msg time="2024-05-30T09:16:27.903023" level="INFO">password</msg>
<arg>${keyTwo}</arg>
<doc>Logs the given message with the given level.</doc>
<status status="PASS" start="2024-05-30T09:16:27.902892" elapsed="0.000168"/>
</kw>
<var name="${keyTwo}">password</var>
<status status="PASS" start="2024-05-30T09:16:27.901323" elapsed="0.001955"/>
</iter>
<var>${keyTwo}</var>
<value>@{expected_keysTwo}</value>
<status status="PASS" start="2024-05-30T09:16:27.899054" elapsed="0.004347"/>
</for>
<status status="PASS" start="2024-05-30T09:16:27.548818" elapsed="0.354729"/>
</kw>
<doc>Testa a estrutura da resposta da API.</doc>
<tag>testeEstruturaResposta</tag>
<status status="PASS" start="2024-05-30T09:16:27.548328" elapsed="0.355378"/>
</test>
<test id="s1-s1-t4" name="Validar tipos de dados" line="28">
<kw name="Teste de Tipos de Dados" owner="random-user-service">
<kw name="GET On Session" owner="RequestsLibrary">
<msg time="2024-05-30T09:16:28.055724" level="INFO">GET Request : url=https://randomuser.me/api 
 path_url=/api 
 headers={'User-Agent': 'python-requests/2.32.3', 'Accept-Encoding': 'gzip, deflate', 'Accept': '*/*', 'Connection': 'keep-alive'} 
 body=None 
 </msg>
<msg time="2024-05-30T09:16:28.055840" level="INFO">GET Response : url=https://randomuser.me/api 
 status=200, reason=OK 
 headers={'Date': 'Thu, 30 May 2024 09:16:28 GMT', 'Content-Type': 'application/json; charset=utf-8', 'Transfer-Encoding': 'chunked', 'Connection': 'keep-alive', 'X-Powered-By': 'Express', 'Access-Control-Allow-Origin': '*', 'Cache-Control': 'no-cache', 'ETag': 'W/"48d-+QurntgPmNncPZjV+naFh1sjFBE"', 'Vary': 'Accept-Encoding', 'Content-Encoding': 'gzip', 'CF-Cache-Status': 'DYNAMIC', 'Report-To': '{"endpoints":[{"url":"https:\\/\\/a.nel.cloudflare.com\\/report\\/v4?s=2YEkFutZjP5BIne4tEK5M1K5MCfj7BMOI6PN7Qh%2BmStCCrh%2FkuGwkQ6AqQLin8ufnh%2BcSmYtaL%2B4Z8Mw8hZX%2FZzKpCBhidTZoXPnCV90r55TFQ%2FRiP253BUhk%2BR3ZbHu"}],"group":"cf-nel","max_age":604800}', 'NEL': '{"success_fraction":0,"report_to":"cf-nel","max_age":604800}', 'Server': 'cloudflare', 'CF-RAY': '88bda0226f3805fb-IAD', 'alt-svc': 'h3=":443"; ma=86400'} 
 body={"results":[{"gender":"male","name":{"title":"Mr","first":"Federico","last":"Bravo"},"location":{"street":{"number":9878,"name":"Periférico Tamaulipas"},"city":"Pantelho","state":"Tabasco","country":"Mexico","postcode":15307,"coordinates":{"latitude":"23.1677","longitude":"-91.3482"},"timezone":{"offset":"-12:00","description":"Eniwetok, Kwajalein"}},"email":"federico.bravo@example.com","login":{"uuid":"410fd9d0-fbb7-482b-a269-21238f791ef1","username":"greenlion224","password":"biggun","salt":"9RTEFiU4","md5":"75d015efa50f325fc1e1df7878010eb4","sha1":"e96e24dd5dcdc02f009e4dfab04a539e3e3c34e6","sha256":"21ae96687abae087962eb2819b55e1f44d305245ceaff5768857ff49c93abbf4"},"dob":{"date":"1950-10-29T04:22:55.692Z","age":73},"registered":{"date":"2005-06-10T05:11:28.315Z","age":18},"phone":"(659) 461 9909","cell":"(604) 318 4754","id":{"name":"NSS","value":"81 79 59 2990 8"},"picture":{"large":"https://randomuser.me/api/portraits/men/19.jpg","medium":"https://randomuser.me/api/portraits/med/men/19.jpg","thumbnail":"https://randomuser.me/api/portraits/thumb/men/19.jpg"},"nat":"MX"}],"info":{"seed":"2b63e292bef84098","results":1,"page":1,"version":"1.4"}} 
 </msg>
<msg time="2024-05-30T09:16:28.055923" level="INFO">/opt/hostedtoolcache/Python/3.12.3/x64/lib/python3.12/site-packages/urllib3/connectionpool.py:1103: InsecureRequestWarning: Unverified HTTPS request is being made to host 'randomuser.me'. Adding certificate verification is strongly advised. See: https://urllib3.readthedocs.io/en/latest/advanced-usage.html#tls-warnings
  warnings.warn(</msg>
<msg time="2024-05-30T09:16:28.056043" level="INFO">${response} = &lt;Response [200]&gt;</msg>
<var>${response}</var>
<arg>consultarAPI</arg>
<arg>/api</arg>
<doc>Sends a GET request on a previously created HTTP Session.</doc>
<status status="PASS" start="2024-05-30T09:16:27.906186" elapsed="0.149898"/>
</kw>
<kw name="Set Variable" owner="BuiltIn">
<msg time="2024-05-30T09:16:28.057181" level="INFO">${json_data} = {'results': [{'gender': 'male', 'name': {'title': 'Mr', 'first': 'Federico', 'last': 'Bravo'}, 'location': {'street': {'number': 9878, 'name': 'Periférico Tamaulipas'}, 'city': 'Pantelho', 'state': 'T...</msg>
<var>${json_data}</var>
<arg>${response.json()}</arg>
<doc>Returns the given values which can then be assigned to a variables.</doc>
<status status="PASS" start="2024-05-30T09:16:28.056636" elapsed="0.000576"/>
</kw>
<kw name="Log" owner="BuiltIn">
<msg time="2024-05-30T09:16:28.057689" level="INFO">{'results': [{'gender': 'male', 'name': {'title': 'Mr', 'first': 'Federico', 'last': 'Bravo'}, 'location': {'street': {'number': 9878, 'name': 'Periférico Tamaulipas'}, 'city': 'Pantelho', 'state': 'Tabasco', 'country': 'Mexico', 'postcode': 15307, 'coordinates': {'latitude': '23.1677', 'longitude': '-91.3482'}, 'timezone': {'offset': '-12:00', 'description': 'Eniwetok, Kwajalein'}}, 'email': 'federico.bravo@example.com', 'login': {'uuid': '410fd9d0-fbb7-482b-a269-21238f791ef1', 'username': 'greenlion224', 'password': 'biggun', 'salt': '9RTEFiU4', 'md5': '75d015efa50f325fc1e1df7878010eb4', 'sha1': 'e96e24dd5dcdc02f009e4dfab04a539e3e3c34e6', 'sha256': '21ae96687abae087962eb2819b55e1f44d305245ceaff5768857ff49c93abbf4'}, 'dob': {'date': '1950-10-29T04:22:55.692Z', 'age': 73}, 'registered': {'date': '2005-06-10T05:11:28.315Z', 'age': 18}, 'phone': '(659) 461 9909', 'cell': '(604) 318 4754', 'id': {'name': 'NSS', 'value': '81 79 59 2990 8'}, 'picture': {'large': 'https://randomuser.me/api/portraits/men/19.jpg', 'medium': 'https://randomuser.me/api/portraits/med/men/19.jpg', 'thumbnail': 'https://randomuser.me/api/portraits/thumb/men/19.jpg'}, 'nat': 'MX'}], 'info': {'seed': '2b63e292bef84098', 'results': 1, 'page': 1, 'version': '1.4'}}</msg>
<arg>${json_data}</arg>
<doc>Logs the given message with the given level.</doc>
<status status="PASS" start="2024-05-30T09:16:28.057525" elapsed="0.000214"/>
</kw>
<kw name="Should Be String" owner="String">
<arg>${json_data['results'][0]['gender']}</arg>
<doc>Fails if the given ``item`` is not a string.</doc>
<status status="PASS" start="2024-05-30T09:16:28.058070" elapsed="0.000362"/>
</kw>
<kw name="Should Match Regexp" owner="BuiltIn">
<arg>${json_data['results'][0]['email']}</arg>
<arg>^[a-zA-Z0-9._%+-]+@[a-zA-Z0-9.-]+\.[a-zA-Z]{2,}$</arg>
<doc>Fails if ``string`` does not match ``pattern`` as a regular expression.</doc>
<status status="PASS" start="2024-05-30T09:16:28.058630" elapsed="0.000739"/>
</kw>
<kw name="Should Match Regexp" owner="BuiltIn">
<arg>${json_data['results'][0]['dob']['date']}</arg>
<arg>\\d{4}-\\d{2}-\\d{2}T\\d{2}:\\d{2}:\\d{2}\\.\\d{3}Z</arg>
<doc>Fails if ``string`` does not match ``pattern`` as a regular expression.</doc>
<status status="PASS" start="2024-05-30T09:16:28.059572" elapsed="0.000486"/>
</kw>
<kw name="Should Match Regexp" owner="BuiltIn">
<arg>${json_data['results'][0]['registered']['date']}</arg>
<arg>\\d{4}-\\d{2}-\\d{2}T\\d{2}:\\d{2}:\\d{2}\\.\\d{3}Z</arg>
<doc>Fails if ``string`` does not match ``pattern`` as a regular expression.</doc>
<status status="PASS" start="2024-05-30T09:16:28.060254" elapsed="0.000365"/>
</kw>
<kw name="Should Match Regexp" owner="BuiltIn">
<arg>${json_data['results'][0]['picture']['large']}</arg>
<arg>^https?://.*\.(?:png|jpe?g|gif|bmp)$</arg>
<doc>Fails if ``string`` does not match ``pattern`` as a regular expression.</doc>
<status status="PASS" start="2024-05-30T09:16:28.060808" elapsed="0.000464"/>
</kw>
<kw name="Should Match Regexp" owner="BuiltIn">
<arg>${json_data['results'][0]['picture']['medium']}</arg>
<arg>^https?://.*\.(?:png|jpe?g|gif|bmp)$</arg>
<doc>Fails if ``string`` does not match ``pattern`` as a regular expression.</doc>
<status status="PASS" start="2024-05-30T09:16:28.061465" elapsed="0.000354"/>
</kw>
<kw name="Should Match Regexp" owner="BuiltIn">
<arg>${json_data['results'][0]['picture']['thumbnail']}</arg>
<arg>^https?://.*\.(?:png|jpe?g|gif|bmp)$</arg>
<doc>Fails if ``string`` does not match ``pattern`` as a regular expression.</doc>
<status status="PASS" start="2024-05-30T09:16:28.062007" elapsed="0.000349"/>
</kw>
<kw name="Log" owner="BuiltIn">
<msg time="2024-05-30T09:16:28.062896" level="INFO">{'large': 'https://randomuser.me/api/portraits/men/19.jpg', 'medium': 'https://randomuser.me/api/portraits/med/men/19.jpg', 'thumbnail': 'https://randomuser.me/api/portraits/thumb/men/19.jpg'}</msg>
<arg>${json_data['results'][0]['picture']}</arg>
<doc>Logs the given message with the given level.</doc>
<status status="PASS" start="2024-05-30T09:16:28.062541" elapsed="0.000396"/>
</kw>
<status status="PASS" start="2024-05-30T09:16:27.905953" elapsed="0.157240"/>
</kw>
<kw name="Teste de Tipos de Dados - Postcode" owner="random-user-service">
<kw name="GET On Session" owner="RequestsLibrary">
<msg time="2024-05-30T09:16:28.111863" level="INFO">GET Request : url=https://randomuser.me/api 
 path_url=/api 
 headers={'User-Agent': 'python-requests/2.32.3', 'Accept-Encoding': 'gzip, deflate', 'Accept': '*/*', 'Connection': 'keep-alive'} 
 body=None 
 </msg>
<msg time="2024-05-30T09:16:28.111946" level="INFO">GET Response : url=https://randomuser.me/api 
 status=200, reason=OK 
 headers={'Date': 'Thu, 30 May 2024 09:16:28 GMT', 'Content-Type': 'application/json; charset=utf-8', 'Transfer-Encoding': 'chunked', 'Connection': 'keep-alive', 'X-Powered-By': 'Express', 'Access-Control-Allow-Origin': '*', 'Cache-Control': 'no-cache', 'ETag': 'W/"46f-8lvjf04QsjP79rQkZv+6AdgNFPw"', 'Vary': 'Accept-Encoding', 'Content-Encoding': 'gzip', 'CF-Cache-Status': 'DYNAMIC', 'Report-To': '{"endpoints":[{"url":"https:\\/\\/a.nel.cloudflare.com\\/report\\/v4?s=XvL4CnFJrFqQ81bu79IPSSDKmQ79rq2M7DthTb%2F78tRwMi7zB0BjylyPusXM8cT6nkL7vfTcaagFlij4%2FKoCj9K%2F2XheuFdU6nQnBh6PpzSZgNHwBpjy45zwK8YiPi9g"}],"group":"cf-nel","max_age":604800}', 'NEL': '{"success_fraction":0,"report_to":"cf-nel","max_age":604800}', 'Server': 'cloudflare', 'CF-RAY': '88bda0236fc205fb-IAD', 'alt-svc': 'h3=":443"; ma=86400'} 
 body={"results":[{"gender":"male","name":{"title":"Mr","first":"Todd","last":"Castillo"},"location":{"street":{"number":2805,"name":"Dane St"},"city":"Nampa","state":"Michigan","country":"United States","postcode":61599,"coordinates":{"latitude":"85.7694","longitude":"-32.5107"},"timezone":{"offset":"+5:45","description":"Kathmandu"}},"email":"todd.castillo@example.com","login":{"uuid":"e2c42979-f22a-47c3-bb34-e6dc048d954f","username":"bluefish909","password":"queen","salt":"0kiPEWo0","md5":"5fadec54b6261f8fc41cc17d831489b6","sha1":"3d05b4316dfd6ea084f67a2987fd5ad94169d8d8","sha256":"34c8f265493910fad919a884f60951f330421d762585fcfe3a52fb10795aadf0"},"dob":{"date":"1967-04-27T16:48:53.423Z","age":57},"registered":{"date":"2019-05-17T00:10:30.098Z","age":5},"phone":"(235) 853-2979","cell":"(740) 889-7065","id":{"name":"SSN","value":"734-65-9325"},"picture":{"large":"https://randomuser.me/api/portraits/men/77.jpg","medium":"https://randomuser.me/api/portraits/med/men/77.jpg","thumbnail":"https://randomuser.me/api/portraits/thumb/men/77.jpg"},"nat":"US"}],"info":{"seed":"8e0d31b7f27981a2","results":1,"page":1,"version":"1.4"}} 
 </msg>
<msg time="2024-05-30T09:16:28.112017" level="INFO">/opt/hostedtoolcache/Python/3.12.3/x64/lib/python3.12/site-packages/urllib3/connectionpool.py:1103: InsecureRequestWarning: Unverified HTTPS request is being made to host 'randomuser.me'. Adding certificate verification is strongly advised. See: https://urllib3.readthedocs.io/en/latest/advanced-usage.html#tls-warnings
  warnings.warn(</msg>
<msg time="2024-05-30T09:16:28.112109" level="INFO">${response} = &lt;Response [200]&gt;</msg>
<var>${response}</var>
<arg>consultarAPI</arg>
<arg>/api</arg>
<doc>Sends a GET request on a previously created HTTP Session.</doc>
<status status="PASS" start="2024-05-30T09:16:28.063656" elapsed="0.048484"/>
</kw>
<kw name="Set Variable" owner="BuiltIn">
<msg time="2024-05-30T09:16:28.113031" level="INFO">${json_data} = {'results': [{'gender': 'male', 'name': {'title': 'Mr', 'first': 'Todd', 'last': 'Castillo'}, 'location': {'street': {'number': 2805, 'name': 'Dane St'}, 'city': 'Nampa', 'state': 'Michigan', 'country...</msg>
<var>${json_data}</var>
<arg>${response.json()}</arg>
<doc>Returns the given values which can then be assigned to a variables.</doc>
<status status="PASS" start="2024-05-30T09:16:28.112544" elapsed="0.000515"/>
</kw>
<kw name="Log" owner="BuiltIn">
<msg time="2024-05-30T09:16:28.113519" level="INFO">{'results': [{'gender': 'male', 'name': {'title': 'Mr', 'first': 'Todd', 'last': 'Castillo'}, 'location': {'street': {'number': 2805, 'name': 'Dane St'}, 'city': 'Nampa', 'state': 'Michigan', 'country': 'United States', 'postcode': 61599, 'coordinates': {'latitude': '85.7694', 'longitude': '-32.5107'}, 'timezone': {'offset': '+5:45', 'description': 'Kathmandu'}}, 'email': 'todd.castillo@example.com', 'login': {'uuid': 'e2c42979-f22a-47c3-bb34-e6dc048d954f', 'username': 'bluefish909', 'password': 'queen', 'salt': '0kiPEWo0', 'md5': '5fadec54b6261f8fc41cc17d831489b6', 'sha1': '3d05b4316dfd6ea084f67a2987fd5ad94169d8d8', 'sha256': '34c8f265493910fad919a884f60951f330421d762585fcfe3a52fb10795aadf0'}, 'dob': {'date': '1967-04-27T16:48:53.423Z', 'age': 57}, 'registered': {'date': '2019-05-17T00:10:30.098Z', 'age': 5}, 'phone': '(235) 853-2979', 'cell': '(740) 889-7065', 'id': {'name': 'SSN', 'value': '734-65-9325'}, 'picture': {'large': 'https://randomuser.me/api/portraits/men/77.jpg', 'medium': 'https://randomuser.me/api/portraits/med/men/77.jpg', 'thumbnail': 'https://randomuser.me/api/portraits/thumb/men/77.jpg'}, 'nat': 'US'}], 'info': {'seed': '8e0d31b7f27981a2', 'results': 1, 'page': 1, 'version': '1.4'}}</msg>
<arg>${json_data}</arg>
<doc>Logs the given message with the given level.</doc>
<status status="PASS" start="2024-05-30T09:16:28.113366" elapsed="0.000199"/>
</kw>
<kw name="Should Be Equal As Numbers" owner="BuiltIn">
<arg>${json_data['results'][0]['location']['postcode']}</arg>
<arg>${json_data['results'][0]['location']['postcode']}</arg>
<doc>Fails if objects are unequal after converting them to real numbers.</doc>
<status status="PASS" start="2024-05-30T09:16:28.113860" elapsed="0.000617"/>
</kw>
<kw name="Log" owner="BuiltIn">
<msg time="2024-05-30T09:16:28.115101" level="INFO">61599</msg>
<arg>${json_data['results'][0]['location']['postcode']}</arg>
<doc>Logs the given message with the given level.</doc>
<status status="PASS" start="2024-05-30T09:16:28.114706" elapsed="0.000436"/>
</kw>
<status status="PASS" start="2024-05-30T09:16:28.063423" elapsed="0.051984"/>
</kw>
<doc>Testa se os tipos de dados na resposta da API estão corretos.</doc>
<tag>testeTiposDados</tag>
<status status="PASS" start="2024-05-30T09:16:27.905466" elapsed="0.210110"/>
</test>
<test id="s1-s1-t5" name="Validar conteudo" line="35">
<kw name="Teste de Tipos de Conteudo" owner="random-user-service">
<kw name="GET On Session" owner="RequestsLibrary">
<msg time="2024-05-30T09:16:28.214250" level="INFO">GET Request : url=https://randomuser.me/api 
 path_url=/api 
 headers={'User-Agent': 'python-requests/2.32.3', 'Accept-Encoding': 'gzip, deflate', 'Accept': '*/*', 'Connection': 'keep-alive'} 
 body=None 
 </msg>
<msg time="2024-05-30T09:16:28.214317" level="INFO">GET Response : url=https://randomuser.me/api 
 status=200, reason=OK 
 headers={'Date': 'Thu, 30 May 2024 09:16:28 GMT', 'Content-Type': 'application/json; charset=utf-8', 'Transfer-Encoding': 'chunked', 'Connection': 'keep-alive', 'X-Powered-By': 'Express', 'Access-Control-Allow-Origin': '*', 'Cache-Control': 'no-cache', 'ETag': 'W/"49a-mJAH+WqqqFxS/ClGiQhZ3Yb0Syc"', 'Vary': 'Accept-Encoding', 'Content-Encoding': 'gzip', 'CF-Cache-Status': 'DYNAMIC', 'Report-To': '{"endpoints":[{"url":"https:\\/\\/a.nel.cloudflare.com\\/report\\/v4?s=w2RMUP3dxaVlJlznqTFNqBfQWRRsHe%2FbMdmpmTq%2FduaoPX0D3Pj6eaOfLKNlnweEoMxebrlZCw%2FUY%2BUMjCInFytcRZpvmJEcItkTiOIYYMNFtGM7z5A0Byz2%2FZxQdvCb"}],"group":"cf-nel","max_age":604800}', 'NEL': '{"success_fraction":0,"report_to":"cf-nel","max_age":604800}', 'Server': 'cloudflare', 'CF-RAY': '88bda023cff505fb-IAD', 'alt-svc': 'h3=":443"; ma=86400'} 
 body={"results":[{"gender":"male","name":{"title":"Mr","first":"Ranko","last":"Damjanović"},"location":{"street":{"number":5382,"name":"Siniše Stankovića"},"city":"Novi Pazar","state":"Raška","country":"Serbia","postcode":41076,"coordinates":{"latitude":"62.7873","longitude":"-93.6867"},"timezone":{"offset":"+11:00","description":"Magadan, Solomon Islands, New Caledonia"}},"email":"ranko.damjanovic@example.com","login":{"uuid":"a1f8c8b5-b886-40ae-ad30-a148e1c62255","username":"bluebear713","password":"stephan","salt":"THFAcP3l","md5":"b08869513d63baefdf6d751246e92e7d","sha1":"cccadf3d7c08e51d909a8911f2cf8e31761a902c","sha256":"90d1bec7a14a5bc218ef24f8be060b863a7c198ad3aae2f6c2117b4cf024f3fd"},"dob":{"date":"1951-03-16T03:39:41.133Z","age":73},"registered":{"date":"2007-10-22T14:14:51.400Z","age":16},"phone":"030-8411-332","cell":"069-2904-524","id":{"name":"SID","value":"833077476"},"picture":{"large":"https://randomuser.me/api/portraits/men/55.jpg","medium":"https://randomuser.me/api/portraits/med/men/55.jpg","thumbnail":"https://randomuser.me/api/portraits/thumb/men/55.jpg"},"nat":"RS"}],"info":{"seed":"7418d5d6d7d70eab","results":1,"page":1,"version":"1.4"}} 
 </msg>
<msg time="2024-05-30T09:16:28.214382" level="INFO">/opt/hostedtoolcache/Python/3.12.3/x64/lib/python3.12/site-packages/urllib3/connectionpool.py:1103: InsecureRequestWarning: Unverified HTTPS request is being made to host 'randomuser.me'. Adding certificate verification is strongly advised. See: https://urllib3.readthedocs.io/en/latest/advanced-usage.html#tls-warnings
  warnings.warn(</msg>
<msg time="2024-05-30T09:16:28.214471" level="INFO">${response} = &lt;Response [200]&gt;</msg>
<var>${response}</var>
<arg>consultarAPI</arg>
<arg>/api</arg>
<doc>Sends a GET request on a previously created HTTP Session.</doc>
<status status="PASS" start="2024-05-30T09:16:28.118030" elapsed="0.096471"/>
</kw>
<kw name="Set Variable" owner="BuiltIn">
<msg time="2024-05-30T09:16:28.215392" level="INFO">${json_data} = {'results': [{'gender': 'male', 'name': {'title': 'Mr', 'first': 'Ranko', 'last': 'Damjanović'}, 'location': {'street': {'number': 5382, 'name': 'Siniše Stankovića'}, 'city': 'Novi Pazar', 'state': 'R...</msg>
<var>${json_data}</var>
<arg>${response.json()}</arg>
<doc>Returns the given values which can then be assigned to a variables.</doc>
<status status="PASS" start="2024-05-30T09:16:28.214920" elapsed="0.000502"/>
</kw>
<kw name="Set Variable" owner="BuiltIn">
<msg time="2024-05-30T09:16:28.216108" level="INFO">${name_title} = Mr</msg>
<var>${name_title}</var>
<arg>${json_data["results"][0]["name"]["title"]}</arg>
<doc>Returns the given values which can then be assigned to a variables.</doc>
<status status="PASS" start="2024-05-30T09:16:28.215727" elapsed="0.000406"/>
</kw>
<kw name="Create List" owner="BuiltIn">
<msg time="2024-05-30T09:16:28.216587" level="INFO">${allowed_titles} = ['Mr', 'Ms', 'Miss', 'Mrs', 'Madame', 'Monsieur']</msg>
<var>${allowed_titles}</var>
<arg>Mr</arg>
<arg>Ms</arg>
<arg>Miss</arg>
<arg>Mrs</arg>
<arg>Madame</arg>
<arg>Monsieur</arg>
<doc>Returns a list containing given items.</doc>
<status status="PASS" start="2024-05-30T09:16:28.216438" elapsed="0.000173"/>
</kw>
<kw name="List Should Contain Value" owner="Collections">
<msg time="2024-05-30T09:16:28.217094" level="INFO">False</msg>
<arg>${allowed_titles}</arg>
<arg>${name_title}</arg>
<doc>Fails if the ``value`` is not found from ``list``.</doc>
<status status="PASS" start="2024-05-30T09:16:28.216919" elapsed="0.000211"/>
</kw>
<kw name="Set Variable" owner="BuiltIn">
<msg time="2024-05-30T09:16:28.217938" level="INFO">${name_country} = RS</msg>
<var>${name_country}</var>
<arg>${json_data["results"][0]["nat"]}</arg>
<doc>Returns the given values which can then be assigned to a variables.</doc>
<status status="PASS" start="2024-05-30T09:16:28.217426" elapsed="0.000538"/>
</kw>
<kw name="Create List" owner="BuiltIn">
<msg time="2024-05-30T09:16:28.218919" level="INFO">${list_country} = ['AD', 'AE', 'AF', 'AG', 'AI', 'AL', 'AM', 'AO', 'AQ', 'AR', 'AS', 'AT', 'AU', 'AW', 'AX', 'AZ', 'BA', 'BB', 'BD', 'BE', 'BF', 'BG', 'BH', 'BI', 'BJ', 'BL', 'BM', 'BN', 'BO', 'BQ', 'BR', 'BS', 'BT', '...</msg>
<var>${list_country}</var>
<arg>AD</arg>
<arg>AE</arg>
<arg>AF</arg>
<arg>AG</arg>
<arg>AI</arg>
<arg>AL</arg>
<arg>AM</arg>
<arg>AO</arg>
<arg>AQ</arg>
<arg>AR</arg>
<arg>AS</arg>
<arg>AT</arg>
<arg>AU</arg>
<arg>AW</arg>
<arg>AX</arg>
<arg>AZ</arg>
<arg>BA</arg>
<arg>BB</arg>
<arg>BD</arg>
<arg>BE</arg>
<arg>BF</arg>
<arg>BG</arg>
<arg>BH</arg>
<arg>BI</arg>
<arg>BJ</arg>
<arg>BL</arg>
<arg>BM</arg>
<arg>BN</arg>
<arg>BO</arg>
<arg>BQ</arg>
<arg>BR</arg>
<arg>BS</arg>
<arg>BT</arg>
<arg>BV</arg>
<arg>BW</arg>
<arg>BY</arg>
<arg>BZ</arg>
<arg>CA</arg>
<arg>CC</arg>
<arg>CD</arg>
<arg>CF</arg>
<arg>CG</arg>
<arg>CH</arg>
<arg>CI</arg>
<arg>CK</arg>
<arg>CL</arg>
<arg>CM</arg>
<arg>CN</arg>
<arg>CO</arg>
<arg>CR</arg>
<arg>CU</arg>
<arg>CV</arg>
<arg>CW</arg>
<arg>CX</arg>
<arg>CY</arg>
<arg>CZ</arg>
<arg>DE</arg>
<arg>DJ</arg>
<arg>DK</arg>
<arg>DM</arg>
<arg>DO</arg>
<arg>DZ</arg>
<arg>EC</arg>
<arg>EE</arg>
<arg>EG</arg>
<arg>EH</arg>
<arg>ER</arg>
<arg>ES</arg>
<arg>ET</arg>
<arg>FI</arg>
<arg>FJ</arg>
<arg>FK</arg>
<arg>FM</arg>
<arg>FO</arg>
<arg>FR</arg>
<arg>GA</arg>
<arg>GB</arg>
<arg>GD</arg>
<arg>GE</arg>
<arg>GF</arg>
<arg>GG</arg>
<arg>GH</arg>
<arg>GI</arg>
<arg>GL</arg>
<arg>GM</arg>
<arg>GN</arg>
<arg>GP</arg>
<arg>GQ</arg>
<arg>GR</arg>
<arg>GS</arg>
<arg>GT</arg>
<arg>GU</arg>
<arg>GW</arg>
<arg>GY</arg>
<arg>HK</arg>
<arg>HM</arg>
<arg>HN</arg>
<arg>HR</arg>
<arg>HT</arg>
<arg>HU</arg>
<arg>ID</arg>
<arg>IE</arg>
<arg>IL</arg>
<arg>IM</arg>
<arg>IN</arg>
<arg>IO</arg>
<arg>IQ</arg>
<arg>IR</arg>
<arg>IS</arg>
<arg>IT</arg>
<arg>JE</arg>
<arg>JM</arg>
<arg>JO</arg>
<arg>JP</arg>
<arg>KE</arg>
<arg>KG</arg>
<arg>KH</arg>
<arg>KI</arg>
<arg>KM</arg>
<arg>KN</arg>
<arg>KP</arg>
<arg>KR</arg>
<arg>KW</arg>
<arg>KY</arg>
<arg>KZ</arg>
<arg>LA</arg>
<arg>LB</arg>
<arg>LC</arg>
<arg>LI</arg>
<arg>LK</arg>
<arg>LR</arg>
<arg>LS</arg>
<arg>LT</arg>
<arg>LU</arg>
<arg>LV</arg>
<arg>LY</arg>
<arg>MA</arg>
<arg>MC</arg>
<arg>MD</arg>
<arg>ME</arg>
<arg>MF</arg>
<arg>MG</arg>
<arg>MH</arg>
<arg>MK</arg>
<arg>ML</arg>
<arg>MM</arg>
<arg>MN</arg>
<arg>MO</arg>
<arg>MP</arg>
<arg>MQ</arg>
<arg>MR</arg>
<arg>MS</arg>
<arg>MT</arg>
<arg>MU</arg>
<arg>MV</arg>
<arg>MW</arg>
<arg>MX</arg>
<arg>MY</arg>
<arg>MZ</arg>
<arg>NA</arg>
<arg>NC</arg>
<arg>NE</arg>
<arg>NF</arg>
<arg>NG</arg>
<arg>NI</arg>
<arg>NL</arg>
<arg>NO</arg>
<arg>NP</arg>
<arg>NR</arg>
<arg>NU</arg>
<arg>NZ</arg>
<arg>OM</arg>
<arg>PA</arg>
<arg>PE</arg>
<arg>PF</arg>
<arg>PG</arg>
<arg>PH</arg>
<arg>PK</arg>
<arg>PL</arg>
<arg>PM</arg>
<arg>PN</arg>
<arg>PR</arg>
<arg>PS</arg>
<arg>PT</arg>
<arg>PW</arg>
<arg>PY</arg>
<arg>QA</arg>
<arg>RE</arg>
<arg>RO</arg>
<arg>RS</arg>
<arg>RU</arg>
<arg>RW</arg>
<arg>SA</arg>
<arg>SB</arg>
<arg>SC</arg>
<arg>SD</arg>
<arg>SE</arg>
<arg>SG</arg>
<arg>SH</arg>
<arg>SI</arg>
<arg>SJ</arg>
<arg>SK</arg>
<arg>SL</arg>
<arg>SM</arg>
<arg>SN</arg>
<arg>SO</arg>
<arg>SR</arg>
<arg>SS</arg>
<arg>ST</arg>
<arg>SV</arg>
<arg>SX</arg>
<arg>SY</arg>
<arg>SZ</arg>
<arg>TC</arg>
<arg>TD</arg>
<arg>TF</arg>
<arg>TG</arg>
<arg>TH</arg>
<arg>TJ</arg>
<arg>TK</arg>
<arg>TL</arg>
<arg>TM</arg>
<arg>TN</arg>
<arg>TO</arg>
<arg>TR</arg>
<arg>TT</arg>
<arg>TV</arg>
<arg>TW</arg>
<arg>TZ</arg>
<arg>UA</arg>
<arg>UG</arg>
<arg>UM</arg>
<arg>US</arg>
<arg>UY</arg>
<arg>UZ</arg>
<arg>VA</arg>
<arg>VC</arg>
<arg>VE</arg>
<arg>VG</arg>
<arg>VI</arg>
<arg>VN</arg>
<arg>VU</arg>
<arg>WF</arg>
<arg>WS</arg>
<arg>XK</arg>
<arg>YE</arg>
<arg>YT</arg>
<arg>ZA</arg>
<arg>ZM</arg>
<arg>ZW</arg>
<doc>Returns a list containing given items.</doc>
<status status="PASS" start="2024-05-30T09:16:28.218270" elapsed="0.000675"/>
</kw>
<kw name="List Should Contain Value" owner="Collections">
<msg time="2024-05-30T09:16:28.219940" level="INFO">False</msg>
<arg>${list_country}</arg>
<arg>${name_country}</arg>
<doc>Fails if the ``value`` is not found from ``list``.</doc>
<status status="PASS" start="2024-05-30T09:16:28.219737" elapsed="0.000240"/>
</kw>
<kw name="Run Keyword If" owner="BuiltIn">
<kw name="Should Be True" owner="BuiltIn">
<arg>${True}</arg>
<doc>Fails if the given condition is not true.</doc>
<status status="PASS" start="2024-05-30T09:16:28.221042" elapsed="0.000145"/>
</kw>
<arg>${json_data["results"][0]["location"]["coordinates"]["latitude"]} &gt;= -90 and ${json_data["results"][0]["location"]["coordinates"]["latitude"]} &lt;= 90</arg>
<arg>Should Be True</arg>
<arg>${True}</arg>
<doc>Runs the given keyword with the given arguments, if ``condition`` is true.</doc>
<status status="PASS" start="2024-05-30T09:16:28.220294" elapsed="0.001018"/>
</kw>
<kw name="Run Keyword If" owner="BuiltIn">
<kw name="Should Be True" owner="BuiltIn">
<arg>${True}</arg>
<doc>Fails if the given condition is not true.</doc>
<status status="PASS" start="2024-05-30T09:16:28.222208" elapsed="0.000136"/>
</kw>
<arg>${json_data["results"][0]["location"]["coordinates"]["longitude"]} &gt;= -180 and ${json_data["results"][0]["location"]["coordinates"]["longitude"]} &lt;= 180</arg>
<arg>Should Be True</arg>
<arg>${True}</arg>
<doc>Runs the given keyword with the given arguments, if ``condition`` is true.</doc>
<status status="PASS" start="2024-05-30T09:16:28.221498" elapsed="0.000966"/>
</kw>
<status status="PASS" start="2024-05-30T09:16:28.117799" elapsed="0.104792"/>
</kw>
<doc>Testa o conteúdo específico dos campos retornados pela API.</doc>
<tag>testeConteudo</tag>
<status status="PASS" start="2024-05-30T09:16:28.117321" elapsed="0.105409"/>
</test>
<status status="PASS" start="2024-05-30T09:16:27.032812" elapsed="1.191862"/>
</suite>
<status status="PASS" start="2024-05-30T09:16:27.019535" elapsed="1.210253"/>
</suite>
<statistics>
<total>
<stat pass="5" fail="0" skip="0">All Tests</stat>
</total>
<tag>
<stat pass="1" fail="0" skip="0">testeConteudo</stat>
<stat pass="1" fail="0" skip="0">testeEstruturaResposta</stat>
<stat pass="1" fail="0" skip="0">testeRequisicaoBasica</stat>
<stat pass="1" fail="0" skip="0">testeTiposDados</stat>
</tag>
<suite>
<stat pass="5" fail="0" skip="0" id="s1" name="Tests">Tests</stat>
<stat pass="5" fail="0" skip="0" id="s1-s1" name="Random-User-Test">Tests.Random-User-Test</stat>
</suite>
</statistics>
<errors>
</errors>
</robot>
