<?xml version="1.0" encoding="UTF-8"?>
<robot generator="Robot 7.0 (Python 3.12.2 on linux)" generated="2024-04-01T10:15:22.202668" rpa="false" schemaversion="5">
<suite id="s1" name="Tests" source="/home/runner/work/DesafioQAItauRogerioJordao/DesafioQAItauRogerioJordao/RamdonUser/tests">
<suite id="s1-s1" name="Random-User-Test" source="/home/runner/work/DesafioQAItauRogerioJordao/DesafioQAItauRogerioJordao/RamdonUser/tests/random-user-test.robot">
<test id="s1-s1-t1" name="Conectar" line="13">
<kw name="Conectar API" owner="random-user-service">
<kw name="Create Session" owner="RequestsLibrary">
<msg time="2024-04-01T10:15:22.563919" level="INFO">Creating Session using : alias=consultarAPI, url=https://randomuser.me/, headers={},                     cookies={}, auth=None, timeout=None, proxies=None, verify=False,                     debug=0 </msg>
<arg>consultarAPI</arg>
<arg>${URL}</arg>
<doc>Create Session: create a HTTP session to a server</doc>
<status status="PASS" start="2024-04-01T10:15:22.563702" elapsed="0.000378"/>
</kw>
<status status="PASS" start="2024-04-01T10:15:22.562739" elapsed="0.001691"/>
</kw>
<status status="PASS" start="2024-04-01T10:15:22.562177" elapsed="0.002453"/>
</test>
<test id="s1-s1-t2" name="Validar retorno 200 e JSON Válido" line="16">
<kw name="Teste de Requisicao Basica" owner="random-user-service">
<kw name="GET On Session" owner="RequestsLibrary">
<msg time="2024-04-01T10:15:22.647245" level="INFO">GET Request : url=https://randomuser.me/api 
 path_url=/api 
 headers={'User-Agent': 'python-requests/2.31.0', 'Accept-Encoding': 'gzip, deflate', 'Accept': '*/*', 'Connection': 'keep-alive'} 
 body=None 
 </msg>
<msg time="2024-04-01T10:15:22.647368" level="INFO">GET Response : url=https://randomuser.me/api 
 status=200, reason=OK 
 headers={'Date': 'Mon, 01 Apr 2024 10:15:22 GMT', 'Content-Type': 'application/json; charset=utf-8', 'Transfer-Encoding': 'chunked', 'Connection': 'keep-alive', 'X-Powered-By': 'Express', 'Access-Control-Allow-Origin': '*', 'Cache-Control': 'no-cache', 'ETag': 'W/"49f-qs5fME4AVHjqHlxbNSFBnUMSKg4"', 'Vary': 'Accept-Encoding', 'Content-Encoding': 'gzip', 'CF-Cache-Status': 'DYNAMIC', 'Report-To': '{"endpoints":[{"url":"https:\\/\\/a.nel.cloudflare.com\\/report\\/v4?s=8gkFr%2BFekLcuaD2XsSh7RYKh05HBsCdQLO%2BdJJM0Ays%2FrJHvY3g5V64Yro4bq2EF0kOZRF2psnET03kBeHEJrY7v30YDi42MhuQOIFMy6mI45giEmCl199neosZEflX%2F"}],"group":"cf-nel","max_age":604800}', 'NEL': '{"success_fraction":0,"report_to":"cf-nel","max_age":604800}', 'Server': 'cloudflare', 'CF-RAY': '86d7d14e484d10bb-ORD', 'alt-svc': 'h3=":443"; ma=86400'} 
 body={"results":[{"gender":"female","name":{"title":"Ms","first":"آدرینا","last":"احمدی"},"location":{"street":{"number":768,"name":"آیت‌الله سعیدی"},"city":"خرم‌آباد","state":"ایلام","country":"Iran","postcode":38098,"coordinates":{"latitude":"20.8160","longitude":"11.9610"},"timezone":{"offset":"-7:00","description":"Mountain Time (US &amp; Canada)"}},"email":"adryn.hmdy@example.com","login":{"uuid":"00f31153-4320-4dd8-8bbb-631b981dbd21","username":"silvergorilla308","password":"poncho","salt":"lja12GpU","md5":"b9ddce2ef5786a39e19252fb45ff810c","sha1":"8f590140cc2e239178b1f6243e0d9b35f9e3d7af","sha256":"28e4f15951a9ef996516d5f5ded4e0e6e4de73b467d43a544d75ed70fc395e3b"},"dob":{"date":"1950-02-13T18:10:39.762Z","age":74},"registered":{"date":"2016-07-31T02:29:40.257Z","age":7},"phone":"050-87810453","cell":"0904-700-9455","id":{"name":"","value":null},"picture":{"large":"https://randomuser.me/api/portraits/women/60.jpg","medium":"https://randomuser.me/api/portraits/med/women/60.jpg","thumbnail":"https://randomuser.me/api/portraits/thumb/women/60.jpg"},"nat":"IR"}],"info":{"seed":"12fa16a852540662","results":1,"page":1,"version":"1.4"}} 
 </msg>
<msg time="2024-04-01T10:15:22.647474" level="INFO">/opt/hostedtoolcache/Python/3.12.2/x64/lib/python3.12/site-packages/urllib3/connectionpool.py:1103: InsecureRequestWarning: Unverified HTTPS request is being made to host 'randomuser.me'. Adding certificate verification is strongly advised. See: https://urllib3.readthedocs.io/en/latest/advanced-usage.html#tls-warnings
  warnings.warn(</msg>
<msg time="2024-04-01T10:15:22.647630" level="INFO">${response} = &lt;Response [200]&gt;</msg>
<var>${response}</var>
<arg>consultarAPI</arg>
<arg>/api</arg>
<doc>Sends a GET request on a previously created HTTP Session.</doc>
<status status="PASS" start="2024-04-01T10:15:22.567213" elapsed="0.080458"/>
</kw>
<kw name="Should Be Equal As Numbers" owner="BuiltIn">
<msg time="2024-04-01T10:15:22.648554" level="INFO">Argument types are:
&lt;class 'int'&gt;
&lt;class 'str'&gt;</msg>
<arg>${response.status_code}</arg>
<arg>200</arg>
<doc>Fails if objects are unequal after converting them to real numbers.</doc>
<status status="PASS" start="2024-04-01T10:15:22.648131" elapsed="0.000486"/>
</kw>
<kw name="Log" owner="BuiltIn">
<msg time="2024-04-01T10:15:22.649291" level="INFO">200</msg>
<arg>${response.status_code}</arg>
<doc>Logs the given message with the given level.</doc>
<status status="PASS" start="2024-04-01T10:15:22.648935" elapsed="0.000399"/>
</kw>
<kw name="Set Variable" owner="BuiltIn">
<msg time="2024-04-01T10:15:22.650114" level="INFO">${json_data} = {'results': [{'gender': 'female', 'name': {'title': 'Ms', 'first': 'آدرینا', 'last': 'احمدی'}, 'location': {'street': {'number': 768, 'name': 'آیت\u200cالله سعیدی'}, 'city': 'خرم\u200cآباد', 'state': ...</msg>
<var>${json_data}</var>
<arg>${response.json()}</arg>
<doc>Returns the given values which can then be assigned to a variables.</doc>
<status status="PASS" start="2024-04-01T10:15:22.649664" elapsed="0.000480"/>
</kw>
<kw name="Dictionary Should Contain Key" owner="Collections">
<msg time="2024-04-01T10:15:22.650822" level="INFO">False</msg>
<arg>${json_data}</arg>
<arg>results</arg>
<doc>Fails if ``key`` is not found from ``dictionary``.</doc>
<status status="PASS" start="2024-04-01T10:15:22.650561" elapsed="0.000329"/>
</kw>
<status status="PASS" start="2024-04-01T10:15:22.566964" elapsed="0.084418"/>
</kw>
<doc>Testa se a API responde corretamente e retorna um objeto JSON válido.</doc>
<tag>testeRequisicaoBasica</tag>
<status status="PASS" start="2024-04-01T10:15:22.566445" elapsed="0.085273"/>
</test>
<test id="s1-s1-t3" name="Validar estrutura de resposta" line="22">
<kw name="Teste de Estrutura de Resposta" owner="random-user-service">
<kw name="GET On Session" owner="RequestsLibrary">
<msg time="2024-04-01T10:15:22.748655" level="INFO">GET Request : url=https://randomuser.me/api 
 path_url=/api 
 headers={'User-Agent': 'python-requests/2.31.0', 'Accept-Encoding': 'gzip, deflate', 'Accept': '*/*', 'Connection': 'keep-alive'} 
 body=None 
 </msg>
<msg time="2024-04-01T10:15:22.748733" level="INFO">GET Response : url=https://randomuser.me/api 
 status=200, reason=OK 
 headers={'Date': 'Mon, 01 Apr 2024 10:15:22 GMT', 'Content-Type': 'application/json; charset=utf-8', 'Transfer-Encoding': 'chunked', 'Connection': 'keep-alive', 'X-Powered-By': 'Express', 'Access-Control-Allow-Origin': '*', 'Cache-Control': 'no-cache', 'ETag': 'W/"481-pMzrKfRoPZ//ZyITL53VoBgZQyc"', 'Vary': 'Accept-Encoding', 'Content-Encoding': 'gzip', 'CF-Cache-Status': 'DYNAMIC', 'Report-To': '{"endpoints":[{"url":"https:\\/\\/a.nel.cloudflare.com\\/report\\/v4?s=yafw11n%2FmAARtS%2FHD%2BkAdDThSAKInrThwlkwEb%2F4DX7cQwe4CEQHAfIBQJIGAVyISMkSrNSL%2Bx8SCrMX9L9jIMmlq2XSUA%2FKKh%2BSA3jbI7UcQ9mp5j%2FWrfNalsOb12vc"}],"group":"cf-nel","max_age":604800}', 'NEL': '{"success_fraction":0,"report_to":"cf-nel","max_age":604800}', 'Server': 'cloudflare', 'CF-RAY': '86d7d14e986f10bb-ORD', 'alt-svc': 'h3=":443"; ma=86400'} 
 body={"results":[{"gender":"male","name":{"title":"Mr","first":"Emilio","last":"Pastor"},"location":{"street":{"number":5349,"name":"Calle de La Luna"},"city":"Orense","state":"Islas Baleares","country":"Spain","postcode":91610,"coordinates":{"latitude":"-38.1465","longitude":"-80.1046"},"timezone":{"offset":"-11:00","description":"Midway Island, Samoa"}},"email":"emilio.pastor@example.com","login":{"uuid":"4b0889be-38c3-4f82-a50d-40144f04528f","username":"angrysnake367","password":"eminem","salt":"oGXn9HjO","md5":"0593f9db85378a28e0f417567f829ba6","sha1":"fb200ad14546c469e176e395d05ed5d03aca774a","sha256":"e6a085c38fad3172a83d51c5ea1ce7d46a2faa3f8953c651a21d80cbf7179ed0"},"dob":{"date":"1946-01-15T13:43:41.044Z","age":78},"registered":{"date":"2004-06-02T13:31:37.532Z","age":19},"phone":"929-023-159","cell":"652-846-552","id":{"name":"DNI","value":"62392859-D"},"picture":{"large":"https://randomuser.me/api/portraits/men/28.jpg","medium":"https://randomuser.me/api/portraits/med/men/28.jpg","thumbnail":"https://randomuser.me/api/portraits/thumb/men/28.jpg"},"nat":"ES"}],"info":{"seed":"e13fe0373ee722dd","results":1,"page":1,"version":"1.4"}} 
 </msg>
<msg time="2024-04-01T10:15:22.748860" level="INFO">/opt/hostedtoolcache/Python/3.12.2/x64/lib/python3.12/site-packages/urllib3/connectionpool.py:1103: InsecureRequestWarning: Unverified HTTPS request is being made to host 'randomuser.me'. Adding certificate verification is strongly advised. See: https://urllib3.readthedocs.io/en/latest/advanced-usage.html#tls-warnings
  warnings.warn(</msg>
<msg time="2024-04-01T10:15:22.748999" level="INFO">${response} = &lt;Response [200]&gt;</msg>
<var>${response}</var>
<arg>consultarAPI</arg>
<arg>/api</arg>
<doc>Sends a GET request on a previously created HTTP Session.</doc>
<status status="PASS" start="2024-04-01T10:15:22.654505" elapsed="0.094540"/>
</kw>
<kw name="Set Variable" owner="BuiltIn">
<msg time="2024-04-01T10:15:22.749901" level="INFO">${json_data} = {'results': [{'gender': 'male', 'name': {'title': 'Mr', 'first': 'Emilio', 'last': 'Pastor'}, 'location': {'street': {'number': 5349, 'name': 'Calle de La Luna'}, 'city': 'Orense', 'state': 'Islas Bal...</msg>
<var>${json_data}</var>
<arg>${response.json()}</arg>
<doc>Returns the given values which can then be assigned to a variables.</doc>
<status status="PASS" start="2024-04-01T10:15:22.749464" elapsed="0.000465"/>
</kw>
<kw name="Log" owner="BuiltIn">
<msg time="2024-04-01T10:15:22.750392" level="INFO">{'results': [{'gender': 'male', 'name': {'title': 'Mr', 'first': 'Emilio', 'last': 'Pastor'}, 'location': {'street': {'number': 5349, 'name': 'Calle de La Luna'}, 'city': 'Orense', 'state': 'Islas Baleares', 'country': 'Spain', 'postcode': 91610, 'coordinates': {'latitude': '-38.1465', 'longitude': '-80.1046'}, 'timezone': {'offset': '-11:00', 'description': 'Midway Island, Samoa'}}, 'email': 'emilio.pastor@example.com', 'login': {'uuid': '4b0889be-38c3-4f82-a50d-40144f04528f', 'username': 'angrysnake367', 'password': 'eminem', 'salt': 'oGXn9HjO', 'md5': '0593f9db85378a28e0f417567f829ba6', 'sha1': 'fb200ad14546c469e176e395d05ed5d03aca774a', 'sha256': 'e6a085c38fad3172a83d51c5ea1ce7d46a2faa3f8953c651a21d80cbf7179ed0'}, 'dob': {'date': '1946-01-15T13:43:41.044Z', 'age': 78}, 'registered': {'date': '2004-06-02T13:31:37.532Z', 'age': 19}, 'phone': '929-023-159', 'cell': '652-846-552', 'id': {'name': 'DNI', 'value': '62392859-D'}, 'picture': {'large': 'https://randomuser.me/api/portraits/men/28.jpg', 'medium': 'https://randomuser.me/api/portraits/med/men/28.jpg', 'thumbnail': 'https://randomuser.me/api/portraits/thumb/men/28.jpg'}, 'nat': 'ES'}], 'info': {'seed': 'e13fe0373ee722dd', 'results': 1, 'page': 1, 'version': '1.4'}}</msg>
<arg>${json_data}</arg>
<doc>Logs the given message with the given level.</doc>
<status status="PASS" start="2024-04-01T10:15:22.750236" elapsed="0.000205"/>
</kw>
<kw name="Dictionary Should Contain Key" owner="Collections">
<msg time="2024-04-01T10:15:22.750882" level="INFO">False</msg>
<arg>${json_data}</arg>
<arg>results</arg>
<doc>Fails if ``key`` is not found from ``dictionary``.</doc>
<status status="PASS" start="2024-04-01T10:15:22.750733" elapsed="0.000185"/>
</kw>
<kw name="Should Not Be Empty" owner="BuiltIn">
<msg time="2024-04-01T10:15:22.751343" level="INFO">Length is 2.</msg>
<arg>${json_data}</arg>
<doc>Verifies that the given item is not empty.</doc>
<status status="PASS" start="2024-04-01T10:15:22.751211" elapsed="0.000170"/>
</kw>
<kw name="Create List" owner="BuiltIn">
<msg time="2024-04-01T10:15:22.751844" level="INFO">${expected_keys} = ['gender', 'name', 'location', 'email', 'login']</msg>
<var>${expected_keys}</var>
<arg>gender</arg>
<arg>name</arg>
<arg>location</arg>
<arg>email</arg>
<arg>login</arg>
<doc>Returns a list containing given items.</doc>
<status status="PASS" start="2024-04-01T10:15:22.751671" elapsed="0.000198"/>
</kw>
<for flavor="IN">
<iter>
<kw name="Dictionary Should Contain Key" owner="Collections">
<msg time="2024-04-01T10:15:22.752899" level="INFO">False</msg>
<arg>${json_data['results'][0]}</arg>
<arg>${key}</arg>
<doc>Fails if ``key`` is not found from ``dictionary``.</doc>
<status status="PASS" start="2024-04-01T10:15:22.752488" elapsed="0.000451"/>
</kw>
<kw name="Log" owner="BuiltIn">
<msg time="2024-04-01T10:15:22.753610" level="INFO">{'gender': 'male', 'name': {'title': 'Mr', 'first': 'Emilio', 'last': 'Pastor'}, 'location': {'street': {'number': 5349, 'name': 'Calle de La Luna'}, 'city': 'Orense', 'state': 'Islas Baleares', 'country': 'Spain', 'postcode': 91610, 'coordinates': {'latitude': '-38.1465', 'longitude': '-80.1046'}, 'timezone': {'offset': '-11:00', 'description': 'Midway Island, Samoa'}}, 'email': 'emilio.pastor@example.com', 'login': {'uuid': '4b0889be-38c3-4f82-a50d-40144f04528f', 'username': 'angrysnake367', 'password': 'eminem', 'salt': 'oGXn9HjO', 'md5': '0593f9db85378a28e0f417567f829ba6', 'sha1': 'fb200ad14546c469e176e395d05ed5d03aca774a', 'sha256': 'e6a085c38fad3172a83d51c5ea1ce7d46a2faa3f8953c651a21d80cbf7179ed0'}, 'dob': {'date': '1946-01-15T13:43:41.044Z', 'age': 78}, 'registered': {'date': '2004-06-02T13:31:37.532Z', 'age': 19}, 'phone': '929-023-159', 'cell': '652-846-552', 'id': {'name': 'DNI', 'value': '62392859-D'}, 'picture': {'large': 'https://randomuser.me/api/portraits/men/28.jpg', 'medium': 'https://randomuser.me/api/portraits/med/men/28.jpg', 'thumbnail': 'https://randomuser.me/api/portraits/thumb/men/28.jpg'}, 'nat': 'ES'}</msg>
<arg>${json_data['results'][0]}</arg>
<doc>Logs the given message with the given level.</doc>
<status status="PASS" start="2024-04-01T10:15:22.753244" elapsed="0.000420"/>
</kw>
<kw name="Log" owner="BuiltIn">
<msg time="2024-04-01T10:15:22.754100" level="INFO">gender</msg>
<arg>${key}</arg>
<doc>Logs the given message with the given level.</doc>
<status status="PASS" start="2024-04-01T10:15:22.753969" elapsed="0.000170"/>
</kw>
<var name="${key}">gender</var>
<status status="PASS" start="2024-04-01T10:15:22.752356" elapsed="0.002005"/>
</iter>
<iter>
<kw name="Dictionary Should Contain Key" owner="Collections">
<msg time="2024-04-01T10:15:22.755056" level="INFO">False</msg>
<arg>${json_data['results'][0]}</arg>
<arg>${key}</arg>
<doc>Fails if ``key`` is not found from ``dictionary``.</doc>
<status status="PASS" start="2024-04-01T10:15:22.754666" elapsed="0.000427"/>
</kw>
<kw name="Log" owner="BuiltIn">
<msg time="2024-04-01T10:15:22.755788" level="INFO">{'gender': 'male', 'name': {'title': 'Mr', 'first': 'Emilio', 'last': 'Pastor'}, 'location': {'street': {'number': 5349, 'name': 'Calle de La Luna'}, 'city': 'Orense', 'state': 'Islas Baleares', 'country': 'Spain', 'postcode': 91610, 'coordinates': {'latitude': '-38.1465', 'longitude': '-80.1046'}, 'timezone': {'offset': '-11:00', 'description': 'Midway Island, Samoa'}}, 'email': 'emilio.pastor@example.com', 'login': {'uuid': '4b0889be-38c3-4f82-a50d-40144f04528f', 'username': 'angrysnake367', 'password': 'eminem', 'salt': 'oGXn9HjO', 'md5': '0593f9db85378a28e0f417567f829ba6', 'sha1': 'fb200ad14546c469e176e395d05ed5d03aca774a', 'sha256': 'e6a085c38fad3172a83d51c5ea1ce7d46a2faa3f8953c651a21d80cbf7179ed0'}, 'dob': {'date': '1946-01-15T13:43:41.044Z', 'age': 78}, 'registered': {'date': '2004-06-02T13:31:37.532Z', 'age': 19}, 'phone': '929-023-159', 'cell': '652-846-552', 'id': {'name': 'DNI', 'value': '62392859-D'}, 'picture': {'large': 'https://randomuser.me/api/portraits/men/28.jpg', 'medium': 'https://randomuser.me/api/portraits/med/men/28.jpg', 'thumbnail': 'https://randomuser.me/api/portraits/thumb/men/28.jpg'}, 'nat': 'ES'}</msg>
<arg>${json_data['results'][0]}</arg>
<doc>Logs the given message with the given level.</doc>
<status status="PASS" start="2024-04-01T10:15:22.755426" elapsed="0.000410"/>
</kw>
<kw name="Log" owner="BuiltIn">
<msg time="2024-04-01T10:15:22.756286" level="INFO">name</msg>
<arg>${key}</arg>
<doc>Logs the given message with the given level.</doc>
<status status="PASS" start="2024-04-01T10:15:22.756158" elapsed="0.000165"/>
</kw>
<var name="${key}">name</var>
<status status="PASS" start="2024-04-01T10:15:22.754551" elapsed="0.001986"/>
</iter>
<iter>
<kw name="Dictionary Should Contain Key" owner="Collections">
<msg time="2024-04-01T10:15:22.757203" level="INFO">False</msg>
<arg>${json_data['results'][0]}</arg>
<arg>${key}</arg>
<doc>Fails if ``key`` is not found from ``dictionary``.</doc>
<status status="PASS" start="2024-04-01T10:15:22.756828" elapsed="0.000413"/>
</kw>
<kw name="Log" owner="BuiltIn">
<msg time="2024-04-01T10:15:22.757899" level="INFO">{'gender': 'male', 'name': {'title': 'Mr', 'first': 'Emilio', 'last': 'Pastor'}, 'location': {'street': {'number': 5349, 'name': 'Calle de La Luna'}, 'city': 'Orense', 'state': 'Islas Baleares', 'country': 'Spain', 'postcode': 91610, 'coordinates': {'latitude': '-38.1465', 'longitude': '-80.1046'}, 'timezone': {'offset': '-11:00', 'description': 'Midway Island, Samoa'}}, 'email': 'emilio.pastor@example.com', 'login': {'uuid': '4b0889be-38c3-4f82-a50d-40144f04528f', 'username': 'angrysnake367', 'password': 'eminem', 'salt': 'oGXn9HjO', 'md5': '0593f9db85378a28e0f417567f829ba6', 'sha1': 'fb200ad14546c469e176e395d05ed5d03aca774a', 'sha256': 'e6a085c38fad3172a83d51c5ea1ce7d46a2faa3f8953c651a21d80cbf7179ed0'}, 'dob': {'date': '1946-01-15T13:43:41.044Z', 'age': 78}, 'registered': {'date': '2004-06-02T13:31:37.532Z', 'age': 19}, 'phone': '929-023-159', 'cell': '652-846-552', 'id': {'name': 'DNI', 'value': '62392859-D'}, 'picture': {'large': 'https://randomuser.me/api/portraits/men/28.jpg', 'medium': 'https://randomuser.me/api/portraits/med/men/28.jpg', 'thumbnail': 'https://randomuser.me/api/portraits/thumb/men/28.jpg'}, 'nat': 'ES'}</msg>
<arg>${json_data['results'][0]}</arg>
<doc>Logs the given message with the given level.</doc>
<status status="PASS" start="2024-04-01T10:15:22.757538" elapsed="0.000411"/>
</kw>
<kw name="Log" owner="BuiltIn">
<msg time="2024-04-01T10:15:22.758366" level="INFO">location</msg>
<arg>${key}</arg>
<doc>Logs the given message with the given level.</doc>
<status status="PASS" start="2024-04-01T10:15:22.758240" elapsed="0.000163"/>
</kw>
<var name="${key}">location</var>
<status status="PASS" start="2024-04-01T10:15:22.756716" elapsed="0.001899"/>
</iter>
<iter>
<kw name="Dictionary Should Contain Key" owner="Collections">
<msg time="2024-04-01T10:15:22.759269" level="INFO">False</msg>
<arg>${json_data['results'][0]}</arg>
<arg>${key}</arg>
<doc>Fails if ``key`` is not found from ``dictionary``.</doc>
<status status="PASS" start="2024-04-01T10:15:22.758895" elapsed="0.000411"/>
</kw>
<kw name="Log" owner="BuiltIn">
<msg time="2024-04-01T10:15:22.759980" level="INFO">{'gender': 'male', 'name': {'title': 'Mr', 'first': 'Emilio', 'last': 'Pastor'}, 'location': {'street': {'number': 5349, 'name': 'Calle de La Luna'}, 'city': 'Orense', 'state': 'Islas Baleares', 'country': 'Spain', 'postcode': 91610, 'coordinates': {'latitude': '-38.1465', 'longitude': '-80.1046'}, 'timezone': {'offset': '-11:00', 'description': 'Midway Island, Samoa'}}, 'email': 'emilio.pastor@example.com', 'login': {'uuid': '4b0889be-38c3-4f82-a50d-40144f04528f', 'username': 'angrysnake367', 'password': 'eminem', 'salt': 'oGXn9HjO', 'md5': '0593f9db85378a28e0f417567f829ba6', 'sha1': 'fb200ad14546c469e176e395d05ed5d03aca774a', 'sha256': 'e6a085c38fad3172a83d51c5ea1ce7d46a2faa3f8953c651a21d80cbf7179ed0'}, 'dob': {'date': '1946-01-15T13:43:41.044Z', 'age': 78}, 'registered': {'date': '2004-06-02T13:31:37.532Z', 'age': 19}, 'phone': '929-023-159', 'cell': '652-846-552', 'id': {'name': 'DNI', 'value': '62392859-D'}, 'picture': {'large': 'https://randomuser.me/api/portraits/men/28.jpg', 'medium': 'https://randomuser.me/api/portraits/med/men/28.jpg', 'thumbnail': 'https://randomuser.me/api/portraits/thumb/men/28.jpg'}, 'nat': 'ES'}</msg>
<arg>${json_data['results'][0]}</arg>
<doc>Logs the given message with the given level.</doc>
<status status="PASS" start="2024-04-01T10:15:22.759601" elapsed="0.000425"/>
</kw>
<kw name="Log" owner="BuiltIn">
<msg time="2024-04-01T10:15:22.760445" level="INFO">email</msg>
<arg>${key}</arg>
<doc>Logs the given message with the given level.</doc>
<status status="PASS" start="2024-04-01T10:15:22.760318" elapsed="0.000164"/>
</kw>
<var name="${key}">email</var>
<status status="PASS" start="2024-04-01T10:15:22.758786" elapsed="0.001917"/>
</iter>
<iter>
<kw name="Dictionary Should Contain Key" owner="Collections">
<msg time="2024-04-01T10:15:22.761373" level="INFO">False</msg>
<arg>${json_data['results'][0]}</arg>
<arg>${key}</arg>
<doc>Fails if ``key`` is not found from ``dictionary``.</doc>
<status status="PASS" start="2024-04-01T10:15:22.760990" elapsed="0.000420"/>
</kw>
<kw name="Log" owner="BuiltIn">
<msg time="2024-04-01T10:15:22.762057" level="INFO">{'gender': 'male', 'name': {'title': 'Mr', 'first': 'Emilio', 'last': 'Pastor'}, 'location': {'street': {'number': 5349, 'name': 'Calle de La Luna'}, 'city': 'Orense', 'state': 'Islas Baleares', 'country': 'Spain', 'postcode': 91610, 'coordinates': {'latitude': '-38.1465', 'longitude': '-80.1046'}, 'timezone': {'offset': '-11:00', 'description': 'Midway Island, Samoa'}}, 'email': 'emilio.pastor@example.com', 'login': {'uuid': '4b0889be-38c3-4f82-a50d-40144f04528f', 'username': 'angrysnake367', 'password': 'eminem', 'salt': 'oGXn9HjO', 'md5': '0593f9db85378a28e0f417567f829ba6', 'sha1': 'fb200ad14546c469e176e395d05ed5d03aca774a', 'sha256': 'e6a085c38fad3172a83d51c5ea1ce7d46a2faa3f8953c651a21d80cbf7179ed0'}, 'dob': {'date': '1946-01-15T13:43:41.044Z', 'age': 78}, 'registered': {'date': '2004-06-02T13:31:37.532Z', 'age': 19}, 'phone': '929-023-159', 'cell': '652-846-552', 'id': {'name': 'DNI', 'value': '62392859-D'}, 'picture': {'large': 'https://randomuser.me/api/portraits/men/28.jpg', 'medium': 'https://randomuser.me/api/portraits/med/men/28.jpg', 'thumbnail': 'https://randomuser.me/api/portraits/thumb/men/28.jpg'}, 'nat': 'ES'}</msg>
<arg>${json_data['results'][0]}</arg>
<doc>Logs the given message with the given level.</doc>
<status status="PASS" start="2024-04-01T10:15:22.761700" elapsed="0.000403"/>
</kw>
<kw name="Log" owner="BuiltIn">
<msg time="2024-04-01T10:15:22.762521" level="INFO">login</msg>
<arg>${key}</arg>
<doc>Logs the given message with the given level.</doc>
<status status="PASS" start="2024-04-01T10:15:22.762396" elapsed="0.000265"/>
</kw>
<var name="${key}">login</var>
<status status="PASS" start="2024-04-01T10:15:22.760876" elapsed="0.002018"/>
</iter>
<var>${key}</var>
<value>@{expected_keys}</value>
<status status="PASS" start="2024-04-01T10:15:22.752171" elapsed="0.010870"/>
</for>
<kw name="Create List" owner="BuiltIn">
<msg time="2024-04-01T10:15:22.763378" level="INFO">${expected_keysTwo} = ['username', 'password']</msg>
<var>${expected_keysTwo}</var>
<arg>username</arg>
<arg>password</arg>
<doc>Returns a list containing given items.</doc>
<status status="PASS" start="2024-04-01T10:15:22.763242" elapsed="0.000160"/>
</kw>
<for flavor="IN">
<iter>
<kw name="Dictionary Should Contain Key" owner="Collections">
<msg time="2024-04-01T10:15:22.764307" level="INFO">False</msg>
<arg>${json_data['results'][0]['login']}</arg>
<arg>${keyTwo}</arg>
<doc>Fails if ``key`` is not found from ``dictionary``.</doc>
<status status="PASS" start="2024-04-01T10:15:22.763920" elapsed="0.000426"/>
</kw>
<kw name="Dictionary Should Contain Key" owner="Collections">
<msg time="2024-04-01T10:15:22.765017" level="INFO">False</msg>
<arg>${json_data['results'][0]['login']}</arg>
<arg>${keyTwo}</arg>
<doc>Fails if ``key`` is not found from ``dictionary``.</doc>
<status status="PASS" start="2024-04-01T10:15:22.764640" elapsed="0.000415"/>
</kw>
<kw name="Log" owner="BuiltIn">
<msg time="2024-04-01T10:15:22.765469" level="INFO">username</msg>
<arg>${keyTwo}</arg>
<doc>Logs the given message with the given level.</doc>
<status status="PASS" start="2024-04-01T10:15:22.765342" elapsed="0.000163"/>
</kw>
<var name="${keyTwo}">username</var>
<status status="PASS" start="2024-04-01T10:15:22.763789" elapsed="0.001928"/>
</iter>
<iter>
<kw name="Dictionary Should Contain Key" owner="Collections">
<msg time="2024-04-01T10:15:22.766378" level="INFO">False</msg>
<arg>${json_data['results'][0]['login']}</arg>
<arg>${keyTwo}</arg>
<doc>Fails if ``key`` is not found from ``dictionary``.</doc>
<status status="PASS" start="2024-04-01T10:15:22.765999" elapsed="0.000416"/>
</kw>
<kw name="Dictionary Should Contain Key" owner="Collections">
<msg time="2024-04-01T10:15:22.767082" level="INFO">False</msg>
<arg>${json_data['results'][0]['login']}</arg>
<arg>${keyTwo}</arg>
<doc>Fails if ``key`` is not found from ``dictionary``.</doc>
<status status="PASS" start="2024-04-01T10:15:22.766708" elapsed="0.000412"/>
</kw>
<kw name="Log" owner="BuiltIn">
<msg time="2024-04-01T10:15:22.767536" level="INFO">password</msg>
<arg>${keyTwo}</arg>
<doc>Logs the given message with the given level.</doc>
<status status="PASS" start="2024-04-01T10:15:22.767410" elapsed="0.000164"/>
</kw>
<var name="${keyTwo}">password</var>
<status status="PASS" start="2024-04-01T10:15:22.765890" elapsed="0.001899"/>
</iter>
<var>${keyTwo}</var>
<value>@{expected_keysTwo}</value>
<status status="PASS" start="2024-04-01T10:15:22.763637" elapsed="0.004340"/>
</for>
<status status="PASS" start="2024-04-01T10:15:22.654250" elapsed="0.113875"/>
</kw>
<doc>Testa a estrutura da resposta da API.</doc>
<tag>testeEstruturaResposta</tag>
<status status="PASS" start="2024-04-01T10:15:22.653641" elapsed="0.114634"/>
</test>
<test id="s1-s1-t4" name="Validar tipos de dados" line="28">
<kw name="Teste de Tipos de Dados" owner="random-user-service">
<kw name="GET On Session" owner="RequestsLibrary">
<msg time="2024-04-01T10:15:22.845494" level="INFO">GET Request : url=https://randomuser.me/api 
 path_url=/api 
 headers={'User-Agent': 'python-requests/2.31.0', 'Accept-Encoding': 'gzip, deflate', 'Accept': '*/*', 'Connection': 'keep-alive'} 
 body=None 
 </msg>
<msg time="2024-04-01T10:15:22.845570" level="INFO">GET Response : url=https://randomuser.me/api 
 status=200, reason=OK 
 headers={'Date': 'Mon, 01 Apr 2024 10:15:22 GMT', 'Content-Type': 'application/json; charset=utf-8', 'Transfer-Encoding': 'chunked', 'Connection': 'keep-alive', 'X-Powered-By': 'Express', 'Access-Control-Allow-Origin': '*', 'Cache-Control': 'no-cache', 'ETag': 'W/"474-/ASBQM6E7roVoZFXV8zSmU6IyTg"', 'Vary': 'Accept-Encoding', 'Content-Encoding': 'gzip', 'CF-Cache-Status': 'DYNAMIC', 'Report-To': '{"endpoints":[{"url":"https:\\/\\/a.nel.cloudflare.com\\/report\\/v4?s=k43NF60iLHLznXm1OokR0KYS%2BYOjiwLr7QiSPcxdrvC9vDvuec6fUPRs5g27yw3oCS7HCwP7CzPhqiaXeJHkIeoXw%2BXq%2FZbPBpRt1mmJrCkjHrTYhGEYz0KbVz6nOJc4"}],"group":"cf-nel","max_age":604800}', 'NEL': '{"success_fraction":0,"report_to":"cf-nel","max_age":604800}', 'Server': 'cloudflare', 'CF-RAY': '86d7d14f49c310bb-ORD', 'alt-svc': 'h3=":443"; ma=86400'} 
 body={"results":[{"gender":"male","name":{"title":"Mr","first":"Tony","last":"Holt"},"location":{"street":{"number":5901,"name":"Daisy Dr"},"city":"Adelaide","state":"South Australia","country":"Australia","postcode":3305,"coordinates":{"latitude":"-87.5895","longitude":"-60.0386"},"timezone":{"offset":"+9:30","description":"Adelaide, Darwin"}},"email":"tony.holt@example.com","login":{"uuid":"f6e9208a-179f-48f9-88c9-0cedbe13eaa0","username":"silvermeercat115","password":"kajak","salt":"fBI8I0Lt","md5":"99a59d53d766da8aa6afdad52b15e295","sha1":"12e18848e43bb25aea15c1a969d2b53d1ba574f3","sha256":"76dddcdd8155f3c6ce20c54f08e8137e16ed10e71e2379ff74794092b5779c3f"},"dob":{"date":"1988-11-17T11:07:07.060Z","age":35},"registered":{"date":"2021-01-03T09:08:47.754Z","age":3},"phone":"07-9028-6606","cell":"0494-495-957","id":{"name":"TFN","value":"279963061"},"picture":{"large":"https://randomuser.me/api/portraits/men/84.jpg","medium":"https://randomuser.me/api/portraits/med/men/84.jpg","thumbnail":"https://randomuser.me/api/portraits/thumb/men/84.jpg"},"nat":"AU"}],"info":{"seed":"ec8bc325c5a73c81","results":1,"page":1,"version":"1.4"}} 
 </msg>
<msg time="2024-04-01T10:15:22.845633" level="INFO">/opt/hostedtoolcache/Python/3.12.2/x64/lib/python3.12/site-packages/urllib3/connectionpool.py:1103: InsecureRequestWarning: Unverified HTTPS request is being made to host 'randomuser.me'. Adding certificate verification is strongly advised. See: https://urllib3.readthedocs.io/en/latest/advanced-usage.html#tls-warnings
  warnings.warn(</msg>
<msg time="2024-04-01T10:15:22.845741" level="INFO">${response} = &lt;Response [200]&gt;</msg>
<var>${response}</var>
<arg>consultarAPI</arg>
<arg>/api</arg>
<doc>Sends a GET request on a previously created HTTP Session.</doc>
<status status="PASS" start="2024-04-01T10:15:22.770629" elapsed="0.075149"/>
</kw>
<kw name="Set Variable" owner="BuiltIn">
<msg time="2024-04-01T10:15:22.846569" level="INFO">${json_data} = {'results': [{'gender': 'male', 'name': {'title': 'Mr', 'first': 'Tony', 'last': 'Holt'}, 'location': {'street': {'number': 5901, 'name': 'Daisy Dr'}, 'city': 'Adelaide', 'state': 'South Australia', '...</msg>
<var>${json_data}</var>
<arg>${response.json()}</arg>
<doc>Returns the given values which can then be assigned to a variables.</doc>
<status status="PASS" start="2024-04-01T10:15:22.846130" elapsed="0.000467"/>
</kw>
<kw name="Log" owner="BuiltIn">
<msg time="2024-04-01T10:15:22.847064" level="INFO">{'results': [{'gender': 'male', 'name': {'title': 'Mr', 'first': 'Tony', 'last': 'Holt'}, 'location': {'street': {'number': 5901, 'name': 'Daisy Dr'}, 'city': 'Adelaide', 'state': 'South Australia', 'country': 'Australia', 'postcode': 3305, 'coordinates': {'latitude': '-87.5895', 'longitude': '-60.0386'}, 'timezone': {'offset': '+9:30', 'description': 'Adelaide, Darwin'}}, 'email': 'tony.holt@example.com', 'login': {'uuid': 'f6e9208a-179f-48f9-88c9-0cedbe13eaa0', 'username': 'silvermeercat115', 'password': 'kajak', 'salt': 'fBI8I0Lt', 'md5': '99a59d53d766da8aa6afdad52b15e295', 'sha1': '12e18848e43bb25aea15c1a969d2b53d1ba574f3', 'sha256': '76dddcdd8155f3c6ce20c54f08e8137e16ed10e71e2379ff74794092b5779c3f'}, 'dob': {'date': '1988-11-17T11:07:07.060Z', 'age': 35}, 'registered': {'date': '2021-01-03T09:08:47.754Z', 'age': 3}, 'phone': '07-9028-6606', 'cell': '0494-495-957', 'id': {'name': 'TFN', 'value': '279963061'}, 'picture': {'large': 'https://randomuser.me/api/portraits/men/84.jpg', 'medium': 'https://randomuser.me/api/portraits/med/men/84.jpg', 'thumbnail': 'https://randomuser.me/api/portraits/thumb/men/84.jpg'}, 'nat': 'AU'}], 'info': {'seed': 'ec8bc325c5a73c81', 'results': 1, 'page': 1, 'version': '1.4'}}</msg>
<arg>${json_data}</arg>
<doc>Logs the given message with the given level.</doc>
<status status="PASS" start="2024-04-01T10:15:22.846913" elapsed="0.000228"/>
</kw>
<kw name="Should Be String" owner="String">
<arg>${json_data['results'][0]['gender']}</arg>
<doc>Fails if the given ``item`` is not a string.</doc>
<status status="PASS" start="2024-04-01T10:15:22.847438" elapsed="0.000358"/>
</kw>
<kw name="Should Match Regexp" owner="BuiltIn">
<arg>${json_data['results'][0]['email']}</arg>
<arg>^[a-zA-Z0-9._%+-]+@[a-zA-Z0-9.-]+\.[a-zA-Z]{2,}$</arg>
<doc>Fails if ``string`` does not match ``pattern`` as a regular expression.</doc>
<status status="PASS" start="2024-04-01T10:15:22.848019" elapsed="0.000508"/>
</kw>
<kw name="Should Match Regexp" owner="BuiltIn">
<arg>${json_data['results'][0]['dob']['date']}</arg>
<arg>\\d{4}-\\d{2}-\\d{2}T\\d{2}:\\d{2}:\\d{2}\\.\\d{3}Z</arg>
<doc>Fails if ``string`` does not match ``pattern`` as a regular expression.</doc>
<status status="PASS" start="2024-04-01T10:15:22.848724" elapsed="0.000487"/>
</kw>
<kw name="Should Match Regexp" owner="BuiltIn">
<arg>${json_data['results'][0]['registered']['date']}</arg>
<arg>\\d{4}-\\d{2}-\\d{2}T\\d{2}:\\d{2}:\\d{2}\\.\\d{3}Z</arg>
<doc>Fails if ``string`` does not match ``pattern`` as a regular expression.</doc>
<status status="PASS" start="2024-04-01T10:15:22.849401" elapsed="0.000372"/>
</kw>
<kw name="Should Match Regexp" owner="BuiltIn">
<arg>${json_data['results'][0]['picture']['large']}</arg>
<arg>^https?://.*\.(?:png|jpe?g|gif|bmp)$</arg>
<doc>Fails if ``string`` does not match ``pattern`` as a regular expression.</doc>
<status status="PASS" start="2024-04-01T10:15:22.849958" elapsed="0.000451"/>
</kw>
<kw name="Should Match Regexp" owner="BuiltIn">
<arg>${json_data['results'][0]['picture']['medium']}</arg>
<arg>^https?://.*\.(?:png|jpe?g|gif|bmp)$</arg>
<doc>Fails if ``string`` does not match ``pattern`` as a regular expression.</doc>
<status status="PASS" start="2024-04-01T10:15:22.850596" elapsed="0.000355"/>
</kw>
<kw name="Should Match Regexp" owner="BuiltIn">
<arg>${json_data['results'][0]['picture']['thumbnail']}</arg>
<arg>^https?://.*\.(?:png|jpe?g|gif|bmp)$</arg>
<doc>Fails if ``string`` does not match ``pattern`` as a regular expression.</doc>
<status status="PASS" start="2024-04-01T10:15:22.851136" elapsed="0.000353"/>
</kw>
<kw name="Log" owner="BuiltIn">
<msg time="2024-04-01T10:15:22.852169" level="INFO">{'large': 'https://randomuser.me/api/portraits/men/84.jpg', 'medium': 'https://randomuser.me/api/portraits/med/men/84.jpg', 'thumbnail': 'https://randomuser.me/api/portraits/thumb/men/84.jpg'}</msg>
<arg>${json_data['results'][0]['picture']}</arg>
<doc>Logs the given message with the given level.</doc>
<status status="PASS" start="2024-04-01T10:15:22.851671" elapsed="0.000568"/>
</kw>
<status status="PASS" start="2024-04-01T10:15:22.770402" elapsed="0.082233"/>
</kw>
<kw name="Teste de Tipos de Dados - Postcode" owner="random-user-service">
<kw name="GET On Session" owner="RequestsLibrary">
<msg time="2024-04-01T10:15:22.958760" level="INFO">GET Request : url=https://randomuser.me/api 
 path_url=/api 
 headers={'User-Agent': 'python-requests/2.31.0', 'Accept-Encoding': 'gzip, deflate', 'Accept': '*/*', 'Connection': 'keep-alive'} 
 body=None 
 </msg>
<msg time="2024-04-01T10:15:22.958846" level="INFO">GET Response : url=https://randomuser.me/api 
 status=200, reason=OK 
 headers={'Date': 'Mon, 01 Apr 2024 10:15:22 GMT', 'Content-Type': 'application/json; charset=utf-8', 'Transfer-Encoding': 'chunked', 'Connection': 'keep-alive', 'X-Powered-By': 'Express', 'Access-Control-Allow-Origin': '*', 'Cache-Control': 'no-cache', 'ETag': 'W/"49c-mkcWot4qQ6qpkeEm0TVxQ2pSOME"', 'Vary': 'Accept-Encoding', 'Content-Encoding': 'gzip', 'CF-Cache-Status': 'DYNAMIC', 'Report-To': '{"endpoints":[{"url":"https:\\/\\/a.nel.cloudflare.com\\/report\\/v4?s=nJbmnxuszAoPxiB1IFhLOd6znZmD5gVTFMo8g5xykNSLwGGE1FVXIvXe8WOv2U3bqlhnVDpJBDbTIzUjMqUhIFgRRN7b8oDNpFN4FYPM0JClJIuBjQ9IrQaUEy9P4iTA"}],"group":"cf-nel","max_age":604800}', 'NEL': '{"success_fraction":0,"report_to":"cf-nel","max_age":604800}', 'Server': 'cloudflare', 'CF-RAY': '86d7d14fda5110bb-ORD', 'alt-svc': 'h3=":443"; ma=86400'} 
 body={"results":[{"gender":"male","name":{"title":"Mr","first":"Lawrence","last":"Wilson"},"location":{"street":{"number":7832,"name":"Mockingbird Ln"},"city":"Warrnambool","state":"South Australia","country":"Australia","postcode":830,"coordinates":{"latitude":"-88.1656","longitude":"-28.0608"},"timezone":{"offset":"+8:00","description":"Beijing, Perth, Singapore, Hong Kong"}},"email":"lawrence.wilson@example.com","login":{"uuid":"9fdc8f93-ff20-4eaa-a015-b61f45a68c95","username":"beautifulfrog745","password":"1030","salt":"70ha5OPi","md5":"515d81d9bd752a56d2c66808f94eb62c","sha1":"6c76647276eb931e1f9619611026df0b3eb6b131","sha256":"a8faaea994b2d732b2edd9e66907883fbde40a43dace2d9620ab324ef73f226a"},"dob":{"date":"1967-08-22T11:45:37.808Z","age":56},"registered":{"date":"2003-10-04T07:08:51.475Z","age":20},"phone":"02-3635-7530","cell":"0488-982-613","id":{"name":"TFN","value":"700857645"},"picture":{"large":"https://randomuser.me/api/portraits/men/99.jpg","medium":"https://randomuser.me/api/portraits/med/men/99.jpg","thumbnail":"https://randomuser.me/api/portraits/thumb/men/99.jpg"},"nat":"AU"}],"info":{"seed":"c32c4534180d847b","results":1,"page":1,"version":"1.4"}} 
 </msg>
<msg time="2024-04-01T10:15:22.958912" level="INFO">/opt/hostedtoolcache/Python/3.12.2/x64/lib/python3.12/site-packages/urllib3/connectionpool.py:1103: InsecureRequestWarning: Unverified HTTPS request is being made to host 'randomuser.me'. Adding certificate verification is strongly advised. See: https://urllib3.readthedocs.io/en/latest/advanced-usage.html#tls-warnings
  warnings.warn(</msg>
<msg time="2024-04-01T10:15:22.959021" level="INFO">${response} = &lt;Response [200]&gt;</msg>
<var>${response}</var>
<arg>consultarAPI</arg>
<arg>/api</arg>
<doc>Sends a GET request on a previously created HTTP Session.</doc>
<status status="PASS" start="2024-04-01T10:15:22.853495" elapsed="0.105564"/>
</kw>
<kw name="Set Variable" owner="BuiltIn">
<msg time="2024-04-01T10:15:22.959871" level="INFO">${json_data} = {'results': [{'gender': 'male', 'name': {'title': 'Mr', 'first': 'Lawrence', 'last': 'Wilson'}, 'location': {'street': {'number': 7832, 'name': 'Mockingbird Ln'}, 'city': 'Warrnambool', 'state': 'Sout...</msg>
<var>${json_data}</var>
<arg>${response.json()}</arg>
<doc>Returns the given values which can then be assigned to a variables.</doc>
<status status="PASS" start="2024-04-01T10:15:22.959429" elapsed="0.000499"/>
</kw>
<kw name="Log" owner="BuiltIn">
<msg time="2024-04-01T10:15:22.960399" level="INFO">{'results': [{'gender': 'male', 'name': {'title': 'Mr', 'first': 'Lawrence', 'last': 'Wilson'}, 'location': {'street': {'number': 7832, 'name': 'Mockingbird Ln'}, 'city': 'Warrnambool', 'state': 'South Australia', 'country': 'Australia', 'postcode': 830, 'coordinates': {'latitude': '-88.1656', 'longitude': '-28.0608'}, 'timezone': {'offset': '+8:00', 'description': 'Beijing, Perth, Singapore, Hong Kong'}}, 'email': 'lawrence.wilson@example.com', 'login': {'uuid': '9fdc8f93-ff20-4eaa-a015-b61f45a68c95', 'username': 'beautifulfrog745', 'password': '1030', 'salt': '70ha5OPi', 'md5': '515d81d9bd752a56d2c66808f94eb62c', 'sha1': '6c76647276eb931e1f9619611026df0b3eb6b131', 'sha256': 'a8faaea994b2d732b2edd9e66907883fbde40a43dace2d9620ab324ef73f226a'}, 'dob': {'date': '1967-08-22T11:45:37.808Z', 'age': 56}, 'registered': {'date': '2003-10-04T07:08:51.475Z', 'age': 20}, 'phone': '02-3635-7530', 'cell': '0488-982-613', 'id': {'name': 'TFN', 'value': '700857645'}, 'picture': {'large': 'https://randomuser.me/api/portraits/men/99.jpg', 'medium': 'https://randomuser.me/api/portraits/med/men/99.jpg', 'thumbnail': 'https://randomuser.me/api/portraits/thumb/men/99.jpg'}, 'nat': 'AU'}], 'info': {'seed': 'c32c4534180d847b', 'results': 1, 'page': 1, 'version': '1.4'}}</msg>
<arg>${json_data}</arg>
<doc>Logs the given message with the given level.</doc>
<status status="PASS" start="2024-04-01T10:15:22.960243" elapsed="0.000233"/>
</kw>
<kw name="Should Be Equal As Numbers" owner="BuiltIn">
<arg>${json_data['results'][0]['location']['postcode']}</arg>
<arg>${json_data['results'][0]['location']['postcode']}</arg>
<doc>Fails if objects are unequal after converting them to real numbers.</doc>
<status status="PASS" start="2024-04-01T10:15:22.960778" elapsed="0.000638"/>
</kw>
<kw name="Log" owner="BuiltIn">
<msg time="2024-04-01T10:15:22.961950" level="INFO">830</msg>
<arg>${json_data['results'][0]['location']['postcode']}</arg>
<doc>Logs the given message with the given level.</doc>
<status status="PASS" start="2024-04-01T10:15:22.961610" elapsed="0.000381"/>
</kw>
<status status="PASS" start="2024-04-01T10:15:22.852984" elapsed="0.109263"/>
</kw>
<doc>Testa se os tipos de dados na resposta da API estão corretos.</doc>
<tag>testeTiposDados</tag>
<status status="PASS" start="2024-04-01T10:15:22.769991" elapsed="0.192420"/>
</test>
<test id="s1-s1-t5" name="Validar conteudo" line="35">
<kw name="Teste de Tipos de Conteudo" owner="random-user-service">
<kw name="GET On Session" owner="RequestsLibrary">
<msg time="2024-04-01T10:15:23.044158" level="INFO">GET Request : url=https://randomuser.me/api 
 path_url=/api 
 headers={'User-Agent': 'python-requests/2.31.0', 'Accept-Encoding': 'gzip, deflate', 'Accept': '*/*', 'Connection': 'keep-alive'} 
 body=None 
 </msg>
<msg time="2024-04-01T10:15:23.044236" level="INFO">GET Response : url=https://randomuser.me/api 
 status=200, reason=OK 
 headers={'Date': 'Mon, 01 Apr 2024 10:15:23 GMT', 'Content-Type': 'application/json; charset=utf-8', 'Transfer-Encoding': 'chunked', 'Connection': 'keep-alive', 'X-Powered-By': 'Express', 'Access-Control-Allow-Origin': '*', 'Cache-Control': 'no-cache', 'ETag': 'W/"4a1-bAwk7pG3FTAQ3HTqocmnRK+caes"', 'Vary': 'Accept-Encoding', 'Content-Encoding': 'gzip', 'CF-Cache-Status': 'DYNAMIC', 'Report-To': '{"endpoints":[{"url":"https:\\/\\/a.nel.cloudflare.com\\/report\\/v4?s=4GyLSvbtkXGhmLv4zkNVrb4owf6AY0CbPbb68cyQjXySI0Agan6S3qxvaxEszMv6eQ3RuGQTjMDYOa%2FWGtF5%2F8tMVg5lZKoUYFOCNgxKrLFahe25BoYD48kIiELplwLA"}],"group":"cf-nel","max_age":604800}', 'NEL': '{"success_fraction":0,"report_to":"cf-nel","max_age":604800}', 'Server': 'cloudflare', 'CF-RAY': '86d7d1508b4b10bb-ORD', 'alt-svc': 'h3=":443"; ma=86400'} 
 body={"results":[{"gender":"female","name":{"title":"Mrs","first":"Rebecca","last":"Foster"},"location":{"street":{"number":3874,"name":"Valwood Pkwy"},"city":"Coffs Harbour","state":"New South Wales","country":"Australia","postcode":2955,"coordinates":{"latitude":"-86.1212","longitude":"20.9119"},"timezone":{"offset":"+8:00","description":"Beijing, Perth, Singapore, Hong Kong"}},"email":"rebecca.foster@example.com","login":{"uuid":"c48d6d43-991b-4160-96cb-cca9158e03b4","username":"silverrabbit790","password":"shrimp","salt":"KdRexbhy","md5":"10456c0eda0984970634ed7d933a7053","sha1":"3106b13ab6578c4c5755aef967b5de3952da14fd","sha256":"874ab01b856c3627011e4360afb2ac6f97449eca4cce6c15cb7cb85e534b2e91"},"dob":{"date":"1982-08-26T19:07:19.414Z","age":41},"registered":{"date":"2013-10-29T00:18:13.670Z","age":10},"phone":"03-5802-7210","cell":"0439-896-665","id":{"name":"TFN","value":"304339201"},"picture":{"large":"https://randomuser.me/api/portraits/women/6.jpg","medium":"https://randomuser.me/api/portraits/med/women/6.jpg","thumbnail":"https://randomuser.me/api/portraits/thumb/women/6.jpg"},"nat":"AU"}],"info":{"seed":"0dc061e3a286f138","results":1,"page":1,"version":"1.4"}} 
 </msg>
<msg time="2024-04-01T10:15:23.044305" level="INFO">/opt/hostedtoolcache/Python/3.12.2/x64/lib/python3.12/site-packages/urllib3/connectionpool.py:1103: InsecureRequestWarning: Unverified HTTPS request is being made to host 'randomuser.me'. Adding certificate verification is strongly advised. See: https://urllib3.readthedocs.io/en/latest/advanced-usage.html#tls-warnings
  warnings.warn(</msg>
<msg time="2024-04-01T10:15:23.044435" level="INFO">${response} = &lt;Response [200]&gt;</msg>
<var>${response}</var>
<arg>consultarAPI</arg>
<arg>/api</arg>
<doc>Sends a GET request on a previously created HTTP Session.</doc>
<status status="PASS" start="2024-04-01T10:15:22.965187" elapsed="0.079300"/>
</kw>
<kw name="Set Variable" owner="BuiltIn">
<msg time="2024-04-01T10:15:23.045384" level="INFO">${json_data} = {'results': [{'gender': 'female', 'name': {'title': 'Mrs', 'first': 'Rebecca', 'last': 'Foster'}, 'location': {'street': {'number': 3874, 'name': 'Valwood Pkwy'}, 'city': 'Coffs Harbour', 'state': 'Ne...</msg>
<var>${json_data}</var>
<arg>${response.json()}</arg>
<doc>Returns the given values which can then be assigned to a variables.</doc>
<status status="PASS" start="2024-04-01T10:15:23.044911" elapsed="0.000501"/>
</kw>
<kw name="Set Variable" owner="BuiltIn">
<msg time="2024-04-01T10:15:23.046101" level="INFO">${name_title} = Mrs</msg>
<var>${name_title}</var>
<arg>${json_data["results"][0]["name"]["title"]}</arg>
<doc>Returns the given values which can then be assigned to a variables.</doc>
<status status="PASS" start="2024-04-01T10:15:23.045720" elapsed="0.000407"/>
</kw>
<kw name="Create List" owner="BuiltIn">
<msg time="2024-04-01T10:15:23.046579" level="INFO">${allowed_titles} = ['Mr', 'Ms', 'Miss', 'Mrs', 'Madame', 'Monsieur']</msg>
<var>${allowed_titles}</var>
<arg>Mr</arg>
<arg>Ms</arg>
<arg>Miss</arg>
<arg>Mrs</arg>
<arg>Madame</arg>
<arg>Monsieur</arg>
<doc>Returns a list containing given items.</doc>
<status status="PASS" start="2024-04-01T10:15:23.046427" elapsed="0.000177"/>
</kw>
<kw name="List Should Contain Value" owner="Collections">
<msg time="2024-04-01T10:15:23.047082" level="INFO">False</msg>
<arg>${allowed_titles}</arg>
<arg>${name_title}</arg>
<doc>Fails if the ``value`` is not found from ``list``.</doc>
<status status="PASS" start="2024-04-01T10:15:23.046909" elapsed="0.000211"/>
</kw>
<kw name="Set Variable" owner="BuiltIn">
<msg time="2024-04-01T10:15:23.047787" level="INFO">${name_country} = AU</msg>
<var>${name_country}</var>
<arg>${json_data["results"][0]["nat"]}</arg>
<doc>Returns the given values which can then be assigned to a variables.</doc>
<status status="PASS" start="2024-04-01T10:15:23.047409" elapsed="0.000403"/>
</kw>
<kw name="Create List" owner="BuiltIn">
<msg time="2024-04-01T10:15:23.048756" level="INFO">${list_country} = ['AD', 'AE', 'AF', 'AG', 'AI', 'AL', 'AM', 'AO', 'AQ', 'AR', 'AS', 'AT', 'AU', 'AW', 'AX', 'AZ', 'BA', 'BB', 'BD', 'BE', 'BF', 'BG', 'BH', 'BI', 'BJ', 'BL', 'BM', 'BN', 'BO', 'BQ', 'BR', 'BS', 'BT', '...</msg>
<var>${list_country}</var>
<arg>AD</arg>
<arg>AE</arg>
<arg>AF</arg>
<arg>AG</arg>
<arg>AI</arg>
<arg>AL</arg>
<arg>AM</arg>
<arg>AO</arg>
<arg>AQ</arg>
<arg>AR</arg>
<arg>AS</arg>
<arg>AT</arg>
<arg>AU</arg>
<arg>AW</arg>
<arg>AX</arg>
<arg>AZ</arg>
<arg>BA</arg>
<arg>BB</arg>
<arg>BD</arg>
<arg>BE</arg>
<arg>BF</arg>
<arg>BG</arg>
<arg>BH</arg>
<arg>BI</arg>
<arg>BJ</arg>
<arg>BL</arg>
<arg>BM</arg>
<arg>BN</arg>
<arg>BO</arg>
<arg>BQ</arg>
<arg>BR</arg>
<arg>BS</arg>
<arg>BT</arg>
<arg>BV</arg>
<arg>BW</arg>
<arg>BY</arg>
<arg>BZ</arg>
<arg>CA</arg>
<arg>CC</arg>
<arg>CD</arg>
<arg>CF</arg>
<arg>CG</arg>
<arg>CH</arg>
<arg>CI</arg>
<arg>CK</arg>
<arg>CL</arg>
<arg>CM</arg>
<arg>CN</arg>
<arg>CO</arg>
<arg>CR</arg>
<arg>CU</arg>
<arg>CV</arg>
<arg>CW</arg>
<arg>CX</arg>
<arg>CY</arg>
<arg>CZ</arg>
<arg>DE</arg>
<arg>DJ</arg>
<arg>DK</arg>
<arg>DM</arg>
<arg>DO</arg>
<arg>DZ</arg>
<arg>EC</arg>
<arg>EE</arg>
<arg>EG</arg>
<arg>EH</arg>
<arg>ER</arg>
<arg>ES</arg>
<arg>ET</arg>
<arg>FI</arg>
<arg>FJ</arg>
<arg>FK</arg>
<arg>FM</arg>
<arg>FO</arg>
<arg>FR</arg>
<arg>GA</arg>
<arg>GB</arg>
<arg>GD</arg>
<arg>GE</arg>
<arg>GF</arg>
<arg>GG</arg>
<arg>GH</arg>
<arg>GI</arg>
<arg>GL</arg>
<arg>GM</arg>
<arg>GN</arg>
<arg>GP</arg>
<arg>GQ</arg>
<arg>GR</arg>
<arg>GS</arg>
<arg>GT</arg>
<arg>GU</arg>
<arg>GW</arg>
<arg>GY</arg>
<arg>HK</arg>
<arg>HM</arg>
<arg>HN</arg>
<arg>HR</arg>
<arg>HT</arg>
<arg>HU</arg>
<arg>ID</arg>
<arg>IE</arg>
<arg>IL</arg>
<arg>IM</arg>
<arg>IN</arg>
<arg>IO</arg>
<arg>IQ</arg>
<arg>IR</arg>
<arg>IS</arg>
<arg>IT</arg>
<arg>JE</arg>
<arg>JM</arg>
<arg>JO</arg>
<arg>JP</arg>
<arg>KE</arg>
<arg>KG</arg>
<arg>KH</arg>
<arg>KI</arg>
<arg>KM</arg>
<arg>KN</arg>
<arg>KP</arg>
<arg>KR</arg>
<arg>KW</arg>
<arg>KY</arg>
<arg>KZ</arg>
<arg>LA</arg>
<arg>LB</arg>
<arg>LC</arg>
<arg>LI</arg>
<arg>LK</arg>
<arg>LR</arg>
<arg>LS</arg>
<arg>LT</arg>
<arg>LU</arg>
<arg>LV</arg>
<arg>LY</arg>
<arg>MA</arg>
<arg>MC</arg>
<arg>MD</arg>
<arg>ME</arg>
<arg>MF</arg>
<arg>MG</arg>
<arg>MH</arg>
<arg>MK</arg>
<arg>ML</arg>
<arg>MM</arg>
<arg>MN</arg>
<arg>MO</arg>
<arg>MP</arg>
<arg>MQ</arg>
<arg>MR</arg>
<arg>MS</arg>
<arg>MT</arg>
<arg>MU</arg>
<arg>MV</arg>
<arg>MW</arg>
<arg>MX</arg>
<arg>MY</arg>
<arg>MZ</arg>
<arg>NA</arg>
<arg>NC</arg>
<arg>NE</arg>
<arg>NF</arg>
<arg>NG</arg>
<arg>NI</arg>
<arg>NL</arg>
<arg>NO</arg>
<arg>NP</arg>
<arg>NR</arg>
<arg>NU</arg>
<arg>NZ</arg>
<arg>OM</arg>
<arg>PA</arg>
<arg>PE</arg>
<arg>PF</arg>
<arg>PG</arg>
<arg>PH</arg>
<arg>PK</arg>
<arg>PL</arg>
<arg>PM</arg>
<arg>PN</arg>
<arg>PR</arg>
<arg>PS</arg>
<arg>PT</arg>
<arg>PW</arg>
<arg>PY</arg>
<arg>QA</arg>
<arg>RE</arg>
<arg>RO</arg>
<arg>RS</arg>
<arg>RU</arg>
<arg>RW</arg>
<arg>SA</arg>
<arg>SB</arg>
<arg>SC</arg>
<arg>SD</arg>
<arg>SE</arg>
<arg>SG</arg>
<arg>SH</arg>
<arg>SI</arg>
<arg>SJ</arg>
<arg>SK</arg>
<arg>SL</arg>
<arg>SM</arg>
<arg>SN</arg>
<arg>SO</arg>
<arg>SR</arg>
<arg>SS</arg>
<arg>ST</arg>
<arg>SV</arg>
<arg>SX</arg>
<arg>SY</arg>
<arg>SZ</arg>
<arg>TC</arg>
<arg>TD</arg>
<arg>TF</arg>
<arg>TG</arg>
<arg>TH</arg>
<arg>TJ</arg>
<arg>TK</arg>
<arg>TL</arg>
<arg>TM</arg>
<arg>TN</arg>
<arg>TO</arg>
<arg>TR</arg>
<arg>TT</arg>
<arg>TV</arg>
<arg>TW</arg>
<arg>TZ</arg>
<arg>UA</arg>
<arg>UG</arg>
<arg>UM</arg>
<arg>US</arg>
<arg>UY</arg>
<arg>UZ</arg>
<arg>VA</arg>
<arg>VC</arg>
<arg>VE</arg>
<arg>VG</arg>
<arg>VI</arg>
<arg>VN</arg>
<arg>VU</arg>
<arg>WF</arg>
<arg>WS</arg>
<arg>XK</arg>
<arg>YE</arg>
<arg>YT</arg>
<arg>ZA</arg>
<arg>ZM</arg>
<arg>ZW</arg>
<doc>Returns a list containing given items.</doc>
<status status="PASS" start="2024-04-01T10:15:23.048155" elapsed="0.000628"/>
</kw>
<kw name="List Should Contain Value" owner="Collections">
<msg time="2024-04-01T10:15:23.049873" level="INFO">False</msg>
<arg>${list_country}</arg>
<arg>${name_country}</arg>
<doc>Fails if the ``value`` is not found from ``list``.</doc>
<status status="PASS" start="2024-04-01T10:15:23.049670" elapsed="0.000240"/>
</kw>
<kw name="Run Keyword If" owner="BuiltIn">
<kw name="Should Be True" owner="BuiltIn">
<arg>${True}</arg>
<doc>Fails if the given condition is not true.</doc>
<status status="PASS" start="2024-04-01T10:15:23.050987" elapsed="0.000147"/>
</kw>
<arg>${json_data["results"][0]["location"]["coordinates"]["latitude"]} &gt;= -90 and ${json_data["results"][0]["location"]["coordinates"]["latitude"]} &lt;= 90</arg>
<arg>Should Be True</arg>
<arg>${True}</arg>
<doc>Runs the given keyword with the given arguments, if ``condition`` is true.</doc>
<status status="PASS" start="2024-04-01T10:15:23.050224" elapsed="0.001041"/>
</kw>
<kw name="Run Keyword If" owner="BuiltIn">
<kw name="Should Be True" owner="BuiltIn">
<arg>${True}</arg>
<doc>Fails if the given condition is not true.</doc>
<status status="PASS" start="2024-04-01T10:15:23.052191" elapsed="0.000140"/>
</kw>
<arg>${json_data["results"][0]["location"]["coordinates"]["longitude"]} &gt;= -180 and ${json_data["results"][0]["location"]["coordinates"]["longitude"]} &lt;= 180</arg>
<arg>Should Be True</arg>
<arg>${True}</arg>
<doc>Runs the given keyword with the given arguments, if ``condition`` is true.</doc>
<status status="PASS" start="2024-04-01T10:15:23.051454" elapsed="0.001003"/>
</kw>
<status status="PASS" start="2024-04-01T10:15:22.964813" elapsed="0.087775"/>
</kw>
<doc>Testa o conteúdo específico dos campos retornados pela API.</doc>
<tag>testeConteudo</tag>
<status status="PASS" start="2024-04-01T10:15:22.964160" elapsed="0.088576"/>
</test>
<status status="PASS" start="2024-04-01T10:15:22.254249" elapsed="0.800359"/>
</suite>
<status status="PASS" start="2024-04-01T10:15:22.240724" elapsed="0.819159"/>
</suite>
<statistics>
<total>
<stat pass="5" fail="0" skip="0">All Tests</stat>
</total>
<tag>
<stat pass="1" fail="0" skip="0">testeConteudo</stat>
<stat pass="1" fail="0" skip="0">testeEstruturaResposta</stat>
<stat pass="1" fail="0" skip="0">testeRequisicaoBasica</stat>
<stat pass="1" fail="0" skip="0">testeTiposDados</stat>
</tag>
<suite>
<stat pass="5" fail="0" skip="0" id="s1" name="Tests">Tests</stat>
<stat pass="5" fail="0" skip="0" id="s1-s1" name="Random-User-Test">Tests.Random-User-Test</stat>
</suite>
</statistics>
<errors>
</errors>
</robot>
