<?xml version="1.0" encoding="UTF-8"?>
<robot generator="Robot 7.0 (Python 3.12.2 on linux)" generated="2024-04-15T11:12:05.121898" rpa="false" schemaversion="5">
<suite id="s1" name="Tests" source="/home/runner/work/DesafioQAItauRogerioJordao/DesafioQAItauRogerioJordao/RamdonUser/tests">
<suite id="s1-s1" name="Random-User-Test" source="/home/runner/work/DesafioQAItauRogerioJordao/DesafioQAItauRogerioJordao/RamdonUser/tests/random-user-test.robot">
<test id="s1-s1-t1" name="Conectar" line="13">
<kw name="Conectar API" owner="random-user-service">
<kw name="Create Session" owner="RequestsLibrary">
<msg time="2024-04-15T11:12:05.480419" level="INFO">Creating Session using : alias=consultarAPI, url=https://randomuser.me/, headers={},                     cookies={}, auth=None, timeout=None, proxies=None, verify=False,                     debug=0 </msg>
<arg>consultarAPI</arg>
<arg>${URL}</arg>
<doc>Create Session: create a HTTP session to a server</doc>
<status status="PASS" start="2024-04-15T11:12:05.480226" elapsed="0.000368"/>
</kw>
<status status="PASS" start="2024-04-15T11:12:05.479212" elapsed="0.001726"/>
</kw>
<status status="PASS" start="2024-04-15T11:12:05.478689" elapsed="0.002450"/>
</test>
<test id="s1-s1-t2" name="Validar retorno 200 e JSON Válido" line="16">
<kw name="Teste de Requisicao Basica" owner="random-user-service">
<kw name="GET On Session" owner="RequestsLibrary">
<msg time="2024-04-15T11:12:05.699864" level="INFO">GET Request : url=https://randomuser.me/api 
 path_url=/api 
 headers={'User-Agent': 'python-requests/2.31.0', 'Accept-Encoding': 'gzip, deflate', 'Accept': '*/*', 'Connection': 'keep-alive'} 
 body=None 
 </msg>
<msg time="2024-04-15T11:12:05.700013" level="INFO">GET Response : url=https://randomuser.me/api 
 status=200, reason=OK 
 headers={'Date': 'Mon, 15 Apr 2024 11:12:05 GMT', 'Content-Type': 'application/json; charset=utf-8', 'Transfer-Encoding': 'chunked', 'Connection': 'keep-alive', 'X-Powered-By': 'Express', 'Access-Control-Allow-Origin': '*', 'Cache-Control': 'no-cache', 'ETag': 'W/"492-gj3NCu9hEJHNbtHXLL6FBUYEZ2Y"', 'Vary': 'Accept-Encoding', 'Content-Encoding': 'gzip', 'CF-Cache-Status': 'DYNAMIC', 'Report-To': '{"endpoints":[{"url":"https:\\/\\/a.nel.cloudflare.com\\/report\\/v4?s=TgXmhc%2FSmMPIC03EVLCm2qDiYeCrvi4Ra8n%2B1E0p6EfJo0XCbOLCSyTljaQy2A4NaeQi7T5811linem6OQlj%2FDjMzmhzvYFZUgSfioR%2BsP7tpI0RuAaWTHVyeCYyFHaP"}],"group":"cf-nel","max_age":604800}', 'NEL': '{"success_fraction":0,"report_to":"cf-nel","max_age":604800}', 'Server': 'cloudflare', 'CF-RAY': '874b7fa369f32093-IAD', 'alt-svc': 'h3=":443"; ma=86400'} 
 body={"results":[{"gender":"female","name":{"title":"Miss","first":"Dirce","last":"Fernandes"},"location":{"street":{"number":5203,"name":"Travessa dos Martírios"},"city":"Macaé","state":"Amapá","country":"Brazil","postcode":59226,"coordinates":{"latitude":"-74.1752","longitude":"95.0501"},"timezone":{"offset":"+5:45","description":"Kathmandu"}},"email":"dirce.fernandes@example.com","login":{"uuid":"360c8f81-8bcf-4fa8-84bd-cd92efc7313a","username":"ticklishrabbit841","password":"resident","salt":"SX79NHpt","md5":"cf9408ba89e0bf8472213175547e19e2","sha1":"e76f2dfd42dcee591725c4eb98a474338d9342d1","sha256":"2f749c3cf39add5d3fa477bab3638b9e246521c952b8dc21c49137ef65558af0"},"dob":{"date":"1978-01-10T11:48:57.766Z","age":46},"registered":{"date":"2005-07-29T02:04:27.058Z","age":18},"phone":"(97) 4202-6683","cell":"(13) 9038-4937","id":{"name":"CPF","value":"788.269.122-57"},"picture":{"large":"https://randomuser.me/api/portraits/women/86.jpg","medium":"https://randomuser.me/api/portraits/med/women/86.jpg","thumbnail":"https://randomuser.me/api/portraits/thumb/women/86.jpg"},"nat":"BR"}],"info":{"seed":"a3b978df4ceb456c","results":1,"page":1,"version":"1.4"}} 
 </msg>
<msg time="2024-04-15T11:12:05.700098" level="INFO">/opt/hostedtoolcache/Python/3.12.2/x64/lib/python3.12/site-packages/urllib3/connectionpool.py:1103: InsecureRequestWarning: Unverified HTTPS request is being made to host 'randomuser.me'. Adding certificate verification is strongly advised. See: https://urllib3.readthedocs.io/en/latest/advanced-usage.html#tls-warnings
  warnings.warn(</msg>
<msg time="2024-04-15T11:12:05.700239" level="INFO">${response} = &lt;Response [200]&gt;</msg>
<var>${response}</var>
<arg>consultarAPI</arg>
<arg>/api</arg>
<doc>Sends a GET request on a previously created HTTP Session.</doc>
<status status="PASS" start="2024-04-15T11:12:05.483701" elapsed="0.216579"/>
</kw>
<kw name="Should Be Equal As Numbers" owner="BuiltIn">
<msg time="2024-04-15T11:12:05.701245" level="INFO">Argument types are:
&lt;class 'int'&gt;
&lt;class 'str'&gt;</msg>
<arg>${response.status_code}</arg>
<arg>200</arg>
<doc>Fails if objects are unequal after converting them to real numbers.</doc>
<status status="PASS" start="2024-04-15T11:12:05.700774" elapsed="0.000537"/>
</kw>
<kw name="Log" owner="BuiltIn">
<msg time="2024-04-15T11:12:05.702036" level="INFO">200</msg>
<arg>${response.status_code}</arg>
<doc>Logs the given message with the given level.</doc>
<status status="PASS" start="2024-04-15T11:12:05.701649" elapsed="0.000432"/>
</kw>
<kw name="Set Variable" owner="BuiltIn">
<msg time="2024-04-15T11:12:05.702891" level="INFO">${json_data} = {'results': [{'gender': 'female', 'name': {'title': 'Miss', 'first': 'Dirce', 'last': 'Fernandes'}, 'location': {'street': {'number': 5203, 'name': 'Travessa dos Martírios'}, 'city': 'Macaé', 'state':...</msg>
<var>${json_data}</var>
<arg>${response.json()}</arg>
<doc>Returns the given values which can then be assigned to a variables.</doc>
<status status="PASS" start="2024-04-15T11:12:05.702417" elapsed="0.000504"/>
</kw>
<kw name="Dictionary Should Contain Key" owner="Collections">
<msg time="2024-04-15T11:12:05.703424" level="INFO">False</msg>
<arg>${json_data}</arg>
<arg>results</arg>
<doc>Fails if ``key`` is not found from ``dictionary``.</doc>
<status status="PASS" start="2024-04-15T11:12:05.703250" elapsed="0.000220"/>
</kw>
<status status="PASS" start="2024-04-15T11:12:05.483451" elapsed="0.220293"/>
</kw>
<doc>Testa se a API responde corretamente e retorna um objeto JSON válido.</doc>
<tag>testeRequisicaoBasica</tag>
<status status="PASS" start="2024-04-15T11:12:05.483003" elapsed="0.220936"/>
</test>
<test id="s1-s1-t3" name="Validar estrutura de resposta" line="22">
<kw name="Teste de Estrutura de Resposta" owner="random-user-service">
<kw name="GET On Session" owner="RequestsLibrary">
<msg time="2024-04-15T11:12:05.803247" level="INFO">GET Request : url=https://randomuser.me/api 
 path_url=/api 
 headers={'User-Agent': 'python-requests/2.31.0', 'Accept-Encoding': 'gzip, deflate', 'Accept': '*/*', 'Connection': 'keep-alive'} 
 body=None 
 </msg>
<msg time="2024-04-15T11:12:05.803366" level="INFO">GET Response : url=https://randomuser.me/api 
 status=200, reason=OK 
 headers={'Date': 'Mon, 15 Apr 2024 11:12:05 GMT', 'Content-Type': 'application/json; charset=utf-8', 'Transfer-Encoding': 'chunked', 'Connection': 'keep-alive', 'X-Powered-By': 'Express', 'Access-Control-Allow-Origin': '*', 'Cache-Control': 'no-cache', 'ETag': 'W/"47c-dUahJswQgFV9fOvi6A8j0zvxYsY"', 'Vary': 'Accept-Encoding', 'Content-Encoding': 'gzip', 'CF-Cache-Status': 'DYNAMIC', 'Report-To': '{"endpoints":[{"url":"https:\\/\\/a.nel.cloudflare.com\\/report\\/v4?s=h%2BbtYVqy5YKIvXVC0vGN44%2B%2BPQpHiSdKpzmHpruP4jj2lofPHJVGZ21tds%2Fq3sZchtC3152KwU94pU5iZo%2BqQ4ReQJqFq0tP1mSAL3%2FRMM%2FeiVtHEDozbudzRp7gyHrr"}],"group":"cf-nel","max_age":604800}', 'NEL': '{"success_fraction":0,"report_to":"cf-nel","max_age":604800}', 'Server': 'cloudflare', 'CF-RAY': '874b7fa3aa472093-IAD', 'alt-svc': 'h3=":443"; ma=86400'} 
 body={"results":[{"gender":"male","name":{"title":"Mr","first":"Dennis","last":"Ward"},"location":{"street":{"number":5736,"name":"Saddle Dr"},"city":"Plano","state":"Louisiana","country":"United States","postcode":60036,"coordinates":{"latitude":"82.3969","longitude":"-38.3344"},"timezone":{"offset":"-11:00","description":"Midway Island, Samoa"}},"email":"dennis.ward@example.com","login":{"uuid":"3e09ba58-1462-4276-8e5d-c2f4dc8794f1","username":"greenswan785","password":"sweet1","salt":"erykiEAq","md5":"6dca11d0feef6415276ac72c0a1cc042","sha1":"8d335533e05786e87c6aa7839cb0b1888bdf609d","sha256":"eb72b011dc31c3643ddd939e68b01ce638a3c678ed386e261dd19a18875e5ff2"},"dob":{"date":"1953-03-31T18:10:59.814Z","age":71},"registered":{"date":"2021-07-17T11:13:02.644Z","age":2},"phone":"(875) 553-9071","cell":"(369) 690-7388","id":{"name":"SSN","value":"580-88-3888"},"picture":{"large":"https://randomuser.me/api/portraits/men/29.jpg","medium":"https://randomuser.me/api/portraits/med/men/29.jpg","thumbnail":"https://randomuser.me/api/portraits/thumb/men/29.jpg"},"nat":"US"}],"info":{"seed":"944a153d20dd0d06","results":1,"page":1,"version":"1.4"}} 
 </msg>
<msg time="2024-04-15T11:12:05.803540" level="INFO">/opt/hostedtoolcache/Python/3.12.2/x64/lib/python3.12/site-packages/urllib3/connectionpool.py:1103: InsecureRequestWarning: Unverified HTTPS request is being made to host 'randomuser.me'. Adding certificate verification is strongly advised. See: https://urllib3.readthedocs.io/en/latest/advanced-usage.html#tls-warnings
  warnings.warn(</msg>
<msg time="2024-04-15T11:12:05.803687" level="INFO">${response} = &lt;Response [200]&gt;</msg>
<var>${response}</var>
<arg>consultarAPI</arg>
<arg>/api</arg>
<doc>Sends a GET request on a previously created HTTP Session.</doc>
<status status="PASS" start="2024-04-15T11:12:05.706793" elapsed="0.096933"/>
</kw>
<kw name="Set Variable" owner="BuiltIn">
<msg time="2024-04-15T11:12:05.804820" level="INFO">${json_data} = {'results': [{'gender': 'male', 'name': {'title': 'Mr', 'first': 'Dennis', 'last': 'Ward'}, 'location': {'street': {'number': 5736, 'name': 'Saddle Dr'}, 'city': 'Plano', 'state': 'Louisiana', 'countr...</msg>
<var>${json_data}</var>
<arg>${response.json()}</arg>
<doc>Returns the given values which can then be assigned to a variables.</doc>
<status status="PASS" start="2024-04-15T11:12:05.804300" elapsed="0.000549"/>
</kw>
<kw name="Log" owner="BuiltIn">
<msg time="2024-04-15T11:12:05.805331" level="INFO">{'results': [{'gender': 'male', 'name': {'title': 'Mr', 'first': 'Dennis', 'last': 'Ward'}, 'location': {'street': {'number': 5736, 'name': 'Saddle Dr'}, 'city': 'Plano', 'state': 'Louisiana', 'country': 'United States', 'postcode': 60036, 'coordinates': {'latitude': '82.3969', 'longitude': '-38.3344'}, 'timezone': {'offset': '-11:00', 'description': 'Midway Island, Samoa'}}, 'email': 'dennis.ward@example.com', 'login': {'uuid': '3e09ba58-1462-4276-8e5d-c2f4dc8794f1', 'username': 'greenswan785', 'password': 'sweet1', 'salt': 'erykiEAq', 'md5': '6dca11d0feef6415276ac72c0a1cc042', 'sha1': '8d335533e05786e87c6aa7839cb0b1888bdf609d', 'sha256': 'eb72b011dc31c3643ddd939e68b01ce638a3c678ed386e261dd19a18875e5ff2'}, 'dob': {'date': '1953-03-31T18:10:59.814Z', 'age': 71}, 'registered': {'date': '2021-07-17T11:13:02.644Z', 'age': 2}, 'phone': '(875) 553-9071', 'cell': '(369) 690-7388', 'id': {'name': 'SSN', 'value': '580-88-3888'}, 'picture': {'large': 'https://randomuser.me/api/portraits/men/29.jpg', 'medium': 'https://randomuser.me/api/portraits/med/men/29.jpg', 'thumbnail': 'https://randomuser.me/api/portraits/thumb/men/29.jpg'}, 'nat': 'US'}], 'info': {'seed': '944a153d20dd0d06', 'results': 1, 'page': 1, 'version': '1.4'}}</msg>
<arg>${json_data}</arg>
<doc>Logs the given message with the given level.</doc>
<status status="PASS" start="2024-04-15T11:12:05.805168" elapsed="0.000212"/>
</kw>
<kw name="Dictionary Should Contain Key" owner="Collections">
<msg time="2024-04-15T11:12:05.805874" level="INFO">False</msg>
<arg>${json_data}</arg>
<arg>results</arg>
<doc>Fails if ``key`` is not found from ``dictionary``.</doc>
<status status="PASS" start="2024-04-15T11:12:05.805673" elapsed="0.000245"/>
</kw>
<kw name="Should Not Be Empty" owner="BuiltIn">
<msg time="2024-04-15T11:12:05.806351" level="INFO">Length is 2.</msg>
<arg>${json_data}</arg>
<doc>Verifies that the given item is not empty.</doc>
<status status="PASS" start="2024-04-15T11:12:05.806216" elapsed="0.000174"/>
</kw>
<kw name="Create List" owner="BuiltIn">
<msg time="2024-04-15T11:12:05.806838" level="INFO">${expected_keys} = ['gender', 'name', 'location', 'email', 'login']</msg>
<var>${expected_keys}</var>
<arg>gender</arg>
<arg>name</arg>
<arg>location</arg>
<arg>email</arg>
<arg>login</arg>
<doc>Returns a list containing given items.</doc>
<status status="PASS" start="2024-04-15T11:12:05.806681" elapsed="0.000181"/>
</kw>
<for flavor="IN">
<iter>
<kw name="Dictionary Should Contain Key" owner="Collections">
<msg time="2024-04-15T11:12:05.807884" level="INFO">False</msg>
<arg>${json_data['results'][0]}</arg>
<arg>${key}</arg>
<doc>Fails if ``key`` is not found from ``dictionary``.</doc>
<status status="PASS" start="2024-04-15T11:12:05.807479" elapsed="0.000444"/>
</kw>
<kw name="Log" owner="BuiltIn">
<msg time="2024-04-15T11:12:05.808605" level="INFO">{'gender': 'male', 'name': {'title': 'Mr', 'first': 'Dennis', 'last': 'Ward'}, 'location': {'street': {'number': 5736, 'name': 'Saddle Dr'}, 'city': 'Plano', 'state': 'Louisiana', 'country': 'United States', 'postcode': 60036, 'coordinates': {'latitude': '82.3969', 'longitude': '-38.3344'}, 'timezone': {'offset': '-11:00', 'description': 'Midway Island, Samoa'}}, 'email': 'dennis.ward@example.com', 'login': {'uuid': '3e09ba58-1462-4276-8e5d-c2f4dc8794f1', 'username': 'greenswan785', 'password': 'sweet1', 'salt': 'erykiEAq', 'md5': '6dca11d0feef6415276ac72c0a1cc042', 'sha1': '8d335533e05786e87c6aa7839cb0b1888bdf609d', 'sha256': 'eb72b011dc31c3643ddd939e68b01ce638a3c678ed386e261dd19a18875e5ff2'}, 'dob': {'date': '1953-03-31T18:10:59.814Z', 'age': 71}, 'registered': {'date': '2021-07-17T11:13:02.644Z', 'age': 2}, 'phone': '(875) 553-9071', 'cell': '(369) 690-7388', 'id': {'name': 'SSN', 'value': '580-88-3888'}, 'picture': {'large': 'https://randomuser.me/api/portraits/men/29.jpg', 'medium': 'https://randomuser.me/api/portraits/med/men/29.jpg', 'thumbnail': 'https://randomuser.me/api/portraits/thumb/men/29.jpg'}, 'nat': 'US'}</msg>
<arg>${json_data['results'][0]}</arg>
<doc>Logs the given message with the given level.</doc>
<status status="PASS" start="2024-04-15T11:12:05.808233" elapsed="0.000420"/>
</kw>
<kw name="Log" owner="BuiltIn">
<msg time="2024-04-15T11:12:05.809074" level="INFO">gender</msg>
<arg>${key}</arg>
<doc>Logs the given message with the given level.</doc>
<status status="PASS" start="2024-04-15T11:12:05.808949" elapsed="0.000163"/>
</kw>
<var name="${key}">gender</var>
<status status="PASS" start="2024-04-15T11:12:05.807348" elapsed="0.001983"/>
</iter>
<iter>
<kw name="Dictionary Should Contain Key" owner="Collections">
<msg time="2024-04-15T11:12:05.810036" level="INFO">False</msg>
<arg>${json_data['results'][0]}</arg>
<arg>${key}</arg>
<doc>Fails if ``key`` is not found from ``dictionary``.</doc>
<status status="PASS" start="2024-04-15T11:12:05.809630" elapsed="0.000445"/>
</kw>
<kw name="Log" owner="BuiltIn">
<msg time="2024-04-15T11:12:05.810776" level="INFO">{'gender': 'male', 'name': {'title': 'Mr', 'first': 'Dennis', 'last': 'Ward'}, 'location': {'street': {'number': 5736, 'name': 'Saddle Dr'}, 'city': 'Plano', 'state': 'Louisiana', 'country': 'United States', 'postcode': 60036, 'coordinates': {'latitude': '82.3969', 'longitude': '-38.3344'}, 'timezone': {'offset': '-11:00', 'description': 'Midway Island, Samoa'}}, 'email': 'dennis.ward@example.com', 'login': {'uuid': '3e09ba58-1462-4276-8e5d-c2f4dc8794f1', 'username': 'greenswan785', 'password': 'sweet1', 'salt': 'erykiEAq', 'md5': '6dca11d0feef6415276ac72c0a1cc042', 'sha1': '8d335533e05786e87c6aa7839cb0b1888bdf609d', 'sha256': 'eb72b011dc31c3643ddd939e68b01ce638a3c678ed386e261dd19a18875e5ff2'}, 'dob': {'date': '1953-03-31T18:10:59.814Z', 'age': 71}, 'registered': {'date': '2021-07-17T11:13:02.644Z', 'age': 2}, 'phone': '(875) 553-9071', 'cell': '(369) 690-7388', 'id': {'name': 'SSN', 'value': '580-88-3888'}, 'picture': {'large': 'https://randomuser.me/api/portraits/men/29.jpg', 'medium': 'https://randomuser.me/api/portraits/med/men/29.jpg', 'thumbnail': 'https://randomuser.me/api/portraits/thumb/men/29.jpg'}, 'nat': 'US'}</msg>
<arg>${json_data['results'][0]}</arg>
<doc>Logs the given message with the given level.</doc>
<status status="PASS" start="2024-04-15T11:12:05.810406" elapsed="0.000422"/>
</kw>
<kw name="Log" owner="BuiltIn">
<msg time="2024-04-15T11:12:05.811263" level="INFO">name</msg>
<arg>${key}</arg>
<doc>Logs the given message with the given level.</doc>
<status status="PASS" start="2024-04-15T11:12:05.811134" elapsed="0.000167"/>
</kw>
<var name="${key}">name</var>
<status status="PASS" start="2024-04-15T11:12:05.809517" elapsed="0.002019"/>
</iter>
<iter>
<kw name="Dictionary Should Contain Key" owner="Collections">
<msg time="2024-04-15T11:12:05.812526" level="INFO">False</msg>
<arg>${json_data['results'][0]}</arg>
<arg>${key}</arg>
<doc>Fails if ``key`` is not found from ``dictionary``.</doc>
<status status="PASS" start="2024-04-15T11:12:05.811965" elapsed="0.000606"/>
</kw>
<kw name="Log" owner="BuiltIn">
<msg time="2024-04-15T11:12:05.813243" level="INFO">{'gender': 'male', 'name': {'title': 'Mr', 'first': 'Dennis', 'last': 'Ward'}, 'location': {'street': {'number': 5736, 'name': 'Saddle Dr'}, 'city': 'Plano', 'state': 'Louisiana', 'country': 'United States', 'postcode': 60036, 'coordinates': {'latitude': '82.3969', 'longitude': '-38.3344'}, 'timezone': {'offset': '-11:00', 'description': 'Midway Island, Samoa'}}, 'email': 'dennis.ward@example.com', 'login': {'uuid': '3e09ba58-1462-4276-8e5d-c2f4dc8794f1', 'username': 'greenswan785', 'password': 'sweet1', 'salt': 'erykiEAq', 'md5': '6dca11d0feef6415276ac72c0a1cc042', 'sha1': '8d335533e05786e87c6aa7839cb0b1888bdf609d', 'sha256': 'eb72b011dc31c3643ddd939e68b01ce638a3c678ed386e261dd19a18875e5ff2'}, 'dob': {'date': '1953-03-31T18:10:59.814Z', 'age': 71}, 'registered': {'date': '2021-07-17T11:13:02.644Z', 'age': 2}, 'phone': '(875) 553-9071', 'cell': '(369) 690-7388', 'id': {'name': 'SSN', 'value': '580-88-3888'}, 'picture': {'large': 'https://randomuser.me/api/portraits/men/29.jpg', 'medium': 'https://randomuser.me/api/portraits/med/men/29.jpg', 'thumbnail': 'https://randomuser.me/api/portraits/thumb/men/29.jpg'}, 'nat': 'US'}</msg>
<arg>${json_data['results'][0]}</arg>
<doc>Logs the given message with the given level.</doc>
<status status="PASS" start="2024-04-15T11:12:05.812879" elapsed="0.000412"/>
</kw>
<kw name="Log" owner="BuiltIn">
<msg time="2024-04-15T11:12:05.813740" level="INFO">location</msg>
<arg>${key}</arg>
<doc>Logs the given message with the given level.</doc>
<status status="PASS" start="2024-04-15T11:12:05.813590" elapsed="0.000196"/>
</kw>
<var name="${key}">location</var>
<status status="PASS" start="2024-04-15T11:12:05.811792" elapsed="0.002219"/>
</iter>
<iter>
<kw name="Dictionary Should Contain Key" owner="Collections">
<msg time="2024-04-15T11:12:05.814688" level="INFO">False</msg>
<arg>${json_data['results'][0]}</arg>
<arg>${key}</arg>
<doc>Fails if ``key`` is not found from ``dictionary``.</doc>
<status status="PASS" start="2024-04-15T11:12:05.814295" elapsed="0.000436"/>
</kw>
<kw name="Log" owner="BuiltIn">
<msg time="2024-04-15T11:12:05.815391" level="INFO">{'gender': 'male', 'name': {'title': 'Mr', 'first': 'Dennis', 'last': 'Ward'}, 'location': {'street': {'number': 5736, 'name': 'Saddle Dr'}, 'city': 'Plano', 'state': 'Louisiana', 'country': 'United States', 'postcode': 60036, 'coordinates': {'latitude': '82.3969', 'longitude': '-38.3344'}, 'timezone': {'offset': '-11:00', 'description': 'Midway Island, Samoa'}}, 'email': 'dennis.ward@example.com', 'login': {'uuid': '3e09ba58-1462-4276-8e5d-c2f4dc8794f1', 'username': 'greenswan785', 'password': 'sweet1', 'salt': 'erykiEAq', 'md5': '6dca11d0feef6415276ac72c0a1cc042', 'sha1': '8d335533e05786e87c6aa7839cb0b1888bdf609d', 'sha256': 'eb72b011dc31c3643ddd939e68b01ce638a3c678ed386e261dd19a18875e5ff2'}, 'dob': {'date': '1953-03-31T18:10:59.814Z', 'age': 71}, 'registered': {'date': '2021-07-17T11:13:02.644Z', 'age': 2}, 'phone': '(875) 553-9071', 'cell': '(369) 690-7388', 'id': {'name': 'SSN', 'value': '580-88-3888'}, 'picture': {'large': 'https://randomuser.me/api/portraits/men/29.jpg', 'medium': 'https://randomuser.me/api/portraits/med/men/29.jpg', 'thumbnail': 'https://randomuser.me/api/portraits/thumb/men/29.jpg'}, 'nat': 'US'}</msg>
<arg>${json_data['results'][0]}</arg>
<doc>Logs the given message with the given level.</doc>
<status status="PASS" start="2024-04-15T11:12:05.815035" elapsed="0.000402"/>
</kw>
<kw name="Log" owner="BuiltIn">
<msg time="2024-04-15T11:12:05.815871" level="INFO">email</msg>
<arg>${key}</arg>
<doc>Logs the given message with the given level.</doc>
<status status="PASS" start="2024-04-15T11:12:05.815745" elapsed="0.000181"/>
</kw>
<var name="${key}">email</var>
<status status="PASS" start="2024-04-15T11:12:05.814183" elapsed="0.001960"/>
</iter>
<iter>
<kw name="Dictionary Should Contain Key" owner="Collections">
<msg time="2024-04-15T11:12:05.816812" level="INFO">False</msg>
<arg>${json_data['results'][0]}</arg>
<arg>${key}</arg>
<doc>Fails if ``key`` is not found from ``dictionary``.</doc>
<status status="PASS" start="2024-04-15T11:12:05.816431" elapsed="0.000418"/>
</kw>
<kw name="Log" owner="BuiltIn">
<msg time="2024-04-15T11:12:05.817546" level="INFO">{'gender': 'male', 'name': {'title': 'Mr', 'first': 'Dennis', 'last': 'Ward'}, 'location': {'street': {'number': 5736, 'name': 'Saddle Dr'}, 'city': 'Plano', 'state': 'Louisiana', 'country': 'United States', 'postcode': 60036, 'coordinates': {'latitude': '82.3969', 'longitude': '-38.3344'}, 'timezone': {'offset': '-11:00', 'description': 'Midway Island, Samoa'}}, 'email': 'dennis.ward@example.com', 'login': {'uuid': '3e09ba58-1462-4276-8e5d-c2f4dc8794f1', 'username': 'greenswan785', 'password': 'sweet1', 'salt': 'erykiEAq', 'md5': '6dca11d0feef6415276ac72c0a1cc042', 'sha1': '8d335533e05786e87c6aa7839cb0b1888bdf609d', 'sha256': 'eb72b011dc31c3643ddd939e68b01ce638a3c678ed386e261dd19a18875e5ff2'}, 'dob': {'date': '1953-03-31T18:10:59.814Z', 'age': 71}, 'registered': {'date': '2021-07-17T11:13:02.644Z', 'age': 2}, 'phone': '(875) 553-9071', 'cell': '(369) 690-7388', 'id': {'name': 'SSN', 'value': '580-88-3888'}, 'picture': {'large': 'https://randomuser.me/api/portraits/men/29.jpg', 'medium': 'https://randomuser.me/api/portraits/med/men/29.jpg', 'thumbnail': 'https://randomuser.me/api/portraits/thumb/men/29.jpg'}, 'nat': 'US'}</msg>
<arg>${json_data['results'][0]}</arg>
<doc>Logs the given message with the given level.</doc>
<status status="PASS" start="2024-04-15T11:12:05.817153" elapsed="0.000451"/>
</kw>
<kw name="Log" owner="BuiltIn">
<msg time="2024-04-15T11:12:05.818067" level="INFO">login</msg>
<arg>${key}</arg>
<doc>Logs the given message with the given level.</doc>
<status status="PASS" start="2024-04-15T11:12:05.817935" elapsed="0.000183"/>
</kw>
<var name="${key}">login</var>
<status status="PASS" start="2024-04-15T11:12:05.816319" elapsed="0.002022"/>
</iter>
<var>${key}</var>
<value>@{expected_keys}</value>
<status status="PASS" start="2024-04-15T11:12:05.807127" elapsed="0.011362"/>
</for>
<kw name="Create List" owner="BuiltIn">
<msg time="2024-04-15T11:12:05.818849" level="INFO">${expected_keysTwo} = ['username', 'password']</msg>
<var>${expected_keysTwo}</var>
<arg>username</arg>
<arg>password</arg>
<doc>Returns a list containing given items.</doc>
<status status="PASS" start="2024-04-15T11:12:05.818709" elapsed="0.000163"/>
</kw>
<for flavor="IN">
<iter>
<kw name="Dictionary Should Contain Key" owner="Collections">
<msg time="2024-04-15T11:12:05.819882" level="INFO">False</msg>
<arg>${json_data['results'][0]['login']}</arg>
<arg>${keyTwo}</arg>
<doc>Fails if ``key`` is not found from ``dictionary``.</doc>
<status status="PASS" start="2024-04-15T11:12:05.819503" elapsed="0.000417"/>
</kw>
<kw name="Dictionary Should Contain Key" owner="Collections">
<msg time="2024-04-15T11:12:05.820598" level="INFO">False</msg>
<arg>${json_data['results'][0]['login']}</arg>
<arg>${keyTwo}</arg>
<doc>Fails if ``key`` is not found from ``dictionary``.</doc>
<status status="PASS" start="2024-04-15T11:12:05.820222" elapsed="0.000414"/>
</kw>
<kw name="Log" owner="BuiltIn">
<msg time="2024-04-15T11:12:05.821059" level="INFO">username</msg>
<arg>${keyTwo}</arg>
<doc>Logs the given message with the given level.</doc>
<status status="PASS" start="2024-04-15T11:12:05.820933" elapsed="0.000163"/>
</kw>
<var name="${keyTwo}">username</var>
<status status="PASS" start="2024-04-15T11:12:05.819389" elapsed="0.001925"/>
</iter>
<iter>
<kw name="Dictionary Should Contain Key" owner="Collections">
<msg time="2024-04-15T11:12:05.822009" level="INFO">False</msg>
<arg>${json_data['results'][0]['login']}</arg>
<arg>${keyTwo}</arg>
<doc>Fails if ``key`` is not found from ``dictionary``.</doc>
<status status="PASS" start="2024-04-15T11:12:05.821599" elapsed="0.000447"/>
</kw>
<kw name="Dictionary Should Contain Key" owner="Collections">
<msg time="2024-04-15T11:12:05.822723" level="INFO">False</msg>
<arg>${json_data['results'][0]['login']}</arg>
<arg>${keyTwo}</arg>
<doc>Fails if ``key`` is not found from ``dictionary``.</doc>
<status status="PASS" start="2024-04-15T11:12:05.822342" elapsed="0.000417"/>
</kw>
<kw name="Log" owner="BuiltIn">
<msg time="2024-04-15T11:12:05.823266" level="INFO">password</msg>
<arg>${keyTwo}</arg>
<doc>Logs the given message with the given level.</doc>
<status status="PASS" start="2024-04-15T11:12:05.823083" elapsed="0.000243"/>
</kw>
<var name="${keyTwo}">password</var>
<status status="PASS" start="2024-04-15T11:12:05.821489" elapsed="0.002137"/>
</iter>
<var>${keyTwo}</var>
<value>@{expected_keysTwo}</value>
<status status="PASS" start="2024-04-15T11:12:05.819116" elapsed="0.004695"/>
</for>
<status status="PASS" start="2024-04-15T11:12:05.706548" elapsed="0.117486"/>
</kw>
<doc>Testa a estrutura da resposta da API.</doc>
<tag>testeEstruturaResposta</tag>
<status status="PASS" start="2024-04-15T11:12:05.705797" elapsed="0.118488"/>
</test>
<test id="s1-s1-t4" name="Validar tipos de dados" line="28">
<kw name="Teste de Tipos de Dados" owner="random-user-service">
<kw name="GET On Session" owner="RequestsLibrary">
<msg time="2024-04-15T11:12:05.902838" level="INFO">GET Request : url=https://randomuser.me/api 
 path_url=/api 
 headers={'User-Agent': 'python-requests/2.31.0', 'Accept-Encoding': 'gzip, deflate', 'Accept': '*/*', 'Connection': 'keep-alive'} 
 body=None 
 </msg>
<msg time="2024-04-15T11:12:05.902939" level="INFO">GET Response : url=https://randomuser.me/api 
 status=200, reason=OK 
 headers={'Date': 'Mon, 15 Apr 2024 11:12:05 GMT', 'Content-Type': 'application/json; charset=utf-8', 'Transfer-Encoding': 'chunked', 'Connection': 'keep-alive', 'X-Powered-By': 'Express', 'Access-Control-Allow-Origin': '*', 'Cache-Control': 'no-cache', 'ETag': 'W/"490-+IP/D1SXCbWLg4Nun4KBRvNbF+4"', 'Vary': 'Accept-Encoding', 'Content-Encoding': 'gzip', 'CF-Cache-Status': 'DYNAMIC', 'Report-To': '{"endpoints":[{"url":"https:\\/\\/a.nel.cloudflare.com\\/report\\/v4?s=AqVk5XlvLKRR6e2HLz7huLnVTTeiB49SWFWh0alm7xvxuAIc%2BhHtB4y5xwgsvJ%2F7zY633JMBe8LwIRWdoS4KMZs5YEkDh5czbZnsrukAIVlCs%2FX%2Frc%2FjMutcVcjZzVne"}],"group":"cf-nel","max_age":604800}', 'NEL': '{"success_fraction":0,"report_to":"cf-nel","max_age":604800}', 'Server': 'cloudflare', 'CF-RAY': '874b7fa46afd2093-IAD', 'alt-svc': 'h3=":443"; ma=86400'} 
 body={"results":[{"gender":"female","name":{"title":"Miss","first":"Ceyhan","last":"Çankaya"},"location":{"street":{"number":8582,"name":"Doktorlar Cd"},"city":"Aydın","state":"Kütahya","country":"Turkey","postcode":61172,"coordinates":{"latitude":"69.5579","longitude":"173.8141"},"timezone":{"offset":"+11:00","description":"Magadan, Solomon Islands, New Caledonia"}},"email":"ceyhan.cankaya@example.com","login":{"uuid":"340fd218-94de-4a88-97ae-c00eb7d5e754","username":"whiterabbit101","password":"page","salt":"qY4OHFwC","md5":"f3d5f1a6da484bfba253d5b87ee55405","sha1":"b317f5c6a8377dba604eb2b58b418bfbca4664ee","sha256":"9cccf2bb2b1fe52e01a1fb4a6a8c9252bc2578a5b5767f17c9fb6b3db2a6919d"},"dob":{"date":"1946-06-04T23:02:37.784Z","age":77},"registered":{"date":"2020-07-13T18:55:17.339Z","age":3},"phone":"(483)-943-3231","cell":"(994)-389-9073","id":{"name":"","value":null},"picture":{"large":"https://randomuser.me/api/portraits/women/71.jpg","medium":"https://randomuser.me/api/portraits/med/women/71.jpg","thumbnail":"https://randomuser.me/api/portraits/thumb/women/71.jpg"},"nat":"TR"}],"info":{"seed":"d0ccf4df429f111b","results":1,"page":1,"version":"1.4"}} 
 </msg>
<msg time="2024-04-15T11:12:05.903015" level="INFO">/opt/hostedtoolcache/Python/3.12.2/x64/lib/python3.12/site-packages/urllib3/connectionpool.py:1103: InsecureRequestWarning: Unverified HTTPS request is being made to host 'randomuser.me'. Adding certificate verification is strongly advised. See: https://urllib3.readthedocs.io/en/latest/advanced-usage.html#tls-warnings
  warnings.warn(</msg>
<msg time="2024-04-15T11:12:05.903133" level="INFO">${response} = &lt;Response [200]&gt;</msg>
<var>${response}</var>
<arg>consultarAPI</arg>
<arg>/api</arg>
<doc>Sends a GET request on a previously created HTTP Session.</doc>
<status status="PASS" start="2024-04-15T11:12:05.826898" elapsed="0.076276"/>
</kw>
<kw name="Set Variable" owner="BuiltIn">
<msg time="2024-04-15T11:12:05.904218" level="INFO">${json_data} = {'results': [{'gender': 'female', 'name': {'title': 'Miss', 'first': 'Ceyhan', 'last': 'Çankaya'}, 'location': {'street': {'number': 8582, 'name': 'Doktorlar Cd'}, 'city': 'Aydın', 'state': 'Kütahya',...</msg>
<var>${json_data}</var>
<arg>${response.json()}</arg>
<doc>Returns the given values which can then be assigned to a variables.</doc>
<status status="PASS" start="2024-04-15T11:12:05.903684" elapsed="0.000564"/>
</kw>
<kw name="Log" owner="BuiltIn">
<msg time="2024-04-15T11:12:05.904733" level="INFO">{'results': [{'gender': 'female', 'name': {'title': 'Miss', 'first': 'Ceyhan', 'last': 'Çankaya'}, 'location': {'street': {'number': 8582, 'name': 'Doktorlar Cd'}, 'city': 'Aydın', 'state': 'Kütahya', 'country': 'Turkey', 'postcode': 61172, 'coordinates': {'latitude': '69.5579', 'longitude': '173.8141'}, 'timezone': {'offset': '+11:00', 'description': 'Magadan, Solomon Islands, New Caledonia'}}, 'email': 'ceyhan.cankaya@example.com', 'login': {'uuid': '340fd218-94de-4a88-97ae-c00eb7d5e754', 'username': 'whiterabbit101', 'password': 'page', 'salt': 'qY4OHFwC', 'md5': 'f3d5f1a6da484bfba253d5b87ee55405', 'sha1': 'b317f5c6a8377dba604eb2b58b418bfbca4664ee', 'sha256': '9cccf2bb2b1fe52e01a1fb4a6a8c9252bc2578a5b5767f17c9fb6b3db2a6919d'}, 'dob': {'date': '1946-06-04T23:02:37.784Z', 'age': 77}, 'registered': {'date': '2020-07-13T18:55:17.339Z', 'age': 3}, 'phone': '(483)-943-3231', 'cell': '(994)-389-9073', 'id': {'name': '', 'value': None}, 'picture': {'large': 'https://randomuser.me/api/portraits/women/71.jpg', 'medium': 'https://randomuser.me/api/portraits/med/women/71.jpg', 'thumbnail': 'https://randomuser.me/api/portraits/thumb/women/71.jpg'}, 'nat': 'TR'}], 'info': {'seed': 'd0ccf4df429f111b', 'results': 1, 'page': 1, 'version': '1.4'}}</msg>
<arg>${json_data}</arg>
<doc>Logs the given message with the given level.</doc>
<status status="PASS" start="2024-04-15T11:12:05.904570" elapsed="0.000252"/>
</kw>
<kw name="Should Be String" owner="String">
<arg>${json_data['results'][0]['gender']}</arg>
<doc>Fails if the given ``item`` is not a string.</doc>
<status status="PASS" start="2024-04-15T11:12:05.905128" elapsed="0.000376"/>
</kw>
<kw name="Should Match Regexp" owner="BuiltIn">
<arg>${json_data['results'][0]['email']}</arg>
<arg>^[a-zA-Z0-9._%+-]+@[a-zA-Z0-9.-]+\.[a-zA-Z]{2,}$</arg>
<doc>Fails if ``string`` does not match ``pattern`` as a regular expression.</doc>
<status status="PASS" start="2024-04-15T11:12:05.905754" elapsed="0.000531"/>
</kw>
<kw name="Should Match Regexp" owner="BuiltIn">
<arg>${json_data['results'][0]['dob']['date']}</arg>
<arg>\\d{4}-\\d{2}-\\d{2}T\\d{2}:\\d{2}:\\d{2}\\.\\d{3}Z</arg>
<doc>Fails if ``string`` does not match ``pattern`` as a regular expression.</doc>
<status status="PASS" start="2024-04-15T11:12:05.906527" elapsed="0.000494"/>
</kw>
<kw name="Should Match Regexp" owner="BuiltIn">
<arg>${json_data['results'][0]['registered']['date']}</arg>
<arg>\\d{4}-\\d{2}-\\d{2}T\\d{2}:\\d{2}:\\d{2}\\.\\d{3}Z</arg>
<doc>Fails if ``string`` does not match ``pattern`` as a regular expression.</doc>
<status status="PASS" start="2024-04-15T11:12:05.907218" elapsed="0.000366"/>
</kw>
<kw name="Should Match Regexp" owner="BuiltIn">
<arg>${json_data['results'][0]['picture']['large']}</arg>
<arg>^https?://.*\.(?:png|jpe?g|gif|bmp)$</arg>
<doc>Fails if ``string`` does not match ``pattern`` as a regular expression.</doc>
<status status="PASS" start="2024-04-15T11:12:05.907769" elapsed="0.000458"/>
</kw>
<kw name="Should Match Regexp" owner="BuiltIn">
<arg>${json_data['results'][0]['picture']['medium']}</arg>
<arg>^https?://.*\.(?:png|jpe?g|gif|bmp)$</arg>
<doc>Fails if ``string`` does not match ``pattern`` as a regular expression.</doc>
<status status="PASS" start="2024-04-15T11:12:05.908414" elapsed="0.000349"/>
</kw>
<kw name="Should Match Regexp" owner="BuiltIn">
<arg>${json_data['results'][0]['picture']['thumbnail']}</arg>
<arg>^https?://.*\.(?:png|jpe?g|gif|bmp)$</arg>
<doc>Fails if ``string`` does not match ``pattern`` as a regular expression.</doc>
<status status="PASS" start="2024-04-15T11:12:05.908946" elapsed="0.000353"/>
</kw>
<kw name="Log" owner="BuiltIn">
<msg time="2024-04-15T11:12:05.909850" level="INFO">{'large': 'https://randomuser.me/api/portraits/women/71.jpg', 'medium': 'https://randomuser.me/api/portraits/med/women/71.jpg', 'thumbnail': 'https://randomuser.me/api/portraits/thumb/women/71.jpg'}</msg>
<arg>${json_data['results'][0]['picture']}</arg>
<doc>Logs the given message with the given level.</doc>
<status status="PASS" start="2024-04-15T11:12:05.909483" elapsed="0.000410"/>
</kw>
<status status="PASS" start="2024-04-15T11:12:05.826664" elapsed="0.083491"/>
</kw>
<kw name="Teste de Tipos de Dados - Postcode" owner="random-user-service">
<kw name="GET On Session" owner="RequestsLibrary">
<msg time="2024-04-15T11:12:06.002225" level="INFO">GET Request : url=https://randomuser.me/api 
 path_url=/api 
 headers={'User-Agent': 'python-requests/2.31.0', 'Accept-Encoding': 'gzip, deflate', 'Accept': '*/*', 'Connection': 'keep-alive'} 
 body=None 
 </msg>
<msg time="2024-04-15T11:12:06.002322" level="INFO">GET Response : url=https://randomuser.me/api 
 status=200, reason=OK 
 headers={'Date': 'Mon, 15 Apr 2024 11:12:05 GMT', 'Content-Type': 'application/json; charset=utf-8', 'Transfer-Encoding': 'chunked', 'Connection': 'keep-alive', 'X-Powered-By': 'Express', 'Access-Control-Allow-Origin': '*', 'Cache-Control': 'no-cache', 'ETag': 'W/"481-Jswt/5v781qBW/qsnvM0RhoGCdQ"', 'Vary': 'Accept-Encoding', 'Content-Encoding': 'gzip', 'CF-Cache-Status': 'DYNAMIC', 'Report-To': '{"endpoints":[{"url":"https:\\/\\/a.nel.cloudflare.com\\/report\\/v4?s=mcNxXkyTAZpv2Xm%2FIiKjy%2Fqiegp59WTdhp85Ji3u17ZIERhuPEdZ6eso9sMUQ8RK2eo8sdWFR3E18R9uCYzl598jxZk8cgiofd0NXyZax%2FbWGOWknLxu%2BD82aUVe2fqc"}],"group":"cf-nel","max_age":604800}', 'NEL': '{"success_fraction":0,"report_to":"cf-nel","max_age":604800}', 'Server': 'cloudflare', 'CF-RAY': '874b7fa4fb6c2093-IAD', 'alt-svc': 'h3=":443"; ma=86400'} 
 body={"results":[{"gender":"male","name":{"title":"Mr","first":"Marcus","last":"Mortensen"},"location":{"street":{"number":9355,"name":"Skovbrynet"},"city":"Saltum","state":"Hovedstaden","country":"Denmark","postcode":79372,"coordinates":{"latitude":"-46.4864","longitude":"-132.2548"},"timezone":{"offset":"-7:00","description":"Mountain Time (US &amp; Canada)"}},"email":"marcus.mortensen@example.com","login":{"uuid":"982ebb4c-11fd-475a-ad1f-fcbfd1bc99d2","username":"bigzebra958","password":"startrek","salt":"ge91BvQM","md5":"5ee19035e775e9e29bd93ed0d6266286","sha1":"88c0b453debd3fed0d8fa14bc8215ddfd721e484","sha256":"6f34867de01b78250dedb16d4466b619b4604ab7e57ed33ab0bd1d84b3c230c8"},"dob":{"date":"1987-04-14T11:06:44.901Z","age":37},"registered":{"date":"2016-08-27T21:39:58.066Z","age":7},"phone":"81776681","cell":"48142189","id":{"name":"CPR","value":"140487-1110"},"picture":{"large":"https://randomuser.me/api/portraits/men/94.jpg","medium":"https://randomuser.me/api/portraits/med/men/94.jpg","thumbnail":"https://randomuser.me/api/portraits/thumb/men/94.jpg"},"nat":"DK"}],"info":{"seed":"9046d0a95bafe1a6","results":1,"page":1,"version":"1.4"}} 
 </msg>
<msg time="2024-04-15T11:12:06.002417" level="INFO">/opt/hostedtoolcache/Python/3.12.2/x64/lib/python3.12/site-packages/urllib3/connectionpool.py:1103: InsecureRequestWarning: Unverified HTTPS request is being made to host 'randomuser.me'. Adding certificate verification is strongly advised. See: https://urllib3.readthedocs.io/en/latest/advanced-usage.html#tls-warnings
  warnings.warn(</msg>
<msg time="2024-04-15T11:12:06.002537" level="INFO">${response} = &lt;Response [200]&gt;</msg>
<var>${response}</var>
<arg>consultarAPI</arg>
<arg>/api</arg>
<doc>Sends a GET request on a previously created HTTP Session.</doc>
<status status="PASS" start="2024-04-15T11:12:05.910641" elapsed="0.091942"/>
</kw>
<kw name="Set Variable" owner="BuiltIn">
<msg time="2024-04-15T11:12:06.003622" level="INFO">${json_data} = {'results': [{'gender': 'male', 'name': {'title': 'Mr', 'first': 'Marcus', 'last': 'Mortensen'}, 'location': {'street': {'number': 9355, 'name': 'Skovbrynet'}, 'city': 'Saltum', 'state': 'Hovedstaden'...</msg>
<var>${json_data}</var>
<arg>${response.json()}</arg>
<doc>Returns the given values which can then be assigned to a variables.</doc>
<status status="PASS" start="2024-04-15T11:12:06.003130" elapsed="0.000521"/>
</kw>
<kw name="Log" owner="BuiltIn">
<msg time="2024-04-15T11:12:06.004119" level="INFO">{'results': [{'gender': 'male', 'name': {'title': 'Mr', 'first': 'Marcus', 'last': 'Mortensen'}, 'location': {'street': {'number': 9355, 'name': 'Skovbrynet'}, 'city': 'Saltum', 'state': 'Hovedstaden', 'country': 'Denmark', 'postcode': 79372, 'coordinates': {'latitude': '-46.4864', 'longitude': '-132.2548'}, 'timezone': {'offset': '-7:00', 'description': 'Mountain Time (US &amp; Canada)'}}, 'email': 'marcus.mortensen@example.com', 'login': {'uuid': '982ebb4c-11fd-475a-ad1f-fcbfd1bc99d2', 'username': 'bigzebra958', 'password': 'startrek', 'salt': 'ge91BvQM', 'md5': '5ee19035e775e9e29bd93ed0d6266286', 'sha1': '88c0b453debd3fed0d8fa14bc8215ddfd721e484', 'sha256': '6f34867de01b78250dedb16d4466b619b4604ab7e57ed33ab0bd1d84b3c230c8'}, 'dob': {'date': '1987-04-14T11:06:44.901Z', 'age': 37}, 'registered': {'date': '2016-08-27T21:39:58.066Z', 'age': 7}, 'phone': '81776681', 'cell': '48142189', 'id': {'name': 'CPR', 'value': '140487-1110'}, 'picture': {'large': 'https://randomuser.me/api/portraits/men/94.jpg', 'medium': 'https://randomuser.me/api/portraits/med/men/94.jpg', 'thumbnail': 'https://randomuser.me/api/portraits/thumb/men/94.jpg'}, 'nat': 'DK'}], 'info': {'seed': '9046d0a95bafe1a6', 'results': 1, 'page': 1, 'version': '1.4'}}</msg>
<arg>${json_data}</arg>
<doc>Logs the given message with the given level.</doc>
<status status="PASS" start="2024-04-15T11:12:06.003962" elapsed="0.000240"/>
</kw>
<kw name="Should Be Equal As Numbers" owner="BuiltIn">
<arg>${json_data['results'][0]['location']['postcode']}</arg>
<arg>${json_data['results'][0]['location']['postcode']}</arg>
<doc>Fails if objects are unequal after converting them to real numbers.</doc>
<status status="PASS" start="2024-04-15T11:12:06.004508" elapsed="0.000642"/>
</kw>
<kw name="Log" owner="BuiltIn">
<msg time="2024-04-15T11:12:06.005678" level="INFO">79372</msg>
<arg>${json_data['results'][0]['location']['postcode']}</arg>
<doc>Logs the given message with the given level.</doc>
<status status="PASS" start="2024-04-15T11:12:06.005345" elapsed="0.000403"/>
</kw>
<status status="PASS" start="2024-04-15T11:12:05.910394" elapsed="0.095621"/>
</kw>
<doc>Testa se os tipos de dados na resposta da API estão corretos.</doc>
<tag>testeTiposDados</tag>
<status status="PASS" start="2024-04-15T11:12:05.826214" elapsed="0.179974"/>
</test>
<test id="s1-s1-t5" name="Validar conteudo" line="35">
<kw name="Teste de Tipos de Conteudo" owner="random-user-service">
<kw name="GET On Session" owner="RequestsLibrary">
<msg time="2024-04-15T11:12:06.103028" level="INFO">GET Request : url=https://randomuser.me/api 
 path_url=/api 
 headers={'User-Agent': 'python-requests/2.31.0', 'Accept-Encoding': 'gzip, deflate', 'Accept': '*/*', 'Connection': 'keep-alive'} 
 body=None 
 </msg>
<msg time="2024-04-15T11:12:06.103130" level="INFO">GET Response : url=https://randomuser.me/api 
 status=200, reason=OK 
 headers={'Date': 'Mon, 15 Apr 2024 11:12:06 GMT', 'Content-Type': 'application/json; charset=utf-8', 'Transfer-Encoding': 'chunked', 'Connection': 'keep-alive', 'X-Powered-By': 'Express', 'Access-Control-Allow-Origin': '*', 'Cache-Control': 'no-cache', 'ETag': 'W/"49c-BF+QokkBoVBHvtqHxjJhZEnx7Nk"', 'Vary': 'Accept-Encoding', 'Content-Encoding': 'gzip', 'CF-Cache-Status': 'DYNAMIC', 'Report-To': '{"endpoints":[{"url":"https:\\/\\/a.nel.cloudflare.com\\/report\\/v4?s=9cD7p%2FA7xneWeKeVQfkWuAhTWaFm3WwQ7uS2nX8u6SANUsWGVxnpWP%2FY33JL9P4pQnTsmT9Oo7K1hzmb1y4L27hHnJoR0gmUzn5lJbRUe3nfKBkFSlihfCwDhC%2B9JTqA"}],"group":"cf-nel","max_age":604800}', 'NEL': '{"success_fraction":0,"report_to":"cf-nel","max_age":604800}', 'Server': 'cloudflare', 'CF-RAY': '874b7fa58c152093-IAD', 'alt-svc': 'h3=":443"; ma=86400'} 
 body={"results":[{"gender":"female","name":{"title":"Miss","first":"Pavitra","last":"Shayana"},"location":{"street":{"number":2585,"name":"S.A Rd"},"city":"Gudivada","state":"Chhattisgarh","country":"India","postcode":24323,"coordinates":{"latitude":"6.1972","longitude":"90.6521"},"timezone":{"offset":"0:00","description":"Western Europe Time, London, Lisbon, Casablanca"}},"email":"pavitra.shayana@example.com","login":{"uuid":"8d574c52-23de-4355-bf7d-578a4ed0f021","username":"ticklishfrog538","password":"jerk","salt":"nY4mvvo9","md5":"a836abef5dca3b61063f9407631fe454","sha1":"6dd4e1ed8d016b91b5dc8a9074ec09faac5f33a3","sha256":"92d00d9b7fb68e7ea574eaaaed7162fada2482cb658802fd38b8b4bc449903e1"},"dob":{"date":"1976-03-17T23:11:27.941Z","age":48},"registered":{"date":"2015-03-29T07:52:10.066Z","age":9},"phone":"9809010548","cell":"7714699650","id":{"name":"UIDAI","value":"657439690693"},"picture":{"large":"https://randomuser.me/api/portraits/women/26.jpg","medium":"https://randomuser.me/api/portraits/med/women/26.jpg","thumbnail":"https://randomuser.me/api/portraits/thumb/women/26.jpg"},"nat":"IN"}],"info":{"seed":"bd53a664ba981523","results":1,"page":1,"version":"1.4"}} 
 </msg>
<msg time="2024-04-15T11:12:06.103200" level="INFO">/opt/hostedtoolcache/Python/3.12.2/x64/lib/python3.12/site-packages/urllib3/connectionpool.py:1103: InsecureRequestWarning: Unverified HTTPS request is being made to host 'randomuser.me'. Adding certificate verification is strongly advised. See: https://urllib3.readthedocs.io/en/latest/advanced-usage.html#tls-warnings
  warnings.warn(</msg>
<msg time="2024-04-15T11:12:06.103327" level="INFO">${response} = &lt;Response [200]&gt;</msg>
<var>${response}</var>
<arg>consultarAPI</arg>
<arg>/api</arg>
<doc>Sends a GET request on a previously created HTTP Session.</doc>
<status status="PASS" start="2024-04-15T11:12:06.008650" elapsed="0.094718"/>
</kw>
<kw name="Set Variable" owner="BuiltIn">
<msg time="2024-04-15T11:12:06.104560" level="INFO">${json_data} = {'results': [{'gender': 'female', 'name': {'title': 'Miss', 'first': 'Pavitra', 'last': 'Shayana'}, 'location': {'street': {'number': 2585, 'name': 'S.A Rd'}, 'city': 'Gudivada', 'state': 'Chhattisgar...</msg>
<var>${json_data}</var>
<arg>${response.json()}</arg>
<doc>Returns the given values which can then be assigned to a variables.</doc>
<status status="PASS" start="2024-04-15T11:12:06.104007" elapsed="0.000581"/>
</kw>
<kw name="Set Variable" owner="BuiltIn">
<msg time="2024-04-15T11:12:06.105283" level="INFO">${name_title} = Miss</msg>
<var>${name_title}</var>
<arg>${json_data["results"][0]["name"]["title"]}</arg>
<doc>Returns the given values which can then be assigned to a variables.</doc>
<status status="PASS" start="2024-04-15T11:12:06.104900" elapsed="0.000408"/>
</kw>
<kw name="Create List" owner="BuiltIn">
<msg time="2024-04-15T11:12:06.105823" level="INFO">${allowed_titles} = ['Mr', 'Ms', 'Miss', 'Mrs', 'Madame', 'Monsieur']</msg>
<var>${allowed_titles}</var>
<arg>Mr</arg>
<arg>Ms</arg>
<arg>Miss</arg>
<arg>Mrs</arg>
<arg>Madame</arg>
<arg>Monsieur</arg>
<doc>Returns a list containing given items.</doc>
<status status="PASS" start="2024-04-15T11:12:06.105611" elapsed="0.000239"/>
</kw>
<kw name="List Should Contain Value" owner="Collections">
<msg time="2024-04-15T11:12:06.106346" level="INFO">False</msg>
<arg>${allowed_titles}</arg>
<arg>${name_title}</arg>
<doc>Fails if the ``value`` is not found from ``list``.</doc>
<status status="PASS" start="2024-04-15T11:12:06.106163" elapsed="0.000222"/>
</kw>
<kw name="Set Variable" owner="BuiltIn">
<msg time="2024-04-15T11:12:06.107060" level="INFO">${name_country} = IN</msg>
<var>${name_country}</var>
<arg>${json_data["results"][0]["nat"]}</arg>
<doc>Returns the given values which can then be assigned to a variables.</doc>
<status status="PASS" start="2024-04-15T11:12:06.106679" elapsed="0.000406"/>
</kw>
<kw name="Create List" owner="BuiltIn">
<msg time="2024-04-15T11:12:06.108006" level="INFO">${list_country} = ['AD', 'AE', 'AF', 'AG', 'AI', 'AL', 'AM', 'AO', 'AQ', 'AR', 'AS', 'AT', 'AU', 'AW', 'AX', 'AZ', 'BA', 'BB', 'BD', 'BE', 'BF', 'BG', 'BH', 'BI', 'BJ', 'BL', 'BM', 'BN', 'BO', 'BQ', 'BR', 'BS', 'BT', '...</msg>
<var>${list_country}</var>
<arg>AD</arg>
<arg>AE</arg>
<arg>AF</arg>
<arg>AG</arg>
<arg>AI</arg>
<arg>AL</arg>
<arg>AM</arg>
<arg>AO</arg>
<arg>AQ</arg>
<arg>AR</arg>
<arg>AS</arg>
<arg>AT</arg>
<arg>AU</arg>
<arg>AW</arg>
<arg>AX</arg>
<arg>AZ</arg>
<arg>BA</arg>
<arg>BB</arg>
<arg>BD</arg>
<arg>BE</arg>
<arg>BF</arg>
<arg>BG</arg>
<arg>BH</arg>
<arg>BI</arg>
<arg>BJ</arg>
<arg>BL</arg>
<arg>BM</arg>
<arg>BN</arg>
<arg>BO</arg>
<arg>BQ</arg>
<arg>BR</arg>
<arg>BS</arg>
<arg>BT</arg>
<arg>BV</arg>
<arg>BW</arg>
<arg>BY</arg>
<arg>BZ</arg>
<arg>CA</arg>
<arg>CC</arg>
<arg>CD</arg>
<arg>CF</arg>
<arg>CG</arg>
<arg>CH</arg>
<arg>CI</arg>
<arg>CK</arg>
<arg>CL</arg>
<arg>CM</arg>
<arg>CN</arg>
<arg>CO</arg>
<arg>CR</arg>
<arg>CU</arg>
<arg>CV</arg>
<arg>CW</arg>
<arg>CX</arg>
<arg>CY</arg>
<arg>CZ</arg>
<arg>DE</arg>
<arg>DJ</arg>
<arg>DK</arg>
<arg>DM</arg>
<arg>DO</arg>
<arg>DZ</arg>
<arg>EC</arg>
<arg>EE</arg>
<arg>EG</arg>
<arg>EH</arg>
<arg>ER</arg>
<arg>ES</arg>
<arg>ET</arg>
<arg>FI</arg>
<arg>FJ</arg>
<arg>FK</arg>
<arg>FM</arg>
<arg>FO</arg>
<arg>FR</arg>
<arg>GA</arg>
<arg>GB</arg>
<arg>GD</arg>
<arg>GE</arg>
<arg>GF</arg>
<arg>GG</arg>
<arg>GH</arg>
<arg>GI</arg>
<arg>GL</arg>
<arg>GM</arg>
<arg>GN</arg>
<arg>GP</arg>
<arg>GQ</arg>
<arg>GR</arg>
<arg>GS</arg>
<arg>GT</arg>
<arg>GU</arg>
<arg>GW</arg>
<arg>GY</arg>
<arg>HK</arg>
<arg>HM</arg>
<arg>HN</arg>
<arg>HR</arg>
<arg>HT</arg>
<arg>HU</arg>
<arg>ID</arg>
<arg>IE</arg>
<arg>IL</arg>
<arg>IM</arg>
<arg>IN</arg>
<arg>IO</arg>
<arg>IQ</arg>
<arg>IR</arg>
<arg>IS</arg>
<arg>IT</arg>
<arg>JE</arg>
<arg>JM</arg>
<arg>JO</arg>
<arg>JP</arg>
<arg>KE</arg>
<arg>KG</arg>
<arg>KH</arg>
<arg>KI</arg>
<arg>KM</arg>
<arg>KN</arg>
<arg>KP</arg>
<arg>KR</arg>
<arg>KW</arg>
<arg>KY</arg>
<arg>KZ</arg>
<arg>LA</arg>
<arg>LB</arg>
<arg>LC</arg>
<arg>LI</arg>
<arg>LK</arg>
<arg>LR</arg>
<arg>LS</arg>
<arg>LT</arg>
<arg>LU</arg>
<arg>LV</arg>
<arg>LY</arg>
<arg>MA</arg>
<arg>MC</arg>
<arg>MD</arg>
<arg>ME</arg>
<arg>MF</arg>
<arg>MG</arg>
<arg>MH</arg>
<arg>MK</arg>
<arg>ML</arg>
<arg>MM</arg>
<arg>MN</arg>
<arg>MO</arg>
<arg>MP</arg>
<arg>MQ</arg>
<arg>MR</arg>
<arg>MS</arg>
<arg>MT</arg>
<arg>MU</arg>
<arg>MV</arg>
<arg>MW</arg>
<arg>MX</arg>
<arg>MY</arg>
<arg>MZ</arg>
<arg>NA</arg>
<arg>NC</arg>
<arg>NE</arg>
<arg>NF</arg>
<arg>NG</arg>
<arg>NI</arg>
<arg>NL</arg>
<arg>NO</arg>
<arg>NP</arg>
<arg>NR</arg>
<arg>NU</arg>
<arg>NZ</arg>
<arg>OM</arg>
<arg>PA</arg>
<arg>PE</arg>
<arg>PF</arg>
<arg>PG</arg>
<arg>PH</arg>
<arg>PK</arg>
<arg>PL</arg>
<arg>PM</arg>
<arg>PN</arg>
<arg>PR</arg>
<arg>PS</arg>
<arg>PT</arg>
<arg>PW</arg>
<arg>PY</arg>
<arg>QA</arg>
<arg>RE</arg>
<arg>RO</arg>
<arg>RS</arg>
<arg>RU</arg>
<arg>RW</arg>
<arg>SA</arg>
<arg>SB</arg>
<arg>SC</arg>
<arg>SD</arg>
<arg>SE</arg>
<arg>SG</arg>
<arg>SH</arg>
<arg>SI</arg>
<arg>SJ</arg>
<arg>SK</arg>
<arg>SL</arg>
<arg>SM</arg>
<arg>SN</arg>
<arg>SO</arg>
<arg>SR</arg>
<arg>SS</arg>
<arg>ST</arg>
<arg>SV</arg>
<arg>SX</arg>
<arg>SY</arg>
<arg>SZ</arg>
<arg>TC</arg>
<arg>TD</arg>
<arg>TF</arg>
<arg>TG</arg>
<arg>TH</arg>
<arg>TJ</arg>
<arg>TK</arg>
<arg>TL</arg>
<arg>TM</arg>
<arg>TN</arg>
<arg>TO</arg>
<arg>TR</arg>
<arg>TT</arg>
<arg>TV</arg>
<arg>TW</arg>
<arg>TZ</arg>
<arg>UA</arg>
<arg>UG</arg>
<arg>UM</arg>
<arg>US</arg>
<arg>UY</arg>
<arg>UZ</arg>
<arg>VA</arg>
<arg>VC</arg>
<arg>VE</arg>
<arg>VG</arg>
<arg>VI</arg>
<arg>VN</arg>
<arg>VU</arg>
<arg>WF</arg>
<arg>WS</arg>
<arg>XK</arg>
<arg>YE</arg>
<arg>YT</arg>
<arg>ZA</arg>
<arg>ZM</arg>
<arg>ZW</arg>
<doc>Returns a list containing given items.</doc>
<status status="PASS" start="2024-04-15T11:12:06.107402" elapsed="0.000628"/>
</kw>
<kw name="List Should Contain Value" owner="Collections">
<msg time="2024-04-15T11:12:06.109038" level="INFO">False</msg>
<arg>${list_country}</arg>
<arg>${name_country}</arg>
<doc>Fails if the ``value`` is not found from ``list``.</doc>
<status status="PASS" start="2024-04-15T11:12:06.108830" elapsed="0.000246"/>
</kw>
<kw name="Run Keyword If" owner="BuiltIn">
<kw name="Should Be True" owner="BuiltIn">
<arg>${True}</arg>
<doc>Fails if the given condition is not true.</doc>
<status status="PASS" start="2024-04-15T11:12:06.110399" elapsed="0.000148"/>
</kw>
<arg>${json_data["results"][0]["location"]["coordinates"]["latitude"]} &gt;= -90 and ${json_data["results"][0]["location"]["coordinates"]["latitude"]} &lt;= 90</arg>
<arg>Should Be True</arg>
<arg>${True}</arg>
<doc>Runs the given keyword with the given arguments, if ``condition`` is true.</doc>
<status status="PASS" start="2024-04-15T11:12:06.109397" elapsed="0.001282"/>
</kw>
<kw name="Run Keyword If" owner="BuiltIn">
<kw name="Should Be True" owner="BuiltIn">
<arg>${True}</arg>
<doc>Fails if the given condition is not true.</doc>
<status status="PASS" start="2024-04-15T11:12:06.111571" elapsed="0.000138"/>
</kw>
<arg>${json_data["results"][0]["location"]["coordinates"]["longitude"]} &gt;= -180 and ${json_data["results"][0]["location"]["coordinates"]["longitude"]} &lt;= 180</arg>
<arg>Should Be True</arg>
<arg>${True}</arg>
<doc>Runs the given keyword with the given arguments, if ``condition`` is true.</doc>
<status status="PASS" start="2024-04-15T11:12:06.110872" elapsed="0.000985"/>
</kw>
<status status="PASS" start="2024-04-15T11:12:06.008417" elapsed="0.103577"/>
</kw>
<doc>Testa o conteúdo específico dos campos retornados pela API.</doc>
<tag>testeConteudo</tag>
<status status="PASS" start="2024-04-15T11:12:06.007956" elapsed="0.104219"/>
</test>
<status status="PASS" start="2024-04-15T11:12:05.175399" elapsed="0.938867"/>
</suite>
<status status="PASS" start="2024-04-15T11:12:05.161267" elapsed="0.958393"/>
</suite>
<statistics>
<total>
<stat pass="5" fail="0" skip="0">All Tests</stat>
</total>
<tag>
<stat pass="1" fail="0" skip="0">testeConteudo</stat>
<stat pass="1" fail="0" skip="0">testeEstruturaResposta</stat>
<stat pass="1" fail="0" skip="0">testeRequisicaoBasica</stat>
<stat pass="1" fail="0" skip="0">testeTiposDados</stat>
</tag>
<suite>
<stat pass="5" fail="0" skip="0" id="s1" name="Tests">Tests</stat>
<stat pass="5" fail="0" skip="0" id="s1-s1" name="Random-User-Test">Tests.Random-User-Test</stat>
</suite>
</statistics>
<errors>
</errors>
</robot>
