<?xml version="1.0" encoding="UTF-8"?>
<robot generator="Robot 7.0 (Python 3.12.3 on linux)" generated="2024-05-13T23:14:16.036268" rpa="false" schemaversion="5">
<suite id="s1" name="Tests" source="/home/runner/work/DesafioQAItauRogerioJordao/DesafioQAItauRogerioJordao/RamdonUser/tests">
<suite id="s1-s1" name="Random-User-Test" source="/home/runner/work/DesafioQAItauRogerioJordao/DesafioQAItauRogerioJordao/RamdonUser/tests/random-user-test.robot">
<test id="s1-s1-t1" name="Conectar" line="13">
<kw name="Conectar API" owner="random-user-service">
<kw name="Create Session" owner="RequestsLibrary">
<msg time="2024-05-13T23:14:16.422977" level="INFO">Creating Session using : alias=consultarAPI, url=https://randomuser.me/, headers={},                     cookies={}, auth=None, timeout=None, proxies=None, verify=False,                     debug=0 </msg>
<arg>consultarAPI</arg>
<arg>${URL}</arg>
<doc>Create Session: create a HTTP session to a server</doc>
<status status="PASS" start="2024-05-13T23:14:16.422770" elapsed="0.000412"/>
</kw>
<status status="PASS" start="2024-05-13T23:14:16.421754" elapsed="0.001831"/>
</kw>
<status status="PASS" start="2024-05-13T23:14:16.421148" elapsed="0.002637"/>
</test>
<test id="s1-s1-t2" name="Validar retorno 200 e JSON Válido" line="16">
<kw name="Teste de Requisicao Basica" owner="random-user-service">
<kw name="GET On Session" owner="RequestsLibrary">
<msg time="2024-05-13T23:14:16.688846" level="INFO">GET Request : url=https://randomuser.me/api 
 path_url=/api 
 headers={'User-Agent': 'python-requests/2.31.0', 'Accept-Encoding': 'gzip, deflate', 'Accept': '*/*', 'Connection': 'keep-alive'} 
 body=None 
 </msg>
<msg time="2024-05-13T23:14:16.689009" level="INFO">GET Response : url=https://randomuser.me/api 
 status=200, reason=OK 
 headers={'Date': 'Mon, 13 May 2024 23:14:16 GMT', 'Content-Type': 'application/json; charset=utf-8', 'Transfer-Encoding': 'chunked', 'Connection': 'keep-alive', 'X-Powered-By': 'Express', 'Access-Control-Allow-Origin': '*', 'Cache-Control': 'no-cache', 'ETag': 'W/"47d-ACdVtbWvlYJ7uthUtO2Jw/p1Rqw"', 'Vary': 'Accept-Encoding', 'Content-Encoding': 'gzip', 'CF-Cache-Status': 'DYNAMIC', 'Report-To': '{"endpoints":[{"url":"https:\\/\\/a.nel.cloudflare.com\\/report\\/v4?s=f2uqwDNve3GoY3bk1vj29JgDXKS2%2F2aKZ%2BImsNmpKVfI%2B5oMCIZoI3EgtUajqGyYqZEMqoRX6sG38ilUD%2FydW8YJPkl5l5l5eCPUHvUJm2hDioA9Sthj2Bwtpny3iBUH"}],"group":"cf-nel","max_age":604800}', 'NEL': '{"success_fraction":0,"report_to":"cf-nel","max_age":604800}', 'Server': 'cloudflare', 'CF-RAY': '88365805bdcb96bd-SJC', 'alt-svc': 'h3=":443"; ma=86400'} 
 body={"results":[{"gender":"male","name":{"title":"Mr","first":"Carmelo","last":"Pascual"},"location":{"street":{"number":8638,"name":"Calle Mota"},"city":"Oviedo","state":"Asturias","country":"Spain","postcode":24442,"coordinates":{"latitude":"-33.4549","longitude":"-146.2854"},"timezone":{"offset":"-1:00","description":"Azores, Cape Verde Islands"}},"email":"carmelo.pascual@example.com","login":{"uuid":"3b6de922-de15-4b61-9e5f-0fc351f6f7e7","username":"greenwolf114","password":"tulips","salt":"35gwQxg1","md5":"10bcf23a465d7706cc265a1a65f1bc42","sha1":"0c5ab18b423046aebea72d2e9f4c85980e8d7965","sha256":"b29c596925d40198cc19ee70bc20b1aa640c5d1acc975c7ad6f5ced7208234bb"},"dob":{"date":"1999-06-01T07:50:25.249Z","age":24},"registered":{"date":"2018-01-21T18:13:17.299Z","age":6},"phone":"930-939-494","cell":"639-621-822","id":{"name":"DNI","value":"11807220-P"},"picture":{"large":"https://randomuser.me/api/portraits/men/19.jpg","medium":"https://randomuser.me/api/portraits/med/men/19.jpg","thumbnail":"https://randomuser.me/api/portraits/thumb/men/19.jpg"},"nat":"ES"}],"info":{"seed":"a942c032663a8b1b","results":1,"page":1,"version":"1.4"}} 
 </msg>
<msg time="2024-05-13T23:14:16.689096" level="INFO">/opt/hostedtoolcache/Python/3.12.3/x64/lib/python3.12/site-packages/urllib3/connectionpool.py:1103: InsecureRequestWarning: Unverified HTTPS request is being made to host 'randomuser.me'. Adding certificate verification is strongly advised. See: https://urllib3.readthedocs.io/en/latest/advanced-usage.html#tls-warnings
  warnings.warn(</msg>
<msg time="2024-05-13T23:14:16.689244" level="INFO">${response} = &lt;Response [200]&gt;</msg>
<var>${response}</var>
<arg>consultarAPI</arg>
<arg>/api</arg>
<doc>Sends a GET request on a previously created HTTP Session.</doc>
<status status="PASS" start="2024-05-13T23:14:16.426408" elapsed="0.262880"/>
</kw>
<kw name="Should Be Equal As Numbers" owner="BuiltIn">
<msg time="2024-05-13T23:14:16.690366" level="INFO">Argument types are:
&lt;class 'int'&gt;
&lt;class 'str'&gt;</msg>
<arg>${response.status_code}</arg>
<arg>200</arg>
<doc>Fails if objects are unequal after converting them to real numbers.</doc>
<status status="PASS" start="2024-05-13T23:14:16.689882" elapsed="0.000553"/>
</kw>
<kw name="Log" owner="BuiltIn">
<msg time="2024-05-13T23:14:16.691157" level="INFO">200</msg>
<arg>${response.status_code}</arg>
<doc>Logs the given message with the given level.</doc>
<status status="PASS" start="2024-05-13T23:14:16.690792" elapsed="0.000409"/>
</kw>
<kw name="Set Variable" owner="BuiltIn">
<msg time="2024-05-13T23:14:16.692002" level="INFO">${json_data} = {'results': [{'gender': 'male', 'name': {'title': 'Mr', 'first': 'Carmelo', 'last': 'Pascual'}, 'location': {'street': {'number': 8638, 'name': 'Calle Mota'}, 'city': 'Oviedo', 'state': 'Asturias', 'c...</msg>
<var>${json_data}</var>
<arg>${response.json()}</arg>
<doc>Returns the given values which can then be assigned to a variables.</doc>
<status status="PASS" start="2024-05-13T23:14:16.691558" elapsed="0.000473"/>
</kw>
<kw name="Dictionary Should Contain Key" owner="Collections">
<msg time="2024-05-13T23:14:16.692517" level="INFO">False</msg>
<arg>${json_data}</arg>
<arg>results</arg>
<doc>Fails if ``key`` is not found from ``dictionary``.</doc>
<status status="PASS" start="2024-05-13T23:14:16.692339" elapsed="0.000219"/>
</kw>
<status status="PASS" start="2024-05-13T23:14:16.426156" elapsed="0.266668"/>
</kw>
<doc>Testa se a API responde corretamente e retorna um objeto JSON válido.</doc>
<tag>testeRequisicaoBasica</tag>
<status status="PASS" start="2024-05-13T23:14:16.425676" elapsed="0.267341"/>
</test>
<test id="s1-s1-t3" name="Validar estrutura de resposta" line="22">
<kw name="Teste de Estrutura de Resposta" owner="random-user-service">
<kw name="GET On Session" owner="RequestsLibrary">
<msg time="2024-05-13T23:14:16.784787" level="INFO">GET Request : url=https://randomuser.me/api 
 path_url=/api 
 headers={'User-Agent': 'python-requests/2.31.0', 'Accept-Encoding': 'gzip, deflate', 'Accept': '*/*', 'Connection': 'keep-alive'} 
 body=None 
 </msg>
<msg time="2024-05-13T23:14:16.784909" level="INFO">GET Response : url=https://randomuser.me/api 
 status=200, reason=OK 
 headers={'Date': 'Mon, 13 May 2024 23:14:16 GMT', 'Content-Type': 'application/json; charset=utf-8', 'Transfer-Encoding': 'chunked', 'Connection': 'keep-alive', 'X-Powered-By': 'Express', 'Access-Control-Allow-Origin': '*', 'Cache-Control': 'no-cache', 'ETag': 'W/"485-lpdGn2qDs1qUQJJfJ6G9QZGastE"', 'Vary': 'Accept-Encoding', 'Content-Encoding': 'gzip', 'CF-Cache-Status': 'DYNAMIC', 'Report-To': '{"endpoints":[{"url":"https:\\/\\/a.nel.cloudflare.com\\/report\\/v4?s=vhdkmBDbGK5LntuKnN4NHvZsnNushehV8w7%2FTQ8zsUm3WOqzwOUvg06NDgzgJSt7KVOmENEVhMIpfwA5JL%2FIvZ05HTwMrEMxA9iLOtGctva25H6ffLifw7yYDF1xtYkQ"}],"group":"cf-nel","max_age":604800}', 'NEL': '{"success_fraction":0,"report_to":"cf-nel","max_age":604800}', 'Server': 'cloudflare', 'CF-RAY': '883658065e3a96bd-SJC', 'alt-svc': 'h3=":443"; ma=86400'} 
 body={"results":[{"gender":"male","name":{"title":"Mr","first":"Beau","last":"Brown"},"location":{"street":{"number":447,"name":"New North Road"},"city":"New Plymouth","state":"Gisborne","country":"New Zealand","postcode":28723,"coordinates":{"latitude":"53.1942","longitude":"-141.4656"},"timezone":{"offset":"-1:00","description":"Azores, Cape Verde Islands"}},"email":"beau.brown@example.com","login":{"uuid":"20609833-fe99-474d-b806-ec44faa7b6ca","username":"beautifulgorilla918","password":"kkkkkkk","salt":"84KMBs1C","md5":"17ea5dba6bb42884972238ee519bd5c3","sha1":"a7bb3ea15fffed3dcc7795afbff8ce2f1e048bda","sha256":"9456d0641cbc41050b3356bcfd37921255650e5c9798670c1c85c463bf3dfca4"},"dob":{"date":"1987-06-06T00:42:25.382Z","age":36},"registered":{"date":"2007-08-25T05:18:12.670Z","age":16},"phone":"(966)-474-7619","cell":"(827)-690-1517","id":{"name":"","value":null},"picture":{"large":"https://randomuser.me/api/portraits/men/26.jpg","medium":"https://randomuser.me/api/portraits/med/men/26.jpg","thumbnail":"https://randomuser.me/api/portraits/thumb/men/26.jpg"},"nat":"NZ"}],"info":{"seed":"eeafafa5137d374f","results":1,"page":1,"version":"1.4"}} 
 </msg>
<msg time="2024-05-13T23:14:16.785058" level="INFO">/opt/hostedtoolcache/Python/3.12.3/x64/lib/python3.12/site-packages/urllib3/connectionpool.py:1103: InsecureRequestWarning: Unverified HTTPS request is being made to host 'randomuser.me'. Adding certificate verification is strongly advised. See: https://urllib3.readthedocs.io/en/latest/advanced-usage.html#tls-warnings
  warnings.warn(</msg>
<msg time="2024-05-13T23:14:16.785200" level="INFO">${response} = &lt;Response [200]&gt;</msg>
<var>${response}</var>
<arg>consultarAPI</arg>
<arg>/api</arg>
<doc>Sends a GET request on a previously created HTTP Session.</doc>
<status status="PASS" start="2024-05-13T23:14:16.695734" elapsed="0.089604"/>
</kw>
<kw name="Set Variable" owner="BuiltIn">
<msg time="2024-05-13T23:14:16.786371" level="INFO">${json_data} = {'results': [{'gender': 'male', 'name': {'title': 'Mr', 'first': 'Beau', 'last': 'Brown'}, 'location': {'street': {'number': 447, 'name': 'New North Road'}, 'city': 'New Plymouth', 'state': 'Gisborne'...</msg>
<var>${json_data}</var>
<arg>${response.json()}</arg>
<doc>Returns the given values which can then be assigned to a variables.</doc>
<status status="PASS" start="2024-05-13T23:14:16.785839" elapsed="0.000562"/>
</kw>
<kw name="Log" owner="BuiltIn">
<msg time="2024-05-13T23:14:16.786876" level="INFO">{'results': [{'gender': 'male', 'name': {'title': 'Mr', 'first': 'Beau', 'last': 'Brown'}, 'location': {'street': {'number': 447, 'name': 'New North Road'}, 'city': 'New Plymouth', 'state': 'Gisborne', 'country': 'New Zealand', 'postcode': 28723, 'coordinates': {'latitude': '53.1942', 'longitude': '-141.4656'}, 'timezone': {'offset': '-1:00', 'description': 'Azores, Cape Verde Islands'}}, 'email': 'beau.brown@example.com', 'login': {'uuid': '20609833-fe99-474d-b806-ec44faa7b6ca', 'username': 'beautifulgorilla918', 'password': 'kkkkkkk', 'salt': '84KMBs1C', 'md5': '17ea5dba6bb42884972238ee519bd5c3', 'sha1': 'a7bb3ea15fffed3dcc7795afbff8ce2f1e048bda', 'sha256': '9456d0641cbc41050b3356bcfd37921255650e5c9798670c1c85c463bf3dfca4'}, 'dob': {'date': '1987-06-06T00:42:25.382Z', 'age': 36}, 'registered': {'date': '2007-08-25T05:18:12.670Z', 'age': 16}, 'phone': '(966)-474-7619', 'cell': '(827)-690-1517', 'id': {'name': '', 'value': None}, 'picture': {'large': 'https://randomuser.me/api/portraits/men/26.jpg', 'medium': 'https://randomuser.me/api/portraits/med/men/26.jpg', 'thumbnail': 'https://randomuser.me/api/portraits/thumb/men/26.jpg'}, 'nat': 'NZ'}], 'info': {'seed': 'eeafafa5137d374f', 'results': 1, 'page': 1, 'version': '1.4'}}</msg>
<arg>${json_data}</arg>
<doc>Logs the given message with the given level.</doc>
<status status="PASS" start="2024-05-13T23:14:16.786716" elapsed="0.000209"/>
</kw>
<kw name="Dictionary Should Contain Key" owner="Collections">
<msg time="2024-05-13T23:14:16.787424" level="INFO">False</msg>
<arg>${json_data}</arg>
<arg>results</arg>
<doc>Fails if ``key`` is not found from ``dictionary``.</doc>
<status status="PASS" start="2024-05-13T23:14:16.787226" elapsed="0.000246"/>
</kw>
<kw name="Should Not Be Empty" owner="BuiltIn">
<msg time="2024-05-13T23:14:16.787914" level="INFO">Length is 2.</msg>
<arg>${json_data}</arg>
<doc>Verifies that the given item is not empty.</doc>
<status status="PASS" start="2024-05-13T23:14:16.787776" elapsed="0.000346"/>
</kw>
<kw name="Create List" owner="BuiltIn">
<msg time="2024-05-13T23:14:16.788577" level="INFO">${expected_keys} = ['gender', 'name', 'location', 'email', 'login']</msg>
<var>${expected_keys}</var>
<arg>gender</arg>
<arg>name</arg>
<arg>location</arg>
<arg>email</arg>
<arg>login</arg>
<doc>Returns a list containing given items.</doc>
<status status="PASS" start="2024-05-13T23:14:16.788422" elapsed="0.000181"/>
</kw>
<for flavor="IN">
<iter>
<kw name="Dictionary Should Contain Key" owner="Collections">
<msg time="2024-05-13T23:14:16.789610" level="INFO">False</msg>
<arg>${json_data['results'][0]}</arg>
<arg>${key}</arg>
<doc>Fails if ``key`` is not found from ``dictionary``.</doc>
<status status="PASS" start="2024-05-13T23:14:16.789200" elapsed="0.000450"/>
</kw>
<kw name="Log" owner="BuiltIn">
<msg time="2024-05-13T23:14:16.790319" level="INFO">{'gender': 'male', 'name': {'title': 'Mr', 'first': 'Beau', 'last': 'Brown'}, 'location': {'street': {'number': 447, 'name': 'New North Road'}, 'city': 'New Plymouth', 'state': 'Gisborne', 'country': 'New Zealand', 'postcode': 28723, 'coordinates': {'latitude': '53.1942', 'longitude': '-141.4656'}, 'timezone': {'offset': '-1:00', 'description': 'Azores, Cape Verde Islands'}}, 'email': 'beau.brown@example.com', 'login': {'uuid': '20609833-fe99-474d-b806-ec44faa7b6ca', 'username': 'beautifulgorilla918', 'password': 'kkkkkkk', 'salt': '84KMBs1C', 'md5': '17ea5dba6bb42884972238ee519bd5c3', 'sha1': 'a7bb3ea15fffed3dcc7795afbff8ce2f1e048bda', 'sha256': '9456d0641cbc41050b3356bcfd37921255650e5c9798670c1c85c463bf3dfca4'}, 'dob': {'date': '1987-06-06T00:42:25.382Z', 'age': 36}, 'registered': {'date': '2007-08-25T05:18:12.670Z', 'age': 16}, 'phone': '(966)-474-7619', 'cell': '(827)-690-1517', 'id': {'name': '', 'value': None}, 'picture': {'large': 'https://randomuser.me/api/portraits/men/26.jpg', 'medium': 'https://randomuser.me/api/portraits/med/men/26.jpg', 'thumbnail': 'https://randomuser.me/api/portraits/thumb/men/26.jpg'}, 'nat': 'NZ'}</msg>
<arg>${json_data['results'][0]}</arg>
<doc>Logs the given message with the given level.</doc>
<status status="PASS" start="2024-05-13T23:14:16.789953" elapsed="0.000416"/>
</kw>
<kw name="Log" owner="BuiltIn">
<msg time="2024-05-13T23:14:16.790804" level="INFO">gender</msg>
<arg>${key}</arg>
<doc>Logs the given message with the given level.</doc>
<status status="PASS" start="2024-05-13T23:14:16.790674" elapsed="0.000170"/>
</kw>
<var name="${key}">gender</var>
<status status="PASS" start="2024-05-13T23:14:16.789072" elapsed="0.001992"/>
</iter>
<iter>
<kw name="Dictionary Should Contain Key" owner="Collections">
<msg time="2024-05-13T23:14:16.791805" level="INFO">False</msg>
<arg>${json_data['results'][0]}</arg>
<arg>${key}</arg>
<doc>Fails if ``key`` is not found from ``dictionary``.</doc>
<status status="PASS" start="2024-05-13T23:14:16.791405" elapsed="0.000439"/>
</kw>
<kw name="Log" owner="BuiltIn">
<msg time="2024-05-13T23:14:16.792537" level="INFO">{'gender': 'male', 'name': {'title': 'Mr', 'first': 'Beau', 'last': 'Brown'}, 'location': {'street': {'number': 447, 'name': 'New North Road'}, 'city': 'New Plymouth', 'state': 'Gisborne', 'country': 'New Zealand', 'postcode': 28723, 'coordinates': {'latitude': '53.1942', 'longitude': '-141.4656'}, 'timezone': {'offset': '-1:00', 'description': 'Azores, Cape Verde Islands'}}, 'email': 'beau.brown@example.com', 'login': {'uuid': '20609833-fe99-474d-b806-ec44faa7b6ca', 'username': 'beautifulgorilla918', 'password': 'kkkkkkk', 'salt': '84KMBs1C', 'md5': '17ea5dba6bb42884972238ee519bd5c3', 'sha1': 'a7bb3ea15fffed3dcc7795afbff8ce2f1e048bda', 'sha256': '9456d0641cbc41050b3356bcfd37921255650e5c9798670c1c85c463bf3dfca4'}, 'dob': {'date': '1987-06-06T00:42:25.382Z', 'age': 36}, 'registered': {'date': '2007-08-25T05:18:12.670Z', 'age': 16}, 'phone': '(966)-474-7619', 'cell': '(827)-690-1517', 'id': {'name': '', 'value': None}, 'picture': {'large': 'https://randomuser.me/api/portraits/men/26.jpg', 'medium': 'https://randomuser.me/api/portraits/med/men/26.jpg', 'thumbnail': 'https://randomuser.me/api/portraits/thumb/men/26.jpg'}, 'nat': 'NZ'}</msg>
<arg>${json_data['results'][0]}</arg>
<doc>Logs the given message with the given level.</doc>
<status status="PASS" start="2024-05-13T23:14:16.792174" elapsed="0.000419"/>
</kw>
<kw name="Log" owner="BuiltIn">
<msg time="2024-05-13T23:14:16.793024" level="INFO">name</msg>
<arg>${key}</arg>
<doc>Logs the given message with the given level.</doc>
<status status="PASS" start="2024-05-13T23:14:16.792897" elapsed="0.000165"/>
</kw>
<var name="${key}">name</var>
<status status="PASS" start="2024-05-13T23:14:16.791256" elapsed="0.002020"/>
</iter>
<iter>
<kw name="Dictionary Should Contain Key" owner="Collections">
<msg time="2024-05-13T23:14:16.793957" level="INFO">False</msg>
<arg>${json_data['results'][0]}</arg>
<arg>${key}</arg>
<doc>Fails if ``key`` is not found from ``dictionary``.</doc>
<status status="PASS" start="2024-05-13T23:14:16.793573" elapsed="0.000423"/>
</kw>
<kw name="Log" owner="BuiltIn">
<msg time="2024-05-13T23:14:16.794653" level="INFO">{'gender': 'male', 'name': {'title': 'Mr', 'first': 'Beau', 'last': 'Brown'}, 'location': {'street': {'number': 447, 'name': 'New North Road'}, 'city': 'New Plymouth', 'state': 'Gisborne', 'country': 'New Zealand', 'postcode': 28723, 'coordinates': {'latitude': '53.1942', 'longitude': '-141.4656'}, 'timezone': {'offset': '-1:00', 'description': 'Azores, Cape Verde Islands'}}, 'email': 'beau.brown@example.com', 'login': {'uuid': '20609833-fe99-474d-b806-ec44faa7b6ca', 'username': 'beautifulgorilla918', 'password': 'kkkkkkk', 'salt': '84KMBs1C', 'md5': '17ea5dba6bb42884972238ee519bd5c3', 'sha1': 'a7bb3ea15fffed3dcc7795afbff8ce2f1e048bda', 'sha256': '9456d0641cbc41050b3356bcfd37921255650e5c9798670c1c85c463bf3dfca4'}, 'dob': {'date': '1987-06-06T00:42:25.382Z', 'age': 36}, 'registered': {'date': '2007-08-25T05:18:12.670Z', 'age': 16}, 'phone': '(966)-474-7619', 'cell': '(827)-690-1517', 'id': {'name': '', 'value': None}, 'picture': {'large': 'https://randomuser.me/api/portraits/men/26.jpg', 'medium': 'https://randomuser.me/api/portraits/med/men/26.jpg', 'thumbnail': 'https://randomuser.me/api/portraits/thumb/men/26.jpg'}, 'nat': 'NZ'}</msg>
<arg>${json_data['results'][0]}</arg>
<doc>Logs the given message with the given level.</doc>
<status status="PASS" start="2024-05-13T23:14:16.794295" elapsed="0.000408"/>
</kw>
<kw name="Log" owner="BuiltIn">
<msg time="2024-05-13T23:14:16.795123" level="INFO">location</msg>
<arg>${key}</arg>
<doc>Logs the given message with the given level.</doc>
<status status="PASS" start="2024-05-13T23:14:16.794998" elapsed="0.000163"/>
</kw>
<var name="${key}">location</var>
<status status="PASS" start="2024-05-13T23:14:16.793459" elapsed="0.001943"/>
</iter>
<iter>
<kw name="Dictionary Should Contain Key" owner="Collections">
<msg time="2024-05-13T23:14:16.796088" level="INFO">False</msg>
<arg>${json_data['results'][0]}</arg>
<arg>${key}</arg>
<doc>Fails if ``key`` is not found from ``dictionary``.</doc>
<status status="PASS" start="2024-05-13T23:14:16.795703" elapsed="0.000422"/>
</kw>
<kw name="Log" owner="BuiltIn">
<msg time="2024-05-13T23:14:16.796787" level="INFO">{'gender': 'male', 'name': {'title': 'Mr', 'first': 'Beau', 'last': 'Brown'}, 'location': {'street': {'number': 447, 'name': 'New North Road'}, 'city': 'New Plymouth', 'state': 'Gisborne', 'country': 'New Zealand', 'postcode': 28723, 'coordinates': {'latitude': '53.1942', 'longitude': '-141.4656'}, 'timezone': {'offset': '-1:00', 'description': 'Azores, Cape Verde Islands'}}, 'email': 'beau.brown@example.com', 'login': {'uuid': '20609833-fe99-474d-b806-ec44faa7b6ca', 'username': 'beautifulgorilla918', 'password': 'kkkkkkk', 'salt': '84KMBs1C', 'md5': '17ea5dba6bb42884972238ee519bd5c3', 'sha1': 'a7bb3ea15fffed3dcc7795afbff8ce2f1e048bda', 'sha256': '9456d0641cbc41050b3356bcfd37921255650e5c9798670c1c85c463bf3dfca4'}, 'dob': {'date': '1987-06-06T00:42:25.382Z', 'age': 36}, 'registered': {'date': '2007-08-25T05:18:12.670Z', 'age': 16}, 'phone': '(966)-474-7619', 'cell': '(827)-690-1517', 'id': {'name': '', 'value': None}, 'picture': {'large': 'https://randomuser.me/api/portraits/men/26.jpg', 'medium': 'https://randomuser.me/api/portraits/med/men/26.jpg', 'thumbnail': 'https://randomuser.me/api/portraits/thumb/men/26.jpg'}, 'nat': 'NZ'}</msg>
<arg>${json_data['results'][0]}</arg>
<doc>Logs the given message with the given level.</doc>
<status status="PASS" start="2024-05-13T23:14:16.796428" elapsed="0.000408"/>
</kw>
<kw name="Log" owner="BuiltIn">
<msg time="2024-05-13T23:14:16.797260" level="INFO">email</msg>
<arg>${key}</arg>
<doc>Logs the given message with the given level.</doc>
<status status="PASS" start="2024-05-13T23:14:16.797132" elapsed="0.000166"/>
</kw>
<var name="${key}">email</var>
<status status="PASS" start="2024-05-13T23:14:16.795588" elapsed="0.001923"/>
</iter>
<iter>
<kw name="Dictionary Should Contain Key" owner="Collections">
<msg time="2024-05-13T23:14:16.798188" level="INFO">False</msg>
<arg>${json_data['results'][0]}</arg>
<arg>${key}</arg>
<doc>Fails if ``key`` is not found from ``dictionary``.</doc>
<status status="PASS" start="2024-05-13T23:14:16.797796" elapsed="0.000430"/>
</kw>
<kw name="Log" owner="BuiltIn">
<msg time="2024-05-13T23:14:16.798884" level="INFO">{'gender': 'male', 'name': {'title': 'Mr', 'first': 'Beau', 'last': 'Brown'}, 'location': {'street': {'number': 447, 'name': 'New North Road'}, 'city': 'New Plymouth', 'state': 'Gisborne', 'country': 'New Zealand', 'postcode': 28723, 'coordinates': {'latitude': '53.1942', 'longitude': '-141.4656'}, 'timezone': {'offset': '-1:00', 'description': 'Azores, Cape Verde Islands'}}, 'email': 'beau.brown@example.com', 'login': {'uuid': '20609833-fe99-474d-b806-ec44faa7b6ca', 'username': 'beautifulgorilla918', 'password': 'kkkkkkk', 'salt': '84KMBs1C', 'md5': '17ea5dba6bb42884972238ee519bd5c3', 'sha1': 'a7bb3ea15fffed3dcc7795afbff8ce2f1e048bda', 'sha256': '9456d0641cbc41050b3356bcfd37921255650e5c9798670c1c85c463bf3dfca4'}, 'dob': {'date': '1987-06-06T00:42:25.382Z', 'age': 36}, 'registered': {'date': '2007-08-25T05:18:12.670Z', 'age': 16}, 'phone': '(966)-474-7619', 'cell': '(827)-690-1517', 'id': {'name': '', 'value': None}, 'picture': {'large': 'https://randomuser.me/api/portraits/men/26.jpg', 'medium': 'https://randomuser.me/api/portraits/med/men/26.jpg', 'thumbnail': 'https://randomuser.me/api/portraits/thumb/men/26.jpg'}, 'nat': 'NZ'}</msg>
<arg>${json_data['results'][0]}</arg>
<doc>Logs the given message with the given level.</doc>
<status status="PASS" start="2024-05-13T23:14:16.798522" elapsed="0.000409"/>
</kw>
<kw name="Log" owner="BuiltIn">
<msg time="2024-05-13T23:14:16.799379" level="INFO">login</msg>
<arg>${key}</arg>
<doc>Logs the given message with the given level.</doc>
<status status="PASS" start="2024-05-13T23:14:16.799227" elapsed="0.000195"/>
</kw>
<var name="${key}">login</var>
<status status="PASS" start="2024-05-13T23:14:16.797684" elapsed="0.001968"/>
</iter>
<var>${key}</var>
<value>@{expected_keys}</value>
<status status="PASS" start="2024-05-13T23:14:16.788868" elapsed="0.010934"/>
</for>
<kw name="Create List" owner="BuiltIn">
<msg time="2024-05-13T23:14:16.800147" level="INFO">${expected_keysTwo} = ['username', 'password']</msg>
<var>${expected_keysTwo}</var>
<arg>username</arg>
<arg>password</arg>
<doc>Returns a list containing given items.</doc>
<status status="PASS" start="2024-05-13T23:14:16.800007" elapsed="0.000164"/>
</kw>
<for flavor="IN">
<iter>
<kw name="Dictionary Should Contain Key" owner="Collections">
<msg time="2024-05-13T23:14:16.801072" level="INFO">False</msg>
<arg>${json_data['results'][0]['login']}</arg>
<arg>${keyTwo}</arg>
<doc>Fails if ``key`` is not found from ``dictionary``.</doc>
<status status="PASS" start="2024-05-13T23:14:16.800682" elapsed="0.000427"/>
</kw>
<kw name="Dictionary Should Contain Key" owner="Collections">
<msg time="2024-05-13T23:14:16.801793" level="INFO">False</msg>
<arg>${json_data['results'][0]['login']}</arg>
<arg>${keyTwo}</arg>
<doc>Fails if ``key`` is not found from ``dictionary``.</doc>
<status status="PASS" start="2024-05-13T23:14:16.801404" elapsed="0.000426"/>
</kw>
<kw name="Log" owner="BuiltIn">
<msg time="2024-05-13T23:14:16.802252" level="INFO">username</msg>
<arg>${keyTwo}</arg>
<doc>Logs the given message with the given level.</doc>
<status status="PASS" start="2024-05-13T23:14:16.802123" elapsed="0.000172"/>
</kw>
<var name="${keyTwo}">username</var>
<status status="PASS" start="2024-05-13T23:14:16.800571" elapsed="0.001939"/>
</iter>
<iter>
<kw name="Dictionary Should Contain Key" owner="Collections">
<msg time="2024-05-13T23:14:16.803269" level="INFO">False</msg>
<arg>${json_data['results'][0]['login']}</arg>
<arg>${keyTwo}</arg>
<doc>Fails if ``key`` is not found from ``dictionary``.</doc>
<status status="PASS" start="2024-05-13T23:14:16.802805" elapsed="0.000503"/>
</kw>
<kw name="Dictionary Should Contain Key" owner="Collections">
<msg time="2024-05-13T23:14:16.804029" level="INFO">False</msg>
<arg>${json_data['results'][0]['login']}</arg>
<arg>${keyTwo}</arg>
<doc>Fails if ``key`` is not found from ``dictionary``.</doc>
<status status="PASS" start="2024-05-13T23:14:16.803643" elapsed="0.000423"/>
</kw>
<kw name="Log" owner="BuiltIn">
<msg time="2024-05-13T23:14:16.804483" level="INFO">password</msg>
<arg>${keyTwo}</arg>
<doc>Logs the given message with the given level.</doc>
<status status="PASS" start="2024-05-13T23:14:16.804359" elapsed="0.000161"/>
</kw>
<var name="${keyTwo}">password</var>
<status status="PASS" start="2024-05-13T23:14:16.802689" elapsed="0.002045"/>
</iter>
<var>${keyTwo}</var>
<value>@{expected_keysTwo}</value>
<status status="PASS" start="2024-05-13T23:14:16.800411" elapsed="0.004444"/>
</for>
<status status="PASS" start="2024-05-13T23:14:16.695489" elapsed="0.109508"/>
</kw>
<doc>Testa a estrutura da resposta da API.</doc>
<tag>testeEstruturaResposta</tag>
<status status="PASS" start="2024-05-13T23:14:16.694914" elapsed="0.110244"/>
</test>
<test id="s1-s1-t4" name="Validar tipos de dados" line="28">
<kw name="Teste de Tipos de Dados" owner="random-user-service">
<kw name="GET On Session" owner="RequestsLibrary">
<msg time="2024-05-13T23:14:16.892991" level="INFO">GET Request : url=https://randomuser.me/api 
 path_url=/api 
 headers={'User-Agent': 'python-requests/2.31.0', 'Accept-Encoding': 'gzip, deflate', 'Accept': '*/*', 'Connection': 'keep-alive'} 
 body=None 
 </msg>
<msg time="2024-05-13T23:14:16.893114" level="INFO">GET Response : url=https://randomuser.me/api 
 status=200, reason=OK 
 headers={'Date': 'Mon, 13 May 2024 23:14:16 GMT', 'Content-Type': 'application/json; charset=utf-8', 'Transfer-Encoding': 'chunked', 'Connection': 'keep-alive', 'X-Powered-By': 'Express', 'Access-Control-Allow-Origin': '*', 'Cache-Control': 'no-cache', 'ETag': 'W/"49b-lhuXDMxGDlMU4aPUPTXb3h8XllA"', 'Vary': 'Accept-Encoding', 'Content-Encoding': 'gzip', 'CF-Cache-Status': 'DYNAMIC', 'Report-To': '{"endpoints":[{"url":"https:\\/\\/a.nel.cloudflare.com\\/report\\/v4?s=K8pG%2BcYJ1A09aUFz5j5CkXZN5t4s0pxQxtWCUuvkTFLbz9v1MiqjNcHVn1mPOSzP7kWBfwL7B5SmyWo1UA75%2FrXqwppSGJaEC1MuZ4diapDgE9GWg78nAS8hSs2YstEO"}],"group":"cf-nel","max_age":604800}', 'NEL': '{"success_fraction":0,"report_to":"cf-nel","max_age":604800}', 'Server': 'cloudflare', 'CF-RAY': '883658071ec896bd-SJC', 'alt-svc': 'h3=":443"; ma=86400'} 
 body={"results":[{"gender":"male","name":{"title":"Mr","first":"Arcanjo","last":"Nunes"},"location":{"street":{"number":6159,"name":"Rua Pará "},"city":"Maranguape","state":"Mato Grosso","country":"Brazil","postcode":29751,"coordinates":{"latitude":"-74.9935","longitude":"-50.8697"},"timezone":{"offset":"+3:00","description":"Baghdad, Riyadh, Moscow, St. Petersburg"}},"email":"arcanjo.nunes@example.com","login":{"uuid":"1b897863-521e-4540-b116-e7a69ba6d449","username":"beautifulgoose941","password":"anita","salt":"vlf5vqdo","md5":"ffd48e00b4f4726741f6f407c7ab2383","sha1":"56fec065b06535fe66060d72c7c72b73c775204e","sha256":"a97a20995c3253cdc4ee718d9996c54cd2069608a5b70238a3d6eeb33cc9d981"},"dob":{"date":"1971-03-23T12:45:00.667Z","age":53},"registered":{"date":"2015-04-21T18:51:09.562Z","age":9},"phone":"(56) 6382-2524","cell":"(79) 5943-5976","id":{"name":"CPF","value":"123.945.716-88"},"picture":{"large":"https://randomuser.me/api/portraits/men/42.jpg","medium":"https://randomuser.me/api/portraits/med/men/42.jpg","thumbnail":"https://randomuser.me/api/portraits/thumb/men/42.jpg"},"nat":"BR"}],"info":{"seed":"25234ee18ce136db","results":1,"page":1,"version":"1.4"}} 
 </msg>
<msg time="2024-05-13T23:14:16.893207" level="INFO">/opt/hostedtoolcache/Python/3.12.3/x64/lib/python3.12/site-packages/urllib3/connectionpool.py:1103: InsecureRequestWarning: Unverified HTTPS request is being made to host 'randomuser.me'. Adding certificate verification is strongly advised. See: https://urllib3.readthedocs.io/en/latest/advanced-usage.html#tls-warnings
  warnings.warn(</msg>
<msg time="2024-05-13T23:14:16.893350" level="INFO">${response} = &lt;Response [200]&gt;</msg>
<var>${response}</var>
<arg>consultarAPI</arg>
<arg>/api</arg>
<doc>Sends a GET request on a previously created HTTP Session.</doc>
<status status="PASS" start="2024-05-13T23:14:16.807706" elapsed="0.085673"/>
</kw>
<kw name="Set Variable" owner="BuiltIn">
<msg time="2024-05-13T23:14:16.894512" level="INFO">${json_data} = {'results': [{'gender': 'male', 'name': {'title': 'Mr', 'first': 'Arcanjo', 'last': 'Nunes'}, 'location': {'street': {'number': 6159, 'name': 'Rua Pará '}, 'city': 'Maranguape', 'state': 'Mato Grosso'...</msg>
<var>${json_data}</var>
<arg>${response.json()}</arg>
<doc>Returns the given values which can then be assigned to a variables.</doc>
<status status="PASS" start="2024-05-13T23:14:16.893956" elapsed="0.000586"/>
</kw>
<kw name="Log" owner="BuiltIn">
<msg time="2024-05-13T23:14:16.895091" level="INFO">{'results': [{'gender': 'male', 'name': {'title': 'Mr', 'first': 'Arcanjo', 'last': 'Nunes'}, 'location': {'street': {'number': 6159, 'name': 'Rua Pará '}, 'city': 'Maranguape', 'state': 'Mato Grosso', 'country': 'Brazil', 'postcode': 29751, 'coordinates': {'latitude': '-74.9935', 'longitude': '-50.8697'}, 'timezone': {'offset': '+3:00', 'description': 'Baghdad, Riyadh, Moscow, St. Petersburg'}}, 'email': 'arcanjo.nunes@example.com', 'login': {'uuid': '1b897863-521e-4540-b116-e7a69ba6d449', 'username': 'beautifulgoose941', 'password': 'anita', 'salt': 'vlf5vqdo', 'md5': 'ffd48e00b4f4726741f6f407c7ab2383', 'sha1': '56fec065b06535fe66060d72c7c72b73c775204e', 'sha256': 'a97a20995c3253cdc4ee718d9996c54cd2069608a5b70238a3d6eeb33cc9d981'}, 'dob': {'date': '1971-03-23T12:45:00.667Z', 'age': 53}, 'registered': {'date': '2015-04-21T18:51:09.562Z', 'age': 9}, 'phone': '(56) 6382-2524', 'cell': '(79) 5943-5976', 'id': {'name': 'CPF', 'value': '123.945.716-88'}, 'picture': {'large': 'https://randomuser.me/api/portraits/men/42.jpg', 'medium': 'https://randomuser.me/api/portraits/med/men/42.jpg', 'thumbnail': 'https://randomuser.me/api/portraits/thumb/men/42.jpg'}, 'nat': 'BR'}], 'info': {'seed': '25234ee18ce136db', 'results': 1, 'page': 1, 'version': '1.4'}}</msg>
<arg>${json_data}</arg>
<doc>Logs the given message with the given level.</doc>
<status status="PASS" start="2024-05-13T23:14:16.894918" elapsed="0.000263"/>
</kw>
<kw name="Should Be String" owner="String">
<arg>${json_data['results'][0]['gender']}</arg>
<doc>Fails if the given ``item`` is not a string.</doc>
<status status="PASS" start="2024-05-13T23:14:16.895555" elapsed="0.000410"/>
</kw>
<kw name="Should Match Regexp" owner="BuiltIn">
<arg>${json_data['results'][0]['email']}</arg>
<arg>^[a-zA-Z0-9._%+-]+@[a-zA-Z0-9.-]+\.[a-zA-Z]{2,}$</arg>
<doc>Fails if ``string`` does not match ``pattern`` as a regular expression.</doc>
<status status="PASS" start="2024-05-13T23:14:16.896176" elapsed="0.000541"/>
</kw>
<kw name="Should Match Regexp" owner="BuiltIn">
<arg>${json_data['results'][0]['dob']['date']}</arg>
<arg>\\d{4}-\\d{2}-\\d{2}T\\d{2}:\\d{2}:\\d{2}\\.\\d{3}Z</arg>
<doc>Fails if ``string`` does not match ``pattern`` as a regular expression.</doc>
<status status="PASS" start="2024-05-13T23:14:16.896921" elapsed="0.000507"/>
</kw>
<kw name="Should Match Regexp" owner="BuiltIn">
<arg>${json_data['results'][0]['registered']['date']}</arg>
<arg>\\d{4}-\\d{2}-\\d{2}T\\d{2}:\\d{2}:\\d{2}\\.\\d{3}Z</arg>
<doc>Fails if ``string`` does not match ``pattern`` as a regular expression.</doc>
<status status="PASS" start="2024-05-13T23:14:16.897627" elapsed="0.000379"/>
</kw>
<kw name="Should Match Regexp" owner="BuiltIn">
<arg>${json_data['results'][0]['picture']['large']}</arg>
<arg>^https?://.*\.(?:png|jpe?g|gif|bmp)$</arg>
<doc>Fails if ``string`` does not match ``pattern`` as a regular expression.</doc>
<status status="PASS" start="2024-05-13T23:14:16.898203" elapsed="0.000469"/>
</kw>
<kw name="Should Match Regexp" owner="BuiltIn">
<arg>${json_data['results'][0]['picture']['medium']}</arg>
<arg>^https?://.*\.(?:png|jpe?g|gif|bmp)$</arg>
<doc>Fails if ``string`` does not match ``pattern`` as a regular expression.</doc>
<status status="PASS" start="2024-05-13T23:14:16.898865" elapsed="0.000353"/>
</kw>
<kw name="Should Match Regexp" owner="BuiltIn">
<arg>${json_data['results'][0]['picture']['thumbnail']}</arg>
<arg>^https?://.*\.(?:png|jpe?g|gif|bmp)$</arg>
<doc>Fails if ``string`` does not match ``pattern`` as a regular expression.</doc>
<status status="PASS" start="2024-05-13T23:14:16.899445" elapsed="0.000359"/>
</kw>
<kw name="Log" owner="BuiltIn">
<msg time="2024-05-13T23:14:16.900312" level="INFO">{'large': 'https://randomuser.me/api/portraits/men/42.jpg', 'medium': 'https://randomuser.me/api/portraits/med/men/42.jpg', 'thumbnail': 'https://randomuser.me/api/portraits/thumb/men/42.jpg'}</msg>
<arg>${json_data['results'][0]['picture']}</arg>
<doc>Logs the given message with the given level.</doc>
<status status="PASS" start="2024-05-13T23:14:16.899989" elapsed="0.000365"/>
</kw>
<status status="PASS" start="2024-05-13T23:14:16.807462" elapsed="0.093162"/>
</kw>
<kw name="Teste de Tipos de Dados - Postcode" owner="random-user-service">
<kw name="GET On Session" owner="RequestsLibrary">
<msg time="2024-05-13T23:14:16.996268" level="INFO">GET Request : url=https://randomuser.me/api 
 path_url=/api 
 headers={'User-Agent': 'python-requests/2.31.0', 'Accept-Encoding': 'gzip, deflate', 'Accept': '*/*', 'Connection': 'keep-alive'} 
 body=None 
 </msg>
<msg time="2024-05-13T23:14:16.996389" level="INFO">GET Response : url=https://randomuser.me/api 
 status=200, reason=OK 
 headers={'Date': 'Mon, 13 May 2024 23:14:16 GMT', 'Content-Type': 'application/json; charset=utf-8', 'Transfer-Encoding': 'chunked', 'Connection': 'keep-alive', 'X-Powered-By': 'Express', 'Access-Control-Allow-Origin': '*', 'Cache-Control': 'no-cache', 'ETag': 'W/"469-K6BqriqcDmnyWc7mNfVo7QoTfiU"', 'Vary': 'Accept-Encoding', 'Content-Encoding': 'gzip', 'CF-Cache-Status': 'DYNAMIC', 'Report-To': '{"endpoints":[{"url":"https:\\/\\/a.nel.cloudflare.com\\/report\\/v4?s=N5I3wjSJCbxdhQTQ5KqRDVZooZn5HXskB%2FFDFfwfAKeiDvAT%2FdwTUSg%2B5ncGvhFJZ6h8MRY%2FjGbydbAXQbsjyN5mRrY3cRLnAogPiFtoIU4anaDC8nrNnb8QQ9YOXGfI"}],"group":"cf-nel","max_age":604800}', 'NEL': '{"success_fraction":0,"report_to":"cf-nel","max_age":604800}', 'Server': 'cloudflare', 'CF-RAY': '88365807af3596bd-SJC', 'alt-svc': 'h3=":443"; ma=86400'} 
 body={"results":[{"gender":"male","name":{"title":"Mr","first":"Bror","last":"Espeland"},"location":{"street":{"number":4475,"name":"Holbergs gate"},"city":"Nordkjosbotn","state":"Hordaland","country":"Norway","postcode":"6486","coordinates":{"latitude":"45.6871","longitude":"-120.1254"},"timezone":{"offset":"-9:00","description":"Alaska"}},"email":"bror.espeland@example.com","login":{"uuid":"22175955-2dbb-4eb7-88c3-d2b7afe23112","username":"smallduck854","password":"lllll","salt":"l1ST4RBV","md5":"b580b021c066a0e2fab032a110103cb4","sha1":"9d39e521b50c37477c9104d87c02da17848e7c44","sha256":"c9f6d4ad7d9fad300aa441b5ebc07223d9f801cb6b79e07e1d37dfd254ef4ecd"},"dob":{"date":"1952-12-08T09:31:21.152Z","age":71},"registered":{"date":"2016-06-04T11:32:09.936Z","age":7},"phone":"79912001","cell":"91942940","id":{"name":"FN","value":"08125225188"},"picture":{"large":"https://randomuser.me/api/portraits/men/43.jpg","medium":"https://randomuser.me/api/portraits/med/men/43.jpg","thumbnail":"https://randomuser.me/api/portraits/thumb/men/43.jpg"},"nat":"NO"}],"info":{"seed":"4b539b82bebda8fb","results":1,"page":1,"version":"1.4"}} 
 </msg>
<msg time="2024-05-13T23:14:16.996484" level="INFO">/opt/hostedtoolcache/Python/3.12.3/x64/lib/python3.12/site-packages/urllib3/connectionpool.py:1103: InsecureRequestWarning: Unverified HTTPS request is being made to host 'randomuser.me'. Adding certificate verification is strongly advised. See: https://urllib3.readthedocs.io/en/latest/advanced-usage.html#tls-warnings
  warnings.warn(</msg>
<msg time="2024-05-13T23:14:16.996623" level="INFO">${response} = &lt;Response [200]&gt;</msg>
<var>${response}</var>
<arg>consultarAPI</arg>
<arg>/api</arg>
<doc>Sends a GET request on a previously created HTTP Session.</doc>
<status status="PASS" start="2024-05-13T23:14:16.901103" elapsed="0.095561"/>
</kw>
<kw name="Set Variable" owner="BuiltIn">
<msg time="2024-05-13T23:14:16.997965" level="INFO">${json_data} = {'results': [{'gender': 'male', 'name': {'title': 'Mr', 'first': 'Bror', 'last': 'Espeland'}, 'location': {'street': {'number': 4475, 'name': 'Holbergs gate'}, 'city': 'Nordkjosbotn', 'state': 'Hordal...</msg>
<var>${json_data}</var>
<arg>${response.json()}</arg>
<doc>Returns the given values which can then be assigned to a variables.</doc>
<status status="PASS" start="2024-05-13T23:14:16.997347" elapsed="0.000648"/>
</kw>
<kw name="Log" owner="BuiltIn">
<msg time="2024-05-13T23:14:16.998581" level="INFO">{'results': [{'gender': 'male', 'name': {'title': 'Mr', 'first': 'Bror', 'last': 'Espeland'}, 'location': {'street': {'number': 4475, 'name': 'Holbergs gate'}, 'city': 'Nordkjosbotn', 'state': 'Hordaland', 'country': 'Norway', 'postcode': '6486', 'coordinates': {'latitude': '45.6871', 'longitude': '-120.1254'}, 'timezone': {'offset': '-9:00', 'description': 'Alaska'}}, 'email': 'bror.espeland@example.com', 'login': {'uuid': '22175955-2dbb-4eb7-88c3-d2b7afe23112', 'username': 'smallduck854', 'password': 'lllll', 'salt': 'l1ST4RBV', 'md5': 'b580b021c066a0e2fab032a110103cb4', 'sha1': '9d39e521b50c37477c9104d87c02da17848e7c44', 'sha256': 'c9f6d4ad7d9fad300aa441b5ebc07223d9f801cb6b79e07e1d37dfd254ef4ecd'}, 'dob': {'date': '1952-12-08T09:31:21.152Z', 'age': 71}, 'registered': {'date': '2016-06-04T11:32:09.936Z', 'age': 7}, 'phone': '79912001', 'cell': '91942940', 'id': {'name': 'FN', 'value': '08125225188'}, 'picture': {'large': 'https://randomuser.me/api/portraits/men/43.jpg', 'medium': 'https://randomuser.me/api/portraits/med/men/43.jpg', 'thumbnail': 'https://randomuser.me/api/portraits/thumb/men/43.jpg'}, 'nat': 'NO'}], 'info': {'seed': '4b539b82bebda8fb', 'results': 1, 'page': 1, 'version': '1.4'}}</msg>
<arg>${json_data}</arg>
<doc>Logs the given message with the given level.</doc>
<status status="PASS" start="2024-05-13T23:14:16.998394" elapsed="0.000276"/>
</kw>
<kw name="Should Be Equal As Numbers" owner="BuiltIn">
<arg>${json_data['results'][0]['location']['postcode']}</arg>
<arg>${json_data['results'][0]['location']['postcode']}</arg>
<doc>Fails if objects are unequal after converting them to real numbers.</doc>
<status status="PASS" start="2024-05-13T23:14:16.999206" elapsed="0.000703"/>
</kw>
<kw name="Log" owner="BuiltIn">
<msg time="2024-05-13T23:14:17.000458" level="INFO">6486</msg>
<arg>${json_data['results'][0]['location']['postcode']}</arg>
<doc>Logs the given message with the given level.</doc>
<status status="PASS" start="2024-05-13T23:14:17.000115" elapsed="0.000384"/>
</kw>
<status status="PASS" start="2024-05-13T23:14:16.900862" elapsed="0.099901"/>
</kw>
<doc>Testa se os tipos de dados na resposta da API estão corretos.</doc>
<tag>testeTiposDados</tag>
<status status="PASS" start="2024-05-13T23:14:16.806921" elapsed="0.194013"/>
</test>
<test id="s1-s1-t5" name="Validar conteudo" line="35">
<kw name="Teste de Tipos de Conteudo" owner="random-user-service">
<kw name="GET On Session" owner="RequestsLibrary">
<msg time="2024-05-13T23:14:17.091623" level="INFO">GET Request : url=https://randomuser.me/api 
 path_url=/api 
 headers={'User-Agent': 'python-requests/2.31.0', 'Accept-Encoding': 'gzip, deflate', 'Accept': '*/*', 'Connection': 'keep-alive'} 
 body=None 
 </msg>
<msg time="2024-05-13T23:14:17.091736" level="INFO">GET Response : url=https://randomuser.me/api 
 status=200, reason=OK 
 headers={'Date': 'Mon, 13 May 2024 23:14:17 GMT', 'Content-Type': 'application/json; charset=utf-8', 'Transfer-Encoding': 'chunked', 'Connection': 'keep-alive', 'X-Powered-By': 'Express', 'Access-Control-Allow-Origin': '*', 'Cache-Control': 'no-cache', 'ETag': 'W/"482-s7yEmtD7JmCWhhpFX68nLTeSD5Y"', 'Vary': 'Accept-Encoding', 'Content-Encoding': 'gzip', 'CF-Cache-Status': 'DYNAMIC', 'Report-To': '{"endpoints":[{"url":"https:\\/\\/a.nel.cloudflare.com\\/report\\/v4?s=Vs%2F74Cv61iSuf50omck%2BrEZ49gnMiLrBKlZQ4bFwZI3D3P%2BCug1n7QQql758oJ2o9npTV1APqOR0I0i1O1jpE8mK7cvGB4LFcKLoY98DMTIbDf%2BIxWGkTyKJcKpn%2B%2FeC"}],"group":"cf-nel","max_age":604800}', 'NEL': '{"success_fraction":0,"report_to":"cf-nel","max_age":604800}', 'Server': 'cloudflare', 'CF-RAY': '883658084f9396bd-SJC', 'alt-svc': 'h3=":443"; ma=86400'} 
 body={"results":[{"gender":"female","name":{"title":"Mrs","first":"Ceylan","last":"Özberk"},"location":{"street":{"number":8834,"name":"Kushimoto Sk"},"city":"Zonguldak","state":"Muğla","country":"Turkey","postcode":65694,"coordinates":{"latitude":"64.7540","longitude":"111.2344"},"timezone":{"offset":"-7:00","description":"Mountain Time (US &amp; Canada)"}},"email":"ceylan.ozberk@example.com","login":{"uuid":"3f93e3d9-9db5-430f-a9e7-5a948300a159","username":"lazyfrog696","password":"toomuch","salt":"3Uwob8zL","md5":"bd1d3333380f84ce5386e737cd5c4be5","sha1":"9c92fcf4cce03a6fa382039ae9e9ff81bede3ced","sha256":"1a2fe8601fb507dc20b398387a2b2a4b6ca819c76eeeeee7db1d9103329495b1"},"dob":{"date":"1979-05-29T14:20:04.191Z","age":44},"registered":{"date":"2007-09-14T07:41:12.960Z","age":16},"phone":"(200)-613-6668","cell":"(712)-531-1292","id":{"name":"","value":null},"picture":{"large":"https://randomuser.me/api/portraits/women/52.jpg","medium":"https://randomuser.me/api/portraits/med/women/52.jpg","thumbnail":"https://randomuser.me/api/portraits/thumb/women/52.jpg"},"nat":"TR"}],"info":{"seed":"d01420480aa7efde","results":1,"page":1,"version":"1.4"}} 
 </msg>
<msg time="2024-05-13T23:14:17.091818" level="INFO">/opt/hostedtoolcache/Python/3.12.3/x64/lib/python3.12/site-packages/urllib3/connectionpool.py:1103: InsecureRequestWarning: Unverified HTTPS request is being made to host 'randomuser.me'. Adding certificate verification is strongly advised. See: https://urllib3.readthedocs.io/en/latest/advanced-usage.html#tls-warnings
  warnings.warn(</msg>
<msg time="2024-05-13T23:14:17.091947" level="INFO">${response} = &lt;Response [200]&gt;</msg>
<var>${response}</var>
<arg>consultarAPI</arg>
<arg>/api</arg>
<doc>Sends a GET request on a previously created HTTP Session.</doc>
<status status="PASS" start="2024-05-13T23:14:17.003548" elapsed="0.088440"/>
</kw>
<kw name="Set Variable" owner="BuiltIn">
<msg time="2024-05-13T23:14:17.093286" level="INFO">${json_data} = {'results': [{'gender': 'female', 'name': {'title': 'Mrs', 'first': 'Ceylan', 'last': 'Özberk'}, 'location': {'street': {'number': 8834, 'name': 'Kushimoto Sk'}, 'city': 'Zonguldak', 'state': 'Muğla',...</msg>
<var>${json_data}</var>
<arg>${response.json()}</arg>
<doc>Returns the given values which can then be assigned to a variables.</doc>
<status status="PASS" start="2024-05-13T23:14:17.092681" elapsed="0.000636"/>
</kw>
<kw name="Set Variable" owner="BuiltIn">
<msg time="2024-05-13T23:14:17.094031" level="INFO">${name_title} = Mrs</msg>
<var>${name_title}</var>
<arg>${json_data["results"][0]["name"]["title"]}</arg>
<doc>Returns the given values which can then be assigned to a variables.</doc>
<status status="PASS" start="2024-05-13T23:14:17.093635" elapsed="0.000422"/>
</kw>
<kw name="Create List" owner="BuiltIn">
<msg time="2024-05-13T23:14:17.094508" level="INFO">${allowed_titles} = ['Mr', 'Ms', 'Miss', 'Mrs', 'Madame', 'Monsieur']</msg>
<var>${allowed_titles}</var>
<arg>Mr</arg>
<arg>Ms</arg>
<arg>Miss</arg>
<arg>Mrs</arg>
<arg>Madame</arg>
<arg>Monsieur</arg>
<doc>Returns a list containing given items.</doc>
<status status="PASS" start="2024-05-13T23:14:17.094359" elapsed="0.000173"/>
</kw>
<kw name="List Should Contain Value" owner="Collections">
<msg time="2024-05-13T23:14:17.095011" level="INFO">False</msg>
<arg>${allowed_titles}</arg>
<arg>${name_title}</arg>
<doc>Fails if the ``value`` is not found from ``list``.</doc>
<status status="PASS" start="2024-05-13T23:14:17.094833" elapsed="0.000216"/>
</kw>
<kw name="Set Variable" owner="BuiltIn">
<msg time="2024-05-13T23:14:17.095769" level="INFO">${name_country} = TR</msg>
<var>${name_country}</var>
<arg>${json_data["results"][0]["nat"]}</arg>
<doc>Returns the given values which can then be assigned to a variables.</doc>
<status status="PASS" start="2024-05-13T23:14:17.095374" elapsed="0.000421"/>
</kw>
<kw name="Create List" owner="BuiltIn">
<msg time="2024-05-13T23:14:17.096686" level="INFO">${list_country} = ['AD', 'AE', 'AF', 'AG', 'AI', 'AL', 'AM', 'AO', 'AQ', 'AR', 'AS', 'AT', 'AU', 'AW', 'AX', 'AZ', 'BA', 'BB', 'BD', 'BE', 'BF', 'BG', 'BH', 'BI', 'BJ', 'BL', 'BM', 'BN', 'BO', 'BQ', 'BR', 'BS', 'BT', '...</msg>
<var>${list_country}</var>
<arg>AD</arg>
<arg>AE</arg>
<arg>AF</arg>
<arg>AG</arg>
<arg>AI</arg>
<arg>AL</arg>
<arg>AM</arg>
<arg>AO</arg>
<arg>AQ</arg>
<arg>AR</arg>
<arg>AS</arg>
<arg>AT</arg>
<arg>AU</arg>
<arg>AW</arg>
<arg>AX</arg>
<arg>AZ</arg>
<arg>BA</arg>
<arg>BB</arg>
<arg>BD</arg>
<arg>BE</arg>
<arg>BF</arg>
<arg>BG</arg>
<arg>BH</arg>
<arg>BI</arg>
<arg>BJ</arg>
<arg>BL</arg>
<arg>BM</arg>
<arg>BN</arg>
<arg>BO</arg>
<arg>BQ</arg>
<arg>BR</arg>
<arg>BS</arg>
<arg>BT</arg>
<arg>BV</arg>
<arg>BW</arg>
<arg>BY</arg>
<arg>BZ</arg>
<arg>CA</arg>
<arg>CC</arg>
<arg>CD</arg>
<arg>CF</arg>
<arg>CG</arg>
<arg>CH</arg>
<arg>CI</arg>
<arg>CK</arg>
<arg>CL</arg>
<arg>CM</arg>
<arg>CN</arg>
<arg>CO</arg>
<arg>CR</arg>
<arg>CU</arg>
<arg>CV</arg>
<arg>CW</arg>
<arg>CX</arg>
<arg>CY</arg>
<arg>CZ</arg>
<arg>DE</arg>
<arg>DJ</arg>
<arg>DK</arg>
<arg>DM</arg>
<arg>DO</arg>
<arg>DZ</arg>
<arg>EC</arg>
<arg>EE</arg>
<arg>EG</arg>
<arg>EH</arg>
<arg>ER</arg>
<arg>ES</arg>
<arg>ET</arg>
<arg>FI</arg>
<arg>FJ</arg>
<arg>FK</arg>
<arg>FM</arg>
<arg>FO</arg>
<arg>FR</arg>
<arg>GA</arg>
<arg>GB</arg>
<arg>GD</arg>
<arg>GE</arg>
<arg>GF</arg>
<arg>GG</arg>
<arg>GH</arg>
<arg>GI</arg>
<arg>GL</arg>
<arg>GM</arg>
<arg>GN</arg>
<arg>GP</arg>
<arg>GQ</arg>
<arg>GR</arg>
<arg>GS</arg>
<arg>GT</arg>
<arg>GU</arg>
<arg>GW</arg>
<arg>GY</arg>
<arg>HK</arg>
<arg>HM</arg>
<arg>HN</arg>
<arg>HR</arg>
<arg>HT</arg>
<arg>HU</arg>
<arg>ID</arg>
<arg>IE</arg>
<arg>IL</arg>
<arg>IM</arg>
<arg>IN</arg>
<arg>IO</arg>
<arg>IQ</arg>
<arg>IR</arg>
<arg>IS</arg>
<arg>IT</arg>
<arg>JE</arg>
<arg>JM</arg>
<arg>JO</arg>
<arg>JP</arg>
<arg>KE</arg>
<arg>KG</arg>
<arg>KH</arg>
<arg>KI</arg>
<arg>KM</arg>
<arg>KN</arg>
<arg>KP</arg>
<arg>KR</arg>
<arg>KW</arg>
<arg>KY</arg>
<arg>KZ</arg>
<arg>LA</arg>
<arg>LB</arg>
<arg>LC</arg>
<arg>LI</arg>
<arg>LK</arg>
<arg>LR</arg>
<arg>LS</arg>
<arg>LT</arg>
<arg>LU</arg>
<arg>LV</arg>
<arg>LY</arg>
<arg>MA</arg>
<arg>MC</arg>
<arg>MD</arg>
<arg>ME</arg>
<arg>MF</arg>
<arg>MG</arg>
<arg>MH</arg>
<arg>MK</arg>
<arg>ML</arg>
<arg>MM</arg>
<arg>MN</arg>
<arg>MO</arg>
<arg>MP</arg>
<arg>MQ</arg>
<arg>MR</arg>
<arg>MS</arg>
<arg>MT</arg>
<arg>MU</arg>
<arg>MV</arg>
<arg>MW</arg>
<arg>MX</arg>
<arg>MY</arg>
<arg>MZ</arg>
<arg>NA</arg>
<arg>NC</arg>
<arg>NE</arg>
<arg>NF</arg>
<arg>NG</arg>
<arg>NI</arg>
<arg>NL</arg>
<arg>NO</arg>
<arg>NP</arg>
<arg>NR</arg>
<arg>NU</arg>
<arg>NZ</arg>
<arg>OM</arg>
<arg>PA</arg>
<arg>PE</arg>
<arg>PF</arg>
<arg>PG</arg>
<arg>PH</arg>
<arg>PK</arg>
<arg>PL</arg>
<arg>PM</arg>
<arg>PN</arg>
<arg>PR</arg>
<arg>PS</arg>
<arg>PT</arg>
<arg>PW</arg>
<arg>PY</arg>
<arg>QA</arg>
<arg>RE</arg>
<arg>RO</arg>
<arg>RS</arg>
<arg>RU</arg>
<arg>RW</arg>
<arg>SA</arg>
<arg>SB</arg>
<arg>SC</arg>
<arg>SD</arg>
<arg>SE</arg>
<arg>SG</arg>
<arg>SH</arg>
<arg>SI</arg>
<arg>SJ</arg>
<arg>SK</arg>
<arg>SL</arg>
<arg>SM</arg>
<arg>SN</arg>
<arg>SO</arg>
<arg>SR</arg>
<arg>SS</arg>
<arg>ST</arg>
<arg>SV</arg>
<arg>SX</arg>
<arg>SY</arg>
<arg>SZ</arg>
<arg>TC</arg>
<arg>TD</arg>
<arg>TF</arg>
<arg>TG</arg>
<arg>TH</arg>
<arg>TJ</arg>
<arg>TK</arg>
<arg>TL</arg>
<arg>TM</arg>
<arg>TN</arg>
<arg>TO</arg>
<arg>TR</arg>
<arg>TT</arg>
<arg>TV</arg>
<arg>TW</arg>
<arg>TZ</arg>
<arg>UA</arg>
<arg>UG</arg>
<arg>UM</arg>
<arg>US</arg>
<arg>UY</arg>
<arg>UZ</arg>
<arg>VA</arg>
<arg>VC</arg>
<arg>VE</arg>
<arg>VG</arg>
<arg>VI</arg>
<arg>VN</arg>
<arg>VU</arg>
<arg>WF</arg>
<arg>WS</arg>
<arg>XK</arg>
<arg>YE</arg>
<arg>YT</arg>
<arg>ZA</arg>
<arg>ZM</arg>
<arg>ZW</arg>
<doc>Returns a list containing given items.</doc>
<status status="PASS" start="2024-05-13T23:14:17.096098" elapsed="0.000614"/>
</kw>
<kw name="List Should Contain Value" owner="Collections">
<msg time="2024-05-13T23:14:17.097728" level="INFO">False</msg>
<arg>${list_country}</arg>
<arg>${name_country}</arg>
<doc>Fails if the ``value`` is not found from ``list``.</doc>
<status status="PASS" start="2024-05-13T23:14:17.097526" elapsed="0.000239"/>
</kw>
<kw name="Run Keyword If" owner="BuiltIn">
<kw name="Should Be True" owner="BuiltIn">
<arg>${True}</arg>
<doc>Fails if the given condition is not true.</doc>
<status status="PASS" start="2024-05-13T23:14:17.098834" elapsed="0.000262"/>
</kw>
<arg>${json_data["results"][0]["location"]["coordinates"]["latitude"]} &gt;= -90 and ${json_data["results"][0]["location"]["coordinates"]["latitude"]} &lt;= 90</arg>
<arg>Should Be True</arg>
<arg>${True}</arg>
<doc>Runs the given keyword with the given arguments, if ``condition`` is true.</doc>
<status status="PASS" start="2024-05-13T23:14:17.098075" elapsed="0.001152"/>
</kw>
<kw name="Run Keyword If" owner="BuiltIn">
<kw name="Should Be True" owner="BuiltIn">
<arg>${True}</arg>
<doc>Fails if the given condition is not true.</doc>
<status status="PASS" start="2024-05-13T23:14:17.100174" elapsed="0.000141"/>
</kw>
<arg>${json_data["results"][0]["location"]["coordinates"]["longitude"]} &gt;= -180 and ${json_data["results"][0]["location"]["coordinates"]["longitude"]} &lt;= 180</arg>
<arg>Should Be True</arg>
<arg>${True}</arg>
<doc>Runs the given keyword with the given arguments, if ``condition`` is true.</doc>
<status status="PASS" start="2024-05-13T23:14:17.099457" elapsed="0.000982"/>
</kw>
<status status="PASS" start="2024-05-13T23:14:17.003275" elapsed="0.097298"/>
</kw>
<doc>Testa o conteúdo específico dos campos retornados pela API.</doc>
<tag>testeConteudo</tag>
<status status="PASS" start="2024-05-13T23:14:17.002712" elapsed="0.098015"/>
</test>
<status status="PASS" start="2024-05-13T23:14:16.104300" elapsed="0.998421"/>
</suite>
<status status="PASS" start="2024-05-13T23:14:16.089990" elapsed="1.018104"/>
</suite>
<statistics>
<total>
<stat pass="5" fail="0" skip="0">All Tests</stat>
</total>
<tag>
<stat pass="1" fail="0" skip="0">testeConteudo</stat>
<stat pass="1" fail="0" skip="0">testeEstruturaResposta</stat>
<stat pass="1" fail="0" skip="0">testeRequisicaoBasica</stat>
<stat pass="1" fail="0" skip="0">testeTiposDados</stat>
</tag>
<suite>
<stat pass="5" fail="0" skip="0" id="s1" name="Tests">Tests</stat>
<stat pass="5" fail="0" skip="0" id="s1-s1" name="Random-User-Test">Tests.Random-User-Test</stat>
</suite>
</statistics>
<errors>
</errors>
</robot>
