<?xml version="1.0" encoding="UTF-8"?>
<robot generator="Robot 7.0.1 (Python 3.12.4 on linux)" generated="2024-07-23T03:19:14.284726" rpa="false" schemaversion="5">
<suite id="s1" name="Tests" source="/home/runner/work/ApiRandomUser/ApiRandomUser/RamdonUser/tests">
<suite id="s1-s1" name="Random-User-Test" source="/home/runner/work/ApiRandomUser/ApiRandomUser/RamdonUser/tests/random-user-test.robot">
<test id="s1-s1-t1" name="Conectar" line="13">
<kw name="Conectar API" owner="random-user-service">
<kw name="Create Session" owner="RequestsLibrary">
<msg time="2024-07-23T03:19:14.687041" level="INFO">Creating Session using : alias=consultarAPI, url=https://randomuser.me/, headers={},                     cookies={}, auth=None, timeout=None, proxies=None, verify=False,                     debug=0 </msg>
<arg>consultarAPI</arg>
<arg>${URL}</arg>
<doc>Create Session: create a HTTP session to a server</doc>
<status status="PASS" start="2024-07-23T03:19:14.686837" elapsed="0.000378"/>
</kw>
<status status="PASS" start="2024-07-23T03:19:14.685837" elapsed="0.001724"/>
</kw>
<status status="PASS" start="2024-07-23T03:19:14.685301" elapsed="0.002454"/>
</test>
<test id="s1-s1-t2" name="Validar retorno 200 e JSON Válido" line="16">
<kw name="Teste de Requisicao Basica" owner="random-user-service">
<kw name="GET On Session" owner="RequestsLibrary">
<msg time="2024-07-23T03:19:14.815230" level="INFO">GET Request : url=https://randomuser.me/api 
 path_url=/api 
 headers={'User-Agent': 'python-requests/2.32.3', 'Accept-Encoding': 'gzip, deflate', 'Accept': '*/*', 'Connection': 'keep-alive'} 
 body=None 
 </msg>
<msg time="2024-07-23T03:19:14.815375" level="INFO">GET Response : url=https://randomuser.me/api 
 status=200, reason=OK 
 headers={'Date': 'Tue, 23 Jul 2024 03:19:14 GMT', 'Content-Type': 'application/json; charset=utf-8', 'Transfer-Encoding': 'chunked', 'Connection': 'keep-alive', 'X-Powered-By': 'Express', 'Access-Control-Allow-Origin': '*', 'Cache-Control': 'no-cache', 'ETag': 'W/"482-3mPirWWTtHOxTw0+nlKCb3zvNUI"', 'Vary': 'Accept-Encoding', 'Content-Encoding': 'gzip', 'CF-Cache-Status': 'DYNAMIC', 'Report-To': '{"endpoints":[{"url":"https:\\/\\/a.nel.cloudflare.com\\/report\\/v4?s=janUg4bG%2BSjkMfX4b2KHu1SpxOGYchkK6KqcAzqJMfv4No24WAusl2FIcgcah6SgSe3KDpQZ8DVa5qn0shT1rY0%2FqjCxLBZ8EziVwWAkxbaPIAdNThmJpcm82BfRlt9A"}],"group":"cf-nel","max_age":604800}', 'NEL': '{"success_fraction":0,"report_to":"cf-nel","max_age":604800}', 'Server': 'cloudflare', 'CF-RAY': '8a78871d59a937f4-IAD', 'alt-svc': 'h3=":443"; ma=86400'} 
 body={"results":[{"gender":"male","name":{"title":"Mr","first":"Alonso","last":"Arias"},"location":{"street":{"number":7955,"name":"Circunvalación Tamaulipas"},"city":"Xpujil","state":"Morelos","country":"Mexico","postcode":51303,"coordinates":{"latitude":"29.7023","longitude":"-119.9216"},"timezone":{"offset":"+3:30","description":"Tehran"}},"email":"alonso.arias@example.com","login":{"uuid":"009c6f87-27c8-4398-ac9f-1846d11983ab","username":"purplezebra187","password":"scrabble","salt":"iBVGoMIP","md5":"ad336663d94da8988c0fea6491ab4b34","sha1":"ff6d07f9b0855fc33813fcccd6cbd60301e6fb62","sha256":"a7d27144263f919975a609ed9d78de3419c91644ec91a679df56f49286b67739"},"dob":{"date":"1974-09-26T23:15:51.849Z","age":49},"registered":{"date":"2007-05-24T00:45:42.241Z","age":17},"phone":"(680) 165 2673","cell":"(665) 051 9929","id":{"name":"NSS","value":"78 90 36 0024 6"},"picture":{"large":"https://randomuser.me/api/portraits/men/43.jpg","medium":"https://randomuser.me/api/portraits/med/men/43.jpg","thumbnail":"https://randomuser.me/api/portraits/thumb/men/43.jpg"},"nat":"MX"}],"info":{"seed":"a43e5cd5254c5607","results":1,"page":1,"version":"1.4"}} 
 </msg>
<msg time="2024-07-23T03:19:14.815450" level="INFO">/opt/hostedtoolcache/Python/3.12.4/x64/lib/python3.12/site-packages/urllib3/connectionpool.py:1099: InsecureRequestWarning: Unverified HTTPS request is being made to host 'randomuser.me'. Adding certificate verification is strongly advised. See: https://urllib3.readthedocs.io/en/latest/advanced-usage.html#tls-warnings
  warnings.warn(</msg>
<msg time="2024-07-23T03:19:14.815585" level="INFO">${response} = &lt;Response [200]&gt;</msg>
<var>${response}</var>
<arg>consultarAPI</arg>
<arg>/api</arg>
<doc>Sends a GET request on a previously created HTTP Session.</doc>
<status status="PASS" start="2024-07-23T03:19:14.690356" elapsed="0.125272"/>
</kw>
<kw name="Should Be Equal As Numbers" owner="BuiltIn">
<msg time="2024-07-23T03:19:14.816495" level="INFO">Argument types are:
&lt;class 'int'&gt;
&lt;class 'str'&gt;</msg>
<arg>${response.status_code}</arg>
<arg>200</arg>
<doc>Fails if objects are unequal after converting them to real numbers.</doc>
<status status="PASS" start="2024-07-23T03:19:14.816051" elapsed="0.000509"/>
</kw>
<kw name="Log" owner="BuiltIn">
<msg time="2024-07-23T03:19:14.817245" level="INFO">200</msg>
<arg>${response.status_code}</arg>
<doc>Logs the given message with the given level.</doc>
<status status="PASS" start="2024-07-23T03:19:14.816886" elapsed="0.000402"/>
</kw>
<kw name="Set Variable" owner="BuiltIn">
<msg time="2024-07-23T03:19:14.818062" level="INFO">${json_data} = {'results': [{'gender': 'male', 'name': {'title': 'Mr', 'first': 'Alonso', 'last': 'Arias'}, 'location': {'street': {'number': 7955, 'name': 'Circunvalación Tamaulipas'}, 'city': 'Xpujil', 'state': 'M...</msg>
<var>${json_data}</var>
<arg>${response.json()}</arg>
<doc>Returns the given values which can then be assigned to a variables.</doc>
<status status="PASS" start="2024-07-23T03:19:14.817596" elapsed="0.000496"/>
</kw>
<kw name="Dictionary Should Contain Key" owner="Collections">
<arg>${json_data}</arg>
<arg>results</arg>
<doc>Fails if ``key`` is not found from ``dictionary``.</doc>
<status status="PASS" start="2024-07-23T03:19:14.818402" elapsed="0.000296"/>
</kw>
<status status="PASS" start="2024-07-23T03:19:14.690111" elapsed="0.128737"/>
</kw>
<doc>Testa se a API responde corretamente e retorna um objeto JSON válido.</doc>
<tag>testeRequisicaoBasica</tag>
<status status="PASS" start="2024-07-23T03:19:14.689641" elapsed="0.129380"/>
</test>
<test id="s1-s1-t3" name="Validar estrutura de resposta" line="22">
<kw name="Teste de Estrutura de Resposta" owner="random-user-service">
<kw name="GET On Session" owner="RequestsLibrary">
<msg time="2024-07-23T03:19:14.937676" level="INFO">GET Request : url=https://randomuser.me/api 
 path_url=/api 
 headers={'User-Agent': 'python-requests/2.32.3', 'Accept-Encoding': 'gzip, deflate', 'Accept': '*/*', 'Connection': 'keep-alive'} 
 body=None 
 </msg>
<msg time="2024-07-23T03:19:14.937746" level="INFO">GET Response : url=https://randomuser.me/api 
 status=200, reason=OK 
 headers={'Date': 'Tue, 23 Jul 2024 03:19:14 GMT', 'Content-Type': 'application/json; charset=utf-8', 'Transfer-Encoding': 'chunked', 'Connection': 'keep-alive', 'X-Powered-By': 'Express', 'Access-Control-Allow-Origin': '*', 'Cache-Control': 'no-cache', 'ETag': 'W/"491-6AHeIfyQfn/9V1XXxOPB+tc3F70"', 'Vary': 'Accept-Encoding', 'Content-Encoding': 'gzip', 'CF-Cache-Status': 'DYNAMIC', 'Report-To': '{"endpoints":[{"url":"https:\\/\\/a.nel.cloudflare.com\\/report\\/v4?s=KLWqkIcYM0fh1Xi9T7Vxx7d3GlDkMor%2FDIpjLvW8kJhQ507YNO2cfaSxHSk4a4BuqOuiaPGTxTqSgJyQLav4yvt1i9EnqaHHZafRYRc1gHANU5K2aVKtsV7ry5cPWde6"}],"group":"cf-nel","max_age":604800}', 'NEL': '{"success_fraction":0,"report_to":"cf-nel","max_age":604800}', 'Server': 'cloudflare', 'CF-RAY': '8a78871da9d437f4-IAD', 'alt-svc': 'h3=":443"; ma=86400'} 
 body={"results":[{"gender":"female","name":{"title":"Madame","first":"Colette","last":"Legrand"},"location":{"street":{"number":8697,"name":"Rue Dugas-Montbel"},"city":"Ennetmoos","state":"Zürich","country":"Switzerland","postcode":1363,"coordinates":{"latitude":"-62.6574","longitude":"147.4972"},"timezone":{"offset":"-9:00","description":"Alaska"}},"email":"colette.legrand@example.com","login":{"uuid":"3851dd4f-e58c-4a4f-b075-707dbc072b58","username":"goldenladybug107","password":"javelin","salt":"wGUNq8Ud","md5":"9f012746e7a7ef1169b519a0bbfa2b36","sha1":"b322e83158b65182c2eba39c6ef7d09ecdcfcc18","sha256":"903cd9d0d910c9e4fb71ae3944ae10dd821c9be8bacb14d8cb0eae8291d676e7"},"dob":{"date":"1970-01-15T02:36:19.952Z","age":54},"registered":{"date":"2018-09-22T00:45:16.220Z","age":5},"phone":"077 173 51 09","cell":"076 498 83 00","id":{"name":"AVS","value":"756.9606.1886.13"},"picture":{"large":"https://randomuser.me/api/portraits/women/70.jpg","medium":"https://randomuser.me/api/portraits/med/women/70.jpg","thumbnail":"https://randomuser.me/api/portraits/thumb/women/70.jpg"},"nat":"CH"}],"info":{"seed":"6a0452e85ebd015c","results":1,"page":1,"version":"1.4"}} 
 </msg>
<msg time="2024-07-23T03:19:14.937847" level="INFO">/opt/hostedtoolcache/Python/3.12.4/x64/lib/python3.12/site-packages/urllib3/connectionpool.py:1099: InsecureRequestWarning: Unverified HTTPS request is being made to host 'randomuser.me'. Adding certificate verification is strongly advised. See: https://urllib3.readthedocs.io/en/latest/advanced-usage.html#tls-warnings
  warnings.warn(</msg>
<msg time="2024-07-23T03:19:14.937977" level="INFO">${response} = &lt;Response [200]&gt;</msg>
<var>${response}</var>
<arg>consultarAPI</arg>
<arg>/api</arg>
<doc>Sends a GET request on a previously created HTTP Session.</doc>
<status status="PASS" start="2024-07-23T03:19:14.821641" elapsed="0.116366"/>
</kw>
<kw name="Set Variable" owner="BuiltIn">
<msg time="2024-07-23T03:19:14.938891" level="INFO">${json_data} = {'results': [{'gender': 'female', 'name': {'title': 'Madame', 'first': 'Colette', 'last': 'Legrand'}, 'location': {'street': {'number': 8697, 'name': 'Rue Dugas-Montbel'}, 'city': 'Ennetmoos', 'state'...</msg>
<var>${json_data}</var>
<arg>${response.json()}</arg>
<doc>Returns the given values which can then be assigned to a variables.</doc>
<status status="PASS" start="2024-07-23T03:19:14.938426" elapsed="0.000494"/>
</kw>
<kw name="Log" owner="BuiltIn">
<msg time="2024-07-23T03:19:14.939394" level="INFO">{'results': [{'gender': 'female', 'name': {'title': 'Madame', 'first': 'Colette', 'last': 'Legrand'}, 'location': {'street': {'number': 8697, 'name': 'Rue Dugas-Montbel'}, 'city': 'Ennetmoos', 'state': 'Zürich', 'country': 'Switzerland', 'postcode': 1363, 'coordinates': {'latitude': '-62.6574', 'longitude': '147.4972'}, 'timezone': {'offset': '-9:00', 'description': 'Alaska'}}, 'email': 'colette.legrand@example.com', 'login': {'uuid': '3851dd4f-e58c-4a4f-b075-707dbc072b58', 'username': 'goldenladybug107', 'password': 'javelin', 'salt': 'wGUNq8Ud', 'md5': '9f012746e7a7ef1169b519a0bbfa2b36', 'sha1': 'b322e83158b65182c2eba39c6ef7d09ecdcfcc18', 'sha256': '903cd9d0d910c9e4fb71ae3944ae10dd821c9be8bacb14d8cb0eae8291d676e7'}, 'dob': {'date': '1970-01-15T02:36:19.952Z', 'age': 54}, 'registered': {'date': '2018-09-22T00:45:16.220Z', 'age': 5}, 'phone': '077 173 51 09', 'cell': '076 498 83 00', 'id': {'name': 'AVS', 'value': '756.9606.1886.13'}, 'picture': {'large': 'https://randomuser.me/api/portraits/women/70.jpg', 'medium': 'https://randomuser.me/api/portraits/med/women/70.jpg', 'thumbnail': 'https://randomuser.me/api/portraits/thumb/women/70.jpg'}, 'nat': 'CH'}], 'info': {'seed': '6a0452e85ebd015c', 'results': 1, 'page': 1, 'version': '1.4'}}</msg>
<arg>${json_data}</arg>
<doc>Logs the given message with the given level.</doc>
<status status="PASS" start="2024-07-23T03:19:14.939229" elapsed="0.000215"/>
</kw>
<kw name="Dictionary Should Contain Key" owner="Collections">
<arg>${json_data}</arg>
<arg>results</arg>
<doc>Fails if ``key`` is not found from ``dictionary``.</doc>
<status status="PASS" start="2024-07-23T03:19:14.939749" elapsed="0.000161"/>
</kw>
<kw name="Should Not Be Empty" owner="BuiltIn">
<msg time="2024-07-23T03:19:14.940267" level="INFO">Length is 2.</msg>
<arg>${json_data}</arg>
<doc>Verifies that the given item is not empty.</doc>
<status status="PASS" start="2024-07-23T03:19:14.940101" elapsed="0.000207"/>
</kw>
<kw name="Create List" owner="BuiltIn">
<msg time="2024-07-23T03:19:14.940757" level="INFO">${expected_keys} = ['gender', 'name', 'location', 'email', 'login']</msg>
<var>${expected_keys}</var>
<arg>gender</arg>
<arg>name</arg>
<arg>location</arg>
<arg>email</arg>
<arg>login</arg>
<doc>Returns a list containing given items.</doc>
<status status="PASS" start="2024-07-23T03:19:14.940602" elapsed="0.000179"/>
</kw>
<for flavor="IN">
<iter>
<kw name="Dictionary Should Contain Key" owner="Collections">
<arg>${json_data['results'][0]}</arg>
<arg>${key}</arg>
<doc>Fails if ``key`` is not found from ``dictionary``.</doc>
<status status="PASS" start="2024-07-23T03:19:14.941354" elapsed="0.000410"/>
</kw>
<kw name="Log" owner="BuiltIn">
<msg time="2024-07-23T03:19:14.942326" level="INFO">{'gender': 'female', 'name': {'title': 'Madame', 'first': 'Colette', 'last': 'Legrand'}, 'location': {'street': {'number': 8697, 'name': 'Rue Dugas-Montbel'}, 'city': 'Ennetmoos', 'state': 'Zürich', 'country': 'Switzerland', 'postcode': 1363, 'coordinates': {'latitude': '-62.6574', 'longitude': '147.4972'}, 'timezone': {'offset': '-9:00', 'description': 'Alaska'}}, 'email': 'colette.legrand@example.com', 'login': {'uuid': '3851dd4f-e58c-4a4f-b075-707dbc072b58', 'username': 'goldenladybug107', 'password': 'javelin', 'salt': 'wGUNq8Ud', 'md5': '9f012746e7a7ef1169b519a0bbfa2b36', 'sha1': 'b322e83158b65182c2eba39c6ef7d09ecdcfcc18', 'sha256': '903cd9d0d910c9e4fb71ae3944ae10dd821c9be8bacb14d8cb0eae8291d676e7'}, 'dob': {'date': '1970-01-15T02:36:19.952Z', 'age': 54}, 'registered': {'date': '2018-09-22T00:45:16.220Z', 'age': 5}, 'phone': '077 173 51 09', 'cell': '076 498 83 00', 'id': {'name': 'AVS', 'value': '756.9606.1886.13'}, 'picture': {'large': 'https://randomuser.me/api/portraits/women/70.jpg', 'medium': 'https://randomuser.me/api/portraits/med/women/70.jpg', 'thumbnail': 'https://randomuser.me/api/portraits/thumb/women/70.jpg'}, 'nat': 'CH'}</msg>
<arg>${json_data['results'][0]}</arg>
<doc>Logs the given message with the given level.</doc>
<status status="PASS" start="2024-07-23T03:19:14.941957" elapsed="0.000420"/>
</kw>
<kw name="Log" owner="BuiltIn">
<msg time="2024-07-23T03:19:14.942805" level="INFO">gender</msg>
<arg>${key}</arg>
<doc>Logs the given message with the given level.</doc>
<status status="PASS" start="2024-07-23T03:19:14.942676" elapsed="0.000167"/>
</kw>
<var name="${key}">gender</var>
<status status="PASS" start="2024-07-23T03:19:14.941224" elapsed="0.001835"/>
</iter>
<iter>
<kw name="Dictionary Should Contain Key" owner="Collections">
<arg>${json_data['results'][0]}</arg>
<arg>${key}</arg>
<doc>Fails if ``key`` is not found from ``dictionary``.</doc>
<status status="PASS" start="2024-07-23T03:19:14.943356" elapsed="0.000408"/>
</kw>
<kw name="Log" owner="BuiltIn">
<msg time="2024-07-23T03:19:14.944351" level="INFO">{'gender': 'female', 'name': {'title': 'Madame', 'first': 'Colette', 'last': 'Legrand'}, 'location': {'street': {'number': 8697, 'name': 'Rue Dugas-Montbel'}, 'city': 'Ennetmoos', 'state': 'Zürich', 'country': 'Switzerland', 'postcode': 1363, 'coordinates': {'latitude': '-62.6574', 'longitude': '147.4972'}, 'timezone': {'offset': '-9:00', 'description': 'Alaska'}}, 'email': 'colette.legrand@example.com', 'login': {'uuid': '3851dd4f-e58c-4a4f-b075-707dbc072b58', 'username': 'goldenladybug107', 'password': 'javelin', 'salt': 'wGUNq8Ud', 'md5': '9f012746e7a7ef1169b519a0bbfa2b36', 'sha1': 'b322e83158b65182c2eba39c6ef7d09ecdcfcc18', 'sha256': '903cd9d0d910c9e4fb71ae3944ae10dd821c9be8bacb14d8cb0eae8291d676e7'}, 'dob': {'date': '1970-01-15T02:36:19.952Z', 'age': 54}, 'registered': {'date': '2018-09-22T00:45:16.220Z', 'age': 5}, 'phone': '077 173 51 09', 'cell': '076 498 83 00', 'id': {'name': 'AVS', 'value': '756.9606.1886.13'}, 'picture': {'large': 'https://randomuser.me/api/portraits/women/70.jpg', 'medium': 'https://randomuser.me/api/portraits/med/women/70.jpg', 'thumbnail': 'https://randomuser.me/api/portraits/thumb/women/70.jpg'}, 'nat': 'CH'}</msg>
<arg>${json_data['results'][0]}</arg>
<doc>Logs the given message with the given level.</doc>
<status status="PASS" start="2024-07-23T03:19:14.943950" elapsed="0.000486"/>
</kw>
<kw name="Log" owner="BuiltIn">
<msg time="2024-07-23T03:19:14.944869" level="INFO">name</msg>
<arg>${key}</arg>
<doc>Logs the given message with the given level.</doc>
<status status="PASS" start="2024-07-23T03:19:14.944740" elapsed="0.000167"/>
</kw>
<var name="${key}">name</var>
<status status="PASS" start="2024-07-23T03:19:14.943245" elapsed="0.001881"/>
</iter>
<iter>
<kw name="Dictionary Should Contain Key" owner="Collections">
<arg>${json_data['results'][0]}</arg>
<arg>${key}</arg>
<doc>Fails if ``key`` is not found from ``dictionary``.</doc>
<status status="PASS" start="2024-07-23T03:19:14.945420" elapsed="0.000384"/>
</kw>
<kw name="Log" owner="BuiltIn">
<msg time="2024-07-23T03:19:14.946347" level="INFO">{'gender': 'female', 'name': {'title': 'Madame', 'first': 'Colette', 'last': 'Legrand'}, 'location': {'street': {'number': 8697, 'name': 'Rue Dugas-Montbel'}, 'city': 'Ennetmoos', 'state': 'Zürich', 'country': 'Switzerland', 'postcode': 1363, 'coordinates': {'latitude': '-62.6574', 'longitude': '147.4972'}, 'timezone': {'offset': '-9:00', 'description': 'Alaska'}}, 'email': 'colette.legrand@example.com', 'login': {'uuid': '3851dd4f-e58c-4a4f-b075-707dbc072b58', 'username': 'goldenladybug107', 'password': 'javelin', 'salt': 'wGUNq8Ud', 'md5': '9f012746e7a7ef1169b519a0bbfa2b36', 'sha1': 'b322e83158b65182c2eba39c6ef7d09ecdcfcc18', 'sha256': '903cd9d0d910c9e4fb71ae3944ae10dd821c9be8bacb14d8cb0eae8291d676e7'}, 'dob': {'date': '1970-01-15T02:36:19.952Z', 'age': 54}, 'registered': {'date': '2018-09-22T00:45:16.220Z', 'age': 5}, 'phone': '077 173 51 09', 'cell': '076 498 83 00', 'id': {'name': 'AVS', 'value': '756.9606.1886.13'}, 'picture': {'large': 'https://randomuser.me/api/portraits/women/70.jpg', 'medium': 'https://randomuser.me/api/portraits/med/women/70.jpg', 'thumbnail': 'https://randomuser.me/api/portraits/thumb/women/70.jpg'}, 'nat': 'CH'}</msg>
<arg>${json_data['results'][0]}</arg>
<doc>Logs the given message with the given level.</doc>
<status status="PASS" start="2024-07-23T03:19:14.945995" elapsed="0.000402"/>
</kw>
<kw name="Log" owner="BuiltIn">
<msg time="2024-07-23T03:19:14.946824" level="INFO">location</msg>
<arg>${key}</arg>
<doc>Logs the given message with the given level.</doc>
<status status="PASS" start="2024-07-23T03:19:14.946697" elapsed="0.000166"/>
</kw>
<var name="${key}">location</var>
<status status="PASS" start="2024-07-23T03:19:14.945303" elapsed="0.001773"/>
</iter>
<iter>
<kw name="Dictionary Should Contain Key" owner="Collections">
<arg>${json_data['results'][0]}</arg>
<arg>${key}</arg>
<doc>Fails if ``key`` is not found from ``dictionary``.</doc>
<status status="PASS" start="2024-07-23T03:19:14.947353" elapsed="0.000387"/>
</kw>
<kw name="Log" owner="BuiltIn">
<msg time="2024-07-23T03:19:14.948417" level="INFO">{'gender': 'female', 'name': {'title': 'Madame', 'first': 'Colette', 'last': 'Legrand'}, 'location': {'street': {'number': 8697, 'name': 'Rue Dugas-Montbel'}, 'city': 'Ennetmoos', 'state': 'Zürich', 'country': 'Switzerland', 'postcode': 1363, 'coordinates': {'latitude': '-62.6574', 'longitude': '147.4972'}, 'timezone': {'offset': '-9:00', 'description': 'Alaska'}}, 'email': 'colette.legrand@example.com', 'login': {'uuid': '3851dd4f-e58c-4a4f-b075-707dbc072b58', 'username': 'goldenladybug107', 'password': 'javelin', 'salt': 'wGUNq8Ud', 'md5': '9f012746e7a7ef1169b519a0bbfa2b36', 'sha1': 'b322e83158b65182c2eba39c6ef7d09ecdcfcc18', 'sha256': '903cd9d0d910c9e4fb71ae3944ae10dd821c9be8bacb14d8cb0eae8291d676e7'}, 'dob': {'date': '1970-01-15T02:36:19.952Z', 'age': 54}, 'registered': {'date': '2018-09-22T00:45:16.220Z', 'age': 5}, 'phone': '077 173 51 09', 'cell': '076 498 83 00', 'id': {'name': 'AVS', 'value': '756.9606.1886.13'}, 'picture': {'large': 'https://randomuser.me/api/portraits/women/70.jpg', 'medium': 'https://randomuser.me/api/portraits/med/women/70.jpg', 'thumbnail': 'https://randomuser.me/api/portraits/thumb/women/70.jpg'}, 'nat': 'CH'}</msg>
<arg>${json_data['results'][0]}</arg>
<doc>Logs the given message with the given level.</doc>
<status status="PASS" start="2024-07-23T03:19:14.948035" elapsed="0.000432"/>
</kw>
<kw name="Log" owner="BuiltIn">
<msg time="2024-07-23T03:19:14.948894" level="INFO">email</msg>
<arg>${key}</arg>
<doc>Logs the given message with the given level.</doc>
<status status="PASS" start="2024-07-23T03:19:14.948765" elapsed="0.000166"/>
</kw>
<var name="${key}">email</var>
<status status="PASS" start="2024-07-23T03:19:14.947247" elapsed="0.001900"/>
</iter>
<iter>
<kw name="Dictionary Should Contain Key" owner="Collections">
<arg>${json_data['results'][0]}</arg>
<arg>${key}</arg>
<doc>Fails if ``key`` is not found from ``dictionary``.</doc>
<status status="PASS" start="2024-07-23T03:19:14.949430" elapsed="0.000382"/>
</kw>
<kw name="Log" owner="BuiltIn">
<msg time="2024-07-23T03:19:14.950362" level="INFO">{'gender': 'female', 'name': {'title': 'Madame', 'first': 'Colette', 'last': 'Legrand'}, 'location': {'street': {'number': 8697, 'name': 'Rue Dugas-Montbel'}, 'city': 'Ennetmoos', 'state': 'Zürich', 'country': 'Switzerland', 'postcode': 1363, 'coordinates': {'latitude': '-62.6574', 'longitude': '147.4972'}, 'timezone': {'offset': '-9:00', 'description': 'Alaska'}}, 'email': 'colette.legrand@example.com', 'login': {'uuid': '3851dd4f-e58c-4a4f-b075-707dbc072b58', 'username': 'goldenladybug107', 'password': 'javelin', 'salt': 'wGUNq8Ud', 'md5': '9f012746e7a7ef1169b519a0bbfa2b36', 'sha1': 'b322e83158b65182c2eba39c6ef7d09ecdcfcc18', 'sha256': '903cd9d0d910c9e4fb71ae3944ae10dd821c9be8bacb14d8cb0eae8291d676e7'}, 'dob': {'date': '1970-01-15T02:36:19.952Z', 'age': 54}, 'registered': {'date': '2018-09-22T00:45:16.220Z', 'age': 5}, 'phone': '077 173 51 09', 'cell': '076 498 83 00', 'id': {'name': 'AVS', 'value': '756.9606.1886.13'}, 'picture': {'large': 'https://randomuser.me/api/portraits/women/70.jpg', 'medium': 'https://randomuser.me/api/portraits/med/women/70.jpg', 'thumbnail': 'https://randomuser.me/api/portraits/thumb/women/70.jpg'}, 'nat': 'CH'}</msg>
<arg>${json_data['results'][0]}</arg>
<doc>Logs the given message with the given level.</doc>
<status status="PASS" start="2024-07-23T03:19:14.950005" elapsed="0.000406"/>
</kw>
<kw name="Log" owner="BuiltIn">
<msg time="2024-07-23T03:19:14.950833" level="INFO">login</msg>
<arg>${key}</arg>
<doc>Logs the given message with the given level.</doc>
<status status="PASS" start="2024-07-23T03:19:14.950706" elapsed="0.000164"/>
</kw>
<var name="${key}">login</var>
<status status="PASS" start="2024-07-23T03:19:14.949321" elapsed="0.001764"/>
</iter>
<var>${key}</var>
<value>@{expected_keys}</value>
<status status="PASS" start="2024-07-23T03:19:14.941041" elapsed="0.010164"/>
</for>
<kw name="Create List" owner="BuiltIn">
<msg time="2024-07-23T03:19:14.951523" level="INFO">${expected_keysTwo} = ['username', 'password']</msg>
<var>${expected_keysTwo}</var>
<arg>username</arg>
<arg>password</arg>
<doc>Returns a list containing given items.</doc>
<status status="PASS" start="2024-07-23T03:19:14.951392" elapsed="0.000183"/>
</kw>
<for flavor="IN">
<iter>
<kw name="Dictionary Should Contain Key" owner="Collections">
<arg>${json_data['results'][0]['login']}</arg>
<arg>${keyTwo}</arg>
<doc>Fails if ``key`` is not found from ``dictionary``.</doc>
<status status="PASS" start="2024-07-23T03:19:14.952083" elapsed="0.000402"/>
</kw>
<kw name="Dictionary Should Contain Key" owner="Collections">
<arg>${json_data['results'][0]['login']}</arg>
<arg>${keyTwo}</arg>
<doc>Fails if ``key`` is not found from ``dictionary``.</doc>
<status status="PASS" start="2024-07-23T03:19:14.952668" elapsed="0.000378"/>
</kw>
<kw name="Log" owner="BuiltIn">
<msg time="2024-07-23T03:19:14.953346" level="INFO">username</msg>
<arg>${keyTwo}</arg>
<doc>Logs the given message with the given level.</doc>
<status status="PASS" start="2024-07-23T03:19:14.953225" elapsed="0.000159"/>
</kw>
<var name="${keyTwo}">username</var>
<status status="PASS" start="2024-07-23T03:19:14.951970" elapsed="0.001636"/>
</iter>
<iter>
<kw name="Dictionary Should Contain Key" owner="Collections">
<arg>${json_data['results'][0]['login']}</arg>
<arg>${keyTwo}</arg>
<doc>Fails if ``key`` is not found from ``dictionary``.</doc>
<status status="PASS" start="2024-07-23T03:19:14.953891" elapsed="0.000380"/>
</kw>
<kw name="Dictionary Should Contain Key" owner="Collections">
<arg>${json_data['results'][0]['login']}</arg>
<arg>${keyTwo}</arg>
<doc>Fails if ``key`` is not found from ``dictionary``.</doc>
<status status="PASS" start="2024-07-23T03:19:14.954450" elapsed="0.000370"/>
</kw>
<kw name="Log" owner="BuiltIn">
<msg time="2024-07-23T03:19:14.955122" level="INFO">password</msg>
<arg>${keyTwo}</arg>
<doc>Logs the given message with the given level.</doc>
<status status="PASS" start="2024-07-23T03:19:14.954996" elapsed="0.000163"/>
</kw>
<var name="${keyTwo}">password</var>
<status status="PASS" start="2024-07-23T03:19:14.953777" elapsed="0.001602"/>
</iter>
<var>${keyTwo}</var>
<value>@{expected_keysTwo}</value>
<status status="PASS" start="2024-07-23T03:19:14.951820" elapsed="0.003681"/>
</for>
<status status="PASS" start="2024-07-23T03:19:14.821410" elapsed="0.134243"/>
</kw>
<doc>Testa a estrutura da resposta da API.</doc>
<tag>testeEstruturaResposta</tag>
<status status="PASS" start="2024-07-23T03:19:14.820925" elapsed="0.134878"/>
</test>
<test id="s1-s1-t4" name="Validar tipos de dados" line="28">
<kw name="Teste de Tipos de Dados" owner="random-user-service">
<kw name="GET On Session" owner="RequestsLibrary">
<msg time="2024-07-23T03:19:15.007585" level="INFO">GET Request : url=https://randomuser.me/api 
 path_url=/api 
 headers={'User-Agent': 'python-requests/2.32.3', 'Accept-Encoding': 'gzip, deflate', 'Accept': '*/*', 'Connection': 'keep-alive'} 
 body=None 
 </msg>
<msg time="2024-07-23T03:19:15.007667" level="INFO">GET Response : url=https://randomuser.me/api 
 status=200, reason=OK 
 headers={'Date': 'Tue, 23 Jul 2024 03:19:15 GMT', 'Content-Type': 'application/json; charset=utf-8', 'Transfer-Encoding': 'chunked', 'Connection': 'keep-alive', 'X-Powered-By': 'Express', 'Access-Control-Allow-Origin': '*', 'Cache-Control': 'no-cache', 'ETag': 'W/"487-wAHd1iCKM6BRzvJ/RMFZQ41mF+4"', 'Vary': 'Accept-Encoding', 'Content-Encoding': 'gzip', 'CF-Cache-Status': 'DYNAMIC', 'Report-To': '{"endpoints":[{"url":"https:\\/\\/a.nel.cloudflare.com\\/report\\/v4?s=l9dT58DhkWGDEzxU57NYwulDW9s5qn02U97pExJNqiwytZEp16OKw63dobg3q0E1yf2eaHfaOeEIEl3rxdP%2Fs03DBLjKdCPU2kCDKuziKccWfynVCIUUNM1SqAK%2FHxkt"}],"group":"cf-nel","max_age":604800}', 'NEL': '{"success_fraction":0,"report_to":"cf-nel","max_age":604800}', 'Server': 'cloudflare', 'CF-RAY': '8a78871e8a3937f4-IAD', 'alt-svc': 'h3=":443"; ma=86400'} 
 body={"results":[{"gender":"male","name":{"title":"Mr","first":"Tristan","last":"Walker"},"location":{"street":{"number":6611,"name":"Maple Ave"},"city":"Clinton","state":"Ontario","country":"Canada","postcode":"Y5U 6N5","coordinates":{"latitude":"-68.9158","longitude":"-147.5519"},"timezone":{"offset":"-7:00","description":"Mountain Time (US &amp; Canada)"}},"email":"tristan.walker@example.com","login":{"uuid":"ee2aa3a6-1a7f-4734-84dc-a29eb0dfa88c","username":"ticklishrabbit713","password":"cooler","salt":"gQC0Dops","md5":"d215fb26b2de57b651f6ee9b21450939","sha1":"5c4c3fb29deacc29cdb58b17ac6bd9e9e25c8fc0","sha256":"967395478489c6054bb7c50ad19e96979526358e07d7e7117fae7b6b0ecb8c83"},"dob":{"date":"1953-09-21T06:27:37.002Z","age":70},"registered":{"date":"2013-11-17T11:39:23.295Z","age":10},"phone":"T08 Z65-5774","cell":"D82 K65-1443","id":{"name":"SIN","value":"114073950"},"picture":{"large":"https://randomuser.me/api/portraits/men/93.jpg","medium":"https://randomuser.me/api/portraits/med/men/93.jpg","thumbnail":"https://randomuser.me/api/portraits/thumb/men/93.jpg"},"nat":"CA"}],"info":{"seed":"74fc0091543ddd60","results":1,"page":1,"version":"1.4"}} 
 </msg>
<msg time="2024-07-23T03:19:15.007751" level="INFO">/opt/hostedtoolcache/Python/3.12.4/x64/lib/python3.12/site-packages/urllib3/connectionpool.py:1099: InsecureRequestWarning: Unverified HTTPS request is being made to host 'randomuser.me'. Adding certificate verification is strongly advised. See: https://urllib3.readthedocs.io/en/latest/advanced-usage.html#tls-warnings
  warnings.warn(</msg>
<msg time="2024-07-23T03:19:15.007863" level="INFO">${response} = &lt;Response [200]&gt;</msg>
<var>${response}</var>
<arg>consultarAPI</arg>
<arg>/api</arg>
<doc>Sends a GET request on a previously created HTTP Session.</doc>
<status status="PASS" start="2024-07-23T03:19:14.958222" elapsed="0.049686"/>
</kw>
<kw name="Set Variable" owner="BuiltIn">
<msg time="2024-07-23T03:19:15.008725" level="INFO">${json_data} = {'results': [{'gender': 'male', 'name': {'title': 'Mr', 'first': 'Tristan', 'last': 'Walker'}, 'location': {'street': {'number': 6611, 'name': 'Maple Ave'}, 'city': 'Clinton', 'state': 'Ontario', 'cou...</msg>
<var>${json_data}</var>
<arg>${response.json()}</arg>
<doc>Returns the given values which can then be assigned to a variables.</doc>
<status status="PASS" start="2024-07-23T03:19:15.008279" elapsed="0.000475"/>
</kw>
<kw name="Log" owner="BuiltIn">
<msg time="2024-07-23T03:19:15.009202" level="INFO">{'results': [{'gender': 'male', 'name': {'title': 'Mr', 'first': 'Tristan', 'last': 'Walker'}, 'location': {'street': {'number': 6611, 'name': 'Maple Ave'}, 'city': 'Clinton', 'state': 'Ontario', 'country': 'Canada', 'postcode': 'Y5U 6N5', 'coordinates': {'latitude': '-68.9158', 'longitude': '-147.5519'}, 'timezone': {'offset': '-7:00', 'description': 'Mountain Time (US &amp; Canada)'}}, 'email': 'tristan.walker@example.com', 'login': {'uuid': 'ee2aa3a6-1a7f-4734-84dc-a29eb0dfa88c', 'username': 'ticklishrabbit713', 'password': 'cooler', 'salt': 'gQC0Dops', 'md5': 'd215fb26b2de57b651f6ee9b21450939', 'sha1': '5c4c3fb29deacc29cdb58b17ac6bd9e9e25c8fc0', 'sha256': '967395478489c6054bb7c50ad19e96979526358e07d7e7117fae7b6b0ecb8c83'}, 'dob': {'date': '1953-09-21T06:27:37.002Z', 'age': 70}, 'registered': {'date': '2013-11-17T11:39:23.295Z', 'age': 10}, 'phone': 'T08 Z65-5774', 'cell': 'D82 K65-1443', 'id': {'name': 'SIN', 'value': '114073950'}, 'picture': {'large': 'https://randomuser.me/api/portraits/men/93.jpg', 'medium': 'https://randomuser.me/api/portraits/med/men/93.jpg', 'thumbnail': 'https://randomuser.me/api/portraits/thumb/men/93.jpg'}, 'nat': 'CA'}], 'info': {'seed': '74fc0091543ddd60', 'results': 1, 'page': 1, 'version': '1.4'}}</msg>
<arg>${json_data}</arg>
<doc>Logs the given message with the given level.</doc>
<status status="PASS" start="2024-07-23T03:19:15.009053" elapsed="0.000197"/>
</kw>
<kw name="Should Be String" owner="String">
<arg>${json_data['results'][0]['gender']}</arg>
<doc>Fails if the given ``item`` is not a string.</doc>
<status status="PASS" start="2024-07-23T03:19:15.009535" elapsed="0.000369"/>
</kw>
<kw name="Should Match Regexp" owner="BuiltIn">
<arg>${json_data['results'][0]['email']}</arg>
<arg>^[a-zA-Z0-9._%+-]+@[a-zA-Z0-9.-]+\.[a-zA-Z]{2,}$</arg>
<doc>Fails if ``string`` does not match ``pattern`` as a regular expression.</doc>
<status status="PASS" start="2024-07-23T03:19:15.010092" elapsed="0.000515"/>
</kw>
<kw name="Should Match Regexp" owner="BuiltIn">
<arg>${json_data['results'][0]['dob']['date']}</arg>
<arg>\\d{4}-\\d{2}-\\d{2}T\\d{2}:\\d{2}:\\d{2}\\.\\d{3}Z</arg>
<doc>Fails if ``string`` does not match ``pattern`` as a regular expression.</doc>
<status status="PASS" start="2024-07-23T03:19:15.010835" elapsed="0.000593"/>
</kw>
<kw name="Should Match Regexp" owner="BuiltIn">
<arg>${json_data['results'][0]['registered']['date']}</arg>
<arg>\\d{4}-\\d{2}-\\d{2}T\\d{2}:\\d{2}:\\d{2}\\.\\d{3}Z</arg>
<doc>Fails if ``string`` does not match ``pattern`` as a regular expression.</doc>
<status status="PASS" start="2024-07-23T03:19:15.011619" elapsed="0.000372"/>
</kw>
<kw name="Should Match Regexp" owner="BuiltIn">
<arg>${json_data['results'][0]['picture']['large']}</arg>
<arg>^https?://.*\.(?:png|jpe?g|gif|bmp)$</arg>
<doc>Fails if ``string`` does not match ``pattern`` as a regular expression.</doc>
<status status="PASS" start="2024-07-23T03:19:15.012195" elapsed="0.000478"/>
</kw>
<kw name="Should Match Regexp" owner="BuiltIn">
<arg>${json_data['results'][0]['picture']['medium']}</arg>
<arg>^https?://.*\.(?:png|jpe?g|gif|bmp)$</arg>
<doc>Fails if ``string`` does not match ``pattern`` as a regular expression.</doc>
<status status="PASS" start="2024-07-23T03:19:15.012860" elapsed="0.000354"/>
</kw>
<kw name="Should Match Regexp" owner="BuiltIn">
<arg>${json_data['results'][0]['picture']['thumbnail']}</arg>
<arg>^https?://.*\.(?:png|jpe?g|gif|bmp)$</arg>
<doc>Fails if ``string`` does not match ``pattern`` as a regular expression.</doc>
<status status="PASS" start="2024-07-23T03:19:15.013405" elapsed="0.000347"/>
</kw>
<kw name="Log" owner="BuiltIn">
<msg time="2024-07-23T03:19:15.014252" level="INFO">{'large': 'https://randomuser.me/api/portraits/men/93.jpg', 'medium': 'https://randomuser.me/api/portraits/med/men/93.jpg', 'thumbnail': 'https://randomuser.me/api/portraits/thumb/men/93.jpg'}</msg>
<arg>${json_data['results'][0]['picture']}</arg>
<doc>Logs the given message with the given level.</doc>
<status status="PASS" start="2024-07-23T03:19:15.013929" elapsed="0.000366"/>
</kw>
<status status="PASS" start="2024-07-23T03:19:14.958002" elapsed="0.056548"/>
</kw>
<kw name="Teste de Tipos de Dados - Postcode" owner="random-user-service">
<kw name="GET On Session" owner="RequestsLibrary">
<msg time="2024-07-23T03:19:15.116807" level="INFO">GET Request : url=https://randomuser.me/api 
 path_url=/api 
 headers={'User-Agent': 'python-requests/2.32.3', 'Accept-Encoding': 'gzip, deflate', 'Accept': '*/*', 'Connection': 'keep-alive'} 
 body=None 
 </msg>
<msg time="2024-07-23T03:19:15.116921" level="INFO">GET Response : url=https://randomuser.me/api 
 status=200, reason=OK 
 headers={'Date': 'Tue, 23 Jul 2024 03:19:15 GMT', 'Content-Type': 'application/json; charset=utf-8', 'Transfer-Encoding': 'chunked', 'Connection': 'keep-alive', 'X-Powered-By': 'Express', 'Access-Control-Allow-Origin': '*', 'Cache-Control': 'no-cache', 'ETag': 'W/"48e-Y1gluLb47oK+NwJb7NHZZY9ZCYI"', 'Vary': 'Accept-Encoding', 'Content-Encoding': 'gzip', 'CF-Cache-Status': 'DYNAMIC', 'Report-To': '{"endpoints":[{"url":"https:\\/\\/a.nel.cloudflare.com\\/report\\/v4?s=K6rAPXj7Ofve240vcfQoBeDyFsm45LFJhh3gL2Ih7hnGFLv0heacZrqVNxrSIj5oL4RtWATq%2FmhsxRI0Z1sbEJN3lKbbx5Fex7ZdVBLLI3tU3CsEvt0rC8m63wJ0KXox"}],"group":"cf-nel","max_age":604800}', 'NEL': '{"success_fraction":0,"report_to":"cf-nel","max_age":604800}', 'Server': 'cloudflare', 'CF-RAY': '8a78871eda6a37f4-IAD', 'alt-svc': 'h3=":443"; ma=86400'} 
 body={"results":[{"gender":"female","name":{"title":"Mademoiselle","first":"Barbara","last":"Menard"},"location":{"street":{"number":1610,"name":"Rue Jean-Baldassini"},"city":"Lens","state":"Zürich","country":"Switzerland","postcode":7804,"coordinates":{"latitude":"-61.4742","longitude":"113.1045"},"timezone":{"offset":"-10:00","description":"Hawaii"}},"email":"barbara.menard@example.com","login":{"uuid":"1a412e7f-831c-459e-9d12-265df1c76a26","username":"blackdog482","password":"abgrtyu","salt":"ndWwJ4tZ","md5":"939cda0941eaac58709b23f910960311","sha1":"2c054a387573ad55a14dda61072412ae740604fa","sha256":"e89d2cafbbddd3e251078cb88910ed42e74cb4b8f5eba901a856b769979fbd4b"},"dob":{"date":"1963-11-03T16:22:17.809Z","age":60},"registered":{"date":"2019-07-16T22:47:53.208Z","age":5},"phone":"077 461 30 13","cell":"079 755 66 79","id":{"name":"AVS","value":"756.0578.1580.24"},"picture":{"large":"https://randomuser.me/api/portraits/women/95.jpg","medium":"https://randomuser.me/api/portraits/med/women/95.jpg","thumbnail":"https://randomuser.me/api/portraits/thumb/women/95.jpg"},"nat":"CH"}],"info":{"seed":"cf199c6edace34e8","results":1,"page":1,"version":"1.4"}} 
 </msg>
<msg time="2024-07-23T03:19:15.116996" level="INFO">/opt/hostedtoolcache/Python/3.12.4/x64/lib/python3.12/site-packages/urllib3/connectionpool.py:1099: InsecureRequestWarning: Unverified HTTPS request is being made to host 'randomuser.me'. Adding certificate verification is strongly advised. See: https://urllib3.readthedocs.io/en/latest/advanced-usage.html#tls-warnings
  warnings.warn(</msg>
<msg time="2024-07-23T03:19:15.117136" level="INFO">${response} = &lt;Response [200]&gt;</msg>
<var>${response}</var>
<arg>consultarAPI</arg>
<arg>/api</arg>
<doc>Sends a GET request on a previously created HTTP Session.</doc>
<status status="PASS" start="2024-07-23T03:19:15.014978" elapsed="0.102204"/>
</kw>
<kw name="Set Variable" owner="BuiltIn">
<msg time="2024-07-23T03:19:15.118231" level="INFO">${json_data} = {'results': [{'gender': 'female', 'name': {'title': 'Mademoiselle', 'first': 'Barbara', 'last': 'Menard'}, 'location': {'street': {'number': 1610, 'name': 'Rue Jean-Baldassini'}, 'city': 'Lens', 'stat...</msg>
<var>${json_data}</var>
<arg>${response.json()}</arg>
<doc>Returns the given values which can then be assigned to a variables.</doc>
<status status="PASS" start="2024-07-23T03:19:15.117709" elapsed="0.000552"/>
</kw>
<kw name="Log" owner="BuiltIn">
<msg time="2024-07-23T03:19:15.118746" level="INFO">{'results': [{'gender': 'female', 'name': {'title': 'Mademoiselle', 'first': 'Barbara', 'last': 'Menard'}, 'location': {'street': {'number': 1610, 'name': 'Rue Jean-Baldassini'}, 'city': 'Lens', 'state': 'Zürich', 'country': 'Switzerland', 'postcode': 7804, 'coordinates': {'latitude': '-61.4742', 'longitude': '113.1045'}, 'timezone': {'offset': '-10:00', 'description': 'Hawaii'}}, 'email': 'barbara.menard@example.com', 'login': {'uuid': '1a412e7f-831c-459e-9d12-265df1c76a26', 'username': 'blackdog482', 'password': 'abgrtyu', 'salt': 'ndWwJ4tZ', 'md5': '939cda0941eaac58709b23f910960311', 'sha1': '2c054a387573ad55a14dda61072412ae740604fa', 'sha256': 'e89d2cafbbddd3e251078cb88910ed42e74cb4b8f5eba901a856b769979fbd4b'}, 'dob': {'date': '1963-11-03T16:22:17.809Z', 'age': 60}, 'registered': {'date': '2019-07-16T22:47:53.208Z', 'age': 5}, 'phone': '077 461 30 13', 'cell': '079 755 66 79', 'id': {'name': 'AVS', 'value': '756.0578.1580.24'}, 'picture': {'large': 'https://randomuser.me/api/portraits/women/95.jpg', 'medium': 'https://randomuser.me/api/portraits/med/women/95.jpg', 'thumbnail': 'https://randomuser.me/api/portraits/thumb/women/95.jpg'}, 'nat': 'CH'}], 'info': {'seed': 'cf199c6edace34e8', 'results': 1, 'page': 1, 'version': '1.4'}}</msg>
<arg>${json_data}</arg>
<doc>Logs the given message with the given level.</doc>
<status status="PASS" start="2024-07-23T03:19:15.118576" elapsed="0.000231"/>
</kw>
<kw name="Should Be Equal As Numbers" owner="BuiltIn">
<arg>${json_data['results'][0]['location']['postcode']}</arg>
<arg>${json_data['results'][0]['location']['postcode']}</arg>
<doc>Fails if objects are unequal after converting them to real numbers.</doc>
<status status="PASS" start="2024-07-23T03:19:15.119118" elapsed="0.000644"/>
</kw>
<kw name="Log" owner="BuiltIn">
<msg time="2024-07-23T03:19:15.120337" level="INFO">7804</msg>
<arg>${json_data['results'][0]['location']['postcode']}</arg>
<doc>Logs the given message with the given level.</doc>
<status status="PASS" start="2024-07-23T03:19:15.119959" elapsed="0.000419"/>
</kw>
<status status="PASS" start="2024-07-23T03:19:15.014755" elapsed="0.105921"/>
</kw>
<doc>Testa se os tipos de dados na resposta da API estão corretos.</doc>
<tag>testeTiposDados</tag>
<status status="PASS" start="2024-07-23T03:19:14.957571" elapsed="0.163282"/>
</test>
<test id="s1-s1-t5" name="Validar conteudo" line="35">
<kw name="Teste de Tipos de Conteudo" owner="random-user-service">
<kw name="GET On Session" owner="RequestsLibrary">
<msg time="2024-07-23T03:19:15.203909" level="INFO">GET Request : url=https://randomuser.me/api 
 path_url=/api 
 headers={'User-Agent': 'python-requests/2.32.3', 'Accept-Encoding': 'gzip, deflate', 'Accept': '*/*', 'Connection': 'keep-alive'} 
 body=None 
 </msg>
<msg time="2024-07-23T03:19:15.204015" level="INFO">GET Response : url=https://randomuser.me/api 
 status=200, reason=OK 
 headers={'Date': 'Tue, 23 Jul 2024 03:19:15 GMT', 'Content-Type': 'application/json; charset=utf-8', 'Transfer-Encoding': 'chunked', 'Connection': 'keep-alive', 'X-Powered-By': 'Express', 'Access-Control-Allow-Origin': '*', 'Cache-Control': 'no-cache', 'ETag': 'W/"492-mFveOesIGZJnPPq0tOKx0CQU5/4"', 'Vary': 'Accept-Encoding', 'Content-Encoding': 'gzip', 'CF-Cache-Status': 'DYNAMIC', 'Report-To': '{"endpoints":[{"url":"https:\\/\\/a.nel.cloudflare.com\\/report\\/v4?s=8nmc8nVHadb1%2Fc%2BbjLI0h9NY7xe1ftUU%2BxjPaSHFZECzRQcbYuwl60Ct9JBQLhdYRB0AhtehiLoxiz0stG0xXYlQiUt90yQsr5OpiHc3fL8oy9AAT4CwxvQ77Yzean7z"}],"group":"cf-nel","max_age":604800}', 'NEL': '{"success_fraction":0,"report_to":"cf-nel","max_age":604800}', 'Server': 'cloudflare', 'CF-RAY': '8a78871f8ac637f4-IAD', 'alt-svc': 'h3=":443"; ma=86400'} 
 body={"results":[{"gender":"female","name":{"title":"Miss","first":"Korneliya","last":"Radeckiy"},"location":{"street":{"number":366,"name":"Semigradska"},"city":"Zolochiv","state":"Kirovogradska","country":"Ukraine","postcode":24476,"coordinates":{"latitude":"80.3031","longitude":"7.5697"},"timezone":{"offset":"-7:00","description":"Mountain Time (US &amp; Canada)"}},"email":"korneliya.radeckiy@example.com","login":{"uuid":"6b120c57-20eb-47e6-a083-6241dacff84d","username":"bluegorilla263","password":"lindsey","salt":"a5UE5zyc","md5":"098f1c0f1934c5687cc2f31b9316077f","sha1":"de38d88453a3e75d389b1a55b04f10ab97cda518","sha256":"59f194ce93443bc72027e97169946cba373687fde68327b9e3d036f75955587f"},"dob":{"date":"1960-02-29T16:03:58.629Z","age":64},"registered":{"date":"2004-03-15T17:17:01.925Z","age":20},"phone":"(097) U99-5281","cell":"(099) T25-3387","id":{"name":"","value":null},"picture":{"large":"https://randomuser.me/api/portraits/women/81.jpg","medium":"https://randomuser.me/api/portraits/med/women/81.jpg","thumbnail":"https://randomuser.me/api/portraits/thumb/women/81.jpg"},"nat":"UA"}],"info":{"seed":"b4bb0599977d9dcb","results":1,"page":1,"version":"1.4"}} 
 </msg>
<msg time="2024-07-23T03:19:15.204097" level="INFO">/opt/hostedtoolcache/Python/3.12.4/x64/lib/python3.12/site-packages/urllib3/connectionpool.py:1099: InsecureRequestWarning: Unverified HTTPS request is being made to host 'randomuser.me'. Adding certificate verification is strongly advised. See: https://urllib3.readthedocs.io/en/latest/advanced-usage.html#tls-warnings
  warnings.warn(</msg>
<msg time="2024-07-23T03:19:15.204262" level="INFO">${response} = &lt;Response [200]&gt;</msg>
<var>${response}</var>
<arg>consultarAPI</arg>
<arg>/api</arg>
<doc>Sends a GET request on a previously created HTTP Session.</doc>
<status status="PASS" start="2024-07-23T03:19:15.123369" elapsed="0.080938"/>
</kw>
<kw name="Set Variable" owner="BuiltIn">
<msg time="2024-07-23T03:19:15.205324" level="INFO">${json_data} = {'results': [{'gender': 'female', 'name': {'title': 'Miss', 'first': 'Korneliya', 'last': 'Radeckiy'}, 'location': {'street': {'number': 366, 'name': 'Semigradska'}, 'city': 'Zolochiv', 'state': 'Kiro...</msg>
<var>${json_data}</var>
<arg>${response.json()}</arg>
<doc>Returns the given values which can then be assigned to a variables.</doc>
<status status="PASS" start="2024-07-23T03:19:15.204805" elapsed="0.000548"/>
</kw>
<kw name="Set Variable" owner="BuiltIn">
<msg time="2024-07-23T03:19:15.206060" level="INFO">${name_title} = Miss</msg>
<var>${name_title}</var>
<arg>${json_data["results"][0]["name"]["title"]}</arg>
<doc>Returns the given values which can then be assigned to a variables.</doc>
<status status="PASS" start="2024-07-23T03:19:15.205660" elapsed="0.000427"/>
</kw>
<kw name="Create List" owner="BuiltIn">
<msg time="2024-07-23T03:19:15.206534" level="INFO">${allowed_titles} = ['Mr', 'Ms', 'Miss', 'Mrs', 'Madame', 'Monsieur']</msg>
<var>${allowed_titles}</var>
<arg>Mr</arg>
<arg>Ms</arg>
<arg>Miss</arg>
<arg>Mrs</arg>
<arg>Madame</arg>
<arg>Monsieur</arg>
<doc>Returns a list containing given items.</doc>
<status status="PASS" start="2024-07-23T03:19:15.206384" elapsed="0.000175"/>
</kw>
<kw name="List Should Contain Value" owner="Collections">
<arg>${allowed_titles}</arg>
<arg>${name_title}</arg>
<doc>Fails if the ``value`` is not found from ``list``.</doc>
<status status="PASS" start="2024-07-23T03:19:15.206862" elapsed="0.000189"/>
</kw>
<kw name="Set Variable" owner="BuiltIn">
<msg time="2024-07-23T03:19:15.207604" level="INFO">${name_country} = UA</msg>
<var>${name_country}</var>
<arg>${json_data["results"][0]["nat"]}</arg>
<doc>Returns the given values which can then be assigned to a variables.</doc>
<status status="PASS" start="2024-07-23T03:19:15.207231" elapsed="0.000399"/>
</kw>
<kw name="Create List" owner="BuiltIn">
<msg time="2024-07-23T03:19:15.208543" level="INFO">${list_country} = ['AD', 'AE', 'AF', 'AG', 'AI', 'AL', 'AM', 'AO', 'AQ', 'AR', 'AS', 'AT', 'AU', 'AW', 'AX', 'AZ', 'BA', 'BB', 'BD', 'BE', 'BF', 'BG', 'BH', 'BI', 'BJ', 'BL', 'BM', 'BN', 'BO', 'BQ', 'BR', 'BS', 'BT', '...</msg>
<var>${list_country}</var>
<arg>AD</arg>
<arg>AE</arg>
<arg>AF</arg>
<arg>AG</arg>
<arg>AI</arg>
<arg>AL</arg>
<arg>AM</arg>
<arg>AO</arg>
<arg>AQ</arg>
<arg>AR</arg>
<arg>AS</arg>
<arg>AT</arg>
<arg>AU</arg>
<arg>AW</arg>
<arg>AX</arg>
<arg>AZ</arg>
<arg>BA</arg>
<arg>BB</arg>
<arg>BD</arg>
<arg>BE</arg>
<arg>BF</arg>
<arg>BG</arg>
<arg>BH</arg>
<arg>BI</arg>
<arg>BJ</arg>
<arg>BL</arg>
<arg>BM</arg>
<arg>BN</arg>
<arg>BO</arg>
<arg>BQ</arg>
<arg>BR</arg>
<arg>BS</arg>
<arg>BT</arg>
<arg>BV</arg>
<arg>BW</arg>
<arg>BY</arg>
<arg>BZ</arg>
<arg>CA</arg>
<arg>CC</arg>
<arg>CD</arg>
<arg>CF</arg>
<arg>CG</arg>
<arg>CH</arg>
<arg>CI</arg>
<arg>CK</arg>
<arg>CL</arg>
<arg>CM</arg>
<arg>CN</arg>
<arg>CO</arg>
<arg>CR</arg>
<arg>CU</arg>
<arg>CV</arg>
<arg>CW</arg>
<arg>CX</arg>
<arg>CY</arg>
<arg>CZ</arg>
<arg>DE</arg>
<arg>DJ</arg>
<arg>DK</arg>
<arg>DM</arg>
<arg>DO</arg>
<arg>DZ</arg>
<arg>EC</arg>
<arg>EE</arg>
<arg>EG</arg>
<arg>EH</arg>
<arg>ER</arg>
<arg>ES</arg>
<arg>ET</arg>
<arg>FI</arg>
<arg>FJ</arg>
<arg>FK</arg>
<arg>FM</arg>
<arg>FO</arg>
<arg>FR</arg>
<arg>GA</arg>
<arg>GB</arg>
<arg>GD</arg>
<arg>GE</arg>
<arg>GF</arg>
<arg>GG</arg>
<arg>GH</arg>
<arg>GI</arg>
<arg>GL</arg>
<arg>GM</arg>
<arg>GN</arg>
<arg>GP</arg>
<arg>GQ</arg>
<arg>GR</arg>
<arg>GS</arg>
<arg>GT</arg>
<arg>GU</arg>
<arg>GW</arg>
<arg>GY</arg>
<arg>HK</arg>
<arg>HM</arg>
<arg>HN</arg>
<arg>HR</arg>
<arg>HT</arg>
<arg>HU</arg>
<arg>ID</arg>
<arg>IE</arg>
<arg>IL</arg>
<arg>IM</arg>
<arg>IN</arg>
<arg>IO</arg>
<arg>IQ</arg>
<arg>IR</arg>
<arg>IS</arg>
<arg>IT</arg>
<arg>JE</arg>
<arg>JM</arg>
<arg>JO</arg>
<arg>JP</arg>
<arg>KE</arg>
<arg>KG</arg>
<arg>KH</arg>
<arg>KI</arg>
<arg>KM</arg>
<arg>KN</arg>
<arg>KP</arg>
<arg>KR</arg>
<arg>KW</arg>
<arg>KY</arg>
<arg>KZ</arg>
<arg>LA</arg>
<arg>LB</arg>
<arg>LC</arg>
<arg>LI</arg>
<arg>LK</arg>
<arg>LR</arg>
<arg>LS</arg>
<arg>LT</arg>
<arg>LU</arg>
<arg>LV</arg>
<arg>LY</arg>
<arg>MA</arg>
<arg>MC</arg>
<arg>MD</arg>
<arg>ME</arg>
<arg>MF</arg>
<arg>MG</arg>
<arg>MH</arg>
<arg>MK</arg>
<arg>ML</arg>
<arg>MM</arg>
<arg>MN</arg>
<arg>MO</arg>
<arg>MP</arg>
<arg>MQ</arg>
<arg>MR</arg>
<arg>MS</arg>
<arg>MT</arg>
<arg>MU</arg>
<arg>MV</arg>
<arg>MW</arg>
<arg>MX</arg>
<arg>MY</arg>
<arg>MZ</arg>
<arg>NA</arg>
<arg>NC</arg>
<arg>NE</arg>
<arg>NF</arg>
<arg>NG</arg>
<arg>NI</arg>
<arg>NL</arg>
<arg>NO</arg>
<arg>NP</arg>
<arg>NR</arg>
<arg>NU</arg>
<arg>NZ</arg>
<arg>OM</arg>
<arg>PA</arg>
<arg>PE</arg>
<arg>PF</arg>
<arg>PG</arg>
<arg>PH</arg>
<arg>PK</arg>
<arg>PL</arg>
<arg>PM</arg>
<arg>PN</arg>
<arg>PR</arg>
<arg>PS</arg>
<arg>PT</arg>
<arg>PW</arg>
<arg>PY</arg>
<arg>QA</arg>
<arg>RE</arg>
<arg>RO</arg>
<arg>RS</arg>
<arg>RU</arg>
<arg>RW</arg>
<arg>SA</arg>
<arg>SB</arg>
<arg>SC</arg>
<arg>SD</arg>
<arg>SE</arg>
<arg>SG</arg>
<arg>SH</arg>
<arg>SI</arg>
<arg>SJ</arg>
<arg>SK</arg>
<arg>SL</arg>
<arg>SM</arg>
<arg>SN</arg>
<arg>SO</arg>
<arg>SR</arg>
<arg>SS</arg>
<arg>ST</arg>
<arg>SV</arg>
<arg>SX</arg>
<arg>SY</arg>
<arg>SZ</arg>
<arg>TC</arg>
<arg>TD</arg>
<arg>TF</arg>
<arg>TG</arg>
<arg>TH</arg>
<arg>TJ</arg>
<arg>TK</arg>
<arg>TL</arg>
<arg>TM</arg>
<arg>TN</arg>
<arg>TO</arg>
<arg>TR</arg>
<arg>TT</arg>
<arg>TV</arg>
<arg>TW</arg>
<arg>TZ</arg>
<arg>UA</arg>
<arg>UG</arg>
<arg>UM</arg>
<arg>US</arg>
<arg>UY</arg>
<arg>UZ</arg>
<arg>VA</arg>
<arg>VC</arg>
<arg>VE</arg>
<arg>VG</arg>
<arg>VI</arg>
<arg>VN</arg>
<arg>VU</arg>
<arg>WF</arg>
<arg>WS</arg>
<arg>XK</arg>
<arg>YE</arg>
<arg>YT</arg>
<arg>ZA</arg>
<arg>ZM</arg>
<arg>ZW</arg>
<doc>Returns a list containing given items.</doc>
<status status="PASS" start="2024-07-23T03:19:15.207924" elapsed="0.000646"/>
</kw>
<kw name="List Should Contain Value" owner="Collections">
<arg>${list_country}</arg>
<arg>${name_country}</arg>
<doc>Fails if the ``value`` is not found from ``list``.</doc>
<status status="PASS" start="2024-07-23T03:19:15.209553" elapsed="0.000212"/>
</kw>
<kw name="Run Keyword If" owner="BuiltIn">
<kw name="Should Be True" owner="BuiltIn">
<arg>${True}</arg>
<doc>Fails if the given condition is not true.</doc>
<status status="PASS" start="2024-07-23T03:19:15.210714" elapsed="0.000142"/>
</kw>
<arg>${json_data["results"][0]["location"]["coordinates"]["latitude"]} &gt;= -90 and ${json_data["results"][0]["location"]["coordinates"]["latitude"]} &lt;= 90</arg>
<arg>Should Be True</arg>
<arg>${True}</arg>
<doc>Runs the given keyword with the given arguments, if ``condition`` is true.</doc>
<status status="PASS" start="2024-07-23T03:19:15.209965" elapsed="0.001019"/>
</kw>
<kw name="Run Keyword If" owner="BuiltIn">
<kw name="Should Be True" owner="BuiltIn">
<arg>${True}</arg>
<doc>Fails if the given condition is not true.</doc>
<status status="PASS" start="2024-07-23T03:19:15.211860" elapsed="0.000138"/>
</kw>
<arg>${json_data["results"][0]["location"]["coordinates"]["longitude"]} &gt;= -180 and ${json_data["results"][0]["location"]["coordinates"]["longitude"]} &lt;= 180</arg>
<arg>Should Be True</arg>
<arg>${True}</arg>
<doc>Runs the given keyword with the given arguments, if ``condition`` is true.</doc>
<status status="PASS" start="2024-07-23T03:19:15.211169" elapsed="0.000954"/>
</kw>
<status status="PASS" start="2024-07-23T03:19:15.123144" elapsed="0.089150"/>
</kw>
<doc>Testa o conteúdo específico dos campos retornados pela API.</doc>
<tag>testeConteudo</tag>
<status status="PASS" start="2024-07-23T03:19:15.122666" elapsed="0.089786"/>
</test>
<status status="PASS" start="2024-07-23T03:19:14.343059" elapsed="0.871380"/>
</suite>
<status status="PASS" start="2024-07-23T03:19:14.328717" elapsed="0.890724"/>
</suite>
<statistics>
<total>
<stat pass="5" fail="0" skip="0">All Tests</stat>
</total>
<tag>
<stat pass="1" fail="0" skip="0">testeConteudo</stat>
<stat pass="1" fail="0" skip="0">testeEstruturaResposta</stat>
<stat pass="1" fail="0" skip="0">testeRequisicaoBasica</stat>
<stat pass="1" fail="0" skip="0">testeTiposDados</stat>
</tag>
<suite>
<stat pass="5" fail="0" skip="0" id="s1" name="Tests">Tests</stat>
<stat pass="5" fail="0" skip="0" id="s1-s1" name="Random-User-Test">Tests.Random-User-Test</stat>
</suite>
</statistics>
<errors>
</errors>
</robot>
