<?xml version="1.0" encoding="UTF-8"?>
<robot generator="Robot 7.0.1 (Python 3.12.4 on linux)" generated="2024-06-26T04:19:20.989252" rpa="false" schemaversion="5">
<suite id="s1" name="Tests" source="/home/runner/work/ApiRandomUser/ApiRandomUser/RamdonUser/tests">
<suite id="s1-s1" name="Random-User-Test" source="/home/runner/work/ApiRandomUser/ApiRandomUser/RamdonUser/tests/random-user-test.robot">
<test id="s1-s1-t1" name="Conectar" line="13">
<kw name="Conectar API" owner="random-user-service">
<kw name="Create Session" owner="RequestsLibrary">
<msg time="2024-06-26T04:19:21.450249" level="INFO">Creating Session using : alias=consultarAPI, url=https://randomuser.me/, headers={},                     cookies={}, auth=None, timeout=None, proxies=None, verify=False,                     debug=0 </msg>
<arg>consultarAPI</arg>
<arg>${URL}</arg>
<doc>Create Session: create a HTTP session to a server</doc>
<status status="PASS" start="2024-06-26T04:19:21.450025" elapsed="0.000417"/>
</kw>
<status status="PASS" start="2024-06-26T04:19:21.449003" elapsed="0.001820"/>
</kw>
<status status="PASS" start="2024-06-26T04:19:21.448412" elapsed="0.002617"/>
</test>
<test id="s1-s1-t2" name="Validar retorno 200 e JSON Válido" line="16">
<kw name="Teste de Requisicao Basica" owner="random-user-service">
<kw name="GET On Session" owner="RequestsLibrary">
<msg time="2024-06-26T04:19:21.785968" level="INFO">GET Request : url=https://randomuser.me/api 
 path_url=/api 
 headers={'User-Agent': 'python-requests/2.32.3', 'Accept-Encoding': 'gzip, deflate', 'Accept': '*/*', 'Connection': 'keep-alive'} 
 body=None 
 </msg>
<msg time="2024-06-26T04:19:21.786126" level="INFO">GET Response : url=https://randomuser.me/api 
 status=200, reason=OK 
 headers={'Date': 'Wed, 26 Jun 2024 04:19:21 GMT', 'Content-Type': 'application/json; charset=utf-8', 'Transfer-Encoding': 'chunked', 'Connection': 'keep-alive', 'X-Powered-By': 'Express', 'Access-Control-Allow-Origin': '*', 'Cache-Control': 'no-cache', 'ETag': 'W/"49b-MZnfutgCwolM0ldnM3bnV1p5Rl0"', 'Vary': 'Accept-Encoding', 'Content-Encoding': 'gzip', 'CF-Cache-Status': 'DYNAMIC', 'Report-To': '{"endpoints":[{"url":"https:\\/\\/a.nel.cloudflare.com\\/report\\/v4?s=rjvb%2FzMvUgWOCVFoPl5ooBLN1XbLznsDaDmGtCfOz4q65lRjkl%2BhKBMIDgBuh%2BSr7bxeJdoj5FHGhIYm1qRuoyvHVxu6q%2B5%2BJUUaOWmAk8YSSRpj%2BkZ9NyNgaImci6oX"}],"group":"cf-nel","max_age":604800}', 'NEL': '{"success_fraction":0,"report_to":"cf-nel","max_age":604800}', 'Server': 'cloudflare', 'CF-RAY': '899a660c7ad17ed2-LAX', 'alt-svc': 'h3=":443"; ma=86400'} 
 body={"results":[{"gender":"female","name":{"title":"Mrs","first":"Sheryl","last":"Mcdonalid"},"location":{"street":{"number":495,"name":"London Road"},"city":"Preston","state":"Staffordshire","country":"United Kingdom","postcode":"WH4 2RL","coordinates":{"latitude":"-9.7734","longitude":"76.0970"},"timezone":{"offset":"+6:00","description":"Almaty, Dhaka, Colombo"}},"email":"sheryl.mcdonalid@example.com","login":{"uuid":"d98c05bd-07c3-41d7-86c5-08abbced9557","username":"goldenbear591","password":"rrrrrrr","salt":"BYmeZEGy","md5":"6455eef47d705e86e2e5b6aa8856854e","sha1":"7f921c2a0df818b5ab28374508fcc3d63d8499a7","sha256":"3ae5b2d8d83ca8fca8005f03e9b3f7507c3bfc4fd5bd0f067ada44d221357ce4"},"dob":{"date":"1982-02-28T11:13:06.075Z","age":42},"registered":{"date":"2017-01-28T01:06:10.138Z","age":7},"phone":"01798 53349","cell":"07661 160530","id":{"name":"NINO","value":"NZ 44 68 41 W"},"picture":{"large":"https://randomuser.me/api/portraits/women/70.jpg","medium":"https://randomuser.me/api/portraits/med/women/70.jpg","thumbnail":"https://randomuser.me/api/portraits/thumb/women/70.jpg"},"nat":"GB"}],"info":{"seed":"76527f2b3165268b","results":1,"page":1,"version":"1.4"}} 
 </msg>
<msg time="2024-06-26T04:19:21.786213" level="INFO">/opt/hostedtoolcache/Python/3.12.4/x64/lib/python3.12/site-packages/urllib3/connectionpool.py:1099: InsecureRequestWarning: Unverified HTTPS request is being made to host 'randomuser.me'. Adding certificate verification is strongly advised. See: https://urllib3.readthedocs.io/en/latest/advanced-usage.html#tls-warnings
  warnings.warn(</msg>
<msg time="2024-06-26T04:19:21.786386" level="INFO">${response} = &lt;Response [200]&gt;</msg>
<var>${response}</var>
<arg>consultarAPI</arg>
<arg>/api</arg>
<doc>Sends a GET request on a previously created HTTP Session.</doc>
<status status="PASS" start="2024-06-26T04:19:21.453811" elapsed="0.332622"/>
</kw>
<kw name="Should Be Equal As Numbers" owner="BuiltIn">
<msg time="2024-06-26T04:19:21.787531" level="INFO">Argument types are:
&lt;class 'int'&gt;
&lt;class 'str'&gt;</msg>
<arg>${response.status_code}</arg>
<arg>200</arg>
<doc>Fails if objects are unequal after converting them to real numbers.</doc>
<status status="PASS" start="2024-06-26T04:19:21.787057" elapsed="0.000539"/>
</kw>
<kw name="Log" owner="BuiltIn">
<msg time="2024-06-26T04:19:21.788266" level="INFO">200</msg>
<arg>${response.status_code}</arg>
<doc>Logs the given message with the given level.</doc>
<status status="PASS" start="2024-06-26T04:19:21.787915" elapsed="0.000392"/>
</kw>
<kw name="Set Variable" owner="BuiltIn">
<msg time="2024-06-26T04:19:21.789079" level="INFO">${json_data} = {'results': [{'gender': 'female', 'name': {'title': 'Mrs', 'first': 'Sheryl', 'last': 'Mcdonalid'}, 'location': {'street': {'number': 495, 'name': 'London Road'}, 'city': 'Preston', 'state': 'Stafford...</msg>
<var>${json_data}</var>
<arg>${response.json()}</arg>
<doc>Returns the given values which can then be assigned to a variables.</doc>
<status status="PASS" start="2024-06-26T04:19:21.788606" elapsed="0.000501"/>
</kw>
<kw name="Dictionary Should Contain Key" owner="Collections">
<arg>${json_data}</arg>
<arg>results</arg>
<doc>Fails if ``key`` is not found from ``dictionary``.</doc>
<status status="PASS" start="2024-06-26T04:19:21.789404" elapsed="0.000162"/>
</kw>
<status status="PASS" start="2024-06-26T04:19:21.453551" elapsed="0.336164"/>
</kw>
<doc>Testa se a API responde corretamente e retorna um objeto JSON válido.</doc>
<tag>testeRequisicaoBasica</tag>
<status status="PASS" start="2024-06-26T04:19:21.453017" elapsed="0.336874"/>
</test>
<test id="s1-s1-t3" name="Validar estrutura de resposta" line="22">
<kw name="Teste de Estrutura de Resposta" owner="random-user-service">
<kw name="GET On Session" owner="RequestsLibrary">
<msg time="2024-06-26T04:19:21.899461" level="INFO">GET Request : url=https://randomuser.me/api 
 path_url=/api 
 headers={'User-Agent': 'python-requests/2.32.3', 'Accept-Encoding': 'gzip, deflate', 'Accept': '*/*', 'Connection': 'keep-alive'} 
 body=None 
 </msg>
<msg time="2024-06-26T04:19:21.899573" level="INFO">GET Response : url=https://randomuser.me/api 
 status=200, reason=OK 
 headers={'Date': 'Wed, 26 Jun 2024 04:19:21 GMT', 'Content-Type': 'application/json; charset=utf-8', 'Transfer-Encoding': 'chunked', 'Connection': 'keep-alive', 'X-Powered-By': 'Express', 'Access-Control-Allow-Origin': '*', 'Cache-Control': 'no-cache', 'ETag': 'W/"463-qeav32EMro50o7e/a9Nb/nrXoA4"', 'Vary': 'Accept-Encoding', 'Content-Encoding': 'gzip', 'CF-Cache-Status': 'DYNAMIC', 'Report-To': '{"endpoints":[{"url":"https:\\/\\/a.nel.cloudflare.com\\/report\\/v4?s=c65F0xiquP%2FEAwaIfXgrqhMRPV3qgzUv89%2B37%2FZSUitBMmMvMN%2B0aXacHaAkC050%2Fn6u4yqaRjdS8ejOP3x8Iq0pLH4hkxvhsgRXQBRi8hqmZyjBKuMEHe78Sbzn4TTF"}],"group":"cf-nel","max_age":604800}', 'NEL': '{"success_fraction":0,"report_to":"cf-nel","max_age":604800}', 'Server': 'cloudflare', 'CF-RAY': '899a660d3b6a7ed2-LAX', 'alt-svc': 'h3=":443"; ma=86400'} 
 body={"results":[{"gender":"male","name":{"title":"Mr","first":"Aadi","last":"Sullad"},"location":{"street":{"number":8706,"name":"Hazratganj"},"city":"Khandwa","state":"Haryana","country":"India","postcode":74716,"coordinates":{"latitude":"9.0865","longitude":"-29.8125"},"timezone":{"offset":"-3:30","description":"Newfoundland"}},"email":"aadi.sullad@example.com","login":{"uuid":"0e5d575b-5473-40fb-8061-4690f4e4f7c1","username":"happycat366","password":"098765","salt":"tsDpc8Sb","md5":"482db412bf4b751b854fc5199e3f8f72","sha1":"193d0b6270ed3da2dc2e4e4f6d2cba2c8e69475b","sha256":"001f02fcebb21249b20d00bd60b9a441917bd7696aa1e5ba2899572b3c859a59"},"dob":{"date":"1968-07-10T12:21:03.884Z","age":55},"registered":{"date":"2014-01-02T03:46:51.633Z","age":10},"phone":"9292947013","cell":"9897637692","id":{"name":"UIDAI","value":"495263104772"},"picture":{"large":"https://randomuser.me/api/portraits/men/6.jpg","medium":"https://randomuser.me/api/portraits/med/men/6.jpg","thumbnail":"https://randomuser.me/api/portraits/thumb/men/6.jpg"},"nat":"IN"}],"info":{"seed":"df3982a5a710fc15","results":1,"page":1,"version":"1.4"}} 
 </msg>
<msg time="2024-06-26T04:19:21.899714" level="INFO">/opt/hostedtoolcache/Python/3.12.4/x64/lib/python3.12/site-packages/urllib3/connectionpool.py:1099: InsecureRequestWarning: Unverified HTTPS request is being made to host 'randomuser.me'. Adding certificate verification is strongly advised. See: https://urllib3.readthedocs.io/en/latest/advanced-usage.html#tls-warnings
  warnings.warn(</msg>
<msg time="2024-06-26T04:19:21.899860" level="INFO">${response} = &lt;Response [200]&gt;</msg>
<var>${response}</var>
<arg>consultarAPI</arg>
<arg>/api</arg>
<doc>Sends a GET request on a previously created HTTP Session.</doc>
<status status="PASS" start="2024-06-26T04:19:21.792644" elapsed="0.107256"/>
</kw>
<kw name="Set Variable" owner="BuiltIn">
<msg time="2024-06-26T04:19:21.901214" level="INFO">${json_data} = {'results': [{'gender': 'male', 'name': {'title': 'Mr', 'first': 'Aadi', 'last': 'Sullad'}, 'location': {'street': {'number': 8706, 'name': 'Hazratganj'}, 'city': 'Khandwa', 'state': 'Haryana', 'count...</msg>
<var>${json_data}</var>
<arg>${response.json()}</arg>
<doc>Returns the given values which can then be assigned to a variables.</doc>
<status status="PASS" start="2024-06-26T04:19:21.900578" elapsed="0.000665"/>
</kw>
<kw name="Log" owner="BuiltIn">
<msg time="2024-06-26T04:19:21.901717" level="INFO">{'results': [{'gender': 'male', 'name': {'title': 'Mr', 'first': 'Aadi', 'last': 'Sullad'}, 'location': {'street': {'number': 8706, 'name': 'Hazratganj'}, 'city': 'Khandwa', 'state': 'Haryana', 'country': 'India', 'postcode': 74716, 'coordinates': {'latitude': '9.0865', 'longitude': '-29.8125'}, 'timezone': {'offset': '-3:30', 'description': 'Newfoundland'}}, 'email': 'aadi.sullad@example.com', 'login': {'uuid': '0e5d575b-5473-40fb-8061-4690f4e4f7c1', 'username': 'happycat366', 'password': '098765', 'salt': 'tsDpc8Sb', 'md5': '482db412bf4b751b854fc5199e3f8f72', 'sha1': '193d0b6270ed3da2dc2e4e4f6d2cba2c8e69475b', 'sha256': '001f02fcebb21249b20d00bd60b9a441917bd7696aa1e5ba2899572b3c859a59'}, 'dob': {'date': '1968-07-10T12:21:03.884Z', 'age': 55}, 'registered': {'date': '2014-01-02T03:46:51.633Z', 'age': 10}, 'phone': '9292947013', 'cell': '9897637692', 'id': {'name': 'UIDAI', 'value': '495263104772'}, 'picture': {'large': 'https://randomuser.me/api/portraits/men/6.jpg', 'medium': 'https://randomuser.me/api/portraits/med/men/6.jpg', 'thumbnail': 'https://randomuser.me/api/portraits/thumb/men/6.jpg'}, 'nat': 'IN'}], 'info': {'seed': 'df3982a5a710fc15', 'results': 1, 'page': 1, 'version': '1.4'}}</msg>
<arg>${json_data}</arg>
<doc>Logs the given message with the given level.</doc>
<status status="PASS" start="2024-06-26T04:19:21.901556" elapsed="0.000210"/>
</kw>
<kw name="Dictionary Should Contain Key" owner="Collections">
<arg>${json_data}</arg>
<arg>results</arg>
<doc>Fails if ``key`` is not found from ``dictionary``.</doc>
<status status="PASS" start="2024-06-26T04:19:21.902058" elapsed="0.000162"/>
</kw>
<kw name="Should Not Be Empty" owner="BuiltIn">
<msg time="2024-06-26T04:19:21.902538" level="INFO">Length is 2.</msg>
<arg>${json_data}</arg>
<doc>Verifies that the given item is not empty.</doc>
<status status="PASS" start="2024-06-26T04:19:21.902404" elapsed="0.000178"/>
</kw>
<kw name="Create List" owner="BuiltIn">
<msg time="2024-06-26T04:19:21.903195" level="INFO">${expected_keys} = ['gender', 'name', 'location', 'email', 'login']</msg>
<var>${expected_keys}</var>
<arg>gender</arg>
<arg>name</arg>
<arg>location</arg>
<arg>email</arg>
<arg>login</arg>
<doc>Returns a list containing given items.</doc>
<status status="PASS" start="2024-06-26T04:19:21.902881" elapsed="0.000339"/>
</kw>
<for flavor="IN">
<iter>
<kw name="Dictionary Should Contain Key" owner="Collections">
<arg>${json_data['results'][0]}</arg>
<arg>${key}</arg>
<doc>Fails if ``key`` is not found from ``dictionary``.</doc>
<status status="PASS" start="2024-06-26T04:19:21.903825" elapsed="0.000408"/>
</kw>
<kw name="Log" owner="BuiltIn">
<msg time="2024-06-26T04:19:21.904814" level="INFO">{'gender': 'male', 'name': {'title': 'Mr', 'first': 'Aadi', 'last': 'Sullad'}, 'location': {'street': {'number': 8706, 'name': 'Hazratganj'}, 'city': 'Khandwa', 'state': 'Haryana', 'country': 'India', 'postcode': 74716, 'coordinates': {'latitude': '9.0865', 'longitude': '-29.8125'}, 'timezone': {'offset': '-3:30', 'description': 'Newfoundland'}}, 'email': 'aadi.sullad@example.com', 'login': {'uuid': '0e5d575b-5473-40fb-8061-4690f4e4f7c1', 'username': 'happycat366', 'password': '098765', 'salt': 'tsDpc8Sb', 'md5': '482db412bf4b751b854fc5199e3f8f72', 'sha1': '193d0b6270ed3da2dc2e4e4f6d2cba2c8e69475b', 'sha256': '001f02fcebb21249b20d00bd60b9a441917bd7696aa1e5ba2899572b3c859a59'}, 'dob': {'date': '1968-07-10T12:21:03.884Z', 'age': 55}, 'registered': {'date': '2014-01-02T03:46:51.633Z', 'age': 10}, 'phone': '9292947013', 'cell': '9897637692', 'id': {'name': 'UIDAI', 'value': '495263104772'}, 'picture': {'large': 'https://randomuser.me/api/portraits/men/6.jpg', 'medium': 'https://randomuser.me/api/portraits/med/men/6.jpg', 'thumbnail': 'https://randomuser.me/api/portraits/thumb/men/6.jpg'}, 'nat': 'IN'}</msg>
<arg>${json_data['results'][0]}</arg>
<doc>Logs the given message with the given level.</doc>
<status status="PASS" start="2024-06-26T04:19:21.904419" elapsed="0.000446"/>
</kw>
<kw name="Log" owner="BuiltIn">
<msg time="2024-06-26T04:19:21.905293" level="INFO">gender</msg>
<arg>${key}</arg>
<doc>Logs the given message with the given level.</doc>
<status status="PASS" start="2024-06-26T04:19:21.905164" elapsed="0.000168"/>
</kw>
<var name="${key}">gender</var>
<status status="PASS" start="2024-06-26T04:19:21.903698" elapsed="0.001858"/>
</iter>
<iter>
<kw name="Dictionary Should Contain Key" owner="Collections">
<arg>${json_data['results'][0]}</arg>
<arg>${key}</arg>
<doc>Fails if ``key`` is not found from ``dictionary``.</doc>
<status status="PASS" start="2024-06-26T04:19:21.905859" elapsed="0.000394"/>
</kw>
<kw name="Log" owner="BuiltIn">
<msg time="2024-06-26T04:19:21.906786" level="INFO">{'gender': 'male', 'name': {'title': 'Mr', 'first': 'Aadi', 'last': 'Sullad'}, 'location': {'street': {'number': 8706, 'name': 'Hazratganj'}, 'city': 'Khandwa', 'state': 'Haryana', 'country': 'India', 'postcode': 74716, 'coordinates': {'latitude': '9.0865', 'longitude': '-29.8125'}, 'timezone': {'offset': '-3:30', 'description': 'Newfoundland'}}, 'email': 'aadi.sullad@example.com', 'login': {'uuid': '0e5d575b-5473-40fb-8061-4690f4e4f7c1', 'username': 'happycat366', 'password': '098765', 'salt': 'tsDpc8Sb', 'md5': '482db412bf4b751b854fc5199e3f8f72', 'sha1': '193d0b6270ed3da2dc2e4e4f6d2cba2c8e69475b', 'sha256': '001f02fcebb21249b20d00bd60b9a441917bd7696aa1e5ba2899572b3c859a59'}, 'dob': {'date': '1968-07-10T12:21:03.884Z', 'age': 55}, 'registered': {'date': '2014-01-02T03:46:51.633Z', 'age': 10}, 'phone': '9292947013', 'cell': '9897637692', 'id': {'name': 'UIDAI', 'value': '495263104772'}, 'picture': {'large': 'https://randomuser.me/api/portraits/men/6.jpg', 'medium': 'https://randomuser.me/api/portraits/med/men/6.jpg', 'thumbnail': 'https://randomuser.me/api/portraits/thumb/men/6.jpg'}, 'nat': 'IN'}</msg>
<arg>${json_data['results'][0]}</arg>
<doc>Logs the given message with the given level.</doc>
<status status="PASS" start="2024-06-26T04:19:21.906435" elapsed="0.000431"/>
</kw>
<kw name="Log" owner="BuiltIn">
<msg time="2024-06-26T04:19:21.907292" level="INFO">name</msg>
<arg>${key}</arg>
<doc>Logs the given message with the given level.</doc>
<status status="PASS" start="2024-06-26T04:19:21.907164" elapsed="0.000167"/>
</kw>
<var name="${key}">name</var>
<status status="PASS" start="2024-06-26T04:19:21.905747" elapsed="0.001803"/>
</iter>
<iter>
<kw name="Dictionary Should Contain Key" owner="Collections">
<arg>${json_data['results'][0]}</arg>
<arg>${key}</arg>
<doc>Fails if ``key`` is not found from ``dictionary``.</doc>
<status status="PASS" start="2024-06-26T04:19:21.907834" elapsed="0.000375"/>
</kw>
<kw name="Log" owner="BuiltIn">
<msg time="2024-06-26T04:19:21.908755" level="INFO">{'gender': 'male', 'name': {'title': 'Mr', 'first': 'Aadi', 'last': 'Sullad'}, 'location': {'street': {'number': 8706, 'name': 'Hazratganj'}, 'city': 'Khandwa', 'state': 'Haryana', 'country': 'India', 'postcode': 74716, 'coordinates': {'latitude': '9.0865', 'longitude': '-29.8125'}, 'timezone': {'offset': '-3:30', 'description': 'Newfoundland'}}, 'email': 'aadi.sullad@example.com', 'login': {'uuid': '0e5d575b-5473-40fb-8061-4690f4e4f7c1', 'username': 'happycat366', 'password': '098765', 'salt': 'tsDpc8Sb', 'md5': '482db412bf4b751b854fc5199e3f8f72', 'sha1': '193d0b6270ed3da2dc2e4e4f6d2cba2c8e69475b', 'sha256': '001f02fcebb21249b20d00bd60b9a441917bd7696aa1e5ba2899572b3c859a59'}, 'dob': {'date': '1968-07-10T12:21:03.884Z', 'age': 55}, 'registered': {'date': '2014-01-02T03:46:51.633Z', 'age': 10}, 'phone': '9292947013', 'cell': '9897637692', 'id': {'name': 'UIDAI', 'value': '495263104772'}, 'picture': {'large': 'https://randomuser.me/api/portraits/men/6.jpg', 'medium': 'https://randomuser.me/api/portraits/med/men/6.jpg', 'thumbnail': 'https://randomuser.me/api/portraits/thumb/men/6.jpg'}, 'nat': 'IN'}</msg>
<arg>${json_data['results'][0]}</arg>
<doc>Logs the given message with the given level.</doc>
<status status="PASS" start="2024-06-26T04:19:21.908389" elapsed="0.000417"/>
</kw>
<kw name="Log" owner="BuiltIn">
<msg time="2024-06-26T04:19:21.909232" level="INFO">location</msg>
<arg>${key}</arg>
<doc>Logs the given message with the given level.</doc>
<status status="PASS" start="2024-06-26T04:19:21.909105" elapsed="0.000164"/>
</kw>
<var name="${key}">location</var>
<status status="PASS" start="2024-06-26T04:19:21.907728" elapsed="0.001757"/>
</iter>
<iter>
<kw name="Dictionary Should Contain Key" owner="Collections">
<arg>${json_data['results'][0]}</arg>
<arg>${key}</arg>
<doc>Fails if ``key`` is not found from ``dictionary``.</doc>
<status status="PASS" start="2024-06-26T04:19:21.909764" elapsed="0.000394"/>
</kw>
<kw name="Log" owner="BuiltIn">
<msg time="2024-06-26T04:19:21.910701" level="INFO">{'gender': 'male', 'name': {'title': 'Mr', 'first': 'Aadi', 'last': 'Sullad'}, 'location': {'street': {'number': 8706, 'name': 'Hazratganj'}, 'city': 'Khandwa', 'state': 'Haryana', 'country': 'India', 'postcode': 74716, 'coordinates': {'latitude': '9.0865', 'longitude': '-29.8125'}, 'timezone': {'offset': '-3:30', 'description': 'Newfoundland'}}, 'email': 'aadi.sullad@example.com', 'login': {'uuid': '0e5d575b-5473-40fb-8061-4690f4e4f7c1', 'username': 'happycat366', 'password': '098765', 'salt': 'tsDpc8Sb', 'md5': '482db412bf4b751b854fc5199e3f8f72', 'sha1': '193d0b6270ed3da2dc2e4e4f6d2cba2c8e69475b', 'sha256': '001f02fcebb21249b20d00bd60b9a441917bd7696aa1e5ba2899572b3c859a59'}, 'dob': {'date': '1968-07-10T12:21:03.884Z', 'age': 55}, 'registered': {'date': '2014-01-02T03:46:51.633Z', 'age': 10}, 'phone': '9292947013', 'cell': '9897637692', 'id': {'name': 'UIDAI', 'value': '495263104772'}, 'picture': {'large': 'https://randomuser.me/api/portraits/men/6.jpg', 'medium': 'https://randomuser.me/api/portraits/med/men/6.jpg', 'thumbnail': 'https://randomuser.me/api/portraits/thumb/men/6.jpg'}, 'nat': 'IN'}</msg>
<arg>${json_data['results'][0]}</arg>
<doc>Logs the given message with the given level.</doc>
<status status="PASS" start="2024-06-26T04:19:21.910347" elapsed="0.000401"/>
</kw>
<kw name="Log" owner="BuiltIn">
<msg time="2024-06-26T04:19:21.911176" level="INFO">email</msg>
<arg>${key}</arg>
<doc>Logs the given message with the given level.</doc>
<status status="PASS" start="2024-06-26T04:19:21.911048" elapsed="0.000166"/>
</kw>
<var name="${key}">email</var>
<status status="PASS" start="2024-06-26T04:19:21.909656" elapsed="0.001775"/>
</iter>
<iter>
<kw name="Dictionary Should Contain Key" owner="Collections">
<arg>${json_data['results'][0]}</arg>
<arg>${key}</arg>
<doc>Fails if ``key`` is not found from ``dictionary``.</doc>
<status status="PASS" start="2024-06-26T04:19:21.911708" elapsed="0.000395"/>
</kw>
<kw name="Log" owner="BuiltIn">
<msg time="2024-06-26T04:19:21.912630" level="INFO">{'gender': 'male', 'name': {'title': 'Mr', 'first': 'Aadi', 'last': 'Sullad'}, 'location': {'street': {'number': 8706, 'name': 'Hazratganj'}, 'city': 'Khandwa', 'state': 'Haryana', 'country': 'India', 'postcode': 74716, 'coordinates': {'latitude': '9.0865', 'longitude': '-29.8125'}, 'timezone': {'offset': '-3:30', 'description': 'Newfoundland'}}, 'email': 'aadi.sullad@example.com', 'login': {'uuid': '0e5d575b-5473-40fb-8061-4690f4e4f7c1', 'username': 'happycat366', 'password': '098765', 'salt': 'tsDpc8Sb', 'md5': '482db412bf4b751b854fc5199e3f8f72', 'sha1': '193d0b6270ed3da2dc2e4e4f6d2cba2c8e69475b', 'sha256': '001f02fcebb21249b20d00bd60b9a441917bd7696aa1e5ba2899572b3c859a59'}, 'dob': {'date': '1968-07-10T12:21:03.884Z', 'age': 55}, 'registered': {'date': '2014-01-02T03:46:51.633Z', 'age': 10}, 'phone': '9292947013', 'cell': '9897637692', 'id': {'name': 'UIDAI', 'value': '495263104772'}, 'picture': {'large': 'https://randomuser.me/api/portraits/men/6.jpg', 'medium': 'https://randomuser.me/api/portraits/med/men/6.jpg', 'thumbnail': 'https://randomuser.me/api/portraits/thumb/men/6.jpg'}, 'nat': 'IN'}</msg>
<arg>${json_data['results'][0]}</arg>
<doc>Logs the given message with the given level.</doc>
<status status="PASS" start="2024-06-26T04:19:21.912282" elapsed="0.000396"/>
</kw>
<kw name="Log" owner="BuiltIn">
<msg time="2024-06-26T04:19:21.913169" level="INFO">login</msg>
<arg>${key}</arg>
<doc>Logs the given message with the given level.</doc>
<status status="PASS" start="2024-06-26T04:19:21.913027" elapsed="0.000180"/>
</kw>
<var name="${key}">login</var>
<status status="PASS" start="2024-06-26T04:19:21.911600" elapsed="0.001822"/>
</iter>
<var>${key}</var>
<value>@{expected_keys}</value>
<status status="PASS" start="2024-06-26T04:19:21.903490" elapsed="0.010061"/>
</for>
<kw name="Create List" owner="BuiltIn">
<msg time="2024-06-26T04:19:21.913879" level="INFO">${expected_keysTwo} = ['username', 'password']</msg>
<var>${expected_keysTwo}</var>
<arg>username</arg>
<arg>password</arg>
<doc>Returns a list containing given items.</doc>
<status status="PASS" start="2024-06-26T04:19:21.913744" elapsed="0.000158"/>
</kw>
<for flavor="IN">
<iter>
<kw name="Dictionary Should Contain Key" owner="Collections">
<arg>${json_data['results'][0]['login']}</arg>
<arg>${keyTwo}</arg>
<doc>Fails if ``key`` is not found from ``dictionary``.</doc>
<status status="PASS" start="2024-06-26T04:19:21.914433" elapsed="0.000621"/>
</kw>
<kw name="Dictionary Should Contain Key" owner="Collections">
<arg>${json_data['results'][0]['login']}</arg>
<arg>${keyTwo}</arg>
<doc>Fails if ``key`` is not found from ``dictionary``.</doc>
<status status="PASS" start="2024-06-26T04:19:21.915322" elapsed="0.000482"/>
</kw>
<kw name="Log" owner="BuiltIn">
<msg time="2024-06-26T04:19:21.916115" level="INFO">username</msg>
<arg>${keyTwo}</arg>
<doc>Logs the given message with the given level.</doc>
<status status="PASS" start="2024-06-26T04:19:21.915989" elapsed="0.000164"/>
</kw>
<var name="${keyTwo}">username</var>
<status status="PASS" start="2024-06-26T04:19:21.914326" elapsed="0.002060"/>
</iter>
<iter>
<kw name="Dictionary Should Contain Key" owner="Collections">
<arg>${json_data['results'][0]['login']}</arg>
<arg>${keyTwo}</arg>
<doc>Fails if ``key`` is not found from ``dictionary``.</doc>
<status status="PASS" start="2024-06-26T04:19:21.916675" elapsed="0.000418"/>
</kw>
<kw name="Dictionary Should Contain Key" owner="Collections">
<arg>${json_data['results'][0]['login']}</arg>
<arg>${keyTwo}</arg>
<doc>Fails if ``key`` is not found from ``dictionary``.</doc>
<status status="PASS" start="2024-06-26T04:19:21.917275" elapsed="0.000369"/>
</kw>
<kw name="Log" owner="BuiltIn">
<msg time="2024-06-26T04:19:21.917942" level="INFO">password</msg>
<arg>${keyTwo}</arg>
<doc>Logs the given message with the given level.</doc>
<status status="PASS" start="2024-06-26T04:19:21.917821" elapsed="0.000158"/>
</kw>
<var name="${keyTwo}">password</var>
<status status="PASS" start="2024-06-26T04:19:21.916560" elapsed="0.001737"/>
</iter>
<var>${keyTwo}</var>
<value>@{expected_keysTwo}</value>
<status status="PASS" start="2024-06-26T04:19:21.914163" elapsed="0.004256"/>
</for>
<status status="PASS" start="2024-06-26T04:19:21.792396" elapsed="0.126167"/>
</kw>
<doc>Testa a estrutura da resposta da API.</doc>
<tag>testeEstruturaResposta</tag>
<status status="PASS" start="2024-06-26T04:19:21.791779" elapsed="0.126940"/>
</test>
<test id="s1-s1-t4" name="Validar tipos de dados" line="28">
<kw name="Teste de Tipos de Dados" owner="random-user-service">
<kw name="GET On Session" owner="RequestsLibrary">
<msg time="2024-06-26T04:19:22.038240" level="INFO">GET Request : url=https://randomuser.me/api 
 path_url=/api 
 headers={'User-Agent': 'python-requests/2.32.3', 'Accept-Encoding': 'gzip, deflate', 'Accept': '*/*', 'Connection': 'keep-alive'} 
 body=None 
 </msg>
<msg time="2024-06-26T04:19:22.038358" level="INFO">GET Response : url=https://randomuser.me/api 
 status=200, reason=OK 
 headers={'Date': 'Wed, 26 Jun 2024 04:19:22 GMT', 'Content-Type': 'application/json; charset=utf-8', 'Transfer-Encoding': 'chunked', 'Connection': 'keep-alive', 'X-Powered-By': 'Express', 'Access-Control-Allow-Origin': '*', 'Cache-Control': 'no-cache', 'ETag': 'W/"48f-pxeKIwfLatqLucwKr/qVcEUjPd8"', 'Vary': 'Accept-Encoding', 'Content-Encoding': 'gzip', 'CF-Cache-Status': 'DYNAMIC', 'Report-To': '{"endpoints":[{"url":"https:\\/\\/a.nel.cloudflare.com\\/report\\/v4?s=Idz3d8ZIdvLo2t3wJmYhNFulnxrcefW0llwi3GURtw%2FnvIpPX4zVSVjCOf988rnIl5ORvY0tXZUtRufLlCeonsJ3hP6UYXUTsoSDLfllG3Glk1Q9f3GcapuH2BGVpbzV"}],"group":"cf-nel","max_age":604800}', 'NEL': '{"success_fraction":0,"report_to":"cf-nel","max_age":604800}', 'Server': 'cloudflare', 'CF-RAY': '899a660e0c1b7ed2-LAX', 'alt-svc': 'h3=":443"; ma=86400'} 
 body={"results":[{"gender":"female","name":{"title":"Mrs","first":"Aleksa","last":"Adamović"},"location":{"street":{"number":1362,"name":"Miladina Bojića"},"city":"Bogatić","state":"Pirot","country":"Serbia","postcode":53440,"coordinates":{"latitude":"57.9832","longitude":"32.6432"},"timezone":{"offset":"+2:00","description":"Kaliningrad, South Africa"}},"email":"aleksa.adamovic@example.com","login":{"uuid":"00782728-7c98-42da-8cd0-3d92f2477ff0","username":"beautifulduck855","password":"stokes","salt":"XLFj1QIV","md5":"24e321010f59c4e33f06ce7e6c36c254","sha1":"d4a1960454625231d18696293215569f1315f847","sha256":"5e63a287e0044184ccfba0b10f2a75b2a1b1dbe3be87dce34029be4146b63207"},"dob":{"date":"1979-10-06T09:06:29.466Z","age":44},"registered":{"date":"2005-10-23T08:37:48.327Z","age":18},"phone":"012-4499-001","cell":"065-6379-046","id":{"name":"SID","value":"995431951"},"picture":{"large":"https://randomuser.me/api/portraits/women/94.jpg","medium":"https://randomuser.me/api/portraits/med/women/94.jpg","thumbnail":"https://randomuser.me/api/portraits/thumb/women/94.jpg"},"nat":"RS"}],"info":{"seed":"690e2617ccc55a16","results":1,"page":1,"version":"1.4"}} 
 </msg>
<msg time="2024-06-26T04:19:22.038452" level="INFO">/opt/hostedtoolcache/Python/3.12.4/x64/lib/python3.12/site-packages/urllib3/connectionpool.py:1099: InsecureRequestWarning: Unverified HTTPS request is being made to host 'randomuser.me'. Adding certificate verification is strongly advised. See: https://urllib3.readthedocs.io/en/latest/advanced-usage.html#tls-warnings
  warnings.warn(</msg>
<msg time="2024-06-26T04:19:22.038611" level="INFO">${response} = &lt;Response [200]&gt;</msg>
<var>${response}</var>
<arg>consultarAPI</arg>
<arg>/api</arg>
<doc>Sends a GET request on a previously created HTTP Session.</doc>
<status status="PASS" start="2024-06-26T04:19:21.921378" elapsed="0.117284"/>
</kw>
<kw name="Set Variable" owner="BuiltIn">
<msg time="2024-06-26T04:19:22.039959" level="INFO">${json_data} = {'results': [{'gender': 'female', 'name': {'title': 'Mrs', 'first': 'Aleksa', 'last': 'Adamović'}, 'location': {'street': {'number': 1362, 'name': 'Miladina Bojića'}, 'city': 'Bogatić', 'state': 'Piro...</msg>
<var>${json_data}</var>
<arg>${response.json()}</arg>
<doc>Returns the given values which can then be assigned to a variables.</doc>
<status status="PASS" start="2024-06-26T04:19:22.039358" elapsed="0.000636"/>
</kw>
<kw name="Log" owner="BuiltIn">
<msg time="2024-06-26T04:19:22.040475" level="INFO">{'results': [{'gender': 'female', 'name': {'title': 'Mrs', 'first': 'Aleksa', 'last': 'Adamović'}, 'location': {'street': {'number': 1362, 'name': 'Miladina Bojića'}, 'city': 'Bogatić', 'state': 'Pirot', 'country': 'Serbia', 'postcode': 53440, 'coordinates': {'latitude': '57.9832', 'longitude': '32.6432'}, 'timezone': {'offset': '+2:00', 'description': 'Kaliningrad, South Africa'}}, 'email': 'aleksa.adamovic@example.com', 'login': {'uuid': '00782728-7c98-42da-8cd0-3d92f2477ff0', 'username': 'beautifulduck855', 'password': 'stokes', 'salt': 'XLFj1QIV', 'md5': '24e321010f59c4e33f06ce7e6c36c254', 'sha1': 'd4a1960454625231d18696293215569f1315f847', 'sha256': '5e63a287e0044184ccfba0b10f2a75b2a1b1dbe3be87dce34029be4146b63207'}, 'dob': {'date': '1979-10-06T09:06:29.466Z', 'age': 44}, 'registered': {'date': '2005-10-23T08:37:48.327Z', 'age': 18}, 'phone': '012-4499-001', 'cell': '065-6379-046', 'id': {'name': 'SID', 'value': '995431951'}, 'picture': {'large': 'https://randomuser.me/api/portraits/women/94.jpg', 'medium': 'https://randomuser.me/api/portraits/med/women/94.jpg', 'thumbnail': 'https://randomuser.me/api/portraits/thumb/women/94.jpg'}, 'nat': 'RS'}], 'info': {'seed': '690e2617ccc55a16', 'results': 1, 'page': 1, 'version': '1.4'}}</msg>
<arg>${json_data}</arg>
<doc>Logs the given message with the given level.</doc>
<status status="PASS" start="2024-06-26T04:19:22.040314" elapsed="0.000211"/>
</kw>
<kw name="Should Be String" owner="String">
<arg>${json_data['results'][0]['gender']}</arg>
<doc>Fails if the given ``item`` is not a string.</doc>
<status status="PASS" start="2024-06-26T04:19:22.040863" elapsed="0.000378"/>
</kw>
<kw name="Should Match Regexp" owner="BuiltIn">
<arg>${json_data['results'][0]['email']}</arg>
<arg>^[a-zA-Z0-9._%+-]+@[a-zA-Z0-9.-]+\.[a-zA-Z]{2,}$</arg>
<doc>Fails if ``string`` does not match ``pattern`` as a regular expression.</doc>
<status status="PASS" start="2024-06-26T04:19:22.041428" elapsed="0.000522"/>
</kw>
<kw name="Should Match Regexp" owner="BuiltIn">
<arg>${json_data['results'][0]['dob']['date']}</arg>
<arg>\\d{4}-\\d{2}-\\d{2}T\\d{2}:\\d{2}:\\d{2}\\.\\d{3}Z</arg>
<doc>Fails if ``string`` does not match ``pattern`` as a regular expression.</doc>
<status status="PASS" start="2024-06-26T04:19:22.042180" elapsed="0.000481"/>
</kw>
<kw name="Should Match Regexp" owner="BuiltIn">
<arg>${json_data['results'][0]['registered']['date']}</arg>
<arg>\\d{4}-\\d{2}-\\d{2}T\\d{2}:\\d{2}:\\d{2}\\.\\d{3}Z</arg>
<doc>Fails if ``string`` does not match ``pattern`` as a regular expression.</doc>
<status status="PASS" start="2024-06-26T04:19:22.042848" elapsed="0.000361"/>
</kw>
<kw name="Should Match Regexp" owner="BuiltIn">
<arg>${json_data['results'][0]['picture']['large']}</arg>
<arg>^https?://.*\.(?:png|jpe?g|gif|bmp)$</arg>
<doc>Fails if ``string`` does not match ``pattern`` as a regular expression.</doc>
<status status="PASS" start="2024-06-26T04:19:22.043391" elapsed="0.000455"/>
</kw>
<kw name="Should Match Regexp" owner="BuiltIn">
<arg>${json_data['results'][0]['picture']['medium']}</arg>
<arg>^https?://.*\.(?:png|jpe?g|gif|bmp)$</arg>
<doc>Fails if ``string`` does not match ``pattern`` as a regular expression.</doc>
<status status="PASS" start="2024-06-26T04:19:22.044032" elapsed="0.000348"/>
</kw>
<kw name="Should Match Regexp" owner="BuiltIn">
<arg>${json_data['results'][0]['picture']['thumbnail']}</arg>
<arg>^https?://.*\.(?:png|jpe?g|gif|bmp)$</arg>
<doc>Fails if ``string`` does not match ``pattern`` as a regular expression.</doc>
<status status="PASS" start="2024-06-26T04:19:22.044561" elapsed="0.000381"/>
</kw>
<kw name="Log" owner="BuiltIn">
<msg time="2024-06-26T04:19:22.045452" level="INFO">{'large': 'https://randomuser.me/api/portraits/women/94.jpg', 'medium': 'https://randomuser.me/api/portraits/med/women/94.jpg', 'thumbnail': 'https://randomuser.me/api/portraits/thumb/women/94.jpg'}</msg>
<arg>${json_data['results'][0]['picture']}</arg>
<doc>Logs the given message with the given level.</doc>
<status status="PASS" start="2024-06-26T04:19:22.045123" elapsed="0.000372"/>
</kw>
<status status="PASS" start="2024-06-26T04:19:21.921139" elapsed="0.124615"/>
</kw>
<kw name="Teste de Tipos de Dados - Postcode" owner="random-user-service">
<kw name="GET On Session" owner="RequestsLibrary">
<msg time="2024-06-26T04:19:22.146566" level="INFO">GET Request : url=https://randomuser.me/api 
 path_url=/api 
 headers={'User-Agent': 'python-requests/2.32.3', 'Accept-Encoding': 'gzip, deflate', 'Accept': '*/*', 'Connection': 'keep-alive'} 
 body=None 
 </msg>
<msg time="2024-06-26T04:19:22.146683" level="INFO">GET Response : url=https://randomuser.me/api 
 status=200, reason=OK 
 headers={'Date': 'Wed, 26 Jun 2024 04:19:22 GMT', 'Content-Type': 'application/json; charset=utf-8', 'Transfer-Encoding': 'chunked', 'Connection': 'keep-alive', 'X-Powered-By': 'Express', 'Access-Control-Allow-Origin': '*', 'Cache-Control': 'no-cache', 'ETag': 'W/"488-tpfT9+FA6SYJL9CRSc+4WVX71Ag"', 'Vary': 'Accept-Encoding', 'Content-Encoding': 'gzip', 'CF-Cache-Status': 'DYNAMIC', 'Report-To': '{"endpoints":[{"url":"https:\\/\\/a.nel.cloudflare.com\\/report\\/v4?s=UMEmUuZ0a9iavGN7JzgfPmm%2F9QtnWdUkRHJq5ESgDN%2FAoBZkH%2F5dJi6%2B%2BTtYP7b%2FB7zkv1DOmXM7JZrHi5qBMFRpVHePa1WI28bZizIbxYq%2Beg7ZWHMeTYmV9kpgTbbK"}],"group":"cf-nel","max_age":604800}', 'NEL': '{"success_fraction":0,"report_to":"cf-nel","max_age":604800}', 'Server': 'cloudflare', 'CF-RAY': '899a660edd007ed2-LAX', 'alt-svc': 'h3=":443"; ma=86400'} 
 body={"results":[{"gender":"female","name":{"title":"Miss","first":"Nella","last":"Marttila"},"location":{"street":{"number":1235,"name":"Hämeenkatu"},"city":"Liperi","state":"Tavastia Proper","country":"Finland","postcode":55558,"coordinates":{"latitude":"-21.6146","longitude":"81.7524"},"timezone":{"offset":"-2:00","description":"Mid-Atlantic"}},"email":"nella.marttila@example.com","login":{"uuid":"a945137d-826e-486d-9874-2bcaff872237","username":"crazycat751","password":"jackson","salt":"iy5Iy22I","md5":"edc92551485b977d597fc80b7f863f5f","sha1":"1331d53de2ebebb3d5aea623f07dfce99776cf83","sha256":"f9ddcb11aa903dc33e597e93b1ef80fc26116cbddd4d864fea4764215961de7a"},"dob":{"date":"1990-03-13T05:26:32.896Z","age":34},"registered":{"date":"2015-07-10T03:15:01.760Z","age":8},"phone":"09-541-124","cell":"042-710-45-76","id":{"name":"HETU","value":"NaNNA118undefined"},"picture":{"large":"https://randomuser.me/api/portraits/women/96.jpg","medium":"https://randomuser.me/api/portraits/med/women/96.jpg","thumbnail":"https://randomuser.me/api/portraits/thumb/women/96.jpg"},"nat":"FI"}],"info":{"seed":"b7c865c2253e0412","results":1,"page":1,"version":"1.4"}} 
 </msg>
<msg time="2024-06-26T04:19:22.146772" level="INFO">/opt/hostedtoolcache/Python/3.12.4/x64/lib/python3.12/site-packages/urllib3/connectionpool.py:1099: InsecureRequestWarning: Unverified HTTPS request is being made to host 'randomuser.me'. Adding certificate verification is strongly advised. See: https://urllib3.readthedocs.io/en/latest/advanced-usage.html#tls-warnings
  warnings.warn(</msg>
<msg time="2024-06-26T04:19:22.146928" level="INFO">${response} = &lt;Response [200]&gt;</msg>
<var>${response}</var>
<arg>consultarAPI</arg>
<arg>/api</arg>
<doc>Sends a GET request on a previously created HTTP Session.</doc>
<status status="PASS" start="2024-06-26T04:19:22.046216" elapsed="0.100761"/>
</kw>
<kw name="Set Variable" owner="BuiltIn">
<msg time="2024-06-26T04:19:22.148277" level="INFO">${json_data} = {'results': [{'gender': 'female', 'name': {'title': 'Miss', 'first': 'Nella', 'last': 'Marttila'}, 'location': {'street': {'number': 1235, 'name': 'Hämeenkatu'}, 'city': 'Liperi', 'state': 'Tavastia P...</msg>
<var>${json_data}</var>
<arg>${response.json()}</arg>
<doc>Returns the given values which can then be assigned to a variables.</doc>
<status status="PASS" start="2024-06-26T04:19:22.147673" elapsed="0.000633"/>
</kw>
<kw name="Log" owner="BuiltIn">
<msg time="2024-06-26T04:19:22.148829" level="INFO">{'results': [{'gender': 'female', 'name': {'title': 'Miss', 'first': 'Nella', 'last': 'Marttila'}, 'location': {'street': {'number': 1235, 'name': 'Hämeenkatu'}, 'city': 'Liperi', 'state': 'Tavastia Proper', 'country': 'Finland', 'postcode': 55558, 'coordinates': {'latitude': '-21.6146', 'longitude': '81.7524'}, 'timezone': {'offset': '-2:00', 'description': 'Mid-Atlantic'}}, 'email': 'nella.marttila@example.com', 'login': {'uuid': 'a945137d-826e-486d-9874-2bcaff872237', 'username': 'crazycat751', 'password': 'jackson', 'salt': 'iy5Iy22I', 'md5': 'edc92551485b977d597fc80b7f863f5f', 'sha1': '1331d53de2ebebb3d5aea623f07dfce99776cf83', 'sha256': 'f9ddcb11aa903dc33e597e93b1ef80fc26116cbddd4d864fea4764215961de7a'}, 'dob': {'date': '1990-03-13T05:26:32.896Z', 'age': 34}, 'registered': {'date': '2015-07-10T03:15:01.760Z', 'age': 8}, 'phone': '09-541-124', 'cell': '042-710-45-76', 'id': {'name': 'HETU', 'value': 'NaNNA118undefined'}, 'picture': {'large': 'https://randomuser.me/api/portraits/women/96.jpg', 'medium': 'https://randomuser.me/api/portraits/med/women/96.jpg', 'thumbnail': 'https://randomuser.me/api/portraits/thumb/women/96.jpg'}, 'nat': 'FI'}], 'info': {'seed': 'b7c865c2253e0412', 'results': 1, 'page': 1, 'version': '1.4'}}</msg>
<arg>${json_data}</arg>
<doc>Logs the given message with the given level.</doc>
<status status="PASS" start="2024-06-26T04:19:22.148624" elapsed="0.000256"/>
</kw>
<kw name="Should Be Equal As Numbers" owner="BuiltIn">
<arg>${json_data['results'][0]['location']['postcode']}</arg>
<arg>${json_data['results'][0]['location']['postcode']}</arg>
<doc>Fails if objects are unequal after converting them to real numbers.</doc>
<status status="PASS" start="2024-06-26T04:19:22.149185" elapsed="0.000622"/>
</kw>
<kw name="Log" owner="BuiltIn">
<msg time="2024-06-26T04:19:22.150517" level="INFO">55558</msg>
<arg>${json_data['results'][0]['location']['postcode']}</arg>
<doc>Logs the given message with the given level.</doc>
<status status="PASS" start="2024-06-26T04:19:22.149998" elapsed="0.000560"/>
</kw>
<status status="PASS" start="2024-06-26T04:19:22.045981" elapsed="0.104852"/>
</kw>
<doc>Testa se os tipos de dados na resposta da API estão corretos.</doc>
<tag>testeTiposDados</tag>
<status status="PASS" start="2024-06-26T04:19:21.920533" elapsed="0.230502"/>
</test>
<test id="s1-s1-t5" name="Validar conteudo" line="35">
<kw name="Teste de Tipos de Conteudo" owner="random-user-service">
<kw name="GET On Session" owner="RequestsLibrary">
<msg time="2024-06-26T04:19:22.252218" level="INFO">GET Request : url=https://randomuser.me/api 
 path_url=/api 
 headers={'User-Agent': 'python-requests/2.32.3', 'Accept-Encoding': 'gzip, deflate', 'Accept': '*/*', 'Connection': 'keep-alive'} 
 body=None 
 </msg>
<msg time="2024-06-26T04:19:22.252320" level="INFO">GET Response : url=https://randomuser.me/api 
 status=200, reason=OK 
 headers={'Date': 'Wed, 26 Jun 2024 04:19:22 GMT', 'Content-Type': 'application/json; charset=utf-8', 'Transfer-Encoding': 'chunked', 'Connection': 'keep-alive', 'X-Powered-By': 'Express', 'Access-Control-Allow-Origin': '*', 'Cache-Control': 'no-cache', 'ETag': 'W/"47b-gIE6rvtPTyrN7bYNmWoP0UBRFZ0"', 'Vary': 'Accept-Encoding', 'Content-Encoding': 'gzip', 'CF-Cache-Status': 'DYNAMIC', 'Report-To': '{"endpoints":[{"url":"https:\\/\\/a.nel.cloudflare.com\\/report\\/v4?s=2jr6CrzZxfym1Qi817cpkdzKRkgawbzImDJGpT2zhkg%2FIK0Su8LDfGNciIrCttBDdLwgNVHaGyKQlBNBo8UhRIN5RcYTn%2BL7bbpsTFNasOlxSSg6GZS%2FQOFoOvR35yxZ"}],"group":"cf-nel","max_age":604800}', 'NEL': '{"success_fraction":0,"report_to":"cf-nel","max_age":604800}', 'Server': 'cloudflare', 'CF-RAY': '899a660f7dc37ed2-LAX', 'alt-svc': 'h3=":443"; ma=86400'} 
 body={"results":[{"gender":"male","name":{"title":"Mr","first":"Murat","last":"Tanrıkulu"},"location":{"street":{"number":6571,"name":"Filistin Cd"},"city":"Kayseri","state":"Gaziantep","country":"Turkey","postcode":97214,"coordinates":{"latitude":"71.2316","longitude":"-44.7196"},"timezone":{"offset":"+2:00","description":"Kaliningrad, South Africa"}},"email":"murat.tanrikulu@example.com","login":{"uuid":"bc8a975f-acfe-4562-b6e8-cf8023c89160","username":"tinyleopard804","password":"hershey","salt":"NY73tAjS","md5":"561f5425f2b33972c614a48c8604dab3","sha1":"52a221e93df4447aab0ae65b43e6c752dc2fcba7","sha256":"287c305e6c4af67382f718be18cf2cf3851c21baaa19c37459d02b7b12436593"},"dob":{"date":"1997-12-08T11:42:19.647Z","age":26},"registered":{"date":"2013-01-04T17:18:53.024Z","age":11},"phone":"(127)-550-3037","cell":"(815)-678-3118","id":{"name":"","value":null},"picture":{"large":"https://randomuser.me/api/portraits/men/5.jpg","medium":"https://randomuser.me/api/portraits/med/men/5.jpg","thumbnail":"https://randomuser.me/api/portraits/thumb/men/5.jpg"},"nat":"TR"}],"info":{"seed":"e9af4ba3cc02721f","results":1,"page":1,"version":"1.4"}} 
 </msg>
<msg time="2024-06-26T04:19:22.252396" level="INFO">/opt/hostedtoolcache/Python/3.12.4/x64/lib/python3.12/site-packages/urllib3/connectionpool.py:1099: InsecureRequestWarning: Unverified HTTPS request is being made to host 'randomuser.me'. Adding certificate verification is strongly advised. See: https://urllib3.readthedocs.io/en/latest/advanced-usage.html#tls-warnings
  warnings.warn(</msg>
<msg time="2024-06-26T04:19:22.252530" level="INFO">${response} = &lt;Response [200]&gt;</msg>
<var>${response}</var>
<arg>consultarAPI</arg>
<arg>/api</arg>
<doc>Sends a GET request on a previously created HTTP Session.</doc>
<status status="PASS" start="2024-06-26T04:19:22.153657" elapsed="0.098916"/>
</kw>
<kw name="Set Variable" owner="BuiltIn">
<msg time="2024-06-26T04:19:22.253831" level="INFO">${json_data} = {'results': [{'gender': 'male', 'name': {'title': 'Mr', 'first': 'Murat', 'last': 'Tanrıkulu'}, 'location': {'street': {'number': 6571, 'name': 'Filistin Cd'}, 'city': 'Kayseri', 'state': 'Gaziantep',...</msg>
<var>${json_data}</var>
<arg>${response.json()}</arg>
<doc>Returns the given values which can then be assigned to a variables.</doc>
<status status="PASS" start="2024-06-26T04:19:22.253265" elapsed="0.000597"/>
</kw>
<kw name="Set Variable" owner="BuiltIn">
<msg time="2024-06-26T04:19:22.254560" level="INFO">${name_title} = Mr</msg>
<var>${name_title}</var>
<arg>${json_data["results"][0]["name"]["title"]}</arg>
<doc>Returns the given values which can then be assigned to a variables.</doc>
<status status="PASS" start="2024-06-26T04:19:22.254179" elapsed="0.000407"/>
</kw>
<kw name="Create List" owner="BuiltIn">
<msg time="2024-06-26T04:19:22.255025" level="INFO">${allowed_titles} = ['Mr', 'Ms', 'Miss', 'Mrs', 'Madame', 'Monsieur']</msg>
<var>${allowed_titles}</var>
<arg>Mr</arg>
<arg>Ms</arg>
<arg>Miss</arg>
<arg>Mrs</arg>
<arg>Madame</arg>
<arg>Monsieur</arg>
<doc>Returns a list containing given items.</doc>
<status status="PASS" start="2024-06-26T04:19:22.254878" elapsed="0.000171"/>
</kw>
<kw name="List Should Contain Value" owner="Collections">
<arg>${allowed_titles}</arg>
<arg>${name_title}</arg>
<doc>Fails if the ``value`` is not found from ``list``.</doc>
<status status="PASS" start="2024-06-26T04:19:22.255345" elapsed="0.000186"/>
</kw>
<kw name="Set Variable" owner="BuiltIn">
<msg time="2024-06-26T04:19:22.256073" level="INFO">${name_country} = TR</msg>
<var>${name_country}</var>
<arg>${json_data["results"][0]["nat"]}</arg>
<doc>Returns the given values which can then be assigned to a variables.</doc>
<status status="PASS" start="2024-06-26T04:19:22.255709" elapsed="0.000388"/>
</kw>
<kw name="Create List" owner="BuiltIn">
<msg time="2024-06-26T04:19:22.257014" level="INFO">${list_country} = ['AD', 'AE', 'AF', 'AG', 'AI', 'AL', 'AM', 'AO', 'AQ', 'AR', 'AS', 'AT', 'AU', 'AW', 'AX', 'AZ', 'BA', 'BB', 'BD', 'BE', 'BF', 'BG', 'BH', 'BI', 'BJ', 'BL', 'BM', 'BN', 'BO', 'BQ', 'BR', 'BS', 'BT', '...</msg>
<var>${list_country}</var>
<arg>AD</arg>
<arg>AE</arg>
<arg>AF</arg>
<arg>AG</arg>
<arg>AI</arg>
<arg>AL</arg>
<arg>AM</arg>
<arg>AO</arg>
<arg>AQ</arg>
<arg>AR</arg>
<arg>AS</arg>
<arg>AT</arg>
<arg>AU</arg>
<arg>AW</arg>
<arg>AX</arg>
<arg>AZ</arg>
<arg>BA</arg>
<arg>BB</arg>
<arg>BD</arg>
<arg>BE</arg>
<arg>BF</arg>
<arg>BG</arg>
<arg>BH</arg>
<arg>BI</arg>
<arg>BJ</arg>
<arg>BL</arg>
<arg>BM</arg>
<arg>BN</arg>
<arg>BO</arg>
<arg>BQ</arg>
<arg>BR</arg>
<arg>BS</arg>
<arg>BT</arg>
<arg>BV</arg>
<arg>BW</arg>
<arg>BY</arg>
<arg>BZ</arg>
<arg>CA</arg>
<arg>CC</arg>
<arg>CD</arg>
<arg>CF</arg>
<arg>CG</arg>
<arg>CH</arg>
<arg>CI</arg>
<arg>CK</arg>
<arg>CL</arg>
<arg>CM</arg>
<arg>CN</arg>
<arg>CO</arg>
<arg>CR</arg>
<arg>CU</arg>
<arg>CV</arg>
<arg>CW</arg>
<arg>CX</arg>
<arg>CY</arg>
<arg>CZ</arg>
<arg>DE</arg>
<arg>DJ</arg>
<arg>DK</arg>
<arg>DM</arg>
<arg>DO</arg>
<arg>DZ</arg>
<arg>EC</arg>
<arg>EE</arg>
<arg>EG</arg>
<arg>EH</arg>
<arg>ER</arg>
<arg>ES</arg>
<arg>ET</arg>
<arg>FI</arg>
<arg>FJ</arg>
<arg>FK</arg>
<arg>FM</arg>
<arg>FO</arg>
<arg>FR</arg>
<arg>GA</arg>
<arg>GB</arg>
<arg>GD</arg>
<arg>GE</arg>
<arg>GF</arg>
<arg>GG</arg>
<arg>GH</arg>
<arg>GI</arg>
<arg>GL</arg>
<arg>GM</arg>
<arg>GN</arg>
<arg>GP</arg>
<arg>GQ</arg>
<arg>GR</arg>
<arg>GS</arg>
<arg>GT</arg>
<arg>GU</arg>
<arg>GW</arg>
<arg>GY</arg>
<arg>HK</arg>
<arg>HM</arg>
<arg>HN</arg>
<arg>HR</arg>
<arg>HT</arg>
<arg>HU</arg>
<arg>ID</arg>
<arg>IE</arg>
<arg>IL</arg>
<arg>IM</arg>
<arg>IN</arg>
<arg>IO</arg>
<arg>IQ</arg>
<arg>IR</arg>
<arg>IS</arg>
<arg>IT</arg>
<arg>JE</arg>
<arg>JM</arg>
<arg>JO</arg>
<arg>JP</arg>
<arg>KE</arg>
<arg>KG</arg>
<arg>KH</arg>
<arg>KI</arg>
<arg>KM</arg>
<arg>KN</arg>
<arg>KP</arg>
<arg>KR</arg>
<arg>KW</arg>
<arg>KY</arg>
<arg>KZ</arg>
<arg>LA</arg>
<arg>LB</arg>
<arg>LC</arg>
<arg>LI</arg>
<arg>LK</arg>
<arg>LR</arg>
<arg>LS</arg>
<arg>LT</arg>
<arg>LU</arg>
<arg>LV</arg>
<arg>LY</arg>
<arg>MA</arg>
<arg>MC</arg>
<arg>MD</arg>
<arg>ME</arg>
<arg>MF</arg>
<arg>MG</arg>
<arg>MH</arg>
<arg>MK</arg>
<arg>ML</arg>
<arg>MM</arg>
<arg>MN</arg>
<arg>MO</arg>
<arg>MP</arg>
<arg>MQ</arg>
<arg>MR</arg>
<arg>MS</arg>
<arg>MT</arg>
<arg>MU</arg>
<arg>MV</arg>
<arg>MW</arg>
<arg>MX</arg>
<arg>MY</arg>
<arg>MZ</arg>
<arg>NA</arg>
<arg>NC</arg>
<arg>NE</arg>
<arg>NF</arg>
<arg>NG</arg>
<arg>NI</arg>
<arg>NL</arg>
<arg>NO</arg>
<arg>NP</arg>
<arg>NR</arg>
<arg>NU</arg>
<arg>NZ</arg>
<arg>OM</arg>
<arg>PA</arg>
<arg>PE</arg>
<arg>PF</arg>
<arg>PG</arg>
<arg>PH</arg>
<arg>PK</arg>
<arg>PL</arg>
<arg>PM</arg>
<arg>PN</arg>
<arg>PR</arg>
<arg>PS</arg>
<arg>PT</arg>
<arg>PW</arg>
<arg>PY</arg>
<arg>QA</arg>
<arg>RE</arg>
<arg>RO</arg>
<arg>RS</arg>
<arg>RU</arg>
<arg>RW</arg>
<arg>SA</arg>
<arg>SB</arg>
<arg>SC</arg>
<arg>SD</arg>
<arg>SE</arg>
<arg>SG</arg>
<arg>SH</arg>
<arg>SI</arg>
<arg>SJ</arg>
<arg>SK</arg>
<arg>SL</arg>
<arg>SM</arg>
<arg>SN</arg>
<arg>SO</arg>
<arg>SR</arg>
<arg>SS</arg>
<arg>ST</arg>
<arg>SV</arg>
<arg>SX</arg>
<arg>SY</arg>
<arg>SZ</arg>
<arg>TC</arg>
<arg>TD</arg>
<arg>TF</arg>
<arg>TG</arg>
<arg>TH</arg>
<arg>TJ</arg>
<arg>TK</arg>
<arg>TL</arg>
<arg>TM</arg>
<arg>TN</arg>
<arg>TO</arg>
<arg>TR</arg>
<arg>TT</arg>
<arg>TV</arg>
<arg>TW</arg>
<arg>TZ</arg>
<arg>UA</arg>
<arg>UG</arg>
<arg>UM</arg>
<arg>US</arg>
<arg>UY</arg>
<arg>UZ</arg>
<arg>VA</arg>
<arg>VC</arg>
<arg>VE</arg>
<arg>VG</arg>
<arg>VI</arg>
<arg>VN</arg>
<arg>VU</arg>
<arg>WF</arg>
<arg>WS</arg>
<arg>XK</arg>
<arg>YE</arg>
<arg>YT</arg>
<arg>ZA</arg>
<arg>ZM</arg>
<arg>ZW</arg>
<doc>Returns a list containing given items.</doc>
<status status="PASS" start="2024-06-26T04:19:22.256384" elapsed="0.000656"/>
</kw>
<kw name="List Should Contain Value" owner="Collections">
<arg>${list_country}</arg>
<arg>${name_country}</arg>
<doc>Fails if the ``value`` is not found from ``list``.</doc>
<status status="PASS" start="2024-06-26T04:19:22.257840" elapsed="0.000203"/>
</kw>
<kw name="Run Keyword If" owner="BuiltIn">
<kw name="Should Be True" owner="BuiltIn">
<arg>${True}</arg>
<doc>Fails if the given condition is not true.</doc>
<status status="PASS" start="2024-06-26T04:19:22.258981" elapsed="0.000143"/>
</kw>
<arg>${json_data["results"][0]["location"]["coordinates"]["latitude"]} &gt;= -90 and ${json_data["results"][0]["location"]["coordinates"]["latitude"]} &lt;= 90</arg>
<arg>Should Be True</arg>
<arg>${True}</arg>
<doc>Runs the given keyword with the given arguments, if ``condition`` is true.</doc>
<status status="PASS" start="2024-06-26T04:19:22.258238" elapsed="0.001011"/>
</kw>
<kw name="Run Keyword If" owner="BuiltIn">
<kw name="Should Be True" owner="BuiltIn">
<arg>${True}</arg>
<doc>Fails if the given condition is not true.</doc>
<status status="PASS" start="2024-06-26T04:19:22.260116" elapsed="0.000245"/>
</kw>
<arg>${json_data["results"][0]["location"]["coordinates"]["longitude"]} &gt;= -180 and ${json_data["results"][0]["location"]["coordinates"]["longitude"]} &lt;= 180</arg>
<arg>Should Be True</arg>
<arg>${True}</arg>
<doc>Runs the given keyword with the given arguments, if ``condition`` is true.</doc>
<status status="PASS" start="2024-06-26T04:19:22.259428" elapsed="0.001062"/>
</kw>
<status status="PASS" start="2024-06-26T04:19:22.153423" elapsed="0.107204"/>
</kw>
<doc>Testa o conteúdo específico dos campos retornados pela API.</doc>
<tag>testeConteudo</tag>
<status status="PASS" start="2024-06-26T04:19:22.152868" elapsed="0.107948"/>
</test>
<status status="PASS" start="2024-06-26T04:19:21.056941" elapsed="1.205926"/>
</suite>
<status status="PASS" start="2024-06-26T04:19:21.035066" elapsed="1.233234"/>
</suite>
<statistics>
<total>
<stat pass="5" fail="0" skip="0">All Tests</stat>
</total>
<tag>
<stat pass="1" fail="0" skip="0">testeConteudo</stat>
<stat pass="1" fail="0" skip="0">testeEstruturaResposta</stat>
<stat pass="1" fail="0" skip="0">testeRequisicaoBasica</stat>
<stat pass="1" fail="0" skip="0">testeTiposDados</stat>
</tag>
<suite>
<stat pass="5" fail="0" skip="0" id="s1" name="Tests">Tests</stat>
<stat pass="5" fail="0" skip="0" id="s1-s1" name="Random-User-Test">Tests.Random-User-Test</stat>
</suite>
</statistics>
<errors>
</errors>
</robot>
