<?xml version="1.0" encoding="UTF-8"?>
<robot generator="Robot 7.0.1 (Python 3.12.4 on linux)" generated="2024-07-26T13:18:07.024645" rpa="false" schemaversion="5">
<suite id="s1" name="Tests" source="/home/runner/work/ApiRandomUser/ApiRandomUser/RamdonUser/tests">
<suite id="s1-s1" name="Random-User-Test" source="/home/runner/work/ApiRandomUser/ApiRandomUser/RamdonUser/tests/random-user-test.robot">
<test id="s1-s1-t1" name="Conectar" line="13">
<kw name="Conectar API" owner="random-user-service">
<kw name="Create Session" owner="RequestsLibrary">
<msg time="2024-07-26T13:18:07.416406" level="INFO">Creating Session using : alias=consultarAPI, url=https://randomuser.me/, headers={},                     cookies={}, auth=None, timeout=None, proxies=None, verify=False,                     debug=0 </msg>
<arg>consultarAPI</arg>
<arg>${URL}</arg>
<doc>Create Session: create a HTTP session to a server</doc>
<status status="PASS" start="2024-07-26T13:18:07.416203" elapsed="0.000387"/>
</kw>
<status status="PASS" start="2024-07-26T13:18:07.415114" elapsed="0.001834"/>
</kw>
<status status="PASS" start="2024-07-26T13:18:07.414470" elapsed="0.002670"/>
</test>
<test id="s1-s1-t2" name="Validar retorno 200 e JSON Válido" line="16">
<kw name="Teste de Requisicao Basica" owner="random-user-service">
<kw name="GET On Session" owner="RequestsLibrary">
<msg time="2024-07-26T13:18:07.549304" level="INFO">GET Request : url=https://randomuser.me/api 
 path_url=/api 
 headers={'User-Agent': 'python-requests/2.32.3', 'Accept-Encoding': 'gzip, deflate', 'Accept': '*/*', 'Connection': 'keep-alive'} 
 body=None 
 </msg>
<msg time="2024-07-26T13:18:07.549470" level="INFO">GET Response : url=https://randomuser.me/api 
 status=200, reason=OK 
 headers={'Date': 'Fri, 26 Jul 2024 13:18:07 GMT', 'Content-Type': 'application/json; charset=utf-8', 'Transfer-Encoding': 'chunked', 'Connection': 'keep-alive', 'X-Powered-By': 'Express', 'Access-Control-Allow-Origin': '*', 'Cache-Control': 'no-cache', 'ETag': 'W/"485-n74p4NsaTD77sraLuh7nQ98aGEE"', 'Vary': 'Accept-Encoding', 'Content-Encoding': 'gzip', 'CF-Cache-Status': 'DYNAMIC', 'Report-To': '{"endpoints":[{"url":"https:\\/\\/a.nel.cloudflare.com\\/report\\/v4?s=tPOfCmdFPujAIIpn8OCI3PO02uN8NBRuGFIMVQr3nCPmJnlRhGp5TwCYy5SknWC399OxP31f%2BWMmVfvgRUj6G2EfFQI4ZMGGoJV7kvlzBnGl0L7AtkeRdbTAi1NtHAVL"}],"group":"cf-nel","max_age":604800}', 'NEL': '{"success_fraction":0,"report_to":"cf-nel","max_age":604800}', 'Server': 'cloudflare', 'CF-RAY': '8a94ac808c037e2a-SJC', 'alt-svc': 'h3=":443"; ma=86400'} 
 body={"results":[{"gender":"male","name":{"title":"Mr","first":"Akash","last":"Chiplunkar"},"location":{"street":{"number":27,"name":"Tank Bund Rd"},"city":"Singrauli","state":"Uttarakhand","country":"India","postcode":64723,"coordinates":{"latitude":"5.0341","longitude":"-82.9041"},"timezone":{"offset":"-7:00","description":"Mountain Time (US &amp; Canada)"}},"email":"akash.chiplunkar@example.com","login":{"uuid":"1320fdf9-38f6-43c0-beec-53f665e75676","username":"tinysnake385","password":"thumbs","salt":"mI9yoUcm","md5":"8338a0e9c61984385a7998acf81b9020","sha1":"184b9404b90d8840e3f397a7444923f85f50ac8c","sha256":"83941a2cafbd9057c510e5452f3002eefe29d1ac9265975d8b0470c6585e2503"},"dob":{"date":"1957-11-15T04:36:15.970Z","age":66},"registered":{"date":"2022-01-06T02:09:32.062Z","age":2},"phone":"8394334407","cell":"8469225999","id":{"name":"UIDAI","value":"841468171425"},"picture":{"large":"https://randomuser.me/api/portraits/men/41.jpg","medium":"https://randomuser.me/api/portraits/med/men/41.jpg","thumbnail":"https://randomuser.me/api/portraits/thumb/men/41.jpg"},"nat":"IN"}],"info":{"seed":"08727e578feeca5f","results":1,"page":1,"version":"1.4"}} 
 </msg>
<msg time="2024-07-26T13:18:07.549569" level="INFO">/opt/hostedtoolcache/Python/3.12.4/x64/lib/python3.12/site-packages/urllib3/connectionpool.py:1099: InsecureRequestWarning: Unverified HTTPS request is being made to host 'randomuser.me'. Adding certificate verification is strongly advised. See: https://urllib3.readthedocs.io/en/latest/advanced-usage.html#tls-warnings
  warnings.warn(</msg>
<msg time="2024-07-26T13:18:07.549735" level="INFO">${response} = &lt;Response [200]&gt;</msg>
<var>${response}</var>
<arg>consultarAPI</arg>
<arg>/api</arg>
<doc>Sends a GET request on a previously created HTTP Session.</doc>
<status status="PASS" start="2024-07-26T13:18:07.419790" elapsed="0.129980"/>
</kw>
<kw name="Should Be Equal As Numbers" owner="BuiltIn">
<msg time="2024-07-26T13:18:07.550667" level="INFO">Argument types are:
&lt;class 'int'&gt;
&lt;class 'str'&gt;</msg>
<arg>${response.status_code}</arg>
<arg>200</arg>
<doc>Fails if objects are unequal after converting them to real numbers.</doc>
<status status="PASS" start="2024-07-26T13:18:07.550220" elapsed="0.000512"/>
</kw>
<kw name="Log" owner="BuiltIn">
<msg time="2024-07-26T13:18:07.551421" level="INFO">200</msg>
<arg>${response.status_code}</arg>
<doc>Logs the given message with the given level.</doc>
<status status="PASS" start="2024-07-26T13:18:07.551063" elapsed="0.000401"/>
</kw>
<kw name="Set Variable" owner="BuiltIn">
<msg time="2024-07-26T13:18:07.552244" level="INFO">${json_data} = {'results': [{'gender': 'male', 'name': {'title': 'Mr', 'first': 'Akash', 'last': 'Chiplunkar'}, 'location': {'street': {'number': 27, 'name': 'Tank Bund Rd'}, 'city': 'Singrauli', 'state': 'Uttarakha...</msg>
<var>${json_data}</var>
<arg>${response.json()}</arg>
<doc>Returns the given values which can then be assigned to a variables.</doc>
<status status="PASS" start="2024-07-26T13:18:07.551772" elapsed="0.000502"/>
</kw>
<kw name="Dictionary Should Contain Key" owner="Collections">
<arg>${json_data}</arg>
<arg>results</arg>
<doc>Fails if ``key`` is not found from ``dictionary``.</doc>
<status status="PASS" start="2024-07-26T13:18:07.552584" elapsed="0.000320"/>
</kw>
<status status="PASS" start="2024-07-26T13:18:07.419550" elapsed="0.133510"/>
</kw>
<doc>Testa se a API responde corretamente e retorna um objeto JSON válido.</doc>
<tag>testeRequisicaoBasica</tag>
<status status="PASS" start="2024-07-26T13:18:07.418986" elapsed="0.134247"/>
</test>
<test id="s1-s1-t3" name="Validar estrutura de resposta" line="22">
<kw name="Teste de Estrutura de Resposta" owner="random-user-service">
<kw name="GET On Session" owner="RequestsLibrary">
<msg time="2024-07-26T13:18:07.868494" level="INFO">GET Request : url=https://randomuser.me/api 
 path_url=/api 
 headers={'User-Agent': 'python-requests/2.32.3', 'Accept-Encoding': 'gzip, deflate', 'Accept': '*/*', 'Connection': 'keep-alive'} 
 body=None 
 </msg>
<msg time="2024-07-26T13:18:07.868591" level="INFO">GET Response : url=https://randomuser.me/api 
 status=200, reason=OK 
 headers={'Date': 'Fri, 26 Jul 2024 13:18:07 GMT', 'Content-Type': 'application/json; charset=utf-8', 'Transfer-Encoding': 'chunked', 'Connection': 'keep-alive', 'X-Powered-By': 'Express', 'Access-Control-Allow-Origin': '*', 'Cache-Control': 'no-cache', 'ETag': 'W/"497-h+FrYoipwm+BA70XzP39zOtFEZs"', 'Vary': 'Accept-Encoding', 'Content-Encoding': 'gzip', 'CF-Cache-Status': 'DYNAMIC', 'Report-To': '{"endpoints":[{"url":"https:\\/\\/a.nel.cloudflare.com\\/report\\/v4?s=8mNvDnD7Nr7kxKD1F1f4pdPxQmOGp8tkobszRe1cf7oUAvOXAkBTc65HUKj3fH372CVmwdUrOyC38m%2BzxYWQTLtsuB%2Bc2Nckq8AFAofHul8ZVeg8i7IM%2BXUoEFpcZ5lr"}],"group":"cf-nel","max_age":604800}', 'NEL': '{"success_fraction":0,"report_to":"cf-nel","max_age":604800}', 'Server': 'cloudflare', 'CF-RAY': '8a94ac813c767e2a-SJC', 'alt-svc': 'h3=":443"; ma=86400'} 
 body={"results":[{"gender":"female","name":{"title":"Mrs","first":"Capucine","last":"Leroy"},"location":{"street":{"number":9098,"name":"Route de Genas"},"city":"Nantes","state":"Loire-Atlantique","country":"France","postcode":93289,"coordinates":{"latitude":"-13.7387","longitude":"67.5557"},"timezone":{"offset":"+9:30","description":"Adelaide, Darwin"}},"email":"capucine.leroy@example.com","login":{"uuid":"296ee599-e70f-4bb2-bb6f-92356883bc37","username":"whitemeercat255","password":"gerald","salt":"Bc0RRinT","md5":"552a215812f1c7e67d823a2d86451f7b","sha1":"8f27c4ab6df9bf9c959484dcabdf4e11796cd12e","sha256":"fca6358acff89820afd3995d765edf1d9137b79f980a6eb3c81c57f17d7cd4ab"},"dob":{"date":"1958-05-18T04:40:38.325Z","age":66},"registered":{"date":"2009-09-20T23:53:10.796Z","age":14},"phone":"03-52-77-24-78","cell":"06-78-62-28-38","id":{"name":"INSEE","value":"2580489937691 62"},"picture":{"large":"https://randomuser.me/api/portraits/women/39.jpg","medium":"https://randomuser.me/api/portraits/med/women/39.jpg","thumbnail":"https://randomuser.me/api/portraits/thumb/women/39.jpg"},"nat":"FR"}],"info":{"seed":"652b31b49f69dfce","results":1,"page":1,"version":"1.4"}} 
 </msg>
<msg time="2024-07-26T13:18:07.868717" level="INFO">/opt/hostedtoolcache/Python/3.12.4/x64/lib/python3.12/site-packages/urllib3/connectionpool.py:1099: InsecureRequestWarning: Unverified HTTPS request is being made to host 'randomuser.me'. Adding certificate verification is strongly advised. See: https://urllib3.readthedocs.io/en/latest/advanced-usage.html#tls-warnings
  warnings.warn(</msg>
<msg time="2024-07-26T13:18:07.868860" level="INFO">${response} = &lt;Response [200]&gt;</msg>
<var>${response}</var>
<arg>consultarAPI</arg>
<arg>/api</arg>
<doc>Sends a GET request on a previously created HTTP Session.</doc>
<status status="PASS" start="2024-07-26T13:18:07.555809" elapsed="0.313087"/>
</kw>
<kw name="Set Variable" owner="BuiltIn">
<msg time="2024-07-26T13:18:07.869867" level="INFO">${json_data} = {'results': [{'gender': 'female', 'name': {'title': 'Mrs', 'first': 'Capucine', 'last': 'Leroy'}, 'location': {'street': {'number': 9098, 'name': 'Route de Genas'}, 'city': 'Nantes', 'state': 'Loire-A...</msg>
<var>${json_data}</var>
<arg>${response.json()}</arg>
<doc>Returns the given values which can then be assigned to a variables.</doc>
<status status="PASS" start="2024-07-26T13:18:07.869369" elapsed="0.000526"/>
</kw>
<kw name="Log" owner="BuiltIn">
<msg time="2024-07-26T13:18:07.870363" level="INFO">{'results': [{'gender': 'female', 'name': {'title': 'Mrs', 'first': 'Capucine', 'last': 'Leroy'}, 'location': {'street': {'number': 9098, 'name': 'Route de Genas'}, 'city': 'Nantes', 'state': 'Loire-Atlantique', 'country': 'France', 'postcode': 93289, 'coordinates': {'latitude': '-13.7387', 'longitude': '67.5557'}, 'timezone': {'offset': '+9:30', 'description': 'Adelaide, Darwin'}}, 'email': 'capucine.leroy@example.com', 'login': {'uuid': '296ee599-e70f-4bb2-bb6f-92356883bc37', 'username': 'whitemeercat255', 'password': 'gerald', 'salt': 'Bc0RRinT', 'md5': '552a215812f1c7e67d823a2d86451f7b', 'sha1': '8f27c4ab6df9bf9c959484dcabdf4e11796cd12e', 'sha256': 'fca6358acff89820afd3995d765edf1d9137b79f980a6eb3c81c57f17d7cd4ab'}, 'dob': {'date': '1958-05-18T04:40:38.325Z', 'age': 66}, 'registered': {'date': '2009-09-20T23:53:10.796Z', 'age': 14}, 'phone': '03-52-77-24-78', 'cell': '06-78-62-28-38', 'id': {'name': 'INSEE', 'value': '2580489937691 62'}, 'picture': {'large': 'https://randomuser.me/api/portraits/women/39.jpg', 'medium': 'https://randomuser.me/api/portraits/med/women/39.jpg', 'thumbnail': 'https://randomuser.me/api/portraits/thumb/women/39.jpg'}, 'nat': 'FR'}], 'info': {'seed': '652b31b49f69dfce', 'results': 1, 'page': 1, 'version': '1.4'}}</msg>
<arg>${json_data}</arg>
<doc>Logs the given message with the given level.</doc>
<status status="PASS" start="2024-07-26T13:18:07.870199" elapsed="0.000211"/>
</kw>
<kw name="Dictionary Should Contain Key" owner="Collections">
<arg>${json_data}</arg>
<arg>results</arg>
<doc>Fails if ``key`` is not found from ``dictionary``.</doc>
<status status="PASS" start="2024-07-26T13:18:07.870695" elapsed="0.000162"/>
</kw>
<kw name="Should Not Be Empty" owner="BuiltIn">
<msg time="2024-07-26T13:18:07.871166" level="INFO">Length is 2.</msg>
<arg>${json_data}</arg>
<doc>Verifies that the given item is not empty.</doc>
<status status="PASS" start="2024-07-26T13:18:07.871035" elapsed="0.000168"/>
</kw>
<kw name="Create List" owner="BuiltIn">
<msg time="2024-07-26T13:18:07.871645" level="INFO">${expected_keys} = ['gender', 'name', 'location', 'email', 'login']</msg>
<var>${expected_keys}</var>
<arg>gender</arg>
<arg>name</arg>
<arg>location</arg>
<arg>email</arg>
<arg>login</arg>
<doc>Returns a list containing given items.</doc>
<status status="PASS" start="2024-07-26T13:18:07.871496" elapsed="0.000172"/>
</kw>
<for flavor="IN">
<iter>
<kw name="Dictionary Should Contain Key" owner="Collections">
<arg>${json_data['results'][0]}</arg>
<arg>${key}</arg>
<doc>Fails if ``key`` is not found from ``dictionary``.</doc>
<status status="PASS" start="2024-07-26T13:18:07.872288" elapsed="0.000406"/>
</kw>
<kw name="Log" owner="BuiltIn">
<msg time="2024-07-26T13:18:07.873229" level="INFO">{'gender': 'female', 'name': {'title': 'Mrs', 'first': 'Capucine', 'last': 'Leroy'}, 'location': {'street': {'number': 9098, 'name': 'Route de Genas'}, 'city': 'Nantes', 'state': 'Loire-Atlantique', 'country': 'France', 'postcode': 93289, 'coordinates': {'latitude': '-13.7387', 'longitude': '67.5557'}, 'timezone': {'offset': '+9:30', 'description': 'Adelaide, Darwin'}}, 'email': 'capucine.leroy@example.com', 'login': {'uuid': '296ee599-e70f-4bb2-bb6f-92356883bc37', 'username': 'whitemeercat255', 'password': 'gerald', 'salt': 'Bc0RRinT', 'md5': '552a215812f1c7e67d823a2d86451f7b', 'sha1': '8f27c4ab6df9bf9c959484dcabdf4e11796cd12e', 'sha256': 'fca6358acff89820afd3995d765edf1d9137b79f980a6eb3c81c57f17d7cd4ab'}, 'dob': {'date': '1958-05-18T04:40:38.325Z', 'age': 66}, 'registered': {'date': '2009-09-20T23:53:10.796Z', 'age': 14}, 'phone': '03-52-77-24-78', 'cell': '06-78-62-28-38', 'id': {'name': 'INSEE', 'value': '2580489937691 62'}, 'picture': {'large': 'https://randomuser.me/api/portraits/women/39.jpg', 'medium': 'https://randomuser.me/api/portraits/med/women/39.jpg', 'thumbnail': 'https://randomuser.me/api/portraits/thumb/women/39.jpg'}, 'nat': 'FR'}</msg>
<arg>${json_data['results'][0]}</arg>
<doc>Logs the given message with the given level.</doc>
<status status="PASS" start="2024-07-26T13:18:07.872879" elapsed="0.000399"/>
</kw>
<kw name="Log" owner="BuiltIn">
<msg time="2024-07-26T13:18:07.873707" level="INFO">gender</msg>
<arg>${key}</arg>
<doc>Logs the given message with the given level.</doc>
<status status="PASS" start="2024-07-26T13:18:07.873578" elapsed="0.000166"/>
</kw>
<var name="${key}">gender</var>
<status status="PASS" start="2024-07-26T13:18:07.872155" elapsed="0.001807"/>
</iter>
<iter>
<kw name="Dictionary Should Contain Key" owner="Collections">
<arg>${json_data['results'][0]}</arg>
<arg>${key}</arg>
<doc>Fails if ``key`` is not found from ``dictionary``.</doc>
<status status="PASS" start="2024-07-26T13:18:07.874255" elapsed="0.000384"/>
</kw>
<kw name="Log" owner="BuiltIn">
<msg time="2024-07-26T13:18:07.875175" level="INFO">{'gender': 'female', 'name': {'title': 'Mrs', 'first': 'Capucine', 'last': 'Leroy'}, 'location': {'street': {'number': 9098, 'name': 'Route de Genas'}, 'city': 'Nantes', 'state': 'Loire-Atlantique', 'country': 'France', 'postcode': 93289, 'coordinates': {'latitude': '-13.7387', 'longitude': '67.5557'}, 'timezone': {'offset': '+9:30', 'description': 'Adelaide, Darwin'}}, 'email': 'capucine.leroy@example.com', 'login': {'uuid': '296ee599-e70f-4bb2-bb6f-92356883bc37', 'username': 'whitemeercat255', 'password': 'gerald', 'salt': 'Bc0RRinT', 'md5': '552a215812f1c7e67d823a2d86451f7b', 'sha1': '8f27c4ab6df9bf9c959484dcabdf4e11796cd12e', 'sha256': 'fca6358acff89820afd3995d765edf1d9137b79f980a6eb3c81c57f17d7cd4ab'}, 'dob': {'date': '1958-05-18T04:40:38.325Z', 'age': 66}, 'registered': {'date': '2009-09-20T23:53:10.796Z', 'age': 14}, 'phone': '03-52-77-24-78', 'cell': '06-78-62-28-38', 'id': {'name': 'INSEE', 'value': '2580489937691 62'}, 'picture': {'large': 'https://randomuser.me/api/portraits/women/39.jpg', 'medium': 'https://randomuser.me/api/portraits/med/women/39.jpg', 'thumbnail': 'https://randomuser.me/api/portraits/thumb/women/39.jpg'}, 'nat': 'FR'}</msg>
<arg>${json_data['results'][0]}</arg>
<doc>Logs the given message with the given level.</doc>
<status status="PASS" start="2024-07-26T13:18:07.874820" elapsed="0.000435"/>
</kw>
<kw name="Log" owner="BuiltIn">
<msg time="2024-07-26T13:18:07.875679" level="INFO">name</msg>
<arg>${key}</arg>
<doc>Logs the given message with the given level.</doc>
<status status="PASS" start="2024-07-26T13:18:07.875554" elapsed="0.000162"/>
</kw>
<var name="${key}">name</var>
<status status="PASS" start="2024-07-26T13:18:07.874146" elapsed="0.001780"/>
</iter>
<iter>
<kw name="Dictionary Should Contain Key" owner="Collections">
<arg>${json_data['results'][0]}</arg>
<arg>${key}</arg>
<doc>Fails if ``key`` is not found from ``dictionary``.</doc>
<status status="PASS" start="2024-07-26T13:18:07.876229" elapsed="0.000376"/>
</kw>
<kw name="Log" owner="BuiltIn">
<msg time="2024-07-26T13:18:07.877131" level="INFO">{'gender': 'female', 'name': {'title': 'Mrs', 'first': 'Capucine', 'last': 'Leroy'}, 'location': {'street': {'number': 9098, 'name': 'Route de Genas'}, 'city': 'Nantes', 'state': 'Loire-Atlantique', 'country': 'France', 'postcode': 93289, 'coordinates': {'latitude': '-13.7387', 'longitude': '67.5557'}, 'timezone': {'offset': '+9:30', 'description': 'Adelaide, Darwin'}}, 'email': 'capucine.leroy@example.com', 'login': {'uuid': '296ee599-e70f-4bb2-bb6f-92356883bc37', 'username': 'whitemeercat255', 'password': 'gerald', 'salt': 'Bc0RRinT', 'md5': '552a215812f1c7e67d823a2d86451f7b', 'sha1': '8f27c4ab6df9bf9c959484dcabdf4e11796cd12e', 'sha256': 'fca6358acff89820afd3995d765edf1d9137b79f980a6eb3c81c57f17d7cd4ab'}, 'dob': {'date': '1958-05-18T04:40:38.325Z', 'age': 66}, 'registered': {'date': '2009-09-20T23:53:10.796Z', 'age': 14}, 'phone': '03-52-77-24-78', 'cell': '06-78-62-28-38', 'id': {'name': 'INSEE', 'value': '2580489937691 62'}, 'picture': {'large': 'https://randomuser.me/api/portraits/women/39.jpg', 'medium': 'https://randomuser.me/api/portraits/med/women/39.jpg', 'thumbnail': 'https://randomuser.me/api/portraits/thumb/women/39.jpg'}, 'nat': 'FR'}</msg>
<arg>${json_data['results'][0]}</arg>
<doc>Logs the given message with the given level.</doc>
<status status="PASS" start="2024-07-26T13:18:07.876788" elapsed="0.000401"/>
</kw>
<kw name="Log" owner="BuiltIn">
<msg time="2024-07-26T13:18:07.877608" level="INFO">location</msg>
<arg>${key}</arg>
<doc>Logs the given message with the given level.</doc>
<status status="PASS" start="2024-07-26T13:18:07.877482" elapsed="0.000164"/>
</kw>
<var name="${key}">location</var>
<status status="PASS" start="2024-07-26T13:18:07.876120" elapsed="0.001739"/>
</iter>
<iter>
<kw name="Dictionary Should Contain Key" owner="Collections">
<arg>${json_data['results'][0]}</arg>
<arg>${key}</arg>
<doc>Fails if ``key`` is not found from ``dictionary``.</doc>
<status status="PASS" start="2024-07-26T13:18:07.878131" elapsed="0.000379"/>
</kw>
<kw name="Log" owner="BuiltIn">
<msg time="2024-07-26T13:18:07.879169" level="INFO">{'gender': 'female', 'name': {'title': 'Mrs', 'first': 'Capucine', 'last': 'Leroy'}, 'location': {'street': {'number': 9098, 'name': 'Route de Genas'}, 'city': 'Nantes', 'state': 'Loire-Atlantique', 'country': 'France', 'postcode': 93289, 'coordinates': {'latitude': '-13.7387', 'longitude': '67.5557'}, 'timezone': {'offset': '+9:30', 'description': 'Adelaide, Darwin'}}, 'email': 'capucine.leroy@example.com', 'login': {'uuid': '296ee599-e70f-4bb2-bb6f-92356883bc37', 'username': 'whitemeercat255', 'password': 'gerald', 'salt': 'Bc0RRinT', 'md5': '552a215812f1c7e67d823a2d86451f7b', 'sha1': '8f27c4ab6df9bf9c959484dcabdf4e11796cd12e', 'sha256': 'fca6358acff89820afd3995d765edf1d9137b79f980a6eb3c81c57f17d7cd4ab'}, 'dob': {'date': '1958-05-18T04:40:38.325Z', 'age': 66}, 'registered': {'date': '2009-09-20T23:53:10.796Z', 'age': 14}, 'phone': '03-52-77-24-78', 'cell': '06-78-62-28-38', 'id': {'name': 'INSEE', 'value': '2580489937691 62'}, 'picture': {'large': 'https://randomuser.me/api/portraits/women/39.jpg', 'medium': 'https://randomuser.me/api/portraits/med/women/39.jpg', 'thumbnail': 'https://randomuser.me/api/portraits/thumb/women/39.jpg'}, 'nat': 'FR'}</msg>
<arg>${json_data['results'][0]}</arg>
<doc>Logs the given message with the given level.</doc>
<status status="PASS" start="2024-07-26T13:18:07.878817" elapsed="0.000402"/>
</kw>
<kw name="Log" owner="BuiltIn">
<msg time="2024-07-26T13:18:07.879642" level="INFO">email</msg>
<arg>${key}</arg>
<doc>Logs the given message with the given level.</doc>
<status status="PASS" start="2024-07-26T13:18:07.879516" elapsed="0.000164"/>
</kw>
<var name="${key}">email</var>
<status status="PASS" start="2024-07-26T13:18:07.878028" elapsed="0.001864"/>
</iter>
<iter>
<kw name="Dictionary Should Contain Key" owner="Collections">
<arg>${json_data['results'][0]}</arg>
<arg>${key}</arg>
<doc>Fails if ``key`` is not found from ``dictionary``.</doc>
<status status="PASS" start="2024-07-26T13:18:07.880207" elapsed="0.000390"/>
</kw>
<kw name="Log" owner="BuiltIn">
<msg time="2024-07-26T13:18:07.881121" level="INFO">{'gender': 'female', 'name': {'title': 'Mrs', 'first': 'Capucine', 'last': 'Leroy'}, 'location': {'street': {'number': 9098, 'name': 'Route de Genas'}, 'city': 'Nantes', 'state': 'Loire-Atlantique', 'country': 'France', 'postcode': 93289, 'coordinates': {'latitude': '-13.7387', 'longitude': '67.5557'}, 'timezone': {'offset': '+9:30', 'description': 'Adelaide, Darwin'}}, 'email': 'capucine.leroy@example.com', 'login': {'uuid': '296ee599-e70f-4bb2-bb6f-92356883bc37', 'username': 'whitemeercat255', 'password': 'gerald', 'salt': 'Bc0RRinT', 'md5': '552a215812f1c7e67d823a2d86451f7b', 'sha1': '8f27c4ab6df9bf9c959484dcabdf4e11796cd12e', 'sha256': 'fca6358acff89820afd3995d765edf1d9137b79f980a6eb3c81c57f17d7cd4ab'}, 'dob': {'date': '1958-05-18T04:40:38.325Z', 'age': 66}, 'registered': {'date': '2009-09-20T23:53:10.796Z', 'age': 14}, 'phone': '03-52-77-24-78', 'cell': '06-78-62-28-38', 'id': {'name': 'INSEE', 'value': '2580489937691 62'}, 'picture': {'large': 'https://randomuser.me/api/portraits/women/39.jpg', 'medium': 'https://randomuser.me/api/portraits/med/women/39.jpg', 'thumbnail': 'https://randomuser.me/api/portraits/thumb/women/39.jpg'}, 'nat': 'FR'}</msg>
<arg>${json_data['results'][0]}</arg>
<doc>Logs the given message with the given level.</doc>
<status status="PASS" start="2024-07-26T13:18:07.880778" elapsed="0.000390"/>
</kw>
<kw name="Log" owner="BuiltIn">
<msg time="2024-07-26T13:18:07.881588" level="INFO">login</msg>
<arg>${key}</arg>
<doc>Logs the given message with the given level.</doc>
<status status="PASS" start="2024-07-26T13:18:07.881460" elapsed="0.000165"/>
</kw>
<var name="${key}">login</var>
<status status="PASS" start="2024-07-26T13:18:07.880065" elapsed="0.001775"/>
</iter>
<var>${key}</var>
<value>@{expected_keys}</value>
<status status="PASS" start="2024-07-26T13:18:07.871926" elapsed="0.010034"/>
</for>
<kw name="Create List" owner="BuiltIn">
<msg time="2024-07-26T13:18:07.882281" level="INFO">${expected_keysTwo} = ['username', 'password']</msg>
<var>${expected_keysTwo}</var>
<arg>username</arg>
<arg>password</arg>
<doc>Returns a list containing given items.</doc>
<status status="PASS" start="2024-07-26T13:18:07.882145" elapsed="0.000187"/>
</kw>
<for flavor="IN">
<iter>
<kw name="Dictionary Should Contain Key" owner="Collections">
<arg>${json_data['results'][0]['login']}</arg>
<arg>${keyTwo}</arg>
<doc>Fails if ``key`` is not found from ``dictionary``.</doc>
<status status="PASS" start="2024-07-26T13:18:07.882833" elapsed="0.000377"/>
</kw>
<kw name="Dictionary Should Contain Key" owner="Collections">
<arg>${json_data['results'][0]['login']}</arg>
<arg>${keyTwo}</arg>
<doc>Fails if ``key`` is not found from ``dictionary``.</doc>
<status status="PASS" start="2024-07-26T13:18:07.883391" elapsed="0.000395"/>
</kw>
<kw name="Log" owner="BuiltIn">
<msg time="2024-07-26T13:18:07.884083" level="INFO">username</msg>
<arg>${keyTwo}</arg>
<doc>Logs the given message with the given level.</doc>
<status status="PASS" start="2024-07-26T13:18:07.883963" elapsed="0.000181"/>
</kw>
<var name="${keyTwo}">username</var>
<status status="PASS" start="2024-07-26T13:18:07.882726" elapsed="0.001641"/>
</iter>
<iter>
<kw name="Dictionary Should Contain Key" owner="Collections">
<arg>${json_data['results'][0]['login']}</arg>
<arg>${keyTwo}</arg>
<doc>Fails if ``key`` is not found from ``dictionary``.</doc>
<status status="PASS" start="2024-07-26T13:18:07.884651" elapsed="0.000375"/>
</kw>
<kw name="Dictionary Should Contain Key" owner="Collections">
<arg>${json_data['results'][0]['login']}</arg>
<arg>${keyTwo}</arg>
<doc>Fails if ``key`` is not found from ``dictionary``.</doc>
<status status="PASS" start="2024-07-26T13:18:07.885205" elapsed="0.000369"/>
</kw>
<kw name="Log" owner="BuiltIn">
<msg time="2024-07-26T13:18:07.885870" level="INFO">password</msg>
<arg>${keyTwo}</arg>
<doc>Logs the given message with the given level.</doc>
<status status="PASS" start="2024-07-26T13:18:07.885749" elapsed="0.000157"/>
</kw>
<var name="${keyTwo}">password</var>
<status status="PASS" start="2024-07-26T13:18:07.884543" elapsed="0.001579"/>
</iter>
<var>${keyTwo}</var>
<value>@{expected_keysTwo}</value>
<status status="PASS" start="2024-07-26T13:18:07.882576" elapsed="0.003666"/>
</for>
<status status="PASS" start="2024-07-26T13:18:07.555577" elapsed="0.330801"/>
</kw>
<doc>Testa a estrutura da resposta da API.</doc>
<tag>testeEstruturaResposta</tag>
<status status="PASS" start="2024-07-26T13:18:07.555058" elapsed="0.331474"/>
</test>
<test id="s1-s1-t4" name="Validar tipos de dados" line="28">
<kw name="Teste de Tipos de Dados" owner="random-user-service">
<kw name="GET On Session" owner="RequestsLibrary">
<msg time="2024-07-26T13:18:07.983505" level="INFO">GET Request : url=https://randomuser.me/api 
 path_url=/api 
 headers={'User-Agent': 'python-requests/2.32.3', 'Accept-Encoding': 'gzip, deflate', 'Accept': '*/*', 'Connection': 'keep-alive'} 
 body=None 
 </msg>
<msg time="2024-07-26T13:18:07.983580" level="INFO">GET Response : url=https://randomuser.me/api 
 status=200, reason=OK 
 headers={'Date': 'Fri, 26 Jul 2024 13:18:07 GMT', 'Content-Type': 'application/json; charset=utf-8', 'Transfer-Encoding': 'chunked', 'Connection': 'keep-alive', 'X-Powered-By': 'Express', 'Access-Control-Allow-Origin': '*', 'Cache-Control': 'no-cache', 'ETag': 'W/"487-QMjZIiM2ZW8ov1SwTcPrZKvi7dc"', 'Vary': 'Accept-Encoding', 'Content-Encoding': 'gzip', 'CF-Cache-Status': 'DYNAMIC', 'Report-To': '{"endpoints":[{"url":"https:\\/\\/a.nel.cloudflare.com\\/report\\/v4?s=Og5HDh98up%2FLOnWurFSlkaV2kKgxBAjcNU8zrDillH1ViiM2j%2FfWw1QsXD8Jp7sOuxKF%2BzMeycSH6eQ89ZXyBDNQTNYIklrtNFbHuM8LggnUY%2FPse5gD4rwqrRWauYVo"}],"group":"cf-nel","max_age":604800}', 'NEL': '{"success_fraction":0,"report_to":"cf-nel","max_age":604800}', 'Server': 'cloudflare', 'CF-RAY': '8a94ac835dc87e2a-SJC', 'alt-svc': 'h3=":443"; ma=86400'} 
 body={"results":[{"gender":"female","name":{"title":"Mrs","first":"Hanna","last":"Burke"},"location":{"street":{"number":5244,"name":"Albert Road"},"city":"Athenry","state":"Westmeath","country":"Ireland","postcode":62709,"coordinates":{"latitude":"2.9195","longitude":"63.8491"},"timezone":{"offset":"-3:00","description":"Brazil, Buenos Aires, Georgetown"}},"email":"hanna.burke@example.com","login":{"uuid":"6195800e-9992-42e3-a19f-e78bcdc0e7e0","username":"yellowwolf528","password":"miranda","salt":"KMkl4pPh","md5":"9ff2b7bc3db82a1eb94f02c585630fd4","sha1":"2d63db72ee557b822b7fc31b8ca06ac455ae30f7","sha256":"df65660d6f52aa0f699af81c24bb80bbe7901326dc4d19f6600cfd582efb95f9"},"dob":{"date":"1974-08-03T20:21:14.977Z","age":49},"registered":{"date":"2016-10-24T15:48:58.619Z","age":7},"phone":"061-709-4807","cell":"081-441-5562","id":{"name":"PPS","value":"5687474T"},"picture":{"large":"https://randomuser.me/api/portraits/women/76.jpg","medium":"https://randomuser.me/api/portraits/med/women/76.jpg","thumbnail":"https://randomuser.me/api/portraits/thumb/women/76.jpg"},"nat":"IE"}],"info":{"seed":"87b096e4d7ccc86d","results":1,"page":1,"version":"1.4"}} 
 </msg>
<msg time="2024-07-26T13:18:07.983641" level="INFO">/opt/hostedtoolcache/Python/3.12.4/x64/lib/python3.12/site-packages/urllib3/connectionpool.py:1099: InsecureRequestWarning: Unverified HTTPS request is being made to host 'randomuser.me'. Adding certificate verification is strongly advised. See: https://urllib3.readthedocs.io/en/latest/advanced-usage.html#tls-warnings
  warnings.warn(</msg>
<msg time="2024-07-26T13:18:07.983759" level="INFO">${response} = &lt;Response [200]&gt;</msg>
<var>${response}</var>
<arg>consultarAPI</arg>
<arg>/api</arg>
<doc>Sends a GET request on a previously created HTTP Session.</doc>
<status status="PASS" start="2024-07-26T13:18:07.888948" elapsed="0.094855"/>
</kw>
<kw name="Set Variable" owner="BuiltIn">
<msg time="2024-07-26T13:18:07.984712" level="INFO">${json_data} = {'results': [{'gender': 'female', 'name': {'title': 'Mrs', 'first': 'Hanna', 'last': 'Burke'}, 'location': {'street': {'number': 5244, 'name': 'Albert Road'}, 'city': 'Athenry', 'state': 'Westmeath', ...</msg>
<var>${json_data}</var>
<arg>${response.json()}</arg>
<doc>Returns the given values which can then be assigned to a variables.</doc>
<status status="PASS" start="2024-07-26T13:18:07.984239" elapsed="0.000501"/>
</kw>
<kw name="Log" owner="BuiltIn">
<msg time="2024-07-26T13:18:07.985193" level="INFO">{'results': [{'gender': 'female', 'name': {'title': 'Mrs', 'first': 'Hanna', 'last': 'Burke'}, 'location': {'street': {'number': 5244, 'name': 'Albert Road'}, 'city': 'Athenry', 'state': 'Westmeath', 'country': 'Ireland', 'postcode': 62709, 'coordinates': {'latitude': '2.9195', 'longitude': '63.8491'}, 'timezone': {'offset': '-3:00', 'description': 'Brazil, Buenos Aires, Georgetown'}}, 'email': 'hanna.burke@example.com', 'login': {'uuid': '6195800e-9992-42e3-a19f-e78bcdc0e7e0', 'username': 'yellowwolf528', 'password': 'miranda', 'salt': 'KMkl4pPh', 'md5': '9ff2b7bc3db82a1eb94f02c585630fd4', 'sha1': '2d63db72ee557b822b7fc31b8ca06ac455ae30f7', 'sha256': 'df65660d6f52aa0f699af81c24bb80bbe7901326dc4d19f6600cfd582efb95f9'}, 'dob': {'date': '1974-08-03T20:21:14.977Z', 'age': 49}, 'registered': {'date': '2016-10-24T15:48:58.619Z', 'age': 7}, 'phone': '061-709-4807', 'cell': '081-441-5562', 'id': {'name': 'PPS', 'value': '5687474T'}, 'picture': {'large': 'https://randomuser.me/api/portraits/women/76.jpg', 'medium': 'https://randomuser.me/api/portraits/med/women/76.jpg', 'thumbnail': 'https://randomuser.me/api/portraits/thumb/women/76.jpg'}, 'nat': 'IE'}], 'info': {'seed': '87b096e4d7ccc86d', 'results': 1, 'page': 1, 'version': '1.4'}}</msg>
<arg>${json_data}</arg>
<doc>Logs the given message with the given level.</doc>
<status status="PASS" start="2024-07-26T13:18:07.985043" elapsed="0.000196"/>
</kw>
<kw name="Should Be String" owner="String">
<arg>${json_data['results'][0]['gender']}</arg>
<doc>Fails if the given ``item`` is not a string.</doc>
<status status="PASS" start="2024-07-26T13:18:07.985522" elapsed="0.000361"/>
</kw>
<kw name="Should Match Regexp" owner="BuiltIn">
<arg>${json_data['results'][0]['email']}</arg>
<arg>^[a-zA-Z0-9._%+-]+@[a-zA-Z0-9.-]+\.[a-zA-Z]{2,}$</arg>
<doc>Fails if ``string`` does not match ``pattern`` as a regular expression.</doc>
<status status="PASS" start="2024-07-26T13:18:07.986070" elapsed="0.000514"/>
</kw>
<kw name="Should Match Regexp" owner="BuiltIn">
<arg>${json_data['results'][0]['dob']['date']}</arg>
<arg>\\d{4}-\\d{2}-\\d{2}T\\d{2}:\\d{2}:\\d{2}\\.\\d{3}Z</arg>
<doc>Fails if ``string`` does not match ``pattern`` as a regular expression.</doc>
<status status="PASS" start="2024-07-26T13:18:07.986814" elapsed="0.000605"/>
</kw>
<kw name="Should Match Regexp" owner="BuiltIn">
<arg>${json_data['results'][0]['registered']['date']}</arg>
<arg>\\d{4}-\\d{2}-\\d{2}T\\d{2}:\\d{2}:\\d{2}\\.\\d{3}Z</arg>
<doc>Fails if ``string`` does not match ``pattern`` as a regular expression.</doc>
<status status="PASS" start="2024-07-26T13:18:07.987610" elapsed="0.000371"/>
</kw>
<kw name="Should Match Regexp" owner="BuiltIn">
<arg>${json_data['results'][0]['picture']['large']}</arg>
<arg>^https?://.*\.(?:png|jpe?g|gif|bmp)$</arg>
<doc>Fails if ``string`` does not match ``pattern`` as a regular expression.</doc>
<status status="PASS" start="2024-07-26T13:18:07.988198" elapsed="0.000470"/>
</kw>
<kw name="Should Match Regexp" owner="BuiltIn">
<arg>${json_data['results'][0]['picture']['medium']}</arg>
<arg>^https?://.*\.(?:png|jpe?g|gif|bmp)$</arg>
<doc>Fails if ``string`` does not match ``pattern`` as a regular expression.</doc>
<status status="PASS" start="2024-07-26T13:18:07.988854" elapsed="0.000349"/>
</kw>
<kw name="Should Match Regexp" owner="BuiltIn">
<arg>${json_data['results'][0]['picture']['thumbnail']}</arg>
<arg>^https?://.*\.(?:png|jpe?g|gif|bmp)$</arg>
<doc>Fails if ``string`` does not match ``pattern`` as a regular expression.</doc>
<status status="PASS" start="2024-07-26T13:18:07.989382" elapsed="0.000344"/>
</kw>
<kw name="Log" owner="BuiltIn">
<msg time="2024-07-26T13:18:07.990223" level="INFO">{'large': 'https://randomuser.me/api/portraits/women/76.jpg', 'medium': 'https://randomuser.me/api/portraits/med/women/76.jpg', 'thumbnail': 'https://randomuser.me/api/portraits/thumb/women/76.jpg'}</msg>
<arg>${json_data['results'][0]['picture']}</arg>
<doc>Logs the given message with the given level.</doc>
<status status="PASS" start="2024-07-26T13:18:07.989902" elapsed="0.000364"/>
</kw>
<status status="PASS" start="2024-07-26T13:18:07.888729" elapsed="0.101792"/>
</kw>
<kw name="Teste de Tipos de Dados - Postcode" owner="random-user-service">
<kw name="GET On Session" owner="RequestsLibrary">
<msg time="2024-07-26T13:18:08.111540" level="INFO">GET Request : url=https://randomuser.me/api 
 path_url=/api 
 headers={'User-Agent': 'python-requests/2.32.3', 'Accept-Encoding': 'gzip, deflate', 'Accept': '*/*', 'Connection': 'keep-alive'} 
 body=None 
 </msg>
<msg time="2024-07-26T13:18:08.111621" level="INFO">GET Response : url=https://randomuser.me/api 
 status=200, reason=OK 
 headers={'Date': 'Fri, 26 Jul 2024 13:18:08 GMT', 'Content-Type': 'application/json; charset=utf-8', 'Transfer-Encoding': 'chunked', 'Connection': 'keep-alive', 'X-Powered-By': 'Express', 'Access-Control-Allow-Origin': '*', 'Cache-Control': 'no-cache', 'ETag': 'W/"49f-bkkeI+J63y0z77ME0t20ssVBLVs"', 'Vary': 'Accept-Encoding', 'Content-Encoding': 'gzip', 'CF-Cache-Status': 'DYNAMIC', 'Report-To': '{"endpoints":[{"url":"https:\\/\\/a.nel.cloudflare.com\\/report\\/v4?s=mVQ38pkDKKnYG1DTP8El22UT9hJEr4Toe8RZMup6NdpspGVWoNbA%2FwGURbynYBiWaBdUhbilYwqfGE%2Fdka851TqmAy5Jkowo%2FP3S2JU%2BmJpgEmvsPHZE%2FnOCrHISMFrd"}],"group":"cf-nel","max_age":604800}', 'NEL': '{"success_fraction":0,"report_to":"cf-nel","max_age":604800}', 'Server': 'cloudflare', 'CF-RAY': '8a94ac83fe237e2a-SJC', 'alt-svc': 'h3=":443"; ma=86400'} 
 body={"results":[{"gender":"male","name":{"title":"Mr","first":"Niklas","last":"Heinrich"},"location":{"street":{"number":9492,"name":"Bachstraße"},"city":"Mainbernheim","state":"Sachsen","country":"Germany","postcode":92274,"coordinates":{"latitude":"-47.3139","longitude":"-144.1608"},"timezone":{"offset":"-4:00","description":"Atlantic Time (Canada), Caracas, La Paz"}},"email":"niklas.heinrich@example.com","login":{"uuid":"b54f18ce-c6b4-486a-87df-8fb9cbdf53ac","username":"ticklishzebra574","password":"jordan","salt":"VzSsFyPI","md5":"43251bb744f6a24e12b1f1d77cd197d0","sha1":"4f5d1322f1656faf7701825fbcf12da4bc0d44f6","sha256":"f8c1af6893106314bbc901eb658949c6ecf117cc048b39eb83f476f9138db093"},"dob":{"date":"2000-06-09T06:35:26.865Z","age":24},"registered":{"date":"2016-03-16T10:11:18.083Z","age":8},"phone":"0778-9326765","cell":"0171-1200866","id":{"name":"SVNR","value":"19 0906100 H 068"},"picture":{"large":"https://randomuser.me/api/portraits/men/59.jpg","medium":"https://randomuser.me/api/portraits/med/men/59.jpg","thumbnail":"https://randomuser.me/api/portraits/thumb/men/59.jpg"},"nat":"DE"}],"info":{"seed":"90ad6ec45e46a640","results":1,"page":1,"version":"1.4"}} 
 </msg>
<msg time="2024-07-26T13:18:08.111690" level="INFO">/opt/hostedtoolcache/Python/3.12.4/x64/lib/python3.12/site-packages/urllib3/connectionpool.py:1099: InsecureRequestWarning: Unverified HTTPS request is being made to host 'randomuser.me'. Adding certificate verification is strongly advised. See: https://urllib3.readthedocs.io/en/latest/advanced-usage.html#tls-warnings
  warnings.warn(</msg>
<msg time="2024-07-26T13:18:08.111796" level="INFO">${response} = &lt;Response [200]&gt;</msg>
<var>${response}</var>
<arg>consultarAPI</arg>
<arg>/api</arg>
<doc>Sends a GET request on a previously created HTTP Session.</doc>
<status status="PASS" start="2024-07-26T13:18:07.990960" elapsed="0.120878"/>
</kw>
<kw name="Set Variable" owner="BuiltIn">
<msg time="2024-07-26T13:18:08.112711" level="INFO">${json_data} = {'results': [{'gender': 'male', 'name': {'title': 'Mr', 'first': 'Niklas', 'last': 'Heinrich'}, 'location': {'street': {'number': 9492, 'name': 'Bachstraße'}, 'city': 'Mainbernheim', 'state': 'Sachsen...</msg>
<var>${json_data}</var>
<arg>${response.json()}</arg>
<doc>Returns the given values which can then be assigned to a variables.</doc>
<status status="PASS" start="2024-07-26T13:18:08.112254" elapsed="0.000486"/>
</kw>
<kw name="Log" owner="BuiltIn">
<msg time="2024-07-26T13:18:08.113220" level="INFO">{'results': [{'gender': 'male', 'name': {'title': 'Mr', 'first': 'Niklas', 'last': 'Heinrich'}, 'location': {'street': {'number': 9492, 'name': 'Bachstraße'}, 'city': 'Mainbernheim', 'state': 'Sachsen', 'country': 'Germany', 'postcode': 92274, 'coordinates': {'latitude': '-47.3139', 'longitude': '-144.1608'}, 'timezone': {'offset': '-4:00', 'description': 'Atlantic Time (Canada), Caracas, La Paz'}}, 'email': 'niklas.heinrich@example.com', 'login': {'uuid': 'b54f18ce-c6b4-486a-87df-8fb9cbdf53ac', 'username': 'ticklishzebra574', 'password': 'jordan', 'salt': 'VzSsFyPI', 'md5': '43251bb744f6a24e12b1f1d77cd197d0', 'sha1': '4f5d1322f1656faf7701825fbcf12da4bc0d44f6', 'sha256': 'f8c1af6893106314bbc901eb658949c6ecf117cc048b39eb83f476f9138db093'}, 'dob': {'date': '2000-06-09T06:35:26.865Z', 'age': 24}, 'registered': {'date': '2016-03-16T10:11:18.083Z', 'age': 8}, 'phone': '0778-9326765', 'cell': '0171-1200866', 'id': {'name': 'SVNR', 'value': '19 0906100 H 068'}, 'picture': {'large': 'https://randomuser.me/api/portraits/men/59.jpg', 'medium': 'https://randomuser.me/api/portraits/med/men/59.jpg', 'thumbnail': 'https://randomuser.me/api/portraits/thumb/men/59.jpg'}, 'nat': 'DE'}], 'info': {'seed': '90ad6ec45e46a640', 'results': 1, 'page': 1, 'version': '1.4'}}</msg>
<arg>${json_data}</arg>
<doc>Logs the given message with the given level.</doc>
<status status="PASS" start="2024-07-26T13:18:08.113051" elapsed="0.000218"/>
</kw>
<kw name="Should Be Equal As Numbers" owner="BuiltIn">
<arg>${json_data['results'][0]['location']['postcode']}</arg>
<arg>${json_data['results'][0]['location']['postcode']}</arg>
<doc>Fails if objects are unequal after converting them to real numbers.</doc>
<status status="PASS" start="2024-07-26T13:18:08.113562" elapsed="0.000617"/>
</kw>
<kw name="Log" owner="BuiltIn">
<msg time="2024-07-26T13:18:08.114699" level="INFO">92274</msg>
<arg>${json_data['results'][0]['location']['postcode']}</arg>
<doc>Logs the given message with the given level.</doc>
<status status="PASS" start="2024-07-26T13:18:08.114369" elapsed="0.000404"/>
</kw>
<status status="PASS" start="2024-07-26T13:18:07.990733" elapsed="0.124290"/>
</kw>
<doc>Testa se os tipos de dados na resposta da API estão corretos.</doc>
<tag>testeTiposDados</tag>
<status status="PASS" start="2024-07-26T13:18:07.888280" elapsed="0.226905"/>
</test>
<test id="s1-s1-t5" name="Validar conteudo" line="35">
<kw name="Teste de Tipos de Conteudo" owner="random-user-service">
<kw name="GET On Session" owner="RequestsLibrary">
<msg time="2024-07-26T13:18:08.208956" level="INFO">GET Request : url=https://randomuser.me/api 
 path_url=/api 
 headers={'User-Agent': 'python-requests/2.32.3', 'Accept-Encoding': 'gzip, deflate', 'Accept': '*/*', 'Connection': 'keep-alive'} 
 body=None 
 </msg>
<msg time="2024-07-26T13:18:08.209022" level="INFO">GET Response : url=https://randomuser.me/api 
 status=200, reason=OK 
 headers={'Date': 'Fri, 26 Jul 2024 13:18:08 GMT', 'Content-Type': 'application/json; charset=utf-8', 'Transfer-Encoding': 'chunked', 'Connection': 'keep-alive', 'X-Powered-By': 'Express', 'Access-Control-Allow-Origin': '*', 'Cache-Control': 'no-cache', 'ETag': 'W/"482-UyKf9VDeFsqw/JTw8Fvqe1YqoUg"', 'Vary': 'Accept-Encoding', 'Content-Encoding': 'gzip', 'CF-Cache-Status': 'DYNAMIC', 'Report-To': '{"endpoints":[{"url":"https:\\/\\/a.nel.cloudflare.com\\/report\\/v4?s=e6jcJy2WExqxPQCg9%2BhyaokP3nn5ahDRTfjow9HRcp85%2BIJSwJVSdwOMEAR1ditbpEOcpz9ut2dj7U0NEya0BC6DxXjinUqLEn2ZirCk68vUqnh29HtSHgVt5%2BNYNBwe"}],"group":"cf-nel","max_age":604800}', 'NEL': '{"success_fraction":0,"report_to":"cf-nel","max_age":604800}', 'Server': 'cloudflare', 'CF-RAY': '8a94ac84cea67e2a-SJC', 'alt-svc': 'h3=":443"; ma=86400'} 
 body={"results":[{"gender":"female","name":{"title":"Mrs","first":"Johanne","last":"Mortensen"},"location":{"street":{"number":1483,"name":"Haderslevvej"},"city":"Hammel","state":"Hovedstaden","country":"Denmark","postcode":24433,"coordinates":{"latitude":"-39.9830","longitude":"170.3149"},"timezone":{"offset":"+9:30","description":"Adelaide, Darwin"}},"email":"johanne.mortensen@example.com","login":{"uuid":"689e2443-26ca-4e5e-9d21-b7f53a6ad897","username":"bigpanda509","password":"belinda","salt":"zWP4t71Z","md5":"01ca811f1766b1e923c7f139f1cb1dcb","sha1":"4596607011cc645d2488b1d11a9457750220fd35","sha256":"0e82d84229552f86d36494df70eafdb58906f89bbe6e1728b8e5ce06f57bc123"},"dob":{"date":"1999-03-06T00:26:00.742Z","age":25},"registered":{"date":"2009-04-05T00:20:18.430Z","age":15},"phone":"64685640","cell":"77538172","id":{"name":"CPR","value":"050399-1177"},"picture":{"large":"https://randomuser.me/api/portraits/women/18.jpg","medium":"https://randomuser.me/api/portraits/med/women/18.jpg","thumbnail":"https://randomuser.me/api/portraits/thumb/women/18.jpg"},"nat":"DK"}],"info":{"seed":"daee02d4b3c5b8e5","results":1,"page":1,"version":"1.4"}} 
 </msg>
<msg time="2024-07-26T13:18:08.209081" level="INFO">/opt/hostedtoolcache/Python/3.12.4/x64/lib/python3.12/site-packages/urllib3/connectionpool.py:1099: InsecureRequestWarning: Unverified HTTPS request is being made to host 'randomuser.me'. Adding certificate verification is strongly advised. See: https://urllib3.readthedocs.io/en/latest/advanced-usage.html#tls-warnings
  warnings.warn(</msg>
<msg time="2024-07-26T13:18:08.209190" level="INFO">${response} = &lt;Response [200]&gt;</msg>
<var>${response}</var>
<arg>consultarAPI</arg>
<arg>/api</arg>
<doc>Sends a GET request on a previously created HTTP Session.</doc>
<status status="PASS" start="2024-07-26T13:18:08.117765" elapsed="0.091467"/>
</kw>
<kw name="Set Variable" owner="BuiltIn">
<msg time="2024-07-26T13:18:08.210075" level="INFO">${json_data} = {'results': [{'gender': 'female', 'name': {'title': 'Mrs', 'first': 'Johanne', 'last': 'Mortensen'}, 'location': {'street': {'number': 1483, 'name': 'Haderslevvej'}, 'city': 'Hammel', 'state': 'Hoveds...</msg>
<var>${json_data}</var>
<arg>${response.json()}</arg>
<doc>Returns the given values which can then be assigned to a variables.</doc>
<status status="PASS" start="2024-07-26T13:18:08.209620" elapsed="0.000484"/>
</kw>
<kw name="Set Variable" owner="BuiltIn">
<msg time="2024-07-26T13:18:08.210811" level="INFO">${name_title} = Mrs</msg>
<var>${name_title}</var>
<arg>${json_data["results"][0]["name"]["title"]}</arg>
<doc>Returns the given values which can then be assigned to a variables.</doc>
<status status="PASS" start="2024-07-26T13:18:08.210407" elapsed="0.000428"/>
</kw>
<kw name="Create List" owner="BuiltIn">
<msg time="2024-07-26T13:18:08.211276" level="INFO">${allowed_titles} = ['Mr', 'Ms', 'Miss', 'Mrs', 'Madame', 'Monsieur']</msg>
<var>${allowed_titles}</var>
<arg>Mr</arg>
<arg>Ms</arg>
<arg>Miss</arg>
<arg>Mrs</arg>
<arg>Madame</arg>
<arg>Monsieur</arg>
<doc>Returns a list containing given items.</doc>
<status status="PASS" start="2024-07-26T13:18:08.211128" elapsed="0.000172"/>
</kw>
<kw name="List Should Contain Value" owner="Collections">
<arg>${allowed_titles}</arg>
<arg>${name_title}</arg>
<doc>Fails if the ``value`` is not found from ``list``.</doc>
<status status="PASS" start="2024-07-26T13:18:08.211598" elapsed="0.000178"/>
</kw>
<kw name="Set Variable" owner="BuiltIn">
<msg time="2024-07-26T13:18:08.212399" level="INFO">${name_country} = DK</msg>
<var>${name_country}</var>
<arg>${json_data["results"][0]["nat"]}</arg>
<doc>Returns the given values which can then be assigned to a variables.</doc>
<status status="PASS" start="2024-07-26T13:18:08.211974" elapsed="0.000450"/>
</kw>
<kw name="Create List" owner="BuiltIn">
<msg time="2024-07-26T13:18:08.213317" level="INFO">${list_country} = ['AD', 'AE', 'AF', 'AG', 'AI', 'AL', 'AM', 'AO', 'AQ', 'AR', 'AS', 'AT', 'AU', 'AW', 'AX', 'AZ', 'BA', 'BB', 'BD', 'BE', 'BF', 'BG', 'BH', 'BI', 'BJ', 'BL', 'BM', 'BN', 'BO', 'BQ', 'BR', 'BS', 'BT', '...</msg>
<var>${list_country}</var>
<arg>AD</arg>
<arg>AE</arg>
<arg>AF</arg>
<arg>AG</arg>
<arg>AI</arg>
<arg>AL</arg>
<arg>AM</arg>
<arg>AO</arg>
<arg>AQ</arg>
<arg>AR</arg>
<arg>AS</arg>
<arg>AT</arg>
<arg>AU</arg>
<arg>AW</arg>
<arg>AX</arg>
<arg>AZ</arg>
<arg>BA</arg>
<arg>BB</arg>
<arg>BD</arg>
<arg>BE</arg>
<arg>BF</arg>
<arg>BG</arg>
<arg>BH</arg>
<arg>BI</arg>
<arg>BJ</arg>
<arg>BL</arg>
<arg>BM</arg>
<arg>BN</arg>
<arg>BO</arg>
<arg>BQ</arg>
<arg>BR</arg>
<arg>BS</arg>
<arg>BT</arg>
<arg>BV</arg>
<arg>BW</arg>
<arg>BY</arg>
<arg>BZ</arg>
<arg>CA</arg>
<arg>CC</arg>
<arg>CD</arg>
<arg>CF</arg>
<arg>CG</arg>
<arg>CH</arg>
<arg>CI</arg>
<arg>CK</arg>
<arg>CL</arg>
<arg>CM</arg>
<arg>CN</arg>
<arg>CO</arg>
<arg>CR</arg>
<arg>CU</arg>
<arg>CV</arg>
<arg>CW</arg>
<arg>CX</arg>
<arg>CY</arg>
<arg>CZ</arg>
<arg>DE</arg>
<arg>DJ</arg>
<arg>DK</arg>
<arg>DM</arg>
<arg>DO</arg>
<arg>DZ</arg>
<arg>EC</arg>
<arg>EE</arg>
<arg>EG</arg>
<arg>EH</arg>
<arg>ER</arg>
<arg>ES</arg>
<arg>ET</arg>
<arg>FI</arg>
<arg>FJ</arg>
<arg>FK</arg>
<arg>FM</arg>
<arg>FO</arg>
<arg>FR</arg>
<arg>GA</arg>
<arg>GB</arg>
<arg>GD</arg>
<arg>GE</arg>
<arg>GF</arg>
<arg>GG</arg>
<arg>GH</arg>
<arg>GI</arg>
<arg>GL</arg>
<arg>GM</arg>
<arg>GN</arg>
<arg>GP</arg>
<arg>GQ</arg>
<arg>GR</arg>
<arg>GS</arg>
<arg>GT</arg>
<arg>GU</arg>
<arg>GW</arg>
<arg>GY</arg>
<arg>HK</arg>
<arg>HM</arg>
<arg>HN</arg>
<arg>HR</arg>
<arg>HT</arg>
<arg>HU</arg>
<arg>ID</arg>
<arg>IE</arg>
<arg>IL</arg>
<arg>IM</arg>
<arg>IN</arg>
<arg>IO</arg>
<arg>IQ</arg>
<arg>IR</arg>
<arg>IS</arg>
<arg>IT</arg>
<arg>JE</arg>
<arg>JM</arg>
<arg>JO</arg>
<arg>JP</arg>
<arg>KE</arg>
<arg>KG</arg>
<arg>KH</arg>
<arg>KI</arg>
<arg>KM</arg>
<arg>KN</arg>
<arg>KP</arg>
<arg>KR</arg>
<arg>KW</arg>
<arg>KY</arg>
<arg>KZ</arg>
<arg>LA</arg>
<arg>LB</arg>
<arg>LC</arg>
<arg>LI</arg>
<arg>LK</arg>
<arg>LR</arg>
<arg>LS</arg>
<arg>LT</arg>
<arg>LU</arg>
<arg>LV</arg>
<arg>LY</arg>
<arg>MA</arg>
<arg>MC</arg>
<arg>MD</arg>
<arg>ME</arg>
<arg>MF</arg>
<arg>MG</arg>
<arg>MH</arg>
<arg>MK</arg>
<arg>ML</arg>
<arg>MM</arg>
<arg>MN</arg>
<arg>MO</arg>
<arg>MP</arg>
<arg>MQ</arg>
<arg>MR</arg>
<arg>MS</arg>
<arg>MT</arg>
<arg>MU</arg>
<arg>MV</arg>
<arg>MW</arg>
<arg>MX</arg>
<arg>MY</arg>
<arg>MZ</arg>
<arg>NA</arg>
<arg>NC</arg>
<arg>NE</arg>
<arg>NF</arg>
<arg>NG</arg>
<arg>NI</arg>
<arg>NL</arg>
<arg>NO</arg>
<arg>NP</arg>
<arg>NR</arg>
<arg>NU</arg>
<arg>NZ</arg>
<arg>OM</arg>
<arg>PA</arg>
<arg>PE</arg>
<arg>PF</arg>
<arg>PG</arg>
<arg>PH</arg>
<arg>PK</arg>
<arg>PL</arg>
<arg>PM</arg>
<arg>PN</arg>
<arg>PR</arg>
<arg>PS</arg>
<arg>PT</arg>
<arg>PW</arg>
<arg>PY</arg>
<arg>QA</arg>
<arg>RE</arg>
<arg>RO</arg>
<arg>RS</arg>
<arg>RU</arg>
<arg>RW</arg>
<arg>SA</arg>
<arg>SB</arg>
<arg>SC</arg>
<arg>SD</arg>
<arg>SE</arg>
<arg>SG</arg>
<arg>SH</arg>
<arg>SI</arg>
<arg>SJ</arg>
<arg>SK</arg>
<arg>SL</arg>
<arg>SM</arg>
<arg>SN</arg>
<arg>SO</arg>
<arg>SR</arg>
<arg>SS</arg>
<arg>ST</arg>
<arg>SV</arg>
<arg>SX</arg>
<arg>SY</arg>
<arg>SZ</arg>
<arg>TC</arg>
<arg>TD</arg>
<arg>TF</arg>
<arg>TG</arg>
<arg>TH</arg>
<arg>TJ</arg>
<arg>TK</arg>
<arg>TL</arg>
<arg>TM</arg>
<arg>TN</arg>
<arg>TO</arg>
<arg>TR</arg>
<arg>TT</arg>
<arg>TV</arg>
<arg>TW</arg>
<arg>TZ</arg>
<arg>UA</arg>
<arg>UG</arg>
<arg>UM</arg>
<arg>US</arg>
<arg>UY</arg>
<arg>UZ</arg>
<arg>VA</arg>
<arg>VC</arg>
<arg>VE</arg>
<arg>VG</arg>
<arg>VI</arg>
<arg>VN</arg>
<arg>VU</arg>
<arg>WF</arg>
<arg>WS</arg>
<arg>XK</arg>
<arg>YE</arg>
<arg>YT</arg>
<arg>ZA</arg>
<arg>ZM</arg>
<arg>ZW</arg>
<doc>Returns a list containing given items.</doc>
<status status="PASS" start="2024-07-26T13:18:08.212713" elapsed="0.000629"/>
</kw>
<kw name="List Should Contain Value" owner="Collections">
<arg>${list_country}</arg>
<arg>${name_country}</arg>
<doc>Fails if the ``value`` is not found from ``list``.</doc>
<status status="PASS" start="2024-07-26T13:18:08.214278" elapsed="0.000213"/>
</kw>
<kw name="Run Keyword If" owner="BuiltIn">
<kw name="Should Be True" owner="BuiltIn">
<arg>${True}</arg>
<doc>Fails if the given condition is not true.</doc>
<status status="PASS" start="2024-07-26T13:18:08.215423" elapsed="0.000140"/>
</kw>
<arg>${json_data["results"][0]["location"]["coordinates"]["latitude"]} &gt;= -90 and ${json_data["results"][0]["location"]["coordinates"]["latitude"]} &lt;= 90</arg>
<arg>Should Be True</arg>
<arg>${True}</arg>
<doc>Runs the given keyword with the given arguments, if ``condition`` is true.</doc>
<status status="PASS" start="2024-07-26T13:18:08.214687" elapsed="0.001000"/>
</kw>
<kw name="Run Keyword If" owner="BuiltIn">
<kw name="Should Be True" owner="BuiltIn">
<arg>${True}</arg>
<doc>Fails if the given condition is not true.</doc>
<status status="PASS" start="2024-07-26T13:18:08.216585" elapsed="0.000148"/>
</kw>
<arg>${json_data["results"][0]["location"]["coordinates"]["longitude"]} &gt;= -180 and ${json_data["results"][0]["location"]["coordinates"]["longitude"]} &lt;= 180</arg>
<arg>Should Be True</arg>
<arg>${True}</arg>
<doc>Runs the given keyword with the given arguments, if ``condition`` is true.</doc>
<status status="PASS" start="2024-07-26T13:18:08.215867" elapsed="0.000996"/>
</kw>
<status status="PASS" start="2024-07-26T13:18:08.117544" elapsed="0.099453"/>
</kw>
<doc>Testa o conteúdo específico dos campos retornados pela API.</doc>
<tag>testeConteudo</tag>
<status status="PASS" start="2024-07-26T13:18:08.116977" elapsed="0.100170"/>
</test>
<status status="PASS" start="2024-07-26T13:18:07.082826" elapsed="1.136239"/>
</suite>
<status status="PASS" start="2024-07-26T13:18:07.068656" elapsed="1.155628"/>
</suite>
<statistics>
<total>
<stat pass="5" fail="0" skip="0">All Tests</stat>
</total>
<tag>
<stat pass="1" fail="0" skip="0">testeConteudo</stat>
<stat pass="1" fail="0" skip="0">testeEstruturaResposta</stat>
<stat pass="1" fail="0" skip="0">testeRequisicaoBasica</stat>
<stat pass="1" fail="0" skip="0">testeTiposDados</stat>
</tag>
<suite>
<stat pass="5" fail="0" skip="0" id="s1" name="Tests">Tests</stat>
<stat pass="5" fail="0" skip="0" id="s1-s1" name="Random-User-Test">Tests.Random-User-Test</stat>
</suite>
</statistics>
<errors>
</errors>
</robot>
