<?xml version="1.0" encoding="UTF-8"?>
<robot generator="Robot 7.0.1 (Python 3.12.4 on linux)" generated="2024-07-29T03:17:49.783419" rpa="false" schemaversion="5">
<suite id="s1" name="Tests" source="/home/runner/work/ApiRandomUser/ApiRandomUser/RamdonUser/tests">
<suite id="s1-s1" name="Random-User-Test" source="/home/runner/work/ApiRandomUser/ApiRandomUser/RamdonUser/tests/random-user-test.robot">
<test id="s1-s1-t1" name="Conectar" line="13">
<kw name="Conectar API" owner="random-user-service">
<kw name="Create Session" owner="RequestsLibrary">
<msg time="2024-07-29T03:17:50.191620" level="INFO">Creating Session using : alias=consultarAPI, url=https://randomuser.me/, headers={},                     cookies={}, auth=None, timeout=None, proxies=None, verify=False,                     debug=0 </msg>
<arg>consultarAPI</arg>
<arg>${URL}</arg>
<doc>Create Session: create a HTTP session to a server</doc>
<status status="PASS" start="2024-07-29T03:17:50.191405" elapsed="0.000420"/>
</kw>
<status status="PASS" start="2024-07-29T03:17:50.190360" elapsed="0.001829"/>
</kw>
<status status="PASS" start="2024-07-29T03:17:50.189751" elapsed="0.002632"/>
</test>
<test id="s1-s1-t2" name="Validar retorno 200 e JSON Válido" line="16">
<kw name="Teste de Requisicao Basica" owner="random-user-service">
<kw name="GET On Session" owner="RequestsLibrary">
<msg time="2024-07-29T03:17:50.405171" level="INFO">GET Request : url=https://randomuser.me/api 
 path_url=/api 
 headers={'User-Agent': 'python-requests/2.32.3', 'Accept-Encoding': 'gzip, deflate', 'Accept': '*/*', 'Connection': 'keep-alive'} 
 body=None 
 </msg>
<msg time="2024-07-29T03:17:50.405335" level="INFO">GET Response : url=https://randomuser.me/api 
 status=200, reason=OK 
 headers={'Date': 'Mon, 29 Jul 2024 03:17:50 GMT', 'Content-Type': 'application/json; charset=utf-8', 'Transfer-Encoding': 'chunked', 'Connection': 'keep-alive', 'X-Powered-By': 'Express', 'Access-Control-Allow-Origin': '*', 'Cache-Control': 'no-cache', 'ETag': 'W/"494-Qf+XH3FLswlXEg6AdHFmZecp/qo"', 'Vary': 'Accept-Encoding', 'Content-Encoding': 'gzip', 'CF-Cache-Status': 'DYNAMIC', 'Report-To': '{"endpoints":[{"url":"https:\\/\\/a.nel.cloudflare.com\\/report\\/v4?s=sKaslWCLyYxap7cXYhTtMDrLwOWwbZshI0fodNXaMCsB66rppB2PiMQb2kRIOBrZ2YIu8QB3FPscdl%2FnS5n9F22wefrA7nhBeGC5PIv%2Bx%2BCX1wFXdCuMSct6F%2FMRpQ7K"}],"group":"cf-nel","max_age":604800}', 'NEL': '{"success_fraction":0,"report_to":"cf-nel","max_age":604800}', 'Server': 'cloudflare', 'CF-RAY': '8aa9f54cfbed8108-ORD', 'alt-svc': 'h3=":443"; ma=86400'} 
 body={"results":[{"gender":"female","name":{"title":"Miss","first":"Evdokija","last":"Pejaković"},"location":{"street":{"number":9123,"name":"Kolubarska"},"city":"Titel","state":"Podunavlje","country":"Serbia","postcode":42251,"coordinates":{"latitude":"58.3010","longitude":"144.6947"},"timezone":{"offset":"-3:00","description":"Brazil, Buenos Aires, Georgetown"}},"email":"evdokija.pejakovic@example.com","login":{"uuid":"4825e5d9-5e02-43ad-82c8-fc4a13f0c0a2","username":"orangewolf793","password":"roberto","salt":"5dlmO2rj","md5":"87380410b813a31de59af36353368120","sha1":"0cb83c3ea5f5e8124576fe834571c9fda72ff3c6","sha256":"66e5dc4941745246f1d47cfdd481ee2f4f08c8446d949959cd4a1f821dbda4be"},"dob":{"date":"1959-05-27T12:23:08.114Z","age":65},"registered":{"date":"2015-12-03T06:14:21.378Z","age":8},"phone":"019-0706-109","cell":"066-3267-600","id":{"name":"SID","value":"656456560"},"picture":{"large":"https://randomuser.me/api/portraits/women/7.jpg","medium":"https://randomuser.me/api/portraits/med/women/7.jpg","thumbnail":"https://randomuser.me/api/portraits/thumb/women/7.jpg"},"nat":"RS"}],"info":{"seed":"52f69ed445480395","results":1,"page":1,"version":"1.4"}} 
 </msg>
<msg time="2024-07-29T03:17:50.405421" level="INFO">/opt/hostedtoolcache/Python/3.12.4/x64/lib/python3.12/site-packages/urllib3/connectionpool.py:1099: InsecureRequestWarning: Unverified HTTPS request is being made to host 'randomuser.me'. Adding certificate verification is strongly advised. See: https://urllib3.readthedocs.io/en/latest/advanced-usage.html#tls-warnings
  warnings.warn(</msg>
<msg time="2024-07-29T03:17:50.405557" level="INFO">${response} = &lt;Response [200]&gt;</msg>
<var>${response}</var>
<arg>consultarAPI</arg>
<arg>/api</arg>
<doc>Sends a GET request on a previously created HTTP Session.</doc>
<status status="PASS" start="2024-07-29T03:17:50.195053" elapsed="0.210549"/>
</kw>
<kw name="Should Be Equal As Numbers" owner="BuiltIn">
<msg time="2024-07-29T03:17:50.406678" level="INFO">Argument types are:
&lt;class 'int'&gt;
&lt;class 'str'&gt;</msg>
<arg>${response.status_code}</arg>
<arg>200</arg>
<doc>Fails if objects are unequal after converting them to real numbers.</doc>
<status status="PASS" start="2024-07-29T03:17:50.406205" elapsed="0.000539"/>
</kw>
<kw name="Log" owner="BuiltIn">
<msg time="2024-07-29T03:17:50.407426" level="INFO">200</msg>
<arg>${response.status_code}</arg>
<doc>Logs the given message with the given level.</doc>
<status status="PASS" start="2024-07-29T03:17:50.407068" elapsed="0.000402"/>
</kw>
<kw name="Set Variable" owner="BuiltIn">
<msg time="2024-07-29T03:17:50.408281" level="INFO">${json_data} = {'results': [{'gender': 'female', 'name': {'title': 'Miss', 'first': 'Evdokija', 'last': 'Pejaković'}, 'location': {'street': {'number': 9123, 'name': 'Kolubarska'}, 'city': 'Titel', 'state': 'Podunav...</msg>
<var>${json_data}</var>
<arg>${response.json()}</arg>
<doc>Returns the given values which can then be assigned to a variables.</doc>
<status status="PASS" start="2024-07-29T03:17:50.407824" elapsed="0.000487"/>
</kw>
<kw name="Dictionary Should Contain Key" owner="Collections">
<arg>${json_data}</arg>
<arg>results</arg>
<doc>Fails if ``key`` is not found from ``dictionary``.</doc>
<status status="PASS" start="2024-07-29T03:17:50.408620" elapsed="0.000341"/>
</kw>
<status status="PASS" start="2024-07-29T03:17:50.194811" elapsed="0.214306"/>
</kw>
<doc>Testa se a API responde corretamente e retorna um objeto JSON válido.</doc>
<tag>testeRequisicaoBasica</tag>
<status status="PASS" start="2024-07-29T03:17:50.194277" elapsed="0.215019"/>
</test>
<test id="s1-s1-t3" name="Validar estrutura de resposta" line="22">
<kw name="Teste de Estrutura de Resposta" owner="random-user-service">
<kw name="GET On Session" owner="RequestsLibrary">
<msg time="2024-07-29T03:17:50.514490" level="INFO">GET Request : url=https://randomuser.me/api 
 path_url=/api 
 headers={'User-Agent': 'python-requests/2.32.3', 'Accept-Encoding': 'gzip, deflate', 'Accept': '*/*', 'Connection': 'keep-alive'} 
 body=None 
 </msg>
<msg time="2024-07-29T03:17:50.514580" level="INFO">GET Response : url=https://randomuser.me/api 
 status=200, reason=OK 
 headers={'Date': 'Mon, 29 Jul 2024 03:17:50 GMT', 'Content-Type': 'application/json; charset=utf-8', 'Transfer-Encoding': 'chunked', 'Connection': 'keep-alive', 'X-Powered-By': 'Express', 'Access-Control-Allow-Origin': '*', 'Cache-Control': 'no-cache', 'ETag': 'W/"49a-MDzv8SY3HAzJoTZlLSycP8fnWEE"', 'Vary': 'Accept-Encoding', 'Content-Encoding': 'gzip', 'CF-Cache-Status': 'DYNAMIC', 'Report-To': '{"endpoints":[{"url":"https:\\/\\/a.nel.cloudflare.com\\/report\\/v4?s=RGdQm9%2F1%2FvWyzvq5xbzMT4GmLSYNkGKigRTlOo3Fs2E7DmYezMVUw%2F485%2BFYTyEyaIliFhaaLr1gRrwito9ul%2FOPb4xiUkfT8zX0sOcnoOqKr4ivFOndjuPItrr758MH"}],"group":"cf-nel","max_age":604800}', 'NEL': '{"success_fraction":0,"report_to":"cf-nel","max_age":604800}', 'Server': 'cloudflare', 'CF-RAY': '8aa9f54e1cea8108-ORD', 'alt-svc': 'h3=":443"; ma=86400'} 
 body={"results":[{"gender":"female","name":{"title":"Mrs","first":"Filippa","last":"Rasmussen"},"location":{"street":{"number":8403,"name":"Violvej"},"city":"Øster Assels","state":"Syddanmark","country":"Denmark","postcode":78874,"coordinates":{"latitude":"-44.8685","longitude":"89.4025"},"timezone":{"offset":"+8:00","description":"Beijing, Perth, Singapore, Hong Kong"}},"email":"filippa.rasmussen@example.com","login":{"uuid":"4e8ddffe-cb6d-47b7-8159-129b854ad3b7","username":"organicbutterfly242","password":"edge","salt":"UxZBQBdf","md5":"8ba50f24178821458ab5d767233f0934","sha1":"b4500f93ff4fefa2e7d99db914551dc4fcdaca9b","sha256":"bd99fe75fc854d92497e2a4c2d4a80772b7e634f55a2cc391a133feb8a7b2fb6"},"dob":{"date":"1978-01-18T21:30:45.442Z","age":46},"registered":{"date":"2017-02-23T06:25:25.537Z","age":7},"phone":"32682741","cell":"01548806","id":{"name":"CPR","value":"180178-0485"},"picture":{"large":"https://randomuser.me/api/portraits/women/49.jpg","medium":"https://randomuser.me/api/portraits/med/women/49.jpg","thumbnail":"https://randomuser.me/api/portraits/thumb/women/49.jpg"},"nat":"DK"}],"info":{"seed":"868e7f6bf339714e","results":1,"page":1,"version":"1.4"}} 
 </msg>
<msg time="2024-07-29T03:17:50.514708" level="INFO">/opt/hostedtoolcache/Python/3.12.4/x64/lib/python3.12/site-packages/urllib3/connectionpool.py:1099: InsecureRequestWarning: Unverified HTTPS request is being made to host 'randomuser.me'. Adding certificate verification is strongly advised. See: https://urllib3.readthedocs.io/en/latest/advanced-usage.html#tls-warnings
  warnings.warn(</msg>
<msg time="2024-07-29T03:17:50.514834" level="INFO">${response} = &lt;Response [200]&gt;</msg>
<var>${response}</var>
<arg>consultarAPI</arg>
<arg>/api</arg>
<doc>Sends a GET request on a previously created HTTP Session.</doc>
<status status="PASS" start="2024-07-29T03:17:50.412007" elapsed="0.102872"/>
</kw>
<kw name="Set Variable" owner="BuiltIn">
<msg time="2024-07-29T03:17:50.515822" level="INFO">${json_data} = {'results': [{'gender': 'female', 'name': {'title': 'Mrs', 'first': 'Filippa', 'last': 'Rasmussen'}, 'location': {'street': {'number': 8403, 'name': 'Violvej'}, 'city': 'Øster Assels', 'state': 'Sydda...</msg>
<var>${json_data}</var>
<arg>${response.json()}</arg>
<doc>Returns the given values which can then be assigned to a variables.</doc>
<status status="PASS" start="2024-07-29T03:17:50.515310" elapsed="0.000542"/>
</kw>
<kw name="Log" owner="BuiltIn">
<msg time="2024-07-29T03:17:50.516321" level="INFO">{'results': [{'gender': 'female', 'name': {'title': 'Mrs', 'first': 'Filippa', 'last': 'Rasmussen'}, 'location': {'street': {'number': 8403, 'name': 'Violvej'}, 'city': 'Øster Assels', 'state': 'Syddanmark', 'country': 'Denmark', 'postcode': 78874, 'coordinates': {'latitude': '-44.8685', 'longitude': '89.4025'}, 'timezone': {'offset': '+8:00', 'description': 'Beijing, Perth, Singapore, Hong Kong'}}, 'email': 'filippa.rasmussen@example.com', 'login': {'uuid': '4e8ddffe-cb6d-47b7-8159-129b854ad3b7', 'username': 'organicbutterfly242', 'password': 'edge', 'salt': 'UxZBQBdf', 'md5': '8ba50f24178821458ab5d767233f0934', 'sha1': 'b4500f93ff4fefa2e7d99db914551dc4fcdaca9b', 'sha256': 'bd99fe75fc854d92497e2a4c2d4a80772b7e634f55a2cc391a133feb8a7b2fb6'}, 'dob': {'date': '1978-01-18T21:30:45.442Z', 'age': 46}, 'registered': {'date': '2017-02-23T06:25:25.537Z', 'age': 7}, 'phone': '32682741', 'cell': '01548806', 'id': {'name': 'CPR', 'value': '180178-0485'}, 'picture': {'large': 'https://randomuser.me/api/portraits/women/49.jpg', 'medium': 'https://randomuser.me/api/portraits/med/women/49.jpg', 'thumbnail': 'https://randomuser.me/api/portraits/thumb/women/49.jpg'}, 'nat': 'DK'}], 'info': {'seed': '868e7f6bf339714e', 'results': 1, 'page': 1, 'version': '1.4'}}</msg>
<arg>${json_data}</arg>
<doc>Logs the given message with the given level.</doc>
<status status="PASS" start="2024-07-29T03:17:50.516156" elapsed="0.000215"/>
</kw>
<kw name="Dictionary Should Contain Key" owner="Collections">
<arg>${json_data}</arg>
<arg>results</arg>
<doc>Fails if ``key`` is not found from ``dictionary``.</doc>
<status status="PASS" start="2024-07-29T03:17:50.516663" elapsed="0.000161"/>
</kw>
<kw name="Should Not Be Empty" owner="BuiltIn">
<msg time="2024-07-29T03:17:50.517151" level="INFO">Length is 2.</msg>
<arg>${json_data}</arg>
<doc>Verifies that the given item is not empty.</doc>
<status status="PASS" start="2024-07-29T03:17:50.517021" elapsed="0.000167"/>
</kw>
<kw name="Create List" owner="BuiltIn">
<msg time="2024-07-29T03:17:50.517622" level="INFO">${expected_keys} = ['gender', 'name', 'location', 'email', 'login']</msg>
<var>${expected_keys}</var>
<arg>gender</arg>
<arg>name</arg>
<arg>location</arg>
<arg>email</arg>
<arg>login</arg>
<doc>Returns a list containing given items.</doc>
<status status="PASS" start="2024-07-29T03:17:50.517471" elapsed="0.000174"/>
</kw>
<for flavor="IN">
<iter>
<kw name="Dictionary Should Contain Key" owner="Collections">
<arg>${json_data['results'][0]}</arg>
<arg>${key}</arg>
<doc>Fails if ``key`` is not found from ``dictionary``.</doc>
<status status="PASS" start="2024-07-29T03:17:50.518211" elapsed="0.000399"/>
</kw>
<kw name="Log" owner="BuiltIn">
<msg time="2024-07-29T03:17:50.519145" level="INFO">{'gender': 'female', 'name': {'title': 'Mrs', 'first': 'Filippa', 'last': 'Rasmussen'}, 'location': {'street': {'number': 8403, 'name': 'Violvej'}, 'city': 'Øster Assels', 'state': 'Syddanmark', 'country': 'Denmark', 'postcode': 78874, 'coordinates': {'latitude': '-44.8685', 'longitude': '89.4025'}, 'timezone': {'offset': '+8:00', 'description': 'Beijing, Perth, Singapore, Hong Kong'}}, 'email': 'filippa.rasmussen@example.com', 'login': {'uuid': '4e8ddffe-cb6d-47b7-8159-129b854ad3b7', 'username': 'organicbutterfly242', 'password': 'edge', 'salt': 'UxZBQBdf', 'md5': '8ba50f24178821458ab5d767233f0934', 'sha1': 'b4500f93ff4fefa2e7d99db914551dc4fcdaca9b', 'sha256': 'bd99fe75fc854d92497e2a4c2d4a80772b7e634f55a2cc391a133feb8a7b2fb6'}, 'dob': {'date': '1978-01-18T21:30:45.442Z', 'age': 46}, 'registered': {'date': '2017-02-23T06:25:25.537Z', 'age': 7}, 'phone': '32682741', 'cell': '01548806', 'id': {'name': 'CPR', 'value': '180178-0485'}, 'picture': {'large': 'https://randomuser.me/api/portraits/women/49.jpg', 'medium': 'https://randomuser.me/api/portraits/med/women/49.jpg', 'thumbnail': 'https://randomuser.me/api/portraits/thumb/women/49.jpg'}, 'nat': 'DK'}</msg>
<arg>${json_data['results'][0]}</arg>
<doc>Logs the given message with the given level.</doc>
<status status="PASS" start="2024-07-29T03:17:50.518792" elapsed="0.000413"/>
</kw>
<kw name="Log" owner="BuiltIn">
<msg time="2024-07-29T03:17:50.519637" level="INFO">gender</msg>
<arg>${key}</arg>
<doc>Logs the given message with the given level.</doc>
<status status="PASS" start="2024-07-29T03:17:50.519506" elapsed="0.000169"/>
</kw>
<var name="${key}">gender</var>
<status status="PASS" start="2024-07-29T03:17:50.518087" elapsed="0.001830"/>
</iter>
<iter>
<kw name="Dictionary Should Contain Key" owner="Collections">
<arg>${json_data['results'][0]}</arg>
<arg>${key}</arg>
<doc>Fails if ``key`` is not found from ``dictionary``.</doc>
<status status="PASS" start="2024-07-29T03:17:50.520209" elapsed="0.000377"/>
</kw>
<kw name="Log" owner="BuiltIn">
<msg time="2024-07-29T03:17:50.521126" level="INFO">{'gender': 'female', 'name': {'title': 'Mrs', 'first': 'Filippa', 'last': 'Rasmussen'}, 'location': {'street': {'number': 8403, 'name': 'Violvej'}, 'city': 'Øster Assels', 'state': 'Syddanmark', 'country': 'Denmark', 'postcode': 78874, 'coordinates': {'latitude': '-44.8685', 'longitude': '89.4025'}, 'timezone': {'offset': '+8:00', 'description': 'Beijing, Perth, Singapore, Hong Kong'}}, 'email': 'filippa.rasmussen@example.com', 'login': {'uuid': '4e8ddffe-cb6d-47b7-8159-129b854ad3b7', 'username': 'organicbutterfly242', 'password': 'edge', 'salt': 'UxZBQBdf', 'md5': '8ba50f24178821458ab5d767233f0934', 'sha1': 'b4500f93ff4fefa2e7d99db914551dc4fcdaca9b', 'sha256': 'bd99fe75fc854d92497e2a4c2d4a80772b7e634f55a2cc391a133feb8a7b2fb6'}, 'dob': {'date': '1978-01-18T21:30:45.442Z', 'age': 46}, 'registered': {'date': '2017-02-23T06:25:25.537Z', 'age': 7}, 'phone': '32682741', 'cell': '01548806', 'id': {'name': 'CPR', 'value': '180178-0485'}, 'picture': {'large': 'https://randomuser.me/api/portraits/women/49.jpg', 'medium': 'https://randomuser.me/api/portraits/med/women/49.jpg', 'thumbnail': 'https://randomuser.me/api/portraits/thumb/women/49.jpg'}, 'nat': 'DK'}</msg>
<arg>${json_data['results'][0]}</arg>
<doc>Logs the given message with the given level.</doc>
<status status="PASS" start="2024-07-29T03:17:50.520767" elapsed="0.000441"/>
</kw>
<kw name="Log" owner="BuiltIn">
<msg time="2024-07-29T03:17:50.521649" level="INFO">name</msg>
<arg>${key}</arg>
<doc>Logs the given message with the given level.</doc>
<status status="PASS" start="2024-07-29T03:17:50.521519" elapsed="0.000168"/>
</kw>
<var name="${key}">name</var>
<status status="PASS" start="2024-07-29T03:17:50.520099" elapsed="0.001805"/>
</iter>
<iter>
<kw name="Dictionary Should Contain Key" owner="Collections">
<arg>${json_data['results'][0]}</arg>
<arg>${key}</arg>
<doc>Fails if ``key`` is not found from ``dictionary``.</doc>
<status status="PASS" start="2024-07-29T03:17:50.522189" elapsed="0.000377"/>
</kw>
<kw name="Log" owner="BuiltIn">
<msg time="2024-07-29T03:17:50.523105" level="INFO">{'gender': 'female', 'name': {'title': 'Mrs', 'first': 'Filippa', 'last': 'Rasmussen'}, 'location': {'street': {'number': 8403, 'name': 'Violvej'}, 'city': 'Øster Assels', 'state': 'Syddanmark', 'country': 'Denmark', 'postcode': 78874, 'coordinates': {'latitude': '-44.8685', 'longitude': '89.4025'}, 'timezone': {'offset': '+8:00', 'description': 'Beijing, Perth, Singapore, Hong Kong'}}, 'email': 'filippa.rasmussen@example.com', 'login': {'uuid': '4e8ddffe-cb6d-47b7-8159-129b854ad3b7', 'username': 'organicbutterfly242', 'password': 'edge', 'salt': 'UxZBQBdf', 'md5': '8ba50f24178821458ab5d767233f0934', 'sha1': 'b4500f93ff4fefa2e7d99db914551dc4fcdaca9b', 'sha256': 'bd99fe75fc854d92497e2a4c2d4a80772b7e634f55a2cc391a133feb8a7b2fb6'}, 'dob': {'date': '1978-01-18T21:30:45.442Z', 'age': 46}, 'registered': {'date': '2017-02-23T06:25:25.537Z', 'age': 7}, 'phone': '32682741', 'cell': '01548806', 'id': {'name': 'CPR', 'value': '180178-0485'}, 'picture': {'large': 'https://randomuser.me/api/portraits/women/49.jpg', 'medium': 'https://randomuser.me/api/portraits/med/women/49.jpg', 'thumbnail': 'https://randomuser.me/api/portraits/thumb/women/49.jpg'}, 'nat': 'DK'}</msg>
<arg>${json_data['results'][0]}</arg>
<doc>Logs the given message with the given level.</doc>
<status status="PASS" start="2024-07-29T03:17:50.522755" elapsed="0.000399"/>
</kw>
<kw name="Log" owner="BuiltIn">
<msg time="2024-07-29T03:17:50.523586" level="INFO">location</msg>
<arg>${key}</arg>
<doc>Logs the given message with the given level.</doc>
<status status="PASS" start="2024-07-29T03:17:50.523457" elapsed="0.000167"/>
</kw>
<var name="${key}">location</var>
<status status="PASS" start="2024-07-29T03:17:50.522080" elapsed="0.001793"/>
</iter>
<iter>
<kw name="Dictionary Should Contain Key" owner="Collections">
<arg>${json_data['results'][0]}</arg>
<arg>${key}</arg>
<doc>Fails if ``key`` is not found from ``dictionary``.</doc>
<status status="PASS" start="2024-07-29T03:17:50.524151" elapsed="0.000382"/>
</kw>
<kw name="Log" owner="BuiltIn">
<msg time="2024-07-29T03:17:50.525191" level="INFO">{'gender': 'female', 'name': {'title': 'Mrs', 'first': 'Filippa', 'last': 'Rasmussen'}, 'location': {'street': {'number': 8403, 'name': 'Violvej'}, 'city': 'Øster Assels', 'state': 'Syddanmark', 'country': 'Denmark', 'postcode': 78874, 'coordinates': {'latitude': '-44.8685', 'longitude': '89.4025'}, 'timezone': {'offset': '+8:00', 'description': 'Beijing, Perth, Singapore, Hong Kong'}}, 'email': 'filippa.rasmussen@example.com', 'login': {'uuid': '4e8ddffe-cb6d-47b7-8159-129b854ad3b7', 'username': 'organicbutterfly242', 'password': 'edge', 'salt': 'UxZBQBdf', 'md5': '8ba50f24178821458ab5d767233f0934', 'sha1': 'b4500f93ff4fefa2e7d99db914551dc4fcdaca9b', 'sha256': 'bd99fe75fc854d92497e2a4c2d4a80772b7e634f55a2cc391a133feb8a7b2fb6'}, 'dob': {'date': '1978-01-18T21:30:45.442Z', 'age': 46}, 'registered': {'date': '2017-02-23T06:25:25.537Z', 'age': 7}, 'phone': '32682741', 'cell': '01548806', 'id': {'name': 'CPR', 'value': '180178-0485'}, 'picture': {'large': 'https://randomuser.me/api/portraits/women/49.jpg', 'medium': 'https://randomuser.me/api/portraits/med/women/49.jpg', 'thumbnail': 'https://randomuser.me/api/portraits/thumb/women/49.jpg'}, 'nat': 'DK'}</msg>
<arg>${json_data['results'][0]}</arg>
<doc>Logs the given message with the given level.</doc>
<status status="PASS" start="2024-07-29T03:17:50.524827" elapsed="0.000414"/>
</kw>
<kw name="Log" owner="BuiltIn">
<msg time="2024-07-29T03:17:50.525667" level="INFO">email</msg>
<arg>${key}</arg>
<doc>Logs the given message with the given level.</doc>
<status status="PASS" start="2024-07-29T03:17:50.525536" elapsed="0.000169"/>
</kw>
<var name="${key}">email</var>
<status status="PASS" start="2024-07-29T03:17:50.524044" elapsed="0.001877"/>
</iter>
<iter>
<kw name="Dictionary Should Contain Key" owner="Collections">
<arg>${json_data['results'][0]}</arg>
<arg>${key}</arg>
<doc>Fails if ``key`` is not found from ``dictionary``.</doc>
<status status="PASS" start="2024-07-29T03:17:50.526200" elapsed="0.000373"/>
</kw>
<kw name="Log" owner="BuiltIn">
<msg time="2024-07-29T03:17:50.527099" level="INFO">{'gender': 'female', 'name': {'title': 'Mrs', 'first': 'Filippa', 'last': 'Rasmussen'}, 'location': {'street': {'number': 8403, 'name': 'Violvej'}, 'city': 'Øster Assels', 'state': 'Syddanmark', 'country': 'Denmark', 'postcode': 78874, 'coordinates': {'latitude': '-44.8685', 'longitude': '89.4025'}, 'timezone': {'offset': '+8:00', 'description': 'Beijing, Perth, Singapore, Hong Kong'}}, 'email': 'filippa.rasmussen@example.com', 'login': {'uuid': '4e8ddffe-cb6d-47b7-8159-129b854ad3b7', 'username': 'organicbutterfly242', 'password': 'edge', 'salt': 'UxZBQBdf', 'md5': '8ba50f24178821458ab5d767233f0934', 'sha1': 'b4500f93ff4fefa2e7d99db914551dc4fcdaca9b', 'sha256': 'bd99fe75fc854d92497e2a4c2d4a80772b7e634f55a2cc391a133feb8a7b2fb6'}, 'dob': {'date': '1978-01-18T21:30:45.442Z', 'age': 46}, 'registered': {'date': '2017-02-23T06:25:25.537Z', 'age': 7}, 'phone': '32682741', 'cell': '01548806', 'id': {'name': 'CPR', 'value': '180178-0485'}, 'picture': {'large': 'https://randomuser.me/api/portraits/women/49.jpg', 'medium': 'https://randomuser.me/api/portraits/med/women/49.jpg', 'thumbnail': 'https://randomuser.me/api/portraits/thumb/women/49.jpg'}, 'nat': 'DK'}</msg>
<arg>${json_data['results'][0]}</arg>
<doc>Logs the given message with the given level.</doc>
<status status="PASS" start="2024-07-29T03:17:50.526753" elapsed="0.000394"/>
</kw>
<kw name="Log" owner="BuiltIn">
<msg time="2024-07-29T03:17:50.527566" level="INFO">login</msg>
<arg>${key}</arg>
<doc>Logs the given message with the given level.</doc>
<status status="PASS" start="2024-07-29T03:17:50.527437" elapsed="0.000166"/>
</kw>
<var name="${key}">login</var>
<status status="PASS" start="2024-07-29T03:17:50.526094" elapsed="0.001746"/>
</iter>
<var>${key}</var>
<value>@{expected_keys}</value>
<status status="PASS" start="2024-07-29T03:17:50.517903" elapsed="0.010057"/>
</for>
<kw name="Create List" owner="BuiltIn">
<msg time="2024-07-29T03:17:50.528325" level="INFO">${expected_keysTwo} = ['username', 'password']</msg>
<var>${expected_keysTwo}</var>
<arg>username</arg>
<arg>password</arg>
<doc>Returns a list containing given items.</doc>
<status status="PASS" start="2024-07-29T03:17:50.528157" elapsed="0.000192"/>
</kw>
<for flavor="IN">
<iter>
<kw name="Dictionary Should Contain Key" owner="Collections">
<arg>${json_data['results'][0]['login']}</arg>
<arg>${keyTwo}</arg>
<doc>Fails if ``key`` is not found from ``dictionary``.</doc>
<status status="PASS" start="2024-07-29T03:17:50.528852" elapsed="0.000385"/>
</kw>
<kw name="Dictionary Should Contain Key" owner="Collections">
<arg>${json_data['results'][0]['login']}</arg>
<arg>${keyTwo}</arg>
<doc>Fails if ``key`` is not found from ``dictionary``.</doc>
<status status="PASS" start="2024-07-29T03:17:50.529418" elapsed="0.000375"/>
</kw>
<kw name="Log" owner="BuiltIn">
<msg time="2024-07-29T03:17:50.530090" level="INFO">username</msg>
<arg>${keyTwo}</arg>
<doc>Logs the given message with the given level.</doc>
<status status="PASS" start="2024-07-29T03:17:50.529970" elapsed="0.000158"/>
</kw>
<var name="${keyTwo}">username</var>
<status status="PASS" start="2024-07-29T03:17:50.528745" elapsed="0.001601"/>
</iter>
<iter>
<kw name="Dictionary Should Contain Key" owner="Collections">
<arg>${json_data['results'][0]['login']}</arg>
<arg>${keyTwo}</arg>
<doc>Fails if ``key`` is not found from ``dictionary``.</doc>
<status status="PASS" start="2024-07-29T03:17:50.530628" elapsed="0.000375"/>
</kw>
<kw name="Dictionary Should Contain Key" owner="Collections">
<arg>${json_data['results'][0]['login']}</arg>
<arg>${keyTwo}</arg>
<doc>Fails if ``key`` is not found from ``dictionary``.</doc>
<status status="PASS" start="2024-07-29T03:17:50.531179" elapsed="0.000369"/>
</kw>
<kw name="Log" owner="BuiltIn">
<msg time="2024-07-29T03:17:50.531893" level="INFO">password</msg>
<arg>${keyTwo}</arg>
<doc>Logs the given message with the given level.</doc>
<status status="PASS" start="2024-07-29T03:17:50.531757" elapsed="0.000173"/>
</kw>
<var name="${keyTwo}">password</var>
<status status="PASS" start="2024-07-29T03:17:50.530516" elapsed="0.001637"/>
</iter>
<var>${keyTwo}</var>
<value>@{expected_keysTwo}</value>
<status status="PASS" start="2024-07-29T03:17:50.528595" elapsed="0.003676"/>
</for>
<status status="PASS" start="2024-07-29T03:17:50.411759" elapsed="0.120647"/>
</kw>
<doc>Testa a estrutura da resposta da API.</doc>
<tag>testeEstruturaResposta</tag>
<status status="PASS" start="2024-07-29T03:17:50.411145" elapsed="0.121409"/>
</test>
<test id="s1-s1-t4" name="Validar tipos de dados" line="28">
<kw name="Teste de Tipos de Dados" owner="random-user-service">
<kw name="GET On Session" owner="RequestsLibrary">
<msg time="2024-07-29T03:17:50.580238" level="INFO">GET Request : url=https://randomuser.me/api 
 path_url=/api 
 headers={'User-Agent': 'python-requests/2.32.3', 'Accept-Encoding': 'gzip, deflate', 'Accept': '*/*', 'Connection': 'keep-alive'} 
 body=None 
 </msg>
<msg time="2024-07-29T03:17:50.580307" level="INFO">GET Response : url=https://randomuser.me/api 
 status=200, reason=OK 
 headers={'Date': 'Mon, 29 Jul 2024 03:17:50 GMT', 'Content-Type': 'application/json; charset=utf-8', 'Transfer-Encoding': 'chunked', 'Connection': 'keep-alive', 'X-Powered-By': 'Express', 'Access-Control-Allow-Origin': '*', 'Cache-Control': 'no-cache', 'ETag': 'W/"496-r5rycfBItk6oRjRPvI1UuXwkGcI"', 'Vary': 'Accept-Encoding', 'Content-Encoding': 'gzip', 'CF-Cache-Status': 'DYNAMIC', 'Report-To': '{"endpoints":[{"url":"https:\\/\\/a.nel.cloudflare.com\\/report\\/v4?s=TPd4Oh%2Fkk0S79lOg%2BWuhI6v3g9k6sgx3AoA%2Flt6woeBHhvNWmIwkfzXo1x6rtCTV9qonF%2Bwm7jzvg%2B1bq1%2FwopG1OacodL73LavwpgCgnLtZ1gS36wagLHpxjBIt5lLw"}],"group":"cf-nel","max_age":604800}', 'NEL': '{"success_fraction":0,"report_to":"cf-nel","max_age":604800}', 'Server': 'cloudflare', 'CF-RAY': '8aa9f54eddca8108-ORD', 'alt-svc': 'h3=":443"; ma=86400'} 
 body={"results":[{"gender":"female","name":{"title":"Mrs","first":"Hema","last":"Almeida"},"location":{"street":{"number":5396,"name":"Bhootnath Rd"},"city":"Nangloi Jat","state":"Bihar","country":"India","postcode":79828,"coordinates":{"latitude":"12.7724","longitude":"159.8516"},"timezone":{"offset":"+5:00","description":"Ekaterinburg, Islamabad, Karachi, Tashkent"}},"email":"hema.almeida@example.com","login":{"uuid":"30aa81a2-cd3d-46a6-9d3f-bef229b579e7","username":"whitepanda915","password":"chanel","salt":"Zn1APyw2","md5":"a2c7dd593a49f9dfac6e2214a79a5d1e","sha1":"e2b1a63955098e93c3e0d44026d741d8cfd11d5c","sha256":"8ef985b5dda20933e9c664b4f26073004a2a71bed88904145fef6db72e8b2a95"},"dob":{"date":"2001-01-21T14:34:01.083Z","age":23},"registered":{"date":"2005-11-14T14:34:09.479Z","age":18},"phone":"8734694246","cell":"8447008558","id":{"name":"UIDAI","value":"681750567393"},"picture":{"large":"https://randomuser.me/api/portraits/women/16.jpg","medium":"https://randomuser.me/api/portraits/med/women/16.jpg","thumbnail":"https://randomuser.me/api/portraits/thumb/women/16.jpg"},"nat":"IN"}],"info":{"seed":"a376417535fe65f1","results":1,"page":1,"version":"1.4"}} 
 </msg>
<msg time="2024-07-29T03:17:50.580368" level="INFO">/opt/hostedtoolcache/Python/3.12.4/x64/lib/python3.12/site-packages/urllib3/connectionpool.py:1099: InsecureRequestWarning: Unverified HTTPS request is being made to host 'randomuser.me'. Adding certificate verification is strongly advised. See: https://urllib3.readthedocs.io/en/latest/advanced-usage.html#tls-warnings
  warnings.warn(</msg>
<msg time="2024-07-29T03:17:50.580462" level="INFO">${response} = &lt;Response [200]&gt;</msg>
<var>${response}</var>
<arg>consultarAPI</arg>
<arg>/api</arg>
<doc>Sends a GET request on a previously created HTTP Session.</doc>
<status status="PASS" start="2024-07-29T03:17:50.534896" elapsed="0.045607"/>
</kw>
<kw name="Set Variable" owner="BuiltIn">
<msg time="2024-07-29T03:17:50.581580" level="INFO">${json_data} = {'results': [{'gender': 'female', 'name': {'title': 'Mrs', 'first': 'Hema', 'last': 'Almeida'}, 'location': {'street': {'number': 5396, 'name': 'Bhootnath Rd'}, 'city': 'Nangloi Jat', 'state': 'Bihar'...</msg>
<var>${json_data}</var>
<arg>${response.json()}</arg>
<doc>Returns the given values which can then be assigned to a variables.</doc>
<status status="PASS" start="2024-07-29T03:17:50.580990" elapsed="0.000619"/>
</kw>
<kw name="Log" owner="BuiltIn">
<msg time="2024-07-29T03:17:50.582065" level="INFO">{'results': [{'gender': 'female', 'name': {'title': 'Mrs', 'first': 'Hema', 'last': 'Almeida'}, 'location': {'street': {'number': 5396, 'name': 'Bhootnath Rd'}, 'city': 'Nangloi Jat', 'state': 'Bihar', 'country': 'India', 'postcode': 79828, 'coordinates': {'latitude': '12.7724', 'longitude': '159.8516'}, 'timezone': {'offset': '+5:00', 'description': 'Ekaterinburg, Islamabad, Karachi, Tashkent'}}, 'email': 'hema.almeida@example.com', 'login': {'uuid': '30aa81a2-cd3d-46a6-9d3f-bef229b579e7', 'username': 'whitepanda915', 'password': 'chanel', 'salt': 'Zn1APyw2', 'md5': 'a2c7dd593a49f9dfac6e2214a79a5d1e', 'sha1': 'e2b1a63955098e93c3e0d44026d741d8cfd11d5c', 'sha256': '8ef985b5dda20933e9c664b4f26073004a2a71bed88904145fef6db72e8b2a95'}, 'dob': {'date': '2001-01-21T14:34:01.083Z', 'age': 23}, 'registered': {'date': '2005-11-14T14:34:09.479Z', 'age': 18}, 'phone': '8734694246', 'cell': '8447008558', 'id': {'name': 'UIDAI', 'value': '681750567393'}, 'picture': {'large': 'https://randomuser.me/api/portraits/women/16.jpg', 'medium': 'https://randomuser.me/api/portraits/med/women/16.jpg', 'thumbnail': 'https://randomuser.me/api/portraits/thumb/women/16.jpg'}, 'nat': 'IN'}], 'info': {'seed': 'a376417535fe65f1', 'results': 1, 'page': 1, 'version': '1.4'}}</msg>
<arg>${json_data}</arg>
<doc>Logs the given message with the given level.</doc>
<status status="PASS" start="2024-07-29T03:17:50.581912" elapsed="0.000199"/>
</kw>
<kw name="Should Be String" owner="String">
<arg>${json_data['results'][0]['gender']}</arg>
<doc>Fails if the given ``item`` is not a string.</doc>
<status status="PASS" start="2024-07-29T03:17:50.582404" elapsed="0.000360"/>
</kw>
<kw name="Should Match Regexp" owner="BuiltIn">
<arg>${json_data['results'][0]['email']}</arg>
<arg>^[a-zA-Z0-9._%+-]+@[a-zA-Z0-9.-]+\.[a-zA-Z]{2,}$</arg>
<doc>Fails if ``string`` does not match ``pattern`` as a regular expression.</doc>
<status status="PASS" start="2024-07-29T03:17:50.582990" elapsed="0.000523"/>
</kw>
<kw name="Should Match Regexp" owner="BuiltIn">
<arg>${json_data['results'][0]['dob']['date']}</arg>
<arg>\\d{4}-\\d{2}-\\d{2}T\\d{2}:\\d{2}:\\d{2}\\.\\d{3}Z</arg>
<doc>Fails if ``string`` does not match ``pattern`` as a regular expression.</doc>
<status status="PASS" start="2024-07-29T03:17:50.583734" elapsed="0.000601"/>
</kw>
<kw name="Should Match Regexp" owner="BuiltIn">
<arg>${json_data['results'][0]['registered']['date']}</arg>
<arg>\\d{4}-\\d{2}-\\d{2}T\\d{2}:\\d{2}:\\d{2}\\.\\d{3}Z</arg>
<doc>Fails if ``string`` does not match ``pattern`` as a regular expression.</doc>
<status status="PASS" start="2024-07-29T03:17:50.584527" elapsed="0.000368"/>
</kw>
<kw name="Should Match Regexp" owner="BuiltIn">
<arg>${json_data['results'][0]['picture']['large']}</arg>
<arg>^https?://.*\.(?:png|jpe?g|gif|bmp)$</arg>
<doc>Fails if ``string`` does not match ``pattern`` as a regular expression.</doc>
<status status="PASS" start="2024-07-29T03:17:50.585080" elapsed="0.000470"/>
</kw>
<kw name="Should Match Regexp" owner="BuiltIn">
<arg>${json_data['results'][0]['picture']['medium']}</arg>
<arg>^https?://.*\.(?:png|jpe?g|gif|bmp)$</arg>
<doc>Fails if ``string`` does not match ``pattern`` as a regular expression.</doc>
<status status="PASS" start="2024-07-29T03:17:50.585738" elapsed="0.000355"/>
</kw>
<kw name="Should Match Regexp" owner="BuiltIn">
<arg>${json_data['results'][0]['picture']['thumbnail']}</arg>
<arg>^https?://.*\.(?:png|jpe?g|gif|bmp)$</arg>
<doc>Fails if ``string`` does not match ``pattern`` as a regular expression.</doc>
<status status="PASS" start="2024-07-29T03:17:50.586277" elapsed="0.000348"/>
</kw>
<kw name="Log" owner="BuiltIn">
<msg time="2024-07-29T03:17:50.587127" level="INFO">{'large': 'https://randomuser.me/api/portraits/women/16.jpg', 'medium': 'https://randomuser.me/api/portraits/med/women/16.jpg', 'thumbnail': 'https://randomuser.me/api/portraits/thumb/women/16.jpg'}</msg>
<arg>${json_data['results'][0]['picture']}</arg>
<doc>Logs the given message with the given level.</doc>
<status status="PASS" start="2024-07-29T03:17:50.586805" elapsed="0.000365"/>
</kw>
<status status="PASS" start="2024-07-29T03:17:50.534678" elapsed="0.052750"/>
</kw>
<kw name="Teste de Tipos de Dados - Postcode" owner="random-user-service">
<kw name="GET On Session" owner="RequestsLibrary">
<msg time="2024-07-29T03:17:50.696276" level="INFO">GET Request : url=https://randomuser.me/api 
 path_url=/api 
 headers={'User-Agent': 'python-requests/2.32.3', 'Accept-Encoding': 'gzip, deflate', 'Accept': '*/*', 'Connection': 'keep-alive'} 
 body=None 
 </msg>
<msg time="2024-07-29T03:17:50.696351" level="INFO">GET Response : url=https://randomuser.me/api 
 status=200, reason=OK 
 headers={'Date': 'Mon, 29 Jul 2024 03:17:50 GMT', 'Content-Type': 'application/json; charset=utf-8', 'Transfer-Encoding': 'chunked', 'Connection': 'keep-alive', 'X-Powered-By': 'Express', 'Access-Control-Allow-Origin': '*', 'Cache-Control': 'no-cache', 'ETag': 'W/"479-5rm+GhQzPMHL0HONV3x9sOPNzO4"', 'Vary': 'Accept-Encoding', 'Content-Encoding': 'gzip', 'CF-Cache-Status': 'DYNAMIC', 'Report-To': '{"endpoints":[{"url":"https:\\/\\/a.nel.cloudflare.com\\/report\\/v4?s=E7TfpAFyNTBmvjjY%2BKkHKfhNRfjmtu%2Fkecpe5N9BcJ9aIdnXtQuxiGv6m7ahrzJ65vbzGKAuyf76tczsJa9nPz2ahZWQEV45xaM65mJUFhJb2iO7sram9bEWRHjPFkP2"}],"group":"cf-nel","max_age":604800}', 'NEL': '{"success_fraction":0,"report_to":"cf-nel","max_age":604800}', 'Server': 'cloudflare', 'CF-RAY': '8aa9f54f2e238108-ORD', 'alt-svc': 'h3=":443"; ma=86400'} 
 body={"results":[{"gender":"female","name":{"title":"Ms","first":"Celia","last":"Mora"},"location":{"street":{"number":7313,"name":"Calle del Prado"},"city":"Burgos","state":"Castilla y León","country":"Spain","postcode":77249,"coordinates":{"latitude":"-34.2993","longitude":"166.7473"},"timezone":{"offset":"-10:00","description":"Hawaii"}},"email":"celia.mora@example.com","login":{"uuid":"39e1bd25-b741-4722-bddc-dcf037288f95","username":"silversnake777","password":"southern","salt":"CqeCji7Z","md5":"36e092d5d299a10f4175aef73c40ec69","sha1":"2241722706209f4d40d5994ce32fa496a37b2a89","sha256":"4ed1dd27b2c13d959ae4b11c82a27669a78b7a77f09d58255df8960b9c527336"},"dob":{"date":"2000-11-09T23:37:05.222Z","age":23},"registered":{"date":"2002-04-28T07:13:48.829Z","age":22},"phone":"941-559-534","cell":"648-863-983","id":{"name":"DNI","value":"33096112-Z"},"picture":{"large":"https://randomuser.me/api/portraits/women/19.jpg","medium":"https://randomuser.me/api/portraits/med/women/19.jpg","thumbnail":"https://randomuser.me/api/portraits/thumb/women/19.jpg"},"nat":"ES"}],"info":{"seed":"d46aa690e2c45519","results":1,"page":1,"version":"1.4"}} 
 </msg>
<msg time="2024-07-29T03:17:50.696409" level="INFO">/opt/hostedtoolcache/Python/3.12.4/x64/lib/python3.12/site-packages/urllib3/connectionpool.py:1099: InsecureRequestWarning: Unverified HTTPS request is being made to host 'randomuser.me'. Adding certificate verification is strongly advised. See: https://urllib3.readthedocs.io/en/latest/advanced-usage.html#tls-warnings
  warnings.warn(</msg>
<msg time="2024-07-29T03:17:50.696494" level="INFO">${response} = &lt;Response [200]&gt;</msg>
<var>${response}</var>
<arg>consultarAPI</arg>
<arg>/api</arg>
<doc>Sends a GET request on a previously created HTTP Session.</doc>
<status status="PASS" start="2024-07-29T03:17:50.587902" elapsed="0.108632"/>
</kw>
<kw name="Set Variable" owner="BuiltIn">
<msg time="2024-07-29T03:17:50.697594" level="INFO">${json_data} = {'results': [{'gender': 'female', 'name': {'title': 'Ms', 'first': 'Celia', 'last': 'Mora'}, 'location': {'street': {'number': 7313, 'name': 'Calle del Prado'}, 'city': 'Burgos', 'state': 'Castilla y ...</msg>
<var>${json_data}</var>
<arg>${response.json()}</arg>
<doc>Returns the given values which can then be assigned to a variables.</doc>
<status status="PASS" start="2024-07-29T03:17:50.696993" elapsed="0.000630"/>
</kw>
<kw name="Log" owner="BuiltIn">
<msg time="2024-07-29T03:17:50.698101" level="INFO">{'results': [{'gender': 'female', 'name': {'title': 'Ms', 'first': 'Celia', 'last': 'Mora'}, 'location': {'street': {'number': 7313, 'name': 'Calle del Prado'}, 'city': 'Burgos', 'state': 'Castilla y León', 'country': 'Spain', 'postcode': 77249, 'coordinates': {'latitude': '-34.2993', 'longitude': '166.7473'}, 'timezone': {'offset': '-10:00', 'description': 'Hawaii'}}, 'email': 'celia.mora@example.com', 'login': {'uuid': '39e1bd25-b741-4722-bddc-dcf037288f95', 'username': 'silversnake777', 'password': 'southern', 'salt': 'CqeCji7Z', 'md5': '36e092d5d299a10f4175aef73c40ec69', 'sha1': '2241722706209f4d40d5994ce32fa496a37b2a89', 'sha256': '4ed1dd27b2c13d959ae4b11c82a27669a78b7a77f09d58255df8960b9c527336'}, 'dob': {'date': '2000-11-09T23:37:05.222Z', 'age': 23}, 'registered': {'date': '2002-04-28T07:13:48.829Z', 'age': 22}, 'phone': '941-559-534', 'cell': '648-863-983', 'id': {'name': 'DNI', 'value': '33096112-Z'}, 'picture': {'large': 'https://randomuser.me/api/portraits/women/19.jpg', 'medium': 'https://randomuser.me/api/portraits/med/women/19.jpg', 'thumbnail': 'https://randomuser.me/api/portraits/thumb/women/19.jpg'}, 'nat': 'ES'}], 'info': {'seed': 'd46aa690e2c45519', 'results': 1, 'page': 1, 'version': '1.4'}}</msg>
<arg>${json_data}</arg>
<doc>Logs the given message with the given level.</doc>
<status status="PASS" start="2024-07-29T03:17:50.697938" elapsed="0.000211"/>
</kw>
<kw name="Should Be Equal As Numbers" owner="BuiltIn">
<arg>${json_data['results'][0]['location']['postcode']}</arg>
<arg>${json_data['results'][0]['location']['postcode']}</arg>
<doc>Fails if objects are unequal after converting them to real numbers.</doc>
<status status="PASS" start="2024-07-29T03:17:50.698454" elapsed="0.000618"/>
</kw>
<kw name="Log" owner="BuiltIn">
<msg time="2024-07-29T03:17:50.699613" level="INFO">77249</msg>
<arg>${json_data['results'][0]['location']['postcode']}</arg>
<doc>Logs the given message with the given level.</doc>
<status status="PASS" start="2024-07-29T03:17:50.699273" elapsed="0.000414"/>
</kw>
<status status="PASS" start="2024-07-29T03:17:50.587642" elapsed="0.112352"/>
</kw>
<doc>Testa se os tipos de dados na resposta da API estão corretos.</doc>
<tag>testeTiposDados</tag>
<status status="PASS" start="2024-07-29T03:17:50.534237" elapsed="0.165920"/>
</test>
<test id="s1-s1-t5" name="Validar conteudo" line="35">
<kw name="Teste de Tipos de Conteudo" owner="random-user-service">
<kw name="GET On Session" owner="RequestsLibrary">
<msg time="2024-07-29T03:17:50.786397" level="INFO">GET Request : url=https://randomuser.me/api 
 path_url=/api 
 headers={'User-Agent': 'python-requests/2.32.3', 'Accept-Encoding': 'gzip, deflate', 'Accept': '*/*', 'Connection': 'keep-alive'} 
 body=None 
 </msg>
<msg time="2024-07-29T03:17:50.786476" level="INFO">GET Response : url=https://randomuser.me/api 
 status=200, reason=OK 
 headers={'Date': 'Mon, 29 Jul 2024 03:17:50 GMT', 'Content-Type': 'application/json; charset=utf-8', 'Transfer-Encoding': 'chunked', 'Connection': 'keep-alive', 'X-Powered-By': 'Express', 'Access-Control-Allow-Origin': '*', 'Cache-Control': 'no-cache', 'ETag': 'W/"467-WqW2AWjHoEdxgV21TQyx9gQg3lM"', 'Vary': 'Accept-Encoding', 'Content-Encoding': 'gzip', 'CF-Cache-Status': 'DYNAMIC', 'Report-To': '{"endpoints":[{"url":"https:\\/\\/a.nel.cloudflare.com\\/report\\/v4?s=yvSX2xZ8khm%2Bhq3hjrjlP6%2Fq6socpwcVeaXvoIa%2FanaT6wjQCzKq2JelS9uZJRW5bm%2BCbOR1pjPGI9HXeUlmN7d%2BGAXBReYEiBKWXpqg6uGCHY3zWZi8bANzhmmFPW%2Fv"}],"group":"cf-nel","max_age":604800}', 'NEL': '{"success_fraction":0,"report_to":"cf-nel","max_age":604800}', 'Server': 'cloudflare', 'CF-RAY': '8aa9f54feede8108-ORD', 'alt-svc': 'h3=":443"; ma=86400'} 
 body={"results":[{"gender":"male","name":{"title":"Mr","first":"Tristan","last":"Jensen"},"location":{"street":{"number":426,"name":"Lupinvej"},"city":"Gl. Rye","state":"Nordjylland","country":"Denmark","postcode":37731,"coordinates":{"latitude":"-43.4935","longitude":"-102.9152"},"timezone":{"offset":"-9:00","description":"Alaska"}},"email":"tristan.jensen@example.com","login":{"uuid":"e32073a4-d8d1-430c-8531-680c4e9b1dc1","username":"brownbird443","password":"froggie","salt":"1HZgpaWq","md5":"8a006dffeb3828f0d670597c63b503a4","sha1":"ffebe72875509f3fef4f6d028fa5c57d067083f4","sha256":"85dc84a7630d8de8c10926abfa34cd1c410b1751e8e8fa70a05cb71f8942f3aa"},"dob":{"date":"1975-12-11T17:22:16.614Z","age":48},"registered":{"date":"2002-12-22T15:42:15.680Z","age":21},"phone":"39570870","cell":"41494852","id":{"name":"CPR","value":"111275-6673"},"picture":{"large":"https://randomuser.me/api/portraits/men/76.jpg","medium":"https://randomuser.me/api/portraits/med/men/76.jpg","thumbnail":"https://randomuser.me/api/portraits/thumb/men/76.jpg"},"nat":"DK"}],"info":{"seed":"85a70d9d2e204b01","results":1,"page":1,"version":"1.4"}} 
 </msg>
<msg time="2024-07-29T03:17:50.786540" level="INFO">/opt/hostedtoolcache/Python/3.12.4/x64/lib/python3.12/site-packages/urllib3/connectionpool.py:1099: InsecureRequestWarning: Unverified HTTPS request is being made to host 'randomuser.me'. Adding certificate verification is strongly advised. See: https://urllib3.readthedocs.io/en/latest/advanced-usage.html#tls-warnings
  warnings.warn(</msg>
<msg time="2024-07-29T03:17:50.786633" level="INFO">${response} = &lt;Response [200]&gt;</msg>
<var>${response}</var>
<arg>consultarAPI</arg>
<arg>/api</arg>
<doc>Sends a GET request on a previously created HTTP Session.</doc>
<status status="PASS" start="2024-07-29T03:17:50.702653" elapsed="0.084021"/>
</kw>
<kw name="Set Variable" owner="BuiltIn">
<msg time="2024-07-29T03:17:50.787814" level="INFO">${json_data} = {'results': [{'gender': 'male', 'name': {'title': 'Mr', 'first': 'Tristan', 'last': 'Jensen'}, 'location': {'street': {'number': 426, 'name': 'Lupinvej'}, 'city': 'Gl. Rye', 'state': 'Nordjylland', 'c...</msg>
<var>${json_data}</var>
<arg>${response.json()}</arg>
<doc>Returns the given values which can then be assigned to a variables.</doc>
<status status="PASS" start="2024-07-29T03:17:50.787182" elapsed="0.000661"/>
</kw>
<kw name="Set Variable" owner="BuiltIn">
<msg time="2024-07-29T03:17:50.788543" level="INFO">${name_title} = Mr</msg>
<var>${name_title}</var>
<arg>${json_data["results"][0]["name"]["title"]}</arg>
<doc>Returns the given values which can then be assigned to a variables.</doc>
<status status="PASS" start="2024-07-29T03:17:50.788155" elapsed="0.000414"/>
</kw>
<kw name="Create List" owner="BuiltIn">
<msg time="2024-07-29T03:17:50.789016" level="INFO">${allowed_titles} = ['Mr', 'Ms', 'Miss', 'Mrs', 'Madame', 'Monsieur']</msg>
<var>${allowed_titles}</var>
<arg>Mr</arg>
<arg>Ms</arg>
<arg>Miss</arg>
<arg>Mrs</arg>
<arg>Madame</arg>
<arg>Monsieur</arg>
<doc>Returns a list containing given items.</doc>
<status status="PASS" start="2024-07-29T03:17:50.788865" elapsed="0.000176"/>
</kw>
<kw name="List Should Contain Value" owner="Collections">
<arg>${allowed_titles}</arg>
<arg>${name_title}</arg>
<doc>Fails if the ``value`` is not found from ``list``.</doc>
<status status="PASS" start="2024-07-29T03:17:50.789337" elapsed="0.000180"/>
</kw>
<kw name="Set Variable" owner="BuiltIn">
<msg time="2024-07-29T03:17:50.790072" level="INFO">${name_country} = DK</msg>
<var>${name_country}</var>
<arg>${json_data["results"][0]["nat"]}</arg>
<doc>Returns the given values which can then be assigned to a variables.</doc>
<status status="PASS" start="2024-07-29T03:17:50.789703" elapsed="0.000394"/>
</kw>
<kw name="Create List" owner="BuiltIn">
<msg time="2024-07-29T03:17:50.790975" level="INFO">${list_country} = ['AD', 'AE', 'AF', 'AG', 'AI', 'AL', 'AM', 'AO', 'AQ', 'AR', 'AS', 'AT', 'AU', 'AW', 'AX', 'AZ', 'BA', 'BB', 'BD', 'BE', 'BF', 'BG', 'BH', 'BI', 'BJ', 'BL', 'BM', 'BN', 'BO', 'BQ', 'BR', 'BS', 'BT', '...</msg>
<var>${list_country}</var>
<arg>AD</arg>
<arg>AE</arg>
<arg>AF</arg>
<arg>AG</arg>
<arg>AI</arg>
<arg>AL</arg>
<arg>AM</arg>
<arg>AO</arg>
<arg>AQ</arg>
<arg>AR</arg>
<arg>AS</arg>
<arg>AT</arg>
<arg>AU</arg>
<arg>AW</arg>
<arg>AX</arg>
<arg>AZ</arg>
<arg>BA</arg>
<arg>BB</arg>
<arg>BD</arg>
<arg>BE</arg>
<arg>BF</arg>
<arg>BG</arg>
<arg>BH</arg>
<arg>BI</arg>
<arg>BJ</arg>
<arg>BL</arg>
<arg>BM</arg>
<arg>BN</arg>
<arg>BO</arg>
<arg>BQ</arg>
<arg>BR</arg>
<arg>BS</arg>
<arg>BT</arg>
<arg>BV</arg>
<arg>BW</arg>
<arg>BY</arg>
<arg>BZ</arg>
<arg>CA</arg>
<arg>CC</arg>
<arg>CD</arg>
<arg>CF</arg>
<arg>CG</arg>
<arg>CH</arg>
<arg>CI</arg>
<arg>CK</arg>
<arg>CL</arg>
<arg>CM</arg>
<arg>CN</arg>
<arg>CO</arg>
<arg>CR</arg>
<arg>CU</arg>
<arg>CV</arg>
<arg>CW</arg>
<arg>CX</arg>
<arg>CY</arg>
<arg>CZ</arg>
<arg>DE</arg>
<arg>DJ</arg>
<arg>DK</arg>
<arg>DM</arg>
<arg>DO</arg>
<arg>DZ</arg>
<arg>EC</arg>
<arg>EE</arg>
<arg>EG</arg>
<arg>EH</arg>
<arg>ER</arg>
<arg>ES</arg>
<arg>ET</arg>
<arg>FI</arg>
<arg>FJ</arg>
<arg>FK</arg>
<arg>FM</arg>
<arg>FO</arg>
<arg>FR</arg>
<arg>GA</arg>
<arg>GB</arg>
<arg>GD</arg>
<arg>GE</arg>
<arg>GF</arg>
<arg>GG</arg>
<arg>GH</arg>
<arg>GI</arg>
<arg>GL</arg>
<arg>GM</arg>
<arg>GN</arg>
<arg>GP</arg>
<arg>GQ</arg>
<arg>GR</arg>
<arg>GS</arg>
<arg>GT</arg>
<arg>GU</arg>
<arg>GW</arg>
<arg>GY</arg>
<arg>HK</arg>
<arg>HM</arg>
<arg>HN</arg>
<arg>HR</arg>
<arg>HT</arg>
<arg>HU</arg>
<arg>ID</arg>
<arg>IE</arg>
<arg>IL</arg>
<arg>IM</arg>
<arg>IN</arg>
<arg>IO</arg>
<arg>IQ</arg>
<arg>IR</arg>
<arg>IS</arg>
<arg>IT</arg>
<arg>JE</arg>
<arg>JM</arg>
<arg>JO</arg>
<arg>JP</arg>
<arg>KE</arg>
<arg>KG</arg>
<arg>KH</arg>
<arg>KI</arg>
<arg>KM</arg>
<arg>KN</arg>
<arg>KP</arg>
<arg>KR</arg>
<arg>KW</arg>
<arg>KY</arg>
<arg>KZ</arg>
<arg>LA</arg>
<arg>LB</arg>
<arg>LC</arg>
<arg>LI</arg>
<arg>LK</arg>
<arg>LR</arg>
<arg>LS</arg>
<arg>LT</arg>
<arg>LU</arg>
<arg>LV</arg>
<arg>LY</arg>
<arg>MA</arg>
<arg>MC</arg>
<arg>MD</arg>
<arg>ME</arg>
<arg>MF</arg>
<arg>MG</arg>
<arg>MH</arg>
<arg>MK</arg>
<arg>ML</arg>
<arg>MM</arg>
<arg>MN</arg>
<arg>MO</arg>
<arg>MP</arg>
<arg>MQ</arg>
<arg>MR</arg>
<arg>MS</arg>
<arg>MT</arg>
<arg>MU</arg>
<arg>MV</arg>
<arg>MW</arg>
<arg>MX</arg>
<arg>MY</arg>
<arg>MZ</arg>
<arg>NA</arg>
<arg>NC</arg>
<arg>NE</arg>
<arg>NF</arg>
<arg>NG</arg>
<arg>NI</arg>
<arg>NL</arg>
<arg>NO</arg>
<arg>NP</arg>
<arg>NR</arg>
<arg>NU</arg>
<arg>NZ</arg>
<arg>OM</arg>
<arg>PA</arg>
<arg>PE</arg>
<arg>PF</arg>
<arg>PG</arg>
<arg>PH</arg>
<arg>PK</arg>
<arg>PL</arg>
<arg>PM</arg>
<arg>PN</arg>
<arg>PR</arg>
<arg>PS</arg>
<arg>PT</arg>
<arg>PW</arg>
<arg>PY</arg>
<arg>QA</arg>
<arg>RE</arg>
<arg>RO</arg>
<arg>RS</arg>
<arg>RU</arg>
<arg>RW</arg>
<arg>SA</arg>
<arg>SB</arg>
<arg>SC</arg>
<arg>SD</arg>
<arg>SE</arg>
<arg>SG</arg>
<arg>SH</arg>
<arg>SI</arg>
<arg>SJ</arg>
<arg>SK</arg>
<arg>SL</arg>
<arg>SM</arg>
<arg>SN</arg>
<arg>SO</arg>
<arg>SR</arg>
<arg>SS</arg>
<arg>ST</arg>
<arg>SV</arg>
<arg>SX</arg>
<arg>SY</arg>
<arg>SZ</arg>
<arg>TC</arg>
<arg>TD</arg>
<arg>TF</arg>
<arg>TG</arg>
<arg>TH</arg>
<arg>TJ</arg>
<arg>TK</arg>
<arg>TL</arg>
<arg>TM</arg>
<arg>TN</arg>
<arg>TO</arg>
<arg>TR</arg>
<arg>TT</arg>
<arg>TV</arg>
<arg>TW</arg>
<arg>TZ</arg>
<arg>UA</arg>
<arg>UG</arg>
<arg>UM</arg>
<arg>US</arg>
<arg>UY</arg>
<arg>UZ</arg>
<arg>VA</arg>
<arg>VC</arg>
<arg>VE</arg>
<arg>VG</arg>
<arg>VI</arg>
<arg>VN</arg>
<arg>VU</arg>
<arg>WF</arg>
<arg>WS</arg>
<arg>XK</arg>
<arg>YE</arg>
<arg>YT</arg>
<arg>ZA</arg>
<arg>ZM</arg>
<arg>ZW</arg>
<doc>Returns a list containing given items.</doc>
<status status="PASS" start="2024-07-29T03:17:50.790382" elapsed="0.000618"/>
</kw>
<kw name="List Should Contain Value" owner="Collections">
<arg>${list_country}</arg>
<arg>${name_country}</arg>
<doc>Fails if the ``value`` is not found from ``list``.</doc>
<status status="PASS" start="2024-07-29T03:17:50.791976" elapsed="0.000210"/>
</kw>
<kw name="Run Keyword If" owner="BuiltIn">
<kw name="Should Be True" owner="BuiltIn">
<arg>${True}</arg>
<doc>Fails if the given condition is not true.</doc>
<status status="PASS" start="2024-07-29T03:17:50.793138" elapsed="0.000143"/>
</kw>
<arg>${json_data["results"][0]["location"]["coordinates"]["latitude"]} &gt;= -90 and ${json_data["results"][0]["location"]["coordinates"]["latitude"]} &lt;= 90</arg>
<arg>Should Be True</arg>
<arg>${True}</arg>
<doc>Runs the given keyword with the given arguments, if ``condition`` is true.</doc>
<status status="PASS" start="2024-07-29T03:17:50.792386" elapsed="0.001022"/>
</kw>
<kw name="Run Keyword If" owner="BuiltIn">
<kw name="Should Be True" owner="BuiltIn">
<arg>${True}</arg>
<doc>Fails if the given condition is not true.</doc>
<status status="PASS" start="2024-07-29T03:17:50.794275" elapsed="0.000136"/>
</kw>
<arg>${json_data["results"][0]["location"]["coordinates"]["longitude"]} &gt;= -180 and ${json_data["results"][0]["location"]["coordinates"]["longitude"]} &lt;= 180</arg>
<arg>Should Be True</arg>
<arg>${True}</arg>
<doc>Runs the given keyword with the given arguments, if ``condition`` is true.</doc>
<status status="PASS" start="2024-07-29T03:17:50.793591" elapsed="0.000947"/>
</kw>
<status status="PASS" start="2024-07-29T03:17:50.702434" elapsed="0.092230"/>
</kw>
<doc>Testa o conteúdo específico dos campos retornados pela API.</doc>
<tag>testeConteudo</tag>
<status status="PASS" start="2024-07-29T03:17:50.701919" elapsed="0.092888"/>
</test>
<status status="PASS" start="2024-07-29T03:17:49.843082" elapsed="0.953699"/>
</suite>
<status status="PASS" start="2024-07-29T03:17:49.828238" elapsed="0.973679"/>
</suite>
<statistics>
<total>
<stat pass="5" fail="0" skip="0">All Tests</stat>
</total>
<tag>
<stat pass="1" fail="0" skip="0">testeConteudo</stat>
<stat pass="1" fail="0" skip="0">testeEstruturaResposta</stat>
<stat pass="1" fail="0" skip="0">testeRequisicaoBasica</stat>
<stat pass="1" fail="0" skip="0">testeTiposDados</stat>
</tag>
<suite>
<stat pass="5" fail="0" skip="0" id="s1" name="Tests">Tests</stat>
<stat pass="5" fail="0" skip="0" id="s1-s1" name="Random-User-Test">Tests.Random-User-Test</stat>
</suite>
</statistics>
<errors>
</errors>
</robot>
