<?xml version="1.0" encoding="UTF-8"?>
<robot generator="Robot 7.0.1 (Python 3.12.3 on linux)" generated="2024-06-16T18:19:37.008119" rpa="false" schemaversion="5">
<suite id="s1" name="Tests" source="/home/runner/work/ApiRandomUser/ApiRandomUser/RamdonUser/tests">
<suite id="s1-s1" name="Random-User-Test" source="/home/runner/work/ApiRandomUser/ApiRandomUser/RamdonUser/tests/random-user-test.robot">
<test id="s1-s1-t1" name="Conectar" line="13">
<kw name="Conectar API" owner="random-user-service">
<kw name="Create Session" owner="RequestsLibrary">
<msg time="2024-06-16T18:19:37.394430" level="INFO">Creating Session using : alias=consultarAPI, url=https://randomuser.me/, headers={},                     cookies={}, auth=None, timeout=None, proxies=None, verify=False,                     debug=0 </msg>
<arg>consultarAPI</arg>
<arg>${URL}</arg>
<doc>Create Session: create a HTTP session to a server</doc>
<status status="PASS" start="2024-06-16T18:19:37.394235" elapsed="0.000370"/>
</kw>
<status status="PASS" start="2024-06-16T18:19:37.393199" elapsed="0.001761"/>
</kw>
<status status="PASS" start="2024-06-16T18:19:37.392685" elapsed="0.002466"/>
</test>
<test id="s1-s1-t2" name="Validar retorno 200 e JSON Válido" line="16">
<kw name="Teste de Requisicao Basica" owner="random-user-service">
<kw name="GET On Session" owner="RequestsLibrary">
<msg time="2024-06-16T18:19:37.562782" level="INFO">GET Request : url=https://randomuser.me/api 
 path_url=/api 
 headers={'User-Agent': 'python-requests/2.32.3', 'Accept-Encoding': 'gzip, deflate', 'Accept': '*/*', 'Connection': 'keep-alive'} 
 body=None 
 </msg>
<msg time="2024-06-16T18:19:37.562914" level="INFO">GET Response : url=https://randomuser.me/api 
 status=200, reason=OK 
 headers={'Date': 'Sun, 16 Jun 2024 18:19:37 GMT', 'Content-Type': 'application/json; charset=utf-8', 'Transfer-Encoding': 'chunked', 'Connection': 'keep-alive', 'X-Powered-By': 'Express', 'Access-Control-Allow-Origin': '*', 'Cache-Control': 'no-cache', 'ETag': 'W/"473-j85RlnG0HHy/8ZPbY+FoqmnJtzc"', 'Vary': 'Accept-Encoding', 'Content-Encoding': 'gzip', 'CF-Cache-Status': 'DYNAMIC', 'Report-To': '{"endpoints":[{"url":"https:\\/\\/a.nel.cloudflare.com\\/report\\/v4?s=GITZo7n9BPfvLYyIHnZeAIpZ1%2Bw8hZW1aPcj3KvppRS60gHckzSeda4JIqKuf6iiQbvKJ1NM%2FIzpXCH2K9HyDm9c%2Bs5OUg%2Bdb0oHepdDw9ez%2FTp9zC3TiOlJiVQp4tZ8"}],"group":"cf-nel","max_age":604800}', 'NEL': '{"success_fraction":0,"report_to":"cf-nel","max_age":604800}', 'Server': 'cloudflare', 'CF-RAY': '894ccf279891081b-IAD', 'alt-svc': 'h3=":443"; ma=86400'} 
 body={"results":[{"gender":"female","name":{"title":"Miss","first":"Katrine","last":"Jensen"},"location":{"street":{"number":7879,"name":"Mirabellevej"},"city":"Jerslev Sj","state":"Nordjylland","country":"Denmark","postcode":29903,"coordinates":{"latitude":"-44.1369","longitude":"41.4353"},"timezone":{"offset":"-10:00","description":"Hawaii"}},"email":"katrine.jensen@example.com","login":{"uuid":"7301c858-3d9c-483b-bb80-2adb1620cb90","username":"angrycat682","password":"lucky13","salt":"ZLUImToU","md5":"e952b4f4700a6cc1e72f5232341061de","sha1":"1e111c745c6dec85492b75382e9e32cb41856e3a","sha256":"3c31c34a7a1af240077bfa30a4d872a1281087725fca033e543d95b475f0321c"},"dob":{"date":"1994-04-08T17:21:19.225Z","age":30},"registered":{"date":"2016-12-20T15:14:39.571Z","age":7},"phone":"41077506","cell":"05054346","id":{"name":"CPR","value":"080494-6775"},"picture":{"large":"https://randomuser.me/api/portraits/women/6.jpg","medium":"https://randomuser.me/api/portraits/med/women/6.jpg","thumbnail":"https://randomuser.me/api/portraits/thumb/women/6.jpg"},"nat":"DK"}],"info":{"seed":"198f802244752a31","results":1,"page":1,"version":"1.4"}} 
 </msg>
<msg time="2024-06-16T18:19:37.562984" level="INFO">/opt/hostedtoolcache/Python/3.12.3/x64/lib/python3.12/site-packages/urllib3/connectionpool.py:1103: InsecureRequestWarning: Unverified HTTPS request is being made to host 'randomuser.me'. Adding certificate verification is strongly advised. See: https://urllib3.readthedocs.io/en/latest/advanced-usage.html#tls-warnings
  warnings.warn(</msg>
<msg time="2024-06-16T18:19:37.563102" level="INFO">${response} = &lt;Response [200]&gt;</msg>
<var>${response}</var>
<arg>consultarAPI</arg>
<arg>/api</arg>
<doc>Sends a GET request on a previously created HTTP Session.</doc>
<status status="PASS" start="2024-06-16T18:19:37.397743" elapsed="0.165402"/>
</kw>
<kw name="Should Be Equal As Numbers" owner="BuiltIn">
<msg time="2024-06-16T18:19:37.564219" level="INFO">Argument types are:
&lt;class 'int'&gt;
&lt;class 'str'&gt;</msg>
<arg>${response.status_code}</arg>
<arg>200</arg>
<doc>Fails if objects are unequal after converting them to real numbers.</doc>
<status status="PASS" start="2024-06-16T18:19:37.563685" elapsed="0.000598"/>
</kw>
<kw name="Log" owner="BuiltIn">
<msg time="2024-06-16T18:19:37.564961" level="INFO">200</msg>
<arg>${response.status_code}</arg>
<doc>Logs the given message with the given level.</doc>
<status status="PASS" start="2024-06-16T18:19:37.564620" elapsed="0.000388"/>
</kw>
<kw name="Set Variable" owner="BuiltIn">
<msg time="2024-06-16T18:19:37.565741" level="INFO">${json_data} = {'results': [{'gender': 'female', 'name': {'title': 'Miss', 'first': 'Katrine', 'last': 'Jensen'}, 'location': {'street': {'number': 7879, 'name': 'Mirabellevej'}, 'city': 'Jerslev Sj', 'state': 'Nord...</msg>
<var>${json_data}</var>
<arg>${response.json()}</arg>
<doc>Returns the given values which can then be assigned to a variables.</doc>
<status status="PASS" start="2024-06-16T18:19:37.565310" elapsed="0.000458"/>
</kw>
<kw name="Dictionary Should Contain Key" owner="Collections">
<arg>${json_data}</arg>
<arg>results</arg>
<doc>Fails if ``key`` is not found from ``dictionary``.</doc>
<status status="PASS" start="2024-06-16T18:19:37.566099" elapsed="0.000163"/>
</kw>
<status status="PASS" start="2024-06-16T18:19:37.397504" elapsed="0.168902"/>
</kw>
<doc>Testa se a API responde corretamente e retorna um objeto JSON válido.</doc>
<tag>testeRequisicaoBasica</tag>
<status status="PASS" start="2024-06-16T18:19:37.397047" elapsed="0.169519"/>
</test>
<test id="s1-s1-t3" name="Validar estrutura de resposta" line="22">
<kw name="Teste de Estrutura de Resposta" owner="random-user-service">
<kw name="GET On Session" owner="RequestsLibrary">
<msg time="2024-06-16T18:19:37.660804" level="INFO">GET Request : url=https://randomuser.me/api 
 path_url=/api 
 headers={'User-Agent': 'python-requests/2.32.3', 'Accept-Encoding': 'gzip, deflate', 'Accept': '*/*', 'Connection': 'keep-alive'} 
 body=None 
 </msg>
<msg time="2024-06-16T18:19:37.660895" level="INFO">GET Response : url=https://randomuser.me/api 
 status=200, reason=OK 
 headers={'Date': 'Sun, 16 Jun 2024 18:19:37 GMT', 'Content-Type': 'application/json; charset=utf-8', 'Transfer-Encoding': 'chunked', 'Connection': 'keep-alive', 'X-Powered-By': 'Express', 'Access-Control-Allow-Origin': '*', 'Cache-Control': 'no-cache', 'ETag': 'W/"489-pfDQfDUGPt0wuYs6WWqm9liTMGA"', 'Vary': 'Accept-Encoding', 'Content-Encoding': 'gzip', 'CF-Cache-Status': 'DYNAMIC', 'Report-To': '{"endpoints":[{"url":"https:\\/\\/a.nel.cloudflare.com\\/report\\/v4?s=yJka7ZLPxrKcx%2FAtPEPqg0eHsbFa9nHIHdoUzGOPcZnfObCsDOrLTzPWQDNjnpJzwI28cihxD4VInQhtvnv7Nif0yj8%2Bglxh%2BKfKfxbJEbu45S8XZWeWJatRekqpttpj"}],"group":"cf-nel","max_age":604800}', 'NEL': '{"success_fraction":0,"report_to":"cf-nel","max_age":604800}', 'Server': 'cloudflare', 'CF-RAY': '894ccf27d8f3081b-IAD', 'alt-svc': 'h3=":443"; ma=86400'} 
 body={"results":[{"gender":"female","name":{"title":"Miss","first":"Snežana","last":"Teodosić"},"location":{"street":{"number":7328,"name":"Luke Spasojevića"},"city":"Zvečan","state":"Pomoravlje","country":"Serbia","postcode":89117,"coordinates":{"latitude":"59.2475","longitude":"47.5697"},"timezone":{"offset":"+9:30","description":"Adelaide, Darwin"}},"email":"snezana.teodosic@example.com","login":{"uuid":"cd0eb7f9-ef0e-4a8e-9f9e-5bb5d62c77a8","username":"tinyfrog766","password":"missy","salt":"8d5PF320","md5":"ed13af6321a8e8f7aec51334dade806d","sha1":"fc23558fd248f6a50272723a7c944d44e1e9867d","sha256":"21576758e12b6d46faa552ec127c8b6339f971ffdb43ec5f56235073b89885ac"},"dob":{"date":"1985-01-20T03:48:52.696Z","age":39},"registered":{"date":"2009-05-12T16:50:03.455Z","age":15},"phone":"021-7446-556","cell":"069-8826-362","id":{"name":"SID","value":"805079534"},"picture":{"large":"https://randomuser.me/api/portraits/women/82.jpg","medium":"https://randomuser.me/api/portraits/med/women/82.jpg","thumbnail":"https://randomuser.me/api/portraits/thumb/women/82.jpg"},"nat":"RS"}],"info":{"seed":"f0b413d05039f951","results":1,"page":1,"version":"1.4"}} 
 </msg>
<msg time="2024-06-16T18:19:37.661045" level="INFO">/opt/hostedtoolcache/Python/3.12.3/x64/lib/python3.12/site-packages/urllib3/connectionpool.py:1103: InsecureRequestWarning: Unverified HTTPS request is being made to host 'randomuser.me'. Adding certificate verification is strongly advised. See: https://urllib3.readthedocs.io/en/latest/advanced-usage.html#tls-warnings
  warnings.warn(</msg>
<msg time="2024-06-16T18:19:37.661182" level="INFO">${response} = &lt;Response [200]&gt;</msg>
<var>${response}</var>
<arg>consultarAPI</arg>
<arg>/api</arg>
<doc>Sends a GET request on a previously created HTTP Session.</doc>
<status status="PASS" start="2024-06-16T18:19:37.569303" elapsed="0.091922"/>
</kw>
<kw name="Set Variable" owner="BuiltIn">
<msg time="2024-06-16T18:19:37.662372" level="INFO">${json_data} = {'results': [{'gender': 'female', 'name': {'title': 'Miss', 'first': 'Snežana', 'last': 'Teodosić'}, 'location': {'street': {'number': 7328, 'name': 'Luke Spasojevića'}, 'city': 'Zvečan', 'state': 'Po...</msg>
<var>${json_data}</var>
<arg>${response.json()}</arg>
<doc>Returns the given values which can then be assigned to a variables.</doc>
<status status="PASS" start="2024-06-16T18:19:37.661713" elapsed="0.000690"/>
</kw>
<kw name="Log" owner="BuiltIn">
<msg time="2024-06-16T18:19:37.662879" level="INFO">{'results': [{'gender': 'female', 'name': {'title': 'Miss', 'first': 'Snežana', 'last': 'Teodosić'}, 'location': {'street': {'number': 7328, 'name': 'Luke Spasojevića'}, 'city': 'Zvečan', 'state': 'Pomoravlje', 'country': 'Serbia', 'postcode': 89117, 'coordinates': {'latitude': '59.2475', 'longitude': '47.5697'}, 'timezone': {'offset': '+9:30', 'description': 'Adelaide, Darwin'}}, 'email': 'snezana.teodosic@example.com', 'login': {'uuid': 'cd0eb7f9-ef0e-4a8e-9f9e-5bb5d62c77a8', 'username': 'tinyfrog766', 'password': 'missy', 'salt': '8d5PF320', 'md5': 'ed13af6321a8e8f7aec51334dade806d', 'sha1': 'fc23558fd248f6a50272723a7c944d44e1e9867d', 'sha256': '21576758e12b6d46faa552ec127c8b6339f971ffdb43ec5f56235073b89885ac'}, 'dob': {'date': '1985-01-20T03:48:52.696Z', 'age': 39}, 'registered': {'date': '2009-05-12T16:50:03.455Z', 'age': 15}, 'phone': '021-7446-556', 'cell': '069-8826-362', 'id': {'name': 'SID', 'value': '805079534'}, 'picture': {'large': 'https://randomuser.me/api/portraits/women/82.jpg', 'medium': 'https://randomuser.me/api/portraits/med/women/82.jpg', 'thumbnail': 'https://randomuser.me/api/portraits/thumb/women/82.jpg'}, 'nat': 'RS'}], 'info': {'seed': 'f0b413d05039f951', 'results': 1, 'page': 1, 'version': '1.4'}}</msg>
<arg>${json_data}</arg>
<doc>Logs the given message with the given level.</doc>
<status status="PASS" start="2024-06-16T18:19:37.662716" elapsed="0.000213"/>
</kw>
<kw name="Dictionary Should Contain Key" owner="Collections">
<arg>${json_data}</arg>
<arg>results</arg>
<doc>Fails if ``key`` is not found from ``dictionary``.</doc>
<status status="PASS" start="2024-06-16T18:19:37.663222" elapsed="0.000166"/>
</kw>
<kw name="Should Not Be Empty" owner="BuiltIn">
<msg time="2024-06-16T18:19:37.663703" level="INFO">Length is 2.</msg>
<arg>${json_data}</arg>
<doc>Verifies that the given item is not empty.</doc>
<status status="PASS" start="2024-06-16T18:19:37.663573" elapsed="0.000167"/>
</kw>
<kw name="Create List" owner="BuiltIn">
<msg time="2024-06-16T18:19:37.664176" level="INFO">${expected_keys} = ['gender', 'name', 'location', 'email', 'login']</msg>
<var>${expected_keys}</var>
<arg>gender</arg>
<arg>name</arg>
<arg>location</arg>
<arg>email</arg>
<arg>login</arg>
<doc>Returns a list containing given items.</doc>
<status status="PASS" start="2024-06-16T18:19:37.664028" elapsed="0.000172"/>
</kw>
<for flavor="IN">
<iter>
<kw name="Dictionary Should Contain Key" owner="Collections">
<arg>${json_data['results'][0]}</arg>
<arg>${key}</arg>
<doc>Fails if ``key`` is not found from ``dictionary``.</doc>
<status status="PASS" start="2024-06-16T18:19:37.664758" elapsed="0.000403"/>
</kw>
<kw name="Log" owner="BuiltIn">
<msg time="2024-06-16T18:19:37.665722" level="INFO">{'gender': 'female', 'name': {'title': 'Miss', 'first': 'Snežana', 'last': 'Teodosić'}, 'location': {'street': {'number': 7328, 'name': 'Luke Spasojevića'}, 'city': 'Zvečan', 'state': 'Pomoravlje', 'country': 'Serbia', 'postcode': 89117, 'coordinates': {'latitude': '59.2475', 'longitude': '47.5697'}, 'timezone': {'offset': '+9:30', 'description': 'Adelaide, Darwin'}}, 'email': 'snezana.teodosic@example.com', 'login': {'uuid': 'cd0eb7f9-ef0e-4a8e-9f9e-5bb5d62c77a8', 'username': 'tinyfrog766', 'password': 'missy', 'salt': '8d5PF320', 'md5': 'ed13af6321a8e8f7aec51334dade806d', 'sha1': 'fc23558fd248f6a50272723a7c944d44e1e9867d', 'sha256': '21576758e12b6d46faa552ec127c8b6339f971ffdb43ec5f56235073b89885ac'}, 'dob': {'date': '1985-01-20T03:48:52.696Z', 'age': 39}, 'registered': {'date': '2009-05-12T16:50:03.455Z', 'age': 15}, 'phone': '021-7446-556', 'cell': '069-8826-362', 'id': {'name': 'SID', 'value': '805079534'}, 'picture': {'large': 'https://randomuser.me/api/portraits/women/82.jpg', 'medium': 'https://randomuser.me/api/portraits/med/women/82.jpg', 'thumbnail': 'https://randomuser.me/api/portraits/thumb/women/82.jpg'}, 'nat': 'RS'}</msg>
<arg>${json_data['results'][0]}</arg>
<doc>Logs the given message with the given level.</doc>
<status status="PASS" start="2024-06-16T18:19:37.665356" elapsed="0.000417"/>
</kw>
<kw name="Log" owner="BuiltIn">
<msg time="2024-06-16T18:19:37.666236" level="INFO">gender</msg>
<arg>${key}</arg>
<doc>Logs the given message with the given level.</doc>
<status status="PASS" start="2024-06-16T18:19:37.666104" elapsed="0.000171"/>
</kw>
<var name="${key}">gender</var>
<status status="PASS" start="2024-06-16T18:19:37.664637" elapsed="0.001863"/>
</iter>
<iter>
<kw name="Dictionary Should Contain Key" owner="Collections">
<arg>${json_data['results'][0]}</arg>
<arg>${key}</arg>
<doc>Fails if ``key`` is not found from ``dictionary``.</doc>
<status status="PASS" start="2024-06-16T18:19:37.666798" elapsed="0.000390"/>
</kw>
<kw name="Log" owner="BuiltIn">
<msg time="2024-06-16T18:19:37.667746" level="INFO">{'gender': 'female', 'name': {'title': 'Miss', 'first': 'Snežana', 'last': 'Teodosić'}, 'location': {'street': {'number': 7328, 'name': 'Luke Spasojevića'}, 'city': 'Zvečan', 'state': 'Pomoravlje', 'country': 'Serbia', 'postcode': 89117, 'coordinates': {'latitude': '59.2475', 'longitude': '47.5697'}, 'timezone': {'offset': '+9:30', 'description': 'Adelaide, Darwin'}}, 'email': 'snezana.teodosic@example.com', 'login': {'uuid': 'cd0eb7f9-ef0e-4a8e-9f9e-5bb5d62c77a8', 'username': 'tinyfrog766', 'password': 'missy', 'salt': '8d5PF320', 'md5': 'ed13af6321a8e8f7aec51334dade806d', 'sha1': 'fc23558fd248f6a50272723a7c944d44e1e9867d', 'sha256': '21576758e12b6d46faa552ec127c8b6339f971ffdb43ec5f56235073b89885ac'}, 'dob': {'date': '1985-01-20T03:48:52.696Z', 'age': 39}, 'registered': {'date': '2009-05-12T16:50:03.455Z', 'age': 15}, 'phone': '021-7446-556', 'cell': '069-8826-362', 'id': {'name': 'SID', 'value': '805079534'}, 'picture': {'large': 'https://randomuser.me/api/portraits/women/82.jpg', 'medium': 'https://randomuser.me/api/portraits/med/women/82.jpg', 'thumbnail': 'https://randomuser.me/api/portraits/thumb/women/82.jpg'}, 'nat': 'RS'}</msg>
<arg>${json_data['results'][0]}</arg>
<doc>Logs the given message with the given level.</doc>
<status status="PASS" start="2024-06-16T18:19:37.667372" elapsed="0.000458"/>
</kw>
<kw name="Log" owner="BuiltIn">
<msg time="2024-06-16T18:19:37.668266" level="INFO">name</msg>
<arg>${key}</arg>
<doc>Logs the given message with the given level.</doc>
<status status="PASS" start="2024-06-16T18:19:37.668131" elapsed="0.000174"/>
</kw>
<var name="${key}">name</var>
<status status="PASS" start="2024-06-16T18:19:37.666687" elapsed="0.001832"/>
</iter>
<iter>
<kw name="Dictionary Should Contain Key" owner="Collections">
<arg>${json_data['results'][0]}</arg>
<arg>${key}</arg>
<doc>Fails if ``key`` is not found from ``dictionary``.</doc>
<status status="PASS" start="2024-06-16T18:19:37.668806" elapsed="0.000379"/>
</kw>
<kw name="Log" owner="BuiltIn">
<msg time="2024-06-16T18:19:37.669728" level="INFO">{'gender': 'female', 'name': {'title': 'Miss', 'first': 'Snežana', 'last': 'Teodosić'}, 'location': {'street': {'number': 7328, 'name': 'Luke Spasojevića'}, 'city': 'Zvečan', 'state': 'Pomoravlje', 'country': 'Serbia', 'postcode': 89117, 'coordinates': {'latitude': '59.2475', 'longitude': '47.5697'}, 'timezone': {'offset': '+9:30', 'description': 'Adelaide, Darwin'}}, 'email': 'snezana.teodosic@example.com', 'login': {'uuid': 'cd0eb7f9-ef0e-4a8e-9f9e-5bb5d62c77a8', 'username': 'tinyfrog766', 'password': 'missy', 'salt': '8d5PF320', 'md5': 'ed13af6321a8e8f7aec51334dade806d', 'sha1': 'fc23558fd248f6a50272723a7c944d44e1e9867d', 'sha256': '21576758e12b6d46faa552ec127c8b6339f971ffdb43ec5f56235073b89885ac'}, 'dob': {'date': '1985-01-20T03:48:52.696Z', 'age': 39}, 'registered': {'date': '2009-05-12T16:50:03.455Z', 'age': 15}, 'phone': '021-7446-556', 'cell': '069-8826-362', 'id': {'name': 'SID', 'value': '805079534'}, 'picture': {'large': 'https://randomuser.me/api/portraits/women/82.jpg', 'medium': 'https://randomuser.me/api/portraits/med/women/82.jpg', 'thumbnail': 'https://randomuser.me/api/portraits/thumb/women/82.jpg'}, 'nat': 'RS'}</msg>
<arg>${json_data['results'][0]}</arg>
<doc>Logs the given message with the given level.</doc>
<status status="PASS" start="2024-06-16T18:19:37.669372" elapsed="0.000407"/>
</kw>
<kw name="Log" owner="BuiltIn">
<msg time="2024-06-16T18:19:37.670243" level="INFO">location</msg>
<arg>${key}</arg>
<doc>Logs the given message with the given level.</doc>
<status status="PASS" start="2024-06-16T18:19:37.670113" elapsed="0.000166"/>
</kw>
<var name="${key}">location</var>
<status status="PASS" start="2024-06-16T18:19:37.668698" elapsed="0.001804"/>
</iter>
<iter>
<kw name="Dictionary Should Contain Key" owner="Collections">
<arg>${json_data['results'][0]}</arg>
<arg>${key}</arg>
<doc>Fails if ``key`` is not found from ``dictionary``.</doc>
<status status="PASS" start="2024-06-16T18:19:37.670778" elapsed="0.000379"/>
</kw>
<kw name="Log" owner="BuiltIn">
<msg time="2024-06-16T18:19:37.671695" level="INFO">{'gender': 'female', 'name': {'title': 'Miss', 'first': 'Snežana', 'last': 'Teodosić'}, 'location': {'street': {'number': 7328, 'name': 'Luke Spasojevića'}, 'city': 'Zvečan', 'state': 'Pomoravlje', 'country': 'Serbia', 'postcode': 89117, 'coordinates': {'latitude': '59.2475', 'longitude': '47.5697'}, 'timezone': {'offset': '+9:30', 'description': 'Adelaide, Darwin'}}, 'email': 'snezana.teodosic@example.com', 'login': {'uuid': 'cd0eb7f9-ef0e-4a8e-9f9e-5bb5d62c77a8', 'username': 'tinyfrog766', 'password': 'missy', 'salt': '8d5PF320', 'md5': 'ed13af6321a8e8f7aec51334dade806d', 'sha1': 'fc23558fd248f6a50272723a7c944d44e1e9867d', 'sha256': '21576758e12b6d46faa552ec127c8b6339f971ffdb43ec5f56235073b89885ac'}, 'dob': {'date': '1985-01-20T03:48:52.696Z', 'age': 39}, 'registered': {'date': '2009-05-12T16:50:03.455Z', 'age': 15}, 'phone': '021-7446-556', 'cell': '069-8826-362', 'id': {'name': 'SID', 'value': '805079534'}, 'picture': {'large': 'https://randomuser.me/api/portraits/women/82.jpg', 'medium': 'https://randomuser.me/api/portraits/med/women/82.jpg', 'thumbnail': 'https://randomuser.me/api/portraits/thumb/women/82.jpg'}, 'nat': 'RS'}</msg>
<arg>${json_data['results'][0]}</arg>
<doc>Logs the given message with the given level.</doc>
<status status="PASS" start="2024-06-16T18:19:37.671336" elapsed="0.000419"/>
</kw>
<kw name="Log" owner="BuiltIn">
<msg time="2024-06-16T18:19:37.672185" level="INFO">email</msg>
<arg>${key}</arg>
<doc>Logs the given message with the given level.</doc>
<status status="PASS" start="2024-06-16T18:19:37.672056" elapsed="0.000166"/>
</kw>
<var name="${key}">email</var>
<status status="PASS" start="2024-06-16T18:19:37.670671" elapsed="0.001765"/>
</iter>
<iter>
<kw name="Dictionary Should Contain Key" owner="Collections">
<arg>${json_data['results'][0]}</arg>
<arg>${key}</arg>
<doc>Fails if ``key`` is not found from ``dictionary``.</doc>
<status status="PASS" start="2024-06-16T18:19:37.672715" elapsed="0.000383"/>
</kw>
<kw name="Log" owner="BuiltIn">
<msg time="2024-06-16T18:19:37.673639" level="INFO">{'gender': 'female', 'name': {'title': 'Miss', 'first': 'Snežana', 'last': 'Teodosić'}, 'location': {'street': {'number': 7328, 'name': 'Luke Spasojevića'}, 'city': 'Zvečan', 'state': 'Pomoravlje', 'country': 'Serbia', 'postcode': 89117, 'coordinates': {'latitude': '59.2475', 'longitude': '47.5697'}, 'timezone': {'offset': '+9:30', 'description': 'Adelaide, Darwin'}}, 'email': 'snezana.teodosic@example.com', 'login': {'uuid': 'cd0eb7f9-ef0e-4a8e-9f9e-5bb5d62c77a8', 'username': 'tinyfrog766', 'password': 'missy', 'salt': '8d5PF320', 'md5': 'ed13af6321a8e8f7aec51334dade806d', 'sha1': 'fc23558fd248f6a50272723a7c944d44e1e9867d', 'sha256': '21576758e12b6d46faa552ec127c8b6339f971ffdb43ec5f56235073b89885ac'}, 'dob': {'date': '1985-01-20T03:48:52.696Z', 'age': 39}, 'registered': {'date': '2009-05-12T16:50:03.455Z', 'age': 15}, 'phone': '021-7446-556', 'cell': '069-8826-362', 'id': {'name': 'SID', 'value': '805079534'}, 'picture': {'large': 'https://randomuser.me/api/portraits/women/82.jpg', 'medium': 'https://randomuser.me/api/portraits/med/women/82.jpg', 'thumbnail': 'https://randomuser.me/api/portraits/thumb/women/82.jpg'}, 'nat': 'RS'}</msg>
<arg>${json_data['results'][0]}</arg>
<doc>Logs the given message with the given level.</doc>
<status status="PASS" start="2024-06-16T18:19:37.673284" elapsed="0.000420"/>
</kw>
<kw name="Log" owner="BuiltIn">
<msg time="2024-06-16T18:19:37.674293" level="INFO">login</msg>
<arg>${key}</arg>
<doc>Logs the given message with the given level.</doc>
<status status="PASS" start="2024-06-16T18:19:37.674056" elapsed="0.000276"/>
</kw>
<var name="${key}">login</var>
<status status="PASS" start="2024-06-16T18:19:37.672607" elapsed="0.001943"/>
</iter>
<var>${key}</var>
<value>@{expected_keys}</value>
<status status="PASS" start="2024-06-16T18:19:37.664457" elapsed="0.010214"/>
</for>
<kw name="Create List" owner="BuiltIn">
<msg time="2024-06-16T18:19:37.674992" level="INFO">${expected_keysTwo} = ['username', 'password']</msg>
<var>${expected_keysTwo}</var>
<arg>username</arg>
<arg>password</arg>
<doc>Returns a list containing given items.</doc>
<status status="PASS" start="2024-06-16T18:19:37.674857" elapsed="0.000159"/>
</kw>
<for flavor="IN">
<iter>
<kw name="Dictionary Should Contain Key" owner="Collections">
<arg>${json_data['results'][0]['login']}</arg>
<arg>${keyTwo}</arg>
<doc>Fails if ``key`` is not found from ``dictionary``.</doc>
<status status="PASS" start="2024-06-16T18:19:37.675533" elapsed="0.000381"/>
</kw>
<kw name="Dictionary Should Contain Key" owner="Collections">
<arg>${json_data['results'][0]['login']}</arg>
<arg>${keyTwo}</arg>
<doc>Fails if ``key`` is not found from ``dictionary``.</doc>
<status status="PASS" start="2024-06-16T18:19:37.676103" elapsed="0.000376"/>
</kw>
<kw name="Log" owner="BuiltIn">
<msg time="2024-06-16T18:19:37.676778" level="INFO">username</msg>
<arg>${keyTwo}</arg>
<doc>Logs the given message with the given level.</doc>
<status status="PASS" start="2024-06-16T18:19:37.676657" elapsed="0.000157"/>
</kw>
<var name="${keyTwo}">username</var>
<status status="PASS" start="2024-06-16T18:19:37.675428" elapsed="0.001607"/>
</iter>
<iter>
<kw name="Dictionary Should Contain Key" owner="Collections">
<arg>${json_data['results'][0]['login']}</arg>
<arg>${keyTwo}</arg>
<doc>Fails if ``key`` is not found from ``dictionary``.</doc>
<status status="PASS" start="2024-06-16T18:19:37.677319" elapsed="0.000373"/>
</kw>
<kw name="Dictionary Should Contain Key" owner="Collections">
<arg>${json_data['results'][0]['login']}</arg>
<arg>${keyTwo}</arg>
<doc>Fails if ``key`` is not found from ``dictionary``.</doc>
<status status="PASS" start="2024-06-16T18:19:37.677900" elapsed="0.000380"/>
</kw>
<kw name="Log" owner="BuiltIn">
<msg time="2024-06-16T18:19:37.678580" level="INFO">password</msg>
<arg>${keyTwo}</arg>
<doc>Logs the given message with the given level.</doc>
<status status="PASS" start="2024-06-16T18:19:37.678459" elapsed="0.000158"/>
</kw>
<var name="${keyTwo}">password</var>
<status status="PASS" start="2024-06-16T18:19:37.677212" elapsed="0.001625"/>
</iter>
<var>${keyTwo}</var>
<value>@{expected_keysTwo}</value>
<status status="PASS" start="2024-06-16T18:19:37.675276" elapsed="0.003683"/>
</for>
<status status="PASS" start="2024-06-16T18:19:37.569075" elapsed="0.110020"/>
</kw>
<doc>Testa a estrutura da resposta da API.</doc>
<tag>testeEstruturaResposta</tag>
<status status="PASS" start="2024-06-16T18:19:37.568387" elapsed="0.110852"/>
</test>
<test id="s1-s1-t4" name="Validar tipos de dados" line="28">
<kw name="Teste de Tipos de Dados" owner="random-user-service">
<kw name="GET On Session" owner="RequestsLibrary">
<msg time="2024-06-16T18:19:37.774683" level="INFO">GET Request : url=https://randomuser.me/api 
 path_url=/api 
 headers={'User-Agent': 'python-requests/2.32.3', 'Accept-Encoding': 'gzip, deflate', 'Accept': '*/*', 'Connection': 'keep-alive'} 
 body=None 
 </msg>
<msg time="2024-06-16T18:19:37.774758" level="INFO">GET Response : url=https://randomuser.me/api 
 status=200, reason=OK 
 headers={'Date': 'Sun, 16 Jun 2024 18:19:37 GMT', 'Content-Type': 'application/json; charset=utf-8', 'Transfer-Encoding': 'chunked', 'Connection': 'keep-alive', 'X-Powered-By': 'Express', 'Access-Control-Allow-Origin': '*', 'Cache-Control': 'no-cache', 'ETag': 'W/"49f-bZgIlKEN9BYGXONdZrRDpsPM65k"', 'Vary': 'Accept-Encoding', 'Content-Encoding': 'gzip', 'CF-Cache-Status': 'DYNAMIC', 'Report-To': '{"endpoints":[{"url":"https:\\/\\/a.nel.cloudflare.com\\/report\\/v4?s=e542Kesg26s2Dj%2F9CAbgPNpx%2BsGoohUMSaOTrfmnTWYUnrNTPHpcAsRuaFnPZv4vNRnmbQfeT%2FYhnyN7LdZ8JA%2FAY5SE1Oy7U8olGIMT8lK%2Bc6ihOOSh%2Bpu3OsSXwBPP"}],"group":"cf-nel","max_age":604800}', 'NEL': '{"success_fraction":0,"report_to":"cf-nel","max_age":604800}', 'Server': 'cloudflare', 'CF-RAY': '894ccf2889b7081b-IAD', 'alt-svc': 'h3=":443"; ma=86400'} 
 body={"results":[{"gender":"male","name":{"title":"Mr","first":"Mesaque","last":"da Conceição"},"location":{"street":{"number":3459,"name":"Rua Das Flores "},"city":"Magé","state":"Mato Grosso","country":"Brazil","postcode":67226,"coordinates":{"latitude":"-78.3191","longitude":"-132.1262"},"timezone":{"offset":"-1:00","description":"Azores, Cape Verde Islands"}},"email":"mesaque.daconceicao@example.com","login":{"uuid":"a365386a-2811-4c51-a169-d2188a8115cb","username":"happymeercat884","password":"bacardi","salt":"kGeeWuhx","md5":"d074a44a7ed6c9e32a248a76691d3ba7","sha1":"5fb011e90c7dac76b673f24aeefc85f109da73fb","sha256":"6e6c87540259649d97fcaa7aff5948d73dee4ef3a01ec1d96cc92f7b485b573a"},"dob":{"date":"1952-08-21T19:41:42.971Z","age":71},"registered":{"date":"2004-03-28T20:56:45.021Z","age":20},"phone":"(56) 5103-7614","cell":"(04) 0055-7822","id":{"name":"CPF","value":"107.775.687-15"},"picture":{"large":"https://randomuser.me/api/portraits/men/51.jpg","medium":"https://randomuser.me/api/portraits/med/men/51.jpg","thumbnail":"https://randomuser.me/api/portraits/thumb/men/51.jpg"},"nat":"BR"}],"info":{"seed":"d391f2e1e648e4cf","results":1,"page":1,"version":"1.4"}} 
 </msg>
<msg time="2024-06-16T18:19:37.774826" level="INFO">/opt/hostedtoolcache/Python/3.12.3/x64/lib/python3.12/site-packages/urllib3/connectionpool.py:1103: InsecureRequestWarning: Unverified HTTPS request is being made to host 'randomuser.me'. Adding certificate verification is strongly advised. See: https://urllib3.readthedocs.io/en/latest/advanced-usage.html#tls-warnings
  warnings.warn(</msg>
<msg time="2024-06-16T18:19:37.774931" level="INFO">${response} = &lt;Response [200]&gt;</msg>
<var>${response}</var>
<arg>consultarAPI</arg>
<arg>/api</arg>
<doc>Sends a GET request on a previously created HTTP Session.</doc>
<status status="PASS" start="2024-06-16T18:19:37.681743" elapsed="0.093238"/>
</kw>
<kw name="Set Variable" owner="BuiltIn">
<msg time="2024-06-16T18:19:37.776100" level="INFO">${json_data} = {'results': [{'gender': 'male', 'name': {'title': 'Mr', 'first': 'Mesaque', 'last': 'da Conceição'}, 'location': {'street': {'number': 3459, 'name': 'Rua Das Flores '}, 'city': 'Magé', 'state': 'Mato ...</msg>
<var>${json_data}</var>
<arg>${response.json()}</arg>
<doc>Returns the given values which can then be assigned to a variables.</doc>
<status status="PASS" start="2024-06-16T18:19:37.775512" elapsed="0.000617"/>
</kw>
<kw name="Log" owner="BuiltIn">
<msg time="2024-06-16T18:19:37.776591" level="INFO">{'results': [{'gender': 'male', 'name': {'title': 'Mr', 'first': 'Mesaque', 'last': 'da Conceição'}, 'location': {'street': {'number': 3459, 'name': 'Rua Das Flores '}, 'city': 'Magé', 'state': 'Mato Grosso', 'country': 'Brazil', 'postcode': 67226, 'coordinates': {'latitude': '-78.3191', 'longitude': '-132.1262'}, 'timezone': {'offset': '-1:00', 'description': 'Azores, Cape Verde Islands'}}, 'email': 'mesaque.daconceicao@example.com', 'login': {'uuid': 'a365386a-2811-4c51-a169-d2188a8115cb', 'username': 'happymeercat884', 'password': 'bacardi', 'salt': 'kGeeWuhx', 'md5': 'd074a44a7ed6c9e32a248a76691d3ba7', 'sha1': '5fb011e90c7dac76b673f24aeefc85f109da73fb', 'sha256': '6e6c87540259649d97fcaa7aff5948d73dee4ef3a01ec1d96cc92f7b485b573a'}, 'dob': {'date': '1952-08-21T19:41:42.971Z', 'age': 71}, 'registered': {'date': '2004-03-28T20:56:45.021Z', 'age': 20}, 'phone': '(56) 5103-7614', 'cell': '(04) 0055-7822', 'id': {'name': 'CPF', 'value': '107.775.687-15'}, 'picture': {'large': 'https://randomuser.me/api/portraits/men/51.jpg', 'medium': 'https://randomuser.me/api/portraits/med/men/51.jpg', 'thumbnail': 'https://randomuser.me/api/portraits/thumb/men/51.jpg'}, 'nat': 'BR'}], 'info': {'seed': 'd391f2e1e648e4cf', 'results': 1, 'page': 1, 'version': '1.4'}}</msg>
<arg>${json_data}</arg>
<doc>Logs the given message with the given level.</doc>
<status status="PASS" start="2024-06-16T18:19:37.776436" elapsed="0.000203"/>
</kw>
<kw name="Should Be String" owner="String">
<arg>${json_data['results'][0]['gender']}</arg>
<doc>Fails if the given ``item`` is not a string.</doc>
<status status="PASS" start="2024-06-16T18:19:37.776927" elapsed="0.000363"/>
</kw>
<kw name="Should Match Regexp" owner="BuiltIn">
<arg>${json_data['results'][0]['email']}</arg>
<arg>^[a-zA-Z0-9._%+-]+@[a-zA-Z0-9.-]+\.[a-zA-Z]{2,}$</arg>
<doc>Fails if ``string`` does not match ``pattern`` as a regular expression.</doc>
<status status="PASS" start="2024-06-16T18:19:37.777475" elapsed="0.000546"/>
</kw>
<kw name="Should Match Regexp" owner="BuiltIn">
<arg>${json_data['results'][0]['dob']['date']}</arg>
<arg>\\d{4}-\\d{2}-\\d{2}T\\d{2}:\\d{2}:\\d{2}\\.\\d{3}Z</arg>
<doc>Fails if ``string`` does not match ``pattern`` as a regular expression.</doc>
<status status="PASS" start="2024-06-16T18:19:37.778251" elapsed="0.000494"/>
</kw>
<kw name="Should Match Regexp" owner="BuiltIn">
<arg>${json_data['results'][0]['registered']['date']}</arg>
<arg>\\d{4}-\\d{2}-\\d{2}T\\d{2}:\\d{2}:\\d{2}\\.\\d{3}Z</arg>
<doc>Fails if ``string`` does not match ``pattern`` as a regular expression.</doc>
<status status="PASS" start="2024-06-16T18:19:37.778935" elapsed="0.000368"/>
</kw>
<kw name="Should Match Regexp" owner="BuiltIn">
<arg>${json_data['results'][0]['picture']['large']}</arg>
<arg>^https?://.*\.(?:png|jpe?g|gif|bmp)$</arg>
<doc>Fails if ``string`` does not match ``pattern`` as a regular expression.</doc>
<status status="PASS" start="2024-06-16T18:19:37.779489" elapsed="0.000455"/>
</kw>
<kw name="Should Match Regexp" owner="BuiltIn">
<arg>${json_data['results'][0]['picture']['medium']}</arg>
<arg>^https?://.*\.(?:png|jpe?g|gif|bmp)$</arg>
<doc>Fails if ``string`` does not match ``pattern`` as a regular expression.</doc>
<status status="PASS" start="2024-06-16T18:19:37.780134" elapsed="0.000354"/>
</kw>
<kw name="Should Match Regexp" owner="BuiltIn">
<arg>${json_data['results'][0]['picture']['thumbnail']}</arg>
<arg>^https?://.*\.(?:png|jpe?g|gif|bmp)$</arg>
<doc>Fails if ``string`` does not match ``pattern`` as a regular expression.</doc>
<status status="PASS" start="2024-06-16T18:19:37.780677" elapsed="0.000346"/>
</kw>
<kw name="Log" owner="BuiltIn">
<msg time="2024-06-16T18:19:37.781528" level="INFO">{'large': 'https://randomuser.me/api/portraits/men/51.jpg', 'medium': 'https://randomuser.me/api/portraits/med/men/51.jpg', 'thumbnail': 'https://randomuser.me/api/portraits/thumb/men/51.jpg'}</msg>
<arg>${json_data['results'][0]['picture']}</arg>
<doc>Logs the given message with the given level.</doc>
<status status="PASS" start="2024-06-16T18:19:37.781202" elapsed="0.000368"/>
</kw>
<status status="PASS" start="2024-06-16T18:19:37.681506" elapsed="0.100323"/>
</kw>
<kw name="Teste de Tipos de Dados - Postcode" owner="random-user-service">
<kw name="GET On Session" owner="RequestsLibrary">
<msg time="2024-06-16T18:19:37.860448" level="INFO">GET Request : url=https://randomuser.me/api 
 path_url=/api 
 headers={'User-Agent': 'python-requests/2.32.3', 'Accept-Encoding': 'gzip, deflate', 'Accept': '*/*', 'Connection': 'keep-alive'} 
 body=None 
 </msg>
<msg time="2024-06-16T18:19:37.860525" level="INFO">GET Response : url=https://randomuser.me/api 
 status=200, reason=OK 
 headers={'Date': 'Sun, 16 Jun 2024 18:19:37 GMT', 'Content-Type': 'application/json; charset=utf-8', 'Transfer-Encoding': 'chunked', 'Connection': 'keep-alive', 'X-Powered-By': 'Express', 'Access-Control-Allow-Origin': '*', 'Cache-Control': 'no-cache', 'ETag': 'W/"4a0-Xl3Iz5f4Yt4K9VVsYWkIxdI1kR8"', 'Vary': 'Accept-Encoding', 'Content-Encoding': 'gzip', 'CF-Cache-Status': 'DYNAMIC', 'Report-To': '{"endpoints":[{"url":"https:\\/\\/a.nel.cloudflare.com\\/report\\/v4?s=wf4vaJBaAEZjICaFV%2Fy2UWFcb2Y6TGkSKxM8PZWJOUmS1wS3ycE8zRhNXPcNZuvcJ%2Bi3iNVHA8zoiXQNv04Mvy0C0Nwi0oTn3QlXV7LA4gkI6aATabmSNIhuY6aBicAR"}],"group":"cf-nel","max_age":604800}', 'NEL': '{"success_fraction":0,"report_to":"cf-nel","max_age":604800}', 'Server': 'cloudflare', 'CF-RAY': '894ccf292a8d081b-IAD', 'alt-svc': 'h3=":443"; ma=86400'} 
 body={"results":[{"gender":"male","name":{"title":"Mr","first":"Henryk","last":"Sutter"},"location":{"street":{"number":7890,"name":"Neue Straße"},"city":"Neuhaus am Rennweg","state":"Schleswig-Holstein","country":"Germany","postcode":19671,"coordinates":{"latitude":"-54.0941","longitude":"-67.3587"},"timezone":{"offset":"+4:00","description":"Abu Dhabi, Muscat, Baku, Tbilisi"}},"email":"henryk.sutter@example.com","login":{"uuid":"7e9cb9e1-67c6-4164-84d0-88a0da856d0c","username":"ticklishbird597","password":"dreams","salt":"yEWxhAsq","md5":"c1977f44ba4b544ba718e1e10f4504bd","sha1":"2e9e3a67d1a79b3aaeb5d122b9746280e7a282ff","sha256":"eb24871c091699e06e998375b039d00690882a83ac189bff7a7beb1934b98801"},"dob":{"date":"1976-06-19T04:11:46.700Z","age":47},"registered":{"date":"2014-11-25T06:03:48.321Z","age":9},"phone":"0865-3380716","cell":"0171-4080318","id":{"name":"SVNR","value":"44 180676 S 247"},"picture":{"large":"https://randomuser.me/api/portraits/men/1.jpg","medium":"https://randomuser.me/api/portraits/med/men/1.jpg","thumbnail":"https://randomuser.me/api/portraits/thumb/men/1.jpg"},"nat":"DE"}],"info":{"seed":"d5c45939de4efb59","results":1,"page":1,"version":"1.4"}} 
 </msg>
<msg time="2024-06-16T18:19:37.860594" level="INFO">/opt/hostedtoolcache/Python/3.12.3/x64/lib/python3.12/site-packages/urllib3/connectionpool.py:1103: InsecureRequestWarning: Unverified HTTPS request is being made to host 'randomuser.me'. Adding certificate verification is strongly advised. See: https://urllib3.readthedocs.io/en/latest/advanced-usage.html#tls-warnings
  warnings.warn(</msg>
<msg time="2024-06-16T18:19:37.860682" level="INFO">${response} = &lt;Response [200]&gt;</msg>
<var>${response}</var>
<arg>consultarAPI</arg>
<arg>/api</arg>
<doc>Sends a GET request on a previously created HTTP Session.</doc>
<status status="PASS" start="2024-06-16T18:19:37.782308" elapsed="0.078416"/>
</kw>
<kw name="Set Variable" owner="BuiltIn">
<msg time="2024-06-16T18:19:37.861827" level="INFO">${json_data} = {'results': [{'gender': 'male', 'name': {'title': 'Mr', 'first': 'Henryk', 'last': 'Sutter'}, 'location': {'street': {'number': 7890, 'name': 'Neue Straße'}, 'city': 'Neuhaus am Rennweg', 'state': 'Sc...</msg>
<var>${json_data}</var>
<arg>${response.json()}</arg>
<doc>Returns the given values which can then be assigned to a variables.</doc>
<status status="PASS" start="2024-06-16T18:19:37.861203" elapsed="0.000685"/>
</kw>
<kw name="Log" owner="BuiltIn">
<msg time="2024-06-16T18:19:37.862378" level="INFO">{'results': [{'gender': 'male', 'name': {'title': 'Mr', 'first': 'Henryk', 'last': 'Sutter'}, 'location': {'street': {'number': 7890, 'name': 'Neue Straße'}, 'city': 'Neuhaus am Rennweg', 'state': 'Schleswig-Holstein', 'country': 'Germany', 'postcode': 19671, 'coordinates': {'latitude': '-54.0941', 'longitude': '-67.3587'}, 'timezone': {'offset': '+4:00', 'description': 'Abu Dhabi, Muscat, Baku, Tbilisi'}}, 'email': 'henryk.sutter@example.com', 'login': {'uuid': '7e9cb9e1-67c6-4164-84d0-88a0da856d0c', 'username': 'ticklishbird597', 'password': 'dreams', 'salt': 'yEWxhAsq', 'md5': 'c1977f44ba4b544ba718e1e10f4504bd', 'sha1': '2e9e3a67d1a79b3aaeb5d122b9746280e7a282ff', 'sha256': 'eb24871c091699e06e998375b039d00690882a83ac189bff7a7beb1934b98801'}, 'dob': {'date': '1976-06-19T04:11:46.700Z', 'age': 47}, 'registered': {'date': '2014-11-25T06:03:48.321Z', 'age': 9}, 'phone': '0865-3380716', 'cell': '0171-4080318', 'id': {'name': 'SVNR', 'value': '44 180676 S 247'}, 'picture': {'large': 'https://randomuser.me/api/portraits/men/1.jpg', 'medium': 'https://randomuser.me/api/portraits/med/men/1.jpg', 'thumbnail': 'https://randomuser.me/api/portraits/thumb/men/1.jpg'}, 'nat': 'DE'}], 'info': {'seed': 'd5c45939de4efb59', 'results': 1, 'page': 1, 'version': '1.4'}}</msg>
<arg>${json_data}</arg>
<doc>Logs the given message with the given level.</doc>
<status status="PASS" start="2024-06-16T18:19:37.862220" elapsed="0.000206"/>
</kw>
<kw name="Should Be Equal As Numbers" owner="BuiltIn">
<arg>${json_data['results'][0]['location']['postcode']}</arg>
<arg>${json_data['results'][0]['location']['postcode']}</arg>
<doc>Fails if objects are unequal after converting them to real numbers.</doc>
<status status="PASS" start="2024-06-16T18:19:37.862725" elapsed="0.000607"/>
</kw>
<kw name="Log" owner="BuiltIn">
<msg time="2024-06-16T18:19:37.863855" level="INFO">19671</msg>
<arg>${json_data['results'][0]['location']['postcode']}</arg>
<doc>Logs the given message with the given level.</doc>
<status status="PASS" start="2024-06-16T18:19:37.863521" elapsed="0.000373"/>
</kw>
<status status="PASS" start="2024-06-16T18:19:37.782082" elapsed="0.082086"/>
</kw>
<doc>Testa se os tipos de dados na resposta da API estão corretos.</doc>
<tag>testeTiposDados</tag>
<status status="PASS" start="2024-06-16T18:19:37.681009" elapsed="0.183316"/>
</test>
<test id="s1-s1-t5" name="Validar conteudo" line="35">
<kw name="Teste de Tipos de Conteudo" owner="random-user-service">
<kw name="GET On Session" owner="RequestsLibrary">
<msg time="2024-06-16T18:19:37.968675" level="INFO">GET Request : url=https://randomuser.me/api 
 path_url=/api 
 headers={'User-Agent': 'python-requests/2.32.3', 'Accept-Encoding': 'gzip, deflate', 'Accept': '*/*', 'Connection': 'keep-alive'} 
 body=None 
 </msg>
<msg time="2024-06-16T18:19:37.968748" level="INFO">GET Response : url=https://randomuser.me/api 
 status=200, reason=OK 
 headers={'Date': 'Sun, 16 Jun 2024 18:19:37 GMT', 'Content-Type': 'application/json; charset=utf-8', 'Transfer-Encoding': 'chunked', 'Connection': 'keep-alive', 'X-Powered-By': 'Express', 'Access-Control-Allow-Origin': '*', 'Cache-Control': 'no-cache', 'ETag': 'W/"48e-e4eORCVghMwUEHgb1UOzz2IXiF4"', 'Vary': 'Accept-Encoding', 'Content-Encoding': 'gzip', 'CF-Cache-Status': 'DYNAMIC', 'Report-To': '{"endpoints":[{"url":"https:\\/\\/a.nel.cloudflare.com\\/report\\/v4?s=lCe3ysp2yy5yUd7Whzt7ccJxWB4GuSC0HUmEkwCgeHix7UWAABXPEgrnuLeN8%2FRIY2MtjRioRUOiETX8VfHLpNb2XgTHcFbewGm2TzGt6caNZ%2Bkcp8xCKg8S7M5GBFbJ"}],"group":"cf-nel","max_age":604800}', 'NEL': '{"success_fraction":0,"report_to":"cf-nel","max_age":604800}', 'Server': 'cloudflare', 'CF-RAY': '894ccf29ab24081b-IAD', 'alt-svc': 'h3=":443"; ma=86400'} 
 body={"results":[{"gender":"female","name":{"title":"Ms","first":"Amelia","last":"Turner"},"location":{"street":{"number":157,"name":"Otipua Road"},"city":"Masterton","state":"Bay of Plenty","country":"New Zealand","postcode":57521,"coordinates":{"latitude":"51.8546","longitude":"105.9825"},"timezone":{"offset":"+1:00","description":"Brussels, Copenhagen, Madrid, Paris"}},"email":"amelia.turner@example.com","login":{"uuid":"1cf70961-85a2-4437-8bab-dd2ada1ab361","username":"sadsnake844","password":"nico","salt":"xNipoDrR","md5":"0761ac9b19c8284f55a27a77b033a62d","sha1":"ed0f03584949fc6c893bccfc957046b7040c03a8","sha256":"40d10c2c7aee75f138cd3a92402c66177b667c4403fa33a0bc5af7e97d2dc636"},"dob":{"date":"1953-02-16T18:40:46.587Z","age":71},"registered":{"date":"2015-03-20T19:58:26.967Z","age":9},"phone":"(616)-724-1423","cell":"(717)-434-6640","id":{"name":"","value":null},"picture":{"large":"https://randomuser.me/api/portraits/women/84.jpg","medium":"https://randomuser.me/api/portraits/med/women/84.jpg","thumbnail":"https://randomuser.me/api/portraits/thumb/women/84.jpg"},"nat":"NZ"}],"info":{"seed":"4f6eb2cc11fe6040","results":1,"page":1,"version":"1.4"}} 
 </msg>
<msg time="2024-06-16T18:19:37.968806" level="INFO">/opt/hostedtoolcache/Python/3.12.3/x64/lib/python3.12/site-packages/urllib3/connectionpool.py:1103: InsecureRequestWarning: Unverified HTTPS request is being made to host 'randomuser.me'. Adding certificate verification is strongly advised. See: https://urllib3.readthedocs.io/en/latest/advanced-usage.html#tls-warnings
  warnings.warn(</msg>
<msg time="2024-06-16T18:19:37.968891" level="INFO">${response} = &lt;Response [200]&gt;</msg>
<var>${response}</var>
<arg>consultarAPI</arg>
<arg>/api</arg>
<doc>Sends a GET request on a previously created HTTP Session.</doc>
<status status="PASS" start="2024-06-16T18:19:37.866707" elapsed="0.102215"/>
</kw>
<kw name="Set Variable" owner="BuiltIn">
<msg time="2024-06-16T18:19:37.969761" level="INFO">${json_data} = {'results': [{'gender': 'female', 'name': {'title': 'Ms', 'first': 'Amelia', 'last': 'Turner'}, 'location': {'street': {'number': 157, 'name': 'Otipua Road'}, 'city': 'Masterton', 'state': 'Bay of Ple...</msg>
<var>${json_data}</var>
<arg>${response.json()}</arg>
<doc>Returns the given values which can then be assigned to a variables.</doc>
<status status="PASS" start="2024-06-16T18:19:37.969308" elapsed="0.000481"/>
</kw>
<kw name="Set Variable" owner="BuiltIn">
<msg time="2024-06-16T18:19:37.970522" level="INFO">${name_title} = Ms</msg>
<var>${name_title}</var>
<arg>${json_data["results"][0]["name"]["title"]}</arg>
<doc>Returns the given values which can then be assigned to a variables.</doc>
<status status="PASS" start="2024-06-16T18:19:37.970141" elapsed="0.000405"/>
</kw>
<kw name="Create List" owner="BuiltIn">
<msg time="2024-06-16T18:19:37.970996" level="INFO">${allowed_titles} = ['Mr', 'Ms', 'Miss', 'Mrs', 'Madame', 'Monsieur']</msg>
<var>${allowed_titles}</var>
<arg>Mr</arg>
<arg>Ms</arg>
<arg>Miss</arg>
<arg>Mrs</arg>
<arg>Madame</arg>
<arg>Monsieur</arg>
<doc>Returns a list containing given items.</doc>
<status status="PASS" start="2024-06-16T18:19:37.970847" elapsed="0.000173"/>
</kw>
<kw name="List Should Contain Value" owner="Collections">
<arg>${allowed_titles}</arg>
<arg>${name_title}</arg>
<doc>Fails if the ``value`` is not found from ``list``.</doc>
<status status="PASS" start="2024-06-16T18:19:37.971314" elapsed="0.000170"/>
</kw>
<kw name="Set Variable" owner="BuiltIn">
<msg time="2024-06-16T18:19:37.972053" level="INFO">${name_country} = NZ</msg>
<var>${name_country}</var>
<arg>${json_data["results"][0]["nat"]}</arg>
<doc>Returns the given values which can then be assigned to a variables.</doc>
<status status="PASS" start="2024-06-16T18:19:37.971662" elapsed="0.000415"/>
</kw>
<kw name="Create List" owner="BuiltIn">
<msg time="2024-06-16T18:19:37.972966" level="INFO">${list_country} = ['AD', 'AE', 'AF', 'AG', 'AI', 'AL', 'AM', 'AO', 'AQ', 'AR', 'AS', 'AT', 'AU', 'AW', 'AX', 'AZ', 'BA', 'BB', 'BD', 'BE', 'BF', 'BG', 'BH', 'BI', 'BJ', 'BL', 'BM', 'BN', 'BO', 'BQ', 'BR', 'BS', 'BT', '...</msg>
<var>${list_country}</var>
<arg>AD</arg>
<arg>AE</arg>
<arg>AF</arg>
<arg>AG</arg>
<arg>AI</arg>
<arg>AL</arg>
<arg>AM</arg>
<arg>AO</arg>
<arg>AQ</arg>
<arg>AR</arg>
<arg>AS</arg>
<arg>AT</arg>
<arg>AU</arg>
<arg>AW</arg>
<arg>AX</arg>
<arg>AZ</arg>
<arg>BA</arg>
<arg>BB</arg>
<arg>BD</arg>
<arg>BE</arg>
<arg>BF</arg>
<arg>BG</arg>
<arg>BH</arg>
<arg>BI</arg>
<arg>BJ</arg>
<arg>BL</arg>
<arg>BM</arg>
<arg>BN</arg>
<arg>BO</arg>
<arg>BQ</arg>
<arg>BR</arg>
<arg>BS</arg>
<arg>BT</arg>
<arg>BV</arg>
<arg>BW</arg>
<arg>BY</arg>
<arg>BZ</arg>
<arg>CA</arg>
<arg>CC</arg>
<arg>CD</arg>
<arg>CF</arg>
<arg>CG</arg>
<arg>CH</arg>
<arg>CI</arg>
<arg>CK</arg>
<arg>CL</arg>
<arg>CM</arg>
<arg>CN</arg>
<arg>CO</arg>
<arg>CR</arg>
<arg>CU</arg>
<arg>CV</arg>
<arg>CW</arg>
<arg>CX</arg>
<arg>CY</arg>
<arg>CZ</arg>
<arg>DE</arg>
<arg>DJ</arg>
<arg>DK</arg>
<arg>DM</arg>
<arg>DO</arg>
<arg>DZ</arg>
<arg>EC</arg>
<arg>EE</arg>
<arg>EG</arg>
<arg>EH</arg>
<arg>ER</arg>
<arg>ES</arg>
<arg>ET</arg>
<arg>FI</arg>
<arg>FJ</arg>
<arg>FK</arg>
<arg>FM</arg>
<arg>FO</arg>
<arg>FR</arg>
<arg>GA</arg>
<arg>GB</arg>
<arg>GD</arg>
<arg>GE</arg>
<arg>GF</arg>
<arg>GG</arg>
<arg>GH</arg>
<arg>GI</arg>
<arg>GL</arg>
<arg>GM</arg>
<arg>GN</arg>
<arg>GP</arg>
<arg>GQ</arg>
<arg>GR</arg>
<arg>GS</arg>
<arg>GT</arg>
<arg>GU</arg>
<arg>GW</arg>
<arg>GY</arg>
<arg>HK</arg>
<arg>HM</arg>
<arg>HN</arg>
<arg>HR</arg>
<arg>HT</arg>
<arg>HU</arg>
<arg>ID</arg>
<arg>IE</arg>
<arg>IL</arg>
<arg>IM</arg>
<arg>IN</arg>
<arg>IO</arg>
<arg>IQ</arg>
<arg>IR</arg>
<arg>IS</arg>
<arg>IT</arg>
<arg>JE</arg>
<arg>JM</arg>
<arg>JO</arg>
<arg>JP</arg>
<arg>KE</arg>
<arg>KG</arg>
<arg>KH</arg>
<arg>KI</arg>
<arg>KM</arg>
<arg>KN</arg>
<arg>KP</arg>
<arg>KR</arg>
<arg>KW</arg>
<arg>KY</arg>
<arg>KZ</arg>
<arg>LA</arg>
<arg>LB</arg>
<arg>LC</arg>
<arg>LI</arg>
<arg>LK</arg>
<arg>LR</arg>
<arg>LS</arg>
<arg>LT</arg>
<arg>LU</arg>
<arg>LV</arg>
<arg>LY</arg>
<arg>MA</arg>
<arg>MC</arg>
<arg>MD</arg>
<arg>ME</arg>
<arg>MF</arg>
<arg>MG</arg>
<arg>MH</arg>
<arg>MK</arg>
<arg>ML</arg>
<arg>MM</arg>
<arg>MN</arg>
<arg>MO</arg>
<arg>MP</arg>
<arg>MQ</arg>
<arg>MR</arg>
<arg>MS</arg>
<arg>MT</arg>
<arg>MU</arg>
<arg>MV</arg>
<arg>MW</arg>
<arg>MX</arg>
<arg>MY</arg>
<arg>MZ</arg>
<arg>NA</arg>
<arg>NC</arg>
<arg>NE</arg>
<arg>NF</arg>
<arg>NG</arg>
<arg>NI</arg>
<arg>NL</arg>
<arg>NO</arg>
<arg>NP</arg>
<arg>NR</arg>
<arg>NU</arg>
<arg>NZ</arg>
<arg>OM</arg>
<arg>PA</arg>
<arg>PE</arg>
<arg>PF</arg>
<arg>PG</arg>
<arg>PH</arg>
<arg>PK</arg>
<arg>PL</arg>
<arg>PM</arg>
<arg>PN</arg>
<arg>PR</arg>
<arg>PS</arg>
<arg>PT</arg>
<arg>PW</arg>
<arg>PY</arg>
<arg>QA</arg>
<arg>RE</arg>
<arg>RO</arg>
<arg>RS</arg>
<arg>RU</arg>
<arg>RW</arg>
<arg>SA</arg>
<arg>SB</arg>
<arg>SC</arg>
<arg>SD</arg>
<arg>SE</arg>
<arg>SG</arg>
<arg>SH</arg>
<arg>SI</arg>
<arg>SJ</arg>
<arg>SK</arg>
<arg>SL</arg>
<arg>SM</arg>
<arg>SN</arg>
<arg>SO</arg>
<arg>SR</arg>
<arg>SS</arg>
<arg>ST</arg>
<arg>SV</arg>
<arg>SX</arg>
<arg>SY</arg>
<arg>SZ</arg>
<arg>TC</arg>
<arg>TD</arg>
<arg>TF</arg>
<arg>TG</arg>
<arg>TH</arg>
<arg>TJ</arg>
<arg>TK</arg>
<arg>TL</arg>
<arg>TM</arg>
<arg>TN</arg>
<arg>TO</arg>
<arg>TR</arg>
<arg>TT</arg>
<arg>TV</arg>
<arg>TW</arg>
<arg>TZ</arg>
<arg>UA</arg>
<arg>UG</arg>
<arg>UM</arg>
<arg>US</arg>
<arg>UY</arg>
<arg>UZ</arg>
<arg>VA</arg>
<arg>VC</arg>
<arg>VE</arg>
<arg>VG</arg>
<arg>VI</arg>
<arg>VN</arg>
<arg>VU</arg>
<arg>WF</arg>
<arg>WS</arg>
<arg>XK</arg>
<arg>YE</arg>
<arg>YT</arg>
<arg>ZA</arg>
<arg>ZM</arg>
<arg>ZW</arg>
<doc>Returns a list containing given items.</doc>
<status status="PASS" start="2024-06-16T18:19:37.972370" elapsed="0.000621"/>
</kw>
<kw name="List Should Contain Value" owner="Collections">
<arg>${list_country}</arg>
<arg>${name_country}</arg>
<doc>Fails if the ``value`` is not found from ``list``.</doc>
<status status="PASS" start="2024-06-16T18:19:37.973783" elapsed="0.000226"/>
</kw>
<kw name="Run Keyword If" owner="BuiltIn">
<kw name="Should Be True" owner="BuiltIn">
<arg>${True}</arg>
<doc>Fails if the given condition is not true.</doc>
<status status="PASS" start="2024-06-16T18:19:37.975040" elapsed="0.000142"/>
</kw>
<arg>${json_data["results"][0]["location"]["coordinates"]["latitude"]} &gt;= -90 and ${json_data["results"][0]["location"]["coordinates"]["latitude"]} &lt;= 90</arg>
<arg>Should Be True</arg>
<arg>${True}</arg>
<doc>Runs the given keyword with the given arguments, if ``condition`` is true.</doc>
<status status="PASS" start="2024-06-16T18:19:37.974203" elapsed="0.001103"/>
</kw>
<kw name="Run Keyword If" owner="BuiltIn">
<kw name="Should Be True" owner="BuiltIn">
<arg>${True}</arg>
<doc>Fails if the given condition is not true.</doc>
<status status="PASS" start="2024-06-16T18:19:37.976181" elapsed="0.000136"/>
</kw>
<arg>${json_data["results"][0]["location"]["coordinates"]["longitude"]} &gt;= -180 and ${json_data["results"][0]["location"]["coordinates"]["longitude"]} &lt;= 180</arg>
<arg>Should Be True</arg>
<arg>${True}</arg>
<doc>Runs the given keyword with the given arguments, if ``condition`` is true.</doc>
<status status="PASS" start="2024-06-16T18:19:37.975489" elapsed="0.000954"/>
</kw>
<status status="PASS" start="2024-06-16T18:19:37.866492" elapsed="0.110076"/>
</kw>
<doc>Testa o conteúdo específico dos campos retornados pela API.</doc>
<tag>testeConteudo</tag>
<status status="PASS" start="2024-06-16T18:19:37.866087" elapsed="0.110621"/>
</test>
<status status="PASS" start="2024-06-16T18:19:37.066798" elapsed="0.911784"/>
</suite>
<status status="PASS" start="2024-06-16T18:19:37.052782" elapsed="0.930846"/>
</suite>
<statistics>
<total>
<stat pass="5" fail="0" skip="0">All Tests</stat>
</total>
<tag>
<stat pass="1" fail="0" skip="0">testeConteudo</stat>
<stat pass="1" fail="0" skip="0">testeEstruturaResposta</stat>
<stat pass="1" fail="0" skip="0">testeRequisicaoBasica</stat>
<stat pass="1" fail="0" skip="0">testeTiposDados</stat>
</tag>
<suite>
<stat pass="5" fail="0" skip="0" id="s1" name="Tests">Tests</stat>
<stat pass="5" fail="0" skip="0" id="s1-s1" name="Random-User-Test">Tests.Random-User-Test</stat>
</suite>
</statistics>
<errors>
</errors>
</robot>
