<?xml version="1.0" encoding="UTF-8"?>
<robot generator="Robot 7.0 (Python 3.12.3 on linux)" generated="2024-04-16T18:16:33.596918" rpa="false" schemaversion="5">
<suite id="s1" name="Tests" source="/home/runner/work/DesafioQAItauRogerioJordao/DesafioQAItauRogerioJordao/RamdonUser/tests">
<suite id="s1-s1" name="Random-User-Test" source="/home/runner/work/DesafioQAItauRogerioJordao/DesafioQAItauRogerioJordao/RamdonUser/tests/random-user-test.robot">
<test id="s1-s1-t1" name="Conectar" line="13">
<kw name="Conectar API" owner="random-user-service">
<kw name="Create Session" owner="RequestsLibrary">
<msg time="2024-04-16T18:16:34.003493" level="INFO">Creating Session using : alias=consultarAPI, url=https://randomuser.me/, headers={},                     cookies={}, auth=None, timeout=None, proxies=None, verify=False,                     debug=0 </msg>
<arg>consultarAPI</arg>
<arg>${URL}</arg>
<doc>Create Session: create a HTTP session to a server</doc>
<status status="PASS" start="2024-04-16T18:16:34.003278" elapsed="0.000420"/>
</kw>
<status status="PASS" start="2024-04-16T18:16:34.002217" elapsed="0.001857"/>
</kw>
<status status="PASS" start="2024-04-16T18:16:34.001542" elapsed="0.002728"/>
</test>
<test id="s1-s1-t2" name="Validar retorno 200 e JSON Válido" line="16">
<kw name="Teste de Requisicao Basica" owner="random-user-service">
<kw name="GET On Session" owner="RequestsLibrary">
<msg time="2024-04-16T18:16:34.143923" level="INFO">GET Request : url=https://randomuser.me/api 
 path_url=/api 
 headers={'User-Agent': 'python-requests/2.31.0', 'Accept-Encoding': 'gzip, deflate', 'Accept': '*/*', 'Connection': 'keep-alive'} 
 body=None 
 </msg>
<msg time="2024-04-16T18:16:34.144104" level="INFO">GET Response : url=https://randomuser.me/api 
 status=200, reason=OK 
 headers={'Date': 'Tue, 16 Apr 2024 18:16:34 GMT', 'Content-Type': 'application/json; charset=utf-8', 'Transfer-Encoding': 'chunked', 'Connection': 'keep-alive', 'X-Powered-By': 'Express', 'Access-Control-Allow-Origin': '*', 'Cache-Control': 'no-cache', 'ETag': 'W/"47e-V4EmQJ4fleuaP5IQ5oDIjVRGtw8"', 'Vary': 'Accept-Encoding', 'Content-Encoding': 'gzip', 'CF-Cache-Status': 'DYNAMIC', 'Report-To': '{"endpoints":[{"url":"https:\\/\\/a.nel.cloudflare.com\\/report\\/v4?s=hRh24%2F%2Bh5QVVDVlO0Ki3ZG1Bpg%2FeCMUrDNo4W%2BC7j2mpS9KVGinR%2FI8kFwqlaac245EX6Ht0o0FLz56YQtVTrqhjV5RU%2BXqhaE7wU540p2RWRcgdCq04%2FQMpTsahcswM"}],"group":"cf-nel","max_age":604800}', 'NEL': '{"success_fraction":0,"report_to":"cf-nel","max_age":604800}', 'Server': 'cloudflare', 'CF-RAY': '87562accc850fa16-SJC', 'alt-svc': 'h3=":443"; ma=86400'} 
 body={"results":[{"gender":"female","name":{"title":"Miss","first":"هلیا","last":"زارعی"},"location":{"street":{"number":8232,"name":"کلاهدوز"},"city":"پاکدشت","state":"خوزستان","country":"Iran","postcode":56443,"coordinates":{"latitude":"12.9283","longitude":"112.4102"},"timezone":{"offset":"-2:00","description":"Mid-Atlantic"}},"email":"hly.zraay@example.com","login":{"uuid":"c426dfd6-81fb-4abc-98e7-e80ed39b1f18","username":"heavytiger556","password":"timeout","salt":"g9RPRWuG","md5":"57345393a8227045ca3fbf3e33b4cb58","sha1":"0941fb597dce39c2944691cd385b6d7150ae2ab5","sha256":"ae394a1cdc64dadd825c1cad3ca547e510d922a46e4819d4724aebba9e7ad8ab"},"dob":{"date":"1947-06-02T22:36:12.371Z","age":76},"registered":{"date":"2020-06-03T06:46:16.662Z","age":3},"phone":"015-71905602","cell":"0946-753-0514","id":{"name":"","value":null},"picture":{"large":"https://randomuser.me/api/portraits/women/83.jpg","medium":"https://randomuser.me/api/portraits/med/women/83.jpg","thumbnail":"https://randomuser.me/api/portraits/thumb/women/83.jpg"},"nat":"IR"}],"info":{"seed":"34cb64dfee350383","results":1,"page":1,"version":"1.4"}} 
 </msg>
<msg time="2024-04-16T18:16:34.144199" level="INFO">/opt/hostedtoolcache/Python/3.12.3/x64/lib/python3.12/site-packages/urllib3/connectionpool.py:1103: InsecureRequestWarning: Unverified HTTPS request is being made to host 'randomuser.me'. Adding certificate verification is strongly advised. See: https://urllib3.readthedocs.io/en/latest/advanced-usage.html#tls-warnings
  warnings.warn(</msg>
<msg time="2024-04-16T18:16:34.144374" level="INFO">${response} = &lt;Response [200]&gt;</msg>
<var>${response}</var>
<arg>consultarAPI</arg>
<arg>/api</arg>
<doc>Sends a GET request on a previously created HTTP Session.</doc>
<status status="PASS" start="2024-04-16T18:16:34.007145" elapsed="0.137276"/>
</kw>
<kw name="Should Be Equal As Numbers" owner="BuiltIn">
<msg time="2024-04-16T18:16:34.145486" level="INFO">Argument types are:
&lt;class 'int'&gt;
&lt;class 'str'&gt;</msg>
<arg>${response.status_code}</arg>
<arg>200</arg>
<doc>Fails if objects are unequal after converting them to real numbers.</doc>
<status status="PASS" start="2024-04-16T18:16:34.145007" elapsed="0.000547"/>
</kw>
<kw name="Log" owner="BuiltIn">
<msg time="2024-04-16T18:16:34.146257" level="INFO">200</msg>
<arg>${response.status_code}</arg>
<doc>Logs the given message with the given level.</doc>
<status status="PASS" start="2024-04-16T18:16:34.145904" elapsed="0.000397"/>
</kw>
<kw name="Set Variable" owner="BuiltIn">
<msg time="2024-04-16T18:16:34.147147" level="INFO">${json_data} = {'results': [{'gender': 'female', 'name': {'title': 'Miss', 'first': 'هلیا', 'last': 'زارعی'}, 'location': {'street': {'number': 8232, 'name': 'کلاهدوز'}, 'city': 'پاکدشت', 'state': 'خوزستان', 'countr...</msg>
<var>${json_data}</var>
<arg>${response.json()}</arg>
<doc>Returns the given values which can then be assigned to a variables.</doc>
<status status="PASS" start="2024-04-16T18:16:34.146656" elapsed="0.000521"/>
</kw>
<kw name="Dictionary Should Contain Key" owner="Collections">
<msg time="2024-04-16T18:16:34.147658" level="INFO">False</msg>
<arg>${json_data}</arg>
<arg>results</arg>
<doc>Fails if ``key`` is not found from ``dictionary``.</doc>
<status status="PASS" start="2024-04-16T18:16:34.147486" elapsed="0.000212"/>
</kw>
<status status="PASS" start="2024-04-16T18:16:34.006846" elapsed="0.141118"/>
</kw>
<doc>Testa se a API responde corretamente e retorna um objeto JSON válido.</doc>
<tag>testeRequisicaoBasica</tag>
<status status="PASS" start="2024-04-16T18:16:34.006171" elapsed="0.141984"/>
</test>
<test id="s1-s1-t3" name="Validar estrutura de resposta" line="22">
<kw name="Teste de Estrutura de Resposta" owner="random-user-service">
<kw name="GET On Session" owner="RequestsLibrary">
<msg time="2024-04-16T18:16:34.236733" level="INFO">GET Request : url=https://randomuser.me/api 
 path_url=/api 
 headers={'User-Agent': 'python-requests/2.31.0', 'Accept-Encoding': 'gzip, deflate', 'Accept': '*/*', 'Connection': 'keep-alive'} 
 body=None 
 </msg>
<msg time="2024-04-16T18:16:34.236836" level="INFO">GET Response : url=https://randomuser.me/api 
 status=200, reason=OK 
 headers={'Date': 'Tue, 16 Apr 2024 18:16:34 GMT', 'Content-Type': 'application/json; charset=utf-8', 'Transfer-Encoding': 'chunked', 'Connection': 'keep-alive', 'X-Powered-By': 'Express', 'Access-Control-Allow-Origin': '*', 'Cache-Control': 'no-cache', 'ETag': 'W/"48e-cnvy/byOGfU7pmq7ViNUai4hiyM"', 'Vary': 'Accept-Encoding', 'Content-Encoding': 'gzip', 'CF-Cache-Status': 'DYNAMIC', 'Report-To': '{"endpoints":[{"url":"https:\\/\\/a.nel.cloudflare.com\\/report\\/v4?s=DdfyOny0acOsiNP7jQOpaOv%2BnNQEqyWzoZ1bTBdCbkCdL8CyPjT5SNnLAzJv1mdGP2NdZZiL9dUIUMLqVLlmMkg6v4pizi8wUuDyyTrwb85BFwwzNiWTfqPj%2FS1dnzqN"}],"group":"cf-nel","max_age":604800}', 'NEL': '{"success_fraction":0,"report_to":"cf-nel","max_age":604800}', 'Server': 'cloudflare', 'CF-RAY': '87562acd78d6fa16-SJC', 'alt-svc': 'h3=":443"; ma=86400'} 
 body={"results":[{"gender":"male","name":{"title":"Mr","first":"Zahariy","last":"Adamovich"},"location":{"street":{"number":4604,"name":"Yaroshivska"},"city":"Skvira","state":"Cherkaska","country":"Ukraine","postcode":21012,"coordinates":{"latitude":"78.4328","longitude":"-124.7265"},"timezone":{"offset":"-6:00","description":"Central Time (US &amp; Canada), Mexico City"}},"email":"zahariy.adamovich@example.com","login":{"uuid":"6037fce1-cdaa-404a-a044-6d76474b4686","username":"goldenfish468","password":"102030","salt":"X1OObtMA","md5":"b8686e72aeac4404cfb6ed4da89038b2","sha1":"78d76b4d00bc955694b913c19b436e631483ef21","sha256":"3ec246d78a7ac308ac5a8ccb394d24b55e9a004cfc594b980463b7c122105540"},"dob":{"date":"1990-10-21T06:40:29.782Z","age":33},"registered":{"date":"2011-04-03T20:49:57.822Z","age":13},"phone":"(067) L27-2453","cell":"(067) G34-1352","id":{"name":"","value":null},"picture":{"large":"https://randomuser.me/api/portraits/men/37.jpg","medium":"https://randomuser.me/api/portraits/med/men/37.jpg","thumbnail":"https://randomuser.me/api/portraits/thumb/men/37.jpg"},"nat":"UA"}],"info":{"seed":"9196c094aab11323","results":1,"page":1,"version":"1.4"}} 
 </msg>
<msg time="2024-04-16T18:16:34.236973" level="INFO">/opt/hostedtoolcache/Python/3.12.3/x64/lib/python3.12/site-packages/urllib3/connectionpool.py:1103: InsecureRequestWarning: Unverified HTTPS request is being made to host 'randomuser.me'. Adding certificate verification is strongly advised. See: https://urllib3.readthedocs.io/en/latest/advanced-usage.html#tls-warnings
  warnings.warn(</msg>
<msg time="2024-04-16T18:16:34.237121" level="INFO">${response} = &lt;Response [200]&gt;</msg>
<var>${response}</var>
<arg>consultarAPI</arg>
<arg>/api</arg>
<doc>Sends a GET request on a previously created HTTP Session.</doc>
<status status="PASS" start="2024-04-16T18:16:34.150956" elapsed="0.086212"/>
</kw>
<kw name="Set Variable" owner="BuiltIn">
<msg time="2024-04-16T18:16:34.238234" level="INFO">${json_data} = {'results': [{'gender': 'male', 'name': {'title': 'Mr', 'first': 'Zahariy', 'last': 'Adamovich'}, 'location': {'street': {'number': 4604, 'name': 'Yaroshivska'}, 'city': 'Skvira', 'state': 'Cherkaska'...</msg>
<var>${json_data}</var>
<arg>${response.json()}</arg>
<doc>Returns the given values which can then be assigned to a variables.</doc>
<status status="PASS" start="2024-04-16T18:16:34.237703" elapsed="0.000559"/>
</kw>
<kw name="Log" owner="BuiltIn">
<msg time="2024-04-16T18:16:34.238787" level="INFO">{'results': [{'gender': 'male', 'name': {'title': 'Mr', 'first': 'Zahariy', 'last': 'Adamovich'}, 'location': {'street': {'number': 4604, 'name': 'Yaroshivska'}, 'city': 'Skvira', 'state': 'Cherkaska', 'country': 'Ukraine', 'postcode': 21012, 'coordinates': {'latitude': '78.4328', 'longitude': '-124.7265'}, 'timezone': {'offset': '-6:00', 'description': 'Central Time (US &amp; Canada), Mexico City'}}, 'email': 'zahariy.adamovich@example.com', 'login': {'uuid': '6037fce1-cdaa-404a-a044-6d76474b4686', 'username': 'goldenfish468', 'password': '102030', 'salt': 'X1OObtMA', 'md5': 'b8686e72aeac4404cfb6ed4da89038b2', 'sha1': '78d76b4d00bc955694b913c19b436e631483ef21', 'sha256': '3ec246d78a7ac308ac5a8ccb394d24b55e9a004cfc594b980463b7c122105540'}, 'dob': {'date': '1990-10-21T06:40:29.782Z', 'age': 33}, 'registered': {'date': '2011-04-03T20:49:57.822Z', 'age': 13}, 'phone': '(067) L27-2453', 'cell': '(067) G34-1352', 'id': {'name': '', 'value': None}, 'picture': {'large': 'https://randomuser.me/api/portraits/men/37.jpg', 'medium': 'https://randomuser.me/api/portraits/med/men/37.jpg', 'thumbnail': 'https://randomuser.me/api/portraits/thumb/men/37.jpg'}, 'nat': 'UA'}], 'info': {'seed': '9196c094aab11323', 'results': 1, 'page': 1, 'version': '1.4'}}</msg>
<arg>${json_data}</arg>
<doc>Logs the given message with the given level.</doc>
<status status="PASS" start="2024-04-16T18:16:34.238615" elapsed="0.000224"/>
</kw>
<kw name="Dictionary Should Contain Key" owner="Collections">
<msg time="2024-04-16T18:16:34.239311" level="INFO">False</msg>
<arg>${json_data}</arg>
<arg>results</arg>
<doc>Fails if ``key`` is not found from ``dictionary``.</doc>
<status status="PASS" start="2024-04-16T18:16:34.239150" elapsed="0.000199"/>
</kw>
<kw name="Should Not Be Empty" owner="BuiltIn">
<msg time="2024-04-16T18:16:34.239784" level="INFO">Length is 2.</msg>
<arg>${json_data}</arg>
<doc>Verifies that the given item is not empty.</doc>
<status status="PASS" start="2024-04-16T18:16:34.239651" elapsed="0.000172"/>
</kw>
<kw name="Create List" owner="BuiltIn">
<msg time="2024-04-16T18:16:34.240430" level="INFO">${expected_keys} = ['gender', 'name', 'location', 'email', 'login']</msg>
<var>${expected_keys}</var>
<arg>gender</arg>
<arg>name</arg>
<arg>location</arg>
<arg>email</arg>
<arg>login</arg>
<doc>Returns a list containing given items.</doc>
<status status="PASS" start="2024-04-16T18:16:34.240112" elapsed="0.000343"/>
</kw>
<for flavor="IN">
<iter>
<kw name="Dictionary Should Contain Key" owner="Collections">
<msg time="2024-04-16T18:16:34.241469" level="INFO">False</msg>
<arg>${json_data['results'][0]}</arg>
<arg>${key}</arg>
<doc>Fails if ``key`` is not found from ``dictionary``.</doc>
<status status="PASS" start="2024-04-16T18:16:34.241052" elapsed="0.000456"/>
</kw>
<kw name="Log" owner="BuiltIn">
<msg time="2024-04-16T18:16:34.242175" level="INFO">{'gender': 'male', 'name': {'title': 'Mr', 'first': 'Zahariy', 'last': 'Adamovich'}, 'location': {'street': {'number': 4604, 'name': 'Yaroshivska'}, 'city': 'Skvira', 'state': 'Cherkaska', 'country': 'Ukraine', 'postcode': 21012, 'coordinates': {'latitude': '78.4328', 'longitude': '-124.7265'}, 'timezone': {'offset': '-6:00', 'description': 'Central Time (US &amp; Canada), Mexico City'}}, 'email': 'zahariy.adamovich@example.com', 'login': {'uuid': '6037fce1-cdaa-404a-a044-6d76474b4686', 'username': 'goldenfish468', 'password': '102030', 'salt': 'X1OObtMA', 'md5': 'b8686e72aeac4404cfb6ed4da89038b2', 'sha1': '78d76b4d00bc955694b913c19b436e631483ef21', 'sha256': '3ec246d78a7ac308ac5a8ccb394d24b55e9a004cfc594b980463b7c122105540'}, 'dob': {'date': '1990-10-21T06:40:29.782Z', 'age': 33}, 'registered': {'date': '2011-04-03T20:49:57.822Z', 'age': 13}, 'phone': '(067) L27-2453', 'cell': '(067) G34-1352', 'id': {'name': '', 'value': None}, 'picture': {'large': 'https://randomuser.me/api/portraits/men/37.jpg', 'medium': 'https://randomuser.me/api/portraits/med/men/37.jpg', 'thumbnail': 'https://randomuser.me/api/portraits/thumb/men/37.jpg'}, 'nat': 'UA'}</msg>
<arg>${json_data['results'][0]}</arg>
<doc>Logs the given message with the given level.</doc>
<status status="PASS" start="2024-04-16T18:16:34.241809" elapsed="0.000417"/>
</kw>
<kw name="Log" owner="BuiltIn">
<msg time="2024-04-16T18:16:34.242673" level="INFO">gender</msg>
<arg>${key}</arg>
<doc>Logs the given message with the given level.</doc>
<status status="PASS" start="2024-04-16T18:16:34.242540" elapsed="0.000171"/>
</kw>
<var name="${key}">gender</var>
<status status="PASS" start="2024-04-16T18:16:34.240925" elapsed="0.002003"/>
</iter>
<iter>
<kw name="Dictionary Should Contain Key" owner="Collections">
<msg time="2024-04-16T18:16:34.243622" level="INFO">False</msg>
<arg>${json_data['results'][0]}</arg>
<arg>${key}</arg>
<doc>Fails if ``key`` is not found from ``dictionary``.</doc>
<status status="PASS" start="2024-04-16T18:16:34.243229" elapsed="0.000431"/>
</kw>
<kw name="Log" owner="BuiltIn">
<msg time="2024-04-16T18:16:34.244351" level="INFO">{'gender': 'male', 'name': {'title': 'Mr', 'first': 'Zahariy', 'last': 'Adamovich'}, 'location': {'street': {'number': 4604, 'name': 'Yaroshivska'}, 'city': 'Skvira', 'state': 'Cherkaska', 'country': 'Ukraine', 'postcode': 21012, 'coordinates': {'latitude': '78.4328', 'longitude': '-124.7265'}, 'timezone': {'offset': '-6:00', 'description': 'Central Time (US &amp; Canada), Mexico City'}}, 'email': 'zahariy.adamovich@example.com', 'login': {'uuid': '6037fce1-cdaa-404a-a044-6d76474b4686', 'username': 'goldenfish468', 'password': '102030', 'salt': 'X1OObtMA', 'md5': 'b8686e72aeac4404cfb6ed4da89038b2', 'sha1': '78d76b4d00bc955694b913c19b436e631483ef21', 'sha256': '3ec246d78a7ac308ac5a8ccb394d24b55e9a004cfc594b980463b7c122105540'}, 'dob': {'date': '1990-10-21T06:40:29.782Z', 'age': 33}, 'registered': {'date': '2011-04-03T20:49:57.822Z', 'age': 13}, 'phone': '(067) L27-2453', 'cell': '(067) G34-1352', 'id': {'name': '', 'value': None}, 'picture': {'large': 'https://randomuser.me/api/portraits/men/37.jpg', 'medium': 'https://randomuser.me/api/portraits/med/men/37.jpg', 'thumbnail': 'https://randomuser.me/api/portraits/thumb/men/37.jpg'}, 'nat': 'UA'}</msg>
<arg>${json_data['results'][0]}</arg>
<doc>Logs the given message with the given level.</doc>
<status status="PASS" start="2024-04-16T18:16:34.243987" elapsed="0.000414"/>
</kw>
<kw name="Log" owner="BuiltIn">
<msg time="2024-04-16T18:16:34.244829" level="INFO">name</msg>
<arg>${key}</arg>
<doc>Logs the given message with the given level.</doc>
<status status="PASS" start="2024-04-16T18:16:34.244701" elapsed="0.000166"/>
</kw>
<var name="${key}">name</var>
<status status="PASS" start="2024-04-16T18:16:34.243114" elapsed="0.001968"/>
</iter>
<iter>
<kw name="Dictionary Should Contain Key" owner="Collections">
<msg time="2024-04-16T18:16:34.245766" level="INFO">False</msg>
<arg>${json_data['results'][0]}</arg>
<arg>${key}</arg>
<doc>Fails if ``key`` is not found from ``dictionary``.</doc>
<status status="PASS" start="2024-04-16T18:16:34.245374" elapsed="0.000429"/>
</kw>
<kw name="Log" owner="BuiltIn">
<msg time="2024-04-16T18:16:34.246466" level="INFO">{'gender': 'male', 'name': {'title': 'Mr', 'first': 'Zahariy', 'last': 'Adamovich'}, 'location': {'street': {'number': 4604, 'name': 'Yaroshivska'}, 'city': 'Skvira', 'state': 'Cherkaska', 'country': 'Ukraine', 'postcode': 21012, 'coordinates': {'latitude': '78.4328', 'longitude': '-124.7265'}, 'timezone': {'offset': '-6:00', 'description': 'Central Time (US &amp; Canada), Mexico City'}}, 'email': 'zahariy.adamovich@example.com', 'login': {'uuid': '6037fce1-cdaa-404a-a044-6d76474b4686', 'username': 'goldenfish468', 'password': '102030', 'salt': 'X1OObtMA', 'md5': 'b8686e72aeac4404cfb6ed4da89038b2', 'sha1': '78d76b4d00bc955694b913c19b436e631483ef21', 'sha256': '3ec246d78a7ac308ac5a8ccb394d24b55e9a004cfc594b980463b7c122105540'}, 'dob': {'date': '1990-10-21T06:40:29.782Z', 'age': 33}, 'registered': {'date': '2011-04-03T20:49:57.822Z', 'age': 13}, 'phone': '(067) L27-2453', 'cell': '(067) G34-1352', 'id': {'name': '', 'value': None}, 'picture': {'large': 'https://randomuser.me/api/portraits/men/37.jpg', 'medium': 'https://randomuser.me/api/portraits/med/men/37.jpg', 'thumbnail': 'https://randomuser.me/api/portraits/thumb/men/37.jpg'}, 'nat': 'UA'}</msg>
<arg>${json_data['results'][0]}</arg>
<doc>Logs the given message with the given level.</doc>
<status status="PASS" start="2024-04-16T18:16:34.246107" elapsed="0.000408"/>
</kw>
<kw name="Log" owner="BuiltIn">
<msg time="2024-04-16T18:16:34.246978" level="INFO">location</msg>
<arg>${key}</arg>
<doc>Logs the given message with the given level.</doc>
<status status="PASS" start="2024-04-16T18:16:34.246850" elapsed="0.000167"/>
</kw>
<var name="${key}">location</var>
<status status="PASS" start="2024-04-16T18:16:34.245261" elapsed="0.001971"/>
</iter>
<iter>
<kw name="Dictionary Should Contain Key" owner="Collections">
<msg time="2024-04-16T18:16:34.247905" level="INFO">False</msg>
<arg>${json_data['results'][0]}</arg>
<arg>${key}</arg>
<doc>Fails if ``key`` is not found from ``dictionary``.</doc>
<status status="PASS" start="2024-04-16T18:16:34.247516" elapsed="0.000427"/>
</kw>
<kw name="Log" owner="BuiltIn">
<msg time="2024-04-16T18:16:34.248607" level="INFO">{'gender': 'male', 'name': {'title': 'Mr', 'first': 'Zahariy', 'last': 'Adamovich'}, 'location': {'street': {'number': 4604, 'name': 'Yaroshivska'}, 'city': 'Skvira', 'state': 'Cherkaska', 'country': 'Ukraine', 'postcode': 21012, 'coordinates': {'latitude': '78.4328', 'longitude': '-124.7265'}, 'timezone': {'offset': '-6:00', 'description': 'Central Time (US &amp; Canada), Mexico City'}}, 'email': 'zahariy.adamovich@example.com', 'login': {'uuid': '6037fce1-cdaa-404a-a044-6d76474b4686', 'username': 'goldenfish468', 'password': '102030', 'salt': 'X1OObtMA', 'md5': 'b8686e72aeac4404cfb6ed4da89038b2', 'sha1': '78d76b4d00bc955694b913c19b436e631483ef21', 'sha256': '3ec246d78a7ac308ac5a8ccb394d24b55e9a004cfc594b980463b7c122105540'}, 'dob': {'date': '1990-10-21T06:40:29.782Z', 'age': 33}, 'registered': {'date': '2011-04-03T20:49:57.822Z', 'age': 13}, 'phone': '(067) L27-2453', 'cell': '(067) G34-1352', 'id': {'name': '', 'value': None}, 'picture': {'large': 'https://randomuser.me/api/portraits/men/37.jpg', 'medium': 'https://randomuser.me/api/portraits/med/men/37.jpg', 'thumbnail': 'https://randomuser.me/api/portraits/thumb/men/37.jpg'}, 'nat': 'UA'}</msg>
<arg>${json_data['results'][0]}</arg>
<doc>Logs the given message with the given level.</doc>
<status status="PASS" start="2024-04-16T18:16:34.248240" elapsed="0.000420"/>
</kw>
<kw name="Log" owner="BuiltIn">
<msg time="2024-04-16T18:16:34.249080" level="INFO">email</msg>
<arg>${key}</arg>
<doc>Logs the given message with the given level.</doc>
<status status="PASS" start="2024-04-16T18:16:34.248952" elapsed="0.000166"/>
</kw>
<var name="${key}">email</var>
<status status="PASS" start="2024-04-16T18:16:34.247405" elapsed="0.001929"/>
</iter>
<iter>
<kw name="Dictionary Should Contain Key" owner="Collections">
<msg time="2024-04-16T18:16:34.250009" level="INFO">False</msg>
<arg>${json_data['results'][0]}</arg>
<arg>${key}</arg>
<doc>Fails if ``key`` is not found from ``dictionary``.</doc>
<status status="PASS" start="2024-04-16T18:16:34.249628" elapsed="0.000420"/>
</kw>
<kw name="Log" owner="BuiltIn">
<msg time="2024-04-16T18:16:34.250740" level="INFO">{'gender': 'male', 'name': {'title': 'Mr', 'first': 'Zahariy', 'last': 'Adamovich'}, 'location': {'street': {'number': 4604, 'name': 'Yaroshivska'}, 'city': 'Skvira', 'state': 'Cherkaska', 'country': 'Ukraine', 'postcode': 21012, 'coordinates': {'latitude': '78.4328', 'longitude': '-124.7265'}, 'timezone': {'offset': '-6:00', 'description': 'Central Time (US &amp; Canada), Mexico City'}}, 'email': 'zahariy.adamovich@example.com', 'login': {'uuid': '6037fce1-cdaa-404a-a044-6d76474b4686', 'username': 'goldenfish468', 'password': '102030', 'salt': 'X1OObtMA', 'md5': 'b8686e72aeac4404cfb6ed4da89038b2', 'sha1': '78d76b4d00bc955694b913c19b436e631483ef21', 'sha256': '3ec246d78a7ac308ac5a8ccb394d24b55e9a004cfc594b980463b7c122105540'}, 'dob': {'date': '1990-10-21T06:40:29.782Z', 'age': 33}, 'registered': {'date': '2011-04-03T20:49:57.822Z', 'age': 13}, 'phone': '(067) L27-2453', 'cell': '(067) G34-1352', 'id': {'name': '', 'value': None}, 'picture': {'large': 'https://randomuser.me/api/portraits/men/37.jpg', 'medium': 'https://randomuser.me/api/portraits/med/men/37.jpg', 'thumbnail': 'https://randomuser.me/api/portraits/thumb/men/37.jpg'}, 'nat': 'UA'}</msg>
<arg>${json_data['results'][0]}</arg>
<doc>Logs the given message with the given level.</doc>
<status status="PASS" start="2024-04-16T18:16:34.250342" elapsed="0.000448"/>
</kw>
<kw name="Log" owner="BuiltIn">
<msg time="2024-04-16T18:16:34.251220" level="INFO">login</msg>
<arg>${key}</arg>
<doc>Logs the given message with the given level.</doc>
<status status="PASS" start="2024-04-16T18:16:34.251091" elapsed="0.000168"/>
</kw>
<var name="${key}">login</var>
<status status="PASS" start="2024-04-16T18:16:34.249510" elapsed="0.001988"/>
</iter>
<var>${key}</var>
<value>@{expected_keys}</value>
<status status="PASS" start="2024-04-16T18:16:34.240722" elapsed="0.010903"/>
</for>
<kw name="Create List" owner="BuiltIn">
<msg time="2024-04-16T18:16:34.251960" level="INFO">${expected_keysTwo} = ['username', 'password']</msg>
<var>${expected_keysTwo}</var>
<arg>username</arg>
<arg>password</arg>
<doc>Returns a list containing given items.</doc>
<status status="PASS" start="2024-04-16T18:16:34.251821" elapsed="0.000163"/>
</kw>
<for flavor="IN">
<iter>
<kw name="Dictionary Should Contain Key" owner="Collections">
<msg time="2024-04-16T18:16:34.252876" level="INFO">False</msg>
<arg>${json_data['results'][0]['login']}</arg>
<arg>${keyTwo}</arg>
<doc>Fails if ``key`` is not found from ``dictionary``.</doc>
<status status="PASS" start="2024-04-16T18:16:34.252488" elapsed="0.000426"/>
</kw>
<kw name="Dictionary Should Contain Key" owner="Collections">
<msg time="2024-04-16T18:16:34.253601" level="INFO">False</msg>
<arg>${json_data['results'][0]['login']}</arg>
<arg>${keyTwo}</arg>
<doc>Fails if ``key`` is not found from ``dictionary``.</doc>
<status status="PASS" start="2024-04-16T18:16:34.253210" elapsed="0.000429"/>
</kw>
<kw name="Log" owner="BuiltIn">
<msg time="2024-04-16T18:16:34.254058" level="INFO">username</msg>
<arg>${keyTwo}</arg>
<doc>Logs the given message with the given level.</doc>
<status status="PASS" start="2024-04-16T18:16:34.253931" elapsed="0.000171"/>
</kw>
<var name="${keyTwo}">username</var>
<status status="PASS" start="2024-04-16T18:16:34.252378" elapsed="0.001939"/>
</iter>
<iter>
<kw name="Dictionary Should Contain Key" owner="Collections">
<msg time="2024-04-16T18:16:34.255013" level="INFO">False</msg>
<arg>${json_data['results'][0]['login']}</arg>
<arg>${keyTwo}</arg>
<doc>Fails if ``key`` is not found from ``dictionary``.</doc>
<status status="PASS" start="2024-04-16T18:16:34.254627" elapsed="0.000430"/>
</kw>
<kw name="Dictionary Should Contain Key" owner="Collections">
<msg time="2024-04-16T18:16:34.255826" level="INFO">False</msg>
<arg>${json_data['results'][0]['login']}</arg>
<arg>${keyTwo}</arg>
<doc>Fails if ``key`` is not found from ``dictionary``.</doc>
<status status="PASS" start="2024-04-16T18:16:34.255354" elapsed="0.000512"/>
</kw>
<kw name="Log" owner="BuiltIn">
<msg time="2024-04-16T18:16:34.256294" level="INFO">password</msg>
<arg>${keyTwo}</arg>
<doc>Logs the given message with the given level.</doc>
<status status="PASS" start="2024-04-16T18:16:34.256165" elapsed="0.000168"/>
</kw>
<var name="${keyTwo}">password</var>
<status status="PASS" start="2024-04-16T18:16:34.254487" elapsed="0.002062"/>
</iter>
<var>${keyTwo}</var>
<value>@{expected_keysTwo}</value>
<status status="PASS" start="2024-04-16T18:16:34.252224" elapsed="0.004447"/>
</for>
<status status="PASS" start="2024-04-16T18:16:34.150698" elapsed="0.106117"/>
</kw>
<doc>Testa a estrutura da resposta da API.</doc>
<tag>testeEstruturaResposta</tag>
<status status="PASS" start="2024-04-16T18:16:34.150025" elapsed="0.106950"/>
</test>
<test id="s1-s1-t4" name="Validar tipos de dados" line="28">
<kw name="Teste de Tipos de Dados" owner="random-user-service">
<kw name="GET On Session" owner="RequestsLibrary">
<msg time="2024-04-16T18:16:34.349474" level="INFO">GET Request : url=https://randomuser.me/api 
 path_url=/api 
 headers={'User-Agent': 'python-requests/2.31.0', 'Accept-Encoding': 'gzip, deflate', 'Accept': '*/*', 'Connection': 'keep-alive'} 
 body=None 
 </msg>
<msg time="2024-04-16T18:16:34.349592" level="INFO">GET Response : url=https://randomuser.me/api 
 status=200, reason=OK 
 headers={'Date': 'Tue, 16 Apr 2024 18:16:34 GMT', 'Content-Type': 'application/json; charset=utf-8', 'Transfer-Encoding': 'chunked', 'Connection': 'keep-alive', 'X-Powered-By': 'Express', 'Access-Control-Allow-Origin': '*', 'Cache-Control': 'no-cache', 'ETag': 'W/"48b-5eIu/evrbTxd2a40hlgdGml4v0k"', 'Vary': 'Accept-Encoding', 'Content-Encoding': 'gzip', 'CF-Cache-Status': 'DYNAMIC', 'Report-To': '{"endpoints":[{"url":"https:\\/\\/a.nel.cloudflare.com\\/report\\/v4?s=HR5O9UjTjeufnNb1ozZzKb5HdMQPKE0mWJpBXfZaieNBElv3es0jPR3OX2LXEg08N7v3KnNU%2Bl6FPqV%2BCNczRmAbp5cVN1YEZ%2B79VDS70Ly0V5LcuUGAxx9nUOQt1P1l"}],"group":"cf-nel","max_age":604800}', 'NEL': '{"success_fraction":0,"report_to":"cf-nel","max_age":604800}', 'Server': 'cloudflare', 'CF-RAY': '87562ace2984fa16-SJC', 'alt-svc': 'h3=":443"; ma=86400'} 
 body={"results":[{"gender":"male","name":{"title":"Monsieur","first":"Joshua","last":"Deschamps"},"location":{"street":{"number":8395,"name":"Avenue des Ternes"},"city":"Flims","state":"Neuchâtel","country":"Switzerland","postcode":9478,"coordinates":{"latitude":"-58.7316","longitude":"-17.5260"},"timezone":{"offset":"-10:00","description":"Hawaii"}},"email":"joshua.deschamps@example.com","login":{"uuid":"831d047c-6154-4b18-923c-ab87f918edbe","username":"brownrabbit696","password":"bianca","salt":"ygtrSeHL","md5":"f8e34b861608eef277a3b0a6e1c46a51","sha1":"d88f8eee95feba285be1b4d3766d188568c7c35f","sha256":"acba8d5eb68ff4f59dc0340a4963cdf8f4fb08ce41952ed4e573a1311efd5fa3"},"dob":{"date":"1983-11-08T00:17:23.187Z","age":40},"registered":{"date":"2012-05-25T00:39:34.161Z","age":11},"phone":"077 059 87 90","cell":"078 532 51 22","id":{"name":"AVS","value":"756.3938.7861.55"},"picture":{"large":"https://randomuser.me/api/portraits/men/49.jpg","medium":"https://randomuser.me/api/portraits/med/men/49.jpg","thumbnail":"https://randomuser.me/api/portraits/thumb/men/49.jpg"},"nat":"CH"}],"info":{"seed":"cc68f12b92bdd21b","results":1,"page":1,"version":"1.4"}} 
 </msg>
<msg time="2024-04-16T18:16:34.349690" level="INFO">/opt/hostedtoolcache/Python/3.12.3/x64/lib/python3.12/site-packages/urllib3/connectionpool.py:1103: InsecureRequestWarning: Unverified HTTPS request is being made to host 'randomuser.me'. Adding certificate verification is strongly advised. See: https://urllib3.readthedocs.io/en/latest/advanced-usage.html#tls-warnings
  warnings.warn(</msg>
<msg time="2024-04-16T18:16:34.349863" level="INFO">${response} = &lt;Response [200]&gt;</msg>
<var>${response}</var>
<arg>consultarAPI</arg>
<arg>/api</arg>
<doc>Sends a GET request on a previously created HTTP Session.</doc>
<status status="PASS" start="2024-04-16T18:16:34.259621" elapsed="0.090288"/>
</kw>
<kw name="Set Variable" owner="BuiltIn">
<msg time="2024-04-16T18:16:34.351097" level="INFO">${json_data} = {'results': [{'gender': 'male', 'name': {'title': 'Monsieur', 'first': 'Joshua', 'last': 'Deschamps'}, 'location': {'street': {'number': 8395, 'name': 'Avenue des Ternes'}, 'city': 'Flims', 'state': '...</msg>
<var>${json_data}</var>
<arg>${response.json()}</arg>
<doc>Returns the given values which can then be assigned to a variables.</doc>
<status status="PASS" start="2024-04-16T18:16:34.350473" elapsed="0.000655"/>
</kw>
<kw name="Log" owner="BuiltIn">
<msg time="2024-04-16T18:16:34.351612" level="INFO">{'results': [{'gender': 'male', 'name': {'title': 'Monsieur', 'first': 'Joshua', 'last': 'Deschamps'}, 'location': {'street': {'number': 8395, 'name': 'Avenue des Ternes'}, 'city': 'Flims', 'state': 'Neuchâtel', 'country': 'Switzerland', 'postcode': 9478, 'coordinates': {'latitude': '-58.7316', 'longitude': '-17.5260'}, 'timezone': {'offset': '-10:00', 'description': 'Hawaii'}}, 'email': 'joshua.deschamps@example.com', 'login': {'uuid': '831d047c-6154-4b18-923c-ab87f918edbe', 'username': 'brownrabbit696', 'password': 'bianca', 'salt': 'ygtrSeHL', 'md5': 'f8e34b861608eef277a3b0a6e1c46a51', 'sha1': 'd88f8eee95feba285be1b4d3766d188568c7c35f', 'sha256': 'acba8d5eb68ff4f59dc0340a4963cdf8f4fb08ce41952ed4e573a1311efd5fa3'}, 'dob': {'date': '1983-11-08T00:17:23.187Z', 'age': 40}, 'registered': {'date': '2012-05-25T00:39:34.161Z', 'age': 11}, 'phone': '077 059 87 90', 'cell': '078 532 51 22', 'id': {'name': 'AVS', 'value': '756.3938.7861.55'}, 'picture': {'large': 'https://randomuser.me/api/portraits/men/49.jpg', 'medium': 'https://randomuser.me/api/portraits/med/men/49.jpg', 'thumbnail': 'https://randomuser.me/api/portraits/thumb/men/49.jpg'}, 'nat': 'CH'}], 'info': {'seed': 'cc68f12b92bdd21b', 'results': 1, 'page': 1, 'version': '1.4'}}</msg>
<arg>${json_data}</arg>
<doc>Logs the given message with the given level.</doc>
<status status="PASS" start="2024-04-16T18:16:34.351449" elapsed="0.000259"/>
</kw>
<kw name="Should Be String" owner="String">
<arg>${json_data['results'][0]['gender']}</arg>
<doc>Fails if the given ``item`` is not a string.</doc>
<status status="PASS" start="2024-04-16T18:16:34.352015" elapsed="0.000368"/>
</kw>
<kw name="Should Match Regexp" owner="BuiltIn">
<arg>${json_data['results'][0]['email']}</arg>
<arg>^[a-zA-Z0-9._%+-]+@[a-zA-Z0-9.-]+\.[a-zA-Z]{2,}$</arg>
<doc>Fails if ``string`` does not match ``pattern`` as a regular expression.</doc>
<status status="PASS" start="2024-04-16T18:16:34.352578" elapsed="0.000528"/>
</kw>
<kw name="Should Match Regexp" owner="BuiltIn">
<arg>${json_data['results'][0]['dob']['date']}</arg>
<arg>\\d{4}-\\d{2}-\\d{2}T\\d{2}:\\d{2}:\\d{2}\\.\\d{3}Z</arg>
<doc>Fails if ``string`` does not match ``pattern`` as a regular expression.</doc>
<status status="PASS" start="2024-04-16T18:16:34.353303" elapsed="0.000483"/>
</kw>
<kw name="Should Match Regexp" owner="BuiltIn">
<arg>${json_data['results'][0]['registered']['date']}</arg>
<arg>\\d{4}-\\d{2}-\\d{2}T\\d{2}:\\d{2}:\\d{2}\\.\\d{3}Z</arg>
<doc>Fails if ``string`` does not match ``pattern`` as a regular expression.</doc>
<status status="PASS" start="2024-04-16T18:16:34.353978" elapsed="0.000368"/>
</kw>
<kw name="Should Match Regexp" owner="BuiltIn">
<arg>${json_data['results'][0]['picture']['large']}</arg>
<arg>^https?://.*\.(?:png|jpe?g|gif|bmp)$</arg>
<doc>Fails if ``string`` does not match ``pattern`` as a regular expression.</doc>
<status status="PASS" start="2024-04-16T18:16:34.354554" elapsed="0.000483"/>
</kw>
<kw name="Should Match Regexp" owner="BuiltIn">
<arg>${json_data['results'][0]['picture']['medium']}</arg>
<arg>^https?://.*\.(?:png|jpe?g|gif|bmp)$</arg>
<doc>Fails if ``string`` does not match ``pattern`` as a regular expression.</doc>
<status status="PASS" start="2024-04-16T18:16:34.355227" elapsed="0.000361"/>
</kw>
<kw name="Should Match Regexp" owner="BuiltIn">
<arg>${json_data['results'][0]['picture']['thumbnail']}</arg>
<arg>^https?://.*\.(?:png|jpe?g|gif|bmp)$</arg>
<doc>Fails if ``string`` does not match ``pattern`` as a regular expression.</doc>
<status status="PASS" start="2024-04-16T18:16:34.355781" elapsed="0.000358"/>
</kw>
<kw name="Log" owner="BuiltIn">
<msg time="2024-04-16T18:16:34.356676" level="INFO">{'large': 'https://randomuser.me/api/portraits/men/49.jpg', 'medium': 'https://randomuser.me/api/portraits/med/men/49.jpg', 'thumbnail': 'https://randomuser.me/api/portraits/thumb/men/49.jpg'}</msg>
<arg>${json_data['results'][0]['picture']}</arg>
<doc>Logs the given message with the given level.</doc>
<status status="PASS" start="2024-04-16T18:16:34.356323" elapsed="0.000395"/>
</kw>
<status status="PASS" start="2024-04-16T18:16:34.259378" elapsed="0.097598"/>
</kw>
<kw name="Teste de Tipos de Dados - Postcode" owner="random-user-service">
<kw name="GET On Session" owner="RequestsLibrary">
<msg time="2024-04-16T18:16:34.449664" level="INFO">GET Request : url=https://randomuser.me/api 
 path_url=/api 
 headers={'User-Agent': 'python-requests/2.31.0', 'Accept-Encoding': 'gzip, deflate', 'Accept': '*/*', 'Connection': 'keep-alive'} 
 body=None 
 </msg>
<msg time="2024-04-16T18:16:34.449783" level="INFO">GET Response : url=https://randomuser.me/api 
 status=200, reason=OK 
 headers={'Date': 'Tue, 16 Apr 2024 18:16:34 GMT', 'Content-Type': 'application/json; charset=utf-8', 'Transfer-Encoding': 'chunked', 'Connection': 'keep-alive', 'X-Powered-By': 'Express', 'Access-Control-Allow-Origin': '*', 'Cache-Control': 'no-cache', 'ETag': 'W/"49b-nGEWYIUP9SZ7IkMj/wBVrIjcU8I"', 'Vary': 'Accept-Encoding', 'Content-Encoding': 'gzip', 'CF-Cache-Status': 'DYNAMIC', 'Report-To': '{"endpoints":[{"url":"https:\\/\\/a.nel.cloudflare.com\\/report\\/v4?s=Q4zO%2BKuDl3ImCUkI80SH7Bcox7XNoI5JtAmoVr1NjjS2mPIp4aPnvoDdOTenQhn7LDu11u4ad5oLyupVdR4pzy8Qc%2BI34p%2BodlxOBns3x1CzqTS%2Fbim6TcXIfCONgUXF"}],"group":"cf-nel","max_age":604800}', 'NEL': '{"success_fraction":0,"report_to":"cf-nel","max_age":604800}', 'Server': 'cloudflare', 'CF-RAY': '87562aceca5afa16-SJC', 'alt-svc': 'h3=":443"; ma=86400'} 
 body={"results":[{"gender":"male","name":{"title":"Mr","first":"Enrique","last":"Sánchez"},"location":{"street":{"number":2572,"name":"Calle de Téllez"},"city":"Valladolid","state":"Comunidad de Madrid","country":"Spain","postcode":73236,"coordinates":{"latitude":"-32.4260","longitude":"-53.4140"},"timezone":{"offset":"-3:00","description":"Brazil, Buenos Aires, Georgetown"}},"email":"enrique.sanchez@example.com","login":{"uuid":"5d54be7b-78ca-4252-9daf-01557af04272","username":"purplezebra109","password":"sticks","salt":"DIUOlwiJ","md5":"f737e5cdd5b9ccc5a4a67e38f99a4774","sha1":"266b3b74efe0826c439f51b76c9c6889ba89db1e","sha256":"248e95143d74ed8109cf36a1904eb9ce2f1b1ea295a0e2199784c99e2e73f1a7"},"dob":{"date":"1951-08-11T00:27:56.101Z","age":72},"registered":{"date":"2008-11-13T21:55:47.676Z","age":15},"phone":"946-902-141","cell":"671-394-851","id":{"name":"DNI","value":"70036993-F"},"picture":{"large":"https://randomuser.me/api/portraits/men/34.jpg","medium":"https://randomuser.me/api/portraits/med/men/34.jpg","thumbnail":"https://randomuser.me/api/portraits/thumb/men/34.jpg"},"nat":"ES"}],"info":{"seed":"3e9cf89d288d32de","results":1,"page":1,"version":"1.4"}} 
 </msg>
<msg time="2024-04-16T18:16:34.449874" level="INFO">/opt/hostedtoolcache/Python/3.12.3/x64/lib/python3.12/site-packages/urllib3/connectionpool.py:1103: InsecureRequestWarning: Unverified HTTPS request is being made to host 'randomuser.me'. Adding certificate verification is strongly advised. See: https://urllib3.readthedocs.io/en/latest/advanced-usage.html#tls-warnings
  warnings.warn(</msg>
<msg time="2024-04-16T18:16:34.450042" level="INFO">${response} = &lt;Response [200]&gt;</msg>
<var>${response}</var>
<arg>consultarAPI</arg>
<arg>/api</arg>
<doc>Sends a GET request on a previously created HTTP Session.</doc>
<status status="PASS" start="2024-04-16T18:16:34.357445" elapsed="0.092640"/>
</kw>
<kw name="Set Variable" owner="BuiltIn">
<msg time="2024-04-16T18:16:34.451253" level="INFO">${json_data} = {'results': [{'gender': 'male', 'name': {'title': 'Mr', 'first': 'Enrique', 'last': 'Sánchez'}, 'location': {'street': {'number': 2572, 'name': 'Calle de Téllez'}, 'city': 'Valladolid', 'state': 'Comu...</msg>
<var>${json_data}</var>
<arg>${response.json()}</arg>
<doc>Returns the given values which can then be assigned to a variables.</doc>
<status status="PASS" start="2024-04-16T18:16:34.450683" elapsed="0.000600"/>
</kw>
<kw name="Log" owner="BuiltIn">
<msg time="2024-04-16T18:16:34.451761" level="INFO">{'results': [{'gender': 'male', 'name': {'title': 'Mr', 'first': 'Enrique', 'last': 'Sánchez'}, 'location': {'street': {'number': 2572, 'name': 'Calle de Téllez'}, 'city': 'Valladolid', 'state': 'Comunidad de Madrid', 'country': 'Spain', 'postcode': 73236, 'coordinates': {'latitude': '-32.4260', 'longitude': '-53.4140'}, 'timezone': {'offset': '-3:00', 'description': 'Brazil, Buenos Aires, Georgetown'}}, 'email': 'enrique.sanchez@example.com', 'login': {'uuid': '5d54be7b-78ca-4252-9daf-01557af04272', 'username': 'purplezebra109', 'password': 'sticks', 'salt': 'DIUOlwiJ', 'md5': 'f737e5cdd5b9ccc5a4a67e38f99a4774', 'sha1': '266b3b74efe0826c439f51b76c9c6889ba89db1e', 'sha256': '248e95143d74ed8109cf36a1904eb9ce2f1b1ea295a0e2199784c99e2e73f1a7'}, 'dob': {'date': '1951-08-11T00:27:56.101Z', 'age': 72}, 'registered': {'date': '2008-11-13T21:55:47.676Z', 'age': 15}, 'phone': '946-902-141', 'cell': '671-394-851', 'id': {'name': 'DNI', 'value': '70036993-F'}, 'picture': {'large': 'https://randomuser.me/api/portraits/men/34.jpg', 'medium': 'https://randomuser.me/api/portraits/med/men/34.jpg', 'thumbnail': 'https://randomuser.me/api/portraits/thumb/men/34.jpg'}, 'nat': 'ES'}], 'info': {'seed': '3e9cf89d288d32de', 'results': 1, 'page': 1, 'version': '1.4'}}</msg>
<arg>${json_data}</arg>
<doc>Logs the given message with the given level.</doc>
<status status="PASS" start="2024-04-16T18:16:34.451601" elapsed="0.000246"/>
</kw>
<kw name="Should Be Equal As Numbers" owner="BuiltIn">
<arg>${json_data['results'][0]['location']['postcode']}</arg>
<arg>${json_data['results'][0]['location']['postcode']}</arg>
<doc>Fails if objects are unequal after converting them to real numbers.</doc>
<status status="PASS" start="2024-04-16T18:16:34.452151" elapsed="0.000811"/>
</kw>
<kw name="Log" owner="BuiltIn">
<msg time="2024-04-16T18:16:34.453499" level="INFO">73236</msg>
<arg>${json_data['results'][0]['location']['postcode']}</arg>
<doc>Logs the given message with the given level.</doc>
<status status="PASS" start="2024-04-16T18:16:34.453157" elapsed="0.000384"/>
</kw>
<status status="PASS" start="2024-04-16T18:16:34.357208" elapsed="0.096593"/>
</kw>
<doc>Testa se os tipos de dados na resposta da API estão corretos.</doc>
<tag>testeTiposDados</tag>
<status status="PASS" start="2024-04-16T18:16:34.258796" elapsed="0.195174"/>
</test>
<test id="s1-s1-t5" name="Validar conteudo" line="35">
<kw name="Teste de Tipos de Conteudo" owner="random-user-service">
<kw name="GET On Session" owner="RequestsLibrary">
<msg time="2024-04-16T18:16:34.548886" level="INFO">GET Request : url=https://randomuser.me/api 
 path_url=/api 
 headers={'User-Agent': 'python-requests/2.31.0', 'Accept-Encoding': 'gzip, deflate', 'Accept': '*/*', 'Connection': 'keep-alive'} 
 body=None 
 </msg>
<msg time="2024-04-16T18:16:34.549003" level="INFO">GET Response : url=https://randomuser.me/api 
 status=200, reason=OK 
 headers={'Date': 'Tue, 16 Apr 2024 18:16:34 GMT', 'Content-Type': 'application/json; charset=utf-8', 'Transfer-Encoding': 'chunked', 'Connection': 'keep-alive', 'X-Powered-By': 'Express', 'Access-Control-Allow-Origin': '*', 'Cache-Control': 'no-cache', 'ETag': 'W/"48e-t1Q8K2YRB/q5r5FlHQgK5jE6O8U"', 'Vary': 'Accept-Encoding', 'Content-Encoding': 'gzip', 'CF-Cache-Status': 'DYNAMIC', 'Report-To': '{"endpoints":[{"url":"https:\\/\\/a.nel.cloudflare.com\\/report\\/v4?s=aslBJr8WRo2yVlLlj%2BQI%2BZUIAER%2Fmvl8IZpoiwMduoIBVcUvFR291h0SsfnnqK74sOsZy9CEE%2FIwa18h2oDXwyST%2F9A2udjzBIN58QrAov4acIHxJXP0uw4%2BSTfYqo%2Fp"}],"group":"cf-nel","max_age":604800}', 'NEL': '{"success_fraction":0,"report_to":"cf-nel","max_age":604800}', 'Server': 'cloudflare', 'CF-RAY': '87562acf6ad8fa16-SJC', 'alt-svc': 'h3=":443"; ma=86400'} 
 body={"results":[{"gender":"female","name":{"title":"Mrs","first":"Maja","last":"Ivanić"},"location":{"street":{"number":8736,"name":"Vogovska"},"city":"Lajkovac","state":"Podunavlje","country":"Serbia","postcode":34384,"coordinates":{"latitude":"60.2898","longitude":"171.9150"},"timezone":{"offset":"+9:00","description":"Tokyo, Seoul, Osaka, Sapporo, Yakutsk"}},"email":"maja.ivanic@example.com","login":{"uuid":"73aede69-427d-4aeb-8597-356396732a04","username":"heavyduck433","password":"mankind","salt":"kBYN5Tpv","md5":"d6f4922eaed0f15b40ba9ea1d57168ce","sha1":"e4a9b7888663401f89965fefdfaa7a266d514f90","sha256":"31ad7a33cae50e5a0a29076ff411c9fc2d9264556f3e1b3453b47054f067d7f1"},"dob":{"date":"1969-04-29T14:56:36.908Z","age":54},"registered":{"date":"2006-06-29T06:22:35.392Z","age":17},"phone":"024-2160-264","cell":"064-7981-710","id":{"name":"SID","value":"950937784"},"picture":{"large":"https://randomuser.me/api/portraits/women/57.jpg","medium":"https://randomuser.me/api/portraits/med/women/57.jpg","thumbnail":"https://randomuser.me/api/portraits/thumb/women/57.jpg"},"nat":"RS"}],"info":{"seed":"00cfdcbd39657ce5","results":1,"page":1,"version":"1.4"}} 
 </msg>
<msg time="2024-04-16T18:16:34.549098" level="INFO">/opt/hostedtoolcache/Python/3.12.3/x64/lib/python3.12/site-packages/urllib3/connectionpool.py:1103: InsecureRequestWarning: Unverified HTTPS request is being made to host 'randomuser.me'. Adding certificate verification is strongly advised. See: https://urllib3.readthedocs.io/en/latest/advanced-usage.html#tls-warnings
  warnings.warn(</msg>
<msg time="2024-04-16T18:16:34.549238" level="INFO">${response} = &lt;Response [200]&gt;</msg>
<var>${response}</var>
<arg>consultarAPI</arg>
<arg>/api</arg>
<doc>Sends a GET request on a previously created HTTP Session.</doc>
<status status="PASS" start="2024-04-16T18:16:34.457386" elapsed="0.091886"/>
</kw>
<kw name="Set Variable" owner="BuiltIn">
<msg time="2024-04-16T18:16:34.550408" level="INFO">${json_data} = {'results': [{'gender': 'female', 'name': {'title': 'Mrs', 'first': 'Maja', 'last': 'Ivanić'}, 'location': {'street': {'number': 8736, 'name': 'Vogovska'}, 'city': 'Lajkovac', 'state': 'Podunavlje', '...</msg>
<var>${json_data}</var>
<arg>${response.json()}</arg>
<doc>Returns the given values which can then be assigned to a variables.</doc>
<status status="PASS" start="2024-04-16T18:16:34.549846" elapsed="0.000594"/>
</kw>
<kw name="Set Variable" owner="BuiltIn">
<msg time="2024-04-16T18:16:34.551223" level="INFO">${name_title} = Mrs</msg>
<var>${name_title}</var>
<arg>${json_data["results"][0]["name"]["title"]}</arg>
<doc>Returns the given values which can then be assigned to a variables.</doc>
<status status="PASS" start="2024-04-16T18:16:34.550825" elapsed="0.000425"/>
</kw>
<kw name="Create List" owner="BuiltIn">
<msg time="2024-04-16T18:16:34.551728" level="INFO">${allowed_titles} = ['Mr', 'Ms', 'Miss', 'Mrs', 'Madame', 'Monsieur']</msg>
<var>${allowed_titles}</var>
<arg>Mr</arg>
<arg>Ms</arg>
<arg>Miss</arg>
<arg>Mrs</arg>
<arg>Madame</arg>
<arg>Monsieur</arg>
<doc>Returns a list containing given items.</doc>
<status status="PASS" start="2024-04-16T18:16:34.551575" elapsed="0.000178"/>
</kw>
<kw name="List Should Contain Value" owner="Collections">
<msg time="2024-04-16T18:16:34.552257" level="INFO">False</msg>
<arg>${allowed_titles}</arg>
<arg>${name_title}</arg>
<doc>Fails if the ``value`` is not found from ``list``.</doc>
<status status="PASS" start="2024-04-16T18:16:34.552078" elapsed="0.000217"/>
</kw>
<kw name="Set Variable" owner="BuiltIn">
<msg time="2024-04-16T18:16:34.552977" level="INFO">${name_country} = RS</msg>
<var>${name_country}</var>
<arg>${json_data["results"][0]["nat"]}</arg>
<doc>Returns the given values which can then be assigned to a variables.</doc>
<status status="PASS" start="2024-04-16T18:16:34.552586" elapsed="0.000418"/>
</kw>
<kw name="Create List" owner="BuiltIn">
<msg time="2024-04-16T18:16:34.553910" level="INFO">${list_country} = ['AD', 'AE', 'AF', 'AG', 'AI', 'AL', 'AM', 'AO', 'AQ', 'AR', 'AS', 'AT', 'AU', 'AW', 'AX', 'AZ', 'BA', 'BB', 'BD', 'BE', 'BF', 'BG', 'BH', 'BI', 'BJ', 'BL', 'BM', 'BN', 'BO', 'BQ', 'BR', 'BS', 'BT', '...</msg>
<var>${list_country}</var>
<arg>AD</arg>
<arg>AE</arg>
<arg>AF</arg>
<arg>AG</arg>
<arg>AI</arg>
<arg>AL</arg>
<arg>AM</arg>
<arg>AO</arg>
<arg>AQ</arg>
<arg>AR</arg>
<arg>AS</arg>
<arg>AT</arg>
<arg>AU</arg>
<arg>AW</arg>
<arg>AX</arg>
<arg>AZ</arg>
<arg>BA</arg>
<arg>BB</arg>
<arg>BD</arg>
<arg>BE</arg>
<arg>BF</arg>
<arg>BG</arg>
<arg>BH</arg>
<arg>BI</arg>
<arg>BJ</arg>
<arg>BL</arg>
<arg>BM</arg>
<arg>BN</arg>
<arg>BO</arg>
<arg>BQ</arg>
<arg>BR</arg>
<arg>BS</arg>
<arg>BT</arg>
<arg>BV</arg>
<arg>BW</arg>
<arg>BY</arg>
<arg>BZ</arg>
<arg>CA</arg>
<arg>CC</arg>
<arg>CD</arg>
<arg>CF</arg>
<arg>CG</arg>
<arg>CH</arg>
<arg>CI</arg>
<arg>CK</arg>
<arg>CL</arg>
<arg>CM</arg>
<arg>CN</arg>
<arg>CO</arg>
<arg>CR</arg>
<arg>CU</arg>
<arg>CV</arg>
<arg>CW</arg>
<arg>CX</arg>
<arg>CY</arg>
<arg>CZ</arg>
<arg>DE</arg>
<arg>DJ</arg>
<arg>DK</arg>
<arg>DM</arg>
<arg>DO</arg>
<arg>DZ</arg>
<arg>EC</arg>
<arg>EE</arg>
<arg>EG</arg>
<arg>EH</arg>
<arg>ER</arg>
<arg>ES</arg>
<arg>ET</arg>
<arg>FI</arg>
<arg>FJ</arg>
<arg>FK</arg>
<arg>FM</arg>
<arg>FO</arg>
<arg>FR</arg>
<arg>GA</arg>
<arg>GB</arg>
<arg>GD</arg>
<arg>GE</arg>
<arg>GF</arg>
<arg>GG</arg>
<arg>GH</arg>
<arg>GI</arg>
<arg>GL</arg>
<arg>GM</arg>
<arg>GN</arg>
<arg>GP</arg>
<arg>GQ</arg>
<arg>GR</arg>
<arg>GS</arg>
<arg>GT</arg>
<arg>GU</arg>
<arg>GW</arg>
<arg>GY</arg>
<arg>HK</arg>
<arg>HM</arg>
<arg>HN</arg>
<arg>HR</arg>
<arg>HT</arg>
<arg>HU</arg>
<arg>ID</arg>
<arg>IE</arg>
<arg>IL</arg>
<arg>IM</arg>
<arg>IN</arg>
<arg>IO</arg>
<arg>IQ</arg>
<arg>IR</arg>
<arg>IS</arg>
<arg>IT</arg>
<arg>JE</arg>
<arg>JM</arg>
<arg>JO</arg>
<arg>JP</arg>
<arg>KE</arg>
<arg>KG</arg>
<arg>KH</arg>
<arg>KI</arg>
<arg>KM</arg>
<arg>KN</arg>
<arg>KP</arg>
<arg>KR</arg>
<arg>KW</arg>
<arg>KY</arg>
<arg>KZ</arg>
<arg>LA</arg>
<arg>LB</arg>
<arg>LC</arg>
<arg>LI</arg>
<arg>LK</arg>
<arg>LR</arg>
<arg>LS</arg>
<arg>LT</arg>
<arg>LU</arg>
<arg>LV</arg>
<arg>LY</arg>
<arg>MA</arg>
<arg>MC</arg>
<arg>MD</arg>
<arg>ME</arg>
<arg>MF</arg>
<arg>MG</arg>
<arg>MH</arg>
<arg>MK</arg>
<arg>ML</arg>
<arg>MM</arg>
<arg>MN</arg>
<arg>MO</arg>
<arg>MP</arg>
<arg>MQ</arg>
<arg>MR</arg>
<arg>MS</arg>
<arg>MT</arg>
<arg>MU</arg>
<arg>MV</arg>
<arg>MW</arg>
<arg>MX</arg>
<arg>MY</arg>
<arg>MZ</arg>
<arg>NA</arg>
<arg>NC</arg>
<arg>NE</arg>
<arg>NF</arg>
<arg>NG</arg>
<arg>NI</arg>
<arg>NL</arg>
<arg>NO</arg>
<arg>NP</arg>
<arg>NR</arg>
<arg>NU</arg>
<arg>NZ</arg>
<arg>OM</arg>
<arg>PA</arg>
<arg>PE</arg>
<arg>PF</arg>
<arg>PG</arg>
<arg>PH</arg>
<arg>PK</arg>
<arg>PL</arg>
<arg>PM</arg>
<arg>PN</arg>
<arg>PR</arg>
<arg>PS</arg>
<arg>PT</arg>
<arg>PW</arg>
<arg>PY</arg>
<arg>QA</arg>
<arg>RE</arg>
<arg>RO</arg>
<arg>RS</arg>
<arg>RU</arg>
<arg>RW</arg>
<arg>SA</arg>
<arg>SB</arg>
<arg>SC</arg>
<arg>SD</arg>
<arg>SE</arg>
<arg>SG</arg>
<arg>SH</arg>
<arg>SI</arg>
<arg>SJ</arg>
<arg>SK</arg>
<arg>SL</arg>
<arg>SM</arg>
<arg>SN</arg>
<arg>SO</arg>
<arg>SR</arg>
<arg>SS</arg>
<arg>ST</arg>
<arg>SV</arg>
<arg>SX</arg>
<arg>SY</arg>
<arg>SZ</arg>
<arg>TC</arg>
<arg>TD</arg>
<arg>TF</arg>
<arg>TG</arg>
<arg>TH</arg>
<arg>TJ</arg>
<arg>TK</arg>
<arg>TL</arg>
<arg>TM</arg>
<arg>TN</arg>
<arg>TO</arg>
<arg>TR</arg>
<arg>TT</arg>
<arg>TV</arg>
<arg>TW</arg>
<arg>TZ</arg>
<arg>UA</arg>
<arg>UG</arg>
<arg>UM</arg>
<arg>US</arg>
<arg>UY</arg>
<arg>UZ</arg>
<arg>VA</arg>
<arg>VC</arg>
<arg>VE</arg>
<arg>VG</arg>
<arg>VI</arg>
<arg>VN</arg>
<arg>VU</arg>
<arg>WF</arg>
<arg>WS</arg>
<arg>XK</arg>
<arg>YE</arg>
<arg>YT</arg>
<arg>ZA</arg>
<arg>ZM</arg>
<arg>ZW</arg>
<doc>Returns a list containing given items.</doc>
<status status="PASS" start="2024-04-16T18:16:34.553314" elapsed="0.000622"/>
</kw>
<kw name="List Should Contain Value" owner="Collections">
<msg time="2024-04-16T18:16:34.554983" level="INFO">False</msg>
<arg>${list_country}</arg>
<arg>${name_country}</arg>
<doc>Fails if the ``value`` is not found from ``list``.</doc>
<status status="PASS" start="2024-04-16T18:16:34.554773" elapsed="0.000248"/>
</kw>
<kw name="Run Keyword If" owner="BuiltIn">
<kw name="Should Be True" owner="BuiltIn">
<arg>${True}</arg>
<doc>Fails if the given condition is not true.</doc>
<status status="PASS" start="2024-04-16T18:16:34.556134" elapsed="0.000147"/>
</kw>
<arg>${json_data["results"][0]["location"]["coordinates"]["latitude"]} &gt;= -90 and ${json_data["results"][0]["location"]["coordinates"]["latitude"]} &lt;= 90</arg>
<arg>Should Be True</arg>
<arg>${True}</arg>
<doc>Runs the given keyword with the given arguments, if ``condition`` is true.</doc>
<status status="PASS" start="2024-04-16T18:16:34.555350" elapsed="0.001060"/>
</kw>
<kw name="Run Keyword If" owner="BuiltIn">
<kw name="Should Be True" owner="BuiltIn">
<arg>${True}</arg>
<doc>Fails if the given condition is not true.</doc>
<status status="PASS" start="2024-04-16T18:16:34.557315" elapsed="0.000316"/>
</kw>
<arg>${json_data["results"][0]["location"]["coordinates"]["longitude"]} &gt;= -180 and ${json_data["results"][0]["location"]["coordinates"]["longitude"]} &lt;= 180</arg>
<arg>Should Be True</arg>
<arg>${True}</arg>
<doc>Runs the given keyword with the given arguments, if ``condition`` is true.</doc>
<status status="PASS" start="2024-04-16T18:16:34.556606" elapsed="0.001154"/>
</kw>
<status status="PASS" start="2024-04-16T18:16:34.456993" elapsed="0.100905"/>
</kw>
<doc>Testa o conteúdo específico dos campos retornados pela API.</doc>
<tag>testeConteudo</tag>
<status status="PASS" start="2024-04-16T18:16:34.456243" elapsed="0.101813"/>
</test>
<status status="PASS" start="2024-04-16T18:16:33.660830" elapsed="0.899316"/>
</suite>
<status status="PASS" start="2024-04-16T18:16:33.646497" elapsed="0.918896"/>
</suite>
<statistics>
<total>
<stat pass="5" fail="0" skip="0">All Tests</stat>
</total>
<tag>
<stat pass="1" fail="0" skip="0">testeConteudo</stat>
<stat pass="1" fail="0" skip="0">testeEstruturaResposta</stat>
<stat pass="1" fail="0" skip="0">testeRequisicaoBasica</stat>
<stat pass="1" fail="0" skip="0">testeTiposDados</stat>
</tag>
<suite>
<stat pass="5" fail="0" skip="0" id="s1" name="Tests">Tests</stat>
<stat pass="5" fail="0" skip="0" id="s1-s1" name="Random-User-Test">Tests.Random-User-Test</stat>
</suite>
</statistics>
<errors>
</errors>
</robot>
