<?xml version="1.0" encoding="UTF-8"?>
<robot generator="Robot 7.0.1 (Python 3.12.4 on linux)" generated="2024-08-06T19:12:23.943957" rpa="false" schemaversion="5">
<suite id="s1" name="Tests" source="/home/runner/work/ApiRandomUser/ApiRandomUser/RamdonUser/tests">
<suite id="s1-s1" name="Random-User-Test" source="/home/runner/work/ApiRandomUser/ApiRandomUser/RamdonUser/tests/random-user-test.robot">
<test id="s1-s1-t1" name="Conectar" line="13">
<kw name="Conectar API" owner="random-user-service">
<kw name="Create Session" owner="RequestsLibrary">
<msg time="2024-08-06T19:12:24.344301" level="INFO">Creating Session using : alias=consultarAPI, url=https://randomuser.me/, headers={},                     cookies={}, auth=None, timeout=None, proxies=None, verify=False,                     debug=0 </msg>
<arg>consultarAPI</arg>
<arg>${URL}</arg>
<doc>Create Session: create a HTTP session to a server</doc>
<status status="PASS" start="2024-08-06T19:12:24.344073" elapsed="0.000431"/>
</kw>
<status status="PASS" start="2024-08-06T19:12:24.342951" elapsed="0.001955"/>
</kw>
<status status="PASS" start="2024-08-06T19:12:24.342320" elapsed="0.002793"/>
</test>
<test id="s1-s1-t2" name="Validar retorno 200 e JSON Válido" line="16">
<kw name="Teste de Requisicao Basica" owner="random-user-service">
<kw name="GET On Session" owner="RequestsLibrary">
<msg time="2024-08-06T19:12:24.450431" level="INFO">GET Request : url=https://randomuser.me/api 
 path_url=/api 
 headers={'User-Agent': 'python-requests/2.32.3', 'Accept-Encoding': 'gzip, deflate', 'Accept': '*/*', 'Connection': 'keep-alive'} 
 body=None 
 </msg>
<msg time="2024-08-06T19:12:24.450658" level="INFO">GET Response : url=https://randomuser.me/api 
 status=200, reason=OK 
 headers={'Date': 'Tue, 06 Aug 2024 19:12:24 GMT', 'Content-Type': 'application/json; charset=utf-8', 'Transfer-Encoding': 'chunked', 'Connection': 'keep-alive', 'X-Powered-By': 'Express', 'Access-Control-Allow-Origin': '*', 'Cache-Control': 'no-cache', 'ETag': 'W/"483-PNvKY84QWtSEZ70GZRR5fSQcQ7Q"', 'Vary': 'Accept-Encoding', 'Content-Encoding': 'gzip', 'CF-Cache-Status': 'DYNAMIC', 'Report-To': '{"endpoints":[{"url":"https:\\/\\/a.nel.cloudflare.com\\/report\\/v4?s=u3wnt0m9%2Bkan9l1ha9sB2YQ0uFaDf67V3tSGthYUuzOGx%2BEn47kTD%2BSBf2zzmSIaUf9Vrpcls6eHSQzpSWmkXlJvAS5jgQtlQs8hnhNYRLoGxRwDgiCuVRyXr5mJvqC7"}],"group":"cf-nel","max_age":604800}', 'NEL': '{"success_fraction":0,"report_to":"cf-nel","max_age":604800}', 'Server': 'cloudflare', 'CF-RAY': '8af156986de68797-IAD', 'alt-svc': 'h3=":443"; ma=86400'} 
 body={"results":[{"gender":"female","name":{"title":"Miss","first":"Lidia","last":"Sáez"},"location":{"street":{"number":832,"name":"Calle del Pez"},"city":"Valencia","state":"La Rioja","country":"Spain","postcode":56584,"coordinates":{"latitude":"-34.3922","longitude":"41.2460"},"timezone":{"offset":"-12:00","description":"Eniwetok, Kwajalein"}},"email":"lidia.saez@example.com","login":{"uuid":"8d101cec-89e6-4627-b6b1-12fdc319e7fc","username":"beautifulbutterfly259","password":"reddog","salt":"M4xzlBTA","md5":"0541548bd22f0347c4683e82e52bd50a","sha1":"01e47838476a3369ac071b599303e6254d7d7c3a","sha256":"0ff93408ba412258651d10c5f7a3e4f4a660f7d57ed9b91581dd755375319a44"},"dob":{"date":"1999-10-06T02:21:14.147Z","age":24},"registered":{"date":"2019-01-19T20:47:48.498Z","age":5},"phone":"911-694-984","cell":"666-574-044","id":{"name":"DNI","value":"67872677-Y"},"picture":{"large":"https://randomuser.me/api/portraits/women/76.jpg","medium":"https://randomuser.me/api/portraits/med/women/76.jpg","thumbnail":"https://randomuser.me/api/portraits/thumb/women/76.jpg"},"nat":"ES"}],"info":{"seed":"1f39cbdbdf4bea54","results":1,"page":1,"version":"1.4"}} 
 </msg>
<msg time="2024-08-06T19:12:24.450792" level="INFO">/opt/hostedtoolcache/Python/3.12.4/x64/lib/python3.12/site-packages/urllib3/connectionpool.py:1099: InsecureRequestWarning: Unverified HTTPS request is being made to host 'randomuser.me'. Adding certificate verification is strongly advised. See: https://urllib3.readthedocs.io/en/latest/advanced-usage.html#tls-warnings
  warnings.warn(</msg>
<msg time="2024-08-06T19:12:24.450992" level="INFO">${response} = &lt;Response [200]&gt;</msg>
<var>${response}</var>
<arg>consultarAPI</arg>
<arg>/api</arg>
<doc>Sends a GET request on a previously created HTTP Session.</doc>
<status status="PASS" start="2024-08-06T19:12:24.347797" elapsed="0.103245"/>
</kw>
<kw name="Should Be Equal As Numbers" owner="BuiltIn">
<msg time="2024-08-06T19:12:24.452510" level="INFO">Argument types are:
&lt;class 'int'&gt;
&lt;class 'str'&gt;</msg>
<arg>${response.status_code}</arg>
<arg>200</arg>
<doc>Fails if objects are unequal after converting them to real numbers.</doc>
<status status="PASS" start="2024-08-06T19:12:24.451793" elapsed="0.000821"/>
</kw>
<kw name="Log" owner="BuiltIn">
<msg time="2024-08-06T19:12:24.453663" level="INFO">200</msg>
<arg>${response.status_code}</arg>
<doc>Logs the given message with the given level.</doc>
<status status="PASS" start="2024-08-06T19:12:24.453090" elapsed="0.000645"/>
</kw>
<kw name="Set Variable" owner="BuiltIn">
<msg time="2024-08-06T19:12:24.454974" level="INFO">${json_data} = {'results': [{'gender': 'female', 'name': {'title': 'Miss', 'first': 'Lidia', 'last': 'Sáez'}, 'location': {'street': {'number': 832, 'name': 'Calle del Pez'}, 'city': 'Valencia', 'state': 'La Rioja',...</msg>
<var>${json_data}</var>
<arg>${response.json()}</arg>
<doc>Returns the given values which can then be assigned to a variables.</doc>
<status status="PASS" start="2024-08-06T19:12:24.454227" elapsed="0.000793"/>
</kw>
<kw name="Dictionary Should Contain Key" owner="Collections">
<arg>${json_data}</arg>
<arg>results</arg>
<doc>Fails if ``key`` is not found from ``dictionary``.</doc>
<status status="PASS" start="2024-08-06T19:12:24.455482" elapsed="0.000498"/>
</kw>
<status status="PASS" start="2024-08-06T19:12:24.347537" elapsed="0.108722"/>
</kw>
<doc>Testa se a API responde corretamente e retorna um objeto JSON válido.</doc>
<tag>testeRequisicaoBasica</tag>
<status status="PASS" start="2024-08-06T19:12:24.347062" elapsed="0.109517"/>
</test>
<test id="s1-s1-t3" name="Validar estrutura de resposta" line="22">
<kw name="Teste de Estrutura de Resposta" owner="random-user-service">
<kw name="GET On Session" owner="RequestsLibrary">
<msg time="2024-08-06T19:12:24.565772" level="INFO">GET Request : url=https://randomuser.me/api 
 path_url=/api 
 headers={'User-Agent': 'python-requests/2.32.3', 'Accept-Encoding': 'gzip, deflate', 'Accept': '*/*', 'Connection': 'keep-alive'} 
 body=None 
 </msg>
<msg time="2024-08-06T19:12:24.565875" level="INFO">GET Response : url=https://randomuser.me/api 
 status=200, reason=OK 
 headers={'Date': 'Tue, 06 Aug 2024 19:12:24 GMT', 'Content-Type': 'application/json; charset=utf-8', 'Transfer-Encoding': 'chunked', 'Connection': 'keep-alive', 'X-Powered-By': 'Express', 'Access-Control-Allow-Origin': '*', 'Cache-Control': 'no-cache', 'ETag': 'W/"499-s3vXA0/6kgp7BGdd+tlIwHvTTto"', 'Vary': 'Accept-Encoding', 'Content-Encoding': 'gzip', 'CF-Cache-Status': 'DYNAMIC', 'Report-To': '{"endpoints":[{"url":"https:\\/\\/a.nel.cloudflare.com\\/report\\/v4?s=1qSGrC95jiBTzUb2cFEJkwVBnE5oxYr7CaO4KZ0UJuflc2GDny1LkmJbUn2zWJvN4lVvz3JeVP6EfRrFXL6gnO9UDYprRrHN5YJTekpQgW%2Ftn7GKvORXGm8iUXrxhpb1"}],"group":"cf-nel","max_age":604800}', 'NEL': '{"success_fraction":0,"report_to":"cf-nel","max_age":604800}', 'Server': 'cloudflare', 'CF-RAY': '8af15698eeab8797-IAD', 'alt-svc': 'h3=":443"; ma=86400'} 
 body={"results":[{"gender":"male","name":{"title":"Monsieur","first":"Enis","last":"Fontai"},"location":{"street":{"number":3467,"name":"Rue Bony"},"city":"Sarnen","state":"Basel-Stadt","country":"Switzerland","postcode":9094,"coordinates":{"latitude":"-56.7693","longitude":"-167.7347"},"timezone":{"offset":"+5:30","description":"Bombay, Calcutta, Madras, New Delhi"}},"email":"enis.fontai@example.com","login":{"uuid":"45b56c2b-beb4-4339-9d84-d16cec1d8225","username":"orangeelephant841","password":"sonny","salt":"U3TpmoKw","md5":"a6c9447a39101845fa84fa1499c2b384","sha1":"5656969d9b1d957135572ac8c2744b436a355f7e","sha256":"81e6468f0b90ed5c96ce20fd36c470e724bf3ca539ed7690907fb3da120e06fb"},"dob":{"date":"1949-07-05T03:21:50.258Z","age":75},"registered":{"date":"2010-12-03T09:11:50.804Z","age":13},"phone":"078 085 11 38","cell":"076 505 67 68","id":{"name":"AVS","value":"756.6418.3942.68"},"picture":{"large":"https://randomuser.me/api/portraits/men/77.jpg","medium":"https://randomuser.me/api/portraits/med/men/77.jpg","thumbnail":"https://randomuser.me/api/portraits/thumb/men/77.jpg"},"nat":"CH"}],"info":{"seed":"1bf2c072f9f30c0a","results":1,"page":1,"version":"1.4"}} 
 </msg>
<msg time="2024-08-06T19:12:24.566009" level="INFO">/opt/hostedtoolcache/Python/3.12.4/x64/lib/python3.12/site-packages/urllib3/connectionpool.py:1099: InsecureRequestWarning: Unverified HTTPS request is being made to host 'randomuser.me'. Adding certificate verification is strongly advised. See: https://urllib3.readthedocs.io/en/latest/advanced-usage.html#tls-warnings
  warnings.warn(</msg>
<msg time="2024-08-06T19:12:24.566141" level="INFO">${response} = &lt;Response [200]&gt;</msg>
<var>${response}</var>
<arg>consultarAPI</arg>
<arg>/api</arg>
<doc>Sends a GET request on a previously created HTTP Session.</doc>
<status status="PASS" start="2024-08-06T19:12:24.461099" elapsed="0.105075"/>
</kw>
<kw name="Set Variable" owner="BuiltIn">
<msg time="2024-08-06T19:12:24.567254" level="INFO">${json_data} = {'results': [{'gender': 'male', 'name': {'title': 'Monsieur', 'first': 'Enis', 'last': 'Fontai'}, 'location': {'street': {'number': 3467, 'name': 'Rue Bony'}, 'city': 'Sarnen', 'state': 'Basel-Stadt',...</msg>
<var>${json_data}</var>
<arg>${response.json()}</arg>
<doc>Returns the given values which can then be assigned to a variables.</doc>
<status status="PASS" start="2024-08-06T19:12:24.566718" elapsed="0.000565"/>
</kw>
<kw name="Log" owner="BuiltIn">
<msg time="2024-08-06T19:12:24.567774" level="INFO">{'results': [{'gender': 'male', 'name': {'title': 'Monsieur', 'first': 'Enis', 'last': 'Fontai'}, 'location': {'street': {'number': 3467, 'name': 'Rue Bony'}, 'city': 'Sarnen', 'state': 'Basel-Stadt', 'country': 'Switzerland', 'postcode': 9094, 'coordinates': {'latitude': '-56.7693', 'longitude': '-167.7347'}, 'timezone': {'offset': '+5:30', 'description': 'Bombay, Calcutta, Madras, New Delhi'}}, 'email': 'enis.fontai@example.com', 'login': {'uuid': '45b56c2b-beb4-4339-9d84-d16cec1d8225', 'username': 'orangeelephant841', 'password': 'sonny', 'salt': 'U3TpmoKw', 'md5': 'a6c9447a39101845fa84fa1499c2b384', 'sha1': '5656969d9b1d957135572ac8c2744b436a355f7e', 'sha256': '81e6468f0b90ed5c96ce20fd36c470e724bf3ca539ed7690907fb3da120e06fb'}, 'dob': {'date': '1949-07-05T03:21:50.258Z', 'age': 75}, 'registered': {'date': '2010-12-03T09:11:50.804Z', 'age': 13}, 'phone': '078 085 11 38', 'cell': '076 505 67 68', 'id': {'name': 'AVS', 'value': '756.6418.3942.68'}, 'picture': {'large': 'https://randomuser.me/api/portraits/men/77.jpg', 'medium': 'https://randomuser.me/api/portraits/med/men/77.jpg', 'thumbnail': 'https://randomuser.me/api/portraits/thumb/men/77.jpg'}, 'nat': 'CH'}], 'info': {'seed': '1bf2c072f9f30c0a', 'results': 1, 'page': 1, 'version': '1.4'}}</msg>
<arg>${json_data}</arg>
<doc>Logs the given message with the given level.</doc>
<status status="PASS" start="2024-08-06T19:12:24.567598" elapsed="0.000226"/>
</kw>
<kw name="Dictionary Should Contain Key" owner="Collections">
<arg>${json_data}</arg>
<arg>results</arg>
<doc>Fails if ``key`` is not found from ``dictionary``.</doc>
<status status="PASS" start="2024-08-06T19:12:24.568129" elapsed="0.000171"/>
</kw>
<kw name="Should Not Be Empty" owner="BuiltIn">
<msg time="2024-08-06T19:12:24.568616" level="INFO">Length is 2.</msg>
<arg>${json_data}</arg>
<doc>Verifies that the given item is not empty.</doc>
<status status="PASS" start="2024-08-06T19:12:24.568489" elapsed="0.000167"/>
</kw>
<kw name="Create List" owner="BuiltIn">
<msg time="2024-08-06T19:12:24.569101" level="INFO">${expected_keys} = ['gender', 'name', 'location', 'email', 'login']</msg>
<var>${expected_keys}</var>
<arg>gender</arg>
<arg>name</arg>
<arg>location</arg>
<arg>email</arg>
<arg>login</arg>
<doc>Returns a list containing given items.</doc>
<status status="PASS" start="2024-08-06T19:12:24.568948" elapsed="0.000177"/>
</kw>
<for flavor="IN">
<iter>
<kw name="Dictionary Should Contain Key" owner="Collections">
<arg>${json_data['results'][0]}</arg>
<arg>${key}</arg>
<doc>Fails if ``key`` is not found from ``dictionary``.</doc>
<status status="PASS" start="2024-08-06T19:12:24.569767" elapsed="0.000424"/>
</kw>
<kw name="Log" owner="BuiltIn">
<msg time="2024-08-06T19:12:24.570752" level="INFO">{'gender': 'male', 'name': {'title': 'Monsieur', 'first': 'Enis', 'last': 'Fontai'}, 'location': {'street': {'number': 3467, 'name': 'Rue Bony'}, 'city': 'Sarnen', 'state': 'Basel-Stadt', 'country': 'Switzerland', 'postcode': 9094, 'coordinates': {'latitude': '-56.7693', 'longitude': '-167.7347'}, 'timezone': {'offset': '+5:30', 'description': 'Bombay, Calcutta, Madras, New Delhi'}}, 'email': 'enis.fontai@example.com', 'login': {'uuid': '45b56c2b-beb4-4339-9d84-d16cec1d8225', 'username': 'orangeelephant841', 'password': 'sonny', 'salt': 'U3TpmoKw', 'md5': 'a6c9447a39101845fa84fa1499c2b384', 'sha1': '5656969d9b1d957135572ac8c2744b436a355f7e', 'sha256': '81e6468f0b90ed5c96ce20fd36c470e724bf3ca539ed7690907fb3da120e06fb'}, 'dob': {'date': '1949-07-05T03:21:50.258Z', 'age': 75}, 'registered': {'date': '2010-12-03T09:11:50.804Z', 'age': 13}, 'phone': '078 085 11 38', 'cell': '076 505 67 68', 'id': {'name': 'AVS', 'value': '756.6418.3942.68'}, 'picture': {'large': 'https://randomuser.me/api/portraits/men/77.jpg', 'medium': 'https://randomuser.me/api/portraits/med/men/77.jpg', 'thumbnail': 'https://randomuser.me/api/portraits/thumb/men/77.jpg'}, 'nat': 'CH'}</msg>
<arg>${json_data['results'][0]}</arg>
<doc>Logs the given message with the given level.</doc>
<status status="PASS" start="2024-08-06T19:12:24.570390" elapsed="0.000412"/>
</kw>
<kw name="Log" owner="BuiltIn">
<msg time="2024-08-06T19:12:24.571244" level="INFO">gender</msg>
<arg>${key}</arg>
<doc>Logs the given message with the given level.</doc>
<status status="PASS" start="2024-08-06T19:12:24.571112" elapsed="0.000171"/>
</kw>
<var name="${key}">gender</var>
<status status="PASS" start="2024-08-06T19:12:24.569633" elapsed="0.001869"/>
</iter>
<iter>
<kw name="Dictionary Should Contain Key" owner="Collections">
<arg>${json_data['results'][0]}</arg>
<arg>${key}</arg>
<doc>Fails if ``key`` is not found from ``dictionary``.</doc>
<status status="PASS" start="2024-08-06T19:12:24.571812" elapsed="0.000405"/>
</kw>
<kw name="Log" owner="BuiltIn">
<msg time="2024-08-06T19:12:24.572755" level="INFO">{'gender': 'male', 'name': {'title': 'Monsieur', 'first': 'Enis', 'last': 'Fontai'}, 'location': {'street': {'number': 3467, 'name': 'Rue Bony'}, 'city': 'Sarnen', 'state': 'Basel-Stadt', 'country': 'Switzerland', 'postcode': 9094, 'coordinates': {'latitude': '-56.7693', 'longitude': '-167.7347'}, 'timezone': {'offset': '+5:30', 'description': 'Bombay, Calcutta, Madras, New Delhi'}}, 'email': 'enis.fontai@example.com', 'login': {'uuid': '45b56c2b-beb4-4339-9d84-d16cec1d8225', 'username': 'orangeelephant841', 'password': 'sonny', 'salt': 'U3TpmoKw', 'md5': 'a6c9447a39101845fa84fa1499c2b384', 'sha1': '5656969d9b1d957135572ac8c2744b436a355f7e', 'sha256': '81e6468f0b90ed5c96ce20fd36c470e724bf3ca539ed7690907fb3da120e06fb'}, 'dob': {'date': '1949-07-05T03:21:50.258Z', 'age': 75}, 'registered': {'date': '2010-12-03T09:11:50.804Z', 'age': 13}, 'phone': '078 085 11 38', 'cell': '076 505 67 68', 'id': {'name': 'AVS', 'value': '756.6418.3942.68'}, 'picture': {'large': 'https://randomuser.me/api/portraits/men/77.jpg', 'medium': 'https://randomuser.me/api/portraits/med/men/77.jpg', 'thumbnail': 'https://randomuser.me/api/portraits/thumb/men/77.jpg'}, 'nat': 'CH'}</msg>
<arg>${json_data['results'][0]}</arg>
<doc>Logs the given message with the given level.</doc>
<status status="PASS" start="2024-08-06T19:12:24.572404" elapsed="0.000442"/>
</kw>
<kw name="Log" owner="BuiltIn">
<msg time="2024-08-06T19:12:24.573302" level="INFO">name</msg>
<arg>${key}</arg>
<doc>Logs the given message with the given level.</doc>
<status status="PASS" start="2024-08-06T19:12:24.573148" elapsed="0.000202"/>
</kw>
<var name="${key}">name</var>
<status status="PASS" start="2024-08-06T19:12:24.571693" elapsed="0.001876"/>
</iter>
<iter>
<kw name="Dictionary Should Contain Key" owner="Collections">
<arg>${json_data['results'][0]}</arg>
<arg>${key}</arg>
<doc>Fails if ``key`` is not found from ``dictionary``.</doc>
<status status="PASS" start="2024-08-06T19:12:24.573858" elapsed="0.000388"/>
</kw>
<kw name="Log" owner="BuiltIn">
<msg time="2024-08-06T19:12:24.574782" level="INFO">{'gender': 'male', 'name': {'title': 'Monsieur', 'first': 'Enis', 'last': 'Fontai'}, 'location': {'street': {'number': 3467, 'name': 'Rue Bony'}, 'city': 'Sarnen', 'state': 'Basel-Stadt', 'country': 'Switzerland', 'postcode': 9094, 'coordinates': {'latitude': '-56.7693', 'longitude': '-167.7347'}, 'timezone': {'offset': '+5:30', 'description': 'Bombay, Calcutta, Madras, New Delhi'}}, 'email': 'enis.fontai@example.com', 'login': {'uuid': '45b56c2b-beb4-4339-9d84-d16cec1d8225', 'username': 'orangeelephant841', 'password': 'sonny', 'salt': 'U3TpmoKw', 'md5': 'a6c9447a39101845fa84fa1499c2b384', 'sha1': '5656969d9b1d957135572ac8c2744b436a355f7e', 'sha256': '81e6468f0b90ed5c96ce20fd36c470e724bf3ca539ed7690907fb3da120e06fb'}, 'dob': {'date': '1949-07-05T03:21:50.258Z', 'age': 75}, 'registered': {'date': '2010-12-03T09:11:50.804Z', 'age': 13}, 'phone': '078 085 11 38', 'cell': '076 505 67 68', 'id': {'name': 'AVS', 'value': '756.6418.3942.68'}, 'picture': {'large': 'https://randomuser.me/api/portraits/men/77.jpg', 'medium': 'https://randomuser.me/api/portraits/med/men/77.jpg', 'thumbnail': 'https://randomuser.me/api/portraits/thumb/men/77.jpg'}, 'nat': 'CH'}</msg>
<arg>${json_data['results'][0]}</arg>
<doc>Logs the given message with the given level.</doc>
<status status="PASS" start="2024-08-06T19:12:24.574433" elapsed="0.000399"/>
</kw>
<kw name="Log" owner="BuiltIn">
<msg time="2024-08-06T19:12:24.575270" level="INFO">location</msg>
<arg>${key}</arg>
<doc>Logs the given message with the given level.</doc>
<status status="PASS" start="2024-08-06T19:12:24.575137" elapsed="0.000171"/>
</kw>
<var name="${key}">location</var>
<status status="PASS" start="2024-08-06T19:12:24.573748" elapsed="0.001781"/>
</iter>
<iter>
<kw name="Dictionary Should Contain Key" owner="Collections">
<arg>${json_data['results'][0]}</arg>
<arg>${key}</arg>
<doc>Fails if ``key`` is not found from ``dictionary``.</doc>
<status status="PASS" start="2024-08-06T19:12:24.575810" elapsed="0.000403"/>
</kw>
<kw name="Log" owner="BuiltIn">
<msg time="2024-08-06T19:12:24.576878" level="INFO">{'gender': 'male', 'name': {'title': 'Monsieur', 'first': 'Enis', 'last': 'Fontai'}, 'location': {'street': {'number': 3467, 'name': 'Rue Bony'}, 'city': 'Sarnen', 'state': 'Basel-Stadt', 'country': 'Switzerland', 'postcode': 9094, 'coordinates': {'latitude': '-56.7693', 'longitude': '-167.7347'}, 'timezone': {'offset': '+5:30', 'description': 'Bombay, Calcutta, Madras, New Delhi'}}, 'email': 'enis.fontai@example.com', 'login': {'uuid': '45b56c2b-beb4-4339-9d84-d16cec1d8225', 'username': 'orangeelephant841', 'password': 'sonny', 'salt': 'U3TpmoKw', 'md5': 'a6c9447a39101845fa84fa1499c2b384', 'sha1': '5656969d9b1d957135572ac8c2744b436a355f7e', 'sha256': '81e6468f0b90ed5c96ce20fd36c470e724bf3ca539ed7690907fb3da120e06fb'}, 'dob': {'date': '1949-07-05T03:21:50.258Z', 'age': 75}, 'registered': {'date': '2010-12-03T09:11:50.804Z', 'age': 13}, 'phone': '078 085 11 38', 'cell': '076 505 67 68', 'id': {'name': 'AVS', 'value': '756.6418.3942.68'}, 'picture': {'large': 'https://randomuser.me/api/portraits/men/77.jpg', 'medium': 'https://randomuser.me/api/portraits/med/men/77.jpg', 'thumbnail': 'https://randomuser.me/api/portraits/thumb/men/77.jpg'}, 'nat': 'CH'}</msg>
<arg>${json_data['results'][0]}</arg>
<doc>Logs the given message with the given level.</doc>
<status status="PASS" start="2024-08-06T19:12:24.576521" elapsed="0.000405"/>
</kw>
<kw name="Log" owner="BuiltIn">
<msg time="2024-08-06T19:12:24.577386" level="INFO">email</msg>
<arg>${key}</arg>
<doc>Logs the given message with the given level.</doc>
<status status="PASS" start="2024-08-06T19:12:24.577226" elapsed="0.000199"/>
</kw>
<var name="${key}">email</var>
<status status="PASS" start="2024-08-06T19:12:24.575703" elapsed="0.001940"/>
</iter>
<iter>
<kw name="Dictionary Should Contain Key" owner="Collections">
<arg>${json_data['results'][0]}</arg>
<arg>${key}</arg>
<doc>Fails if ``key`` is not found from ``dictionary``.</doc>
<status status="PASS" start="2024-08-06T19:12:24.577933" elapsed="0.000380"/>
</kw>
<kw name="Log" owner="BuiltIn">
<msg time="2024-08-06T19:12:24.578842" level="INFO">{'gender': 'male', 'name': {'title': 'Monsieur', 'first': 'Enis', 'last': 'Fontai'}, 'location': {'street': {'number': 3467, 'name': 'Rue Bony'}, 'city': 'Sarnen', 'state': 'Basel-Stadt', 'country': 'Switzerland', 'postcode': 9094, 'coordinates': {'latitude': '-56.7693', 'longitude': '-167.7347'}, 'timezone': {'offset': '+5:30', 'description': 'Bombay, Calcutta, Madras, New Delhi'}}, 'email': 'enis.fontai@example.com', 'login': {'uuid': '45b56c2b-beb4-4339-9d84-d16cec1d8225', 'username': 'orangeelephant841', 'password': 'sonny', 'salt': 'U3TpmoKw', 'md5': 'a6c9447a39101845fa84fa1499c2b384', 'sha1': '5656969d9b1d957135572ac8c2744b436a355f7e', 'sha256': '81e6468f0b90ed5c96ce20fd36c470e724bf3ca539ed7690907fb3da120e06fb'}, 'dob': {'date': '1949-07-05T03:21:50.258Z', 'age': 75}, 'registered': {'date': '2010-12-03T09:11:50.804Z', 'age': 13}, 'phone': '078 085 11 38', 'cell': '076 505 67 68', 'id': {'name': 'AVS', 'value': '756.6418.3942.68'}, 'picture': {'large': 'https://randomuser.me/api/portraits/men/77.jpg', 'medium': 'https://randomuser.me/api/portraits/med/men/77.jpg', 'thumbnail': 'https://randomuser.me/api/portraits/thumb/men/77.jpg'}, 'nat': 'CH'}</msg>
<arg>${json_data['results'][0]}</arg>
<doc>Logs the given message with the given level.</doc>
<status status="PASS" start="2024-08-06T19:12:24.578496" elapsed="0.000403"/>
</kw>
<kw name="Log" owner="BuiltIn">
<msg time="2024-08-06T19:12:24.579323" level="INFO">login</msg>
<arg>${key}</arg>
<doc>Logs the given message with the given level.</doc>
<status status="PASS" start="2024-08-06T19:12:24.579194" elapsed="0.000168"/>
</kw>
<var name="${key}">login</var>
<status status="PASS" start="2024-08-06T19:12:24.577823" elapsed="0.001754"/>
</iter>
<var>${key}</var>
<value>@{expected_keys}</value>
<status status="PASS" start="2024-08-06T19:12:24.569432" elapsed="0.010270"/>
</for>
<kw name="Create List" owner="BuiltIn">
<msg time="2024-08-06T19:12:24.580072" level="INFO">${expected_keysTwo} = ['username', 'password']</msg>
<var>${expected_keysTwo}</var>
<arg>username</arg>
<arg>password</arg>
<doc>Returns a list containing given items.</doc>
<status status="PASS" start="2024-08-06T19:12:24.579900" elapsed="0.000198"/>
</kw>
<for flavor="IN">
<iter>
<kw name="Dictionary Should Contain Key" owner="Collections">
<arg>${json_data['results'][0]['login']}</arg>
<arg>${keyTwo}</arg>
<doc>Fails if ``key`` is not found from ``dictionary``.</doc>
<status status="PASS" start="2024-08-06T19:12:24.580614" elapsed="0.000405"/>
</kw>
<kw name="Dictionary Should Contain Key" owner="Collections">
<arg>${json_data['results'][0]['login']}</arg>
<arg>${keyTwo}</arg>
<doc>Fails if ``key`` is not found from ``dictionary``.</doc>
<status status="PASS" start="2024-08-06T19:12:24.581203" elapsed="0.000400"/>
</kw>
<kw name="Log" owner="BuiltIn">
<msg time="2024-08-06T19:12:24.581910" level="INFO">username</msg>
<arg>${keyTwo}</arg>
<doc>Logs the given message with the given level.</doc>
<status status="PASS" start="2024-08-06T19:12:24.581788" elapsed="0.000161"/>
</kw>
<var name="${keyTwo}">username</var>
<status status="PASS" start="2024-08-06T19:12:24.580505" elapsed="0.001665"/>
</iter>
<iter>
<kw name="Dictionary Should Contain Key" owner="Collections">
<arg>${json_data['results'][0]['login']}</arg>
<arg>${keyTwo}</arg>
<doc>Fails if ``key`` is not found from ``dictionary``.</doc>
<status status="PASS" start="2024-08-06T19:12:24.582452" elapsed="0.000391"/>
</kw>
<kw name="Dictionary Should Contain Key" owner="Collections">
<arg>${json_data['results'][0]['login']}</arg>
<arg>${keyTwo}</arg>
<doc>Fails if ``key`` is not found from ``dictionary``.</doc>
<status status="PASS" start="2024-08-06T19:12:24.583024" elapsed="0.000374"/>
</kw>
<kw name="Log" owner="BuiltIn">
<msg time="2024-08-06T19:12:24.583695" level="INFO">password</msg>
<arg>${keyTwo}</arg>
<doc>Logs the given message with the given level.</doc>
<status status="PASS" start="2024-08-06T19:12:24.583576" elapsed="0.000156"/>
</kw>
<var name="${keyTwo}">password</var>
<status status="PASS" start="2024-08-06T19:12:24.582345" elapsed="0.001614"/>
</iter>
<var>${keyTwo}</var>
<value>@{expected_keysTwo}</value>
<status status="PASS" start="2024-08-06T19:12:24.580352" elapsed="0.003732"/>
</for>
<status status="PASS" start="2024-08-06T19:12:24.460711" elapsed="0.123518"/>
</kw>
<doc>Testa a estrutura da resposta da API.</doc>
<tag>testeEstruturaResposta</tag>
<status status="PASS" start="2024-08-06T19:12:24.459980" elapsed="0.124409"/>
</test>
<test id="s1-s1-t4" name="Validar tipos de dados" line="28">
<kw name="Teste de Tipos de Dados" owner="random-user-service">
<kw name="GET On Session" owner="RequestsLibrary">
<msg time="2024-08-06T19:12:24.652424" level="INFO">GET Request : url=https://randomuser.me/api 
 path_url=/api 
 headers={'User-Agent': 'python-requests/2.32.3', 'Accept-Encoding': 'gzip, deflate', 'Accept': '*/*', 'Connection': 'keep-alive'} 
 body=None 
 </msg>
<msg time="2024-08-06T19:12:24.652501" level="INFO">GET Response : url=https://randomuser.me/api 
 status=200, reason=OK 
 headers={'Date': 'Tue, 06 Aug 2024 19:12:24 GMT', 'Content-Type': 'application/json; charset=utf-8', 'Transfer-Encoding': 'chunked', 'Connection': 'keep-alive', 'X-Powered-By': 'Express', 'Access-Control-Allow-Origin': '*', 'Cache-Control': 'no-cache', 'ETag': 'W/"4a0-HLa+RMPqfFeqvVcJbGIjc5dnvSk"', 'Vary': 'Accept-Encoding', 'Content-Encoding': 'gzip', 'CF-Cache-Status': 'DYNAMIC', 'Report-To': '{"endpoints":[{"url":"https:\\/\\/a.nel.cloudflare.com\\/report\\/v4?s=wiS%2BzgxdrEmlC1ls%2Bec1xntNMls4230sahM4LeR7By93IfPSdw%2BYCZi2kJ3nEw%2Bz1IGErOfNJs0yDmJiXsfK0Zjp3uJ2ShNFlNgWBe%2FSuS2GTHcd4jFaTQ7kn1UgRw6y"}],"group":"cf-nel","max_age":604800}', 'NEL': '{"success_fraction":0,"report_to":"cf-nel","max_age":604800}', 'Server': 'cloudflare', 'CF-RAY': '8af15699bfe18797-IAD', 'alt-svc': 'h3=":443"; ma=86400'} 
 body={"results":[{"gender":"male","name":{"title":"Mr","first":"Brennan","last":"Martin"},"location":{"street":{"number":7074,"name":"Miller Ave"},"city":"Australian Capital Territory","state":"South Australia","country":"Australia","postcode":7583,"coordinates":{"latitude":"-85.0052","longitude":"-93.2357"},"timezone":{"offset":"-7:00","description":"Mountain Time (US &amp; Canada)"}},"email":"brennan.martin@example.com","login":{"uuid":"182b8192-b2a8-4097-adc8-c0a5f4693374","username":"smallleopard797","password":"solomon","salt":"TjPGbJE5","md5":"f5b990a02415aabf2dea085f3a4c4bc8","sha1":"436fce022ec878b038d8bdbf295e6103d849eee1","sha256":"fdaf6d83390fbf66945018b5804fe8fc4f46a8c4c988e1a0a9d22403ecdd307e"},"dob":{"date":"1946-03-09T10:32:59.417Z","age":78},"registered":{"date":"2015-03-29T13:22:53.865Z","age":9},"phone":"09-2462-2420","cell":"0440-986-822","id":{"name":"TFN","value":"000522747"},"picture":{"large":"https://randomuser.me/api/portraits/men/32.jpg","medium":"https://randomuser.me/api/portraits/med/men/32.jpg","thumbnail":"https://randomuser.me/api/portraits/thumb/men/32.jpg"},"nat":"AU"}],"info":{"seed":"d5307eb1c5fdc3ba","results":1,"page":1,"version":"1.4"}} 
 </msg>
<msg time="2024-08-06T19:12:24.652573" level="INFO">/opt/hostedtoolcache/Python/3.12.4/x64/lib/python3.12/site-packages/urllib3/connectionpool.py:1099: InsecureRequestWarning: Unverified HTTPS request is being made to host 'randomuser.me'. Adding certificate verification is strongly advised. See: https://urllib3.readthedocs.io/en/latest/advanced-usage.html#tls-warnings
  warnings.warn(</msg>
<msg time="2024-08-06T19:12:24.652687" level="INFO">${response} = &lt;Response [200]&gt;</msg>
<var>${response}</var>
<arg>consultarAPI</arg>
<arg>/api</arg>
<doc>Sends a GET request on a previously created HTTP Session.</doc>
<status status="PASS" start="2024-08-06T19:12:24.586853" elapsed="0.065881"/>
</kw>
<kw name="Set Variable" owner="BuiltIn">
<msg time="2024-08-06T19:12:24.653707" level="INFO">${json_data} = {'results': [{'gender': 'male', 'name': {'title': 'Mr', 'first': 'Brennan', 'last': 'Martin'}, 'location': {'street': {'number': 7074, 'name': 'Miller Ave'}, 'city': 'Australian Capital Territory', 's...</msg>
<var>${json_data}</var>
<arg>${response.json()}</arg>
<doc>Returns the given values which can then be assigned to a variables.</doc>
<status status="PASS" start="2024-08-06T19:12:24.653214" elapsed="0.000523"/>
</kw>
<kw name="Log" owner="BuiltIn">
<msg time="2024-08-06T19:12:24.654198" level="INFO">{'results': [{'gender': 'male', 'name': {'title': 'Mr', 'first': 'Brennan', 'last': 'Martin'}, 'location': {'street': {'number': 7074, 'name': 'Miller Ave'}, 'city': 'Australian Capital Territory', 'state': 'South Australia', 'country': 'Australia', 'postcode': 7583, 'coordinates': {'latitude': '-85.0052', 'longitude': '-93.2357'}, 'timezone': {'offset': '-7:00', 'description': 'Mountain Time (US &amp; Canada)'}}, 'email': 'brennan.martin@example.com', 'login': {'uuid': '182b8192-b2a8-4097-adc8-c0a5f4693374', 'username': 'smallleopard797', 'password': 'solomon', 'salt': 'TjPGbJE5', 'md5': 'f5b990a02415aabf2dea085f3a4c4bc8', 'sha1': '436fce022ec878b038d8bdbf295e6103d849eee1', 'sha256': 'fdaf6d83390fbf66945018b5804fe8fc4f46a8c4c988e1a0a9d22403ecdd307e'}, 'dob': {'date': '1946-03-09T10:32:59.417Z', 'age': 78}, 'registered': {'date': '2015-03-29T13:22:53.865Z', 'age': 9}, 'phone': '09-2462-2420', 'cell': '0440-986-822', 'id': {'name': 'TFN', 'value': '000522747'}, 'picture': {'large': 'https://randomuser.me/api/portraits/men/32.jpg', 'medium': 'https://randomuser.me/api/portraits/med/men/32.jpg', 'thumbnail': 'https://randomuser.me/api/portraits/thumb/men/32.jpg'}, 'nat': 'AU'}], 'info': {'seed': 'd5307eb1c5fdc3ba', 'results': 1, 'page': 1, 'version': '1.4'}}</msg>
<arg>${json_data}</arg>
<doc>Logs the given message with the given level.</doc>
<status status="PASS" start="2024-08-06T19:12:24.654043" elapsed="0.000204"/>
</kw>
<kw name="Should Be String" owner="String">
<arg>${json_data['results'][0]['gender']}</arg>
<doc>Fails if the given ``item`` is not a string.</doc>
<status status="PASS" start="2024-08-06T19:12:24.654542" elapsed="0.000364"/>
</kw>
<kw name="Should Match Regexp" owner="BuiltIn">
<arg>${json_data['results'][0]['email']}</arg>
<arg>^[a-zA-Z0-9._%+-]+@[a-zA-Z0-9.-]+\.[a-zA-Z]{2,}$</arg>
<doc>Fails if ``string`` does not match ``pattern`` as a regular expression.</doc>
<status status="PASS" start="2024-08-06T19:12:24.655101" elapsed="0.000574"/>
</kw>
<kw name="Should Match Regexp" owner="BuiltIn">
<arg>${json_data['results'][0]['dob']['date']}</arg>
<arg>\\d{4}-\\d{2}-\\d{2}T\\d{2}:\\d{2}:\\d{2}\\.\\d{3}Z</arg>
<doc>Fails if ``string`` does not match ``pattern`` as a regular expression.</doc>
<status status="PASS" start="2024-08-06T19:12:24.655899" elapsed="0.000968"/>
</kw>
<kw name="Should Match Regexp" owner="BuiltIn">
<arg>${json_data['results'][0]['registered']['date']}</arg>
<arg>\\d{4}-\\d{2}-\\d{2}T\\d{2}:\\d{2}:\\d{2}\\.\\d{3}Z</arg>
<doc>Fails if ``string`` does not match ``pattern`` as a regular expression.</doc>
<status status="PASS" start="2024-08-06T19:12:24.657192" elapsed="0.000608"/>
</kw>
<kw name="Should Match Regexp" owner="BuiltIn">
<arg>${json_data['results'][0]['picture']['large']}</arg>
<arg>^https?://.*\.(?:png|jpe?g|gif|bmp)$</arg>
<doc>Fails if ``string`` does not match ``pattern`` as a regular expression.</doc>
<status status="PASS" start="2024-08-06T19:12:24.658087" elapsed="0.000753"/>
</kw>
<kw name="Should Match Regexp" owner="BuiltIn">
<arg>${json_data['results'][0]['picture']['medium']}</arg>
<arg>^https?://.*\.(?:png|jpe?g|gif|bmp)$</arg>
<doc>Fails if ``string`` does not match ``pattern`` as a regular expression.</doc>
<status status="PASS" start="2024-08-06T19:12:24.659164" elapsed="0.000628"/>
</kw>
<kw name="Should Match Regexp" owner="BuiltIn">
<arg>${json_data['results'][0]['picture']['thumbnail']}</arg>
<arg>^https?://.*\.(?:png|jpe?g|gif|bmp)$</arg>
<doc>Fails if ``string`` does not match ``pattern`` as a regular expression.</doc>
<status status="PASS" start="2024-08-06T19:12:24.660132" elapsed="0.000603"/>
</kw>
<kw name="Log" owner="BuiltIn">
<msg time="2024-08-06T19:12:24.661691" level="INFO">{'large': 'https://randomuser.me/api/portraits/men/32.jpg', 'medium': 'https://randomuser.me/api/portraits/med/men/32.jpg', 'thumbnail': 'https://randomuser.me/api/portraits/thumb/men/32.jpg'}</msg>
<arg>${json_data['results'][0]['picture']}</arg>
<doc>Logs the given message with the given level.</doc>
<status status="PASS" start="2024-08-06T19:12:24.661062" elapsed="0.000706"/>
</kw>
<status status="PASS" start="2024-08-06T19:12:24.586626" elapsed="0.075545"/>
</kw>
<kw name="Teste de Tipos de Dados - Postcode" owner="random-user-service">
<kw name="GET On Session" owner="RequestsLibrary">
<msg time="2024-08-06T19:12:24.748202" level="INFO">GET Request : url=https://randomuser.me/api 
 path_url=/api 
 headers={'User-Agent': 'python-requests/2.32.3', 'Accept-Encoding': 'gzip, deflate', 'Accept': '*/*', 'Connection': 'keep-alive'} 
 body=None 
 </msg>
<msg time="2024-08-06T19:12:24.748299" level="INFO">GET Response : url=https://randomuser.me/api 
 status=200, reason=OK 
 headers={'Date': 'Tue, 06 Aug 2024 19:12:24 GMT', 'Content-Type': 'application/json; charset=utf-8', 'Transfer-Encoding': 'chunked', 'Connection': 'keep-alive', 'X-Powered-By': 'Express', 'Access-Control-Allow-Origin': '*', 'Cache-Control': 'no-cache', 'ETag': 'W/"49d-/+mbKo16a7gH8GVnzRke/ng2A+c"', 'Vary': 'Accept-Encoding', 'Content-Encoding': 'gzip', 'CF-Cache-Status': 'DYNAMIC', 'Report-To': '{"endpoints":[{"url":"https:\\/\\/a.nel.cloudflare.com\\/report\\/v4?s=xUv92HN8cCaJzJ%2BnxfsJth0AqAA6WwijEwxl6Y%2BoustaoxIU30alb075tVMgmdylZ9TONKjP5x2EPAhSqdVh%2BwiqLNtYkKM4YtBGWhVAWiENqdBkklPHeGbUhNk4rKVc"}],"group":"cf-nel","max_age":604800}', 'NEL': '{"success_fraction":0,"report_to":"cf-nel","max_age":604800}', 'Server': 'cloudflare', 'CF-RAY': '8af1569a28b38797-IAD', 'alt-svc': 'h3=":443"; ma=86400'} 
 body={"results":[{"gender":"female","name":{"title":"Ms","first":"Enni","last":"Raisanen"},"location":{"street":{"number":2288,"name":"Otavalankatu"},"city":"Posio","state":"Tavastia Proper","country":"Finland","postcode":91844,"coordinates":{"latitude":"-28.0552","longitude":"111.2544"},"timezone":{"offset":"+5:30","description":"Bombay, Calcutta, Madras, New Delhi"}},"email":"enni.raisanen@example.com","login":{"uuid":"4cfb38ae-e5f2-412e-ae8e-a0d1c66c37ce","username":"tinymouse115","password":"kokomo","salt":"v0kfi437","md5":"34a5500a3d1ef88210495154713f64e6","sha1":"d9e764d6c94eed56e8c4898d8842a181bbdbdb9e","sha256":"57f7f6cb99dad0f752c28688b2af30a490b2e15d4bcbb4a505a6d7f291fe23af"},"dob":{"date":"1993-08-09T15:41:11.427Z","age":30},"registered":{"date":"2003-07-27T06:52:10.655Z","age":21},"phone":"05-471-478","cell":"045-017-55-09","id":{"name":"HETU","value":"NaNNA084undefined"},"picture":{"large":"https://randomuser.me/api/portraits/women/74.jpg","medium":"https://randomuser.me/api/portraits/med/women/74.jpg","thumbnail":"https://randomuser.me/api/portraits/thumb/women/74.jpg"},"nat":"FI"}],"info":{"seed":"308ce333de9c6ef8","results":1,"page":1,"version":"1.4"}} 
 </msg>
<msg time="2024-08-06T19:12:24.748381" level="INFO">/opt/hostedtoolcache/Python/3.12.4/x64/lib/python3.12/site-packages/urllib3/connectionpool.py:1099: InsecureRequestWarning: Unverified HTTPS request is being made to host 'randomuser.me'. Adding certificate verification is strongly advised. See: https://urllib3.readthedocs.io/en/latest/advanced-usage.html#tls-warnings
  warnings.warn(</msg>
<msg time="2024-08-06T19:12:24.748500" level="INFO">${response} = &lt;Response [200]&gt;</msg>
<var>${response}</var>
<arg>consultarAPI</arg>
<arg>/api</arg>
<doc>Sends a GET request on a previously created HTTP Session.</doc>
<status status="PASS" start="2024-08-06T19:12:24.662886" elapsed="0.085685"/>
</kw>
<kw name="Set Variable" owner="BuiltIn">
<msg time="2024-08-06T19:12:24.749535" level="INFO">${json_data} = {'results': [{'gender': 'female', 'name': {'title': 'Ms', 'first': 'Enni', 'last': 'Raisanen'}, 'location': {'street': {'number': 2288, 'name': 'Otavalankatu'}, 'city': 'Posio', 'state': 'Tavastia Pro...</msg>
<var>${json_data}</var>
<arg>${response.json()}</arg>
<doc>Returns the given values which can then be assigned to a variables.</doc>
<status status="PASS" start="2024-08-06T19:12:24.748988" elapsed="0.000577"/>
</kw>
<kw name="Log" owner="BuiltIn">
<msg time="2024-08-06T19:12:24.750044" level="INFO">{'results': [{'gender': 'female', 'name': {'title': 'Ms', 'first': 'Enni', 'last': 'Raisanen'}, 'location': {'street': {'number': 2288, 'name': 'Otavalankatu'}, 'city': 'Posio', 'state': 'Tavastia Proper', 'country': 'Finland', 'postcode': 91844, 'coordinates': {'latitude': '-28.0552', 'longitude': '111.2544'}, 'timezone': {'offset': '+5:30', 'description': 'Bombay, Calcutta, Madras, New Delhi'}}, 'email': 'enni.raisanen@example.com', 'login': {'uuid': '4cfb38ae-e5f2-412e-ae8e-a0d1c66c37ce', 'username': 'tinymouse115', 'password': 'kokomo', 'salt': 'v0kfi437', 'md5': '34a5500a3d1ef88210495154713f64e6', 'sha1': 'd9e764d6c94eed56e8c4898d8842a181bbdbdb9e', 'sha256': '57f7f6cb99dad0f752c28688b2af30a490b2e15d4bcbb4a505a6d7f291fe23af'}, 'dob': {'date': '1993-08-09T15:41:11.427Z', 'age': 30}, 'registered': {'date': '2003-07-27T06:52:10.655Z', 'age': 21}, 'phone': '05-471-478', 'cell': '045-017-55-09', 'id': {'name': 'HETU', 'value': 'NaNNA084undefined'}, 'picture': {'large': 'https://randomuser.me/api/portraits/women/74.jpg', 'medium': 'https://randomuser.me/api/portraits/med/women/74.jpg', 'thumbnail': 'https://randomuser.me/api/portraits/thumb/women/74.jpg'}, 'nat': 'FI'}], 'info': {'seed': '308ce333de9c6ef8', 'results': 1, 'page': 1, 'version': '1.4'}}</msg>
<arg>${json_data}</arg>
<doc>Logs the given message with the given level.</doc>
<status status="PASS" start="2024-08-06T19:12:24.749885" elapsed="0.000208"/>
</kw>
<kw name="Should Be Equal As Numbers" owner="BuiltIn">
<arg>${json_data['results'][0]['location']['postcode']}</arg>
<arg>${json_data['results'][0]['location']['postcode']}</arg>
<doc>Fails if objects are unequal after converting them to real numbers.</doc>
<status status="PASS" start="2024-08-06T19:12:24.750394" elapsed="0.000634"/>
</kw>
<kw name="Log" owner="BuiltIn">
<msg time="2024-08-06T19:12:24.751576" level="INFO">91844</msg>
<arg>${json_data['results'][0]['location']['postcode']}</arg>
<doc>Logs the given message with the given level.</doc>
<status status="PASS" start="2024-08-06T19:12:24.751222" elapsed="0.000434"/>
</kw>
<status status="PASS" start="2024-08-06T19:12:24.662516" elapsed="0.089409"/>
</kw>
<doc>Testa se os tipos de dados na resposta da API estão corretos.</doc>
<tag>testeTiposDados</tag>
<status status="PASS" start="2024-08-06T19:12:24.586173" elapsed="0.165943"/>
</test>
<test id="s1-s1-t5" name="Validar conteudo" line="35">
<kw name="Teste de Tipos de Conteudo" owner="random-user-service">
<kw name="GET On Session" owner="RequestsLibrary">
<msg time="2024-08-06T19:12:24.847395" level="INFO">GET Request : url=https://randomuser.me/api 
 path_url=/api 
 headers={'User-Agent': 'python-requests/2.32.3', 'Accept-Encoding': 'gzip, deflate', 'Accept': '*/*', 'Connection': 'keep-alive'} 
 body=None 
 </msg>
<msg time="2024-08-06T19:12:24.847475" level="INFO">GET Response : url=https://randomuser.me/api 
 status=200, reason=OK 
 headers={'Date': 'Tue, 06 Aug 2024 19:12:24 GMT', 'Content-Type': 'application/json; charset=utf-8', 'Transfer-Encoding': 'chunked', 'Connection': 'keep-alive', 'X-Powered-By': 'Express', 'Access-Control-Allow-Origin': '*', 'Cache-Control': 'no-cache', 'ETag': 'W/"481-0TuwRwesjqES4mcVPBszxpvAdnw"', 'Vary': 'Accept-Encoding', 'Content-Encoding': 'gzip', 'CF-Cache-Status': 'DYNAMIC', 'Report-To': '{"endpoints":[{"url":"https:\\/\\/a.nel.cloudflare.com\\/report\\/v4?s=dWd6%2BAwNtT%2Fbwpmd42mOQ5OgppLzotcWcnW4i2PQdX3GI%2FjVyPVr9kszCwTYLZRf907wfv3TMxGJol7OC%2FJSqneE0QOyOVTByJF7fbvI6ZjemTnzdbi56s%2Ffj%2B4wjjgs"}],"group":"cf-nel","max_age":604800}', 'NEL': '{"success_fraction":0,"report_to":"cf-nel","max_age":604800}', 'Server': 'cloudflare', 'CF-RAY': '8af1569ab9c88797-IAD', 'alt-svc': 'h3=":443"; ma=86400'} 
 body={"results":[{"gender":"female","name":{"title":"Ms","first":"Abigail","last":"Anderson"},"location":{"street":{"number":7496,"name":"Dundas Rd"},"city":"Tecumseh","state":"Manitoba","country":"Canada","postcode":"O3M 9G0","coordinates":{"latitude":"-67.0389","longitude":"152.2956"},"timezone":{"offset":"+9:30","description":"Adelaide, Darwin"}},"email":"abigail.anderson@example.com","login":{"uuid":"00eeb7e3-df85-47ff-9cd3-f50c0c5aec30","username":"brownzebra432","password":"skater","salt":"0HvC78JV","md5":"befacc3203f4b382c551943e8548bb54","sha1":"ae63c9f00f99633c62a563ab18355fed404089a4","sha256":"e638474a7198c8f9657ef8490ec180cfc26858e2ee2c4ffc9e4bae0913f66348"},"dob":{"date":"1947-02-23T07:15:19.213Z","age":77},"registered":{"date":"2017-12-09T00:44:31.857Z","age":6},"phone":"U36 X72-0538","cell":"M60 F39-2383","id":{"name":"SIN","value":"519300933"},"picture":{"large":"https://randomuser.me/api/portraits/women/0.jpg","medium":"https://randomuser.me/api/portraits/med/women/0.jpg","thumbnail":"https://randomuser.me/api/portraits/thumb/women/0.jpg"},"nat":"CA"}],"info":{"seed":"9902d8b3bd27b4e4","results":1,"page":1,"version":"1.4"}} 
 </msg>
<msg time="2024-08-06T19:12:24.847547" level="INFO">/opt/hostedtoolcache/Python/3.12.4/x64/lib/python3.12/site-packages/urllib3/connectionpool.py:1099: InsecureRequestWarning: Unverified HTTPS request is being made to host 'randomuser.me'. Adding certificate verification is strongly advised. See: https://urllib3.readthedocs.io/en/latest/advanced-usage.html#tls-warnings
  warnings.warn(</msg>
<msg time="2024-08-06T19:12:24.847643" level="INFO">${response} = &lt;Response [200]&gt;</msg>
<var>${response}</var>
<arg>consultarAPI</arg>
<arg>/api</arg>
<doc>Sends a GET request on a previously created HTTP Session.</doc>
<status status="PASS" start="2024-08-06T19:12:24.754637" elapsed="0.093036"/>
</kw>
<kw name="Set Variable" owner="BuiltIn">
<msg time="2024-08-06T19:12:24.848513" level="INFO">${json_data} = {'results': [{'gender': 'female', 'name': {'title': 'Ms', 'first': 'Abigail', 'last': 'Anderson'}, 'location': {'street': {'number': 7496, 'name': 'Dundas Rd'}, 'city': 'Tecumseh', 'state': 'Manitoba'...</msg>
<var>${json_data}</var>
<arg>${response.json()}</arg>
<doc>Returns the given values which can then be assigned to a variables.</doc>
<status status="PASS" start="2024-08-06T19:12:24.848061" elapsed="0.000481"/>
</kw>
<kw name="Set Variable" owner="BuiltIn">
<msg time="2024-08-06T19:12:24.849277" level="INFO">${name_title} = Ms</msg>
<var>${name_title}</var>
<arg>${json_data["results"][0]["name"]["title"]}</arg>
<doc>Returns the given values which can then be assigned to a variables.</doc>
<status status="PASS" start="2024-08-06T19:12:24.848856" elapsed="0.000451"/>
</kw>
<kw name="Create List" owner="BuiltIn">
<msg time="2024-08-06T19:12:24.849779" level="INFO">${allowed_titles} = ['Mr', 'Ms', 'Miss', 'Mrs', 'Madame', 'Monsieur']</msg>
<var>${allowed_titles}</var>
<arg>Mr</arg>
<arg>Ms</arg>
<arg>Miss</arg>
<arg>Mrs</arg>
<arg>Madame</arg>
<arg>Monsieur</arg>
<doc>Returns a list containing given items.</doc>
<status status="PASS" start="2024-08-06T19:12:24.849625" elapsed="0.000179"/>
</kw>
<kw name="List Should Contain Value" owner="Collections">
<arg>${allowed_titles}</arg>
<arg>${name_title}</arg>
<doc>Fails if the ``value`` is not found from ``list``.</doc>
<status status="PASS" start="2024-08-06T19:12:24.850115" elapsed="0.000184"/>
</kw>
<kw name="Set Variable" owner="BuiltIn">
<msg time="2024-08-06T19:12:24.850868" level="INFO">${name_country} = CA</msg>
<var>${name_country}</var>
<arg>${json_data["results"][0]["nat"]}</arg>
<doc>Returns the given values which can then be assigned to a variables.</doc>
<status status="PASS" start="2024-08-06T19:12:24.850489" elapsed="0.000405"/>
</kw>
<kw name="Create List" owner="BuiltIn">
<msg time="2024-08-06T19:12:24.851784" level="INFO">${list_country} = ['AD', 'AE', 'AF', 'AG', 'AI', 'AL', 'AM', 'AO', 'AQ', 'AR', 'AS', 'AT', 'AU', 'AW', 'AX', 'AZ', 'BA', 'BB', 'BD', 'BE', 'BF', 'BG', 'BH', 'BI', 'BJ', 'BL', 'BM', 'BN', 'BO', 'BQ', 'BR', 'BS', 'BT', '...</msg>
<var>${list_country}</var>
<arg>AD</arg>
<arg>AE</arg>
<arg>AF</arg>
<arg>AG</arg>
<arg>AI</arg>
<arg>AL</arg>
<arg>AM</arg>
<arg>AO</arg>
<arg>AQ</arg>
<arg>AR</arg>
<arg>AS</arg>
<arg>AT</arg>
<arg>AU</arg>
<arg>AW</arg>
<arg>AX</arg>
<arg>AZ</arg>
<arg>BA</arg>
<arg>BB</arg>
<arg>BD</arg>
<arg>BE</arg>
<arg>BF</arg>
<arg>BG</arg>
<arg>BH</arg>
<arg>BI</arg>
<arg>BJ</arg>
<arg>BL</arg>
<arg>BM</arg>
<arg>BN</arg>
<arg>BO</arg>
<arg>BQ</arg>
<arg>BR</arg>
<arg>BS</arg>
<arg>BT</arg>
<arg>BV</arg>
<arg>BW</arg>
<arg>BY</arg>
<arg>BZ</arg>
<arg>CA</arg>
<arg>CC</arg>
<arg>CD</arg>
<arg>CF</arg>
<arg>CG</arg>
<arg>CH</arg>
<arg>CI</arg>
<arg>CK</arg>
<arg>CL</arg>
<arg>CM</arg>
<arg>CN</arg>
<arg>CO</arg>
<arg>CR</arg>
<arg>CU</arg>
<arg>CV</arg>
<arg>CW</arg>
<arg>CX</arg>
<arg>CY</arg>
<arg>CZ</arg>
<arg>DE</arg>
<arg>DJ</arg>
<arg>DK</arg>
<arg>DM</arg>
<arg>DO</arg>
<arg>DZ</arg>
<arg>EC</arg>
<arg>EE</arg>
<arg>EG</arg>
<arg>EH</arg>
<arg>ER</arg>
<arg>ES</arg>
<arg>ET</arg>
<arg>FI</arg>
<arg>FJ</arg>
<arg>FK</arg>
<arg>FM</arg>
<arg>FO</arg>
<arg>FR</arg>
<arg>GA</arg>
<arg>GB</arg>
<arg>GD</arg>
<arg>GE</arg>
<arg>GF</arg>
<arg>GG</arg>
<arg>GH</arg>
<arg>GI</arg>
<arg>GL</arg>
<arg>GM</arg>
<arg>GN</arg>
<arg>GP</arg>
<arg>GQ</arg>
<arg>GR</arg>
<arg>GS</arg>
<arg>GT</arg>
<arg>GU</arg>
<arg>GW</arg>
<arg>GY</arg>
<arg>HK</arg>
<arg>HM</arg>
<arg>HN</arg>
<arg>HR</arg>
<arg>HT</arg>
<arg>HU</arg>
<arg>ID</arg>
<arg>IE</arg>
<arg>IL</arg>
<arg>IM</arg>
<arg>IN</arg>
<arg>IO</arg>
<arg>IQ</arg>
<arg>IR</arg>
<arg>IS</arg>
<arg>IT</arg>
<arg>JE</arg>
<arg>JM</arg>
<arg>JO</arg>
<arg>JP</arg>
<arg>KE</arg>
<arg>KG</arg>
<arg>KH</arg>
<arg>KI</arg>
<arg>KM</arg>
<arg>KN</arg>
<arg>KP</arg>
<arg>KR</arg>
<arg>KW</arg>
<arg>KY</arg>
<arg>KZ</arg>
<arg>LA</arg>
<arg>LB</arg>
<arg>LC</arg>
<arg>LI</arg>
<arg>LK</arg>
<arg>LR</arg>
<arg>LS</arg>
<arg>LT</arg>
<arg>LU</arg>
<arg>LV</arg>
<arg>LY</arg>
<arg>MA</arg>
<arg>MC</arg>
<arg>MD</arg>
<arg>ME</arg>
<arg>MF</arg>
<arg>MG</arg>
<arg>MH</arg>
<arg>MK</arg>
<arg>ML</arg>
<arg>MM</arg>
<arg>MN</arg>
<arg>MO</arg>
<arg>MP</arg>
<arg>MQ</arg>
<arg>MR</arg>
<arg>MS</arg>
<arg>MT</arg>
<arg>MU</arg>
<arg>MV</arg>
<arg>MW</arg>
<arg>MX</arg>
<arg>MY</arg>
<arg>MZ</arg>
<arg>NA</arg>
<arg>NC</arg>
<arg>NE</arg>
<arg>NF</arg>
<arg>NG</arg>
<arg>NI</arg>
<arg>NL</arg>
<arg>NO</arg>
<arg>NP</arg>
<arg>NR</arg>
<arg>NU</arg>
<arg>NZ</arg>
<arg>OM</arg>
<arg>PA</arg>
<arg>PE</arg>
<arg>PF</arg>
<arg>PG</arg>
<arg>PH</arg>
<arg>PK</arg>
<arg>PL</arg>
<arg>PM</arg>
<arg>PN</arg>
<arg>PR</arg>
<arg>PS</arg>
<arg>PT</arg>
<arg>PW</arg>
<arg>PY</arg>
<arg>QA</arg>
<arg>RE</arg>
<arg>RO</arg>
<arg>RS</arg>
<arg>RU</arg>
<arg>RW</arg>
<arg>SA</arg>
<arg>SB</arg>
<arg>SC</arg>
<arg>SD</arg>
<arg>SE</arg>
<arg>SG</arg>
<arg>SH</arg>
<arg>SI</arg>
<arg>SJ</arg>
<arg>SK</arg>
<arg>SL</arg>
<arg>SM</arg>
<arg>SN</arg>
<arg>SO</arg>
<arg>SR</arg>
<arg>SS</arg>
<arg>ST</arg>
<arg>SV</arg>
<arg>SX</arg>
<arg>SY</arg>
<arg>SZ</arg>
<arg>TC</arg>
<arg>TD</arg>
<arg>TF</arg>
<arg>TG</arg>
<arg>TH</arg>
<arg>TJ</arg>
<arg>TK</arg>
<arg>TL</arg>
<arg>TM</arg>
<arg>TN</arg>
<arg>TO</arg>
<arg>TR</arg>
<arg>TT</arg>
<arg>TV</arg>
<arg>TW</arg>
<arg>TZ</arg>
<arg>UA</arg>
<arg>UG</arg>
<arg>UM</arg>
<arg>US</arg>
<arg>UY</arg>
<arg>UZ</arg>
<arg>VA</arg>
<arg>VC</arg>
<arg>VE</arg>
<arg>VG</arg>
<arg>VI</arg>
<arg>VN</arg>
<arg>VU</arg>
<arg>WF</arg>
<arg>WS</arg>
<arg>XK</arg>
<arg>YE</arg>
<arg>YT</arg>
<arg>ZA</arg>
<arg>ZM</arg>
<arg>ZW</arg>
<doc>Returns a list containing given items.</doc>
<status status="PASS" start="2024-08-06T19:12:24.851188" elapsed="0.000624"/>
</kw>
<kw name="List Should Contain Value" owner="Collections">
<arg>${list_country}</arg>
<arg>${name_country}</arg>
<doc>Fails if the ``value`` is not found from ``list``.</doc>
<status status="PASS" start="2024-08-06T19:12:24.852780" elapsed="0.000217"/>
</kw>
<kw name="Run Keyword If" owner="BuiltIn">
<kw name="Should Be True" owner="BuiltIn">
<arg>${True}</arg>
<doc>Fails if the given condition is not true.</doc>
<status status="PASS" start="2024-08-06T19:12:24.853980" elapsed="0.000146"/>
</kw>
<arg>${json_data["results"][0]["location"]["coordinates"]["latitude"]} &gt;= -90 and ${json_data["results"][0]["location"]["coordinates"]["latitude"]} &lt;= 90</arg>
<arg>Should Be True</arg>
<arg>${True}</arg>
<doc>Runs the given keyword with the given arguments, if ``condition`` is true.</doc>
<status status="PASS" start="2024-08-06T19:12:24.853200" elapsed="0.001053"/>
</kw>
<kw name="Run Keyword If" owner="BuiltIn">
<kw name="Should Be True" owner="BuiltIn">
<arg>${True}</arg>
<doc>Fails if the given condition is not true.</doc>
<status status="PASS" start="2024-08-06T19:12:24.855130" elapsed="0.000139"/>
</kw>
<arg>${json_data["results"][0]["location"]["coordinates"]["longitude"]} &gt;= -180 and ${json_data["results"][0]["location"]["coordinates"]["longitude"]} &lt;= 180</arg>
<arg>Should Be True</arg>
<arg>${True}</arg>
<doc>Runs the given keyword with the given arguments, if ``condition`` is true.</doc>
<status status="PASS" start="2024-08-06T19:12:24.854436" elapsed="0.000957"/>
</kw>
<status status="PASS" start="2024-08-06T19:12:24.754412" elapsed="0.101112"/>
</kw>
<doc>Testa o conteúdo específico dos campos retornados pela API.</doc>
<tag>testeConteudo</tag>
<status status="PASS" start="2024-08-06T19:12:24.753959" elapsed="0.101711"/>
</test>
<status status="PASS" start="2024-08-06T19:12:24.003611" elapsed="0.853985"/>
</suite>
<status status="PASS" start="2024-08-06T19:12:23.988789" elapsed="0.873881"/>
</suite>
<statistics>
<total>
<stat pass="5" fail="0" skip="0">All Tests</stat>
</total>
<tag>
<stat pass="1" fail="0" skip="0">testeConteudo</stat>
<stat pass="1" fail="0" skip="0">testeEstruturaResposta</stat>
<stat pass="1" fail="0" skip="0">testeRequisicaoBasica</stat>
<stat pass="1" fail="0" skip="0">testeTiposDados</stat>
</tag>
<suite>
<stat pass="5" fail="0" skip="0" id="s1" name="Tests">Tests</stat>
<stat pass="5" fail="0" skip="0" id="s1-s1" name="Random-User-Test">Tests.Random-User-Test</stat>
</suite>
</statistics>
<errors>
</errors>
</robot>
