<?xml version="1.0" encoding="UTF-8"?>
<robot generator="Robot 7.0 (Python 3.12.3 on linux)" generated="2024-06-05T18:19:12.966390" rpa="false" schemaversion="5">
<suite id="s1" name="Tests" source="/home/runner/work/ApiRandomUser/ApiRandomUser/RamdonUser/tests">
<suite id="s1-s1" name="Random-User-Test" source="/home/runner/work/ApiRandomUser/ApiRandomUser/RamdonUser/tests/random-user-test.robot">
<test id="s1-s1-t1" name="Conectar" line="13">
<kw name="Conectar API" owner="random-user-service">
<kw name="Create Session" owner="RequestsLibrary">
<msg time="2024-06-05T18:19:13.357465" level="INFO">Creating Session using : alias=consultarAPI, url=https://randomuser.me/, headers={},                     cookies={}, auth=None, timeout=None, proxies=None, verify=False,                     debug=0 </msg>
<arg>consultarAPI</arg>
<arg>${URL}</arg>
<doc>Create Session: create a HTTP session to a server</doc>
<status status="PASS" start="2024-06-05T18:19:13.357255" elapsed="0.000397"/>
</kw>
<status status="PASS" start="2024-06-05T18:19:13.356256" elapsed="0.001777"/>
</kw>
<status status="PASS" start="2024-06-05T18:19:13.355689" elapsed="0.002585"/>
</test>
<test id="s1-s1-t2" name="Validar retorno 200 e JSON Válido" line="16">
<kw name="Teste de Requisicao Basica" owner="random-user-service">
<kw name="GET On Session" owner="RequestsLibrary">
<msg time="2024-06-05T18:19:13.482902" level="INFO">GET Request : url=https://randomuser.me/api 
 path_url=/api 
 headers={'User-Agent': 'python-requests/2.32.3', 'Accept-Encoding': 'gzip, deflate', 'Accept': '*/*', 'Connection': 'keep-alive'} 
 body=None 
 </msg>
<msg time="2024-06-05T18:19:13.483055" level="INFO">GET Response : url=https://randomuser.me/api 
 status=200, reason=OK 
 headers={'Date': 'Wed, 05 Jun 2024 18:19:13 GMT', 'Content-Type': 'application/json; charset=utf-8', 'Transfer-Encoding': 'chunked', 'Connection': 'keep-alive', 'X-Powered-By': 'Express', 'Access-Control-Allow-Origin': '*', 'Cache-Control': 'no-cache', 'ETag': 'W/"485-DQxUOzw9zAnAfQu4z5RO8Mmwk2E"', 'Vary': 'Accept-Encoding', 'Content-Encoding': 'gzip', 'CF-Cache-Status': 'DYNAMIC', 'Report-To': '{"endpoints":[{"url":"https:\\/\\/a.nel.cloudflare.com\\/report\\/v4?s=LR1q3kBve7dRUNwwZYhRcqtea27FtSJOXmZDhSpFU97uF3d5057%2FgMcvJNbAQVSLcmdhUw3wg6x8rKkmjM%2FqP4Oy9YLQuoEHAK%2BKqV8b5vXcNYPAIvEsZb5cP5drNvH5"}],"group":"cf-nel","max_age":604800}', 'NEL': '{"success_fraction":0,"report_to":"cf-nel","max_age":604800}', 'Server': 'cloudflare', 'CF-RAY': '88f22b70ae8c155d-SJC', 'alt-svc': 'h3=":443"; ma=86400'} 
 body={"results":[{"gender":"male","name":{"title":"Mr","first":"Fred","last":"Stevens"},"location":{"street":{"number":6884,"name":"W Gray St"},"city":"Kansas City","state":"Vermont","country":"United States","postcode":70101,"coordinates":{"latitude":"89.5637","longitude":"-65.9096"},"timezone":{"offset":"+7:00","description":"Bangkok, Hanoi, Jakarta"}},"email":"fred.stevens@example.com","login":{"uuid":"5ddbe7ea-dcf2-4b93-be6e-aee99c1a9631","username":"greenswan686","password":"test123","salt":"ZX7kSKnD","md5":"08bfcc63628d787db13b0e314ecc3e95","sha1":"6992f56421e82d6105d6d48badf50f10e57a0e85","sha256":"c1435b3bf9f0829e7f18aebcded76d85ff83170d84c91a857395882bb06ed40f"},"dob":{"date":"1995-06-17T07:28:16.060Z","age":28},"registered":{"date":"2019-11-24T07:06:58.907Z","age":4},"phone":"(670) 763-2104","cell":"(437) 471-4033","id":{"name":"SSN","value":"451-46-6108"},"picture":{"large":"https://randomuser.me/api/portraits/men/59.jpg","medium":"https://randomuser.me/api/portraits/med/men/59.jpg","thumbnail":"https://randomuser.me/api/portraits/thumb/men/59.jpg"},"nat":"US"}],"info":{"seed":"c23662c7d2152bfc","results":1,"page":1,"version":"1.4"}} 
 </msg>
<msg time="2024-06-05T18:19:13.483136" level="INFO">/opt/hostedtoolcache/Python/3.12.3/x64/lib/python3.12/site-packages/urllib3/connectionpool.py:1103: InsecureRequestWarning: Unverified HTTPS request is being made to host 'randomuser.me'. Adding certificate verification is strongly advised. See: https://urllib3.readthedocs.io/en/latest/advanced-usage.html#tls-warnings
  warnings.warn(</msg>
<msg time="2024-06-05T18:19:13.483283" level="INFO">${response} = &lt;Response [200]&gt;</msg>
<var>${response}</var>
<arg>consultarAPI</arg>
<arg>/api</arg>
<doc>Sends a GET request on a previously created HTTP Session.</doc>
<status status="PASS" start="2024-06-05T18:19:13.360888" elapsed="0.122435"/>
</kw>
<kw name="Should Be Equal As Numbers" owner="BuiltIn">
<msg time="2024-06-05T18:19:13.484482" level="INFO">Argument types are:
&lt;class 'int'&gt;
&lt;class 'str'&gt;</msg>
<arg>${response.status_code}</arg>
<arg>200</arg>
<doc>Fails if objects are unequal after converting them to real numbers.</doc>
<status status="PASS" start="2024-06-05T18:19:13.483988" elapsed="0.000561"/>
</kw>
<kw name="Log" owner="BuiltIn">
<msg time="2024-06-05T18:19:13.485236" level="INFO">200</msg>
<arg>${response.status_code}</arg>
<doc>Logs the given message with the given level.</doc>
<status status="PASS" start="2024-06-05T18:19:13.484877" elapsed="0.000407"/>
</kw>
<kw name="Set Variable" owner="BuiltIn">
<msg time="2024-06-05T18:19:13.486030" level="INFO">${json_data} = {'results': [{'gender': 'male', 'name': {'title': 'Mr', 'first': 'Fred', 'last': 'Stevens'}, 'location': {'street': {'number': 6884, 'name': 'W Gray St'}, 'city': 'Kansas City', 'state': 'Vermont', 'c...</msg>
<var>${json_data}</var>
<arg>${response.json()}</arg>
<doc>Returns the given values which can then be assigned to a variables.</doc>
<status status="PASS" start="2024-06-05T18:19:13.485596" elapsed="0.000463"/>
</kw>
<kw name="Dictionary Should Contain Key" owner="Collections">
<msg time="2024-06-05T18:19:13.486575" level="INFO">False</msg>
<arg>${json_data}</arg>
<arg>results</arg>
<doc>Fails if ``key`` is not found from ``dictionary``.</doc>
<status status="PASS" start="2024-06-05T18:19:13.486404" elapsed="0.000211"/>
</kw>
<status status="PASS" start="2024-06-05T18:19:13.360639" elapsed="0.126246"/>
</kw>
<doc>Testa se a API responde corretamente e retorna um objeto JSON válido.</doc>
<tag>testeRequisicaoBasica</tag>
<status status="PASS" start="2024-06-05T18:19:13.360148" elapsed="0.126922"/>
</test>
<test id="s1-s1-t3" name="Validar estrutura de resposta" line="22">
<kw name="Teste de Estrutura de Resposta" owner="random-user-service">
<kw name="GET On Session" owner="RequestsLibrary">
<msg time="2024-06-05T18:19:13.583017" level="INFO">GET Request : url=https://randomuser.me/api 
 path_url=/api 
 headers={'User-Agent': 'python-requests/2.32.3', 'Accept-Encoding': 'gzip, deflate', 'Accept': '*/*', 'Connection': 'keep-alive'} 
 body=None 
 </msg>
<msg time="2024-06-05T18:19:13.583111" level="INFO">GET Response : url=https://randomuser.me/api 
 status=200, reason=OK 
 headers={'Date': 'Wed, 05 Jun 2024 18:19:13 GMT', 'Content-Type': 'application/json; charset=utf-8', 'Transfer-Encoding': 'chunked', 'Connection': 'keep-alive', 'X-Powered-By': 'Express', 'Access-Control-Allow-Origin': '*', 'Cache-Control': 'no-cache', 'ETag': 'W/"478-//xlKIVurHqYD29beFODuixrCeI"', 'Vary': 'Accept-Encoding', 'Content-Encoding': 'gzip', 'CF-Cache-Status': 'DYNAMIC', 'Report-To': '{"endpoints":[{"url":"https:\\/\\/a.nel.cloudflare.com\\/report\\/v4?s=A7km02C4LXjGX2bRdC6DohWlhMRfQQOA%2BmZOnoAqIpV9nedFMHdx%2FKBZwsDfw0ZcQLOPg30J5GsG%2BcL3Kd6880D7OelB5BEebz1PfJcYp13BNpHMIlWs6nNDTMpF%2BmS1"}],"group":"cf-nel","max_age":604800}', 'NEL': '{"success_fraction":0,"report_to":"cf-nel","max_age":604800}', 'Server': 'cloudflare', 'CF-RAY': '88f22b715f09155d-SJC', 'alt-svc': 'h3=":443"; ma=86400'} 
 body={"results":[{"gender":"male","name":{"title":"Mr","first":"Babür","last":"Tunçeri"},"location":{"street":{"number":4964,"name":"Mevlana Cd"},"city":"Amasya","state":"Şırnak","country":"Turkey","postcode":51541,"coordinates":{"latitude":"65.3332","longitude":"-158.7874"},"timezone":{"offset":"-8:00","description":"Pacific Time (US &amp; Canada)"}},"email":"babur.tunceri@example.com","login":{"uuid":"1d27e0e7-2ce3-4de4-a8b1-148915f5075f","username":"sadbutterfly181","password":"lock","salt":"kW6nZ3sy","md5":"3e1bab6a1248178a347dcca7772d2da5","sha1":"54f77886b22b2b1cdc552eb51f4fa99694199d17","sha256":"470e30c2727cca47265a46f00716770891335348804b19d8fe04705d86d80bb2"},"dob":{"date":"1959-01-30T01:04:46.713Z","age":65},"registered":{"date":"2013-03-31T04:22:29.395Z","age":11},"phone":"(139)-304-3984","cell":"(364)-749-1233","id":{"name":"","value":null},"picture":{"large":"https://randomuser.me/api/portraits/men/62.jpg","medium":"https://randomuser.me/api/portraits/med/men/62.jpg","thumbnail":"https://randomuser.me/api/portraits/thumb/men/62.jpg"},"nat":"TR"}],"info":{"seed":"4dd490c3d8c541fe","results":1,"page":1,"version":"1.4"}} 
 </msg>
<msg time="2024-06-05T18:19:13.583235" level="INFO">/opt/hostedtoolcache/Python/3.12.3/x64/lib/python3.12/site-packages/urllib3/connectionpool.py:1103: InsecureRequestWarning: Unverified HTTPS request is being made to host 'randomuser.me'. Adding certificate verification is strongly advised. See: https://urllib3.readthedocs.io/en/latest/advanced-usage.html#tls-warnings
  warnings.warn(</msg>
<msg time="2024-06-05T18:19:13.583360" level="INFO">${response} = &lt;Response [200]&gt;</msg>
<var>${response}</var>
<arg>consultarAPI</arg>
<arg>/api</arg>
<doc>Sends a GET request on a previously created HTTP Session.</doc>
<status status="PASS" start="2024-06-05T18:19:13.489673" elapsed="0.093728"/>
</kw>
<kw name="Set Variable" owner="BuiltIn">
<msg time="2024-06-05T18:19:13.584590" level="INFO">${json_data} = {'results': [{'gender': 'male', 'name': {'title': 'Mr', 'first': 'Babür', 'last': 'Tunçeri'}, 'location': {'street': {'number': 4964, 'name': 'Mevlana Cd'}, 'city': 'Amasya', 'state': 'Şırnak', 'count...</msg>
<var>${json_data}</var>
<arg>${response.json()}</arg>
<doc>Returns the given values which can then be assigned to a variables.</doc>
<status status="PASS" start="2024-06-05T18:19:13.584009" elapsed="0.000612"/>
</kw>
<kw name="Log" owner="BuiltIn">
<msg time="2024-06-05T18:19:13.585109" level="INFO">{'results': [{'gender': 'male', 'name': {'title': 'Mr', 'first': 'Babür', 'last': 'Tunçeri'}, 'location': {'street': {'number': 4964, 'name': 'Mevlana Cd'}, 'city': 'Amasya', 'state': 'Şırnak', 'country': 'Turkey', 'postcode': 51541, 'coordinates': {'latitude': '65.3332', 'longitude': '-158.7874'}, 'timezone': {'offset': '-8:00', 'description': 'Pacific Time (US &amp; Canada)'}}, 'email': 'babur.tunceri@example.com', 'login': {'uuid': '1d27e0e7-2ce3-4de4-a8b1-148915f5075f', 'username': 'sadbutterfly181', 'password': 'lock', 'salt': 'kW6nZ3sy', 'md5': '3e1bab6a1248178a347dcca7772d2da5', 'sha1': '54f77886b22b2b1cdc552eb51f4fa99694199d17', 'sha256': '470e30c2727cca47265a46f00716770891335348804b19d8fe04705d86d80bb2'}, 'dob': {'date': '1959-01-30T01:04:46.713Z', 'age': 65}, 'registered': {'date': '2013-03-31T04:22:29.395Z', 'age': 11}, 'phone': '(139)-304-3984', 'cell': '(364)-749-1233', 'id': {'name': '', 'value': None}, 'picture': {'large': 'https://randomuser.me/api/portraits/men/62.jpg', 'medium': 'https://randomuser.me/api/portraits/med/men/62.jpg', 'thumbnail': 'https://randomuser.me/api/portraits/thumb/men/62.jpg'}, 'nat': 'TR'}], 'info': {'seed': '4dd490c3d8c541fe', 'results': 1, 'page': 1, 'version': '1.4'}}</msg>
<arg>${json_data}</arg>
<doc>Logs the given message with the given level.</doc>
<status status="PASS" start="2024-06-05T18:19:13.584942" elapsed="0.000226"/>
</kw>
<kw name="Dictionary Should Contain Key" owner="Collections">
<msg time="2024-06-05T18:19:13.585643" level="INFO">False</msg>
<arg>${json_data}</arg>
<arg>results</arg>
<doc>Fails if ``key`` is not found from ``dictionary``.</doc>
<status status="PASS" start="2024-06-05T18:19:13.585482" elapsed="0.000199"/>
</kw>
<kw name="Should Not Be Empty" owner="BuiltIn">
<msg time="2024-06-05T18:19:13.586124" level="INFO">Length is 2.</msg>
<arg>${json_data}</arg>
<doc>Verifies that the given item is not empty.</doc>
<status status="PASS" start="2024-06-05T18:19:13.585989" elapsed="0.000214"/>
</kw>
<kw name="Create List" owner="BuiltIn">
<msg time="2024-06-05T18:19:13.586832" level="INFO">${expected_keys} = ['gender', 'name', 'location', 'email', 'login']</msg>
<var>${expected_keys}</var>
<arg>gender</arg>
<arg>name</arg>
<arg>location</arg>
<arg>email</arg>
<arg>login</arg>
<doc>Returns a list containing given items.</doc>
<status status="PASS" start="2024-06-05T18:19:13.586518" elapsed="0.000339"/>
</kw>
<for flavor="IN">
<iter>
<kw name="Dictionary Should Contain Key" owner="Collections">
<msg time="2024-06-05T18:19:13.587869" level="INFO">False</msg>
<arg>${json_data['results'][0]}</arg>
<arg>${key}</arg>
<doc>Fails if ``key`` is not found from ``dictionary``.</doc>
<status status="PASS" start="2024-06-05T18:19:13.587461" elapsed="0.000447"/>
</kw>
<kw name="Log" owner="BuiltIn">
<msg time="2024-06-05T18:19:13.588591" level="INFO">{'gender': 'male', 'name': {'title': 'Mr', 'first': 'Babür', 'last': 'Tunçeri'}, 'location': {'street': {'number': 4964, 'name': 'Mevlana Cd'}, 'city': 'Amasya', 'state': 'Şırnak', 'country': 'Turkey', 'postcode': 51541, 'coordinates': {'latitude': '65.3332', 'longitude': '-158.7874'}, 'timezone': {'offset': '-8:00', 'description': 'Pacific Time (US &amp; Canada)'}}, 'email': 'babur.tunceri@example.com', 'login': {'uuid': '1d27e0e7-2ce3-4de4-a8b1-148915f5075f', 'username': 'sadbutterfly181', 'password': 'lock', 'salt': 'kW6nZ3sy', 'md5': '3e1bab6a1248178a347dcca7772d2da5', 'sha1': '54f77886b22b2b1cdc552eb51f4fa99694199d17', 'sha256': '470e30c2727cca47265a46f00716770891335348804b19d8fe04705d86d80bb2'}, 'dob': {'date': '1959-01-30T01:04:46.713Z', 'age': 65}, 'registered': {'date': '2013-03-31T04:22:29.395Z', 'age': 11}, 'phone': '(139)-304-3984', 'cell': '(364)-749-1233', 'id': {'name': '', 'value': None}, 'picture': {'large': 'https://randomuser.me/api/portraits/men/62.jpg', 'medium': 'https://randomuser.me/api/portraits/med/men/62.jpg', 'thumbnail': 'https://randomuser.me/api/portraits/thumb/men/62.jpg'}, 'nat': 'TR'}</msg>
<arg>${json_data['results'][0]}</arg>
<doc>Logs the given message with the given level.</doc>
<status status="PASS" start="2024-06-05T18:19:13.588217" elapsed="0.000429"/>
</kw>
<kw name="Log" owner="BuiltIn">
<msg time="2024-06-05T18:19:13.589094" level="INFO">gender</msg>
<arg>${key}</arg>
<doc>Logs the given message with the given level.</doc>
<status status="PASS" start="2024-06-05T18:19:13.588952" elapsed="0.000181"/>
</kw>
<var name="${key}">gender</var>
<status status="PASS" start="2024-06-05T18:19:13.587332" elapsed="0.002025"/>
</iter>
<iter>
<kw name="Dictionary Should Contain Key" owner="Collections">
<msg time="2024-06-05T18:19:13.590053" level="INFO">False</msg>
<arg>${json_data['results'][0]}</arg>
<arg>${key}</arg>
<doc>Fails if ``key`` is not found from ``dictionary``.</doc>
<status status="PASS" start="2024-06-05T18:19:13.589662" elapsed="0.000429"/>
</kw>
<kw name="Log" owner="BuiltIn">
<msg time="2024-06-05T18:19:13.590825" level="INFO">{'gender': 'male', 'name': {'title': 'Mr', 'first': 'Babür', 'last': 'Tunçeri'}, 'location': {'street': {'number': 4964, 'name': 'Mevlana Cd'}, 'city': 'Amasya', 'state': 'Şırnak', 'country': 'Turkey', 'postcode': 51541, 'coordinates': {'latitude': '65.3332', 'longitude': '-158.7874'}, 'timezone': {'offset': '-8:00', 'description': 'Pacific Time (US &amp; Canada)'}}, 'email': 'babur.tunceri@example.com', 'login': {'uuid': '1d27e0e7-2ce3-4de4-a8b1-148915f5075f', 'username': 'sadbutterfly181', 'password': 'lock', 'salt': 'kW6nZ3sy', 'md5': '3e1bab6a1248178a347dcca7772d2da5', 'sha1': '54f77886b22b2b1cdc552eb51f4fa99694199d17', 'sha256': '470e30c2727cca47265a46f00716770891335348804b19d8fe04705d86d80bb2'}, 'dob': {'date': '1959-01-30T01:04:46.713Z', 'age': 65}, 'registered': {'date': '2013-03-31T04:22:29.395Z', 'age': 11}, 'phone': '(139)-304-3984', 'cell': '(364)-749-1233', 'id': {'name': '', 'value': None}, 'picture': {'large': 'https://randomuser.me/api/portraits/men/62.jpg', 'medium': 'https://randomuser.me/api/portraits/med/men/62.jpg', 'thumbnail': 'https://randomuser.me/api/portraits/thumb/men/62.jpg'}, 'nat': 'TR'}</msg>
<arg>${json_data['results'][0]}</arg>
<doc>Logs the given message with the given level.</doc>
<status status="PASS" start="2024-06-05T18:19:13.590453" elapsed="0.000435"/>
</kw>
<kw name="Log" owner="BuiltIn">
<msg time="2024-06-05T18:19:13.591328" level="INFO">name</msg>
<arg>${key}</arg>
<doc>Logs the given message with the given level.</doc>
<status status="PASS" start="2024-06-05T18:19:13.591196" elapsed="0.000170"/>
</kw>
<var name="${key}">name</var>
<status status="PASS" start="2024-06-05T18:19:13.589544" elapsed="0.002042"/>
</iter>
<iter>
<kw name="Dictionary Should Contain Key" owner="Collections">
<msg time="2024-06-05T18:19:13.592268" level="INFO">False</msg>
<arg>${json_data['results'][0]}</arg>
<arg>${key}</arg>
<doc>Fails if ``key`` is not found from ``dictionary``.</doc>
<status status="PASS" start="2024-06-05T18:19:13.591878" elapsed="0.000427"/>
</kw>
<kw name="Log" owner="BuiltIn">
<msg time="2024-06-05T18:19:13.592966" level="INFO">{'gender': 'male', 'name': {'title': 'Mr', 'first': 'Babür', 'last': 'Tunçeri'}, 'location': {'street': {'number': 4964, 'name': 'Mevlana Cd'}, 'city': 'Amasya', 'state': 'Şırnak', 'country': 'Turkey', 'postcode': 51541, 'coordinates': {'latitude': '65.3332', 'longitude': '-158.7874'}, 'timezone': {'offset': '-8:00', 'description': 'Pacific Time (US &amp; Canada)'}}, 'email': 'babur.tunceri@example.com', 'login': {'uuid': '1d27e0e7-2ce3-4de4-a8b1-148915f5075f', 'username': 'sadbutterfly181', 'password': 'lock', 'salt': 'kW6nZ3sy', 'md5': '3e1bab6a1248178a347dcca7772d2da5', 'sha1': '54f77886b22b2b1cdc552eb51f4fa99694199d17', 'sha256': '470e30c2727cca47265a46f00716770891335348804b19d8fe04705d86d80bb2'}, 'dob': {'date': '1959-01-30T01:04:46.713Z', 'age': 65}, 'registered': {'date': '2013-03-31T04:22:29.395Z', 'age': 11}, 'phone': '(139)-304-3984', 'cell': '(364)-749-1233', 'id': {'name': '', 'value': None}, 'picture': {'large': 'https://randomuser.me/api/portraits/men/62.jpg', 'medium': 'https://randomuser.me/api/portraits/med/men/62.jpg', 'thumbnail': 'https://randomuser.me/api/portraits/thumb/men/62.jpg'}, 'nat': 'TR'}</msg>
<arg>${json_data['results'][0]}</arg>
<doc>Logs the given message with the given level.</doc>
<status status="PASS" start="2024-06-05T18:19:13.592605" elapsed="0.000414"/>
</kw>
<kw name="Log" owner="BuiltIn">
<msg time="2024-06-05T18:19:13.593461" level="INFO">location</msg>
<arg>${key}</arg>
<doc>Logs the given message with the given level.</doc>
<status status="PASS" start="2024-06-05T18:19:13.593331" elapsed="0.000168"/>
</kw>
<var name="${key}">location</var>
<status status="PASS" start="2024-06-05T18:19:13.591765" elapsed="0.001950"/>
</iter>
<iter>
<kw name="Dictionary Should Contain Key" owner="Collections">
<msg time="2024-06-05T18:19:13.594431" level="INFO">False</msg>
<arg>${json_data['results'][0]}</arg>
<arg>${key}</arg>
<doc>Fails if ``key`` is not found from ``dictionary``.</doc>
<status status="PASS" start="2024-06-05T18:19:13.594005" elapsed="0.000469"/>
</kw>
<kw name="Log" owner="BuiltIn">
<msg time="2024-06-05T18:19:13.595160" level="INFO">{'gender': 'male', 'name': {'title': 'Mr', 'first': 'Babür', 'last': 'Tunçeri'}, 'location': {'street': {'number': 4964, 'name': 'Mevlana Cd'}, 'city': 'Amasya', 'state': 'Şırnak', 'country': 'Turkey', 'postcode': 51541, 'coordinates': {'latitude': '65.3332', 'longitude': '-158.7874'}, 'timezone': {'offset': '-8:00', 'description': 'Pacific Time (US &amp; Canada)'}}, 'email': 'babur.tunceri@example.com', 'login': {'uuid': '1d27e0e7-2ce3-4de4-a8b1-148915f5075f', 'username': 'sadbutterfly181', 'password': 'lock', 'salt': 'kW6nZ3sy', 'md5': '3e1bab6a1248178a347dcca7772d2da5', 'sha1': '54f77886b22b2b1cdc552eb51f4fa99694199d17', 'sha256': '470e30c2727cca47265a46f00716770891335348804b19d8fe04705d86d80bb2'}, 'dob': {'date': '1959-01-30T01:04:46.713Z', 'age': 65}, 'registered': {'date': '2013-03-31T04:22:29.395Z', 'age': 11}, 'phone': '(139)-304-3984', 'cell': '(364)-749-1233', 'id': {'name': '', 'value': None}, 'picture': {'large': 'https://randomuser.me/api/portraits/men/62.jpg', 'medium': 'https://randomuser.me/api/portraits/med/men/62.jpg', 'thumbnail': 'https://randomuser.me/api/portraits/thumb/men/62.jpg'}, 'nat': 'TR'}</msg>
<arg>${json_data['results'][0]}</arg>
<doc>Logs the given message with the given level.</doc>
<status status="PASS" start="2024-06-05T18:19:13.594781" elapsed="0.000433"/>
</kw>
<kw name="Log" owner="BuiltIn">
<msg time="2024-06-05T18:19:13.595656" level="INFO">email</msg>
<arg>${key}</arg>
<doc>Logs the given message with the given level.</doc>
<status status="PASS" start="2024-06-05T18:19:13.595526" elapsed="0.000168"/>
</kw>
<var name="${key}">email</var>
<status status="PASS" start="2024-06-05T18:19:13.593888" elapsed="0.002024"/>
</iter>
<iter>
<kw name="Dictionary Should Contain Key" owner="Collections">
<msg time="2024-06-05T18:19:13.596587" level="INFO">False</msg>
<arg>${json_data['results'][0]}</arg>
<arg>${key}</arg>
<doc>Fails if ``key`` is not found from ``dictionary``.</doc>
<status status="PASS" start="2024-06-05T18:19:13.596197" elapsed="0.000428"/>
</kw>
<kw name="Log" owner="BuiltIn">
<msg time="2024-06-05T18:19:13.597296" level="INFO">{'gender': 'male', 'name': {'title': 'Mr', 'first': 'Babür', 'last': 'Tunçeri'}, 'location': {'street': {'number': 4964, 'name': 'Mevlana Cd'}, 'city': 'Amasya', 'state': 'Şırnak', 'country': 'Turkey', 'postcode': 51541, 'coordinates': {'latitude': '65.3332', 'longitude': '-158.7874'}, 'timezone': {'offset': '-8:00', 'description': 'Pacific Time (US &amp; Canada)'}}, 'email': 'babur.tunceri@example.com', 'login': {'uuid': '1d27e0e7-2ce3-4de4-a8b1-148915f5075f', 'username': 'sadbutterfly181', 'password': 'lock', 'salt': 'kW6nZ3sy', 'md5': '3e1bab6a1248178a347dcca7772d2da5', 'sha1': '54f77886b22b2b1cdc552eb51f4fa99694199d17', 'sha256': '470e30c2727cca47265a46f00716770891335348804b19d8fe04705d86d80bb2'}, 'dob': {'date': '1959-01-30T01:04:46.713Z', 'age': 65}, 'registered': {'date': '2013-03-31T04:22:29.395Z', 'age': 11}, 'phone': '(139)-304-3984', 'cell': '(364)-749-1233', 'id': {'name': '', 'value': None}, 'picture': {'large': 'https://randomuser.me/api/portraits/men/62.jpg', 'medium': 'https://randomuser.me/api/portraits/med/men/62.jpg', 'thumbnail': 'https://randomuser.me/api/portraits/thumb/men/62.jpg'}, 'nat': 'TR'}</msg>
<arg>${json_data['results'][0]}</arg>
<doc>Logs the given message with the given level.</doc>
<status status="PASS" start="2024-06-05T18:19:13.596923" elapsed="0.000426"/>
</kw>
<kw name="Log" owner="BuiltIn">
<msg time="2024-06-05T18:19:13.597776" level="INFO">login</msg>
<arg>${key}</arg>
<doc>Logs the given message with the given level.</doc>
<status status="PASS" start="2024-06-05T18:19:13.597648" elapsed="0.000166"/>
</kw>
<var name="${key}">login</var>
<status status="PASS" start="2024-06-05T18:19:13.596085" elapsed="0.001949"/>
</iter>
<var>${key}</var>
<value>@{expected_keys}</value>
<status status="PASS" start="2024-06-05T18:19:13.587126" elapsed="0.011089"/>
</for>
<kw name="Create List" owner="BuiltIn">
<msg time="2024-06-05T18:19:13.598575" level="INFO">${expected_keysTwo} = ['username', 'password']</msg>
<var>${expected_keysTwo}</var>
<arg>username</arg>
<arg>password</arg>
<doc>Returns a list containing given items.</doc>
<status status="PASS" start="2024-06-05T18:19:13.598428" elapsed="0.000171"/>
</kw>
<for flavor="IN">
<iter>
<kw name="Dictionary Should Contain Key" owner="Collections">
<msg time="2024-06-05T18:19:13.599483" level="INFO">False</msg>
<arg>${json_data['results'][0]['login']}</arg>
<arg>${keyTwo}</arg>
<doc>Fails if ``key`` is not found from ``dictionary``.</doc>
<status status="PASS" start="2024-06-05T18:19:13.599102" elapsed="0.000418"/>
</kw>
<kw name="Dictionary Should Contain Key" owner="Collections">
<msg time="2024-06-05T18:19:13.600211" level="INFO">False</msg>
<arg>${json_data['results'][0]['login']}</arg>
<arg>${keyTwo}</arg>
<doc>Fails if ``key`` is not found from ``dictionary``.</doc>
<status status="PASS" start="2024-06-05T18:19:13.599821" elapsed="0.000429"/>
</kw>
<kw name="Log" owner="BuiltIn">
<msg time="2024-06-05T18:19:13.600679" level="INFO">username</msg>
<arg>${keyTwo}</arg>
<doc>Logs the given message with the given level.</doc>
<status status="PASS" start="2024-06-05T18:19:13.600550" elapsed="0.000166"/>
</kw>
<var name="${keyTwo}">username</var>
<status status="PASS" start="2024-06-05T18:19:13.598992" elapsed="0.001943"/>
</iter>
<iter>
<kw name="Dictionary Should Contain Key" owner="Collections">
<msg time="2024-06-05T18:19:13.601601" level="INFO">False</msg>
<arg>${json_data['results'][0]['login']}</arg>
<arg>${keyTwo}</arg>
<doc>Fails if ``key`` is not found from ``dictionary``.</doc>
<status status="PASS" start="2024-06-05T18:19:13.601226" elapsed="0.000411"/>
</kw>
<kw name="Dictionary Should Contain Key" owner="Collections">
<msg time="2024-06-05T18:19:13.602430" level="INFO">False</msg>
<arg>${json_data['results'][0]['login']}</arg>
<arg>${keyTwo}</arg>
<doc>Fails if ``key`` is not found from ``dictionary``.</doc>
<status status="PASS" start="2024-06-05T18:19:13.601937" elapsed="0.000532"/>
</kw>
<kw name="Log" owner="BuiltIn">
<msg time="2024-06-05T18:19:13.602908" level="INFO">password</msg>
<arg>${keyTwo}</arg>
<doc>Logs the given message with the given level.</doc>
<status status="PASS" start="2024-06-05T18:19:13.602776" elapsed="0.000170"/>
</kw>
<var name="${keyTwo}">password</var>
<status status="PASS" start="2024-06-05T18:19:13.601110" elapsed="0.002056"/>
</iter>
<var>${keyTwo}</var>
<value>@{expected_keysTwo}</value>
<status status="PASS" start="2024-06-05T18:19:13.598840" elapsed="0.004449"/>
</for>
<status status="PASS" start="2024-06-05T18:19:13.489438" elapsed="0.113996"/>
</kw>
<doc>Testa a estrutura da resposta da API.</doc>
<tag>testeEstruturaResposta</tag>
<status status="PASS" start="2024-06-05T18:19:13.488925" elapsed="0.114668"/>
</test>
<test id="s1-s1-t4" name="Validar tipos de dados" line="28">
<kw name="Teste de Tipos de Dados" owner="random-user-service">
<kw name="GET On Session" owner="RequestsLibrary">
<msg time="2024-06-05T18:19:13.691509" level="INFO">GET Request : url=https://randomuser.me/api 
 path_url=/api 
 headers={'User-Agent': 'python-requests/2.32.3', 'Accept-Encoding': 'gzip, deflate', 'Accept': '*/*', 'Connection': 'keep-alive'} 
 body=None 
 </msg>
<msg time="2024-06-05T18:19:13.691608" level="INFO">GET Response : url=https://randomuser.me/api 
 status=200, reason=OK 
 headers={'Date': 'Wed, 05 Jun 2024 18:19:13 GMT', 'Content-Type': 'application/json; charset=utf-8', 'Transfer-Encoding': 'chunked', 'Connection': 'keep-alive', 'X-Powered-By': 'Express', 'Access-Control-Allow-Origin': '*', 'Cache-Control': 'no-cache', 'ETag': 'W/"495-kwEYtoGtYTEWWnJI75sPsM6NKZk"', 'Vary': 'Accept-Encoding', 'Content-Encoding': 'gzip', 'CF-Cache-Status': 'DYNAMIC', 'Report-To': '{"endpoints":[{"url":"https:\\/\\/a.nel.cloudflare.com\\/report\\/v4?s=Kt4yEDCYlFZLJes%2FisysiR0RBxC%2BiRQPYEr649B%2B3yUZK0wjc9mSNUX0jtT7vGF119X86qRKYUOpLVEcENB15XX8e%2BdfzpHj5Y6nTzwelc8z5w8AoSJM9Jg1OW7TXBUj"}],"group":"cf-nel","max_age":604800}', 'NEL': '{"success_fraction":0,"report_to":"cf-nel","max_age":604800}', 'Server': 'cloudflare', 'CF-RAY': '88f22b720f81155d-SJC', 'alt-svc': 'h3=":443"; ma=86400'} 
 body={"results":[{"gender":"female","name":{"title":"Miss","first":"Melika","last":"Bolhuis"},"location":{"street":{"number":2855,"name":"Fregatstraat"},"city":"Keutenberg","state":"Noord-Brabant","country":"Netherlands","postcode":"1132 HP","coordinates":{"latitude":"30.7037","longitude":"154.6679"},"timezone":{"offset":"+7:00","description":"Bangkok, Hanoi, Jakarta"}},"email":"melika.bolhuis@example.com","login":{"uuid":"a13d4868-0ea6-44bb-bc70-0082187b1a61","username":"angrybird125","password":"ibanez","salt":"3PyqSSnX","md5":"077d716c53c3693174a473522265c3aa","sha1":"20772aa5143d9057f1b5edd6d7023530bf8011ff","sha256":"4b09ae2d5356f0bfb503795c24cb2ce17e02208c7adf3031034fe9a8af40245a"},"dob":{"date":"1973-10-04T13:40:56.171Z","age":50},"registered":{"date":"2005-05-02T17:05:54.480Z","age":19},"phone":"(0013) 550432","cell":"(06) 43398021","id":{"name":"BSN","value":"31018185"},"picture":{"large":"https://randomuser.me/api/portraits/women/6.jpg","medium":"https://randomuser.me/api/portraits/med/women/6.jpg","thumbnail":"https://randomuser.me/api/portraits/thumb/women/6.jpg"},"nat":"NL"}],"info":{"seed":"7875f3f354ad7f79","results":1,"page":1,"version":"1.4"}} 
 </msg>
<msg time="2024-06-05T18:19:13.691680" level="INFO">/opt/hostedtoolcache/Python/3.12.3/x64/lib/python3.12/site-packages/urllib3/connectionpool.py:1103: InsecureRequestWarning: Unverified HTTPS request is being made to host 'randomuser.me'. Adding certificate verification is strongly advised. See: https://urllib3.readthedocs.io/en/latest/advanced-usage.html#tls-warnings
  warnings.warn(</msg>
<msg time="2024-06-05T18:19:13.691798" level="INFO">${response} = &lt;Response [200]&gt;</msg>
<var>${response}</var>
<arg>consultarAPI</arg>
<arg>/api</arg>
<doc>Sends a GET request on a previously created HTTP Session.</doc>
<status status="PASS" start="2024-06-05T18:19:13.606075" elapsed="0.085754"/>
</kw>
<kw name="Set Variable" owner="BuiltIn">
<msg time="2024-06-05T18:19:13.692907" level="INFO">${json_data} = {'results': [{'gender': 'female', 'name': {'title': 'Miss', 'first': 'Melika', 'last': 'Bolhuis'}, 'location': {'street': {'number': 2855, 'name': 'Fregatstraat'}, 'city': 'Keutenberg', 'state': 'Noor...</msg>
<var>${json_data}</var>
<arg>${response.json()}</arg>
<doc>Returns the given values which can then be assigned to a variables.</doc>
<status status="PASS" start="2024-06-05T18:19:13.692379" elapsed="0.000557"/>
</kw>
<kw name="Log" owner="BuiltIn">
<msg time="2024-06-05T18:19:13.693422" level="INFO">{'results': [{'gender': 'female', 'name': {'title': 'Miss', 'first': 'Melika', 'last': 'Bolhuis'}, 'location': {'street': {'number': 2855, 'name': 'Fregatstraat'}, 'city': 'Keutenberg', 'state': 'Noord-Brabant', 'country': 'Netherlands', 'postcode': '1132 HP', 'coordinates': {'latitude': '30.7037', 'longitude': '154.6679'}, 'timezone': {'offset': '+7:00', 'description': 'Bangkok, Hanoi, Jakarta'}}, 'email': 'melika.bolhuis@example.com', 'login': {'uuid': 'a13d4868-0ea6-44bb-bc70-0082187b1a61', 'username': 'angrybird125', 'password': 'ibanez', 'salt': '3PyqSSnX', 'md5': '077d716c53c3693174a473522265c3aa', 'sha1': '20772aa5143d9057f1b5edd6d7023530bf8011ff', 'sha256': '4b09ae2d5356f0bfb503795c24cb2ce17e02208c7adf3031034fe9a8af40245a'}, 'dob': {'date': '1973-10-04T13:40:56.171Z', 'age': 50}, 'registered': {'date': '2005-05-02T17:05:54.480Z', 'age': 19}, 'phone': '(0013) 550432', 'cell': '(06) 43398021', 'id': {'name': 'BSN', 'value': '31018185'}, 'picture': {'large': 'https://randomuser.me/api/portraits/women/6.jpg', 'medium': 'https://randomuser.me/api/portraits/med/women/6.jpg', 'thumbnail': 'https://randomuser.me/api/portraits/thumb/women/6.jpg'}, 'nat': 'NL'}], 'info': {'seed': '7875f3f354ad7f79', 'results': 1, 'page': 1, 'version': '1.4'}}</msg>
<arg>${json_data}</arg>
<doc>Logs the given message with the given level.</doc>
<status status="PASS" start="2024-06-05T18:19:13.693260" elapsed="0.000247"/>
</kw>
<kw name="Should Be String" owner="String">
<arg>${json_data['results'][0]['gender']}</arg>
<doc>Fails if the given ``item`` is not a string.</doc>
<status status="PASS" start="2024-06-05T18:19:13.693819" elapsed="0.000396"/>
</kw>
<kw name="Should Match Regexp" owner="BuiltIn">
<arg>${json_data['results'][0]['email']}</arg>
<arg>^[a-zA-Z0-9._%+-]+@[a-zA-Z0-9.-]+\.[a-zA-Z]{2,}$</arg>
<doc>Fails if ``string`` does not match ``pattern`` as a regular expression.</doc>
<status status="PASS" start="2024-06-05T18:19:13.694418" elapsed="0.000562"/>
</kw>
<kw name="Should Match Regexp" owner="BuiltIn">
<arg>${json_data['results'][0]['dob']['date']}</arg>
<arg>\\d{4}-\\d{2}-\\d{2}T\\d{2}:\\d{2}:\\d{2}\\.\\d{3}Z</arg>
<doc>Fails if ``string`` does not match ``pattern`` as a regular expression.</doc>
<status status="PASS" start="2024-06-05T18:19:13.695207" elapsed="0.000495"/>
</kw>
<kw name="Should Match Regexp" owner="BuiltIn">
<arg>${json_data['results'][0]['registered']['date']}</arg>
<arg>\\d{4}-\\d{2}-\\d{2}T\\d{2}:\\d{2}:\\d{2}\\.\\d{3}Z</arg>
<doc>Fails if ``string`` does not match ``pattern`` as a regular expression.</doc>
<status status="PASS" start="2024-06-05T18:19:13.695903" elapsed="0.000372"/>
</kw>
<kw name="Should Match Regexp" owner="BuiltIn">
<arg>${json_data['results'][0]['picture']['large']}</arg>
<arg>^https?://.*\.(?:png|jpe?g|gif|bmp)$</arg>
<doc>Fails if ``string`` does not match ``pattern`` as a regular expression.</doc>
<status status="PASS" start="2024-06-05T18:19:13.696469" elapsed="0.000468"/>
</kw>
<kw name="Should Match Regexp" owner="BuiltIn">
<arg>${json_data['results'][0]['picture']['medium']}</arg>
<arg>^https?://.*\.(?:png|jpe?g|gif|bmp)$</arg>
<doc>Fails if ``string`` does not match ``pattern`` as a regular expression.</doc>
<status status="PASS" start="2024-06-05T18:19:13.697133" elapsed="0.000357"/>
</kw>
<kw name="Should Match Regexp" owner="BuiltIn">
<arg>${json_data['results'][0]['picture']['thumbnail']}</arg>
<arg>^https?://.*\.(?:png|jpe?g|gif|bmp)$</arg>
<doc>Fails if ``string`` does not match ``pattern`` as a regular expression.</doc>
<status status="PASS" start="2024-06-05T18:19:13.697682" elapsed="0.000356"/>
</kw>
<kw name="Log" owner="BuiltIn">
<msg time="2024-06-05T18:19:13.698603" level="INFO">{'large': 'https://randomuser.me/api/portraits/women/6.jpg', 'medium': 'https://randomuser.me/api/portraits/med/women/6.jpg', 'thumbnail': 'https://randomuser.me/api/portraits/thumb/women/6.jpg'}</msg>
<arg>${json_data['results'][0]['picture']}</arg>
<doc>Logs the given message with the given level.</doc>
<status status="PASS" start="2024-06-05T18:19:13.698270" elapsed="0.000375"/>
</kw>
<status status="PASS" start="2024-06-05T18:19:13.605839" elapsed="0.093079"/>
</kw>
<kw name="Teste de Tipos de Dados - Postcode" owner="random-user-service">
<kw name="GET On Session" owner="RequestsLibrary">
<msg time="2024-06-05T18:19:13.810793" level="INFO">GET Request : url=https://randomuser.me/api 
 path_url=/api 
 headers={'User-Agent': 'python-requests/2.32.3', 'Accept-Encoding': 'gzip, deflate', 'Accept': '*/*', 'Connection': 'keep-alive'} 
 body=None 
 </msg>
<msg time="2024-06-05T18:19:13.810887" level="INFO">GET Response : url=https://randomuser.me/api 
 status=200, reason=OK 
 headers={'Date': 'Wed, 05 Jun 2024 18:19:13 GMT', 'Content-Type': 'application/json; charset=utf-8', 'Transfer-Encoding': 'chunked', 'Connection': 'keep-alive', 'X-Powered-By': 'Express', 'Access-Control-Allow-Origin': '*', 'Cache-Control': 'no-cache', 'ETag': 'W/"49f-o6+3XcfDNFtQYUU8H75d4332eWY"', 'Vary': 'Accept-Encoding', 'Content-Encoding': 'gzip', 'CF-Cache-Status': 'DYNAMIC', 'Report-To': '{"endpoints":[{"url":"https:\\/\\/a.nel.cloudflare.com\\/report\\/v4?s=TVJsZm%2Bep3j0uMqEkvO%2BDMzZRsPr9P3w1AxEQsz5kbZRSxKhgiuw1oV%2BtmCk52gTpdmiYX40rwJX5Ul8Pv6ZimN5HDzUpYRXTq8TinJQs91dMOIgdiYFknGC125Y%2B893"}],"group":"cf-nel","max_age":604800}', 'NEL': '{"success_fraction":0,"report_to":"cf-nel","max_age":604800}', 'Server': 'cloudflare', 'CF-RAY': '88f22b72afd8155d-SJC', 'alt-svc': 'h3=":443"; ma=86400'} 
 body={"results":[{"gender":"female","name":{"title":"Miss","first":"Belén","last":"Molina"},"location":{"street":{"number":4326,"name":"Calle de Ángel García"},"city":"Elche","state":"Cataluña","country":"Spain","postcode":25855,"coordinates":{"latitude":"-34.1396","longitude":"123.3750"},"timezone":{"offset":"0:00","description":"Western Europe Time, London, Lisbon, Casablanca"}},"email":"belen.molina@example.com","login":{"uuid":"29276b46-2db3-4976-a801-0ca28cbe317a","username":"bigbear794","password":"1991","salt":"1SmJDyQI","md5":"aa4a8cae73364cca978b22e6851169a0","sha1":"b2938389b7db0c89ad620427129c9bfbea3fb546","sha256":"b45761e82a83d5588405d0513f0b677176ae4650ebc1e5518d9b2f2aa83e09b4"},"dob":{"date":"1983-08-28T18:01:19.571Z","age":40},"registered":{"date":"2005-11-19T18:21:04.448Z","age":18},"phone":"977-920-464","cell":"637-551-761","id":{"name":"DNI","value":"52342453-W"},"picture":{"large":"https://randomuser.me/api/portraits/women/50.jpg","medium":"https://randomuser.me/api/portraits/med/women/50.jpg","thumbnail":"https://randomuser.me/api/portraits/thumb/women/50.jpg"},"nat":"ES"}],"info":{"seed":"cb92005f991ae1d8","results":1,"page":1,"version":"1.4"}} 
 </msg>
<msg time="2024-06-05T18:19:13.810955" level="INFO">/opt/hostedtoolcache/Python/3.12.3/x64/lib/python3.12/site-packages/urllib3/connectionpool.py:1103: InsecureRequestWarning: Unverified HTTPS request is being made to host 'randomuser.me'. Adding certificate verification is strongly advised. See: https://urllib3.readthedocs.io/en/latest/advanced-usage.html#tls-warnings
  warnings.warn(</msg>
<msg time="2024-06-05T18:19:13.811073" level="INFO">${response} = &lt;Response [200]&gt;</msg>
<var>${response}</var>
<arg>consultarAPI</arg>
<arg>/api</arg>
<doc>Sends a GET request on a previously created HTTP Session.</doc>
<status status="PASS" start="2024-06-05T18:19:13.699392" elapsed="0.111721"/>
</kw>
<kw name="Set Variable" owner="BuiltIn">
<msg time="2024-06-05T18:19:13.812143" level="INFO">${json_data} = {'results': [{'gender': 'female', 'name': {'title': 'Miss', 'first': 'Belén', 'last': 'Molina'}, 'location': {'street': {'number': 4326, 'name': 'Calle de Ángel García'}, 'city': 'Elche', 'state': 'Ca...</msg>
<var>${json_data}</var>
<arg>${response.json()}</arg>
<doc>Returns the given values which can then be assigned to a variables.</doc>
<status status="PASS" start="2024-06-05T18:19:13.811610" elapsed="0.000566"/>
</kw>
<kw name="Log" owner="BuiltIn">
<msg time="2024-06-05T18:19:13.812655" level="INFO">{'results': [{'gender': 'female', 'name': {'title': 'Miss', 'first': 'Belén', 'last': 'Molina'}, 'location': {'street': {'number': 4326, 'name': 'Calle de Ángel García'}, 'city': 'Elche', 'state': 'Cataluña', 'country': 'Spain', 'postcode': 25855, 'coordinates': {'latitude': '-34.1396', 'longitude': '123.3750'}, 'timezone': {'offset': '0:00', 'description': 'Western Europe Time, London, Lisbon, Casablanca'}}, 'email': 'belen.molina@example.com', 'login': {'uuid': '29276b46-2db3-4976-a801-0ca28cbe317a', 'username': 'bigbear794', 'password': '1991', 'salt': '1SmJDyQI', 'md5': 'aa4a8cae73364cca978b22e6851169a0', 'sha1': 'b2938389b7db0c89ad620427129c9bfbea3fb546', 'sha256': 'b45761e82a83d5588405d0513f0b677176ae4650ebc1e5518d9b2f2aa83e09b4'}, 'dob': {'date': '1983-08-28T18:01:19.571Z', 'age': 40}, 'registered': {'date': '2005-11-19T18:21:04.448Z', 'age': 18}, 'phone': '977-920-464', 'cell': '637-551-761', 'id': {'name': 'DNI', 'value': '52342453-W'}, 'picture': {'large': 'https://randomuser.me/api/portraits/women/50.jpg', 'medium': 'https://randomuser.me/api/portraits/med/women/50.jpg', 'thumbnail': 'https://randomuser.me/api/portraits/thumb/women/50.jpg'}, 'nat': 'ES'}], 'info': {'seed': 'cb92005f991ae1d8', 'results': 1, 'page': 1, 'version': '1.4'}}</msg>
<arg>${json_data}</arg>
<doc>Logs the given message with the given level.</doc>
<status status="PASS" start="2024-06-05T18:19:13.812493" elapsed="0.000248"/>
</kw>
<kw name="Should Be Equal As Numbers" owner="BuiltIn">
<arg>${json_data['results'][0]['location']['postcode']}</arg>
<arg>${json_data['results'][0]['location']['postcode']}</arg>
<doc>Fails if objects are unequal after converting them to real numbers.</doc>
<status status="PASS" start="2024-06-05T18:19:13.813055" elapsed="0.000797"/>
</kw>
<kw name="Log" owner="BuiltIn">
<msg time="2024-06-05T18:19:13.814440" level="INFO">25855</msg>
<arg>${json_data['results'][0]['location']['postcode']}</arg>
<doc>Logs the given message with the given level.</doc>
<status status="PASS" start="2024-06-05T18:19:13.814052" elapsed="0.000429"/>
</kw>
<status status="PASS" start="2024-06-05T18:19:13.699157" elapsed="0.115585"/>
</kw>
<doc>Testa se os tipos de dados na resposta da API estão corretos.</doc>
<tag>testeTiposDados</tag>
<status status="PASS" start="2024-06-05T18:19:13.605373" elapsed="0.209542"/>
</test>
<test id="s1-s1-t5" name="Validar conteudo" line="35">
<kw name="Teste de Tipos de Conteudo" owner="random-user-service">
<kw name="GET On Session" owner="RequestsLibrary">
<msg time="2024-06-05T18:19:13.914442" level="INFO">GET Request : url=https://randomuser.me/api 
 path_url=/api 
 headers={'User-Agent': 'python-requests/2.32.3', 'Accept-Encoding': 'gzip, deflate', 'Accept': '*/*', 'Connection': 'keep-alive'} 
 body=None 
 </msg>
<msg time="2024-06-05T18:19:13.914537" level="INFO">GET Response : url=https://randomuser.me/api 
 status=200, reason=OK 
 headers={'Date': 'Wed, 05 Jun 2024 18:19:13 GMT', 'Content-Type': 'application/json; charset=utf-8', 'Transfer-Encoding': 'chunked', 'Connection': 'keep-alive', 'X-Powered-By': 'Express', 'Access-Control-Allow-Origin': '*', 'Cache-Control': 'no-cache', 'ETag': 'W/"468-e4J9dmr+dVbxM2s5wUycC3EH2eM"', 'Vary': 'Accept-Encoding', 'Content-Encoding': 'gzip', 'CF-Cache-Status': 'DYNAMIC', 'Report-To': '{"endpoints":[{"url":"https:\\/\\/a.nel.cloudflare.com\\/report\\/v4?s=UmkXSfaMWoTEyV9%2FmOmvr%2FwAk7mHeuWlcQ6s%2BwCzoBF5kAZgk7hyWZaCPyh7nYiLoFu%2FBDRPFGaP40FmsE3X%2FtNEtva4AVh7BekltKej9COkBI%2BQFRUff6mC0D8YLAXT"}],"group":"cf-nel","max_age":604800}', 'NEL': '{"success_fraction":0,"report_to":"cf-nel","max_age":604800}', 'Server': 'cloudflare', 'CF-RAY': '88f22b735867155d-SJC', 'alt-svc': 'h3=":443"; ma=86400'} 
 body={"results":[{"gender":"male","name":{"title":"Mr","first":"Younes","last":"Vabø"},"location":{"street":{"number":3656,"name":"Aagots vei"},"city":"Helgelandsmoen","state":"Rogaland","country":"Norway","postcode":"3181","coordinates":{"latitude":"42.8694","longitude":"-104.7822"},"timezone":{"offset":"+4:30","description":"Kabul"}},"email":"younes.vabo@example.com","login":{"uuid":"fea5f4a6-2566-4d1b-85c9-938842c5baea","username":"silverlion655","password":"farscape","salt":"ivAzYgSH","md5":"e8c623eb0d724fee3d5d6db42fc3cd72","sha1":"b3c21d8e637209edcea4ab6d857f9219568d5055","sha256":"034fb931069f1c2df0ff9a08ac49502668f44b740f423904617685eebe4d7ee8"},"dob":{"date":"1957-08-25T07:56:17.160Z","age":66},"registered":{"date":"2012-08-07T06:31:02.690Z","age":11},"phone":"31737696","cell":"95004597","id":{"name":"FN","value":"25085732539"},"picture":{"large":"https://randomuser.me/api/portraits/men/55.jpg","medium":"https://randomuser.me/api/portraits/med/men/55.jpg","thumbnail":"https://randomuser.me/api/portraits/thumb/men/55.jpg"},"nat":"NO"}],"info":{"seed":"d23488b3f3f565f0","results":1,"page":1,"version":"1.4"}} 
 </msg>
<msg time="2024-06-05T18:19:13.914609" level="INFO">/opt/hostedtoolcache/Python/3.12.3/x64/lib/python3.12/site-packages/urllib3/connectionpool.py:1103: InsecureRequestWarning: Unverified HTTPS request is being made to host 'randomuser.me'. Adding certificate verification is strongly advised. See: https://urllib3.readthedocs.io/en/latest/advanced-usage.html#tls-warnings
  warnings.warn(</msg>
<msg time="2024-06-05T18:19:13.914731" level="INFO">${response} = &lt;Response [200]&gt;</msg>
<var>${response}</var>
<arg>consultarAPI</arg>
<arg>/api</arg>
<doc>Sends a GET request on a previously created HTTP Session.</doc>
<status status="PASS" start="2024-06-05T18:19:13.817766" elapsed="0.097006"/>
</kw>
<kw name="Set Variable" owner="BuiltIn">
<msg time="2024-06-05T18:19:13.915999" level="INFO">${json_data} = {'results': [{'gender': 'male', 'name': {'title': 'Mr', 'first': 'Younes', 'last': 'Vabø'}, 'location': {'street': {'number': 3656, 'name': 'Aagots vei'}, 'city': 'Helgelandsmoen', 'state': 'Rogaland'...</msg>
<var>${json_data}</var>
<arg>${response.json()}</arg>
<doc>Returns the given values which can then be assigned to a variables.</doc>
<status status="PASS" start="2024-06-05T18:19:13.915411" elapsed="0.000618"/>
</kw>
<kw name="Set Variable" owner="BuiltIn">
<msg time="2024-06-05T18:19:13.916744" level="INFO">${name_title} = Mr</msg>
<var>${name_title}</var>
<arg>${json_data["results"][0]["name"]["title"]}</arg>
<doc>Returns the given values which can then be assigned to a variables.</doc>
<status status="PASS" start="2024-06-05T18:19:13.916349" elapsed="0.000420"/>
</kw>
<kw name="Create List" owner="BuiltIn">
<msg time="2024-06-05T18:19:13.917228" level="INFO">${allowed_titles} = ['Mr', 'Ms', 'Miss', 'Mrs', 'Madame', 'Monsieur']</msg>
<var>${allowed_titles}</var>
<arg>Mr</arg>
<arg>Ms</arg>
<arg>Miss</arg>
<arg>Mrs</arg>
<arg>Madame</arg>
<arg>Monsieur</arg>
<doc>Returns a list containing given items.</doc>
<status status="PASS" start="2024-06-05T18:19:13.917076" elapsed="0.000176"/>
</kw>
<kw name="List Should Contain Value" owner="Collections">
<msg time="2024-06-05T18:19:13.917750" level="INFO">False</msg>
<arg>${allowed_titles}</arg>
<arg>${name_title}</arg>
<doc>Fails if the ``value`` is not found from ``list``.</doc>
<status status="PASS" start="2024-06-05T18:19:13.917566" elapsed="0.000220"/>
</kw>
<kw name="Set Variable" owner="BuiltIn">
<msg time="2024-06-05T18:19:13.918494" level="INFO">${name_country} = NO</msg>
<var>${name_country}</var>
<arg>${json_data["results"][0]["nat"]}</arg>
<doc>Returns the given values which can then be assigned to a variables.</doc>
<status status="PASS" start="2024-06-05T18:19:13.918080" elapsed="0.000439"/>
</kw>
<kw name="Create List" owner="BuiltIn">
<msg time="2024-06-05T18:19:13.919423" level="INFO">${list_country} = ['AD', 'AE', 'AF', 'AG', 'AI', 'AL', 'AM', 'AO', 'AQ', 'AR', 'AS', 'AT', 'AU', 'AW', 'AX', 'AZ', 'BA', 'BB', 'BD', 'BE', 'BF', 'BG', 'BH', 'BI', 'BJ', 'BL', 'BM', 'BN', 'BO', 'BQ', 'BR', 'BS', 'BT', '...</msg>
<var>${list_country}</var>
<arg>AD</arg>
<arg>AE</arg>
<arg>AF</arg>
<arg>AG</arg>
<arg>AI</arg>
<arg>AL</arg>
<arg>AM</arg>
<arg>AO</arg>
<arg>AQ</arg>
<arg>AR</arg>
<arg>AS</arg>
<arg>AT</arg>
<arg>AU</arg>
<arg>AW</arg>
<arg>AX</arg>
<arg>AZ</arg>
<arg>BA</arg>
<arg>BB</arg>
<arg>BD</arg>
<arg>BE</arg>
<arg>BF</arg>
<arg>BG</arg>
<arg>BH</arg>
<arg>BI</arg>
<arg>BJ</arg>
<arg>BL</arg>
<arg>BM</arg>
<arg>BN</arg>
<arg>BO</arg>
<arg>BQ</arg>
<arg>BR</arg>
<arg>BS</arg>
<arg>BT</arg>
<arg>BV</arg>
<arg>BW</arg>
<arg>BY</arg>
<arg>BZ</arg>
<arg>CA</arg>
<arg>CC</arg>
<arg>CD</arg>
<arg>CF</arg>
<arg>CG</arg>
<arg>CH</arg>
<arg>CI</arg>
<arg>CK</arg>
<arg>CL</arg>
<arg>CM</arg>
<arg>CN</arg>
<arg>CO</arg>
<arg>CR</arg>
<arg>CU</arg>
<arg>CV</arg>
<arg>CW</arg>
<arg>CX</arg>
<arg>CY</arg>
<arg>CZ</arg>
<arg>DE</arg>
<arg>DJ</arg>
<arg>DK</arg>
<arg>DM</arg>
<arg>DO</arg>
<arg>DZ</arg>
<arg>EC</arg>
<arg>EE</arg>
<arg>EG</arg>
<arg>EH</arg>
<arg>ER</arg>
<arg>ES</arg>
<arg>ET</arg>
<arg>FI</arg>
<arg>FJ</arg>
<arg>FK</arg>
<arg>FM</arg>
<arg>FO</arg>
<arg>FR</arg>
<arg>GA</arg>
<arg>GB</arg>
<arg>GD</arg>
<arg>GE</arg>
<arg>GF</arg>
<arg>GG</arg>
<arg>GH</arg>
<arg>GI</arg>
<arg>GL</arg>
<arg>GM</arg>
<arg>GN</arg>
<arg>GP</arg>
<arg>GQ</arg>
<arg>GR</arg>
<arg>GS</arg>
<arg>GT</arg>
<arg>GU</arg>
<arg>GW</arg>
<arg>GY</arg>
<arg>HK</arg>
<arg>HM</arg>
<arg>HN</arg>
<arg>HR</arg>
<arg>HT</arg>
<arg>HU</arg>
<arg>ID</arg>
<arg>IE</arg>
<arg>IL</arg>
<arg>IM</arg>
<arg>IN</arg>
<arg>IO</arg>
<arg>IQ</arg>
<arg>IR</arg>
<arg>IS</arg>
<arg>IT</arg>
<arg>JE</arg>
<arg>JM</arg>
<arg>JO</arg>
<arg>JP</arg>
<arg>KE</arg>
<arg>KG</arg>
<arg>KH</arg>
<arg>KI</arg>
<arg>KM</arg>
<arg>KN</arg>
<arg>KP</arg>
<arg>KR</arg>
<arg>KW</arg>
<arg>KY</arg>
<arg>KZ</arg>
<arg>LA</arg>
<arg>LB</arg>
<arg>LC</arg>
<arg>LI</arg>
<arg>LK</arg>
<arg>LR</arg>
<arg>LS</arg>
<arg>LT</arg>
<arg>LU</arg>
<arg>LV</arg>
<arg>LY</arg>
<arg>MA</arg>
<arg>MC</arg>
<arg>MD</arg>
<arg>ME</arg>
<arg>MF</arg>
<arg>MG</arg>
<arg>MH</arg>
<arg>MK</arg>
<arg>ML</arg>
<arg>MM</arg>
<arg>MN</arg>
<arg>MO</arg>
<arg>MP</arg>
<arg>MQ</arg>
<arg>MR</arg>
<arg>MS</arg>
<arg>MT</arg>
<arg>MU</arg>
<arg>MV</arg>
<arg>MW</arg>
<arg>MX</arg>
<arg>MY</arg>
<arg>MZ</arg>
<arg>NA</arg>
<arg>NC</arg>
<arg>NE</arg>
<arg>NF</arg>
<arg>NG</arg>
<arg>NI</arg>
<arg>NL</arg>
<arg>NO</arg>
<arg>NP</arg>
<arg>NR</arg>
<arg>NU</arg>
<arg>NZ</arg>
<arg>OM</arg>
<arg>PA</arg>
<arg>PE</arg>
<arg>PF</arg>
<arg>PG</arg>
<arg>PH</arg>
<arg>PK</arg>
<arg>PL</arg>
<arg>PM</arg>
<arg>PN</arg>
<arg>PR</arg>
<arg>PS</arg>
<arg>PT</arg>
<arg>PW</arg>
<arg>PY</arg>
<arg>QA</arg>
<arg>RE</arg>
<arg>RO</arg>
<arg>RS</arg>
<arg>RU</arg>
<arg>RW</arg>
<arg>SA</arg>
<arg>SB</arg>
<arg>SC</arg>
<arg>SD</arg>
<arg>SE</arg>
<arg>SG</arg>
<arg>SH</arg>
<arg>SI</arg>
<arg>SJ</arg>
<arg>SK</arg>
<arg>SL</arg>
<arg>SM</arg>
<arg>SN</arg>
<arg>SO</arg>
<arg>SR</arg>
<arg>SS</arg>
<arg>ST</arg>
<arg>SV</arg>
<arg>SX</arg>
<arg>SY</arg>
<arg>SZ</arg>
<arg>TC</arg>
<arg>TD</arg>
<arg>TF</arg>
<arg>TG</arg>
<arg>TH</arg>
<arg>TJ</arg>
<arg>TK</arg>
<arg>TL</arg>
<arg>TM</arg>
<arg>TN</arg>
<arg>TO</arg>
<arg>TR</arg>
<arg>TT</arg>
<arg>TV</arg>
<arg>TW</arg>
<arg>TZ</arg>
<arg>UA</arg>
<arg>UG</arg>
<arg>UM</arg>
<arg>US</arg>
<arg>UY</arg>
<arg>UZ</arg>
<arg>VA</arg>
<arg>VC</arg>
<arg>VE</arg>
<arg>VG</arg>
<arg>VI</arg>
<arg>VN</arg>
<arg>VU</arg>
<arg>WF</arg>
<arg>WS</arg>
<arg>XK</arg>
<arg>YE</arg>
<arg>YT</arg>
<arg>ZA</arg>
<arg>ZM</arg>
<arg>ZW</arg>
<doc>Returns a list containing given items.</doc>
<status status="PASS" start="2024-06-05T18:19:13.918830" elapsed="0.000619"/>
</kw>
<kw name="List Should Contain Value" owner="Collections">
<msg time="2024-06-05T18:19:13.920463" level="INFO">False</msg>
<arg>${list_country}</arg>
<arg>${name_country}</arg>
<doc>Fails if the ``value`` is not found from ``list``.</doc>
<status status="PASS" start="2024-06-05T18:19:13.920241" elapsed="0.000260"/>
</kw>
<kw name="Run Keyword If" owner="BuiltIn">
<kw name="Should Be True" owner="BuiltIn">
<arg>${True}</arg>
<doc>Fails if the given condition is not true.</doc>
<status status="PASS" start="2024-06-05T18:19:13.921565" elapsed="0.000148"/>
</kw>
<arg>${json_data["results"][0]["location"]["coordinates"]["latitude"]} &gt;= -90 and ${json_data["results"][0]["location"]["coordinates"]["latitude"]} &lt;= 90</arg>
<arg>Should Be True</arg>
<arg>${True}</arg>
<doc>Runs the given keyword with the given arguments, if ``condition`` is true.</doc>
<status status="PASS" start="2024-06-05T18:19:13.920817" elapsed="0.001025"/>
</kw>
<kw name="Run Keyword If" owner="BuiltIn">
<kw name="Should Be True" owner="BuiltIn">
<arg>${True}</arg>
<doc>Fails if the given condition is not true.</doc>
<status status="PASS" start="2024-06-05T18:19:13.922760" elapsed="0.000263"/>
</kw>
<arg>${json_data["results"][0]["location"]["coordinates"]["longitude"]} &gt;= -180 and ${json_data["results"][0]["location"]["coordinates"]["longitude"]} &lt;= 180</arg>
<arg>Should Be True</arg>
<arg>${True}</arg>
<doc>Runs the given keyword with the given arguments, if ``condition`` is true.</doc>
<status status="PASS" start="2024-06-05T18:19:13.922030" elapsed="0.001123"/>
</kw>
<status status="PASS" start="2024-06-05T18:19:13.817385" elapsed="0.105905"/>
</kw>
<doc>Testa o conteúdo específico dos campos retornados pela API.</doc>
<tag>testeConteudo</tag>
<status status="PASS" start="2024-06-05T18:19:13.816688" elapsed="0.106760"/>
</test>
<status status="PASS" start="2024-06-05T18:19:13.023706" elapsed="0.901736"/>
</suite>
<status status="PASS" start="2024-06-05T18:19:13.010174" elapsed="0.920511"/>
</suite>
<statistics>
<total>
<stat pass="5" fail="0" skip="0">All Tests</stat>
</total>
<tag>
<stat pass="1" fail="0" skip="0">testeConteudo</stat>
<stat pass="1" fail="0" skip="0">testeEstruturaResposta</stat>
<stat pass="1" fail="0" skip="0">testeRequisicaoBasica</stat>
<stat pass="1" fail="0" skip="0">testeTiposDados</stat>
</tag>
<suite>
<stat pass="5" fail="0" skip="0" id="s1" name="Tests">Tests</stat>
<stat pass="5" fail="0" skip="0" id="s1-s1" name="Random-User-Test">Tests.Random-User-Test</stat>
</suite>
</statistics>
<errors>
</errors>
</robot>
