<?xml version="1.0" encoding="UTF-8"?>
<robot generator="Robot 7.0 (Python 3.12.2 on linux)" generated="2024-04-06T10:14:07.054214" rpa="false" schemaversion="5">
<suite id="s1" name="Tests" source="/home/runner/work/DesafioQAItauRogerioJordao/DesafioQAItauRogerioJordao/RamdonUser/tests">
<suite id="s1-s1" name="Random-User-Test" source="/home/runner/work/DesafioQAItauRogerioJordao/DesafioQAItauRogerioJordao/RamdonUser/tests/random-user-test.robot">
<test id="s1-s1-t1" name="Conectar" line="13">
<kw name="Conectar API" owner="random-user-service">
<kw name="Create Session" owner="RequestsLibrary">
<msg time="2024-04-06T10:14:07.421714" level="INFO">Creating Session using : alias=consultarAPI, url=https://randomuser.me/, headers={},                     cookies={}, auth=None, timeout=None, proxies=None, verify=False,                     debug=0 </msg>
<arg>consultarAPI</arg>
<arg>${URL}</arg>
<doc>Create Session: create a HTTP session to a server</doc>
<status status="PASS" start="2024-04-06T10:14:07.421499" elapsed="0.000411"/>
</kw>
<status status="PASS" start="2024-04-06T10:14:07.420381" elapsed="0.001924"/>
</kw>
<status status="PASS" start="2024-04-06T10:14:07.419796" elapsed="0.002730"/>
</test>
<test id="s1-s1-t2" name="Validar retorno 200 e JSON Válido" line="16">
<kw name="Teste de Requisicao Basica" owner="random-user-service">
<kw name="GET On Session" owner="RequestsLibrary">
<msg time="2024-04-06T10:14:07.538040" level="INFO">GET Request : url=https://randomuser.me/api 
 path_url=/api 
 headers={'User-Agent': 'python-requests/2.31.0', 'Accept-Encoding': 'gzip, deflate', 'Accept': '*/*', 'Connection': 'keep-alive'} 
 body=None 
 </msg>
<msg time="2024-04-06T10:14:07.538194" level="INFO">GET Response : url=https://randomuser.me/api 
 status=200, reason=OK 
 headers={'Date': 'Sat, 06 Apr 2024 10:14:07 GMT', 'Content-Type': 'application/json; charset=utf-8', 'Transfer-Encoding': 'chunked', 'Connection': 'keep-alive', 'X-Powered-By': 'Express', 'Access-Control-Allow-Origin': '*', 'Cache-Control': 'no-cache', 'ETag': 'W/"489-ki4EiJvFhjE7qBRedUf4wwDEXAY"', 'Vary': 'Accept-Encoding', 'Content-Encoding': 'gzip', 'CF-Cache-Status': 'DYNAMIC', 'Report-To': '{"endpoints":[{"url":"https:\\/\\/a.nel.cloudflare.com\\/report\\/v4?s=QTG2HlIKkgtoEWijyaF6mcrZBpZ5s1KCC6335mdTu1eMehk7YBX%2FJ4oMigzkRtTWQA0HBbmX8aleeHVlnq5K9UDlWWMxAPKGSK4AzEd0Mwnu2AX8c29R6H14Atccnlrg"}],"group":"cf-nel","max_age":604800}', 'NEL': '{"success_fraction":0,"report_to":"cf-nel","max_age":604800}', 'Server': 'cloudflare', 'CF-RAY': '870102589b6fd025-SJC', 'alt-svc': 'h3=":443"; ma=86400'} 
 body={"results":[{"gender":"male","name":{"title":"Mr","first":"Ron","last":"Ryan"},"location":{"street":{"number":1112,"name":"Stevens Creek Blvd"},"city":"Mackay","state":"South Australia","country":"Australia","postcode":8505,"coordinates":{"latitude":"-87.2436","longitude":"-6.8760"},"timezone":{"offset":"+8:00","description":"Beijing, Perth, Singapore, Hong Kong"}},"email":"ron.ryan@example.com","login":{"uuid":"dcd1c880-99db-412a-963d-9d99459fc8bf","username":"blueswan620","password":"games","salt":"KM2QejQx","md5":"e802a206e139560b0a7c627c32f4316a","sha1":"457a7b1cfca6c84a60a6157f370a0452b98c0976","sha256":"46792eae525575080b9aba2c62a4585df00720e04002217092a4017026e944e9"},"dob":{"date":"1993-01-16T20:13:29.067Z","age":31},"registered":{"date":"2013-08-27T14:00:44.496Z","age":10},"phone":"02-3597-5795","cell":"0434-664-250","id":{"name":"TFN","value":"871777307"},"picture":{"large":"https://randomuser.me/api/portraits/men/60.jpg","medium":"https://randomuser.me/api/portraits/med/men/60.jpg","thumbnail":"https://randomuser.me/api/portraits/thumb/men/60.jpg"},"nat":"AU"}],"info":{"seed":"f94e5bb69dda3aa1","results":1,"page":1,"version":"1.4"}} 
 </msg>
<msg time="2024-04-06T10:14:07.538303" level="INFO">/opt/hostedtoolcache/Python/3.12.2/x64/lib/python3.12/site-packages/urllib3/connectionpool.py:1103: InsecureRequestWarning: Unverified HTTPS request is being made to host 'randomuser.me'. Adding certificate verification is strongly advised. See: https://urllib3.readthedocs.io/en/latest/advanced-usage.html#tls-warnings
  warnings.warn(</msg>
<msg time="2024-04-06T10:14:07.538447" level="INFO">${response} = &lt;Response [200]&gt;</msg>
<var>${response}</var>
<arg>consultarAPI</arg>
<arg>/api</arg>
<doc>Sends a GET request on a previously created HTTP Session.</doc>
<status status="PASS" start="2024-04-06T10:14:07.425165" elapsed="0.113318"/>
</kw>
<kw name="Should Be Equal As Numbers" owner="BuiltIn">
<msg time="2024-04-06T10:14:07.539544" level="INFO">Argument types are:
&lt;class 'int'&gt;
&lt;class 'str'&gt;</msg>
<arg>${response.status_code}</arg>
<arg>200</arg>
<doc>Fails if objects are unequal after converting them to real numbers.</doc>
<status status="PASS" start="2024-04-06T10:14:07.539065" elapsed="0.000555"/>
</kw>
<kw name="Log" owner="BuiltIn">
<msg time="2024-04-06T10:14:07.540380" level="INFO">200</msg>
<arg>${response.status_code}</arg>
<doc>Logs the given message with the given level.</doc>
<status status="PASS" start="2024-04-06T10:14:07.539989" elapsed="0.000437"/>
</kw>
<kw name="Set Variable" owner="BuiltIn">
<msg time="2024-04-06T10:14:07.541297" level="INFO">${json_data} = {'results': [{'gender': 'male', 'name': {'title': 'Mr', 'first': 'Ron', 'last': 'Ryan'}, 'location': {'street': {'number': 1112, 'name': 'Stevens Creek Blvd'}, 'city': 'Mackay', 'state': 'South Austra...</msg>
<var>${json_data}</var>
<arg>${response.json()}</arg>
<doc>Returns the given values which can then be assigned to a variables.</doc>
<status status="PASS" start="2024-04-06T10:14:07.540835" elapsed="0.000491"/>
</kw>
<kw name="Dictionary Should Contain Key" owner="Collections">
<msg time="2024-04-06T10:14:07.541825" level="INFO">False</msg>
<arg>${json_data}</arg>
<arg>results</arg>
<doc>Fails if ``key`` is not found from ``dictionary``.</doc>
<status status="PASS" start="2024-04-06T10:14:07.541649" elapsed="0.000216"/>
</kw>
<status status="PASS" start="2024-04-06T10:14:07.424901" elapsed="0.117227"/>
</kw>
<doc>Testa se a API responde corretamente e retorna um objeto JSON válido.</doc>
<tag>testeRequisicaoBasica</tag>
<status status="PASS" start="2024-04-06T10:14:07.424380" elapsed="0.117945"/>
</test>
<test id="s1-s1-t3" name="Validar estrutura de resposta" line="22">
<kw name="Teste de Estrutura de Resposta" owner="random-user-service">
<kw name="GET On Session" owner="RequestsLibrary">
<msg time="2024-04-06T10:14:07.642448" level="INFO">GET Request : url=https://randomuser.me/api 
 path_url=/api 
 headers={'User-Agent': 'python-requests/2.31.0', 'Accept-Encoding': 'gzip, deflate', 'Accept': '*/*', 'Connection': 'keep-alive'} 
 body=None 
 </msg>
<msg time="2024-04-06T10:14:07.642554" level="INFO">GET Response : url=https://randomuser.me/api 
 status=200, reason=OK 
 headers={'Date': 'Sat, 06 Apr 2024 10:14:07 GMT', 'Content-Type': 'application/json; charset=utf-8', 'Transfer-Encoding': 'chunked', 'Connection': 'keep-alive', 'X-Powered-By': 'Express', 'Access-Control-Allow-Origin': '*', 'Cache-Control': 'no-cache', 'ETag': 'W/"490-cAPMeuvV8uqhX1X6V5YbToGfAOU"', 'Vary': 'Accept-Encoding', 'Content-Encoding': 'gzip', 'CF-Cache-Status': 'DYNAMIC', 'Report-To': '{"endpoints":[{"url":"https:\\/\\/a.nel.cloudflare.com\\/report\\/v4?s=F3cfP7C3agwmdolOQdLVuqOFxb6b0NeaFq0%2FupJA2SiiHj1FVcD4Z%2BkKIZ9jYlLySPKsTX7kABzRSvTBUgf5tgpSvZeq45Zhw1jZBbx15NYjJ3yfb11Q77nzl42zsO20"}],"group":"cf-nel","max_age":604800}', 'NEL': '{"success_fraction":0,"report_to":"cf-nel","max_age":604800}', 'Server': 'cloudflare', 'CF-RAY': '870102592bead025-SJC', 'alt-svc': 'h3=":443"; ma=86400'} 
 body={"results":[{"gender":"female","name":{"title":"Miss","first":"Freja","last":"Madsen"},"location":{"street":{"number":7090,"name":"Bøgeparken"},"city":"Ølstykke","state":"Midtjylland","country":"Denmark","postcode":82673,"coordinates":{"latitude":"-44.4481","longitude":"54.7133"},"timezone":{"offset":"+3:00","description":"Baghdad, Riyadh, Moscow, St. Petersburg"}},"email":"freja.madsen@example.com","login":{"uuid":"5718b1f6-cfba-41d8-957e-88039693164c","username":"tinylion565","password":"hornet","salt":"0TOfZHex","md5":"d29fb4ca2d85f65f1a1a11b6843769e7","sha1":"17284ae80e9eb1680f53080fc9c11cf154546527","sha256":"432f57f30bfd07843ac7ccef69b092f70b9891ff0365e917f2b46968594e3c2f"},"dob":{"date":"1947-04-24T17:08:13.528Z","age":76},"registered":{"date":"2006-06-30T20:39:18.388Z","age":17},"phone":"45103276","cell":"43758044","id":{"name":"CPR","value":"240447-6537"},"picture":{"large":"https://randomuser.me/api/portraits/women/59.jpg","medium":"https://randomuser.me/api/portraits/med/women/59.jpg","thumbnail":"https://randomuser.me/api/portraits/thumb/women/59.jpg"},"nat":"DK"}],"info":{"seed":"2ad52c9c59a84a2a","results":1,"page":1,"version":"1.4"}} 
 </msg>
<msg time="2024-04-06T10:14:07.642707" level="INFO">/opt/hostedtoolcache/Python/3.12.2/x64/lib/python3.12/site-packages/urllib3/connectionpool.py:1103: InsecureRequestWarning: Unverified HTTPS request is being made to host 'randomuser.me'. Adding certificate verification is strongly advised. See: https://urllib3.readthedocs.io/en/latest/advanced-usage.html#tls-warnings
  warnings.warn(</msg>
<msg time="2024-04-06T10:14:07.642839" level="INFO">${response} = &lt;Response [200]&gt;</msg>
<var>${response}</var>
<arg>consultarAPI</arg>
<arg>/api</arg>
<doc>Sends a GET request on a previously created HTTP Session.</doc>
<status status="PASS" start="2024-04-06T10:14:07.545167" elapsed="0.097717"/>
</kw>
<kw name="Set Variable" owner="BuiltIn">
<msg time="2024-04-06T10:14:07.644019" level="INFO">${json_data} = {'results': [{'gender': 'female', 'name': {'title': 'Miss', 'first': 'Freja', 'last': 'Madsen'}, 'location': {'street': {'number': 7090, 'name': 'Bøgeparken'}, 'city': 'Ølstykke', 'state': 'Midtjyllan...</msg>
<var>${json_data}</var>
<arg>${response.json()}</arg>
<doc>Returns the given values which can then be assigned to a variables.</doc>
<status status="PASS" start="2024-04-06T10:14:07.643443" elapsed="0.000607"/>
</kw>
<kw name="Log" owner="BuiltIn">
<msg time="2024-04-06T10:14:07.644602" level="INFO">{'results': [{'gender': 'female', 'name': {'title': 'Miss', 'first': 'Freja', 'last': 'Madsen'}, 'location': {'street': {'number': 7090, 'name': 'Bøgeparken'}, 'city': 'Ølstykke', 'state': 'Midtjylland', 'country': 'Denmark', 'postcode': 82673, 'coordinates': {'latitude': '-44.4481', 'longitude': '54.7133'}, 'timezone': {'offset': '+3:00', 'description': 'Baghdad, Riyadh, Moscow, St. Petersburg'}}, 'email': 'freja.madsen@example.com', 'login': {'uuid': '5718b1f6-cfba-41d8-957e-88039693164c', 'username': 'tinylion565', 'password': 'hornet', 'salt': '0TOfZHex', 'md5': 'd29fb4ca2d85f65f1a1a11b6843769e7', 'sha1': '17284ae80e9eb1680f53080fc9c11cf154546527', 'sha256': '432f57f30bfd07843ac7ccef69b092f70b9891ff0365e917f2b46968594e3c2f'}, 'dob': {'date': '1947-04-24T17:08:13.528Z', 'age': 76}, 'registered': {'date': '2006-06-30T20:39:18.388Z', 'age': 17}, 'phone': '45103276', 'cell': '43758044', 'id': {'name': 'CPR', 'value': '240447-6537'}, 'picture': {'large': 'https://randomuser.me/api/portraits/women/59.jpg', 'medium': 'https://randomuser.me/api/portraits/med/women/59.jpg', 'thumbnail': 'https://randomuser.me/api/portraits/thumb/women/59.jpg'}, 'nat': 'DK'}], 'info': {'seed': '2ad52c9c59a84a2a', 'results': 1, 'page': 1, 'version': '1.4'}}</msg>
<arg>${json_data}</arg>
<doc>Logs the given message with the given level.</doc>
<status status="PASS" start="2024-04-06T10:14:07.644420" elapsed="0.000235"/>
</kw>
<kw name="Dictionary Should Contain Key" owner="Collections">
<msg time="2024-04-06T10:14:07.645203" level="INFO">False</msg>
<arg>${json_data}</arg>
<arg>results</arg>
<doc>Fails if ``key`` is not found from ``dictionary``.</doc>
<status status="PASS" start="2024-04-06T10:14:07.645032" elapsed="0.000210"/>
</kw>
<kw name="Should Not Be Empty" owner="BuiltIn">
<msg time="2024-04-06T10:14:07.645695" level="INFO">Length is 2.</msg>
<arg>${json_data}</arg>
<doc>Verifies that the given item is not empty.</doc>
<status status="PASS" start="2024-04-06T10:14:07.645553" elapsed="0.000183"/>
</kw>
<kw name="Create List" owner="BuiltIn">
<msg time="2024-04-06T10:14:07.646193" level="INFO">${expected_keys} = ['gender', 'name', 'location', 'email', 'login']</msg>
<var>${expected_keys}</var>
<arg>gender</arg>
<arg>name</arg>
<arg>location</arg>
<arg>email</arg>
<arg>login</arg>
<doc>Returns a list containing given items.</doc>
<status status="PASS" start="2024-04-06T10:14:07.646038" elapsed="0.000180"/>
</kw>
<for flavor="IN">
<iter>
<kw name="Dictionary Should Contain Key" owner="Collections">
<msg time="2024-04-06T10:14:07.647257" level="INFO">False</msg>
<arg>${json_data['results'][0]}</arg>
<arg>${key}</arg>
<doc>Fails if ``key`` is not found from ``dictionary``.</doc>
<status status="PASS" start="2024-04-06T10:14:07.646814" elapsed="0.000486"/>
</kw>
<kw name="Log" owner="BuiltIn">
<msg time="2024-04-06T10:14:07.648003" level="INFO">{'gender': 'female', 'name': {'title': 'Miss', 'first': 'Freja', 'last': 'Madsen'}, 'location': {'street': {'number': 7090, 'name': 'Bøgeparken'}, 'city': 'Ølstykke', 'state': 'Midtjylland', 'country': 'Denmark', 'postcode': 82673, 'coordinates': {'latitude': '-44.4481', 'longitude': '54.7133'}, 'timezone': {'offset': '+3:00', 'description': 'Baghdad, Riyadh, Moscow, St. Petersburg'}}, 'email': 'freja.madsen@example.com', 'login': {'uuid': '5718b1f6-cfba-41d8-957e-88039693164c', 'username': 'tinylion565', 'password': 'hornet', 'salt': '0TOfZHex', 'md5': 'd29fb4ca2d85f65f1a1a11b6843769e7', 'sha1': '17284ae80e9eb1680f53080fc9c11cf154546527', 'sha256': '432f57f30bfd07843ac7ccef69b092f70b9891ff0365e917f2b46968594e3c2f'}, 'dob': {'date': '1947-04-24T17:08:13.528Z', 'age': 76}, 'registered': {'date': '2006-06-30T20:39:18.388Z', 'age': 17}, 'phone': '45103276', 'cell': '43758044', 'id': {'name': 'CPR', 'value': '240447-6537'}, 'picture': {'large': 'https://randomuser.me/api/portraits/women/59.jpg', 'medium': 'https://randomuser.me/api/portraits/med/women/59.jpg', 'thumbnail': 'https://randomuser.me/api/portraits/thumb/women/59.jpg'}, 'nat': 'DK'}</msg>
<arg>${json_data['results'][0]}</arg>
<doc>Logs the given message with the given level.</doc>
<status status="PASS" start="2024-04-06T10:14:07.647619" elapsed="0.000435"/>
</kw>
<kw name="Log" owner="BuiltIn">
<msg time="2024-04-06T10:14:07.648489" level="INFO">gender</msg>
<arg>${key}</arg>
<doc>Logs the given message with the given level.</doc>
<status status="PASS" start="2024-04-06T10:14:07.648357" elapsed="0.000171"/>
</kw>
<var name="${key}">gender</var>
<status status="PASS" start="2024-04-06T10:14:07.646685" elapsed="0.002090"/>
</iter>
<iter>
<kw name="Dictionary Should Contain Key" owner="Collections">
<msg time="2024-04-06T10:14:07.649495" level="INFO">False</msg>
<arg>${json_data['results'][0]}</arg>
<arg>${key}</arg>
<doc>Fails if ``key`` is not found from ``dictionary``.</doc>
<status status="PASS" start="2024-04-06T10:14:07.649096" elapsed="0.000438"/>
</kw>
<kw name="Log" owner="BuiltIn">
<msg time="2024-04-06T10:14:07.650244" level="INFO">{'gender': 'female', 'name': {'title': 'Miss', 'first': 'Freja', 'last': 'Madsen'}, 'location': {'street': {'number': 7090, 'name': 'Bøgeparken'}, 'city': 'Ølstykke', 'state': 'Midtjylland', 'country': 'Denmark', 'postcode': 82673, 'coordinates': {'latitude': '-44.4481', 'longitude': '54.7133'}, 'timezone': {'offset': '+3:00', 'description': 'Baghdad, Riyadh, Moscow, St. Petersburg'}}, 'email': 'freja.madsen@example.com', 'login': {'uuid': '5718b1f6-cfba-41d8-957e-88039693164c', 'username': 'tinylion565', 'password': 'hornet', 'salt': '0TOfZHex', 'md5': 'd29fb4ca2d85f65f1a1a11b6843769e7', 'sha1': '17284ae80e9eb1680f53080fc9c11cf154546527', 'sha256': '432f57f30bfd07843ac7ccef69b092f70b9891ff0365e917f2b46968594e3c2f'}, 'dob': {'date': '1947-04-24T17:08:13.528Z', 'age': 76}, 'registered': {'date': '2006-06-30T20:39:18.388Z', 'age': 17}, 'phone': '45103276', 'cell': '43758044', 'id': {'name': 'CPR', 'value': '240447-6537'}, 'picture': {'large': 'https://randomuser.me/api/portraits/women/59.jpg', 'medium': 'https://randomuser.me/api/portraits/med/women/59.jpg', 'thumbnail': 'https://randomuser.me/api/portraits/thumb/women/59.jpg'}, 'nat': 'DK'}</msg>
<arg>${json_data['results'][0]}</arg>
<doc>Logs the given message with the given level.</doc>
<status status="PASS" start="2024-04-06T10:14:07.649872" elapsed="0.000423"/>
</kw>
<kw name="Log" owner="BuiltIn">
<msg time="2024-04-06T10:14:07.650734" level="INFO">name</msg>
<arg>${key}</arg>
<doc>Logs the given message with the given level.</doc>
<status status="PASS" start="2024-04-06T10:14:07.650604" elapsed="0.000169"/>
</kw>
<var name="${key}">name</var>
<status status="PASS" start="2024-04-06T10:14:07.648977" elapsed="0.002015"/>
</iter>
<iter>
<kw name="Dictionary Should Contain Key" owner="Collections">
<msg time="2024-04-06T10:14:07.651713" level="INFO">False</msg>
<arg>${json_data['results'][0]}</arg>
<arg>${key}</arg>
<doc>Fails if ``key`` is not found from ``dictionary``.</doc>
<status status="PASS" start="2024-04-06T10:14:07.651333" elapsed="0.000420"/>
</kw>
<kw name="Log" owner="BuiltIn">
<msg time="2024-04-06T10:14:07.652422" level="INFO">{'gender': 'female', 'name': {'title': 'Miss', 'first': 'Freja', 'last': 'Madsen'}, 'location': {'street': {'number': 7090, 'name': 'Bøgeparken'}, 'city': 'Ølstykke', 'state': 'Midtjylland', 'country': 'Denmark', 'postcode': 82673, 'coordinates': {'latitude': '-44.4481', 'longitude': '54.7133'}, 'timezone': {'offset': '+3:00', 'description': 'Baghdad, Riyadh, Moscow, St. Petersburg'}}, 'email': 'freja.madsen@example.com', 'login': {'uuid': '5718b1f6-cfba-41d8-957e-88039693164c', 'username': 'tinylion565', 'password': 'hornet', 'salt': '0TOfZHex', 'md5': 'd29fb4ca2d85f65f1a1a11b6843769e7', 'sha1': '17284ae80e9eb1680f53080fc9c11cf154546527', 'sha256': '432f57f30bfd07843ac7ccef69b092f70b9891ff0365e917f2b46968594e3c2f'}, 'dob': {'date': '1947-04-24T17:08:13.528Z', 'age': 76}, 'registered': {'date': '2006-06-30T20:39:18.388Z', 'age': 17}, 'phone': '45103276', 'cell': '43758044', 'id': {'name': 'CPR', 'value': '240447-6537'}, 'picture': {'large': 'https://randomuser.me/api/portraits/women/59.jpg', 'medium': 'https://randomuser.me/api/portraits/med/women/59.jpg', 'thumbnail': 'https://randomuser.me/api/portraits/thumb/women/59.jpg'}, 'nat': 'DK'}</msg>
<arg>${json_data['results'][0]}</arg>
<doc>Logs the given message with the given level.</doc>
<status status="PASS" start="2024-04-06T10:14:07.652058" elapsed="0.000419"/>
</kw>
<kw name="Log" owner="BuiltIn">
<msg time="2024-04-06T10:14:07.652946" level="INFO">location</msg>
<arg>${key}</arg>
<doc>Logs the given message with the given level.</doc>
<status status="PASS" start="2024-04-06T10:14:07.652805" elapsed="0.000179"/>
</kw>
<var name="${key}">location</var>
<status status="PASS" start="2024-04-06T10:14:07.651202" elapsed="0.002007"/>
</iter>
<iter>
<kw name="Dictionary Should Contain Key" owner="Collections">
<msg time="2024-04-06T10:14:07.653944" level="INFO">False</msg>
<arg>${json_data['results'][0]}</arg>
<arg>${key}</arg>
<doc>Fails if ``key`` is not found from ``dictionary``.</doc>
<status status="PASS" start="2024-04-06T10:14:07.653548" elapsed="0.000434"/>
</kw>
<kw name="Log" owner="BuiltIn">
<msg time="2024-04-06T10:14:07.654650" level="INFO">{'gender': 'female', 'name': {'title': 'Miss', 'first': 'Freja', 'last': 'Madsen'}, 'location': {'street': {'number': 7090, 'name': 'Bøgeparken'}, 'city': 'Ølstykke', 'state': 'Midtjylland', 'country': 'Denmark', 'postcode': 82673, 'coordinates': {'latitude': '-44.4481', 'longitude': '54.7133'}, 'timezone': {'offset': '+3:00', 'description': 'Baghdad, Riyadh, Moscow, St. Petersburg'}}, 'email': 'freja.madsen@example.com', 'login': {'uuid': '5718b1f6-cfba-41d8-957e-88039693164c', 'username': 'tinylion565', 'password': 'hornet', 'salt': '0TOfZHex', 'md5': 'd29fb4ca2d85f65f1a1a11b6843769e7', 'sha1': '17284ae80e9eb1680f53080fc9c11cf154546527', 'sha256': '432f57f30bfd07843ac7ccef69b092f70b9891ff0365e917f2b46968594e3c2f'}, 'dob': {'date': '1947-04-24T17:08:13.528Z', 'age': 76}, 'registered': {'date': '2006-06-30T20:39:18.388Z', 'age': 17}, 'phone': '45103276', 'cell': '43758044', 'id': {'name': 'CPR', 'value': '240447-6537'}, 'picture': {'large': 'https://randomuser.me/api/portraits/women/59.jpg', 'medium': 'https://randomuser.me/api/portraits/med/women/59.jpg', 'thumbnail': 'https://randomuser.me/api/portraits/thumb/women/59.jpg'}, 'nat': 'DK'}</msg>
<arg>${json_data['results'][0]}</arg>
<doc>Logs the given message with the given level.</doc>
<status status="PASS" start="2024-04-06T10:14:07.654287" elapsed="0.000413"/>
</kw>
<kw name="Log" owner="BuiltIn">
<msg time="2024-04-06T10:14:07.655126" level="INFO">email</msg>
<arg>${key}</arg>
<doc>Logs the given message with the given level.</doc>
<status status="PASS" start="2024-04-06T10:14:07.654997" elapsed="0.000168"/>
</kw>
<var name="${key}">email</var>
<status status="PASS" start="2024-04-06T10:14:07.653433" elapsed="0.001963"/>
</iter>
<iter>
<kw name="Dictionary Should Contain Key" owner="Collections">
<msg time="2024-04-06T10:14:07.656071" level="INFO">False</msg>
<arg>${json_data['results'][0]}</arg>
<arg>${key}</arg>
<doc>Fails if ``key`` is not found from ``dictionary``.</doc>
<status status="PASS" start="2024-04-06T10:14:07.655695" elapsed="0.000414"/>
</kw>
<kw name="Log" owner="BuiltIn">
<msg time="2024-04-06T10:14:07.656799" level="INFO">{'gender': 'female', 'name': {'title': 'Miss', 'first': 'Freja', 'last': 'Madsen'}, 'location': {'street': {'number': 7090, 'name': 'Bøgeparken'}, 'city': 'Ølstykke', 'state': 'Midtjylland', 'country': 'Denmark', 'postcode': 82673, 'coordinates': {'latitude': '-44.4481', 'longitude': '54.7133'}, 'timezone': {'offset': '+3:00', 'description': 'Baghdad, Riyadh, Moscow, St. Petersburg'}}, 'email': 'freja.madsen@example.com', 'login': {'uuid': '5718b1f6-cfba-41d8-957e-88039693164c', 'username': 'tinylion565', 'password': 'hornet', 'salt': '0TOfZHex', 'md5': 'd29fb4ca2d85f65f1a1a11b6843769e7', 'sha1': '17284ae80e9eb1680f53080fc9c11cf154546527', 'sha256': '432f57f30bfd07843ac7ccef69b092f70b9891ff0365e917f2b46968594e3c2f'}, 'dob': {'date': '1947-04-24T17:08:13.528Z', 'age': 76}, 'registered': {'date': '2006-06-30T20:39:18.388Z', 'age': 17}, 'phone': '45103276', 'cell': '43758044', 'id': {'name': 'CPR', 'value': '240447-6537'}, 'picture': {'large': 'https://randomuser.me/api/portraits/women/59.jpg', 'medium': 'https://randomuser.me/api/portraits/med/women/59.jpg', 'thumbnail': 'https://randomuser.me/api/portraits/thumb/women/59.jpg'}, 'nat': 'DK'}</msg>
<arg>${json_data['results'][0]}</arg>
<doc>Logs the given message with the given level.</doc>
<status status="PASS" start="2024-04-06T10:14:07.656408" elapsed="0.000442"/>
</kw>
<kw name="Log" owner="BuiltIn">
<msg time="2024-04-06T10:14:07.657284" level="INFO">login</msg>
<arg>${key}</arg>
<doc>Logs the given message with the given level.</doc>
<status status="PASS" start="2024-04-06T10:14:07.657155" elapsed="0.000280"/>
</kw>
<var name="${key}">login</var>
<status status="PASS" start="2024-04-06T10:14:07.655575" elapsed="0.002112"/>
</iter>
<var>${key}</var>
<value>@{expected_keys}</value>
<status status="PASS" start="2024-04-06T10:14:07.646486" elapsed="0.011331"/>
</for>
<kw name="Create List" owner="BuiltIn">
<msg time="2024-04-06T10:14:07.658161" level="INFO">${expected_keysTwo} = ['username', 'password']</msg>
<var>${expected_keysTwo}</var>
<arg>username</arg>
<arg>password</arg>
<doc>Returns a list containing given items.</doc>
<status status="PASS" start="2024-04-06T10:14:07.658021" elapsed="0.000165"/>
</kw>
<for flavor="IN">
<iter>
<kw name="Dictionary Should Contain Key" owner="Collections">
<msg time="2024-04-06T10:14:07.659084" level="INFO">False</msg>
<arg>${json_data['results'][0]['login']}</arg>
<arg>${keyTwo}</arg>
<doc>Fails if ``key`` is not found from ``dictionary``.</doc>
<status status="PASS" start="2024-04-06T10:14:07.658701" elapsed="0.000421"/>
</kw>
<kw name="Dictionary Should Contain Key" owner="Collections">
<msg time="2024-04-06T10:14:07.659842" level="INFO">False</msg>
<arg>${json_data['results'][0]['login']}</arg>
<arg>${keyTwo}</arg>
<doc>Fails if ``key`` is not found from ``dictionary``.</doc>
<status status="PASS" start="2024-04-06T10:14:07.659440" elapsed="0.000441"/>
</kw>
<kw name="Log" owner="BuiltIn">
<msg time="2024-04-06T10:14:07.660312" level="INFO">username</msg>
<arg>${keyTwo}</arg>
<doc>Logs the given message with the given level.</doc>
<status status="PASS" start="2024-04-06T10:14:07.660182" elapsed="0.000168"/>
</kw>
<var name="${keyTwo}">username</var>
<status status="PASS" start="2024-04-06T10:14:07.658589" elapsed="0.001977"/>
</iter>
<iter>
<kw name="Dictionary Should Contain Key" owner="Collections">
<msg time="2024-04-06T10:14:07.661284" level="INFO">False</msg>
<arg>${json_data['results'][0]['login']}</arg>
<arg>${keyTwo}</arg>
<doc>Fails if ``key`` is not found from ``dictionary``.</doc>
<status status="PASS" start="2024-04-06T10:14:07.660903" elapsed="0.000419"/>
</kw>
<kw name="Dictionary Should Contain Key" owner="Collections">
<msg time="2024-04-06T10:14:07.662003" level="INFO">False</msg>
<arg>${json_data['results'][0]['login']}</arg>
<arg>${keyTwo}</arg>
<doc>Fails if ``key`` is not found from ``dictionary``.</doc>
<status status="PASS" start="2024-04-06T10:14:07.661621" elapsed="0.000420"/>
</kw>
<kw name="Log" owner="BuiltIn">
<msg time="2024-04-06T10:14:07.662465" level="INFO">password</msg>
<arg>${keyTwo}</arg>
<doc>Logs the given message with the given level.</doc>
<status status="PASS" start="2024-04-06T10:14:07.662335" elapsed="0.000169"/>
</kw>
<var name="${keyTwo}">password</var>
<status status="PASS" start="2024-04-06T10:14:07.660776" elapsed="0.001945"/>
</iter>
<var>${keyTwo}</var>
<value>@{expected_keysTwo}</value>
<status status="PASS" start="2024-04-06T10:14:07.658429" elapsed="0.004418"/>
</for>
<status status="PASS" start="2024-04-06T10:14:07.544918" elapsed="0.118074"/>
</kw>
<doc>Testa a estrutura da resposta da API.</doc>
<tag>testeEstruturaResposta</tag>
<status status="PASS" start="2024-04-06T10:14:07.544200" elapsed="0.118969"/>
</test>
<test id="s1-s1-t4" name="Validar tipos de dados" line="28">
<kw name="Teste de Tipos de Dados" owner="random-user-service">
<kw name="GET On Session" owner="RequestsLibrary">
<msg time="2024-04-06T10:14:07.753466" level="INFO">GET Request : url=https://randomuser.me/api 
 path_url=/api 
 headers={'User-Agent': 'python-requests/2.31.0', 'Accept-Encoding': 'gzip, deflate', 'Accept': '*/*', 'Connection': 'keep-alive'} 
 body=None 
 </msg>
<msg time="2024-04-06T10:14:07.753579" level="INFO">GET Response : url=https://randomuser.me/api 
 status=200, reason=OK 
 headers={'Date': 'Sat, 06 Apr 2024 10:14:07 GMT', 'Content-Type': 'application/json; charset=utf-8', 'Transfer-Encoding': 'chunked', 'Connection': 'keep-alive', 'X-Powered-By': 'Express', 'Access-Control-Allow-Origin': '*', 'Cache-Control': 'no-cache', 'ETag': 'W/"49f-DEmYpyiiPRFKgOTkX3sOR9p8QdM"', 'Vary': 'Accept-Encoding', 'Content-Encoding': 'gzip', 'CF-Cache-Status': 'DYNAMIC', 'Report-To': '{"endpoints":[{"url":"https:\\/\\/a.nel.cloudflare.com\\/report\\/v4?s=PxF3l%2BR%2F8tj22PUa7%2BPpzHiWsEGOoqQrC7Jr9VW5OieUDdOX14eDhsumKYtani7%2Bf2DFRYvkZvhk6pjpl1WecEgFPZBAeeSfLs1L6tygPkGLxJ1eWYC02e8fbBvoRZ4k"}],"group":"cf-nel","max_age":604800}', 'NEL': '{"success_fraction":0,"report_to":"cf-nel","max_age":604800}', 'Server': 'cloudflare', 'CF-RAY': '87010259ec6bd025-SJC', 'alt-svc': 'h3=":443"; ma=86400'} 
 body={"results":[{"gender":"male","name":{"title":"Mr","first":"Veeti","last":"Wainio"},"location":{"street":{"number":9503,"name":"Mechelininkatu"},"city":"Toholampi","state":"South Karelia","country":"Finland","postcode":63510,"coordinates":{"latitude":"-28.7740","longitude":"-126.6493"},"timezone":{"offset":"+8:00","description":"Beijing, Perth, Singapore, Hong Kong"}},"email":"veeti.wainio@example.com","login":{"uuid":"efdf6eb9-e51f-4798-8606-e6bab19c7c4a","username":"beautifulgorilla905","password":"happy1","salt":"6wg0DKIG","md5":"49f28863e8ffaaa5825e0b092c3ca763","sha1":"9d7588e7b638a4d9bb020140f2b38214363f4793","sha256":"3df878f279e08d14f167fce1838213e06869649febc85f86305416245c4254ba"},"dob":{"date":"1968-09-13T00:13:47.710Z","age":55},"registered":{"date":"2016-08-05T17:09:08.887Z","age":7},"phone":"07-058-472","cell":"046-582-57-39","id":{"name":"HETU","value":"NaNNA489undefined"},"picture":{"large":"https://randomuser.me/api/portraits/men/66.jpg","medium":"https://randomuser.me/api/portraits/med/men/66.jpg","thumbnail":"https://randomuser.me/api/portraits/thumb/men/66.jpg"},"nat":"FI"}],"info":{"seed":"9869e08ef8a7c12c","results":1,"page":1,"version":"1.4"}} 
 </msg>
<msg time="2024-04-06T10:14:07.753662" level="INFO">/opt/hostedtoolcache/Python/3.12.2/x64/lib/python3.12/site-packages/urllib3/connectionpool.py:1103: InsecureRequestWarning: Unverified HTTPS request is being made to host 'randomuser.me'. Adding certificate verification is strongly advised. See: https://urllib3.readthedocs.io/en/latest/advanced-usage.html#tls-warnings
  warnings.warn(</msg>
<msg time="2024-04-06T10:14:07.753808" level="INFO">${response} = &lt;Response [200]&gt;</msg>
<var>${response}</var>
<arg>consultarAPI</arg>
<arg>/api</arg>
<doc>Sends a GET request on a previously created HTTP Session.</doc>
<status status="PASS" start="2024-04-06T10:14:07.665733" elapsed="0.088123"/>
</kw>
<kw name="Set Variable" owner="BuiltIn">
<msg time="2024-04-06T10:14:07.754926" level="INFO">${json_data} = {'results': [{'gender': 'male', 'name': {'title': 'Mr', 'first': 'Veeti', 'last': 'Wainio'}, 'location': {'street': {'number': 9503, 'name': 'Mechelininkatu'}, 'city': 'Toholampi', 'state': 'South Kar...</msg>
<var>${json_data}</var>
<arg>${response.json()}</arg>
<doc>Returns the given values which can then be assigned to a variables.</doc>
<status status="PASS" start="2024-04-06T10:14:07.754392" elapsed="0.000565"/>
</kw>
<kw name="Log" owner="BuiltIn">
<msg time="2024-04-06T10:14:07.755514" level="INFO">{'results': [{'gender': 'male', 'name': {'title': 'Mr', 'first': 'Veeti', 'last': 'Wainio'}, 'location': {'street': {'number': 9503, 'name': 'Mechelininkatu'}, 'city': 'Toholampi', 'state': 'South Karelia', 'country': 'Finland', 'postcode': 63510, 'coordinates': {'latitude': '-28.7740', 'longitude': '-126.6493'}, 'timezone': {'offset': '+8:00', 'description': 'Beijing, Perth, Singapore, Hong Kong'}}, 'email': 'veeti.wainio@example.com', 'login': {'uuid': 'efdf6eb9-e51f-4798-8606-e6bab19c7c4a', 'username': 'beautifulgorilla905', 'password': 'happy1', 'salt': '6wg0DKIG', 'md5': '49f28863e8ffaaa5825e0b092c3ca763', 'sha1': '9d7588e7b638a4d9bb020140f2b38214363f4793', 'sha256': '3df878f279e08d14f167fce1838213e06869649febc85f86305416245c4254ba'}, 'dob': {'date': '1968-09-13T00:13:47.710Z', 'age': 55}, 'registered': {'date': '2016-08-05T17:09:08.887Z', 'age': 7}, 'phone': '07-058-472', 'cell': '046-582-57-39', 'id': {'name': 'HETU', 'value': 'NaNNA489undefined'}, 'picture': {'large': 'https://randomuser.me/api/portraits/men/66.jpg', 'medium': 'https://randomuser.me/api/portraits/med/men/66.jpg', 'thumbnail': 'https://randomuser.me/api/portraits/thumb/men/66.jpg'}, 'nat': 'FI'}], 'info': {'seed': '9869e08ef8a7c12c', 'results': 1, 'page': 1, 'version': '1.4'}}</msg>
<arg>${json_data}</arg>
<doc>Logs the given message with the given level.</doc>
<status status="PASS" start="2024-04-06T10:14:07.755334" elapsed="0.000269"/>
</kw>
<kw name="Should Be String" owner="String">
<arg>${json_data['results'][0]['gender']}</arg>
<doc>Fails if the given ``item`` is not a string.</doc>
<status status="PASS" start="2024-04-06T10:14:07.755930" elapsed="0.000389"/>
</kw>
<kw name="Should Match Regexp" owner="BuiltIn">
<arg>${json_data['results'][0]['email']}</arg>
<arg>^[a-zA-Z0-9._%+-]+@[a-zA-Z0-9.-]+\.[a-zA-Z]{2,}$</arg>
<doc>Fails if ``string`` does not match ``pattern`` as a regular expression.</doc>
<status status="PASS" start="2024-04-06T10:14:07.756529" elapsed="0.000590"/>
</kw>
<kw name="Should Match Regexp" owner="BuiltIn">
<arg>${json_data['results'][0]['dob']['date']}</arg>
<arg>\\d{4}-\\d{2}-\\d{2}T\\d{2}:\\d{2}:\\d{2}\\.\\d{3}Z</arg>
<doc>Fails if ``string`` does not match ``pattern`` as a regular expression.</doc>
<status status="PASS" start="2024-04-06T10:14:07.757325" elapsed="0.000508"/>
</kw>
<kw name="Should Match Regexp" owner="BuiltIn">
<arg>${json_data['results'][0]['registered']['date']}</arg>
<arg>\\d{4}-\\d{2}-\\d{2}T\\d{2}:\\d{2}:\\d{2}\\.\\d{3}Z</arg>
<doc>Fails if ``string`` does not match ``pattern`` as a regular expression.</doc>
<status status="PASS" start="2024-04-06T10:14:07.758032" elapsed="0.000372"/>
</kw>
<kw name="Should Match Regexp" owner="BuiltIn">
<arg>${json_data['results'][0]['picture']['large']}</arg>
<arg>^https?://.*\.(?:png|jpe?g|gif|bmp)$</arg>
<doc>Fails if ``string`` does not match ``pattern`` as a regular expression.</doc>
<status status="PASS" start="2024-04-06T10:14:07.758595" elapsed="0.000467"/>
</kw>
<kw name="Should Match Regexp" owner="BuiltIn">
<arg>${json_data['results'][0]['picture']['medium']}</arg>
<arg>^https?://.*\.(?:png|jpe?g|gif|bmp)$</arg>
<doc>Fails if ``string`` does not match ``pattern`` as a regular expression.</doc>
<status status="PASS" start="2024-04-06T10:14:07.759265" elapsed="0.000352"/>
</kw>
<kw name="Should Match Regexp" owner="BuiltIn">
<arg>${json_data['results'][0]['picture']['thumbnail']}</arg>
<arg>^https?://.*\.(?:png|jpe?g|gif|bmp)$</arg>
<doc>Fails if ``string`` does not match ``pattern`` as a regular expression.</doc>
<status status="PASS" start="2024-04-06T10:14:07.759804" elapsed="0.000350"/>
</kw>
<kw name="Log" owner="BuiltIn">
<msg time="2024-04-06T10:14:07.760664" level="INFO">{'large': 'https://randomuser.me/api/portraits/men/66.jpg', 'medium': 'https://randomuser.me/api/portraits/med/men/66.jpg', 'thumbnail': 'https://randomuser.me/api/portraits/thumb/men/66.jpg'}</msg>
<arg>${json_data['results'][0]['picture']}</arg>
<doc>Logs the given message with the given level.</doc>
<status status="PASS" start="2024-04-06T10:14:07.760339" elapsed="0.000387"/>
</kw>
<status status="PASS" start="2024-04-06T10:14:07.665484" elapsed="0.095518"/>
</kw>
<kw name="Teste de Tipos de Dados - Postcode" owner="random-user-service">
<kw name="GET On Session" owner="RequestsLibrary">
<msg time="2024-04-06T10:14:07.851302" level="INFO">GET Request : url=https://randomuser.me/api 
 path_url=/api 
 headers={'User-Agent': 'python-requests/2.31.0', 'Accept-Encoding': 'gzip, deflate', 'Accept': '*/*', 'Connection': 'keep-alive'} 
 body=None 
 </msg>
<msg time="2024-04-06T10:14:07.851404" level="INFO">GET Response : url=https://randomuser.me/api 
 status=200, reason=OK 
 headers={'Date': 'Sat, 06 Apr 2024 10:14:07 GMT', 'Content-Type': 'application/json; charset=utf-8', 'Transfer-Encoding': 'chunked', 'Connection': 'keep-alive', 'X-Powered-By': 'Express', 'Access-Control-Allow-Origin': '*', 'Cache-Control': 'no-cache', 'ETag': 'W/"490-8/6qqJoSKNp1Xz/mTZPlSoifbz4"', 'Vary': 'Accept-Encoding', 'Content-Encoding': 'gzip', 'CF-Cache-Status': 'DYNAMIC', 'Report-To': '{"endpoints":[{"url":"https:\\/\\/a.nel.cloudflare.com\\/report\\/v4?s=PVWL8EX1h0i0I9e946IqA3m2Q7VetfOKOqh4e%2BgR9Lr3z7Otmok69H3gTjYYzhtCHEcIVSxIo0bTQE4FJQwQlFjX0sPwT3jaALlwaP2l3YBgSVObOJ9hfpHMMHKV7iJm"}],"group":"cf-nel","max_age":604800}', 'NEL': '{"success_fraction":0,"report_to":"cf-nel","max_age":604800}', 'Server': 'cloudflare', 'CF-RAY': '8701025a8cc2d025-SJC', 'alt-svc': 'h3=":443"; ma=86400'} 
 body={"results":[{"gender":"male","name":{"title":"Mr","first":"Tony","last":"Vidal"},"location":{"street":{"number":7407,"name":"Esplanade du 9 Novembre 1989"},"city":"Angers","state":"Ariège","country":"France","postcode":98232,"coordinates":{"latitude":"-20.6822","longitude":"-12.6367"},"timezone":{"offset":"+6:00","description":"Almaty, Dhaka, Colombo"}},"email":"tony.vidal@example.com","login":{"uuid":"ffcb201f-765c-44e5-9ce0-5ede851cd2d8","username":"whitebird410","password":"sanity72","salt":"DzuVq6wL","md5":"9d94cc92a37fe2c403adf1623b63c61c","sha1":"25a069b15d33ad151417ab3e883940a00fef9920","sha256":"04154352fb53cf985fea1f15a615c0fe4b2f6ada6a585e4968f2433673fc9f19"},"dob":{"date":"1995-07-11T16:57:46.358Z","age":28},"registered":{"date":"2019-03-27T20:32:33.350Z","age":5},"phone":"03-30-78-18-52","cell":"06-95-02-75-65","id":{"name":"INSEE","value":"1950672374140 32"},"picture":{"large":"https://randomuser.me/api/portraits/men/91.jpg","medium":"https://randomuser.me/api/portraits/med/men/91.jpg","thumbnail":"https://randomuser.me/api/portraits/thumb/men/91.jpg"},"nat":"FR"}],"info":{"seed":"71b6d0a8e3de245c","results":1,"page":1,"version":"1.4"}} 
 </msg>
<msg time="2024-04-06T10:14:07.851505" level="INFO">/opt/hostedtoolcache/Python/3.12.2/x64/lib/python3.12/site-packages/urllib3/connectionpool.py:1103: InsecureRequestWarning: Unverified HTTPS request is being made to host 'randomuser.me'. Adding certificate verification is strongly advised. See: https://urllib3.readthedocs.io/en/latest/advanced-usage.html#tls-warnings
  warnings.warn(</msg>
<msg time="2024-04-06T10:14:07.851640" level="INFO">${response} = &lt;Response [200]&gt;</msg>
<var>${response}</var>
<arg>consultarAPI</arg>
<arg>/api</arg>
<doc>Sends a GET request on a previously created HTTP Session.</doc>
<status status="PASS" start="2024-04-06T10:14:07.761642" elapsed="0.090038"/>
</kw>
<kw name="Set Variable" owner="BuiltIn">
<msg time="2024-04-06T10:14:07.852961" level="INFO">${json_data} = {'results': [{'gender': 'male', 'name': {'title': 'Mr', 'first': 'Tony', 'last': 'Vidal'}, 'location': {'street': {'number': 7407, 'name': 'Esplanade du 9 Novembre 1989'}, 'city': 'Angers', 'state': '...</msg>
<var>${json_data}</var>
<arg>${response.json()}</arg>
<doc>Returns the given values which can then be assigned to a variables.</doc>
<status status="PASS" start="2024-04-06T10:14:07.852334" elapsed="0.000656"/>
</kw>
<kw name="Log" owner="BuiltIn">
<msg time="2024-04-06T10:14:07.853567" level="INFO">{'results': [{'gender': 'male', 'name': {'title': 'Mr', 'first': 'Tony', 'last': 'Vidal'}, 'location': {'street': {'number': 7407, 'name': 'Esplanade du 9 Novembre 1989'}, 'city': 'Angers', 'state': 'Ariège', 'country': 'France', 'postcode': 98232, 'coordinates': {'latitude': '-20.6822', 'longitude': '-12.6367'}, 'timezone': {'offset': '+6:00', 'description': 'Almaty, Dhaka, Colombo'}}, 'email': 'tony.vidal@example.com', 'login': {'uuid': 'ffcb201f-765c-44e5-9ce0-5ede851cd2d8', 'username': 'whitebird410', 'password': 'sanity72', 'salt': 'DzuVq6wL', 'md5': '9d94cc92a37fe2c403adf1623b63c61c', 'sha1': '25a069b15d33ad151417ab3e883940a00fef9920', 'sha256': '04154352fb53cf985fea1f15a615c0fe4b2f6ada6a585e4968f2433673fc9f19'}, 'dob': {'date': '1995-07-11T16:57:46.358Z', 'age': 28}, 'registered': {'date': '2019-03-27T20:32:33.350Z', 'age': 5}, 'phone': '03-30-78-18-52', 'cell': '06-95-02-75-65', 'id': {'name': 'INSEE', 'value': '1950672374140 32'}, 'picture': {'large': 'https://randomuser.me/api/portraits/men/91.jpg', 'medium': 'https://randomuser.me/api/portraits/med/men/91.jpg', 'thumbnail': 'https://randomuser.me/api/portraits/thumb/men/91.jpg'}, 'nat': 'FR'}], 'info': {'seed': '71b6d0a8e3de245c', 'results': 1, 'page': 1, 'version': '1.4'}}</msg>
<arg>${json_data}</arg>
<doc>Logs the given message with the given level.</doc>
<status status="PASS" start="2024-04-06T10:14:07.853381" elapsed="0.000276"/>
</kw>
<kw name="Should Be Equal As Numbers" owner="BuiltIn">
<arg>${json_data['results'][0]['location']['postcode']}</arg>
<arg>${json_data['results'][0]['location']['postcode']}</arg>
<doc>Fails if objects are unequal after converting them to real numbers.</doc>
<status status="PASS" start="2024-04-06T10:14:07.854007" elapsed="0.000665"/>
</kw>
<kw name="Log" owner="BuiltIn">
<msg time="2024-04-06T10:14:07.855227" level="INFO">98232</msg>
<arg>${json_data['results'][0]['location']['postcode']}</arg>
<doc>Logs the given message with the given level.</doc>
<status status="PASS" start="2024-04-06T10:14:07.854877" elapsed="0.000393"/>
</kw>
<status status="PASS" start="2024-04-06T10:14:07.761244" elapsed="0.094293"/>
</kw>
<doc>Testa se os tipos de dados na resposta da API estão corretos.</doc>
<tag>testeTiposDados</tag>
<status status="PASS" start="2024-04-06T10:14:07.664985" elapsed="0.190732"/>
</test>
<test id="s1-s1-t5" name="Validar conteudo" line="35">
<kw name="Teste de Tipos de Conteudo" owner="random-user-service">
<kw name="GET On Session" owner="RequestsLibrary">
<msg time="2024-04-06T10:14:07.953813" level="INFO">GET Request : url=https://randomuser.me/api 
 path_url=/api 
 headers={'User-Agent': 'python-requests/2.31.0', 'Accept-Encoding': 'gzip, deflate', 'Accept': '*/*', 'Connection': 'keep-alive'} 
 body=None 
 </msg>
<msg time="2024-04-06T10:14:07.953913" level="INFO">GET Response : url=https://randomuser.me/api 
 status=200, reason=OK 
 headers={'Date': 'Sat, 06 Apr 2024 10:14:07 GMT', 'Content-Type': 'application/json; charset=utf-8', 'Transfer-Encoding': 'chunked', 'Connection': 'keep-alive', 'X-Powered-By': 'Express', 'Access-Control-Allow-Origin': '*', 'Cache-Control': 'no-cache', 'ETag': 'W/"48f-cquLCa+YfIohpflvew50uZs0oyg"', 'Vary': 'Accept-Encoding', 'Content-Encoding': 'gzip', 'CF-Cache-Status': 'DYNAMIC', 'Report-To': '{"endpoints":[{"url":"https:\\/\\/a.nel.cloudflare.com\\/report\\/v4?s=NskDIjj6bCry%2BkFCZJu5BYL3oNCbUjSiE46ZHiViyPZGrC0SXGa9ELP%2FzkqNsZMz7V2MYpe0sCOJbtkQ3nZ8nFIiM5DnL0%2FGEFDWOjoY%2FCurwhmnTM8kd6gGMOp5sure"}],"group":"cf-nel","max_age":604800}', 'NEL': '{"success_fraction":0,"report_to":"cf-nel","max_age":604800}', 'Server': 'cloudflare', 'CF-RAY': '8701025b2d3cd025-SJC', 'alt-svc': 'h3=":443"; ma=86400'} 
 body={"results":[{"gender":"female","name":{"title":"Madame","first":"Agnes","last":"Moulin"},"location":{"street":{"number":9739,"name":"Rue du Cardinal-Gerlier"},"city":"Giornico","state":"Thurgau","country":"Switzerland","postcode":5095,"coordinates":{"latitude":"-61.6431","longitude":"108.2229"},"timezone":{"offset":"-2:00","description":"Mid-Atlantic"}},"email":"agnes.moulin@example.com","login":{"uuid":"0b55fc5c-6953-401a-85db-9c5c0e77f442","username":"sadmeercat821","password":"ssssss","salt":"JtpchNUv","md5":"6f77b8282b56a6adb8f70602bd76a71c","sha1":"8127ddecc080b4a6d51c6a23941e35e3e97cf850","sha256":"0e5a36231509b91da04d0e92ea82f5cade665182fe1c06781c758b4e5bcbc2b7"},"dob":{"date":"1964-01-09T08:20:57.729Z","age":60},"registered":{"date":"2017-10-16T21:02:05.018Z","age":6},"phone":"077 922 18 36","cell":"078 864 82 66","id":{"name":"AVS","value":"756.6778.7714.81"},"picture":{"large":"https://randomuser.me/api/portraits/women/2.jpg","medium":"https://randomuser.me/api/portraits/med/women/2.jpg","thumbnail":"https://randomuser.me/api/portraits/thumb/women/2.jpg"},"nat":"CH"}],"info":{"seed":"6431dd91e00ebfff","results":1,"page":1,"version":"1.4"}} 
 </msg>
<msg time="2024-04-06T10:14:07.953981" level="INFO">/opt/hostedtoolcache/Python/3.12.2/x64/lib/python3.12/site-packages/urllib3/connectionpool.py:1103: InsecureRequestWarning: Unverified HTTPS request is being made to host 'randomuser.me'. Adding certificate verification is strongly advised. See: https://urllib3.readthedocs.io/en/latest/advanced-usage.html#tls-warnings
  warnings.warn(</msg>
<msg time="2024-04-06T10:14:07.954110" level="INFO">${response} = &lt;Response [200]&gt;</msg>
<var>${response}</var>
<arg>consultarAPI</arg>
<arg>/api</arg>
<doc>Sends a GET request on a previously created HTTP Session.</doc>
<status status="PASS" start="2024-04-06T10:14:07.858269" elapsed="0.095881"/>
</kw>
<kw name="Set Variable" owner="BuiltIn">
<msg time="2024-04-06T10:14:07.955362" level="INFO">${json_data} = {'results': [{'gender': 'female', 'name': {'title': 'Madame', 'first': 'Agnes', 'last': 'Moulin'}, 'location': {'street': {'number': 9739, 'name': 'Rue du Cardinal-Gerlier'}, 'city': 'Giornico', 'stat...</msg>
<var>${json_data}</var>
<arg>${response.json()}</arg>
<doc>Returns the given values which can then be assigned to a variables.</doc>
<status status="PASS" start="2024-04-06T10:14:07.954788" elapsed="0.000603"/>
</kw>
<kw name="Set Variable" owner="BuiltIn">
<msg time="2024-04-06T10:14:07.956177" level="INFO">${name_title} = Madame</msg>
<var>${name_title}</var>
<arg>${json_data["results"][0]["name"]["title"]}</arg>
<doc>Returns the given values which can then be assigned to a variables.</doc>
<status status="PASS" start="2024-04-06T10:14:07.955755" elapsed="0.000449"/>
</kw>
<kw name="Create List" owner="BuiltIn">
<msg time="2024-04-06T10:14:07.956733" level="INFO">${allowed_titles} = ['Mr', 'Ms', 'Miss', 'Mrs', 'Madame', 'Monsieur']</msg>
<var>${allowed_titles}</var>
<arg>Mr</arg>
<arg>Ms</arg>
<arg>Miss</arg>
<arg>Mrs</arg>
<arg>Madame</arg>
<arg>Monsieur</arg>
<doc>Returns a list containing given items.</doc>
<status status="PASS" start="2024-04-06T10:14:07.956535" elapsed="0.000227"/>
</kw>
<kw name="List Should Contain Value" owner="Collections">
<msg time="2024-04-06T10:14:07.957285" level="INFO">False</msg>
<arg>${allowed_titles}</arg>
<arg>${name_title}</arg>
<doc>Fails if the ``value`` is not found from ``list``.</doc>
<status status="PASS" start="2024-04-06T10:14:07.957099" elapsed="0.000225"/>
</kw>
<kw name="Set Variable" owner="BuiltIn">
<msg time="2024-04-06T10:14:07.958085" level="INFO">${name_country} = CH</msg>
<var>${name_country}</var>
<arg>${json_data["results"][0]["nat"]}</arg>
<doc>Returns the given values which can then be assigned to a variables.</doc>
<status status="PASS" start="2024-04-06T10:14:07.957633" elapsed="0.000478"/>
</kw>
<kw name="Create List" owner="BuiltIn">
<msg time="2024-04-06T10:14:07.959042" level="INFO">${list_country} = ['AD', 'AE', 'AF', 'AG', 'AI', 'AL', 'AM', 'AO', 'AQ', 'AR', 'AS', 'AT', 'AU', 'AW', 'AX', 'AZ', 'BA', 'BB', 'BD', 'BE', 'BF', 'BG', 'BH', 'BI', 'BJ', 'BL', 'BM', 'BN', 'BO', 'BQ', 'BR', 'BS', 'BT', '...</msg>
<var>${list_country}</var>
<arg>AD</arg>
<arg>AE</arg>
<arg>AF</arg>
<arg>AG</arg>
<arg>AI</arg>
<arg>AL</arg>
<arg>AM</arg>
<arg>AO</arg>
<arg>AQ</arg>
<arg>AR</arg>
<arg>AS</arg>
<arg>AT</arg>
<arg>AU</arg>
<arg>AW</arg>
<arg>AX</arg>
<arg>AZ</arg>
<arg>BA</arg>
<arg>BB</arg>
<arg>BD</arg>
<arg>BE</arg>
<arg>BF</arg>
<arg>BG</arg>
<arg>BH</arg>
<arg>BI</arg>
<arg>BJ</arg>
<arg>BL</arg>
<arg>BM</arg>
<arg>BN</arg>
<arg>BO</arg>
<arg>BQ</arg>
<arg>BR</arg>
<arg>BS</arg>
<arg>BT</arg>
<arg>BV</arg>
<arg>BW</arg>
<arg>BY</arg>
<arg>BZ</arg>
<arg>CA</arg>
<arg>CC</arg>
<arg>CD</arg>
<arg>CF</arg>
<arg>CG</arg>
<arg>CH</arg>
<arg>CI</arg>
<arg>CK</arg>
<arg>CL</arg>
<arg>CM</arg>
<arg>CN</arg>
<arg>CO</arg>
<arg>CR</arg>
<arg>CU</arg>
<arg>CV</arg>
<arg>CW</arg>
<arg>CX</arg>
<arg>CY</arg>
<arg>CZ</arg>
<arg>DE</arg>
<arg>DJ</arg>
<arg>DK</arg>
<arg>DM</arg>
<arg>DO</arg>
<arg>DZ</arg>
<arg>EC</arg>
<arg>EE</arg>
<arg>EG</arg>
<arg>EH</arg>
<arg>ER</arg>
<arg>ES</arg>
<arg>ET</arg>
<arg>FI</arg>
<arg>FJ</arg>
<arg>FK</arg>
<arg>FM</arg>
<arg>FO</arg>
<arg>FR</arg>
<arg>GA</arg>
<arg>GB</arg>
<arg>GD</arg>
<arg>GE</arg>
<arg>GF</arg>
<arg>GG</arg>
<arg>GH</arg>
<arg>GI</arg>
<arg>GL</arg>
<arg>GM</arg>
<arg>GN</arg>
<arg>GP</arg>
<arg>GQ</arg>
<arg>GR</arg>
<arg>GS</arg>
<arg>GT</arg>
<arg>GU</arg>
<arg>GW</arg>
<arg>GY</arg>
<arg>HK</arg>
<arg>HM</arg>
<arg>HN</arg>
<arg>HR</arg>
<arg>HT</arg>
<arg>HU</arg>
<arg>ID</arg>
<arg>IE</arg>
<arg>IL</arg>
<arg>IM</arg>
<arg>IN</arg>
<arg>IO</arg>
<arg>IQ</arg>
<arg>IR</arg>
<arg>IS</arg>
<arg>IT</arg>
<arg>JE</arg>
<arg>JM</arg>
<arg>JO</arg>
<arg>JP</arg>
<arg>KE</arg>
<arg>KG</arg>
<arg>KH</arg>
<arg>KI</arg>
<arg>KM</arg>
<arg>KN</arg>
<arg>KP</arg>
<arg>KR</arg>
<arg>KW</arg>
<arg>KY</arg>
<arg>KZ</arg>
<arg>LA</arg>
<arg>LB</arg>
<arg>LC</arg>
<arg>LI</arg>
<arg>LK</arg>
<arg>LR</arg>
<arg>LS</arg>
<arg>LT</arg>
<arg>LU</arg>
<arg>LV</arg>
<arg>LY</arg>
<arg>MA</arg>
<arg>MC</arg>
<arg>MD</arg>
<arg>ME</arg>
<arg>MF</arg>
<arg>MG</arg>
<arg>MH</arg>
<arg>MK</arg>
<arg>ML</arg>
<arg>MM</arg>
<arg>MN</arg>
<arg>MO</arg>
<arg>MP</arg>
<arg>MQ</arg>
<arg>MR</arg>
<arg>MS</arg>
<arg>MT</arg>
<arg>MU</arg>
<arg>MV</arg>
<arg>MW</arg>
<arg>MX</arg>
<arg>MY</arg>
<arg>MZ</arg>
<arg>NA</arg>
<arg>NC</arg>
<arg>NE</arg>
<arg>NF</arg>
<arg>NG</arg>
<arg>NI</arg>
<arg>NL</arg>
<arg>NO</arg>
<arg>NP</arg>
<arg>NR</arg>
<arg>NU</arg>
<arg>NZ</arg>
<arg>OM</arg>
<arg>PA</arg>
<arg>PE</arg>
<arg>PF</arg>
<arg>PG</arg>
<arg>PH</arg>
<arg>PK</arg>
<arg>PL</arg>
<arg>PM</arg>
<arg>PN</arg>
<arg>PR</arg>
<arg>PS</arg>
<arg>PT</arg>
<arg>PW</arg>
<arg>PY</arg>
<arg>QA</arg>
<arg>RE</arg>
<arg>RO</arg>
<arg>RS</arg>
<arg>RU</arg>
<arg>RW</arg>
<arg>SA</arg>
<arg>SB</arg>
<arg>SC</arg>
<arg>SD</arg>
<arg>SE</arg>
<arg>SG</arg>
<arg>SH</arg>
<arg>SI</arg>
<arg>SJ</arg>
<arg>SK</arg>
<arg>SL</arg>
<arg>SM</arg>
<arg>SN</arg>
<arg>SO</arg>
<arg>SR</arg>
<arg>SS</arg>
<arg>ST</arg>
<arg>SV</arg>
<arg>SX</arg>
<arg>SY</arg>
<arg>SZ</arg>
<arg>TC</arg>
<arg>TD</arg>
<arg>TF</arg>
<arg>TG</arg>
<arg>TH</arg>
<arg>TJ</arg>
<arg>TK</arg>
<arg>TL</arg>
<arg>TM</arg>
<arg>TN</arg>
<arg>TO</arg>
<arg>TR</arg>
<arg>TT</arg>
<arg>TV</arg>
<arg>TW</arg>
<arg>TZ</arg>
<arg>UA</arg>
<arg>UG</arg>
<arg>UM</arg>
<arg>US</arg>
<arg>UY</arg>
<arg>UZ</arg>
<arg>VA</arg>
<arg>VC</arg>
<arg>VE</arg>
<arg>VG</arg>
<arg>VI</arg>
<arg>VN</arg>
<arg>VU</arg>
<arg>WF</arg>
<arg>WS</arg>
<arg>XK</arg>
<arg>YE</arg>
<arg>YT</arg>
<arg>ZA</arg>
<arg>ZM</arg>
<arg>ZW</arg>
<doc>Returns a list containing given items.</doc>
<status status="PASS" start="2024-04-06T10:14:07.958436" elapsed="0.000633"/>
</kw>
<kw name="List Should Contain Value" owner="Collections">
<msg time="2024-04-06T10:14:07.960244" level="INFO">False</msg>
<arg>${list_country}</arg>
<arg>${name_country}</arg>
<doc>Fails if the ``value`` is not found from ``list``.</doc>
<status status="PASS" start="2024-04-06T10:14:07.960030" elapsed="0.000252"/>
</kw>
<kw name="Run Keyword If" owner="BuiltIn">
<kw name="Should Be True" owner="BuiltIn">
<arg>${True}</arg>
<doc>Fails if the given condition is not true.</doc>
<status status="PASS" start="2024-04-06T10:14:07.961417" elapsed="0.000150"/>
</kw>
<arg>${json_data["results"][0]["location"]["coordinates"]["latitude"]} &gt;= -90 and ${json_data["results"][0]["location"]["coordinates"]["latitude"]} &lt;= 90</arg>
<arg>Should Be True</arg>
<arg>${True}</arg>
<doc>Runs the given keyword with the given arguments, if ``condition`` is true.</doc>
<status status="PASS" start="2024-04-06T10:14:07.960605" elapsed="0.001092"/>
</kw>
<kw name="Run Keyword If" owner="BuiltIn">
<kw name="Should Be True" owner="BuiltIn">
<arg>${True}</arg>
<doc>Fails if the given condition is not true.</doc>
<status status="PASS" start="2024-04-06T10:14:07.962600" elapsed="0.000141"/>
</kw>
<arg>${json_data["results"][0]["location"]["coordinates"]["longitude"]} &gt;= -180 and ${json_data["results"][0]["location"]["coordinates"]["longitude"]} &lt;= 180</arg>
<arg>Should Be True</arg>
<arg>${True}</arg>
<doc>Runs the given keyword with the given arguments, if ``condition`` is true.</doc>
<status status="PASS" start="2024-04-06T10:14:07.961890" elapsed="0.000979"/>
</kw>
<status status="PASS" start="2024-04-06T10:14:07.858026" elapsed="0.104978"/>
</kw>
<doc>Testa o conteúdo específico dos campos retornados pela API.</doc>
<tag>testeConteudo</tag>
<status status="PASS" start="2024-04-06T10:14:07.857559" elapsed="0.105605"/>
</test>
<status status="PASS" start="2024-04-06T10:14:07.108791" elapsed="0.856525"/>
</suite>
<status status="PASS" start="2024-04-06T10:14:07.094761" elapsed="0.876800"/>
</suite>
<statistics>
<total>
<stat pass="5" fail="0" skip="0">All Tests</stat>
</total>
<tag>
<stat pass="1" fail="0" skip="0">testeConteudo</stat>
<stat pass="1" fail="0" skip="0">testeEstruturaResposta</stat>
<stat pass="1" fail="0" skip="0">testeRequisicaoBasica</stat>
<stat pass="1" fail="0" skip="0">testeTiposDados</stat>
</tag>
<suite>
<stat pass="5" fail="0" skip="0" id="s1" name="Tests">Tests</stat>
<stat pass="5" fail="0" skip="0" id="s1-s1" name="Random-User-Test">Tests.Random-User-Test</stat>
</suite>
</statistics>
<errors>
</errors>
</robot>
