<?xml version="1.0" encoding="UTF-8"?>
<robot generator="Robot 7.0 (Python 3.12.2 on linux)" generated="2024-04-11T23:15:09.480272" rpa="false" schemaversion="5">
<suite id="s1" name="Tests" source="/home/runner/work/DesafioQAItauRogerioJordao/DesafioQAItauRogerioJordao/RamdonUser/tests">
<suite id="s1-s1" name="Random-User-Test" source="/home/runner/work/DesafioQAItauRogerioJordao/DesafioQAItauRogerioJordao/RamdonUser/tests/random-user-test.robot">
<test id="s1-s1-t1" name="Conectar" line="13">
<kw name="Conectar API" owner="random-user-service">
<kw name="Create Session" owner="RequestsLibrary">
<msg time="2024-04-11T23:15:09.836935" level="INFO">Creating Session using : alias=consultarAPI, url=https://randomuser.me/, headers={},                     cookies={}, auth=None, timeout=None, proxies=None, verify=False,                     debug=0 </msg>
<arg>consultarAPI</arg>
<arg>${URL}</arg>
<doc>Create Session: create a HTTP session to a server</doc>
<status status="PASS" start="2024-04-11T23:15:09.836736" elapsed="0.000361"/>
</kw>
<status status="PASS" start="2024-04-11T23:15:09.835738" elapsed="0.001708"/>
</kw>
<status status="PASS" start="2024-04-11T23:15:09.835117" elapsed="0.002545"/>
</test>
<test id="s1-s1-t2" name="Validar retorno 200 e JSON Válido" line="16">
<kw name="Teste de Requisicao Basica" owner="random-user-service">
<kw name="GET On Session" owner="RequestsLibrary">
<msg time="2024-04-11T23:15:10.018487" level="INFO">GET Request : url=https://randomuser.me/api 
 path_url=/api 
 headers={'User-Agent': 'python-requests/2.31.0', 'Accept-Encoding': 'gzip, deflate', 'Accept': '*/*', 'Connection': 'keep-alive'} 
 body=None 
 </msg>
<msg time="2024-04-11T23:15:10.018615" level="INFO">GET Response : url=https://randomuser.me/api 
 status=200, reason=OK 
 headers={'Date': 'Thu, 11 Apr 2024 23:15:10 GMT', 'Content-Type': 'application/json; charset=utf-8', 'Transfer-Encoding': 'chunked', 'Connection': 'keep-alive', 'X-Powered-By': 'Express', 'Access-Control-Allow-Origin': '*', 'Cache-Control': 'no-cache', 'ETag': 'W/"47a-Zs25QJlg+jARJ+4tU43UVTG0q/k"', 'Vary': 'Accept-Encoding', 'Content-Encoding': 'gzip', 'CF-Cache-Status': 'DYNAMIC', 'Report-To': '{"endpoints":[{"url":"https:\\/\\/a.nel.cloudflare.com\\/report\\/v4?s=t2eOllbQr3lPEeeWhBEfW5oAopxxpZGdhr0aXIX6Xx3V5yyOs4XT3b63FBYd67F3W0aLtqJZVvbpXRviW5UoxKnvFmUwo1bhbZB%2Bnsr9dGed3b9hJ3y3W6Cl1IFrCDhl"}],"group":"cf-nel","max_age":604800}', 'NEL': '{"success_fraction":0,"report_to":"cf-nel","max_age":604800}', 'Server': 'cloudflare', 'CF-RAY': '872ead5368445a6a-IAD', 'alt-svc': 'h3=":443"; ma=86400'} 
 body={"results":[{"gender":"female","name":{"title":"Mrs","first":"Victoria","last":"Ferrer"},"location":{"street":{"number":5613,"name":"Calle de La Luna"},"city":"Valencia","state":"Melilla","country":"Spain","postcode":53530,"coordinates":{"latitude":"-38.1184","longitude":"112.2237"},"timezone":{"offset":"-10:00","description":"Hawaii"}},"email":"victoria.ferrer@example.com","login":{"uuid":"f48188ed-7be8-4cc3-ba63-57d52339a434","username":"brownfrog532","password":"hayley","salt":"R6IWVpDP","md5":"1d1d8965dabebfe0a3549248e7948c82","sha1":"527a49e31e4467db6994858954db317b03c99b87","sha256":"78bb1bddbd93f97dda51b59c9382b5863fef0a92e8c1e8ce632524bb0fc1b7ae"},"dob":{"date":"1994-03-15T01:54:24.914Z","age":30},"registered":{"date":"2009-02-12T01:11:39.464Z","age":15},"phone":"922-562-139","cell":"639-978-491","id":{"name":"DNI","value":"37049313-A"},"picture":{"large":"https://randomuser.me/api/portraits/women/15.jpg","medium":"https://randomuser.me/api/portraits/med/women/15.jpg","thumbnail":"https://randomuser.me/api/portraits/thumb/women/15.jpg"},"nat":"ES"}],"info":{"seed":"5e51012ed6e115d0","results":1,"page":1,"version":"1.4"}} 
 </msg>
<msg time="2024-04-11T23:15:10.018692" level="INFO">/opt/hostedtoolcache/Python/3.12.2/x64/lib/python3.12/site-packages/urllib3/connectionpool.py:1103: InsecureRequestWarning: Unverified HTTPS request is being made to host 'randomuser.me'. Adding certificate verification is strongly advised. See: https://urllib3.readthedocs.io/en/latest/advanced-usage.html#tls-warnings
  warnings.warn(</msg>
<msg time="2024-04-11T23:15:10.018818" level="INFO">${response} = &lt;Response [200]&gt;</msg>
<var>${response}</var>
<arg>consultarAPI</arg>
<arg>/api</arg>
<doc>Sends a GET request on a previously created HTTP Session.</doc>
<status status="PASS" start="2024-04-11T23:15:09.840296" elapsed="0.178568"/>
</kw>
<kw name="Should Be Equal As Numbers" owner="BuiltIn">
<msg time="2024-04-11T23:15:10.019724" level="INFO">Argument types are:
&lt;class 'int'&gt;
&lt;class 'str'&gt;</msg>
<arg>${response.status_code}</arg>
<arg>200</arg>
<doc>Fails if objects are unequal after converting them to real numbers.</doc>
<status status="PASS" start="2024-04-11T23:15:10.019258" elapsed="0.000538"/>
</kw>
<kw name="Log" owner="BuiltIn">
<msg time="2024-04-11T23:15:10.020486" level="INFO">200</msg>
<arg>${response.status_code}</arg>
<doc>Logs the given message with the given level.</doc>
<status status="PASS" start="2024-04-11T23:15:10.020123" elapsed="0.000409"/>
</kw>
<kw name="Set Variable" owner="BuiltIn">
<msg time="2024-04-11T23:15:10.021292" level="INFO">${json_data} = {'results': [{'gender': 'female', 'name': {'title': 'Mrs', 'first': 'Victoria', 'last': 'Ferrer'}, 'location': {'street': {'number': 5613, 'name': 'Calle de La Luna'}, 'city': 'Valencia', 'state': 'Me...</msg>
<var>${json_data}</var>
<arg>${response.json()}</arg>
<doc>Returns the given values which can then be assigned to a variables.</doc>
<status status="PASS" start="2024-04-11T23:15:10.020861" elapsed="0.000458"/>
</kw>
<kw name="Dictionary Should Contain Key" owner="Collections">
<msg time="2024-04-11T23:15:10.021789" level="INFO">False</msg>
<arg>${json_data}</arg>
<arg>results</arg>
<doc>Fails if ``key`` is not found from ``dictionary``.</doc>
<status status="PASS" start="2024-04-11T23:15:10.021622" elapsed="0.000212"/>
</kw>
<status status="PASS" start="2024-04-11T23:15:09.840041" elapsed="0.182046"/>
</kw>
<doc>Testa se a API responde corretamente e retorna um objeto JSON válido.</doc>
<tag>testeRequisicaoBasica</tag>
<status status="PASS" start="2024-04-11T23:15:09.839508" elapsed="0.182754"/>
</test>
<test id="s1-s1-t3" name="Validar estrutura de resposta" line="22">
<kw name="Teste de Estrutura de Resposta" owner="random-user-service">
<kw name="GET On Session" owner="RequestsLibrary">
<msg time="2024-04-11T23:15:10.116343" level="INFO">GET Request : url=https://randomuser.me/api 
 path_url=/api 
 headers={'User-Agent': 'python-requests/2.31.0', 'Accept-Encoding': 'gzip, deflate', 'Accept': '*/*', 'Connection': 'keep-alive'} 
 body=None 
 </msg>
<msg time="2024-04-11T23:15:10.116424" level="INFO">GET Response : url=https://randomuser.me/api 
 status=200, reason=OK 
 headers={'Date': 'Thu, 11 Apr 2024 23:15:10 GMT', 'Content-Type': 'application/json; charset=utf-8', 'Transfer-Encoding': 'chunked', 'Connection': 'keep-alive', 'X-Powered-By': 'Express', 'Access-Control-Allow-Origin': '*', 'Cache-Control': 'no-cache', 'ETag': 'W/"496-VILD0l9WSYq+XkCxb4fG3KuwT5g"', 'Vary': 'Accept-Encoding', 'Content-Encoding': 'gzip', 'CF-Cache-Status': 'DYNAMIC', 'Report-To': '{"endpoints":[{"url":"https:\\/\\/a.nel.cloudflare.com\\/report\\/v4?s=W%2FDzaX6Xp%2FuDew7jWxTRhyjxP%2Bom94617HWabgo9ML0lE3JXaxsqnpoepp%2Fvb6mCXGEWsUOSTGPUeYF3ID1l3ESg6hXIKHfW75epSVDybTc85x5eZ3Y7%2BU9xozDvgLRb"}],"group":"cf-nel","max_age":604800}', 'NEL': '{"success_fraction":0,"report_to":"cf-nel","max_age":604800}', 'Server': 'cloudflare', 'CF-RAY': '872ead53a8795a6a-IAD', 'alt-svc': 'h3=":443"; ma=86400'} 
 body={"results":[{"gender":"male","name":{"title":"Mr","first":"Hans-Jochen","last":"Helbig"},"location":{"street":{"number":9904,"name":"Buchenweg"},"city":"Nürtingen","state":"Nordrhein-Westfalen","country":"Germany","postcode":41204,"coordinates":{"latitude":"-48.6566","longitude":"-94.7168"},"timezone":{"offset":"-12:00","description":"Eniwetok, Kwajalein"}},"email":"hans-jochen.helbig@example.com","login":{"uuid":"650f3a95-b143-45b8-be0f-53579d4a89eb","username":"angryzebra398","password":"ultima","salt":"RhqpvQHT","md5":"2cbf2a1cb90f135ef696566d3acd68f1","sha1":"34949dfcfdaa80a6036a759b0edded98134e701d","sha256":"f2f290a14f9d05fcf141980c4d2674d9fc0409ecf0a70e2d08e41eb7f45b4184"},"dob":{"date":"1958-01-29T02:25:50.155Z","age":66},"registered":{"date":"2009-01-27T07:07:51.091Z","age":15},"phone":"0582-6568769","cell":"0177-0180459","id":{"name":"SVNR","value":"72 280158 H 001"},"picture":{"large":"https://randomuser.me/api/portraits/men/45.jpg","medium":"https://randomuser.me/api/portraits/med/men/45.jpg","thumbnail":"https://randomuser.me/api/portraits/thumb/men/45.jpg"},"nat":"DE"}],"info":{"seed":"e81165a0d2050d7c","results":1,"page":1,"version":"1.4"}} 
 </msg>
<msg time="2024-04-11T23:15:10.116554" level="INFO">/opt/hostedtoolcache/Python/3.12.2/x64/lib/python3.12/site-packages/urllib3/connectionpool.py:1103: InsecureRequestWarning: Unverified HTTPS request is being made to host 'randomuser.me'. Adding certificate verification is strongly advised. See: https://urllib3.readthedocs.io/en/latest/advanced-usage.html#tls-warnings
  warnings.warn(</msg>
<msg time="2024-04-11T23:15:10.116692" level="INFO">${response} = &lt;Response [200]&gt;</msg>
<var>${response}</var>
<arg>consultarAPI</arg>
<arg>/api</arg>
<doc>Sends a GET request on a previously created HTTP Session.</doc>
<status status="PASS" start="2024-04-11T23:15:10.025065" elapsed="0.091674"/>
</kw>
<kw name="Set Variable" owner="BuiltIn">
<msg time="2024-04-11T23:15:10.117555" level="INFO">${json_data} = {'results': [{'gender': 'male', 'name': {'title': 'Mr', 'first': 'Hans-Jochen', 'last': 'Helbig'}, 'location': {'street': {'number': 9904, 'name': 'Buchenweg'}, 'city': 'Nürtingen', 'state': 'Nordrhei...</msg>
<var>${json_data}</var>
<arg>${response.json()}</arg>
<doc>Returns the given values which can then be assigned to a variables.</doc>
<status status="PASS" start="2024-04-11T23:15:10.117096" elapsed="0.000490"/>
</kw>
<kw name="Log" owner="BuiltIn">
<msg time="2024-04-11T23:15:10.118060" level="INFO">{'results': [{'gender': 'male', 'name': {'title': 'Mr', 'first': 'Hans-Jochen', 'last': 'Helbig'}, 'location': {'street': {'number': 9904, 'name': 'Buchenweg'}, 'city': 'Nürtingen', 'state': 'Nordrhein-Westfalen', 'country': 'Germany', 'postcode': 41204, 'coordinates': {'latitude': '-48.6566', 'longitude': '-94.7168'}, 'timezone': {'offset': '-12:00', 'description': 'Eniwetok, Kwajalein'}}, 'email': 'hans-jochen.helbig@example.com', 'login': {'uuid': '650f3a95-b143-45b8-be0f-53579d4a89eb', 'username': 'angryzebra398', 'password': 'ultima', 'salt': 'RhqpvQHT', 'md5': '2cbf2a1cb90f135ef696566d3acd68f1', 'sha1': '34949dfcfdaa80a6036a759b0edded98134e701d', 'sha256': 'f2f290a14f9d05fcf141980c4d2674d9fc0409ecf0a70e2d08e41eb7f45b4184'}, 'dob': {'date': '1958-01-29T02:25:50.155Z', 'age': 66}, 'registered': {'date': '2009-01-27T07:07:51.091Z', 'age': 15}, 'phone': '0582-6568769', 'cell': '0177-0180459', 'id': {'name': 'SVNR', 'value': '72 280158 H 001'}, 'picture': {'large': 'https://randomuser.me/api/portraits/men/45.jpg', 'medium': 'https://randomuser.me/api/portraits/med/men/45.jpg', 'thumbnail': 'https://randomuser.me/api/portraits/thumb/men/45.jpg'}, 'nat': 'DE'}], 'info': {'seed': 'e81165a0d2050d7c', 'results': 1, 'page': 1, 'version': '1.4'}}</msg>
<arg>${json_data}</arg>
<doc>Logs the given message with the given level.</doc>
<status status="PASS" start="2024-04-11T23:15:10.117898" elapsed="0.000212"/>
</kw>
<kw name="Dictionary Should Contain Key" owner="Collections">
<msg time="2024-04-11T23:15:10.118564" level="INFO">False</msg>
<arg>${json_data}</arg>
<arg>results</arg>
<doc>Fails if ``key`` is not found from ``dictionary``.</doc>
<status status="PASS" start="2024-04-11T23:15:10.118410" elapsed="0.000192"/>
</kw>
<kw name="Should Not Be Empty" owner="BuiltIn">
<msg time="2024-04-11T23:15:10.119032" level="INFO">Length is 2.</msg>
<arg>${json_data}</arg>
<doc>Verifies that the given item is not empty.</doc>
<status status="PASS" start="2024-04-11T23:15:10.118898" elapsed="0.000174"/>
</kw>
<kw name="Create List" owner="BuiltIn">
<msg time="2024-04-11T23:15:10.119577" level="INFO">${expected_keys} = ['gender', 'name', 'location', 'email', 'login']</msg>
<var>${expected_keys}</var>
<arg>gender</arg>
<arg>name</arg>
<arg>location</arg>
<arg>email</arg>
<arg>login</arg>
<doc>Returns a list containing given items.</doc>
<status status="PASS" start="2024-04-11T23:15:10.119410" elapsed="0.000193"/>
</kw>
<for flavor="IN">
<iter>
<kw name="Dictionary Should Contain Key" owner="Collections">
<msg time="2024-04-11T23:15:10.120565" level="INFO">False</msg>
<arg>${json_data['results'][0]}</arg>
<arg>${key}</arg>
<doc>Fails if ``key`` is not found from ``dictionary``.</doc>
<status status="PASS" start="2024-04-11T23:15:10.120169" elapsed="0.000436"/>
</kw>
<kw name="Log" owner="BuiltIn">
<msg time="2024-04-11T23:15:10.121293" level="INFO">{'gender': 'male', 'name': {'title': 'Mr', 'first': 'Hans-Jochen', 'last': 'Helbig'}, 'location': {'street': {'number': 9904, 'name': 'Buchenweg'}, 'city': 'Nürtingen', 'state': 'Nordrhein-Westfalen', 'country': 'Germany', 'postcode': 41204, 'coordinates': {'latitude': '-48.6566', 'longitude': '-94.7168'}, 'timezone': {'offset': '-12:00', 'description': 'Eniwetok, Kwajalein'}}, 'email': 'hans-jochen.helbig@example.com', 'login': {'uuid': '650f3a95-b143-45b8-be0f-53579d4a89eb', 'username': 'angryzebra398', 'password': 'ultima', 'salt': 'RhqpvQHT', 'md5': '2cbf2a1cb90f135ef696566d3acd68f1', 'sha1': '34949dfcfdaa80a6036a759b0edded98134e701d', 'sha256': 'f2f290a14f9d05fcf141980c4d2674d9fc0409ecf0a70e2d08e41eb7f45b4184'}, 'dob': {'date': '1958-01-29T02:25:50.155Z', 'age': 66}, 'registered': {'date': '2009-01-27T07:07:51.091Z', 'age': 15}, 'phone': '0582-6568769', 'cell': '0177-0180459', 'id': {'name': 'SVNR', 'value': '72 280158 H 001'}, 'picture': {'large': 'https://randomuser.me/api/portraits/men/45.jpg', 'medium': 'https://randomuser.me/api/portraits/med/men/45.jpg', 'thumbnail': 'https://randomuser.me/api/portraits/thumb/men/45.jpg'}, 'nat': 'DE'}</msg>
<arg>${json_data['results'][0]}</arg>
<doc>Logs the given message with the given level.</doc>
<status status="PASS" start="2024-04-11T23:15:10.120916" elapsed="0.000429"/>
</kw>
<kw name="Log" owner="BuiltIn">
<msg time="2024-04-11T23:15:10.121786" level="INFO">gender</msg>
<arg>${key}</arg>
<doc>Logs the given message with the given level.</doc>
<status status="PASS" start="2024-04-11T23:15:10.121652" elapsed="0.000173"/>
</kw>
<var name="${key}">gender</var>
<status status="PASS" start="2024-04-11T23:15:10.120045" elapsed="0.001999"/>
</iter>
<iter>
<kw name="Dictionary Should Contain Key" owner="Collections">
<msg time="2024-04-11T23:15:10.122737" level="INFO">False</msg>
<arg>${json_data['results'][0]}</arg>
<arg>${key}</arg>
<doc>Fails if ``key`` is not found from ``dictionary``.</doc>
<status status="PASS" start="2024-04-11T23:15:10.122350" elapsed="0.000425"/>
</kw>
<kw name="Log" owner="BuiltIn">
<msg time="2024-04-11T23:15:10.123514" level="INFO">{'gender': 'male', 'name': {'title': 'Mr', 'first': 'Hans-Jochen', 'last': 'Helbig'}, 'location': {'street': {'number': 9904, 'name': 'Buchenweg'}, 'city': 'Nürtingen', 'state': 'Nordrhein-Westfalen', 'country': 'Germany', 'postcode': 41204, 'coordinates': {'latitude': '-48.6566', 'longitude': '-94.7168'}, 'timezone': {'offset': '-12:00', 'description': 'Eniwetok, Kwajalein'}}, 'email': 'hans-jochen.helbig@example.com', 'login': {'uuid': '650f3a95-b143-45b8-be0f-53579d4a89eb', 'username': 'angryzebra398', 'password': 'ultima', 'salt': 'RhqpvQHT', 'md5': '2cbf2a1cb90f135ef696566d3acd68f1', 'sha1': '34949dfcfdaa80a6036a759b0edded98134e701d', 'sha256': 'f2f290a14f9d05fcf141980c4d2674d9fc0409ecf0a70e2d08e41eb7f45b4184'}, 'dob': {'date': '1958-01-29T02:25:50.155Z', 'age': 66}, 'registered': {'date': '2009-01-27T07:07:51.091Z', 'age': 15}, 'phone': '0582-6568769', 'cell': '0177-0180459', 'id': {'name': 'SVNR', 'value': '72 280158 H 001'}, 'picture': {'large': 'https://randomuser.me/api/portraits/men/45.jpg', 'medium': 'https://randomuser.me/api/portraits/med/men/45.jpg', 'thumbnail': 'https://randomuser.me/api/portraits/thumb/men/45.jpg'}, 'nat': 'DE'}</msg>
<arg>${json_data['results'][0]}</arg>
<doc>Logs the given message with the given level.</doc>
<status status="PASS" start="2024-04-11T23:15:10.123108" elapsed="0.000456"/>
</kw>
<kw name="Log" owner="BuiltIn">
<msg time="2024-04-11T23:15:10.124004" level="INFO">name</msg>
<arg>${key}</arg>
<doc>Logs the given message with the given level.</doc>
<status status="PASS" start="2024-04-11T23:15:10.123871" elapsed="0.000172"/>
</kw>
<var name="${key}">name</var>
<status status="PASS" start="2024-04-11T23:15:10.122235" elapsed="0.002026"/>
</iter>
<iter>
<kw name="Dictionary Should Contain Key" owner="Collections">
<msg time="2024-04-11T23:15:10.124938" level="INFO">False</msg>
<arg>${json_data['results'][0]}</arg>
<arg>${key}</arg>
<doc>Fails if ``key`` is not found from ``dictionary``.</doc>
<status status="PASS" start="2024-04-11T23:15:10.124552" elapsed="0.000425"/>
</kw>
<kw name="Log" owner="BuiltIn">
<msg time="2024-04-11T23:15:10.125644" level="INFO">{'gender': 'male', 'name': {'title': 'Mr', 'first': 'Hans-Jochen', 'last': 'Helbig'}, 'location': {'street': {'number': 9904, 'name': 'Buchenweg'}, 'city': 'Nürtingen', 'state': 'Nordrhein-Westfalen', 'country': 'Germany', 'postcode': 41204, 'coordinates': {'latitude': '-48.6566', 'longitude': '-94.7168'}, 'timezone': {'offset': '-12:00', 'description': 'Eniwetok, Kwajalein'}}, 'email': 'hans-jochen.helbig@example.com', 'login': {'uuid': '650f3a95-b143-45b8-be0f-53579d4a89eb', 'username': 'angryzebra398', 'password': 'ultima', 'salt': 'RhqpvQHT', 'md5': '2cbf2a1cb90f135ef696566d3acd68f1', 'sha1': '34949dfcfdaa80a6036a759b0edded98134e701d', 'sha256': 'f2f290a14f9d05fcf141980c4d2674d9fc0409ecf0a70e2d08e41eb7f45b4184'}, 'dob': {'date': '1958-01-29T02:25:50.155Z', 'age': 66}, 'registered': {'date': '2009-01-27T07:07:51.091Z', 'age': 15}, 'phone': '0582-6568769', 'cell': '0177-0180459', 'id': {'name': 'SVNR', 'value': '72 280158 H 001'}, 'picture': {'large': 'https://randomuser.me/api/portraits/men/45.jpg', 'medium': 'https://randomuser.me/api/portraits/med/men/45.jpg', 'thumbnail': 'https://randomuser.me/api/portraits/thumb/men/45.jpg'}, 'nat': 'DE'}</msg>
<arg>${json_data['results'][0]}</arg>
<doc>Logs the given message with the given level.</doc>
<status status="PASS" start="2024-04-11T23:15:10.125279" elapsed="0.000420"/>
</kw>
<kw name="Log" owner="BuiltIn">
<msg time="2024-04-11T23:15:10.126129" level="INFO">location</msg>
<arg>${key}</arg>
<doc>Logs the given message with the given level.</doc>
<status status="PASS" start="2024-04-11T23:15:10.125999" elapsed="0.000169"/>
</kw>
<var name="${key}">location</var>
<status status="PASS" start="2024-04-11T23:15:10.124441" elapsed="0.001945"/>
</iter>
<iter>
<kw name="Dictionary Should Contain Key" owner="Collections">
<msg time="2024-04-11T23:15:10.127055" level="INFO">False</msg>
<arg>${json_data['results'][0]}</arg>
<arg>${key}</arg>
<doc>Fails if ``key`` is not found from ``dictionary``.</doc>
<status status="PASS" start="2024-04-11T23:15:10.126671" elapsed="0.000422"/>
</kw>
<kw name="Log" owner="BuiltIn">
<msg time="2024-04-11T23:15:10.127788" level="INFO">{'gender': 'male', 'name': {'title': 'Mr', 'first': 'Hans-Jochen', 'last': 'Helbig'}, 'location': {'street': {'number': 9904, 'name': 'Buchenweg'}, 'city': 'Nürtingen', 'state': 'Nordrhein-Westfalen', 'country': 'Germany', 'postcode': 41204, 'coordinates': {'latitude': '-48.6566', 'longitude': '-94.7168'}, 'timezone': {'offset': '-12:00', 'description': 'Eniwetok, Kwajalein'}}, 'email': 'hans-jochen.helbig@example.com', 'login': {'uuid': '650f3a95-b143-45b8-be0f-53579d4a89eb', 'username': 'angryzebra398', 'password': 'ultima', 'salt': 'RhqpvQHT', 'md5': '2cbf2a1cb90f135ef696566d3acd68f1', 'sha1': '34949dfcfdaa80a6036a759b0edded98134e701d', 'sha256': 'f2f290a14f9d05fcf141980c4d2674d9fc0409ecf0a70e2d08e41eb7f45b4184'}, 'dob': {'date': '1958-01-29T02:25:50.155Z', 'age': 66}, 'registered': {'date': '2009-01-27T07:07:51.091Z', 'age': 15}, 'phone': '0582-6568769', 'cell': '0177-0180459', 'id': {'name': 'SVNR', 'value': '72 280158 H 001'}, 'picture': {'large': 'https://randomuser.me/api/portraits/men/45.jpg', 'medium': 'https://randomuser.me/api/portraits/med/men/45.jpg', 'thumbnail': 'https://randomuser.me/api/portraits/thumb/men/45.jpg'}, 'nat': 'DE'}</msg>
<arg>${json_data['results'][0]}</arg>
<doc>Logs the given message with the given level.</doc>
<status status="PASS" start="2024-04-11T23:15:10.127410" elapsed="0.000428"/>
</kw>
<kw name="Log" owner="BuiltIn">
<msg time="2024-04-11T23:15:10.128269" level="INFO">email</msg>
<arg>${key}</arg>
<doc>Logs the given message with the given level.</doc>
<status status="PASS" start="2024-04-11T23:15:10.128139" elapsed="0.000167"/>
</kw>
<var name="${key}">email</var>
<status status="PASS" start="2024-04-11T23:15:10.126561" elapsed="0.001961"/>
</iter>
<iter>
<kw name="Dictionary Should Contain Key" owner="Collections">
<msg time="2024-04-11T23:15:10.129193" level="INFO">False</msg>
<arg>${json_data['results'][0]}</arg>
<arg>${key}</arg>
<doc>Fails if ``key`` is not found from ``dictionary``.</doc>
<status status="PASS" start="2024-04-11T23:15:10.128808" elapsed="0.000423"/>
</kw>
<kw name="Log" owner="BuiltIn">
<msg time="2024-04-11T23:15:10.129893" level="INFO">{'gender': 'male', 'name': {'title': 'Mr', 'first': 'Hans-Jochen', 'last': 'Helbig'}, 'location': {'street': {'number': 9904, 'name': 'Buchenweg'}, 'city': 'Nürtingen', 'state': 'Nordrhein-Westfalen', 'country': 'Germany', 'postcode': 41204, 'coordinates': {'latitude': '-48.6566', 'longitude': '-94.7168'}, 'timezone': {'offset': '-12:00', 'description': 'Eniwetok, Kwajalein'}}, 'email': 'hans-jochen.helbig@example.com', 'login': {'uuid': '650f3a95-b143-45b8-be0f-53579d4a89eb', 'username': 'angryzebra398', 'password': 'ultima', 'salt': 'RhqpvQHT', 'md5': '2cbf2a1cb90f135ef696566d3acd68f1', 'sha1': '34949dfcfdaa80a6036a759b0edded98134e701d', 'sha256': 'f2f290a14f9d05fcf141980c4d2674d9fc0409ecf0a70e2d08e41eb7f45b4184'}, 'dob': {'date': '1958-01-29T02:25:50.155Z', 'age': 66}, 'registered': {'date': '2009-01-27T07:07:51.091Z', 'age': 15}, 'phone': '0582-6568769', 'cell': '0177-0180459', 'id': {'name': 'SVNR', 'value': '72 280158 H 001'}, 'picture': {'large': 'https://randomuser.me/api/portraits/men/45.jpg', 'medium': 'https://randomuser.me/api/portraits/med/men/45.jpg', 'thumbnail': 'https://randomuser.me/api/portraits/thumb/men/45.jpg'}, 'nat': 'DE'}</msg>
<arg>${json_data['results'][0]}</arg>
<doc>Logs the given message with the given level.</doc>
<status status="PASS" start="2024-04-11T23:15:10.129526" elapsed="0.000416"/>
</kw>
<kw name="Log" owner="BuiltIn">
<msg time="2024-04-11T23:15:10.130376" level="INFO">login</msg>
<arg>${key}</arg>
<doc>Logs the given message with the given level.</doc>
<status status="PASS" start="2024-04-11T23:15:10.130246" elapsed="0.000169"/>
</kw>
<var name="${key}">login</var>
<status status="PASS" start="2024-04-11T23:15:10.128699" elapsed="0.001958"/>
</iter>
<var>${key}</var>
<value>@{expected_keys}</value>
<status status="PASS" start="2024-04-11T23:15:10.119864" elapsed="0.010920"/>
</for>
<kw name="Create List" owner="BuiltIn">
<msg time="2024-04-11T23:15:10.131118" level="INFO">${expected_keysTwo} = ['username', 'password']</msg>
<var>${expected_keysTwo}</var>
<arg>username</arg>
<arg>password</arg>
<doc>Returns a list containing given items.</doc>
<status status="PASS" start="2024-04-11T23:15:10.130978" elapsed="0.000164"/>
</kw>
<for flavor="IN">
<iter>
<kw name="Dictionary Should Contain Key" owner="Collections">
<msg time="2024-04-11T23:15:10.132168" level="INFO">False</msg>
<arg>${json_data['results'][0]['login']}</arg>
<arg>${keyTwo}</arg>
<doc>Fails if ``key`` is not found from ``dictionary``.</doc>
<status status="PASS" start="2024-04-11T23:15:10.131783" elapsed="0.000424"/>
</kw>
<kw name="Dictionary Should Contain Key" owner="Collections">
<msg time="2024-04-11T23:15:10.132887" level="INFO">False</msg>
<arg>${json_data['results'][0]['login']}</arg>
<arg>${keyTwo}</arg>
<doc>Fails if ``key`` is not found from ``dictionary``.</doc>
<status status="PASS" start="2024-04-11T23:15:10.132507" elapsed="0.000417"/>
</kw>
<kw name="Log" owner="BuiltIn">
<msg time="2024-04-11T23:15:10.133352" level="INFO">username</msg>
<arg>${keyTwo}</arg>
<doc>Logs the given message with the given level.</doc>
<status status="PASS" start="2024-04-11T23:15:10.133223" elapsed="0.000168"/>
</kw>
<var name="${keyTwo}">username</var>
<status status="PASS" start="2024-04-11T23:15:10.131669" elapsed="0.001939"/>
</iter>
<iter>
<kw name="Dictionary Should Contain Key" owner="Collections">
<msg time="2024-04-11T23:15:10.134270" level="INFO">False</msg>
<arg>${json_data['results'][0]['login']}</arg>
<arg>${keyTwo}</arg>
<doc>Fails if ``key`` is not found from ``dictionary``.</doc>
<status status="PASS" start="2024-04-11T23:15:10.133893" elapsed="0.000416"/>
</kw>
<kw name="Dictionary Should Contain Key" owner="Collections">
<msg time="2024-04-11T23:15:10.134985" level="INFO">False</msg>
<arg>${json_data['results'][0]['login']}</arg>
<arg>${keyTwo}</arg>
<doc>Fails if ``key`` is not found from ``dictionary``.</doc>
<status status="PASS" start="2024-04-11T23:15:10.134602" elapsed="0.000421"/>
</kw>
<kw name="Log" owner="BuiltIn">
<msg time="2024-04-11T23:15:10.135481" level="INFO">password</msg>
<arg>${keyTwo}</arg>
<doc>Logs the given message with the given level.</doc>
<status status="PASS" start="2024-04-11T23:15:10.135319" elapsed="0.000202"/>
</kw>
<var name="${keyTwo}">password</var>
<status status="PASS" start="2024-04-11T23:15:10.133783" elapsed="0.001956"/>
</iter>
<var>${keyTwo}</var>
<value>@{expected_keysTwo}</value>
<status status="PASS" start="2024-04-11T23:15:10.131401" elapsed="0.004460"/>
</for>
<status status="PASS" start="2024-04-11T23:15:10.024830" elapsed="0.111174"/>
</kw>
<doc>Testa a estrutura da resposta da API.</doc>
<tag>testeEstruturaResposta</tag>
<status status="PASS" start="2024-04-11T23:15:10.024118" elapsed="0.112040"/>
</test>
<test id="s1-s1-t4" name="Validar tipos de dados" line="28">
<kw name="Teste de Tipos de Dados" owner="random-user-service">
<kw name="GET On Session" owner="RequestsLibrary">
<msg time="2024-04-11T23:15:10.222057" level="INFO">GET Request : url=https://randomuser.me/api 
 path_url=/api 
 headers={'User-Agent': 'python-requests/2.31.0', 'Accept-Encoding': 'gzip, deflate', 'Accept': '*/*', 'Connection': 'keep-alive'} 
 body=None 
 </msg>
<msg time="2024-04-11T23:15:10.222119" level="INFO">GET Response : url=https://randomuser.me/api 
 status=200, reason=OK 
 headers={'Date': 'Thu, 11 Apr 2024 23:15:10 GMT', 'Content-Type': 'application/json; charset=utf-8', 'Transfer-Encoding': 'chunked', 'Connection': 'keep-alive', 'X-Powered-By': 'Express', 'Access-Control-Allow-Origin': '*', 'Cache-Control': 'no-cache', 'ETag': 'W/"48d-RX1z8DH0OFpGnqFRL3PkPmqE/98"', 'Vary': 'Accept-Encoding', 'Content-Encoding': 'gzip', 'CF-Cache-Status': 'DYNAMIC', 'Report-To': '{"endpoints":[{"url":"https:\\/\\/a.nel.cloudflare.com\\/report\\/v4?s=fYZou%2BCCNoDWBQBBGxKjE8giW1TqAdILYc2xKNpqRrFV6oD1yCc3T%2FDfs55hg1erpoG92PmfNkse%2BWZXHx4UXz%2BenRIV6JS92eEehXIgtTom3Gfo5zXzM3DlWigLXvQp"}],"group":"cf-nel","max_age":604800}', 'NEL': '{"success_fraction":0,"report_to":"cf-nel","max_age":604800}', 'Server': 'cloudflare', 'CF-RAY': '872ead5458f95a6a-IAD', 'alt-svc': 'h3=":443"; ma=86400'} 
 body={"results":[{"gender":"male","name":{"title":"Mr","first":"Lester","last":"Craig"},"location":{"street":{"number":5640,"name":"George Street"},"city":"Kingston upon Hull","state":"Essex","country":"United Kingdom","postcode":"O4 5SN","coordinates":{"latitude":"-6.3212","longitude":"-10.0978"},"timezone":{"offset":"-11:00","description":"Midway Island, Samoa"}},"email":"lester.craig@example.com","login":{"uuid":"9209265b-2f18-4131-bfc6-ec30ed1a1dd1","username":"silvergoose895","password":"young","salt":"i0gHeofS","md5":"4f68a21e7b06554679ba39f48244589a","sha1":"1bd897e9220fe81d7309e6dd7502c0f02219149e","sha256":"e3bfdc087401f8c4dd2b74019c6ffc13e98a62a4f9a5283983128a28fd2de88d"},"dob":{"date":"1988-10-23T01:14:56.942Z","age":35},"registered":{"date":"2007-01-10T04:13:03.793Z","age":17},"phone":"016974 11315","cell":"07471 465734","id":{"name":"NINO","value":"XB 56 36 28 N"},"picture":{"large":"https://randomuser.me/api/portraits/men/2.jpg","medium":"https://randomuser.me/api/portraits/med/men/2.jpg","thumbnail":"https://randomuser.me/api/portraits/thumb/men/2.jpg"},"nat":"GB"}],"info":{"seed":"e9b3f2e8f8e304c3","results":1,"page":1,"version":"1.4"}} 
 </msg>
<msg time="2024-04-11T23:15:10.222174" level="INFO">/opt/hostedtoolcache/Python/3.12.2/x64/lib/python3.12/site-packages/urllib3/connectionpool.py:1103: InsecureRequestWarning: Unverified HTTPS request is being made to host 'randomuser.me'. Adding certificate verification is strongly advised. See: https://urllib3.readthedocs.io/en/latest/advanced-usage.html#tls-warnings
  warnings.warn(</msg>
<msg time="2024-04-11T23:15:10.222280" level="INFO">${response} = &lt;Response [200]&gt;</msg>
<var>${response}</var>
<arg>consultarAPI</arg>
<arg>/api</arg>
<doc>Sends a GET request on a previously created HTTP Session.</doc>
<status status="PASS" start="2024-04-11T23:15:10.138513" elapsed="0.083810"/>
</kw>
<kw name="Set Variable" owner="BuiltIn">
<msg time="2024-04-11T23:15:10.223108" level="INFO">${json_data} = {'results': [{'gender': 'male', 'name': {'title': 'Mr', 'first': 'Lester', 'last': 'Craig'}, 'location': {'street': {'number': 5640, 'name': 'George Street'}, 'city': 'Kingston upon Hull', 'state': 'E...</msg>
<var>${json_data}</var>
<arg>${response.json()}</arg>
<doc>Returns the given values which can then be assigned to a variables.</doc>
<status status="PASS" start="2024-04-11T23:15:10.222673" elapsed="0.000471"/>
</kw>
<kw name="Log" owner="BuiltIn">
<msg time="2024-04-11T23:15:10.223646" level="INFO">{'results': [{'gender': 'male', 'name': {'title': 'Mr', 'first': 'Lester', 'last': 'Craig'}, 'location': {'street': {'number': 5640, 'name': 'George Street'}, 'city': 'Kingston upon Hull', 'state': 'Essex', 'country': 'United Kingdom', 'postcode': 'O4 5SN', 'coordinates': {'latitude': '-6.3212', 'longitude': '-10.0978'}, 'timezone': {'offset': '-11:00', 'description': 'Midway Island, Samoa'}}, 'email': 'lester.craig@example.com', 'login': {'uuid': '9209265b-2f18-4131-bfc6-ec30ed1a1dd1', 'username': 'silvergoose895', 'password': 'young', 'salt': 'i0gHeofS', 'md5': '4f68a21e7b06554679ba39f48244589a', 'sha1': '1bd897e9220fe81d7309e6dd7502c0f02219149e', 'sha256': 'e3bfdc087401f8c4dd2b74019c6ffc13e98a62a4f9a5283983128a28fd2de88d'}, 'dob': {'date': '1988-10-23T01:14:56.942Z', 'age': 35}, 'registered': {'date': '2007-01-10T04:13:03.793Z', 'age': 17}, 'phone': '016974 11315', 'cell': '07471 465734', 'id': {'name': 'NINO', 'value': 'XB 56 36 28 N'}, 'picture': {'large': 'https://randomuser.me/api/portraits/men/2.jpg', 'medium': 'https://randomuser.me/api/portraits/med/men/2.jpg', 'thumbnail': 'https://randomuser.me/api/portraits/thumb/men/2.jpg'}, 'nat': 'GB'}], 'info': {'seed': 'e9b3f2e8f8e304c3', 'results': 1, 'page': 1, 'version': '1.4'}}</msg>
<arg>${json_data}</arg>
<doc>Logs the given message with the given level.</doc>
<status status="PASS" start="2024-04-11T23:15:10.223491" elapsed="0.000234"/>
</kw>
<kw name="Should Be String" owner="String">
<arg>${json_data['results'][0]['gender']}</arg>
<doc>Fails if the given ``item`` is not a string.</doc>
<status status="PASS" start="2024-04-11T23:15:10.224029" elapsed="0.000359"/>
</kw>
<kw name="Should Match Regexp" owner="BuiltIn">
<arg>${json_data['results'][0]['email']}</arg>
<arg>^[a-zA-Z0-9._%+-]+@[a-zA-Z0-9.-]+\.[a-zA-Z]{2,}$</arg>
<doc>Fails if ``string`` does not match ``pattern`` as a regular expression.</doc>
<status status="PASS" start="2024-04-11T23:15:10.224583" elapsed="0.000493"/>
</kw>
<kw name="Should Match Regexp" owner="BuiltIn">
<arg>${json_data['results'][0]['dob']['date']}</arg>
<arg>\\d{4}-\\d{2}-\\d{2}T\\d{2}:\\d{2}:\\d{2}\\.\\d{3}Z</arg>
<doc>Fails if ``string`` does not match ``pattern`` as a regular expression.</doc>
<status status="PASS" start="2024-04-11T23:15:10.225274" elapsed="0.000487"/>
</kw>
<kw name="Should Match Regexp" owner="BuiltIn">
<arg>${json_data['results'][0]['registered']['date']}</arg>
<arg>\\d{4}-\\d{2}-\\d{2}T\\d{2}:\\d{2}:\\d{2}\\.\\d{3}Z</arg>
<doc>Fails if ``string`` does not match ``pattern`` as a regular expression.</doc>
<status status="PASS" start="2024-04-11T23:15:10.225955" elapsed="0.000374"/>
</kw>
<kw name="Should Match Regexp" owner="BuiltIn">
<arg>${json_data['results'][0]['picture']['large']}</arg>
<arg>^https?://.*\.(?:png|jpe?g|gif|bmp)$</arg>
<doc>Fails if ``string`` does not match ``pattern`` as a regular expression.</doc>
<status status="PASS" start="2024-04-11T23:15:10.226518" elapsed="0.000458"/>
</kw>
<kw name="Should Match Regexp" owner="BuiltIn">
<arg>${json_data['results'][0]['picture']['medium']}</arg>
<arg>^https?://.*\.(?:png|jpe?g|gif|bmp)$</arg>
<doc>Fails if ``string`` does not match ``pattern`` as a regular expression.</doc>
<status status="PASS" start="2024-04-11T23:15:10.227165" elapsed="0.000391"/>
</kw>
<kw name="Should Match Regexp" owner="BuiltIn">
<arg>${json_data['results'][0]['picture']['thumbnail']}</arg>
<arg>^https?://.*\.(?:png|jpe?g|gif|bmp)$</arg>
<doc>Fails if ``string`` does not match ``pattern`` as a regular expression.</doc>
<status status="PASS" start="2024-04-11T23:15:10.227743" elapsed="0.000354"/>
</kw>
<kw name="Log" owner="BuiltIn">
<msg time="2024-04-11T23:15:10.228598" level="INFO">{'large': 'https://randomuser.me/api/portraits/men/2.jpg', 'medium': 'https://randomuser.me/api/portraits/med/men/2.jpg', 'thumbnail': 'https://randomuser.me/api/portraits/thumb/men/2.jpg'}</msg>
<arg>${json_data['results'][0]['picture']}</arg>
<doc>Logs the given message with the given level.</doc>
<status status="PASS" start="2024-04-11T23:15:10.228276" elapsed="0.000364"/>
</kw>
<status status="PASS" start="2024-04-11T23:15:10.138288" elapsed="0.090605"/>
</kw>
<kw name="Teste de Tipos de Dados - Postcode" owner="random-user-service">
<kw name="GET On Session" owner="RequestsLibrary">
<msg time="2024-04-11T23:15:10.317312" level="INFO">GET Request : url=https://randomuser.me/api 
 path_url=/api 
 headers={'User-Agent': 'python-requests/2.31.0', 'Accept-Encoding': 'gzip, deflate', 'Accept': '*/*', 'Connection': 'keep-alive'} 
 body=None 
 </msg>
<msg time="2024-04-11T23:15:10.317373" level="INFO">GET Response : url=https://randomuser.me/api 
 status=200, reason=OK 
 headers={'Date': 'Thu, 11 Apr 2024 23:15:10 GMT', 'Content-Type': 'application/json; charset=utf-8', 'Transfer-Encoding': 'chunked', 'Connection': 'keep-alive', 'X-Powered-By': 'Express', 'Access-Control-Allow-Origin': '*', 'Cache-Control': 'no-cache', 'ETag': 'W/"464-XwNCTs0q5OENpokGo87fzf4ZPyY"', 'Vary': 'Accept-Encoding', 'Content-Encoding': 'gzip', 'CF-Cache-Status': 'DYNAMIC', 'Report-To': '{"endpoints":[{"url":"https:\\/\\/a.nel.cloudflare.com\\/report\\/v4?s=1DdyxoqL9T5KkuG10fahLEFIDXltqPYnh5JgghLp9RS4dvIZnpakbbf9AIYNjENczZI0IH3JzJHkXuC8f7pPee7G2tGFl8oRwetgxItpyXJESp40lzuqSCcoG8cIBBmX"}],"group":"cf-nel","max_age":604800}', 'NEL': '{"success_fraction":0,"report_to":"cf-nel","max_age":604800}', 'Server': 'cloudflare', 'CF-RAY': '872ead54f9955a6a-IAD', 'alt-svc': 'h3=":443"; ma=86400'} 
 body={"results":[{"gender":"male","name":{"title":"Mr","first":"Ethan","last":"Bue"},"location":{"street":{"number":7645,"name":"Ankerveien"},"city":"Lauve","state":"Buskerud","country":"Norway","postcode":"9131","coordinates":{"latitude":"40.4689","longitude":"-122.5096"},"timezone":{"offset":"+6:00","description":"Almaty, Dhaka, Colombo"}},"email":"ethan.bue@example.com","login":{"uuid":"41cc0728-6623-4ed3-b0b6-aa707ded79fb","username":"sadgorilla689","password":"1961","salt":"AAkn71oB","md5":"1ad1178177acba277dcf0d888f479224","sha1":"4cf5a440397e70293b7d96183edf77035c140315","sha256":"931c97099af7089d4e715ae5fc82823f7ca7e4b7b20578dfa5dc98619b0bad3e"},"dob":{"date":"1980-12-14T16:29:51.520Z","age":43},"registered":{"date":"2011-07-14T18:11:40.457Z","age":12},"phone":"58884597","cell":"99072062","id":{"name":"FN","value":"14128029924"},"picture":{"large":"https://randomuser.me/api/portraits/men/3.jpg","medium":"https://randomuser.me/api/portraits/med/men/3.jpg","thumbnail":"https://randomuser.me/api/portraits/thumb/men/3.jpg"},"nat":"NO"}],"info":{"seed":"6a0a415bf92143ff","results":1,"page":1,"version":"1.4"}} 
 </msg>
<msg time="2024-04-11T23:15:10.317439" level="INFO">/opt/hostedtoolcache/Python/3.12.2/x64/lib/python3.12/site-packages/urllib3/connectionpool.py:1103: InsecureRequestWarning: Unverified HTTPS request is being made to host 'randomuser.me'. Adding certificate verification is strongly advised. See: https://urllib3.readthedocs.io/en/latest/advanced-usage.html#tls-warnings
  warnings.warn(</msg>
<msg time="2024-04-11T23:15:10.317548" level="INFO">${response} = &lt;Response [200]&gt;</msg>
<var>${response}</var>
<arg>consultarAPI</arg>
<arg>/api</arg>
<doc>Sends a GET request on a previously created HTTP Session.</doc>
<status status="PASS" start="2024-04-11T23:15:10.229331" elapsed="0.088260"/>
</kw>
<kw name="Set Variable" owner="BuiltIn">
<msg time="2024-04-11T23:15:10.318402" level="INFO">${json_data} = {'results': [{'gender': 'male', 'name': {'title': 'Mr', 'first': 'Ethan', 'last': 'Bue'}, 'location': {'street': {'number': 7645, 'name': 'Ankerveien'}, 'city': 'Lauve', 'state': 'Buskerud', 'country'...</msg>
<var>${json_data}</var>
<arg>${response.json()}</arg>
<doc>Returns the given values which can then be assigned to a variables.</doc>
<status status="PASS" start="2024-04-11T23:15:10.317969" elapsed="0.000460"/>
</kw>
<kw name="Log" owner="BuiltIn">
<msg time="2024-04-11T23:15:10.318880" level="INFO">{'results': [{'gender': 'male', 'name': {'title': 'Mr', 'first': 'Ethan', 'last': 'Bue'}, 'location': {'street': {'number': 7645, 'name': 'Ankerveien'}, 'city': 'Lauve', 'state': 'Buskerud', 'country': 'Norway', 'postcode': '9131', 'coordinates': {'latitude': '40.4689', 'longitude': '-122.5096'}, 'timezone': {'offset': '+6:00', 'description': 'Almaty, Dhaka, Colombo'}}, 'email': 'ethan.bue@example.com', 'login': {'uuid': '41cc0728-6623-4ed3-b0b6-aa707ded79fb', 'username': 'sadgorilla689', 'password': '1961', 'salt': 'AAkn71oB', 'md5': '1ad1178177acba277dcf0d888f479224', 'sha1': '4cf5a440397e70293b7d96183edf77035c140315', 'sha256': '931c97099af7089d4e715ae5fc82823f7ca7e4b7b20578dfa5dc98619b0bad3e'}, 'dob': {'date': '1980-12-14T16:29:51.520Z', 'age': 43}, 'registered': {'date': '2011-07-14T18:11:40.457Z', 'age': 12}, 'phone': '58884597', 'cell': '99072062', 'id': {'name': 'FN', 'value': '14128029924'}, 'picture': {'large': 'https://randomuser.me/api/portraits/men/3.jpg', 'medium': 'https://randomuser.me/api/portraits/med/men/3.jpg', 'thumbnail': 'https://randomuser.me/api/portraits/thumb/men/3.jpg'}, 'nat': 'NO'}], 'info': {'seed': '6a0a415bf92143ff', 'results': 1, 'page': 1, 'version': '1.4'}}</msg>
<arg>${json_data}</arg>
<doc>Logs the given message with the given level.</doc>
<status status="PASS" start="2024-04-11T23:15:10.318728" elapsed="0.000228"/>
</kw>
<kw name="Should Be Equal As Numbers" owner="BuiltIn">
<arg>${json_data['results'][0]['location']['postcode']}</arg>
<arg>${json_data['results'][0]['location']['postcode']}</arg>
<doc>Fails if objects are unequal after converting them to real numbers.</doc>
<status status="PASS" start="2024-04-11T23:15:10.319260" elapsed="0.000657"/>
</kw>
<kw name="Log" owner="BuiltIn">
<msg time="2024-04-11T23:15:10.320444" level="INFO">9131</msg>
<arg>${json_data['results'][0]['location']['postcode']}</arg>
<doc>Logs the given message with the given level.</doc>
<status status="PASS" start="2024-04-11T23:15:10.320111" elapsed="0.000374"/>
</kw>
<status status="PASS" start="2024-04-11T23:15:10.229103" elapsed="0.091637"/>
</kw>
<doc>Testa se os tipos de dados na resposta da API estão corretos.</doc>
<tag>testeTiposDados</tag>
<status status="PASS" start="2024-04-11T23:15:10.137872" elapsed="0.183031"/>
</test>
<test id="s1-s1-t5" name="Validar conteudo" line="35">
<kw name="Teste de Tipos de Conteudo" owner="random-user-service">
<kw name="GET On Session" owner="RequestsLibrary">
<msg time="2024-04-11T23:15:10.418622" level="INFO">GET Request : url=https://randomuser.me/api 
 path_url=/api 
 headers={'User-Agent': 'python-requests/2.31.0', 'Accept-Encoding': 'gzip, deflate', 'Accept': '*/*', 'Connection': 'keep-alive'} 
 body=None 
 </msg>
<msg time="2024-04-11T23:15:10.418709" level="INFO">GET Response : url=https://randomuser.me/api 
 status=200, reason=OK 
 headers={'Date': 'Thu, 11 Apr 2024 23:15:10 GMT', 'Content-Type': 'application/json; charset=utf-8', 'Transfer-Encoding': 'chunked', 'Connection': 'keep-alive', 'X-Powered-By': 'Express', 'Access-Control-Allow-Origin': '*', 'Cache-Control': 'no-cache', 'ETag': 'W/"490-Syd0L2BDJIr5V+uva80wrb/YKS0"', 'Vary': 'Accept-Encoding', 'Content-Encoding': 'gzip', 'CF-Cache-Status': 'DYNAMIC', 'Report-To': '{"endpoints":[{"url":"https:\\/\\/a.nel.cloudflare.com\\/report\\/v4?s=7plhiNlSpKg53Dl%2FWJQnFG6FM%2BWwybW%2BShEja3JiSpTdzzUoAA3iY5A1ZeNPvcdwtBWMpfZJLNE8kwAzK%2F4gJEIOeHwm3hKHiC04Cvt%2FSmTc2vkCqGLpf%2FVKGzjvaNnI"}],"group":"cf-nel","max_age":604800}', 'NEL': '{"success_fraction":0,"report_to":"cf-nel","max_age":604800}', 'Server': 'cloudflare', 'CF-RAY': '872ead558a0f5a6a-IAD', 'alt-svc': 'h3=":443"; ma=86400'} 
 body={"results":[{"gender":"female","name":{"title":"Ms","first":"Ceylan","last":"Aydan"},"location":{"street":{"number":9554,"name":"Tunalı Hilmi Cd"},"city":"Afyonkarahisar","state":"Kırıkkale","country":"Turkey","postcode":37434,"coordinates":{"latitude":"68.0706","longitude":"48.2743"},"timezone":{"offset":"-7:00","description":"Mountain Time (US &amp; Canada)"}},"email":"ceylan.aydan@example.com","login":{"uuid":"32b3fa0e-4d02-4001-920c-aa909d88e7e0","username":"silvermouse687","password":"0.0.0.000","salt":"2cjbbevk","md5":"174e4dbad2356c91ab5305fb055459f1","sha1":"120bcefb0eedf7cd542f96602bd4c141938e26b4","sha256":"eb9617d20ece727556dc0404137b566f9f3dc86a3e34503ea7366a40ade8613a"},"dob":{"date":"1979-07-19T13:33:45.492Z","age":44},"registered":{"date":"2003-01-05T22:03:34.944Z","age":21},"phone":"(855)-949-0168","cell":"(706)-056-5219","id":{"name":"","value":null},"picture":{"large":"https://randomuser.me/api/portraits/women/58.jpg","medium":"https://randomuser.me/api/portraits/med/women/58.jpg","thumbnail":"https://randomuser.me/api/portraits/thumb/women/58.jpg"},"nat":"TR"}],"info":{"seed":"9bf22e11fb9357ef","results":1,"page":1,"version":"1.4"}} 
 </msg>
<msg time="2024-04-11T23:15:10.418794" level="INFO">/opt/hostedtoolcache/Python/3.12.2/x64/lib/python3.12/site-packages/urllib3/connectionpool.py:1103: InsecureRequestWarning: Unverified HTTPS request is being made to host 'randomuser.me'. Adding certificate verification is strongly advised. See: https://urllib3.readthedocs.io/en/latest/advanced-usage.html#tls-warnings
  warnings.warn(</msg>
<msg time="2024-04-11T23:15:10.418937" level="INFO">${response} = &lt;Response [200]&gt;</msg>
<var>${response}</var>
<arg>consultarAPI</arg>
<arg>/api</arg>
<doc>Sends a GET request on a previously created HTTP Session.</doc>
<status status="PASS" start="2024-04-11T23:15:10.323292" elapsed="0.095704"/>
</kw>
<kw name="Set Variable" owner="BuiltIn">
<msg time="2024-04-11T23:15:10.419962" level="INFO">${json_data} = {'results': [{'gender': 'female', 'name': {'title': 'Ms', 'first': 'Ceylan', 'last': 'Aydan'}, 'location': {'street': {'number': 9554, 'name': 'Tunalı Hilmi Cd'}, 'city': 'Afyonkarahisar', 'state': 'K...</msg>
<var>${json_data}</var>
<arg>${response.json()}</arg>
<doc>Returns the given values which can then be assigned to a variables.</doc>
<status status="PASS" start="2024-04-11T23:15:10.419509" elapsed="0.000483"/>
</kw>
<kw name="Set Variable" owner="BuiltIn">
<msg time="2024-04-11T23:15:10.420683" level="INFO">${name_title} = Ms</msg>
<var>${name_title}</var>
<arg>${json_data["results"][0]["name"]["title"]}</arg>
<doc>Returns the given values which can then be assigned to a variables.</doc>
<status status="PASS" start="2024-04-11T23:15:10.420299" elapsed="0.000409"/>
</kw>
<kw name="Create List" owner="BuiltIn">
<msg time="2024-04-11T23:15:10.421151" level="INFO">${allowed_titles} = ['Mr', 'Ms', 'Miss', 'Mrs', 'Madame', 'Monsieur']</msg>
<var>${allowed_titles}</var>
<arg>Mr</arg>
<arg>Ms</arg>
<arg>Miss</arg>
<arg>Mrs</arg>
<arg>Madame</arg>
<arg>Monsieur</arg>
<doc>Returns a list containing given items.</doc>
<status status="PASS" start="2024-04-11T23:15:10.421004" elapsed="0.000171"/>
</kw>
<kw name="List Should Contain Value" owner="Collections">
<msg time="2024-04-11T23:15:10.421649" level="INFO">False</msg>
<arg>${allowed_titles}</arg>
<arg>${name_title}</arg>
<doc>Fails if the ``value`` is not found from ``list``.</doc>
<status status="PASS" start="2024-04-11T23:15:10.421480" elapsed="0.000205"/>
</kw>
<kw name="Set Variable" owner="BuiltIn">
<msg time="2024-04-11T23:15:10.422353" level="INFO">${name_country} = TR</msg>
<var>${name_country}</var>
<arg>${json_data["results"][0]["nat"]}</arg>
<doc>Returns the given values which can then be assigned to a variables.</doc>
<status status="PASS" start="2024-04-11T23:15:10.421976" elapsed="0.000402"/>
</kw>
<kw name="Create List" owner="BuiltIn">
<msg time="2024-04-11T23:15:10.423280" level="INFO">${list_country} = ['AD', 'AE', 'AF', 'AG', 'AI', 'AL', 'AM', 'AO', 'AQ', 'AR', 'AS', 'AT', 'AU', 'AW', 'AX', 'AZ', 'BA', 'BB', 'BD', 'BE', 'BF', 'BG', 'BH', 'BI', 'BJ', 'BL', 'BM', 'BN', 'BO', 'BQ', 'BR', 'BS', 'BT', '...</msg>
<var>${list_country}</var>
<arg>AD</arg>
<arg>AE</arg>
<arg>AF</arg>
<arg>AG</arg>
<arg>AI</arg>
<arg>AL</arg>
<arg>AM</arg>
<arg>AO</arg>
<arg>AQ</arg>
<arg>AR</arg>
<arg>AS</arg>
<arg>AT</arg>
<arg>AU</arg>
<arg>AW</arg>
<arg>AX</arg>
<arg>AZ</arg>
<arg>BA</arg>
<arg>BB</arg>
<arg>BD</arg>
<arg>BE</arg>
<arg>BF</arg>
<arg>BG</arg>
<arg>BH</arg>
<arg>BI</arg>
<arg>BJ</arg>
<arg>BL</arg>
<arg>BM</arg>
<arg>BN</arg>
<arg>BO</arg>
<arg>BQ</arg>
<arg>BR</arg>
<arg>BS</arg>
<arg>BT</arg>
<arg>BV</arg>
<arg>BW</arg>
<arg>BY</arg>
<arg>BZ</arg>
<arg>CA</arg>
<arg>CC</arg>
<arg>CD</arg>
<arg>CF</arg>
<arg>CG</arg>
<arg>CH</arg>
<arg>CI</arg>
<arg>CK</arg>
<arg>CL</arg>
<arg>CM</arg>
<arg>CN</arg>
<arg>CO</arg>
<arg>CR</arg>
<arg>CU</arg>
<arg>CV</arg>
<arg>CW</arg>
<arg>CX</arg>
<arg>CY</arg>
<arg>CZ</arg>
<arg>DE</arg>
<arg>DJ</arg>
<arg>DK</arg>
<arg>DM</arg>
<arg>DO</arg>
<arg>DZ</arg>
<arg>EC</arg>
<arg>EE</arg>
<arg>EG</arg>
<arg>EH</arg>
<arg>ER</arg>
<arg>ES</arg>
<arg>ET</arg>
<arg>FI</arg>
<arg>FJ</arg>
<arg>FK</arg>
<arg>FM</arg>
<arg>FO</arg>
<arg>FR</arg>
<arg>GA</arg>
<arg>GB</arg>
<arg>GD</arg>
<arg>GE</arg>
<arg>GF</arg>
<arg>GG</arg>
<arg>GH</arg>
<arg>GI</arg>
<arg>GL</arg>
<arg>GM</arg>
<arg>GN</arg>
<arg>GP</arg>
<arg>GQ</arg>
<arg>GR</arg>
<arg>GS</arg>
<arg>GT</arg>
<arg>GU</arg>
<arg>GW</arg>
<arg>GY</arg>
<arg>HK</arg>
<arg>HM</arg>
<arg>HN</arg>
<arg>HR</arg>
<arg>HT</arg>
<arg>HU</arg>
<arg>ID</arg>
<arg>IE</arg>
<arg>IL</arg>
<arg>IM</arg>
<arg>IN</arg>
<arg>IO</arg>
<arg>IQ</arg>
<arg>IR</arg>
<arg>IS</arg>
<arg>IT</arg>
<arg>JE</arg>
<arg>JM</arg>
<arg>JO</arg>
<arg>JP</arg>
<arg>KE</arg>
<arg>KG</arg>
<arg>KH</arg>
<arg>KI</arg>
<arg>KM</arg>
<arg>KN</arg>
<arg>KP</arg>
<arg>KR</arg>
<arg>KW</arg>
<arg>KY</arg>
<arg>KZ</arg>
<arg>LA</arg>
<arg>LB</arg>
<arg>LC</arg>
<arg>LI</arg>
<arg>LK</arg>
<arg>LR</arg>
<arg>LS</arg>
<arg>LT</arg>
<arg>LU</arg>
<arg>LV</arg>
<arg>LY</arg>
<arg>MA</arg>
<arg>MC</arg>
<arg>MD</arg>
<arg>ME</arg>
<arg>MF</arg>
<arg>MG</arg>
<arg>MH</arg>
<arg>MK</arg>
<arg>ML</arg>
<arg>MM</arg>
<arg>MN</arg>
<arg>MO</arg>
<arg>MP</arg>
<arg>MQ</arg>
<arg>MR</arg>
<arg>MS</arg>
<arg>MT</arg>
<arg>MU</arg>
<arg>MV</arg>
<arg>MW</arg>
<arg>MX</arg>
<arg>MY</arg>
<arg>MZ</arg>
<arg>NA</arg>
<arg>NC</arg>
<arg>NE</arg>
<arg>NF</arg>
<arg>NG</arg>
<arg>NI</arg>
<arg>NL</arg>
<arg>NO</arg>
<arg>NP</arg>
<arg>NR</arg>
<arg>NU</arg>
<arg>NZ</arg>
<arg>OM</arg>
<arg>PA</arg>
<arg>PE</arg>
<arg>PF</arg>
<arg>PG</arg>
<arg>PH</arg>
<arg>PK</arg>
<arg>PL</arg>
<arg>PM</arg>
<arg>PN</arg>
<arg>PR</arg>
<arg>PS</arg>
<arg>PT</arg>
<arg>PW</arg>
<arg>PY</arg>
<arg>QA</arg>
<arg>RE</arg>
<arg>RO</arg>
<arg>RS</arg>
<arg>RU</arg>
<arg>RW</arg>
<arg>SA</arg>
<arg>SB</arg>
<arg>SC</arg>
<arg>SD</arg>
<arg>SE</arg>
<arg>SG</arg>
<arg>SH</arg>
<arg>SI</arg>
<arg>SJ</arg>
<arg>SK</arg>
<arg>SL</arg>
<arg>SM</arg>
<arg>SN</arg>
<arg>SO</arg>
<arg>SR</arg>
<arg>SS</arg>
<arg>ST</arg>
<arg>SV</arg>
<arg>SX</arg>
<arg>SY</arg>
<arg>SZ</arg>
<arg>TC</arg>
<arg>TD</arg>
<arg>TF</arg>
<arg>TG</arg>
<arg>TH</arg>
<arg>TJ</arg>
<arg>TK</arg>
<arg>TL</arg>
<arg>TM</arg>
<arg>TN</arg>
<arg>TO</arg>
<arg>TR</arg>
<arg>TT</arg>
<arg>TV</arg>
<arg>TW</arg>
<arg>TZ</arg>
<arg>UA</arg>
<arg>UG</arg>
<arg>UM</arg>
<arg>US</arg>
<arg>UY</arg>
<arg>UZ</arg>
<arg>VA</arg>
<arg>VC</arg>
<arg>VE</arg>
<arg>VG</arg>
<arg>VI</arg>
<arg>VN</arg>
<arg>VU</arg>
<arg>WF</arg>
<arg>WS</arg>
<arg>XK</arg>
<arg>YE</arg>
<arg>YT</arg>
<arg>ZA</arg>
<arg>ZM</arg>
<arg>ZW</arg>
<doc>Returns a list containing given items.</doc>
<status status="PASS" start="2024-04-11T23:15:10.422678" elapsed="0.000627"/>
</kw>
<kw name="List Should Contain Value" owner="Collections">
<msg time="2024-04-11T23:15:10.424321" level="INFO">False</msg>
<arg>${list_country}</arg>
<arg>${name_country}</arg>
<doc>Fails if the ``value`` is not found from ``list``.</doc>
<status status="PASS" start="2024-04-11T23:15:10.424118" elapsed="0.000240"/>
</kw>
<kw name="Run Keyword If" owner="BuiltIn">
<kw name="Should Be True" owner="BuiltIn">
<arg>${True}</arg>
<doc>Fails if the given condition is not true.</doc>
<status status="PASS" start="2024-04-11T23:15:10.425511" elapsed="0.000146"/>
</kw>
<arg>${json_data["results"][0]["location"]["coordinates"]["latitude"]} &gt;= -90 and ${json_data["results"][0]["location"]["coordinates"]["latitude"]} &lt;= 90</arg>
<arg>Should Be True</arg>
<arg>${True}</arg>
<doc>Runs the given keyword with the given arguments, if ``condition`` is true.</doc>
<status status="PASS" start="2024-04-11T23:15:10.424666" elapsed="0.001121"/>
</kw>
<kw name="Run Keyword If" owner="BuiltIn">
<kw name="Should Be True" owner="BuiltIn">
<arg>${True}</arg>
<doc>Fails if the given condition is not true.</doc>
<status status="PASS" start="2024-04-11T23:15:10.426680" elapsed="0.000138"/>
</kw>
<arg>${json_data["results"][0]["location"]["coordinates"]["longitude"]} &gt;= -180 and ${json_data["results"][0]["location"]["coordinates"]["longitude"]} &lt;= 180</arg>
<arg>Should Be True</arg>
<arg>${True}</arg>
<doc>Runs the given keyword with the given arguments, if ``condition`` is true.</doc>
<status status="PASS" start="2024-04-11T23:15:10.425973" elapsed="0.000971"/>
</kw>
<status status="PASS" start="2024-04-11T23:15:10.323072" elapsed="0.104000"/>
</kw>
<doc>Testa o conteúdo específico dos campos retornados pela API.</doc>
<tag>testeConteudo</tag>
<status status="PASS" start="2024-04-11T23:15:10.322652" elapsed="0.104564"/>
</test>
<status status="PASS" start="2024-04-11T23:15:09.532980" elapsed="0.896148"/>
</suite>
<status status="PASS" start="2024-04-11T23:15:09.519299" elapsed="0.915052"/>
</suite>
<statistics>
<total>
<stat pass="5" fail="0" skip="0">All Tests</stat>
</total>
<tag>
<stat pass="1" fail="0" skip="0">testeConteudo</stat>
<stat pass="1" fail="0" skip="0">testeEstruturaResposta</stat>
<stat pass="1" fail="0" skip="0">testeRequisicaoBasica</stat>
<stat pass="1" fail="0" skip="0">testeTiposDados</stat>
</tag>
<suite>
<stat pass="5" fail="0" skip="0" id="s1" name="Tests">Tests</stat>
<stat pass="5" fail="0" skip="0" id="s1-s1" name="Random-User-Test">Tests.Random-User-Test</stat>
</suite>
</statistics>
<errors>
</errors>
</robot>
