<?xml version="1.0" encoding="UTF-8"?>
<robot generator="Robot 7.0 (Python 3.12.3 on linux)" generated="2024-05-01T13:15:11.500955" rpa="false" schemaversion="5">
<suite id="s1" name="Tests" source="/home/runner/work/DesafioQAItauRogerioJordao/DesafioQAItauRogerioJordao/RamdonUser/tests">
<suite id="s1-s1" name="Random-User-Test" source="/home/runner/work/DesafioQAItauRogerioJordao/DesafioQAItauRogerioJordao/RamdonUser/tests/random-user-test.robot">
<test id="s1-s1-t1" name="Conectar" line="13">
<kw name="Conectar API" owner="random-user-service">
<kw name="Create Session" owner="RequestsLibrary">
<msg time="2024-05-01T13:15:11.882715" level="INFO">Creating Session using : alias=consultarAPI, url=https://randomuser.me/, headers={},                     cookies={}, auth=None, timeout=None, proxies=None, verify=False,                     debug=0 </msg>
<arg>consultarAPI</arg>
<arg>${URL}</arg>
<doc>Create Session: create a HTTP session to a server</doc>
<status status="PASS" start="2024-05-01T13:15:11.882483" elapsed="0.000441"/>
</kw>
<status status="PASS" start="2024-05-01T13:15:11.881424" elapsed="0.001897"/>
</kw>
<status status="PASS" start="2024-05-01T13:15:11.880676" elapsed="0.002847"/>
</test>
<test id="s1-s1-t2" name="Validar retorno 200 e JSON Válido" line="16">
<kw name="Teste de Requisicao Basica" owner="random-user-service">
<kw name="GET On Session" owner="RequestsLibrary">
<msg time="2024-05-01T13:15:12.022696" level="INFO">GET Request : url=https://randomuser.me/api 
 path_url=/api 
 headers={'User-Agent': 'python-requests/2.31.0', 'Accept-Encoding': 'gzip, deflate', 'Accept': '*/*', 'Connection': 'keep-alive'} 
 body=None 
 </msg>
<msg time="2024-05-01T13:15:12.022870" level="INFO">GET Response : url=https://randomuser.me/api 
 status=200, reason=OK 
 headers={'Date': 'Wed, 01 May 2024 13:15:12 GMT', 'Content-Type': 'application/json; charset=utf-8', 'Transfer-Encoding': 'chunked', 'Connection': 'keep-alive', 'X-Powered-By': 'Express', 'Access-Control-Allow-Origin': '*', 'Cache-Control': 'no-cache', 'ETag': 'W/"4a4-dAjonpXUSYuPAWcaSBVqPqsInc4"', 'Vary': 'Accept-Encoding', 'Content-Encoding': 'gzip', 'CF-Cache-Status': 'DYNAMIC', 'Report-To': '{"endpoints":[{"url":"https:\\/\\/a.nel.cloudflare.com\\/report\\/v4?s=eBnDUqdPmZgnuJunAF3wIdnkgNkiHTlGCKGis7ZHZpHBNDAvL%2BcxsvXV2YzarCGZC2ws13yb664VhrNZAkl%2Bt3WIePJYtb4YUcHCa%2FiweKnoR5TlFGPqO2Zn27SwUx1Q"}],"group":"cf-nel","max_age":604800}', 'NEL': '{"success_fraction":0,"report_to":"cf-nel","max_age":604800}', 'Server': 'cloudflare', 'CF-RAY': '87d009f77ac82d12-IAD', 'alt-svc': 'h3=":443"; ma=86400'} 
 body={"results":[{"gender":"male","name":{"title":"Mr","first":"Radivoje","last":"Vučetić"},"location":{"street":{"number":9186,"name":"Krupanjska Ulica"},"city":"Kosjerić","state":"Kosovska Mitrovica","country":"Serbia","postcode":81474,"coordinates":{"latitude":"56.5450","longitude":"-63.7645"},"timezone":{"offset":"+1:00","description":"Brussels, Copenhagen, Madrid, Paris"}},"email":"radivoje.vucetic@example.com","login":{"uuid":"ae7e654c-1fb0-47d6-b171-a313d9474fe5","username":"heavybutterfly671","password":"advance","salt":"h8SbE2Ao","md5":"8a8f04e86c7f7b1259839e027f9c8874","sha1":"c83023abe44ddddbb771d49b6e166b2995f81e84","sha256":"c3d2b70367ecf37f8c8cd7cd56acba45dcca02c82fbcea9484798a4cc89bb0a8"},"dob":{"date":"1958-08-12T22:52:05.412Z","age":65},"registered":{"date":"2004-01-18T05:41:00.345Z","age":20},"phone":"035-2439-935","cell":"069-3082-556","id":{"name":"SID","value":"775628494"},"picture":{"large":"https://randomuser.me/api/portraits/men/23.jpg","medium":"https://randomuser.me/api/portraits/med/men/23.jpg","thumbnail":"https://randomuser.me/api/portraits/thumb/men/23.jpg"},"nat":"RS"}],"info":{"seed":"c2d36b8b183cf01b","results":1,"page":1,"version":"1.4"}} 
 </msg>
<msg time="2024-05-01T13:15:12.022971" level="INFO">/opt/hostedtoolcache/Python/3.12.3/x64/lib/python3.12/site-packages/urllib3/connectionpool.py:1103: InsecureRequestWarning: Unverified HTTPS request is being made to host 'randomuser.me'. Adding certificate verification is strongly advised. See: https://urllib3.readthedocs.io/en/latest/advanced-usage.html#tls-warnings
  warnings.warn(</msg>
<msg time="2024-05-01T13:15:12.023157" level="INFO">${response} = &lt;Response [200]&gt;</msg>
<var>${response}</var>
<arg>consultarAPI</arg>
<arg>/api</arg>
<doc>Sends a GET request on a previously created HTTP Session.</doc>
<status status="PASS" start="2024-05-01T13:15:11.886358" elapsed="0.136834"/>
</kw>
<kw name="Should Be Equal As Numbers" owner="BuiltIn">
<msg time="2024-05-01T13:15:12.024286" level="INFO">Argument types are:
&lt;class 'int'&gt;
&lt;class 'str'&gt;</msg>
<arg>${response.status_code}</arg>
<arg>200</arg>
<doc>Fails if objects are unequal after converting them to real numbers.</doc>
<status status="PASS" start="2024-05-01T13:15:12.023788" elapsed="0.000572"/>
</kw>
<kw name="Log" owner="BuiltIn">
<msg time="2024-05-01T13:15:12.025266" level="INFO">200</msg>
<arg>${response.status_code}</arg>
<doc>Logs the given message with the given level.</doc>
<status status="PASS" start="2024-05-01T13:15:12.024801" elapsed="0.000514"/>
</kw>
<kw name="Set Variable" owner="BuiltIn">
<msg time="2024-05-01T13:15:12.026168" level="INFO">${json_data} = {'results': [{'gender': 'male', 'name': {'title': 'Mr', 'first': 'Radivoje', 'last': 'Vučetić'}, 'location': {'street': {'number': 9186, 'name': 'Krupanjska Ulica'}, 'city': 'Kosjerić', 'state': 'Koso...</msg>
<var>${json_data}</var>
<arg>${response.json()}</arg>
<doc>Returns the given values which can then be assigned to a variables.</doc>
<status status="PASS" start="2024-05-01T13:15:12.025681" elapsed="0.000518"/>
</kw>
<kw name="Dictionary Should Contain Key" owner="Collections">
<msg time="2024-05-01T13:15:12.026730" level="INFO">False</msg>
<arg>${json_data}</arg>
<arg>results</arg>
<doc>Fails if ``key`` is not found from ``dictionary``.</doc>
<status status="PASS" start="2024-05-01T13:15:12.026539" elapsed="0.000233"/>
</kw>
<status status="PASS" start="2024-05-01T13:15:11.886098" elapsed="0.140948"/>
</kw>
<doc>Testa se a API responde corretamente e retorna um objeto JSON válido.</doc>
<tag>testeRequisicaoBasica</tag>
<status status="PASS" start="2024-05-01T13:15:11.885503" elapsed="0.141745"/>
</test>
<test id="s1-s1-t3" name="Validar estrutura de resposta" line="22">
<kw name="Teste de Estrutura de Resposta" owner="random-user-service">
<kw name="GET On Session" owner="RequestsLibrary">
<msg time="2024-05-01T13:15:12.121075" level="INFO">GET Request : url=https://randomuser.me/api 
 path_url=/api 
 headers={'User-Agent': 'python-requests/2.31.0', 'Accept-Encoding': 'gzip, deflate', 'Accept': '*/*', 'Connection': 'keep-alive'} 
 body=None 
 </msg>
<msg time="2024-05-01T13:15:12.121219" level="INFO">GET Response : url=https://randomuser.me/api 
 status=200, reason=OK 
 headers={'Date': 'Wed, 01 May 2024 13:15:12 GMT', 'Content-Type': 'application/json; charset=utf-8', 'Transfer-Encoding': 'chunked', 'Connection': 'keep-alive', 'X-Powered-By': 'Express', 'Access-Control-Allow-Origin': '*', 'Cache-Control': 'no-cache', 'ETag': 'W/"49d-GoAVqFXU4U15TxUjDYNQSOL5ZkA"', 'Vary': 'Accept-Encoding', 'Content-Encoding': 'gzip', 'CF-Cache-Status': 'DYNAMIC', 'Report-To': '{"endpoints":[{"url":"https:\\/\\/a.nel.cloudflare.com\\/report\\/v4?s=YpnO%2BhYguxUxob5j7CKPfocDP9uTNpG2w6RjKM43o4rKovv6AC3FhdNGE%2F7Oup81QVWJFzkLakJskexUJhhdYb6K8g3QCohNr8Kz7Jhk60P%2B9CovnUnKDUIEnxDr0HS7"}],"group":"cf-nel","max_age":604800}', 'NEL': '{"success_fraction":0,"report_to":"cf-nel","max_age":604800}', 'Server': 'cloudflare', 'CF-RAY': '87d009f83be22d12-IAD', 'alt-svc': 'h3=":443"; ma=86400'} 
 body={"results":[{"gender":"female","name":{"title":"Ms","first":"Edita","last":"Baturinec"},"location":{"street":{"number":5385,"name":"Elektrichna"},"city":"Cherkasi","state":"Volinska","country":"Ukraine","postcode":59056,"coordinates":{"latitude":"80.1384","longitude":"136.4180"},"timezone":{"offset":"0:00","description":"Western Europe Time, London, Lisbon, Casablanca"}},"email":"edita.baturinec@example.com","login":{"uuid":"40f785f1-8ddc-4db7-a4df-a0f7b57bd137","username":"yellowostrich138","password":"stone55","salt":"ZYU1TEPq","md5":"13837f6b5ed66649cf1f3beb045a764c","sha1":"8492ea9b851d8bb64ddbe8dca7e07b03e3e75e20","sha256":"a9eef846e3bc60e4d3087bb00ce02195a63926109f031e7a8d3e7d0334a494f4"},"dob":{"date":"1999-01-16T01:28:46.778Z","age":25},"registered":{"date":"2011-07-26T14:46:34.644Z","age":12},"phone":"(068) M78-1241","cell":"(099) Y36-8081","id":{"name":"","value":null},"picture":{"large":"https://randomuser.me/api/portraits/women/72.jpg","medium":"https://randomuser.me/api/portraits/med/women/72.jpg","thumbnail":"https://randomuser.me/api/portraits/thumb/women/72.jpg"},"nat":"UA"}],"info":{"seed":"85e52ef24ea70e3f","results":1,"page":1,"version":"1.4"}} 
 </msg>
<msg time="2024-05-01T13:15:12.121359" level="INFO">/opt/hostedtoolcache/Python/3.12.3/x64/lib/python3.12/site-packages/urllib3/connectionpool.py:1103: InsecureRequestWarning: Unverified HTTPS request is being made to host 'randomuser.me'. Adding certificate verification is strongly advised. See: https://urllib3.readthedocs.io/en/latest/advanced-usage.html#tls-warnings
  warnings.warn(</msg>
<msg time="2024-05-01T13:15:12.121516" level="INFO">${response} = &lt;Response [200]&gt;</msg>
<var>${response}</var>
<arg>consultarAPI</arg>
<arg>/api</arg>
<doc>Sends a GET request on a previously created HTTP Session.</doc>
<status status="PASS" start="2024-05-01T13:15:12.030138" elapsed="0.091419"/>
</kw>
<kw name="Set Variable" owner="BuiltIn">
<msg time="2024-05-01T13:15:12.122653" level="INFO">${json_data} = {'results': [{'gender': 'female', 'name': {'title': 'Ms', 'first': 'Edita', 'last': 'Baturinec'}, 'location': {'street': {'number': 5385, 'name': 'Elektrichna'}, 'city': 'Cherkasi', 'state': 'Volinska...</msg>
<var>${json_data}</var>
<arg>${response.json()}</arg>
<doc>Returns the given values which can then be assigned to a variables.</doc>
<status status="PASS" start="2024-05-01T13:15:12.122091" elapsed="0.000592"/>
</kw>
<kw name="Log" owner="BuiltIn">
<msg time="2024-05-01T13:15:12.123272" level="INFO">{'results': [{'gender': 'female', 'name': {'title': 'Ms', 'first': 'Edita', 'last': 'Baturinec'}, 'location': {'street': {'number': 5385, 'name': 'Elektrichna'}, 'city': 'Cherkasi', 'state': 'Volinska', 'country': 'Ukraine', 'postcode': 59056, 'coordinates': {'latitude': '80.1384', 'longitude': '136.4180'}, 'timezone': {'offset': '0:00', 'description': 'Western Europe Time, London, Lisbon, Casablanca'}}, 'email': 'edita.baturinec@example.com', 'login': {'uuid': '40f785f1-8ddc-4db7-a4df-a0f7b57bd137', 'username': 'yellowostrich138', 'password': 'stone55', 'salt': 'ZYU1TEPq', 'md5': '13837f6b5ed66649cf1f3beb045a764c', 'sha1': '8492ea9b851d8bb64ddbe8dca7e07b03e3e75e20', 'sha256': 'a9eef846e3bc60e4d3087bb00ce02195a63926109f031e7a8d3e7d0334a494f4'}, 'dob': {'date': '1999-01-16T01:28:46.778Z', 'age': 25}, 'registered': {'date': '2011-07-26T14:46:34.644Z', 'age': 12}, 'phone': '(068) M78-1241', 'cell': '(099) Y36-8081', 'id': {'name': '', 'value': None}, 'picture': {'large': 'https://randomuser.me/api/portraits/women/72.jpg', 'medium': 'https://randomuser.me/api/portraits/med/women/72.jpg', 'thumbnail': 'https://randomuser.me/api/portraits/thumb/women/72.jpg'}, 'nat': 'UA'}], 'info': {'seed': '85e52ef24ea70e3f', 'results': 1, 'page': 1, 'version': '1.4'}}</msg>
<arg>${json_data}</arg>
<doc>Logs the given message with the given level.</doc>
<status status="PASS" start="2024-05-01T13:15:12.123090" elapsed="0.000233"/>
</kw>
<kw name="Dictionary Should Contain Key" owner="Collections">
<msg time="2024-05-01T13:15:12.123828" level="INFO">False</msg>
<arg>${json_data}</arg>
<arg>results</arg>
<doc>Fails if ``key`` is not found from ``dictionary``.</doc>
<status status="PASS" start="2024-05-01T13:15:12.123649" elapsed="0.000218"/>
</kw>
<kw name="Should Not Be Empty" owner="BuiltIn">
<msg time="2024-05-01T13:15:12.124342" level="INFO">Length is 2.</msg>
<arg>${json_data}</arg>
<doc>Verifies that the given item is not empty.</doc>
<status status="PASS" start="2024-05-01T13:15:12.124196" elapsed="0.000372"/>
</kw>
<kw name="Create List" owner="BuiltIn">
<msg time="2024-05-01T13:15:12.125056" level="INFO">${expected_keys} = ['gender', 'name', 'location', 'email', 'login']</msg>
<var>${expected_keys}</var>
<arg>gender</arg>
<arg>name</arg>
<arg>location</arg>
<arg>email</arg>
<arg>login</arg>
<doc>Returns a list containing given items.</doc>
<status status="PASS" start="2024-05-01T13:15:12.124887" elapsed="0.000195"/>
</kw>
<for flavor="IN">
<iter>
<kw name="Dictionary Should Contain Key" owner="Collections">
<msg time="2024-05-01T13:15:12.126198" level="INFO">False</msg>
<arg>${json_data['results'][0]}</arg>
<arg>${key}</arg>
<doc>Fails if ``key`` is not found from ``dictionary``.</doc>
<status status="PASS" start="2024-05-01T13:15:12.125760" elapsed="0.000477"/>
</kw>
<kw name="Log" owner="BuiltIn">
<msg time="2024-05-01T13:15:12.126939" level="INFO">{'gender': 'female', 'name': {'title': 'Ms', 'first': 'Edita', 'last': 'Baturinec'}, 'location': {'street': {'number': 5385, 'name': 'Elektrichna'}, 'city': 'Cherkasi', 'state': 'Volinska', 'country': 'Ukraine', 'postcode': 59056, 'coordinates': {'latitude': '80.1384', 'longitude': '136.4180'}, 'timezone': {'offset': '0:00', 'description': 'Western Europe Time, London, Lisbon, Casablanca'}}, 'email': 'edita.baturinec@example.com', 'login': {'uuid': '40f785f1-8ddc-4db7-a4df-a0f7b57bd137', 'username': 'yellowostrich138', 'password': 'stone55', 'salt': 'ZYU1TEPq', 'md5': '13837f6b5ed66649cf1f3beb045a764c', 'sha1': '8492ea9b851d8bb64ddbe8dca7e07b03e3e75e20', 'sha256': 'a9eef846e3bc60e4d3087bb00ce02195a63926109f031e7a8d3e7d0334a494f4'}, 'dob': {'date': '1999-01-16T01:28:46.778Z', 'age': 25}, 'registered': {'date': '2011-07-26T14:46:34.644Z', 'age': 12}, 'phone': '(068) M78-1241', 'cell': '(099) Y36-8081', 'id': {'name': '', 'value': None}, 'picture': {'large': 'https://randomuser.me/api/portraits/women/72.jpg', 'medium': 'https://randomuser.me/api/portraits/med/women/72.jpg', 'thumbnail': 'https://randomuser.me/api/portraits/thumb/women/72.jpg'}, 'nat': 'UA'}</msg>
<arg>${json_data['results'][0]}</arg>
<doc>Logs the given message with the given level.</doc>
<status status="PASS" start="2024-05-01T13:15:12.126550" elapsed="0.000439"/>
</kw>
<kw name="Log" owner="BuiltIn">
<msg time="2024-05-01T13:15:12.127434" level="INFO">gender</msg>
<arg>${key}</arg>
<doc>Logs the given message with the given level.</doc>
<status status="PASS" start="2024-05-01T13:15:12.127294" elapsed="0.000179"/>
</kw>
<var name="${key}">gender</var>
<status status="PASS" start="2024-05-01T13:15:12.125616" elapsed="0.002072"/>
</iter>
<iter>
<kw name="Dictionary Should Contain Key" owner="Collections">
<msg time="2024-05-01T13:15:12.128407" level="INFO">False</msg>
<arg>${json_data['results'][0]}</arg>
<arg>${key}</arg>
<doc>Fails if ``key`` is not found from ``dictionary``.</doc>
<status status="PASS" start="2024-05-01T13:15:12.128009" elapsed="0.000436"/>
</kw>
<kw name="Log" owner="BuiltIn">
<msg time="2024-05-01T13:15:12.129163" level="INFO">{'gender': 'female', 'name': {'title': 'Ms', 'first': 'Edita', 'last': 'Baturinec'}, 'location': {'street': {'number': 5385, 'name': 'Elektrichna'}, 'city': 'Cherkasi', 'state': 'Volinska', 'country': 'Ukraine', 'postcode': 59056, 'coordinates': {'latitude': '80.1384', 'longitude': '136.4180'}, 'timezone': {'offset': '0:00', 'description': 'Western Europe Time, London, Lisbon, Casablanca'}}, 'email': 'edita.baturinec@example.com', 'login': {'uuid': '40f785f1-8ddc-4db7-a4df-a0f7b57bd137', 'username': 'yellowostrich138', 'password': 'stone55', 'salt': 'ZYU1TEPq', 'md5': '13837f6b5ed66649cf1f3beb045a764c', 'sha1': '8492ea9b851d8bb64ddbe8dca7e07b03e3e75e20', 'sha256': 'a9eef846e3bc60e4d3087bb00ce02195a63926109f031e7a8d3e7d0334a494f4'}, 'dob': {'date': '1999-01-16T01:28:46.778Z', 'age': 25}, 'registered': {'date': '2011-07-26T14:46:34.644Z', 'age': 12}, 'phone': '(068) M78-1241', 'cell': '(099) Y36-8081', 'id': {'name': '', 'value': None}, 'picture': {'large': 'https://randomuser.me/api/portraits/women/72.jpg', 'medium': 'https://randomuser.me/api/portraits/med/women/72.jpg', 'thumbnail': 'https://randomuser.me/api/portraits/thumb/women/72.jpg'}, 'nat': 'UA'}</msg>
<arg>${json_data['results'][0]}</arg>
<doc>Logs the given message with the given level.</doc>
<status status="PASS" start="2024-05-01T13:15:12.128772" elapsed="0.000444"/>
</kw>
<kw name="Log" owner="BuiltIn">
<msg time="2024-05-01T13:15:12.129651" level="INFO">name</msg>
<arg>${key}</arg>
<doc>Logs the given message with the given level.</doc>
<status status="PASS" start="2024-05-01T13:15:12.129522" elapsed="0.000166"/>
</kw>
<var name="${key}">name</var>
<status status="PASS" start="2024-05-01T13:15:12.127889" elapsed="0.002015"/>
</iter>
<iter>
<kw name="Dictionary Should Contain Key" owner="Collections">
<msg time="2024-05-01T13:15:12.130600" level="INFO">False</msg>
<arg>${json_data['results'][0]}</arg>
<arg>${key}</arg>
<doc>Fails if ``key`` is not found from ``dictionary``.</doc>
<status status="PASS" start="2024-05-01T13:15:12.130205" elapsed="0.000433"/>
</kw>
<kw name="Log" owner="BuiltIn">
<msg time="2024-05-01T13:15:12.131303" level="INFO">{'gender': 'female', 'name': {'title': 'Ms', 'first': 'Edita', 'last': 'Baturinec'}, 'location': {'street': {'number': 5385, 'name': 'Elektrichna'}, 'city': 'Cherkasi', 'state': 'Volinska', 'country': 'Ukraine', 'postcode': 59056, 'coordinates': {'latitude': '80.1384', 'longitude': '136.4180'}, 'timezone': {'offset': '0:00', 'description': 'Western Europe Time, London, Lisbon, Casablanca'}}, 'email': 'edita.baturinec@example.com', 'login': {'uuid': '40f785f1-8ddc-4db7-a4df-a0f7b57bd137', 'username': 'yellowostrich138', 'password': 'stone55', 'salt': 'ZYU1TEPq', 'md5': '13837f6b5ed66649cf1f3beb045a764c', 'sha1': '8492ea9b851d8bb64ddbe8dca7e07b03e3e75e20', 'sha256': 'a9eef846e3bc60e4d3087bb00ce02195a63926109f031e7a8d3e7d0334a494f4'}, 'dob': {'date': '1999-01-16T01:28:46.778Z', 'age': 25}, 'registered': {'date': '2011-07-26T14:46:34.644Z', 'age': 12}, 'phone': '(068) M78-1241', 'cell': '(099) Y36-8081', 'id': {'name': '', 'value': None}, 'picture': {'large': 'https://randomuser.me/api/portraits/women/72.jpg', 'medium': 'https://randomuser.me/api/portraits/med/women/72.jpg', 'thumbnail': 'https://randomuser.me/api/portraits/thumb/women/72.jpg'}, 'nat': 'UA'}</msg>
<arg>${json_data['results'][0]}</arg>
<doc>Logs the given message with the given level.</doc>
<status status="PASS" start="2024-05-01T13:15:12.130941" elapsed="0.000409"/>
</kw>
<kw name="Log" owner="BuiltIn">
<msg time="2024-05-01T13:15:12.131772" level="INFO">location</msg>
<arg>${key}</arg>
<doc>Logs the given message with the given level.</doc>
<status status="PASS" start="2024-05-01T13:15:12.131646" elapsed="0.000164"/>
</kw>
<var name="${key}">location</var>
<status status="PASS" start="2024-05-01T13:15:12.130089" elapsed="0.001936"/>
</iter>
<iter>
<kw name="Dictionary Should Contain Key" owner="Collections">
<msg time="2024-05-01T13:15:12.132701" level="INFO">False</msg>
<arg>${json_data['results'][0]}</arg>
<arg>${key}</arg>
<doc>Fails if ``key`` is not found from ``dictionary``.</doc>
<status status="PASS" start="2024-05-01T13:15:12.132315" elapsed="0.000424"/>
</kw>
<kw name="Log" owner="BuiltIn">
<msg time="2024-05-01T13:15:12.133446" level="INFO">{'gender': 'female', 'name': {'title': 'Ms', 'first': 'Edita', 'last': 'Baturinec'}, 'location': {'street': {'number': 5385, 'name': 'Elektrichna'}, 'city': 'Cherkasi', 'state': 'Volinska', 'country': 'Ukraine', 'postcode': 59056, 'coordinates': {'latitude': '80.1384', 'longitude': '136.4180'}, 'timezone': {'offset': '0:00', 'description': 'Western Europe Time, London, Lisbon, Casablanca'}}, 'email': 'edita.baturinec@example.com', 'login': {'uuid': '40f785f1-8ddc-4db7-a4df-a0f7b57bd137', 'username': 'yellowostrich138', 'password': 'stone55', 'salt': 'ZYU1TEPq', 'md5': '13837f6b5ed66649cf1f3beb045a764c', 'sha1': '8492ea9b851d8bb64ddbe8dca7e07b03e3e75e20', 'sha256': 'a9eef846e3bc60e4d3087bb00ce02195a63926109f031e7a8d3e7d0334a494f4'}, 'dob': {'date': '1999-01-16T01:28:46.778Z', 'age': 25}, 'registered': {'date': '2011-07-26T14:46:34.644Z', 'age': 12}, 'phone': '(068) M78-1241', 'cell': '(099) Y36-8081', 'id': {'name': '', 'value': None}, 'picture': {'large': 'https://randomuser.me/api/portraits/women/72.jpg', 'medium': 'https://randomuser.me/api/portraits/med/women/72.jpg', 'thumbnail': 'https://randomuser.me/api/portraits/thumb/women/72.jpg'}, 'nat': 'UA'}</msg>
<arg>${json_data['results'][0]}</arg>
<doc>Logs the given message with the given level.</doc>
<status status="PASS" start="2024-05-01T13:15:12.133039" elapsed="0.000456"/>
</kw>
<kw name="Log" owner="BuiltIn">
<msg time="2024-05-01T13:15:12.133930" level="INFO">email</msg>
<arg>${key}</arg>
<doc>Logs the given message with the given level.</doc>
<status status="PASS" start="2024-05-01T13:15:12.133801" elapsed="0.000167"/>
</kw>
<var name="${key}">email</var>
<status status="PASS" start="2024-05-01T13:15:12.132202" elapsed="0.001986"/>
</iter>
<iter>
<kw name="Dictionary Should Contain Key" owner="Collections">
<msg time="2024-05-01T13:15:12.134874" level="INFO">False</msg>
<arg>${json_data['results'][0]}</arg>
<arg>${key}</arg>
<doc>Fails if ``key`` is not found from ``dictionary``.</doc>
<status status="PASS" start="2024-05-01T13:15:12.134481" elapsed="0.000432"/>
</kw>
<kw name="Log" owner="BuiltIn">
<msg time="2024-05-01T13:15:12.135587" level="INFO">{'gender': 'female', 'name': {'title': 'Ms', 'first': 'Edita', 'last': 'Baturinec'}, 'location': {'street': {'number': 5385, 'name': 'Elektrichna'}, 'city': 'Cherkasi', 'state': 'Volinska', 'country': 'Ukraine', 'postcode': 59056, 'coordinates': {'latitude': '80.1384', 'longitude': '136.4180'}, 'timezone': {'offset': '0:00', 'description': 'Western Europe Time, London, Lisbon, Casablanca'}}, 'email': 'edita.baturinec@example.com', 'login': {'uuid': '40f785f1-8ddc-4db7-a4df-a0f7b57bd137', 'username': 'yellowostrich138', 'password': 'stone55', 'salt': 'ZYU1TEPq', 'md5': '13837f6b5ed66649cf1f3beb045a764c', 'sha1': '8492ea9b851d8bb64ddbe8dca7e07b03e3e75e20', 'sha256': 'a9eef846e3bc60e4d3087bb00ce02195a63926109f031e7a8d3e7d0334a494f4'}, 'dob': {'date': '1999-01-16T01:28:46.778Z', 'age': 25}, 'registered': {'date': '2011-07-26T14:46:34.644Z', 'age': 12}, 'phone': '(068) M78-1241', 'cell': '(099) Y36-8081', 'id': {'name': '', 'value': None}, 'picture': {'large': 'https://randomuser.me/api/portraits/women/72.jpg', 'medium': 'https://randomuser.me/api/portraits/med/women/72.jpg', 'thumbnail': 'https://randomuser.me/api/portraits/thumb/women/72.jpg'}, 'nat': 'UA'}</msg>
<arg>${json_data['results'][0]}</arg>
<doc>Logs the given message with the given level.</doc>
<status status="PASS" start="2024-05-01T13:15:12.135209" elapsed="0.000425"/>
</kw>
<kw name="Log" owner="BuiltIn">
<msg time="2024-05-01T13:15:12.136061" level="INFO">login</msg>
<arg>${key}</arg>
<doc>Logs the given message with the given level.</doc>
<status status="PASS" start="2024-05-01T13:15:12.135932" elapsed="0.000168"/>
</kw>
<var name="${key}">login</var>
<status status="PASS" start="2024-05-01T13:15:12.134365" elapsed="0.001982"/>
</iter>
<var>${key}</var>
<value>@{expected_keys}</value>
<status status="PASS" start="2024-05-01T13:15:12.125407" elapsed="0.011064"/>
</for>
<kw name="Create List" owner="BuiltIn">
<msg time="2024-05-01T13:15:12.136810" level="INFO">${expected_keysTwo} = ['username', 'password']</msg>
<var>${expected_keysTwo}</var>
<arg>username</arg>
<arg>password</arg>
<doc>Returns a list containing given items.</doc>
<status status="PASS" start="2024-05-01T13:15:12.136670" elapsed="0.000164"/>
</kw>
<for flavor="IN">
<iter>
<kw name="Dictionary Should Contain Key" owner="Collections">
<msg time="2024-05-01T13:15:12.137800" level="INFO">False</msg>
<arg>${json_data['results'][0]['login']}</arg>
<arg>${keyTwo}</arg>
<doc>Fails if ``key`` is not found from ``dictionary``.</doc>
<status status="PASS" start="2024-05-01T13:15:12.137404" elapsed="0.000435"/>
</kw>
<kw name="Dictionary Should Contain Key" owner="Collections">
<msg time="2024-05-01T13:15:12.138542" level="INFO">False</msg>
<arg>${json_data['results'][0]['login']}</arg>
<arg>${keyTwo}</arg>
<doc>Fails if ``key`` is not found from ``dictionary``.</doc>
<status status="PASS" start="2024-05-01T13:15:12.138138" elapsed="0.000441"/>
</kw>
<kw name="Log" owner="BuiltIn">
<msg time="2024-05-01T13:15:12.139002" level="INFO">username</msg>
<arg>${keyTwo}</arg>
<doc>Logs the given message with the given level.</doc>
<status status="PASS" start="2024-05-01T13:15:12.138873" elapsed="0.000172"/>
</kw>
<var name="${keyTwo}">username</var>
<status status="PASS" start="2024-05-01T13:15:12.137282" elapsed="0.001982"/>
</iter>
<iter>
<kw name="Dictionary Should Contain Key" owner="Collections">
<msg time="2024-05-01T13:15:12.140025" level="INFO">False</msg>
<arg>${json_data['results'][0]['login']}</arg>
<arg>${keyTwo}</arg>
<doc>Fails if ``key`` is not found from ``dictionary``.</doc>
<status status="PASS" start="2024-05-01T13:15:12.139548" elapsed="0.000518"/>
</kw>
<kw name="Dictionary Should Contain Key" owner="Collections">
<msg time="2024-05-01T13:15:12.140752" level="INFO">False</msg>
<arg>${json_data['results'][0]['login']}</arg>
<arg>${keyTwo}</arg>
<doc>Fails if ``key`` is not found from ``dictionary``.</doc>
<status status="PASS" start="2024-05-01T13:15:12.140366" elapsed="0.000424"/>
</kw>
<kw name="Log" owner="BuiltIn">
<msg time="2024-05-01T13:15:12.141239" level="INFO">password</msg>
<arg>${keyTwo}</arg>
<doc>Logs the given message with the given level.</doc>
<status status="PASS" start="2024-05-01T13:15:12.141085" elapsed="0.000192"/>
</kw>
<var name="${keyTwo}">password</var>
<status status="PASS" start="2024-05-01T13:15:12.139436" elapsed="0.002057"/>
</iter>
<var>${keyTwo}</var>
<value>@{expected_keysTwo}</value>
<status status="PASS" start="2024-05-01T13:15:12.137076" elapsed="0.004538"/>
</for>
<status status="PASS" start="2024-05-01T13:15:12.029876" elapsed="0.111886"/>
</kw>
<doc>Testa a estrutura da resposta da API.</doc>
<tag>testeEstruturaResposta</tag>
<status status="PASS" start="2024-05-01T13:15:12.029210" elapsed="0.112715"/>
</test>
<test id="s1-s1-t4" name="Validar tipos de dados" line="28">
<kw name="Teste de Tipos de Dados" owner="random-user-service">
<kw name="GET On Session" owner="RequestsLibrary">
<msg time="2024-05-01T13:15:12.222321" level="INFO">GET Request : url=https://randomuser.me/api 
 path_url=/api 
 headers={'User-Agent': 'python-requests/2.31.0', 'Accept-Encoding': 'gzip, deflate', 'Accept': '*/*', 'Connection': 'keep-alive'} 
 body=None 
 </msg>
<msg time="2024-05-01T13:15:12.222454" level="INFO">GET Response : url=https://randomuser.me/api 
 status=200, reason=OK 
 headers={'Date': 'Wed, 01 May 2024 13:15:12 GMT', 'Content-Type': 'application/json; charset=utf-8', 'Transfer-Encoding': 'chunked', 'Connection': 'keep-alive', 'X-Powered-By': 'Express', 'Access-Control-Allow-Origin': '*', 'Cache-Control': 'no-cache', 'ETag': 'W/"491-6Wq+sO1vicsR4RbLtL6Iq35h9x0"', 'Vary': 'Accept-Encoding', 'Content-Encoding': 'gzip', 'CF-Cache-Status': 'DYNAMIC', 'Report-To': '{"endpoints":[{"url":"https:\\/\\/a.nel.cloudflare.com\\/report\\/v4?s=tqGbLF%2BwaERV4I%2BpIukOU2KrBG90xbi4QW1UdIKrPJihKcz0jLouic7uPJd6br2PBZU0HB%2BH4fpeZCfZ9f9BLJPhJ%2FX4vUHA7aKMgy5hDrfXhS%2BNV%2FWbLVvvRbPywiSB"}],"group":"cf-nel","max_age":604800}', 'NEL': '{"success_fraction":0,"report_to":"cf-nel","max_age":604800}', 'Server': 'cloudflare', 'CF-RAY': '87d009f8ecd12d12-IAD', 'alt-svc': 'h3=":443"; ma=86400'} 
 body={"results":[{"gender":"male","name":{"title":"Mr","first":"Yoni","last":"Meter"},"location":{"street":{"number":2673,"name":"Berglarenplein"},"city":"Nieuweschoot","state":"Utrecht","country":"Netherlands","postcode":"6285 ZD","coordinates":{"latitude":"32.6660","longitude":"-137.4648"},"timezone":{"offset":"-3:00","description":"Brazil, Buenos Aires, Georgetown"}},"email":"yoni.meter@example.com","login":{"uuid":"f75429cf-fb6f-43a6-a945-37343e313479","username":"crazygoose301","password":"megapass","salt":"9Ty8nNA6","md5":"16e1dc1e57731d177afdd1ef1c627f39","sha1":"f1bdacfe8ad1a5222b1346da989c9445473dac28","sha256":"c255566c10ae02369721b014af0c4553e5526ad1959d38f5066335a36bc89994"},"dob":{"date":"1970-03-06T00:44:02.981Z","age":54},"registered":{"date":"2006-05-28T13:00:05.912Z","age":17},"phone":"(0885) 145925","cell":"(06) 37990765","id":{"name":"BSN","value":"04719551"},"picture":{"large":"https://randomuser.me/api/portraits/men/27.jpg","medium":"https://randomuser.me/api/portraits/med/men/27.jpg","thumbnail":"https://randomuser.me/api/portraits/thumb/men/27.jpg"},"nat":"NL"}],"info":{"seed":"007b66aa010d2add","results":1,"page":1,"version":"1.4"}} 
 </msg>
<msg time="2024-05-01T13:15:12.222562" level="INFO">/opt/hostedtoolcache/Python/3.12.3/x64/lib/python3.12/site-packages/urllib3/connectionpool.py:1103: InsecureRequestWarning: Unverified HTTPS request is being made to host 'randomuser.me'. Adding certificate verification is strongly advised. See: https://urllib3.readthedocs.io/en/latest/advanced-usage.html#tls-warnings
  warnings.warn(</msg>
<msg time="2024-05-01T13:15:12.222724" level="INFO">${response} = &lt;Response [200]&gt;</msg>
<var>${response}</var>
<arg>consultarAPI</arg>
<arg>/api</arg>
<doc>Sends a GET request on a previously created HTTP Session.</doc>
<status status="PASS" start="2024-05-01T13:15:12.144488" elapsed="0.078278"/>
</kw>
<kw name="Set Variable" owner="BuiltIn">
<msg time="2024-05-01T13:15:12.224256" level="INFO">${json_data} = {'results': [{'gender': 'male', 'name': {'title': 'Mr', 'first': 'Yoni', 'last': 'Meter'}, 'location': {'street': {'number': 2673, 'name': 'Berglarenplein'}, 'city': 'Nieuweschoot', 'state': 'Utrecht'...</msg>
<var>${json_data}</var>
<arg>${response.json()}</arg>
<doc>Returns the given values which can then be assigned to a variables.</doc>
<status status="PASS" start="2024-05-01T13:15:12.223477" elapsed="0.000821"/>
</kw>
<kw name="Log" owner="BuiltIn">
<msg time="2024-05-01T13:15:12.225055" level="INFO">{'results': [{'gender': 'male', 'name': {'title': 'Mr', 'first': 'Yoni', 'last': 'Meter'}, 'location': {'street': {'number': 2673, 'name': 'Berglarenplein'}, 'city': 'Nieuweschoot', 'state': 'Utrecht', 'country': 'Netherlands', 'postcode': '6285 ZD', 'coordinates': {'latitude': '32.6660', 'longitude': '-137.4648'}, 'timezone': {'offset': '-3:00', 'description': 'Brazil, Buenos Aires, Georgetown'}}, 'email': 'yoni.meter@example.com', 'login': {'uuid': 'f75429cf-fb6f-43a6-a945-37343e313479', 'username': 'crazygoose301', 'password': 'megapass', 'salt': '9Ty8nNA6', 'md5': '16e1dc1e57731d177afdd1ef1c627f39', 'sha1': 'f1bdacfe8ad1a5222b1346da989c9445473dac28', 'sha256': 'c255566c10ae02369721b014af0c4553e5526ad1959d38f5066335a36bc89994'}, 'dob': {'date': '1970-03-06T00:44:02.981Z', 'age': 54}, 'registered': {'date': '2006-05-28T13:00:05.912Z', 'age': 17}, 'phone': '(0885) 145925', 'cell': '(06) 37990765', 'id': {'name': 'BSN', 'value': '04719551'}, 'picture': {'large': 'https://randomuser.me/api/portraits/men/27.jpg', 'medium': 'https://randomuser.me/api/portraits/med/men/27.jpg', 'thumbnail': 'https://randomuser.me/api/portraits/thumb/men/27.jpg'}, 'nat': 'NL'}], 'info': {'seed': '007b66aa010d2add', 'results': 1, 'page': 1, 'version': '1.4'}}</msg>
<arg>${json_data}</arg>
<doc>Logs the given message with the given level.</doc>
<status status="PASS" start="2024-05-01T13:15:12.224813" elapsed="0.000410"/>
</kw>
<kw name="Should Be String" owner="String">
<arg>${json_data['results'][0]['gender']}</arg>
<doc>Fails if the given ``item`` is not a string.</doc>
<status status="PASS" start="2024-05-01T13:15:12.225771" elapsed="0.000630"/>
</kw>
<kw name="Should Match Regexp" owner="BuiltIn">
<arg>${json_data['results'][0]['email']}</arg>
<arg>^[a-zA-Z0-9._%+-]+@[a-zA-Z0-9.-]+\.[a-zA-Z]{2,}$</arg>
<doc>Fails if ``string`` does not match ``pattern`` as a regular expression.</doc>
<status status="PASS" start="2024-05-01T13:15:12.226718" elapsed="0.000882"/>
</kw>
<kw name="Should Match Regexp" owner="BuiltIn">
<arg>${json_data['results'][0]['dob']['date']}</arg>
<arg>\\d{4}-\\d{2}-\\d{2}T\\d{2}:\\d{2}:\\d{2}\\.\\d{3}Z</arg>
<doc>Fails if ``string`` does not match ``pattern`` as a regular expression.</doc>
<status status="PASS" start="2024-05-01T13:15:12.227948" elapsed="0.000843"/>
</kw>
<kw name="Should Match Regexp" owner="BuiltIn">
<arg>${json_data['results'][0]['registered']['date']}</arg>
<arg>\\d{4}-\\d{2}-\\d{2}T\\d{2}:\\d{2}:\\d{2}\\.\\d{3}Z</arg>
<doc>Fails if ``string`` does not match ``pattern`` as a regular expression.</doc>
<status status="PASS" start="2024-05-01T13:15:12.229142" elapsed="0.000669"/>
</kw>
<kw name="Should Match Regexp" owner="BuiltIn">
<arg>${json_data['results'][0]['picture']['large']}</arg>
<arg>^https?://.*\.(?:png|jpe?g|gif|bmp)$</arg>
<doc>Fails if ``string`` does not match ``pattern`` as a regular expression.</doc>
<status status="PASS" start="2024-05-01T13:15:12.230151" elapsed="0.000782"/>
</kw>
<kw name="Should Match Regexp" owner="BuiltIn">
<arg>${json_data['results'][0]['picture']['medium']}</arg>
<arg>^https?://.*\.(?:png|jpe?g|gif|bmp)$</arg>
<doc>Fails if ``string`` does not match ``pattern`` as a regular expression.</doc>
<status status="PASS" start="2024-05-01T13:15:12.231280" elapsed="0.000593"/>
</kw>
<kw name="Should Match Regexp" owner="BuiltIn">
<arg>${json_data['results'][0]['picture']['thumbnail']}</arg>
<arg>^https?://.*\.(?:png|jpe?g|gif|bmp)$</arg>
<doc>Fails if ``string`` does not match ``pattern`` as a regular expression.</doc>
<status status="PASS" start="2024-05-01T13:15:12.232182" elapsed="0.000622"/>
</kw>
<kw name="Log" owner="BuiltIn">
<msg time="2024-05-01T13:15:12.233651" level="INFO">{'large': 'https://randomuser.me/api/portraits/men/27.jpg', 'medium': 'https://randomuser.me/api/portraits/med/men/27.jpg', 'thumbnail': 'https://randomuser.me/api/portraits/thumb/men/27.jpg'}</msg>
<arg>${json_data['results'][0]['picture']}</arg>
<doc>Logs the given message with the given level.</doc>
<status status="PASS" start="2024-05-01T13:15:12.233093" elapsed="0.000628"/>
</kw>
<status status="PASS" start="2024-05-01T13:15:12.144242" elapsed="0.089925"/>
</kw>
<kw name="Teste de Tipos de Dados - Postcode" owner="random-user-service">
<kw name="GET On Session" owner="RequestsLibrary">
<msg time="2024-05-01T13:15:12.319089" level="INFO">GET Request : url=https://randomuser.me/api 
 path_url=/api 
 headers={'User-Agent': 'python-requests/2.31.0', 'Accept-Encoding': 'gzip, deflate', 'Accept': '*/*', 'Connection': 'keep-alive'} 
 body=None 
 </msg>
<msg time="2024-05-01T13:15:12.319198" level="INFO">GET Response : url=https://randomuser.me/api 
 status=200, reason=OK 
 headers={'Date': 'Wed, 01 May 2024 13:15:12 GMT', 'Content-Type': 'application/json; charset=utf-8', 'Transfer-Encoding': 'chunked', 'Connection': 'keep-alive', 'X-Powered-By': 'Express', 'Access-Control-Allow-Origin': '*', 'Cache-Control': 'no-cache', 'ETag': 'W/"4aa-mGfacni/kEXfnUvkgnpzZ1KK36g"', 'Vary': 'Accept-Encoding', 'Content-Encoding': 'gzip', 'CF-Cache-Status': 'DYNAMIC', 'Report-To': '{"endpoints":[{"url":"https:\\/\\/a.nel.cloudflare.com\\/report\\/v4?s=N8iT8OZqO9V0N7G%2FjBjkKj9Yu3dheaV6yRjNo%2B6yN9vT3hm81DOOqUEUv7oxoJi98DoBT6NGQ1QTMfmkawxLnwYBL5kYIripr0ODoo6DjXDj1yDc1Gh%2FTscoomIJluM0"}],"group":"cf-nel","max_age":604800}', 'NEL': '{"success_fraction":0,"report_to":"cf-nel","max_age":604800}', 'Server': 'cloudflare', 'CF-RAY': '87d009f97d792d12-IAD', 'alt-svc': 'h3=":443"; ma=86400'} 
 body={"results":[{"gender":"male","name":{"title":"Monsieur","first":"Santiago","last":"Muller"},"location":{"street":{"number":2223,"name":"Rue du Bât-D'Argent"},"city":"Sarnen","state":"Appenzell Ausserrhoden","country":"Switzerland","postcode":2235,"coordinates":{"latitude":"-55.9146","longitude":"-91.7992"},"timezone":{"offset":"+7:00","description":"Bangkok, Hanoi, Jakarta"}},"email":"santiago.muller@example.com","login":{"uuid":"dbc3cc0f-1f86-4da0-831a-d1e0267d8cfe","username":"beautifulmouse865","password":"charlott","salt":"g9HxZNdU","md5":"c8acca4ebab4dae3e5b8e0b150e824e9","sha1":"2ea87e35b0fd887501b8c98d6f184295f12d8bea","sha256":"3c83d78f3c552b254d9762c4ae58aaad1a760b4a9dc325ae0e1f1f40f2e34dc5"},"dob":{"date":"1948-11-24T05:19:27.783Z","age":75},"registered":{"date":"2019-11-30T15:55:32.778Z","age":4},"phone":"077 485 79 84","cell":"075 512 34 35","id":{"name":"AVS","value":"756.1538.9886.00"},"picture":{"large":"https://randomuser.me/api/portraits/men/5.jpg","medium":"https://randomuser.me/api/portraits/med/men/5.jpg","thumbnail":"https://randomuser.me/api/portraits/thumb/men/5.jpg"},"nat":"CH"}],"info":{"seed":"eb7c814792349c44","results":1,"page":1,"version":"1.4"}} 
 </msg>
<msg time="2024-05-01T13:15:12.319275" level="INFO">/opt/hostedtoolcache/Python/3.12.3/x64/lib/python3.12/site-packages/urllib3/connectionpool.py:1103: InsecureRequestWarning: Unverified HTTPS request is being made to host 'randomuser.me'. Adding certificate verification is strongly advised. See: https://urllib3.readthedocs.io/en/latest/advanced-usage.html#tls-warnings
  warnings.warn(</msg>
<msg time="2024-05-01T13:15:12.319403" level="INFO">${response} = &lt;Response [200]&gt;</msg>
<var>${response}</var>
<arg>consultarAPI</arg>
<arg>/api</arg>
<doc>Sends a GET request on a previously created HTTP Session.</doc>
<status status="PASS" start="2024-05-01T13:15:12.234946" elapsed="0.084489"/>
</kw>
<kw name="Set Variable" owner="BuiltIn">
<msg time="2024-05-01T13:15:12.320588" level="INFO">${json_data} = {'results': [{'gender': 'male', 'name': {'title': 'Monsieur', 'first': 'Santiago', 'last': 'Muller'}, 'location': {'street': {'number': 2223, 'name': "Rue du Bât-D'Argent"}, 'city': 'Sarnen', 'state':...</msg>
<var>${json_data}</var>
<arg>${response.json()}</arg>
<doc>Returns the given values which can then be assigned to a variables.</doc>
<status status="PASS" start="2024-05-01T13:15:12.320023" elapsed="0.000594"/>
</kw>
<kw name="Log" owner="BuiltIn">
<msg time="2024-05-01T13:15:12.321197" level="INFO">{'results': [{'gender': 'male', 'name': {'title': 'Monsieur', 'first': 'Santiago', 'last': 'Muller'}, 'location': {'street': {'number': 2223, 'name': "Rue du Bât-D'Argent"}, 'city': 'Sarnen', 'state': 'Appenzell Ausserrhoden', 'country': 'Switzerland', 'postcode': 2235, 'coordinates': {'latitude': '-55.9146', 'longitude': '-91.7992'}, 'timezone': {'offset': '+7:00', 'description': 'Bangkok, Hanoi, Jakarta'}}, 'email': 'santiago.muller@example.com', 'login': {'uuid': 'dbc3cc0f-1f86-4da0-831a-d1e0267d8cfe', 'username': 'beautifulmouse865', 'password': 'charlott', 'salt': 'g9HxZNdU', 'md5': 'c8acca4ebab4dae3e5b8e0b150e824e9', 'sha1': '2ea87e35b0fd887501b8c98d6f184295f12d8bea', 'sha256': '3c83d78f3c552b254d9762c4ae58aaad1a760b4a9dc325ae0e1f1f40f2e34dc5'}, 'dob': {'date': '1948-11-24T05:19:27.783Z', 'age': 75}, 'registered': {'date': '2019-11-30T15:55:32.778Z', 'age': 4}, 'phone': '077 485 79 84', 'cell': '075 512 34 35', 'id': {'name': 'AVS', 'value': '756.1538.9886.00'}, 'picture': {'large': 'https://randomuser.me/api/portraits/men/5.jpg', 'medium': 'https://randomuser.me/api/portraits/med/men/5.jpg', 'thumbnail': 'https://randomuser.me/api/portraits/thumb/men/5.jpg'}, 'nat': 'CH'}], 'info': {'seed': 'eb7c814792349c44', 'results': 1, 'page': 1, 'version': '1.4'}}</msg>
<arg>${json_data}</arg>
<doc>Logs the given message with the given level.</doc>
<status status="PASS" start="2024-05-01T13:15:12.320981" elapsed="0.000316"/>
</kw>
<kw name="Should Be Equal As Numbers" owner="BuiltIn">
<arg>${json_data['results'][0]['location']['postcode']}</arg>
<arg>${json_data['results'][0]['location']['postcode']}</arg>
<doc>Fails if objects are unequal after converting them to real numbers.</doc>
<status status="PASS" start="2024-05-01T13:15:12.321841" elapsed="0.000659"/>
</kw>
<kw name="Log" owner="BuiltIn">
<msg time="2024-05-01T13:15:12.323048" level="INFO">2235</msg>
<arg>${json_data['results'][0]['location']['postcode']}</arg>
<doc>Logs the given message with the given level.</doc>
<status status="PASS" start="2024-05-01T13:15:12.322704" elapsed="0.000384"/>
</kw>
<status status="PASS" start="2024-05-01T13:15:12.234563" elapsed="0.088788"/>
</kw>
<doc>Testa se os tipos de dados na resposta da API estão corretos.</doc>
<tag>testeTiposDados</tag>
<status status="PASS" start="2024-05-01T13:15:12.143742" elapsed="0.179783"/>
</test>
<test id="s1-s1-t5" name="Validar conteudo" line="35">
<kw name="Teste de Tipos de Conteudo" owner="random-user-service">
<kw name="GET On Session" owner="RequestsLibrary">
<msg time="2024-05-01T13:15:12.417017" level="INFO">GET Request : url=https://randomuser.me/api 
 path_url=/api 
 headers={'User-Agent': 'python-requests/2.31.0', 'Accept-Encoding': 'gzip, deflate', 'Accept': '*/*', 'Connection': 'keep-alive'} 
 body=None 
 </msg>
<msg time="2024-05-01T13:15:12.417170" level="INFO">GET Response : url=https://randomuser.me/api 
 status=200, reason=OK 
 headers={'Date': 'Wed, 01 May 2024 13:15:12 GMT', 'Content-Type': 'application/json; charset=utf-8', 'Transfer-Encoding': 'chunked', 'Connection': 'keep-alive', 'X-Powered-By': 'Express', 'Access-Control-Allow-Origin': '*', 'Cache-Control': 'no-cache', 'ETag': 'W/"486-7ZjCI85hm6V5nkOOb25VW3A4Xno"', 'Vary': 'Accept-Encoding', 'Content-Encoding': 'gzip', 'CF-Cache-Status': 'DYNAMIC', 'Report-To': '{"endpoints":[{"url":"https:\\/\\/a.nel.cloudflare.com\\/report\\/v4?s=xtEd20cvhTuIuC9J2T9x5HsBOuM%2F1yway6Ot6HhELrRexG%2F6k2dVXnUCu0FR%2B7gLJm7fTYIsbcB6C%2F4ylkupY1piHjOOVhVe%2FlaWaqHRawI7ZfWYbvEQe55RUQzoP0w3"}],"group":"cf-nel","max_age":604800}', 'NEL': '{"success_fraction":0,"report_to":"cf-nel","max_age":604800}', 'Server': 'cloudflare', 'CF-RAY': '87d009fa0e562d12-IAD', 'alt-svc': 'h3=":443"; ma=86400'} 
 body={"results":[{"gender":"male","name":{"title":"Mr","first":"Borja","last":"Bravo"},"location":{"street":{"number":2897,"name":"Avenida de Castilla"},"city":"Orihuela","state":"País Vasco","country":"Spain","postcode":64245,"coordinates":{"latitude":"-31.8387","longitude":"-156.1192"},"timezone":{"offset":"-8:00","description":"Pacific Time (US &amp; Canada)"}},"email":"borja.bravo@example.com","login":{"uuid":"212419e9-ef70-4d57-b6db-7e314ffc3f8c","username":"ticklishpanda501","password":"hank","salt":"49Ea2tD9","md5":"9163810b8e16d2b8dae39a8123980aff","sha1":"f05c9de0757f34d06829022a53b60b767c7faeb9","sha256":"b8f3bd9d5faa918ff94a2fa6e866a7ae245c46da9b0a5420603750e472caada9"},"dob":{"date":"1995-11-11T01:01:18.265Z","age":28},"registered":{"date":"2006-03-20T13:27:00.070Z","age":18},"phone":"929-972-958","cell":"673-265-881","id":{"name":"DNI","value":"17872094-Y"},"picture":{"large":"https://randomuser.me/api/portraits/men/11.jpg","medium":"https://randomuser.me/api/portraits/med/men/11.jpg","thumbnail":"https://randomuser.me/api/portraits/thumb/men/11.jpg"},"nat":"ES"}],"info":{"seed":"8b20f78eb024fdcc","results":1,"page":1,"version":"1.4"}} 
 </msg>
<msg time="2024-05-01T13:15:12.417268" level="INFO">/opt/hostedtoolcache/Python/3.12.3/x64/lib/python3.12/site-packages/urllib3/connectionpool.py:1103: InsecureRequestWarning: Unverified HTTPS request is being made to host 'randomuser.me'. Adding certificate verification is strongly advised. See: https://urllib3.readthedocs.io/en/latest/advanced-usage.html#tls-warnings
  warnings.warn(</msg>
<msg time="2024-05-01T13:15:12.417389" level="INFO">${response} = &lt;Response [200]&gt;</msg>
<var>${response}</var>
<arg>consultarAPI</arg>
<arg>/api</arg>
<doc>Sends a GET request on a previously created HTTP Session.</doc>
<status status="PASS" start="2024-05-01T13:15:12.326156" elapsed="0.091271"/>
</kw>
<kw name="Set Variable" owner="BuiltIn">
<msg time="2024-05-01T13:15:12.418530" level="INFO">${json_data} = {'results': [{'gender': 'male', 'name': {'title': 'Mr', 'first': 'Borja', 'last': 'Bravo'}, 'location': {'street': {'number': 2897, 'name': 'Avenida de Castilla'}, 'city': 'Orihuela', 'state': 'País V...</msg>
<var>${json_data}</var>
<arg>${response.json()}</arg>
<doc>Returns the given values which can then be assigned to a variables.</doc>
<status status="PASS" start="2024-05-01T13:15:12.417982" elapsed="0.000579"/>
</kw>
<kw name="Set Variable" owner="BuiltIn">
<msg time="2024-05-01T13:15:12.419349" level="INFO">${name_title} = Mr</msg>
<var>${name_title}</var>
<arg>${json_data["results"][0]["name"]["title"]}</arg>
<doc>Returns the given values which can then be assigned to a variables.</doc>
<status status="PASS" start="2024-05-01T13:15:12.418923" elapsed="0.000452"/>
</kw>
<kw name="Create List" owner="BuiltIn">
<msg time="2024-05-01T13:15:12.419854" level="INFO">${allowed_titles} = ['Mr', 'Ms', 'Miss', 'Mrs', 'Madame', 'Monsieur']</msg>
<var>${allowed_titles}</var>
<arg>Mr</arg>
<arg>Ms</arg>
<arg>Miss</arg>
<arg>Mrs</arg>
<arg>Madame</arg>
<arg>Monsieur</arg>
<doc>Returns a list containing given items.</doc>
<status status="PASS" start="2024-05-01T13:15:12.419696" elapsed="0.000183"/>
</kw>
<kw name="List Should Contain Value" owner="Collections">
<msg time="2024-05-01T13:15:12.420367" level="INFO">False</msg>
<arg>${allowed_titles}</arg>
<arg>${name_title}</arg>
<doc>Fails if the ``value`` is not found from ``list``.</doc>
<status status="PASS" start="2024-05-01T13:15:12.420187" elapsed="0.000218"/>
</kw>
<kw name="Set Variable" owner="BuiltIn">
<msg time="2024-05-01T13:15:12.421091" level="INFO">${name_country} = ES</msg>
<var>${name_country}</var>
<arg>${json_data["results"][0]["nat"]}</arg>
<doc>Returns the given values which can then be assigned to a variables.</doc>
<status status="PASS" start="2024-05-01T13:15:12.420703" elapsed="0.000413"/>
</kw>
<kw name="Create List" owner="BuiltIn">
<msg time="2024-05-01T13:15:12.422056" level="INFO">${list_country} = ['AD', 'AE', 'AF', 'AG', 'AI', 'AL', 'AM', 'AO', 'AQ', 'AR', 'AS', 'AT', 'AU', 'AW', 'AX', 'AZ', 'BA', 'BB', 'BD', 'BE', 'BF', 'BG', 'BH', 'BI', 'BJ', 'BL', 'BM', 'BN', 'BO', 'BQ', 'BR', 'BS', 'BT', '...</msg>
<var>${list_country}</var>
<arg>AD</arg>
<arg>AE</arg>
<arg>AF</arg>
<arg>AG</arg>
<arg>AI</arg>
<arg>AL</arg>
<arg>AM</arg>
<arg>AO</arg>
<arg>AQ</arg>
<arg>AR</arg>
<arg>AS</arg>
<arg>AT</arg>
<arg>AU</arg>
<arg>AW</arg>
<arg>AX</arg>
<arg>AZ</arg>
<arg>BA</arg>
<arg>BB</arg>
<arg>BD</arg>
<arg>BE</arg>
<arg>BF</arg>
<arg>BG</arg>
<arg>BH</arg>
<arg>BI</arg>
<arg>BJ</arg>
<arg>BL</arg>
<arg>BM</arg>
<arg>BN</arg>
<arg>BO</arg>
<arg>BQ</arg>
<arg>BR</arg>
<arg>BS</arg>
<arg>BT</arg>
<arg>BV</arg>
<arg>BW</arg>
<arg>BY</arg>
<arg>BZ</arg>
<arg>CA</arg>
<arg>CC</arg>
<arg>CD</arg>
<arg>CF</arg>
<arg>CG</arg>
<arg>CH</arg>
<arg>CI</arg>
<arg>CK</arg>
<arg>CL</arg>
<arg>CM</arg>
<arg>CN</arg>
<arg>CO</arg>
<arg>CR</arg>
<arg>CU</arg>
<arg>CV</arg>
<arg>CW</arg>
<arg>CX</arg>
<arg>CY</arg>
<arg>CZ</arg>
<arg>DE</arg>
<arg>DJ</arg>
<arg>DK</arg>
<arg>DM</arg>
<arg>DO</arg>
<arg>DZ</arg>
<arg>EC</arg>
<arg>EE</arg>
<arg>EG</arg>
<arg>EH</arg>
<arg>ER</arg>
<arg>ES</arg>
<arg>ET</arg>
<arg>FI</arg>
<arg>FJ</arg>
<arg>FK</arg>
<arg>FM</arg>
<arg>FO</arg>
<arg>FR</arg>
<arg>GA</arg>
<arg>GB</arg>
<arg>GD</arg>
<arg>GE</arg>
<arg>GF</arg>
<arg>GG</arg>
<arg>GH</arg>
<arg>GI</arg>
<arg>GL</arg>
<arg>GM</arg>
<arg>GN</arg>
<arg>GP</arg>
<arg>GQ</arg>
<arg>GR</arg>
<arg>GS</arg>
<arg>GT</arg>
<arg>GU</arg>
<arg>GW</arg>
<arg>GY</arg>
<arg>HK</arg>
<arg>HM</arg>
<arg>HN</arg>
<arg>HR</arg>
<arg>HT</arg>
<arg>HU</arg>
<arg>ID</arg>
<arg>IE</arg>
<arg>IL</arg>
<arg>IM</arg>
<arg>IN</arg>
<arg>IO</arg>
<arg>IQ</arg>
<arg>IR</arg>
<arg>IS</arg>
<arg>IT</arg>
<arg>JE</arg>
<arg>JM</arg>
<arg>JO</arg>
<arg>JP</arg>
<arg>KE</arg>
<arg>KG</arg>
<arg>KH</arg>
<arg>KI</arg>
<arg>KM</arg>
<arg>KN</arg>
<arg>KP</arg>
<arg>KR</arg>
<arg>KW</arg>
<arg>KY</arg>
<arg>KZ</arg>
<arg>LA</arg>
<arg>LB</arg>
<arg>LC</arg>
<arg>LI</arg>
<arg>LK</arg>
<arg>LR</arg>
<arg>LS</arg>
<arg>LT</arg>
<arg>LU</arg>
<arg>LV</arg>
<arg>LY</arg>
<arg>MA</arg>
<arg>MC</arg>
<arg>MD</arg>
<arg>ME</arg>
<arg>MF</arg>
<arg>MG</arg>
<arg>MH</arg>
<arg>MK</arg>
<arg>ML</arg>
<arg>MM</arg>
<arg>MN</arg>
<arg>MO</arg>
<arg>MP</arg>
<arg>MQ</arg>
<arg>MR</arg>
<arg>MS</arg>
<arg>MT</arg>
<arg>MU</arg>
<arg>MV</arg>
<arg>MW</arg>
<arg>MX</arg>
<arg>MY</arg>
<arg>MZ</arg>
<arg>NA</arg>
<arg>NC</arg>
<arg>NE</arg>
<arg>NF</arg>
<arg>NG</arg>
<arg>NI</arg>
<arg>NL</arg>
<arg>NO</arg>
<arg>NP</arg>
<arg>NR</arg>
<arg>NU</arg>
<arg>NZ</arg>
<arg>OM</arg>
<arg>PA</arg>
<arg>PE</arg>
<arg>PF</arg>
<arg>PG</arg>
<arg>PH</arg>
<arg>PK</arg>
<arg>PL</arg>
<arg>PM</arg>
<arg>PN</arg>
<arg>PR</arg>
<arg>PS</arg>
<arg>PT</arg>
<arg>PW</arg>
<arg>PY</arg>
<arg>QA</arg>
<arg>RE</arg>
<arg>RO</arg>
<arg>RS</arg>
<arg>RU</arg>
<arg>RW</arg>
<arg>SA</arg>
<arg>SB</arg>
<arg>SC</arg>
<arg>SD</arg>
<arg>SE</arg>
<arg>SG</arg>
<arg>SH</arg>
<arg>SI</arg>
<arg>SJ</arg>
<arg>SK</arg>
<arg>SL</arg>
<arg>SM</arg>
<arg>SN</arg>
<arg>SO</arg>
<arg>SR</arg>
<arg>SS</arg>
<arg>ST</arg>
<arg>SV</arg>
<arg>SX</arg>
<arg>SY</arg>
<arg>SZ</arg>
<arg>TC</arg>
<arg>TD</arg>
<arg>TF</arg>
<arg>TG</arg>
<arg>TH</arg>
<arg>TJ</arg>
<arg>TK</arg>
<arg>TL</arg>
<arg>TM</arg>
<arg>TN</arg>
<arg>TO</arg>
<arg>TR</arg>
<arg>TT</arg>
<arg>TV</arg>
<arg>TW</arg>
<arg>TZ</arg>
<arg>UA</arg>
<arg>UG</arg>
<arg>UM</arg>
<arg>US</arg>
<arg>UY</arg>
<arg>UZ</arg>
<arg>VA</arg>
<arg>VC</arg>
<arg>VE</arg>
<arg>VG</arg>
<arg>VI</arg>
<arg>VN</arg>
<arg>VU</arg>
<arg>WF</arg>
<arg>WS</arg>
<arg>XK</arg>
<arg>YE</arg>
<arg>YT</arg>
<arg>ZA</arg>
<arg>ZM</arg>
<arg>ZW</arg>
<doc>Returns a list containing given items.</doc>
<status status="PASS" start="2024-05-01T13:15:12.421468" elapsed="0.000614"/>
</kw>
<kw name="List Should Contain Value" owner="Collections">
<msg time="2024-05-01T13:15:12.423095" level="INFO">False</msg>
<arg>${list_country}</arg>
<arg>${name_country}</arg>
<doc>Fails if the ``value`` is not found from ``list``.</doc>
<status status="PASS" start="2024-05-01T13:15:12.422886" elapsed="0.000248"/>
</kw>
<kw name="Run Keyword If" owner="BuiltIn">
<kw name="Should Be True" owner="BuiltIn">
<arg>${True}</arg>
<doc>Fails if the given condition is not true.</doc>
<status status="PASS" start="2024-05-01T13:15:12.424235" elapsed="0.000287"/>
</kw>
<arg>${json_data["results"][0]["location"]["coordinates"]["latitude"]} &gt;= -90 and ${json_data["results"][0]["location"]["coordinates"]["latitude"]} &lt;= 90</arg>
<arg>Should Be True</arg>
<arg>${True}</arg>
<doc>Runs the given keyword with the given arguments, if ``condition`` is true.</doc>
<status status="PASS" start="2024-05-01T13:15:12.423455" elapsed="0.001201"/>
</kw>
<kw name="Run Keyword If" owner="BuiltIn">
<kw name="Should Be True" owner="BuiltIn">
<arg>${True}</arg>
<doc>Fails if the given condition is not true.</doc>
<status status="PASS" start="2024-05-01T13:15:12.425634" elapsed="0.000146"/>
</kw>
<arg>${json_data["results"][0]["location"]["coordinates"]["longitude"]} &gt;= -180 and ${json_data["results"][0]["location"]["coordinates"]["longitude"]} &lt;= 180</arg>
<arg>Should Be True</arg>
<arg>${True}</arg>
<doc>Runs the given keyword with the given arguments, if ``condition`` is true.</doc>
<status status="PASS" start="2024-05-01T13:15:12.424855" elapsed="0.001053"/>
</kw>
<status status="PASS" start="2024-05-01T13:15:12.325909" elapsed="0.100136"/>
</kw>
<doc>Testa o conteúdo específico dos campos retornados pela API.</doc>
<tag>testeConteudo</tag>
<status status="PASS" start="2024-05-01T13:15:12.325347" elapsed="0.100856"/>
</test>
<status status="PASS" start="2024-05-01T13:15:11.560513" elapsed="0.867774"/>
</suite>
<status status="PASS" start="2024-05-01T13:15:11.546428" elapsed="0.887301"/>
</suite>
<statistics>
<total>
<stat pass="5" fail="0" skip="0">All Tests</stat>
</total>
<tag>
<stat pass="1" fail="0" skip="0">testeConteudo</stat>
<stat pass="1" fail="0" skip="0">testeEstruturaResposta</stat>
<stat pass="1" fail="0" skip="0">testeRequisicaoBasica</stat>
<stat pass="1" fail="0" skip="0">testeTiposDados</stat>
</tag>
<suite>
<stat pass="5" fail="0" skip="0" id="s1" name="Tests">Tests</stat>
<stat pass="5" fail="0" skip="0" id="s1-s1" name="Random-User-Test">Tests.Random-User-Test</stat>
</suite>
</statistics>
<errors>
</errors>
</robot>
