<?xml version="1.0" encoding="UTF-8"?>
<robot generator="Robot 7.0 (Python 3.12.3 on linux)" generated="2024-04-21T06:18:19.188788" rpa="false" schemaversion="5">
<suite id="s1" name="Tests" source="/home/runner/work/DesafioQAItauRogerioJordao/DesafioQAItauRogerioJordao/RamdonUser/tests">
<suite id="s1-s1" name="Random-User-Test" source="/home/runner/work/DesafioQAItauRogerioJordao/DesafioQAItauRogerioJordao/RamdonUser/tests/random-user-test.robot">
<test id="s1-s1-t1" name="Conectar" line="13">
<kw name="Conectar API" owner="random-user-service">
<kw name="Create Session" owner="RequestsLibrary">
<msg time="2024-04-21T06:18:19.587289" level="INFO">Creating Session using : alias=consultarAPI, url=https://randomuser.me/, headers={},                     cookies={}, auth=None, timeout=None, proxies=None, verify=False,                     debug=0 </msg>
<arg>consultarAPI</arg>
<arg>${URL}</arg>
<doc>Create Session: create a HTTP session to a server</doc>
<status status="PASS" start="2024-04-21T06:18:19.587080" elapsed="0.000455"/>
</kw>
<status status="PASS" start="2024-04-21T06:18:19.586074" elapsed="0.001866"/>
</kw>
<status status="PASS" start="2024-04-21T06:18:19.585424" elapsed="0.002746"/>
</test>
<test id="s1-s1-t2" name="Validar retorno 200 e JSON Válido" line="16">
<kw name="Teste de Requisicao Basica" owner="random-user-service">
<kw name="GET On Session" owner="RequestsLibrary">
<msg time="2024-04-21T06:18:19.741078" level="INFO">GET Request : url=https://randomuser.me/api 
 path_url=/api 
 headers={'User-Agent': 'python-requests/2.31.0', 'Accept-Encoding': 'gzip, deflate', 'Accept': '*/*', 'Connection': 'keep-alive'} 
 body=None 
 </msg>
<msg time="2024-04-21T06:18:19.741255" level="INFO">GET Response : url=https://randomuser.me/api 
 status=200, reason=OK 
 headers={'Date': 'Sun, 21 Apr 2024 06:18:19 GMT', 'Content-Type': 'application/json; charset=utf-8', 'Transfer-Encoding': 'chunked', 'Connection': 'keep-alive', 'X-Powered-By': 'Express', 'Access-Control-Allow-Origin': '*', 'Cache-Control': 'no-cache', 'ETag': 'W/"48c-nVqSZLXEp+vCIWZylIFOJPVa0VQ"', 'Vary': 'Accept-Encoding', 'Content-Encoding': 'gzip', 'CF-Cache-Status': 'DYNAMIC', 'Report-To': '{"endpoints":[{"url":"https:\\/\\/a.nel.cloudflare.com\\/report\\/v4?s=dFMyjUCiRjb0%2BbDdkcbvqGTZOM9YBaY%2Fi%2FqEqsxu1idkL%2BcVbBbvESTiRVY8SCBIUs9POxXc9CbnIsb2sv7AdD1hktow99GjsNjPNi0Nvgj7ypaG3vjIPaz0clJSULvA"}],"group":"cf-nel","max_age":604800}', 'NEL': '{"success_fraction":0,"report_to":"cf-nel","max_age":604800}', 'Server': 'cloudflare', 'CF-RAY': '877b419119122a3c-ORD', 'alt-svc': 'h3=":443"; ma=86400'} 
 body={"results":[{"gender":"female","name":{"title":"Miss","first":"Taylor","last":"Cole"},"location":{"street":{"number":2386,"name":"Ash Dr"},"city":"Townsville","state":"Tasmania","country":"Australia","postcode":3164,"coordinates":{"latitude":"-82.8440","longitude":"113.8706"},"timezone":{"offset":"-3:00","description":"Brazil, Buenos Aires, Georgetown"}},"email":"taylor.cole@example.com","login":{"uuid":"e23530db-bc13-4373-8d6b-cd6438db4893","username":"sadpeacock833","password":"garfield","salt":"XgmoEpXZ","md5":"d50ee51f54724b7b9e3fa353a31a19f5","sha1":"b81c218f89eece52181d18c6d7edeb2319e82ea8","sha256":"f9d647e47514ffff3d3695e761f1514546ae6e32b7da96dcc8d0789f2c5b91f0"},"dob":{"date":"1968-04-10T06:11:26.432Z","age":56},"registered":{"date":"2007-04-09T16:14:54.424Z","age":17},"phone":"05-8725-6277","cell":"0470-687-456","id":{"name":"TFN","value":"714649935"},"picture":{"large":"https://randomuser.me/api/portraits/women/19.jpg","medium":"https://randomuser.me/api/portraits/med/women/19.jpg","thumbnail":"https://randomuser.me/api/portraits/thumb/women/19.jpg"},"nat":"AU"}],"info":{"seed":"a7889a1fe0ab3e35","results":1,"page":1,"version":"1.4"}} 
 </msg>
<msg time="2024-04-21T06:18:19.741355" level="INFO">/opt/hostedtoolcache/Python/3.12.3/x64/lib/python3.12/site-packages/urllib3/connectionpool.py:1103: InsecureRequestWarning: Unverified HTTPS request is being made to host 'randomuser.me'. Adding certificate verification is strongly advised. See: https://urllib3.readthedocs.io/en/latest/advanced-usage.html#tls-warnings
  warnings.warn(</msg>
<msg time="2024-04-21T06:18:19.741505" level="INFO">${response} = &lt;Response [200]&gt;</msg>
<var>${response}</var>
<arg>consultarAPI</arg>
<arg>/api</arg>
<doc>Sends a GET request on a previously created HTTP Session.</doc>
<status status="PASS" start="2024-04-21T06:18:19.590834" elapsed="0.150713"/>
</kw>
<kw name="Should Be Equal As Numbers" owner="BuiltIn">
<msg time="2024-04-21T06:18:19.742724" level="INFO">Argument types are:
&lt;class 'int'&gt;
&lt;class 'str'&gt;</msg>
<arg>${response.status_code}</arg>
<arg>200</arg>
<doc>Fails if objects are unequal after converting them to real numbers.</doc>
<status status="PASS" start="2024-04-21T06:18:19.742219" elapsed="0.000575"/>
</kw>
<kw name="Log" owner="BuiltIn">
<msg time="2024-04-21T06:18:19.743575" level="INFO">200</msg>
<arg>${response.status_code}</arg>
<doc>Logs the given message with the given level.</doc>
<status status="PASS" start="2024-04-21T06:18:19.743157" elapsed="0.000464"/>
</kw>
<kw name="Set Variable" owner="BuiltIn">
<msg time="2024-04-21T06:18:19.744388" level="INFO">${json_data} = {'results': [{'gender': 'female', 'name': {'title': 'Miss', 'first': 'Taylor', 'last': 'Cole'}, 'location': {'street': {'number': 2386, 'name': 'Ash Dr'}, 'city': 'Townsville', 'state': 'Tasmania', 'c...</msg>
<var>${json_data}</var>
<arg>${response.json()}</arg>
<doc>Returns the given values which can then be assigned to a variables.</doc>
<status status="PASS" start="2024-04-21T06:18:19.743941" elapsed="0.000476"/>
</kw>
<kw name="Dictionary Should Contain Key" owner="Collections">
<msg time="2024-04-21T06:18:19.744893" level="INFO">False</msg>
<arg>${json_data}</arg>
<arg>results</arg>
<doc>Fails if ``key`` is not found from ``dictionary``.</doc>
<status status="PASS" start="2024-04-21T06:18:19.744722" elapsed="0.000217"/>
</kw>
<status status="PASS" start="2024-04-21T06:18:19.590573" elapsed="0.154636"/>
</kw>
<doc>Testa se a API responde corretamente e retorna um objeto JSON válido.</doc>
<tag>testeRequisicaoBasica</tag>
<status status="PASS" start="2024-04-21T06:18:19.590097" elapsed="0.155301"/>
</test>
<test id="s1-s1-t3" name="Validar estrutura de resposta" line="22">
<kw name="Teste de Estrutura de Resposta" owner="random-user-service">
<kw name="GET On Session" owner="RequestsLibrary">
<msg time="2024-04-21T06:18:19.839739" level="INFO">GET Request : url=https://randomuser.me/api 
 path_url=/api 
 headers={'User-Agent': 'python-requests/2.31.0', 'Accept-Encoding': 'gzip, deflate', 'Accept': '*/*', 'Connection': 'keep-alive'} 
 body=None 
 </msg>
<msg time="2024-04-21T06:18:19.839838" level="INFO">GET Response : url=https://randomuser.me/api 
 status=200, reason=OK 
 headers={'Date': 'Sun, 21 Apr 2024 06:18:19 GMT', 'Content-Type': 'application/json; charset=utf-8', 'Transfer-Encoding': 'chunked', 'Connection': 'keep-alive', 'X-Powered-By': 'Express', 'Access-Control-Allow-Origin': '*', 'Cache-Control': 'no-cache', 'ETag': 'W/"494-KBH/RqWJelf7DZuvzbvQOOvGepY"', 'Vary': 'Accept-Encoding', 'Content-Encoding': 'gzip', 'CF-Cache-Status': 'DYNAMIC', 'Report-To': '{"endpoints":[{"url":"https:\\/\\/a.nel.cloudflare.com\\/report\\/v4?s=G5qLsVXfgw0mQmXkLNUHWuMGzhwVqo4DVDSuyvVFOWqdjGd88yHxaWpSHjGXfR5AiIH81nbpLxX6JptN40zzwOm%2FcArfq9X7XCjaiaYTWUU7jDMDbZPMExcrek8sN0IA"}],"group":"cf-nel","max_age":604800}', 'NEL': '{"success_fraction":0,"report_to":"cf-nel","max_age":604800}', 'Server': 'cloudflare', 'CF-RAY': '877b419169322a3c-ORD', 'alt-svc': 'h3=":443"; ma=86400'} 
 body={"results":[{"gender":"female","name":{"title":"Miss","first":"Asunción","last":"Jiménez"},"location":{"street":{"number":4638,"name":"Calle de Pedro Bosch"},"city":"La Palma","state":"Castilla la Mancha","country":"Spain","postcode":44009,"coordinates":{"latitude":"-30.2716","longitude":"65.2202"},"timezone":{"offset":"+9:30","description":"Adelaide, Darwin"}},"email":"asuncion.jimenez@example.com","login":{"uuid":"170e7964-62ae-48d9-894c-a8b2139f0f8f","username":"smallmouse568","password":"cumcum","salt":"jO5G2KXL","md5":"21258a63177b7a2aea8be8a40f81c9e8","sha1":"fb887166f97799b6961ad81d12e751690ef5bee9","sha256":"b8776930af963ae258d0793ba442e715ab80f306e227deb19377cba8bb5ca845"},"dob":{"date":"1985-08-18T16:21:27.606Z","age":38},"registered":{"date":"2005-11-05T19:32:30.356Z","age":18},"phone":"926-909-593","cell":"645-597-028","id":{"name":"DNI","value":"67548137-P"},"picture":{"large":"https://randomuser.me/api/portraits/women/6.jpg","medium":"https://randomuser.me/api/portraits/med/women/6.jpg","thumbnail":"https://randomuser.me/api/portraits/thumb/women/6.jpg"},"nat":"ES"}],"info":{"seed":"eb4c416fb87773a6","results":1,"page":1,"version":"1.4"}} 
 </msg>
<msg time="2024-04-21T06:18:19.839970" level="INFO">/opt/hostedtoolcache/Python/3.12.3/x64/lib/python3.12/site-packages/urllib3/connectionpool.py:1103: InsecureRequestWarning: Unverified HTTPS request is being made to host 'randomuser.me'. Adding certificate verification is strongly advised. See: https://urllib3.readthedocs.io/en/latest/advanced-usage.html#tls-warnings
  warnings.warn(</msg>
<msg time="2024-04-21T06:18:19.840109" level="INFO">${response} = &lt;Response [200]&gt;</msg>
<var>${response}</var>
<arg>consultarAPI</arg>
<arg>/api</arg>
<doc>Sends a GET request on a previously created HTTP Session.</doc>
<status status="PASS" start="2024-04-21T06:18:19.748177" elapsed="0.091973"/>
</kw>
<kw name="Set Variable" owner="BuiltIn">
<msg time="2024-04-21T06:18:19.841395" level="INFO">${json_data} = {'results': [{'gender': 'female', 'name': {'title': 'Miss', 'first': 'Asunción', 'last': 'Jiménez'}, 'location': {'street': {'number': 4638, 'name': 'Calle de Pedro Bosch'}, 'city': 'La Palma', 'state...</msg>
<var>${json_data}</var>
<arg>${response.json()}</arg>
<doc>Returns the given values which can then be assigned to a variables.</doc>
<status status="PASS" start="2024-04-21T06:18:19.840759" elapsed="0.000682"/>
</kw>
<kw name="Log" owner="BuiltIn">
<msg time="2024-04-21T06:18:19.842053" level="INFO">{'results': [{'gender': 'female', 'name': {'title': 'Miss', 'first': 'Asunción', 'last': 'Jiménez'}, 'location': {'street': {'number': 4638, 'name': 'Calle de Pedro Bosch'}, 'city': 'La Palma', 'state': 'Castilla la Mancha', 'country': 'Spain', 'postcode': 44009, 'coordinates': {'latitude': '-30.2716', 'longitude': '65.2202'}, 'timezone': {'offset': '+9:30', 'description': 'Adelaide, Darwin'}}, 'email': 'asuncion.jimenez@example.com', 'login': {'uuid': '170e7964-62ae-48d9-894c-a8b2139f0f8f', 'username': 'smallmouse568', 'password': 'cumcum', 'salt': 'jO5G2KXL', 'md5': '21258a63177b7a2aea8be8a40f81c9e8', 'sha1': 'fb887166f97799b6961ad81d12e751690ef5bee9', 'sha256': 'b8776930af963ae258d0793ba442e715ab80f306e227deb19377cba8bb5ca845'}, 'dob': {'date': '1985-08-18T16:21:27.606Z', 'age': 38}, 'registered': {'date': '2005-11-05T19:32:30.356Z', 'age': 18}, 'phone': '926-909-593', 'cell': '645-597-028', 'id': {'name': 'DNI', 'value': '67548137-P'}, 'picture': {'large': 'https://randomuser.me/api/portraits/women/6.jpg', 'medium': 'https://randomuser.me/api/portraits/med/women/6.jpg', 'thumbnail': 'https://randomuser.me/api/portraits/thumb/women/6.jpg'}, 'nat': 'ES'}], 'info': {'seed': 'eb4c416fb87773a6', 'results': 1, 'page': 1, 'version': '1.4'}}</msg>
<arg>${json_data}</arg>
<doc>Logs the given message with the given level.</doc>
<status status="PASS" start="2024-04-21T06:18:19.841879" elapsed="0.000226"/>
</kw>
<kw name="Dictionary Should Contain Key" owner="Collections">
<msg time="2024-04-21T06:18:19.842590" level="INFO">False</msg>
<arg>${json_data}</arg>
<arg>results</arg>
<doc>Fails if ``key`` is not found from ``dictionary``.</doc>
<status status="PASS" start="2024-04-21T06:18:19.842422" elapsed="0.000206"/>
</kw>
<kw name="Should Not Be Empty" owner="BuiltIn">
<msg time="2024-04-21T06:18:19.843060" level="INFO">Length is 2.</msg>
<arg>${json_data}</arg>
<doc>Verifies that the given item is not empty.</doc>
<status status="PASS" start="2024-04-21T06:18:19.842926" elapsed="0.000342"/>
</kw>
<kw name="Create List" owner="BuiltIn">
<msg time="2024-04-21T06:18:19.843770" level="INFO">${expected_keys} = ['gender', 'name', 'location', 'email', 'login']</msg>
<var>${expected_keys}</var>
<arg>gender</arg>
<arg>name</arg>
<arg>location</arg>
<arg>email</arg>
<arg>login</arg>
<doc>Returns a list containing given items.</doc>
<status status="PASS" start="2024-04-21T06:18:19.843616" elapsed="0.000179"/>
</kw>
<for flavor="IN">
<iter>
<kw name="Dictionary Should Contain Key" owner="Collections">
<msg time="2024-04-21T06:18:19.844809" level="INFO">False</msg>
<arg>${json_data['results'][0]}</arg>
<arg>${key}</arg>
<doc>Fails if ``key`` is not found from ``dictionary``.</doc>
<status status="PASS" start="2024-04-21T06:18:19.844395" elapsed="0.000453"/>
</kw>
<kw name="Log" owner="BuiltIn">
<msg time="2024-04-21T06:18:19.845538" level="INFO">{'gender': 'female', 'name': {'title': 'Miss', 'first': 'Asunción', 'last': 'Jiménez'}, 'location': {'street': {'number': 4638, 'name': 'Calle de Pedro Bosch'}, 'city': 'La Palma', 'state': 'Castilla la Mancha', 'country': 'Spain', 'postcode': 44009, 'coordinates': {'latitude': '-30.2716', 'longitude': '65.2202'}, 'timezone': {'offset': '+9:30', 'description': 'Adelaide, Darwin'}}, 'email': 'asuncion.jimenez@example.com', 'login': {'uuid': '170e7964-62ae-48d9-894c-a8b2139f0f8f', 'username': 'smallmouse568', 'password': 'cumcum', 'salt': 'jO5G2KXL', 'md5': '21258a63177b7a2aea8be8a40f81c9e8', 'sha1': 'fb887166f97799b6961ad81d12e751690ef5bee9', 'sha256': 'b8776930af963ae258d0793ba442e715ab80f306e227deb19377cba8bb5ca845'}, 'dob': {'date': '1985-08-18T16:21:27.606Z', 'age': 38}, 'registered': {'date': '2005-11-05T19:32:30.356Z', 'age': 18}, 'phone': '926-909-593', 'cell': '645-597-028', 'id': {'name': 'DNI', 'value': '67548137-P'}, 'picture': {'large': 'https://randomuser.me/api/portraits/women/6.jpg', 'medium': 'https://randomuser.me/api/portraits/med/women/6.jpg', 'thumbnail': 'https://randomuser.me/api/portraits/thumb/women/6.jpg'}, 'nat': 'ES'}</msg>
<arg>${json_data['results'][0]}</arg>
<doc>Logs the given message with the given level.</doc>
<status status="PASS" start="2024-04-21T06:18:19.845156" elapsed="0.000432"/>
</kw>
<kw name="Log" owner="BuiltIn">
<msg time="2024-04-21T06:18:19.846022" level="INFO">gender</msg>
<arg>${key}</arg>
<doc>Logs the given message with the given level.</doc>
<status status="PASS" start="2024-04-21T06:18:19.845891" elapsed="0.000168"/>
</kw>
<var name="${key}">gender</var>
<status status="PASS" start="2024-04-21T06:18:19.844268" elapsed="0.002006"/>
</iter>
<iter>
<kw name="Dictionary Should Contain Key" owner="Collections">
<msg time="2024-04-21T06:18:19.846976" level="INFO">False</msg>
<arg>${json_data['results'][0]}</arg>
<arg>${key}</arg>
<doc>Fails if ``key`` is not found from ``dictionary``.</doc>
<status status="PASS" start="2024-04-21T06:18:19.846583" elapsed="0.000432"/>
</kw>
<kw name="Log" owner="BuiltIn">
<msg time="2024-04-21T06:18:19.847760" level="INFO">{'gender': 'female', 'name': {'title': 'Miss', 'first': 'Asunción', 'last': 'Jiménez'}, 'location': {'street': {'number': 4638, 'name': 'Calle de Pedro Bosch'}, 'city': 'La Palma', 'state': 'Castilla la Mancha', 'country': 'Spain', 'postcode': 44009, 'coordinates': {'latitude': '-30.2716', 'longitude': '65.2202'}, 'timezone': {'offset': '+9:30', 'description': 'Adelaide, Darwin'}}, 'email': 'asuncion.jimenez@example.com', 'login': {'uuid': '170e7964-62ae-48d9-894c-a8b2139f0f8f', 'username': 'smallmouse568', 'password': 'cumcum', 'salt': 'jO5G2KXL', 'md5': '21258a63177b7a2aea8be8a40f81c9e8', 'sha1': 'fb887166f97799b6961ad81d12e751690ef5bee9', 'sha256': 'b8776930af963ae258d0793ba442e715ab80f306e227deb19377cba8bb5ca845'}, 'dob': {'date': '1985-08-18T16:21:27.606Z', 'age': 38}, 'registered': {'date': '2005-11-05T19:32:30.356Z', 'age': 18}, 'phone': '926-909-593', 'cell': '645-597-028', 'id': {'name': 'DNI', 'value': '67548137-P'}, 'picture': {'large': 'https://randomuser.me/api/portraits/women/6.jpg', 'medium': 'https://randomuser.me/api/portraits/med/women/6.jpg', 'thumbnail': 'https://randomuser.me/api/portraits/thumb/women/6.jpg'}, 'nat': 'ES'}</msg>
<arg>${json_data['results'][0]}</arg>
<doc>Logs the given message with the given level.</doc>
<status status="PASS" start="2024-04-21T06:18:19.847381" elapsed="0.000428"/>
</kw>
<kw name="Log" owner="BuiltIn">
<msg time="2024-04-21T06:18:19.848239" level="INFO">name</msg>
<arg>${key}</arg>
<doc>Logs the given message with the given level.</doc>
<status status="PASS" start="2024-04-21T06:18:19.848110" elapsed="0.000166"/>
</kw>
<var name="${key}">name</var>
<status status="PASS" start="2024-04-21T06:18:19.846466" elapsed="0.002025"/>
</iter>
<iter>
<kw name="Dictionary Should Contain Key" owner="Collections">
<msg time="2024-04-21T06:18:19.849174" level="INFO">False</msg>
<arg>${json_data['results'][0]}</arg>
<arg>${key}</arg>
<doc>Fails if ``key`` is not found from ``dictionary``.</doc>
<status status="PASS" start="2024-04-21T06:18:19.848785" elapsed="0.000427"/>
</kw>
<kw name="Log" owner="BuiltIn">
<msg time="2024-04-21T06:18:19.849891" level="INFO">{'gender': 'female', 'name': {'title': 'Miss', 'first': 'Asunción', 'last': 'Jiménez'}, 'location': {'street': {'number': 4638, 'name': 'Calle de Pedro Bosch'}, 'city': 'La Palma', 'state': 'Castilla la Mancha', 'country': 'Spain', 'postcode': 44009, 'coordinates': {'latitude': '-30.2716', 'longitude': '65.2202'}, 'timezone': {'offset': '+9:30', 'description': 'Adelaide, Darwin'}}, 'email': 'asuncion.jimenez@example.com', 'login': {'uuid': '170e7964-62ae-48d9-894c-a8b2139f0f8f', 'username': 'smallmouse568', 'password': 'cumcum', 'salt': 'jO5G2KXL', 'md5': '21258a63177b7a2aea8be8a40f81c9e8', 'sha1': 'fb887166f97799b6961ad81d12e751690ef5bee9', 'sha256': 'b8776930af963ae258d0793ba442e715ab80f306e227deb19377cba8bb5ca845'}, 'dob': {'date': '1985-08-18T16:21:27.606Z', 'age': 38}, 'registered': {'date': '2005-11-05T19:32:30.356Z', 'age': 18}, 'phone': '926-909-593', 'cell': '645-597-028', 'id': {'name': 'DNI', 'value': '67548137-P'}, 'picture': {'large': 'https://randomuser.me/api/portraits/women/6.jpg', 'medium': 'https://randomuser.me/api/portraits/med/women/6.jpg', 'thumbnail': 'https://randomuser.me/api/portraits/thumb/women/6.jpg'}, 'nat': 'ES'}</msg>
<arg>${json_data['results'][0]}</arg>
<doc>Logs the given message with the given level.</doc>
<status status="PASS" start="2024-04-21T06:18:19.849520" elapsed="0.000420"/>
</kw>
<kw name="Log" owner="BuiltIn">
<msg time="2024-04-21T06:18:19.850362" level="INFO">location</msg>
<arg>${key}</arg>
<doc>Logs the given message with the given level.</doc>
<status status="PASS" start="2024-04-21T06:18:19.850237" elapsed="0.000162"/>
</kw>
<var name="${key}">location</var>
<status status="PASS" start="2024-04-21T06:18:19.848671" elapsed="0.001939"/>
</iter>
<iter>
<kw name="Dictionary Should Contain Key" owner="Collections">
<msg time="2024-04-21T06:18:19.851278" level="INFO">False</msg>
<arg>${json_data['results'][0]}</arg>
<arg>${key}</arg>
<doc>Fails if ``key`` is not found from ``dictionary``.</doc>
<status status="PASS" start="2024-04-21T06:18:19.850890" elapsed="0.000456"/>
</kw>
<kw name="Log" owner="BuiltIn">
<msg time="2024-04-21T06:18:19.852012" level="INFO">{'gender': 'female', 'name': {'title': 'Miss', 'first': 'Asunción', 'last': 'Jiménez'}, 'location': {'street': {'number': 4638, 'name': 'Calle de Pedro Bosch'}, 'city': 'La Palma', 'state': 'Castilla la Mancha', 'country': 'Spain', 'postcode': 44009, 'coordinates': {'latitude': '-30.2716', 'longitude': '65.2202'}, 'timezone': {'offset': '+9:30', 'description': 'Adelaide, Darwin'}}, 'email': 'asuncion.jimenez@example.com', 'login': {'uuid': '170e7964-62ae-48d9-894c-a8b2139f0f8f', 'username': 'smallmouse568', 'password': 'cumcum', 'salt': 'jO5G2KXL', 'md5': '21258a63177b7a2aea8be8a40f81c9e8', 'sha1': 'fb887166f97799b6961ad81d12e751690ef5bee9', 'sha256': 'b8776930af963ae258d0793ba442e715ab80f306e227deb19377cba8bb5ca845'}, 'dob': {'date': '1985-08-18T16:21:27.606Z', 'age': 38}, 'registered': {'date': '2005-11-05T19:32:30.356Z', 'age': 18}, 'phone': '926-909-593', 'cell': '645-597-028', 'id': {'name': 'DNI', 'value': '67548137-P'}, 'picture': {'large': 'https://randomuser.me/api/portraits/women/6.jpg', 'medium': 'https://randomuser.me/api/portraits/med/women/6.jpg', 'thumbnail': 'https://randomuser.me/api/portraits/thumb/women/6.jpg'}, 'nat': 'ES'}</msg>
<arg>${json_data['results'][0]}</arg>
<doc>Logs the given message with the given level.</doc>
<status status="PASS" start="2024-04-21T06:18:19.851646" elapsed="0.000415"/>
</kw>
<kw name="Log" owner="BuiltIn">
<msg time="2024-04-21T06:18:19.852483" level="INFO">email</msg>
<arg>${key}</arg>
<doc>Logs the given message with the given level.</doc>
<status status="PASS" start="2024-04-21T06:18:19.852356" elapsed="0.000164"/>
</kw>
<var name="${key}">email</var>
<status status="PASS" start="2024-04-21T06:18:19.850781" elapsed="0.001952"/>
</iter>
<iter>
<kw name="Dictionary Should Contain Key" owner="Collections">
<msg time="2024-04-21T06:18:19.853394" level="INFO">False</msg>
<arg>${json_data['results'][0]}</arg>
<arg>${key}</arg>
<doc>Fails if ``key`` is not found from ``dictionary``.</doc>
<status status="PASS" start="2024-04-21T06:18:19.853012" elapsed="0.000421"/>
</kw>
<kw name="Log" owner="BuiltIn">
<msg time="2024-04-21T06:18:19.854093" level="INFO">{'gender': 'female', 'name': {'title': 'Miss', 'first': 'Asunción', 'last': 'Jiménez'}, 'location': {'street': {'number': 4638, 'name': 'Calle de Pedro Bosch'}, 'city': 'La Palma', 'state': 'Castilla la Mancha', 'country': 'Spain', 'postcode': 44009, 'coordinates': {'latitude': '-30.2716', 'longitude': '65.2202'}, 'timezone': {'offset': '+9:30', 'description': 'Adelaide, Darwin'}}, 'email': 'asuncion.jimenez@example.com', 'login': {'uuid': '170e7964-62ae-48d9-894c-a8b2139f0f8f', 'username': 'smallmouse568', 'password': 'cumcum', 'salt': 'jO5G2KXL', 'md5': '21258a63177b7a2aea8be8a40f81c9e8', 'sha1': 'fb887166f97799b6961ad81d12e751690ef5bee9', 'sha256': 'b8776930af963ae258d0793ba442e715ab80f306e227deb19377cba8bb5ca845'}, 'dob': {'date': '1985-08-18T16:21:27.606Z', 'age': 38}, 'registered': {'date': '2005-11-05T19:32:30.356Z', 'age': 18}, 'phone': '926-909-593', 'cell': '645-597-028', 'id': {'name': 'DNI', 'value': '67548137-P'}, 'picture': {'large': 'https://randomuser.me/api/portraits/women/6.jpg', 'medium': 'https://randomuser.me/api/portraits/med/women/6.jpg', 'thumbnail': 'https://randomuser.me/api/portraits/thumb/women/6.jpg'}, 'nat': 'ES'}</msg>
<arg>${json_data['results'][0]}</arg>
<doc>Logs the given message with the given level.</doc>
<status status="PASS" start="2024-04-21T06:18:19.853731" elapsed="0.000410"/>
</kw>
<kw name="Log" owner="BuiltIn">
<msg time="2024-04-21T06:18:19.854563" level="INFO">login</msg>
<arg>${key}</arg>
<doc>Logs the given message with the given level.</doc>
<status status="PASS" start="2024-04-21T06:18:19.854437" elapsed="0.000164"/>
</kw>
<var name="${key}">login</var>
<status status="PASS" start="2024-04-21T06:18:19.852902" elapsed="0.001939"/>
</iter>
<var>${key}</var>
<value>@{expected_keys}</value>
<status status="PASS" start="2024-04-21T06:18:19.844069" elapsed="0.010897"/>
</for>
<kw name="Create List" owner="BuiltIn">
<msg time="2024-04-21T06:18:19.855297" level="INFO">${expected_keysTwo} = ['username', 'password']</msg>
<var>${expected_keysTwo}</var>
<arg>username</arg>
<arg>password</arg>
<doc>Returns a list containing given items.</doc>
<status status="PASS" start="2024-04-21T06:18:19.855161" elapsed="0.000194"/>
</kw>
<for flavor="IN">
<iter>
<kw name="Dictionary Should Contain Key" owner="Collections">
<msg time="2024-04-21T06:18:19.856477" level="INFO">False</msg>
<arg>${json_data['results'][0]['login']}</arg>
<arg>${keyTwo}</arg>
<doc>Fails if ``key`` is not found from ``dictionary``.</doc>
<status status="PASS" start="2024-04-21T06:18:19.855875" elapsed="0.000659"/>
</kw>
<kw name="Dictionary Should Contain Key" owner="Collections">
<msg time="2024-04-21T06:18:19.857530" level="INFO">False</msg>
<arg>${json_data['results'][0]['login']}</arg>
<arg>${keyTwo}</arg>
<doc>Fails if ``key`` is not found from ``dictionary``.</doc>
<status status="PASS" start="2024-04-21T06:18:19.856963" elapsed="0.000607"/>
</kw>
<kw name="Log" owner="BuiltIn">
<msg time="2024-04-21T06:18:19.858002" level="INFO">username</msg>
<arg>${keyTwo}</arg>
<doc>Logs the given message with the given level.</doc>
<status status="PASS" start="2024-04-21T06:18:19.857872" elapsed="0.000168"/>
</kw>
<var name="${keyTwo}">username</var>
<status status="PASS" start="2024-04-21T06:18:19.855765" elapsed="0.002488"/>
</iter>
<iter>
<kw name="Dictionary Should Contain Key" owner="Collections">
<msg time="2024-04-21T06:18:19.859016" level="INFO">False</msg>
<arg>${json_data['results'][0]['login']}</arg>
<arg>${keyTwo}</arg>
<doc>Fails if ``key`` is not found from ``dictionary``.</doc>
<status status="PASS" start="2024-04-21T06:18:19.858537" elapsed="0.000525"/>
</kw>
<kw name="Dictionary Should Contain Key" owner="Collections">
<msg time="2024-04-21T06:18:19.859785" level="INFO">False</msg>
<arg>${json_data['results'][0]['login']}</arg>
<arg>${keyTwo}</arg>
<doc>Fails if ``key`` is not found from ``dictionary``.</doc>
<status status="PASS" start="2024-04-21T06:18:19.859389" elapsed="0.000434"/>
</kw>
<kw name="Log" owner="BuiltIn">
<msg time="2024-04-21T06:18:19.860245" level="INFO">password</msg>
<arg>${keyTwo}</arg>
<doc>Logs the given message with the given level.</doc>
<status status="PASS" start="2024-04-21T06:18:19.860117" elapsed="0.000166"/>
</kw>
<var name="${keyTwo}">password</var>
<status status="PASS" start="2024-04-21T06:18:19.858426" elapsed="0.002072"/>
</iter>
<var>${keyTwo}</var>
<value>@{expected_keysTwo}</value>
<status status="PASS" start="2024-04-21T06:18:19.855608" elapsed="0.005010"/>
</for>
<status status="PASS" start="2024-04-21T06:18:19.747932" elapsed="0.112829"/>
</kw>
<doc>Testa a estrutura da resposta da API.</doc>
<tag>testeEstruturaResposta</tag>
<status status="PASS" start="2024-04-21T06:18:19.747279" elapsed="0.113638"/>
</test>
<test id="s1-s1-t4" name="Validar tipos de dados" line="28">
<kw name="Teste de Tipos de Dados" owner="random-user-service">
<kw name="GET On Session" owner="RequestsLibrary">
<msg time="2024-04-21T06:18:19.947471" level="INFO">GET Request : url=https://randomuser.me/api 
 path_url=/api 
 headers={'User-Agent': 'python-requests/2.31.0', 'Accept-Encoding': 'gzip, deflate', 'Accept': '*/*', 'Connection': 'keep-alive'} 
 body=None 
 </msg>
<msg time="2024-04-21T06:18:19.947580" level="INFO">GET Response : url=https://randomuser.me/api 
 status=200, reason=OK 
 headers={'Date': 'Sun, 21 Apr 2024 06:18:19 GMT', 'Content-Type': 'application/json; charset=utf-8', 'Transfer-Encoding': 'chunked', 'Connection': 'keep-alive', 'X-Powered-By': 'Express', 'Access-Control-Allow-Origin': '*', 'Cache-Control': 'no-cache', 'ETag': 'W/"46f-/WVfx0ttq7d6NMbDZBgtJYWek40"', 'Vary': 'Accept-Encoding', 'Content-Encoding': 'gzip', 'CF-Cache-Status': 'DYNAMIC', 'Report-To': '{"endpoints":[{"url":"https:\\/\\/a.nel.cloudflare.com\\/report\\/v4?s=72qYZPO5ii%2Bn3yYi%2Fr48nwjAHMBlE6HTyXj66Yfa69qH2WbMB7Vpf%2F50gHngzv9My%2Bemm1DWMaVeQmnDaI6yWlQpUx2KXzKM7SqwFOH3KBMMjyJ60PPHySYaIU%2BDqeX7"}],"group":"cf-nel","max_age":604800}', 'NEL': '{"success_fraction":0,"report_to":"cf-nel","max_age":604800}', 'Server': 'cloudflare', 'CF-RAY': '877b419229822a3c-ORD', 'alt-svc': 'h3=":443"; ma=86400'} 
 body={"results":[{"gender":"female","name":{"title":"Ms","first":"Paige","last":"Scott"},"location":{"street":{"number":4715,"name":"Park Lane"},"city":"Mullingar","state":"Limerick","country":"Ireland","postcode":49438,"coordinates":{"latitude":"0.3167","longitude":"147.4060"},"timezone":{"offset":"-9:00","description":"Alaska"}},"email":"paige.scott@example.com","login":{"uuid":"cde179a8-7f57-416f-b892-97c8ec1650f9","username":"blackmeercat502","password":"magic32","salt":"8uBez70G","md5":"05bb84617e98d5f47f2361786d0484d3","sha1":"d41456fc2cdf7972327d7717df9d8ffb47060413","sha256":"e509ff7cfada90c32a02636c9b01d94bf8cb3dcd3b6199de5a10246e141d9979"},"dob":{"date":"1987-10-01T10:23:51.437Z","age":36},"registered":{"date":"2013-04-19T07:42:29.909Z","age":11},"phone":"061-143-0953","cell":"081-476-8114","id":{"name":"PPS","value":"0067165T"},"picture":{"large":"https://randomuser.me/api/portraits/women/88.jpg","medium":"https://randomuser.me/api/portraits/med/women/88.jpg","thumbnail":"https://randomuser.me/api/portraits/thumb/women/88.jpg"},"nat":"IE"}],"info":{"seed":"82fa30e33aa11e79","results":1,"page":1,"version":"1.4"}} 
 </msg>
<msg time="2024-04-21T06:18:19.947660" level="INFO">/opt/hostedtoolcache/Python/3.12.3/x64/lib/python3.12/site-packages/urllib3/connectionpool.py:1103: InsecureRequestWarning: Unverified HTTPS request is being made to host 'randomuser.me'. Adding certificate verification is strongly advised. See: https://urllib3.readthedocs.io/en/latest/advanced-usage.html#tls-warnings
  warnings.warn(</msg>
<msg time="2024-04-21T06:18:19.947798" level="INFO">${response} = &lt;Response [200]&gt;</msg>
<var>${response}</var>
<arg>consultarAPI</arg>
<arg>/api</arg>
<doc>Sends a GET request on a previously created HTTP Session.</doc>
<status status="PASS" start="2024-04-21T06:18:19.863509" elapsed="0.084332"/>
</kw>
<kw name="Set Variable" owner="BuiltIn">
<msg time="2024-04-21T06:18:19.949004" level="INFO">${json_data} = {'results': [{'gender': 'female', 'name': {'title': 'Ms', 'first': 'Paige', 'last': 'Scott'}, 'location': {'street': {'number': 4715, 'name': 'Park Lane'}, 'city': 'Mullingar', 'state': 'Limerick', 'c...</msg>
<var>${json_data}</var>
<arg>${response.json()}</arg>
<doc>Returns the given values which can then be assigned to a variables.</doc>
<status status="PASS" start="2024-04-21T06:18:19.948444" elapsed="0.000590"/>
</kw>
<kw name="Log" owner="BuiltIn">
<msg time="2024-04-21T06:18:19.949547" level="INFO">{'results': [{'gender': 'female', 'name': {'title': 'Ms', 'first': 'Paige', 'last': 'Scott'}, 'location': {'street': {'number': 4715, 'name': 'Park Lane'}, 'city': 'Mullingar', 'state': 'Limerick', 'country': 'Ireland', 'postcode': 49438, 'coordinates': {'latitude': '0.3167', 'longitude': '147.4060'}, 'timezone': {'offset': '-9:00', 'description': 'Alaska'}}, 'email': 'paige.scott@example.com', 'login': {'uuid': 'cde179a8-7f57-416f-b892-97c8ec1650f9', 'username': 'blackmeercat502', 'password': 'magic32', 'salt': '8uBez70G', 'md5': '05bb84617e98d5f47f2361786d0484d3', 'sha1': 'd41456fc2cdf7972327d7717df9d8ffb47060413', 'sha256': 'e509ff7cfada90c32a02636c9b01d94bf8cb3dcd3b6199de5a10246e141d9979'}, 'dob': {'date': '1987-10-01T10:23:51.437Z', 'age': 36}, 'registered': {'date': '2013-04-19T07:42:29.909Z', 'age': 11}, 'phone': '061-143-0953', 'cell': '081-476-8114', 'id': {'name': 'PPS', 'value': '0067165T'}, 'picture': {'large': 'https://randomuser.me/api/portraits/women/88.jpg', 'medium': 'https://randomuser.me/api/portraits/med/women/88.jpg', 'thumbnail': 'https://randomuser.me/api/portraits/thumb/women/88.jpg'}, 'nat': 'IE'}], 'info': {'seed': '82fa30e33aa11e79', 'results': 1, 'page': 1, 'version': '1.4'}}</msg>
<arg>${json_data}</arg>
<doc>Logs the given message with the given level.</doc>
<status status="PASS" start="2024-04-21T06:18:19.949382" elapsed="0.000253"/>
</kw>
<kw name="Should Be String" owner="String">
<arg>${json_data['results'][0]['gender']}</arg>
<doc>Fails if the given ``item`` is not a string.</doc>
<status status="PASS" start="2024-04-21T06:18:19.949944" elapsed="0.000386"/>
</kw>
<kw name="Should Match Regexp" owner="BuiltIn">
<arg>${json_data['results'][0]['email']}</arg>
<arg>^[a-zA-Z0-9._%+-]+@[a-zA-Z0-9.-]+\.[a-zA-Z]{2,}$</arg>
<doc>Fails if ``string`` does not match ``pattern`` as a regular expression.</doc>
<status status="PASS" start="2024-04-21T06:18:19.950526" elapsed="0.000531"/>
</kw>
<kw name="Should Match Regexp" owner="BuiltIn">
<arg>${json_data['results'][0]['dob']['date']}</arg>
<arg>\\d{4}-\\d{2}-\\d{2}T\\d{2}:\\d{2}:\\d{2}\\.\\d{3}Z</arg>
<doc>Fails if ``string`` does not match ``pattern`` as a regular expression.</doc>
<status status="PASS" start="2024-04-21T06:18:19.951255" elapsed="0.000540"/>
</kw>
<kw name="Should Match Regexp" owner="BuiltIn">
<arg>${json_data['results'][0]['registered']['date']}</arg>
<arg>\\d{4}-\\d{2}-\\d{2}T\\d{2}:\\d{2}:\\d{2}\\.\\d{3}Z</arg>
<doc>Fails if ``string`` does not match ``pattern`` as a regular expression.</doc>
<status status="PASS" start="2024-04-21T06:18:19.951991" elapsed="0.000374"/>
</kw>
<kw name="Should Match Regexp" owner="BuiltIn">
<arg>${json_data['results'][0]['picture']['large']}</arg>
<arg>^https?://.*\.(?:png|jpe?g|gif|bmp)$</arg>
<doc>Fails if ``string`` does not match ``pattern`` as a regular expression.</doc>
<status status="PASS" start="2024-04-21T06:18:19.952556" elapsed="0.000465"/>
</kw>
<kw name="Should Match Regexp" owner="BuiltIn">
<arg>${json_data['results'][0]['picture']['medium']}</arg>
<arg>^https?://.*\.(?:png|jpe?g|gif|bmp)$</arg>
<doc>Fails if ``string`` does not match ``pattern`` as a regular expression.</doc>
<status status="PASS" start="2024-04-21T06:18:19.953223" elapsed="0.000361"/>
</kw>
<kw name="Should Match Regexp" owner="BuiltIn">
<arg>${json_data['results'][0]['picture']['thumbnail']}</arg>
<arg>^https?://.*\.(?:png|jpe?g|gif|bmp)$</arg>
<doc>Fails if ``string`` does not match ``pattern`` as a regular expression.</doc>
<status status="PASS" start="2024-04-21T06:18:19.953773" elapsed="0.000359"/>
</kw>
<kw name="Log" owner="BuiltIn">
<msg time="2024-04-21T06:18:19.954640" level="INFO">{'large': 'https://randomuser.me/api/portraits/women/88.jpg', 'medium': 'https://randomuser.me/api/portraits/med/women/88.jpg', 'thumbnail': 'https://randomuser.me/api/portraits/thumb/women/88.jpg'}</msg>
<arg>${json_data['results'][0]['picture']}</arg>
<doc>Logs the given message with the given level.</doc>
<status status="PASS" start="2024-04-21T06:18:19.954315" elapsed="0.000367"/>
</kw>
<status status="PASS" start="2024-04-21T06:18:19.863247" elapsed="0.091694"/>
</kw>
<kw name="Teste de Tipos de Dados - Postcode" owner="random-user-service">
<kw name="GET On Session" owner="RequestsLibrary">
<msg time="2024-04-21T06:18:20.038974" level="INFO">GET Request : url=https://randomuser.me/api 
 path_url=/api 
 headers={'User-Agent': 'python-requests/2.31.0', 'Accept-Encoding': 'gzip, deflate', 'Accept': '*/*', 'Connection': 'keep-alive'} 
 body=None 
 </msg>
<msg time="2024-04-21T06:18:20.039072" level="INFO">GET Response : url=https://randomuser.me/api 
 status=200, reason=OK 
 headers={'Date': 'Sun, 21 Apr 2024 06:18:20 GMT', 'Content-Type': 'application/json; charset=utf-8', 'Transfer-Encoding': 'chunked', 'Connection': 'keep-alive', 'X-Powered-By': 'Express', 'Access-Control-Allow-Origin': '*', 'Cache-Control': 'no-cache', 'ETag': 'W/"47e-K27vlt0JVqyvOoF2sQKKO1BX/+w"', 'Vary': 'Accept-Encoding', 'Content-Encoding': 'gzip', 'CF-Cache-Status': 'DYNAMIC', 'Report-To': '{"endpoints":[{"url":"https:\\/\\/a.nel.cloudflare.com\\/report\\/v4?s=wR5wL5NOuzgkiwFqcd5r99ElKeY67AJz%2F9NnoA7YLCnUnzXNLpY9IXlFOUv0vKauXXYeCaD9YrS5Uj2gFQeFrZull7Bz1gIxK%2FqSUMXNElYgwxOGaLyQ8VJ0e6vanhje"}],"group":"cf-nel","max_age":604800}', 'NEL': '{"success_fraction":0,"report_to":"cf-nel","max_age":604800}', 'Server': 'cloudflare', 'CF-RAY': '877b4192b9d42a3c-ORD', 'alt-svc': 'h3=":443"; ma=86400'} 
 body={"results":[{"gender":"female","name":{"title":"Ms","first":"Emily","last":"Ulvin"},"location":{"street":{"number":7296,"name":"Frysjaveien"},"city":"Askvoll","state":"Trøndelag","country":"Norway","postcode":"7490","coordinates":{"latitude":"43.8655","longitude":"136.8751"},"timezone":{"offset":"-1:00","description":"Azores, Cape Verde Islands"}},"email":"emily.ulvin@example.com","login":{"uuid":"4ee6b30d-7752-4327-9655-1243ad944d83","username":"goldenbird259","password":"fitness","salt":"DuknjB3x","md5":"6dffcc4bdcc99fdca5d5cf9ad1948ccc","sha1":"4b5990734b5976e9cd811f3a628527c6cc12e6c6","sha256":"7d88b128198643db128933d7d8e93a2df98f93c0189b84657edcdbbbaf3991a1"},"dob":{"date":"1958-12-11T01:12:52.968Z","age":65},"registered":{"date":"2006-01-24T11:44:26.920Z","age":18},"phone":"75328529","cell":"91905925","id":{"name":"FN","value":"11125809873"},"picture":{"large":"https://randomuser.me/api/portraits/women/62.jpg","medium":"https://randomuser.me/api/portraits/med/women/62.jpg","thumbnail":"https://randomuser.me/api/portraits/thumb/women/62.jpg"},"nat":"NO"}],"info":{"seed":"db10885e4ea4263b","results":1,"page":1,"version":"1.4"}} 
 </msg>
<msg time="2024-04-21T06:18:20.039144" level="INFO">/opt/hostedtoolcache/Python/3.12.3/x64/lib/python3.12/site-packages/urllib3/connectionpool.py:1103: InsecureRequestWarning: Unverified HTTPS request is being made to host 'randomuser.me'. Adding certificate verification is strongly advised. See: https://urllib3.readthedocs.io/en/latest/advanced-usage.html#tls-warnings
  warnings.warn(</msg>
<msg time="2024-04-21T06:18:20.039266" level="INFO">${response} = &lt;Response [200]&gt;</msg>
<var>${response}</var>
<arg>consultarAPI</arg>
<arg>/api</arg>
<doc>Sends a GET request on a previously created HTTP Session.</doc>
<status status="PASS" start="2024-04-21T06:18:19.955442" elapsed="0.083863"/>
</kw>
<kw name="Set Variable" owner="BuiltIn">
<msg time="2024-04-21T06:18:20.040536" level="INFO">${json_data} = {'results': [{'gender': 'female', 'name': {'title': 'Ms', 'first': 'Emily', 'last': 'Ulvin'}, 'location': {'street': {'number': 7296, 'name': 'Frysjaveien'}, 'city': 'Askvoll', 'state': 'Trøndelag', '...</msg>
<var>${json_data}</var>
<arg>${response.json()}</arg>
<doc>Returns the given values which can then be assigned to a variables.</doc>
<status status="PASS" start="2024-04-21T06:18:20.039948" elapsed="0.000618"/>
</kw>
<kw name="Log" owner="BuiltIn">
<msg time="2024-04-21T06:18:20.041082" level="INFO">{'results': [{'gender': 'female', 'name': {'title': 'Ms', 'first': 'Emily', 'last': 'Ulvin'}, 'location': {'street': {'number': 7296, 'name': 'Frysjaveien'}, 'city': 'Askvoll', 'state': 'Trøndelag', 'country': 'Norway', 'postcode': '7490', 'coordinates': {'latitude': '43.8655', 'longitude': '136.8751'}, 'timezone': {'offset': '-1:00', 'description': 'Azores, Cape Verde Islands'}}, 'email': 'emily.ulvin@example.com', 'login': {'uuid': '4ee6b30d-7752-4327-9655-1243ad944d83', 'username': 'goldenbird259', 'password': 'fitness', 'salt': 'DuknjB3x', 'md5': '6dffcc4bdcc99fdca5d5cf9ad1948ccc', 'sha1': '4b5990734b5976e9cd811f3a628527c6cc12e6c6', 'sha256': '7d88b128198643db128933d7d8e93a2df98f93c0189b84657edcdbbbaf3991a1'}, 'dob': {'date': '1958-12-11T01:12:52.968Z', 'age': 65}, 'registered': {'date': '2006-01-24T11:44:26.920Z', 'age': 18}, 'phone': '75328529', 'cell': '91905925', 'id': {'name': 'FN', 'value': '11125809873'}, 'picture': {'large': 'https://randomuser.me/api/portraits/women/62.jpg', 'medium': 'https://randomuser.me/api/portraits/med/women/62.jpg', 'thumbnail': 'https://randomuser.me/api/portraits/thumb/women/62.jpg'}, 'nat': 'NO'}], 'info': {'seed': 'db10885e4ea4263b', 'results': 1, 'page': 1, 'version': '1.4'}}</msg>
<arg>${json_data}</arg>
<doc>Logs the given message with the given level.</doc>
<status status="PASS" start="2024-04-21T06:18:20.040916" elapsed="0.000251"/>
</kw>
<kw name="Should Be Equal As Numbers" owner="BuiltIn">
<arg>${json_data['results'][0]['location']['postcode']}</arg>
<arg>${json_data['results'][0]['location']['postcode']}</arg>
<doc>Fails if objects are unequal after converting them to real numbers.</doc>
<status status="PASS" start="2024-04-21T06:18:20.041668" elapsed="0.000641"/>
</kw>
<kw name="Log" owner="BuiltIn">
<msg time="2024-04-21T06:18:20.042854" level="INFO">7490</msg>
<arg>${json_data['results'][0]['location']['postcode']}</arg>
<doc>Logs the given message with the given level.</doc>
<status status="PASS" start="2024-04-21T06:18:20.042512" elapsed="0.000383"/>
</kw>
<status status="PASS" start="2024-04-21T06:18:19.955171" elapsed="0.087983"/>
</kw>
<doc>Testa se os tipos de dados na resposta da API estão corretos.</doc>
<tag>testeTiposDados</tag>
<status status="PASS" start="2024-04-21T06:18:19.862711" elapsed="0.180651"/>
</test>
<test id="s1-s1-t5" name="Validar conteudo" line="35">
<kw name="Teste de Tipos de Conteudo" owner="random-user-service">
<kw name="GET On Session" owner="RequestsLibrary">
<msg time="2024-04-21T06:18:20.236341" level="INFO">GET Request : url=https://randomuser.me/api 
 path_url=/api 
 headers={'User-Agent': 'python-requests/2.31.0', 'Accept-Encoding': 'gzip, deflate', 'Accept': '*/*', 'Connection': 'keep-alive'} 
 body=None 
 </msg>
<msg time="2024-04-21T06:18:20.236438" level="INFO">GET Response : url=https://randomuser.me/api 
 status=200, reason=OK 
 headers={'Date': 'Sun, 21 Apr 2024 06:18:20 GMT', 'Content-Type': 'application/json; charset=utf-8', 'Transfer-Encoding': 'chunked', 'Connection': 'keep-alive', 'X-Powered-By': 'Express', 'Access-Control-Allow-Origin': '*', 'Cache-Control': 'no-cache', 'ETag': 'W/"482-iH8Ivk8cDLLt9orBlcJd0PMWnes"', 'Vary': 'Accept-Encoding', 'Content-Encoding': 'gzip', 'CF-Cache-Status': 'DYNAMIC', 'Report-To': '{"endpoints":[{"url":"https:\\/\\/a.nel.cloudflare.com\\/report\\/v4?s=JtlMzPj8Fhl0cgj5WfMxbQjix85Xc2UMR63E6y8HRaKPjnDMhUI1GPdZiMSkj3vtBk6ilXXGIwZX9VloKo%2FNE0tLxWINLyhz44dicl%2F5W8%2BOo8c82qT6bk5%2BBewCdxNl"}],"group":"cf-nel","max_age":604800}', 'NEL': '{"success_fraction":0,"report_to":"cf-nel","max_age":604800}', 'Server': 'cloudflare', 'CF-RAY': '877b41934a262a3c-ORD', 'alt-svc': 'h3=":443"; ma=86400'} 
 body={"results":[{"gender":"female","name":{"title":"Ms","first":"Aino","last":"Halla"},"location":{"street":{"number":7795,"name":"Visiokatu"},"city":"Paltamo","state":"Kymenlaakso","country":"Finland","postcode":75132,"coordinates":{"latitude":"-25.6613","longitude":"165.6560"},"timezone":{"offset":"+9:30","description":"Adelaide, Darwin"}},"email":"aino.halla@example.com","login":{"uuid":"01decf93-b743-475b-8268-3a11316befa9","username":"orangeduck710","password":"hannibal","salt":"DpnCuRIi","md5":"f570231c6aec31e83a2d67df4c8d59d4","sha1":"e63862e2c2e038a45dc89764f6ad5b9bc14dddf9","sha256":"e350edacb5ab241f52a593e7908b6ec3edeb934b6613f5d8f71ad55d503dfbf4"},"dob":{"date":"1948-07-05T20:16:44.452Z","age":75},"registered":{"date":"2003-10-10T12:17:35.280Z","age":20},"phone":"02-479-965","cell":"048-428-91-06","id":{"name":"HETU","value":"NaNNA906undefined"},"picture":{"large":"https://randomuser.me/api/portraits/women/19.jpg","medium":"https://randomuser.me/api/portraits/med/women/19.jpg","thumbnail":"https://randomuser.me/api/portraits/thumb/women/19.jpg"},"nat":"FI"}],"info":{"seed":"cd31880138fb5bdd","results":1,"page":1,"version":"1.4"}} 
 </msg>
<msg time="2024-04-21T06:18:20.236507" level="INFO">/opt/hostedtoolcache/Python/3.12.3/x64/lib/python3.12/site-packages/urllib3/connectionpool.py:1103: InsecureRequestWarning: Unverified HTTPS request is being made to host 'randomuser.me'. Adding certificate verification is strongly advised. See: https://urllib3.readthedocs.io/en/latest/advanced-usage.html#tls-warnings
  warnings.warn(</msg>
<msg time="2024-04-21T06:18:20.236633" level="INFO">${response} = &lt;Response [200]&gt;</msg>
<var>${response}</var>
<arg>consultarAPI</arg>
<arg>/api</arg>
<doc>Sends a GET request on a previously created HTTP Session.</doc>
<status status="PASS" start="2024-04-21T06:18:20.045953" elapsed="0.190720"/>
</kw>
<kw name="Set Variable" owner="BuiltIn">
<msg time="2024-04-21T06:18:20.237833" level="INFO">${json_data} = {'results': [{'gender': 'female', 'name': {'title': 'Ms', 'first': 'Aino', 'last': 'Halla'}, 'location': {'street': {'number': 7795, 'name': 'Visiokatu'}, 'city': 'Paltamo', 'state': 'Kymenlaakso', 'c...</msg>
<var>${json_data}</var>
<arg>${response.json()}</arg>
<doc>Returns the given values which can then be assigned to a variables.</doc>
<status status="PASS" start="2024-04-21T06:18:20.237287" elapsed="0.000574"/>
</kw>
<kw name="Set Variable" owner="BuiltIn">
<msg time="2024-04-21T06:18:20.238561" level="INFO">${name_title} = Ms</msg>
<var>${name_title}</var>
<arg>${json_data["results"][0]["name"]["title"]}</arg>
<doc>Returns the given values which can then be assigned to a variables.</doc>
<status status="PASS" start="2024-04-21T06:18:20.238166" elapsed="0.000420"/>
</kw>
<kw name="Create List" owner="BuiltIn">
<msg time="2024-04-21T06:18:20.239029" level="INFO">${allowed_titles} = ['Mr', 'Ms', 'Miss', 'Mrs', 'Madame', 'Monsieur']</msg>
<var>${allowed_titles}</var>
<arg>Mr</arg>
<arg>Ms</arg>
<arg>Miss</arg>
<arg>Mrs</arg>
<arg>Madame</arg>
<arg>Monsieur</arg>
<doc>Returns a list containing given items.</doc>
<status status="PASS" start="2024-04-21T06:18:20.238883" elapsed="0.000170"/>
</kw>
<kw name="List Should Contain Value" owner="Collections">
<msg time="2024-04-21T06:18:20.239576" level="INFO">False</msg>
<arg>${allowed_titles}</arg>
<arg>${name_title}</arg>
<doc>Fails if the ``value`` is not found from ``list``.</doc>
<status status="PASS" start="2024-04-21T06:18:20.239388" elapsed="0.000225"/>
</kw>
<kw name="Set Variable" owner="BuiltIn">
<msg time="2024-04-21T06:18:20.240278" level="INFO">${name_country} = FI</msg>
<var>${name_country}</var>
<arg>${json_data["results"][0]["nat"]}</arg>
<doc>Returns the given values which can then be assigned to a variables.</doc>
<status status="PASS" start="2024-04-21T06:18:20.239898" elapsed="0.000406"/>
</kw>
<kw name="Create List" owner="BuiltIn">
<msg time="2024-04-21T06:18:20.241190" level="INFO">${list_country} = ['AD', 'AE', 'AF', 'AG', 'AI', 'AL', 'AM', 'AO', 'AQ', 'AR', 'AS', 'AT', 'AU', 'AW', 'AX', 'AZ', 'BA', 'BB', 'BD', 'BE', 'BF', 'BG', 'BH', 'BI', 'BJ', 'BL', 'BM', 'BN', 'BO', 'BQ', 'BR', 'BS', 'BT', '...</msg>
<var>${list_country}</var>
<arg>AD</arg>
<arg>AE</arg>
<arg>AF</arg>
<arg>AG</arg>
<arg>AI</arg>
<arg>AL</arg>
<arg>AM</arg>
<arg>AO</arg>
<arg>AQ</arg>
<arg>AR</arg>
<arg>AS</arg>
<arg>AT</arg>
<arg>AU</arg>
<arg>AW</arg>
<arg>AX</arg>
<arg>AZ</arg>
<arg>BA</arg>
<arg>BB</arg>
<arg>BD</arg>
<arg>BE</arg>
<arg>BF</arg>
<arg>BG</arg>
<arg>BH</arg>
<arg>BI</arg>
<arg>BJ</arg>
<arg>BL</arg>
<arg>BM</arg>
<arg>BN</arg>
<arg>BO</arg>
<arg>BQ</arg>
<arg>BR</arg>
<arg>BS</arg>
<arg>BT</arg>
<arg>BV</arg>
<arg>BW</arg>
<arg>BY</arg>
<arg>BZ</arg>
<arg>CA</arg>
<arg>CC</arg>
<arg>CD</arg>
<arg>CF</arg>
<arg>CG</arg>
<arg>CH</arg>
<arg>CI</arg>
<arg>CK</arg>
<arg>CL</arg>
<arg>CM</arg>
<arg>CN</arg>
<arg>CO</arg>
<arg>CR</arg>
<arg>CU</arg>
<arg>CV</arg>
<arg>CW</arg>
<arg>CX</arg>
<arg>CY</arg>
<arg>CZ</arg>
<arg>DE</arg>
<arg>DJ</arg>
<arg>DK</arg>
<arg>DM</arg>
<arg>DO</arg>
<arg>DZ</arg>
<arg>EC</arg>
<arg>EE</arg>
<arg>EG</arg>
<arg>EH</arg>
<arg>ER</arg>
<arg>ES</arg>
<arg>ET</arg>
<arg>FI</arg>
<arg>FJ</arg>
<arg>FK</arg>
<arg>FM</arg>
<arg>FO</arg>
<arg>FR</arg>
<arg>GA</arg>
<arg>GB</arg>
<arg>GD</arg>
<arg>GE</arg>
<arg>GF</arg>
<arg>GG</arg>
<arg>GH</arg>
<arg>GI</arg>
<arg>GL</arg>
<arg>GM</arg>
<arg>GN</arg>
<arg>GP</arg>
<arg>GQ</arg>
<arg>GR</arg>
<arg>GS</arg>
<arg>GT</arg>
<arg>GU</arg>
<arg>GW</arg>
<arg>GY</arg>
<arg>HK</arg>
<arg>HM</arg>
<arg>HN</arg>
<arg>HR</arg>
<arg>HT</arg>
<arg>HU</arg>
<arg>ID</arg>
<arg>IE</arg>
<arg>IL</arg>
<arg>IM</arg>
<arg>IN</arg>
<arg>IO</arg>
<arg>IQ</arg>
<arg>IR</arg>
<arg>IS</arg>
<arg>IT</arg>
<arg>JE</arg>
<arg>JM</arg>
<arg>JO</arg>
<arg>JP</arg>
<arg>KE</arg>
<arg>KG</arg>
<arg>KH</arg>
<arg>KI</arg>
<arg>KM</arg>
<arg>KN</arg>
<arg>KP</arg>
<arg>KR</arg>
<arg>KW</arg>
<arg>KY</arg>
<arg>KZ</arg>
<arg>LA</arg>
<arg>LB</arg>
<arg>LC</arg>
<arg>LI</arg>
<arg>LK</arg>
<arg>LR</arg>
<arg>LS</arg>
<arg>LT</arg>
<arg>LU</arg>
<arg>LV</arg>
<arg>LY</arg>
<arg>MA</arg>
<arg>MC</arg>
<arg>MD</arg>
<arg>ME</arg>
<arg>MF</arg>
<arg>MG</arg>
<arg>MH</arg>
<arg>MK</arg>
<arg>ML</arg>
<arg>MM</arg>
<arg>MN</arg>
<arg>MO</arg>
<arg>MP</arg>
<arg>MQ</arg>
<arg>MR</arg>
<arg>MS</arg>
<arg>MT</arg>
<arg>MU</arg>
<arg>MV</arg>
<arg>MW</arg>
<arg>MX</arg>
<arg>MY</arg>
<arg>MZ</arg>
<arg>NA</arg>
<arg>NC</arg>
<arg>NE</arg>
<arg>NF</arg>
<arg>NG</arg>
<arg>NI</arg>
<arg>NL</arg>
<arg>NO</arg>
<arg>NP</arg>
<arg>NR</arg>
<arg>NU</arg>
<arg>NZ</arg>
<arg>OM</arg>
<arg>PA</arg>
<arg>PE</arg>
<arg>PF</arg>
<arg>PG</arg>
<arg>PH</arg>
<arg>PK</arg>
<arg>PL</arg>
<arg>PM</arg>
<arg>PN</arg>
<arg>PR</arg>
<arg>PS</arg>
<arg>PT</arg>
<arg>PW</arg>
<arg>PY</arg>
<arg>QA</arg>
<arg>RE</arg>
<arg>RO</arg>
<arg>RS</arg>
<arg>RU</arg>
<arg>RW</arg>
<arg>SA</arg>
<arg>SB</arg>
<arg>SC</arg>
<arg>SD</arg>
<arg>SE</arg>
<arg>SG</arg>
<arg>SH</arg>
<arg>SI</arg>
<arg>SJ</arg>
<arg>SK</arg>
<arg>SL</arg>
<arg>SM</arg>
<arg>SN</arg>
<arg>SO</arg>
<arg>SR</arg>
<arg>SS</arg>
<arg>ST</arg>
<arg>SV</arg>
<arg>SX</arg>
<arg>SY</arg>
<arg>SZ</arg>
<arg>TC</arg>
<arg>TD</arg>
<arg>TF</arg>
<arg>TG</arg>
<arg>TH</arg>
<arg>TJ</arg>
<arg>TK</arg>
<arg>TL</arg>
<arg>TM</arg>
<arg>TN</arg>
<arg>TO</arg>
<arg>TR</arg>
<arg>TT</arg>
<arg>TV</arg>
<arg>TW</arg>
<arg>TZ</arg>
<arg>UA</arg>
<arg>UG</arg>
<arg>UM</arg>
<arg>US</arg>
<arg>UY</arg>
<arg>UZ</arg>
<arg>VA</arg>
<arg>VC</arg>
<arg>VE</arg>
<arg>VG</arg>
<arg>VI</arg>
<arg>VN</arg>
<arg>VU</arg>
<arg>WF</arg>
<arg>WS</arg>
<arg>XK</arg>
<arg>YE</arg>
<arg>YT</arg>
<arg>ZA</arg>
<arg>ZM</arg>
<arg>ZW</arg>
<doc>Returns a list containing given items.</doc>
<status status="PASS" start="2024-04-21T06:18:20.240605" elapsed="0.000610"/>
</kw>
<kw name="List Should Contain Value" owner="Collections">
<msg time="2024-04-21T06:18:20.242210" level="INFO">False</msg>
<arg>${list_country}</arg>
<arg>${name_country}</arg>
<doc>Fails if the ``value`` is not found from ``list``.</doc>
<status status="PASS" start="2024-04-21T06:18:20.242010" elapsed="0.000237"/>
</kw>
<kw name="Run Keyword If" owner="BuiltIn">
<kw name="Should Be True" owner="BuiltIn">
<arg>${True}</arg>
<doc>Fails if the given condition is not true.</doc>
<status status="PASS" start="2024-04-21T06:18:20.243345" elapsed="0.000262"/>
</kw>
<arg>${json_data["results"][0]["location"]["coordinates"]["latitude"]} &gt;= -90 and ${json_data["results"][0]["location"]["coordinates"]["latitude"]} &lt;= 90</arg>
<arg>Should Be True</arg>
<arg>${True}</arg>
<doc>Runs the given keyword with the given arguments, if ``condition`` is true.</doc>
<status status="PASS" start="2024-04-21T06:18:20.242554" elapsed="0.001184"/>
</kw>
<kw name="Run Keyword If" owner="BuiltIn">
<kw name="Should Be True" owner="BuiltIn">
<arg>${True}</arg>
<doc>Fails if the given condition is not true.</doc>
<status status="PASS" start="2024-04-21T06:18:20.244644" elapsed="0.000138"/>
</kw>
<arg>${json_data["results"][0]["location"]["coordinates"]["longitude"]} &gt;= -180 and ${json_data["results"][0]["location"]["coordinates"]["longitude"]} &lt;= 180</arg>
<arg>Should Be True</arg>
<arg>${True}</arg>
<doc>Runs the given keyword with the given arguments, if ``condition`` is true.</doc>
<status status="PASS" start="2024-04-21T06:18:20.243924" elapsed="0.000983"/>
</kw>
<status status="PASS" start="2024-04-21T06:18:20.045716" elapsed="0.199321"/>
</kw>
<doc>Testa o conteúdo específico dos campos retornados pela API.</doc>
<tag>testeConteudo</tag>
<status status="PASS" start="2024-04-21T06:18:20.045157" elapsed="0.200032"/>
</test>
<status status="PASS" start="2024-04-21T06:18:19.248868" elapsed="0.998309"/>
</suite>
<status status="PASS" start="2024-04-21T06:18:19.234547" elapsed="1.017883"/>
</suite>
<statistics>
<total>
<stat pass="5" fail="0" skip="0">All Tests</stat>
</total>
<tag>
<stat pass="1" fail="0" skip="0">testeConteudo</stat>
<stat pass="1" fail="0" skip="0">testeEstruturaResposta</stat>
<stat pass="1" fail="0" skip="0">testeRequisicaoBasica</stat>
<stat pass="1" fail="0" skip="0">testeTiposDados</stat>
</tag>
<suite>
<stat pass="5" fail="0" skip="0" id="s1" name="Tests">Tests</stat>
<stat pass="5" fail="0" skip="0" id="s1-s1" name="Random-User-Test">Tests.Random-User-Test</stat>
</suite>
</statistics>
<errors>
</errors>
</robot>
