<?xml version="1.0" encoding="UTF-8"?>
<robot generator="Robot 7.0 (Python 3.12.3 on linux)" generated="2024-06-08T13:14:57.173645" rpa="false" schemaversion="5">
<suite id="s1" name="Tests" source="/home/runner/work/ApiRandomUser/ApiRandomUser/RamdonUser/tests">
<suite id="s1-s1" name="Random-User-Test" source="/home/runner/work/ApiRandomUser/ApiRandomUser/RamdonUser/tests/random-user-test.robot">
<test id="s1-s1-t1" name="Conectar" line="13">
<kw name="Conectar API" owner="random-user-service">
<kw name="Create Session" owner="RequestsLibrary">
<msg time="2024-06-08T13:14:57.585855" level="INFO">Creating Session using : alias=consultarAPI, url=https://randomuser.me/, headers={},                     cookies={}, auth=None, timeout=None, proxies=None, verify=False,                     debug=0 </msg>
<arg>consultarAPI</arg>
<arg>${URL}</arg>
<doc>Create Session: create a HTTP session to a server</doc>
<status status="PASS" start="2024-06-08T13:14:57.585592" elapsed="0.000467"/>
</kw>
<status status="PASS" start="2024-06-08T13:14:57.584495" elapsed="0.001948"/>
</kw>
<status status="PASS" start="2024-06-08T13:14:57.583789" elapsed="0.002849"/>
</test>
<test id="s1-s1-t2" name="Validar retorno 200 e JSON Válido" line="16">
<kw name="Teste de Requisicao Basica" owner="random-user-service">
<kw name="GET On Session" owner="RequestsLibrary">
<msg time="2024-06-08T13:14:57.668834" level="INFO">GET Request : url=https://randomuser.me/api 
 path_url=/api 
 headers={'User-Agent': 'python-requests/2.32.3', 'Accept-Encoding': 'gzip, deflate', 'Accept': '*/*', 'Connection': 'keep-alive'} 
 body=None 
 </msg>
<msg time="2024-06-08T13:14:57.669003" level="INFO">GET Response : url=https://randomuser.me/api 
 status=200, reason=OK 
 headers={'Date': 'Sat, 08 Jun 2024 13:14:57 GMT', 'Content-Type': 'application/json; charset=utf-8', 'Transfer-Encoding': 'chunked', 'Connection': 'keep-alive', 'X-Powered-By': 'Express', 'Access-Control-Allow-Origin': '*', 'Cache-Control': 'no-cache', 'ETag': 'W/"4aa-KWqu83LrDvXTG522Y2wgR257Gg8"', 'Vary': 'Accept-Encoding', 'Content-Encoding': 'gzip', 'CF-Cache-Status': 'DYNAMIC', 'Report-To': '{"endpoints":[{"url":"https:\\/\\/a.nel.cloudflare.com\\/report\\/v4?s=aFOaCXJdNmRwr7RVnfYFl5v6V0nbcHByl%2FYYUC7w%2FKTGyqKxiC1wrnykQmSlizemx3GT3EUvCVRc8z6g1vmEH3MWXoKKtEiiow5gmJVUDlop1uKunmF6S%2BQmgGOP%2BMmc"}],"group":"cf-nel","max_age":604800}', 'NEL': '{"success_fraction":0,"report_to":"cf-nel","max_age":604800}', 'Server': 'cloudflare', 'CF-RAY': '890925de2904a243-ORD', 'alt-svc': 'h3=":443"; ma=86400'} 
 body={"results":[{"gender":"female","name":{"title":"Mrs","first":"Henriette","last":"Reichl"},"location":{"street":{"number":7214,"name":"Industriestraße"},"city":"Seeland","state":"Rheinland-Pfalz","country":"Germany","postcode":41100,"coordinates":{"latitude":"-50.6246","longitude":"103.2591"},"timezone":{"offset":"-4:00","description":"Atlantic Time (Canada), Caracas, La Paz"}},"email":"henriette.reichl@example.com","login":{"uuid":"6b54b6ca-57f0-4c69-81ca-22567030e35b","username":"reddog267","password":"shojou","salt":"E8dVxJte","md5":"009465bebe4b0095ecb0058114edd363","sha1":"25fa7c8687a80c6b1200d352f11c3c5dd5cd8ddb","sha256":"5d32c8f9b0116ac8190253dbad10efd237938693589dd2b22f34c4e4eebcf2b3"},"dob":{"date":"1963-03-06T03:57:52.654Z","age":61},"registered":{"date":"2010-11-23T09:53:48.703Z","age":13},"phone":"0020-9137686","cell":"0178-2898018","id":{"name":"SVNR","value":"42 050363 R 595"},"picture":{"large":"https://randomuser.me/api/portraits/women/46.jpg","medium":"https://randomuser.me/api/portraits/med/women/46.jpg","thumbnail":"https://randomuser.me/api/portraits/thumb/women/46.jpg"},"nat":"DE"}],"info":{"seed":"bc195d74915e3830","results":1,"page":1,"version":"1.4"}} 
 </msg>
<msg time="2024-06-08T13:14:57.669092" level="INFO">/opt/hostedtoolcache/Python/3.12.3/x64/lib/python3.12/site-packages/urllib3/connectionpool.py:1103: InsecureRequestWarning: Unverified HTTPS request is being made to host 'randomuser.me'. Adding certificate verification is strongly advised. See: https://urllib3.readthedocs.io/en/latest/advanced-usage.html#tls-warnings
  warnings.warn(</msg>
<msg time="2024-06-08T13:14:57.669249" level="INFO">${response} = &lt;Response [200]&gt;</msg>
<var>${response}</var>
<arg>consultarAPI</arg>
<arg>/api</arg>
<doc>Sends a GET request on a previously created HTTP Session.</doc>
<status status="PASS" start="2024-06-08T13:14:57.589391" elapsed="0.079901"/>
</kw>
<kw name="Should Be Equal As Numbers" owner="BuiltIn">
<msg time="2024-06-08T13:14:57.670404" level="INFO">Argument types are:
&lt;class 'int'&gt;
&lt;class 'str'&gt;</msg>
<arg>${response.status_code}</arg>
<arg>200</arg>
<doc>Fails if objects are unequal after converting them to real numbers.</doc>
<status status="PASS" start="2024-06-08T13:14:57.669920" elapsed="0.000554"/>
</kw>
<kw name="Log" owner="BuiltIn">
<msg time="2024-06-08T13:14:57.671214" level="INFO">200</msg>
<arg>${response.status_code}</arg>
<doc>Logs the given message with the given level.</doc>
<status status="PASS" start="2024-06-08T13:14:57.670852" elapsed="0.000413"/>
</kw>
<kw name="Set Variable" owner="BuiltIn">
<msg time="2024-06-08T13:14:57.672049" level="INFO">${json_data} = {'results': [{'gender': 'female', 'name': {'title': 'Mrs', 'first': 'Henriette', 'last': 'Reichl'}, 'location': {'street': {'number': 7214, 'name': 'Industriestraße'}, 'city': 'Seeland', 'state': 'Rhe...</msg>
<var>${json_data}</var>
<arg>${response.json()}</arg>
<doc>Returns the given values which can then be assigned to a variables.</doc>
<status status="PASS" start="2024-06-08T13:14:57.671587" elapsed="0.000494"/>
</kw>
<kw name="Dictionary Should Contain Key" owner="Collections">
<msg time="2024-06-08T13:14:57.672654" level="INFO">False</msg>
<arg>${json_data}</arg>
<arg>results</arg>
<doc>Fails if ``key`` is not found from ``dictionary``.</doc>
<status status="PASS" start="2024-06-08T13:14:57.672477" elapsed="0.000398"/>
</kw>
<status status="PASS" start="2024-06-08T13:14:57.589129" elapsed="0.084023"/>
</kw>
<doc>Testa se a API responde corretamente e retorna um objeto JSON válido.</doc>
<tag>testeRequisicaoBasica</tag>
<status status="PASS" start="2024-06-08T13:14:57.588541" elapsed="0.084810"/>
</test>
<test id="s1-s1-t3" name="Validar estrutura de resposta" line="22">
<kw name="Teste de Estrutura de Resposta" owner="random-user-service">
<kw name="GET On Session" owner="RequestsLibrary">
<msg time="2024-06-08T13:14:57.771375" level="INFO">GET Request : url=https://randomuser.me/api 
 path_url=/api 
 headers={'User-Agent': 'python-requests/2.32.3', 'Accept-Encoding': 'gzip, deflate', 'Accept': '*/*', 'Connection': 'keep-alive'} 
 body=None 
 </msg>
<msg time="2024-06-08T13:14:57.771484" level="INFO">GET Response : url=https://randomuser.me/api 
 status=200, reason=OK 
 headers={'Date': 'Sat, 08 Jun 2024 13:14:57 GMT', 'Content-Type': 'application/json; charset=utf-8', 'Transfer-Encoding': 'chunked', 'Connection': 'keep-alive', 'X-Powered-By': 'Express', 'Access-Control-Allow-Origin': '*', 'Cache-Control': 'no-cache', 'ETag': 'W/"488-ZEOt1xcCc59eYvBTgZVfolRsafs"', 'Vary': 'Accept-Encoding', 'Content-Encoding': 'gzip', 'CF-Cache-Status': 'DYNAMIC', 'Report-To': '{"endpoints":[{"url":"https:\\/\\/a.nel.cloudflare.com\\/report\\/v4?s=ggYVU3ZrfuUilIO3Rp2FxQDTaVGnRQ3zJ3UKp2OVryhNN2j%2BuS2TJ1OYTVsK8oc9mp5tF6wRt9r4eaCOs%2F12AOexxBNUO%2BOYt6PswOZA6qS2sK1xGWyjRqc%2FmRKsNYQi"}],"group":"cf-nel","max_age":604800}', 'NEL': '{"success_fraction":0,"report_to":"cf-nel","max_age":604800}', 'Server': 'cloudflare', 'CF-RAY': '890925de7961a243-ORD', 'alt-svc': 'h3=":443"; ma=86400'} 
 body={"results":[{"gender":"male","name":{"title":"Mr","first":"Zlatko","last":"Cvejić"},"location":{"street":{"number":3692,"name":"Čokešinska"},"city":"Požega","state":"Rasina","country":"Serbia","postcode":62986,"coordinates":{"latitude":"61.4461","longitude":"-90.8287"},"timezone":{"offset":"+4:00","description":"Abu Dhabi, Muscat, Baku, Tbilisi"}},"email":"zlatko.cvejic@example.com","login":{"uuid":"f1952aa9-c058-440c-bea8-bb8a00634d59","username":"purpleleopard736","password":"tttttttt","salt":"UbtIqbY0","md5":"e39137f902124b2c3939764456718758","sha1":"042a56ba125433e2ec7e8d8ab950b3ff67ea7186","sha256":"19e218b6d5bd351390c2b4d6afd867300352465a86ec0475ce972ac5ee8b6ce5"},"dob":{"date":"1985-06-28T11:56:09.203Z","age":38},"registered":{"date":"2012-11-30T04:43:48.409Z","age":11},"phone":"010-4228-356","cell":"063-5500-426","id":{"name":"SID","value":"296305310"},"picture":{"large":"https://randomuser.me/api/portraits/men/63.jpg","medium":"https://randomuser.me/api/portraits/med/men/63.jpg","thumbnail":"https://randomuser.me/api/portraits/thumb/men/63.jpg"},"nat":"RS"}],"info":{"seed":"ded7d977c79becda","results":1,"page":1,"version":"1.4"}} 
 </msg>
<msg time="2024-06-08T13:14:57.771621" level="INFO">/opt/hostedtoolcache/Python/3.12.3/x64/lib/python3.12/site-packages/urllib3/connectionpool.py:1103: InsecureRequestWarning: Unverified HTTPS request is being made to host 'randomuser.me'. Adding certificate verification is strongly advised. See: https://urllib3.readthedocs.io/en/latest/advanced-usage.html#tls-warnings
  warnings.warn(</msg>
<msg time="2024-06-08T13:14:57.771763" level="INFO">${response} = &lt;Response [200]&gt;</msg>
<var>${response}</var>
<arg>consultarAPI</arg>
<arg>/api</arg>
<doc>Sends a GET request on a previously created HTTP Session.</doc>
<status status="PASS" start="2024-06-08T13:14:57.676420" elapsed="0.095385"/>
</kw>
<kw name="Set Variable" owner="BuiltIn">
<msg time="2024-06-08T13:14:57.773056" level="INFO">${json_data} = {'results': [{'gender': 'male', 'name': {'title': 'Mr', 'first': 'Zlatko', 'last': 'Cvejić'}, 'location': {'street': {'number': 3692, 'name': 'Čokešinska'}, 'city': 'Požega', 'state': 'Rasina', 'count...</msg>
<var>${json_data}</var>
<arg>${response.json()}</arg>
<doc>Returns the given values which can then be assigned to a variables.</doc>
<status status="PASS" start="2024-06-08T13:14:57.772457" elapsed="0.000632"/>
</kw>
<kw name="Log" owner="BuiltIn">
<msg time="2024-06-08T13:14:57.773602" level="INFO">{'results': [{'gender': 'male', 'name': {'title': 'Mr', 'first': 'Zlatko', 'last': 'Cvejić'}, 'location': {'street': {'number': 3692, 'name': 'Čokešinska'}, 'city': 'Požega', 'state': 'Rasina', 'country': 'Serbia', 'postcode': 62986, 'coordinates': {'latitude': '61.4461', 'longitude': '-90.8287'}, 'timezone': {'offset': '+4:00', 'description': 'Abu Dhabi, Muscat, Baku, Tbilisi'}}, 'email': 'zlatko.cvejic@example.com', 'login': {'uuid': 'f1952aa9-c058-440c-bea8-bb8a00634d59', 'username': 'purpleleopard736', 'password': 'tttttttt', 'salt': 'UbtIqbY0', 'md5': 'e39137f902124b2c3939764456718758', 'sha1': '042a56ba125433e2ec7e8d8ab950b3ff67ea7186', 'sha256': '19e218b6d5bd351390c2b4d6afd867300352465a86ec0475ce972ac5ee8b6ce5'}, 'dob': {'date': '1985-06-28T11:56:09.203Z', 'age': 38}, 'registered': {'date': '2012-11-30T04:43:48.409Z', 'age': 11}, 'phone': '010-4228-356', 'cell': '063-5500-426', 'id': {'name': 'SID', 'value': '296305310'}, 'picture': {'large': 'https://randomuser.me/api/portraits/men/63.jpg', 'medium': 'https://randomuser.me/api/portraits/med/men/63.jpg', 'thumbnail': 'https://randomuser.me/api/portraits/thumb/men/63.jpg'}, 'nat': 'RS'}], 'info': {'seed': 'ded7d977c79becda', 'results': 1, 'page': 1, 'version': '1.4'}}</msg>
<arg>${json_data}</arg>
<doc>Logs the given message with the given level.</doc>
<status status="PASS" start="2024-06-08T13:14:57.773425" elapsed="0.000234"/>
</kw>
<kw name="Dictionary Should Contain Key" owner="Collections">
<msg time="2024-06-08T13:14:57.774185" level="INFO">False</msg>
<arg>${json_data}</arg>
<arg>results</arg>
<doc>Fails if ``key`` is not found from ``dictionary``.</doc>
<status status="PASS" start="2024-06-08T13:14:57.774022" elapsed="0.000202"/>
</kw>
<kw name="Should Not Be Empty" owner="BuiltIn">
<msg time="2024-06-08T13:14:57.774664" level="INFO">Length is 2.</msg>
<arg>${json_data}</arg>
<doc>Verifies that the given item is not empty.</doc>
<status status="PASS" start="2024-06-08T13:14:57.774522" elapsed="0.000182"/>
</kw>
<kw name="Create List" owner="BuiltIn">
<msg time="2024-06-08T13:14:57.775159" level="INFO">${expected_keys} = ['gender', 'name', 'location', 'email', 'login']</msg>
<var>${expected_keys}</var>
<arg>gender</arg>
<arg>name</arg>
<arg>location</arg>
<arg>email</arg>
<arg>login</arg>
<doc>Returns a list containing given items.</doc>
<status status="PASS" start="2024-06-08T13:14:57.775008" elapsed="0.000175"/>
</kw>
<for flavor="IN">
<iter>
<kw name="Dictionary Should Contain Key" owner="Collections">
<msg time="2024-06-08T13:14:57.776224" level="INFO">False</msg>
<arg>${json_data['results'][0]}</arg>
<arg>${key}</arg>
<doc>Fails if ``key`` is not found from ``dictionary``.</doc>
<status status="PASS" start="2024-06-08T13:14:57.775791" elapsed="0.000478"/>
</kw>
<kw name="Log" owner="BuiltIn">
<msg time="2024-06-08T13:14:57.776955" level="INFO">{'gender': 'male', 'name': {'title': 'Mr', 'first': 'Zlatko', 'last': 'Cvejić'}, 'location': {'street': {'number': 3692, 'name': 'Čokešinska'}, 'city': 'Požega', 'state': 'Rasina', 'country': 'Serbia', 'postcode': 62986, 'coordinates': {'latitude': '61.4461', 'longitude': '-90.8287'}, 'timezone': {'offset': '+4:00', 'description': 'Abu Dhabi, Muscat, Baku, Tbilisi'}}, 'email': 'zlatko.cvejic@example.com', 'login': {'uuid': 'f1952aa9-c058-440c-bea8-bb8a00634d59', 'username': 'purpleleopard736', 'password': 'tttttttt', 'salt': 'UbtIqbY0', 'md5': 'e39137f902124b2c3939764456718758', 'sha1': '042a56ba125433e2ec7e8d8ab950b3ff67ea7186', 'sha256': '19e218b6d5bd351390c2b4d6afd867300352465a86ec0475ce972ac5ee8b6ce5'}, 'dob': {'date': '1985-06-28T11:56:09.203Z', 'age': 38}, 'registered': {'date': '2012-11-30T04:43:48.409Z', 'age': 11}, 'phone': '010-4228-356', 'cell': '063-5500-426', 'id': {'name': 'SID', 'value': '296305310'}, 'picture': {'large': 'https://randomuser.me/api/portraits/men/63.jpg', 'medium': 'https://randomuser.me/api/portraits/med/men/63.jpg', 'thumbnail': 'https://randomuser.me/api/portraits/thumb/men/63.jpg'}, 'nat': 'RS'}</msg>
<arg>${json_data['results'][0]}</arg>
<doc>Logs the given message with the given level.</doc>
<status status="PASS" start="2024-06-08T13:14:57.776577" elapsed="0.000432"/>
</kw>
<kw name="Log" owner="BuiltIn">
<msg time="2024-06-08T13:14:57.777454" level="INFO">gender</msg>
<arg>${key}</arg>
<doc>Logs the given message with the given level.</doc>
<status status="PASS" start="2024-06-08T13:14:57.777320" elapsed="0.000175"/>
</kw>
<var name="${key}">gender</var>
<status status="PASS" start="2024-06-08T13:14:57.775661" elapsed="0.002088"/>
</iter>
<iter>
<kw name="Dictionary Should Contain Key" owner="Collections">
<msg time="2024-06-08T13:14:57.778457" level="INFO">False</msg>
<arg>${json_data['results'][0]}</arg>
<arg>${key}</arg>
<doc>Fails if ``key`` is not found from ``dictionary``.</doc>
<status status="PASS" start="2024-06-08T13:14:57.778070" elapsed="0.000425"/>
</kw>
<kw name="Log" owner="BuiltIn">
<msg time="2024-06-08T13:14:57.779198" level="INFO">{'gender': 'male', 'name': {'title': 'Mr', 'first': 'Zlatko', 'last': 'Cvejić'}, 'location': {'street': {'number': 3692, 'name': 'Čokešinska'}, 'city': 'Požega', 'state': 'Rasina', 'country': 'Serbia', 'postcode': 62986, 'coordinates': {'latitude': '61.4461', 'longitude': '-90.8287'}, 'timezone': {'offset': '+4:00', 'description': 'Abu Dhabi, Muscat, Baku, Tbilisi'}}, 'email': 'zlatko.cvejic@example.com', 'login': {'uuid': 'f1952aa9-c058-440c-bea8-bb8a00634d59', 'username': 'purpleleopard736', 'password': 'tttttttt', 'salt': 'UbtIqbY0', 'md5': 'e39137f902124b2c3939764456718758', 'sha1': '042a56ba125433e2ec7e8d8ab950b3ff67ea7186', 'sha256': '19e218b6d5bd351390c2b4d6afd867300352465a86ec0475ce972ac5ee8b6ce5'}, 'dob': {'date': '1985-06-28T11:56:09.203Z', 'age': 38}, 'registered': {'date': '2012-11-30T04:43:48.409Z', 'age': 11}, 'phone': '010-4228-356', 'cell': '063-5500-426', 'id': {'name': 'SID', 'value': '296305310'}, 'picture': {'large': 'https://randomuser.me/api/portraits/men/63.jpg', 'medium': 'https://randomuser.me/api/portraits/med/men/63.jpg', 'thumbnail': 'https://randomuser.me/api/portraits/thumb/men/63.jpg'}, 'nat': 'RS'}</msg>
<arg>${json_data['results'][0]}</arg>
<doc>Logs the given message with the given level.</doc>
<status status="PASS" start="2024-06-08T13:14:57.778830" elapsed="0.000423"/>
</kw>
<kw name="Log" owner="BuiltIn">
<msg time="2024-06-08T13:14:57.779687" level="INFO">name</msg>
<arg>${key}</arg>
<doc>Logs the given message with the given level.</doc>
<status status="PASS" start="2024-06-08T13:14:57.779558" elapsed="0.000168"/>
</kw>
<var name="${key}">name</var>
<status status="PASS" start="2024-06-08T13:14:57.777952" elapsed="0.001998"/>
</iter>
<iter>
<kw name="Dictionary Should Contain Key" owner="Collections">
<msg time="2024-06-08T13:14:57.780626" level="INFO">False</msg>
<arg>${json_data['results'][0]}</arg>
<arg>${key}</arg>
<doc>Fails if ``key`` is not found from ``dictionary``.</doc>
<status status="PASS" start="2024-06-08T13:14:57.780249" elapsed="0.000415"/>
</kw>
<kw name="Log" owner="BuiltIn">
<msg time="2024-06-08T13:14:57.781351" level="INFO">{'gender': 'male', 'name': {'title': 'Mr', 'first': 'Zlatko', 'last': 'Cvejić'}, 'location': {'street': {'number': 3692, 'name': 'Čokešinska'}, 'city': 'Požega', 'state': 'Rasina', 'country': 'Serbia', 'postcode': 62986, 'coordinates': {'latitude': '61.4461', 'longitude': '-90.8287'}, 'timezone': {'offset': '+4:00', 'description': 'Abu Dhabi, Muscat, Baku, Tbilisi'}}, 'email': 'zlatko.cvejic@example.com', 'login': {'uuid': 'f1952aa9-c058-440c-bea8-bb8a00634d59', 'username': 'purpleleopard736', 'password': 'tttttttt', 'salt': 'UbtIqbY0', 'md5': 'e39137f902124b2c3939764456718758', 'sha1': '042a56ba125433e2ec7e8d8ab950b3ff67ea7186', 'sha256': '19e218b6d5bd351390c2b4d6afd867300352465a86ec0475ce972ac5ee8b6ce5'}, 'dob': {'date': '1985-06-28T11:56:09.203Z', 'age': 38}, 'registered': {'date': '2012-11-30T04:43:48.409Z', 'age': 11}, 'phone': '010-4228-356', 'cell': '063-5500-426', 'id': {'name': 'SID', 'value': '296305310'}, 'picture': {'large': 'https://randomuser.me/api/portraits/men/63.jpg', 'medium': 'https://randomuser.me/api/portraits/med/men/63.jpg', 'thumbnail': 'https://randomuser.me/api/portraits/thumb/men/63.jpg'}, 'nat': 'RS'}</msg>
<arg>${json_data['results'][0]}</arg>
<doc>Logs the given message with the given level.</doc>
<status status="PASS" start="2024-06-08T13:14:57.780978" elapsed="0.000429"/>
</kw>
<kw name="Log" owner="BuiltIn">
<msg time="2024-06-08T13:14:57.781895" level="INFO">location</msg>
<arg>${key}</arg>
<doc>Logs the given message with the given level.</doc>
<status status="PASS" start="2024-06-08T13:14:57.781749" elapsed="0.000188"/>
</kw>
<var name="${key}">location</var>
<status status="PASS" start="2024-06-08T13:14:57.780134" elapsed="0.002030"/>
</iter>
<iter>
<kw name="Dictionary Should Contain Key" owner="Collections">
<msg time="2024-06-08T13:14:57.782995" level="INFO">False</msg>
<arg>${json_data['results'][0]}</arg>
<arg>${key}</arg>
<doc>Fails if ``key`` is not found from ``dictionary``.</doc>
<status status="PASS" start="2024-06-08T13:14:57.782457" elapsed="0.000583"/>
</kw>
<kw name="Log" owner="BuiltIn">
<msg time="2024-06-08T13:14:57.783739" level="INFO">{'gender': 'male', 'name': {'title': 'Mr', 'first': 'Zlatko', 'last': 'Cvejić'}, 'location': {'street': {'number': 3692, 'name': 'Čokešinska'}, 'city': 'Požega', 'state': 'Rasina', 'country': 'Serbia', 'postcode': 62986, 'coordinates': {'latitude': '61.4461', 'longitude': '-90.8287'}, 'timezone': {'offset': '+4:00', 'description': 'Abu Dhabi, Muscat, Baku, Tbilisi'}}, 'email': 'zlatko.cvejic@example.com', 'login': {'uuid': 'f1952aa9-c058-440c-bea8-bb8a00634d59', 'username': 'purpleleopard736', 'password': 'tttttttt', 'salt': 'UbtIqbY0', 'md5': 'e39137f902124b2c3939764456718758', 'sha1': '042a56ba125433e2ec7e8d8ab950b3ff67ea7186', 'sha256': '19e218b6d5bd351390c2b4d6afd867300352465a86ec0475ce972ac5ee8b6ce5'}, 'dob': {'date': '1985-06-28T11:56:09.203Z', 'age': 38}, 'registered': {'date': '2012-11-30T04:43:48.409Z', 'age': 11}, 'phone': '010-4228-356', 'cell': '063-5500-426', 'id': {'name': 'SID', 'value': '296305310'}, 'picture': {'large': 'https://randomuser.me/api/portraits/men/63.jpg', 'medium': 'https://randomuser.me/api/portraits/med/men/63.jpg', 'thumbnail': 'https://randomuser.me/api/portraits/thumb/men/63.jpg'}, 'nat': 'RS'}</msg>
<arg>${json_data['results'][0]}</arg>
<doc>Logs the given message with the given level.</doc>
<status status="PASS" start="2024-06-08T13:14:57.783369" elapsed="0.000424"/>
</kw>
<kw name="Log" owner="BuiltIn">
<msg time="2024-06-08T13:14:57.784239" level="INFO">email</msg>
<arg>${key}</arg>
<doc>Logs the given message with the given level.</doc>
<status status="PASS" start="2024-06-08T13:14:57.784104" elapsed="0.000173"/>
</kw>
<var name="${key}">email</var>
<status status="PASS" start="2024-06-08T13:14:57.782342" elapsed="0.002154"/>
</iter>
<iter>
<kw name="Dictionary Should Contain Key" owner="Collections">
<msg time="2024-06-08T13:14:57.785189" level="INFO">False</msg>
<arg>${json_data['results'][0]}</arg>
<arg>${key}</arg>
<doc>Fails if ``key`` is not found from ``dictionary``.</doc>
<status status="PASS" start="2024-06-08T13:14:57.784799" elapsed="0.000427"/>
</kw>
<kw name="Log" owner="BuiltIn">
<msg time="2024-06-08T13:14:57.785939" level="INFO">{'gender': 'male', 'name': {'title': 'Mr', 'first': 'Zlatko', 'last': 'Cvejić'}, 'location': {'street': {'number': 3692, 'name': 'Čokešinska'}, 'city': 'Požega', 'state': 'Rasina', 'country': 'Serbia', 'postcode': 62986, 'coordinates': {'latitude': '61.4461', 'longitude': '-90.8287'}, 'timezone': {'offset': '+4:00', 'description': 'Abu Dhabi, Muscat, Baku, Tbilisi'}}, 'email': 'zlatko.cvejic@example.com', 'login': {'uuid': 'f1952aa9-c058-440c-bea8-bb8a00634d59', 'username': 'purpleleopard736', 'password': 'tttttttt', 'salt': 'UbtIqbY0', 'md5': 'e39137f902124b2c3939764456718758', 'sha1': '042a56ba125433e2ec7e8d8ab950b3ff67ea7186', 'sha256': '19e218b6d5bd351390c2b4d6afd867300352465a86ec0475ce972ac5ee8b6ce5'}, 'dob': {'date': '1985-06-28T11:56:09.203Z', 'age': 38}, 'registered': {'date': '2012-11-30T04:43:48.409Z', 'age': 11}, 'phone': '010-4228-356', 'cell': '063-5500-426', 'id': {'name': 'SID', 'value': '296305310'}, 'picture': {'large': 'https://randomuser.me/api/portraits/men/63.jpg', 'medium': 'https://randomuser.me/api/portraits/med/men/63.jpg', 'thumbnail': 'https://randomuser.me/api/portraits/thumb/men/63.jpg'}, 'nat': 'RS'}</msg>
<arg>${json_data['results'][0]}</arg>
<doc>Logs the given message with the given level.</doc>
<status status="PASS" start="2024-06-08T13:14:57.785528" elapsed="0.000464"/>
</kw>
<kw name="Log" owner="BuiltIn">
<msg time="2024-06-08T13:14:57.786428" level="INFO">login</msg>
<arg>${key}</arg>
<doc>Logs the given message with the given level.</doc>
<status status="PASS" start="2024-06-08T13:14:57.786300" elapsed="0.000168"/>
</kw>
<var name="${key}">login</var>
<status status="PASS" start="2024-06-08T13:14:57.784684" elapsed="0.002032"/>
</iter>
<var>${key}</var>
<value>@{expected_keys}</value>
<status status="PASS" start="2024-06-08T13:14:57.775458" elapsed="0.011388"/>
</for>
<kw name="Create List" owner="BuiltIn">
<msg time="2024-06-08T13:14:57.787194" level="INFO">${expected_keysTwo} = ['username', 'password']</msg>
<var>${expected_keysTwo}</var>
<arg>username</arg>
<arg>password</arg>
<doc>Returns a list containing given items.</doc>
<status status="PASS" start="2024-06-08T13:14:57.787053" elapsed="0.000166"/>
</kw>
<for flavor="IN">
<iter>
<kw name="Dictionary Should Contain Key" owner="Collections">
<msg time="2024-06-08T13:14:57.788125" level="INFO">False</msg>
<arg>${json_data['results'][0]['login']}</arg>
<arg>${keyTwo}</arg>
<doc>Fails if ``key`` is not found from ``dictionary``.</doc>
<status status="PASS" start="2024-06-08T13:14:57.787732" elapsed="0.000432"/>
</kw>
<kw name="Dictionary Should Contain Key" owner="Collections">
<msg time="2024-06-08T13:14:57.788849" level="INFO">False</msg>
<arg>${json_data['results'][0]['login']}</arg>
<arg>${keyTwo}</arg>
<doc>Fails if ``key`` is not found from ``dictionary``.</doc>
<status status="PASS" start="2024-06-08T13:14:57.788464" elapsed="0.000423"/>
</kw>
<kw name="Log" owner="BuiltIn">
<msg time="2024-06-08T13:14:57.789311" level="INFO">username</msg>
<arg>${keyTwo}</arg>
<doc>Logs the given message with the given level.</doc>
<status status="PASS" start="2024-06-08T13:14:57.789179" elapsed="0.000171"/>
</kw>
<var name="${keyTwo}">username</var>
<status status="PASS" start="2024-06-08T13:14:57.787621" elapsed="0.001945"/>
</iter>
<iter>
<kw name="Dictionary Should Contain Key" owner="Collections">
<msg time="2024-06-08T13:14:57.790268" level="INFO">False</msg>
<arg>${json_data['results'][0]['login']}</arg>
<arg>${keyTwo}</arg>
<doc>Fails if ``key`` is not found from ``dictionary``.</doc>
<status status="PASS" start="2024-06-08T13:14:57.789884" elapsed="0.000424"/>
</kw>
<kw name="Dictionary Should Contain Key" owner="Collections">
<msg time="2024-06-08T13:14:57.790998" level="INFO">False</msg>
<arg>${json_data['results'][0]['login']}</arg>
<arg>${keyTwo}</arg>
<doc>Fails if ``key`` is not found from ``dictionary``.</doc>
<status status="PASS" start="2024-06-08T13:14:57.790610" elapsed="0.000426"/>
</kw>
<kw name="Log" owner="BuiltIn">
<msg time="2024-06-08T13:14:57.791457" level="INFO">password</msg>
<arg>${keyTwo}</arg>
<doc>Logs the given message with the given level.</doc>
<status status="PASS" start="2024-06-08T13:14:57.791329" elapsed="0.000167"/>
</kw>
<var name="${keyTwo}">password</var>
<status status="PASS" start="2024-06-08T13:14:57.789768" elapsed="0.001952"/>
</iter>
<var>${keyTwo}</var>
<value>@{expected_keysTwo}</value>
<status status="PASS" start="2024-06-08T13:14:57.787461" elapsed="0.004381"/>
</for>
<status status="PASS" start="2024-06-08T13:14:57.676065" elapsed="0.115925"/>
</kw>
<doc>Testa a estrutura da resposta da API.</doc>
<tag>testeEstruturaResposta</tag>
<status status="PASS" start="2024-06-08T13:14:57.675246" elapsed="0.116906"/>
</test>
<test id="s1-s1-t4" name="Validar tipos de dados" line="28">
<kw name="Teste de Tipos de Dados" owner="random-user-service">
<kw name="GET On Session" owner="RequestsLibrary">
<msg time="2024-06-08T13:14:57.865250" level="INFO">GET Request : url=https://randomuser.me/api 
 path_url=/api 
 headers={'User-Agent': 'python-requests/2.32.3', 'Accept-Encoding': 'gzip, deflate', 'Accept': '*/*', 'Connection': 'keep-alive'} 
 body=None 
 </msg>
<msg time="2024-06-08T13:14:57.865354" level="INFO">GET Response : url=https://randomuser.me/api 
 status=200, reason=OK 
 headers={'Date': 'Sat, 08 Jun 2024 13:14:57 GMT', 'Content-Type': 'application/json; charset=utf-8', 'Transfer-Encoding': 'chunked', 'Connection': 'keep-alive', 'X-Powered-By': 'Express', 'Access-Control-Allow-Origin': '*', 'Cache-Control': 'no-cache', 'ETag': 'W/"49b-kE//uwAd2Nc+qg9UV6KLdK2ne14"', 'Vary': 'Accept-Encoding', 'Content-Encoding': 'gzip', 'CF-Cache-Status': 'DYNAMIC', 'Report-To': '{"endpoints":[{"url":"https:\\/\\/a.nel.cloudflare.com\\/report\\/v4?s=AtlkrV1R6FJT4EGhTvxAQYmOQVlhssqLeF7s2i5b3CMGZa%2BjqxGrgMbhZf3Z5TwJnfMi9TFLYDMkhxkEHwrGvFAa7wKtevY0KBDl40WQEUZEWsfapiPuF2rLHvxRoIcq"}],"group":"cf-nel","max_age":604800}', 'NEL': '{"success_fraction":0,"report_to":"cf-nel","max_age":604800}', 'Server': 'cloudflare', 'CF-RAY': '890925df3a21a243-ORD', 'alt-svc': 'h3=":443"; ma=86400'} 
 body={"results":[{"gender":"male","name":{"title":"Mr","first":"Todd","last":"Mason"},"location":{"street":{"number":9495,"name":"Brick Kiln Road"},"city":"Preston","state":"Cambridgeshire","country":"United Kingdom","postcode":"GA0P 0YB","coordinates":{"latitude":"-8.1586","longitude":"-113.9609"},"timezone":{"offset":"-7:00","description":"Mountain Time (US &amp; Canada)"}},"email":"todd.mason@example.com","login":{"uuid":"e92f0b14-37ac-459f-b371-8241a31998e7","username":"heavybutterfly553","password":"caliente","salt":"oCNUuL97","md5":"6acec381affe9768e3d8b1f44a2c7521","sha1":"c602c5f91d14fad46a14ff4c23e54b4daa6a903a","sha256":"8eaf82b6ba8f0d591699a785a53fb8ec417d807e4c7879569308e5adcaa026d9"},"dob":{"date":"1951-12-27T15:43:26.562Z","age":72},"registered":{"date":"2008-05-09T09:47:56.484Z","age":16},"phone":"015242 57416","cell":"07153 249070","id":{"name":"NINO","value":"MJ 95 18 86 K"},"picture":{"large":"https://randomuser.me/api/portraits/men/10.jpg","medium":"https://randomuser.me/api/portraits/med/men/10.jpg","thumbnail":"https://randomuser.me/api/portraits/thumb/men/10.jpg"},"nat":"GB"}],"info":{"seed":"a402852a1fa99b43","results":1,"page":1,"version":"1.4"}} 
 </msg>
<msg time="2024-06-08T13:14:57.865430" level="INFO">/opt/hostedtoolcache/Python/3.12.3/x64/lib/python3.12/site-packages/urllib3/connectionpool.py:1103: InsecureRequestWarning: Unverified HTTPS request is being made to host 'randomuser.me'. Adding certificate verification is strongly advised. See: https://urllib3.readthedocs.io/en/latest/advanced-usage.html#tls-warnings
  warnings.warn(</msg>
<msg time="2024-06-08T13:14:57.865568" level="INFO">${response} = &lt;Response [200]&gt;</msg>
<var>${response}</var>
<arg>consultarAPI</arg>
<arg>/api</arg>
<doc>Sends a GET request on a previously created HTTP Session.</doc>
<status status="PASS" start="2024-06-08T13:14:57.794892" elapsed="0.070740"/>
</kw>
<kw name="Set Variable" owner="BuiltIn">
<msg time="2024-06-08T13:14:57.866943" level="INFO">${json_data} = {'results': [{'gender': 'male', 'name': {'title': 'Mr', 'first': 'Todd', 'last': 'Mason'}, 'location': {'street': {'number': 9495, 'name': 'Brick Kiln Road'}, 'city': 'Preston', 'state': 'Cambridgeshi...</msg>
<var>${json_data}</var>
<arg>${response.json()}</arg>
<doc>Returns the given values which can then be assigned to a variables.</doc>
<status status="PASS" start="2024-06-08T13:14:57.866331" elapsed="0.000647"/>
</kw>
<kw name="Log" owner="BuiltIn">
<msg time="2024-06-08T13:14:57.867696" level="INFO">{'results': [{'gender': 'male', 'name': {'title': 'Mr', 'first': 'Todd', 'last': 'Mason'}, 'location': {'street': {'number': 9495, 'name': 'Brick Kiln Road'}, 'city': 'Preston', 'state': 'Cambridgeshire', 'country': 'United Kingdom', 'postcode': 'GA0P 0YB', 'coordinates': {'latitude': '-8.1586', 'longitude': '-113.9609'}, 'timezone': {'offset': '-7:00', 'description': 'Mountain Time (US &amp; Canada)'}}, 'email': 'todd.mason@example.com', 'login': {'uuid': 'e92f0b14-37ac-459f-b371-8241a31998e7', 'username': 'heavybutterfly553', 'password': 'caliente', 'salt': 'oCNUuL97', 'md5': '6acec381affe9768e3d8b1f44a2c7521', 'sha1': 'c602c5f91d14fad46a14ff4c23e54b4daa6a903a', 'sha256': '8eaf82b6ba8f0d591699a785a53fb8ec417d807e4c7879569308e5adcaa026d9'}, 'dob': {'date': '1951-12-27T15:43:26.562Z', 'age': 72}, 'registered': {'date': '2008-05-09T09:47:56.484Z', 'age': 16}, 'phone': '015242 57416', 'cell': '07153 249070', 'id': {'name': 'NINO', 'value': 'MJ 95 18 86 K'}, 'picture': {'large': 'https://randomuser.me/api/portraits/men/10.jpg', 'medium': 'https://randomuser.me/api/portraits/med/men/10.jpg', 'thumbnail': 'https://randomuser.me/api/portraits/thumb/men/10.jpg'}, 'nat': 'GB'}], 'info': {'seed': 'a402852a1fa99b43', 'results': 1, 'page': 1, 'version': '1.4'}}</msg>
<arg>${json_data}</arg>
<doc>Logs the given message with the given level.</doc>
<status status="PASS" start="2024-06-08T13:14:57.867450" elapsed="0.000376"/>
</kw>
<kw name="Should Be String" owner="String">
<arg>${json_data['results'][0]['gender']}</arg>
<doc>Fails if the given ``item`` is not a string.</doc>
<status status="PASS" start="2024-06-08T13:14:57.868248" elapsed="0.000400"/>
</kw>
<kw name="Should Match Regexp" owner="BuiltIn">
<arg>${json_data['results'][0]['email']}</arg>
<arg>^[a-zA-Z0-9._%+-]+@[a-zA-Z0-9.-]+\.[a-zA-Z]{2,}$</arg>
<doc>Fails if ``string`` does not match ``pattern`` as a regular expression.</doc>
<status status="PASS" start="2024-06-08T13:14:57.868849" elapsed="0.000713"/>
</kw>
<kw name="Should Match Regexp" owner="BuiltIn">
<arg>${json_data['results'][0]['dob']['date']}</arg>
<arg>\\d{4}-\\d{2}-\\d{2}T\\d{2}:\\d{2}:\\d{2}\\.\\d{3}Z</arg>
<doc>Fails if ``string`` does not match ``pattern`` as a regular expression.</doc>
<status status="PASS" start="2024-06-08T13:14:57.869808" elapsed="0.000509"/>
</kw>
<kw name="Should Match Regexp" owner="BuiltIn">
<arg>${json_data['results'][0]['registered']['date']}</arg>
<arg>\\d{4}-\\d{2}-\\d{2}T\\d{2}:\\d{2}:\\d{2}\\.\\d{3}Z</arg>
<doc>Fails if ``string`` does not match ``pattern`` as a regular expression.</doc>
<status status="PASS" start="2024-06-08T13:14:57.870516" elapsed="0.000372"/>
</kw>
<kw name="Should Match Regexp" owner="BuiltIn">
<arg>${json_data['results'][0]['picture']['large']}</arg>
<arg>^https?://.*\.(?:png|jpe?g|gif|bmp)$</arg>
<doc>Fails if ``string`` does not match ``pattern`` as a regular expression.</doc>
<status status="PASS" start="2024-06-08T13:14:57.871079" elapsed="0.000467"/>
</kw>
<kw name="Should Match Regexp" owner="BuiltIn">
<arg>${json_data['results'][0]['picture']['medium']}</arg>
<arg>^https?://.*\.(?:png|jpe?g|gif|bmp)$</arg>
<doc>Fails if ``string`` does not match ``pattern`` as a regular expression.</doc>
<status status="PASS" start="2024-06-08T13:14:57.871738" elapsed="0.000360"/>
</kw>
<kw name="Should Match Regexp" owner="BuiltIn">
<arg>${json_data['results'][0]['picture']['thumbnail']}</arg>
<arg>^https?://.*\.(?:png|jpe?g|gif|bmp)$</arg>
<doc>Fails if ``string`` does not match ``pattern`` as a regular expression.</doc>
<status status="PASS" start="2024-06-08T13:14:57.872313" elapsed="0.000358"/>
</kw>
<kw name="Log" owner="BuiltIn">
<msg time="2024-06-08T13:14:57.873192" level="INFO">{'large': 'https://randomuser.me/api/portraits/men/10.jpg', 'medium': 'https://randomuser.me/api/portraits/med/men/10.jpg', 'thumbnail': 'https://randomuser.me/api/portraits/thumb/men/10.jpg'}</msg>
<arg>${json_data['results'][0]['picture']}</arg>
<doc>Logs the given message with the given level.</doc>
<status status="PASS" start="2024-06-08T13:14:57.872858" elapsed="0.000379"/>
</kw>
<status status="PASS" start="2024-06-08T13:14:57.794626" elapsed="0.078899"/>
</kw>
<kw name="Teste de Tipos de Dados - Postcode" owner="random-user-service">
<kw name="GET On Session" owner="RequestsLibrary">
<msg time="2024-06-08T13:14:58.067925" level="INFO">GET Request : url=https://randomuser.me/api 
 path_url=/api 
 headers={'User-Agent': 'python-requests/2.32.3', 'Accept-Encoding': 'gzip, deflate', 'Accept': '*/*', 'Connection': 'keep-alive'} 
 body=None 
 </msg>
<msg time="2024-06-08T13:14:58.068038" level="INFO">GET Response : url=https://randomuser.me/api 
 status=200, reason=OK 
 headers={'Date': 'Sat, 08 Jun 2024 13:14:58 GMT', 'Content-Type': 'application/json; charset=utf-8', 'Transfer-Encoding': 'chunked', 'Connection': 'keep-alive', 'X-Powered-By': 'Express', 'Access-Control-Allow-Origin': '*', 'Cache-Control': 'no-cache', 'ETag': 'W/"4a9-7b8Wy6tB70YkEQlh63bREaHI1tQ"', 'Vary': 'Accept-Encoding', 'Content-Encoding': 'gzip', 'CF-Cache-Status': 'DYNAMIC', 'Report-To': '{"endpoints":[{"url":"https:\\/\\/a.nel.cloudflare.com\\/report\\/v4?s=k%2BzB4PJVAjulS%2FH6l48JQklV8Mta0Hmg3drPE52CELn9HHrPqIS8vnRolH%2Fze%2FBaTZFu%2B5OYHN0uSTAE7YuNS8F1IA6OPF3CsX6vwZV%2Ba6RtXMCLPtga%2F4BMQEeC9i9M"}],"group":"cf-nel","max_age":604800}', 'NEL': '{"success_fraction":0,"report_to":"cf-nel","max_age":604800}', 'Server': 'cloudflare', 'CF-RAY': '890925dfba93a243-ORD', 'alt-svc': 'h3=":443"; ma=86400'} 
 body={"results":[{"gender":"female","name":{"title":"Mrs","first":"Minnie","last":"Shelton"},"location":{"street":{"number":3494,"name":"Timber Wolf Trail"},"city":"Antioch","state":"Michigan","country":"United States","postcode":39323,"coordinates":{"latitude":"85.3179","longitude":"145.0724"},"timezone":{"offset":"+8:00","description":"Beijing, Perth, Singapore, Hong Kong"}},"email":"minnie.shelton@example.com","login":{"uuid":"bd9d5d06-5f68-4a0d-9936-9c1934403ae4","username":"happymeercat819","password":"changeme","salt":"0yHNb1vL","md5":"81cdc4f86692c9fe7eb670d19248ad2c","sha1":"83d38f50ba5e20d226287ea854b24aea843af62c","sha256":"e6134742976f8f1e8a62e192cf400eb2c9003f8b96a697770456d366841a37e0"},"dob":{"date":"1949-12-03T01:54:14.857Z","age":74},"registered":{"date":"2013-11-29T05:42:45.169Z","age":10},"phone":"(420) 369-2550","cell":"(622) 548-2406","id":{"name":"SSN","value":"532-99-9246"},"picture":{"large":"https://randomuser.me/api/portraits/women/23.jpg","medium":"https://randomuser.me/api/portraits/med/women/23.jpg","thumbnail":"https://randomuser.me/api/portraits/thumb/women/23.jpg"},"nat":"US"}],"info":{"seed":"39519e43d6e94bd2","results":1,"page":1,"version":"1.4"}} 
 </msg>
<msg time="2024-06-08T13:14:58.068123" level="INFO">/opt/hostedtoolcache/Python/3.12.3/x64/lib/python3.12/site-packages/urllib3/connectionpool.py:1103: InsecureRequestWarning: Unverified HTTPS request is being made to host 'randomuser.me'. Adding certificate verification is strongly advised. See: https://urllib3.readthedocs.io/en/latest/advanced-usage.html#tls-warnings
  warnings.warn(</msg>
<msg time="2024-06-08T13:14:58.068264" level="INFO">${response} = &lt;Response [200]&gt;</msg>
<var>${response}</var>
<arg>consultarAPI</arg>
<arg>/api</arg>
<doc>Sends a GET request on a previously created HTTP Session.</doc>
<status status="PASS" start="2024-06-08T13:14:57.874050" elapsed="0.194254"/>
</kw>
<kw name="Set Variable" owner="BuiltIn">
<msg time="2024-06-08T13:14:58.069456" level="INFO">${json_data} = {'results': [{'gender': 'female', 'name': {'title': 'Mrs', 'first': 'Minnie', 'last': 'Shelton'}, 'location': {'street': {'number': 3494, 'name': 'Timber Wolf Trail'}, 'city': 'Antioch', 'state': 'Mic...</msg>
<var>${json_data}</var>
<arg>${response.json()}</arg>
<doc>Returns the given values which can then be assigned to a variables.</doc>
<status status="PASS" start="2024-06-08T13:14:58.068909" elapsed="0.000577"/>
</kw>
<kw name="Log" owner="BuiltIn">
<msg time="2024-06-08T13:14:58.070031" level="INFO">{'results': [{'gender': 'female', 'name': {'title': 'Mrs', 'first': 'Minnie', 'last': 'Shelton'}, 'location': {'street': {'number': 3494, 'name': 'Timber Wolf Trail'}, 'city': 'Antioch', 'state': 'Michigan', 'country': 'United States', 'postcode': 39323, 'coordinates': {'latitude': '85.3179', 'longitude': '145.0724'}, 'timezone': {'offset': '+8:00', 'description': 'Beijing, Perth, Singapore, Hong Kong'}}, 'email': 'minnie.shelton@example.com', 'login': {'uuid': 'bd9d5d06-5f68-4a0d-9936-9c1934403ae4', 'username': 'happymeercat819', 'password': 'changeme', 'salt': '0yHNb1vL', 'md5': '81cdc4f86692c9fe7eb670d19248ad2c', 'sha1': '83d38f50ba5e20d226287ea854b24aea843af62c', 'sha256': 'e6134742976f8f1e8a62e192cf400eb2c9003f8b96a697770456d366841a37e0'}, 'dob': {'date': '1949-12-03T01:54:14.857Z', 'age': 74}, 'registered': {'date': '2013-11-29T05:42:45.169Z', 'age': 10}, 'phone': '(420) 369-2550', 'cell': '(622) 548-2406', 'id': {'name': 'SSN', 'value': '532-99-9246'}, 'picture': {'large': 'https://randomuser.me/api/portraits/women/23.jpg', 'medium': 'https://randomuser.me/api/portraits/med/women/23.jpg', 'thumbnail': 'https://randomuser.me/api/portraits/thumb/women/23.jpg'}, 'nat': 'US'}], 'info': {'seed': '39519e43d6e94bd2', 'results': 1, 'page': 1, 'version': '1.4'}}</msg>
<arg>${json_data}</arg>
<doc>Logs the given message with the given level.</doc>
<status status="PASS" start="2024-06-08T13:14:58.069857" elapsed="0.000258"/>
</kw>
<kw name="Should Be Equal As Numbers" owner="BuiltIn">
<arg>${json_data['results'][0]['location']['postcode']}</arg>
<arg>${json_data['results'][0]['location']['postcode']}</arg>
<doc>Fails if objects are unequal after converting them to real numbers.</doc>
<status status="PASS" start="2024-06-08T13:14:58.070422" elapsed="0.000633"/>
</kw>
<kw name="Log" owner="BuiltIn">
<msg time="2024-06-08T13:14:58.071602" level="INFO">39323</msg>
<arg>${json_data['results'][0]['location']['postcode']}</arg>
<doc>Logs the given message with the given level.</doc>
<status status="PASS" start="2024-06-08T13:14:58.071257" elapsed="0.000386"/>
</kw>
<status status="PASS" start="2024-06-08T13:14:57.873803" elapsed="0.198103"/>
</kw>
<doc>Testa se os tipos de dados na resposta da API estão corretos.</doc>
<tag>testeTiposDados</tag>
<status status="PASS" start="2024-06-08T13:14:57.793972" elapsed="0.278109"/>
</test>
<test id="s1-s1-t5" name="Validar conteudo" line="35">
<kw name="Teste de Tipos de Conteudo" owner="random-user-service">
<kw name="GET On Session" owner="RequestsLibrary">
<msg time="2024-06-08T13:14:58.285383" level="INFO">GET Request : url=https://randomuser.me/api 
 path_url=/api 
 headers={'User-Agent': 'python-requests/2.32.3', 'Accept-Encoding': 'gzip, deflate', 'Accept': '*/*', 'Connection': 'keep-alive'} 
 body=None 
 </msg>
<msg time="2024-06-08T13:14:58.285501" level="INFO">GET Response : url=https://randomuser.me/api 
 status=200, reason=OK 
 headers={'Date': 'Sat, 08 Jun 2024 13:14:58 GMT', 'Content-Type': 'application/json; charset=utf-8', 'Transfer-Encoding': 'chunked', 'Connection': 'keep-alive', 'X-Powered-By': 'Express', 'Access-Control-Allow-Origin': '*', 'Cache-Control': 'no-cache', 'ETag': 'W/"490-60H8bGa++A6IKdb0hMk712aPnDU"', 'Vary': 'Accept-Encoding', 'Content-Encoding': 'gzip', 'CF-Cache-Status': 'DYNAMIC', 'Report-To': '{"endpoints":[{"url":"https:\\/\\/a.nel.cloudflare.com\\/report\\/v4?s=jZqy8SeVcpkMXweqeMWgaSu5jUg4488EGA%2FP30m4iptpt0AI5nmIsnBS6tDt%2BkIJTEGXc2yKa66Fyt8fjaik9e7w0z1v%2Fp0hdkIE4uvooOQdrR0iQootxvT2ie95jVsO"}],"group":"cf-nel","max_age":604800}', 'NEL': '{"success_fraction":0,"report_to":"cf-nel","max_age":604800}', 'Server': 'cloudflare', 'CF-RAY': '890925e0fc1ba243-ORD', 'alt-svc': 'h3=":443"; ma=86400'} 
 body={"results":[{"gender":"female","name":{"title":"Miss","first":"Jeanne","last":"Petit"},"location":{"street":{"number":1437,"name":"Rue Baraban"},"city":"Dijon","state":"Côte-D'Or","country":"France","postcode":36816,"coordinates":{"latitude":"-16.1115","longitude":"39.9994"},"timezone":{"offset":"-7:00","description":"Mountain Time (US &amp; Canada)"}},"email":"jeanne.petit@example.com","login":{"uuid":"7c022653-4b98-4c39-8c73-011b00031394","username":"brownbird165","password":"homemade","salt":"SLGVpKpX","md5":"18faa4aacc3a681f494d8a0dceab1685","sha1":"eca81ddccd626d545f765bed141325d87ea5658a","sha256":"1a162a6e9f5f72daed10f09be8dd0e3fe7cc7b835adf1abb306d9b905d173c89"},"dob":{"date":"1948-04-13T05:53:55.411Z","age":76},"registered":{"date":"2016-05-23T05:58:49.116Z","age":8},"phone":"01-02-02-53-37","cell":"06-21-46-76-24","id":{"name":"INSEE","value":"2480355044003 26"},"picture":{"large":"https://randomuser.me/api/portraits/women/6.jpg","medium":"https://randomuser.me/api/portraits/med/women/6.jpg","thumbnail":"https://randomuser.me/api/portraits/thumb/women/6.jpg"},"nat":"FR"}],"info":{"seed":"6db6db7687fbbddc","results":1,"page":1,"version":"1.4"}} 
 </msg>
<msg time="2024-06-08T13:14:58.285592" level="INFO">/opt/hostedtoolcache/Python/3.12.3/x64/lib/python3.12/site-packages/urllib3/connectionpool.py:1103: InsecureRequestWarning: Unverified HTTPS request is being made to host 'randomuser.me'. Adding certificate verification is strongly advised. See: https://urllib3.readthedocs.io/en/latest/advanced-usage.html#tls-warnings
  warnings.warn(</msg>
<msg time="2024-06-08T13:14:58.285790" level="INFO">${response} = &lt;Response [200]&gt;</msg>
<var>${response}</var>
<arg>consultarAPI</arg>
<arg>/api</arg>
<doc>Sends a GET request on a previously created HTTP Session.</doc>
<status status="PASS" start="2024-06-08T13:14:58.074606" elapsed="0.211237"/>
</kw>
<kw name="Set Variable" owner="BuiltIn">
<msg time="2024-06-08T13:14:58.286929" level="INFO">${json_data} = {'results': [{'gender': 'female', 'name': {'title': 'Miss', 'first': 'Jeanne', 'last': 'Petit'}, 'location': {'street': {'number': 1437, 'name': 'Rue Baraban'}, 'city': 'Dijon', 'state': "Côte-D'Or", ...</msg>
<var>${json_data}</var>
<arg>${response.json()}</arg>
<doc>Returns the given values which can then be assigned to a variables.</doc>
<status status="PASS" start="2024-06-08T13:14:58.286393" elapsed="0.000567"/>
</kw>
<kw name="Set Variable" owner="BuiltIn">
<msg time="2024-06-08T13:14:58.287675" level="INFO">${name_title} = Miss</msg>
<var>${name_title}</var>
<arg>${json_data["results"][0]["name"]["title"]}</arg>
<doc>Returns the given values which can then be assigned to a variables.</doc>
<status status="PASS" start="2024-06-08T13:14:58.287279" elapsed="0.000423"/>
</kw>
<kw name="Create List" owner="BuiltIn">
<msg time="2024-06-08T13:14:58.288170" level="INFO">${allowed_titles} = ['Mr', 'Ms', 'Miss', 'Mrs', 'Madame', 'Monsieur']</msg>
<var>${allowed_titles}</var>
<arg>Mr</arg>
<arg>Ms</arg>
<arg>Miss</arg>
<arg>Mrs</arg>
<arg>Madame</arg>
<arg>Monsieur</arg>
<doc>Returns a list containing given items.</doc>
<status status="PASS" start="2024-06-08T13:14:58.288017" elapsed="0.000179"/>
</kw>
<kw name="List Should Contain Value" owner="Collections">
<msg time="2024-06-08T13:14:58.288710" level="INFO">False</msg>
<arg>${allowed_titles}</arg>
<arg>${name_title}</arg>
<doc>Fails if the ``value`` is not found from ``list``.</doc>
<status status="PASS" start="2024-06-08T13:14:58.288519" elapsed="0.000231"/>
</kw>
<kw name="Set Variable" owner="BuiltIn">
<msg time="2024-06-08T13:14:58.289639" level="INFO">${name_country} = FR</msg>
<var>${name_country}</var>
<arg>${json_data["results"][0]["nat"]}</arg>
<doc>Returns the given values which can then be assigned to a variables.</doc>
<status status="PASS" start="2024-06-08T13:14:58.289056" elapsed="0.000610"/>
</kw>
<kw name="Create List" owner="BuiltIn">
<msg time="2024-06-08T13:14:58.290632" level="INFO">${list_country} = ['AD', 'AE', 'AF', 'AG', 'AI', 'AL', 'AM', 'AO', 'AQ', 'AR', 'AS', 'AT', 'AU', 'AW', 'AX', 'AZ', 'BA', 'BB', 'BD', 'BE', 'BF', 'BG', 'BH', 'BI', 'BJ', 'BL', 'BM', 'BN', 'BO', 'BQ', 'BR', 'BS', 'BT', '...</msg>
<var>${list_country}</var>
<arg>AD</arg>
<arg>AE</arg>
<arg>AF</arg>
<arg>AG</arg>
<arg>AI</arg>
<arg>AL</arg>
<arg>AM</arg>
<arg>AO</arg>
<arg>AQ</arg>
<arg>AR</arg>
<arg>AS</arg>
<arg>AT</arg>
<arg>AU</arg>
<arg>AW</arg>
<arg>AX</arg>
<arg>AZ</arg>
<arg>BA</arg>
<arg>BB</arg>
<arg>BD</arg>
<arg>BE</arg>
<arg>BF</arg>
<arg>BG</arg>
<arg>BH</arg>
<arg>BI</arg>
<arg>BJ</arg>
<arg>BL</arg>
<arg>BM</arg>
<arg>BN</arg>
<arg>BO</arg>
<arg>BQ</arg>
<arg>BR</arg>
<arg>BS</arg>
<arg>BT</arg>
<arg>BV</arg>
<arg>BW</arg>
<arg>BY</arg>
<arg>BZ</arg>
<arg>CA</arg>
<arg>CC</arg>
<arg>CD</arg>
<arg>CF</arg>
<arg>CG</arg>
<arg>CH</arg>
<arg>CI</arg>
<arg>CK</arg>
<arg>CL</arg>
<arg>CM</arg>
<arg>CN</arg>
<arg>CO</arg>
<arg>CR</arg>
<arg>CU</arg>
<arg>CV</arg>
<arg>CW</arg>
<arg>CX</arg>
<arg>CY</arg>
<arg>CZ</arg>
<arg>DE</arg>
<arg>DJ</arg>
<arg>DK</arg>
<arg>DM</arg>
<arg>DO</arg>
<arg>DZ</arg>
<arg>EC</arg>
<arg>EE</arg>
<arg>EG</arg>
<arg>EH</arg>
<arg>ER</arg>
<arg>ES</arg>
<arg>ET</arg>
<arg>FI</arg>
<arg>FJ</arg>
<arg>FK</arg>
<arg>FM</arg>
<arg>FO</arg>
<arg>FR</arg>
<arg>GA</arg>
<arg>GB</arg>
<arg>GD</arg>
<arg>GE</arg>
<arg>GF</arg>
<arg>GG</arg>
<arg>GH</arg>
<arg>GI</arg>
<arg>GL</arg>
<arg>GM</arg>
<arg>GN</arg>
<arg>GP</arg>
<arg>GQ</arg>
<arg>GR</arg>
<arg>GS</arg>
<arg>GT</arg>
<arg>GU</arg>
<arg>GW</arg>
<arg>GY</arg>
<arg>HK</arg>
<arg>HM</arg>
<arg>HN</arg>
<arg>HR</arg>
<arg>HT</arg>
<arg>HU</arg>
<arg>ID</arg>
<arg>IE</arg>
<arg>IL</arg>
<arg>IM</arg>
<arg>IN</arg>
<arg>IO</arg>
<arg>IQ</arg>
<arg>IR</arg>
<arg>IS</arg>
<arg>IT</arg>
<arg>JE</arg>
<arg>JM</arg>
<arg>JO</arg>
<arg>JP</arg>
<arg>KE</arg>
<arg>KG</arg>
<arg>KH</arg>
<arg>KI</arg>
<arg>KM</arg>
<arg>KN</arg>
<arg>KP</arg>
<arg>KR</arg>
<arg>KW</arg>
<arg>KY</arg>
<arg>KZ</arg>
<arg>LA</arg>
<arg>LB</arg>
<arg>LC</arg>
<arg>LI</arg>
<arg>LK</arg>
<arg>LR</arg>
<arg>LS</arg>
<arg>LT</arg>
<arg>LU</arg>
<arg>LV</arg>
<arg>LY</arg>
<arg>MA</arg>
<arg>MC</arg>
<arg>MD</arg>
<arg>ME</arg>
<arg>MF</arg>
<arg>MG</arg>
<arg>MH</arg>
<arg>MK</arg>
<arg>ML</arg>
<arg>MM</arg>
<arg>MN</arg>
<arg>MO</arg>
<arg>MP</arg>
<arg>MQ</arg>
<arg>MR</arg>
<arg>MS</arg>
<arg>MT</arg>
<arg>MU</arg>
<arg>MV</arg>
<arg>MW</arg>
<arg>MX</arg>
<arg>MY</arg>
<arg>MZ</arg>
<arg>NA</arg>
<arg>NC</arg>
<arg>NE</arg>
<arg>NF</arg>
<arg>NG</arg>
<arg>NI</arg>
<arg>NL</arg>
<arg>NO</arg>
<arg>NP</arg>
<arg>NR</arg>
<arg>NU</arg>
<arg>NZ</arg>
<arg>OM</arg>
<arg>PA</arg>
<arg>PE</arg>
<arg>PF</arg>
<arg>PG</arg>
<arg>PH</arg>
<arg>PK</arg>
<arg>PL</arg>
<arg>PM</arg>
<arg>PN</arg>
<arg>PR</arg>
<arg>PS</arg>
<arg>PT</arg>
<arg>PW</arg>
<arg>PY</arg>
<arg>QA</arg>
<arg>RE</arg>
<arg>RO</arg>
<arg>RS</arg>
<arg>RU</arg>
<arg>RW</arg>
<arg>SA</arg>
<arg>SB</arg>
<arg>SC</arg>
<arg>SD</arg>
<arg>SE</arg>
<arg>SG</arg>
<arg>SH</arg>
<arg>SI</arg>
<arg>SJ</arg>
<arg>SK</arg>
<arg>SL</arg>
<arg>SM</arg>
<arg>SN</arg>
<arg>SO</arg>
<arg>SR</arg>
<arg>SS</arg>
<arg>ST</arg>
<arg>SV</arg>
<arg>SX</arg>
<arg>SY</arg>
<arg>SZ</arg>
<arg>TC</arg>
<arg>TD</arg>
<arg>TF</arg>
<arg>TG</arg>
<arg>TH</arg>
<arg>TJ</arg>
<arg>TK</arg>
<arg>TL</arg>
<arg>TM</arg>
<arg>TN</arg>
<arg>TO</arg>
<arg>TR</arg>
<arg>TT</arg>
<arg>TV</arg>
<arg>TW</arg>
<arg>TZ</arg>
<arg>UA</arg>
<arg>UG</arg>
<arg>UM</arg>
<arg>US</arg>
<arg>UY</arg>
<arg>UZ</arg>
<arg>VA</arg>
<arg>VC</arg>
<arg>VE</arg>
<arg>VG</arg>
<arg>VI</arg>
<arg>VN</arg>
<arg>VU</arg>
<arg>WF</arg>
<arg>WS</arg>
<arg>XK</arg>
<arg>YE</arg>
<arg>YT</arg>
<arg>ZA</arg>
<arg>ZM</arg>
<arg>ZW</arg>
<doc>Returns a list containing given items.</doc>
<status status="PASS" start="2024-06-08T13:14:58.290032" elapsed="0.000626"/>
</kw>
<kw name="List Should Contain Value" owner="Collections">
<msg time="2024-06-08T13:14:58.291669" level="INFO">False</msg>
<arg>${list_country}</arg>
<arg>${name_country}</arg>
<doc>Fails if the ``value`` is not found from ``list``.</doc>
<status status="PASS" start="2024-06-08T13:14:58.291452" elapsed="0.000256"/>
</kw>
<kw name="Run Keyword If" owner="BuiltIn">
<kw name="Should Be True" owner="BuiltIn">
<arg>${True}</arg>
<doc>Fails if the given condition is not true.</doc>
<status status="PASS" start="2024-06-08T13:14:58.292799" elapsed="0.000148"/>
</kw>
<arg>${json_data["results"][0]["location"]["coordinates"]["latitude"]} &gt;= -90 and ${json_data["results"][0]["location"]["coordinates"]["latitude"]} &lt;= 90</arg>
<arg>Should Be True</arg>
<arg>${True}</arg>
<doc>Runs the given keyword with the given arguments, if ``condition`` is true.</doc>
<status status="PASS" start="2024-06-08T13:14:58.292043" elapsed="0.001037"/>
</kw>
<kw name="Run Keyword If" owner="BuiltIn">
<kw name="Should Be True" owner="BuiltIn">
<arg>${True}</arg>
<doc>Fails if the given condition is not true.</doc>
<status status="PASS" start="2024-06-08T13:14:58.294044" elapsed="0.000153"/>
</kw>
<arg>${json_data["results"][0]["location"]["coordinates"]["longitude"]} &gt;= -180 and ${json_data["results"][0]["location"]["coordinates"]["longitude"]} &lt;= 180</arg>
<arg>Should Be True</arg>
<arg>${True}</arg>
<doc>Runs the given keyword with the given arguments, if ``condition`` is true.</doc>
<status status="PASS" start="2024-06-08T13:14:58.293264" elapsed="0.001064"/>
</kw>
<status status="PASS" start="2024-06-08T13:14:58.074360" elapsed="0.220112"/>
</kw>
<doc>Testa o conteúdo específico dos campos retornados pela API.</doc>
<tag>testeConteudo</tag>
<status status="PASS" start="2024-06-08T13:14:58.073867" elapsed="0.220770"/>
</test>
<status status="PASS" start="2024-06-08T13:14:57.235094" elapsed="1.061546"/>
</suite>
<status status="PASS" start="2024-06-08T13:14:57.220965" elapsed="1.081079"/>
</suite>
<statistics>
<total>
<stat pass="5" fail="0" skip="0">All Tests</stat>
</total>
<tag>
<stat pass="1" fail="0" skip="0">testeConteudo</stat>
<stat pass="1" fail="0" skip="0">testeEstruturaResposta</stat>
<stat pass="1" fail="0" skip="0">testeRequisicaoBasica</stat>
<stat pass="1" fail="0" skip="0">testeTiposDados</stat>
</tag>
<suite>
<stat pass="5" fail="0" skip="0" id="s1" name="Tests">Tests</stat>
<stat pass="5" fail="0" skip="0" id="s1-s1" name="Random-User-Test">Tests.Random-User-Test</stat>
</suite>
</statistics>
<errors>
</errors>
</robot>
