<?xml version="1.0" encoding="UTF-8"?>
<robot generator="Robot 7.0 (Python 3.12.3 on linux)" generated="2024-06-09T07:13:52.112661" rpa="false" schemaversion="5">
<suite id="s1" name="Tests" source="/home/runner/work/ApiRandomUser/ApiRandomUser/RamdonUser/tests">
<suite id="s1-s1" name="Random-User-Test" source="/home/runner/work/ApiRandomUser/ApiRandomUser/RamdonUser/tests/random-user-test.robot">
<test id="s1-s1-t1" name="Conectar" line="13">
<kw name="Conectar API" owner="random-user-service">
<kw name="Create Session" owner="RequestsLibrary">
<msg time="2024-06-09T07:13:52.498109" level="INFO">Creating Session using : alias=consultarAPI, url=https://randomuser.me/, headers={},                     cookies={}, auth=None, timeout=None, proxies=None, verify=False,                     debug=0 </msg>
<arg>consultarAPI</arg>
<arg>${URL}</arg>
<doc>Create Session: create a HTTP session to a server</doc>
<status status="PASS" start="2024-06-09T07:13:52.497899" elapsed="0.000382"/>
</kw>
<status status="PASS" start="2024-06-09T07:13:52.496870" elapsed="0.001775"/>
</kw>
<status status="PASS" start="2024-06-09T07:13:52.496204" elapsed="0.002637"/>
</test>
<test id="s1-s1-t2" name="Validar retorno 200 e JSON Válido" line="16">
<kw name="Teste de Requisicao Basica" owner="random-user-service">
<kw name="GET On Session" owner="RequestsLibrary">
<msg time="2024-06-09T07:13:52.574647" level="INFO">GET Request : url=https://randomuser.me/api 
 path_url=/api 
 headers={'User-Agent': 'python-requests/2.32.3', 'Accept-Encoding': 'gzip, deflate', 'Accept': '*/*', 'Connection': 'keep-alive'} 
 body=None 
 </msg>
<msg time="2024-06-09T07:13:52.574782" level="INFO">GET Response : url=https://randomuser.me/api 
 status=200, reason=OK 
 headers={'Date': 'Sun, 09 Jun 2024 07:13:52 GMT', 'Content-Type': 'application/json; charset=utf-8', 'Transfer-Encoding': 'chunked', 'Connection': 'keep-alive', 'X-Powered-By': 'Express', 'Access-Control-Allow-Origin': '*', 'Cache-Control': 'no-cache', 'ETag': 'W/"4a5-biVS79AYbVD8QjFfHIPAtFr2wqI"', 'Vary': 'Accept-Encoding', 'Content-Encoding': 'gzip', 'CF-Cache-Status': 'DYNAMIC', 'Report-To': '{"endpoints":[{"url":"https:\\/\\/a.nel.cloudflare.com\\/report\\/v4?s=Y3ms6tuu5Kt0T178zRS%2FgVS7FFyVCqMB4pFl4%2Bgz%2Brr2WgVXhA2qolmWiVQ75yKbtSVIGQNsQelzMi76p5TNnXxk0ePuS%2BKLDGpjdKZAK%2Fr1DavqJvpLS4RdHYGzantv"}],"group":"cf-nel","max_age":604800}', 'NEL': '{"success_fraction":0,"report_to":"cf-nel","max_age":604800}', 'Server': 'cloudflare', 'CF-RAY': '890f524f5f296fb0-IAD', 'alt-svc': 'h3=":443"; ma=86400'} 
 body={"results":[{"gender":"female","name":{"title":"Ms","first":"Cathy","last":"Harrison"},"location":{"street":{"number":9024,"name":"Paddock Way"},"city":"Maitland","state":"South Australia","country":"Australia","postcode":552,"coordinates":{"latitude":"-82.7108","longitude":"129.4500"},"timezone":{"offset":"0:00","description":"Western Europe Time, London, Lisbon, Casablanca"}},"email":"cathy.harrison@example.com","login":{"uuid":"26e7e989-b519-42ec-ae9a-7124a53df5a0","username":"redkoala180","password":"mephisto","salt":"teMk4XA5","md5":"70418e0860b917434e87fd528550c8f9","sha1":"0bc8b47267e717862c7d1edc30c3f2058e2a9735","sha256":"22e3d8cd7f5f420575286368cfa11cc54c9c354a11614db9e79f780622eae79c"},"dob":{"date":"1954-06-09T12:34:03.427Z","age":69},"registered":{"date":"2008-03-12T22:13:35.998Z","age":16},"phone":"03-2893-6038","cell":"0499-882-961","id":{"name":"TFN","value":"498611904"},"picture":{"large":"https://randomuser.me/api/portraits/women/61.jpg","medium":"https://randomuser.me/api/portraits/med/women/61.jpg","thumbnail":"https://randomuser.me/api/portraits/thumb/women/61.jpg"},"nat":"AU"}],"info":{"seed":"8dfff7c87f3c7464","results":1,"page":1,"version":"1.4"}} 
 </msg>
<msg time="2024-06-09T07:13:52.574876" level="INFO">/opt/hostedtoolcache/Python/3.12.3/x64/lib/python3.12/site-packages/urllib3/connectionpool.py:1103: InsecureRequestWarning: Unverified HTTPS request is being made to host 'randomuser.me'. Adding certificate verification is strongly advised. See: https://urllib3.readthedocs.io/en/latest/advanced-usage.html#tls-warnings
  warnings.warn(</msg>
<msg time="2024-06-09T07:13:52.575053" level="INFO">${response} = &lt;Response [200]&gt;</msg>
<var>${response}</var>
<arg>consultarAPI</arg>
<arg>/api</arg>
<doc>Sends a GET request on a previously created HTTP Session.</doc>
<status status="PASS" start="2024-06-09T07:13:52.501526" elapsed="0.073585"/>
</kw>
<kw name="Should Be Equal As Numbers" owner="BuiltIn">
<msg time="2024-06-09T07:13:52.575981" level="INFO">Argument types are:
&lt;class 'int'&gt;
&lt;class 'str'&gt;</msg>
<arg>${response.status_code}</arg>
<arg>200</arg>
<doc>Fails if objects are unequal after converting them to real numbers.</doc>
<status status="PASS" start="2024-06-09T07:13:52.575552" elapsed="0.000495"/>
</kw>
<kw name="Log" owner="BuiltIn">
<msg time="2024-06-09T07:13:52.576784" level="INFO">200</msg>
<arg>${response.status_code}</arg>
<doc>Logs the given message with the given level.</doc>
<status status="PASS" start="2024-06-09T07:13:52.576407" elapsed="0.000425"/>
</kw>
<kw name="Set Variable" owner="BuiltIn">
<msg time="2024-06-09T07:13:52.577565" level="INFO">${json_data} = {'results': [{'gender': 'female', 'name': {'title': 'Ms', 'first': 'Cathy', 'last': 'Harrison'}, 'location': {'street': {'number': 9024, 'name': 'Paddock Way'}, 'city': 'Maitland', 'state': 'South Aus...</msg>
<var>${json_data}</var>
<arg>${response.json()}</arg>
<doc>Returns the given values which can then be assigned to a variables.</doc>
<status status="PASS" start="2024-06-09T07:13:52.577140" elapsed="0.000453"/>
</kw>
<kw name="Dictionary Should Contain Key" owner="Collections">
<msg time="2024-06-09T07:13:52.578059" level="INFO">False</msg>
<arg>${json_data}</arg>
<arg>results</arg>
<doc>Fails if ``key`` is not found from ``dictionary``.</doc>
<status status="PASS" start="2024-06-09T07:13:52.577893" elapsed="0.000328"/>
</kw>
<status status="PASS" start="2024-06-09T07:13:52.501249" elapsed="0.077232"/>
</kw>
<doc>Testa se a API responde corretamente e retorna um objeto JSON válido.</doc>
<tag>testeRequisicaoBasica</tag>
<status status="PASS" start="2024-06-09T07:13:52.500716" elapsed="0.077934"/>
</test>
<test id="s1-s1-t3" name="Validar estrutura de resposta" line="22">
<kw name="Teste de Estrutura de Resposta" owner="random-user-service">
<kw name="GET On Session" owner="RequestsLibrary">
<msg time="2024-06-09T07:13:52.665107" level="INFO">GET Request : url=https://randomuser.me/api 
 path_url=/api 
 headers={'User-Agent': 'python-requests/2.32.3', 'Accept-Encoding': 'gzip, deflate', 'Accept': '*/*', 'Connection': 'keep-alive'} 
 body=None 
 </msg>
<msg time="2024-06-09T07:13:52.665197" level="INFO">GET Response : url=https://randomuser.me/api 
 status=200, reason=OK 
 headers={'Date': 'Sun, 09 Jun 2024 07:13:52 GMT', 'Content-Type': 'application/json; charset=utf-8', 'Transfer-Encoding': 'chunked', 'Connection': 'keep-alive', 'X-Powered-By': 'Express', 'Access-Control-Allow-Origin': '*', 'Cache-Control': 'no-cache', 'ETag': 'W/"4a4-mCRresOeBx+hIfVUk1NZl7t9QJo"', 'Vary': 'Accept-Encoding', 'Content-Encoding': 'gzip', 'CF-Cache-Status': 'DYNAMIC', 'Report-To': '{"endpoints":[{"url":"https:\\/\\/a.nel.cloudflare.com\\/report\\/v4?s=%2BkcJ5PBIAIpigYXEzo%2F9t80he1Ed7A5u4NAnG%2Bh9YYQ%2Fnc%2Fn0ZGdjy%2FErqbRh9DZDjeX2YAduWh9f2QgO%2BJ1CW5HAdyl%2Fe87aVMOkI%2F9P3yFQmlR6psAATGf4juFy155"}],"group":"cf-nel","max_age":604800}', 'NEL': '{"success_fraction":0,"report_to":"cf-nel","max_age":604800}', 'Server': 'cloudflare', 'CF-RAY': '890f524faf4c6fb0-IAD', 'alt-svc': 'h3=":443"; ma=86400'} 
 body={"results":[{"gender":"female","name":{"title":"Ms","first":"Olga","last":"Srećković"},"location":{"street":{"number":773,"name":"Milovana Čelebića"},"city":"Bela Palanka","state":"Moravica","country":"Serbia","postcode":45507,"coordinates":{"latitude":"60.2495","longitude":"14.2226"},"timezone":{"offset":"-6:00","description":"Central Time (US &amp; Canada), Mexico City"}},"email":"olga.sreckovic@example.com","login":{"uuid":"abc31815-6e45-40ac-8a55-be38a409ea9a","username":"greenpeacock936","password":"frankie","salt":"3ttdNYsO","md5":"a0be3f3d6e242df6ecb3191034efccf7","sha1":"8919343d6d22f5b57282e21709b23ea758dd1d64","sha256":"9ead8e01932e2a2f1a8177ee9ebff7b1724ad562e714038b1024728f4181cf33"},"dob":{"date":"1956-07-19T17:08:45.506Z","age":67},"registered":{"date":"2012-09-18T03:23:40.853Z","age":11},"phone":"010-5966-678","cell":"063-2076-300","id":{"name":"SID","value":"235546505"},"picture":{"large":"https://randomuser.me/api/portraits/women/65.jpg","medium":"https://randomuser.me/api/portraits/med/women/65.jpg","thumbnail":"https://randomuser.me/api/portraits/thumb/women/65.jpg"},"nat":"RS"}],"info":{"seed":"33c91de20a22e93a","results":1,"page":1,"version":"1.4"}} 
 </msg>
<msg time="2024-06-09T07:13:52.665336" level="INFO">/opt/hostedtoolcache/Python/3.12.3/x64/lib/python3.12/site-packages/urllib3/connectionpool.py:1103: InsecureRequestWarning: Unverified HTTPS request is being made to host 'randomuser.me'. Adding certificate verification is strongly advised. See: https://urllib3.readthedocs.io/en/latest/advanced-usage.html#tls-warnings
  warnings.warn(</msg>
<msg time="2024-06-09T07:13:52.665484" level="INFO">${response} = &lt;Response [200]&gt;</msg>
<var>${response}</var>
<arg>consultarAPI</arg>
<arg>/api</arg>
<doc>Sends a GET request on a previously created HTTP Session.</doc>
<status status="PASS" start="2024-06-09T07:13:52.581227" elapsed="0.084297"/>
</kw>
<kw name="Set Variable" owner="BuiltIn">
<msg time="2024-06-09T07:13:52.666435" level="INFO">${json_data} = {'results': [{'gender': 'female', 'name': {'title': 'Ms', 'first': 'Olga', 'last': 'Srećković'}, 'location': {'street': {'number': 773, 'name': 'Milovana Čelebića'}, 'city': 'Bela Palanka', 'state': '...</msg>
<var>${json_data}</var>
<arg>${response.json()}</arg>
<doc>Returns the given values which can then be assigned to a variables.</doc>
<status status="PASS" start="2024-06-09T07:13:52.665953" elapsed="0.000513"/>
</kw>
<kw name="Log" owner="BuiltIn">
<msg time="2024-06-09T07:13:52.666930" level="INFO">{'results': [{'gender': 'female', 'name': {'title': 'Ms', 'first': 'Olga', 'last': 'Srećković'}, 'location': {'street': {'number': 773, 'name': 'Milovana Čelebića'}, 'city': 'Bela Palanka', 'state': 'Moravica', 'country': 'Serbia', 'postcode': 45507, 'coordinates': {'latitude': '60.2495', 'longitude': '14.2226'}, 'timezone': {'offset': '-6:00', 'description': 'Central Time (US &amp; Canada), Mexico City'}}, 'email': 'olga.sreckovic@example.com', 'login': {'uuid': 'abc31815-6e45-40ac-8a55-be38a409ea9a', 'username': 'greenpeacock936', 'password': 'frankie', 'salt': '3ttdNYsO', 'md5': 'a0be3f3d6e242df6ecb3191034efccf7', 'sha1': '8919343d6d22f5b57282e21709b23ea758dd1d64', 'sha256': '9ead8e01932e2a2f1a8177ee9ebff7b1724ad562e714038b1024728f4181cf33'}, 'dob': {'date': '1956-07-19T17:08:45.506Z', 'age': 67}, 'registered': {'date': '2012-09-18T03:23:40.853Z', 'age': 11}, 'phone': '010-5966-678', 'cell': '063-2076-300', 'id': {'name': 'SID', 'value': '235546505'}, 'picture': {'large': 'https://randomuser.me/api/portraits/women/65.jpg', 'medium': 'https://randomuser.me/api/portraits/med/women/65.jpg', 'thumbnail': 'https://randomuser.me/api/portraits/thumb/women/65.jpg'}, 'nat': 'RS'}], 'info': {'seed': '33c91de20a22e93a', 'results': 1, 'page': 1, 'version': '1.4'}}</msg>
<arg>${json_data}</arg>
<doc>Logs the given message with the given level.</doc>
<status status="PASS" start="2024-06-09T07:13:52.666773" elapsed="0.000209"/>
</kw>
<kw name="Dictionary Should Contain Key" owner="Collections">
<msg time="2024-06-09T07:13:52.667424" level="INFO">False</msg>
<arg>${json_data}</arg>
<arg>results</arg>
<doc>Fails if ``key`` is not found from ``dictionary``.</doc>
<status status="PASS" start="2024-06-09T07:13:52.667276" elapsed="0.000185"/>
</kw>
<kw name="Should Not Be Empty" owner="BuiltIn">
<msg time="2024-06-09T07:13:52.667890" level="INFO">Length is 2.</msg>
<arg>${json_data}</arg>
<doc>Verifies that the given item is not empty.</doc>
<status status="PASS" start="2024-06-09T07:13:52.667752" elapsed="0.000176"/>
</kw>
<kw name="Create List" owner="BuiltIn">
<msg time="2024-06-09T07:13:52.668365" level="INFO">${expected_keys} = ['gender', 'name', 'location', 'email', 'login']</msg>
<var>${expected_keys}</var>
<arg>gender</arg>
<arg>name</arg>
<arg>location</arg>
<arg>email</arg>
<arg>login</arg>
<doc>Returns a list containing given items.</doc>
<status status="PASS" start="2024-06-09T07:13:52.668218" elapsed="0.000170"/>
</kw>
<for flavor="IN">
<iter>
<kw name="Dictionary Should Contain Key" owner="Collections">
<msg time="2024-06-09T07:13:52.669400" level="INFO">False</msg>
<arg>${json_data['results'][0]}</arg>
<arg>${key}</arg>
<doc>Fails if ``key`` is not found from ``dictionary``.</doc>
<status status="PASS" start="2024-06-09T07:13:52.668988" elapsed="0.000456"/>
</kw>
<kw name="Log" owner="BuiltIn">
<msg time="2024-06-09T07:13:52.670118" level="INFO">{'gender': 'female', 'name': {'title': 'Ms', 'first': 'Olga', 'last': 'Srećković'}, 'location': {'street': {'number': 773, 'name': 'Milovana Čelebića'}, 'city': 'Bela Palanka', 'state': 'Moravica', 'country': 'Serbia', 'postcode': 45507, 'coordinates': {'latitude': '60.2495', 'longitude': '14.2226'}, 'timezone': {'offset': '-6:00', 'description': 'Central Time (US &amp; Canada), Mexico City'}}, 'email': 'olga.sreckovic@example.com', 'login': {'uuid': 'abc31815-6e45-40ac-8a55-be38a409ea9a', 'username': 'greenpeacock936', 'password': 'frankie', 'salt': '3ttdNYsO', 'md5': 'a0be3f3d6e242df6ecb3191034efccf7', 'sha1': '8919343d6d22f5b57282e21709b23ea758dd1d64', 'sha256': '9ead8e01932e2a2f1a8177ee9ebff7b1724ad562e714038b1024728f4181cf33'}, 'dob': {'date': '1956-07-19T17:08:45.506Z', 'age': 67}, 'registered': {'date': '2012-09-18T03:23:40.853Z', 'age': 11}, 'phone': '010-5966-678', 'cell': '063-2076-300', 'id': {'name': 'SID', 'value': '235546505'}, 'picture': {'large': 'https://randomuser.me/api/portraits/women/65.jpg', 'medium': 'https://randomuser.me/api/portraits/med/women/65.jpg', 'thumbnail': 'https://randomuser.me/api/portraits/thumb/women/65.jpg'}, 'nat': 'RS'}</msg>
<arg>${json_data['results'][0]}</arg>
<doc>Logs the given message with the given level.</doc>
<status status="PASS" start="2024-06-09T07:13:52.669745" elapsed="0.000428"/>
</kw>
<kw name="Log" owner="BuiltIn">
<msg time="2024-06-09T07:13:52.670608" level="INFO">gender</msg>
<arg>${key}</arg>
<doc>Logs the given message with the given level.</doc>
<status status="PASS" start="2024-06-09T07:13:52.670479" elapsed="0.000166"/>
</kw>
<var name="${key}">gender</var>
<status status="PASS" start="2024-06-09T07:13:52.668862" elapsed="0.002001"/>
</iter>
<iter>
<kw name="Dictionary Should Contain Key" owner="Collections">
<msg time="2024-06-09T07:13:52.671549" level="INFO">False</msg>
<arg>${json_data['results'][0]}</arg>
<arg>${key}</arg>
<doc>Fails if ``key`` is not found from ``dictionary``.</doc>
<status status="PASS" start="2024-06-09T07:13:52.671165" elapsed="0.000455"/>
</kw>
<kw name="Log" owner="BuiltIn">
<msg time="2024-06-09T07:13:52.672291" level="INFO">{'gender': 'female', 'name': {'title': 'Ms', 'first': 'Olga', 'last': 'Srećković'}, 'location': {'street': {'number': 773, 'name': 'Milovana Čelebića'}, 'city': 'Bela Palanka', 'state': 'Moravica', 'country': 'Serbia', 'postcode': 45507, 'coordinates': {'latitude': '60.2495', 'longitude': '14.2226'}, 'timezone': {'offset': '-6:00', 'description': 'Central Time (US &amp; Canada), Mexico City'}}, 'email': 'olga.sreckovic@example.com', 'login': {'uuid': 'abc31815-6e45-40ac-8a55-be38a409ea9a', 'username': 'greenpeacock936', 'password': 'frankie', 'salt': '3ttdNYsO', 'md5': 'a0be3f3d6e242df6ecb3191034efccf7', 'sha1': '8919343d6d22f5b57282e21709b23ea758dd1d64', 'sha256': '9ead8e01932e2a2f1a8177ee9ebff7b1724ad562e714038b1024728f4181cf33'}, 'dob': {'date': '1956-07-19T17:08:45.506Z', 'age': 67}, 'registered': {'date': '2012-09-18T03:23:40.853Z', 'age': 11}, 'phone': '010-5966-678', 'cell': '063-2076-300', 'id': {'name': 'SID', 'value': '235546505'}, 'picture': {'large': 'https://randomuser.me/api/portraits/women/65.jpg', 'medium': 'https://randomuser.me/api/portraits/med/women/65.jpg', 'thumbnail': 'https://randomuser.me/api/portraits/thumb/women/65.jpg'}, 'nat': 'RS'}</msg>
<arg>${json_data['results'][0]}</arg>
<doc>Logs the given message with the given level.</doc>
<status status="PASS" start="2024-06-09T07:13:52.671926" elapsed="0.000418"/>
</kw>
<kw name="Log" owner="BuiltIn">
<msg time="2024-06-09T07:13:52.672796" level="INFO">name</msg>
<arg>${key}</arg>
<doc>Logs the given message with the given level.</doc>
<status status="PASS" start="2024-06-09T07:13:52.672664" elapsed="0.000170"/>
</kw>
<var name="${key}">name</var>
<status status="PASS" start="2024-06-09T07:13:52.671049" elapsed="0.002013"/>
</iter>
<iter>
<kw name="Dictionary Should Contain Key" owner="Collections">
<msg time="2024-06-09T07:13:52.673740" level="INFO">False</msg>
<arg>${json_data['results'][0]}</arg>
<arg>${key}</arg>
<doc>Fails if ``key`` is not found from ``dictionary``.</doc>
<status status="PASS" start="2024-06-09T07:13:52.673355" elapsed="0.000423"/>
</kw>
<kw name="Log" owner="BuiltIn">
<msg time="2024-06-09T07:13:52.674460" level="INFO">{'gender': 'female', 'name': {'title': 'Ms', 'first': 'Olga', 'last': 'Srećković'}, 'location': {'street': {'number': 773, 'name': 'Milovana Čelebića'}, 'city': 'Bela Palanka', 'state': 'Moravica', 'country': 'Serbia', 'postcode': 45507, 'coordinates': {'latitude': '60.2495', 'longitude': '14.2226'}, 'timezone': {'offset': '-6:00', 'description': 'Central Time (US &amp; Canada), Mexico City'}}, 'email': 'olga.sreckovic@example.com', 'login': {'uuid': 'abc31815-6e45-40ac-8a55-be38a409ea9a', 'username': 'greenpeacock936', 'password': 'frankie', 'salt': '3ttdNYsO', 'md5': 'a0be3f3d6e242df6ecb3191034efccf7', 'sha1': '8919343d6d22f5b57282e21709b23ea758dd1d64', 'sha256': '9ead8e01932e2a2f1a8177ee9ebff7b1724ad562e714038b1024728f4181cf33'}, 'dob': {'date': '1956-07-19T17:08:45.506Z', 'age': 67}, 'registered': {'date': '2012-09-18T03:23:40.853Z', 'age': 11}, 'phone': '010-5966-678', 'cell': '063-2076-300', 'id': {'name': 'SID', 'value': '235546505'}, 'picture': {'large': 'https://randomuser.me/api/portraits/women/65.jpg', 'medium': 'https://randomuser.me/api/portraits/med/women/65.jpg', 'thumbnail': 'https://randomuser.me/api/portraits/thumb/women/65.jpg'}, 'nat': 'RS'}</msg>
<arg>${json_data['results'][0]}</arg>
<doc>Logs the given message with the given level.</doc>
<status status="PASS" start="2024-06-09T07:13:52.674087" elapsed="0.000426"/>
</kw>
<kw name="Log" owner="BuiltIn">
<msg time="2024-06-09T07:13:52.674947" level="INFO">location</msg>
<arg>${key}</arg>
<doc>Logs the given message with the given level.</doc>
<status status="PASS" start="2024-06-09T07:13:52.674813" elapsed="0.000173"/>
</kw>
<var name="${key}">location</var>
<status status="PASS" start="2024-06-09T07:13:52.673240" elapsed="0.001963"/>
</iter>
<iter>
<kw name="Dictionary Should Contain Key" owner="Collections">
<msg time="2024-06-09T07:13:52.675972" level="INFO">False</msg>
<arg>${json_data['results'][0]}</arg>
<arg>${key}</arg>
<doc>Fails if ``key`` is not found from ``dictionary``.</doc>
<status status="PASS" start="2024-06-09T07:13:52.675490" elapsed="0.000521"/>
</kw>
<kw name="Log" owner="BuiltIn">
<msg time="2024-06-09T07:13:52.676697" level="INFO">{'gender': 'female', 'name': {'title': 'Ms', 'first': 'Olga', 'last': 'Srećković'}, 'location': {'street': {'number': 773, 'name': 'Milovana Čelebića'}, 'city': 'Bela Palanka', 'state': 'Moravica', 'country': 'Serbia', 'postcode': 45507, 'coordinates': {'latitude': '60.2495', 'longitude': '14.2226'}, 'timezone': {'offset': '-6:00', 'description': 'Central Time (US &amp; Canada), Mexico City'}}, 'email': 'olga.sreckovic@example.com', 'login': {'uuid': 'abc31815-6e45-40ac-8a55-be38a409ea9a', 'username': 'greenpeacock936', 'password': 'frankie', 'salt': '3ttdNYsO', 'md5': 'a0be3f3d6e242df6ecb3191034efccf7', 'sha1': '8919343d6d22f5b57282e21709b23ea758dd1d64', 'sha256': '9ead8e01932e2a2f1a8177ee9ebff7b1724ad562e714038b1024728f4181cf33'}, 'dob': {'date': '1956-07-19T17:08:45.506Z', 'age': 67}, 'registered': {'date': '2012-09-18T03:23:40.853Z', 'age': 11}, 'phone': '010-5966-678', 'cell': '063-2076-300', 'id': {'name': 'SID', 'value': '235546505'}, 'picture': {'large': 'https://randomuser.me/api/portraits/women/65.jpg', 'medium': 'https://randomuser.me/api/portraits/med/women/65.jpg', 'thumbnail': 'https://randomuser.me/api/portraits/thumb/women/65.jpg'}, 'nat': 'RS'}</msg>
<arg>${json_data['results'][0]}</arg>
<doc>Logs the given message with the given level.</doc>
<status status="PASS" start="2024-06-09T07:13:52.676311" elapsed="0.000441"/>
</kw>
<kw name="Log" owner="BuiltIn">
<msg time="2024-06-09T07:13:52.677187" level="INFO">email</msg>
<arg>${key}</arg>
<doc>Logs the given message with the given level.</doc>
<status status="PASS" start="2024-06-09T07:13:52.677055" elapsed="0.000169"/>
</kw>
<var name="${key}">email</var>
<status status="PASS" start="2024-06-09T07:13:52.675378" elapsed="0.002066"/>
</iter>
<iter>
<kw name="Dictionary Should Contain Key" owner="Collections">
<msg time="2024-06-09T07:13:52.678121" level="INFO">False</msg>
<arg>${json_data['results'][0]}</arg>
<arg>${key}</arg>
<doc>Fails if ``key`` is not found from ``dictionary``.</doc>
<status status="PASS" start="2024-06-09T07:13:52.677733" elapsed="0.000426"/>
</kw>
<kw name="Log" owner="BuiltIn">
<msg time="2024-06-09T07:13:52.678815" level="INFO">{'gender': 'female', 'name': {'title': 'Ms', 'first': 'Olga', 'last': 'Srećković'}, 'location': {'street': {'number': 773, 'name': 'Milovana Čelebića'}, 'city': 'Bela Palanka', 'state': 'Moravica', 'country': 'Serbia', 'postcode': 45507, 'coordinates': {'latitude': '60.2495', 'longitude': '14.2226'}, 'timezone': {'offset': '-6:00', 'description': 'Central Time (US &amp; Canada), Mexico City'}}, 'email': 'olga.sreckovic@example.com', 'login': {'uuid': 'abc31815-6e45-40ac-8a55-be38a409ea9a', 'username': 'greenpeacock936', 'password': 'frankie', 'salt': '3ttdNYsO', 'md5': 'a0be3f3d6e242df6ecb3191034efccf7', 'sha1': '8919343d6d22f5b57282e21709b23ea758dd1d64', 'sha256': '9ead8e01932e2a2f1a8177ee9ebff7b1724ad562e714038b1024728f4181cf33'}, 'dob': {'date': '1956-07-19T17:08:45.506Z', 'age': 67}, 'registered': {'date': '2012-09-18T03:23:40.853Z', 'age': 11}, 'phone': '010-5966-678', 'cell': '063-2076-300', 'id': {'name': 'SID', 'value': '235546505'}, 'picture': {'large': 'https://randomuser.me/api/portraits/women/65.jpg', 'medium': 'https://randomuser.me/api/portraits/med/women/65.jpg', 'thumbnail': 'https://randomuser.me/api/portraits/thumb/women/65.jpg'}, 'nat': 'RS'}</msg>
<arg>${json_data['results'][0]}</arg>
<doc>Logs the given message with the given level.</doc>
<status status="PASS" start="2024-06-09T07:13:52.678458" elapsed="0.000410"/>
</kw>
<kw name="Log" owner="BuiltIn">
<msg time="2024-06-09T07:13:52.679291" level="INFO">login</msg>
<arg>${key}</arg>
<doc>Logs the given message with the given level.</doc>
<status status="PASS" start="2024-06-09T07:13:52.679163" elapsed="0.000197"/>
</kw>
<var name="${key}">login</var>
<status status="PASS" start="2024-06-09T07:13:52.677619" elapsed="0.001964"/>
</iter>
<var>${key}</var>
<value>@{expected_keys}</value>
<status status="PASS" start="2024-06-09T07:13:52.668673" elapsed="0.011032"/>
</for>
<kw name="Create List" owner="BuiltIn">
<msg time="2024-06-09T07:13:52.680037" level="INFO">${expected_keysTwo} = ['username', 'password']</msg>
<var>${expected_keysTwo}</var>
<arg>username</arg>
<arg>password</arg>
<doc>Returns a list containing given items.</doc>
<status status="PASS" start="2024-06-09T07:13:52.679901" elapsed="0.000160"/>
</kw>
<for flavor="IN">
<iter>
<kw name="Dictionary Should Contain Key" owner="Collections">
<msg time="2024-06-09T07:13:52.680975" level="INFO">False</msg>
<arg>${json_data['results'][0]['login']}</arg>
<arg>${keyTwo}</arg>
<doc>Fails if ``key`` is not found from ``dictionary``.</doc>
<status status="PASS" start="2024-06-09T07:13:52.680562" elapsed="0.000450"/>
</kw>
<kw name="Dictionary Should Contain Key" owner="Collections">
<msg time="2024-06-09T07:13:52.681686" level="INFO">False</msg>
<arg>${json_data['results'][0]['login']}</arg>
<arg>${keyTwo}</arg>
<doc>Fails if ``key`` is not found from ``dictionary``.</doc>
<status status="PASS" start="2024-06-09T07:13:52.681310" elapsed="0.000413"/>
</kw>
<kw name="Log" owner="BuiltIn">
<msg time="2024-06-09T07:13:52.682144" level="INFO">username</msg>
<arg>${keyTwo}</arg>
<doc>Logs the given message with the given level.</doc>
<status status="PASS" start="2024-06-09T07:13:52.682017" elapsed="0.000164"/>
</kw>
<var name="${keyTwo}">username</var>
<status status="PASS" start="2024-06-09T07:13:52.680451" elapsed="0.001943"/>
</iter>
<iter>
<kw name="Dictionary Should Contain Key" owner="Collections">
<msg time="2024-06-09T07:13:52.683055" level="INFO">False</msg>
<arg>${json_data['results'][0]['login']}</arg>
<arg>${keyTwo}</arg>
<doc>Fails if ``key`` is not found from ``dictionary``.</doc>
<status status="PASS" start="2024-06-09T07:13:52.682676" elapsed="0.000416"/>
</kw>
<kw name="Dictionary Should Contain Key" owner="Collections">
<msg time="2024-06-09T07:13:52.683801" level="INFO">False</msg>
<arg>${json_data['results'][0]['login']}</arg>
<arg>${keyTwo}</arg>
<doc>Fails if ``key`` is not found from ``dictionary``.</doc>
<status status="PASS" start="2024-06-09T07:13:52.683411" elapsed="0.000427"/>
</kw>
<kw name="Log" owner="BuiltIn">
<msg time="2024-06-09T07:13:52.684265" level="INFO">password</msg>
<arg>${keyTwo}</arg>
<doc>Logs the given message with the given level.</doc>
<status status="PASS" start="2024-06-09T07:13:52.684138" elapsed="0.000163"/>
</kw>
<var name="${keyTwo}">password</var>
<status status="PASS" start="2024-06-09T07:13:52.682565" elapsed="0.001948"/>
</iter>
<var>${keyTwo}</var>
<value>@{expected_keysTwo}</value>
<status status="PASS" start="2024-06-09T07:13:52.680300" elapsed="0.004355"/>
</for>
<status status="PASS" start="2024-06-09T07:13:52.580994" elapsed="0.103798"/>
</kw>
<doc>Testa a estrutura da resposta da API.</doc>
<tag>testeEstruturaResposta</tag>
<status status="PASS" start="2024-06-09T07:13:52.580422" elapsed="0.104520"/>
</test>
<test id="s1-s1-t4" name="Validar tipos de dados" line="28">
<kw name="Teste de Tipos de Dados" owner="random-user-service">
<kw name="GET On Session" owner="RequestsLibrary">
<msg time="2024-06-09T07:13:52.760103" level="INFO">GET Request : url=https://randomuser.me/api 
 path_url=/api 
 headers={'User-Agent': 'python-requests/2.32.3', 'Accept-Encoding': 'gzip, deflate', 'Accept': '*/*', 'Connection': 'keep-alive'} 
 body=None 
 </msg>
<msg time="2024-06-09T07:13:52.760187" level="INFO">GET Response : url=https://randomuser.me/api 
 status=200, reason=OK 
 headers={'Date': 'Sun, 09 Jun 2024 07:13:52 GMT', 'Content-Type': 'application/json; charset=utf-8', 'Transfer-Encoding': 'chunked', 'Connection': 'keep-alive', 'X-Powered-By': 'Express', 'Access-Control-Allow-Origin': '*', 'Cache-Control': 'no-cache', 'ETag': 'W/"478-i0eqXv1UW458wu9Dk2YBCeLHpCs"', 'Vary': 'Accept-Encoding', 'Content-Encoding': 'gzip', 'CF-Cache-Status': 'DYNAMIC', 'Report-To': '{"endpoints":[{"url":"https:\\/\\/a.nel.cloudflare.com\\/report\\/v4?s=7Md%2B7WYN1971pfBNaucApJYqwO6zqbjZxhXq%2F5TUpV2sjz4lTk0M5RXeGqpAXYR33F4iY6kOlJJdPewdNfzgZHun8%2F%2BHcBky6eIvFyrlNk7MJ42%2FfqzT3EiCU1F0twvI"}],"group":"cf-nel","max_age":604800}', 'NEL': '{"success_fraction":0,"report_to":"cf-nel","max_age":604800}', 'Server': 'cloudflare', 'CF-RAY': '890f52505fa76fb0-IAD', 'alt-svc': 'h3=":443"; ma=86400'} 
 body={"results":[{"gender":"male","name":{"title":"Mr","first":"Ernesto","last":"Blanco"},"location":{"street":{"number":456,"name":"Avenida de Burgos"},"city":"San Sebastián","state":"Ceuta","country":"Spain","postcode":20297,"coordinates":{"latitude":"-35.7900","longitude":"-178.1326"},"timezone":{"offset":"+9:30","description":"Adelaide, Darwin"}},"email":"ernesto.blanco@example.com","login":{"uuid":"50e01b71-4adc-445d-80e6-1091a974afe8","username":"tinygoose159","password":"1218","salt":"pQ1XrwYb","md5":"e7ed523caa06e11359889fa9d96fa33f","sha1":"3db270f21313d4f10f05d87f3cfa1096b4dc704a","sha256":"e43ab53bab44c789cfbdb4d0116339e7e0e2222d914ed734a33d0b2784239405"},"dob":{"date":"1947-06-04T15:08:43.609Z","age":77},"registered":{"date":"2013-10-05T09:31:20.128Z","age":10},"phone":"966-426-985","cell":"620-402-482","id":{"name":"DNI","value":"94609913-O"},"picture":{"large":"https://randomuser.me/api/portraits/men/6.jpg","medium":"https://randomuser.me/api/portraits/med/men/6.jpg","thumbnail":"https://randomuser.me/api/portraits/thumb/men/6.jpg"},"nat":"ES"}],"info":{"seed":"ab9c7c835d40ac7f","results":1,"page":1,"version":"1.4"}} 
 </msg>
<msg time="2024-06-09T07:13:52.760261" level="INFO">/opt/hostedtoolcache/Python/3.12.3/x64/lib/python3.12/site-packages/urllib3/connectionpool.py:1103: InsecureRequestWarning: Unverified HTTPS request is being made to host 'randomuser.me'. Adding certificate verification is strongly advised. See: https://urllib3.readthedocs.io/en/latest/advanced-usage.html#tls-warnings
  warnings.warn(</msg>
<msg time="2024-06-09T07:13:52.760398" level="INFO">${response} = &lt;Response [200]&gt;</msg>
<var>${response}</var>
<arg>consultarAPI</arg>
<arg>/api</arg>
<doc>Sends a GET request on a previously created HTTP Session.</doc>
<status status="PASS" start="2024-06-09T07:13:52.687351" elapsed="0.073100"/>
</kw>
<kw name="Set Variable" owner="BuiltIn">
<msg time="2024-06-09T07:13:52.761383" level="INFO">${json_data} = {'results': [{'gender': 'male', 'name': {'title': 'Mr', 'first': 'Ernesto', 'last': 'Blanco'}, 'location': {'street': {'number': 456, 'name': 'Avenida de Burgos'}, 'city': 'San Sebastián', 'state': 'C...</msg>
<var>${json_data}</var>
<arg>${response.json()}</arg>
<doc>Returns the given values which can then be assigned to a variables.</doc>
<status status="PASS" start="2024-06-09T07:13:52.760935" elapsed="0.000480"/>
</kw>
<kw name="Log" owner="BuiltIn">
<msg time="2024-06-09T07:13:52.761883" level="INFO">{'results': [{'gender': 'male', 'name': {'title': 'Mr', 'first': 'Ernesto', 'last': 'Blanco'}, 'location': {'street': {'number': 456, 'name': 'Avenida de Burgos'}, 'city': 'San Sebastián', 'state': 'Ceuta', 'country': 'Spain', 'postcode': 20297, 'coordinates': {'latitude': '-35.7900', 'longitude': '-178.1326'}, 'timezone': {'offset': '+9:30', 'description': 'Adelaide, Darwin'}}, 'email': 'ernesto.blanco@example.com', 'login': {'uuid': '50e01b71-4adc-445d-80e6-1091a974afe8', 'username': 'tinygoose159', 'password': '1218', 'salt': 'pQ1XrwYb', 'md5': 'e7ed523caa06e11359889fa9d96fa33f', 'sha1': '3db270f21313d4f10f05d87f3cfa1096b4dc704a', 'sha256': 'e43ab53bab44c789cfbdb4d0116339e7e0e2222d914ed734a33d0b2784239405'}, 'dob': {'date': '1947-06-04T15:08:43.609Z', 'age': 77}, 'registered': {'date': '2013-10-05T09:31:20.128Z', 'age': 10}, 'phone': '966-426-985', 'cell': '620-402-482', 'id': {'name': 'DNI', 'value': '94609913-O'}, 'picture': {'large': 'https://randomuser.me/api/portraits/men/6.jpg', 'medium': 'https://randomuser.me/api/portraits/med/men/6.jpg', 'thumbnail': 'https://randomuser.me/api/portraits/thumb/men/6.jpg'}, 'nat': 'ES'}], 'info': {'seed': 'ab9c7c835d40ac7f', 'results': 1, 'page': 1, 'version': '1.4'}}</msg>
<arg>${json_data}</arg>
<doc>Logs the given message with the given level.</doc>
<status status="PASS" start="2024-06-09T07:13:52.761726" elapsed="0.000237"/>
</kw>
<kw name="Should Be String" owner="String">
<arg>${json_data['results'][0]['gender']}</arg>
<doc>Fails if the given ``item`` is not a string.</doc>
<status status="PASS" start="2024-06-09T07:13:52.762262" elapsed="0.000359"/>
</kw>
<kw name="Should Match Regexp" owner="BuiltIn">
<arg>${json_data['results'][0]['email']}</arg>
<arg>^[a-zA-Z0-9._%+-]+@[a-zA-Z0-9.-]+\.[a-zA-Z]{2,}$</arg>
<doc>Fails if ``string`` does not match ``pattern`` as a regular expression.</doc>
<status status="PASS" start="2024-06-09T07:13:52.762812" elapsed="0.000603"/>
</kw>
<kw name="Should Match Regexp" owner="BuiltIn">
<arg>${json_data['results'][0]['dob']['date']}</arg>
<arg>\\d{4}-\\d{2}-\\d{2}T\\d{2}:\\d{2}:\\d{2}\\.\\d{3}Z</arg>
<doc>Fails if ``string`` does not match ``pattern`` as a regular expression.</doc>
<status status="PASS" start="2024-06-09T07:13:52.763614" elapsed="0.000481"/>
</kw>
<kw name="Should Match Regexp" owner="BuiltIn">
<arg>${json_data['results'][0]['registered']['date']}</arg>
<arg>\\d{4}-\\d{2}-\\d{2}T\\d{2}:\\d{2}:\\d{2}\\.\\d{3}Z</arg>
<doc>Fails if ``string`` does not match ``pattern`` as a regular expression.</doc>
<status status="PASS" start="2024-06-09T07:13:52.764288" elapsed="0.000391"/>
</kw>
<kw name="Should Match Regexp" owner="BuiltIn">
<arg>${json_data['results'][0]['picture']['large']}</arg>
<arg>^https?://.*\.(?:png|jpe?g|gif|bmp)$</arg>
<doc>Fails if ``string`` does not match ``pattern`` as a regular expression.</doc>
<status status="PASS" start="2024-06-09T07:13:52.764878" elapsed="0.000467"/>
</kw>
<kw name="Should Match Regexp" owner="BuiltIn">
<arg>${json_data['results'][0]['picture']['medium']}</arg>
<arg>^https?://.*\.(?:png|jpe?g|gif|bmp)$</arg>
<doc>Fails if ``string`` does not match ``pattern`` as a regular expression.</doc>
<status status="PASS" start="2024-06-09T07:13:52.765538" elapsed="0.000354"/>
</kw>
<kw name="Should Match Regexp" owner="BuiltIn">
<arg>${json_data['results'][0]['picture']['thumbnail']}</arg>
<arg>^https?://.*\.(?:png|jpe?g|gif|bmp)$</arg>
<doc>Fails if ``string`` does not match ``pattern`` as a regular expression.</doc>
<status status="PASS" start="2024-06-09T07:13:52.766094" elapsed="0.000355"/>
</kw>
<kw name="Log" owner="BuiltIn">
<msg time="2024-06-09T07:13:52.766955" level="INFO">{'large': 'https://randomuser.me/api/portraits/men/6.jpg', 'medium': 'https://randomuser.me/api/portraits/med/men/6.jpg', 'thumbnail': 'https://randomuser.me/api/portraits/thumb/men/6.jpg'}</msg>
<arg>${json_data['results'][0]['picture']}</arg>
<doc>Logs the given message with the given level.</doc>
<status status="PASS" start="2024-06-09T07:13:52.766632" elapsed="0.000366"/>
</kw>
<status status="PASS" start="2024-06-09T07:13:52.687123" elapsed="0.080126"/>
</kw>
<kw name="Teste de Tipos de Dados - Postcode" owner="random-user-service">
<kw name="GET On Session" owner="RequestsLibrary">
<msg time="2024-06-09T07:13:52.860873" level="INFO">GET Request : url=https://randomuser.me/api 
 path_url=/api 
 headers={'User-Agent': 'python-requests/2.32.3', 'Accept-Encoding': 'gzip, deflate', 'Accept': '*/*', 'Connection': 'keep-alive'} 
 body=None 
 </msg>
<msg time="2024-06-09T07:13:52.860936" level="INFO">GET Response : url=https://randomuser.me/api 
 status=200, reason=OK 
 headers={'Date': 'Sun, 09 Jun 2024 07:13:52 GMT', 'Content-Type': 'application/json; charset=utf-8', 'Transfer-Encoding': 'chunked', 'Connection': 'keep-alive', 'X-Powered-By': 'Express', 'Access-Control-Allow-Origin': '*', 'Cache-Control': 'no-cache', 'ETag': 'W/"49e-v2u5zVv56wTpDCXgRHBLpQCp2XM"', 'Vary': 'Accept-Encoding', 'Content-Encoding': 'gzip', 'CF-Cache-Status': 'DYNAMIC', 'Report-To': '{"endpoints":[{"url":"https:\\/\\/a.nel.cloudflare.com\\/report\\/v4?s=6fAZ97zBDmxlJUYT8RmEBSfQ5ewye47tCB3PBpaLvkKBWRdE1NybRTY3zRiHQqSTmmyToPGYg%2Fbm1Vpx19Z1u5lzgoqvFZkyzmy6VgSJQQhVXycvHD59XQNS7A%2BPYuZL"}],"group":"cf-nel","max_age":604800}', 'NEL': '{"success_fraction":0,"report_to":"cf-nel","max_age":604800}', 'Server': 'cloudflare', 'CF-RAY': '890f5250dfff6fb0-IAD', 'alt-svc': 'h3=":443"; ma=86400'} 
 body={"results":[{"gender":"female","name":{"title":"Mrs","first":"Diane","last":"Richards"},"location":{"street":{"number":3300,"name":"Church Street"},"city":"Dunboyne","state":"Longford","country":"Ireland","postcode":19037,"coordinates":{"latitude":"2.6336","longitude":"107.7226"},"timezone":{"offset":"+5:00","description":"Ekaterinburg, Islamabad, Karachi, Tashkent"}},"email":"diane.richards@example.com","login":{"uuid":"4c9a5159-1262-4ad2-b399-9db0618cd109","username":"organicmeercat871","password":"marlon","salt":"lAlQ3l8o","md5":"db6ee37d90337a5720b15054313570cb","sha1":"026a7f6734ba0b3af0fa1f8aa811a1b6f76f276e","sha256":"cb4fad870bf551d94c4049ec3f7a97b06fc1369cb9f01c8d067a870a7650bc4a"},"dob":{"date":"1983-11-21T08:52:04.116Z","age":40},"registered":{"date":"2003-02-14T09:51:29.906Z","age":21},"phone":"011-578-1069","cell":"081-081-4945","id":{"name":"PPS","value":"1611195T"},"picture":{"large":"https://randomuser.me/api/portraits/women/38.jpg","medium":"https://randomuser.me/api/portraits/med/women/38.jpg","thumbnail":"https://randomuser.me/api/portraits/thumb/women/38.jpg"},"nat":"IE"}],"info":{"seed":"1ed0e98dc001ead6","results":1,"page":1,"version":"1.4"}} 
 </msg>
<msg time="2024-06-09T07:13:52.860993" level="INFO">/opt/hostedtoolcache/Python/3.12.3/x64/lib/python3.12/site-packages/urllib3/connectionpool.py:1103: InsecureRequestWarning: Unverified HTTPS request is being made to host 'randomuser.me'. Adding certificate verification is strongly advised. See: https://urllib3.readthedocs.io/en/latest/advanced-usage.html#tls-warnings
  warnings.warn(</msg>
<msg time="2024-06-09T07:13:52.861079" level="INFO">${response} = &lt;Response [200]&gt;</msg>
<var>${response}</var>
<arg>consultarAPI</arg>
<arg>/api</arg>
<doc>Sends a GET request on a previously created HTTP Session.</doc>
<status status="PASS" start="2024-06-09T07:13:52.767674" elapsed="0.093446"/>
</kw>
<kw name="Set Variable" owner="BuiltIn">
<msg time="2024-06-09T07:13:52.862212" level="INFO">${json_data} = {'results': [{'gender': 'female', 'name': {'title': 'Mrs', 'first': 'Diane', 'last': 'Richards'}, 'location': {'street': {'number': 3300, 'name': 'Church Street'}, 'city': 'Dunboyne', 'state': 'Longfo...</msg>
<var>${json_data}</var>
<arg>${response.json()}</arg>
<doc>Returns the given values which can then be assigned to a variables.</doc>
<status status="PASS" start="2024-06-09T07:13:52.861603" elapsed="0.000637"/>
</kw>
<kw name="Log" owner="BuiltIn">
<msg time="2024-06-09T07:13:52.862704" level="INFO">{'results': [{'gender': 'female', 'name': {'title': 'Mrs', 'first': 'Diane', 'last': 'Richards'}, 'location': {'street': {'number': 3300, 'name': 'Church Street'}, 'city': 'Dunboyne', 'state': 'Longford', 'country': 'Ireland', 'postcode': 19037, 'coordinates': {'latitude': '2.6336', 'longitude': '107.7226'}, 'timezone': {'offset': '+5:00', 'description': 'Ekaterinburg, Islamabad, Karachi, Tashkent'}}, 'email': 'diane.richards@example.com', 'login': {'uuid': '4c9a5159-1262-4ad2-b399-9db0618cd109', 'username': 'organicmeercat871', 'password': 'marlon', 'salt': 'lAlQ3l8o', 'md5': 'db6ee37d90337a5720b15054313570cb', 'sha1': '026a7f6734ba0b3af0fa1f8aa811a1b6f76f276e', 'sha256': 'cb4fad870bf551d94c4049ec3f7a97b06fc1369cb9f01c8d067a870a7650bc4a'}, 'dob': {'date': '1983-11-21T08:52:04.116Z', 'age': 40}, 'registered': {'date': '2003-02-14T09:51:29.906Z', 'age': 21}, 'phone': '011-578-1069', 'cell': '081-081-4945', 'id': {'name': 'PPS', 'value': '1611195T'}, 'picture': {'large': 'https://randomuser.me/api/portraits/women/38.jpg', 'medium': 'https://randomuser.me/api/portraits/med/women/38.jpg', 'thumbnail': 'https://randomuser.me/api/portraits/thumb/women/38.jpg'}, 'nat': 'IE'}], 'info': {'seed': '1ed0e98dc001ead6', 'results': 1, 'page': 1, 'version': '1.4'}}</msg>
<arg>${json_data}</arg>
<doc>Logs the given message with the given level.</doc>
<status status="PASS" start="2024-06-09T07:13:52.862553" elapsed="0.000228"/>
</kw>
<kw name="Should Be Equal As Numbers" owner="BuiltIn">
<arg>${json_data['results'][0]['location']['postcode']}</arg>
<arg>${json_data['results'][0]['location']['postcode']}</arg>
<doc>Fails if objects are unequal after converting them to real numbers.</doc>
<status status="PASS" start="2024-06-09T07:13:52.863083" elapsed="0.000619"/>
</kw>
<kw name="Log" owner="BuiltIn">
<msg time="2024-06-09T07:13:52.864229" level="INFO">19037</msg>
<arg>${json_data['results'][0]['location']['postcode']}</arg>
<doc>Logs the given message with the given level.</doc>
<status status="PASS" start="2024-06-09T07:13:52.863894" elapsed="0.000377"/>
</kw>
<status status="PASS" start="2024-06-09T07:13:52.767459" elapsed="0.097064"/>
</kw>
<doc>Testa se os tipos de dados na resposta da API estão corretos.</doc>
<tag>testeTiposDados</tag>
<status status="PASS" start="2024-06-09T07:13:52.686654" elapsed="0.178071"/>
</test>
<test id="s1-s1-t5" name="Validar conteudo" line="35">
<kw name="Teste de Tipos de Conteudo" owner="random-user-service">
<kw name="GET On Session" owner="RequestsLibrary">
<msg time="2024-06-09T07:13:52.961070" level="INFO">GET Request : url=https://randomuser.me/api 
 path_url=/api 
 headers={'User-Agent': 'python-requests/2.32.3', 'Accept-Encoding': 'gzip, deflate', 'Accept': '*/*', 'Connection': 'keep-alive'} 
 body=None 
 </msg>
<msg time="2024-06-09T07:13:52.961132" level="INFO">GET Response : url=https://randomuser.me/api 
 status=200, reason=OK 
 headers={'Date': 'Sun, 09 Jun 2024 07:13:52 GMT', 'Content-Type': 'application/json; charset=utf-8', 'Transfer-Encoding': 'chunked', 'Connection': 'keep-alive', 'X-Powered-By': 'Express', 'Access-Control-Allow-Origin': '*', 'Cache-Control': 'no-cache', 'ETag': 'W/"47f-s1R4bVQJJIlNBRKTGl5NOlzUItk"', 'Vary': 'Accept-Encoding', 'Content-Encoding': 'gzip', 'CF-Cache-Status': 'DYNAMIC', 'Report-To': '{"endpoints":[{"url":"https:\\/\\/a.nel.cloudflare.com\\/report\\/v4?s=5CYp6Ux3HWOM3cGBvwCVBnGn6TBX4gazFzDsdU3J90502lOtLthPu7nJ8rpG6CIMluiNImuKj7bzrJYxXUMLUEdlQX05byDDvTTzlHFG%2FW%2BbaWkUkm%2FeB0oCBxY%2FEsE9"}],"group":"cf-nel","max_age":604800}', 'NEL': '{"success_fraction":0,"report_to":"cf-nel","max_age":604800}', 'Server': 'cloudflare', 'CF-RAY': '890f5251784d6fb0-IAD', 'alt-svc': 'h3=":443"; ma=86400'} 
 body={"results":[{"gender":"male","name":{"title":"Mr","first":"Gerry","last":"Oliver"},"location":{"street":{"number":1183,"name":"Patrick Street"},"city":"Ashbourne","state":"Galway","country":"Ireland","postcode":83246,"coordinates":{"latitude":"1.4240","longitude":"-13.1482"},"timezone":{"offset":"+2:00","description":"Kaliningrad, South Africa"}},"email":"gerry.oliver@example.com","login":{"uuid":"6a81a04d-196e-4d46-a1f6-57555a0b88ab","username":"yellowgorilla387","password":"barnes","salt":"fKz4YsAj","md5":"0a2097995be3b51f5c1d78610510afd1","sha1":"0f675944c87e815bd18d4a98b668b630263e6afc","sha256":"e7fe9c632491d00ac0bb288146e8114e1e6e6ce2a77d3100e05bcdaed2448da0"},"dob":{"date":"1972-11-02T00:10:45.939Z","age":51},"registered":{"date":"2008-09-25T07:27:19.365Z","age":15},"phone":"031-607-5567","cell":"081-067-1805","id":{"name":"PPS","value":"1013409T"},"picture":{"large":"https://randomuser.me/api/portraits/men/31.jpg","medium":"https://randomuser.me/api/portraits/med/men/31.jpg","thumbnail":"https://randomuser.me/api/portraits/thumb/men/31.jpg"},"nat":"IE"}],"info":{"seed":"ace682f52ea685f8","results":1,"page":1,"version":"1.4"}} 
 </msg>
<msg time="2024-06-09T07:13:52.961189" level="INFO">/opt/hostedtoolcache/Python/3.12.3/x64/lib/python3.12/site-packages/urllib3/connectionpool.py:1103: InsecureRequestWarning: Unverified HTTPS request is being made to host 'randomuser.me'. Adding certificate verification is strongly advised. See: https://urllib3.readthedocs.io/en/latest/advanced-usage.html#tls-warnings
  warnings.warn(</msg>
<msg time="2024-06-09T07:13:52.961280" level="INFO">${response} = &lt;Response [200]&gt;</msg>
<var>${response}</var>
<arg>consultarAPI</arg>
<arg>/api</arg>
<doc>Sends a GET request on a previously created HTTP Session.</doc>
<status status="PASS" start="2024-06-09T07:13:52.867469" elapsed="0.093852"/>
</kw>
<kw name="Set Variable" owner="BuiltIn">
<msg time="2024-06-09T07:13:52.962397" level="INFO">${json_data} = {'results': [{'gender': 'male', 'name': {'title': 'Mr', 'first': 'Gerry', 'last': 'Oliver'}, 'location': {'street': {'number': 1183, 'name': 'Patrick Street'}, 'city': 'Ashbourne', 'state': 'Galway', ...</msg>
<var>${json_data}</var>
<arg>${response.json()}</arg>
<doc>Returns the given values which can then be assigned to a variables.</doc>
<status status="PASS" start="2024-06-09T07:13:52.961797" elapsed="0.000630"/>
</kw>
<kw name="Set Variable" owner="BuiltIn">
<msg time="2024-06-09T07:13:52.963110" level="INFO">${name_title} = Mr</msg>
<var>${name_title}</var>
<arg>${json_data["results"][0]["name"]["title"]}</arg>
<doc>Returns the given values which can then be assigned to a variables.</doc>
<status status="PASS" start="2024-06-09T07:13:52.962732" elapsed="0.000403"/>
</kw>
<kw name="Create List" owner="BuiltIn">
<msg time="2024-06-09T07:13:52.963577" level="INFO">${allowed_titles} = ['Mr', 'Ms', 'Miss', 'Mrs', 'Madame', 'Monsieur']</msg>
<var>${allowed_titles}</var>
<arg>Mr</arg>
<arg>Ms</arg>
<arg>Miss</arg>
<arg>Mrs</arg>
<arg>Madame</arg>
<arg>Monsieur</arg>
<doc>Returns a list containing given items.</doc>
<status status="PASS" start="2024-06-09T07:13:52.963430" elapsed="0.000171"/>
</kw>
<kw name="List Should Contain Value" owner="Collections">
<msg time="2024-06-09T07:13:52.964067" level="INFO">False</msg>
<arg>${allowed_titles}</arg>
<arg>${name_title}</arg>
<doc>Fails if the ``value`` is not found from ``list``.</doc>
<status status="PASS" start="2024-06-09T07:13:52.963901" elapsed="0.000201"/>
</kw>
<kw name="Set Variable" owner="BuiltIn">
<msg time="2024-06-09T07:13:52.964923" level="INFO">${name_country} = IE</msg>
<var>${name_country}</var>
<arg>${json_data["results"][0]["nat"]}</arg>
<doc>Returns the given values which can then be assigned to a variables.</doc>
<status status="PASS" start="2024-06-09T07:13:52.964394" elapsed="0.000554"/>
</kw>
<kw name="Create List" owner="BuiltIn">
<msg time="2024-06-09T07:13:52.965854" level="INFO">${list_country} = ['AD', 'AE', 'AF', 'AG', 'AI', 'AL', 'AM', 'AO', 'AQ', 'AR', 'AS', 'AT', 'AU', 'AW', 'AX', 'AZ', 'BA', 'BB', 'BD', 'BE', 'BF', 'BG', 'BH', 'BI', 'BJ', 'BL', 'BM', 'BN', 'BO', 'BQ', 'BR', 'BS', 'BT', '...</msg>
<var>${list_country}</var>
<arg>AD</arg>
<arg>AE</arg>
<arg>AF</arg>
<arg>AG</arg>
<arg>AI</arg>
<arg>AL</arg>
<arg>AM</arg>
<arg>AO</arg>
<arg>AQ</arg>
<arg>AR</arg>
<arg>AS</arg>
<arg>AT</arg>
<arg>AU</arg>
<arg>AW</arg>
<arg>AX</arg>
<arg>AZ</arg>
<arg>BA</arg>
<arg>BB</arg>
<arg>BD</arg>
<arg>BE</arg>
<arg>BF</arg>
<arg>BG</arg>
<arg>BH</arg>
<arg>BI</arg>
<arg>BJ</arg>
<arg>BL</arg>
<arg>BM</arg>
<arg>BN</arg>
<arg>BO</arg>
<arg>BQ</arg>
<arg>BR</arg>
<arg>BS</arg>
<arg>BT</arg>
<arg>BV</arg>
<arg>BW</arg>
<arg>BY</arg>
<arg>BZ</arg>
<arg>CA</arg>
<arg>CC</arg>
<arg>CD</arg>
<arg>CF</arg>
<arg>CG</arg>
<arg>CH</arg>
<arg>CI</arg>
<arg>CK</arg>
<arg>CL</arg>
<arg>CM</arg>
<arg>CN</arg>
<arg>CO</arg>
<arg>CR</arg>
<arg>CU</arg>
<arg>CV</arg>
<arg>CW</arg>
<arg>CX</arg>
<arg>CY</arg>
<arg>CZ</arg>
<arg>DE</arg>
<arg>DJ</arg>
<arg>DK</arg>
<arg>DM</arg>
<arg>DO</arg>
<arg>DZ</arg>
<arg>EC</arg>
<arg>EE</arg>
<arg>EG</arg>
<arg>EH</arg>
<arg>ER</arg>
<arg>ES</arg>
<arg>ET</arg>
<arg>FI</arg>
<arg>FJ</arg>
<arg>FK</arg>
<arg>FM</arg>
<arg>FO</arg>
<arg>FR</arg>
<arg>GA</arg>
<arg>GB</arg>
<arg>GD</arg>
<arg>GE</arg>
<arg>GF</arg>
<arg>GG</arg>
<arg>GH</arg>
<arg>GI</arg>
<arg>GL</arg>
<arg>GM</arg>
<arg>GN</arg>
<arg>GP</arg>
<arg>GQ</arg>
<arg>GR</arg>
<arg>GS</arg>
<arg>GT</arg>
<arg>GU</arg>
<arg>GW</arg>
<arg>GY</arg>
<arg>HK</arg>
<arg>HM</arg>
<arg>HN</arg>
<arg>HR</arg>
<arg>HT</arg>
<arg>HU</arg>
<arg>ID</arg>
<arg>IE</arg>
<arg>IL</arg>
<arg>IM</arg>
<arg>IN</arg>
<arg>IO</arg>
<arg>IQ</arg>
<arg>IR</arg>
<arg>IS</arg>
<arg>IT</arg>
<arg>JE</arg>
<arg>JM</arg>
<arg>JO</arg>
<arg>JP</arg>
<arg>KE</arg>
<arg>KG</arg>
<arg>KH</arg>
<arg>KI</arg>
<arg>KM</arg>
<arg>KN</arg>
<arg>KP</arg>
<arg>KR</arg>
<arg>KW</arg>
<arg>KY</arg>
<arg>KZ</arg>
<arg>LA</arg>
<arg>LB</arg>
<arg>LC</arg>
<arg>LI</arg>
<arg>LK</arg>
<arg>LR</arg>
<arg>LS</arg>
<arg>LT</arg>
<arg>LU</arg>
<arg>LV</arg>
<arg>LY</arg>
<arg>MA</arg>
<arg>MC</arg>
<arg>MD</arg>
<arg>ME</arg>
<arg>MF</arg>
<arg>MG</arg>
<arg>MH</arg>
<arg>MK</arg>
<arg>ML</arg>
<arg>MM</arg>
<arg>MN</arg>
<arg>MO</arg>
<arg>MP</arg>
<arg>MQ</arg>
<arg>MR</arg>
<arg>MS</arg>
<arg>MT</arg>
<arg>MU</arg>
<arg>MV</arg>
<arg>MW</arg>
<arg>MX</arg>
<arg>MY</arg>
<arg>MZ</arg>
<arg>NA</arg>
<arg>NC</arg>
<arg>NE</arg>
<arg>NF</arg>
<arg>NG</arg>
<arg>NI</arg>
<arg>NL</arg>
<arg>NO</arg>
<arg>NP</arg>
<arg>NR</arg>
<arg>NU</arg>
<arg>NZ</arg>
<arg>OM</arg>
<arg>PA</arg>
<arg>PE</arg>
<arg>PF</arg>
<arg>PG</arg>
<arg>PH</arg>
<arg>PK</arg>
<arg>PL</arg>
<arg>PM</arg>
<arg>PN</arg>
<arg>PR</arg>
<arg>PS</arg>
<arg>PT</arg>
<arg>PW</arg>
<arg>PY</arg>
<arg>QA</arg>
<arg>RE</arg>
<arg>RO</arg>
<arg>RS</arg>
<arg>RU</arg>
<arg>RW</arg>
<arg>SA</arg>
<arg>SB</arg>
<arg>SC</arg>
<arg>SD</arg>
<arg>SE</arg>
<arg>SG</arg>
<arg>SH</arg>
<arg>SI</arg>
<arg>SJ</arg>
<arg>SK</arg>
<arg>SL</arg>
<arg>SM</arg>
<arg>SN</arg>
<arg>SO</arg>
<arg>SR</arg>
<arg>SS</arg>
<arg>ST</arg>
<arg>SV</arg>
<arg>SX</arg>
<arg>SY</arg>
<arg>SZ</arg>
<arg>TC</arg>
<arg>TD</arg>
<arg>TF</arg>
<arg>TG</arg>
<arg>TH</arg>
<arg>TJ</arg>
<arg>TK</arg>
<arg>TL</arg>
<arg>TM</arg>
<arg>TN</arg>
<arg>TO</arg>
<arg>TR</arg>
<arg>TT</arg>
<arg>TV</arg>
<arg>TW</arg>
<arg>TZ</arg>
<arg>UA</arg>
<arg>UG</arg>
<arg>UM</arg>
<arg>US</arg>
<arg>UY</arg>
<arg>UZ</arg>
<arg>VA</arg>
<arg>VC</arg>
<arg>VE</arg>
<arg>VG</arg>
<arg>VI</arg>
<arg>VN</arg>
<arg>VU</arg>
<arg>WF</arg>
<arg>WS</arg>
<arg>XK</arg>
<arg>YE</arg>
<arg>YT</arg>
<arg>ZA</arg>
<arg>ZM</arg>
<arg>ZW</arg>
<doc>Returns a list containing given items.</doc>
<status status="PASS" start="2024-06-09T07:13:52.965256" elapsed="0.000622"/>
</kw>
<kw name="List Should Contain Value" owner="Collections">
<msg time="2024-06-09T07:13:52.966856" level="INFO">False</msg>
<arg>${list_country}</arg>
<arg>${name_country}</arg>
<doc>Fails if the ``value`` is not found from ``list``.</doc>
<status status="PASS" start="2024-06-09T07:13:52.966659" elapsed="0.000233"/>
</kw>
<kw name="Run Keyword If" owner="BuiltIn">
<kw name="Should Be True" owner="BuiltIn">
<arg>${True}</arg>
<doc>Fails if the given condition is not true.</doc>
<status status="PASS" start="2024-06-09T07:13:52.967940" elapsed="0.000141"/>
</kw>
<arg>${json_data["results"][0]["location"]["coordinates"]["latitude"]} &gt;= -90 and ${json_data["results"][0]["location"]["coordinates"]["latitude"]} &lt;= 90</arg>
<arg>Should Be True</arg>
<arg>${True}</arg>
<doc>Runs the given keyword with the given arguments, if ``condition`` is true.</doc>
<status status="PASS" start="2024-06-09T07:13:52.967211" elapsed="0.000995"/>
</kw>
<kw name="Run Keyword If" owner="BuiltIn">
<kw name="Should Be True" owner="BuiltIn">
<arg>${True}</arg>
<doc>Fails if the given condition is not true.</doc>
<status status="PASS" start="2024-06-09T07:13:52.969117" elapsed="0.000148"/>
</kw>
<arg>${json_data["results"][0]["location"]["coordinates"]["longitude"]} &gt;= -180 and ${json_data["results"][0]["location"]["coordinates"]["longitude"]} &lt;= 180</arg>
<arg>Should Be True</arg>
<arg>${True}</arg>
<doc>Runs the given keyword with the given arguments, if ``condition`` is true.</doc>
<status status="PASS" start="2024-06-09T07:13:52.968396" elapsed="0.000991"/>
</kw>
<status status="PASS" start="2024-06-09T07:13:52.867103" elapsed="0.102409"/>
</kw>
<doc>Testa o conteúdo específico dos campos retornados pela API.</doc>
<tag>testeConteudo</tag>
<status status="PASS" start="2024-06-09T07:13:52.866445" elapsed="0.103205"/>
</test>
<status status="PASS" start="2024-06-09T07:13:52.170387" elapsed="0.801157"/>
</suite>
<status status="PASS" start="2024-06-09T07:13:52.156947" elapsed="0.819733"/>
</suite>
<statistics>
<total>
<stat pass="5" fail="0" skip="0">All Tests</stat>
</total>
<tag>
<stat pass="1" fail="0" skip="0">testeConteudo</stat>
<stat pass="1" fail="0" skip="0">testeEstruturaResposta</stat>
<stat pass="1" fail="0" skip="0">testeRequisicaoBasica</stat>
<stat pass="1" fail="0" skip="0">testeTiposDados</stat>
</tag>
<suite>
<stat pass="5" fail="0" skip="0" id="s1" name="Tests">Tests</stat>
<stat pass="5" fail="0" skip="0" id="s1-s1" name="Random-User-Test">Tests.Random-User-Test</stat>
</suite>
</statistics>
<errors>
</errors>
</robot>
