<?xml version="1.0" encoding="UTF-8"?>
<robot generator="Robot 7.0 (Python 3.12.3 on linux)" generated="2024-05-23T01:02:57.870068" rpa="false" schemaversion="5">
<suite id="s1" name="Tests" source="/home/runner/work/DesafioQAItauRogerioJordao/DesafioQAItauRogerioJordao/RamdonUser/tests">
<suite id="s1-s1" name="Random-User-Test" source="/home/runner/work/DesafioQAItauRogerioJordao/DesafioQAItauRogerioJordao/RamdonUser/tests/random-user-test.robot">
<test id="s1-s1-t1" name="Conectar" line="13">
<kw name="Conectar API" owner="random-user-service">
<kw name="Create Session" owner="RequestsLibrary">
<msg time="2024-05-23T01:02:58.260644" level="INFO">Creating Session using : alias=consultarAPI, url=https://randomuser.me/, headers={},                     cookies={}, auth=None, timeout=None, proxies=None, verify=False,                     debug=0 </msg>
<arg>consultarAPI</arg>
<arg>${URL}</arg>
<doc>Create Session: create a HTTP session to a server</doc>
<status status="PASS" start="2024-05-23T01:02:58.260442" elapsed="0.000378"/>
</kw>
<status status="PASS" start="2024-05-23T01:02:58.259408" elapsed="0.001776"/>
</kw>
<status status="PASS" start="2024-05-23T01:02:58.258799" elapsed="0.002582"/>
</test>
<test id="s1-s1-t2" name="Validar retorno 200 e JSON Válido" line="16">
<kw name="Teste de Requisicao Basica" owner="random-user-service">
<kw name="GET On Session" owner="RequestsLibrary">
<msg time="2024-05-23T01:02:58.520497" level="INFO">GET Request : url=https://randomuser.me/api 
 path_url=/api 
 headers={'User-Agent': 'python-requests/2.32.2', 'Accept-Encoding': 'gzip, deflate', 'Accept': '*/*', 'Connection': 'keep-alive'} 
 body=None 
 </msg>
<msg time="2024-05-23T01:02:58.520663" level="INFO">GET Response : url=https://randomuser.me/api 
 status=200, reason=OK 
 headers={'Date': 'Thu, 23 May 2024 01:02:58 GMT', 'Content-Type': 'application/json; charset=utf-8', 'Transfer-Encoding': 'chunked', 'Connection': 'keep-alive', 'X-Powered-By': 'Express', 'Access-Control-Allow-Origin': '*', 'Cache-Control': 'no-cache', 'ETag': 'W/"4a9-0OoW1TZab5S023aLGYUhEcu1d94"', 'Vary': 'Accept-Encoding', 'Content-Encoding': 'gzip', 'CF-Cache-Status': 'DYNAMIC', 'Report-To': '{"endpoints":[{"url":"https:\\/\\/a.nel.cloudflare.com\\/report\\/v4?s=Kmj%2FqwymaJ4mTecpukAwRlfnFcJCPa3xzqJP5CnK8oft5f3wBxrw4cJ7kDYIQ5ZzP8TEYF1FZXmjvM4zpw6%2BuB0L%2B8mBkP7Fzu%2BrLSK7%2Fs0Hb6kC1CyHcDSxyaPRWUc1"}],"group":"cf-nel","max_age":604800}', 'NEL': '{"success_fraction":0,"report_to":"cf-nel","max_age":604800}', 'Server': 'cloudflare', 'CF-RAY': '88811f9f68b28245-IAD', 'alt-svc': 'h3=":443"; ma=86400'} 
 body={"results":[{"gender":"female","name":{"title":"Miss","first":"Concepción","last":"Torres"},"location":{"street":{"number":8689,"name":"Avenida de Andalucía"},"city":"La Coruña","state":"País Vasco","country":"Spain","postcode":39447,"coordinates":{"latitude":"-33.6698","longitude":"137.7633"},"timezone":{"offset":"+8:00","description":"Beijing, Perth, Singapore, Hong Kong"}},"email":"concepcion.torres@example.com","login":{"uuid":"3e4dd06e-5634-4f85-a9da-03d3a5362855","username":"purplebird282","password":"sunny1","salt":"Ams7GvMJ","md5":"f21b97f861e37a41212f34b0bd70bfb4","sha1":"abced1e6c3b07bb0145114d309fe55581edbf64f","sha256":"01a87fd7fc520a637d1aeebf51a5c76bda6407ae9075049352a653bb33400a9e"},"dob":{"date":"1993-12-06T23:09:03.854Z","age":30},"registered":{"date":"2006-08-13T22:28:24.711Z","age":17},"phone":"932-415-334","cell":"696-107-533","id":{"name":"DNI","value":"00730649-P"},"picture":{"large":"https://randomuser.me/api/portraits/women/60.jpg","medium":"https://randomuser.me/api/portraits/med/women/60.jpg","thumbnail":"https://randomuser.me/api/portraits/thumb/women/60.jpg"},"nat":"ES"}],"info":{"seed":"ac77da19cf0a9dfa","results":1,"page":1,"version":"1.4"}} 
 </msg>
<msg time="2024-05-23T01:02:58.520748" level="INFO">/opt/hostedtoolcache/Python/3.12.3/x64/lib/python3.12/site-packages/urllib3/connectionpool.py:1103: InsecureRequestWarning: Unverified HTTPS request is being made to host 'randomuser.me'. Adding certificate verification is strongly advised. See: https://urllib3.readthedocs.io/en/latest/advanced-usage.html#tls-warnings
  warnings.warn(</msg>
<msg time="2024-05-23T01:02:58.520921" level="INFO">${response} = &lt;Response [200]&gt;</msg>
<var>${response}</var>
<arg>consultarAPI</arg>
<arg>/api</arg>
<doc>Sends a GET request on a previously created HTTP Session.</doc>
<status status="PASS" start="2024-05-23T01:02:58.264119" elapsed="0.256846"/>
</kw>
<kw name="Should Be Equal As Numbers" owner="BuiltIn">
<msg time="2024-05-23T01:02:58.522100" level="INFO">Argument types are:
&lt;class 'int'&gt;
&lt;class 'str'&gt;</msg>
<arg>${response.status_code}</arg>
<arg>200</arg>
<doc>Fails if objects are unequal after converting them to real numbers.</doc>
<status status="PASS" start="2024-05-23T01:02:58.521602" elapsed="0.000569"/>
</kw>
<kw name="Log" owner="BuiltIn">
<msg time="2024-05-23T01:02:58.522966" level="INFO">200</msg>
<arg>${response.status_code}</arg>
<doc>Logs the given message with the given level.</doc>
<status status="PASS" start="2024-05-23T01:02:58.522600" elapsed="0.000414"/>
</kw>
<kw name="Set Variable" owner="BuiltIn">
<msg time="2024-05-23T01:02:58.523785" level="INFO">${json_data} = {'results': [{'gender': 'female', 'name': {'title': 'Miss', 'first': 'Concepción', 'last': 'Torres'}, 'location': {'street': {'number': 8689, 'name': 'Avenida de Andalucía'}, 'city': 'La Coruña', 'sta...</msg>
<var>${json_data}</var>
<arg>${response.json()}</arg>
<doc>Returns the given values which can then be assigned to a variables.</doc>
<status status="PASS" start="2024-05-23T01:02:58.523337" elapsed="0.000478"/>
</kw>
<kw name="Dictionary Should Contain Key" owner="Collections">
<msg time="2024-05-23T01:02:58.524300" level="INFO">False</msg>
<arg>${json_data}</arg>
<arg>results</arg>
<doc>Fails if ``key`` is not found from ``dictionary``.</doc>
<status status="PASS" start="2024-05-23T01:02:58.524125" elapsed="0.000377"/>
</kw>
<status status="PASS" start="2024-05-23T01:02:58.263854" elapsed="0.260918"/>
</kw>
<doc>Testa se a API responde corretamente e retorna um objeto JSON válido.</doc>
<tag>testeRequisicaoBasica</tag>
<status status="PASS" start="2024-05-23T01:02:58.263303" elapsed="0.261657"/>
</test>
<test id="s1-s1-t3" name="Validar estrutura de resposta" line="22">
<kw name="Teste de Estrutura de Resposta" owner="random-user-service">
<kw name="GET On Session" owner="RequestsLibrary">
<msg time="2024-05-23T01:02:58.621653" level="INFO">GET Request : url=https://randomuser.me/api 
 path_url=/api 
 headers={'User-Agent': 'python-requests/2.32.2', 'Accept-Encoding': 'gzip, deflate', 'Accept': '*/*', 'Connection': 'keep-alive'} 
 body=None 
 </msg>
<msg time="2024-05-23T01:02:58.621734" level="INFO">GET Response : url=https://randomuser.me/api 
 status=200, reason=OK 
 headers={'Date': 'Thu, 23 May 2024 01:02:58 GMT', 'Content-Type': 'application/json; charset=utf-8', 'Transfer-Encoding': 'chunked', 'Connection': 'keep-alive', 'X-Powered-By': 'Express', 'Access-Control-Allow-Origin': '*', 'Cache-Control': 'no-cache', 'ETag': 'W/"49c-hzWKJr3gF4S12mogZzU+selA7HI"', 'Vary': 'Accept-Encoding', 'Content-Encoding': 'gzip', 'CF-Cache-Status': 'DYNAMIC', 'Report-To': '{"endpoints":[{"url":"https:\\/\\/a.nel.cloudflare.com\\/report\\/v4?s=pxnwO%2FhliQrw%2BGXG%2FxY%2BoSGTiOPEXHONCRRT%2FD91Gw33vGKsur7dBTpuv9Rseenn3hOG0aC1mfhGb2oy7Xq0IZlgbjiomPn81QFtp4lH%2BM5KQUwzErWe8Mfzd9oIwApL"}],"group":"cf-nel","max_age":604800}', 'NEL': '{"success_fraction":0,"report_to":"cf-nel","max_age":604800}', 'Server': 'cloudflare', 'CF-RAY': '88811f9fd92f8245-IAD', 'alt-svc': 'h3=":443"; ma=86400'} 
 body={"results":[{"gender":"female","name":{"title":"Mrs","first":"Nelli","last":"Rantanen"},"location":{"street":{"number":5777,"name":"Otavalankatu"},"city":"Tornio","state":"Pirkanmaa","country":"Finland","postcode":54784,"coordinates":{"latitude":"-27.5702","longitude":"2.9452"},"timezone":{"offset":"-4:00","description":"Atlantic Time (Canada), Caracas, La Paz"}},"email":"nelli.rantanen@example.com","login":{"uuid":"bca498e8-7956-404d-a777-2541f563190d","username":"heavydog396","password":"impact","salt":"JuzcpZ3E","md5":"0f5e931daebe5608b4c6bdc45914aa73","sha1":"6d1252bef76bc243914d95329e0a39286c3f9ac0","sha256":"e757684d4c3f8f6f2ffa9c17587fc6f2578be828d250c8bffa34e25ed9e73d74"},"dob":{"date":"1960-03-26T11:40:08.870Z","age":64},"registered":{"date":"2003-12-08T04:16:17.388Z","age":20},"phone":"04-420-608","cell":"042-794-30-85","id":{"name":"HETU","value":"NaNNA090undefined"},"picture":{"large":"https://randomuser.me/api/portraits/women/92.jpg","medium":"https://randomuser.me/api/portraits/med/women/92.jpg","thumbnail":"https://randomuser.me/api/portraits/thumb/women/92.jpg"},"nat":"FI"}],"info":{"seed":"fde5fa2e2995c1eb","results":1,"page":1,"version":"1.4"}} 
 </msg>
<msg time="2024-05-23T01:02:58.621838" level="INFO">/opt/hostedtoolcache/Python/3.12.3/x64/lib/python3.12/site-packages/urllib3/connectionpool.py:1103: InsecureRequestWarning: Unverified HTTPS request is being made to host 'randomuser.me'. Adding certificate verification is strongly advised. See: https://urllib3.readthedocs.io/en/latest/advanced-usage.html#tls-warnings
  warnings.warn(</msg>
<msg time="2024-05-23T01:02:58.621937" level="INFO">${response} = &lt;Response [200]&gt;</msg>
<var>${response}</var>
<arg>consultarAPI</arg>
<arg>/api</arg>
<doc>Sends a GET request on a previously created HTTP Session.</doc>
<status status="PASS" start="2024-05-23T01:02:58.527721" elapsed="0.094258"/>
</kw>
<kw name="Set Variable" owner="BuiltIn">
<msg time="2024-05-23T01:02:58.623015" level="INFO">${json_data} = {'results': [{'gender': 'female', 'name': {'title': 'Mrs', 'first': 'Nelli', 'last': 'Rantanen'}, 'location': {'street': {'number': 5777, 'name': 'Otavalankatu'}, 'city': 'Tornio', 'state': 'Pirkanmaa...</msg>
<var>${json_data}</var>
<arg>${response.json()}</arg>
<doc>Returns the given values which can then be assigned to a variables.</doc>
<status status="PASS" start="2024-05-23T01:02:58.622461" elapsed="0.000582"/>
</kw>
<kw name="Log" owner="BuiltIn">
<msg time="2024-05-23T01:02:58.623510" level="INFO">{'results': [{'gender': 'female', 'name': {'title': 'Mrs', 'first': 'Nelli', 'last': 'Rantanen'}, 'location': {'street': {'number': 5777, 'name': 'Otavalankatu'}, 'city': 'Tornio', 'state': 'Pirkanmaa', 'country': 'Finland', 'postcode': 54784, 'coordinates': {'latitude': '-27.5702', 'longitude': '2.9452'}, 'timezone': {'offset': '-4:00', 'description': 'Atlantic Time (Canada), Caracas, La Paz'}}, 'email': 'nelli.rantanen@example.com', 'login': {'uuid': 'bca498e8-7956-404d-a777-2541f563190d', 'username': 'heavydog396', 'password': 'impact', 'salt': 'JuzcpZ3E', 'md5': '0f5e931daebe5608b4c6bdc45914aa73', 'sha1': '6d1252bef76bc243914d95329e0a39286c3f9ac0', 'sha256': 'e757684d4c3f8f6f2ffa9c17587fc6f2578be828d250c8bffa34e25ed9e73d74'}, 'dob': {'date': '1960-03-26T11:40:08.870Z', 'age': 64}, 'registered': {'date': '2003-12-08T04:16:17.388Z', 'age': 20}, 'phone': '04-420-608', 'cell': '042-794-30-85', 'id': {'name': 'HETU', 'value': 'NaNNA090undefined'}, 'picture': {'large': 'https://randomuser.me/api/portraits/women/92.jpg', 'medium': 'https://randomuser.me/api/portraits/med/women/92.jpg', 'thumbnail': 'https://randomuser.me/api/portraits/thumb/women/92.jpg'}, 'nat': 'FI'}], 'info': {'seed': 'fde5fa2e2995c1eb', 'results': 1, 'page': 1, 'version': '1.4'}}</msg>
<arg>${json_data}</arg>
<doc>Logs the given message with the given level.</doc>
<status status="PASS" start="2024-05-23T01:02:58.623351" elapsed="0.000206"/>
</kw>
<kw name="Dictionary Should Contain Key" owner="Collections">
<msg time="2024-05-23T01:02:58.624003" level="INFO">False</msg>
<arg>${json_data}</arg>
<arg>results</arg>
<doc>Fails if ``key`` is not found from ``dictionary``.</doc>
<status status="PASS" start="2024-05-23T01:02:58.623848" elapsed="0.000191"/>
</kw>
<kw name="Should Not Be Empty" owner="BuiltIn">
<msg time="2024-05-23T01:02:58.624472" level="INFO">Length is 2.</msg>
<arg>${json_data}</arg>
<doc>Verifies that the given item is not empty.</doc>
<status status="PASS" start="2024-05-23T01:02:58.624336" elapsed="0.000175"/>
</kw>
<kw name="Create List" owner="BuiltIn">
<msg time="2024-05-23T01:02:58.624960" level="INFO">${expected_keys} = ['gender', 'name', 'location', 'email', 'login']</msg>
<var>${expected_keys}</var>
<arg>gender</arg>
<arg>name</arg>
<arg>location</arg>
<arg>email</arg>
<arg>login</arg>
<doc>Returns a list containing given items.</doc>
<status status="PASS" start="2024-05-23T01:02:58.624808" elapsed="0.000175"/>
</kw>
<for flavor="IN">
<iter>
<kw name="Dictionary Should Contain Key" owner="Collections">
<msg time="2024-05-23T01:02:58.625963" level="INFO">False</msg>
<arg>${json_data['results'][0]}</arg>
<arg>${key}</arg>
<doc>Fails if ``key`` is not found from ``dictionary``.</doc>
<status status="PASS" start="2024-05-23T01:02:58.625563" elapsed="0.000443"/>
</kw>
<kw name="Log" owner="BuiltIn">
<msg time="2024-05-23T01:02:58.626719" level="INFO">{'gender': 'female', 'name': {'title': 'Mrs', 'first': 'Nelli', 'last': 'Rantanen'}, 'location': {'street': {'number': 5777, 'name': 'Otavalankatu'}, 'city': 'Tornio', 'state': 'Pirkanmaa', 'country': 'Finland', 'postcode': 54784, 'coordinates': {'latitude': '-27.5702', 'longitude': '2.9452'}, 'timezone': {'offset': '-4:00', 'description': 'Atlantic Time (Canada), Caracas, La Paz'}}, 'email': 'nelli.rantanen@example.com', 'login': {'uuid': 'bca498e8-7956-404d-a777-2541f563190d', 'username': 'heavydog396', 'password': 'impact', 'salt': 'JuzcpZ3E', 'md5': '0f5e931daebe5608b4c6bdc45914aa73', 'sha1': '6d1252bef76bc243914d95329e0a39286c3f9ac0', 'sha256': 'e757684d4c3f8f6f2ffa9c17587fc6f2578be828d250c8bffa34e25ed9e73d74'}, 'dob': {'date': '1960-03-26T11:40:08.870Z', 'age': 64}, 'registered': {'date': '2003-12-08T04:16:17.388Z', 'age': 20}, 'phone': '04-420-608', 'cell': '042-794-30-85', 'id': {'name': 'HETU', 'value': 'NaNNA090undefined'}, 'picture': {'large': 'https://randomuser.me/api/portraits/women/92.jpg', 'medium': 'https://randomuser.me/api/portraits/med/women/92.jpg', 'thumbnail': 'https://randomuser.me/api/portraits/thumb/women/92.jpg'}, 'nat': 'FI'}</msg>
<arg>${json_data['results'][0]}</arg>
<doc>Logs the given message with the given level.</doc>
<status status="PASS" start="2024-05-23T01:02:58.626339" elapsed="0.000430"/>
</kw>
<kw name="Log" owner="BuiltIn">
<msg time="2024-05-23T01:02:58.627204" level="INFO">gender</msg>
<arg>${key}</arg>
<doc>Logs the given message with the given level.</doc>
<status status="PASS" start="2024-05-23T01:02:58.627075" elapsed="0.000166"/>
</kw>
<var name="${key}">gender</var>
<status status="PASS" start="2024-05-23T01:02:58.625438" elapsed="0.002018"/>
</iter>
<iter>
<kw name="Dictionary Should Contain Key" owner="Collections">
<msg time="2024-05-23T01:02:58.628229" level="INFO">False</msg>
<arg>${json_data['results'][0]}</arg>
<arg>${key}</arg>
<doc>Fails if ``key`` is not found from ``dictionary``.</doc>
<status status="PASS" start="2024-05-23T01:02:58.627756" elapsed="0.000510"/>
</kw>
<kw name="Log" owner="BuiltIn">
<msg time="2024-05-23T01:02:58.628952" level="INFO">{'gender': 'female', 'name': {'title': 'Mrs', 'first': 'Nelli', 'last': 'Rantanen'}, 'location': {'street': {'number': 5777, 'name': 'Otavalankatu'}, 'city': 'Tornio', 'state': 'Pirkanmaa', 'country': 'Finland', 'postcode': 54784, 'coordinates': {'latitude': '-27.5702', 'longitude': '2.9452'}, 'timezone': {'offset': '-4:00', 'description': 'Atlantic Time (Canada), Caracas, La Paz'}}, 'email': 'nelli.rantanen@example.com', 'login': {'uuid': 'bca498e8-7956-404d-a777-2541f563190d', 'username': 'heavydog396', 'password': 'impact', 'salt': 'JuzcpZ3E', 'md5': '0f5e931daebe5608b4c6bdc45914aa73', 'sha1': '6d1252bef76bc243914d95329e0a39286c3f9ac0', 'sha256': 'e757684d4c3f8f6f2ffa9c17587fc6f2578be828d250c8bffa34e25ed9e73d74'}, 'dob': {'date': '1960-03-26T11:40:08.870Z', 'age': 64}, 'registered': {'date': '2003-12-08T04:16:17.388Z', 'age': 20}, 'phone': '04-420-608', 'cell': '042-794-30-85', 'id': {'name': 'HETU', 'value': 'NaNNA090undefined'}, 'picture': {'large': 'https://randomuser.me/api/portraits/women/92.jpg', 'medium': 'https://randomuser.me/api/portraits/med/women/92.jpg', 'thumbnail': 'https://randomuser.me/api/portraits/thumb/women/92.jpg'}, 'nat': 'FI'}</msg>
<arg>${json_data['results'][0]}</arg>
<doc>Logs the given message with the given level.</doc>
<status status="PASS" start="2024-05-23T01:02:58.628595" elapsed="0.000405"/>
</kw>
<kw name="Log" owner="BuiltIn">
<msg time="2024-05-23T01:02:58.629433" level="INFO">name</msg>
<arg>${key}</arg>
<doc>Logs the given message with the given level.</doc>
<status status="PASS" start="2024-05-23T01:02:58.629304" elapsed="0.000165"/>
</kw>
<var name="${key}">name</var>
<status status="PASS" start="2024-05-23T01:02:58.627641" elapsed="0.002043"/>
</iter>
<iter>
<kw name="Dictionary Should Contain Key" owner="Collections">
<msg time="2024-05-23T01:02:58.630393" level="INFO">False</msg>
<arg>${json_data['results'][0]}</arg>
<arg>${key}</arg>
<doc>Fails if ``key`` is not found from ``dictionary``.</doc>
<status status="PASS" start="2024-05-23T01:02:58.629974" elapsed="0.000458"/>
</kw>
<kw name="Log" owner="BuiltIn">
<msg time="2024-05-23T01:02:58.631105" level="INFO">{'gender': 'female', 'name': {'title': 'Mrs', 'first': 'Nelli', 'last': 'Rantanen'}, 'location': {'street': {'number': 5777, 'name': 'Otavalankatu'}, 'city': 'Tornio', 'state': 'Pirkanmaa', 'country': 'Finland', 'postcode': 54784, 'coordinates': {'latitude': '-27.5702', 'longitude': '2.9452'}, 'timezone': {'offset': '-4:00', 'description': 'Atlantic Time (Canada), Caracas, La Paz'}}, 'email': 'nelli.rantanen@example.com', 'login': {'uuid': 'bca498e8-7956-404d-a777-2541f563190d', 'username': 'heavydog396', 'password': 'impact', 'salt': 'JuzcpZ3E', 'md5': '0f5e931daebe5608b4c6bdc45914aa73', 'sha1': '6d1252bef76bc243914d95329e0a39286c3f9ac0', 'sha256': 'e757684d4c3f8f6f2ffa9c17587fc6f2578be828d250c8bffa34e25ed9e73d74'}, 'dob': {'date': '1960-03-26T11:40:08.870Z', 'age': 64}, 'registered': {'date': '2003-12-08T04:16:17.388Z', 'age': 20}, 'phone': '04-420-608', 'cell': '042-794-30-85', 'id': {'name': 'HETU', 'value': 'NaNNA090undefined'}, 'picture': {'large': 'https://randomuser.me/api/portraits/women/92.jpg', 'medium': 'https://randomuser.me/api/portraits/med/women/92.jpg', 'thumbnail': 'https://randomuser.me/api/portraits/thumb/women/92.jpg'}, 'nat': 'FI'}</msg>
<arg>${json_data['results'][0]}</arg>
<doc>Logs the given message with the given level.</doc>
<status status="PASS" start="2024-05-23T01:02:58.630736" elapsed="0.000418"/>
</kw>
<kw name="Log" owner="BuiltIn">
<msg time="2024-05-23T01:02:58.631577" level="INFO">location</msg>
<arg>${key}</arg>
<doc>Logs the given message with the given level.</doc>
<status status="PASS" start="2024-05-23T01:02:58.631449" elapsed="0.000165"/>
</kw>
<var name="${key}">location</var>
<status status="PASS" start="2024-05-23T01:02:58.629862" elapsed="0.001971"/>
</iter>
<iter>
<kw name="Dictionary Should Contain Key" owner="Collections">
<msg time="2024-05-23T01:02:58.632603" level="INFO">False</msg>
<arg>${json_data['results'][0]}</arg>
<arg>${key}</arg>
<doc>Fails if ``key`` is not found from ``dictionary``.</doc>
<status status="PASS" start="2024-05-23T01:02:58.632116" elapsed="0.000525"/>
</kw>
<kw name="Log" owner="BuiltIn">
<msg time="2024-05-23T01:02:58.633298" level="INFO">{'gender': 'female', 'name': {'title': 'Mrs', 'first': 'Nelli', 'last': 'Rantanen'}, 'location': {'street': {'number': 5777, 'name': 'Otavalankatu'}, 'city': 'Tornio', 'state': 'Pirkanmaa', 'country': 'Finland', 'postcode': 54784, 'coordinates': {'latitude': '-27.5702', 'longitude': '2.9452'}, 'timezone': {'offset': '-4:00', 'description': 'Atlantic Time (Canada), Caracas, La Paz'}}, 'email': 'nelli.rantanen@example.com', 'login': {'uuid': 'bca498e8-7956-404d-a777-2541f563190d', 'username': 'heavydog396', 'password': 'impact', 'salt': 'JuzcpZ3E', 'md5': '0f5e931daebe5608b4c6bdc45914aa73', 'sha1': '6d1252bef76bc243914d95329e0a39286c3f9ac0', 'sha256': 'e757684d4c3f8f6f2ffa9c17587fc6f2578be828d250c8bffa34e25ed9e73d74'}, 'dob': {'date': '1960-03-26T11:40:08.870Z', 'age': 64}, 'registered': {'date': '2003-12-08T04:16:17.388Z', 'age': 20}, 'phone': '04-420-608', 'cell': '042-794-30-85', 'id': {'name': 'HETU', 'value': 'NaNNA090undefined'}, 'picture': {'large': 'https://randomuser.me/api/portraits/women/92.jpg', 'medium': 'https://randomuser.me/api/portraits/med/women/92.jpg', 'thumbnail': 'https://randomuser.me/api/portraits/thumb/women/92.jpg'}, 'nat': 'FI'}</msg>
<arg>${json_data['results'][0]}</arg>
<doc>Logs the given message with the given level.</doc>
<status status="PASS" start="2024-05-23T01:02:58.632940" elapsed="0.000406"/>
</kw>
<kw name="Log" owner="BuiltIn">
<msg time="2024-05-23T01:02:58.633771" level="INFO">email</msg>
<arg>${key}</arg>
<doc>Logs the given message with the given level.</doc>
<status status="PASS" start="2024-05-23T01:02:58.633643" elapsed="0.000165"/>
</kw>
<var name="${key}">email</var>
<status status="PASS" start="2024-05-23T01:02:58.632006" elapsed="0.002018"/>
</iter>
<iter>
<kw name="Dictionary Should Contain Key" owner="Collections">
<msg time="2024-05-23T01:02:58.634726" level="INFO">False</msg>
<arg>${json_data['results'][0]}</arg>
<arg>${key}</arg>
<doc>Fails if ``key`` is not found from ``dictionary``.</doc>
<status status="PASS" start="2024-05-23T01:02:58.634345" elapsed="0.000418"/>
</kw>
<kw name="Log" owner="BuiltIn">
<msg time="2024-05-23T01:02:58.635426" level="INFO">{'gender': 'female', 'name': {'title': 'Mrs', 'first': 'Nelli', 'last': 'Rantanen'}, 'location': {'street': {'number': 5777, 'name': 'Otavalankatu'}, 'city': 'Tornio', 'state': 'Pirkanmaa', 'country': 'Finland', 'postcode': 54784, 'coordinates': {'latitude': '-27.5702', 'longitude': '2.9452'}, 'timezone': {'offset': '-4:00', 'description': 'Atlantic Time (Canada), Caracas, La Paz'}}, 'email': 'nelli.rantanen@example.com', 'login': {'uuid': 'bca498e8-7956-404d-a777-2541f563190d', 'username': 'heavydog396', 'password': 'impact', 'salt': 'JuzcpZ3E', 'md5': '0f5e931daebe5608b4c6bdc45914aa73', 'sha1': '6d1252bef76bc243914d95329e0a39286c3f9ac0', 'sha256': 'e757684d4c3f8f6f2ffa9c17587fc6f2578be828d250c8bffa34e25ed9e73d74'}, 'dob': {'date': '1960-03-26T11:40:08.870Z', 'age': 64}, 'registered': {'date': '2003-12-08T04:16:17.388Z', 'age': 20}, 'phone': '04-420-608', 'cell': '042-794-30-85', 'id': {'name': 'HETU', 'value': 'NaNNA090undefined'}, 'picture': {'large': 'https://randomuser.me/api/portraits/women/92.jpg', 'medium': 'https://randomuser.me/api/portraits/med/women/92.jpg', 'thumbnail': 'https://randomuser.me/api/portraits/thumb/women/92.jpg'}, 'nat': 'FI'}</msg>
<arg>${json_data['results'][0]}</arg>
<doc>Logs the given message with the given level.</doc>
<status status="PASS" start="2024-05-23T01:02:58.635066" elapsed="0.000416"/>
</kw>
<kw name="Log" owner="BuiltIn">
<msg time="2024-05-23T01:02:58.635901" level="INFO">login</msg>
<arg>${key}</arg>
<doc>Logs the given message with the given level.</doc>
<status status="PASS" start="2024-05-23T01:02:58.635774" elapsed="0.000164"/>
</kw>
<var name="${key}">login</var>
<status status="PASS" start="2024-05-23T01:02:58.634197" elapsed="0.001977"/>
</iter>
<var>${key}</var>
<value>@{expected_keys}</value>
<status status="PASS" start="2024-05-23T01:02:58.625247" elapsed="0.011052"/>
</for>
<kw name="Create List" owner="BuiltIn">
<msg time="2024-05-23T01:02:58.636630" level="INFO">${expected_keysTwo} = ['username', 'password']</msg>
<var>${expected_keysTwo}</var>
<arg>username</arg>
<arg>password</arg>
<doc>Returns a list containing given items.</doc>
<status status="PASS" start="2024-05-23T01:02:58.636492" elapsed="0.000160"/>
</kw>
<for flavor="IN">
<iter>
<kw name="Dictionary Should Contain Key" owner="Collections">
<msg time="2024-05-23T01:02:58.637524" level="INFO">False</msg>
<arg>${json_data['results'][0]['login']}</arg>
<arg>${keyTwo}</arg>
<doc>Fails if ``key`` is not found from ``dictionary``.</doc>
<status status="PASS" start="2024-05-23T01:02:58.637143" elapsed="0.000418"/>
</kw>
<kw name="Dictionary Should Contain Key" owner="Collections">
<msg time="2024-05-23T01:02:58.638231" level="INFO">False</msg>
<arg>${json_data['results'][0]['login']}</arg>
<arg>${keyTwo}</arg>
<doc>Fails if ``key`` is not found from ``dictionary``.</doc>
<status status="PASS" start="2024-05-23T01:02:58.637855" elapsed="0.000445"/>
</kw>
<kw name="Log" owner="BuiltIn">
<msg time="2024-05-23T01:02:58.638734" level="INFO">username</msg>
<arg>${keyTwo}</arg>
<doc>Logs the given message with the given level.</doc>
<status status="PASS" start="2024-05-23T01:02:58.638606" elapsed="0.000164"/>
</kw>
<var name="${keyTwo}">username</var>
<status status="PASS" start="2024-05-23T01:02:58.637036" elapsed="0.001951"/>
</iter>
<iter>
<kw name="Dictionary Should Contain Key" owner="Collections">
<msg time="2024-05-23T01:02:58.639646" level="INFO">False</msg>
<arg>${json_data['results'][0]['login']}</arg>
<arg>${keyTwo}</arg>
<doc>Fails if ``key`` is not found from ``dictionary``.</doc>
<status status="PASS" start="2024-05-23T01:02:58.639266" elapsed="0.000417"/>
</kw>
<kw name="Dictionary Should Contain Key" owner="Collections">
<msg time="2024-05-23T01:02:58.640346" level="INFO">False</msg>
<arg>${json_data['results'][0]['login']}</arg>
<arg>${keyTwo}</arg>
<doc>Fails if ``key`` is not found from ``dictionary``.</doc>
<status status="PASS" start="2024-05-23T01:02:58.639974" elapsed="0.000408"/>
</kw>
<kw name="Log" owner="BuiltIn">
<msg time="2024-05-23T01:02:58.640805" level="INFO">password</msg>
<arg>${keyTwo}</arg>
<doc>Logs the given message with the given level.</doc>
<status status="PASS" start="2024-05-23T01:02:58.640677" elapsed="0.000164"/>
</kw>
<var name="${keyTwo}">password</var>
<status status="PASS" start="2024-05-23T01:02:58.639157" elapsed="0.001908"/>
</iter>
<var>${keyTwo}</var>
<value>@{expected_keysTwo}</value>
<status status="PASS" start="2024-05-23T01:02:58.636888" elapsed="0.004299"/>
</for>
<status status="PASS" start="2024-05-23T01:02:58.527472" elapsed="0.113856"/>
</kw>
<doc>Testa a estrutura da resposta da API.</doc>
<tag>testeEstruturaResposta</tag>
<status status="PASS" start="2024-05-23T01:02:58.526856" elapsed="0.114620"/>
</test>
<test id="s1-s1-t4" name="Validar tipos de dados" line="28">
<kw name="Teste de Tipos de Dados" owner="random-user-service">
<kw name="GET On Session" owner="RequestsLibrary">
<msg time="2024-05-23T01:02:58.725478" level="INFO">GET Request : url=https://randomuser.me/api 
 path_url=/api 
 headers={'User-Agent': 'python-requests/2.32.2', 'Accept-Encoding': 'gzip, deflate', 'Accept': '*/*', 'Connection': 'keep-alive'} 
 body=None 
 </msg>
<msg time="2024-05-23T01:02:58.725554" level="INFO">GET Response : url=https://randomuser.me/api 
 status=200, reason=OK 
 headers={'Date': 'Thu, 23 May 2024 01:02:58 GMT', 'Content-Type': 'application/json; charset=utf-8', 'Transfer-Encoding': 'chunked', 'Connection': 'keep-alive', 'X-Powered-By': 'Express', 'Access-Control-Allow-Origin': '*', 'Cache-Control': 'no-cache', 'ETag': 'W/"4ad-4uUzIwqnsG+1iFUmCzAmKd2ORFc"', 'Vary': 'Accept-Encoding', 'Content-Encoding': 'gzip', 'CF-Cache-Status': 'DYNAMIC', 'Report-To': '{"endpoints":[{"url":"https:\\/\\/a.nel.cloudflare.com\\/report\\/v4?s=3cWC1AErFoLWwve3VORtwdNnASpgvOy4fdbkxeBghhwpWKoyEHI%2BCQOpqwCWDF05hNbG4GkDwBtLXv%2BDru512J9LTgSz8APQFRpmFwdmc%2BYYhnY5IoOiSZ2cNZtOCXO%2B"}],"group":"cf-nel","max_age":604800}', 'NEL': '{"success_fraction":0,"report_to":"cf-nel","max_age":604800}', 'Server': 'cloudflare', 'CF-RAY': '88811fa089fd8245-IAD', 'alt-svc': 'h3=":443"; ma=86400'} 
 body={"results":[{"gender":"female","name":{"title":"Mrs","first":"Bianca","last":"Pedraza"},"location":{"street":{"number":4272,"name":"Privada Sur Puente"},"city":"Villa de Ramos","state":"Michoacan","country":"Mexico","postcode":41592,"coordinates":{"latitude":"21.4540","longitude":"74.4609"},"timezone":{"offset":"-4:00","description":"Atlantic Time (Canada), Caracas, La Paz"}},"email":"bianca.pedraza@example.com","login":{"uuid":"2ba46df7-51e1-4695-9fb6-a04564ecae58","username":"greenostrich142","password":"reds","salt":"f6hAMtg0","md5":"f2c69439a89658c65731593c78a750f1","sha1":"a625634d80c328c9881d831d3996ab708d131f9e","sha256":"d1f12beb0ee3fcea8e26986a864421ac6025a55eec5cb6b5a71be515a84420e0"},"dob":{"date":"1959-01-01T04:34:09.786Z","age":65},"registered":{"date":"2008-08-15T14:28:14.211Z","age":15},"phone":"(628) 769 3501","cell":"(680) 342 4781","id":{"name":"NSS","value":"89 87 02 4928 0"},"picture":{"large":"https://randomuser.me/api/portraits/women/41.jpg","medium":"https://randomuser.me/api/portraits/med/women/41.jpg","thumbnail":"https://randomuser.me/api/portraits/thumb/women/41.jpg"},"nat":"MX"}],"info":{"seed":"6ce2934ff920ee26","results":1,"page":1,"version":"1.4"}} 
 </msg>
<msg time="2024-05-23T01:02:58.725618" level="INFO">/opt/hostedtoolcache/Python/3.12.3/x64/lib/python3.12/site-packages/urllib3/connectionpool.py:1103: InsecureRequestWarning: Unverified HTTPS request is being made to host 'randomuser.me'. Adding certificate verification is strongly advised. See: https://urllib3.readthedocs.io/en/latest/advanced-usage.html#tls-warnings
  warnings.warn(</msg>
<msg time="2024-05-23T01:02:58.725722" level="INFO">${response} = &lt;Response [200]&gt;</msg>
<var>${response}</var>
<arg>consultarAPI</arg>
<arg>/api</arg>
<doc>Sends a GET request on a previously created HTTP Session.</doc>
<status status="PASS" start="2024-05-23T01:02:58.644050" elapsed="0.081722"/>
</kw>
<kw name="Set Variable" owner="BuiltIn">
<msg time="2024-05-23T01:02:58.726834" level="INFO">${json_data} = {'results': [{'gender': 'female', 'name': {'title': 'Mrs', 'first': 'Bianca', 'last': 'Pedraza'}, 'location': {'street': {'number': 4272, 'name': 'Privada Sur Puente'}, 'city': 'Villa de Ramos', 'stat...</msg>
<var>${json_data}</var>
<arg>${response.json()}</arg>
<doc>Returns the given values which can then be assigned to a variables.</doc>
<status status="PASS" start="2024-05-23T01:02:58.726279" elapsed="0.000583"/>
</kw>
<kw name="Log" owner="BuiltIn">
<msg time="2024-05-23T01:02:58.727323" level="INFO">{'results': [{'gender': 'female', 'name': {'title': 'Mrs', 'first': 'Bianca', 'last': 'Pedraza'}, 'location': {'street': {'number': 4272, 'name': 'Privada Sur Puente'}, 'city': 'Villa de Ramos', 'state': 'Michoacan', 'country': 'Mexico', 'postcode': 41592, 'coordinates': {'latitude': '21.4540', 'longitude': '74.4609'}, 'timezone': {'offset': '-4:00', 'description': 'Atlantic Time (Canada), Caracas, La Paz'}}, 'email': 'bianca.pedraza@example.com', 'login': {'uuid': '2ba46df7-51e1-4695-9fb6-a04564ecae58', 'username': 'greenostrich142', 'password': 'reds', 'salt': 'f6hAMtg0', 'md5': 'f2c69439a89658c65731593c78a750f1', 'sha1': 'a625634d80c328c9881d831d3996ab708d131f9e', 'sha256': 'd1f12beb0ee3fcea8e26986a864421ac6025a55eec5cb6b5a71be515a84420e0'}, 'dob': {'date': '1959-01-01T04:34:09.786Z', 'age': 65}, 'registered': {'date': '2008-08-15T14:28:14.211Z', 'age': 15}, 'phone': '(628) 769 3501', 'cell': '(680) 342 4781', 'id': {'name': 'NSS', 'value': '89 87 02 4928 0'}, 'picture': {'large': 'https://randomuser.me/api/portraits/women/41.jpg', 'medium': 'https://randomuser.me/api/portraits/med/women/41.jpg', 'thumbnail': 'https://randomuser.me/api/portraits/thumb/women/41.jpg'}, 'nat': 'MX'}], 'info': {'seed': '6ce2934ff920ee26', 'results': 1, 'page': 1, 'version': '1.4'}}</msg>
<arg>${json_data}</arg>
<doc>Logs the given message with the given level.</doc>
<status status="PASS" start="2024-05-23T01:02:58.727172" elapsed="0.000230"/>
</kw>
<kw name="Should Be String" owner="String">
<arg>${json_data['results'][0]['gender']}</arg>
<doc>Fails if the given ``item`` is not a string.</doc>
<status status="PASS" start="2024-05-23T01:02:58.727700" elapsed="0.000362"/>
</kw>
<kw name="Should Match Regexp" owner="BuiltIn">
<arg>${json_data['results'][0]['email']}</arg>
<arg>^[a-zA-Z0-9._%+-]+@[a-zA-Z0-9.-]+\.[a-zA-Z]{2,}$</arg>
<doc>Fails if ``string`` does not match ``pattern`` as a regular expression.</doc>
<status status="PASS" start="2024-05-23T01:02:58.728252" elapsed="0.000621"/>
</kw>
<kw name="Should Match Regexp" owner="BuiltIn">
<arg>${json_data['results'][0]['dob']['date']}</arg>
<arg>\\d{4}-\\d{2}-\\d{2}T\\d{2}:\\d{2}:\\d{2}\\.\\d{3}Z</arg>
<doc>Fails if ``string`` does not match ``pattern`` as a regular expression.</doc>
<status status="PASS" start="2024-05-23T01:02:58.729071" elapsed="0.000480"/>
</kw>
<kw name="Should Match Regexp" owner="BuiltIn">
<arg>${json_data['results'][0]['registered']['date']}</arg>
<arg>\\d{4}-\\d{2}-\\d{2}T\\d{2}:\\d{2}:\\d{2}\\.\\d{3}Z</arg>
<doc>Fails if ``string`` does not match ``pattern`` as a regular expression.</doc>
<status status="PASS" start="2024-05-23T01:02:58.729743" elapsed="0.000360"/>
</kw>
<kw name="Should Match Regexp" owner="BuiltIn">
<arg>${json_data['results'][0]['picture']['large']}</arg>
<arg>^https?://.*\.(?:png|jpe?g|gif|bmp)$</arg>
<doc>Fails if ``string`` does not match ``pattern`` as a regular expression.</doc>
<status status="PASS" start="2024-05-23T01:02:58.730324" elapsed="0.000477"/>
</kw>
<kw name="Should Match Regexp" owner="BuiltIn">
<arg>${json_data['results'][0]['picture']['medium']}</arg>
<arg>^https?://.*\.(?:png|jpe?g|gif|bmp)$</arg>
<doc>Fails if ``string`` does not match ``pattern`` as a regular expression.</doc>
<status status="PASS" start="2024-05-23T01:02:58.731000" elapsed="0.000354"/>
</kw>
<kw name="Should Match Regexp" owner="BuiltIn">
<arg>${json_data['results'][0]['picture']['thumbnail']}</arg>
<arg>^https?://.*\.(?:png|jpe?g|gif|bmp)$</arg>
<doc>Fails if ``string`` does not match ``pattern`` as a regular expression.</doc>
<status status="PASS" start="2024-05-23T01:02:58.731541" elapsed="0.000347"/>
</kw>
<kw name="Log" owner="BuiltIn">
<msg time="2024-05-23T01:02:58.732386" level="INFO">{'large': 'https://randomuser.me/api/portraits/women/41.jpg', 'medium': 'https://randomuser.me/api/portraits/med/women/41.jpg', 'thumbnail': 'https://randomuser.me/api/portraits/thumb/women/41.jpg'}</msg>
<arg>${json_data['results'][0]['picture']}</arg>
<doc>Logs the given message with the given level.</doc>
<status status="PASS" start="2024-05-23T01:02:58.732068" elapsed="0.000358"/>
</kw>
<status status="PASS" start="2024-05-23T01:02:58.643813" elapsed="0.088863"/>
</kw>
<kw name="Teste de Tipos de Dados - Postcode" owner="random-user-service">
<kw name="GET On Session" owner="RequestsLibrary">
<msg time="2024-05-23T01:02:58.841653" level="INFO">GET Request : url=https://randomuser.me/api 
 path_url=/api 
 headers={'User-Agent': 'python-requests/2.32.2', 'Accept-Encoding': 'gzip, deflate', 'Accept': '*/*', 'Connection': 'keep-alive'} 
 body=None 
 </msg>
<msg time="2024-05-23T01:02:58.841732" level="INFO">GET Response : url=https://randomuser.me/api 
 status=200, reason=OK 
 headers={'Date': 'Thu, 23 May 2024 01:02:58 GMT', 'Content-Type': 'application/json; charset=utf-8', 'Transfer-Encoding': 'chunked', 'Connection': 'keep-alive', 'X-Powered-By': 'Express', 'Access-Control-Allow-Origin': '*', 'Cache-Control': 'no-cache', 'ETag': 'W/"47e-lRNPd6a4BO+4X6sk4xv6L1g4MKk"', 'Vary': 'Accept-Encoding', 'Content-Encoding': 'gzip', 'CF-Cache-Status': 'DYNAMIC', 'Report-To': '{"endpoints":[{"url":"https:\\/\\/a.nel.cloudflare.com\\/report\\/v4?s=ZUOYg%2FTUAVaRFSM%2B6R4Yc3v%2BWMRuEuCegSa9Bx3w02DTtNULwLuoKc6Yn%2FujHcPKabFr7AHfeixUohn0pimMxXuujNcRgPqfxFHJWB2YyeZ15VAzKPO%2Ft2U3ABn5qzGl"}],"group":"cf-nel","max_age":604800}', 'NEL': '{"success_fraction":0,"report_to":"cf-nel","max_age":604800}', 'Server': 'cloudflare', 'CF-RAY': '88811fa11a9c8245-IAD', 'alt-svc': 'h3=":443"; ma=86400'} 
 body={"results":[{"gender":"male","name":{"title":"Mr","first":"Magnus","last":"Mortensen"},"location":{"street":{"number":8447,"name":"Lillevangsvej"},"city":"Stenderup","state":"Danmark","country":"Denmark","postcode":88313,"coordinates":{"latitude":"-45.9983","longitude":"-115.7022"},"timezone":{"offset":"-12:00","description":"Eniwetok, Kwajalein"}},"email":"magnus.mortensen@example.com","login":{"uuid":"880d7c0d-c9be-4220-b439-56e399e4ec36","username":"bluemeercat398","password":"compass","salt":"WJQ5kkan","md5":"c666a71c3ba0e5f2cfc1af03e4707f41","sha1":"2b8224958ab36f593aa91673f79b85f7029290ba","sha256":"5082988ff5c7202a29b4dba2a63878609df12ad2a6ce85533bbeece6ae168807"},"dob":{"date":"1968-11-30T15:57:59.641Z","age":55},"registered":{"date":"2020-03-29T03:33:24.026Z","age":4},"phone":"56928723","cell":"17063572","id":{"name":"CPR","value":"301168-0744"},"picture":{"large":"https://randomuser.me/api/portraits/men/19.jpg","medium":"https://randomuser.me/api/portraits/med/men/19.jpg","thumbnail":"https://randomuser.me/api/portraits/thumb/men/19.jpg"},"nat":"DK"}],"info":{"seed":"fc9a569ab7520638","results":1,"page":1,"version":"1.4"}} 
 </msg>
<msg time="2024-05-23T01:02:58.841799" level="INFO">/opt/hostedtoolcache/Python/3.12.3/x64/lib/python3.12/site-packages/urllib3/connectionpool.py:1103: InsecureRequestWarning: Unverified HTTPS request is being made to host 'randomuser.me'. Adding certificate verification is strongly advised. See: https://urllib3.readthedocs.io/en/latest/advanced-usage.html#tls-warnings
  warnings.warn(</msg>
<msg time="2024-05-23T01:02:58.841903" level="INFO">${response} = &lt;Response [200]&gt;</msg>
<var>${response}</var>
<arg>consultarAPI</arg>
<arg>/api</arg>
<doc>Sends a GET request on a previously created HTTP Session.</doc>
<status status="PASS" start="2024-05-23T01:02:58.733098" elapsed="0.108843"/>
</kw>
<kw name="Set Variable" owner="BuiltIn">
<msg time="2024-05-23T01:02:58.842847" level="INFO">${json_data} = {'results': [{'gender': 'male', 'name': {'title': 'Mr', 'first': 'Magnus', 'last': 'Mortensen'}, 'location': {'street': {'number': 8447, 'name': 'Lillevangsvej'}, 'city': 'Stenderup', 'state': 'Danmar...</msg>
<var>${json_data}</var>
<arg>${response.json()}</arg>
<doc>Returns the given values which can then be assigned to a variables.</doc>
<status status="PASS" start="2024-05-23T01:02:58.842396" elapsed="0.000479"/>
</kw>
<kw name="Log" owner="BuiltIn">
<msg time="2024-05-23T01:02:58.843340" level="INFO">{'results': [{'gender': 'male', 'name': {'title': 'Mr', 'first': 'Magnus', 'last': 'Mortensen'}, 'location': {'street': {'number': 8447, 'name': 'Lillevangsvej'}, 'city': 'Stenderup', 'state': 'Danmark', 'country': 'Denmark', 'postcode': 88313, 'coordinates': {'latitude': '-45.9983', 'longitude': '-115.7022'}, 'timezone': {'offset': '-12:00', 'description': 'Eniwetok, Kwajalein'}}, 'email': 'magnus.mortensen@example.com', 'login': {'uuid': '880d7c0d-c9be-4220-b439-56e399e4ec36', 'username': 'bluemeercat398', 'password': 'compass', 'salt': 'WJQ5kkan', 'md5': 'c666a71c3ba0e5f2cfc1af03e4707f41', 'sha1': '2b8224958ab36f593aa91673f79b85f7029290ba', 'sha256': '5082988ff5c7202a29b4dba2a63878609df12ad2a6ce85533bbeece6ae168807'}, 'dob': {'date': '1968-11-30T15:57:59.641Z', 'age': 55}, 'registered': {'date': '2020-03-29T03:33:24.026Z', 'age': 4}, 'phone': '56928723', 'cell': '17063572', 'id': {'name': 'CPR', 'value': '301168-0744'}, 'picture': {'large': 'https://randomuser.me/api/portraits/men/19.jpg', 'medium': 'https://randomuser.me/api/portraits/med/men/19.jpg', 'thumbnail': 'https://randomuser.me/api/portraits/thumb/men/19.jpg'}, 'nat': 'DK'}], 'info': {'seed': 'fc9a569ab7520638', 'results': 1, 'page': 1, 'version': '1.4'}}</msg>
<arg>${json_data}</arg>
<doc>Logs the given message with the given level.</doc>
<status status="PASS" start="2024-05-23T01:02:58.843185" elapsed="0.000231"/>
</kw>
<kw name="Should Be Equal As Numbers" owner="BuiltIn">
<arg>${json_data['results'][0]['location']['postcode']}</arg>
<arg>${json_data['results'][0]['location']['postcode']}</arg>
<doc>Fails if objects are unequal after converting them to real numbers.</doc>
<status status="PASS" start="2024-05-23T01:02:58.843719" elapsed="0.000615"/>
</kw>
<kw name="Log" owner="BuiltIn">
<msg time="2024-05-23T01:02:58.844856" level="INFO">88313</msg>
<arg>${json_data['results'][0]['location']['postcode']}</arg>
<doc>Logs the given message with the given level.</doc>
<status status="PASS" start="2024-05-23T01:02:58.844525" elapsed="0.000370"/>
</kw>
<status status="PASS" start="2024-05-23T01:02:58.732886" elapsed="0.112261"/>
</kw>
<doc>Testa se os tipos de dados na resposta da API estão corretos.</doc>
<tag>testeTiposDados</tag>
<status status="PASS" start="2024-05-23T01:02:58.643267" elapsed="0.202038"/>
</test>
<test id="s1-s1-t5" name="Validar conteudo" line="35">
<kw name="Teste de Tipos de Conteudo" owner="random-user-service">
<kw name="GET On Session" owner="RequestsLibrary">
<msg time="2024-05-23T01:02:58.940315" level="INFO">GET Request : url=https://randomuser.me/api 
 path_url=/api 
 headers={'User-Agent': 'python-requests/2.32.2', 'Accept-Encoding': 'gzip, deflate', 'Accept': '*/*', 'Connection': 'keep-alive'} 
 body=None 
 </msg>
<msg time="2024-05-23T01:02:58.940396" level="INFO">GET Response : url=https://randomuser.me/api 
 status=200, reason=OK 
 headers={'Date': 'Thu, 23 May 2024 01:02:58 GMT', 'Content-Type': 'application/json; charset=utf-8', 'Transfer-Encoding': 'chunked', 'Connection': 'keep-alive', 'X-Powered-By': 'Express', 'Access-Control-Allow-Origin': '*', 'Cache-Control': 'no-cache', 'ETag': 'W/"4ad-BPtfgDqopCdhI8eH3qB7Xznvqw0"', 'Vary': 'Accept-Encoding', 'Content-Encoding': 'gzip', 'CF-Cache-Status': 'DYNAMIC', 'Report-To': '{"endpoints":[{"url":"https:\\/\\/a.nel.cloudflare.com\\/report\\/v4?s=VtWpnKPZ9zIJqdH7gFfw3UOD%2FvqgBPd9%2Fa4OKi9CjUvumtme7zOgXCstSnfWNhdjQIx6K%2BGqb9CXffkT1A6nupJxM3zIHkqbjjFTSTrzFydLepc0xnppOnTDGn4YvWHJ"}],"group":"cf-nel","max_age":604800}', 'NEL': '{"success_fraction":0,"report_to":"cf-nel","max_age":604800}', 'Server': 'cloudflare', 'CF-RAY': '88811fa1db898245-IAD', 'alt-svc': 'h3=":443"; ma=86400'} 
 body={"results":[{"gender":"female","name":{"title":"Ms","first":"Mauritânia","last":"Martins"},"location":{"street":{"number":6770,"name":"Rua São João "},"city":"Divinópolis","state":"Distrito Federal","country":"Brazil","postcode":64007,"coordinates":{"latitude":"-77.6614","longitude":"31.2114"},"timezone":{"offset":"+2:00","description":"Kaliningrad, South Africa"}},"email":"mauritania.martins@example.com","login":{"uuid":"a8a8ac43-9fab-4e70-a809-361fc9542983","username":"organicelephant467","password":"565656","salt":"7QT3DdzF","md5":"0bf9c7242100b035026e14cc43ee5f46","sha1":"340adf40a2ece6a7afb88080807c06847e5762c7","sha256":"e601d88499ed95d27f2993436565b9fab9ef6b39d8651c17e9490f61eb6fb05f"},"dob":{"date":"1949-09-12T04:51:43.651Z","age":74},"registered":{"date":"2022-05-16T16:52:47.838Z","age":2},"phone":"(63) 2155-2906","cell":"(95) 1153-9355","id":{"name":"CPF","value":"823.773.406-78"},"picture":{"large":"https://randomuser.me/api/portraits/women/75.jpg","medium":"https://randomuser.me/api/portraits/med/women/75.jpg","thumbnail":"https://randomuser.me/api/portraits/thumb/women/75.jpg"},"nat":"BR"}],"info":{"seed":"572e66d6d52492f8","results":1,"page":1,"version":"1.4"}} 
 </msg>
<msg time="2024-05-23T01:02:58.940454" level="INFO">/opt/hostedtoolcache/Python/3.12.3/x64/lib/python3.12/site-packages/urllib3/connectionpool.py:1103: InsecureRequestWarning: Unverified HTTPS request is being made to host 'randomuser.me'. Adding certificate verification is strongly advised. See: https://urllib3.readthedocs.io/en/latest/advanced-usage.html#tls-warnings
  warnings.warn(</msg>
<msg time="2024-05-23T01:02:58.940545" level="INFO">${response} = &lt;Response [200]&gt;</msg>
<var>${response}</var>
<arg>consultarAPI</arg>
<arg>/api</arg>
<doc>Sends a GET request on a previously created HTTP Session.</doc>
<status status="PASS" start="2024-05-23T01:02:58.847758" elapsed="0.092815"/>
</kw>
<kw name="Set Variable" owner="BuiltIn">
<msg time="2024-05-23T01:02:58.941426" level="INFO">${json_data} = {'results': [{'gender': 'female', 'name': {'title': 'Ms', 'first': 'Mauritânia', 'last': 'Martins'}, 'location': {'street': {'number': 6770, 'name': 'Rua São João '}, 'city': 'Divinópolis', 'state': '...</msg>
<var>${json_data}</var>
<arg>${response.json()}</arg>
<doc>Returns the given values which can then be assigned to a variables.</doc>
<status status="PASS" start="2024-05-23T01:02:58.940965" elapsed="0.000492"/>
</kw>
<kw name="Set Variable" owner="BuiltIn">
<msg time="2024-05-23T01:02:58.942142" level="INFO">${name_title} = Ms</msg>
<var>${name_title}</var>
<arg>${json_data["results"][0]["name"]["title"]}</arg>
<doc>Returns the given values which can then be assigned to a variables.</doc>
<status status="PASS" start="2024-05-23T01:02:58.941761" elapsed="0.000406"/>
</kw>
<kw name="Create List" owner="BuiltIn">
<msg time="2024-05-23T01:02:58.942665" level="INFO">${allowed_titles} = ['Mr', 'Ms', 'Miss', 'Mrs', 'Madame', 'Monsieur']</msg>
<var>${allowed_titles}</var>
<arg>Mr</arg>
<arg>Ms</arg>
<arg>Miss</arg>
<arg>Mrs</arg>
<arg>Madame</arg>
<arg>Monsieur</arg>
<doc>Returns a list containing given items.</doc>
<status status="PASS" start="2024-05-23T01:02:58.942514" elapsed="0.000175"/>
</kw>
<kw name="List Should Contain Value" owner="Collections">
<msg time="2024-05-23T01:02:58.943160" level="INFO">False</msg>
<arg>${allowed_titles}</arg>
<arg>${name_title}</arg>
<doc>Fails if the ``value`` is not found from ``list``.</doc>
<status status="PASS" start="2024-05-23T01:02:58.942987" elapsed="0.000208"/>
</kw>
<kw name="Set Variable" owner="BuiltIn">
<msg time="2024-05-23T01:02:58.944005" level="INFO">${name_country} = BR</msg>
<var>${name_country}</var>
<arg>${json_data["results"][0]["nat"]}</arg>
<doc>Returns the given values which can then be assigned to a variables.</doc>
<status status="PASS" start="2024-05-23T01:02:58.943486" elapsed="0.000544"/>
</kw>
<kw name="Create List" owner="BuiltIn">
<msg time="2024-05-23T01:02:58.944949" level="INFO">${list_country} = ['AD', 'AE', 'AF', 'AG', 'AI', 'AL', 'AM', 'AO', 'AQ', 'AR', 'AS', 'AT', 'AU', 'AW', 'AX', 'AZ', 'BA', 'BB', 'BD', 'BE', 'BF', 'BG', 'BH', 'BI', 'BJ', 'BL', 'BM', 'BN', 'BO', 'BQ', 'BR', 'BS', 'BT', '...</msg>
<var>${list_country}</var>
<arg>AD</arg>
<arg>AE</arg>
<arg>AF</arg>
<arg>AG</arg>
<arg>AI</arg>
<arg>AL</arg>
<arg>AM</arg>
<arg>AO</arg>
<arg>AQ</arg>
<arg>AR</arg>
<arg>AS</arg>
<arg>AT</arg>
<arg>AU</arg>
<arg>AW</arg>
<arg>AX</arg>
<arg>AZ</arg>
<arg>BA</arg>
<arg>BB</arg>
<arg>BD</arg>
<arg>BE</arg>
<arg>BF</arg>
<arg>BG</arg>
<arg>BH</arg>
<arg>BI</arg>
<arg>BJ</arg>
<arg>BL</arg>
<arg>BM</arg>
<arg>BN</arg>
<arg>BO</arg>
<arg>BQ</arg>
<arg>BR</arg>
<arg>BS</arg>
<arg>BT</arg>
<arg>BV</arg>
<arg>BW</arg>
<arg>BY</arg>
<arg>BZ</arg>
<arg>CA</arg>
<arg>CC</arg>
<arg>CD</arg>
<arg>CF</arg>
<arg>CG</arg>
<arg>CH</arg>
<arg>CI</arg>
<arg>CK</arg>
<arg>CL</arg>
<arg>CM</arg>
<arg>CN</arg>
<arg>CO</arg>
<arg>CR</arg>
<arg>CU</arg>
<arg>CV</arg>
<arg>CW</arg>
<arg>CX</arg>
<arg>CY</arg>
<arg>CZ</arg>
<arg>DE</arg>
<arg>DJ</arg>
<arg>DK</arg>
<arg>DM</arg>
<arg>DO</arg>
<arg>DZ</arg>
<arg>EC</arg>
<arg>EE</arg>
<arg>EG</arg>
<arg>EH</arg>
<arg>ER</arg>
<arg>ES</arg>
<arg>ET</arg>
<arg>FI</arg>
<arg>FJ</arg>
<arg>FK</arg>
<arg>FM</arg>
<arg>FO</arg>
<arg>FR</arg>
<arg>GA</arg>
<arg>GB</arg>
<arg>GD</arg>
<arg>GE</arg>
<arg>GF</arg>
<arg>GG</arg>
<arg>GH</arg>
<arg>GI</arg>
<arg>GL</arg>
<arg>GM</arg>
<arg>GN</arg>
<arg>GP</arg>
<arg>GQ</arg>
<arg>GR</arg>
<arg>GS</arg>
<arg>GT</arg>
<arg>GU</arg>
<arg>GW</arg>
<arg>GY</arg>
<arg>HK</arg>
<arg>HM</arg>
<arg>HN</arg>
<arg>HR</arg>
<arg>HT</arg>
<arg>HU</arg>
<arg>ID</arg>
<arg>IE</arg>
<arg>IL</arg>
<arg>IM</arg>
<arg>IN</arg>
<arg>IO</arg>
<arg>IQ</arg>
<arg>IR</arg>
<arg>IS</arg>
<arg>IT</arg>
<arg>JE</arg>
<arg>JM</arg>
<arg>JO</arg>
<arg>JP</arg>
<arg>KE</arg>
<arg>KG</arg>
<arg>KH</arg>
<arg>KI</arg>
<arg>KM</arg>
<arg>KN</arg>
<arg>KP</arg>
<arg>KR</arg>
<arg>KW</arg>
<arg>KY</arg>
<arg>KZ</arg>
<arg>LA</arg>
<arg>LB</arg>
<arg>LC</arg>
<arg>LI</arg>
<arg>LK</arg>
<arg>LR</arg>
<arg>LS</arg>
<arg>LT</arg>
<arg>LU</arg>
<arg>LV</arg>
<arg>LY</arg>
<arg>MA</arg>
<arg>MC</arg>
<arg>MD</arg>
<arg>ME</arg>
<arg>MF</arg>
<arg>MG</arg>
<arg>MH</arg>
<arg>MK</arg>
<arg>ML</arg>
<arg>MM</arg>
<arg>MN</arg>
<arg>MO</arg>
<arg>MP</arg>
<arg>MQ</arg>
<arg>MR</arg>
<arg>MS</arg>
<arg>MT</arg>
<arg>MU</arg>
<arg>MV</arg>
<arg>MW</arg>
<arg>MX</arg>
<arg>MY</arg>
<arg>MZ</arg>
<arg>NA</arg>
<arg>NC</arg>
<arg>NE</arg>
<arg>NF</arg>
<arg>NG</arg>
<arg>NI</arg>
<arg>NL</arg>
<arg>NO</arg>
<arg>NP</arg>
<arg>NR</arg>
<arg>NU</arg>
<arg>NZ</arg>
<arg>OM</arg>
<arg>PA</arg>
<arg>PE</arg>
<arg>PF</arg>
<arg>PG</arg>
<arg>PH</arg>
<arg>PK</arg>
<arg>PL</arg>
<arg>PM</arg>
<arg>PN</arg>
<arg>PR</arg>
<arg>PS</arg>
<arg>PT</arg>
<arg>PW</arg>
<arg>PY</arg>
<arg>QA</arg>
<arg>RE</arg>
<arg>RO</arg>
<arg>RS</arg>
<arg>RU</arg>
<arg>RW</arg>
<arg>SA</arg>
<arg>SB</arg>
<arg>SC</arg>
<arg>SD</arg>
<arg>SE</arg>
<arg>SG</arg>
<arg>SH</arg>
<arg>SI</arg>
<arg>SJ</arg>
<arg>SK</arg>
<arg>SL</arg>
<arg>SM</arg>
<arg>SN</arg>
<arg>SO</arg>
<arg>SR</arg>
<arg>SS</arg>
<arg>ST</arg>
<arg>SV</arg>
<arg>SX</arg>
<arg>SY</arg>
<arg>SZ</arg>
<arg>TC</arg>
<arg>TD</arg>
<arg>TF</arg>
<arg>TG</arg>
<arg>TH</arg>
<arg>TJ</arg>
<arg>TK</arg>
<arg>TL</arg>
<arg>TM</arg>
<arg>TN</arg>
<arg>TO</arg>
<arg>TR</arg>
<arg>TT</arg>
<arg>TV</arg>
<arg>TW</arg>
<arg>TZ</arg>
<arg>UA</arg>
<arg>UG</arg>
<arg>UM</arg>
<arg>US</arg>
<arg>UY</arg>
<arg>UZ</arg>
<arg>VA</arg>
<arg>VC</arg>
<arg>VE</arg>
<arg>VG</arg>
<arg>VI</arg>
<arg>VN</arg>
<arg>VU</arg>
<arg>WF</arg>
<arg>WS</arg>
<arg>XK</arg>
<arg>YE</arg>
<arg>YT</arg>
<arg>ZA</arg>
<arg>ZM</arg>
<arg>ZW</arg>
<doc>Returns a list containing given items.</doc>
<status status="PASS" start="2024-05-23T01:02:58.944345" elapsed="0.000630"/>
</kw>
<kw name="List Should Contain Value" owner="Collections">
<msg time="2024-05-23T01:02:58.945964" level="INFO">False</msg>
<arg>${list_country}</arg>
<arg>${name_country}</arg>
<doc>Fails if the ``value`` is not found from ``list``.</doc>
<status status="PASS" start="2024-05-23T01:02:58.945758" elapsed="0.000241"/>
</kw>
<kw name="Run Keyword If" owner="BuiltIn">
<kw name="Should Be True" owner="BuiltIn">
<arg>${True}</arg>
<doc>Fails if the given condition is not true.</doc>
<status status="PASS" start="2024-05-23T01:02:58.947096" elapsed="0.000147"/>
</kw>
<arg>${json_data["results"][0]["location"]["coordinates"]["latitude"]} &gt;= -90 and ${json_data["results"][0]["location"]["coordinates"]["latitude"]} &lt;= 90</arg>
<arg>Should Be True</arg>
<arg>${True}</arg>
<doc>Runs the given keyword with the given arguments, if ``condition`` is true.</doc>
<status status="PASS" start="2024-05-23T01:02:58.946340" elapsed="0.001030"/>
</kw>
<kw name="Run Keyword If" owner="BuiltIn">
<kw name="Should Be True" owner="BuiltIn">
<arg>${True}</arg>
<doc>Fails if the given condition is not true.</doc>
<status status="PASS" start="2024-05-23T01:02:58.948249" elapsed="0.000141"/>
</kw>
<arg>${json_data["results"][0]["location"]["coordinates"]["longitude"]} &gt;= -180 and ${json_data["results"][0]["location"]["coordinates"]["longitude"]} &lt;= 180</arg>
<arg>Should Be True</arg>
<arg>${True}</arg>
<doc>Runs the given keyword with the given arguments, if ``condition`` is true.</doc>
<status status="PASS" start="2024-05-23T01:02:58.947556" elapsed="0.000957"/>
</kw>
<status status="PASS" start="2024-05-23T01:02:58.847537" elapsed="0.101103"/>
</kw>
<doc>Testa o conteúdo específico dos campos retornados pela API.</doc>
<tag>testeConteudo</tag>
<status status="PASS" start="2024-05-23T01:02:58.847023" elapsed="0.101759"/>
</test>
<status status="PASS" start="2024-05-23T01:02:57.927203" elapsed="1.023484"/>
</suite>
<status status="PASS" start="2024-05-23T01:02:57.913720" elapsed="1.042075"/>
</suite>
<statistics>
<total>
<stat pass="5" fail="0" skip="0">All Tests</stat>
</total>
<tag>
<stat pass="1" fail="0" skip="0">testeConteudo</stat>
<stat pass="1" fail="0" skip="0">testeEstruturaResposta</stat>
<stat pass="1" fail="0" skip="0">testeRequisicaoBasica</stat>
<stat pass="1" fail="0" skip="0">testeTiposDados</stat>
</tag>
<suite>
<stat pass="5" fail="0" skip="0" id="s1" name="Tests">Tests</stat>
<stat pass="5" fail="0" skip="0" id="s1-s1" name="Random-User-Test">Tests.Random-User-Test</stat>
</suite>
</statistics>
<errors>
</errors>
</robot>
