<?xml version="1.0" encoding="UTF-8"?>
<robot generator="Robot 7.0 (Python 3.12.2 on linux)" generated="2024-04-17T03:14:34.723804" rpa="false" schemaversion="5">
<suite id="s1" name="Tests" source="/home/runner/work/DesafioQAItauRogerioJordao/DesafioQAItauRogerioJordao/RamdonUser/tests">
<suite id="s1-s1" name="Random-User-Test" source="/home/runner/work/DesafioQAItauRogerioJordao/DesafioQAItauRogerioJordao/RamdonUser/tests/random-user-test.robot">
<test id="s1-s1-t1" name="Conectar" line="13">
<kw name="Conectar API" owner="random-user-service">
<kw name="Create Session" owner="RequestsLibrary">
<msg time="2024-04-17T03:14:35.103895" level="INFO">Creating Session using : alias=consultarAPI, url=https://randomuser.me/, headers={},                     cookies={}, auth=None, timeout=None, proxies=None, verify=False,                     debug=0 </msg>
<arg>consultarAPI</arg>
<arg>${URL}</arg>
<doc>Create Session: create a HTTP session to a server</doc>
<status status="PASS" start="2024-04-17T03:14:35.103688" elapsed="0.000396"/>
</kw>
<status status="PASS" start="2024-04-17T03:14:35.102601" elapsed="0.001846"/>
</kw>
<status status="PASS" start="2024-04-17T03:14:35.101957" elapsed="0.002695"/>
</test>
<test id="s1-s1-t2" name="Validar retorno 200 e JSON Válido" line="16">
<kw name="Teste de Requisicao Basica" owner="random-user-service">
<kw name="GET On Session" owner="RequestsLibrary">
<msg time="2024-04-17T03:14:35.221480" level="INFO">GET Request : url=https://randomuser.me/api 
 path_url=/api 
 headers={'User-Agent': 'python-requests/2.31.0', 'Accept-Encoding': 'gzip, deflate', 'Accept': '*/*', 'Connection': 'keep-alive'} 
 body=None 
 </msg>
<msg time="2024-04-17T03:14:35.221652" level="INFO">GET Response : url=https://randomuser.me/api 
 status=200, reason=OK 
 headers={'Date': 'Wed, 17 Apr 2024 03:14:35 GMT', 'Content-Type': 'application/json; charset=utf-8', 'Transfer-Encoding': 'chunked', 'Connection': 'keep-alive', 'X-Powered-By': 'Express', 'Access-Control-Allow-Origin': '*', 'Cache-Control': 'no-cache', 'ETag': 'W/"47b-c7QisAHMa65tlNy6dcKDfH7RC6I"', 'Vary': 'Accept-Encoding', 'Content-Encoding': 'gzip', 'CF-Cache-Status': 'DYNAMIC', 'Report-To': '{"endpoints":[{"url":"https:\\/\\/a.nel.cloudflare.com\\/report\\/v4?s=LEfVAybcgPpxG%2Fm1TTQQqz%2B16SUEafzFjLQBjWH8f456aaKJJHm9tUu5B%2BgzqoTCHdu%2F9QzrOpyivXQ4lATTW8ecd2P0%2By8wbrJthozZ3M6jnbcqw28u9bOd2jIl0ae0"}],"group":"cf-nel","max_age":604800}', 'NEL': '{"success_fraction":0,"report_to":"cf-nel","max_age":604800}', 'Server': 'cloudflare', 'CF-RAY': '87593ee99c3fd01d-SJC', 'alt-svc': 'h3=":443"; ma=86400'} 
 body={"results":[{"gender":"female","name":{"title":"Miss","first":"Naomi","last":"Day"},"location":{"street":{"number":8984,"name":"Karen Dr"},"city":"Lakewood","state":"Nebraska","country":"United States","postcode":78226,"coordinates":{"latitude":"83.2017","longitude":"35.3490"},"timezone":{"offset":"+5:45","description":"Kathmandu"}},"email":"naomi.day@example.com","login":{"uuid":"b34be678-cffc-47f5-886f-614bfe797cf5","username":"yellowgoose159","password":"gallaries","salt":"97WC8tGI","md5":"f1f0c1be2af5447c4af9874af359df7e","sha1":"d12b76cd18f95c43364ec8d5602fa9294e1491ba","sha256":"3284d39a25d6d333c7bf5eccb2631f3cbf469f9135f9e051cdc20c7f7ec3124a"},"dob":{"date":"1962-02-23T10:04:21.450Z","age":62},"registered":{"date":"2016-07-02T05:51:07.909Z","age":7},"phone":"(945) 579-3998","cell":"(514) 546-2793","id":{"name":"SSN","value":"585-35-6797"},"picture":{"large":"https://randomuser.me/api/portraits/women/95.jpg","medium":"https://randomuser.me/api/portraits/med/women/95.jpg","thumbnail":"https://randomuser.me/api/portraits/thumb/women/95.jpg"},"nat":"US"}],"info":{"seed":"5fd1d91c278972eb","results":1,"page":1,"version":"1.4"}} 
 </msg>
<msg time="2024-04-17T03:14:35.221746" level="INFO">/opt/hostedtoolcache/Python/3.12.2/x64/lib/python3.12/site-packages/urllib3/connectionpool.py:1103: InsecureRequestWarning: Unverified HTTPS request is being made to host 'randomuser.me'. Adding certificate verification is strongly advised. See: https://urllib3.readthedocs.io/en/latest/advanced-usage.html#tls-warnings
  warnings.warn(</msg>
<msg time="2024-04-17T03:14:35.221917" level="INFO">${response} = &lt;Response [200]&gt;</msg>
<var>${response}</var>
<arg>consultarAPI</arg>
<arg>/api</arg>
<doc>Sends a GET request on a previously created HTTP Session.</doc>
<status status="PASS" start="2024-04-17T03:14:35.107336" elapsed="0.114634"/>
</kw>
<kw name="Should Be Equal As Numbers" owner="BuiltIn">
<msg time="2024-04-17T03:14:35.223008" level="INFO">Argument types are:
&lt;class 'int'&gt;
&lt;class 'str'&gt;</msg>
<arg>${response.status_code}</arg>
<arg>200</arg>
<doc>Fails if objects are unequal after converting them to real numbers.</doc>
<status status="PASS" start="2024-04-17T03:14:35.222506" elapsed="0.000568"/>
</kw>
<kw name="Log" owner="BuiltIn">
<msg time="2024-04-17T03:14:35.223771" level="INFO">200</msg>
<arg>${response.status_code}</arg>
<doc>Logs the given message with the given level.</doc>
<status status="PASS" start="2024-04-17T03:14:35.223405" elapsed="0.000410"/>
</kw>
<kw name="Set Variable" owner="BuiltIn">
<msg time="2024-04-17T03:14:35.224569" level="INFO">${json_data} = {'results': [{'gender': 'female', 'name': {'title': 'Miss', 'first': 'Naomi', 'last': 'Day'}, 'location': {'street': {'number': 8984, 'name': 'Karen Dr'}, 'city': 'Lakewood', 'state': 'Nebraska', 'cou...</msg>
<var>${json_data}</var>
<arg>${response.json()}</arg>
<doc>Returns the given values which can then be assigned to a variables.</doc>
<status status="PASS" start="2024-04-17T03:14:35.224126" elapsed="0.000471"/>
</kw>
<kw name="Dictionary Should Contain Key" owner="Collections">
<msg time="2024-04-17T03:14:35.225076" level="INFO">False</msg>
<arg>${json_data}</arg>
<arg>results</arg>
<doc>Fails if ``key`` is not found from ``dictionary``.</doc>
<status status="PASS" start="2024-04-17T03:14:35.224906" elapsed="0.000213"/>
</kw>
<status status="PASS" start="2024-04-17T03:14:35.107089" elapsed="0.118312"/>
</kw>
<doc>Testa se a API responde corretamente e retorna um objeto JSON válido.</doc>
<tag>testeRequisicaoBasica</tag>
<status status="PASS" start="2024-04-17T03:14:35.106523" elapsed="0.119087"/>
</test>
<test id="s1-s1-t3" name="Validar estrutura de resposta" line="22">
<kw name="Teste de Estrutura de Resposta" owner="random-user-service">
<kw name="GET On Session" owner="RequestsLibrary">
<msg time="2024-04-17T03:14:35.329741" level="INFO">GET Request : url=https://randomuser.me/api 
 path_url=/api 
 headers={'User-Agent': 'python-requests/2.31.0', 'Accept-Encoding': 'gzip, deflate', 'Accept': '*/*', 'Connection': 'keep-alive'} 
 body=None 
 </msg>
<msg time="2024-04-17T03:14:35.329857" level="INFO">GET Response : url=https://randomuser.me/api 
 status=200, reason=OK 
 headers={'Date': 'Wed, 17 Apr 2024 03:14:35 GMT', 'Content-Type': 'application/json; charset=utf-8', 'Transfer-Encoding': 'chunked', 'Connection': 'keep-alive', 'X-Powered-By': 'Express', 'Access-Control-Allow-Origin': '*', 'Cache-Control': 'no-cache', 'ETag': 'W/"4b9-whpBZA0v+sQRDK437PqwBd+VBQE"', 'Vary': 'Accept-Encoding', 'Content-Encoding': 'gzip', 'CF-Cache-Status': 'DYNAMIC', 'Report-To': '{"endpoints":[{"url":"https:\\/\\/a.nel.cloudflare.com\\/report\\/v4?s=WjciNMbSpsC0sd5b5uk10K6k2Ax6jbmwqYIRrtsA6c%2BvIK%2FhBYP4lY%2Fo1u5X4%2BRtRDD7xQy%2B5xkAKPB39pnqkVn9VfmF%2Fb9Vt2JkPI%2BB4wPi16VxqQrRQMwUCU9BkGWB"}],"group":"cf-nel","max_age":604800}', 'NEL': '{"success_fraction":0,"report_to":"cf-nel","max_age":604800}', 'Server': 'cloudflare', 'CF-RAY': '87593eea3ca6d01d-SJC', 'alt-svc': 'h3=":443"; ma=86400'} 
 body={"results":[{"gender":"female","name":{"title":"Madame","first":"Concetta","last":"Da Silva"},"location":{"street":{"number":6904,"name":"Place de L'Abbé-Jean-Lebeuf"},"city":"Lyss","state":"Basel-Stadt","country":"Switzerland","postcode":5729,"coordinates":{"latitude":"-57.3099","longitude":"45.9551"},"timezone":{"offset":"+9:00","description":"Tokyo, Seoul, Osaka, Sapporo, Yakutsk"}},"email":"concetta.dasilva@example.com","login":{"uuid":"32bdb382-2399-4af1-8d8f-adba1a8c045d","username":"yellowmouse854","password":"lumina","salt":"mJLQ7gVZ","md5":"736f52a201675e34aab7c82e0c92d67e","sha1":"651d0bce6edbc591e74bd7ac81823d38acbe83e2","sha256":"4842628c782b9563505155b6b126246c940e4b7d9ad12b3f3d117eb978e2b01d"},"dob":{"date":"1986-09-23T10:30:49.194Z","age":37},"registered":{"date":"2016-01-09T06:13:24.095Z","age":8},"phone":"078 023 86 78","cell":"077 013 76 44","id":{"name":"AVS","value":"756.1099.6528.16"},"picture":{"large":"https://randomuser.me/api/portraits/women/10.jpg","medium":"https://randomuser.me/api/portraits/med/women/10.jpg","thumbnail":"https://randomuser.me/api/portraits/thumb/women/10.jpg"},"nat":"CH"}],"info":{"seed":"037190a54c8c4780","results":1,"page":1,"version":"1.4"}} 
 </msg>
<msg time="2024-04-17T03:14:35.330031" level="INFO">/opt/hostedtoolcache/Python/3.12.2/x64/lib/python3.12/site-packages/urllib3/connectionpool.py:1103: InsecureRequestWarning: Unverified HTTPS request is being made to host 'randomuser.me'. Adding certificate verification is strongly advised. See: https://urllib3.readthedocs.io/en/latest/advanced-usage.html#tls-warnings
  warnings.warn(</msg>
<msg time="2024-04-17T03:14:35.330178" level="INFO">${response} = &lt;Response [200]&gt;</msg>
<var>${response}</var>
<arg>consultarAPI</arg>
<arg>/api</arg>
<doc>Sends a GET request on a previously created HTTP Session.</doc>
<status status="PASS" start="2024-04-17T03:14:35.228521" elapsed="0.101700"/>
</kw>
<kw name="Set Variable" owner="BuiltIn">
<msg time="2024-04-17T03:14:35.331491" level="INFO">${json_data} = {'results': [{'gender': 'female', 'name': {'title': 'Madame', 'first': 'Concetta', 'last': 'Da Silva'}, 'location': {'street': {'number': 6904, 'name': "Place de L'Abbé-Jean-Lebeuf"}, 'city': 'Lyss', ...</msg>
<var>${json_data}</var>
<arg>${response.json()}</arg>
<doc>Returns the given values which can then be assigned to a variables.</doc>
<status status="PASS" start="2024-04-17T03:14:35.330891" elapsed="0.000631"/>
</kw>
<kw name="Log" owner="BuiltIn">
<msg time="2024-04-17T03:14:35.332008" level="INFO">{'results': [{'gender': 'female', 'name': {'title': 'Madame', 'first': 'Concetta', 'last': 'Da Silva'}, 'location': {'street': {'number': 6904, 'name': "Place de L'Abbé-Jean-Lebeuf"}, 'city': 'Lyss', 'state': 'Basel-Stadt', 'country': 'Switzerland', 'postcode': 5729, 'coordinates': {'latitude': '-57.3099', 'longitude': '45.9551'}, 'timezone': {'offset': '+9:00', 'description': 'Tokyo, Seoul, Osaka, Sapporo, Yakutsk'}}, 'email': 'concetta.dasilva@example.com', 'login': {'uuid': '32bdb382-2399-4af1-8d8f-adba1a8c045d', 'username': 'yellowmouse854', 'password': 'lumina', 'salt': 'mJLQ7gVZ', 'md5': '736f52a201675e34aab7c82e0c92d67e', 'sha1': '651d0bce6edbc591e74bd7ac81823d38acbe83e2', 'sha256': '4842628c782b9563505155b6b126246c940e4b7d9ad12b3f3d117eb978e2b01d'}, 'dob': {'date': '1986-09-23T10:30:49.194Z', 'age': 37}, 'registered': {'date': '2016-01-09T06:13:24.095Z', 'age': 8}, 'phone': '078 023 86 78', 'cell': '077 013 76 44', 'id': {'name': 'AVS', 'value': '756.1099.6528.16'}, 'picture': {'large': 'https://randomuser.me/api/portraits/women/10.jpg', 'medium': 'https://randomuser.me/api/portraits/med/women/10.jpg', 'thumbnail': 'https://randomuser.me/api/portraits/thumb/women/10.jpg'}, 'nat': 'CH'}], 'info': {'seed': '037190a54c8c4780', 'results': 1, 'page': 1, 'version': '1.4'}}</msg>
<arg>${json_data}</arg>
<doc>Logs the given message with the given level.</doc>
<status status="PASS" start="2024-04-17T03:14:35.331840" elapsed="0.000219"/>
</kw>
<kw name="Dictionary Should Contain Key" owner="Collections">
<msg time="2024-04-17T03:14:35.332517" level="INFO">False</msg>
<arg>${json_data}</arg>
<arg>results</arg>
<doc>Fails if ``key`` is not found from ``dictionary``.</doc>
<status status="PASS" start="2024-04-17T03:14:35.332362" elapsed="0.000192"/>
</kw>
<kw name="Should Not Be Empty" owner="BuiltIn">
<msg time="2024-04-17T03:14:35.333004" level="INFO">Length is 2.</msg>
<arg>${json_data}</arg>
<doc>Verifies that the given item is not empty.</doc>
<status status="PASS" start="2024-04-17T03:14:35.332871" elapsed="0.000171"/>
</kw>
<kw name="Create List" owner="BuiltIn">
<msg time="2024-04-17T03:14:35.333484" level="INFO">${expected_keys} = ['gender', 'name', 'location', 'email', 'login']</msg>
<var>${expected_keys}</var>
<arg>gender</arg>
<arg>name</arg>
<arg>location</arg>
<arg>email</arg>
<arg>login</arg>
<doc>Returns a list containing given items.</doc>
<status status="PASS" start="2024-04-17T03:14:35.333333" elapsed="0.000175"/>
</kw>
<for flavor="IN">
<iter>
<kw name="Dictionary Should Contain Key" owner="Collections">
<msg time="2024-04-17T03:14:35.334498" level="INFO">False</msg>
<arg>${json_data['results'][0]}</arg>
<arg>${key}</arg>
<doc>Fails if ``key`` is not found from ``dictionary``.</doc>
<status status="PASS" start="2024-04-17T03:14:35.334093" elapsed="0.000443"/>
</kw>
<kw name="Log" owner="BuiltIn">
<msg time="2024-04-17T03:14:35.335271" level="INFO">{'gender': 'female', 'name': {'title': 'Madame', 'first': 'Concetta', 'last': 'Da Silva'}, 'location': {'street': {'number': 6904, 'name': "Place de L'Abbé-Jean-Lebeuf"}, 'city': 'Lyss', 'state': 'Basel-Stadt', 'country': 'Switzerland', 'postcode': 5729, 'coordinates': {'latitude': '-57.3099', 'longitude': '45.9551'}, 'timezone': {'offset': '+9:00', 'description': 'Tokyo, Seoul, Osaka, Sapporo, Yakutsk'}}, 'email': 'concetta.dasilva@example.com', 'login': {'uuid': '32bdb382-2399-4af1-8d8f-adba1a8c045d', 'username': 'yellowmouse854', 'password': 'lumina', 'salt': 'mJLQ7gVZ', 'md5': '736f52a201675e34aab7c82e0c92d67e', 'sha1': '651d0bce6edbc591e74bd7ac81823d38acbe83e2', 'sha256': '4842628c782b9563505155b6b126246c940e4b7d9ad12b3f3d117eb978e2b01d'}, 'dob': {'date': '1986-09-23T10:30:49.194Z', 'age': 37}, 'registered': {'date': '2016-01-09T06:13:24.095Z', 'age': 8}, 'phone': '078 023 86 78', 'cell': '077 013 76 44', 'id': {'name': 'AVS', 'value': '756.1099.6528.16'}, 'picture': {'large': 'https://randomuser.me/api/portraits/women/10.jpg', 'medium': 'https://randomuser.me/api/portraits/med/women/10.jpg', 'thumbnail': 'https://randomuser.me/api/portraits/thumb/women/10.jpg'}, 'nat': 'CH'}</msg>
<arg>${json_data['results'][0]}</arg>
<doc>Logs the given message with the given level.</doc>
<status status="PASS" start="2024-04-17T03:14:35.334898" elapsed="0.000423"/>
</kw>
<kw name="Log" owner="BuiltIn">
<msg time="2024-04-17T03:14:35.335748" level="INFO">gender</msg>
<arg>${key}</arg>
<doc>Logs the given message with the given level.</doc>
<status status="PASS" start="2024-04-17T03:14:35.335620" elapsed="0.000166"/>
</kw>
<var name="${key}">gender</var>
<status status="PASS" start="2024-04-17T03:14:35.333970" elapsed="0.002040"/>
</iter>
<iter>
<kw name="Dictionary Should Contain Key" owner="Collections">
<msg time="2024-04-17T03:14:35.336724" level="INFO">False</msg>
<arg>${json_data['results'][0]}</arg>
<arg>${key}</arg>
<doc>Fails if ``key`` is not found from ``dictionary``.</doc>
<status status="PASS" start="2024-04-17T03:14:35.336341" elapsed="0.000461"/>
</kw>
<kw name="Log" owner="BuiltIn">
<msg time="2024-04-17T03:14:35.337495" level="INFO">{'gender': 'female', 'name': {'title': 'Madame', 'first': 'Concetta', 'last': 'Da Silva'}, 'location': {'street': {'number': 6904, 'name': "Place de L'Abbé-Jean-Lebeuf"}, 'city': 'Lyss', 'state': 'Basel-Stadt', 'country': 'Switzerland', 'postcode': 5729, 'coordinates': {'latitude': '-57.3099', 'longitude': '45.9551'}, 'timezone': {'offset': '+9:00', 'description': 'Tokyo, Seoul, Osaka, Sapporo, Yakutsk'}}, 'email': 'concetta.dasilva@example.com', 'login': {'uuid': '32bdb382-2399-4af1-8d8f-adba1a8c045d', 'username': 'yellowmouse854', 'password': 'lumina', 'salt': 'mJLQ7gVZ', 'md5': '736f52a201675e34aab7c82e0c92d67e', 'sha1': '651d0bce6edbc591e74bd7ac81823d38acbe83e2', 'sha256': '4842628c782b9563505155b6b126246c940e4b7d9ad12b3f3d117eb978e2b01d'}, 'dob': {'date': '1986-09-23T10:30:49.194Z', 'age': 37}, 'registered': {'date': '2016-01-09T06:13:24.095Z', 'age': 8}, 'phone': '078 023 86 78', 'cell': '077 013 76 44', 'id': {'name': 'AVS', 'value': '756.1099.6528.16'}, 'picture': {'large': 'https://randomuser.me/api/portraits/women/10.jpg', 'medium': 'https://randomuser.me/api/portraits/med/women/10.jpg', 'thumbnail': 'https://randomuser.me/api/portraits/thumb/women/10.jpg'}, 'nat': 'CH'}</msg>
<arg>${json_data['results'][0]}</arg>
<doc>Logs the given message with the given level.</doc>
<status status="PASS" start="2024-04-17T03:14:35.337123" elapsed="0.000426"/>
</kw>
<kw name="Log" owner="BuiltIn">
<msg time="2024-04-17T03:14:35.337990" level="INFO">name</msg>
<arg>${key}</arg>
<doc>Logs the given message with the given level.</doc>
<status status="PASS" start="2024-04-17T03:14:35.337858" elapsed="0.000171"/>
</kw>
<var name="${key}">name</var>
<status status="PASS" start="2024-04-17T03:14:35.336202" elapsed="0.002061"/>
</iter>
<iter>
<kw name="Dictionary Should Contain Key" owner="Collections">
<msg time="2024-04-17T03:14:35.338988" level="INFO">False</msg>
<arg>${json_data['results'][0]}</arg>
<arg>${key}</arg>
<doc>Fails if ``key`` is not found from ``dictionary``.</doc>
<status status="PASS" start="2024-04-17T03:14:35.338559" elapsed="0.000468"/>
</kw>
<kw name="Log" owner="BuiltIn">
<msg time="2024-04-17T03:14:35.339699" level="INFO">{'gender': 'female', 'name': {'title': 'Madame', 'first': 'Concetta', 'last': 'Da Silva'}, 'location': {'street': {'number': 6904, 'name': "Place de L'Abbé-Jean-Lebeuf"}, 'city': 'Lyss', 'state': 'Basel-Stadt', 'country': 'Switzerland', 'postcode': 5729, 'coordinates': {'latitude': '-57.3099', 'longitude': '45.9551'}, 'timezone': {'offset': '+9:00', 'description': 'Tokyo, Seoul, Osaka, Sapporo, Yakutsk'}}, 'email': 'concetta.dasilva@example.com', 'login': {'uuid': '32bdb382-2399-4af1-8d8f-adba1a8c045d', 'username': 'yellowmouse854', 'password': 'lumina', 'salt': 'mJLQ7gVZ', 'md5': '736f52a201675e34aab7c82e0c92d67e', 'sha1': '651d0bce6edbc591e74bd7ac81823d38acbe83e2', 'sha256': '4842628c782b9563505155b6b126246c940e4b7d9ad12b3f3d117eb978e2b01d'}, 'dob': {'date': '1986-09-23T10:30:49.194Z', 'age': 37}, 'registered': {'date': '2016-01-09T06:13:24.095Z', 'age': 8}, 'phone': '078 023 86 78', 'cell': '077 013 76 44', 'id': {'name': 'AVS', 'value': '756.1099.6528.16'}, 'picture': {'large': 'https://randomuser.me/api/portraits/women/10.jpg', 'medium': 'https://randomuser.me/api/portraits/med/women/10.jpg', 'thumbnail': 'https://randomuser.me/api/portraits/thumb/women/10.jpg'}, 'nat': 'CH'}</msg>
<arg>${json_data['results'][0]}</arg>
<doc>Logs the given message with the given level.</doc>
<status status="PASS" start="2024-04-17T03:14:35.339326" elapsed="0.000422"/>
</kw>
<kw name="Log" owner="BuiltIn">
<msg time="2024-04-17T03:14:35.340176" level="INFO">location</msg>
<arg>${key}</arg>
<doc>Logs the given message with the given level.</doc>
<status status="PASS" start="2024-04-17T03:14:35.340050" elapsed="0.000165"/>
</kw>
<var name="${key}">location</var>
<status status="PASS" start="2024-04-17T03:14:35.338448" elapsed="0.001988"/>
</iter>
<iter>
<kw name="Dictionary Should Contain Key" owner="Collections">
<msg time="2024-04-17T03:14:35.341106" level="INFO">False</msg>
<arg>${json_data['results'][0]}</arg>
<arg>${key}</arg>
<doc>Fails if ``key`` is not found from ``dictionary``.</doc>
<status status="PASS" start="2024-04-17T03:14:35.340723" elapsed="0.000420"/>
</kw>
<kw name="Log" owner="BuiltIn">
<msg time="2024-04-17T03:14:35.341822" level="INFO">{'gender': 'female', 'name': {'title': 'Madame', 'first': 'Concetta', 'last': 'Da Silva'}, 'location': {'street': {'number': 6904, 'name': "Place de L'Abbé-Jean-Lebeuf"}, 'city': 'Lyss', 'state': 'Basel-Stadt', 'country': 'Switzerland', 'postcode': 5729, 'coordinates': {'latitude': '-57.3099', 'longitude': '45.9551'}, 'timezone': {'offset': '+9:00', 'description': 'Tokyo, Seoul, Osaka, Sapporo, Yakutsk'}}, 'email': 'concetta.dasilva@example.com', 'login': {'uuid': '32bdb382-2399-4af1-8d8f-adba1a8c045d', 'username': 'yellowmouse854', 'password': 'lumina', 'salt': 'mJLQ7gVZ', 'md5': '736f52a201675e34aab7c82e0c92d67e', 'sha1': '651d0bce6edbc591e74bd7ac81823d38acbe83e2', 'sha256': '4842628c782b9563505155b6b126246c940e4b7d9ad12b3f3d117eb978e2b01d'}, 'dob': {'date': '1986-09-23T10:30:49.194Z', 'age': 37}, 'registered': {'date': '2016-01-09T06:13:24.095Z', 'age': 8}, 'phone': '078 023 86 78', 'cell': '077 013 76 44', 'id': {'name': 'AVS', 'value': '756.1099.6528.16'}, 'picture': {'large': 'https://randomuser.me/api/portraits/women/10.jpg', 'medium': 'https://randomuser.me/api/portraits/med/women/10.jpg', 'thumbnail': 'https://randomuser.me/api/portraits/thumb/women/10.jpg'}, 'nat': 'CH'}</msg>
<arg>${json_data['results'][0]}</arg>
<doc>Logs the given message with the given level.</doc>
<status status="PASS" start="2024-04-17T03:14:35.341452" elapsed="0.000418"/>
</kw>
<kw name="Log" owner="BuiltIn">
<msg time="2024-04-17T03:14:35.342297" level="INFO">email</msg>
<arg>${key}</arg>
<doc>Logs the given message with the given level.</doc>
<status status="PASS" start="2024-04-17T03:14:35.342171" elapsed="0.000164"/>
</kw>
<var name="${key}">email</var>
<status status="PASS" start="2024-04-17T03:14:35.340612" elapsed="0.001939"/>
</iter>
<iter>
<kw name="Dictionary Should Contain Key" owner="Collections">
<msg time="2024-04-17T03:14:35.343264" level="INFO">False</msg>
<arg>${json_data['results'][0]}</arg>
<arg>${key}</arg>
<doc>Fails if ``key`` is not found from ``dictionary``.</doc>
<status status="PASS" start="2024-04-17T03:14:35.342885" elapsed="0.000421"/>
</kw>
<kw name="Log" owner="BuiltIn">
<msg time="2024-04-17T03:14:35.343974" level="INFO">{'gender': 'female', 'name': {'title': 'Madame', 'first': 'Concetta', 'last': 'Da Silva'}, 'location': {'street': {'number': 6904, 'name': "Place de L'Abbé-Jean-Lebeuf"}, 'city': 'Lyss', 'state': 'Basel-Stadt', 'country': 'Switzerland', 'postcode': 5729, 'coordinates': {'latitude': '-57.3099', 'longitude': '45.9551'}, 'timezone': {'offset': '+9:00', 'description': 'Tokyo, Seoul, Osaka, Sapporo, Yakutsk'}}, 'email': 'concetta.dasilva@example.com', 'login': {'uuid': '32bdb382-2399-4af1-8d8f-adba1a8c045d', 'username': 'yellowmouse854', 'password': 'lumina', 'salt': 'mJLQ7gVZ', 'md5': '736f52a201675e34aab7c82e0c92d67e', 'sha1': '651d0bce6edbc591e74bd7ac81823d38acbe83e2', 'sha256': '4842628c782b9563505155b6b126246c940e4b7d9ad12b3f3d117eb978e2b01d'}, 'dob': {'date': '1986-09-23T10:30:49.194Z', 'age': 37}, 'registered': {'date': '2016-01-09T06:13:24.095Z', 'age': 8}, 'phone': '078 023 86 78', 'cell': '077 013 76 44', 'id': {'name': 'AVS', 'value': '756.1099.6528.16'}, 'picture': {'large': 'https://randomuser.me/api/portraits/women/10.jpg', 'medium': 'https://randomuser.me/api/portraits/med/women/10.jpg', 'thumbnail': 'https://randomuser.me/api/portraits/thumb/women/10.jpg'}, 'nat': 'CH'}</msg>
<arg>${json_data['results'][0]}</arg>
<doc>Logs the given message with the given level.</doc>
<status status="PASS" start="2024-04-17T03:14:35.343610" elapsed="0.000412"/>
</kw>
<kw name="Log" owner="BuiltIn">
<msg time="2024-04-17T03:14:35.344470" level="INFO">login</msg>
<arg>${key}</arg>
<doc>Logs the given message with the given level.</doc>
<status status="PASS" start="2024-04-17T03:14:35.344340" elapsed="0.000168"/>
</kw>
<var name="${key}">login</var>
<status status="PASS" start="2024-04-17T03:14:35.342772" elapsed="0.001956"/>
</iter>
<var>${key}</var>
<value>@{expected_keys}</value>
<status status="PASS" start="2024-04-17T03:14:35.333771" elapsed="0.011082"/>
</for>
<kw name="Create List" owner="BuiltIn">
<msg time="2024-04-17T03:14:35.345192" level="INFO">${expected_keysTwo} = ['username', 'password']</msg>
<var>${expected_keysTwo}</var>
<arg>username</arg>
<arg>password</arg>
<doc>Returns a list containing given items.</doc>
<status status="PASS" start="2024-04-17T03:14:35.345048" elapsed="0.000168"/>
</kw>
<for flavor="IN">
<iter>
<kw name="Dictionary Should Contain Key" owner="Collections">
<msg time="2024-04-17T03:14:35.346213" level="INFO">False</msg>
<arg>${json_data['results'][0]['login']}</arg>
<arg>${keyTwo}</arg>
<doc>Fails if ``key`` is not found from ``dictionary``.</doc>
<status status="PASS" start="2024-04-17T03:14:35.345830" elapsed="0.000421"/>
</kw>
<kw name="Dictionary Should Contain Key" owner="Collections">
<msg time="2024-04-17T03:14:35.346968" level="INFO">False</msg>
<arg>${json_data['results'][0]['login']}</arg>
<arg>${keyTwo}</arg>
<doc>Fails if ``key`` is not found from ``dictionary``.</doc>
<status status="PASS" start="2024-04-17T03:14:35.346551" elapsed="0.000455"/>
</kw>
<kw name="Log" owner="BuiltIn">
<msg time="2024-04-17T03:14:35.347432" level="INFO">username</msg>
<arg>${keyTwo}</arg>
<doc>Logs the given message with the given level.</doc>
<status status="PASS" start="2024-04-17T03:14:35.347304" elapsed="0.000165"/>
</kw>
<var name="${keyTwo}">username</var>
<status status="PASS" start="2024-04-17T03:14:35.345717" elapsed="0.001966"/>
</iter>
<iter>
<kw name="Dictionary Should Contain Key" owner="Collections">
<msg time="2024-04-17T03:14:35.348355" level="INFO">False</msg>
<arg>${json_data['results'][0]['login']}</arg>
<arg>${keyTwo}</arg>
<doc>Fails if ``key`` is not found from ``dictionary``.</doc>
<status status="PASS" start="2024-04-17T03:14:35.347973" elapsed="0.000422"/>
</kw>
<kw name="Dictionary Should Contain Key" owner="Collections">
<msg time="2024-04-17T03:14:35.349152" level="INFO">False</msg>
<arg>${json_data['results'][0]['login']}</arg>
<arg>${keyTwo}</arg>
<doc>Fails if ``key`` is not found from ``dictionary``.</doc>
<status status="PASS" start="2024-04-17T03:14:35.348741" elapsed="0.000448"/>
</kw>
<kw name="Log" owner="BuiltIn">
<msg time="2024-04-17T03:14:35.349626" level="INFO">password</msg>
<arg>${keyTwo}</arg>
<doc>Logs the given message with the given level.</doc>
<status status="PASS" start="2024-04-17T03:14:35.349500" elapsed="0.000164"/>
</kw>
<var name="${keyTwo}">password</var>
<status status="PASS" start="2024-04-17T03:14:35.347857" elapsed="0.002022"/>
</iter>
<var>${keyTwo}</var>
<value>@{expected_keysTwo}</value>
<status status="PASS" start="2024-04-17T03:14:35.345453" elapsed="0.004547"/>
</for>
<status status="PASS" start="2024-04-17T03:14:35.228281" elapsed="0.121861"/>
</kw>
<doc>Testa a estrutura da resposta da API.</doc>
<tag>testeEstruturaResposta</tag>
<status status="PASS" start="2024-04-17T03:14:35.227520" elapsed="0.122789"/>
</test>
<test id="s1-s1-t4" name="Validar tipos de dados" line="28">
<kw name="Teste de Tipos de Dados" owner="random-user-service">
<kw name="GET On Session" owner="RequestsLibrary">
<msg time="2024-04-17T03:14:35.443992" level="INFO">GET Request : url=https://randomuser.me/api 
 path_url=/api 
 headers={'User-Agent': 'python-requests/2.31.0', 'Accept-Encoding': 'gzip, deflate', 'Accept': '*/*', 'Connection': 'keep-alive'} 
 body=None 
 </msg>
<msg time="2024-04-17T03:14:35.444108" level="INFO">GET Response : url=https://randomuser.me/api 
 status=200, reason=OK 
 headers={'Date': 'Wed, 17 Apr 2024 03:14:35 GMT', 'Content-Type': 'application/json; charset=utf-8', 'Transfer-Encoding': 'chunked', 'Connection': 'keep-alive', 'X-Powered-By': 'Express', 'Access-Control-Allow-Origin': '*', 'Cache-Control': 'no-cache', 'ETag': 'W/"476-Yo+DEL4E8eZElSz0pRCZ4nUW6eA"', 'Vary': 'Accept-Encoding', 'Content-Encoding': 'gzip', 'CF-Cache-Status': 'DYNAMIC', 'Report-To': '{"endpoints":[{"url":"https:\\/\\/a.nel.cloudflare.com\\/report\\/v4?s=08UjgH0%2FQHn5gXnKJH9HfCNX6Ee%2FmMoQcZJrkkl2K5XM%2FdTW%2Bj9%2FhQvuo6B3kSLuU%2FtF6k8ibUSJwP0hkMNn58X1NATx98fs3KcbmovsmXkhM8Wa0rGGyD36vPrtEozc"}],"group":"cf-nel","max_age":604800}', 'NEL': '{"success_fraction":0,"report_to":"cf-nel","max_age":604800}', 'Server': 'cloudflare', 'CF-RAY': '87593eeafd2bd01d-SJC', 'alt-svc': 'h3=":443"; ma=86400'} 
 body={"results":[{"gender":"male","name":{"title":"Mr","first":"Mateja","last":"Pantić"},"location":{"street":{"number":6571,"name":"Porodice Zastavniković"},"city":"Subotica","state":"Podunavlje","country":"Serbia","postcode":28164,"coordinates":{"latitude":"59.4358","longitude":"-65.9877"},"timezone":{"offset":"+3:30","description":"Tehran"}},"email":"mateja.pantic@example.com","login":{"uuid":"679abc83-3690-4021-826a-b021e84b6d94","username":"happymouse748","password":"buddah","salt":"nxLacjes","md5":"f82e2b01be670b1a805c43a1ea4390f7","sha1":"486f78247994c775f88ed3e6ed5a4c51d6914aa6","sha256":"4a7f2fc6df6744f87a1765582226f72fd1934eb02087673872aee96658722972"},"dob":{"date":"1945-06-17T10:43:02.061Z","age":78},"registered":{"date":"2004-11-18T18:24:10.947Z","age":19},"phone":"035-2648-535","cell":"068-6299-384","id":{"name":"SID","value":"778137753"},"picture":{"large":"https://randomuser.me/api/portraits/men/8.jpg","medium":"https://randomuser.me/api/portraits/med/men/8.jpg","thumbnail":"https://randomuser.me/api/portraits/thumb/men/8.jpg"},"nat":"RS"}],"info":{"seed":"7e340bcb3bdca500","results":1,"page":1,"version":"1.4"}} 
 </msg>
<msg time="2024-04-17T03:14:35.444196" level="INFO">/opt/hostedtoolcache/Python/3.12.2/x64/lib/python3.12/site-packages/urllib3/connectionpool.py:1103: InsecureRequestWarning: Unverified HTTPS request is being made to host 'randomuser.me'. Adding certificate verification is strongly advised. See: https://urllib3.readthedocs.io/en/latest/advanced-usage.html#tls-warnings
  warnings.warn(</msg>
<msg time="2024-04-17T03:14:35.444335" level="INFO">${response} = &lt;Response [200]&gt;</msg>
<var>${response}</var>
<arg>consultarAPI</arg>
<arg>/api</arg>
<doc>Sends a GET request on a previously created HTTP Session.</doc>
<status status="PASS" start="2024-04-17T03:14:35.352912" elapsed="0.091459"/>
</kw>
<kw name="Set Variable" owner="BuiltIn">
<msg time="2024-04-17T03:14:35.445495" level="INFO">${json_data} = {'results': [{'gender': 'male', 'name': {'title': 'Mr', 'first': 'Mateja', 'last': 'Pantić'}, 'location': {'street': {'number': 6571, 'name': 'Porodice Zastavniković'}, 'city': 'Subotica', 'state': 'P...</msg>
<var>${json_data}</var>
<arg>${response.json()}</arg>
<doc>Returns the given values which can then be assigned to a variables.</doc>
<status status="PASS" start="2024-04-17T03:14:35.444942" elapsed="0.000584"/>
</kw>
<kw name="Log" owner="BuiltIn">
<msg time="2024-04-17T03:14:35.446012" level="INFO">{'results': [{'gender': 'male', 'name': {'title': 'Mr', 'first': 'Mateja', 'last': 'Pantić'}, 'location': {'street': {'number': 6571, 'name': 'Porodice Zastavniković'}, 'city': 'Subotica', 'state': 'Podunavlje', 'country': 'Serbia', 'postcode': 28164, 'coordinates': {'latitude': '59.4358', 'longitude': '-65.9877'}, 'timezone': {'offset': '+3:30', 'description': 'Tehran'}}, 'email': 'mateja.pantic@example.com', 'login': {'uuid': '679abc83-3690-4021-826a-b021e84b6d94', 'username': 'happymouse748', 'password': 'buddah', 'salt': 'nxLacjes', 'md5': 'f82e2b01be670b1a805c43a1ea4390f7', 'sha1': '486f78247994c775f88ed3e6ed5a4c51d6914aa6', 'sha256': '4a7f2fc6df6744f87a1765582226f72fd1934eb02087673872aee96658722972'}, 'dob': {'date': '1945-06-17T10:43:02.061Z', 'age': 78}, 'registered': {'date': '2004-11-18T18:24:10.947Z', 'age': 19}, 'phone': '035-2648-535', 'cell': '068-6299-384', 'id': {'name': 'SID', 'value': '778137753'}, 'picture': {'large': 'https://randomuser.me/api/portraits/men/8.jpg', 'medium': 'https://randomuser.me/api/portraits/med/men/8.jpg', 'thumbnail': 'https://randomuser.me/api/portraits/thumb/men/8.jpg'}, 'nat': 'RS'}], 'info': {'seed': '7e340bcb3bdca500', 'results': 1, 'page': 1, 'version': '1.4'}}</msg>
<arg>${json_data}</arg>
<doc>Logs the given message with the given level.</doc>
<status status="PASS" start="2024-04-17T03:14:35.445848" elapsed="0.000255"/>
</kw>
<kw name="Should Be String" owner="String">
<arg>${json_data['results'][0]['gender']}</arg>
<doc>Fails if the given ``item`` is not a string.</doc>
<status status="PASS" start="2024-04-17T03:14:35.446418" elapsed="0.000422"/>
</kw>
<kw name="Should Match Regexp" owner="BuiltIn">
<arg>${json_data['results'][0]['email']}</arg>
<arg>^[a-zA-Z0-9._%+-]+@[a-zA-Z0-9.-]+\.[a-zA-Z]{2,}$</arg>
<doc>Fails if ``string`` does not match ``pattern`` as a regular expression.</doc>
<status status="PASS" start="2024-04-17T03:14:35.447039" elapsed="0.000531"/>
</kw>
<kw name="Should Match Regexp" owner="BuiltIn">
<arg>${json_data['results'][0]['dob']['date']}</arg>
<arg>\\d{4}-\\d{2}-\\d{2}T\\d{2}:\\d{2}:\\d{2}\\.\\d{3}Z</arg>
<doc>Fails if ``string`` does not match ``pattern`` as a regular expression.</doc>
<status status="PASS" start="2024-04-17T03:14:35.447772" elapsed="0.000487"/>
</kw>
<kw name="Should Match Regexp" owner="BuiltIn">
<arg>${json_data['results'][0]['registered']['date']}</arg>
<arg>\\d{4}-\\d{2}-\\d{2}T\\d{2}:\\d{2}:\\d{2}\\.\\d{3}Z</arg>
<doc>Fails if ``string`` does not match ``pattern`` as a regular expression.</doc>
<status status="PASS" start="2024-04-17T03:14:35.448462" elapsed="0.000377"/>
</kw>
<kw name="Should Match Regexp" owner="BuiltIn">
<arg>${json_data['results'][0]['picture']['large']}</arg>
<arg>^https?://.*\.(?:png|jpe?g|gif|bmp)$</arg>
<doc>Fails if ``string`` does not match ``pattern`` as a regular expression.</doc>
<status status="PASS" start="2024-04-17T03:14:35.449030" elapsed="0.000454"/>
</kw>
<kw name="Should Match Regexp" owner="BuiltIn">
<arg>${json_data['results'][0]['picture']['medium']}</arg>
<arg>^https?://.*\.(?:png|jpe?g|gif|bmp)$</arg>
<doc>Fails if ``string`` does not match ``pattern`` as a regular expression.</doc>
<status status="PASS" start="2024-04-17T03:14:35.449674" elapsed="0.000351"/>
</kw>
<kw name="Should Match Regexp" owner="BuiltIn">
<arg>${json_data['results'][0]['picture']['thumbnail']}</arg>
<arg>^https?://.*\.(?:png|jpe?g|gif|bmp)$</arg>
<doc>Fails if ``string`` does not match ``pattern`` as a regular expression.</doc>
<status status="PASS" start="2024-04-17T03:14:35.450210" elapsed="0.000356"/>
</kw>
<kw name="Log" owner="BuiltIn">
<msg time="2024-04-17T03:14:35.451108" level="INFO">{'large': 'https://randomuser.me/api/portraits/men/8.jpg', 'medium': 'https://randomuser.me/api/portraits/med/men/8.jpg', 'thumbnail': 'https://randomuser.me/api/portraits/thumb/men/8.jpg'}</msg>
<arg>${json_data['results'][0]['picture']}</arg>
<doc>Logs the given message with the given level.</doc>
<status status="PASS" start="2024-04-17T03:14:35.450777" elapsed="0.000373"/>
</kw>
<status status="PASS" start="2024-04-17T03:14:35.352682" elapsed="0.098729"/>
</kw>
<kw name="Teste de Tipos de Dados - Postcode" owner="random-user-service">
<kw name="GET On Session" owner="RequestsLibrary">
<msg time="2024-04-17T03:14:35.564876" level="INFO">GET Request : url=https://randomuser.me/api 
 path_url=/api 
 headers={'User-Agent': 'python-requests/2.31.0', 'Accept-Encoding': 'gzip, deflate', 'Accept': '*/*', 'Connection': 'keep-alive'} 
 body=None 
 </msg>
<msg time="2024-04-17T03:14:35.564989" level="INFO">GET Response : url=https://randomuser.me/api 
 status=200, reason=OK 
 headers={'Date': 'Wed, 17 Apr 2024 03:14:35 GMT', 'Content-Type': 'application/json; charset=utf-8', 'Transfer-Encoding': 'chunked', 'Connection': 'keep-alive', 'X-Powered-By': 'Express', 'Access-Control-Allow-Origin': '*', 'Cache-Control': 'no-cache', 'ETag': 'W/"4b0-Hl41cSdjR4QC0UzlPkqwlllZquY"', 'Vary': 'Accept-Encoding', 'Content-Encoding': 'gzip', 'CF-Cache-Status': 'DYNAMIC', 'Report-To': '{"endpoints":[{"url":"https:\\/\\/a.nel.cloudflare.com\\/report\\/v4?s=v7laWtqQ0QA4OlReI7kmPppATJLnJmTfmfPMvlDIHtELmpPQ5%2BMDjDMaBlrYBub11z7gajcmpIJLirM2nUP1%2BFId1qjWPhhsKT31mzQFdyH0B2umb%2F1IYKB0P98TONPb"}],"group":"cf-nel","max_age":604800}', 'NEL': '{"success_fraction":0,"report_to":"cf-nel","max_age":604800}', 'Server': 'cloudflare', 'CF-RAY': '87593eeb9dc6d01d-SJC', 'alt-svc': 'h3=":443"; ma=86400'} 
 body={"results":[{"gender":"female","name":{"title":"Mrs","first":"Rosemary","last":"Watson"},"location":{"street":{"number":2689,"name":"Country Club Rd"},"city":"Thousand Oaks","state":"South Carolina","country":"United States","postcode":14022,"coordinates":{"latitude":"84.1376","longitude":"45.2200"},"timezone":{"offset":"+8:00","description":"Beijing, Perth, Singapore, Hong Kong"}},"email":"rosemary.watson@example.com","login":{"uuid":"df8d42ec-0dc2-40c9-9a8c-9c29cd9bfd14","username":"silverlion815","password":"lights","salt":"YWkcWMKO","md5":"53ad00f71b49104e2c63123ecc4db0a0","sha1":"855bca05e6eb704cb0ef3817c9b1cd974c253703","sha256":"5570bd5e9fbea57b6cfb29f6135419c172dd7bdb59cb0024a8da0bad82c18612"},"dob":{"date":"1953-12-17T00:00:15.031Z","age":70},"registered":{"date":"2014-04-16T03:20:10.695Z","age":10},"phone":"(857) 980-2249","cell":"(926) 200-4792","id":{"name":"SSN","value":"120-64-9506"},"picture":{"large":"https://randomuser.me/api/portraits/women/72.jpg","medium":"https://randomuser.me/api/portraits/med/women/72.jpg","thumbnail":"https://randomuser.me/api/portraits/thumb/women/72.jpg"},"nat":"US"}],"info":{"seed":"905d2697033ae1d6","results":1,"page":1,"version":"1.4"}} 
 </msg>
<msg time="2024-04-17T03:14:35.565090" level="INFO">/opt/hostedtoolcache/Python/3.12.2/x64/lib/python3.12/site-packages/urllib3/connectionpool.py:1103: InsecureRequestWarning: Unverified HTTPS request is being made to host 'randomuser.me'. Adding certificate verification is strongly advised. See: https://urllib3.readthedocs.io/en/latest/advanced-usage.html#tls-warnings
  warnings.warn(</msg>
<msg time="2024-04-17T03:14:35.565238" level="INFO">${response} = &lt;Response [200]&gt;</msg>
<var>${response}</var>
<arg>consultarAPI</arg>
<arg>/api</arg>
<doc>Sends a GET request on a previously created HTTP Session.</doc>
<status status="PASS" start="2024-04-17T03:14:35.451908" elapsed="0.113377"/>
</kw>
<kw name="Set Variable" owner="BuiltIn">
<msg time="2024-04-17T03:14:35.566351" level="INFO">${json_data} = {'results': [{'gender': 'female', 'name': {'title': 'Mrs', 'first': 'Rosemary', 'last': 'Watson'}, 'location': {'street': {'number': 2689, 'name': 'Country Club Rd'}, 'city': 'Thousand Oaks', 'state':...</msg>
<var>${json_data}</var>
<arg>${response.json()}</arg>
<doc>Returns the given values which can then be assigned to a variables.</doc>
<status status="PASS" start="2024-04-17T03:14:35.565837" elapsed="0.000542"/>
</kw>
<kw name="Log" owner="BuiltIn">
<msg time="2024-04-17T03:14:35.566921" level="INFO">{'results': [{'gender': 'female', 'name': {'title': 'Mrs', 'first': 'Rosemary', 'last': 'Watson'}, 'location': {'street': {'number': 2689, 'name': 'Country Club Rd'}, 'city': 'Thousand Oaks', 'state': 'South Carolina', 'country': 'United States', 'postcode': 14022, 'coordinates': {'latitude': '84.1376', 'longitude': '45.2200'}, 'timezone': {'offset': '+8:00', 'description': 'Beijing, Perth, Singapore, Hong Kong'}}, 'email': 'rosemary.watson@example.com', 'login': {'uuid': 'df8d42ec-0dc2-40c9-9a8c-9c29cd9bfd14', 'username': 'silverlion815', 'password': 'lights', 'salt': 'YWkcWMKO', 'md5': '53ad00f71b49104e2c63123ecc4db0a0', 'sha1': '855bca05e6eb704cb0ef3817c9b1cd974c253703', 'sha256': '5570bd5e9fbea57b6cfb29f6135419c172dd7bdb59cb0024a8da0bad82c18612'}, 'dob': {'date': '1953-12-17T00:00:15.031Z', 'age': 70}, 'registered': {'date': '2014-04-16T03:20:10.695Z', 'age': 10}, 'phone': '(857) 980-2249', 'cell': '(926) 200-4792', 'id': {'name': 'SSN', 'value': '120-64-9506'}, 'picture': {'large': 'https://randomuser.me/api/portraits/women/72.jpg', 'medium': 'https://randomuser.me/api/portraits/med/women/72.jpg', 'thumbnail': 'https://randomuser.me/api/portraits/thumb/women/72.jpg'}, 'nat': 'US'}], 'info': {'seed': '905d2697033ae1d6', 'results': 1, 'page': 1, 'version': '1.4'}}</msg>
<arg>${json_data}</arg>
<doc>Logs the given message with the given level.</doc>
<status status="PASS" start="2024-04-17T03:14:35.566758" elapsed="0.000247"/>
</kw>
<kw name="Should Be Equal As Numbers" owner="BuiltIn">
<arg>${json_data['results'][0]['location']['postcode']}</arg>
<arg>${json_data['results'][0]['location']['postcode']}</arg>
<doc>Fails if objects are unequal after converting them to real numbers.</doc>
<status status="PASS" start="2024-04-17T03:14:35.567313" elapsed="0.000624"/>
</kw>
<kw name="Log" owner="BuiltIn">
<msg time="2024-04-17T03:14:35.568468" level="INFO">14022</msg>
<arg>${json_data['results'][0]['location']['postcode']}</arg>
<doc>Logs the given message with the given level.</doc>
<status status="PASS" start="2024-04-17T03:14:35.568130" elapsed="0.000380"/>
</kw>
<status status="PASS" start="2024-04-17T03:14:35.451661" elapsed="0.117110"/>
</kw>
<doc>Testa se os tipos de dados na resposta da API estão corretos.</doc>
<tag>testeTiposDados</tag>
<status status="PASS" start="2024-04-17T03:14:35.352132" elapsed="0.216818"/>
</test>
<test id="s1-s1-t5" name="Validar conteudo" line="35">
<kw name="Teste de Tipos de Conteudo" owner="random-user-service">
<kw name="GET On Session" owner="RequestsLibrary">
<msg time="2024-04-17T03:14:35.661854" level="INFO">GET Request : url=https://randomuser.me/api 
 path_url=/api 
 headers={'User-Agent': 'python-requests/2.31.0', 'Accept-Encoding': 'gzip, deflate', 'Accept': '*/*', 'Connection': 'keep-alive'} 
 body=None 
 </msg>
<msg time="2024-04-17T03:14:35.661957" level="INFO">GET Response : url=https://randomuser.me/api 
 status=200, reason=OK 
 headers={'Date': 'Wed, 17 Apr 2024 03:14:35 GMT', 'Content-Type': 'application/json; charset=utf-8', 'Transfer-Encoding': 'chunked', 'Connection': 'keep-alive', 'X-Powered-By': 'Express', 'Access-Control-Allow-Origin': '*', 'Cache-Control': 'no-cache', 'ETag': 'W/"49b-iHtCeAUUql/pn75s/DzE6WeckAg"', 'Vary': 'Accept-Encoding', 'Content-Encoding': 'gzip', 'CF-Cache-Status': 'DYNAMIC', 'Report-To': '{"endpoints":[{"url":"https:\\/\\/a.nel.cloudflare.com\\/report\\/v4?s=oX18KFb3jmqHGAOiHoJgF%2BczWg3j0hxBIgV6KBe6ootOChwlRAuX42NI1mNTWGiR52fKSOd%2FI7Lja6zn5bONEZJTtuanVj5gG%2FahxsonQeHkctRYe3mPxILRI0JaCV00"}],"group":"cf-nel","max_age":604800}', 'NEL': '{"success_fraction":0,"report_to":"cf-nel","max_age":604800}', 'Server': 'cloudflare', 'CF-RAY': '87593eec5e72d01d-SJC', 'alt-svc': 'h3=":443"; ma=86400'} 
 body={"results":[{"gender":"female","name":{"title":"Mrs","first":"Kaća","last":"Stepanović"},"location":{"street":{"number":4792,"name":"Lipovički Put"},"city":"Niš","state":"Pčinja","country":"Serbia","postcode":98906,"coordinates":{"latitude":"57.0336","longitude":"166.7626"},"timezone":{"offset":"+3:00","description":"Baghdad, Riyadh, Moscow, St. Petersburg"}},"email":"kaca.stepanovic@example.com","login":{"uuid":"6c78768a-f5c6-484c-a6c0-8e79ab47daf3","username":"angryleopard936","password":"semperfi","salt":"tXyIsXNy","md5":"fb293625e045cbd6cce52a28281b92ab","sha1":"79bfdfd5a21891965f82b7146541e02a66fb4f9e","sha256":"f273df0137741c7bfcb06deed1afd51ff2bd50a263c17d2cebf4a2c53990b0f9"},"dob":{"date":"1970-12-23T00:11:43.615Z","age":53},"registered":{"date":"2014-06-10T04:28:49.792Z","age":9},"phone":"032-4869-235","cell":"065-3995-550","id":{"name":"SID","value":"462275520"},"picture":{"large":"https://randomuser.me/api/portraits/women/66.jpg","medium":"https://randomuser.me/api/portraits/med/women/66.jpg","thumbnail":"https://randomuser.me/api/portraits/thumb/women/66.jpg"},"nat":"RS"}],"info":{"seed":"a80f44e6225c4000","results":1,"page":1,"version":"1.4"}} 
 </msg>
<msg time="2024-04-17T03:14:35.662032" level="INFO">/opt/hostedtoolcache/Python/3.12.2/x64/lib/python3.12/site-packages/urllib3/connectionpool.py:1103: InsecureRequestWarning: Unverified HTTPS request is being made to host 'randomuser.me'. Adding certificate verification is strongly advised. See: https://urllib3.readthedocs.io/en/latest/advanced-usage.html#tls-warnings
  warnings.warn(</msg>
<msg time="2024-04-17T03:14:35.662183" level="INFO">${response} = &lt;Response [200]&gt;</msg>
<var>${response}</var>
<arg>consultarAPI</arg>
<arg>/api</arg>
<doc>Sends a GET request on a previously created HTTP Session.</doc>
<status status="PASS" start="2024-04-17T03:14:35.571450" elapsed="0.090781"/>
</kw>
<kw name="Set Variable" owner="BuiltIn">
<msg time="2024-04-17T03:14:35.663338" level="INFO">${json_data} = {'results': [{'gender': 'female', 'name': {'title': 'Mrs', 'first': 'Kaća', 'last': 'Stepanović'}, 'location': {'street': {'number': 4792, 'name': 'Lipovički Put'}, 'city': 'Niš', 'state': 'Pčinja', '...</msg>
<var>${json_data}</var>
<arg>${response.json()}</arg>
<doc>Returns the given values which can then be assigned to a variables.</doc>
<status status="PASS" start="2024-04-17T03:14:35.662821" elapsed="0.000548"/>
</kw>
<kw name="Set Variable" owner="BuiltIn">
<msg time="2024-04-17T03:14:35.664085" level="INFO">${name_title} = Mrs</msg>
<var>${name_title}</var>
<arg>${json_data["results"][0]["name"]["title"]}</arg>
<doc>Returns the given values which can then be assigned to a variables.</doc>
<status status="PASS" start="2024-04-17T03:14:35.663688" elapsed="0.000422"/>
</kw>
<kw name="Create List" owner="BuiltIn">
<msg time="2024-04-17T03:14:35.664563" level="INFO">${allowed_titles} = ['Mr', 'Ms', 'Miss', 'Mrs', 'Madame', 'Monsieur']</msg>
<var>${allowed_titles}</var>
<arg>Mr</arg>
<arg>Ms</arg>
<arg>Miss</arg>
<arg>Mrs</arg>
<arg>Madame</arg>
<arg>Monsieur</arg>
<doc>Returns a list containing given items.</doc>
<status status="PASS" start="2024-04-17T03:14:35.664415" elapsed="0.000171"/>
</kw>
<kw name="List Should Contain Value" owner="Collections">
<msg time="2024-04-17T03:14:35.665072" level="INFO">False</msg>
<arg>${allowed_titles}</arg>
<arg>${name_title}</arg>
<doc>Fails if the ``value`` is not found from ``list``.</doc>
<status status="PASS" start="2024-04-17T03:14:35.664890" elapsed="0.000222"/>
</kw>
<kw name="Set Variable" owner="BuiltIn">
<msg time="2024-04-17T03:14:35.665795" level="INFO">${name_country} = RS</msg>
<var>${name_country}</var>
<arg>${json_data["results"][0]["nat"]}</arg>
<doc>Returns the given values which can then be assigned to a variables.</doc>
<status status="PASS" start="2024-04-17T03:14:35.665412" elapsed="0.000409"/>
</kw>
<kw name="Create List" owner="BuiltIn">
<msg time="2024-04-17T03:14:35.666769" level="INFO">${list_country} = ['AD', 'AE', 'AF', 'AG', 'AI', 'AL', 'AM', 'AO', 'AQ', 'AR', 'AS', 'AT', 'AU', 'AW', 'AX', 'AZ', 'BA', 'BB', 'BD', 'BE', 'BF', 'BG', 'BH', 'BI', 'BJ', 'BL', 'BM', 'BN', 'BO', 'BQ', 'BR', 'BS', 'BT', '...</msg>
<var>${list_country}</var>
<arg>AD</arg>
<arg>AE</arg>
<arg>AF</arg>
<arg>AG</arg>
<arg>AI</arg>
<arg>AL</arg>
<arg>AM</arg>
<arg>AO</arg>
<arg>AQ</arg>
<arg>AR</arg>
<arg>AS</arg>
<arg>AT</arg>
<arg>AU</arg>
<arg>AW</arg>
<arg>AX</arg>
<arg>AZ</arg>
<arg>BA</arg>
<arg>BB</arg>
<arg>BD</arg>
<arg>BE</arg>
<arg>BF</arg>
<arg>BG</arg>
<arg>BH</arg>
<arg>BI</arg>
<arg>BJ</arg>
<arg>BL</arg>
<arg>BM</arg>
<arg>BN</arg>
<arg>BO</arg>
<arg>BQ</arg>
<arg>BR</arg>
<arg>BS</arg>
<arg>BT</arg>
<arg>BV</arg>
<arg>BW</arg>
<arg>BY</arg>
<arg>BZ</arg>
<arg>CA</arg>
<arg>CC</arg>
<arg>CD</arg>
<arg>CF</arg>
<arg>CG</arg>
<arg>CH</arg>
<arg>CI</arg>
<arg>CK</arg>
<arg>CL</arg>
<arg>CM</arg>
<arg>CN</arg>
<arg>CO</arg>
<arg>CR</arg>
<arg>CU</arg>
<arg>CV</arg>
<arg>CW</arg>
<arg>CX</arg>
<arg>CY</arg>
<arg>CZ</arg>
<arg>DE</arg>
<arg>DJ</arg>
<arg>DK</arg>
<arg>DM</arg>
<arg>DO</arg>
<arg>DZ</arg>
<arg>EC</arg>
<arg>EE</arg>
<arg>EG</arg>
<arg>EH</arg>
<arg>ER</arg>
<arg>ES</arg>
<arg>ET</arg>
<arg>FI</arg>
<arg>FJ</arg>
<arg>FK</arg>
<arg>FM</arg>
<arg>FO</arg>
<arg>FR</arg>
<arg>GA</arg>
<arg>GB</arg>
<arg>GD</arg>
<arg>GE</arg>
<arg>GF</arg>
<arg>GG</arg>
<arg>GH</arg>
<arg>GI</arg>
<arg>GL</arg>
<arg>GM</arg>
<arg>GN</arg>
<arg>GP</arg>
<arg>GQ</arg>
<arg>GR</arg>
<arg>GS</arg>
<arg>GT</arg>
<arg>GU</arg>
<arg>GW</arg>
<arg>GY</arg>
<arg>HK</arg>
<arg>HM</arg>
<arg>HN</arg>
<arg>HR</arg>
<arg>HT</arg>
<arg>HU</arg>
<arg>ID</arg>
<arg>IE</arg>
<arg>IL</arg>
<arg>IM</arg>
<arg>IN</arg>
<arg>IO</arg>
<arg>IQ</arg>
<arg>IR</arg>
<arg>IS</arg>
<arg>IT</arg>
<arg>JE</arg>
<arg>JM</arg>
<arg>JO</arg>
<arg>JP</arg>
<arg>KE</arg>
<arg>KG</arg>
<arg>KH</arg>
<arg>KI</arg>
<arg>KM</arg>
<arg>KN</arg>
<arg>KP</arg>
<arg>KR</arg>
<arg>KW</arg>
<arg>KY</arg>
<arg>KZ</arg>
<arg>LA</arg>
<arg>LB</arg>
<arg>LC</arg>
<arg>LI</arg>
<arg>LK</arg>
<arg>LR</arg>
<arg>LS</arg>
<arg>LT</arg>
<arg>LU</arg>
<arg>LV</arg>
<arg>LY</arg>
<arg>MA</arg>
<arg>MC</arg>
<arg>MD</arg>
<arg>ME</arg>
<arg>MF</arg>
<arg>MG</arg>
<arg>MH</arg>
<arg>MK</arg>
<arg>ML</arg>
<arg>MM</arg>
<arg>MN</arg>
<arg>MO</arg>
<arg>MP</arg>
<arg>MQ</arg>
<arg>MR</arg>
<arg>MS</arg>
<arg>MT</arg>
<arg>MU</arg>
<arg>MV</arg>
<arg>MW</arg>
<arg>MX</arg>
<arg>MY</arg>
<arg>MZ</arg>
<arg>NA</arg>
<arg>NC</arg>
<arg>NE</arg>
<arg>NF</arg>
<arg>NG</arg>
<arg>NI</arg>
<arg>NL</arg>
<arg>NO</arg>
<arg>NP</arg>
<arg>NR</arg>
<arg>NU</arg>
<arg>NZ</arg>
<arg>OM</arg>
<arg>PA</arg>
<arg>PE</arg>
<arg>PF</arg>
<arg>PG</arg>
<arg>PH</arg>
<arg>PK</arg>
<arg>PL</arg>
<arg>PM</arg>
<arg>PN</arg>
<arg>PR</arg>
<arg>PS</arg>
<arg>PT</arg>
<arg>PW</arg>
<arg>PY</arg>
<arg>QA</arg>
<arg>RE</arg>
<arg>RO</arg>
<arg>RS</arg>
<arg>RU</arg>
<arg>RW</arg>
<arg>SA</arg>
<arg>SB</arg>
<arg>SC</arg>
<arg>SD</arg>
<arg>SE</arg>
<arg>SG</arg>
<arg>SH</arg>
<arg>SI</arg>
<arg>SJ</arg>
<arg>SK</arg>
<arg>SL</arg>
<arg>SM</arg>
<arg>SN</arg>
<arg>SO</arg>
<arg>SR</arg>
<arg>SS</arg>
<arg>ST</arg>
<arg>SV</arg>
<arg>SX</arg>
<arg>SY</arg>
<arg>SZ</arg>
<arg>TC</arg>
<arg>TD</arg>
<arg>TF</arg>
<arg>TG</arg>
<arg>TH</arg>
<arg>TJ</arg>
<arg>TK</arg>
<arg>TL</arg>
<arg>TM</arg>
<arg>TN</arg>
<arg>TO</arg>
<arg>TR</arg>
<arg>TT</arg>
<arg>TV</arg>
<arg>TW</arg>
<arg>TZ</arg>
<arg>UA</arg>
<arg>UG</arg>
<arg>UM</arg>
<arg>US</arg>
<arg>UY</arg>
<arg>UZ</arg>
<arg>VA</arg>
<arg>VC</arg>
<arg>VE</arg>
<arg>VG</arg>
<arg>VI</arg>
<arg>VN</arg>
<arg>VU</arg>
<arg>WF</arg>
<arg>WS</arg>
<arg>XK</arg>
<arg>YE</arg>
<arg>YT</arg>
<arg>ZA</arg>
<arg>ZM</arg>
<arg>ZW</arg>
<doc>Returns a list containing given items.</doc>
<status status="PASS" start="2024-04-17T03:14:35.666128" elapsed="0.000668"/>
</kw>
<kw name="List Should Contain Value" owner="Collections">
<msg time="2024-04-17T03:14:35.667790" level="INFO">False</msg>
<arg>${list_country}</arg>
<arg>${name_country}</arg>
<doc>Fails if the ``value`` is not found from ``list``.</doc>
<status status="PASS" start="2024-04-17T03:14:35.667579" elapsed="0.000247"/>
</kw>
<kw name="Run Keyword If" owner="BuiltIn">
<kw name="Should Be True" owner="BuiltIn">
<arg>${True}</arg>
<doc>Fails if the given condition is not true.</doc>
<status status="PASS" start="2024-04-17T03:14:35.669072" elapsed="0.000150"/>
</kw>
<arg>${json_data["results"][0]["location"]["coordinates"]["latitude"]} &gt;= -90 and ${json_data["results"][0]["location"]["coordinates"]["latitude"]} &lt;= 90</arg>
<arg>Should Be True</arg>
<arg>${True}</arg>
<doc>Runs the given keyword with the given arguments, if ``condition`` is true.</doc>
<status status="PASS" start="2024-04-17T03:14:35.668143" elapsed="0.001208"/>
</kw>
<kw name="Run Keyword If" owner="BuiltIn">
<kw name="Should Be True" owner="BuiltIn">
<arg>${True}</arg>
<doc>Fails if the given condition is not true.</doc>
<status status="PASS" start="2024-04-17T03:14:35.670232" elapsed="0.000138"/>
</kw>
<arg>${json_data["results"][0]["location"]["coordinates"]["longitude"]} &gt;= -180 and ${json_data["results"][0]["location"]["coordinates"]["longitude"]} &lt;= 180</arg>
<arg>Should Be True</arg>
<arg>${True}</arg>
<doc>Runs the given keyword with the given arguments, if ``condition`` is true.</doc>
<status status="PASS" start="2024-04-17T03:14:35.669538" elapsed="0.000955"/>
</kw>
<status status="PASS" start="2024-04-17T03:14:35.571217" elapsed="0.099443"/>
</kw>
<doc>Testa o conteúdo específico dos campos retornados pela API.</doc>
<tag>testeConteudo</tag>
<status status="PASS" start="2024-04-17T03:14:35.570750" elapsed="0.100079"/>
</test>
<status status="PASS" start="2024-04-17T03:14:34.776519" elapsed="0.896262"/>
</suite>
<status status="PASS" start="2024-04-17T03:14:34.762816" elapsed="0.915478"/>
</suite>
<statistics>
<total>
<stat pass="5" fail="0" skip="0">All Tests</stat>
</total>
<tag>
<stat pass="1" fail="0" skip="0">testeConteudo</stat>
<stat pass="1" fail="0" skip="0">testeEstruturaResposta</stat>
<stat pass="1" fail="0" skip="0">testeRequisicaoBasica</stat>
<stat pass="1" fail="0" skip="0">testeTiposDados</stat>
</tag>
<suite>
<stat pass="5" fail="0" skip="0" id="s1" name="Tests">Tests</stat>
<stat pass="5" fail="0" skip="0" id="s1-s1" name="Random-User-Test">Tests.Random-User-Test</stat>
</suite>
</statistics>
<errors>
</errors>
</robot>
