<?xml version="1.0" encoding="UTF-8"?>
<robot generator="Robot 7.0.1 (Python 3.12.4 on linux)" generated="2024-07-03T08:19:22.951489" rpa="false" schemaversion="5">
<suite id="s1" name="Tests" source="/home/runner/work/ApiRandomUser/ApiRandomUser/RamdonUser/tests">
<suite id="s1-s1" name="Random-User-Test" source="/home/runner/work/ApiRandomUser/ApiRandomUser/RamdonUser/tests/random-user-test.robot">
<test id="s1-s1-t1" name="Conectar" line="13">
<kw name="Conectar API" owner="random-user-service">
<kw name="Create Session" owner="RequestsLibrary">
<msg time="2024-07-03T08:19:23.356053" level="INFO">Creating Session using : alias=consultarAPI, url=https://randomuser.me/, headers={},                     cookies={}, auth=None, timeout=None, proxies=None, verify=False,                     debug=0 </msg>
<arg>consultarAPI</arg>
<arg>${URL}</arg>
<doc>Create Session: create a HTTP session to a server</doc>
<status status="PASS" start="2024-07-03T08:19:23.355849" elapsed="0.000390"/>
</kw>
<status status="PASS" start="2024-07-03T08:19:23.354887" elapsed="0.001707"/>
</kw>
<status status="PASS" start="2024-07-03T08:19:23.354254" elapsed="0.002530"/>
</test>
<test id="s1-s1-t2" name="Validar retorno 200 e JSON Válido" line="16">
<kw name="Teste de Requisicao Basica" owner="random-user-service">
<kw name="GET On Session" owner="RequestsLibrary">
<msg time="2024-07-03T08:19:23.554092" level="INFO">GET Request : url=https://randomuser.me/api 
 path_url=/api 
 headers={'User-Agent': 'python-requests/2.32.3', 'Accept-Encoding': 'gzip, deflate', 'Accept': '*/*', 'Connection': 'keep-alive'} 
 body=None 
 </msg>
<msg time="2024-07-03T08:19:23.554254" level="INFO">GET Response : url=https://randomuser.me/api 
 status=200, reason=OK 
 headers={'Date': 'Wed, 03 Jul 2024 08:19:23 GMT', 'Content-Type': 'application/json; charset=utf-8', 'Transfer-Encoding': 'chunked', 'Connection': 'keep-alive', 'X-Powered-By': 'Express', 'Access-Control-Allow-Origin': '*', 'Cache-Control': 'no-cache', 'ETag': 'W/"494-tTT0821zXxTJ/n76q14Gul7v6T8"', 'Vary': 'Accept-Encoding', 'Content-Encoding': 'gzip', 'CF-Cache-Status': 'DYNAMIC', 'Report-To': '{"endpoints":[{"url":"https:\\/\\/a.nel.cloudflare.com\\/report\\/v4?s=7FvhDDG6LGm0bY0ResuiRUG61TGKKgSz9gMbdVzaCm%2FiuPsKboLBsi9bWG3z9Pes%2F%2FAsZVLb8HYNWHJ9iBcYvBCsemCw7V1JmN6gWZnG90M6H1gtst%2B05FOQErxUamc5"}],"group":"cf-nel","max_age":604800}', 'NEL': '{"success_fraction":0,"report_to":"cf-nel","max_age":604800}', 'Server': 'cloudflare', 'CF-RAY': '89d57347e9933967-IAD', 'alt-svc': 'h3=":443"; ma=86400'} 
 body={"results":[{"gender":"female","name":{"title":"Mademoiselle","first":"Sharon","last":"Roger"},"location":{"street":{"number":6378,"name":"Rue Saint-Georges"},"city":"Meyrin","state":"Glarus","country":"Switzerland","postcode":1156,"coordinates":{"latitude":"-60.1778","longitude":"164.3086"},"timezone":{"offset":"-3:30","description":"Newfoundland"}},"email":"sharon.roger@example.com","login":{"uuid":"ded4af85-708c-4081-9d3d-d3484200564b","username":"ticklishswan278","password":"colorado","salt":"dFWdIfI1","md5":"db35bfee478a5df0669a2b7b382e8845","sha1":"6617b2b1bcff83f677e724c7b92a19c780fa322d","sha256":"5df792a7a0c4ccb3208200e5128f8f6725c0bc0eeafcd2a82dcae906629c6686"},"dob":{"date":"1961-10-31T08:43:35.280Z","age":62},"registered":{"date":"2013-07-13T15:43:03.996Z","age":10},"phone":"075 343 77 25","cell":"079 747 45 53","id":{"name":"AVS","value":"756.3418.6955.40"},"picture":{"large":"https://randomuser.me/api/portraits/women/28.jpg","medium":"https://randomuser.me/api/portraits/med/women/28.jpg","thumbnail":"https://randomuser.me/api/portraits/thumb/women/28.jpg"},"nat":"CH"}],"info":{"seed":"81b99728a5568405","results":1,"page":1,"version":"1.4"}} 
 </msg>
<msg time="2024-07-03T08:19:23.554346" level="INFO">/opt/hostedtoolcache/Python/3.12.4/x64/lib/python3.12/site-packages/urllib3/connectionpool.py:1099: InsecureRequestWarning: Unverified HTTPS request is being made to host 'randomuser.me'. Adding certificate verification is strongly advised. See: https://urllib3.readthedocs.io/en/latest/advanced-usage.html#tls-warnings
  warnings.warn(</msg>
<msg time="2024-07-03T08:19:23.554493" level="INFO">${response} = &lt;Response [200]&gt;</msg>
<var>${response}</var>
<arg>consultarAPI</arg>
<arg>/api</arg>
<doc>Sends a GET request on a previously created HTTP Session.</doc>
<status status="PASS" start="2024-07-03T08:19:23.359506" elapsed="0.195032"/>
</kw>
<kw name="Should Be Equal As Numbers" owner="BuiltIn">
<msg time="2024-07-03T08:19:23.555510" level="INFO">Argument types are:
&lt;class 'int'&gt;
&lt;class 'str'&gt;</msg>
<arg>${response.status_code}</arg>
<arg>200</arg>
<doc>Fails if objects are unequal after converting them to real numbers.</doc>
<status status="PASS" start="2024-07-03T08:19:23.555065" elapsed="0.000511"/>
</kw>
<kw name="Log" owner="BuiltIn">
<msg time="2024-07-03T08:19:23.556262" level="INFO">200</msg>
<arg>${response.status_code}</arg>
<doc>Logs the given message with the given level.</doc>
<status status="PASS" start="2024-07-03T08:19:23.555905" elapsed="0.000401"/>
</kw>
<kw name="Set Variable" owner="BuiltIn">
<msg time="2024-07-03T08:19:23.557051" level="INFO">${json_data} = {'results': [{'gender': 'female', 'name': {'title': 'Mademoiselle', 'first': 'Sharon', 'last': 'Roger'}, 'location': {'street': {'number': 6378, 'name': 'Rue Saint-Georges'}, 'city': 'Meyrin', 'state'...</msg>
<var>${json_data}</var>
<arg>${response.json()}</arg>
<doc>Returns the given values which can then be assigned to a variables.</doc>
<status status="PASS" start="2024-07-03T08:19:23.556612" elapsed="0.000468"/>
</kw>
<kw name="Dictionary Should Contain Key" owner="Collections">
<arg>${json_data}</arg>
<arg>results</arg>
<doc>Fails if ``key`` is not found from ``dictionary``.</doc>
<status status="PASS" start="2024-07-03T08:19:23.557379" elapsed="0.000165"/>
</kw>
<status status="PASS" start="2024-07-03T08:19:23.359256" elapsed="0.198435"/>
</kw>
<doc>Testa se a API responde corretamente e retorna um objeto JSON válido.</doc>
<tag>testeRequisicaoBasica</tag>
<status status="PASS" start="2024-07-03T08:19:23.358717" elapsed="0.199188"/>
</test>
<test id="s1-s1-t3" name="Validar estrutura de resposta" line="22">
<kw name="Teste de Estrutura de Resposta" owner="random-user-service">
<kw name="GET On Session" owner="RequestsLibrary">
<msg time="2024-07-03T08:19:23.648436" level="INFO">GET Request : url=https://randomuser.me/api 
 path_url=/api 
 headers={'User-Agent': 'python-requests/2.32.3', 'Accept-Encoding': 'gzip, deflate', 'Accept': '*/*', 'Connection': 'keep-alive'} 
 body=None 
 </msg>
<msg time="2024-07-03T08:19:23.648516" level="INFO">GET Response : url=https://randomuser.me/api 
 status=200, reason=OK 
 headers={'Date': 'Wed, 03 Jul 2024 08:19:23 GMT', 'Content-Type': 'application/json; charset=utf-8', 'Transfer-Encoding': 'chunked', 'Connection': 'keep-alive', 'X-Powered-By': 'Express', 'Access-Control-Allow-Origin': '*', 'Cache-Control': 'no-cache', 'ETag': 'W/"484-EV66+U/jeUikhq9vtE3ajY3FVVU"', 'Vary': 'Accept-Encoding', 'Content-Encoding': 'gzip', 'CF-Cache-Status': 'DYNAMIC', 'Report-To': '{"endpoints":[{"url":"https:\\/\\/a.nel.cloudflare.com\\/report\\/v4?s=iM4AhNnn9ekaJySHzj7YvRy%2FkWEKHkQDmNLaMH%2BRgC1ZXmiE%2FoHBB%2B0ra7CXG1uOZH%2BJSAf%2BnYbAueGyoz9Utf6Zuj20lKJiEc73NVMjGYlz7JdZvrHSbicnmCCGqM9I"}],"group":"cf-nel","max_age":604800}', 'NEL': '{"success_fraction":0,"report_to":"cf-nel","max_age":604800}', 'Server': 'cloudflare', 'CF-RAY': '89d573484a2d3967-IAD', 'alt-svc': 'h3=":443"; ma=86400'} 
 body={"results":[{"gender":"female","name":{"title":"Miss","first":"Maia","last":"Wilson"},"location":{"street":{"number":4323,"name":"Hjelms gate"},"city":"Dale","state":"Hordaland","country":"Norway","postcode":"5544","coordinates":{"latitude":"39.3418","longitude":"61.4371"},"timezone":{"offset":"+9:00","description":"Tokyo, Seoul, Osaka, Sapporo, Yakutsk"}},"email":"maia.wilson@example.com","login":{"uuid":"9f2e6515-16a2-4253-bf6f-24a64d22eb8f","username":"yellowdog367","password":"greedy","salt":"xPkkvnE8","md5":"9ee44970489ece0e226e0165d8e4ebb4","sha1":"c383c2070ea0f4553f4fc9a4865a51956613ba44","sha256":"2f4f27f91593276f4940956fdb387dd8185d8af24036f11b1fb85901ed565eee"},"dob":{"date":"1980-09-27T16:04:18.819Z","age":43},"registered":{"date":"2010-07-02T08:29:40.854Z","age":14},"phone":"81197596","cell":"91975770","id":{"name":"FN","value":"27098039029"},"picture":{"large":"https://randomuser.me/api/portraits/women/26.jpg","medium":"https://randomuser.me/api/portraits/med/women/26.jpg","thumbnail":"https://randomuser.me/api/portraits/thumb/women/26.jpg"},"nat":"NO"}],"info":{"seed":"87525997dc49bbfd","results":1,"page":1,"version":"1.4"}} 
 </msg>
<msg time="2024-07-03T08:19:23.648619" level="INFO">/opt/hostedtoolcache/Python/3.12.4/x64/lib/python3.12/site-packages/urllib3/connectionpool.py:1099: InsecureRequestWarning: Unverified HTTPS request is being made to host 'randomuser.me'. Adding certificate verification is strongly advised. See: https://urllib3.readthedocs.io/en/latest/advanced-usage.html#tls-warnings
  warnings.warn(</msg>
<msg time="2024-07-03T08:19:23.648713" level="INFO">${response} = &lt;Response [200]&gt;</msg>
<var>${response}</var>
<arg>consultarAPI</arg>
<arg>/api</arg>
<doc>Sends a GET request on a previously created HTTP Session.</doc>
<status status="PASS" start="2024-07-03T08:19:23.560590" elapsed="0.088149"/>
</kw>
<kw name="Set Variable" owner="BuiltIn">
<msg time="2024-07-03T08:19:23.649659" level="INFO">${json_data} = {'results': [{'gender': 'female', 'name': {'title': 'Miss', 'first': 'Maia', 'last': 'Wilson'}, 'location': {'street': {'number': 4323, 'name': 'Hjelms gate'}, 'city': 'Dale', 'state': 'Hordaland', 'c...</msg>
<var>${json_data}</var>
<arg>${response.json()}</arg>
<doc>Returns the given values which can then be assigned to a variables.</doc>
<status status="PASS" start="2024-07-03T08:19:23.649212" elapsed="0.000475"/>
</kw>
<kw name="Log" owner="BuiltIn">
<msg time="2024-07-03T08:19:23.650199" level="INFO">{'results': [{'gender': 'female', 'name': {'title': 'Miss', 'first': 'Maia', 'last': 'Wilson'}, 'location': {'street': {'number': 4323, 'name': 'Hjelms gate'}, 'city': 'Dale', 'state': 'Hordaland', 'country': 'Norway', 'postcode': '5544', 'coordinates': {'latitude': '39.3418', 'longitude': '61.4371'}, 'timezone': {'offset': '+9:00', 'description': 'Tokyo, Seoul, Osaka, Sapporo, Yakutsk'}}, 'email': 'maia.wilson@example.com', 'login': {'uuid': '9f2e6515-16a2-4253-bf6f-24a64d22eb8f', 'username': 'yellowdog367', 'password': 'greedy', 'salt': 'xPkkvnE8', 'md5': '9ee44970489ece0e226e0165d8e4ebb4', 'sha1': 'c383c2070ea0f4553f4fc9a4865a51956613ba44', 'sha256': '2f4f27f91593276f4940956fdb387dd8185d8af24036f11b1fb85901ed565eee'}, 'dob': {'date': '1980-09-27T16:04:18.819Z', 'age': 43}, 'registered': {'date': '2010-07-02T08:29:40.854Z', 'age': 14}, 'phone': '81197596', 'cell': '91975770', 'id': {'name': 'FN', 'value': '27098039029'}, 'picture': {'large': 'https://randomuser.me/api/portraits/women/26.jpg', 'medium': 'https://randomuser.me/api/portraits/med/women/26.jpg', 'thumbnail': 'https://randomuser.me/api/portraits/thumb/women/26.jpg'}, 'nat': 'NO'}], 'info': {'seed': '87525997dc49bbfd', 'results': 1, 'page': 1, 'version': '1.4'}}</msg>
<arg>${json_data}</arg>
<doc>Logs the given message with the given level.</doc>
<status status="PASS" start="2024-07-03T08:19:23.650044" elapsed="0.000204"/>
</kw>
<kw name="Dictionary Should Contain Key" owner="Collections">
<arg>${json_data}</arg>
<arg>results</arg>
<doc>Fails if ``key`` is not found from ``dictionary``.</doc>
<status status="PASS" start="2024-07-03T08:19:23.650540" elapsed="0.000156"/>
</kw>
<kw name="Should Not Be Empty" owner="BuiltIn">
<msg time="2024-07-03T08:19:23.651011" level="INFO">Length is 2.</msg>
<arg>${json_data}</arg>
<doc>Verifies that the given item is not empty.</doc>
<status status="PASS" start="2024-07-03T08:19:23.650879" elapsed="0.000171"/>
</kw>
<kw name="Create List" owner="BuiltIn">
<msg time="2024-07-03T08:19:23.651627" level="INFO">${expected_keys} = ['gender', 'name', 'location', 'email', 'login']</msg>
<var>${expected_keys}</var>
<arg>gender</arg>
<arg>name</arg>
<arg>location</arg>
<arg>email</arg>
<arg>login</arg>
<doc>Returns a list containing given items.</doc>
<status status="PASS" start="2024-07-03T08:19:23.651342" elapsed="0.000310"/>
</kw>
<for flavor="IN">
<iter>
<kw name="Dictionary Should Contain Key" owner="Collections">
<arg>${json_data['results'][0]}</arg>
<arg>${key}</arg>
<doc>Fails if ``key`` is not found from ``dictionary``.</doc>
<status status="PASS" start="2024-07-03T08:19:23.652224" elapsed="0.000393"/>
</kw>
<kw name="Log" owner="BuiltIn">
<msg time="2024-07-03T08:19:23.653158" level="INFO">{'gender': 'female', 'name': {'title': 'Miss', 'first': 'Maia', 'last': 'Wilson'}, 'location': {'street': {'number': 4323, 'name': 'Hjelms gate'}, 'city': 'Dale', 'state': 'Hordaland', 'country': 'Norway', 'postcode': '5544', 'coordinates': {'latitude': '39.3418', 'longitude': '61.4371'}, 'timezone': {'offset': '+9:00', 'description': 'Tokyo, Seoul, Osaka, Sapporo, Yakutsk'}}, 'email': 'maia.wilson@example.com', 'login': {'uuid': '9f2e6515-16a2-4253-bf6f-24a64d22eb8f', 'username': 'yellowdog367', 'password': 'greedy', 'salt': 'xPkkvnE8', 'md5': '9ee44970489ece0e226e0165d8e4ebb4', 'sha1': 'c383c2070ea0f4553f4fc9a4865a51956613ba44', 'sha256': '2f4f27f91593276f4940956fdb387dd8185d8af24036f11b1fb85901ed565eee'}, 'dob': {'date': '1980-09-27T16:04:18.819Z', 'age': 43}, 'registered': {'date': '2010-07-02T08:29:40.854Z', 'age': 14}, 'phone': '81197596', 'cell': '91975770', 'id': {'name': 'FN', 'value': '27098039029'}, 'picture': {'large': 'https://randomuser.me/api/portraits/women/26.jpg', 'medium': 'https://randomuser.me/api/portraits/med/women/26.jpg', 'thumbnail': 'https://randomuser.me/api/portraits/thumb/women/26.jpg'}, 'nat': 'NO'}</msg>
<arg>${json_data['results'][0]}</arg>
<doc>Logs the given message with the given level.</doc>
<status status="PASS" start="2024-07-03T08:19:23.652801" elapsed="0.000405"/>
</kw>
<kw name="Log" owner="BuiltIn">
<msg time="2024-07-03T08:19:23.653637" level="INFO">gender</msg>
<arg>${key}</arg>
<doc>Logs the given message with the given level.</doc>
<status status="PASS" start="2024-07-03T08:19:23.653508" elapsed="0.000167"/>
</kw>
<var name="${key}">gender</var>
<status status="PASS" start="2024-07-03T08:19:23.652099" elapsed="0.001823"/>
</iter>
<iter>
<kw name="Dictionary Should Contain Key" owner="Collections">
<arg>${json_data['results'][0]}</arg>
<arg>${key}</arg>
<doc>Fails if ``key`` is not found from ``dictionary``.</doc>
<status status="PASS" start="2024-07-03T08:19:23.654216" elapsed="0.000394"/>
</kw>
<kw name="Log" owner="BuiltIn">
<msg time="2024-07-03T08:19:23.655142" level="INFO">{'gender': 'female', 'name': {'title': 'Miss', 'first': 'Maia', 'last': 'Wilson'}, 'location': {'street': {'number': 4323, 'name': 'Hjelms gate'}, 'city': 'Dale', 'state': 'Hordaland', 'country': 'Norway', 'postcode': '5544', 'coordinates': {'latitude': '39.3418', 'longitude': '61.4371'}, 'timezone': {'offset': '+9:00', 'description': 'Tokyo, Seoul, Osaka, Sapporo, Yakutsk'}}, 'email': 'maia.wilson@example.com', 'login': {'uuid': '9f2e6515-16a2-4253-bf6f-24a64d22eb8f', 'username': 'yellowdog367', 'password': 'greedy', 'salt': 'xPkkvnE8', 'md5': '9ee44970489ece0e226e0165d8e4ebb4', 'sha1': 'c383c2070ea0f4553f4fc9a4865a51956613ba44', 'sha256': '2f4f27f91593276f4940956fdb387dd8185d8af24036f11b1fb85901ed565eee'}, 'dob': {'date': '1980-09-27T16:04:18.819Z', 'age': 43}, 'registered': {'date': '2010-07-02T08:29:40.854Z', 'age': 14}, 'phone': '81197596', 'cell': '91975770', 'id': {'name': 'FN', 'value': '27098039029'}, 'picture': {'large': 'https://randomuser.me/api/portraits/women/26.jpg', 'medium': 'https://randomuser.me/api/portraits/med/women/26.jpg', 'thumbnail': 'https://randomuser.me/api/portraits/thumb/women/26.jpg'}, 'nat': 'NO'}</msg>
<arg>${json_data['results'][0]}</arg>
<doc>Logs the given message with the given level.</doc>
<status status="PASS" start="2024-07-03T08:19:23.654792" elapsed="0.000428"/>
</kw>
<kw name="Log" owner="BuiltIn">
<msg time="2024-07-03T08:19:23.655647" level="INFO">name</msg>
<arg>${key}</arg>
<doc>Logs the given message with the given level.</doc>
<status status="PASS" start="2024-07-03T08:19:23.655521" elapsed="0.000163"/>
</kw>
<var name="${key}">name</var>
<status status="PASS" start="2024-07-03T08:19:23.654106" elapsed="0.001795"/>
</iter>
<iter>
<kw name="Dictionary Should Contain Key" owner="Collections">
<arg>${json_data['results'][0]}</arg>
<arg>${key}</arg>
<doc>Fails if ``key`` is not found from ``dictionary``.</doc>
<status status="PASS" start="2024-07-03T08:19:23.656180" elapsed="0.000374"/>
</kw>
<kw name="Log" owner="BuiltIn">
<msg time="2024-07-03T08:19:23.657074" level="INFO">{'gender': 'female', 'name': {'title': 'Miss', 'first': 'Maia', 'last': 'Wilson'}, 'location': {'street': {'number': 4323, 'name': 'Hjelms gate'}, 'city': 'Dale', 'state': 'Hordaland', 'country': 'Norway', 'postcode': '5544', 'coordinates': {'latitude': '39.3418', 'longitude': '61.4371'}, 'timezone': {'offset': '+9:00', 'description': 'Tokyo, Seoul, Osaka, Sapporo, Yakutsk'}}, 'email': 'maia.wilson@example.com', 'login': {'uuid': '9f2e6515-16a2-4253-bf6f-24a64d22eb8f', 'username': 'yellowdog367', 'password': 'greedy', 'salt': 'xPkkvnE8', 'md5': '9ee44970489ece0e226e0165d8e4ebb4', 'sha1': 'c383c2070ea0f4553f4fc9a4865a51956613ba44', 'sha256': '2f4f27f91593276f4940956fdb387dd8185d8af24036f11b1fb85901ed565eee'}, 'dob': {'date': '1980-09-27T16:04:18.819Z', 'age': 43}, 'registered': {'date': '2010-07-02T08:29:40.854Z', 'age': 14}, 'phone': '81197596', 'cell': '91975770', 'id': {'name': 'FN', 'value': '27098039029'}, 'picture': {'large': 'https://randomuser.me/api/portraits/women/26.jpg', 'medium': 'https://randomuser.me/api/portraits/med/women/26.jpg', 'thumbnail': 'https://randomuser.me/api/portraits/thumb/women/26.jpg'}, 'nat': 'NO'}</msg>
<arg>${json_data['results'][0]}</arg>
<doc>Logs the given message with the given level.</doc>
<status status="PASS" start="2024-07-03T08:19:23.656734" elapsed="0.000386"/>
</kw>
<kw name="Log" owner="BuiltIn">
<msg time="2024-07-03T08:19:23.657542" level="INFO">location</msg>
<arg>${key}</arg>
<doc>Logs the given message with the given level.</doc>
<status status="PASS" start="2024-07-03T08:19:23.657416" elapsed="0.000164"/>
</kw>
<var name="${key}">location</var>
<status status="PASS" start="2024-07-03T08:19:23.656075" elapsed="0.001761"/>
</iter>
<iter>
<kw name="Dictionary Should Contain Key" owner="Collections">
<arg>${json_data['results'][0]}</arg>
<arg>${key}</arg>
<doc>Fails if ``key`` is not found from ``dictionary``.</doc>
<status status="PASS" start="2024-07-03T08:19:23.658127" elapsed="0.000390"/>
</kw>
<kw name="Log" owner="BuiltIn">
<msg time="2024-07-03T08:19:23.659042" level="INFO">{'gender': 'female', 'name': {'title': 'Miss', 'first': 'Maia', 'last': 'Wilson'}, 'location': {'street': {'number': 4323, 'name': 'Hjelms gate'}, 'city': 'Dale', 'state': 'Hordaland', 'country': 'Norway', 'postcode': '5544', 'coordinates': {'latitude': '39.3418', 'longitude': '61.4371'}, 'timezone': {'offset': '+9:00', 'description': 'Tokyo, Seoul, Osaka, Sapporo, Yakutsk'}}, 'email': 'maia.wilson@example.com', 'login': {'uuid': '9f2e6515-16a2-4253-bf6f-24a64d22eb8f', 'username': 'yellowdog367', 'password': 'greedy', 'salt': 'xPkkvnE8', 'md5': '9ee44970489ece0e226e0165d8e4ebb4', 'sha1': 'c383c2070ea0f4553f4fc9a4865a51956613ba44', 'sha256': '2f4f27f91593276f4940956fdb387dd8185d8af24036f11b1fb85901ed565eee'}, 'dob': {'date': '1980-09-27T16:04:18.819Z', 'age': 43}, 'registered': {'date': '2010-07-02T08:29:40.854Z', 'age': 14}, 'phone': '81197596', 'cell': '91975770', 'id': {'name': 'FN', 'value': '27098039029'}, 'picture': {'large': 'https://randomuser.me/api/portraits/women/26.jpg', 'medium': 'https://randomuser.me/api/portraits/med/women/26.jpg', 'thumbnail': 'https://randomuser.me/api/portraits/thumb/women/26.jpg'}, 'nat': 'NO'}</msg>
<arg>${json_data['results'][0]}</arg>
<doc>Logs the given message with the given level.</doc>
<status status="PASS" start="2024-07-03T08:19:23.658696" elapsed="0.000393"/>
</kw>
<kw name="Log" owner="BuiltIn">
<msg time="2024-07-03T08:19:23.659514" level="INFO">email</msg>
<arg>${key}</arg>
<doc>Logs the given message with the given level.</doc>
<status status="PASS" start="2024-07-03T08:19:23.659390" elapsed="0.000162"/>
</kw>
<var name="${key}">email</var>
<status status="PASS" start="2024-07-03T08:19:23.658021" elapsed="0.001743"/>
</iter>
<iter>
<kw name="Dictionary Should Contain Key" owner="Collections">
<arg>${json_data['results'][0]}</arg>
<arg>${key}</arg>
<doc>Fails if ``key`` is not found from ``dictionary``.</doc>
<status status="PASS" start="2024-07-03T08:19:23.660051" elapsed="0.000388"/>
</kw>
<kw name="Log" owner="BuiltIn">
<msg time="2024-07-03T08:19:23.660969" level="INFO">{'gender': 'female', 'name': {'title': 'Miss', 'first': 'Maia', 'last': 'Wilson'}, 'location': {'street': {'number': 4323, 'name': 'Hjelms gate'}, 'city': 'Dale', 'state': 'Hordaland', 'country': 'Norway', 'postcode': '5544', 'coordinates': {'latitude': '39.3418', 'longitude': '61.4371'}, 'timezone': {'offset': '+9:00', 'description': 'Tokyo, Seoul, Osaka, Sapporo, Yakutsk'}}, 'email': 'maia.wilson@example.com', 'login': {'uuid': '9f2e6515-16a2-4253-bf6f-24a64d22eb8f', 'username': 'yellowdog367', 'password': 'greedy', 'salt': 'xPkkvnE8', 'md5': '9ee44970489ece0e226e0165d8e4ebb4', 'sha1': 'c383c2070ea0f4553f4fc9a4865a51956613ba44', 'sha256': '2f4f27f91593276f4940956fdb387dd8185d8af24036f11b1fb85901ed565eee'}, 'dob': {'date': '1980-09-27T16:04:18.819Z', 'age': 43}, 'registered': {'date': '2010-07-02T08:29:40.854Z', 'age': 14}, 'phone': '81197596', 'cell': '91975770', 'id': {'name': 'FN', 'value': '27098039029'}, 'picture': {'large': 'https://randomuser.me/api/portraits/women/26.jpg', 'medium': 'https://randomuser.me/api/portraits/med/women/26.jpg', 'thumbnail': 'https://randomuser.me/api/portraits/thumb/women/26.jpg'}, 'nat': 'NO'}</msg>
<arg>${json_data['results'][0]}</arg>
<doc>Logs the given message with the given level.</doc>
<status status="PASS" start="2024-07-03T08:19:23.660620" elapsed="0.000395"/>
</kw>
<kw name="Log" owner="BuiltIn">
<msg time="2024-07-03T08:19:23.661429" level="INFO">login</msg>
<arg>${key}</arg>
<doc>Logs the given message with the given level.</doc>
<status status="PASS" start="2024-07-03T08:19:23.661305" elapsed="0.000161"/>
</kw>
<var name="${key}">login</var>
<status status="PASS" start="2024-07-03T08:19:23.659934" elapsed="0.001746"/>
</iter>
<var>${key}</var>
<value>@{expected_keys}</value>
<status status="PASS" start="2024-07-03T08:19:23.651914" elapsed="0.009913"/>
</for>
<kw name="Create List" owner="BuiltIn">
<msg time="2024-07-03T08:19:23.662164" level="INFO">${expected_keysTwo} = ['username', 'password']</msg>
<var>${expected_keysTwo}</var>
<arg>username</arg>
<arg>password</arg>
<doc>Returns a list containing given items.</doc>
<status status="PASS" start="2024-07-03T08:19:23.662025" elapsed="0.000162"/>
</kw>
<for flavor="IN">
<iter>
<kw name="Dictionary Should Contain Key" owner="Collections">
<arg>${json_data['results'][0]['login']}</arg>
<arg>${keyTwo}</arg>
<doc>Fails if ``key`` is not found from ``dictionary``.</doc>
<status status="PASS" start="2024-07-03T08:19:23.662710" elapsed="0.000383"/>
</kw>
<kw name="Dictionary Should Contain Key" owner="Collections">
<arg>${json_data['results'][0]['login']}</arg>
<arg>${keyTwo}</arg>
<doc>Fails if ``key`` is not found from ``dictionary``.</doc>
<status status="PASS" start="2024-07-03T08:19:23.663271" elapsed="0.000377"/>
</kw>
<kw name="Log" owner="BuiltIn">
<msg time="2024-07-03T08:19:23.663946" level="INFO">username</msg>
<arg>${keyTwo}</arg>
<doc>Logs the given message with the given level.</doc>
<status status="PASS" start="2024-07-03T08:19:23.663827" elapsed="0.000156"/>
</kw>
<var name="${keyTwo}">username</var>
<status status="PASS" start="2024-07-03T08:19:23.662604" elapsed="0.001620"/>
</iter>
<iter>
<kw name="Dictionary Should Contain Key" owner="Collections">
<arg>${json_data['results'][0]['login']}</arg>
<arg>${keyTwo}</arg>
<doc>Fails if ``key`` is not found from ``dictionary``.</doc>
<status status="PASS" start="2024-07-03T08:19:23.664500" elapsed="0.000379"/>
</kw>
<kw name="Dictionary Should Contain Key" owner="Collections">
<arg>${json_data['results'][0]['login']}</arg>
<arg>${keyTwo}</arg>
<doc>Fails if ``key`` is not found from ``dictionary``.</doc>
<status status="PASS" start="2024-07-03T08:19:23.665073" elapsed="0.000364"/>
</kw>
<kw name="Log" owner="BuiltIn">
<msg time="2024-07-03T08:19:23.665726" level="INFO">password</msg>
<arg>${keyTwo}</arg>
<doc>Logs the given message with the given level.</doc>
<status status="PASS" start="2024-07-03T08:19:23.665610" elapsed="0.000160"/>
</kw>
<var name="${keyTwo}">password</var>
<status status="PASS" start="2024-07-03T08:19:23.664395" elapsed="0.001735"/>
</iter>
<var>${keyTwo}</var>
<value>@{expected_keysTwo}</value>
<status status="PASS" start="2024-07-03T08:19:23.662451" elapsed="0.003801"/>
</for>
<status status="PASS" start="2024-07-03T08:19:23.560354" elapsed="0.106036"/>
</kw>
<doc>Testa a estrutura da resposta da API.</doc>
<tag>testeEstruturaResposta</tag>
<status status="PASS" start="2024-07-03T08:19:23.559753" elapsed="0.106781"/>
</test>
<test id="s1-s1-t4" name="Validar tipos de dados" line="28">
<kw name="Teste de Tipos de Dados" owner="random-user-service">
<kw name="GET On Session" owner="RequestsLibrary">
<msg time="2024-07-03T08:19:23.749805" level="INFO">GET Request : url=https://randomuser.me/api 
 path_url=/api 
 headers={'User-Agent': 'python-requests/2.32.3', 'Accept-Encoding': 'gzip, deflate', 'Accept': '*/*', 'Connection': 'keep-alive'} 
 body=None 
 </msg>
<msg time="2024-07-03T08:19:23.749900" level="INFO">GET Response : url=https://randomuser.me/api 
 status=200, reason=OK 
 headers={'Date': 'Wed, 03 Jul 2024 08:19:23 GMT', 'Content-Type': 'application/json; charset=utf-8', 'Transfer-Encoding': 'chunked', 'Connection': 'keep-alive', 'X-Powered-By': 'Express', 'Access-Control-Allow-Origin': '*', 'Cache-Control': 'no-cache', 'ETag': 'W/"4a2-Qsg3cmTLwTCMm0hSEEKP3yUQLQU"', 'Vary': 'Accept-Encoding', 'Content-Encoding': 'gzip', 'CF-Cache-Status': 'DYNAMIC', 'Report-To': '{"endpoints":[{"url":"https:\\/\\/a.nel.cloudflare.com\\/report\\/v4?s=55GykYhJzGvLl9H%2F3eCY6HGhEiH6bWJSZKQZ29aGeeczFltthstb08pRm28NH0MWcD4irQC%2B%2Bp9PyNWloGc1VRcVhgwt9ly8IfybbrEracCG5L0dPex%2FRDh5jP6Lukhr"}],"group":"cf-nel","max_age":604800}', 'NEL': '{"success_fraction":0,"report_to":"cf-nel","max_age":604800}', 'Server': 'cloudflare', 'CF-RAY': '89d57348fb043967-IAD', 'alt-svc': 'h3=":443"; ma=86400'} 
 body={"results":[{"gender":"female","name":{"title":"Miss","first":"Vladana","last":"Maksimović"},"location":{"street":{"number":9535,"name":"Krajiških Brigada"},"city":"Žabalj","state":"Podunavlje","country":"Serbia","postcode":95276,"coordinates":{"latitude":"63.5494","longitude":"151.6323"},"timezone":{"offset":"-3:00","description":"Brazil, Buenos Aires, Georgetown"}},"email":"vladana.maksimovic@example.com","login":{"uuid":"f645f6f8-f4d5-4cfd-9227-54263ae96857","username":"heavyfrog336","password":"billbill","salt":"r2tV9YYl","md5":"06855a7632a43fab14fcb50ce20c1ab6","sha1":"a3fd4e74cb7f45283ec9bce708d8a0f06c739316","sha256":"2c025a3c46e9fe06e69d0b1e09a3b23ded2d42263c8ea5dd5b294d6ce064fd41"},"dob":{"date":"1951-10-27T23:29:26.194Z","age":72},"registered":{"date":"2010-03-19T10:05:56.671Z","age":14},"phone":"029-5453-496","cell":"069-0294-062","id":{"name":"SID","value":"563337813"},"picture":{"large":"https://randomuser.me/api/portraits/women/23.jpg","medium":"https://randomuser.me/api/portraits/med/women/23.jpg","thumbnail":"https://randomuser.me/api/portraits/thumb/women/23.jpg"},"nat":"RS"}],"info":{"seed":"3fdbf0ef7ad95d50","results":1,"page":1,"version":"1.4"}} 
 </msg>
<msg time="2024-07-03T08:19:23.749984" level="INFO">/opt/hostedtoolcache/Python/3.12.4/x64/lib/python3.12/site-packages/urllib3/connectionpool.py:1099: InsecureRequestWarning: Unverified HTTPS request is being made to host 'randomuser.me'. Adding certificate verification is strongly advised. See: https://urllib3.readthedocs.io/en/latest/advanced-usage.html#tls-warnings
  warnings.warn(</msg>
<msg time="2024-07-03T08:19:23.750100" level="INFO">${response} = &lt;Response [200]&gt;</msg>
<var>${response}</var>
<arg>consultarAPI</arg>
<arg>/api</arg>
<doc>Sends a GET request on a previously created HTTP Session.</doc>
<status status="PASS" start="2024-07-03T08:19:23.668915" elapsed="0.081230"/>
</kw>
<kw name="Set Variable" owner="BuiltIn">
<msg time="2024-07-03T08:19:23.751062" level="INFO">${json_data} = {'results': [{'gender': 'female', 'name': {'title': 'Miss', 'first': 'Vladana', 'last': 'Maksimović'}, 'location': {'street': {'number': 9535, 'name': 'Krajiških Brigada'}, 'city': 'Žabalj', 'state': ...</msg>
<var>${json_data}</var>
<arg>${response.json()}</arg>
<doc>Returns the given values which can then be assigned to a variables.</doc>
<status status="PASS" start="2024-07-03T08:19:23.750596" elapsed="0.000496"/>
</kw>
<kw name="Log" owner="BuiltIn">
<msg time="2024-07-03T08:19:23.751571" level="INFO">{'results': [{'gender': 'female', 'name': {'title': 'Miss', 'first': 'Vladana', 'last': 'Maksimović'}, 'location': {'street': {'number': 9535, 'name': 'Krajiških Brigada'}, 'city': 'Žabalj', 'state': 'Podunavlje', 'country': 'Serbia', 'postcode': 95276, 'coordinates': {'latitude': '63.5494', 'longitude': '151.6323'}, 'timezone': {'offset': '-3:00', 'description': 'Brazil, Buenos Aires, Georgetown'}}, 'email': 'vladana.maksimovic@example.com', 'login': {'uuid': 'f645f6f8-f4d5-4cfd-9227-54263ae96857', 'username': 'heavyfrog336', 'password': 'billbill', 'salt': 'r2tV9YYl', 'md5': '06855a7632a43fab14fcb50ce20c1ab6', 'sha1': 'a3fd4e74cb7f45283ec9bce708d8a0f06c739316', 'sha256': '2c025a3c46e9fe06e69d0b1e09a3b23ded2d42263c8ea5dd5b294d6ce064fd41'}, 'dob': {'date': '1951-10-27T23:29:26.194Z', 'age': 72}, 'registered': {'date': '2010-03-19T10:05:56.671Z', 'age': 14}, 'phone': '029-5453-496', 'cell': '069-0294-062', 'id': {'name': 'SID', 'value': '563337813'}, 'picture': {'large': 'https://randomuser.me/api/portraits/women/23.jpg', 'medium': 'https://randomuser.me/api/portraits/med/women/23.jpg', 'thumbnail': 'https://randomuser.me/api/portraits/thumb/women/23.jpg'}, 'nat': 'RS'}], 'info': {'seed': '3fdbf0ef7ad95d50', 'results': 1, 'page': 1, 'version': '1.4'}}</msg>
<arg>${json_data}</arg>
<doc>Logs the given message with the given level.</doc>
<status status="PASS" start="2024-07-03T08:19:23.751407" elapsed="0.000214"/>
</kw>
<kw name="Should Be String" owner="String">
<arg>${json_data['results'][0]['gender']}</arg>
<doc>Fails if the given ``item`` is not a string.</doc>
<status status="PASS" start="2024-07-03T08:19:23.751922" elapsed="0.000360"/>
</kw>
<kw name="Should Match Regexp" owner="BuiltIn">
<arg>${json_data['results'][0]['email']}</arg>
<arg>^[a-zA-Z0-9._%+-]+@[a-zA-Z0-9.-]+\.[a-zA-Z]{2,}$</arg>
<doc>Fails if ``string`` does not match ``pattern`` as a regular expression.</doc>
<status status="PASS" start="2024-07-03T08:19:23.752468" elapsed="0.000505"/>
</kw>
<kw name="Should Match Regexp" owner="BuiltIn">
<arg>${json_data['results'][0]['dob']['date']}</arg>
<arg>\\d{4}-\\d{2}-\\d{2}T\\d{2}:\\d{2}:\\d{2}\\.\\d{3}Z</arg>
<doc>Fails if ``string`` does not match ``pattern`` as a regular expression.</doc>
<status status="PASS" start="2024-07-03T08:19:23.753203" elapsed="0.000484"/>
</kw>
<kw name="Should Match Regexp" owner="BuiltIn">
<arg>${json_data['results'][0]['registered']['date']}</arg>
<arg>\\d{4}-\\d{2}-\\d{2}T\\d{2}:\\d{2}:\\d{2}\\.\\d{3}Z</arg>
<doc>Fails if ``string`` does not match ``pattern`` as a regular expression.</doc>
<status status="PASS" start="2024-07-03T08:19:23.753911" elapsed="0.000373"/>
</kw>
<kw name="Should Match Regexp" owner="BuiltIn">
<arg>${json_data['results'][0]['picture']['large']}</arg>
<arg>^https?://.*\.(?:png|jpe?g|gif|bmp)$</arg>
<doc>Fails if ``string`` does not match ``pattern`` as a regular expression.</doc>
<status status="PASS" start="2024-07-03T08:19:23.754471" elapsed="0.000449"/>
</kw>
<kw name="Should Match Regexp" owner="BuiltIn">
<arg>${json_data['results'][0]['picture']['medium']}</arg>
<arg>^https?://.*\.(?:png|jpe?g|gif|bmp)$</arg>
<doc>Fails if ``string`` does not match ``pattern`` as a regular expression.</doc>
<status status="PASS" start="2024-07-03T08:19:23.755104" elapsed="0.000346"/>
</kw>
<kw name="Should Match Regexp" owner="BuiltIn">
<arg>${json_data['results'][0]['picture']['thumbnail']}</arg>
<arg>^https?://.*\.(?:png|jpe?g|gif|bmp)$</arg>
<doc>Fails if ``string`` does not match ``pattern`` as a regular expression.</doc>
<status status="PASS" start="2024-07-03T08:19:23.755629" elapsed="0.000342"/>
</kw>
<kw name="Log" owner="BuiltIn">
<msg time="2024-07-03T08:19:23.756480" level="INFO">{'large': 'https://randomuser.me/api/portraits/women/23.jpg', 'medium': 'https://randomuser.me/api/portraits/med/women/23.jpg', 'thumbnail': 'https://randomuser.me/api/portraits/thumb/women/23.jpg'}</msg>
<arg>${json_data['results'][0]['picture']}</arg>
<doc>Logs the given message with the given level.</doc>
<status status="PASS" start="2024-07-03T08:19:23.756153" elapsed="0.000370"/>
</kw>
<status status="PASS" start="2024-07-03T08:19:23.668702" elapsed="0.088071"/>
</kw>
<kw name="Teste de Tipos de Dados - Postcode" owner="random-user-service">
<kw name="GET On Session" owner="RequestsLibrary">
<msg time="2024-07-03T08:19:23.860963" level="INFO">GET Request : url=https://randomuser.me/api 
 path_url=/api 
 headers={'User-Agent': 'python-requests/2.32.3', 'Accept-Encoding': 'gzip, deflate', 'Accept': '*/*', 'Connection': 'keep-alive'} 
 body=None 
 </msg>
<msg time="2024-07-03T08:19:23.861053" level="INFO">GET Response : url=https://randomuser.me/api 
 status=200, reason=OK 
 headers={'Date': 'Wed, 03 Jul 2024 08:19:23 GMT', 'Content-Type': 'application/json; charset=utf-8', 'Transfer-Encoding': 'chunked', 'Connection': 'keep-alive', 'X-Powered-By': 'Express', 'Access-Control-Allow-Origin': '*', 'Cache-Control': 'no-cache', 'ETag': 'W/"4a9-2rBpg9Kl0KCWbDCJpcvfguQ0GGU"', 'Vary': 'Accept-Encoding', 'Content-Encoding': 'gzip', 'CF-Cache-Status': 'DYNAMIC', 'Report-To': '{"endpoints":[{"url":"https:\\/\\/a.nel.cloudflare.com\\/report\\/v4?s=LYn9wUT2ODre6e1EBxbhVf0n4SKTlvtvTyPOXVMN%2BoBAiw%2BkW3xQ%2B550fKNPVXW%2BwtRJGCAVMfShv2PkP3ZpMbnodq1i00mp7%2By9nO0RJm1HtwT%2Fvj31EFkoIXnjvHtm"}],"group":"cf-nel","max_age":604800}', 'NEL': '{"success_fraction":0,"report_to":"cf-nel","max_age":604800}', 'Server': 'cloudflare', 'CF-RAY': '89d573497b6d3967-IAD', 'alt-svc': 'h3=":443"; ma=86400'} 
 body={"results":[{"gender":"female","name":{"title":"Ms","first":"Elena","last":"Calvillo"},"location":{"street":{"number":8895,"name":"Periférico Sinaloa"},"city":"Linares","state":"Ciudad de Mexico","country":"Mexico","postcode":61448,"coordinates":{"latitude":"22.2860","longitude":"38.0088"},"timezone":{"offset":"-3:00","description":"Brazil, Buenos Aires, Georgetown"}},"email":"elena.calvillo@example.com","login":{"uuid":"42e5ec73-9d9c-4f27-990d-423dd7eca3e0","username":"ticklishfish252","password":"77777777","salt":"ZKW8iDZJ","md5":"4d77792f9c5a73b115b6783b0cef61a0","sha1":"f0e697dabc232b95fc2b243f5fbabba24049555e","sha256":"3862e4644b95f55136f58be2da39be69e2f2d688ca099d793af43077965c2528"},"dob":{"date":"1955-08-31T12:02:11.889Z","age":68},"registered":{"date":"2019-02-28T03:43:15.937Z","age":5},"phone":"(649) 762 9098","cell":"(687) 357 6993","id":{"name":"NSS","value":"93 43 31 0410 8"},"picture":{"large":"https://randomuser.me/api/portraits/women/82.jpg","medium":"https://randomuser.me/api/portraits/med/women/82.jpg","thumbnail":"https://randomuser.me/api/portraits/thumb/women/82.jpg"},"nat":"MX"}],"info":{"seed":"6c37a8ac91cd66ba","results":1,"page":1,"version":"1.4"}} 
 </msg>
<msg time="2024-07-03T08:19:23.861128" level="INFO">/opt/hostedtoolcache/Python/3.12.4/x64/lib/python3.12/site-packages/urllib3/connectionpool.py:1099: InsecureRequestWarning: Unverified HTTPS request is being made to host 'randomuser.me'. Adding certificate verification is strongly advised. See: https://urllib3.readthedocs.io/en/latest/advanced-usage.html#tls-warnings
  warnings.warn(</msg>
<msg time="2024-07-03T08:19:23.861244" level="INFO">${response} = &lt;Response [200]&gt;</msg>
<var>${response}</var>
<arg>consultarAPI</arg>
<arg>/api</arg>
<doc>Sends a GET request on a previously created HTTP Session.</doc>
<status status="PASS" start="2024-07-03T08:19:23.757194" elapsed="0.104091"/>
</kw>
<kw name="Set Variable" owner="BuiltIn">
<msg time="2024-07-03T08:19:23.862314" level="INFO">${json_data} = {'results': [{'gender': 'female', 'name': {'title': 'Ms', 'first': 'Elena', 'last': 'Calvillo'}, 'location': {'street': {'number': 8895, 'name': 'Periférico Sinaloa'}, 'city': 'Linares', 'state': 'Ciu...</msg>
<var>${json_data}</var>
<arg>${response.json()}</arg>
<doc>Returns the given values which can then be assigned to a variables.</doc>
<status status="PASS" start="2024-07-03T08:19:23.861852" elapsed="0.000491"/>
</kw>
<kw name="Log" owner="BuiltIn">
<msg time="2024-07-03T08:19:23.862799" level="INFO">{'results': [{'gender': 'female', 'name': {'title': 'Ms', 'first': 'Elena', 'last': 'Calvillo'}, 'location': {'street': {'number': 8895, 'name': 'Periférico Sinaloa'}, 'city': 'Linares', 'state': 'Ciudad de Mexico', 'country': 'Mexico', 'postcode': 61448, 'coordinates': {'latitude': '22.2860', 'longitude': '38.0088'}, 'timezone': {'offset': '-3:00', 'description': 'Brazil, Buenos Aires, Georgetown'}}, 'email': 'elena.calvillo@example.com', 'login': {'uuid': '42e5ec73-9d9c-4f27-990d-423dd7eca3e0', 'username': 'ticklishfish252', 'password': '77777777', 'salt': 'ZKW8iDZJ', 'md5': '4d77792f9c5a73b115b6783b0cef61a0', 'sha1': 'f0e697dabc232b95fc2b243f5fbabba24049555e', 'sha256': '3862e4644b95f55136f58be2da39be69e2f2d688ca099d793af43077965c2528'}, 'dob': {'date': '1955-08-31T12:02:11.889Z', 'age': 68}, 'registered': {'date': '2019-02-28T03:43:15.937Z', 'age': 5}, 'phone': '(649) 762 9098', 'cell': '(687) 357 6993', 'id': {'name': 'NSS', 'value': '93 43 31 0410 8'}, 'picture': {'large': 'https://randomuser.me/api/portraits/women/82.jpg', 'medium': 'https://randomuser.me/api/portraits/med/women/82.jpg', 'thumbnail': 'https://randomuser.me/api/portraits/thumb/women/82.jpg'}, 'nat': 'MX'}], 'info': {'seed': '6c37a8ac91cd66ba', 'results': 1, 'page': 1, 'version': '1.4'}}</msg>
<arg>${json_data}</arg>
<doc>Logs the given message with the given level.</doc>
<status status="PASS" start="2024-07-03T08:19:23.862643" elapsed="0.000203"/>
</kw>
<kw name="Should Be Equal As Numbers" owner="BuiltIn">
<arg>${json_data['results'][0]['location']['postcode']}</arg>
<arg>${json_data['results'][0]['location']['postcode']}</arg>
<doc>Fails if objects are unequal after converting them to real numbers.</doc>
<status status="PASS" start="2024-07-03T08:19:23.863138" elapsed="0.000627"/>
</kw>
<kw name="Log" owner="BuiltIn">
<msg time="2024-07-03T08:19:23.864418" level="INFO">61448</msg>
<arg>${json_data['results'][0]['location']['postcode']}</arg>
<doc>Logs the given message with the given level.</doc>
<status status="PASS" start="2024-07-03T08:19:23.863961" elapsed="0.000497"/>
</kw>
<status status="PASS" start="2024-07-03T08:19:23.756980" elapsed="0.107758"/>
</kw>
<doc>Testa se os tipos de dados na resposta da API estão corretos.</doc>
<tag>testeTiposDados</tag>
<status status="PASS" start="2024-07-03T08:19:23.668265" elapsed="0.196630"/>
</test>
<test id="s1-s1-t5" name="Validar conteudo" line="35">
<kw name="Teste de Tipos de Conteudo" owner="random-user-service">
<kw name="GET On Session" owner="RequestsLibrary">
<msg time="2024-07-03T08:19:23.962077" level="INFO">GET Request : url=https://randomuser.me/api 
 path_url=/api 
 headers={'User-Agent': 'python-requests/2.32.3', 'Accept-Encoding': 'gzip, deflate', 'Accept': '*/*', 'Connection': 'keep-alive'} 
 body=None 
 </msg>
<msg time="2024-07-03T08:19:23.962141" level="INFO">GET Response : url=https://randomuser.me/api 
 status=200, reason=OK 
 headers={'Date': 'Wed, 03 Jul 2024 08:19:23 GMT', 'Content-Type': 'application/json; charset=utf-8', 'Transfer-Encoding': 'chunked', 'Connection': 'keep-alive', 'X-Powered-By': 'Express', 'Access-Control-Allow-Origin': '*', 'Cache-Control': 'no-cache', 'ETag': 'W/"488-+mEMwrsoVUo0XQGPHGAFmpSS3Qw"', 'Vary': 'Accept-Encoding', 'Content-Encoding': 'gzip', 'CF-Cache-Status': 'DYNAMIC', 'Report-To': '{"endpoints":[{"url":"https:\\/\\/a.nel.cloudflare.com\\/report\\/v4?s=Xyn4ml4mo%2Bl3ZOLsrPt%2BiD%2FXg1bSi8tdKN20FxwRKu14UwVroWo%2Bj7U6T5wdchS4DDTdCC3RZKgCHMWk3bQ20rteJ6nQRFhTf9ajQQT9FQZMD5hYHnN1OXE4pZGpPoo%2B"}],"group":"cf-nel","max_age":604800}', 'NEL': '{"success_fraction":0,"report_to":"cf-nel","max_age":604800}', 'Server': 'cloudflare', 'CF-RAY': '89d5734a3c083967-IAD', 'alt-svc': 'h3=":443"; ma=86400'} 
 body={"results":[{"gender":"female","name":{"title":"Miss","first":"Ida","last":"Hansen"},"location":{"street":{"number":2474,"name":"Engparken"},"city":"Aarhus","state":"Syddanmark","country":"Denmark","postcode":25742,"coordinates":{"latitude":"-45.3448","longitude":"139.8692"},"timezone":{"offset":"+10:00","description":"Eastern Australia, Guam, Vladivostok"}},"email":"ida.hansen@example.com","login":{"uuid":"520f320d-293b-4cb4-9d16-ab6cf0b03f56","username":"happyostrich731","password":"adults","salt":"MoTVRsfZ","md5":"9d15e557a90e8d64149683a50e5962f8","sha1":"592a6778cebcf50d849b10d24a265e530ed9f325","sha256":"4bb11557305db6fac3a9faf54e863446771fe696efa49677cbd5d100dbcba58e"},"dob":{"date":"1967-12-19T01:54:28.215Z","age":56},"registered":{"date":"2018-05-01T00:57:26.937Z","age":6},"phone":"07029347","cell":"66985724","id":{"name":"CPR","value":"181267-2125"},"picture":{"large":"https://randomuser.me/api/portraits/women/95.jpg","medium":"https://randomuser.me/api/portraits/med/women/95.jpg","thumbnail":"https://randomuser.me/api/portraits/thumb/women/95.jpg"},"nat":"DK"}],"info":{"seed":"95ea3307267d4a39","results":1,"page":1,"version":"1.4"}} 
 </msg>
<msg time="2024-07-03T08:19:23.962199" level="INFO">/opt/hostedtoolcache/Python/3.12.4/x64/lib/python3.12/site-packages/urllib3/connectionpool.py:1099: InsecureRequestWarning: Unverified HTTPS request is being made to host 'randomuser.me'. Adding certificate verification is strongly advised. See: https://urllib3.readthedocs.io/en/latest/advanced-usage.html#tls-warnings
  warnings.warn(</msg>
<msg time="2024-07-03T08:19:23.962284" level="INFO">${response} = &lt;Response [200]&gt;</msg>
<var>${response}</var>
<arg>consultarAPI</arg>
<arg>/api</arg>
<doc>Sends a GET request on a previously created HTTP Session.</doc>
<status status="PASS" start="2024-07-03T08:19:23.867275" elapsed="0.095033"/>
</kw>
<kw name="Set Variable" owner="BuiltIn">
<msg time="2024-07-03T08:19:23.963122" level="INFO">${json_data} = {'results': [{'gender': 'female', 'name': {'title': 'Miss', 'first': 'Ida', 'last': 'Hansen'}, 'location': {'street': {'number': 2474, 'name': 'Engparken'}, 'city': 'Aarhus', 'state': 'Syddanmark', 'c...</msg>
<var>${json_data}</var>
<arg>${response.json()}</arg>
<doc>Returns the given values which can then be assigned to a variables.</doc>
<status status="PASS" start="2024-07-03T08:19:23.962681" elapsed="0.000468"/>
</kw>
<kw name="Set Variable" owner="BuiltIn">
<msg time="2024-07-03T08:19:23.963816" level="INFO">${name_title} = Miss</msg>
<var>${name_title}</var>
<arg>${json_data["results"][0]["name"]["title"]}</arg>
<doc>Returns the given values which can then be assigned to a variables.</doc>
<status status="PASS" start="2024-07-03T08:19:23.963447" elapsed="0.000394"/>
</kw>
<kw name="Create List" owner="BuiltIn">
<msg time="2024-07-03T08:19:23.964272" level="INFO">${allowed_titles} = ['Mr', 'Ms', 'Miss', 'Mrs', 'Madame', 'Monsieur']</msg>
<var>${allowed_titles}</var>
<arg>Mr</arg>
<arg>Ms</arg>
<arg>Miss</arg>
<arg>Mrs</arg>
<arg>Madame</arg>
<arg>Monsieur</arg>
<doc>Returns a list containing given items.</doc>
<status status="PASS" start="2024-07-03T08:19:23.964127" elapsed="0.000169"/>
</kw>
<kw name="List Should Contain Value" owner="Collections">
<arg>${allowed_titles}</arg>
<arg>${name_title}</arg>
<doc>Fails if the ``value`` is not found from ``list``.</doc>
<status status="PASS" start="2024-07-03T08:19:23.964587" elapsed="0.000176"/>
</kw>
<kw name="Set Variable" owner="BuiltIn">
<msg time="2024-07-03T08:19:23.965298" level="INFO">${name_country} = DK</msg>
<var>${name_country}</var>
<arg>${json_data["results"][0]["nat"]}</arg>
<doc>Returns the given values which can then be assigned to a variables.</doc>
<status status="PASS" start="2024-07-03T08:19:23.964937" elapsed="0.000384"/>
</kw>
<kw name="Create List" owner="BuiltIn">
<msg time="2024-07-03T08:19:23.966234" level="INFO">${list_country} = ['AD', 'AE', 'AF', 'AG', 'AI', 'AL', 'AM', 'AO', 'AQ', 'AR', 'AS', 'AT', 'AU', 'AW', 'AX', 'AZ', 'BA', 'BB', 'BD', 'BE', 'BF', 'BG', 'BH', 'BI', 'BJ', 'BL', 'BM', 'BN', 'BO', 'BQ', 'BR', 'BS', 'BT', '...</msg>
<var>${list_country}</var>
<arg>AD</arg>
<arg>AE</arg>
<arg>AF</arg>
<arg>AG</arg>
<arg>AI</arg>
<arg>AL</arg>
<arg>AM</arg>
<arg>AO</arg>
<arg>AQ</arg>
<arg>AR</arg>
<arg>AS</arg>
<arg>AT</arg>
<arg>AU</arg>
<arg>AW</arg>
<arg>AX</arg>
<arg>AZ</arg>
<arg>BA</arg>
<arg>BB</arg>
<arg>BD</arg>
<arg>BE</arg>
<arg>BF</arg>
<arg>BG</arg>
<arg>BH</arg>
<arg>BI</arg>
<arg>BJ</arg>
<arg>BL</arg>
<arg>BM</arg>
<arg>BN</arg>
<arg>BO</arg>
<arg>BQ</arg>
<arg>BR</arg>
<arg>BS</arg>
<arg>BT</arg>
<arg>BV</arg>
<arg>BW</arg>
<arg>BY</arg>
<arg>BZ</arg>
<arg>CA</arg>
<arg>CC</arg>
<arg>CD</arg>
<arg>CF</arg>
<arg>CG</arg>
<arg>CH</arg>
<arg>CI</arg>
<arg>CK</arg>
<arg>CL</arg>
<arg>CM</arg>
<arg>CN</arg>
<arg>CO</arg>
<arg>CR</arg>
<arg>CU</arg>
<arg>CV</arg>
<arg>CW</arg>
<arg>CX</arg>
<arg>CY</arg>
<arg>CZ</arg>
<arg>DE</arg>
<arg>DJ</arg>
<arg>DK</arg>
<arg>DM</arg>
<arg>DO</arg>
<arg>DZ</arg>
<arg>EC</arg>
<arg>EE</arg>
<arg>EG</arg>
<arg>EH</arg>
<arg>ER</arg>
<arg>ES</arg>
<arg>ET</arg>
<arg>FI</arg>
<arg>FJ</arg>
<arg>FK</arg>
<arg>FM</arg>
<arg>FO</arg>
<arg>FR</arg>
<arg>GA</arg>
<arg>GB</arg>
<arg>GD</arg>
<arg>GE</arg>
<arg>GF</arg>
<arg>GG</arg>
<arg>GH</arg>
<arg>GI</arg>
<arg>GL</arg>
<arg>GM</arg>
<arg>GN</arg>
<arg>GP</arg>
<arg>GQ</arg>
<arg>GR</arg>
<arg>GS</arg>
<arg>GT</arg>
<arg>GU</arg>
<arg>GW</arg>
<arg>GY</arg>
<arg>HK</arg>
<arg>HM</arg>
<arg>HN</arg>
<arg>HR</arg>
<arg>HT</arg>
<arg>HU</arg>
<arg>ID</arg>
<arg>IE</arg>
<arg>IL</arg>
<arg>IM</arg>
<arg>IN</arg>
<arg>IO</arg>
<arg>IQ</arg>
<arg>IR</arg>
<arg>IS</arg>
<arg>IT</arg>
<arg>JE</arg>
<arg>JM</arg>
<arg>JO</arg>
<arg>JP</arg>
<arg>KE</arg>
<arg>KG</arg>
<arg>KH</arg>
<arg>KI</arg>
<arg>KM</arg>
<arg>KN</arg>
<arg>KP</arg>
<arg>KR</arg>
<arg>KW</arg>
<arg>KY</arg>
<arg>KZ</arg>
<arg>LA</arg>
<arg>LB</arg>
<arg>LC</arg>
<arg>LI</arg>
<arg>LK</arg>
<arg>LR</arg>
<arg>LS</arg>
<arg>LT</arg>
<arg>LU</arg>
<arg>LV</arg>
<arg>LY</arg>
<arg>MA</arg>
<arg>MC</arg>
<arg>MD</arg>
<arg>ME</arg>
<arg>MF</arg>
<arg>MG</arg>
<arg>MH</arg>
<arg>MK</arg>
<arg>ML</arg>
<arg>MM</arg>
<arg>MN</arg>
<arg>MO</arg>
<arg>MP</arg>
<arg>MQ</arg>
<arg>MR</arg>
<arg>MS</arg>
<arg>MT</arg>
<arg>MU</arg>
<arg>MV</arg>
<arg>MW</arg>
<arg>MX</arg>
<arg>MY</arg>
<arg>MZ</arg>
<arg>NA</arg>
<arg>NC</arg>
<arg>NE</arg>
<arg>NF</arg>
<arg>NG</arg>
<arg>NI</arg>
<arg>NL</arg>
<arg>NO</arg>
<arg>NP</arg>
<arg>NR</arg>
<arg>NU</arg>
<arg>NZ</arg>
<arg>OM</arg>
<arg>PA</arg>
<arg>PE</arg>
<arg>PF</arg>
<arg>PG</arg>
<arg>PH</arg>
<arg>PK</arg>
<arg>PL</arg>
<arg>PM</arg>
<arg>PN</arg>
<arg>PR</arg>
<arg>PS</arg>
<arg>PT</arg>
<arg>PW</arg>
<arg>PY</arg>
<arg>QA</arg>
<arg>RE</arg>
<arg>RO</arg>
<arg>RS</arg>
<arg>RU</arg>
<arg>RW</arg>
<arg>SA</arg>
<arg>SB</arg>
<arg>SC</arg>
<arg>SD</arg>
<arg>SE</arg>
<arg>SG</arg>
<arg>SH</arg>
<arg>SI</arg>
<arg>SJ</arg>
<arg>SK</arg>
<arg>SL</arg>
<arg>SM</arg>
<arg>SN</arg>
<arg>SO</arg>
<arg>SR</arg>
<arg>SS</arg>
<arg>ST</arg>
<arg>SV</arg>
<arg>SX</arg>
<arg>SY</arg>
<arg>SZ</arg>
<arg>TC</arg>
<arg>TD</arg>
<arg>TF</arg>
<arg>TG</arg>
<arg>TH</arg>
<arg>TJ</arg>
<arg>TK</arg>
<arg>TL</arg>
<arg>TM</arg>
<arg>TN</arg>
<arg>TO</arg>
<arg>TR</arg>
<arg>TT</arg>
<arg>TV</arg>
<arg>TW</arg>
<arg>TZ</arg>
<arg>UA</arg>
<arg>UG</arg>
<arg>UM</arg>
<arg>US</arg>
<arg>UY</arg>
<arg>UZ</arg>
<arg>VA</arg>
<arg>VC</arg>
<arg>VE</arg>
<arg>VG</arg>
<arg>VI</arg>
<arg>VN</arg>
<arg>VU</arg>
<arg>WF</arg>
<arg>WS</arg>
<arg>XK</arg>
<arg>YE</arg>
<arg>YT</arg>
<arg>ZA</arg>
<arg>ZM</arg>
<arg>ZW</arg>
<doc>Returns a list containing given items.</doc>
<status status="PASS" start="2024-07-03T08:19:23.965610" elapsed="0.000650"/>
</kw>
<kw name="List Should Contain Value" owner="Collections">
<arg>${list_country}</arg>
<arg>${name_country}</arg>
<doc>Fails if the ``value`` is not found from ``list``.</doc>
<status status="PASS" start="2024-07-03T08:19:23.967063" elapsed="0.000207"/>
</kw>
<kw name="Run Keyword If" owner="BuiltIn">
<kw name="Should Be True" owner="BuiltIn">
<arg>${True}</arg>
<doc>Fails if the given condition is not true.</doc>
<status status="PASS" start="2024-07-03T08:19:23.968194" elapsed="0.000141"/>
</kw>
<arg>${json_data["results"][0]["location"]["coordinates"]["latitude"]} &gt;= -90 and ${json_data["results"][0]["location"]["coordinates"]["latitude"]} &lt;= 90</arg>
<arg>Should Be True</arg>
<arg>${True}</arg>
<doc>Runs the given keyword with the given arguments, if ``condition`` is true.</doc>
<status status="PASS" start="2024-07-03T08:19:23.967461" elapsed="0.001004"/>
</kw>
<kw name="Run Keyword If" owner="BuiltIn">
<kw name="Should Be True" owner="BuiltIn">
<arg>${True}</arg>
<doc>Fails if the given condition is not true.</doc>
<status status="PASS" start="2024-07-03T08:19:23.969355" elapsed="0.000267"/>
</kw>
<arg>${json_data["results"][0]["location"]["coordinates"]["longitude"]} &gt;= -180 and ${json_data["results"][0]["location"]["coordinates"]["longitude"]} &lt;= 180</arg>
<arg>Should Be True</arg>
<arg>${True}</arg>
<doc>Runs the given keyword with the given arguments, if ``condition`` is true.</doc>
<status status="PASS" start="2024-07-03T08:19:23.968642" elapsed="0.001113"/>
</kw>
<status status="PASS" start="2024-07-03T08:19:23.867052" elapsed="0.102856"/>
</kw>
<doc>Testa o conteúdo específico dos campos retornados pela API.</doc>
<tag>testeConteudo</tag>
<status status="PASS" start="2024-07-03T08:19:23.866619" elapsed="0.103430"/>
</test>
<status status="PASS" start="2024-07-03T08:19:23.009590" elapsed="0.962322"/>
</suite>
<status status="PASS" start="2024-07-03T08:19:22.995169" elapsed="0.981701"/>
</suite>
<statistics>
<total>
<stat pass="5" fail="0" skip="0">All Tests</stat>
</total>
<tag>
<stat pass="1" fail="0" skip="0">testeConteudo</stat>
<stat pass="1" fail="0" skip="0">testeEstruturaResposta</stat>
<stat pass="1" fail="0" skip="0">testeRequisicaoBasica</stat>
<stat pass="1" fail="0" skip="0">testeTiposDados</stat>
</tag>
<suite>
<stat pass="5" fail="0" skip="0" id="s1" name="Tests">Tests</stat>
<stat pass="5" fail="0" skip="0" id="s1-s1" name="Random-User-Test">Tests.Random-User-Test</stat>
</suite>
</statistics>
<errors>
</errors>
</robot>
