<?xml version="1.0" encoding="UTF-8"?>
<robot generator="Robot 7.0 (Python 3.12.2 on linux)" generated="2024-03-30T02:17:06.856779" rpa="false" schemaversion="5">
<suite id="s1" name="Tests" source="/home/runner/work/DesafioQAItauRogerioJordao/DesafioQAItauRogerioJordao/RamdonUser/tests">
<suite id="s1-s1" name="Random-User-Test" source="/home/runner/work/DesafioQAItauRogerioJordao/DesafioQAItauRogerioJordao/RamdonUser/tests/random-user-test.robot">
<test id="s1-s1-t1" name="Conectar" line="13">
<kw name="Conectar API" owner="random-user-service">
<kw name="Create Session" owner="RequestsLibrary">
<msg time="2024-03-30T02:17:07.211811" level="INFO">Creating Session using : alias=consultarAPI, url=https://randomuser.me/, headers={},                     cookies={}, auth=None, timeout=None, proxies=None, verify=False,                     debug=0 </msg>
<arg>consultarAPI</arg>
<arg>${URL}</arg>
<doc>Create Session: create a HTTP session to a server</doc>
<status status="PASS" start="2024-03-30T02:17:07.211601" elapsed="0.000396"/>
</kw>
<status status="PASS" start="2024-03-30T02:17:07.210557" elapsed="0.001805"/>
</kw>
<status status="PASS" start="2024-03-30T02:17:07.209962" elapsed="0.002605"/>
</test>
<test id="s1-s1-t2" name="Validar retorno 200 e JSON Válido" line="16">
<kw name="Teste de Requisicao Basica" owner="random-user-service">
<kw name="GET On Session" owner="RequestsLibrary">
<msg time="2024-03-30T02:17:07.282714" level="INFO">GET Request : url=https://randomuser.me/api 
 path_url=/api 
 headers={'User-Agent': 'python-requests/2.31.0', 'Accept-Encoding': 'gzip, deflate', 'Accept': '*/*', 'Connection': 'keep-alive'} 
 body=None 
 </msg>
<msg time="2024-03-30T02:17:07.282886" level="INFO">GET Response : url=https://randomuser.me/api 
 status=200, reason=OK 
 headers={'Date': 'Sat, 30 Mar 2024 02:17:07 GMT', 'Content-Type': 'application/json; charset=utf-8', 'Transfer-Encoding': 'chunked', 'Connection': 'keep-alive', 'X-Powered-By': 'Express', 'Access-Control-Allow-Origin': '*', 'Cache-Control': 'no-cache', 'ETag': 'W/"49f-NBVEQU6mXE+GyVlFlYvRSVSzAIo"', 'Vary': 'Accept-Encoding', 'Content-Encoding': 'gzip', 'CF-Cache-Status': 'DYNAMIC', 'Report-To': '{"endpoints":[{"url":"https:\\/\\/a.nel.cloudflare.com\\/report\\/v4?s=yWFciN27RhyB%2BYIQg%2BD62pPUVL0IwRBQN44rWfP1sX%2B7G2lRZUgUNvx6jx2uDC8dpfuvu8wNguNKeoHobPBZNWsMkyf6muiqM5e9s%2FSwrqpiZcea5O6RK4L36f5SkyoZ"}],"group":"cf-nel","max_age":604800}', 'NEL': '{"success_fraction":0,"report_to":"cf-nel","max_age":604800}', 'Server': 'cloudflare', 'CF-RAY': '86c499fc3a856905-IAD', 'alt-svc': 'h3=":443"; ma=86400'} 
 body={"results":[{"gender":"female","name":{"title":"Mademoiselle","first":"Océane","last":"Lucas"},"location":{"street":{"number":7295,"name":"Avenue des Ternes"},"city":"Novaggio","state":"Appenzell Ausserrhoden","country":"Switzerland","postcode":9811,"coordinates":{"latitude":"-55.8116","longitude":"76.4023"},"timezone":{"offset":"+5:45","description":"Kathmandu"}},"email":"oceane.lucas@example.com","login":{"uuid":"c9bbb091-603e-45cb-80b8-9e74f1f9d05a","username":"lazymeercat912","password":"phone","salt":"al6wVQsd","md5":"447f2578b63ba52b655ab55204d3ef57","sha1":"c3c3ccc9137d426a1970a3c8c12cdf6147937abe","sha256":"d0d47930d2cdad4c0055e1ae9a938da9727fdb8a2fbfd96b9a9459e28d695fb6"},"dob":{"date":"1970-04-30T13:06:33.657Z","age":53},"registered":{"date":"2007-09-01T15:49:53.887Z","age":16},"phone":"078 803 68 18","cell":"075 399 94 23","id":{"name":"AVS","value":"756.7421.7517.00"},"picture":{"large":"https://randomuser.me/api/portraits/women/92.jpg","medium":"https://randomuser.me/api/portraits/med/women/92.jpg","thumbnail":"https://randomuser.me/api/portraits/thumb/women/92.jpg"},"nat":"CH"}],"info":{"seed":"bffc996833cc2973","results":1,"page":1,"version":"1.4"}} 
 </msg>
<msg time="2024-03-30T02:17:07.283018" level="INFO">/opt/hostedtoolcache/Python/3.12.2/x64/lib/python3.12/site-packages/urllib3/connectionpool.py:1103: InsecureRequestWarning: Unverified HTTPS request is being made to host 'randomuser.me'. Adding certificate verification is strongly advised. See: https://urllib3.readthedocs.io/en/latest/advanced-usage.html#tls-warnings
  warnings.warn(</msg>
<msg time="2024-03-30T02:17:07.283195" level="INFO">${response} = &lt;Response [200]&gt;</msg>
<var>${response}</var>
<arg>consultarAPI</arg>
<arg>/api</arg>
<doc>Sends a GET request on a previously created HTTP Session.</doc>
<status status="PASS" start="2024-03-30T02:17:07.215204" elapsed="0.068030"/>
</kw>
<kw name="Should Be Equal As Numbers" owner="BuiltIn">
<msg time="2024-03-30T02:17:07.284219" level="INFO">Argument types are:
&lt;class 'int'&gt;
&lt;class 'str'&gt;</msg>
<arg>${response.status_code}</arg>
<arg>200</arg>
<doc>Fails if objects are unequal after converting them to real numbers.</doc>
<status status="PASS" start="2024-03-30T02:17:07.283758" elapsed="0.000526"/>
</kw>
<kw name="Log" owner="BuiltIn">
<msg time="2024-03-30T02:17:07.284971" level="INFO">200</msg>
<arg>${response.status_code}</arg>
<doc>Logs the given message with the given level.</doc>
<status status="PASS" start="2024-03-30T02:17:07.284605" elapsed="0.000440"/>
</kw>
<kw name="Set Variable" owner="BuiltIn">
<msg time="2024-03-30T02:17:07.285856" level="INFO">${json_data} = {'results': [{'gender': 'female', 'name': {'title': 'Mademoiselle', 'first': 'Océane', 'last': 'Lucas'}, 'location': {'street': {'number': 7295, 'name': 'Avenue des Ternes'}, 'city': 'Novaggio', 'stat...</msg>
<var>${json_data}</var>
<arg>${response.json()}</arg>
<doc>Returns the given values which can then be assigned to a variables.</doc>
<status status="PASS" start="2024-03-30T02:17:07.285401" elapsed="0.000485"/>
</kw>
<kw name="Dictionary Should Contain Key" owner="Collections">
<msg time="2024-03-30T02:17:07.286368" level="INFO">False</msg>
<arg>${json_data}</arg>
<arg>results</arg>
<doc>Fails if ``key`` is not found from ``dictionary``.</doc>
<status status="PASS" start="2024-03-30T02:17:07.286199" elapsed="0.000208"/>
</kw>
<status status="PASS" start="2024-03-30T02:17:07.214950" elapsed="0.071719"/>
</kw>
<doc>Testa se a API responde corretamente e retorna um objeto JSON válido.</doc>
<tag>testeRequisicaoBasica</tag>
<status status="PASS" start="2024-03-30T02:17:07.214471" elapsed="0.072387"/>
</test>
<test id="s1-s1-t3" name="Validar estrutura de resposta" line="22">
<kw name="Teste de Estrutura de Resposta" owner="random-user-service">
<kw name="GET On Session" owner="RequestsLibrary">
<msg time="2024-03-30T02:17:07.374638" level="INFO">GET Request : url=https://randomuser.me/api 
 path_url=/api 
 headers={'User-Agent': 'python-requests/2.31.0', 'Accept-Encoding': 'gzip, deflate', 'Accept': '*/*', 'Connection': 'keep-alive'} 
 body=None 
 </msg>
<msg time="2024-03-30T02:17:07.374738" level="INFO">GET Response : url=https://randomuser.me/api 
 status=200, reason=OK 
 headers={'Date': 'Sat, 30 Mar 2024 02:17:07 GMT', 'Content-Type': 'application/json; charset=utf-8', 'Transfer-Encoding': 'chunked', 'Connection': 'keep-alive', 'X-Powered-By': 'Express', 'Access-Control-Allow-Origin': '*', 'Cache-Control': 'no-cache', 'ETag': 'W/"495-JCU0cd0dXj0Q75cyk5bkOFLqW6g"', 'Vary': 'Accept-Encoding', 'Content-Encoding': 'gzip', 'CF-Cache-Status': 'DYNAMIC', 'Report-To': '{"endpoints":[{"url":"https:\\/\\/a.nel.cloudflare.com\\/report\\/v4?s=vkeA3%2FaM7hMyrtewIeLQO%2F0WFxhqQLRpQ7bmmW4Owd%2BViAcfanazrAKy6%2F%2BQrJcXiVIKknfzVvIGZwDVMS0qqiNjSoAV3j8574k6canaxRa7XeBEKfGchMAbvMkR0pR%2F"}],"group":"cf-nel","max_age":604800}', 'NEL': '{"success_fraction":0,"report_to":"cf-nel","max_age":604800}', 'Server': 'cloudflare', 'CF-RAY': '86c499fc9acb6905-IAD', 'alt-svc': 'h3=":443"; ma=86400'} 
 body={"results":[{"gender":"male","name":{"title":"Monsieur","first":"Micha","last":"Dumas"},"location":{"street":{"number":8609,"name":"Avenue de L'Abbé-Roussel"},"city":"Évionnaz","state":"Zürich","country":"Switzerland","postcode":2534,"coordinates":{"latitude":"-58.4325","longitude":"-58.2303"},"timezone":{"offset":"-12:00","description":"Eniwetok, Kwajalein"}},"email":"micha.dumas@example.com","login":{"uuid":"a30d04f2-b6e6-4726-8740-31d6235f6bcc","username":"goldenbear307","password":"jsbach","salt":"Ty5zCjAI","md5":"24d01cb35c068e97ea97ad1af5d75c3c","sha1":"2d54d46f8fa9bc901ae911ee82b1857b12a5a1e5","sha256":"6f214f3e1857e21e64f9abb67b46f1ec61c6ee70a489b72b1a683b5ec698f374"},"dob":{"date":"1949-12-05T18:22:13.697Z","age":74},"registered":{"date":"2019-01-01T02:11:19.734Z","age":5},"phone":"076 394 77 82","cell":"075 704 32 81","id":{"name":"AVS","value":"756.8784.3624.18"},"picture":{"large":"https://randomuser.me/api/portraits/men/42.jpg","medium":"https://randomuser.me/api/portraits/med/men/42.jpg","thumbnail":"https://randomuser.me/api/portraits/thumb/men/42.jpg"},"nat":"CH"}],"info":{"seed":"6a3e8a5ff5f3957f","results":1,"page":1,"version":"1.4"}} 
 </msg>
<msg time="2024-03-30T02:17:07.374888" level="INFO">/opt/hostedtoolcache/Python/3.12.2/x64/lib/python3.12/site-packages/urllib3/connectionpool.py:1103: InsecureRequestWarning: Unverified HTTPS request is being made to host 'randomuser.me'. Adding certificate verification is strongly advised. See: https://urllib3.readthedocs.io/en/latest/advanced-usage.html#tls-warnings
  warnings.warn(</msg>
<msg time="2024-03-30T02:17:07.375031" level="INFO">${response} = &lt;Response [200]&gt;</msg>
<var>${response}</var>
<arg>consultarAPI</arg>
<arg>/api</arg>
<doc>Sends a GET request on a previously created HTTP Session.</doc>
<status status="PASS" start="2024-03-30T02:17:07.289729" elapsed="0.085348"/>
</kw>
<kw name="Set Variable" owner="BuiltIn">
<msg time="2024-03-30T02:17:07.376111" level="INFO">${json_data} = {'results': [{'gender': 'male', 'name': {'title': 'Monsieur', 'first': 'Micha', 'last': 'Dumas'}, 'location': {'street': {'number': 8609, 'name': "Avenue de L'Abbé-Roussel"}, 'city': 'Évionnaz', 'stat...</msg>
<var>${json_data}</var>
<arg>${response.json()}</arg>
<doc>Returns the given values which can then be assigned to a variables.</doc>
<status status="PASS" start="2024-03-30T02:17:07.375582" elapsed="0.000559"/>
</kw>
<kw name="Log" owner="BuiltIn">
<msg time="2024-03-30T02:17:07.376619" level="INFO">{'results': [{'gender': 'male', 'name': {'title': 'Monsieur', 'first': 'Micha', 'last': 'Dumas'}, 'location': {'street': {'number': 8609, 'name': "Avenue de L'Abbé-Roussel"}, 'city': 'Évionnaz', 'state': 'Zürich', 'country': 'Switzerland', 'postcode': 2534, 'coordinates': {'latitude': '-58.4325', 'longitude': '-58.2303'}, 'timezone': {'offset': '-12:00', 'description': 'Eniwetok, Kwajalein'}}, 'email': 'micha.dumas@example.com', 'login': {'uuid': 'a30d04f2-b6e6-4726-8740-31d6235f6bcc', 'username': 'goldenbear307', 'password': 'jsbach', 'salt': 'Ty5zCjAI', 'md5': '24d01cb35c068e97ea97ad1af5d75c3c', 'sha1': '2d54d46f8fa9bc901ae911ee82b1857b12a5a1e5', 'sha256': '6f214f3e1857e21e64f9abb67b46f1ec61c6ee70a489b72b1a683b5ec698f374'}, 'dob': {'date': '1949-12-05T18:22:13.697Z', 'age': 74}, 'registered': {'date': '2019-01-01T02:11:19.734Z', 'age': 5}, 'phone': '076 394 77 82', 'cell': '075 704 32 81', 'id': {'name': 'AVS', 'value': '756.8784.3624.18'}, 'picture': {'large': 'https://randomuser.me/api/portraits/men/42.jpg', 'medium': 'https://randomuser.me/api/portraits/med/men/42.jpg', 'thumbnail': 'https://randomuser.me/api/portraits/thumb/men/42.jpg'}, 'nat': 'CH'}], 'info': {'seed': '6a3e8a5ff5f3957f', 'results': 1, 'page': 1, 'version': '1.4'}}</msg>
<arg>${json_data}</arg>
<doc>Logs the given message with the given level.</doc>
<status status="PASS" start="2024-03-30T02:17:07.376456" elapsed="0.000213"/>
</kw>
<kw name="Dictionary Should Contain Key" owner="Collections">
<msg time="2024-03-30T02:17:07.377176" level="INFO">False</msg>
<arg>${json_data}</arg>
<arg>results</arg>
<doc>Fails if ``key`` is not found from ``dictionary``.</doc>
<status status="PASS" start="2024-03-30T02:17:07.376968" elapsed="0.000258"/>
</kw>
<kw name="Should Not Be Empty" owner="BuiltIn">
<msg time="2024-03-30T02:17:07.377665" level="INFO">Length is 2.</msg>
<arg>${json_data}</arg>
<doc>Verifies that the given item is not empty.</doc>
<status status="PASS" start="2024-03-30T02:17:07.377529" elapsed="0.000176"/>
</kw>
<kw name="Create List" owner="BuiltIn">
<msg time="2024-03-30T02:17:07.378158" level="INFO">${expected_keys} = ['gender', 'name', 'location', 'email', 'login']</msg>
<var>${expected_keys}</var>
<arg>gender</arg>
<arg>name</arg>
<arg>location</arg>
<arg>email</arg>
<arg>login</arg>
<doc>Returns a list containing given items.</doc>
<status status="PASS" start="2024-03-30T02:17:07.378000" elapsed="0.000182"/>
</kw>
<for flavor="IN">
<iter>
<kw name="Dictionary Should Contain Key" owner="Collections">
<msg time="2024-03-30T02:17:07.379193" level="INFO">False</msg>
<arg>${json_data['results'][0]}</arg>
<arg>${key}</arg>
<doc>Fails if ``key`` is not found from ``dictionary``.</doc>
<status status="PASS" start="2024-03-30T02:17:07.378777" elapsed="0.000455"/>
</kw>
<kw name="Log" owner="BuiltIn">
<msg time="2024-03-30T02:17:07.379916" level="INFO">{'gender': 'male', 'name': {'title': 'Monsieur', 'first': 'Micha', 'last': 'Dumas'}, 'location': {'street': {'number': 8609, 'name': "Avenue de L'Abbé-Roussel"}, 'city': 'Évionnaz', 'state': 'Zürich', 'country': 'Switzerland', 'postcode': 2534, 'coordinates': {'latitude': '-58.4325', 'longitude': '-58.2303'}, 'timezone': {'offset': '-12:00', 'description': 'Eniwetok, Kwajalein'}}, 'email': 'micha.dumas@example.com', 'login': {'uuid': 'a30d04f2-b6e6-4726-8740-31d6235f6bcc', 'username': 'goldenbear307', 'password': 'jsbach', 'salt': 'Ty5zCjAI', 'md5': '24d01cb35c068e97ea97ad1af5d75c3c', 'sha1': '2d54d46f8fa9bc901ae911ee82b1857b12a5a1e5', 'sha256': '6f214f3e1857e21e64f9abb67b46f1ec61c6ee70a489b72b1a683b5ec698f374'}, 'dob': {'date': '1949-12-05T18:22:13.697Z', 'age': 74}, 'registered': {'date': '2019-01-01T02:11:19.734Z', 'age': 5}, 'phone': '076 394 77 82', 'cell': '075 704 32 81', 'id': {'name': 'AVS', 'value': '756.8784.3624.18'}, 'picture': {'large': 'https://randomuser.me/api/portraits/men/42.jpg', 'medium': 'https://randomuser.me/api/portraits/med/men/42.jpg', 'thumbnail': 'https://randomuser.me/api/portraits/thumb/men/42.jpg'}, 'nat': 'CH'}</msg>
<arg>${json_data['results'][0]}</arg>
<doc>Logs the given message with the given level.</doc>
<status status="PASS" start="2024-03-30T02:17:07.379542" elapsed="0.000430"/>
</kw>
<kw name="Log" owner="BuiltIn">
<msg time="2024-03-30T02:17:07.380411" level="INFO">gender</msg>
<arg>${key}</arg>
<doc>Logs the given message with the given level.</doc>
<status status="PASS" start="2024-03-30T02:17:07.380279" elapsed="0.000172"/>
</kw>
<var name="${key}">gender</var>
<status status="PASS" start="2024-03-30T02:17:07.378651" elapsed="0.002019"/>
</iter>
<iter>
<kw name="Dictionary Should Contain Key" owner="Collections">
<msg time="2024-03-30T02:17:07.381390" level="INFO">False</msg>
<arg>${json_data['results'][0]}</arg>
<arg>${key}</arg>
<doc>Fails if ``key`` is not found from ``dictionary``.</doc>
<status status="PASS" start="2024-03-30T02:17:07.380985" elapsed="0.000442"/>
</kw>
<kw name="Log" owner="BuiltIn">
<msg time="2024-03-30T02:17:07.382138" level="INFO">{'gender': 'male', 'name': {'title': 'Monsieur', 'first': 'Micha', 'last': 'Dumas'}, 'location': {'street': {'number': 8609, 'name': "Avenue de L'Abbé-Roussel"}, 'city': 'Évionnaz', 'state': 'Zürich', 'country': 'Switzerland', 'postcode': 2534, 'coordinates': {'latitude': '-58.4325', 'longitude': '-58.2303'}, 'timezone': {'offset': '-12:00', 'description': 'Eniwetok, Kwajalein'}}, 'email': 'micha.dumas@example.com', 'login': {'uuid': 'a30d04f2-b6e6-4726-8740-31d6235f6bcc', 'username': 'goldenbear307', 'password': 'jsbach', 'salt': 'Ty5zCjAI', 'md5': '24d01cb35c068e97ea97ad1af5d75c3c', 'sha1': '2d54d46f8fa9bc901ae911ee82b1857b12a5a1e5', 'sha256': '6f214f3e1857e21e64f9abb67b46f1ec61c6ee70a489b72b1a683b5ec698f374'}, 'dob': {'date': '1949-12-05T18:22:13.697Z', 'age': 74}, 'registered': {'date': '2019-01-01T02:11:19.734Z', 'age': 5}, 'phone': '076 394 77 82', 'cell': '075 704 32 81', 'id': {'name': 'AVS', 'value': '756.8784.3624.18'}, 'picture': {'large': 'https://randomuser.me/api/portraits/men/42.jpg', 'medium': 'https://randomuser.me/api/portraits/med/men/42.jpg', 'thumbnail': 'https://randomuser.me/api/portraits/thumb/men/42.jpg'}, 'nat': 'CH'}</msg>
<arg>${json_data['results'][0]}</arg>
<doc>Logs the given message with the given level.</doc>
<status status="PASS" start="2024-03-30T02:17:07.381758" elapsed="0.000430"/>
</kw>
<kw name="Log" owner="BuiltIn">
<msg time="2024-03-30T02:17:07.382614" level="INFO">name</msg>
<arg>${key}</arg>
<doc>Logs the given message with the given level.</doc>
<status status="PASS" start="2024-03-30T02:17:07.382486" elapsed="0.000165"/>
</kw>
<var name="${key}">name</var>
<status status="PASS" start="2024-03-30T02:17:07.380870" elapsed="0.001997"/>
</iter>
<iter>
<kw name="Dictionary Should Contain Key" owner="Collections">
<msg time="2024-03-30T02:17:07.383546" level="INFO">False</msg>
<arg>${json_data['results'][0]}</arg>
<arg>${key}</arg>
<doc>Fails if ``key`` is not found from ``dictionary``.</doc>
<status status="PASS" start="2024-03-30T02:17:07.383170" elapsed="0.000413"/>
</kw>
<kw name="Log" owner="BuiltIn">
<msg time="2024-03-30T02:17:07.384250" level="INFO">{'gender': 'male', 'name': {'title': 'Monsieur', 'first': 'Micha', 'last': 'Dumas'}, 'location': {'street': {'number': 8609, 'name': "Avenue de L'Abbé-Roussel"}, 'city': 'Évionnaz', 'state': 'Zürich', 'country': 'Switzerland', 'postcode': 2534, 'coordinates': {'latitude': '-58.4325', 'longitude': '-58.2303'}, 'timezone': {'offset': '-12:00', 'description': 'Eniwetok, Kwajalein'}}, 'email': 'micha.dumas@example.com', 'login': {'uuid': 'a30d04f2-b6e6-4726-8740-31d6235f6bcc', 'username': 'goldenbear307', 'password': 'jsbach', 'salt': 'Ty5zCjAI', 'md5': '24d01cb35c068e97ea97ad1af5d75c3c', 'sha1': '2d54d46f8fa9bc901ae911ee82b1857b12a5a1e5', 'sha256': '6f214f3e1857e21e64f9abb67b46f1ec61c6ee70a489b72b1a683b5ec698f374'}, 'dob': {'date': '1949-12-05T18:22:13.697Z', 'age': 74}, 'registered': {'date': '2019-01-01T02:11:19.734Z', 'age': 5}, 'phone': '076 394 77 82', 'cell': '075 704 32 81', 'id': {'name': 'AVS', 'value': '756.8784.3624.18'}, 'picture': {'large': 'https://randomuser.me/api/portraits/men/42.jpg', 'medium': 'https://randomuser.me/api/portraits/med/men/42.jpg', 'thumbnail': 'https://randomuser.me/api/portraits/thumb/men/42.jpg'}, 'nat': 'CH'}</msg>
<arg>${json_data['results'][0]}</arg>
<doc>Logs the given message with the given level.</doc>
<status status="PASS" start="2024-03-30T02:17:07.383890" elapsed="0.000414"/>
</kw>
<kw name="Log" owner="BuiltIn">
<msg time="2024-03-30T02:17:07.384740" level="INFO">location</msg>
<arg>${key}</arg>
<doc>Logs the given message with the given level.</doc>
<status status="PASS" start="2024-03-30T02:17:07.384614" elapsed="0.000164"/>
</kw>
<var name="${key}">location</var>
<status status="PASS" start="2024-03-30T02:17:07.383057" elapsed="0.001947"/>
</iter>
<iter>
<kw name="Dictionary Should Contain Key" owner="Collections">
<msg time="2024-03-30T02:17:07.385727" level="INFO">False</msg>
<arg>${json_data['results'][0]}</arg>
<arg>${key}</arg>
<doc>Fails if ``key`` is not found from ``dictionary``.</doc>
<status status="PASS" start="2024-03-30T02:17:07.385330" elapsed="0.000436"/>
</kw>
<kw name="Log" owner="BuiltIn">
<msg time="2024-03-30T02:17:07.386425" level="INFO">{'gender': 'male', 'name': {'title': 'Monsieur', 'first': 'Micha', 'last': 'Dumas'}, 'location': {'street': {'number': 8609, 'name': "Avenue de L'Abbé-Roussel"}, 'city': 'Évionnaz', 'state': 'Zürich', 'country': 'Switzerland', 'postcode': 2534, 'coordinates': {'latitude': '-58.4325', 'longitude': '-58.2303'}, 'timezone': {'offset': '-12:00', 'description': 'Eniwetok, Kwajalein'}}, 'email': 'micha.dumas@example.com', 'login': {'uuid': 'a30d04f2-b6e6-4726-8740-31d6235f6bcc', 'username': 'goldenbear307', 'password': 'jsbach', 'salt': 'Ty5zCjAI', 'md5': '24d01cb35c068e97ea97ad1af5d75c3c', 'sha1': '2d54d46f8fa9bc901ae911ee82b1857b12a5a1e5', 'sha256': '6f214f3e1857e21e64f9abb67b46f1ec61c6ee70a489b72b1a683b5ec698f374'}, 'dob': {'date': '1949-12-05T18:22:13.697Z', 'age': 74}, 'registered': {'date': '2019-01-01T02:11:19.734Z', 'age': 5}, 'phone': '076 394 77 82', 'cell': '075 704 32 81', 'id': {'name': 'AVS', 'value': '756.8784.3624.18'}, 'picture': {'large': 'https://randomuser.me/api/portraits/men/42.jpg', 'medium': 'https://randomuser.me/api/portraits/med/men/42.jpg', 'thumbnail': 'https://randomuser.me/api/portraits/thumb/men/42.jpg'}, 'nat': 'CH'}</msg>
<arg>${json_data['results'][0]}</arg>
<doc>Logs the given message with the given level.</doc>
<status status="PASS" start="2024-03-30T02:17:07.386064" elapsed="0.000411"/>
</kw>
<kw name="Log" owner="BuiltIn">
<msg time="2024-03-30T02:17:07.386901" level="INFO">email</msg>
<arg>${key}</arg>
<doc>Logs the given message with the given level.</doc>
<status status="PASS" start="2024-03-30T02:17:07.386774" elapsed="0.000165"/>
</kw>
<var name="${key}">email</var>
<status status="PASS" start="2024-03-30T02:17:07.385216" elapsed="0.001937"/>
</iter>
<iter>
<kw name="Dictionary Should Contain Key" owner="Collections">
<msg time="2024-03-30T02:17:07.387830" level="INFO">False</msg>
<arg>${json_data['results'][0]}</arg>
<arg>${key}</arg>
<doc>Fails if ``key`` is not found from ``dictionary``.</doc>
<status status="PASS" start="2024-03-30T02:17:07.387451" elapsed="0.000416"/>
</kw>
<kw name="Log" owner="BuiltIn">
<msg time="2024-03-30T02:17:07.388549" level="INFO">{'gender': 'male', 'name': {'title': 'Monsieur', 'first': 'Micha', 'last': 'Dumas'}, 'location': {'street': {'number': 8609, 'name': "Avenue de L'Abbé-Roussel"}, 'city': 'Évionnaz', 'state': 'Zürich', 'country': 'Switzerland', 'postcode': 2534, 'coordinates': {'latitude': '-58.4325', 'longitude': '-58.2303'}, 'timezone': {'offset': '-12:00', 'description': 'Eniwetok, Kwajalein'}}, 'email': 'micha.dumas@example.com', 'login': {'uuid': 'a30d04f2-b6e6-4726-8740-31d6235f6bcc', 'username': 'goldenbear307', 'password': 'jsbach', 'salt': 'Ty5zCjAI', 'md5': '24d01cb35c068e97ea97ad1af5d75c3c', 'sha1': '2d54d46f8fa9bc901ae911ee82b1857b12a5a1e5', 'sha256': '6f214f3e1857e21e64f9abb67b46f1ec61c6ee70a489b72b1a683b5ec698f374'}, 'dob': {'date': '1949-12-05T18:22:13.697Z', 'age': 74}, 'registered': {'date': '2019-01-01T02:11:19.734Z', 'age': 5}, 'phone': '076 394 77 82', 'cell': '075 704 32 81', 'id': {'name': 'AVS', 'value': '756.8784.3624.18'}, 'picture': {'large': 'https://randomuser.me/api/portraits/men/42.jpg', 'medium': 'https://randomuser.me/api/portraits/med/men/42.jpg', 'thumbnail': 'https://randomuser.me/api/portraits/thumb/men/42.jpg'}, 'nat': 'CH'}</msg>
<arg>${json_data['results'][0]}</arg>
<doc>Logs the given message with the given level.</doc>
<status status="PASS" start="2024-03-30T02:17:07.388166" elapsed="0.000432"/>
</kw>
<kw name="Log" owner="BuiltIn">
<msg time="2024-03-30T02:17:07.389037" level="INFO">login</msg>
<arg>${key}</arg>
<doc>Logs the given message with the given level.</doc>
<status status="PASS" start="2024-03-30T02:17:07.388889" elapsed="0.000301"/>
</kw>
<var name="${key}">login</var>
<status status="PASS" start="2024-03-30T02:17:07.387324" elapsed="0.002118"/>
</iter>
<var>${key}</var>
<value>@{expected_keys}</value>
<status status="PASS" start="2024-03-30T02:17:07.378455" elapsed="0.011117"/>
</for>
<kw name="Create List" owner="BuiltIn">
<msg time="2024-03-30T02:17:07.389907" level="INFO">${expected_keysTwo} = ['username', 'password']</msg>
<var>${expected_keysTwo}</var>
<arg>username</arg>
<arg>password</arg>
<doc>Returns a list containing given items.</doc>
<status status="PASS" start="2024-03-30T02:17:07.389768" elapsed="0.000163"/>
</kw>
<for flavor="IN">
<iter>
<kw name="Dictionary Should Contain Key" owner="Collections">
<msg time="2024-03-30T02:17:07.390811" level="INFO">False</msg>
<arg>${json_data['results'][0]['login']}</arg>
<arg>${keyTwo}</arg>
<doc>Fails if ``key`` is not found from ``dictionary``.</doc>
<status status="PASS" start="2024-03-30T02:17:07.390431" elapsed="0.000416"/>
</kw>
<kw name="Dictionary Should Contain Key" owner="Collections">
<msg time="2024-03-30T02:17:07.391526" level="INFO">False</msg>
<arg>${json_data['results'][0]['login']}</arg>
<arg>${keyTwo}</arg>
<doc>Fails if ``key`` is not found from ``dictionary``.</doc>
<status status="PASS" start="2024-03-30T02:17:07.391143" elapsed="0.000421"/>
</kw>
<kw name="Log" owner="BuiltIn">
<msg time="2024-03-30T02:17:07.391980" level="INFO">username</msg>
<arg>${keyTwo}</arg>
<doc>Logs the given message with the given level.</doc>
<status status="PASS" start="2024-03-30T02:17:07.391854" elapsed="0.000163"/>
</kw>
<var name="${keyTwo}">username</var>
<status status="PASS" start="2024-03-30T02:17:07.390321" elapsed="0.001908"/>
</iter>
<iter>
<kw name="Dictionary Should Contain Key" owner="Collections">
<msg time="2024-03-30T02:17:07.392901" level="INFO">False</msg>
<arg>${json_data['results'][0]['login']}</arg>
<arg>${keyTwo}</arg>
<doc>Fails if ``key`` is not found from ``dictionary``.</doc>
<status status="PASS" start="2024-03-30T02:17:07.392522" elapsed="0.000417"/>
</kw>
<kw name="Dictionary Should Contain Key" owner="Collections">
<msg time="2024-03-30T02:17:07.393664" level="INFO">False</msg>
<arg>${json_data['results'][0]['login']}</arg>
<arg>${keyTwo}</arg>
<doc>Fails if ``key`` is not found from ``dictionary``.</doc>
<status status="PASS" start="2024-03-30T02:17:07.393280" elapsed="0.000421"/>
</kw>
<kw name="Log" owner="BuiltIn">
<msg time="2024-03-30T02:17:07.394122" level="INFO">password</msg>
<arg>${keyTwo}</arg>
<doc>Logs the given message with the given level.</doc>
<status status="PASS" start="2024-03-30T02:17:07.393994" elapsed="0.000166"/>
</kw>
<var name="${keyTwo}">password</var>
<status status="PASS" start="2024-03-30T02:17:07.392411" elapsed="0.001966"/>
</iter>
<var>${keyTwo}</var>
<value>@{expected_keysTwo}</value>
<status status="PASS" start="2024-03-30T02:17:07.390169" elapsed="0.004330"/>
</for>
<status status="PASS" start="2024-03-30T02:17:07.289441" elapsed="0.105201"/>
</kw>
<doc>Testa a estrutura da resposta da API.</doc>
<tag>testeEstruturaResposta</tag>
<status status="PASS" start="2024-03-30T02:17:07.288744" elapsed="0.106061"/>
</test>
<test id="s1-s1-t4" name="Validar tipos de dados" line="28">
<kw name="Teste de Tipos de Dados" owner="random-user-service">
<kw name="GET On Session" owner="RequestsLibrary">
<msg time="2024-03-30T02:17:07.476611" level="INFO">GET Request : url=https://randomuser.me/api 
 path_url=/api 
 headers={'User-Agent': 'python-requests/2.31.0', 'Accept-Encoding': 'gzip, deflate', 'Accept': '*/*', 'Connection': 'keep-alive'} 
 body=None 
 </msg>
<msg time="2024-03-30T02:17:07.476709" level="INFO">GET Response : url=https://randomuser.me/api 
 status=200, reason=OK 
 headers={'Date': 'Sat, 30 Mar 2024 02:17:07 GMT', 'Content-Type': 'application/json; charset=utf-8', 'Transfer-Encoding': 'chunked', 'Connection': 'keep-alive', 'X-Powered-By': 'Express', 'Access-Control-Allow-Origin': '*', 'Cache-Control': 'no-cache', 'ETag': 'W/"46d-3uM6oXsj5muarlpD6rvuuuiHifI"', 'Vary': 'Accept-Encoding', 'Content-Encoding': 'gzip', 'CF-Cache-Status': 'DYNAMIC', 'Report-To': '{"endpoints":[{"url":"https:\\/\\/a.nel.cloudflare.com\\/report\\/v4?s=QWtM2PHhTeBG4NZuE4OOr07r8kc6NNIyTeUDYHFVC78wd0r42qQ%2FhcvT5Occwr15YPCZgYyVIUXL8ctO4w0DNBFWy4uzraMY1dQGXDVEFkLjCnM8xDfo53BC13helLrX"}],"group":"cf-nel","max_age":604800}', 'NEL': '{"success_fraction":0,"report_to":"cf-nel","max_age":604800}', 'Server': 'cloudflare', 'CF-RAY': '86c499fd3b4a6905-IAD', 'alt-svc': 'h3=":443"; ma=86400'} 
 body={"results":[{"gender":"male","name":{"title":"Mr","first":"Ege","last":"Koçyiğit"},"location":{"street":{"number":9977,"name":"Istiklal Cd"},"city":"Afyonkarahisar","state":"Artvin","country":"Turkey","postcode":55120,"coordinates":{"latitude":"72.7147","longitude":"-94.4831"},"timezone":{"offset":"+5:45","description":"Kathmandu"}},"email":"ege.kocyigit@example.com","login":{"uuid":"58bf7018-9c01-4086-aa5f-e74221f7fd86","username":"goldenwolf934","password":"northern","salt":"LUcfcHyz","md5":"b1a1d5af5b2ddc2872b0634489c7626e","sha1":"5ab371a1cffa8e0bd5749663757e4c8fe56e8ba8","sha256":"c77daf967c04693d3b4e289df7eae65695609d746df2f7a88551ca4c566ae4f8"},"dob":{"date":"1972-09-21T02:02:19.288Z","age":51},"registered":{"date":"2008-01-16T02:43:51.294Z","age":16},"phone":"(119)-498-5343","cell":"(906)-963-3337","id":{"name":"","value":null},"picture":{"large":"https://randomuser.me/api/portraits/men/14.jpg","medium":"https://randomuser.me/api/portraits/med/men/14.jpg","thumbnail":"https://randomuser.me/api/portraits/thumb/men/14.jpg"},"nat":"TR"}],"info":{"seed":"25c21d45beb0f31c","results":1,"page":1,"version":"1.4"}} 
 </msg>
<msg time="2024-03-30T02:17:07.476781" level="INFO">/opt/hostedtoolcache/Python/3.12.2/x64/lib/python3.12/site-packages/urllib3/connectionpool.py:1103: InsecureRequestWarning: Unverified HTTPS request is being made to host 'randomuser.me'. Adding certificate verification is strongly advised. See: https://urllib3.readthedocs.io/en/latest/advanced-usage.html#tls-warnings
  warnings.warn(</msg>
<msg time="2024-03-30T02:17:07.476920" level="INFO">${response} = &lt;Response [200]&gt;</msg>
<var>${response}</var>
<arg>consultarAPI</arg>
<arg>/api</arg>
<doc>Sends a GET request on a previously created HTTP Session.</doc>
<status status="PASS" start="2024-03-30T02:17:07.397332" elapsed="0.079633"/>
</kw>
<kw name="Set Variable" owner="BuiltIn">
<msg time="2024-03-30T02:17:07.478034" level="INFO">${json_data} = {'results': [{'gender': 'male', 'name': {'title': 'Mr', 'first': 'Ege', 'last': 'Koçyiğit'}, 'location': {'street': {'number': 9977, 'name': 'Istiklal Cd'}, 'city': 'Afyonkarahisar', 'state': 'Artvin'...</msg>
<var>${json_data}</var>
<arg>${response.json()}</arg>
<doc>Returns the given values which can then be assigned to a variables.</doc>
<status status="PASS" start="2024-03-30T02:17:07.477498" elapsed="0.000575"/>
</kw>
<kw name="Log" owner="BuiltIn">
<msg time="2024-03-30T02:17:07.478581" level="INFO">{'results': [{'gender': 'male', 'name': {'title': 'Mr', 'first': 'Ege', 'last': 'Koçyiğit'}, 'location': {'street': {'number': 9977, 'name': 'Istiklal Cd'}, 'city': 'Afyonkarahisar', 'state': 'Artvin', 'country': 'Turkey', 'postcode': 55120, 'coordinates': {'latitude': '72.7147', 'longitude': '-94.4831'}, 'timezone': {'offset': '+5:45', 'description': 'Kathmandu'}}, 'email': 'ege.kocyigit@example.com', 'login': {'uuid': '58bf7018-9c01-4086-aa5f-e74221f7fd86', 'username': 'goldenwolf934', 'password': 'northern', 'salt': 'LUcfcHyz', 'md5': 'b1a1d5af5b2ddc2872b0634489c7626e', 'sha1': '5ab371a1cffa8e0bd5749663757e4c8fe56e8ba8', 'sha256': 'c77daf967c04693d3b4e289df7eae65695609d746df2f7a88551ca4c566ae4f8'}, 'dob': {'date': '1972-09-21T02:02:19.288Z', 'age': 51}, 'registered': {'date': '2008-01-16T02:43:51.294Z', 'age': 16}, 'phone': '(119)-498-5343', 'cell': '(906)-963-3337', 'id': {'name': '', 'value': None}, 'picture': {'large': 'https://randomuser.me/api/portraits/men/14.jpg', 'medium': 'https://randomuser.me/api/portraits/med/men/14.jpg', 'thumbnail': 'https://randomuser.me/api/portraits/thumb/men/14.jpg'}, 'nat': 'TR'}], 'info': {'seed': '25c21d45beb0f31c', 'results': 1, 'page': 1, 'version': '1.4'}}</msg>
<arg>${json_data}</arg>
<doc>Logs the given message with the given level.</doc>
<status status="PASS" start="2024-03-30T02:17:07.478417" elapsed="0.000253"/>
</kw>
<kw name="Should Be String" owner="String">
<arg>${json_data['results'][0]['gender']}</arg>
<doc>Fails if the given ``item`` is not a string.</doc>
<status status="PASS" start="2024-03-30T02:17:07.478973" elapsed="0.000461"/>
</kw>
<kw name="Should Match Regexp" owner="BuiltIn">
<arg>${json_data['results'][0]['email']}</arg>
<arg>^[a-zA-Z0-9._%+-]+@[a-zA-Z0-9.-]+\.[a-zA-Z]{2,}$</arg>
<doc>Fails if ``string`` does not match ``pattern`` as a regular expression.</doc>
<status status="PASS" start="2024-03-30T02:17:07.479632" elapsed="0.000524"/>
</kw>
<kw name="Should Match Regexp" owner="BuiltIn">
<arg>${json_data['results'][0]['dob']['date']}</arg>
<arg>\\d{4}-\\d{2}-\\d{2}T\\d{2}:\\d{2}:\\d{2}\\.\\d{3}Z</arg>
<doc>Fails if ``string`` does not match ``pattern`` as a regular expression.</doc>
<status status="PASS" start="2024-03-30T02:17:07.480352" elapsed="0.000491"/>
</kw>
<kw name="Should Match Regexp" owner="BuiltIn">
<arg>${json_data['results'][0]['registered']['date']}</arg>
<arg>\\d{4}-\\d{2}-\\d{2}T\\d{2}:\\d{2}:\\d{2}\\.\\d{3}Z</arg>
<doc>Fails if ``string`` does not match ``pattern`` as a regular expression.</doc>
<status status="PASS" start="2024-03-30T02:17:07.481074" elapsed="0.000390"/>
</kw>
<kw name="Should Match Regexp" owner="BuiltIn">
<arg>${json_data['results'][0]['picture']['large']}</arg>
<arg>^https?://.*\.(?:png|jpe?g|gif|bmp)$</arg>
<doc>Fails if ``string`` does not match ``pattern`` as a regular expression.</doc>
<status status="PASS" start="2024-03-30T02:17:07.481652" elapsed="0.000473"/>
</kw>
<kw name="Should Match Regexp" owner="BuiltIn">
<arg>${json_data['results'][0]['picture']['medium']}</arg>
<arg>^https?://.*\.(?:png|jpe?g|gif|bmp)$</arg>
<doc>Fails if ``string`` does not match ``pattern`` as a regular expression.</doc>
<status status="PASS" start="2024-03-30T02:17:07.482315" elapsed="0.000365"/>
</kw>
<kw name="Should Match Regexp" owner="BuiltIn">
<arg>${json_data['results'][0]['picture']['thumbnail']}</arg>
<arg>^https?://.*\.(?:png|jpe?g|gif|bmp)$</arg>
<doc>Fails if ``string`` does not match ``pattern`` as a regular expression.</doc>
<status status="PASS" start="2024-03-30T02:17:07.482861" elapsed="0.000359"/>
</kw>
<kw name="Log" owner="BuiltIn">
<msg time="2024-03-30T02:17:07.483721" level="INFO">{'large': 'https://randomuser.me/api/portraits/men/14.jpg', 'medium': 'https://randomuser.me/api/portraits/med/men/14.jpg', 'thumbnail': 'https://randomuser.me/api/portraits/thumb/men/14.jpg'}</msg>
<arg>${json_data['results'][0]['picture']}</arg>
<doc>Logs the given message with the given level.</doc>
<status status="PASS" start="2024-03-30T02:17:07.483398" elapsed="0.000369"/>
</kw>
<status status="PASS" start="2024-03-30T02:17:07.397103" elapsed="0.086924"/>
</kw>
<kw name="Teste de Tipos de Dados - Postcode" owner="random-user-service">
<kw name="GET On Session" owner="RequestsLibrary">
<msg time="2024-03-30T02:17:07.572751" level="INFO">GET Request : url=https://randomuser.me/api 
 path_url=/api 
 headers={'User-Agent': 'python-requests/2.31.0', 'Accept-Encoding': 'gzip, deflate', 'Accept': '*/*', 'Connection': 'keep-alive'} 
 body=None 
 </msg>
<msg time="2024-03-30T02:17:07.572843" level="INFO">GET Response : url=https://randomuser.me/api 
 status=200, reason=OK 
 headers={'Date': 'Sat, 30 Mar 2024 02:17:07 GMT', 'Content-Type': 'application/json; charset=utf-8', 'Transfer-Encoding': 'chunked', 'Connection': 'keep-alive', 'X-Powered-By': 'Express', 'Access-Control-Allow-Origin': '*', 'Cache-Control': 'no-cache', 'ETag': 'W/"49c-DE6aDYtZkeIcnpp6tY3LHFR3hIs"', 'Vary': 'Accept-Encoding', 'Content-Encoding': 'gzip', 'CF-Cache-Status': 'DYNAMIC', 'Report-To': '{"endpoints":[{"url":"https:\\/\\/a.nel.cloudflare.com\\/report\\/v4?s=CvQqVr17WhNoHW8IG%2B3Dgrk2%2FVZdwLv79DqkIetz7sHz9E1%2F6QSbbss6jnJjckTYM1RJLjpfgUyuFpehnEeqzfuV2i96bwDI8NB09c1njPjb6K8OCsXQtgEIO88bXd9P"}],"group":"cf-nel","max_age":604800}', 'NEL': '{"success_fraction":0,"report_to":"cf-nel","max_age":604800}', 'Server': 'cloudflare', 'CF-RAY': '86c499fdcbb66905-IAD', 'alt-svc': 'h3=":443"; ma=86400'} 
 body={"results":[{"gender":"female","name":{"title":"Ms","first":"Mackenzie","last":"Turner"},"location":{"street":{"number":7482,"name":"Cashel Street"},"city":"Christchurch","state":"Tasman","country":"New Zealand","postcode":74369,"coordinates":{"latitude":"53.3060","longitude":"38.3986"},"timezone":{"offset":"+11:00","description":"Magadan, Solomon Islands, New Caledonia"}},"email":"mackenzie.turner@example.com","login":{"uuid":"9cdfb11c-b0eb-4338-b2dc-386e08bed7cb","username":"silverelephant567","password":"stones","salt":"c6TnoGDh","md5":"04400e090b72007b636e49b9ea6c0b3f","sha1":"a11b4af0e47fbbd3b935b221c886320b049e93d2","sha256":"570eea2afb88216e01f80dfca00243c91accfb96b15ea4a2b02a102caa27ecbf"},"dob":{"date":"1967-07-07T16:45:45.250Z","age":56},"registered":{"date":"2020-01-15T04:38:10.380Z","age":4},"phone":"(579)-847-7812","cell":"(532)-395-4493","id":{"name":"","value":null},"picture":{"large":"https://randomuser.me/api/portraits/women/3.jpg","medium":"https://randomuser.me/api/portraits/med/women/3.jpg","thumbnail":"https://randomuser.me/api/portraits/thumb/women/3.jpg"},"nat":"NZ"}],"info":{"seed":"0040186658016401","results":1,"page":1,"version":"1.4"}} 
 </msg>
<msg time="2024-03-30T02:17:07.572927" level="INFO">/opt/hostedtoolcache/Python/3.12.2/x64/lib/python3.12/site-packages/urllib3/connectionpool.py:1103: InsecureRequestWarning: Unverified HTTPS request is being made to host 'randomuser.me'. Adding certificate verification is strongly advised. See: https://urllib3.readthedocs.io/en/latest/advanced-usage.html#tls-warnings
  warnings.warn(</msg>
<msg time="2024-03-30T02:17:07.573086" level="INFO">${response} = &lt;Response [200]&gt;</msg>
<var>${response}</var>
<arg>consultarAPI</arg>
<arg>/api</arg>
<doc>Sends a GET request on a previously created HTTP Session.</doc>
<status status="PASS" start="2024-03-30T02:17:07.484679" elapsed="0.088451"/>
</kw>
<kw name="Set Variable" owner="BuiltIn">
<msg time="2024-03-30T02:17:07.574084" level="INFO">${json_data} = {'results': [{'gender': 'female', 'name': {'title': 'Ms', 'first': 'Mackenzie', 'last': 'Turner'}, 'location': {'street': {'number': 7482, 'name': 'Cashel Street'}, 'city': 'Christchurch', 'state': 'T...</msg>
<var>${json_data}</var>
<arg>${response.json()}</arg>
<doc>Returns the given values which can then be assigned to a variables.</doc>
<status status="PASS" start="2024-03-30T02:17:07.573595" elapsed="0.000517"/>
</kw>
<kw name="Log" owner="BuiltIn">
<msg time="2024-03-30T02:17:07.574573" level="INFO">{'results': [{'gender': 'female', 'name': {'title': 'Ms', 'first': 'Mackenzie', 'last': 'Turner'}, 'location': {'street': {'number': 7482, 'name': 'Cashel Street'}, 'city': 'Christchurch', 'state': 'Tasman', 'country': 'New Zealand', 'postcode': 74369, 'coordinates': {'latitude': '53.3060', 'longitude': '38.3986'}, 'timezone': {'offset': '+11:00', 'description': 'Magadan, Solomon Islands, New Caledonia'}}, 'email': 'mackenzie.turner@example.com', 'login': {'uuid': '9cdfb11c-b0eb-4338-b2dc-386e08bed7cb', 'username': 'silverelephant567', 'password': 'stones', 'salt': 'c6TnoGDh', 'md5': '04400e090b72007b636e49b9ea6c0b3f', 'sha1': 'a11b4af0e47fbbd3b935b221c886320b049e93d2', 'sha256': '570eea2afb88216e01f80dfca00243c91accfb96b15ea4a2b02a102caa27ecbf'}, 'dob': {'date': '1967-07-07T16:45:45.250Z', 'age': 56}, 'registered': {'date': '2020-01-15T04:38:10.380Z', 'age': 4}, 'phone': '(579)-847-7812', 'cell': '(532)-395-4493', 'id': {'name': '', 'value': None}, 'picture': {'large': 'https://randomuser.me/api/portraits/women/3.jpg', 'medium': 'https://randomuser.me/api/portraits/med/women/3.jpg', 'thumbnail': 'https://randomuser.me/api/portraits/thumb/women/3.jpg'}, 'nat': 'NZ'}], 'info': {'seed': '0040186658016401', 'results': 1, 'page': 1, 'version': '1.4'}}</msg>
<arg>${json_data}</arg>
<doc>Logs the given message with the given level.</doc>
<status status="PASS" start="2024-03-30T02:17:07.574418" elapsed="0.000236"/>
</kw>
<kw name="Should Be Equal As Numbers" owner="BuiltIn">
<arg>${json_data['results'][0]['location']['postcode']}</arg>
<arg>${json_data['results'][0]['location']['postcode']}</arg>
<doc>Fails if objects are unequal after converting them to real numbers.</doc>
<status status="PASS" start="2024-03-30T02:17:07.574958" elapsed="0.000631"/>
</kw>
<kw name="Log" owner="BuiltIn">
<msg time="2024-03-30T02:17:07.576121" level="INFO">74369</msg>
<arg>${json_data['results'][0]['location']['postcode']}</arg>
<doc>Logs the given message with the given level.</doc>
<status status="PASS" start="2024-03-30T02:17:07.575782" elapsed="0.000379"/>
</kw>
<status status="PASS" start="2024-03-30T02:17:07.484280" elapsed="0.092139"/>
</kw>
<doc>Testa se os tipos de dados na resposta da API estão corretos.</doc>
<tag>testeTiposDados</tag>
<status status="PASS" start="2024-03-30T02:17:07.396610" elapsed="0.179982"/>
</test>
<test id="s1-s1-t5" name="Validar conteudo" line="35">
<kw name="Teste de Tipos de Conteudo" owner="random-user-service">
<kw name="GET On Session" owner="RequestsLibrary">
<msg time="2024-03-30T02:17:07.673540" level="INFO">GET Request : url=https://randomuser.me/api 
 path_url=/api 
 headers={'User-Agent': 'python-requests/2.31.0', 'Accept-Encoding': 'gzip, deflate', 'Accept': '*/*', 'Connection': 'keep-alive'} 
 body=None 
 </msg>
<msg time="2024-03-30T02:17:07.673646" level="INFO">GET Response : url=https://randomuser.me/api 
 status=200, reason=OK 
 headers={'Date': 'Sat, 30 Mar 2024 02:17:07 GMT', 'Content-Type': 'application/json; charset=utf-8', 'Transfer-Encoding': 'chunked', 'Connection': 'keep-alive', 'X-Powered-By': 'Express', 'Access-Control-Allow-Origin': '*', 'Cache-Control': 'no-cache', 'ETag': 'W/"4a9-kr+srLeG7uRXjK2susSQa6biY90"', 'Vary': 'Accept-Encoding', 'Content-Encoding': 'gzip', 'CF-Cache-Status': 'DYNAMIC', 'Report-To': '{"endpoints":[{"url":"https:\\/\\/a.nel.cloudflare.com\\/report\\/v4?s=E4%2Bne%2FI%2Fo5dV37DlBSb%2FXA2ZCexszTXt%2FBL7mIH3Py1tUdVqFAN50i7ISqii%2BWjvYn95wnXezzkg9Mm6QmwslG88y8HYTK1S7b2gOu1JR6k1L5lG9XDyTSt5dwgyZ5Pw"}],"group":"cf-nel","max_age":604800}', 'NEL': '{"success_fraction":0,"report_to":"cf-nel","max_age":604800}', 'Server': 'cloudflare', 'CF-RAY': '86c499fe5c386905-IAD', 'alt-svc': 'h3=":443"; ma=86400'} 
 body={"results":[{"gender":"female","name":{"title":"Ms","first":"Vojislava","last":"Ivanović"},"location":{"street":{"number":4152,"name":"Ljubice Kujundžić"},"city":"Jagodina","state":"Jablanica","country":"Serbia","postcode":63750,"coordinates":{"latitude":"60.4609","longitude":"112.5895"},"timezone":{"offset":"+3:00","description":"Baghdad, Riyadh, Moscow, St. Petersburg"}},"email":"vojislava.ivanovic@example.com","login":{"uuid":"f3d86742-988f-497e-99e8-a7fc911f0b2d","username":"orangeostrich544","password":"trance","salt":"HI8MB6eL","md5":"0268ee72fac54c671587e50dc86dc380","sha1":"01298f34a71636db3249ce89237499d031361ad4","sha256":"1e90be63aa0d81a7085262b90ea5e8b4d5c8a1e8d1ed9834f033c7a66bbacc51"},"dob":{"date":"2000-06-13T06:09:19.786Z","age":23},"registered":{"date":"2017-07-08T21:15:24.129Z","age":6},"phone":"011-9071-869","cell":"060-7215-639","id":{"name":"SID","value":"908205077"},"picture":{"large":"https://randomuser.me/api/portraits/women/58.jpg","medium":"https://randomuser.me/api/portraits/med/women/58.jpg","thumbnail":"https://randomuser.me/api/portraits/thumb/women/58.jpg"},"nat":"RS"}],"info":{"seed":"0267551f662e6076","results":1,"page":1,"version":"1.4"}} 
 </msg>
<msg time="2024-03-30T02:17:07.673723" level="INFO">/opt/hostedtoolcache/Python/3.12.2/x64/lib/python3.12/site-packages/urllib3/connectionpool.py:1103: InsecureRequestWarning: Unverified HTTPS request is being made to host 'randomuser.me'. Adding certificate verification is strongly advised. See: https://urllib3.readthedocs.io/en/latest/advanced-usage.html#tls-warnings
  warnings.warn(</msg>
<msg time="2024-03-30T02:17:07.673857" level="INFO">${response} = &lt;Response [200]&gt;</msg>
<var>${response}</var>
<arg>consultarAPI</arg>
<arg>/api</arg>
<doc>Sends a GET request on a previously created HTTP Session.</doc>
<status status="PASS" start="2024-03-30T02:17:07.579120" elapsed="0.094778"/>
</kw>
<kw name="Set Variable" owner="BuiltIn">
<msg time="2024-03-30T02:17:07.675007" level="INFO">${json_data} = {'results': [{'gender': 'female', 'name': {'title': 'Ms', 'first': 'Vojislava', 'last': 'Ivanović'}, 'location': {'street': {'number': 4152, 'name': 'Ljubice Kujundžić'}, 'city': 'Jagodina', 'state': ...</msg>
<var>${json_data}</var>
<arg>${response.json()}</arg>
<doc>Returns the given values which can then be assigned to a variables.</doc>
<status status="PASS" start="2024-03-30T02:17:07.674472" elapsed="0.000565"/>
</kw>
<kw name="Set Variable" owner="BuiltIn">
<msg time="2024-03-30T02:17:07.675733" level="INFO">${name_title} = Ms</msg>
<var>${name_title}</var>
<arg>${json_data["results"][0]["name"]["title"]}</arg>
<doc>Returns the given values which can then be assigned to a variables.</doc>
<status status="PASS" start="2024-03-30T02:17:07.675349" elapsed="0.000409"/>
</kw>
<kw name="Create List" owner="BuiltIn">
<msg time="2024-03-30T02:17:07.676208" level="INFO">${allowed_titles} = ['Mr', 'Ms', 'Miss', 'Mrs', 'Madame', 'Monsieur']</msg>
<var>${allowed_titles}</var>
<arg>Mr</arg>
<arg>Ms</arg>
<arg>Miss</arg>
<arg>Mrs</arg>
<arg>Madame</arg>
<arg>Monsieur</arg>
<doc>Returns a list containing given items.</doc>
<status status="PASS" start="2024-03-30T02:17:07.676057" elapsed="0.000176"/>
</kw>
<kw name="List Should Contain Value" owner="Collections">
<msg time="2024-03-30T02:17:07.676708" level="INFO">False</msg>
<arg>${allowed_titles}</arg>
<arg>${name_title}</arg>
<doc>Fails if the ``value`` is not found from ``list``.</doc>
<status status="PASS" start="2024-03-30T02:17:07.676534" elapsed="0.000212"/>
</kw>
<kw name="Set Variable" owner="BuiltIn">
<msg time="2024-03-30T02:17:07.677465" level="INFO">${name_country} = RS</msg>
<var>${name_country}</var>
<arg>${json_data["results"][0]["nat"]}</arg>
<doc>Returns the given values which can then be assigned to a variables.</doc>
<status status="PASS" start="2024-03-30T02:17:07.677079" elapsed="0.000410"/>
</kw>
<kw name="Create List" owner="BuiltIn">
<msg time="2024-03-30T02:17:07.678396" level="INFO">${list_country} = ['AD', 'AE', 'AF', 'AG', 'AI', 'AL', 'AM', 'AO', 'AQ', 'AR', 'AS', 'AT', 'AU', 'AW', 'AX', 'AZ', 'BA', 'BB', 'BD', 'BE', 'BF', 'BG', 'BH', 'BI', 'BJ', 'BL', 'BM', 'BN', 'BO', 'BQ', 'BR', 'BS', 'BT', '...</msg>
<var>${list_country}</var>
<arg>AD</arg>
<arg>AE</arg>
<arg>AF</arg>
<arg>AG</arg>
<arg>AI</arg>
<arg>AL</arg>
<arg>AM</arg>
<arg>AO</arg>
<arg>AQ</arg>
<arg>AR</arg>
<arg>AS</arg>
<arg>AT</arg>
<arg>AU</arg>
<arg>AW</arg>
<arg>AX</arg>
<arg>AZ</arg>
<arg>BA</arg>
<arg>BB</arg>
<arg>BD</arg>
<arg>BE</arg>
<arg>BF</arg>
<arg>BG</arg>
<arg>BH</arg>
<arg>BI</arg>
<arg>BJ</arg>
<arg>BL</arg>
<arg>BM</arg>
<arg>BN</arg>
<arg>BO</arg>
<arg>BQ</arg>
<arg>BR</arg>
<arg>BS</arg>
<arg>BT</arg>
<arg>BV</arg>
<arg>BW</arg>
<arg>BY</arg>
<arg>BZ</arg>
<arg>CA</arg>
<arg>CC</arg>
<arg>CD</arg>
<arg>CF</arg>
<arg>CG</arg>
<arg>CH</arg>
<arg>CI</arg>
<arg>CK</arg>
<arg>CL</arg>
<arg>CM</arg>
<arg>CN</arg>
<arg>CO</arg>
<arg>CR</arg>
<arg>CU</arg>
<arg>CV</arg>
<arg>CW</arg>
<arg>CX</arg>
<arg>CY</arg>
<arg>CZ</arg>
<arg>DE</arg>
<arg>DJ</arg>
<arg>DK</arg>
<arg>DM</arg>
<arg>DO</arg>
<arg>DZ</arg>
<arg>EC</arg>
<arg>EE</arg>
<arg>EG</arg>
<arg>EH</arg>
<arg>ER</arg>
<arg>ES</arg>
<arg>ET</arg>
<arg>FI</arg>
<arg>FJ</arg>
<arg>FK</arg>
<arg>FM</arg>
<arg>FO</arg>
<arg>FR</arg>
<arg>GA</arg>
<arg>GB</arg>
<arg>GD</arg>
<arg>GE</arg>
<arg>GF</arg>
<arg>GG</arg>
<arg>GH</arg>
<arg>GI</arg>
<arg>GL</arg>
<arg>GM</arg>
<arg>GN</arg>
<arg>GP</arg>
<arg>GQ</arg>
<arg>GR</arg>
<arg>GS</arg>
<arg>GT</arg>
<arg>GU</arg>
<arg>GW</arg>
<arg>GY</arg>
<arg>HK</arg>
<arg>HM</arg>
<arg>HN</arg>
<arg>HR</arg>
<arg>HT</arg>
<arg>HU</arg>
<arg>ID</arg>
<arg>IE</arg>
<arg>IL</arg>
<arg>IM</arg>
<arg>IN</arg>
<arg>IO</arg>
<arg>IQ</arg>
<arg>IR</arg>
<arg>IS</arg>
<arg>IT</arg>
<arg>JE</arg>
<arg>JM</arg>
<arg>JO</arg>
<arg>JP</arg>
<arg>KE</arg>
<arg>KG</arg>
<arg>KH</arg>
<arg>KI</arg>
<arg>KM</arg>
<arg>KN</arg>
<arg>KP</arg>
<arg>KR</arg>
<arg>KW</arg>
<arg>KY</arg>
<arg>KZ</arg>
<arg>LA</arg>
<arg>LB</arg>
<arg>LC</arg>
<arg>LI</arg>
<arg>LK</arg>
<arg>LR</arg>
<arg>LS</arg>
<arg>LT</arg>
<arg>LU</arg>
<arg>LV</arg>
<arg>LY</arg>
<arg>MA</arg>
<arg>MC</arg>
<arg>MD</arg>
<arg>ME</arg>
<arg>MF</arg>
<arg>MG</arg>
<arg>MH</arg>
<arg>MK</arg>
<arg>ML</arg>
<arg>MM</arg>
<arg>MN</arg>
<arg>MO</arg>
<arg>MP</arg>
<arg>MQ</arg>
<arg>MR</arg>
<arg>MS</arg>
<arg>MT</arg>
<arg>MU</arg>
<arg>MV</arg>
<arg>MW</arg>
<arg>MX</arg>
<arg>MY</arg>
<arg>MZ</arg>
<arg>NA</arg>
<arg>NC</arg>
<arg>NE</arg>
<arg>NF</arg>
<arg>NG</arg>
<arg>NI</arg>
<arg>NL</arg>
<arg>NO</arg>
<arg>NP</arg>
<arg>NR</arg>
<arg>NU</arg>
<arg>NZ</arg>
<arg>OM</arg>
<arg>PA</arg>
<arg>PE</arg>
<arg>PF</arg>
<arg>PG</arg>
<arg>PH</arg>
<arg>PK</arg>
<arg>PL</arg>
<arg>PM</arg>
<arg>PN</arg>
<arg>PR</arg>
<arg>PS</arg>
<arg>PT</arg>
<arg>PW</arg>
<arg>PY</arg>
<arg>QA</arg>
<arg>RE</arg>
<arg>RO</arg>
<arg>RS</arg>
<arg>RU</arg>
<arg>RW</arg>
<arg>SA</arg>
<arg>SB</arg>
<arg>SC</arg>
<arg>SD</arg>
<arg>SE</arg>
<arg>SG</arg>
<arg>SH</arg>
<arg>SI</arg>
<arg>SJ</arg>
<arg>SK</arg>
<arg>SL</arg>
<arg>SM</arg>
<arg>SN</arg>
<arg>SO</arg>
<arg>SR</arg>
<arg>SS</arg>
<arg>ST</arg>
<arg>SV</arg>
<arg>SX</arg>
<arg>SY</arg>
<arg>SZ</arg>
<arg>TC</arg>
<arg>TD</arg>
<arg>TF</arg>
<arg>TG</arg>
<arg>TH</arg>
<arg>TJ</arg>
<arg>TK</arg>
<arg>TL</arg>
<arg>TM</arg>
<arg>TN</arg>
<arg>TO</arg>
<arg>TR</arg>
<arg>TT</arg>
<arg>TV</arg>
<arg>TW</arg>
<arg>TZ</arg>
<arg>UA</arg>
<arg>UG</arg>
<arg>UM</arg>
<arg>US</arg>
<arg>UY</arg>
<arg>UZ</arg>
<arg>VA</arg>
<arg>VC</arg>
<arg>VE</arg>
<arg>VG</arg>
<arg>VI</arg>
<arg>VN</arg>
<arg>VU</arg>
<arg>WF</arg>
<arg>WS</arg>
<arg>XK</arg>
<arg>YE</arg>
<arg>YT</arg>
<arg>ZA</arg>
<arg>ZM</arg>
<arg>ZW</arg>
<doc>Returns a list containing given items.</doc>
<status status="PASS" start="2024-03-30T02:17:07.677797" elapsed="0.000624"/>
</kw>
<kw name="List Should Contain Value" owner="Collections">
<msg time="2024-03-30T02:17:07.679541" level="INFO">False</msg>
<arg>${list_country}</arg>
<arg>${name_country}</arg>
<doc>Fails if the ``value`` is not found from ``list``.</doc>
<status status="PASS" start="2024-03-30T02:17:07.679329" elapsed="0.000250"/>
</kw>
<kw name="Run Keyword If" owner="BuiltIn">
<kw name="Should Be True" owner="BuiltIn">
<arg>${True}</arg>
<doc>Fails if the given condition is not true.</doc>
<status status="PASS" start="2024-03-30T02:17:07.680685" elapsed="0.000146"/>
</kw>
<arg>${json_data["results"][0]["location"]["coordinates"]["latitude"]} &gt;= -90 and ${json_data["results"][0]["location"]["coordinates"]["latitude"]} &lt;= 90</arg>
<arg>Should Be True</arg>
<arg>${True}</arg>
<doc>Runs the given keyword with the given arguments, if ``condition`` is true.</doc>
<status status="PASS" start="2024-03-30T02:17:07.679902" elapsed="0.001058"/>
</kw>
<kw name="Run Keyword If" owner="BuiltIn">
<kw name="Should Be True" owner="BuiltIn">
<arg>${True}</arg>
<doc>Fails if the given condition is not true.</doc>
<status status="PASS" start="2024-03-30T02:17:07.681902" elapsed="0.000139"/>
</kw>
<arg>${json_data["results"][0]["location"]["coordinates"]["longitude"]} &gt;= -180 and ${json_data["results"][0]["location"]["coordinates"]["longitude"]} &lt;= 180</arg>
<arg>Should Be True</arg>
<arg>${True}</arg>
<doc>Runs the given keyword with the given arguments, if ``condition`` is true.</doc>
<status status="PASS" start="2024-03-30T02:17:07.681197" elapsed="0.000970"/>
</kw>
<status status="PASS" start="2024-03-30T02:17:07.578887" elapsed="0.103413"/>
</kw>
<doc>Testa o conteúdo específico dos campos retornados pela API.</doc>
<tag>testeConteudo</tag>
<status status="PASS" start="2024-03-30T02:17:07.578431" elapsed="0.104021"/>
</test>
<status status="PASS" start="2024-03-30T02:17:06.909940" elapsed="0.774480"/>
</suite>
<status status="PASS" start="2024-03-30T02:17:06.895960" elapsed="0.793927"/>
</suite>
<statistics>
<total>
<stat pass="5" fail="0" skip="0">All Tests</stat>
</total>
<tag>
<stat pass="1" fail="0" skip="0">testeConteudo</stat>
<stat pass="1" fail="0" skip="0">testeEstruturaResposta</stat>
<stat pass="1" fail="0" skip="0">testeRequisicaoBasica</stat>
<stat pass="1" fail="0" skip="0">testeTiposDados</stat>
</tag>
<suite>
<stat pass="5" fail="0" skip="0" id="s1" name="Tests">Tests</stat>
<stat pass="5" fail="0" skip="0" id="s1-s1" name="Random-User-Test">Tests.Random-User-Test</stat>
</suite>
</statistics>
<errors>
</errors>
</robot>
