<?xml version="1.0" encoding="UTF-8"?>
<robot generator="Robot 7.0.1 (Python 3.12.4 on linux)" generated="2024-06-19T02:32:15.196260" rpa="false" schemaversion="5">
<suite id="s1" name="Tests" source="/home/runner/work/ApiRandomUser/ApiRandomUser/RamdonUser/tests">
<suite id="s1-s1" name="Random-User-Test" source="/home/runner/work/ApiRandomUser/ApiRandomUser/RamdonUser/tests/random-user-test.robot">
<test id="s1-s1-t1" name="Conectar" line="13">
<kw name="Conectar API" owner="random-user-service">
<kw name="Create Session" owner="RequestsLibrary">
<msg time="2024-06-19T02:32:15.648373" level="INFO">Creating Session using : alias=consultarAPI, url=https://randomuser.me/, headers={},                     cookies={}, auth=None, timeout=None, proxies=None, verify=False,                     debug=0 </msg>
<arg>consultarAPI</arg>
<arg>${URL}</arg>
<doc>Create Session: create a HTTP session to a server</doc>
<status status="PASS" start="2024-06-19T02:32:15.648174" elapsed="0.000388"/>
</kw>
<status status="PASS" start="2024-06-19T02:32:15.647169" elapsed="0.001741"/>
</kw>
<status status="PASS" start="2024-06-19T02:32:15.646619" elapsed="0.002482"/>
</test>
<test id="s1-s1-t2" name="Validar retorno 200 e JSON Válido" line="16">
<kw name="Teste de Requisicao Basica" owner="random-user-service">
<kw name="GET On Session" owner="RequestsLibrary">
<msg time="2024-06-19T02:32:15.773754" level="INFO">GET Request : url=https://randomuser.me/api 
 path_url=/api 
 headers={'User-Agent': 'python-requests/2.32.3', 'Accept-Encoding': 'gzip, deflate', 'Accept': '*/*', 'Connection': 'keep-alive'} 
 body=None 
 </msg>
<msg time="2024-06-19T02:32:15.773899" level="INFO">GET Response : url=https://randomuser.me/api 
 status=200, reason=OK 
 headers={'Date': 'Wed, 19 Jun 2024 02:32:15 GMT', 'Content-Type': 'application/json; charset=utf-8', 'Transfer-Encoding': 'chunked', 'Connection': 'keep-alive', 'X-Powered-By': 'Express', 'Access-Control-Allow-Origin': '*', 'Cache-Control': 'no-cache', 'ETag': 'W/"4a8-cK0cDHV6yVQrJ+vjN9KKdGRBZaQ"', 'Vary': 'Accept-Encoding', 'Content-Encoding': 'gzip', 'CF-Cache-Status': 'DYNAMIC', 'Report-To': '{"endpoints":[{"url":"https:\\/\\/a.nel.cloudflare.com\\/report\\/v4?s=qiRyJk%2FHAYCB5zA9iqDKZGk9m5K%2FuC%2BdcLf4qNwtEsxNn2%2F%2BtFyYRJvukyAyWpZcNIEB%2FZ3LmhckkMIcLcEllHckBQGVxv3YYBrbQ6ypmcX8ZRgww%2BhQwRj9hurYRKGv"}],"group":"cf-nel","max_age":604800}', 'NEL': '{"success_fraction":0,"report_to":"cf-nel","max_age":604800}', 'Server': 'cloudflare', 'CF-RAY': '89601b89ff4d15d6-SJC', 'alt-svc': 'h3=":443"; ma=86400'} 
 body={"results":[{"gender":"female","name":{"title":"Ms","first":"Enola","last":"Morel"},"location":{"street":{"number":2184,"name":"Esplanade du 9 Novembre 1989"},"city":"Argenteuil","state":"Vaucluse","country":"France","postcode":87518,"coordinates":{"latitude":"-18.5133","longitude":"57.3573"},"timezone":{"offset":"+4:00","description":"Abu Dhabi, Muscat, Baku, Tbilisi"}},"email":"enola.morel@example.com","login":{"uuid":"5bb9321f-d1c5-4ca8-9edd-3f1ac1628844","username":"ticklishdog994","password":"static","salt":"eWtUNHt6","md5":"beca1a4a59f0fefcf9b7a100d5cb5af6","sha1":"942dbab4092e7b69563d9a0d9e0011c0d7d60a81","sha256":"c0d820bbbf5fbd9ed67ab2acadf652d52ffa5cda4af761ac5df255066f516b04"},"dob":{"date":"1950-08-19T13:59:11.351Z","age":73},"registered":{"date":"2015-12-13T15:03:25.009Z","age":8},"phone":"01-41-55-32-12","cell":"06-61-26-30-43","id":{"name":"INSEE","value":"2500791040910 76"},"picture":{"large":"https://randomuser.me/api/portraits/women/73.jpg","medium":"https://randomuser.me/api/portraits/med/women/73.jpg","thumbnail":"https://randomuser.me/api/portraits/thumb/women/73.jpg"},"nat":"FR"}],"info":{"seed":"4db1a157f51191d7","results":1,"page":1,"version":"1.4"}} 
 </msg>
<msg time="2024-06-19T02:32:15.773993" level="INFO">/opt/hostedtoolcache/Python/3.12.4/x64/lib/python3.12/site-packages/urllib3/connectionpool.py:1099: InsecureRequestWarning: Unverified HTTPS request is being made to host 'randomuser.me'. Adding certificate verification is strongly advised. See: https://urllib3.readthedocs.io/en/latest/advanced-usage.html#tls-warnings
  warnings.warn(</msg>
<msg time="2024-06-19T02:32:15.774165" level="INFO">${response} = &lt;Response [200]&gt;</msg>
<var>${response}</var>
<arg>consultarAPI</arg>
<arg>/api</arg>
<doc>Sends a GET request on a previously created HTTP Session.</doc>
<status status="PASS" start="2024-06-19T02:32:15.651694" elapsed="0.122525"/>
</kw>
<kw name="Should Be Equal As Numbers" owner="BuiltIn">
<msg time="2024-06-19T02:32:15.775081" level="INFO">Argument types are:
&lt;class 'int'&gt;
&lt;class 'str'&gt;</msg>
<arg>${response.status_code}</arg>
<arg>200</arg>
<doc>Fails if objects are unequal after converting them to real numbers.</doc>
<status status="PASS" start="2024-06-19T02:32:15.774666" elapsed="0.000478"/>
</kw>
<kw name="Log" owner="BuiltIn">
<msg time="2024-06-19T02:32:15.775836" level="INFO">200</msg>
<arg>${response.status_code}</arg>
<doc>Logs the given message with the given level.</doc>
<status status="PASS" start="2024-06-19T02:32:15.775482" elapsed="0.000396"/>
</kw>
<kw name="Set Variable" owner="BuiltIn">
<msg time="2024-06-19T02:32:15.776608" level="INFO">${json_data} = {'results': [{'gender': 'female', 'name': {'title': 'Ms', 'first': 'Enola', 'last': 'Morel'}, 'location': {'street': {'number': 2184, 'name': 'Esplanade du 9 Novembre 1989'}, 'city': 'Argenteuil', 'st...</msg>
<var>${json_data}</var>
<arg>${response.json()}</arg>
<doc>Returns the given values which can then be assigned to a variables.</doc>
<status status="PASS" start="2024-06-19T02:32:15.776180" elapsed="0.000463"/>
</kw>
<kw name="Dictionary Should Contain Key" owner="Collections">
<arg>${json_data}</arg>
<arg>results</arg>
<doc>Fails if ``key`` is not found from ``dictionary``.</doc>
<status status="PASS" start="2024-06-19T02:32:15.776938" elapsed="0.000168"/>
</kw>
<status status="PASS" start="2024-06-19T02:32:15.651459" elapsed="0.125794"/>
</kw>
<doc>Testa se a API responde corretamente e retorna um objeto JSON válido.</doc>
<tag>testeRequisicaoBasica</tag>
<status status="PASS" start="2024-06-19T02:32:15.650980" elapsed="0.126436"/>
</test>
<test id="s1-s1-t3" name="Validar estrutura de resposta" line="22">
<kw name="Teste de Estrutura de Resposta" owner="random-user-service">
<kw name="GET On Session" owner="RequestsLibrary">
<msg time="2024-06-19T02:32:15.868748" level="INFO">GET Request : url=https://randomuser.me/api 
 path_url=/api 
 headers={'User-Agent': 'python-requests/2.32.3', 'Accept-Encoding': 'gzip, deflate', 'Accept': '*/*', 'Connection': 'keep-alive'} 
 body=None 
 </msg>
<msg time="2024-06-19T02:32:15.868828" level="INFO">GET Response : url=https://randomuser.me/api 
 status=200, reason=OK 
 headers={'Date': 'Wed, 19 Jun 2024 02:32:15 GMT', 'Content-Type': 'application/json; charset=utf-8', 'Transfer-Encoding': 'chunked', 'Connection': 'keep-alive', 'X-Powered-By': 'Express', 'Access-Control-Allow-Origin': '*', 'Cache-Control': 'no-cache', 'ETag': 'W/"497-+oF7XAguFseUVFBylVisM+I0LCw"', 'Vary': 'Accept-Encoding', 'Content-Encoding': 'gzip', 'CF-Cache-Status': 'DYNAMIC', 'Report-To': '{"endpoints":[{"url":"https:\\/\\/a.nel.cloudflare.com\\/report\\/v4?s=5%2BG9qGBfLUI0AzZxzwhY81icBdZaMYoS1tROII1zcXdRQ78i3qpOwLxs7if8lLEw8O2uf9UZql2yIdJc8nagjxS%2BUyMhVyymsdJAo3WpZhpTVYtfpYi0O0dSzp2KUC%2BC"}],"group":"cf-nel","max_age":604800}', 'NEL': '{"success_fraction":0,"report_to":"cf-nel","max_age":604800}', 'Server': 'cloudflare', 'CF-RAY': '89601b8a9fdc15d6-SJC', 'alt-svc': 'h3=":443"; ma=86400'} 
 body={"results":[{"gender":"female","name":{"title":"Miss","first":"Johanne","last":"Myran"},"location":{"street":{"number":268,"name":"Vålerenggata"},"city":"Tyssedal","state":"Sør-Trøndelag","country":"Norway","postcode":"6106","coordinates":{"latitude":"42.0343","longitude":"132.8486"},"timezone":{"offset":"+10:00","description":"Eastern Australia, Guam, Vladivostok"}},"email":"johanne.myran@example.com","login":{"uuid":"790f0feb-5f61-4895-a49c-f428ffc59c93","username":"silverzebra361","password":"mike123","salt":"9AgGLwyq","md5":"cd558ce46f8f2de11b231d7545b62641","sha1":"0ea521aa6e6ddf7649634d39821f7ca57ba9af30","sha256":"6095729827558b43cbd52c21ffee4835a6224e09f1b1d5d3381ef12b98bbdc37"},"dob":{"date":"1953-10-12T04:27:57.912Z","age":70},"registered":{"date":"2013-05-28T12:09:09.426Z","age":11},"phone":"88357522","cell":"40467099","id":{"name":"FN","value":"12105313606"},"picture":{"large":"https://randomuser.me/api/portraits/women/92.jpg","medium":"https://randomuser.me/api/portraits/med/women/92.jpg","thumbnail":"https://randomuser.me/api/portraits/thumb/women/92.jpg"},"nat":"NO"}],"info":{"seed":"684be5cc517c932f","results":1,"page":1,"version":"1.4"}} 
 </msg>
<msg time="2024-06-19T02:32:15.868958" level="INFO">/opt/hostedtoolcache/Python/3.12.4/x64/lib/python3.12/site-packages/urllib3/connectionpool.py:1099: InsecureRequestWarning: Unverified HTTPS request is being made to host 'randomuser.me'. Adding certificate verification is strongly advised. See: https://urllib3.readthedocs.io/en/latest/advanced-usage.html#tls-warnings
  warnings.warn(</msg>
<msg time="2024-06-19T02:32:15.869092" level="INFO">${response} = &lt;Response [200]&gt;</msg>
<var>${response}</var>
<arg>consultarAPI</arg>
<arg>/api</arg>
<doc>Sends a GET request on a previously created HTTP Session.</doc>
<status status="PASS" start="2024-06-19T02:32:15.780106" elapsed="0.089040"/>
</kw>
<kw name="Set Variable" owner="BuiltIn">
<msg time="2024-06-19T02:32:15.870024" level="INFO">${json_data} = {'results': [{'gender': 'female', 'name': {'title': 'Miss', 'first': 'Johanne', 'last': 'Myran'}, 'location': {'street': {'number': 268, 'name': 'Vålerenggata'}, 'city': 'Tyssedal', 'state': 'Sør-Trøn...</msg>
<var>${json_data}</var>
<arg>${response.json()}</arg>
<doc>Returns the given values which can then be assigned to a variables.</doc>
<status status="PASS" start="2024-06-19T02:32:15.869565" elapsed="0.000490"/>
</kw>
<kw name="Log" owner="BuiltIn">
<msg time="2024-06-19T02:32:15.870522" level="INFO">{'results': [{'gender': 'female', 'name': {'title': 'Miss', 'first': 'Johanne', 'last': 'Myran'}, 'location': {'street': {'number': 268, 'name': 'Vålerenggata'}, 'city': 'Tyssedal', 'state': 'Sør-Trøndelag', 'country': 'Norway', 'postcode': '6106', 'coordinates': {'latitude': '42.0343', 'longitude': '132.8486'}, 'timezone': {'offset': '+10:00', 'description': 'Eastern Australia, Guam, Vladivostok'}}, 'email': 'johanne.myran@example.com', 'login': {'uuid': '790f0feb-5f61-4895-a49c-f428ffc59c93', 'username': 'silverzebra361', 'password': 'mike123', 'salt': '9AgGLwyq', 'md5': 'cd558ce46f8f2de11b231d7545b62641', 'sha1': '0ea521aa6e6ddf7649634d39821f7ca57ba9af30', 'sha256': '6095729827558b43cbd52c21ffee4835a6224e09f1b1d5d3381ef12b98bbdc37'}, 'dob': {'date': '1953-10-12T04:27:57.912Z', 'age': 70}, 'registered': {'date': '2013-05-28T12:09:09.426Z', 'age': 11}, 'phone': '88357522', 'cell': '40467099', 'id': {'name': 'FN', 'value': '12105313606'}, 'picture': {'large': 'https://randomuser.me/api/portraits/women/92.jpg', 'medium': 'https://randomuser.me/api/portraits/med/women/92.jpg', 'thumbnail': 'https://randomuser.me/api/portraits/thumb/women/92.jpg'}, 'nat': 'NO'}], 'info': {'seed': '684be5cc517c932f', 'results': 1, 'page': 1, 'version': '1.4'}}</msg>
<arg>${json_data}</arg>
<doc>Logs the given message with the given level.</doc>
<status status="PASS" start="2024-06-19T02:32:15.870364" elapsed="0.000217"/>
</kw>
<kw name="Dictionary Should Contain Key" owner="Collections">
<arg>${json_data}</arg>
<arg>results</arg>
<doc>Fails if ``key`` is not found from ``dictionary``.</doc>
<status status="PASS" start="2024-06-19T02:32:15.870879" elapsed="0.000158"/>
</kw>
<kw name="Should Not Be Empty" owner="BuiltIn">
<msg time="2024-06-19T02:32:15.871340" level="INFO">Length is 2.</msg>
<arg>${json_data}</arg>
<doc>Verifies that the given item is not empty.</doc>
<status status="PASS" start="2024-06-19T02:32:15.871218" elapsed="0.000160"/>
</kw>
<kw name="Create List" owner="BuiltIn">
<msg time="2024-06-19T02:32:15.871812" level="INFO">${expected_keys} = ['gender', 'name', 'location', 'email', 'login']</msg>
<var>${expected_keys}</var>
<arg>gender</arg>
<arg>name</arg>
<arg>location</arg>
<arg>email</arg>
<arg>login</arg>
<doc>Returns a list containing given items.</doc>
<status status="PASS" start="2024-06-19T02:32:15.871663" elapsed="0.000173"/>
</kw>
<for flavor="IN">
<iter>
<kw name="Dictionary Should Contain Key" owner="Collections">
<arg>${json_data['results'][0]}</arg>
<arg>${key}</arg>
<doc>Fails if ``key`` is not found from ``dictionary``.</doc>
<status status="PASS" start="2024-06-19T02:32:15.872408" elapsed="0.000404"/>
</kw>
<kw name="Log" owner="BuiltIn">
<msg time="2024-06-19T02:32:15.873352" level="INFO">{'gender': 'female', 'name': {'title': 'Miss', 'first': 'Johanne', 'last': 'Myran'}, 'location': {'street': {'number': 268, 'name': 'Vålerenggata'}, 'city': 'Tyssedal', 'state': 'Sør-Trøndelag', 'country': 'Norway', 'postcode': '6106', 'coordinates': {'latitude': '42.0343', 'longitude': '132.8486'}, 'timezone': {'offset': '+10:00', 'description': 'Eastern Australia, Guam, Vladivostok'}}, 'email': 'johanne.myran@example.com', 'login': {'uuid': '790f0feb-5f61-4895-a49c-f428ffc59c93', 'username': 'silverzebra361', 'password': 'mike123', 'salt': '9AgGLwyq', 'md5': 'cd558ce46f8f2de11b231d7545b62641', 'sha1': '0ea521aa6e6ddf7649634d39821f7ca57ba9af30', 'sha256': '6095729827558b43cbd52c21ffee4835a6224e09f1b1d5d3381ef12b98bbdc37'}, 'dob': {'date': '1953-10-12T04:27:57.912Z', 'age': 70}, 'registered': {'date': '2013-05-28T12:09:09.426Z', 'age': 11}, 'phone': '88357522', 'cell': '40467099', 'id': {'name': 'FN', 'value': '12105313606'}, 'picture': {'large': 'https://randomuser.me/api/portraits/women/92.jpg', 'medium': 'https://randomuser.me/api/portraits/med/women/92.jpg', 'thumbnail': 'https://randomuser.me/api/portraits/thumb/women/92.jpg'}, 'nat': 'NO'}</msg>
<arg>${json_data['results'][0]}</arg>
<doc>Logs the given message with the given level.</doc>
<status status="PASS" start="2024-06-19T02:32:15.872997" elapsed="0.000414"/>
</kw>
<kw name="Log" owner="BuiltIn">
<msg time="2024-06-19T02:32:15.873872" level="INFO">gender</msg>
<arg>${key}</arg>
<doc>Logs the given message with the given level.</doc>
<status status="PASS" start="2024-06-19T02:32:15.873745" elapsed="0.000165"/>
</kw>
<var name="${key}">gender</var>
<status status="PASS" start="2024-06-19T02:32:15.872288" elapsed="0.001840"/>
</iter>
<iter>
<kw name="Dictionary Should Contain Key" owner="Collections">
<arg>${json_data['results'][0]}</arg>
<arg>${key}</arg>
<doc>Fails if ``key`` is not found from ``dictionary``.</doc>
<status status="PASS" start="2024-06-19T02:32:15.874419" elapsed="0.000385"/>
</kw>
<kw name="Log" owner="BuiltIn">
<msg time="2024-06-19T02:32:15.875352" level="INFO">{'gender': 'female', 'name': {'title': 'Miss', 'first': 'Johanne', 'last': 'Myran'}, 'location': {'street': {'number': 268, 'name': 'Vålerenggata'}, 'city': 'Tyssedal', 'state': 'Sør-Trøndelag', 'country': 'Norway', 'postcode': '6106', 'coordinates': {'latitude': '42.0343', 'longitude': '132.8486'}, 'timezone': {'offset': '+10:00', 'description': 'Eastern Australia, Guam, Vladivostok'}}, 'email': 'johanne.myran@example.com', 'login': {'uuid': '790f0feb-5f61-4895-a49c-f428ffc59c93', 'username': 'silverzebra361', 'password': 'mike123', 'salt': '9AgGLwyq', 'md5': 'cd558ce46f8f2de11b231d7545b62641', 'sha1': '0ea521aa6e6ddf7649634d39821f7ca57ba9af30', 'sha256': '6095729827558b43cbd52c21ffee4835a6224e09f1b1d5d3381ef12b98bbdc37'}, 'dob': {'date': '1953-10-12T04:27:57.912Z', 'age': 70}, 'registered': {'date': '2013-05-28T12:09:09.426Z', 'age': 11}, 'phone': '88357522', 'cell': '40467099', 'id': {'name': 'FN', 'value': '12105313606'}, 'picture': {'large': 'https://randomuser.me/api/portraits/women/92.jpg', 'medium': 'https://randomuser.me/api/portraits/med/women/92.jpg', 'thumbnail': 'https://randomuser.me/api/portraits/thumb/women/92.jpg'}, 'nat': 'NO'}</msg>
<arg>${json_data['results'][0]}</arg>
<doc>Logs the given message with the given level.</doc>
<status status="PASS" start="2024-06-19T02:32:15.874999" elapsed="0.000445"/>
</kw>
<kw name="Log" owner="BuiltIn">
<msg time="2024-06-19T02:32:15.875870" level="INFO">name</msg>
<arg>${key}</arg>
<doc>Logs the given message with the given level.</doc>
<status status="PASS" start="2024-06-19T02:32:15.875744" elapsed="0.000163"/>
</kw>
<var name="${key}">name</var>
<status status="PASS" start="2024-06-19T02:32:15.874310" elapsed="0.001824"/>
</iter>
<iter>
<kw name="Dictionary Should Contain Key" owner="Collections">
<arg>${json_data['results'][0]}</arg>
<arg>${key}</arg>
<doc>Fails if ``key`` is not found from ``dictionary``.</doc>
<status status="PASS" start="2024-06-19T02:32:15.876418" elapsed="0.000381"/>
</kw>
<kw name="Log" owner="BuiltIn">
<msg time="2024-06-19T02:32:15.877336" level="INFO">{'gender': 'female', 'name': {'title': 'Miss', 'first': 'Johanne', 'last': 'Myran'}, 'location': {'street': {'number': 268, 'name': 'Vålerenggata'}, 'city': 'Tyssedal', 'state': 'Sør-Trøndelag', 'country': 'Norway', 'postcode': '6106', 'coordinates': {'latitude': '42.0343', 'longitude': '132.8486'}, 'timezone': {'offset': '+10:00', 'description': 'Eastern Australia, Guam, Vladivostok'}}, 'email': 'johanne.myran@example.com', 'login': {'uuid': '790f0feb-5f61-4895-a49c-f428ffc59c93', 'username': 'silverzebra361', 'password': 'mike123', 'salt': '9AgGLwyq', 'md5': 'cd558ce46f8f2de11b231d7545b62641', 'sha1': '0ea521aa6e6ddf7649634d39821f7ca57ba9af30', 'sha256': '6095729827558b43cbd52c21ffee4835a6224e09f1b1d5d3381ef12b98bbdc37'}, 'dob': {'date': '1953-10-12T04:27:57.912Z', 'age': 70}, 'registered': {'date': '2013-05-28T12:09:09.426Z', 'age': 11}, 'phone': '88357522', 'cell': '40467099', 'id': {'name': 'FN', 'value': '12105313606'}, 'picture': {'large': 'https://randomuser.me/api/portraits/women/92.jpg', 'medium': 'https://randomuser.me/api/portraits/med/women/92.jpg', 'thumbnail': 'https://randomuser.me/api/portraits/thumb/women/92.jpg'}, 'nat': 'NO'}</msg>
<arg>${json_data['results'][0]}</arg>
<doc>Logs the given message with the given level.</doc>
<status status="PASS" start="2024-06-19T02:32:15.876980" elapsed="0.000406"/>
</kw>
<kw name="Log" owner="BuiltIn">
<msg time="2024-06-19T02:32:15.877847" level="INFO">location</msg>
<arg>${key}</arg>
<doc>Logs the given message with the given level.</doc>
<status status="PASS" start="2024-06-19T02:32:15.877721" elapsed="0.000163"/>
</kw>
<var name="${key}">location</var>
<status status="PASS" start="2024-06-19T02:32:15.876310" elapsed="0.001790"/>
</iter>
<iter>
<kw name="Dictionary Should Contain Key" owner="Collections">
<arg>${json_data['results'][0]}</arg>
<arg>${key}</arg>
<doc>Fails if ``key`` is not found from ``dictionary``.</doc>
<status status="PASS" start="2024-06-19T02:32:15.878374" elapsed="0.000382"/>
</kw>
<kw name="Log" owner="BuiltIn">
<msg time="2024-06-19T02:32:15.879300" level="INFO">{'gender': 'female', 'name': {'title': 'Miss', 'first': 'Johanne', 'last': 'Myran'}, 'location': {'street': {'number': 268, 'name': 'Vålerenggata'}, 'city': 'Tyssedal', 'state': 'Sør-Trøndelag', 'country': 'Norway', 'postcode': '6106', 'coordinates': {'latitude': '42.0343', 'longitude': '132.8486'}, 'timezone': {'offset': '+10:00', 'description': 'Eastern Australia, Guam, Vladivostok'}}, 'email': 'johanne.myran@example.com', 'login': {'uuid': '790f0feb-5f61-4895-a49c-f428ffc59c93', 'username': 'silverzebra361', 'password': 'mike123', 'salt': '9AgGLwyq', 'md5': 'cd558ce46f8f2de11b231d7545b62641', 'sha1': '0ea521aa6e6ddf7649634d39821f7ca57ba9af30', 'sha256': '6095729827558b43cbd52c21ffee4835a6224e09f1b1d5d3381ef12b98bbdc37'}, 'dob': {'date': '1953-10-12T04:27:57.912Z', 'age': 70}, 'registered': {'date': '2013-05-28T12:09:09.426Z', 'age': 11}, 'phone': '88357522', 'cell': '40467099', 'id': {'name': 'FN', 'value': '12105313606'}, 'picture': {'large': 'https://randomuser.me/api/portraits/women/92.jpg', 'medium': 'https://randomuser.me/api/portraits/med/women/92.jpg', 'thumbnail': 'https://randomuser.me/api/portraits/thumb/women/92.jpg'}, 'nat': 'NO'}</msg>
<arg>${json_data['results'][0]}</arg>
<doc>Logs the given message with the given level.</doc>
<status status="PASS" start="2024-06-19T02:32:15.878940" elapsed="0.000410"/>
</kw>
<kw name="Log" owner="BuiltIn">
<msg time="2024-06-19T02:32:15.879779" level="INFO">email</msg>
<arg>${key}</arg>
<doc>Logs the given message with the given level.</doc>
<status status="PASS" start="2024-06-19T02:32:15.879654" elapsed="0.000163"/>
</kw>
<var name="${key}">email</var>
<status status="PASS" start="2024-06-19T02:32:15.878269" elapsed="0.001759"/>
</iter>
<iter>
<kw name="Dictionary Should Contain Key" owner="Collections">
<arg>${json_data['results'][0]}</arg>
<arg>${key}</arg>
<doc>Fails if ``key`` is not found from ``dictionary``.</doc>
<status status="PASS" start="2024-06-19T02:32:15.880299" elapsed="0.000384"/>
</kw>
<kw name="Log" owner="BuiltIn">
<msg time="2024-06-19T02:32:15.881213" level="INFO">{'gender': 'female', 'name': {'title': 'Miss', 'first': 'Johanne', 'last': 'Myran'}, 'location': {'street': {'number': 268, 'name': 'Vålerenggata'}, 'city': 'Tyssedal', 'state': 'Sør-Trøndelag', 'country': 'Norway', 'postcode': '6106', 'coordinates': {'latitude': '42.0343', 'longitude': '132.8486'}, 'timezone': {'offset': '+10:00', 'description': 'Eastern Australia, Guam, Vladivostok'}}, 'email': 'johanne.myran@example.com', 'login': {'uuid': '790f0feb-5f61-4895-a49c-f428ffc59c93', 'username': 'silverzebra361', 'password': 'mike123', 'salt': '9AgGLwyq', 'md5': 'cd558ce46f8f2de11b231d7545b62641', 'sha1': '0ea521aa6e6ddf7649634d39821f7ca57ba9af30', 'sha256': '6095729827558b43cbd52c21ffee4835a6224e09f1b1d5d3381ef12b98bbdc37'}, 'dob': {'date': '1953-10-12T04:27:57.912Z', 'age': 70}, 'registered': {'date': '2013-05-28T12:09:09.426Z', 'age': 11}, 'phone': '88357522', 'cell': '40467099', 'id': {'name': 'FN', 'value': '12105313606'}, 'picture': {'large': 'https://randomuser.me/api/portraits/women/92.jpg', 'medium': 'https://randomuser.me/api/portraits/med/women/92.jpg', 'thumbnail': 'https://randomuser.me/api/portraits/thumb/women/92.jpg'}, 'nat': 'NO'}</msg>
<arg>${json_data['results'][0]}</arg>
<doc>Logs the given message with the given level.</doc>
<status status="PASS" start="2024-06-19T02:32:15.880865" elapsed="0.000397"/>
</kw>
<kw name="Log" owner="BuiltIn">
<msg time="2024-06-19T02:32:15.881804" level="INFO">login</msg>
<arg>${key}</arg>
<doc>Logs the given message with the given level.</doc>
<status status="PASS" start="2024-06-19T02:32:15.881578" elapsed="0.000265"/>
</kw>
<var name="${key}">login</var>
<status status="PASS" start="2024-06-19T02:32:15.880195" elapsed="0.001864"/>
</iter>
<var>${key}</var>
<value>@{expected_keys}</value>
<status status="PASS" start="2024-06-19T02:32:15.872108" elapsed="0.010071"/>
</for>
<kw name="Create List" owner="BuiltIn">
<msg time="2024-06-19T02:32:15.882500" level="INFO">${expected_keysTwo} = ['username', 'password']</msg>
<var>${expected_keysTwo}</var>
<arg>username</arg>
<arg>password</arg>
<doc>Returns a list containing given items.</doc>
<status status="PASS" start="2024-06-19T02:32:15.882367" elapsed="0.000184"/>
</kw>
<for flavor="IN">
<iter>
<kw name="Dictionary Should Contain Key" owner="Collections">
<arg>${json_data['results'][0]['login']}</arg>
<arg>${keyTwo}</arg>
<doc>Fails if ``key`` is not found from ``dictionary``.</doc>
<status status="PASS" start="2024-06-19T02:32:15.883049" elapsed="0.000390"/>
</kw>
<kw name="Dictionary Should Contain Key" owner="Collections">
<arg>${json_data['results'][0]['login']}</arg>
<arg>${keyTwo}</arg>
<doc>Fails if ``key`` is not found from ``dictionary``.</doc>
<status status="PASS" start="2024-06-19T02:32:15.883617" elapsed="0.000371"/>
</kw>
<kw name="Log" owner="BuiltIn">
<msg time="2024-06-19T02:32:15.884286" level="INFO">username</msg>
<arg>${keyTwo}</arg>
<doc>Logs the given message with the given level.</doc>
<status status="PASS" start="2024-06-19T02:32:15.884166" elapsed="0.000156"/>
</kw>
<var name="${keyTwo}">username</var>
<status status="PASS" start="2024-06-19T02:32:15.882939" elapsed="0.001600"/>
</iter>
<iter>
<kw name="Dictionary Should Contain Key" owner="Collections">
<arg>${json_data['results'][0]['login']}</arg>
<arg>${keyTwo}</arg>
<doc>Fails if ``key`` is not found from ``dictionary``.</doc>
<status status="PASS" start="2024-06-19T02:32:15.884811" elapsed="0.000373"/>
</kw>
<kw name="Dictionary Should Contain Key" owner="Collections">
<arg>${json_data['results'][0]['login']}</arg>
<arg>${keyTwo}</arg>
<doc>Fails if ``key`` is not found from ``dictionary``.</doc>
<status status="PASS" start="2024-06-19T02:32:15.885363" elapsed="0.000430"/>
</kw>
<kw name="Log" owner="BuiltIn">
<msg time="2024-06-19T02:32:15.886101" level="INFO">password</msg>
<arg>${keyTwo}</arg>
<doc>Logs the given message with the given level.</doc>
<status status="PASS" start="2024-06-19T02:32:15.885975" elapsed="0.000163"/>
</kw>
<var name="${keyTwo}">password</var>
<status status="PASS" start="2024-06-19T02:32:15.884708" elapsed="0.001649"/>
</iter>
<var>${keyTwo}</var>
<value>@{expected_keysTwo}</value>
<status status="PASS" start="2024-06-19T02:32:15.882792" elapsed="0.003688"/>
</for>
<status status="PASS" start="2024-06-19T02:32:15.779879" elapsed="0.106736"/>
</kw>
<doc>Testa a estrutura da resposta da API.</doc>
<tag>testeEstruturaResposta</tag>
<status status="PASS" start="2024-06-19T02:32:15.779260" elapsed="0.107501"/>
</test>
<test id="s1-s1-t4" name="Validar tipos de dados" line="28">
<kw name="Teste de Tipos de Dados" owner="random-user-service">
<kw name="GET On Session" owner="RequestsLibrary">
<msg time="2024-06-19T02:32:15.987825" level="INFO">GET Request : url=https://randomuser.me/api 
 path_url=/api 
 headers={'User-Agent': 'python-requests/2.32.3', 'Accept-Encoding': 'gzip, deflate', 'Accept': '*/*', 'Connection': 'keep-alive'} 
 body=None 
 </msg>
<msg time="2024-06-19T02:32:15.987889" level="INFO">GET Response : url=https://randomuser.me/api 
 status=200, reason=OK 
 headers={'Date': 'Wed, 19 Jun 2024 02:32:15 GMT', 'Content-Type': 'application/json; charset=utf-8', 'Transfer-Encoding': 'chunked', 'Connection': 'keep-alive', 'X-Powered-By': 'Express', 'Access-Control-Allow-Origin': '*', 'Cache-Control': 'no-cache', 'ETag': 'W/"49b-ok6Gyz5WCX2XiPn2T+Gb0qYoxhs"', 'Vary': 'Accept-Encoding', 'Content-Encoding': 'gzip', 'CF-Cache-Status': 'DYNAMIC', 'Report-To': '{"endpoints":[{"url":"https:\\/\\/a.nel.cloudflare.com\\/report\\/v4?s=bSJRRhK0QmRpBywXTl8rO575nugvbFo3ZtkvtalZPeBuyjw24q8RL30cwnhgCrYvQyGcDsb105nyqgeI6yKPx5TKyVueAIvmFPc0puaaFH6So93RvYecIYbtMvodLbd5"}],"group":"cf-nel","max_age":604800}', 'NEL': '{"success_fraction":0,"report_to":"cf-nel","max_age":604800}', 'Server': 'cloudflare', 'CF-RAY': '89601b8b487115d6-SJC', 'alt-svc': 'h3=":443"; ma=86400'} 
 body={"results":[{"gender":"female","name":{"title":"Ms","first":"Estefanía","last":"Holguín"},"location":{"street":{"number":5994,"name":"Prolongación Libia"},"city":"Colonia La Puerta","state":"Sonora","country":"Mexico","postcode":83232,"coordinates":{"latitude":"28.9443","longitude":"42.1469"},"timezone":{"offset":"-3:30","description":"Newfoundland"}},"email":"estefania.holguin@example.com","login":{"uuid":"56a59e2c-d83e-46c8-91e2-0889967d9514","username":"blackbear604","password":"twilight","salt":"Fo6AVHgh","md5":"2a35c0d82626cf95614cee6d88662138","sha1":"df3362c915677c79d8de7f411ec96505907b51d2","sha256":"cab67895dfbc3773a565325afa73a1811c9f9e3c5c6aa700b0ae405b924fae7c"},"dob":{"date":"1974-07-20T21:09:02.327Z","age":49},"registered":{"date":"2013-11-16T23:06:00.246Z","age":10},"phone":"(634) 863 1352","cell":"(630) 998 9177","id":{"name":"NSS","value":"01 62 76 1110 2"},"picture":{"large":"https://randomuser.me/api/portraits/women/54.jpg","medium":"https://randomuser.me/api/portraits/med/women/54.jpg","thumbnail":"https://randomuser.me/api/portraits/thumb/women/54.jpg"},"nat":"MX"}],"info":{"seed":"a280ac3bc5f86c41","results":1,"page":1,"version":"1.4"}} 
 </msg>
<msg time="2024-06-19T02:32:15.987946" level="INFO">/opt/hostedtoolcache/Python/3.12.4/x64/lib/python3.12/site-packages/urllib3/connectionpool.py:1099: InsecureRequestWarning: Unverified HTTPS request is being made to host 'randomuser.me'. Adding certificate verification is strongly advised. See: https://urllib3.readthedocs.io/en/latest/advanced-usage.html#tls-warnings
  warnings.warn(</msg>
<msg time="2024-06-19T02:32:15.988051" level="INFO">${response} = &lt;Response [200]&gt;</msg>
<var>${response}</var>
<arg>consultarAPI</arg>
<arg>/api</arg>
<doc>Sends a GET request on a previously created HTTP Session.</doc>
<status status="PASS" start="2024-06-19T02:32:15.889117" elapsed="0.098971"/>
</kw>
<kw name="Set Variable" owner="BuiltIn">
<msg time="2024-06-19T02:32:15.989041" level="INFO">${json_data} = {'results': [{'gender': 'female', 'name': {'title': 'Ms', 'first': 'Estefanía', 'last': 'Holguín'}, 'location': {'street': {'number': 5994, 'name': 'Prolongación Libia'}, 'city': 'Colonia La Puerta', ...</msg>
<var>${json_data}</var>
<arg>${response.json()}</arg>
<doc>Returns the given values which can then be assigned to a variables.</doc>
<status status="PASS" start="2024-06-19T02:32:15.988525" elapsed="0.000546"/>
</kw>
<kw name="Log" owner="BuiltIn">
<msg time="2024-06-19T02:32:15.989576" level="INFO">{'results': [{'gender': 'female', 'name': {'title': 'Ms', 'first': 'Estefanía', 'last': 'Holguín'}, 'location': {'street': {'number': 5994, 'name': 'Prolongación Libia'}, 'city': 'Colonia La Puerta', 'state': 'Sonora', 'country': 'Mexico', 'postcode': 83232, 'coordinates': {'latitude': '28.9443', 'longitude': '42.1469'}, 'timezone': {'offset': '-3:30', 'description': 'Newfoundland'}}, 'email': 'estefania.holguin@example.com', 'login': {'uuid': '56a59e2c-d83e-46c8-91e2-0889967d9514', 'username': 'blackbear604', 'password': 'twilight', 'salt': 'Fo6AVHgh', 'md5': '2a35c0d82626cf95614cee6d88662138', 'sha1': 'df3362c915677c79d8de7f411ec96505907b51d2', 'sha256': 'cab67895dfbc3773a565325afa73a1811c9f9e3c5c6aa700b0ae405b924fae7c'}, 'dob': {'date': '1974-07-20T21:09:02.327Z', 'age': 49}, 'registered': {'date': '2013-11-16T23:06:00.246Z', 'age': 10}, 'phone': '(634) 863 1352', 'cell': '(630) 998 9177', 'id': {'name': 'NSS', 'value': '01 62 76 1110 2'}, 'picture': {'large': 'https://randomuser.me/api/portraits/women/54.jpg', 'medium': 'https://randomuser.me/api/portraits/med/women/54.jpg', 'thumbnail': 'https://randomuser.me/api/portraits/thumb/women/54.jpg'}, 'nat': 'MX'}], 'info': {'seed': 'a280ac3bc5f86c41', 'results': 1, 'page': 1, 'version': '1.4'}}</msg>
<arg>${json_data}</arg>
<doc>Logs the given message with the given level.</doc>
<status status="PASS" start="2024-06-19T02:32:15.989377" elapsed="0.000261"/>
</kw>
<kw name="Should Be String" owner="String">
<arg>${json_data['results'][0]['gender']}</arg>
<doc>Fails if the given ``item`` is not a string.</doc>
<status status="PASS" start="2024-06-19T02:32:15.989934" elapsed="0.000371"/>
</kw>
<kw name="Should Match Regexp" owner="BuiltIn">
<arg>${json_data['results'][0]['email']}</arg>
<arg>^[a-zA-Z0-9._%+-]+@[a-zA-Z0-9.-]+\.[a-zA-Z]{2,}$</arg>
<doc>Fails if ``string`` does not match ``pattern`` as a regular expression.</doc>
<status status="PASS" start="2024-06-19T02:32:15.990490" elapsed="0.000546"/>
</kw>
<kw name="Should Match Regexp" owner="BuiltIn">
<arg>${json_data['results'][0]['dob']['date']}</arg>
<arg>\\d{4}-\\d{2}-\\d{2}T\\d{2}:\\d{2}:\\d{2}\\.\\d{3}Z</arg>
<doc>Fails if ``string`` does not match ``pattern`` as a regular expression.</doc>
<status status="PASS" start="2024-06-19T02:32:15.991229" elapsed="0.000487"/>
</kw>
<kw name="Should Match Regexp" owner="BuiltIn">
<arg>${json_data['results'][0]['registered']['date']}</arg>
<arg>\\d{4}-\\d{2}-\\d{2}T\\d{2}:\\d{2}:\\d{2}\\.\\d{3}Z</arg>
<doc>Fails if ``string`` does not match ``pattern`` as a regular expression.</doc>
<status status="PASS" start="2024-06-19T02:32:15.991905" elapsed="0.000370"/>
</kw>
<kw name="Should Match Regexp" owner="BuiltIn">
<arg>${json_data['results'][0]['picture']['large']}</arg>
<arg>^https?://.*\.(?:png|jpe?g|gif|bmp)$</arg>
<doc>Fails if ``string`` does not match ``pattern`` as a regular expression.</doc>
<status status="PASS" start="2024-06-19T02:32:15.992459" elapsed="0.000481"/>
</kw>
<kw name="Should Match Regexp" owner="BuiltIn">
<arg>${json_data['results'][0]['picture']['medium']}</arg>
<arg>^https?://.*\.(?:png|jpe?g|gif|bmp)$</arg>
<doc>Fails if ``string`` does not match ``pattern`` as a regular expression.</doc>
<status status="PASS" start="2024-06-19T02:32:15.993123" elapsed="0.000381"/>
</kw>
<kw name="Should Match Regexp" owner="BuiltIn">
<arg>${json_data['results'][0]['picture']['thumbnail']}</arg>
<arg>^https?://.*\.(?:png|jpe?g|gif|bmp)$</arg>
<doc>Fails if ``string`` does not match ``pattern`` as a regular expression.</doc>
<status status="PASS" start="2024-06-19T02:32:15.993696" elapsed="0.000360"/>
</kw>
<kw name="Log" owner="BuiltIn">
<msg time="2024-06-19T02:32:15.994567" level="INFO">{'large': 'https://randomuser.me/api/portraits/women/54.jpg', 'medium': 'https://randomuser.me/api/portraits/med/women/54.jpg', 'thumbnail': 'https://randomuser.me/api/portraits/thumb/women/54.jpg'}</msg>
<arg>${json_data['results'][0]['picture']}</arg>
<doc>Logs the given message with the given level.</doc>
<status status="PASS" start="2024-06-19T02:32:15.994238" elapsed="0.000371"/>
</kw>
<status status="PASS" start="2024-06-19T02:32:15.888902" elapsed="0.105958"/>
</kw>
<kw name="Teste de Tipos de Dados - Postcode" owner="random-user-service">
<kw name="GET On Session" owner="RequestsLibrary">
<msg time="2024-06-19T02:32:16.084764" level="INFO">GET Request : url=https://randomuser.me/api 
 path_url=/api 
 headers={'User-Agent': 'python-requests/2.32.3', 'Accept-Encoding': 'gzip, deflate', 'Accept': '*/*', 'Connection': 'keep-alive'} 
 body=None 
 </msg>
<msg time="2024-06-19T02:32:16.084850" level="INFO">GET Response : url=https://randomuser.me/api 
 status=200, reason=OK 
 headers={'Date': 'Wed, 19 Jun 2024 02:32:16 GMT', 'Content-Type': 'application/json; charset=utf-8', 'Transfer-Encoding': 'chunked', 'Connection': 'keep-alive', 'X-Powered-By': 'Express', 'Access-Control-Allow-Origin': '*', 'Cache-Control': 'no-cache', 'ETag': 'W/"48c-p0NTsji8l5eWb0yMbiQbkNHYw5k"', 'Vary': 'Accept-Encoding', 'Content-Encoding': 'gzip', 'CF-Cache-Status': 'DYNAMIC', 'Report-To': '{"endpoints":[{"url":"https:\\/\\/a.nel.cloudflare.com\\/report\\/v4?s=vOJulFBPmIUGX4OIKfd467GIRR4qWoOh9GwA%2FT2AeLShKeNSyDltkubyn1iicwmdELw7WNXWiStbvOPYkm4FwumukCyTm20Npg6zpwwU0p2YXM9ppDYI7MYwsGh369X3"}],"group":"cf-nel","max_age":604800}', 'NEL': '{"success_fraction":0,"report_to":"cf-nel","max_age":604800}', 'Server': 'cloudflare', 'CF-RAY': '89601b8bf90415d6-SJC', 'alt-svc': 'h3=":443"; ma=86400'} 
 body={"results":[{"gender":"female","name":{"title":"Ms","first":"Mestan","last":"Aşıkoğlu"},"location":{"street":{"number":5169,"name":"Anafartalar Cd"},"city":"Denizli","state":"Aksaray","country":"Turkey","postcode":69771,"coordinates":{"latitude":"68.8285","longitude":"164.2569"},"timezone":{"offset":"-1:00","description":"Azores, Cape Verde Islands"}},"email":"mestan.asikoglu@example.com","login":{"uuid":"92f6813d-a053-477d-add0-3334945c7545","username":"angryelephant288","password":"success","salt":"cwoEE26Z","md5":"af833e4e5fef00ae9331e79dbdfaadbd","sha1":"6536e80457fcebfa95827ec56beb3d566dc2c4fd","sha256":"7e59e77d7ebd56cb034768a640c4c736c3fcbde9fdcd008fc0298940316f26d1"},"dob":{"date":"1956-04-02T16:58:24.833Z","age":68},"registered":{"date":"2007-07-11T09:33:46.171Z","age":16},"phone":"(337)-433-3386","cell":"(131)-393-7298","id":{"name":"","value":null},"picture":{"large":"https://randomuser.me/api/portraits/women/55.jpg","medium":"https://randomuser.me/api/portraits/med/women/55.jpg","thumbnail":"https://randomuser.me/api/portraits/thumb/women/55.jpg"},"nat":"TR"}],"info":{"seed":"279b0d0300b255fa","results":1,"page":1,"version":"1.4"}} 
 </msg>
<msg time="2024-06-19T02:32:16.084921" level="INFO">/opt/hostedtoolcache/Python/3.12.4/x64/lib/python3.12/site-packages/urllib3/connectionpool.py:1099: InsecureRequestWarning: Unverified HTTPS request is being made to host 'randomuser.me'. Adding certificate verification is strongly advised. See: https://urllib3.readthedocs.io/en/latest/advanced-usage.html#tls-warnings
  warnings.warn(</msg>
<msg time="2024-06-19T02:32:16.085008" level="INFO">${response} = &lt;Response [200]&gt;</msg>
<var>${response}</var>
<arg>consultarAPI</arg>
<arg>/api</arg>
<doc>Sends a GET request on a previously created HTTP Session.</doc>
<status status="PASS" start="2024-06-19T02:32:15.995284" elapsed="0.089755"/>
</kw>
<kw name="Set Variable" owner="BuiltIn">
<msg time="2024-06-19T02:32:16.085891" level="INFO">${json_data} = {'results': [{'gender': 'female', 'name': {'title': 'Ms', 'first': 'Mestan', 'last': 'Aşıkoğlu'}, 'location': {'street': {'number': 5169, 'name': 'Anafartalar Cd'}, 'city': 'Denizli', 'state': 'Aksara...</msg>
<var>${json_data}</var>
<arg>${response.json()}</arg>
<doc>Returns the given values which can then be assigned to a variables.</doc>
<status status="PASS" start="2024-06-19T02:32:16.085411" elapsed="0.000511"/>
</kw>
<kw name="Log" owner="BuiltIn">
<msg time="2024-06-19T02:32:16.086401" level="INFO">{'results': [{'gender': 'female', 'name': {'title': 'Ms', 'first': 'Mestan', 'last': 'Aşıkoğlu'}, 'location': {'street': {'number': 5169, 'name': 'Anafartalar Cd'}, 'city': 'Denizli', 'state': 'Aksaray', 'country': 'Turkey', 'postcode': 69771, 'coordinates': {'latitude': '68.8285', 'longitude': '164.2569'}, 'timezone': {'offset': '-1:00', 'description': 'Azores, Cape Verde Islands'}}, 'email': 'mestan.asikoglu@example.com', 'login': {'uuid': '92f6813d-a053-477d-add0-3334945c7545', 'username': 'angryelephant288', 'password': 'success', 'salt': 'cwoEE26Z', 'md5': 'af833e4e5fef00ae9331e79dbdfaadbd', 'sha1': '6536e80457fcebfa95827ec56beb3d566dc2c4fd', 'sha256': '7e59e77d7ebd56cb034768a640c4c736c3fcbde9fdcd008fc0298940316f26d1'}, 'dob': {'date': '1956-04-02T16:58:24.833Z', 'age': 68}, 'registered': {'date': '2007-07-11T09:33:46.171Z', 'age': 16}, 'phone': '(337)-433-3386', 'cell': '(131)-393-7298', 'id': {'name': '', 'value': None}, 'picture': {'large': 'https://randomuser.me/api/portraits/women/55.jpg', 'medium': 'https://randomuser.me/api/portraits/med/women/55.jpg', 'thumbnail': 'https://randomuser.me/api/portraits/thumb/women/55.jpg'}, 'nat': 'TR'}], 'info': {'seed': '279b0d0300b255fa', 'results': 1, 'page': 1, 'version': '1.4'}}</msg>
<arg>${json_data}</arg>
<doc>Logs the given message with the given level.</doc>
<status status="PASS" start="2024-06-19T02:32:16.086228" elapsed="0.000221"/>
</kw>
<kw name="Should Be Equal As Numbers" owner="BuiltIn">
<arg>${json_data['results'][0]['location']['postcode']}</arg>
<arg>${json_data['results'][0]['location']['postcode']}</arg>
<doc>Fails if objects are unequal after converting them to real numbers.</doc>
<status status="PASS" start="2024-06-19T02:32:16.086737" elapsed="0.000615"/>
</kw>
<kw name="Log" owner="BuiltIn">
<msg time="2024-06-19T02:32:16.087870" level="INFO">69771</msg>
<arg>${json_data['results'][0]['location']['postcode']}</arg>
<doc>Logs the given message with the given level.</doc>
<status status="PASS" start="2024-06-19T02:32:16.087536" elapsed="0.000408"/>
</kw>
<status status="PASS" start="2024-06-19T02:32:15.995066" elapsed="0.093128"/>
</kw>
<doc>Testa se os tipos de dados na resposta da API estão corretos.</doc>
<tag>testeTiposDados</tag>
<status status="PASS" start="2024-06-19T02:32:15.888480" elapsed="0.199869"/>
</test>
<test id="s1-s1-t5" name="Validar conteudo" line="35">
<kw name="Teste de Tipos de Conteudo" owner="random-user-service">
<kw name="GET On Session" owner="RequestsLibrary">
<msg time="2024-06-19T02:32:16.178886" level="INFO">GET Request : url=https://randomuser.me/api 
 path_url=/api 
 headers={'User-Agent': 'python-requests/2.32.3', 'Accept-Encoding': 'gzip, deflate', 'Accept': '*/*', 'Connection': 'keep-alive'} 
 body=None 
 </msg>
<msg time="2024-06-19T02:32:16.178970" level="INFO">GET Response : url=https://randomuser.me/api 
 status=200, reason=OK 
 headers={'Date': 'Wed, 19 Jun 2024 02:32:16 GMT', 'Content-Type': 'application/json; charset=utf-8', 'Transfer-Encoding': 'chunked', 'Connection': 'keep-alive', 'X-Powered-By': 'Express', 'Access-Control-Allow-Origin': '*', 'Cache-Control': 'no-cache', 'ETag': 'W/"485-2buOmCGeA6JACKIeZx4oyuQsSio"', 'Vary': 'Accept-Encoding', 'Content-Encoding': 'gzip', 'CF-Cache-Status': 'DYNAMIC', 'Report-To': '{"endpoints":[{"url":"https:\\/\\/a.nel.cloudflare.com\\/report\\/v4?s=RvfQqgscEIcMP8JnCmsUhgfrVD3AFYk7r%2FNBzPN%2BJTpQ6LtvIlPGk7h5yhsm1PzTkES4w%2Bf4%2Bg8%2FLOE7aeOX0PX4%2BNRCZVHfD00msaDrChLLC%2BBmRqRmzUqH3VsdEc8D"}],"group":"cf-nel","max_age":604800}', 'NEL': '{"success_fraction":0,"report_to":"cf-nel","max_age":604800}', 'Server': 'cloudflare', 'CF-RAY': '89601b8c897315d6-SJC', 'alt-svc': 'h3=":443"; ma=86400'} 
 body={"results":[{"gender":"male","name":{"title":"Mr","first":"Mads","last":"Lossius"},"location":{"street":{"number":4888,"name":"Danmarks gate"},"city":"Sørvågen","state":"Troms - Romsa","country":"Norway","postcode":"3021","coordinates":{"latitude":"41.5942","longitude":"-128.2459"},"timezone":{"offset":"-3:00","description":"Brazil, Buenos Aires, Georgetown"}},"email":"mads.lossius@example.com","login":{"uuid":"88572dda-bcc1-4016-be5e-0824795088e0","username":"goldentiger141","password":"thor","salt":"SWYgcez9","md5":"76f60dea574f7be8a7cc86518c0db6ae","sha1":"40e023d51af8758f39f4d12978d953623525e94e","sha256":"4c69be76c586dc08489bb15dab2d05bb8e228862eaaa8b96cf921ac936e6b466"},"dob":{"date":"1974-03-16T04:20:19.456Z","age":50},"registered":{"date":"2005-02-09T01:40:48.403Z","age":19},"phone":"55305580","cell":"44836167","id":{"name":"FN","value":"16037425382"},"picture":{"large":"https://randomuser.me/api/portraits/men/28.jpg","medium":"https://randomuser.me/api/portraits/med/men/28.jpg","thumbnail":"https://randomuser.me/api/portraits/thumb/men/28.jpg"},"nat":"NO"}],"info":{"seed":"958ebd9693fc41e4","results":1,"page":1,"version":"1.4"}} 
 </msg>
<msg time="2024-06-19T02:32:16.179043" level="INFO">/opt/hostedtoolcache/Python/3.12.4/x64/lib/python3.12/site-packages/urllib3/connectionpool.py:1099: InsecureRequestWarning: Unverified HTTPS request is being made to host 'randomuser.me'. Adding certificate verification is strongly advised. See: https://urllib3.readthedocs.io/en/latest/advanced-usage.html#tls-warnings
  warnings.warn(</msg>
<msg time="2024-06-19T02:32:16.179156" level="INFO">${response} = &lt;Response [200]&gt;</msg>
<var>${response}</var>
<arg>consultarAPI</arg>
<arg>/api</arg>
<doc>Sends a GET request on a previously created HTTP Session.</doc>
<status status="PASS" start="2024-06-19T02:32:16.090771" elapsed="0.088426"/>
</kw>
<kw name="Set Variable" owner="BuiltIn">
<msg time="2024-06-19T02:32:16.180183" level="INFO">${json_data} = {'results': [{'gender': 'male', 'name': {'title': 'Mr', 'first': 'Mads', 'last': 'Lossius'}, 'location': {'street': {'number': 4888, 'name': 'Danmarks gate'}, 'city': 'Sørvågen', 'state': 'Troms - Rom...</msg>
<var>${json_data}</var>
<arg>${response.json()}</arg>
<doc>Returns the given values which can then be assigned to a variables.</doc>
<status status="PASS" start="2024-06-19T02:32:16.179681" elapsed="0.000531"/>
</kw>
<kw name="Set Variable" owner="BuiltIn">
<msg time="2024-06-19T02:32:16.180901" level="INFO">${name_title} = Mr</msg>
<var>${name_title}</var>
<arg>${json_data["results"][0]["name"]["title"]}</arg>
<doc>Returns the given values which can then be assigned to a variables.</doc>
<status status="PASS" start="2024-06-19T02:32:16.180516" elapsed="0.000412"/>
</kw>
<kw name="Create List" owner="BuiltIn">
<msg time="2024-06-19T02:32:16.181371" level="INFO">${allowed_titles} = ['Mr', 'Ms', 'Miss', 'Mrs', 'Madame', 'Monsieur']</msg>
<var>${allowed_titles}</var>
<arg>Mr</arg>
<arg>Ms</arg>
<arg>Miss</arg>
<arg>Mrs</arg>
<arg>Madame</arg>
<arg>Monsieur</arg>
<doc>Returns a list containing given items.</doc>
<status status="PASS" start="2024-06-19T02:32:16.181226" elapsed="0.000169"/>
</kw>
<kw name="List Should Contain Value" owner="Collections">
<arg>${allowed_titles}</arg>
<arg>${name_title}</arg>
<doc>Fails if the ``value`` is not found from ``list``.</doc>
<status status="PASS" start="2024-06-19T02:32:16.181743" elapsed="0.000170"/>
</kw>
<kw name="Set Variable" owner="BuiltIn">
<msg time="2024-06-19T02:32:16.182455" level="INFO">${name_country} = NO</msg>
<var>${name_country}</var>
<arg>${json_data["results"][0]["nat"]}</arg>
<doc>Returns the given values which can then be assigned to a variables.</doc>
<status status="PASS" start="2024-06-19T02:32:16.182090" elapsed="0.000390"/>
</kw>
<kw name="Create List" owner="BuiltIn">
<msg time="2024-06-19T02:32:16.183365" level="INFO">${list_country} = ['AD', 'AE', 'AF', 'AG', 'AI', 'AL', 'AM', 'AO', 'AQ', 'AR', 'AS', 'AT', 'AU', 'AW', 'AX', 'AZ', 'BA', 'BB', 'BD', 'BE', 'BF', 'BG', 'BH', 'BI', 'BJ', 'BL', 'BM', 'BN', 'BO', 'BQ', 'BR', 'BS', 'BT', '...</msg>
<var>${list_country}</var>
<arg>AD</arg>
<arg>AE</arg>
<arg>AF</arg>
<arg>AG</arg>
<arg>AI</arg>
<arg>AL</arg>
<arg>AM</arg>
<arg>AO</arg>
<arg>AQ</arg>
<arg>AR</arg>
<arg>AS</arg>
<arg>AT</arg>
<arg>AU</arg>
<arg>AW</arg>
<arg>AX</arg>
<arg>AZ</arg>
<arg>BA</arg>
<arg>BB</arg>
<arg>BD</arg>
<arg>BE</arg>
<arg>BF</arg>
<arg>BG</arg>
<arg>BH</arg>
<arg>BI</arg>
<arg>BJ</arg>
<arg>BL</arg>
<arg>BM</arg>
<arg>BN</arg>
<arg>BO</arg>
<arg>BQ</arg>
<arg>BR</arg>
<arg>BS</arg>
<arg>BT</arg>
<arg>BV</arg>
<arg>BW</arg>
<arg>BY</arg>
<arg>BZ</arg>
<arg>CA</arg>
<arg>CC</arg>
<arg>CD</arg>
<arg>CF</arg>
<arg>CG</arg>
<arg>CH</arg>
<arg>CI</arg>
<arg>CK</arg>
<arg>CL</arg>
<arg>CM</arg>
<arg>CN</arg>
<arg>CO</arg>
<arg>CR</arg>
<arg>CU</arg>
<arg>CV</arg>
<arg>CW</arg>
<arg>CX</arg>
<arg>CY</arg>
<arg>CZ</arg>
<arg>DE</arg>
<arg>DJ</arg>
<arg>DK</arg>
<arg>DM</arg>
<arg>DO</arg>
<arg>DZ</arg>
<arg>EC</arg>
<arg>EE</arg>
<arg>EG</arg>
<arg>EH</arg>
<arg>ER</arg>
<arg>ES</arg>
<arg>ET</arg>
<arg>FI</arg>
<arg>FJ</arg>
<arg>FK</arg>
<arg>FM</arg>
<arg>FO</arg>
<arg>FR</arg>
<arg>GA</arg>
<arg>GB</arg>
<arg>GD</arg>
<arg>GE</arg>
<arg>GF</arg>
<arg>GG</arg>
<arg>GH</arg>
<arg>GI</arg>
<arg>GL</arg>
<arg>GM</arg>
<arg>GN</arg>
<arg>GP</arg>
<arg>GQ</arg>
<arg>GR</arg>
<arg>GS</arg>
<arg>GT</arg>
<arg>GU</arg>
<arg>GW</arg>
<arg>GY</arg>
<arg>HK</arg>
<arg>HM</arg>
<arg>HN</arg>
<arg>HR</arg>
<arg>HT</arg>
<arg>HU</arg>
<arg>ID</arg>
<arg>IE</arg>
<arg>IL</arg>
<arg>IM</arg>
<arg>IN</arg>
<arg>IO</arg>
<arg>IQ</arg>
<arg>IR</arg>
<arg>IS</arg>
<arg>IT</arg>
<arg>JE</arg>
<arg>JM</arg>
<arg>JO</arg>
<arg>JP</arg>
<arg>KE</arg>
<arg>KG</arg>
<arg>KH</arg>
<arg>KI</arg>
<arg>KM</arg>
<arg>KN</arg>
<arg>KP</arg>
<arg>KR</arg>
<arg>KW</arg>
<arg>KY</arg>
<arg>KZ</arg>
<arg>LA</arg>
<arg>LB</arg>
<arg>LC</arg>
<arg>LI</arg>
<arg>LK</arg>
<arg>LR</arg>
<arg>LS</arg>
<arg>LT</arg>
<arg>LU</arg>
<arg>LV</arg>
<arg>LY</arg>
<arg>MA</arg>
<arg>MC</arg>
<arg>MD</arg>
<arg>ME</arg>
<arg>MF</arg>
<arg>MG</arg>
<arg>MH</arg>
<arg>MK</arg>
<arg>ML</arg>
<arg>MM</arg>
<arg>MN</arg>
<arg>MO</arg>
<arg>MP</arg>
<arg>MQ</arg>
<arg>MR</arg>
<arg>MS</arg>
<arg>MT</arg>
<arg>MU</arg>
<arg>MV</arg>
<arg>MW</arg>
<arg>MX</arg>
<arg>MY</arg>
<arg>MZ</arg>
<arg>NA</arg>
<arg>NC</arg>
<arg>NE</arg>
<arg>NF</arg>
<arg>NG</arg>
<arg>NI</arg>
<arg>NL</arg>
<arg>NO</arg>
<arg>NP</arg>
<arg>NR</arg>
<arg>NU</arg>
<arg>NZ</arg>
<arg>OM</arg>
<arg>PA</arg>
<arg>PE</arg>
<arg>PF</arg>
<arg>PG</arg>
<arg>PH</arg>
<arg>PK</arg>
<arg>PL</arg>
<arg>PM</arg>
<arg>PN</arg>
<arg>PR</arg>
<arg>PS</arg>
<arg>PT</arg>
<arg>PW</arg>
<arg>PY</arg>
<arg>QA</arg>
<arg>RE</arg>
<arg>RO</arg>
<arg>RS</arg>
<arg>RU</arg>
<arg>RW</arg>
<arg>SA</arg>
<arg>SB</arg>
<arg>SC</arg>
<arg>SD</arg>
<arg>SE</arg>
<arg>SG</arg>
<arg>SH</arg>
<arg>SI</arg>
<arg>SJ</arg>
<arg>SK</arg>
<arg>SL</arg>
<arg>SM</arg>
<arg>SN</arg>
<arg>SO</arg>
<arg>SR</arg>
<arg>SS</arg>
<arg>ST</arg>
<arg>SV</arg>
<arg>SX</arg>
<arg>SY</arg>
<arg>SZ</arg>
<arg>TC</arg>
<arg>TD</arg>
<arg>TF</arg>
<arg>TG</arg>
<arg>TH</arg>
<arg>TJ</arg>
<arg>TK</arg>
<arg>TL</arg>
<arg>TM</arg>
<arg>TN</arg>
<arg>TO</arg>
<arg>TR</arg>
<arg>TT</arg>
<arg>TV</arg>
<arg>TW</arg>
<arg>TZ</arg>
<arg>UA</arg>
<arg>UG</arg>
<arg>UM</arg>
<arg>US</arg>
<arg>UY</arg>
<arg>UZ</arg>
<arg>VA</arg>
<arg>VC</arg>
<arg>VE</arg>
<arg>VG</arg>
<arg>VI</arg>
<arg>VN</arg>
<arg>VU</arg>
<arg>WF</arg>
<arg>WS</arg>
<arg>XK</arg>
<arg>YE</arg>
<arg>YT</arg>
<arg>ZA</arg>
<arg>ZM</arg>
<arg>ZW</arg>
<doc>Returns a list containing given items.</doc>
<status status="PASS" start="2024-06-19T02:32:16.182771" elapsed="0.000619"/>
</kw>
<kw name="List Should Contain Value" owner="Collections">
<arg>${list_country}</arg>
<arg>${name_country}</arg>
<doc>Fails if the ``value`` is not found from ``list``.</doc>
<status status="PASS" start="2024-06-19T02:32:16.184175" elapsed="0.000201"/>
</kw>
<kw name="Run Keyword If" owner="BuiltIn">
<kw name="Should Be True" owner="BuiltIn">
<arg>${True}</arg>
<doc>Fails if the given condition is not true.</doc>
<status status="PASS" start="2024-06-19T02:32:16.185395" elapsed="0.000173"/>
</kw>
<arg>${json_data["results"][0]["location"]["coordinates"]["latitude"]} &gt;= -90 and ${json_data["results"][0]["location"]["coordinates"]["latitude"]} &lt;= 90</arg>
<arg>Should Be True</arg>
<arg>${True}</arg>
<doc>Runs the given keyword with the given arguments, if ``condition`` is true.</doc>
<status status="PASS" start="2024-06-19T02:32:16.184570" elapsed="0.001124"/>
</kw>
<kw name="Run Keyword If" owner="BuiltIn">
<kw name="Should Be True" owner="BuiltIn">
<arg>${True}</arg>
<doc>Fails if the given condition is not true.</doc>
<status status="PASS" start="2024-06-19T02:32:16.186567" elapsed="0.000133"/>
</kw>
<arg>${json_data["results"][0]["location"]["coordinates"]["longitude"]} &gt;= -180 and ${json_data["results"][0]["location"]["coordinates"]["longitude"]} &lt;= 180</arg>
<arg>Should Be True</arg>
<arg>${True}</arg>
<doc>Runs the given keyword with the given arguments, if ``condition`` is true.</doc>
<status status="PASS" start="2024-06-19T02:32:16.185876" elapsed="0.000944"/>
</kw>
<status status="PASS" start="2024-06-19T02:32:16.090557" elapsed="0.096387"/>
</kw>
<doc>Testa o conteúdo específico dos campos retornados pela API.</doc>
<tag>testeConteudo</tag>
<status status="PASS" start="2024-06-19T02:32:16.090146" elapsed="0.096936"/>
</test>
<status status="PASS" start="2024-06-19T02:32:15.253895" elapsed="0.935110"/>
</suite>
<status status="PASS" start="2024-06-19T02:32:15.239839" elapsed="0.954326"/>
</suite>
<statistics>
<total>
<stat pass="5" fail="0" skip="0">All Tests</stat>
</total>
<tag>
<stat pass="1" fail="0" skip="0">testeConteudo</stat>
<stat pass="1" fail="0" skip="0">testeEstruturaResposta</stat>
<stat pass="1" fail="0" skip="0">testeRequisicaoBasica</stat>
<stat pass="1" fail="0" skip="0">testeTiposDados</stat>
</tag>
<suite>
<stat pass="5" fail="0" skip="0" id="s1" name="Tests">Tests</stat>
<stat pass="5" fail="0" skip="0" id="s1-s1" name="Random-User-Test">Tests.Random-User-Test</stat>
</suite>
</statistics>
<errors>
</errors>
</robot>
