<?xml version="1.0" encoding="UTF-8"?>
<robot generator="Robot 7.0 (Python 3.12.3 on linux)" generated="2024-05-20T08:18:49.567969" rpa="false" schemaversion="5">
<suite id="s1" name="Tests" source="/home/runner/work/DesafioQAItauRogerioJordao/DesafioQAItauRogerioJordao/RamdonUser/tests">
<suite id="s1-s1" name="Random-User-Test" source="/home/runner/work/DesafioQAItauRogerioJordao/DesafioQAItauRogerioJordao/RamdonUser/tests/random-user-test.robot">
<test id="s1-s1-t1" name="Conectar" line="13">
<kw name="Conectar API" owner="random-user-service">
<kw name="Create Session" owner="RequestsLibrary">
<msg time="2024-05-20T08:18:49.932053" level="INFO">Creating Session using : alias=consultarAPI, url=https://randomuser.me/, headers={},                     cookies={}, auth=None, timeout=None, proxies=None, verify=False,                     debug=0 </msg>
<arg>consultarAPI</arg>
<arg>${URL}</arg>
<doc>Create Session: create a HTTP session to a server</doc>
<status status="PASS" start="2024-05-20T08:18:49.931838" elapsed="0.000413"/>
</kw>
<status status="PASS" start="2024-05-20T08:18:49.930852" elapsed="0.001778"/>
</kw>
<status status="PASS" start="2024-05-20T08:18:49.930224" elapsed="0.002603"/>
</test>
<test id="s1-s1-t2" name="Validar retorno 200 e JSON Válido" line="16">
<kw name="Teste de Requisicao Basica" owner="random-user-service">
<kw name="GET On Session" owner="RequestsLibrary">
<msg time="2024-05-20T08:18:50.112880" level="INFO">GET Request : url=https://randomuser.me/api 
 path_url=/api 
 headers={'User-Agent': 'python-requests/2.31.0', 'Accept-Encoding': 'gzip, deflate', 'Accept': '*/*', 'Connection': 'keep-alive'} 
 body=None 
 </msg>
<msg time="2024-05-20T08:18:50.113038" level="INFO">GET Response : url=https://randomuser.me/api 
 status=200, reason=OK 
 headers={'Date': 'Mon, 20 May 2024 08:18:50 GMT', 'Content-Type': 'application/json; charset=utf-8', 'Transfer-Encoding': 'chunked', 'Connection': 'keep-alive', 'X-Powered-By': 'Express', 'Access-Control-Allow-Origin': '*', 'Cache-Control': 'no-cache', 'ETag': 'W/"4bb-+79/2Unb9Nyc6/RYLsmDN2iWNdk"', 'Vary': 'Accept-Encoding', 'Content-Encoding': 'gzip', 'CF-Cache-Status': 'DYNAMIC', 'Report-To': '{"endpoints":[{"url":"https:\\/\\/a.nel.cloudflare.com\\/report\\/v4?s=xPXFdb8fUvTGAw%2BcjI6VWQTODiHCGcKrmy4pR%2BbPiuYDAR22%2BgNR8e0BYoY0Hd9k%2BLyp4LJrpHWKhLLp4F7MgVmTj4qTwlbXpoUCR5vsPiuevc4SCXAUS9JyU37ywEIc"}],"group":"cf-nel","max_age":604800}', 'NEL': '{"success_fraction":0,"report_to":"cf-nel","max_age":604800}', 'Server': 'cloudflare', 'CF-RAY': '886ae5f6f8850a7f-IAD', 'alt-svc': 'h3=":443"; ma=86400'} 
 body={"results":[{"gender":"male","name":{"title":"Monsieur","first":"Hansruedi","last":"Laurent"},"location":{"street":{"number":8435,"name":"Place du 22 Novembre 1943"},"city":"Wohlenschwil","state":"Luzern","country":"Switzerland","postcode":3364,"coordinates":{"latitude":"-63.1658","longitude":"-162.1288"},"timezone":{"offset":"+5:00","description":"Ekaterinburg, Islamabad, Karachi, Tashkent"}},"email":"hansruedi.laurent@example.com","login":{"uuid":"67ad4f74-f126-4097-a9f0-335d48736ca9","username":"yellowbear308","password":"mantle","salt":"8fiAdLC4","md5":"7f04cf3bb1d6fcb2b47b0a069caafd29","sha1":"206f64dc02d847ad5c2995467cb7b31baafd6231","sha256":"8d3bb16904c6f21fe2e7aeb3c0098c96ec414919106c8bc65ccb627922bbb6a2"},"dob":{"date":"1957-09-12T19:27:06.214Z","age":66},"registered":{"date":"2008-09-26T14:49:00.853Z","age":15},"phone":"077 423 76 56","cell":"076 100 95 56","id":{"name":"AVS","value":"756.0448.1091.90"},"picture":{"large":"https://randomuser.me/api/portraits/men/85.jpg","medium":"https://randomuser.me/api/portraits/med/men/85.jpg","thumbnail":"https://randomuser.me/api/portraits/thumb/men/85.jpg"},"nat":"CH"}],"info":{"seed":"35e0de87f2b19d9d","results":1,"page":1,"version":"1.4"}} 
 </msg>
<msg time="2024-05-20T08:18:50.113128" level="INFO">/opt/hostedtoolcache/Python/3.12.3/x64/lib/python3.12/site-packages/urllib3/connectionpool.py:1103: InsecureRequestWarning: Unverified HTTPS request is being made to host 'randomuser.me'. Adding certificate verification is strongly advised. See: https://urllib3.readthedocs.io/en/latest/advanced-usage.html#tls-warnings
  warnings.warn(</msg>
<msg time="2024-05-20T08:18:50.113274" level="INFO">${response} = &lt;Response [200]&gt;</msg>
<var>${response}</var>
<arg>consultarAPI</arg>
<arg>/api</arg>
<doc>Sends a GET request on a previously created HTTP Session.</doc>
<status status="PASS" start="2024-05-20T08:18:49.935563" elapsed="0.177753"/>
</kw>
<kw name="Should Be Equal As Numbers" owner="BuiltIn">
<msg time="2024-05-20T08:18:50.114338" level="INFO">Argument types are:
&lt;class 'int'&gt;
&lt;class 'str'&gt;</msg>
<arg>${response.status_code}</arg>
<arg>200</arg>
<doc>Fails if objects are unequal after converting them to real numbers.</doc>
<status status="PASS" start="2024-05-20T08:18:50.113838" elapsed="0.000575"/>
</kw>
<kw name="Log" owner="BuiltIn">
<msg time="2024-05-20T08:18:50.115150" level="INFO">200</msg>
<arg>${response.status_code}</arg>
<doc>Logs the given message with the given level.</doc>
<status status="PASS" start="2024-05-20T08:18:50.114774" elapsed="0.000421"/>
</kw>
<kw name="Set Variable" owner="BuiltIn">
<msg time="2024-05-20T08:18:50.115980" level="INFO">${json_data} = {'results': [{'gender': 'male', 'name': {'title': 'Monsieur', 'first': 'Hansruedi', 'last': 'Laurent'}, 'location': {'street': {'number': 8435, 'name': 'Place du 22 Novembre 1943'}, 'city': 'Wohlensch...</msg>
<var>${json_data}</var>
<arg>${response.json()}</arg>
<doc>Returns the given values which can then be assigned to a variables.</doc>
<status status="PASS" start="2024-05-20T08:18:50.115525" elapsed="0.000485"/>
</kw>
<kw name="Dictionary Should Contain Key" owner="Collections">
<msg time="2024-05-20T08:18:50.116511" level="INFO">False</msg>
<arg>${json_data}</arg>
<arg>results</arg>
<doc>Fails if ``key`` is not found from ``dictionary``.</doc>
<status status="PASS" start="2024-05-20T08:18:50.116330" elapsed="0.000223"/>
</kw>
<status status="PASS" start="2024-05-20T08:18:49.935307" elapsed="0.181512"/>
</kw>
<doc>Testa se a API responde corretamente e retorna um objeto JSON válido.</doc>
<tag>testeRequisicaoBasica</tag>
<status status="PASS" start="2024-05-20T08:18:49.934766" elapsed="0.182247"/>
</test>
<test id="s1-s1-t3" name="Validar estrutura de resposta" line="22">
<kw name="Teste de Estrutura de Resposta" owner="random-user-service">
<kw name="GET On Session" owner="RequestsLibrary">
<msg time="2024-05-20T08:18:50.207637" level="INFO">GET Request : url=https://randomuser.me/api 
 path_url=/api 
 headers={'User-Agent': 'python-requests/2.31.0', 'Accept-Encoding': 'gzip, deflate', 'Accept': '*/*', 'Connection': 'keep-alive'} 
 body=None 
 </msg>
<msg time="2024-05-20T08:18:50.207745" level="INFO">GET Response : url=https://randomuser.me/api 
 status=200, reason=OK 
 headers={'Date': 'Mon, 20 May 2024 08:18:50 GMT', 'Content-Type': 'application/json; charset=utf-8', 'Transfer-Encoding': 'chunked', 'Connection': 'keep-alive', 'X-Powered-By': 'Express', 'Access-Control-Allow-Origin': '*', 'Cache-Control': 'no-cache', 'ETag': 'W/"497-yOVNH2C3kYu9x7m1N2gI/RY0bQw"', 'Vary': 'Accept-Encoding', 'Content-Encoding': 'gzip', 'CF-Cache-Status': 'DYNAMIC', 'Report-To': '{"endpoints":[{"url":"https:\\/\\/a.nel.cloudflare.com\\/report\\/v4?s=6q8ZcM81iKyUIhLc2577SqO3dtT3XoFdqNbW%2FvlNR5A7GTPU11wTzkK8xAwk5j%2Bt4FEzI58gY9q1EJZM7UQZJzdNCw%2BM3nmumOy5itbyo4Q5RAuu2xmbB10CP4xXJW04"}],"group":"cf-nel","max_age":604800}', 'NEL': '{"success_fraction":0,"report_to":"cf-nel","max_age":604800}', 'Server': 'cloudflare', 'CF-RAY': '886ae5f748aa0a7f-IAD', 'alt-svc': 'h3=":443"; ma=86400'} 
 body={"results":[{"gender":"female","name":{"title":"Ms","first":"Mahika","last":"Mardhekar"},"location":{"street":{"number":7701,"name":"Tilak Marg"},"city":"Motihari","state":"Sikkim","country":"India","postcode":40329,"coordinates":{"latitude":"9.3806","longitude":"2.8117"},"timezone":{"offset":"0:00","description":"Western Europe Time, London, Lisbon, Casablanca"}},"email":"mahika.mardhekar@example.com","login":{"uuid":"58f7cf9d-5fa2-42fb-855b-934334e599de","username":"redlion300","password":"fenris","salt":"9Oii9TUt","md5":"2c3493424648efe843ff10e04b3af8a7","sha1":"60d9ebbaf79fa8b1e6a8902da363e0a1f1a80ed3","sha256":"627881165abcb7153fed1def7153297bf6917e716f137aa784241307aa20e6d1"},"dob":{"date":"1958-12-05T03:16:52.693Z","age":65},"registered":{"date":"2006-05-15T20:16:14.369Z","age":18},"phone":"7935688503","cell":"7011590886","id":{"name":"UIDAI","value":"322881946069"},"picture":{"large":"https://randomuser.me/api/portraits/women/20.jpg","medium":"https://randomuser.me/api/portraits/med/women/20.jpg","thumbnail":"https://randomuser.me/api/portraits/thumb/women/20.jpg"},"nat":"IN"}],"info":{"seed":"26cacd5fe30eaee8","results":1,"page":1,"version":"1.4"}} 
 </msg>
<msg time="2024-05-20T08:18:50.207882" level="INFO">/opt/hostedtoolcache/Python/3.12.3/x64/lib/python3.12/site-packages/urllib3/connectionpool.py:1103: InsecureRequestWarning: Unverified HTTPS request is being made to host 'randomuser.me'. Adding certificate verification is strongly advised. See: https://urllib3.readthedocs.io/en/latest/advanced-usage.html#tls-warnings
  warnings.warn(</msg>
<msg time="2024-05-20T08:18:50.208024" level="INFO">${response} = &lt;Response [200]&gt;</msg>
<var>${response}</var>
<arg>consultarAPI</arg>
<arg>/api</arg>
<doc>Sends a GET request on a previously created HTTP Session.</doc>
<status status="PASS" start="2024-05-20T08:18:50.119685" elapsed="0.088380"/>
</kw>
<kw name="Set Variable" owner="BuiltIn">
<msg time="2024-05-20T08:18:50.209136" level="INFO">${json_data} = {'results': [{'gender': 'female', 'name': {'title': 'Ms', 'first': 'Mahika', 'last': 'Mardhekar'}, 'location': {'street': {'number': 7701, 'name': 'Tilak Marg'}, 'city': 'Motihari', 'state': 'Sikkim',...</msg>
<var>${json_data}</var>
<arg>${response.json()}</arg>
<doc>Returns the given values which can then be assigned to a variables.</doc>
<status status="PASS" start="2024-05-20T08:18:50.208607" elapsed="0.000561"/>
</kw>
<kw name="Log" owner="BuiltIn">
<msg time="2024-05-20T08:18:50.209671" level="INFO">{'results': [{'gender': 'female', 'name': {'title': 'Ms', 'first': 'Mahika', 'last': 'Mardhekar'}, 'location': {'street': {'number': 7701, 'name': 'Tilak Marg'}, 'city': 'Motihari', 'state': 'Sikkim', 'country': 'India', 'postcode': 40329, 'coordinates': {'latitude': '9.3806', 'longitude': '2.8117'}, 'timezone': {'offset': '0:00', 'description': 'Western Europe Time, London, Lisbon, Casablanca'}}, 'email': 'mahika.mardhekar@example.com', 'login': {'uuid': '58f7cf9d-5fa2-42fb-855b-934334e599de', 'username': 'redlion300', 'password': 'fenris', 'salt': '9Oii9TUt', 'md5': '2c3493424648efe843ff10e04b3af8a7', 'sha1': '60d9ebbaf79fa8b1e6a8902da363e0a1f1a80ed3', 'sha256': '627881165abcb7153fed1def7153297bf6917e716f137aa784241307aa20e6d1'}, 'dob': {'date': '1958-12-05T03:16:52.693Z', 'age': 65}, 'registered': {'date': '2006-05-15T20:16:14.369Z', 'age': 18}, 'phone': '7935688503', 'cell': '7011590886', 'id': {'name': 'UIDAI', 'value': '322881946069'}, 'picture': {'large': 'https://randomuser.me/api/portraits/women/20.jpg', 'medium': 'https://randomuser.me/api/portraits/med/women/20.jpg', 'thumbnail': 'https://randomuser.me/api/portraits/thumb/women/20.jpg'}, 'nat': 'IN'}], 'info': {'seed': '26cacd5fe30eaee8', 'results': 1, 'page': 1, 'version': '1.4'}}</msg>
<arg>${json_data}</arg>
<doc>Logs the given message with the given level.</doc>
<status status="PASS" start="2024-05-20T08:18:50.209506" elapsed="0.000226"/>
</kw>
<kw name="Dictionary Should Contain Key" owner="Collections">
<msg time="2024-05-20T08:18:50.210272" level="INFO">False</msg>
<arg>${json_data}</arg>
<arg>results</arg>
<doc>Fails if ``key`` is not found from ``dictionary``.</doc>
<status status="PASS" start="2024-05-20T08:18:50.210089" elapsed="0.000223"/>
</kw>
<kw name="Should Not Be Empty" owner="BuiltIn">
<msg time="2024-05-20T08:18:50.210759" level="INFO">Length is 2.</msg>
<arg>${json_data}</arg>
<doc>Verifies that the given item is not empty.</doc>
<status status="PASS" start="2024-05-20T08:18:50.210622" elapsed="0.000354"/>
</kw>
<kw name="Create List" owner="BuiltIn">
<msg time="2024-05-20T08:18:50.211438" level="INFO">${expected_keys} = ['gender', 'name', 'location', 'email', 'login']</msg>
<var>${expected_keys}</var>
<arg>gender</arg>
<arg>name</arg>
<arg>location</arg>
<arg>email</arg>
<arg>login</arg>
<doc>Returns a list containing given items.</doc>
<status status="PASS" start="2024-05-20T08:18:50.211280" elapsed="0.000183"/>
</kw>
<for flavor="IN">
<iter>
<kw name="Dictionary Should Contain Key" owner="Collections">
<msg time="2024-05-20T08:18:50.212476" level="INFO">False</msg>
<arg>${json_data['results'][0]}</arg>
<arg>${key}</arg>
<doc>Fails if ``key`` is not found from ``dictionary``.</doc>
<status status="PASS" start="2024-05-20T08:18:50.212059" elapsed="0.000456"/>
</kw>
<kw name="Log" owner="BuiltIn">
<msg time="2024-05-20T08:18:50.213193" level="INFO">{'gender': 'female', 'name': {'title': 'Ms', 'first': 'Mahika', 'last': 'Mardhekar'}, 'location': {'street': {'number': 7701, 'name': 'Tilak Marg'}, 'city': 'Motihari', 'state': 'Sikkim', 'country': 'India', 'postcode': 40329, 'coordinates': {'latitude': '9.3806', 'longitude': '2.8117'}, 'timezone': {'offset': '0:00', 'description': 'Western Europe Time, London, Lisbon, Casablanca'}}, 'email': 'mahika.mardhekar@example.com', 'login': {'uuid': '58f7cf9d-5fa2-42fb-855b-934334e599de', 'username': 'redlion300', 'password': 'fenris', 'salt': '9Oii9TUt', 'md5': '2c3493424648efe843ff10e04b3af8a7', 'sha1': '60d9ebbaf79fa8b1e6a8902da363e0a1f1a80ed3', 'sha256': '627881165abcb7153fed1def7153297bf6917e716f137aa784241307aa20e6d1'}, 'dob': {'date': '1958-12-05T03:16:52.693Z', 'age': 65}, 'registered': {'date': '2006-05-15T20:16:14.369Z', 'age': 18}, 'phone': '7935688503', 'cell': '7011590886', 'id': {'name': 'UIDAI', 'value': '322881946069'}, 'picture': {'large': 'https://randomuser.me/api/portraits/women/20.jpg', 'medium': 'https://randomuser.me/api/portraits/med/women/20.jpg', 'thumbnail': 'https://randomuser.me/api/portraits/thumb/women/20.jpg'}, 'nat': 'IN'}</msg>
<arg>${json_data['results'][0]}</arg>
<doc>Logs the given message with the given level.</doc>
<status status="PASS" start="2024-05-20T08:18:50.212819" elapsed="0.000424"/>
</kw>
<kw name="Log" owner="BuiltIn">
<msg time="2024-05-20T08:18:50.213666" level="INFO">gender</msg>
<arg>${key}</arg>
<doc>Logs the given message with the given level.</doc>
<status status="PASS" start="2024-05-20T08:18:50.213539" elapsed="0.000165"/>
</kw>
<var name="${key}">gender</var>
<status status="PASS" start="2024-05-20T08:18:50.211929" elapsed="0.001994"/>
</iter>
<iter>
<kw name="Dictionary Should Contain Key" owner="Collections">
<msg time="2024-05-20T08:18:50.214651" level="INFO">False</msg>
<arg>${json_data['results'][0]}</arg>
<arg>${key}</arg>
<doc>Fails if ``key`` is not found from ``dictionary``.</doc>
<status status="PASS" start="2024-05-20T08:18:50.214267" elapsed="0.000423"/>
</kw>
<kw name="Log" owner="BuiltIn">
<msg time="2024-05-20T08:18:50.215392" level="INFO">{'gender': 'female', 'name': {'title': 'Ms', 'first': 'Mahika', 'last': 'Mardhekar'}, 'location': {'street': {'number': 7701, 'name': 'Tilak Marg'}, 'city': 'Motihari', 'state': 'Sikkim', 'country': 'India', 'postcode': 40329, 'coordinates': {'latitude': '9.3806', 'longitude': '2.8117'}, 'timezone': {'offset': '0:00', 'description': 'Western Europe Time, London, Lisbon, Casablanca'}}, 'email': 'mahika.mardhekar@example.com', 'login': {'uuid': '58f7cf9d-5fa2-42fb-855b-934334e599de', 'username': 'redlion300', 'password': 'fenris', 'salt': '9Oii9TUt', 'md5': '2c3493424648efe843ff10e04b3af8a7', 'sha1': '60d9ebbaf79fa8b1e6a8902da363e0a1f1a80ed3', 'sha256': '627881165abcb7153fed1def7153297bf6917e716f137aa784241307aa20e6d1'}, 'dob': {'date': '1958-12-05T03:16:52.693Z', 'age': 65}, 'registered': {'date': '2006-05-15T20:16:14.369Z', 'age': 18}, 'phone': '7935688503', 'cell': '7011590886', 'id': {'name': 'UIDAI', 'value': '322881946069'}, 'picture': {'large': 'https://randomuser.me/api/portraits/women/20.jpg', 'medium': 'https://randomuser.me/api/portraits/med/women/20.jpg', 'thumbnail': 'https://randomuser.me/api/portraits/thumb/women/20.jpg'}, 'nat': 'IN'}</msg>
<arg>${json_data['results'][0]}</arg>
<doc>Logs the given message with the given level.</doc>
<status status="PASS" start="2024-05-20T08:18:50.215023" elapsed="0.000419"/>
</kw>
<kw name="Log" owner="BuiltIn">
<msg time="2024-05-20T08:18:50.215872" level="INFO">name</msg>
<arg>${key}</arg>
<doc>Logs the given message with the given level.</doc>
<status status="PASS" start="2024-05-20T08:18:50.215744" elapsed="0.000166"/>
</kw>
<var name="${key}">name</var>
<status status="PASS" start="2024-05-20T08:18:50.214148" elapsed="0.001979"/>
</iter>
<iter>
<kw name="Dictionary Should Contain Key" owner="Collections">
<msg time="2024-05-20T08:18:50.216806" level="INFO">False</msg>
<arg>${json_data['results'][0]}</arg>
<arg>${key}</arg>
<doc>Fails if ``key`` is not found from ``dictionary``.</doc>
<status status="PASS" start="2024-05-20T08:18:50.216424" elapsed="0.000420"/>
</kw>
<kw name="Log" owner="BuiltIn">
<msg time="2024-05-20T08:18:50.217507" level="INFO">{'gender': 'female', 'name': {'title': 'Ms', 'first': 'Mahika', 'last': 'Mardhekar'}, 'location': {'street': {'number': 7701, 'name': 'Tilak Marg'}, 'city': 'Motihari', 'state': 'Sikkim', 'country': 'India', 'postcode': 40329, 'coordinates': {'latitude': '9.3806', 'longitude': '2.8117'}, 'timezone': {'offset': '0:00', 'description': 'Western Europe Time, London, Lisbon, Casablanca'}}, 'email': 'mahika.mardhekar@example.com', 'login': {'uuid': '58f7cf9d-5fa2-42fb-855b-934334e599de', 'username': 'redlion300', 'password': 'fenris', 'salt': '9Oii9TUt', 'md5': '2c3493424648efe843ff10e04b3af8a7', 'sha1': '60d9ebbaf79fa8b1e6a8902da363e0a1f1a80ed3', 'sha256': '627881165abcb7153fed1def7153297bf6917e716f137aa784241307aa20e6d1'}, 'dob': {'date': '1958-12-05T03:16:52.693Z', 'age': 65}, 'registered': {'date': '2006-05-15T20:16:14.369Z', 'age': 18}, 'phone': '7935688503', 'cell': '7011590886', 'id': {'name': 'UIDAI', 'value': '322881946069'}, 'picture': {'large': 'https://randomuser.me/api/portraits/women/20.jpg', 'medium': 'https://randomuser.me/api/portraits/med/women/20.jpg', 'thumbnail': 'https://randomuser.me/api/portraits/thumb/women/20.jpg'}, 'nat': 'IN'}</msg>
<arg>${json_data['results'][0]}</arg>
<doc>Logs the given message with the given level.</doc>
<status status="PASS" start="2024-05-20T08:18:50.217150" elapsed="0.000416"/>
</kw>
<kw name="Log" owner="BuiltIn">
<msg time="2024-05-20T08:18:50.217989" level="INFO">location</msg>
<arg>${key}</arg>
<doc>Logs the given message with the given level.</doc>
<status status="PASS" start="2024-05-20T08:18:50.217862" elapsed="0.000195"/>
</kw>
<var name="${key}">location</var>
<status status="PASS" start="2024-05-20T08:18:50.216311" elapsed="0.001974"/>
</iter>
<iter>
<kw name="Dictionary Should Contain Key" owner="Collections">
<msg time="2024-05-20T08:18:50.218953" level="INFO">False</msg>
<arg>${json_data['results'][0]}</arg>
<arg>${key}</arg>
<doc>Fails if ``key`` is not found from ``dictionary``.</doc>
<status status="PASS" start="2024-05-20T08:18:50.218572" elapsed="0.000420"/>
</kw>
<kw name="Log" owner="BuiltIn">
<msg time="2024-05-20T08:18:50.219644" level="INFO">{'gender': 'female', 'name': {'title': 'Ms', 'first': 'Mahika', 'last': 'Mardhekar'}, 'location': {'street': {'number': 7701, 'name': 'Tilak Marg'}, 'city': 'Motihari', 'state': 'Sikkim', 'country': 'India', 'postcode': 40329, 'coordinates': {'latitude': '9.3806', 'longitude': '2.8117'}, 'timezone': {'offset': '0:00', 'description': 'Western Europe Time, London, Lisbon, Casablanca'}}, 'email': 'mahika.mardhekar@example.com', 'login': {'uuid': '58f7cf9d-5fa2-42fb-855b-934334e599de', 'username': 'redlion300', 'password': 'fenris', 'salt': '9Oii9TUt', 'md5': '2c3493424648efe843ff10e04b3af8a7', 'sha1': '60d9ebbaf79fa8b1e6a8902da363e0a1f1a80ed3', 'sha256': '627881165abcb7153fed1def7153297bf6917e716f137aa784241307aa20e6d1'}, 'dob': {'date': '1958-12-05T03:16:52.693Z', 'age': 65}, 'registered': {'date': '2006-05-15T20:16:14.369Z', 'age': 18}, 'phone': '7935688503', 'cell': '7011590886', 'id': {'name': 'UIDAI', 'value': '322881946069'}, 'picture': {'large': 'https://randomuser.me/api/portraits/women/20.jpg', 'medium': 'https://randomuser.me/api/portraits/med/women/20.jpg', 'thumbnail': 'https://randomuser.me/api/portraits/thumb/women/20.jpg'}, 'nat': 'IN'}</msg>
<arg>${json_data['results'][0]}</arg>
<doc>Logs the given message with the given level.</doc>
<status status="PASS" start="2024-05-20T08:18:50.219291" elapsed="0.000403"/>
</kw>
<kw name="Log" owner="BuiltIn">
<msg time="2024-05-20T08:18:50.220122" level="INFO">email</msg>
<arg>${key}</arg>
<doc>Logs the given message with the given level.</doc>
<status status="PASS" start="2024-05-20T08:18:50.219986" elapsed="0.000180"/>
</kw>
<var name="${key}">email</var>
<status status="PASS" start="2024-05-20T08:18:50.218462" elapsed="0.001920"/>
</iter>
<iter>
<kw name="Dictionary Should Contain Key" owner="Collections">
<msg time="2024-05-20T08:18:50.221053" level="INFO">False</msg>
<arg>${json_data['results'][0]}</arg>
<arg>${key}</arg>
<doc>Fails if ``key`` is not found from ``dictionary``.</doc>
<status status="PASS" start="2024-05-20T08:18:50.220664" elapsed="0.000428"/>
</kw>
<kw name="Log" owner="BuiltIn">
<msg time="2024-05-20T08:18:50.221753" level="INFO">{'gender': 'female', 'name': {'title': 'Ms', 'first': 'Mahika', 'last': 'Mardhekar'}, 'location': {'street': {'number': 7701, 'name': 'Tilak Marg'}, 'city': 'Motihari', 'state': 'Sikkim', 'country': 'India', 'postcode': 40329, 'coordinates': {'latitude': '9.3806', 'longitude': '2.8117'}, 'timezone': {'offset': '0:00', 'description': 'Western Europe Time, London, Lisbon, Casablanca'}}, 'email': 'mahika.mardhekar@example.com', 'login': {'uuid': '58f7cf9d-5fa2-42fb-855b-934334e599de', 'username': 'redlion300', 'password': 'fenris', 'salt': '9Oii9TUt', 'md5': '2c3493424648efe843ff10e04b3af8a7', 'sha1': '60d9ebbaf79fa8b1e6a8902da363e0a1f1a80ed3', 'sha256': '627881165abcb7153fed1def7153297bf6917e716f137aa784241307aa20e6d1'}, 'dob': {'date': '1958-12-05T03:16:52.693Z', 'age': 65}, 'registered': {'date': '2006-05-15T20:16:14.369Z', 'age': 18}, 'phone': '7935688503', 'cell': '7011590886', 'id': {'name': 'UIDAI', 'value': '322881946069'}, 'picture': {'large': 'https://randomuser.me/api/portraits/women/20.jpg', 'medium': 'https://randomuser.me/api/portraits/med/women/20.jpg', 'thumbnail': 'https://randomuser.me/api/portraits/thumb/women/20.jpg'}, 'nat': 'IN'}</msg>
<arg>${json_data['results'][0]}</arg>
<doc>Logs the given message with the given level.</doc>
<status status="PASS" start="2024-05-20T08:18:50.221389" elapsed="0.000413"/>
</kw>
<kw name="Log" owner="BuiltIn">
<msg time="2024-05-20T08:18:50.222254" level="INFO">login</msg>
<arg>${key}</arg>
<doc>Logs the given message with the given level.</doc>
<status status="PASS" start="2024-05-20T08:18:50.222124" elapsed="0.000174"/>
</kw>
<var name="${key}">login</var>
<status status="PASS" start="2024-05-20T08:18:50.220554" elapsed="0.001995"/>
</iter>
<var>${key}</var>
<value>@{expected_keys}</value>
<status status="PASS" start="2024-05-20T08:18:50.211727" elapsed="0.010950"/>
</for>
<kw name="Create List" owner="BuiltIn">
<msg time="2024-05-20T08:18:50.223011" level="INFO">${expected_keysTwo} = ['username', 'password']</msg>
<var>${expected_keysTwo}</var>
<arg>username</arg>
<arg>password</arg>
<doc>Returns a list containing given items.</doc>
<status status="PASS" start="2024-05-20T08:18:50.222874" elapsed="0.000163"/>
</kw>
<for flavor="IN">
<iter>
<kw name="Dictionary Should Contain Key" owner="Collections">
<msg time="2024-05-20T08:18:50.223933" level="INFO">False</msg>
<arg>${json_data['results'][0]['login']}</arg>
<arg>${keyTwo}</arg>
<doc>Fails if ``key`` is not found from ``dictionary``.</doc>
<status status="PASS" start="2024-05-20T08:18:50.223546" elapsed="0.000425"/>
</kw>
<kw name="Dictionary Should Contain Key" owner="Collections">
<msg time="2024-05-20T08:18:50.224709" level="INFO">False</msg>
<arg>${json_data['results'][0]['login']}</arg>
<arg>${keyTwo}</arg>
<doc>Fails if ``key`` is not found from ``dictionary``.</doc>
<status status="PASS" start="2024-05-20T08:18:50.224314" elapsed="0.000434"/>
</kw>
<kw name="Log" owner="BuiltIn">
<msg time="2024-05-20T08:18:50.225170" level="INFO">username</msg>
<arg>${keyTwo}</arg>
<doc>Logs the given message with the given level.</doc>
<status status="PASS" start="2024-05-20T08:18:50.225044" elapsed="0.000170"/>
</kw>
<var name="${keyTwo}">username</var>
<status status="PASS" start="2024-05-20T08:18:50.223434" elapsed="0.001997"/>
</iter>
<iter>
<kw name="Dictionary Should Contain Key" owner="Collections">
<msg time="2024-05-20T08:18:50.226233" level="INFO">False</msg>
<arg>${json_data['results'][0]['login']}</arg>
<arg>${keyTwo}</arg>
<doc>Fails if ``key`` is not found from ``dictionary``.</doc>
<status status="PASS" start="2024-05-20T08:18:50.225729" elapsed="0.000549"/>
</kw>
<kw name="Dictionary Should Contain Key" owner="Collections">
<msg time="2024-05-20T08:18:50.226963" level="INFO">False</msg>
<arg>${json_data['results'][0]['login']}</arg>
<arg>${keyTwo}</arg>
<doc>Fails if ``key`` is not found from ``dictionary``.</doc>
<status status="PASS" start="2024-05-20T08:18:50.226582" elapsed="0.000418"/>
</kw>
<kw name="Log" owner="BuiltIn">
<msg time="2024-05-20T08:18:50.227424" level="INFO">password</msg>
<arg>${keyTwo}</arg>
<doc>Logs the given message with the given level.</doc>
<status status="PASS" start="2024-05-20T08:18:50.227297" elapsed="0.000165"/>
</kw>
<var name="${keyTwo}">password</var>
<status status="PASS" start="2024-05-20T08:18:50.225618" elapsed="0.002062"/>
</iter>
<var>${keyTwo}</var>
<value>@{expected_keysTwo}</value>
<status status="PASS" start="2024-05-20T08:18:50.223278" elapsed="0.004522"/>
</for>
<status status="PASS" start="2024-05-20T08:18:50.119438" elapsed="0.108506"/>
</kw>
<doc>Testa a estrutura da resposta da API.</doc>
<tag>testeEstruturaResposta</tag>
<status status="PASS" start="2024-05-20T08:18:50.118909" elapsed="0.109193"/>
</test>
<test id="s1-s1-t4" name="Validar tipos de dados" line="28">
<kw name="Teste de Tipos de Dados" owner="random-user-service">
<kw name="GET On Session" owner="RequestsLibrary">
<msg time="2024-05-20T08:18:50.313754" level="INFO">GET Request : url=https://randomuser.me/api 
 path_url=/api 
 headers={'User-Agent': 'python-requests/2.31.0', 'Accept-Encoding': 'gzip, deflate', 'Accept': '*/*', 'Connection': 'keep-alive'} 
 body=None 
 </msg>
<msg time="2024-05-20T08:18:50.313837" level="INFO">GET Response : url=https://randomuser.me/api 
 status=200, reason=OK 
 headers={'Date': 'Mon, 20 May 2024 08:18:50 GMT', 'Content-Type': 'application/json; charset=utf-8', 'Transfer-Encoding': 'chunked', 'Connection': 'keep-alive', 'X-Powered-By': 'Express', 'Access-Control-Allow-Origin': '*', 'Cache-Control': 'no-cache', 'ETag': 'W/"48e-FG3FpwQWsyAIv6GNId0k0OTOQ8k"', 'Vary': 'Accept-Encoding', 'Content-Encoding': 'gzip', 'CF-Cache-Status': 'DYNAMIC', 'Report-To': '{"endpoints":[{"url":"https:\\/\\/a.nel.cloudflare.com\\/report\\/v4?s=DfmAD7vo2ZS4KyChgUalBrp0bmc3n6uAPsa00V1EuJ9YSBDZGULMzdNunyKoH6Te%2BbvG34utCeoQc8nt7Rpv99AKZ%2BpFH55Ke8Y%2B8YRFstlWC7XqeqGchirKMUgAaEhL"}],"group":"cf-nel","max_age":604800}', 'NEL': '{"success_fraction":0,"report_to":"cf-nel","max_age":604800}', 'Server': 'cloudflare', 'CF-RAY': '886ae5f7f8fb0a7f-IAD', 'alt-svc': 'h3=":443"; ma=86400'} 
 body={"results":[{"gender":"female","name":{"title":"Miss","first":"بهار","last":"کریمی"},"location":{"street":{"number":1916,"name":"میدان شهدا"},"city":"قم","state":"چهارمحال و بختیاری","country":"Iran","postcode":50978,"coordinates":{"latitude":"14.3441","longitude":"162.0122"},"timezone":{"offset":"-3:30","description":"Newfoundland"}},"email":"bhr.khrymy@example.com","login":{"uuid":"3e553cbc-7e18-4a63-ab43-21ef1f8bd68b","username":"browndog169","password":"diehard","salt":"3eGQymPS","md5":"3439e46a6966499b733dfb2506c6c6e9","sha1":"b89acd82294d7243cca1dabc99203b61c9c5de2f","sha256":"c007d3b768409be1a92adf348affb4c1ad0663c390f670a2668b758c30cbaeda"},"dob":{"date":"1995-07-30T07:49:54.819Z","age":28},"registered":{"date":"2022-02-03T12:53:07.838Z","age":2},"phone":"095-78457664","cell":"0971-453-6349","id":{"name":"","value":null},"picture":{"large":"https://randomuser.me/api/portraits/women/10.jpg","medium":"https://randomuser.me/api/portraits/med/women/10.jpg","thumbnail":"https://randomuser.me/api/portraits/thumb/women/10.jpg"},"nat":"IR"}],"info":{"seed":"bd86bdf38f01efaf","results":1,"page":1,"version":"1.4"}} 
 </msg>
<msg time="2024-05-20T08:18:50.313903" level="INFO">/opt/hostedtoolcache/Python/3.12.3/x64/lib/python3.12/site-packages/urllib3/connectionpool.py:1103: InsecureRequestWarning: Unverified HTTPS request is being made to host 'randomuser.me'. Adding certificate verification is strongly advised. See: https://urllib3.readthedocs.io/en/latest/advanced-usage.html#tls-warnings
  warnings.warn(</msg>
<msg time="2024-05-20T08:18:50.313999" level="INFO">${response} = &lt;Response [200]&gt;</msg>
<var>${response}</var>
<arg>consultarAPI</arg>
<arg>/api</arg>
<doc>Sends a GET request on a previously created HTTP Session.</doc>
<status status="PASS" start="2024-05-20T08:18:50.230605" elapsed="0.083454"/>
</kw>
<kw name="Set Variable" owner="BuiltIn">
<msg time="2024-05-20T08:18:50.315178" level="INFO">${json_data} = {'results': [{'gender': 'female', 'name': {'title': 'Miss', 'first': 'بهار', 'last': 'کریمی'}, 'location': {'street': {'number': 1916, 'name': 'میدان شهدا'}, 'city': 'قم', 'state': 'چهارمحال و بختیاری...</msg>
<var>${json_data}</var>
<arg>${response.json()}</arg>
<doc>Returns the given values which can then be assigned to a variables.</doc>
<status status="PASS" start="2024-05-20T08:18:50.314592" elapsed="0.000617"/>
</kw>
<kw name="Log" owner="BuiltIn">
<msg time="2024-05-20T08:18:50.315697" level="INFO">{'results': [{'gender': 'female', 'name': {'title': 'Miss', 'first': 'بهار', 'last': 'کریمی'}, 'location': {'street': {'number': 1916, 'name': 'میدان شهدا'}, 'city': 'قم', 'state': 'چهارمحال و بختیاری', 'country': 'Iran', 'postcode': 50978, 'coordinates': {'latitude': '14.3441', 'longitude': '162.0122'}, 'timezone': {'offset': '-3:30', 'description': 'Newfoundland'}}, 'email': 'bhr.khrymy@example.com', 'login': {'uuid': '3e553cbc-7e18-4a63-ab43-21ef1f8bd68b', 'username': 'browndog169', 'password': 'diehard', 'salt': '3eGQymPS', 'md5': '3439e46a6966499b733dfb2506c6c6e9', 'sha1': 'b89acd82294d7243cca1dabc99203b61c9c5de2f', 'sha256': 'c007d3b768409be1a92adf348affb4c1ad0663c390f670a2668b758c30cbaeda'}, 'dob': {'date': '1995-07-30T07:49:54.819Z', 'age': 28}, 'registered': {'date': '2022-02-03T12:53:07.838Z', 'age': 2}, 'phone': '095-78457664', 'cell': '0971-453-6349', 'id': {'name': '', 'value': None}, 'picture': {'large': 'https://randomuser.me/api/portraits/women/10.jpg', 'medium': 'https://randomuser.me/api/portraits/med/women/10.jpg', 'thumbnail': 'https://randomuser.me/api/portraits/thumb/women/10.jpg'}, 'nat': 'IR'}], 'info': {'seed': 'bd86bdf38f01efaf', 'results': 1, 'page': 1, 'version': '1.4'}}</msg>
<arg>${json_data}</arg>
<doc>Logs the given message with the given level.</doc>
<status status="PASS" start="2024-05-20T08:18:50.315535" elapsed="0.000248"/>
</kw>
<kw name="Should Be String" owner="String">
<arg>${json_data['results'][0]['gender']}</arg>
<doc>Fails if the given ``item`` is not a string.</doc>
<status status="PASS" start="2024-05-20T08:18:50.316090" elapsed="0.000367"/>
</kw>
<kw name="Should Match Regexp" owner="BuiltIn">
<arg>${json_data['results'][0]['email']}</arg>
<arg>^[a-zA-Z0-9._%+-]+@[a-zA-Z0-9.-]+\.[a-zA-Z]{2,}$</arg>
<doc>Fails if ``string`` does not match ``pattern`` as a regular expression.</doc>
<status status="PASS" start="2024-05-20T08:18:50.316653" elapsed="0.000509"/>
</kw>
<kw name="Should Match Regexp" owner="BuiltIn">
<arg>${json_data['results'][0]['dob']['date']}</arg>
<arg>\\d{4}-\\d{2}-\\d{2}T\\d{2}:\\d{2}:\\d{2}\\.\\d{3}Z</arg>
<doc>Fails if ``string`` does not match ``pattern`` as a regular expression.</doc>
<status status="PASS" start="2024-05-20T08:18:50.317359" elapsed="0.000483"/>
</kw>
<kw name="Should Match Regexp" owner="BuiltIn">
<arg>${json_data['results'][0]['registered']['date']}</arg>
<arg>\\d{4}-\\d{2}-\\d{2}T\\d{2}:\\d{2}:\\d{2}\\.\\d{3}Z</arg>
<doc>Fails if ``string`` does not match ``pattern`` as a regular expression.</doc>
<status status="PASS" start="2024-05-20T08:18:50.318066" elapsed="0.000399"/>
</kw>
<kw name="Should Match Regexp" owner="BuiltIn">
<arg>${json_data['results'][0]['picture']['large']}</arg>
<arg>^https?://.*\.(?:png|jpe?g|gif|bmp)$</arg>
<doc>Fails if ``string`` does not match ``pattern`` as a regular expression.</doc>
<status status="PASS" start="2024-05-20T08:18:50.318662" elapsed="0.000465"/>
</kw>
<kw name="Should Match Regexp" owner="BuiltIn">
<arg>${json_data['results'][0]['picture']['medium']}</arg>
<arg>^https?://.*\.(?:png|jpe?g|gif|bmp)$</arg>
<doc>Fails if ``string`` does not match ``pattern`` as a regular expression.</doc>
<status status="PASS" start="2024-05-20T08:18:50.319321" elapsed="0.000379"/>
</kw>
<kw name="Should Match Regexp" owner="BuiltIn">
<arg>${json_data['results'][0]['picture']['thumbnail']}</arg>
<arg>^https?://.*\.(?:png|jpe?g|gif|bmp)$</arg>
<doc>Fails if ``string`` does not match ``pattern`` as a regular expression.</doc>
<status status="PASS" start="2024-05-20T08:18:50.319893" elapsed="0.000359"/>
</kw>
<kw name="Log" owner="BuiltIn">
<msg time="2024-05-20T08:18:50.320760" level="INFO">{'large': 'https://randomuser.me/api/portraits/women/10.jpg', 'medium': 'https://randomuser.me/api/portraits/med/women/10.jpg', 'thumbnail': 'https://randomuser.me/api/portraits/thumb/women/10.jpg'}</msg>
<arg>${json_data['results'][0]['picture']}</arg>
<doc>Logs the given message with the given level.</doc>
<status status="PASS" start="2024-05-20T08:18:50.320436" elapsed="0.000367"/>
</kw>
<status status="PASS" start="2024-05-20T08:18:50.230374" elapsed="0.090687"/>
</kw>
<kw name="Teste de Tipos de Dados - Postcode" owner="random-user-service">
<kw name="GET On Session" owner="RequestsLibrary">
<msg time="2024-05-20T08:18:50.406582" level="INFO">GET Request : url=https://randomuser.me/api 
 path_url=/api 
 headers={'User-Agent': 'python-requests/2.31.0', 'Accept-Encoding': 'gzip, deflate', 'Accept': '*/*', 'Connection': 'keep-alive'} 
 body=None 
 </msg>
<msg time="2024-05-20T08:18:50.406677" level="INFO">GET Response : url=https://randomuser.me/api 
 status=200, reason=OK 
 headers={'Date': 'Mon, 20 May 2024 08:18:50 GMT', 'Content-Type': 'application/json; charset=utf-8', 'Transfer-Encoding': 'chunked', 'Connection': 'keep-alive', 'X-Powered-By': 'Express', 'Access-Control-Allow-Origin': '*', 'Cache-Control': 'no-cache', 'ETag': 'W/"4b3-1JqKs9hlhowAzmOjJU/06UIgS4A"', 'Vary': 'Accept-Encoding', 'Content-Encoding': 'gzip', 'CF-Cache-Status': 'DYNAMIC', 'Report-To': '{"endpoints":[{"url":"https:\\/\\/a.nel.cloudflare.com\\/report\\/v4?s=Osi9UQZ4HvLaL9QsO08zY45g4C0IxtGvvBoZnuoil4CDvHSuakWsiNK0jIHL%2FNb2f%2FF9EE64gzrEOC6HI33pfODrRdKRT6oe7xo3FzN68frKZURoDxLinJlBFiOH0er1"}],"group":"cf-nel","max_age":604800}', 'NEL': '{"success_fraction":0,"report_to":"cf-nel","max_age":604800}', 'Server': 'cloudflare', 'CF-RAY': '886ae5f889410a7f-IAD', 'alt-svc': 'h3=":443"; ma=86400'} 
 body={"results":[{"gender":"female","name":{"title":"Mrs","first":"Lada","last":"Gocko"},"location":{"street":{"number":7814,"name":"Provulok Hristofora Baranovskogo"},"city":"Yavoriv","state":"Avtonomna Respublika Krim","country":"Ukraine","postcode":75677,"coordinates":{"latitude":"74.5586","longitude":"112.2622"},"timezone":{"offset":"+11:00","description":"Magadan, Solomon Islands, New Caledonia"}},"email":"lada.gocko@example.com","login":{"uuid":"637fc0f0-bb51-4e49-b56c-c2f1a09a40cf","username":"smallrabbit258","password":"girfriend","salt":"Sug4sIEv","md5":"447ce1a45819d80e2e322b3bfd83c9b5","sha1":"73d6939c461bb19ee8dbda63eea3bc67fd8f35b6","sha256":"7e0eabbf8fdd77d733b04845ad9e223f54948882357488f34696d71e390a7e80"},"dob":{"date":"1999-06-14T05:56:49.635Z","age":24},"registered":{"date":"2004-08-10T09:06:58.620Z","age":19},"phone":"(066) P63-0895","cell":"(096) H15-1924","id":{"name":"","value":null},"picture":{"large":"https://randomuser.me/api/portraits/women/63.jpg","medium":"https://randomuser.me/api/portraits/med/women/63.jpg","thumbnail":"https://randomuser.me/api/portraits/thumb/women/63.jpg"},"nat":"UA"}],"info":{"seed":"9dce7a1db0d8db4a","results":1,"page":1,"version":"1.4"}} 
 </msg>
<msg time="2024-05-20T08:18:50.406753" level="INFO">/opt/hostedtoolcache/Python/3.12.3/x64/lib/python3.12/site-packages/urllib3/connectionpool.py:1103: InsecureRequestWarning: Unverified HTTPS request is being made to host 'randomuser.me'. Adding certificate verification is strongly advised. See: https://urllib3.readthedocs.io/en/latest/advanced-usage.html#tls-warnings
  warnings.warn(</msg>
<msg time="2024-05-20T08:18:50.406872" level="INFO">${response} = &lt;Response [200]&gt;</msg>
<var>${response}</var>
<arg>consultarAPI</arg>
<arg>/api</arg>
<doc>Sends a GET request on a previously created HTTP Session.</doc>
<status status="PASS" start="2024-05-20T08:18:50.321513" elapsed="0.085402"/>
</kw>
<kw name="Set Variable" owner="BuiltIn">
<msg time="2024-05-20T08:18:50.407889" level="INFO">${json_data} = {'results': [{'gender': 'female', 'name': {'title': 'Mrs', 'first': 'Lada', 'last': 'Gocko'}, 'location': {'street': {'number': 7814, 'name': 'Provulok Hristofora Baranovskogo'}, 'city': 'Yavoriv', 's...</msg>
<var>${json_data}</var>
<arg>${response.json()}</arg>
<doc>Returns the given values which can then be assigned to a variables.</doc>
<status status="PASS" start="2024-05-20T08:18:50.407393" elapsed="0.000524"/>
</kw>
<kw name="Log" owner="BuiltIn">
<msg time="2024-05-20T08:18:50.408417" level="INFO">{'results': [{'gender': 'female', 'name': {'title': 'Mrs', 'first': 'Lada', 'last': 'Gocko'}, 'location': {'street': {'number': 7814, 'name': 'Provulok Hristofora Baranovskogo'}, 'city': 'Yavoriv', 'state': 'Avtonomna Respublika Krim', 'country': 'Ukraine', 'postcode': 75677, 'coordinates': {'latitude': '74.5586', 'longitude': '112.2622'}, 'timezone': {'offset': '+11:00', 'description': 'Magadan, Solomon Islands, New Caledonia'}}, 'email': 'lada.gocko@example.com', 'login': {'uuid': '637fc0f0-bb51-4e49-b56c-c2f1a09a40cf', 'username': 'smallrabbit258', 'password': 'girfriend', 'salt': 'Sug4sIEv', 'md5': '447ce1a45819d80e2e322b3bfd83c9b5', 'sha1': '73d6939c461bb19ee8dbda63eea3bc67fd8f35b6', 'sha256': '7e0eabbf8fdd77d733b04845ad9e223f54948882357488f34696d71e390a7e80'}, 'dob': {'date': '1999-06-14T05:56:49.635Z', 'age': 24}, 'registered': {'date': '2004-08-10T09:06:58.620Z', 'age': 19}, 'phone': '(066) P63-0895', 'cell': '(096) H15-1924', 'id': {'name': '', 'value': None}, 'picture': {'large': 'https://randomuser.me/api/portraits/women/63.jpg', 'medium': 'https://randomuser.me/api/portraits/med/women/63.jpg', 'thumbnail': 'https://randomuser.me/api/portraits/thumb/women/63.jpg'}, 'nat': 'UA'}], 'info': {'seed': '9dce7a1db0d8db4a', 'results': 1, 'page': 1, 'version': '1.4'}}</msg>
<arg>${json_data}</arg>
<doc>Logs the given message with the given level.</doc>
<status status="PASS" start="2024-05-20T08:18:50.408256" elapsed="0.000247"/>
</kw>
<kw name="Should Be Equal As Numbers" owner="BuiltIn">
<arg>${json_data['results'][0]['location']['postcode']}</arg>
<arg>${json_data['results'][0]['location']['postcode']}</arg>
<doc>Fails if objects are unequal after converting them to real numbers.</doc>
<status status="PASS" start="2024-05-20T08:18:50.408983" elapsed="0.000630"/>
</kw>
<kw name="Log" owner="BuiltIn">
<msg time="2024-05-20T08:18:50.410300" level="INFO">75677</msg>
<arg>${json_data['results'][0]['location']['postcode']}</arg>
<doc>Logs the given message with the given level.</doc>
<status status="PASS" start="2024-05-20T08:18:50.409808" elapsed="0.000537"/>
</kw>
<status status="PASS" start="2024-05-20T08:18:50.321287" elapsed="0.089326"/>
</kw>
<doc>Testa se os tipos de dados na resposta da API estão corretos.</doc>
<tag>testeTiposDados</tag>
<status status="PASS" start="2024-05-20T08:18:50.229888" elapsed="0.180896"/>
</test>
<test id="s1-s1-t5" name="Validar conteudo" line="35">
<kw name="Teste de Tipos de Conteudo" owner="random-user-service">
<kw name="GET On Session" owner="RequestsLibrary">
<msg time="2024-05-20T08:18:50.510927" level="INFO">GET Request : url=https://randomuser.me/api 
 path_url=/api 
 headers={'User-Agent': 'python-requests/2.31.0', 'Accept-Encoding': 'gzip, deflate', 'Accept': '*/*', 'Connection': 'keep-alive'} 
 body=None 
 </msg>
<msg time="2024-05-20T08:18:50.511024" level="INFO">GET Response : url=https://randomuser.me/api 
 status=200, reason=OK 
 headers={'Date': 'Mon, 20 May 2024 08:18:50 GMT', 'Content-Type': 'application/json; charset=utf-8', 'Transfer-Encoding': 'chunked', 'Connection': 'keep-alive', 'X-Powered-By': 'Express', 'Access-Control-Allow-Origin': '*', 'Cache-Control': 'no-cache', 'ETag': 'W/"48f-HzQzlE2P8SxJsMiJ11xDS3j0QJ0"', 'Vary': 'Accept-Encoding', 'Content-Encoding': 'gzip', 'CF-Cache-Status': 'DYNAMIC', 'Report-To': '{"endpoints":[{"url":"https:\\/\\/a.nel.cloudflare.com\\/report\\/v4?s=9iFV2FtFy%2F0rjq%2F1ZLbZsIL5ui0E83nXkD4hZr93GwZzfuezXkY%2Bd7UN9Y30JczXAq3RwtZKjkOAIojKtdUbGYqTLYHFF78tSjxWAuUH9%2F%2FBiFs9otVKItrwHGjO4M%2F7"}],"group":"cf-nel","max_age":604800}', 'NEL': '{"success_fraction":0,"report_to":"cf-nel","max_age":604800}', 'Server': 'cloudflare', 'CF-RAY': '886ae5f9197d0a7f-IAD', 'alt-svc': 'h3=":443"; ma=86400'} 
 body={"results":[{"gender":"male","name":{"title":"Mr","first":"Arnulf","last":"Rosin"},"location":{"street":{"number":499,"name":"Ahornweg"},"city":"Gersthofen","state":"Berlin","country":"Germany","postcode":75830,"coordinates":{"latitude":"-49.6221","longitude":"-63.5604"},"timezone":{"offset":"+11:00","description":"Magadan, Solomon Islands, New Caledonia"}},"email":"arnulf.rosin@example.com","login":{"uuid":"1bf0042b-e129-46df-a633-b119c06f2a93","username":"blueduck748","password":"goldfish","salt":"6hkKA28P","md5":"b8051cf9cdb91ca09b1a3fc754036502","sha1":"6dcb2b18904779fb5344b2e046ce96101bcd07cf","sha256":"86f28db3cfa7bb417a82607f95216ab7e0e7d440d02b5831d07d87f33732a837"},"dob":{"date":"1949-10-19T05:59:42.352Z","age":74},"registered":{"date":"2004-07-23T09:23:55.878Z","age":19},"phone":"0703-9165225","cell":"0174-6831724","id":{"name":"SVNR","value":"09 181049 R 159"},"picture":{"large":"https://randomuser.me/api/portraits/men/60.jpg","medium":"https://randomuser.me/api/portraits/med/men/60.jpg","thumbnail":"https://randomuser.me/api/portraits/thumb/men/60.jpg"},"nat":"DE"}],"info":{"seed":"6cb33712c70e93b7","results":1,"page":1,"version":"1.4"}} 
 </msg>
<msg time="2024-05-20T08:18:50.511093" level="INFO">/opt/hostedtoolcache/Python/3.12.3/x64/lib/python3.12/site-packages/urllib3/connectionpool.py:1103: InsecureRequestWarning: Unverified HTTPS request is being made to host 'randomuser.me'. Adding certificate verification is strongly advised. See: https://urllib3.readthedocs.io/en/latest/advanced-usage.html#tls-warnings
  warnings.warn(</msg>
<msg time="2024-05-20T08:18:50.511207" level="INFO">${response} = &lt;Response [200]&gt;</msg>
<var>${response}</var>
<arg>consultarAPI</arg>
<arg>/api</arg>
<doc>Sends a GET request on a previously created HTTP Session.</doc>
<status status="PASS" start="2024-05-20T08:18:50.413608" elapsed="0.097625"/>
</kw>
<kw name="Set Variable" owner="BuiltIn">
<msg time="2024-05-20T08:18:50.512264" level="INFO">${json_data} = {'results': [{'gender': 'male', 'name': {'title': 'Mr', 'first': 'Arnulf', 'last': 'Rosin'}, 'location': {'street': {'number': 499, 'name': 'Ahornweg'}, 'city': 'Gersthofen', 'state': 'Berlin', 'count...</msg>
<var>${json_data}</var>
<arg>${response.json()}</arg>
<doc>Returns the given values which can then be assigned to a variables.</doc>
<status status="PASS" start="2024-05-20T08:18:50.511761" elapsed="0.000532"/>
</kw>
<kw name="Set Variable" owner="BuiltIn">
<msg time="2024-05-20T08:18:50.512979" level="INFO">${name_title} = Mr</msg>
<var>${name_title}</var>
<arg>${json_data["results"][0]["name"]["title"]}</arg>
<doc>Returns the given values which can then be assigned to a variables.</doc>
<status status="PASS" start="2024-05-20T08:18:50.512596" elapsed="0.000408"/>
</kw>
<kw name="Create List" owner="BuiltIn">
<msg time="2024-05-20T08:18:50.513453" level="INFO">${allowed_titles} = ['Mr', 'Ms', 'Miss', 'Mrs', 'Madame', 'Monsieur']</msg>
<var>${allowed_titles}</var>
<arg>Mr</arg>
<arg>Ms</arg>
<arg>Miss</arg>
<arg>Mrs</arg>
<arg>Madame</arg>
<arg>Monsieur</arg>
<doc>Returns a list containing given items.</doc>
<status status="PASS" start="2024-05-20T08:18:50.513304" elapsed="0.000173"/>
</kw>
<kw name="List Should Contain Value" owner="Collections">
<msg time="2024-05-20T08:18:50.513962" level="INFO">False</msg>
<arg>${allowed_titles}</arg>
<arg>${name_title}</arg>
<doc>Fails if the ``value`` is not found from ``list``.</doc>
<status status="PASS" start="2024-05-20T08:18:50.513792" elapsed="0.000207"/>
</kw>
<kw name="Set Variable" owner="BuiltIn">
<msg time="2024-05-20T08:18:50.514716" level="INFO">${name_country} = DE</msg>
<var>${name_country}</var>
<arg>${json_data["results"][0]["nat"]}</arg>
<doc>Returns the given values which can then be assigned to a variables.</doc>
<status status="PASS" start="2024-05-20T08:18:50.514334" elapsed="0.000407"/>
</kw>
<kw name="Create List" owner="BuiltIn">
<msg time="2024-05-20T08:18:50.515647" level="INFO">${list_country} = ['AD', 'AE', 'AF', 'AG', 'AI', 'AL', 'AM', 'AO', 'AQ', 'AR', 'AS', 'AT', 'AU', 'AW', 'AX', 'AZ', 'BA', 'BB', 'BD', 'BE', 'BF', 'BG', 'BH', 'BI', 'BJ', 'BL', 'BM', 'BN', 'BO', 'BQ', 'BR', 'BS', 'BT', '...</msg>
<var>${list_country}</var>
<arg>AD</arg>
<arg>AE</arg>
<arg>AF</arg>
<arg>AG</arg>
<arg>AI</arg>
<arg>AL</arg>
<arg>AM</arg>
<arg>AO</arg>
<arg>AQ</arg>
<arg>AR</arg>
<arg>AS</arg>
<arg>AT</arg>
<arg>AU</arg>
<arg>AW</arg>
<arg>AX</arg>
<arg>AZ</arg>
<arg>BA</arg>
<arg>BB</arg>
<arg>BD</arg>
<arg>BE</arg>
<arg>BF</arg>
<arg>BG</arg>
<arg>BH</arg>
<arg>BI</arg>
<arg>BJ</arg>
<arg>BL</arg>
<arg>BM</arg>
<arg>BN</arg>
<arg>BO</arg>
<arg>BQ</arg>
<arg>BR</arg>
<arg>BS</arg>
<arg>BT</arg>
<arg>BV</arg>
<arg>BW</arg>
<arg>BY</arg>
<arg>BZ</arg>
<arg>CA</arg>
<arg>CC</arg>
<arg>CD</arg>
<arg>CF</arg>
<arg>CG</arg>
<arg>CH</arg>
<arg>CI</arg>
<arg>CK</arg>
<arg>CL</arg>
<arg>CM</arg>
<arg>CN</arg>
<arg>CO</arg>
<arg>CR</arg>
<arg>CU</arg>
<arg>CV</arg>
<arg>CW</arg>
<arg>CX</arg>
<arg>CY</arg>
<arg>CZ</arg>
<arg>DE</arg>
<arg>DJ</arg>
<arg>DK</arg>
<arg>DM</arg>
<arg>DO</arg>
<arg>DZ</arg>
<arg>EC</arg>
<arg>EE</arg>
<arg>EG</arg>
<arg>EH</arg>
<arg>ER</arg>
<arg>ES</arg>
<arg>ET</arg>
<arg>FI</arg>
<arg>FJ</arg>
<arg>FK</arg>
<arg>FM</arg>
<arg>FO</arg>
<arg>FR</arg>
<arg>GA</arg>
<arg>GB</arg>
<arg>GD</arg>
<arg>GE</arg>
<arg>GF</arg>
<arg>GG</arg>
<arg>GH</arg>
<arg>GI</arg>
<arg>GL</arg>
<arg>GM</arg>
<arg>GN</arg>
<arg>GP</arg>
<arg>GQ</arg>
<arg>GR</arg>
<arg>GS</arg>
<arg>GT</arg>
<arg>GU</arg>
<arg>GW</arg>
<arg>GY</arg>
<arg>HK</arg>
<arg>HM</arg>
<arg>HN</arg>
<arg>HR</arg>
<arg>HT</arg>
<arg>HU</arg>
<arg>ID</arg>
<arg>IE</arg>
<arg>IL</arg>
<arg>IM</arg>
<arg>IN</arg>
<arg>IO</arg>
<arg>IQ</arg>
<arg>IR</arg>
<arg>IS</arg>
<arg>IT</arg>
<arg>JE</arg>
<arg>JM</arg>
<arg>JO</arg>
<arg>JP</arg>
<arg>KE</arg>
<arg>KG</arg>
<arg>KH</arg>
<arg>KI</arg>
<arg>KM</arg>
<arg>KN</arg>
<arg>KP</arg>
<arg>KR</arg>
<arg>KW</arg>
<arg>KY</arg>
<arg>KZ</arg>
<arg>LA</arg>
<arg>LB</arg>
<arg>LC</arg>
<arg>LI</arg>
<arg>LK</arg>
<arg>LR</arg>
<arg>LS</arg>
<arg>LT</arg>
<arg>LU</arg>
<arg>LV</arg>
<arg>LY</arg>
<arg>MA</arg>
<arg>MC</arg>
<arg>MD</arg>
<arg>ME</arg>
<arg>MF</arg>
<arg>MG</arg>
<arg>MH</arg>
<arg>MK</arg>
<arg>ML</arg>
<arg>MM</arg>
<arg>MN</arg>
<arg>MO</arg>
<arg>MP</arg>
<arg>MQ</arg>
<arg>MR</arg>
<arg>MS</arg>
<arg>MT</arg>
<arg>MU</arg>
<arg>MV</arg>
<arg>MW</arg>
<arg>MX</arg>
<arg>MY</arg>
<arg>MZ</arg>
<arg>NA</arg>
<arg>NC</arg>
<arg>NE</arg>
<arg>NF</arg>
<arg>NG</arg>
<arg>NI</arg>
<arg>NL</arg>
<arg>NO</arg>
<arg>NP</arg>
<arg>NR</arg>
<arg>NU</arg>
<arg>NZ</arg>
<arg>OM</arg>
<arg>PA</arg>
<arg>PE</arg>
<arg>PF</arg>
<arg>PG</arg>
<arg>PH</arg>
<arg>PK</arg>
<arg>PL</arg>
<arg>PM</arg>
<arg>PN</arg>
<arg>PR</arg>
<arg>PS</arg>
<arg>PT</arg>
<arg>PW</arg>
<arg>PY</arg>
<arg>QA</arg>
<arg>RE</arg>
<arg>RO</arg>
<arg>RS</arg>
<arg>RU</arg>
<arg>RW</arg>
<arg>SA</arg>
<arg>SB</arg>
<arg>SC</arg>
<arg>SD</arg>
<arg>SE</arg>
<arg>SG</arg>
<arg>SH</arg>
<arg>SI</arg>
<arg>SJ</arg>
<arg>SK</arg>
<arg>SL</arg>
<arg>SM</arg>
<arg>SN</arg>
<arg>SO</arg>
<arg>SR</arg>
<arg>SS</arg>
<arg>ST</arg>
<arg>SV</arg>
<arg>SX</arg>
<arg>SY</arg>
<arg>SZ</arg>
<arg>TC</arg>
<arg>TD</arg>
<arg>TF</arg>
<arg>TG</arg>
<arg>TH</arg>
<arg>TJ</arg>
<arg>TK</arg>
<arg>TL</arg>
<arg>TM</arg>
<arg>TN</arg>
<arg>TO</arg>
<arg>TR</arg>
<arg>TT</arg>
<arg>TV</arg>
<arg>TW</arg>
<arg>TZ</arg>
<arg>UA</arg>
<arg>UG</arg>
<arg>UM</arg>
<arg>US</arg>
<arg>UY</arg>
<arg>UZ</arg>
<arg>VA</arg>
<arg>VC</arg>
<arg>VE</arg>
<arg>VG</arg>
<arg>VI</arg>
<arg>VN</arg>
<arg>VU</arg>
<arg>WF</arg>
<arg>WS</arg>
<arg>XK</arg>
<arg>YE</arg>
<arg>YT</arg>
<arg>ZA</arg>
<arg>ZM</arg>
<arg>ZW</arg>
<doc>Returns a list containing given items.</doc>
<status status="PASS" start="2024-05-20T08:18:50.515045" elapsed="0.000627"/>
</kw>
<kw name="List Should Contain Value" owner="Collections">
<msg time="2024-05-20T08:18:50.516657" level="INFO">False</msg>
<arg>${list_country}</arg>
<arg>${name_country}</arg>
<doc>Fails if the ``value`` is not found from ``list``.</doc>
<status status="PASS" start="2024-05-20T08:18:50.516456" elapsed="0.000238"/>
</kw>
<kw name="Run Keyword If" owner="BuiltIn">
<kw name="Should Be True" owner="BuiltIn">
<arg>${True}</arg>
<doc>Fails if the given condition is not true.</doc>
<status status="PASS" start="2024-05-20T08:18:50.517778" elapsed="0.000282"/>
</kw>
<arg>${json_data["results"][0]["location"]["coordinates"]["latitude"]} &gt;= -90 and ${json_data["results"][0]["location"]["coordinates"]["latitude"]} &lt;= 90</arg>
<arg>Should Be True</arg>
<arg>${True}</arg>
<doc>Runs the given keyword with the given arguments, if ``condition`` is true.</doc>
<status status="PASS" start="2024-05-20T08:18:50.517007" elapsed="0.001191"/>
</kw>
<kw name="Run Keyword If" owner="BuiltIn">
<kw name="Should Be True" owner="BuiltIn">
<arg>${True}</arg>
<doc>Fails if the given condition is not true.</doc>
<status status="PASS" start="2024-05-20T08:18:50.519091" elapsed="0.000140"/>
</kw>
<arg>${json_data["results"][0]["location"]["coordinates"]["longitude"]} &gt;= -180 and ${json_data["results"][0]["location"]["coordinates"]["longitude"]} &lt;= 180</arg>
<arg>Should Be True</arg>
<arg>${True}</arg>
<doc>Runs the given keyword with the given arguments, if ``condition`` is true.</doc>
<status status="PASS" start="2024-05-20T08:18:50.518386" elapsed="0.000968"/>
</kw>
<status status="PASS" start="2024-05-20T08:18:50.413231" elapsed="0.106255"/>
</kw>
<doc>Testa o conteúdo específico dos campos retornados pela API.</doc>
<tag>testeConteudo</tag>
<status status="PASS" start="2024-05-20T08:18:50.412568" elapsed="0.107069"/>
</test>
<status status="PASS" start="2024-05-20T08:18:49.627379" elapsed="0.894203"/>
</suite>
<status status="PASS" start="2024-05-20T08:18:49.613701" elapsed="0.913080"/>
</suite>
<statistics>
<total>
<stat pass="5" fail="0" skip="0">All Tests</stat>
</total>
<tag>
<stat pass="1" fail="0" skip="0">testeConteudo</stat>
<stat pass="1" fail="0" skip="0">testeEstruturaResposta</stat>
<stat pass="1" fail="0" skip="0">testeRequisicaoBasica</stat>
<stat pass="1" fail="0" skip="0">testeTiposDados</stat>
</tag>
<suite>
<stat pass="5" fail="0" skip="0" id="s1" name="Tests">Tests</stat>
<stat pass="5" fail="0" skip="0" id="s1-s1" name="Random-User-Test">Tests.Random-User-Test</stat>
</suite>
</statistics>
<errors>
</errors>
</robot>
