<?xml version="1.0" encoding="UTF-8"?>
<robot generator="Robot 7.0.1 (Python 3.12.4 on linux)" generated="2024-07-05T19:11:52.424662" rpa="false" schemaversion="5">
<suite id="s1" name="Tests" source="/home/runner/work/ApiRandomUser/ApiRandomUser/RamdonUser/tests">
<suite id="s1-s1" name="Random-User-Test" source="/home/runner/work/ApiRandomUser/ApiRandomUser/RamdonUser/tests/random-user-test.robot">
<test id="s1-s1-t1" name="Conectar" line="13">
<kw name="Conectar API" owner="random-user-service">
<kw name="Create Session" owner="RequestsLibrary">
<msg time="2024-07-05T19:11:52.839692" level="INFO">Creating Session using : alias=consultarAPI, url=https://randomuser.me/, headers={},                     cookies={}, auth=None, timeout=None, proxies=None, verify=False,                     debug=0 </msg>
<arg>consultarAPI</arg>
<arg>${URL}</arg>
<doc>Create Session: create a HTTP session to a server</doc>
<status status="PASS" start="2024-07-05T19:11:52.839496" elapsed="0.000363"/>
</kw>
<status status="PASS" start="2024-07-05T19:11:52.838602" elapsed="0.001603"/>
</kw>
<status status="PASS" start="2024-07-05T19:11:52.838017" elapsed="0.002378"/>
</test>
<test id="s1-s1-t2" name="Validar retorno 200 e JSON Válido" line="16">
<kw name="Teste de Requisicao Basica" owner="random-user-service">
<kw name="GET On Session" owner="RequestsLibrary">
<msg time="2024-07-05T19:11:52.915077" level="INFO">GET Request : url=https://randomuser.me/api 
 path_url=/api 
 headers={'User-Agent': 'python-requests/2.32.3', 'Accept-Encoding': 'gzip, deflate', 'Accept': '*/*', 'Connection': 'keep-alive'} 
 body=None 
 </msg>
<msg time="2024-07-05T19:11:52.915178" level="INFO">GET Response : url=https://randomuser.me/api 
 status=200, reason=OK 
 headers={'Date': 'Fri, 05 Jul 2024 19:11:52 GMT', 'Content-Type': 'application/json; charset=utf-8', 'Transfer-Encoding': 'chunked', 'Connection': 'keep-alive', 'X-Powered-By': 'Express', 'Access-Control-Allow-Origin': '*', 'Cache-Control': 'no-cache', 'ETag': 'W/"4ae-Vc6/r+qVg7QipmKLl/UmAGH7XpE"', 'Vary': 'Accept-Encoding', 'Content-Encoding': 'gzip', 'CF-Cache-Status': 'DYNAMIC', 'Report-To': '{"endpoints":[{"url":"https:\\/\\/a.nel.cloudflare.com\\/report\\/v4?s=7OKNtx0YoR6K1MHRzLXQncdcO4MTrZSUdgdM4KtyIZcu0x1Cbv%2B4zF3wbGmBXuXTx8MXMCWXdiB%2FSqCXXAo0M5WKo2J%2BXUWgv60geITyBk2bSsMDnk%2BzJalmJkbEfjnF"}],"group":"cf-nel","max_age":604800}', 'NEL': '{"success_fraction":0,"report_to":"cf-nel","max_age":604800}', 'Server': 'cloudflare', 'CF-RAY': '89e9a9d37a42824b-IAD', 'alt-svc': 'h3=":443"; ma=86400'} 
 body={"results":[{"gender":"female","name":{"title":"Mrs","first":"Hannah","last":"Bates"},"location":{"street":{"number":9603,"name":"Country Club Rd"},"city":"Bunbury","state":"Australian Capital Territory","country":"Australia","postcode":7119,"coordinates":{"latitude":"-83.2563","longitude":"118.9330"},"timezone":{"offset":"-5:00","description":"Eastern Time (US &amp; Canada), Bogota, Lima"}},"email":"hannah.bates@example.com","login":{"uuid":"6064f231-c66d-460c-83cd-9e6cebdf9ca9","username":"ticklishmouse926","password":"ricky","salt":"AzYAaVFn","md5":"876c7c0cb91f8c46d42fcd27e648118b","sha1":"79b481bf9973fcedb8a97875044065136368fc19","sha256":"a939892340b6d573b610920c4d46d226776bf74a0bd2be5ef2e4fe21d6a47c16"},"dob":{"date":"1969-03-01T23:43:03.615Z","age":55},"registered":{"date":"2018-05-25T05:26:51.531Z","age":6},"phone":"07-8957-6553","cell":"0486-948-338","id":{"name":"TFN","value":"398074707"},"picture":{"large":"https://randomuser.me/api/portraits/women/89.jpg","medium":"https://randomuser.me/api/portraits/med/women/89.jpg","thumbnail":"https://randomuser.me/api/portraits/thumb/women/89.jpg"},"nat":"AU"}],"info":{"seed":"3fda0281cc8ee38d","results":1,"page":1,"version":"1.4"}} 
 </msg>
<msg time="2024-07-05T19:11:52.915246" level="INFO">/opt/hostedtoolcache/Python/3.12.4/x64/lib/python3.12/site-packages/urllib3/connectionpool.py:1099: InsecureRequestWarning: Unverified HTTPS request is being made to host 'randomuser.me'. Adding certificate verification is strongly advised. See: https://urllib3.readthedocs.io/en/latest/advanced-usage.html#tls-warnings
  warnings.warn(</msg>
<msg time="2024-07-05T19:11:52.915372" level="INFO">${response} = &lt;Response [200]&gt;</msg>
<var>${response}</var>
<arg>consultarAPI</arg>
<arg>/api</arg>
<doc>Sends a GET request on a previously created HTTP Session.</doc>
<status status="PASS" start="2024-07-05T19:11:52.843038" elapsed="0.072375"/>
</kw>
<kw name="Should Be Equal As Numbers" owner="BuiltIn">
<msg time="2024-07-05T19:11:52.916261" level="INFO">Argument types are:
&lt;class 'int'&gt;
&lt;class 'str'&gt;</msg>
<arg>${response.status_code}</arg>
<arg>200</arg>
<doc>Fails if objects are unequal after converting them to real numbers.</doc>
<status status="PASS" start="2024-07-05T19:11:52.915862" elapsed="0.000460"/>
</kw>
<kw name="Log" owner="BuiltIn">
<msg time="2024-07-05T19:11:52.916988" level="INFO">200</msg>
<arg>${response.status_code}</arg>
<doc>Logs the given message with the given level.</doc>
<status status="PASS" start="2024-07-05T19:11:52.916642" elapsed="0.000386"/>
</kw>
<kw name="Set Variable" owner="BuiltIn">
<msg time="2024-07-05T19:11:52.917777" level="INFO">${json_data} = {'results': [{'gender': 'female', 'name': {'title': 'Mrs', 'first': 'Hannah', 'last': 'Bates'}, 'location': {'street': {'number': 9603, 'name': 'Country Club Rd'}, 'city': 'Bunbury', 'state': 'Austral...</msg>
<var>${json_data}</var>
<arg>${response.json()}</arg>
<doc>Returns the given values which can then be assigned to a variables.</doc>
<status status="PASS" start="2024-07-05T19:11:52.917327" elapsed="0.000479"/>
</kw>
<kw name="Dictionary Should Contain Key" owner="Collections">
<arg>${json_data}</arg>
<arg>results</arg>
<doc>Fails if ``key`` is not found from ``dictionary``.</doc>
<status status="PASS" start="2024-07-05T19:11:52.918102" elapsed="0.000160"/>
</kw>
<status status="PASS" start="2024-07-05T19:11:52.842794" elapsed="0.075615"/>
</kw>
<doc>Testa se a API responde corretamente e retorna um objeto JSON válido.</doc>
<tag>testeRequisicaoBasica</tag>
<status status="PASS" start="2024-07-05T19:11:52.842283" elapsed="0.076321"/>
</test>
<test id="s1-s1-t3" name="Validar estrutura de resposta" line="22">
<kw name="Teste de Estrutura de Resposta" owner="random-user-service">
<kw name="GET On Session" owner="RequestsLibrary">
<msg time="2024-07-05T19:11:53.022004" level="INFO">GET Request : url=https://randomuser.me/api 
 path_url=/api 
 headers={'User-Agent': 'python-requests/2.32.3', 'Accept-Encoding': 'gzip, deflate', 'Accept': '*/*', 'Connection': 'keep-alive'} 
 body=None 
 </msg>
<msg time="2024-07-05T19:11:53.022074" level="INFO">GET Response : url=https://randomuser.me/api 
 status=200, reason=OK 
 headers={'Date': 'Fri, 05 Jul 2024 19:11:53 GMT', 'Content-Type': 'application/json; charset=utf-8', 'Transfer-Encoding': 'chunked', 'Connection': 'keep-alive', 'X-Powered-By': 'Express', 'Access-Control-Allow-Origin': '*', 'Cache-Control': 'no-cache', 'ETag': 'W/"483-5egn/rd5qeLykuTYAMLRGDTOP5Q"', 'Vary': 'Accept-Encoding', 'Content-Encoding': 'gzip', 'CF-Cache-Status': 'DYNAMIC', 'Report-To': '{"endpoints":[{"url":"https:\\/\\/a.nel.cloudflare.com\\/report\\/v4?s=0ipAiJR8mmgsDeQbpM8OI7EFpSv5hHUf1ZuCvvhjlV2h7TRItGrExCKzwqYizaV9EqCKeDLwSVcauYD8j3CeKDHazCmeUH8vJMAGc6eKzzEibXMHF63patp5rpXOYVg8"}],"group":"cf-nel","max_age":604800}', 'NEL': '{"success_fraction":0,"report_to":"cf-nel","max_age":604800}', 'Server': 'cloudflare', 'CF-RAY': '89e9a9d3ca9a824b-IAD', 'alt-svc': 'h3=":443"; ma=86400'} 
 body={"results":[{"gender":"male","name":{"title":"Mr","first":"Jitse","last":"De Hond"},"location":{"street":{"number":1673,"name":"Kureweg"},"city":"Hoge Hexel","state":"Friesland","country":"Netherlands","postcode":"8607 HP","coordinates":{"latitude":"36.5091","longitude":"-39.4013"},"timezone":{"offset":"+2:00","description":"Kaliningrad, South Africa"}},"email":"jitse.dehond@example.com","login":{"uuid":"7282f536-94d1-4c3e-914f-521ee0945ff0","username":"crazyzebra431","password":"asia","salt":"Js2fUn5M","md5":"a741f4861cfc8f60d0424900f78c330c","sha1":"04d87bad370fcf3d9a66b005eb38293bf5afe204","sha256":"2c79e3683b061baf671183ed7cbca3b99236e6d2d0742182a377d02eefbe7e9c"},"dob":{"date":"1953-06-20T20:52:37.938Z","age":71},"registered":{"date":"2004-01-15T12:03:43.547Z","age":20},"phone":"(080) 5239905","cell":"(06) 87325089","id":{"name":"BSN","value":"06976412"},"picture":{"large":"https://randomuser.me/api/portraits/men/91.jpg","medium":"https://randomuser.me/api/portraits/med/men/91.jpg","thumbnail":"https://randomuser.me/api/portraits/thumb/men/91.jpg"},"nat":"NL"}],"info":{"seed":"3ab9ad23148d6a82","results":1,"page":1,"version":"1.4"}} 
 </msg>
<msg time="2024-07-05T19:11:53.022175" level="INFO">/opt/hostedtoolcache/Python/3.12.4/x64/lib/python3.12/site-packages/urllib3/connectionpool.py:1099: InsecureRequestWarning: Unverified HTTPS request is being made to host 'randomuser.me'. Adding certificate verification is strongly advised. See: https://urllib3.readthedocs.io/en/latest/advanced-usage.html#tls-warnings
  warnings.warn(</msg>
<msg time="2024-07-05T19:11:53.022289" level="INFO">${response} = &lt;Response [200]&gt;</msg>
<var>${response}</var>
<arg>consultarAPI</arg>
<arg>/api</arg>
<doc>Sends a GET request on a previously created HTTP Session.</doc>
<status status="PASS" start="2024-07-05T19:11:52.921067" elapsed="0.101252"/>
</kw>
<kw name="Set Variable" owner="BuiltIn">
<msg time="2024-07-05T19:11:53.023113" level="INFO">${json_data} = {'results': [{'gender': 'male', 'name': {'title': 'Mr', 'first': 'Jitse', 'last': 'De Hond'}, 'location': {'street': {'number': 1673, 'name': 'Kureweg'}, 'city': 'Hoge Hexel', 'state': 'Friesland', 'c...</msg>
<var>${json_data}</var>
<arg>${response.json()}</arg>
<doc>Returns the given values which can then be assigned to a variables.</doc>
<status status="PASS" start="2024-07-05T19:11:53.022667" elapsed="0.000474"/>
</kw>
<kw name="Log" owner="BuiltIn">
<msg time="2024-07-05T19:11:53.023589" level="INFO">{'results': [{'gender': 'male', 'name': {'title': 'Mr', 'first': 'Jitse', 'last': 'De Hond'}, 'location': {'street': {'number': 1673, 'name': 'Kureweg'}, 'city': 'Hoge Hexel', 'state': 'Friesland', 'country': 'Netherlands', 'postcode': '8607 HP', 'coordinates': {'latitude': '36.5091', 'longitude': '-39.4013'}, 'timezone': {'offset': '+2:00', 'description': 'Kaliningrad, South Africa'}}, 'email': 'jitse.dehond@example.com', 'login': {'uuid': '7282f536-94d1-4c3e-914f-521ee0945ff0', 'username': 'crazyzebra431', 'password': 'asia', 'salt': 'Js2fUn5M', 'md5': 'a741f4861cfc8f60d0424900f78c330c', 'sha1': '04d87bad370fcf3d9a66b005eb38293bf5afe204', 'sha256': '2c79e3683b061baf671183ed7cbca3b99236e6d2d0742182a377d02eefbe7e9c'}, 'dob': {'date': '1953-06-20T20:52:37.938Z', 'age': 71}, 'registered': {'date': '2004-01-15T12:03:43.547Z', 'age': 20}, 'phone': '(080) 5239905', 'cell': '(06) 87325089', 'id': {'name': 'BSN', 'value': '06976412'}, 'picture': {'large': 'https://randomuser.me/api/portraits/men/91.jpg', 'medium': 'https://randomuser.me/api/portraits/med/men/91.jpg', 'thumbnail': 'https://randomuser.me/api/portraits/thumb/men/91.jpg'}, 'nat': 'NL'}], 'info': {'seed': '3ab9ad23148d6a82', 'results': 1, 'page': 1, 'version': '1.4'}}</msg>
<arg>${json_data}</arg>
<doc>Logs the given message with the given level.</doc>
<status status="PASS" start="2024-07-05T19:11:53.023438" elapsed="0.000198"/>
</kw>
<kw name="Dictionary Should Contain Key" owner="Collections">
<arg>${json_data}</arg>
<arg>results</arg>
<doc>Fails if ``key`` is not found from ``dictionary``.</doc>
<status status="PASS" start="2024-07-05T19:11:53.023918" elapsed="0.000156"/>
</kw>
<kw name="Should Not Be Empty" owner="BuiltIn">
<msg time="2024-07-05T19:11:53.024381" level="INFO">Length is 2.</msg>
<arg>${json_data}</arg>
<doc>Verifies that the given item is not empty.</doc>
<status status="PASS" start="2024-07-05T19:11:53.024257" elapsed="0.000161"/>
</kw>
<kw name="Create List" owner="BuiltIn">
<msg time="2024-07-05T19:11:53.024847" level="INFO">${expected_keys} = ['gender', 'name', 'location', 'email', 'login']</msg>
<var>${expected_keys}</var>
<arg>gender</arg>
<arg>name</arg>
<arg>location</arg>
<arg>email</arg>
<arg>login</arg>
<doc>Returns a list containing given items.</doc>
<status status="PASS" start="2024-07-05T19:11:53.024705" elapsed="0.000165"/>
</kw>
<for flavor="IN">
<iter>
<kw name="Dictionary Should Contain Key" owner="Collections">
<arg>${json_data['results'][0]}</arg>
<arg>${key}</arg>
<doc>Fails if ``key`` is not found from ``dictionary``.</doc>
<status status="PASS" start="2024-07-05T19:11:53.025557" elapsed="0.000417"/>
</kw>
<kw name="Log" owner="BuiltIn">
<msg time="2024-07-05T19:11:53.026515" level="INFO">{'gender': 'male', 'name': {'title': 'Mr', 'first': 'Jitse', 'last': 'De Hond'}, 'location': {'street': {'number': 1673, 'name': 'Kureweg'}, 'city': 'Hoge Hexel', 'state': 'Friesland', 'country': 'Netherlands', 'postcode': '8607 HP', 'coordinates': {'latitude': '36.5091', 'longitude': '-39.4013'}, 'timezone': {'offset': '+2:00', 'description': 'Kaliningrad, South Africa'}}, 'email': 'jitse.dehond@example.com', 'login': {'uuid': '7282f536-94d1-4c3e-914f-521ee0945ff0', 'username': 'crazyzebra431', 'password': 'asia', 'salt': 'Js2fUn5M', 'md5': 'a741f4861cfc8f60d0424900f78c330c', 'sha1': '04d87bad370fcf3d9a66b005eb38293bf5afe204', 'sha256': '2c79e3683b061baf671183ed7cbca3b99236e6d2d0742182a377d02eefbe7e9c'}, 'dob': {'date': '1953-06-20T20:52:37.938Z', 'age': 71}, 'registered': {'date': '2004-01-15T12:03:43.547Z', 'age': 20}, 'phone': '(080) 5239905', 'cell': '(06) 87325089', 'id': {'name': 'BSN', 'value': '06976412'}, 'picture': {'large': 'https://randomuser.me/api/portraits/men/91.jpg', 'medium': 'https://randomuser.me/api/portraits/med/men/91.jpg', 'thumbnail': 'https://randomuser.me/api/portraits/thumb/men/91.jpg'}, 'nat': 'NL'}</msg>
<arg>${json_data['results'][0]}</arg>
<doc>Logs the given message with the given level.</doc>
<status status="PASS" start="2024-07-05T19:11:53.026160" elapsed="0.000404"/>
</kw>
<kw name="Log" owner="BuiltIn">
<msg time="2024-07-05T19:11:53.026979" level="INFO">gender</msg>
<arg>${key}</arg>
<doc>Logs the given message with the given level.</doc>
<status status="PASS" start="2024-07-05T19:11:53.026854" elapsed="0.000161"/>
</kw>
<var name="${key}">gender</var>
<status status="PASS" start="2024-07-05T19:11:53.025436" elapsed="0.001792"/>
</iter>
<iter>
<kw name="Dictionary Should Contain Key" owner="Collections">
<arg>${json_data['results'][0]}</arg>
<arg>${key}</arg>
<doc>Fails if ``key`` is not found from ``dictionary``.</doc>
<status status="PASS" start="2024-07-05T19:11:53.027523" elapsed="0.000384"/>
</kw>
<kw name="Log" owner="BuiltIn">
<msg time="2024-07-05T19:11:53.028425" level="INFO">{'gender': 'male', 'name': {'title': 'Mr', 'first': 'Jitse', 'last': 'De Hond'}, 'location': {'street': {'number': 1673, 'name': 'Kureweg'}, 'city': 'Hoge Hexel', 'state': 'Friesland', 'country': 'Netherlands', 'postcode': '8607 HP', 'coordinates': {'latitude': '36.5091', 'longitude': '-39.4013'}, 'timezone': {'offset': '+2:00', 'description': 'Kaliningrad, South Africa'}}, 'email': 'jitse.dehond@example.com', 'login': {'uuid': '7282f536-94d1-4c3e-914f-521ee0945ff0', 'username': 'crazyzebra431', 'password': 'asia', 'salt': 'Js2fUn5M', 'md5': 'a741f4861cfc8f60d0424900f78c330c', 'sha1': '04d87bad370fcf3d9a66b005eb38293bf5afe204', 'sha256': '2c79e3683b061baf671183ed7cbca3b99236e6d2d0742182a377d02eefbe7e9c'}, 'dob': {'date': '1953-06-20T20:52:37.938Z', 'age': 71}, 'registered': {'date': '2004-01-15T12:03:43.547Z', 'age': 20}, 'phone': '(080) 5239905', 'cell': '(06) 87325089', 'id': {'name': 'BSN', 'value': '06976412'}, 'picture': {'large': 'https://randomuser.me/api/portraits/men/91.jpg', 'medium': 'https://randomuser.me/api/portraits/med/men/91.jpg', 'thumbnail': 'https://randomuser.me/api/portraits/thumb/men/91.jpg'}, 'nat': 'NL'}</msg>
<arg>${json_data['results'][0]}</arg>
<doc>Logs the given message with the given level.</doc>
<status status="PASS" start="2024-07-05T19:11:53.028084" elapsed="0.000421"/>
</kw>
<kw name="Log" owner="BuiltIn">
<msg time="2024-07-05T19:11:53.028925" level="INFO">name</msg>
<arg>${key}</arg>
<doc>Logs the given message with the given level.</doc>
<status status="PASS" start="2024-07-05T19:11:53.028799" elapsed="0.000163"/>
</kw>
<var name="${key}">name</var>
<status status="PASS" start="2024-07-05T19:11:53.027409" elapsed="0.001769"/>
</iter>
<iter>
<kw name="Dictionary Should Contain Key" owner="Collections">
<arg>${json_data['results'][0]}</arg>
<arg>${key}</arg>
<doc>Fails if ``key`` is not found from ``dictionary``.</doc>
<status status="PASS" start="2024-07-05T19:11:53.029457" elapsed="0.000404"/>
</kw>
<kw name="Log" owner="BuiltIn">
<msg time="2024-07-05T19:11:53.030411" level="INFO">{'gender': 'male', 'name': {'title': 'Mr', 'first': 'Jitse', 'last': 'De Hond'}, 'location': {'street': {'number': 1673, 'name': 'Kureweg'}, 'city': 'Hoge Hexel', 'state': 'Friesland', 'country': 'Netherlands', 'postcode': '8607 HP', 'coordinates': {'latitude': '36.5091', 'longitude': '-39.4013'}, 'timezone': {'offset': '+2:00', 'description': 'Kaliningrad, South Africa'}}, 'email': 'jitse.dehond@example.com', 'login': {'uuid': '7282f536-94d1-4c3e-914f-521ee0945ff0', 'username': 'crazyzebra431', 'password': 'asia', 'salt': 'Js2fUn5M', 'md5': 'a741f4861cfc8f60d0424900f78c330c', 'sha1': '04d87bad370fcf3d9a66b005eb38293bf5afe204', 'sha256': '2c79e3683b061baf671183ed7cbca3b99236e6d2d0742182a377d02eefbe7e9c'}, 'dob': {'date': '1953-06-20T20:52:37.938Z', 'age': 71}, 'registered': {'date': '2004-01-15T12:03:43.547Z', 'age': 20}, 'phone': '(080) 5239905', 'cell': '(06) 87325089', 'id': {'name': 'BSN', 'value': '06976412'}, 'picture': {'large': 'https://randomuser.me/api/portraits/men/91.jpg', 'medium': 'https://randomuser.me/api/portraits/med/men/91.jpg', 'thumbnail': 'https://randomuser.me/api/portraits/thumb/men/91.jpg'}, 'nat': 'NL'}</msg>
<arg>${json_data['results'][0]}</arg>
<doc>Logs the given message with the given level.</doc>
<status status="PASS" start="2024-07-05T19:11:53.030053" elapsed="0.000406"/>
</kw>
<kw name="Log" owner="BuiltIn">
<msg time="2024-07-05T19:11:53.030884" level="INFO">location</msg>
<arg>${key}</arg>
<doc>Logs the given message with the given level.</doc>
<status status="PASS" start="2024-07-05T19:11:53.030757" elapsed="0.000163"/>
</kw>
<var name="${key}">location</var>
<status status="PASS" start="2024-07-05T19:11:53.029351" elapsed="0.001783"/>
</iter>
<iter>
<kw name="Dictionary Should Contain Key" owner="Collections">
<arg>${json_data['results'][0]}</arg>
<arg>${key}</arg>
<doc>Fails if ``key`` is not found from ``dictionary``.</doc>
<status status="PASS" start="2024-07-05T19:11:53.031419" elapsed="0.000385"/>
</kw>
<kw name="Log" owner="BuiltIn">
<msg time="2024-07-05T19:11:53.032329" level="INFO">{'gender': 'male', 'name': {'title': 'Mr', 'first': 'Jitse', 'last': 'De Hond'}, 'location': {'street': {'number': 1673, 'name': 'Kureweg'}, 'city': 'Hoge Hexel', 'state': 'Friesland', 'country': 'Netherlands', 'postcode': '8607 HP', 'coordinates': {'latitude': '36.5091', 'longitude': '-39.4013'}, 'timezone': {'offset': '+2:00', 'description': 'Kaliningrad, South Africa'}}, 'email': 'jitse.dehond@example.com', 'login': {'uuid': '7282f536-94d1-4c3e-914f-521ee0945ff0', 'username': 'crazyzebra431', 'password': 'asia', 'salt': 'Js2fUn5M', 'md5': 'a741f4861cfc8f60d0424900f78c330c', 'sha1': '04d87bad370fcf3d9a66b005eb38293bf5afe204', 'sha256': '2c79e3683b061baf671183ed7cbca3b99236e6d2d0742182a377d02eefbe7e9c'}, 'dob': {'date': '1953-06-20T20:52:37.938Z', 'age': 71}, 'registered': {'date': '2004-01-15T12:03:43.547Z', 'age': 20}, 'phone': '(080) 5239905', 'cell': '(06) 87325089', 'id': {'name': 'BSN', 'value': '06976412'}, 'picture': {'large': 'https://randomuser.me/api/portraits/men/91.jpg', 'medium': 'https://randomuser.me/api/portraits/med/men/91.jpg', 'thumbnail': 'https://randomuser.me/api/portraits/thumb/men/91.jpg'}, 'nat': 'NL'}</msg>
<arg>${json_data['results'][0]}</arg>
<doc>Logs the given message with the given level.</doc>
<status status="PASS" start="2024-07-05T19:11:53.031984" elapsed="0.000393"/>
</kw>
<kw name="Log" owner="BuiltIn">
<msg time="2024-07-05T19:11:53.032803" level="INFO">email</msg>
<arg>${key}</arg>
<doc>Logs the given message with the given level.</doc>
<status status="PASS" start="2024-07-05T19:11:53.032668" elapsed="0.000172"/>
</kw>
<var name="${key}">email</var>
<status status="PASS" start="2024-07-05T19:11:53.031302" elapsed="0.001756"/>
</iter>
<iter>
<kw name="Dictionary Should Contain Key" owner="Collections">
<arg>${json_data['results'][0]}</arg>
<arg>${key}</arg>
<doc>Fails if ``key`` is not found from ``dictionary``.</doc>
<status status="PASS" start="2024-07-05T19:11:53.033336" elapsed="0.000411"/>
</kw>
<kw name="Log" owner="BuiltIn">
<msg time="2024-07-05T19:11:53.034285" level="INFO">{'gender': 'male', 'name': {'title': 'Mr', 'first': 'Jitse', 'last': 'De Hond'}, 'location': {'street': {'number': 1673, 'name': 'Kureweg'}, 'city': 'Hoge Hexel', 'state': 'Friesland', 'country': 'Netherlands', 'postcode': '8607 HP', 'coordinates': {'latitude': '36.5091', 'longitude': '-39.4013'}, 'timezone': {'offset': '+2:00', 'description': 'Kaliningrad, South Africa'}}, 'email': 'jitse.dehond@example.com', 'login': {'uuid': '7282f536-94d1-4c3e-914f-521ee0945ff0', 'username': 'crazyzebra431', 'password': 'asia', 'salt': 'Js2fUn5M', 'md5': 'a741f4861cfc8f60d0424900f78c330c', 'sha1': '04d87bad370fcf3d9a66b005eb38293bf5afe204', 'sha256': '2c79e3683b061baf671183ed7cbca3b99236e6d2d0742182a377d02eefbe7e9c'}, 'dob': {'date': '1953-06-20T20:52:37.938Z', 'age': 71}, 'registered': {'date': '2004-01-15T12:03:43.547Z', 'age': 20}, 'phone': '(080) 5239905', 'cell': '(06) 87325089', 'id': {'name': 'BSN', 'value': '06976412'}, 'picture': {'large': 'https://randomuser.me/api/portraits/men/91.jpg', 'medium': 'https://randomuser.me/api/portraits/med/men/91.jpg', 'thumbnail': 'https://randomuser.me/api/portraits/thumb/men/91.jpg'}, 'nat': 'NL'}</msg>
<arg>${json_data['results'][0]}</arg>
<doc>Logs the given message with the given level.</doc>
<status status="PASS" start="2024-07-05T19:11:53.033929" elapsed="0.000403"/>
</kw>
<kw name="Log" owner="BuiltIn">
<msg time="2024-07-05T19:11:53.034751" level="INFO">login</msg>
<arg>${key}</arg>
<doc>Logs the given message with the given level.</doc>
<status status="PASS" start="2024-07-05T19:11:53.034625" elapsed="0.000162"/>
</kw>
<var name="${key}">login</var>
<status status="PASS" start="2024-07-05T19:11:53.033228" elapsed="0.001774"/>
</iter>
<var>${key}</var>
<value>@{expected_keys}</value>
<status status="PASS" start="2024-07-05T19:11:53.025256" elapsed="0.009867"/>
</for>
<kw name="Create List" owner="BuiltIn">
<msg time="2024-07-05T19:11:53.035445" level="INFO">${expected_keysTwo} = ['username', 'password']</msg>
<var>${expected_keysTwo}</var>
<arg>username</arg>
<arg>password</arg>
<doc>Returns a list containing given items.</doc>
<status status="PASS" start="2024-07-05T19:11:53.035312" elapsed="0.000156"/>
</kw>
<for flavor="IN">
<iter>
<kw name="Dictionary Should Contain Key" owner="Collections">
<arg>${json_data['results'][0]['login']}</arg>
<arg>${keyTwo}</arg>
<doc>Fails if ``key`` is not found from ``dictionary``.</doc>
<status status="PASS" start="2024-07-05T19:11:53.035987" elapsed="0.000380"/>
</kw>
<kw name="Dictionary Should Contain Key" owner="Collections">
<arg>${json_data['results'][0]['login']}</arg>
<arg>${keyTwo}</arg>
<doc>Fails if ``key`` is not found from ``dictionary``.</doc>
<status status="PASS" start="2024-07-05T19:11:53.036547" elapsed="0.000370"/>
</kw>
<kw name="Log" owner="BuiltIn">
<msg time="2024-07-05T19:11:53.037224" level="INFO">username</msg>
<arg>${keyTwo}</arg>
<doc>Logs the given message with the given level.</doc>
<status status="PASS" start="2024-07-05T19:11:53.037101" elapsed="0.000161"/>
</kw>
<var name="${keyTwo}">username</var>
<status status="PASS" start="2024-07-05T19:11:53.035879" elapsed="0.001603"/>
</iter>
<iter>
<kw name="Dictionary Should Contain Key" owner="Collections">
<arg>${json_data['results'][0]['login']}</arg>
<arg>${keyTwo}</arg>
<doc>Fails if ``key`` is not found from ``dictionary``.</doc>
<status status="PASS" start="2024-07-05T19:11:53.037782" elapsed="0.000382"/>
</kw>
<kw name="Dictionary Should Contain Key" owner="Collections">
<arg>${json_data['results'][0]['login']}</arg>
<arg>${keyTwo}</arg>
<doc>Fails if ``key`` is not found from ``dictionary``.</doc>
<status status="PASS" start="2024-07-05T19:11:53.038339" elapsed="0.000361"/>
</kw>
<kw name="Log" owner="BuiltIn">
<msg time="2024-07-05T19:11:53.038992" level="INFO">password</msg>
<arg>${keyTwo}</arg>
<doc>Logs the given message with the given level.</doc>
<status status="PASS" start="2024-07-05T19:11:53.038875" elapsed="0.000159"/>
</kw>
<var name="${keyTwo}">password</var>
<status status="PASS" start="2024-07-05T19:11:53.037674" elapsed="0.001581"/>
</iter>
<var>${keyTwo}</var>
<value>@{expected_keysTwo}</value>
<status status="PASS" start="2024-07-05T19:11:53.035726" elapsed="0.003648"/>
</for>
<status status="PASS" start="2024-07-05T19:11:52.920845" elapsed="0.118668"/>
</kw>
<doc>Testa a estrutura da resposta da API.</doc>
<tag>testeEstruturaResposta</tag>
<status status="PASS" start="2024-07-05T19:11:52.920378" elapsed="0.119281"/>
</test>
<test id="s1-s1-t4" name="Validar tipos de dados" line="28">
<kw name="Teste de Tipos de Dados" owner="random-user-service">
<kw name="GET On Session" owner="RequestsLibrary">
<msg time="2024-07-05T19:11:53.128402" level="INFO">GET Request : url=https://randomuser.me/api 
 path_url=/api 
 headers={'User-Agent': 'python-requests/2.32.3', 'Accept-Encoding': 'gzip, deflate', 'Accept': '*/*', 'Connection': 'keep-alive'} 
 body=None 
 </msg>
<msg time="2024-07-05T19:11:53.128484" level="INFO">GET Response : url=https://randomuser.me/api 
 status=200, reason=OK 
 headers={'Date': 'Fri, 05 Jul 2024 19:11:53 GMT', 'Content-Type': 'application/json; charset=utf-8', 'Transfer-Encoding': 'chunked', 'Connection': 'keep-alive', 'X-Powered-By': 'Express', 'Access-Control-Allow-Origin': '*', 'Cache-Control': 'no-cache', 'ETag': 'W/"48e-bzHh4j5u/wCy7c97Lx6k0F6qNdY"', 'Vary': 'Accept-Encoding', 'Content-Encoding': 'gzip', 'CF-Cache-Status': 'DYNAMIC', 'Report-To': '{"endpoints":[{"url":"https:\\/\\/a.nel.cloudflare.com\\/report\\/v4?s=XQ%2FI%2BVzfClyCZStQPKgoah3cyTZAUyjEKAo0cyjZiyJZgep1EfxESvu5mvBURyIoiVQvGB%2F3wWIa1%2F8lUjcjZrwOR52tPfzLLJCbfai%2BuRatL1oCASIQSrRjM%2FhtebLz"}],"group":"cf-nel","max_age":604800}', 'NEL': '{"success_fraction":0,"report_to":"cf-nel","max_age":604800}', 'Server': 'cloudflare', 'CF-RAY': '89e9a9d48ba7824b-IAD', 'alt-svc': 'h3=":443"; ma=86400'} 
 body={"results":[{"gender":"female","name":{"title":"Mrs","first":"Helen","last":"Grund"},"location":{"street":{"number":2131,"name":"Kastanienweg"},"city":"Freyburg (Unstrut)","state":"Berlin","country":"Germany","postcode":86828,"coordinates":{"latitude":"-51.6303","longitude":"142.5525"},"timezone":{"offset":"+6:00","description":"Almaty, Dhaka, Colombo"}},"email":"helen.grund@example.com","login":{"uuid":"649c3742-d088-4936-9332-021c23519932","username":"blackbear234","password":"candy","salt":"dHFJnxuo","md5":"e57cfc01a55677bcebc36cd916dcba79","sha1":"5d9584e3047c60f9fc43b5ab198bbb6c9dc43bdc","sha256":"41c0d634124b1eac58be35952ce72d88a1a3ad53a220b7ca4601ede2aba08c5d"},"dob":{"date":"1950-02-25T13:14:26.608Z","age":74},"registered":{"date":"2017-06-07T18:51:12.451Z","age":7},"phone":"0231-5621143","cell":"0173-7869052","id":{"name":"SVNR","value":"40 250250 G 537"},"picture":{"large":"https://randomuser.me/api/portraits/women/15.jpg","medium":"https://randomuser.me/api/portraits/med/women/15.jpg","thumbnail":"https://randomuser.me/api/portraits/thumb/women/15.jpg"},"nat":"DE"}],"info":{"seed":"27f08e468baa7236","results":1,"page":1,"version":"1.4"}} 
 </msg>
<msg time="2024-07-05T19:11:53.128555" level="INFO">/opt/hostedtoolcache/Python/3.12.4/x64/lib/python3.12/site-packages/urllib3/connectionpool.py:1099: InsecureRequestWarning: Unverified HTTPS request is being made to host 'randomuser.me'. Adding certificate verification is strongly advised. See: https://urllib3.readthedocs.io/en/latest/advanced-usage.html#tls-warnings
  warnings.warn(</msg>
<msg time="2024-07-05T19:11:53.128713" level="INFO">${response} = &lt;Response [200]&gt;</msg>
<var>${response}</var>
<arg>consultarAPI</arg>
<arg>/api</arg>
<doc>Sends a GET request on a previously created HTTP Session.</doc>
<status status="PASS" start="2024-07-05T19:11:53.042110" elapsed="0.086683"/>
</kw>
<kw name="Set Variable" owner="BuiltIn">
<msg time="2024-07-05T19:11:53.129703" level="INFO">${json_data} = {'results': [{'gender': 'female', 'name': {'title': 'Mrs', 'first': 'Helen', 'last': 'Grund'}, 'location': {'street': {'number': 2131, 'name': 'Kastanienweg'}, 'city': 'Freyburg (Unstrut)', 'state': '...</msg>
<var>${json_data}</var>
<arg>${response.json()}</arg>
<doc>Returns the given values which can then be assigned to a variables.</doc>
<status status="PASS" start="2024-07-05T19:11:53.129220" elapsed="0.000513"/>
</kw>
<kw name="Log" owner="BuiltIn">
<msg time="2024-07-05T19:11:53.130188" level="INFO">{'results': [{'gender': 'female', 'name': {'title': 'Mrs', 'first': 'Helen', 'last': 'Grund'}, 'location': {'street': {'number': 2131, 'name': 'Kastanienweg'}, 'city': 'Freyburg (Unstrut)', 'state': 'Berlin', 'country': 'Germany', 'postcode': 86828, 'coordinates': {'latitude': '-51.6303', 'longitude': '142.5525'}, 'timezone': {'offset': '+6:00', 'description': 'Almaty, Dhaka, Colombo'}}, 'email': 'helen.grund@example.com', 'login': {'uuid': '649c3742-d088-4936-9332-021c23519932', 'username': 'blackbear234', 'password': 'candy', 'salt': 'dHFJnxuo', 'md5': 'e57cfc01a55677bcebc36cd916dcba79', 'sha1': '5d9584e3047c60f9fc43b5ab198bbb6c9dc43bdc', 'sha256': '41c0d634124b1eac58be35952ce72d88a1a3ad53a220b7ca4601ede2aba08c5d'}, 'dob': {'date': '1950-02-25T13:14:26.608Z', 'age': 74}, 'registered': {'date': '2017-06-07T18:51:12.451Z', 'age': 7}, 'phone': '0231-5621143', 'cell': '0173-7869052', 'id': {'name': 'SVNR', 'value': '40 250250 G 537'}, 'picture': {'large': 'https://randomuser.me/api/portraits/women/15.jpg', 'medium': 'https://randomuser.me/api/portraits/med/women/15.jpg', 'thumbnail': 'https://randomuser.me/api/portraits/thumb/women/15.jpg'}, 'nat': 'DE'}], 'info': {'seed': '27f08e468baa7236', 'results': 1, 'page': 1, 'version': '1.4'}}</msg>
<arg>${json_data}</arg>
<doc>Logs the given message with the given level.</doc>
<status status="PASS" start="2024-07-05T19:11:53.130036" elapsed="0.000206"/>
</kw>
<kw name="Should Be String" owner="String">
<arg>${json_data['results'][0]['gender']}</arg>
<doc>Fails if the given ``item`` is not a string.</doc>
<status status="PASS" start="2024-07-05T19:11:53.130537" elapsed="0.000353"/>
</kw>
<kw name="Should Match Regexp" owner="BuiltIn">
<arg>${json_data['results'][0]['email']}</arg>
<arg>^[a-zA-Z0-9._%+-]+@[a-zA-Z0-9.-]+\.[a-zA-Z]{2,}$</arg>
<doc>Fails if ``string`` does not match ``pattern`` as a regular expression.</doc>
<status status="PASS" start="2024-07-05T19:11:53.131076" elapsed="0.000515"/>
</kw>
<kw name="Should Match Regexp" owner="BuiltIn">
<arg>${json_data['results'][0]['dob']['date']}</arg>
<arg>\\d{4}-\\d{2}-\\d{2}T\\d{2}:\\d{2}:\\d{2}\\.\\d{3}Z</arg>
<doc>Fails if ``string`` does not match ``pattern`` as a regular expression.</doc>
<status status="PASS" start="2024-07-05T19:11:53.131817" elapsed="0.000498"/>
</kw>
<kw name="Should Match Regexp" owner="BuiltIn">
<arg>${json_data['results'][0]['registered']['date']}</arg>
<arg>\\d{4}-\\d{2}-\\d{2}T\\d{2}:\\d{2}:\\d{2}\\.\\d{3}Z</arg>
<doc>Fails if ``string`` does not match ``pattern`` as a regular expression.</doc>
<status status="PASS" start="2024-07-05T19:11:53.132506" elapsed="0.000364"/>
</kw>
<kw name="Should Match Regexp" owner="BuiltIn">
<arg>${json_data['results'][0]['picture']['large']}</arg>
<arg>^https?://.*\.(?:png|jpe?g|gif|bmp)$</arg>
<doc>Fails if ``string`` does not match ``pattern`` as a regular expression.</doc>
<status status="PASS" start="2024-07-05T19:11:53.133054" elapsed="0.000453"/>
</kw>
<kw name="Should Match Regexp" owner="BuiltIn">
<arg>${json_data['results'][0]['picture']['medium']}</arg>
<arg>^https?://.*\.(?:png|jpe?g|gif|bmp)$</arg>
<doc>Fails if ``string`` does not match ``pattern`` as a regular expression.</doc>
<status status="PASS" start="2024-07-05T19:11:53.133721" elapsed="0.000355"/>
</kw>
<kw name="Should Match Regexp" owner="BuiltIn">
<arg>${json_data['results'][0]['picture']['thumbnail']}</arg>
<arg>^https?://.*\.(?:png|jpe?g|gif|bmp)$</arg>
<doc>Fails if ``string`` does not match ``pattern`` as a regular expression.</doc>
<status status="PASS" start="2024-07-05T19:11:53.134260" elapsed="0.000352"/>
</kw>
<kw name="Log" owner="BuiltIn">
<msg time="2024-07-05T19:11:53.135128" level="INFO">{'large': 'https://randomuser.me/api/portraits/women/15.jpg', 'medium': 'https://randomuser.me/api/portraits/med/women/15.jpg', 'thumbnail': 'https://randomuser.me/api/portraits/thumb/women/15.jpg'}</msg>
<arg>${json_data['results'][0]['picture']}</arg>
<doc>Logs the given message with the given level.</doc>
<status status="PASS" start="2024-07-05T19:11:53.134792" elapsed="0.000377"/>
</kw>
<status status="PASS" start="2024-07-05T19:11:53.041890" elapsed="0.093532"/>
</kw>
<kw name="Teste de Tipos de Dados - Postcode" owner="random-user-service">
<kw name="GET On Session" owner="RequestsLibrary">
<msg time="2024-07-05T19:11:53.218433" level="INFO">GET Request : url=https://randomuser.me/api 
 path_url=/api 
 headers={'User-Agent': 'python-requests/2.32.3', 'Accept-Encoding': 'gzip, deflate', 'Accept': '*/*', 'Connection': 'keep-alive'} 
 body=None 
 </msg>
<msg time="2024-07-05T19:11:53.218518" level="INFO">GET Response : url=https://randomuser.me/api 
 status=200, reason=OK 
 headers={'Date': 'Fri, 05 Jul 2024 19:11:53 GMT', 'Content-Type': 'application/json; charset=utf-8', 'Transfer-Encoding': 'chunked', 'Connection': 'keep-alive', 'X-Powered-By': 'Express', 'Access-Control-Allow-Origin': '*', 'Cache-Control': 'no-cache', 'ETag': 'W/"4a9-85aElXWbFRiu7d7HDD8ETuANm1Q"', 'Vary': 'Accept-Encoding', 'Content-Encoding': 'gzip', 'CF-Cache-Status': 'DYNAMIC', 'Report-To': '{"endpoints":[{"url":"https:\\/\\/a.nel.cloudflare.com\\/report\\/v4?s=ZBze83dAy0se5zker1CCIvE%2BQrhAinO3yO1FicVyl73N9Ixk6gI3N9LnA6wrK7c4JS764h0WbqZDVScwUtJvEWrCQy4wL8HkF1RyVfalgd4zU%2F7NJaF5TvhJ1KlNH%2BMF"}],"group":"cf-nel","max_age":604800}', 'NEL': '{"success_fraction":0,"report_to":"cf-nel","max_age":604800}', 'Server': 'cloudflare', 'CF-RAY': '89e9a9d52c7e824b-IAD', 'alt-svc': 'h3=":443"; ma=86400'} 
 body={"results":[{"gender":"female","name":{"title":"Miss","first":"Roselinde","last":"Rieß"},"location":{"street":{"number":4642,"name":"Rosenstraße"},"city":"Neumark","state":"Thüringen","country":"Germany","postcode":87866,"coordinates":{"latitude":"-53.9121","longitude":"0.3608"},"timezone":{"offset":"0:00","description":"Western Europe Time, London, Lisbon, Casablanca"}},"email":"roselinde.riess@example.com","login":{"uuid":"db477c9f-d046-4373-9b7c-00c9d09fcd73","username":"silverbear101","password":"iamgod","salt":"asznCovS","md5":"4ade6bb14a4f6e1f174dc130fae1a80e","sha1":"7a4fdabcea0ad35a2545c5ce92c34791e0365f31","sha256":"d99168521f6b5f13472158ceb8bd7c0b1a5d81475620bdcf3c168ffdc458a3e5"},"dob":{"date":"1988-03-06T08:22:38.408Z","age":36},"registered":{"date":"2013-10-16T00:40:49.856Z","age":10},"phone":"0069-7842245","cell":"0178-0622321","id":{"name":"SVNR","value":"11 060388 R 864"},"picture":{"large":"https://randomuser.me/api/portraits/women/81.jpg","medium":"https://randomuser.me/api/portraits/med/women/81.jpg","thumbnail":"https://randomuser.me/api/portraits/thumb/women/81.jpg"},"nat":"DE"}],"info":{"seed":"e10176365e146704","results":1,"page":1,"version":"1.4"}} 
 </msg>
<msg time="2024-07-05T19:11:53.218592" level="INFO">/opt/hostedtoolcache/Python/3.12.4/x64/lib/python3.12/site-packages/urllib3/connectionpool.py:1099: InsecureRequestWarning: Unverified HTTPS request is being made to host 'randomuser.me'. Adding certificate verification is strongly advised. See: https://urllib3.readthedocs.io/en/latest/advanced-usage.html#tls-warnings
  warnings.warn(</msg>
<msg time="2024-07-05T19:11:53.218757" level="INFO">${response} = &lt;Response [200]&gt;</msg>
<var>${response}</var>
<arg>consultarAPI</arg>
<arg>/api</arg>
<doc>Sends a GET request on a previously created HTTP Session.</doc>
<status status="PASS" start="2024-07-05T19:11:53.135852" elapsed="0.082949"/>
</kw>
<kw name="Set Variable" owner="BuiltIn">
<msg time="2024-07-05T19:11:53.219625" level="INFO">${json_data} = {'results': [{'gender': 'female', 'name': {'title': 'Miss', 'first': 'Roselinde', 'last': 'Rieß'}, 'location': {'street': {'number': 4642, 'name': 'Rosenstraße'}, 'city': 'Neumark', 'state': 'Thüringe...</msg>
<var>${json_data}</var>
<arg>${response.json()}</arg>
<doc>Returns the given values which can then be assigned to a variables.</doc>
<status status="PASS" start="2024-07-05T19:11:53.219186" elapsed="0.000469"/>
</kw>
<kw name="Log" owner="BuiltIn">
<msg time="2024-07-05T19:11:53.220114" level="INFO">{'results': [{'gender': 'female', 'name': {'title': 'Miss', 'first': 'Roselinde', 'last': 'Rieß'}, 'location': {'street': {'number': 4642, 'name': 'Rosenstraße'}, 'city': 'Neumark', 'state': 'Thüringen', 'country': 'Germany', 'postcode': 87866, 'coordinates': {'latitude': '-53.9121', 'longitude': '0.3608'}, 'timezone': {'offset': '0:00', 'description': 'Western Europe Time, London, Lisbon, Casablanca'}}, 'email': 'roselinde.riess@example.com', 'login': {'uuid': 'db477c9f-d046-4373-9b7c-00c9d09fcd73', 'username': 'silverbear101', 'password': 'iamgod', 'salt': 'asznCovS', 'md5': '4ade6bb14a4f6e1f174dc130fae1a80e', 'sha1': '7a4fdabcea0ad35a2545c5ce92c34791e0365f31', 'sha256': 'd99168521f6b5f13472158ceb8bd7c0b1a5d81475620bdcf3c168ffdc458a3e5'}, 'dob': {'date': '1988-03-06T08:22:38.408Z', 'age': 36}, 'registered': {'date': '2013-10-16T00:40:49.856Z', 'age': 10}, 'phone': '0069-7842245', 'cell': '0178-0622321', 'id': {'name': 'SVNR', 'value': '11 060388 R 864'}, 'picture': {'large': 'https://randomuser.me/api/portraits/women/81.jpg', 'medium': 'https://randomuser.me/api/portraits/med/women/81.jpg', 'thumbnail': 'https://randomuser.me/api/portraits/thumb/women/81.jpg'}, 'nat': 'DE'}], 'info': {'seed': 'e10176365e146704', 'results': 1, 'page': 1, 'version': '1.4'}}</msg>
<arg>${json_data}</arg>
<doc>Logs the given message with the given level.</doc>
<status status="PASS" start="2024-07-05T19:11:53.219957" elapsed="0.000207"/>
</kw>
<kw name="Should Be Equal As Numbers" owner="BuiltIn">
<arg>${json_data['results'][0]['location']['postcode']}</arg>
<arg>${json_data['results'][0]['location']['postcode']}</arg>
<doc>Fails if objects are unequal after converting them to real numbers.</doc>
<status status="PASS" start="2024-07-05T19:11:53.220464" elapsed="0.000619"/>
</kw>
<kw name="Log" owner="BuiltIn">
<msg time="2024-07-05T19:11:53.221657" level="INFO">87866</msg>
<arg>${json_data['results'][0]['location']['postcode']}</arg>
<doc>Logs the given message with the given level.</doc>
<status status="PASS" start="2024-07-05T19:11:53.221277" elapsed="0.000429"/>
</kw>
<status status="PASS" start="2024-07-05T19:11:53.135634" elapsed="0.086404"/>
</kw>
<doc>Testa se os tipos de dados na resposta da API estão corretos.</doc>
<tag>testeTiposDados</tag>
<status status="PASS" start="2024-07-05T19:11:53.041367" elapsed="0.180831"/>
</test>
<test id="s1-s1-t5" name="Validar conteudo" line="35">
<kw name="Teste de Tipos de Conteudo" owner="random-user-service">
<kw name="GET On Session" owner="RequestsLibrary">
<msg time="2024-07-05T19:11:53.318450" level="INFO">GET Request : url=https://randomuser.me/api 
 path_url=/api 
 headers={'User-Agent': 'python-requests/2.32.3', 'Accept-Encoding': 'gzip, deflate', 'Accept': '*/*', 'Connection': 'keep-alive'} 
 body=None 
 </msg>
<msg time="2024-07-05T19:11:53.318539" level="INFO">GET Response : url=https://randomuser.me/api 
 status=200, reason=OK 
 headers={'Date': 'Fri, 05 Jul 2024 19:11:53 GMT', 'Content-Type': 'application/json; charset=utf-8', 'Transfer-Encoding': 'chunked', 'Connection': 'keep-alive', 'X-Powered-By': 'Express', 'Access-Control-Allow-Origin': '*', 'Cache-Control': 'no-cache', 'ETag': 'W/"48e-wjF0dd4lFNIXQiQ7Zdr2Y5qaE2I"', 'Vary': 'Accept-Encoding', 'Content-Encoding': 'gzip', 'CF-Cache-Status': 'DYNAMIC', 'Report-To': '{"endpoints":[{"url":"https:\\/\\/a.nel.cloudflare.com\\/report\\/v4?s=RvXezDYEwwzB3MXqLiGA0B5BvyAhYksIVT1DqKzjQbIOt2FZZrpLR97lge%2F0FeBokNHLTuxhYY%2FW0hg%2BCzImPAbie871FljwTgD1KoEHyPhsJIyS24ZUm6jt%2BZM5bPYO"}],"group":"cf-nel","max_age":604800}', 'NEL': '{"success_fraction":0,"report_to":"cf-nel","max_age":604800}', 'Server': 'cloudflare', 'CF-RAY': '89e9a9d5ad36824b-IAD', 'alt-svc': 'h3=":443"; ma=86400'} 
 body={"results":[{"gender":"male","name":{"title":"Mr","first":"Kadir","last":"Velioğlu"},"location":{"street":{"number":2608,"name":"Bağdat Cd"},"city":"Isparta","state":"Gümüşhane","country":"Turkey","postcode":58167,"coordinates":{"latitude":"64.5753","longitude":"-87.7602"},"timezone":{"offset":"+5:00","description":"Ekaterinburg, Islamabad, Karachi, Tashkent"}},"email":"kadir.velioglu@example.com","login":{"uuid":"7da4d658-0644-401e-9136-da66d54004bc","username":"bluegorilla836","password":"allsop","salt":"cyttcg6v","md5":"486d4eaa75d8fd88821a6add335ac87e","sha1":"1344c860b3375024f7d00d49f0e1df235b7c848f","sha256":"e3d5f409109f0c341f3e21395ecad2782cb1024610c97e4f30bab9279145b796"},"dob":{"date":"1980-03-16T10:21:22.244Z","age":44},"registered":{"date":"2010-10-05T14:08:36.731Z","age":13},"phone":"(832)-002-7832","cell":"(112)-648-7739","id":{"name":"","value":null},"picture":{"large":"https://randomuser.me/api/portraits/men/42.jpg","medium":"https://randomuser.me/api/portraits/med/men/42.jpg","thumbnail":"https://randomuser.me/api/portraits/thumb/men/42.jpg"},"nat":"TR"}],"info":{"seed":"618e7b2937bccf42","results":1,"page":1,"version":"1.4"}} 
 </msg>
<msg time="2024-07-05T19:11:53.318636" level="INFO">/opt/hostedtoolcache/Python/3.12.4/x64/lib/python3.12/site-packages/urllib3/connectionpool.py:1099: InsecureRequestWarning: Unverified HTTPS request is being made to host 'randomuser.me'. Adding certificate verification is strongly advised. See: https://urllib3.readthedocs.io/en/latest/advanced-usage.html#tls-warnings
  warnings.warn(</msg>
<msg time="2024-07-05T19:11:53.318783" level="INFO">${response} = &lt;Response [200]&gt;</msg>
<var>${response}</var>
<arg>consultarAPI</arg>
<arg>/api</arg>
<doc>Sends a GET request on a previously created HTTP Session.</doc>
<status status="PASS" start="2024-07-05T19:11:53.225158" elapsed="0.093681"/>
</kw>
<kw name="Set Variable" owner="BuiltIn">
<msg time="2024-07-05T19:11:53.319740" level="INFO">${json_data} = {'results': [{'gender': 'male', 'name': {'title': 'Mr', 'first': 'Kadir', 'last': 'Velioğlu'}, 'location': {'street': {'number': 2608, 'name': 'Bağdat Cd'}, 'city': 'Isparta', 'state': 'Gümüşhane', 'c...</msg>
<var>${json_data}</var>
<arg>${response.json()}</arg>
<doc>Returns the given values which can then be assigned to a variables.</doc>
<status status="PASS" start="2024-07-05T19:11:53.319294" elapsed="0.000476"/>
</kw>
<kw name="Set Variable" owner="BuiltIn">
<msg time="2024-07-05T19:11:53.320444" level="INFO">${name_title} = Mr</msg>
<var>${name_title}</var>
<arg>${json_data["results"][0]["name"]["title"]}</arg>
<doc>Returns the given values which can then be assigned to a variables.</doc>
<status status="PASS" start="2024-07-05T19:11:53.320073" elapsed="0.000397"/>
</kw>
<kw name="Create List" owner="BuiltIn">
<msg time="2024-07-05T19:11:53.320909" level="INFO">${allowed_titles} = ['Mr', 'Ms', 'Miss', 'Mrs', 'Madame', 'Monsieur']</msg>
<var>${allowed_titles}</var>
<arg>Mr</arg>
<arg>Ms</arg>
<arg>Miss</arg>
<arg>Mrs</arg>
<arg>Madame</arg>
<arg>Monsieur</arg>
<doc>Returns a list containing given items.</doc>
<status status="PASS" start="2024-07-05T19:11:53.320762" elapsed="0.000171"/>
</kw>
<kw name="List Should Contain Value" owner="Collections">
<arg>${allowed_titles}</arg>
<arg>${name_title}</arg>
<doc>Fails if the ``value`` is not found from ``list``.</doc>
<status status="PASS" start="2024-07-05T19:11:53.321227" elapsed="0.000172"/>
</kw>
<kw name="Set Variable" owner="BuiltIn">
<msg time="2024-07-05T19:11:53.321984" level="INFO">${name_country} = TR</msg>
<var>${name_country}</var>
<arg>${json_data["results"][0]["nat"]}</arg>
<doc>Returns the given values which can then be assigned to a variables.</doc>
<status status="PASS" start="2024-07-05T19:11:53.321574" elapsed="0.000435"/>
</kw>
<kw name="Create List" owner="BuiltIn">
<msg time="2024-07-05T19:11:53.322898" level="INFO">${list_country} = ['AD', 'AE', 'AF', 'AG', 'AI', 'AL', 'AM', 'AO', 'AQ', 'AR', 'AS', 'AT', 'AU', 'AW', 'AX', 'AZ', 'BA', 'BB', 'BD', 'BE', 'BF', 'BG', 'BH', 'BI', 'BJ', 'BL', 'BM', 'BN', 'BO', 'BQ', 'BR', 'BS', 'BT', '...</msg>
<var>${list_country}</var>
<arg>AD</arg>
<arg>AE</arg>
<arg>AF</arg>
<arg>AG</arg>
<arg>AI</arg>
<arg>AL</arg>
<arg>AM</arg>
<arg>AO</arg>
<arg>AQ</arg>
<arg>AR</arg>
<arg>AS</arg>
<arg>AT</arg>
<arg>AU</arg>
<arg>AW</arg>
<arg>AX</arg>
<arg>AZ</arg>
<arg>BA</arg>
<arg>BB</arg>
<arg>BD</arg>
<arg>BE</arg>
<arg>BF</arg>
<arg>BG</arg>
<arg>BH</arg>
<arg>BI</arg>
<arg>BJ</arg>
<arg>BL</arg>
<arg>BM</arg>
<arg>BN</arg>
<arg>BO</arg>
<arg>BQ</arg>
<arg>BR</arg>
<arg>BS</arg>
<arg>BT</arg>
<arg>BV</arg>
<arg>BW</arg>
<arg>BY</arg>
<arg>BZ</arg>
<arg>CA</arg>
<arg>CC</arg>
<arg>CD</arg>
<arg>CF</arg>
<arg>CG</arg>
<arg>CH</arg>
<arg>CI</arg>
<arg>CK</arg>
<arg>CL</arg>
<arg>CM</arg>
<arg>CN</arg>
<arg>CO</arg>
<arg>CR</arg>
<arg>CU</arg>
<arg>CV</arg>
<arg>CW</arg>
<arg>CX</arg>
<arg>CY</arg>
<arg>CZ</arg>
<arg>DE</arg>
<arg>DJ</arg>
<arg>DK</arg>
<arg>DM</arg>
<arg>DO</arg>
<arg>DZ</arg>
<arg>EC</arg>
<arg>EE</arg>
<arg>EG</arg>
<arg>EH</arg>
<arg>ER</arg>
<arg>ES</arg>
<arg>ET</arg>
<arg>FI</arg>
<arg>FJ</arg>
<arg>FK</arg>
<arg>FM</arg>
<arg>FO</arg>
<arg>FR</arg>
<arg>GA</arg>
<arg>GB</arg>
<arg>GD</arg>
<arg>GE</arg>
<arg>GF</arg>
<arg>GG</arg>
<arg>GH</arg>
<arg>GI</arg>
<arg>GL</arg>
<arg>GM</arg>
<arg>GN</arg>
<arg>GP</arg>
<arg>GQ</arg>
<arg>GR</arg>
<arg>GS</arg>
<arg>GT</arg>
<arg>GU</arg>
<arg>GW</arg>
<arg>GY</arg>
<arg>HK</arg>
<arg>HM</arg>
<arg>HN</arg>
<arg>HR</arg>
<arg>HT</arg>
<arg>HU</arg>
<arg>ID</arg>
<arg>IE</arg>
<arg>IL</arg>
<arg>IM</arg>
<arg>IN</arg>
<arg>IO</arg>
<arg>IQ</arg>
<arg>IR</arg>
<arg>IS</arg>
<arg>IT</arg>
<arg>JE</arg>
<arg>JM</arg>
<arg>JO</arg>
<arg>JP</arg>
<arg>KE</arg>
<arg>KG</arg>
<arg>KH</arg>
<arg>KI</arg>
<arg>KM</arg>
<arg>KN</arg>
<arg>KP</arg>
<arg>KR</arg>
<arg>KW</arg>
<arg>KY</arg>
<arg>KZ</arg>
<arg>LA</arg>
<arg>LB</arg>
<arg>LC</arg>
<arg>LI</arg>
<arg>LK</arg>
<arg>LR</arg>
<arg>LS</arg>
<arg>LT</arg>
<arg>LU</arg>
<arg>LV</arg>
<arg>LY</arg>
<arg>MA</arg>
<arg>MC</arg>
<arg>MD</arg>
<arg>ME</arg>
<arg>MF</arg>
<arg>MG</arg>
<arg>MH</arg>
<arg>MK</arg>
<arg>ML</arg>
<arg>MM</arg>
<arg>MN</arg>
<arg>MO</arg>
<arg>MP</arg>
<arg>MQ</arg>
<arg>MR</arg>
<arg>MS</arg>
<arg>MT</arg>
<arg>MU</arg>
<arg>MV</arg>
<arg>MW</arg>
<arg>MX</arg>
<arg>MY</arg>
<arg>MZ</arg>
<arg>NA</arg>
<arg>NC</arg>
<arg>NE</arg>
<arg>NF</arg>
<arg>NG</arg>
<arg>NI</arg>
<arg>NL</arg>
<arg>NO</arg>
<arg>NP</arg>
<arg>NR</arg>
<arg>NU</arg>
<arg>NZ</arg>
<arg>OM</arg>
<arg>PA</arg>
<arg>PE</arg>
<arg>PF</arg>
<arg>PG</arg>
<arg>PH</arg>
<arg>PK</arg>
<arg>PL</arg>
<arg>PM</arg>
<arg>PN</arg>
<arg>PR</arg>
<arg>PS</arg>
<arg>PT</arg>
<arg>PW</arg>
<arg>PY</arg>
<arg>QA</arg>
<arg>RE</arg>
<arg>RO</arg>
<arg>RS</arg>
<arg>RU</arg>
<arg>RW</arg>
<arg>SA</arg>
<arg>SB</arg>
<arg>SC</arg>
<arg>SD</arg>
<arg>SE</arg>
<arg>SG</arg>
<arg>SH</arg>
<arg>SI</arg>
<arg>SJ</arg>
<arg>SK</arg>
<arg>SL</arg>
<arg>SM</arg>
<arg>SN</arg>
<arg>SO</arg>
<arg>SR</arg>
<arg>SS</arg>
<arg>ST</arg>
<arg>SV</arg>
<arg>SX</arg>
<arg>SY</arg>
<arg>SZ</arg>
<arg>TC</arg>
<arg>TD</arg>
<arg>TF</arg>
<arg>TG</arg>
<arg>TH</arg>
<arg>TJ</arg>
<arg>TK</arg>
<arg>TL</arg>
<arg>TM</arg>
<arg>TN</arg>
<arg>TO</arg>
<arg>TR</arg>
<arg>TT</arg>
<arg>TV</arg>
<arg>TW</arg>
<arg>TZ</arg>
<arg>UA</arg>
<arg>UG</arg>
<arg>UM</arg>
<arg>US</arg>
<arg>UY</arg>
<arg>UZ</arg>
<arg>VA</arg>
<arg>VC</arg>
<arg>VE</arg>
<arg>VG</arg>
<arg>VI</arg>
<arg>VN</arg>
<arg>VU</arg>
<arg>WF</arg>
<arg>WS</arg>
<arg>XK</arg>
<arg>YE</arg>
<arg>YT</arg>
<arg>ZA</arg>
<arg>ZM</arg>
<arg>ZW</arg>
<doc>Returns a list containing given items.</doc>
<status status="PASS" start="2024-07-05T19:11:53.322304" elapsed="0.000620"/>
</kw>
<kw name="List Should Contain Value" owner="Collections">
<arg>${list_country}</arg>
<arg>${name_country}</arg>
<doc>Fails if the ``value`` is not found from ``list``.</doc>
<status status="PASS" start="2024-07-05T19:11:53.323730" elapsed="0.000202"/>
</kw>
<kw name="Run Keyword If" owner="BuiltIn">
<kw name="Should Be True" owner="BuiltIn">
<arg>${True}</arg>
<doc>Fails if the given condition is not true.</doc>
<status status="PASS" start="2024-07-05T19:11:53.324845" elapsed="0.000139"/>
</kw>
<arg>${json_data["results"][0]["location"]["coordinates"]["latitude"]} &gt;= -90 and ${json_data["results"][0]["location"]["coordinates"]["latitude"]} &lt;= 90</arg>
<arg>Should Be True</arg>
<arg>${True}</arg>
<doc>Runs the given keyword with the given arguments, if ``condition`` is true.</doc>
<status status="PASS" start="2024-07-05T19:11:53.324125" elapsed="0.000982"/>
</kw>
<kw name="Run Keyword If" owner="BuiltIn">
<kw name="Should Be True" owner="BuiltIn">
<arg>${True}</arg>
<doc>Fails if the given condition is not true.</doc>
<status status="PASS" start="2024-07-05T19:11:53.326003" elapsed="0.000136"/>
</kw>
<arg>${json_data["results"][0]["location"]["coordinates"]["longitude"]} &gt;= -180 and ${json_data["results"][0]["location"]["coordinates"]["longitude"]} &lt;= 180</arg>
<arg>Should Be True</arg>
<arg>${True}</arg>
<doc>Runs the given keyword with the given arguments, if ``condition`` is true.</doc>
<status status="PASS" start="2024-07-05T19:11:53.325284" elapsed="0.000977"/>
</kw>
<status status="PASS" start="2024-07-05T19:11:53.224609" elapsed="0.101780"/>
</kw>
<doc>Testa o conteúdo específico dos campos retornados pela API.</doc>
<tag>testeConteudo</tag>
<status status="PASS" start="2024-07-05T19:11:53.223933" elapsed="0.102599"/>
</test>
<status status="PASS" start="2024-07-05T19:11:52.483371" elapsed="0.845123"/>
</suite>
<status status="PASS" start="2024-07-05T19:11:52.468876" elapsed="0.864750"/>
</suite>
<statistics>
<total>
<stat pass="5" fail="0" skip="0">All Tests</stat>
</total>
<tag>
<stat pass="1" fail="0" skip="0">testeConteudo</stat>
<stat pass="1" fail="0" skip="0">testeEstruturaResposta</stat>
<stat pass="1" fail="0" skip="0">testeRequisicaoBasica</stat>
<stat pass="1" fail="0" skip="0">testeTiposDados</stat>
</tag>
<suite>
<stat pass="5" fail="0" skip="0" id="s1" name="Tests">Tests</stat>
<stat pass="5" fail="0" skip="0" id="s1-s1" name="Random-User-Test">Tests.Random-User-Test</stat>
</suite>
</statistics>
<errors>
</errors>
</robot>
