<?xml version="1.0" encoding="UTF-8"?>
<robot generator="Robot 7.0.1 (Python 3.12.4 on linux)" generated="2024-07-15T07:14:46.893535" rpa="false" schemaversion="5">
<suite id="s1" name="Tests" source="/home/runner/work/ApiRandomUser/ApiRandomUser/RamdonUser/tests">
<suite id="s1-s1" name="Random-User-Test" source="/home/runner/work/ApiRandomUser/ApiRandomUser/RamdonUser/tests/random-user-test.robot">
<test id="s1-s1-t1" name="Conectar" line="13">
<kw name="Conectar API" owner="random-user-service">
<kw name="Create Session" owner="RequestsLibrary">
<msg time="2024-07-15T07:14:47.315323" level="INFO">Creating Session using : alias=consultarAPI, url=https://randomuser.me/, headers={},                     cookies={}, auth=None, timeout=None, proxies=None, verify=False,                     debug=0 </msg>
<arg>consultarAPI</arg>
<arg>${URL}</arg>
<doc>Create Session: create a HTTP session to a server</doc>
<status status="PASS" start="2024-07-15T07:14:47.315088" elapsed="0.000450"/>
</kw>
<status status="PASS" start="2024-07-15T07:14:47.314000" elapsed="0.001947"/>
</kw>
<status status="PASS" start="2024-07-15T07:14:47.313364" elapsed="0.002796"/>
</test>
<test id="s1-s1-t2" name="Validar retorno 200 e JSON Válido" line="16">
<kw name="Teste de Requisicao Basica" owner="random-user-service">
<kw name="GET On Session" owner="RequestsLibrary">
<msg time="2024-07-15T07:14:47.620627" level="INFO">GET Request : url=https://randomuser.me/api 
 path_url=/api 
 headers={'User-Agent': 'python-requests/2.32.3', 'Accept-Encoding': 'gzip, deflate', 'Accept': '*/*', 'Connection': 'keep-alive'} 
 body=None 
 </msg>
<msg time="2024-07-15T07:14:47.620783" level="INFO">GET Response : url=https://randomuser.me/api 
 status=200, reason=OK 
 headers={'Date': 'Mon, 15 Jul 2024 07:14:47 GMT', 'Content-Type': 'application/json; charset=utf-8', 'Transfer-Encoding': 'chunked', 'Connection': 'keep-alive', 'X-Powered-By': 'Express', 'Access-Control-Allow-Origin': '*', 'Cache-Control': 'no-cache', 'ETag': 'W/"4a8-AdVdckY+VrPx+n7BXPrjBRM7iio"', 'Vary': 'Accept-Encoding', 'Content-Encoding': 'gzip', 'CF-Cache-Status': 'DYNAMIC', 'Report-To': '{"endpoints":[{"url":"https:\\/\\/a.nel.cloudflare.com\\/report\\/v4?s=7TwBloyO%2BFtiLROwb%2Fsqd2nfiX1oC1Xz7XBVX7fy2KB17v%2BfeLcWVJULmwUkpjJiSsDbMzWxo6vxCvU6yjwtiLcDyGQ5G2eSr4DqkyHyDmm6YNATF1Zy6SU23MN0rg%2BU"}],"group":"cf-nel","max_age":604800}', 'NEL': '{"success_fraction":0,"report_to":"cf-nel","max_age":604800}', 'Server': 'cloudflare', 'CF-RAY': '8a37f526eafa7edb-LAX', 'alt-svc': 'h3=":443"; ma=86400'} 
 body={"results":[{"gender":"female","name":{"title":"Ms","first":"Alicia","last":"Koopmann"},"location":{"street":{"number":1857,"name":"Schulweg"},"city":"Wolfratshausen","state":"Schleswig-Holstein","country":"Germany","postcode":72537,"coordinates":{"latitude":"-52.7655","longitude":"144.2148"},"timezone":{"offset":"+5:30","description":"Bombay, Calcutta, Madras, New Delhi"}},"email":"alicia.koopmann@example.com","login":{"uuid":"07bb2efe-ba6c-4eca-8f36-0bccb6ff4faf","username":"greenbird757","password":"colleen","salt":"OyV5WMI9","md5":"1e9474c43bf5319fb1f3d7d79a6591d4","sha1":"a2c3380c44bb4a84b6e430763268ccb542150cf2","sha256":"e1c0bf0667ca79854dbd73c48f6fcb968ec3dd0c6325c109dfcf757c09dba704"},"dob":{"date":"1987-12-07T12:27:36.719Z","age":36},"registered":{"date":"2017-11-25T19:22:46.147Z","age":6},"phone":"0399-2969783","cell":"0178-7754957","id":{"name":"SVNR","value":"19 071287 K 892"},"picture":{"large":"https://randomuser.me/api/portraits/women/72.jpg","medium":"https://randomuser.me/api/portraits/med/women/72.jpg","thumbnail":"https://randomuser.me/api/portraits/thumb/women/72.jpg"},"nat":"DE"}],"info":{"seed":"d9789ff7abb8337d","results":1,"page":1,"version":"1.4"}} 
 </msg>
<msg time="2024-07-15T07:14:47.620867" level="INFO">/opt/hostedtoolcache/Python/3.12.4/x64/lib/python3.12/site-packages/urllib3/connectionpool.py:1099: InsecureRequestWarning: Unverified HTTPS request is being made to host 'randomuser.me'. Adding certificate verification is strongly advised. See: https://urllib3.readthedocs.io/en/latest/advanced-usage.html#tls-warnings
  warnings.warn(</msg>
<msg time="2024-07-15T07:14:47.621032" level="INFO">${response} = &lt;Response [200]&gt;</msg>
<var>${response}</var>
<arg>consultarAPI</arg>
<arg>/api</arg>
<doc>Sends a GET request on a previously created HTTP Session.</doc>
<status status="PASS" start="2024-07-15T07:14:47.318907" elapsed="0.302170"/>
</kw>
<kw name="Should Be Equal As Numbers" owner="BuiltIn">
<msg time="2024-07-15T07:14:47.622116" level="INFO">Argument types are:
&lt;class 'int'&gt;
&lt;class 'str'&gt;</msg>
<arg>${response.status_code}</arg>
<arg>200</arg>
<doc>Fails if objects are unequal after converting them to real numbers.</doc>
<status status="PASS" start="2024-07-15T07:14:47.621641" elapsed="0.000539"/>
</kw>
<kw name="Log" owner="BuiltIn">
<msg time="2024-07-15T07:14:47.622896" level="INFO">200</msg>
<arg>${response.status_code}</arg>
<doc>Logs the given message with the given level.</doc>
<status status="PASS" start="2024-07-15T07:14:47.622502" elapsed="0.000436"/>
</kw>
<kw name="Set Variable" owner="BuiltIn">
<msg time="2024-07-15T07:14:47.623665" level="INFO">${json_data} = {'results': [{'gender': 'female', 'name': {'title': 'Ms', 'first': 'Alicia', 'last': 'Koopmann'}, 'location': {'street': {'number': 1857, 'name': 'Schulweg'}, 'city': 'Wolfratshausen', 'state': 'Schle...</msg>
<var>${json_data}</var>
<arg>${response.json()}</arg>
<doc>Returns the given values which can then be assigned to a variables.</doc>
<status status="PASS" start="2024-07-15T07:14:47.623239" elapsed="0.000455"/>
</kw>
<kw name="Dictionary Should Contain Key" owner="Collections">
<arg>${json_data}</arg>
<arg>results</arg>
<doc>Fails if ``key`` is not found from ``dictionary``.</doc>
<status status="PASS" start="2024-07-15T07:14:47.623986" elapsed="0.000172"/>
</kw>
<status status="PASS" start="2024-07-15T07:14:47.318593" elapsed="0.305716"/>
</kw>
<doc>Testa se a API responde corretamente e retorna um objeto JSON válido.</doc>
<tag>testeRequisicaoBasica</tag>
<status status="PASS" start="2024-07-15T07:14:47.318076" elapsed="0.306412"/>
</test>
<test id="s1-s1-t3" name="Validar estrutura de resposta" line="22">
<kw name="Teste de Estrutura de Resposta" owner="random-user-service">
<kw name="GET On Session" owner="RequestsLibrary">
<msg time="2024-07-15T07:14:47.718972" level="INFO">GET Request : url=https://randomuser.me/api 
 path_url=/api 
 headers={'User-Agent': 'python-requests/2.32.3', 'Accept-Encoding': 'gzip, deflate', 'Accept': '*/*', 'Connection': 'keep-alive'} 
 body=None 
 </msg>
<msg time="2024-07-15T07:14:47.719091" level="INFO">GET Response : url=https://randomuser.me/api 
 status=200, reason=OK 
 headers={'Date': 'Mon, 15 Jul 2024 07:14:47 GMT', 'Content-Type': 'application/json; charset=utf-8', 'Transfer-Encoding': 'chunked', 'Connection': 'keep-alive', 'X-Powered-By': 'Express', 'Access-Control-Allow-Origin': '*', 'Cache-Control': 'no-cache', 'ETag': 'W/"486-18dkBdc7rt7gvJ4zqWnjSJJ/BOE"', 'Vary': 'Accept-Encoding', 'Content-Encoding': 'gzip', 'CF-Cache-Status': 'DYNAMIC', 'Report-To': '{"endpoints":[{"url":"https:\\/\\/a.nel.cloudflare.com\\/report\\/v4?s=S6QpIwPm4dX3EGL7NyJd4cyBNsfE842vA0TWfK%2BBTxcQFppH4A1kJX5aEzhjNB6Ztq3V1nkUZmGdCLLNAmi7fFbzXWeV7QlR%2B4VEk%2FqKkx7VApfsBIrkZU%2FxwXzMEYVG"}],"group":"cf-nel","max_age":604800}', 'NEL': '{"success_fraction":0,"report_to":"cf-nel","max_age":604800}', 'Server': 'cloudflare', 'CF-RAY': '8a37f527abcb7edb-LAX', 'alt-svc': 'h3=":443"; ma=86400'} 
 body={"results":[{"gender":"male","name":{"title":"Mr","first":"Darrell","last":"Williams"},"location":{"street":{"number":1566,"name":"Mcgowen St"},"city":"Oxnard","state":"New Mexico","country":"United States","postcode":47991,"coordinates":{"latitude":"85.3820","longitude":"-120.1700"},"timezone":{"offset":"-3:30","description":"Newfoundland"}},"email":"darrell.williams@example.com","login":{"uuid":"3f527a96-9bb9-46f0-adc4-f560d9ca8167","username":"silverelephant952","password":"snuggles","salt":"MTTLA0bB","md5":"a0e7382bfd3eebbf89d5264ccebeacf8","sha1":"343caf3875a138eb7fa471bebef5bfcc7c9c1837","sha256":"c09a4cb851dbc31a385532d9bde229f4a79c2b60b1106ccd33786b81249d530b"},"dob":{"date":"1965-10-28T19:12:43.843Z","age":58},"registered":{"date":"2010-02-12T17:53:49.448Z","age":14},"phone":"(857) 750-4491","cell":"(319) 687-8254","id":{"name":"SSN","value":"646-43-4546"},"picture":{"large":"https://randomuser.me/api/portraits/men/3.jpg","medium":"https://randomuser.me/api/portraits/med/men/3.jpg","thumbnail":"https://randomuser.me/api/portraits/thumb/men/3.jpg"},"nat":"US"}],"info":{"seed":"d328952f8ed1de21","results":1,"page":1,"version":"1.4"}} 
 </msg>
<msg time="2024-07-15T07:14:47.719241" level="INFO">/opt/hostedtoolcache/Python/3.12.4/x64/lib/python3.12/site-packages/urllib3/connectionpool.py:1099: InsecureRequestWarning: Unverified HTTPS request is being made to host 'randomuser.me'. Adding certificate verification is strongly advised. See: https://urllib3.readthedocs.io/en/latest/advanced-usage.html#tls-warnings
  warnings.warn(</msg>
<msg time="2024-07-15T07:14:47.719368" level="INFO">${response} = &lt;Response [200]&gt;</msg>
<var>${response}</var>
<arg>consultarAPI</arg>
<arg>/api</arg>
<doc>Sends a GET request on a previously created HTTP Session.</doc>
<status status="PASS" start="2024-07-15T07:14:47.627083" elapsed="0.092319"/>
</kw>
<kw name="Set Variable" owner="BuiltIn">
<msg time="2024-07-15T07:14:47.720456" level="INFO">${json_data} = {'results': [{'gender': 'male', 'name': {'title': 'Mr', 'first': 'Darrell', 'last': 'Williams'}, 'location': {'street': {'number': 1566, 'name': 'Mcgowen St'}, 'city': 'Oxnard', 'state': 'New Mexico',...</msg>
<var>${json_data}</var>
<arg>${response.json()}</arg>
<doc>Returns the given values which can then be assigned to a variables.</doc>
<status status="PASS" start="2024-07-15T07:14:47.719935" elapsed="0.000550"/>
</kw>
<kw name="Log" owner="BuiltIn">
<msg time="2024-07-15T07:14:47.720953" level="INFO">{'results': [{'gender': 'male', 'name': {'title': 'Mr', 'first': 'Darrell', 'last': 'Williams'}, 'location': {'street': {'number': 1566, 'name': 'Mcgowen St'}, 'city': 'Oxnard', 'state': 'New Mexico', 'country': 'United States', 'postcode': 47991, 'coordinates': {'latitude': '85.3820', 'longitude': '-120.1700'}, 'timezone': {'offset': '-3:30', 'description': 'Newfoundland'}}, 'email': 'darrell.williams@example.com', 'login': {'uuid': '3f527a96-9bb9-46f0-adc4-f560d9ca8167', 'username': 'silverelephant952', 'password': 'snuggles', 'salt': 'MTTLA0bB', 'md5': 'a0e7382bfd3eebbf89d5264ccebeacf8', 'sha1': '343caf3875a138eb7fa471bebef5bfcc7c9c1837', 'sha256': 'c09a4cb851dbc31a385532d9bde229f4a79c2b60b1106ccd33786b81249d530b'}, 'dob': {'date': '1965-10-28T19:12:43.843Z', 'age': 58}, 'registered': {'date': '2010-02-12T17:53:49.448Z', 'age': 14}, 'phone': '(857) 750-4491', 'cell': '(319) 687-8254', 'id': {'name': 'SSN', 'value': '646-43-4546'}, 'picture': {'large': 'https://randomuser.me/api/portraits/men/3.jpg', 'medium': 'https://randomuser.me/api/portraits/med/men/3.jpg', 'thumbnail': 'https://randomuser.me/api/portraits/thumb/men/3.jpg'}, 'nat': 'US'}], 'info': {'seed': 'd328952f8ed1de21', 'results': 1, 'page': 1, 'version': '1.4'}}</msg>
<arg>${json_data}</arg>
<doc>Logs the given message with the given level.</doc>
<status status="PASS" start="2024-07-15T07:14:47.720795" elapsed="0.000207"/>
</kw>
<kw name="Dictionary Should Contain Key" owner="Collections">
<arg>${json_data}</arg>
<arg>results</arg>
<doc>Fails if ``key`` is not found from ``dictionary``.</doc>
<status status="PASS" start="2024-07-15T07:14:47.721290" elapsed="0.000157"/>
</kw>
<kw name="Should Not Be Empty" owner="BuiltIn">
<msg time="2024-07-15T07:14:47.721765" level="INFO">Length is 2.</msg>
<arg>${json_data}</arg>
<doc>Verifies that the given item is not empty.</doc>
<status status="PASS" start="2024-07-15T07:14:47.721635" elapsed="0.000169"/>
</kw>
<kw name="Create List" owner="BuiltIn">
<msg time="2024-07-15T07:14:47.722410" level="INFO">${expected_keys} = ['gender', 'name', 'location', 'email', 'login']</msg>
<var>${expected_keys}</var>
<arg>gender</arg>
<arg>name</arg>
<arg>location</arg>
<arg>email</arg>
<arg>login</arg>
<doc>Returns a list containing given items.</doc>
<status status="PASS" start="2024-07-15T07:14:47.722101" elapsed="0.000334"/>
</kw>
<for flavor="IN">
<iter>
<kw name="Dictionary Should Contain Key" owner="Collections">
<arg>${json_data['results'][0]}</arg>
<arg>${key}</arg>
<doc>Fails if ``key`` is not found from ``dictionary``.</doc>
<status status="PASS" start="2024-07-15T07:14:47.723062" elapsed="0.000407"/>
</kw>
<kw name="Log" owner="BuiltIn">
<msg time="2024-07-15T07:14:47.724009" level="INFO">{'gender': 'male', 'name': {'title': 'Mr', 'first': 'Darrell', 'last': 'Williams'}, 'location': {'street': {'number': 1566, 'name': 'Mcgowen St'}, 'city': 'Oxnard', 'state': 'New Mexico', 'country': 'United States', 'postcode': 47991, 'coordinates': {'latitude': '85.3820', 'longitude': '-120.1700'}, 'timezone': {'offset': '-3:30', 'description': 'Newfoundland'}}, 'email': 'darrell.williams@example.com', 'login': {'uuid': '3f527a96-9bb9-46f0-adc4-f560d9ca8167', 'username': 'silverelephant952', 'password': 'snuggles', 'salt': 'MTTLA0bB', 'md5': 'a0e7382bfd3eebbf89d5264ccebeacf8', 'sha1': '343caf3875a138eb7fa471bebef5bfcc7c9c1837', 'sha256': 'c09a4cb851dbc31a385532d9bde229f4a79c2b60b1106ccd33786b81249d530b'}, 'dob': {'date': '1965-10-28T19:12:43.843Z', 'age': 58}, 'registered': {'date': '2010-02-12T17:53:49.448Z', 'age': 14}, 'phone': '(857) 750-4491', 'cell': '(319) 687-8254', 'id': {'name': 'SSN', 'value': '646-43-4546'}, 'picture': {'large': 'https://randomuser.me/api/portraits/men/3.jpg', 'medium': 'https://randomuser.me/api/portraits/med/men/3.jpg', 'thumbnail': 'https://randomuser.me/api/portraits/thumb/men/3.jpg'}, 'nat': 'US'}</msg>
<arg>${json_data['results'][0]}</arg>
<doc>Logs the given message with the given level.</doc>
<status status="PASS" start="2024-07-15T07:14:47.723654" elapsed="0.000404"/>
</kw>
<kw name="Log" owner="BuiltIn">
<msg time="2024-07-15T07:14:47.724491" level="INFO">gender</msg>
<arg>${key}</arg>
<doc>Logs the given message with the given level.</doc>
<status status="PASS" start="2024-07-15T07:14:47.724364" elapsed="0.000165"/>
</kw>
<var name="${key}">gender</var>
<status status="PASS" start="2024-07-15T07:14:47.722936" elapsed="0.001811"/>
</iter>
<iter>
<kw name="Dictionary Should Contain Key" owner="Collections">
<arg>${json_data['results'][0]}</arg>
<arg>${key}</arg>
<doc>Fails if ``key`` is not found from ``dictionary``.</doc>
<status status="PASS" start="2024-07-15T07:14:47.725054" elapsed="0.000387"/>
</kw>
<kw name="Log" owner="BuiltIn">
<msg time="2024-07-15T07:14:47.725965" level="INFO">{'gender': 'male', 'name': {'title': 'Mr', 'first': 'Darrell', 'last': 'Williams'}, 'location': {'street': {'number': 1566, 'name': 'Mcgowen St'}, 'city': 'Oxnard', 'state': 'New Mexico', 'country': 'United States', 'postcode': 47991, 'coordinates': {'latitude': '85.3820', 'longitude': '-120.1700'}, 'timezone': {'offset': '-3:30', 'description': 'Newfoundland'}}, 'email': 'darrell.williams@example.com', 'login': {'uuid': '3f527a96-9bb9-46f0-adc4-f560d9ca8167', 'username': 'silverelephant952', 'password': 'snuggles', 'salt': 'MTTLA0bB', 'md5': 'a0e7382bfd3eebbf89d5264ccebeacf8', 'sha1': '343caf3875a138eb7fa471bebef5bfcc7c9c1837', 'sha256': 'c09a4cb851dbc31a385532d9bde229f4a79c2b60b1106ccd33786b81249d530b'}, 'dob': {'date': '1965-10-28T19:12:43.843Z', 'age': 58}, 'registered': {'date': '2010-02-12T17:53:49.448Z', 'age': 14}, 'phone': '(857) 750-4491', 'cell': '(319) 687-8254', 'id': {'name': 'SSN', 'value': '646-43-4546'}, 'picture': {'large': 'https://randomuser.me/api/portraits/men/3.jpg', 'medium': 'https://randomuser.me/api/portraits/med/men/3.jpg', 'thumbnail': 'https://randomuser.me/api/portraits/thumb/men/3.jpg'}, 'nat': 'US'}</msg>
<arg>${json_data['results'][0]}</arg>
<doc>Logs the given message with the given level.</doc>
<status status="PASS" start="2024-07-15T07:14:47.725621" elapsed="0.000431"/>
</kw>
<kw name="Log" owner="BuiltIn">
<msg time="2024-07-15T07:14:47.726502" level="INFO">name</msg>
<arg>${key}</arg>
<doc>Logs the given message with the given level.</doc>
<status status="PASS" start="2024-07-15T07:14:47.726353" elapsed="0.000187"/>
</kw>
<var name="${key}">name</var>
<status status="PASS" start="2024-07-15T07:14:47.724941" elapsed="0.001858"/>
</iter>
<iter>
<kw name="Dictionary Should Contain Key" owner="Collections">
<arg>${json_data['results'][0]}</arg>
<arg>${key}</arg>
<doc>Fails if ``key`` is not found from ``dictionary``.</doc>
<status status="PASS" start="2024-07-15T07:14:47.727105" elapsed="0.000388"/>
</kw>
<kw name="Log" owner="BuiltIn">
<msg time="2024-07-15T07:14:47.728025" level="INFO">{'gender': 'male', 'name': {'title': 'Mr', 'first': 'Darrell', 'last': 'Williams'}, 'location': {'street': {'number': 1566, 'name': 'Mcgowen St'}, 'city': 'Oxnard', 'state': 'New Mexico', 'country': 'United States', 'postcode': 47991, 'coordinates': {'latitude': '85.3820', 'longitude': '-120.1700'}, 'timezone': {'offset': '-3:30', 'description': 'Newfoundland'}}, 'email': 'darrell.williams@example.com', 'login': {'uuid': '3f527a96-9bb9-46f0-adc4-f560d9ca8167', 'username': 'silverelephant952', 'password': 'snuggles', 'salt': 'MTTLA0bB', 'md5': 'a0e7382bfd3eebbf89d5264ccebeacf8', 'sha1': '343caf3875a138eb7fa471bebef5bfcc7c9c1837', 'sha256': 'c09a4cb851dbc31a385532d9bde229f4a79c2b60b1106ccd33786b81249d530b'}, 'dob': {'date': '1965-10-28T19:12:43.843Z', 'age': 58}, 'registered': {'date': '2010-02-12T17:53:49.448Z', 'age': 14}, 'phone': '(857) 750-4491', 'cell': '(319) 687-8254', 'id': {'name': 'SSN', 'value': '646-43-4546'}, 'picture': {'large': 'https://randomuser.me/api/portraits/men/3.jpg', 'medium': 'https://randomuser.me/api/portraits/med/men/3.jpg', 'thumbnail': 'https://randomuser.me/api/portraits/thumb/men/3.jpg'}, 'nat': 'US'}</msg>
<arg>${json_data['results'][0]}</arg>
<doc>Logs the given message with the given level.</doc>
<status status="PASS" start="2024-07-15T07:14:47.727674" elapsed="0.000401"/>
</kw>
<kw name="Log" owner="BuiltIn">
<msg time="2024-07-15T07:14:47.728500" level="INFO">location</msg>
<arg>${key}</arg>
<doc>Logs the given message with the given level.</doc>
<status status="PASS" start="2024-07-15T07:14:47.728374" elapsed="0.000163"/>
</kw>
<var name="${key}">location</var>
<status status="PASS" start="2024-07-15T07:14:47.726995" elapsed="0.001757"/>
</iter>
<iter>
<kw name="Dictionary Should Contain Key" owner="Collections">
<arg>${json_data['results'][0]}</arg>
<arg>${key}</arg>
<doc>Fails if ``key`` is not found from ``dictionary``.</doc>
<status status="PASS" start="2024-07-15T07:14:47.729030" elapsed="0.000411"/>
</kw>
<kw name="Log" owner="BuiltIn">
<msg time="2024-07-15T07:14:47.729966" level="INFO">{'gender': 'male', 'name': {'title': 'Mr', 'first': 'Darrell', 'last': 'Williams'}, 'location': {'street': {'number': 1566, 'name': 'Mcgowen St'}, 'city': 'Oxnard', 'state': 'New Mexico', 'country': 'United States', 'postcode': 47991, 'coordinates': {'latitude': '85.3820', 'longitude': '-120.1700'}, 'timezone': {'offset': '-3:30', 'description': 'Newfoundland'}}, 'email': 'darrell.williams@example.com', 'login': {'uuid': '3f527a96-9bb9-46f0-adc4-f560d9ca8167', 'username': 'silverelephant952', 'password': 'snuggles', 'salt': 'MTTLA0bB', 'md5': 'a0e7382bfd3eebbf89d5264ccebeacf8', 'sha1': '343caf3875a138eb7fa471bebef5bfcc7c9c1837', 'sha256': 'c09a4cb851dbc31a385532d9bde229f4a79c2b60b1106ccd33786b81249d530b'}, 'dob': {'date': '1965-10-28T19:12:43.843Z', 'age': 58}, 'registered': {'date': '2010-02-12T17:53:49.448Z', 'age': 14}, 'phone': '(857) 750-4491', 'cell': '(319) 687-8254', 'id': {'name': 'SSN', 'value': '646-43-4546'}, 'picture': {'large': 'https://randomuser.me/api/portraits/men/3.jpg', 'medium': 'https://randomuser.me/api/portraits/med/men/3.jpg', 'thumbnail': 'https://randomuser.me/api/portraits/thumb/men/3.jpg'}, 'nat': 'US'}</msg>
<arg>${json_data['results'][0]}</arg>
<doc>Logs the given message with the given level.</doc>
<status status="PASS" start="2024-07-15T07:14:47.729621" elapsed="0.000394"/>
</kw>
<kw name="Log" owner="BuiltIn">
<msg time="2024-07-15T07:14:47.730448" level="INFO">email</msg>
<arg>${key}</arg>
<doc>Logs the given message with the given level.</doc>
<status status="PASS" start="2024-07-15T07:14:47.730317" elapsed="0.000170"/>
</kw>
<var name="${key}">email</var>
<status status="PASS" start="2024-07-15T07:14:47.728922" elapsed="0.001778"/>
</iter>
<iter>
<kw name="Dictionary Should Contain Key" owner="Collections">
<arg>${json_data['results'][0]}</arg>
<arg>${key}</arg>
<doc>Fails if ``key`` is not found from ``dictionary``.</doc>
<status status="PASS" start="2024-07-15T07:14:47.731042" elapsed="0.000402"/>
</kw>
<kw name="Log" owner="BuiltIn">
<msg time="2024-07-15T07:14:47.731987" level="INFO">{'gender': 'male', 'name': {'title': 'Mr', 'first': 'Darrell', 'last': 'Williams'}, 'location': {'street': {'number': 1566, 'name': 'Mcgowen St'}, 'city': 'Oxnard', 'state': 'New Mexico', 'country': 'United States', 'postcode': 47991, 'coordinates': {'latitude': '85.3820', 'longitude': '-120.1700'}, 'timezone': {'offset': '-3:30', 'description': 'Newfoundland'}}, 'email': 'darrell.williams@example.com', 'login': {'uuid': '3f527a96-9bb9-46f0-adc4-f560d9ca8167', 'username': 'silverelephant952', 'password': 'snuggles', 'salt': 'MTTLA0bB', 'md5': 'a0e7382bfd3eebbf89d5264ccebeacf8', 'sha1': '343caf3875a138eb7fa471bebef5bfcc7c9c1837', 'sha256': 'c09a4cb851dbc31a385532d9bde229f4a79c2b60b1106ccd33786b81249d530b'}, 'dob': {'date': '1965-10-28T19:12:43.843Z', 'age': 58}, 'registered': {'date': '2010-02-12T17:53:49.448Z', 'age': 14}, 'phone': '(857) 750-4491', 'cell': '(319) 687-8254', 'id': {'name': 'SSN', 'value': '646-43-4546'}, 'picture': {'large': 'https://randomuser.me/api/portraits/men/3.jpg', 'medium': 'https://randomuser.me/api/portraits/med/men/3.jpg', 'thumbnail': 'https://randomuser.me/api/portraits/thumb/men/3.jpg'}, 'nat': 'US'}</msg>
<arg>${json_data['results'][0]}</arg>
<doc>Logs the given message with the given level.</doc>
<status status="PASS" start="2024-07-15T07:14:47.731640" elapsed="0.000396"/>
</kw>
<kw name="Log" owner="BuiltIn">
<msg time="2024-07-15T07:14:47.732466" level="INFO">login</msg>
<arg>${key}</arg>
<doc>Logs the given message with the given level.</doc>
<status status="PASS" start="2024-07-15T07:14:47.732331" elapsed="0.000171"/>
</kw>
<var name="${key}">login</var>
<status status="PASS" start="2024-07-15T07:14:47.730925" elapsed="0.001792"/>
</iter>
<var>${key}</var>
<value>@{expected_keys}</value>
<status status="PASS" start="2024-07-15T07:14:47.722735" elapsed="0.010103"/>
</for>
<kw name="Create List" owner="BuiltIn">
<msg time="2024-07-15T07:14:47.733219" level="INFO">${expected_keysTwo} = ['username', 'password']</msg>
<var>${expected_keysTwo}</var>
<arg>username</arg>
<arg>password</arg>
<doc>Returns a list containing given items.</doc>
<status status="PASS" start="2024-07-15T07:14:47.733036" elapsed="0.000208"/>
</kw>
<for flavor="IN">
<iter>
<kw name="Dictionary Should Contain Key" owner="Collections">
<arg>${json_data['results'][0]['login']}</arg>
<arg>${keyTwo}</arg>
<doc>Fails if ``key`` is not found from ``dictionary``.</doc>
<status status="PASS" start="2024-07-15T07:14:47.733788" elapsed="0.000388"/>
</kw>
<kw name="Dictionary Should Contain Key" owner="Collections">
<arg>${json_data['results'][0]['login']}</arg>
<arg>${keyTwo}</arg>
<doc>Fails if ``key`` is not found from ``dictionary``.</doc>
<status status="PASS" start="2024-07-15T07:14:47.734354" elapsed="0.000397"/>
</kw>
<kw name="Log" owner="BuiltIn">
<msg time="2024-07-15T07:14:47.735057" level="INFO">username</msg>
<arg>${keyTwo}</arg>
<doc>Logs the given message with the given level.</doc>
<status status="PASS" start="2024-07-15T07:14:47.734936" elapsed="0.000158"/>
</kw>
<var name="${keyTwo}">username</var>
<status status="PASS" start="2024-07-15T07:14:47.733679" elapsed="0.001642"/>
</iter>
<iter>
<kw name="Dictionary Should Contain Key" owner="Collections">
<arg>${json_data['results'][0]['login']}</arg>
<arg>${keyTwo}</arg>
<doc>Fails if ``key`` is not found from ``dictionary``.</doc>
<status status="PASS" start="2024-07-15T07:14:47.735607" elapsed="0.000401"/>
</kw>
<kw name="Dictionary Should Contain Key" owner="Collections">
<arg>${json_data['results'][0]['login']}</arg>
<arg>${keyTwo}</arg>
<doc>Fails if ``key`` is not found from ``dictionary``.</doc>
<status status="PASS" start="2024-07-15T07:14:47.736183" elapsed="0.000367"/>
</kw>
<kw name="Log" owner="BuiltIn">
<msg time="2024-07-15T07:14:47.736840" level="INFO">password</msg>
<arg>${keyTwo}</arg>
<doc>Logs the given message with the given level.</doc>
<status status="PASS" start="2024-07-15T07:14:47.736723" elapsed="0.000158"/>
</kw>
<var name="${keyTwo}">password</var>
<status status="PASS" start="2024-07-15T07:14:47.735491" elapsed="0.001715"/>
</iter>
<var>${keyTwo}</var>
<value>@{expected_keysTwo}</value>
<status status="PASS" start="2024-07-15T07:14:47.733519" elapsed="0.003809"/>
</for>
<status status="PASS" start="2024-07-15T07:14:47.626842" elapsed="0.110635"/>
</kw>
<doc>Testa a estrutura da resposta da API.</doc>
<tag>testeEstruturaResposta</tag>
<status status="PASS" start="2024-07-15T07:14:47.626292" elapsed="0.111345"/>
</test>
<test id="s1-s1-t4" name="Validar tipos de dados" line="28">
<kw name="Teste de Tipos de Dados" owner="random-user-service">
<kw name="GET On Session" owner="RequestsLibrary">
<msg time="2024-07-15T07:14:47.842002" level="INFO">GET Request : url=https://randomuser.me/api 
 path_url=/api 
 headers={'User-Agent': 'python-requests/2.32.3', 'Accept-Encoding': 'gzip, deflate', 'Accept': '*/*', 'Connection': 'keep-alive'} 
 body=None 
 </msg>
<msg time="2024-07-15T07:14:47.842122" level="INFO">GET Response : url=https://randomuser.me/api 
 status=200, reason=OK 
 headers={'Date': 'Mon, 15 Jul 2024 07:14:47 GMT', 'Content-Type': 'application/json; charset=utf-8', 'Transfer-Encoding': 'chunked', 'Connection': 'keep-alive', 'X-Powered-By': 'Express', 'Access-Control-Allow-Origin': '*', 'Cache-Control': 'no-cache', 'ETag': 'W/"4b1-ayVjsV7rBKvgMzbTE566EKB2Cfc"', 'Vary': 'Accept-Encoding', 'Content-Encoding': 'gzip', 'CF-Cache-Status': 'DYNAMIC', 'Report-To': '{"endpoints":[{"url":"https:\\/\\/a.nel.cloudflare.com\\/report\\/v4?s=neWSN3C4Czrp1tYaCHKNPM%2BdLaoQcPVxYZaTdSA0EGf0r30XeIm6Fkeyy1MvxJW6nfcFusJvv%2FMsVChns6B%2BHL%2FkOFRyt34EpbMjey48hZaG%2BREMgy3T3Ev29HhOkLAX"}],"group":"cf-nel","max_age":604800}', 'NEL': '{"success_fraction":0,"report_to":"cf-nel","max_age":604800}', 'Server': 'cloudflare', 'CF-RAY': '8a37f5286c777edb-LAX', 'alt-svc': 'h3=":443"; ma=86400'} 
 body={"results":[{"gender":"male","name":{"title":"Mr","first":"Aurelio","last":"Longoria"},"location":{"street":{"number":3808,"name":"Calzada Nauru"},"city":"La Calera (El Canario)","state":"Jalisco","country":"Mexico","postcode":62453,"coordinates":{"latitude":"24.5164","longitude":"-60.7448"},"timezone":{"offset":"-4:00","description":"Atlantic Time (Canada), Caracas, La Paz"}},"email":"aurelio.longoria@example.com","login":{"uuid":"17464679-96f0-444c-9118-a1b6bc38e4de","username":"beautifulleopard669","password":"babylon5","salt":"MA0dsrVe","md5":"803736fe51e0e59118aa7af1c1682802","sha1":"2b55eb6ac8dcbfe400d272d604daf347cb309fd6","sha256":"acb50c86861eb3257bcb503371bb02fcf209260f4e4f37bb3dd49ad1828dcc9e"},"dob":{"date":"1950-10-20T10:30:39.315Z","age":73},"registered":{"date":"2016-07-28T12:23:20.775Z","age":7},"phone":"(668) 259 2896","cell":"(681) 605 1444","id":{"name":"NSS","value":"94 75 98 9332 2"},"picture":{"large":"https://randomuser.me/api/portraits/men/40.jpg","medium":"https://randomuser.me/api/portraits/med/men/40.jpg","thumbnail":"https://randomuser.me/api/portraits/thumb/men/40.jpg"},"nat":"MX"}],"info":{"seed":"d1508eb0da73e3f6","results":1,"page":1,"version":"1.4"}} 
 </msg>
<msg time="2024-07-15T07:14:47.842208" level="INFO">/opt/hostedtoolcache/Python/3.12.4/x64/lib/python3.12/site-packages/urllib3/connectionpool.py:1099: InsecureRequestWarning: Unverified HTTPS request is being made to host 'randomuser.me'. Adding certificate verification is strongly advised. See: https://urllib3.readthedocs.io/en/latest/advanced-usage.html#tls-warnings
  warnings.warn(</msg>
<msg time="2024-07-15T07:14:47.842357" level="INFO">${response} = &lt;Response [200]&gt;</msg>
<var>${response}</var>
<arg>consultarAPI</arg>
<arg>/api</arg>
<doc>Sends a GET request on a previously created HTTP Session.</doc>
<status status="PASS" start="2024-07-15T07:14:47.740213" elapsed="0.102197"/>
</kw>
<kw name="Set Variable" owner="BuiltIn">
<msg time="2024-07-15T07:14:47.843553" level="INFO">${json_data} = {'results': [{'gender': 'male', 'name': {'title': 'Mr', 'first': 'Aurelio', 'last': 'Longoria'}, 'location': {'street': {'number': 3808, 'name': 'Calzada Nauru'}, 'city': 'La Calera (El Canario)', 'st...</msg>
<var>${json_data}</var>
<arg>${response.json()}</arg>
<doc>Returns the given values which can then be assigned to a variables.</doc>
<status status="PASS" start="2024-07-15T07:14:47.842986" elapsed="0.000597"/>
</kw>
<kw name="Log" owner="BuiltIn">
<msg time="2024-07-15T07:14:47.844144" level="INFO">{'results': [{'gender': 'male', 'name': {'title': 'Mr', 'first': 'Aurelio', 'last': 'Longoria'}, 'location': {'street': {'number': 3808, 'name': 'Calzada Nauru'}, 'city': 'La Calera (El Canario)', 'state': 'Jalisco', 'country': 'Mexico', 'postcode': 62453, 'coordinates': {'latitude': '24.5164', 'longitude': '-60.7448'}, 'timezone': {'offset': '-4:00', 'description': 'Atlantic Time (Canada), Caracas, La Paz'}}, 'email': 'aurelio.longoria@example.com', 'login': {'uuid': '17464679-96f0-444c-9118-a1b6bc38e4de', 'username': 'beautifulleopard669', 'password': 'babylon5', 'salt': 'MA0dsrVe', 'md5': '803736fe51e0e59118aa7af1c1682802', 'sha1': '2b55eb6ac8dcbfe400d272d604daf347cb309fd6', 'sha256': 'acb50c86861eb3257bcb503371bb02fcf209260f4e4f37bb3dd49ad1828dcc9e'}, 'dob': {'date': '1950-10-20T10:30:39.315Z', 'age': 73}, 'registered': {'date': '2016-07-28T12:23:20.775Z', 'age': 7}, 'phone': '(668) 259 2896', 'cell': '(681) 605 1444', 'id': {'name': 'NSS', 'value': '94 75 98 9332 2'}, 'picture': {'large': 'https://randomuser.me/api/portraits/men/40.jpg', 'medium': 'https://randomuser.me/api/portraits/med/men/40.jpg', 'thumbnail': 'https://randomuser.me/api/portraits/thumb/men/40.jpg'}, 'nat': 'MX'}], 'info': {'seed': 'd1508eb0da73e3f6', 'results': 1, 'page': 1, 'version': '1.4'}}</msg>
<arg>${json_data}</arg>
<doc>Logs the given message with the given level.</doc>
<status status="PASS" start="2024-07-15T07:14:47.843962" elapsed="0.000234"/>
</kw>
<kw name="Should Be String" owner="String">
<arg>${json_data['results'][0]['gender']}</arg>
<doc>Fails if the given ``item`` is not a string.</doc>
<status status="PASS" start="2024-07-15T07:14:47.844517" elapsed="0.000389"/>
</kw>
<kw name="Should Match Regexp" owner="BuiltIn">
<arg>${json_data['results'][0]['email']}</arg>
<arg>^[a-zA-Z0-9._%+-]+@[a-zA-Z0-9.-]+\.[a-zA-Z]{2,}$</arg>
<doc>Fails if ``string`` does not match ``pattern`` as a regular expression.</doc>
<status status="PASS" start="2024-07-15T07:14:47.845103" elapsed="0.000530"/>
</kw>
<kw name="Should Match Regexp" owner="BuiltIn">
<arg>${json_data['results'][0]['dob']['date']}</arg>
<arg>\\d{4}-\\d{2}-\\d{2}T\\d{2}:\\d{2}:\\d{2}\\.\\d{3}Z</arg>
<doc>Fails if ``string`` does not match ``pattern`` as a regular expression.</doc>
<status status="PASS" start="2024-07-15T07:14:47.845895" elapsed="0.000505"/>
</kw>
<kw name="Should Match Regexp" owner="BuiltIn">
<arg>${json_data['results'][0]['registered']['date']}</arg>
<arg>\\d{4}-\\d{2}-\\d{2}T\\d{2}:\\d{2}:\\d{2}\\.\\d{3}Z</arg>
<doc>Fails if ``string`` does not match ``pattern`` as a regular expression.</doc>
<status status="PASS" start="2024-07-15T07:14:47.846592" elapsed="0.000424"/>
</kw>
<kw name="Should Match Regexp" owner="BuiltIn">
<arg>${json_data['results'][0]['picture']['large']}</arg>
<arg>^https?://.*\.(?:png|jpe?g|gif|bmp)$</arg>
<doc>Fails if ``string`` does not match ``pattern`` as a regular expression.</doc>
<status status="PASS" start="2024-07-15T07:14:47.847203" elapsed="0.000487"/>
</kw>
<kw name="Should Match Regexp" owner="BuiltIn">
<arg>${json_data['results'][0]['picture']['medium']}</arg>
<arg>^https?://.*\.(?:png|jpe?g|gif|bmp)$</arg>
<doc>Fails if ``string`` does not match ``pattern`` as a regular expression.</doc>
<status status="PASS" start="2024-07-15T07:14:47.847877" elapsed="0.000351"/>
</kw>
<kw name="Should Match Regexp" owner="BuiltIn">
<arg>${json_data['results'][0]['picture']['thumbnail']}</arg>
<arg>^https?://.*\.(?:png|jpe?g|gif|bmp)$</arg>
<doc>Fails if ``string`` does not match ``pattern`` as a regular expression.</doc>
<status status="PASS" start="2024-07-15T07:14:47.848407" elapsed="0.000346"/>
</kw>
<kw name="Log" owner="BuiltIn">
<msg time="2024-07-15T07:14:47.849268" level="INFO">{'large': 'https://randomuser.me/api/portraits/men/40.jpg', 'medium': 'https://randomuser.me/api/portraits/med/men/40.jpg', 'thumbnail': 'https://randomuser.me/api/portraits/thumb/men/40.jpg'}</msg>
<arg>${json_data['results'][0]['picture']}</arg>
<doc>Logs the given message with the given level.</doc>
<status status="PASS" start="2024-07-15T07:14:47.848938" elapsed="0.000372"/>
</kw>
<status status="PASS" start="2024-07-15T07:14:47.739978" elapsed="0.109603"/>
</kw>
<kw name="Teste de Tipos de Dados - Postcode" owner="random-user-service">
<kw name="GET On Session" owner="RequestsLibrary">
<msg time="2024-07-15T07:14:47.945946" level="INFO">GET Request : url=https://randomuser.me/api 
 path_url=/api 
 headers={'User-Agent': 'python-requests/2.32.3', 'Accept-Encoding': 'gzip, deflate', 'Accept': '*/*', 'Connection': 'keep-alive'} 
 body=None 
 </msg>
<msg time="2024-07-15T07:14:47.946050" level="INFO">GET Response : url=https://randomuser.me/api 
 status=200, reason=OK 
 headers={'Date': 'Mon, 15 Jul 2024 07:14:47 GMT', 'Content-Type': 'application/json; charset=utf-8', 'Transfer-Encoding': 'chunked', 'Connection': 'keep-alive', 'X-Powered-By': 'Express', 'Access-Control-Allow-Origin': '*', 'Cache-Control': 'no-cache', 'ETag': 'W/"497-+UVqJkoY2ED+hTnJE5jSuzc8Jxo"', 'Vary': 'Accept-Encoding', 'Content-Encoding': 'gzip', 'CF-Cache-Status': 'DYNAMIC', 'Report-To': '{"endpoints":[{"url":"https:\\/\\/a.nel.cloudflare.com\\/report\\/v4?s=17jxRlE2IQb2Ca7ZOQNklhRoMzDAJEgH%2F49R26Wto8drcmNh9fXE4mZcnef2IiaBa3ONWaG98XPw32wmK19A4fvJj6BGTvTz99oHQEILFKnBOcCqcFTu0FNvpa79bT02"}],"group":"cf-nel","max_age":604800}', 'NEL': '{"success_fraction":0,"report_to":"cf-nel","max_age":604800}', 'Server': 'cloudflare', 'CF-RAY': '8a37f5291d197edb-LAX', 'alt-svc': 'h3=":443"; ma=86400'} 
 body={"results":[{"gender":"female","name":{"title":"Miss","first":"Liliana","last":"Ries"},"location":{"street":{"number":826,"name":"Tannenweg"},"city":"Münchenbernsdorf","state":"Thüringen","country":"Germany","postcode":72541,"coordinates":{"latitude":"-50.6790","longitude":"137.7951"},"timezone":{"offset":"-7:00","description":"Mountain Time (US &amp; Canada)"}},"email":"liliana.ries@example.com","login":{"uuid":"9b221e9f-bde5-4d5b-b3eb-748fb37e5659","username":"sadladybug334","password":"unreal","salt":"25w1uRmm","md5":"7620fd2d7243ff756f0bdf11396cc660","sha1":"9c5cb6625c2d08c9fc697be126cf8a25794bbb67","sha256":"d92dd2d77dfc544c91069f16608f5f6b320497ff503f9a9eb16dda8778d1cff2"},"dob":{"date":"1975-09-16T18:32:26.115Z","age":48},"registered":{"date":"2022-04-23T21:44:06.003Z","age":2},"phone":"0249-3435250","cell":"0172-7738102","id":{"name":"SVNR","value":"68 160975 R 619"},"picture":{"large":"https://randomuser.me/api/portraits/women/71.jpg","medium":"https://randomuser.me/api/portraits/med/women/71.jpg","thumbnail":"https://randomuser.me/api/portraits/thumb/women/71.jpg"},"nat":"DE"}],"info":{"seed":"1b3a52fa7c12f29c","results":1,"page":1,"version":"1.4"}} 
 </msg>
<msg time="2024-07-15T07:14:47.946124" level="INFO">/opt/hostedtoolcache/Python/3.12.4/x64/lib/python3.12/site-packages/urllib3/connectionpool.py:1099: InsecureRequestWarning: Unverified HTTPS request is being made to host 'randomuser.me'. Adding certificate verification is strongly advised. See: https://urllib3.readthedocs.io/en/latest/advanced-usage.html#tls-warnings
  warnings.warn(</msg>
<msg time="2024-07-15T07:14:47.946246" level="INFO">${response} = &lt;Response [200]&gt;</msg>
<var>${response}</var>
<arg>consultarAPI</arg>
<arg>/api</arg>
<doc>Sends a GET request on a previously created HTTP Session.</doc>
<status status="PASS" start="2024-07-15T07:14:47.850051" elapsed="0.096222"/>
</kw>
<kw name="Set Variable" owner="BuiltIn">
<msg time="2024-07-15T07:14:47.947361" level="INFO">${json_data} = {'results': [{'gender': 'female', 'name': {'title': 'Miss', 'first': 'Liliana', 'last': 'Ries'}, 'location': {'street': {'number': 826, 'name': 'Tannenweg'}, 'city': 'Münchenbernsdorf', 'state': 'Thür...</msg>
<var>${json_data}</var>
<arg>${response.json()}</arg>
<doc>Returns the given values which can then be assigned to a variables.</doc>
<status status="PASS" start="2024-07-15T07:14:47.946839" elapsed="0.000552"/>
</kw>
<kw name="Log" owner="BuiltIn">
<msg time="2024-07-15T07:14:47.947870" level="INFO">{'results': [{'gender': 'female', 'name': {'title': 'Miss', 'first': 'Liliana', 'last': 'Ries'}, 'location': {'street': {'number': 826, 'name': 'Tannenweg'}, 'city': 'Münchenbernsdorf', 'state': 'Thüringen', 'country': 'Germany', 'postcode': 72541, 'coordinates': {'latitude': '-50.6790', 'longitude': '137.7951'}, 'timezone': {'offset': '-7:00', 'description': 'Mountain Time (US &amp; Canada)'}}, 'email': 'liliana.ries@example.com', 'login': {'uuid': '9b221e9f-bde5-4d5b-b3eb-748fb37e5659', 'username': 'sadladybug334', 'password': 'unreal', 'salt': '25w1uRmm', 'md5': '7620fd2d7243ff756f0bdf11396cc660', 'sha1': '9c5cb6625c2d08c9fc697be126cf8a25794bbb67', 'sha256': 'd92dd2d77dfc544c91069f16608f5f6b320497ff503f9a9eb16dda8778d1cff2'}, 'dob': {'date': '1975-09-16T18:32:26.115Z', 'age': 48}, 'registered': {'date': '2022-04-23T21:44:06.003Z', 'age': 2}, 'phone': '0249-3435250', 'cell': '0172-7738102', 'id': {'name': 'SVNR', 'value': '68 160975 R 619'}, 'picture': {'large': 'https://randomuser.me/api/portraits/women/71.jpg', 'medium': 'https://randomuser.me/api/portraits/med/women/71.jpg', 'thumbnail': 'https://randomuser.me/api/portraits/thumb/women/71.jpg'}, 'nat': 'DE'}], 'info': {'seed': '1b3a52fa7c12f29c', 'results': 1, 'page': 1, 'version': '1.4'}}</msg>
<arg>${json_data}</arg>
<doc>Logs the given message with the given level.</doc>
<status status="PASS" start="2024-07-15T07:14:47.947708" elapsed="0.000212"/>
</kw>
<kw name="Should Be Equal As Numbers" owner="BuiltIn">
<arg>${json_data['results'][0]['location']['postcode']}</arg>
<arg>${json_data['results'][0]['location']['postcode']}</arg>
<doc>Fails if objects are unequal after converting them to real numbers.</doc>
<status status="PASS" start="2024-07-15T07:14:47.948222" elapsed="0.000638"/>
</kw>
<kw name="Log" owner="BuiltIn">
<msg time="2024-07-15T07:14:47.949563" level="INFO">72541</msg>
<arg>${json_data['results'][0]['location']['postcode']}</arg>
<doc>Logs the given message with the given level.</doc>
<status status="PASS" start="2024-07-15T07:14:47.949048" elapsed="0.000557"/>
</kw>
<status status="PASS" start="2024-07-15T07:14:47.849818" elapsed="0.100073"/>
</kw>
<doc>Testa se os tipos de dados na resposta da API estão corretos.</doc>
<tag>testeTiposDados</tag>
<status status="PASS" start="2024-07-15T07:14:47.739478" elapsed="0.210581"/>
</test>
<test id="s1-s1-t5" name="Validar conteudo" line="35">
<kw name="Teste de Tipos de Conteudo" owner="random-user-service">
<kw name="GET On Session" owner="RequestsLibrary">
<msg time="2024-07-15T07:14:48.055236" level="INFO">GET Request : url=https://randomuser.me/api 
 path_url=/api 
 headers={'User-Agent': 'python-requests/2.32.3', 'Accept-Encoding': 'gzip, deflate', 'Accept': '*/*', 'Connection': 'keep-alive'} 
 body=None 
 </msg>
<msg time="2024-07-15T07:14:48.055338" level="INFO">GET Response : url=https://randomuser.me/api 
 status=200, reason=OK 
 headers={'Date': 'Mon, 15 Jul 2024 07:14:48 GMT', 'Content-Type': 'application/json; charset=utf-8', 'Transfer-Encoding': 'chunked', 'Connection': 'keep-alive', 'X-Powered-By': 'Express', 'Access-Control-Allow-Origin': '*', 'Cache-Control': 'no-cache', 'ETag': 'W/"482-GtWEVVRfwiDYZK3fGdEjCpIX7V4"', 'Vary': 'Accept-Encoding', 'Content-Encoding': 'gzip', 'CF-Cache-Status': 'DYNAMIC', 'Report-To': '{"endpoints":[{"url":"https:\\/\\/a.nel.cloudflare.com\\/report\\/v4?s=suzuGBkXPR0rcN6wS6hePmiDzMHt6XZ6Ps%2B7c6dH5heQ43%2Bbs8072FDGCLchhwvypJmiD1rbvgkpTMZsiGYx6aJDuP1zfNG5%2BW%2FpHqgjCoJPT%2FAnHxcKwsbn8eKGZrCI"}],"group":"cf-nel","max_age":604800}', 'NEL': '{"success_fraction":0,"report_to":"cf-nel","max_age":604800}', 'Server': 'cloudflare', 'CF-RAY': '8a37f529bdac7edb-LAX', 'alt-svc': 'h3=":443"; ma=86400'} 
 body={"results":[{"gender":"female","name":{"title":"Miss","first":"Malou","last":"Andersen"},"location":{"street":{"number":3596,"name":"Hvedemarken"},"city":"Gjern","state":"Syddanmark","country":"Denmark","postcode":54401,"coordinates":{"latitude":"-45.1345","longitude":"86.5141"},"timezone":{"offset":"-1:00","description":"Azores, Cape Verde Islands"}},"email":"malou.andersen@example.com","login":{"uuid":"9046553d-790d-4efd-9a19-30df4e951772","username":"purpleduck137","password":"beans","salt":"JcY471gO","md5":"b73e01a093d5e04568c674af32a86de1","sha1":"6ef8883e2728190f122d4fe14ecca5aaa149e4a0","sha256":"1b0237ab430c148ab5c7c22766dfcdb332764dae825995fbb98bdd6a4b287650"},"dob":{"date":"1991-04-01T14:28:01.701Z","age":33},"registered":{"date":"2021-12-09T22:17:59.572Z","age":2},"phone":"96304416","cell":"11480542","id":{"name":"CPR","value":"010491-3420"},"picture":{"large":"https://randomuser.me/api/portraits/women/29.jpg","medium":"https://randomuser.me/api/portraits/med/women/29.jpg","thumbnail":"https://randomuser.me/api/portraits/thumb/women/29.jpg"},"nat":"DK"}],"info":{"seed":"d921f4c6021dd7e7","results":1,"page":1,"version":"1.4"}} 
 </msg>
<msg time="2024-07-15T07:14:48.055407" level="INFO">/opt/hostedtoolcache/Python/3.12.4/x64/lib/python3.12/site-packages/urllib3/connectionpool.py:1099: InsecureRequestWarning: Unverified HTTPS request is being made to host 'randomuser.me'. Adding certificate verification is strongly advised. See: https://urllib3.readthedocs.io/en/latest/advanced-usage.html#tls-warnings
  warnings.warn(</msg>
<msg time="2024-07-15T07:14:48.055526" level="INFO">${response} = &lt;Response [200]&gt;</msg>
<var>${response}</var>
<arg>consultarAPI</arg>
<arg>/api</arg>
<doc>Sends a GET request on a previously created HTTP Session.</doc>
<status status="PASS" start="2024-07-15T07:14:47.952513" elapsed="0.103040"/>
</kw>
<kw name="Set Variable" owner="BuiltIn">
<msg time="2024-07-15T07:14:48.056612" level="INFO">${json_data} = {'results': [{'gender': 'female', 'name': {'title': 'Miss', 'first': 'Malou', 'last': 'Andersen'}, 'location': {'street': {'number': 3596, 'name': 'Hvedemarken'}, 'city': 'Gjern', 'state': 'Syddanmark...</msg>
<var>${json_data}</var>
<arg>${response.json()}</arg>
<doc>Returns the given values which can then be assigned to a variables.</doc>
<status status="PASS" start="2024-07-15T07:14:48.056092" elapsed="0.000549"/>
</kw>
<kw name="Set Variable" owner="BuiltIn">
<msg time="2024-07-15T07:14:48.057354" level="INFO">${name_title} = Miss</msg>
<var>${name_title}</var>
<arg>${json_data["results"][0]["name"]["title"]}</arg>
<doc>Returns the given values which can then be assigned to a variables.</doc>
<status status="PASS" start="2024-07-15T07:14:48.056960" elapsed="0.000420"/>
</kw>
<kw name="Create List" owner="BuiltIn">
<msg time="2024-07-15T07:14:48.057826" level="INFO">${allowed_titles} = ['Mr', 'Ms', 'Miss', 'Mrs', 'Madame', 'Monsieur']</msg>
<var>${allowed_titles}</var>
<arg>Mr</arg>
<arg>Ms</arg>
<arg>Miss</arg>
<arg>Mrs</arg>
<arg>Madame</arg>
<arg>Monsieur</arg>
<doc>Returns a list containing given items.</doc>
<status status="PASS" start="2024-07-15T07:14:48.057678" elapsed="0.000173"/>
</kw>
<kw name="List Should Contain Value" owner="Collections">
<arg>${allowed_titles}</arg>
<arg>${name_title}</arg>
<doc>Fails if the ``value`` is not found from ``list``.</doc>
<status status="PASS" start="2024-07-15T07:14:48.058149" elapsed="0.000187"/>
</kw>
<kw name="Set Variable" owner="BuiltIn">
<msg time="2024-07-15T07:14:48.058942" level="INFO">${name_country} = DK</msg>
<var>${name_country}</var>
<arg>${json_data["results"][0]["nat"]}</arg>
<doc>Returns the given values which can then be assigned to a variables.</doc>
<status status="PASS" start="2024-07-15T07:14:48.058524" elapsed="0.000445"/>
</kw>
<kw name="Create List" owner="BuiltIn">
<msg time="2024-07-15T07:14:48.059861" level="INFO">${list_country} = ['AD', 'AE', 'AF', 'AG', 'AI', 'AL', 'AM', 'AO', 'AQ', 'AR', 'AS', 'AT', 'AU', 'AW', 'AX', 'AZ', 'BA', 'BB', 'BD', 'BE', 'BF', 'BG', 'BH', 'BI', 'BJ', 'BL', 'BM', 'BN', 'BO', 'BQ', 'BR', 'BS', 'BT', '...</msg>
<var>${list_country}</var>
<arg>AD</arg>
<arg>AE</arg>
<arg>AF</arg>
<arg>AG</arg>
<arg>AI</arg>
<arg>AL</arg>
<arg>AM</arg>
<arg>AO</arg>
<arg>AQ</arg>
<arg>AR</arg>
<arg>AS</arg>
<arg>AT</arg>
<arg>AU</arg>
<arg>AW</arg>
<arg>AX</arg>
<arg>AZ</arg>
<arg>BA</arg>
<arg>BB</arg>
<arg>BD</arg>
<arg>BE</arg>
<arg>BF</arg>
<arg>BG</arg>
<arg>BH</arg>
<arg>BI</arg>
<arg>BJ</arg>
<arg>BL</arg>
<arg>BM</arg>
<arg>BN</arg>
<arg>BO</arg>
<arg>BQ</arg>
<arg>BR</arg>
<arg>BS</arg>
<arg>BT</arg>
<arg>BV</arg>
<arg>BW</arg>
<arg>BY</arg>
<arg>BZ</arg>
<arg>CA</arg>
<arg>CC</arg>
<arg>CD</arg>
<arg>CF</arg>
<arg>CG</arg>
<arg>CH</arg>
<arg>CI</arg>
<arg>CK</arg>
<arg>CL</arg>
<arg>CM</arg>
<arg>CN</arg>
<arg>CO</arg>
<arg>CR</arg>
<arg>CU</arg>
<arg>CV</arg>
<arg>CW</arg>
<arg>CX</arg>
<arg>CY</arg>
<arg>CZ</arg>
<arg>DE</arg>
<arg>DJ</arg>
<arg>DK</arg>
<arg>DM</arg>
<arg>DO</arg>
<arg>DZ</arg>
<arg>EC</arg>
<arg>EE</arg>
<arg>EG</arg>
<arg>EH</arg>
<arg>ER</arg>
<arg>ES</arg>
<arg>ET</arg>
<arg>FI</arg>
<arg>FJ</arg>
<arg>FK</arg>
<arg>FM</arg>
<arg>FO</arg>
<arg>FR</arg>
<arg>GA</arg>
<arg>GB</arg>
<arg>GD</arg>
<arg>GE</arg>
<arg>GF</arg>
<arg>GG</arg>
<arg>GH</arg>
<arg>GI</arg>
<arg>GL</arg>
<arg>GM</arg>
<arg>GN</arg>
<arg>GP</arg>
<arg>GQ</arg>
<arg>GR</arg>
<arg>GS</arg>
<arg>GT</arg>
<arg>GU</arg>
<arg>GW</arg>
<arg>GY</arg>
<arg>HK</arg>
<arg>HM</arg>
<arg>HN</arg>
<arg>HR</arg>
<arg>HT</arg>
<arg>HU</arg>
<arg>ID</arg>
<arg>IE</arg>
<arg>IL</arg>
<arg>IM</arg>
<arg>IN</arg>
<arg>IO</arg>
<arg>IQ</arg>
<arg>IR</arg>
<arg>IS</arg>
<arg>IT</arg>
<arg>JE</arg>
<arg>JM</arg>
<arg>JO</arg>
<arg>JP</arg>
<arg>KE</arg>
<arg>KG</arg>
<arg>KH</arg>
<arg>KI</arg>
<arg>KM</arg>
<arg>KN</arg>
<arg>KP</arg>
<arg>KR</arg>
<arg>KW</arg>
<arg>KY</arg>
<arg>KZ</arg>
<arg>LA</arg>
<arg>LB</arg>
<arg>LC</arg>
<arg>LI</arg>
<arg>LK</arg>
<arg>LR</arg>
<arg>LS</arg>
<arg>LT</arg>
<arg>LU</arg>
<arg>LV</arg>
<arg>LY</arg>
<arg>MA</arg>
<arg>MC</arg>
<arg>MD</arg>
<arg>ME</arg>
<arg>MF</arg>
<arg>MG</arg>
<arg>MH</arg>
<arg>MK</arg>
<arg>ML</arg>
<arg>MM</arg>
<arg>MN</arg>
<arg>MO</arg>
<arg>MP</arg>
<arg>MQ</arg>
<arg>MR</arg>
<arg>MS</arg>
<arg>MT</arg>
<arg>MU</arg>
<arg>MV</arg>
<arg>MW</arg>
<arg>MX</arg>
<arg>MY</arg>
<arg>MZ</arg>
<arg>NA</arg>
<arg>NC</arg>
<arg>NE</arg>
<arg>NF</arg>
<arg>NG</arg>
<arg>NI</arg>
<arg>NL</arg>
<arg>NO</arg>
<arg>NP</arg>
<arg>NR</arg>
<arg>NU</arg>
<arg>NZ</arg>
<arg>OM</arg>
<arg>PA</arg>
<arg>PE</arg>
<arg>PF</arg>
<arg>PG</arg>
<arg>PH</arg>
<arg>PK</arg>
<arg>PL</arg>
<arg>PM</arg>
<arg>PN</arg>
<arg>PR</arg>
<arg>PS</arg>
<arg>PT</arg>
<arg>PW</arg>
<arg>PY</arg>
<arg>QA</arg>
<arg>RE</arg>
<arg>RO</arg>
<arg>RS</arg>
<arg>RU</arg>
<arg>RW</arg>
<arg>SA</arg>
<arg>SB</arg>
<arg>SC</arg>
<arg>SD</arg>
<arg>SE</arg>
<arg>SG</arg>
<arg>SH</arg>
<arg>SI</arg>
<arg>SJ</arg>
<arg>SK</arg>
<arg>SL</arg>
<arg>SM</arg>
<arg>SN</arg>
<arg>SO</arg>
<arg>SR</arg>
<arg>SS</arg>
<arg>ST</arg>
<arg>SV</arg>
<arg>SX</arg>
<arg>SY</arg>
<arg>SZ</arg>
<arg>TC</arg>
<arg>TD</arg>
<arg>TF</arg>
<arg>TG</arg>
<arg>TH</arg>
<arg>TJ</arg>
<arg>TK</arg>
<arg>TL</arg>
<arg>TM</arg>
<arg>TN</arg>
<arg>TO</arg>
<arg>TR</arg>
<arg>TT</arg>
<arg>TV</arg>
<arg>TW</arg>
<arg>TZ</arg>
<arg>UA</arg>
<arg>UG</arg>
<arg>UM</arg>
<arg>US</arg>
<arg>UY</arg>
<arg>UZ</arg>
<arg>VA</arg>
<arg>VC</arg>
<arg>VE</arg>
<arg>VG</arg>
<arg>VI</arg>
<arg>VN</arg>
<arg>VU</arg>
<arg>WF</arg>
<arg>WS</arg>
<arg>XK</arg>
<arg>YE</arg>
<arg>YT</arg>
<arg>ZA</arg>
<arg>ZM</arg>
<arg>ZW</arg>
<doc>Returns a list containing given items.</doc>
<status status="PASS" start="2024-07-15T07:14:48.059268" elapsed="0.000620"/>
</kw>
<kw name="List Should Contain Value" owner="Collections">
<arg>${list_country}</arg>
<arg>${name_country}</arg>
<doc>Fails if the ``value`` is not found from ``list``.</doc>
<status status="PASS" start="2024-07-15T07:14:48.060692" elapsed="0.000206"/>
</kw>
<kw name="Run Keyword If" owner="BuiltIn">
<kw name="Should Be True" owner="BuiltIn">
<arg>${True}</arg>
<doc>Fails if the given condition is not true.</doc>
<status status="PASS" start="2024-07-15T07:14:48.061849" elapsed="0.000143"/>
</kw>
<arg>${json_data["results"][0]["location"]["coordinates"]["latitude"]} &gt;= -90 and ${json_data["results"][0]["location"]["coordinates"]["latitude"]} &lt;= 90</arg>
<arg>Should Be True</arg>
<arg>${True}</arg>
<doc>Runs the given keyword with the given arguments, if ``condition`` is true.</doc>
<status status="PASS" start="2024-07-15T07:14:48.061097" elapsed="0.001021"/>
</kw>
<kw name="Run Keyword If" owner="BuiltIn">
<kw name="Should Be True" owner="BuiltIn">
<arg>${True}</arg>
<doc>Fails if the given condition is not true.</doc>
<status status="PASS" start="2024-07-15T07:14:48.063044" elapsed="0.000259"/>
</kw>
<arg>${json_data["results"][0]["location"]["coordinates"]["longitude"]} &gt;= -180 and ${json_data["results"][0]["location"]["coordinates"]["longitude"]} &lt;= 180</arg>
<arg>Should Be True</arg>
<arg>${True}</arg>
<doc>Runs the given keyword with the given arguments, if ``condition`` is true.</doc>
<status status="PASS" start="2024-07-15T07:14:48.062303" elapsed="0.001130"/>
</kw>
<status status="PASS" start="2024-07-15T07:14:47.952285" elapsed="0.111285"/>
</kw>
<doc>Testa o conteúdo específico dos campos retornados pela API.</doc>
<tag>testeConteudo</tag>
<status status="PASS" start="2024-07-15T07:14:47.951826" elapsed="0.111898"/>
</test>
<status status="PASS" start="2024-07-15T07:14:46.956925" elapsed="1.108782"/>
</suite>
<status status="PASS" start="2024-07-15T07:14:46.941163" elapsed="1.129744"/>
</suite>
<statistics>
<total>
<stat pass="5" fail="0" skip="0">All Tests</stat>
</total>
<tag>
<stat pass="1" fail="0" skip="0">testeConteudo</stat>
<stat pass="1" fail="0" skip="0">testeEstruturaResposta</stat>
<stat pass="1" fail="0" skip="0">testeRequisicaoBasica</stat>
<stat pass="1" fail="0" skip="0">testeTiposDados</stat>
</tag>
<suite>
<stat pass="5" fail="0" skip="0" id="s1" name="Tests">Tests</stat>
<stat pass="5" fail="0" skip="0" id="s1-s1" name="Random-User-Test">Tests.Random-User-Test</stat>
</suite>
</statistics>
<errors>
</errors>
</robot>
