<?xml version="1.0" encoding="UTF-8"?>
<robot generator="Robot 7.0.1 (Python 3.12.4 on linux)" generated="2024-06-23T21:13:05.801047" rpa="false" schemaversion="5">
<suite id="s1" name="Tests" source="/home/runner/work/ApiRandomUser/ApiRandomUser/RamdonUser/tests">
<suite id="s1-s1" name="Random-User-Test" source="/home/runner/work/ApiRandomUser/ApiRandomUser/RamdonUser/tests/random-user-test.robot">
<test id="s1-s1-t1" name="Conectar" line="13">
<kw name="Conectar API" owner="random-user-service">
<kw name="Create Session" owner="RequestsLibrary">
<msg time="2024-06-23T21:13:06.203917" level="INFO">Creating Session using : alias=consultarAPI, url=https://randomuser.me/, headers={},                     cookies={}, auth=None, timeout=None, proxies=None, verify=False,                     debug=0 </msg>
<arg>consultarAPI</arg>
<arg>${URL}</arg>
<doc>Create Session: create a HTTP session to a server</doc>
<status status="PASS" start="2024-06-23T21:13:06.203707" elapsed="0.000395"/>
</kw>
<status status="PASS" start="2024-06-23T21:13:06.202719" elapsed="0.001755"/>
</kw>
<status status="PASS" start="2024-06-23T21:13:06.202143" elapsed="0.002549"/>
</test>
<test id="s1-s1-t2" name="Validar retorno 200 e JSON Válido" line="16">
<kw name="Teste de Requisicao Basica" owner="random-user-service">
<kw name="GET On Session" owner="RequestsLibrary">
<msg time="2024-06-23T21:13:06.540449" level="INFO">GET Request : url=https://randomuser.me/api 
 path_url=/api 
 headers={'User-Agent': 'python-requests/2.32.3', 'Accept-Encoding': 'gzip, deflate', 'Accept': '*/*', 'Connection': 'keep-alive'} 
 body=None 
 </msg>
<msg time="2024-06-23T21:13:06.540658" level="INFO">GET Response : url=https://randomuser.me/api 
 status=200, reason=OK 
 headers={'Date': 'Sun, 23 Jun 2024 21:13:06 GMT', 'Content-Type': 'application/json; charset=utf-8', 'Transfer-Encoding': 'chunked', 'Connection': 'keep-alive', 'X-Powered-By': 'Express', 'Access-Control-Allow-Origin': '*', 'Cache-Control': 'no-cache', 'ETag': 'W/"4a1-S/GlRs4LmN9rX8gxV5DOKfRyEUQ"', 'Vary': 'Accept-Encoding', 'Content-Encoding': 'gzip', 'CF-Cache-Status': 'DYNAMIC', 'Report-To': '{"endpoints":[{"url":"https:\\/\\/a.nel.cloudflare.com\\/report\\/v4?s=dCH%2Bo7kMdQqT3UFvLJRER2YmzEE0o3ST19bR2jnpLRx166yxk8WSDizMNVDOQXSGofizBsAZJvtGzsuVFFCCLjGZPPfLLDeCxLOILspaETlmkGmr%2Bwue8VZscdmkJNp4"}],"group":"cf-nel","max_age":604800}', 'NEL': '{"success_fraction":0,"report_to":"cf-nel","max_age":604800}', 'Server': 'cloudflare', 'CF-RAY': '89877ae73b472f40-LAX', 'alt-svc': 'h3=":443"; ma=86400'} 
 body={"results":[{"gender":"male","name":{"title":"Mr","first":"Roger","last":"Roersma"},"location":{"street":{"number":5569,"name":"Honswijkerpad"},"city":"Haarlemmermeer","state":"Gelderland","country":"Netherlands","postcode":"7470 JY","coordinates":{"latitude":"35.0924","longitude":"-101.2754"},"timezone":{"offset":"-6:00","description":"Central Time (US &amp; Canada), Mexico City"}},"email":"roger.roersma@example.com","login":{"uuid":"c938c442-b4fd-4990-b86d-f0261c86e45d","username":"happysnake958","password":"lansing","salt":"Rq8ZJKap","md5":"80732cef4d52a7f95f95d321460dfd2f","sha1":"962520e32d488dd4af4163230d61f4e361086424","sha256":"24a4cb3f0137bc903e0f6c35793c952b19d0908aec6ab0d4cd350f64c4645bbf"},"dob":{"date":"1946-07-28T00:15:33.317Z","age":77},"registered":{"date":"2004-10-09T10:49:13.011Z","age":19},"phone":"(0108) 967917","cell":"(06) 79360771","id":{"name":"BSN","value":"53182920"},"picture":{"large":"https://randomuser.me/api/portraits/men/40.jpg","medium":"https://randomuser.me/api/portraits/med/men/40.jpg","thumbnail":"https://randomuser.me/api/portraits/thumb/men/40.jpg"},"nat":"NL"}],"info":{"seed":"e445adf389d096f8","results":1,"page":1,"version":"1.4"}} 
 </msg>
<msg time="2024-06-23T21:13:06.540742" level="INFO">/opt/hostedtoolcache/Python/3.12.4/x64/lib/python3.12/site-packages/urllib3/connectionpool.py:1099: InsecureRequestWarning: Unverified HTTPS request is being made to host 'randomuser.me'. Adding certificate verification is strongly advised. See: https://urllib3.readthedocs.io/en/latest/advanced-usage.html#tls-warnings
  warnings.warn(</msg>
<msg time="2024-06-23T21:13:06.540902" level="INFO">${response} = &lt;Response [200]&gt;</msg>
<var>${response}</var>
<arg>consultarAPI</arg>
<arg>/api</arg>
<doc>Sends a GET request on a previously created HTTP Session.</doc>
<status status="PASS" start="2024-06-23T21:13:06.207340" elapsed="0.333608"/>
</kw>
<kw name="Should Be Equal As Numbers" owner="BuiltIn">
<msg time="2024-06-23T21:13:06.541964" level="INFO">Argument types are:
&lt;class 'int'&gt;
&lt;class 'str'&gt;</msg>
<arg>${response.status_code}</arg>
<arg>200</arg>
<doc>Fails if objects are unequal after converting them to real numbers.</doc>
<status status="PASS" start="2024-06-23T21:13:06.541496" elapsed="0.000539"/>
</kw>
<kw name="Log" owner="BuiltIn">
<msg time="2024-06-23T21:13:06.542712" level="INFO">200</msg>
<arg>${response.status_code}</arg>
<doc>Logs the given message with the given level.</doc>
<status status="PASS" start="2024-06-23T21:13:06.542357" elapsed="0.000398"/>
</kw>
<kw name="Set Variable" owner="BuiltIn">
<msg time="2024-06-23T21:13:06.543478" level="INFO">${json_data} = {'results': [{'gender': 'male', 'name': {'title': 'Mr', 'first': 'Roger', 'last': 'Roersma'}, 'location': {'street': {'number': 5569, 'name': 'Honswijkerpad'}, 'city': 'Haarlemmermeer', 'state': 'Geld...</msg>
<var>${json_data}</var>
<arg>${response.json()}</arg>
<doc>Returns the given values which can then be assigned to a variables.</doc>
<status status="PASS" start="2024-06-23T21:13:06.543052" elapsed="0.000454"/>
</kw>
<kw name="Dictionary Should Contain Key" owner="Collections">
<arg>${json_data}</arg>
<arg>results</arg>
<doc>Fails if ``key`` is not found from ``dictionary``.</doc>
<status status="PASS" start="2024-06-23T21:13:06.543794" elapsed="0.000166"/>
</kw>
<status status="PASS" start="2024-06-23T21:13:06.207098" elapsed="0.337010"/>
</kw>
<doc>Testa se a API responde corretamente e retorna um objeto JSON válido.</doc>
<tag>testeRequisicaoBasica</tag>
<status status="PASS" start="2024-06-23T21:13:06.206641" elapsed="0.337638"/>
</test>
<test id="s1-s1-t3" name="Validar estrutura de resposta" line="22">
<kw name="Teste de Estrutura de Resposta" owner="random-user-service">
<kw name="GET On Session" owner="RequestsLibrary">
<msg time="2024-06-23T21:13:06.655234" level="INFO">GET Request : url=https://randomuser.me/api 
 path_url=/api 
 headers={'User-Agent': 'python-requests/2.32.3', 'Accept-Encoding': 'gzip, deflate', 'Accept': '*/*', 'Connection': 'keep-alive'} 
 body=None 
 </msg>
<msg time="2024-06-23T21:13:06.655342" level="INFO">GET Response : url=https://randomuser.me/api 
 status=200, reason=OK 
 headers={'Date': 'Sun, 23 Jun 2024 21:13:06 GMT', 'Content-Type': 'application/json; charset=utf-8', 'Transfer-Encoding': 'chunked', 'Connection': 'keep-alive', 'X-Powered-By': 'Express', 'Access-Control-Allow-Origin': '*', 'Cache-Control': 'no-cache', 'ETag': 'W/"498-EmKgseHvf1l1QwhmvqWvyDEDOQs"', 'Vary': 'Accept-Encoding', 'Content-Encoding': 'gzip', 'CF-Cache-Status': 'DYNAMIC', 'Report-To': '{"endpoints":[{"url":"https:\\/\\/a.nel.cloudflare.com\\/report\\/v4?s=yDKSdzY2LkG3uH8EFqz4LVGzIFAuD7wooaaBFwGSjZ5dGq3u9XbBPv9ehLTUZD4PoARz%2FXUk8Ob%2FYcABdcU0Lnv9YJdlWA7UjKEF%2FAdgA5wwwYNG%2BiWskkCe5qWpj2dv"}],"group":"cf-nel","max_age":604800}', 'NEL': '{"success_fraction":0,"report_to":"cf-nel","max_age":604800}', 'Server': 'cloudflare', 'CF-RAY': '89877ae7ec5a2f40-LAX', 'alt-svc': 'h3=":443"; ma=86400'} 
 body={"results":[{"gender":"male","name":{"title":"Mr","first":"رهام","last":"حسینی"},"location":{"street":{"number":4071,"name":"شهید آرش مهر"},"city":"قدس","state":"خراسان شمالی","country":"Iran","postcode":62602,"coordinates":{"latitude":"19.4500","longitude":"-64.5513"},"timezone":{"offset":"+10:00","description":"Eastern Australia, Guam, Vladivostok"}},"email":"rhm.hsyny@example.com","login":{"uuid":"61f66a59-bbd9-4f43-ab24-a8c6e91f2d9d","username":"blackfish695","password":"qazwsxed","salt":"RT1L9rp4","md5":"9e7decf4677baf6cd92311d45d4dcc23","sha1":"6e29649007cd1a4f08ca53e7f57deb5ff53bbc56","sha256":"2c1be73e59a6e1a7e653adba20457674cbd89ab7cdcbeee3e1faedb09cac9cba"},"dob":{"date":"1975-11-25T07:53:35.272Z","age":48},"registered":{"date":"2018-05-25T02:19:24.503Z","age":6},"phone":"086-09186818","cell":"0962-937-1233","id":{"name":"","value":null},"picture":{"large":"https://randomuser.me/api/portraits/men/41.jpg","medium":"https://randomuser.me/api/portraits/med/men/41.jpg","thumbnail":"https://randomuser.me/api/portraits/thumb/men/41.jpg"},"nat":"IR"}],"info":{"seed":"93aa643d0a2609f2","results":1,"page":1,"version":"1.4"}} 
 </msg>
<msg time="2024-06-23T21:13:06.655485" level="INFO">/opt/hostedtoolcache/Python/3.12.4/x64/lib/python3.12/site-packages/urllib3/connectionpool.py:1099: InsecureRequestWarning: Unverified HTTPS request is being made to host 'randomuser.me'. Adding certificate verification is strongly advised. See: https://urllib3.readthedocs.io/en/latest/advanced-usage.html#tls-warnings
  warnings.warn(</msg>
<msg time="2024-06-23T21:13:06.655647" level="INFO">${response} = &lt;Response [200]&gt;</msg>
<var>${response}</var>
<arg>consultarAPI</arg>
<arg>/api</arg>
<doc>Sends a GET request on a previously created HTTP Session.</doc>
<status status="PASS" start="2024-06-23T21:13:06.546884" elapsed="0.108805"/>
</kw>
<kw name="Set Variable" owner="BuiltIn">
<msg time="2024-06-23T21:13:06.656798" level="INFO">${json_data} = {'results': [{'gender': 'male', 'name': {'title': 'Mr', 'first': 'رهام', 'last': 'حسینی'}, 'location': {'street': {'number': 4071, 'name': 'شهید آرش مهر'}, 'city': 'قدس', 'state': 'خراسان شمالی', 'cou...</msg>
<var>${json_data}</var>
<arg>${response.json()}</arg>
<doc>Returns the given values which can then be assigned to a variables.</doc>
<status status="PASS" start="2024-06-23T21:13:06.656228" elapsed="0.000601"/>
</kw>
<kw name="Log" owner="BuiltIn">
<msg time="2024-06-23T21:13:06.657318" level="INFO">{'results': [{'gender': 'male', 'name': {'title': 'Mr', 'first': 'رهام', 'last': 'حسینی'}, 'location': {'street': {'number': 4071, 'name': 'شهید آرش مهر'}, 'city': 'قدس', 'state': 'خراسان شمالی', 'country': 'Iran', 'postcode': 62602, 'coordinates': {'latitude': '19.4500', 'longitude': '-64.5513'}, 'timezone': {'offset': '+10:00', 'description': 'Eastern Australia, Guam, Vladivostok'}}, 'email': 'rhm.hsyny@example.com', 'login': {'uuid': '61f66a59-bbd9-4f43-ab24-a8c6e91f2d9d', 'username': 'blackfish695', 'password': 'qazwsxed', 'salt': 'RT1L9rp4', 'md5': '9e7decf4677baf6cd92311d45d4dcc23', 'sha1': '6e29649007cd1a4f08ca53e7f57deb5ff53bbc56', 'sha256': '2c1be73e59a6e1a7e653adba20457674cbd89ab7cdcbeee3e1faedb09cac9cba'}, 'dob': {'date': '1975-11-25T07:53:35.272Z', 'age': 48}, 'registered': {'date': '2018-05-25T02:19:24.503Z', 'age': 6}, 'phone': '086-09186818', 'cell': '0962-937-1233', 'id': {'name': '', 'value': None}, 'picture': {'large': 'https://randomuser.me/api/portraits/men/41.jpg', 'medium': 'https://randomuser.me/api/portraits/med/men/41.jpg', 'thumbnail': 'https://randomuser.me/api/portraits/thumb/men/41.jpg'}, 'nat': 'IR'}], 'info': {'seed': '93aa643d0a2609f2', 'results': 1, 'page': 1, 'version': '1.4'}}</msg>
<arg>${json_data}</arg>
<doc>Logs the given message with the given level.</doc>
<status status="PASS" start="2024-06-23T21:13:06.657149" elapsed="0.000226"/>
</kw>
<kw name="Dictionary Should Contain Key" owner="Collections">
<arg>${json_data}</arg>
<arg>results</arg>
<doc>Fails if ``key`` is not found from ``dictionary``.</doc>
<status status="PASS" start="2024-06-23T21:13:06.657714" elapsed="0.000188"/>
</kw>
<kw name="Should Not Be Empty" owner="BuiltIn">
<msg time="2024-06-23T21:13:06.658224" level="INFO">Length is 2.</msg>
<arg>${json_data}</arg>
<doc>Verifies that the given item is not empty.</doc>
<status status="PASS" start="2024-06-23T21:13:06.658097" elapsed="0.000167"/>
</kw>
<kw name="Create List" owner="BuiltIn">
<msg time="2024-06-23T21:13:06.658868" level="INFO">${expected_keys} = ['gender', 'name', 'location', 'email', 'login']</msg>
<var>${expected_keys}</var>
<arg>gender</arg>
<arg>name</arg>
<arg>location</arg>
<arg>email</arg>
<arg>login</arg>
<doc>Returns a list containing given items.</doc>
<status status="PASS" start="2024-06-23T21:13:06.658557" elapsed="0.000335"/>
</kw>
<for flavor="IN">
<iter>
<kw name="Dictionary Should Contain Key" owner="Collections">
<arg>${json_data['results'][0]}</arg>
<arg>${key}</arg>
<doc>Fails if ``key`` is not found from ``dictionary``.</doc>
<status status="PASS" start="2024-06-23T21:13:06.659482" elapsed="0.000406"/>
</kw>
<kw name="Log" owner="BuiltIn">
<msg time="2024-06-23T21:13:06.660441" level="INFO">{'gender': 'male', 'name': {'title': 'Mr', 'first': 'رهام', 'last': 'حسینی'}, 'location': {'street': {'number': 4071, 'name': 'شهید آرش مهر'}, 'city': 'قدس', 'state': 'خراسان شمالی', 'country': 'Iran', 'postcode': 62602, 'coordinates': {'latitude': '19.4500', 'longitude': '-64.5513'}, 'timezone': {'offset': '+10:00', 'description': 'Eastern Australia, Guam, Vladivostok'}}, 'email': 'rhm.hsyny@example.com', 'login': {'uuid': '61f66a59-bbd9-4f43-ab24-a8c6e91f2d9d', 'username': 'blackfish695', 'password': 'qazwsxed', 'salt': 'RT1L9rp4', 'md5': '9e7decf4677baf6cd92311d45d4dcc23', 'sha1': '6e29649007cd1a4f08ca53e7f57deb5ff53bbc56', 'sha256': '2c1be73e59a6e1a7e653adba20457674cbd89ab7cdcbeee3e1faedb09cac9cba'}, 'dob': {'date': '1975-11-25T07:53:35.272Z', 'age': 48}, 'registered': {'date': '2018-05-25T02:19:24.503Z', 'age': 6}, 'phone': '086-09186818', 'cell': '0962-937-1233', 'id': {'name': '', 'value': None}, 'picture': {'large': 'https://randomuser.me/api/portraits/men/41.jpg', 'medium': 'https://randomuser.me/api/portraits/med/men/41.jpg', 'thumbnail': 'https://randomuser.me/api/portraits/thumb/men/41.jpg'}, 'nat': 'IR'}</msg>
<arg>${json_data['results'][0]}</arg>
<doc>Logs the given message with the given level.</doc>
<status status="PASS" start="2024-06-23T21:13:06.660078" elapsed="0.000433"/>
</kw>
<kw name="Log" owner="BuiltIn">
<msg time="2024-06-23T21:13:06.660942" level="INFO">gender</msg>
<arg>${key}</arg>
<doc>Logs the given message with the given level.</doc>
<status status="PASS" start="2024-06-23T21:13:06.660815" elapsed="0.000165"/>
</kw>
<var name="${key}">gender</var>
<status status="PASS" start="2024-06-23T21:13:06.659358" elapsed="0.001837"/>
</iter>
<iter>
<kw name="Dictionary Should Contain Key" owner="Collections">
<arg>${json_data['results'][0]}</arg>
<arg>${key}</arg>
<doc>Fails if ``key`` is not found from ``dictionary``.</doc>
<status status="PASS" start="2024-06-23T21:13:06.661486" elapsed="0.000380"/>
</kw>
<kw name="Log" owner="BuiltIn">
<msg time="2024-06-23T21:13:06.662448" level="INFO">{'gender': 'male', 'name': {'title': 'Mr', 'first': 'رهام', 'last': 'حسینی'}, 'location': {'street': {'number': 4071, 'name': 'شهید آرش مهر'}, 'city': 'قدس', 'state': 'خراسان شمالی', 'country': 'Iran', 'postcode': 62602, 'coordinates': {'latitude': '19.4500', 'longitude': '-64.5513'}, 'timezone': {'offset': '+10:00', 'description': 'Eastern Australia, Guam, Vladivostok'}}, 'email': 'rhm.hsyny@example.com', 'login': {'uuid': '61f66a59-bbd9-4f43-ab24-a8c6e91f2d9d', 'username': 'blackfish695', 'password': 'qazwsxed', 'salt': 'RT1L9rp4', 'md5': '9e7decf4677baf6cd92311d45d4dcc23', 'sha1': '6e29649007cd1a4f08ca53e7f57deb5ff53bbc56', 'sha256': '2c1be73e59a6e1a7e653adba20457674cbd89ab7cdcbeee3e1faedb09cac9cba'}, 'dob': {'date': '1975-11-25T07:53:35.272Z', 'age': 48}, 'registered': {'date': '2018-05-25T02:19:24.503Z', 'age': 6}, 'phone': '086-09186818', 'cell': '0962-937-1233', 'id': {'name': '', 'value': None}, 'picture': {'large': 'https://randomuser.me/api/portraits/men/41.jpg', 'medium': 'https://randomuser.me/api/portraits/med/men/41.jpg', 'thumbnail': 'https://randomuser.me/api/portraits/thumb/men/41.jpg'}, 'nat': 'IR'}</msg>
<arg>${json_data['results'][0]}</arg>
<doc>Logs the given message with the given level.</doc>
<status status="PASS" start="2024-06-23T21:13:06.662053" elapsed="0.000446"/>
</kw>
<kw name="Log" owner="BuiltIn">
<msg time="2024-06-23T21:13:06.662921" level="INFO">name</msg>
<arg>${key}</arg>
<doc>Logs the given message with the given level.</doc>
<status status="PASS" start="2024-06-23T21:13:06.662795" elapsed="0.000163"/>
</kw>
<var name="${key}">name</var>
<status status="PASS" start="2024-06-23T21:13:06.661377" elapsed="0.001794"/>
</iter>
<iter>
<kw name="Dictionary Should Contain Key" owner="Collections">
<arg>${json_data['results'][0]}</arg>
<arg>${key}</arg>
<doc>Fails if ``key`` is not found from ``dictionary``.</doc>
<status status="PASS" start="2024-06-23T21:13:06.663450" elapsed="0.000377"/>
</kw>
<kw name="Log" owner="BuiltIn">
<msg time="2024-06-23T21:13:06.664365" level="INFO">{'gender': 'male', 'name': {'title': 'Mr', 'first': 'رهام', 'last': 'حسینی'}, 'location': {'street': {'number': 4071, 'name': 'شهید آرش مهر'}, 'city': 'قدس', 'state': 'خراسان شمالی', 'country': 'Iran', 'postcode': 62602, 'coordinates': {'latitude': '19.4500', 'longitude': '-64.5513'}, 'timezone': {'offset': '+10:00', 'description': 'Eastern Australia, Guam, Vladivostok'}}, 'email': 'rhm.hsyny@example.com', 'login': {'uuid': '61f66a59-bbd9-4f43-ab24-a8c6e91f2d9d', 'username': 'blackfish695', 'password': 'qazwsxed', 'salt': 'RT1L9rp4', 'md5': '9e7decf4677baf6cd92311d45d4dcc23', 'sha1': '6e29649007cd1a4f08ca53e7f57deb5ff53bbc56', 'sha256': '2c1be73e59a6e1a7e653adba20457674cbd89ab7cdcbeee3e1faedb09cac9cba'}, 'dob': {'date': '1975-11-25T07:53:35.272Z', 'age': 48}, 'registered': {'date': '2018-05-25T02:19:24.503Z', 'age': 6}, 'phone': '086-09186818', 'cell': '0962-937-1233', 'id': {'name': '', 'value': None}, 'picture': {'large': 'https://randomuser.me/api/portraits/men/41.jpg', 'medium': 'https://randomuser.me/api/portraits/med/men/41.jpg', 'thumbnail': 'https://randomuser.me/api/portraits/thumb/men/41.jpg'}, 'nat': 'IR'}</msg>
<arg>${json_data['results'][0]}</arg>
<doc>Logs the given message with the given level.</doc>
<status status="PASS" start="2024-06-23T21:13:06.664005" elapsed="0.000411"/>
</kw>
<kw name="Log" owner="BuiltIn">
<msg time="2024-06-23T21:13:06.664864" level="INFO">location</msg>
<arg>${key}</arg>
<doc>Logs the given message with the given level.</doc>
<status status="PASS" start="2024-06-23T21:13:06.664738" elapsed="0.000163"/>
</kw>
<var name="${key}">location</var>
<status status="PASS" start="2024-06-23T21:13:06.663345" elapsed="0.001768"/>
</iter>
<iter>
<kw name="Dictionary Should Contain Key" owner="Collections">
<arg>${json_data['results'][0]}</arg>
<arg>${key}</arg>
<doc>Fails if ``key`` is not found from ``dictionary``.</doc>
<status status="PASS" start="2024-06-23T21:13:06.665391" elapsed="0.000377"/>
</kw>
<kw name="Log" owner="BuiltIn">
<msg time="2024-06-23T21:13:06.666312" level="INFO">{'gender': 'male', 'name': {'title': 'Mr', 'first': 'رهام', 'last': 'حسینی'}, 'location': {'street': {'number': 4071, 'name': 'شهید آرش مهر'}, 'city': 'قدس', 'state': 'خراسان شمالی', 'country': 'Iran', 'postcode': 62602, 'coordinates': {'latitude': '19.4500', 'longitude': '-64.5513'}, 'timezone': {'offset': '+10:00', 'description': 'Eastern Australia, Guam, Vladivostok'}}, 'email': 'rhm.hsyny@example.com', 'login': {'uuid': '61f66a59-bbd9-4f43-ab24-a8c6e91f2d9d', 'username': 'blackfish695', 'password': 'qazwsxed', 'salt': 'RT1L9rp4', 'md5': '9e7decf4677baf6cd92311d45d4dcc23', 'sha1': '6e29649007cd1a4f08ca53e7f57deb5ff53bbc56', 'sha256': '2c1be73e59a6e1a7e653adba20457674cbd89ab7cdcbeee3e1faedb09cac9cba'}, 'dob': {'date': '1975-11-25T07:53:35.272Z', 'age': 48}, 'registered': {'date': '2018-05-25T02:19:24.503Z', 'age': 6}, 'phone': '086-09186818', 'cell': '0962-937-1233', 'id': {'name': '', 'value': None}, 'picture': {'large': 'https://randomuser.me/api/portraits/men/41.jpg', 'medium': 'https://randomuser.me/api/portraits/med/men/41.jpg', 'thumbnail': 'https://randomuser.me/api/portraits/thumb/men/41.jpg'}, 'nat': 'IR'}</msg>
<arg>${json_data['results'][0]}</arg>
<doc>Logs the given message with the given level.</doc>
<status status="PASS" start="2024-06-23T21:13:06.665953" elapsed="0.000415"/>
</kw>
<kw name="Log" owner="BuiltIn">
<msg time="2024-06-23T21:13:06.666786" level="INFO">email</msg>
<arg>${key}</arg>
<doc>Logs the given message with the given level.</doc>
<status status="PASS" start="2024-06-23T21:13:06.666658" elapsed="0.000167"/>
</kw>
<var name="${key}">email</var>
<status status="PASS" start="2024-06-23T21:13:06.665284" elapsed="0.001755"/>
</iter>
<iter>
<kw name="Dictionary Should Contain Key" owner="Collections">
<arg>${json_data['results'][0]}</arg>
<arg>${key}</arg>
<doc>Fails if ``key`` is not found from ``dictionary``.</doc>
<status status="PASS" start="2024-06-23T21:13:06.667312" elapsed="0.000396"/>
</kw>
<kw name="Log" owner="BuiltIn">
<msg time="2024-06-23T21:13:06.668234" level="INFO">{'gender': 'male', 'name': {'title': 'Mr', 'first': 'رهام', 'last': 'حسینی'}, 'location': {'street': {'number': 4071, 'name': 'شهید آرش مهر'}, 'city': 'قدس', 'state': 'خراسان شمالی', 'country': 'Iran', 'postcode': 62602, 'coordinates': {'latitude': '19.4500', 'longitude': '-64.5513'}, 'timezone': {'offset': '+10:00', 'description': 'Eastern Australia, Guam, Vladivostok'}}, 'email': 'rhm.hsyny@example.com', 'login': {'uuid': '61f66a59-bbd9-4f43-ab24-a8c6e91f2d9d', 'username': 'blackfish695', 'password': 'qazwsxed', 'salt': 'RT1L9rp4', 'md5': '9e7decf4677baf6cd92311d45d4dcc23', 'sha1': '6e29649007cd1a4f08ca53e7f57deb5ff53bbc56', 'sha256': '2c1be73e59a6e1a7e653adba20457674cbd89ab7cdcbeee3e1faedb09cac9cba'}, 'dob': {'date': '1975-11-25T07:53:35.272Z', 'age': 48}, 'registered': {'date': '2018-05-25T02:19:24.503Z', 'age': 6}, 'phone': '086-09186818', 'cell': '0962-937-1233', 'id': {'name': '', 'value': None}, 'picture': {'large': 'https://randomuser.me/api/portraits/men/41.jpg', 'medium': 'https://randomuser.me/api/portraits/med/men/41.jpg', 'thumbnail': 'https://randomuser.me/api/portraits/thumb/men/41.jpg'}, 'nat': 'IR'}</msg>
<arg>${json_data['results'][0]}</arg>
<doc>Logs the given message with the given level.</doc>
<status status="PASS" start="2024-06-23T21:13:06.667887" elapsed="0.000396"/>
</kw>
<kw name="Log" owner="BuiltIn">
<msg time="2024-06-23T21:13:06.668722" level="INFO">login</msg>
<arg>${key}</arg>
<doc>Logs the given message with the given level.</doc>
<status status="PASS" start="2024-06-23T21:13:06.668595" elapsed="0.000164"/>
</kw>
<var name="${key}">login</var>
<status status="PASS" start="2024-06-23T21:13:06.667206" elapsed="0.001765"/>
</iter>
<var>${key}</var>
<value>@{expected_keys}</value>
<status status="PASS" start="2024-06-23T21:13:06.659158" elapsed="0.009930"/>
</for>
<kw name="Create List" owner="BuiltIn">
<msg time="2024-06-23T21:13:06.669439" level="INFO">${expected_keysTwo} = ['username', 'password']</msg>
<var>${expected_keysTwo}</var>
<arg>username</arg>
<arg>password</arg>
<doc>Returns a list containing given items.</doc>
<status status="PASS" start="2024-06-23T21:13:06.669272" elapsed="0.000191"/>
</kw>
<for flavor="IN">
<iter>
<kw name="Dictionary Should Contain Key" owner="Collections">
<arg>${json_data['results'][0]['login']}</arg>
<arg>${keyTwo}</arg>
<doc>Fails if ``key`` is not found from ``dictionary``.</doc>
<status status="PASS" start="2024-06-23T21:13:06.669957" elapsed="0.000383"/>
</kw>
<kw name="Dictionary Should Contain Key" owner="Collections">
<arg>${json_data['results'][0]['login']}</arg>
<arg>${keyTwo}</arg>
<doc>Fails if ``key`` is not found from ``dictionary``.</doc>
<status status="PASS" start="2024-06-23T21:13:06.670523" elapsed="0.000370"/>
</kw>
<kw name="Log" owner="BuiltIn">
<msg time="2024-06-23T21:13:06.671188" level="INFO">username</msg>
<arg>${keyTwo}</arg>
<doc>Logs the given message with the given level.</doc>
<status status="PASS" start="2024-06-23T21:13:06.671068" elapsed="0.000156"/>
</kw>
<var name="${keyTwo}">username</var>
<status status="PASS" start="2024-06-23T21:13:06.669852" elapsed="0.001591"/>
</iter>
<iter>
<kw name="Dictionary Should Contain Key" owner="Collections">
<arg>${json_data['results'][0]['login']}</arg>
<arg>${keyTwo}</arg>
<doc>Fails if ``key`` is not found from ``dictionary``.</doc>
<status status="PASS" start="2024-06-23T21:13:06.671712" elapsed="0.000379"/>
</kw>
<kw name="Dictionary Should Contain Key" owner="Collections">
<arg>${json_data['results'][0]['login']}</arg>
<arg>${keyTwo}</arg>
<doc>Fails if ``key`` is not found from ``dictionary``.</doc>
<status status="PASS" start="2024-06-23T21:13:06.672263" elapsed="0.000438"/>
</kw>
<kw name="Log" owner="BuiltIn">
<msg time="2024-06-23T21:13:06.672997" level="INFO">password</msg>
<arg>${keyTwo}</arg>
<doc>Logs the given message with the given level.</doc>
<status status="PASS" start="2024-06-23T21:13:06.672878" elapsed="0.000155"/>
</kw>
<var name="${keyTwo}">password</var>
<status status="PASS" start="2024-06-23T21:13:06.671608" elapsed="0.001735"/>
</iter>
<var>${keyTwo}</var>
<value>@{expected_keysTwo}</value>
<status status="PASS" start="2024-06-23T21:13:06.669700" elapsed="0.003761"/>
</for>
<status status="PASS" start="2024-06-23T21:13:06.546653" elapsed="0.126949"/>
</kw>
<doc>Testa a estrutura da resposta da API.</doc>
<tag>testeEstruturaResposta</tag>
<status status="PASS" start="2024-06-23T21:13:06.546148" elapsed="0.127607"/>
</test>
<test id="s1-s1-t4" name="Validar tipos de dados" line="28">
<kw name="Teste de Tipos de Dados" owner="random-user-service">
<kw name="GET On Session" owner="RequestsLibrary">
<msg time="2024-06-23T21:13:06.803383" level="INFO">GET Request : url=https://randomuser.me/api 
 path_url=/api 
 headers={'User-Agent': 'python-requests/2.32.3', 'Accept-Encoding': 'gzip, deflate', 'Accept': '*/*', 'Connection': 'keep-alive'} 
 body=None 
 </msg>
<msg time="2024-06-23T21:13:06.803478" level="INFO">GET Response : url=https://randomuser.me/api 
 status=200, reason=OK 
 headers={'Date': 'Sun, 23 Jun 2024 21:13:06 GMT', 'Content-Type': 'application/json; charset=utf-8', 'Transfer-Encoding': 'chunked', 'Connection': 'keep-alive', 'X-Powered-By': 'Express', 'Access-Control-Allow-Origin': '*', 'Cache-Control': 'no-cache', 'ETag': 'W/"48f-CD7lXpVnjXtI5sEYK8Kf0CFXnqc"', 'Vary': 'Accept-Encoding', 'Content-Encoding': 'gzip', 'CF-Cache-Status': 'DYNAMIC', 'Report-To': '{"endpoints":[{"url":"https:\\/\\/a.nel.cloudflare.com\\/report\\/v4?s=pg9U4cexbIUvuuFx1goXI8OAAI410%2FeLrQiNsmb36xXQK1hQm5OIk1ft6vPzpz1ksJk3BM7Usm%2BR%2BXYfUzE98b7nbplNc7s4CIuK33rtBzypfqN%2B852SeOqnmdx8YhGo"}],"group":"cf-nel","max_age":604800}', 'NEL': '{"success_fraction":0,"report_to":"cf-nel","max_age":604800}', 'Server': 'cloudflare', 'CF-RAY': '89877ae8bd332f40-LAX', 'alt-svc': 'h3=":443"; ma=86400'} 
 body={"results":[{"gender":"female","name":{"title":"Miss","first":"Chislaine","last":"Ince"},"location":{"street":{"number":7978,"name":"Blauweweg"},"city":"Epen","state":"Flevoland","country":"Netherlands","postcode":"2899 VK","coordinates":{"latitude":"36.3043","longitude":"33.0431"},"timezone":{"offset":"+4:00","description":"Abu Dhabi, Muscat, Baku, Tbilisi"}},"email":"chislaine.ince@example.com","login":{"uuid":"2549c232-c455-41ed-8957-4beb65621c3c","username":"lazyfish723","password":"eyes","salt":"rwvd3ZpJ","md5":"8d24cf7b1c897042f689d0ebca33a450","sha1":"7cdafb7905acc7eaa8f2a7ee911c00b075b3c7cc","sha256":"7f0784efc5a2433de3c5f3552a3a8dab8941368061276f36b1a395cc74805351"},"dob":{"date":"1996-10-19T09:27:15.354Z","age":27},"registered":{"date":"2016-09-18T12:04:40.716Z","age":7},"phone":"(033) 1182710","cell":"(06) 16791810","id":{"name":"BSN","value":"39999818"},"picture":{"large":"https://randomuser.me/api/portraits/women/38.jpg","medium":"https://randomuser.me/api/portraits/med/women/38.jpg","thumbnail":"https://randomuser.me/api/portraits/thumb/women/38.jpg"},"nat":"NL"}],"info":{"seed":"0f15fddda8e8bad8","results":1,"page":1,"version":"1.4"}} 
 </msg>
<msg time="2024-06-23T21:13:06.803547" level="INFO">/opt/hostedtoolcache/Python/3.12.4/x64/lib/python3.12/site-packages/urllib3/connectionpool.py:1099: InsecureRequestWarning: Unverified HTTPS request is being made to host 'randomuser.me'. Adding certificate verification is strongly advised. See: https://urllib3.readthedocs.io/en/latest/advanced-usage.html#tls-warnings
  warnings.warn(</msg>
<msg time="2024-06-23T21:13:06.803685" level="INFO">${response} = &lt;Response [200]&gt;</msg>
<var>${response}</var>
<arg>consultarAPI</arg>
<arg>/api</arg>
<doc>Sends a GET request on a previously created HTTP Session.</doc>
<status status="PASS" start="2024-06-23T21:13:06.676251" elapsed="0.127473"/>
</kw>
<kw name="Set Variable" owner="BuiltIn">
<msg time="2024-06-23T21:13:06.804788" level="INFO">${json_data} = {'results': [{'gender': 'female', 'name': {'title': 'Miss', 'first': 'Chislaine', 'last': 'Ince'}, 'location': {'street': {'number': 7978, 'name': 'Blauweweg'}, 'city': 'Epen', 'state': 'Flevoland', '...</msg>
<var>${json_data}</var>
<arg>${response.json()}</arg>
<doc>Returns the given values which can then be assigned to a variables.</doc>
<status status="PASS" start="2024-06-23T21:13:06.804232" elapsed="0.000584"/>
</kw>
<kw name="Log" owner="BuiltIn">
<msg time="2024-06-23T21:13:06.805269" level="INFO">{'results': [{'gender': 'female', 'name': {'title': 'Miss', 'first': 'Chislaine', 'last': 'Ince'}, 'location': {'street': {'number': 7978, 'name': 'Blauweweg'}, 'city': 'Epen', 'state': 'Flevoland', 'country': 'Netherlands', 'postcode': '2899 VK', 'coordinates': {'latitude': '36.3043', 'longitude': '33.0431'}, 'timezone': {'offset': '+4:00', 'description': 'Abu Dhabi, Muscat, Baku, Tbilisi'}}, 'email': 'chislaine.ince@example.com', 'login': {'uuid': '2549c232-c455-41ed-8957-4beb65621c3c', 'username': 'lazyfish723', 'password': 'eyes', 'salt': 'rwvd3ZpJ', 'md5': '8d24cf7b1c897042f689d0ebca33a450', 'sha1': '7cdafb7905acc7eaa8f2a7ee911c00b075b3c7cc', 'sha256': '7f0784efc5a2433de3c5f3552a3a8dab8941368061276f36b1a395cc74805351'}, 'dob': {'date': '1996-10-19T09:27:15.354Z', 'age': 27}, 'registered': {'date': '2016-09-18T12:04:40.716Z', 'age': 7}, 'phone': '(033) 1182710', 'cell': '(06) 16791810', 'id': {'name': 'BSN', 'value': '39999818'}, 'picture': {'large': 'https://randomuser.me/api/portraits/women/38.jpg', 'medium': 'https://randomuser.me/api/portraits/med/women/38.jpg', 'thumbnail': 'https://randomuser.me/api/portraits/thumb/women/38.jpg'}, 'nat': 'NL'}], 'info': {'seed': '0f15fddda8e8bad8', 'results': 1, 'page': 1, 'version': '1.4'}}</msg>
<arg>${json_data}</arg>
<doc>Logs the given message with the given level.</doc>
<status status="PASS" start="2024-06-23T21:13:06.805117" elapsed="0.000197"/>
</kw>
<kw name="Should Be String" owner="String">
<arg>${json_data['results'][0]['gender']}</arg>
<doc>Fails if the given ``item`` is not a string.</doc>
<status status="PASS" start="2024-06-23T21:13:06.805595" elapsed="0.000361"/>
</kw>
<kw name="Should Match Regexp" owner="BuiltIn">
<arg>${json_data['results'][0]['email']}</arg>
<arg>^[a-zA-Z0-9._%+-]+@[a-zA-Z0-9.-]+\.[a-zA-Z]{2,}$</arg>
<doc>Fails if ``string`` does not match ``pattern`` as a regular expression.</doc>
<status status="PASS" start="2024-06-23T21:13:06.806139" elapsed="0.000557"/>
</kw>
<kw name="Should Match Regexp" owner="BuiltIn">
<arg>${json_data['results'][0]['dob']['date']}</arg>
<arg>\\d{4}-\\d{2}-\\d{2}T\\d{2}:\\d{2}:\\d{2}\\.\\d{3}Z</arg>
<doc>Fails if ``string`` does not match ``pattern`` as a regular expression.</doc>
<status status="PASS" start="2024-06-23T21:13:06.806887" elapsed="0.000478"/>
</kw>
<kw name="Should Match Regexp" owner="BuiltIn">
<arg>${json_data['results'][0]['registered']['date']}</arg>
<arg>\\d{4}-\\d{2}-\\d{2}T\\d{2}:\\d{2}:\\d{2}\\.\\d{3}Z</arg>
<doc>Fails if ``string`` does not match ``pattern`` as a regular expression.</doc>
<status status="PASS" start="2024-06-23T21:13:06.807552" elapsed="0.000368"/>
</kw>
<kw name="Should Match Regexp" owner="BuiltIn">
<arg>${json_data['results'][0]['picture']['large']}</arg>
<arg>^https?://.*\.(?:png|jpe?g|gif|bmp)$</arg>
<doc>Fails if ``string`` does not match ``pattern`` as a regular expression.</doc>
<status status="PASS" start="2024-06-23T21:13:06.808108" elapsed="0.000479"/>
</kw>
<kw name="Should Match Regexp" owner="BuiltIn">
<arg>${json_data['results'][0]['picture']['medium']}</arg>
<arg>^https?://.*\.(?:png|jpe?g|gif|bmp)$</arg>
<doc>Fails if ``string`` does not match ``pattern`` as a regular expression.</doc>
<status status="PASS" start="2024-06-23T21:13:06.808774" elapsed="0.000357"/>
</kw>
<kw name="Should Match Regexp" owner="BuiltIn">
<arg>${json_data['results'][0]['picture']['thumbnail']}</arg>
<arg>^https?://.*\.(?:png|jpe?g|gif|bmp)$</arg>
<doc>Fails if ``string`` does not match ``pattern`` as a regular expression.</doc>
<status status="PASS" start="2024-06-23T21:13:06.809313" elapsed="0.000344"/>
</kw>
<kw name="Log" owner="BuiltIn">
<msg time="2024-06-23T21:13:06.810153" level="INFO">{'large': 'https://randomuser.me/api/portraits/women/38.jpg', 'medium': 'https://randomuser.me/api/portraits/med/women/38.jpg', 'thumbnail': 'https://randomuser.me/api/portraits/thumb/women/38.jpg'}</msg>
<arg>${json_data['results'][0]['picture']}</arg>
<doc>Logs the given message with the given level.</doc>
<status status="PASS" start="2024-06-23T21:13:06.809835" elapsed="0.000359"/>
</kw>
<status status="PASS" start="2024-06-23T21:13:06.676016" elapsed="0.134433"/>
</kw>
<kw name="Teste de Tipos de Dados - Postcode" owner="random-user-service">
<kw name="GET On Session" owner="RequestsLibrary">
<msg time="2024-06-23T21:13:06.916864" level="INFO">GET Request : url=https://randomuser.me/api 
 path_url=/api 
 headers={'User-Agent': 'python-requests/2.32.3', 'Accept-Encoding': 'gzip, deflate', 'Accept': '*/*', 'Connection': 'keep-alive'} 
 body=None 
 </msg>
<msg time="2024-06-23T21:13:06.916971" level="INFO">GET Response : url=https://randomuser.me/api 
 status=200, reason=OK 
 headers={'Date': 'Sun, 23 Jun 2024 21:13:06 GMT', 'Content-Type': 'application/json; charset=utf-8', 'Transfer-Encoding': 'chunked', 'Connection': 'keep-alive', 'X-Powered-By': 'Express', 'Access-Control-Allow-Origin': '*', 'Cache-Control': 'no-cache', 'ETag': 'W/"490-yTe9uHXWKY36DJnnzR2rzf/xSjg"', 'Vary': 'Accept-Encoding', 'Content-Encoding': 'gzip', 'CF-Cache-Status': 'DYNAMIC', 'Report-To': '{"endpoints":[{"url":"https:\\/\\/a.nel.cloudflare.com\\/report\\/v4?s=CTCChOAnWMRTxoauIErl%2FtMIxUlnKNyyg%2BfAV%2B5yQogNNlkg70KtJwYAHQ6SBupO1JQRTH3eXnhPeCfqPO%2FZzIfZsr0HIbeHp2zx7O4awiVph3MmsDF5SUZtSGof%2Fhxt"}],"group":"cf-nel","max_age":604800}', 'NEL': '{"success_fraction":0,"report_to":"cf-nel","max_age":604800}', 'Server': 'cloudflare', 'CF-RAY': '89877ae99e392f40-LAX', 'alt-svc': 'h3=":443"; ma=86400'} 
 body={"results":[{"gender":"male","name":{"title":"Mr","first":"Otto","last":"Waisanen"},"location":{"street":{"number":3800,"name":"Esplanadi"},"city":"Kiiminki","state":"Satakunta","country":"Finland","postcode":83186,"coordinates":{"latitude":"-23.9227","longitude":"-161.0824"},"timezone":{"offset":"+4:00","description":"Abu Dhabi, Muscat, Baku, Tbilisi"}},"email":"otto.waisanen@example.com","login":{"uuid":"cf9614ad-8430-4c36-a77a-9855d97f5dd6","username":"heavymouse636","password":"istanbul","salt":"HqlcXlx3","md5":"e03deebca7559a39b89dd2b0c31c8e99","sha1":"37457c6520f4287276134cb720ded4e5866d443d","sha256":"db7c0a6ff768f174478b57b1f1fc48f9a8ada91d4efc2fd955b5745da56e3f08"},"dob":{"date":"1974-01-07T18:26:41.522Z","age":50},"registered":{"date":"2009-10-04T22:57:13.567Z","age":14},"phone":"08-649-388","cell":"043-862-37-18","id":{"name":"HETU","value":"NaNNA253undefined"},"picture":{"large":"https://randomuser.me/api/portraits/men/35.jpg","medium":"https://randomuser.me/api/portraits/med/men/35.jpg","thumbnail":"https://randomuser.me/api/portraits/thumb/men/35.jpg"},"nat":"FI"}],"info":{"seed":"4d70573d463c1464","results":1,"page":1,"version":"1.4"}} 
 </msg>
<msg time="2024-06-23T21:13:06.917050" level="INFO">/opt/hostedtoolcache/Python/3.12.4/x64/lib/python3.12/site-packages/urllib3/connectionpool.py:1099: InsecureRequestWarning: Unverified HTTPS request is being made to host 'randomuser.me'. Adding certificate verification is strongly advised. See: https://urllib3.readthedocs.io/en/latest/advanced-usage.html#tls-warnings
  warnings.warn(</msg>
<msg time="2024-06-23T21:13:06.917208" level="INFO">${response} = &lt;Response [200]&gt;</msg>
<var>${response}</var>
<arg>consultarAPI</arg>
<arg>/api</arg>
<doc>Sends a GET request on a previously created HTTP Session.</doc>
<status status="PASS" start="2024-06-23T21:13:06.810901" elapsed="0.106362"/>
</kw>
<kw name="Set Variable" owner="BuiltIn">
<msg time="2024-06-23T21:13:06.918299" level="INFO">${json_data} = {'results': [{'gender': 'male', 'name': {'title': 'Mr', 'first': 'Otto', 'last': 'Waisanen'}, 'location': {'street': {'number': 3800, 'name': 'Esplanadi'}, 'city': 'Kiiminki', 'state': 'Satakunta', 'c...</msg>
<var>${json_data}</var>
<arg>${response.json()}</arg>
<doc>Returns the given values which can then be assigned to a variables.</doc>
<status status="PASS" start="2024-06-23T21:13:06.917786" elapsed="0.000545"/>
</kw>
<kw name="Log" owner="BuiltIn">
<msg time="2024-06-23T21:13:06.918786" level="INFO">{'results': [{'gender': 'male', 'name': {'title': 'Mr', 'first': 'Otto', 'last': 'Waisanen'}, 'location': {'street': {'number': 3800, 'name': 'Esplanadi'}, 'city': 'Kiiminki', 'state': 'Satakunta', 'country': 'Finland', 'postcode': 83186, 'coordinates': {'latitude': '-23.9227', 'longitude': '-161.0824'}, 'timezone': {'offset': '+4:00', 'description': 'Abu Dhabi, Muscat, Baku, Tbilisi'}}, 'email': 'otto.waisanen@example.com', 'login': {'uuid': 'cf9614ad-8430-4c36-a77a-9855d97f5dd6', 'username': 'heavymouse636', 'password': 'istanbul', 'salt': 'HqlcXlx3', 'md5': 'e03deebca7559a39b89dd2b0c31c8e99', 'sha1': '37457c6520f4287276134cb720ded4e5866d443d', 'sha256': 'db7c0a6ff768f174478b57b1f1fc48f9a8ada91d4efc2fd955b5745da56e3f08'}, 'dob': {'date': '1974-01-07T18:26:41.522Z', 'age': 50}, 'registered': {'date': '2009-10-04T22:57:13.567Z', 'age': 14}, 'phone': '08-649-388', 'cell': '043-862-37-18', 'id': {'name': 'HETU', 'value': 'NaNNA253undefined'}, 'picture': {'large': 'https://randomuser.me/api/portraits/men/35.jpg', 'medium': 'https://randomuser.me/api/portraits/med/men/35.jpg', 'thumbnail': 'https://randomuser.me/api/portraits/thumb/men/35.jpg'}, 'nat': 'FI'}], 'info': {'seed': '4d70573d463c1464', 'results': 1, 'page': 1, 'version': '1.4'}}</msg>
<arg>${json_data}</arg>
<doc>Logs the given message with the given level.</doc>
<status status="PASS" start="2024-06-23T21:13:06.918631" elapsed="0.000203"/>
</kw>
<kw name="Should Be Equal As Numbers" owner="BuiltIn">
<arg>${json_data['results'][0]['location']['postcode']}</arg>
<arg>${json_data['results'][0]['location']['postcode']}</arg>
<doc>Fails if objects are unequal after converting them to real numbers.</doc>
<status status="PASS" start="2024-06-23T21:13:06.919128" elapsed="0.000614"/>
</kw>
<kw name="Log" owner="BuiltIn">
<msg time="2024-06-23T21:13:06.920443" level="INFO">83186</msg>
<arg>${json_data['results'][0]['location']['postcode']}</arg>
<doc>Logs the given message with the given level.</doc>
<status status="PASS" start="2024-06-23T21:13:06.919930" elapsed="0.000629"/>
</kw>
<status status="PASS" start="2024-06-23T21:13:06.810676" elapsed="0.110154"/>
</kw>
<doc>Testa se os tipos de dados na resposta da API estão corretos.</doc>
<tag>testeTiposDados</tag>
<status status="PASS" start="2024-06-23T21:13:06.675550" elapsed="0.245446"/>
</test>
<test id="s1-s1-t5" name="Validar conteudo" line="35">
<kw name="Teste de Tipos de Conteudo" owner="random-user-service">
<kw name="GET On Session" owner="RequestsLibrary">
<msg time="2024-06-23T21:13:07.026956" level="INFO">GET Request : url=https://randomuser.me/api 
 path_url=/api 
 headers={'User-Agent': 'python-requests/2.32.3', 'Accept-Encoding': 'gzip, deflate', 'Accept': '*/*', 'Connection': 'keep-alive'} 
 body=None 
 </msg>
<msg time="2024-06-23T21:13:07.027067" level="INFO">GET Response : url=https://randomuser.me/api 
 status=200, reason=OK 
 headers={'Date': 'Sun, 23 Jun 2024 21:13:07 GMT', 'Content-Type': 'application/json; charset=utf-8', 'Transfer-Encoding': 'chunked', 'Connection': 'keep-alive', 'X-Powered-By': 'Express', 'Access-Control-Allow-Origin': '*', 'Cache-Control': 'no-cache', 'ETag': 'W/"4a6-5HPCFd1Fx6+gP0TQgzwTEuOtv7w"', 'Vary': 'Accept-Encoding', 'Content-Encoding': 'gzip', 'CF-Cache-Status': 'DYNAMIC', 'Report-To': '{"endpoints":[{"url":"https:\\/\\/a.nel.cloudflare.com\\/report\\/v4?s=hZH60WQB4MxT0TN%2BSDhMct%2B6sMhdbh4bBkHyR6kz7VeCvgpqtu0iurbMGfX1shmDJIywBi3DrdHQuKUvFSCfkLi0HNBgyRcJ6DjVza2nV4tlLnZfZVrk15GzCecjdODG"}],"group":"cf-nel","max_age":604800}', 'NEL': '{"success_fraction":0,"report_to":"cf-nel","max_age":604800}', 'Server': 'cloudflare', 'CF-RAY': '89877aea4ef52f40-LAX', 'alt-svc': 'h3=":443"; ma=86400'} 
 body={"results":[{"gender":"male","name":{"title":"Mr","first":"Abel","last":"Vincent"},"location":{"street":{"number":4912,"name":"Rue de L'Abbé-Patureau"},"city":"Montpellier","state":"Alpes-de-Haute-Provence","country":"France","postcode":73842,"coordinates":{"latitude":"-17.2964","longitude":"-176.3861"},"timezone":{"offset":"+9:30","description":"Adelaide, Darwin"}},"email":"abel.vincent@example.com","login":{"uuid":"0fe7980b-f001-4b64-ac08-c97f164a8e1d","username":"beautifulleopard806","password":"sanders","salt":"9bcfQxqA","md5":"1bbc6adb40a357d235dda9ac472cc0a2","sha1":"523f86035f7a54625df87dcb5c1113daace654d5","sha256":"81471ba6651aa3e8c82a302a876e8aa9674438b102ab08f26c018b17f2e0ca86"},"dob":{"date":"1977-11-10T23:37:38.493Z","age":46},"registered":{"date":"2011-11-16T07:45:45.392Z","age":12},"phone":"01-42-65-90-84","cell":"06-63-60-74-71","id":{"name":"INSEE","value":"1771097744222 82"},"picture":{"large":"https://randomuser.me/api/portraits/men/98.jpg","medium":"https://randomuser.me/api/portraits/med/men/98.jpg","thumbnail":"https://randomuser.me/api/portraits/thumb/men/98.jpg"},"nat":"FR"}],"info":{"seed":"a23fe364154488f0","results":1,"page":1,"version":"1.4"}} 
 </msg>
<msg time="2024-06-23T21:13:07.027152" level="INFO">/opt/hostedtoolcache/Python/3.12.4/x64/lib/python3.12/site-packages/urllib3/connectionpool.py:1099: InsecureRequestWarning: Unverified HTTPS request is being made to host 'randomuser.me'. Adding certificate verification is strongly advised. See: https://urllib3.readthedocs.io/en/latest/advanced-usage.html#tls-warnings
  warnings.warn(</msg>
<msg time="2024-06-23T21:13:07.027311" level="INFO">${response} = &lt;Response [200]&gt;</msg>
<var>${response}</var>
<arg>consultarAPI</arg>
<arg>/api</arg>
<doc>Sends a GET request on a previously created HTTP Session.</doc>
<status status="PASS" start="2024-06-23T21:13:06.923445" elapsed="0.103921"/>
</kw>
<kw name="Set Variable" owner="BuiltIn">
<msg time="2024-06-23T21:13:07.028405" level="INFO">${json_data} = {'results': [{'gender': 'male', 'name': {'title': 'Mr', 'first': 'Abel', 'last': 'Vincent'}, 'location': {'street': {'number': 4912, 'name': "Rue de L'Abbé-Patureau"}, 'city': 'Montpellier', 'state': ...</msg>
<var>${json_data}</var>
<arg>${response.json()}</arg>
<doc>Returns the given values which can then be assigned to a variables.</doc>
<status status="PASS" start="2024-06-23T21:13:07.027897" elapsed="0.000537"/>
</kw>
<kw name="Set Variable" owner="BuiltIn">
<msg time="2024-06-23T21:13:07.029159" level="INFO">${name_title} = Mr</msg>
<var>${name_title}</var>
<arg>${json_data["results"][0]["name"]["title"]}</arg>
<doc>Returns the given values which can then be assigned to a variables.</doc>
<status status="PASS" start="2024-06-23T21:13:07.028785" elapsed="0.000399"/>
</kw>
<kw name="Create List" owner="BuiltIn">
<msg time="2024-06-23T21:13:07.029623" level="INFO">${allowed_titles} = ['Mr', 'Ms', 'Miss', 'Mrs', 'Madame', 'Monsieur']</msg>
<var>${allowed_titles}</var>
<arg>Mr</arg>
<arg>Ms</arg>
<arg>Miss</arg>
<arg>Mrs</arg>
<arg>Madame</arg>
<arg>Monsieur</arg>
<doc>Returns a list containing given items.</doc>
<status status="PASS" start="2024-06-23T21:13:07.029476" elapsed="0.000171"/>
</kw>
<kw name="List Should Contain Value" owner="Collections">
<arg>${allowed_titles}</arg>
<arg>${name_title}</arg>
<doc>Fails if the ``value`` is not found from ``list``.</doc>
<status status="PASS" start="2024-06-23T21:13:07.029943" elapsed="0.000174"/>
</kw>
<kw name="Set Variable" owner="BuiltIn">
<msg time="2024-06-23T21:13:07.030652" level="INFO">${name_country} = FR</msg>
<var>${name_country}</var>
<arg>${json_data["results"][0]["nat"]}</arg>
<doc>Returns the given values which can then be assigned to a variables.</doc>
<status status="PASS" start="2024-06-23T21:13:07.030290" elapsed="0.000386"/>
</kw>
<kw name="Create List" owner="BuiltIn">
<msg time="2024-06-23T21:13:07.031557" level="INFO">${list_country} = ['AD', 'AE', 'AF', 'AG', 'AI', 'AL', 'AM', 'AO', 'AQ', 'AR', 'AS', 'AT', 'AU', 'AW', 'AX', 'AZ', 'BA', 'BB', 'BD', 'BE', 'BF', 'BG', 'BH', 'BI', 'BJ', 'BL', 'BM', 'BN', 'BO', 'BQ', 'BR', 'BS', 'BT', '...</msg>
<var>${list_country}</var>
<arg>AD</arg>
<arg>AE</arg>
<arg>AF</arg>
<arg>AG</arg>
<arg>AI</arg>
<arg>AL</arg>
<arg>AM</arg>
<arg>AO</arg>
<arg>AQ</arg>
<arg>AR</arg>
<arg>AS</arg>
<arg>AT</arg>
<arg>AU</arg>
<arg>AW</arg>
<arg>AX</arg>
<arg>AZ</arg>
<arg>BA</arg>
<arg>BB</arg>
<arg>BD</arg>
<arg>BE</arg>
<arg>BF</arg>
<arg>BG</arg>
<arg>BH</arg>
<arg>BI</arg>
<arg>BJ</arg>
<arg>BL</arg>
<arg>BM</arg>
<arg>BN</arg>
<arg>BO</arg>
<arg>BQ</arg>
<arg>BR</arg>
<arg>BS</arg>
<arg>BT</arg>
<arg>BV</arg>
<arg>BW</arg>
<arg>BY</arg>
<arg>BZ</arg>
<arg>CA</arg>
<arg>CC</arg>
<arg>CD</arg>
<arg>CF</arg>
<arg>CG</arg>
<arg>CH</arg>
<arg>CI</arg>
<arg>CK</arg>
<arg>CL</arg>
<arg>CM</arg>
<arg>CN</arg>
<arg>CO</arg>
<arg>CR</arg>
<arg>CU</arg>
<arg>CV</arg>
<arg>CW</arg>
<arg>CX</arg>
<arg>CY</arg>
<arg>CZ</arg>
<arg>DE</arg>
<arg>DJ</arg>
<arg>DK</arg>
<arg>DM</arg>
<arg>DO</arg>
<arg>DZ</arg>
<arg>EC</arg>
<arg>EE</arg>
<arg>EG</arg>
<arg>EH</arg>
<arg>ER</arg>
<arg>ES</arg>
<arg>ET</arg>
<arg>FI</arg>
<arg>FJ</arg>
<arg>FK</arg>
<arg>FM</arg>
<arg>FO</arg>
<arg>FR</arg>
<arg>GA</arg>
<arg>GB</arg>
<arg>GD</arg>
<arg>GE</arg>
<arg>GF</arg>
<arg>GG</arg>
<arg>GH</arg>
<arg>GI</arg>
<arg>GL</arg>
<arg>GM</arg>
<arg>GN</arg>
<arg>GP</arg>
<arg>GQ</arg>
<arg>GR</arg>
<arg>GS</arg>
<arg>GT</arg>
<arg>GU</arg>
<arg>GW</arg>
<arg>GY</arg>
<arg>HK</arg>
<arg>HM</arg>
<arg>HN</arg>
<arg>HR</arg>
<arg>HT</arg>
<arg>HU</arg>
<arg>ID</arg>
<arg>IE</arg>
<arg>IL</arg>
<arg>IM</arg>
<arg>IN</arg>
<arg>IO</arg>
<arg>IQ</arg>
<arg>IR</arg>
<arg>IS</arg>
<arg>IT</arg>
<arg>JE</arg>
<arg>JM</arg>
<arg>JO</arg>
<arg>JP</arg>
<arg>KE</arg>
<arg>KG</arg>
<arg>KH</arg>
<arg>KI</arg>
<arg>KM</arg>
<arg>KN</arg>
<arg>KP</arg>
<arg>KR</arg>
<arg>KW</arg>
<arg>KY</arg>
<arg>KZ</arg>
<arg>LA</arg>
<arg>LB</arg>
<arg>LC</arg>
<arg>LI</arg>
<arg>LK</arg>
<arg>LR</arg>
<arg>LS</arg>
<arg>LT</arg>
<arg>LU</arg>
<arg>LV</arg>
<arg>LY</arg>
<arg>MA</arg>
<arg>MC</arg>
<arg>MD</arg>
<arg>ME</arg>
<arg>MF</arg>
<arg>MG</arg>
<arg>MH</arg>
<arg>MK</arg>
<arg>ML</arg>
<arg>MM</arg>
<arg>MN</arg>
<arg>MO</arg>
<arg>MP</arg>
<arg>MQ</arg>
<arg>MR</arg>
<arg>MS</arg>
<arg>MT</arg>
<arg>MU</arg>
<arg>MV</arg>
<arg>MW</arg>
<arg>MX</arg>
<arg>MY</arg>
<arg>MZ</arg>
<arg>NA</arg>
<arg>NC</arg>
<arg>NE</arg>
<arg>NF</arg>
<arg>NG</arg>
<arg>NI</arg>
<arg>NL</arg>
<arg>NO</arg>
<arg>NP</arg>
<arg>NR</arg>
<arg>NU</arg>
<arg>NZ</arg>
<arg>OM</arg>
<arg>PA</arg>
<arg>PE</arg>
<arg>PF</arg>
<arg>PG</arg>
<arg>PH</arg>
<arg>PK</arg>
<arg>PL</arg>
<arg>PM</arg>
<arg>PN</arg>
<arg>PR</arg>
<arg>PS</arg>
<arg>PT</arg>
<arg>PW</arg>
<arg>PY</arg>
<arg>QA</arg>
<arg>RE</arg>
<arg>RO</arg>
<arg>RS</arg>
<arg>RU</arg>
<arg>RW</arg>
<arg>SA</arg>
<arg>SB</arg>
<arg>SC</arg>
<arg>SD</arg>
<arg>SE</arg>
<arg>SG</arg>
<arg>SH</arg>
<arg>SI</arg>
<arg>SJ</arg>
<arg>SK</arg>
<arg>SL</arg>
<arg>SM</arg>
<arg>SN</arg>
<arg>SO</arg>
<arg>SR</arg>
<arg>SS</arg>
<arg>ST</arg>
<arg>SV</arg>
<arg>SX</arg>
<arg>SY</arg>
<arg>SZ</arg>
<arg>TC</arg>
<arg>TD</arg>
<arg>TF</arg>
<arg>TG</arg>
<arg>TH</arg>
<arg>TJ</arg>
<arg>TK</arg>
<arg>TL</arg>
<arg>TM</arg>
<arg>TN</arg>
<arg>TO</arg>
<arg>TR</arg>
<arg>TT</arg>
<arg>TV</arg>
<arg>TW</arg>
<arg>TZ</arg>
<arg>UA</arg>
<arg>UG</arg>
<arg>UM</arg>
<arg>US</arg>
<arg>UY</arg>
<arg>UZ</arg>
<arg>VA</arg>
<arg>VC</arg>
<arg>VE</arg>
<arg>VG</arg>
<arg>VI</arg>
<arg>VN</arg>
<arg>VU</arg>
<arg>WF</arg>
<arg>WS</arg>
<arg>XK</arg>
<arg>YE</arg>
<arg>YT</arg>
<arg>ZA</arg>
<arg>ZM</arg>
<arg>ZW</arg>
<doc>Returns a list containing given items.</doc>
<status status="PASS" start="2024-06-23T21:13:07.030962" elapsed="0.000621"/>
</kw>
<kw name="List Should Contain Value" owner="Collections">
<arg>${list_country}</arg>
<arg>${name_country}</arg>
<doc>Fails if the ``value`` is not found from ``list``.</doc>
<status status="PASS" start="2024-06-23T21:13:07.032382" elapsed="0.000219"/>
</kw>
<kw name="Run Keyword If" owner="BuiltIn">
<kw name="Should Be True" owner="BuiltIn">
<arg>${True}</arg>
<doc>Fails if the given condition is not true.</doc>
<status status="PASS" start="2024-06-23T21:13:07.033630" elapsed="0.000141"/>
</kw>
<arg>${json_data["results"][0]["location"]["coordinates"]["latitude"]} &gt;= -90 and ${json_data["results"][0]["location"]["coordinates"]["latitude"]} &lt;= 90</arg>
<arg>Should Be True</arg>
<arg>${True}</arg>
<doc>Runs the given keyword with the given arguments, if ``condition`` is true.</doc>
<status status="PASS" start="2024-06-23T21:13:07.032798" elapsed="0.001096"/>
</kw>
<kw name="Run Keyword If" owner="BuiltIn">
<kw name="Should Be True" owner="BuiltIn">
<arg>${True}</arg>
<doc>Fails if the given condition is not true.</doc>
<status status="PASS" start="2024-06-23T21:13:07.034748" elapsed="0.000238"/>
</kw>
<arg>${json_data["results"][0]["location"]["coordinates"]["longitude"]} &gt;= -180 and ${json_data["results"][0]["location"]["coordinates"]["longitude"]} &lt;= 180</arg>
<arg>Should Be True</arg>
<arg>${True}</arg>
<doc>Runs the given keyword with the given arguments, if ``condition`` is true.</doc>
<status status="PASS" start="2024-06-23T21:13:07.034072" elapsed="0.001040"/>
</kw>
<status status="PASS" start="2024-06-23T21:13:06.923222" elapsed="0.112020"/>
</kw>
<doc>Testa o conteúdo específico dos campos retornados pela API.</doc>
<tag>testeConteudo</tag>
<status status="PASS" start="2024-06-23T21:13:06.922767" elapsed="0.112625"/>
</test>
<status status="PASS" start="2024-06-23T21:13:05.860592" elapsed="1.176796"/>
</suite>
<status status="PASS" start="2024-06-23T21:13:05.845971" elapsed="1.196412"/>
</suite>
<statistics>
<total>
<stat pass="5" fail="0" skip="0">All Tests</stat>
</total>
<tag>
<stat pass="1" fail="0" skip="0">testeConteudo</stat>
<stat pass="1" fail="0" skip="0">testeEstruturaResposta</stat>
<stat pass="1" fail="0" skip="0">testeRequisicaoBasica</stat>
<stat pass="1" fail="0" skip="0">testeTiposDados</stat>
</tag>
<suite>
<stat pass="5" fail="0" skip="0" id="s1" name="Tests">Tests</stat>
<stat pass="5" fail="0" skip="0" id="s1-s1" name="Random-User-Test">Tests.Random-User-Test</stat>
</suite>
</statistics>
<errors>
</errors>
</robot>
