<?xml version="1.0" encoding="UTF-8"?>
<robot generator="Robot 7.0.1 (Python 3.12.4 on linux)" generated="2024-06-29T07:15:11.278349" rpa="false" schemaversion="5">
<suite id="s1" name="Tests" source="/home/runner/work/ApiRandomUser/ApiRandomUser/RamdonUser/tests">
<suite id="s1-s1" name="Random-User-Test" source="/home/runner/work/ApiRandomUser/ApiRandomUser/RamdonUser/tests/random-user-test.robot">
<test id="s1-s1-t1" name="Conectar" line="13">
<kw name="Conectar API" owner="random-user-service">
<kw name="Create Session" owner="RequestsLibrary">
<msg time="2024-06-29T07:15:11.718460" level="INFO">Creating Session using : alias=consultarAPI, url=https://randomuser.me/, headers={},                     cookies={}, auth=None, timeout=None, proxies=None, verify=False,                     debug=0 </msg>
<arg>consultarAPI</arg>
<arg>${URL}</arg>
<doc>Create Session: create a HTTP session to a server</doc>
<status status="PASS" start="2024-06-29T07:15:11.718256" elapsed="0.000409"/>
</kw>
<status status="PASS" start="2024-06-29T07:15:11.717279" elapsed="0.001753"/>
</kw>
<status status="PASS" start="2024-06-29T07:15:11.716704" elapsed="0.002524"/>
</test>
<test id="s1-s1-t2" name="Validar retorno 200 e JSON Válido" line="16">
<kw name="Teste de Requisicao Basica" owner="random-user-service">
<kw name="GET On Session" owner="RequestsLibrary">
<msg time="2024-06-29T07:15:12.044647" level="INFO">GET Request : url=https://randomuser.me/api 
 path_url=/api 
 headers={'User-Agent': 'python-requests/2.32.3', 'Accept-Encoding': 'gzip, deflate', 'Accept': '*/*', 'Connection': 'keep-alive'} 
 body=None 
 </msg>
<msg time="2024-06-29T07:15:12.044822" level="INFO">GET Response : url=https://randomuser.me/api 
 status=200, reason=OK 
 headers={'Date': 'Sat, 29 Jun 2024 07:15:12 GMT', 'Content-Type': 'application/json; charset=utf-8', 'Transfer-Encoding': 'chunked', 'Connection': 'keep-alive', 'X-Powered-By': 'Express', 'Access-Control-Allow-Origin': '*', 'Cache-Control': 'no-cache', 'ETag': 'W/"484-UleJe8dPrWjr4py9lPcNtWGnVnM"', 'Vary': 'Accept-Encoding', 'Content-Encoding': 'gzip', 'CF-Cache-Status': 'DYNAMIC', 'Report-To': '{"endpoints":[{"url":"https:\\/\\/a.nel.cloudflare.com\\/report\\/v4?s=d%2FKoFXDfhi21jZsNgZHw%2B30tuerZbfAfIcd6bd2Kr1hyz4WyZ7oYgRYcPlrKEqzRljhYhimSoFPWj4g9UcsLOmjAVcSUjb5z3J6GgePvT7u9ytA%2BbCoIjEfHJ7kNfhrn"}],"group":"cf-nel","max_age":604800}', 'NEL': '{"success_fraction":0,"report_to":"cf-nel","max_age":604800}', 'Server': 'cloudflare', 'CF-RAY': '89b41fbe6e31fa5a-SJC', 'alt-svc': 'h3=":443"; ma=86400'} 
 body={"results":[{"gender":"male","name":{"title":"Mr","first":"Felix","last":"Johansen"},"location":{"street":{"number":8152,"name":"Erantisvej"},"city":"Beder","state":"Sjælland","country":"Denmark","postcode":25737,"coordinates":{"latitude":"-42.8581","longitude":"-105.7887"},"timezone":{"offset":"-6:00","description":"Central Time (US &amp; Canada), Mexico City"}},"email":"felix.johansen@example.com","login":{"uuid":"443d22c2-16f4-4a71-960f-2ef25a4c1349","username":"angrywolf263","password":"heart","salt":"dy0sPEh2","md5":"c2dc9c408e482a90ba424582db05e1ee","sha1":"91be91e079e0b38e654739593251101749f924c2","sha256":"ae7f42dc03acb68fa90fb643c89b3f9282b234b60f76d5a793051fa4431e852d"},"dob":{"date":"1997-04-12T07:38:24.367Z","age":27},"registered":{"date":"2021-11-09T14:57:40.496Z","age":2},"phone":"36371125","cell":"38095168","id":{"name":"CPR","value":"120497-9920"},"picture":{"large":"https://randomuser.me/api/portraits/men/15.jpg","medium":"https://randomuser.me/api/portraits/med/men/15.jpg","thumbnail":"https://randomuser.me/api/portraits/thumb/men/15.jpg"},"nat":"DK"}],"info":{"seed":"aaa9ded3b14e1f3c","results":1,"page":1,"version":"1.4"}} 
 </msg>
<msg time="2024-06-29T07:15:12.044907" level="INFO">/opt/hostedtoolcache/Python/3.12.4/x64/lib/python3.12/site-packages/urllib3/connectionpool.py:1099: InsecureRequestWarning: Unverified HTTPS request is being made to host 'randomuser.me'. Adding certificate verification is strongly advised. See: https://urllib3.readthedocs.io/en/latest/advanced-usage.html#tls-warnings
  warnings.warn(</msg>
<msg time="2024-06-29T07:15:12.045046" level="INFO">${response} = &lt;Response [200]&gt;</msg>
<var>${response}</var>
<arg>consultarAPI</arg>
<arg>/api</arg>
<doc>Sends a GET request on a previously created HTTP Session.</doc>
<status status="PASS" start="2024-06-29T07:15:11.721794" elapsed="0.323292"/>
</kw>
<kw name="Should Be Equal As Numbers" owner="BuiltIn">
<msg time="2024-06-29T07:15:12.046132" level="INFO">Argument types are:
&lt;class 'int'&gt;
&lt;class 'str'&gt;</msg>
<arg>${response.status_code}</arg>
<arg>200</arg>
<doc>Fails if objects are unequal after converting them to real numbers.</doc>
<status status="PASS" start="2024-06-29T07:15:12.045661" elapsed="0.000534"/>
</kw>
<kw name="Log" owner="BuiltIn">
<msg time="2024-06-29T07:15:12.046923" level="INFO">200</msg>
<arg>${response.status_code}</arg>
<doc>Logs the given message with the given level.</doc>
<status status="PASS" start="2024-06-29T07:15:12.046540" elapsed="0.000425"/>
</kw>
<kw name="Set Variable" owner="BuiltIn">
<msg time="2024-06-29T07:15:12.047703" level="INFO">${json_data} = {'results': [{'gender': 'male', 'name': {'title': 'Mr', 'first': 'Felix', 'last': 'Johansen'}, 'location': {'street': {'number': 8152, 'name': 'Erantisvej'}, 'city': 'Beder', 'state': 'Sjælland', 'cou...</msg>
<var>${json_data}</var>
<arg>${response.json()}</arg>
<doc>Returns the given values which can then be assigned to a variables.</doc>
<status status="PASS" start="2024-06-29T07:15:12.047268" elapsed="0.000464"/>
</kw>
<kw name="Dictionary Should Contain Key" owner="Collections">
<arg>${json_data}</arg>
<arg>results</arg>
<doc>Fails if ``key`` is not found from ``dictionary``.</doc>
<status status="PASS" start="2024-06-29T07:15:12.048025" elapsed="0.000170"/>
</kw>
<status status="PASS" start="2024-06-29T07:15:11.721544" elapsed="0.326803"/>
</kw>
<doc>Testa se a API responde corretamente e retorna um objeto JSON válido.</doc>
<tag>testeRequisicaoBasica</tag>
<status status="PASS" start="2024-06-29T07:15:11.721079" elapsed="0.327443"/>
</test>
<test id="s1-s1-t3" name="Validar estrutura de resposta" line="22">
<kw name="Teste de Estrutura de Resposta" owner="random-user-service">
<kw name="GET On Session" owner="RequestsLibrary">
<msg time="2024-06-29T07:15:12.145264" level="INFO">GET Request : url=https://randomuser.me/api 
 path_url=/api 
 headers={'User-Agent': 'python-requests/2.32.3', 'Accept-Encoding': 'gzip, deflate', 'Accept': '*/*', 'Connection': 'keep-alive'} 
 body=None 
 </msg>
<msg time="2024-06-29T07:15:12.145358" level="INFO">GET Response : url=https://randomuser.me/api 
 status=200, reason=OK 
 headers={'Date': 'Sat, 29 Jun 2024 07:15:12 GMT', 'Content-Type': 'application/json; charset=utf-8', 'Transfer-Encoding': 'chunked', 'Connection': 'keep-alive', 'X-Powered-By': 'Express', 'Access-Control-Allow-Origin': '*', 'Cache-Control': 'no-cache', 'ETag': 'W/"485-gRGiY4v07SnD92RulXMwYTbQDVI"', 'Vary': 'Accept-Encoding', 'Content-Encoding': 'gzip', 'CF-Cache-Status': 'DYNAMIC', 'Report-To': '{"endpoints":[{"url":"https:\\/\\/a.nel.cloudflare.com\\/report\\/v4?s=gHt6UfpL4ZweNCSH%2FHbhW0yzXA27FMZStI%2B6ocPjnZATHh%2BVm8Zlm1D3WtmKF2I9aBO5bNV0H47smH2NMBDEdHA5kRzSH6%2Bn34wZCK%2BnaPQOdkIRAMWHE1WOs%2BD2x0Yv"}],"group":"cf-nel","max_age":604800}', 'NEL': '{"success_fraction":0,"report_to":"cf-nel","max_age":604800}', 'Server': 'cloudflare', 'CF-RAY': '89b41fc05fb0fa5a-SJC', 'alt-svc': 'h3=":443"; ma=86400'} 
 body={"results":[{"gender":"male","name":{"title":"Mr","first":"Zico","last":"Van Norden"},"location":{"street":{"number":4153,"name":"Drapiergang"},"city":"Mill","state":"Noord-Holland","country":"Netherlands","postcode":"9982 ZX","coordinates":{"latitude":"36.0588","longitude":"-106.5093"},"timezone":{"offset":"+9:30","description":"Adelaide, Darwin"}},"email":"zico.vannorden@example.com","login":{"uuid":"fde67898-4d3c-4c14-b836-5fd4367d5623","username":"bluegorilla423","password":"leonardo","salt":"s1nVWerS","md5":"4625bed069e260ee23d2fd7ba0998de0","sha1":"818af048871995801d2cd4c2418e4fb752cede77","sha256":"64aac91a200ad823281e01bacfa7534b65fa03734b4865d91262c4867e115d2f"},"dob":{"date":"1998-09-09T01:21:34.269Z","age":25},"registered":{"date":"2019-04-23T07:33:59.163Z","age":5},"phone":"(0139) 904669","cell":"(06) 90545323","id":{"name":"BSN","value":"52749855"},"picture":{"large":"https://randomuser.me/api/portraits/men/26.jpg","medium":"https://randomuser.me/api/portraits/med/men/26.jpg","thumbnail":"https://randomuser.me/api/portraits/thumb/men/26.jpg"},"nat":"NL"}],"info":{"seed":"4aa80388d519236e","results":1,"page":1,"version":"1.4"}} 
 </msg>
<msg time="2024-06-29T07:15:12.145475" level="INFO">/opt/hostedtoolcache/Python/3.12.4/x64/lib/python3.12/site-packages/urllib3/connectionpool.py:1099: InsecureRequestWarning: Unverified HTTPS request is being made to host 'randomuser.me'. Adding certificate verification is strongly advised. See: https://urllib3.readthedocs.io/en/latest/advanced-usage.html#tls-warnings
  warnings.warn(</msg>
<msg time="2024-06-29T07:15:12.145589" level="INFO">${response} = &lt;Response [200]&gt;</msg>
<var>${response}</var>
<arg>consultarAPI</arg>
<arg>/api</arg>
<doc>Sends a GET request on a previously created HTTP Session.</doc>
<status status="PASS" start="2024-06-29T07:15:12.051162" elapsed="0.094460"/>
</kw>
<kw name="Set Variable" owner="BuiltIn">
<msg time="2024-06-29T07:15:12.146636" level="INFO">${json_data} = {'results': [{'gender': 'male', 'name': {'title': 'Mr', 'first': 'Zico', 'last': 'Van Norden'}, 'location': {'street': {'number': 4153, 'name': 'Drapiergang'}, 'city': 'Mill', 'state': 'Noord-Holland'...</msg>
<var>${json_data}</var>
<arg>${response.json()}</arg>
<doc>Returns the given values which can then be assigned to a variables.</doc>
<status status="PASS" start="2024-06-29T07:15:12.146106" elapsed="0.000559"/>
</kw>
<kw name="Log" owner="BuiltIn">
<msg time="2024-06-29T07:15:12.147121" level="INFO">{'results': [{'gender': 'male', 'name': {'title': 'Mr', 'first': 'Zico', 'last': 'Van Norden'}, 'location': {'street': {'number': 4153, 'name': 'Drapiergang'}, 'city': 'Mill', 'state': 'Noord-Holland', 'country': 'Netherlands', 'postcode': '9982 ZX', 'coordinates': {'latitude': '36.0588', 'longitude': '-106.5093'}, 'timezone': {'offset': '+9:30', 'description': 'Adelaide, Darwin'}}, 'email': 'zico.vannorden@example.com', 'login': {'uuid': 'fde67898-4d3c-4c14-b836-5fd4367d5623', 'username': 'bluegorilla423', 'password': 'leonardo', 'salt': 's1nVWerS', 'md5': '4625bed069e260ee23d2fd7ba0998de0', 'sha1': '818af048871995801d2cd4c2418e4fb752cede77', 'sha256': '64aac91a200ad823281e01bacfa7534b65fa03734b4865d91262c4867e115d2f'}, 'dob': {'date': '1998-09-09T01:21:34.269Z', 'age': 25}, 'registered': {'date': '2019-04-23T07:33:59.163Z', 'age': 5}, 'phone': '(0139) 904669', 'cell': '(06) 90545323', 'id': {'name': 'BSN', 'value': '52749855'}, 'picture': {'large': 'https://randomuser.me/api/portraits/men/26.jpg', 'medium': 'https://randomuser.me/api/portraits/med/men/26.jpg', 'thumbnail': 'https://randomuser.me/api/portraits/thumb/men/26.jpg'}, 'nat': 'NL'}], 'info': {'seed': '4aa80388d519236e', 'results': 1, 'page': 1, 'version': '1.4'}}</msg>
<arg>${json_data}</arg>
<doc>Logs the given message with the given level.</doc>
<status status="PASS" start="2024-06-29T07:15:12.146965" elapsed="0.000203"/>
</kw>
<kw name="Dictionary Should Contain Key" owner="Collections">
<arg>${json_data}</arg>
<arg>results</arg>
<doc>Fails if ``key`` is not found from ``dictionary``.</doc>
<status status="PASS" start="2024-06-29T07:15:12.147460" elapsed="0.000164"/>
</kw>
<kw name="Should Not Be Empty" owner="BuiltIn">
<msg time="2024-06-29T07:15:12.147932" level="INFO">Length is 2.</msg>
<arg>${json_data}</arg>
<doc>Verifies that the given item is not empty.</doc>
<status status="PASS" start="2024-06-29T07:15:12.147806" elapsed="0.000166"/>
</kw>
<kw name="Create List" owner="BuiltIn">
<msg time="2024-06-29T07:15:12.148421" level="INFO">${expected_keys} = ['gender', 'name', 'location', 'email', 'login']</msg>
<var>${expected_keys}</var>
<arg>gender</arg>
<arg>name</arg>
<arg>location</arg>
<arg>email</arg>
<arg>login</arg>
<doc>Returns a list containing given items.</doc>
<status status="PASS" start="2024-06-29T07:15:12.148259" elapsed="0.000186"/>
</kw>
<for flavor="IN">
<iter>
<kw name="Dictionary Should Contain Key" owner="Collections">
<arg>${json_data['results'][0]}</arg>
<arg>${key}</arg>
<doc>Fails if ``key`` is not found from ``dictionary``.</doc>
<status status="PASS" start="2024-06-29T07:15:12.149168" elapsed="0.000401"/>
</kw>
<kw name="Log" owner="BuiltIn">
<msg time="2024-06-29T07:15:12.150109" level="INFO">{'gender': 'male', 'name': {'title': 'Mr', 'first': 'Zico', 'last': 'Van Norden'}, 'location': {'street': {'number': 4153, 'name': 'Drapiergang'}, 'city': 'Mill', 'state': 'Noord-Holland', 'country': 'Netherlands', 'postcode': '9982 ZX', 'coordinates': {'latitude': '36.0588', 'longitude': '-106.5093'}, 'timezone': {'offset': '+9:30', 'description': 'Adelaide, Darwin'}}, 'email': 'zico.vannorden@example.com', 'login': {'uuid': 'fde67898-4d3c-4c14-b836-5fd4367d5623', 'username': 'bluegorilla423', 'password': 'leonardo', 'salt': 's1nVWerS', 'md5': '4625bed069e260ee23d2fd7ba0998de0', 'sha1': '818af048871995801d2cd4c2418e4fb752cede77', 'sha256': '64aac91a200ad823281e01bacfa7534b65fa03734b4865d91262c4867e115d2f'}, 'dob': {'date': '1998-09-09T01:21:34.269Z', 'age': 25}, 'registered': {'date': '2019-04-23T07:33:59.163Z', 'age': 5}, 'phone': '(0139) 904669', 'cell': '(06) 90545323', 'id': {'name': 'BSN', 'value': '52749855'}, 'picture': {'large': 'https://randomuser.me/api/portraits/men/26.jpg', 'medium': 'https://randomuser.me/api/portraits/med/men/26.jpg', 'thumbnail': 'https://randomuser.me/api/portraits/thumb/men/26.jpg'}, 'nat': 'NL'}</msg>
<arg>${json_data['results'][0]}</arg>
<doc>Logs the given message with the given level.</doc>
<status status="PASS" start="2024-06-29T07:15:12.149757" elapsed="0.000399"/>
</kw>
<kw name="Log" owner="BuiltIn">
<msg time="2024-06-29T07:15:12.150620" level="INFO">gender</msg>
<arg>${key}</arg>
<doc>Logs the given message with the given level.</doc>
<status status="PASS" start="2024-06-29T07:15:12.150462" elapsed="0.000197"/>
</kw>
<var name="${key}">gender</var>
<status status="PASS" start="2024-06-29T07:15:12.149045" elapsed="0.001830"/>
</iter>
<iter>
<kw name="Dictionary Should Contain Key" owner="Collections">
<arg>${json_data['results'][0]}</arg>
<arg>${key}</arg>
<doc>Fails if ``key`` is not found from ``dictionary``.</doc>
<status status="PASS" start="2024-06-29T07:15:12.151167" elapsed="0.000384"/>
</kw>
<kw name="Log" owner="BuiltIn">
<msg time="2024-06-29T07:15:12.152078" level="INFO">{'gender': 'male', 'name': {'title': 'Mr', 'first': 'Zico', 'last': 'Van Norden'}, 'location': {'street': {'number': 4153, 'name': 'Drapiergang'}, 'city': 'Mill', 'state': 'Noord-Holland', 'country': 'Netherlands', 'postcode': '9982 ZX', 'coordinates': {'latitude': '36.0588', 'longitude': '-106.5093'}, 'timezone': {'offset': '+9:30', 'description': 'Adelaide, Darwin'}}, 'email': 'zico.vannorden@example.com', 'login': {'uuid': 'fde67898-4d3c-4c14-b836-5fd4367d5623', 'username': 'bluegorilla423', 'password': 'leonardo', 'salt': 's1nVWerS', 'md5': '4625bed069e260ee23d2fd7ba0998de0', 'sha1': '818af048871995801d2cd4c2418e4fb752cede77', 'sha256': '64aac91a200ad823281e01bacfa7534b65fa03734b4865d91262c4867e115d2f'}, 'dob': {'date': '1998-09-09T01:21:34.269Z', 'age': 25}, 'registered': {'date': '2019-04-23T07:33:59.163Z', 'age': 5}, 'phone': '(0139) 904669', 'cell': '(06) 90545323', 'id': {'name': 'BSN', 'value': '52749855'}, 'picture': {'large': 'https://randomuser.me/api/portraits/men/26.jpg', 'medium': 'https://randomuser.me/api/portraits/med/men/26.jpg', 'thumbnail': 'https://randomuser.me/api/portraits/thumb/men/26.jpg'}, 'nat': 'NL'}</msg>
<arg>${json_data['results'][0]}</arg>
<doc>Logs the given message with the given level.</doc>
<status status="PASS" start="2024-06-29T07:15:12.151728" elapsed="0.000427"/>
</kw>
<kw name="Log" owner="BuiltIn">
<msg time="2024-06-29T07:15:12.152574" level="INFO">name</msg>
<arg>${key}</arg>
<doc>Logs the given message with the given level.</doc>
<status status="PASS" start="2024-06-29T07:15:12.152449" elapsed="0.000162"/>
</kw>
<var name="${key}">name</var>
<status status="PASS" start="2024-06-29T07:15:12.151057" elapsed="0.001768"/>
</iter>
<iter>
<kw name="Dictionary Should Contain Key" owner="Collections">
<arg>${json_data['results'][0]}</arg>
<arg>${key}</arg>
<doc>Fails if ``key`` is not found from ``dictionary``.</doc>
<status status="PASS" start="2024-06-29T07:15:12.153104" elapsed="0.000372"/>
</kw>
<kw name="Log" owner="BuiltIn">
<msg time="2024-06-29T07:15:12.153997" level="INFO">{'gender': 'male', 'name': {'title': 'Mr', 'first': 'Zico', 'last': 'Van Norden'}, 'location': {'street': {'number': 4153, 'name': 'Drapiergang'}, 'city': 'Mill', 'state': 'Noord-Holland', 'country': 'Netherlands', 'postcode': '9982 ZX', 'coordinates': {'latitude': '36.0588', 'longitude': '-106.5093'}, 'timezone': {'offset': '+9:30', 'description': 'Adelaide, Darwin'}}, 'email': 'zico.vannorden@example.com', 'login': {'uuid': 'fde67898-4d3c-4c14-b836-5fd4367d5623', 'username': 'bluegorilla423', 'password': 'leonardo', 'salt': 's1nVWerS', 'md5': '4625bed069e260ee23d2fd7ba0998de0', 'sha1': '818af048871995801d2cd4c2418e4fb752cede77', 'sha256': '64aac91a200ad823281e01bacfa7534b65fa03734b4865d91262c4867e115d2f'}, 'dob': {'date': '1998-09-09T01:21:34.269Z', 'age': 25}, 'registered': {'date': '2019-04-23T07:33:59.163Z', 'age': 5}, 'phone': '(0139) 904669', 'cell': '(06) 90545323', 'id': {'name': 'BSN', 'value': '52749855'}, 'picture': {'large': 'https://randomuser.me/api/portraits/men/26.jpg', 'medium': 'https://randomuser.me/api/portraits/med/men/26.jpg', 'thumbnail': 'https://randomuser.me/api/portraits/thumb/men/26.jpg'}, 'nat': 'NL'}</msg>
<arg>${json_data['results'][0]}</arg>
<doc>Logs the given message with the given level.</doc>
<status status="PASS" start="2024-06-29T07:15:12.153654" elapsed="0.000388"/>
</kw>
<kw name="Log" owner="BuiltIn">
<msg time="2024-06-29T07:15:12.154472" level="INFO">location</msg>
<arg>${key}</arg>
<doc>Logs the given message with the given level.</doc>
<status status="PASS" start="2024-06-29T07:15:12.154345" elapsed="0.000186"/>
</kw>
<var name="${key}">location</var>
<status status="PASS" start="2024-06-29T07:15:12.152997" elapsed="0.001756"/>
</iter>
<iter>
<kw name="Dictionary Should Contain Key" owner="Collections">
<arg>${json_data['results'][0]}</arg>
<arg>${key}</arg>
<doc>Fails if ``key`` is not found from ``dictionary``.</doc>
<status status="PASS" start="2024-06-29T07:15:12.155024" elapsed="0.000378"/>
</kw>
<kw name="Log" owner="BuiltIn">
<msg time="2024-06-29T07:15:12.155929" level="INFO">{'gender': 'male', 'name': {'title': 'Mr', 'first': 'Zico', 'last': 'Van Norden'}, 'location': {'street': {'number': 4153, 'name': 'Drapiergang'}, 'city': 'Mill', 'state': 'Noord-Holland', 'country': 'Netherlands', 'postcode': '9982 ZX', 'coordinates': {'latitude': '36.0588', 'longitude': '-106.5093'}, 'timezone': {'offset': '+9:30', 'description': 'Adelaide, Darwin'}}, 'email': 'zico.vannorden@example.com', 'login': {'uuid': 'fde67898-4d3c-4c14-b836-5fd4367d5623', 'username': 'bluegorilla423', 'password': 'leonardo', 'salt': 's1nVWerS', 'md5': '4625bed069e260ee23d2fd7ba0998de0', 'sha1': '818af048871995801d2cd4c2418e4fb752cede77', 'sha256': '64aac91a200ad823281e01bacfa7534b65fa03734b4865d91262c4867e115d2f'}, 'dob': {'date': '1998-09-09T01:21:34.269Z', 'age': 25}, 'registered': {'date': '2019-04-23T07:33:59.163Z', 'age': 5}, 'phone': '(0139) 904669', 'cell': '(06) 90545323', 'id': {'name': 'BSN', 'value': '52749855'}, 'picture': {'large': 'https://randomuser.me/api/portraits/men/26.jpg', 'medium': 'https://randomuser.me/api/portraits/med/men/26.jpg', 'thumbnail': 'https://randomuser.me/api/portraits/thumb/men/26.jpg'}, 'nat': 'NL'}</msg>
<arg>${json_data['results'][0]}</arg>
<doc>Logs the given message with the given level.</doc>
<status status="PASS" start="2024-06-29T07:15:12.155585" elapsed="0.000391"/>
</kw>
<kw name="Log" owner="BuiltIn">
<msg time="2024-06-29T07:15:12.156389" level="INFO">email</msg>
<arg>${key}</arg>
<doc>Logs the given message with the given level.</doc>
<status status="PASS" start="2024-06-29T07:15:12.156267" elapsed="0.000160"/>
</kw>
<var name="${key}">email</var>
<status status="PASS" start="2024-06-29T07:15:12.154918" elapsed="0.001718"/>
</iter>
<iter>
<kw name="Dictionary Should Contain Key" owner="Collections">
<arg>${json_data['results'][0]}</arg>
<arg>${key}</arg>
<doc>Fails if ``key`` is not found from ``dictionary``.</doc>
<status status="PASS" start="2024-06-29T07:15:12.156916" elapsed="0.000385"/>
</kw>
<kw name="Log" owner="BuiltIn">
<msg time="2024-06-29T07:15:12.157825" level="INFO">{'gender': 'male', 'name': {'title': 'Mr', 'first': 'Zico', 'last': 'Van Norden'}, 'location': {'street': {'number': 4153, 'name': 'Drapiergang'}, 'city': 'Mill', 'state': 'Noord-Holland', 'country': 'Netherlands', 'postcode': '9982 ZX', 'coordinates': {'latitude': '36.0588', 'longitude': '-106.5093'}, 'timezone': {'offset': '+9:30', 'description': 'Adelaide, Darwin'}}, 'email': 'zico.vannorden@example.com', 'login': {'uuid': 'fde67898-4d3c-4c14-b836-5fd4367d5623', 'username': 'bluegorilla423', 'password': 'leonardo', 'salt': 's1nVWerS', 'md5': '4625bed069e260ee23d2fd7ba0998de0', 'sha1': '818af048871995801d2cd4c2418e4fb752cede77', 'sha256': '64aac91a200ad823281e01bacfa7534b65fa03734b4865d91262c4867e115d2f'}, 'dob': {'date': '1998-09-09T01:21:34.269Z', 'age': 25}, 'registered': {'date': '2019-04-23T07:33:59.163Z', 'age': 5}, 'phone': '(0139) 904669', 'cell': '(06) 90545323', 'id': {'name': 'BSN', 'value': '52749855'}, 'picture': {'large': 'https://randomuser.me/api/portraits/men/26.jpg', 'medium': 'https://randomuser.me/api/portraits/med/men/26.jpg', 'thumbnail': 'https://randomuser.me/api/portraits/thumb/men/26.jpg'}, 'nat': 'NL'}</msg>
<arg>${json_data['results'][0]}</arg>
<doc>Logs the given message with the given level.</doc>
<status status="PASS" start="2024-06-29T07:15:12.157478" elapsed="0.000394"/>
</kw>
<kw name="Log" owner="BuiltIn">
<msg time="2024-06-29T07:15:12.158283" level="INFO">login</msg>
<arg>${key}</arg>
<doc>Logs the given message with the given level.</doc>
<status status="PASS" start="2024-06-29T07:15:12.158159" elapsed="0.000162"/>
</kw>
<var name="${key}">login</var>
<status status="PASS" start="2024-06-29T07:15:12.156804" elapsed="0.001758"/>
</iter>
<var>${key}</var>
<value>@{expected_keys}</value>
<status status="PASS" start="2024-06-29T07:15:12.148854" elapsed="0.009828"/>
</for>
<kw name="Create List" owner="BuiltIn">
<msg time="2024-06-29T07:15:12.159007" level="INFO">${expected_keysTwo} = ['username', 'password']</msg>
<var>${expected_keysTwo}</var>
<arg>username</arg>
<arg>password</arg>
<doc>Returns a list containing given items.</doc>
<status status="PASS" start="2024-06-29T07:15:12.158872" elapsed="0.000160"/>
</kw>
<for flavor="IN">
<iter>
<kw name="Dictionary Should Contain Key" owner="Collections">
<arg>${json_data['results'][0]['login']}</arg>
<arg>${keyTwo}</arg>
<doc>Fails if ``key`` is not found from ``dictionary``.</doc>
<status status="PASS" start="2024-06-29T07:15:12.159554" elapsed="0.000384"/>
</kw>
<kw name="Dictionary Should Contain Key" owner="Collections">
<arg>${json_data['results'][0]['login']}</arg>
<arg>${keyTwo}</arg>
<doc>Fails if ``key`` is not found from ``dictionary``.</doc>
<status status="PASS" start="2024-06-29T07:15:12.160115" elapsed="0.000370"/>
</kw>
<kw name="Log" owner="BuiltIn">
<msg time="2024-06-29T07:15:12.160788" level="INFO">username</msg>
<arg>${keyTwo}</arg>
<doc>Logs the given message with the given level.</doc>
<status status="PASS" start="2024-06-29T07:15:12.160664" elapsed="0.000161"/>
</kw>
<var name="${keyTwo}">username</var>
<status status="PASS" start="2024-06-29T07:15:12.159448" elapsed="0.001593"/>
</iter>
<iter>
<kw name="Dictionary Should Contain Key" owner="Collections">
<arg>${json_data['results'][0]['login']}</arg>
<arg>${keyTwo}</arg>
<doc>Fails if ``key`` is not found from ``dictionary``.</doc>
<status status="PASS" start="2024-06-29T07:15:12.161316" elapsed="0.000380"/>
</kw>
<kw name="Dictionary Should Contain Key" owner="Collections">
<arg>${json_data['results'][0]['login']}</arg>
<arg>${keyTwo}</arg>
<doc>Fails if ``key`` is not found from ``dictionary``.</doc>
<status status="PASS" start="2024-06-29T07:15:12.161870" elapsed="0.000367"/>
</kw>
<kw name="Log" owner="BuiltIn">
<msg time="2024-06-29T07:15:12.162549" level="INFO">password</msg>
<arg>${keyTwo}</arg>
<doc>Logs the given message with the given level.</doc>
<status status="PASS" start="2024-06-29T07:15:12.162411" elapsed="0.000180"/>
</kw>
<var name="${keyTwo}">password</var>
<status status="PASS" start="2024-06-29T07:15:12.161211" elapsed="0.001607"/>
</iter>
<var>${keyTwo}</var>
<value>@{expected_keysTwo}</value>
<status status="PASS" start="2024-06-29T07:15:12.159295" elapsed="0.003647"/>
</for>
<status status="PASS" start="2024-06-29T07:15:12.050932" elapsed="0.112160"/>
</kw>
<doc>Testa a estrutura da resposta da API.</doc>
<tag>testeEstruturaResposta</tag>
<status status="PASS" start="2024-06-29T07:15:12.050363" elapsed="0.112888"/>
</test>
<test id="s1-s1-t4" name="Validar tipos de dados" line="28">
<kw name="Teste de Tipos de Dados" owner="random-user-service">
<kw name="GET On Session" owner="RequestsLibrary">
<msg time="2024-06-29T07:15:12.249900" level="INFO">GET Request : url=https://randomuser.me/api 
 path_url=/api 
 headers={'User-Agent': 'python-requests/2.32.3', 'Accept-Encoding': 'gzip, deflate', 'Accept': '*/*', 'Connection': 'keep-alive'} 
 body=None 
 </msg>
<msg time="2024-06-29T07:15:12.250013" level="INFO">GET Response : url=https://randomuser.me/api 
 status=200, reason=OK 
 headers={'Date': 'Sat, 29 Jun 2024 07:15:12 GMT', 'Content-Type': 'application/json; charset=utf-8', 'Transfer-Encoding': 'chunked', 'Connection': 'keep-alive', 'X-Powered-By': 'Express', 'Access-Control-Allow-Origin': '*', 'Cache-Control': 'no-cache', 'ETag': 'W/"491-blM0rAU0biEd4n+lZq5oE6YXEyc"', 'Vary': 'Accept-Encoding', 'Content-Encoding': 'gzip', 'CF-Cache-Status': 'DYNAMIC', 'Report-To': '{"endpoints":[{"url":"https:\\/\\/a.nel.cloudflare.com\\/report\\/v4?s=ZngDhj%2F1Vk0nvJ2SO%2FBD2oeRzRjimFCYbM5osTMxmSzmuR8Wx%2BnDW3jyscambbAwDpFsx16q4JPaZ7Ha17kyvnN2h1D6Ccoaes7eHjJHAhAuKMNxViTtx7tjfsCbPGmt"}],"group":"cf-nel","max_age":604800}', 'NEL': '{"success_fraction":0,"report_to":"cf-nel","max_age":604800}', 'Server': 'cloudflare', 'CF-RAY': '89b41fc1083afa5a-SJC', 'alt-svc': 'h3=":443"; ma=86400'} 
 body={"results":[{"gender":"male","name":{"title":"Mr","first":"Veselin","last":"Vučetić"},"location":{"street":{"number":9424,"name":"Komoranska"},"city":"Kragujevac","state":"Peć","country":"Serbia","postcode":21601,"coordinates":{"latitude":"62.0719","longitude":"-54.9510"},"timezone":{"offset":"-6:00","description":"Central Time (US &amp; Canada), Mexico City"}},"email":"veselin.vucetic@example.com","login":{"uuid":"de3f6572-f16d-4c2a-9f1f-01da045c6b01","username":"beautifulzebra111","password":"zxc123","salt":"7hyYWhQL","md5":"9cae491699cb4a747ae6aaeb9b74df17","sha1":"91f6e5a7371e7c647cd546b81bc3800070cf56cb","sha256":"63871095faea35db5092c34d2596f42885d8baacc89c3019ff0d5555cee1cb21"},"dob":{"date":"1949-11-28T05:48:22.184Z","age":74},"registered":{"date":"2018-10-08T17:08:48.363Z","age":5},"phone":"012-3747-012","cell":"063-0868-492","id":{"name":"SID","value":"471070821"},"picture":{"large":"https://randomuser.me/api/portraits/men/68.jpg","medium":"https://randomuser.me/api/portraits/med/men/68.jpg","thumbnail":"https://randomuser.me/api/portraits/thumb/men/68.jpg"},"nat":"RS"}],"info":{"seed":"ab77d53f77dab1ac","results":1,"page":1,"version":"1.4"}} 
 </msg>
<msg time="2024-06-29T07:15:12.250102" level="INFO">/opt/hostedtoolcache/Python/3.12.4/x64/lib/python3.12/site-packages/urllib3/connectionpool.py:1099: InsecureRequestWarning: Unverified HTTPS request is being made to host 'randomuser.me'. Adding certificate verification is strongly advised. See: https://urllib3.readthedocs.io/en/latest/advanced-usage.html#tls-warnings
  warnings.warn(</msg>
<msg time="2024-06-29T07:15:12.250237" level="INFO">${response} = &lt;Response [200]&gt;</msg>
<var>${response}</var>
<arg>consultarAPI</arg>
<arg>/api</arg>
<doc>Sends a GET request on a previously created HTTP Session.</doc>
<status status="PASS" start="2024-06-29T07:15:12.165804" elapsed="0.084468"/>
</kw>
<kw name="Set Variable" owner="BuiltIn">
<msg time="2024-06-29T07:15:12.251391" level="INFO">${json_data} = {'results': [{'gender': 'male', 'name': {'title': 'Mr', 'first': 'Veselin', 'last': 'Vučetić'}, 'location': {'street': {'number': 9424, 'name': 'Komoranska'}, 'city': 'Kragujevac', 'state': 'Peć', 'co...</msg>
<var>${json_data}</var>
<arg>${response.json()}</arg>
<doc>Returns the given values which can then be assigned to a variables.</doc>
<status status="PASS" start="2024-06-29T07:15:12.250843" elapsed="0.000579"/>
</kw>
<kw name="Log" owner="BuiltIn">
<msg time="2024-06-29T07:15:12.251945" level="INFO">{'results': [{'gender': 'male', 'name': {'title': 'Mr', 'first': 'Veselin', 'last': 'Vučetić'}, 'location': {'street': {'number': 9424, 'name': 'Komoranska'}, 'city': 'Kragujevac', 'state': 'Peć', 'country': 'Serbia', 'postcode': 21601, 'coordinates': {'latitude': '62.0719', 'longitude': '-54.9510'}, 'timezone': {'offset': '-6:00', 'description': 'Central Time (US &amp; Canada), Mexico City'}}, 'email': 'veselin.vucetic@example.com', 'login': {'uuid': 'de3f6572-f16d-4c2a-9f1f-01da045c6b01', 'username': 'beautifulzebra111', 'password': 'zxc123', 'salt': '7hyYWhQL', 'md5': '9cae491699cb4a747ae6aaeb9b74df17', 'sha1': '91f6e5a7371e7c647cd546b81bc3800070cf56cb', 'sha256': '63871095faea35db5092c34d2596f42885d8baacc89c3019ff0d5555cee1cb21'}, 'dob': {'date': '1949-11-28T05:48:22.184Z', 'age': 74}, 'registered': {'date': '2018-10-08T17:08:48.363Z', 'age': 5}, 'phone': '012-3747-012', 'cell': '063-0868-492', 'id': {'name': 'SID', 'value': '471070821'}, 'picture': {'large': 'https://randomuser.me/api/portraits/men/68.jpg', 'medium': 'https://randomuser.me/api/portraits/med/men/68.jpg', 'thumbnail': 'https://randomuser.me/api/portraits/thumb/men/68.jpg'}, 'nat': 'RS'}], 'info': {'seed': 'ab77d53f77dab1ac', 'results': 1, 'page': 1, 'version': '1.4'}}</msg>
<arg>${json_data}</arg>
<doc>Logs the given message with the given level.</doc>
<status status="PASS" start="2024-06-29T07:15:12.251771" elapsed="0.000228"/>
</kw>
<kw name="Should Be String" owner="String">
<arg>${json_data['results'][0]['gender']}</arg>
<doc>Fails if the given ``item`` is not a string.</doc>
<status status="PASS" start="2024-06-29T07:15:12.252302" elapsed="0.000371"/>
</kw>
<kw name="Should Match Regexp" owner="BuiltIn">
<arg>${json_data['results'][0]['email']}</arg>
<arg>^[a-zA-Z0-9._%+-]+@[a-zA-Z0-9.-]+\.[a-zA-Z]{2,}$</arg>
<doc>Fails if ``string`` does not match ``pattern`` as a regular expression.</doc>
<status status="PASS" start="2024-06-29T07:15:12.252862" elapsed="0.000513"/>
</kw>
<kw name="Should Match Regexp" owner="BuiltIn">
<arg>${json_data['results'][0]['dob']['date']}</arg>
<arg>\\d{4}-\\d{2}-\\d{2}T\\d{2}:\\d{2}:\\d{2}\\.\\d{3}Z</arg>
<doc>Fails if ``string`` does not match ``pattern`` as a regular expression.</doc>
<status status="PASS" start="2024-06-29T07:15:12.253606" elapsed="0.000483"/>
</kw>
<kw name="Should Match Regexp" owner="BuiltIn">
<arg>${json_data['results'][0]['registered']['date']}</arg>
<arg>\\d{4}-\\d{2}-\\d{2}T\\d{2}:\\d{2}:\\d{2}\\.\\d{3}Z</arg>
<doc>Fails if ``string`` does not match ``pattern`` as a regular expression.</doc>
<status status="PASS" start="2024-06-29T07:15:12.254293" elapsed="0.000406"/>
</kw>
<kw name="Should Match Regexp" owner="BuiltIn">
<arg>${json_data['results'][0]['picture']['large']}</arg>
<arg>^https?://.*\.(?:png|jpe?g|gif|bmp)$</arg>
<doc>Fails if ``string`` does not match ``pattern`` as a regular expression.</doc>
<status status="PASS" start="2024-06-29T07:15:12.254883" elapsed="0.000456"/>
</kw>
<kw name="Should Match Regexp" owner="BuiltIn">
<arg>${json_data['results'][0]['picture']['medium']}</arg>
<arg>^https?://.*\.(?:png|jpe?g|gif|bmp)$</arg>
<doc>Fails if ``string`` does not match ``pattern`` as a regular expression.</doc>
<status status="PASS" start="2024-06-29T07:15:12.255523" elapsed="0.000348"/>
</kw>
<kw name="Should Match Regexp" owner="BuiltIn">
<arg>${json_data['results'][0]['picture']['thumbnail']}</arg>
<arg>^https?://.*\.(?:png|jpe?g|gif|bmp)$</arg>
<doc>Fails if ``string`` does not match ``pattern`` as a regular expression.</doc>
<status status="PASS" start="2024-06-29T07:15:12.256050" elapsed="0.000364"/>
</kw>
<kw name="Log" owner="BuiltIn">
<msg time="2024-06-29T07:15:12.256929" level="INFO">{'large': 'https://randomuser.me/api/portraits/men/68.jpg', 'medium': 'https://randomuser.me/api/portraits/med/men/68.jpg', 'thumbnail': 'https://randomuser.me/api/portraits/thumb/men/68.jpg'}</msg>
<arg>${json_data['results'][0]['picture']}</arg>
<doc>Logs the given message with the given level.</doc>
<status status="PASS" start="2024-06-29T07:15:12.256602" elapsed="0.000369"/>
</kw>
<status status="PASS" start="2024-06-29T07:15:12.165576" elapsed="0.091657"/>
</kw>
<kw name="Teste de Tipos de Dados - Postcode" owner="random-user-service">
<kw name="GET On Session" owner="RequestsLibrary">
<msg time="2024-06-29T07:15:12.388769" level="INFO">GET Request : url=https://randomuser.me/api 
 path_url=/api 
 headers={'User-Agent': 'python-requests/2.32.3', 'Accept-Encoding': 'gzip, deflate', 'Accept': '*/*', 'Connection': 'keep-alive'} 
 body=None 
 </msg>
<msg time="2024-06-29T07:15:12.388853" level="INFO">GET Response : url=https://randomuser.me/api 
 status=200, reason=OK 
 headers={'Date': 'Sat, 29 Jun 2024 07:15:12 GMT', 'Content-Type': 'application/json; charset=utf-8', 'Transfer-Encoding': 'chunked', 'Connection': 'keep-alive', 'X-Powered-By': 'Express', 'Access-Control-Allow-Origin': '*', 'Cache-Control': 'no-cache', 'ETag': 'W/"48b-a6+mDWfqfWGFlNglt8HD70l2/lQ"', 'Vary': 'Accept-Encoding', 'Content-Encoding': 'gzip', 'CF-Cache-Status': 'DYNAMIC', 'Report-To': '{"endpoints":[{"url":"https:\\/\\/a.nel.cloudflare.com\\/report\\/v4?s=LkiOXjsY%2Bh1ksY0VYPhzTKu95P6VIfQt9jo8FpX%2F92zzQyGXaPxTd7qCVM29Vka44hb7s6%2BTJ3dhUwvVKnCtu3P0EC48YXKXMfTe%2Bd4E0iyUY2lJp1GlZ1CakCuMVh1b"}],"group":"cf-nel","max_age":604800}', 'NEL': '{"success_fraction":0,"report_to":"cf-nel","max_age":604800}', 'Server': 'cloudflare', 'CF-RAY': '89b41fc1a8a4fa5a-SJC', 'alt-svc': 'h3=":443"; ma=86400'} 
 body={"results":[{"gender":"female","name":{"title":"Miss","first":"Izolda","last":"Ivkov"},"location":{"street":{"number":4175,"name":"Besinjska"},"city":"Smederevo","state":"South Banat","country":"Serbia","postcode":96631,"coordinates":{"latitude":"60.3408","longitude":"62.4186"},"timezone":{"offset":"+10:00","description":"Eastern Australia, Guam, Vladivostok"}},"email":"izolda.ivkov@example.com","login":{"uuid":"531f61cc-f40e-4ddc-8e02-900f00b678bf","username":"blacklion138","password":"1950","salt":"tb41ZWb6","md5":"1297e630cae0e8b1a24b64c89374b17a","sha1":"a566ff4280508225f2e6353667048c2ebec45470","sha256":"19d734f7bdf9d4f3ef8d72548695eb6e24011bcf6b8a3690b07f12480d18c41f"},"dob":{"date":"1946-12-31T14:27:15.695Z","age":77},"registered":{"date":"2021-12-11T11:26:15.477Z","age":2},"phone":"017-3457-944","cell":"066-3541-317","id":{"name":"SID","value":"982807696"},"picture":{"large":"https://randomuser.me/api/portraits/women/0.jpg","medium":"https://randomuser.me/api/portraits/med/women/0.jpg","thumbnail":"https://randomuser.me/api/portraits/thumb/women/0.jpg"},"nat":"RS"}],"info":{"seed":"c8f3e7b9768012b9","results":1,"page":1,"version":"1.4"}} 
 </msg>
<msg time="2024-06-29T07:15:12.388926" level="INFO">/opt/hostedtoolcache/Python/3.12.4/x64/lib/python3.12/site-packages/urllib3/connectionpool.py:1099: InsecureRequestWarning: Unverified HTTPS request is being made to host 'randomuser.me'. Adding certificate verification is strongly advised. See: https://urllib3.readthedocs.io/en/latest/advanced-usage.html#tls-warnings
  warnings.warn(</msg>
<msg time="2024-06-29T07:15:12.389044" level="INFO">${response} = &lt;Response [200]&gt;</msg>
<var>${response}</var>
<arg>consultarAPI</arg>
<arg>/api</arg>
<doc>Sends a GET request on a previously created HTTP Session.</doc>
<status status="PASS" start="2024-06-29T07:15:12.257687" elapsed="0.131405"/>
</kw>
<kw name="Set Variable" owner="BuiltIn">
<msg time="2024-06-29T07:15:12.390041" level="INFO">${json_data} = {'results': [{'gender': 'female', 'name': {'title': 'Miss', 'first': 'Izolda', 'last': 'Ivkov'}, 'location': {'street': {'number': 4175, 'name': 'Besinjska'}, 'city': 'Smederevo', 'state': 'South Bana...</msg>
<var>${json_data}</var>
<arg>${response.json()}</arg>
<doc>Returns the given values which can then be assigned to a variables.</doc>
<status status="PASS" start="2024-06-29T07:15:12.389597" elapsed="0.000471"/>
</kw>
<kw name="Log" owner="BuiltIn">
<msg time="2024-06-29T07:15:12.390556" level="INFO">{'results': [{'gender': 'female', 'name': {'title': 'Miss', 'first': 'Izolda', 'last': 'Ivkov'}, 'location': {'street': {'number': 4175, 'name': 'Besinjska'}, 'city': 'Smederevo', 'state': 'South Banat', 'country': 'Serbia', 'postcode': 96631, 'coordinates': {'latitude': '60.3408', 'longitude': '62.4186'}, 'timezone': {'offset': '+10:00', 'description': 'Eastern Australia, Guam, Vladivostok'}}, 'email': 'izolda.ivkov@example.com', 'login': {'uuid': '531f61cc-f40e-4ddc-8e02-900f00b678bf', 'username': 'blacklion138', 'password': '1950', 'salt': 'tb41ZWb6', 'md5': '1297e630cae0e8b1a24b64c89374b17a', 'sha1': 'a566ff4280508225f2e6353667048c2ebec45470', 'sha256': '19d734f7bdf9d4f3ef8d72548695eb6e24011bcf6b8a3690b07f12480d18c41f'}, 'dob': {'date': '1946-12-31T14:27:15.695Z', 'age': 77}, 'registered': {'date': '2021-12-11T11:26:15.477Z', 'age': 2}, 'phone': '017-3457-944', 'cell': '066-3541-317', 'id': {'name': 'SID', 'value': '982807696'}, 'picture': {'large': 'https://randomuser.me/api/portraits/women/0.jpg', 'medium': 'https://randomuser.me/api/portraits/med/women/0.jpg', 'thumbnail': 'https://randomuser.me/api/portraits/thumb/women/0.jpg'}, 'nat': 'RS'}], 'info': {'seed': 'c8f3e7b9768012b9', 'results': 1, 'page': 1, 'version': '1.4'}}</msg>
<arg>${json_data}</arg>
<doc>Logs the given message with the given level.</doc>
<status status="PASS" start="2024-06-29T07:15:12.390377" elapsed="0.000228"/>
</kw>
<kw name="Should Be Equal As Numbers" owner="BuiltIn">
<arg>${json_data['results'][0]['location']['postcode']}</arg>
<arg>${json_data['results'][0]['location']['postcode']}</arg>
<doc>Fails if objects are unequal after converting them to real numbers.</doc>
<status status="PASS" start="2024-06-29T07:15:12.390911" elapsed="0.000618"/>
</kw>
<kw name="Log" owner="BuiltIn">
<msg time="2024-06-29T07:15:12.392050" level="INFO">96631</msg>
<arg>${json_data['results'][0]['location']['postcode']}</arg>
<doc>Logs the given message with the given level.</doc>
<status status="PASS" start="2024-06-29T07:15:12.391715" elapsed="0.000375"/>
</kw>
<status status="PASS" start="2024-06-29T07:15:12.257459" elapsed="0.134904"/>
</kw>
<doc>Testa se os tipos de dados na resposta da API estão corretos.</doc>
<tag>testeTiposDados</tag>
<status status="PASS" start="2024-06-29T07:15:12.165027" elapsed="0.227504"/>
</test>
<test id="s1-s1-t5" name="Validar conteudo" line="35">
<kw name="Teste de Tipos de Conteudo" owner="random-user-service">
<kw name="GET On Session" owner="RequestsLibrary">
<msg time="2024-06-29T07:15:12.484458" level="INFO">GET Request : url=https://randomuser.me/api 
 path_url=/api 
 headers={'User-Agent': 'python-requests/2.32.3', 'Accept-Encoding': 'gzip, deflate', 'Accept': '*/*', 'Connection': 'keep-alive'} 
 body=None 
 </msg>
<msg time="2024-06-29T07:15:12.484531" level="INFO">GET Response : url=https://randomuser.me/api 
 status=200, reason=OK 
 headers={'Date': 'Sat, 29 Jun 2024 07:15:12 GMT', 'Content-Type': 'application/json; charset=utf-8', 'Transfer-Encoding': 'chunked', 'Connection': 'keep-alive', 'X-Powered-By': 'Express', 'Access-Control-Allow-Origin': '*', 'Cache-Control': 'no-cache', 'ETag': 'W/"474-yuBLCKGRDSuyd0dH1KJmK9Owvp8"', 'Vary': 'Accept-Encoding', 'Content-Encoding': 'gzip', 'CF-Cache-Status': 'DYNAMIC', 'Report-To': '{"endpoints":[{"url":"https:\\/\\/a.nel.cloudflare.com\\/report\\/v4?s=whqHMECvwzb2B6RyyYuHrwCZVvAmyLLbOI5UI0MXacJa7W8aBZ92xtKkmO4EE%2FbmObQGZ3cNi5UPGqtkoECX4zBckYo6f1DZUtev%2BKIl26j6wsoYShlIopae%2BWVQJ5UU"}],"group":"cf-nel","max_age":604800}', 'NEL': '{"success_fraction":0,"report_to":"cf-nel","max_age":604800}', 'Server': 'cloudflare', 'CF-RAY': '89b41fc27939fa5a-SJC', 'alt-svc': 'h3=":443"; ma=86400'} 
 body={"results":[{"gender":"male","name":{"title":"Mr","first":"Philippe","last":"Margaret"},"location":{"street":{"number":5350,"name":"Pierre Ave"},"city":"Borden","state":"Yukon","country":"Canada","postcode":"M4W 8Z6","coordinates":{"latitude":"-70.2729","longitude":"-104.2600"},"timezone":{"offset":"+4:30","description":"Kabul"}},"email":"philippe.margaret@example.com","login":{"uuid":"caa8b1f1-a715-473f-8f57-c77eb5a6d98b","username":"goldenladybug795","password":"zapper","salt":"QBewDn9F","md5":"73169e1214274421513d8f06dc6de61a","sha1":"75b6f8e1d8e49fecf9a8fa4de0d144453a856ffb","sha256":"08e82463785d0910f9c529faad4b14c4e1549100e3b278af015f8d49b5bf169b"},"dob":{"date":"1970-04-22T08:34:57.593Z","age":54},"registered":{"date":"2011-09-18T07:05:18.409Z","age":12},"phone":"S36 L85-5710","cell":"P32 Q56-6272","id":{"name":"SIN","value":"822354007"},"picture":{"large":"https://randomuser.me/api/portraits/men/89.jpg","medium":"https://randomuser.me/api/portraits/med/men/89.jpg","thumbnail":"https://randomuser.me/api/portraits/thumb/men/89.jpg"},"nat":"CA"}],"info":{"seed":"291c4b46646c0f5c","results":1,"page":1,"version":"1.4"}} 
 </msg>
<msg time="2024-06-29T07:15:12.484605" level="INFO">/opt/hostedtoolcache/Python/3.12.4/x64/lib/python3.12/site-packages/urllib3/connectionpool.py:1099: InsecureRequestWarning: Unverified HTTPS request is being made to host 'randomuser.me'. Adding certificate verification is strongly advised. See: https://urllib3.readthedocs.io/en/latest/advanced-usage.html#tls-warnings
  warnings.warn(</msg>
<msg time="2024-06-29T07:15:12.484700" level="INFO">${response} = &lt;Response [200]&gt;</msg>
<var>${response}</var>
<arg>consultarAPI</arg>
<arg>/api</arg>
<doc>Sends a GET request on a previously created HTTP Session.</doc>
<status status="PASS" start="2024-06-29T07:15:12.395163" elapsed="0.089573"/>
</kw>
<kw name="Set Variable" owner="BuiltIn">
<msg time="2024-06-29T07:15:12.485594" level="INFO">${json_data} = {'results': [{'gender': 'male', 'name': {'title': 'Mr', 'first': 'Philippe', 'last': 'Margaret'}, 'location': {'street': {'number': 5350, 'name': 'Pierre Ave'}, 'city': 'Borden', 'state': 'Yukon', 'co...</msg>
<var>${json_data}</var>
<arg>${response.json()}</arg>
<doc>Returns the given values which can then be assigned to a variables.</doc>
<status status="PASS" start="2024-06-29T07:15:12.485145" elapsed="0.000477"/>
</kw>
<kw name="Set Variable" owner="BuiltIn">
<msg time="2024-06-29T07:15:12.486290" level="INFO">${name_title} = Mr</msg>
<var>${name_title}</var>
<arg>${json_data["results"][0]["name"]["title"]}</arg>
<doc>Returns the given values which can then be assigned to a variables.</doc>
<status status="PASS" start="2024-06-29T07:15:12.485919" elapsed="0.000396"/>
</kw>
<kw name="Create List" owner="BuiltIn">
<msg time="2024-06-29T07:15:12.486795" level="INFO">${allowed_titles} = ['Mr', 'Ms', 'Miss', 'Mrs', 'Madame', 'Monsieur']</msg>
<var>${allowed_titles}</var>
<arg>Mr</arg>
<arg>Ms</arg>
<arg>Miss</arg>
<arg>Mrs</arg>
<arg>Madame</arg>
<arg>Monsieur</arg>
<doc>Returns a list containing given items.</doc>
<status status="PASS" start="2024-06-29T07:15:12.486645" elapsed="0.000174"/>
</kw>
<kw name="List Should Contain Value" owner="Collections">
<arg>${allowed_titles}</arg>
<arg>${name_title}</arg>
<doc>Fails if the ``value`` is not found from ``list``.</doc>
<status status="PASS" start="2024-06-29T07:15:12.487114" elapsed="0.000175"/>
</kw>
<kw name="Set Variable" owner="BuiltIn">
<msg time="2024-06-29T07:15:12.487821" level="INFO">${name_country} = CA</msg>
<var>${name_country}</var>
<arg>${json_data["results"][0]["nat"]}</arg>
<doc>Returns the given values which can then be assigned to a variables.</doc>
<status status="PASS" start="2024-06-29T07:15:12.487463" elapsed="0.000382"/>
</kw>
<kw name="Create List" owner="BuiltIn">
<msg time="2024-06-29T07:15:12.488734" level="INFO">${list_country} = ['AD', 'AE', 'AF', 'AG', 'AI', 'AL', 'AM', 'AO', 'AQ', 'AR', 'AS', 'AT', 'AU', 'AW', 'AX', 'AZ', 'BA', 'BB', 'BD', 'BE', 'BF', 'BG', 'BH', 'BI', 'BJ', 'BL', 'BM', 'BN', 'BO', 'BQ', 'BR', 'BS', 'BT', '...</msg>
<var>${list_country}</var>
<arg>AD</arg>
<arg>AE</arg>
<arg>AF</arg>
<arg>AG</arg>
<arg>AI</arg>
<arg>AL</arg>
<arg>AM</arg>
<arg>AO</arg>
<arg>AQ</arg>
<arg>AR</arg>
<arg>AS</arg>
<arg>AT</arg>
<arg>AU</arg>
<arg>AW</arg>
<arg>AX</arg>
<arg>AZ</arg>
<arg>BA</arg>
<arg>BB</arg>
<arg>BD</arg>
<arg>BE</arg>
<arg>BF</arg>
<arg>BG</arg>
<arg>BH</arg>
<arg>BI</arg>
<arg>BJ</arg>
<arg>BL</arg>
<arg>BM</arg>
<arg>BN</arg>
<arg>BO</arg>
<arg>BQ</arg>
<arg>BR</arg>
<arg>BS</arg>
<arg>BT</arg>
<arg>BV</arg>
<arg>BW</arg>
<arg>BY</arg>
<arg>BZ</arg>
<arg>CA</arg>
<arg>CC</arg>
<arg>CD</arg>
<arg>CF</arg>
<arg>CG</arg>
<arg>CH</arg>
<arg>CI</arg>
<arg>CK</arg>
<arg>CL</arg>
<arg>CM</arg>
<arg>CN</arg>
<arg>CO</arg>
<arg>CR</arg>
<arg>CU</arg>
<arg>CV</arg>
<arg>CW</arg>
<arg>CX</arg>
<arg>CY</arg>
<arg>CZ</arg>
<arg>DE</arg>
<arg>DJ</arg>
<arg>DK</arg>
<arg>DM</arg>
<arg>DO</arg>
<arg>DZ</arg>
<arg>EC</arg>
<arg>EE</arg>
<arg>EG</arg>
<arg>EH</arg>
<arg>ER</arg>
<arg>ES</arg>
<arg>ET</arg>
<arg>FI</arg>
<arg>FJ</arg>
<arg>FK</arg>
<arg>FM</arg>
<arg>FO</arg>
<arg>FR</arg>
<arg>GA</arg>
<arg>GB</arg>
<arg>GD</arg>
<arg>GE</arg>
<arg>GF</arg>
<arg>GG</arg>
<arg>GH</arg>
<arg>GI</arg>
<arg>GL</arg>
<arg>GM</arg>
<arg>GN</arg>
<arg>GP</arg>
<arg>GQ</arg>
<arg>GR</arg>
<arg>GS</arg>
<arg>GT</arg>
<arg>GU</arg>
<arg>GW</arg>
<arg>GY</arg>
<arg>HK</arg>
<arg>HM</arg>
<arg>HN</arg>
<arg>HR</arg>
<arg>HT</arg>
<arg>HU</arg>
<arg>ID</arg>
<arg>IE</arg>
<arg>IL</arg>
<arg>IM</arg>
<arg>IN</arg>
<arg>IO</arg>
<arg>IQ</arg>
<arg>IR</arg>
<arg>IS</arg>
<arg>IT</arg>
<arg>JE</arg>
<arg>JM</arg>
<arg>JO</arg>
<arg>JP</arg>
<arg>KE</arg>
<arg>KG</arg>
<arg>KH</arg>
<arg>KI</arg>
<arg>KM</arg>
<arg>KN</arg>
<arg>KP</arg>
<arg>KR</arg>
<arg>KW</arg>
<arg>KY</arg>
<arg>KZ</arg>
<arg>LA</arg>
<arg>LB</arg>
<arg>LC</arg>
<arg>LI</arg>
<arg>LK</arg>
<arg>LR</arg>
<arg>LS</arg>
<arg>LT</arg>
<arg>LU</arg>
<arg>LV</arg>
<arg>LY</arg>
<arg>MA</arg>
<arg>MC</arg>
<arg>MD</arg>
<arg>ME</arg>
<arg>MF</arg>
<arg>MG</arg>
<arg>MH</arg>
<arg>MK</arg>
<arg>ML</arg>
<arg>MM</arg>
<arg>MN</arg>
<arg>MO</arg>
<arg>MP</arg>
<arg>MQ</arg>
<arg>MR</arg>
<arg>MS</arg>
<arg>MT</arg>
<arg>MU</arg>
<arg>MV</arg>
<arg>MW</arg>
<arg>MX</arg>
<arg>MY</arg>
<arg>MZ</arg>
<arg>NA</arg>
<arg>NC</arg>
<arg>NE</arg>
<arg>NF</arg>
<arg>NG</arg>
<arg>NI</arg>
<arg>NL</arg>
<arg>NO</arg>
<arg>NP</arg>
<arg>NR</arg>
<arg>NU</arg>
<arg>NZ</arg>
<arg>OM</arg>
<arg>PA</arg>
<arg>PE</arg>
<arg>PF</arg>
<arg>PG</arg>
<arg>PH</arg>
<arg>PK</arg>
<arg>PL</arg>
<arg>PM</arg>
<arg>PN</arg>
<arg>PR</arg>
<arg>PS</arg>
<arg>PT</arg>
<arg>PW</arg>
<arg>PY</arg>
<arg>QA</arg>
<arg>RE</arg>
<arg>RO</arg>
<arg>RS</arg>
<arg>RU</arg>
<arg>RW</arg>
<arg>SA</arg>
<arg>SB</arg>
<arg>SC</arg>
<arg>SD</arg>
<arg>SE</arg>
<arg>SG</arg>
<arg>SH</arg>
<arg>SI</arg>
<arg>SJ</arg>
<arg>SK</arg>
<arg>SL</arg>
<arg>SM</arg>
<arg>SN</arg>
<arg>SO</arg>
<arg>SR</arg>
<arg>SS</arg>
<arg>ST</arg>
<arg>SV</arg>
<arg>SX</arg>
<arg>SY</arg>
<arg>SZ</arg>
<arg>TC</arg>
<arg>TD</arg>
<arg>TF</arg>
<arg>TG</arg>
<arg>TH</arg>
<arg>TJ</arg>
<arg>TK</arg>
<arg>TL</arg>
<arg>TM</arg>
<arg>TN</arg>
<arg>TO</arg>
<arg>TR</arg>
<arg>TT</arg>
<arg>TV</arg>
<arg>TW</arg>
<arg>TZ</arg>
<arg>UA</arg>
<arg>UG</arg>
<arg>UM</arg>
<arg>US</arg>
<arg>UY</arg>
<arg>UZ</arg>
<arg>VA</arg>
<arg>VC</arg>
<arg>VE</arg>
<arg>VG</arg>
<arg>VI</arg>
<arg>VN</arg>
<arg>VU</arg>
<arg>WF</arg>
<arg>WS</arg>
<arg>XK</arg>
<arg>YE</arg>
<arg>YT</arg>
<arg>ZA</arg>
<arg>ZM</arg>
<arg>ZW</arg>
<doc>Returns a list containing given items.</doc>
<status status="PASS" start="2024-06-29T07:15:12.488132" elapsed="0.000627"/>
</kw>
<kw name="List Should Contain Value" owner="Collections">
<arg>${list_country}</arg>
<arg>${name_country}</arg>
<doc>Fails if the ``value`` is not found from ``list``.</doc>
<status status="PASS" start="2024-06-29T07:15:12.489552" elapsed="0.000201"/>
</kw>
<kw name="Run Keyword If" owner="BuiltIn">
<kw name="Should Be True" owner="BuiltIn">
<arg>${True}</arg>
<doc>Fails if the given condition is not true.</doc>
<status status="PASS" start="2024-06-29T07:15:12.490711" elapsed="0.000145"/>
</kw>
<arg>${json_data["results"][0]["location"]["coordinates"]["latitude"]} &gt;= -90 and ${json_data["results"][0]["location"]["coordinates"]["latitude"]} &lt;= 90</arg>
<arg>Should Be True</arg>
<arg>${True}</arg>
<doc>Runs the given keyword with the given arguments, if ``condition`` is true.</doc>
<status status="PASS" start="2024-06-29T07:15:12.489945" elapsed="0.001037"/>
</kw>
<kw name="Run Keyword If" owner="BuiltIn">
<kw name="Should Be True" owner="BuiltIn">
<arg>${True}</arg>
<doc>Fails if the given condition is not true.</doc>
<status status="PASS" start="2024-06-29T07:15:12.491855" elapsed="0.000136"/>
</kw>
<arg>${json_data["results"][0]["location"]["coordinates"]["longitude"]} &gt;= -180 and ${json_data["results"][0]["location"]["coordinates"]["longitude"]} &lt;= 180</arg>
<arg>Should Be True</arg>
<arg>${True}</arg>
<doc>Runs the given keyword with the given arguments, if ``condition`` is true.</doc>
<status status="PASS" start="2024-06-29T07:15:12.491162" elapsed="0.000950"/>
</kw>
<status status="PASS" start="2024-06-29T07:15:12.394793" elapsed="0.097446"/>
</kw>
<doc>Testa o conteúdo específico dos campos retornados pela API.</doc>
<tag>testeConteudo</tag>
<status status="PASS" start="2024-06-29T07:15:12.394307" elapsed="0.098076"/>
</test>
<status status="PASS" start="2024-06-29T07:15:11.337160" elapsed="1.157160"/>
</suite>
<status status="PASS" start="2024-06-29T07:15:11.322821" elapsed="1.176643"/>
</suite>
<statistics>
<total>
<stat pass="5" fail="0" skip="0">All Tests</stat>
</total>
<tag>
<stat pass="1" fail="0" skip="0">testeConteudo</stat>
<stat pass="1" fail="0" skip="0">testeEstruturaResposta</stat>
<stat pass="1" fail="0" skip="0">testeRequisicaoBasica</stat>
<stat pass="1" fail="0" skip="0">testeTiposDados</stat>
</tag>
<suite>
<stat pass="5" fail="0" skip="0" id="s1" name="Tests">Tests</stat>
<stat pass="5" fail="0" skip="0" id="s1-s1" name="Random-User-Test">Tests.Random-User-Test</stat>
</suite>
</statistics>
<errors>
</errors>
</robot>
