<?xml version="1.0" encoding="UTF-8"?>
<robot generator="Robot 7.0.1 (Python 3.12.4 on linux)" generated="2024-06-25T23:14:28.384424" rpa="false" schemaversion="5">
<suite id="s1" name="Tests" source="/home/runner/work/ApiRandomUser/ApiRandomUser/RamdonUser/tests">
<suite id="s1-s1" name="Random-User-Test" source="/home/runner/work/ApiRandomUser/ApiRandomUser/RamdonUser/tests/random-user-test.robot">
<test id="s1-s1-t1" name="Conectar" line="13">
<kw name="Conectar API" owner="random-user-service">
<kw name="Create Session" owner="RequestsLibrary">
<msg time="2024-06-25T23:14:28.782948" level="INFO">Creating Session using : alias=consultarAPI, url=https://randomuser.me/, headers={},                     cookies={}, auth=None, timeout=None, proxies=None, verify=False,                     debug=0 </msg>
<arg>consultarAPI</arg>
<arg>${URL}</arg>
<doc>Create Session: create a HTTP session to a server</doc>
<status status="PASS" start="2024-06-25T23:14:28.782744" elapsed="0.000395"/>
</kw>
<status status="PASS" start="2024-06-25T23:14:28.781738" elapsed="0.001755"/>
</kw>
<status status="PASS" start="2024-06-25T23:14:28.781113" elapsed="0.002580"/>
</test>
<test id="s1-s1-t2" name="Validar retorno 200 e JSON Válido" line="16">
<kw name="Teste de Requisicao Basica" owner="random-user-service">
<kw name="GET On Session" owner="RequestsLibrary">
<msg time="2024-06-25T23:14:29.027579" level="INFO">GET Request : url=https://randomuser.me/api 
 path_url=/api 
 headers={'User-Agent': 'python-requests/2.32.3', 'Accept-Encoding': 'gzip, deflate', 'Accept': '*/*', 'Connection': 'keep-alive'} 
 body=None 
 </msg>
<msg time="2024-06-25T23:14:29.027754" level="INFO">GET Response : url=https://randomuser.me/api 
 status=200, reason=OK 
 headers={'Date': 'Tue, 25 Jun 2024 23:14:29 GMT', 'Content-Type': 'application/json; charset=utf-8', 'Transfer-Encoding': 'chunked', 'Connection': 'keep-alive', 'X-Powered-By': 'Express', 'Access-Control-Allow-Origin': '*', 'Cache-Control': 'no-cache', 'ETag': 'W/"49b-NnztHmVye4a6Xwj5qxXao7Nbsfc"', 'Vary': 'Accept-Encoding', 'Content-Encoding': 'gzip', 'CF-Cache-Status': 'DYNAMIC', 'Report-To': '{"endpoints":[{"url":"https:\\/\\/a.nel.cloudflare.com\\/report\\/v4?s=u1OmAMhU9ysCoELgFMzHzv9%2FcNHaJIqzo9NpjRTYFVUrvlqyYAY8uW8zrO4U6wKfDLbYLAZoz5ug40JUPkFCzn33PXojppJFqC8XOqSVXq59ZtQ%2FSOUjQPMfSMl8z%2BH%2F"}],"group":"cf-nel","max_age":604800}', 'NEL': '{"success_fraction":0,"report_to":"cf-nel","max_age":604800}', 'Server': 'cloudflare', 'CF-RAY': '8998a7732d4a07fc-IAD', 'alt-svc': 'h3=":443"; ma=86400'} 
 body={"results":[{"gender":"female","name":{"title":"Mrs","first":"Feodosiya","last":"Dvorzhicki"},"location":{"street":{"number":1231,"name":"Chornobilskiy provulok"},"city":"Kicman","state":"Hersonska","country":"Ukraine","postcode":48933,"coordinates":{"latitude":"73.4274","longitude":"9.8267"},"timezone":{"offset":"-1:00","description":"Azores, Cape Verde Islands"}},"email":"feodosiya.dvorzhicki@example.com","login":{"uuid":"f4961f6d-6f90-4e97-9b49-6497c213cd29","username":"organicgorilla353","password":"doris","salt":"7Ma3LEwS","md5":"031cb954fd3421b185328d9006ede458","sha1":"fea55e56955c7829938c436d54cde2042d781dc1","sha256":"53107482bd6bb62ac5a82f141b48a0d7feb4b9c9d589da537761953015af98a7"},"dob":{"date":"1978-04-08T10:02:35.422Z","age":46},"registered":{"date":"2011-07-03T12:59:49.069Z","age":12},"phone":"(067) C28-8158","cell":"(066) R56-0257","id":{"name":"","value":null},"picture":{"large":"https://randomuser.me/api/portraits/women/73.jpg","medium":"https://randomuser.me/api/portraits/med/women/73.jpg","thumbnail":"https://randomuser.me/api/portraits/thumb/women/73.jpg"},"nat":"UA"}],"info":{"seed":"d91753b92d302a4f","results":1,"page":1,"version":"1.4"}} 
 </msg>
<msg time="2024-06-25T23:14:29.027851" level="INFO">/opt/hostedtoolcache/Python/3.12.4/x64/lib/python3.12/site-packages/urllib3/connectionpool.py:1099: InsecureRequestWarning: Unverified HTTPS request is being made to host 'randomuser.me'. Adding certificate verification is strongly advised. See: https://urllib3.readthedocs.io/en/latest/advanced-usage.html#tls-warnings
  warnings.warn(</msg>
<msg time="2024-06-25T23:14:29.028055" level="INFO">${response} = &lt;Response [200]&gt;</msg>
<var>${response}</var>
<arg>consultarAPI</arg>
<arg>/api</arg>
<doc>Sends a GET request on a previously created HTTP Session.</doc>
<status status="PASS" start="2024-06-25T23:14:28.786368" elapsed="0.241724"/>
</kw>
<kw name="Should Be Equal As Numbers" owner="BuiltIn">
<msg time="2024-06-25T23:14:29.029078" level="INFO">Argument types are:
&lt;class 'int'&gt;
&lt;class 'str'&gt;</msg>
<arg>${response.status_code}</arg>
<arg>200</arg>
<doc>Fails if objects are unequal after converting them to real numbers.</doc>
<status status="PASS" start="2024-06-25T23:14:29.028630" elapsed="0.000514"/>
</kw>
<kw name="Log" owner="BuiltIn">
<msg time="2024-06-25T23:14:29.029817" level="INFO">200</msg>
<arg>${response.status_code}</arg>
<doc>Logs the given message with the given level.</doc>
<status status="PASS" start="2024-06-25T23:14:29.029466" elapsed="0.000395"/>
</kw>
<kw name="Set Variable" owner="BuiltIn">
<msg time="2024-06-25T23:14:29.030598" level="INFO">${json_data} = {'results': [{'gender': 'female', 'name': {'title': 'Mrs', 'first': 'Feodosiya', 'last': 'Dvorzhicki'}, 'location': {'street': {'number': 1231, 'name': 'Chornobilskiy provulok'}, 'city': 'Kicman', 'st...</msg>
<var>${json_data}</var>
<arg>${response.json()}</arg>
<doc>Returns the given values which can then be assigned to a variables.</doc>
<status status="PASS" start="2024-06-25T23:14:29.030162" elapsed="0.000466"/>
</kw>
<kw name="Dictionary Should Contain Key" owner="Collections">
<arg>${json_data}</arg>
<arg>results</arg>
<doc>Fails if ``key`` is not found from ``dictionary``.</doc>
<status status="PASS" start="2024-06-25T23:14:29.030979" elapsed="0.000166"/>
</kw>
<status status="PASS" start="2024-06-25T23:14:28.786123" elapsed="0.245174"/>
</kw>
<doc>Testa se a API responde corretamente e retorna um objeto JSON válido.</doc>
<tag>testeRequisicaoBasica</tag>
<status status="PASS" start="2024-06-25T23:14:28.785575" elapsed="0.245898"/>
</test>
<test id="s1-s1-t3" name="Validar estrutura de resposta" line="22">
<kw name="Teste de Estrutura de Resposta" owner="random-user-service">
<kw name="GET On Session" owner="RequestsLibrary">
<msg time="2024-06-25T23:14:29.112298" level="INFO">GET Request : url=https://randomuser.me/api 
 path_url=/api 
 headers={'User-Agent': 'python-requests/2.32.3', 'Accept-Encoding': 'gzip, deflate', 'Accept': '*/*', 'Connection': 'keep-alive'} 
 body=None 
 </msg>
<msg time="2024-06-25T23:14:29.112383" level="INFO">GET Response : url=https://randomuser.me/api 
 status=200, reason=OK 
 headers={'Date': 'Tue, 25 Jun 2024 23:14:29 GMT', 'Content-Type': 'application/json; charset=utf-8', 'Transfer-Encoding': 'chunked', 'Connection': 'keep-alive', 'X-Powered-By': 'Express', 'Access-Control-Allow-Origin': '*', 'Cache-Control': 'no-cache', 'ETag': 'W/"478-/wOQ9mG8D+KZsC1YrIugsqmolkM"', 'Vary': 'Accept-Encoding', 'Content-Encoding': 'gzip', 'CF-Cache-Status': 'DYNAMIC', 'Report-To': '{"endpoints":[{"url":"https:\\/\\/a.nel.cloudflare.com\\/report\\/v4?s=F5r0sPfMx2q1HvrcHsotcg3FSts4v6c81R0I5bPgdjkNBr0lwV1e0yYq2i%2BbFK3pJEQfzoImUfz8JDsrpSxfpKRwCpEFEm449PQJjBnLZ7BsBuQBSXrcMFtbZuvqqspV"}],"group":"cf-nel","max_age":604800}', 'NEL': '{"success_fraction":0,"report_to":"cf-nel","max_age":604800}', 'Server': 'cloudflare', 'CF-RAY': '8998a7737d9c07fc-IAD', 'alt-svc': 'h3=":443"; ma=86400'} 
 body={"results":[{"gender":"male","name":{"title":"Mr","first":"Isaac","last":"Jones"},"location":{"street":{"number":6774,"name":"Pine Hill Road"},"city":"Greymouth","state":"Waikato","country":"New Zealand","postcode":66285,"coordinates":{"latitude":"47.8645","longitude":"-59.4409"},"timezone":{"offset":"+2:00","description":"Kaliningrad, South Africa"}},"email":"isaac.jones@example.com","login":{"uuid":"758aa3da-2ead-4eb1-aae6-429ebba406d4","username":"whitekoala325","password":"neng","salt":"j4O36Th3","md5":"0a87b44ba98cda358999e3d9fd3166dd","sha1":"1f07c33929dfbf8025b44293dd94c6805f257dc6","sha256":"d5f0f3fcb0b7e597e8dc8073629e6a68a4af4d99a2441262e34acdf9d3624808"},"dob":{"date":"1952-12-02T16:27:14.893Z","age":71},"registered":{"date":"2014-10-03T08:46:00.317Z","age":9},"phone":"(766)-204-8359","cell":"(575)-169-4827","id":{"name":"","value":null},"picture":{"large":"https://randomuser.me/api/portraits/men/87.jpg","medium":"https://randomuser.me/api/portraits/med/men/87.jpg","thumbnail":"https://randomuser.me/api/portraits/thumb/men/87.jpg"},"nat":"NZ"}],"info":{"seed":"05229ff3914912e3","results":1,"page":1,"version":"1.4"}} 
 </msg>
<msg time="2024-06-25T23:14:29.112501" level="INFO">/opt/hostedtoolcache/Python/3.12.4/x64/lib/python3.12/site-packages/urllib3/connectionpool.py:1099: InsecureRequestWarning: Unverified HTTPS request is being made to host 'randomuser.me'. Adding certificate verification is strongly advised. See: https://urllib3.readthedocs.io/en/latest/advanced-usage.html#tls-warnings
  warnings.warn(</msg>
<msg time="2024-06-25T23:14:29.112630" level="INFO">${response} = &lt;Response [200]&gt;</msg>
<var>${response}</var>
<arg>consultarAPI</arg>
<arg>/api</arg>
<doc>Sends a GET request on a previously created HTTP Session.</doc>
<status status="PASS" start="2024-06-25T23:14:29.034178" elapsed="0.078496"/>
</kw>
<kw name="Set Variable" owner="BuiltIn">
<msg time="2024-06-25T23:14:29.113593" level="INFO">${json_data} = {'results': [{'gender': 'male', 'name': {'title': 'Mr', 'first': 'Isaac', 'last': 'Jones'}, 'location': {'street': {'number': 6774, 'name': 'Pine Hill Road'}, 'city': 'Greymouth', 'state': 'Waikato', ...</msg>
<var>${json_data}</var>
<arg>${response.json()}</arg>
<doc>Returns the given values which can then be assigned to a variables.</doc>
<status status="PASS" start="2024-06-25T23:14:29.113108" elapsed="0.000514"/>
</kw>
<kw name="Log" owner="BuiltIn">
<msg time="2024-06-25T23:14:29.114090" level="INFO">{'results': [{'gender': 'male', 'name': {'title': 'Mr', 'first': 'Isaac', 'last': 'Jones'}, 'location': {'street': {'number': 6774, 'name': 'Pine Hill Road'}, 'city': 'Greymouth', 'state': 'Waikato', 'country': 'New Zealand', 'postcode': 66285, 'coordinates': {'latitude': '47.8645', 'longitude': '-59.4409'}, 'timezone': {'offset': '+2:00', 'description': 'Kaliningrad, South Africa'}}, 'email': 'isaac.jones@example.com', 'login': {'uuid': '758aa3da-2ead-4eb1-aae6-429ebba406d4', 'username': 'whitekoala325', 'password': 'neng', 'salt': 'j4O36Th3', 'md5': '0a87b44ba98cda358999e3d9fd3166dd', 'sha1': '1f07c33929dfbf8025b44293dd94c6805f257dc6', 'sha256': 'd5f0f3fcb0b7e597e8dc8073629e6a68a4af4d99a2441262e34acdf9d3624808'}, 'dob': {'date': '1952-12-02T16:27:14.893Z', 'age': 71}, 'registered': {'date': '2014-10-03T08:46:00.317Z', 'age': 9}, 'phone': '(766)-204-8359', 'cell': '(575)-169-4827', 'id': {'name': '', 'value': None}, 'picture': {'large': 'https://randomuser.me/api/portraits/men/87.jpg', 'medium': 'https://randomuser.me/api/portraits/med/men/87.jpg', 'thumbnail': 'https://randomuser.me/api/portraits/thumb/men/87.jpg'}, 'nat': 'NZ'}], 'info': {'seed': '05229ff3914912e3', 'results': 1, 'page': 1, 'version': '1.4'}}</msg>
<arg>${json_data}</arg>
<doc>Logs the given message with the given level.</doc>
<status status="PASS" start="2024-06-25T23:14:29.113933" elapsed="0.000204"/>
</kw>
<kw name="Dictionary Should Contain Key" owner="Collections">
<arg>${json_data}</arg>
<arg>results</arg>
<doc>Fails if ``key`` is not found from ``dictionary``.</doc>
<status status="PASS" start="2024-06-25T23:14:29.114421" elapsed="0.000157"/>
</kw>
<kw name="Should Not Be Empty" owner="BuiltIn">
<msg time="2024-06-25T23:14:29.114952" level="INFO">Length is 2.</msg>
<arg>${json_data}</arg>
<doc>Verifies that the given item is not empty.</doc>
<status status="PASS" start="2024-06-25T23:14:29.114814" elapsed="0.000180"/>
</kw>
<kw name="Create List" owner="BuiltIn">
<msg time="2024-06-25T23:14:29.115582" level="INFO">${expected_keys} = ['gender', 'name', 'location', 'email', 'login']</msg>
<var>${expected_keys}</var>
<arg>gender</arg>
<arg>name</arg>
<arg>location</arg>
<arg>email</arg>
<arg>login</arg>
<doc>Returns a list containing given items.</doc>
<status status="PASS" start="2024-06-25T23:14:29.115289" elapsed="0.000318"/>
</kw>
<for flavor="IN">
<iter>
<kw name="Dictionary Should Contain Key" owner="Collections">
<arg>${json_data['results'][0]}</arg>
<arg>${key}</arg>
<doc>Fails if ``key`` is not found from ``dictionary``.</doc>
<status status="PASS" start="2024-06-25T23:14:29.116184" elapsed="0.000395"/>
</kw>
<kw name="Log" owner="BuiltIn">
<msg time="2024-06-25T23:14:29.117112" level="INFO">{'gender': 'male', 'name': {'title': 'Mr', 'first': 'Isaac', 'last': 'Jones'}, 'location': {'street': {'number': 6774, 'name': 'Pine Hill Road'}, 'city': 'Greymouth', 'state': 'Waikato', 'country': 'New Zealand', 'postcode': 66285, 'coordinates': {'latitude': '47.8645', 'longitude': '-59.4409'}, 'timezone': {'offset': '+2:00', 'description': 'Kaliningrad, South Africa'}}, 'email': 'isaac.jones@example.com', 'login': {'uuid': '758aa3da-2ead-4eb1-aae6-429ebba406d4', 'username': 'whitekoala325', 'password': 'neng', 'salt': 'j4O36Th3', 'md5': '0a87b44ba98cda358999e3d9fd3166dd', 'sha1': '1f07c33929dfbf8025b44293dd94c6805f257dc6', 'sha256': 'd5f0f3fcb0b7e597e8dc8073629e6a68a4af4d99a2441262e34acdf9d3624808'}, 'dob': {'date': '1952-12-02T16:27:14.893Z', 'age': 71}, 'registered': {'date': '2014-10-03T08:46:00.317Z', 'age': 9}, 'phone': '(766)-204-8359', 'cell': '(575)-169-4827', 'id': {'name': '', 'value': None}, 'picture': {'large': 'https://randomuser.me/api/portraits/men/87.jpg', 'medium': 'https://randomuser.me/api/portraits/med/men/87.jpg', 'thumbnail': 'https://randomuser.me/api/portraits/thumb/men/87.jpg'}, 'nat': 'NZ'}</msg>
<arg>${json_data['results'][0]}</arg>
<doc>Logs the given message with the given level.</doc>
<status status="PASS" start="2024-06-25T23:14:29.116762" elapsed="0.000398"/>
</kw>
<kw name="Log" owner="BuiltIn">
<msg time="2024-06-25T23:14:29.117576" level="INFO">gender</msg>
<arg>${key}</arg>
<doc>Logs the given message with the given level.</doc>
<status status="PASS" start="2024-06-25T23:14:29.117451" elapsed="0.000164"/>
</kw>
<var name="${key}">gender</var>
<status status="PASS" start="2024-06-25T23:14:29.116061" elapsed="0.001767"/>
</iter>
<iter>
<kw name="Dictionary Should Contain Key" owner="Collections">
<arg>${json_data['results'][0]}</arg>
<arg>${key}</arg>
<doc>Fails if ``key`` is not found from ``dictionary``.</doc>
<status status="PASS" start="2024-06-25T23:14:29.118116" elapsed="0.000395"/>
</kw>
<kw name="Log" owner="BuiltIn">
<msg time="2024-06-25T23:14:29.119081" level="INFO">{'gender': 'male', 'name': {'title': 'Mr', 'first': 'Isaac', 'last': 'Jones'}, 'location': {'street': {'number': 6774, 'name': 'Pine Hill Road'}, 'city': 'Greymouth', 'state': 'Waikato', 'country': 'New Zealand', 'postcode': 66285, 'coordinates': {'latitude': '47.8645', 'longitude': '-59.4409'}, 'timezone': {'offset': '+2:00', 'description': 'Kaliningrad, South Africa'}}, 'email': 'isaac.jones@example.com', 'login': {'uuid': '758aa3da-2ead-4eb1-aae6-429ebba406d4', 'username': 'whitekoala325', 'password': 'neng', 'salt': 'j4O36Th3', 'md5': '0a87b44ba98cda358999e3d9fd3166dd', 'sha1': '1f07c33929dfbf8025b44293dd94c6805f257dc6', 'sha256': 'd5f0f3fcb0b7e597e8dc8073629e6a68a4af4d99a2441262e34acdf9d3624808'}, 'dob': {'date': '1952-12-02T16:27:14.893Z', 'age': 71}, 'registered': {'date': '2014-10-03T08:46:00.317Z', 'age': 9}, 'phone': '(766)-204-8359', 'cell': '(575)-169-4827', 'id': {'name': '', 'value': None}, 'picture': {'large': 'https://randomuser.me/api/portraits/men/87.jpg', 'medium': 'https://randomuser.me/api/portraits/med/men/87.jpg', 'thumbnail': 'https://randomuser.me/api/portraits/thumb/men/87.jpg'}, 'nat': 'NZ'}</msg>
<arg>${json_data['results'][0]}</arg>
<doc>Logs the given message with the given level.</doc>
<status status="PASS" start="2024-06-25T23:14:29.118719" elapsed="0.000453"/>
</kw>
<kw name="Log" owner="BuiltIn">
<msg time="2024-06-25T23:14:29.119590" level="INFO">name</msg>
<arg>${key}</arg>
<doc>Logs the given message with the given level.</doc>
<status status="PASS" start="2024-06-25T23:14:29.119465" elapsed="0.000162"/>
</kw>
<var name="${key}">name</var>
<status status="PASS" start="2024-06-25T23:14:29.118007" elapsed="0.001832"/>
</iter>
<iter>
<kw name="Dictionary Should Contain Key" owner="Collections">
<arg>${json_data['results'][0]}</arg>
<arg>${key}</arg>
<doc>Fails if ``key`` is not found from ``dictionary``.</doc>
<status status="PASS" start="2024-06-25T23:14:29.120116" elapsed="0.000373"/>
</kw>
<kw name="Log" owner="BuiltIn">
<msg time="2024-06-25T23:14:29.121007" level="INFO">{'gender': 'male', 'name': {'title': 'Mr', 'first': 'Isaac', 'last': 'Jones'}, 'location': {'street': {'number': 6774, 'name': 'Pine Hill Road'}, 'city': 'Greymouth', 'state': 'Waikato', 'country': 'New Zealand', 'postcode': 66285, 'coordinates': {'latitude': '47.8645', 'longitude': '-59.4409'}, 'timezone': {'offset': '+2:00', 'description': 'Kaliningrad, South Africa'}}, 'email': 'isaac.jones@example.com', 'login': {'uuid': '758aa3da-2ead-4eb1-aae6-429ebba406d4', 'username': 'whitekoala325', 'password': 'neng', 'salt': 'j4O36Th3', 'md5': '0a87b44ba98cda358999e3d9fd3166dd', 'sha1': '1f07c33929dfbf8025b44293dd94c6805f257dc6', 'sha256': 'd5f0f3fcb0b7e597e8dc8073629e6a68a4af4d99a2441262e34acdf9d3624808'}, 'dob': {'date': '1952-12-02T16:27:14.893Z', 'age': 71}, 'registered': {'date': '2014-10-03T08:46:00.317Z', 'age': 9}, 'phone': '(766)-204-8359', 'cell': '(575)-169-4827', 'id': {'name': '', 'value': None}, 'picture': {'large': 'https://randomuser.me/api/portraits/men/87.jpg', 'medium': 'https://randomuser.me/api/portraits/med/men/87.jpg', 'thumbnail': 'https://randomuser.me/api/portraits/thumb/men/87.jpg'}, 'nat': 'NZ'}</msg>
<arg>${json_data['results'][0]}</arg>
<doc>Logs the given message with the given level.</doc>
<status status="PASS" start="2024-06-25T23:14:29.120666" elapsed="0.000398"/>
</kw>
<kw name="Log" owner="BuiltIn">
<msg time="2024-06-25T23:14:29.121479" level="INFO">location</msg>
<arg>${key}</arg>
<doc>Logs the given message with the given level.</doc>
<status status="PASS" start="2024-06-25T23:14:29.121353" elapsed="0.000163"/>
</kw>
<var name="${key}">location</var>
<status status="PASS" start="2024-06-25T23:14:29.120011" elapsed="0.001717"/>
</iter>
<iter>
<kw name="Dictionary Should Contain Key" owner="Collections">
<arg>${json_data['results'][0]}</arg>
<arg>${key}</arg>
<doc>Fails if ``key`` is not found from ``dictionary``.</doc>
<status status="PASS" start="2024-06-25T23:14:29.121998" elapsed="0.000387"/>
</kw>
<kw name="Log" owner="BuiltIn">
<msg time="2024-06-25T23:14:29.122932" level="INFO">{'gender': 'male', 'name': {'title': 'Mr', 'first': 'Isaac', 'last': 'Jones'}, 'location': {'street': {'number': 6774, 'name': 'Pine Hill Road'}, 'city': 'Greymouth', 'state': 'Waikato', 'country': 'New Zealand', 'postcode': 66285, 'coordinates': {'latitude': '47.8645', 'longitude': '-59.4409'}, 'timezone': {'offset': '+2:00', 'description': 'Kaliningrad, South Africa'}}, 'email': 'isaac.jones@example.com', 'login': {'uuid': '758aa3da-2ead-4eb1-aae6-429ebba406d4', 'username': 'whitekoala325', 'password': 'neng', 'salt': 'j4O36Th3', 'md5': '0a87b44ba98cda358999e3d9fd3166dd', 'sha1': '1f07c33929dfbf8025b44293dd94c6805f257dc6', 'sha256': 'd5f0f3fcb0b7e597e8dc8073629e6a68a4af4d99a2441262e34acdf9d3624808'}, 'dob': {'date': '1952-12-02T16:27:14.893Z', 'age': 71}, 'registered': {'date': '2014-10-03T08:46:00.317Z', 'age': 9}, 'phone': '(766)-204-8359', 'cell': '(575)-169-4827', 'id': {'name': '', 'value': None}, 'picture': {'large': 'https://randomuser.me/api/portraits/men/87.jpg', 'medium': 'https://randomuser.me/api/portraits/med/men/87.jpg', 'thumbnail': 'https://randomuser.me/api/portraits/thumb/men/87.jpg'}, 'nat': 'NZ'}</msg>
<arg>${json_data['results'][0]}</arg>
<doc>Logs the given message with the given level.</doc>
<status status="PASS" start="2024-06-25T23:14:29.122563" elapsed="0.000425"/>
</kw>
<kw name="Log" owner="BuiltIn">
<msg time="2024-06-25T23:14:29.123401" level="INFO">email</msg>
<arg>${key}</arg>
<doc>Logs the given message with the given level.</doc>
<status status="PASS" start="2024-06-25T23:14:29.123275" elapsed="0.000164"/>
</kw>
<var name="${key}">email</var>
<status status="PASS" start="2024-06-25T23:14:29.121894" elapsed="0.001758"/>
</iter>
<iter>
<kw name="Dictionary Should Contain Key" owner="Collections">
<arg>${json_data['results'][0]}</arg>
<arg>${key}</arg>
<doc>Fails if ``key`` is not found from ``dictionary``.</doc>
<status status="PASS" start="2024-06-25T23:14:29.123928" elapsed="0.000383"/>
</kw>
<kw name="Log" owner="BuiltIn">
<msg time="2024-06-25T23:14:29.124840" level="INFO">{'gender': 'male', 'name': {'title': 'Mr', 'first': 'Isaac', 'last': 'Jones'}, 'location': {'street': {'number': 6774, 'name': 'Pine Hill Road'}, 'city': 'Greymouth', 'state': 'Waikato', 'country': 'New Zealand', 'postcode': 66285, 'coordinates': {'latitude': '47.8645', 'longitude': '-59.4409'}, 'timezone': {'offset': '+2:00', 'description': 'Kaliningrad, South Africa'}}, 'email': 'isaac.jones@example.com', 'login': {'uuid': '758aa3da-2ead-4eb1-aae6-429ebba406d4', 'username': 'whitekoala325', 'password': 'neng', 'salt': 'j4O36Th3', 'md5': '0a87b44ba98cda358999e3d9fd3166dd', 'sha1': '1f07c33929dfbf8025b44293dd94c6805f257dc6', 'sha256': 'd5f0f3fcb0b7e597e8dc8073629e6a68a4af4d99a2441262e34acdf9d3624808'}, 'dob': {'date': '1952-12-02T16:27:14.893Z', 'age': 71}, 'registered': {'date': '2014-10-03T08:46:00.317Z', 'age': 9}, 'phone': '(766)-204-8359', 'cell': '(575)-169-4827', 'id': {'name': '', 'value': None}, 'picture': {'large': 'https://randomuser.me/api/portraits/men/87.jpg', 'medium': 'https://randomuser.me/api/portraits/med/men/87.jpg', 'thumbnail': 'https://randomuser.me/api/portraits/thumb/men/87.jpg'}, 'nat': 'NZ'}</msg>
<arg>${json_data['results'][0]}</arg>
<doc>Logs the given message with the given level.</doc>
<status status="PASS" start="2024-06-25T23:14:29.124488" elapsed="0.000400"/>
</kw>
<kw name="Log" owner="BuiltIn">
<msg time="2024-06-25T23:14:29.125301" level="INFO">login</msg>
<arg>${key}</arg>
<doc>Logs the given message with the given level.</doc>
<status status="PASS" start="2024-06-25T23:14:29.125172" elapsed="0.000167"/>
</kw>
<var name="${key}">login</var>
<status status="PASS" start="2024-06-25T23:14:29.123823" elapsed="0.001727"/>
</iter>
<var>${key}</var>
<value>@{expected_keys}</value>
<status status="PASS" start="2024-06-25T23:14:29.115868" elapsed="0.009799"/>
</for>
<kw name="Create List" owner="BuiltIn">
<msg time="2024-06-25T23:14:29.125983" level="INFO">${expected_keysTwo} = ['username', 'password']</msg>
<var>${expected_keysTwo}</var>
<arg>username</arg>
<arg>password</arg>
<doc>Returns a list containing given items.</doc>
<status status="PASS" start="2024-06-25T23:14:29.125851" elapsed="0.000156"/>
</kw>
<for flavor="IN">
<iter>
<kw name="Dictionary Should Contain Key" owner="Collections">
<arg>${json_data['results'][0]['login']}</arg>
<arg>${keyTwo}</arg>
<doc>Fails if ``key`` is not found from ``dictionary``.</doc>
<status status="PASS" start="2024-06-25T23:14:29.126529" elapsed="0.000403"/>
</kw>
<kw name="Dictionary Should Contain Key" owner="Collections">
<arg>${json_data['results'][0]['login']}</arg>
<arg>${keyTwo}</arg>
<doc>Fails if ``key`` is not found from ``dictionary``.</doc>
<status status="PASS" start="2024-06-25T23:14:29.127109" elapsed="0.000368"/>
</kw>
<kw name="Log" owner="BuiltIn">
<msg time="2024-06-25T23:14:29.127770" level="INFO">username</msg>
<arg>${keyTwo}</arg>
<doc>Logs the given message with the given level.</doc>
<status status="PASS" start="2024-06-25T23:14:29.127651" elapsed="0.000157"/>
</kw>
<var name="${keyTwo}">username</var>
<status status="PASS" start="2024-06-25T23:14:29.126425" elapsed="0.001605"/>
</iter>
<iter>
<kw name="Dictionary Should Contain Key" owner="Collections">
<arg>${json_data['results'][0]['login']}</arg>
<arg>${keyTwo}</arg>
<doc>Fails if ``key`` is not found from ``dictionary``.</doc>
<status status="PASS" start="2024-06-25T23:14:29.128304" elapsed="0.000380"/>
</kw>
<kw name="Dictionary Should Contain Key" owner="Collections">
<arg>${json_data['results'][0]['login']}</arg>
<arg>${keyTwo}</arg>
<doc>Fails if ``key`` is not found from ``dictionary``.</doc>
<status status="PASS" start="2024-06-25T23:14:29.128857" elapsed="0.000357"/>
</kw>
<kw name="Log" owner="BuiltIn">
<msg time="2024-06-25T23:14:29.129503" level="INFO">password</msg>
<arg>${keyTwo}</arg>
<doc>Logs the given message with the given level.</doc>
<status status="PASS" start="2024-06-25T23:14:29.129386" elapsed="0.000153"/>
</kw>
<var name="${keyTwo}">password</var>
<status status="PASS" start="2024-06-25T23:14:29.128196" elapsed="0.001645"/>
</iter>
<var>${keyTwo}</var>
<value>@{expected_keysTwo}</value>
<status status="PASS" start="2024-06-25T23:14:29.126261" elapsed="0.003698"/>
</for>
<status status="PASS" start="2024-06-25T23:14:29.033915" elapsed="0.096214"/>
</kw>
<doc>Testa a estrutura da resposta da API.</doc>
<tag>testeEstruturaResposta</tag>
<status status="PASS" start="2024-06-25T23:14:29.033302" elapsed="0.096979"/>
</test>
<test id="s1-s1-t4" name="Validar tipos de dados" line="28">
<kw name="Teste de Tipos de Dados" owner="random-user-service">
<kw name="GET On Session" owner="RequestsLibrary">
<msg time="2024-06-25T23:14:29.220179" level="INFO">GET Request : url=https://randomuser.me/api 
 path_url=/api 
 headers={'User-Agent': 'python-requests/2.32.3', 'Accept-Encoding': 'gzip, deflate', 'Accept': '*/*', 'Connection': 'keep-alive'} 
 body=None 
 </msg>
<msg time="2024-06-25T23:14:29.220263" level="INFO">GET Response : url=https://randomuser.me/api 
 status=200, reason=OK 
 headers={'Date': 'Tue, 25 Jun 2024 23:14:29 GMT', 'Content-Type': 'application/json; charset=utf-8', 'Transfer-Encoding': 'chunked', 'Connection': 'keep-alive', 'X-Powered-By': 'Express', 'Access-Control-Allow-Origin': '*', 'Cache-Control': 'no-cache', 'ETag': 'W/"4af-6D6tAHtlpxbjS9qa3hom4qW9YXI"', 'Vary': 'Accept-Encoding', 'Content-Encoding': 'gzip', 'CF-Cache-Status': 'DYNAMIC', 'Report-To': '{"endpoints":[{"url":"https:\\/\\/a.nel.cloudflare.com\\/report\\/v4?s=jpNVAGL%2FMvr0MJ7YnW7QxbEGvbcEXtTksNcUJSvP%2BLR2zd9DQamj6qVWbtH%2B1ElBV47h6iEQW2m%2F9d01kpkAJS07YpD1XVY7PPL6UuAsBImgX%2B17af8QzuPjGiqmfwGA"}],"group":"cf-nel","max_age":604800}', 'NEL': '{"success_fraction":0,"report_to":"cf-nel","max_age":604800}', 'Server': 'cloudflare', 'CF-RAY': '8998a7741e3807fc-IAD', 'alt-svc': 'h3=":443"; ma=86400'} 
 body={"results":[{"gender":"female","name":{"title":"Mrs","first":"Kelly","last":"Kelley"},"location":{"street":{"number":9790,"name":"Main Road"},"city":"Stoke-on-Trent","state":"Staffordshire","country":"United Kingdom","postcode":"OI86 2EZ","coordinates":{"latitude":"-11.0719","longitude":"155.6904"},"timezone":{"offset":"-5:00","description":"Eastern Time (US &amp; Canada), Bogota, Lima"}},"email":"kelly.kelley@example.com","login":{"uuid":"8794f5dd-8edc-4f7e-81c9-92e306ac0839","username":"purplemeercat225","password":"shawna","salt":"4YU8D5Ge","md5":"28a9c2d7b65a3e61eefc0307a8a1c36c","sha1":"8543182bfa390d909e980e30666acc009e602203","sha256":"3cf6d99d356e1564dcdbd0d494e3cf95775cb0e1b501e5c8993d3ee044387648"},"dob":{"date":"1995-01-02T07:04:52.067Z","age":29},"registered":{"date":"2007-02-26T18:54:37.089Z","age":17},"phone":"01711 533588","cell":"07893 437241","id":{"name":"NINO","value":"KN 89 52 99 C"},"picture":{"large":"https://randomuser.me/api/portraits/women/3.jpg","medium":"https://randomuser.me/api/portraits/med/women/3.jpg","thumbnail":"https://randomuser.me/api/portraits/thumb/women/3.jpg"},"nat":"GB"}],"info":{"seed":"d958b033e15822df","results":1,"page":1,"version":"1.4"}} 
 </msg>
<msg time="2024-06-25T23:14:29.220338" level="INFO">/opt/hostedtoolcache/Python/3.12.4/x64/lib/python3.12/site-packages/urllib3/connectionpool.py:1099: InsecureRequestWarning: Unverified HTTPS request is being made to host 'randomuser.me'. Adding certificate verification is strongly advised. See: https://urllib3.readthedocs.io/en/latest/advanced-usage.html#tls-warnings
  warnings.warn(</msg>
<msg time="2024-06-25T23:14:29.220467" level="INFO">${response} = &lt;Response [200]&gt;</msg>
<var>${response}</var>
<arg>consultarAPI</arg>
<arg>/api</arg>
<doc>Sends a GET request on a previously created HTTP Session.</doc>
<status status="PASS" start="2024-06-25T23:14:29.132715" elapsed="0.087793"/>
</kw>
<kw name="Set Variable" owner="BuiltIn">
<msg time="2024-06-25T23:14:29.221321" level="INFO">${json_data} = {'results': [{'gender': 'female', 'name': {'title': 'Mrs', 'first': 'Kelly', 'last': 'Kelley'}, 'location': {'street': {'number': 9790, 'name': 'Main Road'}, 'city': 'Stoke-on-Trent', 'state': 'Staffo...</msg>
<var>${json_data}</var>
<arg>${response.json()}</arg>
<doc>Returns the given values which can then be assigned to a variables.</doc>
<status status="PASS" start="2024-06-25T23:14:29.220880" elapsed="0.000469"/>
</kw>
<kw name="Log" owner="BuiltIn">
<msg time="2024-06-25T23:14:29.221792" level="INFO">{'results': [{'gender': 'female', 'name': {'title': 'Mrs', 'first': 'Kelly', 'last': 'Kelley'}, 'location': {'street': {'number': 9790, 'name': 'Main Road'}, 'city': 'Stoke-on-Trent', 'state': 'Staffordshire', 'country': 'United Kingdom', 'postcode': 'OI86 2EZ', 'coordinates': {'latitude': '-11.0719', 'longitude': '155.6904'}, 'timezone': {'offset': '-5:00', 'description': 'Eastern Time (US &amp; Canada), Bogota, Lima'}}, 'email': 'kelly.kelley@example.com', 'login': {'uuid': '8794f5dd-8edc-4f7e-81c9-92e306ac0839', 'username': 'purplemeercat225', 'password': 'shawna', 'salt': '4YU8D5Ge', 'md5': '28a9c2d7b65a3e61eefc0307a8a1c36c', 'sha1': '8543182bfa390d909e980e30666acc009e602203', 'sha256': '3cf6d99d356e1564dcdbd0d494e3cf95775cb0e1b501e5c8993d3ee044387648'}, 'dob': {'date': '1995-01-02T07:04:52.067Z', 'age': 29}, 'registered': {'date': '2007-02-26T18:54:37.089Z', 'age': 17}, 'phone': '01711 533588', 'cell': '07893 437241', 'id': {'name': 'NINO', 'value': 'KN 89 52 99 C'}, 'picture': {'large': 'https://randomuser.me/api/portraits/women/3.jpg', 'medium': 'https://randomuser.me/api/portraits/med/women/3.jpg', 'thumbnail': 'https://randomuser.me/api/portraits/thumb/women/3.jpg'}, 'nat': 'GB'}], 'info': {'seed': 'd958b033e15822df', 'results': 1, 'page': 1, 'version': '1.4'}}</msg>
<arg>${json_data}</arg>
<doc>Logs the given message with the given level.</doc>
<status status="PASS" start="2024-06-25T23:14:29.221644" elapsed="0.000197"/>
</kw>
<kw name="Should Be String" owner="String">
<arg>${json_data['results'][0]['gender']}</arg>
<doc>Fails if the given ``item`` is not a string.</doc>
<status status="PASS" start="2024-06-25T23:14:29.222128" elapsed="0.000368"/>
</kw>
<kw name="Should Match Regexp" owner="BuiltIn">
<arg>${json_data['results'][0]['email']}</arg>
<arg>^[a-zA-Z0-9._%+-]+@[a-zA-Z0-9.-]+\.[a-zA-Z]{2,}$</arg>
<doc>Fails if ``string`` does not match ``pattern`` as a regular expression.</doc>
<status status="PASS" start="2024-06-25T23:14:29.222724" elapsed="0.000521"/>
</kw>
<kw name="Should Match Regexp" owner="BuiltIn">
<arg>${json_data['results'][0]['dob']['date']}</arg>
<arg>\\d{4}-\\d{2}-\\d{2}T\\d{2}:\\d{2}:\\d{2}\\.\\d{3}Z</arg>
<doc>Fails if ``string`` does not match ``pattern`` as a regular expression.</doc>
<status status="PASS" start="2024-06-25T23:14:29.223475" elapsed="0.000488"/>
</kw>
<kw name="Should Match Regexp" owner="BuiltIn">
<arg>${json_data['results'][0]['registered']['date']}</arg>
<arg>\\d{4}-\\d{2}-\\d{2}T\\d{2}:\\d{2}:\\d{2}\\.\\d{3}Z</arg>
<doc>Fails if ``string`` does not match ``pattern`` as a regular expression.</doc>
<status status="PASS" start="2024-06-25T23:14:29.224152" elapsed="0.000365"/>
</kw>
<kw name="Should Match Regexp" owner="BuiltIn">
<arg>${json_data['results'][0]['picture']['large']}</arg>
<arg>^https?://.*\.(?:png|jpe?g|gif|bmp)$</arg>
<doc>Fails if ``string`` does not match ``pattern`` as a regular expression.</doc>
<status status="PASS" start="2024-06-25T23:14:29.224699" elapsed="0.000467"/>
</kw>
<kw name="Should Match Regexp" owner="BuiltIn">
<arg>${json_data['results'][0]['picture']['medium']}</arg>
<arg>^https?://.*\.(?:png|jpe?g|gif|bmp)$</arg>
<doc>Fails if ``string`` does not match ``pattern`` as a regular expression.</doc>
<status status="PASS" start="2024-06-25T23:14:29.225352" elapsed="0.000347"/>
</kw>
<kw name="Should Match Regexp" owner="BuiltIn">
<arg>${json_data['results'][0]['picture']['thumbnail']}</arg>
<arg>^https?://.*\.(?:png|jpe?g|gif|bmp)$</arg>
<doc>Fails if ``string`` does not match ``pattern`` as a regular expression.</doc>
<status status="PASS" start="2024-06-25T23:14:29.225879" elapsed="0.000341"/>
</kw>
<kw name="Log" owner="BuiltIn">
<msg time="2024-06-25T23:14:29.226755" level="INFO">{'large': 'https://randomuser.me/api/portraits/women/3.jpg', 'medium': 'https://randomuser.me/api/portraits/med/women/3.jpg', 'thumbnail': 'https://randomuser.me/api/portraits/thumb/women/3.jpg'}</msg>
<arg>${json_data['results'][0]['picture']}</arg>
<doc>Logs the given message with the given level.</doc>
<status status="PASS" start="2024-06-25T23:14:29.226399" elapsed="0.000400"/>
</kw>
<status status="PASS" start="2024-06-25T23:14:29.132496" elapsed="0.094552"/>
</kw>
<kw name="Teste de Tipos de Dados - Postcode" owner="random-user-service">
<kw name="GET On Session" owner="RequestsLibrary">
<msg time="2024-06-25T23:14:29.323457" level="INFO">GET Request : url=https://randomuser.me/api 
 path_url=/api 
 headers={'User-Agent': 'python-requests/2.32.3', 'Accept-Encoding': 'gzip, deflate', 'Accept': '*/*', 'Connection': 'keep-alive'} 
 body=None 
 </msg>
<msg time="2024-06-25T23:14:29.323550" level="INFO">GET Response : url=https://randomuser.me/api 
 status=200, reason=OK 
 headers={'Date': 'Tue, 25 Jun 2024 23:14:29 GMT', 'Content-Type': 'application/json; charset=utf-8', 'Transfer-Encoding': 'chunked', 'Connection': 'keep-alive', 'X-Powered-By': 'Express', 'Access-Control-Allow-Origin': '*', 'Cache-Control': 'no-cache', 'ETag': 'W/"4ab-YlfN+XF4mdfwU6GA/7cRaM+2c1Y"', 'Vary': 'Accept-Encoding', 'Content-Encoding': 'gzip', 'CF-Cache-Status': 'DYNAMIC', 'Report-To': '{"endpoints":[{"url":"https:\\/\\/a.nel.cloudflare.com\\/report\\/v4?s=Xbx0KLYTqODInKvi5qU8P1xmhAuM9lQMx6U20WJSZQxfQgnSKb6738ikntjFW%2FTEZKp%2Bf2tZ1SKkZ2MLthZocg01Va5nUnvA4tApqicaOLKmk6mUTlfPID7dPQjWnnwQ"}],"group":"cf-nel","max_age":604800}', 'NEL': '{"success_fraction":0,"report_to":"cf-nel","max_age":604800}', 'Server': 'cloudflare', 'CF-RAY': '8998a774becb07fc-IAD', 'alt-svc': 'h3=":443"; ma=86400'} 
 body={"results":[{"gender":"female","name":{"title":"Miss","first":"Soledad","last":"Molina"},"location":{"street":{"number":1459,"name":"Calle de Ferraz"},"city":"Málaga","state":"Comunidad Valenciana","country":"Spain","postcode":30395,"coordinates":{"latitude":"-30.2211","longitude":"11.9768"},"timezone":{"offset":"0:00","description":"Western Europe Time, London, Lisbon, Casablanca"}},"email":"soledad.molina@example.com","login":{"uuid":"e9272789-33f2-4e48-bdb2-eed9bf6ce69f","username":"blacktiger943","password":"raiders","salt":"n8i6sGm3","md5":"34e3941bbb3e1a7d0e8ff5a489d81ec2","sha1":"1cf95471c4976f71aa90bb62ff7fb23d29576c0b","sha256":"c54b15df6586a531a0ae849cdbc140f10a1192ee00bba8b8489e1c0a03399147"},"dob":{"date":"1991-11-25T02:11:38.948Z","age":32},"registered":{"date":"2014-08-30T06:00:37.085Z","age":9},"phone":"994-894-595","cell":"654-922-017","id":{"name":"DNI","value":"54836924-U"},"picture":{"large":"https://randomuser.me/api/portraits/women/71.jpg","medium":"https://randomuser.me/api/portraits/med/women/71.jpg","thumbnail":"https://randomuser.me/api/portraits/thumb/women/71.jpg"},"nat":"ES"}],"info":{"seed":"0e1d3cbea089c9d9","results":1,"page":1,"version":"1.4"}} 
 </msg>
<msg time="2024-06-25T23:14:29.323627" level="INFO">/opt/hostedtoolcache/Python/3.12.4/x64/lib/python3.12/site-packages/urllib3/connectionpool.py:1099: InsecureRequestWarning: Unverified HTTPS request is being made to host 'randomuser.me'. Adding certificate verification is strongly advised. See: https://urllib3.readthedocs.io/en/latest/advanced-usage.html#tls-warnings
  warnings.warn(</msg>
<msg time="2024-06-25T23:14:29.323727" level="INFO">${response} = &lt;Response [200]&gt;</msg>
<var>${response}</var>
<arg>consultarAPI</arg>
<arg>/api</arg>
<doc>Sends a GET request on a previously created HTTP Session.</doc>
<status status="PASS" start="2024-06-25T23:14:29.227483" elapsed="0.096284"/>
</kw>
<kw name="Set Variable" owner="BuiltIn">
<msg time="2024-06-25T23:14:29.324823" level="INFO">${json_data} = {'results': [{'gender': 'female', 'name': {'title': 'Miss', 'first': 'Soledad', 'last': 'Molina'}, 'location': {'street': {'number': 1459, 'name': 'Calle de Ferraz'}, 'city': 'Málaga', 'state': 'Comun...</msg>
<var>${json_data}</var>
<arg>${response.json()}</arg>
<doc>Returns the given values which can then be assigned to a variables.</doc>
<status status="PASS" start="2024-06-25T23:14:29.324266" elapsed="0.000587"/>
</kw>
<kw name="Log" owner="BuiltIn">
<msg time="2024-06-25T23:14:29.325326" level="INFO">{'results': [{'gender': 'female', 'name': {'title': 'Miss', 'first': 'Soledad', 'last': 'Molina'}, 'location': {'street': {'number': 1459, 'name': 'Calle de Ferraz'}, 'city': 'Málaga', 'state': 'Comunidad Valenciana', 'country': 'Spain', 'postcode': 30395, 'coordinates': {'latitude': '-30.2211', 'longitude': '11.9768'}, 'timezone': {'offset': '0:00', 'description': 'Western Europe Time, London, Lisbon, Casablanca'}}, 'email': 'soledad.molina@example.com', 'login': {'uuid': 'e9272789-33f2-4e48-bdb2-eed9bf6ce69f', 'username': 'blacktiger943', 'password': 'raiders', 'salt': 'n8i6sGm3', 'md5': '34e3941bbb3e1a7d0e8ff5a489d81ec2', 'sha1': '1cf95471c4976f71aa90bb62ff7fb23d29576c0b', 'sha256': 'c54b15df6586a531a0ae849cdbc140f10a1192ee00bba8b8489e1c0a03399147'}, 'dob': {'date': '1991-11-25T02:11:38.948Z', 'age': 32}, 'registered': {'date': '2014-08-30T06:00:37.085Z', 'age': 9}, 'phone': '994-894-595', 'cell': '654-922-017', 'id': {'name': 'DNI', 'value': '54836924-U'}, 'picture': {'large': 'https://randomuser.me/api/portraits/women/71.jpg', 'medium': 'https://randomuser.me/api/portraits/med/women/71.jpg', 'thumbnail': 'https://randomuser.me/api/portraits/thumb/women/71.jpg'}, 'nat': 'ES'}], 'info': {'seed': '0e1d3cbea089c9d9', 'results': 1, 'page': 1, 'version': '1.4'}}</msg>
<arg>${json_data}</arg>
<doc>Logs the given message with the given level.</doc>
<status status="PASS" start="2024-06-25T23:14:29.325158" elapsed="0.000218"/>
</kw>
<kw name="Should Be Equal As Numbers" owner="BuiltIn">
<arg>${json_data['results'][0]['location']['postcode']}</arg>
<arg>${json_data['results'][0]['location']['postcode']}</arg>
<doc>Fails if objects are unequal after converting them to real numbers.</doc>
<status status="PASS" start="2024-06-25T23:14:29.325666" elapsed="0.000620"/>
</kw>
<kw name="Log" owner="BuiltIn">
<msg time="2024-06-25T23:14:29.327000" level="INFO">30395</msg>
<arg>${json_data['results'][0]['location']['postcode']}</arg>
<doc>Logs the given message with the given level.</doc>
<status status="PASS" start="2024-06-25T23:14:29.326469" elapsed="0.000573"/>
</kw>
<status status="PASS" start="2024-06-25T23:14:29.227262" elapsed="0.100060"/>
</kw>
<doc>Testa se os tipos de dados na resposta da API estão corretos.</doc>
<tag>testeTiposDados</tag>
<status status="PASS" start="2024-06-25T23:14:29.132051" elapsed="0.195435"/>
</test>
<test id="s1-s1-t5" name="Validar conteudo" line="35">
<kw name="Teste de Tipos de Conteudo" owner="random-user-service">
<kw name="GET On Session" owner="RequestsLibrary">
<msg time="2024-06-25T23:14:29.422418" level="INFO">GET Request : url=https://randomuser.me/api 
 path_url=/api 
 headers={'User-Agent': 'python-requests/2.32.3', 'Accept-Encoding': 'gzip, deflate', 'Accept': '*/*', 'Connection': 'keep-alive'} 
 body=None 
 </msg>
<msg time="2024-06-25T23:14:29.422521" level="INFO">GET Response : url=https://randomuser.me/api 
 status=200, reason=OK 
 headers={'Date': 'Tue, 25 Jun 2024 23:14:29 GMT', 'Content-Type': 'application/json; charset=utf-8', 'Transfer-Encoding': 'chunked', 'Connection': 'keep-alive', 'X-Powered-By': 'Express', 'Access-Control-Allow-Origin': '*', 'Cache-Control': 'no-cache', 'ETag': 'W/"476-RRbzH33gB1L5rnyp1z7vCQ/gN3w"', 'Vary': 'Accept-Encoding', 'Content-Encoding': 'gzip', 'CF-Cache-Status': 'DYNAMIC', 'Report-To': '{"endpoints":[{"url":"https:\\/\\/a.nel.cloudflare.com\\/report\\/v4?s=iRoqVPMUQrHcIV7e%2FiAv2kJiPFi%2FFn7v1AMhQeZx0O6%2BO1xW3P8gA7AYi5psHYvbNU4OK%2FzkfwHA0d8E0pKncitNX3jxcjkBDyRHzTieiwAtqE6%2B%2Fwo4dyR3dE8UtCL0"}],"group":"cf-nel","max_age":604800}', 'NEL': '{"success_fraction":0,"report_to":"cf-nel","max_age":604800}', 'Server': 'cloudflare', 'CF-RAY': '8998a7755f7507fc-IAD', 'alt-svc': 'h3=":443"; ma=86400'} 
 body={"results":[{"gender":"female","name":{"title":"Ms","first":"Amelia","last":"Edwards"},"location":{"street":{"number":354,"name":"Novara Avenue"},"city":"Edenderry","state":"Limerick","country":"Ireland","postcode":12176,"coordinates":{"latitude":"-1.6651","longitude":"155.9676"},"timezone":{"offset":"-9:00","description":"Alaska"}},"email":"amelia.edwards@example.com","login":{"uuid":"13e10868-0058-4bf6-8a07-630ab3c60ec9","username":"lazygoose311","password":"12341234","salt":"btFS8zcP","md5":"343ac008ad3cf819e46feddc49475fba","sha1":"a8b7176c6ad2916c6b3b5896c1daa41c229d4e13","sha256":"ba5490b03815c0983f731fff49801d0108696e1ed5deeb4d7bacf279f3479640"},"dob":{"date":"1947-12-03T12:28:11.075Z","age":76},"registered":{"date":"2014-12-21T15:29:03.276Z","age":9},"phone":"021-730-8764","cell":"081-779-6589","id":{"name":"PPS","value":"2737226T"},"picture":{"large":"https://randomuser.me/api/portraits/women/70.jpg","medium":"https://randomuser.me/api/portraits/med/women/70.jpg","thumbnail":"https://randomuser.me/api/portraits/thumb/women/70.jpg"},"nat":"IE"}],"info":{"seed":"707c7f1697c48490","results":1,"page":1,"version":"1.4"}} 
 </msg>
<msg time="2024-06-25T23:14:29.422604" level="INFO">/opt/hostedtoolcache/Python/3.12.4/x64/lib/python3.12/site-packages/urllib3/connectionpool.py:1099: InsecureRequestWarning: Unverified HTTPS request is being made to host 'randomuser.me'. Adding certificate verification is strongly advised. See: https://urllib3.readthedocs.io/en/latest/advanced-usage.html#tls-warnings
  warnings.warn(</msg>
<msg time="2024-06-25T23:14:29.422784" level="INFO">${response} = &lt;Response [200]&gt;</msg>
<var>${response}</var>
<arg>consultarAPI</arg>
<arg>/api</arg>
<doc>Sends a GET request on a previously created HTTP Session.</doc>
<status status="PASS" start="2024-06-25T23:14:29.329970" elapsed="0.092856"/>
</kw>
<kw name="Set Variable" owner="BuiltIn">
<msg time="2024-06-25T23:14:29.423968" level="INFO">${json_data} = {'results': [{'gender': 'female', 'name': {'title': 'Ms', 'first': 'Amelia', 'last': 'Edwards'}, 'location': {'street': {'number': 354, 'name': 'Novara Avenue'}, 'city': 'Edenderry', 'state': 'Limeric...</msg>
<var>${json_data}</var>
<arg>${response.json()}</arg>
<doc>Returns the given values which can then be assigned to a variables.</doc>
<status status="PASS" start="2024-06-25T23:14:29.423398" elapsed="0.000599"/>
</kw>
<kw name="Set Variable" owner="BuiltIn">
<msg time="2024-06-25T23:14:29.424683" level="INFO">${name_title} = Ms</msg>
<var>${name_title}</var>
<arg>${json_data["results"][0]["name"]["title"]}</arg>
<doc>Returns the given values which can then be assigned to a variables.</doc>
<status status="PASS" start="2024-06-25T23:14:29.424305" elapsed="0.000403"/>
</kw>
<kw name="Create List" owner="BuiltIn">
<msg time="2024-06-25T23:14:29.425145" level="INFO">${allowed_titles} = ['Mr', 'Ms', 'Miss', 'Mrs', 'Madame', 'Monsieur']</msg>
<var>${allowed_titles}</var>
<arg>Mr</arg>
<arg>Ms</arg>
<arg>Miss</arg>
<arg>Mrs</arg>
<arg>Madame</arg>
<arg>Monsieur</arg>
<doc>Returns a list containing given items.</doc>
<status status="PASS" start="2024-06-25T23:14:29.424999" elapsed="0.000170"/>
</kw>
<kw name="List Should Contain Value" owner="Collections">
<arg>${allowed_titles}</arg>
<arg>${name_title}</arg>
<doc>Fails if the ``value`` is not found from ``list``.</doc>
<status status="PASS" start="2024-06-25T23:14:29.425460" elapsed="0.000185"/>
</kw>
<kw name="Set Variable" owner="BuiltIn">
<msg time="2024-06-25T23:14:29.426192" level="INFO">${name_country} = IE</msg>
<var>${name_country}</var>
<arg>${json_data["results"][0]["nat"]}</arg>
<doc>Returns the given values which can then be assigned to a variables.</doc>
<status status="PASS" start="2024-06-25T23:14:29.425823" elapsed="0.000394"/>
</kw>
<kw name="Create List" owner="BuiltIn">
<msg time="2024-06-25T23:14:29.427139" level="INFO">${list_country} = ['AD', 'AE', 'AF', 'AG', 'AI', 'AL', 'AM', 'AO', 'AQ', 'AR', 'AS', 'AT', 'AU', 'AW', 'AX', 'AZ', 'BA', 'BB', 'BD', 'BE', 'BF', 'BG', 'BH', 'BI', 'BJ', 'BL', 'BM', 'BN', 'BO', 'BQ', 'BR', 'BS', 'BT', '...</msg>
<var>${list_country}</var>
<arg>AD</arg>
<arg>AE</arg>
<arg>AF</arg>
<arg>AG</arg>
<arg>AI</arg>
<arg>AL</arg>
<arg>AM</arg>
<arg>AO</arg>
<arg>AQ</arg>
<arg>AR</arg>
<arg>AS</arg>
<arg>AT</arg>
<arg>AU</arg>
<arg>AW</arg>
<arg>AX</arg>
<arg>AZ</arg>
<arg>BA</arg>
<arg>BB</arg>
<arg>BD</arg>
<arg>BE</arg>
<arg>BF</arg>
<arg>BG</arg>
<arg>BH</arg>
<arg>BI</arg>
<arg>BJ</arg>
<arg>BL</arg>
<arg>BM</arg>
<arg>BN</arg>
<arg>BO</arg>
<arg>BQ</arg>
<arg>BR</arg>
<arg>BS</arg>
<arg>BT</arg>
<arg>BV</arg>
<arg>BW</arg>
<arg>BY</arg>
<arg>BZ</arg>
<arg>CA</arg>
<arg>CC</arg>
<arg>CD</arg>
<arg>CF</arg>
<arg>CG</arg>
<arg>CH</arg>
<arg>CI</arg>
<arg>CK</arg>
<arg>CL</arg>
<arg>CM</arg>
<arg>CN</arg>
<arg>CO</arg>
<arg>CR</arg>
<arg>CU</arg>
<arg>CV</arg>
<arg>CW</arg>
<arg>CX</arg>
<arg>CY</arg>
<arg>CZ</arg>
<arg>DE</arg>
<arg>DJ</arg>
<arg>DK</arg>
<arg>DM</arg>
<arg>DO</arg>
<arg>DZ</arg>
<arg>EC</arg>
<arg>EE</arg>
<arg>EG</arg>
<arg>EH</arg>
<arg>ER</arg>
<arg>ES</arg>
<arg>ET</arg>
<arg>FI</arg>
<arg>FJ</arg>
<arg>FK</arg>
<arg>FM</arg>
<arg>FO</arg>
<arg>FR</arg>
<arg>GA</arg>
<arg>GB</arg>
<arg>GD</arg>
<arg>GE</arg>
<arg>GF</arg>
<arg>GG</arg>
<arg>GH</arg>
<arg>GI</arg>
<arg>GL</arg>
<arg>GM</arg>
<arg>GN</arg>
<arg>GP</arg>
<arg>GQ</arg>
<arg>GR</arg>
<arg>GS</arg>
<arg>GT</arg>
<arg>GU</arg>
<arg>GW</arg>
<arg>GY</arg>
<arg>HK</arg>
<arg>HM</arg>
<arg>HN</arg>
<arg>HR</arg>
<arg>HT</arg>
<arg>HU</arg>
<arg>ID</arg>
<arg>IE</arg>
<arg>IL</arg>
<arg>IM</arg>
<arg>IN</arg>
<arg>IO</arg>
<arg>IQ</arg>
<arg>IR</arg>
<arg>IS</arg>
<arg>IT</arg>
<arg>JE</arg>
<arg>JM</arg>
<arg>JO</arg>
<arg>JP</arg>
<arg>KE</arg>
<arg>KG</arg>
<arg>KH</arg>
<arg>KI</arg>
<arg>KM</arg>
<arg>KN</arg>
<arg>KP</arg>
<arg>KR</arg>
<arg>KW</arg>
<arg>KY</arg>
<arg>KZ</arg>
<arg>LA</arg>
<arg>LB</arg>
<arg>LC</arg>
<arg>LI</arg>
<arg>LK</arg>
<arg>LR</arg>
<arg>LS</arg>
<arg>LT</arg>
<arg>LU</arg>
<arg>LV</arg>
<arg>LY</arg>
<arg>MA</arg>
<arg>MC</arg>
<arg>MD</arg>
<arg>ME</arg>
<arg>MF</arg>
<arg>MG</arg>
<arg>MH</arg>
<arg>MK</arg>
<arg>ML</arg>
<arg>MM</arg>
<arg>MN</arg>
<arg>MO</arg>
<arg>MP</arg>
<arg>MQ</arg>
<arg>MR</arg>
<arg>MS</arg>
<arg>MT</arg>
<arg>MU</arg>
<arg>MV</arg>
<arg>MW</arg>
<arg>MX</arg>
<arg>MY</arg>
<arg>MZ</arg>
<arg>NA</arg>
<arg>NC</arg>
<arg>NE</arg>
<arg>NF</arg>
<arg>NG</arg>
<arg>NI</arg>
<arg>NL</arg>
<arg>NO</arg>
<arg>NP</arg>
<arg>NR</arg>
<arg>NU</arg>
<arg>NZ</arg>
<arg>OM</arg>
<arg>PA</arg>
<arg>PE</arg>
<arg>PF</arg>
<arg>PG</arg>
<arg>PH</arg>
<arg>PK</arg>
<arg>PL</arg>
<arg>PM</arg>
<arg>PN</arg>
<arg>PR</arg>
<arg>PS</arg>
<arg>PT</arg>
<arg>PW</arg>
<arg>PY</arg>
<arg>QA</arg>
<arg>RE</arg>
<arg>RO</arg>
<arg>RS</arg>
<arg>RU</arg>
<arg>RW</arg>
<arg>SA</arg>
<arg>SB</arg>
<arg>SC</arg>
<arg>SD</arg>
<arg>SE</arg>
<arg>SG</arg>
<arg>SH</arg>
<arg>SI</arg>
<arg>SJ</arg>
<arg>SK</arg>
<arg>SL</arg>
<arg>SM</arg>
<arg>SN</arg>
<arg>SO</arg>
<arg>SR</arg>
<arg>SS</arg>
<arg>ST</arg>
<arg>SV</arg>
<arg>SX</arg>
<arg>SY</arg>
<arg>SZ</arg>
<arg>TC</arg>
<arg>TD</arg>
<arg>TF</arg>
<arg>TG</arg>
<arg>TH</arg>
<arg>TJ</arg>
<arg>TK</arg>
<arg>TL</arg>
<arg>TM</arg>
<arg>TN</arg>
<arg>TO</arg>
<arg>TR</arg>
<arg>TT</arg>
<arg>TV</arg>
<arg>TW</arg>
<arg>TZ</arg>
<arg>UA</arg>
<arg>UG</arg>
<arg>UM</arg>
<arg>US</arg>
<arg>UY</arg>
<arg>UZ</arg>
<arg>VA</arg>
<arg>VC</arg>
<arg>VE</arg>
<arg>VG</arg>
<arg>VI</arg>
<arg>VN</arg>
<arg>VU</arg>
<arg>WF</arg>
<arg>WS</arg>
<arg>XK</arg>
<arg>YE</arg>
<arg>YT</arg>
<arg>ZA</arg>
<arg>ZM</arg>
<arg>ZW</arg>
<doc>Returns a list containing given items.</doc>
<status status="PASS" start="2024-06-25T23:14:29.426502" elapsed="0.000663"/>
</kw>
<kw name="List Should Contain Value" owner="Collections">
<arg>${list_country}</arg>
<arg>${name_country}</arg>
<doc>Fails if the ``value`` is not found from ``list``.</doc>
<status status="PASS" start="2024-06-25T23:14:29.427963" elapsed="0.000201"/>
</kw>
<kw name="Run Keyword If" owner="BuiltIn">
<kw name="Should Be True" owner="BuiltIn">
<arg>${True}</arg>
<doc>Fails if the given condition is not true.</doc>
<status status="PASS" start="2024-06-25T23:14:29.429091" elapsed="0.000142"/>
</kw>
<arg>${json_data["results"][0]["location"]["coordinates"]["latitude"]} &gt;= -90 and ${json_data["results"][0]["location"]["coordinates"]["latitude"]} &lt;= 90</arg>
<arg>Should Be True</arg>
<arg>${True}</arg>
<doc>Runs the given keyword with the given arguments, if ``condition`` is true.</doc>
<status status="PASS" start="2024-06-25T23:14:29.428359" elapsed="0.000998"/>
</kw>
<kw name="Run Keyword If" owner="BuiltIn">
<kw name="Should Be True" owner="BuiltIn">
<arg>${True}</arg>
<doc>Fails if the given condition is not true.</doc>
<status status="PASS" start="2024-06-25T23:14:29.430217" elapsed="0.000236"/>
</kw>
<arg>${json_data["results"][0]["location"]["coordinates"]["longitude"]} &gt;= -180 and ${json_data["results"][0]["location"]["coordinates"]["longitude"]} &lt;= 180</arg>
<arg>Should Be True</arg>
<arg>${True}</arg>
<doc>Runs the given keyword with the given arguments, if ``condition`` is true.</doc>
<status status="PASS" start="2024-06-25T23:14:29.429533" elapsed="0.001044"/>
</kw>
<status status="PASS" start="2024-06-25T23:14:29.329751" elapsed="0.100992"/>
</kw>
<doc>Testa o conteúdo específico dos campos retornados pela API.</doc>
<tag>testeConteudo</tag>
<status status="PASS" start="2024-06-25T23:14:29.329222" elapsed="0.101667"/>
</test>
<status status="PASS" start="2024-06-25T23:14:28.443618" elapsed="0.989226"/>
</suite>
<status status="PASS" start="2024-06-25T23:14:28.428407" elapsed="1.009798"/>
</suite>
<statistics>
<total>
<stat pass="5" fail="0" skip="0">All Tests</stat>
</total>
<tag>
<stat pass="1" fail="0" skip="0">testeConteudo</stat>
<stat pass="1" fail="0" skip="0">testeEstruturaResposta</stat>
<stat pass="1" fail="0" skip="0">testeRequisicaoBasica</stat>
<stat pass="1" fail="0" skip="0">testeTiposDados</stat>
</tag>
<suite>
<stat pass="5" fail="0" skip="0" id="s1" name="Tests">Tests</stat>
<stat pass="5" fail="0" skip="0" id="s1-s1" name="Random-User-Test">Tests.Random-User-Test</stat>
</suite>
</statistics>
<errors>
</errors>
</robot>
