<?xml version="1.0" encoding="UTF-8"?>
<robot generator="Robot 7.0.1 (Python 3.12.4 on linux)" generated="2024-08-01T07:14:30.465481" rpa="false" schemaversion="5">
<suite id="s1" name="Tests" source="/home/runner/work/ApiRandomUser/ApiRandomUser/RamdonUser/tests">
<suite id="s1-s1" name="Random-User-Test" source="/home/runner/work/ApiRandomUser/ApiRandomUser/RamdonUser/tests/random-user-test.robot">
<test id="s1-s1-t1" name="Conectar" line="13">
<kw name="Conectar API" owner="random-user-service">
<kw name="Create Session" owner="RequestsLibrary">
<msg time="2024-08-01T07:14:30.880501" level="INFO">Creating Session using : alias=consultarAPI, url=https://randomuser.me/, headers={},                     cookies={}, auth=None, timeout=None, proxies=None, verify=False,                     debug=0 </msg>
<arg>consultarAPI</arg>
<arg>${URL}</arg>
<doc>Create Session: create a HTTP session to a server</doc>
<status status="PASS" start="2024-08-01T07:14:30.880302" elapsed="0.000387"/>
</kw>
<status status="PASS" start="2024-08-01T07:14:30.879243" elapsed="0.001810"/>
</kw>
<status status="PASS" start="2024-08-01T07:14:30.878692" elapsed="0.002556"/>
</test>
<test id="s1-s1-t2" name="Validar retorno 200 e JSON Válido" line="16">
<kw name="Teste de Requisicao Basica" owner="random-user-service">
<kw name="GET On Session" owner="RequestsLibrary">
<msg time="2024-08-01T07:14:31.049079" level="INFO">GET Request : url=https://randomuser.me/api 
 path_url=/api 
 headers={'User-Agent': 'python-requests/2.32.3', 'Accept-Encoding': 'gzip, deflate', 'Accept': '*/*', 'Connection': 'keep-alive'} 
 body=None 
 </msg>
<msg time="2024-08-01T07:14:31.049250" level="INFO">GET Response : url=https://randomuser.me/api 
 status=200, reason=OK 
 headers={'Date': 'Thu, 01 Aug 2024 07:14:31 GMT', 'Content-Type': 'application/json; charset=utf-8', 'Transfer-Encoding': 'chunked', 'Connection': 'keep-alive', 'X-Powered-By': 'Express', 'Access-Control-Allow-Origin': '*', 'Cache-Control': 'no-cache', 'ETag': 'W/"47c-TpSKt4eBH5SVXKD2LVyiLG63VVs"', 'Vary': 'Accept-Encoding', 'Content-Encoding': 'gzip', 'CF-Cache-Status': 'DYNAMIC', 'Report-To': '{"endpoints":[{"url":"https:\\/\\/a.nel.cloudflare.com\\/report\\/v4?s=UQyHr%2Fkvuye4KtTCZdF%2Fh1IB2LDRPdCbQKPIjzuLXFNGYwYe6r3SlHtCtcSMG%2BY9lKyfz78qQurlNTalUhPjmtK17rvGZlZ4fvVPf59vPc3zOBUKXrJcvUK2I4mxBpNT"}],"group":"cf-nel","max_age":604800}', 'NEL': '{"success_fraction":0,"report_to":"cf-nel","max_age":604800}', 'Server': 'cloudflare', 'CF-RAY': '8ac4081fdce539b0-IAD', 'alt-svc': 'h3=":443"; ma=86400'} 
 body={"results":[{"gender":"male","name":{"title":"Mr","first":"Vilho","last":"Wuollet"},"location":{"street":{"number":4003,"name":"Pispalan Valtatie"},"city":"Marttila","state":"North Karelia","country":"Finland","postcode":38726,"coordinates":{"latitude":"-24.2494","longitude":"-54.1597"},"timezone":{"offset":"+5:45","description":"Kathmandu"}},"email":"vilho.wuollet@example.com","login":{"uuid":"ffb69755-efb6-43ca-88be-5dd97014a3d4","username":"sadswan382","password":"kkkk","salt":"60UyoXQG","md5":"ecb87a89a07ddfe173c7bb00972bf914","sha1":"7e16052cf831052bad943d8382cf5d6c6be0201b","sha256":"6233e0c649db16665c519902c5dedad1890d902a111f646eefa25466ee8ae959"},"dob":{"date":"1993-09-24T21:15:26.255Z","age":30},"registered":{"date":"2019-02-17T22:09:15.447Z","age":5},"phone":"05-002-618","cell":"043-202-94-27","id":{"name":"HETU","value":"NaNNA485undefined"},"picture":{"large":"https://randomuser.me/api/portraits/men/58.jpg","medium":"https://randomuser.me/api/portraits/med/men/58.jpg","thumbnail":"https://randomuser.me/api/portraits/thumb/men/58.jpg"},"nat":"FI"}],"info":{"seed":"8b0684dd82a30dba","results":1,"page":1,"version":"1.4"}} 
 </msg>
<msg time="2024-08-01T07:14:31.049344" level="INFO">/opt/hostedtoolcache/Python/3.12.4/x64/lib/python3.12/site-packages/urllib3/connectionpool.py:1099: InsecureRequestWarning: Unverified HTTPS request is being made to host 'randomuser.me'. Adding certificate verification is strongly advised. See: https://urllib3.readthedocs.io/en/latest/advanced-usage.html#tls-warnings
  warnings.warn(</msg>
<msg time="2024-08-01T07:14:31.049501" level="INFO">${response} = &lt;Response [200]&gt;</msg>
<var>${response}</var>
<arg>consultarAPI</arg>
<arg>/api</arg>
<doc>Sends a GET request on a previously created HTTP Session.</doc>
<status status="PASS" start="2024-08-01T07:14:30.883911" elapsed="0.165631"/>
</kw>
<kw name="Should Be Equal As Numbers" owner="BuiltIn">
<msg time="2024-08-01T07:14:31.050714" level="INFO">Argument types are:
&lt;class 'int'&gt;
&lt;class 'str'&gt;</msg>
<arg>${response.status_code}</arg>
<arg>200</arg>
<doc>Fails if objects are unequal after converting them to real numbers.</doc>
<status status="PASS" start="2024-08-01T07:14:31.050202" elapsed="0.000575"/>
</kw>
<kw name="Log" owner="BuiltIn">
<msg time="2024-08-01T07:14:31.051445" level="INFO">200</msg>
<arg>${response.status_code}</arg>
<doc>Logs the given message with the given level.</doc>
<status status="PASS" start="2024-08-01T07:14:31.051095" elapsed="0.000391"/>
</kw>
<kw name="Set Variable" owner="BuiltIn">
<msg time="2024-08-01T07:14:31.052224" level="INFO">${json_data} = {'results': [{'gender': 'male', 'name': {'title': 'Mr', 'first': 'Vilho', 'last': 'Wuollet'}, 'location': {'street': {'number': 4003, 'name': 'Pispalan Valtatie'}, 'city': 'Marttila', 'state': 'North ...</msg>
<var>${json_data}</var>
<arg>${response.json()}</arg>
<doc>Returns the given values which can then be assigned to a variables.</doc>
<status status="PASS" start="2024-08-01T07:14:31.051788" elapsed="0.000463"/>
</kw>
<kw name="Dictionary Should Contain Key" owner="Collections">
<arg>${json_data}</arg>
<arg>results</arg>
<doc>Fails if ``key`` is not found from ``dictionary``.</doc>
<status status="PASS" start="2024-08-01T07:14:31.052551" elapsed="0.000318"/>
</kw>
<status status="PASS" start="2024-08-01T07:14:30.883652" elapsed="0.169371"/>
</kw>
<doc>Testa se a API responde corretamente e retorna um objeto JSON válido.</doc>
<tag>testeRequisicaoBasica</tag>
<status status="PASS" start="2024-08-01T07:14:30.883184" elapsed="0.170011"/>
</test>
<test id="s1-s1-t3" name="Validar estrutura de resposta" line="22">
<kw name="Teste de Estrutura de Resposta" owner="random-user-service">
<kw name="GET On Session" owner="RequestsLibrary">
<msg time="2024-08-01T07:14:31.164015" level="INFO">GET Request : url=https://randomuser.me/api 
 path_url=/api 
 headers={'User-Agent': 'python-requests/2.32.3', 'Accept-Encoding': 'gzip, deflate', 'Accept': '*/*', 'Connection': 'keep-alive'} 
 body=None 
 </msg>
<msg time="2024-08-01T07:14:31.164116" level="INFO">GET Response : url=https://randomuser.me/api 
 status=200, reason=OK 
 headers={'Date': 'Thu, 01 Aug 2024 07:14:31 GMT', 'Content-Type': 'application/json; charset=utf-8', 'Transfer-Encoding': 'chunked', 'Connection': 'keep-alive', 'X-Powered-By': 'Express', 'Access-Control-Allow-Origin': '*', 'Cache-Control': 'no-cache', 'ETag': 'W/"4a0-+SalTpBiI9LX8rkY9uNvvkMp+4E"', 'Vary': 'Accept-Encoding', 'Content-Encoding': 'gzip', 'CF-Cache-Status': 'DYNAMIC', 'Report-To': '{"endpoints":[{"url":"https:\\/\\/a.nel.cloudflare.com\\/report\\/v4?s=3nC4nhYXxgOKMu8pNUVoacE%2B%2Fct8lp6GrIRbA6dtc3mdyzN39i%2FUGH%2F7Ea%2BsjAvyqgKbxcILhdL2gniN%2BBWDoVd3JsEbcOCph5uEzs1RYINocrX4ZAP8%2BI4og7uvvRdP"}],"group":"cf-nel","max_age":604800}', 'NEL': '{"success_fraction":0,"report_to":"cf-nel","max_age":604800}', 'Server': 'cloudflare', 'CF-RAY': '8ac408201d1339b0-IAD', 'alt-svc': 'h3=":443"; ma=86400'} 
 body={"results":[{"gender":"female","name":{"title":"Miss","first":"Soline","last":"Gauthier"},"location":{"street":{"number":102,"name":"Rue de la Charité"},"city":"Paris","state":"Gers","country":"France","postcode":29835,"coordinates":{"latitude":"-18.6705","longitude":"22.3289"},"timezone":{"offset":"+5:30","description":"Bombay, Calcutta, Madras, New Delhi"}},"email":"soline.gauthier@example.com","login":{"uuid":"e50b0aa5-38a0-4bd4-b780-09262edae302","username":"angrybear640","password":"london","salt":"FPdQ2q8B","md5":"881bb7f298b764483c5a008acd796616","sha1":"3b35896c348b4bc1ca6b8e6c0bc0ecc02ee67914","sha256":"6a14594a3be3744bb13a93d56512420ef0703328e08c3de31a0e66d5b396a11e"},"dob":{"date":"1955-03-19T16:14:25.166Z","age":69},"registered":{"date":"2010-03-02T11:14:48.258Z","age":14},"phone":"05-86-82-01-48","cell":"06-52-01-26-51","id":{"name":"INSEE","value":"2550219647533 61"},"picture":{"large":"https://randomuser.me/api/portraits/women/17.jpg","medium":"https://randomuser.me/api/portraits/med/women/17.jpg","thumbnail":"https://randomuser.me/api/portraits/thumb/women/17.jpg"},"nat":"FR"}],"info":{"seed":"4c0c9201a169daf5","results":1,"page":1,"version":"1.4"}} 
 </msg>
<msg time="2024-08-01T07:14:31.164250" level="INFO">/opt/hostedtoolcache/Python/3.12.4/x64/lib/python3.12/site-packages/urllib3/connectionpool.py:1099: InsecureRequestWarning: Unverified HTTPS request is being made to host 'randomuser.me'. Adding certificate verification is strongly advised. See: https://urllib3.readthedocs.io/en/latest/advanced-usage.html#tls-warnings
  warnings.warn(</msg>
<msg time="2024-08-01T07:14:31.164386" level="INFO">${response} = &lt;Response [200]&gt;</msg>
<var>${response}</var>
<arg>consultarAPI</arg>
<arg>/api</arg>
<doc>Sends a GET request on a previously created HTTP Session.</doc>
<status status="PASS" start="2024-08-01T07:14:31.055916" elapsed="0.108510"/>
</kw>
<kw name="Set Variable" owner="BuiltIn">
<msg time="2024-08-01T07:14:31.165457" level="INFO">${json_data} = {'results': [{'gender': 'female', 'name': {'title': 'Miss', 'first': 'Soline', 'last': 'Gauthier'}, 'location': {'street': {'number': 102, 'name': 'Rue de la Charité'}, 'city': 'Paris', 'state': 'Gers...</msg>
<var>${json_data}</var>
<arg>${response.json()}</arg>
<doc>Returns the given values which can then be assigned to a variables.</doc>
<status status="PASS" start="2024-08-01T07:14:31.164929" elapsed="0.000558"/>
</kw>
<kw name="Log" owner="BuiltIn">
<msg time="2024-08-01T07:14:31.166002" level="INFO">{'results': [{'gender': 'female', 'name': {'title': 'Miss', 'first': 'Soline', 'last': 'Gauthier'}, 'location': {'street': {'number': 102, 'name': 'Rue de la Charité'}, 'city': 'Paris', 'state': 'Gers', 'country': 'France', 'postcode': 29835, 'coordinates': {'latitude': '-18.6705', 'longitude': '22.3289'}, 'timezone': {'offset': '+5:30', 'description': 'Bombay, Calcutta, Madras, New Delhi'}}, 'email': 'soline.gauthier@example.com', 'login': {'uuid': 'e50b0aa5-38a0-4bd4-b780-09262edae302', 'username': 'angrybear640', 'password': 'london', 'salt': 'FPdQ2q8B', 'md5': '881bb7f298b764483c5a008acd796616', 'sha1': '3b35896c348b4bc1ca6b8e6c0bc0ecc02ee67914', 'sha256': '6a14594a3be3744bb13a93d56512420ef0703328e08c3de31a0e66d5b396a11e'}, 'dob': {'date': '1955-03-19T16:14:25.166Z', 'age': 69}, 'registered': {'date': '2010-03-02T11:14:48.258Z', 'age': 14}, 'phone': '05-86-82-01-48', 'cell': '06-52-01-26-51', 'id': {'name': 'INSEE', 'value': '2550219647533 61'}, 'picture': {'large': 'https://randomuser.me/api/portraits/women/17.jpg', 'medium': 'https://randomuser.me/api/portraits/med/women/17.jpg', 'thumbnail': 'https://randomuser.me/api/portraits/thumb/women/17.jpg'}, 'nat': 'FR'}], 'info': {'seed': '4c0c9201a169daf5', 'results': 1, 'page': 1, 'version': '1.4'}}</msg>
<arg>${json_data}</arg>
<doc>Logs the given message with the given level.</doc>
<status status="PASS" start="2024-08-01T07:14:31.165828" elapsed="0.000236"/>
</kw>
<kw name="Dictionary Should Contain Key" owner="Collections">
<arg>${json_data}</arg>
<arg>results</arg>
<doc>Fails if ``key`` is not found from ``dictionary``.</doc>
<status status="PASS" start="2024-08-01T07:14:31.166360" elapsed="0.000169"/>
</kw>
<kw name="Should Not Be Empty" owner="BuiltIn">
<msg time="2024-08-01T07:14:31.166837" level="INFO">Length is 2.</msg>
<arg>${json_data}</arg>
<doc>Verifies that the given item is not empty.</doc>
<status status="PASS" start="2024-08-01T07:14:31.166712" elapsed="0.000162"/>
</kw>
<kw name="Create List" owner="BuiltIn">
<msg time="2024-08-01T07:14:31.167314" level="INFO">${expected_keys} = ['gender', 'name', 'location', 'email', 'login']</msg>
<var>${expected_keys}</var>
<arg>gender</arg>
<arg>name</arg>
<arg>location</arg>
<arg>email</arg>
<arg>login</arg>
<doc>Returns a list containing given items.</doc>
<status status="PASS" start="2024-08-01T07:14:31.167160" elapsed="0.000178"/>
</kw>
<for flavor="IN">
<iter>
<kw name="Dictionary Should Contain Key" owner="Collections">
<arg>${json_data['results'][0]}</arg>
<arg>${key}</arg>
<doc>Fails if ``key`` is not found from ``dictionary``.</doc>
<status status="PASS" start="2024-08-01T07:14:31.167928" elapsed="0.000405"/>
</kw>
<kw name="Log" owner="BuiltIn">
<msg time="2024-08-01T07:14:31.168887" level="INFO">{'gender': 'female', 'name': {'title': 'Miss', 'first': 'Soline', 'last': 'Gauthier'}, 'location': {'street': {'number': 102, 'name': 'Rue de la Charité'}, 'city': 'Paris', 'state': 'Gers', 'country': 'France', 'postcode': 29835, 'coordinates': {'latitude': '-18.6705', 'longitude': '22.3289'}, 'timezone': {'offset': '+5:30', 'description': 'Bombay, Calcutta, Madras, New Delhi'}}, 'email': 'soline.gauthier@example.com', 'login': {'uuid': 'e50b0aa5-38a0-4bd4-b780-09262edae302', 'username': 'angrybear640', 'password': 'london', 'salt': 'FPdQ2q8B', 'md5': '881bb7f298b764483c5a008acd796616', 'sha1': '3b35896c348b4bc1ca6b8e6c0bc0ecc02ee67914', 'sha256': '6a14594a3be3744bb13a93d56512420ef0703328e08c3de31a0e66d5b396a11e'}, 'dob': {'date': '1955-03-19T16:14:25.166Z', 'age': 69}, 'registered': {'date': '2010-03-02T11:14:48.258Z', 'age': 14}, 'phone': '05-86-82-01-48', 'cell': '06-52-01-26-51', 'id': {'name': 'INSEE', 'value': '2550219647533 61'}, 'picture': {'large': 'https://randomuser.me/api/portraits/women/17.jpg', 'medium': 'https://randomuser.me/api/portraits/med/women/17.jpg', 'thumbnail': 'https://randomuser.me/api/portraits/thumb/women/17.jpg'}, 'nat': 'FR'}</msg>
<arg>${json_data['results'][0]}</arg>
<doc>Logs the given message with the given level.</doc>
<status status="PASS" start="2024-08-01T07:14:31.168523" elapsed="0.000412"/>
</kw>
<kw name="Log" owner="BuiltIn">
<msg time="2024-08-01T07:14:31.169359" level="INFO">gender</msg>
<arg>${key}</arg>
<doc>Logs the given message with the given level.</doc>
<status status="PASS" start="2024-08-01T07:14:31.169231" elapsed="0.000166"/>
</kw>
<var name="${key}">gender</var>
<status status="PASS" start="2024-08-01T07:14:31.167803" elapsed="0.001833"/>
</iter>
<iter>
<kw name="Dictionary Should Contain Key" owner="Collections">
<arg>${json_data['results'][0]}</arg>
<arg>${key}</arg>
<doc>Fails if ``key`` is not found from ``dictionary``.</doc>
<status status="PASS" start="2024-08-01T07:14:31.169935" elapsed="0.000384"/>
</kw>
<kw name="Log" owner="BuiltIn">
<msg time="2024-08-01T07:14:31.170899" level="INFO">{'gender': 'female', 'name': {'title': 'Miss', 'first': 'Soline', 'last': 'Gauthier'}, 'location': {'street': {'number': 102, 'name': 'Rue de la Charité'}, 'city': 'Paris', 'state': 'Gers', 'country': 'France', 'postcode': 29835, 'coordinates': {'latitude': '-18.6705', 'longitude': '22.3289'}, 'timezone': {'offset': '+5:30', 'description': 'Bombay, Calcutta, Madras, New Delhi'}}, 'email': 'soline.gauthier@example.com', 'login': {'uuid': 'e50b0aa5-38a0-4bd4-b780-09262edae302', 'username': 'angrybear640', 'password': 'london', 'salt': 'FPdQ2q8B', 'md5': '881bb7f298b764483c5a008acd796616', 'sha1': '3b35896c348b4bc1ca6b8e6c0bc0ecc02ee67914', 'sha256': '6a14594a3be3744bb13a93d56512420ef0703328e08c3de31a0e66d5b396a11e'}, 'dob': {'date': '1955-03-19T16:14:25.166Z', 'age': 69}, 'registered': {'date': '2010-03-02T11:14:48.258Z', 'age': 14}, 'phone': '05-86-82-01-48', 'cell': '06-52-01-26-51', 'id': {'name': 'INSEE', 'value': '2550219647533 61'}, 'picture': {'large': 'https://randomuser.me/api/portraits/women/17.jpg', 'medium': 'https://randomuser.me/api/portraits/med/women/17.jpg', 'thumbnail': 'https://randomuser.me/api/portraits/thumb/women/17.jpg'}, 'nat': 'FR'}</msg>
<arg>${json_data['results'][0]}</arg>
<doc>Logs the given message with the given level.</doc>
<status status="PASS" start="2024-08-01T07:14:31.170497" elapsed="0.000452"/>
</kw>
<kw name="Log" owner="BuiltIn">
<msg time="2024-08-01T07:14:31.171379" level="INFO">name</msg>
<arg>${key}</arg>
<doc>Logs the given message with the given level.</doc>
<status status="PASS" start="2024-08-01T07:14:31.171245" elapsed="0.000172"/>
</kw>
<var name="${key}">name</var>
<status status="PASS" start="2024-08-01T07:14:31.169824" elapsed="0.001810"/>
</iter>
<iter>
<kw name="Dictionary Should Contain Key" owner="Collections">
<arg>${json_data['results'][0]}</arg>
<arg>${key}</arg>
<doc>Fails if ``key`` is not found from ``dictionary``.</doc>
<status status="PASS" start="2024-08-01T07:14:31.171918" elapsed="0.000386"/>
</kw>
<kw name="Log" owner="BuiltIn">
<msg time="2024-08-01T07:14:31.172839" level="INFO">{'gender': 'female', 'name': {'title': 'Miss', 'first': 'Soline', 'last': 'Gauthier'}, 'location': {'street': {'number': 102, 'name': 'Rue de la Charité'}, 'city': 'Paris', 'state': 'Gers', 'country': 'France', 'postcode': 29835, 'coordinates': {'latitude': '-18.6705', 'longitude': '22.3289'}, 'timezone': {'offset': '+5:30', 'description': 'Bombay, Calcutta, Madras, New Delhi'}}, 'email': 'soline.gauthier@example.com', 'login': {'uuid': 'e50b0aa5-38a0-4bd4-b780-09262edae302', 'username': 'angrybear640', 'password': 'london', 'salt': 'FPdQ2q8B', 'md5': '881bb7f298b764483c5a008acd796616', 'sha1': '3b35896c348b4bc1ca6b8e6c0bc0ecc02ee67914', 'sha256': '6a14594a3be3744bb13a93d56512420ef0703328e08c3de31a0e66d5b396a11e'}, 'dob': {'date': '1955-03-19T16:14:25.166Z', 'age': 69}, 'registered': {'date': '2010-03-02T11:14:48.258Z', 'age': 14}, 'phone': '05-86-82-01-48', 'cell': '06-52-01-26-51', 'id': {'name': 'INSEE', 'value': '2550219647533 61'}, 'picture': {'large': 'https://randomuser.me/api/portraits/women/17.jpg', 'medium': 'https://randomuser.me/api/portraits/med/women/17.jpg', 'thumbnail': 'https://randomuser.me/api/portraits/thumb/women/17.jpg'}, 'nat': 'FR'}</msg>
<arg>${json_data['results'][0]}</arg>
<doc>Logs the given message with the given level.</doc>
<status status="PASS" start="2024-08-01T07:14:31.172491" elapsed="0.000395"/>
</kw>
<kw name="Log" owner="BuiltIn">
<msg time="2024-08-01T07:14:31.173312" level="INFO">location</msg>
<arg>${key}</arg>
<doc>Logs the given message with the given level.</doc>
<status status="PASS" start="2024-08-01T07:14:31.173182" elapsed="0.000167"/>
</kw>
<var name="${key}">location</var>
<status status="PASS" start="2024-08-01T07:14:31.171810" elapsed="0.001752"/>
</iter>
<iter>
<kw name="Dictionary Should Contain Key" owner="Collections">
<arg>${json_data['results'][0]}</arg>
<arg>${key}</arg>
<doc>Fails if ``key`` is not found from ``dictionary``.</doc>
<status status="PASS" start="2024-08-01T07:14:31.173874" elapsed="0.000376"/>
</kw>
<kw name="Log" owner="BuiltIn">
<msg time="2024-08-01T07:14:31.174919" level="INFO">{'gender': 'female', 'name': {'title': 'Miss', 'first': 'Soline', 'last': 'Gauthier'}, 'location': {'street': {'number': 102, 'name': 'Rue de la Charité'}, 'city': 'Paris', 'state': 'Gers', 'country': 'France', 'postcode': 29835, 'coordinates': {'latitude': '-18.6705', 'longitude': '22.3289'}, 'timezone': {'offset': '+5:30', 'description': 'Bombay, Calcutta, Madras, New Delhi'}}, 'email': 'soline.gauthier@example.com', 'login': {'uuid': 'e50b0aa5-38a0-4bd4-b780-09262edae302', 'username': 'angrybear640', 'password': 'london', 'salt': 'FPdQ2q8B', 'md5': '881bb7f298b764483c5a008acd796616', 'sha1': '3b35896c348b4bc1ca6b8e6c0bc0ecc02ee67914', 'sha256': '6a14594a3be3744bb13a93d56512420ef0703328e08c3de31a0e66d5b396a11e'}, 'dob': {'date': '1955-03-19T16:14:25.166Z', 'age': 69}, 'registered': {'date': '2010-03-02T11:14:48.258Z', 'age': 14}, 'phone': '05-86-82-01-48', 'cell': '06-52-01-26-51', 'id': {'name': 'INSEE', 'value': '2550219647533 61'}, 'picture': {'large': 'https://randomuser.me/api/portraits/women/17.jpg', 'medium': 'https://randomuser.me/api/portraits/med/women/17.jpg', 'thumbnail': 'https://randomuser.me/api/portraits/thumb/women/17.jpg'}, 'nat': 'FR'}</msg>
<arg>${json_data['results'][0]}</arg>
<doc>Logs the given message with the given level.</doc>
<status status="PASS" start="2024-08-01T07:14:31.174560" elapsed="0.000408"/>
</kw>
<kw name="Log" owner="BuiltIn">
<msg time="2024-08-01T07:14:31.175394" level="INFO">email</msg>
<arg>${key}</arg>
<doc>Logs the given message with the given level.</doc>
<status status="PASS" start="2024-08-01T07:14:31.175267" elapsed="0.000166"/>
</kw>
<var name="${key}">email</var>
<status status="PASS" start="2024-08-01T07:14:31.173755" elapsed="0.001892"/>
</iter>
<iter>
<kw name="Dictionary Should Contain Key" owner="Collections">
<arg>${json_data['results'][0]}</arg>
<arg>${key}</arg>
<doc>Fails if ``key`` is not found from ``dictionary``.</doc>
<status status="PASS" start="2024-08-01T07:14:31.175929" elapsed="0.000373"/>
</kw>
<kw name="Log" owner="BuiltIn">
<msg time="2024-08-01T07:14:31.176840" level="INFO">{'gender': 'female', 'name': {'title': 'Miss', 'first': 'Soline', 'last': 'Gauthier'}, 'location': {'street': {'number': 102, 'name': 'Rue de la Charité'}, 'city': 'Paris', 'state': 'Gers', 'country': 'France', 'postcode': 29835, 'coordinates': {'latitude': '-18.6705', 'longitude': '22.3289'}, 'timezone': {'offset': '+5:30', 'description': 'Bombay, Calcutta, Madras, New Delhi'}}, 'email': 'soline.gauthier@example.com', 'login': {'uuid': 'e50b0aa5-38a0-4bd4-b780-09262edae302', 'username': 'angrybear640', 'password': 'london', 'salt': 'FPdQ2q8B', 'md5': '881bb7f298b764483c5a008acd796616', 'sha1': '3b35896c348b4bc1ca6b8e6c0bc0ecc02ee67914', 'sha256': '6a14594a3be3744bb13a93d56512420ef0703328e08c3de31a0e66d5b396a11e'}, 'dob': {'date': '1955-03-19T16:14:25.166Z', 'age': 69}, 'registered': {'date': '2010-03-02T11:14:48.258Z', 'age': 14}, 'phone': '05-86-82-01-48', 'cell': '06-52-01-26-51', 'id': {'name': 'INSEE', 'value': '2550219647533 61'}, 'picture': {'large': 'https://randomuser.me/api/portraits/women/17.jpg', 'medium': 'https://randomuser.me/api/portraits/med/women/17.jpg', 'thumbnail': 'https://randomuser.me/api/portraits/thumb/women/17.jpg'}, 'nat': 'FR'}</msg>
<arg>${json_data['results'][0]}</arg>
<doc>Logs the given message with the given level.</doc>
<status status="PASS" start="2024-08-01T07:14:31.176480" elapsed="0.000409"/>
</kw>
<kw name="Log" owner="BuiltIn">
<msg time="2024-08-01T07:14:31.177355" level="INFO">login</msg>
<arg>${key}</arg>
<doc>Logs the given message with the given level.</doc>
<status status="PASS" start="2024-08-01T07:14:31.177219" elapsed="0.000174"/>
</kw>
<var name="${key}">login</var>
<status status="PASS" start="2024-08-01T07:14:31.175822" elapsed="0.001810"/>
</iter>
<var>${key}</var>
<value>@{expected_keys}</value>
<status status="PASS" start="2024-08-01T07:14:31.167603" elapsed="0.010152"/>
</for>
<kw name="Create List" owner="BuiltIn">
<msg time="2024-08-01T07:14:31.178122" level="INFO">${expected_keysTwo} = ['username', 'password']</msg>
<var>${expected_keysTwo}</var>
<arg>username</arg>
<arg>password</arg>
<doc>Returns a list containing given items.</doc>
<status status="PASS" start="2024-08-01T07:14:31.177981" elapsed="0.000165"/>
</kw>
<for flavor="IN">
<iter>
<kw name="Dictionary Should Contain Key" owner="Collections">
<arg>${json_data['results'][0]['login']}</arg>
<arg>${keyTwo}</arg>
<doc>Fails if ``key`` is not found from ``dictionary``.</doc>
<status status="PASS" start="2024-08-01T07:14:31.178641" elapsed="0.000392"/>
</kw>
<kw name="Dictionary Should Contain Key" owner="Collections">
<arg>${json_data['results'][0]['login']}</arg>
<arg>${keyTwo}</arg>
<doc>Fails if ``key`` is not found from ``dictionary``.</doc>
<status status="PASS" start="2024-08-01T07:14:31.179209" elapsed="0.000430"/>
</kw>
<kw name="Log" owner="BuiltIn">
<msg time="2024-08-01T07:14:31.179951" level="INFO">username</msg>
<arg>${keyTwo}</arg>
<doc>Logs the given message with the given level.</doc>
<status status="PASS" start="2024-08-01T07:14:31.179820" elapsed="0.000169"/>
</kw>
<var name="${keyTwo}">username</var>
<status status="PASS" start="2024-08-01T07:14:31.178535" elapsed="0.001674"/>
</iter>
<iter>
<kw name="Dictionary Should Contain Key" owner="Collections">
<arg>${json_data['results'][0]['login']}</arg>
<arg>${keyTwo}</arg>
<doc>Fails if ``key`` is not found from ``dictionary``.</doc>
<status status="PASS" start="2024-08-01T07:14:31.180490" elapsed="0.000394"/>
</kw>
<kw name="Dictionary Should Contain Key" owner="Collections">
<arg>${json_data['results'][0]['login']}</arg>
<arg>${keyTwo}</arg>
<doc>Fails if ``key`` is not found from ``dictionary``.</doc>
<status status="PASS" start="2024-08-01T07:14:31.181061" elapsed="0.000378"/>
</kw>
<kw name="Log" owner="BuiltIn">
<msg time="2024-08-01T07:14:31.181765" level="INFO">password</msg>
<arg>${keyTwo}</arg>
<doc>Logs the given message with the given level.</doc>
<status status="PASS" start="2024-08-01T07:14:31.181633" elapsed="0.000171"/>
</kw>
<var name="${keyTwo}">password</var>
<status status="PASS" start="2024-08-01T07:14:31.180380" elapsed="0.001648"/>
</iter>
<var>${keyTwo}</var>
<value>@{expected_keysTwo}</value>
<status status="PASS" start="2024-08-01T07:14:31.178382" elapsed="0.003768"/>
</for>
<status status="PASS" start="2024-08-01T07:14:31.055683" elapsed="0.126613"/>
</kw>
<doc>Testa a estrutura da resposta da API.</doc>
<tag>testeEstruturaResposta</tag>
<status status="PASS" start="2024-08-01T07:14:31.055105" elapsed="0.127349"/>
</test>
<test id="s1-s1-t4" name="Validar tipos de dados" line="28">
<kw name="Teste de Tipos de Dados" owner="random-user-service">
<kw name="GET On Session" owner="RequestsLibrary">
<msg time="2024-08-01T07:14:31.263324" level="INFO">GET Request : url=https://randomuser.me/api 
 path_url=/api 
 headers={'User-Agent': 'python-requests/2.32.3', 'Accept-Encoding': 'gzip, deflate', 'Accept': '*/*', 'Connection': 'keep-alive'} 
 body=None 
 </msg>
<msg time="2024-08-01T07:14:31.263418" level="INFO">GET Response : url=https://randomuser.me/api 
 status=200, reason=OK 
 headers={'Date': 'Thu, 01 Aug 2024 07:14:31 GMT', 'Content-Type': 'application/json; charset=utf-8', 'Transfer-Encoding': 'chunked', 'Connection': 'keep-alive', 'X-Powered-By': 'Express', 'Access-Control-Allow-Origin': '*', 'Cache-Control': 'no-cache', 'ETag': 'W/"46a-3YIcztOT05Ftoq2Kom4uePthfOk"', 'Vary': 'Accept-Encoding', 'Content-Encoding': 'gzip', 'CF-Cache-Status': 'DYNAMIC', 'Report-To': '{"endpoints":[{"url":"https:\\/\\/a.nel.cloudflare.com\\/report\\/v4?s=D6PHnll6%2B1k8Xtjf20vcmyjvswVkozG%2F39qAI%2FLb1axZh5MIfflSWaYbxU5wJmc4qE%2B2HDEJyAnm45smU0gx2lqxuKZ6LqgZNnKm18ATT%2BxLZ8q0FcRPm4%2Fj3%2FJVdlgJ"}],"group":"cf-nel","max_age":604800}', 'NEL': '{"success_fraction":0,"report_to":"cf-nel","max_age":604800}', 'Server': 'cloudflare', 'CF-RAY': '8ac40820fdb339b0-IAD', 'alt-svc': 'h3=":443"; ma=86400'} 
 body={"results":[{"gender":"female","name":{"title":"Miss","first":"Emma","last":"Green"},"location":{"street":{"number":350,"name":"Abbotts Way"},"city":"Upper Hutt","state":"Tasman","country":"New Zealand","postcode":63167,"coordinates":{"latitude":"49.9437","longitude":"17.7776"},"timezone":{"offset":"-10:00","description":"Hawaii"}},"email":"emma.green@example.com","login":{"uuid":"432100dc-9ec0-4925-92bc-123d03274818","username":"silverbird223","password":"playboy1","salt":"4WbMjvwk","md5":"c47a92fd5196f7d2a66b91ba0479243b","sha1":"b5a86f5f74497f0a18d87b85f8e4b2d34bf1a7a1","sha256":"4aae86a666e47fc4e808a936fa25614196e6811b2c41d5c71f751324e25ba696"},"dob":{"date":"1956-09-07T00:25:04.858Z","age":67},"registered":{"date":"2018-09-25T02:43:33.032Z","age":5},"phone":"(214)-250-5641","cell":"(574)-608-5751","id":{"name":"","value":null},"picture":{"large":"https://randomuser.me/api/portraits/women/1.jpg","medium":"https://randomuser.me/api/portraits/med/women/1.jpg","thumbnail":"https://randomuser.me/api/portraits/thumb/women/1.jpg"},"nat":"NZ"}],"info":{"seed":"417e06d16ff1aaea","results":1,"page":1,"version":"1.4"}} 
 </msg>
<msg time="2024-08-01T07:14:31.263498" level="INFO">/opt/hostedtoolcache/Python/3.12.4/x64/lib/python3.12/site-packages/urllib3/connectionpool.py:1099: InsecureRequestWarning: Unverified HTTPS request is being made to host 'randomuser.me'. Adding certificate verification is strongly advised. See: https://urllib3.readthedocs.io/en/latest/advanced-usage.html#tls-warnings
  warnings.warn(</msg>
<msg time="2024-08-01T07:14:31.263613" level="INFO">${response} = &lt;Response [200]&gt;</msg>
<var>${response}</var>
<arg>consultarAPI</arg>
<arg>/api</arg>
<doc>Sends a GET request on a previously created HTTP Session.</doc>
<status status="PASS" start="2024-08-01T07:14:31.185029" elapsed="0.078621"/>
</kw>
<kw name="Set Variable" owner="BuiltIn">
<msg time="2024-08-01T07:14:31.264697" level="INFO">${json_data} = {'results': [{'gender': 'female', 'name': {'title': 'Miss', 'first': 'Emma', 'last': 'Green'}, 'location': {'street': {'number': 350, 'name': 'Abbotts Way'}, 'city': 'Upper Hutt', 'state': 'Tasman', '...</msg>
<var>${json_data}</var>
<arg>${response.json()}</arg>
<doc>Returns the given values which can then be assigned to a variables.</doc>
<status status="PASS" start="2024-08-01T07:14:31.264171" elapsed="0.000555"/>
</kw>
<kw name="Log" owner="BuiltIn">
<msg time="2024-08-01T07:14:31.265212" level="INFO">{'results': [{'gender': 'female', 'name': {'title': 'Miss', 'first': 'Emma', 'last': 'Green'}, 'location': {'street': {'number': 350, 'name': 'Abbotts Way'}, 'city': 'Upper Hutt', 'state': 'Tasman', 'country': 'New Zealand', 'postcode': 63167, 'coordinates': {'latitude': '49.9437', 'longitude': '17.7776'}, 'timezone': {'offset': '-10:00', 'description': 'Hawaii'}}, 'email': 'emma.green@example.com', 'login': {'uuid': '432100dc-9ec0-4925-92bc-123d03274818', 'username': 'silverbird223', 'password': 'playboy1', 'salt': '4WbMjvwk', 'md5': 'c47a92fd5196f7d2a66b91ba0479243b', 'sha1': 'b5a86f5f74497f0a18d87b85f8e4b2d34bf1a7a1', 'sha256': '4aae86a666e47fc4e808a936fa25614196e6811b2c41d5c71f751324e25ba696'}, 'dob': {'date': '1956-09-07T00:25:04.858Z', 'age': 67}, 'registered': {'date': '2018-09-25T02:43:33.032Z', 'age': 5}, 'phone': '(214)-250-5641', 'cell': '(574)-608-5751', 'id': {'name': '', 'value': None}, 'picture': {'large': 'https://randomuser.me/api/portraits/women/1.jpg', 'medium': 'https://randomuser.me/api/portraits/med/women/1.jpg', 'thumbnail': 'https://randomuser.me/api/portraits/thumb/women/1.jpg'}, 'nat': 'NZ'}], 'info': {'seed': '417e06d16ff1aaea', 'results': 1, 'page': 1, 'version': '1.4'}}</msg>
<arg>${json_data}</arg>
<doc>Logs the given message with the given level.</doc>
<status status="PASS" start="2024-08-01T07:14:31.265054" elapsed="0.000206"/>
</kw>
<kw name="Should Be String" owner="String">
<arg>${json_data['results'][0]['gender']}</arg>
<doc>Fails if the given ``item`` is not a string.</doc>
<status status="PASS" start="2024-08-01T07:14:31.265558" elapsed="0.000417"/>
</kw>
<kw name="Should Match Regexp" owner="BuiltIn">
<arg>${json_data['results'][0]['email']}</arg>
<arg>^[a-zA-Z0-9._%+-]+@[a-zA-Z0-9.-]+\.[a-zA-Z]{2,}$</arg>
<doc>Fails if ``string`` does not match ``pattern`` as a regular expression.</doc>
<status status="PASS" start="2024-08-01T07:14:31.266211" elapsed="0.000530"/>
</kw>
<kw name="Should Match Regexp" owner="BuiltIn">
<arg>${json_data['results'][0]['dob']['date']}</arg>
<arg>\\d{4}-\\d{2}-\\d{2}T\\d{2}:\\d{2}:\\d{2}\\.\\d{3}Z</arg>
<doc>Fails if ``string`` does not match ``pattern`` as a regular expression.</doc>
<status status="PASS" start="2024-08-01T07:14:31.266944" elapsed="0.000698"/>
</kw>
<kw name="Should Match Regexp" owner="BuiltIn">
<arg>${json_data['results'][0]['registered']['date']}</arg>
<arg>\\d{4}-\\d{2}-\\d{2}T\\d{2}:\\d{2}:\\d{2}\\.\\d{3}Z</arg>
<doc>Fails if ``string`` does not match ``pattern`` as a regular expression.</doc>
<status status="PASS" start="2024-08-01T07:14:31.267869" elapsed="0.000379"/>
</kw>
<kw name="Should Match Regexp" owner="BuiltIn">
<arg>${json_data['results'][0]['picture']['large']}</arg>
<arg>^https?://.*\.(?:png|jpe?g|gif|bmp)$</arg>
<doc>Fails if ``string`` does not match ``pattern`` as a regular expression.</doc>
<status status="PASS" start="2024-08-01T07:14:31.268436" elapsed="0.000464"/>
</kw>
<kw name="Should Match Regexp" owner="BuiltIn">
<arg>${json_data['results'][0]['picture']['medium']}</arg>
<arg>^https?://.*\.(?:png|jpe?g|gif|bmp)$</arg>
<doc>Fails if ``string`` does not match ``pattern`` as a regular expression.</doc>
<status status="PASS" start="2024-08-01T07:14:31.269087" elapsed="0.000354"/>
</kw>
<kw name="Should Match Regexp" owner="BuiltIn">
<arg>${json_data['results'][0]['picture']['thumbnail']}</arg>
<arg>^https?://.*\.(?:png|jpe?g|gif|bmp)$</arg>
<doc>Fails if ``string`` does not match ``pattern`` as a regular expression.</doc>
<status status="PASS" start="2024-08-01T07:14:31.269661" elapsed="0.000364"/>
</kw>
<kw name="Log" owner="BuiltIn">
<msg time="2024-08-01T07:14:31.270535" level="INFO">{'large': 'https://randomuser.me/api/portraits/women/1.jpg', 'medium': 'https://randomuser.me/api/portraits/med/women/1.jpg', 'thumbnail': 'https://randomuser.me/api/portraits/thumb/women/1.jpg'}</msg>
<arg>${json_data['results'][0]['picture']}</arg>
<doc>Logs the given message with the given level.</doc>
<status status="PASS" start="2024-08-01T07:14:31.270209" elapsed="0.000369"/>
</kw>
<status status="PASS" start="2024-08-01T07:14:31.184802" elapsed="0.086040"/>
</kw>
<kw name="Teste de Tipos de Dados - Postcode" owner="random-user-service">
<kw name="GET On Session" owner="RequestsLibrary">
<msg time="2024-08-01T07:14:31.346260" level="INFO">GET Request : url=https://randomuser.me/api 
 path_url=/api 
 headers={'User-Agent': 'python-requests/2.32.3', 'Accept-Encoding': 'gzip, deflate', 'Accept': '*/*', 'Connection': 'keep-alive'} 
 body=None 
 </msg>
<msg time="2024-08-01T07:14:31.346358" level="INFO">GET Response : url=https://randomuser.me/api 
 status=200, reason=OK 
 headers={'Date': 'Thu, 01 Aug 2024 07:14:31 GMT', 'Content-Type': 'application/json; charset=utf-8', 'Transfer-Encoding': 'chunked', 'Connection': 'keep-alive', 'X-Powered-By': 'Express', 'Access-Control-Allow-Origin': '*', 'Cache-Control': 'no-cache', 'ETag': 'W/"481-TXwLXyGO6jrnJWcZW1zjM5Z1auc"', 'Vary': 'Accept-Encoding', 'Content-Encoding': 'gzip', 'CF-Cache-Status': 'DYNAMIC', 'Report-To': '{"endpoints":[{"url":"https:\\/\\/a.nel.cloudflare.com\\/report\\/v4?s=i%2BipfWl7f3%2BB2WXY7z%2FeYfun2nn%2BMKPmXmh%2Fj9%2FNStj%2F5wUdFKOWbNzmJ80bnOMBfMo9T3gc%2BurCz9d49Bb5nuVzSewLlLEnRjtwCYOcYkCYKk67Eg7Q0ys25z5JBq%2FM"}],"group":"cf-nel","max_age":604800}', 'NEL': '{"success_fraction":0,"report_to":"cf-nel","max_age":604800}', 'Server': 'cloudflare', 'CF-RAY': '8ac408217e0939b0-IAD', 'alt-svc': 'h3=":443"; ma=86400'} 
 body={"results":[{"gender":"female","name":{"title":"Ms","first":"Etta","last":"Henn"},"location":{"street":{"number":7544,"name":"Ahornweg"},"city":"Gaildorf","state":"Thüringen","country":"Germany","postcode":31029,"coordinates":{"latitude":"-48.0035","longitude":"2.9392"},"timezone":{"offset":"+6:00","description":"Almaty, Dhaka, Colombo"}},"email":"etta.henn@example.com","login":{"uuid":"45ccc04f-3c5d-4881-b415-16f032d4c784","username":"goldenbird477","password":"apple1","salt":"Vw2IGe7r","md5":"a424fe23101ca55bfabfa5076b008f18","sha1":"c0dbe9eced1feafe426c191f130594692b6826d5","sha256":"f2530b812eb04efe4fe21b0857256bc74ec7d7925cfa3df1f606513939969a82"},"dob":{"date":"2000-10-06T13:05:46.781Z","age":23},"registered":{"date":"2002-06-05T10:18:31.207Z","age":22},"phone":"0183-7452145","cell":"0179-8425660","id":{"name":"SVNR","value":"78 0610100 H 569"},"picture":{"large":"https://randomuser.me/api/portraits/women/19.jpg","medium":"https://randomuser.me/api/portraits/med/women/19.jpg","thumbnail":"https://randomuser.me/api/portraits/thumb/women/19.jpg"},"nat":"DE"}],"info":{"seed":"733728345a65f154","results":1,"page":1,"version":"1.4"}} 
 </msg>
<msg time="2024-08-01T07:14:31.346432" level="INFO">/opt/hostedtoolcache/Python/3.12.4/x64/lib/python3.12/site-packages/urllib3/connectionpool.py:1099: InsecureRequestWarning: Unverified HTTPS request is being made to host 'randomuser.me'. Adding certificate verification is strongly advised. See: https://urllib3.readthedocs.io/en/latest/advanced-usage.html#tls-warnings
  warnings.warn(</msg>
<msg time="2024-08-01T07:14:31.346548" level="INFO">${response} = &lt;Response [200]&gt;</msg>
<var>${response}</var>
<arg>consultarAPI</arg>
<arg>/api</arg>
<doc>Sends a GET request on a previously created HTTP Session.</doc>
<status status="PASS" start="2024-08-01T07:14:31.271299" elapsed="0.075277"/>
</kw>
<kw name="Set Variable" owner="BuiltIn">
<msg time="2024-08-01T07:14:31.347639" level="INFO">${json_data} = {'results': [{'gender': 'female', 'name': {'title': 'Ms', 'first': 'Etta', 'last': 'Henn'}, 'location': {'street': {'number': 7544, 'name': 'Ahornweg'}, 'city': 'Gaildorf', 'state': 'Thüringen', 'coun...</msg>
<var>${json_data}</var>
<arg>${response.json()}</arg>
<doc>Returns the given values which can then be assigned to a variables.</doc>
<status status="PASS" start="2024-08-01T07:14:31.347125" elapsed="0.000543"/>
</kw>
<kw name="Log" owner="BuiltIn">
<msg time="2024-08-01T07:14:31.348153" level="INFO">{'results': [{'gender': 'female', 'name': {'title': 'Ms', 'first': 'Etta', 'last': 'Henn'}, 'location': {'street': {'number': 7544, 'name': 'Ahornweg'}, 'city': 'Gaildorf', 'state': 'Thüringen', 'country': 'Germany', 'postcode': 31029, 'coordinates': {'latitude': '-48.0035', 'longitude': '2.9392'}, 'timezone': {'offset': '+6:00', 'description': 'Almaty, Dhaka, Colombo'}}, 'email': 'etta.henn@example.com', 'login': {'uuid': '45ccc04f-3c5d-4881-b415-16f032d4c784', 'username': 'goldenbird477', 'password': 'apple1', 'salt': 'Vw2IGe7r', 'md5': 'a424fe23101ca55bfabfa5076b008f18', 'sha1': 'c0dbe9eced1feafe426c191f130594692b6826d5', 'sha256': 'f2530b812eb04efe4fe21b0857256bc74ec7d7925cfa3df1f606513939969a82'}, 'dob': {'date': '2000-10-06T13:05:46.781Z', 'age': 23}, 'registered': {'date': '2002-06-05T10:18:31.207Z', 'age': 22}, 'phone': '0183-7452145', 'cell': '0179-8425660', 'id': {'name': 'SVNR', 'value': '78 0610100 H 569'}, 'picture': {'large': 'https://randomuser.me/api/portraits/women/19.jpg', 'medium': 'https://randomuser.me/api/portraits/med/women/19.jpg', 'thumbnail': 'https://randomuser.me/api/portraits/thumb/women/19.jpg'}, 'nat': 'DE'}], 'info': {'seed': '733728345a65f154', 'results': 1, 'page': 1, 'version': '1.4'}}</msg>
<arg>${json_data}</arg>
<doc>Logs the given message with the given level.</doc>
<status status="PASS" start="2024-08-01T07:14:31.347984" elapsed="0.000219"/>
</kw>
<kw name="Should Be Equal As Numbers" owner="BuiltIn">
<arg>${json_data['results'][0]['location']['postcode']}</arg>
<arg>${json_data['results'][0]['location']['postcode']}</arg>
<doc>Fails if objects are unequal after converting them to real numbers.</doc>
<status status="PASS" start="2024-08-01T07:14:31.348506" elapsed="0.000631"/>
</kw>
<kw name="Log" owner="BuiltIn">
<msg time="2024-08-01T07:14:31.349779" level="INFO">31029</msg>
<arg>${json_data['results'][0]['location']['postcode']}</arg>
<doc>Logs the given message with the given level.</doc>
<status status="PASS" start="2024-08-01T07:14:31.349332" elapsed="0.000490"/>
</kw>
<status status="PASS" start="2024-08-01T07:14:31.271070" elapsed="0.079017"/>
</kw>
<doc>Testa se os tipos de dados na resposta da API estão corretos.</doc>
<tag>testeTiposDados</tag>
<status status="PASS" start="2024-08-01T07:14:31.184239" elapsed="0.166022"/>
</test>
<test id="s1-s1-t5" name="Validar conteudo" line="35">
<kw name="Teste de Tipos de Conteudo" owner="random-user-service">
<kw name="GET On Session" owner="RequestsLibrary">
<msg time="2024-08-01T07:14:31.749445" level="INFO">GET Request : url=https://randomuser.me/api 
 path_url=/api 
 headers={'User-Agent': 'python-requests/2.32.3', 'Accept-Encoding': 'gzip, deflate', 'Accept': '*/*', 'Connection': 'keep-alive'} 
 body=None 
 </msg>
<msg time="2024-08-01T07:14:31.749554" level="INFO">GET Response : url=https://randomuser.me/api 
 status=200, reason=OK 
 headers={'Date': 'Thu, 01 Aug 2024 07:14:31 GMT', 'Content-Type': 'application/json; charset=utf-8', 'Transfer-Encoding': 'chunked', 'Connection': 'keep-alive', 'X-Powered-By': 'Express', 'Access-Control-Allow-Origin': '*', 'Cache-Control': 'no-cache', 'ETag': 'W/"48f-j40RdyIR8ieVYFHCOxULUxvSGGQ"', 'Vary': 'Accept-Encoding', 'Content-Encoding': 'gzip', 'CF-Cache-Status': 'DYNAMIC', 'Report-To': '{"endpoints":[{"url":"https:\\/\\/a.nel.cloudflare.com\\/report\\/v4?s=doeU6K0eThTrw9eDnjaPolOmcbceaktcqQbM8ldI%2Fy2Xc7lhXRoMV6KOjYTtkSrmJa0iMEKjGIsC%2Bf%2Fa4nsRfvYZ0AXToB2sMm8fuTt4ct0KdlpSKRByzrhz6hQEwARy"}],"group":"cf-nel","max_age":604800}', 'NEL': '{"success_fraction":0,"report_to":"cf-nel","max_age":604800}', 'Server': 'cloudflare', 'CF-RAY': '8ac40821fe6f39b0-IAD', 'alt-svc': 'h3=":443"; ma=86400'} 
 body={"results":[{"gender":"male","name":{"title":"Mr","first":"Sedat","last":"Krupp"},"location":{"street":{"number":2269,"name":"Tulpenweg"},"city":"Schorndorf","state":"Niedersachsen","country":"Germany","postcode":57057,"coordinates":{"latitude":"-54.0720","longitude":"-75.8728"},"timezone":{"offset":"-3:00","description":"Brazil, Buenos Aires, Georgetown"}},"email":"sedat.krupp@example.com","login":{"uuid":"d753ec88-cf40-437b-80ac-e99c68a4daf8","username":"purplesnake895","password":"456456","salt":"X0samETr","md5":"20a5d51ed44b59dddf4ce9b8bb7bc9e6","sha1":"24366a128bda0a9c15aa2197436d39c69f36d2e7","sha256":"6a617364a695be89d3584fe05711dfa353ec114f5a8771784fdb532c1bfbfa07"},"dob":{"date":"1979-04-21T16:39:27.789Z","age":45},"registered":{"date":"2014-02-24T13:35:59.505Z","age":10},"phone":"0356-2869547","cell":"0170-4817734","id":{"name":"SVNR","value":"18 210479 K 199"},"picture":{"large":"https://randomuser.me/api/portraits/men/81.jpg","medium":"https://randomuser.me/api/portraits/med/men/81.jpg","thumbnail":"https://randomuser.me/api/portraits/thumb/men/81.jpg"},"nat":"DE"}],"info":{"seed":"78b1b3658cde3c5f","results":1,"page":1,"version":"1.4"}} 
 </msg>
<msg time="2024-08-01T07:14:31.749673" level="INFO">/opt/hostedtoolcache/Python/3.12.4/x64/lib/python3.12/site-packages/urllib3/connectionpool.py:1099: InsecureRequestWarning: Unverified HTTPS request is being made to host 'randomuser.me'. Adding certificate verification is strongly advised. See: https://urllib3.readthedocs.io/en/latest/advanced-usage.html#tls-warnings
  warnings.warn(</msg>
<msg time="2024-08-01T07:14:31.749817" level="INFO">${response} = &lt;Response [200]&gt;</msg>
<var>${response}</var>
<arg>consultarAPI</arg>
<arg>/api</arg>
<doc>Sends a GET request on a previously created HTTP Session.</doc>
<status status="PASS" start="2024-08-01T07:14:31.352838" elapsed="0.397020"/>
</kw>
<kw name="Set Variable" owner="BuiltIn">
<msg time="2024-08-01T07:14:31.750925" level="INFO">${json_data} = {'results': [{'gender': 'male', 'name': {'title': 'Mr', 'first': 'Sedat', 'last': 'Krupp'}, 'location': {'street': {'number': 2269, 'name': 'Tulpenweg'}, 'city': 'Schorndorf', 'state': 'Niedersachsen'...</msg>
<var>${json_data}</var>
<arg>${response.json()}</arg>
<doc>Returns the given values which can then be assigned to a variables.</doc>
<status status="PASS" start="2024-08-01T07:14:31.750390" elapsed="0.000565"/>
</kw>
<kw name="Set Variable" owner="BuiltIn">
<msg time="2024-08-01T07:14:31.751650" level="INFO">${name_title} = Mr</msg>
<var>${name_title}</var>
<arg>${json_data["results"][0]["name"]["title"]}</arg>
<doc>Returns the given values which can then be assigned to a variables.</doc>
<status status="PASS" start="2024-08-01T07:14:31.751266" elapsed="0.000409"/>
</kw>
<kw name="Create List" owner="BuiltIn">
<msg time="2024-08-01T07:14:31.752132" level="INFO">${allowed_titles} = ['Mr', 'Ms', 'Miss', 'Mrs', 'Madame', 'Monsieur']</msg>
<var>${allowed_titles}</var>
<arg>Mr</arg>
<arg>Ms</arg>
<arg>Miss</arg>
<arg>Mrs</arg>
<arg>Madame</arg>
<arg>Monsieur</arg>
<doc>Returns a list containing given items.</doc>
<status status="PASS" start="2024-08-01T07:14:31.751985" elapsed="0.000172"/>
</kw>
<kw name="List Should Contain Value" owner="Collections">
<arg>${allowed_titles}</arg>
<arg>${name_title}</arg>
<doc>Fails if the ``value`` is not found from ``list``.</doc>
<status status="PASS" start="2024-08-01T07:14:31.752454" elapsed="0.000184"/>
</kw>
<kw name="Set Variable" owner="BuiltIn">
<msg time="2024-08-01T07:14:31.753183" level="INFO">${name_country} = DE</msg>
<var>${name_country}</var>
<arg>${json_data["results"][0]["nat"]}</arg>
<doc>Returns the given values which can then be assigned to a variables.</doc>
<status status="PASS" start="2024-08-01T07:14:31.752815" elapsed="0.000393"/>
</kw>
<kw name="Create List" owner="BuiltIn">
<msg time="2024-08-01T07:14:31.754133" level="INFO">${list_country} = ['AD', 'AE', 'AF', 'AG', 'AI', 'AL', 'AM', 'AO', 'AQ', 'AR', 'AS', 'AT', 'AU', 'AW', 'AX', 'AZ', 'BA', 'BB', 'BD', 'BE', 'BF', 'BG', 'BH', 'BI', 'BJ', 'BL', 'BM', 'BN', 'BO', 'BQ', 'BR', 'BS', 'BT', '...</msg>
<var>${list_country}</var>
<arg>AD</arg>
<arg>AE</arg>
<arg>AF</arg>
<arg>AG</arg>
<arg>AI</arg>
<arg>AL</arg>
<arg>AM</arg>
<arg>AO</arg>
<arg>AQ</arg>
<arg>AR</arg>
<arg>AS</arg>
<arg>AT</arg>
<arg>AU</arg>
<arg>AW</arg>
<arg>AX</arg>
<arg>AZ</arg>
<arg>BA</arg>
<arg>BB</arg>
<arg>BD</arg>
<arg>BE</arg>
<arg>BF</arg>
<arg>BG</arg>
<arg>BH</arg>
<arg>BI</arg>
<arg>BJ</arg>
<arg>BL</arg>
<arg>BM</arg>
<arg>BN</arg>
<arg>BO</arg>
<arg>BQ</arg>
<arg>BR</arg>
<arg>BS</arg>
<arg>BT</arg>
<arg>BV</arg>
<arg>BW</arg>
<arg>BY</arg>
<arg>BZ</arg>
<arg>CA</arg>
<arg>CC</arg>
<arg>CD</arg>
<arg>CF</arg>
<arg>CG</arg>
<arg>CH</arg>
<arg>CI</arg>
<arg>CK</arg>
<arg>CL</arg>
<arg>CM</arg>
<arg>CN</arg>
<arg>CO</arg>
<arg>CR</arg>
<arg>CU</arg>
<arg>CV</arg>
<arg>CW</arg>
<arg>CX</arg>
<arg>CY</arg>
<arg>CZ</arg>
<arg>DE</arg>
<arg>DJ</arg>
<arg>DK</arg>
<arg>DM</arg>
<arg>DO</arg>
<arg>DZ</arg>
<arg>EC</arg>
<arg>EE</arg>
<arg>EG</arg>
<arg>EH</arg>
<arg>ER</arg>
<arg>ES</arg>
<arg>ET</arg>
<arg>FI</arg>
<arg>FJ</arg>
<arg>FK</arg>
<arg>FM</arg>
<arg>FO</arg>
<arg>FR</arg>
<arg>GA</arg>
<arg>GB</arg>
<arg>GD</arg>
<arg>GE</arg>
<arg>GF</arg>
<arg>GG</arg>
<arg>GH</arg>
<arg>GI</arg>
<arg>GL</arg>
<arg>GM</arg>
<arg>GN</arg>
<arg>GP</arg>
<arg>GQ</arg>
<arg>GR</arg>
<arg>GS</arg>
<arg>GT</arg>
<arg>GU</arg>
<arg>GW</arg>
<arg>GY</arg>
<arg>HK</arg>
<arg>HM</arg>
<arg>HN</arg>
<arg>HR</arg>
<arg>HT</arg>
<arg>HU</arg>
<arg>ID</arg>
<arg>IE</arg>
<arg>IL</arg>
<arg>IM</arg>
<arg>IN</arg>
<arg>IO</arg>
<arg>IQ</arg>
<arg>IR</arg>
<arg>IS</arg>
<arg>IT</arg>
<arg>JE</arg>
<arg>JM</arg>
<arg>JO</arg>
<arg>JP</arg>
<arg>KE</arg>
<arg>KG</arg>
<arg>KH</arg>
<arg>KI</arg>
<arg>KM</arg>
<arg>KN</arg>
<arg>KP</arg>
<arg>KR</arg>
<arg>KW</arg>
<arg>KY</arg>
<arg>KZ</arg>
<arg>LA</arg>
<arg>LB</arg>
<arg>LC</arg>
<arg>LI</arg>
<arg>LK</arg>
<arg>LR</arg>
<arg>LS</arg>
<arg>LT</arg>
<arg>LU</arg>
<arg>LV</arg>
<arg>LY</arg>
<arg>MA</arg>
<arg>MC</arg>
<arg>MD</arg>
<arg>ME</arg>
<arg>MF</arg>
<arg>MG</arg>
<arg>MH</arg>
<arg>MK</arg>
<arg>ML</arg>
<arg>MM</arg>
<arg>MN</arg>
<arg>MO</arg>
<arg>MP</arg>
<arg>MQ</arg>
<arg>MR</arg>
<arg>MS</arg>
<arg>MT</arg>
<arg>MU</arg>
<arg>MV</arg>
<arg>MW</arg>
<arg>MX</arg>
<arg>MY</arg>
<arg>MZ</arg>
<arg>NA</arg>
<arg>NC</arg>
<arg>NE</arg>
<arg>NF</arg>
<arg>NG</arg>
<arg>NI</arg>
<arg>NL</arg>
<arg>NO</arg>
<arg>NP</arg>
<arg>NR</arg>
<arg>NU</arg>
<arg>NZ</arg>
<arg>OM</arg>
<arg>PA</arg>
<arg>PE</arg>
<arg>PF</arg>
<arg>PG</arg>
<arg>PH</arg>
<arg>PK</arg>
<arg>PL</arg>
<arg>PM</arg>
<arg>PN</arg>
<arg>PR</arg>
<arg>PS</arg>
<arg>PT</arg>
<arg>PW</arg>
<arg>PY</arg>
<arg>QA</arg>
<arg>RE</arg>
<arg>RO</arg>
<arg>RS</arg>
<arg>RU</arg>
<arg>RW</arg>
<arg>SA</arg>
<arg>SB</arg>
<arg>SC</arg>
<arg>SD</arg>
<arg>SE</arg>
<arg>SG</arg>
<arg>SH</arg>
<arg>SI</arg>
<arg>SJ</arg>
<arg>SK</arg>
<arg>SL</arg>
<arg>SM</arg>
<arg>SN</arg>
<arg>SO</arg>
<arg>SR</arg>
<arg>SS</arg>
<arg>ST</arg>
<arg>SV</arg>
<arg>SX</arg>
<arg>SY</arg>
<arg>SZ</arg>
<arg>TC</arg>
<arg>TD</arg>
<arg>TF</arg>
<arg>TG</arg>
<arg>TH</arg>
<arg>TJ</arg>
<arg>TK</arg>
<arg>TL</arg>
<arg>TM</arg>
<arg>TN</arg>
<arg>TO</arg>
<arg>TR</arg>
<arg>TT</arg>
<arg>TV</arg>
<arg>TW</arg>
<arg>TZ</arg>
<arg>UA</arg>
<arg>UG</arg>
<arg>UM</arg>
<arg>US</arg>
<arg>UY</arg>
<arg>UZ</arg>
<arg>VA</arg>
<arg>VC</arg>
<arg>VE</arg>
<arg>VG</arg>
<arg>VI</arg>
<arg>VN</arg>
<arg>VU</arg>
<arg>WF</arg>
<arg>WS</arg>
<arg>XK</arg>
<arg>YE</arg>
<arg>YT</arg>
<arg>ZA</arg>
<arg>ZM</arg>
<arg>ZW</arg>
<doc>Returns a list containing given items.</doc>
<status status="PASS" start="2024-08-01T07:14:31.753493" elapsed="0.000669"/>
</kw>
<kw name="List Should Contain Value" owner="Collections">
<arg>${list_country}</arg>
<arg>${name_country}</arg>
<doc>Fails if the ``value`` is not found from ``list``.</doc>
<status status="PASS" start="2024-08-01T07:14:31.755143" elapsed="0.000218"/>
</kw>
<kw name="Run Keyword If" owner="BuiltIn">
<kw name="Should Be True" owner="BuiltIn">
<arg>${True}</arg>
<doc>Fails if the given condition is not true.</doc>
<status status="PASS" start="2024-08-01T07:14:31.756336" elapsed="0.000144"/>
</kw>
<arg>${json_data["results"][0]["location"]["coordinates"]["latitude"]} &gt;= -90 and ${json_data["results"][0]["location"]["coordinates"]["latitude"]} &lt;= 90</arg>
<arg>Should Be True</arg>
<arg>${True}</arg>
<doc>Runs the given keyword with the given arguments, if ``condition`` is true.</doc>
<status status="PASS" start="2024-08-01T07:14:31.755558" elapsed="0.001048"/>
</kw>
<kw name="Run Keyword If" owner="BuiltIn">
<kw name="Should Be True" owner="BuiltIn">
<arg>${True}</arg>
<doc>Fails if the given condition is not true.</doc>
<status status="PASS" start="2024-08-01T07:14:31.757474" elapsed="0.000159"/>
</kw>
<arg>${json_data["results"][0]["location"]["coordinates"]["longitude"]} &gt;= -180 and ${json_data["results"][0]["location"]["coordinates"]["longitude"]} &lt;= 180</arg>
<arg>Should Be True</arg>
<arg>${True}</arg>
<doc>Runs the given keyword with the given arguments, if ``condition`` is true.</doc>
<status status="PASS" start="2024-08-01T07:14:31.756786" elapsed="0.000974"/>
</kw>
<status status="PASS" start="2024-08-01T07:14:31.352608" elapsed="0.405282"/>
</kw>
<doc>Testa o conteúdo específico dos campos retornados pela API.</doc>
<tag>testeConteudo</tag>
<status status="PASS" start="2024-08-01T07:14:31.352043" elapsed="0.405999"/>
</test>
<status status="PASS" start="2024-08-01T07:14:30.525450" elapsed="1.234581"/>
</suite>
<status status="PASS" start="2024-08-01T07:14:30.510793" elapsed="1.254414"/>
</suite>
<statistics>
<total>
<stat pass="5" fail="0" skip="0">All Tests</stat>
</total>
<tag>
<stat pass="1" fail="0" skip="0">testeConteudo</stat>
<stat pass="1" fail="0" skip="0">testeEstruturaResposta</stat>
<stat pass="1" fail="0" skip="0">testeRequisicaoBasica</stat>
<stat pass="1" fail="0" skip="0">testeTiposDados</stat>
</tag>
<suite>
<stat pass="5" fail="0" skip="0" id="s1" name="Tests">Tests</stat>
<stat pass="5" fail="0" skip="0" id="s1-s1" name="Random-User-Test">Tests.Random-User-Test</stat>
</suite>
</statistics>
<errors>
</errors>
</robot>
