<?xml version="1.0" encoding="UTF-8"?>
<robot generator="Robot 7.0 (Python 3.12.3 on linux)" generated="2024-04-23T15:14:06.652034" rpa="false" schemaversion="5">
<suite id="s1" name="Tests" source="/home/runner/work/DesafioQAItauRogerioJordao/DesafioQAItauRogerioJordao/RamdonUser/tests">
<suite id="s1-s1" name="Random-User-Test" source="/home/runner/work/DesafioQAItauRogerioJordao/DesafioQAItauRogerioJordao/RamdonUser/tests/random-user-test.robot">
<test id="s1-s1-t1" name="Conectar" line="13">
<kw name="Conectar API" owner="random-user-service">
<kw name="Create Session" owner="RequestsLibrary">
<msg time="2024-04-23T15:14:07.008214" level="INFO">Creating Session using : alias=consultarAPI, url=https://randomuser.me/, headers={},                     cookies={}, auth=None, timeout=None, proxies=None, verify=False,                     debug=0 </msg>
<arg>consultarAPI</arg>
<arg>${URL}</arg>
<doc>Create Session: create a HTTP session to a server</doc>
<status status="PASS" start="2024-04-23T15:14:07.008021" elapsed="0.000364"/>
</kw>
<status status="PASS" start="2024-04-23T15:14:07.007071" elapsed="0.001656"/>
</kw>
<status status="PASS" start="2024-04-23T15:14:07.006554" elapsed="0.002366"/>
</test>
<test id="s1-s1-t2" name="Validar retorno 200 e JSON Válido" line="16">
<kw name="Teste de Requisicao Basica" owner="random-user-service">
<kw name="GET On Session" owner="RequestsLibrary">
<msg time="2024-04-23T15:14:08.341934" level="INFO">GET Request : url=https://randomuser.me/api 
 path_url=/api 
 headers={'User-Agent': 'python-requests/2.31.0', 'Accept-Encoding': 'gzip, deflate', 'Accept': '*/*', 'Connection': 'keep-alive'} 
 body=None 
 </msg>
<msg time="2024-04-23T15:14:08.342088" level="INFO">GET Response : url=https://randomuser.me/api 
 status=200, reason=OK 
 headers={'Date': 'Tue, 23 Apr 2024 15:14:08 GMT', 'Content-Type': 'application/json; charset=utf-8', 'Transfer-Encoding': 'chunked', 'Connection': 'keep-alive', 'X-Powered-By': 'Express', 'Access-Control-Allow-Origin': '*', 'Cache-Control': 'no-cache', 'ETag': 'W/"4ac-9O/nL+WNvbCh6qcNF/33jf3AlQU"', 'Vary': 'Accept-Encoding', 'Content-Encoding': 'gzip', 'CF-Cache-Status': 'DYNAMIC', 'Report-To': '{"endpoints":[{"url":"https:\\/\\/a.nel.cloudflare.com\\/report\\/v4?s=yELk6idtioX7kMPMPkl4j%2BgwF1kDCQJtbgaVb0VEv3NRqSZ2sDfjNClHp4pU0JpdOHMQZ2effeLXGRz0Qpul%2BvwVEY5sfYTNIZpOk%2F%2Fn014mAX2QoNgCJW496AAi5Q5a"}],"group":"cf-nel","max_age":604800}', 'NEL': '{"success_fraction":0,"report_to":"cf-nel","max_age":604800}', 'Server': 'cloudflare', 'CF-RAY': '878ecd2a2cba2c24-ORD', 'alt-svc': 'h3=":443"; ma=86400'} 
 body={"results":[{"gender":"female","name":{"title":"Madame","first":"Annika","last":"Vincent"},"location":{"street":{"number":9338,"name":"Rue du Château"},"city":"Lignerolle","state":"Luzern","country":"Switzerland","postcode":1071,"coordinates":{"latitude":"-60.0280","longitude":"99.5370"},"timezone":{"offset":"-4:00","description":"Atlantic Time (Canada), Caracas, La Paz"}},"email":"annika.vincent@example.com","login":{"uuid":"1fb4ec87-ce4b-455e-9185-5089fd0db9c7","username":"goldengoose110","password":"logitech","salt":"3qQut3fg","md5":"5838af868e95930a3fde5b9cde6edadf","sha1":"9e3bddce55cb16375cd56fa03ba33587265ef5ab","sha256":"e685d8c6e9022d9ce1a5fbdc0942d50179483aa65dd8caa8904cd0d08301854d"},"dob":{"date":"1973-05-11T20:37:37.895Z","age":50},"registered":{"date":"2014-05-26T05:17:53.200Z","age":9},"phone":"079 657 46 54","cell":"075 405 29 93","id":{"name":"AVS","value":"756.3846.7673.49"},"picture":{"large":"https://randomuser.me/api/portraits/women/93.jpg","medium":"https://randomuser.me/api/portraits/med/women/93.jpg","thumbnail":"https://randomuser.me/api/portraits/thumb/women/93.jpg"},"nat":"CH"}],"info":{"seed":"4d46db86726ebcb5","results":1,"page":1,"version":"1.4"}} 
 </msg>
<msg time="2024-04-23T15:14:08.342173" level="INFO">/opt/hostedtoolcache/Python/3.12.3/x64/lib/python3.12/site-packages/urllib3/connectionpool.py:1103: InsecureRequestWarning: Unverified HTTPS request is being made to host 'randomuser.me'. Adding certificate verification is strongly advised. See: https://urllib3.readthedocs.io/en/latest/advanced-usage.html#tls-warnings
  warnings.warn(</msg>
<msg time="2024-04-23T15:14:08.342337" level="INFO">${response} = &lt;Response [200]&gt;</msg>
<var>${response}</var>
<arg>consultarAPI</arg>
<arg>/api</arg>
<doc>Sends a GET request on a previously created HTTP Session.</doc>
<status status="PASS" start="2024-04-23T15:14:07.011534" elapsed="1.330849"/>
</kw>
<kw name="Should Be Equal As Numbers" owner="BuiltIn">
<msg time="2024-04-23T15:14:08.343395" level="INFO">Argument types are:
&lt;class 'int'&gt;
&lt;class 'str'&gt;</msg>
<arg>${response.status_code}</arg>
<arg>200</arg>
<doc>Fails if objects are unequal after converting them to real numbers.</doc>
<status status="PASS" start="2024-04-23T15:14:08.342939" elapsed="0.000520"/>
</kw>
<kw name="Log" owner="BuiltIn">
<msg time="2024-04-23T15:14:08.344161" level="INFO">200</msg>
<arg>${response.status_code}</arg>
<doc>Logs the given message with the given level.</doc>
<status status="PASS" start="2024-04-23T15:14:08.343818" elapsed="0.000384"/>
</kw>
<kw name="Set Variable" owner="BuiltIn">
<msg time="2024-04-23T15:14:08.344939" level="INFO">${json_data} = {'results': [{'gender': 'female', 'name': {'title': 'Madame', 'first': 'Annika', 'last': 'Vincent'}, 'location': {'street': {'number': 9338, 'name': 'Rue du Château'}, 'city': 'Lignerolle', 'state': '...</msg>
<var>${json_data}</var>
<arg>${response.json()}</arg>
<doc>Returns the given values which can then be assigned to a variables.</doc>
<status status="PASS" start="2024-04-23T15:14:08.344502" elapsed="0.000467"/>
</kw>
<kw name="Dictionary Should Contain Key" owner="Collections">
<msg time="2024-04-23T15:14:08.345431" level="INFO">False</msg>
<arg>${json_data}</arg>
<arg>results</arg>
<doc>Fails if ``key`` is not found from ``dictionary``.</doc>
<status status="PASS" start="2024-04-23T15:14:08.345268" elapsed="0.000206"/>
</kw>
<status status="PASS" start="2024-04-23T15:14:07.011291" elapsed="1.334451"/>
</kw>
<doc>Testa se a API responde corretamente e retorna um objeto JSON válido.</doc>
<tag>testeRequisicaoBasica</tag>
<status status="PASS" start="2024-04-23T15:14:07.010831" elapsed="1.335094"/>
</test>
<test id="s1-s1-t3" name="Validar estrutura de resposta" line="22">
<kw name="Teste de Estrutura de Resposta" owner="random-user-service">
<kw name="GET On Session" owner="RequestsLibrary">
<msg time="2024-04-23T15:14:08.625807" level="INFO">GET Request : url=https://randomuser.me/api 
 path_url=/api 
 headers={'User-Agent': 'python-requests/2.31.0', 'Accept-Encoding': 'gzip, deflate', 'Accept': '*/*', 'Connection': 'keep-alive'} 
 body=None 
 </msg>
<msg time="2024-04-23T15:14:08.625915" level="INFO">GET Response : url=https://randomuser.me/api 
 status=200, reason=OK 
 headers={'Date': 'Tue, 23 Apr 2024 15:14:08 GMT', 'Content-Type': 'application/json; charset=utf-8', 'Transfer-Encoding': 'chunked', 'Connection': 'keep-alive', 'X-Powered-By': 'Express', 'Access-Control-Allow-Origin': '*', 'Cache-Control': 'no-cache', 'ETag': 'W/"488-cmlWv+l5O98++wdpAoxegddL5tg"', 'Vary': 'Accept-Encoding', 'Content-Encoding': 'gzip', 'CF-Cache-Status': 'DYNAMIC', 'Report-To': '{"endpoints":[{"url":"https:\\/\\/a.nel.cloudflare.com\\/report\\/v4?s=%2FohBZbX4v5fVQIGFbzkE0VCoGqL42YBF2%2BOhTaV8sx2lMDvXETuCp3v6XF0%2FfWvWaOJcaMTidUwBP14gl2fAyRC9pqypdwsrYBvH3oxgDYz3aEJ9VqFzDZmaQaYfG7kz"}],"group":"cf-nel","max_age":604800}', 'NEL': '{"success_fraction":0,"report_to":"cf-nel","max_age":604800}', 'Server': 'cloudflare', 'CF-RAY': '878ecd323f382c24-ORD', 'alt-svc': 'h3=":443"; ma=86400'} 
 body={"results":[{"gender":"female","name":{"title":"Miss","first":"Erin","last":"Hale"},"location":{"street":{"number":4063,"name":"Westmoreland Street"},"city":"Longford","state":"Dublin City","country":"Ireland","postcode":71729,"coordinates":{"latitude":"2.3731","longitude":"159.4855"},"timezone":{"offset":"-7:00","description":"Mountain Time (US &amp; Canada)"}},"email":"erin.hale@example.com","login":{"uuid":"55126f93-a86b-43ed-b32f-42a60b45e05b","username":"whitefish219","password":"bedford","salt":"GyRp61Un","md5":"bb319b47bd2a6853f8427ebca469d1bb","sha1":"df4217172ea637fda7f80dc0e5a0735d6b2170f3","sha256":"d7254261071a0fbbc0fcac96f41670cd2bd96aea766ffbe3927a6de46ac65410"},"dob":{"date":"1980-09-09T17:34:27.408Z","age":43},"registered":{"date":"2010-10-30T05:45:18.308Z","age":13},"phone":"051-239-0371","cell":"081-198-1202","id":{"name":"PPS","value":"2779382T"},"picture":{"large":"https://randomuser.me/api/portraits/women/0.jpg","medium":"https://randomuser.me/api/portraits/med/women/0.jpg","thumbnail":"https://randomuser.me/api/portraits/thumb/women/0.jpg"},"nat":"IE"}],"info":{"seed":"0aa60feed7f69ea3","results":1,"page":1,"version":"1.4"}} 
 </msg>
<msg time="2024-04-23T15:14:08.626065" level="INFO">/opt/hostedtoolcache/Python/3.12.3/x64/lib/python3.12/site-packages/urllib3/connectionpool.py:1103: InsecureRequestWarning: Unverified HTTPS request is being made to host 'randomuser.me'. Adding certificate verification is strongly advised. See: https://urllib3.readthedocs.io/en/latest/advanced-usage.html#tls-warnings
  warnings.warn(</msg>
<msg time="2024-04-23T15:14:08.626231" level="INFO">${response} = &lt;Response [200]&gt;</msg>
<var>${response}</var>
<arg>consultarAPI</arg>
<arg>/api</arg>
<doc>Sends a GET request on a previously created HTTP Session.</doc>
<status status="PASS" start="2024-04-23T15:14:08.348637" elapsed="0.277655"/>
</kw>
<kw name="Set Variable" owner="BuiltIn">
<msg time="2024-04-23T15:14:08.627359" level="INFO">${json_data} = {'results': [{'gender': 'female', 'name': {'title': 'Miss', 'first': 'Erin', 'last': 'Hale'}, 'location': {'street': {'number': 4063, 'name': 'Westmoreland Street'}, 'city': 'Longford', 'state': 'Dubl...</msg>
<var>${json_data}</var>
<arg>${response.json()}</arg>
<doc>Returns the given values which can then be assigned to a variables.</doc>
<status status="PASS" start="2024-04-23T15:14:08.626836" elapsed="0.000552"/>
</kw>
<kw name="Log" owner="BuiltIn">
<msg time="2024-04-23T15:14:08.627889" level="INFO">{'results': [{'gender': 'female', 'name': {'title': 'Miss', 'first': 'Erin', 'last': 'Hale'}, 'location': {'street': {'number': 4063, 'name': 'Westmoreland Street'}, 'city': 'Longford', 'state': 'Dublin City', 'country': 'Ireland', 'postcode': 71729, 'coordinates': {'latitude': '2.3731', 'longitude': '159.4855'}, 'timezone': {'offset': '-7:00', 'description': 'Mountain Time (US &amp; Canada)'}}, 'email': 'erin.hale@example.com', 'login': {'uuid': '55126f93-a86b-43ed-b32f-42a60b45e05b', 'username': 'whitefish219', 'password': 'bedford', 'salt': 'GyRp61Un', 'md5': 'bb319b47bd2a6853f8427ebca469d1bb', 'sha1': 'df4217172ea637fda7f80dc0e5a0735d6b2170f3', 'sha256': 'd7254261071a0fbbc0fcac96f41670cd2bd96aea766ffbe3927a6de46ac65410'}, 'dob': {'date': '1980-09-09T17:34:27.408Z', 'age': 43}, 'registered': {'date': '2010-10-30T05:45:18.308Z', 'age': 13}, 'phone': '051-239-0371', 'cell': '081-198-1202', 'id': {'name': 'PPS', 'value': '2779382T'}, 'picture': {'large': 'https://randomuser.me/api/portraits/women/0.jpg', 'medium': 'https://randomuser.me/api/portraits/med/women/0.jpg', 'thumbnail': 'https://randomuser.me/api/portraits/thumb/women/0.jpg'}, 'nat': 'IE'}], 'info': {'seed': '0aa60feed7f69ea3', 'results': 1, 'page': 1, 'version': '1.4'}}</msg>
<arg>${json_data}</arg>
<doc>Logs the given message with the given level.</doc>
<status status="PASS" start="2024-04-23T15:14:08.627730" elapsed="0.000208"/>
</kw>
<kw name="Dictionary Should Contain Key" owner="Collections">
<msg time="2024-04-23T15:14:08.628387" level="INFO">False</msg>
<arg>${json_data}</arg>
<arg>results</arg>
<doc>Fails if ``key`` is not found from ``dictionary``.</doc>
<status status="PASS" start="2024-04-23T15:14:08.628228" elapsed="0.000196"/>
</kw>
<kw name="Should Not Be Empty" owner="BuiltIn">
<msg time="2024-04-23T15:14:08.628840" level="INFO">Length is 2.</msg>
<arg>${json_data}</arg>
<doc>Verifies that the given item is not empty.</doc>
<status status="PASS" start="2024-04-23T15:14:08.628711" elapsed="0.000326"/>
</kw>
<kw name="Create List" owner="BuiltIn">
<msg time="2024-04-23T15:14:08.629473" level="INFO">${expected_keys} = ['gender', 'name', 'location', 'email', 'login']</msg>
<var>${expected_keys}</var>
<arg>gender</arg>
<arg>name</arg>
<arg>location</arg>
<arg>email</arg>
<arg>login</arg>
<doc>Returns a list containing given items.</doc>
<status status="PASS" start="2024-04-23T15:14:08.629327" elapsed="0.000170"/>
</kw>
<for flavor="IN">
<iter>
<kw name="Dictionary Should Contain Key" owner="Collections">
<msg time="2024-04-23T15:14:08.630474" level="INFO">False</msg>
<arg>${json_data['results'][0]}</arg>
<arg>${key}</arg>
<doc>Fails if ``key`` is not found from ``dictionary``.</doc>
<status status="PASS" start="2024-04-23T15:14:08.630076" elapsed="0.000435"/>
</kw>
<kw name="Log" owner="BuiltIn">
<msg time="2024-04-23T15:14:08.631178" level="INFO">{'gender': 'female', 'name': {'title': 'Miss', 'first': 'Erin', 'last': 'Hale'}, 'location': {'street': {'number': 4063, 'name': 'Westmoreland Street'}, 'city': 'Longford', 'state': 'Dublin City', 'country': 'Ireland', 'postcode': 71729, 'coordinates': {'latitude': '2.3731', 'longitude': '159.4855'}, 'timezone': {'offset': '-7:00', 'description': 'Mountain Time (US &amp; Canada)'}}, 'email': 'erin.hale@example.com', 'login': {'uuid': '55126f93-a86b-43ed-b32f-42a60b45e05b', 'username': 'whitefish219', 'password': 'bedford', 'salt': 'GyRp61Un', 'md5': 'bb319b47bd2a6853f8427ebca469d1bb', 'sha1': 'df4217172ea637fda7f80dc0e5a0735d6b2170f3', 'sha256': 'd7254261071a0fbbc0fcac96f41670cd2bd96aea766ffbe3927a6de46ac65410'}, 'dob': {'date': '1980-09-09T17:34:27.408Z', 'age': 43}, 'registered': {'date': '2010-10-30T05:45:18.308Z', 'age': 13}, 'phone': '051-239-0371', 'cell': '081-198-1202', 'id': {'name': 'PPS', 'value': '2779382T'}, 'picture': {'large': 'https://randomuser.me/api/portraits/women/0.jpg', 'medium': 'https://randomuser.me/api/portraits/med/women/0.jpg', 'thumbnail': 'https://randomuser.me/api/portraits/thumb/women/0.jpg'}, 'nat': 'IE'}</msg>
<arg>${json_data['results'][0]}</arg>
<doc>Logs the given message with the given level.</doc>
<status status="PASS" start="2024-04-23T15:14:08.630820" elapsed="0.000406"/>
</kw>
<kw name="Log" owner="BuiltIn">
<msg time="2024-04-23T15:14:08.631675" level="INFO">gender</msg>
<arg>${key}</arg>
<doc>Logs the given message with the given level.</doc>
<status status="PASS" start="2024-04-23T15:14:08.631514" elapsed="0.000197"/>
</kw>
<var name="${key}">gender</var>
<status status="PASS" start="2024-04-23T15:14:08.629950" elapsed="0.001975"/>
</iter>
<iter>
<kw name="Dictionary Should Contain Key" owner="Collections">
<msg time="2024-04-23T15:14:08.632609" level="INFO">False</msg>
<arg>${json_data['results'][0]}</arg>
<arg>${key}</arg>
<doc>Fails if ``key`` is not found from ``dictionary``.</doc>
<status status="PASS" start="2024-04-23T15:14:08.632224" elapsed="0.000421"/>
</kw>
<kw name="Log" owner="BuiltIn">
<msg time="2024-04-23T15:14:08.633326" level="INFO">{'gender': 'female', 'name': {'title': 'Miss', 'first': 'Erin', 'last': 'Hale'}, 'location': {'street': {'number': 4063, 'name': 'Westmoreland Street'}, 'city': 'Longford', 'state': 'Dublin City', 'country': 'Ireland', 'postcode': 71729, 'coordinates': {'latitude': '2.3731', 'longitude': '159.4855'}, 'timezone': {'offset': '-7:00', 'description': 'Mountain Time (US &amp; Canada)'}}, 'email': 'erin.hale@example.com', 'login': {'uuid': '55126f93-a86b-43ed-b32f-42a60b45e05b', 'username': 'whitefish219', 'password': 'bedford', 'salt': 'GyRp61Un', 'md5': 'bb319b47bd2a6853f8427ebca469d1bb', 'sha1': 'df4217172ea637fda7f80dc0e5a0735d6b2170f3', 'sha256': 'd7254261071a0fbbc0fcac96f41670cd2bd96aea766ffbe3927a6de46ac65410'}, 'dob': {'date': '1980-09-09T17:34:27.408Z', 'age': 43}, 'registered': {'date': '2010-10-30T05:45:18.308Z', 'age': 13}, 'phone': '051-239-0371', 'cell': '081-198-1202', 'id': {'name': 'PPS', 'value': '2779382T'}, 'picture': {'large': 'https://randomuser.me/api/portraits/women/0.jpg', 'medium': 'https://randomuser.me/api/portraits/med/women/0.jpg', 'thumbnail': 'https://randomuser.me/api/portraits/thumb/women/0.jpg'}, 'nat': 'IE'}</msg>
<arg>${json_data['results'][0]}</arg>
<doc>Logs the given message with the given level.</doc>
<status status="PASS" start="2024-04-23T15:14:08.632966" elapsed="0.000408"/>
</kw>
<kw name="Log" owner="BuiltIn">
<msg time="2024-04-23T15:14:08.633793" level="INFO">name</msg>
<arg>${key}</arg>
<doc>Logs the given message with the given level.</doc>
<status status="PASS" start="2024-04-23T15:14:08.633668" elapsed="0.000161"/>
</kw>
<var name="${key}">name</var>
<status status="PASS" start="2024-04-23T15:14:08.632111" elapsed="0.001929"/>
</iter>
<iter>
<kw name="Dictionary Should Contain Key" owner="Collections">
<msg time="2024-04-23T15:14:08.634705" level="INFO">False</msg>
<arg>${json_data['results'][0]}</arg>
<arg>${key}</arg>
<doc>Fails if ``key`` is not found from ``dictionary``.</doc>
<status status="PASS" start="2024-04-23T15:14:08.634328" elapsed="0.000413"/>
</kw>
<kw name="Log" owner="BuiltIn">
<msg time="2024-04-23T15:14:08.635394" level="INFO">{'gender': 'female', 'name': {'title': 'Miss', 'first': 'Erin', 'last': 'Hale'}, 'location': {'street': {'number': 4063, 'name': 'Westmoreland Street'}, 'city': 'Longford', 'state': 'Dublin City', 'country': 'Ireland', 'postcode': 71729, 'coordinates': {'latitude': '2.3731', 'longitude': '159.4855'}, 'timezone': {'offset': '-7:00', 'description': 'Mountain Time (US &amp; Canada)'}}, 'email': 'erin.hale@example.com', 'login': {'uuid': '55126f93-a86b-43ed-b32f-42a60b45e05b', 'username': 'whitefish219', 'password': 'bedford', 'salt': 'GyRp61Un', 'md5': 'bb319b47bd2a6853f8427ebca469d1bb', 'sha1': 'df4217172ea637fda7f80dc0e5a0735d6b2170f3', 'sha256': 'd7254261071a0fbbc0fcac96f41670cd2bd96aea766ffbe3927a6de46ac65410'}, 'dob': {'date': '1980-09-09T17:34:27.408Z', 'age': 43}, 'registered': {'date': '2010-10-30T05:45:18.308Z', 'age': 13}, 'phone': '051-239-0371', 'cell': '081-198-1202', 'id': {'name': 'PPS', 'value': '2779382T'}, 'picture': {'large': 'https://randomuser.me/api/portraits/women/0.jpg', 'medium': 'https://randomuser.me/api/portraits/med/women/0.jpg', 'thumbnail': 'https://randomuser.me/api/portraits/thumb/women/0.jpg'}, 'nat': 'IE'}</msg>
<arg>${json_data['results'][0]}</arg>
<doc>Logs the given message with the given level.</doc>
<status status="PASS" start="2024-04-23T15:14:08.635037" elapsed="0.000404"/>
</kw>
<kw name="Log" owner="BuiltIn">
<msg time="2024-04-23T15:14:08.635905" level="INFO">location</msg>
<arg>${key}</arg>
<doc>Logs the given message with the given level.</doc>
<status status="PASS" start="2024-04-23T15:14:08.635776" elapsed="0.000167"/>
</kw>
<var name="${key}">location</var>
<status status="PASS" start="2024-04-23T15:14:08.634216" elapsed="0.001942"/>
</iter>
<iter>
<kw name="Dictionary Should Contain Key" owner="Collections">
<msg time="2024-04-23T15:14:08.636854" level="INFO">False</msg>
<arg>${json_data['results'][0]}</arg>
<arg>${key}</arg>
<doc>Fails if ``key`` is not found from ``dictionary``.</doc>
<status status="PASS" start="2024-04-23T15:14:08.636438" elapsed="0.000454"/>
</kw>
<kw name="Log" owner="BuiltIn">
<msg time="2024-04-23T15:14:08.637540" level="INFO">{'gender': 'female', 'name': {'title': 'Miss', 'first': 'Erin', 'last': 'Hale'}, 'location': {'street': {'number': 4063, 'name': 'Westmoreland Street'}, 'city': 'Longford', 'state': 'Dublin City', 'country': 'Ireland', 'postcode': 71729, 'coordinates': {'latitude': '2.3731', 'longitude': '159.4855'}, 'timezone': {'offset': '-7:00', 'description': 'Mountain Time (US &amp; Canada)'}}, 'email': 'erin.hale@example.com', 'login': {'uuid': '55126f93-a86b-43ed-b32f-42a60b45e05b', 'username': 'whitefish219', 'password': 'bedford', 'salt': 'GyRp61Un', 'md5': 'bb319b47bd2a6853f8427ebca469d1bb', 'sha1': 'df4217172ea637fda7f80dc0e5a0735d6b2170f3', 'sha256': 'd7254261071a0fbbc0fcac96f41670cd2bd96aea766ffbe3927a6de46ac65410'}, 'dob': {'date': '1980-09-09T17:34:27.408Z', 'age': 43}, 'registered': {'date': '2010-10-30T05:45:18.308Z', 'age': 13}, 'phone': '051-239-0371', 'cell': '081-198-1202', 'id': {'name': 'PPS', 'value': '2779382T'}, 'picture': {'large': 'https://randomuser.me/api/portraits/women/0.jpg', 'medium': 'https://randomuser.me/api/portraits/med/women/0.jpg', 'thumbnail': 'https://randomuser.me/api/portraits/thumb/women/0.jpg'}, 'nat': 'IE'}</msg>
<arg>${json_data['results'][0]}</arg>
<doc>Logs the given message with the given level.</doc>
<status status="PASS" start="2024-04-23T15:14:08.637183" elapsed="0.000406"/>
</kw>
<kw name="Log" owner="BuiltIn">
<msg time="2024-04-23T15:14:08.638013" level="INFO">email</msg>
<arg>${key}</arg>
<doc>Logs the given message with the given level.</doc>
<status status="PASS" start="2024-04-23T15:14:08.637888" elapsed="0.000162"/>
</kw>
<var name="${key}">email</var>
<status status="PASS" start="2024-04-23T15:14:08.636328" elapsed="0.001930"/>
</iter>
<iter>
<kw name="Dictionary Should Contain Key" owner="Collections">
<msg time="2024-04-23T15:14:08.638920" level="INFO">False</msg>
<arg>${json_data['results'][0]}</arg>
<arg>${key}</arg>
<doc>Fails if ``key`` is not found from ``dictionary``.</doc>
<status status="PASS" start="2024-04-23T15:14:08.638537" elapsed="0.000419"/>
</kw>
<kw name="Log" owner="BuiltIn">
<msg time="2024-04-23T15:14:08.639630" level="INFO">{'gender': 'female', 'name': {'title': 'Miss', 'first': 'Erin', 'last': 'Hale'}, 'location': {'street': {'number': 4063, 'name': 'Westmoreland Street'}, 'city': 'Longford', 'state': 'Dublin City', 'country': 'Ireland', 'postcode': 71729, 'coordinates': {'latitude': '2.3731', 'longitude': '159.4855'}, 'timezone': {'offset': '-7:00', 'description': 'Mountain Time (US &amp; Canada)'}}, 'email': 'erin.hale@example.com', 'login': {'uuid': '55126f93-a86b-43ed-b32f-42a60b45e05b', 'username': 'whitefish219', 'password': 'bedford', 'salt': 'GyRp61Un', 'md5': 'bb319b47bd2a6853f8427ebca469d1bb', 'sha1': 'df4217172ea637fda7f80dc0e5a0735d6b2170f3', 'sha256': 'd7254261071a0fbbc0fcac96f41670cd2bd96aea766ffbe3927a6de46ac65410'}, 'dob': {'date': '1980-09-09T17:34:27.408Z', 'age': 43}, 'registered': {'date': '2010-10-30T05:45:18.308Z', 'age': 13}, 'phone': '051-239-0371', 'cell': '081-198-1202', 'id': {'name': 'PPS', 'value': '2779382T'}, 'picture': {'large': 'https://randomuser.me/api/portraits/women/0.jpg', 'medium': 'https://randomuser.me/api/portraits/med/women/0.jpg', 'thumbnail': 'https://randomuser.me/api/portraits/thumb/women/0.jpg'}, 'nat': 'IE'}</msg>
<arg>${json_data['results'][0]}</arg>
<doc>Logs the given message with the given level.</doc>
<status status="PASS" start="2024-04-23T15:14:08.639243" elapsed="0.000443"/>
</kw>
<kw name="Log" owner="BuiltIn">
<msg time="2024-04-23T15:14:08.640123" level="INFO">login</msg>
<arg>${key}</arg>
<doc>Logs the given message with the given level.</doc>
<status status="PASS" start="2024-04-23T15:14:08.639979" elapsed="0.000183"/>
</kw>
<var name="${key}">login</var>
<status status="PASS" start="2024-04-23T15:14:08.638427" elapsed="0.001970"/>
</iter>
<var>${key}</var>
<value>@{expected_keys}</value>
<status status="PASS" start="2024-04-23T15:14:08.629756" elapsed="0.010765"/>
</for>
<kw name="Create List" owner="BuiltIn">
<msg time="2024-04-23T15:14:08.640846" level="INFO">${expected_keysTwo} = ['username', 'password']</msg>
<var>${expected_keysTwo}</var>
<arg>username</arg>
<arg>password</arg>
<doc>Returns a list containing given items.</doc>
<status status="PASS" start="2024-04-23T15:14:08.640712" elapsed="0.000157"/>
</kw>
<for flavor="IN">
<iter>
<kw name="Dictionary Should Contain Key" owner="Collections">
<msg time="2024-04-23T15:14:08.641768" level="INFO">False</msg>
<arg>${json_data['results'][0]['login']}</arg>
<arg>${keyTwo}</arg>
<doc>Fails if ``key`` is not found from ``dictionary``.</doc>
<status status="PASS" start="2024-04-23T15:14:08.641382" elapsed="0.000423"/>
</kw>
<kw name="Dictionary Should Contain Key" owner="Collections">
<msg time="2024-04-23T15:14:08.642478" level="INFO">False</msg>
<arg>${json_data['results'][0]['login']}</arg>
<arg>${keyTwo}</arg>
<doc>Fails if ``key`` is not found from ``dictionary``.</doc>
<status status="PASS" start="2024-04-23T15:14:08.642095" elapsed="0.000419"/>
</kw>
<kw name="Log" owner="BuiltIn">
<msg time="2024-04-23T15:14:08.642931" level="INFO">username</msg>
<arg>${keyTwo}</arg>
<doc>Logs the given message with the given level.</doc>
<status status="PASS" start="2024-04-23T15:14:08.642800" elapsed="0.000169"/>
</kw>
<var name="${keyTwo}">username</var>
<status status="PASS" start="2024-04-23T15:14:08.641273" elapsed="0.001905"/>
</iter>
<iter>
<kw name="Dictionary Should Contain Key" owner="Collections">
<msg time="2024-04-23T15:14:08.643947" level="INFO">False</msg>
<arg>${json_data['results'][0]['login']}</arg>
<arg>${keyTwo}</arg>
<doc>Fails if ``key`` is not found from ``dictionary``.</doc>
<status status="PASS" start="2024-04-23T15:14:08.643457" elapsed="0.000536"/>
</kw>
<kw name="Dictionary Should Contain Key" owner="Collections">
<msg time="2024-04-23T15:14:08.644665" level="INFO">False</msg>
<arg>${json_data['results'][0]['login']}</arg>
<arg>${keyTwo}</arg>
<doc>Fails if ``key`` is not found from ``dictionary``.</doc>
<status status="PASS" start="2024-04-23T15:14:08.644288" elapsed="0.000413"/>
</kw>
<kw name="Log" owner="BuiltIn">
<msg time="2024-04-23T15:14:08.645113" level="INFO">password</msg>
<arg>${keyTwo}</arg>
<doc>Logs the given message with the given level.</doc>
<status status="PASS" start="2024-04-23T15:14:08.644989" elapsed="0.000160"/>
</kw>
<var name="${keyTwo}">password</var>
<status status="PASS" start="2024-04-23T15:14:08.643348" elapsed="0.002010"/>
</iter>
<var>${keyTwo}</var>
<value>@{expected_keysTwo}</value>
<status status="PASS" start="2024-04-23T15:14:08.641109" elapsed="0.004367"/>
</for>
<status status="PASS" start="2024-04-23T15:14:08.348405" elapsed="0.297211"/>
</kw>
<doc>Testa a estrutura da resposta da API.</doc>
<tag>testeEstruturaResposta</tag>
<status status="PASS" start="2024-04-23T15:14:08.347771" elapsed="0.298004"/>
</test>
<test id="s1-s1-t4" name="Validar tipos de dados" line="28">
<kw name="Teste de Tipos de Dados" owner="random-user-service">
<kw name="GET On Session" owner="RequestsLibrary">
<msg time="2024-04-23T15:14:08.727046" level="INFO">GET Request : url=https://randomuser.me/api 
 path_url=/api 
 headers={'User-Agent': 'python-requests/2.31.0', 'Accept-Encoding': 'gzip, deflate', 'Accept': '*/*', 'Connection': 'keep-alive'} 
 body=None 
 </msg>
<msg time="2024-04-23T15:14:08.727147" level="INFO">GET Response : url=https://randomuser.me/api 
 status=200, reason=OK 
 headers={'Date': 'Tue, 23 Apr 2024 15:14:08 GMT', 'Content-Type': 'application/json; charset=utf-8', 'Transfer-Encoding': 'chunked', 'Connection': 'keep-alive', 'X-Powered-By': 'Express', 'Access-Control-Allow-Origin': '*', 'Cache-Control': 'no-cache', 'ETag': 'W/"48e-6Tbg3rCKT8uYE1YyFXslJANBhbY"', 'Vary': 'Accept-Encoding', 'Content-Encoding': 'gzip', 'CF-Cache-Status': 'DYNAMIC', 'Report-To': '{"endpoints":[{"url":"https:\\/\\/a.nel.cloudflare.com\\/report\\/v4?s=R0BNK5IoGPowdRUyLiReVw%2F9H%2BBdjtt6cmzOC2wu58evseCoJx0%2F8TJJVqyUw53Wv56w5YXui%2FVSO8n%2Bn9n5q3eTAlu1bgFvCmJymrcgWD%2FaMXsotVY0sOjIiqn7r6AV"}],"group":"cf-nel","max_age":604800}', 'NEL': '{"success_fraction":0,"report_to":"cf-nel","max_age":604800}', 'Server': 'cloudflare', 'CF-RAY': '878ecd3419992c24-ORD', 'alt-svc': 'h3=":443"; ma=86400'} 
 body={"results":[{"gender":"male","name":{"title":"Mr","first":"Lorenzo","last":"Prange"},"location":{"street":{"number":8322,"name":"Industriestraße"},"city":"Weißwasser/O.L.","state":"Berlin","country":"Germany","postcode":66948,"coordinates":{"latitude":"-49.3357","longitude":"-141.9657"},"timezone":{"offset":"+6:00","description":"Almaty, Dhaka, Colombo"}},"email":"lorenzo.prange@example.com","login":{"uuid":"aacd6f2a-e0ae-48de-8e20-10b21e3886f6","username":"blackbear169","password":"three","salt":"4aQ4HZ3I","md5":"57519125e07e9e11f52a17d62fada2c9","sha1":"77ceb1486c909e8c768502d03c194c5c47be1236","sha256":"d6b9e3d45a310d6b74a9edea288156ce084b2cbaed434d95c2c2c89ce6030fe9"},"dob":{"date":"1947-07-25T13:54:24.736Z","age":76},"registered":{"date":"2016-07-13T09:05:50.682Z","age":7},"phone":"0182-5539448","cell":"0174-7142922","id":{"name":"SVNR","value":"44 250747 P 385"},"picture":{"large":"https://randomuser.me/api/portraits/men/15.jpg","medium":"https://randomuser.me/api/portraits/med/men/15.jpg","thumbnail":"https://randomuser.me/api/portraits/thumb/men/15.jpg"},"nat":"DE"}],"info":{"seed":"f08963eb2994655f","results":1,"page":1,"version":"1.4"}} 
 </msg>
<msg time="2024-04-23T15:14:08.727230" level="INFO">/opt/hostedtoolcache/Python/3.12.3/x64/lib/python3.12/site-packages/urllib3/connectionpool.py:1103: InsecureRequestWarning: Unverified HTTPS request is being made to host 'randomuser.me'. Adding certificate verification is strongly advised. See: https://urllib3.readthedocs.io/en/latest/advanced-usage.html#tls-warnings
  warnings.warn(</msg>
<msg time="2024-04-23T15:14:08.727368" level="INFO">${response} = &lt;Response [200]&gt;</msg>
<var>${response}</var>
<arg>consultarAPI</arg>
<arg>/api</arg>
<doc>Sends a GET request on a previously created HTTP Session.</doc>
<status status="PASS" start="2024-04-23T15:14:08.648406" elapsed="0.079015"/>
</kw>
<kw name="Set Variable" owner="BuiltIn">
<msg time="2024-04-23T15:14:08.728560" level="INFO">${json_data} = {'results': [{'gender': 'male', 'name': {'title': 'Mr', 'first': 'Lorenzo', 'last': 'Prange'}, 'location': {'street': {'number': 8322, 'name': 'Industriestraße'}, 'city': 'Weißwasser/O.L.', 'state': '...</msg>
<var>${json_data}</var>
<arg>${response.json()}</arg>
<doc>Returns the given values which can then be assigned to a variables.</doc>
<status status="PASS" start="2024-04-23T15:14:08.728003" elapsed="0.000587"/>
</kw>
<kw name="Log" owner="BuiltIn">
<msg time="2024-04-23T15:14:08.729052" level="INFO">{'results': [{'gender': 'male', 'name': {'title': 'Mr', 'first': 'Lorenzo', 'last': 'Prange'}, 'location': {'street': {'number': 8322, 'name': 'Industriestraße'}, 'city': 'Weißwasser/O.L.', 'state': 'Berlin', 'country': 'Germany', 'postcode': 66948, 'coordinates': {'latitude': '-49.3357', 'longitude': '-141.9657'}, 'timezone': {'offset': '+6:00', 'description': 'Almaty, Dhaka, Colombo'}}, 'email': 'lorenzo.prange@example.com', 'login': {'uuid': 'aacd6f2a-e0ae-48de-8e20-10b21e3886f6', 'username': 'blackbear169', 'password': 'three', 'salt': '4aQ4HZ3I', 'md5': '57519125e07e9e11f52a17d62fada2c9', 'sha1': '77ceb1486c909e8c768502d03c194c5c47be1236', 'sha256': 'd6b9e3d45a310d6b74a9edea288156ce084b2cbaed434d95c2c2c89ce6030fe9'}, 'dob': {'date': '1947-07-25T13:54:24.736Z', 'age': 76}, 'registered': {'date': '2016-07-13T09:05:50.682Z', 'age': 7}, 'phone': '0182-5539448', 'cell': '0174-7142922', 'id': {'name': 'SVNR', 'value': '44 250747 P 385'}, 'picture': {'large': 'https://randomuser.me/api/portraits/men/15.jpg', 'medium': 'https://randomuser.me/api/portraits/med/men/15.jpg', 'thumbnail': 'https://randomuser.me/api/portraits/thumb/men/15.jpg'}, 'nat': 'DE'}], 'info': {'seed': 'f08963eb2994655f', 'results': 1, 'page': 1, 'version': '1.4'}}</msg>
<arg>${json_data}</arg>
<doc>Logs the given message with the given level.</doc>
<status status="PASS" start="2024-04-23T15:14:08.728894" elapsed="0.000243"/>
</kw>
<kw name="Should Be String" owner="String">
<arg>${json_data['results'][0]['gender']}</arg>
<doc>Fails if the given ``item`` is not a string.</doc>
<status status="PASS" start="2024-04-23T15:14:08.729434" elapsed="0.000370"/>
</kw>
<kw name="Should Match Regexp" owner="BuiltIn">
<arg>${json_data['results'][0]['email']}</arg>
<arg>^[a-zA-Z0-9._%+-]+@[a-zA-Z0-9.-]+\.[a-zA-Z]{2,}$</arg>
<doc>Fails if ``string`` does not match ``pattern`` as a regular expression.</doc>
<status status="PASS" start="2024-04-23T15:14:08.729995" elapsed="0.000516"/>
</kw>
<kw name="Should Match Regexp" owner="BuiltIn">
<arg>${json_data['results'][0]['dob']['date']}</arg>
<arg>\\d{4}-\\d{2}-\\d{2}T\\d{2}:\\d{2}:\\d{2}\\.\\d{3}Z</arg>
<doc>Fails if ``string`` does not match ``pattern`` as a regular expression.</doc>
<status status="PASS" start="2024-04-23T15:14:08.730704" elapsed="0.000479"/>
</kw>
<kw name="Should Match Regexp" owner="BuiltIn">
<arg>${json_data['results'][0]['registered']['date']}</arg>
<arg>\\d{4}-\\d{2}-\\d{2}T\\d{2}:\\d{2}:\\d{2}\\.\\d{3}Z</arg>
<doc>Fails if ``string`` does not match ``pattern`` as a regular expression.</doc>
<status status="PASS" start="2024-04-23T15:14:08.731371" elapsed="0.000412"/>
</kw>
<kw name="Should Match Regexp" owner="BuiltIn">
<arg>${json_data['results'][0]['picture']['large']}</arg>
<arg>^https?://.*\.(?:png|jpe?g|gif|bmp)$</arg>
<doc>Fails if ``string`` does not match ``pattern`` as a regular expression.</doc>
<status status="PASS" start="2024-04-23T15:14:08.731970" elapsed="0.000465"/>
</kw>
<kw name="Should Match Regexp" owner="BuiltIn">
<arg>${json_data['results'][0]['picture']['medium']}</arg>
<arg>^https?://.*\.(?:png|jpe?g|gif|bmp)$</arg>
<doc>Fails if ``string`` does not match ``pattern`` as a regular expression.</doc>
<status status="PASS" start="2024-04-23T15:14:08.732629" elapsed="0.000361"/>
</kw>
<kw name="Should Match Regexp" owner="BuiltIn">
<arg>${json_data['results'][0]['picture']['thumbnail']}</arg>
<arg>^https?://.*\.(?:png|jpe?g|gif|bmp)$</arg>
<doc>Fails if ``string`` does not match ``pattern`` as a regular expression.</doc>
<status status="PASS" start="2024-04-23T15:14:08.733176" elapsed="0.000348"/>
</kw>
<kw name="Log" owner="BuiltIn">
<msg time="2024-04-23T15:14:08.734024" level="INFO">{'large': 'https://randomuser.me/api/portraits/men/15.jpg', 'medium': 'https://randomuser.me/api/portraits/med/men/15.jpg', 'thumbnail': 'https://randomuser.me/api/portraits/thumb/men/15.jpg'}</msg>
<arg>${json_data['results'][0]['picture']}</arg>
<doc>Logs the given message with the given level.</doc>
<status status="PASS" start="2024-04-23T15:14:08.733703" elapsed="0.000362"/>
</kw>
<status status="PASS" start="2024-04-23T15:14:08.648175" elapsed="0.086139"/>
</kw>
<kw name="Teste de Tipos de Dados - Postcode" owner="random-user-service">
<kw name="GET On Session" owner="RequestsLibrary">
<msg time="2024-04-23T15:14:08.794626" level="INFO">GET Request : url=https://randomuser.me/api 
 path_url=/api 
 headers={'User-Agent': 'python-requests/2.31.0', 'Accept-Encoding': 'gzip, deflate', 'Accept': '*/*', 'Connection': 'keep-alive'} 
 body=None 
 </msg>
<msg time="2024-04-23T15:14:08.794689" level="INFO">GET Response : url=https://randomuser.me/api 
 status=200, reason=OK 
 headers={'Date': 'Tue, 23 Apr 2024 15:14:08 GMT', 'Content-Type': 'application/json; charset=utf-8', 'Transfer-Encoding': 'chunked', 'Connection': 'keep-alive', 'X-Powered-By': 'Express', 'Access-Control-Allow-Origin': '*', 'Cache-Control': 'no-cache', 'ETag': 'W/"482-v0n1LW9Ja/R7SU210HUolOR3tXQ"', 'Vary': 'Accept-Encoding', 'Content-Encoding': 'gzip', 'CF-Cache-Status': 'DYNAMIC', 'Report-To': '{"endpoints":[{"url":"https:\\/\\/a.nel.cloudflare.com\\/report\\/v4?s=POMQmd7NvLEkRiJ672R8VFoUSQAPIvCDGBUjFvm3%2FZLOjTaugfwe7QDViv1bDzFPA3Vzzwr1YnoXG53bzF%2FSAb%2FunK9p9J2SkPy82EXIQnPQIKAzGK1wPbN6QKiWdeFW"}],"group":"cf-nel","max_age":604800}', 'NEL': '{"success_fraction":0,"report_to":"cf-nel","max_age":604800}', 'Server': 'cloudflare', 'CF-RAY': '878ecd349a2e2c24-ORD', 'alt-svc': 'h3=":443"; ma=86400'} 
 body={"results":[{"gender":"female","name":{"title":"Miss","first":"Marliese","last":"Mayerhofer"},"location":{"street":{"number":5796,"name":"Finkenweg"},"city":"Bonn","state":"Hessen","country":"Germany","postcode":89135,"coordinates":{"latitude":"-50.9846","longitude":"121.9676"},"timezone":{"offset":"+5:45","description":"Kathmandu"}},"email":"marliese.mayerhofer@example.com","login":{"uuid":"b90c9426-efc7-4c77-ace4-faefbc9d0948","username":"crazyzebra697","password":"their","salt":"8VEWEDjV","md5":"a387d7c7da8a34d20c46c3c5bd299c0a","sha1":"d34920966811674c79b02f9cfa7f5a9dc407de37","sha256":"630c5049a273b3dcb738e3d16510ddc07717fcf8bf9a6e99d15359992d3209c8"},"dob":{"date":"1995-12-26T07:39:45.191Z","age":28},"registered":{"date":"2021-10-05T17:20:57.982Z","age":2},"phone":"0758-0525661","cell":"0179-1261989","id":{"name":"SVNR","value":"45 261295 M 720"},"picture":{"large":"https://randomuser.me/api/portraits/women/72.jpg","medium":"https://randomuser.me/api/portraits/med/women/72.jpg","thumbnail":"https://randomuser.me/api/portraits/thumb/women/72.jpg"},"nat":"DE"}],"info":{"seed":"69ab86fdcb219750","results":1,"page":1,"version":"1.4"}} 
 </msg>
<msg time="2024-04-23T15:14:08.794744" level="INFO">/opt/hostedtoolcache/Python/3.12.3/x64/lib/python3.12/site-packages/urllib3/connectionpool.py:1103: InsecureRequestWarning: Unverified HTTPS request is being made to host 'randomuser.me'. Adding certificate verification is strongly advised. See: https://urllib3.readthedocs.io/en/latest/advanced-usage.html#tls-warnings
  warnings.warn(</msg>
<msg time="2024-04-23T15:14:08.794829" level="INFO">${response} = &lt;Response [200]&gt;</msg>
<var>${response}</var>
<arg>consultarAPI</arg>
<arg>/api</arg>
<doc>Sends a GET request on a previously created HTTP Session.</doc>
<status status="PASS" start="2024-04-23T15:14:08.734767" elapsed="0.060087"/>
</kw>
<kw name="Set Variable" owner="BuiltIn">
<msg time="2024-04-23T15:14:08.795703" level="INFO">${json_data} = {'results': [{'gender': 'female', 'name': {'title': 'Miss', 'first': 'Marliese', 'last': 'Mayerhofer'}, 'location': {'street': {'number': 5796, 'name': 'Finkenweg'}, 'city': 'Bonn', 'state': 'Hessen',...</msg>
<var>${json_data}</var>
<arg>${response.json()}</arg>
<doc>Returns the given values which can then be assigned to a variables.</doc>
<status status="PASS" start="2024-04-23T15:14:08.795228" elapsed="0.000503"/>
</kw>
<kw name="Log" owner="BuiltIn">
<msg time="2024-04-23T15:14:08.796195" level="INFO">{'results': [{'gender': 'female', 'name': {'title': 'Miss', 'first': 'Marliese', 'last': 'Mayerhofer'}, 'location': {'street': {'number': 5796, 'name': 'Finkenweg'}, 'city': 'Bonn', 'state': 'Hessen', 'country': 'Germany', 'postcode': 89135, 'coordinates': {'latitude': '-50.9846', 'longitude': '121.9676'}, 'timezone': {'offset': '+5:45', 'description': 'Kathmandu'}}, 'email': 'marliese.mayerhofer@example.com', 'login': {'uuid': 'b90c9426-efc7-4c77-ace4-faefbc9d0948', 'username': 'crazyzebra697', 'password': 'their', 'salt': '8VEWEDjV', 'md5': 'a387d7c7da8a34d20c46c3c5bd299c0a', 'sha1': 'd34920966811674c79b02f9cfa7f5a9dc407de37', 'sha256': '630c5049a273b3dcb738e3d16510ddc07717fcf8bf9a6e99d15359992d3209c8'}, 'dob': {'date': '1995-12-26T07:39:45.191Z', 'age': 28}, 'registered': {'date': '2021-10-05T17:20:57.982Z', 'age': 2}, 'phone': '0758-0525661', 'cell': '0179-1261989', 'id': {'name': 'SVNR', 'value': '45 261295 M 720'}, 'picture': {'large': 'https://randomuser.me/api/portraits/women/72.jpg', 'medium': 'https://randomuser.me/api/portraits/med/women/72.jpg', 'thumbnail': 'https://randomuser.me/api/portraits/thumb/women/72.jpg'}, 'nat': 'DE'}], 'info': {'seed': '69ab86fdcb219750', 'results': 1, 'page': 1, 'version': '1.4'}}</msg>
<arg>${json_data}</arg>
<doc>Logs the given message with the given level.</doc>
<status status="PASS" start="2024-04-23T15:14:08.796045" elapsed="0.000248"/>
</kw>
<kw name="Should Be Equal As Numbers" owner="BuiltIn">
<arg>${json_data['results'][0]['location']['postcode']}</arg>
<arg>${json_data['results'][0]['location']['postcode']}</arg>
<doc>Fails if objects are unequal after converting them to real numbers.</doc>
<status status="PASS" start="2024-04-23T15:14:08.796721" elapsed="0.000621"/>
</kw>
<kw name="Log" owner="BuiltIn">
<msg time="2024-04-23T15:14:08.797871" level="INFO">89135</msg>
<arg>${json_data['results'][0]['location']['postcode']}</arg>
<doc>Logs the given message with the given level.</doc>
<status status="PASS" start="2024-04-23T15:14:08.797531" elapsed="0.000380"/>
</kw>
<status status="PASS" start="2024-04-23T15:14:08.734535" elapsed="0.063623"/>
</kw>
<doc>Testa se os tipos de dados na resposta da API estão corretos.</doc>
<tag>testeTiposDados</tag>
<status status="PASS" start="2024-04-23T15:14:08.647532" elapsed="0.150788"/>
</test>
<test id="s1-s1-t5" name="Validar conteudo" line="35">
<kw name="Teste de Tipos de Conteudo" owner="random-user-service">
<kw name="GET On Session" owner="RequestsLibrary">
<msg time="2024-04-23T15:14:08.888348" level="INFO">GET Request : url=https://randomuser.me/api 
 path_url=/api 
 headers={'User-Agent': 'python-requests/2.31.0', 'Accept-Encoding': 'gzip, deflate', 'Accept': '*/*', 'Connection': 'keep-alive'} 
 body=None 
 </msg>
<msg time="2024-04-23T15:14:08.888421" level="INFO">GET Response : url=https://randomuser.me/api 
 status=200, reason=OK 
 headers={'Date': 'Tue, 23 Apr 2024 15:14:08 GMT', 'Content-Type': 'application/json; charset=utf-8', 'Transfer-Encoding': 'chunked', 'Connection': 'keep-alive', 'X-Powered-By': 'Express', 'Access-Control-Allow-Origin': '*', 'Cache-Control': 'no-cache', 'ETag': 'W/"498-QT6fbxzz+Wi41LHk+1alOfzND2k"', 'Vary': 'Accept-Encoding', 'Content-Encoding': 'gzip', 'CF-Cache-Status': 'DYNAMIC', 'Report-To': '{"endpoints":[{"url":"https:\\/\\/a.nel.cloudflare.com\\/report\\/v4?s=qU%2FhSi9oPOYbMsPFaGw5JnSmxAi7e2WgLTNbFru3uJLDRP9sx4eX4rxqx736emNDX5ZOEtioEQpNAMg3BIhQfzR5a4nsIyOHEfcu4NB12uLm%2BSYmAHRm7VaL015tlJcR"}],"group":"cf-nel","max_age":604800}', 'NEL': '{"success_fraction":0,"report_to":"cf-nel","max_age":604800}', 'Server': 'cloudflare', 'CF-RAY': '878ecd350ac12c24-ORD', 'alt-svc': 'h3=":443"; ma=86400'} 
 body={"results":[{"gender":"male","name":{"title":"Mr","first":"Marvin","last":"Montgomery"},"location":{"street":{"number":9833,"name":"Depaul Dr"},"city":"Orange","state":"South Australia","country":"Australia","postcode":7091,"coordinates":{"latitude":"-84.9685","longitude":"-56.4827"},"timezone":{"offset":"+11:00","description":"Magadan, Solomon Islands, New Caledonia"}},"email":"marvin.montgomery@example.com","login":{"uuid":"a9ff2a82-f102-426d-a00b-1c49a81fff94","username":"angrypanda168","password":"5252","salt":"9gcliz1x","md5":"10765228a1da9c92405087fbf424ca4d","sha1":"e6a6dbdd5cf220df80482a82bdf63d1141a78b84","sha256":"cbb03d65cf18c19681bff09bad1a1fcc82e0e97c9b98e9c10fab149913fbd557"},"dob":{"date":"1988-12-14T07:53:05.352Z","age":35},"registered":{"date":"2007-05-27T19:22:48.602Z","age":16},"phone":"06-5199-9538","cell":"0459-045-491","id":{"name":"TFN","value":"672991935"},"picture":{"large":"https://randomuser.me/api/portraits/men/56.jpg","medium":"https://randomuser.me/api/portraits/med/men/56.jpg","thumbnail":"https://randomuser.me/api/portraits/thumb/men/56.jpg"},"nat":"AU"}],"info":{"seed":"292f38a8433b14f2","results":1,"page":1,"version":"1.4"}} 
 </msg>
<msg time="2024-04-23T15:14:08.888478" level="INFO">/opt/hostedtoolcache/Python/3.12.3/x64/lib/python3.12/site-packages/urllib3/connectionpool.py:1103: InsecureRequestWarning: Unverified HTTPS request is being made to host 'randomuser.me'. Adding certificate verification is strongly advised. See: https://urllib3.readthedocs.io/en/latest/advanced-usage.html#tls-warnings
  warnings.warn(</msg>
<msg time="2024-04-23T15:14:08.888573" level="INFO">${response} = &lt;Response [200]&gt;</msg>
<var>${response}</var>
<arg>consultarAPI</arg>
<arg>/api</arg>
<doc>Sends a GET request on a previously created HTTP Session.</doc>
<status status="PASS" start="2024-04-23T15:14:08.800738" elapsed="0.087861"/>
</kw>
<kw name="Set Variable" owner="BuiltIn">
<msg time="2024-04-23T15:14:08.889475" level="INFO">${json_data} = {'results': [{'gender': 'male', 'name': {'title': 'Mr', 'first': 'Marvin', 'last': 'Montgomery'}, 'location': {'street': {'number': 9833, 'name': 'Depaul Dr'}, 'city': 'Orange', 'state': 'South Austra...</msg>
<var>${json_data}</var>
<arg>${response.json()}</arg>
<doc>Returns the given values which can then be assigned to a variables.</doc>
<status status="PASS" start="2024-04-23T15:14:08.889021" elapsed="0.000482"/>
</kw>
<kw name="Set Variable" owner="BuiltIn">
<msg time="2024-04-23T15:14:08.890179" level="INFO">${name_title} = Mr</msg>
<var>${name_title}</var>
<arg>${json_data["results"][0]["name"]["title"]}</arg>
<doc>Returns the given values which can then be assigned to a variables.</doc>
<status status="PASS" start="2024-04-23T15:14:08.889802" elapsed="0.000402"/>
</kw>
<kw name="Create List" owner="BuiltIn">
<msg time="2024-04-23T15:14:08.890648" level="INFO">${allowed_titles} = ['Mr', 'Ms', 'Miss', 'Mrs', 'Madame', 'Monsieur']</msg>
<var>${allowed_titles}</var>
<arg>Mr</arg>
<arg>Ms</arg>
<arg>Miss</arg>
<arg>Mrs</arg>
<arg>Madame</arg>
<arg>Monsieur</arg>
<doc>Returns a list containing given items.</doc>
<status status="PASS" start="2024-04-23T15:14:08.890503" elapsed="0.000169"/>
</kw>
<kw name="List Should Contain Value" owner="Collections">
<msg time="2024-04-23T15:14:08.891138" level="INFO">False</msg>
<arg>${allowed_titles}</arg>
<arg>${name_title}</arg>
<doc>Fails if the ``value`` is not found from ``list``.</doc>
<status status="PASS" start="2024-04-23T15:14:08.890966" elapsed="0.000208"/>
</kw>
<kw name="Set Variable" owner="BuiltIn">
<msg time="2024-04-23T15:14:08.891881" level="INFO">${name_country} = AU</msg>
<var>${name_country}</var>
<arg>${json_data["results"][0]["nat"]}</arg>
<doc>Returns the given values which can then be assigned to a variables.</doc>
<status status="PASS" start="2024-04-23T15:14:08.891454" elapsed="0.000452"/>
</kw>
<kw name="Create List" owner="BuiltIn">
<msg time="2024-04-23T15:14:08.892809" level="INFO">${list_country} = ['AD', 'AE', 'AF', 'AG', 'AI', 'AL', 'AM', 'AO', 'AQ', 'AR', 'AS', 'AT', 'AU', 'AW', 'AX', 'AZ', 'BA', 'BB', 'BD', 'BE', 'BF', 'BG', 'BH', 'BI', 'BJ', 'BL', 'BM', 'BN', 'BO', 'BQ', 'BR', 'BS', 'BT', '...</msg>
<var>${list_country}</var>
<arg>AD</arg>
<arg>AE</arg>
<arg>AF</arg>
<arg>AG</arg>
<arg>AI</arg>
<arg>AL</arg>
<arg>AM</arg>
<arg>AO</arg>
<arg>AQ</arg>
<arg>AR</arg>
<arg>AS</arg>
<arg>AT</arg>
<arg>AU</arg>
<arg>AW</arg>
<arg>AX</arg>
<arg>AZ</arg>
<arg>BA</arg>
<arg>BB</arg>
<arg>BD</arg>
<arg>BE</arg>
<arg>BF</arg>
<arg>BG</arg>
<arg>BH</arg>
<arg>BI</arg>
<arg>BJ</arg>
<arg>BL</arg>
<arg>BM</arg>
<arg>BN</arg>
<arg>BO</arg>
<arg>BQ</arg>
<arg>BR</arg>
<arg>BS</arg>
<arg>BT</arg>
<arg>BV</arg>
<arg>BW</arg>
<arg>BY</arg>
<arg>BZ</arg>
<arg>CA</arg>
<arg>CC</arg>
<arg>CD</arg>
<arg>CF</arg>
<arg>CG</arg>
<arg>CH</arg>
<arg>CI</arg>
<arg>CK</arg>
<arg>CL</arg>
<arg>CM</arg>
<arg>CN</arg>
<arg>CO</arg>
<arg>CR</arg>
<arg>CU</arg>
<arg>CV</arg>
<arg>CW</arg>
<arg>CX</arg>
<arg>CY</arg>
<arg>CZ</arg>
<arg>DE</arg>
<arg>DJ</arg>
<arg>DK</arg>
<arg>DM</arg>
<arg>DO</arg>
<arg>DZ</arg>
<arg>EC</arg>
<arg>EE</arg>
<arg>EG</arg>
<arg>EH</arg>
<arg>ER</arg>
<arg>ES</arg>
<arg>ET</arg>
<arg>FI</arg>
<arg>FJ</arg>
<arg>FK</arg>
<arg>FM</arg>
<arg>FO</arg>
<arg>FR</arg>
<arg>GA</arg>
<arg>GB</arg>
<arg>GD</arg>
<arg>GE</arg>
<arg>GF</arg>
<arg>GG</arg>
<arg>GH</arg>
<arg>GI</arg>
<arg>GL</arg>
<arg>GM</arg>
<arg>GN</arg>
<arg>GP</arg>
<arg>GQ</arg>
<arg>GR</arg>
<arg>GS</arg>
<arg>GT</arg>
<arg>GU</arg>
<arg>GW</arg>
<arg>GY</arg>
<arg>HK</arg>
<arg>HM</arg>
<arg>HN</arg>
<arg>HR</arg>
<arg>HT</arg>
<arg>HU</arg>
<arg>ID</arg>
<arg>IE</arg>
<arg>IL</arg>
<arg>IM</arg>
<arg>IN</arg>
<arg>IO</arg>
<arg>IQ</arg>
<arg>IR</arg>
<arg>IS</arg>
<arg>IT</arg>
<arg>JE</arg>
<arg>JM</arg>
<arg>JO</arg>
<arg>JP</arg>
<arg>KE</arg>
<arg>KG</arg>
<arg>KH</arg>
<arg>KI</arg>
<arg>KM</arg>
<arg>KN</arg>
<arg>KP</arg>
<arg>KR</arg>
<arg>KW</arg>
<arg>KY</arg>
<arg>KZ</arg>
<arg>LA</arg>
<arg>LB</arg>
<arg>LC</arg>
<arg>LI</arg>
<arg>LK</arg>
<arg>LR</arg>
<arg>LS</arg>
<arg>LT</arg>
<arg>LU</arg>
<arg>LV</arg>
<arg>LY</arg>
<arg>MA</arg>
<arg>MC</arg>
<arg>MD</arg>
<arg>ME</arg>
<arg>MF</arg>
<arg>MG</arg>
<arg>MH</arg>
<arg>MK</arg>
<arg>ML</arg>
<arg>MM</arg>
<arg>MN</arg>
<arg>MO</arg>
<arg>MP</arg>
<arg>MQ</arg>
<arg>MR</arg>
<arg>MS</arg>
<arg>MT</arg>
<arg>MU</arg>
<arg>MV</arg>
<arg>MW</arg>
<arg>MX</arg>
<arg>MY</arg>
<arg>MZ</arg>
<arg>NA</arg>
<arg>NC</arg>
<arg>NE</arg>
<arg>NF</arg>
<arg>NG</arg>
<arg>NI</arg>
<arg>NL</arg>
<arg>NO</arg>
<arg>NP</arg>
<arg>NR</arg>
<arg>NU</arg>
<arg>NZ</arg>
<arg>OM</arg>
<arg>PA</arg>
<arg>PE</arg>
<arg>PF</arg>
<arg>PG</arg>
<arg>PH</arg>
<arg>PK</arg>
<arg>PL</arg>
<arg>PM</arg>
<arg>PN</arg>
<arg>PR</arg>
<arg>PS</arg>
<arg>PT</arg>
<arg>PW</arg>
<arg>PY</arg>
<arg>QA</arg>
<arg>RE</arg>
<arg>RO</arg>
<arg>RS</arg>
<arg>RU</arg>
<arg>RW</arg>
<arg>SA</arg>
<arg>SB</arg>
<arg>SC</arg>
<arg>SD</arg>
<arg>SE</arg>
<arg>SG</arg>
<arg>SH</arg>
<arg>SI</arg>
<arg>SJ</arg>
<arg>SK</arg>
<arg>SL</arg>
<arg>SM</arg>
<arg>SN</arg>
<arg>SO</arg>
<arg>SR</arg>
<arg>SS</arg>
<arg>ST</arg>
<arg>SV</arg>
<arg>SX</arg>
<arg>SY</arg>
<arg>SZ</arg>
<arg>TC</arg>
<arg>TD</arg>
<arg>TF</arg>
<arg>TG</arg>
<arg>TH</arg>
<arg>TJ</arg>
<arg>TK</arg>
<arg>TL</arg>
<arg>TM</arg>
<arg>TN</arg>
<arg>TO</arg>
<arg>TR</arg>
<arg>TT</arg>
<arg>TV</arg>
<arg>TW</arg>
<arg>TZ</arg>
<arg>UA</arg>
<arg>UG</arg>
<arg>UM</arg>
<arg>US</arg>
<arg>UY</arg>
<arg>UZ</arg>
<arg>VA</arg>
<arg>VC</arg>
<arg>VE</arg>
<arg>VG</arg>
<arg>VI</arg>
<arg>VN</arg>
<arg>VU</arg>
<arg>WF</arg>
<arg>WS</arg>
<arg>XK</arg>
<arg>YE</arg>
<arg>YT</arg>
<arg>ZA</arg>
<arg>ZM</arg>
<arg>ZW</arg>
<doc>Returns a list containing given items.</doc>
<status status="PASS" start="2024-04-23T15:14:08.892218" elapsed="0.000617"/>
</kw>
<kw name="List Should Contain Value" owner="Collections">
<msg time="2024-04-23T15:14:08.893839" level="INFO">False</msg>
<arg>${list_country}</arg>
<arg>${name_country}</arg>
<doc>Fails if the ``value`` is not found from ``list``.</doc>
<status status="PASS" start="2024-04-23T15:14:08.893624" elapsed="0.000253"/>
</kw>
<kw name="Run Keyword If" owner="BuiltIn">
<kw name="Should Be True" owner="BuiltIn">
<arg>${True}</arg>
<doc>Fails if the given condition is not true.</doc>
<status status="PASS" start="2024-04-23T15:14:08.894972" elapsed="0.000248"/>
</kw>
<arg>${json_data["results"][0]["location"]["coordinates"]["latitude"]} &gt;= -90 and ${json_data["results"][0]["location"]["coordinates"]["latitude"]} &lt;= 90</arg>
<arg>Should Be True</arg>
<arg>${True}</arg>
<doc>Runs the given keyword with the given arguments, if ``condition`` is true.</doc>
<status status="PASS" start="2024-04-23T15:14:08.894201" elapsed="0.001150"/>
</kw>
<kw name="Run Keyword If" owner="BuiltIn">
<kw name="Should Be True" owner="BuiltIn">
<arg>${True}</arg>
<doc>Fails if the given condition is not true.</doc>
<status status="PASS" start="2024-04-23T15:14:08.896267" elapsed="0.000134"/>
</kw>
<arg>${json_data["results"][0]["location"]["coordinates"]["longitude"]} &gt;= -180 and ${json_data["results"][0]["location"]["coordinates"]["longitude"]} &lt;= 180</arg>
<arg>Should Be True</arg>
<arg>${True}</arg>
<doc>Runs the given keyword with the given arguments, if ``condition`` is true.</doc>
<status status="PASS" start="2024-04-23T15:14:08.895534" elapsed="0.000988"/>
</kw>
<status status="PASS" start="2024-04-23T15:14:08.800521" elapsed="0.096128"/>
</kw>
<doc>Testa o conteúdo específico dos campos retornados pela API.</doc>
<tag>testeConteudo</tag>
<status status="PASS" start="2024-04-23T15:14:08.800069" elapsed="0.096724"/>
</test>
<status status="PASS" start="2024-04-23T15:14:06.709965" elapsed="2.188766"/>
</suite>
<status status="PASS" start="2024-04-23T15:14:06.696345" elapsed="2.207512"/>
</suite>
<statistics>
<total>
<stat pass="5" fail="0" skip="0">All Tests</stat>
</total>
<tag>
<stat pass="1" fail="0" skip="0">testeConteudo</stat>
<stat pass="1" fail="0" skip="0">testeEstruturaResposta</stat>
<stat pass="1" fail="0" skip="0">testeRequisicaoBasica</stat>
<stat pass="1" fail="0" skip="0">testeTiposDados</stat>
</tag>
<suite>
<stat pass="5" fail="0" skip="0" id="s1" name="Tests">Tests</stat>
<stat pass="5" fail="0" skip="0" id="s1-s1" name="Random-User-Test">Tests.Random-User-Test</stat>
</suite>
</statistics>
<errors>
</errors>
</robot>
