<?xml version="1.0" encoding="UTF-8"?>
<robot generator="Robot 7.0 (Python 3.12.2 on linux)" generated="2024-03-24T20:13:07.833680" rpa="false" schemaversion="5">
<suite id="s1" name="Tests" source="/home/runner/work/DesafioQAItauRogerioJordao/DesafioQAItauRogerioJordao/RamdonUser/tests">
<suite id="s1-s1" name="Random-User-Test" source="/home/runner/work/DesafioQAItauRogerioJordao/DesafioQAItauRogerioJordao/RamdonUser/tests/random-user-test.robot">
<test id="s1-s1-t1" name="Conectar" line="13">
<kw name="Conectar API" owner="random-user-service">
<kw name="Create Session" owner="RequestsLibrary">
<msg time="2024-03-24T20:13:08.189929" level="INFO">Creating Session using : alias=consultarAPI, url=https://randomuser.me/, headers={},                     cookies={}, auth=None, timeout=None, proxies=None, verify=False,                     debug=0 </msg>
<arg>consultarAPI</arg>
<arg>${URL}</arg>
<doc>Create Session: create a HTTP session to a server</doc>
<status status="PASS" start="2024-03-24T20:13:08.189717" elapsed="0.000401"/>
</kw>
<status status="PASS" start="2024-03-24T20:13:08.188638" elapsed="0.001860"/>
</kw>
<status status="PASS" start="2024-03-24T20:13:08.187896" elapsed="0.002810"/>
</test>
<test id="s1-s1-t2" name="Validar retorno 200 e JSON Válido" line="16">
<kw name="Teste de Requisicao Basica" owner="random-user-service">
<kw name="GET On Session" owner="RequestsLibrary">
<msg time="2024-03-24T20:13:08.468908" level="INFO">GET Request : url=https://randomuser.me/api 
 path_url=/api 
 headers={'User-Agent': 'python-requests/2.31.0', 'Accept-Encoding': 'gzip, deflate', 'Accept': '*/*', 'Connection': 'keep-alive'} 
 body=None 
 </msg>
<msg time="2024-03-24T20:13:08.469055" level="INFO">GET Response : url=https://randomuser.me/api 
 status=200, reason=OK 
 headers={'Date': 'Sun, 24 Mar 2024 20:13:08 GMT', 'Content-Type': 'application/json; charset=utf-8', 'Transfer-Encoding': 'chunked', 'Connection': 'keep-alive', 'X-Powered-By': 'Express', 'Access-Control-Allow-Origin': '*', 'Cache-Control': 'no-cache', 'ETag': 'W/"47a-rys6lIiEZpS1onnRR1zQWuFw5tQ"', 'Vary': 'Accept-Encoding', 'Content-Encoding': 'gzip', 'CF-Cache-Status': 'DYNAMIC', 'Report-To': '{"endpoints":[{"url":"https:\\/\\/a.nel.cloudflare.com\\/report\\/v4?s=vYOpGpySoXRs4HeTsWTofWTCCRIlnYRuK15%2FCJ3OMXt4cpMAm%2BLcw4YgHFhmwsAcVsv%2Bn3KWQkBAyRngGipUD6uke%2F6VxjiwJRiUbfHKnu17b%2BRm25W4ewtwS8p1JacU"}],"group":"cf-nel","max_age":604800}', 'NEL': '{"success_fraction":0,"report_to":"cf-nel","max_age":604800}', 'Server': 'cloudflare', 'CF-RAY': '869951ef4c232349-SJC', 'alt-svc': 'h3=":443"; ma=86400'} 
 body={"results":[{"gender":"male","name":{"title":"Mr","first":"Glen","last":"Warren"},"location":{"street":{"number":1829,"name":"Church Road"},"city":"Carlisle","state":"Somerset","country":"United Kingdom","postcode":"AM1 4PW","coordinates":{"latitude":"-6.7262","longitude":"-144.7695"},"timezone":{"offset":"-10:00","description":"Hawaii"}},"email":"glen.warren@example.com","login":{"uuid":"6e1223c8-146a-4051-8d06-7d4249885ef5","username":"angrygorilla541","password":"spawn","salt":"hrzPcuhX","md5":"2ed0928f807de297ab71dd21eb6f3b93","sha1":"c5543ce4c1a933cbc0f0d1951a601269c87a7578","sha256":"bf9d91f15d442cb2e918e37d6160c21d003e7c2453db402661070eaa8b31a39f"},"dob":{"date":"1992-05-11T06:10:53.753Z","age":31},"registered":{"date":"2008-05-19T03:11:20.781Z","age":15},"phone":"015394 61212","cell":"07612 201029","id":{"name":"NINO","value":"ZM 18 80 87 W"},"picture":{"large":"https://randomuser.me/api/portraits/men/15.jpg","medium":"https://randomuser.me/api/portraits/med/men/15.jpg","thumbnail":"https://randomuser.me/api/portraits/thumb/men/15.jpg"},"nat":"GB"}],"info":{"seed":"310e528610134486","results":1,"page":1,"version":"1.4"}} 
 </msg>
<msg time="2024-03-24T20:13:08.469161" level="INFO">/opt/hostedtoolcache/Python/3.12.2/x64/lib/python3.12/site-packages/urllib3/connectionpool.py:1103: InsecureRequestWarning: Unverified HTTPS request is being made to host 'randomuser.me'. Adding certificate verification is strongly advised. See: https://urllib3.readthedocs.io/en/latest/advanced-usage.html#tls-warnings
  warnings.warn(</msg>
<msg time="2024-03-24T20:13:08.469309" level="INFO">${response} = &lt;Response [200]&gt;</msg>
<var>${response}</var>
<arg>consultarAPI</arg>
<arg>/api</arg>
<doc>Sends a GET request on a previously created HTTP Session.</doc>
<status status="PASS" start="2024-03-24T20:13:08.193285" elapsed="0.276065"/>
</kw>
<kw name="Should Be Equal As Numbers" owner="BuiltIn">
<msg time="2024-03-24T20:13:08.470510" level="INFO">Argument types are:
&lt;class 'int'&gt;
&lt;class 'str'&gt;</msg>
<arg>${response.status_code}</arg>
<arg>200</arg>
<doc>Fails if objects are unequal after converting them to real numbers.</doc>
<status status="PASS" start="2024-03-24T20:13:08.470010" elapsed="0.000565"/>
</kw>
<kw name="Log" owner="BuiltIn">
<msg time="2024-03-24T20:13:08.471248" level="INFO">200</msg>
<arg>${response.status_code}</arg>
<doc>Logs the given message with the given level.</doc>
<status status="PASS" start="2024-03-24T20:13:08.470895" elapsed="0.000396"/>
</kw>
<kw name="Set Variable" owner="BuiltIn">
<msg time="2024-03-24T20:13:08.472053" level="INFO">${json_data} = {'results': [{'gender': 'male', 'name': {'title': 'Mr', 'first': 'Glen', 'last': 'Warren'}, 'location': {'street': {'number': 1829, 'name': 'Church Road'}, 'city': 'Carlisle', 'state': 'Somerset', 'co...</msg>
<var>${json_data}</var>
<arg>${response.json()}</arg>
<doc>Returns the given values which can then be assigned to a variables.</doc>
<status status="PASS" start="2024-03-24T20:13:08.471621" elapsed="0.000460"/>
</kw>
<kw name="Dictionary Should Contain Key" owner="Collections">
<msg time="2024-03-24T20:13:08.472583" level="INFO">False</msg>
<arg>${json_data}</arg>
<arg>results</arg>
<doc>Fails if ``key`` is not found from ``dictionary``.</doc>
<status status="PASS" start="2024-03-24T20:13:08.472379" elapsed="0.000243"/>
</kw>
<status status="PASS" start="2024-03-24T20:13:08.193029" elapsed="0.279852"/>
</kw>
<doc>Testa se a API responde corretamente e retorna um objeto JSON válido.</doc>
<tag>testeRequisicaoBasica</tag>
<status status="PASS" start="2024-03-24T20:13:08.192557" elapsed="0.280508"/>
</test>
<test id="s1-s1-t3" name="Validar estrutura de resposta" line="22">
<kw name="Teste de Estrutura de Resposta" owner="random-user-service">
<kw name="GET On Session" owner="RequestsLibrary">
<msg time="2024-03-24T20:13:08.651708" level="INFO">GET Request : url=https://randomuser.me/api 
 path_url=/api 
 headers={'User-Agent': 'python-requests/2.31.0', 'Accept-Encoding': 'gzip, deflate', 'Accept': '*/*', 'Connection': 'keep-alive'} 
 body=None 
 </msg>
<msg time="2024-03-24T20:13:08.651823" level="INFO">GET Response : url=https://randomuser.me/api 
 status=200, reason=OK 
 headers={'Date': 'Sun, 24 Mar 2024 20:13:08 GMT', 'Content-Type': 'application/json; charset=utf-8', 'Transfer-Encoding': 'chunked', 'Connection': 'keep-alive', 'X-Powered-By': 'Express', 'Access-Control-Allow-Origin': '*', 'Cache-Control': 'no-cache', 'ETag': 'W/"489-pQwNFCGTb2JUTQEHPl0EpjIzO5I"', 'Vary': 'Accept-Encoding', 'Content-Encoding': 'gzip', 'CF-Cache-Status': 'DYNAMIC', 'Report-To': '{"endpoints":[{"url":"https:\\/\\/a.nel.cloudflare.com\\/report\\/v4?s=Tcp5C0HJX70DcNfSusfeBBqvUNf4nogsKddLR6fbhp%2BtYZT%2FI%2B3ZufjzDbHqPnk3Dd%2BF9x0Bzw07A0%2FUxJvMzLzbbznjHbyDlcBxopHw4os1Knffzbr1nUYNy%2B0zungd"}],"group":"cf-nel","max_age":604800}', 'NEL': '{"success_fraction":0,"report_to":"cf-nel","max_age":604800}', 'Server': 'cloudflare', 'CF-RAY': '869951effcd72349-SJC', 'alt-svc': 'h3=":443"; ma=86400'} 
 body={"results":[{"gender":"male","name":{"title":"Mr","first":"Brian","last":"Kuipers"},"location":{"street":{"number":1363,"name":"Ketenbaan"},"city":"Santpoort-Noord","state":"Flevoland","country":"Netherlands","postcode":"1904 JS","coordinates":{"latitude":"37.1120","longitude":"-60.2918"},"timezone":{"offset":"-12:00","description":"Eniwetok, Kwajalein"}},"email":"brian.kuipers@example.com","login":{"uuid":"2602eb26-eef9-4441-9a79-bbb962b1d1a1","username":"lazymeercat763","password":"packard","salt":"469Lqqf1","md5":"ea4cbeba5961e151f6ae416a1f8f2e51","sha1":"1be692cd70f838b107a5ff528a0bc457bee45e82","sha256":"1a71619961de6218846b191e0bae239cc693256e70664f5ddc05528f2beaaa16"},"dob":{"date":"1985-12-17T21:58:59.253Z","age":38},"registered":{"date":"2016-06-03T11:10:55.326Z","age":7},"phone":"(0418) 495690","cell":"(06) 86774716","id":{"name":"BSN","value":"97353744"},"picture":{"large":"https://randomuser.me/api/portraits/men/59.jpg","medium":"https://randomuser.me/api/portraits/med/men/59.jpg","thumbnail":"https://randomuser.me/api/portraits/thumb/men/59.jpg"},"nat":"NL"}],"info":{"seed":"722c7523bfe8faa5","results":1,"page":1,"version":"1.4"}} 
 </msg>
<msg time="2024-03-24T20:13:08.651983" level="INFO">/opt/hostedtoolcache/Python/3.12.2/x64/lib/python3.12/site-packages/urllib3/connectionpool.py:1103: InsecureRequestWarning: Unverified HTTPS request is being made to host 'randomuser.me'. Adding certificate verification is strongly advised. See: https://urllib3.readthedocs.io/en/latest/advanced-usage.html#tls-warnings
  warnings.warn(</msg>
<msg time="2024-03-24T20:13:08.652232" level="INFO">${response} = &lt;Response [200]&gt;</msg>
<var>${response}</var>
<arg>consultarAPI</arg>
<arg>/api</arg>
<doc>Sends a GET request on a previously created HTTP Session.</doc>
<status status="PASS" start="2024-03-24T20:13:08.475870" elapsed="0.176404"/>
</kw>
<kw name="Set Variable" owner="BuiltIn">
<msg time="2024-03-24T20:13:08.653321" level="INFO">${json_data} = {'results': [{'gender': 'male', 'name': {'title': 'Mr', 'first': 'Brian', 'last': 'Kuipers'}, 'location': {'street': {'number': 1363, 'name': 'Ketenbaan'}, 'city': 'Santpoort-Noord', 'state': 'Flevola...</msg>
<var>${json_data}</var>
<arg>${response.json()}</arg>
<doc>Returns the given values which can then be assigned to a variables.</doc>
<status status="PASS" start="2024-03-24T20:13:08.652786" elapsed="0.000565"/>
</kw>
<kw name="Log" owner="BuiltIn">
<msg time="2024-03-24T20:13:08.653833" level="INFO">{'results': [{'gender': 'male', 'name': {'title': 'Mr', 'first': 'Brian', 'last': 'Kuipers'}, 'location': {'street': {'number': 1363, 'name': 'Ketenbaan'}, 'city': 'Santpoort-Noord', 'state': 'Flevoland', 'country': 'Netherlands', 'postcode': '1904 JS', 'coordinates': {'latitude': '37.1120', 'longitude': '-60.2918'}, 'timezone': {'offset': '-12:00', 'description': 'Eniwetok, Kwajalein'}}, 'email': 'brian.kuipers@example.com', 'login': {'uuid': '2602eb26-eef9-4441-9a79-bbb962b1d1a1', 'username': 'lazymeercat763', 'password': 'packard', 'salt': '469Lqqf1', 'md5': 'ea4cbeba5961e151f6ae416a1f8f2e51', 'sha1': '1be692cd70f838b107a5ff528a0bc457bee45e82', 'sha256': '1a71619961de6218846b191e0bae239cc693256e70664f5ddc05528f2beaaa16'}, 'dob': {'date': '1985-12-17T21:58:59.253Z', 'age': 38}, 'registered': {'date': '2016-06-03T11:10:55.326Z', 'age': 7}, 'phone': '(0418) 495690', 'cell': '(06) 86774716', 'id': {'name': 'BSN', 'value': '97353744'}, 'picture': {'large': 'https://randomuser.me/api/portraits/men/59.jpg', 'medium': 'https://randomuser.me/api/portraits/med/men/59.jpg', 'thumbnail': 'https://randomuser.me/api/portraits/thumb/men/59.jpg'}, 'nat': 'NL'}], 'info': {'seed': '722c7523bfe8faa5', 'results': 1, 'page': 1, 'version': '1.4'}}</msg>
<arg>${json_data}</arg>
<doc>Logs the given message with the given level.</doc>
<status status="PASS" start="2024-03-24T20:13:08.653667" elapsed="0.000215"/>
</kw>
<kw name="Dictionary Should Contain Key" owner="Collections">
<msg time="2024-03-24T20:13:08.654343" level="INFO">False</msg>
<arg>${json_data}</arg>
<arg>results</arg>
<doc>Fails if ``key`` is not found from ``dictionary``.</doc>
<status status="PASS" start="2024-03-24T20:13:08.654183" elapsed="0.000197"/>
</kw>
<kw name="Should Not Be Empty" owner="BuiltIn">
<msg time="2024-03-24T20:13:08.654812" level="INFO">Length is 2.</msg>
<arg>${json_data}</arg>
<doc>Verifies that the given item is not empty.</doc>
<status status="PASS" start="2024-03-24T20:13:08.654678" elapsed="0.000173"/>
</kw>
<kw name="Create List" owner="BuiltIn">
<msg time="2024-03-24T20:13:08.655299" level="INFO">${expected_keys} = ['gender', 'name', 'location', 'email', 'login']</msg>
<var>${expected_keys}</var>
<arg>gender</arg>
<arg>name</arg>
<arg>location</arg>
<arg>email</arg>
<arg>login</arg>
<doc>Returns a list containing given items.</doc>
<status status="PASS" start="2024-03-24T20:13:08.655147" elapsed="0.000176"/>
</kw>
<for flavor="IN">
<iter>
<kw name="Dictionary Should Contain Key" owner="Collections">
<msg time="2024-03-24T20:13:08.656330" level="INFO">False</msg>
<arg>${json_data['results'][0]}</arg>
<arg>${key}</arg>
<doc>Fails if ``key`` is not found from ``dictionary``.</doc>
<status status="PASS" start="2024-03-24T20:13:08.655911" elapsed="0.000459"/>
</kw>
<kw name="Log" owner="BuiltIn">
<msg time="2024-03-24T20:13:08.657082" level="INFO">{'gender': 'male', 'name': {'title': 'Mr', 'first': 'Brian', 'last': 'Kuipers'}, 'location': {'street': {'number': 1363, 'name': 'Ketenbaan'}, 'city': 'Santpoort-Noord', 'state': 'Flevoland', 'country': 'Netherlands', 'postcode': '1904 JS', 'coordinates': {'latitude': '37.1120', 'longitude': '-60.2918'}, 'timezone': {'offset': '-12:00', 'description': 'Eniwetok, Kwajalein'}}, 'email': 'brian.kuipers@example.com', 'login': {'uuid': '2602eb26-eef9-4441-9a79-bbb962b1d1a1', 'username': 'lazymeercat763', 'password': 'packard', 'salt': '469Lqqf1', 'md5': 'ea4cbeba5961e151f6ae416a1f8f2e51', 'sha1': '1be692cd70f838b107a5ff528a0bc457bee45e82', 'sha256': '1a71619961de6218846b191e0bae239cc693256e70664f5ddc05528f2beaaa16'}, 'dob': {'date': '1985-12-17T21:58:59.253Z', 'age': 38}, 'registered': {'date': '2016-06-03T11:10:55.326Z', 'age': 7}, 'phone': '(0418) 495690', 'cell': '(06) 86774716', 'id': {'name': 'BSN', 'value': '97353744'}, 'picture': {'large': 'https://randomuser.me/api/portraits/men/59.jpg', 'medium': 'https://randomuser.me/api/portraits/med/men/59.jpg', 'thumbnail': 'https://randomuser.me/api/portraits/thumb/men/59.jpg'}, 'nat': 'NL'}</msg>
<arg>${json_data['results'][0]}</arg>
<doc>Logs the given message with the given level.</doc>
<status status="PASS" start="2024-03-24T20:13:08.656707" elapsed="0.000432"/>
</kw>
<kw name="Log" owner="BuiltIn">
<msg time="2024-03-24T20:13:08.657583" level="INFO">gender</msg>
<arg>${key}</arg>
<doc>Logs the given message with the given level.</doc>
<status status="PASS" start="2024-03-24T20:13:08.657450" elapsed="0.000172"/>
</kw>
<var name="${key}">gender</var>
<status status="PASS" start="2024-03-24T20:13:08.655784" elapsed="0.002060"/>
</iter>
<iter>
<kw name="Dictionary Should Contain Key" owner="Collections">
<msg time="2024-03-24T20:13:08.658527" level="INFO">False</msg>
<arg>${json_data['results'][0]}</arg>
<arg>${key}</arg>
<doc>Fails if ``key`` is not found from ``dictionary``.</doc>
<status status="PASS" start="2024-03-24T20:13:08.658143" elapsed="0.000421"/>
</kw>
<kw name="Log" owner="BuiltIn">
<msg time="2024-03-24T20:13:08.659251" level="INFO">{'gender': 'male', 'name': {'title': 'Mr', 'first': 'Brian', 'last': 'Kuipers'}, 'location': {'street': {'number': 1363, 'name': 'Ketenbaan'}, 'city': 'Santpoort-Noord', 'state': 'Flevoland', 'country': 'Netherlands', 'postcode': '1904 JS', 'coordinates': {'latitude': '37.1120', 'longitude': '-60.2918'}, 'timezone': {'offset': '-12:00', 'description': 'Eniwetok, Kwajalein'}}, 'email': 'brian.kuipers@example.com', 'login': {'uuid': '2602eb26-eef9-4441-9a79-bbb962b1d1a1', 'username': 'lazymeercat763', 'password': 'packard', 'salt': '469Lqqf1', 'md5': 'ea4cbeba5961e151f6ae416a1f8f2e51', 'sha1': '1be692cd70f838b107a5ff528a0bc457bee45e82', 'sha256': '1a71619961de6218846b191e0bae239cc693256e70664f5ddc05528f2beaaa16'}, 'dob': {'date': '1985-12-17T21:58:59.253Z', 'age': 38}, 'registered': {'date': '2016-06-03T11:10:55.326Z', 'age': 7}, 'phone': '(0418) 495690', 'cell': '(06) 86774716', 'id': {'name': 'BSN', 'value': '97353744'}, 'picture': {'large': 'https://randomuser.me/api/portraits/men/59.jpg', 'medium': 'https://randomuser.me/api/portraits/med/men/59.jpg', 'thumbnail': 'https://randomuser.me/api/portraits/thumb/men/59.jpg'}, 'nat': 'NL'}</msg>
<arg>${json_data['results'][0]}</arg>
<doc>Logs the given message with the given level.</doc>
<status status="PASS" start="2024-03-24T20:13:08.658890" elapsed="0.000409"/>
</kw>
<kw name="Log" owner="BuiltIn">
<msg time="2024-03-24T20:13:08.659723" level="INFO">name</msg>
<arg>${key}</arg>
<doc>Logs the given message with the given level.</doc>
<status status="PASS" start="2024-03-24T20:13:08.659595" elapsed="0.000165"/>
</kw>
<var name="${key}">name</var>
<status status="PASS" start="2024-03-24T20:13:08.658030" elapsed="0.001945"/>
</iter>
<iter>
<kw name="Dictionary Should Contain Key" owner="Collections">
<msg time="2024-03-24T20:13:08.660686" level="INFO">False</msg>
<arg>${json_data['results'][0]}</arg>
<arg>${key}</arg>
<doc>Fails if ``key`` is not found from ``dictionary``.</doc>
<status status="PASS" start="2024-03-24T20:13:08.660262" elapsed="0.000463"/>
</kw>
<kw name="Log" owner="BuiltIn">
<msg time="2024-03-24T20:13:08.661395" level="INFO">{'gender': 'male', 'name': {'title': 'Mr', 'first': 'Brian', 'last': 'Kuipers'}, 'location': {'street': {'number': 1363, 'name': 'Ketenbaan'}, 'city': 'Santpoort-Noord', 'state': 'Flevoland', 'country': 'Netherlands', 'postcode': '1904 JS', 'coordinates': {'latitude': '37.1120', 'longitude': '-60.2918'}, 'timezone': {'offset': '-12:00', 'description': 'Eniwetok, Kwajalein'}}, 'email': 'brian.kuipers@example.com', 'login': {'uuid': '2602eb26-eef9-4441-9a79-bbb962b1d1a1', 'username': 'lazymeercat763', 'password': 'packard', 'salt': '469Lqqf1', 'md5': 'ea4cbeba5961e151f6ae416a1f8f2e51', 'sha1': '1be692cd70f838b107a5ff528a0bc457bee45e82', 'sha256': '1a71619961de6218846b191e0bae239cc693256e70664f5ddc05528f2beaaa16'}, 'dob': {'date': '1985-12-17T21:58:59.253Z', 'age': 38}, 'registered': {'date': '2016-06-03T11:10:55.326Z', 'age': 7}, 'phone': '(0418) 495690', 'cell': '(06) 86774716', 'id': {'name': 'BSN', 'value': '97353744'}, 'picture': {'large': 'https://randomuser.me/api/portraits/men/59.jpg', 'medium': 'https://randomuser.me/api/portraits/med/men/59.jpg', 'thumbnail': 'https://randomuser.me/api/portraits/thumb/men/59.jpg'}, 'nat': 'NL'}</msg>
<arg>${json_data['results'][0]}</arg>
<doc>Logs the given message with the given level.</doc>
<status status="PASS" start="2024-03-24T20:13:08.661028" elapsed="0.000421"/>
</kw>
<kw name="Log" owner="BuiltIn">
<msg time="2024-03-24T20:13:08.661872" level="INFO">location</msg>
<arg>${key}</arg>
<doc>Logs the given message with the given level.</doc>
<status status="PASS" start="2024-03-24T20:13:08.661743" elapsed="0.000167"/>
</kw>
<var name="${key}">location</var>
<status status="PASS" start="2024-03-24T20:13:08.660153" elapsed="0.001972"/>
</iter>
<iter>
<kw name="Dictionary Should Contain Key" owner="Collections">
<msg time="2024-03-24T20:13:08.662785" level="INFO">False</msg>
<arg>${json_data['results'][0]}</arg>
<arg>${key}</arg>
<doc>Fails if ``key`` is not found from ``dictionary``.</doc>
<status status="PASS" start="2024-03-24T20:13:08.662410" elapsed="0.000413"/>
</kw>
<kw name="Log" owner="BuiltIn">
<msg time="2024-03-24T20:13:08.663479" level="INFO">{'gender': 'male', 'name': {'title': 'Mr', 'first': 'Brian', 'last': 'Kuipers'}, 'location': {'street': {'number': 1363, 'name': 'Ketenbaan'}, 'city': 'Santpoort-Noord', 'state': 'Flevoland', 'country': 'Netherlands', 'postcode': '1904 JS', 'coordinates': {'latitude': '37.1120', 'longitude': '-60.2918'}, 'timezone': {'offset': '-12:00', 'description': 'Eniwetok, Kwajalein'}}, 'email': 'brian.kuipers@example.com', 'login': {'uuid': '2602eb26-eef9-4441-9a79-bbb962b1d1a1', 'username': 'lazymeercat763', 'password': 'packard', 'salt': '469Lqqf1', 'md5': 'ea4cbeba5961e151f6ae416a1f8f2e51', 'sha1': '1be692cd70f838b107a5ff528a0bc457bee45e82', 'sha256': '1a71619961de6218846b191e0bae239cc693256e70664f5ddc05528f2beaaa16'}, 'dob': {'date': '1985-12-17T21:58:59.253Z', 'age': 38}, 'registered': {'date': '2016-06-03T11:10:55.326Z', 'age': 7}, 'phone': '(0418) 495690', 'cell': '(06) 86774716', 'id': {'name': 'BSN', 'value': '97353744'}, 'picture': {'large': 'https://randomuser.me/api/portraits/men/59.jpg', 'medium': 'https://randomuser.me/api/portraits/med/men/59.jpg', 'thumbnail': 'https://randomuser.me/api/portraits/thumb/men/59.jpg'}, 'nat': 'NL'}</msg>
<arg>${json_data['results'][0]}</arg>
<doc>Logs the given message with the given level.</doc>
<status status="PASS" start="2024-03-24T20:13:08.663120" elapsed="0.000407"/>
</kw>
<kw name="Log" owner="BuiltIn">
<msg time="2024-03-24T20:13:08.663947" level="INFO">email</msg>
<arg>${key}</arg>
<doc>Logs the given message with the given level.</doc>
<status status="PASS" start="2024-03-24T20:13:08.663819" elapsed="0.000167"/>
</kw>
<var name="${key}">email</var>
<status status="PASS" start="2024-03-24T20:13:08.662299" elapsed="0.001900"/>
</iter>
<iter>
<kw name="Dictionary Should Contain Key" owner="Collections">
<msg time="2024-03-24T20:13:08.664892" level="INFO">False</msg>
<arg>${json_data['results'][0]}</arg>
<arg>${key}</arg>
<doc>Fails if ``key`` is not found from ``dictionary``.</doc>
<status status="PASS" start="2024-03-24T20:13:08.664502" elapsed="0.000428"/>
</kw>
<kw name="Log" owner="BuiltIn">
<msg time="2024-03-24T20:13:08.665598" level="INFO">{'gender': 'male', 'name': {'title': 'Mr', 'first': 'Brian', 'last': 'Kuipers'}, 'location': {'street': {'number': 1363, 'name': 'Ketenbaan'}, 'city': 'Santpoort-Noord', 'state': 'Flevoland', 'country': 'Netherlands', 'postcode': '1904 JS', 'coordinates': {'latitude': '37.1120', 'longitude': '-60.2918'}, 'timezone': {'offset': '-12:00', 'description': 'Eniwetok, Kwajalein'}}, 'email': 'brian.kuipers@example.com', 'login': {'uuid': '2602eb26-eef9-4441-9a79-bbb962b1d1a1', 'username': 'lazymeercat763', 'password': 'packard', 'salt': '469Lqqf1', 'md5': 'ea4cbeba5961e151f6ae416a1f8f2e51', 'sha1': '1be692cd70f838b107a5ff528a0bc457bee45e82', 'sha256': '1a71619961de6218846b191e0bae239cc693256e70664f5ddc05528f2beaaa16'}, 'dob': {'date': '1985-12-17T21:58:59.253Z', 'age': 38}, 'registered': {'date': '2016-06-03T11:10:55.326Z', 'age': 7}, 'phone': '(0418) 495690', 'cell': '(06) 86774716', 'id': {'name': 'BSN', 'value': '97353744'}, 'picture': {'large': 'https://randomuser.me/api/portraits/men/59.jpg', 'medium': 'https://randomuser.me/api/portraits/med/men/59.jpg', 'thumbnail': 'https://randomuser.me/api/portraits/thumb/men/59.jpg'}, 'nat': 'NL'}</msg>
<arg>${json_data['results'][0]}</arg>
<doc>Logs the given message with the given level.</doc>
<status status="PASS" start="2024-03-24T20:13:08.665236" elapsed="0.000409"/>
</kw>
<kw name="Log" owner="BuiltIn">
<msg time="2024-03-24T20:13:08.666061" level="INFO">login</msg>
<arg>${key}</arg>
<doc>Logs the given message with the given level.</doc>
<status status="PASS" start="2024-03-24T20:13:08.665934" elapsed="0.000269"/>
</kw>
<var name="${key}">login</var>
<status status="PASS" start="2024-03-24T20:13:08.664369" elapsed="0.002088"/>
</iter>
<var>${key}</var>
<value>@{expected_keys}</value>
<status status="PASS" start="2024-03-24T20:13:08.655588" elapsed="0.010997"/>
</for>
<kw name="Create List" owner="BuiltIn">
<msg time="2024-03-24T20:13:08.666920" level="INFO">${expected_keysTwo} = ['username', 'password']</msg>
<var>${expected_keysTwo}</var>
<arg>username</arg>
<arg>password</arg>
<doc>Returns a list containing given items.</doc>
<status status="PASS" start="2024-03-24T20:13:08.666781" elapsed="0.000162"/>
</kw>
<for flavor="IN">
<iter>
<kw name="Dictionary Should Contain Key" owner="Collections">
<msg time="2024-03-24T20:13:08.667826" level="INFO">False</msg>
<arg>${json_data['results'][0]['login']}</arg>
<arg>${keyTwo}</arg>
<doc>Fails if ``key`` is not found from ``dictionary``.</doc>
<status status="PASS" start="2024-03-24T20:13:08.667444" elapsed="0.000419"/>
</kw>
<kw name="Dictionary Should Contain Key" owner="Collections">
<msg time="2024-03-24T20:13:08.668579" level="INFO">False</msg>
<arg>${json_data['results'][0]['login']}</arg>
<arg>${keyTwo}</arg>
<doc>Fails if ``key`` is not found from ``dictionary``.</doc>
<status status="PASS" start="2024-03-24T20:13:08.668156" elapsed="0.000461"/>
</kw>
<kw name="Log" owner="BuiltIn">
<msg time="2024-03-24T20:13:08.669043" level="INFO">username</msg>
<arg>${keyTwo}</arg>
<doc>Logs the given message with the given level.</doc>
<status status="PASS" start="2024-03-24T20:13:08.668913" elapsed="0.000168"/>
</kw>
<var name="${keyTwo}">username</var>
<status status="PASS" start="2024-03-24T20:13:08.667327" elapsed="0.001969"/>
</iter>
<iter>
<kw name="Dictionary Should Contain Key" owner="Collections">
<msg time="2024-03-24T20:13:08.669949" level="INFO">False</msg>
<arg>${json_data['results'][0]['login']}</arg>
<arg>${keyTwo}</arg>
<doc>Fails if ``key`` is not found from ``dictionary``.</doc>
<status status="PASS" start="2024-03-24T20:13:08.669576" elapsed="0.000410"/>
</kw>
<kw name="Dictionary Should Contain Key" owner="Collections">
<msg time="2024-03-24T20:13:08.670651" level="INFO">False</msg>
<arg>${json_data['results'][0]['login']}</arg>
<arg>${keyTwo}</arg>
<doc>Fails if ``key`` is not found from ``dictionary``.</doc>
<status status="PASS" start="2024-03-24T20:13:08.670273" elapsed="0.000417"/>
</kw>
<kw name="Log" owner="BuiltIn">
<msg time="2024-03-24T20:13:08.671103" level="INFO">password</msg>
<arg>${keyTwo}</arg>
<doc>Logs the given message with the given level.</doc>
<status status="PASS" start="2024-03-24T20:13:08.670977" elapsed="0.000165"/>
</kw>
<var name="${keyTwo}">password</var>
<status status="PASS" start="2024-03-24T20:13:08.669467" elapsed="0.001888"/>
</iter>
<var>${keyTwo}</var>
<value>@{expected_keysTwo}</value>
<status status="PASS" start="2024-03-24T20:13:08.667179" elapsed="0.004296"/>
</for>
<status status="PASS" start="2024-03-24T20:13:08.475635" elapsed="0.195980"/>
</kw>
<doc>Testa a estrutura da resposta da API.</doc>
<tag>testeEstruturaResposta</tag>
<status status="PASS" start="2024-03-24T20:13:08.474868" elapsed="0.196909"/>
</test>
<test id="s1-s1-t4" name="Validar tipos de dados" line="28">
<kw name="Teste de Tipos de Dados" owner="random-user-service">
<kw name="GET On Session" owner="RequestsLibrary">
<msg time="2024-03-24T20:13:08.778335" level="INFO">GET Request : url=https://randomuser.me/api 
 path_url=/api 
 headers={'User-Agent': 'python-requests/2.31.0', 'Accept-Encoding': 'gzip, deflate', 'Accept': '*/*', 'Connection': 'keep-alive'} 
 body=None 
 </msg>
<msg time="2024-03-24T20:13:08.778407" level="INFO">GET Response : url=https://randomuser.me/api 
 status=200, reason=OK 
 headers={'Date': 'Sun, 24 Mar 2024 20:13:08 GMT', 'Content-Type': 'application/json; charset=utf-8', 'Transfer-Encoding': 'chunked', 'Connection': 'keep-alive', 'X-Powered-By': 'Express', 'Access-Control-Allow-Origin': '*', 'Cache-Control': 'no-cache', 'ETag': 'W/"486-72IJEiIIqwPUqSnc/58H7Maj0HE"', 'Vary': 'Accept-Encoding', 'Content-Encoding': 'gzip', 'CF-Cache-Status': 'DYNAMIC', 'Report-To': '{"endpoints":[{"url":"https:\\/\\/a.nel.cloudflare.com\\/report\\/v4?s=V%2BNPHKRf4kRVvHcu3u3IwipLKXnh7uLC2LGGRgf6hSoXKXwAquyC3gC9M%2FjnlJeHdzlp5I%2Fg8JbUHzI4TuAe2grNoAB1A%2BsO1l2lrdn2sMj0FJLN5%2FHSbbikl%2BpeoetV"}],"group":"cf-nel","max_age":604800}', 'NEL': '{"success_fraction":0,"report_to":"cf-nel","max_age":604800}', 'Server': 'cloudflare', 'CF-RAY': '869951f13ddc2349-SJC', 'alt-svc': 'h3=":443"; ma=86400'} 
 body={"results":[{"gender":"male","name":{"title":"Mr","first":"Édi","last":"Gonçalves"},"location":{"street":{"number":1392,"name":"Rua Alagoas "},"city":"Nova Iguaçu","state":"Tocantins","country":"Brazil","postcode":91612,"coordinates":{"latitude":"-79.3486","longitude":"-61.4519"},"timezone":{"offset":"+6:00","description":"Almaty, Dhaka, Colombo"}},"email":"edi.goncalves@example.com","login":{"uuid":"f8c219fe-f2c3-42f6-a0eb-8e6091f9c70c","username":"tinypanda565","password":"7894","salt":"7jWmk8zl","md5":"e8869986fd68e15b5d8eada3646f2bf7","sha1":"b5f1b7a1771bf22cdefddc5659ff1ed4f47217ae","sha256":"bf8527ad648badacdf5db5bd6a1c40451c330927eccccc04c56ebf769266ce69"},"dob":{"date":"1994-11-23T11:26:18.290Z","age":29},"registered":{"date":"2010-12-07T12:02:28.775Z","age":13},"phone":"(50) 9574-0783","cell":"(59) 6027-4845","id":{"name":"CPF","value":"409.564.833-13"},"picture":{"large":"https://randomuser.me/api/portraits/men/3.jpg","medium":"https://randomuser.me/api/portraits/med/men/3.jpg","thumbnail":"https://randomuser.me/api/portraits/thumb/men/3.jpg"},"nat":"BR"}],"info":{"seed":"78bbc5d34c725bd8","results":1,"page":1,"version":"1.4"}} 
 </msg>
<msg time="2024-03-24T20:13:08.778469" level="INFO">/opt/hostedtoolcache/Python/3.12.2/x64/lib/python3.12/site-packages/urllib3/connectionpool.py:1103: InsecureRequestWarning: Unverified HTTPS request is being made to host 'randomuser.me'. Adding certificate verification is strongly advised. See: https://urllib3.readthedocs.io/en/latest/advanced-usage.html#tls-warnings
  warnings.warn(</msg>
<msg time="2024-03-24T20:13:08.778564" level="INFO">${response} = &lt;Response [200]&gt;</msg>
<var>${response}</var>
<arg>consultarAPI</arg>
<arg>/api</arg>
<doc>Sends a GET request on a previously created HTTP Session.</doc>
<status status="PASS" start="2024-03-24T20:13:08.674249" elapsed="0.104376"/>
</kw>
<kw name="Set Variable" owner="BuiltIn">
<msg time="2024-03-24T20:13:08.779741" level="INFO">${json_data} = {'results': [{'gender': 'male', 'name': {'title': 'Mr', 'first': 'Édi', 'last': 'Gonçalves'}, 'location': {'street': {'number': 1392, 'name': 'Rua Alagoas '}, 'city': 'Nova Iguaçu', 'state': 'Tocantin...</msg>
<var>${json_data}</var>
<arg>${response.json()}</arg>
<doc>Returns the given values which can then be assigned to a variables.</doc>
<status status="PASS" start="2024-03-24T20:13:08.779138" elapsed="0.000633"/>
</kw>
<kw name="Log" owner="BuiltIn">
<msg time="2024-03-24T20:13:08.780254" level="INFO">{'results': [{'gender': 'male', 'name': {'title': 'Mr', 'first': 'Édi', 'last': 'Gonçalves'}, 'location': {'street': {'number': 1392, 'name': 'Rua Alagoas '}, 'city': 'Nova Iguaçu', 'state': 'Tocantins', 'country': 'Brazil', 'postcode': 91612, 'coordinates': {'latitude': '-79.3486', 'longitude': '-61.4519'}, 'timezone': {'offset': '+6:00', 'description': 'Almaty, Dhaka, Colombo'}}, 'email': 'edi.goncalves@example.com', 'login': {'uuid': 'f8c219fe-f2c3-42f6-a0eb-8e6091f9c70c', 'username': 'tinypanda565', 'password': '7894', 'salt': '7jWmk8zl', 'md5': 'e8869986fd68e15b5d8eada3646f2bf7', 'sha1': 'b5f1b7a1771bf22cdefddc5659ff1ed4f47217ae', 'sha256': 'bf8527ad648badacdf5db5bd6a1c40451c330927eccccc04c56ebf769266ce69'}, 'dob': {'date': '1994-11-23T11:26:18.290Z', 'age': 29}, 'registered': {'date': '2010-12-07T12:02:28.775Z', 'age': 13}, 'phone': '(50) 9574-0783', 'cell': '(59) 6027-4845', 'id': {'name': 'CPF', 'value': '409.564.833-13'}, 'picture': {'large': 'https://randomuser.me/api/portraits/men/3.jpg', 'medium': 'https://randomuser.me/api/portraits/med/men/3.jpg', 'thumbnail': 'https://randomuser.me/api/portraits/thumb/men/3.jpg'}, 'nat': 'BR'}], 'info': {'seed': '78bbc5d34c725bd8', 'results': 1, 'page': 1, 'version': '1.4'}}</msg>
<arg>${json_data}</arg>
<doc>Logs the given message with the given level.</doc>
<status status="PASS" start="2024-03-24T20:13:08.780085" elapsed="0.000252"/>
</kw>
<kw name="Should Be String" owner="String">
<arg>${json_data['results'][0]['gender']}</arg>
<doc>Fails if the given ``item`` is not a string.</doc>
<status status="PASS" start="2024-03-24T20:13:08.780683" elapsed="0.000366"/>
</kw>
<kw name="Should Match Regexp" owner="BuiltIn">
<arg>${json_data['results'][0]['email']}</arg>
<arg>^[a-zA-Z0-9._%+-]+@[a-zA-Z0-9.-]+\.[a-zA-Z]{2,}$</arg>
<doc>Fails if ``string`` does not match ``pattern`` as a regular expression.</doc>
<status status="PASS" start="2024-03-24T20:13:08.781251" elapsed="0.000527"/>
</kw>
<kw name="Should Match Regexp" owner="BuiltIn">
<arg>${json_data['results'][0]['dob']['date']}</arg>
<arg>\\d{4}-\\d{2}-\\d{2}T\\d{2}:\\d{2}:\\d{2}\\.\\d{3}Z</arg>
<doc>Fails if ``string`` does not match ``pattern`` as a regular expression.</doc>
<status status="PASS" start="2024-03-24T20:13:08.781979" elapsed="0.000495"/>
</kw>
<kw name="Should Match Regexp" owner="BuiltIn">
<arg>${json_data['results'][0]['registered']['date']}</arg>
<arg>\\d{4}-\\d{2}-\\d{2}T\\d{2}:\\d{2}:\\d{2}\\.\\d{3}Z</arg>
<doc>Fails if ``string`` does not match ``pattern`` as a regular expression.</doc>
<status status="PASS" start="2024-03-24T20:13:08.782669" elapsed="0.000368"/>
</kw>
<kw name="Should Match Regexp" owner="BuiltIn">
<arg>${json_data['results'][0]['picture']['large']}</arg>
<arg>^https?://.*\.(?:png|jpe?g|gif|bmp)$</arg>
<doc>Fails if ``string`` does not match ``pattern`` as a regular expression.</doc>
<status status="PASS" start="2024-03-24T20:13:08.783226" elapsed="0.000453"/>
</kw>
<kw name="Should Match Regexp" owner="BuiltIn">
<arg>${json_data['results'][0]['picture']['medium']}</arg>
<arg>^https?://.*\.(?:png|jpe?g|gif|bmp)$</arg>
<doc>Fails if ``string`` does not match ``pattern`` as a regular expression.</doc>
<status status="PASS" start="2024-03-24T20:13:08.783870" elapsed="0.000355"/>
</kw>
<kw name="Should Match Regexp" owner="BuiltIn">
<arg>${json_data['results'][0]['picture']['thumbnail']}</arg>
<arg>^https?://.*\.(?:png|jpe?g|gif|bmp)$</arg>
<doc>Fails if ``string`` does not match ``pattern`` as a regular expression.</doc>
<status status="PASS" start="2024-03-24T20:13:08.784437" elapsed="0.000371"/>
</kw>
<kw name="Log" owner="BuiltIn">
<msg time="2024-03-24T20:13:08.785314" level="INFO">{'large': 'https://randomuser.me/api/portraits/men/3.jpg', 'medium': 'https://randomuser.me/api/portraits/med/men/3.jpg', 'thumbnail': 'https://randomuser.me/api/portraits/thumb/men/3.jpg'}</msg>
<arg>${json_data['results'][0]['picture']}</arg>
<doc>Logs the given message with the given level.</doc>
<status status="PASS" start="2024-03-24T20:13:08.784992" elapsed="0.000370"/>
</kw>
<status status="PASS" start="2024-03-24T20:13:08.674018" elapsed="0.111602"/>
</kw>
<kw name="Teste de Tipos de Dados - Postcode" owner="random-user-service">
<kw name="GET On Session" owner="RequestsLibrary">
<msg time="2024-03-24T20:13:08.871118" level="INFO">GET Request : url=https://randomuser.me/api 
 path_url=/api 
 headers={'User-Agent': 'python-requests/2.31.0', 'Accept-Encoding': 'gzip, deflate', 'Accept': '*/*', 'Connection': 'keep-alive'} 
 body=None 
 </msg>
<msg time="2024-03-24T20:13:08.871228" level="INFO">GET Response : url=https://randomuser.me/api 
 status=200, reason=OK 
 headers={'Date': 'Sun, 24 Mar 2024 20:13:08 GMT', 'Content-Type': 'application/json; charset=utf-8', 'Transfer-Encoding': 'chunked', 'Connection': 'keep-alive', 'X-Powered-By': 'Express', 'Access-Control-Allow-Origin': '*', 'Cache-Control': 'no-cache', 'ETag': 'W/"48c-w4zVg3OG7bb4Bmln5NYlKw1jp9A"', 'Vary': 'Accept-Encoding', 'Content-Encoding': 'gzip', 'CF-Cache-Status': 'DYNAMIC', 'Report-To': '{"endpoints":[{"url":"https:\\/\\/a.nel.cloudflare.com\\/report\\/v4?s=aanMQ5TLNTm0PyUn8812o0uTq0XP6MSAQIXHsvCs337aEHgWgiIahTbESuWlDcJgEWAbKlAYT8PEvXx8Sh4d7ClHbQi2Ioecqaz347unvYZTaYO%2FO%2BzRDtu8W%2FSGnuEQ"}],"group":"cf-nel","max_age":604800}', 'NEL': '{"success_fraction":0,"report_to":"cf-nel","max_age":604800}', 'Server': 'cloudflare', 'CF-RAY': '869951f1ee6e2349-SJC', 'alt-svc': 'h3=":443"; ma=86400'} 
 body={"results":[{"gender":"female","name":{"title":"Mrs","first":"Inmaculada","last":"Carmona"},"location":{"street":{"number":8864,"name":"Calle de Alcalá"},"city":"Oviedo","state":"Aragón","country":"Spain","postcode":24586,"coordinates":{"latitude":"-31.9953","longitude":"129.4341"},"timezone":{"offset":"+7:00","description":"Bangkok, Hanoi, Jakarta"}},"email":"inmaculada.carmona@example.com","login":{"uuid":"626ce491-2db9-4b2c-ad22-ed39d1b3e9f6","username":"bluetiger882","password":"bucks","salt":"3SITjWz2","md5":"15315acd817c9201404705b781fe4a6d","sha1":"b50970796d2c2e03adb03702421bb88e8c0be336","sha256":"7a3546dcda73d0509b1ffe047a9565d02237063c088bbe7b8a5f4de032297dab"},"dob":{"date":"1956-08-08T09:51:29.926Z","age":67},"registered":{"date":"2014-07-11T00:56:45.981Z","age":9},"phone":"907-285-945","cell":"685-204-068","id":{"name":"DNI","value":"36869222-Z"},"picture":{"large":"https://randomuser.me/api/portraits/women/84.jpg","medium":"https://randomuser.me/api/portraits/med/women/84.jpg","thumbnail":"https://randomuser.me/api/portraits/thumb/women/84.jpg"},"nat":"ES"}],"info":{"seed":"4bbdc4ce45d2bea9","results":1,"page":1,"version":"1.4"}} 
 </msg>
<msg time="2024-03-24T20:13:08.871332" level="INFO">/opt/hostedtoolcache/Python/3.12.2/x64/lib/python3.12/site-packages/urllib3/connectionpool.py:1103: InsecureRequestWarning: Unverified HTTPS request is being made to host 'randomuser.me'. Adding certificate verification is strongly advised. See: https://urllib3.readthedocs.io/en/latest/advanced-usage.html#tls-warnings
  warnings.warn(</msg>
<msg time="2024-03-24T20:13:08.871470" level="INFO">${response} = &lt;Response [200]&gt;</msg>
<var>${response}</var>
<arg>consultarAPI</arg>
<arg>/api</arg>
<doc>Sends a GET request on a previously created HTTP Session.</doc>
<status status="PASS" start="2024-03-24T20:13:08.786197" elapsed="0.085322"/>
</kw>
<kw name="Set Variable" owner="BuiltIn">
<msg time="2024-03-24T20:13:08.872790" level="INFO">${json_data} = {'results': [{'gender': 'female', 'name': {'title': 'Mrs', 'first': 'Inmaculada', 'last': 'Carmona'}, 'location': {'street': {'number': 8864, 'name': 'Calle de Alcalá'}, 'city': 'Oviedo', 'state': 'Ar...</msg>
<var>${json_data}</var>
<arg>${response.json()}</arg>
<doc>Returns the given values which can then be assigned to a variables.</doc>
<status status="PASS" start="2024-03-24T20:13:08.872166" elapsed="0.000654"/>
</kw>
<kw name="Log" owner="BuiltIn">
<msg time="2024-03-24T20:13:08.873294" level="INFO">{'results': [{'gender': 'female', 'name': {'title': 'Mrs', 'first': 'Inmaculada', 'last': 'Carmona'}, 'location': {'street': {'number': 8864, 'name': 'Calle de Alcalá'}, 'city': 'Oviedo', 'state': 'Aragón', 'country': 'Spain', 'postcode': 24586, 'coordinates': {'latitude': '-31.9953', 'longitude': '129.4341'}, 'timezone': {'offset': '+7:00', 'description': 'Bangkok, Hanoi, Jakarta'}}, 'email': 'inmaculada.carmona@example.com', 'login': {'uuid': '626ce491-2db9-4b2c-ad22-ed39d1b3e9f6', 'username': 'bluetiger882', 'password': 'bucks', 'salt': '3SITjWz2', 'md5': '15315acd817c9201404705b781fe4a6d', 'sha1': 'b50970796d2c2e03adb03702421bb88e8c0be336', 'sha256': '7a3546dcda73d0509b1ffe047a9565d02237063c088bbe7b8a5f4de032297dab'}, 'dob': {'date': '1956-08-08T09:51:29.926Z', 'age': 67}, 'registered': {'date': '2014-07-11T00:56:45.981Z', 'age': 9}, 'phone': '907-285-945', 'cell': '685-204-068', 'id': {'name': 'DNI', 'value': '36869222-Z'}, 'picture': {'large': 'https://randomuser.me/api/portraits/women/84.jpg', 'medium': 'https://randomuser.me/api/portraits/med/women/84.jpg', 'thumbnail': 'https://randomuser.me/api/portraits/thumb/women/84.jpg'}, 'nat': 'ES'}], 'info': {'seed': '4bbdc4ce45d2bea9', 'results': 1, 'page': 1, 'version': '1.4'}}</msg>
<arg>${json_data}</arg>
<doc>Logs the given message with the given level.</doc>
<status status="PASS" start="2024-03-24T20:13:08.873134" elapsed="0.000241"/>
</kw>
<kw name="Should Be Equal As Numbers" owner="BuiltIn">
<arg>${json_data['results'][0]['location']['postcode']}</arg>
<arg>${json_data['results'][0]['location']['postcode']}</arg>
<doc>Fails if objects are unequal after converting them to real numbers.</doc>
<status status="PASS" start="2024-03-24T20:13:08.873679" elapsed="0.000628"/>
</kw>
<kw name="Log" owner="BuiltIn">
<msg time="2024-03-24T20:13:08.874832" level="INFO">24586</msg>
<arg>${json_data['results'][0]['location']['postcode']}</arg>
<doc>Logs the given message with the given level.</doc>
<status status="PASS" start="2024-03-24T20:13:08.874498" elapsed="0.000375"/>
</kw>
<status status="PASS" start="2024-03-24T20:13:08.785843" elapsed="0.089285"/>
</kw>
<doc>Testa se os tipos de dados na resposta da API estão corretos.</doc>
<tag>testeTiposDados</tag>
<status status="PASS" start="2024-03-24T20:13:08.673561" elapsed="0.201739"/>
</test>
<test id="s1-s1-t5" name="Validar conteudo" line="35">
<kw name="Teste de Tipos de Conteudo" owner="random-user-service">
<kw name="GET On Session" owner="RequestsLibrary">
<msg time="2024-03-24T20:13:08.970594" level="INFO">GET Request : url=https://randomuser.me/api 
 path_url=/api 
 headers={'User-Agent': 'python-requests/2.31.0', 'Accept-Encoding': 'gzip, deflate', 'Accept': '*/*', 'Connection': 'keep-alive'} 
 body=None 
 </msg>
<msg time="2024-03-24T20:13:08.970698" level="INFO">GET Response : url=https://randomuser.me/api 
 status=200, reason=OK 
 headers={'Date': 'Sun, 24 Mar 2024 20:13:08 GMT', 'Content-Type': 'application/json; charset=utf-8', 'Transfer-Encoding': 'chunked', 'Connection': 'keep-alive', 'X-Powered-By': 'Express', 'Access-Control-Allow-Origin': '*', 'Cache-Control': 'no-cache', 'ETag': 'W/"47e-M9wCA9UrSg+VxBKzaILVDkY4MlY"', 'Vary': 'Accept-Encoding', 'Content-Encoding': 'gzip', 'CF-Cache-Status': 'DYNAMIC', 'Report-To': '{"endpoints":[{"url":"https:\\/\\/a.nel.cloudflare.com\\/report\\/v4?s=ZML5I5d3ycnPa%2BSixHrMuzFHSCIz6zZth%2Bg98pa3VdL7YrIBRLgexcAx%2BfFEum1BaEg%2Bwh3uHE%2FaXHaj1RFwLQzpLU%2FmxOU%2Flp%2BOa46RpeE1sZeXGjcIF60chzx7nAp8"}],"group":"cf-nel","max_age":604800}', 'NEL': '{"success_fraction":0,"report_to":"cf-nel","max_age":604800}', 'Server': 'cloudflare', 'CF-RAY': '869951f28ecc2349-SJC', 'alt-svc': 'h3=":443"; ma=86400'} 
 body={"results":[{"gender":"male","name":{"title":"Mr","first":"Mille","last":"Poulsen"},"location":{"street":{"number":1152,"name":"Dannevang"},"city":"København Ø","state":"Midtjylland","country":"Denmark","postcode":22817,"coordinates":{"latitude":"-42.1320","longitude":"-63.9458"},"timezone":{"offset":"-1:00","description":"Azores, Cape Verde Islands"}},"email":"mille.poulsen@example.com","login":{"uuid":"ad611762-6290-4e73-b271-146bc2367ba2","username":"lazybird172","password":"birdie","salt":"yhJa5CmE","md5":"7f3597dbc5fd91b0ad52056a75ca2f60","sha1":"ea6b9e3c8a64252f4c20f55ce102da5627fb809a","sha256":"3e5897ad2cc69c74071956b6c5e8c4b7439051deb2143340111cd00b8d7db210"},"dob":{"date":"1961-11-13T08:54:08.064Z","age":62},"registered":{"date":"2009-11-13T17:13:05.254Z","age":14},"phone":"71144661","cell":"87134254","id":{"name":"CPR","value":"131161-0288"},"picture":{"large":"https://randomuser.me/api/portraits/men/72.jpg","medium":"https://randomuser.me/api/portraits/med/men/72.jpg","thumbnail":"https://randomuser.me/api/portraits/thumb/men/72.jpg"},"nat":"DK"}],"info":{"seed":"bed792b0d85846cb","results":1,"page":1,"version":"1.4"}} 
 </msg>
<msg time="2024-03-24T20:13:08.970766" level="INFO">/opt/hostedtoolcache/Python/3.12.2/x64/lib/python3.12/site-packages/urllib3/connectionpool.py:1103: InsecureRequestWarning: Unverified HTTPS request is being made to host 'randomuser.me'. Adding certificate verification is strongly advised. See: https://urllib3.readthedocs.io/en/latest/advanced-usage.html#tls-warnings
  warnings.warn(</msg>
<msg time="2024-03-24T20:13:08.970877" level="INFO">${response} = &lt;Response [200]&gt;</msg>
<var>${response}</var>
<arg>consultarAPI</arg>
<arg>/api</arg>
<doc>Sends a GET request on a previously created HTTP Session.</doc>
<status status="PASS" start="2024-03-24T20:13:08.877869" elapsed="0.093042"/>
</kw>
<kw name="Set Variable" owner="BuiltIn">
<msg time="2024-03-24T20:13:08.971912" level="INFO">${json_data} = {'results': [{'gender': 'male', 'name': {'title': 'Mr', 'first': 'Mille', 'last': 'Poulsen'}, 'location': {'street': {'number': 1152, 'name': 'Dannevang'}, 'city': 'København Ø', 'state': 'Midtjylland...</msg>
<var>${json_data}</var>
<arg>${response.json()}</arg>
<doc>Returns the given values which can then be assigned to a variables.</doc>
<status status="PASS" start="2024-03-24T20:13:08.971395" elapsed="0.000547"/>
</kw>
<kw name="Set Variable" owner="BuiltIn">
<msg time="2024-03-24T20:13:08.972674" level="INFO">${name_title} = Mr</msg>
<var>${name_title}</var>
<arg>${json_data["results"][0]["name"]["title"]}</arg>
<doc>Returns the given values which can then be assigned to a variables.</doc>
<status status="PASS" start="2024-03-24T20:13:08.972247" elapsed="0.000453"/>
</kw>
<kw name="Create List" owner="BuiltIn">
<msg time="2024-03-24T20:13:08.973153" level="INFO">${allowed_titles} = ['Mr', 'Ms', 'Miss', 'Mrs', 'Madame', 'Monsieur']</msg>
<var>${allowed_titles}</var>
<arg>Mr</arg>
<arg>Ms</arg>
<arg>Miss</arg>
<arg>Mrs</arg>
<arg>Madame</arg>
<arg>Monsieur</arg>
<doc>Returns a list containing given items.</doc>
<status status="PASS" start="2024-03-24T20:13:08.973004" elapsed="0.000174"/>
</kw>
<kw name="List Should Contain Value" owner="Collections">
<msg time="2024-03-24T20:13:08.973664" level="INFO">False</msg>
<arg>${allowed_titles}</arg>
<arg>${name_title}</arg>
<doc>Fails if the ``value`` is not found from ``list``.</doc>
<status status="PASS" start="2024-03-24T20:13:08.973491" elapsed="0.000210"/>
</kw>
<kw name="Set Variable" owner="BuiltIn">
<msg time="2024-03-24T20:13:08.974367" level="INFO">${name_country} = DK</msg>
<var>${name_country}</var>
<arg>${json_data["results"][0]["nat"]}</arg>
<doc>Returns the given values which can then be assigned to a variables.</doc>
<status status="PASS" start="2024-03-24T20:13:08.973987" elapsed="0.000406"/>
</kw>
<kw name="Create List" owner="BuiltIn">
<msg time="2024-03-24T20:13:08.975299" level="INFO">${list_country} = ['AD', 'AE', 'AF', 'AG', 'AI', 'AL', 'AM', 'AO', 'AQ', 'AR', 'AS', 'AT', 'AU', 'AW', 'AX', 'AZ', 'BA', 'BB', 'BD', 'BE', 'BF', 'BG', 'BH', 'BI', 'BJ', 'BL', 'BM', 'BN', 'BO', 'BQ', 'BR', 'BS', 'BT', '...</msg>
<var>${list_country}</var>
<arg>AD</arg>
<arg>AE</arg>
<arg>AF</arg>
<arg>AG</arg>
<arg>AI</arg>
<arg>AL</arg>
<arg>AM</arg>
<arg>AO</arg>
<arg>AQ</arg>
<arg>AR</arg>
<arg>AS</arg>
<arg>AT</arg>
<arg>AU</arg>
<arg>AW</arg>
<arg>AX</arg>
<arg>AZ</arg>
<arg>BA</arg>
<arg>BB</arg>
<arg>BD</arg>
<arg>BE</arg>
<arg>BF</arg>
<arg>BG</arg>
<arg>BH</arg>
<arg>BI</arg>
<arg>BJ</arg>
<arg>BL</arg>
<arg>BM</arg>
<arg>BN</arg>
<arg>BO</arg>
<arg>BQ</arg>
<arg>BR</arg>
<arg>BS</arg>
<arg>BT</arg>
<arg>BV</arg>
<arg>BW</arg>
<arg>BY</arg>
<arg>BZ</arg>
<arg>CA</arg>
<arg>CC</arg>
<arg>CD</arg>
<arg>CF</arg>
<arg>CG</arg>
<arg>CH</arg>
<arg>CI</arg>
<arg>CK</arg>
<arg>CL</arg>
<arg>CM</arg>
<arg>CN</arg>
<arg>CO</arg>
<arg>CR</arg>
<arg>CU</arg>
<arg>CV</arg>
<arg>CW</arg>
<arg>CX</arg>
<arg>CY</arg>
<arg>CZ</arg>
<arg>DE</arg>
<arg>DJ</arg>
<arg>DK</arg>
<arg>DM</arg>
<arg>DO</arg>
<arg>DZ</arg>
<arg>EC</arg>
<arg>EE</arg>
<arg>EG</arg>
<arg>EH</arg>
<arg>ER</arg>
<arg>ES</arg>
<arg>ET</arg>
<arg>FI</arg>
<arg>FJ</arg>
<arg>FK</arg>
<arg>FM</arg>
<arg>FO</arg>
<arg>FR</arg>
<arg>GA</arg>
<arg>GB</arg>
<arg>GD</arg>
<arg>GE</arg>
<arg>GF</arg>
<arg>GG</arg>
<arg>GH</arg>
<arg>GI</arg>
<arg>GL</arg>
<arg>GM</arg>
<arg>GN</arg>
<arg>GP</arg>
<arg>GQ</arg>
<arg>GR</arg>
<arg>GS</arg>
<arg>GT</arg>
<arg>GU</arg>
<arg>GW</arg>
<arg>GY</arg>
<arg>HK</arg>
<arg>HM</arg>
<arg>HN</arg>
<arg>HR</arg>
<arg>HT</arg>
<arg>HU</arg>
<arg>ID</arg>
<arg>IE</arg>
<arg>IL</arg>
<arg>IM</arg>
<arg>IN</arg>
<arg>IO</arg>
<arg>IQ</arg>
<arg>IR</arg>
<arg>IS</arg>
<arg>IT</arg>
<arg>JE</arg>
<arg>JM</arg>
<arg>JO</arg>
<arg>JP</arg>
<arg>KE</arg>
<arg>KG</arg>
<arg>KH</arg>
<arg>KI</arg>
<arg>KM</arg>
<arg>KN</arg>
<arg>KP</arg>
<arg>KR</arg>
<arg>KW</arg>
<arg>KY</arg>
<arg>KZ</arg>
<arg>LA</arg>
<arg>LB</arg>
<arg>LC</arg>
<arg>LI</arg>
<arg>LK</arg>
<arg>LR</arg>
<arg>LS</arg>
<arg>LT</arg>
<arg>LU</arg>
<arg>LV</arg>
<arg>LY</arg>
<arg>MA</arg>
<arg>MC</arg>
<arg>MD</arg>
<arg>ME</arg>
<arg>MF</arg>
<arg>MG</arg>
<arg>MH</arg>
<arg>MK</arg>
<arg>ML</arg>
<arg>MM</arg>
<arg>MN</arg>
<arg>MO</arg>
<arg>MP</arg>
<arg>MQ</arg>
<arg>MR</arg>
<arg>MS</arg>
<arg>MT</arg>
<arg>MU</arg>
<arg>MV</arg>
<arg>MW</arg>
<arg>MX</arg>
<arg>MY</arg>
<arg>MZ</arg>
<arg>NA</arg>
<arg>NC</arg>
<arg>NE</arg>
<arg>NF</arg>
<arg>NG</arg>
<arg>NI</arg>
<arg>NL</arg>
<arg>NO</arg>
<arg>NP</arg>
<arg>NR</arg>
<arg>NU</arg>
<arg>NZ</arg>
<arg>OM</arg>
<arg>PA</arg>
<arg>PE</arg>
<arg>PF</arg>
<arg>PG</arg>
<arg>PH</arg>
<arg>PK</arg>
<arg>PL</arg>
<arg>PM</arg>
<arg>PN</arg>
<arg>PR</arg>
<arg>PS</arg>
<arg>PT</arg>
<arg>PW</arg>
<arg>PY</arg>
<arg>QA</arg>
<arg>RE</arg>
<arg>RO</arg>
<arg>RS</arg>
<arg>RU</arg>
<arg>RW</arg>
<arg>SA</arg>
<arg>SB</arg>
<arg>SC</arg>
<arg>SD</arg>
<arg>SE</arg>
<arg>SG</arg>
<arg>SH</arg>
<arg>SI</arg>
<arg>SJ</arg>
<arg>SK</arg>
<arg>SL</arg>
<arg>SM</arg>
<arg>SN</arg>
<arg>SO</arg>
<arg>SR</arg>
<arg>SS</arg>
<arg>ST</arg>
<arg>SV</arg>
<arg>SX</arg>
<arg>SY</arg>
<arg>SZ</arg>
<arg>TC</arg>
<arg>TD</arg>
<arg>TF</arg>
<arg>TG</arg>
<arg>TH</arg>
<arg>TJ</arg>
<arg>TK</arg>
<arg>TL</arg>
<arg>TM</arg>
<arg>TN</arg>
<arg>TO</arg>
<arg>TR</arg>
<arg>TT</arg>
<arg>TV</arg>
<arg>TW</arg>
<arg>TZ</arg>
<arg>UA</arg>
<arg>UG</arg>
<arg>UM</arg>
<arg>US</arg>
<arg>UY</arg>
<arg>UZ</arg>
<arg>VA</arg>
<arg>VC</arg>
<arg>VE</arg>
<arg>VG</arg>
<arg>VI</arg>
<arg>VN</arg>
<arg>VU</arg>
<arg>WF</arg>
<arg>WS</arg>
<arg>XK</arg>
<arg>YE</arg>
<arg>YT</arg>
<arg>ZA</arg>
<arg>ZM</arg>
<arg>ZW</arg>
<doc>Returns a list containing given items.</doc>
<status status="PASS" start="2024-03-24T20:13:08.974698" elapsed="0.000627"/>
</kw>
<kw name="List Should Contain Value" owner="Collections">
<msg time="2024-03-24T20:13:08.976464" level="INFO">False</msg>
<arg>${list_country}</arg>
<arg>${name_country}</arg>
<doc>Fails if the ``value`` is not found from ``list``.</doc>
<status status="PASS" start="2024-03-24T20:13:08.976241" elapsed="0.000265"/>
</kw>
<kw name="Run Keyword If" owner="BuiltIn">
<kw name="Should Be True" owner="BuiltIn">
<arg>${True}</arg>
<doc>Fails if the given condition is not true.</doc>
<status status="PASS" start="2024-03-24T20:13:08.977576" elapsed="0.000144"/>
</kw>
<arg>${json_data["results"][0]["location"]["coordinates"]["latitude"]} &gt;= -90 and ${json_data["results"][0]["location"]["coordinates"]["latitude"]} &lt;= 90</arg>
<arg>Should Be True</arg>
<arg>${True}</arg>
<doc>Runs the given keyword with the given arguments, if ``condition`` is true.</doc>
<status status="PASS" start="2024-03-24T20:13:08.976826" elapsed="0.001021"/>
</kw>
<kw name="Run Keyword If" owner="BuiltIn">
<kw name="Should Be True" owner="BuiltIn">
<arg>${True}</arg>
<doc>Fails if the given condition is not true.</doc>
<status status="PASS" start="2024-03-24T20:13:08.978732" elapsed="0.000139"/>
</kw>
<arg>${json_data["results"][0]["location"]["coordinates"]["longitude"]} &gt;= -180 and ${json_data["results"][0]["location"]["coordinates"]["longitude"]} &lt;= 180</arg>
<arg>Should Be True</arg>
<arg>${True}</arg>
<doc>Runs the given keyword with the given arguments, if ``condition`` is true.</doc>
<status status="PASS" start="2024-03-24T20:13:08.978031" elapsed="0.000964"/>
</kw>
<status status="PASS" start="2024-03-24T20:13:08.877638" elapsed="0.101487"/>
</kw>
<doc>Testa o conteúdo específico dos campos retornados pela API.</doc>
<tag>testeConteudo</tag>
<status status="PASS" start="2024-03-24T20:13:08.877097" elapsed="0.102181"/>
</test>
<status status="PASS" start="2024-03-24T20:13:07.886575" elapsed="1.094693"/>
</suite>
<status status="PASS" start="2024-03-24T20:13:07.872692" elapsed="1.113878"/>
</suite>
<statistics>
<total>
<stat pass="5" fail="0" skip="0">All Tests</stat>
</total>
<tag>
<stat pass="1" fail="0" skip="0">testeConteudo</stat>
<stat pass="1" fail="0" skip="0">testeEstruturaResposta</stat>
<stat pass="1" fail="0" skip="0">testeRequisicaoBasica</stat>
<stat pass="1" fail="0" skip="0">testeTiposDados</stat>
</tag>
<suite>
<stat pass="5" fail="0" skip="0" id="s1" name="Tests">Tests</stat>
<stat pass="5" fail="0" skip="0" id="s1-s1" name="Random-User-Test">Tests.Random-User-Test</stat>
</suite>
</statistics>
<errors>
</errors>
</robot>
