<?xml version="1.0" encoding="UTF-8"?>
<robot generator="Robot 7.0 (Python 3.12.3 on linux)" generated="2024-05-18T22:12:24.975301" rpa="false" schemaversion="5">
<suite id="s1" name="Tests" source="/home/runner/work/DesafioQAItauRogerioJordao/DesafioQAItauRogerioJordao/RamdonUser/tests">
<suite id="s1-s1" name="Random-User-Test" source="/home/runner/work/DesafioQAItauRogerioJordao/DesafioQAItauRogerioJordao/RamdonUser/tests/random-user-test.robot">
<test id="s1-s1-t1" name="Conectar" line="13">
<kw name="Conectar API" owner="random-user-service">
<kw name="Create Session" owner="RequestsLibrary">
<msg time="2024-05-18T22:12:25.348394" level="INFO">Creating Session using : alias=consultarAPI, url=https://randomuser.me/, headers={},                     cookies={}, auth=None, timeout=None, proxies=None, verify=False,                     debug=0 </msg>
<arg>consultarAPI</arg>
<arg>${URL}</arg>
<doc>Create Session: create a HTTP session to a server</doc>
<status status="PASS" start="2024-05-18T22:12:25.348182" elapsed="0.000419"/>
</kw>
<status status="PASS" start="2024-05-18T22:12:25.347180" elapsed="0.001806"/>
</kw>
<status status="PASS" start="2024-05-18T22:12:25.346542" elapsed="0.002641"/>
</test>
<test id="s1-s1-t2" name="Validar retorno 200 e JSON Válido" line="16">
<kw name="Teste de Requisicao Basica" owner="random-user-service">
<kw name="GET On Session" owner="RequestsLibrary">
<msg time="2024-05-18T22:12:25.526846" level="INFO">GET Request : url=https://randomuser.me/api 
 path_url=/api 
 headers={'User-Agent': 'python-requests/2.31.0', 'Accept-Encoding': 'gzip, deflate', 'Accept': '*/*', 'Connection': 'keep-alive'} 
 body=None 
 </msg>
<msg time="2024-05-18T22:12:25.526999" level="INFO">GET Response : url=https://randomuser.me/api 
 status=200, reason=OK 
 headers={'Date': 'Sat, 18 May 2024 22:12:25 GMT', 'Content-Type': 'application/json; charset=utf-8', 'Transfer-Encoding': 'chunked', 'Connection': 'keep-alive', 'X-Powered-By': 'Express', 'Access-Control-Allow-Origin': '*', 'Cache-Control': 'no-cache', 'ETag': 'W/"489-1rlP9YNGl23aQBTqgxQwf+cYbQQ"', 'Vary': 'Accept-Encoding', 'Content-Encoding': 'gzip', 'CF-Cache-Status': 'DYNAMIC', 'Report-To': '{"endpoints":[{"url":"https:\\/\\/a.nel.cloudflare.com\\/report\\/v4?s=2iJ62KEhEB3UzfhJyR4O0ICjvHl49sihJ%2Bik9SS6ASx0Zcej5FRx2A50cagKb71YtRH32z2vF5aJhJW709QLhHjb7m8Vm%2Bp7ujd9ZPgnGPwMVSZsVJxpjw41mMT0zNq1"}],"group":"cf-nel","max_age":604800}', 'NEL': '{"success_fraction":0,"report_to":"cf-nel","max_age":604800}', 'Server': 'cloudflare', 'CF-RAY': '885f304aff9996f5-SJC', 'alt-svc': 'h3=":443"; ma=86400'} 
 body={"results":[{"gender":"male","name":{"title":"Mr","first":"Onni","last":"Tikkanen"},"location":{"street":{"number":7177,"name":"Aleksanterinkatu"},"city":"Kouvola","state":"Satakunta","country":"Finland","postcode":68541,"coordinates":{"latitude":"-25.3443","longitude":"-14.7940"},"timezone":{"offset":"-12:00","description":"Eniwetok, Kwajalein"}},"email":"onni.tikkanen@example.com","login":{"uuid":"be0b05aa-34a2-4e11-abdc-f7c01624eb2d","username":"ticklishrabbit951","password":"pringles","salt":"npNj3efl","md5":"da604eab394f311e1f2802be0946a9ed","sha1":"a5fddee5b57a40335d3105e5869d9ddf0ea92061","sha256":"89579425e1ad685148cf6464e5e3af5889b0d7c75d7faa8ee664a27dd97078b9"},"dob":{"date":"1969-10-24T18:34:30.208Z","age":54},"registered":{"date":"2017-07-21T20:24:15.704Z","age":6},"phone":"02-412-971","cell":"048-626-82-96","id":{"name":"HETU","value":"NaNNA665undefined"},"picture":{"large":"https://randomuser.me/api/portraits/men/0.jpg","medium":"https://randomuser.me/api/portraits/med/men/0.jpg","thumbnail":"https://randomuser.me/api/portraits/thumb/men/0.jpg"},"nat":"FI"}],"info":{"seed":"a3905628efd449f6","results":1,"page":1,"version":"1.4"}} 
 </msg>
<msg time="2024-05-18T22:12:25.527080" level="INFO">/opt/hostedtoolcache/Python/3.12.3/x64/lib/python3.12/site-packages/urllib3/connectionpool.py:1103: InsecureRequestWarning: Unverified HTTPS request is being made to host 'randomuser.me'. Adding certificate verification is strongly advised. See: https://urllib3.readthedocs.io/en/latest/advanced-usage.html#tls-warnings
  warnings.warn(</msg>
<msg time="2024-05-18T22:12:25.527239" level="INFO">${response} = &lt;Response [200]&gt;</msg>
<var>${response}</var>
<arg>consultarAPI</arg>
<arg>/api</arg>
<doc>Sends a GET request on a previously created HTTP Session.</doc>
<status status="PASS" start="2024-05-18T22:12:25.351926" elapsed="0.175357"/>
</kw>
<kw name="Should Be Equal As Numbers" owner="BuiltIn">
<msg time="2024-05-18T22:12:25.528455" level="INFO">Argument types are:
&lt;class 'int'&gt;
&lt;class 'str'&gt;</msg>
<arg>${response.status_code}</arg>
<arg>200</arg>
<doc>Fails if objects are unequal after converting them to real numbers.</doc>
<status status="PASS" start="2024-05-18T22:12:25.527945" elapsed="0.000577"/>
</kw>
<kw name="Log" owner="BuiltIn">
<msg time="2024-05-18T22:12:25.529228" level="INFO">200</msg>
<arg>${response.status_code}</arg>
<doc>Logs the given message with the given level.</doc>
<status status="PASS" start="2024-05-18T22:12:25.528881" elapsed="0.000391"/>
</kw>
<kw name="Set Variable" owner="BuiltIn">
<msg time="2024-05-18T22:12:25.530001" level="INFO">${json_data} = {'results': [{'gender': 'male', 'name': {'title': 'Mr', 'first': 'Onni', 'last': 'Tikkanen'}, 'location': {'street': {'number': 7177, 'name': 'Aleksanterinkatu'}, 'city': 'Kouvola', 'state': 'Satakunt...</msg>
<var>${json_data}</var>
<arg>${response.json()}</arg>
<doc>Returns the given values which can then be assigned to a variables.</doc>
<status status="PASS" start="2024-05-18T22:12:25.529576" elapsed="0.000453"/>
</kw>
<kw name="Dictionary Should Contain Key" owner="Collections">
<msg time="2024-05-18T22:12:25.530546" level="INFO">False</msg>
<arg>${json_data}</arg>
<arg>results</arg>
<doc>Fails if ``key`` is not found from ``dictionary``.</doc>
<status status="PASS" start="2024-05-18T22:12:25.530372" elapsed="0.000214"/>
</kw>
<status status="PASS" start="2024-05-18T22:12:25.351682" elapsed="0.179162"/>
</kw>
<doc>Testa se a API responde corretamente e retorna um objeto JSON válido.</doc>
<tag>testeRequisicaoBasica</tag>
<status status="PASS" start="2024-05-18T22:12:25.351123" elapsed="0.179903"/>
</test>
<test id="s1-s1-t3" name="Validar estrutura de resposta" line="22">
<kw name="Teste de Estrutura de Resposta" owner="random-user-service">
<kw name="GET On Session" owner="RequestsLibrary">
<msg time="2024-05-18T22:12:25.623325" level="INFO">GET Request : url=https://randomuser.me/api 
 path_url=/api 
 headers={'User-Agent': 'python-requests/2.31.0', 'Accept-Encoding': 'gzip, deflate', 'Accept': '*/*', 'Connection': 'keep-alive'} 
 body=None 
 </msg>
<msg time="2024-05-18T22:12:25.623437" level="INFO">GET Response : url=https://randomuser.me/api 
 status=200, reason=OK 
 headers={'Date': 'Sat, 18 May 2024 22:12:25 GMT', 'Content-Type': 'application/json; charset=utf-8', 'Transfer-Encoding': 'chunked', 'Connection': 'keep-alive', 'X-Powered-By': 'Express', 'Access-Control-Allow-Origin': '*', 'Cache-Control': 'no-cache', 'ETag': 'W/"4b4-nO/+LMxzJRlebDgj5ICv7Qz8nlE"', 'Vary': 'Accept-Encoding', 'Content-Encoding': 'gzip', 'CF-Cache-Status': 'DYNAMIC', 'Report-To': '{"endpoints":[{"url":"https:\\/\\/a.nel.cloudflare.com\\/report\\/v4?s=8iXYwq%2FdTQ2XLphmyZtAUthPfNpv8nCQrTIAzWVTsgOqa3Yp%2B5dE8pFX7kYl4QT4xQwdcEMMrqCXEPfqt0EjU2AL1YUFH%2BNZLfHBXZVp%2F8S8D8kJfbWyySrm8T%2BvX1Xv"}],"group":"cf-nel","max_age":604800}', 'NEL': '{"success_fraction":0,"report_to":"cf-nel","max_age":604800}', 'Server': 'cloudflare', 'CF-RAY': '885f304b9fe596f5-SJC', 'alt-svc': 'h3=":443"; ma=86400'} 
 body={"results":[{"gender":"male","name":{"title":"Mr","first":"José Emilio","last":"Quiñones"},"location":{"street":{"number":9650,"name":"Eje vial México"},"city":"Campo Militar N. 37B (El Cabi)","state":"Tamaulipas","country":"Mexico","postcode":91853,"coordinates":{"latitude":"21.4469","longitude":"-8.6644"},"timezone":{"offset":"+2:00","description":"Kaliningrad, South Africa"}},"email":"joseemilio.quinones@example.com","login":{"uuid":"8b8f91de-ace1-4551-bad8-01e427ccb56d","username":"ticklishlion131","password":"peugeot","salt":"NV6fuuf9","md5":"21618e82b546e7c71117cf838f0b5b42","sha1":"1f2eeba74fbcb3017355a3690b187a633c001278","sha256":"129152fab81573d8382e78808ed900fc4f7643f7c4984a841c6988b00f15ec79"},"dob":{"date":"1949-10-16T00:07:42.613Z","age":74},"registered":{"date":"2019-11-27T04:30:35.030Z","age":4},"phone":"(614) 776 3482","cell":"(682) 576 9159","id":{"name":"NSS","value":"11 62 44 1138 6"},"picture":{"large":"https://randomuser.me/api/portraits/men/26.jpg","medium":"https://randomuser.me/api/portraits/med/men/26.jpg","thumbnail":"https://randomuser.me/api/portraits/thumb/men/26.jpg"},"nat":"MX"}],"info":{"seed":"9e9cd59617fb1dc2","results":1,"page":1,"version":"1.4"}} 
 </msg>
<msg time="2024-05-18T22:12:25.623589" level="INFO">/opt/hostedtoolcache/Python/3.12.3/x64/lib/python3.12/site-packages/urllib3/connectionpool.py:1103: InsecureRequestWarning: Unverified HTTPS request is being made to host 'randomuser.me'. Adding certificate verification is strongly advised. See: https://urllib3.readthedocs.io/en/latest/advanced-usage.html#tls-warnings
  warnings.warn(</msg>
<msg time="2024-05-18T22:12:25.623735" level="INFO">${response} = &lt;Response [200]&gt;</msg>
<var>${response}</var>
<arg>consultarAPI</arg>
<arg>/api</arg>
<doc>Sends a GET request on a previously created HTTP Session.</doc>
<status status="PASS" start="2024-05-18T22:12:25.533695" elapsed="0.090081"/>
</kw>
<kw name="Set Variable" owner="BuiltIn">
<msg time="2024-05-18T22:12:25.624798" level="INFO">${json_data} = {'results': [{'gender': 'male', 'name': {'title': 'Mr', 'first': 'José Emilio', 'last': 'Quiñones'}, 'location': {'street': {'number': 9650, 'name': 'Eje vial México'}, 'city': 'Campo Militar N. 37B (...</msg>
<var>${json_data}</var>
<arg>${response.json()}</arg>
<doc>Returns the given values which can then be assigned to a variables.</doc>
<status status="PASS" start="2024-05-18T22:12:25.624273" elapsed="0.000554"/>
</kw>
<kw name="Log" owner="BuiltIn">
<msg time="2024-05-18T22:12:25.625306" level="INFO">{'results': [{'gender': 'male', 'name': {'title': 'Mr', 'first': 'José Emilio', 'last': 'Quiñones'}, 'location': {'street': {'number': 9650, 'name': 'Eje vial México'}, 'city': 'Campo Militar N. 37B (El Cabi)', 'state': 'Tamaulipas', 'country': 'Mexico', 'postcode': 91853, 'coordinates': {'latitude': '21.4469', 'longitude': '-8.6644'}, 'timezone': {'offset': '+2:00', 'description': 'Kaliningrad, South Africa'}}, 'email': 'joseemilio.quinones@example.com', 'login': {'uuid': '8b8f91de-ace1-4551-bad8-01e427ccb56d', 'username': 'ticklishlion131', 'password': 'peugeot', 'salt': 'NV6fuuf9', 'md5': '21618e82b546e7c71117cf838f0b5b42', 'sha1': '1f2eeba74fbcb3017355a3690b187a633c001278', 'sha256': '129152fab81573d8382e78808ed900fc4f7643f7c4984a841c6988b00f15ec79'}, 'dob': {'date': '1949-10-16T00:07:42.613Z', 'age': 74}, 'registered': {'date': '2019-11-27T04:30:35.030Z', 'age': 4}, 'phone': '(614) 776 3482', 'cell': '(682) 576 9159', 'id': {'name': 'NSS', 'value': '11 62 44 1138 6'}, 'picture': {'large': 'https://randomuser.me/api/portraits/men/26.jpg', 'medium': 'https://randomuser.me/api/portraits/med/men/26.jpg', 'thumbnail': 'https://randomuser.me/api/portraits/thumb/men/26.jpg'}, 'nat': 'MX'}], 'info': {'seed': '9e9cd59617fb1dc2', 'results': 1, 'page': 1, 'version': '1.4'}}</msg>
<arg>${json_data}</arg>
<doc>Logs the given message with the given level.</doc>
<status status="PASS" start="2024-05-18T22:12:25.625142" elapsed="0.000214"/>
</kw>
<kw name="Dictionary Should Contain Key" owner="Collections">
<msg time="2024-05-18T22:12:25.625817" level="INFO">False</msg>
<arg>${json_data}</arg>
<arg>results</arg>
<doc>Fails if ``key`` is not found from ``dictionary``.</doc>
<status status="PASS" start="2024-05-18T22:12:25.625653" elapsed="0.000199"/>
</kw>
<kw name="Should Not Be Empty" owner="BuiltIn">
<msg time="2024-05-18T22:12:25.626328" level="INFO">Length is 2.</msg>
<arg>${json_data}</arg>
<doc>Verifies that the given item is not empty.</doc>
<status status="PASS" start="2024-05-18T22:12:25.626186" elapsed="0.000340"/>
</kw>
<kw name="Create List" owner="BuiltIn">
<msg time="2024-05-18T22:12:25.626981" level="INFO">${expected_keys} = ['gender', 'name', 'location', 'email', 'login']</msg>
<var>${expected_keys}</var>
<arg>gender</arg>
<arg>name</arg>
<arg>location</arg>
<arg>email</arg>
<arg>login</arg>
<doc>Returns a list containing given items.</doc>
<status status="PASS" start="2024-05-18T22:12:25.626828" elapsed="0.000178"/>
</kw>
<for flavor="IN">
<iter>
<kw name="Dictionary Should Contain Key" owner="Collections">
<msg time="2024-05-18T22:12:25.627981" level="INFO">False</msg>
<arg>${json_data['results'][0]}</arg>
<arg>${key}</arg>
<doc>Fails if ``key`` is not found from ``dictionary``.</doc>
<status status="PASS" start="2024-05-18T22:12:25.627588" elapsed="0.000430"/>
</kw>
<kw name="Log" owner="BuiltIn">
<msg time="2024-05-18T22:12:25.628678" level="INFO">{'gender': 'male', 'name': {'title': 'Mr', 'first': 'José Emilio', 'last': 'Quiñones'}, 'location': {'street': {'number': 9650, 'name': 'Eje vial México'}, 'city': 'Campo Militar N. 37B (El Cabi)', 'state': 'Tamaulipas', 'country': 'Mexico', 'postcode': 91853, 'coordinates': {'latitude': '21.4469', 'longitude': '-8.6644'}, 'timezone': {'offset': '+2:00', 'description': 'Kaliningrad, South Africa'}}, 'email': 'joseemilio.quinones@example.com', 'login': {'uuid': '8b8f91de-ace1-4551-bad8-01e427ccb56d', 'username': 'ticklishlion131', 'password': 'peugeot', 'salt': 'NV6fuuf9', 'md5': '21618e82b546e7c71117cf838f0b5b42', 'sha1': '1f2eeba74fbcb3017355a3690b187a633c001278', 'sha256': '129152fab81573d8382e78808ed900fc4f7643f7c4984a841c6988b00f15ec79'}, 'dob': {'date': '1949-10-16T00:07:42.613Z', 'age': 74}, 'registered': {'date': '2019-11-27T04:30:35.030Z', 'age': 4}, 'phone': '(614) 776 3482', 'cell': '(682) 576 9159', 'id': {'name': 'NSS', 'value': '11 62 44 1138 6'}, 'picture': {'large': 'https://randomuser.me/api/portraits/men/26.jpg', 'medium': 'https://randomuser.me/api/portraits/med/men/26.jpg', 'thumbnail': 'https://randomuser.me/api/portraits/thumb/men/26.jpg'}, 'nat': 'MX'}</msg>
<arg>${json_data['results'][0]}</arg>
<doc>Logs the given message with the given level.</doc>
<status status="PASS" start="2024-05-18T22:12:25.628316" elapsed="0.000412"/>
</kw>
<kw name="Log" owner="BuiltIn">
<msg time="2024-05-18T22:12:25.629155" level="INFO">gender</msg>
<arg>${key}</arg>
<doc>Logs the given message with the given level.</doc>
<status status="PASS" start="2024-05-18T22:12:25.629029" elapsed="0.000163"/>
</kw>
<var name="${key}">gender</var>
<status status="PASS" start="2024-05-18T22:12:25.627458" elapsed="0.001948"/>
</iter>
<iter>
<kw name="Dictionary Should Contain Key" owner="Collections">
<msg time="2024-05-18T22:12:25.630130" level="INFO">False</msg>
<arg>${json_data['results'][0]}</arg>
<arg>${key}</arg>
<doc>Fails if ``key`` is not found from ``dictionary``.</doc>
<status status="PASS" start="2024-05-18T22:12:25.629707" elapsed="0.000496"/>
</kw>
<kw name="Log" owner="BuiltIn">
<msg time="2024-05-18T22:12:25.630868" level="INFO">{'gender': 'male', 'name': {'title': 'Mr', 'first': 'José Emilio', 'last': 'Quiñones'}, 'location': {'street': {'number': 9650, 'name': 'Eje vial México'}, 'city': 'Campo Militar N. 37B (El Cabi)', 'state': 'Tamaulipas', 'country': 'Mexico', 'postcode': 91853, 'coordinates': {'latitude': '21.4469', 'longitude': '-8.6644'}, 'timezone': {'offset': '+2:00', 'description': 'Kaliningrad, South Africa'}}, 'email': 'joseemilio.quinones@example.com', 'login': {'uuid': '8b8f91de-ace1-4551-bad8-01e427ccb56d', 'username': 'ticklishlion131', 'password': 'peugeot', 'salt': 'NV6fuuf9', 'md5': '21618e82b546e7c71117cf838f0b5b42', 'sha1': '1f2eeba74fbcb3017355a3690b187a633c001278', 'sha256': '129152fab81573d8382e78808ed900fc4f7643f7c4984a841c6988b00f15ec79'}, 'dob': {'date': '1949-10-16T00:07:42.613Z', 'age': 74}, 'registered': {'date': '2019-11-27T04:30:35.030Z', 'age': 4}, 'phone': '(614) 776 3482', 'cell': '(682) 576 9159', 'id': {'name': 'NSS', 'value': '11 62 44 1138 6'}, 'picture': {'large': 'https://randomuser.me/api/portraits/men/26.jpg', 'medium': 'https://randomuser.me/api/portraits/med/men/26.jpg', 'thumbnail': 'https://randomuser.me/api/portraits/thumb/men/26.jpg'}, 'nat': 'MX'}</msg>
<arg>${json_data['results'][0]}</arg>
<doc>Logs the given message with the given level.</doc>
<status status="PASS" start="2024-05-18T22:12:25.630507" elapsed="0.000411"/>
</kw>
<kw name="Log" owner="BuiltIn">
<msg time="2024-05-18T22:12:25.631339" level="INFO">name</msg>
<arg>${key}</arg>
<doc>Logs the given message with the given level.</doc>
<status status="PASS" start="2024-05-18T22:12:25.631212" elapsed="0.000164"/>
</kw>
<var name="${key}">name</var>
<status status="PASS" start="2024-05-18T22:12:25.629592" elapsed="0.001998"/>
</iter>
<iter>
<kw name="Dictionary Should Contain Key" owner="Collections">
<msg time="2024-05-18T22:12:25.632257" level="INFO">False</msg>
<arg>${json_data['results'][0]}</arg>
<arg>${key}</arg>
<doc>Fails if ``key`` is not found from ``dictionary``.</doc>
<status status="PASS" start="2024-05-18T22:12:25.631878" elapsed="0.000416"/>
</kw>
<kw name="Log" owner="BuiltIn">
<msg time="2024-05-18T22:12:25.632947" level="INFO">{'gender': 'male', 'name': {'title': 'Mr', 'first': 'José Emilio', 'last': 'Quiñones'}, 'location': {'street': {'number': 9650, 'name': 'Eje vial México'}, 'city': 'Campo Militar N. 37B (El Cabi)', 'state': 'Tamaulipas', 'country': 'Mexico', 'postcode': 91853, 'coordinates': {'latitude': '21.4469', 'longitude': '-8.6644'}, 'timezone': {'offset': '+2:00', 'description': 'Kaliningrad, South Africa'}}, 'email': 'joseemilio.quinones@example.com', 'login': {'uuid': '8b8f91de-ace1-4551-bad8-01e427ccb56d', 'username': 'ticklishlion131', 'password': 'peugeot', 'salt': 'NV6fuuf9', 'md5': '21618e82b546e7c71117cf838f0b5b42', 'sha1': '1f2eeba74fbcb3017355a3690b187a633c001278', 'sha256': '129152fab81573d8382e78808ed900fc4f7643f7c4984a841c6988b00f15ec79'}, 'dob': {'date': '1949-10-16T00:07:42.613Z', 'age': 74}, 'registered': {'date': '2019-11-27T04:30:35.030Z', 'age': 4}, 'phone': '(614) 776 3482', 'cell': '(682) 576 9159', 'id': {'name': 'NSS', 'value': '11 62 44 1138 6'}, 'picture': {'large': 'https://randomuser.me/api/portraits/men/26.jpg', 'medium': 'https://randomuser.me/api/portraits/med/men/26.jpg', 'thumbnail': 'https://randomuser.me/api/portraits/thumb/men/26.jpg'}, 'nat': 'MX'}</msg>
<arg>${json_data['results'][0]}</arg>
<doc>Logs the given message with the given level.</doc>
<status status="PASS" start="2024-05-18T22:12:25.632592" elapsed="0.000404"/>
</kw>
<kw name="Log" owner="BuiltIn">
<msg time="2024-05-18T22:12:25.633414" level="INFO">location</msg>
<arg>${key}</arg>
<doc>Logs the given message with the given level.</doc>
<status status="PASS" start="2024-05-18T22:12:25.633289" elapsed="0.000163"/>
</kw>
<var name="${key}">location</var>
<status status="PASS" start="2024-05-18T22:12:25.631766" elapsed="0.001898"/>
</iter>
<iter>
<kw name="Dictionary Should Contain Key" owner="Collections">
<msg time="2024-05-18T22:12:25.634370" level="INFO">False</msg>
<arg>${json_data['results'][0]}</arg>
<arg>${key}</arg>
<doc>Fails if ``key`` is not found from ``dictionary``.</doc>
<status status="PASS" start="2024-05-18T22:12:25.633947" elapsed="0.000461"/>
</kw>
<kw name="Log" owner="BuiltIn">
<msg time="2024-05-18T22:12:25.635068" level="INFO">{'gender': 'male', 'name': {'title': 'Mr', 'first': 'José Emilio', 'last': 'Quiñones'}, 'location': {'street': {'number': 9650, 'name': 'Eje vial México'}, 'city': 'Campo Militar N. 37B (El Cabi)', 'state': 'Tamaulipas', 'country': 'Mexico', 'postcode': 91853, 'coordinates': {'latitude': '21.4469', 'longitude': '-8.6644'}, 'timezone': {'offset': '+2:00', 'description': 'Kaliningrad, South Africa'}}, 'email': 'joseemilio.quinones@example.com', 'login': {'uuid': '8b8f91de-ace1-4551-bad8-01e427ccb56d', 'username': 'ticklishlion131', 'password': 'peugeot', 'salt': 'NV6fuuf9', 'md5': '21618e82b546e7c71117cf838f0b5b42', 'sha1': '1f2eeba74fbcb3017355a3690b187a633c001278', 'sha256': '129152fab81573d8382e78808ed900fc4f7643f7c4984a841c6988b00f15ec79'}, 'dob': {'date': '1949-10-16T00:07:42.613Z', 'age': 74}, 'registered': {'date': '2019-11-27T04:30:35.030Z', 'age': 4}, 'phone': '(614) 776 3482', 'cell': '(682) 576 9159', 'id': {'name': 'NSS', 'value': '11 62 44 1138 6'}, 'picture': {'large': 'https://randomuser.me/api/portraits/men/26.jpg', 'medium': 'https://randomuser.me/api/portraits/med/men/26.jpg', 'thumbnail': 'https://randomuser.me/api/portraits/thumb/men/26.jpg'}, 'nat': 'MX'}</msg>
<arg>${json_data['results'][0]}</arg>
<doc>Logs the given message with the given level.</doc>
<status status="PASS" start="2024-05-18T22:12:25.634712" elapsed="0.000405"/>
</kw>
<kw name="Log" owner="BuiltIn">
<msg time="2024-05-18T22:12:25.635538" level="INFO">email</msg>
<arg>${key}</arg>
<doc>Logs the given message with the given level.</doc>
<status status="PASS" start="2024-05-18T22:12:25.635412" elapsed="0.000163"/>
</kw>
<var name="${key}">email</var>
<status status="PASS" start="2024-05-18T22:12:25.633835" elapsed="0.001955"/>
</iter>
<iter>
<kw name="Dictionary Should Contain Key" owner="Collections">
<msg time="2024-05-18T22:12:25.636457" level="INFO">False</msg>
<arg>${json_data['results'][0]}</arg>
<arg>${key}</arg>
<doc>Fails if ``key`` is not found from ``dictionary``.</doc>
<status status="PASS" start="2024-05-18T22:12:25.636080" elapsed="0.000415"/>
</kw>
<kw name="Log" owner="BuiltIn">
<msg time="2024-05-18T22:12:25.637152" level="INFO">{'gender': 'male', 'name': {'title': 'Mr', 'first': 'José Emilio', 'last': 'Quiñones'}, 'location': {'street': {'number': 9650, 'name': 'Eje vial México'}, 'city': 'Campo Militar N. 37B (El Cabi)', 'state': 'Tamaulipas', 'country': 'Mexico', 'postcode': 91853, 'coordinates': {'latitude': '21.4469', 'longitude': '-8.6644'}, 'timezone': {'offset': '+2:00', 'description': 'Kaliningrad, South Africa'}}, 'email': 'joseemilio.quinones@example.com', 'login': {'uuid': '8b8f91de-ace1-4551-bad8-01e427ccb56d', 'username': 'ticklishlion131', 'password': 'peugeot', 'salt': 'NV6fuuf9', 'md5': '21618e82b546e7c71117cf838f0b5b42', 'sha1': '1f2eeba74fbcb3017355a3690b187a633c001278', 'sha256': '129152fab81573d8382e78808ed900fc4f7643f7c4984a841c6988b00f15ec79'}, 'dob': {'date': '1949-10-16T00:07:42.613Z', 'age': 74}, 'registered': {'date': '2019-11-27T04:30:35.030Z', 'age': 4}, 'phone': '(614) 776 3482', 'cell': '(682) 576 9159', 'id': {'name': 'NSS', 'value': '11 62 44 1138 6'}, 'picture': {'large': 'https://randomuser.me/api/portraits/men/26.jpg', 'medium': 'https://randomuser.me/api/portraits/med/men/26.jpg', 'thumbnail': 'https://randomuser.me/api/portraits/thumb/men/26.jpg'}, 'nat': 'MX'}</msg>
<arg>${json_data['results'][0]}</arg>
<doc>Logs the given message with the given level.</doc>
<status status="PASS" start="2024-05-18T22:12:25.636792" elapsed="0.000409"/>
</kw>
<kw name="Log" owner="BuiltIn">
<msg time="2024-05-18T22:12:25.637652" level="INFO">login</msg>
<arg>${key}</arg>
<doc>Logs the given message with the given level.</doc>
<status status="PASS" start="2024-05-18T22:12:25.637524" elapsed="0.000167"/>
</kw>
<var name="${key}">login</var>
<status status="PASS" start="2024-05-18T22:12:25.635960" elapsed="0.001950"/>
</iter>
<var>${key}</var>
<value>@{expected_keys}</value>
<status status="PASS" start="2024-05-18T22:12:25.627266" elapsed="0.010764"/>
</for>
<kw name="Create List" owner="BuiltIn">
<msg time="2024-05-18T22:12:25.638421" level="INFO">${expected_keysTwo} = ['username', 'password']</msg>
<var>${expected_keysTwo}</var>
<arg>username</arg>
<arg>password</arg>
<doc>Returns a list containing given items.</doc>
<status status="PASS" start="2024-05-18T22:12:25.638257" elapsed="0.000188"/>
</kw>
<for flavor="IN">
<iter>
<kw name="Dictionary Should Contain Key" owner="Collections">
<msg time="2024-05-18T22:12:25.639331" level="INFO">False</msg>
<arg>${json_data['results'][0]['login']}</arg>
<arg>${keyTwo}</arg>
<doc>Fails if ``key`` is not found from ``dictionary``.</doc>
<status status="PASS" start="2024-05-18T22:12:25.638950" elapsed="0.000418"/>
</kw>
<kw name="Dictionary Should Contain Key" owner="Collections">
<msg time="2024-05-18T22:12:25.640052" level="INFO">False</msg>
<arg>${json_data['results'][0]['login']}</arg>
<arg>${keyTwo}</arg>
<doc>Fails if ``key`` is not found from ``dictionary``.</doc>
<status status="PASS" start="2024-05-18T22:12:25.639665" elapsed="0.000424"/>
</kw>
<kw name="Log" owner="BuiltIn">
<msg time="2024-05-18T22:12:25.640503" level="INFO">username</msg>
<arg>${keyTwo}</arg>
<doc>Logs the given message with the given level.</doc>
<status status="PASS" start="2024-05-18T22:12:25.640379" elapsed="0.000165"/>
</kw>
<var name="${keyTwo}">username</var>
<status status="PASS" start="2024-05-18T22:12:25.638834" elapsed="0.001927"/>
</iter>
<iter>
<kw name="Dictionary Should Contain Key" owner="Collections">
<msg time="2024-05-18T22:12:25.641493" level="INFO">False</msg>
<arg>${json_data['results'][0]['login']}</arg>
<arg>${keyTwo}</arg>
<doc>Fails if ``key`` is not found from ``dictionary``.</doc>
<status status="PASS" start="2024-05-18T22:12:25.641041" elapsed="0.000494"/>
</kw>
<kw name="Dictionary Should Contain Key" owner="Collections">
<msg time="2024-05-18T22:12:25.642242" level="INFO">False</msg>
<arg>${json_data['results'][0]['login']}</arg>
<arg>${keyTwo}</arg>
<doc>Fails if ``key`` is not found from ``dictionary``.</doc>
<status status="PASS" start="2024-05-18T22:12:25.641826" elapsed="0.000456"/>
</kw>
<kw name="Log" owner="BuiltIn">
<msg time="2024-05-18T22:12:25.642717" level="INFO">password</msg>
<arg>${keyTwo}</arg>
<doc>Logs the given message with the given level.</doc>
<status status="PASS" start="2024-05-18T22:12:25.642589" elapsed="0.000165"/>
</kw>
<var name="${keyTwo}">password</var>
<status status="PASS" start="2024-05-18T22:12:25.640932" elapsed="0.002038"/>
</iter>
<var>${keyTwo}</var>
<value>@{expected_keysTwo}</value>
<status status="PASS" start="2024-05-18T22:12:25.638683" elapsed="0.004409"/>
</for>
<status status="PASS" start="2024-05-18T22:12:25.533456" elapsed="0.109776"/>
</kw>
<doc>Testa a estrutura da resposta da API.</doc>
<tag>testeEstruturaResposta</tag>
<status status="PASS" start="2024-05-18T22:12:25.532867" elapsed="0.110522"/>
</test>
<test id="s1-s1-t4" name="Validar tipos de dados" line="28">
<kw name="Teste de Tipos de Dados" owner="random-user-service">
<kw name="GET On Session" owner="RequestsLibrary">
<msg time="2024-05-18T22:12:25.733458" level="INFO">GET Request : url=https://randomuser.me/api 
 path_url=/api 
 headers={'User-Agent': 'python-requests/2.31.0', 'Accept-Encoding': 'gzip, deflate', 'Accept': '*/*', 'Connection': 'keep-alive'} 
 body=None 
 </msg>
<msg time="2024-05-18T22:12:25.733565" level="INFO">GET Response : url=https://randomuser.me/api 
 status=200, reason=OK 
 headers={'Date': 'Sat, 18 May 2024 22:12:25 GMT', 'Content-Type': 'application/json; charset=utf-8', 'Transfer-Encoding': 'chunked', 'Connection': 'keep-alive', 'X-Powered-By': 'Express', 'Access-Control-Allow-Origin': '*', 'Cache-Control': 'no-cache', 'ETag': 'W/"4af-+Jbzr7jAYfFuKXVAtIVZZ60XQ+E"', 'Vary': 'Accept-Encoding', 'Content-Encoding': 'gzip', 'CF-Cache-Status': 'DYNAMIC', 'Report-To': '{"endpoints":[{"url":"https:\\/\\/a.nel.cloudflare.com\\/report\\/v4?s=%2FFrPkZQ0k%2FFsniCakCUbWl5dkn2fUEQZhO4wReEQisw3HTdYybrZWkcpcjGdI6q%2F48odkl8PQ6rvQ1SkF2HTWvpQ%2FeOtG5QpeQo0nBsyrhIAZ0%2Fn9nOratW6hv9BDs5N"}],"group":"cf-nel","max_age":604800}', 'NEL': '{"success_fraction":0,"report_to":"cf-nel","max_age":604800}', 'Server': 'cloudflare', 'CF-RAY': '885f304c484496f5-SJC', 'alt-svc': 'h3=":443"; ma=86400'} 
 body={"results":[{"gender":"female","name":{"title":"Ms","first":"Angelina","last":"Clement"},"location":{"street":{"number":7896,"name":"Avenue de l'Abbé-Roussel"},"city":"Le Mans","state":"Var","country":"France","postcode":14355,"coordinates":{"latitude":"-20.8915","longitude":"102.0107"},"timezone":{"offset":"-4:00","description":"Atlantic Time (Canada), Caracas, La Paz"}},"email":"angelina.clement@example.com","login":{"uuid":"12d4c06e-045d-453b-8643-43b6f65a88a7","username":"brownfish299","password":"derrick","salt":"svZwpTGA","md5":"912f6e7e5fddc0266d7816eaae419162","sha1":"560919533a3c9a52eaaa2ffc10af88ac0d0d37df","sha256":"37d9ff58254673cc6f7b69f30217680eabedd622af762cf83426dc7ef38db9cb"},"dob":{"date":"1987-01-11T00:08:16.256Z","age":37},"registered":{"date":"2010-04-18T18:58:26.764Z","age":14},"phone":"03-36-55-64-69","cell":"06-34-15-93-30","id":{"name":"INSEE","value":"2870052241179 16"},"picture":{"large":"https://randomuser.me/api/portraits/women/92.jpg","medium":"https://randomuser.me/api/portraits/med/women/92.jpg","thumbnail":"https://randomuser.me/api/portraits/thumb/women/92.jpg"},"nat":"FR"}],"info":{"seed":"222c13991cd1593e","results":1,"page":1,"version":"1.4"}} 
 </msg>
<msg time="2024-05-18T22:12:25.733650" level="INFO">/opt/hostedtoolcache/Python/3.12.3/x64/lib/python3.12/site-packages/urllib3/connectionpool.py:1103: InsecureRequestWarning: Unverified HTTPS request is being made to host 'randomuser.me'. Adding certificate verification is strongly advised. See: https://urllib3.readthedocs.io/en/latest/advanced-usage.html#tls-warnings
  warnings.warn(</msg>
<msg time="2024-05-18T22:12:25.733806" level="INFO">${response} = &lt;Response [200]&gt;</msg>
<var>${response}</var>
<arg>consultarAPI</arg>
<arg>/api</arg>
<doc>Sends a GET request on a previously created HTTP Session.</doc>
<status status="PASS" start="2024-05-18T22:12:25.645862" elapsed="0.087984"/>
</kw>
<kw name="Set Variable" owner="BuiltIn">
<msg time="2024-05-18T22:12:25.734914" level="INFO">${json_data} = {'results': [{'gender': 'female', 'name': {'title': 'Ms', 'first': 'Angelina', 'last': 'Clement'}, 'location': {'street': {'number': 7896, 'name': "Avenue de l'Abbé-Roussel"}, 'city': 'Le Mans', 'stat...</msg>
<var>${json_data}</var>
<arg>${response.json()}</arg>
<doc>Returns the given values which can then be assigned to a variables.</doc>
<status status="PASS" start="2024-05-18T22:12:25.734393" elapsed="0.000552"/>
</kw>
<kw name="Log" owner="BuiltIn">
<msg time="2024-05-18T22:12:25.735409" level="INFO">{'results': [{'gender': 'female', 'name': {'title': 'Ms', 'first': 'Angelina', 'last': 'Clement'}, 'location': {'street': {'number': 7896, 'name': "Avenue de l'Abbé-Roussel"}, 'city': 'Le Mans', 'state': 'Var', 'country': 'France', 'postcode': 14355, 'coordinates': {'latitude': '-20.8915', 'longitude': '102.0107'}, 'timezone': {'offset': '-4:00', 'description': 'Atlantic Time (Canada), Caracas, La Paz'}}, 'email': 'angelina.clement@example.com', 'login': {'uuid': '12d4c06e-045d-453b-8643-43b6f65a88a7', 'username': 'brownfish299', 'password': 'derrick', 'salt': 'svZwpTGA', 'md5': '912f6e7e5fddc0266d7816eaae419162', 'sha1': '560919533a3c9a52eaaa2ffc10af88ac0d0d37df', 'sha256': '37d9ff58254673cc6f7b69f30217680eabedd622af762cf83426dc7ef38db9cb'}, 'dob': {'date': '1987-01-11T00:08:16.256Z', 'age': 37}, 'registered': {'date': '2010-04-18T18:58:26.764Z', 'age': 14}, 'phone': '03-36-55-64-69', 'cell': '06-34-15-93-30', 'id': {'name': 'INSEE', 'value': '2870052241179 16'}, 'picture': {'large': 'https://randomuser.me/api/portraits/women/92.jpg', 'medium': 'https://randomuser.me/api/portraits/med/women/92.jpg', 'thumbnail': 'https://randomuser.me/api/portraits/thumb/women/92.jpg'}, 'nat': 'FR'}], 'info': {'seed': '222c13991cd1593e', 'results': 1, 'page': 1, 'version': '1.4'}}</msg>
<arg>${json_data}</arg>
<doc>Logs the given message with the given level.</doc>
<status status="PASS" start="2024-05-18T22:12:25.735253" elapsed="0.000246"/>
</kw>
<kw name="Should Be String" owner="String">
<arg>${json_data['results'][0]['gender']}</arg>
<doc>Fails if the given ``item`` is not a string.</doc>
<status status="PASS" start="2024-05-18T22:12:25.735807" elapsed="0.000357"/>
</kw>
<kw name="Should Match Regexp" owner="BuiltIn">
<arg>${json_data['results'][0]['email']}</arg>
<arg>^[a-zA-Z0-9._%+-]+@[a-zA-Z0-9.-]+\.[a-zA-Z]{2,}$</arg>
<doc>Fails if ``string`` does not match ``pattern`` as a regular expression.</doc>
<status status="PASS" start="2024-05-18T22:12:25.736359" elapsed="0.000512"/>
</kw>
<kw name="Should Match Regexp" owner="BuiltIn">
<arg>${json_data['results'][0]['dob']['date']}</arg>
<arg>\\d{4}-\\d{2}-\\d{2}T\\d{2}:\\d{2}:\\d{2}\\.\\d{3}Z</arg>
<doc>Fails if ``string`` does not match ``pattern`` as a regular expression.</doc>
<status status="PASS" start="2024-05-18T22:12:25.737067" elapsed="0.000482"/>
</kw>
<kw name="Should Match Regexp" owner="BuiltIn">
<arg>${json_data['results'][0]['registered']['date']}</arg>
<arg>\\d{4}-\\d{2}-\\d{2}T\\d{2}:\\d{2}:\\d{2}\\.\\d{3}Z</arg>
<doc>Fails if ``string`` does not match ``pattern`` as a regular expression.</doc>
<status status="PASS" start="2024-05-18T22:12:25.737742" elapsed="0.000401"/>
</kw>
<kw name="Should Match Regexp" owner="BuiltIn">
<arg>${json_data['results'][0]['picture']['large']}</arg>
<arg>^https?://.*\.(?:png|jpe?g|gif|bmp)$</arg>
<doc>Fails if ``string`` does not match ``pattern`` as a regular expression.</doc>
<status status="PASS" start="2024-05-18T22:12:25.738346" elapsed="0.000459"/>
</kw>
<kw name="Should Match Regexp" owner="BuiltIn">
<arg>${json_data['results'][0]['picture']['medium']}</arg>
<arg>^https?://.*\.(?:png|jpe?g|gif|bmp)$</arg>
<doc>Fails if ``string`` does not match ``pattern`` as a regular expression.</doc>
<status status="PASS" start="2024-05-18T22:12:25.738996" elapsed="0.000359"/>
</kw>
<kw name="Should Match Regexp" owner="BuiltIn">
<arg>${json_data['results'][0]['picture']['thumbnail']}</arg>
<arg>^https?://.*\.(?:png|jpe?g|gif|bmp)$</arg>
<doc>Fails if ``string`` does not match ``pattern`` as a regular expression.</doc>
<status status="PASS" start="2024-05-18T22:12:25.739546" elapsed="0.000352"/>
</kw>
<kw name="Log" owner="BuiltIn">
<msg time="2024-05-18T22:12:25.740399" level="INFO">{'large': 'https://randomuser.me/api/portraits/women/92.jpg', 'medium': 'https://randomuser.me/api/portraits/med/women/92.jpg', 'thumbnail': 'https://randomuser.me/api/portraits/thumb/women/92.jpg'}</msg>
<arg>${json_data['results'][0]['picture']}</arg>
<doc>Logs the given message with the given level.</doc>
<status status="PASS" start="2024-05-18T22:12:25.740080" elapsed="0.000361"/>
</kw>
<status status="PASS" start="2024-05-18T22:12:25.645632" elapsed="0.095068"/>
</kw>
<kw name="Teste de Tipos de Dados - Postcode" owner="random-user-service">
<kw name="GET On Session" owner="RequestsLibrary">
<msg time="2024-05-18T22:12:25.834404" level="INFO">GET Request : url=https://randomuser.me/api 
 path_url=/api 
 headers={'User-Agent': 'python-requests/2.31.0', 'Accept-Encoding': 'gzip, deflate', 'Accept': '*/*', 'Connection': 'keep-alive'} 
 body=None 
 </msg>
<msg time="2024-05-18T22:12:25.834503" level="INFO">GET Response : url=https://randomuser.me/api 
 status=200, reason=OK 
 headers={'Date': 'Sat, 18 May 2024 22:12:25 GMT', 'Content-Type': 'application/json; charset=utf-8', 'Transfer-Encoding': 'chunked', 'Connection': 'keep-alive', 'X-Powered-By': 'Express', 'Access-Control-Allow-Origin': '*', 'Cache-Control': 'no-cache', 'ETag': 'W/"4a4-+HaPKCt1OgBF3xy50PYGwTpWXeo"', 'Vary': 'Accept-Encoding', 'Content-Encoding': 'gzip', 'CF-Cache-Status': 'DYNAMIC', 'Report-To': '{"endpoints":[{"url":"https:\\/\\/a.nel.cloudflare.com\\/report\\/v4?s=dLGvbqey3o6gAAkusE0L0GHaXxzxkkivRznM0yxxC52mcfWFr1nw8Jz4ddxCzSDZybMRj4qfEOGgmyMiPG6syXopwb0eiCKgVJoaoktY3VG2j57TbSNpAyz264DGd%2F30"}],"group":"cf-nel","max_age":604800}', 'NEL': '{"success_fraction":0,"report_to":"cf-nel","max_age":604800}', 'Server': 'cloudflare', 'CF-RAY': '885f304ce88296f5-SJC', 'alt-svc': 'h3=":443"; ma=86400'} 
 body={"results":[{"gender":"female","name":{"title":"Miss","first":"Silmara","last":"da Rosa"},"location":{"street":{"number":9341,"name":"Rua Duque de Caxias "},"city":"Imperatriz","state":"Acre","country":"Brazil","postcode":46572,"coordinates":{"latitude":"-79.2677","longitude":"32.5214"},"timezone":{"offset":"+5:30","description":"Bombay, Calcutta, Madras, New Delhi"}},"email":"silmara.darosa@example.com","login":{"uuid":"d54be560-620f-4fb6-92a7-88849130cfb1","username":"heavyleopard576","password":"over","salt":"id09Tx2i","md5":"c306c03ffc5effe8f3286e63926b8805","sha1":"c9af1c5705ccf2ccad6a040f32b7d7edfd19664f","sha256":"ffa8aa34c333a6addf4868af9476f3c72a36ec188cd4dc54b91bfbdef7177c84"},"dob":{"date":"1974-12-11T11:33:31.025Z","age":49},"registered":{"date":"2008-04-07T17:55:22.091Z","age":16},"phone":"(12) 0797-0404","cell":"(43) 4048-2942","id":{"name":"CPF","value":"399.927.855-21"},"picture":{"large":"https://randomuser.me/api/portraits/women/54.jpg","medium":"https://randomuser.me/api/portraits/med/women/54.jpg","thumbnail":"https://randomuser.me/api/portraits/thumb/women/54.jpg"},"nat":"BR"}],"info":{"seed":"52d1754acbfd6759","results":1,"page":1,"version":"1.4"}} 
 </msg>
<msg time="2024-05-18T22:12:25.834580" level="INFO">/opt/hostedtoolcache/Python/3.12.3/x64/lib/python3.12/site-packages/urllib3/connectionpool.py:1103: InsecureRequestWarning: Unverified HTTPS request is being made to host 'randomuser.me'. Adding certificate verification is strongly advised. See: https://urllib3.readthedocs.io/en/latest/advanced-usage.html#tls-warnings
  warnings.warn(</msg>
<msg time="2024-05-18T22:12:25.834732" level="INFO">${response} = &lt;Response [200]&gt;</msg>
<var>${response}</var>
<arg>consultarAPI</arg>
<arg>/api</arg>
<doc>Sends a GET request on a previously created HTTP Session.</doc>
<status status="PASS" start="2024-05-18T22:12:25.741164" elapsed="0.093620"/>
</kw>
<kw name="Set Variable" owner="BuiltIn">
<msg time="2024-05-18T22:12:25.835756" level="INFO">${json_data} = {'results': [{'gender': 'female', 'name': {'title': 'Miss', 'first': 'Silmara', 'last': 'da Rosa'}, 'location': {'street': {'number': 9341, 'name': 'Rua Duque de Caxias '}, 'city': 'Imperatriz', 'stat...</msg>
<var>${json_data}</var>
<arg>${response.json()}</arg>
<doc>Returns the given values which can then be assigned to a variables.</doc>
<status status="PASS" start="2024-05-18T22:12:25.835260" elapsed="0.000524"/>
</kw>
<kw name="Log" owner="BuiltIn">
<msg time="2024-05-18T22:12:25.836246" level="INFO">{'results': [{'gender': 'female', 'name': {'title': 'Miss', 'first': 'Silmara', 'last': 'da Rosa'}, 'location': {'street': {'number': 9341, 'name': 'Rua Duque de Caxias '}, 'city': 'Imperatriz', 'state': 'Acre', 'country': 'Brazil', 'postcode': 46572, 'coordinates': {'latitude': '-79.2677', 'longitude': '32.5214'}, 'timezone': {'offset': '+5:30', 'description': 'Bombay, Calcutta, Madras, New Delhi'}}, 'email': 'silmara.darosa@example.com', 'login': {'uuid': 'd54be560-620f-4fb6-92a7-88849130cfb1', 'username': 'heavyleopard576', 'password': 'over', 'salt': 'id09Tx2i', 'md5': 'c306c03ffc5effe8f3286e63926b8805', 'sha1': 'c9af1c5705ccf2ccad6a040f32b7d7edfd19664f', 'sha256': 'ffa8aa34c333a6addf4868af9476f3c72a36ec188cd4dc54b91bfbdef7177c84'}, 'dob': {'date': '1974-12-11T11:33:31.025Z', 'age': 49}, 'registered': {'date': '2008-04-07T17:55:22.091Z', 'age': 16}, 'phone': '(12) 0797-0404', 'cell': '(43) 4048-2942', 'id': {'name': 'CPF', 'value': '399.927.855-21'}, 'picture': {'large': 'https://randomuser.me/api/portraits/women/54.jpg', 'medium': 'https://randomuser.me/api/portraits/med/women/54.jpg', 'thumbnail': 'https://randomuser.me/api/portraits/thumb/women/54.jpg'}, 'nat': 'BR'}], 'info': {'seed': '52d1754acbfd6759', 'results': 1, 'page': 1, 'version': '1.4'}}</msg>
<arg>${json_data}</arg>
<doc>Logs the given message with the given level.</doc>
<status status="PASS" start="2024-05-18T22:12:25.836093" elapsed="0.000235"/>
</kw>
<kw name="Should Be Equal As Numbers" owner="BuiltIn">
<arg>${json_data['results'][0]['location']['postcode']}</arg>
<arg>${json_data['results'][0]['location']['postcode']}</arg>
<doc>Fails if objects are unequal after converting them to real numbers.</doc>
<status status="PASS" start="2024-05-18T22:12:25.836793" elapsed="0.000620"/>
</kw>
<kw name="Log" owner="BuiltIn">
<msg time="2024-05-18T22:12:25.837932" level="INFO">46572</msg>
<arg>${json_data['results'][0]['location']['postcode']}</arg>
<doc>Logs the given message with the given level.</doc>
<status status="PASS" start="2024-05-18T22:12:25.837602" elapsed="0.000369"/>
</kw>
<status status="PASS" start="2024-05-18T22:12:25.740932" elapsed="0.097338"/>
</kw>
<doc>Testa se os tipos de dados na resposta da API estão corretos.</doc>
<tag>testeTiposDados</tag>
<status status="PASS" start="2024-05-18T22:12:25.645157" elapsed="0.193284"/>
</test>
<test id="s1-s1-t5" name="Validar conteudo" line="35">
<kw name="Teste de Tipos de Conteudo" owner="random-user-service">
<kw name="GET On Session" owner="RequestsLibrary">
<msg time="2024-05-18T22:12:25.942277" level="INFO">GET Request : url=https://randomuser.me/api 
 path_url=/api 
 headers={'User-Agent': 'python-requests/2.31.0', 'Accept-Encoding': 'gzip, deflate', 'Accept': '*/*', 'Connection': 'keep-alive'} 
 body=None 
 </msg>
<msg time="2024-05-18T22:12:25.942360" level="INFO">GET Response : url=https://randomuser.me/api 
 status=200, reason=OK 
 headers={'Date': 'Sat, 18 May 2024 22:12:25 GMT', 'Content-Type': 'application/json; charset=utf-8', 'Transfer-Encoding': 'chunked', 'Connection': 'keep-alive', 'X-Powered-By': 'Express', 'Access-Control-Allow-Origin': '*', 'Cache-Control': 'no-cache', 'ETag': 'W/"475-IXq5y1r+BZ6bdZIoL748erwnmGI"', 'Vary': 'Accept-Encoding', 'Content-Encoding': 'gzip', 'CF-Cache-Status': 'DYNAMIC', 'Report-To': '{"endpoints":[{"url":"https:\\/\\/a.nel.cloudflare.com\\/report\\/v4?s=HfHt3F6AXtmmeYtdVE6t3tTTCXpOfxK0R%2FYl21Gb3Jse9QNukg8EKO7UPxquK5zAE1tPXEg7OhIkeJf3Kq6ypT2LNHWxnHEA7Cjqwtn%2B%2FCpY0jpl0SadLRRhV2b9mpcH"}],"group":"cf-nel","max_age":604800}', 'NEL': '{"success_fraction":0,"report_to":"cf-nel","max_age":604800}', 'Server': 'cloudflare', 'CF-RAY': '885f304d88bf96f5-SJC', 'alt-svc': 'h3=":443"; ma=86400'} 
 body={"results":[{"gender":"female","name":{"title":"Ms","first":"Anika","last":"Shah"},"location":{"street":{"number":3193,"name":"Bannerghatta Rd"},"city":"Karimnagar","state":"Meghalaya","country":"India","postcode":60443,"coordinates":{"latitude":"12.4914","longitude":"3.6551"},"timezone":{"offset":"+5:45","description":"Kathmandu"}},"email":"anika.shah@example.com","login":{"uuid":"1deb507a-8515-4b94-8438-5cb6fc9b9d9d","username":"orangegoose793","password":"cobalt","salt":"tetQLqas","md5":"7806a1417b5dfae07bfbc7a67e8d8ef9","sha1":"7430c8fb42e7dbd13c030ee162461b85915ee4b9","sha256":"d193175d35e0894c86b89c4b0d8558fe38470f19a649e73e5b191771c8b2c65f"},"dob":{"date":"1986-04-19T03:57:17.289Z","age":38},"registered":{"date":"2010-02-19T07:43:18.687Z","age":14},"phone":"9675858607","cell":"8312230341","id":{"name":"UIDAI","value":"235991405345"},"picture":{"large":"https://randomuser.me/api/portraits/women/91.jpg","medium":"https://randomuser.me/api/portraits/med/women/91.jpg","thumbnail":"https://randomuser.me/api/portraits/thumb/women/91.jpg"},"nat":"IN"}],"info":{"seed":"e2a061401ba98d1b","results":1,"page":1,"version":"1.4"}} 
 </msg>
<msg time="2024-05-18T22:12:25.942424" level="INFO">/opt/hostedtoolcache/Python/3.12.3/x64/lib/python3.12/site-packages/urllib3/connectionpool.py:1103: InsecureRequestWarning: Unverified HTTPS request is being made to host 'randomuser.me'. Adding certificate verification is strongly advised. See: https://urllib3.readthedocs.io/en/latest/advanced-usage.html#tls-warnings
  warnings.warn(</msg>
<msg time="2024-05-18T22:12:25.942551" level="INFO">${response} = &lt;Response [200]&gt;</msg>
<var>${response}</var>
<arg>consultarAPI</arg>
<arg>/api</arg>
<doc>Sends a GET request on a previously created HTTP Session.</doc>
<status status="PASS" start="2024-05-18T22:12:25.840901" elapsed="0.101694"/>
</kw>
<kw name="Set Variable" owner="BuiltIn">
<msg time="2024-05-18T22:12:25.943529" level="INFO">${json_data} = {'results': [{'gender': 'female', 'name': {'title': 'Ms', 'first': 'Anika', 'last': 'Shah'}, 'location': {'street': {'number': 3193, 'name': 'Bannerghatta Rd'}, 'city': 'Karimnagar', 'state': 'Meghala...</msg>
<var>${json_data}</var>
<arg>${response.json()}</arg>
<doc>Returns the given values which can then be assigned to a variables.</doc>
<status status="PASS" start="2024-05-18T22:12:25.943057" elapsed="0.000501"/>
</kw>
<kw name="Set Variable" owner="BuiltIn">
<msg time="2024-05-18T22:12:25.944237" level="INFO">${name_title} = Ms</msg>
<var>${name_title}</var>
<arg>${json_data["results"][0]["name"]["title"]}</arg>
<doc>Returns the given values which can then be assigned to a variables.</doc>
<status status="PASS" start="2024-05-18T22:12:25.943860" elapsed="0.000402"/>
</kw>
<kw name="Create List" owner="BuiltIn">
<msg time="2024-05-18T22:12:25.944703" level="INFO">${allowed_titles} = ['Mr', 'Ms', 'Miss', 'Mrs', 'Madame', 'Monsieur']</msg>
<var>${allowed_titles}</var>
<arg>Mr</arg>
<arg>Ms</arg>
<arg>Miss</arg>
<arg>Mrs</arg>
<arg>Madame</arg>
<arg>Monsieur</arg>
<doc>Returns a list containing given items.</doc>
<status status="PASS" start="2024-05-18T22:12:25.944557" elapsed="0.000171"/>
</kw>
<kw name="List Should Contain Value" owner="Collections">
<msg time="2024-05-18T22:12:25.945199" level="INFO">False</msg>
<arg>${allowed_titles}</arg>
<arg>${name_title}</arg>
<doc>Fails if the ``value`` is not found from ``list``.</doc>
<status status="PASS" start="2024-05-18T22:12:25.945025" elapsed="0.000210"/>
</kw>
<kw name="Set Variable" owner="BuiltIn">
<msg time="2024-05-18T22:12:25.945898" level="INFO">${name_country} = IN</msg>
<var>${name_country}</var>
<arg>${json_data["results"][0]["nat"]}</arg>
<doc>Returns the given values which can then be assigned to a variables.</doc>
<status status="PASS" start="2024-05-18T22:12:25.945522" elapsed="0.000402"/>
</kw>
<kw name="Create List" owner="BuiltIn">
<msg time="2024-05-18T22:12:25.946868" level="INFO">${list_country} = ['AD', 'AE', 'AF', 'AG', 'AI', 'AL', 'AM', 'AO', 'AQ', 'AR', 'AS', 'AT', 'AU', 'AW', 'AX', 'AZ', 'BA', 'BB', 'BD', 'BE', 'BF', 'BG', 'BH', 'BI', 'BJ', 'BL', 'BM', 'BN', 'BO', 'BQ', 'BR', 'BS', 'BT', '...</msg>
<var>${list_country}</var>
<arg>AD</arg>
<arg>AE</arg>
<arg>AF</arg>
<arg>AG</arg>
<arg>AI</arg>
<arg>AL</arg>
<arg>AM</arg>
<arg>AO</arg>
<arg>AQ</arg>
<arg>AR</arg>
<arg>AS</arg>
<arg>AT</arg>
<arg>AU</arg>
<arg>AW</arg>
<arg>AX</arg>
<arg>AZ</arg>
<arg>BA</arg>
<arg>BB</arg>
<arg>BD</arg>
<arg>BE</arg>
<arg>BF</arg>
<arg>BG</arg>
<arg>BH</arg>
<arg>BI</arg>
<arg>BJ</arg>
<arg>BL</arg>
<arg>BM</arg>
<arg>BN</arg>
<arg>BO</arg>
<arg>BQ</arg>
<arg>BR</arg>
<arg>BS</arg>
<arg>BT</arg>
<arg>BV</arg>
<arg>BW</arg>
<arg>BY</arg>
<arg>BZ</arg>
<arg>CA</arg>
<arg>CC</arg>
<arg>CD</arg>
<arg>CF</arg>
<arg>CG</arg>
<arg>CH</arg>
<arg>CI</arg>
<arg>CK</arg>
<arg>CL</arg>
<arg>CM</arg>
<arg>CN</arg>
<arg>CO</arg>
<arg>CR</arg>
<arg>CU</arg>
<arg>CV</arg>
<arg>CW</arg>
<arg>CX</arg>
<arg>CY</arg>
<arg>CZ</arg>
<arg>DE</arg>
<arg>DJ</arg>
<arg>DK</arg>
<arg>DM</arg>
<arg>DO</arg>
<arg>DZ</arg>
<arg>EC</arg>
<arg>EE</arg>
<arg>EG</arg>
<arg>EH</arg>
<arg>ER</arg>
<arg>ES</arg>
<arg>ET</arg>
<arg>FI</arg>
<arg>FJ</arg>
<arg>FK</arg>
<arg>FM</arg>
<arg>FO</arg>
<arg>FR</arg>
<arg>GA</arg>
<arg>GB</arg>
<arg>GD</arg>
<arg>GE</arg>
<arg>GF</arg>
<arg>GG</arg>
<arg>GH</arg>
<arg>GI</arg>
<arg>GL</arg>
<arg>GM</arg>
<arg>GN</arg>
<arg>GP</arg>
<arg>GQ</arg>
<arg>GR</arg>
<arg>GS</arg>
<arg>GT</arg>
<arg>GU</arg>
<arg>GW</arg>
<arg>GY</arg>
<arg>HK</arg>
<arg>HM</arg>
<arg>HN</arg>
<arg>HR</arg>
<arg>HT</arg>
<arg>HU</arg>
<arg>ID</arg>
<arg>IE</arg>
<arg>IL</arg>
<arg>IM</arg>
<arg>IN</arg>
<arg>IO</arg>
<arg>IQ</arg>
<arg>IR</arg>
<arg>IS</arg>
<arg>IT</arg>
<arg>JE</arg>
<arg>JM</arg>
<arg>JO</arg>
<arg>JP</arg>
<arg>KE</arg>
<arg>KG</arg>
<arg>KH</arg>
<arg>KI</arg>
<arg>KM</arg>
<arg>KN</arg>
<arg>KP</arg>
<arg>KR</arg>
<arg>KW</arg>
<arg>KY</arg>
<arg>KZ</arg>
<arg>LA</arg>
<arg>LB</arg>
<arg>LC</arg>
<arg>LI</arg>
<arg>LK</arg>
<arg>LR</arg>
<arg>LS</arg>
<arg>LT</arg>
<arg>LU</arg>
<arg>LV</arg>
<arg>LY</arg>
<arg>MA</arg>
<arg>MC</arg>
<arg>MD</arg>
<arg>ME</arg>
<arg>MF</arg>
<arg>MG</arg>
<arg>MH</arg>
<arg>MK</arg>
<arg>ML</arg>
<arg>MM</arg>
<arg>MN</arg>
<arg>MO</arg>
<arg>MP</arg>
<arg>MQ</arg>
<arg>MR</arg>
<arg>MS</arg>
<arg>MT</arg>
<arg>MU</arg>
<arg>MV</arg>
<arg>MW</arg>
<arg>MX</arg>
<arg>MY</arg>
<arg>MZ</arg>
<arg>NA</arg>
<arg>NC</arg>
<arg>NE</arg>
<arg>NF</arg>
<arg>NG</arg>
<arg>NI</arg>
<arg>NL</arg>
<arg>NO</arg>
<arg>NP</arg>
<arg>NR</arg>
<arg>NU</arg>
<arg>NZ</arg>
<arg>OM</arg>
<arg>PA</arg>
<arg>PE</arg>
<arg>PF</arg>
<arg>PG</arg>
<arg>PH</arg>
<arg>PK</arg>
<arg>PL</arg>
<arg>PM</arg>
<arg>PN</arg>
<arg>PR</arg>
<arg>PS</arg>
<arg>PT</arg>
<arg>PW</arg>
<arg>PY</arg>
<arg>QA</arg>
<arg>RE</arg>
<arg>RO</arg>
<arg>RS</arg>
<arg>RU</arg>
<arg>RW</arg>
<arg>SA</arg>
<arg>SB</arg>
<arg>SC</arg>
<arg>SD</arg>
<arg>SE</arg>
<arg>SG</arg>
<arg>SH</arg>
<arg>SI</arg>
<arg>SJ</arg>
<arg>SK</arg>
<arg>SL</arg>
<arg>SM</arg>
<arg>SN</arg>
<arg>SO</arg>
<arg>SR</arg>
<arg>SS</arg>
<arg>ST</arg>
<arg>SV</arg>
<arg>SX</arg>
<arg>SY</arg>
<arg>SZ</arg>
<arg>TC</arg>
<arg>TD</arg>
<arg>TF</arg>
<arg>TG</arg>
<arg>TH</arg>
<arg>TJ</arg>
<arg>TK</arg>
<arg>TL</arg>
<arg>TM</arg>
<arg>TN</arg>
<arg>TO</arg>
<arg>TR</arg>
<arg>TT</arg>
<arg>TV</arg>
<arg>TW</arg>
<arg>TZ</arg>
<arg>UA</arg>
<arg>UG</arg>
<arg>UM</arg>
<arg>US</arg>
<arg>UY</arg>
<arg>UZ</arg>
<arg>VA</arg>
<arg>VC</arg>
<arg>VE</arg>
<arg>VG</arg>
<arg>VI</arg>
<arg>VN</arg>
<arg>VU</arg>
<arg>WF</arg>
<arg>WS</arg>
<arg>XK</arg>
<arg>YE</arg>
<arg>YT</arg>
<arg>ZA</arg>
<arg>ZM</arg>
<arg>ZW</arg>
<doc>Returns a list containing given items.</doc>
<status status="PASS" start="2024-05-18T22:12:25.946269" elapsed="0.000624"/>
</kw>
<kw name="List Should Contain Value" owner="Collections">
<msg time="2024-05-18T22:12:25.947878" level="INFO">False</msg>
<arg>${list_country}</arg>
<arg>${name_country}</arg>
<doc>Fails if the ``value`` is not found from ``list``.</doc>
<status status="PASS" start="2024-05-18T22:12:25.947678" elapsed="0.000236"/>
</kw>
<kw name="Run Keyword If" owner="BuiltIn">
<kw name="Should Be True" owner="BuiltIn">
<arg>${True}</arg>
<doc>Fails if the given condition is not true.</doc>
<status status="PASS" start="2024-05-18T22:12:25.948971" elapsed="0.000287"/>
</kw>
<arg>${json_data["results"][0]["location"]["coordinates"]["latitude"]} &gt;= -90 and ${json_data["results"][0]["location"]["coordinates"]["latitude"]} &lt;= 90</arg>
<arg>Should Be True</arg>
<arg>${True}</arg>
<doc>Runs the given keyword with the given arguments, if ``condition`` is true.</doc>
<status status="PASS" start="2024-05-18T22:12:25.948224" elapsed="0.001169"/>
</kw>
<kw name="Run Keyword If" owner="BuiltIn">
<kw name="Should Be True" owner="BuiltIn">
<arg>${True}</arg>
<doc>Fails if the given condition is not true.</doc>
<status status="PASS" start="2024-05-18T22:12:25.950327" elapsed="0.000139"/>
</kw>
<arg>${json_data["results"][0]["location"]["coordinates"]["longitude"]} &gt;= -180 and ${json_data["results"][0]["location"]["coordinates"]["longitude"]} &lt;= 180</arg>
<arg>Should Be True</arg>
<arg>${True}</arg>
<doc>Runs the given keyword with the given arguments, if ``condition`` is true.</doc>
<status status="PASS" start="2024-05-18T22:12:25.949577" elapsed="0.001014"/>
</kw>
<status status="PASS" start="2024-05-18T22:12:25.840676" elapsed="0.110046"/>
</kw>
<doc>Testa o conteúdo específico dos campos retornados pela API.</doc>
<tag>testeConteudo</tag>
<status status="PASS" start="2024-05-18T22:12:25.840187" elapsed="0.110683"/>
</test>
<status status="PASS" start="2024-05-18T22:12:25.043038" elapsed="0.909789"/>
</suite>
<status status="PASS" start="2024-05-18T22:12:25.029574" elapsed="0.928406"/>
</suite>
<statistics>
<total>
<stat pass="5" fail="0" skip="0">All Tests</stat>
</total>
<tag>
<stat pass="1" fail="0" skip="0">testeConteudo</stat>
<stat pass="1" fail="0" skip="0">testeEstruturaResposta</stat>
<stat pass="1" fail="0" skip="0">testeRequisicaoBasica</stat>
<stat pass="1" fail="0" skip="0">testeTiposDados</stat>
</tag>
<suite>
<stat pass="5" fail="0" skip="0" id="s1" name="Tests">Tests</stat>
<stat pass="5" fail="0" skip="0" id="s1-s1" name="Random-User-Test">Tests.Random-User-Test</stat>
</suite>
</statistics>
<errors>
</errors>
</robot>
