<?xml version="1.0" encoding="UTF-8"?>
<robot generator="Robot 7.0.1 (Python 3.12.4 on linux)" generated="2024-06-21T11:13:00.898941" rpa="false" schemaversion="5">
<suite id="s1" name="Tests" source="/home/runner/work/ApiRandomUser/ApiRandomUser/RamdonUser/tests">
<suite id="s1-s1" name="Random-User-Test" source="/home/runner/work/ApiRandomUser/ApiRandomUser/RamdonUser/tests/random-user-test.robot">
<test id="s1-s1-t1" name="Conectar" line="13">
<kw name="Conectar API" owner="random-user-service">
<kw name="Create Session" owner="RequestsLibrary">
<msg time="2024-06-21T11:13:01.333773" level="INFO">Creating Session using : alias=consultarAPI, url=https://randomuser.me/, headers={},                     cookies={}, auth=None, timeout=None, proxies=None, verify=False,                     debug=0 </msg>
<arg>consultarAPI</arg>
<arg>${URL}</arg>
<doc>Create Session: create a HTTP session to a server</doc>
<status status="PASS" start="2024-06-21T11:13:01.333553" elapsed="0.000406"/>
</kw>
<status status="PASS" start="2024-06-21T11:13:01.332496" elapsed="0.001827"/>
</kw>
<status status="PASS" start="2024-06-21T11:13:01.331837" elapsed="0.002677"/>
</test>
<test id="s1-s1-t2" name="Validar retorno 200 e JSON Válido" line="16">
<kw name="Teste de Requisicao Basica" owner="random-user-service">
<kw name="GET On Session" owner="RequestsLibrary">
<msg time="2024-06-21T11:13:01.473741" level="INFO">GET Request : url=https://randomuser.me/api 
 path_url=/api 
 headers={'User-Agent': 'python-requests/2.32.3', 'Accept-Encoding': 'gzip, deflate', 'Accept': '*/*', 'Connection': 'keep-alive'} 
 body=None 
 </msg>
<msg time="2024-06-21T11:13:01.473894" level="INFO">GET Response : url=https://randomuser.me/api 
 status=200, reason=OK 
 headers={'Date': 'Fri, 21 Jun 2024 11:13:01 GMT', 'Content-Type': 'application/json; charset=utf-8', 'Transfer-Encoding': 'chunked', 'Connection': 'keep-alive', 'X-Powered-By': 'Express', 'Access-Control-Allow-Origin': '*', 'Cache-Control': 'no-cache', 'ETag': 'W/"48b-kWvt4cFqfNIvrtiV6aYF2VdwdTs"', 'Vary': 'Accept-Encoding', 'Content-Encoding': 'gzip', 'CF-Cache-Status': 'DYNAMIC', 'Report-To': '{"endpoints":[{"url":"https:\\/\\/a.nel.cloudflare.com\\/report\\/v4?s=99ybnWBdVyddrvkx5Yriol%2Fym13DeCkMCEu9W%2FlGoI7ZdNnwftDV%2FbpSbZEDixkATmhc4TE6dwRPrLDhYAr4HtL2FGP8HL8zrXBIBpNuDbks2mrsiPNOx96XwYLEqSD4"}],"group":"cf-nel","max_age":604800}', 'NEL': '{"success_fraction":0,"report_to":"cf-nel","max_age":604800}', 'Server': 'cloudflare', 'CF-RAY': '8973911f9c983b78-IAD', 'alt-svc': 'h3=":443"; ma=86400'} 
 body={"results":[{"gender":"male","name":{"title":"Mr","first":"Zdravko","last":"Karadžić"},"location":{"street":{"number":8913,"name":"Vujadina Boškova "},"city":"Boljevac","state":"Raška","country":"Serbia","postcode":63082,"coordinates":{"latitude":"58.6274","longitude":"-10.4539"},"timezone":{"offset":"-11:00","description":"Midway Island, Samoa"}},"email":"zdravko.karadzic@example.com","login":{"uuid":"f40ef2b9-678f-47e7-8c8a-ec63082cf348","username":"orangeostrich900","password":"rosemary","salt":"xCI7E6Dc","md5":"6b6d1c17e10a963e66af7e0bc720a08f","sha1":"af00a096f63865391d7bed7e1526c0aa00992122","sha256":"4267b5ddc2eb254404cbe6e53f6ce0bc53e39b53b341eb04a7a216d2df8a8413"},"dob":{"date":"1990-07-17T05:41:48.148Z","age":33},"registered":{"date":"2009-12-22T06:50:51.440Z","age":14},"phone":"015-1791-256","cell":"066-9141-861","id":{"name":"SID","value":"212446850"},"picture":{"large":"https://randomuser.me/api/portraits/men/21.jpg","medium":"https://randomuser.me/api/portraits/med/men/21.jpg","thumbnail":"https://randomuser.me/api/portraits/thumb/men/21.jpg"},"nat":"RS"}],"info":{"seed":"334cf526fb616bc8","results":1,"page":1,"version":"1.4"}} 
 </msg>
<msg time="2024-06-21T11:13:01.473981" level="INFO">/opt/hostedtoolcache/Python/3.12.4/x64/lib/python3.12/site-packages/urllib3/connectionpool.py:1099: InsecureRequestWarning: Unverified HTTPS request is being made to host 'randomuser.me'. Adding certificate verification is strongly advised. See: https://urllib3.readthedocs.io/en/latest/advanced-usage.html#tls-warnings
  warnings.warn(</msg>
<msg time="2024-06-21T11:13:01.474125" level="INFO">${response} = &lt;Response [200]&gt;</msg>
<var>${response}</var>
<arg>consultarAPI</arg>
<arg>/api</arg>
<doc>Sends a GET request on a previously created HTTP Session.</doc>
<status status="PASS" start="2024-06-21T11:13:01.337163" elapsed="0.137006"/>
</kw>
<kw name="Should Be Equal As Numbers" owner="BuiltIn">
<msg time="2024-06-21T11:13:01.475154" level="INFO">Argument types are:
&lt;class 'int'&gt;
&lt;class 'str'&gt;</msg>
<arg>${response.status_code}</arg>
<arg>200</arg>
<doc>Fails if objects are unequal after converting them to real numbers.</doc>
<status status="PASS" start="2024-06-21T11:13:01.474697" elapsed="0.000538"/>
</kw>
<kw name="Log" owner="BuiltIn">
<msg time="2024-06-21T11:13:01.475898" level="INFO">200</msg>
<arg>${response.status_code}</arg>
<doc>Logs the given message with the given level.</doc>
<status status="PASS" start="2024-06-21T11:13:01.475557" elapsed="0.000382"/>
</kw>
<kw name="Set Variable" owner="BuiltIn">
<msg time="2024-06-21T11:13:01.476682" level="INFO">${json_data} = {'results': [{'gender': 'male', 'name': {'title': 'Mr', 'first': 'Zdravko', 'last': 'Karadžić'}, 'location': {'street': {'number': 8913, 'name': 'Vujadina Boškova '}, 'city': 'Boljevac', 'state': 'Raš...</msg>
<var>${json_data}</var>
<arg>${response.json()}</arg>
<doc>Returns the given values which can then be assigned to a variables.</doc>
<status status="PASS" start="2024-06-21T11:13:01.476239" elapsed="0.000473"/>
</kw>
<kw name="Dictionary Should Contain Key" owner="Collections">
<arg>${json_data}</arg>
<arg>results</arg>
<doc>Fails if ``key`` is not found from ``dictionary``.</doc>
<status status="PASS" start="2024-06-21T11:13:01.477008" elapsed="0.000164"/>
</kw>
<status status="PASS" start="2024-06-21T11:13:01.336921" elapsed="0.140398"/>
</kw>
<doc>Testa se a API responde corretamente e retorna um objeto JSON válido.</doc>
<tag>testeRequisicaoBasica</tag>
<status status="PASS" start="2024-06-21T11:13:01.336375" elapsed="0.141152"/>
</test>
<test id="s1-s1-t3" name="Validar estrutura de resposta" line="22">
<kw name="Teste de Estrutura de Resposta" owner="random-user-service">
<kw name="GET On Session" owner="RequestsLibrary">
<msg time="2024-06-21T11:13:01.653138" level="INFO">GET Request : url=https://randomuser.me/api 
 path_url=/api 
 headers={'User-Agent': 'python-requests/2.32.3', 'Accept-Encoding': 'gzip, deflate', 'Accept': '*/*', 'Connection': 'keep-alive'} 
 body=None 
 </msg>
<msg time="2024-06-21T11:13:01.653232" level="INFO">GET Response : url=https://randomuser.me/api 
 status=200, reason=OK 
 headers={'Date': 'Fri, 21 Jun 2024 11:13:01 GMT', 'Content-Type': 'application/json; charset=utf-8', 'Transfer-Encoding': 'chunked', 'Connection': 'keep-alive', 'X-Powered-By': 'Express', 'Access-Control-Allow-Origin': '*', 'Cache-Control': 'no-cache', 'ETag': 'W/"47f-gVoMAQ6gPK3rlfoXSJv2hnq/P6c"', 'Vary': 'Accept-Encoding', 'Content-Encoding': 'gzip', 'CF-Cache-Status': 'DYNAMIC', 'Report-To': '{"endpoints":[{"url":"https:\\/\\/a.nel.cloudflare.com\\/report\\/v4?s=s4RCaCCZn%2FO%2BbAXLBdyMiLVh%2FzRT%2BXMFD6oIcDqXNvPbZQucAW9kwcP4jnx%2BJePGhWQhnBDNnBkGt%2BcNtVec2n0nMmq2tYmB6WuZdrlAVXBs%2FMuq4BCRrQ1G2INivcLD"}],"group":"cf-nel","max_age":604800}', 'NEL': '{"success_fraction":0,"report_to":"cf-nel","max_age":604800}', 'Server': 'cloudflare', 'CF-RAY': '897391204d623b78-IAD', 'alt-svc': 'h3=":443"; ma=86400'} 
 body={"results":[{"gender":"male","name":{"title":"Mr","first":"Daniel","last":"Chan"},"location":{"street":{"number":4731,"name":"St. Catherine St"},"city":"Aylmer","state":"Newfoundland and Labrador","country":"Canada","postcode":"G5E 8O7","coordinates":{"latitude":"-65.8738","longitude":"-96.6537"},"timezone":{"offset":"+4:30","description":"Kabul"}},"email":"daniel.chan@example.com","login":{"uuid":"32a7d05f-af53-4a29-afad-8c5900b593c4","username":"purplesnake596","password":"wicked","salt":"Q8toNkKP","md5":"5836c976b83c3fd39280a7edb1b74296","sha1":"c7610bf3d115a617147ede49fb5202d2c03c201a","sha256":"0b353dafe5dcda0cf9b76ba417384e35399561f232289551968758351bd3c873"},"dob":{"date":"1988-07-18T08:48:28.947Z","age":35},"registered":{"date":"2009-03-14T19:26:02.030Z","age":15},"phone":"B07 J52-7391","cell":"Y00 P28-0356","id":{"name":"SIN","value":"834825184"},"picture":{"large":"https://randomuser.me/api/portraits/men/57.jpg","medium":"https://randomuser.me/api/portraits/med/men/57.jpg","thumbnail":"https://randomuser.me/api/portraits/thumb/men/57.jpg"},"nat":"CA"}],"info":{"seed":"cf3261ae5e8b4806","results":1,"page":1,"version":"1.4"}} 
 </msg>
<msg time="2024-06-21T11:13:01.653360" level="INFO">/opt/hostedtoolcache/Python/3.12.4/x64/lib/python3.12/site-packages/urllib3/connectionpool.py:1099: InsecureRequestWarning: Unverified HTTPS request is being made to host 'randomuser.me'. Adding certificate verification is strongly advised. See: https://urllib3.readthedocs.io/en/latest/advanced-usage.html#tls-warnings
  warnings.warn(</msg>
<msg time="2024-06-21T11:13:01.653500" level="INFO">${response} = &lt;Response [200]&gt;</msg>
<var>${response}</var>
<arg>consultarAPI</arg>
<arg>/api</arg>
<doc>Sends a GET request on a previously created HTTP Session.</doc>
<status status="PASS" start="2024-06-21T11:13:01.480037" elapsed="0.173504"/>
</kw>
<kw name="Set Variable" owner="BuiltIn">
<msg time="2024-06-21T11:13:01.654554" level="INFO">${json_data} = {'results': [{'gender': 'male', 'name': {'title': 'Mr', 'first': 'Daniel', 'last': 'Chan'}, 'location': {'street': {'number': 4731, 'name': 'St. Catherine St'}, 'city': 'Aylmer', 'state': 'Newfoundlan...</msg>
<var>${json_data}</var>
<arg>${response.json()}</arg>
<doc>Returns the given values which can then be assigned to a variables.</doc>
<status status="PASS" start="2024-06-21T11:13:01.654047" elapsed="0.000536"/>
</kw>
<kw name="Log" owner="BuiltIn">
<msg time="2024-06-21T11:13:01.655049" level="INFO">{'results': [{'gender': 'male', 'name': {'title': 'Mr', 'first': 'Daniel', 'last': 'Chan'}, 'location': {'street': {'number': 4731, 'name': 'St. Catherine St'}, 'city': 'Aylmer', 'state': 'Newfoundland and Labrador', 'country': 'Canada', 'postcode': 'G5E 8O7', 'coordinates': {'latitude': '-65.8738', 'longitude': '-96.6537'}, 'timezone': {'offset': '+4:30', 'description': 'Kabul'}}, 'email': 'daniel.chan@example.com', 'login': {'uuid': '32a7d05f-af53-4a29-afad-8c5900b593c4', 'username': 'purplesnake596', 'password': 'wicked', 'salt': 'Q8toNkKP', 'md5': '5836c976b83c3fd39280a7edb1b74296', 'sha1': 'c7610bf3d115a617147ede49fb5202d2c03c201a', 'sha256': '0b353dafe5dcda0cf9b76ba417384e35399561f232289551968758351bd3c873'}, 'dob': {'date': '1988-07-18T08:48:28.947Z', 'age': 35}, 'registered': {'date': '2009-03-14T19:26:02.030Z', 'age': 15}, 'phone': 'B07 J52-7391', 'cell': 'Y00 P28-0356', 'id': {'name': 'SIN', 'value': '834825184'}, 'picture': {'large': 'https://randomuser.me/api/portraits/men/57.jpg', 'medium': 'https://randomuser.me/api/portraits/med/men/57.jpg', 'thumbnail': 'https://randomuser.me/api/portraits/thumb/men/57.jpg'}, 'nat': 'CA'}], 'info': {'seed': 'cf3261ae5e8b4806', 'results': 1, 'page': 1, 'version': '1.4'}}</msg>
<arg>${json_data}</arg>
<doc>Logs the given message with the given level.</doc>
<status status="PASS" start="2024-06-21T11:13:01.654890" elapsed="0.000209"/>
</kw>
<kw name="Dictionary Should Contain Key" owner="Collections">
<arg>${json_data}</arg>
<arg>results</arg>
<doc>Fails if ``key`` is not found from ``dictionary``.</doc>
<status status="PASS" start="2024-06-21T11:13:01.655387" elapsed="0.000157"/>
</kw>
<kw name="Should Not Be Empty" owner="BuiltIn">
<msg time="2024-06-21T11:13:01.655846" level="INFO">Length is 2.</msg>
<arg>${json_data}</arg>
<doc>Verifies that the given item is not empty.</doc>
<status status="PASS" start="2024-06-21T11:13:01.655723" elapsed="0.000161"/>
</kw>
<kw name="Create List" owner="BuiltIn">
<msg time="2024-06-21T11:13:01.656471" level="INFO">${expected_keys} = ['gender', 'name', 'location', 'email', 'login']</msg>
<var>${expected_keys}</var>
<arg>gender</arg>
<arg>name</arg>
<arg>location</arg>
<arg>email</arg>
<arg>login</arg>
<doc>Returns a list containing given items.</doc>
<status status="PASS" start="2024-06-21T11:13:01.656168" elapsed="0.000328"/>
</kw>
<for flavor="IN">
<iter>
<kw name="Dictionary Should Contain Key" owner="Collections">
<arg>${json_data['results'][0]}</arg>
<arg>${key}</arg>
<doc>Fails if ``key`` is not found from ``dictionary``.</doc>
<status status="PASS" start="2024-06-21T11:13:01.657082" elapsed="0.000446"/>
</kw>
<kw name="Log" owner="BuiltIn">
<msg time="2024-06-21T11:13:01.658072" level="INFO">{'gender': 'male', 'name': {'title': 'Mr', 'first': 'Daniel', 'last': 'Chan'}, 'location': {'street': {'number': 4731, 'name': 'St. Catherine St'}, 'city': 'Aylmer', 'state': 'Newfoundland and Labrador', 'country': 'Canada', 'postcode': 'G5E 8O7', 'coordinates': {'latitude': '-65.8738', 'longitude': '-96.6537'}, 'timezone': {'offset': '+4:30', 'description': 'Kabul'}}, 'email': 'daniel.chan@example.com', 'login': {'uuid': '32a7d05f-af53-4a29-afad-8c5900b593c4', 'username': 'purplesnake596', 'password': 'wicked', 'salt': 'Q8toNkKP', 'md5': '5836c976b83c3fd39280a7edb1b74296', 'sha1': 'c7610bf3d115a617147ede49fb5202d2c03c201a', 'sha256': '0b353dafe5dcda0cf9b76ba417384e35399561f232289551968758351bd3c873'}, 'dob': {'date': '1988-07-18T08:48:28.947Z', 'age': 35}, 'registered': {'date': '2009-03-14T19:26:02.030Z', 'age': 15}, 'phone': 'B07 J52-7391', 'cell': 'Y00 P28-0356', 'id': {'name': 'SIN', 'value': '834825184'}, 'picture': {'large': 'https://randomuser.me/api/portraits/men/57.jpg', 'medium': 'https://randomuser.me/api/portraits/med/men/57.jpg', 'thumbnail': 'https://randomuser.me/api/portraits/thumb/men/57.jpg'}, 'nat': 'CA'}</msg>
<arg>${json_data['results'][0]}</arg>
<doc>Logs the given message with the given level.</doc>
<status status="PASS" start="2024-06-21T11:13:01.657720" elapsed="0.000401"/>
</kw>
<kw name="Log" owner="BuiltIn">
<msg time="2024-06-21T11:13:01.658544" level="INFO">gender</msg>
<arg>${key}</arg>
<doc>Logs the given message with the given level.</doc>
<status status="PASS" start="2024-06-21T11:13:01.658419" elapsed="0.000162"/>
</kw>
<var name="${key}">gender</var>
<status status="PASS" start="2024-06-21T11:13:01.656956" elapsed="0.001837"/>
</iter>
<iter>
<kw name="Dictionary Should Contain Key" owner="Collections">
<arg>${json_data['results'][0]}</arg>
<arg>${key}</arg>
<doc>Fails if ``key`` is not found from ``dictionary``.</doc>
<status status="PASS" start="2024-06-21T11:13:01.659087" elapsed="0.000384"/>
</kw>
<kw name="Log" owner="BuiltIn">
<msg time="2024-06-21T11:13:01.659995" level="INFO">{'gender': 'male', 'name': {'title': 'Mr', 'first': 'Daniel', 'last': 'Chan'}, 'location': {'street': {'number': 4731, 'name': 'St. Catherine St'}, 'city': 'Aylmer', 'state': 'Newfoundland and Labrador', 'country': 'Canada', 'postcode': 'G5E 8O7', 'coordinates': {'latitude': '-65.8738', 'longitude': '-96.6537'}, 'timezone': {'offset': '+4:30', 'description': 'Kabul'}}, 'email': 'daniel.chan@example.com', 'login': {'uuid': '32a7d05f-af53-4a29-afad-8c5900b593c4', 'username': 'purplesnake596', 'password': 'wicked', 'salt': 'Q8toNkKP', 'md5': '5836c976b83c3fd39280a7edb1b74296', 'sha1': 'c7610bf3d115a617147ede49fb5202d2c03c201a', 'sha256': '0b353dafe5dcda0cf9b76ba417384e35399561f232289551968758351bd3c873'}, 'dob': {'date': '1988-07-18T08:48:28.947Z', 'age': 35}, 'registered': {'date': '2009-03-14T19:26:02.030Z', 'age': 15}, 'phone': 'B07 J52-7391', 'cell': 'Y00 P28-0356', 'id': {'name': 'SIN', 'value': '834825184'}, 'picture': {'large': 'https://randomuser.me/api/portraits/men/57.jpg', 'medium': 'https://randomuser.me/api/portraits/med/men/57.jpg', 'thumbnail': 'https://randomuser.me/api/portraits/thumb/men/57.jpg'}, 'nat': 'CA'}</msg>
<arg>${json_data['results'][0]}</arg>
<doc>Logs the given message with the given level.</doc>
<status status="PASS" start="2024-06-21T11:13:01.659654" elapsed="0.000429"/>
</kw>
<kw name="Log" owner="BuiltIn">
<msg time="2024-06-21T11:13:01.660503" level="INFO">name</msg>
<arg>${key}</arg>
<doc>Logs the given message with the given level.</doc>
<status status="PASS" start="2024-06-21T11:13:01.660376" elapsed="0.000165"/>
</kw>
<var name="${key}">name</var>
<status status="PASS" start="2024-06-21T11:13:01.658976" elapsed="0.001780"/>
</iter>
<iter>
<kw name="Dictionary Should Contain Key" owner="Collections">
<arg>${json_data['results'][0]}</arg>
<arg>${key}</arg>
<doc>Fails if ``key`` is not found from ``dictionary``.</doc>
<status status="PASS" start="2024-06-21T11:13:01.661039" elapsed="0.000403"/>
</kw>
<kw name="Log" owner="BuiltIn">
<msg time="2024-06-21T11:13:01.662076" level="INFO">{'gender': 'male', 'name': {'title': 'Mr', 'first': 'Daniel', 'last': 'Chan'}, 'location': {'street': {'number': 4731, 'name': 'St. Catherine St'}, 'city': 'Aylmer', 'state': 'Newfoundland and Labrador', 'country': 'Canada', 'postcode': 'G5E 8O7', 'coordinates': {'latitude': '-65.8738', 'longitude': '-96.6537'}, 'timezone': {'offset': '+4:30', 'description': 'Kabul'}}, 'email': 'daniel.chan@example.com', 'login': {'uuid': '32a7d05f-af53-4a29-afad-8c5900b593c4', 'username': 'purplesnake596', 'password': 'wicked', 'salt': 'Q8toNkKP', 'md5': '5836c976b83c3fd39280a7edb1b74296', 'sha1': 'c7610bf3d115a617147ede49fb5202d2c03c201a', 'sha256': '0b353dafe5dcda0cf9b76ba417384e35399561f232289551968758351bd3c873'}, 'dob': {'date': '1988-07-18T08:48:28.947Z', 'age': 35}, 'registered': {'date': '2009-03-14T19:26:02.030Z', 'age': 15}, 'phone': 'B07 J52-7391', 'cell': 'Y00 P28-0356', 'id': {'name': 'SIN', 'value': '834825184'}, 'picture': {'large': 'https://randomuser.me/api/portraits/men/57.jpg', 'medium': 'https://randomuser.me/api/portraits/med/men/57.jpg', 'thumbnail': 'https://randomuser.me/api/portraits/thumb/men/57.jpg'}, 'nat': 'CA'}</msg>
<arg>${json_data['results'][0]}</arg>
<doc>Logs the given message with the given level.</doc>
<status status="PASS" start="2024-06-21T11:13:01.661683" elapsed="0.000441"/>
</kw>
<kw name="Log" owner="BuiltIn">
<msg time="2024-06-21T11:13:01.662543" level="INFO">location</msg>
<arg>${key}</arg>
<doc>Logs the given message with the given level.</doc>
<status status="PASS" start="2024-06-21T11:13:01.662418" elapsed="0.000162"/>
</kw>
<var name="${key}">location</var>
<status status="PASS" start="2024-06-21T11:13:01.660932" elapsed="0.001862"/>
</iter>
<iter>
<kw name="Dictionary Should Contain Key" owner="Collections">
<arg>${json_data['results'][0]}</arg>
<arg>${key}</arg>
<doc>Fails if ``key`` is not found from ``dictionary``.</doc>
<status status="PASS" start="2024-06-21T11:13:01.663070" elapsed="0.000378"/>
</kw>
<kw name="Log" owner="BuiltIn">
<msg time="2024-06-21T11:13:01.663989" level="INFO">{'gender': 'male', 'name': {'title': 'Mr', 'first': 'Daniel', 'last': 'Chan'}, 'location': {'street': {'number': 4731, 'name': 'St. Catherine St'}, 'city': 'Aylmer', 'state': 'Newfoundland and Labrador', 'country': 'Canada', 'postcode': 'G5E 8O7', 'coordinates': {'latitude': '-65.8738', 'longitude': '-96.6537'}, 'timezone': {'offset': '+4:30', 'description': 'Kabul'}}, 'email': 'daniel.chan@example.com', 'login': {'uuid': '32a7d05f-af53-4a29-afad-8c5900b593c4', 'username': 'purplesnake596', 'password': 'wicked', 'salt': 'Q8toNkKP', 'md5': '5836c976b83c3fd39280a7edb1b74296', 'sha1': 'c7610bf3d115a617147ede49fb5202d2c03c201a', 'sha256': '0b353dafe5dcda0cf9b76ba417384e35399561f232289551968758351bd3c873'}, 'dob': {'date': '1988-07-18T08:48:28.947Z', 'age': 35}, 'registered': {'date': '2009-03-14T19:26:02.030Z', 'age': 15}, 'phone': 'B07 J52-7391', 'cell': 'Y00 P28-0356', 'id': {'name': 'SIN', 'value': '834825184'}, 'picture': {'large': 'https://randomuser.me/api/portraits/men/57.jpg', 'medium': 'https://randomuser.me/api/portraits/med/men/57.jpg', 'thumbnail': 'https://randomuser.me/api/portraits/thumb/men/57.jpg'}, 'nat': 'CA'}</msg>
<arg>${json_data['results'][0]}</arg>
<doc>Logs the given message with the given level.</doc>
<status status="PASS" start="2024-06-21T11:13:01.663639" elapsed="0.000402"/>
</kw>
<kw name="Log" owner="BuiltIn">
<msg time="2024-06-21T11:13:01.664454" level="INFO">email</msg>
<arg>${key}</arg>
<doc>Logs the given message with the given level.</doc>
<status status="PASS" start="2024-06-21T11:13:01.664330" elapsed="0.000161"/>
</kw>
<var name="${key}">email</var>
<status status="PASS" start="2024-06-21T11:13:01.662964" elapsed="0.001736"/>
</iter>
<iter>
<kw name="Dictionary Should Contain Key" owner="Collections">
<arg>${json_data['results'][0]}</arg>
<arg>${key}</arg>
<doc>Fails if ``key`` is not found from ``dictionary``.</doc>
<status status="PASS" start="2024-06-21T11:13:01.664973" elapsed="0.000387"/>
</kw>
<kw name="Log" owner="BuiltIn">
<msg time="2024-06-21T11:13:01.665943" level="INFO">{'gender': 'male', 'name': {'title': 'Mr', 'first': 'Daniel', 'last': 'Chan'}, 'location': {'street': {'number': 4731, 'name': 'St. Catherine St'}, 'city': 'Aylmer', 'state': 'Newfoundland and Labrador', 'country': 'Canada', 'postcode': 'G5E 8O7', 'coordinates': {'latitude': '-65.8738', 'longitude': '-96.6537'}, 'timezone': {'offset': '+4:30', 'description': 'Kabul'}}, 'email': 'daniel.chan@example.com', 'login': {'uuid': '32a7d05f-af53-4a29-afad-8c5900b593c4', 'username': 'purplesnake596', 'password': 'wicked', 'salt': 'Q8toNkKP', 'md5': '5836c976b83c3fd39280a7edb1b74296', 'sha1': 'c7610bf3d115a617147ede49fb5202d2c03c201a', 'sha256': '0b353dafe5dcda0cf9b76ba417384e35399561f232289551968758351bd3c873'}, 'dob': {'date': '1988-07-18T08:48:28.947Z', 'age': 35}, 'registered': {'date': '2009-03-14T19:26:02.030Z', 'age': 15}, 'phone': 'B07 J52-7391', 'cell': 'Y00 P28-0356', 'id': {'name': 'SIN', 'value': '834825184'}, 'picture': {'large': 'https://randomuser.me/api/portraits/men/57.jpg', 'medium': 'https://randomuser.me/api/portraits/med/men/57.jpg', 'thumbnail': 'https://randomuser.me/api/portraits/thumb/men/57.jpg'}, 'nat': 'CA'}</msg>
<arg>${json_data['results'][0]}</arg>
<doc>Logs the given message with the given level.</doc>
<status status="PASS" start="2024-06-21T11:13:01.665598" elapsed="0.000393"/>
</kw>
<kw name="Log" owner="BuiltIn">
<msg time="2024-06-21T11:13:01.666408" level="INFO">login</msg>
<arg>${key}</arg>
<doc>Logs the given message with the given level.</doc>
<status status="PASS" start="2024-06-21T11:13:01.666283" elapsed="0.000162"/>
</kw>
<var name="${key}">login</var>
<status status="PASS" start="2024-06-21T11:13:01.664867" elapsed="0.001792"/>
</iter>
<var>${key}</var>
<value>@{expected_keys}</value>
<status status="PASS" start="2024-06-21T11:13:01.656758" elapsed="0.010018"/>
</for>
<kw name="Create List" owner="BuiltIn">
<msg time="2024-06-21T11:13:01.667103" level="INFO">${expected_keysTwo} = ['username', 'password']</msg>
<var>${expected_keysTwo}</var>
<arg>username</arg>
<arg>password</arg>
<doc>Returns a list containing given items.</doc>
<status status="PASS" start="2024-06-21T11:13:01.666963" elapsed="0.000164"/>
</kw>
<for flavor="IN">
<iter>
<kw name="Dictionary Should Contain Key" owner="Collections">
<arg>${json_data['results'][0]['login']}</arg>
<arg>${keyTwo}</arg>
<doc>Fails if ``key`` is not found from ``dictionary``.</doc>
<status status="PASS" start="2024-06-21T11:13:01.667644" elapsed="0.000376"/>
</kw>
<kw name="Dictionary Should Contain Key" owner="Collections">
<arg>${json_data['results'][0]['login']}</arg>
<arg>${keyTwo}</arg>
<doc>Fails if ``key`` is not found from ``dictionary``.</doc>
<status status="PASS" start="2024-06-21T11:13:01.668203" elapsed="0.000393"/>
</kw>
<kw name="Log" owner="BuiltIn">
<msg time="2024-06-21T11:13:01.668886" level="INFO">username</msg>
<arg>${keyTwo}</arg>
<doc>Logs the given message with the given level.</doc>
<status status="PASS" start="2024-06-21T11:13:01.668769" elapsed="0.000153"/>
</kw>
<var name="${keyTwo}">username</var>
<status status="PASS" start="2024-06-21T11:13:01.667538" elapsed="0.001603"/>
</iter>
<iter>
<kw name="Dictionary Should Contain Key" owner="Collections">
<arg>${json_data['results'][0]['login']}</arg>
<arg>${keyTwo}</arg>
<doc>Fails if ``key`` is not found from ``dictionary``.</doc>
<status status="PASS" start="2024-06-21T11:13:01.669447" elapsed="0.000396"/>
</kw>
<kw name="Dictionary Should Contain Key" owner="Collections">
<arg>${json_data['results'][0]['login']}</arg>
<arg>${keyTwo}</arg>
<doc>Fails if ``key`` is not found from ``dictionary``.</doc>
<status status="PASS" start="2024-06-21T11:13:01.670019" elapsed="0.000371"/>
</kw>
<kw name="Log" owner="BuiltIn">
<msg time="2024-06-21T11:13:01.670681" level="INFO">password</msg>
<arg>${keyTwo}</arg>
<doc>Logs the given message with the given level.</doc>
<status status="PASS" start="2024-06-21T11:13:01.670565" elapsed="0.000153"/>
</kw>
<var name="${keyTwo}">password</var>
<status status="PASS" start="2024-06-21T11:13:01.669319" elapsed="0.001709"/>
</iter>
<var>${keyTwo}</var>
<value>@{expected_keysTwo}</value>
<status status="PASS" start="2024-06-21T11:13:01.667385" elapsed="0.003764"/>
</for>
<status status="PASS" start="2024-06-21T11:13:01.479808" elapsed="0.191483"/>
</kw>
<doc>Testa a estrutura da resposta da API.</doc>
<tag>testeEstruturaResposta</tag>
<status status="PASS" start="2024-06-21T11:13:01.479325" elapsed="0.192121"/>
</test>
<test id="s1-s1-t4" name="Validar tipos de dados" line="28">
<kw name="Teste de Tipos de Dados" owner="random-user-service">
<kw name="GET On Session" owner="RequestsLibrary">
<msg time="2024-06-21T11:13:01.823181" level="INFO">GET Request : url=https://randomuser.me/api 
 path_url=/api 
 headers={'User-Agent': 'python-requests/2.32.3', 'Accept-Encoding': 'gzip, deflate', 'Accept': '*/*', 'Connection': 'keep-alive'} 
 body=None 
 </msg>
<msg time="2024-06-21T11:13:01.823287" level="INFO">GET Response : url=https://randomuser.me/api 
 status=200, reason=OK 
 headers={'Date': 'Fri, 21 Jun 2024 11:13:01 GMT', 'Content-Type': 'application/json; charset=utf-8', 'Transfer-Encoding': 'chunked', 'Connection': 'keep-alive', 'X-Powered-By': 'Express', 'Access-Control-Allow-Origin': '*', 'Cache-Control': 'no-cache', 'ETag': 'W/"4aa-VxMjIrzCz129cvgsLZcq4P//QO4"', 'Vary': 'Accept-Encoding', 'Content-Encoding': 'gzip', 'CF-Cache-Status': 'DYNAMIC', 'Report-To': '{"endpoints":[{"url":"https:\\/\\/a.nel.cloudflare.com\\/report\\/v4?s=RVM3TtqFi6z0nV88e4VVLXCkkMj%2FS9xJne2sPk%2FsU9LJS6WKeVOM%2FJgfo7QO7dKtcDUXsAacRY%2B5c9mXHtFN4nv6kgKBinrmdh9OvCutUmJoUbYqzFVxoE9Z86qAn7P3"}],"group":"cf-nel","max_age":604800}', 'NEL': '{"success_fraction":0,"report_to":"cf-nel","max_age":604800}', 'Server': 'cloudflare', 'CF-RAY': '897391217ec63b78-IAD', 'alt-svc': 'h3=":443"; ma=86400'} 
 body={"results":[{"gender":"male","name":{"title":"Mr","first":"Alberto","last":"Bennett"},"location":{"street":{"number":2556,"name":"Spring Hill Rd"},"city":"Coffs Harbour","state":"South Australia","country":"Australia","postcode":6730,"coordinates":{"latitude":"-82.4836","longitude":"-172.7479"},"timezone":{"offset":"0:00","description":"Western Europe Time, London, Lisbon, Casablanca"}},"email":"alberto.bennett@example.com","login":{"uuid":"0074c495-2cc6-464e-965f-29acc24fca60","username":"goldenwolf233","password":"hayabusa","salt":"kVVyzq5L","md5":"bf20c510b871065b5af6fe20bfed4c92","sha1":"c4c78059b0015907b4aa6679ab64a5cf25ed2984","sha256":"2f6a94162f27441ca4fbe44df189d1ca574b69911a02685f1ca90e73f31e5b38"},"dob":{"date":"1977-08-16T07:17:38.742Z","age":46},"registered":{"date":"2015-05-17T01:58:32.423Z","age":9},"phone":"07-1398-6407","cell":"0470-768-647","id":{"name":"TFN","value":"834273982"},"picture":{"large":"https://randomuser.me/api/portraits/men/77.jpg","medium":"https://randomuser.me/api/portraits/med/men/77.jpg","thumbnail":"https://randomuser.me/api/portraits/thumb/men/77.jpg"},"nat":"AU"}],"info":{"seed":"8820428ff55afe2a","results":1,"page":1,"version":"1.4"}} 
 </msg>
<msg time="2024-06-21T11:13:01.823367" level="INFO">/opt/hostedtoolcache/Python/3.12.4/x64/lib/python3.12/site-packages/urllib3/connectionpool.py:1099: InsecureRequestWarning: Unverified HTTPS request is being made to host 'randomuser.me'. Adding certificate verification is strongly advised. See: https://urllib3.readthedocs.io/en/latest/advanced-usage.html#tls-warnings
  warnings.warn(</msg>
<msg time="2024-06-21T11:13:01.823477" level="INFO">${response} = &lt;Response [200]&gt;</msg>
<var>${response}</var>
<arg>consultarAPI</arg>
<arg>/api</arg>
<doc>Sends a GET request on a previously created HTTP Session.</doc>
<status status="PASS" start="2024-06-21T11:13:01.673880" elapsed="0.149637"/>
</kw>
<kw name="Set Variable" owner="BuiltIn">
<msg time="2024-06-21T11:13:01.824699" level="INFO">${json_data} = {'results': [{'gender': 'male', 'name': {'title': 'Mr', 'first': 'Alberto', 'last': 'Bennett'}, 'location': {'street': {'number': 2556, 'name': 'Spring Hill Rd'}, 'city': 'Coffs Harbour', 'state': 'So...</msg>
<var>${json_data}</var>
<arg>${response.json()}</arg>
<doc>Returns the given values which can then be assigned to a variables.</doc>
<status status="PASS" start="2024-06-21T11:13:01.824088" elapsed="0.000639"/>
</kw>
<kw name="Log" owner="BuiltIn">
<msg time="2024-06-21T11:13:01.825179" level="INFO">{'results': [{'gender': 'male', 'name': {'title': 'Mr', 'first': 'Alberto', 'last': 'Bennett'}, 'location': {'street': {'number': 2556, 'name': 'Spring Hill Rd'}, 'city': 'Coffs Harbour', 'state': 'South Australia', 'country': 'Australia', 'postcode': 6730, 'coordinates': {'latitude': '-82.4836', 'longitude': '-172.7479'}, 'timezone': {'offset': '0:00', 'description': 'Western Europe Time, London, Lisbon, Casablanca'}}, 'email': 'alberto.bennett@example.com', 'login': {'uuid': '0074c495-2cc6-464e-965f-29acc24fca60', 'username': 'goldenwolf233', 'password': 'hayabusa', 'salt': 'kVVyzq5L', 'md5': 'bf20c510b871065b5af6fe20bfed4c92', 'sha1': 'c4c78059b0015907b4aa6679ab64a5cf25ed2984', 'sha256': '2f6a94162f27441ca4fbe44df189d1ca574b69911a02685f1ca90e73f31e5b38'}, 'dob': {'date': '1977-08-16T07:17:38.742Z', 'age': 46}, 'registered': {'date': '2015-05-17T01:58:32.423Z', 'age': 9}, 'phone': '07-1398-6407', 'cell': '0470-768-647', 'id': {'name': 'TFN', 'value': '834273982'}, 'picture': {'large': 'https://randomuser.me/api/portraits/men/77.jpg', 'medium': 'https://randomuser.me/api/portraits/med/men/77.jpg', 'thumbnail': 'https://randomuser.me/api/portraits/thumb/men/77.jpg'}, 'nat': 'AU'}], 'info': {'seed': '8820428ff55afe2a', 'results': 1, 'page': 1, 'version': '1.4'}}</msg>
<arg>${json_data}</arg>
<doc>Logs the given message with the given level.</doc>
<status status="PASS" start="2024-06-21T11:13:01.825028" elapsed="0.000198"/>
</kw>
<kw name="Should Be String" owner="String">
<arg>${json_data['results'][0]['gender']}</arg>
<doc>Fails if the given ``item`` is not a string.</doc>
<status status="PASS" start="2024-06-21T11:13:01.825554" elapsed="0.000366"/>
</kw>
<kw name="Should Match Regexp" owner="BuiltIn">
<arg>${json_data['results'][0]['email']}</arg>
<arg>^[a-zA-Z0-9._%+-]+@[a-zA-Z0-9.-]+\.[a-zA-Z]{2,}$</arg>
<doc>Fails if ``string`` does not match ``pattern`` as a regular expression.</doc>
<status status="PASS" start="2024-06-21T11:13:01.826112" elapsed="0.000520"/>
</kw>
<kw name="Should Match Regexp" owner="BuiltIn">
<arg>${json_data['results'][0]['dob']['date']}</arg>
<arg>\\d{4}-\\d{2}-\\d{2}T\\d{2}:\\d{2}:\\d{2}\\.\\d{3}Z</arg>
<doc>Fails if ``string`` does not match ``pattern`` as a regular expression.</doc>
<status status="PASS" start="2024-06-21T11:13:01.826860" elapsed="0.000480"/>
</kw>
<kw name="Should Match Regexp" owner="BuiltIn">
<arg>${json_data['results'][0]['registered']['date']}</arg>
<arg>\\d{4}-\\d{2}-\\d{2}T\\d{2}:\\d{2}:\\d{2}\\.\\d{3}Z</arg>
<doc>Fails if ``string`` does not match ``pattern`` as a regular expression.</doc>
<status status="PASS" start="2024-06-21T11:13:01.827530" elapsed="0.000363"/>
</kw>
<kw name="Should Match Regexp" owner="BuiltIn">
<arg>${json_data['results'][0]['picture']['large']}</arg>
<arg>^https?://.*\.(?:png|jpe?g|gif|bmp)$</arg>
<doc>Fails if ``string`` does not match ``pattern`` as a regular expression.</doc>
<status status="PASS" start="2024-06-21T11:13:01.828074" elapsed="0.000450"/>
</kw>
<kw name="Should Match Regexp" owner="BuiltIn">
<arg>${json_data['results'][0]['picture']['medium']}</arg>
<arg>^https?://.*\.(?:png|jpe?g|gif|bmp)$</arg>
<doc>Fails if ``string`` does not match ``pattern`` as a regular expression.</doc>
<status status="PASS" start="2024-06-21T11:13:01.828706" elapsed="0.000351"/>
</kw>
<kw name="Should Match Regexp" owner="BuiltIn">
<arg>${json_data['results'][0]['picture']['thumbnail']}</arg>
<arg>^https?://.*\.(?:png|jpe?g|gif|bmp)$</arg>
<doc>Fails if ``string`` does not match ``pattern`` as a regular expression.</doc>
<status status="PASS" start="2024-06-21T11:13:01.829239" elapsed="0.000377"/>
</kw>
<kw name="Log" owner="BuiltIn">
<msg time="2024-06-21T11:13:01.830126" level="INFO">{'large': 'https://randomuser.me/api/portraits/men/77.jpg', 'medium': 'https://randomuser.me/api/portraits/med/men/77.jpg', 'thumbnail': 'https://randomuser.me/api/portraits/thumb/men/77.jpg'}</msg>
<arg>${json_data['results'][0]['picture']}</arg>
<doc>Logs the given message with the given level.</doc>
<status status="PASS" start="2024-06-21T11:13:01.829796" elapsed="0.000371"/>
</kw>
<status status="PASS" start="2024-06-21T11:13:01.673641" elapsed="0.156782"/>
</kw>
<kw name="Teste de Tipos de Dados - Postcode" owner="random-user-service">
<kw name="GET On Session" owner="RequestsLibrary">
<msg time="2024-06-21T11:13:01.939366" level="INFO">GET Request : url=https://randomuser.me/api 
 path_url=/api 
 headers={'User-Agent': 'python-requests/2.32.3', 'Accept-Encoding': 'gzip, deflate', 'Accept': '*/*', 'Connection': 'keep-alive'} 
 body=None 
 </msg>
<msg time="2024-06-21T11:13:01.939468" level="INFO">GET Response : url=https://randomuser.me/api 
 status=200, reason=OK 
 headers={'Date': 'Fri, 21 Jun 2024 11:13:01 GMT', 'Content-Type': 'application/json; charset=utf-8', 'Transfer-Encoding': 'chunked', 'Connection': 'keep-alive', 'X-Powered-By': 'Express', 'Access-Control-Allow-Origin': '*', 'Cache-Control': 'no-cache', 'ETag': 'W/"4a8-L9eCX9SPDIqUsnukozJRueRXQ9M"', 'Vary': 'Accept-Encoding', 'Content-Encoding': 'gzip', 'CF-Cache-Status': 'DYNAMIC', 'Report-To': '{"endpoints":[{"url":"https:\\/\\/a.nel.cloudflare.com\\/report\\/v4?s=EYvmrGqdQk12LQFbYMKMBCEmCdmHbWmM3jKJ%2BlsA%2BDxliT3VvaYzJRdtNc9iUx%2Bmj2faAWZ2DITBfA5kLNXnNx10HLyi%2FvZLojYG0Zn%2BLhZVGE%2BM3rqnFCjOYGC%2Fr1S5"}],"group":"cf-nel","max_age":604800}', 'NEL': '{"success_fraction":0,"report_to":"cf-nel","max_age":604800}', 'Server': 'cloudflare', 'CF-RAY': '89739122781b3b78-IAD', 'alt-svc': 'h3=":443"; ma=86400'} 
 body={"results":[{"gender":"female","name":{"title":"Mrs","first":"Edith","last":"Collins"},"location":{"street":{"number":1926,"name":"Locust Rd"},"city":"Greensboro","state":"Tennessee","country":"United States","postcode":87847,"coordinates":{"latitude":"82.8369","longitude":"91.6203"},"timezone":{"offset":"+5:00","description":"Ekaterinburg, Islamabad, Karachi, Tashkent"}},"email":"edith.collins@example.com","login":{"uuid":"427a376d-d182-4590-9851-e2636b8daa73","username":"beautifultiger232","password":"europa","salt":"hIjuLdeG","md5":"fede4e9e8a0f22a7e54ad46c3f4a65a6","sha1":"3627fe9939b2b2791ff6545822bc44fbf1fdb785","sha256":"175110fc7c6a89f1d2741516b847e86191c30220f06ad14e91038305491e78e8"},"dob":{"date":"1967-03-11T15:17:58.140Z","age":57},"registered":{"date":"2006-11-03T05:28:44.764Z","age":17},"phone":"(758) 764-2755","cell":"(462) 788-8797","id":{"name":"SSN","value":"072-45-9171"},"picture":{"large":"https://randomuser.me/api/portraits/women/40.jpg","medium":"https://randomuser.me/api/portraits/med/women/40.jpg","thumbnail":"https://randomuser.me/api/portraits/thumb/women/40.jpg"},"nat":"US"}],"info":{"seed":"409ed6f5d3d7cf8c","results":1,"page":1,"version":"1.4"}} 
 </msg>
<msg time="2024-06-21T11:13:01.939545" level="INFO">/opt/hostedtoolcache/Python/3.12.4/x64/lib/python3.12/site-packages/urllib3/connectionpool.py:1099: InsecureRequestWarning: Unverified HTTPS request is being made to host 'randomuser.me'. Adding certificate verification is strongly advised. See: https://urllib3.readthedocs.io/en/latest/advanced-usage.html#tls-warnings
  warnings.warn(</msg>
<msg time="2024-06-21T11:13:01.939670" level="INFO">${response} = &lt;Response [200]&gt;</msg>
<var>${response}</var>
<arg>consultarAPI</arg>
<arg>/api</arg>
<doc>Sends a GET request on a previously created HTTP Session.</doc>
<status status="PASS" start="2024-06-21T11:13:01.830872" elapsed="0.108838"/>
</kw>
<kw name="Set Variable" owner="BuiltIn">
<msg time="2024-06-21T11:13:01.940830" level="INFO">${json_data} = {'results': [{'gender': 'female', 'name': {'title': 'Mrs', 'first': 'Edith', 'last': 'Collins'}, 'location': {'street': {'number': 1926, 'name': 'Locust Rd'}, 'city': 'Greensboro', 'state': 'Tennessee...</msg>
<var>${json_data}</var>
<arg>${response.json()}</arg>
<doc>Returns the given values which can then be assigned to a variables.</doc>
<status status="PASS" start="2024-06-21T11:13:01.940285" elapsed="0.000573"/>
</kw>
<kw name="Log" owner="BuiltIn">
<msg time="2024-06-21T11:13:01.941308" level="INFO">{'results': [{'gender': 'female', 'name': {'title': 'Mrs', 'first': 'Edith', 'last': 'Collins'}, 'location': {'street': {'number': 1926, 'name': 'Locust Rd'}, 'city': 'Greensboro', 'state': 'Tennessee', 'country': 'United States', 'postcode': 87847, 'coordinates': {'latitude': '82.8369', 'longitude': '91.6203'}, 'timezone': {'offset': '+5:00', 'description': 'Ekaterinburg, Islamabad, Karachi, Tashkent'}}, 'email': 'edith.collins@example.com', 'login': {'uuid': '427a376d-d182-4590-9851-e2636b8daa73', 'username': 'beautifultiger232', 'password': 'europa', 'salt': 'hIjuLdeG', 'md5': 'fede4e9e8a0f22a7e54ad46c3f4a65a6', 'sha1': '3627fe9939b2b2791ff6545822bc44fbf1fdb785', 'sha256': '175110fc7c6a89f1d2741516b847e86191c30220f06ad14e91038305491e78e8'}, 'dob': {'date': '1967-03-11T15:17:58.140Z', 'age': 57}, 'registered': {'date': '2006-11-03T05:28:44.764Z', 'age': 17}, 'phone': '(758) 764-2755', 'cell': '(462) 788-8797', 'id': {'name': 'SSN', 'value': '072-45-9171'}, 'picture': {'large': 'https://randomuser.me/api/portraits/women/40.jpg', 'medium': 'https://randomuser.me/api/portraits/med/women/40.jpg', 'thumbnail': 'https://randomuser.me/api/portraits/thumb/women/40.jpg'}, 'nat': 'US'}], 'info': {'seed': '409ed6f5d3d7cf8c', 'results': 1, 'page': 1, 'version': '1.4'}}</msg>
<arg>${json_data}</arg>
<doc>Logs the given message with the given level.</doc>
<status status="PASS" start="2024-06-21T11:13:01.941157" elapsed="0.000197"/>
</kw>
<kw name="Should Be Equal As Numbers" owner="BuiltIn">
<arg>${json_data['results'][0]['location']['postcode']}</arg>
<arg>${json_data['results'][0]['location']['postcode']}</arg>
<doc>Fails if objects are unequal after converting them to real numbers.</doc>
<status status="PASS" start="2024-06-21T11:13:01.941698" elapsed="0.000616"/>
</kw>
<kw name="Log" owner="BuiltIn">
<msg time="2024-06-21T11:13:01.942990" level="INFO">87847</msg>
<arg>${json_data['results'][0]['location']['postcode']}</arg>
<doc>Logs the given message with the given level.</doc>
<status status="PASS" start="2024-06-21T11:13:01.942497" elapsed="0.000535"/>
</kw>
<status status="PASS" start="2024-06-21T11:13:01.830648" elapsed="0.112667"/>
</kw>
<doc>Testa se os tipos de dados na resposta da API estão corretos.</doc>
<tag>testeTiposDados</tag>
<status status="PASS" start="2024-06-21T11:13:01.673167" elapsed="0.270313"/>
</test>
<test id="s1-s1-t5" name="Validar conteudo" line="35">
<kw name="Teste de Tipos de Conteudo" owner="random-user-service">
<kw name="GET On Session" owner="RequestsLibrary">
<msg time="2024-06-21T11:13:01.982846" level="INFO">GET Request : url=https://randomuser.me/api 
 path_url=/api 
 headers={'User-Agent': 'python-requests/2.32.3', 'Accept-Encoding': 'gzip, deflate', 'Accept': '*/*', 'Connection': 'keep-alive'} 
 body=None 
 </msg>
<msg time="2024-06-21T11:13:01.982919" level="INFO">GET Response : url=https://randomuser.me/api 
 status=200, reason=OK 
 headers={'Date': 'Fri, 21 Jun 2024 11:13:01 GMT', 'Content-Type': 'application/json; charset=utf-8', 'Transfer-Encoding': 'chunked', 'Connection': 'keep-alive', 'X-Powered-By': 'Express', 'Access-Control-Allow-Origin': '*', 'Cache-Control': 'no-cache', 'ETag': 'W/"486-itwksEq3mBZcar3UjyvgKoQvGgU"', 'Vary': 'Accept-Encoding', 'Content-Encoding': 'gzip', 'CF-Cache-Status': 'DYNAMIC', 'Report-To': '{"endpoints":[{"url":"https:\\/\\/a.nel.cloudflare.com\\/report\\/v4?s=8lVXTINyTfrF4MAJvBfCnXSZoWyLgY3DJZmEuPIZ5xHT5zhX87De6KigsBH0mseaFWGep1lA6Pg26VIabrpmyMWa3PBe%2BAjDnnM1dSGxPWqkpeFTl9jnlAkGftbsRyB7"}],"group":"cf-nel","max_age":604800}', 'NEL': '{"success_fraction":0,"report_to":"cf-nel","max_age":604800}', 'Server': 'cloudflare', 'CF-RAY': '8973912328fa3b78-IAD', 'alt-svc': 'h3=":443"; ma=86400'} 
 body={"results":[{"gender":"female","name":{"title":"Ms","first":"Lidija","last":"Nenezić"},"location":{"street":{"number":5268,"name":"Germana Anđelića"},"city":"Šabac","state":"Mačva","country":"Serbia","postcode":80129,"coordinates":{"latitude":"57.3309","longitude":"145.8346"},"timezone":{"offset":"+7:00","description":"Bangkok, Hanoi, Jakarta"}},"email":"lidija.nenezic@example.com","login":{"uuid":"67ed84b4-c3bd-4448-a33f-1aab0118cef7","username":"yellowbird718","password":"capital","salt":"mR1qtF5n","md5":"c2712ac9f8f2ca921ae708f3d9264d06","sha1":"1a40dbac62ab9f8414618f650e783845c1d1cc77","sha256":"68a7dd9464962dfbc67814a357ba2b160300ab91425acaeb1c87495bb40c1ac3"},"dob":{"date":"1980-05-20T08:17:07.161Z","age":44},"registered":{"date":"2016-03-26T17:49:26.390Z","age":8},"phone":"011-5799-439","cell":"062-2654-080","id":{"name":"SID","value":"209238966"},"picture":{"large":"https://randomuser.me/api/portraits/women/0.jpg","medium":"https://randomuser.me/api/portraits/med/women/0.jpg","thumbnail":"https://randomuser.me/api/portraits/thumb/women/0.jpg"},"nat":"RS"}],"info":{"seed":"047dc4056228b5c4","results":1,"page":1,"version":"1.4"}} 
 </msg>
<msg time="2024-06-21T11:13:01.982983" level="INFO">/opt/hostedtoolcache/Python/3.12.4/x64/lib/python3.12/site-packages/urllib3/connectionpool.py:1099: InsecureRequestWarning: Unverified HTTPS request is being made to host 'randomuser.me'. Adding certificate verification is strongly advised. See: https://urllib3.readthedocs.io/en/latest/advanced-usage.html#tls-warnings
  warnings.warn(</msg>
<msg time="2024-06-21T11:13:01.983071" level="INFO">${response} = &lt;Response [200]&gt;</msg>
<var>${response}</var>
<arg>consultarAPI</arg>
<arg>/api</arg>
<doc>Sends a GET request on a previously created HTTP Session.</doc>
<status status="PASS" start="2024-06-21T11:13:01.945985" elapsed="0.037126"/>
</kw>
<kw name="Set Variable" owner="BuiltIn">
<msg time="2024-06-21T11:13:01.984191" level="INFO">${json_data} = {'results': [{'gender': 'female', 'name': {'title': 'Ms', 'first': 'Lidija', 'last': 'Nenezić'}, 'location': {'street': {'number': 5268, 'name': 'Germana Anđelića'}, 'city': 'Šabac', 'state': 'Mačva',...</msg>
<var>${json_data}</var>
<arg>${response.json()}</arg>
<doc>Returns the given values which can then be assigned to a variables.</doc>
<status status="PASS" start="2024-06-21T11:13:01.983601" elapsed="0.000621"/>
</kw>
<kw name="Set Variable" owner="BuiltIn">
<msg time="2024-06-21T11:13:01.984901" level="INFO">${name_title} = Ms</msg>
<var>${name_title}</var>
<arg>${json_data["results"][0]["name"]["title"]}</arg>
<doc>Returns the given values which can then be assigned to a variables.</doc>
<status status="PASS" start="2024-06-21T11:13:01.984524" elapsed="0.000402"/>
</kw>
<kw name="Create List" owner="BuiltIn">
<msg time="2024-06-21T11:13:01.985363" level="INFO">${allowed_titles} = ['Mr', 'Ms', 'Miss', 'Mrs', 'Madame', 'Monsieur']</msg>
<var>${allowed_titles}</var>
<arg>Mr</arg>
<arg>Ms</arg>
<arg>Miss</arg>
<arg>Mrs</arg>
<arg>Madame</arg>
<arg>Monsieur</arg>
<doc>Returns a list containing given items.</doc>
<status status="PASS" start="2024-06-21T11:13:01.985219" elapsed="0.000168"/>
</kw>
<kw name="List Should Contain Value" owner="Collections">
<arg>${allowed_titles}</arg>
<arg>${name_title}</arg>
<doc>Fails if the ``value`` is not found from ``list``.</doc>
<status status="PASS" start="2024-06-21T11:13:01.985737" elapsed="0.000183"/>
</kw>
<kw name="Set Variable" owner="BuiltIn">
<msg time="2024-06-21T11:13:01.986460" level="INFO">${name_country} = RS</msg>
<var>${name_country}</var>
<arg>${json_data["results"][0]["nat"]}</arg>
<doc>Returns the given values which can then be assigned to a variables.</doc>
<status status="PASS" start="2024-06-21T11:13:01.986093" elapsed="0.000392"/>
</kw>
<kw name="Create List" owner="BuiltIn">
<msg time="2024-06-21T11:13:01.987363" level="INFO">${list_country} = ['AD', 'AE', 'AF', 'AG', 'AI', 'AL', 'AM', 'AO', 'AQ', 'AR', 'AS', 'AT', 'AU', 'AW', 'AX', 'AZ', 'BA', 'BB', 'BD', 'BE', 'BF', 'BG', 'BH', 'BI', 'BJ', 'BL', 'BM', 'BN', 'BO', 'BQ', 'BR', 'BS', 'BT', '...</msg>
<var>${list_country}</var>
<arg>AD</arg>
<arg>AE</arg>
<arg>AF</arg>
<arg>AG</arg>
<arg>AI</arg>
<arg>AL</arg>
<arg>AM</arg>
<arg>AO</arg>
<arg>AQ</arg>
<arg>AR</arg>
<arg>AS</arg>
<arg>AT</arg>
<arg>AU</arg>
<arg>AW</arg>
<arg>AX</arg>
<arg>AZ</arg>
<arg>BA</arg>
<arg>BB</arg>
<arg>BD</arg>
<arg>BE</arg>
<arg>BF</arg>
<arg>BG</arg>
<arg>BH</arg>
<arg>BI</arg>
<arg>BJ</arg>
<arg>BL</arg>
<arg>BM</arg>
<arg>BN</arg>
<arg>BO</arg>
<arg>BQ</arg>
<arg>BR</arg>
<arg>BS</arg>
<arg>BT</arg>
<arg>BV</arg>
<arg>BW</arg>
<arg>BY</arg>
<arg>BZ</arg>
<arg>CA</arg>
<arg>CC</arg>
<arg>CD</arg>
<arg>CF</arg>
<arg>CG</arg>
<arg>CH</arg>
<arg>CI</arg>
<arg>CK</arg>
<arg>CL</arg>
<arg>CM</arg>
<arg>CN</arg>
<arg>CO</arg>
<arg>CR</arg>
<arg>CU</arg>
<arg>CV</arg>
<arg>CW</arg>
<arg>CX</arg>
<arg>CY</arg>
<arg>CZ</arg>
<arg>DE</arg>
<arg>DJ</arg>
<arg>DK</arg>
<arg>DM</arg>
<arg>DO</arg>
<arg>DZ</arg>
<arg>EC</arg>
<arg>EE</arg>
<arg>EG</arg>
<arg>EH</arg>
<arg>ER</arg>
<arg>ES</arg>
<arg>ET</arg>
<arg>FI</arg>
<arg>FJ</arg>
<arg>FK</arg>
<arg>FM</arg>
<arg>FO</arg>
<arg>FR</arg>
<arg>GA</arg>
<arg>GB</arg>
<arg>GD</arg>
<arg>GE</arg>
<arg>GF</arg>
<arg>GG</arg>
<arg>GH</arg>
<arg>GI</arg>
<arg>GL</arg>
<arg>GM</arg>
<arg>GN</arg>
<arg>GP</arg>
<arg>GQ</arg>
<arg>GR</arg>
<arg>GS</arg>
<arg>GT</arg>
<arg>GU</arg>
<arg>GW</arg>
<arg>GY</arg>
<arg>HK</arg>
<arg>HM</arg>
<arg>HN</arg>
<arg>HR</arg>
<arg>HT</arg>
<arg>HU</arg>
<arg>ID</arg>
<arg>IE</arg>
<arg>IL</arg>
<arg>IM</arg>
<arg>IN</arg>
<arg>IO</arg>
<arg>IQ</arg>
<arg>IR</arg>
<arg>IS</arg>
<arg>IT</arg>
<arg>JE</arg>
<arg>JM</arg>
<arg>JO</arg>
<arg>JP</arg>
<arg>KE</arg>
<arg>KG</arg>
<arg>KH</arg>
<arg>KI</arg>
<arg>KM</arg>
<arg>KN</arg>
<arg>KP</arg>
<arg>KR</arg>
<arg>KW</arg>
<arg>KY</arg>
<arg>KZ</arg>
<arg>LA</arg>
<arg>LB</arg>
<arg>LC</arg>
<arg>LI</arg>
<arg>LK</arg>
<arg>LR</arg>
<arg>LS</arg>
<arg>LT</arg>
<arg>LU</arg>
<arg>LV</arg>
<arg>LY</arg>
<arg>MA</arg>
<arg>MC</arg>
<arg>MD</arg>
<arg>ME</arg>
<arg>MF</arg>
<arg>MG</arg>
<arg>MH</arg>
<arg>MK</arg>
<arg>ML</arg>
<arg>MM</arg>
<arg>MN</arg>
<arg>MO</arg>
<arg>MP</arg>
<arg>MQ</arg>
<arg>MR</arg>
<arg>MS</arg>
<arg>MT</arg>
<arg>MU</arg>
<arg>MV</arg>
<arg>MW</arg>
<arg>MX</arg>
<arg>MY</arg>
<arg>MZ</arg>
<arg>NA</arg>
<arg>NC</arg>
<arg>NE</arg>
<arg>NF</arg>
<arg>NG</arg>
<arg>NI</arg>
<arg>NL</arg>
<arg>NO</arg>
<arg>NP</arg>
<arg>NR</arg>
<arg>NU</arg>
<arg>NZ</arg>
<arg>OM</arg>
<arg>PA</arg>
<arg>PE</arg>
<arg>PF</arg>
<arg>PG</arg>
<arg>PH</arg>
<arg>PK</arg>
<arg>PL</arg>
<arg>PM</arg>
<arg>PN</arg>
<arg>PR</arg>
<arg>PS</arg>
<arg>PT</arg>
<arg>PW</arg>
<arg>PY</arg>
<arg>QA</arg>
<arg>RE</arg>
<arg>RO</arg>
<arg>RS</arg>
<arg>RU</arg>
<arg>RW</arg>
<arg>SA</arg>
<arg>SB</arg>
<arg>SC</arg>
<arg>SD</arg>
<arg>SE</arg>
<arg>SG</arg>
<arg>SH</arg>
<arg>SI</arg>
<arg>SJ</arg>
<arg>SK</arg>
<arg>SL</arg>
<arg>SM</arg>
<arg>SN</arg>
<arg>SO</arg>
<arg>SR</arg>
<arg>SS</arg>
<arg>ST</arg>
<arg>SV</arg>
<arg>SX</arg>
<arg>SY</arg>
<arg>SZ</arg>
<arg>TC</arg>
<arg>TD</arg>
<arg>TF</arg>
<arg>TG</arg>
<arg>TH</arg>
<arg>TJ</arg>
<arg>TK</arg>
<arg>TL</arg>
<arg>TM</arg>
<arg>TN</arg>
<arg>TO</arg>
<arg>TR</arg>
<arg>TT</arg>
<arg>TV</arg>
<arg>TW</arg>
<arg>TZ</arg>
<arg>UA</arg>
<arg>UG</arg>
<arg>UM</arg>
<arg>US</arg>
<arg>UY</arg>
<arg>UZ</arg>
<arg>VA</arg>
<arg>VC</arg>
<arg>VE</arg>
<arg>VG</arg>
<arg>VI</arg>
<arg>VN</arg>
<arg>VU</arg>
<arg>WF</arg>
<arg>WS</arg>
<arg>XK</arg>
<arg>YE</arg>
<arg>YT</arg>
<arg>ZA</arg>
<arg>ZM</arg>
<arg>ZW</arg>
<doc>Returns a list containing given items.</doc>
<status status="PASS" start="2024-06-21T11:13:01.986771" elapsed="0.000617"/>
</kw>
<kw name="List Should Contain Value" owner="Collections">
<arg>${list_country}</arg>
<arg>${name_country}</arg>
<doc>Fails if the ``value`` is not found from ``list``.</doc>
<status status="PASS" start="2024-06-21T11:13:01.988177" elapsed="0.000199"/>
</kw>
<kw name="Run Keyword If" owner="BuiltIn">
<kw name="Should Be True" owner="BuiltIn">
<arg>${True}</arg>
<doc>Fails if the given condition is not true.</doc>
<status status="PASS" start="2024-06-21T11:13:01.989310" elapsed="0.000157"/>
</kw>
<arg>${json_data["results"][0]["location"]["coordinates"]["latitude"]} &gt;= -90 and ${json_data["results"][0]["location"]["coordinates"]["latitude"]} &lt;= 90</arg>
<arg>Should Be True</arg>
<arg>${True}</arg>
<doc>Runs the given keyword with the given arguments, if ``condition`` is true.</doc>
<status status="PASS" start="2024-06-21T11:13:01.988574" elapsed="0.001019"/>
</kw>
<kw name="Run Keyword If" owner="BuiltIn">
<kw name="Should Be True" owner="BuiltIn">
<arg>${True}</arg>
<doc>Fails if the given condition is not true.</doc>
<status status="PASS" start="2024-06-21T11:13:01.990449" elapsed="0.000227"/>
</kw>
<arg>${json_data["results"][0]["location"]["coordinates"]["longitude"]} &gt;= -180 and ${json_data["results"][0]["location"]["coordinates"]["longitude"]} &lt;= 180</arg>
<arg>Should Be True</arg>
<arg>${True}</arg>
<doc>Runs the given keyword with the given arguments, if ``condition`` is true.</doc>
<status status="PASS" start="2024-06-21T11:13:01.989772" elapsed="0.001029"/>
</kw>
<status status="PASS" start="2024-06-21T11:13:01.945763" elapsed="0.045169"/>
</kw>
<doc>Testa o conteúdo específico dos campos retornados pela API.</doc>
<tag>testeConteudo</tag>
<status status="PASS" start="2024-06-21T11:13:01.945207" elapsed="0.045868"/>
</test>
<status status="PASS" start="2024-06-21T11:13:00.959693" elapsed="1.033329"/>
</suite>
<status status="PASS" start="2024-06-21T11:13:00.945313" elapsed="1.052819"/>
</suite>
<statistics>
<total>
<stat pass="5" fail="0" skip="0">All Tests</stat>
</total>
<tag>
<stat pass="1" fail="0" skip="0">testeConteudo</stat>
<stat pass="1" fail="0" skip="0">testeEstruturaResposta</stat>
<stat pass="1" fail="0" skip="0">testeRequisicaoBasica</stat>
<stat pass="1" fail="0" skip="0">testeTiposDados</stat>
</tag>
<suite>
<stat pass="5" fail="0" skip="0" id="s1" name="Tests">Tests</stat>
<stat pass="5" fail="0" skip="0" id="s1-s1" name="Random-User-Test">Tests.Random-User-Test</stat>
</suite>
</statistics>
<errors>
</errors>
</robot>
