<?xml version="1.0" encoding="UTF-8"?>
<robot generator="Robot 7.0 (Python 3.12.3 on linux)" generated="2024-04-17T22:12:35.864831" rpa="false" schemaversion="5">
<suite id="s1" name="Tests" source="/home/runner/work/DesafioQAItauRogerioJordao/DesafioQAItauRogerioJordao/RamdonUser/tests">
<suite id="s1-s1" name="Random-User-Test" source="/home/runner/work/DesafioQAItauRogerioJordao/DesafioQAItauRogerioJordao/RamdonUser/tests/random-user-test.robot">
<test id="s1-s1-t1" name="Conectar" line="13">
<kw name="Conectar API" owner="random-user-service">
<kw name="Create Session" owner="RequestsLibrary">
<msg time="2024-04-17T22:12:36.220895" level="INFO">Creating Session using : alias=consultarAPI, url=https://randomuser.me/, headers={},                     cookies={}, auth=None, timeout=None, proxies=None, verify=False,                     debug=0 </msg>
<arg>consultarAPI</arg>
<arg>${URL}</arg>
<doc>Create Session: create a HTTP session to a server</doc>
<status status="PASS" start="2024-04-17T22:12:36.220693" elapsed="0.000372"/>
</kw>
<status status="PASS" start="2024-04-17T22:12:36.219731" elapsed="0.001690"/>
</kw>
<status status="PASS" start="2024-04-17T22:12:36.219199" elapsed="0.002413"/>
</test>
<test id="s1-s1-t2" name="Validar retorno 200 e JSON Válido" line="16">
<kw name="Teste de Requisicao Basica" owner="random-user-service">
<kw name="GET On Session" owner="RequestsLibrary">
<msg time="2024-04-17T22:12:36.384752" level="INFO">GET Request : url=https://randomuser.me/api 
 path_url=/api 
 headers={'User-Agent': 'python-requests/2.31.0', 'Accept-Encoding': 'gzip, deflate', 'Accept': '*/*', 'Connection': 'keep-alive'} 
 body=None 
 </msg>
<msg time="2024-04-17T22:12:36.384885" level="INFO">GET Response : url=https://randomuser.me/api 
 status=200, reason=OK 
 headers={'Date': 'Wed, 17 Apr 2024 22:12:36 GMT', 'Content-Type': 'application/json; charset=utf-8', 'Transfer-Encoding': 'chunked', 'Connection': 'keep-alive', 'X-Powered-By': 'Express', 'Access-Control-Allow-Origin': '*', 'Cache-Control': 'no-cache', 'ETag': 'W/"496-dSo5+C/rnwZXloduklyT3+ThRGU"', 'Vary': 'Accept-Encoding', 'Content-Encoding': 'gzip', 'CF-Cache-Status': 'DYNAMIC', 'Report-To': '{"endpoints":[{"url":"https:\\/\\/a.nel.cloudflare.com\\/report\\/v4?s=Y5APG7cEZSvhf0sqqk18BMtInihDujXpkGyjkLkP6A3FHiMVdQEJX%2F1BRlIC4WwBsncCy2pK2cbdsr%2BhbGnaYAexX08r0RGYHXuf0Hr5TlLsTlZZUpOa%2F6XxzKuaOpPr"}],"group":"cf-nel","max_age":604800}', 'NEL': '{"success_fraction":0,"report_to":"cf-nel","max_age":604800}', 'Server': 'cloudflare', 'CF-RAY': '875fc1eecb9f7c49-LAX', 'alt-svc': 'h3=":443"; ma=86400'} 
 body={"results":[{"gender":"male","name":{"title":"Mr","first":"James","last":"King"},"location":{"street":{"number":7377,"name":"Waipuna Road"},"city":"Palmerston North","state":"Gisborne","country":"New Zealand","postcode":42472,"coordinates":{"latitude":"48.6829","longitude":"-140.2095"},"timezone":{"offset":"0:00","description":"Western Europe Time, London, Lisbon, Casablanca"}},"email":"james.king@example.com","login":{"uuid":"867bf935-7083-4192-9047-2216677fa98e","username":"crazyladybug236","password":"4ever","salt":"CbHlgJit","md5":"644e456a2676961241806093020336b2","sha1":"83379879ddf42d9033640bfca9be0a6b200cecf6","sha256":"28c779e62df2f2d1a0f64643307aa0f7e3e21cd88396b791192ae8a83ce49da2"},"dob":{"date":"1954-01-14T10:29:48.467Z","age":70},"registered":{"date":"2004-01-22T17:42:37.083Z","age":20},"phone":"(444)-965-5831","cell":"(075)-772-2675","id":{"name":"","value":null},"picture":{"large":"https://randomuser.me/api/portraits/men/42.jpg","medium":"https://randomuser.me/api/portraits/med/men/42.jpg","thumbnail":"https://randomuser.me/api/portraits/thumb/men/42.jpg"},"nat":"NZ"}],"info":{"seed":"4cdc92e49a64711d","results":1,"page":1,"version":"1.4"}} 
 </msg>
<msg time="2024-04-17T22:12:36.384969" level="INFO">/opt/hostedtoolcache/Python/3.12.3/x64/lib/python3.12/site-packages/urllib3/connectionpool.py:1103: InsecureRequestWarning: Unverified HTTPS request is being made to host 'randomuser.me'. Adding certificate verification is strongly advised. See: https://urllib3.readthedocs.io/en/latest/advanced-usage.html#tls-warnings
  warnings.warn(</msg>
<msg time="2024-04-17T22:12:36.385110" level="INFO">${response} = &lt;Response [200]&gt;</msg>
<var>${response}</var>
<arg>consultarAPI</arg>
<arg>/api</arg>
<doc>Sends a GET request on a previously created HTTP Session.</doc>
<status status="PASS" start="2024-04-17T22:12:36.224207" elapsed="0.160951"/>
</kw>
<kw name="Should Be Equal As Numbers" owner="BuiltIn">
<msg time="2024-04-17T22:12:36.386039" level="INFO">Argument types are:
&lt;class 'int'&gt;
&lt;class 'str'&gt;</msg>
<arg>${response.status_code}</arg>
<arg>200</arg>
<doc>Fails if objects are unequal after converting them to real numbers.</doc>
<status status="PASS" start="2024-04-17T22:12:36.385628" elapsed="0.000472"/>
</kw>
<kw name="Log" owner="BuiltIn">
<msg time="2024-04-17T22:12:36.386784" level="INFO">200</msg>
<arg>${response.status_code}</arg>
<doc>Logs the given message with the given level.</doc>
<status status="PASS" start="2024-04-17T22:12:36.386435" elapsed="0.000390"/>
</kw>
<kw name="Set Variable" owner="BuiltIn">
<msg time="2024-04-17T22:12:36.387558" level="INFO">${json_data} = {'results': [{'gender': 'male', 'name': {'title': 'Mr', 'first': 'James', 'last': 'King'}, 'location': {'street': {'number': 7377, 'name': 'Waipuna Road'}, 'city': 'Palmerston North', 'state': 'Gisbor...</msg>
<var>${json_data}</var>
<arg>${response.json()}</arg>
<doc>Returns the given values which can then be assigned to a variables.</doc>
<status status="PASS" start="2024-04-17T22:12:36.387129" elapsed="0.000456"/>
</kw>
<kw name="Dictionary Should Contain Key" owner="Collections">
<msg time="2024-04-17T22:12:36.388053" level="INFO">False</msg>
<arg>${json_data}</arg>
<arg>results</arg>
<doc>Fails if ``key`` is not found from ``dictionary``.</doc>
<status status="PASS" start="2024-04-17T22:12:36.387886" elapsed="0.000207"/>
</kw>
<status status="PASS" start="2024-04-17T22:12:36.223962" elapsed="0.164422"/>
</kw>
<doc>Testa se a API responde corretamente e retorna um objeto JSON válido.</doc>
<tag>testeRequisicaoBasica</tag>
<status status="PASS" start="2024-04-17T22:12:36.223488" elapsed="0.165075"/>
</test>
<test id="s1-s1-t3" name="Validar estrutura de resposta" line="22">
<kw name="Teste de Estrutura de Resposta" owner="random-user-service">
<kw name="GET On Session" owner="RequestsLibrary">
<msg time="2024-04-17T22:12:36.497885" level="INFO">GET Request : url=https://randomuser.me/api 
 path_url=/api 
 headers={'User-Agent': 'python-requests/2.31.0', 'Accept-Encoding': 'gzip, deflate', 'Accept': '*/*', 'Connection': 'keep-alive'} 
 body=None 
 </msg>
<msg time="2024-04-17T22:12:36.497977" level="INFO">GET Response : url=https://randomuser.me/api 
 status=200, reason=OK 
 headers={'Date': 'Wed, 17 Apr 2024 22:12:36 GMT', 'Content-Type': 'application/json; charset=utf-8', 'Transfer-Encoding': 'chunked', 'Connection': 'keep-alive', 'X-Powered-By': 'Express', 'Access-Control-Allow-Origin': '*', 'Cache-Control': 'no-cache', 'ETag': 'W/"4b6-LEDqPw1xWJK6huhEeGVOn4sMX40"', 'Vary': 'Accept-Encoding', 'Content-Encoding': 'gzip', 'CF-Cache-Status': 'DYNAMIC', 'Report-To': '{"endpoints":[{"url":"https:\\/\\/a.nel.cloudflare.com\\/report\\/v4?s=ixRFUFOkOIKE0SwekSzcx1Zg7CL4zhpug%2BTrTv1whE3oSRDi9TmsTJkAZnNqtR3ZBSVlooQtDLmjAxmaIa83r%2BpoHlP4sRtUatX58mRObVewqvijldIiu%2BrWPZgk0YFc"}],"group":"cf-nel","max_age":604800}', 'NEL': '{"success_fraction":0,"report_to":"cf-nel","max_age":604800}', 'Server': 'cloudflare', 'CF-RAY': '875fc1ef7ce07c49-LAX', 'alt-svc': 'h3=":443"; ma=86400'} 
 body={"results":[{"gender":"female","name":{"title":"Mademoiselle","first":"Christelle","last":"Da Silva"},"location":{"street":{"number":9549,"name":"Avenue Jean-Jaurès"},"city":"Bullet","state":"Bern","country":"Switzerland","postcode":7231,"coordinates":{"latitude":"-59.4828","longitude":"177.0153"},"timezone":{"offset":"+1:00","description":"Brussels, Copenhagen, Madrid, Paris"}},"email":"christelle.dasilva@example.com","login":{"uuid":"22e7f123-1287-433b-a8ad-dcf1f6bbc943","username":"ticklishswan820","password":"myrtle","salt":"lHCooROH","md5":"f97692b9939ce9e82fcbd2fe573222c6","sha1":"98de78764c3f2546d7356a9238d98ab5a0b30430","sha256":"0cb6d43b47e35253af729ed70396bad73b4d371642b51ab3ad1d80751a92be9a"},"dob":{"date":"2001-03-22T08:17:10.653Z","age":23},"registered":{"date":"2003-09-07T18:19:43.446Z","age":20},"phone":"078 752 27 42","cell":"079 208 96 72","id":{"name":"AVS","value":"756.9595.2171.77"},"picture":{"large":"https://randomuser.me/api/portraits/women/92.jpg","medium":"https://randomuser.me/api/portraits/med/women/92.jpg","thumbnail":"https://randomuser.me/api/portraits/thumb/women/92.jpg"},"nat":"CH"}],"info":{"seed":"ba3e63460041a642","results":1,"page":1,"version":"1.4"}} 
 </msg>
<msg time="2024-04-17T22:12:36.498088" level="INFO">/opt/hostedtoolcache/Python/3.12.3/x64/lib/python3.12/site-packages/urllib3/connectionpool.py:1103: InsecureRequestWarning: Unverified HTTPS request is being made to host 'randomuser.me'. Adding certificate verification is strongly advised. See: https://urllib3.readthedocs.io/en/latest/advanced-usage.html#tls-warnings
  warnings.warn(</msg>
<msg time="2024-04-17T22:12:36.498183" level="INFO">${response} = &lt;Response [200]&gt;</msg>
<var>${response}</var>
<arg>consultarAPI</arg>
<arg>/api</arg>
<doc>Sends a GET request on a previously created HTTP Session.</doc>
<status status="PASS" start="2024-04-17T22:12:36.391122" elapsed="0.107095"/>
</kw>
<kw name="Set Variable" owner="BuiltIn">
<msg time="2024-04-17T22:12:36.499076" level="INFO">${json_data} = {'results': [{'gender': 'female', 'name': {'title': 'Mademoiselle', 'first': 'Christelle', 'last': 'Da Silva'}, 'location': {'street': {'number': 9549, 'name': 'Avenue Jean-Jaurès'}, 'city': 'Bullet',...</msg>
<var>${json_data}</var>
<arg>${response.json()}</arg>
<doc>Returns the given values which can then be assigned to a variables.</doc>
<status status="PASS" start="2024-04-17T22:12:36.498608" elapsed="0.000498"/>
</kw>
<kw name="Log" owner="BuiltIn">
<msg time="2024-04-17T22:12:36.499577" level="INFO">{'results': [{'gender': 'female', 'name': {'title': 'Mademoiselle', 'first': 'Christelle', 'last': 'Da Silva'}, 'location': {'street': {'number': 9549, 'name': 'Avenue Jean-Jaurès'}, 'city': 'Bullet', 'state': 'Bern', 'country': 'Switzerland', 'postcode': 7231, 'coordinates': {'latitude': '-59.4828', 'longitude': '177.0153'}, 'timezone': {'offset': '+1:00', 'description': 'Brussels, Copenhagen, Madrid, Paris'}}, 'email': 'christelle.dasilva@example.com', 'login': {'uuid': '22e7f123-1287-433b-a8ad-dcf1f6bbc943', 'username': 'ticklishswan820', 'password': 'myrtle', 'salt': 'lHCooROH', 'md5': 'f97692b9939ce9e82fcbd2fe573222c6', 'sha1': '98de78764c3f2546d7356a9238d98ab5a0b30430', 'sha256': '0cb6d43b47e35253af729ed70396bad73b4d371642b51ab3ad1d80751a92be9a'}, 'dob': {'date': '2001-03-22T08:17:10.653Z', 'age': 23}, 'registered': {'date': '2003-09-07T18:19:43.446Z', 'age': 20}, 'phone': '078 752 27 42', 'cell': '079 208 96 72', 'id': {'name': 'AVS', 'value': '756.9595.2171.77'}, 'picture': {'large': 'https://randomuser.me/api/portraits/women/92.jpg', 'medium': 'https://randomuser.me/api/portraits/med/women/92.jpg', 'thumbnail': 'https://randomuser.me/api/portraits/thumb/women/92.jpg'}, 'nat': 'CH'}], 'info': {'seed': 'ba3e63460041a642', 'results': 1, 'page': 1, 'version': '1.4'}}</msg>
<arg>${json_data}</arg>
<doc>Logs the given message with the given level.</doc>
<status status="PASS" start="2024-04-17T22:12:36.499415" elapsed="0.000212"/>
</kw>
<kw name="Dictionary Should Contain Key" owner="Collections">
<msg time="2024-04-17T22:12:36.500083" level="INFO">False</msg>
<arg>${json_data}</arg>
<arg>results</arg>
<doc>Fails if ``key`` is not found from ``dictionary``.</doc>
<status status="PASS" start="2024-04-17T22:12:36.499924" elapsed="0.000195"/>
</kw>
<kw name="Should Not Be Empty" owner="BuiltIn">
<msg time="2024-04-17T22:12:36.500579" level="INFO">Length is 2.</msg>
<arg>${json_data}</arg>
<doc>Verifies that the given item is not empty.</doc>
<status status="PASS" start="2024-04-17T22:12:36.500444" elapsed="0.000306"/>
</kw>
<kw name="Create List" owner="BuiltIn">
<msg time="2024-04-17T22:12:36.501198" level="INFO">${expected_keys} = ['gender', 'name', 'location', 'email', 'login']</msg>
<var>${expected_keys}</var>
<arg>gender</arg>
<arg>name</arg>
<arg>location</arg>
<arg>email</arg>
<arg>login</arg>
<doc>Returns a list containing given items.</doc>
<status status="PASS" start="2024-04-17T22:12:36.501048" elapsed="0.000174"/>
</kw>
<for flavor="IN">
<iter>
<kw name="Dictionary Should Contain Key" owner="Collections">
<msg time="2024-04-17T22:12:36.502192" level="INFO">False</msg>
<arg>${json_data['results'][0]}</arg>
<arg>${key}</arg>
<doc>Fails if ``key`` is not found from ``dictionary``.</doc>
<status status="PASS" start="2024-04-17T22:12:36.501794" elapsed="0.000436"/>
</kw>
<kw name="Log" owner="BuiltIn">
<msg time="2024-04-17T22:12:36.502894" level="INFO">{'gender': 'female', 'name': {'title': 'Mademoiselle', 'first': 'Christelle', 'last': 'Da Silva'}, 'location': {'street': {'number': 9549, 'name': 'Avenue Jean-Jaurès'}, 'city': 'Bullet', 'state': 'Bern', 'country': 'Switzerland', 'postcode': 7231, 'coordinates': {'latitude': '-59.4828', 'longitude': '177.0153'}, 'timezone': {'offset': '+1:00', 'description': 'Brussels, Copenhagen, Madrid, Paris'}}, 'email': 'christelle.dasilva@example.com', 'login': {'uuid': '22e7f123-1287-433b-a8ad-dcf1f6bbc943', 'username': 'ticklishswan820', 'password': 'myrtle', 'salt': 'lHCooROH', 'md5': 'f97692b9939ce9e82fcbd2fe573222c6', 'sha1': '98de78764c3f2546d7356a9238d98ab5a0b30430', 'sha256': '0cb6d43b47e35253af729ed70396bad73b4d371642b51ab3ad1d80751a92be9a'}, 'dob': {'date': '2001-03-22T08:17:10.653Z', 'age': 23}, 'registered': {'date': '2003-09-07T18:19:43.446Z', 'age': 20}, 'phone': '078 752 27 42', 'cell': '079 208 96 72', 'id': {'name': 'AVS', 'value': '756.9595.2171.77'}, 'picture': {'large': 'https://randomuser.me/api/portraits/women/92.jpg', 'medium': 'https://randomuser.me/api/portraits/med/women/92.jpg', 'thumbnail': 'https://randomuser.me/api/portraits/thumb/women/92.jpg'}, 'nat': 'CH'}</msg>
<arg>${json_data['results'][0]}</arg>
<doc>Logs the given message with the given level.</doc>
<status status="PASS" start="2024-04-17T22:12:36.502525" elapsed="0.000418"/>
</kw>
<kw name="Log" owner="BuiltIn">
<msg time="2024-04-17T22:12:36.503395" level="INFO">gender</msg>
<arg>${key}</arg>
<doc>Logs the given message with the given level.</doc>
<status status="PASS" start="2024-04-17T22:12:36.503239" elapsed="0.000221"/>
</kw>
<var name="${key}">gender</var>
<status status="PASS" start="2024-04-17T22:12:36.501670" elapsed="0.002062"/>
</iter>
<iter>
<kw name="Dictionary Should Contain Key" owner="Collections">
<msg time="2024-04-17T22:12:36.504604" level="INFO">False</msg>
<arg>${json_data['results'][0]}</arg>
<arg>${key}</arg>
<doc>Fails if ``key`` is not found from ``dictionary``.</doc>
<status status="PASS" start="2024-04-17T22:12:36.504084" elapsed="0.000595"/>
</kw>
<kw name="Log" owner="BuiltIn">
<msg time="2024-04-17T22:12:36.505386" level="INFO">{'gender': 'female', 'name': {'title': 'Mademoiselle', 'first': 'Christelle', 'last': 'Da Silva'}, 'location': {'street': {'number': 9549, 'name': 'Avenue Jean-Jaurès'}, 'city': 'Bullet', 'state': 'Bern', 'country': 'Switzerland', 'postcode': 7231, 'coordinates': {'latitude': '-59.4828', 'longitude': '177.0153'}, 'timezone': {'offset': '+1:00', 'description': 'Brussels, Copenhagen, Madrid, Paris'}}, 'email': 'christelle.dasilva@example.com', 'login': {'uuid': '22e7f123-1287-433b-a8ad-dcf1f6bbc943', 'username': 'ticklishswan820', 'password': 'myrtle', 'salt': 'lHCooROH', 'md5': 'f97692b9939ce9e82fcbd2fe573222c6', 'sha1': '98de78764c3f2546d7356a9238d98ab5a0b30430', 'sha256': '0cb6d43b47e35253af729ed70396bad73b4d371642b51ab3ad1d80751a92be9a'}, 'dob': {'date': '2001-03-22T08:17:10.653Z', 'age': 23}, 'registered': {'date': '2003-09-07T18:19:43.446Z', 'age': 20}, 'phone': '078 752 27 42', 'cell': '079 208 96 72', 'id': {'name': 'AVS', 'value': '756.9595.2171.77'}, 'picture': {'large': 'https://randomuser.me/api/portraits/women/92.jpg', 'medium': 'https://randomuser.me/api/portraits/med/women/92.jpg', 'thumbnail': 'https://randomuser.me/api/portraits/thumb/women/92.jpg'}, 'nat': 'CH'}</msg>
<arg>${json_data['results'][0]}</arg>
<doc>Logs the given message with the given level.</doc>
<status status="PASS" start="2024-04-17T22:12:36.505018" elapsed="0.000418"/>
</kw>
<kw name="Log" owner="BuiltIn">
<msg time="2024-04-17T22:12:36.505860" level="INFO">name</msg>
<arg>${key}</arg>
<doc>Logs the given message with the given level.</doc>
<status status="PASS" start="2024-04-17T22:12:36.505734" elapsed="0.000163"/>
</kw>
<var name="${key}">name</var>
<status status="PASS" start="2024-04-17T22:12:36.503962" elapsed="0.002150"/>
</iter>
<iter>
<kw name="Dictionary Should Contain Key" owner="Collections">
<msg time="2024-04-17T22:12:36.506793" level="INFO">False</msg>
<arg>${json_data['results'][0]}</arg>
<arg>${key}</arg>
<doc>Fails if ``key`` is not found from ``dictionary``.</doc>
<status status="PASS" start="2024-04-17T22:12:36.506403" elapsed="0.000428"/>
</kw>
<kw name="Log" owner="BuiltIn">
<msg time="2024-04-17T22:12:36.507509" level="INFO">{'gender': 'female', 'name': {'title': 'Mademoiselle', 'first': 'Christelle', 'last': 'Da Silva'}, 'location': {'street': {'number': 9549, 'name': 'Avenue Jean-Jaurès'}, 'city': 'Bullet', 'state': 'Bern', 'country': 'Switzerland', 'postcode': 7231, 'coordinates': {'latitude': '-59.4828', 'longitude': '177.0153'}, 'timezone': {'offset': '+1:00', 'description': 'Brussels, Copenhagen, Madrid, Paris'}}, 'email': 'christelle.dasilva@example.com', 'login': {'uuid': '22e7f123-1287-433b-a8ad-dcf1f6bbc943', 'username': 'ticklishswan820', 'password': 'myrtle', 'salt': 'lHCooROH', 'md5': 'f97692b9939ce9e82fcbd2fe573222c6', 'sha1': '98de78764c3f2546d7356a9238d98ab5a0b30430', 'sha256': '0cb6d43b47e35253af729ed70396bad73b4d371642b51ab3ad1d80751a92be9a'}, 'dob': {'date': '2001-03-22T08:17:10.653Z', 'age': 23}, 'registered': {'date': '2003-09-07T18:19:43.446Z', 'age': 20}, 'phone': '078 752 27 42', 'cell': '079 208 96 72', 'id': {'name': 'AVS', 'value': '756.9595.2171.77'}, 'picture': {'large': 'https://randomuser.me/api/portraits/women/92.jpg', 'medium': 'https://randomuser.me/api/portraits/med/women/92.jpg', 'thumbnail': 'https://randomuser.me/api/portraits/thumb/women/92.jpg'}, 'nat': 'CH'}</msg>
<arg>${json_data['results'][0]}</arg>
<doc>Logs the given message with the given level.</doc>
<status status="PASS" start="2024-04-17T22:12:36.507147" elapsed="0.000410"/>
</kw>
<kw name="Log" owner="BuiltIn">
<msg time="2024-04-17T22:12:36.507977" level="INFO">location</msg>
<arg>${key}</arg>
<doc>Logs the given message with the given level.</doc>
<status status="PASS" start="2024-04-17T22:12:36.507852" elapsed="0.000163"/>
</kw>
<var name="${key}">location</var>
<status status="PASS" start="2024-04-17T22:12:36.506291" elapsed="0.001938"/>
</iter>
<iter>
<kw name="Dictionary Should Contain Key" owner="Collections">
<msg time="2024-04-17T22:12:36.508942" level="INFO">False</msg>
<arg>${json_data['results'][0]}</arg>
<arg>${key}</arg>
<doc>Fails if ``key`` is not found from ``dictionary``.</doc>
<status status="PASS" start="2024-04-17T22:12:36.508556" elapsed="0.000422"/>
</kw>
<kw name="Log" owner="BuiltIn">
<msg time="2024-04-17T22:12:36.509647" level="INFO">{'gender': 'female', 'name': {'title': 'Mademoiselle', 'first': 'Christelle', 'last': 'Da Silva'}, 'location': {'street': {'number': 9549, 'name': 'Avenue Jean-Jaurès'}, 'city': 'Bullet', 'state': 'Bern', 'country': 'Switzerland', 'postcode': 7231, 'coordinates': {'latitude': '-59.4828', 'longitude': '177.0153'}, 'timezone': {'offset': '+1:00', 'description': 'Brussels, Copenhagen, Madrid, Paris'}}, 'email': 'christelle.dasilva@example.com', 'login': {'uuid': '22e7f123-1287-433b-a8ad-dcf1f6bbc943', 'username': 'ticklishswan820', 'password': 'myrtle', 'salt': 'lHCooROH', 'md5': 'f97692b9939ce9e82fcbd2fe573222c6', 'sha1': '98de78764c3f2546d7356a9238d98ab5a0b30430', 'sha256': '0cb6d43b47e35253af729ed70396bad73b4d371642b51ab3ad1d80751a92be9a'}, 'dob': {'date': '2001-03-22T08:17:10.653Z', 'age': 23}, 'registered': {'date': '2003-09-07T18:19:43.446Z', 'age': 20}, 'phone': '078 752 27 42', 'cell': '079 208 96 72', 'id': {'name': 'AVS', 'value': '756.9595.2171.77'}, 'picture': {'large': 'https://randomuser.me/api/portraits/women/92.jpg', 'medium': 'https://randomuser.me/api/portraits/med/women/92.jpg', 'thumbnail': 'https://randomuser.me/api/portraits/thumb/women/92.jpg'}, 'nat': 'CH'}</msg>
<arg>${json_data['results'][0]}</arg>
<doc>Logs the given message with the given level.</doc>
<status status="PASS" start="2024-04-17T22:12:36.509275" elapsed="0.000422"/>
</kw>
<kw name="Log" owner="BuiltIn">
<msg time="2024-04-17T22:12:36.510115" level="INFO">email</msg>
<arg>${key}</arg>
<doc>Logs the given message with the given level.</doc>
<status status="PASS" start="2024-04-17T22:12:36.509989" elapsed="0.000163"/>
</kw>
<var name="${key}">email</var>
<status status="PASS" start="2024-04-17T22:12:36.508442" elapsed="0.001920"/>
</iter>
<iter>
<kw name="Dictionary Should Contain Key" owner="Collections">
<msg time="2024-04-17T22:12:36.511029" level="INFO">False</msg>
<arg>${json_data['results'][0]}</arg>
<arg>${key}</arg>
<doc>Fails if ``key`` is not found from ``dictionary``.</doc>
<status status="PASS" start="2024-04-17T22:12:36.510645" elapsed="0.000422"/>
</kw>
<kw name="Log" owner="BuiltIn">
<msg time="2024-04-17T22:12:36.511732" level="INFO">{'gender': 'female', 'name': {'title': 'Mademoiselle', 'first': 'Christelle', 'last': 'Da Silva'}, 'location': {'street': {'number': 9549, 'name': 'Avenue Jean-Jaurès'}, 'city': 'Bullet', 'state': 'Bern', 'country': 'Switzerland', 'postcode': 7231, 'coordinates': {'latitude': '-59.4828', 'longitude': '177.0153'}, 'timezone': {'offset': '+1:00', 'description': 'Brussels, Copenhagen, Madrid, Paris'}}, 'email': 'christelle.dasilva@example.com', 'login': {'uuid': '22e7f123-1287-433b-a8ad-dcf1f6bbc943', 'username': 'ticklishswan820', 'password': 'myrtle', 'salt': 'lHCooROH', 'md5': 'f97692b9939ce9e82fcbd2fe573222c6', 'sha1': '98de78764c3f2546d7356a9238d98ab5a0b30430', 'sha256': '0cb6d43b47e35253af729ed70396bad73b4d371642b51ab3ad1d80751a92be9a'}, 'dob': {'date': '2001-03-22T08:17:10.653Z', 'age': 23}, 'registered': {'date': '2003-09-07T18:19:43.446Z', 'age': 20}, 'phone': '078 752 27 42', 'cell': '079 208 96 72', 'id': {'name': 'AVS', 'value': '756.9595.2171.77'}, 'picture': {'large': 'https://randomuser.me/api/portraits/women/92.jpg', 'medium': 'https://randomuser.me/api/portraits/med/women/92.jpg', 'thumbnail': 'https://randomuser.me/api/portraits/thumb/women/92.jpg'}, 'nat': 'CH'}</msg>
<arg>${json_data['results'][0]}</arg>
<doc>Logs the given message with the given level.</doc>
<status status="PASS" start="2024-04-17T22:12:36.511362" elapsed="0.000419"/>
</kw>
<kw name="Log" owner="BuiltIn">
<msg time="2024-04-17T22:12:36.512223" level="INFO">login</msg>
<arg>${key}</arg>
<doc>Logs the given message with the given level.</doc>
<status status="PASS" start="2024-04-17T22:12:36.512097" elapsed="0.000163"/>
</kw>
<var name="${key}">login</var>
<status status="PASS" start="2024-04-17T22:12:36.510533" elapsed="0.001989"/>
</iter>
<var>${key}</var>
<value>@{expected_keys}</value>
<status status="PASS" start="2024-04-17T22:12:36.501485" elapsed="0.011161"/>
</for>
<kw name="Create List" owner="BuiltIn">
<msg time="2024-04-17T22:12:36.512975" level="INFO">${expected_keysTwo} = ['username', 'password']</msg>
<var>${expected_keysTwo}</var>
<arg>username</arg>
<arg>password</arg>
<doc>Returns a list containing given items.</doc>
<status status="PASS" start="2024-04-17T22:12:36.512839" elapsed="0.000160"/>
</kw>
<for flavor="IN">
<iter>
<kw name="Dictionary Should Contain Key" owner="Collections">
<msg time="2024-04-17T22:12:36.513879" level="INFO">False</msg>
<arg>${json_data['results'][0]['login']}</arg>
<arg>${keyTwo}</arg>
<doc>Fails if ``key`` is not found from ``dictionary``.</doc>
<status status="PASS" start="2024-04-17T22:12:36.513492" elapsed="0.000425"/>
</kw>
<kw name="Dictionary Should Contain Key" owner="Collections">
<msg time="2024-04-17T22:12:36.514594" level="INFO">False</msg>
<arg>${json_data['results'][0]['login']}</arg>
<arg>${keyTwo}</arg>
<doc>Fails if ``key`` is not found from ``dictionary``.</doc>
<status status="PASS" start="2024-04-17T22:12:36.514210" elapsed="0.000421"/>
</kw>
<kw name="Log" owner="BuiltIn">
<msg time="2024-04-17T22:12:36.515047" level="INFO">username</msg>
<arg>${keyTwo}</arg>
<doc>Logs the given message with the given level.</doc>
<status status="PASS" start="2024-04-17T22:12:36.514923" elapsed="0.000166"/>
</kw>
<var name="${keyTwo}">username</var>
<status status="PASS" start="2024-04-17T22:12:36.513380" elapsed="0.001927"/>
</iter>
<iter>
<kw name="Dictionary Should Contain Key" owner="Collections">
<msg time="2024-04-17T22:12:36.516052" level="INFO">False</msg>
<arg>${json_data['results'][0]['login']}</arg>
<arg>${keyTwo}</arg>
<doc>Fails if ``key`` is not found from ``dictionary``.</doc>
<status status="PASS" start="2024-04-17T22:12:36.515586" elapsed="0.000506"/>
</kw>
<kw name="Dictionary Should Contain Key" owner="Collections">
<msg time="2024-04-17T22:12:36.516810" level="INFO">False</msg>
<arg>${json_data['results'][0]['login']}</arg>
<arg>${keyTwo}</arg>
<doc>Fails if ``key`` is not found from ``dictionary``.</doc>
<status status="PASS" start="2024-04-17T22:12:36.516420" elapsed="0.000427"/>
</kw>
<kw name="Log" owner="BuiltIn">
<msg time="2024-04-17T22:12:36.517268" level="INFO">password</msg>
<arg>${keyTwo}</arg>
<doc>Logs the given message with the given level.</doc>
<status status="PASS" start="2024-04-17T22:12:36.517142" elapsed="0.000162"/>
</kw>
<var name="${keyTwo}">password</var>
<status status="PASS" start="2024-04-17T22:12:36.515476" elapsed="0.002045"/>
</iter>
<var>${keyTwo}</var>
<value>@{expected_keysTwo}</value>
<status status="PASS" start="2024-04-17T22:12:36.513230" elapsed="0.004411"/>
</for>
<status status="PASS" start="2024-04-17T22:12:36.390886" elapsed="0.126892"/>
</kw>
<doc>Testa a estrutura da resposta da API.</doc>
<tag>testeEstruturaResposta</tag>
<status status="PASS" start="2024-04-17T22:12:36.390396" elapsed="0.127529"/>
</test>
<test id="s1-s1-t4" name="Validar tipos de dados" line="28">
<kw name="Teste de Tipos de Dados" owner="random-user-service">
<kw name="GET On Session" owner="RequestsLibrary">
<msg time="2024-04-17T22:12:36.619737" level="INFO">GET Request : url=https://randomuser.me/api 
 path_url=/api 
 headers={'User-Agent': 'python-requests/2.31.0', 'Accept-Encoding': 'gzip, deflate', 'Accept': '*/*', 'Connection': 'keep-alive'} 
 body=None 
 </msg>
<msg time="2024-04-17T22:12:36.619818" level="INFO">GET Response : url=https://randomuser.me/api 
 status=200, reason=OK 
 headers={'Date': 'Wed, 17 Apr 2024 22:12:36 GMT', 'Content-Type': 'application/json; charset=utf-8', 'Transfer-Encoding': 'chunked', 'Connection': 'keep-alive', 'X-Powered-By': 'Express', 'Access-Control-Allow-Origin': '*', 'Cache-Control': 'no-cache', 'ETag': 'W/"49c-iK0bkhsYanSKTWnTUFlKPUeadAE"', 'Vary': 'Accept-Encoding', 'Content-Encoding': 'gzip', 'CF-Cache-Status': 'DYNAMIC', 'Report-To': '{"endpoints":[{"url":"https:\\/\\/a.nel.cloudflare.com\\/report\\/v4?s=O95DK4e%2BfqvYrRqydsDZib6JeYjEbzaBYpXNZigm%2BoJSfOUAn72JUXZxQaq%2FGpLIUDYE51Oakyke5vkEC7UmvRwxi%2BAD3BkoPakhuAU5W1uxqntH5Jcl8Poj%2FRU2ANwD"}],"group":"cf-nel","max_age":604800}', 'NEL': '{"success_fraction":0,"report_to":"cf-nel","max_age":604800}', 'Server': 'cloudflare', 'CF-RAY': '875fc1f04e377c49-LAX', 'alt-svc': 'h3=":443"; ma=86400'} 
 body={"results":[{"gender":"female","name":{"title":"Ms","first":"Jana","last":"Schnitzer"},"location":{"street":{"number":1556,"name":"Drosselweg"},"city":"Waldsassen","state":"Bayern","country":"Germany","postcode":56102,"coordinates":{"latitude":"-51.9638","longitude":"62.4136"},"timezone":{"offset":"-4:00","description":"Atlantic Time (Canada), Caracas, La Paz"}},"email":"jana.schnitzer@example.com","login":{"uuid":"7ce423e1-8cac-4b47-803b-6e5bc71c8551","username":"silvergorilla891","password":"cleo","salt":"VOXUtBXb","md5":"3ef093331d8501b91cdf96872f5d89b9","sha1":"3eeea5daf59ef1467a4a85a7d664e956e705895c","sha256":"dcf472e59314b2d499b3ddc757133451d5a8714c7a8658b86793ad6aee3c24a1"},"dob":{"date":"1963-10-01T08:38:03.617Z","age":60},"registered":{"date":"2017-04-09T13:55:21.589Z","age":7},"phone":"0417-5330364","cell":"0172-5040411","id":{"name":"SVNR","value":"71 011063 S 796"},"picture":{"large":"https://randomuser.me/api/portraits/women/77.jpg","medium":"https://randomuser.me/api/portraits/med/women/77.jpg","thumbnail":"https://randomuser.me/api/portraits/thumb/women/77.jpg"},"nat":"DE"}],"info":{"seed":"fc3cac052bba47e3","results":1,"page":1,"version":"1.4"}} 
 </msg>
<msg time="2024-04-17T22:12:36.619889" level="INFO">/opt/hostedtoolcache/Python/3.12.3/x64/lib/python3.12/site-packages/urllib3/connectionpool.py:1103: InsecureRequestWarning: Unverified HTTPS request is being made to host 'randomuser.me'. Adding certificate verification is strongly advised. See: https://urllib3.readthedocs.io/en/latest/advanced-usage.html#tls-warnings
  warnings.warn(</msg>
<msg time="2024-04-17T22:12:36.620002" level="INFO">${response} = &lt;Response [200]&gt;</msg>
<var>${response}</var>
<arg>consultarAPI</arg>
<arg>/api</arg>
<doc>Sends a GET request on a previously created HTTP Session.</doc>
<status status="PASS" start="2024-04-17T22:12:36.520343" elapsed="0.099714"/>
</kw>
<kw name="Set Variable" owner="BuiltIn">
<msg time="2024-04-17T22:12:36.621150" level="INFO">${json_data} = {'results': [{'gender': 'female', 'name': {'title': 'Ms', 'first': 'Jana', 'last': 'Schnitzer'}, 'location': {'street': {'number': 1556, 'name': 'Drosselweg'}, 'city': 'Waldsassen', 'state': 'Bayern',...</msg>
<var>${json_data}</var>
<arg>${response.json()}</arg>
<doc>Returns the given values which can then be assigned to a variables.</doc>
<status status="PASS" start="2024-04-17T22:12:36.620586" elapsed="0.000592"/>
</kw>
<kw name="Log" owner="BuiltIn">
<msg time="2024-04-17T22:12:36.621632" level="INFO">{'results': [{'gender': 'female', 'name': {'title': 'Ms', 'first': 'Jana', 'last': 'Schnitzer'}, 'location': {'street': {'number': 1556, 'name': 'Drosselweg'}, 'city': 'Waldsassen', 'state': 'Bayern', 'country': 'Germany', 'postcode': 56102, 'coordinates': {'latitude': '-51.9638', 'longitude': '62.4136'}, 'timezone': {'offset': '-4:00', 'description': 'Atlantic Time (Canada), Caracas, La Paz'}}, 'email': 'jana.schnitzer@example.com', 'login': {'uuid': '7ce423e1-8cac-4b47-803b-6e5bc71c8551', 'username': 'silvergorilla891', 'password': 'cleo', 'salt': 'VOXUtBXb', 'md5': '3ef093331d8501b91cdf96872f5d89b9', 'sha1': '3eeea5daf59ef1467a4a85a7d664e956e705895c', 'sha256': 'dcf472e59314b2d499b3ddc757133451d5a8714c7a8658b86793ad6aee3c24a1'}, 'dob': {'date': '1963-10-01T08:38:03.617Z', 'age': 60}, 'registered': {'date': '2017-04-09T13:55:21.589Z', 'age': 7}, 'phone': '0417-5330364', 'cell': '0172-5040411', 'id': {'name': 'SVNR', 'value': '71 011063 S 796'}, 'picture': {'large': 'https://randomuser.me/api/portraits/women/77.jpg', 'medium': 'https://randomuser.me/api/portraits/med/women/77.jpg', 'thumbnail': 'https://randomuser.me/api/portraits/thumb/women/77.jpg'}, 'nat': 'DE'}], 'info': {'seed': 'fc3cac052bba47e3', 'results': 1, 'page': 1, 'version': '1.4'}}</msg>
<arg>${json_data}</arg>
<doc>Logs the given message with the given level.</doc>
<status status="PASS" start="2024-04-17T22:12:36.621481" elapsed="0.000229"/>
</kw>
<kw name="Should Be String" owner="String">
<arg>${json_data['results'][0]['gender']}</arg>
<doc>Fails if the given ``item`` is not a string.</doc>
<status status="PASS" start="2024-04-17T22:12:36.622005" elapsed="0.000352"/>
</kw>
<kw name="Should Match Regexp" owner="BuiltIn">
<arg>${json_data['results'][0]['email']}</arg>
<arg>^[a-zA-Z0-9._%+-]+@[a-zA-Z0-9.-]+\.[a-zA-Z]{2,}$</arg>
<doc>Fails if ``string`` does not match ``pattern`` as a regular expression.</doc>
<status status="PASS" start="2024-04-17T22:12:36.622546" elapsed="0.000510"/>
</kw>
<kw name="Should Match Regexp" owner="BuiltIn">
<arg>${json_data['results'][0]['dob']['date']}</arg>
<arg>\\d{4}-\\d{2}-\\d{2}T\\d{2}:\\d{2}:\\d{2}\\.\\d{3}Z</arg>
<doc>Fails if ``string`` does not match ``pattern`` as a regular expression.</doc>
<status status="PASS" start="2024-04-17T22:12:36.623250" elapsed="0.000479"/>
</kw>
<kw name="Should Match Regexp" owner="BuiltIn">
<arg>${json_data['results'][0]['registered']['date']}</arg>
<arg>\\d{4}-\\d{2}-\\d{2}T\\d{2}:\\d{2}:\\d{2}\\.\\d{3}Z</arg>
<doc>Fails if ``string`` does not match ``pattern`` as a regular expression.</doc>
<status status="PASS" start="2024-04-17T22:12:36.623918" elapsed="0.000372"/>
</kw>
<kw name="Should Match Regexp" owner="BuiltIn">
<arg>${json_data['results'][0]['picture']['large']}</arg>
<arg>^https?://.*\.(?:png|jpe?g|gif|bmp)$</arg>
<doc>Fails if ``string`` does not match ``pattern`` as a regular expression.</doc>
<status status="PASS" start="2024-04-17T22:12:36.624529" elapsed="0.000461"/>
</kw>
<kw name="Should Match Regexp" owner="BuiltIn">
<arg>${json_data['results'][0]['picture']['medium']}</arg>
<arg>^https?://.*\.(?:png|jpe?g|gif|bmp)$</arg>
<doc>Fails if ``string`` does not match ``pattern`` as a regular expression.</doc>
<status status="PASS" start="2024-04-17T22:12:36.625178" elapsed="0.000359"/>
</kw>
<kw name="Should Match Regexp" owner="BuiltIn">
<arg>${json_data['results'][0]['picture']['thumbnail']}</arg>
<arg>^https?://.*\.(?:png|jpe?g|gif|bmp)$</arg>
<doc>Fails if ``string`` does not match ``pattern`` as a regular expression.</doc>
<status status="PASS" start="2024-04-17T22:12:36.625725" elapsed="0.000347"/>
</kw>
<kw name="Log" owner="BuiltIn">
<msg time="2024-04-17T22:12:36.626570" level="INFO">{'large': 'https://randomuser.me/api/portraits/women/77.jpg', 'medium': 'https://randomuser.me/api/portraits/med/women/77.jpg', 'thumbnail': 'https://randomuser.me/api/portraits/thumb/women/77.jpg'}</msg>
<arg>${json_data['results'][0]['picture']}</arg>
<doc>Logs the given message with the given level.</doc>
<status status="PASS" start="2024-04-17T22:12:36.626249" elapsed="0.000360"/>
</kw>
<status status="PASS" start="2024-04-17T22:12:36.520092" elapsed="0.106784"/>
</kw>
<kw name="Teste de Tipos de Dados - Postcode" owner="random-user-service">
<kw name="GET On Session" owner="RequestsLibrary">
<msg time="2024-04-17T22:12:36.728346" level="INFO">GET Request : url=https://randomuser.me/api 
 path_url=/api 
 headers={'User-Agent': 'python-requests/2.31.0', 'Accept-Encoding': 'gzip, deflate', 'Accept': '*/*', 'Connection': 'keep-alive'} 
 body=None 
 </msg>
<msg time="2024-04-17T22:12:36.728453" level="INFO">GET Response : url=https://randomuser.me/api 
 status=200, reason=OK 
 headers={'Date': 'Wed, 17 Apr 2024 22:12:36 GMT', 'Content-Type': 'application/json; charset=utf-8', 'Transfer-Encoding': 'chunked', 'Connection': 'keep-alive', 'X-Powered-By': 'Express', 'Access-Control-Allow-Origin': '*', 'Cache-Control': 'no-cache', 'ETag': 'W/"4a0-MaKYU2PxSs0IbY7ZNgl/pWl6SBA"', 'Vary': 'Accept-Encoding', 'Content-Encoding': 'gzip', 'CF-Cache-Status': 'DYNAMIC', 'Report-To': '{"endpoints":[{"url":"https:\\/\\/a.nel.cloudflare.com\\/report\\/v4?s=GO%2B%2B7aOqSKqeL7bgclw97MziKumMBomdBYE9U%2Bctxhc1g6r0zUA%2B9UdUAv4vS7kLZokB1%2F5aEBPY4h0S1Tw71AWGEoTTTKSdnyJcla3%2BhqC04cuPPCvmRBW3yA%2B2BW2%2F"}],"group":"cf-nel","max_age":604800}', 'NEL': '{"success_fraction":0,"report_to":"cf-nel","max_age":604800}', 'Server': 'cloudflare', 'CF-RAY': '875fc1f0ff577c49-LAX', 'alt-svc': 'h3=":443"; ma=86400'} 
 body={"results":[{"gender":"female","name":{"title":"Mrs","first":"Marion","last":"Graves"},"location":{"street":{"number":3813,"name":"Parker Rd"},"city":"Kalgoorlie","state":"Australian Capital Territory","country":"Australia","postcode":3256,"coordinates":{"latitude":"-88.8581","longitude":"176.7208"},"timezone":{"offset":"-3:00","description":"Brazil, Buenos Aires, Georgetown"}},"email":"marion.graves@example.com","login":{"uuid":"a5956971-991a-4c8b-a3ab-363cc190982e","username":"sadduck442","password":"oracle","salt":"JeOVITNp","md5":"484d0a54c805ae8ba8a41dccb3854eaa","sha1":"5fb6d675abf8773b7f7c2bfb7c002d499b2d9252","sha256":"51f806763ef85c25180739b790e7d90807a922c9bf00c17cb7523bab169f29c5"},"dob":{"date":"1956-01-27T04:45:19.721Z","age":68},"registered":{"date":"2017-06-29T09:11:50.220Z","age":6},"phone":"00-5065-1933","cell":"0494-205-653","id":{"name":"TFN","value":"217566721"},"picture":{"large":"https://randomuser.me/api/portraits/women/73.jpg","medium":"https://randomuser.me/api/portraits/med/women/73.jpg","thumbnail":"https://randomuser.me/api/portraits/thumb/women/73.jpg"},"nat":"AU"}],"info":{"seed":"04af920ad24872eb","results":1,"page":1,"version":"1.4"}} 
 </msg>
<msg time="2024-04-17T22:12:36.728550" level="INFO">/opt/hostedtoolcache/Python/3.12.3/x64/lib/python3.12/site-packages/urllib3/connectionpool.py:1103: InsecureRequestWarning: Unverified HTTPS request is being made to host 'randomuser.me'. Adding certificate verification is strongly advised. See: https://urllib3.readthedocs.io/en/latest/advanced-usage.html#tls-warnings
  warnings.warn(</msg>
<msg time="2024-04-17T22:12:36.728695" level="INFO">${response} = &lt;Response [200]&gt;</msg>
<var>${response}</var>
<arg>consultarAPI</arg>
<arg>/api</arg>
<doc>Sends a GET request on a previously created HTTP Session.</doc>
<status status="PASS" start="2024-04-17T22:12:36.627303" elapsed="0.101436"/>
</kw>
<kw name="Set Variable" owner="BuiltIn">
<msg time="2024-04-17T22:12:36.729977" level="INFO">${json_data} = {'results': [{'gender': 'female', 'name': {'title': 'Mrs', 'first': 'Marion', 'last': 'Graves'}, 'location': {'street': {'number': 3813, 'name': 'Parker Rd'}, 'city': 'Kalgoorlie', 'state': 'Australia...</msg>
<var>${json_data}</var>
<arg>${response.json()}</arg>
<doc>Returns the given values which can then be assigned to a variables.</doc>
<status status="PASS" start="2024-04-17T22:12:36.729240" elapsed="0.000783"/>
</kw>
<kw name="Log" owner="BuiltIn">
<msg time="2024-04-17T22:12:36.730749" level="INFO">{'results': [{'gender': 'female', 'name': {'title': 'Mrs', 'first': 'Marion', 'last': 'Graves'}, 'location': {'street': {'number': 3813, 'name': 'Parker Rd'}, 'city': 'Kalgoorlie', 'state': 'Australian Capital Territory', 'country': 'Australia', 'postcode': 3256, 'coordinates': {'latitude': '-88.8581', 'longitude': '176.7208'}, 'timezone': {'offset': '-3:00', 'description': 'Brazil, Buenos Aires, Georgetown'}}, 'email': 'marion.graves@example.com', 'login': {'uuid': 'a5956971-991a-4c8b-a3ab-363cc190982e', 'username': 'sadduck442', 'password': 'oracle', 'salt': 'JeOVITNp', 'md5': '484d0a54c805ae8ba8a41dccb3854eaa', 'sha1': '5fb6d675abf8773b7f7c2bfb7c002d499b2d9252', 'sha256': '51f806763ef85c25180739b790e7d90807a922c9bf00c17cb7523bab169f29c5'}, 'dob': {'date': '1956-01-27T04:45:19.721Z', 'age': 68}, 'registered': {'date': '2017-06-29T09:11:50.220Z', 'age': 6}, 'phone': '00-5065-1933', 'cell': '0494-205-653', 'id': {'name': 'TFN', 'value': '217566721'}, 'picture': {'large': 'https://randomuser.me/api/portraits/women/73.jpg', 'medium': 'https://randomuser.me/api/portraits/med/women/73.jpg', 'thumbnail': 'https://randomuser.me/api/portraits/thumb/women/73.jpg'}, 'nat': 'AU'}], 'info': {'seed': '04af920ad24872eb', 'results': 1, 'page': 1, 'version': '1.4'}}</msg>
<arg>${json_data}</arg>
<doc>Logs the given message with the given level.</doc>
<status status="PASS" start="2024-04-17T22:12:36.730507" elapsed="0.000373"/>
</kw>
<kw name="Should Be Equal As Numbers" owner="BuiltIn">
<arg>${json_data['results'][0]['location']['postcode']}</arg>
<arg>${json_data['results'][0]['location']['postcode']}</arg>
<doc>Fails if objects are unequal after converting them to real numbers.</doc>
<status status="PASS" start="2024-04-17T22:12:36.731548" elapsed="0.001077"/>
</kw>
<kw name="Log" owner="BuiltIn">
<msg time="2024-04-17T22:12:36.733550" level="INFO">3256</msg>
<arg>${json_data['results'][0]['location']['postcode']}</arg>
<doc>Logs the given message with the given level.</doc>
<status status="PASS" start="2024-04-17T22:12:36.732956" elapsed="0.000658"/>
</kw>
<status status="PASS" start="2024-04-17T22:12:36.627082" elapsed="0.106912"/>
</kw>
<doc>Testa se os tipos de dados na resposta da API estão corretos.</doc>
<tag>testeTiposDados</tag>
<status status="PASS" start="2024-04-17T22:12:36.519669" elapsed="0.214610"/>
</test>
<test id="s1-s1-t5" name="Validar conteudo" line="35">
<kw name="Teste de Tipos de Conteudo" owner="random-user-service">
<kw name="GET On Session" owner="RequestsLibrary">
<msg time="2024-04-17T22:12:36.839317" level="INFO">GET Request : url=https://randomuser.me/api 
 path_url=/api 
 headers={'User-Agent': 'python-requests/2.31.0', 'Accept-Encoding': 'gzip, deflate', 'Accept': '*/*', 'Connection': 'keep-alive'} 
 body=None 
 </msg>
<msg time="2024-04-17T22:12:36.839402" level="INFO">GET Response : url=https://randomuser.me/api 
 status=200, reason=OK 
 headers={'Date': 'Wed, 17 Apr 2024 22:12:36 GMT', 'Content-Type': 'application/json; charset=utf-8', 'Transfer-Encoding': 'chunked', 'Connection': 'keep-alive', 'X-Powered-By': 'Express', 'Access-Control-Allow-Origin': '*', 'Cache-Control': 'no-cache', 'ETag': 'W/"47e-d77bLRzVyc2rlo2MsTajmjIZW7M"', 'Vary': 'Accept-Encoding', 'Content-Encoding': 'gzip', 'CF-Cache-Status': 'DYNAMIC', 'Report-To': '{"endpoints":[{"url":"https:\\/\\/a.nel.cloudflare.com\\/report\\/v4?s=pKOeDc3k4XilVrhKJ%2Fj2FBxqyzOqLUs5pdWxcT57rk7bETmCfzw3ud6uy5zPhfGzd2pDJGpERDfKIBXV5SwfLZBDhw72l0g52XGQvpWLLknMfFDOm1HpUh4o6YxWOA98"}],"group":"cf-nel","max_age":604800}', 'NEL': '{"success_fraction":0,"report_to":"cf-nel","max_age":604800}', 'Server': 'cloudflare', 'CF-RAY': '875fc1f1a91d7c49-LAX', 'alt-svc': 'h3=":443"; ma=86400'} 
 body={"results":[{"gender":"male","name":{"title":"Mr","first":"Darren","last":"Lynch"},"location":{"street":{"number":1168,"name":"Hogan St"},"city":"Melbourne","state":"Victoria","country":"Australia","postcode":6469,"coordinates":{"latitude":"-88.4218","longitude":"-178.8275"},"timezone":{"offset":"+7:00","description":"Bangkok, Hanoi, Jakarta"}},"email":"darren.lynch@example.com","login":{"uuid":"38d169d3-e027-450d-850b-cd8de26511cc","username":"angryostrich787","password":"electra","salt":"6aiBwdZV","md5":"7e047102df3620c379351c1110c7ecd4","sha1":"8ef53ed445f8e1ed91d07885e58f541de348ed84","sha256":"cd495481498f53c766d815f2af1f136aab19e197562539713ed4e457d475820c"},"dob":{"date":"1991-10-30T20:57:17.128Z","age":32},"registered":{"date":"2013-01-21T12:37:28.659Z","age":11},"phone":"09-1430-1774","cell":"0472-076-569","id":{"name":"TFN","value":"174604815"},"picture":{"large":"https://randomuser.me/api/portraits/men/82.jpg","medium":"https://randomuser.me/api/portraits/med/men/82.jpg","thumbnail":"https://randomuser.me/api/portraits/thumb/men/82.jpg"},"nat":"AU"}],"info":{"seed":"16cba9ffe5c02e3a","results":1,"page":1,"version":"1.4"}} 
 </msg>
<msg time="2024-04-17T22:12:36.839475" level="INFO">/opt/hostedtoolcache/Python/3.12.3/x64/lib/python3.12/site-packages/urllib3/connectionpool.py:1103: InsecureRequestWarning: Unverified HTTPS request is being made to host 'randomuser.me'. Adding certificate verification is strongly advised. See: https://urllib3.readthedocs.io/en/latest/advanced-usage.html#tls-warnings
  warnings.warn(</msg>
<msg time="2024-04-17T22:12:36.839595" level="INFO">${response} = &lt;Response [200]&gt;</msg>
<var>${response}</var>
<arg>consultarAPI</arg>
<arg>/api</arg>
<doc>Sends a GET request on a previously created HTTP Session.</doc>
<status status="PASS" start="2024-04-17T22:12:36.738428" elapsed="0.101215"/>
</kw>
<kw name="Set Variable" owner="BuiltIn">
<msg time="2024-04-17T22:12:36.840517" level="INFO">${json_data} = {'results': [{'gender': 'male', 'name': {'title': 'Mr', 'first': 'Darren', 'last': 'Lynch'}, 'location': {'street': {'number': 1168, 'name': 'Hogan St'}, 'city': 'Melbourne', 'state': 'Victoria', 'cou...</msg>
<var>${json_data}</var>
<arg>${response.json()}</arg>
<doc>Returns the given values which can then be assigned to a variables.</doc>
<status status="PASS" start="2024-04-17T22:12:36.840035" elapsed="0.000511"/>
</kw>
<kw name="Set Variable" owner="BuiltIn">
<msg time="2024-04-17T22:12:36.841258" level="INFO">${name_title} = Mr</msg>
<var>${name_title}</var>
<arg>${json_data["results"][0]["name"]["title"]}</arg>
<doc>Returns the given values which can then be assigned to a variables.</doc>
<status status="PASS" start="2024-04-17T22:12:36.840864" elapsed="0.000421"/>
</kw>
<kw name="Create List" owner="BuiltIn">
<msg time="2024-04-17T22:12:36.841740" level="INFO">${allowed_titles} = ['Mr', 'Ms', 'Miss', 'Mrs', 'Madame', 'Monsieur']</msg>
<var>${allowed_titles}</var>
<arg>Mr</arg>
<arg>Ms</arg>
<arg>Miss</arg>
<arg>Mrs</arg>
<arg>Madame</arg>
<arg>Monsieur</arg>
<doc>Returns a list containing given items.</doc>
<status status="PASS" start="2024-04-17T22:12:36.841590" elapsed="0.000175"/>
</kw>
<kw name="List Should Contain Value" owner="Collections">
<msg time="2024-04-17T22:12:36.842235" level="INFO">False</msg>
<arg>${allowed_titles}</arg>
<arg>${name_title}</arg>
<doc>Fails if the ``value`` is not found from ``list``.</doc>
<status status="PASS" start="2024-04-17T22:12:36.842067" elapsed="0.000205"/>
</kw>
<kw name="Set Variable" owner="BuiltIn">
<msg time="2024-04-17T22:12:36.842955" level="INFO">${name_country} = AU</msg>
<var>${name_country}</var>
<arg>${json_data["results"][0]["nat"]}</arg>
<doc>Returns the given values which can then be assigned to a variables.</doc>
<status status="PASS" start="2024-04-17T22:12:36.842564" elapsed="0.000416"/>
</kw>
<kw name="Create List" owner="BuiltIn">
<msg time="2024-04-17T22:12:36.843872" level="INFO">${list_country} = ['AD', 'AE', 'AF', 'AG', 'AI', 'AL', 'AM', 'AO', 'AQ', 'AR', 'AS', 'AT', 'AU', 'AW', 'AX', 'AZ', 'BA', 'BB', 'BD', 'BE', 'BF', 'BG', 'BH', 'BI', 'BJ', 'BL', 'BM', 'BN', 'BO', 'BQ', 'BR', 'BS', 'BT', '...</msg>
<var>${list_country}</var>
<arg>AD</arg>
<arg>AE</arg>
<arg>AF</arg>
<arg>AG</arg>
<arg>AI</arg>
<arg>AL</arg>
<arg>AM</arg>
<arg>AO</arg>
<arg>AQ</arg>
<arg>AR</arg>
<arg>AS</arg>
<arg>AT</arg>
<arg>AU</arg>
<arg>AW</arg>
<arg>AX</arg>
<arg>AZ</arg>
<arg>BA</arg>
<arg>BB</arg>
<arg>BD</arg>
<arg>BE</arg>
<arg>BF</arg>
<arg>BG</arg>
<arg>BH</arg>
<arg>BI</arg>
<arg>BJ</arg>
<arg>BL</arg>
<arg>BM</arg>
<arg>BN</arg>
<arg>BO</arg>
<arg>BQ</arg>
<arg>BR</arg>
<arg>BS</arg>
<arg>BT</arg>
<arg>BV</arg>
<arg>BW</arg>
<arg>BY</arg>
<arg>BZ</arg>
<arg>CA</arg>
<arg>CC</arg>
<arg>CD</arg>
<arg>CF</arg>
<arg>CG</arg>
<arg>CH</arg>
<arg>CI</arg>
<arg>CK</arg>
<arg>CL</arg>
<arg>CM</arg>
<arg>CN</arg>
<arg>CO</arg>
<arg>CR</arg>
<arg>CU</arg>
<arg>CV</arg>
<arg>CW</arg>
<arg>CX</arg>
<arg>CY</arg>
<arg>CZ</arg>
<arg>DE</arg>
<arg>DJ</arg>
<arg>DK</arg>
<arg>DM</arg>
<arg>DO</arg>
<arg>DZ</arg>
<arg>EC</arg>
<arg>EE</arg>
<arg>EG</arg>
<arg>EH</arg>
<arg>ER</arg>
<arg>ES</arg>
<arg>ET</arg>
<arg>FI</arg>
<arg>FJ</arg>
<arg>FK</arg>
<arg>FM</arg>
<arg>FO</arg>
<arg>FR</arg>
<arg>GA</arg>
<arg>GB</arg>
<arg>GD</arg>
<arg>GE</arg>
<arg>GF</arg>
<arg>GG</arg>
<arg>GH</arg>
<arg>GI</arg>
<arg>GL</arg>
<arg>GM</arg>
<arg>GN</arg>
<arg>GP</arg>
<arg>GQ</arg>
<arg>GR</arg>
<arg>GS</arg>
<arg>GT</arg>
<arg>GU</arg>
<arg>GW</arg>
<arg>GY</arg>
<arg>HK</arg>
<arg>HM</arg>
<arg>HN</arg>
<arg>HR</arg>
<arg>HT</arg>
<arg>HU</arg>
<arg>ID</arg>
<arg>IE</arg>
<arg>IL</arg>
<arg>IM</arg>
<arg>IN</arg>
<arg>IO</arg>
<arg>IQ</arg>
<arg>IR</arg>
<arg>IS</arg>
<arg>IT</arg>
<arg>JE</arg>
<arg>JM</arg>
<arg>JO</arg>
<arg>JP</arg>
<arg>KE</arg>
<arg>KG</arg>
<arg>KH</arg>
<arg>KI</arg>
<arg>KM</arg>
<arg>KN</arg>
<arg>KP</arg>
<arg>KR</arg>
<arg>KW</arg>
<arg>KY</arg>
<arg>KZ</arg>
<arg>LA</arg>
<arg>LB</arg>
<arg>LC</arg>
<arg>LI</arg>
<arg>LK</arg>
<arg>LR</arg>
<arg>LS</arg>
<arg>LT</arg>
<arg>LU</arg>
<arg>LV</arg>
<arg>LY</arg>
<arg>MA</arg>
<arg>MC</arg>
<arg>MD</arg>
<arg>ME</arg>
<arg>MF</arg>
<arg>MG</arg>
<arg>MH</arg>
<arg>MK</arg>
<arg>ML</arg>
<arg>MM</arg>
<arg>MN</arg>
<arg>MO</arg>
<arg>MP</arg>
<arg>MQ</arg>
<arg>MR</arg>
<arg>MS</arg>
<arg>MT</arg>
<arg>MU</arg>
<arg>MV</arg>
<arg>MW</arg>
<arg>MX</arg>
<arg>MY</arg>
<arg>MZ</arg>
<arg>NA</arg>
<arg>NC</arg>
<arg>NE</arg>
<arg>NF</arg>
<arg>NG</arg>
<arg>NI</arg>
<arg>NL</arg>
<arg>NO</arg>
<arg>NP</arg>
<arg>NR</arg>
<arg>NU</arg>
<arg>NZ</arg>
<arg>OM</arg>
<arg>PA</arg>
<arg>PE</arg>
<arg>PF</arg>
<arg>PG</arg>
<arg>PH</arg>
<arg>PK</arg>
<arg>PL</arg>
<arg>PM</arg>
<arg>PN</arg>
<arg>PR</arg>
<arg>PS</arg>
<arg>PT</arg>
<arg>PW</arg>
<arg>PY</arg>
<arg>QA</arg>
<arg>RE</arg>
<arg>RO</arg>
<arg>RS</arg>
<arg>RU</arg>
<arg>RW</arg>
<arg>SA</arg>
<arg>SB</arg>
<arg>SC</arg>
<arg>SD</arg>
<arg>SE</arg>
<arg>SG</arg>
<arg>SH</arg>
<arg>SI</arg>
<arg>SJ</arg>
<arg>SK</arg>
<arg>SL</arg>
<arg>SM</arg>
<arg>SN</arg>
<arg>SO</arg>
<arg>SR</arg>
<arg>SS</arg>
<arg>ST</arg>
<arg>SV</arg>
<arg>SX</arg>
<arg>SY</arg>
<arg>SZ</arg>
<arg>TC</arg>
<arg>TD</arg>
<arg>TF</arg>
<arg>TG</arg>
<arg>TH</arg>
<arg>TJ</arg>
<arg>TK</arg>
<arg>TL</arg>
<arg>TM</arg>
<arg>TN</arg>
<arg>TO</arg>
<arg>TR</arg>
<arg>TT</arg>
<arg>TV</arg>
<arg>TW</arg>
<arg>TZ</arg>
<arg>UA</arg>
<arg>UG</arg>
<arg>UM</arg>
<arg>US</arg>
<arg>UY</arg>
<arg>UZ</arg>
<arg>VA</arg>
<arg>VC</arg>
<arg>VE</arg>
<arg>VG</arg>
<arg>VI</arg>
<arg>VN</arg>
<arg>VU</arg>
<arg>WF</arg>
<arg>WS</arg>
<arg>XK</arg>
<arg>YE</arg>
<arg>YT</arg>
<arg>ZA</arg>
<arg>ZM</arg>
<arg>ZW</arg>
<doc>Returns a list containing given items.</doc>
<status status="PASS" start="2024-04-17T22:12:36.843283" elapsed="0.000614"/>
</kw>
<kw name="List Should Contain Value" owner="Collections">
<msg time="2024-04-17T22:12:36.844906" level="INFO">False</msg>
<arg>${list_country}</arg>
<arg>${name_country}</arg>
<doc>Fails if the ``value`` is not found from ``list``.</doc>
<status status="PASS" start="2024-04-17T22:12:36.844706" elapsed="0.000237"/>
</kw>
<kw name="Run Keyword If" owner="BuiltIn">
<kw name="Should Be True" owner="BuiltIn">
<arg>${True}</arg>
<doc>Fails if the given condition is not true.</doc>
<status status="PASS" start="2024-04-17T22:12:36.846023" elapsed="0.000243"/>
</kw>
<arg>${json_data["results"][0]["location"]["coordinates"]["latitude"]} &gt;= -90 and ${json_data["results"][0]["location"]["coordinates"]["latitude"]} &lt;= 90</arg>
<arg>Should Be True</arg>
<arg>${True}</arg>
<doc>Runs the given keyword with the given arguments, if ``condition`` is true.</doc>
<status status="PASS" start="2024-04-17T22:12:36.845259" elapsed="0.001141"/>
</kw>
<kw name="Run Keyword If" owner="BuiltIn">
<kw name="Should Be True" owner="BuiltIn">
<arg>${True}</arg>
<doc>Fails if the given condition is not true.</doc>
<status status="PASS" start="2024-04-17T22:12:36.847303" elapsed="0.000139"/>
</kw>
<arg>${json_data["results"][0]["location"]["coordinates"]["longitude"]} &gt;= -180 and ${json_data["results"][0]["location"]["coordinates"]["longitude"]} &lt;= 180</arg>
<arg>Should Be True</arg>
<arg>${True}</arg>
<doc>Runs the given keyword with the given arguments, if ``condition`` is true.</doc>
<status status="PASS" start="2024-04-17T22:12:36.846594" elapsed="0.000975"/>
</kw>
<status status="PASS" start="2024-04-17T22:12:36.738057" elapsed="0.109641"/>
</kw>
<doc>Testa o conteúdo específico dos campos retornados pela API.</doc>
<tag>testeConteudo</tag>
<status status="PASS" start="2024-04-17T22:12:36.737394" elapsed="0.110447"/>
</test>
<status status="PASS" start="2024-04-17T22:12:35.922054" elapsed="0.927704"/>
</suite>
<status status="PASS" start="2024-04-17T22:12:35.908558" elapsed="0.946240"/>
</suite>
<statistics>
<total>
<stat pass="5" fail="0" skip="0">All Tests</stat>
</total>
<tag>
<stat pass="1" fail="0" skip="0">testeConteudo</stat>
<stat pass="1" fail="0" skip="0">testeEstruturaResposta</stat>
<stat pass="1" fail="0" skip="0">testeRequisicaoBasica</stat>
<stat pass="1" fail="0" skip="0">testeTiposDados</stat>
</tag>
<suite>
<stat pass="5" fail="0" skip="0" id="s1" name="Tests">Tests</stat>
<stat pass="5" fail="0" skip="0" id="s1-s1" name="Random-User-Test">Tests.Random-User-Test</stat>
</suite>
</statistics>
<errors>
</errors>
</robot>
