<?xml version="1.0" encoding="UTF-8"?>
<robot generator="Robot 7.0 (Python 3.12.2 on linux)" generated="2024-04-15T17:11:42.012638" rpa="false" schemaversion="5">
<suite id="s1" name="Tests" source="/home/runner/work/DesafioQAItauRogerioJordao/DesafioQAItauRogerioJordao/RamdonUser/tests">
<suite id="s1-s1" name="Random-User-Test" source="/home/runner/work/DesafioQAItauRogerioJordao/DesafioQAItauRogerioJordao/RamdonUser/tests/random-user-test.robot">
<test id="s1-s1-t1" name="Conectar" line="13">
<kw name="Conectar API" owner="random-user-service">
<kw name="Create Session" owner="RequestsLibrary">
<msg time="2024-04-15T17:11:42.376822" level="INFO">Creating Session using : alias=consultarAPI, url=https://randomuser.me/, headers={},                     cookies={}, auth=None, timeout=None, proxies=None, verify=False,                     debug=0 </msg>
<arg>consultarAPI</arg>
<arg>${URL}</arg>
<doc>Create Session: create a HTTP session to a server</doc>
<status status="PASS" start="2024-04-15T17:11:42.376611" elapsed="0.000399"/>
</kw>
<status status="PASS" start="2024-04-15T17:11:42.375604" elapsed="0.001776"/>
</kw>
<status status="PASS" start="2024-04-15T17:11:42.375060" elapsed="0.002538"/>
</test>
<test id="s1-s1-t2" name="Validar retorno 200 e JSON Válido" line="16">
<kw name="Teste de Requisicao Basica" owner="random-user-service">
<kw name="GET On Session" owner="RequestsLibrary">
<msg time="2024-04-15T17:11:42.448182" level="INFO">GET Request : url=https://randomuser.me/api 
 path_url=/api 
 headers={'User-Agent': 'python-requests/2.31.0', 'Accept-Encoding': 'gzip, deflate', 'Accept': '*/*', 'Connection': 'keep-alive'} 
 body=None 
 </msg>
<msg time="2024-04-15T17:11:42.448318" level="INFO">GET Response : url=https://randomuser.me/api 
 status=200, reason=OK 
 headers={'Date': 'Mon, 15 Apr 2024 17:11:42 GMT', 'Content-Type': 'application/json; charset=utf-8', 'Transfer-Encoding': 'chunked', 'Connection': 'keep-alive', 'X-Powered-By': 'Express', 'Access-Control-Allow-Origin': '*', 'Cache-Control': 'no-cache', 'ETag': 'W/"493-ep65nYIqWdwc3d+Z7W8hkLLXvs8"', 'Vary': 'Accept-Encoding', 'Content-Encoding': 'gzip', 'CF-Cache-Status': 'DYNAMIC', 'Report-To': '{"endpoints":[{"url":"https:\\/\\/a.nel.cloudflare.com\\/report\\/v4?s=E7gReRZk7oKMeAXQqFZvI%2FVg334oFtSfIW%2BySz86uC%2FZW24Qh7tfQR4eKxw%2FhR07B8HyqXOy0aQNX0DErN%2BGNe2yzFqkPAYMAwU5UsHmXAWLdcZULAe3Odmm2kf5dilP"}],"group":"cf-nel","max_age":604800}', 'NEL': '{"success_fraction":0,"report_to":"cf-nel","max_age":604800}', 'Server': 'cloudflare', 'CF-RAY': '874d8e6a1b3382b4-IAD', 'alt-svc': 'h3=":443"; ma=86400'} 
 body={"results":[{"gender":"male","name":{"title":"Mr","first":"Flavio","last":"Uzun"},"location":{"street":{"number":3991,"name":"Boerhaaveplein"},"city":"Oostrum Lb","state":"Utrecht","country":"Netherlands","postcode":"6935 US","coordinates":{"latitude":"31.0287","longitude":"-113.7244"},"timezone":{"offset":"+3:00","description":"Baghdad, Riyadh, Moscow, St. Petersburg"}},"email":"flavio.uzun@example.com","login":{"uuid":"4b862ade-9ebe-4229-ba14-7b7d0b70028a","username":"bigfish498","password":"oberon","salt":"K7R5ijJ9","md5":"6baed2cfba6428c0356d9b70e8754c1a","sha1":"bdcc2bd995d9249b0d83c59cc2ddaa9212c69667","sha256":"0d61733256def424da90caf8510840340c38bf729c3a533b3cdf0513fdc6836c"},"dob":{"date":"1984-11-30T20:29:35.360Z","age":39},"registered":{"date":"2011-10-12T00:31:07.481Z","age":12},"phone":"(0060) 462625","cell":"(06) 14485900","id":{"name":"BSN","value":"10068082"},"picture":{"large":"https://randomuser.me/api/portraits/men/84.jpg","medium":"https://randomuser.me/api/portraits/med/men/84.jpg","thumbnail":"https://randomuser.me/api/portraits/thumb/men/84.jpg"},"nat":"NL"}],"info":{"seed":"a1733419d4a4911f","results":1,"page":1,"version":"1.4"}} 
 </msg>
<msg time="2024-04-15T17:11:42.448397" level="INFO">/opt/hostedtoolcache/Python/3.12.2/x64/lib/python3.12/site-packages/urllib3/connectionpool.py:1103: InsecureRequestWarning: Unverified HTTPS request is being made to host 'randomuser.me'. Adding certificate verification is strongly advised. See: https://urllib3.readthedocs.io/en/latest/advanced-usage.html#tls-warnings
  warnings.warn(</msg>
<msg time="2024-04-15T17:11:42.448539" level="INFO">${response} = &lt;Response [200]&gt;</msg>
<var>${response}</var>
<arg>consultarAPI</arg>
<arg>/api</arg>
<doc>Sends a GET request on a previously created HTTP Session.</doc>
<status status="PASS" start="2024-04-15T17:11:42.380198" elapsed="0.068383"/>
</kw>
<kw name="Should Be Equal As Numbers" owner="BuiltIn">
<msg time="2024-04-15T17:11:42.449474" level="INFO">Argument types are:
&lt;class 'int'&gt;
&lt;class 'str'&gt;</msg>
<arg>${response.status_code}</arg>
<arg>200</arg>
<doc>Fails if objects are unequal after converting them to real numbers.</doc>
<status status="PASS" start="2024-04-15T17:11:42.449029" elapsed="0.000511"/>
</kw>
<kw name="Log" owner="BuiltIn">
<msg time="2024-04-15T17:11:42.450230" level="INFO">200</msg>
<arg>${response.status_code}</arg>
<doc>Logs the given message with the given level.</doc>
<status status="PASS" start="2024-04-15T17:11:42.449868" elapsed="0.000406"/>
</kw>
<kw name="Set Variable" owner="BuiltIn">
<msg time="2024-04-15T17:11:42.451058" level="INFO">${json_data} = {'results': [{'gender': 'male', 'name': {'title': 'Mr', 'first': 'Flavio', 'last': 'Uzun'}, 'location': {'street': {'number': 3991, 'name': 'Boerhaaveplein'}, 'city': 'Oostrum Lb', 'state': 'Utrecht',...</msg>
<var>${json_data}</var>
<arg>${response.json()}</arg>
<doc>Returns the given values which can then be assigned to a variables.</doc>
<status status="PASS" start="2024-04-15T17:11:42.450601" elapsed="0.000486"/>
</kw>
<kw name="Dictionary Should Contain Key" owner="Collections">
<msg time="2024-04-15T17:11:42.451573" level="INFO">False</msg>
<arg>${json_data}</arg>
<arg>results</arg>
<doc>Fails if ``key`` is not found from ``dictionary``.</doc>
<status status="PASS" start="2024-04-15T17:11:42.451400" elapsed="0.000214"/>
</kw>
<status status="PASS" start="2024-04-15T17:11:42.379920" elapsed="0.071983"/>
</kw>
<doc>Testa se a API responde corretamente e retorna um objeto JSON válido.</doc>
<tag>testeRequisicaoBasica</tag>
<status status="PASS" start="2024-04-15T17:11:42.379440" elapsed="0.072650"/>
</test>
<test id="s1-s1-t3" name="Validar estrutura de resposta" line="22">
<kw name="Teste de Estrutura de Resposta" owner="random-user-service">
<kw name="GET On Session" owner="RequestsLibrary">
<msg time="2024-04-15T17:11:42.557432" level="INFO">GET Request : url=https://randomuser.me/api 
 path_url=/api 
 headers={'User-Agent': 'python-requests/2.31.0', 'Accept-Encoding': 'gzip, deflate', 'Accept': '*/*', 'Connection': 'keep-alive'} 
 body=None 
 </msg>
<msg time="2024-04-15T17:11:42.557520" level="INFO">GET Response : url=https://randomuser.me/api 
 status=200, reason=OK 
 headers={'Date': 'Mon, 15 Apr 2024 17:11:42 GMT', 'Content-Type': 'application/json; charset=utf-8', 'Transfer-Encoding': 'chunked', 'Connection': 'keep-alive', 'X-Powered-By': 'Express', 'Access-Control-Allow-Origin': '*', 'Cache-Control': 'no-cache', 'ETag': 'W/"4a3-9zwXabp/MG9U4bcXoId6M1XtrNY"', 'Vary': 'Accept-Encoding', 'Content-Encoding': 'gzip', 'CF-Cache-Status': 'DYNAMIC', 'Report-To': '{"endpoints":[{"url":"https:\\/\\/a.nel.cloudflare.com\\/report\\/v4?s=ij0s4vqb%2Fv2O8yyhGfjr92e18iNH7KPrT%2BaHVwQjfpss38pFLZTYyp9MVliXaiZ8ngco3JkjFTZiUiNDVUVDqnRZDOGV%2FfzQ3gd8rbdZKXEohb2gzvFzafI9T97htIrA"}],"group":"cf-nel","max_age":604800}', 'NEL': '{"success_fraction":0,"report_to":"cf-nel","max_age":604800}', 'Server': 'cloudflare', 'CF-RAY': '874d8e6a5b8682b4-IAD', 'alt-svc': 'h3=":443"; ma=86400'} 
 body={"results":[{"gender":"female","name":{"title":"Miss","first":"Irma","last":"Rendón"},"location":{"street":{"number":2540,"name":"Prolongación Tlaxcala"},"city":"Tlazazalca","state":"Oaxaca","country":"Mexico","postcode":50941,"coordinates":{"latitude":"26.1451","longitude":"164.0775"},"timezone":{"offset":"+1:00","description":"Brussels, Copenhagen, Madrid, Paris"}},"email":"irma.rendon@example.com","login":{"uuid":"7b374ee9-770b-4621-b5dc-eedc8ee028e5","username":"smalltiger938","password":"stories","salt":"EcUyjgEv","md5":"92b977ea296099432bede527fabaace7","sha1":"61c2379e5a0af0c877900a71e3ab1bd17d2b8d3a","sha256":"aae1567e5c19d0ed471a8a6f68a164258ac7cd41228d2504e34b303b272734c7"},"dob":{"date":"1991-08-09T08:39:02.674Z","age":32},"registered":{"date":"2017-11-23T18:12:25.602Z","age":6},"phone":"(699) 015 8332","cell":"(606) 150 7224","id":{"name":"NSS","value":"62 78 51 4083 1"},"picture":{"large":"https://randomuser.me/api/portraits/women/51.jpg","medium":"https://randomuser.me/api/portraits/med/women/51.jpg","thumbnail":"https://randomuser.me/api/portraits/thumb/women/51.jpg"},"nat":"MX"}],"info":{"seed":"4ebc665b354320e6","results":1,"page":1,"version":"1.4"}} 
 </msg>
<msg time="2024-04-15T17:11:42.557637" level="INFO">/opt/hostedtoolcache/Python/3.12.2/x64/lib/python3.12/site-packages/urllib3/connectionpool.py:1103: InsecureRequestWarning: Unverified HTTPS request is being made to host 'randomuser.me'. Adding certificate verification is strongly advised. See: https://urllib3.readthedocs.io/en/latest/advanced-usage.html#tls-warnings
  warnings.warn(</msg>
<msg time="2024-04-15T17:11:42.557769" level="INFO">${response} = &lt;Response [200]&gt;</msg>
<var>${response}</var>
<arg>consultarAPI</arg>
<arg>/api</arg>
<doc>Sends a GET request on a previously created HTTP Session.</doc>
<status status="PASS" start="2024-04-15T17:11:42.454693" elapsed="0.103142"/>
</kw>
<kw name="Set Variable" owner="BuiltIn">
<msg time="2024-04-15T17:11:42.558893" level="INFO">${json_data} = {'results': [{'gender': 'female', 'name': {'title': 'Miss', 'first': 'Irma', 'last': 'Rendón'}, 'location': {'street': {'number': 2540, 'name': 'Prolongación Tlaxcala'}, 'city': 'Tlazazalca', 'state':...</msg>
<var>${json_data}</var>
<arg>${response.json()}</arg>
<doc>Returns the given values which can then be assigned to a variables.</doc>
<status status="PASS" start="2024-04-15T17:11:42.558373" elapsed="0.000550"/>
</kw>
<kw name="Log" owner="BuiltIn">
<msg time="2024-04-15T17:11:42.559434" level="INFO">{'results': [{'gender': 'female', 'name': {'title': 'Miss', 'first': 'Irma', 'last': 'Rendón'}, 'location': {'street': {'number': 2540, 'name': 'Prolongación Tlaxcala'}, 'city': 'Tlazazalca', 'state': 'Oaxaca', 'country': 'Mexico', 'postcode': 50941, 'coordinates': {'latitude': '26.1451', 'longitude': '164.0775'}, 'timezone': {'offset': '+1:00', 'description': 'Brussels, Copenhagen, Madrid, Paris'}}, 'email': 'irma.rendon@example.com', 'login': {'uuid': '7b374ee9-770b-4621-b5dc-eedc8ee028e5', 'username': 'smalltiger938', 'password': 'stories', 'salt': 'EcUyjgEv', 'md5': '92b977ea296099432bede527fabaace7', 'sha1': '61c2379e5a0af0c877900a71e3ab1bd17d2b8d3a', 'sha256': 'aae1567e5c19d0ed471a8a6f68a164258ac7cd41228d2504e34b303b272734c7'}, 'dob': {'date': '1991-08-09T08:39:02.674Z', 'age': 32}, 'registered': {'date': '2017-11-23T18:12:25.602Z', 'age': 6}, 'phone': '(699) 015 8332', 'cell': '(606) 150 7224', 'id': {'name': 'NSS', 'value': '62 78 51 4083 1'}, 'picture': {'large': 'https://randomuser.me/api/portraits/women/51.jpg', 'medium': 'https://randomuser.me/api/portraits/med/women/51.jpg', 'thumbnail': 'https://randomuser.me/api/portraits/thumb/women/51.jpg'}, 'nat': 'MX'}], 'info': {'seed': '4ebc665b354320e6', 'results': 1, 'page': 1, 'version': '1.4'}}</msg>
<arg>${json_data}</arg>
<doc>Logs the given message with the given level.</doc>
<status status="PASS" start="2024-04-15T17:11:42.559262" elapsed="0.000224"/>
</kw>
<kw name="Dictionary Should Contain Key" owner="Collections">
<msg time="2024-04-15T17:11:42.559997" level="INFO">False</msg>
<arg>${json_data}</arg>
<arg>results</arg>
<doc>Fails if ``key`` is not found from ``dictionary``.</doc>
<status status="PASS" start="2024-04-15T17:11:42.559792" elapsed="0.000246"/>
</kw>
<kw name="Should Not Be Empty" owner="BuiltIn">
<msg time="2024-04-15T17:11:42.560482" level="INFO">Length is 2.</msg>
<arg>${json_data}</arg>
<doc>Verifies that the given item is not empty.</doc>
<status status="PASS" start="2024-04-15T17:11:42.560346" elapsed="0.000176"/>
</kw>
<kw name="Create List" owner="BuiltIn">
<msg time="2024-04-15T17:11:42.561140" level="INFO">${expected_keys} = ['gender', 'name', 'location', 'email', 'login']</msg>
<var>${expected_keys}</var>
<arg>gender</arg>
<arg>name</arg>
<arg>location</arg>
<arg>email</arg>
<arg>login</arg>
<doc>Returns a list containing given items.</doc>
<status status="PASS" start="2024-04-15T17:11:42.560823" elapsed="0.000343"/>
</kw>
<for flavor="IN">
<iter>
<kw name="Dictionary Should Contain Key" owner="Collections">
<msg time="2024-04-15T17:11:42.562168" level="INFO">False</msg>
<arg>${json_data['results'][0]}</arg>
<arg>${key}</arg>
<doc>Fails if ``key`` is not found from ``dictionary``.</doc>
<status status="PASS" start="2024-04-15T17:11:42.561758" elapsed="0.000449"/>
</kw>
<kw name="Log" owner="BuiltIn">
<msg time="2024-04-15T17:11:42.562928" level="INFO">{'gender': 'female', 'name': {'title': 'Miss', 'first': 'Irma', 'last': 'Rendón'}, 'location': {'street': {'number': 2540, 'name': 'Prolongación Tlaxcala'}, 'city': 'Tlazazalca', 'state': 'Oaxaca', 'country': 'Mexico', 'postcode': 50941, 'coordinates': {'latitude': '26.1451', 'longitude': '164.0775'}, 'timezone': {'offset': '+1:00', 'description': 'Brussels, Copenhagen, Madrid, Paris'}}, 'email': 'irma.rendon@example.com', 'login': {'uuid': '7b374ee9-770b-4621-b5dc-eedc8ee028e5', 'username': 'smalltiger938', 'password': 'stories', 'salt': 'EcUyjgEv', 'md5': '92b977ea296099432bede527fabaace7', 'sha1': '61c2379e5a0af0c877900a71e3ab1bd17d2b8d3a', 'sha256': 'aae1567e5c19d0ed471a8a6f68a164258ac7cd41228d2504e34b303b272734c7'}, 'dob': {'date': '1991-08-09T08:39:02.674Z', 'age': 32}, 'registered': {'date': '2017-11-23T18:12:25.602Z', 'age': 6}, 'phone': '(699) 015 8332', 'cell': '(606) 150 7224', 'id': {'name': 'NSS', 'value': '62 78 51 4083 1'}, 'picture': {'large': 'https://randomuser.me/api/portraits/women/51.jpg', 'medium': 'https://randomuser.me/api/portraits/med/women/51.jpg', 'thumbnail': 'https://randomuser.me/api/portraits/thumb/women/51.jpg'}, 'nat': 'MX'}</msg>
<arg>${json_data['results'][0]}</arg>
<doc>Logs the given message with the given level.</doc>
<status status="PASS" start="2024-04-15T17:11:42.562524" elapsed="0.000461"/>
</kw>
<kw name="Log" owner="BuiltIn">
<msg time="2024-04-15T17:11:42.563434" level="INFO">gender</msg>
<arg>${key}</arg>
<doc>Logs the given message with the given level.</doc>
<status status="PASS" start="2024-04-15T17:11:42.563302" elapsed="0.000171"/>
</kw>
<var name="${key}">gender</var>
<status status="PASS" start="2024-04-15T17:11:42.561631" elapsed="0.002062"/>
</iter>
<iter>
<kw name="Dictionary Should Contain Key" owner="Collections">
<msg time="2024-04-15T17:11:42.564432" level="INFO">False</msg>
<arg>${json_data['results'][0]}</arg>
<arg>${key}</arg>
<doc>Fails if ``key`` is not found from ``dictionary``.</doc>
<status status="PASS" start="2024-04-15T17:11:42.564041" elapsed="0.000430"/>
</kw>
<kw name="Log" owner="BuiltIn">
<msg time="2024-04-15T17:11:42.565214" level="INFO">{'gender': 'female', 'name': {'title': 'Miss', 'first': 'Irma', 'last': 'Rendón'}, 'location': {'street': {'number': 2540, 'name': 'Prolongación Tlaxcala'}, 'city': 'Tlazazalca', 'state': 'Oaxaca', 'country': 'Mexico', 'postcode': 50941, 'coordinates': {'latitude': '26.1451', 'longitude': '164.0775'}, 'timezone': {'offset': '+1:00', 'description': 'Brussels, Copenhagen, Madrid, Paris'}}, 'email': 'irma.rendon@example.com', 'login': {'uuid': '7b374ee9-770b-4621-b5dc-eedc8ee028e5', 'username': 'smalltiger938', 'password': 'stories', 'salt': 'EcUyjgEv', 'md5': '92b977ea296099432bede527fabaace7', 'sha1': '61c2379e5a0af0c877900a71e3ab1bd17d2b8d3a', 'sha256': 'aae1567e5c19d0ed471a8a6f68a164258ac7cd41228d2504e34b303b272734c7'}, 'dob': {'date': '1991-08-09T08:39:02.674Z', 'age': 32}, 'registered': {'date': '2017-11-23T18:12:25.602Z', 'age': 6}, 'phone': '(699) 015 8332', 'cell': '(606) 150 7224', 'id': {'name': 'NSS', 'value': '62 78 51 4083 1'}, 'picture': {'large': 'https://randomuser.me/api/portraits/women/51.jpg', 'medium': 'https://randomuser.me/api/portraits/med/women/51.jpg', 'thumbnail': 'https://randomuser.me/api/portraits/thumb/women/51.jpg'}, 'nat': 'MX'}</msg>
<arg>${json_data['results'][0]}</arg>
<doc>Logs the given message with the given level.</doc>
<status status="PASS" start="2024-04-15T17:11:42.564833" elapsed="0.000431"/>
</kw>
<kw name="Log" owner="BuiltIn">
<msg time="2024-04-15T17:11:42.565711" level="INFO">name</msg>
<arg>${key}</arg>
<doc>Logs the given message with the given level.</doc>
<status status="PASS" start="2024-04-15T17:11:42.565571" elapsed="0.000179"/>
</kw>
<var name="${key}">name</var>
<status status="PASS" start="2024-04-15T17:11:42.563915" elapsed="0.002056"/>
</iter>
<iter>
<kw name="Dictionary Should Contain Key" owner="Collections">
<msg time="2024-04-15T17:11:42.566649" level="INFO">False</msg>
<arg>${json_data['results'][0]}</arg>
<arg>${key}</arg>
<doc>Fails if ``key`` is not found from ``dictionary``.</doc>
<status status="PASS" start="2024-04-15T17:11:42.566270" elapsed="0.000417"/>
</kw>
<kw name="Log" owner="BuiltIn">
<msg time="2024-04-15T17:11:42.567367" level="INFO">{'gender': 'female', 'name': {'title': 'Miss', 'first': 'Irma', 'last': 'Rendón'}, 'location': {'street': {'number': 2540, 'name': 'Prolongación Tlaxcala'}, 'city': 'Tlazazalca', 'state': 'Oaxaca', 'country': 'Mexico', 'postcode': 50941, 'coordinates': {'latitude': '26.1451', 'longitude': '164.0775'}, 'timezone': {'offset': '+1:00', 'description': 'Brussels, Copenhagen, Madrid, Paris'}}, 'email': 'irma.rendon@example.com', 'login': {'uuid': '7b374ee9-770b-4621-b5dc-eedc8ee028e5', 'username': 'smalltiger938', 'password': 'stories', 'salt': 'EcUyjgEv', 'md5': '92b977ea296099432bede527fabaace7', 'sha1': '61c2379e5a0af0c877900a71e3ab1bd17d2b8d3a', 'sha256': 'aae1567e5c19d0ed471a8a6f68a164258ac7cd41228d2504e34b303b272734c7'}, 'dob': {'date': '1991-08-09T08:39:02.674Z', 'age': 32}, 'registered': {'date': '2017-11-23T18:12:25.602Z', 'age': 6}, 'phone': '(699) 015 8332', 'cell': '(606) 150 7224', 'id': {'name': 'NSS', 'value': '62 78 51 4083 1'}, 'picture': {'large': 'https://randomuser.me/api/portraits/women/51.jpg', 'medium': 'https://randomuser.me/api/portraits/med/women/51.jpg', 'thumbnail': 'https://randomuser.me/api/portraits/thumb/women/51.jpg'}, 'nat': 'MX'}</msg>
<arg>${json_data['results'][0]}</arg>
<doc>Logs the given message with the given level.</doc>
<status status="PASS" start="2024-04-15T17:11:42.566992" elapsed="0.000426"/>
</kw>
<kw name="Log" owner="BuiltIn">
<msg time="2024-04-15T17:11:42.567868" level="INFO">location</msg>
<arg>${key}</arg>
<doc>Logs the given message with the given level.</doc>
<status status="PASS" start="2024-04-15T17:11:42.567723" elapsed="0.000188"/>
</kw>
<var name="${key}">location</var>
<status status="PASS" start="2024-04-15T17:11:42.566155" elapsed="0.001991"/>
</iter>
<iter>
<kw name="Dictionary Should Contain Key" owner="Collections">
<msg time="2024-04-15T17:11:42.568822" level="INFO">False</msg>
<arg>${json_data['results'][0]}</arg>
<arg>${key}</arg>
<doc>Fails if ``key`` is not found from ``dictionary``.</doc>
<status status="PASS" start="2024-04-15T17:11:42.568445" elapsed="0.000416"/>
</kw>
<kw name="Log" owner="BuiltIn">
<msg time="2024-04-15T17:11:42.569533" level="INFO">{'gender': 'female', 'name': {'title': 'Miss', 'first': 'Irma', 'last': 'Rendón'}, 'location': {'street': {'number': 2540, 'name': 'Prolongación Tlaxcala'}, 'city': 'Tlazazalca', 'state': 'Oaxaca', 'country': 'Mexico', 'postcode': 50941, 'coordinates': {'latitude': '26.1451', 'longitude': '164.0775'}, 'timezone': {'offset': '+1:00', 'description': 'Brussels, Copenhagen, Madrid, Paris'}}, 'email': 'irma.rendon@example.com', 'login': {'uuid': '7b374ee9-770b-4621-b5dc-eedc8ee028e5', 'username': 'smalltiger938', 'password': 'stories', 'salt': 'EcUyjgEv', 'md5': '92b977ea296099432bede527fabaace7', 'sha1': '61c2379e5a0af0c877900a71e3ab1bd17d2b8d3a', 'sha256': 'aae1567e5c19d0ed471a8a6f68a164258ac7cd41228d2504e34b303b272734c7'}, 'dob': {'date': '1991-08-09T08:39:02.674Z', 'age': 32}, 'registered': {'date': '2017-11-23T18:12:25.602Z', 'age': 6}, 'phone': '(699) 015 8332', 'cell': '(606) 150 7224', 'id': {'name': 'NSS', 'value': '62 78 51 4083 1'}, 'picture': {'large': 'https://randomuser.me/api/portraits/women/51.jpg', 'medium': 'https://randomuser.me/api/portraits/med/women/51.jpg', 'thumbnail': 'https://randomuser.me/api/portraits/thumb/women/51.jpg'}, 'nat': 'MX'}</msg>
<arg>${json_data['results'][0]}</arg>
<doc>Logs the given message with the given level.</doc>
<status status="PASS" start="2024-04-15T17:11:42.569167" elapsed="0.000416"/>
</kw>
<kw name="Log" owner="BuiltIn">
<msg time="2024-04-15T17:11:42.570013" level="INFO">email</msg>
<arg>${key}</arg>
<doc>Logs the given message with the given level.</doc>
<status status="PASS" start="2024-04-15T17:11:42.569883" elapsed="0.000171"/>
</kw>
<var name="${key}">email</var>
<status status="PASS" start="2024-04-15T17:11:42.568324" elapsed="0.001952"/>
</iter>
<iter>
<kw name="Dictionary Should Contain Key" owner="Collections">
<msg time="2024-04-15T17:11:42.570955" level="INFO">False</msg>
<arg>${json_data['results'][0]}</arg>
<arg>${key}</arg>
<doc>Fails if ``key`` is not found from ``dictionary``.</doc>
<status status="PASS" start="2024-04-15T17:11:42.570574" elapsed="0.000419"/>
</kw>
<kw name="Log" owner="BuiltIn">
<msg time="2024-04-15T17:11:42.571656" level="INFO">{'gender': 'female', 'name': {'title': 'Miss', 'first': 'Irma', 'last': 'Rendón'}, 'location': {'street': {'number': 2540, 'name': 'Prolongación Tlaxcala'}, 'city': 'Tlazazalca', 'state': 'Oaxaca', 'country': 'Mexico', 'postcode': 50941, 'coordinates': {'latitude': '26.1451', 'longitude': '164.0775'}, 'timezone': {'offset': '+1:00', 'description': 'Brussels, Copenhagen, Madrid, Paris'}}, 'email': 'irma.rendon@example.com', 'login': {'uuid': '7b374ee9-770b-4621-b5dc-eedc8ee028e5', 'username': 'smalltiger938', 'password': 'stories', 'salt': 'EcUyjgEv', 'md5': '92b977ea296099432bede527fabaace7', 'sha1': '61c2379e5a0af0c877900a71e3ab1bd17d2b8d3a', 'sha256': 'aae1567e5c19d0ed471a8a6f68a164258ac7cd41228d2504e34b303b272734c7'}, 'dob': {'date': '1991-08-09T08:39:02.674Z', 'age': 32}, 'registered': {'date': '2017-11-23T18:12:25.602Z', 'age': 6}, 'phone': '(699) 015 8332', 'cell': '(606) 150 7224', 'id': {'name': 'NSS', 'value': '62 78 51 4083 1'}, 'picture': {'large': 'https://randomuser.me/api/portraits/women/51.jpg', 'medium': 'https://randomuser.me/api/portraits/med/women/51.jpg', 'thumbnail': 'https://randomuser.me/api/portraits/thumb/women/51.jpg'}, 'nat': 'MX'}</msg>
<arg>${json_data['results'][0]}</arg>
<doc>Logs the given message with the given level.</doc>
<status status="PASS" start="2024-04-15T17:11:42.571290" elapsed="0.000416"/>
</kw>
<kw name="Log" owner="BuiltIn">
<msg time="2024-04-15T17:11:42.572156" level="INFO">login</msg>
<arg>${key}</arg>
<doc>Logs the given message with the given level.</doc>
<status status="PASS" start="2024-04-15T17:11:42.572026" elapsed="0.000200"/>
</kw>
<var name="${key}">login</var>
<status status="PASS" start="2024-04-15T17:11:42.570455" elapsed="0.001998"/>
</iter>
<var>${key}</var>
<value>@{expected_keys}</value>
<status status="PASS" start="2024-04-15T17:11:42.561435" elapsed="0.011140"/>
</for>
<kw name="Create List" owner="BuiltIn">
<msg time="2024-04-15T17:11:42.572909" level="INFO">${expected_keysTwo} = ['username', 'password']</msg>
<var>${expected_keysTwo}</var>
<arg>username</arg>
<arg>password</arg>
<doc>Returns a list containing given items.</doc>
<status status="PASS" start="2024-04-15T17:11:42.572772" elapsed="0.000161"/>
</kw>
<for flavor="IN">
<iter>
<kw name="Dictionary Should Contain Key" owner="Collections">
<msg time="2024-04-15T17:11:42.573834" level="INFO">False</msg>
<arg>${json_data['results'][0]['login']}</arg>
<arg>${keyTwo}</arg>
<doc>Fails if ``key`` is not found from ``dictionary``.</doc>
<status status="PASS" start="2024-04-15T17:11:42.573445" elapsed="0.000428"/>
</kw>
<kw name="Dictionary Should Contain Key" owner="Collections">
<msg time="2024-04-15T17:11:42.574556" level="INFO">False</msg>
<arg>${json_data['results'][0]['login']}</arg>
<arg>${keyTwo}</arg>
<doc>Fails if ``key`` is not found from ``dictionary``.</doc>
<status status="PASS" start="2024-04-15T17:11:42.574170" elapsed="0.000424"/>
</kw>
<kw name="Log" owner="BuiltIn">
<msg time="2024-04-15T17:11:42.575014" level="INFO">username</msg>
<arg>${keyTwo}</arg>
<doc>Logs the given message with the given level.</doc>
<status status="PASS" start="2024-04-15T17:11:42.574887" elapsed="0.000165"/>
</kw>
<var name="${keyTwo}">username</var>
<status status="PASS" start="2024-04-15T17:11:42.573333" elapsed="0.001936"/>
</iter>
<iter>
<kw name="Dictionary Should Contain Key" owner="Collections">
<msg time="2024-04-15T17:11:42.575971" level="INFO">False</msg>
<arg>${json_data['results'][0]['login']}</arg>
<arg>${keyTwo}</arg>
<doc>Fails if ``key`` is not found from ``dictionary``.</doc>
<status status="PASS" start="2024-04-15T17:11:42.575553" elapsed="0.000457"/>
</kw>
<kw name="Dictionary Should Contain Key" owner="Collections">
<msg time="2024-04-15T17:11:42.576782" level="INFO">False</msg>
<arg>${json_data['results'][0]['login']}</arg>
<arg>${keyTwo}</arg>
<doc>Fails if ``key`` is not found from ``dictionary``.</doc>
<status status="PASS" start="2024-04-15T17:11:42.576311" elapsed="0.000510"/>
</kw>
<kw name="Log" owner="BuiltIn">
<msg time="2024-04-15T17:11:42.577249" level="INFO">password</msg>
<arg>${keyTwo}</arg>
<doc>Logs the given message with the given level.</doc>
<status status="PASS" start="2024-04-15T17:11:42.577121" elapsed="0.000166"/>
</kw>
<var name="${keyTwo}">password</var>
<status status="PASS" start="2024-04-15T17:11:42.575442" elapsed="0.002071"/>
</iter>
<var>${keyTwo}</var>
<value>@{expected_keysTwo}</value>
<status status="PASS" start="2024-04-15T17:11:42.573180" elapsed="0.004459"/>
</for>
<status status="PASS" start="2024-04-15T17:11:42.454449" elapsed="0.123334"/>
</kw>
<doc>Testa a estrutura da resposta da API.</doc>
<tag>testeEstruturaResposta</tag>
<status status="PASS" start="2024-04-15T17:11:42.453950" elapsed="0.123991"/>
</test>
<test id="s1-s1-t4" name="Validar tipos de dados" line="28">
<kw name="Teste de Tipos de Dados" owner="random-user-service">
<kw name="GET On Session" owner="RequestsLibrary">
<msg time="2024-04-15T17:11:42.651547" level="INFO">GET Request : url=https://randomuser.me/api 
 path_url=/api 
 headers={'User-Agent': 'python-requests/2.31.0', 'Accept-Encoding': 'gzip, deflate', 'Accept': '*/*', 'Connection': 'keep-alive'} 
 body=None 
 </msg>
<msg time="2024-04-15T17:11:42.651630" level="INFO">GET Response : url=https://randomuser.me/api 
 status=200, reason=OK 
 headers={'Date': 'Mon, 15 Apr 2024 17:11:42 GMT', 'Content-Type': 'application/json; charset=utf-8', 'Transfer-Encoding': 'chunked', 'Connection': 'keep-alive', 'X-Powered-By': 'Express', 'Access-Control-Allow-Origin': '*', 'Cache-Control': 'no-cache', 'ETag': 'W/"494-NyNkOHjMmhZeHWHw+UBO1n5BtJE"', 'Vary': 'Accept-Encoding', 'Content-Encoding': 'gzip', 'CF-Cache-Status': 'DYNAMIC', 'Report-To': '{"endpoints":[{"url":"https:\\/\\/a.nel.cloudflare.com\\/report\\/v4?s=OCQuWkif07J%2BpWxrF7gmXQmTZiGMM3mxCENpZsT2uXenQ5LwTVTjc6BTBoHn2RlUcT%2FcIrpe0F3atu2VKPsZGjGCT9Gl2FlhRRCfxOUeNgoo0D18LIEHuLwYHPe7ZDQB"}],"group":"cf-nel","max_age":604800}', 'NEL': '{"success_fraction":0,"report_to":"cf-nel","max_age":604800}', 'Server': 'cloudflare', 'CF-RAY': '874d8e6b2ca082b4-IAD', 'alt-svc': 'h3=":443"; ma=86400'} 
 body={"results":[{"gender":"male","name":{"title":"Mr","first":"Amável","last":"da Rocha"},"location":{"street":{"number":3130,"name":"Rua Santo Antônio "},"city":"Paulo Afonso","state":"Bahia","country":"Brazil","postcode":79391,"coordinates":{"latitude":"-77.6988","longitude":"-49.0466"},"timezone":{"offset":"-8:00","description":"Pacific Time (US &amp; Canada)"}},"email":"amavel.darocha@example.com","login":{"uuid":"1525aa2c-586f-4e9f-a900-6f6683c37c5e","username":"angrybird450","password":"method","salt":"tIz73J7P","md5":"54b1b35eafc045f9b99c36c30788f2c6","sha1":"d1edd3ffd274a20160051eef51097f3728d4bed9","sha256":"bbb4bfc2f7ffd52e338db823aabc254d54e4671e032a9f46c28e4fdbe91deb3f"},"dob":{"date":"1998-11-03T20:25:51.216Z","age":25},"registered":{"date":"2010-01-10T18:54:29.931Z","age":14},"phone":"(51) 8247-3900","cell":"(12) 7142-7818","id":{"name":"CPF","value":"115.449.268-05"},"picture":{"large":"https://randomuser.me/api/portraits/men/40.jpg","medium":"https://randomuser.me/api/portraits/med/men/40.jpg","thumbnail":"https://randomuser.me/api/portraits/thumb/men/40.jpg"},"nat":"BR"}],"info":{"seed":"a80932f62954f836","results":1,"page":1,"version":"1.4"}} 
 </msg>
<msg time="2024-04-15T17:11:42.651707" level="INFO">/opt/hostedtoolcache/Python/3.12.2/x64/lib/python3.12/site-packages/urllib3/connectionpool.py:1103: InsecureRequestWarning: Unverified HTTPS request is being made to host 'randomuser.me'. Adding certificate verification is strongly advised. See: https://urllib3.readthedocs.io/en/latest/advanced-usage.html#tls-warnings
  warnings.warn(</msg>
<msg time="2024-04-15T17:11:42.651839" level="INFO">${response} = &lt;Response [200]&gt;</msg>
<var>${response}</var>
<arg>consultarAPI</arg>
<arg>/api</arg>
<doc>Sends a GET request on a previously created HTTP Session.</doc>
<status status="PASS" start="2024-04-15T17:11:42.580579" elapsed="0.071335"/>
</kw>
<kw name="Set Variable" owner="BuiltIn">
<msg time="2024-04-15T17:11:42.652874" level="INFO">${json_data} = {'results': [{'gender': 'male', 'name': {'title': 'Mr', 'first': 'Amável', 'last': 'da Rocha'}, 'location': {'street': {'number': 3130, 'name': 'Rua Santo Antônio '}, 'city': 'Paulo Afonso', 'state': ...</msg>
<var>${json_data}</var>
<arg>${response.json()}</arg>
<doc>Returns the given values which can then be assigned to a variables.</doc>
<status status="PASS" start="2024-04-15T17:11:42.652389" elapsed="0.000514"/>
</kw>
<kw name="Log" owner="BuiltIn">
<msg time="2024-04-15T17:11:42.653383" level="INFO">{'results': [{'gender': 'male', 'name': {'title': 'Mr', 'first': 'Amável', 'last': 'da Rocha'}, 'location': {'street': {'number': 3130, 'name': 'Rua Santo Antônio '}, 'city': 'Paulo Afonso', 'state': 'Bahia', 'country': 'Brazil', 'postcode': 79391, 'coordinates': {'latitude': '-77.6988', 'longitude': '-49.0466'}, 'timezone': {'offset': '-8:00', 'description': 'Pacific Time (US &amp; Canada)'}}, 'email': 'amavel.darocha@example.com', 'login': {'uuid': '1525aa2c-586f-4e9f-a900-6f6683c37c5e', 'username': 'angrybird450', 'password': 'method', 'salt': 'tIz73J7P', 'md5': '54b1b35eafc045f9b99c36c30788f2c6', 'sha1': 'd1edd3ffd274a20160051eef51097f3728d4bed9', 'sha256': 'bbb4bfc2f7ffd52e338db823aabc254d54e4671e032a9f46c28e4fdbe91deb3f'}, 'dob': {'date': '1998-11-03T20:25:51.216Z', 'age': 25}, 'registered': {'date': '2010-01-10T18:54:29.931Z', 'age': 14}, 'phone': '(51) 8247-3900', 'cell': '(12) 7142-7818', 'id': {'name': 'CPF', 'value': '115.449.268-05'}, 'picture': {'large': 'https://randomuser.me/api/portraits/men/40.jpg', 'medium': 'https://randomuser.me/api/portraits/med/men/40.jpg', 'thumbnail': 'https://randomuser.me/api/portraits/thumb/men/40.jpg'}, 'nat': 'BR'}], 'info': {'seed': 'a80932f62954f836', 'results': 1, 'page': 1, 'version': '1.4'}}</msg>
<arg>${json_data}</arg>
<doc>Logs the given message with the given level.</doc>
<status status="PASS" start="2024-04-15T17:11:42.653218" elapsed="0.000250"/>
</kw>
<kw name="Should Be String" owner="String">
<arg>${json_data['results'][0]['gender']}</arg>
<doc>Fails if the given ``item`` is not a string.</doc>
<status status="PASS" start="2024-04-15T17:11:42.653777" elapsed="0.000370"/>
</kw>
<kw name="Should Match Regexp" owner="BuiltIn">
<arg>${json_data['results'][0]['email']}</arg>
<arg>^[a-zA-Z0-9._%+-]+@[a-zA-Z0-9.-]+\.[a-zA-Z]{2,}$</arg>
<doc>Fails if ``string`` does not match ``pattern`` as a regular expression.</doc>
<status status="PASS" start="2024-04-15T17:11:42.654341" elapsed="0.000512"/>
</kw>
<kw name="Should Match Regexp" owner="BuiltIn">
<arg>${json_data['results'][0]['dob']['date']}</arg>
<arg>\\d{4}-\\d{2}-\\d{2}T\\d{2}:\\d{2}:\\d{2}\\.\\d{3}Z</arg>
<doc>Fails if ``string`` does not match ``pattern`` as a regular expression.</doc>
<status status="PASS" start="2024-04-15T17:11:42.655049" elapsed="0.000480"/>
</kw>
<kw name="Should Match Regexp" owner="BuiltIn">
<arg>${json_data['results'][0]['registered']['date']}</arg>
<arg>\\d{4}-\\d{2}-\\d{2}T\\d{2}:\\d{2}:\\d{2}\\.\\d{3}Z</arg>
<doc>Fails if ``string`` does not match ``pattern`` as a regular expression.</doc>
<status status="PASS" start="2024-04-15T17:11:42.655723" elapsed="0.000414"/>
</kw>
<kw name="Should Match Regexp" owner="BuiltIn">
<arg>${json_data['results'][0]['picture']['large']}</arg>
<arg>^https?://.*\.(?:png|jpe?g|gif|bmp)$</arg>
<doc>Fails if ``string`` does not match ``pattern`` as a regular expression.</doc>
<status status="PASS" start="2024-04-15T17:11:42.656342" elapsed="0.000479"/>
</kw>
<kw name="Should Match Regexp" owner="BuiltIn">
<arg>${json_data['results'][0]['picture']['medium']}</arg>
<arg>^https?://.*\.(?:png|jpe?g|gif|bmp)$</arg>
<doc>Fails if ``string`` does not match ``pattern`` as a regular expression.</doc>
<status status="PASS" start="2024-04-15T17:11:42.657012" elapsed="0.000357"/>
</kw>
<kw name="Should Match Regexp" owner="BuiltIn">
<arg>${json_data['results'][0]['picture']['thumbnail']}</arg>
<arg>^https?://.*\.(?:png|jpe?g|gif|bmp)$</arg>
<doc>Fails if ``string`` does not match ``pattern`` as a regular expression.</doc>
<status status="PASS" start="2024-04-15T17:11:42.657572" elapsed="0.000352"/>
</kw>
<kw name="Log" owner="BuiltIn">
<msg time="2024-04-15T17:11:42.658436" level="INFO">{'large': 'https://randomuser.me/api/portraits/men/40.jpg', 'medium': 'https://randomuser.me/api/portraits/med/men/40.jpg', 'thumbnail': 'https://randomuser.me/api/portraits/thumb/men/40.jpg'}</msg>
<arg>${json_data['results'][0]['picture']}</arg>
<doc>Logs the given message with the given level.</doc>
<status status="PASS" start="2024-04-15T17:11:42.658107" elapsed="0.000371"/>
</kw>
<status status="PASS" start="2024-04-15T17:11:42.580345" elapsed="0.078395"/>
</kw>
<kw name="Teste de Tipos de Dados - Postcode" owner="random-user-service">
<kw name="GET On Session" owner="RequestsLibrary">
<msg time="2024-04-15T17:11:42.824856" level="INFO">GET Request : url=https://randomuser.me/api 
 path_url=/api 
 headers={'User-Agent': 'python-requests/2.31.0', 'Accept-Encoding': 'gzip, deflate', 'Accept': '*/*', 'Connection': 'keep-alive'} 
 body=None 
 </msg>
<msg time="2024-04-15T17:11:42.824958" level="INFO">GET Response : url=https://randomuser.me/api 
 status=200, reason=OK 
 headers={'Date': 'Mon, 15 Apr 2024 17:11:42 GMT', 'Content-Type': 'application/json; charset=utf-8', 'Transfer-Encoding': 'chunked', 'Connection': 'keep-alive', 'X-Powered-By': 'Express', 'Access-Control-Allow-Origin': '*', 'Cache-Control': 'no-cache', 'ETag': 'W/"498-XVNv146Dg1MwUZiIStRfgjALe/U"', 'Vary': 'Accept-Encoding', 'Content-Encoding': 'gzip', 'CF-Cache-Status': 'DYNAMIC', 'Report-To': '{"endpoints":[{"url":"https:\\/\\/a.nel.cloudflare.com\\/report\\/v4?s=7CpABC56GvYDN96CV86ZGkiTempzAj3%2Bj521%2Ft0zmLXktDHzMWGtc9l3oOx2fwcEkieOAjZMoI4RaPNGhTamFL%2BhRM3rhSEKcqTNkyopphjMtazlqemkM266YlzIoq0R"}],"group":"cf-nel","max_age":604800}', 'NEL': '{"success_fraction":0,"report_to":"cf-nel","max_age":604800}', 'Server': 'cloudflare', 'CF-RAY': '874d8e6bad4c82b4-IAD', 'alt-svc': 'h3=":443"; ma=86400'} 
 body={"results":[{"gender":"female","name":{"title":"Mrs","first":"Anaisha","last":"Shroff"},"location":{"street":{"number":9580,"name":"Shivajinagar"},"city":"Dharmavaram","state":"Manipur","country":"India","postcode":41447,"coordinates":{"latitude":"5.2485","longitude":"13.9427"},"timezone":{"offset":"-6:00","description":"Central Time (US &amp; Canada), Mexico City"}},"email":"anaisha.shroff@example.com","login":{"uuid":"1ea3fe49-51a3-4610-b51b-36a6d98f8376","username":"sadelephant483","password":"alison","salt":"fOmzhc0u","md5":"097cff27c625f0102263a5f6aac40056","sha1":"61ceb63c3d0773a74fac6a129738d96bab86209a","sha256":"62eab26ef8aaa87bbad11b42fd99a36b453c052bb7584dd3cbd935083fcf5522"},"dob":{"date":"1980-08-23T23:48:59.546Z","age":43},"registered":{"date":"2010-06-19T22:58:57.662Z","age":13},"phone":"8595243380","cell":"8302854480","id":{"name":"UIDAI","value":"227025228490"},"picture":{"large":"https://randomuser.me/api/portraits/women/82.jpg","medium":"https://randomuser.me/api/portraits/med/women/82.jpg","thumbnail":"https://randomuser.me/api/portraits/thumb/women/82.jpg"},"nat":"IN"}],"info":{"seed":"a3c3dde53db2ac79","results":1,"page":1,"version":"1.4"}} 
 </msg>
<msg time="2024-04-15T17:11:42.825031" level="INFO">/opt/hostedtoolcache/Python/3.12.2/x64/lib/python3.12/site-packages/urllib3/connectionpool.py:1103: InsecureRequestWarning: Unverified HTTPS request is being made to host 'randomuser.me'. Adding certificate verification is strongly advised. See: https://urllib3.readthedocs.io/en/latest/advanced-usage.html#tls-warnings
  warnings.warn(</msg>
<msg time="2024-04-15T17:11:42.825163" level="INFO">${response} = &lt;Response [200]&gt;</msg>
<var>${response}</var>
<arg>consultarAPI</arg>
<arg>/api</arg>
<doc>Sends a GET request on a previously created HTTP Session.</doc>
<status status="PASS" start="2024-04-15T17:11:42.659207" elapsed="0.165995"/>
</kw>
<kw name="Set Variable" owner="BuiltIn">
<msg time="2024-04-15T17:11:42.826230" level="INFO">${json_data} = {'results': [{'gender': 'female', 'name': {'title': 'Mrs', 'first': 'Anaisha', 'last': 'Shroff'}, 'location': {'street': {'number': 9580, 'name': 'Shivajinagar'}, 'city': 'Dharmavaram', 'state': 'Mani...</msg>
<var>${json_data}</var>
<arg>${response.json()}</arg>
<doc>Returns the given values which can then be assigned to a variables.</doc>
<status status="PASS" start="2024-04-15T17:11:42.825706" elapsed="0.000552"/>
</kw>
<kw name="Log" owner="BuiltIn">
<msg time="2024-04-15T17:11:42.826731" level="INFO">{'results': [{'gender': 'female', 'name': {'title': 'Mrs', 'first': 'Anaisha', 'last': 'Shroff'}, 'location': {'street': {'number': 9580, 'name': 'Shivajinagar'}, 'city': 'Dharmavaram', 'state': 'Manipur', 'country': 'India', 'postcode': 41447, 'coordinates': {'latitude': '5.2485', 'longitude': '13.9427'}, 'timezone': {'offset': '-6:00', 'description': 'Central Time (US &amp; Canada), Mexico City'}}, 'email': 'anaisha.shroff@example.com', 'login': {'uuid': '1ea3fe49-51a3-4610-b51b-36a6d98f8376', 'username': 'sadelephant483', 'password': 'alison', 'salt': 'fOmzhc0u', 'md5': '097cff27c625f0102263a5f6aac40056', 'sha1': '61ceb63c3d0773a74fac6a129738d96bab86209a', 'sha256': '62eab26ef8aaa87bbad11b42fd99a36b453c052bb7584dd3cbd935083fcf5522'}, 'dob': {'date': '1980-08-23T23:48:59.546Z', 'age': 43}, 'registered': {'date': '2010-06-19T22:58:57.662Z', 'age': 13}, 'phone': '8595243380', 'cell': '8302854480', 'id': {'name': 'UIDAI', 'value': '227025228490'}, 'picture': {'large': 'https://randomuser.me/api/portraits/women/82.jpg', 'medium': 'https://randomuser.me/api/portraits/med/women/82.jpg', 'thumbnail': 'https://randomuser.me/api/portraits/thumb/women/82.jpg'}, 'nat': 'IN'}], 'info': {'seed': 'a3c3dde53db2ac79', 'results': 1, 'page': 1, 'version': '1.4'}}</msg>
<arg>${json_data}</arg>
<doc>Logs the given message with the given level.</doc>
<status status="PASS" start="2024-04-15T17:11:42.826576" elapsed="0.000250"/>
</kw>
<kw name="Should Be Equal As Numbers" owner="BuiltIn">
<arg>${json_data['results'][0]['location']['postcode']}</arg>
<arg>${json_data['results'][0]['location']['postcode']}</arg>
<doc>Fails if objects are unequal after converting them to real numbers.</doc>
<status status="PASS" start="2024-04-15T17:11:42.827126" elapsed="0.000824"/>
</kw>
<kw name="Log" owner="BuiltIn">
<msg time="2024-04-15T17:11:42.828487" level="INFO">41447</msg>
<arg>${json_data['results'][0]['location']['postcode']}</arg>
<doc>Logs the given message with the given level.</doc>
<status status="PASS" start="2024-04-15T17:11:42.828152" elapsed="0.000375"/>
</kw>
<status status="PASS" start="2024-04-15T17:11:42.658965" elapsed="0.169830"/>
</kw>
<doc>Testa se os tipos de dados na resposta da API estão corretos.</doc>
<tag>testeTiposDados</tag>
<status status="PASS" start="2024-04-15T17:11:42.579725" elapsed="0.249253"/>
</test>
<test id="s1-s1-t5" name="Validar conteudo" line="35">
<kw name="Teste de Tipos de Conteudo" owner="random-user-service">
<kw name="GET On Session" owner="RequestsLibrary">
<msg time="2024-04-15T17:11:42.868733" level="INFO">GET Request : url=https://randomuser.me/api 
 path_url=/api 
 headers={'User-Agent': 'python-requests/2.31.0', 'Accept-Encoding': 'gzip, deflate', 'Accept': '*/*', 'Connection': 'keep-alive'} 
 body=None 
 </msg>
<msg time="2024-04-15T17:11:42.868821" level="INFO">GET Response : url=https://randomuser.me/api 
 status=200, reason=OK 
 headers={'Date': 'Mon, 15 Apr 2024 17:11:42 GMT', 'Content-Type': 'application/json; charset=utf-8', 'Transfer-Encoding': 'chunked', 'Connection': 'keep-alive', 'X-Powered-By': 'Express', 'Access-Control-Allow-Origin': '*', 'Cache-Control': 'no-cache', 'ETag': 'W/"494-/3UpTSERjvV6kdz8tk7X7Pk4if4"', 'Vary': 'Accept-Encoding', 'Content-Encoding': 'gzip', 'CF-Cache-Status': 'DYNAMIC', 'Report-To': '{"endpoints":[{"url":"https:\\/\\/a.nel.cloudflare.com\\/report\\/v4?s=88ybVe1ck4Dx1E1vulEFF28pYhUnhSfVuemXN7Ip2la7nB4Iq4byfhqb9GwAjMkAemrfChJc5RNhFT7UHeI8l9xsANi8eawC%2BqoDppzAdsj9Qjs4iEeWQptLYErOj2NR"}],"group":"cf-nel","max_age":604800}', 'NEL': '{"success_fraction":0,"report_to":"cf-nel","max_age":604800}', 'Server': 'cloudflare', 'CF-RAY': '874d8e6cbea482b4-IAD', 'alt-svc': 'h3=":443"; ma=86400'} 
 body={"results":[{"gender":"male","name":{"title":"Mr","first":"Thieme","last":"Van Baardwijk"},"location":{"street":{"number":7999,"name":"Dessinateurplein"},"city":"Drempt","state":"Gelderland","country":"Netherlands","postcode":"4849 SB","coordinates":{"latitude":"35.9777","longitude":"-157.8077"},"timezone":{"offset":"-11:00","description":"Midway Island, Samoa"}},"email":"thieme.vanbaardwijk@example.com","login":{"uuid":"eb1c6245-5ea1-4eda-b514-25bab36fcbc9","username":"bigfish216","password":"eggplant","salt":"x5Pf51Oo","md5":"d2ffb0b1357494c091b6b38b2d1f6e3e","sha1":"6e9c5ddfdfb5d239d54073f9cb530d22ccaa3f6b","sha256":"ce72c77ed8df7c9afc4b162626aa938fecc6380daabcd001292f540848cf9883"},"dob":{"date":"1962-08-24T16:43:32.388Z","age":61},"registered":{"date":"2017-04-23T15:10:54.652Z","age":6},"phone":"(072) 3977755","cell":"(06) 25690642","id":{"name":"BSN","value":"88404794"},"picture":{"large":"https://randomuser.me/api/portraits/men/68.jpg","medium":"https://randomuser.me/api/portraits/med/men/68.jpg","thumbnail":"https://randomuser.me/api/portraits/thumb/men/68.jpg"},"nat":"NL"}],"info":{"seed":"abfba2d6967edfaf","results":1,"page":1,"version":"1.4"}} 
 </msg>
<msg time="2024-04-15T17:11:42.868892" level="INFO">/opt/hostedtoolcache/Python/3.12.2/x64/lib/python3.12/site-packages/urllib3/connectionpool.py:1103: InsecureRequestWarning: Unverified HTTPS request is being made to host 'randomuser.me'. Adding certificate verification is strongly advised. See: https://urllib3.readthedocs.io/en/latest/advanced-usage.html#tls-warnings
  warnings.warn(</msg>
<msg time="2024-04-15T17:11:42.868996" level="INFO">${response} = &lt;Response [200]&gt;</msg>
<var>${response}</var>
<arg>consultarAPI</arg>
<arg>/api</arg>
<doc>Sends a GET request on a previously created HTTP Session.</doc>
<status status="PASS" start="2024-04-15T17:11:42.831391" elapsed="0.037647"/>
</kw>
<kw name="Set Variable" owner="BuiltIn">
<msg time="2024-04-15T17:11:42.869866" level="INFO">${json_data} = {'results': [{'gender': 'male', 'name': {'title': 'Mr', 'first': 'Thieme', 'last': 'Van Baardwijk'}, 'location': {'street': {'number': 7999, 'name': 'Dessinateurplein'}, 'city': 'Drempt', 'state': 'Ge...</msg>
<var>${json_data}</var>
<arg>${response.json()}</arg>
<doc>Returns the given values which can then be assigned to a variables.</doc>
<status status="PASS" start="2024-04-15T17:11:42.869415" elapsed="0.000479"/>
</kw>
<kw name="Set Variable" owner="BuiltIn">
<msg time="2024-04-15T17:11:42.870588" level="INFO">${name_title} = Mr</msg>
<var>${name_title}</var>
<arg>${json_data["results"][0]["name"]["title"]}</arg>
<doc>Returns the given values which can then be assigned to a variables.</doc>
<status status="PASS" start="2024-04-15T17:11:42.870210" elapsed="0.000403"/>
</kw>
<kw name="Create List" owner="BuiltIn">
<msg time="2024-04-15T17:11:42.871072" level="INFO">${allowed_titles} = ['Mr', 'Ms', 'Miss', 'Mrs', 'Madame', 'Monsieur']</msg>
<var>${allowed_titles}</var>
<arg>Mr</arg>
<arg>Ms</arg>
<arg>Miss</arg>
<arg>Mrs</arg>
<arg>Madame</arg>
<arg>Monsieur</arg>
<doc>Returns a list containing given items.</doc>
<status status="PASS" start="2024-04-15T17:11:42.870925" elapsed="0.000171"/>
</kw>
<kw name="List Should Contain Value" owner="Collections">
<msg time="2024-04-15T17:11:42.871575" level="INFO">False</msg>
<arg>${allowed_titles}</arg>
<arg>${name_title}</arg>
<doc>Fails if the ``value`` is not found from ``list``.</doc>
<status status="PASS" start="2024-04-15T17:11:42.871405" elapsed="0.000207"/>
</kw>
<kw name="Set Variable" owner="BuiltIn">
<msg time="2024-04-15T17:11:42.872324" level="INFO">${name_country} = NL</msg>
<var>${name_country}</var>
<arg>${json_data["results"][0]["nat"]}</arg>
<doc>Returns the given values which can then be assigned to a variables.</doc>
<status status="PASS" start="2024-04-15T17:11:42.871930" elapsed="0.000419"/>
</kw>
<kw name="Create List" owner="BuiltIn">
<msg time="2024-04-15T17:11:42.873245" level="INFO">${list_country} = ['AD', 'AE', 'AF', 'AG', 'AI', 'AL', 'AM', 'AO', 'AQ', 'AR', 'AS', 'AT', 'AU', 'AW', 'AX', 'AZ', 'BA', 'BB', 'BD', 'BE', 'BF', 'BG', 'BH', 'BI', 'BJ', 'BL', 'BM', 'BN', 'BO', 'BQ', 'BR', 'BS', 'BT', '...</msg>
<var>${list_country}</var>
<arg>AD</arg>
<arg>AE</arg>
<arg>AF</arg>
<arg>AG</arg>
<arg>AI</arg>
<arg>AL</arg>
<arg>AM</arg>
<arg>AO</arg>
<arg>AQ</arg>
<arg>AR</arg>
<arg>AS</arg>
<arg>AT</arg>
<arg>AU</arg>
<arg>AW</arg>
<arg>AX</arg>
<arg>AZ</arg>
<arg>BA</arg>
<arg>BB</arg>
<arg>BD</arg>
<arg>BE</arg>
<arg>BF</arg>
<arg>BG</arg>
<arg>BH</arg>
<arg>BI</arg>
<arg>BJ</arg>
<arg>BL</arg>
<arg>BM</arg>
<arg>BN</arg>
<arg>BO</arg>
<arg>BQ</arg>
<arg>BR</arg>
<arg>BS</arg>
<arg>BT</arg>
<arg>BV</arg>
<arg>BW</arg>
<arg>BY</arg>
<arg>BZ</arg>
<arg>CA</arg>
<arg>CC</arg>
<arg>CD</arg>
<arg>CF</arg>
<arg>CG</arg>
<arg>CH</arg>
<arg>CI</arg>
<arg>CK</arg>
<arg>CL</arg>
<arg>CM</arg>
<arg>CN</arg>
<arg>CO</arg>
<arg>CR</arg>
<arg>CU</arg>
<arg>CV</arg>
<arg>CW</arg>
<arg>CX</arg>
<arg>CY</arg>
<arg>CZ</arg>
<arg>DE</arg>
<arg>DJ</arg>
<arg>DK</arg>
<arg>DM</arg>
<arg>DO</arg>
<arg>DZ</arg>
<arg>EC</arg>
<arg>EE</arg>
<arg>EG</arg>
<arg>EH</arg>
<arg>ER</arg>
<arg>ES</arg>
<arg>ET</arg>
<arg>FI</arg>
<arg>FJ</arg>
<arg>FK</arg>
<arg>FM</arg>
<arg>FO</arg>
<arg>FR</arg>
<arg>GA</arg>
<arg>GB</arg>
<arg>GD</arg>
<arg>GE</arg>
<arg>GF</arg>
<arg>GG</arg>
<arg>GH</arg>
<arg>GI</arg>
<arg>GL</arg>
<arg>GM</arg>
<arg>GN</arg>
<arg>GP</arg>
<arg>GQ</arg>
<arg>GR</arg>
<arg>GS</arg>
<arg>GT</arg>
<arg>GU</arg>
<arg>GW</arg>
<arg>GY</arg>
<arg>HK</arg>
<arg>HM</arg>
<arg>HN</arg>
<arg>HR</arg>
<arg>HT</arg>
<arg>HU</arg>
<arg>ID</arg>
<arg>IE</arg>
<arg>IL</arg>
<arg>IM</arg>
<arg>IN</arg>
<arg>IO</arg>
<arg>IQ</arg>
<arg>IR</arg>
<arg>IS</arg>
<arg>IT</arg>
<arg>JE</arg>
<arg>JM</arg>
<arg>JO</arg>
<arg>JP</arg>
<arg>KE</arg>
<arg>KG</arg>
<arg>KH</arg>
<arg>KI</arg>
<arg>KM</arg>
<arg>KN</arg>
<arg>KP</arg>
<arg>KR</arg>
<arg>KW</arg>
<arg>KY</arg>
<arg>KZ</arg>
<arg>LA</arg>
<arg>LB</arg>
<arg>LC</arg>
<arg>LI</arg>
<arg>LK</arg>
<arg>LR</arg>
<arg>LS</arg>
<arg>LT</arg>
<arg>LU</arg>
<arg>LV</arg>
<arg>LY</arg>
<arg>MA</arg>
<arg>MC</arg>
<arg>MD</arg>
<arg>ME</arg>
<arg>MF</arg>
<arg>MG</arg>
<arg>MH</arg>
<arg>MK</arg>
<arg>ML</arg>
<arg>MM</arg>
<arg>MN</arg>
<arg>MO</arg>
<arg>MP</arg>
<arg>MQ</arg>
<arg>MR</arg>
<arg>MS</arg>
<arg>MT</arg>
<arg>MU</arg>
<arg>MV</arg>
<arg>MW</arg>
<arg>MX</arg>
<arg>MY</arg>
<arg>MZ</arg>
<arg>NA</arg>
<arg>NC</arg>
<arg>NE</arg>
<arg>NF</arg>
<arg>NG</arg>
<arg>NI</arg>
<arg>NL</arg>
<arg>NO</arg>
<arg>NP</arg>
<arg>NR</arg>
<arg>NU</arg>
<arg>NZ</arg>
<arg>OM</arg>
<arg>PA</arg>
<arg>PE</arg>
<arg>PF</arg>
<arg>PG</arg>
<arg>PH</arg>
<arg>PK</arg>
<arg>PL</arg>
<arg>PM</arg>
<arg>PN</arg>
<arg>PR</arg>
<arg>PS</arg>
<arg>PT</arg>
<arg>PW</arg>
<arg>PY</arg>
<arg>QA</arg>
<arg>RE</arg>
<arg>RO</arg>
<arg>RS</arg>
<arg>RU</arg>
<arg>RW</arg>
<arg>SA</arg>
<arg>SB</arg>
<arg>SC</arg>
<arg>SD</arg>
<arg>SE</arg>
<arg>SG</arg>
<arg>SH</arg>
<arg>SI</arg>
<arg>SJ</arg>
<arg>SK</arg>
<arg>SL</arg>
<arg>SM</arg>
<arg>SN</arg>
<arg>SO</arg>
<arg>SR</arg>
<arg>SS</arg>
<arg>ST</arg>
<arg>SV</arg>
<arg>SX</arg>
<arg>SY</arg>
<arg>SZ</arg>
<arg>TC</arg>
<arg>TD</arg>
<arg>TF</arg>
<arg>TG</arg>
<arg>TH</arg>
<arg>TJ</arg>
<arg>TK</arg>
<arg>TL</arg>
<arg>TM</arg>
<arg>TN</arg>
<arg>TO</arg>
<arg>TR</arg>
<arg>TT</arg>
<arg>TV</arg>
<arg>TW</arg>
<arg>TZ</arg>
<arg>UA</arg>
<arg>UG</arg>
<arg>UM</arg>
<arg>US</arg>
<arg>UY</arg>
<arg>UZ</arg>
<arg>VA</arg>
<arg>VC</arg>
<arg>VE</arg>
<arg>VG</arg>
<arg>VI</arg>
<arg>VN</arg>
<arg>VU</arg>
<arg>WF</arg>
<arg>WS</arg>
<arg>XK</arg>
<arg>YE</arg>
<arg>YT</arg>
<arg>ZA</arg>
<arg>ZM</arg>
<arg>ZW</arg>
<doc>Returns a list containing given items.</doc>
<status status="PASS" start="2024-04-15T17:11:42.872650" elapsed="0.000621"/>
</kw>
<kw name="List Should Contain Value" owner="Collections">
<msg time="2024-04-15T17:11:42.874263" level="INFO">False</msg>
<arg>${list_country}</arg>
<arg>${name_country}</arg>
<doc>Fails if the ``value`` is not found from ``list``.</doc>
<status status="PASS" start="2024-04-15T17:11:42.874056" elapsed="0.000243"/>
</kw>
<kw name="Run Keyword If" owner="BuiltIn">
<kw name="Should Be True" owner="BuiltIn">
<arg>${True}</arg>
<doc>Fails if the given condition is not true.</doc>
<status status="PASS" start="2024-04-15T17:11:42.875361" elapsed="0.000147"/>
</kw>
<arg>${json_data["results"][0]["location"]["coordinates"]["latitude"]} &gt;= -90 and ${json_data["results"][0]["location"]["coordinates"]["latitude"]} &lt;= 90</arg>
<arg>Should Be True</arg>
<arg>${True}</arg>
<doc>Runs the given keyword with the given arguments, if ``condition`` is true.</doc>
<status status="PASS" start="2024-04-15T17:11:42.874615" elapsed="0.001024"/>
</kw>
<kw name="Run Keyword If" owner="BuiltIn">
<kw name="Should Be True" owner="BuiltIn">
<arg>${True}</arg>
<doc>Fails if the given condition is not true.</doc>
<status status="PASS" start="2024-04-15T17:11:42.876602" elapsed="0.000242"/>
</kw>
<arg>${json_data["results"][0]["location"]["coordinates"]["longitude"]} &gt;= -180 and ${json_data["results"][0]["location"]["coordinates"]["longitude"]} &lt;= 180</arg>
<arg>Should Be True</arg>
<arg>${True}</arg>
<doc>Runs the given keyword with the given arguments, if ``condition`` is true.</doc>
<status status="PASS" start="2024-04-15T17:11:42.875829" elapsed="0.001143"/>
</kw>
<status status="PASS" start="2024-04-15T17:11:42.831166" elapsed="0.045938"/>
</kw>
<doc>Testa o conteúdo específico dos campos retornados pela API.</doc>
<tag>testeConteudo</tag>
<status status="PASS" start="2024-04-15T17:11:42.830698" elapsed="0.046553"/>
</test>
<status status="PASS" start="2024-04-15T17:11:42.067304" elapsed="0.811893"/>
</suite>
<status status="PASS" start="2024-04-15T17:11:42.053173" elapsed="0.831398"/>
</suite>
<statistics>
<total>
<stat pass="5" fail="0" skip="0">All Tests</stat>
</total>
<tag>
<stat pass="1" fail="0" skip="0">testeConteudo</stat>
<stat pass="1" fail="0" skip="0">testeEstruturaResposta</stat>
<stat pass="1" fail="0" skip="0">testeRequisicaoBasica</stat>
<stat pass="1" fail="0" skip="0">testeTiposDados</stat>
</tag>
<suite>
<stat pass="5" fail="0" skip="0" id="s1" name="Tests">Tests</stat>
<stat pass="5" fail="0" skip="0" id="s1-s1" name="Random-User-Test">Tests.Random-User-Test</stat>
</suite>
</statistics>
<errors>
</errors>
</robot>
