<?xml version="1.0" encoding="UTF-8"?>
<robot generator="Robot 7.0.1 (Python 3.12.4 on linux)" generated="2024-07-19T12:28:33.091562" rpa="false" schemaversion="5">
<suite id="s1" name="Tests" source="/home/runner/work/ApiRandomUser/ApiRandomUser/RamdonUser/tests">
<suite id="s1-s1" name="Random-User-Test" source="/home/runner/work/ApiRandomUser/ApiRandomUser/RamdonUser/tests/random-user-test.robot">
<test id="s1-s1-t1" name="Conectar" line="13">
<kw name="Conectar API" owner="random-user-service">
<kw name="Create Session" owner="RequestsLibrary">
<msg time="2024-07-19T12:28:33.511448" level="INFO">Creating Session using : alias=consultarAPI, url=https://randomuser.me/, headers={},                     cookies={}, auth=None, timeout=None, proxies=None, verify=False,                     debug=0 </msg>
<arg>consultarAPI</arg>
<arg>${URL}</arg>
<doc>Create Session: create a HTTP session to a server</doc>
<status status="PASS" start="2024-07-19T12:28:33.511237" elapsed="0.000408"/>
</kw>
<status status="PASS" start="2024-07-19T12:28:33.510127" elapsed="0.001889"/>
</kw>
<status status="PASS" start="2024-07-19T12:28:33.509533" elapsed="0.002678"/>
</test>
<test id="s1-s1-t2" name="Validar retorno 200 e JSON Válido" line="16">
<kw name="Teste de Requisicao Basica" owner="random-user-service">
<kw name="GET On Session" owner="RequestsLibrary">
<msg time="2024-07-19T12:28:33.692002" level="INFO">GET Request : url=https://randomuser.me/api 
 path_url=/api 
 headers={'User-Agent': 'python-requests/2.32.3', 'Accept-Encoding': 'gzip, deflate', 'Accept': '*/*', 'Connection': 'keep-alive'} 
 body=None 
 </msg>
<msg time="2024-07-19T12:28:33.692183" level="INFO">GET Response : url=https://randomuser.me/api 
 status=200, reason=OK 
 headers={'Date': 'Fri, 19 Jul 2024 12:28:33 GMT', 'Content-Type': 'application/json; charset=utf-8', 'Transfer-Encoding': 'chunked', 'Connection': 'keep-alive', 'X-Powered-By': 'Express', 'Access-Control-Allow-Origin': '*', 'Cache-Control': 'no-cache', 'ETag': 'W/"4a9-D/puS9juE/F0vSuw36HdxWf6GQA"', 'Vary': 'Accept-Encoding', 'Content-Encoding': 'gzip', 'CF-Cache-Status': 'DYNAMIC', 'Report-To': '{"endpoints":[{"url":"https:\\/\\/a.nel.cloudflare.com\\/report\\/v4?s=kkrzI7ly8Ltw0NC3XYhu%2FCspNNleeASxbfpRi%2BJmfbq4rIAOTPT2b%2BsocG6nOakATadh6uK4bhiqQDSMHA1DamXFjMhrioHAY1gOF6loA9hNUto1ix3Z7fjCtIyqm%2F9f"}],"group":"cf-nel","max_age":604800}', 'NEL': '{"success_fraction":0,"report_to":"cf-nel","max_age":604800}', 'Server': 'cloudflare', 'CF-RAY': '8a5ab6465b8328a2-IAD', 'alt-svc': 'h3=":443"; ma=86400'} 
 body={"results":[{"gender":"male","name":{"title":"Mr","first":"Côme","last":"Blanchard"},"location":{"street":{"number":8462,"name":"Rue Dugas-Montbel"},"city":"Aulnay-sous-Bois","state":"Bouches-du-Rhône","country":"France","postcode":68345,"coordinates":{"latitude":"-19.6021","longitude":"-106.7943"},"timezone":{"offset":"+4:00","description":"Abu Dhabi, Muscat, Baku, Tbilisi"}},"email":"come.blanchard@example.com","login":{"uuid":"219dd12a-4409-4ae2-ad2e-96bb584dca51","username":"bluetiger632","password":"spam","salt":"srbKN4kl","md5":"6a31b3624b861c751839bb6271ab0213","sha1":"d1c0b3735dbfe8f6f442f37d30b1b6db31fa37a0","sha256":"7ec0ab3d452e9056b57bfb86c55cdf5b70b1e47ac803750ea644d158148581f7"},"dob":{"date":"1966-07-13T03:39:00.214Z","age":58},"registered":{"date":"2017-02-28T23:35:15.774Z","age":7},"phone":"02-52-87-63-04","cell":"06-75-14-55-97","id":{"name":"INSEE","value":"1660641080152 40"},"picture":{"large":"https://randomuser.me/api/portraits/men/69.jpg","medium":"https://randomuser.me/api/portraits/med/men/69.jpg","thumbnail":"https://randomuser.me/api/portraits/thumb/men/69.jpg"},"nat":"FR"}],"info":{"seed":"02fb7824fd08e20b","results":1,"page":1,"version":"1.4"}} 
 </msg>
<msg time="2024-07-19T12:28:33.692273" level="INFO">/opt/hostedtoolcache/Python/3.12.4/x64/lib/python3.12/site-packages/urllib3/connectionpool.py:1099: InsecureRequestWarning: Unverified HTTPS request is being made to host 'randomuser.me'. Adding certificate verification is strongly advised. See: https://urllib3.readthedocs.io/en/latest/advanced-usage.html#tls-warnings
  warnings.warn(</msg>
<msg time="2024-07-19T12:28:33.692412" level="INFO">${response} = &lt;Response [200]&gt;</msg>
<var>${response}</var>
<arg>consultarAPI</arg>
<arg>/api</arg>
<doc>Sends a GET request on a previously created HTTP Session.</doc>
<status status="PASS" start="2024-07-19T12:28:33.514825" elapsed="0.177623"/>
</kw>
<kw name="Should Be Equal As Numbers" owner="BuiltIn">
<msg time="2024-07-19T12:28:33.693506" level="INFO">Argument types are:
&lt;class 'int'&gt;
&lt;class 'str'&gt;</msg>
<arg>${response.status_code}</arg>
<arg>200</arg>
<doc>Fails if objects are unequal after converting them to real numbers.</doc>
<status status="PASS" start="2024-07-19T12:28:33.693033" elapsed="0.000544"/>
</kw>
<kw name="Log" owner="BuiltIn">
<msg time="2024-07-19T12:28:33.694330" level="INFO">200</msg>
<arg>${response.status_code}</arg>
<doc>Logs the given message with the given level.</doc>
<status status="PASS" start="2024-07-19T12:28:33.693931" elapsed="0.000447"/>
</kw>
<kw name="Set Variable" owner="BuiltIn">
<msg time="2024-07-19T12:28:33.695145" level="INFO">${json_data} = {'results': [{'gender': 'male', 'name': {'title': 'Mr', 'first': 'Côme', 'last': 'Blanchard'}, 'location': {'street': {'number': 8462, 'name': 'Rue Dugas-Montbel'}, 'city': 'Aulnay-sous-Bois', 'state'...</msg>
<var>${json_data}</var>
<arg>${response.json()}</arg>
<doc>Returns the given values which can then be assigned to a variables.</doc>
<status status="PASS" start="2024-07-19T12:28:33.694696" elapsed="0.000479"/>
</kw>
<kw name="Dictionary Should Contain Key" owner="Collections">
<arg>${json_data}</arg>
<arg>results</arg>
<doc>Fails if ``key`` is not found from ``dictionary``.</doc>
<status status="PASS" start="2024-07-19T12:28:33.695484" elapsed="0.000341"/>
</kw>
<status status="PASS" start="2024-07-19T12:28:33.514575" elapsed="0.181409"/>
</kw>
<doc>Testa se a API responde corretamente e retorna um objeto JSON válido.</doc>
<tag>testeRequisicaoBasica</tag>
<status status="PASS" start="2024-07-19T12:28:33.514072" elapsed="0.182090"/>
</test>
<test id="s1-s1-t3" name="Validar estrutura de resposta" line="22">
<kw name="Teste de Estrutura de Resposta" owner="random-user-service">
<kw name="GET On Session" owner="RequestsLibrary">
<msg time="2024-07-19T12:28:33.791253" level="INFO">GET Request : url=https://randomuser.me/api 
 path_url=/api 
 headers={'User-Agent': 'python-requests/2.32.3', 'Accept-Encoding': 'gzip, deflate', 'Accept': '*/*', 'Connection': 'keep-alive'} 
 body=None 
 </msg>
<msg time="2024-07-19T12:28:33.791374" level="INFO">GET Response : url=https://randomuser.me/api 
 status=200, reason=OK 
 headers={'Date': 'Fri, 19 Jul 2024 12:28:33 GMT', 'Content-Type': 'application/json; charset=utf-8', 'Transfer-Encoding': 'chunked', 'Connection': 'keep-alive', 'X-Powered-By': 'Express', 'Access-Control-Allow-Origin': '*', 'Cache-Control': 'no-cache', 'ETag': 'W/"496-uj2V8MWIsMu2Fpn0rETc8PCxf6A"', 'Vary': 'Accept-Encoding', 'Content-Encoding': 'gzip', 'CF-Cache-Status': 'DYNAMIC', 'Report-To': '{"endpoints":[{"url":"https:\\/\\/a.nel.cloudflare.com\\/report\\/v4?s=vkAhuaLBrf%2BSJFKfnmIj%2B5kq%2B%2Be%2B84hV78c1nH15cJuiPn%2BPO%2BkVBue6jhSM1xWaN9GKVp00CFE%2BQtPELVINQmLDOAKOD9gQszVCTnlPhSXwHQtX7Qsf2XSPnldWDb9u"}],"group":"cf-nel","max_age":604800}', 'NEL': '{"success_fraction":0,"report_to":"cf-nel","max_age":604800}', 'Server': 'cloudflare', 'CF-RAY': '8a5ab646abd128a2-IAD', 'alt-svc': 'h3=":443"; ma=86400'} 
 body={"results":[{"gender":"male","name":{"title":"Mr","first":"Jesus","last":"Santos"},"location":{"street":{"number":7824,"name":"Travessa dos Martírios"},"city":"Petrolina","state":"Minas Gerais","country":"Brazil","postcode":33822,"coordinates":{"latitude":"-76.7129","longitude":"-58.3994"},"timezone":{"offset":"-1:00","description":"Azores, Cape Verde Islands"}},"email":"jesus.santos@example.com","login":{"uuid":"8e6cfa74-d73b-426e-9b78-04419836abb7","username":"heavyleopard119","password":"poipoi","salt":"ZDpRjA5L","md5":"ba710b6add8095fbcf8632be31915083","sha1":"4c99263f9e4a3bbf21230399aaa5f6df5ef5a9bd","sha256":"6a28619b14b4b7102d38bd71576725fc0b4aaa9050855333fb6165cb620b7aea"},"dob":{"date":"1960-11-22T04:49:04.498Z","age":63},"registered":{"date":"2008-02-22T04:47:24.805Z","age":16},"phone":"(55) 2466-7406","cell":"(14) 3363-4374","id":{"name":"CPF","value":"273.064.581-50"},"picture":{"large":"https://randomuser.me/api/portraits/men/8.jpg","medium":"https://randomuser.me/api/portraits/med/men/8.jpg","thumbnail":"https://randomuser.me/api/portraits/thumb/men/8.jpg"},"nat":"BR"}],"info":{"seed":"0678d440ea84e3f9","results":1,"page":1,"version":"1.4"}} 
 </msg>
<msg time="2024-07-19T12:28:33.791515" level="INFO">/opt/hostedtoolcache/Python/3.12.4/x64/lib/python3.12/site-packages/urllib3/connectionpool.py:1099: InsecureRequestWarning: Unverified HTTPS request is being made to host 'randomuser.me'. Adding certificate verification is strongly advised. See: https://urllib3.readthedocs.io/en/latest/advanced-usage.html#tls-warnings
  warnings.warn(</msg>
<msg time="2024-07-19T12:28:33.791645" level="INFO">${response} = &lt;Response [200]&gt;</msg>
<var>${response}</var>
<arg>consultarAPI</arg>
<arg>/api</arg>
<doc>Sends a GET request on a previously created HTTP Session.</doc>
<status status="PASS" start="2024-07-19T12:28:33.699208" elapsed="0.092469"/>
</kw>
<kw name="Set Variable" owner="BuiltIn">
<msg time="2024-07-19T12:28:33.792792" level="INFO">${json_data} = {'results': [{'gender': 'male', 'name': {'title': 'Mr', 'first': 'Jesus', 'last': 'Santos'}, 'location': {'street': {'number': 7824, 'name': 'Travessa dos Martírios'}, 'city': 'Petrolina', 'state': 'M...</msg>
<var>${json_data}</var>
<arg>${response.json()}</arg>
<doc>Returns the given values which can then be assigned to a variables.</doc>
<status status="PASS" start="2024-07-19T12:28:33.792238" elapsed="0.000584"/>
</kw>
<kw name="Log" owner="BuiltIn">
<msg time="2024-07-19T12:28:33.793358" level="INFO">{'results': [{'gender': 'male', 'name': {'title': 'Mr', 'first': 'Jesus', 'last': 'Santos'}, 'location': {'street': {'number': 7824, 'name': 'Travessa dos Martírios'}, 'city': 'Petrolina', 'state': 'Minas Gerais', 'country': 'Brazil', 'postcode': 33822, 'coordinates': {'latitude': '-76.7129', 'longitude': '-58.3994'}, 'timezone': {'offset': '-1:00', 'description': 'Azores, Cape Verde Islands'}}, 'email': 'jesus.santos@example.com', 'login': {'uuid': '8e6cfa74-d73b-426e-9b78-04419836abb7', 'username': 'heavyleopard119', 'password': 'poipoi', 'salt': 'ZDpRjA5L', 'md5': 'ba710b6add8095fbcf8632be31915083', 'sha1': '4c99263f9e4a3bbf21230399aaa5f6df5ef5a9bd', 'sha256': '6a28619b14b4b7102d38bd71576725fc0b4aaa9050855333fb6165cb620b7aea'}, 'dob': {'date': '1960-11-22T04:49:04.498Z', 'age': 63}, 'registered': {'date': '2008-02-22T04:47:24.805Z', 'age': 16}, 'phone': '(55) 2466-7406', 'cell': '(14) 3363-4374', 'id': {'name': 'CPF', 'value': '273.064.581-50'}, 'picture': {'large': 'https://randomuser.me/api/portraits/men/8.jpg', 'medium': 'https://randomuser.me/api/portraits/med/men/8.jpg', 'thumbnail': 'https://randomuser.me/api/portraits/thumb/men/8.jpg'}, 'nat': 'BR'}], 'info': {'seed': '0678d440ea84e3f9', 'results': 1, 'page': 1, 'version': '1.4'}}</msg>
<arg>${json_data}</arg>
<doc>Logs the given message with the given level.</doc>
<status status="PASS" start="2024-07-19T12:28:33.793174" elapsed="0.000237"/>
</kw>
<kw name="Dictionary Should Contain Key" owner="Collections">
<arg>${json_data}</arg>
<arg>results</arg>
<doc>Fails if ``key`` is not found from ``dictionary``.</doc>
<status status="PASS" start="2024-07-19T12:28:33.793719" elapsed="0.000169"/>
</kw>
<kw name="Should Not Be Empty" owner="BuiltIn">
<msg time="2024-07-19T12:28:33.794210" level="INFO">Length is 2.</msg>
<arg>${json_data}</arg>
<doc>Verifies that the given item is not empty.</doc>
<status status="PASS" start="2024-07-19T12:28:33.794078" elapsed="0.000170"/>
</kw>
<kw name="Create List" owner="BuiltIn">
<msg time="2024-07-19T12:28:33.794760" level="INFO">${expected_keys} = ['gender', 'name', 'location', 'email', 'login']</msg>
<var>${expected_keys}</var>
<arg>gender</arg>
<arg>name</arg>
<arg>location</arg>
<arg>email</arg>
<arg>login</arg>
<doc>Returns a list containing given items.</doc>
<status status="PASS" start="2024-07-19T12:28:33.794604" elapsed="0.000180"/>
</kw>
<for flavor="IN">
<iter>
<kw name="Dictionary Should Contain Key" owner="Collections">
<arg>${json_data['results'][0]}</arg>
<arg>${key}</arg>
<doc>Fails if ``key`` is not found from ``dictionary``.</doc>
<status status="PASS" start="2024-07-19T12:28:33.795392" elapsed="0.000428"/>
</kw>
<kw name="Log" owner="BuiltIn">
<msg time="2024-07-19T12:28:33.796367" level="INFO">{'gender': 'male', 'name': {'title': 'Mr', 'first': 'Jesus', 'last': 'Santos'}, 'location': {'street': {'number': 7824, 'name': 'Travessa dos Martírios'}, 'city': 'Petrolina', 'state': 'Minas Gerais', 'country': 'Brazil', 'postcode': 33822, 'coordinates': {'latitude': '-76.7129', 'longitude': '-58.3994'}, 'timezone': {'offset': '-1:00', 'description': 'Azores, Cape Verde Islands'}}, 'email': 'jesus.santos@example.com', 'login': {'uuid': '8e6cfa74-d73b-426e-9b78-04419836abb7', 'username': 'heavyleopard119', 'password': 'poipoi', 'salt': 'ZDpRjA5L', 'md5': 'ba710b6add8095fbcf8632be31915083', 'sha1': '4c99263f9e4a3bbf21230399aaa5f6df5ef5a9bd', 'sha256': '6a28619b14b4b7102d38bd71576725fc0b4aaa9050855333fb6165cb620b7aea'}, 'dob': {'date': '1960-11-22T04:49:04.498Z', 'age': 63}, 'registered': {'date': '2008-02-22T04:47:24.805Z', 'age': 16}, 'phone': '(55) 2466-7406', 'cell': '(14) 3363-4374', 'id': {'name': 'CPF', 'value': '273.064.581-50'}, 'picture': {'large': 'https://randomuser.me/api/portraits/men/8.jpg', 'medium': 'https://randomuser.me/api/portraits/med/men/8.jpg', 'thumbnail': 'https://randomuser.me/api/portraits/thumb/men/8.jpg'}, 'nat': 'BR'}</msg>
<arg>${json_data['results'][0]}</arg>
<doc>Logs the given message with the given level.</doc>
<status status="PASS" start="2024-07-19T12:28:33.796008" elapsed="0.000411"/>
</kw>
<kw name="Log" owner="BuiltIn">
<msg time="2024-07-19T12:28:33.796880" level="INFO">gender</msg>
<arg>${key}</arg>
<doc>Logs the given message with the given level.</doc>
<status status="PASS" start="2024-07-19T12:28:33.796750" elapsed="0.000169"/>
</kw>
<var name="${key}">gender</var>
<status status="PASS" start="2024-07-19T12:28:33.795260" elapsed="0.001881"/>
</iter>
<iter>
<kw name="Dictionary Should Contain Key" owner="Collections">
<arg>${json_data['results'][0]}</arg>
<arg>${key}</arg>
<doc>Fails if ``key`` is not found from ``dictionary``.</doc>
<status status="PASS" start="2024-07-19T12:28:33.797442" elapsed="0.000392"/>
</kw>
<kw name="Log" owner="BuiltIn">
<msg time="2024-07-19T12:28:33.798398" level="INFO">{'gender': 'male', 'name': {'title': 'Mr', 'first': 'Jesus', 'last': 'Santos'}, 'location': {'street': {'number': 7824, 'name': 'Travessa dos Martírios'}, 'city': 'Petrolina', 'state': 'Minas Gerais', 'country': 'Brazil', 'postcode': 33822, 'coordinates': {'latitude': '-76.7129', 'longitude': '-58.3994'}, 'timezone': {'offset': '-1:00', 'description': 'Azores, Cape Verde Islands'}}, 'email': 'jesus.santos@example.com', 'login': {'uuid': '8e6cfa74-d73b-426e-9b78-04419836abb7', 'username': 'heavyleopard119', 'password': 'poipoi', 'salt': 'ZDpRjA5L', 'md5': 'ba710b6add8095fbcf8632be31915083', 'sha1': '4c99263f9e4a3bbf21230399aaa5f6df5ef5a9bd', 'sha256': '6a28619b14b4b7102d38bd71576725fc0b4aaa9050855333fb6165cb620b7aea'}, 'dob': {'date': '1960-11-22T04:49:04.498Z', 'age': 63}, 'registered': {'date': '2008-02-22T04:47:24.805Z', 'age': 16}, 'phone': '(55) 2466-7406', 'cell': '(14) 3363-4374', 'id': {'name': 'CPF', 'value': '273.064.581-50'}, 'picture': {'large': 'https://randomuser.me/api/portraits/men/8.jpg', 'medium': 'https://randomuser.me/api/portraits/med/men/8.jpg', 'thumbnail': 'https://randomuser.me/api/portraits/thumb/men/8.jpg'}, 'nat': 'BR'}</msg>
<arg>${json_data['results'][0]}</arg>
<doc>Logs the given message with the given level.</doc>
<status status="PASS" start="2024-07-19T12:28:33.798017" elapsed="0.000478"/>
</kw>
<kw name="Log" owner="BuiltIn">
<msg time="2024-07-19T12:28:33.798932" level="INFO">name</msg>
<arg>${key}</arg>
<doc>Logs the given message with the given level.</doc>
<status status="PASS" start="2024-07-19T12:28:33.798803" elapsed="0.000167"/>
</kw>
<var name="${key}">name</var>
<status status="PASS" start="2024-07-19T12:28:33.797329" elapsed="0.001860"/>
</iter>
<iter>
<kw name="Dictionary Should Contain Key" owner="Collections">
<arg>${json_data['results'][0]}</arg>
<arg>${key}</arg>
<doc>Fails if ``key`` is not found from ``dictionary``.</doc>
<status status="PASS" start="2024-07-19T12:28:33.799474" elapsed="0.000381"/>
</kw>
<kw name="Log" owner="BuiltIn">
<msg time="2024-07-19T12:28:33.800400" level="INFO">{'gender': 'male', 'name': {'title': 'Mr', 'first': 'Jesus', 'last': 'Santos'}, 'location': {'street': {'number': 7824, 'name': 'Travessa dos Martírios'}, 'city': 'Petrolina', 'state': 'Minas Gerais', 'country': 'Brazil', 'postcode': 33822, 'coordinates': {'latitude': '-76.7129', 'longitude': '-58.3994'}, 'timezone': {'offset': '-1:00', 'description': 'Azores, Cape Verde Islands'}}, 'email': 'jesus.santos@example.com', 'login': {'uuid': '8e6cfa74-d73b-426e-9b78-04419836abb7', 'username': 'heavyleopard119', 'password': 'poipoi', 'salt': 'ZDpRjA5L', 'md5': 'ba710b6add8095fbcf8632be31915083', 'sha1': '4c99263f9e4a3bbf21230399aaa5f6df5ef5a9bd', 'sha256': '6a28619b14b4b7102d38bd71576725fc0b4aaa9050855333fb6165cb620b7aea'}, 'dob': {'date': '1960-11-22T04:49:04.498Z', 'age': 63}, 'registered': {'date': '2008-02-22T04:47:24.805Z', 'age': 16}, 'phone': '(55) 2466-7406', 'cell': '(14) 3363-4374', 'id': {'name': 'CPF', 'value': '273.064.581-50'}, 'picture': {'large': 'https://randomuser.me/api/portraits/men/8.jpg', 'medium': 'https://randomuser.me/api/portraits/med/men/8.jpg', 'thumbnail': 'https://randomuser.me/api/portraits/thumb/men/8.jpg'}, 'nat': 'BR'}</msg>
<arg>${json_data['results'][0]}</arg>
<doc>Logs the given message with the given level.</doc>
<status status="PASS" start="2024-07-19T12:28:33.800044" elapsed="0.000408"/>
</kw>
<kw name="Log" owner="BuiltIn">
<msg time="2024-07-19T12:28:33.800870" level="INFO">location</msg>
<arg>${key}</arg>
<doc>Logs the given message with the given level.</doc>
<status status="PASS" start="2024-07-19T12:28:33.800745" elapsed="0.000163"/>
</kw>
<var name="${key}">location</var>
<status status="PASS" start="2024-07-19T12:28:33.799367" elapsed="0.001757"/>
</iter>
<iter>
<kw name="Dictionary Should Contain Key" owner="Collections">
<arg>${json_data['results'][0]}</arg>
<arg>${key}</arg>
<doc>Fails if ``key`` is not found from ``dictionary``.</doc>
<status status="PASS" start="2024-07-19T12:28:33.801402" elapsed="0.000385"/>
</kw>
<kw name="Log" owner="BuiltIn">
<msg time="2024-07-19T12:28:33.802491" level="INFO">{'gender': 'male', 'name': {'title': 'Mr', 'first': 'Jesus', 'last': 'Santos'}, 'location': {'street': {'number': 7824, 'name': 'Travessa dos Martírios'}, 'city': 'Petrolina', 'state': 'Minas Gerais', 'country': 'Brazil', 'postcode': 33822, 'coordinates': {'latitude': '-76.7129', 'longitude': '-58.3994'}, 'timezone': {'offset': '-1:00', 'description': 'Azores, Cape Verde Islands'}}, 'email': 'jesus.santos@example.com', 'login': {'uuid': '8e6cfa74-d73b-426e-9b78-04419836abb7', 'username': 'heavyleopard119', 'password': 'poipoi', 'salt': 'ZDpRjA5L', 'md5': 'ba710b6add8095fbcf8632be31915083', 'sha1': '4c99263f9e4a3bbf21230399aaa5f6df5ef5a9bd', 'sha256': '6a28619b14b4b7102d38bd71576725fc0b4aaa9050855333fb6165cb620b7aea'}, 'dob': {'date': '1960-11-22T04:49:04.498Z', 'age': 63}, 'registered': {'date': '2008-02-22T04:47:24.805Z', 'age': 16}, 'phone': '(55) 2466-7406', 'cell': '(14) 3363-4374', 'id': {'name': 'CPF', 'value': '273.064.581-50'}, 'picture': {'large': 'https://randomuser.me/api/portraits/men/8.jpg', 'medium': 'https://randomuser.me/api/portraits/med/men/8.jpg', 'thumbnail': 'https://randomuser.me/api/portraits/thumb/men/8.jpg'}, 'nat': 'BR'}</msg>
<arg>${json_data['results'][0]}</arg>
<doc>Logs the given message with the given level.</doc>
<status status="PASS" start="2024-07-19T12:28:33.802103" elapsed="0.000441"/>
</kw>
<kw name="Log" owner="BuiltIn">
<msg time="2024-07-19T12:28:33.802970" level="INFO">email</msg>
<arg>${key}</arg>
<doc>Logs the given message with the given level.</doc>
<status status="PASS" start="2024-07-19T12:28:33.802842" elapsed="0.000166"/>
</kw>
<var name="${key}">email</var>
<status status="PASS" start="2024-07-19T12:28:33.801294" elapsed="0.001929"/>
</iter>
<iter>
<kw name="Dictionary Should Contain Key" owner="Collections">
<arg>${json_data['results'][0]}</arg>
<arg>${key}</arg>
<doc>Fails if ``key`` is not found from ``dictionary``.</doc>
<status status="PASS" start="2024-07-19T12:28:33.803502" elapsed="0.000375"/>
</kw>
<kw name="Log" owner="BuiltIn">
<msg time="2024-07-19T12:28:33.804409" level="INFO">{'gender': 'male', 'name': {'title': 'Mr', 'first': 'Jesus', 'last': 'Santos'}, 'location': {'street': {'number': 7824, 'name': 'Travessa dos Martírios'}, 'city': 'Petrolina', 'state': 'Minas Gerais', 'country': 'Brazil', 'postcode': 33822, 'coordinates': {'latitude': '-76.7129', 'longitude': '-58.3994'}, 'timezone': {'offset': '-1:00', 'description': 'Azores, Cape Verde Islands'}}, 'email': 'jesus.santos@example.com', 'login': {'uuid': '8e6cfa74-d73b-426e-9b78-04419836abb7', 'username': 'heavyleopard119', 'password': 'poipoi', 'salt': 'ZDpRjA5L', 'md5': 'ba710b6add8095fbcf8632be31915083', 'sha1': '4c99263f9e4a3bbf21230399aaa5f6df5ef5a9bd', 'sha256': '6a28619b14b4b7102d38bd71576725fc0b4aaa9050855333fb6165cb620b7aea'}, 'dob': {'date': '1960-11-22T04:49:04.498Z', 'age': 63}, 'registered': {'date': '2008-02-22T04:47:24.805Z', 'age': 16}, 'phone': '(55) 2466-7406', 'cell': '(14) 3363-4374', 'id': {'name': 'CPF', 'value': '273.064.581-50'}, 'picture': {'large': 'https://randomuser.me/api/portraits/men/8.jpg', 'medium': 'https://randomuser.me/api/portraits/med/men/8.jpg', 'thumbnail': 'https://randomuser.me/api/portraits/thumb/men/8.jpg'}, 'nat': 'BR'}</msg>
<arg>${json_data['results'][0]}</arg>
<doc>Logs the given message with the given level.</doc>
<status status="PASS" start="2024-07-19T12:28:33.804060" elapsed="0.000400"/>
</kw>
<kw name="Log" owner="BuiltIn">
<msg time="2024-07-19T12:28:33.804892" level="INFO">login</msg>
<arg>${key}</arg>
<doc>Logs the given message with the given level.</doc>
<status status="PASS" start="2024-07-19T12:28:33.804767" elapsed="0.000163"/>
</kw>
<var name="${key}">login</var>
<status status="PASS" start="2024-07-19T12:28:33.803395" elapsed="0.001755"/>
</iter>
<var>${key}</var>
<value>@{expected_keys}</value>
<status status="PASS" start="2024-07-19T12:28:33.795057" elapsed="0.010215"/>
</for>
<kw name="Create List" owner="BuiltIn">
<msg time="2024-07-19T12:28:33.805605" level="INFO">${expected_keysTwo} = ['username', 'password']</msg>
<var>${expected_keysTwo}</var>
<arg>username</arg>
<arg>password</arg>
<doc>Returns a list containing given items.</doc>
<status status="PASS" start="2024-07-19T12:28:33.805464" elapsed="0.000195"/>
</kw>
<for flavor="IN">
<iter>
<kw name="Dictionary Should Contain Key" owner="Collections">
<arg>${json_data['results'][0]['login']}</arg>
<arg>${keyTwo}</arg>
<doc>Fails if ``key`` is not found from ``dictionary``.</doc>
<status status="PASS" start="2024-07-19T12:28:33.806167" elapsed="0.000419"/>
</kw>
<kw name="Dictionary Should Contain Key" owner="Collections">
<arg>${json_data['results'][0]['login']}</arg>
<arg>${keyTwo}</arg>
<doc>Fails if ``key`` is not found from ``dictionary``.</doc>
<status status="PASS" start="2024-07-19T12:28:33.806771" elapsed="0.000371"/>
</kw>
<kw name="Log" owner="BuiltIn">
<msg time="2024-07-19T12:28:33.807439" level="INFO">username</msg>
<arg>${keyTwo}</arg>
<doc>Logs the given message with the given level.</doc>
<status status="PASS" start="2024-07-19T12:28:33.807319" elapsed="0.000158"/>
</kw>
<var name="${keyTwo}">username</var>
<status status="PASS" start="2024-07-19T12:28:33.806059" elapsed="0.001637"/>
</iter>
<iter>
<kw name="Dictionary Should Contain Key" owner="Collections">
<arg>${json_data['results'][0]['login']}</arg>
<arg>${keyTwo}</arg>
<doc>Fails if ``key`` is not found from ``dictionary``.</doc>
<status status="PASS" start="2024-07-19T12:28:33.807983" elapsed="0.000375"/>
</kw>
<kw name="Dictionary Should Contain Key" owner="Collections">
<arg>${json_data['results'][0]['login']}</arg>
<arg>${keyTwo}</arg>
<doc>Fails if ``key`` is not found from ``dictionary``.</doc>
<status status="PASS" start="2024-07-19T12:28:33.808547" elapsed="0.000370"/>
</kw>
<kw name="Log" owner="BuiltIn">
<msg time="2024-07-19T12:28:33.809217" level="INFO">password</msg>
<arg>${keyTwo}</arg>
<doc>Logs the given message with the given level.</doc>
<status status="PASS" start="2024-07-19T12:28:33.809092" elapsed="0.000162"/>
</kw>
<var name="${keyTwo}">password</var>
<status status="PASS" start="2024-07-19T12:28:33.807868" elapsed="0.001607"/>
</iter>
<var>${keyTwo}</var>
<value>@{expected_keysTwo}</value>
<status status="PASS" start="2024-07-19T12:28:33.805908" elapsed="0.003686"/>
</for>
<status status="PASS" start="2024-07-19T12:28:33.698868" elapsed="0.110872"/>
</kw>
<doc>Testa a estrutura da resposta da API.</doc>
<tag>testeEstruturaResposta</tag>
<status status="PASS" start="2024-07-19T12:28:33.698051" elapsed="0.111854"/>
</test>
<test id="s1-s1-t4" name="Validar tipos de dados" line="28">
<kw name="Teste de Tipos de Dados" owner="random-user-service">
<kw name="GET On Session" owner="RequestsLibrary">
<msg time="2024-07-19T12:28:33.891450" level="INFO">GET Request : url=https://randomuser.me/api 
 path_url=/api 
 headers={'User-Agent': 'python-requests/2.32.3', 'Accept-Encoding': 'gzip, deflate', 'Accept': '*/*', 'Connection': 'keep-alive'} 
 body=None 
 </msg>
<msg time="2024-07-19T12:28:33.891567" level="INFO">GET Response : url=https://randomuser.me/api 
 status=200, reason=OK 
 headers={'Date': 'Fri, 19 Jul 2024 12:28:33 GMT', 'Content-Type': 'application/json; charset=utf-8', 'Transfer-Encoding': 'chunked', 'Connection': 'keep-alive', 'X-Powered-By': 'Express', 'Access-Control-Allow-Origin': '*', 'Cache-Control': 'no-cache', 'ETag': 'W/"497-fb9/3pvxtRn8LHbKxUez/+c/au4"', 'Vary': 'Accept-Encoding', 'Content-Encoding': 'gzip', 'CF-Cache-Status': 'DYNAMIC', 'Report-To': '{"endpoints":[{"url":"https:\\/\\/a.nel.cloudflare.com\\/report\\/v4?s=cCagWcRalpDKMMwd00pk%2B2qbnORoVp4cNbaK%2BwgJpGyviVu8ggSuZ2g1YWUdgwGRtdev4isEadw36idsqFSmRZ5qrRAWUbObRHlNuXzOEgfUShhw5%2Bu%2F8rIONJdZEVb2"}],"group":"cf-nel","max_age":604800}', 'NEL': '{"success_fraction":0,"report_to":"cf-nel","max_age":604800}', 'Server': 'cloudflare', 'CF-RAY': '8a5ab6475caf28a2-IAD', 'alt-svc': 'h3=":443"; ma=86400'} 
 body={"results":[{"gender":"female","name":{"title":"Mrs","first":"آدرینا","last":"صدر"},"location":{"street":{"number":6909,"name":"میدان توحید"},"city":"آبادان","state":"ایلام","country":"Iran","postcode":94381,"coordinates":{"latitude":"16.3224","longitude":"173.6933"},"timezone":{"offset":"-3:00","description":"Brazil, Buenos Aires, Georgetown"}},"email":"adryn.sdr@example.com","login":{"uuid":"0695bb02-f015-4a24-955f-4bf8170d31ce","username":"yellowelephant725","password":"fishfish","salt":"ahtNiqZt","md5":"20351b26830c7edd430c852e6f34152e","sha1":"d32a9901d47873c711431a45c1002392da5eccbd","sha256":"2a74f8f898faa07ec7a0c5578417d058cc22115458f15118352e56c78a5358f5"},"dob":{"date":"1999-10-24T11:38:44.336Z","age":24},"registered":{"date":"2012-06-11T15:43:11.516Z","age":12},"phone":"040-82179996","cell":"0934-484-2356","id":{"name":"","value":null},"picture":{"large":"https://randomuser.me/api/portraits/women/7.jpg","medium":"https://randomuser.me/api/portraits/med/women/7.jpg","thumbnail":"https://randomuser.me/api/portraits/thumb/women/7.jpg"},"nat":"IR"}],"info":{"seed":"a44baea79f00812f","results":1,"page":1,"version":"1.4"}} 
 </msg>
<msg time="2024-07-19T12:28:33.891653" level="INFO">/opt/hostedtoolcache/Python/3.12.4/x64/lib/python3.12/site-packages/urllib3/connectionpool.py:1099: InsecureRequestWarning: Unverified HTTPS request is being made to host 'randomuser.me'. Adding certificate verification is strongly advised. See: https://urllib3.readthedocs.io/en/latest/advanced-usage.html#tls-warnings
  warnings.warn(</msg>
<msg time="2024-07-19T12:28:33.891781" level="INFO">${response} = &lt;Response [200]&gt;</msg>
<var>${response}</var>
<arg>consultarAPI</arg>
<arg>/api</arg>
<doc>Sends a GET request on a previously created HTTP Session.</doc>
<status status="PASS" start="2024-07-19T12:28:33.812587" elapsed="0.079235"/>
</kw>
<kw name="Set Variable" owner="BuiltIn">
<msg time="2024-07-19T12:28:33.893116" level="INFO">${json_data} = {'results': [{'gender': 'female', 'name': {'title': 'Mrs', 'first': 'آدرینا', 'last': 'صدر'}, 'location': {'street': {'number': 6909, 'name': 'میدان توحید'}, 'city': 'آبادان', 'state': 'ایلام', 'count...</msg>
<var>${json_data}</var>
<arg>${response.json()}</arg>
<doc>Returns the given values which can then be assigned to a variables.</doc>
<status status="PASS" start="2024-07-19T12:28:33.892509" elapsed="0.000638"/>
</kw>
<kw name="Log" owner="BuiltIn">
<msg time="2024-07-19T12:28:33.893701" level="INFO">{'results': [{'gender': 'female', 'name': {'title': 'Mrs', 'first': 'آدرینا', 'last': 'صدر'}, 'location': {'street': {'number': 6909, 'name': 'میدان توحید'}, 'city': 'آبادان', 'state': 'ایلام', 'country': 'Iran', 'postcode': 94381, 'coordinates': {'latitude': '16.3224', 'longitude': '173.6933'}, 'timezone': {'offset': '-3:00', 'description': 'Brazil, Buenos Aires, Georgetown'}}, 'email': 'adryn.sdr@example.com', 'login': {'uuid': '0695bb02-f015-4a24-955f-4bf8170d31ce', 'username': 'yellowelephant725', 'password': 'fishfish', 'salt': 'ahtNiqZt', 'md5': '20351b26830c7edd430c852e6f34152e', 'sha1': 'd32a9901d47873c711431a45c1002392da5eccbd', 'sha256': '2a74f8f898faa07ec7a0c5578417d058cc22115458f15118352e56c78a5358f5'}, 'dob': {'date': '1999-10-24T11:38:44.336Z', 'age': 24}, 'registered': {'date': '2012-06-11T15:43:11.516Z', 'age': 12}, 'phone': '040-82179996', 'cell': '0934-484-2356', 'id': {'name': '', 'value': None}, 'picture': {'large': 'https://randomuser.me/api/portraits/women/7.jpg', 'medium': 'https://randomuser.me/api/portraits/med/women/7.jpg', 'thumbnail': 'https://randomuser.me/api/portraits/thumb/women/7.jpg'}, 'nat': 'IR'}], 'info': {'seed': 'a44baea79f00812f', 'results': 1, 'page': 1, 'version': '1.4'}}</msg>
<arg>${json_data}</arg>
<doc>Logs the given message with the given level.</doc>
<status status="PASS" start="2024-07-19T12:28:33.893510" elapsed="0.000246"/>
</kw>
<kw name="Should Be String" owner="String">
<arg>${json_data['results'][0]['gender']}</arg>
<doc>Fails if the given ``item`` is not a string.</doc>
<status status="PASS" start="2024-07-19T12:28:33.894130" elapsed="0.000483"/>
</kw>
<kw name="Should Match Regexp" owner="BuiltIn">
<arg>${json_data['results'][0]['email']}</arg>
<arg>^[a-zA-Z0-9._%+-]+@[a-zA-Z0-9.-]+\.[a-zA-Z]{2,}$</arg>
<doc>Fails if ``string`` does not match ``pattern`` as a regular expression.</doc>
<status status="PASS" start="2024-07-19T12:28:33.894900" elapsed="0.000537"/>
</kw>
<kw name="Should Match Regexp" owner="BuiltIn">
<arg>${json_data['results'][0]['dob']['date']}</arg>
<arg>\\d{4}-\\d{2}-\\d{2}T\\d{2}:\\d{2}:\\d{2}\\.\\d{3}Z</arg>
<doc>Fails if ``string`` does not match ``pattern`` as a regular expression.</doc>
<status status="PASS" start="2024-07-19T12:28:33.895636" elapsed="0.000650"/>
</kw>
<kw name="Should Match Regexp" owner="BuiltIn">
<arg>${json_data['results'][0]['registered']['date']}</arg>
<arg>\\d{4}-\\d{2}-\\d{2}T\\d{2}:\\d{2}:\\d{2}\\.\\d{3}Z</arg>
<doc>Fails if ``string`` does not match ``pattern`` as a regular expression.</doc>
<status status="PASS" start="2024-07-19T12:28:33.896481" elapsed="0.000411"/>
</kw>
<kw name="Should Match Regexp" owner="BuiltIn">
<arg>${json_data['results'][0]['picture']['large']}</arg>
<arg>^https?://.*\.(?:png|jpe?g|gif|bmp)$</arg>
<doc>Fails if ``string`` does not match ``pattern`` as a regular expression.</doc>
<status status="PASS" start="2024-07-19T12:28:33.897081" elapsed="0.000462"/>
</kw>
<kw name="Should Match Regexp" owner="BuiltIn">
<arg>${json_data['results'][0]['picture']['medium']}</arg>
<arg>^https?://.*\.(?:png|jpe?g|gif|bmp)$</arg>
<doc>Fails if ``string`` does not match ``pattern`` as a regular expression.</doc>
<status status="PASS" start="2024-07-19T12:28:33.897729" elapsed="0.000352"/>
</kw>
<kw name="Should Match Regexp" owner="BuiltIn">
<arg>${json_data['results'][0]['picture']['thumbnail']}</arg>
<arg>^https?://.*\.(?:png|jpe?g|gif|bmp)$</arg>
<doc>Fails if ``string`` does not match ``pattern`` as a regular expression.</doc>
<status status="PASS" start="2024-07-19T12:28:33.898263" elapsed="0.000400"/>
</kw>
<kw name="Log" owner="BuiltIn">
<msg time="2024-07-19T12:28:33.899176" level="INFO">{'large': 'https://randomuser.me/api/portraits/women/7.jpg', 'medium': 'https://randomuser.me/api/portraits/med/women/7.jpg', 'thumbnail': 'https://randomuser.me/api/portraits/thumb/women/7.jpg'}</msg>
<arg>${json_data['results'][0]['picture']}</arg>
<doc>Logs the given message with the given level.</doc>
<status status="PASS" start="2024-07-19T12:28:33.898849" elapsed="0.000370"/>
</kw>
<status status="PASS" start="2024-07-19T12:28:33.812348" elapsed="0.087143"/>
</kw>
<kw name="Teste de Tipos de Dados - Postcode" owner="random-user-service">
<kw name="GET On Session" owner="RequestsLibrary">
<msg time="2024-07-19T12:28:34.033642" level="INFO">GET Request : url=https://randomuser.me/api 
 path_url=/api 
 headers={'User-Agent': 'python-requests/2.32.3', 'Accept-Encoding': 'gzip, deflate', 'Accept': '*/*', 'Connection': 'keep-alive'} 
 body=None 
 </msg>
<msg time="2024-07-19T12:28:34.033744" level="INFO">GET Response : url=https://randomuser.me/api 
 status=200, reason=OK 
 headers={'Date': 'Fri, 19 Jul 2024 12:28:34 GMT', 'Content-Type': 'application/json; charset=utf-8', 'Transfer-Encoding': 'chunked', 'Connection': 'keep-alive', 'X-Powered-By': 'Express', 'Access-Control-Allow-Origin': '*', 'Cache-Control': 'no-cache', 'ETag': 'W/"477-CoAzw6mUPbfzgPtM0jfHgZWAhEE"', 'Vary': 'Accept-Encoding', 'Content-Encoding': 'gzip', 'CF-Cache-Status': 'DYNAMIC', 'Report-To': '{"endpoints":[{"url":"https:\\/\\/a.nel.cloudflare.com\\/report\\/v4?s=ObcuVVTtFsZtI%2B5vgyj2zrYH3beIkXbV9Z6N%2F6y5yzZ6%2BomdltT%2BDffOboTKEZPqj%2BTJzg9x%2FsR%2Fd%2B6dvRf5taf%2Buz2aghU%2BHid8KWEnjUyyj9IP4nAdkfRrJtogEiE4"}],"group":"cf-nel","max_age":604800}', 'NEL': '{"success_fraction":0,"report_to":"cf-nel","max_age":604800}', 'Server': 'cloudflare', 'CF-RAY': '8a5ab647ed2a28a2-IAD', 'alt-svc': 'h3=":443"; ma=86400'} 
 body={"results":[{"gender":"male","name":{"title":"Mr","first":"Nigoslav","last":"Daniliv"},"location":{"street":{"number":8806,"name":"Goncharna"},"city":"Alchevsk","state":"Odeska","country":"Ukraine","postcode":24268,"coordinates":{"latitude":"77.1839","longitude":"-3.1082"},"timezone":{"offset":"-1:00","description":"Azores, Cape Verde Islands"}},"email":"nigoslav.daniliv@example.com","login":{"uuid":"946e4092-fdeb-414d-8ceb-7cb7cf4f8d7d","username":"tinypanda534","password":"sigma","salt":"8Y4Ues2d","md5":"e9f91ca77076ee52c62c4e546374a264","sha1":"2956d13f6b47eb4a9bc0c2224c305ac87372de6d","sha256":"ff4ed5ad0260a51f2c7442a49d1433d226e560a44648e333ed701cbbc19ba248"},"dob":{"date":"1987-11-19T20:24:05.794Z","age":36},"registered":{"date":"2017-02-21T00:44:44.599Z","age":7},"phone":"(098) Z39-5848","cell":"(097) N74-5804","id":{"name":"","value":null},"picture":{"large":"https://randomuser.me/api/portraits/men/45.jpg","medium":"https://randomuser.me/api/portraits/med/men/45.jpg","thumbnail":"https://randomuser.me/api/portraits/thumb/men/45.jpg"},"nat":"UA"}],"info":{"seed":"dbd7f13579347edc","results":1,"page":1,"version":"1.4"}} 
 </msg>
<msg time="2024-07-19T12:28:34.033823" level="INFO">/opt/hostedtoolcache/Python/3.12.4/x64/lib/python3.12/site-packages/urllib3/connectionpool.py:1099: InsecureRequestWarning: Unverified HTTPS request is being made to host 'randomuser.me'. Adding certificate verification is strongly advised. See: https://urllib3.readthedocs.io/en/latest/advanced-usage.html#tls-warnings
  warnings.warn(</msg>
<msg time="2024-07-19T12:28:34.033933" level="INFO">${response} = &lt;Response [200]&gt;</msg>
<var>${response}</var>
<arg>consultarAPI</arg>
<arg>/api</arg>
<doc>Sends a GET request on a previously created HTTP Session.</doc>
<status status="PASS" start="2024-07-19T12:28:33.899955" elapsed="0.134010"/>
</kw>
<kw name="Set Variable" owner="BuiltIn">
<msg time="2024-07-19T12:28:34.035011" level="INFO">${json_data} = {'results': [{'gender': 'male', 'name': {'title': 'Mr', 'first': 'Nigoslav', 'last': 'Daniliv'}, 'location': {'street': {'number': 8806, 'name': 'Goncharna'}, 'city': 'Alchevsk', 'state': 'Odeska', 'c...</msg>
<var>${json_data}</var>
<arg>${response.json()}</arg>
<doc>Returns the given values which can then be assigned to a variables.</doc>
<status status="PASS" start="2024-07-19T12:28:34.034501" elapsed="0.000538"/>
</kw>
<kw name="Log" owner="BuiltIn">
<msg time="2024-07-19T12:28:34.035498" level="INFO">{'results': [{'gender': 'male', 'name': {'title': 'Mr', 'first': 'Nigoslav', 'last': 'Daniliv'}, 'location': {'street': {'number': 8806, 'name': 'Goncharna'}, 'city': 'Alchevsk', 'state': 'Odeska', 'country': 'Ukraine', 'postcode': 24268, 'coordinates': {'latitude': '77.1839', 'longitude': '-3.1082'}, 'timezone': {'offset': '-1:00', 'description': 'Azores, Cape Verde Islands'}}, 'email': 'nigoslav.daniliv@example.com', 'login': {'uuid': '946e4092-fdeb-414d-8ceb-7cb7cf4f8d7d', 'username': 'tinypanda534', 'password': 'sigma', 'salt': '8Y4Ues2d', 'md5': 'e9f91ca77076ee52c62c4e546374a264', 'sha1': '2956d13f6b47eb4a9bc0c2224c305ac87372de6d', 'sha256': 'ff4ed5ad0260a51f2c7442a49d1433d226e560a44648e333ed701cbbc19ba248'}, 'dob': {'date': '1987-11-19T20:24:05.794Z', 'age': 36}, 'registered': {'date': '2017-02-21T00:44:44.599Z', 'age': 7}, 'phone': '(098) Z39-5848', 'cell': '(097) N74-5804', 'id': {'name': '', 'value': None}, 'picture': {'large': 'https://randomuser.me/api/portraits/men/45.jpg', 'medium': 'https://randomuser.me/api/portraits/med/men/45.jpg', 'thumbnail': 'https://randomuser.me/api/portraits/thumb/men/45.jpg'}, 'nat': 'UA'}], 'info': {'seed': 'dbd7f13579347edc', 'results': 1, 'page': 1, 'version': '1.4'}}</msg>
<arg>${json_data}</arg>
<doc>Logs the given message with the given level.</doc>
<status status="PASS" start="2024-07-19T12:28:34.035344" elapsed="0.000200"/>
</kw>
<kw name="Should Be Equal As Numbers" owner="BuiltIn">
<arg>${json_data['results'][0]['location']['postcode']}</arg>
<arg>${json_data['results'][0]['location']['postcode']}</arg>
<doc>Fails if objects are unequal after converting them to real numbers.</doc>
<status status="PASS" start="2024-07-19T12:28:34.035832" elapsed="0.000615"/>
</kw>
<kw name="Log" owner="BuiltIn">
<msg time="2024-07-19T12:28:34.036972" level="INFO">24268</msg>
<arg>${json_data['results'][0]['location']['postcode']}</arg>
<doc>Logs the given message with the given level.</doc>
<status status="PASS" start="2024-07-19T12:28:34.036643" elapsed="0.000369"/>
</kw>
<status status="PASS" start="2024-07-19T12:28:33.899724" elapsed="0.137573"/>
</kw>
<doc>Testa se os tipos de dados na resposta da API estão corretos.</doc>
<tag>testeTiposDados</tag>
<status status="PASS" start="2024-07-19T12:28:33.811731" elapsed="0.225736"/>
</test>
<test id="s1-s1-t5" name="Validar conteudo" line="35">
<kw name="Teste de Tipos de Conteudo" owner="random-user-service">
<kw name="GET On Session" owner="RequestsLibrary">
<msg time="2024-07-19T12:28:34.096839" level="INFO">GET Request : url=https://randomuser.me/api 
 path_url=/api 
 headers={'User-Agent': 'python-requests/2.32.3', 'Accept-Encoding': 'gzip, deflate', 'Accept': '*/*', 'Connection': 'keep-alive'} 
 body=None 
 </msg>
<msg time="2024-07-19T12:28:34.096925" level="INFO">GET Response : url=https://randomuser.me/api 
 status=200, reason=OK 
 headers={'Date': 'Fri, 19 Jul 2024 12:28:34 GMT', 'Content-Type': 'application/json; charset=utf-8', 'Transfer-Encoding': 'chunked', 'Connection': 'keep-alive', 'X-Powered-By': 'Express', 'Access-Control-Allow-Origin': '*', 'Cache-Control': 'no-cache', 'ETag': 'W/"486-3M0APUR5TwnprlqvTEOe94TjdAY"', 'Vary': 'Accept-Encoding', 'Content-Encoding': 'gzip', 'CF-Cache-Status': 'DYNAMIC', 'Report-To': '{"endpoints":[{"url":"https:\\/\\/a.nel.cloudflare.com\\/report\\/v4?s=q4M6ktSd0xHVdGhnqnzHFL%2BwC%2F6FrUKL%2B%2FwbOkGHyNqKkiodZRhrkrJDIZQBAcqDnehzYl%2Bpxxa1EVzrOlVNrlNreQPfP7qoWSKsT%2BSz%2FVAmlaxAmq4AbtSFpjtAaKaK"}],"group":"cf-nel","max_age":604800}', 'NEL': '{"success_fraction":0,"report_to":"cf-nel","max_age":604800}', 'Server': 'cloudflare', 'CF-RAY': '8a5ab648cdff28a2-IAD', 'alt-svc': 'h3=":443"; ma=86400'} 
 body={"results":[{"gender":"male","name":{"title":"Mr","first":"Malik","last":"Côté"},"location":{"street":{"number":9773,"name":"Richmond Ave"},"city":"Westport","state":"Nova Scotia","country":"Canada","postcode":"T4L 2K0","coordinates":{"latitude":"-66.2102","longitude":"-135.8863"},"timezone":{"offset":"-7:00","description":"Mountain Time (US &amp; Canada)"}},"email":"malik.cote@example.com","login":{"uuid":"932fcf7f-95f0-4b44-9679-1aaee8356d29","username":"heavymeercat208","password":"gloria","salt":"Mv9aSssx","md5":"47706a993a5bb32c2f591f055c63f915","sha1":"bf77c72026dd7f72f0231f84651ab58a4fc6ce53","sha256":"3798f7d6d3ea3f1bf21e3c9b48046ff79409de9e85e647b8fdc62f86cb69f221"},"dob":{"date":"1981-09-28T20:22:48.066Z","age":42},"registered":{"date":"2014-12-12T10:17:57.157Z","age":9},"phone":"Y52 J48-1690","cell":"J83 U88-0993","id":{"name":"SIN","value":"170437982"},"picture":{"large":"https://randomuser.me/api/portraits/men/92.jpg","medium":"https://randomuser.me/api/portraits/med/men/92.jpg","thumbnail":"https://randomuser.me/api/portraits/thumb/men/92.jpg"},"nat":"CA"}],"info":{"seed":"33d785c6a2af5c0a","results":1,"page":1,"version":"1.4"}} 
 </msg>
<msg time="2024-07-19T12:28:34.096999" level="INFO">/opt/hostedtoolcache/Python/3.12.4/x64/lib/python3.12/site-packages/urllib3/connectionpool.py:1099: InsecureRequestWarning: Unverified HTTPS request is being made to host 'randomuser.me'. Adding certificate verification is strongly advised. See: https://urllib3.readthedocs.io/en/latest/advanced-usage.html#tls-warnings
  warnings.warn(</msg>
<msg time="2024-07-19T12:28:34.097091" level="INFO">${response} = &lt;Response [200]&gt;</msg>
<var>${response}</var>
<arg>consultarAPI</arg>
<arg>/api</arg>
<doc>Sends a GET request on a previously created HTTP Session.</doc>
<status status="PASS" start="2024-07-19T12:28:34.040036" elapsed="0.057096"/>
</kw>
<kw name="Set Variable" owner="BuiltIn">
<msg time="2024-07-19T12:28:34.098211" level="INFO">${json_data} = {'results': [{'gender': 'male', 'name': {'title': 'Mr', 'first': 'Malik', 'last': 'Côté'}, 'location': {'street': {'number': 9773, 'name': 'Richmond Ave'}, 'city': 'Westport', 'state': 'Nova Scotia', ...</msg>
<var>${json_data}</var>
<arg>${response.json()}</arg>
<doc>Returns the given values which can then be assigned to a variables.</doc>
<status status="PASS" start="2024-07-19T12:28:34.097634" elapsed="0.000608"/>
</kw>
<kw name="Set Variable" owner="BuiltIn">
<msg time="2024-07-19T12:28:34.098992" level="INFO">${name_title} = Mr</msg>
<var>${name_title}</var>
<arg>${json_data["results"][0]["name"]["title"]}</arg>
<doc>Returns the given values which can then be assigned to a variables.</doc>
<status status="PASS" start="2024-07-19T12:28:34.098606" elapsed="0.000411"/>
</kw>
<kw name="Create List" owner="BuiltIn">
<msg time="2024-07-19T12:28:34.099487" level="INFO">${allowed_titles} = ['Mr', 'Ms', 'Miss', 'Mrs', 'Madame', 'Monsieur']</msg>
<var>${allowed_titles}</var>
<arg>Mr</arg>
<arg>Ms</arg>
<arg>Miss</arg>
<arg>Mrs</arg>
<arg>Madame</arg>
<arg>Monsieur</arg>
<doc>Returns a list containing given items.</doc>
<status status="PASS" start="2024-07-19T12:28:34.099327" elapsed="0.000187"/>
</kw>
<kw name="List Should Contain Value" owner="Collections">
<arg>${allowed_titles}</arg>
<arg>${name_title}</arg>
<doc>Fails if the ``value`` is not found from ``list``.</doc>
<status status="PASS" start="2024-07-19T12:28:34.099822" elapsed="0.000171"/>
</kw>
<kw name="Set Variable" owner="BuiltIn">
<msg time="2024-07-19T12:28:34.100547" level="INFO">${name_country} = CA</msg>
<var>${name_country}</var>
<arg>${json_data["results"][0]["nat"]}</arg>
<doc>Returns the given values which can then be assigned to a variables.</doc>
<status status="PASS" start="2024-07-19T12:28:34.100176" elapsed="0.000397"/>
</kw>
<kw name="Create List" owner="BuiltIn">
<msg time="2024-07-19T12:28:34.101442" level="INFO">${list_country} = ['AD', 'AE', 'AF', 'AG', 'AI', 'AL', 'AM', 'AO', 'AQ', 'AR', 'AS', 'AT', 'AU', 'AW', 'AX', 'AZ', 'BA', 'BB', 'BD', 'BE', 'BF', 'BG', 'BH', 'BI', 'BJ', 'BL', 'BM', 'BN', 'BO', 'BQ', 'BR', 'BS', 'BT', '...</msg>
<var>${list_country}</var>
<arg>AD</arg>
<arg>AE</arg>
<arg>AF</arg>
<arg>AG</arg>
<arg>AI</arg>
<arg>AL</arg>
<arg>AM</arg>
<arg>AO</arg>
<arg>AQ</arg>
<arg>AR</arg>
<arg>AS</arg>
<arg>AT</arg>
<arg>AU</arg>
<arg>AW</arg>
<arg>AX</arg>
<arg>AZ</arg>
<arg>BA</arg>
<arg>BB</arg>
<arg>BD</arg>
<arg>BE</arg>
<arg>BF</arg>
<arg>BG</arg>
<arg>BH</arg>
<arg>BI</arg>
<arg>BJ</arg>
<arg>BL</arg>
<arg>BM</arg>
<arg>BN</arg>
<arg>BO</arg>
<arg>BQ</arg>
<arg>BR</arg>
<arg>BS</arg>
<arg>BT</arg>
<arg>BV</arg>
<arg>BW</arg>
<arg>BY</arg>
<arg>BZ</arg>
<arg>CA</arg>
<arg>CC</arg>
<arg>CD</arg>
<arg>CF</arg>
<arg>CG</arg>
<arg>CH</arg>
<arg>CI</arg>
<arg>CK</arg>
<arg>CL</arg>
<arg>CM</arg>
<arg>CN</arg>
<arg>CO</arg>
<arg>CR</arg>
<arg>CU</arg>
<arg>CV</arg>
<arg>CW</arg>
<arg>CX</arg>
<arg>CY</arg>
<arg>CZ</arg>
<arg>DE</arg>
<arg>DJ</arg>
<arg>DK</arg>
<arg>DM</arg>
<arg>DO</arg>
<arg>DZ</arg>
<arg>EC</arg>
<arg>EE</arg>
<arg>EG</arg>
<arg>EH</arg>
<arg>ER</arg>
<arg>ES</arg>
<arg>ET</arg>
<arg>FI</arg>
<arg>FJ</arg>
<arg>FK</arg>
<arg>FM</arg>
<arg>FO</arg>
<arg>FR</arg>
<arg>GA</arg>
<arg>GB</arg>
<arg>GD</arg>
<arg>GE</arg>
<arg>GF</arg>
<arg>GG</arg>
<arg>GH</arg>
<arg>GI</arg>
<arg>GL</arg>
<arg>GM</arg>
<arg>GN</arg>
<arg>GP</arg>
<arg>GQ</arg>
<arg>GR</arg>
<arg>GS</arg>
<arg>GT</arg>
<arg>GU</arg>
<arg>GW</arg>
<arg>GY</arg>
<arg>HK</arg>
<arg>HM</arg>
<arg>HN</arg>
<arg>HR</arg>
<arg>HT</arg>
<arg>HU</arg>
<arg>ID</arg>
<arg>IE</arg>
<arg>IL</arg>
<arg>IM</arg>
<arg>IN</arg>
<arg>IO</arg>
<arg>IQ</arg>
<arg>IR</arg>
<arg>IS</arg>
<arg>IT</arg>
<arg>JE</arg>
<arg>JM</arg>
<arg>JO</arg>
<arg>JP</arg>
<arg>KE</arg>
<arg>KG</arg>
<arg>KH</arg>
<arg>KI</arg>
<arg>KM</arg>
<arg>KN</arg>
<arg>KP</arg>
<arg>KR</arg>
<arg>KW</arg>
<arg>KY</arg>
<arg>KZ</arg>
<arg>LA</arg>
<arg>LB</arg>
<arg>LC</arg>
<arg>LI</arg>
<arg>LK</arg>
<arg>LR</arg>
<arg>LS</arg>
<arg>LT</arg>
<arg>LU</arg>
<arg>LV</arg>
<arg>LY</arg>
<arg>MA</arg>
<arg>MC</arg>
<arg>MD</arg>
<arg>ME</arg>
<arg>MF</arg>
<arg>MG</arg>
<arg>MH</arg>
<arg>MK</arg>
<arg>ML</arg>
<arg>MM</arg>
<arg>MN</arg>
<arg>MO</arg>
<arg>MP</arg>
<arg>MQ</arg>
<arg>MR</arg>
<arg>MS</arg>
<arg>MT</arg>
<arg>MU</arg>
<arg>MV</arg>
<arg>MW</arg>
<arg>MX</arg>
<arg>MY</arg>
<arg>MZ</arg>
<arg>NA</arg>
<arg>NC</arg>
<arg>NE</arg>
<arg>NF</arg>
<arg>NG</arg>
<arg>NI</arg>
<arg>NL</arg>
<arg>NO</arg>
<arg>NP</arg>
<arg>NR</arg>
<arg>NU</arg>
<arg>NZ</arg>
<arg>OM</arg>
<arg>PA</arg>
<arg>PE</arg>
<arg>PF</arg>
<arg>PG</arg>
<arg>PH</arg>
<arg>PK</arg>
<arg>PL</arg>
<arg>PM</arg>
<arg>PN</arg>
<arg>PR</arg>
<arg>PS</arg>
<arg>PT</arg>
<arg>PW</arg>
<arg>PY</arg>
<arg>QA</arg>
<arg>RE</arg>
<arg>RO</arg>
<arg>RS</arg>
<arg>RU</arg>
<arg>RW</arg>
<arg>SA</arg>
<arg>SB</arg>
<arg>SC</arg>
<arg>SD</arg>
<arg>SE</arg>
<arg>SG</arg>
<arg>SH</arg>
<arg>SI</arg>
<arg>SJ</arg>
<arg>SK</arg>
<arg>SL</arg>
<arg>SM</arg>
<arg>SN</arg>
<arg>SO</arg>
<arg>SR</arg>
<arg>SS</arg>
<arg>ST</arg>
<arg>SV</arg>
<arg>SX</arg>
<arg>SY</arg>
<arg>SZ</arg>
<arg>TC</arg>
<arg>TD</arg>
<arg>TF</arg>
<arg>TG</arg>
<arg>TH</arg>
<arg>TJ</arg>
<arg>TK</arg>
<arg>TL</arg>
<arg>TM</arg>
<arg>TN</arg>
<arg>TO</arg>
<arg>TR</arg>
<arg>TT</arg>
<arg>TV</arg>
<arg>TW</arg>
<arg>TZ</arg>
<arg>UA</arg>
<arg>UG</arg>
<arg>UM</arg>
<arg>US</arg>
<arg>UY</arg>
<arg>UZ</arg>
<arg>VA</arg>
<arg>VC</arg>
<arg>VE</arg>
<arg>VG</arg>
<arg>VI</arg>
<arg>VN</arg>
<arg>VU</arg>
<arg>WF</arg>
<arg>WS</arg>
<arg>XK</arg>
<arg>YE</arg>
<arg>YT</arg>
<arg>ZA</arg>
<arg>ZM</arg>
<arg>ZW</arg>
<doc>Returns a list containing given items.</doc>
<status status="PASS" start="2024-07-19T12:28:34.100863" elapsed="0.000604"/>
</kw>
<kw name="List Should Contain Value" owner="Collections">
<arg>${list_country}</arg>
<arg>${name_country}</arg>
<doc>Fails if the ``value`` is not found from ``list``.</doc>
<status status="PASS" start="2024-07-19T12:28:34.102465" elapsed="0.000208"/>
</kw>
<kw name="Run Keyword If" owner="BuiltIn">
<kw name="Should Be True" owner="BuiltIn">
<arg>${True}</arg>
<doc>Fails if the given condition is not true.</doc>
<status status="PASS" start="2024-07-19T12:28:34.103617" elapsed="0.000139"/>
</kw>
<arg>${json_data["results"][0]["location"]["coordinates"]["latitude"]} &gt;= -90 and ${json_data["results"][0]["location"]["coordinates"]["latitude"]} &lt;= 90</arg>
<arg>Should Be True</arg>
<arg>${True}</arg>
<doc>Runs the given keyword with the given arguments, if ``condition`` is true.</doc>
<status status="PASS" start="2024-07-19T12:28:34.102871" elapsed="0.001013"/>
</kw>
<kw name="Run Keyword If" owner="BuiltIn">
<kw name="Should Be True" owner="BuiltIn">
<arg>${True}</arg>
<doc>Fails if the given condition is not true.</doc>
<status status="PASS" start="2024-07-19T12:28:34.104746" elapsed="0.000133"/>
</kw>
<arg>${json_data["results"][0]["location"]["coordinates"]["longitude"]} &gt;= -180 and ${json_data["results"][0]["location"]["coordinates"]["longitude"]} &lt;= 180</arg>
<arg>Should Be True</arg>
<arg>${True}</arg>
<doc>Runs the given keyword with the given arguments, if ``condition`` is true.</doc>
<status status="PASS" start="2024-07-19T12:28:34.104062" elapsed="0.000939"/>
</kw>
<status status="PASS" start="2024-07-19T12:28:34.039812" elapsed="0.065318"/>
</kw>
<doc>Testa o conteúdo específico dos campos retornados pela API.</doc>
<tag>testeConteudo</tag>
<status status="PASS" start="2024-07-19T12:28:34.039272" elapsed="0.066004"/>
</test>
<status status="PASS" start="2024-07-19T12:28:33.152395" elapsed="0.954898"/>
</suite>
<status status="PASS" start="2024-07-19T12:28:33.136842" elapsed="0.975490"/>
</suite>
<statistics>
<total>
<stat pass="5" fail="0" skip="0">All Tests</stat>
</total>
<tag>
<stat pass="1" fail="0" skip="0">testeConteudo</stat>
<stat pass="1" fail="0" skip="0">testeEstruturaResposta</stat>
<stat pass="1" fail="0" skip="0">testeRequisicaoBasica</stat>
<stat pass="1" fail="0" skip="0">testeTiposDados</stat>
</tag>
<suite>
<stat pass="5" fail="0" skip="0" id="s1" name="Tests">Tests</stat>
<stat pass="5" fail="0" skip="0" id="s1-s1" name="Random-User-Test">Tests.Random-User-Test</stat>
</suite>
</statistics>
<errors>
</errors>
</robot>
