<?xml version="1.0" encoding="UTF-8"?>
<robot generator="Robot 7.0 (Python 3.12.2 on linux)" generated="2024-03-31T02:23:17.499674" rpa="false" schemaversion="5">
<suite id="s1" name="Tests" source="/home/runner/work/DesafioQAItauRogerioJordao/DesafioQAItauRogerioJordao/RamdonUser/tests">
<suite id="s1-s1" name="Random-User-Test" source="/home/runner/work/DesafioQAItauRogerioJordao/DesafioQAItauRogerioJordao/RamdonUser/tests/random-user-test.robot">
<test id="s1-s1-t1" name="Conectar" line="13">
<kw name="Conectar API" owner="random-user-service">
<kw name="Create Session" owner="RequestsLibrary">
<msg time="2024-03-31T02:23:17.860927" level="INFO">Creating Session using : alias=consultarAPI, url=https://randomuser.me/, headers={},                     cookies={}, auth=None, timeout=None, proxies=None, verify=False,                     debug=0 </msg>
<arg>consultarAPI</arg>
<arg>${URL}</arg>
<doc>Create Session: create a HTTP session to a server</doc>
<status status="PASS" start="2024-03-31T02:23:17.860723" elapsed="0.000388"/>
</kw>
<status status="PASS" start="2024-03-31T02:23:17.859680" elapsed="0.001798"/>
</kw>
<status status="PASS" start="2024-03-31T02:23:17.859057" elapsed="0.002625"/>
</test>
<test id="s1-s1-t2" name="Validar retorno 200 e JSON Válido" line="16">
<kw name="Teste de Requisicao Basica" owner="random-user-service">
<kw name="GET On Session" owner="RequestsLibrary">
<msg time="2024-03-31T02:23:17.938100" level="INFO">GET Request : url=https://randomuser.me/api 
 path_url=/api 
 headers={'User-Agent': 'python-requests/2.31.0', 'Accept-Encoding': 'gzip, deflate', 'Accept': '*/*', 'Connection': 'keep-alive'} 
 body=None 
 </msg>
<msg time="2024-03-31T02:23:17.938253" level="INFO">GET Response : url=https://randomuser.me/api 
 status=200, reason=OK 
 headers={'Date': 'Sun, 31 Mar 2024 02:23:17 GMT', 'Content-Type': 'application/json; charset=utf-8', 'Transfer-Encoding': 'chunked', 'Connection': 'keep-alive', 'X-Powered-By': 'Express', 'Access-Control-Allow-Origin': '*', 'Cache-Control': 'no-cache', 'ETag': 'W/"4aa-dZW2DgCPaFw3z37EhnSHvXdGlSQ"', 'Vary': 'Accept-Encoding', 'Content-Encoding': 'gzip', 'CF-Cache-Status': 'DYNAMIC', 'Report-To': '{"endpoints":[{"url":"https:\\/\\/a.nel.cloudflare.com\\/report\\/v4?s=BuMSgq7N%2FUhMZyOIS4dCWdylDA9fLM94QXp7xhhHfa%2FG9J51sRCAfkxvoyxTPAKRolt3TUlwTSq4XzQd3OpNrDOvcFs2uwod4%2BdX0nYEiigtJNhfe7a%2FF4aEOKarcFsE"}],"group":"cf-nel","max_age":604800}', 'NEL': '{"success_fraction":0,"report_to":"cf-nel","max_age":604800}', 'Server': 'cloudflare', 'CF-RAY': '86cce068dc34124e-ORD', 'alt-svc': 'h3=":443"; ma=86400'} 
 body={"results":[{"gender":"male","name":{"title":"Monsieur","first":"Anton","last":"Moreau"},"location":{"street":{"number":2254,"name":"Place du 22 Novembre 1943"},"city":"Goldach","state":"Ticino","country":"Switzerland","postcode":1936,"coordinates":{"latitude":"-61.9576","longitude":"-148.5443"},"timezone":{"offset":"+11:00","description":"Magadan, Solomon Islands, New Caledonia"}},"email":"anton.moreau@example.com","login":{"uuid":"1bf345c7-3093-4488-a02b-a0391e5d1a8e","username":"blackpanda671","password":"7grout","salt":"mdLlsGGy","md5":"057f3558f007826e4cd55e3acaeec8ba","sha1":"7d6a1329f2d40acd455edbf54d3d3e274093a90c","sha256":"cd4975cf6f65bde917ed529f101f216f4a11f14a0e401c74ee6de5fe42898740"},"dob":{"date":"1945-09-04T21:14:43.012Z","age":78},"registered":{"date":"2006-07-05T16:26:09.468Z","age":17},"phone":"079 380 65 91","cell":"075 829 91 03","id":{"name":"AVS","value":"756.6518.7119.51"},"picture":{"large":"https://randomuser.me/api/portraits/men/61.jpg","medium":"https://randomuser.me/api/portraits/med/men/61.jpg","thumbnail":"https://randomuser.me/api/portraits/thumb/men/61.jpg"},"nat":"CH"}],"info":{"seed":"e0430350f020141e","results":1,"page":1,"version":"1.4"}} 
 </msg>
<msg time="2024-03-31T02:23:17.938357" level="INFO">/opt/hostedtoolcache/Python/3.12.2/x64/lib/python3.12/site-packages/urllib3/connectionpool.py:1103: InsecureRequestWarning: Unverified HTTPS request is being made to host 'randomuser.me'. Adding certificate verification is strongly advised. See: https://urllib3.readthedocs.io/en/latest/advanced-usage.html#tls-warnings
  warnings.warn(</msg>
<msg time="2024-03-31T02:23:17.938514" level="INFO">${response} = &lt;Response [200]&gt;</msg>
<var>${response}</var>
<arg>consultarAPI</arg>
<arg>/api</arg>
<doc>Sends a GET request on a previously created HTTP Session.</doc>
<status status="PASS" start="2024-03-31T02:23:17.864325" elapsed="0.074227"/>
</kw>
<kw name="Should Be Equal As Numbers" owner="BuiltIn">
<msg time="2024-03-31T02:23:17.939511" level="INFO">Argument types are:
&lt;class 'int'&gt;
&lt;class 'str'&gt;</msg>
<arg>${response.status_code}</arg>
<arg>200</arg>
<doc>Fails if objects are unequal after converting them to real numbers.</doc>
<status status="PASS" start="2024-03-31T02:23:17.939040" elapsed="0.000537"/>
</kw>
<kw name="Log" owner="BuiltIn">
<msg time="2024-03-31T02:23:17.940266" level="INFO">200</msg>
<arg>${response.status_code}</arg>
<doc>Logs the given message with the given level.</doc>
<status status="PASS" start="2024-03-31T02:23:17.939899" elapsed="0.000410"/>
</kw>
<kw name="Set Variable" owner="BuiltIn">
<msg time="2024-03-31T02:23:17.941091" level="INFO">${json_data} = {'results': [{'gender': 'male', 'name': {'title': 'Monsieur', 'first': 'Anton', 'last': 'Moreau'}, 'location': {'street': {'number': 2254, 'name': 'Place du 22 Novembre 1943'}, 'city': 'Goldach', 'sta...</msg>
<var>${json_data}</var>
<arg>${response.json()}</arg>
<doc>Returns the given values which can then be assigned to a variables.</doc>
<status status="PASS" start="2024-03-31T02:23:17.940651" elapsed="0.000467"/>
</kw>
<kw name="Dictionary Should Contain Key" owner="Collections">
<msg time="2024-03-31T02:23:17.941598" level="INFO">False</msg>
<arg>${json_data}</arg>
<arg>results</arg>
<doc>Fails if ``key`` is not found from ``dictionary``.</doc>
<status status="PASS" start="2024-03-31T02:23:17.941429" elapsed="0.000210"/>
</kw>
<status status="PASS" start="2024-03-31T02:23:17.864077" elapsed="0.077842"/>
</kw>
<doc>Testa se a API responde corretamente e retorna um objeto JSON válido.</doc>
<tag>testeRequisicaoBasica</tag>
<status status="PASS" start="2024-03-31T02:23:17.863559" elapsed="0.078548"/>
</test>
<test id="s1-s1-t3" name="Validar estrutura de resposta" line="22">
<kw name="Teste de Estrutura de Resposta" owner="random-user-service">
<kw name="GET On Session" owner="RequestsLibrary">
<msg time="2024-03-31T02:23:18.041555" level="INFO">GET Request : url=https://randomuser.me/api 
 path_url=/api 
 headers={'User-Agent': 'python-requests/2.31.0', 'Accept-Encoding': 'gzip, deflate', 'Accept': '*/*', 'Connection': 'keep-alive'} 
 body=None 
 </msg>
<msg time="2024-03-31T02:23:18.041635" level="INFO">GET Response : url=https://randomuser.me/api 
 status=200, reason=OK 
 headers={'Date': 'Sun, 31 Mar 2024 02:23:18 GMT', 'Content-Type': 'application/json; charset=utf-8', 'Transfer-Encoding': 'chunked', 'Connection': 'keep-alive', 'X-Powered-By': 'Express', 'Access-Control-Allow-Origin': '*', 'Cache-Control': 'no-cache', 'ETag': 'W/"488-0/4rSoAdWyprhq7Upi5FNar2Aic"', 'Vary': 'Accept-Encoding', 'Content-Encoding': 'gzip', 'CF-Cache-Status': 'DYNAMIC', 'Report-To': '{"endpoints":[{"url":"https:\\/\\/a.nel.cloudflare.com\\/report\\/v4?s=B%2FtqWWRDGZYxYCT%2F8YCsjqtOH%2FR9KbSi4dG1kLBHt6vh4DXYQV6ipREzpI6RR%2F8yJ0ZVTsELNZ7912u7LHjXXjF%2FFA44dq7VNQdLlTvWAM4163ZdemPM0SYOKZltbl2W"}],"group":"cf-nel","max_age":604800}', 'NEL': '{"success_fraction":0,"report_to":"cf-nel","max_age":604800}', 'Server': 'cloudflare', 'CF-RAY': '86cce0692c8a124e-ORD', 'alt-svc': 'h3=":443"; ma=86400'} 
 body={"results":[{"gender":"female","name":{"title":"Miss","first":"Suzanne","last":"Ellis"},"location":{"street":{"number":8007,"name":"Main Road"},"city":"Lincoln","state":"Lancashire","country":"United Kingdom","postcode":"H36 7EQ","coordinates":{"latitude":"-8.0282","longitude":"48.5487"},"timezone":{"offset":"-3:30","description":"Newfoundland"}},"email":"suzanne.ellis@example.com","login":{"uuid":"e305c579-7547-4b38-9807-f7c39c8a500c","username":"heavyzebra499","password":"311311","salt":"uqCRmH1H","md5":"f617debd0b5d7e37e8d25c00faad5761","sha1":"11c200a59671ffabe2163ae2ab279576ccbe0ccf","sha256":"c874f63aa217e2426ecb092ab158ed2ae5e3ba1a120ddf41ea1f60be0b2fa020"},"dob":{"date":"1990-06-05T03:55:36.671Z","age":33},"registered":{"date":"2006-06-30T18:30:08.917Z","age":17},"phone":"016977 0640","cell":"07877 966967","id":{"name":"NINO","value":"RS 46 65 21 U"},"picture":{"large":"https://randomuser.me/api/portraits/women/55.jpg","medium":"https://randomuser.me/api/portraits/med/women/55.jpg","thumbnail":"https://randomuser.me/api/portraits/thumb/women/55.jpg"},"nat":"GB"}],"info":{"seed":"a985f70963b1f140","results":1,"page":1,"version":"1.4"}} 
 </msg>
<msg time="2024-03-31T02:23:18.041788" level="INFO">/opt/hostedtoolcache/Python/3.12.2/x64/lib/python3.12/site-packages/urllib3/connectionpool.py:1103: InsecureRequestWarning: Unverified HTTPS request is being made to host 'randomuser.me'. Adding certificate verification is strongly advised. See: https://urllib3.readthedocs.io/en/latest/advanced-usage.html#tls-warnings
  warnings.warn(</msg>
<msg time="2024-03-31T02:23:18.041928" level="INFO">${response} = &lt;Response [200]&gt;</msg>
<var>${response}</var>
<arg>consultarAPI</arg>
<arg>/api</arg>
<doc>Sends a GET request on a previously created HTTP Session.</doc>
<status status="PASS" start="2024-03-31T02:23:17.944842" elapsed="0.097130"/>
</kw>
<kw name="Set Variable" owner="BuiltIn">
<msg time="2024-03-31T02:23:18.042896" level="INFO">${json_data} = {'results': [{'gender': 'female', 'name': {'title': 'Miss', 'first': 'Suzanne', 'last': 'Ellis'}, 'location': {'street': {'number': 8007, 'name': 'Main Road'}, 'city': 'Lincoln', 'state': 'Lancashire'...</msg>
<var>${json_data}</var>
<arg>${response.json()}</arg>
<doc>Returns the given values which can then be assigned to a variables.</doc>
<status status="PASS" start="2024-03-31T02:23:18.042406" elapsed="0.000519"/>
</kw>
<kw name="Log" owner="BuiltIn">
<msg time="2024-03-31T02:23:18.043392" level="INFO">{'results': [{'gender': 'female', 'name': {'title': 'Miss', 'first': 'Suzanne', 'last': 'Ellis'}, 'location': {'street': {'number': 8007, 'name': 'Main Road'}, 'city': 'Lincoln', 'state': 'Lancashire', 'country': 'United Kingdom', 'postcode': 'H36 7EQ', 'coordinates': {'latitude': '-8.0282', 'longitude': '48.5487'}, 'timezone': {'offset': '-3:30', 'description': 'Newfoundland'}}, 'email': 'suzanne.ellis@example.com', 'login': {'uuid': 'e305c579-7547-4b38-9807-f7c39c8a500c', 'username': 'heavyzebra499', 'password': '311311', 'salt': 'uqCRmH1H', 'md5': 'f617debd0b5d7e37e8d25c00faad5761', 'sha1': '11c200a59671ffabe2163ae2ab279576ccbe0ccf', 'sha256': 'c874f63aa217e2426ecb092ab158ed2ae5e3ba1a120ddf41ea1f60be0b2fa020'}, 'dob': {'date': '1990-06-05T03:55:36.671Z', 'age': 33}, 'registered': {'date': '2006-06-30T18:30:08.917Z', 'age': 17}, 'phone': '016977 0640', 'cell': '07877 966967', 'id': {'name': 'NINO', 'value': 'RS 46 65 21 U'}, 'picture': {'large': 'https://randomuser.me/api/portraits/women/55.jpg', 'medium': 'https://randomuser.me/api/portraits/med/women/55.jpg', 'thumbnail': 'https://randomuser.me/api/portraits/thumb/women/55.jpg'}, 'nat': 'GB'}], 'info': {'seed': 'a985f70963b1f140', 'results': 1, 'page': 1, 'version': '1.4'}}</msg>
<arg>${json_data}</arg>
<doc>Logs the given message with the given level.</doc>
<status status="PASS" start="2024-03-31T02:23:18.043235" elapsed="0.000205"/>
</kw>
<kw name="Dictionary Should Contain Key" owner="Collections">
<msg time="2024-03-31T02:23:18.043893" level="INFO">False</msg>
<arg>${json_data}</arg>
<arg>results</arg>
<doc>Fails if ``key`` is not found from ``dictionary``.</doc>
<status status="PASS" start="2024-03-31T02:23:18.043738" elapsed="0.000192"/>
</kw>
<kw name="Should Not Be Empty" owner="BuiltIn">
<msg time="2024-03-31T02:23:18.044363" level="INFO">Length is 2.</msg>
<arg>${json_data}</arg>
<doc>Verifies that the given item is not empty.</doc>
<status status="PASS" start="2024-03-31T02:23:18.044230" elapsed="0.000172"/>
</kw>
<kw name="Create List" owner="BuiltIn">
<msg time="2024-03-31T02:23:18.044840" level="INFO">${expected_keys} = ['gender', 'name', 'location', 'email', 'login']</msg>
<var>${expected_keys}</var>
<arg>gender</arg>
<arg>name</arg>
<arg>location</arg>
<arg>email</arg>
<arg>login</arg>
<doc>Returns a list containing given items.</doc>
<status status="PASS" start="2024-03-31T02:23:18.044693" elapsed="0.000172"/>
</kw>
<for flavor="IN">
<iter>
<kw name="Dictionary Should Contain Key" owner="Collections">
<msg time="2024-03-31T02:23:18.045886" level="INFO">False</msg>
<arg>${json_data['results'][0]}</arg>
<arg>${key}</arg>
<doc>Fails if ``key`` is not found from ``dictionary``.</doc>
<status status="PASS" start="2024-03-31T02:23:18.045446" elapsed="0.000480"/>
</kw>
<kw name="Log" owner="BuiltIn">
<msg time="2024-03-31T02:23:18.046600" level="INFO">{'gender': 'female', 'name': {'title': 'Miss', 'first': 'Suzanne', 'last': 'Ellis'}, 'location': {'street': {'number': 8007, 'name': 'Main Road'}, 'city': 'Lincoln', 'state': 'Lancashire', 'country': 'United Kingdom', 'postcode': 'H36 7EQ', 'coordinates': {'latitude': '-8.0282', 'longitude': '48.5487'}, 'timezone': {'offset': '-3:30', 'description': 'Newfoundland'}}, 'email': 'suzanne.ellis@example.com', 'login': {'uuid': 'e305c579-7547-4b38-9807-f7c39c8a500c', 'username': 'heavyzebra499', 'password': '311311', 'salt': 'uqCRmH1H', 'md5': 'f617debd0b5d7e37e8d25c00faad5761', 'sha1': '11c200a59671ffabe2163ae2ab279576ccbe0ccf', 'sha256': 'c874f63aa217e2426ecb092ab158ed2ae5e3ba1a120ddf41ea1f60be0b2fa020'}, 'dob': {'date': '1990-06-05T03:55:36.671Z', 'age': 33}, 'registered': {'date': '2006-06-30T18:30:08.917Z', 'age': 17}, 'phone': '016977 0640', 'cell': '07877 966967', 'id': {'name': 'NINO', 'value': 'RS 46 65 21 U'}, 'picture': {'large': 'https://randomuser.me/api/portraits/women/55.jpg', 'medium': 'https://randomuser.me/api/portraits/med/women/55.jpg', 'thumbnail': 'https://randomuser.me/api/portraits/thumb/women/55.jpg'}, 'nat': 'GB'}</msg>
<arg>${json_data['results'][0]}</arg>
<doc>Logs the given message with the given level.</doc>
<status status="PASS" start="2024-03-31T02:23:18.046234" elapsed="0.000420"/>
</kw>
<kw name="Log" owner="BuiltIn">
<msg time="2024-03-31T02:23:18.047089" level="INFO">gender</msg>
<arg>${key}</arg>
<doc>Logs the given message with the given level.</doc>
<status status="PASS" start="2024-03-31T02:23:18.046959" elapsed="0.000168"/>
</kw>
<var name="${key}">gender</var>
<status status="PASS" start="2024-03-31T02:23:18.045320" elapsed="0.002029"/>
</iter>
<iter>
<kw name="Dictionary Should Contain Key" owner="Collections">
<msg time="2024-03-31T02:23:18.048038" level="INFO">False</msg>
<arg>${json_data['results'][0]}</arg>
<arg>${key}</arg>
<doc>Fails if ``key`` is not found from ``dictionary``.</doc>
<status status="PASS" start="2024-03-31T02:23:18.047652" elapsed="0.000423"/>
</kw>
<kw name="Log" owner="BuiltIn">
<msg time="2024-03-31T02:23:18.048769" level="INFO">{'gender': 'female', 'name': {'title': 'Miss', 'first': 'Suzanne', 'last': 'Ellis'}, 'location': {'street': {'number': 8007, 'name': 'Main Road'}, 'city': 'Lincoln', 'state': 'Lancashire', 'country': 'United Kingdom', 'postcode': 'H36 7EQ', 'coordinates': {'latitude': '-8.0282', 'longitude': '48.5487'}, 'timezone': {'offset': '-3:30', 'description': 'Newfoundland'}}, 'email': 'suzanne.ellis@example.com', 'login': {'uuid': 'e305c579-7547-4b38-9807-f7c39c8a500c', 'username': 'heavyzebra499', 'password': '311311', 'salt': 'uqCRmH1H', 'md5': 'f617debd0b5d7e37e8d25c00faad5761', 'sha1': '11c200a59671ffabe2163ae2ab279576ccbe0ccf', 'sha256': 'c874f63aa217e2426ecb092ab158ed2ae5e3ba1a120ddf41ea1f60be0b2fa020'}, 'dob': {'date': '1990-06-05T03:55:36.671Z', 'age': 33}, 'registered': {'date': '2006-06-30T18:30:08.917Z', 'age': 17}, 'phone': '016977 0640', 'cell': '07877 966967', 'id': {'name': 'NINO', 'value': 'RS 46 65 21 U'}, 'picture': {'large': 'https://randomuser.me/api/portraits/women/55.jpg', 'medium': 'https://randomuser.me/api/portraits/med/women/55.jpg', 'thumbnail': 'https://randomuser.me/api/portraits/thumb/women/55.jpg'}, 'nat': 'GB'}</msg>
<arg>${json_data['results'][0]}</arg>
<doc>Logs the given message with the given level.</doc>
<status status="PASS" start="2024-03-31T02:23:18.048403" elapsed="0.000415"/>
</kw>
<kw name="Log" owner="BuiltIn">
<msg time="2024-03-31T02:23:18.049243" level="INFO">name</msg>
<arg>${key}</arg>
<doc>Logs the given message with the given level.</doc>
<status status="PASS" start="2024-03-31T02:23:18.049117" elapsed="0.000164"/>
</kw>
<var name="${key}">name</var>
<status status="PASS" start="2024-03-31T02:23:18.047538" elapsed="0.001959"/>
</iter>
<iter>
<kw name="Dictionary Should Contain Key" owner="Collections">
<msg time="2024-03-31T02:23:18.050197" level="INFO">False</msg>
<arg>${json_data['results'][0]}</arg>
<arg>${key}</arg>
<doc>Fails if ``key`` is not found from ``dictionary``.</doc>
<status status="PASS" start="2024-03-31T02:23:18.049814" elapsed="0.000421"/>
</kw>
<kw name="Log" owner="BuiltIn">
<msg time="2024-03-31T02:23:18.050895" level="INFO">{'gender': 'female', 'name': {'title': 'Miss', 'first': 'Suzanne', 'last': 'Ellis'}, 'location': {'street': {'number': 8007, 'name': 'Main Road'}, 'city': 'Lincoln', 'state': 'Lancashire', 'country': 'United Kingdom', 'postcode': 'H36 7EQ', 'coordinates': {'latitude': '-8.0282', 'longitude': '48.5487'}, 'timezone': {'offset': '-3:30', 'description': 'Newfoundland'}}, 'email': 'suzanne.ellis@example.com', 'login': {'uuid': 'e305c579-7547-4b38-9807-f7c39c8a500c', 'username': 'heavyzebra499', 'password': '311311', 'salt': 'uqCRmH1H', 'md5': 'f617debd0b5d7e37e8d25c00faad5761', 'sha1': '11c200a59671ffabe2163ae2ab279576ccbe0ccf', 'sha256': 'c874f63aa217e2426ecb092ab158ed2ae5e3ba1a120ddf41ea1f60be0b2fa020'}, 'dob': {'date': '1990-06-05T03:55:36.671Z', 'age': 33}, 'registered': {'date': '2006-06-30T18:30:08.917Z', 'age': 17}, 'phone': '016977 0640', 'cell': '07877 966967', 'id': {'name': 'NINO', 'value': 'RS 46 65 21 U'}, 'picture': {'large': 'https://randomuser.me/api/portraits/women/55.jpg', 'medium': 'https://randomuser.me/api/portraits/med/women/55.jpg', 'thumbnail': 'https://randomuser.me/api/portraits/thumb/women/55.jpg'}, 'nat': 'GB'}</msg>
<arg>${json_data['results'][0]}</arg>
<doc>Logs the given message with the given level.</doc>
<status status="PASS" start="2024-03-31T02:23:18.050536" elapsed="0.000411"/>
</kw>
<kw name="Log" owner="BuiltIn">
<msg time="2024-03-31T02:23:18.051369" level="INFO">location</msg>
<arg>${key}</arg>
<doc>Logs the given message with the given level.</doc>
<status status="PASS" start="2024-03-31T02:23:18.051242" elapsed="0.000166"/>
</kw>
<var name="${key}">location</var>
<status status="PASS" start="2024-03-31T02:23:18.049676" elapsed="0.001950"/>
</iter>
<iter>
<kw name="Dictionary Should Contain Key" owner="Collections">
<msg time="2024-03-31T02:23:18.052292" level="INFO">False</msg>
<arg>${json_data['results'][0]}</arg>
<arg>${key}</arg>
<doc>Fails if ``key`` is not found from ``dictionary``.</doc>
<status status="PASS" start="2024-03-31T02:23:18.051910" elapsed="0.000419"/>
</kw>
<kw name="Log" owner="BuiltIn">
<msg time="2024-03-31T02:23:18.053029" level="INFO">{'gender': 'female', 'name': {'title': 'Miss', 'first': 'Suzanne', 'last': 'Ellis'}, 'location': {'street': {'number': 8007, 'name': 'Main Road'}, 'city': 'Lincoln', 'state': 'Lancashire', 'country': 'United Kingdom', 'postcode': 'H36 7EQ', 'coordinates': {'latitude': '-8.0282', 'longitude': '48.5487'}, 'timezone': {'offset': '-3:30', 'description': 'Newfoundland'}}, 'email': 'suzanne.ellis@example.com', 'login': {'uuid': 'e305c579-7547-4b38-9807-f7c39c8a500c', 'username': 'heavyzebra499', 'password': '311311', 'salt': 'uqCRmH1H', 'md5': 'f617debd0b5d7e37e8d25c00faad5761', 'sha1': '11c200a59671ffabe2163ae2ab279576ccbe0ccf', 'sha256': 'c874f63aa217e2426ecb092ab158ed2ae5e3ba1a120ddf41ea1f60be0b2fa020'}, 'dob': {'date': '1990-06-05T03:55:36.671Z', 'age': 33}, 'registered': {'date': '2006-06-30T18:30:08.917Z', 'age': 17}, 'phone': '016977 0640', 'cell': '07877 966967', 'id': {'name': 'NINO', 'value': 'RS 46 65 21 U'}, 'picture': {'large': 'https://randomuser.me/api/portraits/women/55.jpg', 'medium': 'https://randomuser.me/api/portraits/med/women/55.jpg', 'thumbnail': 'https://randomuser.me/api/portraits/thumb/women/55.jpg'}, 'nat': 'GB'}</msg>
<arg>${json_data['results'][0]}</arg>
<doc>Logs the given message with the given level.</doc>
<status status="PASS" start="2024-03-31T02:23:18.052665" elapsed="0.000412"/>
</kw>
<kw name="Log" owner="BuiltIn">
<msg time="2024-03-31T02:23:18.053495" level="INFO">email</msg>
<arg>${key}</arg>
<doc>Logs the given message with the given level.</doc>
<status status="PASS" start="2024-03-31T02:23:18.053369" elapsed="0.000164"/>
</kw>
<var name="${key}">email</var>
<status status="PASS" start="2024-03-31T02:23:18.051801" elapsed="0.001962"/>
</iter>
<iter>
<kw name="Dictionary Should Contain Key" owner="Collections">
<msg time="2024-03-31T02:23:18.054445" level="INFO">False</msg>
<arg>${json_data['results'][0]}</arg>
<arg>${key}</arg>
<doc>Fails if ``key`` is not found from ``dictionary``.</doc>
<status status="PASS" start="2024-03-31T02:23:18.054066" elapsed="0.000416"/>
</kw>
<kw name="Log" owner="BuiltIn">
<msg time="2024-03-31T02:23:18.055139" level="INFO">{'gender': 'female', 'name': {'title': 'Miss', 'first': 'Suzanne', 'last': 'Ellis'}, 'location': {'street': {'number': 8007, 'name': 'Main Road'}, 'city': 'Lincoln', 'state': 'Lancashire', 'country': 'United Kingdom', 'postcode': 'H36 7EQ', 'coordinates': {'latitude': '-8.0282', 'longitude': '48.5487'}, 'timezone': {'offset': '-3:30', 'description': 'Newfoundland'}}, 'email': 'suzanne.ellis@example.com', 'login': {'uuid': 'e305c579-7547-4b38-9807-f7c39c8a500c', 'username': 'heavyzebra499', 'password': '311311', 'salt': 'uqCRmH1H', 'md5': 'f617debd0b5d7e37e8d25c00faad5761', 'sha1': '11c200a59671ffabe2163ae2ab279576ccbe0ccf', 'sha256': 'c874f63aa217e2426ecb092ab158ed2ae5e3ba1a120ddf41ea1f60be0b2fa020'}, 'dob': {'date': '1990-06-05T03:55:36.671Z', 'age': 33}, 'registered': {'date': '2006-06-30T18:30:08.917Z', 'age': 17}, 'phone': '016977 0640', 'cell': '07877 966967', 'id': {'name': 'NINO', 'value': 'RS 46 65 21 U'}, 'picture': {'large': 'https://randomuser.me/api/portraits/women/55.jpg', 'medium': 'https://randomuser.me/api/portraits/med/women/55.jpg', 'thumbnail': 'https://randomuser.me/api/portraits/thumb/women/55.jpg'}, 'nat': 'GB'}</msg>
<arg>${json_data['results'][0]}</arg>
<doc>Logs the given message with the given level.</doc>
<status status="PASS" start="2024-03-31T02:23:18.054775" elapsed="0.000411"/>
</kw>
<kw name="Log" owner="BuiltIn">
<msg time="2024-03-31T02:23:18.055603" level="INFO">login</msg>
<arg>${key}</arg>
<doc>Logs the given message with the given level.</doc>
<status status="PASS" start="2024-03-31T02:23:18.055477" elapsed="0.000277"/>
</kw>
<var name="${key}">login</var>
<status status="PASS" start="2024-03-31T02:23:18.053947" elapsed="0.002052"/>
</iter>
<var>${key}</var>
<value>@{expected_keys}</value>
<status status="PASS" start="2024-03-31T02:23:18.045126" elapsed="0.011003"/>
</for>
<kw name="Create List" owner="BuiltIn">
<msg time="2024-03-31T02:23:18.056470" level="INFO">${expected_keysTwo} = ['username', 'password']</msg>
<var>${expected_keysTwo}</var>
<arg>username</arg>
<arg>password</arg>
<doc>Returns a list containing given items.</doc>
<status status="PASS" start="2024-03-31T02:23:18.056330" elapsed="0.000164"/>
</kw>
<for flavor="IN">
<iter>
<kw name="Dictionary Should Contain Key" owner="Collections">
<msg time="2024-03-31T02:23:18.057389" level="INFO">False</msg>
<arg>${json_data['results'][0]['login']}</arg>
<arg>${keyTwo}</arg>
<doc>Fails if ``key`` is not found from ``dictionary``.</doc>
<status status="PASS" start="2024-03-31T02:23:18.056999" elapsed="0.000427"/>
</kw>
<kw name="Dictionary Should Contain Key" owner="Collections">
<msg time="2024-03-31T02:23:18.058146" level="INFO">False</msg>
<arg>${json_data['results'][0]['login']}</arg>
<arg>${keyTwo}</arg>
<doc>Fails if ``key`` is not found from ``dictionary``.</doc>
<status status="PASS" start="2024-03-31T02:23:18.057723" elapsed="0.000460"/>
</kw>
<kw name="Log" owner="BuiltIn">
<msg time="2024-03-31T02:23:18.058610" level="INFO">username</msg>
<arg>${keyTwo}</arg>
<doc>Logs the given message with the given level.</doc>
<status status="PASS" start="2024-03-31T02:23:18.058482" elapsed="0.000166"/>
</kw>
<var name="${keyTwo}">username</var>
<status status="PASS" start="2024-03-31T02:23:18.056891" elapsed="0.001973"/>
</iter>
<iter>
<kw name="Dictionary Should Contain Key" owner="Collections">
<msg time="2024-03-31T02:23:18.059529" level="INFO">False</msg>
<arg>${json_data['results'][0]['login']}</arg>
<arg>${keyTwo}</arg>
<doc>Fails if ``key`` is not found from ``dictionary``.</doc>
<status status="PASS" start="2024-03-31T02:23:18.059147" elapsed="0.000420"/>
</kw>
<kw name="Dictionary Should Contain Key" owner="Collections">
<msg time="2024-03-31T02:23:18.060232" level="INFO">False</msg>
<arg>${json_data['results'][0]['login']}</arg>
<arg>${keyTwo}</arg>
<doc>Fails if ``key`` is not found from ``dictionary``.</doc>
<status status="PASS" start="2024-03-31T02:23:18.059858" elapsed="0.000411"/>
</kw>
<kw name="Log" owner="BuiltIn">
<msg time="2024-03-31T02:23:18.060685" level="INFO">password</msg>
<arg>${keyTwo}</arg>
<doc>Logs the given message with the given level.</doc>
<status status="PASS" start="2024-03-31T02:23:18.060559" elapsed="0.000165"/>
</kw>
<var name="${keyTwo}">password</var>
<status status="PASS" start="2024-03-31T02:23:18.059037" elapsed="0.001900"/>
</iter>
<var>${keyTwo}</var>
<value>@{expected_keysTwo}</value>
<status status="PASS" start="2024-03-31T02:23:18.056736" elapsed="0.004321"/>
</for>
<status status="PASS" start="2024-03-31T02:23:17.944601" elapsed="0.116599"/>
</kw>
<doc>Testa a estrutura da resposta da API.</doc>
<tag>testeEstruturaResposta</tag>
<status status="PASS" start="2024-03-31T02:23:17.943955" elapsed="0.117412"/>
</test>
<test id="s1-s1-t4" name="Validar tipos de dados" line="28">
<kw name="Teste de Tipos de Dados" owner="random-user-service">
<kw name="GET On Session" owner="RequestsLibrary">
<msg time="2024-03-31T02:23:18.151121" level="INFO">GET Request : url=https://randomuser.me/api 
 path_url=/api 
 headers={'User-Agent': 'python-requests/2.31.0', 'Accept-Encoding': 'gzip, deflate', 'Accept': '*/*', 'Connection': 'keep-alive'} 
 body=None 
 </msg>
<msg time="2024-03-31T02:23:18.151208" level="INFO">GET Response : url=https://randomuser.me/api 
 status=200, reason=OK 
 headers={'Date': 'Sun, 31 Mar 2024 02:23:18 GMT', 'Content-Type': 'application/json; charset=utf-8', 'Transfer-Encoding': 'chunked', 'Connection': 'keep-alive', 'X-Powered-By': 'Express', 'Access-Control-Allow-Origin': '*', 'Cache-Control': 'no-cache', 'ETag': 'W/"497-0X+IEw87lCSMiWI4WLLCrlu2hrY"', 'Vary': 'Accept-Encoding', 'Content-Encoding': 'gzip', 'CF-Cache-Status': 'DYNAMIC', 'Report-To': '{"endpoints":[{"url":"https:\\/\\/a.nel.cloudflare.com\\/report\\/v4?s=1UjOBFQaQmH14MbGXRhlVYAtuvEnbtzQOTWCytbekvMr8NG2qGZ43tQHAPWN5eTNVh3%2FWyPS%2B%2BcoDTcTwXOGzWyPwSrzgX0H5VhaSuiYD9UUnJT35R9CdFCgAPuaW%2BiT"}],"group":"cf-nel","max_age":604800}', 'NEL': '{"success_fraction":0,"report_to":"cf-nel","max_age":604800}', 'Server': 'cloudflare', 'CF-RAY': '86cce069ed5d124e-ORD', 'alt-svc': 'h3=":443"; ma=86400'} 
 body={"results":[{"gender":"female","name":{"title":"Miss","first":"Maja","last":"Christiansen"},"location":{"street":{"number":2391,"name":"Bekkasinvej"},"city":"Gørløse","state":"Syddanmark","country":"Denmark","postcode":11292,"coordinates":{"latitude":"-42.3378","longitude":"141.9300"},"timezone":{"offset":"+9:00","description":"Tokyo, Seoul, Osaka, Sapporo, Yakutsk"}},"email":"maja.christiansen@example.com","login":{"uuid":"920e304f-089b-4ea4-b352-2105102cbae2","username":"blackdog174","password":"duane","salt":"FKR6Nqpl","md5":"e61422d84014f351fc89457f6622fc12","sha1":"a92ed43dc8fc5c93807cecbcbe39fc95c2253be5","sha256":"b3935c864b8ef511c442bc6618e26f142c88e7f3e88efb2078b39e6cd3fbb50c"},"dob":{"date":"1945-07-19T06:29:05.638Z","age":78},"registered":{"date":"2008-07-21T22:19:00.110Z","age":15},"phone":"01776917","cell":"86001548","id":{"name":"CPR","value":"190745-9346"},"picture":{"large":"https://randomuser.me/api/portraits/women/10.jpg","medium":"https://randomuser.me/api/portraits/med/women/10.jpg","thumbnail":"https://randomuser.me/api/portraits/thumb/women/10.jpg"},"nat":"DK"}],"info":{"seed":"cacd4676c388bace","results":1,"page":1,"version":"1.4"}} 
 </msg>
<msg time="2024-03-31T02:23:18.151279" level="INFO">/opt/hostedtoolcache/Python/3.12.2/x64/lib/python3.12/site-packages/urllib3/connectionpool.py:1103: InsecureRequestWarning: Unverified HTTPS request is being made to host 'randomuser.me'. Adding certificate verification is strongly advised. See: https://urllib3.readthedocs.io/en/latest/advanced-usage.html#tls-warnings
  warnings.warn(</msg>
<msg time="2024-03-31T02:23:18.151416" level="INFO">${response} = &lt;Response [200]&gt;</msg>
<var>${response}</var>
<arg>consultarAPI</arg>
<arg>/api</arg>
<doc>Sends a GET request on a previously created HTTP Session.</doc>
<status status="PASS" start="2024-03-31T02:23:18.064542" elapsed="0.086916"/>
</kw>
<kw name="Set Variable" owner="BuiltIn">
<msg time="2024-03-31T02:23:18.152477" level="INFO">${json_data} = {'results': [{'gender': 'female', 'name': {'title': 'Miss', 'first': 'Maja', 'last': 'Christiansen'}, 'location': {'street': {'number': 2391, 'name': 'Bekkasinvej'}, 'city': 'Gørløse', 'state': 'Sydda...</msg>
<var>${json_data}</var>
<arg>${response.json()}</arg>
<doc>Returns the given values which can then be assigned to a variables.</doc>
<status status="PASS" start="2024-03-31T02:23:18.151954" elapsed="0.000553"/>
</kw>
<kw name="Log" owner="BuiltIn">
<msg time="2024-03-31T02:23:18.152981" level="INFO">{'results': [{'gender': 'female', 'name': {'title': 'Miss', 'first': 'Maja', 'last': 'Christiansen'}, 'location': {'street': {'number': 2391, 'name': 'Bekkasinvej'}, 'city': 'Gørløse', 'state': 'Syddanmark', 'country': 'Denmark', 'postcode': 11292, 'coordinates': {'latitude': '-42.3378', 'longitude': '141.9300'}, 'timezone': {'offset': '+9:00', 'description': 'Tokyo, Seoul, Osaka, Sapporo, Yakutsk'}}, 'email': 'maja.christiansen@example.com', 'login': {'uuid': '920e304f-089b-4ea4-b352-2105102cbae2', 'username': 'blackdog174', 'password': 'duane', 'salt': 'FKR6Nqpl', 'md5': 'e61422d84014f351fc89457f6622fc12', 'sha1': 'a92ed43dc8fc5c93807cecbcbe39fc95c2253be5', 'sha256': 'b3935c864b8ef511c442bc6618e26f142c88e7f3e88efb2078b39e6cd3fbb50c'}, 'dob': {'date': '1945-07-19T06:29:05.638Z', 'age': 78}, 'registered': {'date': '2008-07-21T22:19:00.110Z', 'age': 15}, 'phone': '01776917', 'cell': '86001548', 'id': {'name': 'CPR', 'value': '190745-9346'}, 'picture': {'large': 'https://randomuser.me/api/portraits/women/10.jpg', 'medium': 'https://randomuser.me/api/portraits/med/women/10.jpg', 'thumbnail': 'https://randomuser.me/api/portraits/thumb/women/10.jpg'}, 'nat': 'DK'}], 'info': {'seed': 'cacd4676c388bace', 'results': 1, 'page': 1, 'version': '1.4'}}</msg>
<arg>${json_data}</arg>
<doc>Logs the given message with the given level.</doc>
<status status="PASS" start="2024-03-31T02:23:18.152822" elapsed="0.000248"/>
</kw>
<kw name="Should Be String" owner="String">
<arg>${json_data['results'][0]['gender']}</arg>
<doc>Fails if the given ``item`` is not a string.</doc>
<status status="PASS" start="2024-03-31T02:23:18.153377" elapsed="0.000407"/>
</kw>
<kw name="Should Match Regexp" owner="BuiltIn">
<arg>${json_data['results'][0]['email']}</arg>
<arg>^[a-zA-Z0-9._%+-]+@[a-zA-Z0-9.-]+\.[a-zA-Z]{2,}$</arg>
<doc>Fails if ``string`` does not match ``pattern`` as a regular expression.</doc>
<status status="PASS" start="2024-03-31T02:23:18.153992" elapsed="0.000527"/>
</kw>
<kw name="Should Match Regexp" owner="BuiltIn">
<arg>${json_data['results'][0]['dob']['date']}</arg>
<arg>\\d{4}-\\d{2}-\\d{2}T\\d{2}:\\d{2}:\\d{2}\\.\\d{3}Z</arg>
<doc>Fails if ``string`` does not match ``pattern`` as a regular expression.</doc>
<status status="PASS" start="2024-03-31T02:23:18.154720" elapsed="0.000494"/>
</kw>
<kw name="Should Match Regexp" owner="BuiltIn">
<arg>${json_data['results'][0]['registered']['date']}</arg>
<arg>\\d{4}-\\d{2}-\\d{2}T\\d{2}:\\d{2}:\\d{2}\\.\\d{3}Z</arg>
<doc>Fails if ``string`` does not match ``pattern`` as a regular expression.</doc>
<status status="PASS" start="2024-03-31T02:23:18.155410" elapsed="0.000380"/>
</kw>
<kw name="Should Match Regexp" owner="BuiltIn">
<arg>${json_data['results'][0]['picture']['large']}</arg>
<arg>^https?://.*\.(?:png|jpe?g|gif|bmp)$</arg>
<doc>Fails if ``string`` does not match ``pattern`` as a regular expression.</doc>
<status status="PASS" start="2024-03-31T02:23:18.155980" elapsed="0.000460"/>
</kw>
<kw name="Should Match Regexp" owner="BuiltIn">
<arg>${json_data['results'][0]['picture']['medium']}</arg>
<arg>^https?://.*\.(?:png|jpe?g|gif|bmp)$</arg>
<doc>Fails if ``string`` does not match ``pattern`` as a regular expression.</doc>
<status status="PASS" start="2024-03-31T02:23:18.156632" elapsed="0.000363"/>
</kw>
<kw name="Should Match Regexp" owner="BuiltIn">
<arg>${json_data['results'][0]['picture']['thumbnail']}</arg>
<arg>^https?://.*\.(?:png|jpe?g|gif|bmp)$</arg>
<doc>Fails if ``string`` does not match ``pattern`` as a regular expression.</doc>
<status status="PASS" start="2024-03-31T02:23:18.157182" elapsed="0.000350"/>
</kw>
<kw name="Log" owner="BuiltIn">
<msg time="2024-03-31T02:23:18.158095" level="INFO">{'large': 'https://randomuser.me/api/portraits/women/10.jpg', 'medium': 'https://randomuser.me/api/portraits/med/women/10.jpg', 'thumbnail': 'https://randomuser.me/api/portraits/thumb/women/10.jpg'}</msg>
<arg>${json_data['results'][0]['picture']}</arg>
<doc>Logs the given message with the given level.</doc>
<status status="PASS" start="2024-03-31T02:23:18.157712" elapsed="0.000431"/>
</kw>
<status status="PASS" start="2024-03-31T02:23:18.064289" elapsed="0.094119"/>
</kw>
<kw name="Teste de Tipos de Dados - Postcode" owner="random-user-service">
<kw name="GET On Session" owner="RequestsLibrary">
<msg time="2024-03-31T02:23:18.379556" level="INFO">GET Request : url=https://randomuser.me/api 
 path_url=/api 
 headers={'User-Agent': 'python-requests/2.31.0', 'Accept-Encoding': 'gzip, deflate', 'Accept': '*/*', 'Connection': 'keep-alive'} 
 body=None 
 </msg>
<msg time="2024-03-31T02:23:18.379667" level="INFO">GET Response : url=https://randomuser.me/api 
 status=200, reason=OK 
 headers={'Date': 'Sun, 31 Mar 2024 02:23:18 GMT', 'Content-Type': 'application/json; charset=utf-8', 'Transfer-Encoding': 'chunked', 'Connection': 'keep-alive', 'X-Powered-By': 'Express', 'Access-Control-Allow-Origin': '*', 'Cache-Control': 'no-cache', 'ETag': 'W/"491-JnMc/2rfbcjEE+gDuaFS8zwWVbY"', 'Vary': 'Accept-Encoding', 'Content-Encoding': 'gzip', 'CF-Cache-Status': 'DYNAMIC', 'Report-To': '{"endpoints":[{"url":"https:\\/\\/a.nel.cloudflare.com\\/report\\/v4?s=jbmeRl4db0xFNwQGke38CfFgQinfUH268OZ%2B5cQ%2BYONu49QAInGtX2Ak%2BjUb3XEoHvrTYEmUl6EZPhkGYCw8NFZMPZLp3Li2lCziOTgAq4CMe9%2B1nVVnfhoLz5%2FZK4OB"}],"group":"cf-nel","max_age":604800}', 'NEL': '{"success_fraction":0,"report_to":"cf-nel","max_age":604800}', 'Server': 'cloudflare', 'CF-RAY': '86cce06a7e07124e-ORD', 'alt-svc': 'h3=":443"; ma=86400'} 
 body={"results":[{"gender":"male","name":{"title":"Mr","first":"Ernâni","last":"Nogueira"},"location":{"street":{"number":7478,"name":"Rua Santo Antônio "},"city":"Gravataí","state":"Santa Catarina","country":"Brazil","postcode":89961,"coordinates":{"latitude":"-78.8686","longitude":"-23.5033"},"timezone":{"offset":"+9:30","description":"Adelaide, Darwin"}},"email":"ernani.nogueira@example.com","login":{"uuid":"5aeba5ee-e6da-4cfa-b371-892f4ca299f9","username":"heavybird590","password":"byteme","salt":"3AYPY0OE","md5":"380608b9ce405daa150ade1ef8af78d1","sha1":"eb3e412e3de089f8014d5fa22f3f6b130219e91a","sha256":"bf611b630b60fddda47a79631c0d076197547cc2ca4e08947603a42796791d0c"},"dob":{"date":"1979-05-04T02:42:24.123Z","age":44},"registered":{"date":"2005-08-12T07:53:03.718Z","age":18},"phone":"(38) 6165-9556","cell":"(51) 2461-9366","id":{"name":"CPF","value":"875.119.367-63"},"picture":{"large":"https://randomuser.me/api/portraits/men/94.jpg","medium":"https://randomuser.me/api/portraits/med/men/94.jpg","thumbnail":"https://randomuser.me/api/portraits/thumb/men/94.jpg"},"nat":"BR"}],"info":{"seed":"9e322479d26c5da2","results":1,"page":1,"version":"1.4"}} 
 </msg>
<msg time="2024-03-31T02:23:18.379768" level="INFO">/opt/hostedtoolcache/Python/3.12.2/x64/lib/python3.12/site-packages/urllib3/connectionpool.py:1103: InsecureRequestWarning: Unverified HTTPS request is being made to host 'randomuser.me'. Adding certificate verification is strongly advised. See: https://urllib3.readthedocs.io/en/latest/advanced-usage.html#tls-warnings
  warnings.warn(</msg>
<msg time="2024-03-31T02:23:18.379916" level="INFO">${response} = &lt;Response [200]&gt;</msg>
<var>${response}</var>
<arg>consultarAPI</arg>
<arg>/api</arg>
<doc>Sends a GET request on a previously created HTTP Session.</doc>
<status status="PASS" start="2024-03-31T02:23:18.159026" elapsed="0.220939"/>
</kw>
<kw name="Set Variable" owner="BuiltIn">
<msg time="2024-03-31T02:23:18.381159" level="INFO">${json_data} = {'results': [{'gender': 'male', 'name': {'title': 'Mr', 'first': 'Ernâni', 'last': 'Nogueira'}, 'location': {'street': {'number': 7478, 'name': 'Rua Santo Antônio '}, 'city': 'Gravataí', 'state': 'San...</msg>
<var>${json_data}</var>
<arg>${response.json()}</arg>
<doc>Returns the given values which can then be assigned to a variables.</doc>
<status status="PASS" start="2024-03-31T02:23:18.380606" elapsed="0.000582"/>
</kw>
<kw name="Log" owner="BuiltIn">
<msg time="2024-03-31T02:23:18.381659" level="INFO">{'results': [{'gender': 'male', 'name': {'title': 'Mr', 'first': 'Ernâni', 'last': 'Nogueira'}, 'location': {'street': {'number': 7478, 'name': 'Rua Santo Antônio '}, 'city': 'Gravataí', 'state': 'Santa Catarina', 'country': 'Brazil', 'postcode': 89961, 'coordinates': {'latitude': '-78.8686', 'longitude': '-23.5033'}, 'timezone': {'offset': '+9:30', 'description': 'Adelaide, Darwin'}}, 'email': 'ernani.nogueira@example.com', 'login': {'uuid': '5aeba5ee-e6da-4cfa-b371-892f4ca299f9', 'username': 'heavybird590', 'password': 'byteme', 'salt': '3AYPY0OE', 'md5': '380608b9ce405daa150ade1ef8af78d1', 'sha1': 'eb3e412e3de089f8014d5fa22f3f6b130219e91a', 'sha256': 'bf611b630b60fddda47a79631c0d076197547cc2ca4e08947603a42796791d0c'}, 'dob': {'date': '1979-05-04T02:42:24.123Z', 'age': 44}, 'registered': {'date': '2005-08-12T07:53:03.718Z', 'age': 18}, 'phone': '(38) 6165-9556', 'cell': '(51) 2461-9366', 'id': {'name': 'CPF', 'value': '875.119.367-63'}, 'picture': {'large': 'https://randomuser.me/api/portraits/men/94.jpg', 'medium': 'https://randomuser.me/api/portraits/med/men/94.jpg', 'thumbnail': 'https://randomuser.me/api/portraits/thumb/men/94.jpg'}, 'nat': 'BR'}], 'info': {'seed': '9e322479d26c5da2', 'results': 1, 'page': 1, 'version': '1.4'}}</msg>
<arg>${json_data}</arg>
<doc>Logs the given message with the given level.</doc>
<status status="PASS" start="2024-03-31T02:23:18.381500" elapsed="0.000293"/>
</kw>
<kw name="Should Be Equal As Numbers" owner="BuiltIn">
<arg>${json_data['results'][0]['location']['postcode']}</arg>
<arg>${json_data['results'][0]['location']['postcode']}</arg>
<doc>Fails if objects are unequal after converting them to real numbers.</doc>
<status status="PASS" start="2024-03-31T02:23:18.382116" elapsed="0.000641"/>
</kw>
<kw name="Log" owner="BuiltIn">
<msg time="2024-03-31T02:23:18.383299" level="INFO">89961</msg>
<arg>${json_data['results'][0]['location']['postcode']}</arg>
<doc>Logs the given message with the given level.</doc>
<status status="PASS" start="2024-03-31T02:23:18.382952" elapsed="0.000387"/>
</kw>
<status status="PASS" start="2024-03-31T02:23:18.158639" elapsed="0.224956"/>
</kw>
<doc>Testa se os tipos de dados na resposta da API estão corretos.</doc>
<tag>testeTiposDados</tag>
<status status="PASS" start="2024-03-31T02:23:18.063746" elapsed="0.320018"/>
</test>
<test id="s1-s1-t5" name="Validar conteudo" line="35">
<kw name="Teste de Tipos de Conteudo" owner="random-user-service">
<kw name="GET On Session" owner="RequestsLibrary">
<msg time="2024-03-31T02:23:18.436208" level="INFO">GET Request : url=https://randomuser.me/api 
 path_url=/api 
 headers={'User-Agent': 'python-requests/2.31.0', 'Accept-Encoding': 'gzip, deflate', 'Accept': '*/*', 'Connection': 'keep-alive'} 
 body=None 
 </msg>
<msg time="2024-03-31T02:23:18.436279" level="INFO">GET Response : url=https://randomuser.me/api 
 status=200, reason=OK 
 headers={'Date': 'Sun, 31 Mar 2024 02:23:18 GMT', 'Content-Type': 'application/json; charset=utf-8', 'Transfer-Encoding': 'chunked', 'Connection': 'keep-alive', 'X-Powered-By': 'Express', 'Access-Control-Allow-Origin': '*', 'Cache-Control': 'no-cache', 'ETag': 'W/"492-N2OpJl0lnmA+P8a+tiMp75qTB+4"', 'Vary': 'Accept-Encoding', 'Content-Encoding': 'gzip', 'CF-Cache-Status': 'DYNAMIC', 'Report-To': '{"endpoints":[{"url":"https:\\/\\/a.nel.cloudflare.com\\/report\\/v4?s=PaouTCC2zwXx0akVtMx5hC31jwhi%2FKbJpepNJ8bdD4uUImfEO4qn7WsvDj0tkNKZatYnOJlAqYj2IkDbOaqFPi1mYu2ad8On31P0MXPgurCP87sAlpHQ1W7GQIFDjUT2"}],"group":"cf-nel","max_age":604800}', 'NEL': '{"success_fraction":0,"report_to":"cf-nel","max_age":604800}', 'Server': 'cloudflare', 'CF-RAY': '86cce06be803124e-ORD', 'alt-svc': 'h3=":443"; ma=86400'} 
 body={"results":[{"gender":"male","name":{"title":"Mr","first":"كيان","last":"کریمی"},"location":{"street":{"number":9128,"name":"پیروزی"},"city":"یزد","state":"هرمزگان","country":"Iran","postcode":80494,"coordinates":{"latitude":"20.6539","longitude":"-54.1332"},"timezone":{"offset":"0:00","description":"Western Europe Time, London, Lisbon, Casablanca"}},"email":"kyn.khrymy@example.com","login":{"uuid":"ad7effac-c292-46c3-8a96-32110dd8602e","username":"organicgorilla321","password":"oklahoma","salt":"YjJlAUop","md5":"87b16178fc8a6b3ee2acd64c238e7f02","sha1":"cbf4cdad71e6f60c5fa13df39af99ce7f210b489","sha256":"a18cd5b399a0f46b8cf96cabd4932db4e6ecca33d8f43eac1243cf69ec9d1e93"},"dob":{"date":"1952-10-27T19:24:56.105Z","age":71},"registered":{"date":"2004-03-26T02:43:45.368Z","age":20},"phone":"008-85301804","cell":"0950-569-4968","id":{"name":"","value":null},"picture":{"large":"https://randomuser.me/api/portraits/men/7.jpg","medium":"https://randomuser.me/api/portraits/med/men/7.jpg","thumbnail":"https://randomuser.me/api/portraits/thumb/men/7.jpg"},"nat":"IR"}],"info":{"seed":"c9a6a9574ea50e62","results":1,"page":1,"version":"1.4"}} 
 </msg>
<msg time="2024-03-31T02:23:18.436339" level="INFO">/opt/hostedtoolcache/Python/3.12.2/x64/lib/python3.12/site-packages/urllib3/connectionpool.py:1103: InsecureRequestWarning: Unverified HTTPS request is being made to host 'randomuser.me'. Adding certificate verification is strongly advised. See: https://urllib3.readthedocs.io/en/latest/advanced-usage.html#tls-warnings
  warnings.warn(</msg>
<msg time="2024-03-31T02:23:18.436436" level="INFO">${response} = &lt;Response [200]&gt;</msg>
<var>${response}</var>
<arg>consultarAPI</arg>
<arg>/api</arg>
<doc>Sends a GET request on a previously created HTTP Session.</doc>
<status status="PASS" start="2024-03-31T02:23:18.386334" elapsed="0.050142"/>
</kw>
<kw name="Set Variable" owner="BuiltIn">
<msg time="2024-03-31T02:23:18.437540" level="INFO">${json_data} = {'results': [{'gender': 'male', 'name': {'title': 'Mr', 'first': 'كيان', 'last': 'کریمی'}, 'location': {'street': {'number': 9128, 'name': 'پیروزی'}, 'city': 'یزد', 'state': 'هرمزگان', 'country': 'Ira...</msg>
<var>${json_data}</var>
<arg>${response.json()}</arg>
<doc>Returns the given values which can then be assigned to a variables.</doc>
<status status="PASS" start="2024-03-31T02:23:18.436984" elapsed="0.000587"/>
</kw>
<kw name="Set Variable" owner="BuiltIn">
<msg time="2024-03-31T02:23:18.438312" level="INFO">${name_title} = Mr</msg>
<var>${name_title}</var>
<arg>${json_data["results"][0]["name"]["title"]}</arg>
<doc>Returns the given values which can then be assigned to a variables.</doc>
<status status="PASS" start="2024-03-31T02:23:18.437921" elapsed="0.000416"/>
</kw>
<kw name="Create List" owner="BuiltIn">
<msg time="2024-03-31T02:23:18.438790" level="INFO">${allowed_titles} = ['Mr', 'Ms', 'Miss', 'Mrs', 'Madame', 'Monsieur']</msg>
<var>${allowed_titles}</var>
<arg>Mr</arg>
<arg>Ms</arg>
<arg>Miss</arg>
<arg>Mrs</arg>
<arg>Madame</arg>
<arg>Monsieur</arg>
<doc>Returns a list containing given items.</doc>
<status status="PASS" start="2024-03-31T02:23:18.438641" elapsed="0.000173"/>
</kw>
<kw name="List Should Contain Value" owner="Collections">
<msg time="2024-03-31T02:23:18.439293" level="INFO">False</msg>
<arg>${allowed_titles}</arg>
<arg>${name_title}</arg>
<doc>Fails if the ``value`` is not found from ``list``.</doc>
<status status="PASS" start="2024-03-31T02:23:18.439115" elapsed="0.000214"/>
</kw>
<kw name="Set Variable" owner="BuiltIn">
<msg time="2024-03-31T02:23:18.439995" level="INFO">${name_country} = IR</msg>
<var>${name_country}</var>
<arg>${json_data["results"][0]["nat"]}</arg>
<doc>Returns the given values which can then be assigned to a variables.</doc>
<status status="PASS" start="2024-03-31T02:23:18.439617" elapsed="0.000403"/>
</kw>
<kw name="Create List" owner="BuiltIn">
<msg time="2024-03-31T02:23:18.440920" level="INFO">${list_country} = ['AD', 'AE', 'AF', 'AG', 'AI', 'AL', 'AM', 'AO', 'AQ', 'AR', 'AS', 'AT', 'AU', 'AW', 'AX', 'AZ', 'BA', 'BB', 'BD', 'BE', 'BF', 'BG', 'BH', 'BI', 'BJ', 'BL', 'BM', 'BN', 'BO', 'BQ', 'BR', 'BS', 'BT', '...</msg>
<var>${list_country}</var>
<arg>AD</arg>
<arg>AE</arg>
<arg>AF</arg>
<arg>AG</arg>
<arg>AI</arg>
<arg>AL</arg>
<arg>AM</arg>
<arg>AO</arg>
<arg>AQ</arg>
<arg>AR</arg>
<arg>AS</arg>
<arg>AT</arg>
<arg>AU</arg>
<arg>AW</arg>
<arg>AX</arg>
<arg>AZ</arg>
<arg>BA</arg>
<arg>BB</arg>
<arg>BD</arg>
<arg>BE</arg>
<arg>BF</arg>
<arg>BG</arg>
<arg>BH</arg>
<arg>BI</arg>
<arg>BJ</arg>
<arg>BL</arg>
<arg>BM</arg>
<arg>BN</arg>
<arg>BO</arg>
<arg>BQ</arg>
<arg>BR</arg>
<arg>BS</arg>
<arg>BT</arg>
<arg>BV</arg>
<arg>BW</arg>
<arg>BY</arg>
<arg>BZ</arg>
<arg>CA</arg>
<arg>CC</arg>
<arg>CD</arg>
<arg>CF</arg>
<arg>CG</arg>
<arg>CH</arg>
<arg>CI</arg>
<arg>CK</arg>
<arg>CL</arg>
<arg>CM</arg>
<arg>CN</arg>
<arg>CO</arg>
<arg>CR</arg>
<arg>CU</arg>
<arg>CV</arg>
<arg>CW</arg>
<arg>CX</arg>
<arg>CY</arg>
<arg>CZ</arg>
<arg>DE</arg>
<arg>DJ</arg>
<arg>DK</arg>
<arg>DM</arg>
<arg>DO</arg>
<arg>DZ</arg>
<arg>EC</arg>
<arg>EE</arg>
<arg>EG</arg>
<arg>EH</arg>
<arg>ER</arg>
<arg>ES</arg>
<arg>ET</arg>
<arg>FI</arg>
<arg>FJ</arg>
<arg>FK</arg>
<arg>FM</arg>
<arg>FO</arg>
<arg>FR</arg>
<arg>GA</arg>
<arg>GB</arg>
<arg>GD</arg>
<arg>GE</arg>
<arg>GF</arg>
<arg>GG</arg>
<arg>GH</arg>
<arg>GI</arg>
<arg>GL</arg>
<arg>GM</arg>
<arg>GN</arg>
<arg>GP</arg>
<arg>GQ</arg>
<arg>GR</arg>
<arg>GS</arg>
<arg>GT</arg>
<arg>GU</arg>
<arg>GW</arg>
<arg>GY</arg>
<arg>HK</arg>
<arg>HM</arg>
<arg>HN</arg>
<arg>HR</arg>
<arg>HT</arg>
<arg>HU</arg>
<arg>ID</arg>
<arg>IE</arg>
<arg>IL</arg>
<arg>IM</arg>
<arg>IN</arg>
<arg>IO</arg>
<arg>IQ</arg>
<arg>IR</arg>
<arg>IS</arg>
<arg>IT</arg>
<arg>JE</arg>
<arg>JM</arg>
<arg>JO</arg>
<arg>JP</arg>
<arg>KE</arg>
<arg>KG</arg>
<arg>KH</arg>
<arg>KI</arg>
<arg>KM</arg>
<arg>KN</arg>
<arg>KP</arg>
<arg>KR</arg>
<arg>KW</arg>
<arg>KY</arg>
<arg>KZ</arg>
<arg>LA</arg>
<arg>LB</arg>
<arg>LC</arg>
<arg>LI</arg>
<arg>LK</arg>
<arg>LR</arg>
<arg>LS</arg>
<arg>LT</arg>
<arg>LU</arg>
<arg>LV</arg>
<arg>LY</arg>
<arg>MA</arg>
<arg>MC</arg>
<arg>MD</arg>
<arg>ME</arg>
<arg>MF</arg>
<arg>MG</arg>
<arg>MH</arg>
<arg>MK</arg>
<arg>ML</arg>
<arg>MM</arg>
<arg>MN</arg>
<arg>MO</arg>
<arg>MP</arg>
<arg>MQ</arg>
<arg>MR</arg>
<arg>MS</arg>
<arg>MT</arg>
<arg>MU</arg>
<arg>MV</arg>
<arg>MW</arg>
<arg>MX</arg>
<arg>MY</arg>
<arg>MZ</arg>
<arg>NA</arg>
<arg>NC</arg>
<arg>NE</arg>
<arg>NF</arg>
<arg>NG</arg>
<arg>NI</arg>
<arg>NL</arg>
<arg>NO</arg>
<arg>NP</arg>
<arg>NR</arg>
<arg>NU</arg>
<arg>NZ</arg>
<arg>OM</arg>
<arg>PA</arg>
<arg>PE</arg>
<arg>PF</arg>
<arg>PG</arg>
<arg>PH</arg>
<arg>PK</arg>
<arg>PL</arg>
<arg>PM</arg>
<arg>PN</arg>
<arg>PR</arg>
<arg>PS</arg>
<arg>PT</arg>
<arg>PW</arg>
<arg>PY</arg>
<arg>QA</arg>
<arg>RE</arg>
<arg>RO</arg>
<arg>RS</arg>
<arg>RU</arg>
<arg>RW</arg>
<arg>SA</arg>
<arg>SB</arg>
<arg>SC</arg>
<arg>SD</arg>
<arg>SE</arg>
<arg>SG</arg>
<arg>SH</arg>
<arg>SI</arg>
<arg>SJ</arg>
<arg>SK</arg>
<arg>SL</arg>
<arg>SM</arg>
<arg>SN</arg>
<arg>SO</arg>
<arg>SR</arg>
<arg>SS</arg>
<arg>ST</arg>
<arg>SV</arg>
<arg>SX</arg>
<arg>SY</arg>
<arg>SZ</arg>
<arg>TC</arg>
<arg>TD</arg>
<arg>TF</arg>
<arg>TG</arg>
<arg>TH</arg>
<arg>TJ</arg>
<arg>TK</arg>
<arg>TL</arg>
<arg>TM</arg>
<arg>TN</arg>
<arg>TO</arg>
<arg>TR</arg>
<arg>TT</arg>
<arg>TV</arg>
<arg>TW</arg>
<arg>TZ</arg>
<arg>UA</arg>
<arg>UG</arg>
<arg>UM</arg>
<arg>US</arg>
<arg>UY</arg>
<arg>UZ</arg>
<arg>VA</arg>
<arg>VC</arg>
<arg>VE</arg>
<arg>VG</arg>
<arg>VI</arg>
<arg>VN</arg>
<arg>VU</arg>
<arg>WF</arg>
<arg>WS</arg>
<arg>XK</arg>
<arg>YE</arg>
<arg>YT</arg>
<arg>ZA</arg>
<arg>ZM</arg>
<arg>ZW</arg>
<doc>Returns a list containing given items.</doc>
<status status="PASS" start="2024-03-31T02:23:18.440325" elapsed="0.000621"/>
</kw>
<kw name="List Should Contain Value" owner="Collections">
<msg time="2024-03-31T02:23:18.442068" level="INFO">False</msg>
<arg>${list_country}</arg>
<arg>${name_country}</arg>
<doc>Fails if the ``value`` is not found from ``list``.</doc>
<status status="PASS" start="2024-03-31T02:23:18.441864" elapsed="0.000241"/>
</kw>
<kw name="Run Keyword If" owner="BuiltIn">
<kw name="Should Be True" owner="BuiltIn">
<arg>${True}</arg>
<doc>Fails if the given condition is not true.</doc>
<status status="PASS" start="2024-03-31T02:23:18.443180" elapsed="0.000147"/>
</kw>
<arg>${json_data["results"][0]["location"]["coordinates"]["latitude"]} &gt;= -90 and ${json_data["results"][0]["location"]["coordinates"]["latitude"]} &lt;= 90</arg>
<arg>Should Be True</arg>
<arg>${True}</arg>
<doc>Runs the given keyword with the given arguments, if ``condition`` is true.</doc>
<status status="PASS" start="2024-03-31T02:23:18.442415" elapsed="0.001039"/>
</kw>
<kw name="Run Keyword If" owner="BuiltIn">
<kw name="Should Be True" owner="BuiltIn">
<arg>${True}</arg>
<doc>Fails if the given condition is not true.</doc>
<status status="PASS" start="2024-03-31T02:23:18.444365" elapsed="0.000139"/>
</kw>
<arg>${json_data["results"][0]["location"]["coordinates"]["longitude"]} &gt;= -180 and ${json_data["results"][0]["location"]["coordinates"]["longitude"]} &lt;= 180</arg>
<arg>Should Be True</arg>
<arg>${True}</arg>
<doc>Runs the given keyword with the given arguments, if ``condition`` is true.</doc>
<status status="PASS" start="2024-03-31T02:23:18.443640" elapsed="0.000989"/>
</kw>
<status status="PASS" start="2024-03-31T02:23:18.386104" elapsed="0.058656"/>
</kw>
<doc>Testa o conteúdo específico dos campos retornados pela API.</doc>
<tag>testeConteudo</tag>
<status status="PASS" start="2024-03-31T02:23:18.385534" elapsed="0.059380"/>
</test>
<status status="PASS" start="2024-03-31T02:23:17.559782" elapsed="0.887152"/>
</suite>
<status status="PASS" start="2024-03-31T02:23:17.545923" elapsed="0.906464"/>
</suite>
<statistics>
<total>
<stat pass="5" fail="0" skip="0">All Tests</stat>
</total>
<tag>
<stat pass="1" fail="0" skip="0">testeConteudo</stat>
<stat pass="1" fail="0" skip="0">testeEstruturaResposta</stat>
<stat pass="1" fail="0" skip="0">testeRequisicaoBasica</stat>
<stat pass="1" fail="0" skip="0">testeTiposDados</stat>
</tag>
<suite>
<stat pass="5" fail="0" skip="0" id="s1" name="Tests">Tests</stat>
<stat pass="5" fail="0" skip="0" id="s1-s1" name="Random-User-Test">Tests.Random-User-Test</stat>
</suite>
</statistics>
<errors>
</errors>
</robot>
