<?xml version="1.0" encoding="UTF-8"?>
<robot generator="Robot 7.0 (Python 3.12.3 on linux)" generated="2024-04-24T13:20:23.860095" rpa="false" schemaversion="5">
<suite id="s1" name="Tests" source="/home/runner/work/DesafioQAItauRogerioJordao/DesafioQAItauRogerioJordao/RamdonUser/tests">
<suite id="s1-s1" name="Random-User-Test" source="/home/runner/work/DesafioQAItauRogerioJordao/DesafioQAItauRogerioJordao/RamdonUser/tests/random-user-test.robot">
<test id="s1-s1-t1" name="Conectar" line="13">
<kw name="Conectar API" owner="random-user-service">
<kw name="Create Session" owner="RequestsLibrary">
<msg time="2024-04-24T13:20:24.215940" level="INFO">Creating Session using : alias=consultarAPI, url=https://randomuser.me/, headers={},                     cookies={}, auth=None, timeout=None, proxies=None, verify=False,                     debug=0 </msg>
<arg>consultarAPI</arg>
<arg>${URL}</arg>
<doc>Create Session: create a HTTP session to a server</doc>
<status status="PASS" start="2024-04-24T13:20:24.215721" elapsed="0.000398"/>
</kw>
<status status="PASS" start="2024-04-24T13:20:24.214772" elapsed="0.001705"/>
</kw>
<status status="PASS" start="2024-04-24T13:20:24.214263" elapsed="0.002403"/>
</test>
<test id="s1-s1-t2" name="Validar retorno 200 e JSON Válido" line="16">
<kw name="Teste de Requisicao Basica" owner="random-user-service">
<kw name="GET On Session" owner="RequestsLibrary">
<msg time="2024-04-24T13:20:24.317487" level="INFO">GET Request : url=https://randomuser.me/api 
 path_url=/api 
 headers={'User-Agent': 'python-requests/2.31.0', 'Accept-Encoding': 'gzip, deflate', 'Accept': '*/*', 'Connection': 'keep-alive'} 
 body=None 
 </msg>
<msg time="2024-04-24T13:20:24.317609" level="INFO">GET Response : url=https://randomuser.me/api 
 status=200, reason=OK 
 headers={'Date': 'Wed, 24 Apr 2024 13:20:24 GMT', 'Content-Type': 'application/json; charset=utf-8', 'Transfer-Encoding': 'chunked', 'Connection': 'keep-alive', 'X-Powered-By': 'Express', 'Access-Control-Allow-Origin': '*', 'Cache-Control': 'no-cache', 'ETag': 'W/"494-izDobRfwugttT7KmsPodO/odFnc"', 'Vary': 'Accept-Encoding', 'Content-Encoding': 'gzip', 'CF-Cache-Status': 'DYNAMIC', 'Report-To': '{"endpoints":[{"url":"https:\\/\\/a.nel.cloudflare.com\\/report\\/v4?s=I24FSCsWlzbWIZNMSddCXt%2Bwzot1tVR8hq8FEklk%2B3e735i7HbjGDj9Zr7eBmFOeUwKqKMhxjU472kNYrYDUyj6BD9vN6YQJViYzrG9dVfMx32a9e2Moq00HS%2FVbS%2BNZ"}],"group":"cf-nel","max_age":604800}', 'NEL': '{"success_fraction":0,"report_to":"cf-nel","max_age":604800}', 'Server': 'cloudflare', 'CF-RAY': '879663f7ab76e24f-ORD', 'alt-svc': 'h3=":443"; ma=86400'} 
 body={"results":[{"gender":"female","name":{"title":"Ms","first":"Emilia","last":"Márquez"},"location":{"street":{"number":7193,"name":"Calle de Téllez"},"city":"Torrevieja","state":"Extremadura","country":"Spain","postcode":82425,"coordinates":{"latitude":"-33.0605","longitude":"66.6388"},"timezone":{"offset":"+2:00","description":"Kaliningrad, South Africa"}},"email":"emilia.marquez@example.com","login":{"uuid":"58f8bbea-c50e-44c6-8630-64d0a0b0a128","username":"beautifulkoala376","password":"casino","salt":"ud6sVAIA","md5":"dcbfed67dd250ce01aafc685df058f87","sha1":"1359ce8f5a36aecf0a335ccacafab4534fe1efae","sha256":"a0738c71b98ad4cbb638cb7f94c010e78002d4b23bbae48f13603852a87670c3"},"dob":{"date":"1993-01-27T20:53:18.090Z","age":31},"registered":{"date":"2003-04-04T02:52:58.923Z","age":21},"phone":"907-060-154","cell":"694-554-263","id":{"name":"DNI","value":"14855863-N"},"picture":{"large":"https://randomuser.me/api/portraits/women/61.jpg","medium":"https://randomuser.me/api/portraits/med/women/61.jpg","thumbnail":"https://randomuser.me/api/portraits/thumb/women/61.jpg"},"nat":"ES"}],"info":{"seed":"25a8d093f446edb4","results":1,"page":1,"version":"1.4"}} 
 </msg>
<msg time="2024-04-24T13:20:24.317685" level="INFO">/opt/hostedtoolcache/Python/3.12.3/x64/lib/python3.12/site-packages/urllib3/connectionpool.py:1103: InsecureRequestWarning: Unverified HTTPS request is being made to host 'randomuser.me'. Adding certificate verification is strongly advised. See: https://urllib3.readthedocs.io/en/latest/advanced-usage.html#tls-warnings
  warnings.warn(</msg>
<msg time="2024-04-24T13:20:24.317839" level="INFO">${response} = &lt;Response [200]&gt;</msg>
<var>${response}</var>
<arg>consultarAPI</arg>
<arg>/api</arg>
<doc>Sends a GET request on a previously created HTTP Session.</doc>
<status status="PASS" start="2024-04-24T13:20:24.219272" elapsed="0.098608"/>
</kw>
<kw name="Should Be Equal As Numbers" owner="BuiltIn">
<msg time="2024-04-24T13:20:24.319084" level="INFO">Argument types are:
&lt;class 'int'&gt;
&lt;class 'str'&gt;</msg>
<arg>${response.status_code}</arg>
<arg>200</arg>
<doc>Fails if objects are unequal after converting them to real numbers.</doc>
<status status="PASS" start="2024-04-24T13:20:24.318505" elapsed="0.000659"/>
</kw>
<kw name="Log" owner="BuiltIn">
<msg time="2024-04-24T13:20:24.320123" level="INFO">200</msg>
<arg>${response.status_code}</arg>
<doc>Logs the given message with the given level.</doc>
<status status="PASS" start="2024-04-24T13:20:24.319603" elapsed="0.000575"/>
</kw>
<kw name="Set Variable" owner="BuiltIn">
<msg time="2024-04-24T13:20:24.321125" level="INFO">${json_data} = {'results': [{'gender': 'female', 'name': {'title': 'Ms', 'first': 'Emilia', 'last': 'Márquez'}, 'location': {'street': {'number': 7193, 'name': 'Calle de Téllez'}, 'city': 'Torrevieja', 'state': 'Ext...</msg>
<var>${json_data}</var>
<arg>${response.json()}</arg>
<doc>Returns the given values which can then be assigned to a variables.</doc>
<status status="PASS" start="2024-04-24T13:20:24.320564" elapsed="0.000590"/>
</kw>
<kw name="Dictionary Should Contain Key" owner="Collections">
<msg time="2024-04-24T13:20:24.321619" level="INFO">False</msg>
<arg>${json_data}</arg>
<arg>results</arg>
<doc>Fails if ``key`` is not found from ``dictionary``.</doc>
<status status="PASS" start="2024-04-24T13:20:24.321450" elapsed="0.000207"/>
</kw>
<status status="PASS" start="2024-04-24T13:20:24.219034" elapsed="0.102880"/>
</kw>
<doc>Testa se a API responde corretamente e retorna um objeto JSON válido.</doc>
<tag>testeRequisicaoBasica</tag>
<status status="PASS" start="2024-04-24T13:20:24.218588" elapsed="0.103503"/>
</test>
<test id="s1-s1-t3" name="Validar estrutura de resposta" line="22">
<kw name="Teste de Estrutura de Resposta" owner="random-user-service">
<kw name="GET On Session" owner="RequestsLibrary">
<msg time="2024-04-24T13:20:24.425596" level="INFO">GET Request : url=https://randomuser.me/api 
 path_url=/api 
 headers={'User-Agent': 'python-requests/2.31.0', 'Accept-Encoding': 'gzip, deflate', 'Accept': '*/*', 'Connection': 'keep-alive'} 
 body=None 
 </msg>
<msg time="2024-04-24T13:20:24.425677" level="INFO">GET Response : url=https://randomuser.me/api 
 status=200, reason=OK 
 headers={'Date': 'Wed, 24 Apr 2024 13:20:24 GMT', 'Content-Type': 'application/json; charset=utf-8', 'Transfer-Encoding': 'chunked', 'Connection': 'keep-alive', 'X-Powered-By': 'Express', 'Access-Control-Allow-Origin': '*', 'Cache-Control': 'no-cache', 'ETag': 'W/"49b-87+55/YWbdeph1vDMIbNk3siNuM"', 'Vary': 'Accept-Encoding', 'Content-Encoding': 'gzip', 'CF-Cache-Status': 'DYNAMIC', 'Report-To': '{"endpoints":[{"url":"https:\\/\\/a.nel.cloudflare.com\\/report\\/v4?s=wIsU6vmHLfF%2FX0W1D6E1SCKK%2FNojyu5tCfHMZ9KjPEihU65c6P9jlBB6edyMJ8UliYYk5rldDtlGUlZiWLHBBJ8FyyxCUtD3D2sw17egBqjoEnJPe4OM1uihvSUg5djZ"}],"group":"cf-nel","max_age":604800}', 'NEL': '{"success_fraction":0,"report_to":"cf-nel","max_age":604800}', 'Server': 'cloudflare', 'CF-RAY': '879663f80be2e24f-ORD', 'alt-svc': 'h3=":443"; ma=86400'} 
 body={"results":[{"gender":"male","name":{"title":"Mr","first":"Aleksej","last":"Marinković"},"location":{"street":{"number":7841,"name":"Cerski Venac"},"city":"Pirot","state":"Kosovo-Pomoravlje","country":"Serbia","postcode":26079,"coordinates":{"latitude":"59.8495","longitude":"-77.5806"},"timezone":{"offset":"+10:00","description":"Eastern Australia, Guam, Vladivostok"}},"email":"aleksej.marinkovic@example.com","login":{"uuid":"06fc2932-3a29-40e9-b2f3-6b3557dc87a3","username":"yellowduck439","password":"bootie","salt":"mQkLa4Jo","md5":"87b90b0ab903397b35b6ff8ce690c5e5","sha1":"488440dee71a079991ad7930d259f0c98000e884","sha256":"8bbe535025fa0cb14033eddbd4e0609363b266774dc81af27a9b5e3acec2578b"},"dob":{"date":"1986-08-08T00:42:43.121Z","age":37},"registered":{"date":"2007-01-28T07:11:06.562Z","age":17},"phone":"024-8854-620","cell":"062-6015-605","id":{"name":"SID","value":"674443345"},"picture":{"large":"https://randomuser.me/api/portraits/men/31.jpg","medium":"https://randomuser.me/api/portraits/med/men/31.jpg","thumbnail":"https://randomuser.me/api/portraits/thumb/men/31.jpg"},"nat":"RS"}],"info":{"seed":"9a0225023cf6dcff","results":1,"page":1,"version":"1.4"}} 
 </msg>
<msg time="2024-04-24T13:20:24.425786" level="INFO">/opt/hostedtoolcache/Python/3.12.3/x64/lib/python3.12/site-packages/urllib3/connectionpool.py:1103: InsecureRequestWarning: Unverified HTTPS request is being made to host 'randomuser.me'. Adding certificate verification is strongly advised. See: https://urllib3.readthedocs.io/en/latest/advanced-usage.html#tls-warnings
  warnings.warn(</msg>
<msg time="2024-04-24T13:20:24.425897" level="INFO">${response} = &lt;Response [200]&gt;</msg>
<var>${response}</var>
<arg>consultarAPI</arg>
<arg>/api</arg>
<doc>Sends a GET request on a previously created HTTP Session.</doc>
<status status="PASS" start="2024-04-24T13:20:24.324650" elapsed="0.101285"/>
</kw>
<kw name="Set Variable" owner="BuiltIn">
<msg time="2024-04-24T13:20:24.426826" level="INFO">${json_data} = {'results': [{'gender': 'male', 'name': {'title': 'Mr', 'first': 'Aleksej', 'last': 'Marinković'}, 'location': {'street': {'number': 7841, 'name': 'Cerski Venac'}, 'city': 'Pirot', 'state': 'Kosovo-Po...</msg>
<var>${json_data}</var>
<arg>${response.json()}</arg>
<doc>Returns the given values which can then be assigned to a variables.</doc>
<status status="PASS" start="2024-04-24T13:20:24.426346" elapsed="0.000510"/>
</kw>
<kw name="Log" owner="BuiltIn">
<msg time="2024-04-24T13:20:24.427319" level="INFO">{'results': [{'gender': 'male', 'name': {'title': 'Mr', 'first': 'Aleksej', 'last': 'Marinković'}, 'location': {'street': {'number': 7841, 'name': 'Cerski Venac'}, 'city': 'Pirot', 'state': 'Kosovo-Pomoravlje', 'country': 'Serbia', 'postcode': 26079, 'coordinates': {'latitude': '59.8495', 'longitude': '-77.5806'}, 'timezone': {'offset': '+10:00', 'description': 'Eastern Australia, Guam, Vladivostok'}}, 'email': 'aleksej.marinkovic@example.com', 'login': {'uuid': '06fc2932-3a29-40e9-b2f3-6b3557dc87a3', 'username': 'yellowduck439', 'password': 'bootie', 'salt': 'mQkLa4Jo', 'md5': '87b90b0ab903397b35b6ff8ce690c5e5', 'sha1': '488440dee71a079991ad7930d259f0c98000e884', 'sha256': '8bbe535025fa0cb14033eddbd4e0609363b266774dc81af27a9b5e3acec2578b'}, 'dob': {'date': '1986-08-08T00:42:43.121Z', 'age': 37}, 'registered': {'date': '2007-01-28T07:11:06.562Z', 'age': 17}, 'phone': '024-8854-620', 'cell': '062-6015-605', 'id': {'name': 'SID', 'value': '674443345'}, 'picture': {'large': 'https://randomuser.me/api/portraits/men/31.jpg', 'medium': 'https://randomuser.me/api/portraits/med/men/31.jpg', 'thumbnail': 'https://randomuser.me/api/portraits/thumb/men/31.jpg'}, 'nat': 'RS'}], 'info': {'seed': '9a0225023cf6dcff', 'results': 1, 'page': 1, 'version': '1.4'}}</msg>
<arg>${json_data}</arg>
<doc>Logs the given message with the given level.</doc>
<status status="PASS" start="2024-04-24T13:20:24.427160" elapsed="0.000208"/>
</kw>
<kw name="Dictionary Should Contain Key" owner="Collections">
<msg time="2024-04-24T13:20:24.427814" level="INFO">False</msg>
<arg>${json_data}</arg>
<arg>results</arg>
<doc>Fails if ``key`` is not found from ``dictionary``.</doc>
<status status="PASS" start="2024-04-24T13:20:24.427657" elapsed="0.000194"/>
</kw>
<kw name="Should Not Be Empty" owner="BuiltIn">
<msg time="2024-04-24T13:20:24.428320" level="INFO">Length is 2.</msg>
<arg>${json_data}</arg>
<doc>Verifies that the given item is not empty.</doc>
<status status="PASS" start="2024-04-24T13:20:24.428189" elapsed="0.000315"/>
</kw>
<kw name="Create List" owner="BuiltIn">
<msg time="2024-04-24T13:20:24.428947" level="INFO">${expected_keys} = ['gender', 'name', 'location', 'email', 'login']</msg>
<var>${expected_keys}</var>
<arg>gender</arg>
<arg>name</arg>
<arg>location</arg>
<arg>email</arg>
<arg>login</arg>
<doc>Returns a list containing given items.</doc>
<status status="PASS" start="2024-04-24T13:20:24.428796" elapsed="0.000175"/>
</kw>
<for flavor="IN">
<iter>
<kw name="Dictionary Should Contain Key" owner="Collections">
<msg time="2024-04-24T13:20:24.429942" level="INFO">False</msg>
<arg>${json_data['results'][0]}</arg>
<arg>${key}</arg>
<doc>Fails if ``key`` is not found from ``dictionary``.</doc>
<status status="PASS" start="2024-04-24T13:20:24.429543" elapsed="0.000437"/>
</kw>
<kw name="Log" owner="BuiltIn">
<msg time="2024-04-24T13:20:24.430646" level="INFO">{'gender': 'male', 'name': {'title': 'Mr', 'first': 'Aleksej', 'last': 'Marinković'}, 'location': {'street': {'number': 7841, 'name': 'Cerski Venac'}, 'city': 'Pirot', 'state': 'Kosovo-Pomoravlje', 'country': 'Serbia', 'postcode': 26079, 'coordinates': {'latitude': '59.8495', 'longitude': '-77.5806'}, 'timezone': {'offset': '+10:00', 'description': 'Eastern Australia, Guam, Vladivostok'}}, 'email': 'aleksej.marinkovic@example.com', 'login': {'uuid': '06fc2932-3a29-40e9-b2f3-6b3557dc87a3', 'username': 'yellowduck439', 'password': 'bootie', 'salt': 'mQkLa4Jo', 'md5': '87b90b0ab903397b35b6ff8ce690c5e5', 'sha1': '488440dee71a079991ad7930d259f0c98000e884', 'sha256': '8bbe535025fa0cb14033eddbd4e0609363b266774dc81af27a9b5e3acec2578b'}, 'dob': {'date': '1986-08-08T00:42:43.121Z', 'age': 37}, 'registered': {'date': '2007-01-28T07:11:06.562Z', 'age': 17}, 'phone': '024-8854-620', 'cell': '062-6015-605', 'id': {'name': 'SID', 'value': '674443345'}, 'picture': {'large': 'https://randomuser.me/api/portraits/men/31.jpg', 'medium': 'https://randomuser.me/api/portraits/med/men/31.jpg', 'thumbnail': 'https://randomuser.me/api/portraits/thumb/men/31.jpg'}, 'nat': 'RS'}</msg>
<arg>${json_data['results'][0]}</arg>
<doc>Logs the given message with the given level.</doc>
<status status="PASS" start="2024-04-24T13:20:24.430281" elapsed="0.000415"/>
</kw>
<kw name="Log" owner="BuiltIn">
<msg time="2024-04-24T13:20:24.431118" level="INFO">gender</msg>
<arg>${key}</arg>
<doc>Logs the given message with the given level.</doc>
<status status="PASS" start="2024-04-24T13:20:24.430992" elapsed="0.000162"/>
</kw>
<var name="${key}">gender</var>
<status status="PASS" start="2024-04-24T13:20:24.429412" elapsed="0.001952"/>
</iter>
<iter>
<kw name="Dictionary Should Contain Key" owner="Collections">
<msg time="2024-04-24T13:20:24.432072" level="INFO">False</msg>
<arg>${json_data['results'][0]}</arg>
<arg>${key}</arg>
<doc>Fails if ``key`` is not found from ``dictionary``.</doc>
<status status="PASS" start="2024-04-24T13:20:24.431663" elapsed="0.000446"/>
</kw>
<kw name="Log" owner="BuiltIn">
<msg time="2024-04-24T13:20:24.432798" level="INFO">{'gender': 'male', 'name': {'title': 'Mr', 'first': 'Aleksej', 'last': 'Marinković'}, 'location': {'street': {'number': 7841, 'name': 'Cerski Venac'}, 'city': 'Pirot', 'state': 'Kosovo-Pomoravlje', 'country': 'Serbia', 'postcode': 26079, 'coordinates': {'latitude': '59.8495', 'longitude': '-77.5806'}, 'timezone': {'offset': '+10:00', 'description': 'Eastern Australia, Guam, Vladivostok'}}, 'email': 'aleksej.marinkovic@example.com', 'login': {'uuid': '06fc2932-3a29-40e9-b2f3-6b3557dc87a3', 'username': 'yellowduck439', 'password': 'bootie', 'salt': 'mQkLa4Jo', 'md5': '87b90b0ab903397b35b6ff8ce690c5e5', 'sha1': '488440dee71a079991ad7930d259f0c98000e884', 'sha256': '8bbe535025fa0cb14033eddbd4e0609363b266774dc81af27a9b5e3acec2578b'}, 'dob': {'date': '1986-08-08T00:42:43.121Z', 'age': 37}, 'registered': {'date': '2007-01-28T07:11:06.562Z', 'age': 17}, 'phone': '024-8854-620', 'cell': '062-6015-605', 'id': {'name': 'SID', 'value': '674443345'}, 'picture': {'large': 'https://randomuser.me/api/portraits/men/31.jpg', 'medium': 'https://randomuser.me/api/portraits/med/men/31.jpg', 'thumbnail': 'https://randomuser.me/api/portraits/thumb/men/31.jpg'}, 'nat': 'RS'}</msg>
<arg>${json_data['results'][0]}</arg>
<doc>Logs the given message with the given level.</doc>
<status status="PASS" start="2024-04-24T13:20:24.432428" elapsed="0.000419"/>
</kw>
<kw name="Log" owner="BuiltIn">
<msg time="2024-04-24T13:20:24.433267" level="INFO">name</msg>
<arg>${key}</arg>
<doc>Logs the given message with the given level.</doc>
<status status="PASS" start="2024-04-24T13:20:24.433141" elapsed="0.000163"/>
</kw>
<var name="${key}">name</var>
<status status="PASS" start="2024-04-24T13:20:24.431549" elapsed="0.001967"/>
</iter>
<iter>
<kw name="Dictionary Should Contain Key" owner="Collections">
<msg time="2024-04-24T13:20:24.434190" level="INFO">False</msg>
<arg>${json_data['results'][0]}</arg>
<arg>${key}</arg>
<doc>Fails if ``key`` is not found from ``dictionary``.</doc>
<status status="PASS" start="2024-04-24T13:20:24.433802" elapsed="0.000425"/>
</kw>
<kw name="Log" owner="BuiltIn">
<msg time="2024-04-24T13:20:24.434896" level="INFO">{'gender': 'male', 'name': {'title': 'Mr', 'first': 'Aleksej', 'last': 'Marinković'}, 'location': {'street': {'number': 7841, 'name': 'Cerski Venac'}, 'city': 'Pirot', 'state': 'Kosovo-Pomoravlje', 'country': 'Serbia', 'postcode': 26079, 'coordinates': {'latitude': '59.8495', 'longitude': '-77.5806'}, 'timezone': {'offset': '+10:00', 'description': 'Eastern Australia, Guam, Vladivostok'}}, 'email': 'aleksej.marinkovic@example.com', 'login': {'uuid': '06fc2932-3a29-40e9-b2f3-6b3557dc87a3', 'username': 'yellowduck439', 'password': 'bootie', 'salt': 'mQkLa4Jo', 'md5': '87b90b0ab903397b35b6ff8ce690c5e5', 'sha1': '488440dee71a079991ad7930d259f0c98000e884', 'sha256': '8bbe535025fa0cb14033eddbd4e0609363b266774dc81af27a9b5e3acec2578b'}, 'dob': {'date': '1986-08-08T00:42:43.121Z', 'age': 37}, 'registered': {'date': '2007-01-28T07:11:06.562Z', 'age': 17}, 'phone': '024-8854-620', 'cell': '062-6015-605', 'id': {'name': 'SID', 'value': '674443345'}, 'picture': {'large': 'https://randomuser.me/api/portraits/men/31.jpg', 'medium': 'https://randomuser.me/api/portraits/med/men/31.jpg', 'thumbnail': 'https://randomuser.me/api/portraits/thumb/men/31.jpg'}, 'nat': 'RS'}</msg>
<arg>${json_data['results'][0]}</arg>
<doc>Logs the given message with the given level.</doc>
<status status="PASS" start="2024-04-24T13:20:24.434532" elapsed="0.000414"/>
</kw>
<kw name="Log" owner="BuiltIn">
<msg time="2024-04-24T13:20:24.435366" level="INFO">location</msg>
<arg>${key}</arg>
<doc>Logs the given message with the given level.</doc>
<status status="PASS" start="2024-04-24T13:20:24.435240" elapsed="0.000164"/>
</kw>
<var name="${key}">location</var>
<status status="PASS" start="2024-04-24T13:20:24.433692" elapsed="0.001925"/>
</iter>
<iter>
<kw name="Dictionary Should Contain Key" owner="Collections">
<msg time="2024-04-24T13:20:24.436302" level="INFO">False</msg>
<arg>${json_data['results'][0]}</arg>
<arg>${key}</arg>
<doc>Fails if ``key`` is not found from ``dictionary``.</doc>
<status status="PASS" start="2024-04-24T13:20:24.435916" elapsed="0.000423"/>
</kw>
<kw name="Log" owner="BuiltIn">
<msg time="2024-04-24T13:20:24.436996" level="INFO">{'gender': 'male', 'name': {'title': 'Mr', 'first': 'Aleksej', 'last': 'Marinković'}, 'location': {'street': {'number': 7841, 'name': 'Cerski Venac'}, 'city': 'Pirot', 'state': 'Kosovo-Pomoravlje', 'country': 'Serbia', 'postcode': 26079, 'coordinates': {'latitude': '59.8495', 'longitude': '-77.5806'}, 'timezone': {'offset': '+10:00', 'description': 'Eastern Australia, Guam, Vladivostok'}}, 'email': 'aleksej.marinkovic@example.com', 'login': {'uuid': '06fc2932-3a29-40e9-b2f3-6b3557dc87a3', 'username': 'yellowduck439', 'password': 'bootie', 'salt': 'mQkLa4Jo', 'md5': '87b90b0ab903397b35b6ff8ce690c5e5', 'sha1': '488440dee71a079991ad7930d259f0c98000e884', 'sha256': '8bbe535025fa0cb14033eddbd4e0609363b266774dc81af27a9b5e3acec2578b'}, 'dob': {'date': '1986-08-08T00:42:43.121Z', 'age': 37}, 'registered': {'date': '2007-01-28T07:11:06.562Z', 'age': 17}, 'phone': '024-8854-620', 'cell': '062-6015-605', 'id': {'name': 'SID', 'value': '674443345'}, 'picture': {'large': 'https://randomuser.me/api/portraits/men/31.jpg', 'medium': 'https://randomuser.me/api/portraits/med/men/31.jpg', 'thumbnail': 'https://randomuser.me/api/portraits/thumb/men/31.jpg'}, 'nat': 'RS'}</msg>
<arg>${json_data['results'][0]}</arg>
<doc>Logs the given message with the given level.</doc>
<status status="PASS" start="2024-04-24T13:20:24.436634" elapsed="0.000411"/>
</kw>
<kw name="Log" owner="BuiltIn">
<msg time="2024-04-24T13:20:24.437461" level="INFO">email</msg>
<arg>${key}</arg>
<doc>Logs the given message with the given level.</doc>
<status status="PASS" start="2024-04-24T13:20:24.437336" elapsed="0.000162"/>
</kw>
<var name="${key}">email</var>
<status status="PASS" start="2024-04-24T13:20:24.435788" elapsed="0.001919"/>
</iter>
<iter>
<kw name="Dictionary Should Contain Key" owner="Collections">
<msg time="2024-04-24T13:20:24.438379" level="INFO">False</msg>
<arg>${json_data['results'][0]}</arg>
<arg>${key}</arg>
<doc>Fails if ``key`` is not found from ``dictionary``.</doc>
<status status="PASS" start="2024-04-24T13:20:24.437985" elapsed="0.000431"/>
</kw>
<kw name="Log" owner="BuiltIn">
<msg time="2024-04-24T13:20:24.439080" level="INFO">{'gender': 'male', 'name': {'title': 'Mr', 'first': 'Aleksej', 'last': 'Marinković'}, 'location': {'street': {'number': 7841, 'name': 'Cerski Venac'}, 'city': 'Pirot', 'state': 'Kosovo-Pomoravlje', 'country': 'Serbia', 'postcode': 26079, 'coordinates': {'latitude': '59.8495', 'longitude': '-77.5806'}, 'timezone': {'offset': '+10:00', 'description': 'Eastern Australia, Guam, Vladivostok'}}, 'email': 'aleksej.marinkovic@example.com', 'login': {'uuid': '06fc2932-3a29-40e9-b2f3-6b3557dc87a3', 'username': 'yellowduck439', 'password': 'bootie', 'salt': 'mQkLa4Jo', 'md5': '87b90b0ab903397b35b6ff8ce690c5e5', 'sha1': '488440dee71a079991ad7930d259f0c98000e884', 'sha256': '8bbe535025fa0cb14033eddbd4e0609363b266774dc81af27a9b5e3acec2578b'}, 'dob': {'date': '1986-08-08T00:42:43.121Z', 'age': 37}, 'registered': {'date': '2007-01-28T07:11:06.562Z', 'age': 17}, 'phone': '024-8854-620', 'cell': '062-6015-605', 'id': {'name': 'SID', 'value': '674443345'}, 'picture': {'large': 'https://randomuser.me/api/portraits/men/31.jpg', 'medium': 'https://randomuser.me/api/portraits/med/men/31.jpg', 'thumbnail': 'https://randomuser.me/api/portraits/thumb/men/31.jpg'}, 'nat': 'RS'}</msg>
<arg>${json_data['results'][0]}</arg>
<doc>Logs the given message with the given level.</doc>
<status status="PASS" start="2024-04-24T13:20:24.438712" elapsed="0.000418"/>
</kw>
<kw name="Log" owner="BuiltIn">
<msg time="2024-04-24T13:20:24.439550" level="INFO">login</msg>
<arg>${key}</arg>
<doc>Logs the given message with the given level.</doc>
<status status="PASS" start="2024-04-24T13:20:24.439424" elapsed="0.000163"/>
</kw>
<var name="${key}">login</var>
<status status="PASS" start="2024-04-24T13:20:24.437876" elapsed="0.001946"/>
</iter>
<var>${key}</var>
<value>@{expected_keys}</value>
<status status="PASS" start="2024-04-24T13:20:24.429225" elapsed="0.010746"/>
</for>
<kw name="Create List" owner="BuiltIn">
<msg time="2024-04-24T13:20:24.440299" level="INFO">${expected_keysTwo} = ['username', 'password']</msg>
<var>${expected_keysTwo}</var>
<arg>username</arg>
<arg>password</arg>
<doc>Returns a list containing given items.</doc>
<status status="PASS" start="2024-04-24T13:20:24.440165" elapsed="0.000157"/>
</kw>
<for flavor="IN">
<iter>
<kw name="Dictionary Should Contain Key" owner="Collections">
<msg time="2024-04-24T13:20:24.441198" level="INFO">False</msg>
<arg>${json_data['results'][0]['login']}</arg>
<arg>${keyTwo}</arg>
<doc>Fails if ``key`` is not found from ``dictionary``.</doc>
<status status="PASS" start="2024-04-24T13:20:24.440811" elapsed="0.000423"/>
</kw>
<kw name="Dictionary Should Contain Key" owner="Collections">
<msg time="2024-04-24T13:20:24.441907" level="INFO">False</msg>
<arg>${json_data['results'][0]['login']}</arg>
<arg>${keyTwo}</arg>
<doc>Fails if ``key`` is not found from ``dictionary``.</doc>
<status status="PASS" start="2024-04-24T13:20:24.441525" elapsed="0.000418"/>
</kw>
<kw name="Log" owner="BuiltIn">
<msg time="2024-04-24T13:20:24.442354" level="INFO">username</msg>
<arg>${keyTwo}</arg>
<doc>Logs the given message with the given level.</doc>
<status status="PASS" start="2024-04-24T13:20:24.442229" elapsed="0.000165"/>
</kw>
<var name="${keyTwo}">username</var>
<status status="PASS" start="2024-04-24T13:20:24.440704" elapsed="0.001900"/>
</iter>
<iter>
<kw name="Dictionary Should Contain Key" owner="Collections">
<msg time="2024-04-24T13:20:24.443344" level="INFO">False</msg>
<arg>${json_data['results'][0]['login']}</arg>
<arg>${keyTwo}</arg>
<doc>Fails if ``key`` is not found from ``dictionary``.</doc>
<status status="PASS" start="2024-04-24T13:20:24.442882" elapsed="0.000507"/>
</kw>
<kw name="Dictionary Should Contain Key" owner="Collections">
<msg time="2024-04-24T13:20:24.444088" level="INFO">False</msg>
<arg>${json_data['results'][0]['login']}</arg>
<arg>${keyTwo}</arg>
<doc>Fails if ``key`` is not found from ``dictionary``.</doc>
<status status="PASS" start="2024-04-24T13:20:24.443686" elapsed="0.000438"/>
</kw>
<kw name="Log" owner="BuiltIn">
<msg time="2024-04-24T13:20:24.444539" level="INFO">password</msg>
<arg>${keyTwo}</arg>
<doc>Logs the given message with the given level.</doc>
<status status="PASS" start="2024-04-24T13:20:24.444413" elapsed="0.000162"/>
</kw>
<var name="${keyTwo}">password</var>
<status status="PASS" start="2024-04-24T13:20:24.442773" elapsed="0.002015"/>
</iter>
<var>${keyTwo}</var>
<value>@{expected_keysTwo}</value>
<status status="PASS" start="2024-04-24T13:20:24.440553" elapsed="0.004356"/>
</for>
<status status="PASS" start="2024-04-24T13:20:24.324416" elapsed="0.120631"/>
</kw>
<doc>Testa a estrutura da resposta da API.</doc>
<tag>testeEstruturaResposta</tag>
<status status="PASS" start="2024-04-24T13:20:24.323930" elapsed="0.121271"/>
</test>
<test id="s1-s1-t4" name="Validar tipos de dados" line="28">
<kw name="Teste de Tipos de Dados" owner="random-user-service">
<kw name="GET On Session" owner="RequestsLibrary">
<msg time="2024-04-24T13:20:24.513529" level="INFO">GET Request : url=https://randomuser.me/api 
 path_url=/api 
 headers={'User-Agent': 'python-requests/2.31.0', 'Accept-Encoding': 'gzip, deflate', 'Accept': '*/*', 'Connection': 'keep-alive'} 
 body=None 
 </msg>
<msg time="2024-04-24T13:20:24.513602" level="INFO">GET Response : url=https://randomuser.me/api 
 status=200, reason=OK 
 headers={'Date': 'Wed, 24 Apr 2024 13:20:24 GMT', 'Content-Type': 'application/json; charset=utf-8', 'Transfer-Encoding': 'chunked', 'Connection': 'keep-alive', 'X-Powered-By': 'Express', 'Access-Control-Allow-Origin': '*', 'Cache-Control': 'no-cache', 'ETag': 'W/"46d-YuvMtorpkqlMRaT0MgZo5fV9k88"', 'Vary': 'Accept-Encoding', 'Content-Encoding': 'gzip', 'CF-Cache-Status': 'DYNAMIC', 'Report-To': '{"endpoints":[{"url":"https:\\/\\/a.nel.cloudflare.com\\/report\\/v4?s=IhvtQhOIPKARkSgqd9igwkrQ69WXSmWz7BmTOGpC8Hz2IVg522h9EPsGKf83eyUAEAxmr2bz8KyFv8lktaJgMPGuD3L775PzFSrI2RrQnGJqGJ9e%2BKda%2F9cVHWDACrow"}],"group":"cf-nel","max_age":604800}', 'NEL': '{"success_fraction":0,"report_to":"cf-nel","max_age":604800}', 'Server': 'cloudflare', 'CF-RAY': '879663f8cc9be24f-ORD', 'alt-svc': 'h3=":443"; ma=86400'} 
 body={"results":[{"gender":"male","name":{"title":"Mr","first":"Jesus","last":"Cruz"},"location":{"street":{"number":2138,"name":"Calle del Arenal"},"city":"Alcobendas","state":"Ceuta","country":"Spain","postcode":15138,"coordinates":{"latitude":"-30.3699","longitude":"-40.4286"},"timezone":{"offset":"-3:30","description":"Newfoundland"}},"email":"jesus.cruz@example.com","login":{"uuid":"8243c060-de81-4ee2-b243-3f958aa633da","username":"goldenduck276","password":"bonjour","salt":"Y5Ge43lS","md5":"3ff7effabecc09d522ae08fe190c7cde","sha1":"8b41d94d8d18a68bfbb101e81e2efdd5a80ed1b9","sha256":"bdd2408c6c0afc4530c9df849ece63b6ee775830c11c4213c8f645a3318b6533"},"dob":{"date":"1997-11-24T14:22:22.708Z","age":26},"registered":{"date":"2014-05-24T03:32:15.592Z","age":9},"phone":"956-641-286","cell":"693-420-708","id":{"name":"DNI","value":"75585267-H"},"picture":{"large":"https://randomuser.me/api/portraits/men/35.jpg","medium":"https://randomuser.me/api/portraits/med/men/35.jpg","thumbnail":"https://randomuser.me/api/portraits/thumb/men/35.jpg"},"nat":"ES"}],"info":{"seed":"9aae2957c43e3446","results":1,"page":1,"version":"1.4"}} 
 </msg>
<msg time="2024-04-24T13:20:24.513661" level="INFO">/opt/hostedtoolcache/Python/3.12.3/x64/lib/python3.12/site-packages/urllib3/connectionpool.py:1103: InsecureRequestWarning: Unverified HTTPS request is being made to host 'randomuser.me'. Adding certificate verification is strongly advised. See: https://urllib3.readthedocs.io/en/latest/advanced-usage.html#tls-warnings
  warnings.warn(</msg>
<msg time="2024-04-24T13:20:24.513773" level="INFO">${response} = &lt;Response [200]&gt;</msg>
<var>${response}</var>
<arg>consultarAPI</arg>
<arg>/api</arg>
<doc>Sends a GET request on a previously created HTTP Session.</doc>
<status status="PASS" start="2024-04-24T13:20:24.447627" elapsed="0.066187"/>
</kw>
<kw name="Set Variable" owner="BuiltIn">
<msg time="2024-04-24T13:20:24.514893" level="INFO">${json_data} = {'results': [{'gender': 'male', 'name': {'title': 'Mr', 'first': 'Jesus', 'last': 'Cruz'}, 'location': {'street': {'number': 2138, 'name': 'Calle del Arenal'}, 'city': 'Alcobendas', 'state': 'Ceuta', ...</msg>
<var>${json_data}</var>
<arg>${response.json()}</arg>
<doc>Returns the given values which can then be assigned to a variables.</doc>
<status status="PASS" start="2024-04-24T13:20:24.514306" elapsed="0.000615"/>
</kw>
<kw name="Log" owner="BuiltIn">
<msg time="2024-04-24T13:20:24.515384" level="INFO">{'results': [{'gender': 'male', 'name': {'title': 'Mr', 'first': 'Jesus', 'last': 'Cruz'}, 'location': {'street': {'number': 2138, 'name': 'Calle del Arenal'}, 'city': 'Alcobendas', 'state': 'Ceuta', 'country': 'Spain', 'postcode': 15138, 'coordinates': {'latitude': '-30.3699', 'longitude': '-40.4286'}, 'timezone': {'offset': '-3:30', 'description': 'Newfoundland'}}, 'email': 'jesus.cruz@example.com', 'login': {'uuid': '8243c060-de81-4ee2-b243-3f958aa633da', 'username': 'goldenduck276', 'password': 'bonjour', 'salt': 'Y5Ge43lS', 'md5': '3ff7effabecc09d522ae08fe190c7cde', 'sha1': '8b41d94d8d18a68bfbb101e81e2efdd5a80ed1b9', 'sha256': 'bdd2408c6c0afc4530c9df849ece63b6ee775830c11c4213c8f645a3318b6533'}, 'dob': {'date': '1997-11-24T14:22:22.708Z', 'age': 26}, 'registered': {'date': '2014-05-24T03:32:15.592Z', 'age': 9}, 'phone': '956-641-286', 'cell': '693-420-708', 'id': {'name': 'DNI', 'value': '75585267-H'}, 'picture': {'large': 'https://randomuser.me/api/portraits/men/35.jpg', 'medium': 'https://randomuser.me/api/portraits/med/men/35.jpg', 'thumbnail': 'https://randomuser.me/api/portraits/thumb/men/35.jpg'}, 'nat': 'ES'}], 'info': {'seed': '9aae2957c43e3446', 'results': 1, 'page': 1, 'version': '1.4'}}</msg>
<arg>${json_data}</arg>
<doc>Logs the given message with the given level.</doc>
<status status="PASS" start="2024-04-24T13:20:24.515231" elapsed="0.000237"/>
</kw>
<kw name="Should Be String" owner="String">
<arg>${json_data['results'][0]['gender']}</arg>
<doc>Fails if the given ``item`` is not a string.</doc>
<status status="PASS" start="2024-04-24T13:20:24.515767" elapsed="0.000392"/>
</kw>
<kw name="Should Match Regexp" owner="BuiltIn">
<arg>${json_data['results'][0]['email']}</arg>
<arg>^[a-zA-Z0-9._%+-]+@[a-zA-Z0-9.-]+\.[a-zA-Z]{2,}$</arg>
<doc>Fails if ``string`` does not match ``pattern`` as a regular expression.</doc>
<status status="PASS" start="2024-04-24T13:20:24.516354" elapsed="0.000523"/>
</kw>
<kw name="Should Match Regexp" owner="BuiltIn">
<arg>${json_data['results'][0]['dob']['date']}</arg>
<arg>\\d{4}-\\d{2}-\\d{2}T\\d{2}:\\d{2}:\\d{2}\\.\\d{3}Z</arg>
<doc>Fails if ``string`` does not match ``pattern`` as a regular expression.</doc>
<status status="PASS" start="2024-04-24T13:20:24.517073" elapsed="0.000486"/>
</kw>
<kw name="Should Match Regexp" owner="BuiltIn">
<arg>${json_data['results'][0]['registered']['date']}</arg>
<arg>\\d{4}-\\d{2}-\\d{2}T\\d{2}:\\d{2}:\\d{2}\\.\\d{3}Z</arg>
<doc>Fails if ``string`` does not match ``pattern`` as a regular expression.</doc>
<status status="PASS" start="2024-04-24T13:20:24.517750" elapsed="0.000369"/>
</kw>
<kw name="Should Match Regexp" owner="BuiltIn">
<arg>${json_data['results'][0]['picture']['large']}</arg>
<arg>^https?://.*\.(?:png|jpe?g|gif|bmp)$</arg>
<doc>Fails if ``string`` does not match ``pattern`` as a regular expression.</doc>
<status status="PASS" start="2024-04-24T13:20:24.518305" elapsed="0.000466"/>
</kw>
<kw name="Should Match Regexp" owner="BuiltIn">
<arg>${json_data['results'][0]['picture']['medium']}</arg>
<arg>^https?://.*\.(?:png|jpe?g|gif|bmp)$</arg>
<doc>Fails if ``string`` does not match ``pattern`` as a regular expression.</doc>
<status status="PASS" start="2024-04-24T13:20:24.518955" elapsed="0.000365"/>
</kw>
<kw name="Should Match Regexp" owner="BuiltIn">
<arg>${json_data['results'][0]['picture']['thumbnail']}</arg>
<arg>^https?://.*\.(?:png|jpe?g|gif|bmp)$</arg>
<doc>Fails if ``string`` does not match ``pattern`` as a regular expression.</doc>
<status status="PASS" start="2024-04-24T13:20:24.519505" elapsed="0.000346"/>
</kw>
<kw name="Log" owner="BuiltIn">
<msg time="2024-04-24T13:20:24.520399" level="INFO">{'large': 'https://randomuser.me/api/portraits/men/35.jpg', 'medium': 'https://randomuser.me/api/portraits/med/men/35.jpg', 'thumbnail': 'https://randomuser.me/api/portraits/thumb/men/35.jpg'}</msg>
<arg>${json_data['results'][0]['picture']}</arg>
<doc>Logs the given message with the given level.</doc>
<status status="PASS" start="2024-04-24T13:20:24.520071" elapsed="0.000370"/>
</kw>
<status status="PASS" start="2024-04-24T13:20:24.447404" elapsed="0.073289"/>
</kw>
<kw name="Teste de Tipos de Dados - Postcode" owner="random-user-service">
<kw name="GET On Session" owner="RequestsLibrary">
<msg time="2024-04-24T13:20:24.622215" level="INFO">GET Request : url=https://randomuser.me/api 
 path_url=/api 
 headers={'User-Agent': 'python-requests/2.31.0', 'Accept-Encoding': 'gzip, deflate', 'Accept': '*/*', 'Connection': 'keep-alive'} 
 body=None 
 </msg>
<msg time="2024-04-24T13:20:24.622294" level="INFO">GET Response : url=https://randomuser.me/api 
 status=200, reason=OK 
 headers={'Date': 'Wed, 24 Apr 2024 13:20:24 GMT', 'Content-Type': 'application/json; charset=utf-8', 'Transfer-Encoding': 'chunked', 'Connection': 'keep-alive', 'X-Powered-By': 'Express', 'Access-Control-Allow-Origin': '*', 'Cache-Control': 'no-cache', 'ETag': 'W/"48a-0RwTOfOr7PpKc2VByrGbAAAiyKY"', 'Vary': 'Accept-Encoding', 'Content-Encoding': 'gzip', 'CF-Cache-Status': 'DYNAMIC', 'Report-To': '{"endpoints":[{"url":"https:\\/\\/a.nel.cloudflare.com\\/report\\/v4?s=0u5MZDgMYtfdENu8FOJ5ah%2Fut0wlmwAHXzviJFQQZ%2F%2Fg7jCb6PiNSn5rWACPDJ%2B4sptshE6%2B7yi%2BHMaLbLWXetyF5nNk63Fc8tofdLQz%2BNh6aeiV9NjXIGy3ffbbKCTK"}],"group":"cf-nel","max_age":604800}', 'NEL': '{"success_fraction":0,"report_to":"cf-nel","max_age":604800}', 'Server': 'cloudflare', 'CF-RAY': '879663f94d25e24f-ORD', 'alt-svc': 'h3=":443"; ma=86400'} 
 body={"results":[{"gender":"female","name":{"title":"Ms","first":"آیناز","last":"مرادی"},"location":{"street":{"number":9515,"name":"سپهبد قرنی"},"city":"بجنورد","state":"فارس","country":"Iran","postcode":26357,"coordinates":{"latitude":"19.7549","longitude":"38.9838"},"timezone":{"offset":"-8:00","description":"Pacific Time (US &amp; Canada)"}},"email":"aynz.mrdy@example.com","login":{"uuid":"2af2f538-20cf-4513-8f52-9a94c12d7cd8","username":"bluemeercat718","password":"ellen","salt":"dU7ufnV0","md5":"dd24170da01bae1e3b9112df48b9e71e","sha1":"12e6d394e9c20cd8ec8a1dad44683726a8bb15d0","sha256":"1a207803e12890429307b6862b4858b2a807dd3d2160059bb379c08c8a0dc86f"},"dob":{"date":"1977-11-09T03:38:35.083Z","age":46},"registered":{"date":"2007-06-24T01:58:33.396Z","age":16},"phone":"001-84785488","cell":"0929-817-8313","id":{"name":"","value":null},"picture":{"large":"https://randomuser.me/api/portraits/women/76.jpg","medium":"https://randomuser.me/api/portraits/med/women/76.jpg","thumbnail":"https://randomuser.me/api/portraits/thumb/women/76.jpg"},"nat":"IR"}],"info":{"seed":"b801e2d3a6048021","results":1,"page":1,"version":"1.4"}} 
 </msg>
<msg time="2024-04-24T13:20:24.622368" level="INFO">/opt/hostedtoolcache/Python/3.12.3/x64/lib/python3.12/site-packages/urllib3/connectionpool.py:1103: InsecureRequestWarning: Unverified HTTPS request is being made to host 'randomuser.me'. Adding certificate verification is strongly advised. See: https://urllib3.readthedocs.io/en/latest/advanced-usage.html#tls-warnings
  warnings.warn(</msg>
<msg time="2024-04-24T13:20:24.622476" level="INFO">${response} = &lt;Response [200]&gt;</msg>
<var>${response}</var>
<arg>consultarAPI</arg>
<arg>/api</arg>
<doc>Sends a GET request on a previously created HTTP Session.</doc>
<status status="PASS" start="2024-04-24T13:20:24.521140" elapsed="0.101386"/>
</kw>
<kw name="Set Variable" owner="BuiltIn">
<msg time="2024-04-24T13:20:24.623699" level="INFO">${json_data} = {'results': [{'gender': 'female', 'name': {'title': 'Ms', 'first': 'آیناز', 'last': 'مرادی'}, 'location': {'street': {'number': 9515, 'name': 'سپهبد قرنی'}, 'city': 'بجنورد', 'state': 'فارس', 'country...</msg>
<var>${json_data}</var>
<arg>${response.json()}</arg>
<doc>Returns the given values which can then be assigned to a variables.</doc>
<status status="PASS" start="2024-04-24T13:20:24.623073" elapsed="0.000656"/>
</kw>
<kw name="Log" owner="BuiltIn">
<msg time="2024-04-24T13:20:24.624243" level="INFO">{'results': [{'gender': 'female', 'name': {'title': 'Ms', 'first': 'آیناز', 'last': 'مرادی'}, 'location': {'street': {'number': 9515, 'name': 'سپهبد قرنی'}, 'city': 'بجنورد', 'state': 'فارس', 'country': 'Iran', 'postcode': 26357, 'coordinates': {'latitude': '19.7549', 'longitude': '38.9838'}, 'timezone': {'offset': '-8:00', 'description': 'Pacific Time (US &amp; Canada)'}}, 'email': 'aynz.mrdy@example.com', 'login': {'uuid': '2af2f538-20cf-4513-8f52-9a94c12d7cd8', 'username': 'bluemeercat718', 'password': 'ellen', 'salt': 'dU7ufnV0', 'md5': 'dd24170da01bae1e3b9112df48b9e71e', 'sha1': '12e6d394e9c20cd8ec8a1dad44683726a8bb15d0', 'sha256': '1a207803e12890429307b6862b4858b2a807dd3d2160059bb379c08c8a0dc86f'}, 'dob': {'date': '1977-11-09T03:38:35.083Z', 'age': 46}, 'registered': {'date': '2007-06-24T01:58:33.396Z', 'age': 16}, 'phone': '001-84785488', 'cell': '0929-817-8313', 'id': {'name': '', 'value': None}, 'picture': {'large': 'https://randomuser.me/api/portraits/women/76.jpg', 'medium': 'https://randomuser.me/api/portraits/med/women/76.jpg', 'thumbnail': 'https://randomuser.me/api/portraits/thumb/women/76.jpg'}, 'nat': 'IR'}], 'info': {'seed': 'b801e2d3a6048021', 'results': 1, 'page': 1, 'version': '1.4'}}</msg>
<arg>${json_data}</arg>
<doc>Logs the given message with the given level.</doc>
<status status="PASS" start="2024-04-24T13:20:24.624083" elapsed="0.000242"/>
</kw>
<kw name="Should Be Equal As Numbers" owner="BuiltIn">
<arg>${json_data['results'][0]['location']['postcode']}</arg>
<arg>${json_data['results'][0]['location']['postcode']}</arg>
<doc>Fails if objects are unequal after converting them to real numbers.</doc>
<status status="PASS" start="2024-04-24T13:20:24.624765" elapsed="0.000623"/>
</kw>
<kw name="Log" owner="BuiltIn">
<msg time="2024-04-24T13:20:24.625911" level="INFO">26357</msg>
<arg>${json_data['results'][0]['location']['postcode']}</arg>
<doc>Logs the given message with the given level.</doc>
<status status="PASS" start="2024-04-24T13:20:24.625579" elapsed="0.000371"/>
</kw>
<status status="PASS" start="2024-04-24T13:20:24.520913" elapsed="0.105287"/>
</kw>
<doc>Testa se os tipos de dados na resposta da API estão corretos.</doc>
<tag>testeTiposDados</tag>
<status status="PASS" start="2024-04-24T13:20:24.446958" elapsed="0.179405"/>
</test>
<test id="s1-s1-t5" name="Validar conteudo" line="35">
<kw name="Teste de Tipos de Conteudo" owner="random-user-service">
<kw name="GET On Session" owner="RequestsLibrary">
<msg time="2024-04-24T13:20:24.716029" level="INFO">GET Request : url=https://randomuser.me/api 
 path_url=/api 
 headers={'User-Agent': 'python-requests/2.31.0', 'Accept-Encoding': 'gzip, deflate', 'Accept': '*/*', 'Connection': 'keep-alive'} 
 body=None 
 </msg>
<msg time="2024-04-24T13:20:24.716091" level="INFO">GET Response : url=https://randomuser.me/api 
 status=200, reason=OK 
 headers={'Date': 'Wed, 24 Apr 2024 13:20:24 GMT', 'Content-Type': 'application/json; charset=utf-8', 'Transfer-Encoding': 'chunked', 'Connection': 'keep-alive', 'X-Powered-By': 'Express', 'Access-Control-Allow-Origin': '*', 'Cache-Control': 'no-cache', 'ETag': 'W/"48f-ykOWrftMga5eP/Cfk+cRNHtQmB8"', 'Vary': 'Accept-Encoding', 'Content-Encoding': 'gzip', 'CF-Cache-Status': 'DYNAMIC', 'Report-To': '{"endpoints":[{"url":"https:\\/\\/a.nel.cloudflare.com\\/report\\/v4?s=QbcjRnFgNFqbUkWZJ4AhjdeAHL3hBqV8FsW7P7gm3Mm2dMYF%2F25jAXQSR5iIsNBdLUo2IJpkrfMR2dp9fEy7WmCrgI6THZZ298zLOx9Tq%2BJFQOVLrVvbgJBDNIuODjLk"}],"group":"cf-nel","max_age":604800}', 'NEL': '{"success_fraction":0,"report_to":"cf-nel","max_age":604800}', 'Server': 'cloudflare', 'CF-RAY': '879663f9fe1ee24f-ORD', 'alt-svc': 'h3=":443"; ma=86400'} 
 body={"results":[{"gender":"female","name":{"title":"Ms","first":"Ayla","last":"White"},"location":{"street":{"number":7564,"name":"The Square"},"city":"Masterton","state":"Manawatu-Wanganui","country":"New Zealand","postcode":72830,"coordinates":{"latitude":"53.1153","longitude":"47.5086"},"timezone":{"offset":"+5:30","description":"Bombay, Calcutta, Madras, New Delhi"}},"email":"ayla.white@example.com","login":{"uuid":"2debce75-b5b1-4c26-913c-33493ad2f00e","username":"smallduck287","password":"caster","salt":"uTfXiyJg","md5":"c27ac63ea5841cceec1beeb2753ba65b","sha1":"e34e04601bfc5c900f462f59e6bb8f3858dde3bb","sha256":"689c5991330392b6ec1aadcb2bdf72c3e2b670bbb31b27d3958657a53cb5dc9e"},"dob":{"date":"1960-11-29T16:43:47.770Z","age":63},"registered":{"date":"2013-08-24T13:23:21.721Z","age":10},"phone":"(681)-900-9214","cell":"(498)-405-5514","id":{"name":"","value":null},"picture":{"large":"https://randomuser.me/api/portraits/women/23.jpg","medium":"https://randomuser.me/api/portraits/med/women/23.jpg","thumbnail":"https://randomuser.me/api/portraits/thumb/women/23.jpg"},"nat":"NZ"}],"info":{"seed":"57d2cd0da171bc33","results":1,"page":1,"version":"1.4"}} 
 </msg>
<msg time="2024-04-24T13:20:24.716147" level="INFO">/opt/hostedtoolcache/Python/3.12.3/x64/lib/python3.12/site-packages/urllib3/connectionpool.py:1103: InsecureRequestWarning: Unverified HTTPS request is being made to host 'randomuser.me'. Adding certificate verification is strongly advised. See: https://urllib3.readthedocs.io/en/latest/advanced-usage.html#tls-warnings
  warnings.warn(</msg>
<msg time="2024-04-24T13:20:24.716234" level="INFO">${response} = &lt;Response [200]&gt;</msg>
<var>${response}</var>
<arg>consultarAPI</arg>
<arg>/api</arg>
<doc>Sends a GET request on a previously created HTTP Session.</doc>
<status status="PASS" start="2024-04-24T13:20:24.628832" elapsed="0.087443"/>
</kw>
<kw name="Set Variable" owner="BuiltIn">
<msg time="2024-04-24T13:20:24.717323" level="INFO">${json_data} = {'results': [{'gender': 'female', 'name': {'title': 'Ms', 'first': 'Ayla', 'last': 'White'}, 'location': {'street': {'number': 7564, 'name': 'The Square'}, 'city': 'Masterton', 'state': 'Manawatu-Wang...</msg>
<var>${json_data}</var>
<arg>${response.json()}</arg>
<doc>Returns the given values which can then be assigned to a variables.</doc>
<status status="PASS" start="2024-04-24T13:20:24.716735" elapsed="0.000616"/>
</kw>
<kw name="Set Variable" owner="BuiltIn">
<msg time="2024-04-24T13:20:24.718040" level="INFO">${name_title} = Ms</msg>
<var>${name_title}</var>
<arg>${json_data["results"][0]["name"]["title"]}</arg>
<doc>Returns the given values which can then be assigned to a variables.</doc>
<status status="PASS" start="2024-04-24T13:20:24.717654" elapsed="0.000411"/>
</kw>
<kw name="Create List" owner="BuiltIn">
<msg time="2024-04-24T13:20:24.718499" level="INFO">${allowed_titles} = ['Mr', 'Ms', 'Miss', 'Mrs', 'Madame', 'Monsieur']</msg>
<var>${allowed_titles}</var>
<arg>Mr</arg>
<arg>Ms</arg>
<arg>Miss</arg>
<arg>Mrs</arg>
<arg>Madame</arg>
<arg>Monsieur</arg>
<doc>Returns a list containing given items.</doc>
<status status="PASS" start="2024-04-24T13:20:24.718355" elapsed="0.000167"/>
</kw>
<kw name="List Should Contain Value" owner="Collections">
<msg time="2024-04-24T13:20:24.718983" level="INFO">False</msg>
<arg>${allowed_titles}</arg>
<arg>${name_title}</arg>
<doc>Fails if the ``value`` is not found from ``list``.</doc>
<status status="PASS" start="2024-04-24T13:20:24.718816" elapsed="0.000201"/>
</kw>
<kw name="Set Variable" owner="BuiltIn">
<msg time="2024-04-24T13:20:24.719675" level="INFO">${name_country} = NZ</msg>
<var>${name_country}</var>
<arg>${json_data["results"][0]["nat"]}</arg>
<doc>Returns the given values which can then be assigned to a variables.</doc>
<status status="PASS" start="2024-04-24T13:20:24.719296" elapsed="0.000403"/>
</kw>
<kw name="Create List" owner="BuiltIn">
<msg time="2024-04-24T13:20:24.720619" level="INFO">${list_country} = ['AD', 'AE', 'AF', 'AG', 'AI', 'AL', 'AM', 'AO', 'AQ', 'AR', 'AS', 'AT', 'AU', 'AW', 'AX', 'AZ', 'BA', 'BB', 'BD', 'BE', 'BF', 'BG', 'BH', 'BI', 'BJ', 'BL', 'BM', 'BN', 'BO', 'BQ', 'BR', 'BS', 'BT', '...</msg>
<var>${list_country}</var>
<arg>AD</arg>
<arg>AE</arg>
<arg>AF</arg>
<arg>AG</arg>
<arg>AI</arg>
<arg>AL</arg>
<arg>AM</arg>
<arg>AO</arg>
<arg>AQ</arg>
<arg>AR</arg>
<arg>AS</arg>
<arg>AT</arg>
<arg>AU</arg>
<arg>AW</arg>
<arg>AX</arg>
<arg>AZ</arg>
<arg>BA</arg>
<arg>BB</arg>
<arg>BD</arg>
<arg>BE</arg>
<arg>BF</arg>
<arg>BG</arg>
<arg>BH</arg>
<arg>BI</arg>
<arg>BJ</arg>
<arg>BL</arg>
<arg>BM</arg>
<arg>BN</arg>
<arg>BO</arg>
<arg>BQ</arg>
<arg>BR</arg>
<arg>BS</arg>
<arg>BT</arg>
<arg>BV</arg>
<arg>BW</arg>
<arg>BY</arg>
<arg>BZ</arg>
<arg>CA</arg>
<arg>CC</arg>
<arg>CD</arg>
<arg>CF</arg>
<arg>CG</arg>
<arg>CH</arg>
<arg>CI</arg>
<arg>CK</arg>
<arg>CL</arg>
<arg>CM</arg>
<arg>CN</arg>
<arg>CO</arg>
<arg>CR</arg>
<arg>CU</arg>
<arg>CV</arg>
<arg>CW</arg>
<arg>CX</arg>
<arg>CY</arg>
<arg>CZ</arg>
<arg>DE</arg>
<arg>DJ</arg>
<arg>DK</arg>
<arg>DM</arg>
<arg>DO</arg>
<arg>DZ</arg>
<arg>EC</arg>
<arg>EE</arg>
<arg>EG</arg>
<arg>EH</arg>
<arg>ER</arg>
<arg>ES</arg>
<arg>ET</arg>
<arg>FI</arg>
<arg>FJ</arg>
<arg>FK</arg>
<arg>FM</arg>
<arg>FO</arg>
<arg>FR</arg>
<arg>GA</arg>
<arg>GB</arg>
<arg>GD</arg>
<arg>GE</arg>
<arg>GF</arg>
<arg>GG</arg>
<arg>GH</arg>
<arg>GI</arg>
<arg>GL</arg>
<arg>GM</arg>
<arg>GN</arg>
<arg>GP</arg>
<arg>GQ</arg>
<arg>GR</arg>
<arg>GS</arg>
<arg>GT</arg>
<arg>GU</arg>
<arg>GW</arg>
<arg>GY</arg>
<arg>HK</arg>
<arg>HM</arg>
<arg>HN</arg>
<arg>HR</arg>
<arg>HT</arg>
<arg>HU</arg>
<arg>ID</arg>
<arg>IE</arg>
<arg>IL</arg>
<arg>IM</arg>
<arg>IN</arg>
<arg>IO</arg>
<arg>IQ</arg>
<arg>IR</arg>
<arg>IS</arg>
<arg>IT</arg>
<arg>JE</arg>
<arg>JM</arg>
<arg>JO</arg>
<arg>JP</arg>
<arg>KE</arg>
<arg>KG</arg>
<arg>KH</arg>
<arg>KI</arg>
<arg>KM</arg>
<arg>KN</arg>
<arg>KP</arg>
<arg>KR</arg>
<arg>KW</arg>
<arg>KY</arg>
<arg>KZ</arg>
<arg>LA</arg>
<arg>LB</arg>
<arg>LC</arg>
<arg>LI</arg>
<arg>LK</arg>
<arg>LR</arg>
<arg>LS</arg>
<arg>LT</arg>
<arg>LU</arg>
<arg>LV</arg>
<arg>LY</arg>
<arg>MA</arg>
<arg>MC</arg>
<arg>MD</arg>
<arg>ME</arg>
<arg>MF</arg>
<arg>MG</arg>
<arg>MH</arg>
<arg>MK</arg>
<arg>ML</arg>
<arg>MM</arg>
<arg>MN</arg>
<arg>MO</arg>
<arg>MP</arg>
<arg>MQ</arg>
<arg>MR</arg>
<arg>MS</arg>
<arg>MT</arg>
<arg>MU</arg>
<arg>MV</arg>
<arg>MW</arg>
<arg>MX</arg>
<arg>MY</arg>
<arg>MZ</arg>
<arg>NA</arg>
<arg>NC</arg>
<arg>NE</arg>
<arg>NF</arg>
<arg>NG</arg>
<arg>NI</arg>
<arg>NL</arg>
<arg>NO</arg>
<arg>NP</arg>
<arg>NR</arg>
<arg>NU</arg>
<arg>NZ</arg>
<arg>OM</arg>
<arg>PA</arg>
<arg>PE</arg>
<arg>PF</arg>
<arg>PG</arg>
<arg>PH</arg>
<arg>PK</arg>
<arg>PL</arg>
<arg>PM</arg>
<arg>PN</arg>
<arg>PR</arg>
<arg>PS</arg>
<arg>PT</arg>
<arg>PW</arg>
<arg>PY</arg>
<arg>QA</arg>
<arg>RE</arg>
<arg>RO</arg>
<arg>RS</arg>
<arg>RU</arg>
<arg>RW</arg>
<arg>SA</arg>
<arg>SB</arg>
<arg>SC</arg>
<arg>SD</arg>
<arg>SE</arg>
<arg>SG</arg>
<arg>SH</arg>
<arg>SI</arg>
<arg>SJ</arg>
<arg>SK</arg>
<arg>SL</arg>
<arg>SM</arg>
<arg>SN</arg>
<arg>SO</arg>
<arg>SR</arg>
<arg>SS</arg>
<arg>ST</arg>
<arg>SV</arg>
<arg>SX</arg>
<arg>SY</arg>
<arg>SZ</arg>
<arg>TC</arg>
<arg>TD</arg>
<arg>TF</arg>
<arg>TG</arg>
<arg>TH</arg>
<arg>TJ</arg>
<arg>TK</arg>
<arg>TL</arg>
<arg>TM</arg>
<arg>TN</arg>
<arg>TO</arg>
<arg>TR</arg>
<arg>TT</arg>
<arg>TV</arg>
<arg>TW</arg>
<arg>TZ</arg>
<arg>UA</arg>
<arg>UG</arg>
<arg>UM</arg>
<arg>US</arg>
<arg>UY</arg>
<arg>UZ</arg>
<arg>VA</arg>
<arg>VC</arg>
<arg>VE</arg>
<arg>VG</arg>
<arg>VI</arg>
<arg>VN</arg>
<arg>VU</arg>
<arg>WF</arg>
<arg>WS</arg>
<arg>XK</arg>
<arg>YE</arg>
<arg>YT</arg>
<arg>ZA</arg>
<arg>ZM</arg>
<arg>ZW</arg>
<doc>Returns a list containing given items.</doc>
<status status="PASS" start="2024-04-24T13:20:24.720034" elapsed="0.000610"/>
</kw>
<kw name="List Should Contain Value" owner="Collections">
<msg time="2024-04-24T13:20:24.721642" level="INFO">False</msg>
<arg>${list_country}</arg>
<arg>${name_country}</arg>
<doc>Fails if the ``value`` is not found from ``list``.</doc>
<status status="PASS" start="2024-04-24T13:20:24.721445" elapsed="0.000234"/>
</kw>
<kw name="Run Keyword If" owner="BuiltIn">
<kw name="Should Be True" owner="BuiltIn">
<arg>${True}</arg>
<doc>Fails if the given condition is not true.</doc>
<status status="PASS" start="2024-04-24T13:20:24.722729" elapsed="0.000240"/>
</kw>
<arg>${json_data["results"][0]["location"]["coordinates"]["latitude"]} &gt;= -90 and ${json_data["results"][0]["location"]["coordinates"]["latitude"]} &lt;= 90</arg>
<arg>Should Be True</arg>
<arg>${True}</arg>
<doc>Runs the given keyword with the given arguments, if ``condition`` is true.</doc>
<status status="PASS" start="2024-04-24T13:20:24.721984" elapsed="0.001127"/>
</kw>
<kw name="Run Keyword If" owner="BuiltIn">
<kw name="Should Be True" owner="BuiltIn">
<arg>${True}</arg>
<doc>Fails if the given condition is not true.</doc>
<status status="PASS" start="2024-04-24T13:20:24.724039" elapsed="0.000138"/>
</kw>
<arg>${json_data["results"][0]["location"]["coordinates"]["longitude"]} &gt;= -180 and ${json_data["results"][0]["location"]["coordinates"]["longitude"]} &lt;= 180</arg>
<arg>Should Be True</arg>
<arg>${True}</arg>
<doc>Runs the given keyword with the given arguments, if ``condition`` is true.</doc>
<status status="PASS" start="2024-04-24T13:20:24.723294" elapsed="0.001006"/>
</kw>
<status status="PASS" start="2024-04-24T13:20:24.628610" elapsed="0.095837"/>
</kw>
<doc>Testa o conteúdo específico dos campos retornados pela API.</doc>
<tag>testeConteudo</tag>
<status status="PASS" start="2024-04-24T13:20:24.628160" elapsed="0.096428"/>
</test>
<status status="PASS" start="2024-04-24T13:20:23.917629" elapsed="0.808883"/>
</suite>
<status status="PASS" start="2024-04-24T13:20:23.904038" elapsed="0.827524"/>
</suite>
<statistics>
<total>
<stat pass="5" fail="0" skip="0">All Tests</stat>
</total>
<tag>
<stat pass="1" fail="0" skip="0">testeConteudo</stat>
<stat pass="1" fail="0" skip="0">testeEstruturaResposta</stat>
<stat pass="1" fail="0" skip="0">testeRequisicaoBasica</stat>
<stat pass="1" fail="0" skip="0">testeTiposDados</stat>
</tag>
<suite>
<stat pass="5" fail="0" skip="0" id="s1" name="Tests">Tests</stat>
<stat pass="5" fail="0" skip="0" id="s1-s1" name="Random-User-Test">Tests.Random-User-Test</stat>
</suite>
</statistics>
<errors>
</errors>
</robot>
