<?xml version="1.0" encoding="UTF-8"?>
<robot generator="Robot 7.0.1 (Python 3.12.4 on linux)" generated="2024-07-29T18:20:29.254975" rpa="false" schemaversion="5">
<suite id="s1" name="Tests" source="/home/runner/work/ApiRandomUser/ApiRandomUser/RamdonUser/tests">
<suite id="s1-s1" name="Random-User-Test" source="/home/runner/work/ApiRandomUser/ApiRandomUser/RamdonUser/tests/random-user-test.robot">
<test id="s1-s1-t1" name="Conectar" line="13">
<kw name="Conectar API" owner="random-user-service">
<kw name="Create Session" owner="RequestsLibrary">
<msg time="2024-07-29T18:20:29.699825" level="INFO">Creating Session using : alias=consultarAPI, url=https://randomuser.me/, headers={},                     cookies={}, auth=None, timeout=None, proxies=None, verify=False,                     debug=0 </msg>
<arg>consultarAPI</arg>
<arg>${URL}</arg>
<doc>Create Session: create a HTTP session to a server</doc>
<status status="PASS" start="2024-07-29T18:20:29.699624" elapsed="0.000393"/>
</kw>
<status status="PASS" start="2024-07-29T18:20:29.698575" elapsed="0.001836"/>
</kw>
<status status="PASS" start="2024-07-29T18:20:29.697983" elapsed="0.002626"/>
</test>
<test id="s1-s1-t2" name="Validar retorno 200 e JSON Válido" line="16">
<kw name="Teste de Requisicao Basica" owner="random-user-service">
<kw name="GET On Session" owner="RequestsLibrary">
<msg time="2024-07-29T18:20:30.693526" level="INFO">GET Request : url=https://randomuser.me/api 
 path_url=/api 
 headers={'User-Agent': 'python-requests/2.32.3', 'Accept-Encoding': 'gzip, deflate', 'Accept': '*/*', 'Connection': 'keep-alive'} 
 body=None 
 </msg>
<msg time="2024-07-29T18:20:30.693681" level="INFO">GET Response : url=https://randomuser.me/api 
 status=200, reason=OK 
 headers={'Date': 'Mon, 29 Jul 2024 18:20:30 GMT', 'Content-Type': 'application/json; charset=utf-8', 'Transfer-Encoding': 'chunked', 'Connection': 'keep-alive', 'X-Powered-By': 'Express', 'Access-Control-Allow-Origin': '*', 'Cache-Control': 'no-cache', 'ETag': 'W/"47e-jl7ytQzFWCvZWuM7VqR+X9S3D1Q"', 'Vary': 'Accept-Encoding', 'Content-Encoding': 'gzip', 'CF-Cache-Status': 'DYNAMIC', 'Report-To': '{"endpoints":[{"url":"https:\\/\\/a.nel.cloudflare.com\\/report\\/v4?s=wHqEGvJX1WS%2FDzZJ5G4gs33k7OSSMEooxr0qd5NSmkay91oj1lbQVYKQSqaTrsvRi2czdxsmxuHVeg62NdHPIe8EoAie6G3otqm3j5AZQWvY4CD%2B5oXqDDvsy%2BDrcRuB"}],"group":"cf-nel","max_age":604800}', 'NEL': '{"success_fraction":0,"report_to":"cf-nel","max_age":604800}', 'Server': 'cloudflare', 'CF-RAY': '8aaf1f8dfc690816-IAD', 'alt-svc': 'h3=":443"; ma=86400'} 
 body={"results":[{"gender":"female","name":{"title":"Ms","first":"Enni","last":"Saari"},"location":{"street":{"number":8737,"name":"Rautatienkatu"},"city":"Joutsa","state":"Central Finland","country":"Finland","postcode":33268,"coordinates":{"latitude":"-22.7860","longitude":"91.1015"},"timezone":{"offset":"+5:45","description":"Kathmandu"}},"email":"enni.saari@example.com","login":{"uuid":"4dfcda30-4be4-4dfc-8db8-393c81d7a858","username":"orangeduck646","password":"randy1","salt":"Q3pZ9YF2","md5":"84f75a6e1228fb6363ae8b4611118b65","sha1":"8668f3241f9e1d48667a88ab5291230ea08df07d","sha256":"7bec3200f597583f0bce0640630fbdc0172466fcf9c2f359918e5d7e8d6d8bc0"},"dob":{"date":"1956-05-25T16:31:22.781Z","age":68},"registered":{"date":"2018-02-01T19:42:53.205Z","age":6},"phone":"02-846-535","cell":"041-460-21-53","id":{"name":"HETU","value":"NaNNA652undefined"},"picture":{"large":"https://randomuser.me/api/portraits/women/52.jpg","medium":"https://randomuser.me/api/portraits/med/women/52.jpg","thumbnail":"https://randomuser.me/api/portraits/thumb/women/52.jpg"},"nat":"FI"}],"info":{"seed":"ffa52615a8989c7a","results":1,"page":1,"version":"1.4"}} 
 </msg>
<msg time="2024-07-29T18:20:30.693758" level="INFO">/opt/hostedtoolcache/Python/3.12.4/x64/lib/python3.12/site-packages/urllib3/connectionpool.py:1099: InsecureRequestWarning: Unverified HTTPS request is being made to host 'randomuser.me'. Adding certificate verification is strongly advised. See: https://urllib3.readthedocs.io/en/latest/advanced-usage.html#tls-warnings
  warnings.warn(</msg>
<msg time="2024-07-29T18:20:30.693901" level="INFO">${response} = &lt;Response [200]&gt;</msg>
<var>${response}</var>
<arg>consultarAPI</arg>
<arg>/api</arg>
<doc>Sends a GET request on a previously created HTTP Session.</doc>
<status status="PASS" start="2024-07-29T18:20:29.703163" elapsed="0.990779"/>
</kw>
<kw name="Should Be Equal As Numbers" owner="BuiltIn">
<msg time="2024-07-29T18:20:30.695095" level="INFO">Argument types are:
&lt;class 'int'&gt;
&lt;class 'str'&gt;</msg>
<arg>${response.status_code}</arg>
<arg>200</arg>
<doc>Fails if objects are unequal after converting them to real numbers.</doc>
<status status="PASS" start="2024-07-29T18:20:30.694597" elapsed="0.000564"/>
</kw>
<kw name="Log" owner="BuiltIn">
<msg time="2024-07-29T18:20:30.695823" level="INFO">200</msg>
<arg>${response.status_code}</arg>
<doc>Logs the given message with the given level.</doc>
<status status="PASS" start="2024-07-29T18:20:30.695481" elapsed="0.000383"/>
</kw>
<kw name="Set Variable" owner="BuiltIn">
<msg time="2024-07-29T18:20:30.696639" level="INFO">${json_data} = {'results': [{'gender': 'female', 'name': {'title': 'Ms', 'first': 'Enni', 'last': 'Saari'}, 'location': {'street': {'number': 8737, 'name': 'Rautatienkatu'}, 'city': 'Joutsa', 'state': 'Central Finla...</msg>
<var>${json_data}</var>
<arg>${response.json()}</arg>
<doc>Returns the given values which can then be assigned to a variables.</doc>
<status status="PASS" start="2024-07-29T18:20:30.696165" elapsed="0.000502"/>
</kw>
<kw name="Dictionary Should Contain Key" owner="Collections">
<arg>${json_data}</arg>
<arg>results</arg>
<doc>Fails if ``key`` is not found from ``dictionary``.</doc>
<status status="PASS" start="2024-07-29T18:20:30.696970" elapsed="0.000321"/>
</kw>
<status status="PASS" start="2024-07-29T18:20:29.702923" elapsed="0.994521"/>
</kw>
<doc>Testa se a API responde corretamente e retorna um objeto JSON válido.</doc>
<tag>testeRequisicaoBasica</tag>
<status status="PASS" start="2024-07-29T18:20:29.702457" elapsed="0.995158"/>
</test>
<test id="s1-s1-t3" name="Validar estrutura de resposta" line="22">
<kw name="Teste de Estrutura de Resposta" owner="random-user-service">
<kw name="GET On Session" owner="RequestsLibrary">
<msg time="2024-07-29T18:20:31.620994" level="INFO">GET Request : url=https://randomuser.me/api 
 path_url=/api 
 headers={'User-Agent': 'python-requests/2.32.3', 'Accept-Encoding': 'gzip, deflate', 'Accept': '*/*', 'Connection': 'keep-alive'} 
 body=None 
 </msg>
<msg time="2024-07-29T18:20:31.621095" level="INFO">GET Response : url=https://randomuser.me/api 
 status=200, reason=OK 
 headers={'Date': 'Mon, 29 Jul 2024 18:20:31 GMT', 'Content-Type': 'application/json; charset=utf-8', 'Transfer-Encoding': 'chunked', 'Connection': 'keep-alive', 'X-Powered-By': 'Express', 'Access-Control-Allow-Origin': '*', 'Cache-Control': 'no-cache', 'ETag': 'W/"481-tkxFNRuvQ+XF/r0EJ+QHDwP30OU"', 'Vary': 'Accept-Encoding', 'Content-Encoding': 'gzip', 'CF-Cache-Status': 'DYNAMIC', 'Report-To': '{"endpoints":[{"url":"https:\\/\\/a.nel.cloudflare.com\\/report\\/v4?s=eRSW1eCbFK7m%2F6n4%2FZKIpKEVKCrOJgLzH1H0O3nGWy%2FXIIXornd3ADZ3LbgzwJZGdtnIsPWDt%2BzU66eHMd%2B3Cg21WxOr2O1CTEDOfuCC6JFq2yP%2F1Tyv%2FKPiLeB2M81b"}],"group":"cf-nel","max_age":604800}', 'NEL': '{"success_fraction":0,"report_to":"cf-nel","max_age":604800}', 'Server': 'cloudflare', 'CF-RAY': '8aaf1f93eac40816-IAD', 'alt-svc': 'h3=":443"; ma=86400'} 
 body={"results":[{"gender":"male","name":{"title":"Mr","first":"James","last":"Stone"},"location":{"street":{"number":4124,"name":"Fairview Road"},"city":"Winchester","state":"Nottinghamshire","country":"United Kingdom","postcode":"XI7 5TL","coordinates":{"latitude":"-12.5106","longitude":"-123.1457"},"timezone":{"offset":"-9:00","description":"Alaska"}},"email":"james.stone@example.com","login":{"uuid":"7e162fb4-0cb4-4777-a626-53e8dfcfec77","username":"bluekoala437","password":"gabby","salt":"aWRrCCC6","md5":"ee52de2b92d30b64fa7b6ff35438db3e","sha1":"da2a23a946188941be9e0292532f39977191c86a","sha256":"6a87d07d38d09af6031fd930fc00a8620ee66a67534d0762a5fcddf71577d6c1"},"dob":{"date":"1955-12-16T00:20:14.328Z","age":68},"registered":{"date":"2020-03-11T07:24:39.901Z","age":4},"phone":"015394 68308","cell":"07505 636615","id":{"name":"NINO","value":"SG 73 99 51 I"},"picture":{"large":"https://randomuser.me/api/portraits/men/50.jpg","medium":"https://randomuser.me/api/portraits/med/men/50.jpg","thumbnail":"https://randomuser.me/api/portraits/thumb/men/50.jpg"},"nat":"GB"}],"info":{"seed":"0e2791164ecec405","results":1,"page":1,"version":"1.4"}} 
 </msg>
<msg time="2024-07-29T18:20:31.621225" level="INFO">/opt/hostedtoolcache/Python/3.12.4/x64/lib/python3.12/site-packages/urllib3/connectionpool.py:1099: InsecureRequestWarning: Unverified HTTPS request is being made to host 'randomuser.me'. Adding certificate verification is strongly advised. See: https://urllib3.readthedocs.io/en/latest/advanced-usage.html#tls-warnings
  warnings.warn(</msg>
<msg time="2024-07-29T18:20:31.621346" level="INFO">${response} = &lt;Response [200]&gt;</msg>
<var>${response}</var>
<arg>consultarAPI</arg>
<arg>/api</arg>
<doc>Sends a GET request on a previously created HTTP Session.</doc>
<status status="PASS" start="2024-07-29T18:20:30.700274" elapsed="0.921105"/>
</kw>
<kw name="Set Variable" owner="BuiltIn">
<msg time="2024-07-29T18:20:31.622409" level="INFO">${json_data} = {'results': [{'gender': 'male', 'name': {'title': 'Mr', 'first': 'James', 'last': 'Stone'}, 'location': {'street': {'number': 4124, 'name': 'Fairview Road'}, 'city': 'Winchester', 'state': 'Nottingham...</msg>
<var>${json_data}</var>
<arg>${response.json()}</arg>
<doc>Returns the given values which can then be assigned to a variables.</doc>
<status status="PASS" start="2024-07-29T18:20:31.621902" elapsed="0.000537"/>
</kw>
<kw name="Log" owner="BuiltIn">
<msg time="2024-07-29T18:20:31.622911" level="INFO">{'results': [{'gender': 'male', 'name': {'title': 'Mr', 'first': 'James', 'last': 'Stone'}, 'location': {'street': {'number': 4124, 'name': 'Fairview Road'}, 'city': 'Winchester', 'state': 'Nottinghamshire', 'country': 'United Kingdom', 'postcode': 'XI7 5TL', 'coordinates': {'latitude': '-12.5106', 'longitude': '-123.1457'}, 'timezone': {'offset': '-9:00', 'description': 'Alaska'}}, 'email': 'james.stone@example.com', 'login': {'uuid': '7e162fb4-0cb4-4777-a626-53e8dfcfec77', 'username': 'bluekoala437', 'password': 'gabby', 'salt': 'aWRrCCC6', 'md5': 'ee52de2b92d30b64fa7b6ff35438db3e', 'sha1': 'da2a23a946188941be9e0292532f39977191c86a', 'sha256': '6a87d07d38d09af6031fd930fc00a8620ee66a67534d0762a5fcddf71577d6c1'}, 'dob': {'date': '1955-12-16T00:20:14.328Z', 'age': 68}, 'registered': {'date': '2020-03-11T07:24:39.901Z', 'age': 4}, 'phone': '015394 68308', 'cell': '07505 636615', 'id': {'name': 'NINO', 'value': 'SG 73 99 51 I'}, 'picture': {'large': 'https://randomuser.me/api/portraits/men/50.jpg', 'medium': 'https://randomuser.me/api/portraits/med/men/50.jpg', 'thumbnail': 'https://randomuser.me/api/portraits/thumb/men/50.jpg'}, 'nat': 'GB'}], 'info': {'seed': '0e2791164ecec405', 'results': 1, 'page': 1, 'version': '1.4'}}</msg>
<arg>${json_data}</arg>
<doc>Logs the given message with the given level.</doc>
<status status="PASS" start="2024-07-29T18:20:31.622743" elapsed="0.000215"/>
</kw>
<kw name="Dictionary Should Contain Key" owner="Collections">
<arg>${json_data}</arg>
<arg>results</arg>
<doc>Fails if ``key`` is not found from ``dictionary``.</doc>
<status status="PASS" start="2024-07-29T18:20:31.623246" elapsed="0.000161"/>
</kw>
<kw name="Should Not Be Empty" owner="BuiltIn">
<msg time="2024-07-29T18:20:31.623712" level="INFO">Length is 2.</msg>
<arg>${json_data}</arg>
<doc>Verifies that the given item is not empty.</doc>
<status status="PASS" start="2024-07-29T18:20:31.623591" elapsed="0.000157"/>
</kw>
<kw name="Create List" owner="BuiltIn">
<msg time="2024-07-29T18:20:31.624178" level="INFO">${expected_keys} = ['gender', 'name', 'location', 'email', 'login']</msg>
<var>${expected_keys}</var>
<arg>gender</arg>
<arg>name</arg>
<arg>location</arg>
<arg>email</arg>
<arg>login</arg>
<doc>Returns a list containing given items.</doc>
<status status="PASS" start="2024-07-29T18:20:31.624031" elapsed="0.000170"/>
</kw>
<for flavor="IN">
<iter>
<kw name="Dictionary Should Contain Key" owner="Collections">
<arg>${json_data['results'][0]}</arg>
<arg>${key}</arg>
<doc>Fails if ``key`` is not found from ``dictionary``.</doc>
<status status="PASS" start="2024-07-29T18:20:31.624834" elapsed="0.000397"/>
</kw>
<kw name="Log" owner="BuiltIn">
<msg time="2024-07-29T18:20:31.625772" level="INFO">{'gender': 'male', 'name': {'title': 'Mr', 'first': 'James', 'last': 'Stone'}, 'location': {'street': {'number': 4124, 'name': 'Fairview Road'}, 'city': 'Winchester', 'state': 'Nottinghamshire', 'country': 'United Kingdom', 'postcode': 'XI7 5TL', 'coordinates': {'latitude': '-12.5106', 'longitude': '-123.1457'}, 'timezone': {'offset': '-9:00', 'description': 'Alaska'}}, 'email': 'james.stone@example.com', 'login': {'uuid': '7e162fb4-0cb4-4777-a626-53e8dfcfec77', 'username': 'bluekoala437', 'password': 'gabby', 'salt': 'aWRrCCC6', 'md5': 'ee52de2b92d30b64fa7b6ff35438db3e', 'sha1': 'da2a23a946188941be9e0292532f39977191c86a', 'sha256': '6a87d07d38d09af6031fd930fc00a8620ee66a67534d0762a5fcddf71577d6c1'}, 'dob': {'date': '1955-12-16T00:20:14.328Z', 'age': 68}, 'registered': {'date': '2020-03-11T07:24:39.901Z', 'age': 4}, 'phone': '015394 68308', 'cell': '07505 636615', 'id': {'name': 'NINO', 'value': 'SG 73 99 51 I'}, 'picture': {'large': 'https://randomuser.me/api/portraits/men/50.jpg', 'medium': 'https://randomuser.me/api/portraits/med/men/50.jpg', 'thumbnail': 'https://randomuser.me/api/portraits/thumb/men/50.jpg'}, 'nat': 'GB'}</msg>
<arg>${json_data['results'][0]}</arg>
<doc>Logs the given message with the given level.</doc>
<status status="PASS" start="2024-07-29T18:20:31.625419" elapsed="0.000400"/>
</kw>
<kw name="Log" owner="BuiltIn">
<msg time="2024-07-29T18:20:31.626235" level="INFO">gender</msg>
<arg>${key}</arg>
<doc>Logs the given message with the given level.</doc>
<status status="PASS" start="2024-07-29T18:20:31.626109" elapsed="0.000162"/>
</kw>
<var name="${key}">gender</var>
<status status="PASS" start="2024-07-29T18:20:31.624708" elapsed="0.001775"/>
</iter>
<iter>
<kw name="Dictionary Should Contain Key" owner="Collections">
<arg>${json_data['results'][0]}</arg>
<arg>${key}</arg>
<doc>Fails if ``key`` is not found from ``dictionary``.</doc>
<status status="PASS" start="2024-07-29T18:20:31.626773" elapsed="0.000378"/>
</kw>
<kw name="Log" owner="BuiltIn">
<msg time="2024-07-29T18:20:31.627677" level="INFO">{'gender': 'male', 'name': {'title': 'Mr', 'first': 'James', 'last': 'Stone'}, 'location': {'street': {'number': 4124, 'name': 'Fairview Road'}, 'city': 'Winchester', 'state': 'Nottinghamshire', 'country': 'United Kingdom', 'postcode': 'XI7 5TL', 'coordinates': {'latitude': '-12.5106', 'longitude': '-123.1457'}, 'timezone': {'offset': '-9:00', 'description': 'Alaska'}}, 'email': 'james.stone@example.com', 'login': {'uuid': '7e162fb4-0cb4-4777-a626-53e8dfcfec77', 'username': 'bluekoala437', 'password': 'gabby', 'salt': 'aWRrCCC6', 'md5': 'ee52de2b92d30b64fa7b6ff35438db3e', 'sha1': 'da2a23a946188941be9e0292532f39977191c86a', 'sha256': '6a87d07d38d09af6031fd930fc00a8620ee66a67534d0762a5fcddf71577d6c1'}, 'dob': {'date': '1955-12-16T00:20:14.328Z', 'age': 68}, 'registered': {'date': '2020-03-11T07:24:39.901Z', 'age': 4}, 'phone': '015394 68308', 'cell': '07505 636615', 'id': {'name': 'NINO', 'value': 'SG 73 99 51 I'}, 'picture': {'large': 'https://randomuser.me/api/portraits/men/50.jpg', 'medium': 'https://randomuser.me/api/portraits/med/men/50.jpg', 'thumbnail': 'https://randomuser.me/api/portraits/thumb/men/50.jpg'}, 'nat': 'GB'}</msg>
<arg>${json_data['results'][0]}</arg>
<doc>Logs the given message with the given level.</doc>
<status status="PASS" start="2024-07-29T18:20:31.627330" elapsed="0.000426"/>
</kw>
<kw name="Log" owner="BuiltIn">
<msg time="2024-07-29T18:20:31.628176" level="INFO">name</msg>
<arg>${key}</arg>
<doc>Logs the given message with the given level.</doc>
<status status="PASS" start="2024-07-29T18:20:31.628051" elapsed="0.000161"/>
</kw>
<var name="${key}">name</var>
<status status="PASS" start="2024-07-29T18:20:31.626665" elapsed="0.001788"/>
</iter>
<iter>
<kw name="Dictionary Should Contain Key" owner="Collections">
<arg>${json_data['results'][0]}</arg>
<arg>${key}</arg>
<doc>Fails if ``key`` is not found from ``dictionary``.</doc>
<status status="PASS" start="2024-07-29T18:20:31.628734" elapsed="0.000384"/>
</kw>
<kw name="Log" owner="BuiltIn">
<msg time="2024-07-29T18:20:31.629645" level="INFO">{'gender': 'male', 'name': {'title': 'Mr', 'first': 'James', 'last': 'Stone'}, 'location': {'street': {'number': 4124, 'name': 'Fairview Road'}, 'city': 'Winchester', 'state': 'Nottinghamshire', 'country': 'United Kingdom', 'postcode': 'XI7 5TL', 'coordinates': {'latitude': '-12.5106', 'longitude': '-123.1457'}, 'timezone': {'offset': '-9:00', 'description': 'Alaska'}}, 'email': 'james.stone@example.com', 'login': {'uuid': '7e162fb4-0cb4-4777-a626-53e8dfcfec77', 'username': 'bluekoala437', 'password': 'gabby', 'salt': 'aWRrCCC6', 'md5': 'ee52de2b92d30b64fa7b6ff35438db3e', 'sha1': 'da2a23a946188941be9e0292532f39977191c86a', 'sha256': '6a87d07d38d09af6031fd930fc00a8620ee66a67534d0762a5fcddf71577d6c1'}, 'dob': {'date': '1955-12-16T00:20:14.328Z', 'age': 68}, 'registered': {'date': '2020-03-11T07:24:39.901Z', 'age': 4}, 'phone': '015394 68308', 'cell': '07505 636615', 'id': {'name': 'NINO', 'value': 'SG 73 99 51 I'}, 'picture': {'large': 'https://randomuser.me/api/portraits/men/50.jpg', 'medium': 'https://randomuser.me/api/portraits/med/men/50.jpg', 'thumbnail': 'https://randomuser.me/api/portraits/thumb/men/50.jpg'}, 'nat': 'GB'}</msg>
<arg>${json_data['results'][0]}</arg>
<doc>Logs the given message with the given level.</doc>
<status status="PASS" start="2024-07-29T18:20:31.629304" elapsed="0.000388"/>
</kw>
<kw name="Log" owner="BuiltIn">
<msg time="2024-07-29T18:20:31.630104" level="INFO">location</msg>
<arg>${key}</arg>
<doc>Logs the given message with the given level.</doc>
<status status="PASS" start="2024-07-29T18:20:31.629979" elapsed="0.000162"/>
</kw>
<var name="${key}">location</var>
<status status="PASS" start="2024-07-29T18:20:31.628628" elapsed="0.001735"/>
</iter>
<iter>
<kw name="Dictionary Should Contain Key" owner="Collections">
<arg>${json_data['results'][0]}</arg>
<arg>${key}</arg>
<doc>Fails if ``key`` is not found from ``dictionary``.</doc>
<status status="PASS" start="2024-07-29T18:20:31.630636" elapsed="0.000375"/>
</kw>
<kw name="Log" owner="BuiltIn">
<msg time="2024-07-29T18:20:31.631659" level="INFO">{'gender': 'male', 'name': {'title': 'Mr', 'first': 'James', 'last': 'Stone'}, 'location': {'street': {'number': 4124, 'name': 'Fairview Road'}, 'city': 'Winchester', 'state': 'Nottinghamshire', 'country': 'United Kingdom', 'postcode': 'XI7 5TL', 'coordinates': {'latitude': '-12.5106', 'longitude': '-123.1457'}, 'timezone': {'offset': '-9:00', 'description': 'Alaska'}}, 'email': 'james.stone@example.com', 'login': {'uuid': '7e162fb4-0cb4-4777-a626-53e8dfcfec77', 'username': 'bluekoala437', 'password': 'gabby', 'salt': 'aWRrCCC6', 'md5': 'ee52de2b92d30b64fa7b6ff35438db3e', 'sha1': 'da2a23a946188941be9e0292532f39977191c86a', 'sha256': '6a87d07d38d09af6031fd930fc00a8620ee66a67534d0762a5fcddf71577d6c1'}, 'dob': {'date': '1955-12-16T00:20:14.328Z', 'age': 68}, 'registered': {'date': '2020-03-11T07:24:39.901Z', 'age': 4}, 'phone': '015394 68308', 'cell': '07505 636615', 'id': {'name': 'NINO', 'value': 'SG 73 99 51 I'}, 'picture': {'large': 'https://randomuser.me/api/portraits/men/50.jpg', 'medium': 'https://randomuser.me/api/portraits/med/men/50.jpg', 'thumbnail': 'https://randomuser.me/api/portraits/thumb/men/50.jpg'}, 'nat': 'GB'}</msg>
<arg>${json_data['results'][0]}</arg>
<doc>Logs the given message with the given level.</doc>
<status status="PASS" start="2024-07-29T18:20:31.631312" elapsed="0.000393"/>
</kw>
<kw name="Log" owner="BuiltIn">
<msg time="2024-07-29T18:20:31.632122" level="INFO">email</msg>
<arg>${key}</arg>
<doc>Logs the given message with the given level.</doc>
<status status="PASS" start="2024-07-29T18:20:31.631995" elapsed="0.000164"/>
</kw>
<var name="${key}">email</var>
<status status="PASS" start="2024-07-29T18:20:31.630532" elapsed="0.001896"/>
</iter>
<iter>
<kw name="Dictionary Should Contain Key" owner="Collections">
<arg>${json_data['results'][0]}</arg>
<arg>${key}</arg>
<doc>Fails if ``key`` is not found from ``dictionary``.</doc>
<status status="PASS" start="2024-07-29T18:20:31.632707" elapsed="0.000373"/>
</kw>
<kw name="Log" owner="BuiltIn">
<msg time="2024-07-29T18:20:31.633604" level="INFO">{'gender': 'male', 'name': {'title': 'Mr', 'first': 'James', 'last': 'Stone'}, 'location': {'street': {'number': 4124, 'name': 'Fairview Road'}, 'city': 'Winchester', 'state': 'Nottinghamshire', 'country': 'United Kingdom', 'postcode': 'XI7 5TL', 'coordinates': {'latitude': '-12.5106', 'longitude': '-123.1457'}, 'timezone': {'offset': '-9:00', 'description': 'Alaska'}}, 'email': 'james.stone@example.com', 'login': {'uuid': '7e162fb4-0cb4-4777-a626-53e8dfcfec77', 'username': 'bluekoala437', 'password': 'gabby', 'salt': 'aWRrCCC6', 'md5': 'ee52de2b92d30b64fa7b6ff35438db3e', 'sha1': 'da2a23a946188941be9e0292532f39977191c86a', 'sha256': '6a87d07d38d09af6031fd930fc00a8620ee66a67534d0762a5fcddf71577d6c1'}, 'dob': {'date': '1955-12-16T00:20:14.328Z', 'age': 68}, 'registered': {'date': '2020-03-11T07:24:39.901Z', 'age': 4}, 'phone': '015394 68308', 'cell': '07505 636615', 'id': {'name': 'NINO', 'value': 'SG 73 99 51 I'}, 'picture': {'large': 'https://randomuser.me/api/portraits/men/50.jpg', 'medium': 'https://randomuser.me/api/portraits/med/men/50.jpg', 'thumbnail': 'https://randomuser.me/api/portraits/thumb/men/50.jpg'}, 'nat': 'GB'}</msg>
<arg>${json_data['results'][0]}</arg>
<doc>Logs the given message with the given level.</doc>
<status status="PASS" start="2024-07-29T18:20:31.633260" elapsed="0.000390"/>
</kw>
<kw name="Log" owner="BuiltIn">
<msg time="2024-07-29T18:20:31.634061" level="INFO">login</msg>
<arg>${key}</arg>
<doc>Logs the given message with the given level.</doc>
<status status="PASS" start="2024-07-29T18:20:31.633936" elapsed="0.000161"/>
</kw>
<var name="${key}">login</var>
<status status="PASS" start="2024-07-29T18:20:31.632600" elapsed="0.001710"/>
</iter>
<var>${key}</var>
<value>@{expected_keys}</value>
<status status="PASS" start="2024-07-29T18:20:31.624512" elapsed="0.009918"/>
</for>
<kw name="Create List" owner="BuiltIn">
<msg time="2024-07-29T18:20:31.634747" level="INFO">${expected_keysTwo} = ['username', 'password']</msg>
<var>${expected_keysTwo}</var>
<arg>username</arg>
<arg>password</arg>
<doc>Returns a list containing given items.</doc>
<status status="PASS" start="2024-07-29T18:20:31.634615" elapsed="0.000156"/>
</kw>
<for flavor="IN">
<iter>
<kw name="Dictionary Should Contain Key" owner="Collections">
<arg>${json_data['results'][0]['login']}</arg>
<arg>${keyTwo}</arg>
<doc>Fails if ``key`` is not found from ``dictionary``.</doc>
<status status="PASS" start="2024-07-29T18:20:31.635284" elapsed="0.000375"/>
</kw>
<kw name="Dictionary Should Contain Key" owner="Collections">
<arg>${json_data['results'][0]['login']}</arg>
<arg>${keyTwo}</arg>
<doc>Fails if ``key`` is not found from ``dictionary``.</doc>
<status status="PASS" start="2024-07-29T18:20:31.635838" elapsed="0.000361"/>
</kw>
<kw name="Log" owner="BuiltIn">
<msg time="2024-07-29T18:20:31.636522" level="INFO">username</msg>
<arg>${keyTwo}</arg>
<doc>Logs the given message with the given level.</doc>
<status status="PASS" start="2024-07-29T18:20:31.636405" elapsed="0.000154"/>
</kw>
<var name="${keyTwo}">username</var>
<status status="PASS" start="2024-07-29T18:20:31.635180" elapsed="0.001597"/>
</iter>
<iter>
<kw name="Dictionary Should Contain Key" owner="Collections">
<arg>${json_data['results'][0]['login']}</arg>
<arg>${keyTwo}</arg>
<doc>Fails if ``key`` is not found from ``dictionary``.</doc>
<status status="PASS" start="2024-07-29T18:20:31.637057" elapsed="0.000383"/>
</kw>
<kw name="Dictionary Should Contain Key" owner="Collections">
<arg>${json_data['results'][0]['login']}</arg>
<arg>${keyTwo}</arg>
<doc>Fails if ``key`` is not found from ``dictionary``.</doc>
<status status="PASS" start="2024-07-29T18:20:31.637614" elapsed="0.000363"/>
</kw>
<kw name="Log" owner="BuiltIn">
<msg time="2024-07-29T18:20:31.638272" level="INFO">password</msg>
<arg>${keyTwo}</arg>
<doc>Logs the given message with the given level.</doc>
<status status="PASS" start="2024-07-29T18:20:31.638150" elapsed="0.000161"/>
</kw>
<var name="${keyTwo}">password</var>
<status status="PASS" start="2024-07-29T18:20:31.636948" elapsed="0.001588"/>
</iter>
<var>${keyTwo}</var>
<value>@{expected_keysTwo}</value>
<status status="PASS" start="2024-07-29T18:20:31.635028" elapsed="0.003627"/>
</for>
<status status="PASS" start="2024-07-29T18:20:30.700010" elapsed="0.938788"/>
</kw>
<doc>Testa a estrutura da resposta da API.</doc>
<tag>testeEstruturaResposta</tag>
<status status="PASS" start="2024-07-29T18:20:30.699411" elapsed="0.939544"/>
</test>
<test id="s1-s1-t4" name="Validar tipos de dados" line="28">
<kw name="Teste de Tipos de Dados" owner="random-user-service">
<kw name="GET On Session" owner="RequestsLibrary">
<msg time="2024-07-29T18:20:32.303420" level="INFO">GET Request : url=https://randomuser.me/api 
 path_url=/api 
 headers={'User-Agent': 'python-requests/2.32.3', 'Accept-Encoding': 'gzip, deflate', 'Accept': '*/*', 'Connection': 'keep-alive'} 
 body=None 
 </msg>
<msg time="2024-07-29T18:20:32.303517" level="INFO">GET Response : url=https://randomuser.me/api 
 status=200, reason=OK 
 headers={'Date': 'Mon, 29 Jul 2024 18:20:32 GMT', 'Content-Type': 'application/json; charset=utf-8', 'Transfer-Encoding': 'chunked', 'Connection': 'keep-alive', 'X-Powered-By': 'Express', 'Access-Control-Allow-Origin': '*', 'Cache-Control': 'no-cache', 'ETag': 'W/"4a1-aazeFnA0eLRB/b3v5FqQwrzqk24"', 'Vary': 'Accept-Encoding', 'Content-Encoding': 'gzip', 'CF-Cache-Status': 'DYNAMIC', 'Report-To': '{"endpoints":[{"url":"https:\\/\\/a.nel.cloudflare.com\\/report\\/v4?s=JXYizvg%2FqWKfezKXTAHusfD%2FWBJxJxFMgy4IcbzgqrdlSHqpOFvrzp5%2FlPxFJwBi%2BwOthvKX%2FnzKIYwD6kKsEhoi2zyiNNJ8YaznpkrmXmLWuaS%2FpjyZUELpOr9d82ZP"}],"group":"cf-nel","max_age":604800}', 'NEL': '{"success_fraction":0,"report_to":"cf-nel","max_age":604800}', 'Server': 'cloudflare', 'CF-RAY': '8aaf1f99c8ce0816-IAD', 'alt-svc': 'h3=":443"; ma=86400'} 
 body={"results":[{"gender":"male","name":{"title":"Mr","first":"Hector","last":"Garnier"},"location":{"street":{"number":7905,"name":"Avenue Jean-Jaurès"},"city":"Le Mans","state":"Puy-de-Dôme","country":"France","postcode":48813,"coordinates":{"latitude":"-20.1881","longitude":"-9.5833"},"timezone":{"offset":"-3:00","description":"Brazil, Buenos Aires, Georgetown"}},"email":"hector.garnier@example.com","login":{"uuid":"555c16c6-58b6-4a21-9f27-bca305af9364","username":"blackladybug767","password":"zzzzzzzz","salt":"uHQxPih3","md5":"584fd3a77206000c2b19a2e6672837d6","sha1":"81dd94d5aad113b1e2fc2173db915d9778f1fa90","sha256":"9e3d772981ffe87aedbea5bfa7649f2ec2ab620fb7336fdc33b0c4998819ac2c"},"dob":{"date":"1990-02-28T05:15:47.601Z","age":34},"registered":{"date":"2015-02-27T19:11:03.191Z","age":9},"phone":"01-36-96-24-25","cell":"06-00-48-26-72","id":{"name":"INSEE","value":"1900192288584 47"},"picture":{"large":"https://randomuser.me/api/portraits/men/20.jpg","medium":"https://randomuser.me/api/portraits/med/men/20.jpg","thumbnail":"https://randomuser.me/api/portraits/thumb/men/20.jpg"},"nat":"FR"}],"info":{"seed":"5fcc582a583fa30b","results":1,"page":1,"version":"1.4"}} 
 </msg>
<msg time="2024-07-29T18:20:32.303591" level="INFO">/opt/hostedtoolcache/Python/3.12.4/x64/lib/python3.12/site-packages/urllib3/connectionpool.py:1099: InsecureRequestWarning: Unverified HTTPS request is being made to host 'randomuser.me'. Adding certificate verification is strongly advised. See: https://urllib3.readthedocs.io/en/latest/advanced-usage.html#tls-warnings
  warnings.warn(</msg>
<msg time="2024-07-29T18:20:32.303706" level="INFO">${response} = &lt;Response [200]&gt;</msg>
<var>${response}</var>
<arg>consultarAPI</arg>
<arg>/api</arg>
<doc>Sends a GET request on a previously created HTTP Session.</doc>
<status status="PASS" start="2024-07-29T18:20:31.641420" elapsed="0.662326"/>
</kw>
<kw name="Set Variable" owner="BuiltIn">
<msg time="2024-07-29T18:20:32.304842" level="INFO">${json_data} = {'results': [{'gender': 'male', 'name': {'title': 'Mr', 'first': 'Hector', 'last': 'Garnier'}, 'location': {'street': {'number': 7905, 'name': 'Avenue Jean-Jaurès'}, 'city': 'Le Mans', 'state': 'Puy-d...</msg>
<var>${json_data}</var>
<arg>${response.json()}</arg>
<doc>Returns the given values which can then be assigned to a variables.</doc>
<status status="PASS" start="2024-07-29T18:20:32.304313" elapsed="0.000557"/>
</kw>
<kw name="Log" owner="BuiltIn">
<msg time="2024-07-29T18:20:32.305328" level="INFO">{'results': [{'gender': 'male', 'name': {'title': 'Mr', 'first': 'Hector', 'last': 'Garnier'}, 'location': {'street': {'number': 7905, 'name': 'Avenue Jean-Jaurès'}, 'city': 'Le Mans', 'state': 'Puy-de-Dôme', 'country': 'France', 'postcode': 48813, 'coordinates': {'latitude': '-20.1881', 'longitude': '-9.5833'}, 'timezone': {'offset': '-3:00', 'description': 'Brazil, Buenos Aires, Georgetown'}}, 'email': 'hector.garnier@example.com', 'login': {'uuid': '555c16c6-58b6-4a21-9f27-bca305af9364', 'username': 'blackladybug767', 'password': 'zzzzzzzz', 'salt': 'uHQxPih3', 'md5': '584fd3a77206000c2b19a2e6672837d6', 'sha1': '81dd94d5aad113b1e2fc2173db915d9778f1fa90', 'sha256': '9e3d772981ffe87aedbea5bfa7649f2ec2ab620fb7336fdc33b0c4998819ac2c'}, 'dob': {'date': '1990-02-28T05:15:47.601Z', 'age': 34}, 'registered': {'date': '2015-02-27T19:11:03.191Z', 'age': 9}, 'phone': '01-36-96-24-25', 'cell': '06-00-48-26-72', 'id': {'name': 'INSEE', 'value': '1900192288584 47'}, 'picture': {'large': 'https://randomuser.me/api/portraits/men/20.jpg', 'medium': 'https://randomuser.me/api/portraits/med/men/20.jpg', 'thumbnail': 'https://randomuser.me/api/portraits/thumb/men/20.jpg'}, 'nat': 'FR'}], 'info': {'seed': '5fcc582a583fa30b', 'results': 1, 'page': 1, 'version': '1.4'}}</msg>
<arg>${json_data}</arg>
<doc>Logs the given message with the given level.</doc>
<status status="PASS" start="2024-07-29T18:20:32.305173" elapsed="0.000203"/>
</kw>
<kw name="Should Be String" owner="String">
<arg>${json_data['results'][0]['gender']}</arg>
<doc>Fails if the given ``item`` is not a string.</doc>
<status status="PASS" start="2024-07-29T18:20:32.305664" elapsed="0.000359"/>
</kw>
<kw name="Should Match Regexp" owner="BuiltIn">
<arg>${json_data['results'][0]['email']}</arg>
<arg>^[a-zA-Z0-9._%+-]+@[a-zA-Z0-9.-]+\.[a-zA-Z]{2,}$</arg>
<doc>Fails if ``string`` does not match ``pattern`` as a regular expression.</doc>
<status status="PASS" start="2024-07-29T18:20:32.306215" elapsed="0.000510"/>
</kw>
<kw name="Should Match Regexp" owner="BuiltIn">
<arg>${json_data['results'][0]['dob']['date']}</arg>
<arg>\\d{4}-\\d{2}-\\d{2}T\\d{2}:\\d{2}:\\d{2}\\.\\d{3}Z</arg>
<doc>Fails if ``string`` does not match ``pattern`` as a regular expression.</doc>
<status status="PASS" start="2024-07-29T18:20:32.306976" elapsed="0.000633"/>
</kw>
<kw name="Should Match Regexp" owner="BuiltIn">
<arg>${json_data['results'][0]['registered']['date']}</arg>
<arg>\\d{4}-\\d{2}-\\d{2}T\\d{2}:\\d{2}:\\d{2}\\.\\d{3}Z</arg>
<doc>Fails if ``string`` does not match ``pattern`` as a regular expression.</doc>
<status status="PASS" start="2024-07-29T18:20:32.307797" elapsed="0.000366"/>
</kw>
<kw name="Should Match Regexp" owner="BuiltIn">
<arg>${json_data['results'][0]['picture']['large']}</arg>
<arg>^https?://.*\.(?:png|jpe?g|gif|bmp)$</arg>
<doc>Fails if ``string`` does not match ``pattern`` as a regular expression.</doc>
<status status="PASS" start="2024-07-29T18:20:32.308372" elapsed="0.000451"/>
</kw>
<kw name="Should Match Regexp" owner="BuiltIn">
<arg>${json_data['results'][0]['picture']['medium']}</arg>
<arg>^https?://.*\.(?:png|jpe?g|gif|bmp)$</arg>
<doc>Fails if ``string`` does not match ``pattern`` as a regular expression.</doc>
<status status="PASS" start="2024-07-29T18:20:32.309007" elapsed="0.000347"/>
</kw>
<kw name="Should Match Regexp" owner="BuiltIn">
<arg>${json_data['results'][0]['picture']['thumbnail']}</arg>
<arg>^https?://.*\.(?:png|jpe?g|gif|bmp)$</arg>
<doc>Fails if ``string`` does not match ``pattern`` as a regular expression.</doc>
<status status="PASS" start="2024-07-29T18:20:32.309532" elapsed="0.000342"/>
</kw>
<kw name="Log" owner="BuiltIn">
<msg time="2024-07-29T18:20:32.310368" level="INFO">{'large': 'https://randomuser.me/api/portraits/men/20.jpg', 'medium': 'https://randomuser.me/api/portraits/med/men/20.jpg', 'thumbnail': 'https://randomuser.me/api/portraits/thumb/men/20.jpg'}</msg>
<arg>${json_data['results'][0]['picture']}</arg>
<doc>Logs the given message with the given level.</doc>
<status status="PASS" start="2024-07-29T18:20:32.310049" elapsed="0.000361"/>
</kw>
<status status="PASS" start="2024-07-29T18:20:31.641200" elapsed="0.669468"/>
</kw>
<kw name="Teste de Tipos de Dados - Postcode" owner="random-user-service">
<kw name="GET On Session" owner="RequestsLibrary">
<msg time="2024-07-29T18:20:34.257795" level="INFO">GET Request : url=https://randomuser.me/api 
 path_url=/api 
 headers={'User-Agent': 'python-requests/2.32.3', 'Accept-Encoding': 'gzip, deflate', 'Accept': '*/*', 'Connection': 'keep-alive'} 
 body=None 
 </msg>
<msg time="2024-07-29T18:20:34.257903" level="INFO">GET Response : url=https://randomuser.me/api 
 status=200, reason=OK 
 headers={'Date': 'Mon, 29 Jul 2024 18:20:34 GMT', 'Content-Type': 'application/json; charset=utf-8', 'Transfer-Encoding': 'chunked', 'Connection': 'keep-alive', 'X-Powered-By': 'Express', 'Access-Control-Allow-Origin': '*', 'Cache-Control': 'no-cache', 'ETag': 'W/"490-w8Vv1FWFdxBx2S+OMuRGv0z5+RE"', 'Vary': 'Accept-Encoding', 'Content-Encoding': 'gzip', 'CF-Cache-Status': 'DYNAMIC', 'Report-To': '{"endpoints":[{"url":"https:\\/\\/a.nel.cloudflare.com\\/report\\/v4?s=9KwzJS1w4iEpV20Lhkh5fzG0zYaRh2GHZPHUYDnHYvG6%2F2bhxKYgeiMWDmIUMLBHCks0%2BHwcT2rcCJKifj1Aosg%2BJ43oSOwlnAYdQaeDF7ht5mvUTuxgT2khfL9I0UGy"}],"group":"cf-nel","max_age":604800}', 'NEL': '{"success_fraction":0,"report_to":"cf-nel","max_age":604800}', 'Server': 'cloudflare', 'CF-RAY': '8aaf1f9dfd7c0816-IAD', 'alt-svc': 'h3=":443"; ma=86400'} 
 body={"results":[{"gender":"female","name":{"title":"Miss","first":"Elli","last":"Bratberg"},"location":{"street":{"number":9402,"name":"Hans C. Gjefles vei"},"city":"Andenes","state":"Bergen","country":"Norway","postcode":"9376","coordinates":{"latitude":"46.2498","longitude":"162.1278"},"timezone":{"offset":"+1:00","description":"Brussels, Copenhagen, Madrid, Paris"}},"email":"elli.bratberg@example.com","login":{"uuid":"4117f401-9e9c-411f-ae53-3ff02f56cb06","username":"blueduck994","password":"f00tball","salt":"5LVeg8O6","md5":"9ce255fd7e9c403fc54094daf59a35c0","sha1":"1fa74df00909ea17bd84bc28593da2f146b8415d","sha256":"96172827b01832bc636725b07f1675bba5a7033755710edcc12344e4ac45ec40"},"dob":{"date":"1999-01-01T09:00:50.192Z","age":25},"registered":{"date":"2003-03-30T19:00:59.347Z","age":21},"phone":"83377037","cell":"40533252","id":{"name":"FN","value":"01019928868"},"picture":{"large":"https://randomuser.me/api/portraits/women/17.jpg","medium":"https://randomuser.me/api/portraits/med/women/17.jpg","thumbnail":"https://randomuser.me/api/portraits/thumb/women/17.jpg"},"nat":"NO"}],"info":{"seed":"831b2b550f4e9273","results":1,"page":1,"version":"1.4"}} 
 </msg>
<msg time="2024-07-29T18:20:34.257979" level="INFO">/opt/hostedtoolcache/Python/3.12.4/x64/lib/python3.12/site-packages/urllib3/connectionpool.py:1099: InsecureRequestWarning: Unverified HTTPS request is being made to host 'randomuser.me'. Adding certificate verification is strongly advised. See: https://urllib3.readthedocs.io/en/latest/advanced-usage.html#tls-warnings
  warnings.warn(</msg>
<msg time="2024-07-29T18:20:34.258108" level="INFO">${response} = &lt;Response [200]&gt;</msg>
<var>${response}</var>
<arg>consultarAPI</arg>
<arg>/api</arg>
<doc>Sends a GET request on a previously created HTTP Session.</doc>
<status status="PASS" start="2024-07-29T18:20:32.311117" elapsed="1.947030"/>
</kw>
<kw name="Set Variable" owner="BuiltIn">
<msg time="2024-07-29T18:20:34.259376" level="INFO">${json_data} = {'results': [{'gender': 'female', 'name': {'title': 'Miss', 'first': 'Elli', 'last': 'Bratberg'}, 'location': {'street': {'number': 9402, 'name': 'Hans C. Gjefles vei'}, 'city': 'Andenes', 'state': 'B...</msg>
<var>${json_data}</var>
<arg>${response.json()}</arg>
<doc>Returns the given values which can then be assigned to a variables.</doc>
<status status="PASS" start="2024-07-29T18:20:34.258808" elapsed="0.000596"/>
</kw>
<kw name="Log" owner="BuiltIn">
<msg time="2024-07-29T18:20:34.259870" level="INFO">{'results': [{'gender': 'female', 'name': {'title': 'Miss', 'first': 'Elli', 'last': 'Bratberg'}, 'location': {'street': {'number': 9402, 'name': 'Hans C. Gjefles vei'}, 'city': 'Andenes', 'state': 'Bergen', 'country': 'Norway', 'postcode': '9376', 'coordinates': {'latitude': '46.2498', 'longitude': '162.1278'}, 'timezone': {'offset': '+1:00', 'description': 'Brussels, Copenhagen, Madrid, Paris'}}, 'email': 'elli.bratberg@example.com', 'login': {'uuid': '4117f401-9e9c-411f-ae53-3ff02f56cb06', 'username': 'blueduck994', 'password': 'f00tball', 'salt': '5LVeg8O6', 'md5': '9ce255fd7e9c403fc54094daf59a35c0', 'sha1': '1fa74df00909ea17bd84bc28593da2f146b8415d', 'sha256': '96172827b01832bc636725b07f1675bba5a7033755710edcc12344e4ac45ec40'}, 'dob': {'date': '1999-01-01T09:00:50.192Z', 'age': 25}, 'registered': {'date': '2003-03-30T19:00:59.347Z', 'age': 21}, 'phone': '83377037', 'cell': '40533252', 'id': {'name': 'FN', 'value': '01019928868'}, 'picture': {'large': 'https://randomuser.me/api/portraits/women/17.jpg', 'medium': 'https://randomuser.me/api/portraits/med/women/17.jpg', 'thumbnail': 'https://randomuser.me/api/portraits/thumb/women/17.jpg'}, 'nat': 'NO'}], 'info': {'seed': '831b2b550f4e9273', 'results': 1, 'page': 1, 'version': '1.4'}}</msg>
<arg>${json_data}</arg>
<doc>Logs the given message with the given level.</doc>
<status status="PASS" start="2024-07-29T18:20:34.259713" elapsed="0.000203"/>
</kw>
<kw name="Should Be Equal As Numbers" owner="BuiltIn">
<arg>${json_data['results'][0]['location']['postcode']}</arg>
<arg>${json_data['results'][0]['location']['postcode']}</arg>
<doc>Fails if objects are unequal after converting them to real numbers.</doc>
<status status="PASS" start="2024-07-29T18:20:34.260257" elapsed="0.000634"/>
</kw>
<kw name="Log" owner="BuiltIn">
<msg time="2024-07-29T18:20:34.261426" level="INFO">9376</msg>
<arg>${json_data['results'][0]['location']['postcode']}</arg>
<doc>Logs the given message with the given level.</doc>
<status status="PASS" start="2024-07-29T18:20:34.261085" elapsed="0.000381"/>
</kw>
<status status="PASS" start="2024-07-29T18:20:32.310889" elapsed="1.950863"/>
</kw>
<doc>Testa se os tipos de dados na resposta da API estão corretos.</doc>
<tag>testeTiposDados</tag>
<status status="PASS" start="2024-07-29T18:20:31.640734" elapsed="2.621199"/>
</test>
<test id="s1-s1-t5" name="Validar conteudo" line="35">
<kw name="Teste de Tipos de Conteudo" owner="random-user-service">
<kw name="GET On Session" owner="RequestsLibrary">
<msg time="2024-07-29T18:20:36.251757" level="INFO">GET Request : url=https://randomuser.me/api 
 path_url=/api 
 headers={'User-Agent': 'python-requests/2.32.3', 'Accept-Encoding': 'gzip, deflate', 'Accept': '*/*', 'Connection': 'keep-alive'} 
 body=None 
 </msg>
<msg time="2024-07-29T18:20:36.251853" level="INFO">GET Response : url=https://randomuser.me/api 
 status=200, reason=OK 
 headers={'Date': 'Mon, 29 Jul 2024 18:20:36 GMT', 'Content-Type': 'application/json; charset=utf-8', 'Transfer-Encoding': 'chunked', 'Connection': 'keep-alive', 'X-Powered-By': 'Express', 'Access-Control-Allow-Origin': '*', 'Cache-Control': 'no-cache', 'ETag': 'W/"499-2u57eJl7dLiIvQxvUujhCxykILY"', 'Vary': 'Accept-Encoding', 'Content-Encoding': 'gzip', 'CF-Cache-Status': 'DYNAMIC', 'Report-To': '{"endpoints":[{"url":"https:\\/\\/a.nel.cloudflare.com\\/report\\/v4?s=uK4neYrvTqOB8br%2Fja2ygH8EGmg2OBqEFz4tUsxBN1IYxuimrxTJpyAcHElRdEnRBne6OpiQ0PiMT%2BoW2zEe0w%2BjNVv0Xz%2BFV%2BX%2BmzL2PYFs2OfE0%2BwzRWOOu3j26KvL"}],"group":"cf-nel","max_age":604800}', 'NEL': '{"success_fraction":0,"report_to":"cf-nel","max_age":604800}', 'Server': 'cloudflare', 'CF-RAY': '8aaf1faa3c490816-IAD', 'alt-svc': 'h3=":443"; ma=86400'} 
 body={"results":[{"gender":"male","name":{"title":"Mr","first":"Leonard","last":"Gonzalez"},"location":{"street":{"number":110,"name":"Depaul Dr"},"city":"Anaheim","state":"Kansas","country":"United States","postcode":29944,"coordinates":{"latitude":"81.7520","longitude":"-130.0468"},"timezone":{"offset":"+9:00","description":"Tokyo, Seoul, Osaka, Sapporo, Yakutsk"}},"email":"leonard.gonzalez@example.com","login":{"uuid":"95e02043-a797-454f-99d3-5db63ad420d2","username":"smallelephant402","password":"mnbvcx","salt":"PDMBws0J","md5":"a63994933f697d761dccb8e7c333793f","sha1":"a1a9019b88b103f8f4c023c5fd0c8df03268cd8a","sha256":"7c880b8d3b16b82b75db4998374979d5b864a2320dcc49b8ab871559486ce53d"},"dob":{"date":"1993-05-05T09:23:58.591Z","age":31},"registered":{"date":"2017-02-27T14:06:10.060Z","age":7},"phone":"(368) 410-8186","cell":"(219) 364-7824","id":{"name":"SSN","value":"144-69-2017"},"picture":{"large":"https://randomuser.me/api/portraits/men/38.jpg","medium":"https://randomuser.me/api/portraits/med/men/38.jpg","thumbnail":"https://randomuser.me/api/portraits/thumb/men/38.jpg"},"nat":"US"}],"info":{"seed":"5589f5a89517467a","results":1,"page":1,"version":"1.4"}} 
 </msg>
<msg time="2024-07-29T18:20:36.251920" level="INFO">/opt/hostedtoolcache/Python/3.12.4/x64/lib/python3.12/site-packages/urllib3/connectionpool.py:1099: InsecureRequestWarning: Unverified HTTPS request is being made to host 'randomuser.me'. Adding certificate verification is strongly advised. See: https://urllib3.readthedocs.io/en/latest/advanced-usage.html#tls-warnings
  warnings.warn(</msg>
<msg time="2024-07-29T18:20:36.252043" level="INFO">${response} = &lt;Response [200]&gt;</msg>
<var>${response}</var>
<arg>consultarAPI</arg>
<arg>/api</arg>
<doc>Sends a GET request on a previously created HTTP Session.</doc>
<status status="PASS" start="2024-07-29T18:20:34.264476" elapsed="1.987606"/>
</kw>
<kw name="Set Variable" owner="BuiltIn">
<msg time="2024-07-29T18:20:36.253298" level="INFO">${json_data} = {'results': [{'gender': 'male', 'name': {'title': 'Mr', 'first': 'Leonard', 'last': 'Gonzalez'}, 'location': {'street': {'number': 110, 'name': 'Depaul Dr'}, 'city': 'Anaheim', 'state': 'Kansas', 'cou...</msg>
<var>${json_data}</var>
<arg>${response.json()}</arg>
<doc>Returns the given values which can then be assigned to a variables.</doc>
<status status="PASS" start="2024-07-29T18:20:36.252732" elapsed="0.000595"/>
</kw>
<kw name="Set Variable" owner="BuiltIn">
<msg time="2024-07-29T18:20:36.254011" level="INFO">${name_title} = Mr</msg>
<var>${name_title}</var>
<arg>${json_data["results"][0]["name"]["title"]}</arg>
<doc>Returns the given values which can then be assigned to a variables.</doc>
<status status="PASS" start="2024-07-29T18:20:36.253633" elapsed="0.000405"/>
</kw>
<kw name="Create List" owner="BuiltIn">
<msg time="2024-07-29T18:20:36.254491" level="INFO">${allowed_titles} = ['Mr', 'Ms', 'Miss', 'Mrs', 'Madame', 'Monsieur']</msg>
<var>${allowed_titles}</var>
<arg>Mr</arg>
<arg>Ms</arg>
<arg>Miss</arg>
<arg>Mrs</arg>
<arg>Madame</arg>
<arg>Monsieur</arg>
<doc>Returns a list containing given items.</doc>
<status status="PASS" start="2024-07-29T18:20:36.254333" elapsed="0.000182"/>
</kw>
<kw name="List Should Contain Value" owner="Collections">
<arg>${allowed_titles}</arg>
<arg>${name_title}</arg>
<doc>Fails if the ``value`` is not found from ``list``.</doc>
<status status="PASS" start="2024-07-29T18:20:36.254807" elapsed="0.000188"/>
</kw>
<kw name="Set Variable" owner="BuiltIn">
<msg time="2024-07-29T18:20:36.255539" level="INFO">${name_country} = US</msg>
<var>${name_country}</var>
<arg>${json_data["results"][0]["nat"]}</arg>
<doc>Returns the given values which can then be assigned to a variables.</doc>
<status status="PASS" start="2024-07-29T18:20:36.255177" elapsed="0.000387"/>
</kw>
<kw name="Create List" owner="BuiltIn">
<msg time="2024-07-29T18:20:36.256484" level="INFO">${list_country} = ['AD', 'AE', 'AF', 'AG', 'AI', 'AL', 'AM', 'AO', 'AQ', 'AR', 'AS', 'AT', 'AU', 'AW', 'AX', 'AZ', 'BA', 'BB', 'BD', 'BE', 'BF', 'BG', 'BH', 'BI', 'BJ', 'BL', 'BM', 'BN', 'BO', 'BQ', 'BR', 'BS', 'BT', '...</msg>
<var>${list_country}</var>
<arg>AD</arg>
<arg>AE</arg>
<arg>AF</arg>
<arg>AG</arg>
<arg>AI</arg>
<arg>AL</arg>
<arg>AM</arg>
<arg>AO</arg>
<arg>AQ</arg>
<arg>AR</arg>
<arg>AS</arg>
<arg>AT</arg>
<arg>AU</arg>
<arg>AW</arg>
<arg>AX</arg>
<arg>AZ</arg>
<arg>BA</arg>
<arg>BB</arg>
<arg>BD</arg>
<arg>BE</arg>
<arg>BF</arg>
<arg>BG</arg>
<arg>BH</arg>
<arg>BI</arg>
<arg>BJ</arg>
<arg>BL</arg>
<arg>BM</arg>
<arg>BN</arg>
<arg>BO</arg>
<arg>BQ</arg>
<arg>BR</arg>
<arg>BS</arg>
<arg>BT</arg>
<arg>BV</arg>
<arg>BW</arg>
<arg>BY</arg>
<arg>BZ</arg>
<arg>CA</arg>
<arg>CC</arg>
<arg>CD</arg>
<arg>CF</arg>
<arg>CG</arg>
<arg>CH</arg>
<arg>CI</arg>
<arg>CK</arg>
<arg>CL</arg>
<arg>CM</arg>
<arg>CN</arg>
<arg>CO</arg>
<arg>CR</arg>
<arg>CU</arg>
<arg>CV</arg>
<arg>CW</arg>
<arg>CX</arg>
<arg>CY</arg>
<arg>CZ</arg>
<arg>DE</arg>
<arg>DJ</arg>
<arg>DK</arg>
<arg>DM</arg>
<arg>DO</arg>
<arg>DZ</arg>
<arg>EC</arg>
<arg>EE</arg>
<arg>EG</arg>
<arg>EH</arg>
<arg>ER</arg>
<arg>ES</arg>
<arg>ET</arg>
<arg>FI</arg>
<arg>FJ</arg>
<arg>FK</arg>
<arg>FM</arg>
<arg>FO</arg>
<arg>FR</arg>
<arg>GA</arg>
<arg>GB</arg>
<arg>GD</arg>
<arg>GE</arg>
<arg>GF</arg>
<arg>GG</arg>
<arg>GH</arg>
<arg>GI</arg>
<arg>GL</arg>
<arg>GM</arg>
<arg>GN</arg>
<arg>GP</arg>
<arg>GQ</arg>
<arg>GR</arg>
<arg>GS</arg>
<arg>GT</arg>
<arg>GU</arg>
<arg>GW</arg>
<arg>GY</arg>
<arg>HK</arg>
<arg>HM</arg>
<arg>HN</arg>
<arg>HR</arg>
<arg>HT</arg>
<arg>HU</arg>
<arg>ID</arg>
<arg>IE</arg>
<arg>IL</arg>
<arg>IM</arg>
<arg>IN</arg>
<arg>IO</arg>
<arg>IQ</arg>
<arg>IR</arg>
<arg>IS</arg>
<arg>IT</arg>
<arg>JE</arg>
<arg>JM</arg>
<arg>JO</arg>
<arg>JP</arg>
<arg>KE</arg>
<arg>KG</arg>
<arg>KH</arg>
<arg>KI</arg>
<arg>KM</arg>
<arg>KN</arg>
<arg>KP</arg>
<arg>KR</arg>
<arg>KW</arg>
<arg>KY</arg>
<arg>KZ</arg>
<arg>LA</arg>
<arg>LB</arg>
<arg>LC</arg>
<arg>LI</arg>
<arg>LK</arg>
<arg>LR</arg>
<arg>LS</arg>
<arg>LT</arg>
<arg>LU</arg>
<arg>LV</arg>
<arg>LY</arg>
<arg>MA</arg>
<arg>MC</arg>
<arg>MD</arg>
<arg>ME</arg>
<arg>MF</arg>
<arg>MG</arg>
<arg>MH</arg>
<arg>MK</arg>
<arg>ML</arg>
<arg>MM</arg>
<arg>MN</arg>
<arg>MO</arg>
<arg>MP</arg>
<arg>MQ</arg>
<arg>MR</arg>
<arg>MS</arg>
<arg>MT</arg>
<arg>MU</arg>
<arg>MV</arg>
<arg>MW</arg>
<arg>MX</arg>
<arg>MY</arg>
<arg>MZ</arg>
<arg>NA</arg>
<arg>NC</arg>
<arg>NE</arg>
<arg>NF</arg>
<arg>NG</arg>
<arg>NI</arg>
<arg>NL</arg>
<arg>NO</arg>
<arg>NP</arg>
<arg>NR</arg>
<arg>NU</arg>
<arg>NZ</arg>
<arg>OM</arg>
<arg>PA</arg>
<arg>PE</arg>
<arg>PF</arg>
<arg>PG</arg>
<arg>PH</arg>
<arg>PK</arg>
<arg>PL</arg>
<arg>PM</arg>
<arg>PN</arg>
<arg>PR</arg>
<arg>PS</arg>
<arg>PT</arg>
<arg>PW</arg>
<arg>PY</arg>
<arg>QA</arg>
<arg>RE</arg>
<arg>RO</arg>
<arg>RS</arg>
<arg>RU</arg>
<arg>RW</arg>
<arg>SA</arg>
<arg>SB</arg>
<arg>SC</arg>
<arg>SD</arg>
<arg>SE</arg>
<arg>SG</arg>
<arg>SH</arg>
<arg>SI</arg>
<arg>SJ</arg>
<arg>SK</arg>
<arg>SL</arg>
<arg>SM</arg>
<arg>SN</arg>
<arg>SO</arg>
<arg>SR</arg>
<arg>SS</arg>
<arg>ST</arg>
<arg>SV</arg>
<arg>SX</arg>
<arg>SY</arg>
<arg>SZ</arg>
<arg>TC</arg>
<arg>TD</arg>
<arg>TF</arg>
<arg>TG</arg>
<arg>TH</arg>
<arg>TJ</arg>
<arg>TK</arg>
<arg>TL</arg>
<arg>TM</arg>
<arg>TN</arg>
<arg>TO</arg>
<arg>TR</arg>
<arg>TT</arg>
<arg>TV</arg>
<arg>TW</arg>
<arg>TZ</arg>
<arg>UA</arg>
<arg>UG</arg>
<arg>UM</arg>
<arg>US</arg>
<arg>UY</arg>
<arg>UZ</arg>
<arg>VA</arg>
<arg>VC</arg>
<arg>VE</arg>
<arg>VG</arg>
<arg>VI</arg>
<arg>VN</arg>
<arg>VU</arg>
<arg>WF</arg>
<arg>WS</arg>
<arg>XK</arg>
<arg>YE</arg>
<arg>YT</arg>
<arg>ZA</arg>
<arg>ZM</arg>
<arg>ZW</arg>
<doc>Returns a list containing given items.</doc>
<status status="PASS" start="2024-07-29T18:20:36.255847" elapsed="0.000664"/>
</kw>
<kw name="List Should Contain Value" owner="Collections">
<arg>${list_country}</arg>
<arg>${name_country}</arg>
<doc>Fails if the ``value`` is not found from ``list``.</doc>
<status status="PASS" start="2024-07-29T18:20:36.257614" elapsed="0.000214"/>
</kw>
<kw name="Run Keyword If" owner="BuiltIn">
<kw name="Should Be True" owner="BuiltIn">
<arg>${True}</arg>
<doc>Fails if the given condition is not true.</doc>
<status status="PASS" start="2024-07-29T18:20:36.258764" elapsed="0.000139"/>
</kw>
<arg>${json_data["results"][0]["location"]["coordinates"]["latitude"]} &gt;= -90 and ${json_data["results"][0]["location"]["coordinates"]["latitude"]} &lt;= 90</arg>
<arg>Should Be True</arg>
<arg>${True}</arg>
<doc>Runs the given keyword with the given arguments, if ``condition`` is true.</doc>
<status status="PASS" start="2024-07-29T18:20:36.258028" elapsed="0.000998"/>
</kw>
<kw name="Run Keyword If" owner="BuiltIn">
<kw name="Should Be True" owner="BuiltIn">
<arg>${True}</arg>
<doc>Fails if the given condition is not true.</doc>
<status status="PASS" start="2024-07-29T18:20:36.259877" elapsed="0.000135"/>
</kw>
<arg>${json_data["results"][0]["location"]["coordinates"]["longitude"]} &gt;= -180 and ${json_data["results"][0]["location"]["coordinates"]["longitude"]} &lt;= 180</arg>
<arg>Should Be True</arg>
<arg>${True}</arg>
<doc>Runs the given keyword with the given arguments, if ``condition`` is true.</doc>
<status status="PASS" start="2024-07-29T18:20:36.259203" elapsed="0.000928"/>
</kw>
<status status="PASS" start="2024-07-29T18:20:34.264240" elapsed="1.996048"/>
</kw>
<doc>Testa o conteúdo específico dos campos retornados pela API.</doc>
<tag>testeConteudo</tag>
<status status="PASS" start="2024-07-29T18:20:34.263681" elapsed="1.996765"/>
</test>
<status status="PASS" start="2024-07-29T18:20:29.314474" elapsed="6.947961"/>
</suite>
<status status="PASS" start="2024-07-29T18:20:29.299972" elapsed="6.967726"/>
</suite>
<statistics>
<total>
<stat pass="5" fail="0" skip="0">All Tests</stat>
</total>
<tag>
<stat pass="1" fail="0" skip="0">testeConteudo</stat>
<stat pass="1" fail="0" skip="0">testeEstruturaResposta</stat>
<stat pass="1" fail="0" skip="0">testeRequisicaoBasica</stat>
<stat pass="1" fail="0" skip="0">testeTiposDados</stat>
</tag>
<suite>
<stat pass="5" fail="0" skip="0" id="s1" name="Tests">Tests</stat>
<stat pass="5" fail="0" skip="0" id="s1-s1" name="Random-User-Test">Tests.Random-User-Test</stat>
</suite>
</statistics>
<errors>
</errors>
</robot>
