<?xml version="1.0" encoding="UTF-8"?>
<robot generator="Robot 7.0 (Python 3.12.3 on linux)" generated="2024-04-30T11:13:01.170900" rpa="false" schemaversion="5">
<suite id="s1" name="Tests" source="/home/runner/work/DesafioQAItauRogerioJordao/DesafioQAItauRogerioJordao/RamdonUser/tests">
<suite id="s1-s1" name="Random-User-Test" source="/home/runner/work/DesafioQAItauRogerioJordao/DesafioQAItauRogerioJordao/RamdonUser/tests/random-user-test.robot">
<test id="s1-s1-t1" name="Conectar" line="13">
<kw name="Conectar API" owner="random-user-service">
<kw name="Create Session" owner="RequestsLibrary">
<msg time="2024-04-30T11:13:01.537190" level="INFO">Creating Session using : alias=consultarAPI, url=https://randomuser.me/, headers={},                     cookies={}, auth=None, timeout=None, proxies=None, verify=False,                     debug=0 </msg>
<arg>consultarAPI</arg>
<arg>${URL}</arg>
<doc>Create Session: create a HTTP session to a server</doc>
<status status="PASS" start="2024-04-30T11:13:01.536991" elapsed="0.000380"/>
</kw>
<status status="PASS" start="2024-04-30T11:13:01.536022" elapsed="0.001711"/>
</kw>
<status status="PASS" start="2024-04-30T11:13:01.535396" elapsed="0.002536"/>
</test>
<test id="s1-s1-t2" name="Validar retorno 200 e JSON Válido" line="16">
<kw name="Teste de Requisicao Basica" owner="random-user-service">
<kw name="GET On Session" owner="RequestsLibrary">
<msg time="2024-04-30T11:13:01.628907" level="INFO">GET Request : url=https://randomuser.me/api 
 path_url=/api 
 headers={'User-Agent': 'python-requests/2.31.0', 'Accept-Encoding': 'gzip, deflate', 'Accept': '*/*', 'Connection': 'keep-alive'} 
 body=None 
 </msg>
<msg time="2024-04-30T11:13:01.629029" level="INFO">GET Response : url=https://randomuser.me/api 
 status=200, reason=OK 
 headers={'Date': 'Tue, 30 Apr 2024 11:13:01 GMT', 'Content-Type': 'application/json; charset=utf-8', 'Transfer-Encoding': 'chunked', 'Connection': 'keep-alive', 'X-Powered-By': 'Express', 'Access-Control-Allow-Origin': '*', 'Cache-Control': 'no-cache', 'ETag': 'W/"486-fxIc1r9TZH2ym34d/L4jxQzKDV8"', 'Vary': 'Accept-Encoding', 'Content-Encoding': 'gzip', 'CF-Cache-Status': 'DYNAMIC', 'Report-To': '{"endpoints":[{"url":"https:\\/\\/a.nel.cloudflare.com\\/report\\/v4?s=jstAYfIlbGyr3ZXWtzvKi1sdc%2B1g2Dp6zREeYSNXbZCAuGn3aUHucJMJwwu2ld0ky8PxdxzA9pCDScgEdIpR9EzAu%2BX8mPP%2Fhv7AYua8cIQx3YCfu5O8CQTWAFm9P24d"}],"group":"cf-nel","max_age":604800}', 'NEL': '{"success_fraction":0,"report_to":"cf-nel","max_age":604800}', 'Server': 'cloudflare', 'CF-RAY': '87c719a0d8543b3b-IAD', 'alt-svc': 'h3=":443"; ma=86400'} 
 body={"results":[{"gender":"female","name":{"title":"Mrs","first":"Trupti","last":"Kumar"},"location":{"street":{"number":3188,"name":"Gali Paranthe Wali"},"city":"Alappuzha","state":"Telangana","country":"India","postcode":56343,"coordinates":{"latitude":"12.3875","longitude":"1.9213"},"timezone":{"offset":"-11:00","description":"Midway Island, Samoa"}},"email":"trupti.kumar@example.com","login":{"uuid":"e780540e-8116-4fba-b29c-a7bf728c5477","username":"smallmouse531","password":"method","salt":"egz8RM8k","md5":"3a8fd197795d5b61073ef818119171f8","sha1":"34773925f520bf58ba012ecf4d0f2694d3f349ba","sha256":"a222e2c04ddb44ab0309e660cd6bacb0f03d53f6b82292f56c8ca0cd5e84bed3"},"dob":{"date":"1986-06-22T04:18:23.434Z","age":37},"registered":{"date":"2021-07-08T06:41:26.621Z","age":2},"phone":"7573344179","cell":"8290762360","id":{"name":"UIDAI","value":"554679349806"},"picture":{"large":"https://randomuser.me/api/portraits/women/44.jpg","medium":"https://randomuser.me/api/portraits/med/women/44.jpg","thumbnail":"https://randomuser.me/api/portraits/thumb/women/44.jpg"},"nat":"IN"}],"info":{"seed":"3a287e0948cc52be","results":1,"page":1,"version":"1.4"}} 
 </msg>
<msg time="2024-04-30T11:13:01.629106" level="INFO">/opt/hostedtoolcache/Python/3.12.3/x64/lib/python3.12/site-packages/urllib3/connectionpool.py:1103: InsecureRequestWarning: Unverified HTTPS request is being made to host 'randomuser.me'. Adding certificate verification is strongly advised. See: https://urllib3.readthedocs.io/en/latest/advanced-usage.html#tls-warnings
  warnings.warn(</msg>
<msg time="2024-04-30T11:13:01.629254" level="INFO">${response} = &lt;Response [200]&gt;</msg>
<var>${response}</var>
<arg>consultarAPI</arg>
<arg>/api</arg>
<doc>Sends a GET request on a previously created HTTP Session.</doc>
<status status="PASS" start="2024-04-30T11:13:01.540674" elapsed="0.088627"/>
</kw>
<kw name="Should Be Equal As Numbers" owner="BuiltIn">
<msg time="2024-04-30T11:13:01.630180" level="INFO">Argument types are:
&lt;class 'int'&gt;
&lt;class 'str'&gt;</msg>
<arg>${response.status_code}</arg>
<arg>200</arg>
<doc>Fails if objects are unequal after converting them to real numbers.</doc>
<status status="PASS" start="2024-04-30T11:13:01.629744" elapsed="0.000501"/>
</kw>
<kw name="Log" owner="BuiltIn">
<msg time="2024-04-30T11:13:01.630987" level="INFO">200</msg>
<arg>${response.status_code}</arg>
<doc>Logs the given message with the given level.</doc>
<status status="PASS" start="2024-04-30T11:13:01.630607" elapsed="0.000423"/>
</kw>
<kw name="Set Variable" owner="BuiltIn">
<msg time="2024-04-30T11:13:01.631834" level="INFO">${json_data} = {'results': [{'gender': 'female', 'name': {'title': 'Mrs', 'first': 'Trupti', 'last': 'Kumar'}, 'location': {'street': {'number': 3188, 'name': 'Gali Paranthe Wali'}, 'city': 'Alappuzha', 'state': 'Te...</msg>
<var>${json_data}</var>
<arg>${response.json()}</arg>
<doc>Returns the given values which can then be assigned to a variables.</doc>
<status status="PASS" start="2024-04-30T11:13:01.631385" elapsed="0.000477"/>
</kw>
<kw name="Dictionary Should Contain Key" owner="Collections">
<msg time="2024-04-30T11:13:01.632333" level="INFO">False</msg>
<arg>${json_data}</arg>
<arg>results</arg>
<doc>Fails if ``key`` is not found from ``dictionary``.</doc>
<status status="PASS" start="2024-04-30T11:13:01.632166" elapsed="0.000210"/>
</kw>
<status status="PASS" start="2024-04-30T11:13:01.540424" elapsed="0.092219"/>
</kw>
<doc>Testa se a API responde corretamente e retorna um objeto JSON válido.</doc>
<tag>testeRequisicaoBasica</tag>
<status status="PASS" start="2024-04-30T11:13:01.539870" elapsed="0.092952"/>
</test>
<test id="s1-s1-t3" name="Validar estrutura de resposta" line="22">
<kw name="Teste de Estrutura de Resposta" owner="random-user-service">
<kw name="GET On Session" owner="RequestsLibrary">
<msg time="2024-04-30T11:13:01.716243" level="INFO">GET Request : url=https://randomuser.me/api 
 path_url=/api 
 headers={'User-Agent': 'python-requests/2.31.0', 'Accept-Encoding': 'gzip, deflate', 'Accept': '*/*', 'Connection': 'keep-alive'} 
 body=None 
 </msg>
<msg time="2024-04-30T11:13:01.716339" level="INFO">GET Response : url=https://randomuser.me/api 
 status=200, reason=OK 
 headers={'Date': 'Tue, 30 Apr 2024 11:13:01 GMT', 'Content-Type': 'application/json; charset=utf-8', 'Transfer-Encoding': 'chunked', 'Connection': 'keep-alive', 'X-Powered-By': 'Express', 'Access-Control-Allow-Origin': '*', 'Cache-Control': 'no-cache', 'ETag': 'W/"4a1-+H9rR3hpKPezrvWealDrGymPB9I"', 'Vary': 'Accept-Encoding', 'Content-Encoding': 'gzip', 'CF-Cache-Status': 'DYNAMIC', 'Report-To': '{"endpoints":[{"url":"https:\\/\\/a.nel.cloudflare.com\\/report\\/v4?s=EzQECQaXi39xgUNgjOifa5uEgF009P1X7oeWZMxOCw5Z6CKVNCuw9FWofcqdO4jobAwrpU5UbEjJHUot8VfQYpI%2FGfdJuhPqUa5v3mLU3H9iTwSZnrBOXFOXPw4a4i6n"}],"group":"cf-nel","max_age":604800}', 'NEL': '{"success_fraction":0,"report_to":"cf-nel","max_age":604800}', 'Server': 'cloudflare', 'CF-RAY': '87c719a148b23b3b-IAD', 'alt-svc': 'h3=":443"; ma=86400'} 
 body={"results":[{"gender":"female","name":{"title":"Miss","first":"Felecia","last":"Pearson"},"location":{"street":{"number":7412,"name":"Blossom Hill Rd"},"city":"Little Rock","state":"Wisconsin","country":"United States","postcode":81046,"coordinates":{"latitude":"83.2713","longitude":"97.2252"},"timezone":{"offset":"-3:00","description":"Brazil, Buenos Aires, Georgetown"}},"email":"felecia.pearson@example.com","login":{"uuid":"5a15b08f-cbf5-4610-af01-b9cdc5f8748d","username":"bigpanda613","password":"2323","salt":"T7txfcA8","md5":"6de7a06421d893c91177d951b13fd4e1","sha1":"561bcba38566f1f927f64db98b4d78b44307e3ea","sha256":"1f7f4bfebf738fbb918a625afa86c4480839a8861ced450df8006b5dfacc1e86"},"dob":{"date":"1990-03-21T20:18:49.699Z","age":34},"registered":{"date":"2019-06-21T14:42:12.939Z","age":4},"phone":"(495) 525-8623","cell":"(615) 552-7952","id":{"name":"SSN","value":"117-53-1765"},"picture":{"large":"https://randomuser.me/api/portraits/women/72.jpg","medium":"https://randomuser.me/api/portraits/med/women/72.jpg","thumbnail":"https://randomuser.me/api/portraits/thumb/women/72.jpg"},"nat":"US"}],"info":{"seed":"f0b09d03c2e425f5","results":1,"page":1,"version":"1.4"}} 
 </msg>
<msg time="2024-04-30T11:13:01.716463" level="INFO">/opt/hostedtoolcache/Python/3.12.3/x64/lib/python3.12/site-packages/urllib3/connectionpool.py:1103: InsecureRequestWarning: Unverified HTTPS request is being made to host 'randomuser.me'. Adding certificate verification is strongly advised. See: https://urllib3.readthedocs.io/en/latest/advanced-usage.html#tls-warnings
  warnings.warn(</msg>
<msg time="2024-04-30T11:13:01.716608" level="INFO">${response} = &lt;Response [200]&gt;</msg>
<var>${response}</var>
<arg>consultarAPI</arg>
<arg>/api</arg>
<doc>Sends a GET request on a previously created HTTP Session.</doc>
<status status="PASS" start="2024-04-30T11:13:01.635443" elapsed="0.081201"/>
</kw>
<kw name="Set Variable" owner="BuiltIn">
<msg time="2024-04-30T11:13:01.717681" level="INFO">${json_data} = {'results': [{'gender': 'female', 'name': {'title': 'Miss', 'first': 'Felecia', 'last': 'Pearson'}, 'location': {'street': {'number': 7412, 'name': 'Blossom Hill Rd'}, 'city': 'Little Rock', 'state': ...</msg>
<var>${json_data}</var>
<arg>${response.json()}</arg>
<doc>Returns the given values which can then be assigned to a variables.</doc>
<status status="PASS" start="2024-04-30T11:13:01.717153" elapsed="0.000557"/>
</kw>
<kw name="Log" owner="BuiltIn">
<msg time="2024-04-30T11:13:01.718210" level="INFO">{'results': [{'gender': 'female', 'name': {'title': 'Miss', 'first': 'Felecia', 'last': 'Pearson'}, 'location': {'street': {'number': 7412, 'name': 'Blossom Hill Rd'}, 'city': 'Little Rock', 'state': 'Wisconsin', 'country': 'United States', 'postcode': 81046, 'coordinates': {'latitude': '83.2713', 'longitude': '97.2252'}, 'timezone': {'offset': '-3:00', 'description': 'Brazil, Buenos Aires, Georgetown'}}, 'email': 'felecia.pearson@example.com', 'login': {'uuid': '5a15b08f-cbf5-4610-af01-b9cdc5f8748d', 'username': 'bigpanda613', 'password': '2323', 'salt': 'T7txfcA8', 'md5': '6de7a06421d893c91177d951b13fd4e1', 'sha1': '561bcba38566f1f927f64db98b4d78b44307e3ea', 'sha256': '1f7f4bfebf738fbb918a625afa86c4480839a8861ced450df8006b5dfacc1e86'}, 'dob': {'date': '1990-03-21T20:18:49.699Z', 'age': 34}, 'registered': {'date': '2019-06-21T14:42:12.939Z', 'age': 4}, 'phone': '(495) 525-8623', 'cell': '(615) 552-7952', 'id': {'name': 'SSN', 'value': '117-53-1765'}, 'picture': {'large': 'https://randomuser.me/api/portraits/women/72.jpg', 'medium': 'https://randomuser.me/api/portraits/med/women/72.jpg', 'thumbnail': 'https://randomuser.me/api/portraits/thumb/women/72.jpg'}, 'nat': 'US'}], 'info': {'seed': 'f0b09d03c2e425f5', 'results': 1, 'page': 1, 'version': '1.4'}}</msg>
<arg>${json_data}</arg>
<doc>Logs the given message with the given level.</doc>
<status status="PASS" start="2024-04-30T11:13:01.718045" elapsed="0.000216"/>
</kw>
<kw name="Dictionary Should Contain Key" owner="Collections">
<msg time="2024-04-30T11:13:01.718728" level="INFO">False</msg>
<arg>${json_data}</arg>
<arg>results</arg>
<doc>Fails if ``key`` is not found from ``dictionary``.</doc>
<status status="PASS" start="2024-04-30T11:13:01.718567" elapsed="0.000200"/>
</kw>
<kw name="Should Not Be Empty" owner="BuiltIn">
<msg time="2024-04-30T11:13:01.719206" level="INFO">Length is 2.</msg>
<arg>${json_data}</arg>
<doc>Verifies that the given item is not empty.</doc>
<status status="PASS" start="2024-04-30T11:13:01.719063" elapsed="0.000183"/>
</kw>
<kw name="Create List" owner="BuiltIn">
<msg time="2024-04-30T11:13:01.719904" level="INFO">${expected_keys} = ['gender', 'name', 'location', 'email', 'login']</msg>
<var>${expected_keys}</var>
<arg>gender</arg>
<arg>name</arg>
<arg>location</arg>
<arg>email</arg>
<arg>login</arg>
<doc>Returns a list containing given items.</doc>
<status status="PASS" start="2024-04-30T11:13:01.719590" elapsed="0.000340"/>
</kw>
<for flavor="IN">
<iter>
<kw name="Dictionary Should Contain Key" owner="Collections">
<msg time="2024-04-30T11:13:01.720940" level="INFO">False</msg>
<arg>${json_data['results'][0]}</arg>
<arg>${key}</arg>
<doc>Fails if ``key`` is not found from ``dictionary``.</doc>
<status status="PASS" start="2024-04-30T11:13:01.720528" elapsed="0.000451"/>
</kw>
<kw name="Log" owner="BuiltIn">
<msg time="2024-04-30T11:13:01.721657" level="INFO">{'gender': 'female', 'name': {'title': 'Miss', 'first': 'Felecia', 'last': 'Pearson'}, 'location': {'street': {'number': 7412, 'name': 'Blossom Hill Rd'}, 'city': 'Little Rock', 'state': 'Wisconsin', 'country': 'United States', 'postcode': 81046, 'coordinates': {'latitude': '83.2713', 'longitude': '97.2252'}, 'timezone': {'offset': '-3:00', 'description': 'Brazil, Buenos Aires, Georgetown'}}, 'email': 'felecia.pearson@example.com', 'login': {'uuid': '5a15b08f-cbf5-4610-af01-b9cdc5f8748d', 'username': 'bigpanda613', 'password': '2323', 'salt': 'T7txfcA8', 'md5': '6de7a06421d893c91177d951b13fd4e1', 'sha1': '561bcba38566f1f927f64db98b4d78b44307e3ea', 'sha256': '1f7f4bfebf738fbb918a625afa86c4480839a8861ced450df8006b5dfacc1e86'}, 'dob': {'date': '1990-03-21T20:18:49.699Z', 'age': 34}, 'registered': {'date': '2019-06-21T14:42:12.939Z', 'age': 4}, 'phone': '(495) 525-8623', 'cell': '(615) 552-7952', 'id': {'name': 'SSN', 'value': '117-53-1765'}, 'picture': {'large': 'https://randomuser.me/api/portraits/women/72.jpg', 'medium': 'https://randomuser.me/api/portraits/med/women/72.jpg', 'thumbnail': 'https://randomuser.me/api/portraits/thumb/women/72.jpg'}, 'nat': 'US'}</msg>
<arg>${json_data['results'][0]}</arg>
<doc>Logs the given message with the given level.</doc>
<status status="PASS" start="2024-04-30T11:13:01.721285" elapsed="0.000420"/>
</kw>
<kw name="Log" owner="BuiltIn">
<msg time="2024-04-30T11:13:01.722130" level="INFO">gender</msg>
<arg>${key}</arg>
<doc>Logs the given message with the given level.</doc>
<status status="PASS" start="2024-04-30T11:13:01.722001" elapsed="0.000167"/>
</kw>
<var name="${key}">gender</var>
<status status="PASS" start="2024-04-30T11:13:01.720399" elapsed="0.001985"/>
</iter>
<iter>
<kw name="Dictionary Should Contain Key" owner="Collections">
<msg time="2024-04-30T11:13:01.723074" level="INFO">False</msg>
<arg>${json_data['results'][0]}</arg>
<arg>${key}</arg>
<doc>Fails if ``key`` is not found from ``dictionary``.</doc>
<status status="PASS" start="2024-04-30T11:13:01.722688" elapsed="0.000423"/>
</kw>
<kw name="Log" owner="BuiltIn">
<msg time="2024-04-30T11:13:01.723836" level="INFO">{'gender': 'female', 'name': {'title': 'Miss', 'first': 'Felecia', 'last': 'Pearson'}, 'location': {'street': {'number': 7412, 'name': 'Blossom Hill Rd'}, 'city': 'Little Rock', 'state': 'Wisconsin', 'country': 'United States', 'postcode': 81046, 'coordinates': {'latitude': '83.2713', 'longitude': '97.2252'}, 'timezone': {'offset': '-3:00', 'description': 'Brazil, Buenos Aires, Georgetown'}}, 'email': 'felecia.pearson@example.com', 'login': {'uuid': '5a15b08f-cbf5-4610-af01-b9cdc5f8748d', 'username': 'bigpanda613', 'password': '2323', 'salt': 'T7txfcA8', 'md5': '6de7a06421d893c91177d951b13fd4e1', 'sha1': '561bcba38566f1f927f64db98b4d78b44307e3ea', 'sha256': '1f7f4bfebf738fbb918a625afa86c4480839a8861ced450df8006b5dfacc1e86'}, 'dob': {'date': '1990-03-21T20:18:49.699Z', 'age': 34}, 'registered': {'date': '2019-06-21T14:42:12.939Z', 'age': 4}, 'phone': '(495) 525-8623', 'cell': '(615) 552-7952', 'id': {'name': 'SSN', 'value': '117-53-1765'}, 'picture': {'large': 'https://randomuser.me/api/portraits/women/72.jpg', 'medium': 'https://randomuser.me/api/portraits/med/women/72.jpg', 'thumbnail': 'https://randomuser.me/api/portraits/thumb/women/72.jpg'}, 'nat': 'US'}</msg>
<arg>${json_data['results'][0]}</arg>
<doc>Logs the given message with the given level.</doc>
<status status="PASS" start="2024-04-30T11:13:01.723458" elapsed="0.000427"/>
</kw>
<kw name="Log" owner="BuiltIn">
<msg time="2024-04-30T11:13:01.724306" level="INFO">name</msg>
<arg>${key}</arg>
<doc>Logs the given message with the given level.</doc>
<status status="PASS" start="2024-04-30T11:13:01.724181" elapsed="0.000163"/>
</kw>
<var name="${key}">name</var>
<status status="PASS" start="2024-04-30T11:13:01.722573" elapsed="0.001984"/>
</iter>
<iter>
<kw name="Dictionary Should Contain Key" owner="Collections">
<msg time="2024-04-30T11:13:01.725233" level="INFO">False</msg>
<arg>${json_data['results'][0]}</arg>
<arg>${key}</arg>
<doc>Fails if ``key`` is not found from ``dictionary``.</doc>
<status status="PASS" start="2024-04-30T11:13:01.724847" elapsed="0.000424"/>
</kw>
<kw name="Log" owner="BuiltIn">
<msg time="2024-04-30T11:13:01.725927" level="INFO">{'gender': 'female', 'name': {'title': 'Miss', 'first': 'Felecia', 'last': 'Pearson'}, 'location': {'street': {'number': 7412, 'name': 'Blossom Hill Rd'}, 'city': 'Little Rock', 'state': 'Wisconsin', 'country': 'United States', 'postcode': 81046, 'coordinates': {'latitude': '83.2713', 'longitude': '97.2252'}, 'timezone': {'offset': '-3:00', 'description': 'Brazil, Buenos Aires, Georgetown'}}, 'email': 'felecia.pearson@example.com', 'login': {'uuid': '5a15b08f-cbf5-4610-af01-b9cdc5f8748d', 'username': 'bigpanda613', 'password': '2323', 'salt': 'T7txfcA8', 'md5': '6de7a06421d893c91177d951b13fd4e1', 'sha1': '561bcba38566f1f927f64db98b4d78b44307e3ea', 'sha256': '1f7f4bfebf738fbb918a625afa86c4480839a8861ced450df8006b5dfacc1e86'}, 'dob': {'date': '1990-03-21T20:18:49.699Z', 'age': 34}, 'registered': {'date': '2019-06-21T14:42:12.939Z', 'age': 4}, 'phone': '(495) 525-8623', 'cell': '(615) 552-7952', 'id': {'name': 'SSN', 'value': '117-53-1765'}, 'picture': {'large': 'https://randomuser.me/api/portraits/women/72.jpg', 'medium': 'https://randomuser.me/api/portraits/med/women/72.jpg', 'thumbnail': 'https://randomuser.me/api/portraits/thumb/women/72.jpg'}, 'nat': 'US'}</msg>
<arg>${json_data['results'][0]}</arg>
<doc>Logs the given message with the given level.</doc>
<status status="PASS" start="2024-04-30T11:13:01.725566" elapsed="0.000411"/>
</kw>
<kw name="Log" owner="BuiltIn">
<msg time="2024-04-30T11:13:01.726394" level="INFO">location</msg>
<arg>${key}</arg>
<doc>Logs the given message with the given level.</doc>
<status status="PASS" start="2024-04-30T11:13:01.726268" elapsed="0.000164"/>
</kw>
<var name="${key}">location</var>
<status status="PASS" start="2024-04-30T11:13:01.724735" elapsed="0.001909"/>
</iter>
<iter>
<kw name="Dictionary Should Contain Key" owner="Collections">
<msg time="2024-04-30T11:13:01.727345" level="INFO">False</msg>
<arg>${json_data['results'][0]}</arg>
<arg>${key}</arg>
<doc>Fails if ``key`` is not found from ``dictionary``.</doc>
<status status="PASS" start="2024-04-30T11:13:01.726926" elapsed="0.000459"/>
</kw>
<kw name="Log" owner="BuiltIn">
<msg time="2024-04-30T11:13:01.728057" level="INFO">{'gender': 'female', 'name': {'title': 'Miss', 'first': 'Felecia', 'last': 'Pearson'}, 'location': {'street': {'number': 7412, 'name': 'Blossom Hill Rd'}, 'city': 'Little Rock', 'state': 'Wisconsin', 'country': 'United States', 'postcode': 81046, 'coordinates': {'latitude': '83.2713', 'longitude': '97.2252'}, 'timezone': {'offset': '-3:00', 'description': 'Brazil, Buenos Aires, Georgetown'}}, 'email': 'felecia.pearson@example.com', 'login': {'uuid': '5a15b08f-cbf5-4610-af01-b9cdc5f8748d', 'username': 'bigpanda613', 'password': '2323', 'salt': 'T7txfcA8', 'md5': '6de7a06421d893c91177d951b13fd4e1', 'sha1': '561bcba38566f1f927f64db98b4d78b44307e3ea', 'sha256': '1f7f4bfebf738fbb918a625afa86c4480839a8861ced450df8006b5dfacc1e86'}, 'dob': {'date': '1990-03-21T20:18:49.699Z', 'age': 34}, 'registered': {'date': '2019-06-21T14:42:12.939Z', 'age': 4}, 'phone': '(495) 525-8623', 'cell': '(615) 552-7952', 'id': {'name': 'SSN', 'value': '117-53-1765'}, 'picture': {'large': 'https://randomuser.me/api/portraits/women/72.jpg', 'medium': 'https://randomuser.me/api/portraits/med/women/72.jpg', 'thumbnail': 'https://randomuser.me/api/portraits/thumb/women/72.jpg'}, 'nat': 'US'}</msg>
<arg>${json_data['results'][0]}</arg>
<doc>Logs the given message with the given level.</doc>
<status status="PASS" start="2024-04-30T11:13:01.727692" elapsed="0.000414"/>
</kw>
<kw name="Log" owner="BuiltIn">
<msg time="2024-04-30T11:13:01.728524" level="INFO">email</msg>
<arg>${key}</arg>
<doc>Logs the given message with the given level.</doc>
<status status="PASS" start="2024-04-30T11:13:01.728398" elapsed="0.000164"/>
</kw>
<var name="${key}">email</var>
<status status="PASS" start="2024-04-30T11:13:01.726817" elapsed="0.001957"/>
</iter>
<iter>
<kw name="Dictionary Should Contain Key" owner="Collections">
<msg time="2024-04-30T11:13:01.729452" level="INFO">False</msg>
<arg>${json_data['results'][0]}</arg>
<arg>${key}</arg>
<doc>Fails if ``key`` is not found from ``dictionary``.</doc>
<status status="PASS" start="2024-04-30T11:13:01.729056" elapsed="0.000433"/>
</kw>
<kw name="Log" owner="BuiltIn">
<msg time="2024-04-30T11:13:01.730140" level="INFO">{'gender': 'female', 'name': {'title': 'Miss', 'first': 'Felecia', 'last': 'Pearson'}, 'location': {'street': {'number': 7412, 'name': 'Blossom Hill Rd'}, 'city': 'Little Rock', 'state': 'Wisconsin', 'country': 'United States', 'postcode': 81046, 'coordinates': {'latitude': '83.2713', 'longitude': '97.2252'}, 'timezone': {'offset': '-3:00', 'description': 'Brazil, Buenos Aires, Georgetown'}}, 'email': 'felecia.pearson@example.com', 'login': {'uuid': '5a15b08f-cbf5-4610-af01-b9cdc5f8748d', 'username': 'bigpanda613', 'password': '2323', 'salt': 'T7txfcA8', 'md5': '6de7a06421d893c91177d951b13fd4e1', 'sha1': '561bcba38566f1f927f64db98b4d78b44307e3ea', 'sha256': '1f7f4bfebf738fbb918a625afa86c4480839a8861ced450df8006b5dfacc1e86'}, 'dob': {'date': '1990-03-21T20:18:49.699Z', 'age': 34}, 'registered': {'date': '2019-06-21T14:42:12.939Z', 'age': 4}, 'phone': '(495) 525-8623', 'cell': '(615) 552-7952', 'id': {'name': 'SSN', 'value': '117-53-1765'}, 'picture': {'large': 'https://randomuser.me/api/portraits/women/72.jpg', 'medium': 'https://randomuser.me/api/portraits/med/women/72.jpg', 'thumbnail': 'https://randomuser.me/api/portraits/thumb/women/72.jpg'}, 'nat': 'US'}</msg>
<arg>${json_data['results'][0]}</arg>
<doc>Logs the given message with the given level.</doc>
<status status="PASS" start="2024-04-30T11:13:01.729782" elapsed="0.000406"/>
</kw>
<kw name="Log" owner="BuiltIn">
<msg time="2024-04-30T11:13:01.730602" level="INFO">login</msg>
<arg>${key}</arg>
<doc>Logs the given message with the given level.</doc>
<status status="PASS" start="2024-04-30T11:13:01.730477" elapsed="0.000163"/>
</kw>
<var name="${key}">login</var>
<status status="PASS" start="2024-04-30T11:13:01.728947" elapsed="0.001931"/>
</iter>
<var>${key}</var>
<value>@{expected_keys}</value>
<status status="PASS" start="2024-04-30T11:13:01.720197" elapsed="0.010802"/>
</for>
<kw name="Create List" owner="BuiltIn">
<msg time="2024-04-30T11:13:01.731357" level="INFO">${expected_keysTwo} = ['username', 'password']</msg>
<var>${expected_keysTwo}</var>
<arg>username</arg>
<arg>password</arg>
<doc>Returns a list containing given items.</doc>
<status status="PASS" start="2024-04-30T11:13:01.731194" elapsed="0.000188"/>
</kw>
<for flavor="IN">
<iter>
<kw name="Dictionary Should Contain Key" owner="Collections">
<msg time="2024-04-30T11:13:01.732274" level="INFO">False</msg>
<arg>${json_data['results'][0]['login']}</arg>
<arg>${keyTwo}</arg>
<doc>Fails if ``key`` is not found from ``dictionary``.</doc>
<status status="PASS" start="2024-04-30T11:13:01.731884" elapsed="0.000426"/>
</kw>
<kw name="Dictionary Should Contain Key" owner="Collections">
<msg time="2024-04-30T11:13:01.732981" level="INFO">False</msg>
<arg>${json_data['results'][0]['login']}</arg>
<arg>${keyTwo}</arg>
<doc>Fails if ``key`` is not found from ``dictionary``.</doc>
<status status="PASS" start="2024-04-30T11:13:01.732603" elapsed="0.000416"/>
</kw>
<kw name="Log" owner="BuiltIn">
<msg time="2024-04-30T11:13:01.733445" level="INFO">username</msg>
<arg>${keyTwo}</arg>
<doc>Logs the given message with the given level.</doc>
<status status="PASS" start="2024-04-30T11:13:01.733320" elapsed="0.000169"/>
</kw>
<var name="${keyTwo}">username</var>
<status status="PASS" start="2024-04-30T11:13:01.731775" elapsed="0.001944"/>
</iter>
<iter>
<kw name="Dictionary Should Contain Key" owner="Collections">
<msg time="2024-04-30T11:13:01.734392" level="INFO">False</msg>
<arg>${json_data['results'][0]['login']}</arg>
<arg>${keyTwo}</arg>
<doc>Fails if ``key`` is not found from ``dictionary``.</doc>
<status status="PASS" start="2024-04-30T11:13:01.734005" elapsed="0.000425"/>
</kw>
<kw name="Dictionary Should Contain Key" owner="Collections">
<msg time="2024-04-30T11:13:01.735185" level="INFO">False</msg>
<arg>${json_data['results'][0]['login']}</arg>
<arg>${keyTwo}</arg>
<doc>Fails if ``key`` is not found from ``dictionary``.</doc>
<status status="PASS" start="2024-04-30T11:13:01.734725" elapsed="0.000499"/>
</kw>
<kw name="Log" owner="BuiltIn">
<msg time="2024-04-30T11:13:01.735689" level="INFO">password</msg>
<arg>${keyTwo}</arg>
<doc>Logs the given message with the given level.</doc>
<status status="PASS" start="2024-04-30T11:13:01.735561" elapsed="0.000166"/>
</kw>
<var name="${keyTwo}">password</var>
<status status="PASS" start="2024-04-30T11:13:01.733891" elapsed="0.002049"/>
</iter>
<var>${keyTwo}</var>
<value>@{expected_keysTwo}</value>
<status status="PASS" start="2024-04-30T11:13:01.731622" elapsed="0.004440"/>
</for>
<status status="PASS" start="2024-04-30T11:13:01.635181" elapsed="0.101023"/>
</kw>
<doc>Testa a estrutura da resposta da API.</doc>
<tag>testeEstruturaResposta</tag>
<status status="PASS" start="2024-04-30T11:13:01.634665" elapsed="0.101700"/>
</test>
<test id="s1-s1-t4" name="Validar tipos de dados" line="28">
<kw name="Teste de Tipos de Dados" owner="random-user-service">
<kw name="GET On Session" owner="RequestsLibrary">
<msg time="2024-04-30T11:13:01.807966" level="INFO">GET Request : url=https://randomuser.me/api 
 path_url=/api 
 headers={'User-Agent': 'python-requests/2.31.0', 'Accept-Encoding': 'gzip, deflate', 'Accept': '*/*', 'Connection': 'keep-alive'} 
 body=None 
 </msg>
<msg time="2024-04-30T11:13:01.808049" level="INFO">GET Response : url=https://randomuser.me/api 
 status=200, reason=OK 
 headers={'Date': 'Tue, 30 Apr 2024 11:13:01 GMT', 'Content-Type': 'application/json; charset=utf-8', 'Transfer-Encoding': 'chunked', 'Connection': 'keep-alive', 'X-Powered-By': 'Express', 'Access-Control-Allow-Origin': '*', 'Cache-Control': 'no-cache', 'ETag': 'W/"46f-HKv604Yc/BVYLYNwfyl2RKHnxKk"', 'Vary': 'Accept-Encoding', 'Content-Encoding': 'gzip', 'CF-Cache-Status': 'DYNAMIC', 'Report-To': '{"endpoints":[{"url":"https:\\/\\/a.nel.cloudflare.com\\/report\\/v4?s=KhDzoT2KV7AX1RJz%2FSenEmktPDVQHyJGlsl6OG5K6GcRJe8lDO8GxtK0m9xqnKt7ZIw2%2Ft8K3MKrMKmv6E%2FcReVQnZe5M8FdWGbVlqA8wtaI20HfPAKnZ6vusTyb1SRa"}],"group":"cf-nel","max_age":604800}', 'NEL': '{"success_fraction":0,"report_to":"cf-nel","max_age":604800}', 'Server': 'cloudflare', 'CF-RAY': '87c719a1e9533b3b-IAD', 'alt-svc': 'h3=":443"; ma=86400'} 
 body={"results":[{"gender":"male","name":{"title":"Mr","first":"Viroslav","last":"Dovganik"},"location":{"street":{"number":4116,"name":"Kupalska"},"city":"Pologi","state":"Hmelnicka","country":"Ukraine","postcode":72185,"coordinates":{"latitude":"77.5298","longitude":"-167.4690"},"timezone":{"offset":"+5:45","description":"Kathmandu"}},"email":"viroslav.dovganik@example.com","login":{"uuid":"24b67beb-bb92-4f4b-be6a-c56a8d9d09de","username":"happyostrich820","password":"teddy1","salt":"RSMi0rUR","md5":"42c20826101bc0f79f6421976b3909b8","sha1":"0213859d500f58082e1bd777e01af75acec8d894","sha256":"0a90aae899327cbd75ed1b037846e6caa5c9d54e181c85a65cfd13334a808695"},"dob":{"date":"1963-05-01T22:58:44.343Z","age":60},"registered":{"date":"2010-06-19T02:30:27.784Z","age":13},"phone":"(096) V58-0688","cell":"(099) J67-2632","id":{"name":"","value":null},"picture":{"large":"https://randomuser.me/api/portraits/men/66.jpg","medium":"https://randomuser.me/api/portraits/med/men/66.jpg","thumbnail":"https://randomuser.me/api/portraits/thumb/men/66.jpg"},"nat":"UA"}],"info":{"seed":"1b2dd1a05be0e862","results":1,"page":1,"version":"1.4"}} 
 </msg>
<msg time="2024-04-30T11:13:01.808124" level="INFO">/opt/hostedtoolcache/Python/3.12.3/x64/lib/python3.12/site-packages/urllib3/connectionpool.py:1103: InsecureRequestWarning: Unverified HTTPS request is being made to host 'randomuser.me'. Adding certificate verification is strongly advised. See: https://urllib3.readthedocs.io/en/latest/advanced-usage.html#tls-warnings
  warnings.warn(</msg>
<msg time="2024-04-30T11:13:01.808259" level="INFO">${response} = &lt;Response [200]&gt;</msg>
<var>${response}</var>
<arg>consultarAPI</arg>
<arg>/api</arg>
<doc>Sends a GET request on a previously created HTTP Session.</doc>
<status status="PASS" start="2024-04-30T11:13:01.738889" elapsed="0.069422"/>
</kw>
<kw name="Set Variable" owner="BuiltIn">
<msg time="2024-04-30T11:13:01.809231" level="INFO">${json_data} = {'results': [{'gender': 'male', 'name': {'title': 'Mr', 'first': 'Viroslav', 'last': 'Dovganik'}, 'location': {'street': {'number': 4116, 'name': 'Kupalska'}, 'city': 'Pologi', 'state': 'Hmelnicka', '...</msg>
<var>${json_data}</var>
<arg>${response.json()}</arg>
<doc>Returns the given values which can then be assigned to a variables.</doc>
<status status="PASS" start="2024-04-30T11:13:01.808758" elapsed="0.000502"/>
</kw>
<kw name="Log" owner="BuiltIn">
<msg time="2024-04-30T11:13:01.809718" level="INFO">{'results': [{'gender': 'male', 'name': {'title': 'Mr', 'first': 'Viroslav', 'last': 'Dovganik'}, 'location': {'street': {'number': 4116, 'name': 'Kupalska'}, 'city': 'Pologi', 'state': 'Hmelnicka', 'country': 'Ukraine', 'postcode': 72185, 'coordinates': {'latitude': '77.5298', 'longitude': '-167.4690'}, 'timezone': {'offset': '+5:45', 'description': 'Kathmandu'}}, 'email': 'viroslav.dovganik@example.com', 'login': {'uuid': '24b67beb-bb92-4f4b-be6a-c56a8d9d09de', 'username': 'happyostrich820', 'password': 'teddy1', 'salt': 'RSMi0rUR', 'md5': '42c20826101bc0f79f6421976b3909b8', 'sha1': '0213859d500f58082e1bd777e01af75acec8d894', 'sha256': '0a90aae899327cbd75ed1b037846e6caa5c9d54e181c85a65cfd13334a808695'}, 'dob': {'date': '1963-05-01T22:58:44.343Z', 'age': 60}, 'registered': {'date': '2010-06-19T02:30:27.784Z', 'age': 13}, 'phone': '(096) V58-0688', 'cell': '(099) J67-2632', 'id': {'name': '', 'value': None}, 'picture': {'large': 'https://randomuser.me/api/portraits/men/66.jpg', 'medium': 'https://randomuser.me/api/portraits/med/men/66.jpg', 'thumbnail': 'https://randomuser.me/api/portraits/thumb/men/66.jpg'}, 'nat': 'UA'}], 'info': {'seed': '1b2dd1a05be0e862', 'results': 1, 'page': 1, 'version': '1.4'}}</msg>
<arg>${json_data}</arg>
<doc>Logs the given message with the given level.</doc>
<status status="PASS" start="2024-04-30T11:13:01.809568" elapsed="0.000230"/>
</kw>
<kw name="Should Be String" owner="String">
<arg>${json_data['results'][0]['gender']}</arg>
<doc>Fails if the given ``item`` is not a string.</doc>
<status status="PASS" start="2024-04-30T11:13:01.810097" elapsed="0.000356"/>
</kw>
<kw name="Should Match Regexp" owner="BuiltIn">
<arg>${json_data['results'][0]['email']}</arg>
<arg>^[a-zA-Z0-9._%+-]+@[a-zA-Z0-9.-]+\.[a-zA-Z]{2,}$</arg>
<doc>Fails if ``string`` does not match ``pattern`` as a regular expression.</doc>
<status status="PASS" start="2024-04-30T11:13:01.810645" elapsed="0.000506"/>
</kw>
<kw name="Should Match Regexp" owner="BuiltIn">
<arg>${json_data['results'][0]['dob']['date']}</arg>
<arg>\\d{4}-\\d{2}-\\d{2}T\\d{2}:\\d{2}:\\d{2}\\.\\d{3}Z</arg>
<doc>Fails if ``string`` does not match ``pattern`` as a regular expression.</doc>
<status status="PASS" start="2024-04-30T11:13:01.811390" elapsed="0.000534"/>
</kw>
<kw name="Should Match Regexp" owner="BuiltIn">
<arg>${json_data['results'][0]['registered']['date']}</arg>
<arg>\\d{4}-\\d{2}-\\d{2}T\\d{2}:\\d{2}:\\d{2}\\.\\d{3}Z</arg>
<doc>Fails if ``string`` does not match ``pattern`` as a regular expression.</doc>
<status status="PASS" start="2024-04-30T11:13:01.812125" elapsed="0.000381"/>
</kw>
<kw name="Should Match Regexp" owner="BuiltIn">
<arg>${json_data['results'][0]['picture']['large']}</arg>
<arg>^https?://.*\.(?:png|jpe?g|gif|bmp)$</arg>
<doc>Fails if ``string`` does not match ``pattern`` as a regular expression.</doc>
<status status="PASS" start="2024-04-30T11:13:01.812696" elapsed="0.000539"/>
</kw>
<kw name="Should Match Regexp" owner="BuiltIn">
<arg>${json_data['results'][0]['picture']['medium']}</arg>
<arg>^https?://.*\.(?:png|jpe?g|gif|bmp)$</arg>
<doc>Fails if ``string`` does not match ``pattern`` as a regular expression.</doc>
<status status="PASS" start="2024-04-30T11:13:01.813432" elapsed="0.000361"/>
</kw>
<kw name="Should Match Regexp" owner="BuiltIn">
<arg>${json_data['results'][0]['picture']['thumbnail']}</arg>
<arg>^https?://.*\.(?:png|jpe?g|gif|bmp)$</arg>
<doc>Fails if ``string`` does not match ``pattern`` as a regular expression.</doc>
<status status="PASS" start="2024-04-30T11:13:01.813983" elapsed="0.000356"/>
</kw>
<kw name="Log" owner="BuiltIn">
<msg time="2024-04-30T11:13:01.814845" level="INFO">{'large': 'https://randomuser.me/api/portraits/men/66.jpg', 'medium': 'https://randomuser.me/api/portraits/med/men/66.jpg', 'thumbnail': 'https://randomuser.me/api/portraits/thumb/men/66.jpg'}</msg>
<arg>${json_data['results'][0]['picture']}</arg>
<doc>Logs the given message with the given level.</doc>
<status status="PASS" start="2024-04-30T11:13:01.814521" elapsed="0.000364"/>
</kw>
<status status="PASS" start="2024-04-30T11:13:01.738660" elapsed="0.076480"/>
</kw>
<kw name="Teste de Tipos de Dados - Postcode" owner="random-user-service">
<kw name="GET On Session" owner="RequestsLibrary">
<msg time="2024-04-30T11:13:01.910555" level="INFO">GET Request : url=https://randomuser.me/api 
 path_url=/api 
 headers={'User-Agent': 'python-requests/2.31.0', 'Accept-Encoding': 'gzip, deflate', 'Accept': '*/*', 'Connection': 'keep-alive'} 
 body=None 
 </msg>
<msg time="2024-04-30T11:13:01.910672" level="INFO">GET Response : url=https://randomuser.me/api 
 status=200, reason=OK 
 headers={'Date': 'Tue, 30 Apr 2024 11:13:01 GMT', 'Content-Type': 'application/json; charset=utf-8', 'Transfer-Encoding': 'chunked', 'Connection': 'keep-alive', 'X-Powered-By': 'Express', 'Access-Control-Allow-Origin': '*', 'Cache-Control': 'no-cache', 'ETag': 'W/"4a3-jfKDGc7fHJr4M9i/WWENFSzXeAU"', 'Vary': 'Accept-Encoding', 'Content-Encoding': 'gzip', 'CF-Cache-Status': 'DYNAMIC', 'Report-To': '{"endpoints":[{"url":"https:\\/\\/a.nel.cloudflare.com\\/report\\/v4?s=6pZXJispRNOZXz1bK2%2BZ63YS8rmlxc%2Fs4i26hFlfDiBxBHoTVqfQwq6ZaiVfb7mseBH5VR3hr%2Bllh%2FQUjpyMD002ToHXPlPQoMBPRfiG%2FdbshkC8zBkDgHhFVBn46hpp"}],"group":"cf-nel","max_age":604800}', 'NEL': '{"success_fraction":0,"report_to":"cf-nel","max_age":604800}', 'Server': 'cloudflare', 'CF-RAY': '87c719a269d33b3b-IAD', 'alt-svc': 'h3=":443"; ma=86400'} 
 body={"results":[{"gender":"male","name":{"title":"Mr","first":"Sénio","last":"Cardoso"},"location":{"street":{"number":5247,"name":"Rua São Francisco "},"city":"Presidente Prudente","state":"Pará","country":"Brazil","postcode":49054,"coordinates":{"latitude":"-73.3556","longitude":"-106.5279"},"timezone":{"offset":"+10:00","description":"Eastern Australia, Guam, Vladivostok"}},"email":"senio.cardoso@example.com","login":{"uuid":"e1f8bb86-b82e-40a4-9f95-7ea586d6c85b","username":"purplegoose539","password":"vvvv","salt":"UGl6dPr2","md5":"3762aaec034804e60001f7e97dd84674","sha1":"391cfcb240886fb4661a9c610fc3944d8ef49ecf","sha256":"e3fe52a2d35d78b51b5d8f0c66b6ebeb5d081534380ab6e6119459e562bc5f88"},"dob":{"date":"1994-11-28T09:32:07.481Z","age":29},"registered":{"date":"2014-12-02T13:13:32.680Z","age":9},"phone":"(54) 8475-3762","cell":"(55) 8497-6050","id":{"name":"CPF","value":"640.331.210-46"},"picture":{"large":"https://randomuser.me/api/portraits/men/36.jpg","medium":"https://randomuser.me/api/portraits/med/men/36.jpg","thumbnail":"https://randomuser.me/api/portraits/thumb/men/36.jpg"},"nat":"BR"}],"info":{"seed":"301231e45d5e3380","results":1,"page":1,"version":"1.4"}} 
 </msg>
<msg time="2024-04-30T11:13:01.910762" level="INFO">/opt/hostedtoolcache/Python/3.12.3/x64/lib/python3.12/site-packages/urllib3/connectionpool.py:1103: InsecureRequestWarning: Unverified HTTPS request is being made to host 'randomuser.me'. Adding certificate verification is strongly advised. See: https://urllib3.readthedocs.io/en/latest/advanced-usage.html#tls-warnings
  warnings.warn(</msg>
<msg time="2024-04-30T11:13:01.910905" level="INFO">${response} = &lt;Response [200]&gt;</msg>
<var>${response}</var>
<arg>consultarAPI</arg>
<arg>/api</arg>
<doc>Sends a GET request on a previously created HTTP Session.</doc>
<status status="PASS" start="2024-04-30T11:13:01.815619" elapsed="0.095334"/>
</kw>
<kw name="Set Variable" owner="BuiltIn">
<msg time="2024-04-30T11:13:01.912106" level="INFO">${json_data} = {'results': [{'gender': 'male', 'name': {'title': 'Mr', 'first': 'Sénio', 'last': 'Cardoso'}, 'location': {'street': {'number': 5247, 'name': 'Rua São Francisco '}, 'city': 'Presidente Prudente', 'sta...</msg>
<var>${json_data}</var>
<arg>${response.json()}</arg>
<doc>Returns the given values which can then be assigned to a variables.</doc>
<status status="PASS" start="2024-04-30T11:13:01.911546" elapsed="0.000590"/>
</kw>
<kw name="Log" owner="BuiltIn">
<msg time="2024-04-30T11:13:01.912677" level="INFO">{'results': [{'gender': 'male', 'name': {'title': 'Mr', 'first': 'Sénio', 'last': 'Cardoso'}, 'location': {'street': {'number': 5247, 'name': 'Rua São Francisco '}, 'city': 'Presidente Prudente', 'state': 'Pará', 'country': 'Brazil', 'postcode': 49054, 'coordinates': {'latitude': '-73.3556', 'longitude': '-106.5279'}, 'timezone': {'offset': '+10:00', 'description': 'Eastern Australia, Guam, Vladivostok'}}, 'email': 'senio.cardoso@example.com', 'login': {'uuid': 'e1f8bb86-b82e-40a4-9f95-7ea586d6c85b', 'username': 'purplegoose539', 'password': 'vvvv', 'salt': 'UGl6dPr2', 'md5': '3762aaec034804e60001f7e97dd84674', 'sha1': '391cfcb240886fb4661a9c610fc3944d8ef49ecf', 'sha256': 'e3fe52a2d35d78b51b5d8f0c66b6ebeb5d081534380ab6e6119459e562bc5f88'}, 'dob': {'date': '1994-11-28T09:32:07.481Z', 'age': 29}, 'registered': {'date': '2014-12-02T13:13:32.680Z', 'age': 9}, 'phone': '(54) 8475-3762', 'cell': '(55) 8497-6050', 'id': {'name': 'CPF', 'value': '640.331.210-46'}, 'picture': {'large': 'https://randomuser.me/api/portraits/men/36.jpg', 'medium': 'https://randomuser.me/api/portraits/med/men/36.jpg', 'thumbnail': 'https://randomuser.me/api/portraits/thumb/men/36.jpg'}, 'nat': 'BR'}], 'info': {'seed': '301231e45d5e3380', 'results': 1, 'page': 1, 'version': '1.4'}}</msg>
<arg>${json_data}</arg>
<doc>Logs the given message with the given level.</doc>
<status status="PASS" start="2024-04-30T11:13:01.912485" elapsed="0.000331"/>
</kw>
<kw name="Should Be Equal As Numbers" owner="BuiltIn">
<arg>${json_data['results'][0]['location']['postcode']}</arg>
<arg>${json_data['results'][0]['location']['postcode']}</arg>
<doc>Fails if objects are unequal after converting them to real numbers.</doc>
<status status="PASS" start="2024-04-30T11:13:01.913259" elapsed="0.000913"/>
</kw>
<kw name="Log" owner="BuiltIn">
<msg time="2024-04-30T11:13:01.914723" level="INFO">49054</msg>
<arg>${json_data['results'][0]['location']['postcode']}</arg>
<doc>Logs the given message with the given level.</doc>
<status status="PASS" start="2024-04-30T11:13:01.914378" elapsed="0.000387"/>
</kw>
<status status="PASS" start="2024-04-30T11:13:01.815384" elapsed="0.099645"/>
</kw>
<doc>Testa se os tipos de dados na resposta da API estão corretos.</doc>
<tag>testeTiposDados</tag>
<status status="PASS" start="2024-04-30T11:13:01.738131" elapsed="0.177072"/>
</test>
<test id="s1-s1-t5" name="Validar conteudo" line="35">
<kw name="Teste de Tipos de Conteudo" owner="random-user-service">
<kw name="GET On Session" owner="RequestsLibrary">
<msg time="2024-04-30T11:13:02.021907" level="INFO">GET Request : url=https://randomuser.me/api 
 path_url=/api 
 headers={'User-Agent': 'python-requests/2.31.0', 'Accept-Encoding': 'gzip, deflate', 'Accept': '*/*', 'Connection': 'keep-alive'} 
 body=None 
 </msg>
<msg time="2024-04-30T11:13:02.022015" level="INFO">GET Response : url=https://randomuser.me/api 
 status=200, reason=OK 
 headers={'Date': 'Tue, 30 Apr 2024 11:13:02 GMT', 'Content-Type': 'application/json; charset=utf-8', 'Transfer-Encoding': 'chunked', 'Connection': 'keep-alive', 'X-Powered-By': 'Express', 'Access-Control-Allow-Origin': '*', 'Cache-Control': 'no-cache', 'ETag': 'W/"499-bIpmh9JrQrMaVAvza1JTi/Tx2tY"', 'Vary': 'Accept-Encoding', 'Content-Encoding': 'gzip', 'CF-Cache-Status': 'DYNAMIC', 'Report-To': '{"endpoints":[{"url":"https:\\/\\/a.nel.cloudflare.com\\/report\\/v4?s=Mg0WIEZ8NFJVp4kNHADAdGckbrxEEUfG5jX%2B4o9k%2B%2FG%2FQesXxd%2FgXqP3wA1e3jtdJDG7YGdQeLUTiqMzOojjJKn6uYLQkArVkAJTf9Dr%2B5cV9iFD8Ud2REHWPxjEbzR1"}],"group":"cf-nel","max_age":604800}', 'NEL': '{"success_fraction":0,"report_to":"cf-nel","max_age":604800}', 'Server': 'cloudflare', 'CF-RAY': '87c719a30a6d3b3b-IAD', 'alt-svc': 'h3=":443"; ma=86400'} 
 body={"results":[{"gender":"female","name":{"title":"Mrs","first":"Hertha","last":"Leinweber"},"location":{"street":{"number":5417,"name":"Jahnstraße"},"city":"Nauen","state":"Baden-Württemberg","country":"Germany","postcode":65971,"coordinates":{"latitude":"-47.7615","longitude":"154.8267"},"timezone":{"offset":"-1:00","description":"Azores, Cape Verde Islands"}},"email":"hertha.leinweber@example.com","login":{"uuid":"68968790-90e7-49b4-b6fa-137c977414c6","username":"redcat285","password":"weekend","salt":"c4CLRq0z","md5":"0f05316718661ed5ab40b4fff3ab6234","sha1":"216172d4eeae8c62cac372e38fd61a58302d7249","sha256":"41ff25e4d38d8658adc6a4fefc2d277c85a917c7418cb867b5c69fa8e7f46d08"},"dob":{"date":"1972-04-04T23:18:43.832Z","age":52},"registered":{"date":"2017-05-31T03:38:00.828Z","age":6},"phone":"0442-0274612","cell":"0171-2090790","id":{"name":"SVNR","value":"44 040472 L 992"},"picture":{"large":"https://randomuser.me/api/portraits/women/59.jpg","medium":"https://randomuser.me/api/portraits/med/women/59.jpg","thumbnail":"https://randomuser.me/api/portraits/thumb/women/59.jpg"},"nat":"DE"}],"info":{"seed":"5d5f6e81ef24b195","results":1,"page":1,"version":"1.4"}} 
 </msg>
<msg time="2024-04-30T11:13:02.022099" level="INFO">/opt/hostedtoolcache/Python/3.12.3/x64/lib/python3.12/site-packages/urllib3/connectionpool.py:1103: InsecureRequestWarning: Unverified HTTPS request is being made to host 'randomuser.me'. Adding certificate verification is strongly advised. See: https://urllib3.readthedocs.io/en/latest/advanced-usage.html#tls-warnings
  warnings.warn(</msg>
<msg time="2024-04-30T11:13:02.022235" level="INFO">${response} = &lt;Response [200]&gt;</msg>
<var>${response}</var>
<arg>consultarAPI</arg>
<arg>/api</arg>
<doc>Sends a GET request on a previously created HTTP Session.</doc>
<status status="PASS" start="2024-04-30T11:13:01.918173" elapsed="0.104111"/>
</kw>
<kw name="Set Variable" owner="BuiltIn">
<msg time="2024-04-30T11:13:02.023401" level="INFO">${json_data} = {'results': [{'gender': 'female', 'name': {'title': 'Mrs', 'first': 'Hertha', 'last': 'Leinweber'}, 'location': {'street': {'number': 5417, 'name': 'Jahnstraße'}, 'city': 'Nauen', 'state': 'Baden-Würt...</msg>
<var>${json_data}</var>
<arg>${response.json()}</arg>
<doc>Returns the given values which can then be assigned to a variables.</doc>
<status status="PASS" start="2024-04-30T11:13:02.022812" elapsed="0.000622"/>
</kw>
<kw name="Set Variable" owner="BuiltIn">
<msg time="2024-04-30T11:13:02.024181" level="INFO">${name_title} = Mrs</msg>
<var>${name_title}</var>
<arg>${json_data["results"][0]["name"]["title"]}</arg>
<doc>Returns the given values which can then be assigned to a variables.</doc>
<status status="PASS" start="2024-04-30T11:13:02.023774" elapsed="0.000433"/>
</kw>
<kw name="Create List" owner="BuiltIn">
<msg time="2024-04-30T11:13:02.024673" level="INFO">${allowed_titles} = ['Mr', 'Ms', 'Miss', 'Mrs', 'Madame', 'Monsieur']</msg>
<var>${allowed_titles}</var>
<arg>Mr</arg>
<arg>Ms</arg>
<arg>Miss</arg>
<arg>Mrs</arg>
<arg>Madame</arg>
<arg>Monsieur</arg>
<doc>Returns a list containing given items.</doc>
<status status="PASS" start="2024-04-30T11:13:02.024520" elapsed="0.000178"/>
</kw>
<kw name="List Should Contain Value" owner="Collections">
<msg time="2024-04-30T11:13:02.025182" level="INFO">False</msg>
<arg>${allowed_titles}</arg>
<arg>${name_title}</arg>
<doc>Fails if the ``value`` is not found from ``list``.</doc>
<status status="PASS" start="2024-04-30T11:13:02.025006" elapsed="0.000214"/>
</kw>
<kw name="Set Variable" owner="BuiltIn">
<msg time="2024-04-30T11:13:02.025890" level="INFO">${name_country} = DE</msg>
<var>${name_country}</var>
<arg>${json_data["results"][0]["nat"]}</arg>
<doc>Returns the given values which can then be assigned to a variables.</doc>
<status status="PASS" start="2024-04-30T11:13:02.025516" elapsed="0.000400"/>
</kw>
<kw name="Create List" owner="BuiltIn">
<msg time="2024-04-30T11:13:02.026805" level="INFO">${list_country} = ['AD', 'AE', 'AF', 'AG', 'AI', 'AL', 'AM', 'AO', 'AQ', 'AR', 'AS', 'AT', 'AU', 'AW', 'AX', 'AZ', 'BA', 'BB', 'BD', 'BE', 'BF', 'BG', 'BH', 'BI', 'BJ', 'BL', 'BM', 'BN', 'BO', 'BQ', 'BR', 'BS', 'BT', '...</msg>
<var>${list_country}</var>
<arg>AD</arg>
<arg>AE</arg>
<arg>AF</arg>
<arg>AG</arg>
<arg>AI</arg>
<arg>AL</arg>
<arg>AM</arg>
<arg>AO</arg>
<arg>AQ</arg>
<arg>AR</arg>
<arg>AS</arg>
<arg>AT</arg>
<arg>AU</arg>
<arg>AW</arg>
<arg>AX</arg>
<arg>AZ</arg>
<arg>BA</arg>
<arg>BB</arg>
<arg>BD</arg>
<arg>BE</arg>
<arg>BF</arg>
<arg>BG</arg>
<arg>BH</arg>
<arg>BI</arg>
<arg>BJ</arg>
<arg>BL</arg>
<arg>BM</arg>
<arg>BN</arg>
<arg>BO</arg>
<arg>BQ</arg>
<arg>BR</arg>
<arg>BS</arg>
<arg>BT</arg>
<arg>BV</arg>
<arg>BW</arg>
<arg>BY</arg>
<arg>BZ</arg>
<arg>CA</arg>
<arg>CC</arg>
<arg>CD</arg>
<arg>CF</arg>
<arg>CG</arg>
<arg>CH</arg>
<arg>CI</arg>
<arg>CK</arg>
<arg>CL</arg>
<arg>CM</arg>
<arg>CN</arg>
<arg>CO</arg>
<arg>CR</arg>
<arg>CU</arg>
<arg>CV</arg>
<arg>CW</arg>
<arg>CX</arg>
<arg>CY</arg>
<arg>CZ</arg>
<arg>DE</arg>
<arg>DJ</arg>
<arg>DK</arg>
<arg>DM</arg>
<arg>DO</arg>
<arg>DZ</arg>
<arg>EC</arg>
<arg>EE</arg>
<arg>EG</arg>
<arg>EH</arg>
<arg>ER</arg>
<arg>ES</arg>
<arg>ET</arg>
<arg>FI</arg>
<arg>FJ</arg>
<arg>FK</arg>
<arg>FM</arg>
<arg>FO</arg>
<arg>FR</arg>
<arg>GA</arg>
<arg>GB</arg>
<arg>GD</arg>
<arg>GE</arg>
<arg>GF</arg>
<arg>GG</arg>
<arg>GH</arg>
<arg>GI</arg>
<arg>GL</arg>
<arg>GM</arg>
<arg>GN</arg>
<arg>GP</arg>
<arg>GQ</arg>
<arg>GR</arg>
<arg>GS</arg>
<arg>GT</arg>
<arg>GU</arg>
<arg>GW</arg>
<arg>GY</arg>
<arg>HK</arg>
<arg>HM</arg>
<arg>HN</arg>
<arg>HR</arg>
<arg>HT</arg>
<arg>HU</arg>
<arg>ID</arg>
<arg>IE</arg>
<arg>IL</arg>
<arg>IM</arg>
<arg>IN</arg>
<arg>IO</arg>
<arg>IQ</arg>
<arg>IR</arg>
<arg>IS</arg>
<arg>IT</arg>
<arg>JE</arg>
<arg>JM</arg>
<arg>JO</arg>
<arg>JP</arg>
<arg>KE</arg>
<arg>KG</arg>
<arg>KH</arg>
<arg>KI</arg>
<arg>KM</arg>
<arg>KN</arg>
<arg>KP</arg>
<arg>KR</arg>
<arg>KW</arg>
<arg>KY</arg>
<arg>KZ</arg>
<arg>LA</arg>
<arg>LB</arg>
<arg>LC</arg>
<arg>LI</arg>
<arg>LK</arg>
<arg>LR</arg>
<arg>LS</arg>
<arg>LT</arg>
<arg>LU</arg>
<arg>LV</arg>
<arg>LY</arg>
<arg>MA</arg>
<arg>MC</arg>
<arg>MD</arg>
<arg>ME</arg>
<arg>MF</arg>
<arg>MG</arg>
<arg>MH</arg>
<arg>MK</arg>
<arg>ML</arg>
<arg>MM</arg>
<arg>MN</arg>
<arg>MO</arg>
<arg>MP</arg>
<arg>MQ</arg>
<arg>MR</arg>
<arg>MS</arg>
<arg>MT</arg>
<arg>MU</arg>
<arg>MV</arg>
<arg>MW</arg>
<arg>MX</arg>
<arg>MY</arg>
<arg>MZ</arg>
<arg>NA</arg>
<arg>NC</arg>
<arg>NE</arg>
<arg>NF</arg>
<arg>NG</arg>
<arg>NI</arg>
<arg>NL</arg>
<arg>NO</arg>
<arg>NP</arg>
<arg>NR</arg>
<arg>NU</arg>
<arg>NZ</arg>
<arg>OM</arg>
<arg>PA</arg>
<arg>PE</arg>
<arg>PF</arg>
<arg>PG</arg>
<arg>PH</arg>
<arg>PK</arg>
<arg>PL</arg>
<arg>PM</arg>
<arg>PN</arg>
<arg>PR</arg>
<arg>PS</arg>
<arg>PT</arg>
<arg>PW</arg>
<arg>PY</arg>
<arg>QA</arg>
<arg>RE</arg>
<arg>RO</arg>
<arg>RS</arg>
<arg>RU</arg>
<arg>RW</arg>
<arg>SA</arg>
<arg>SB</arg>
<arg>SC</arg>
<arg>SD</arg>
<arg>SE</arg>
<arg>SG</arg>
<arg>SH</arg>
<arg>SI</arg>
<arg>SJ</arg>
<arg>SK</arg>
<arg>SL</arg>
<arg>SM</arg>
<arg>SN</arg>
<arg>SO</arg>
<arg>SR</arg>
<arg>SS</arg>
<arg>ST</arg>
<arg>SV</arg>
<arg>SX</arg>
<arg>SY</arg>
<arg>SZ</arg>
<arg>TC</arg>
<arg>TD</arg>
<arg>TF</arg>
<arg>TG</arg>
<arg>TH</arg>
<arg>TJ</arg>
<arg>TK</arg>
<arg>TL</arg>
<arg>TM</arg>
<arg>TN</arg>
<arg>TO</arg>
<arg>TR</arg>
<arg>TT</arg>
<arg>TV</arg>
<arg>TW</arg>
<arg>TZ</arg>
<arg>UA</arg>
<arg>UG</arg>
<arg>UM</arg>
<arg>US</arg>
<arg>UY</arg>
<arg>UZ</arg>
<arg>VA</arg>
<arg>VC</arg>
<arg>VE</arg>
<arg>VG</arg>
<arg>VI</arg>
<arg>VN</arg>
<arg>VU</arg>
<arg>WF</arg>
<arg>WS</arg>
<arg>XK</arg>
<arg>YE</arg>
<arg>YT</arg>
<arg>ZA</arg>
<arg>ZM</arg>
<arg>ZW</arg>
<doc>Returns a list containing given items.</doc>
<status status="PASS" start="2024-04-30T11:13:02.026221" elapsed="0.000609"/>
</kw>
<kw name="List Should Contain Value" owner="Collections">
<msg time="2024-04-30T11:13:02.027852" level="INFO">False</msg>
<arg>${list_country}</arg>
<arg>${name_country}</arg>
<doc>Fails if the ``value`` is not found from ``list``.</doc>
<status status="PASS" start="2024-04-30T11:13:02.027650" elapsed="0.000238"/>
</kw>
<kw name="Run Keyword If" owner="BuiltIn">
<kw name="Should Be True" owner="BuiltIn">
<arg>${True}</arg>
<doc>Fails if the given condition is not true.</doc>
<status status="PASS" start="2024-04-30T11:13:02.028958" elapsed="0.000144"/>
</kw>
<arg>${json_data["results"][0]["location"]["coordinates"]["latitude"]} &gt;= -90 and ${json_data["results"][0]["location"]["coordinates"]["latitude"]} &lt;= 90</arg>
<arg>Should Be True</arg>
<arg>${True}</arg>
<doc>Runs the given keyword with the given arguments, if ``condition`` is true.</doc>
<status status="PASS" start="2024-04-30T11:13:02.028204" elapsed="0.001024"/>
</kw>
<kw name="Run Keyword If" owner="BuiltIn">
<kw name="Should Be True" owner="BuiltIn">
<arg>${True}</arg>
<doc>Fails if the given condition is not true.</doc>
<status status="PASS" start="2024-04-30T11:13:02.030127" elapsed="0.000257"/>
</kw>
<arg>${json_data["results"][0]["location"]["coordinates"]["longitude"]} &gt;= -180 and ${json_data["results"][0]["location"]["coordinates"]["longitude"]} &lt;= 180</arg>
<arg>Should Be True</arg>
<arg>${True}</arg>
<doc>Runs the given keyword with the given arguments, if ``condition`` is true.</doc>
<status status="PASS" start="2024-04-30T11:13:02.029413" elapsed="0.001098"/>
</kw>
<status status="PASS" start="2024-04-30T11:13:01.917936" elapsed="0.112711"/>
</kw>
<doc>Testa o conteúdo específico dos campos retornados pela API.</doc>
<tag>testeConteudo</tag>
<status status="PASS" start="2024-04-30T11:13:01.917393" elapsed="0.113421"/>
</test>
<status status="PASS" start="2024-04-30T11:13:01.229215" elapsed="0.803599"/>
</suite>
<status status="PASS" start="2024-04-30T11:13:01.215663" elapsed="0.822289"/>
</suite>
<statistics>
<total>
<stat pass="5" fail="0" skip="0">All Tests</stat>
</total>
<tag>
<stat pass="1" fail="0" skip="0">testeConteudo</stat>
<stat pass="1" fail="0" skip="0">testeEstruturaResposta</stat>
<stat pass="1" fail="0" skip="0">testeRequisicaoBasica</stat>
<stat pass="1" fail="0" skip="0">testeTiposDados</stat>
</tag>
<suite>
<stat pass="5" fail="0" skip="0" id="s1" name="Tests">Tests</stat>
<stat pass="5" fail="0" skip="0" id="s1-s1" name="Random-User-Test">Tests.Random-User-Test</stat>
</suite>
</statistics>
<errors>
</errors>
</robot>
