<?xml version="1.0" encoding="UTF-8"?>
<robot generator="Robot 7.0 (Python 3.12.2 on linux)" generated="2024-03-25T23:15:07.123537" rpa="false" schemaversion="5">
<suite id="s1" name="Tests" source="/home/runner/work/DesafioQAItauRogerioJordao/DesafioQAItauRogerioJordao/RamdonUser/tests">
<suite id="s1-s1" name="Random-User-Test" source="/home/runner/work/DesafioQAItauRogerioJordao/DesafioQAItauRogerioJordao/RamdonUser/tests/random-user-test.robot">
<test id="s1-s1-t1" name="Conectar" line="13">
<kw name="Conectar API" owner="random-user-service">
<kw name="Create Session" owner="RequestsLibrary">
<msg time="2024-03-25T23:15:07.474357" level="INFO">Creating Session using : alias=consultarAPI, url=https://randomuser.me/, headers={},                     cookies={}, auth=None, timeout=None, proxies=None, verify=False,                     debug=0 </msg>
<arg>consultarAPI</arg>
<arg>${URL}</arg>
<doc>Create Session: create a HTTP session to a server</doc>
<status status="PASS" start="2024-03-25T23:15:07.474154" elapsed="0.000389"/>
</kw>
<status status="PASS" start="2024-03-25T23:15:07.473055" elapsed="0.001851"/>
</kw>
<status status="PASS" start="2024-03-25T23:15:07.472515" elapsed="0.002593"/>
</test>
<test id="s1-s1-t2" name="Validar retorno 200 e JSON Válido" line="16">
<kw name="Teste de Requisicao Basica" owner="random-user-service">
<kw name="GET On Session" owner="RequestsLibrary">
<msg time="2024-03-25T23:15:07.570141" level="INFO">GET Request : url=https://randomuser.me/api 
 path_url=/api 
 headers={'User-Agent': 'python-requests/2.31.0', 'Accept-Encoding': 'gzip, deflate', 'Accept': '*/*', 'Connection': 'keep-alive'} 
 body=None 
 </msg>
<msg time="2024-03-25T23:15:07.570261" level="INFO">GET Response : url=https://randomuser.me/api 
 status=200, reason=OK 
 headers={'Date': 'Mon, 25 Mar 2024 23:15:07 GMT', 'Content-Type': 'application/json; charset=utf-8', 'Transfer-Encoding': 'chunked', 'Connection': 'keep-alive', 'X-Powered-By': 'Express', 'Access-Control-Allow-Origin': '*', 'Cache-Control': 'no-cache', 'ETag': 'W/"495-tJl7fQcew11TDkFBvHnP7twHI5g"', 'Vary': 'Accept-Encoding', 'Content-Encoding': 'gzip', 'CF-Cache-Status': 'DYNAMIC', 'Report-To': '{"endpoints":[{"url":"https:\\/\\/a.nel.cloudflare.com\\/report\\/v4?s=dH%2Fa52tFaLT2yPM46RpY3RcTBrtc1CUch9JBmdmbqPytQ7AdsjxNiTgE2ah%2BUUfdydVtaGgFn04qQN9VfV5WxZTKSrYCMlZXVqG5IlBCO4qnh4adfo6rQOixsKQ%2FhYNp"}],"group":"cf-nel","max_age":604800}', 'NEL': '{"success_fraction":0,"report_to":"cf-nel","max_age":604800}', 'Server': 'cloudflare', 'CF-RAY': '86a299e3f91259f2-IAD', 'alt-svc': 'h3=":443"; ma=86400'} 
 body={"results":[{"gender":"female","name":{"title":"Mrs","first":"Luz","last":"Martin"},"location":{"street":{"number":3234,"name":"Calle de Atocha"},"city":"Cuenca","state":"Comunidad Valenciana","country":"Spain","postcode":66947,"coordinates":{"latitude":"-33.3290","longitude":"81.5249"},"timezone":{"offset":"+10:00","description":"Eastern Australia, Guam, Vladivostok"}},"email":"luz.martin@example.com","login":{"uuid":"985f5639-aa89-47c9-a306-e2fd18e97cc1","username":"happywolf219","password":"98765","salt":"OHKEYJ5o","md5":"6aae082275d496418d8b1fcc86613ef0","sha1":"3f7c121ceda9c6b257dc61e641be21200ba51e85","sha256":"6b6057582382f6275934b4e6c7c09828ea1b9775617a49d9ba673171b952332c"},"dob":{"date":"2000-07-29T13:40:25.557Z","age":23},"registered":{"date":"2019-09-14T13:59:52.334Z","age":4},"phone":"959-547-717","cell":"679-968-029","id":{"name":"DNI","value":"03422169-F"},"picture":{"large":"https://randomuser.me/api/portraits/women/11.jpg","medium":"https://randomuser.me/api/portraits/med/women/11.jpg","thumbnail":"https://randomuser.me/api/portraits/thumb/women/11.jpg"},"nat":"ES"}],"info":{"seed":"2e663105f9143a9a","results":1,"page":1,"version":"1.4"}} 
 </msg>
<msg time="2024-03-25T23:15:07.570357" level="INFO">/opt/hostedtoolcache/Python/3.12.2/x64/lib/python3.12/site-packages/urllib3/connectionpool.py:1103: InsecureRequestWarning: Unverified HTTPS request is being made to host 'randomuser.me'. Adding certificate verification is strongly advised. See: https://urllib3.readthedocs.io/en/latest/advanced-usage.html#tls-warnings
  warnings.warn(</msg>
<msg time="2024-03-25T23:15:07.570476" level="INFO">${response} = &lt;Response [200]&gt;</msg>
<var>${response}</var>
<arg>consultarAPI</arg>
<arg>/api</arg>
<doc>Sends a GET request on a previously created HTTP Session.</doc>
<status status="PASS" start="2024-03-25T23:15:07.477658" elapsed="0.092859"/>
</kw>
<kw name="Should Be Equal As Numbers" owner="BuiltIn">
<msg time="2024-03-25T23:15:07.571396" level="INFO">Argument types are:
&lt;class 'int'&gt;
&lt;class 'str'&gt;</msg>
<arg>${response.status_code}</arg>
<arg>200</arg>
<doc>Fails if objects are unequal after converting them to real numbers.</doc>
<status status="PASS" start="2024-03-25T23:15:07.570968" elapsed="0.000491"/>
</kw>
<kw name="Log" owner="BuiltIn">
<msg time="2024-03-25T23:15:07.572136" level="INFO">200</msg>
<arg>${response.status_code}</arg>
<doc>Logs the given message with the given level.</doc>
<status status="PASS" start="2024-03-25T23:15:07.571776" elapsed="0.000403"/>
</kw>
<kw name="Set Variable" owner="BuiltIn">
<msg time="2024-03-25T23:15:07.572948" level="INFO">${json_data} = {'results': [{'gender': 'female', 'name': {'title': 'Mrs', 'first': 'Luz', 'last': 'Martin'}, 'location': {'street': {'number': 3234, 'name': 'Calle de Atocha'}, 'city': 'Cuenca', 'state': 'Comunidad ...</msg>
<var>${json_data}</var>
<arg>${response.json()}</arg>
<doc>Returns the given values which can then be assigned to a variables.</doc>
<status status="PASS" start="2024-03-25T23:15:07.572506" elapsed="0.000470"/>
</kw>
<kw name="Dictionary Should Contain Key" owner="Collections">
<msg time="2024-03-25T23:15:07.573487" level="INFO">False</msg>
<arg>${json_data}</arg>
<arg>results</arg>
<doc>Fails if ``key`` is not found from ``dictionary``.</doc>
<status status="PASS" start="2024-03-25T23:15:07.573310" elapsed="0.000216"/>
</kw>
<status status="PASS" start="2024-03-25T23:15:07.477407" elapsed="0.096377"/>
</kw>
<doc>Testa se a API responde corretamente e retorna um objeto JSON válido.</doc>
<tag>testeRequisicaoBasica</tag>
<status status="PASS" start="2024-03-25T23:15:07.476930" elapsed="0.097037"/>
</test>
<test id="s1-s1-t3" name="Validar estrutura de resposta" line="22">
<kw name="Teste de Estrutura de Resposta" owner="random-user-service">
<kw name="GET On Session" owner="RequestsLibrary">
<msg time="2024-03-25T23:15:07.664333" level="INFO">GET Request : url=https://randomuser.me/api 
 path_url=/api 
 headers={'User-Agent': 'python-requests/2.31.0', 'Accept-Encoding': 'gzip, deflate', 'Accept': '*/*', 'Connection': 'keep-alive'} 
 body=None 
 </msg>
<msg time="2024-03-25T23:15:07.664404" level="INFO">GET Response : url=https://randomuser.me/api 
 status=200, reason=OK 
 headers={'Date': 'Mon, 25 Mar 2024 23:15:07 GMT', 'Content-Type': 'application/json; charset=utf-8', 'Transfer-Encoding': 'chunked', 'Connection': 'keep-alive', 'X-Powered-By': 'Express', 'Access-Control-Allow-Origin': '*', 'Cache-Control': 'no-cache', 'ETag': 'W/"4a0-LD3+rYcitPpAJMwaqhdIgCVZ/H8"', 'Vary': 'Accept-Encoding', 'Content-Encoding': 'gzip', 'CF-Cache-Status': 'DYNAMIC', 'Report-To': '{"endpoints":[{"url":"https:\\/\\/a.nel.cloudflare.com\\/report\\/v4?s=vZRpoFN7oRLlvF1sxNwycB5cQJOBowgBD8AlHNz%2B45fFLy%2FtuH%2FilLD17P5k09p8Isn4eQy%2F%2F1VNuXXtZqSnyC7WMOtBo%2FJDr%2FCgJDIJSs%2BJz9qbGQW26os%2BQtR8zCQV"}],"group":"cf-nel","max_age":604800}', 'NEL': '{"success_fraction":0,"report_to":"cf-nel","max_age":604800}', 'Server': 'cloudflare', 'CF-RAY': '86a299e4696f59f2-IAD', 'alt-svc': 'h3=":443"; ma=86400'} 
 body={"results":[{"gender":"male","name":{"title":"Mr","first":"Samatar","last":"Sietsma"},"location":{"street":{"number":7889,"name":"Baroniepad"},"city":"Budel-Dorplein","state":"Noord-Brabant","country":"Netherlands","postcode":"0155 BG","coordinates":{"latitude":"36.7481","longitude":"-6.6454"},"timezone":{"offset":"+11:00","description":"Magadan, Solomon Islands, New Caledonia"}},"email":"samatar.sietsma@example.com","login":{"uuid":"cafc1285-853f-468b-8494-49a04d923b9b","username":"organicfish336","password":"cowboy","salt":"Gvl7xFTp","md5":"b49e5c2f4ab3ee4a27e72a9e989486d2","sha1":"01c67ec9bae5acaa42ae58afabe6c5abeff2471f","sha256":"dd02ef97bd1abf067a2c9ec601f1d1742e694d71f424c5e2b21c05d7e3866b03"},"dob":{"date":"1977-11-24T10:07:53.216Z","age":46},"registered":{"date":"2015-04-28T03:44:11.438Z","age":8},"phone":"(0871) 956712","cell":"(06) 53026377","id":{"name":"BSN","value":"75308913"},"picture":{"large":"https://randomuser.me/api/portraits/men/4.jpg","medium":"https://randomuser.me/api/portraits/med/men/4.jpg","thumbnail":"https://randomuser.me/api/portraits/thumb/men/4.jpg"},"nat":"NL"}],"info":{"seed":"82e31895110eeb85","results":1,"page":1,"version":"1.4"}} 
 </msg>
<msg time="2024-03-25T23:15:07.664516" level="INFO">/opt/hostedtoolcache/Python/3.12.2/x64/lib/python3.12/site-packages/urllib3/connectionpool.py:1103: InsecureRequestWarning: Unverified HTTPS request is being made to host 'randomuser.me'. Adding certificate verification is strongly advised. See: https://urllib3.readthedocs.io/en/latest/advanced-usage.html#tls-warnings
  warnings.warn(</msg>
<msg time="2024-03-25T23:15:07.664617" level="INFO">${response} = &lt;Response [200]&gt;</msg>
<var>${response}</var>
<arg>consultarAPI</arg>
<arg>/api</arg>
<doc>Sends a GET request on a previously created HTTP Session.</doc>
<status status="PASS" start="2024-03-25T23:15:07.577126" elapsed="0.087519"/>
</kw>
<kw name="Set Variable" owner="BuiltIn">
<msg time="2024-03-25T23:15:07.665579" level="INFO">${json_data} = {'results': [{'gender': 'male', 'name': {'title': 'Mr', 'first': 'Samatar', 'last': 'Sietsma'}, 'location': {'street': {'number': 7889, 'name': 'Baroniepad'}, 'city': 'Budel-Dorplein', 'state': 'Noord...</msg>
<var>${json_data}</var>
<arg>${response.json()}</arg>
<doc>Returns the given values which can then be assigned to a variables.</doc>
<status status="PASS" start="2024-03-25T23:15:07.665057" elapsed="0.000551"/>
</kw>
<kw name="Log" owner="BuiltIn">
<msg time="2024-03-25T23:15:07.666078" level="INFO">{'results': [{'gender': 'male', 'name': {'title': 'Mr', 'first': 'Samatar', 'last': 'Sietsma'}, 'location': {'street': {'number': 7889, 'name': 'Baroniepad'}, 'city': 'Budel-Dorplein', 'state': 'Noord-Brabant', 'country': 'Netherlands', 'postcode': '0155 BG', 'coordinates': {'latitude': '36.7481', 'longitude': '-6.6454'}, 'timezone': {'offset': '+11:00', 'description': 'Magadan, Solomon Islands, New Caledonia'}}, 'email': 'samatar.sietsma@example.com', 'login': {'uuid': 'cafc1285-853f-468b-8494-49a04d923b9b', 'username': 'organicfish336', 'password': 'cowboy', 'salt': 'Gvl7xFTp', 'md5': 'b49e5c2f4ab3ee4a27e72a9e989486d2', 'sha1': '01c67ec9bae5acaa42ae58afabe6c5abeff2471f', 'sha256': 'dd02ef97bd1abf067a2c9ec601f1d1742e694d71f424c5e2b21c05d7e3866b03'}, 'dob': {'date': '1977-11-24T10:07:53.216Z', 'age': 46}, 'registered': {'date': '2015-04-28T03:44:11.438Z', 'age': 8}, 'phone': '(0871) 956712', 'cell': '(06) 53026377', 'id': {'name': 'BSN', 'value': '75308913'}, 'picture': {'large': 'https://randomuser.me/api/portraits/men/4.jpg', 'medium': 'https://randomuser.me/api/portraits/med/men/4.jpg', 'thumbnail': 'https://randomuser.me/api/portraits/thumb/men/4.jpg'}, 'nat': 'NL'}], 'info': {'seed': '82e31895110eeb85', 'results': 1, 'page': 1, 'version': '1.4'}}</msg>
<arg>${json_data}</arg>
<doc>Logs the given message with the given level.</doc>
<status status="PASS" start="2024-03-25T23:15:07.665919" elapsed="0.000207"/>
</kw>
<kw name="Dictionary Should Contain Key" owner="Collections">
<msg time="2024-03-25T23:15:07.666578" level="INFO">False</msg>
<arg>${json_data}</arg>
<arg>results</arg>
<doc>Fails if ``key`` is not found from ``dictionary``.</doc>
<status status="PASS" start="2024-03-25T23:15:07.666424" elapsed="0.000192"/>
</kw>
<kw name="Should Not Be Empty" owner="BuiltIn">
<msg time="2024-03-25T23:15:07.667046" level="INFO">Length is 2.</msg>
<arg>${json_data}</arg>
<doc>Verifies that the given item is not empty.</doc>
<status status="PASS" start="2024-03-25T23:15:07.666912" elapsed="0.000173"/>
</kw>
<kw name="Create List" owner="BuiltIn">
<msg time="2024-03-25T23:15:07.667535" level="INFO">${expected_keys} = ['gender', 'name', 'location', 'email', 'login']</msg>
<var>${expected_keys}</var>
<arg>gender</arg>
<arg>name</arg>
<arg>location</arg>
<arg>email</arg>
<arg>login</arg>
<doc>Returns a list containing given items.</doc>
<status status="PASS" start="2024-03-25T23:15:07.667378" elapsed="0.000182"/>
</kw>
<for flavor="IN">
<iter>
<kw name="Dictionary Should Contain Key" owner="Collections">
<msg time="2024-03-25T23:15:07.668543" level="INFO">False</msg>
<arg>${json_data['results'][0]}</arg>
<arg>${key}</arg>
<doc>Fails if ``key`` is not found from ``dictionary``.</doc>
<status status="PASS" start="2024-03-25T23:15:07.668129" elapsed="0.000453"/>
</kw>
<kw name="Log" owner="BuiltIn">
<msg time="2024-03-25T23:15:07.669286" level="INFO">{'gender': 'male', 'name': {'title': 'Mr', 'first': 'Samatar', 'last': 'Sietsma'}, 'location': {'street': {'number': 7889, 'name': 'Baroniepad'}, 'city': 'Budel-Dorplein', 'state': 'Noord-Brabant', 'country': 'Netherlands', 'postcode': '0155 BG', 'coordinates': {'latitude': '36.7481', 'longitude': '-6.6454'}, 'timezone': {'offset': '+11:00', 'description': 'Magadan, Solomon Islands, New Caledonia'}}, 'email': 'samatar.sietsma@example.com', 'login': {'uuid': 'cafc1285-853f-468b-8494-49a04d923b9b', 'username': 'organicfish336', 'password': 'cowboy', 'salt': 'Gvl7xFTp', 'md5': 'b49e5c2f4ab3ee4a27e72a9e989486d2', 'sha1': '01c67ec9bae5acaa42ae58afabe6c5abeff2471f', 'sha256': 'dd02ef97bd1abf067a2c9ec601f1d1742e694d71f424c5e2b21c05d7e3866b03'}, 'dob': {'date': '1977-11-24T10:07:53.216Z', 'age': 46}, 'registered': {'date': '2015-04-28T03:44:11.438Z', 'age': 8}, 'phone': '(0871) 956712', 'cell': '(06) 53026377', 'id': {'name': 'BSN', 'value': '75308913'}, 'picture': {'large': 'https://randomuser.me/api/portraits/men/4.jpg', 'medium': 'https://randomuser.me/api/portraits/med/men/4.jpg', 'thumbnail': 'https://randomuser.me/api/portraits/thumb/men/4.jpg'}, 'nat': 'NL'}</msg>
<arg>${json_data['results'][0]}</arg>
<doc>Logs the given message with the given level.</doc>
<status status="PASS" start="2024-03-25T23:15:07.668889" elapsed="0.000458"/>
</kw>
<kw name="Log" owner="BuiltIn">
<msg time="2024-03-25T23:15:07.669787" level="INFO">gender</msg>
<arg>${key}</arg>
<doc>Logs the given message with the given level.</doc>
<status status="PASS" start="2024-03-25T23:15:07.669655" elapsed="0.000178"/>
</kw>
<var name="${key}">gender</var>
<status status="PASS" start="2024-03-25T23:15:07.668008" elapsed="0.002047"/>
</iter>
<iter>
<kw name="Dictionary Should Contain Key" owner="Collections">
<msg time="2024-03-25T23:15:07.670755" level="INFO">False</msg>
<arg>${json_data['results'][0]}</arg>
<arg>${key}</arg>
<doc>Fails if ``key`` is not found from ``dictionary``.</doc>
<status status="PASS" start="2024-03-25T23:15:07.670368" elapsed="0.000424"/>
</kw>
<kw name="Log" owner="BuiltIn">
<msg time="2024-03-25T23:15:07.671489" level="INFO">{'gender': 'male', 'name': {'title': 'Mr', 'first': 'Samatar', 'last': 'Sietsma'}, 'location': {'street': {'number': 7889, 'name': 'Baroniepad'}, 'city': 'Budel-Dorplein', 'state': 'Noord-Brabant', 'country': 'Netherlands', 'postcode': '0155 BG', 'coordinates': {'latitude': '36.7481', 'longitude': '-6.6454'}, 'timezone': {'offset': '+11:00', 'description': 'Magadan, Solomon Islands, New Caledonia'}}, 'email': 'samatar.sietsma@example.com', 'login': {'uuid': 'cafc1285-853f-468b-8494-49a04d923b9b', 'username': 'organicfish336', 'password': 'cowboy', 'salt': 'Gvl7xFTp', 'md5': 'b49e5c2f4ab3ee4a27e72a9e989486d2', 'sha1': '01c67ec9bae5acaa42ae58afabe6c5abeff2471f', 'sha256': 'dd02ef97bd1abf067a2c9ec601f1d1742e694d71f424c5e2b21c05d7e3866b03'}, 'dob': {'date': '1977-11-24T10:07:53.216Z', 'age': 46}, 'registered': {'date': '2015-04-28T03:44:11.438Z', 'age': 8}, 'phone': '(0871) 956712', 'cell': '(06) 53026377', 'id': {'name': 'BSN', 'value': '75308913'}, 'picture': {'large': 'https://randomuser.me/api/portraits/men/4.jpg', 'medium': 'https://randomuser.me/api/portraits/med/men/4.jpg', 'thumbnail': 'https://randomuser.me/api/portraits/thumb/men/4.jpg'}, 'nat': 'NL'}</msg>
<arg>${json_data['results'][0]}</arg>
<doc>Logs the given message with the given level.</doc>
<status status="PASS" start="2024-03-25T23:15:07.671124" elapsed="0.000414"/>
</kw>
<kw name="Log" owner="BuiltIn">
<msg time="2024-03-25T23:15:07.671970" level="INFO">name</msg>
<arg>${key}</arg>
<doc>Logs the given message with the given level.</doc>
<status status="PASS" start="2024-03-25T23:15:07.671840" elapsed="0.000168"/>
</kw>
<var name="${key}">name</var>
<status status="PASS" start="2024-03-25T23:15:07.670245" elapsed="0.001983"/>
</iter>
<iter>
<kw name="Dictionary Should Contain Key" owner="Collections">
<msg time="2024-03-25T23:15:07.672920" level="INFO">False</msg>
<arg>${json_data['results'][0]}</arg>
<arg>${key}</arg>
<doc>Fails if ``key`` is not found from ``dictionary``.</doc>
<status status="PASS" start="2024-03-25T23:15:07.672541" elapsed="0.000417"/>
</kw>
<kw name="Log" owner="BuiltIn">
<msg time="2024-03-25T23:15:07.673671" level="INFO">{'gender': 'male', 'name': {'title': 'Mr', 'first': 'Samatar', 'last': 'Sietsma'}, 'location': {'street': {'number': 7889, 'name': 'Baroniepad'}, 'city': 'Budel-Dorplein', 'state': 'Noord-Brabant', 'country': 'Netherlands', 'postcode': '0155 BG', 'coordinates': {'latitude': '36.7481', 'longitude': '-6.6454'}, 'timezone': {'offset': '+11:00', 'description': 'Magadan, Solomon Islands, New Caledonia'}}, 'email': 'samatar.sietsma@example.com', 'login': {'uuid': 'cafc1285-853f-468b-8494-49a04d923b9b', 'username': 'organicfish336', 'password': 'cowboy', 'salt': 'Gvl7xFTp', 'md5': 'b49e5c2f4ab3ee4a27e72a9e989486d2', 'sha1': '01c67ec9bae5acaa42ae58afabe6c5abeff2471f', 'sha256': 'dd02ef97bd1abf067a2c9ec601f1d1742e694d71f424c5e2b21c05d7e3866b03'}, 'dob': {'date': '1977-11-24T10:07:53.216Z', 'age': 46}, 'registered': {'date': '2015-04-28T03:44:11.438Z', 'age': 8}, 'phone': '(0871) 956712', 'cell': '(06) 53026377', 'id': {'name': 'BSN', 'value': '75308913'}, 'picture': {'large': 'https://randomuser.me/api/portraits/men/4.jpg', 'medium': 'https://randomuser.me/api/portraits/med/men/4.jpg', 'thumbnail': 'https://randomuser.me/api/portraits/thumb/men/4.jpg'}, 'nat': 'NL'}</msg>
<arg>${json_data['results'][0]}</arg>
<doc>Logs the given message with the given level.</doc>
<status status="PASS" start="2024-03-25T23:15:07.673294" elapsed="0.000429"/>
</kw>
<kw name="Log" owner="BuiltIn">
<msg time="2024-03-25T23:15:07.674151" level="INFO">location</msg>
<arg>${key}</arg>
<doc>Logs the given message with the given level.</doc>
<status status="PASS" start="2024-03-25T23:15:07.674022" elapsed="0.000168"/>
</kw>
<var name="${key}">location</var>
<status status="PASS" start="2024-03-25T23:15:07.672429" elapsed="0.001978"/>
</iter>
<iter>
<kw name="Dictionary Should Contain Key" owner="Collections">
<msg time="2024-03-25T23:15:07.675073" level="INFO">False</msg>
<arg>${json_data['results'][0]}</arg>
<arg>${key}</arg>
<doc>Fails if ``key`` is not found from ``dictionary``.</doc>
<status status="PASS" start="2024-03-25T23:15:07.674695" elapsed="0.000415"/>
</kw>
<kw name="Log" owner="BuiltIn">
<msg time="2024-03-25T23:15:07.675768" level="INFO">{'gender': 'male', 'name': {'title': 'Mr', 'first': 'Samatar', 'last': 'Sietsma'}, 'location': {'street': {'number': 7889, 'name': 'Baroniepad'}, 'city': 'Budel-Dorplein', 'state': 'Noord-Brabant', 'country': 'Netherlands', 'postcode': '0155 BG', 'coordinates': {'latitude': '36.7481', 'longitude': '-6.6454'}, 'timezone': {'offset': '+11:00', 'description': 'Magadan, Solomon Islands, New Caledonia'}}, 'email': 'samatar.sietsma@example.com', 'login': {'uuid': 'cafc1285-853f-468b-8494-49a04d923b9b', 'username': 'organicfish336', 'password': 'cowboy', 'salt': 'Gvl7xFTp', 'md5': 'b49e5c2f4ab3ee4a27e72a9e989486d2', 'sha1': '01c67ec9bae5acaa42ae58afabe6c5abeff2471f', 'sha256': 'dd02ef97bd1abf067a2c9ec601f1d1742e694d71f424c5e2b21c05d7e3866b03'}, 'dob': {'date': '1977-11-24T10:07:53.216Z', 'age': 46}, 'registered': {'date': '2015-04-28T03:44:11.438Z', 'age': 8}, 'phone': '(0871) 956712', 'cell': '(06) 53026377', 'id': {'name': 'BSN', 'value': '75308913'}, 'picture': {'large': 'https://randomuser.me/api/portraits/men/4.jpg', 'medium': 'https://randomuser.me/api/portraits/med/men/4.jpg', 'thumbnail': 'https://randomuser.me/api/portraits/thumb/men/4.jpg'}, 'nat': 'NL'}</msg>
<arg>${json_data['results'][0]}</arg>
<doc>Logs the given message with the given level.</doc>
<status status="PASS" start="2024-03-25T23:15:07.675409" elapsed="0.000407"/>
</kw>
<kw name="Log" owner="BuiltIn">
<msg time="2024-03-25T23:15:07.676235" level="INFO">email</msg>
<arg>${key}</arg>
<doc>Logs the given message with the given level.</doc>
<status status="PASS" start="2024-03-25T23:15:07.676109" elapsed="0.000164"/>
</kw>
<var name="${key}">email</var>
<status status="PASS" start="2024-03-25T23:15:07.674583" elapsed="0.001910"/>
</iter>
<iter>
<kw name="Dictionary Should Contain Key" owner="Collections">
<msg time="2024-03-25T23:15:07.677207" level="INFO">False</msg>
<arg>${json_data['results'][0]}</arg>
<arg>${key}</arg>
<doc>Fails if ``key`` is not found from ``dictionary``.</doc>
<status status="PASS" start="2024-03-25T23:15:07.676794" elapsed="0.000452"/>
</kw>
<kw name="Log" owner="BuiltIn">
<msg time="2024-03-25T23:15:07.677900" level="INFO">{'gender': 'male', 'name': {'title': 'Mr', 'first': 'Samatar', 'last': 'Sietsma'}, 'location': {'street': {'number': 7889, 'name': 'Baroniepad'}, 'city': 'Budel-Dorplein', 'state': 'Noord-Brabant', 'country': 'Netherlands', 'postcode': '0155 BG', 'coordinates': {'latitude': '36.7481', 'longitude': '-6.6454'}, 'timezone': {'offset': '+11:00', 'description': 'Magadan, Solomon Islands, New Caledonia'}}, 'email': 'samatar.sietsma@example.com', 'login': {'uuid': 'cafc1285-853f-468b-8494-49a04d923b9b', 'username': 'organicfish336', 'password': 'cowboy', 'salt': 'Gvl7xFTp', 'md5': 'b49e5c2f4ab3ee4a27e72a9e989486d2', 'sha1': '01c67ec9bae5acaa42ae58afabe6c5abeff2471f', 'sha256': 'dd02ef97bd1abf067a2c9ec601f1d1742e694d71f424c5e2b21c05d7e3866b03'}, 'dob': {'date': '1977-11-24T10:07:53.216Z', 'age': 46}, 'registered': {'date': '2015-04-28T03:44:11.438Z', 'age': 8}, 'phone': '(0871) 956712', 'cell': '(06) 53026377', 'id': {'name': 'BSN', 'value': '75308913'}, 'picture': {'large': 'https://randomuser.me/api/portraits/men/4.jpg', 'medium': 'https://randomuser.me/api/portraits/med/men/4.jpg', 'thumbnail': 'https://randomuser.me/api/portraits/thumb/men/4.jpg'}, 'nat': 'NL'}</msg>
<arg>${json_data['results'][0]}</arg>
<doc>Logs the given message with the given level.</doc>
<status status="PASS" start="2024-03-25T23:15:07.677541" elapsed="0.000407"/>
</kw>
<kw name="Log" owner="BuiltIn">
<msg time="2024-03-25T23:15:07.678367" level="INFO">login</msg>
<arg>${key}</arg>
<doc>Logs the given message with the given level.</doc>
<status status="PASS" start="2024-03-25T23:15:07.678240" elapsed="0.000268"/>
</kw>
<var name="${key}">login</var>
<status status="PASS" start="2024-03-25T23:15:07.676669" elapsed="0.002094"/>
</iter>
<var>${key}</var>
<value>@{expected_keys}</value>
<status status="PASS" start="2024-03-25T23:15:07.667824" elapsed="0.011066"/>
</for>
<kw name="Create List" owner="BuiltIn">
<msg time="2024-03-25T23:15:07.679223" level="INFO">${expected_keysTwo} = ['username', 'password']</msg>
<var>${expected_keysTwo}</var>
<arg>username</arg>
<arg>password</arg>
<doc>Returns a list containing given items.</doc>
<status status="PASS" start="2024-03-25T23:15:07.679082" elapsed="0.000165"/>
</kw>
<for flavor="IN">
<iter>
<kw name="Dictionary Should Contain Key" owner="Collections">
<msg time="2024-03-25T23:15:07.680136" level="INFO">False</msg>
<arg>${json_data['results'][0]['login']}</arg>
<arg>${keyTwo}</arg>
<doc>Fails if ``key`` is not found from ``dictionary``.</doc>
<status status="PASS" start="2024-03-25T23:15:07.679745" elapsed="0.000429"/>
</kw>
<kw name="Dictionary Should Contain Key" owner="Collections">
<msg time="2024-03-25T23:15:07.680855" level="INFO">False</msg>
<arg>${json_data['results'][0]['login']}</arg>
<arg>${keyTwo}</arg>
<doc>Fails if ``key`` is not found from ``dictionary``.</doc>
<status status="PASS" start="2024-03-25T23:15:07.680472" elapsed="0.000420"/>
</kw>
<kw name="Log" owner="BuiltIn">
<msg time="2024-03-25T23:15:07.681356" level="INFO">username</msg>
<arg>${keyTwo}</arg>
<doc>Logs the given message with the given level.</doc>
<status status="PASS" start="2024-03-25T23:15:07.681219" elapsed="0.000176"/>
</kw>
<var name="${keyTwo}">username</var>
<status status="PASS" start="2024-03-25T23:15:07.679635" elapsed="0.001987"/>
</iter>
<iter>
<kw name="Dictionary Should Contain Key" owner="Collections">
<msg time="2024-03-25T23:15:07.682294" level="INFO">False</msg>
<arg>${json_data['results'][0]['login']}</arg>
<arg>${keyTwo}</arg>
<doc>Fails if ``key`` is not found from ``dictionary``.</doc>
<status status="PASS" start="2024-03-25T23:15:07.681910" elapsed="0.000422"/>
</kw>
<kw name="Dictionary Should Contain Key" owner="Collections">
<msg time="2024-03-25T23:15:07.683010" level="INFO">False</msg>
<arg>${json_data['results'][0]['login']}</arg>
<arg>${keyTwo}</arg>
<doc>Fails if ``key`` is not found from ``dictionary``.</doc>
<status status="PASS" start="2024-03-25T23:15:07.682628" elapsed="0.000419"/>
</kw>
<kw name="Log" owner="BuiltIn">
<msg time="2024-03-25T23:15:07.683468" level="INFO">password</msg>
<arg>${keyTwo}</arg>
<doc>Logs the given message with the given level.</doc>
<status status="PASS" start="2024-03-25T23:15:07.683340" elapsed="0.000166"/>
</kw>
<var name="${keyTwo}">password</var>
<status status="PASS" start="2024-03-25T23:15:07.681799" elapsed="0.001924"/>
</iter>
<var>${keyTwo}</var>
<value>@{expected_keysTwo}</value>
<status status="PASS" start="2024-03-25T23:15:07.679484" elapsed="0.004363"/>
</for>
<status status="PASS" start="2024-03-25T23:15:07.576789" elapsed="0.107201"/>
</kw>
<doc>Testa a estrutura da resposta da API.</doc>
<tag>testeEstruturaResposta</tag>
<status status="PASS" start="2024-03-25T23:15:07.575849" elapsed="0.108298"/>
</test>
<test id="s1-s1-t4" name="Validar tipos de dados" line="28">
<kw name="Teste de Tipos de Dados" owner="random-user-service">
<kw name="GET On Session" owner="RequestsLibrary">
<msg time="2024-03-25T23:15:07.762808" level="INFO">GET Request : url=https://randomuser.me/api 
 path_url=/api 
 headers={'User-Agent': 'python-requests/2.31.0', 'Accept-Encoding': 'gzip, deflate', 'Accept': '*/*', 'Connection': 'keep-alive'} 
 body=None 
 </msg>
<msg time="2024-03-25T23:15:07.762883" level="INFO">GET Response : url=https://randomuser.me/api 
 status=200, reason=OK 
 headers={'Date': 'Mon, 25 Mar 2024 23:15:07 GMT', 'Content-Type': 'application/json; charset=utf-8', 'Transfer-Encoding': 'chunked', 'Connection': 'keep-alive', 'X-Powered-By': 'Express', 'Access-Control-Allow-Origin': '*', 'Cache-Control': 'no-cache', 'ETag': 'W/"4ab-5bK1gYdW4E+jUeSmS+9SM2nwjx0"', 'Vary': 'Accept-Encoding', 'Content-Encoding': 'gzip', 'CF-Cache-Status': 'DYNAMIC', 'Report-To': '{"endpoints":[{"url":"https:\\/\\/a.nel.cloudflare.com\\/report\\/v4?s=SSL4U82r1HrpxZuKRqDsW0JMD1M0DCYhilY1XSg66dc3HUD3zKnqMDIwcYkMwB15z46ty5fcF3o5DvfCEb9ydClP3t%2F3ibGp5jBklUYb%2BfFKs%2FdALJV3fwJTqUBkIv3n"}],"group":"cf-nel","max_age":604800}', 'NEL': '{"success_fraction":0,"report_to":"cf-nel","max_age":604800}', 'Server': 'cloudflare', 'CF-RAY': '86a299e50a1859f2-IAD', 'alt-svc': 'h3=":443"; ma=86400'} 
 body={"results":[{"gender":"female","name":{"title":"Miss","first":"Agafiya","last":"Morachevskiy"},"location":{"street":{"number":8388,"name":"Tomashivskogo"},"city":"Kozyatin","state":"Chernivecka","country":"Ukraine","postcode":88035,"coordinates":{"latitude":"76.7790","longitude":"128.3389"},"timezone":{"offset":"0:00","description":"Western Europe Time, London, Lisbon, Casablanca"}},"email":"agafiya.morachevskiy@example.com","login":{"uuid":"0957de6f-d3fb-40cc-8c8a-469d885cd227","username":"purplefish451","password":"lighting","salt":"m7ScVWsV","md5":"e97190d2201ffd26191a649b38cda2d0","sha1":"b3c77a6446fa030c0cd1d0e8a18912d156f58fae","sha256":"91e19716c2adff896d06916eee9739036671ed66018966c55327fa15c1d8037c"},"dob":{"date":"1978-12-24T06:56:48.005Z","age":45},"registered":{"date":"2019-10-19T07:30:43.890Z","age":4},"phone":"(096) I78-1141","cell":"(099) X83-1967","id":{"name":"","value":null},"picture":{"large":"https://randomuser.me/api/portraits/women/54.jpg","medium":"https://randomuser.me/api/portraits/med/women/54.jpg","thumbnail":"https://randomuser.me/api/portraits/thumb/women/54.jpg"},"nat":"UA"}],"info":{"seed":"141e25431dc73f40","results":1,"page":1,"version":"1.4"}} 
 </msg>
<msg time="2024-03-25T23:15:07.762948" level="INFO">/opt/hostedtoolcache/Python/3.12.2/x64/lib/python3.12/site-packages/urllib3/connectionpool.py:1103: InsecureRequestWarning: Unverified HTTPS request is being made to host 'randomuser.me'. Adding certificate verification is strongly advised. See: https://urllib3.readthedocs.io/en/latest/advanced-usage.html#tls-warnings
  warnings.warn(</msg>
<msg time="2024-03-25T23:15:07.763050" level="INFO">${response} = &lt;Response [200]&gt;</msg>
<var>${response}</var>
<arg>consultarAPI</arg>
<arg>/api</arg>
<doc>Sends a GET request on a previously created HTTP Session.</doc>
<status status="PASS" start="2024-03-25T23:15:07.686593" elapsed="0.076494"/>
</kw>
<kw name="Set Variable" owner="BuiltIn">
<msg time="2024-03-25T23:15:07.763975" level="INFO">${json_data} = {'results': [{'gender': 'female', 'name': {'title': 'Miss', 'first': 'Agafiya', 'last': 'Morachevskiy'}, 'location': {'street': {'number': 8388, 'name': 'Tomashivskogo'}, 'city': 'Kozyatin', 'state': ...</msg>
<var>${json_data}</var>
<arg>${response.json()}</arg>
<doc>Returns the given values which can then be assigned to a variables.</doc>
<status status="PASS" start="2024-03-25T23:15:07.763528" elapsed="0.000474"/>
</kw>
<kw name="Log" owner="BuiltIn">
<msg time="2024-03-25T23:15:07.764458" level="INFO">{'results': [{'gender': 'female', 'name': {'title': 'Miss', 'first': 'Agafiya', 'last': 'Morachevskiy'}, 'location': {'street': {'number': 8388, 'name': 'Tomashivskogo'}, 'city': 'Kozyatin', 'state': 'Chernivecka', 'country': 'Ukraine', 'postcode': 88035, 'coordinates': {'latitude': '76.7790', 'longitude': '128.3389'}, 'timezone': {'offset': '0:00', 'description': 'Western Europe Time, London, Lisbon, Casablanca'}}, 'email': 'agafiya.morachevskiy@example.com', 'login': {'uuid': '0957de6f-d3fb-40cc-8c8a-469d885cd227', 'username': 'purplefish451', 'password': 'lighting', 'salt': 'm7ScVWsV', 'md5': 'e97190d2201ffd26191a649b38cda2d0', 'sha1': 'b3c77a6446fa030c0cd1d0e8a18912d156f58fae', 'sha256': '91e19716c2adff896d06916eee9739036671ed66018966c55327fa15c1d8037c'}, 'dob': {'date': '1978-12-24T06:56:48.005Z', 'age': 45}, 'registered': {'date': '2019-10-19T07:30:43.890Z', 'age': 4}, 'phone': '(096) I78-1141', 'cell': '(099) X83-1967', 'id': {'name': '', 'value': None}, 'picture': {'large': 'https://randomuser.me/api/portraits/women/54.jpg', 'medium': 'https://randomuser.me/api/portraits/med/women/54.jpg', 'thumbnail': 'https://randomuser.me/api/portraits/thumb/women/54.jpg'}, 'nat': 'UA'}], 'info': {'seed': '141e25431dc73f40', 'results': 1, 'page': 1, 'version': '1.4'}}</msg>
<arg>${json_data}</arg>
<doc>Logs the given message with the given level.</doc>
<status status="PASS" start="2024-03-25T23:15:07.764307" elapsed="0.000232"/>
</kw>
<kw name="Should Be String" owner="String">
<arg>${json_data['results'][0]['gender']}</arg>
<doc>Fails if the given ``item`` is not a string.</doc>
<status status="PASS" start="2024-03-25T23:15:07.764847" elapsed="0.000408"/>
</kw>
<kw name="Should Match Regexp" owner="BuiltIn">
<arg>${json_data['results'][0]['email']}</arg>
<arg>^[a-zA-Z0-9._%+-]+@[a-zA-Z0-9.-]+\.[a-zA-Z]{2,}$</arg>
<doc>Fails if ``string`` does not match ``pattern`` as a regular expression.</doc>
<status status="PASS" start="2024-03-25T23:15:07.765453" elapsed="0.000519"/>
</kw>
<kw name="Should Match Regexp" owner="BuiltIn">
<arg>${json_data['results'][0]['dob']['date']}</arg>
<arg>\\d{4}-\\d{2}-\\d{2}T\\d{2}:\\d{2}:\\d{2}\\.\\d{3}Z</arg>
<doc>Fails if ``string`` does not match ``pattern`` as a regular expression.</doc>
<status status="PASS" start="2024-03-25T23:15:07.766187" elapsed="0.000493"/>
</kw>
<kw name="Should Match Regexp" owner="BuiltIn">
<arg>${json_data['results'][0]['registered']['date']}</arg>
<arg>\\d{4}-\\d{2}-\\d{2}T\\d{2}:\\d{2}:\\d{2}\\.\\d{3}Z</arg>
<doc>Fails if ``string`` does not match ``pattern`` as a regular expression.</doc>
<status status="PASS" start="2024-03-25T23:15:07.766875" elapsed="0.000370"/>
</kw>
<kw name="Should Match Regexp" owner="BuiltIn">
<arg>${json_data['results'][0]['picture']['large']}</arg>
<arg>^https?://.*\.(?:png|jpe?g|gif|bmp)$</arg>
<doc>Fails if ``string`` does not match ``pattern`` as a regular expression.</doc>
<status status="PASS" start="2024-03-25T23:15:07.767435" elapsed="0.000462"/>
</kw>
<kw name="Should Match Regexp" owner="BuiltIn">
<arg>${json_data['results'][0]['picture']['medium']}</arg>
<arg>^https?://.*\.(?:png|jpe?g|gif|bmp)$</arg>
<doc>Fails if ``string`` does not match ``pattern`` as a regular expression.</doc>
<status status="PASS" start="2024-03-25T23:15:07.768088" elapsed="0.000355"/>
</kw>
<kw name="Should Match Regexp" owner="BuiltIn">
<arg>${json_data['results'][0]['picture']['thumbnail']}</arg>
<arg>^https?://.*\.(?:png|jpe?g|gif|bmp)$</arg>
<doc>Fails if ``string`` does not match ``pattern`` as a regular expression.</doc>
<status status="PASS" start="2024-03-25T23:15:07.768641" elapsed="0.000350"/>
</kw>
<kw name="Log" owner="BuiltIn">
<msg time="2024-03-25T23:15:07.769542" level="INFO">{'large': 'https://randomuser.me/api/portraits/women/54.jpg', 'medium': 'https://randomuser.me/api/portraits/med/women/54.jpg', 'thumbnail': 'https://randomuser.me/api/portraits/thumb/women/54.jpg'}</msg>
<arg>${json_data['results'][0]['picture']}</arg>
<doc>Logs the given message with the given level.</doc>
<status status="PASS" start="2024-03-25T23:15:07.769193" elapsed="0.000394"/>
</kw>
<status status="PASS" start="2024-03-25T23:15:07.686369" elapsed="0.083470"/>
</kw>
<kw name="Teste de Tipos de Dados - Postcode" owner="random-user-service">
<kw name="GET On Session" owner="RequestsLibrary">
<msg time="2024-03-25T23:15:07.869022" level="INFO">GET Request : url=https://randomuser.me/api 
 path_url=/api 
 headers={'User-Agent': 'python-requests/2.31.0', 'Accept-Encoding': 'gzip, deflate', 'Accept': '*/*', 'Connection': 'keep-alive'} 
 body=None 
 </msg>
<msg time="2024-03-25T23:15:07.869101" level="INFO">GET Response : url=https://randomuser.me/api 
 status=200, reason=OK 
 headers={'Date': 'Mon, 25 Mar 2024 23:15:07 GMT', 'Content-Type': 'application/json; charset=utf-8', 'Transfer-Encoding': 'chunked', 'Connection': 'keep-alive', 'X-Powered-By': 'Express', 'Access-Control-Allow-Origin': '*', 'Cache-Control': 'no-cache', 'ETag': 'W/"494-/Pkj/H4XTgILvSdi70YdM/JakMA"', 'Vary': 'Accept-Encoding', 'Content-Encoding': 'gzip', 'CF-Cache-Status': 'DYNAMIC', 'Report-To': '{"endpoints":[{"url":"https:\\/\\/a.nel.cloudflare.com\\/report\\/v4?s=InZvvZgrKvCIP%2BkwzjYH72QeCkZrfqpDh81kM4ZJuDnT4n3XeyyRLgboz%2BTChvoP2mqtvE7eFW4ipfnK10NEPulKCxXwvVE4Njnb0dM9rIpjA8n80dxNs%2BWtfyXsk%2F%2BM"}],"group":"cf-nel","max_age":604800}', 'NEL': '{"success_fraction":0,"report_to":"cf-nel","max_age":604800}', 'Server': 'cloudflare', 'CF-RAY': '86a299e59a9459f2-IAD', 'alt-svc': 'h3=":443"; ma=86400'} 
 body={"results":[{"gender":"female","name":{"title":"Ms","first":"Suchita","last":"Anand"},"location":{"street":{"number":1842,"name":"Ranganathan St"},"city":"Bharatpur","state":"Nagaland","country":"India","postcode":91850,"coordinates":{"latitude":"4.9545","longitude":"98.5733"},"timezone":{"offset":"-6:00","description":"Central Time (US &amp; Canada), Mexico City"}},"email":"suchita.anand@example.com","login":{"uuid":"d0c32b2b-ebed-4a5f-b688-d5e26979ba67","username":"orangesnake433","password":"loud","salt":"S41Pu7Ey","md5":"02f5d35c569c1f495fb752653e987508","sha1":"ac20be7854ba3b8446ef7ff350a26f19764e134a","sha256":"0521a502632242ada0825d32a457b856cc87d427cc192b6fac6fdb086026e3e7"},"dob":{"date":"1996-03-31T03:45:52.360Z","age":27},"registered":{"date":"2005-11-17T05:05:57.539Z","age":18},"phone":"8457634492","cell":"8399482119","id":{"name":"UIDAI","value":"524537277125"},"picture":{"large":"https://randomuser.me/api/portraits/women/37.jpg","medium":"https://randomuser.me/api/portraits/med/women/37.jpg","thumbnail":"https://randomuser.me/api/portraits/thumb/women/37.jpg"},"nat":"IN"}],"info":{"seed":"5777009878db6af9","results":1,"page":1,"version":"1.4"}} 
 </msg>
<msg time="2024-03-25T23:15:07.869211" level="INFO">/opt/hostedtoolcache/Python/3.12.2/x64/lib/python3.12/site-packages/urllib3/connectionpool.py:1103: InsecureRequestWarning: Unverified HTTPS request is being made to host 'randomuser.me'. Adding certificate verification is strongly advised. See: https://urllib3.readthedocs.io/en/latest/advanced-usage.html#tls-warnings
  warnings.warn(</msg>
<msg time="2024-03-25T23:15:07.869317" level="INFO">${response} = &lt;Response [200]&gt;</msg>
<var>${response}</var>
<arg>consultarAPI</arg>
<arg>/api</arg>
<doc>Sends a GET request on a previously created HTTP Session.</doc>
<status status="PASS" start="2024-03-25T23:15:07.770397" elapsed="0.098966"/>
</kw>
<kw name="Set Variable" owner="BuiltIn">
<msg time="2024-03-25T23:15:07.870235" level="INFO">${json_data} = {'results': [{'gender': 'female', 'name': {'title': 'Ms', 'first': 'Suchita', 'last': 'Anand'}, 'location': {'street': {'number': 1842, 'name': 'Ranganathan St'}, 'city': 'Bharatpur', 'state': 'Nagala...</msg>
<var>${json_data}</var>
<arg>${response.json()}</arg>
<doc>Returns the given values which can then be assigned to a variables.</doc>
<status status="PASS" start="2024-03-25T23:15:07.869794" elapsed="0.000469"/>
</kw>
<kw name="Log" owner="BuiltIn">
<msg time="2024-03-25T23:15:07.870714" level="INFO">{'results': [{'gender': 'female', 'name': {'title': 'Ms', 'first': 'Suchita', 'last': 'Anand'}, 'location': {'street': {'number': 1842, 'name': 'Ranganathan St'}, 'city': 'Bharatpur', 'state': 'Nagaland', 'country': 'India', 'postcode': 91850, 'coordinates': {'latitude': '4.9545', 'longitude': '98.5733'}, 'timezone': {'offset': '-6:00', 'description': 'Central Time (US &amp; Canada), Mexico City'}}, 'email': 'suchita.anand@example.com', 'login': {'uuid': 'd0c32b2b-ebed-4a5f-b688-d5e26979ba67', 'username': 'orangesnake433', 'password': 'loud', 'salt': 'S41Pu7Ey', 'md5': '02f5d35c569c1f495fb752653e987508', 'sha1': 'ac20be7854ba3b8446ef7ff350a26f19764e134a', 'sha256': '0521a502632242ada0825d32a457b856cc87d427cc192b6fac6fdb086026e3e7'}, 'dob': {'date': '1996-03-31T03:45:52.360Z', 'age': 27}, 'registered': {'date': '2005-11-17T05:05:57.539Z', 'age': 18}, 'phone': '8457634492', 'cell': '8399482119', 'id': {'name': 'UIDAI', 'value': '524537277125'}, 'picture': {'large': 'https://randomuser.me/api/portraits/women/37.jpg', 'medium': 'https://randomuser.me/api/portraits/med/women/37.jpg', 'thumbnail': 'https://randomuser.me/api/portraits/thumb/women/37.jpg'}, 'nat': 'IN'}], 'info': {'seed': '5777009878db6af9', 'results': 1, 'page': 1, 'version': '1.4'}}</msg>
<arg>${json_data}</arg>
<doc>Logs the given message with the given level.</doc>
<status status="PASS" start="2024-03-25T23:15:07.870562" elapsed="0.000230"/>
</kw>
<kw name="Should Be Equal As Numbers" owner="BuiltIn">
<arg>${json_data['results'][0]['location']['postcode']}</arg>
<arg>${json_data['results'][0]['location']['postcode']}</arg>
<doc>Fails if objects are unequal after converting them to real numbers.</doc>
<status status="PASS" start="2024-03-25T23:15:07.871088" elapsed="0.000619"/>
</kw>
<kw name="Log" owner="BuiltIn">
<msg time="2024-03-25T23:15:07.872238" level="INFO">91850</msg>
<arg>${json_data['results'][0]['location']['postcode']}</arg>
<doc>Logs the given message with the given level.</doc>
<status status="PASS" start="2024-03-25T23:15:07.871906" elapsed="0.000373"/>
</kw>
<status status="PASS" start="2024-03-25T23:15:07.770054" elapsed="0.102475"/>
</kw>
<doc>Testa se os tipos de dados na resposta da API estão corretos.</doc>
<tag>testeTiposDados</tag>
<status status="PASS" start="2024-03-25T23:15:07.685922" elapsed="0.186768"/>
</test>
<test id="s1-s1-t5" name="Validar conteudo" line="35">
<kw name="Teste de Tipos de Conteudo" owner="random-user-service">
<kw name="GET On Session" owner="RequestsLibrary">
<msg time="2024-03-25T23:15:07.974294" level="INFO">GET Request : url=https://randomuser.me/api 
 path_url=/api 
 headers={'User-Agent': 'python-requests/2.31.0', 'Accept-Encoding': 'gzip, deflate', 'Accept': '*/*', 'Connection': 'keep-alive'} 
 body=None 
 </msg>
<msg time="2024-03-25T23:15:07.974371" level="INFO">GET Response : url=https://randomuser.me/api 
 status=200, reason=OK 
 headers={'Date': 'Mon, 25 Mar 2024 23:15:07 GMT', 'Content-Type': 'application/json; charset=utf-8', 'Transfer-Encoding': 'chunked', 'Connection': 'keep-alive', 'X-Powered-By': 'Express', 'Access-Control-Allow-Origin': '*', 'Cache-Control': 'no-cache', 'ETag': 'W/"48f-Y2F0u/0y8wil5yicKHd07ynCY08"', 'Vary': 'Accept-Encoding', 'Content-Encoding': 'gzip', 'CF-Cache-Status': 'DYNAMIC', 'Report-To': '{"endpoints":[{"url":"https:\\/\\/a.nel.cloudflare.com\\/report\\/v4?s=mK01vxa%2FteNlB8FSZP%2B%2Fv1e2souWMUGKcA%2BEydGyR44sYrIDN4cGilIx5lLnQajfw5DhDSODtUmwgZODaEkHiQJ6D0cBbAfpWDC9lvTSFdQpY3RnbufBw%2F2Cdq7fJfHk"}],"group":"cf-nel","max_age":604800}', 'NEL': '{"success_fraction":0,"report_to":"cf-nel","max_age":604800}', 'Server': 'cloudflare', 'CF-RAY': '86a299e63b2259f2-IAD', 'alt-svc': 'h3=":443"; ma=86400'} 
 body={"results":[{"gender":"male","name":{"title":"Mr","first":"Seth","last":"Coleman"},"location":{"street":{"number":6699,"name":"Grange Road"},"city":"Glasgow","state":"Tayside","country":"United Kingdom","postcode":"E4 9XG","coordinates":{"latitude":"-7.1389","longitude":"-140.5979"},"timezone":{"offset":"-3:00","description":"Brazil, Buenos Aires, Georgetown"}},"email":"seth.coleman@example.com","login":{"uuid":"d25a35e9-acf8-458d-ba9f-23a08ff0abe5","username":"organicwolf255","password":"nittany","salt":"MY9FuF18","md5":"29be39256f8610060b5ec3b19a4a5196","sha1":"e3ccd7609d4c1734cdf0470617ccba2893dac4c2","sha256":"90dbf7331a715cba748014ad590d1d59661b3dec62efa1ddfcfae5df4af47998"},"dob":{"date":"1958-05-02T15:11:51.353Z","age":65},"registered":{"date":"2015-11-19T02:33:52.673Z","age":8},"phone":"016974 34150","cell":"07135 259458","id":{"name":"NINO","value":"SC 29 97 47 E"},"picture":{"large":"https://randomuser.me/api/portraits/men/1.jpg","medium":"https://randomuser.me/api/portraits/med/men/1.jpg","thumbnail":"https://randomuser.me/api/portraits/thumb/men/1.jpg"},"nat":"GB"}],"info":{"seed":"0ad740f96d762e0f","results":1,"page":1,"version":"1.4"}} 
 </msg>
<msg time="2024-03-25T23:15:07.974434" level="INFO">/opt/hostedtoolcache/Python/3.12.2/x64/lib/python3.12/site-packages/urllib3/connectionpool.py:1103: InsecureRequestWarning: Unverified HTTPS request is being made to host 'randomuser.me'. Adding certificate verification is strongly advised. See: https://urllib3.readthedocs.io/en/latest/advanced-usage.html#tls-warnings
  warnings.warn(</msg>
<msg time="2024-03-25T23:15:07.974537" level="INFO">${response} = &lt;Response [200]&gt;</msg>
<var>${response}</var>
<arg>consultarAPI</arg>
<arg>/api</arg>
<doc>Sends a GET request on a previously created HTTP Session.</doc>
<status status="PASS" start="2024-03-25T23:15:07.875094" elapsed="0.099484"/>
</kw>
<kw name="Set Variable" owner="BuiltIn">
<msg time="2024-03-25T23:15:07.975456" level="INFO">${json_data} = {'results': [{'gender': 'male', 'name': {'title': 'Mr', 'first': 'Seth', 'last': 'Coleman'}, 'location': {'street': {'number': 6699, 'name': 'Grange Road'}, 'city': 'Glasgow', 'state': 'Tayside', 'cou...</msg>
<var>${json_data}</var>
<arg>${response.json()}</arg>
<doc>Returns the given values which can then be assigned to a variables.</doc>
<status status="PASS" start="2024-03-25T23:15:07.975016" elapsed="0.000467"/>
</kw>
<kw name="Set Variable" owner="BuiltIn">
<msg time="2024-03-25T23:15:07.976163" level="INFO">${name_title} = Mr</msg>
<var>${name_title}</var>
<arg>${json_data["results"][0]["name"]["title"]}</arg>
<doc>Returns the given values which can then be assigned to a variables.</doc>
<status status="PASS" start="2024-03-25T23:15:07.975790" elapsed="0.000398"/>
</kw>
<kw name="Create List" owner="BuiltIn">
<msg time="2024-03-25T23:15:07.976632" level="INFO">${allowed_titles} = ['Mr', 'Ms', 'Miss', 'Mrs', 'Madame', 'Monsieur']</msg>
<var>${allowed_titles}</var>
<arg>Mr</arg>
<arg>Ms</arg>
<arg>Miss</arg>
<arg>Mrs</arg>
<arg>Madame</arg>
<arg>Monsieur</arg>
<doc>Returns a list containing given items.</doc>
<status status="PASS" start="2024-03-25T23:15:07.976484" elapsed="0.000172"/>
</kw>
<kw name="List Should Contain Value" owner="Collections">
<msg time="2024-03-25T23:15:07.977131" level="INFO">False</msg>
<arg>${allowed_titles}</arg>
<arg>${name_title}</arg>
<doc>Fails if the ``value`` is not found from ``list``.</doc>
<status status="PASS" start="2024-03-25T23:15:07.976956" elapsed="0.000261"/>
</kw>
<kw name="Set Variable" owner="BuiltIn">
<msg time="2024-03-25T23:15:07.977901" level="INFO">${name_country} = GB</msg>
<var>${name_country}</var>
<arg>${json_data["results"][0]["nat"]}</arg>
<doc>Returns the given values which can then be assigned to a variables.</doc>
<status status="PASS" start="2024-03-25T23:15:07.977526" elapsed="0.000399"/>
</kw>
<kw name="Create List" owner="BuiltIn">
<msg time="2024-03-25T23:15:07.978828" level="INFO">${list_country} = ['AD', 'AE', 'AF', 'AG', 'AI', 'AL', 'AM', 'AO', 'AQ', 'AR', 'AS', 'AT', 'AU', 'AW', 'AX', 'AZ', 'BA', 'BB', 'BD', 'BE', 'BF', 'BG', 'BH', 'BI', 'BJ', 'BL', 'BM', 'BN', 'BO', 'BQ', 'BR', 'BS', 'BT', '...</msg>
<var>${list_country}</var>
<arg>AD</arg>
<arg>AE</arg>
<arg>AF</arg>
<arg>AG</arg>
<arg>AI</arg>
<arg>AL</arg>
<arg>AM</arg>
<arg>AO</arg>
<arg>AQ</arg>
<arg>AR</arg>
<arg>AS</arg>
<arg>AT</arg>
<arg>AU</arg>
<arg>AW</arg>
<arg>AX</arg>
<arg>AZ</arg>
<arg>BA</arg>
<arg>BB</arg>
<arg>BD</arg>
<arg>BE</arg>
<arg>BF</arg>
<arg>BG</arg>
<arg>BH</arg>
<arg>BI</arg>
<arg>BJ</arg>
<arg>BL</arg>
<arg>BM</arg>
<arg>BN</arg>
<arg>BO</arg>
<arg>BQ</arg>
<arg>BR</arg>
<arg>BS</arg>
<arg>BT</arg>
<arg>BV</arg>
<arg>BW</arg>
<arg>BY</arg>
<arg>BZ</arg>
<arg>CA</arg>
<arg>CC</arg>
<arg>CD</arg>
<arg>CF</arg>
<arg>CG</arg>
<arg>CH</arg>
<arg>CI</arg>
<arg>CK</arg>
<arg>CL</arg>
<arg>CM</arg>
<arg>CN</arg>
<arg>CO</arg>
<arg>CR</arg>
<arg>CU</arg>
<arg>CV</arg>
<arg>CW</arg>
<arg>CX</arg>
<arg>CY</arg>
<arg>CZ</arg>
<arg>DE</arg>
<arg>DJ</arg>
<arg>DK</arg>
<arg>DM</arg>
<arg>DO</arg>
<arg>DZ</arg>
<arg>EC</arg>
<arg>EE</arg>
<arg>EG</arg>
<arg>EH</arg>
<arg>ER</arg>
<arg>ES</arg>
<arg>ET</arg>
<arg>FI</arg>
<arg>FJ</arg>
<arg>FK</arg>
<arg>FM</arg>
<arg>FO</arg>
<arg>FR</arg>
<arg>GA</arg>
<arg>GB</arg>
<arg>GD</arg>
<arg>GE</arg>
<arg>GF</arg>
<arg>GG</arg>
<arg>GH</arg>
<arg>GI</arg>
<arg>GL</arg>
<arg>GM</arg>
<arg>GN</arg>
<arg>GP</arg>
<arg>GQ</arg>
<arg>GR</arg>
<arg>GS</arg>
<arg>GT</arg>
<arg>GU</arg>
<arg>GW</arg>
<arg>GY</arg>
<arg>HK</arg>
<arg>HM</arg>
<arg>HN</arg>
<arg>HR</arg>
<arg>HT</arg>
<arg>HU</arg>
<arg>ID</arg>
<arg>IE</arg>
<arg>IL</arg>
<arg>IM</arg>
<arg>IN</arg>
<arg>IO</arg>
<arg>IQ</arg>
<arg>IR</arg>
<arg>IS</arg>
<arg>IT</arg>
<arg>JE</arg>
<arg>JM</arg>
<arg>JO</arg>
<arg>JP</arg>
<arg>KE</arg>
<arg>KG</arg>
<arg>KH</arg>
<arg>KI</arg>
<arg>KM</arg>
<arg>KN</arg>
<arg>KP</arg>
<arg>KR</arg>
<arg>KW</arg>
<arg>KY</arg>
<arg>KZ</arg>
<arg>LA</arg>
<arg>LB</arg>
<arg>LC</arg>
<arg>LI</arg>
<arg>LK</arg>
<arg>LR</arg>
<arg>LS</arg>
<arg>LT</arg>
<arg>LU</arg>
<arg>LV</arg>
<arg>LY</arg>
<arg>MA</arg>
<arg>MC</arg>
<arg>MD</arg>
<arg>ME</arg>
<arg>MF</arg>
<arg>MG</arg>
<arg>MH</arg>
<arg>MK</arg>
<arg>ML</arg>
<arg>MM</arg>
<arg>MN</arg>
<arg>MO</arg>
<arg>MP</arg>
<arg>MQ</arg>
<arg>MR</arg>
<arg>MS</arg>
<arg>MT</arg>
<arg>MU</arg>
<arg>MV</arg>
<arg>MW</arg>
<arg>MX</arg>
<arg>MY</arg>
<arg>MZ</arg>
<arg>NA</arg>
<arg>NC</arg>
<arg>NE</arg>
<arg>NF</arg>
<arg>NG</arg>
<arg>NI</arg>
<arg>NL</arg>
<arg>NO</arg>
<arg>NP</arg>
<arg>NR</arg>
<arg>NU</arg>
<arg>NZ</arg>
<arg>OM</arg>
<arg>PA</arg>
<arg>PE</arg>
<arg>PF</arg>
<arg>PG</arg>
<arg>PH</arg>
<arg>PK</arg>
<arg>PL</arg>
<arg>PM</arg>
<arg>PN</arg>
<arg>PR</arg>
<arg>PS</arg>
<arg>PT</arg>
<arg>PW</arg>
<arg>PY</arg>
<arg>QA</arg>
<arg>RE</arg>
<arg>RO</arg>
<arg>RS</arg>
<arg>RU</arg>
<arg>RW</arg>
<arg>SA</arg>
<arg>SB</arg>
<arg>SC</arg>
<arg>SD</arg>
<arg>SE</arg>
<arg>SG</arg>
<arg>SH</arg>
<arg>SI</arg>
<arg>SJ</arg>
<arg>SK</arg>
<arg>SL</arg>
<arg>SM</arg>
<arg>SN</arg>
<arg>SO</arg>
<arg>SR</arg>
<arg>SS</arg>
<arg>ST</arg>
<arg>SV</arg>
<arg>SX</arg>
<arg>SY</arg>
<arg>SZ</arg>
<arg>TC</arg>
<arg>TD</arg>
<arg>TF</arg>
<arg>TG</arg>
<arg>TH</arg>
<arg>TJ</arg>
<arg>TK</arg>
<arg>TL</arg>
<arg>TM</arg>
<arg>TN</arg>
<arg>TO</arg>
<arg>TR</arg>
<arg>TT</arg>
<arg>TV</arg>
<arg>TW</arg>
<arg>TZ</arg>
<arg>UA</arg>
<arg>UG</arg>
<arg>UM</arg>
<arg>US</arg>
<arg>UY</arg>
<arg>UZ</arg>
<arg>VA</arg>
<arg>VC</arg>
<arg>VE</arg>
<arg>VG</arg>
<arg>VI</arg>
<arg>VN</arg>
<arg>VU</arg>
<arg>WF</arg>
<arg>WS</arg>
<arg>XK</arg>
<arg>YE</arg>
<arg>YT</arg>
<arg>ZA</arg>
<arg>ZM</arg>
<arg>ZW</arg>
<doc>Returns a list containing given items.</doc>
<status status="PASS" start="2024-03-25T23:15:07.978228" elapsed="0.000625"/>
</kw>
<kw name="List Should Contain Value" owner="Collections">
<msg time="2024-03-25T23:15:07.979948" level="INFO">False</msg>
<arg>${list_country}</arg>
<arg>${name_country}</arg>
<doc>Fails if the ``value`` is not found from ``list``.</doc>
<status status="PASS" start="2024-03-25T23:15:07.979744" elapsed="0.000241"/>
</kw>
<kw name="Run Keyword If" owner="BuiltIn">
<kw name="Should Be True" owner="BuiltIn">
<arg>${True}</arg>
<doc>Fails if the given condition is not true.</doc>
<status status="PASS" start="2024-03-25T23:15:07.981042" elapsed="0.000167"/>
</kw>
<arg>${json_data["results"][0]["location"]["coordinates"]["latitude"]} &gt;= -90 and ${json_data["results"][0]["location"]["coordinates"]["latitude"]} &lt;= 90</arg>
<arg>Should Be True</arg>
<arg>${True}</arg>
<doc>Runs the given keyword with the given arguments, if ``condition`` is true.</doc>
<status status="PASS" start="2024-03-25T23:15:07.980292" elapsed="0.001049"/>
</kw>
<kw name="Run Keyword If" owner="BuiltIn">
<kw name="Should Be True" owner="BuiltIn">
<arg>${True}</arg>
<doc>Fails if the given condition is not true.</doc>
<status status="PASS" start="2024-03-25T23:15:07.982222" elapsed="0.000138"/>
</kw>
<arg>${json_data["results"][0]["location"]["coordinates"]["longitude"]} &gt;= -180 and ${json_data["results"][0]["location"]["coordinates"]["longitude"]} &lt;= 180</arg>
<arg>Should Be True</arg>
<arg>${True}</arg>
<doc>Runs the given keyword with the given arguments, if ``condition`` is true.</doc>
<status status="PASS" start="2024-03-25T23:15:07.981527" elapsed="0.000957"/>
</kw>
<status status="PASS" start="2024-03-25T23:15:07.874870" elapsed="0.107741"/>
</kw>
<doc>Testa o conteúdo específico dos campos retornados pela API.</doc>
<tag>testeConteudo</tag>
<status status="PASS" start="2024-03-25T23:15:07.874436" elapsed="0.108320"/>
</test>
<status status="PASS" start="2024-03-25T23:15:07.176806" elapsed="0.807827"/>
</suite>
<status status="PASS" start="2024-03-25T23:15:07.162894" elapsed="0.827115"/>
</suite>
<statistics>
<total>
<stat pass="5" fail="0" skip="0">All Tests</stat>
</total>
<tag>
<stat pass="1" fail="0" skip="0">testeConteudo</stat>
<stat pass="1" fail="0" skip="0">testeEstruturaResposta</stat>
<stat pass="1" fail="0" skip="0">testeRequisicaoBasica</stat>
<stat pass="1" fail="0" skip="0">testeTiposDados</stat>
</tag>
<suite>
<stat pass="5" fail="0" skip="0" id="s1" name="Tests">Tests</stat>
<stat pass="5" fail="0" skip="0" id="s1-s1" name="Random-User-Test">Tests.Random-User-Test</stat>
</suite>
</statistics>
<errors>
</errors>
</robot>
