<?xml version="1.0" encoding="UTF-8"?>
<robot generator="Robot 7.0.1 (Python 3.12.4 on linux)" generated="2024-06-18T23:15:49.309015" rpa="false" schemaversion="5">
<suite id="s1" name="Tests" source="/home/runner/work/ApiRandomUser/ApiRandomUser/RamdonUser/tests">
<suite id="s1-s1" name="Random-User-Test" source="/home/runner/work/ApiRandomUser/ApiRandomUser/RamdonUser/tests/random-user-test.robot">
<test id="s1-s1-t1" name="Conectar" line="13">
<kw name="Conectar API" owner="random-user-service">
<kw name="Create Session" owner="RequestsLibrary">
<msg time="2024-06-18T23:15:49.721407" level="INFO">Creating Session using : alias=consultarAPI, url=https://randomuser.me/, headers={},                     cookies={}, auth=None, timeout=None, proxies=None, verify=False,                     debug=0 </msg>
<arg>consultarAPI</arg>
<arg>${URL}</arg>
<doc>Create Session: create a HTTP session to a server</doc>
<status status="PASS" start="2024-06-18T23:15:49.721211" elapsed="0.000368"/>
</kw>
<status status="PASS" start="2024-06-18T23:15:49.720172" elapsed="0.001765"/>
</kw>
<status status="PASS" start="2024-06-18T23:15:49.719546" elapsed="0.002580"/>
</test>
<test id="s1-s1-t2" name="Validar retorno 200 e JSON Válido" line="16">
<kw name="Teste de Requisicao Basica" owner="random-user-service">
<kw name="GET On Session" owner="RequestsLibrary">
<msg time="2024-06-18T23:15:50.261681" level="INFO">GET Request : url=https://randomuser.me/api 
 path_url=/api 
 headers={'User-Agent': 'python-requests/2.32.3', 'Accept-Encoding': 'gzip, deflate', 'Accept': '*/*', 'Connection': 'keep-alive'} 
 body=None 
 </msg>
<msg time="2024-06-18T23:15:50.261850" level="INFO">GET Response : url=https://randomuser.me/api 
 status=200, reason=OK 
 headers={'Date': 'Tue, 18 Jun 2024 23:15:50 GMT', 'Content-Type': 'application/json; charset=utf-8', 'Transfer-Encoding': 'chunked', 'Connection': 'keep-alive', 'X-Powered-By': 'Express', 'Access-Control-Allow-Origin': '*', 'Cache-Control': 'no-cache', 'ETag': 'W/"479-/2yMnCsntuambZkiv3u13qQpd7U"', 'Vary': 'Accept-Encoding', 'Content-Encoding': 'gzip', 'CF-Cache-Status': 'DYNAMIC', 'Report-To': '{"endpoints":[{"url":"https:\\/\\/a.nel.cloudflare.com\\/report\\/v4?s=KEASRbFDuypi9fZR4XFVPhiTd8TRAg4CPwTb1eVCvFYmwoGe55KXRXF2jLKMOUWa0UcpUqJB6XKG6XWa3VMWdkpTuLmfoiM6oVkFIwIWdUM9dZX0Gdd4pKIwa%2Bz13onC"}],"group":"cf-nel","max_age":604800}', 'NEL': '{"success_fraction":0,"report_to":"cf-nel","max_age":604800}', 'Server': 'cloudflare', 'CF-RAY': '895efbccbd9b3910-IAD', 'alt-svc': 'h3=":443"; ma=86400'} 
 body={"results":[{"gender":"male","name":{"title":"Mr","first":"Önal","last":"Kılıççı"},"location":{"street":{"number":2727,"name":"Vatan Cd"},"city":"Malatya","state":"Kastamonu","country":"Turkey","postcode":96280,"coordinates":{"latitude":"67.9884","longitude":"-24.7821"},"timezone":{"offset":"-11:00","description":"Midway Island, Samoa"}},"email":"onal.kilicci@example.com","login":{"uuid":"d804f87f-abb7-4684-8e9c-b8dd04828dd3","username":"organicpeacock760","password":"talisman","salt":"NTRDyFqr","md5":"07357e8e553b7f453c4dc9276798cdab","sha1":"bc3a7352ad2db947ec53d498cf7101ebf2e1382d","sha256":"5e3181163cc5b093d5e253c07ed0da9d057d857db1c47097200ec46c8898802a"},"dob":{"date":"1975-06-18T03:25:52.517Z","age":49},"registered":{"date":"2019-11-08T08:04:22.647Z","age":4},"phone":"(025)-158-8289","cell":"(285)-198-6769","id":{"name":"","value":null},"picture":{"large":"https://randomuser.me/api/portraits/men/83.jpg","medium":"https://randomuser.me/api/portraits/med/men/83.jpg","thumbnail":"https://randomuser.me/api/portraits/thumb/men/83.jpg"},"nat":"TR"}],"info":{"seed":"571d5e16d3d065da","results":1,"page":1,"version":"1.4"}} 
 </msg>
<msg time="2024-06-18T23:15:50.261939" level="INFO">/opt/hostedtoolcache/Python/3.12.4/x64/lib/python3.12/site-packages/urllib3/connectionpool.py:1099: InsecureRequestWarning: Unverified HTTPS request is being made to host 'randomuser.me'. Adding certificate verification is strongly advised. See: https://urllib3.readthedocs.io/en/latest/advanced-usage.html#tls-warnings
  warnings.warn(</msg>
<msg time="2024-06-18T23:15:50.262080" level="INFO">${response} = &lt;Response [200]&gt;</msg>
<var>${response}</var>
<arg>consultarAPI</arg>
<arg>/api</arg>
<doc>Sends a GET request on a previously created HTTP Session.</doc>
<status status="PASS" start="2024-06-18T23:15:49.724783" elapsed="0.537340"/>
</kw>
<kw name="Should Be Equal As Numbers" owner="BuiltIn">
<msg time="2024-06-18T23:15:50.263165" level="INFO">Argument types are:
&lt;class 'int'&gt;
&lt;class 'str'&gt;</msg>
<arg>${response.status_code}</arg>
<arg>200</arg>
<doc>Fails if objects are unequal after converting them to real numbers.</doc>
<status status="PASS" start="2024-06-18T23:15:50.262700" elapsed="0.000527"/>
</kw>
<kw name="Log" owner="BuiltIn">
<msg time="2024-06-18T23:15:50.263949" level="INFO">200</msg>
<arg>${response.status_code}</arg>
<doc>Logs the given message with the given level.</doc>
<status status="PASS" start="2024-06-18T23:15:50.263590" elapsed="0.000400"/>
</kw>
<kw name="Set Variable" owner="BuiltIn">
<msg time="2024-06-18T23:15:50.264735" level="INFO">${json_data} = {'results': [{'gender': 'male', 'name': {'title': 'Mr', 'first': 'Önal', 'last': 'Kılıççı'}, 'location': {'street': {'number': 2727, 'name': 'Vatan Cd'}, 'city': 'Malatya', 'state': 'Kastamonu', 'coun...</msg>
<var>${json_data}</var>
<arg>${response.json()}</arg>
<doc>Returns the given values which can then be assigned to a variables.</doc>
<status status="PASS" start="2024-06-18T23:15:50.264294" elapsed="0.000472"/>
</kw>
<kw name="Dictionary Should Contain Key" owner="Collections">
<arg>${json_data}</arg>
<arg>results</arg>
<doc>Fails if ``key`` is not found from ``dictionary``.</doc>
<status status="PASS" start="2024-06-18T23:15:50.265061" elapsed="0.000164"/>
</kw>
<status status="PASS" start="2024-06-18T23:15:49.724551" elapsed="0.540827"/>
</kw>
<doc>Testa se a API responde corretamente e retorna um objeto JSON válido.</doc>
<tag>testeRequisicaoBasica</tag>
<status status="PASS" start="2024-06-18T23:15:49.724027" elapsed="0.541523"/>
</test>
<test id="s1-s1-t3" name="Validar estrutura de resposta" line="22">
<kw name="Teste de Estrutura de Resposta" owner="random-user-service">
<kw name="GET On Session" owner="RequestsLibrary">
<msg time="2024-06-18T23:15:50.515589" level="INFO">GET Request : url=https://randomuser.me/api 
 path_url=/api 
 headers={'User-Agent': 'python-requests/2.32.3', 'Accept-Encoding': 'gzip, deflate', 'Accept': '*/*', 'Connection': 'keep-alive'} 
 body=None 
 </msg>
<msg time="2024-06-18T23:15:50.515689" level="INFO">GET Response : url=https://randomuser.me/api 
 status=200, reason=OK 
 headers={'Date': 'Tue, 18 Jun 2024 23:15:50 GMT', 'Content-Type': 'application/json; charset=utf-8', 'Transfer-Encoding': 'chunked', 'Connection': 'keep-alive', 'X-Powered-By': 'Express', 'Access-Control-Allow-Origin': '*', 'Cache-Control': 'no-cache', 'ETag': 'W/"47d-yvZeBXbSaXgAUKqKJyfmmxN5J4o"', 'Vary': 'Accept-Encoding', 'Content-Encoding': 'gzip', 'CF-Cache-Status': 'DYNAMIC', 'Report-To': '{"endpoints":[{"url":"https:\\/\\/a.nel.cloudflare.com\\/report\\/v4?s=fcBr5sT6AWKY%2FvEAsU%2BXUxmaqMoS6gMUj1843IlU99pV3tPR5FeP2qSCrzMdjd63pwA6zJ%2FemEkhzetzK7iYJfLtXlVclnj3gBvsgDEbfkilM135PgwOXfbosfmtT0Vt"}],"group":"cf-nel","max_age":604800}', 'NEL': '{"success_fraction":0,"report_to":"cf-nel","max_age":604800}', 'Server': 'cloudflare', 'CF-RAY': '895efbcf390d3910-IAD', 'alt-svc': 'h3=":443"; ma=86400'} 
 body={"results":[{"gender":"female","name":{"title":"Miss","first":"Ceyhan","last":"Karaböcek"},"location":{"street":{"number":9412,"name":"Filistin Cd"},"city":"Ağrı","state":"Çorum","country":"Turkey","postcode":47363,"coordinates":{"latitude":"67.0785","longitude":"52.8066"},"timezone":{"offset":"+9:30","description":"Adelaide, Darwin"}},"email":"ceyhan.karabocek@example.com","login":{"uuid":"271ef903-6538-4b36-b34d-de1ca4815ae7","username":"ticklishswan918","password":"designer","salt":"umIRoA0o","md5":"d163008dee2799f90181f1f9ab571df5","sha1":"11a1f8916c70cc2f9c3847c09a4e1941d96a2c21","sha256":"4c32b3cbb3773381a3f95b6cf0db4dce2938ce79e153fd467f48cdbc3e1cce89"},"dob":{"date":"1949-03-13T12:31:30.239Z","age":75},"registered":{"date":"2018-07-01T06:03:51.551Z","age":5},"phone":"(251)-368-4112","cell":"(892)-947-2349","id":{"name":"","value":null},"picture":{"large":"https://randomuser.me/api/portraits/women/64.jpg","medium":"https://randomuser.me/api/portraits/med/women/64.jpg","thumbnail":"https://randomuser.me/api/portraits/thumb/women/64.jpg"},"nat":"TR"}],"info":{"seed":"ca64ceadb677986c","results":1,"page":1,"version":"1.4"}} 
 </msg>
<msg time="2024-06-18T23:15:50.515842" level="INFO">/opt/hostedtoolcache/Python/3.12.4/x64/lib/python3.12/site-packages/urllib3/connectionpool.py:1099: InsecureRequestWarning: Unverified HTTPS request is being made to host 'randomuser.me'. Adding certificate verification is strongly advised. See: https://urllib3.readthedocs.io/en/latest/advanced-usage.html#tls-warnings
  warnings.warn(</msg>
<msg time="2024-06-18T23:15:50.515975" level="INFO">${response} = &lt;Response [200]&gt;</msg>
<var>${response}</var>
<arg>consultarAPI</arg>
<arg>/api</arg>
<doc>Sends a GET request on a previously created HTTP Session.</doc>
<status status="PASS" start="2024-06-18T23:15:50.268852" elapsed="0.247161"/>
</kw>
<kw name="Set Variable" owner="BuiltIn">
<msg time="2024-06-18T23:15:50.517051" level="INFO">${json_data} = {'results': [{'gender': 'female', 'name': {'title': 'Miss', 'first': 'Ceyhan', 'last': 'Karaböcek'}, 'location': {'street': {'number': 9412, 'name': 'Filistin Cd'}, 'city': 'Ağrı', 'state': 'Çorum', '...</msg>
<var>${json_data}</var>
<arg>${response.json()}</arg>
<doc>Returns the given values which can then be assigned to a variables.</doc>
<status status="PASS" start="2024-06-18T23:15:50.516527" elapsed="0.000555"/>
</kw>
<kw name="Log" owner="BuiltIn">
<msg time="2024-06-18T23:15:50.517558" level="INFO">{'results': [{'gender': 'female', 'name': {'title': 'Miss', 'first': 'Ceyhan', 'last': 'Karaböcek'}, 'location': {'street': {'number': 9412, 'name': 'Filistin Cd'}, 'city': 'Ağrı', 'state': 'Çorum', 'country': 'Turkey', 'postcode': 47363, 'coordinates': {'latitude': '67.0785', 'longitude': '52.8066'}, 'timezone': {'offset': '+9:30', 'description': 'Adelaide, Darwin'}}, 'email': 'ceyhan.karabocek@example.com', 'login': {'uuid': '271ef903-6538-4b36-b34d-de1ca4815ae7', 'username': 'ticklishswan918', 'password': 'designer', 'salt': 'umIRoA0o', 'md5': 'd163008dee2799f90181f1f9ab571df5', 'sha1': '11a1f8916c70cc2f9c3847c09a4e1941d96a2c21', 'sha256': '4c32b3cbb3773381a3f95b6cf0db4dce2938ce79e153fd467f48cdbc3e1cce89'}, 'dob': {'date': '1949-03-13T12:31:30.239Z', 'age': 75}, 'registered': {'date': '2018-07-01T06:03:51.551Z', 'age': 5}, 'phone': '(251)-368-4112', 'cell': '(892)-947-2349', 'id': {'name': '', 'value': None}, 'picture': {'large': 'https://randomuser.me/api/portraits/women/64.jpg', 'medium': 'https://randomuser.me/api/portraits/med/women/64.jpg', 'thumbnail': 'https://randomuser.me/api/portraits/thumb/women/64.jpg'}, 'nat': 'TR'}], 'info': {'seed': 'ca64ceadb677986c', 'results': 1, 'page': 1, 'version': '1.4'}}</msg>
<arg>${json_data}</arg>
<doc>Logs the given message with the given level.</doc>
<status status="PASS" start="2024-06-18T23:15:50.517395" elapsed="0.000213"/>
</kw>
<kw name="Dictionary Should Contain Key" owner="Collections">
<arg>${json_data}</arg>
<arg>results</arg>
<doc>Fails if ``key`` is not found from ``dictionary``.</doc>
<status status="PASS" start="2024-06-18T23:15:50.517901" elapsed="0.000159"/>
</kw>
<kw name="Should Not Be Empty" owner="BuiltIn">
<msg time="2024-06-18T23:15:50.518363" level="INFO">Length is 2.</msg>
<arg>${json_data}</arg>
<doc>Verifies that the given item is not empty.</doc>
<status status="PASS" start="2024-06-18T23:15:50.518241" elapsed="0.000159"/>
</kw>
<kw name="Create List" owner="BuiltIn">
<msg time="2024-06-18T23:15:50.518824" level="INFO">${expected_keys} = ['gender', 'name', 'location', 'email', 'login']</msg>
<var>${expected_keys}</var>
<arg>gender</arg>
<arg>name</arg>
<arg>location</arg>
<arg>email</arg>
<arg>login</arg>
<doc>Returns a list containing given items.</doc>
<status status="PASS" start="2024-06-18T23:15:50.518681" elapsed="0.000166"/>
</kw>
<for flavor="IN">
<iter>
<kw name="Dictionary Should Contain Key" owner="Collections">
<arg>${json_data['results'][0]}</arg>
<arg>${key}</arg>
<doc>Fails if ``key`` is not found from ``dictionary``.</doc>
<status status="PASS" start="2024-06-18T23:15:50.519419" elapsed="0.000451"/>
</kw>
<kw name="Log" owner="BuiltIn">
<msg time="2024-06-18T23:15:50.520409" level="INFO">{'gender': 'female', 'name': {'title': 'Miss', 'first': 'Ceyhan', 'last': 'Karaböcek'}, 'location': {'street': {'number': 9412, 'name': 'Filistin Cd'}, 'city': 'Ağrı', 'state': 'Çorum', 'country': 'Turkey', 'postcode': 47363, 'coordinates': {'latitude': '67.0785', 'longitude': '52.8066'}, 'timezone': {'offset': '+9:30', 'description': 'Adelaide, Darwin'}}, 'email': 'ceyhan.karabocek@example.com', 'login': {'uuid': '271ef903-6538-4b36-b34d-de1ca4815ae7', 'username': 'ticklishswan918', 'password': 'designer', 'salt': 'umIRoA0o', 'md5': 'd163008dee2799f90181f1f9ab571df5', 'sha1': '11a1f8916c70cc2f9c3847c09a4e1941d96a2c21', 'sha256': '4c32b3cbb3773381a3f95b6cf0db4dce2938ce79e153fd467f48cdbc3e1cce89'}, 'dob': {'date': '1949-03-13T12:31:30.239Z', 'age': 75}, 'registered': {'date': '2018-07-01T06:03:51.551Z', 'age': 5}, 'phone': '(251)-368-4112', 'cell': '(892)-947-2349', 'id': {'name': '', 'value': None}, 'picture': {'large': 'https://randomuser.me/api/portraits/women/64.jpg', 'medium': 'https://randomuser.me/api/portraits/med/women/64.jpg', 'thumbnail': 'https://randomuser.me/api/portraits/thumb/women/64.jpg'}, 'nat': 'TR'}</msg>
<arg>${json_data['results'][0]}</arg>
<doc>Logs the given message with the given level.</doc>
<status status="PASS" start="2024-06-18T23:15:50.520053" elapsed="0.000407"/>
</kw>
<kw name="Log" owner="BuiltIn">
<msg time="2024-06-18T23:15:50.520877" level="INFO">gender</msg>
<arg>${key}</arg>
<doc>Logs the given message with the given level.</doc>
<status status="PASS" start="2024-06-18T23:15:50.520752" elapsed="0.000162"/>
</kw>
<var name="${key}">gender</var>
<status status="PASS" start="2024-06-18T23:15:50.519296" elapsed="0.001830"/>
</iter>
<iter>
<kw name="Dictionary Should Contain Key" owner="Collections">
<arg>${json_data['results'][0]}</arg>
<arg>${key}</arg>
<doc>Fails if ``key`` is not found from ``dictionary``.</doc>
<status status="PASS" start="2024-06-18T23:15:50.521413" elapsed="0.000393"/>
</kw>
<kw name="Log" owner="BuiltIn">
<msg time="2024-06-18T23:15:50.522344" level="INFO">{'gender': 'female', 'name': {'title': 'Miss', 'first': 'Ceyhan', 'last': 'Karaböcek'}, 'location': {'street': {'number': 9412, 'name': 'Filistin Cd'}, 'city': 'Ağrı', 'state': 'Çorum', 'country': 'Turkey', 'postcode': 47363, 'coordinates': {'latitude': '67.0785', 'longitude': '52.8066'}, 'timezone': {'offset': '+9:30', 'description': 'Adelaide, Darwin'}}, 'email': 'ceyhan.karabocek@example.com', 'login': {'uuid': '271ef903-6538-4b36-b34d-de1ca4815ae7', 'username': 'ticklishswan918', 'password': 'designer', 'salt': 'umIRoA0o', 'md5': 'd163008dee2799f90181f1f9ab571df5', 'sha1': '11a1f8916c70cc2f9c3847c09a4e1941d96a2c21', 'sha256': '4c32b3cbb3773381a3f95b6cf0db4dce2938ce79e153fd467f48cdbc3e1cce89'}, 'dob': {'date': '1949-03-13T12:31:30.239Z', 'age': 75}, 'registered': {'date': '2018-07-01T06:03:51.551Z', 'age': 5}, 'phone': '(251)-368-4112', 'cell': '(892)-947-2349', 'id': {'name': '', 'value': None}, 'picture': {'large': 'https://randomuser.me/api/portraits/women/64.jpg', 'medium': 'https://randomuser.me/api/portraits/med/women/64.jpg', 'thumbnail': 'https://randomuser.me/api/portraits/thumb/women/64.jpg'}, 'nat': 'TR'}</msg>
<arg>${json_data['results'][0]}</arg>
<doc>Logs the given message with the given level.</doc>
<status status="PASS" start="2024-06-18T23:15:50.521991" elapsed="0.000439"/>
</kw>
<kw name="Log" owner="BuiltIn">
<msg time="2024-06-18T23:15:50.522858" level="INFO">name</msg>
<arg>${key}</arg>
<doc>Logs the given message with the given level.</doc>
<status status="PASS" start="2024-06-18T23:15:50.522730" elapsed="0.000165"/>
</kw>
<var name="${key}">name</var>
<status status="PASS" start="2024-06-18T23:15:50.521305" elapsed="0.001809"/>
</iter>
<iter>
<kw name="Dictionary Should Contain Key" owner="Collections">
<arg>${json_data['results'][0]}</arg>
<arg>${key}</arg>
<doc>Fails if ``key`` is not found from ``dictionary``.</doc>
<status status="PASS" start="2024-06-18T23:15:50.523399" elapsed="0.000403"/>
</kw>
<kw name="Log" owner="BuiltIn">
<msg time="2024-06-18T23:15:50.524344" level="INFO">{'gender': 'female', 'name': {'title': 'Miss', 'first': 'Ceyhan', 'last': 'Karaböcek'}, 'location': {'street': {'number': 9412, 'name': 'Filistin Cd'}, 'city': 'Ağrı', 'state': 'Çorum', 'country': 'Turkey', 'postcode': 47363, 'coordinates': {'latitude': '67.0785', 'longitude': '52.8066'}, 'timezone': {'offset': '+9:30', 'description': 'Adelaide, Darwin'}}, 'email': 'ceyhan.karabocek@example.com', 'login': {'uuid': '271ef903-6538-4b36-b34d-de1ca4815ae7', 'username': 'ticklishswan918', 'password': 'designer', 'salt': 'umIRoA0o', 'md5': 'd163008dee2799f90181f1f9ab571df5', 'sha1': '11a1f8916c70cc2f9c3847c09a4e1941d96a2c21', 'sha256': '4c32b3cbb3773381a3f95b6cf0db4dce2938ce79e153fd467f48cdbc3e1cce89'}, 'dob': {'date': '1949-03-13T12:31:30.239Z', 'age': 75}, 'registered': {'date': '2018-07-01T06:03:51.551Z', 'age': 5}, 'phone': '(251)-368-4112', 'cell': '(892)-947-2349', 'id': {'name': '', 'value': None}, 'picture': {'large': 'https://randomuser.me/api/portraits/women/64.jpg', 'medium': 'https://randomuser.me/api/portraits/med/women/64.jpg', 'thumbnail': 'https://randomuser.me/api/portraits/thumb/women/64.jpg'}, 'nat': 'TR'}</msg>
<arg>${json_data['results'][0]}</arg>
<doc>Logs the given message with the given level.</doc>
<status status="PASS" start="2024-06-18T23:15:50.523983" elapsed="0.000411"/>
</kw>
<kw name="Log" owner="BuiltIn">
<msg time="2024-06-18T23:15:50.524836" level="INFO">location</msg>
<arg>${key}</arg>
<doc>Logs the given message with the given level.</doc>
<status status="PASS" start="2024-06-18T23:15:50.524704" elapsed="0.000183"/>
</kw>
<var name="${key}">location</var>
<status status="PASS" start="2024-06-18T23:15:50.523286" elapsed="0.001833"/>
</iter>
<iter>
<kw name="Dictionary Should Contain Key" owner="Collections">
<arg>${json_data['results'][0]}</arg>
<arg>${key}</arg>
<doc>Fails if ``key`` is not found from ``dictionary``.</doc>
<status status="PASS" start="2024-06-18T23:15:50.525394" elapsed="0.000377"/>
</kw>
<kw name="Log" owner="BuiltIn">
<msg time="2024-06-18T23:15:50.526314" level="INFO">{'gender': 'female', 'name': {'title': 'Miss', 'first': 'Ceyhan', 'last': 'Karaböcek'}, 'location': {'street': {'number': 9412, 'name': 'Filistin Cd'}, 'city': 'Ağrı', 'state': 'Çorum', 'country': 'Turkey', 'postcode': 47363, 'coordinates': {'latitude': '67.0785', 'longitude': '52.8066'}, 'timezone': {'offset': '+9:30', 'description': 'Adelaide, Darwin'}}, 'email': 'ceyhan.karabocek@example.com', 'login': {'uuid': '271ef903-6538-4b36-b34d-de1ca4815ae7', 'username': 'ticklishswan918', 'password': 'designer', 'salt': 'umIRoA0o', 'md5': 'd163008dee2799f90181f1f9ab571df5', 'sha1': '11a1f8916c70cc2f9c3847c09a4e1941d96a2c21', 'sha256': '4c32b3cbb3773381a3f95b6cf0db4dce2938ce79e153fd467f48cdbc3e1cce89'}, 'dob': {'date': '1949-03-13T12:31:30.239Z', 'age': 75}, 'registered': {'date': '2018-07-01T06:03:51.551Z', 'age': 5}, 'phone': '(251)-368-4112', 'cell': '(892)-947-2349', 'id': {'name': '', 'value': None}, 'picture': {'large': 'https://randomuser.me/api/portraits/women/64.jpg', 'medium': 'https://randomuser.me/api/portraits/med/women/64.jpg', 'thumbnail': 'https://randomuser.me/api/portraits/thumb/women/64.jpg'}, 'nat': 'TR'}</msg>
<arg>${json_data['results'][0]}</arg>
<doc>Logs the given message with the given level.</doc>
<status status="PASS" start="2024-06-18T23:15:50.525956" elapsed="0.000408"/>
</kw>
<kw name="Log" owner="BuiltIn">
<msg time="2024-06-18T23:15:50.526778" level="INFO">email</msg>
<arg>${key}</arg>
<doc>Logs the given message with the given level.</doc>
<status status="PASS" start="2024-06-18T23:15:50.526655" elapsed="0.000160"/>
</kw>
<var name="${key}">email</var>
<status status="PASS" start="2024-06-18T23:15:50.525287" elapsed="0.001738"/>
</iter>
<iter>
<kw name="Dictionary Should Contain Key" owner="Collections">
<arg>${json_data['results'][0]}</arg>
<arg>${key}</arg>
<doc>Fails if ``key`` is not found from ``dictionary``.</doc>
<status status="PASS" start="2024-06-18T23:15:50.527296" elapsed="0.000404"/>
</kw>
<kw name="Log" owner="BuiltIn">
<msg time="2024-06-18T23:15:50.528242" level="INFO">{'gender': 'female', 'name': {'title': 'Miss', 'first': 'Ceyhan', 'last': 'Karaböcek'}, 'location': {'street': {'number': 9412, 'name': 'Filistin Cd'}, 'city': 'Ağrı', 'state': 'Çorum', 'country': 'Turkey', 'postcode': 47363, 'coordinates': {'latitude': '67.0785', 'longitude': '52.8066'}, 'timezone': {'offset': '+9:30', 'description': 'Adelaide, Darwin'}}, 'email': 'ceyhan.karabocek@example.com', 'login': {'uuid': '271ef903-6538-4b36-b34d-de1ca4815ae7', 'username': 'ticklishswan918', 'password': 'designer', 'salt': 'umIRoA0o', 'md5': 'd163008dee2799f90181f1f9ab571df5', 'sha1': '11a1f8916c70cc2f9c3847c09a4e1941d96a2c21', 'sha256': '4c32b3cbb3773381a3f95b6cf0db4dce2938ce79e153fd467f48cdbc3e1cce89'}, 'dob': {'date': '1949-03-13T12:31:30.239Z', 'age': 75}, 'registered': {'date': '2018-07-01T06:03:51.551Z', 'age': 5}, 'phone': '(251)-368-4112', 'cell': '(892)-947-2349', 'id': {'name': '', 'value': None}, 'picture': {'large': 'https://randomuser.me/api/portraits/women/64.jpg', 'medium': 'https://randomuser.me/api/portraits/med/women/64.jpg', 'thumbnail': 'https://randomuser.me/api/portraits/thumb/women/64.jpg'}, 'nat': 'TR'}</msg>
<arg>${json_data['results'][0]}</arg>
<doc>Logs the given message with the given level.</doc>
<status status="PASS" start="2024-06-18T23:15:50.527884" elapsed="0.000409"/>
</kw>
<kw name="Log" owner="BuiltIn">
<msg time="2024-06-18T23:15:50.528822" level="INFO">login</msg>
<arg>${key}</arg>
<doc>Logs the given message with the given level.</doc>
<status status="PASS" start="2024-06-18T23:15:50.528584" elapsed="0.000276"/>
</kw>
<var name="${key}">login</var>
<status status="PASS" start="2024-06-18T23:15:50.527191" elapsed="0.001888"/>
</iter>
<var>${key}</var>
<value>@{expected_keys}</value>
<status status="PASS" start="2024-06-18T23:15:50.519101" elapsed="0.010097"/>
</for>
<kw name="Create List" owner="BuiltIn">
<msg time="2024-06-18T23:15:50.529520" level="INFO">${expected_keysTwo} = ['username', 'password']</msg>
<var>${expected_keysTwo}</var>
<arg>username</arg>
<arg>password</arg>
<doc>Returns a list containing given items.</doc>
<status status="PASS" start="2024-06-18T23:15:50.529388" elapsed="0.000155"/>
</kw>
<for flavor="IN">
<iter>
<kw name="Dictionary Should Contain Key" owner="Collections">
<arg>${json_data['results'][0]['login']}</arg>
<arg>${keyTwo}</arg>
<doc>Fails if ``key`` is not found from ``dictionary``.</doc>
<status status="PASS" start="2024-06-18T23:15:50.530070" elapsed="0.000416"/>
</kw>
<kw name="Dictionary Should Contain Key" owner="Collections">
<arg>${json_data['results'][0]['login']}</arg>
<arg>${keyTwo}</arg>
<doc>Fails if ``key`` is not found from ``dictionary``.</doc>
<status status="PASS" start="2024-06-18T23:15:50.530666" elapsed="0.000372"/>
</kw>
<kw name="Log" owner="BuiltIn">
<msg time="2024-06-18T23:15:50.531338" level="INFO">username</msg>
<arg>${keyTwo}</arg>
<doc>Logs the given message with the given level.</doc>
<status status="PASS" start="2024-06-18T23:15:50.531216" elapsed="0.000158"/>
</kw>
<var name="${keyTwo}">username</var>
<status status="PASS" start="2024-06-18T23:15:50.529964" elapsed="0.001659"/>
</iter>
<iter>
<kw name="Dictionary Should Contain Key" owner="Collections">
<arg>${json_data['results'][0]['login']}</arg>
<arg>${keyTwo}</arg>
<doc>Fails if ``key`` is not found from ``dictionary``.</doc>
<status status="PASS" start="2024-06-18T23:15:50.531895" elapsed="0.000369"/>
</kw>
<kw name="Dictionary Should Contain Key" owner="Collections">
<arg>${json_data['results'][0]['login']}</arg>
<arg>${keyTwo}</arg>
<doc>Fails if ``key`` is not found from ``dictionary``.</doc>
<status status="PASS" start="2024-06-18T23:15:50.532438" elapsed="0.000371"/>
</kw>
<kw name="Log" owner="BuiltIn">
<msg time="2024-06-18T23:15:50.533101" level="INFO">password</msg>
<arg>${keyTwo}</arg>
<doc>Logs the given message with the given level.</doc>
<status status="PASS" start="2024-06-18T23:15:50.532983" elapsed="0.000154"/>
</kw>
<var name="${keyTwo}">password</var>
<status status="PASS" start="2024-06-18T23:15:50.531791" elapsed="0.001567"/>
</iter>
<var>${keyTwo}</var>
<value>@{expected_keysTwo}</value>
<status status="PASS" start="2024-06-18T23:15:50.529809" elapsed="0.003669"/>
</for>
<status status="PASS" start="2024-06-18T23:15:50.268527" elapsed="0.265093"/>
</kw>
<doc>Testa a estrutura da resposta da API.</doc>
<tag>testeEstruturaResposta</tag>
<status status="PASS" start="2024-06-18T23:15:50.267531" elapsed="0.266250"/>
</test>
<test id="s1-s1-t4" name="Validar tipos de dados" line="28">
<kw name="Teste de Tipos de Dados" owner="random-user-service">
<kw name="GET On Session" owner="RequestsLibrary">
<msg time="2024-06-18T23:15:50.680389" level="INFO">GET Request : url=https://randomuser.me/api 
 path_url=/api 
 headers={'User-Agent': 'python-requests/2.32.3', 'Accept-Encoding': 'gzip, deflate', 'Accept': '*/*', 'Connection': 'keep-alive'} 
 body=None 
 </msg>
<msg time="2024-06-18T23:15:50.680500" level="INFO">GET Response : url=https://randomuser.me/api 
 status=200, reason=OK 
 headers={'Date': 'Tue, 18 Jun 2024 23:15:50 GMT', 'Content-Type': 'application/json; charset=utf-8', 'Transfer-Encoding': 'chunked', 'Connection': 'keep-alive', 'X-Powered-By': 'Express', 'Access-Control-Allow-Origin': '*', 'Cache-Control': 'no-cache', 'ETag': 'W/"48c-MzY6lQoh/dLGxDGDlr3awXr0BWM"', 'Vary': 'Accept-Encoding', 'Content-Encoding': 'gzip', 'CF-Cache-Status': 'DYNAMIC', 'Report-To': '{"endpoints":[{"url":"https:\\/\\/a.nel.cloudflare.com\\/report\\/v4?s=Yj64fA5N3msnec83t%2BM%2FAOPmxT4Mr7DVbxFPz3C7Pl2MQqgFEzNK2sg%2BmDpABhVBh%2BevSm2%2F7lOSUS%2FxBpEn4Y3SpbQBEzwlWzgoA53jUN62ed4%2FuelLF%2BdhtQI7mAD4"}],"group":"cf-nel","max_age":604800}', 'NEL': '{"success_fraction":0,"report_to":"cf-nel","max_age":604800}', 'Server': 'cloudflare', 'CF-RAY': '895efbd0eb043910-IAD', 'alt-svc': 'h3=":443"; ma=86400'} 
 body={"results":[{"gender":"female","name":{"title":"Mrs","first":"Inés","last":"Zamora"},"location":{"street":{"number":8806,"name":"Andador Jamaica"},"city":"Jiquipilas","state":"Veracruz","country":"Mexico","postcode":57535,"coordinates":{"latitude":"28.2895","longitude":"116.6812"},"timezone":{"offset":"-12:00","description":"Eniwetok, Kwajalein"}},"email":"ines.zamora@example.com","login":{"uuid":"7fa0e16e-8a7d-4e41-8878-082f2ec59318","username":"lazybear605","password":"ironman","salt":"QDZ5tfcH","md5":"dafcfdbcfd8dcd0ed76747f1369ba6da","sha1":"5cf121e263fc4361ad248467cc7b15ee5e0c511d","sha256":"8085dbae6363327a955a527e297c96107e65269cd40d473e7642cda4bd1e9d5c"},"dob":{"date":"1952-11-17T11:50:44.163Z","age":71},"registered":{"date":"2021-11-15T23:18:04.067Z","age":2},"phone":"(687) 362 0564","cell":"(680) 821 9844","id":{"name":"NSS","value":"83 00 38 0315 6"},"picture":{"large":"https://randomuser.me/api/portraits/women/13.jpg","medium":"https://randomuser.me/api/portraits/med/women/13.jpg","thumbnail":"https://randomuser.me/api/portraits/thumb/women/13.jpg"},"nat":"MX"}],"info":{"seed":"6d0e4d07f920382e","results":1,"page":1,"version":"1.4"}} 
 </msg>
<msg time="2024-06-18T23:15:50.680585" level="INFO">/opt/hostedtoolcache/Python/3.12.4/x64/lib/python3.12/site-packages/urllib3/connectionpool.py:1099: InsecureRequestWarning: Unverified HTTPS request is being made to host 'randomuser.me'. Adding certificate verification is strongly advised. See: https://urllib3.readthedocs.io/en/latest/advanced-usage.html#tls-warnings
  warnings.warn(</msg>
<msg time="2024-06-18T23:15:50.680702" level="INFO">${response} = &lt;Response [200]&gt;</msg>
<var>${response}</var>
<arg>consultarAPI</arg>
<arg>/api</arg>
<doc>Sends a GET request on a previously created HTTP Session.</doc>
<status status="PASS" start="2024-06-18T23:15:50.536233" elapsed="0.144506"/>
</kw>
<kw name="Set Variable" owner="BuiltIn">
<msg time="2024-06-18T23:15:50.681745" level="INFO">${json_data} = {'results': [{'gender': 'female', 'name': {'title': 'Mrs', 'first': 'Inés', 'last': 'Zamora'}, 'location': {'street': {'number': 8806, 'name': 'Andador Jamaica'}, 'city': 'Jiquipilas', 'state': 'Verac...</msg>
<var>${json_data}</var>
<arg>${response.json()}</arg>
<doc>Returns the given values which can then be assigned to a variables.</doc>
<status status="PASS" start="2024-06-18T23:15:50.681233" elapsed="0.000541"/>
</kw>
<kw name="Log" owner="BuiltIn">
<msg time="2024-06-18T23:15:50.682238" level="INFO">{'results': [{'gender': 'female', 'name': {'title': 'Mrs', 'first': 'Inés', 'last': 'Zamora'}, 'location': {'street': {'number': 8806, 'name': 'Andador Jamaica'}, 'city': 'Jiquipilas', 'state': 'Veracruz', 'country': 'Mexico', 'postcode': 57535, 'coordinates': {'latitude': '28.2895', 'longitude': '116.6812'}, 'timezone': {'offset': '-12:00', 'description': 'Eniwetok, Kwajalein'}}, 'email': 'ines.zamora@example.com', 'login': {'uuid': '7fa0e16e-8a7d-4e41-8878-082f2ec59318', 'username': 'lazybear605', 'password': 'ironman', 'salt': 'QDZ5tfcH', 'md5': 'dafcfdbcfd8dcd0ed76747f1369ba6da', 'sha1': '5cf121e263fc4361ad248467cc7b15ee5e0c511d', 'sha256': '8085dbae6363327a955a527e297c96107e65269cd40d473e7642cda4bd1e9d5c'}, 'dob': {'date': '1952-11-17T11:50:44.163Z', 'age': 71}, 'registered': {'date': '2021-11-15T23:18:04.067Z', 'age': 2}, 'phone': '(687) 362 0564', 'cell': '(680) 821 9844', 'id': {'name': 'NSS', 'value': '83 00 38 0315 6'}, 'picture': {'large': 'https://randomuser.me/api/portraits/women/13.jpg', 'medium': 'https://randomuser.me/api/portraits/med/women/13.jpg', 'thumbnail': 'https://randomuser.me/api/portraits/thumb/women/13.jpg'}, 'nat': 'MX'}], 'info': {'seed': '6d0e4d07f920382e', 'results': 1, 'page': 1, 'version': '1.4'}}</msg>
<arg>${json_data}</arg>
<doc>Logs the given message with the given level.</doc>
<status status="PASS" start="2024-06-18T23:15:50.682084" elapsed="0.000203"/>
</kw>
<kw name="Should Be String" owner="String">
<arg>${json_data['results'][0]['gender']}</arg>
<doc>Fails if the given ``item`` is not a string.</doc>
<status status="PASS" start="2024-06-18T23:15:50.682572" elapsed="0.000365"/>
</kw>
<kw name="Should Match Regexp" owner="BuiltIn">
<arg>${json_data['results'][0]['email']}</arg>
<arg>^[a-zA-Z0-9._%+-]+@[a-zA-Z0-9.-]+\.[a-zA-Z]{2,}$</arg>
<doc>Fails if ``string`` does not match ``pattern`` as a regular expression.</doc>
<status status="PASS" start="2024-06-18T23:15:50.683121" elapsed="0.000552"/>
</kw>
<kw name="Should Match Regexp" owner="BuiltIn">
<arg>${json_data['results'][0]['dob']['date']}</arg>
<arg>\\d{4}-\\d{2}-\\d{2}T\\d{2}:\\d{2}:\\d{2}\\.\\d{3}Z</arg>
<doc>Fails if ``string`` does not match ``pattern`` as a regular expression.</doc>
<status status="PASS" start="2024-06-18T23:15:50.683904" elapsed="0.000484"/>
</kw>
<kw name="Should Match Regexp" owner="BuiltIn">
<arg>${json_data['results'][0]['registered']['date']}</arg>
<arg>\\d{4}-\\d{2}-\\d{2}T\\d{2}:\\d{2}:\\d{2}\\.\\d{3}Z</arg>
<doc>Fails if ``string`` does not match ``pattern`` as a regular expression.</doc>
<status status="PASS" start="2024-06-18T23:15:50.684578" elapsed="0.000363"/>
</kw>
<kw name="Should Match Regexp" owner="BuiltIn">
<arg>${json_data['results'][0]['picture']['large']}</arg>
<arg>^https?://.*\.(?:png|jpe?g|gif|bmp)$</arg>
<doc>Fails if ``string`` does not match ``pattern`` as a regular expression.</doc>
<status status="PASS" start="2024-06-18T23:15:50.685122" elapsed="0.000469"/>
</kw>
<kw name="Should Match Regexp" owner="BuiltIn">
<arg>${json_data['results'][0]['picture']['medium']}</arg>
<arg>^https?://.*\.(?:png|jpe?g|gif|bmp)$</arg>
<doc>Fails if ``string`` does not match ``pattern`` as a regular expression.</doc>
<status status="PASS" start="2024-06-18T23:15:50.685774" elapsed="0.000347"/>
</kw>
<kw name="Should Match Regexp" owner="BuiltIn">
<arg>${json_data['results'][0]['picture']['thumbnail']}</arg>
<arg>^https?://.*\.(?:png|jpe?g|gif|bmp)$</arg>
<doc>Fails if ``string`` does not match ``pattern`` as a regular expression.</doc>
<status status="PASS" start="2024-06-18T23:15:50.686299" elapsed="0.000349"/>
</kw>
<kw name="Log" owner="BuiltIn">
<msg time="2024-06-18T23:15:50.687157" level="INFO">{'large': 'https://randomuser.me/api/portraits/women/13.jpg', 'medium': 'https://randomuser.me/api/portraits/med/women/13.jpg', 'thumbnail': 'https://randomuser.me/api/portraits/thumb/women/13.jpg'}</msg>
<arg>${json_data['results'][0]['picture']}</arg>
<doc>Logs the given message with the given level.</doc>
<status status="PASS" start="2024-06-18T23:15:50.686829" elapsed="0.000369"/>
</kw>
<status status="PASS" start="2024-06-18T23:15:50.536011" elapsed="0.151442"/>
</kw>
<kw name="Teste de Tipos de Dados - Postcode" owner="random-user-service">
<kw name="GET On Session" owner="RequestsLibrary">
<msg time="2024-06-18T23:15:50.805682" level="INFO">GET Request : url=https://randomuser.me/api 
 path_url=/api 
 headers={'User-Agent': 'python-requests/2.32.3', 'Accept-Encoding': 'gzip, deflate', 'Accept': '*/*', 'Connection': 'keep-alive'} 
 body=None 
 </msg>
<msg time="2024-06-18T23:15:50.805766" level="INFO">GET Response : url=https://randomuser.me/api 
 status=200, reason=OK 
 headers={'Date': 'Tue, 18 Jun 2024 23:15:50 GMT', 'Content-Type': 'application/json; charset=utf-8', 'Transfer-Encoding': 'chunked', 'Connection': 'keep-alive', 'X-Powered-By': 'Express', 'Access-Control-Allow-Origin': '*', 'Cache-Control': 'no-cache', 'ETag': 'W/"4a0-sfg2HIEMrzWVQ1Nf0RJP9yH1Ing"', 'Vary': 'Accept-Encoding', 'Content-Encoding': 'gzip', 'CF-Cache-Status': 'DYNAMIC', 'Report-To': '{"endpoints":[{"url":"https:\\/\\/a.nel.cloudflare.com\\/report\\/v4?s=p3uEPj7Iq6ut9wCrP3Jq5HrjmXDYQcXnONzapbd9s6%2B4c3u6SbDMOzWECduh0Tp8glaavUA4KQlITsgghkYSVjsAvKVq5u3TlWKWRGZeVRwwtKhheX99X8AwMOpunm1I"}],"group":"cf-nel","max_age":604800}', 'NEL': '{"success_fraction":0,"report_to":"cf-nel","max_age":604800}', 'Server': 'cloudflare', 'CF-RAY': '895efbd1dc343910-IAD', 'alt-svc': 'h3=":443"; ma=86400'} 
 body={"results":[{"gender":"female","name":{"title":"Miss","first":"Minnie","last":"Ramos"},"location":{"street":{"number":5488,"name":"Photinia Ave"},"city":"Coffs Harbour","state":"New South Wales","country":"Australia","postcode":9200,"coordinates":{"latitude":"-84.4058","longitude":"138.9414"},"timezone":{"offset":"-6:00","description":"Central Time (US &amp; Canada), Mexico City"}},"email":"minnie.ramos@example.com","login":{"uuid":"bb438943-644e-4893-8271-3513551a54f0","username":"bigduck415","password":"jacob1","salt":"pr3FMnXj","md5":"41aee9dbf5b4a425caf0e6ee2fa6e9e5","sha1":"97b078d2187274393e831f62869dcac61ddbaa76","sha256":"4355ebc37b9ab32f7a6ae74dc5e0e3384576769ee2f8715911af1c43ac405106"},"dob":{"date":"1949-03-12T14:04:17.126Z","age":75},"registered":{"date":"2006-10-09T09:13:57.493Z","age":17},"phone":"03-1632-9034","cell":"0444-860-115","id":{"name":"TFN","value":"712317569"},"picture":{"large":"https://randomuser.me/api/portraits/women/31.jpg","medium":"https://randomuser.me/api/portraits/med/women/31.jpg","thumbnail":"https://randomuser.me/api/portraits/thumb/women/31.jpg"},"nat":"AU"}],"info":{"seed":"b3d6da2458a8dc38","results":1,"page":1,"version":"1.4"}} 
 </msg>
<msg time="2024-06-18T23:15:50.805856" level="INFO">/opt/hostedtoolcache/Python/3.12.4/x64/lib/python3.12/site-packages/urllib3/connectionpool.py:1099: InsecureRequestWarning: Unverified HTTPS request is being made to host 'randomuser.me'. Adding certificate verification is strongly advised. See: https://urllib3.readthedocs.io/en/latest/advanced-usage.html#tls-warnings
  warnings.warn(</msg>
<msg time="2024-06-18T23:15:50.805941" level="INFO">${response} = &lt;Response [200]&gt;</msg>
<var>${response}</var>
<arg>consultarAPI</arg>
<arg>/api</arg>
<doc>Sends a GET request on a previously created HTTP Session.</doc>
<status status="PASS" start="2024-06-18T23:15:50.687945" elapsed="0.118025"/>
</kw>
<kw name="Set Variable" owner="BuiltIn">
<msg time="2024-06-18T23:15:50.806790" level="INFO">${json_data} = {'results': [{'gender': 'female', 'name': {'title': 'Miss', 'first': 'Minnie', 'last': 'Ramos'}, 'location': {'street': {'number': 5488, 'name': 'Photinia Ave'}, 'city': 'Coffs Harbour', 'state': 'New...</msg>
<var>${json_data}</var>
<arg>${response.json()}</arg>
<doc>Returns the given values which can then be assigned to a variables.</doc>
<status status="PASS" start="2024-06-18T23:15:50.806350" elapsed="0.000467"/>
</kw>
<kw name="Log" owner="BuiltIn">
<msg time="2024-06-18T23:15:50.807263" level="INFO">{'results': [{'gender': 'female', 'name': {'title': 'Miss', 'first': 'Minnie', 'last': 'Ramos'}, 'location': {'street': {'number': 5488, 'name': 'Photinia Ave'}, 'city': 'Coffs Harbour', 'state': 'New South Wales', 'country': 'Australia', 'postcode': 9200, 'coordinates': {'latitude': '-84.4058', 'longitude': '138.9414'}, 'timezone': {'offset': '-6:00', 'description': 'Central Time (US &amp; Canada), Mexico City'}}, 'email': 'minnie.ramos@example.com', 'login': {'uuid': 'bb438943-644e-4893-8271-3513551a54f0', 'username': 'bigduck415', 'password': 'jacob1', 'salt': 'pr3FMnXj', 'md5': '41aee9dbf5b4a425caf0e6ee2fa6e9e5', 'sha1': '97b078d2187274393e831f62869dcac61ddbaa76', 'sha256': '4355ebc37b9ab32f7a6ae74dc5e0e3384576769ee2f8715911af1c43ac405106'}, 'dob': {'date': '1949-03-12T14:04:17.126Z', 'age': 75}, 'registered': {'date': '2006-10-09T09:13:57.493Z', 'age': 17}, 'phone': '03-1632-9034', 'cell': '0444-860-115', 'id': {'name': 'TFN', 'value': '712317569'}, 'picture': {'large': 'https://randomuser.me/api/portraits/women/31.jpg', 'medium': 'https://randomuser.me/api/portraits/med/women/31.jpg', 'thumbnail': 'https://randomuser.me/api/portraits/thumb/women/31.jpg'}, 'nat': 'AU'}], 'info': {'seed': 'b3d6da2458a8dc38', 'results': 1, 'page': 1, 'version': '1.4'}}</msg>
<arg>${json_data}</arg>
<doc>Logs the given message with the given level.</doc>
<status status="PASS" start="2024-06-18T23:15:50.807113" elapsed="0.000197"/>
</kw>
<kw name="Should Be Equal As Numbers" owner="BuiltIn">
<arg>${json_data['results'][0]['location']['postcode']}</arg>
<arg>${json_data['results'][0]['location']['postcode']}</arg>
<doc>Fails if objects are unequal after converting them to real numbers.</doc>
<status status="PASS" start="2024-06-18T23:15:50.807648" elapsed="0.000628"/>
</kw>
<kw name="Log" owner="BuiltIn">
<msg time="2024-06-18T23:15:50.808792" level="INFO">9200</msg>
<arg>${json_data['results'][0]['location']['postcode']}</arg>
<doc>Logs the given message with the given level.</doc>
<status status="PASS" start="2024-06-18T23:15:50.808462" elapsed="0.000369"/>
</kw>
<status status="PASS" start="2024-06-18T23:15:50.687713" elapsed="0.121389"/>
</kw>
<doc>Testa se os tipos de dados na resposta da API estão corretos.</doc>
<tag>testeTiposDados</tag>
<status status="PASS" start="2024-06-18T23:15:50.535561" elapsed="0.273701"/>
</test>
<test id="s1-s1-t5" name="Validar conteudo" line="35">
<kw name="Teste de Tipos de Conteudo" owner="random-user-service">
<kw name="GET On Session" owner="RequestsLibrary">
<msg time="2024-06-18T23:15:50.912418" level="INFO">GET Request : url=https://randomuser.me/api 
 path_url=/api 
 headers={'User-Agent': 'python-requests/2.32.3', 'Accept-Encoding': 'gzip, deflate', 'Accept': '*/*', 'Connection': 'keep-alive'} 
 body=None 
 </msg>
<msg time="2024-06-18T23:15:50.912510" level="INFO">GET Response : url=https://randomuser.me/api 
 status=200, reason=OK 
 headers={'Date': 'Tue, 18 Jun 2024 23:15:50 GMT', 'Content-Type': 'application/json; charset=utf-8', 'Transfer-Encoding': 'chunked', 'Connection': 'keep-alive', 'X-Powered-By': 'Express', 'Access-Control-Allow-Origin': '*', 'Cache-Control': 'no-cache', 'ETag': 'W/"4a1-hXO6GTvi8sm08osA7sW9tgIbw/M"', 'Vary': 'Accept-Encoding', 'Content-Encoding': 'gzip', 'CF-Cache-Status': 'DYNAMIC', 'Report-To': '{"endpoints":[{"url":"https:\\/\\/a.nel.cloudflare.com\\/report\\/v4?s=n51olo56MtEK5B0oXAGYXete6uOQ%2BLyzSTtREH78jWzBN24IlvRis4HqAQzdib8OrIlxQscN7FQU7OVyJttKavzPAH71GPlYKqMPrDchyrghhbLpRPGk6OQNr5VHhzIX"}],"group":"cf-nel","max_age":604800}', 'NEL': '{"success_fraction":0,"report_to":"cf-nel","max_age":604800}', 'Server': 'cloudflare', 'CF-RAY': '895efbd29d373910-IAD', 'alt-svc': 'h3=":443"; ma=86400'} 
 body={"results":[{"gender":"female","name":{"title":"Ms","first":"Valentina","last":"Jesus"},"location":{"street":{"number":8246,"name":"Beco dos Namorados"},"city":"São Caetano do Sul","state":"Santa Catarina","country":"Brazil","postcode":71906,"coordinates":{"latitude":"-81.2429","longitude":"160.9473"},"timezone":{"offset":"+9:30","description":"Adelaide, Darwin"}},"email":"valentina.jesus@example.com","login":{"uuid":"e8bed1de-bb0d-422b-94ee-9e6c2cc7b0bf","username":"tinymouse915","password":"typhoon","salt":"Ua2jlRLs","md5":"bebb216552e33a706872f5b036d06c6f","sha1":"2f065f466cefc27f75d63f4aa681192301777b8e","sha256":"f9e099399d535f0834939008de00774f6c2e3cbbf12c996a45a34a3797a32754"},"dob":{"date":"1969-04-23T22:19:42.448Z","age":55},"registered":{"date":"2018-05-31T05:41:31.167Z","age":6},"phone":"(77) 4606-9339","cell":"(54) 5093-4169","id":{"name":"CPF","value":"840.528.456-50"},"picture":{"large":"https://randomuser.me/api/portraits/women/14.jpg","medium":"https://randomuser.me/api/portraits/med/women/14.jpg","thumbnail":"https://randomuser.me/api/portraits/thumb/women/14.jpg"},"nat":"BR"}],"info":{"seed":"65e217baefdc1e82","results":1,"page":1,"version":"1.4"}} 
 </msg>
<msg time="2024-06-18T23:15:50.912587" level="INFO">/opt/hostedtoolcache/Python/3.12.4/x64/lib/python3.12/site-packages/urllib3/connectionpool.py:1099: InsecureRequestWarning: Unverified HTTPS request is being made to host 'randomuser.me'. Adding certificate verification is strongly advised. See: https://urllib3.readthedocs.io/en/latest/advanced-usage.html#tls-warnings
  warnings.warn(</msg>
<msg time="2024-06-18T23:15:50.912710" level="INFO">${response} = &lt;Response [200]&gt;</msg>
<var>${response}</var>
<arg>consultarAPI</arg>
<arg>/api</arg>
<doc>Sends a GET request on a previously created HTTP Session.</doc>
<status status="PASS" start="2024-06-18T23:15:50.812005" elapsed="0.100754"/>
</kw>
<kw name="Set Variable" owner="BuiltIn">
<msg time="2024-06-18T23:15:50.913887" level="INFO">${json_data} = {'results': [{'gender': 'female', 'name': {'title': 'Ms', 'first': 'Valentina', 'last': 'Jesus'}, 'location': {'street': {'number': 8246, 'name': 'Beco dos Namorados'}, 'city': 'São Caetano do Sul', '...</msg>
<var>${json_data}</var>
<arg>${response.json()}</arg>
<doc>Returns the given values which can then be assigned to a variables.</doc>
<status status="PASS" start="2024-06-18T23:15:50.913341" elapsed="0.000576"/>
</kw>
<kw name="Set Variable" owner="BuiltIn">
<msg time="2024-06-18T23:15:50.914617" level="INFO">${name_title} = Ms</msg>
<var>${name_title}</var>
<arg>${json_data["results"][0]["name"]["title"]}</arg>
<doc>Returns the given values which can then be assigned to a variables.</doc>
<status status="PASS" start="2024-06-18T23:15:50.914231" elapsed="0.000412"/>
</kw>
<kw name="Create List" owner="BuiltIn">
<msg time="2024-06-18T23:15:50.915087" level="INFO">${allowed_titles} = ['Mr', 'Ms', 'Miss', 'Mrs', 'Madame', 'Monsieur']</msg>
<var>${allowed_titles}</var>
<arg>Mr</arg>
<arg>Ms</arg>
<arg>Miss</arg>
<arg>Mrs</arg>
<arg>Madame</arg>
<arg>Monsieur</arg>
<doc>Returns a list containing given items.</doc>
<status status="PASS" start="2024-06-18T23:15:50.914939" elapsed="0.000172"/>
</kw>
<kw name="List Should Contain Value" owner="Collections">
<arg>${allowed_titles}</arg>
<arg>${name_title}</arg>
<doc>Fails if the ``value`` is not found from ``list``.</doc>
<status status="PASS" start="2024-06-18T23:15:50.915410" elapsed="0.000223"/>
</kw>
<kw name="Set Variable" owner="BuiltIn">
<msg time="2024-06-18T23:15:50.916192" level="INFO">${name_country} = BR</msg>
<var>${name_country}</var>
<arg>${json_data["results"][0]["nat"]}</arg>
<doc>Returns the given values which can then be assigned to a variables.</doc>
<status status="PASS" start="2024-06-18T23:15:50.915821" elapsed="0.000401"/>
</kw>
<kw name="Create List" owner="BuiltIn">
<msg time="2024-06-18T23:15:50.917100" level="INFO">${list_country} = ['AD', 'AE', 'AF', 'AG', 'AI', 'AL', 'AM', 'AO', 'AQ', 'AR', 'AS', 'AT', 'AU', 'AW', 'AX', 'AZ', 'BA', 'BB', 'BD', 'BE', 'BF', 'BG', 'BH', 'BI', 'BJ', 'BL', 'BM', 'BN', 'BO', 'BQ', 'BR', 'BS', 'BT', '...</msg>
<var>${list_country}</var>
<arg>AD</arg>
<arg>AE</arg>
<arg>AF</arg>
<arg>AG</arg>
<arg>AI</arg>
<arg>AL</arg>
<arg>AM</arg>
<arg>AO</arg>
<arg>AQ</arg>
<arg>AR</arg>
<arg>AS</arg>
<arg>AT</arg>
<arg>AU</arg>
<arg>AW</arg>
<arg>AX</arg>
<arg>AZ</arg>
<arg>BA</arg>
<arg>BB</arg>
<arg>BD</arg>
<arg>BE</arg>
<arg>BF</arg>
<arg>BG</arg>
<arg>BH</arg>
<arg>BI</arg>
<arg>BJ</arg>
<arg>BL</arg>
<arg>BM</arg>
<arg>BN</arg>
<arg>BO</arg>
<arg>BQ</arg>
<arg>BR</arg>
<arg>BS</arg>
<arg>BT</arg>
<arg>BV</arg>
<arg>BW</arg>
<arg>BY</arg>
<arg>BZ</arg>
<arg>CA</arg>
<arg>CC</arg>
<arg>CD</arg>
<arg>CF</arg>
<arg>CG</arg>
<arg>CH</arg>
<arg>CI</arg>
<arg>CK</arg>
<arg>CL</arg>
<arg>CM</arg>
<arg>CN</arg>
<arg>CO</arg>
<arg>CR</arg>
<arg>CU</arg>
<arg>CV</arg>
<arg>CW</arg>
<arg>CX</arg>
<arg>CY</arg>
<arg>CZ</arg>
<arg>DE</arg>
<arg>DJ</arg>
<arg>DK</arg>
<arg>DM</arg>
<arg>DO</arg>
<arg>DZ</arg>
<arg>EC</arg>
<arg>EE</arg>
<arg>EG</arg>
<arg>EH</arg>
<arg>ER</arg>
<arg>ES</arg>
<arg>ET</arg>
<arg>FI</arg>
<arg>FJ</arg>
<arg>FK</arg>
<arg>FM</arg>
<arg>FO</arg>
<arg>FR</arg>
<arg>GA</arg>
<arg>GB</arg>
<arg>GD</arg>
<arg>GE</arg>
<arg>GF</arg>
<arg>GG</arg>
<arg>GH</arg>
<arg>GI</arg>
<arg>GL</arg>
<arg>GM</arg>
<arg>GN</arg>
<arg>GP</arg>
<arg>GQ</arg>
<arg>GR</arg>
<arg>GS</arg>
<arg>GT</arg>
<arg>GU</arg>
<arg>GW</arg>
<arg>GY</arg>
<arg>HK</arg>
<arg>HM</arg>
<arg>HN</arg>
<arg>HR</arg>
<arg>HT</arg>
<arg>HU</arg>
<arg>ID</arg>
<arg>IE</arg>
<arg>IL</arg>
<arg>IM</arg>
<arg>IN</arg>
<arg>IO</arg>
<arg>IQ</arg>
<arg>IR</arg>
<arg>IS</arg>
<arg>IT</arg>
<arg>JE</arg>
<arg>JM</arg>
<arg>JO</arg>
<arg>JP</arg>
<arg>KE</arg>
<arg>KG</arg>
<arg>KH</arg>
<arg>KI</arg>
<arg>KM</arg>
<arg>KN</arg>
<arg>KP</arg>
<arg>KR</arg>
<arg>KW</arg>
<arg>KY</arg>
<arg>KZ</arg>
<arg>LA</arg>
<arg>LB</arg>
<arg>LC</arg>
<arg>LI</arg>
<arg>LK</arg>
<arg>LR</arg>
<arg>LS</arg>
<arg>LT</arg>
<arg>LU</arg>
<arg>LV</arg>
<arg>LY</arg>
<arg>MA</arg>
<arg>MC</arg>
<arg>MD</arg>
<arg>ME</arg>
<arg>MF</arg>
<arg>MG</arg>
<arg>MH</arg>
<arg>MK</arg>
<arg>ML</arg>
<arg>MM</arg>
<arg>MN</arg>
<arg>MO</arg>
<arg>MP</arg>
<arg>MQ</arg>
<arg>MR</arg>
<arg>MS</arg>
<arg>MT</arg>
<arg>MU</arg>
<arg>MV</arg>
<arg>MW</arg>
<arg>MX</arg>
<arg>MY</arg>
<arg>MZ</arg>
<arg>NA</arg>
<arg>NC</arg>
<arg>NE</arg>
<arg>NF</arg>
<arg>NG</arg>
<arg>NI</arg>
<arg>NL</arg>
<arg>NO</arg>
<arg>NP</arg>
<arg>NR</arg>
<arg>NU</arg>
<arg>NZ</arg>
<arg>OM</arg>
<arg>PA</arg>
<arg>PE</arg>
<arg>PF</arg>
<arg>PG</arg>
<arg>PH</arg>
<arg>PK</arg>
<arg>PL</arg>
<arg>PM</arg>
<arg>PN</arg>
<arg>PR</arg>
<arg>PS</arg>
<arg>PT</arg>
<arg>PW</arg>
<arg>PY</arg>
<arg>QA</arg>
<arg>RE</arg>
<arg>RO</arg>
<arg>RS</arg>
<arg>RU</arg>
<arg>RW</arg>
<arg>SA</arg>
<arg>SB</arg>
<arg>SC</arg>
<arg>SD</arg>
<arg>SE</arg>
<arg>SG</arg>
<arg>SH</arg>
<arg>SI</arg>
<arg>SJ</arg>
<arg>SK</arg>
<arg>SL</arg>
<arg>SM</arg>
<arg>SN</arg>
<arg>SO</arg>
<arg>SR</arg>
<arg>SS</arg>
<arg>ST</arg>
<arg>SV</arg>
<arg>SX</arg>
<arg>SY</arg>
<arg>SZ</arg>
<arg>TC</arg>
<arg>TD</arg>
<arg>TF</arg>
<arg>TG</arg>
<arg>TH</arg>
<arg>TJ</arg>
<arg>TK</arg>
<arg>TL</arg>
<arg>TM</arg>
<arg>TN</arg>
<arg>TO</arg>
<arg>TR</arg>
<arg>TT</arg>
<arg>TV</arg>
<arg>TW</arg>
<arg>TZ</arg>
<arg>UA</arg>
<arg>UG</arg>
<arg>UM</arg>
<arg>US</arg>
<arg>UY</arg>
<arg>UZ</arg>
<arg>VA</arg>
<arg>VC</arg>
<arg>VE</arg>
<arg>VG</arg>
<arg>VI</arg>
<arg>VN</arg>
<arg>VU</arg>
<arg>WF</arg>
<arg>WS</arg>
<arg>XK</arg>
<arg>YE</arg>
<arg>YT</arg>
<arg>ZA</arg>
<arg>ZM</arg>
<arg>ZW</arg>
<doc>Returns a list containing given items.</doc>
<status status="PASS" start="2024-06-18T23:15:50.916510" elapsed="0.000615"/>
</kw>
<kw name="List Should Contain Value" owner="Collections">
<arg>${list_country}</arg>
<arg>${name_country}</arg>
<doc>Fails if the ``value`` is not found from ``list``.</doc>
<status status="PASS" start="2024-06-18T23:15:50.917917" elapsed="0.000199"/>
</kw>
<kw name="Run Keyword If" owner="BuiltIn">
<kw name="Should Be True" owner="BuiltIn">
<arg>${True}</arg>
<doc>Fails if the given condition is not true.</doc>
<status status="PASS" start="2024-06-18T23:15:50.919184" elapsed="0.000140"/>
</kw>
<arg>${json_data["results"][0]["location"]["coordinates"]["latitude"]} &gt;= -90 and ${json_data["results"][0]["location"]["coordinates"]["latitude"]} &lt;= 90</arg>
<arg>Should Be True</arg>
<arg>${True}</arg>
<doc>Runs the given keyword with the given arguments, if ``condition`` is true.</doc>
<status status="PASS" start="2024-06-18T23:15:50.918315" elapsed="0.001132"/>
</kw>
<kw name="Run Keyword If" owner="BuiltIn">
<kw name="Should Be True" owner="BuiltIn">
<arg>${True}</arg>
<doc>Fails if the given condition is not true.</doc>
<status status="PASS" start="2024-06-18T23:15:50.920354" elapsed="0.000135"/>
</kw>
<arg>${json_data["results"][0]["location"]["coordinates"]["longitude"]} &gt;= -180 and ${json_data["results"][0]["location"]["coordinates"]["longitude"]} &lt;= 180</arg>
<arg>Should Be True</arg>
<arg>${True}</arg>
<doc>Runs the given keyword with the given arguments, if ``condition`` is true.</doc>
<status status="PASS" start="2024-06-18T23:15:50.919650" elapsed="0.000958"/>
</kw>
<status status="PASS" start="2024-06-18T23:15:50.811635" elapsed="0.109102"/>
</kw>
<doc>Testa o conteúdo específico dos campos retornados pela API.</doc>
<tag>testeConteudo</tag>
<status status="PASS" start="2024-06-18T23:15:50.810970" elapsed="0.109912"/>
</test>
<status status="PASS" start="2024-06-18T23:15:49.366970" elapsed="1.555880"/>
</suite>
<status status="PASS" start="2024-06-18T23:15:49.352763" elapsed="1.575231"/>
</suite>
<statistics>
<total>
<stat pass="5" fail="0" skip="0">All Tests</stat>
</total>
<tag>
<stat pass="1" fail="0" skip="0">testeConteudo</stat>
<stat pass="1" fail="0" skip="0">testeEstruturaResposta</stat>
<stat pass="1" fail="0" skip="0">testeRequisicaoBasica</stat>
<stat pass="1" fail="0" skip="0">testeTiposDados</stat>
</tag>
<suite>
<stat pass="5" fail="0" skip="0" id="s1" name="Tests">Tests</stat>
<stat pass="5" fail="0" skip="0" id="s1-s1" name="Random-User-Test">Tests.Random-User-Test</stat>
</suite>
</statistics>
<errors>
</errors>
</robot>
