<?xml version="1.0" encoding="UTF-8"?>
<robot generator="Robot 7.0 (Python 3.12.3 on linux)" generated="2024-04-30T07:14:03.199091" rpa="false" schemaversion="5">
<suite id="s1" name="Tests" source="/home/runner/work/DesafioQAItauRogerioJordao/DesafioQAItauRogerioJordao/RamdonUser/tests">
<suite id="s1-s1" name="Random-User-Test" source="/home/runner/work/DesafioQAItauRogerioJordao/DesafioQAItauRogerioJordao/RamdonUser/tests/random-user-test.robot">
<test id="s1-s1-t1" name="Conectar" line="13">
<kw name="Conectar API" owner="random-user-service">
<kw name="Create Session" owner="RequestsLibrary">
<msg time="2024-04-30T07:14:03.562858" level="INFO">Creating Session using : alias=consultarAPI, url=https://randomuser.me/, headers={},                     cookies={}, auth=None, timeout=None, proxies=None, verify=False,                     debug=0 </msg>
<arg>consultarAPI</arg>
<arg>${URL}</arg>
<doc>Create Session: create a HTTP session to a server</doc>
<status status="PASS" start="2024-04-30T07:14:03.562658" elapsed="0.000380"/>
</kw>
<status status="PASS" start="2024-04-30T07:14:03.561695" elapsed="0.001711"/>
</kw>
<status status="PASS" start="2024-04-30T07:14:03.561096" elapsed="0.002504"/>
</test>
<test id="s1-s1-t2" name="Validar retorno 200 e JSON Válido" line="16">
<kw name="Teste de Requisicao Basica" owner="random-user-service">
<kw name="GET On Session" owner="RequestsLibrary">
<msg time="2024-04-30T07:14:03.721287" level="INFO">GET Request : url=https://randomuser.me/api 
 path_url=/api 
 headers={'User-Agent': 'python-requests/2.31.0', 'Accept-Encoding': 'gzip, deflate', 'Accept': '*/*', 'Connection': 'keep-alive'} 
 body=None 
 </msg>
<msg time="2024-04-30T07:14:03.721441" level="INFO">GET Response : url=https://randomuser.me/api 
 status=200, reason=OK 
 headers={'Date': 'Tue, 30 Apr 2024 07:14:03 GMT', 'Content-Type': 'application/json; charset=utf-8', 'Transfer-Encoding': 'chunked', 'Connection': 'keep-alive', 'X-Powered-By': 'Express', 'Access-Control-Allow-Origin': '*', 'Cache-Control': 'no-cache', 'ETag': 'W/"49a-4Yvow3ZDgqhhN1NSMxGG8oaq/zY"', 'Vary': 'Accept-Encoding', 'Content-Encoding': 'gzip', 'CF-Cache-Status': 'DYNAMIC', 'Report-To': '{"endpoints":[{"url":"https:\\/\\/a.nel.cloudflare.com\\/report\\/v4?s=xFJvnnRyagWuk6X5TjHVKLaZ3VtSz3t4JZtXwI4JQeKfYcx25JCIwKtVojRUWBEk8eXBjxPgcyBgW%2FRiC7Y0obVdoduJhOVnXoHPhtw6riACNOm1g0xYlixUK2MQaJZY"}],"group":"cf-nel","max_age":604800}', 'NEL': '{"success_fraction":0,"report_to":"cf-nel","max_age":604800}', 'Server': 'cloudflare', 'CF-RAY': '87c5bb94ab632b55-LAX', 'alt-svc': 'h3=":443"; ma=86400'} 
 body={"results":[{"gender":"female","name":{"title":"Mrs","first":"Tiffany","last":"Ortiz"},"location":{"street":{"number":5929,"name":"Crockett St"},"city":"Lowell","state":"Delaware","country":"United States","postcode":87075,"coordinates":{"latitude":"83.5458","longitude":"12.1230"},"timezone":{"offset":"+3:00","description":"Baghdad, Riyadh, Moscow, St. Petersburg"}},"email":"tiffany.ortiz@example.com","login":{"uuid":"ea789282-df9f-478f-b145-5fd90d7df260","username":"greenfrog977","password":"destiny","salt":"7M8DG89g","md5":"a3fd01cb60f7001e48019aefdfdb2827","sha1":"dd8d220dac2b92ea0b3d6b52ed11b78363580c02","sha256":"f54e247673217f9848b968b57244d241b2fd25d3aebd70f3be4d9c992d7b9abc"},"dob":{"date":"1992-06-04T05:02:37.442Z","age":31},"registered":{"date":"2014-06-15T09:59:15.129Z","age":9},"phone":"(848) 913-0312","cell":"(988) 761-9974","id":{"name":"SSN","value":"837-43-6728"},"picture":{"large":"https://randomuser.me/api/portraits/women/0.jpg","medium":"https://randomuser.me/api/portraits/med/women/0.jpg","thumbnail":"https://randomuser.me/api/portraits/thumb/women/0.jpg"},"nat":"US"}],"info":{"seed":"658c157c72dfb5a9","results":1,"page":1,"version":"1.4"}} 
 </msg>
<msg time="2024-04-30T07:14:03.721550" level="INFO">/opt/hostedtoolcache/Python/3.12.3/x64/lib/python3.12/site-packages/urllib3/connectionpool.py:1103: InsecureRequestWarning: Unverified HTTPS request is being made to host 'randomuser.me'. Adding certificate verification is strongly advised. See: https://urllib3.readthedocs.io/en/latest/advanced-usage.html#tls-warnings
  warnings.warn(</msg>
<msg time="2024-04-30T07:14:03.721709" level="INFO">${response} = &lt;Response [200]&gt;</msg>
<var>${response}</var>
<arg>consultarAPI</arg>
<arg>/api</arg>
<doc>Sends a GET request on a previously created HTTP Session.</doc>
<status status="PASS" start="2024-04-30T07:14:03.566233" elapsed="0.155520"/>
</kw>
<kw name="Should Be Equal As Numbers" owner="BuiltIn">
<msg time="2024-04-30T07:14:03.722938" level="INFO">Argument types are:
&lt;class 'int'&gt;
&lt;class 'str'&gt;</msg>
<arg>${response.status_code}</arg>
<arg>200</arg>
<doc>Fails if objects are unequal after converting them to real numbers.</doc>
<status status="PASS" start="2024-04-30T07:14:03.722434" elapsed="0.000570"/>
</kw>
<kw name="Log" owner="BuiltIn">
<msg time="2024-04-30T07:14:03.723729" level="INFO">200</msg>
<arg>${response.status_code}</arg>
<doc>Logs the given message with the given level.</doc>
<status status="PASS" start="2024-04-30T07:14:03.723369" elapsed="0.000403"/>
</kw>
<kw name="Set Variable" owner="BuiltIn">
<msg time="2024-04-30T07:14:03.724518" level="INFO">${json_data} = {'results': [{'gender': 'female', 'name': {'title': 'Mrs', 'first': 'Tiffany', 'last': 'Ortiz'}, 'location': {'street': {'number': 5929, 'name': 'Crockett St'}, 'city': 'Lowell', 'state': 'Delaware', ...</msg>
<var>${json_data}</var>
<arg>${response.json()}</arg>
<doc>Returns the given values which can then be assigned to a variables.</doc>
<status status="PASS" start="2024-04-30T07:14:03.724081" elapsed="0.000472"/>
</kw>
<kw name="Dictionary Should Contain Key" owner="Collections">
<msg time="2024-04-30T07:14:03.725028" level="INFO">False</msg>
<arg>${json_data}</arg>
<arg>results</arg>
<doc>Fails if ``key`` is not found from ``dictionary``.</doc>
<status status="PASS" start="2024-04-30T07:14:03.724856" elapsed="0.000218"/>
</kw>
<status status="PASS" start="2024-04-30T07:14:03.565990" elapsed="0.159343"/>
</kw>
<doc>Testa se a API responde corretamente e retorna um objeto JSON válido.</doc>
<tag>testeRequisicaoBasica</tag>
<status status="PASS" start="2024-04-30T07:14:03.565478" elapsed="0.160081"/>
</test>
<test id="s1-s1-t3" name="Validar estrutura de resposta" line="22">
<kw name="Teste de Estrutura de Resposta" owner="random-user-service">
<kw name="GET On Session" owner="RequestsLibrary">
<msg time="2024-04-30T07:14:03.831128" level="INFO">GET Request : url=https://randomuser.me/api 
 path_url=/api 
 headers={'User-Agent': 'python-requests/2.31.0', 'Accept-Encoding': 'gzip, deflate', 'Accept': '*/*', 'Connection': 'keep-alive'} 
 body=None 
 </msg>
<msg time="2024-04-30T07:14:03.831244" level="INFO">GET Response : url=https://randomuser.me/api 
 status=200, reason=OK 
 headers={'Date': 'Tue, 30 Apr 2024 07:14:03 GMT', 'Content-Type': 'application/json; charset=utf-8', 'Transfer-Encoding': 'chunked', 'Connection': 'keep-alive', 'X-Powered-By': 'Express', 'Access-Control-Allow-Origin': '*', 'Cache-Control': 'no-cache', 'ETag': 'W/"4ab-iNR1SZIUW02yLNlTjO+3F7jN0xk"', 'Vary': 'Accept-Encoding', 'Content-Encoding': 'gzip', 'CF-Cache-Status': 'DYNAMIC', 'Report-To': '{"endpoints":[{"url":"https:\\/\\/a.nel.cloudflare.com\\/report\\/v4?s=cvBHn99lHZsUS4Q%2BwaC0JMpXdHZFTFQWD0aL1Z1iJMznyOEYJVxqX4klf4%2FcsgKF1d2o9yfHjCE0knx%2Fd5P%2FFD5TNp2r9%2FzErkXC6vu2SAgucEw0AKmi5e6zrB9H3G%2Fu"}],"group":"cf-nel","max_age":604800}', 'NEL': '{"success_fraction":0,"report_to":"cf-nel","max_age":604800}', 'Server': 'cloudflare', 'CF-RAY': '87c5bb955c1a2b55-LAX', 'alt-svc': 'h3=":443"; ma=86400'} 
 body={"results":[{"gender":"female","name":{"title":"Madame","first":"Diana","last":"Martinez"},"location":{"street":{"number":6656,"name":"Boulevard de la Duchère"},"city":"Salvan","state":"Obwalden","country":"Switzerland","postcode":6334,"coordinates":{"latitude":"-61.1007","longitude":"158.4058"},"timezone":{"offset":"-6:00","description":"Central Time (US &amp; Canada), Mexico City"}},"email":"diana.martinez@example.com","login":{"uuid":"3a23a2c9-d1c2-4b92-bfef-4b0f1a9cd348","username":"whitefish752","password":"town","salt":"eUkRKiE8","md5":"6ae8a7c03948b61cc3cc5106c534ad03","sha1":"d725146092129bdbfd7f458d43eb5da8c0d8e2b2","sha256":"e97391a1f1de15e5a6bc494d899e9569ab604f4da06f44090d166544451a7073"},"dob":{"date":"1945-05-13T17:19:00.544Z","age":78},"registered":{"date":"2021-03-27T11:23:30.059Z","age":3},"phone":"078 823 54 75","cell":"077 529 53 92","id":{"name":"AVS","value":"756.1903.0972.89"},"picture":{"large":"https://randomuser.me/api/portraits/women/8.jpg","medium":"https://randomuser.me/api/portraits/med/women/8.jpg","thumbnail":"https://randomuser.me/api/portraits/thumb/women/8.jpg"},"nat":"CH"}],"info":{"seed":"166f214aa48ed61f","results":1,"page":1,"version":"1.4"}} 
 </msg>
<msg time="2024-04-30T07:14:03.831400" level="INFO">/opt/hostedtoolcache/Python/3.12.3/x64/lib/python3.12/site-packages/urllib3/connectionpool.py:1103: InsecureRequestWarning: Unverified HTTPS request is being made to host 'randomuser.me'. Adding certificate verification is strongly advised. See: https://urllib3.readthedocs.io/en/latest/advanced-usage.html#tls-warnings
  warnings.warn(</msg>
<msg time="2024-04-30T07:14:03.831550" level="INFO">${response} = &lt;Response [200]&gt;</msg>
<var>${response}</var>
<arg>consultarAPI</arg>
<arg>/api</arg>
<doc>Sends a GET request on a previously created HTTP Session.</doc>
<status status="PASS" start="2024-04-30T07:14:03.728200" elapsed="0.103392"/>
</kw>
<kw name="Set Variable" owner="BuiltIn">
<msg time="2024-04-30T07:14:03.832661" level="INFO">${json_data} = {'results': [{'gender': 'female', 'name': {'title': 'Madame', 'first': 'Diana', 'last': 'Martinez'}, 'location': {'street': {'number': 6656, 'name': 'Boulevard de la Duchère'}, 'city': 'Salvan', 'stat...</msg>
<var>${json_data}</var>
<arg>${response.json()}</arg>
<doc>Returns the given values which can then be assigned to a variables.</doc>
<status status="PASS" start="2024-04-30T07:14:03.832111" elapsed="0.000580"/>
</kw>
<kw name="Log" owner="BuiltIn">
<msg time="2024-04-30T07:14:03.833174" level="INFO">{'results': [{'gender': 'female', 'name': {'title': 'Madame', 'first': 'Diana', 'last': 'Martinez'}, 'location': {'street': {'number': 6656, 'name': 'Boulevard de la Duchère'}, 'city': 'Salvan', 'state': 'Obwalden', 'country': 'Switzerland', 'postcode': 6334, 'coordinates': {'latitude': '-61.1007', 'longitude': '158.4058'}, 'timezone': {'offset': '-6:00', 'description': 'Central Time (US &amp; Canada), Mexico City'}}, 'email': 'diana.martinez@example.com', 'login': {'uuid': '3a23a2c9-d1c2-4b92-bfef-4b0f1a9cd348', 'username': 'whitefish752', 'password': 'town', 'salt': 'eUkRKiE8', 'md5': '6ae8a7c03948b61cc3cc5106c534ad03', 'sha1': 'd725146092129bdbfd7f458d43eb5da8c0d8e2b2', 'sha256': 'e97391a1f1de15e5a6bc494d899e9569ab604f4da06f44090d166544451a7073'}, 'dob': {'date': '1945-05-13T17:19:00.544Z', 'age': 78}, 'registered': {'date': '2021-03-27T11:23:30.059Z', 'age': 3}, 'phone': '078 823 54 75', 'cell': '077 529 53 92', 'id': {'name': 'AVS', 'value': '756.1903.0972.89'}, 'picture': {'large': 'https://randomuser.me/api/portraits/women/8.jpg', 'medium': 'https://randomuser.me/api/portraits/med/women/8.jpg', 'thumbnail': 'https://randomuser.me/api/portraits/thumb/women/8.jpg'}, 'nat': 'CH'}], 'info': {'seed': '166f214aa48ed61f', 'results': 1, 'page': 1, 'version': '1.4'}}</msg>
<arg>${json_data}</arg>
<doc>Logs the given message with the given level.</doc>
<status status="PASS" start="2024-04-30T07:14:03.833008" elapsed="0.000220"/>
</kw>
<kw name="Dictionary Should Contain Key" owner="Collections">
<msg time="2024-04-30T07:14:03.833740" level="INFO">False</msg>
<arg>${json_data}</arg>
<arg>results</arg>
<doc>Fails if ``key`` is not found from ``dictionary``.</doc>
<status status="PASS" start="2024-04-30T07:14:03.833564" elapsed="0.000214"/>
</kw>
<kw name="Should Not Be Empty" owner="BuiltIn">
<msg time="2024-04-30T07:14:03.834221" level="INFO">Length is 2.</msg>
<arg>${json_data}</arg>
<doc>Verifies that the given item is not empty.</doc>
<status status="PASS" start="2024-04-30T07:14:03.834083" elapsed="0.000343"/>
</kw>
<kw name="Create List" owner="BuiltIn">
<msg time="2024-04-30T07:14:03.834876" level="INFO">${expected_keys} = ['gender', 'name', 'location', 'email', 'login']</msg>
<var>${expected_keys}</var>
<arg>gender</arg>
<arg>name</arg>
<arg>location</arg>
<arg>email</arg>
<arg>login</arg>
<doc>Returns a list containing given items.</doc>
<status status="PASS" start="2024-04-30T07:14:03.834727" elapsed="0.000173"/>
</kw>
<for flavor="IN">
<iter>
<kw name="Dictionary Should Contain Key" owner="Collections">
<msg time="2024-04-30T07:14:03.835896" level="INFO">False</msg>
<arg>${json_data['results'][0]}</arg>
<arg>${key}</arg>
<doc>Fails if ``key`` is not found from ``dictionary``.</doc>
<status status="PASS" start="2024-04-30T07:14:03.835492" elapsed="0.000444"/>
</kw>
<kw name="Log" owner="BuiltIn">
<msg time="2024-04-30T07:14:03.836615" level="INFO">{'gender': 'female', 'name': {'title': 'Madame', 'first': 'Diana', 'last': 'Martinez'}, 'location': {'street': {'number': 6656, 'name': 'Boulevard de la Duchère'}, 'city': 'Salvan', 'state': 'Obwalden', 'country': 'Switzerland', 'postcode': 6334, 'coordinates': {'latitude': '-61.1007', 'longitude': '158.4058'}, 'timezone': {'offset': '-6:00', 'description': 'Central Time (US &amp; Canada), Mexico City'}}, 'email': 'diana.martinez@example.com', 'login': {'uuid': '3a23a2c9-d1c2-4b92-bfef-4b0f1a9cd348', 'username': 'whitefish752', 'password': 'town', 'salt': 'eUkRKiE8', 'md5': '6ae8a7c03948b61cc3cc5106c534ad03', 'sha1': 'd725146092129bdbfd7f458d43eb5da8c0d8e2b2', 'sha256': 'e97391a1f1de15e5a6bc494d899e9569ab604f4da06f44090d166544451a7073'}, 'dob': {'date': '1945-05-13T17:19:00.544Z', 'age': 78}, 'registered': {'date': '2021-03-27T11:23:30.059Z', 'age': 3}, 'phone': '078 823 54 75', 'cell': '077 529 53 92', 'id': {'name': 'AVS', 'value': '756.1903.0972.89'}, 'picture': {'large': 'https://randomuser.me/api/portraits/women/8.jpg', 'medium': 'https://randomuser.me/api/portraits/med/women/8.jpg', 'thumbnail': 'https://randomuser.me/api/portraits/thumb/women/8.jpg'}, 'nat': 'CH'}</msg>
<arg>${json_data['results'][0]}</arg>
<doc>Logs the given message with the given level.</doc>
<status status="PASS" start="2024-04-30T07:14:03.836240" elapsed="0.000428"/>
</kw>
<kw name="Log" owner="BuiltIn">
<msg time="2024-04-30T07:14:03.837103" level="INFO">gender</msg>
<arg>${key}</arg>
<doc>Logs the given message with the given level.</doc>
<status status="PASS" start="2024-04-30T07:14:03.836975" elapsed="0.000166"/>
</kw>
<var name="${key}">gender</var>
<status status="PASS" start="2024-04-30T07:14:03.835365" elapsed="0.001995"/>
</iter>
<iter>
<kw name="Dictionary Should Contain Key" owner="Collections">
<msg time="2024-04-30T07:14:03.838091" level="INFO">False</msg>
<arg>${json_data['results'][0]}</arg>
<arg>${key}</arg>
<doc>Fails if ``key`` is not found from ``dictionary``.</doc>
<status status="PASS" start="2024-04-30T07:14:03.837697" elapsed="0.000465"/>
</kw>
<kw name="Log" owner="BuiltIn">
<msg time="2024-04-30T07:14:03.838831" level="INFO">{'gender': 'female', 'name': {'title': 'Madame', 'first': 'Diana', 'last': 'Martinez'}, 'location': {'street': {'number': 6656, 'name': 'Boulevard de la Duchère'}, 'city': 'Salvan', 'state': 'Obwalden', 'country': 'Switzerland', 'postcode': 6334, 'coordinates': {'latitude': '-61.1007', 'longitude': '158.4058'}, 'timezone': {'offset': '-6:00', 'description': 'Central Time (US &amp; Canada), Mexico City'}}, 'email': 'diana.martinez@example.com', 'login': {'uuid': '3a23a2c9-d1c2-4b92-bfef-4b0f1a9cd348', 'username': 'whitefish752', 'password': 'town', 'salt': 'eUkRKiE8', 'md5': '6ae8a7c03948b61cc3cc5106c534ad03', 'sha1': 'd725146092129bdbfd7f458d43eb5da8c0d8e2b2', 'sha256': 'e97391a1f1de15e5a6bc494d899e9569ab604f4da06f44090d166544451a7073'}, 'dob': {'date': '1945-05-13T17:19:00.544Z', 'age': 78}, 'registered': {'date': '2021-03-27T11:23:30.059Z', 'age': 3}, 'phone': '078 823 54 75', 'cell': '077 529 53 92', 'id': {'name': 'AVS', 'value': '756.1903.0972.89'}, 'picture': {'large': 'https://randomuser.me/api/portraits/women/8.jpg', 'medium': 'https://randomuser.me/api/portraits/med/women/8.jpg', 'thumbnail': 'https://randomuser.me/api/portraits/thumb/women/8.jpg'}, 'nat': 'CH'}</msg>
<arg>${json_data['results'][0]}</arg>
<doc>Logs the given message with the given level.</doc>
<status status="PASS" start="2024-04-30T07:14:03.838468" elapsed="0.000417"/>
</kw>
<kw name="Log" owner="BuiltIn">
<msg time="2024-04-30T07:14:03.839312" level="INFO">name</msg>
<arg>${key}</arg>
<doc>Logs the given message with the given level.</doc>
<status status="PASS" start="2024-04-30T07:14:03.839184" elapsed="0.000167"/>
</kw>
<var name="${key}">name</var>
<status status="PASS" start="2024-04-30T07:14:03.837580" elapsed="0.001996"/>
</iter>
<iter>
<kw name="Dictionary Should Contain Key" owner="Collections">
<msg time="2024-04-30T07:14:03.840274" level="INFO">False</msg>
<arg>${json_data['results'][0]}</arg>
<arg>${key}</arg>
<doc>Fails if ``key`` is not found from ``dictionary``.</doc>
<status status="PASS" start="2024-04-30T07:14:03.839890" elapsed="0.000423"/>
</kw>
<kw name="Log" owner="BuiltIn">
<msg time="2024-04-30T07:14:03.840982" level="INFO">{'gender': 'female', 'name': {'title': 'Madame', 'first': 'Diana', 'last': 'Martinez'}, 'location': {'street': {'number': 6656, 'name': 'Boulevard de la Duchère'}, 'city': 'Salvan', 'state': 'Obwalden', 'country': 'Switzerland', 'postcode': 6334, 'coordinates': {'latitude': '-61.1007', 'longitude': '158.4058'}, 'timezone': {'offset': '-6:00', 'description': 'Central Time (US &amp; Canada), Mexico City'}}, 'email': 'diana.martinez@example.com', 'login': {'uuid': '3a23a2c9-d1c2-4b92-bfef-4b0f1a9cd348', 'username': 'whitefish752', 'password': 'town', 'salt': 'eUkRKiE8', 'md5': '6ae8a7c03948b61cc3cc5106c534ad03', 'sha1': 'd725146092129bdbfd7f458d43eb5da8c0d8e2b2', 'sha256': 'e97391a1f1de15e5a6bc494d899e9569ab604f4da06f44090d166544451a7073'}, 'dob': {'date': '1945-05-13T17:19:00.544Z', 'age': 78}, 'registered': {'date': '2021-03-27T11:23:30.059Z', 'age': 3}, 'phone': '078 823 54 75', 'cell': '077 529 53 92', 'id': {'name': 'AVS', 'value': '756.1903.0972.89'}, 'picture': {'large': 'https://randomuser.me/api/portraits/women/8.jpg', 'medium': 'https://randomuser.me/api/portraits/med/women/8.jpg', 'thumbnail': 'https://randomuser.me/api/portraits/thumb/women/8.jpg'}, 'nat': 'CH'}</msg>
<arg>${json_data['results'][0]}</arg>
<doc>Logs the given message with the given level.</doc>
<status status="PASS" start="2024-04-30T07:14:03.840613" elapsed="0.000423"/>
</kw>
<kw name="Log" owner="BuiltIn">
<msg time="2024-04-30T07:14:03.841458" level="INFO">location</msg>
<arg>${key}</arg>
<doc>Logs the given message with the given level.</doc>
<status status="PASS" start="2024-04-30T07:14:03.841332" elapsed="0.000186"/>
</kw>
<var name="${key}">location</var>
<status status="PASS" start="2024-04-30T07:14:03.839765" elapsed="0.001984"/>
</iter>
<iter>
<kw name="Dictionary Should Contain Key" owner="Collections">
<msg time="2024-04-30T07:14:03.842429" level="INFO">False</msg>
<arg>${json_data['results'][0]}</arg>
<arg>${key}</arg>
<doc>Fails if ``key`` is not found from ``dictionary``.</doc>
<status status="PASS" start="2024-04-30T07:14:03.842034" elapsed="0.000432"/>
</kw>
<kw name="Log" owner="BuiltIn">
<msg time="2024-04-30T07:14:03.843131" level="INFO">{'gender': 'female', 'name': {'title': 'Madame', 'first': 'Diana', 'last': 'Martinez'}, 'location': {'street': {'number': 6656, 'name': 'Boulevard de la Duchère'}, 'city': 'Salvan', 'state': 'Obwalden', 'country': 'Switzerland', 'postcode': 6334, 'coordinates': {'latitude': '-61.1007', 'longitude': '158.4058'}, 'timezone': {'offset': '-6:00', 'description': 'Central Time (US &amp; Canada), Mexico City'}}, 'email': 'diana.martinez@example.com', 'login': {'uuid': '3a23a2c9-d1c2-4b92-bfef-4b0f1a9cd348', 'username': 'whitefish752', 'password': 'town', 'salt': 'eUkRKiE8', 'md5': '6ae8a7c03948b61cc3cc5106c534ad03', 'sha1': 'd725146092129bdbfd7f458d43eb5da8c0d8e2b2', 'sha256': 'e97391a1f1de15e5a6bc494d899e9569ab604f4da06f44090d166544451a7073'}, 'dob': {'date': '1945-05-13T17:19:00.544Z', 'age': 78}, 'registered': {'date': '2021-03-27T11:23:30.059Z', 'age': 3}, 'phone': '078 823 54 75', 'cell': '077 529 53 92', 'id': {'name': 'AVS', 'value': '756.1903.0972.89'}, 'picture': {'large': 'https://randomuser.me/api/portraits/women/8.jpg', 'medium': 'https://randomuser.me/api/portraits/med/women/8.jpg', 'thumbnail': 'https://randomuser.me/api/portraits/thumb/women/8.jpg'}, 'nat': 'CH'}</msg>
<arg>${json_data['results'][0]}</arg>
<doc>Logs the given message with the given level.</doc>
<status status="PASS" start="2024-04-30T07:14:03.842769" elapsed="0.000415"/>
</kw>
<kw name="Log" owner="BuiltIn">
<msg time="2024-04-30T07:14:03.843606" level="INFO">email</msg>
<arg>${key}</arg>
<doc>Logs the given message with the given level.</doc>
<status status="PASS" start="2024-04-30T07:14:03.843481" elapsed="0.000162"/>
</kw>
<var name="${key}">email</var>
<status status="PASS" start="2024-04-30T07:14:03.841923" elapsed="0.001935"/>
</iter>
<iter>
<kw name="Dictionary Should Contain Key" owner="Collections">
<msg time="2024-04-30T07:14:03.844526" level="INFO">False</msg>
<arg>${json_data['results'][0]}</arg>
<arg>${key}</arg>
<doc>Fails if ``key`` is not found from ``dictionary``.</doc>
<status status="PASS" start="2024-04-30T07:14:03.844140" elapsed="0.000424"/>
</kw>
<kw name="Log" owner="BuiltIn">
<msg time="2024-04-30T07:14:03.845225" level="INFO">{'gender': 'female', 'name': {'title': 'Madame', 'first': 'Diana', 'last': 'Martinez'}, 'location': {'street': {'number': 6656, 'name': 'Boulevard de la Duchère'}, 'city': 'Salvan', 'state': 'Obwalden', 'country': 'Switzerland', 'postcode': 6334, 'coordinates': {'latitude': '-61.1007', 'longitude': '158.4058'}, 'timezone': {'offset': '-6:00', 'description': 'Central Time (US &amp; Canada), Mexico City'}}, 'email': 'diana.martinez@example.com', 'login': {'uuid': '3a23a2c9-d1c2-4b92-bfef-4b0f1a9cd348', 'username': 'whitefish752', 'password': 'town', 'salt': 'eUkRKiE8', 'md5': '6ae8a7c03948b61cc3cc5106c534ad03', 'sha1': 'd725146092129bdbfd7f458d43eb5da8c0d8e2b2', 'sha256': 'e97391a1f1de15e5a6bc494d899e9569ab604f4da06f44090d166544451a7073'}, 'dob': {'date': '1945-05-13T17:19:00.544Z', 'age': 78}, 'registered': {'date': '2021-03-27T11:23:30.059Z', 'age': 3}, 'phone': '078 823 54 75', 'cell': '077 529 53 92', 'id': {'name': 'AVS', 'value': '756.1903.0972.89'}, 'picture': {'large': 'https://randomuser.me/api/portraits/women/8.jpg', 'medium': 'https://randomuser.me/api/portraits/med/women/8.jpg', 'thumbnail': 'https://randomuser.me/api/portraits/thumb/women/8.jpg'}, 'nat': 'CH'}</msg>
<arg>${json_data['results'][0]}</arg>
<doc>Logs the given message with the given level.</doc>
<status status="PASS" start="2024-04-30T07:14:03.844856" elapsed="0.000421"/>
</kw>
<kw name="Log" owner="BuiltIn">
<msg time="2024-04-30T07:14:03.845768" level="INFO">login</msg>
<arg>${key}</arg>
<doc>Logs the given message with the given level.</doc>
<status status="PASS" start="2024-04-30T07:14:03.845637" elapsed="0.000169"/>
</kw>
<var name="${key}">login</var>
<status status="PASS" start="2024-04-30T07:14:03.844029" elapsed="0.001992"/>
</iter>
<var>${key}</var>
<value>@{expected_keys}</value>
<status status="PASS" start="2024-04-30T07:14:03.835165" elapsed="0.010981"/>
</for>
<kw name="Create List" owner="BuiltIn">
<msg time="2024-04-30T07:14:03.846500" level="INFO">${expected_keysTwo} = ['username', 'password']</msg>
<var>${expected_keysTwo}</var>
<arg>username</arg>
<arg>password</arg>
<doc>Returns a list containing given items.</doc>
<status status="PASS" start="2024-04-30T07:14:03.846354" elapsed="0.000170"/>
</kw>
<for flavor="IN">
<iter>
<kw name="Dictionary Should Contain Key" owner="Collections">
<msg time="2024-04-30T07:14:03.847427" level="INFO">False</msg>
<arg>${json_data['results'][0]['login']}</arg>
<arg>${keyTwo}</arg>
<doc>Fails if ``key`` is not found from ``dictionary``.</doc>
<status status="PASS" start="2024-04-30T07:14:03.847032" elapsed="0.000434"/>
</kw>
<kw name="Dictionary Should Contain Key" owner="Collections">
<msg time="2024-04-30T07:14:03.848145" level="INFO">False</msg>
<arg>${json_data['results'][0]['login']}</arg>
<arg>${keyTwo}</arg>
<doc>Fails if ``key`` is not found from ``dictionary``.</doc>
<status status="PASS" start="2024-04-30T07:14:03.847759" elapsed="0.000423"/>
</kw>
<kw name="Log" owner="BuiltIn">
<msg time="2024-04-30T07:14:03.848600" level="INFO">username</msg>
<arg>${keyTwo}</arg>
<doc>Logs the given message with the given level.</doc>
<status status="PASS" start="2024-04-30T07:14:03.848474" elapsed="0.000169"/>
</kw>
<var name="${keyTwo}">username</var>
<status status="PASS" start="2024-04-30T07:14:03.846922" elapsed="0.001940"/>
</iter>
<iter>
<kw name="Dictionary Should Contain Key" owner="Collections">
<msg time="2024-04-30T07:14:03.849638" level="INFO">False</msg>
<arg>${json_data['results'][0]['login']}</arg>
<arg>${keyTwo}</arg>
<doc>Fails if ``key`` is not found from ``dictionary``.</doc>
<status status="PASS" start="2024-04-30T07:14:03.849145" elapsed="0.000536"/>
</kw>
<kw name="Dictionary Should Contain Key" owner="Collections">
<msg time="2024-04-30T07:14:03.850361" level="INFO">False</msg>
<arg>${json_data['results'][0]['login']}</arg>
<arg>${keyTwo}</arg>
<doc>Fails if ``key`` is not found from ``dictionary``.</doc>
<status status="PASS" start="2024-04-30T07:14:03.849982" elapsed="0.000416"/>
</kw>
<kw name="Log" owner="BuiltIn">
<msg time="2024-04-30T07:14:03.850819" level="INFO">password</msg>
<arg>${keyTwo}</arg>
<doc>Logs the given message with the given level.</doc>
<status status="PASS" start="2024-04-30T07:14:03.850693" elapsed="0.000164"/>
</kw>
<var name="${keyTwo}">password</var>
<status status="PASS" start="2024-04-30T07:14:03.849035" elapsed="0.002036"/>
</iter>
<var>${keyTwo}</var>
<value>@{expected_keysTwo}</value>
<status status="PASS" start="2024-04-30T07:14:03.846762" elapsed="0.004430"/>
</for>
<status status="PASS" start="2024-04-30T07:14:03.727961" elapsed="0.123373"/>
</kw>
<doc>Testa a estrutura da resposta da API.</doc>
<tag>testeEstruturaResposta</tag>
<status status="PASS" start="2024-04-30T07:14:03.727435" elapsed="0.124060"/>
</test>
<test id="s1-s1-t4" name="Validar tipos de dados" line="28">
<kw name="Teste de Tipos de Dados" owner="random-user-service">
<kw name="GET On Session" owner="RequestsLibrary">
<msg time="2024-04-30T07:14:03.951760" level="INFO">GET Request : url=https://randomuser.me/api 
 path_url=/api 
 headers={'User-Agent': 'python-requests/2.31.0', 'Accept-Encoding': 'gzip, deflate', 'Accept': '*/*', 'Connection': 'keep-alive'} 
 body=None 
 </msg>
<msg time="2024-04-30T07:14:03.951862" level="INFO">GET Response : url=https://randomuser.me/api 
 status=200, reason=OK 
 headers={'Date': 'Tue, 30 Apr 2024 07:14:03 GMT', 'Content-Type': 'application/json; charset=utf-8', 'Transfer-Encoding': 'chunked', 'Connection': 'keep-alive', 'X-Powered-By': 'Express', 'Access-Control-Allow-Origin': '*', 'Cache-Control': 'no-cache', 'ETag': 'W/"48c-Neecdk780zXnNRilV/3noD6MMhk"', 'Vary': 'Accept-Encoding', 'Content-Encoding': 'gzip', 'CF-Cache-Status': 'DYNAMIC', 'Report-To': '{"endpoints":[{"url":"https:\\/\\/a.nel.cloudflare.com\\/report\\/v4?s=vRE9zYaDaxulJ2daRKZ1hEOpzdogR4hLb%2FDz3W2yXCiORhtVIrYzKAg66KveVJ1or8ycXydq3AWqCx%2FpmbW7SHoXIP2Rq9wDCjqoXCp7UKnLZ3UdGQC6PLEpF0E99uKo"}],"group":"cf-nel","max_age":604800}', 'NEL': '{"success_fraction":0,"report_to":"cf-nel","max_age":604800}', 'Server': 'cloudflare', 'CF-RAY': '87c5bb962cb42b55-LAX', 'alt-svc': 'h3=":443"; ma=86400'} 
 body={"results":[{"gender":"female","name":{"title":"Ms","first":"Léonie","last":"Rey"},"location":{"street":{"number":2160,"name":"Avenue Debrousse"},"city":"Tours","state":"Dordogne","country":"France","postcode":82838,"coordinates":{"latitude":"-16.7369","longitude":"54.2536"},"timezone":{"offset":"+6:00","description":"Almaty, Dhaka, Colombo"}},"email":"leonie.rey@example.com","login":{"uuid":"addc30f3-c84f-44c7-ab48-0ea7ef90de86","username":"lazybird928","password":"dominion","salt":"Gq0pVCOR","md5":"feaa24218c1974641ed5d4011618d2ab","sha1":"b82fb48137bcf24498a412e3edee3b2fb2747601","sha256":"7daed066f50146071e66517129e3327a2a0ebe41649355eb8dcaa2c828942413"},"dob":{"date":"1980-04-01T03:18:12.299Z","age":44},"registered":{"date":"2011-12-23T13:57:49.656Z","age":12},"phone":"05-50-88-54-26","cell":"06-46-86-23-12","id":{"name":"INSEE","value":"2800294053673 38"},"picture":{"large":"https://randomuser.me/api/portraits/women/87.jpg","medium":"https://randomuser.me/api/portraits/med/women/87.jpg","thumbnail":"https://randomuser.me/api/portraits/thumb/women/87.jpg"},"nat":"FR"}],"info":{"seed":"7b4f20b2cc769345","results":1,"page":1,"version":"1.4"}} 
 </msg>
<msg time="2024-04-30T07:14:03.951940" level="INFO">/opt/hostedtoolcache/Python/3.12.3/x64/lib/python3.12/site-packages/urllib3/connectionpool.py:1103: InsecureRequestWarning: Unverified HTTPS request is being made to host 'randomuser.me'. Adding certificate verification is strongly advised. See: https://urllib3.readthedocs.io/en/latest/advanced-usage.html#tls-warnings
  warnings.warn(</msg>
<msg time="2024-04-30T07:14:03.952065" level="INFO">${response} = &lt;Response [200]&gt;</msg>
<var>${response}</var>
<arg>consultarAPI</arg>
<arg>/api</arg>
<doc>Sends a GET request on a previously created HTTP Session.</doc>
<status status="PASS" start="2024-04-30T07:14:03.854060" elapsed="0.098040"/>
</kw>
<kw name="Set Variable" owner="BuiltIn">
<msg time="2024-04-30T07:14:03.953208" level="INFO">${json_data} = {'results': [{'gender': 'female', 'name': {'title': 'Ms', 'first': 'Léonie', 'last': 'Rey'}, 'location': {'street': {'number': 2160, 'name': 'Avenue Debrousse'}, 'city': 'Tours', 'state': 'Dordogne', ...</msg>
<var>${json_data}</var>
<arg>${response.json()}</arg>
<doc>Returns the given values which can then be assigned to a variables.</doc>
<status status="PASS" start="2024-04-30T07:14:03.952663" elapsed="0.000575"/>
</kw>
<kw name="Log" owner="BuiltIn">
<msg time="2024-04-30T07:14:03.953783" level="INFO">{'results': [{'gender': 'female', 'name': {'title': 'Ms', 'first': 'Léonie', 'last': 'Rey'}, 'location': {'street': {'number': 2160, 'name': 'Avenue Debrousse'}, 'city': 'Tours', 'state': 'Dordogne', 'country': 'France', 'postcode': 82838, 'coordinates': {'latitude': '-16.7369', 'longitude': '54.2536'}, 'timezone': {'offset': '+6:00', 'description': 'Almaty, Dhaka, Colombo'}}, 'email': 'leonie.rey@example.com', 'login': {'uuid': 'addc30f3-c84f-44c7-ab48-0ea7ef90de86', 'username': 'lazybird928', 'password': 'dominion', 'salt': 'Gq0pVCOR', 'md5': 'feaa24218c1974641ed5d4011618d2ab', 'sha1': 'b82fb48137bcf24498a412e3edee3b2fb2747601', 'sha256': '7daed066f50146071e66517129e3327a2a0ebe41649355eb8dcaa2c828942413'}, 'dob': {'date': '1980-04-01T03:18:12.299Z', 'age': 44}, 'registered': {'date': '2011-12-23T13:57:49.656Z', 'age': 12}, 'phone': '05-50-88-54-26', 'cell': '06-46-86-23-12', 'id': {'name': 'INSEE', 'value': '2800294053673 38'}, 'picture': {'large': 'https://randomuser.me/api/portraits/women/87.jpg', 'medium': 'https://randomuser.me/api/portraits/med/women/87.jpg', 'thumbnail': 'https://randomuser.me/api/portraits/thumb/women/87.jpg'}, 'nat': 'FR'}], 'info': {'seed': '7b4f20b2cc769345', 'results': 1, 'page': 1, 'version': '1.4'}}</msg>
<arg>${json_data}</arg>
<doc>Logs the given message with the given level.</doc>
<status status="PASS" start="2024-04-30T07:14:03.953606" elapsed="0.000267"/>
</kw>
<kw name="Should Be String" owner="String">
<arg>${json_data['results'][0]['gender']}</arg>
<doc>Fails if the given ``item`` is not a string.</doc>
<status status="PASS" start="2024-04-30T07:14:03.954180" elapsed="0.000393"/>
</kw>
<kw name="Should Match Regexp" owner="BuiltIn">
<arg>${json_data['results'][0]['email']}</arg>
<arg>^[a-zA-Z0-9._%+-]+@[a-zA-Z0-9.-]+\.[a-zA-Z]{2,}$</arg>
<doc>Fails if ``string`` does not match ``pattern`` as a regular expression.</doc>
<status status="PASS" start="2024-04-30T07:14:03.954773" elapsed="0.000552"/>
</kw>
<kw name="Should Match Regexp" owner="BuiltIn">
<arg>${json_data['results'][0]['dob']['date']}</arg>
<arg>\\d{4}-\\d{2}-\\d{2}T\\d{2}:\\d{2}:\\d{2}\\.\\d{3}Z</arg>
<doc>Fails if ``string`` does not match ``pattern`` as a regular expression.</doc>
<status status="PASS" start="2024-04-30T07:14:03.955549" elapsed="0.000746"/>
</kw>
<kw name="Should Match Regexp" owner="BuiltIn">
<arg>${json_data['results'][0]['registered']['date']}</arg>
<arg>\\d{4}-\\d{2}-\\d{2}T\\d{2}:\\d{2}:\\d{2}\\.\\d{3}Z</arg>
<doc>Fails if ``string`` does not match ``pattern`` as a regular expression.</doc>
<status status="PASS" start="2024-04-30T07:14:03.956621" elapsed="0.000660"/>
</kw>
<kw name="Should Match Regexp" owner="BuiltIn">
<arg>${json_data['results'][0]['picture']['large']}</arg>
<arg>^https?://.*\.(?:png|jpe?g|gif|bmp)$</arg>
<doc>Fails if ``string`` does not match ``pattern`` as a regular expression.</doc>
<status status="PASS" start="2024-04-30T07:14:03.957644" elapsed="0.000789"/>
</kw>
<kw name="Should Match Regexp" owner="BuiltIn">
<arg>${json_data['results'][0]['picture']['medium']}</arg>
<arg>^https?://.*\.(?:png|jpe?g|gif|bmp)$</arg>
<doc>Fails if ``string`` does not match ``pattern`` as a regular expression.</doc>
<status status="PASS" start="2024-04-30T07:14:03.958720" elapsed="0.000573"/>
</kw>
<kw name="Should Match Regexp" owner="BuiltIn">
<arg>${json_data['results'][0]['picture']['thumbnail']}</arg>
<arg>^https?://.*\.(?:png|jpe?g|gif|bmp)$</arg>
<doc>Fails if ``string`` does not match ``pattern`` as a regular expression.</doc>
<status status="PASS" start="2024-04-30T07:14:03.959587" elapsed="0.000563"/>
</kw>
<kw name="Log" owner="BuiltIn">
<msg time="2024-04-30T07:14:03.960947" level="INFO">{'large': 'https://randomuser.me/api/portraits/women/87.jpg', 'medium': 'https://randomuser.me/api/portraits/med/women/87.jpg', 'thumbnail': 'https://randomuser.me/api/portraits/thumb/women/87.jpg'}</msg>
<arg>${json_data['results'][0]['picture']}</arg>
<doc>Logs the given message with the given level.</doc>
<status status="PASS" start="2024-04-30T07:14:03.960426" elapsed="0.000587"/>
</kw>
<status status="PASS" start="2024-04-30T07:14:03.853830" elapsed="0.107553"/>
</kw>
<kw name="Teste de Tipos de Dados - Postcode" owner="random-user-service">
<kw name="GET On Session" owner="RequestsLibrary">
<msg time="2024-04-30T07:14:04.057667" level="INFO">GET Request : url=https://randomuser.me/api 
 path_url=/api 
 headers={'User-Agent': 'python-requests/2.31.0', 'Accept-Encoding': 'gzip, deflate', 'Accept': '*/*', 'Connection': 'keep-alive'} 
 body=None 
 </msg>
<msg time="2024-04-30T07:14:04.057779" level="INFO">GET Response : url=https://randomuser.me/api 
 status=200, reason=OK 
 headers={'Date': 'Tue, 30 Apr 2024 07:14:04 GMT', 'Content-Type': 'application/json; charset=utf-8', 'Transfer-Encoding': 'chunked', 'Connection': 'keep-alive', 'X-Powered-By': 'Express', 'Access-Control-Allow-Origin': '*', 'Cache-Control': 'no-cache', 'ETag': 'W/"494-RbOuTqvEN+CSA5I2bSET59YHlp4"', 'Vary': 'Accept-Encoding', 'Content-Encoding': 'gzip', 'CF-Cache-Status': 'DYNAMIC', 'Report-To': '{"endpoints":[{"url":"https:\\/\\/a.nel.cloudflare.com\\/report\\/v4?s=oZjbl5rXhT3LvKq3R4ws4uTzFJt9EqPPnWQGusQz0C9tV58tbcS2xbzlkU3ct2AONGl9kQFiC9FTRCIY2lUUqx6JjSN1wJzJJ0dJ5aoUugYpUuvlt5wPWeMAMwvLgVzH"}],"group":"cf-nel","max_age":604800}', 'NEL': '{"success_fraction":0,"report_to":"cf-nel","max_age":604800}', 'Server': 'cloudflare', 'CF-RAY': '87c5bb96cd482b55-LAX', 'alt-svc': 'h3=":443"; ma=86400'} 
 body={"results":[{"gender":"male","name":{"title":"Mr","first":"Léandre","last":"Lefevre"},"location":{"street":{"number":4686,"name":"Rue Desaix"},"city":"Nancy","state":"Nord","country":"France","postcode":55375,"coordinates":{"latitude":"-17.3369","longitude":"-124.8970"},"timezone":{"offset":"-6:00","description":"Central Time (US &amp; Canada), Mexico City"}},"email":"leandre.lefevre@example.com","login":{"uuid":"8837b8b8-f238-41e7-87cf-3aa176cf2aee","username":"silverzebra305","password":"hockey","salt":"8loHh3DY","md5":"711833624bb986f6eea09145ddd225e2","sha1":"bf7d03f82329b972f1176fbf14debb26d046ab6d","sha256":"f076dba70ff22374a4c767d199e6c5ff81f4c29c9b36282f0d81004ac30663f3"},"dob":{"date":"1981-08-10T09:49:24.105Z","age":42},"registered":{"date":"2014-12-11T06:02:02.046Z","age":9},"phone":"03-47-91-68-90","cell":"06-07-93-12-48","id":{"name":"INSEE","value":"1810714033332 19"},"picture":{"large":"https://randomuser.me/api/portraits/men/6.jpg","medium":"https://randomuser.me/api/portraits/med/men/6.jpg","thumbnail":"https://randomuser.me/api/portraits/thumb/men/6.jpg"},"nat":"FR"}],"info":{"seed":"23d3c5fed03833c3","results":1,"page":1,"version":"1.4"}} 
 </msg>
<msg time="2024-04-30T07:14:04.057870" level="INFO">/opt/hostedtoolcache/Python/3.12.3/x64/lib/python3.12/site-packages/urllib3/connectionpool.py:1103: InsecureRequestWarning: Unverified HTTPS request is being made to host 'randomuser.me'. Adding certificate verification is strongly advised. See: https://urllib3.readthedocs.io/en/latest/advanced-usage.html#tls-warnings
  warnings.warn(</msg>
<msg time="2024-04-30T07:14:04.058007" level="INFO">${response} = &lt;Response [200]&gt;</msg>
<var>${response}</var>
<arg>consultarAPI</arg>
<arg>/api</arg>
<doc>Sends a GET request on a previously created HTTP Session.</doc>
<status status="PASS" start="2024-04-30T07:14:03.962178" elapsed="0.095875"/>
</kw>
<kw name="Set Variable" owner="BuiltIn">
<msg time="2024-04-30T07:14:04.059271" level="INFO">${json_data} = {'results': [{'gender': 'male', 'name': {'title': 'Mr', 'first': 'Léandre', 'last': 'Lefevre'}, 'location': {'street': {'number': 4686, 'name': 'Rue Desaix'}, 'city': 'Nancy', 'state': 'Nord', 'countr...</msg>
<var>${json_data}</var>
<arg>${response.json()}</arg>
<doc>Returns the given values which can then be assigned to a variables.</doc>
<status status="PASS" start="2024-04-30T07:14:04.058700" elapsed="0.000600"/>
</kw>
<kw name="Log" owner="BuiltIn">
<msg time="2024-04-30T07:14:04.059778" level="INFO">{'results': [{'gender': 'male', 'name': {'title': 'Mr', 'first': 'Léandre', 'last': 'Lefevre'}, 'location': {'street': {'number': 4686, 'name': 'Rue Desaix'}, 'city': 'Nancy', 'state': 'Nord', 'country': 'France', 'postcode': 55375, 'coordinates': {'latitude': '-17.3369', 'longitude': '-124.8970'}, 'timezone': {'offset': '-6:00', 'description': 'Central Time (US &amp; Canada), Mexico City'}}, 'email': 'leandre.lefevre@example.com', 'login': {'uuid': '8837b8b8-f238-41e7-87cf-3aa176cf2aee', 'username': 'silverzebra305', 'password': 'hockey', 'salt': '8loHh3DY', 'md5': '711833624bb986f6eea09145ddd225e2', 'sha1': 'bf7d03f82329b972f1176fbf14debb26d046ab6d', 'sha256': 'f076dba70ff22374a4c767d199e6c5ff81f4c29c9b36282f0d81004ac30663f3'}, 'dob': {'date': '1981-08-10T09:49:24.105Z', 'age': 42}, 'registered': {'date': '2014-12-11T06:02:02.046Z', 'age': 9}, 'phone': '03-47-91-68-90', 'cell': '06-07-93-12-48', 'id': {'name': 'INSEE', 'value': '1810714033332 19'}, 'picture': {'large': 'https://randomuser.me/api/portraits/men/6.jpg', 'medium': 'https://randomuser.me/api/portraits/med/men/6.jpg', 'thumbnail': 'https://randomuser.me/api/portraits/thumb/men/6.jpg'}, 'nat': 'FR'}], 'info': {'seed': '23d3c5fed03833c3', 'results': 1, 'page': 1, 'version': '1.4'}}</msg>
<arg>${json_data}</arg>
<doc>Logs the given message with the given level.</doc>
<status status="PASS" start="2024-04-30T07:14:04.059617" elapsed="0.000246"/>
</kw>
<kw name="Should Be Equal As Numbers" owner="BuiltIn">
<arg>${json_data['results'][0]['location']['postcode']}</arg>
<arg>${json_data['results'][0]['location']['postcode']}</arg>
<doc>Fails if objects are unequal after converting them to real numbers.</doc>
<status status="PASS" start="2024-04-30T07:14:04.060363" elapsed="0.000629"/>
</kw>
<kw name="Log" owner="BuiltIn">
<msg time="2024-04-30T07:14:04.061557" level="INFO">55375</msg>
<arg>${json_data['results'][0]['location']['postcode']}</arg>
<doc>Logs the given message with the given level.</doc>
<status status="PASS" start="2024-04-30T07:14:04.061186" elapsed="0.000417"/>
</kw>
<status status="PASS" start="2024-04-30T07:14:03.961806" elapsed="0.100080"/>
</kw>
<doc>Testa se os tipos de dados na resposta da API estão corretos.</doc>
<tag>testeTiposDados</tag>
<status status="PASS" start="2024-04-30T07:14:03.853324" elapsed="0.208734"/>
</test>
<test id="s1-s1-t5" name="Validar conteudo" line="35">
<kw name="Teste de Tipos de Conteudo" owner="random-user-service">
<kw name="GET On Session" owner="RequestsLibrary">
<msg time="2024-04-30T07:14:04.166951" level="INFO">GET Request : url=https://randomuser.me/api 
 path_url=/api 
 headers={'User-Agent': 'python-requests/2.31.0', 'Accept-Encoding': 'gzip, deflate', 'Accept': '*/*', 'Connection': 'keep-alive'} 
 body=None 
 </msg>
<msg time="2024-04-30T07:14:04.167062" level="INFO">GET Response : url=https://randomuser.me/api 
 status=200, reason=OK 
 headers={'Date': 'Tue, 30 Apr 2024 07:14:04 GMT', 'Content-Type': 'application/json; charset=utf-8', 'Transfer-Encoding': 'chunked', 'Connection': 'keep-alive', 'X-Powered-By': 'Express', 'Access-Control-Allow-Origin': '*', 'Cache-Control': 'no-cache', 'ETag': 'W/"4a8-QFineGwUq3EQnEk+MN58d4ZFiGI"', 'Vary': 'Accept-Encoding', 'Content-Encoding': 'gzip', 'CF-Cache-Status': 'DYNAMIC', 'Report-To': '{"endpoints":[{"url":"https:\\/\\/a.nel.cloudflare.com\\/report\\/v4?s=dDOm5nEzKVf8wFU6gGVCGo2Es76NAKU9G76dLb3xDl3tdwYjvwDRu2VCTQ0Qxjg7SM4HzPxt7zDlij58NFMwG4BYQDcYBE0Q5jIqbgpWPA5urfCRkfQ2LPOGsJKRwJa7"}],"group":"cf-nel","max_age":604800}', 'NEL': '{"success_fraction":0,"report_to":"cf-nel","max_age":604800}', 'Server': 'cloudflare', 'CF-RAY': '87c5bb977e042b55-LAX', 'alt-svc': 'h3=":443"; ma=86400'} 
 body={"results":[{"gender":"female","name":{"title":"Ms","first":"Kordula","last":"Blankenburg"},"location":{"street":{"number":7694,"name":"Parkstraße"},"city":"Würselen","state":"Bremen","country":"Germany","postcode":11886,"coordinates":{"latitude":"-53.4895","longitude":"129.7759"},"timezone":{"offset":"-4:00","description":"Atlantic Time (Canada), Caracas, La Paz"}},"email":"kordula.blankenburg@example.com","login":{"uuid":"80c4cbf4-032d-4011-838f-7510cfdee234","username":"yellowladybug393","password":"lisa","salt":"miYbfhdm","md5":"b8a0ff7319ece216b9270cef07f412e7","sha1":"dfb310f28cdbf31ee8eb7fbd3b617736bb863565","sha256":"3dedaab9effa4abc63913bf7a3dc27d79138d19e83d5f978c4860d003f81fd67"},"dob":{"date":"1948-12-13T23:23:46.770Z","age":75},"registered":{"date":"2002-08-05T11:55:35.005Z","age":21},"phone":"0989-9113464","cell":"0173-3192424","id":{"name":"SVNR","value":"04 131248 B 602"},"picture":{"large":"https://randomuser.me/api/portraits/women/77.jpg","medium":"https://randomuser.me/api/portraits/med/women/77.jpg","thumbnail":"https://randomuser.me/api/portraits/thumb/women/77.jpg"},"nat":"DE"}],"info":{"seed":"60f70d9f79fb94da","results":1,"page":1,"version":"1.4"}} 
 </msg>
<msg time="2024-04-30T07:14:04.167142" level="INFO">/opt/hostedtoolcache/Python/3.12.3/x64/lib/python3.12/site-packages/urllib3/connectionpool.py:1103: InsecureRequestWarning: Unverified HTTPS request is being made to host 'randomuser.me'. Adding certificate verification is strongly advised. See: https://urllib3.readthedocs.io/en/latest/advanced-usage.html#tls-warnings
  warnings.warn(</msg>
<msg time="2024-04-30T07:14:04.167278" level="INFO">${response} = &lt;Response [200]&gt;</msg>
<var>${response}</var>
<arg>consultarAPI</arg>
<arg>/api</arg>
<doc>Sends a GET request on a previously created HTTP Session.</doc>
<status status="PASS" start="2024-04-30T07:14:04.064530" elapsed="0.102789"/>
</kw>
<kw name="Set Variable" owner="BuiltIn">
<msg time="2024-04-30T07:14:04.168498" level="INFO">${json_data} = {'results': [{'gender': 'female', 'name': {'title': 'Ms', 'first': 'Kordula', 'last': 'Blankenburg'}, 'location': {'street': {'number': 7694, 'name': 'Parkstraße'}, 'city': 'Würselen', 'state': 'Breme...</msg>
<var>${json_data}</var>
<arg>${response.json()}</arg>
<doc>Returns the given values which can then be assigned to a variables.</doc>
<status status="PASS" start="2024-04-30T07:14:04.167960" elapsed="0.000568"/>
</kw>
<kw name="Set Variable" owner="BuiltIn">
<msg time="2024-04-30T07:14:04.169227" level="INFO">${name_title} = Ms</msg>
<var>${name_title}</var>
<arg>${json_data["results"][0]["name"]["title"]}</arg>
<doc>Returns the given values which can then be assigned to a variables.</doc>
<status status="PASS" start="2024-04-30T07:14:04.168840" elapsed="0.000412"/>
</kw>
<kw name="Create List" owner="BuiltIn">
<msg time="2024-04-30T07:14:04.169734" level="INFO">${allowed_titles} = ['Mr', 'Ms', 'Miss', 'Mrs', 'Madame', 'Monsieur']</msg>
<var>${allowed_titles}</var>
<arg>Mr</arg>
<arg>Ms</arg>
<arg>Miss</arg>
<arg>Mrs</arg>
<arg>Madame</arg>
<arg>Monsieur</arg>
<doc>Returns a list containing given items.</doc>
<status status="PASS" start="2024-04-30T07:14:04.169583" elapsed="0.000176"/>
</kw>
<kw name="List Should Contain Value" owner="Collections">
<msg time="2024-04-30T07:14:04.170229" level="INFO">False</msg>
<arg>${allowed_titles}</arg>
<arg>${name_title}</arg>
<doc>Fails if the ``value`` is not found from ``list``.</doc>
<status status="PASS" start="2024-04-30T07:14:04.170059" elapsed="0.000205"/>
</kw>
<kw name="Set Variable" owner="BuiltIn">
<msg time="2024-04-30T07:14:04.170936" level="INFO">${name_country} = DE</msg>
<var>${name_country}</var>
<arg>${json_data["results"][0]["nat"]}</arg>
<doc>Returns the given values which can then be assigned to a variables.</doc>
<status status="PASS" start="2024-04-30T07:14:04.170549" elapsed="0.000412"/>
</kw>
<kw name="Create List" owner="BuiltIn">
<msg time="2024-04-30T07:14:04.171839" level="INFO">${list_country} = ['AD', 'AE', 'AF', 'AG', 'AI', 'AL', 'AM', 'AO', 'AQ', 'AR', 'AS', 'AT', 'AU', 'AW', 'AX', 'AZ', 'BA', 'BB', 'BD', 'BE', 'BF', 'BG', 'BH', 'BI', 'BJ', 'BL', 'BM', 'BN', 'BO', 'BQ', 'BR', 'BS', 'BT', '...</msg>
<var>${list_country}</var>
<arg>AD</arg>
<arg>AE</arg>
<arg>AF</arg>
<arg>AG</arg>
<arg>AI</arg>
<arg>AL</arg>
<arg>AM</arg>
<arg>AO</arg>
<arg>AQ</arg>
<arg>AR</arg>
<arg>AS</arg>
<arg>AT</arg>
<arg>AU</arg>
<arg>AW</arg>
<arg>AX</arg>
<arg>AZ</arg>
<arg>BA</arg>
<arg>BB</arg>
<arg>BD</arg>
<arg>BE</arg>
<arg>BF</arg>
<arg>BG</arg>
<arg>BH</arg>
<arg>BI</arg>
<arg>BJ</arg>
<arg>BL</arg>
<arg>BM</arg>
<arg>BN</arg>
<arg>BO</arg>
<arg>BQ</arg>
<arg>BR</arg>
<arg>BS</arg>
<arg>BT</arg>
<arg>BV</arg>
<arg>BW</arg>
<arg>BY</arg>
<arg>BZ</arg>
<arg>CA</arg>
<arg>CC</arg>
<arg>CD</arg>
<arg>CF</arg>
<arg>CG</arg>
<arg>CH</arg>
<arg>CI</arg>
<arg>CK</arg>
<arg>CL</arg>
<arg>CM</arg>
<arg>CN</arg>
<arg>CO</arg>
<arg>CR</arg>
<arg>CU</arg>
<arg>CV</arg>
<arg>CW</arg>
<arg>CX</arg>
<arg>CY</arg>
<arg>CZ</arg>
<arg>DE</arg>
<arg>DJ</arg>
<arg>DK</arg>
<arg>DM</arg>
<arg>DO</arg>
<arg>DZ</arg>
<arg>EC</arg>
<arg>EE</arg>
<arg>EG</arg>
<arg>EH</arg>
<arg>ER</arg>
<arg>ES</arg>
<arg>ET</arg>
<arg>FI</arg>
<arg>FJ</arg>
<arg>FK</arg>
<arg>FM</arg>
<arg>FO</arg>
<arg>FR</arg>
<arg>GA</arg>
<arg>GB</arg>
<arg>GD</arg>
<arg>GE</arg>
<arg>GF</arg>
<arg>GG</arg>
<arg>GH</arg>
<arg>GI</arg>
<arg>GL</arg>
<arg>GM</arg>
<arg>GN</arg>
<arg>GP</arg>
<arg>GQ</arg>
<arg>GR</arg>
<arg>GS</arg>
<arg>GT</arg>
<arg>GU</arg>
<arg>GW</arg>
<arg>GY</arg>
<arg>HK</arg>
<arg>HM</arg>
<arg>HN</arg>
<arg>HR</arg>
<arg>HT</arg>
<arg>HU</arg>
<arg>ID</arg>
<arg>IE</arg>
<arg>IL</arg>
<arg>IM</arg>
<arg>IN</arg>
<arg>IO</arg>
<arg>IQ</arg>
<arg>IR</arg>
<arg>IS</arg>
<arg>IT</arg>
<arg>JE</arg>
<arg>JM</arg>
<arg>JO</arg>
<arg>JP</arg>
<arg>KE</arg>
<arg>KG</arg>
<arg>KH</arg>
<arg>KI</arg>
<arg>KM</arg>
<arg>KN</arg>
<arg>KP</arg>
<arg>KR</arg>
<arg>KW</arg>
<arg>KY</arg>
<arg>KZ</arg>
<arg>LA</arg>
<arg>LB</arg>
<arg>LC</arg>
<arg>LI</arg>
<arg>LK</arg>
<arg>LR</arg>
<arg>LS</arg>
<arg>LT</arg>
<arg>LU</arg>
<arg>LV</arg>
<arg>LY</arg>
<arg>MA</arg>
<arg>MC</arg>
<arg>MD</arg>
<arg>ME</arg>
<arg>MF</arg>
<arg>MG</arg>
<arg>MH</arg>
<arg>MK</arg>
<arg>ML</arg>
<arg>MM</arg>
<arg>MN</arg>
<arg>MO</arg>
<arg>MP</arg>
<arg>MQ</arg>
<arg>MR</arg>
<arg>MS</arg>
<arg>MT</arg>
<arg>MU</arg>
<arg>MV</arg>
<arg>MW</arg>
<arg>MX</arg>
<arg>MY</arg>
<arg>MZ</arg>
<arg>NA</arg>
<arg>NC</arg>
<arg>NE</arg>
<arg>NF</arg>
<arg>NG</arg>
<arg>NI</arg>
<arg>NL</arg>
<arg>NO</arg>
<arg>NP</arg>
<arg>NR</arg>
<arg>NU</arg>
<arg>NZ</arg>
<arg>OM</arg>
<arg>PA</arg>
<arg>PE</arg>
<arg>PF</arg>
<arg>PG</arg>
<arg>PH</arg>
<arg>PK</arg>
<arg>PL</arg>
<arg>PM</arg>
<arg>PN</arg>
<arg>PR</arg>
<arg>PS</arg>
<arg>PT</arg>
<arg>PW</arg>
<arg>PY</arg>
<arg>QA</arg>
<arg>RE</arg>
<arg>RO</arg>
<arg>RS</arg>
<arg>RU</arg>
<arg>RW</arg>
<arg>SA</arg>
<arg>SB</arg>
<arg>SC</arg>
<arg>SD</arg>
<arg>SE</arg>
<arg>SG</arg>
<arg>SH</arg>
<arg>SI</arg>
<arg>SJ</arg>
<arg>SK</arg>
<arg>SL</arg>
<arg>SM</arg>
<arg>SN</arg>
<arg>SO</arg>
<arg>SR</arg>
<arg>SS</arg>
<arg>ST</arg>
<arg>SV</arg>
<arg>SX</arg>
<arg>SY</arg>
<arg>SZ</arg>
<arg>TC</arg>
<arg>TD</arg>
<arg>TF</arg>
<arg>TG</arg>
<arg>TH</arg>
<arg>TJ</arg>
<arg>TK</arg>
<arg>TL</arg>
<arg>TM</arg>
<arg>TN</arg>
<arg>TO</arg>
<arg>TR</arg>
<arg>TT</arg>
<arg>TV</arg>
<arg>TW</arg>
<arg>TZ</arg>
<arg>UA</arg>
<arg>UG</arg>
<arg>UM</arg>
<arg>US</arg>
<arg>UY</arg>
<arg>UZ</arg>
<arg>VA</arg>
<arg>VC</arg>
<arg>VE</arg>
<arg>VG</arg>
<arg>VI</arg>
<arg>VN</arg>
<arg>VU</arg>
<arg>WF</arg>
<arg>WS</arg>
<arg>XK</arg>
<arg>YE</arg>
<arg>YT</arg>
<arg>ZA</arg>
<arg>ZM</arg>
<arg>ZW</arg>
<doc>Returns a list containing given items.</doc>
<status status="PASS" start="2024-04-30T07:14:04.171256" elapsed="0.000608"/>
</kw>
<kw name="List Should Contain Value" owner="Collections">
<msg time="2024-04-30T07:14:04.172841" level="INFO">False</msg>
<arg>${list_country}</arg>
<arg>${name_country}</arg>
<doc>Fails if the ``value`` is not found from ``list``.</doc>
<status status="PASS" start="2024-04-30T07:14:04.172647" elapsed="0.000229"/>
</kw>
<kw name="Run Keyword If" owner="BuiltIn">
<kw name="Should Be True" owner="BuiltIn">
<arg>${True}</arg>
<doc>Fails if the given condition is not true.</doc>
<status status="PASS" start="2024-04-30T07:14:04.174321" elapsed="0.000308"/>
</kw>
<arg>${json_data["results"][0]["location"]["coordinates"]["latitude"]} &gt;= -90 and ${json_data["results"][0]["location"]["coordinates"]["latitude"]} &lt;= 90</arg>
<arg>Should Be True</arg>
<arg>${True}</arg>
<doc>Runs the given keyword with the given arguments, if ``condition`` is true.</doc>
<status status="PASS" start="2024-04-30T07:14:04.173187" elapsed="0.001576"/>
</kw>
<kw name="Run Keyword If" owner="BuiltIn">
<kw name="Should Be True" owner="BuiltIn">
<arg>${True}</arg>
<doc>Fails if the given condition is not true.</doc>
<status status="PASS" start="2024-04-30T07:14:04.175665" elapsed="0.000138"/>
</kw>
<arg>${json_data["results"][0]["location"]["coordinates"]["longitude"]} &gt;= -180 and ${json_data["results"][0]["location"]["coordinates"]["longitude"]} &lt;= 180</arg>
<arg>Should Be True</arg>
<arg>${True}</arg>
<doc>Runs the given keyword with the given arguments, if ``condition`` is true.</doc>
<status status="PASS" start="2024-04-30T07:14:04.174952" elapsed="0.000973"/>
</kw>
<status status="PASS" start="2024-04-30T07:14:04.064302" elapsed="0.111754"/>
</kw>
<doc>Testa o conteúdo específico dos campos retornados pela API.</doc>
<tag>testeConteudo</tag>
<status status="PASS" start="2024-04-30T07:14:04.063847" elapsed="0.112360"/>
</test>
<status status="PASS" start="2024-04-30T07:14:03.260610" elapsed="0.917614"/>
</suite>
<status status="PASS" start="2024-04-30T07:14:03.247022" elapsed="0.936307"/>
</suite>
<statistics>
<total>
<stat pass="5" fail="0" skip="0">All Tests</stat>
</total>
<tag>
<stat pass="1" fail="0" skip="0">testeConteudo</stat>
<stat pass="1" fail="0" skip="0">testeEstruturaResposta</stat>
<stat pass="1" fail="0" skip="0">testeRequisicaoBasica</stat>
<stat pass="1" fail="0" skip="0">testeTiposDados</stat>
</tag>
<suite>
<stat pass="5" fail="0" skip="0" id="s1" name="Tests">Tests</stat>
<stat pass="5" fail="0" skip="0" id="s1-s1" name="Random-User-Test">Tests.Random-User-Test</stat>
</suite>
</statistics>
<errors>
</errors>
</robot>
