<?xml version="1.0" encoding="UTF-8"?>
<robot generator="Robot 7.0 (Python 3.12.2 on linux)" generated="2024-04-01T17:15:28.463441" rpa="false" schemaversion="5">
<suite id="s1" name="Tests" source="/home/runner/work/DesafioQAItauRogerioJordao/DesafioQAItauRogerioJordao/RamdonUser/tests">
<suite id="s1-s1" name="Random-User-Test" source="/home/runner/work/DesafioQAItauRogerioJordao/DesafioQAItauRogerioJordao/RamdonUser/tests/random-user-test.robot">
<test id="s1-s1-t1" name="Conectar" line="13">
<kw name="Conectar API" owner="random-user-service">
<kw name="Create Session" owner="RequestsLibrary">
<msg time="2024-04-01T17:15:28.829316" level="INFO">Creating Session using : alias=consultarAPI, url=https://randomuser.me/, headers={},                     cookies={}, auth=None, timeout=None, proxies=None, verify=False,                     debug=0 </msg>
<arg>consultarAPI</arg>
<arg>${URL}</arg>
<doc>Create Session: create a HTTP session to a server</doc>
<status status="PASS" start="2024-04-01T17:15:28.829074" elapsed="0.000452"/>
</kw>
<status status="PASS" start="2024-04-01T17:15:28.827931" elapsed="0.001994"/>
</kw>
<status status="PASS" start="2024-04-01T17:15:28.827313" elapsed="0.002836"/>
</test>
<test id="s1-s1-t2" name="Validar retorno 200 e JSON Válido" line="16">
<kw name="Teste de Requisicao Basica" owner="random-user-service">
<kw name="GET On Session" owner="RequestsLibrary">
<msg time="2024-04-01T17:15:28.893168" level="INFO">GET Request : url=https://randomuser.me/api 
 path_url=/api 
 headers={'User-Agent': 'python-requests/2.31.0', 'Accept-Encoding': 'gzip, deflate', 'Accept': '*/*', 'Connection': 'keep-alive'} 
 body=None 
 </msg>
<msg time="2024-04-01T17:15:28.893372" level="INFO">GET Response : url=https://randomuser.me/api 
 status=200, reason=OK 
 headers={'Date': 'Mon, 01 Apr 2024 17:15:28 GMT', 'Content-Type': 'application/json; charset=utf-8', 'Transfer-Encoding': 'chunked', 'Connection': 'keep-alive', 'X-Powered-By': 'Express', 'Access-Control-Allow-Origin': '*', 'Cache-Control': 'no-cache', 'ETag': 'W/"471-3iDs8Shgp8n0cYfVGiHU58tlWWQ"', 'Vary': 'Accept-Encoding', 'Content-Encoding': 'gzip', 'CF-Cache-Status': 'DYNAMIC', 'Report-To': '{"endpoints":[{"url":"https:\\/\\/a.nel.cloudflare.com\\/report\\/v4?s=TxTMMFMLsEOXJGklKCSW0KLWq4i1viJtaJIWJ4SBwxf97clynWDnElB0YPeiepkGfJHP2VJVYezDegP%2FGhXPJZ71mBHUuI4q25jeI6mMdhWvc06UWpbHNYY0zyt8d0pt"}],"group":"cf-nel","max_age":604800}', 'NEL': '{"success_fraction":0,"report_to":"cf-nel","max_age":604800}', 'Server': 'cloudflare', 'CF-RAY': '86da38b15a868797-IAD', 'alt-svc': 'h3=":443"; ma=86400'} 
 body={"results":[{"gender":"male","name":{"title":"Mr","first":"سام","last":"قاسمی"},"location":{"street":{"number":2374,"name":"تقوی"},"city":"ساری","state":"اردبیل","country":"Iran","postcode":74745,"coordinates":{"latitude":"17.6847","longitude":"-24.8290"},"timezone":{"offset":"+6:00","description":"Almaty, Dhaka, Colombo"}},"email":"sm.qsmy@example.com","login":{"uuid":"67c3271b-a6f6-4eb6-aa00-473daf96ba7c","username":"beautifulbear350","password":"openup","salt":"Ox8y6Uz6","md5":"829c4ed8fd9bbf25fb26bdc6459ab012","sha1":"03fb54548a9cf1e5ce2d7846c6e1df4d5a5152a1","sha256":"baa196a9404a951149db5c8ddc231df7f21a27fc1c08cdd6f2b39ec8bcf49b50"},"dob":{"date":"1970-09-23T00:26:55.739Z","age":53},"registered":{"date":"2006-01-25T06:55:00.938Z","age":18},"phone":"069-54764755","cell":"0922-870-2937","id":{"name":"","value":null},"picture":{"large":"https://randomuser.me/api/portraits/men/81.jpg","medium":"https://randomuser.me/api/portraits/med/men/81.jpg","thumbnail":"https://randomuser.me/api/portraits/thumb/men/81.jpg"},"nat":"IR"}],"info":{"seed":"04651250cac17318","results":1,"page":1,"version":"1.4"}} 
 </msg>
<msg time="2024-04-01T17:15:28.893512" level="INFO">/opt/hostedtoolcache/Python/3.12.2/x64/lib/python3.12/site-packages/urllib3/connectionpool.py:1103: InsecureRequestWarning: Unverified HTTPS request is being made to host 'randomuser.me'. Adding certificate verification is strongly advised. See: https://urllib3.readthedocs.io/en/latest/advanced-usage.html#tls-warnings
  warnings.warn(</msg>
<msg time="2024-04-01T17:15:28.893673" level="INFO">${response} = &lt;Response [200]&gt;</msg>
<var>${response}</var>
<arg>consultarAPI</arg>
<arg>/api</arg>
<doc>Sends a GET request on a previously created HTTP Session.</doc>
<status status="PASS" start="2024-04-01T17:15:28.832906" elapsed="0.060811"/>
</kw>
<kw name="Should Be Equal As Numbers" owner="BuiltIn">
<msg time="2024-04-01T17:15:28.894908" level="INFO">Argument types are:
&lt;class 'int'&gt;
&lt;class 'str'&gt;</msg>
<arg>${response.status_code}</arg>
<arg>200</arg>
<doc>Fails if objects are unequal after converting them to real numbers.</doc>
<status status="PASS" start="2024-04-01T17:15:28.894402" elapsed="0.000579"/>
</kw>
<kw name="Log" owner="BuiltIn">
<msg time="2024-04-01T17:15:28.895689" level="INFO">200</msg>
<arg>${response.status_code}</arg>
<doc>Logs the given message with the given level.</doc>
<status status="PASS" start="2024-04-01T17:15:28.895314" elapsed="0.000418"/>
</kw>
<kw name="Set Variable" owner="BuiltIn">
<msg time="2024-04-01T17:15:28.896519" level="INFO">${json_data} = {'results': [{'gender': 'male', 'name': {'title': 'Mr', 'first': 'سام', 'last': 'قاسمی'}, 'location': {'street': {'number': 2374, 'name': 'تقوی'}, 'city': 'ساری', 'state': 'اردبیل', 'country': 'Iran',...</msg>
<var>${json_data}</var>
<arg>${response.json()}</arg>
<doc>Returns the given values which can then be assigned to a variables.</doc>
<status status="PASS" start="2024-04-01T17:15:28.896058" elapsed="0.000493"/>
</kw>
<kw name="Dictionary Should Contain Key" owner="Collections">
<msg time="2024-04-01T17:15:28.897030" level="INFO">False</msg>
<arg>${json_data}</arg>
<arg>results</arg>
<doc>Fails if ``key`` is not found from ``dictionary``.</doc>
<status status="PASS" start="2024-04-01T17:15:28.896859" elapsed="0.000211"/>
</kw>
<status status="PASS" start="2024-04-01T17:15:28.832635" elapsed="0.064732"/>
</kw>
<doc>Testa se a API responde corretamente e retorna um objeto JSON válido.</doc>
<tag>testeRequisicaoBasica</tag>
<status status="PASS" start="2024-04-01T17:15:28.832122" elapsed="0.065454"/>
</test>
<test id="s1-s1-t3" name="Validar estrutura de resposta" line="22">
<kw name="Teste de Estrutura de Resposta" owner="random-user-service">
<kw name="GET On Session" owner="RequestsLibrary">
<msg time="2024-04-01T17:15:29.005559" level="INFO">GET Request : url=https://randomuser.me/api 
 path_url=/api 
 headers={'User-Agent': 'python-requests/2.31.0', 'Accept-Encoding': 'gzip, deflate', 'Accept': '*/*', 'Connection': 'keep-alive'} 
 body=None 
 </msg>
<msg time="2024-04-01T17:15:29.005678" level="INFO">GET Response : url=https://randomuser.me/api 
 status=200, reason=OK 
 headers={'Date': 'Mon, 01 Apr 2024 17:15:29 GMT', 'Content-Type': 'application/json; charset=utf-8', 'Transfer-Encoding': 'chunked', 'Connection': 'keep-alive', 'X-Powered-By': 'Express', 'Access-Control-Allow-Origin': '*', 'Cache-Control': 'no-cache', 'ETag': 'W/"4a6-mco9Kqt0pBxwpOoGAFLlIPLIALU"', 'Vary': 'Accept-Encoding', 'Content-Encoding': 'gzip', 'CF-Cache-Status': 'DYNAMIC', 'Report-To': '{"endpoints":[{"url":"https:\\/\\/a.nel.cloudflare.com\\/report\\/v4?s=aVz%2FsAGkVmzodaySI6ymbxk0JU01juNAnsklbv7JXnCY%2FbxG0j3FC%2FeGemx5mHvUJgV15qtVm138y8g%2Fo8AB4hOm2842LyK40AN6AbJ3W6OmekQAXZ9hlRGKnuAH2yrX"}],"group":"cf-nel","max_age":604800}', 'NEL': '{"success_fraction":0,"report_to":"cf-nel","max_age":604800}', 'Server': 'cloudflare', 'CF-RAY': '86da38b1ab728797-IAD', 'alt-svc': 'h3=":443"; ma=86400'} 
 body={"results":[{"gender":"female","name":{"title":"Ms","first":"Clarissa","last":"Silveira"},"location":{"street":{"number":9101,"name":"Avenida da Legalidade"},"city":"Maranguape","state":"Paraná","country":"Brazil","postcode":16654,"coordinates":{"latitude":"-73.9196","longitude":"147.7433"},"timezone":{"offset":"-1:00","description":"Azores, Cape Verde Islands"}},"email":"clarissa.silveira@example.com","login":{"uuid":"2ec6e087-1741-4a32-96d5-11ad883b19d6","username":"goldenbutterfly164","password":"strat","salt":"EpePoitA","md5":"9920900f9da7dd332770388aca0da5e1","sha1":"1d0cfc671eaecb78f1dd3782ce67070e0d570053","sha256":"af9ac80898139d715da938f02dafca23fdec7dc0433f66c5719c6d8f55cee08b"},"dob":{"date":"1980-03-29T13:40:04.599Z","age":44},"registered":{"date":"2019-06-11T17:23:15.519Z","age":4},"phone":"(52) 6058-4639","cell":"(00) 2650-9703","id":{"name":"CPF","value":"366.919.993-67"},"picture":{"large":"https://randomuser.me/api/portraits/women/53.jpg","medium":"https://randomuser.me/api/portraits/med/women/53.jpg","thumbnail":"https://randomuser.me/api/portraits/thumb/women/53.jpg"},"nat":"BR"}],"info":{"seed":"daf164de67c2e39a","results":1,"page":1,"version":"1.4"}} 
 </msg>
<msg time="2024-04-01T17:15:29.005840" level="INFO">/opt/hostedtoolcache/Python/3.12.2/x64/lib/python3.12/site-packages/urllib3/connectionpool.py:1103: InsecureRequestWarning: Unverified HTTPS request is being made to host 'randomuser.me'. Adding certificate verification is strongly advised. See: https://urllib3.readthedocs.io/en/latest/advanced-usage.html#tls-warnings
  warnings.warn(</msg>
<msg time="2024-04-01T17:15:29.005994" level="INFO">${response} = &lt;Response [200]&gt;</msg>
<var>${response}</var>
<arg>consultarAPI</arg>
<arg>/api</arg>
<doc>Sends a GET request on a previously created HTTP Session.</doc>
<status status="PASS" start="2024-04-01T17:15:28.900366" elapsed="0.105671"/>
</kw>
<kw name="Set Variable" owner="BuiltIn">
<msg time="2024-04-01T17:15:29.007270" level="INFO">${json_data} = {'results': [{'gender': 'female', 'name': {'title': 'Ms', 'first': 'Clarissa', 'last': 'Silveira'}, 'location': {'street': {'number': 9101, 'name': 'Avenida da Legalidade'}, 'city': 'Maranguape', 'sta...</msg>
<var>${json_data}</var>
<arg>${response.json()}</arg>
<doc>Returns the given values which can then be assigned to a variables.</doc>
<status status="PASS" start="2024-04-01T17:15:29.006686" elapsed="0.000614"/>
</kw>
<kw name="Log" owner="BuiltIn">
<msg time="2024-04-01T17:15:29.007784" level="INFO">{'results': [{'gender': 'female', 'name': {'title': 'Ms', 'first': 'Clarissa', 'last': 'Silveira'}, 'location': {'street': {'number': 9101, 'name': 'Avenida da Legalidade'}, 'city': 'Maranguape', 'state': 'Paraná', 'country': 'Brazil', 'postcode': 16654, 'coordinates': {'latitude': '-73.9196', 'longitude': '147.7433'}, 'timezone': {'offset': '-1:00', 'description': 'Azores, Cape Verde Islands'}}, 'email': 'clarissa.silveira@example.com', 'login': {'uuid': '2ec6e087-1741-4a32-96d5-11ad883b19d6', 'username': 'goldenbutterfly164', 'password': 'strat', 'salt': 'EpePoitA', 'md5': '9920900f9da7dd332770388aca0da5e1', 'sha1': '1d0cfc671eaecb78f1dd3782ce67070e0d570053', 'sha256': 'af9ac80898139d715da938f02dafca23fdec7dc0433f66c5719c6d8f55cee08b'}, 'dob': {'date': '1980-03-29T13:40:04.599Z', 'age': 44}, 'registered': {'date': '2019-06-11T17:23:15.519Z', 'age': 4}, 'phone': '(52) 6058-4639', 'cell': '(00) 2650-9703', 'id': {'name': 'CPF', 'value': '366.919.993-67'}, 'picture': {'large': 'https://randomuser.me/api/portraits/women/53.jpg', 'medium': 'https://randomuser.me/api/portraits/med/women/53.jpg', 'thumbnail': 'https://randomuser.me/api/portraits/thumb/women/53.jpg'}, 'nat': 'BR'}], 'info': {'seed': 'daf164de67c2e39a', 'results': 1, 'page': 1, 'version': '1.4'}}</msg>
<arg>${json_data}</arg>
<doc>Logs the given message with the given level.</doc>
<status status="PASS" start="2024-04-01T17:15:29.007619" elapsed="0.000217"/>
</kw>
<kw name="Dictionary Should Contain Key" owner="Collections">
<msg time="2024-04-01T17:15:29.008296" level="INFO">False</msg>
<arg>${json_data}</arg>
<arg>results</arg>
<doc>Fails if ``key`` is not found from ``dictionary``.</doc>
<status status="PASS" start="2024-04-01T17:15:29.008136" elapsed="0.000198"/>
</kw>
<kw name="Should Not Be Empty" owner="BuiltIn">
<msg time="2024-04-01T17:15:29.008776" level="INFO">Length is 2.</msg>
<arg>${json_data}</arg>
<doc>Verifies that the given item is not empty.</doc>
<status status="PASS" start="2024-04-01T17:15:29.008632" elapsed="0.000183"/>
</kw>
<kw name="Create List" owner="BuiltIn">
<msg time="2024-04-01T17:15:29.009262" level="INFO">${expected_keys} = ['gender', 'name', 'location', 'email', 'login']</msg>
<var>${expected_keys}</var>
<arg>gender</arg>
<arg>name</arg>
<arg>location</arg>
<arg>email</arg>
<arg>login</arg>
<doc>Returns a list containing given items.</doc>
<status status="PASS" start="2024-04-01T17:15:29.009111" elapsed="0.000204"/>
</kw>
<for flavor="IN">
<iter>
<kw name="Dictionary Should Contain Key" owner="Collections">
<msg time="2024-04-01T17:15:29.010360" level="INFO">False</msg>
<arg>${json_data['results'][0]}</arg>
<arg>${key}</arg>
<doc>Fails if ``key`` is not found from ``dictionary``.</doc>
<status status="PASS" start="2024-04-01T17:15:29.009939" elapsed="0.000461"/>
</kw>
<kw name="Log" owner="BuiltIn">
<msg time="2024-04-01T17:15:29.011093" level="INFO">{'gender': 'female', 'name': {'title': 'Ms', 'first': 'Clarissa', 'last': 'Silveira'}, 'location': {'street': {'number': 9101, 'name': 'Avenida da Legalidade'}, 'city': 'Maranguape', 'state': 'Paraná', 'country': 'Brazil', 'postcode': 16654, 'coordinates': {'latitude': '-73.9196', 'longitude': '147.7433'}, 'timezone': {'offset': '-1:00', 'description': 'Azores, Cape Verde Islands'}}, 'email': 'clarissa.silveira@example.com', 'login': {'uuid': '2ec6e087-1741-4a32-96d5-11ad883b19d6', 'username': 'goldenbutterfly164', 'password': 'strat', 'salt': 'EpePoitA', 'md5': '9920900f9da7dd332770388aca0da5e1', 'sha1': '1d0cfc671eaecb78f1dd3782ce67070e0d570053', 'sha256': 'af9ac80898139d715da938f02dafca23fdec7dc0433f66c5719c6d8f55cee08b'}, 'dob': {'date': '1980-03-29T13:40:04.599Z', 'age': 44}, 'registered': {'date': '2019-06-11T17:23:15.519Z', 'age': 4}, 'phone': '(52) 6058-4639', 'cell': '(00) 2650-9703', 'id': {'name': 'CPF', 'value': '366.919.993-67'}, 'picture': {'large': 'https://randomuser.me/api/portraits/women/53.jpg', 'medium': 'https://randomuser.me/api/portraits/med/women/53.jpg', 'thumbnail': 'https://randomuser.me/api/portraits/thumb/women/53.jpg'}, 'nat': 'BR'}</msg>
<arg>${json_data['results'][0]}</arg>
<doc>Logs the given message with the given level.</doc>
<status status="PASS" start="2024-04-01T17:15:29.010714" elapsed="0.000438"/>
</kw>
<kw name="Log" owner="BuiltIn">
<msg time="2024-04-01T17:15:29.011598" level="INFO">gender</msg>
<arg>${key}</arg>
<doc>Logs the given message with the given level.</doc>
<status status="PASS" start="2024-04-01T17:15:29.011466" elapsed="0.000170"/>
</kw>
<var name="${key}">gender</var>
<status status="PASS" start="2024-04-01T17:15:29.009811" elapsed="0.002051"/>
</iter>
<iter>
<kw name="Dictionary Should Contain Key" owner="Collections">
<msg time="2024-04-01T17:15:29.012565" level="INFO">False</msg>
<arg>${json_data['results'][0]}</arg>
<arg>${key}</arg>
<doc>Fails if ``key`` is not found from ``dictionary``.</doc>
<status status="PASS" start="2024-04-01T17:15:29.012171" elapsed="0.000432"/>
</kw>
<kw name="Log" owner="BuiltIn">
<msg time="2024-04-01T17:15:29.013320" level="INFO">{'gender': 'female', 'name': {'title': 'Ms', 'first': 'Clarissa', 'last': 'Silveira'}, 'location': {'street': {'number': 9101, 'name': 'Avenida da Legalidade'}, 'city': 'Maranguape', 'state': 'Paraná', 'country': 'Brazil', 'postcode': 16654, 'coordinates': {'latitude': '-73.9196', 'longitude': '147.7433'}, 'timezone': {'offset': '-1:00', 'description': 'Azores, Cape Verde Islands'}}, 'email': 'clarissa.silveira@example.com', 'login': {'uuid': '2ec6e087-1741-4a32-96d5-11ad883b19d6', 'username': 'goldenbutterfly164', 'password': 'strat', 'salt': 'EpePoitA', 'md5': '9920900f9da7dd332770388aca0da5e1', 'sha1': '1d0cfc671eaecb78f1dd3782ce67070e0d570053', 'sha256': 'af9ac80898139d715da938f02dafca23fdec7dc0433f66c5719c6d8f55cee08b'}, 'dob': {'date': '1980-03-29T13:40:04.599Z', 'age': 44}, 'registered': {'date': '2019-06-11T17:23:15.519Z', 'age': 4}, 'phone': '(52) 6058-4639', 'cell': '(00) 2650-9703', 'id': {'name': 'CPF', 'value': '366.919.993-67'}, 'picture': {'large': 'https://randomuser.me/api/portraits/women/53.jpg', 'medium': 'https://randomuser.me/api/portraits/med/women/53.jpg', 'thumbnail': 'https://randomuser.me/api/portraits/thumb/women/53.jpg'}, 'nat': 'BR'}</msg>
<arg>${json_data['results'][0]}</arg>
<doc>Logs the given message with the given level.</doc>
<status status="PASS" start="2024-04-01T17:15:29.012935" elapsed="0.000438"/>
</kw>
<kw name="Log" owner="BuiltIn">
<msg time="2024-04-01T17:15:29.013806" level="INFO">name</msg>
<arg>${key}</arg>
<doc>Logs the given message with the given level.</doc>
<status status="PASS" start="2024-04-01T17:15:29.013676" elapsed="0.000169"/>
</kw>
<var name="${key}">name</var>
<status status="PASS" start="2024-04-01T17:15:29.012055" elapsed="0.002011"/>
</iter>
<iter>
<kw name="Dictionary Should Contain Key" owner="Collections">
<msg time="2024-04-01T17:15:29.014758" level="INFO">False</msg>
<arg>${json_data['results'][0]}</arg>
<arg>${key}</arg>
<doc>Fails if ``key`` is not found from ``dictionary``.</doc>
<status status="PASS" start="2024-04-01T17:15:29.014370" elapsed="0.000430"/>
</kw>
<kw name="Log" owner="BuiltIn">
<msg time="2024-04-01T17:15:29.015486" level="INFO">{'gender': 'female', 'name': {'title': 'Ms', 'first': 'Clarissa', 'last': 'Silveira'}, 'location': {'street': {'number': 9101, 'name': 'Avenida da Legalidade'}, 'city': 'Maranguape', 'state': 'Paraná', 'country': 'Brazil', 'postcode': 16654, 'coordinates': {'latitude': '-73.9196', 'longitude': '147.7433'}, 'timezone': {'offset': '-1:00', 'description': 'Azores, Cape Verde Islands'}}, 'email': 'clarissa.silveira@example.com', 'login': {'uuid': '2ec6e087-1741-4a32-96d5-11ad883b19d6', 'username': 'goldenbutterfly164', 'password': 'strat', 'salt': 'EpePoitA', 'md5': '9920900f9da7dd332770388aca0da5e1', 'sha1': '1d0cfc671eaecb78f1dd3782ce67070e0d570053', 'sha256': 'af9ac80898139d715da938f02dafca23fdec7dc0433f66c5719c6d8f55cee08b'}, 'dob': {'date': '1980-03-29T13:40:04.599Z', 'age': 44}, 'registered': {'date': '2019-06-11T17:23:15.519Z', 'age': 4}, 'phone': '(52) 6058-4639', 'cell': '(00) 2650-9703', 'id': {'name': 'CPF', 'value': '366.919.993-67'}, 'picture': {'large': 'https://randomuser.me/api/portraits/women/53.jpg', 'medium': 'https://randomuser.me/api/portraits/med/women/53.jpg', 'thumbnail': 'https://randomuser.me/api/portraits/thumb/women/53.jpg'}, 'nat': 'BR'}</msg>
<arg>${json_data['results'][0]}</arg>
<doc>Logs the given message with the given level.</doc>
<status status="PASS" start="2024-04-01T17:15:29.015107" elapsed="0.000434"/>
</kw>
<kw name="Log" owner="BuiltIn">
<msg time="2024-04-01T17:15:29.015967" level="INFO">location</msg>
<arg>${key}</arg>
<doc>Logs the given message with the given level.</doc>
<status status="PASS" start="2024-04-01T17:15:29.015839" elapsed="0.000167"/>
</kw>
<var name="${key}">location</var>
<status status="PASS" start="2024-04-01T17:15:29.014248" elapsed="0.001973"/>
</iter>
<iter>
<kw name="Dictionary Should Contain Key" owner="Collections">
<msg time="2024-04-01T17:15:29.016883" level="INFO">False</msg>
<arg>${json_data['results'][0]}</arg>
<arg>${key}</arg>
<doc>Fails if ``key`` is not found from ``dictionary``.</doc>
<status status="PASS" start="2024-04-01T17:15:29.016504" elapsed="0.000418"/>
</kw>
<kw name="Log" owner="BuiltIn">
<msg time="2024-04-01T17:15:29.017633" level="INFO">{'gender': 'female', 'name': {'title': 'Ms', 'first': 'Clarissa', 'last': 'Silveira'}, 'location': {'street': {'number': 9101, 'name': 'Avenida da Legalidade'}, 'city': 'Maranguape', 'state': 'Paraná', 'country': 'Brazil', 'postcode': 16654, 'coordinates': {'latitude': '-73.9196', 'longitude': '147.7433'}, 'timezone': {'offset': '-1:00', 'description': 'Azores, Cape Verde Islands'}}, 'email': 'clarissa.silveira@example.com', 'login': {'uuid': '2ec6e087-1741-4a32-96d5-11ad883b19d6', 'username': 'goldenbutterfly164', 'password': 'strat', 'salt': 'EpePoitA', 'md5': '9920900f9da7dd332770388aca0da5e1', 'sha1': '1d0cfc671eaecb78f1dd3782ce67070e0d570053', 'sha256': 'af9ac80898139d715da938f02dafca23fdec7dc0433f66c5719c6d8f55cee08b'}, 'dob': {'date': '1980-03-29T13:40:04.599Z', 'age': 44}, 'registered': {'date': '2019-06-11T17:23:15.519Z', 'age': 4}, 'phone': '(52) 6058-4639', 'cell': '(00) 2650-9703', 'id': {'name': 'CPF', 'value': '366.919.993-67'}, 'picture': {'large': 'https://randomuser.me/api/portraits/women/53.jpg', 'medium': 'https://randomuser.me/api/portraits/med/women/53.jpg', 'thumbnail': 'https://randomuser.me/api/portraits/thumb/women/53.jpg'}, 'nat': 'BR'}</msg>
<arg>${json_data['results'][0]}</arg>
<doc>Logs the given message with the given level.</doc>
<status status="PASS" start="2024-04-01T17:15:29.017226" elapsed="0.000459"/>
</kw>
<kw name="Log" owner="BuiltIn">
<msg time="2024-04-01T17:15:29.018115" level="INFO">email</msg>
<arg>${key}</arg>
<doc>Logs the given message with the given level.</doc>
<status status="PASS" start="2024-04-01T17:15:29.017986" elapsed="0.000168"/>
</kw>
<var name="${key}">email</var>
<status status="PASS" start="2024-04-01T17:15:29.016394" elapsed="0.001978"/>
</iter>
<iter>
<kw name="Dictionary Should Contain Key" owner="Collections">
<msg time="2024-04-01T17:15:29.019064" level="INFO">False</msg>
<arg>${json_data['results'][0]}</arg>
<arg>${key}</arg>
<doc>Fails if ``key`` is not found from ``dictionary``.</doc>
<status status="PASS" start="2024-04-01T17:15:29.018663" elapsed="0.000441"/>
</kw>
<kw name="Log" owner="BuiltIn">
<msg time="2024-04-01T17:15:29.019795" level="INFO">{'gender': 'female', 'name': {'title': 'Ms', 'first': 'Clarissa', 'last': 'Silveira'}, 'location': {'street': {'number': 9101, 'name': 'Avenida da Legalidade'}, 'city': 'Maranguape', 'state': 'Paraná', 'country': 'Brazil', 'postcode': 16654, 'coordinates': {'latitude': '-73.9196', 'longitude': '147.7433'}, 'timezone': {'offset': '-1:00', 'description': 'Azores, Cape Verde Islands'}}, 'email': 'clarissa.silveira@example.com', 'login': {'uuid': '2ec6e087-1741-4a32-96d5-11ad883b19d6', 'username': 'goldenbutterfly164', 'password': 'strat', 'salt': 'EpePoitA', 'md5': '9920900f9da7dd332770388aca0da5e1', 'sha1': '1d0cfc671eaecb78f1dd3782ce67070e0d570053', 'sha256': 'af9ac80898139d715da938f02dafca23fdec7dc0433f66c5719c6d8f55cee08b'}, 'dob': {'date': '1980-03-29T13:40:04.599Z', 'age': 44}, 'registered': {'date': '2019-06-11T17:23:15.519Z', 'age': 4}, 'phone': '(52) 6058-4639', 'cell': '(00) 2650-9703', 'id': {'name': 'CPF', 'value': '366.919.993-67'}, 'picture': {'large': 'https://randomuser.me/api/portraits/women/53.jpg', 'medium': 'https://randomuser.me/api/portraits/med/women/53.jpg', 'thumbnail': 'https://randomuser.me/api/portraits/thumb/women/53.jpg'}, 'nat': 'BR'}</msg>
<arg>${json_data['results'][0]}</arg>
<doc>Logs the given message with the given level.</doc>
<status status="PASS" start="2024-04-01T17:15:29.019409" elapsed="0.000437"/>
</kw>
<kw name="Log" owner="BuiltIn">
<msg time="2024-04-01T17:15:29.020273" level="INFO">login</msg>
<arg>${key}</arg>
<doc>Logs the given message with the given level.</doc>
<status status="PASS" start="2024-04-01T17:15:29.020144" elapsed="0.000313"/>
</kw>
<var name="${key}">login</var>
<status status="PASS" start="2024-04-01T17:15:29.018547" elapsed="0.002141"/>
</iter>
<var>${key}</var>
<value>@{expected_keys}</value>
<status status="PASS" start="2024-04-01T17:15:29.009609" elapsed="0.011203"/>
</for>
<kw name="Create List" owner="BuiltIn">
<msg time="2024-04-01T17:15:29.021166" level="INFO">${expected_keysTwo} = ['username', 'password']</msg>
<var>${expected_keysTwo}</var>
<arg>username</arg>
<arg>password</arg>
<doc>Returns a list containing given items.</doc>
<status status="PASS" start="2024-04-01T17:15:29.021025" elapsed="0.000165"/>
</kw>
<for flavor="IN">
<iter>
<kw name="Dictionary Should Contain Key" owner="Collections">
<msg time="2024-04-01T17:15:29.022102" level="INFO">False</msg>
<arg>${json_data['results'][0]['login']}</arg>
<arg>${keyTwo}</arg>
<doc>Fails if ``key`` is not found from ``dictionary``.</doc>
<status status="PASS" start="2024-04-01T17:15:29.021716" elapsed="0.000424"/>
</kw>
<kw name="Dictionary Should Contain Key" owner="Collections">
<msg time="2024-04-01T17:15:29.022825" level="INFO">False</msg>
<arg>${json_data['results'][0]['login']}</arg>
<arg>${keyTwo}</arg>
<doc>Fails if ``key`` is not found from ``dictionary``.</doc>
<status status="PASS" start="2024-04-01T17:15:29.022443" elapsed="0.000420"/>
</kw>
<kw name="Log" owner="BuiltIn">
<msg time="2024-04-01T17:15:29.023296" level="INFO">username</msg>
<arg>${keyTwo}</arg>
<doc>Logs the given message with the given level.</doc>
<status status="PASS" start="2024-04-01T17:15:29.023163" elapsed="0.000171"/>
</kw>
<var name="${keyTwo}">username</var>
<status status="PASS" start="2024-04-01T17:15:29.021605" elapsed="0.001949"/>
</iter>
<iter>
<kw name="Dictionary Should Contain Key" owner="Collections">
<msg time="2024-04-01T17:15:29.024219" level="INFO">False</msg>
<arg>${json_data['results'][0]['login']}</arg>
<arg>${keyTwo}</arg>
<doc>Fails if ``key`` is not found from ``dictionary``.</doc>
<status status="PASS" start="2024-04-01T17:15:29.023839" elapsed="0.000419"/>
</kw>
<kw name="Dictionary Should Contain Key" owner="Collections">
<msg time="2024-04-01T17:15:29.024930" level="INFO">False</msg>
<arg>${json_data['results'][0]['login']}</arg>
<arg>${keyTwo}</arg>
<doc>Fails if ``key`` is not found from ``dictionary``.</doc>
<status status="PASS" start="2024-04-01T17:15:29.024554" elapsed="0.000412"/>
</kw>
<kw name="Log" owner="BuiltIn">
<msg time="2024-04-01T17:15:29.025421" level="INFO">password</msg>
<arg>${keyTwo}</arg>
<doc>Logs the given message with the given level.</doc>
<status status="PASS" start="2024-04-01T17:15:29.025257" elapsed="0.000203"/>
</kw>
<var name="${keyTwo}">password</var>
<status status="PASS" start="2024-04-01T17:15:29.023729" elapsed="0.001953"/>
</iter>
<var>${keyTwo}</var>
<value>@{expected_keysTwo}</value>
<status status="PASS" start="2024-04-01T17:15:29.021450" elapsed="0.004355"/>
</for>
<status status="PASS" start="2024-04-01T17:15:28.900126" elapsed="0.125821"/>
</kw>
<doc>Testa a estrutura da resposta da API.</doc>
<tag>testeEstruturaResposta</tag>
<status status="PASS" start="2024-04-01T17:15:28.899442" elapsed="0.126672"/>
</test>
<test id="s1-s1-t4" name="Validar tipos de dados" line="28">
<kw name="Teste de Tipos de Dados" owner="random-user-service">
<kw name="GET On Session" owner="RequestsLibrary">
<msg time="2024-04-01T17:15:29.106001" level="INFO">GET Request : url=https://randomuser.me/api 
 path_url=/api 
 headers={'User-Agent': 'python-requests/2.31.0', 'Accept-Encoding': 'gzip, deflate', 'Accept': '*/*', 'Connection': 'keep-alive'} 
 body=None 
 </msg>
<msg time="2024-04-01T17:15:29.106100" level="INFO">GET Response : url=https://randomuser.me/api 
 status=200, reason=OK 
 headers={'Date': 'Mon, 01 Apr 2024 17:15:29 GMT', 'Content-Type': 'application/json; charset=utf-8', 'Transfer-Encoding': 'chunked', 'Connection': 'keep-alive', 'X-Powered-By': 'Express', 'Access-Control-Allow-Origin': '*', 'Cache-Control': 'no-cache', 'ETag': 'W/"49b-Xk074zDFbGTiGkGLzmeSBYr5IfY"', 'Vary': 'Accept-Encoding', 'Content-Encoding': 'gzip', 'CF-Cache-Status': 'DYNAMIC', 'Report-To': '{"endpoints":[{"url":"https:\\/\\/a.nel.cloudflare.com\\/report\\/v4?s=%2BEX0JLMZrNmIyHGdBPCZz6u7AJCv1Nh99jIpK0vwE8zxc0cc1avsg2V5AfNZYOwMGKMMvnybghmZ18VuwRf%2FGfuFEZlOGi7Vy6suERUNt9TXyB0dQMeKlyHlardbUy13"}],"group":"cf-nel","max_age":604800}', 'NEL': '{"success_fraction":0,"report_to":"cf-nel","max_age":604800}', 'Server': 'cloudflare', 'CF-RAY': '86da38b27e2b8797-IAD', 'alt-svc': 'h3=":443"; ma=86400'} 
 body={"results":[{"gender":"male","name":{"title":"Mr","first":"Friedhelm","last":"Reiner"},"location":{"street":{"number":8724,"name":"Uhlandstraße"},"city":"Waldsassen","state":"Bremen","country":"Germany","postcode":36383,"coordinates":{"latitude":"-47.8234","longitude":"-101.7888"},"timezone":{"offset":"-3:00","description":"Brazil, Buenos Aires, Georgetown"}},"email":"friedhelm.reiner@example.com","login":{"uuid":"4b5dee44-bdc4-4e0b-80d4-92cdfe418a09","username":"ticklishelephant608","password":"767676","salt":"S3Xq3aSb","md5":"22bca226dd74dccc051f07b59cd9970d","sha1":"f4fee47954779e1d6bca578881c662b987dad42d","sha256":"6516ef9f8bd532bed11b751411bee8fa7f877728ccf0a6227e60fcf24c6ba33c"},"dob":{"date":"1953-10-01T13:47:06.440Z","age":70},"registered":{"date":"2018-06-11T21:51:02.762Z","age":5},"phone":"0992-1560648","cell":"0173-4589148","id":{"name":"SVNR","value":"16 011053 R 363"},"picture":{"large":"https://randomuser.me/api/portraits/men/82.jpg","medium":"https://randomuser.me/api/portraits/med/men/82.jpg","thumbnail":"https://randomuser.me/api/portraits/thumb/men/82.jpg"},"nat":"DE"}],"info":{"seed":"ccd153b9d000cab3","results":1,"page":1,"version":"1.4"}} 
 </msg>
<msg time="2024-04-01T17:15:29.106169" level="INFO">/opt/hostedtoolcache/Python/3.12.2/x64/lib/python3.12/site-packages/urllib3/connectionpool.py:1103: InsecureRequestWarning: Unverified HTTPS request is being made to host 'randomuser.me'. Adding certificate verification is strongly advised. See: https://urllib3.readthedocs.io/en/latest/advanced-usage.html#tls-warnings
  warnings.warn(</msg>
<msg time="2024-04-01T17:15:29.106299" level="INFO">${response} = &lt;Response [200]&gt;</msg>
<var>${response}</var>
<arg>consultarAPI</arg>
<arg>/api</arg>
<doc>Sends a GET request on a previously created HTTP Session.</doc>
<status status="PASS" start="2024-04-01T17:15:29.028636" elapsed="0.077705"/>
</kw>
<kw name="Set Variable" owner="BuiltIn">
<msg time="2024-04-01T17:15:29.107611" level="INFO">${json_data} = {'results': [{'gender': 'male', 'name': {'title': 'Mr', 'first': 'Friedhelm', 'last': 'Reiner'}, 'location': {'street': {'number': 8724, 'name': 'Uhlandstraße'}, 'city': 'Waldsassen', 'state': 'Bremen...</msg>
<var>${json_data}</var>
<arg>${response.json()}</arg>
<doc>Returns the given values which can then be assigned to a variables.</doc>
<status status="PASS" start="2024-04-01T17:15:29.106999" elapsed="0.000642"/>
</kw>
<kw name="Log" owner="BuiltIn">
<msg time="2024-04-01T17:15:29.108129" level="INFO">{'results': [{'gender': 'male', 'name': {'title': 'Mr', 'first': 'Friedhelm', 'last': 'Reiner'}, 'location': {'street': {'number': 8724, 'name': 'Uhlandstraße'}, 'city': 'Waldsassen', 'state': 'Bremen', 'country': 'Germany', 'postcode': 36383, 'coordinates': {'latitude': '-47.8234', 'longitude': '-101.7888'}, 'timezone': {'offset': '-3:00', 'description': 'Brazil, Buenos Aires, Georgetown'}}, 'email': 'friedhelm.reiner@example.com', 'login': {'uuid': '4b5dee44-bdc4-4e0b-80d4-92cdfe418a09', 'username': 'ticklishelephant608', 'password': '767676', 'salt': 'S3Xq3aSb', 'md5': '22bca226dd74dccc051f07b59cd9970d', 'sha1': 'f4fee47954779e1d6bca578881c662b987dad42d', 'sha256': '6516ef9f8bd532bed11b751411bee8fa7f877728ccf0a6227e60fcf24c6ba33c'}, 'dob': {'date': '1953-10-01T13:47:06.440Z', 'age': 70}, 'registered': {'date': '2018-06-11T21:51:02.762Z', 'age': 5}, 'phone': '0992-1560648', 'cell': '0173-4589148', 'id': {'name': 'SVNR', 'value': '16 011053 R 363'}, 'picture': {'large': 'https://randomuser.me/api/portraits/men/82.jpg', 'medium': 'https://randomuser.me/api/portraits/med/men/82.jpg', 'thumbnail': 'https://randomuser.me/api/portraits/thumb/men/82.jpg'}, 'nat': 'DE'}], 'info': {'seed': 'ccd153b9d000cab3', 'results': 1, 'page': 1, 'version': '1.4'}}</msg>
<arg>${json_data}</arg>
<doc>Logs the given message with the given level.</doc>
<status status="PASS" start="2024-04-01T17:15:29.107962" elapsed="0.000260"/>
</kw>
<kw name="Should Be String" owner="String">
<arg>${json_data['results'][0]['gender']}</arg>
<doc>Fails if the given ``item`` is not a string.</doc>
<status status="PASS" start="2024-04-01T17:15:29.108525" elapsed="0.000389"/>
</kw>
<kw name="Should Match Regexp" owner="BuiltIn">
<arg>${json_data['results'][0]['email']}</arg>
<arg>^[a-zA-Z0-9._%+-]+@[a-zA-Z0-9.-]+\.[a-zA-Z]{2,}$</arg>
<doc>Fails if ``string`` does not match ``pattern`` as a regular expression.</doc>
<status status="PASS" start="2024-04-01T17:15:29.109120" elapsed="0.000571"/>
</kw>
<kw name="Should Match Regexp" owner="BuiltIn">
<arg>${json_data['results'][0]['dob']['date']}</arg>
<arg>\\d{4}-\\d{2}-\\d{2}T\\d{2}:\\d{2}:\\d{2}\\.\\d{3}Z</arg>
<doc>Fails if ``string`` does not match ``pattern`` as a regular expression.</doc>
<status status="PASS" start="2024-04-01T17:15:29.109889" elapsed="0.000497"/>
</kw>
<kw name="Should Match Regexp" owner="BuiltIn">
<arg>${json_data['results'][0]['registered']['date']}</arg>
<arg>\\d{4}-\\d{2}-\\d{2}T\\d{2}:\\d{2}:\\d{2}\\.\\d{3}Z</arg>
<doc>Fails if ``string`` does not match ``pattern`` as a regular expression.</doc>
<status status="PASS" start="2024-04-01T17:15:29.110580" elapsed="0.000369"/>
</kw>
<kw name="Should Match Regexp" owner="BuiltIn">
<arg>${json_data['results'][0]['picture']['large']}</arg>
<arg>^https?://.*\.(?:png|jpe?g|gif|bmp)$</arg>
<doc>Fails if ``string`` does not match ``pattern`` as a regular expression.</doc>
<status status="PASS" start="2024-04-01T17:15:29.111136" elapsed="0.000469"/>
</kw>
<kw name="Should Match Regexp" owner="BuiltIn">
<arg>${json_data['results'][0]['picture']['medium']}</arg>
<arg>^https?://.*\.(?:png|jpe?g|gif|bmp)$</arg>
<doc>Fails if ``string`` does not match ``pattern`` as a regular expression.</doc>
<status status="PASS" start="2024-04-01T17:15:29.111792" elapsed="0.000358"/>
</kw>
<kw name="Should Match Regexp" owner="BuiltIn">
<arg>${json_data['results'][0]['picture']['thumbnail']}</arg>
<arg>^https?://.*\.(?:png|jpe?g|gif|bmp)$</arg>
<doc>Fails if ``string`` does not match ``pattern`` as a regular expression.</doc>
<status status="PASS" start="2024-04-01T17:15:29.112335" elapsed="0.000356"/>
</kw>
<kw name="Log" owner="BuiltIn">
<msg time="2024-04-01T17:15:29.113192" level="INFO">{'large': 'https://randomuser.me/api/portraits/men/82.jpg', 'medium': 'https://randomuser.me/api/portraits/med/men/82.jpg', 'thumbnail': 'https://randomuser.me/api/portraits/thumb/men/82.jpg'}</msg>
<arg>${json_data['results'][0]['picture']}</arg>
<doc>Logs the given message with the given level.</doc>
<status status="PASS" start="2024-04-01T17:15:29.112872" elapsed="0.000368"/>
</kw>
<status status="PASS" start="2024-04-01T17:15:29.028398" elapsed="0.085136"/>
</kw>
<kw name="Teste de Tipos de Dados - Postcode" owner="random-user-service">
<kw name="GET On Session" owner="RequestsLibrary">
<msg time="2024-04-01T17:15:29.190198" level="INFO">GET Request : url=https://randomuser.me/api 
 path_url=/api 
 headers={'User-Agent': 'python-requests/2.31.0', 'Accept-Encoding': 'gzip, deflate', 'Accept': '*/*', 'Connection': 'keep-alive'} 
 body=None 
 </msg>
<msg time="2024-04-01T17:15:29.190317" level="INFO">GET Response : url=https://randomuser.me/api 
 status=200, reason=OK 
 headers={'Date': 'Mon, 01 Apr 2024 17:15:29 GMT', 'Content-Type': 'application/json; charset=utf-8', 'Transfer-Encoding': 'chunked', 'Connection': 'keep-alive', 'X-Powered-By': 'Express', 'Access-Control-Allow-Origin': '*', 'Cache-Control': 'no-cache', 'ETag': 'W/"48d-6gBaYW5+xu+eqgopm9BSXfG/g+I"', 'Vary': 'Accept-Encoding', 'Content-Encoding': 'gzip', 'CF-Cache-Status': 'DYNAMIC', 'Report-To': '{"endpoints":[{"url":"https:\\/\\/a.nel.cloudflare.com\\/report\\/v4?s=m4EUnuY%2FFMNx%2F5TpD4WNSIG46%2Bgm%2FiSK8gr1Pzk2NL3N7IflBcr86qwrdWK09EXqcr2rcWJ%2Fa94awmDUvIuT%2FirRSqjrutek4imlb%2FKd5HrsM7K8j3ROF9It0fBpF2Sw"}],"group":"cf-nel","max_age":604800}', 'NEL': '{"success_fraction":0,"report_to":"cf-nel","max_age":604800}', 'Server': 'cloudflare', 'CF-RAY': '86da38b2ffc08797-IAD', 'alt-svc': 'h3=":443"; ma=86400'} 
 body={"results":[{"gender":"female","name":{"title":"Miss","first":"Slađana","last":"Jakšić"},"location":{"street":{"number":7437,"name":"Komitska"},"city":"Pirot","state":"Srem","country":"Serbia","postcode":81860,"coordinates":{"latitude":"56.9900","longitude":"18.0662"},"timezone":{"offset":"+1:00","description":"Brussels, Copenhagen, Madrid, Paris"}},"email":"sladana.jaksic@example.com","login":{"uuid":"c337b69d-cc76-4b4e-bdc6-37550127c68a","username":"happyelephant520","password":"robotech","salt":"WDASs37Z","md5":"f763face27dffec65443dfaf3f95ff44","sha1":"e6d84ab4ab9b18a94119630dde098e8a3780fac4","sha256":"f466584831f3d78a87a975c734384ddc8a1c255f74fc8c3ae64ec4aaf6738c1b"},"dob":{"date":"1964-06-07T10:47:40.580Z","age":59},"registered":{"date":"2008-12-29T06:54:21.586Z","age":15},"phone":"011-4735-668","cell":"060-9769-192","id":{"name":"SID","value":"138420024"},"picture":{"large":"https://randomuser.me/api/portraits/women/3.jpg","medium":"https://randomuser.me/api/portraits/med/women/3.jpg","thumbnail":"https://randomuser.me/api/portraits/thumb/women/3.jpg"},"nat":"RS"}],"info":{"seed":"a3700f2c29340df2","results":1,"page":1,"version":"1.4"}} 
 </msg>
<msg time="2024-04-01T17:15:29.190427" level="INFO">/opt/hostedtoolcache/Python/3.12.2/x64/lib/python3.12/site-packages/urllib3/connectionpool.py:1103: InsecureRequestWarning: Unverified HTTPS request is being made to host 'randomuser.me'. Adding certificate verification is strongly advised. See: https://urllib3.readthedocs.io/en/latest/advanced-usage.html#tls-warnings
  warnings.warn(</msg>
<msg time="2024-04-01T17:15:29.190583" level="INFO">${response} = &lt;Response [200]&gt;</msg>
<var>${response}</var>
<arg>consultarAPI</arg>
<arg>/api</arg>
<doc>Sends a GET request on a previously created HTTP Session.</doc>
<status status="PASS" start="2024-04-01T17:15:29.114170" elapsed="0.076460"/>
</kw>
<kw name="Set Variable" owner="BuiltIn">
<msg time="2024-04-01T17:15:29.191714" level="INFO">${json_data} = {'results': [{'gender': 'female', 'name': {'title': 'Miss', 'first': 'Slađana', 'last': 'Jakšić'}, 'location': {'street': {'number': 7437, 'name': 'Komitska'}, 'city': 'Pirot', 'state': 'Srem', 'count...</msg>
<var>${json_data}</var>
<arg>${response.json()}</arg>
<doc>Returns the given values which can then be assigned to a variables.</doc>
<status status="PASS" start="2024-04-01T17:15:29.191169" elapsed="0.000577"/>
</kw>
<kw name="Log" owner="BuiltIn">
<msg time="2024-04-01T17:15:29.192243" level="INFO">{'results': [{'gender': 'female', 'name': {'title': 'Miss', 'first': 'Slađana', 'last': 'Jakšić'}, 'location': {'street': {'number': 7437, 'name': 'Komitska'}, 'city': 'Pirot', 'state': 'Srem', 'country': 'Serbia', 'postcode': 81860, 'coordinates': {'latitude': '56.9900', 'longitude': '18.0662'}, 'timezone': {'offset': '+1:00', 'description': 'Brussels, Copenhagen, Madrid, Paris'}}, 'email': 'sladana.jaksic@example.com', 'login': {'uuid': 'c337b69d-cc76-4b4e-bdc6-37550127c68a', 'username': 'happyelephant520', 'password': 'robotech', 'salt': 'WDASs37Z', 'md5': 'f763face27dffec65443dfaf3f95ff44', 'sha1': 'e6d84ab4ab9b18a94119630dde098e8a3780fac4', 'sha256': 'f466584831f3d78a87a975c734384ddc8a1c255f74fc8c3ae64ec4aaf6738c1b'}, 'dob': {'date': '1964-06-07T10:47:40.580Z', 'age': 59}, 'registered': {'date': '2008-12-29T06:54:21.586Z', 'age': 15}, 'phone': '011-4735-668', 'cell': '060-9769-192', 'id': {'name': 'SID', 'value': '138420024'}, 'picture': {'large': 'https://randomuser.me/api/portraits/women/3.jpg', 'medium': 'https://randomuser.me/api/portraits/med/women/3.jpg', 'thumbnail': 'https://randomuser.me/api/portraits/thumb/women/3.jpg'}, 'nat': 'RS'}], 'info': {'seed': 'a3700f2c29340df2', 'results': 1, 'page': 1, 'version': '1.4'}}</msg>
<arg>${json_data}</arg>
<doc>Logs the given message with the given level.</doc>
<status status="PASS" start="2024-04-01T17:15:29.192073" elapsed="0.000260"/>
</kw>
<kw name="Should Be Equal As Numbers" owner="BuiltIn">
<arg>${json_data['results'][0]['location']['postcode']}</arg>
<arg>${json_data['results'][0]['location']['postcode']}</arg>
<doc>Fails if objects are unequal after converting them to real numbers.</doc>
<status status="PASS" start="2024-04-01T17:15:29.192658" elapsed="0.000694"/>
</kw>
<kw name="Log" owner="BuiltIn">
<msg time="2024-04-01T17:15:29.193904" level="INFO">81860</msg>
<arg>${json_data['results'][0]['location']['postcode']}</arg>
<doc>Logs the given message with the given level.</doc>
<status status="PASS" start="2024-04-01T17:15:29.193558" elapsed="0.000389"/>
</kw>
<status status="PASS" start="2024-04-01T17:15:29.113774" elapsed="0.080438"/>
</kw>
<doc>Testa se os tipos de dados na resposta da API estão corretos.</doc>
<tag>testeTiposDados</tag>
<status status="PASS" start="2024-04-01T17:15:29.027918" elapsed="0.166472"/>
</test>
<test id="s1-s1-t5" name="Validar conteudo" line="35">
<kw name="Teste de Tipos de Conteudo" owner="random-user-service">
<kw name="GET On Session" owner="RequestsLibrary">
<msg time="2024-04-01T17:15:29.315320" level="INFO">GET Request : url=https://randomuser.me/api 
 path_url=/api 
 headers={'User-Agent': 'python-requests/2.31.0', 'Accept-Encoding': 'gzip, deflate', 'Accept': '*/*', 'Connection': 'keep-alive'} 
 body=None 
 </msg>
<msg time="2024-04-01T17:15:29.315437" level="INFO">GET Response : url=https://randomuser.me/api 
 status=200, reason=OK 
 headers={'Date': 'Mon, 01 Apr 2024 17:15:29 GMT', 'Content-Type': 'application/json; charset=utf-8', 'Transfer-Encoding': 'chunked', 'Connection': 'keep-alive', 'X-Powered-By': 'Express', 'Access-Control-Allow-Origin': '*', 'Cache-Control': 'no-cache', 'ETag': 'W/"494-eqYU/Ok2ELgWyXZ1NplENTmUiRw"', 'Vary': 'Accept-Encoding', 'Content-Encoding': 'gzip', 'CF-Cache-Status': 'DYNAMIC', 'Report-To': '{"endpoints":[{"url":"https:\\/\\/a.nel.cloudflare.com\\/report\\/v4?s=kAguFLxi%2FNpUEjk8xSwjap99tQJqheQSAXrx9TjpZWb6YPgejBQa1ZPyBizTFFk413JmtnXhAmXkkVPdLa10TQcOzEv5VaGj0jWgIpJeJUEWBs%2B8dXAzjqL3iXrzy1hR"}],"group":"cf-nel","max_age":604800}', 'NEL': '{"success_fraction":0,"report_to":"cf-nel","max_age":604800}', 'Server': 'cloudflare', 'CF-RAY': '86da38b379e98797-IAD', 'alt-svc': 'h3=":443"; ma=86400'} 
 body={"results":[{"gender":"female","name":{"title":"Miss","first":"یاسمن","last":"كامياران"},"location":{"street":{"number":2854,"name":"اقبال لاهوری"},"city":"سیرجان","state":"اصفهان","country":"Iran","postcode":17452,"coordinates":{"latitude":"21.4283","longitude":"40.6062"},"timezone":{"offset":"+9:30","description":"Adelaide, Darwin"}},"email":"ysmn.kmyrn@example.com","login":{"uuid":"e82e4181-1886-46e5-a6b9-d9be9f124118","username":"organicsnake620","password":"rasputin","salt":"GFxz6uix","md5":"002c772d0b2c2615b9d88ba11cf37fc5","sha1":"25c6a9d09ed04a9d7d6a9300d391bd887e4cd33f","sha256":"233ccb8f908e7ae97fe4dac76715955c80d1a191de954290c266234c6d157908"},"dob":{"date":"1987-02-27T05:33:30.541Z","age":37},"registered":{"date":"2020-10-14T09:06:26.642Z","age":3},"phone":"090-12115333","cell":"0947-929-9324","id":{"name":"","value":null},"picture":{"large":"https://randomuser.me/api/portraits/women/55.jpg","medium":"https://randomuser.me/api/portraits/med/women/55.jpg","thumbnail":"https://randomuser.me/api/portraits/thumb/women/55.jpg"},"nat":"IR"}],"info":{"seed":"2daf59d831654b49","results":1,"page":1,"version":"1.4"}} 
 </msg>
<msg time="2024-04-01T17:15:29.315525" level="INFO">/opt/hostedtoolcache/Python/3.12.2/x64/lib/python3.12/site-packages/urllib3/connectionpool.py:1103: InsecureRequestWarning: Unverified HTTPS request is being made to host 'randomuser.me'. Adding certificate verification is strongly advised. See: https://urllib3.readthedocs.io/en/latest/advanced-usage.html#tls-warnings
  warnings.warn(</msg>
<msg time="2024-04-01T17:15:29.315676" level="INFO">${response} = &lt;Response [200]&gt;</msg>
<var>${response}</var>
<arg>consultarAPI</arg>
<arg>/api</arg>
<doc>Sends a GET request on a previously created HTTP Session.</doc>
<status status="PASS" start="2024-04-01T17:15:29.196901" elapsed="0.118825"/>
</kw>
<kw name="Set Variable" owner="BuiltIn">
<msg time="2024-04-01T17:15:29.317126" level="INFO">${json_data} = {'results': [{'gender': 'female', 'name': {'title': 'Miss', 'first': 'یاسمن', 'last': 'كامياران'}, 'location': {'street': {'number': 2854, 'name': 'اقبال لاهوری'}, 'city': 'سیرجان', 'state': 'اصفهان',...</msg>
<var>${json_data}</var>
<arg>${response.json()}</arg>
<doc>Returns the given values which can then be assigned to a variables.</doc>
<status status="PASS" start="2024-04-01T17:15:29.316463" elapsed="0.000695"/>
</kw>
<kw name="Set Variable" owner="BuiltIn">
<msg time="2024-04-01T17:15:29.317918" level="INFO">${name_title} = Miss</msg>
<var>${name_title}</var>
<arg>${json_data["results"][0]["name"]["title"]}</arg>
<doc>Returns the given values which can then be assigned to a variables.</doc>
<status status="PASS" start="2024-04-01T17:15:29.317528" elapsed="0.000416"/>
</kw>
<kw name="Create List" owner="BuiltIn">
<msg time="2024-04-01T17:15:29.318402" level="INFO">${allowed_titles} = ['Mr', 'Ms', 'Miss', 'Mrs', 'Madame', 'Monsieur']</msg>
<var>${allowed_titles}</var>
<arg>Mr</arg>
<arg>Ms</arg>
<arg>Miss</arg>
<arg>Mrs</arg>
<arg>Madame</arg>
<arg>Monsieur</arg>
<doc>Returns a list containing given items.</doc>
<status status="PASS" start="2024-04-01T17:15:29.318249" elapsed="0.000179"/>
</kw>
<kw name="List Should Contain Value" owner="Collections">
<msg time="2024-04-01T17:15:29.318926" level="INFO">False</msg>
<arg>${allowed_titles}</arg>
<arg>${name_title}</arg>
<doc>Fails if the ``value`` is not found from ``list``.</doc>
<status status="PASS" start="2024-04-01T17:15:29.318740" elapsed="0.000224"/>
</kw>
<kw name="Set Variable" owner="BuiltIn">
<msg time="2024-04-01T17:15:29.319649" level="INFO">${name_country} = IR</msg>
<var>${name_country}</var>
<arg>${json_data["results"][0]["nat"]}</arg>
<doc>Returns the given values which can then be assigned to a variables.</doc>
<status status="PASS" start="2024-04-01T17:15:29.319267" elapsed="0.000408"/>
</kw>
<kw name="Create List" owner="BuiltIn">
<msg time="2024-04-01T17:15:29.320607" level="INFO">${list_country} = ['AD', 'AE', 'AF', 'AG', 'AI', 'AL', 'AM', 'AO', 'AQ', 'AR', 'AS', 'AT', 'AU', 'AW', 'AX', 'AZ', 'BA', 'BB', 'BD', 'BE', 'BF', 'BG', 'BH', 'BI', 'BJ', 'BL', 'BM', 'BN', 'BO', 'BQ', 'BR', 'BS', 'BT', '...</msg>
<var>${list_country}</var>
<arg>AD</arg>
<arg>AE</arg>
<arg>AF</arg>
<arg>AG</arg>
<arg>AI</arg>
<arg>AL</arg>
<arg>AM</arg>
<arg>AO</arg>
<arg>AQ</arg>
<arg>AR</arg>
<arg>AS</arg>
<arg>AT</arg>
<arg>AU</arg>
<arg>AW</arg>
<arg>AX</arg>
<arg>AZ</arg>
<arg>BA</arg>
<arg>BB</arg>
<arg>BD</arg>
<arg>BE</arg>
<arg>BF</arg>
<arg>BG</arg>
<arg>BH</arg>
<arg>BI</arg>
<arg>BJ</arg>
<arg>BL</arg>
<arg>BM</arg>
<arg>BN</arg>
<arg>BO</arg>
<arg>BQ</arg>
<arg>BR</arg>
<arg>BS</arg>
<arg>BT</arg>
<arg>BV</arg>
<arg>BW</arg>
<arg>BY</arg>
<arg>BZ</arg>
<arg>CA</arg>
<arg>CC</arg>
<arg>CD</arg>
<arg>CF</arg>
<arg>CG</arg>
<arg>CH</arg>
<arg>CI</arg>
<arg>CK</arg>
<arg>CL</arg>
<arg>CM</arg>
<arg>CN</arg>
<arg>CO</arg>
<arg>CR</arg>
<arg>CU</arg>
<arg>CV</arg>
<arg>CW</arg>
<arg>CX</arg>
<arg>CY</arg>
<arg>CZ</arg>
<arg>DE</arg>
<arg>DJ</arg>
<arg>DK</arg>
<arg>DM</arg>
<arg>DO</arg>
<arg>DZ</arg>
<arg>EC</arg>
<arg>EE</arg>
<arg>EG</arg>
<arg>EH</arg>
<arg>ER</arg>
<arg>ES</arg>
<arg>ET</arg>
<arg>FI</arg>
<arg>FJ</arg>
<arg>FK</arg>
<arg>FM</arg>
<arg>FO</arg>
<arg>FR</arg>
<arg>GA</arg>
<arg>GB</arg>
<arg>GD</arg>
<arg>GE</arg>
<arg>GF</arg>
<arg>GG</arg>
<arg>GH</arg>
<arg>GI</arg>
<arg>GL</arg>
<arg>GM</arg>
<arg>GN</arg>
<arg>GP</arg>
<arg>GQ</arg>
<arg>GR</arg>
<arg>GS</arg>
<arg>GT</arg>
<arg>GU</arg>
<arg>GW</arg>
<arg>GY</arg>
<arg>HK</arg>
<arg>HM</arg>
<arg>HN</arg>
<arg>HR</arg>
<arg>HT</arg>
<arg>HU</arg>
<arg>ID</arg>
<arg>IE</arg>
<arg>IL</arg>
<arg>IM</arg>
<arg>IN</arg>
<arg>IO</arg>
<arg>IQ</arg>
<arg>IR</arg>
<arg>IS</arg>
<arg>IT</arg>
<arg>JE</arg>
<arg>JM</arg>
<arg>JO</arg>
<arg>JP</arg>
<arg>KE</arg>
<arg>KG</arg>
<arg>KH</arg>
<arg>KI</arg>
<arg>KM</arg>
<arg>KN</arg>
<arg>KP</arg>
<arg>KR</arg>
<arg>KW</arg>
<arg>KY</arg>
<arg>KZ</arg>
<arg>LA</arg>
<arg>LB</arg>
<arg>LC</arg>
<arg>LI</arg>
<arg>LK</arg>
<arg>LR</arg>
<arg>LS</arg>
<arg>LT</arg>
<arg>LU</arg>
<arg>LV</arg>
<arg>LY</arg>
<arg>MA</arg>
<arg>MC</arg>
<arg>MD</arg>
<arg>ME</arg>
<arg>MF</arg>
<arg>MG</arg>
<arg>MH</arg>
<arg>MK</arg>
<arg>ML</arg>
<arg>MM</arg>
<arg>MN</arg>
<arg>MO</arg>
<arg>MP</arg>
<arg>MQ</arg>
<arg>MR</arg>
<arg>MS</arg>
<arg>MT</arg>
<arg>MU</arg>
<arg>MV</arg>
<arg>MW</arg>
<arg>MX</arg>
<arg>MY</arg>
<arg>MZ</arg>
<arg>NA</arg>
<arg>NC</arg>
<arg>NE</arg>
<arg>NF</arg>
<arg>NG</arg>
<arg>NI</arg>
<arg>NL</arg>
<arg>NO</arg>
<arg>NP</arg>
<arg>NR</arg>
<arg>NU</arg>
<arg>NZ</arg>
<arg>OM</arg>
<arg>PA</arg>
<arg>PE</arg>
<arg>PF</arg>
<arg>PG</arg>
<arg>PH</arg>
<arg>PK</arg>
<arg>PL</arg>
<arg>PM</arg>
<arg>PN</arg>
<arg>PR</arg>
<arg>PS</arg>
<arg>PT</arg>
<arg>PW</arg>
<arg>PY</arg>
<arg>QA</arg>
<arg>RE</arg>
<arg>RO</arg>
<arg>RS</arg>
<arg>RU</arg>
<arg>RW</arg>
<arg>SA</arg>
<arg>SB</arg>
<arg>SC</arg>
<arg>SD</arg>
<arg>SE</arg>
<arg>SG</arg>
<arg>SH</arg>
<arg>SI</arg>
<arg>SJ</arg>
<arg>SK</arg>
<arg>SL</arg>
<arg>SM</arg>
<arg>SN</arg>
<arg>SO</arg>
<arg>SR</arg>
<arg>SS</arg>
<arg>ST</arg>
<arg>SV</arg>
<arg>SX</arg>
<arg>SY</arg>
<arg>SZ</arg>
<arg>TC</arg>
<arg>TD</arg>
<arg>TF</arg>
<arg>TG</arg>
<arg>TH</arg>
<arg>TJ</arg>
<arg>TK</arg>
<arg>TL</arg>
<arg>TM</arg>
<arg>TN</arg>
<arg>TO</arg>
<arg>TR</arg>
<arg>TT</arg>
<arg>TV</arg>
<arg>TW</arg>
<arg>TZ</arg>
<arg>UA</arg>
<arg>UG</arg>
<arg>UM</arg>
<arg>US</arg>
<arg>UY</arg>
<arg>UZ</arg>
<arg>VA</arg>
<arg>VC</arg>
<arg>VE</arg>
<arg>VG</arg>
<arg>VI</arg>
<arg>VN</arg>
<arg>VU</arg>
<arg>WF</arg>
<arg>WS</arg>
<arg>XK</arg>
<arg>YE</arg>
<arg>YT</arg>
<arg>ZA</arg>
<arg>ZM</arg>
<arg>ZW</arg>
<doc>Returns a list containing given items.</doc>
<status status="PASS" start="2024-04-01T17:15:29.319989" elapsed="0.000646"/>
</kw>
<kw name="List Should Contain Value" owner="Collections">
<msg time="2024-04-01T17:15:29.321829" level="INFO">False</msg>
<arg>${list_country}</arg>
<arg>${name_country}</arg>
<doc>Fails if the ``value`` is not found from ``list``.</doc>
<status status="PASS" start="2024-04-01T17:15:29.321612" elapsed="0.000258"/>
</kw>
<kw name="Run Keyword If" owner="BuiltIn">
<kw name="Should Be True" owner="BuiltIn">
<arg>${True}</arg>
<doc>Fails if the given condition is not true.</doc>
<status status="PASS" start="2024-04-01T17:15:29.323021" elapsed="0.000200"/>
</kw>
<arg>${json_data["results"][0]["location"]["coordinates"]["latitude"]} &gt;= -90 and ${json_data["results"][0]["location"]["coordinates"]["latitude"]} &lt;= 90</arg>
<arg>Should Be True</arg>
<arg>${True}</arg>
<doc>Runs the given keyword with the given arguments, if ``condition`` is true.</doc>
<status status="PASS" start="2024-04-01T17:15:29.322201" elapsed="0.001190"/>
</kw>
<kw name="Run Keyword If" owner="BuiltIn">
<kw name="Should Be True" owner="BuiltIn">
<arg>${True}</arg>
<doc>Fails if the given condition is not true.</doc>
<status status="PASS" start="2024-04-01T17:15:29.324484" elapsed="0.000151"/>
</kw>
<arg>${json_data["results"][0]["location"]["coordinates"]["longitude"]} &gt;= -180 and ${json_data["results"][0]["location"]["coordinates"]["longitude"]} &lt;= 180</arg>
<arg>Should Be True</arg>
<arg>${True}</arg>
<doc>Runs the given keyword with the given arguments, if ``condition`` is true.</doc>
<status status="PASS" start="2024-04-01T17:15:29.323638" elapsed="0.001131"/>
</kw>
<status status="PASS" start="2024-04-01T17:15:29.196667" elapsed="0.128244"/>
</kw>
<doc>Testa o conteúdo específico dos campos retornados pela API.</doc>
<tag>testeConteudo</tag>
<status status="PASS" start="2024-04-01T17:15:29.196192" elapsed="0.128890"/>
</test>
<status status="PASS" start="2024-04-01T17:15:28.519081" elapsed="0.808180"/>
</suite>
<status status="PASS" start="2024-04-01T17:15:28.504214" elapsed="0.828617"/>
</suite>
<statistics>
<total>
<stat pass="5" fail="0" skip="0">All Tests</stat>
</total>
<tag>
<stat pass="1" fail="0" skip="0">testeConteudo</stat>
<stat pass="1" fail="0" skip="0">testeEstruturaResposta</stat>
<stat pass="1" fail="0" skip="0">testeRequisicaoBasica</stat>
<stat pass="1" fail="0" skip="0">testeTiposDados</stat>
</tag>
<suite>
<stat pass="5" fail="0" skip="0" id="s1" name="Tests">Tests</stat>
<stat pass="5" fail="0" skip="0" id="s1-s1" name="Random-User-Test">Tests.Random-User-Test</stat>
</suite>
</statistics>
<errors>
</errors>
</robot>
