<?xml version="1.0" encoding="UTF-8"?>
<robot generator="Robot 7.0.1 (Python 3.12.4 on linux)" generated="2024-07-14T07:16:30.805852" rpa="false" schemaversion="5">
<suite id="s1" name="Tests" source="/home/runner/work/ApiRandomUser/ApiRandomUser/RamdonUser/tests">
<suite id="s1-s1" name="Random-User-Test" source="/home/runner/work/ApiRandomUser/ApiRandomUser/RamdonUser/tests/random-user-test.robot">
<test id="s1-s1-t1" name="Conectar" line="13">
<kw name="Conectar API" owner="random-user-service">
<kw name="Create Session" owner="RequestsLibrary">
<msg time="2024-07-14T07:16:31.214273" level="INFO">Creating Session using : alias=consultarAPI, url=https://randomuser.me/, headers={},                     cookies={}, auth=None, timeout=None, proxies=None, verify=False,                     debug=0 </msg>
<arg>consultarAPI</arg>
<arg>${URL}</arg>
<doc>Create Session: create a HTTP session to a server</doc>
<status status="PASS" start="2024-07-14T07:16:31.214050" elapsed="0.000430"/>
</kw>
<status status="PASS" start="2024-07-14T07:16:31.213025" elapsed="0.001891"/>
</kw>
<status status="PASS" start="2024-07-14T07:16:31.212319" elapsed="0.002803"/>
</test>
<test id="s1-s1-t2" name="Validar retorno 200 e JSON Válido" line="16">
<kw name="Teste de Requisicao Basica" owner="random-user-service">
<kw name="GET On Session" owner="RequestsLibrary">
<msg time="2024-07-14T07:16:31.288418" level="INFO">GET Request : url=https://randomuser.me/api 
 path_url=/api 
 headers={'User-Agent': 'python-requests/2.32.3', 'Accept-Encoding': 'gzip, deflate', 'Accept': '*/*', 'Connection': 'keep-alive'} 
 body=None 
 </msg>
<msg time="2024-07-14T07:16:31.288571" level="INFO">GET Response : url=https://randomuser.me/api 
 status=200, reason=OK 
 headers={'Date': 'Sun, 14 Jul 2024 07:16:31 GMT', 'Content-Type': 'application/json; charset=utf-8', 'Transfer-Encoding': 'chunked', 'Connection': 'keep-alive', 'X-Powered-By': 'Express', 'Access-Control-Allow-Origin': '*', 'Cache-Control': 'no-cache', 'ETag': 'W/"484-4GyGhU1wpKNqFY6RkTtVZaePpeY"', 'Vary': 'Accept-Encoding', 'Content-Encoding': 'gzip', 'CF-Cache-Status': 'DYNAMIC', 'Report-To': '{"endpoints":[{"url":"https:\\/\\/a.nel.cloudflare.com\\/report\\/v4?s=MvfQ7EoVvG1BrfveRqHopvBdkiKOpH99gd57Id41hDMI1KW76dn8DFik%2F4YHqiBBteSilmouQDsFiioJlFt2hhQnDmF%2FPlQqcGZ2xGZsNK9pLYU15%2BoBW2mCPD4t8PVY"}],"group":"cf-nel","max_age":604800}', 'NEL': '{"success_fraction":0,"report_to":"cf-nel","max_age":604800}', 'Server': 'cloudflare', 'CF-RAY': '8a2fba4f5ae338dd-IAD', 'alt-svc': 'h3=":443"; ma=86400'} 
 body={"results":[{"gender":"male","name":{"title":"Mr","first":"Jarle","last":"Heggøy"},"location":{"street":{"number":5506,"name":"Ringshusveien"},"city":"Korsvik","state":"Aust-Agder","country":"Norway","postcode":"3477","coordinates":{"latitude":"45.9744","longitude":"-6.8800"},"timezone":{"offset":"-4:00","description":"Atlantic Time (Canada), Caracas, La Paz"}},"email":"jarle.heggoy@example.com","login":{"uuid":"6548b60a-046c-40a7-97b0-e0d63170467f","username":"sadbear934","password":"jackjack","salt":"cqyXaNEv","md5":"04175fc95b8df8c158f9bd68c311901e","sha1":"30476246d717ad5cfa1c1d25db1495173065762b","sha256":"6afbbdfc7c93d09ed219829dd94f0f2156830181cd694716d1603a9aebd1d68b"},"dob":{"date":"1947-05-29T13:46:25.340Z","age":77},"registered":{"date":"2019-02-13T18:11:23.316Z","age":5},"phone":"30402349","cell":"47208737","id":{"name":"FN","value":"29054708511"},"picture":{"large":"https://randomuser.me/api/portraits/men/40.jpg","medium":"https://randomuser.me/api/portraits/med/men/40.jpg","thumbnail":"https://randomuser.me/api/portraits/thumb/men/40.jpg"},"nat":"NO"}],"info":{"seed":"fface94b828da40c","results":1,"page":1,"version":"1.4"}} 
 </msg>
<msg time="2024-07-14T07:16:31.288652" level="INFO">/opt/hostedtoolcache/Python/3.12.4/x64/lib/python3.12/site-packages/urllib3/connectionpool.py:1099: InsecureRequestWarning: Unverified HTTPS request is being made to host 'randomuser.me'. Adding certificate verification is strongly advised. See: https://urllib3.readthedocs.io/en/latest/advanced-usage.html#tls-warnings
  warnings.warn(</msg>
<msg time="2024-07-14T07:16:31.288818" level="INFO">${response} = &lt;Response [200]&gt;</msg>
<var>${response}</var>
<arg>consultarAPI</arg>
<arg>/api</arg>
<doc>Sends a GET request on a previously created HTTP Session.</doc>
<status status="PASS" start="2024-07-14T07:16:31.217852" elapsed="0.071011"/>
</kw>
<kw name="Should Be Equal As Numbers" owner="BuiltIn">
<msg time="2024-07-14T07:16:31.289854" level="INFO">Argument types are:
&lt;class 'int'&gt;
&lt;class 'str'&gt;</msg>
<arg>${response.status_code}</arg>
<arg>200</arg>
<doc>Fails if objects are unequal after converting them to real numbers.</doc>
<status status="PASS" start="2024-07-14T07:16:31.289376" elapsed="0.000545"/>
</kw>
<kw name="Log" owner="BuiltIn">
<msg time="2024-07-14T07:16:31.290597" level="INFO">200</msg>
<arg>${response.status_code}</arg>
<doc>Logs the given message with the given level.</doc>
<status status="PASS" start="2024-07-14T07:16:31.290246" elapsed="0.000396"/>
</kw>
<kw name="Set Variable" owner="BuiltIn">
<msg time="2024-07-14T07:16:31.291423" level="INFO">${json_data} = {'results': [{'gender': 'male', 'name': {'title': 'Mr', 'first': 'Jarle', 'last': 'Heggøy'}, 'location': {'street': {'number': 5506, 'name': 'Ringshusveien'}, 'city': 'Korsvik', 'state': 'Aust-Agder',...</msg>
<var>${json_data}</var>
<arg>${response.json()}</arg>
<doc>Returns the given values which can then be assigned to a variables.</doc>
<status status="PASS" start="2024-07-14T07:16:31.290978" elapsed="0.000475"/>
</kw>
<kw name="Dictionary Should Contain Key" owner="Collections">
<arg>${json_data}</arg>
<arg>results</arg>
<doc>Fails if ``key`` is not found from ``dictionary``.</doc>
<status status="PASS" start="2024-07-14T07:16:31.291754" elapsed="0.000170"/>
</kw>
<status status="PASS" start="2024-07-14T07:16:31.217585" elapsed="0.074511"/>
</kw>
<doc>Testa se a API responde corretamente e retorna um objeto JSON válido.</doc>
<tag>testeRequisicaoBasica</tag>
<status status="PASS" start="2024-07-14T07:16:31.217001" elapsed="0.075280"/>
</test>
<test id="s1-s1-t3" name="Validar estrutura de resposta" line="22">
<kw name="Teste de Estrutura de Resposta" owner="random-user-service">
<kw name="GET On Session" owner="RequestsLibrary">
<msg time="2024-07-14T07:16:31.390886" level="INFO">GET Request : url=https://randomuser.me/api 
 path_url=/api 
 headers={'User-Agent': 'python-requests/2.32.3', 'Accept-Encoding': 'gzip, deflate', 'Accept': '*/*', 'Connection': 'keep-alive'} 
 body=None 
 </msg>
<msg time="2024-07-14T07:16:31.390994" level="INFO">GET Response : url=https://randomuser.me/api 
 status=200, reason=OK 
 headers={'Date': 'Sun, 14 Jul 2024 07:16:31 GMT', 'Content-Type': 'application/json; charset=utf-8', 'Transfer-Encoding': 'chunked', 'Connection': 'keep-alive', 'X-Powered-By': 'Express', 'Access-Control-Allow-Origin': '*', 'Cache-Control': 'no-cache', 'ETag': 'W/"49e-srYTvGOGKnWiSESRi8K6oitQ25Y"', 'Vary': 'Accept-Encoding', 'Content-Encoding': 'gzip', 'CF-Cache-Status': 'DYNAMIC', 'Report-To': '{"endpoints":[{"url":"https:\\/\\/a.nel.cloudflare.com\\/report\\/v4?s=AW%2F7JZmg8DSbbE9tFz%2B4oGzq991zOykN%2BbPVc%2BOKy0nzZiqj%2F5H5NobsT34gQgskv8RcAbr3SImuY3J0yOJj%2FIuQVecmaN5po8sSmFaPmhPXJfPkBozMFwVkmEXiETRr"}],"group":"cf-nel","max_age":604800}', 'NEL': '{"success_fraction":0,"report_to":"cf-nel","max_age":604800}', 'Server': 'cloudflare', 'CF-RAY': '8a2fba4f9b0138dd-IAD', 'alt-svc': 'h3=":443"; ma=86400'} 
 body={"results":[{"gender":"female","name":{"title":"Miss","first":"Caitlin","last":"Rhodes"},"location":{"street":{"number":6140,"name":"Highfield Road"},"city":"Chichester","state":"Grampian","country":"United Kingdom","postcode":"Y7M 5EE","coordinates":{"latitude":"-4.5070","longitude":"104.8566"},"timezone":{"offset":"+2:00","description":"Kaliningrad, South Africa"}},"email":"caitlin.rhodes@example.com","login":{"uuid":"2c289436-67e1-46a3-8a40-2ecbede6bdfe","username":"angrydog903","password":"costello","salt":"E6fxNodP","md5":"2d89e552ea9274befb699bb15edcdd79","sha1":"c5e78206118b380dc494c06219250bb9f60931b3","sha256":"a4f2c8ab2deec67fed06603f68a1c11fd909fdf4805e377a661e324183e638f3"},"dob":{"date":"1988-07-30T22:28:03.802Z","age":35},"registered":{"date":"2016-05-18T08:37:11.078Z","age":8},"phone":"016973 00701","cell":"07976 076647","id":{"name":"NINO","value":"PR 55 93 03 P"},"picture":{"large":"https://randomuser.me/api/portraits/women/87.jpg","medium":"https://randomuser.me/api/portraits/med/women/87.jpg","thumbnail":"https://randomuser.me/api/portraits/thumb/women/87.jpg"},"nat":"GB"}],"info":{"seed":"eb9660a3c522f1af","results":1,"page":1,"version":"1.4"}} 
 </msg>
<msg time="2024-07-14T07:16:31.391132" level="INFO">/opt/hostedtoolcache/Python/3.12.4/x64/lib/python3.12/site-packages/urllib3/connectionpool.py:1099: InsecureRequestWarning: Unverified HTTPS request is being made to host 'randomuser.me'. Adding certificate verification is strongly advised. See: https://urllib3.readthedocs.io/en/latest/advanced-usage.html#tls-warnings
  warnings.warn(</msg>
<msg time="2024-07-14T07:16:31.391283" level="INFO">${response} = &lt;Response [200]&gt;</msg>
<var>${response}</var>
<arg>consultarAPI</arg>
<arg>/api</arg>
<doc>Sends a GET request on a previously created HTTP Session.</doc>
<status status="PASS" start="2024-07-14T07:16:31.295037" elapsed="0.096290"/>
</kw>
<kw name="Set Variable" owner="BuiltIn">
<msg time="2024-07-14T07:16:31.392381" level="INFO">${json_data} = {'results': [{'gender': 'female', 'name': {'title': 'Miss', 'first': 'Caitlin', 'last': 'Rhodes'}, 'location': {'street': {'number': 6140, 'name': 'Highfield Road'}, 'city': 'Chichester', 'state': 'Gr...</msg>
<var>${json_data}</var>
<arg>${response.json()}</arg>
<doc>Returns the given values which can then be assigned to a variables.</doc>
<status status="PASS" start="2024-07-14T07:16:31.391854" elapsed="0.000557"/>
</kw>
<kw name="Log" owner="BuiltIn">
<msg time="2024-07-14T07:16:31.392879" level="INFO">{'results': [{'gender': 'female', 'name': {'title': 'Miss', 'first': 'Caitlin', 'last': 'Rhodes'}, 'location': {'street': {'number': 6140, 'name': 'Highfield Road'}, 'city': 'Chichester', 'state': 'Grampian', 'country': 'United Kingdom', 'postcode': 'Y7M 5EE', 'coordinates': {'latitude': '-4.5070', 'longitude': '104.8566'}, 'timezone': {'offset': '+2:00', 'description': 'Kaliningrad, South Africa'}}, 'email': 'caitlin.rhodes@example.com', 'login': {'uuid': '2c289436-67e1-46a3-8a40-2ecbede6bdfe', 'username': 'angrydog903', 'password': 'costello', 'salt': 'E6fxNodP', 'md5': '2d89e552ea9274befb699bb15edcdd79', 'sha1': 'c5e78206118b380dc494c06219250bb9f60931b3', 'sha256': 'a4f2c8ab2deec67fed06603f68a1c11fd909fdf4805e377a661e324183e638f3'}, 'dob': {'date': '1988-07-30T22:28:03.802Z', 'age': 35}, 'registered': {'date': '2016-05-18T08:37:11.078Z', 'age': 8}, 'phone': '016973 00701', 'cell': '07976 076647', 'id': {'name': 'NINO', 'value': 'PR 55 93 03 P'}, 'picture': {'large': 'https://randomuser.me/api/portraits/women/87.jpg', 'medium': 'https://randomuser.me/api/portraits/med/women/87.jpg', 'thumbnail': 'https://randomuser.me/api/portraits/thumb/women/87.jpg'}, 'nat': 'GB'}], 'info': {'seed': 'eb9660a3c522f1af', 'results': 1, 'page': 1, 'version': '1.4'}}</msg>
<arg>${json_data}</arg>
<doc>Logs the given message with the given level.</doc>
<status status="PASS" start="2024-07-14T07:16:31.392718" elapsed="0.000217"/>
</kw>
<kw name="Dictionary Should Contain Key" owner="Collections">
<arg>${json_data}</arg>
<arg>results</arg>
<doc>Fails if ``key`` is not found from ``dictionary``.</doc>
<status status="PASS" start="2024-07-14T07:16:31.393231" elapsed="0.000166"/>
</kw>
<kw name="Should Not Be Empty" owner="BuiltIn">
<msg time="2024-07-14T07:16:31.393715" level="INFO">Length is 2.</msg>
<arg>${json_data}</arg>
<doc>Verifies that the given item is not empty.</doc>
<status status="PASS" start="2024-07-14T07:16:31.393584" elapsed="0.000172"/>
</kw>
<kw name="Create List" owner="BuiltIn">
<msg time="2024-07-14T07:16:31.394210" level="INFO">${expected_keys} = ['gender', 'name', 'location', 'email', 'login']</msg>
<var>${expected_keys}</var>
<arg>gender</arg>
<arg>name</arg>
<arg>location</arg>
<arg>email</arg>
<arg>login</arg>
<doc>Returns a list containing given items.</doc>
<status status="PASS" start="2024-07-14T07:16:31.394054" elapsed="0.000181"/>
</kw>
<for flavor="IN">
<iter>
<kw name="Dictionary Should Contain Key" owner="Collections">
<arg>${json_data['results'][0]}</arg>
<arg>${key}</arg>
<doc>Fails if ``key`` is not found from ``dictionary``.</doc>
<status status="PASS" start="2024-07-14T07:16:31.395050" elapsed="0.000426"/>
</kw>
<kw name="Log" owner="BuiltIn">
<msg time="2024-07-14T07:16:31.396050" level="INFO">{'gender': 'female', 'name': {'title': 'Miss', 'first': 'Caitlin', 'last': 'Rhodes'}, 'location': {'street': {'number': 6140, 'name': 'Highfield Road'}, 'city': 'Chichester', 'state': 'Grampian', 'country': 'United Kingdom', 'postcode': 'Y7M 5EE', 'coordinates': {'latitude': '-4.5070', 'longitude': '104.8566'}, 'timezone': {'offset': '+2:00', 'description': 'Kaliningrad, South Africa'}}, 'email': 'caitlin.rhodes@example.com', 'login': {'uuid': '2c289436-67e1-46a3-8a40-2ecbede6bdfe', 'username': 'angrydog903', 'password': 'costello', 'salt': 'E6fxNodP', 'md5': '2d89e552ea9274befb699bb15edcdd79', 'sha1': 'c5e78206118b380dc494c06219250bb9f60931b3', 'sha256': 'a4f2c8ab2deec67fed06603f68a1c11fd909fdf4805e377a661e324183e638f3'}, 'dob': {'date': '1988-07-30T22:28:03.802Z', 'age': 35}, 'registered': {'date': '2016-05-18T08:37:11.078Z', 'age': 8}, 'phone': '016973 00701', 'cell': '07976 076647', 'id': {'name': 'NINO', 'value': 'PR 55 93 03 P'}, 'picture': {'large': 'https://randomuser.me/api/portraits/women/87.jpg', 'medium': 'https://randomuser.me/api/portraits/med/women/87.jpg', 'thumbnail': 'https://randomuser.me/api/portraits/thumb/women/87.jpg'}, 'nat': 'GB'}</msg>
<arg>${json_data['results'][0]}</arg>
<doc>Logs the given message with the given level.</doc>
<status status="PASS" start="2024-07-14T07:16:31.395674" elapsed="0.000427"/>
</kw>
<kw name="Log" owner="BuiltIn">
<msg time="2024-07-14T07:16:31.396541" level="INFO">gender</msg>
<arg>${key}</arg>
<doc>Logs the given message with the given level.</doc>
<status status="PASS" start="2024-07-14T07:16:31.396410" elapsed="0.000170"/>
</kw>
<var name="${key}">gender</var>
<status status="PASS" start="2024-07-14T07:16:31.394918" elapsed="0.001883"/>
</iter>
<iter>
<kw name="Dictionary Should Contain Key" owner="Collections">
<arg>${json_data['results'][0]}</arg>
<arg>${key}</arg>
<doc>Fails if ``key`` is not found from ``dictionary``.</doc>
<status status="PASS" start="2024-07-14T07:16:31.397109" elapsed="0.000397"/>
</kw>
<kw name="Log" owner="BuiltIn">
<msg time="2024-07-14T07:16:31.398092" level="INFO">{'gender': 'female', 'name': {'title': 'Miss', 'first': 'Caitlin', 'last': 'Rhodes'}, 'location': {'street': {'number': 6140, 'name': 'Highfield Road'}, 'city': 'Chichester', 'state': 'Grampian', 'country': 'United Kingdom', 'postcode': 'Y7M 5EE', 'coordinates': {'latitude': '-4.5070', 'longitude': '104.8566'}, 'timezone': {'offset': '+2:00', 'description': 'Kaliningrad, South Africa'}}, 'email': 'caitlin.rhodes@example.com', 'login': {'uuid': '2c289436-67e1-46a3-8a40-2ecbede6bdfe', 'username': 'angrydog903', 'password': 'costello', 'salt': 'E6fxNodP', 'md5': '2d89e552ea9274befb699bb15edcdd79', 'sha1': 'c5e78206118b380dc494c06219250bb9f60931b3', 'sha256': 'a4f2c8ab2deec67fed06603f68a1c11fd909fdf4805e377a661e324183e638f3'}, 'dob': {'date': '1988-07-30T22:28:03.802Z', 'age': 35}, 'registered': {'date': '2016-05-18T08:37:11.078Z', 'age': 8}, 'phone': '016973 00701', 'cell': '07976 076647', 'id': {'name': 'NINO', 'value': 'PR 55 93 03 P'}, 'picture': {'large': 'https://randomuser.me/api/portraits/women/87.jpg', 'medium': 'https://randomuser.me/api/portraits/med/women/87.jpg', 'thumbnail': 'https://randomuser.me/api/portraits/thumb/women/87.jpg'}, 'nat': 'GB'}</msg>
<arg>${json_data['results'][0]}</arg>
<doc>Logs the given message with the given level.</doc>
<status status="PASS" start="2024-07-14T07:16:31.397694" elapsed="0.000449"/>
</kw>
<kw name="Log" owner="BuiltIn">
<msg time="2024-07-14T07:16:31.398576" level="INFO">name</msg>
<arg>${key}</arg>
<doc>Logs the given message with the given level.</doc>
<status status="PASS" start="2024-07-14T07:16:31.398447" elapsed="0.000167"/>
</kw>
<var name="${key}">name</var>
<status status="PASS" start="2024-07-14T07:16:31.396995" elapsed="0.001866"/>
</iter>
<iter>
<kw name="Dictionary Should Contain Key" owner="Collections">
<arg>${json_data['results'][0]}</arg>
<arg>${key}</arg>
<doc>Fails if ``key`` is not found from ``dictionary``.</doc>
<status status="PASS" start="2024-07-14T07:16:31.399156" elapsed="0.000384"/>
</kw>
<kw name="Log" owner="BuiltIn">
<msg time="2024-07-14T07:16:31.400079" level="INFO">{'gender': 'female', 'name': {'title': 'Miss', 'first': 'Caitlin', 'last': 'Rhodes'}, 'location': {'street': {'number': 6140, 'name': 'Highfield Road'}, 'city': 'Chichester', 'state': 'Grampian', 'country': 'United Kingdom', 'postcode': 'Y7M 5EE', 'coordinates': {'latitude': '-4.5070', 'longitude': '104.8566'}, 'timezone': {'offset': '+2:00', 'description': 'Kaliningrad, South Africa'}}, 'email': 'caitlin.rhodes@example.com', 'login': {'uuid': '2c289436-67e1-46a3-8a40-2ecbede6bdfe', 'username': 'angrydog903', 'password': 'costello', 'salt': 'E6fxNodP', 'md5': '2d89e552ea9274befb699bb15edcdd79', 'sha1': 'c5e78206118b380dc494c06219250bb9f60931b3', 'sha256': 'a4f2c8ab2deec67fed06603f68a1c11fd909fdf4805e377a661e324183e638f3'}, 'dob': {'date': '1988-07-30T22:28:03.802Z', 'age': 35}, 'registered': {'date': '2016-05-18T08:37:11.078Z', 'age': 8}, 'phone': '016973 00701', 'cell': '07976 076647', 'id': {'name': 'NINO', 'value': 'PR 55 93 03 P'}, 'picture': {'large': 'https://randomuser.me/api/portraits/women/87.jpg', 'medium': 'https://randomuser.me/api/portraits/med/women/87.jpg', 'thumbnail': 'https://randomuser.me/api/portraits/thumb/women/87.jpg'}, 'nat': 'GB'}</msg>
<arg>${json_data['results'][0]}</arg>
<doc>Logs the given message with the given level.</doc>
<status status="PASS" start="2024-07-14T07:16:31.399726" elapsed="0.000401"/>
</kw>
<kw name="Log" owner="BuiltIn">
<msg time="2024-07-14T07:16:31.400564" level="INFO">location</msg>
<arg>${key}</arg>
<doc>Logs the given message with the given level.</doc>
<status status="PASS" start="2024-07-14T07:16:31.400433" elapsed="0.000170"/>
</kw>
<var name="${key}">location</var>
<status status="PASS" start="2024-07-14T07:16:31.399043" elapsed="0.001780"/>
</iter>
<iter>
<kw name="Dictionary Should Contain Key" owner="Collections">
<arg>${json_data['results'][0]}</arg>
<arg>${key}</arg>
<doc>Fails if ``key`` is not found from ``dictionary``.</doc>
<status status="PASS" start="2024-07-14T07:16:31.401106" elapsed="0.000392"/>
</kw>
<kw name="Log" owner="BuiltIn">
<msg time="2024-07-14T07:16:31.402044" level="INFO">{'gender': 'female', 'name': {'title': 'Miss', 'first': 'Caitlin', 'last': 'Rhodes'}, 'location': {'street': {'number': 6140, 'name': 'Highfield Road'}, 'city': 'Chichester', 'state': 'Grampian', 'country': 'United Kingdom', 'postcode': 'Y7M 5EE', 'coordinates': {'latitude': '-4.5070', 'longitude': '104.8566'}, 'timezone': {'offset': '+2:00', 'description': 'Kaliningrad, South Africa'}}, 'email': 'caitlin.rhodes@example.com', 'login': {'uuid': '2c289436-67e1-46a3-8a40-2ecbede6bdfe', 'username': 'angrydog903', 'password': 'costello', 'salt': 'E6fxNodP', 'md5': '2d89e552ea9274befb699bb15edcdd79', 'sha1': 'c5e78206118b380dc494c06219250bb9f60931b3', 'sha256': 'a4f2c8ab2deec67fed06603f68a1c11fd909fdf4805e377a661e324183e638f3'}, 'dob': {'date': '1988-07-30T22:28:03.802Z', 'age': 35}, 'registered': {'date': '2016-05-18T08:37:11.078Z', 'age': 8}, 'phone': '016973 00701', 'cell': '07976 076647', 'id': {'name': 'NINO', 'value': 'PR 55 93 03 P'}, 'picture': {'large': 'https://randomuser.me/api/portraits/women/87.jpg', 'medium': 'https://randomuser.me/api/portraits/med/women/87.jpg', 'thumbnail': 'https://randomuser.me/api/portraits/thumb/women/87.jpg'}, 'nat': 'GB'}</msg>
<arg>${json_data['results'][0]}</arg>
<doc>Logs the given message with the given level.</doc>
<status status="PASS" start="2024-07-14T07:16:31.401689" elapsed="0.000404"/>
</kw>
<kw name="Log" owner="BuiltIn">
<msg time="2024-07-14T07:16:31.402525" level="INFO">email</msg>
<arg>${key}</arg>
<doc>Logs the given message with the given level.</doc>
<status status="PASS" start="2024-07-14T07:16:31.402396" elapsed="0.000169"/>
</kw>
<var name="${key}">email</var>
<status status="PASS" start="2024-07-14T07:16:31.400996" elapsed="0.001812"/>
</iter>
<iter>
<kw name="Dictionary Should Contain Key" owner="Collections">
<arg>${json_data['results'][0]}</arg>
<arg>${key}</arg>
<doc>Fails if ``key`` is not found from ``dictionary``.</doc>
<status status="PASS" start="2024-07-14T07:16:31.403114" elapsed="0.000397"/>
</kw>
<kw name="Log" owner="BuiltIn">
<msg time="2024-07-14T07:16:31.404051" level="INFO">{'gender': 'female', 'name': {'title': 'Miss', 'first': 'Caitlin', 'last': 'Rhodes'}, 'location': {'street': {'number': 6140, 'name': 'Highfield Road'}, 'city': 'Chichester', 'state': 'Grampian', 'country': 'United Kingdom', 'postcode': 'Y7M 5EE', 'coordinates': {'latitude': '-4.5070', 'longitude': '104.8566'}, 'timezone': {'offset': '+2:00', 'description': 'Kaliningrad, South Africa'}}, 'email': 'caitlin.rhodes@example.com', 'login': {'uuid': '2c289436-67e1-46a3-8a40-2ecbede6bdfe', 'username': 'angrydog903', 'password': 'costello', 'salt': 'E6fxNodP', 'md5': '2d89e552ea9274befb699bb15edcdd79', 'sha1': 'c5e78206118b380dc494c06219250bb9f60931b3', 'sha256': 'a4f2c8ab2deec67fed06603f68a1c11fd909fdf4805e377a661e324183e638f3'}, 'dob': {'date': '1988-07-30T22:28:03.802Z', 'age': 35}, 'registered': {'date': '2016-05-18T08:37:11.078Z', 'age': 8}, 'phone': '016973 00701', 'cell': '07976 076647', 'id': {'name': 'NINO', 'value': 'PR 55 93 03 P'}, 'picture': {'large': 'https://randomuser.me/api/portraits/women/87.jpg', 'medium': 'https://randomuser.me/api/portraits/med/women/87.jpg', 'thumbnail': 'https://randomuser.me/api/portraits/thumb/women/87.jpg'}, 'nat': 'GB'}</msg>
<arg>${json_data['results'][0]}</arg>
<doc>Logs the given message with the given level.</doc>
<status status="PASS" start="2024-07-14T07:16:31.403697" elapsed="0.000403"/>
</kw>
<kw name="Log" owner="BuiltIn">
<msg time="2024-07-14T07:16:31.404524" level="INFO">login</msg>
<arg>${key}</arg>
<doc>Logs the given message with the given level.</doc>
<status status="PASS" start="2024-07-14T07:16:31.404397" elapsed="0.000166"/>
</kw>
<var name="${key}">login</var>
<status status="PASS" start="2024-07-14T07:16:31.402998" elapsed="0.001793"/>
</iter>
<var>${key}</var>
<value>@{expected_keys}</value>
<status status="PASS" start="2024-07-14T07:16:31.394677" elapsed="0.010237"/>
</for>
<kw name="Create List" owner="BuiltIn">
<msg time="2024-07-14T07:16:31.405285" level="INFO">${expected_keysTwo} = ['username', 'password']</msg>
<var>${expected_keysTwo}</var>
<arg>username</arg>
<arg>password</arg>
<doc>Returns a list containing given items.</doc>
<status status="PASS" start="2024-07-14T07:16:31.405143" elapsed="0.000166"/>
</kw>
<for flavor="IN">
<iter>
<kw name="Dictionary Should Contain Key" owner="Collections">
<arg>${json_data['results'][0]['login']}</arg>
<arg>${keyTwo}</arg>
<doc>Fails if ``key`` is not found from ``dictionary``.</doc>
<status status="PASS" start="2024-07-14T07:16:31.405818" elapsed="0.000387"/>
</kw>
<kw name="Dictionary Should Contain Key" owner="Collections">
<arg>${json_data['results'][0]['login']}</arg>
<arg>${keyTwo}</arg>
<doc>Fails if ``key`` is not found from ``dictionary``.</doc>
<status status="PASS" start="2024-07-14T07:16:31.406387" elapsed="0.000410"/>
</kw>
<kw name="Log" owner="BuiltIn">
<msg time="2024-07-14T07:16:31.407112" level="INFO">username</msg>
<arg>${keyTwo}</arg>
<doc>Logs the given message with the given level.</doc>
<status status="PASS" start="2024-07-14T07:16:31.406989" elapsed="0.000162"/>
</kw>
<var name="${keyTwo}">username</var>
<status status="PASS" start="2024-07-14T07:16:31.405707" elapsed="0.001669"/>
</iter>
<iter>
<kw name="Dictionary Should Contain Key" owner="Collections">
<arg>${json_data['results'][0]['login']}</arg>
<arg>${keyTwo}</arg>
<doc>Fails if ``key`` is not found from ``dictionary``.</doc>
<status status="PASS" start="2024-07-14T07:16:31.407660" elapsed="0.000394"/>
</kw>
<kw name="Dictionary Should Contain Key" owner="Collections">
<arg>${json_data['results'][0]['login']}</arg>
<arg>${keyTwo}</arg>
<doc>Fails if ``key`` is not found from ``dictionary``.</doc>
<status status="PASS" start="2024-07-14T07:16:31.408237" elapsed="0.000379"/>
</kw>
<kw name="Log" owner="BuiltIn">
<msg time="2024-07-14T07:16:31.408935" level="INFO">password</msg>
<arg>${keyTwo}</arg>
<doc>Logs the given message with the given level.</doc>
<status status="PASS" start="2024-07-14T07:16:31.408809" elapsed="0.000173"/>
</kw>
<var name="${keyTwo}">password</var>
<status status="PASS" start="2024-07-14T07:16:31.407550" elapsed="0.001682"/>
</iter>
<var>${keyTwo}</var>
<value>@{expected_keysTwo}</value>
<status status="PASS" start="2024-07-14T07:16:31.405549" elapsed="0.003806"/>
</for>
<status status="PASS" start="2024-07-14T07:16:31.294788" elapsed="0.114712"/>
</kw>
<doc>Testa a estrutura da resposta da API.</doc>
<tag>testeEstruturaResposta</tag>
<status status="PASS" start="2024-07-14T07:16:31.294152" elapsed="0.115517"/>
</test>
<test id="s1-s1-t4" name="Validar tipos de dados" line="28">
<kw name="Teste de Tipos de Dados" owner="random-user-service">
<kw name="GET On Session" owner="RequestsLibrary">
<msg time="2024-07-14T07:16:31.617103" level="INFO">GET Request : url=https://randomuser.me/api 
 path_url=/api 
 headers={'User-Agent': 'python-requests/2.32.3', 'Accept-Encoding': 'gzip, deflate', 'Accept': '*/*', 'Connection': 'keep-alive'} 
 body=None 
 </msg>
<msg time="2024-07-14T07:16:31.617213" level="INFO">GET Response : url=https://randomuser.me/api 
 status=200, reason=OK 
 headers={'Date': 'Sun, 14 Jul 2024 07:16:31 GMT', 'Content-Type': 'application/json; charset=utf-8', 'Transfer-Encoding': 'chunked', 'Connection': 'keep-alive', 'X-Powered-By': 'Express', 'Access-Control-Allow-Origin': '*', 'Cache-Control': 'no-cache', 'ETag': 'W/"46f-4b5H9UGEFgCHcQxZecOJT629caY"', 'Vary': 'Accept-Encoding', 'Content-Encoding': 'gzip', 'CF-Cache-Status': 'DYNAMIC', 'Report-To': '{"endpoints":[{"url":"https:\\/\\/a.nel.cloudflare.com\\/report\\/v4?s=3ZtHqrpqpSltUku%2BNRPd%2FP96LQj0wImhmFVGifkbOAAmO5xhU%2B8HwMnzfRIZS%2BdguYvTEaNG%2B%2BbO4MumlLjN70Dikzqux06CUJI9AukpE%2BF8Oj4IvV4FI47OyKfZ%2ByzN"}],"group":"cf-nel","max_age":604800}', 'NEL': '{"success_fraction":0,"report_to":"cf-nel","max_age":604800}', 'Server': 'cloudflare', 'CF-RAY': '8a2fba505b8638dd-IAD', 'alt-svc': 'h3=":443"; ma=86400'} 
 body={"results":[{"gender":"female","name":{"title":"Ms","first":"Lillie","last":"Mandelid"},"location":{"street":{"number":7763,"name":"Konghellegata"},"city":"Bergen","state":"Nordland","country":"Norway","postcode":"0275","coordinates":{"latitude":"44.9610","longitude":"83.9947"},"timezone":{"offset":"-10:00","description":"Hawaii"}},"email":"lillie.mandelid@example.com","login":{"uuid":"88b1c707-22b8-42a2-b541-0d37fe745c3c","username":"bigbird863","password":"crawford","salt":"jRIlPiCu","md5":"e8d2ce139b8684824aa76b763ba7ed16","sha1":"0609032c92038c81207c99c1fd0d9c2b7d44a41b","sha256":"089cbfc3a47c128b249b12cbd3fedf87ae794d7cead509dcafd4bd096bf6838a"},"dob":{"date":"1956-12-05T04:46:56.161Z","age":67},"registered":{"date":"2011-04-05T18:55:14.532Z","age":13},"phone":"84237279","cell":"46047853","id":{"name":"FN","value":"05125626442"},"picture":{"large":"https://randomuser.me/api/portraits/women/95.jpg","medium":"https://randomuser.me/api/portraits/med/women/95.jpg","thumbnail":"https://randomuser.me/api/portraits/thumb/women/95.jpg"},"nat":"NO"}],"info":{"seed":"eee1654856395283","results":1,"page":1,"version":"1.4"}} 
 </msg>
<msg time="2024-07-14T07:16:31.617285" level="INFO">/opt/hostedtoolcache/Python/3.12.4/x64/lib/python3.12/site-packages/urllib3/connectionpool.py:1099: InsecureRequestWarning: Unverified HTTPS request is being made to host 'randomuser.me'. Adding certificate verification is strongly advised. See: https://urllib3.readthedocs.io/en/latest/advanced-usage.html#tls-warnings
  warnings.warn(</msg>
<msg time="2024-07-14T07:16:31.617426" level="INFO">${response} = &lt;Response [200]&gt;</msg>
<var>${response}</var>
<arg>consultarAPI</arg>
<arg>/api</arg>
<doc>Sends a GET request on a previously created HTTP Session.</doc>
<status status="PASS" start="2024-07-14T07:16:31.412380" elapsed="0.205088"/>
</kw>
<kw name="Set Variable" owner="BuiltIn">
<msg time="2024-07-14T07:16:31.618500" level="INFO">${json_data} = {'results': [{'gender': 'female', 'name': {'title': 'Ms', 'first': 'Lillie', 'last': 'Mandelid'}, 'location': {'street': {'number': 7763, 'name': 'Konghellegata'}, 'city': 'Bergen', 'state': 'Nordland...</msg>
<var>${json_data}</var>
<arg>${response.json()}</arg>
<doc>Returns the given values which can then be assigned to a variables.</doc>
<status status="PASS" start="2024-07-14T07:16:31.617983" elapsed="0.000546"/>
</kw>
<kw name="Log" owner="BuiltIn">
<msg time="2024-07-14T07:16:31.619060" level="INFO">{'results': [{'gender': 'female', 'name': {'title': 'Ms', 'first': 'Lillie', 'last': 'Mandelid'}, 'location': {'street': {'number': 7763, 'name': 'Konghellegata'}, 'city': 'Bergen', 'state': 'Nordland', 'country': 'Norway', 'postcode': '0275', 'coordinates': {'latitude': '44.9610', 'longitude': '83.9947'}, 'timezone': {'offset': '-10:00', 'description': 'Hawaii'}}, 'email': 'lillie.mandelid@example.com', 'login': {'uuid': '88b1c707-22b8-42a2-b541-0d37fe745c3c', 'username': 'bigbird863', 'password': 'crawford', 'salt': 'jRIlPiCu', 'md5': 'e8d2ce139b8684824aa76b763ba7ed16', 'sha1': '0609032c92038c81207c99c1fd0d9c2b7d44a41b', 'sha256': '089cbfc3a47c128b249b12cbd3fedf87ae794d7cead509dcafd4bd096bf6838a'}, 'dob': {'date': '1956-12-05T04:46:56.161Z', 'age': 67}, 'registered': {'date': '2011-04-05T18:55:14.532Z', 'age': 13}, 'phone': '84237279', 'cell': '46047853', 'id': {'name': 'FN', 'value': '05125626442'}, 'picture': {'large': 'https://randomuser.me/api/portraits/women/95.jpg', 'medium': 'https://randomuser.me/api/portraits/med/women/95.jpg', 'thumbnail': 'https://randomuser.me/api/portraits/thumb/women/95.jpg'}, 'nat': 'NO'}], 'info': {'seed': 'eee1654856395283', 'results': 1, 'page': 1, 'version': '1.4'}}</msg>
<arg>${json_data}</arg>
<doc>Logs the given message with the given level.</doc>
<status status="PASS" start="2024-07-14T07:16:31.618896" elapsed="0.000213"/>
</kw>
<kw name="Should Be String" owner="String">
<arg>${json_data['results'][0]['gender']}</arg>
<doc>Fails if the given ``item`` is not a string.</doc>
<status status="PASS" start="2024-07-14T07:16:31.619400" elapsed="0.000361"/>
</kw>
<kw name="Should Match Regexp" owner="BuiltIn">
<arg>${json_data['results'][0]['email']}</arg>
<arg>^[a-zA-Z0-9._%+-]+@[a-zA-Z0-9.-]+\.[a-zA-Z]{2,}$</arg>
<doc>Fails if ``string`` does not match ``pattern`` as a regular expression.</doc>
<status status="PASS" start="2024-07-14T07:16:31.619987" elapsed="0.000522"/>
</kw>
<kw name="Should Match Regexp" owner="BuiltIn">
<arg>${json_data['results'][0]['dob']['date']}</arg>
<arg>\\d{4}-\\d{2}-\\d{2}T\\d{2}:\\d{2}:\\d{2}\\.\\d{3}Z</arg>
<doc>Fails if ``string`` does not match ``pattern`` as a regular expression.</doc>
<status status="PASS" start="2024-07-14T07:16:31.620702" elapsed="0.000477"/>
</kw>
<kw name="Should Match Regexp" owner="BuiltIn">
<arg>${json_data['results'][0]['registered']['date']}</arg>
<arg>\\d{4}-\\d{2}-\\d{2}T\\d{2}:\\d{2}:\\d{2}\\.\\d{3}Z</arg>
<doc>Fails if ``string`` does not match ``pattern`` as a regular expression.</doc>
<status status="PASS" start="2024-07-14T07:16:31.621367" elapsed="0.000363"/>
</kw>
<kw name="Should Match Regexp" owner="BuiltIn">
<arg>${json_data['results'][0]['picture']['large']}</arg>
<arg>^https?://.*\.(?:png|jpe?g|gif|bmp)$</arg>
<doc>Fails if ``string`` does not match ``pattern`` as a regular expression.</doc>
<status status="PASS" start="2024-07-14T07:16:31.621912" elapsed="0.000450"/>
</kw>
<kw name="Should Match Regexp" owner="BuiltIn">
<arg>${json_data['results'][0]['picture']['medium']}</arg>
<arg>^https?://.*\.(?:png|jpe?g|gif|bmp)$</arg>
<doc>Fails if ``string`` does not match ``pattern`` as a regular expression.</doc>
<status status="PASS" start="2024-07-14T07:16:31.622546" elapsed="0.000389"/>
</kw>
<kw name="Should Match Regexp" owner="BuiltIn">
<arg>${json_data['results'][0]['picture']['thumbnail']}</arg>
<arg>^https?://.*\.(?:png|jpe?g|gif|bmp)$</arg>
<doc>Fails if ``string`` does not match ``pattern`` as a regular expression.</doc>
<status status="PASS" start="2024-07-14T07:16:31.623118" elapsed="0.000360"/>
</kw>
<kw name="Log" owner="BuiltIn">
<msg time="2024-07-14T07:16:31.623986" level="INFO">{'large': 'https://randomuser.me/api/portraits/women/95.jpg', 'medium': 'https://randomuser.me/api/portraits/med/women/95.jpg', 'thumbnail': 'https://randomuser.me/api/portraits/thumb/women/95.jpg'}</msg>
<arg>${json_data['results'][0]['picture']}</arg>
<doc>Logs the given message with the given level.</doc>
<status status="PASS" start="2024-07-14T07:16:31.623662" elapsed="0.000367"/>
</kw>
<status status="PASS" start="2024-07-14T07:16:31.412141" elapsed="0.212148"/>
</kw>
<kw name="Teste de Tipos de Dados - Postcode" owner="random-user-service">
<kw name="GET On Session" owner="RequestsLibrary">
<msg time="2024-07-14T07:16:31.690862" level="INFO">GET Request : url=https://randomuser.me/api 
 path_url=/api 
 headers={'User-Agent': 'python-requests/2.32.3', 'Accept-Encoding': 'gzip, deflate', 'Accept': '*/*', 'Connection': 'keep-alive'} 
 body=None 
 </msg>
<msg time="2024-07-14T07:16:31.690952" level="INFO">GET Response : url=https://randomuser.me/api 
 status=200, reason=OK 
 headers={'Date': 'Sun, 14 Jul 2024 07:16:31 GMT', 'Content-Type': 'application/json; charset=utf-8', 'Transfer-Encoding': 'chunked', 'Connection': 'keep-alive', 'X-Powered-By': 'Express', 'Access-Control-Allow-Origin': '*', 'Cache-Control': 'no-cache', 'ETag': 'W/"46d-n6tjksNQVDOwS0qmP50Sw1OHphU"', 'Vary': 'Accept-Encoding', 'Content-Encoding': 'gzip', 'CF-Cache-Status': 'DYNAMIC', 'Report-To': '{"endpoints":[{"url":"https:\\/\\/a.nel.cloudflare.com\\/report\\/v4?s=YcX9tTxxcKS1fCOHDDkNhkzsRq0su8cklvpSojhW1bOIOjNGOZvDBztQUVKCY5kLJGZJWvg1ubidKbZr2GreCbp17BDMj9YhFLpFD8a0VKldZMIwWrgj%2BLe7LR2DLkLu"}],"group":"cf-nel","max_age":604800}', 'NEL': '{"success_fraction":0,"report_to":"cf-nel","max_age":604800}', 'Server': 'cloudflare', 'CF-RAY': '8a2fba51ac5238dd-IAD', 'alt-svc': 'h3=":443"; ma=86400'} 
 body={"results":[{"gender":"male","name":{"title":"Mr","first":"Jeff","last":"Arnold"},"location":{"street":{"number":5443,"name":"Park Road"},"city":"Roscrea","state":"Cork","country":"Ireland","postcode":97323,"coordinates":{"latitude":"-3.3237","longitude":"-87.9740"},"timezone":{"offset":"-8:00","description":"Pacific Time (US &amp; Canada)"}},"email":"jeff.arnold@example.com","login":{"uuid":"70289c1f-99fb-47a5-b9b2-a250bcb7c60d","username":"sadcat715","password":"miranda","salt":"JJ0SDNwB","md5":"a55be97c0d006cd5606c36a34ece0115","sha1":"794f5f44570625f44d19adafbca1e9e2e8eee632","sha256":"c657dacda34ee5e1d2d935b7a71411ce590e5ec04ea2ef51fbea94d8ad6e5112"},"dob":{"date":"1952-10-29T17:17:49.055Z","age":71},"registered":{"date":"2008-10-26T00:06:32.146Z","age":15},"phone":"061-774-8408","cell":"081-236-8426","id":{"name":"PPS","value":"8916935T"},"picture":{"large":"https://randomuser.me/api/portraits/men/1.jpg","medium":"https://randomuser.me/api/portraits/med/men/1.jpg","thumbnail":"https://randomuser.me/api/portraits/thumb/men/1.jpg"},"nat":"IE"}],"info":{"seed":"2b0595c6fa5d830e","results":1,"page":1,"version":"1.4"}} 
 </msg>
<msg time="2024-07-14T07:16:31.691027" level="INFO">/opt/hostedtoolcache/Python/3.12.4/x64/lib/python3.12/site-packages/urllib3/connectionpool.py:1099: InsecureRequestWarning: Unverified HTTPS request is being made to host 'randomuser.me'. Adding certificate verification is strongly advised. See: https://urllib3.readthedocs.io/en/latest/advanced-usage.html#tls-warnings
  warnings.warn(</msg>
<msg time="2024-07-14T07:16:31.691169" level="INFO">${response} = &lt;Response [200]&gt;</msg>
<var>${response}</var>
<arg>consultarAPI</arg>
<arg>/api</arg>
<doc>Sends a GET request on a previously created HTTP Session.</doc>
<status status="PASS" start="2024-07-14T07:16:31.624750" elapsed="0.066469"/>
</kw>
<kw name="Set Variable" owner="BuiltIn">
<msg time="2024-07-14T07:16:31.692115" level="INFO">${json_data} = {'results': [{'gender': 'male', 'name': {'title': 'Mr', 'first': 'Jeff', 'last': 'Arnold'}, 'location': {'street': {'number': 5443, 'name': 'Park Road'}, 'city': 'Roscrea', 'state': 'Cork', 'country':...</msg>
<var>${json_data}</var>
<arg>${response.json()}</arg>
<doc>Returns the given values which can then be assigned to a variables.</doc>
<status status="PASS" start="2024-07-14T07:16:31.691654" elapsed="0.000490"/>
</kw>
<kw name="Log" owner="BuiltIn">
<msg time="2024-07-14T07:16:31.692612" level="INFO">{'results': [{'gender': 'male', 'name': {'title': 'Mr', 'first': 'Jeff', 'last': 'Arnold'}, 'location': {'street': {'number': 5443, 'name': 'Park Road'}, 'city': 'Roscrea', 'state': 'Cork', 'country': 'Ireland', 'postcode': 97323, 'coordinates': {'latitude': '-3.3237', 'longitude': '-87.9740'}, 'timezone': {'offset': '-8:00', 'description': 'Pacific Time (US &amp; Canada)'}}, 'email': 'jeff.arnold@example.com', 'login': {'uuid': '70289c1f-99fb-47a5-b9b2-a250bcb7c60d', 'username': 'sadcat715', 'password': 'miranda', 'salt': 'JJ0SDNwB', 'md5': 'a55be97c0d006cd5606c36a34ece0115', 'sha1': '794f5f44570625f44d19adafbca1e9e2e8eee632', 'sha256': 'c657dacda34ee5e1d2d935b7a71411ce590e5ec04ea2ef51fbea94d8ad6e5112'}, 'dob': {'date': '1952-10-29T17:17:49.055Z', 'age': 71}, 'registered': {'date': '2008-10-26T00:06:32.146Z', 'age': 15}, 'phone': '061-774-8408', 'cell': '081-236-8426', 'id': {'name': 'PPS', 'value': '8916935T'}, 'picture': {'large': 'https://randomuser.me/api/portraits/men/1.jpg', 'medium': 'https://randomuser.me/api/portraits/med/men/1.jpg', 'thumbnail': 'https://randomuser.me/api/portraits/thumb/men/1.jpg'}, 'nat': 'IE'}], 'info': {'seed': '2b0595c6fa5d830e', 'results': 1, 'page': 1, 'version': '1.4'}}</msg>
<arg>${json_data}</arg>
<doc>Logs the given message with the given level.</doc>
<status status="PASS" start="2024-07-14T07:16:31.692456" elapsed="0.000204"/>
</kw>
<kw name="Should Be Equal As Numbers" owner="BuiltIn">
<arg>${json_data['results'][0]['location']['postcode']}</arg>
<arg>${json_data['results'][0]['location']['postcode']}</arg>
<doc>Fails if objects are unequal after converting them to real numbers.</doc>
<status status="PASS" start="2024-07-14T07:16:31.692951" elapsed="0.000624"/>
</kw>
<kw name="Log" owner="BuiltIn">
<msg time="2024-07-14T07:16:31.694109" level="INFO">97323</msg>
<arg>${json_data['results'][0]['location']['postcode']}</arg>
<doc>Logs the given message with the given level.</doc>
<status status="PASS" start="2024-07-14T07:16:31.693768" elapsed="0.000417"/>
</kw>
<status status="PASS" start="2024-07-14T07:16:31.624519" elapsed="0.069924"/>
</kw>
<doc>Testa se os tipos de dados na resposta da API estão corretos.</doc>
<tag>testeTiposDados</tag>
<status status="PASS" start="2024-07-14T07:16:31.411543" elapsed="0.283069"/>
</test>
<test id="s1-s1-t5" name="Validar conteudo" line="35">
<kw name="Teste de Tipos de Conteudo" owner="random-user-service">
<kw name="GET On Session" owner="RequestsLibrary">
<msg time="2024-07-14T07:16:31.762965" level="INFO">GET Request : url=https://randomuser.me/api 
 path_url=/api 
 headers={'User-Agent': 'python-requests/2.32.3', 'Accept-Encoding': 'gzip, deflate', 'Accept': '*/*', 'Connection': 'keep-alive'} 
 body=None 
 </msg>
<msg time="2024-07-14T07:16:31.763062" level="INFO">GET Response : url=https://randomuser.me/api 
 status=200, reason=OK 
 headers={'Date': 'Sun, 14 Jul 2024 07:16:31 GMT', 'Content-Type': 'application/json; charset=utf-8', 'Transfer-Encoding': 'chunked', 'Connection': 'keep-alive', 'X-Powered-By': 'Express', 'Access-Control-Allow-Origin': '*', 'Cache-Control': 'no-cache', 'ETag': 'W/"483-+WecLGXMOrJ7k4wPLKX5/D1DqRA"', 'Vary': 'Accept-Encoding', 'Content-Encoding': 'gzip', 'CF-Cache-Status': 'DYNAMIC', 'Report-To': '{"endpoints":[{"url":"https:\\/\\/a.nel.cloudflare.com\\/report\\/v4?s=snwQm9561NDQe3vYfnap%2BPy4Q%2Bdykfg09ig%2BvmNIvAH1hsUye%2FkboJ%2BTVga7emWs7ryt851UtPHcCEPFhxd8woOrAbR%2B0f1vJWh9LGuB91YPNn83I%2BQZ8Hhho4nPxku9"}],"group":"cf-nel","max_age":604800}', 'NEL': '{"success_fraction":0,"report_to":"cf-nel","max_age":604800}', 'Server': 'cloudflare', 'CF-RAY': '8a2fba522c9638dd-IAD', 'alt-svc': 'h3=":443"; ma=86400'} 
 body={"results":[{"gender":"female","name":{"title":"Ms","first":"Sophia","last":"Hughes"},"location":{"street":{"number":1519,"name":"High Street"},"city":"Dungarvan","state":"Wexford","country":"Ireland","postcode":82070,"coordinates":{"latitude":"0.3066","longitude":"81.1599"},"timezone":{"offset":"-11:00","description":"Midway Island, Samoa"}},"email":"sophia.hughes@example.com","login":{"uuid":"e7b0255f-c685-480d-a443-c462adcbd451","username":"brownpeacock350","password":"discover","salt":"yFvIcYiq","md5":"44eee9df368915de4c424b56f5ec07e0","sha1":"d60b32b6025bf2c4095a7c94c52f7fb78ad64c15","sha256":"82c0fe498bad352633070cc05595ccb5cb7d0d61f24cf40a72a5758fd53a4159"},"dob":{"date":"1968-10-21T15:09:06.746Z","age":55},"registered":{"date":"2005-06-15T05:21:35.545Z","age":19},"phone":"071-778-2312","cell":"081-148-4747","id":{"name":"PPS","value":"3439302T"},"picture":{"large":"https://randomuser.me/api/portraits/women/66.jpg","medium":"https://randomuser.me/api/portraits/med/women/66.jpg","thumbnail":"https://randomuser.me/api/portraits/thumb/women/66.jpg"},"nat":"IE"}],"info":{"seed":"3ac081946b350677","results":1,"page":1,"version":"1.4"}} 
 </msg>
<msg time="2024-07-14T07:16:31.763159" level="INFO">/opt/hostedtoolcache/Python/3.12.4/x64/lib/python3.12/site-packages/urllib3/connectionpool.py:1099: InsecureRequestWarning: Unverified HTTPS request is being made to host 'randomuser.me'. Adding certificate verification is strongly advised. See: https://urllib3.readthedocs.io/en/latest/advanced-usage.html#tls-warnings
  warnings.warn(</msg>
<msg time="2024-07-14T07:16:31.763306" level="INFO">${response} = &lt;Response [200]&gt;</msg>
<var>${response}</var>
<arg>consultarAPI</arg>
<arg>/api</arg>
<doc>Sends a GET request on a previously created HTTP Session.</doc>
<status status="PASS" start="2024-07-14T07:16:31.697276" elapsed="0.066083"/>
</kw>
<kw name="Set Variable" owner="BuiltIn">
<msg time="2024-07-14T07:16:31.764310" level="INFO">${json_data} = {'results': [{'gender': 'female', 'name': {'title': 'Ms', 'first': 'Sophia', 'last': 'Hughes'}, 'location': {'street': {'number': 1519, 'name': 'High Street'}, 'city': 'Dungarvan', 'state': 'Wexford',...</msg>
<var>${json_data}</var>
<arg>${response.json()}</arg>
<doc>Returns the given values which can then be assigned to a variables.</doc>
<status status="PASS" start="2024-07-14T07:16:31.763828" elapsed="0.000517"/>
</kw>
<kw name="Set Variable" owner="BuiltIn">
<msg time="2024-07-14T07:16:31.765029" level="INFO">${name_title} = Ms</msg>
<var>${name_title}</var>
<arg>${json_data["results"][0]["name"]["title"]}</arg>
<doc>Returns the given values which can then be assigned to a variables.</doc>
<status status="PASS" start="2024-07-14T07:16:31.764651" elapsed="0.000404"/>
</kw>
<kw name="Create List" owner="BuiltIn">
<msg time="2024-07-14T07:16:31.765498" level="INFO">${allowed_titles} = ['Mr', 'Ms', 'Miss', 'Mrs', 'Madame', 'Monsieur']</msg>
<var>${allowed_titles}</var>
<arg>Mr</arg>
<arg>Ms</arg>
<arg>Miss</arg>
<arg>Mrs</arg>
<arg>Madame</arg>
<arg>Monsieur</arg>
<doc>Returns a list containing given items.</doc>
<status status="PASS" start="2024-07-14T07:16:31.765349" elapsed="0.000173"/>
</kw>
<kw name="List Should Contain Value" owner="Collections">
<arg>${allowed_titles}</arg>
<arg>${name_title}</arg>
<doc>Fails if the ``value`` is not found from ``list``.</doc>
<status status="PASS" start="2024-07-14T07:16:31.765821" elapsed="0.000177"/>
</kw>
<kw name="Set Variable" owner="BuiltIn">
<msg time="2024-07-14T07:16:31.766542" level="INFO">${name_country} = IE</msg>
<var>${name_country}</var>
<arg>${json_data["results"][0]["nat"]}</arg>
<doc>Returns the given values which can then be assigned to a variables.</doc>
<status status="PASS" start="2024-07-14T07:16:31.766178" elapsed="0.000389"/>
</kw>
<kw name="Create List" owner="BuiltIn">
<msg time="2024-07-14T07:16:31.767520" level="INFO">${list_country} = ['AD', 'AE', 'AF', 'AG', 'AI', 'AL', 'AM', 'AO', 'AQ', 'AR', 'AS', 'AT', 'AU', 'AW', 'AX', 'AZ', 'BA', 'BB', 'BD', 'BE', 'BF', 'BG', 'BH', 'BI', 'BJ', 'BL', 'BM', 'BN', 'BO', 'BQ', 'BR', 'BS', 'BT', '...</msg>
<var>${list_country}</var>
<arg>AD</arg>
<arg>AE</arg>
<arg>AF</arg>
<arg>AG</arg>
<arg>AI</arg>
<arg>AL</arg>
<arg>AM</arg>
<arg>AO</arg>
<arg>AQ</arg>
<arg>AR</arg>
<arg>AS</arg>
<arg>AT</arg>
<arg>AU</arg>
<arg>AW</arg>
<arg>AX</arg>
<arg>AZ</arg>
<arg>BA</arg>
<arg>BB</arg>
<arg>BD</arg>
<arg>BE</arg>
<arg>BF</arg>
<arg>BG</arg>
<arg>BH</arg>
<arg>BI</arg>
<arg>BJ</arg>
<arg>BL</arg>
<arg>BM</arg>
<arg>BN</arg>
<arg>BO</arg>
<arg>BQ</arg>
<arg>BR</arg>
<arg>BS</arg>
<arg>BT</arg>
<arg>BV</arg>
<arg>BW</arg>
<arg>BY</arg>
<arg>BZ</arg>
<arg>CA</arg>
<arg>CC</arg>
<arg>CD</arg>
<arg>CF</arg>
<arg>CG</arg>
<arg>CH</arg>
<arg>CI</arg>
<arg>CK</arg>
<arg>CL</arg>
<arg>CM</arg>
<arg>CN</arg>
<arg>CO</arg>
<arg>CR</arg>
<arg>CU</arg>
<arg>CV</arg>
<arg>CW</arg>
<arg>CX</arg>
<arg>CY</arg>
<arg>CZ</arg>
<arg>DE</arg>
<arg>DJ</arg>
<arg>DK</arg>
<arg>DM</arg>
<arg>DO</arg>
<arg>DZ</arg>
<arg>EC</arg>
<arg>EE</arg>
<arg>EG</arg>
<arg>EH</arg>
<arg>ER</arg>
<arg>ES</arg>
<arg>ET</arg>
<arg>FI</arg>
<arg>FJ</arg>
<arg>FK</arg>
<arg>FM</arg>
<arg>FO</arg>
<arg>FR</arg>
<arg>GA</arg>
<arg>GB</arg>
<arg>GD</arg>
<arg>GE</arg>
<arg>GF</arg>
<arg>GG</arg>
<arg>GH</arg>
<arg>GI</arg>
<arg>GL</arg>
<arg>GM</arg>
<arg>GN</arg>
<arg>GP</arg>
<arg>GQ</arg>
<arg>GR</arg>
<arg>GS</arg>
<arg>GT</arg>
<arg>GU</arg>
<arg>GW</arg>
<arg>GY</arg>
<arg>HK</arg>
<arg>HM</arg>
<arg>HN</arg>
<arg>HR</arg>
<arg>HT</arg>
<arg>HU</arg>
<arg>ID</arg>
<arg>IE</arg>
<arg>IL</arg>
<arg>IM</arg>
<arg>IN</arg>
<arg>IO</arg>
<arg>IQ</arg>
<arg>IR</arg>
<arg>IS</arg>
<arg>IT</arg>
<arg>JE</arg>
<arg>JM</arg>
<arg>JO</arg>
<arg>JP</arg>
<arg>KE</arg>
<arg>KG</arg>
<arg>KH</arg>
<arg>KI</arg>
<arg>KM</arg>
<arg>KN</arg>
<arg>KP</arg>
<arg>KR</arg>
<arg>KW</arg>
<arg>KY</arg>
<arg>KZ</arg>
<arg>LA</arg>
<arg>LB</arg>
<arg>LC</arg>
<arg>LI</arg>
<arg>LK</arg>
<arg>LR</arg>
<arg>LS</arg>
<arg>LT</arg>
<arg>LU</arg>
<arg>LV</arg>
<arg>LY</arg>
<arg>MA</arg>
<arg>MC</arg>
<arg>MD</arg>
<arg>ME</arg>
<arg>MF</arg>
<arg>MG</arg>
<arg>MH</arg>
<arg>MK</arg>
<arg>ML</arg>
<arg>MM</arg>
<arg>MN</arg>
<arg>MO</arg>
<arg>MP</arg>
<arg>MQ</arg>
<arg>MR</arg>
<arg>MS</arg>
<arg>MT</arg>
<arg>MU</arg>
<arg>MV</arg>
<arg>MW</arg>
<arg>MX</arg>
<arg>MY</arg>
<arg>MZ</arg>
<arg>NA</arg>
<arg>NC</arg>
<arg>NE</arg>
<arg>NF</arg>
<arg>NG</arg>
<arg>NI</arg>
<arg>NL</arg>
<arg>NO</arg>
<arg>NP</arg>
<arg>NR</arg>
<arg>NU</arg>
<arg>NZ</arg>
<arg>OM</arg>
<arg>PA</arg>
<arg>PE</arg>
<arg>PF</arg>
<arg>PG</arg>
<arg>PH</arg>
<arg>PK</arg>
<arg>PL</arg>
<arg>PM</arg>
<arg>PN</arg>
<arg>PR</arg>
<arg>PS</arg>
<arg>PT</arg>
<arg>PW</arg>
<arg>PY</arg>
<arg>QA</arg>
<arg>RE</arg>
<arg>RO</arg>
<arg>RS</arg>
<arg>RU</arg>
<arg>RW</arg>
<arg>SA</arg>
<arg>SB</arg>
<arg>SC</arg>
<arg>SD</arg>
<arg>SE</arg>
<arg>SG</arg>
<arg>SH</arg>
<arg>SI</arg>
<arg>SJ</arg>
<arg>SK</arg>
<arg>SL</arg>
<arg>SM</arg>
<arg>SN</arg>
<arg>SO</arg>
<arg>SR</arg>
<arg>SS</arg>
<arg>ST</arg>
<arg>SV</arg>
<arg>SX</arg>
<arg>SY</arg>
<arg>SZ</arg>
<arg>TC</arg>
<arg>TD</arg>
<arg>TF</arg>
<arg>TG</arg>
<arg>TH</arg>
<arg>TJ</arg>
<arg>TK</arg>
<arg>TL</arg>
<arg>TM</arg>
<arg>TN</arg>
<arg>TO</arg>
<arg>TR</arg>
<arg>TT</arg>
<arg>TV</arg>
<arg>TW</arg>
<arg>TZ</arg>
<arg>UA</arg>
<arg>UG</arg>
<arg>UM</arg>
<arg>US</arg>
<arg>UY</arg>
<arg>UZ</arg>
<arg>VA</arg>
<arg>VC</arg>
<arg>VE</arg>
<arg>VG</arg>
<arg>VI</arg>
<arg>VN</arg>
<arg>VU</arg>
<arg>WF</arg>
<arg>WS</arg>
<arg>XK</arg>
<arg>YE</arg>
<arg>YT</arg>
<arg>ZA</arg>
<arg>ZM</arg>
<arg>ZW</arg>
<doc>Returns a list containing given items.</doc>
<status status="PASS" start="2024-07-14T07:16:31.766926" elapsed="0.000619"/>
</kw>
<kw name="List Should Contain Value" owner="Collections">
<arg>${list_country}</arg>
<arg>${name_country}</arg>
<doc>Fails if the ``value`` is not found from ``list``.</doc>
<status status="PASS" start="2024-07-14T07:16:31.768336" elapsed="0.000204"/>
</kw>
<kw name="Run Keyword If" owner="BuiltIn">
<kw name="Should Be True" owner="BuiltIn">
<arg>${True}</arg>
<doc>Fails if the given condition is not true.</doc>
<status status="PASS" start="2024-07-14T07:16:31.769547" elapsed="0.000146"/>
</kw>
<arg>${json_data["results"][0]["location"]["coordinates"]["latitude"]} &gt;= -90 and ${json_data["results"][0]["location"]["coordinates"]["latitude"]} &lt;= 90</arg>
<arg>Should Be True</arg>
<arg>${True}</arg>
<doc>Runs the given keyword with the given arguments, if ``condition`` is true.</doc>
<status status="PASS" start="2024-07-14T07:16:31.768738" elapsed="0.001082"/>
</kw>
<kw name="Run Keyword If" owner="BuiltIn">
<kw name="Should Be True" owner="BuiltIn">
<arg>${True}</arg>
<doc>Fails if the given condition is not true.</doc>
<status status="PASS" start="2024-07-14T07:16:31.770704" elapsed="0.000165"/>
</kw>
<arg>${json_data["results"][0]["location"]["coordinates"]["longitude"]} &gt;= -180 and ${json_data["results"][0]["location"]["coordinates"]["longitude"]} &lt;= 180</arg>
<arg>Should Be True</arg>
<arg>${True}</arg>
<doc>Runs the given keyword with the given arguments, if ``condition`` is true.</doc>
<status status="PASS" start="2024-07-14T07:16:31.770004" elapsed="0.000996"/>
</kw>
<status status="PASS" start="2024-07-14T07:16:31.696884" elapsed="0.074247"/>
</kw>
<doc>Testa o conteúdo específico dos campos retornados pela API.</doc>
<tag>testeConteudo</tag>
<status status="PASS" start="2024-07-14T07:16:31.696422" elapsed="0.074862"/>
</test>
<status status="PASS" start="2024-07-14T07:16:30.866008" elapsed="0.907199"/>
</suite>
<status status="PASS" start="2024-07-14T07:16:30.851376" elapsed="0.926982"/>
</suite>
<statistics>
<total>
<stat pass="5" fail="0" skip="0">All Tests</stat>
</total>
<tag>
<stat pass="1" fail="0" skip="0">testeConteudo</stat>
<stat pass="1" fail="0" skip="0">testeEstruturaResposta</stat>
<stat pass="1" fail="0" skip="0">testeRequisicaoBasica</stat>
<stat pass="1" fail="0" skip="0">testeTiposDados</stat>
</tag>
<suite>
<stat pass="5" fail="0" skip="0" id="s1" name="Tests">Tests</stat>
<stat pass="5" fail="0" skip="0" id="s1-s1" name="Random-User-Test">Tests.Random-User-Test</stat>
</suite>
</statistics>
<errors>
</errors>
</robot>
