<?xml version="1.0" encoding="UTF-8"?>
<robot generator="Robot 7.0.1 (Python 3.12.4 on linux)" generated="2024-07-19T18:20:09.206717" rpa="false" schemaversion="5">
<suite id="s1" name="Tests" source="/home/runner/work/ApiRandomUser/ApiRandomUser/RamdonUser/tests">
<suite id="s1-s1" name="Random-User-Test" source="/home/runner/work/ApiRandomUser/ApiRandomUser/RamdonUser/tests/random-user-test.robot">
<test id="s1-s1-t1" name="Conectar" line="13">
<kw name="Conectar API" owner="random-user-service">
<kw name="Create Session" owner="RequestsLibrary">
<msg time="2024-07-19T18:20:09.633661" level="INFO">Creating Session using : alias=consultarAPI, url=https://randomuser.me/, headers={},                     cookies={}, auth=None, timeout=None, proxies=None, verify=False,                     debug=0 </msg>
<arg>consultarAPI</arg>
<arg>${URL}</arg>
<doc>Create Session: create a HTTP session to a server</doc>
<status status="PASS" start="2024-07-19T18:20:09.633452" elapsed="0.000407"/>
</kw>
<status status="PASS" start="2024-07-19T18:20:09.632368" elapsed="0.001863"/>
</kw>
<status status="PASS" start="2024-07-19T18:20:09.631706" elapsed="0.002721"/>
</test>
<test id="s1-s1-t2" name="Validar retorno 200 e JSON Válido" line="16">
<kw name="Teste de Requisicao Basica" owner="random-user-service">
<kw name="GET On Session" owner="RequestsLibrary">
<msg time="2024-07-19T18:20:09.832411" level="INFO">GET Request : url=https://randomuser.me/api 
 path_url=/api 
 headers={'User-Agent': 'python-requests/2.32.3', 'Accept-Encoding': 'gzip, deflate', 'Accept': '*/*', 'Connection': 'keep-alive'} 
 body=None 
 </msg>
<msg time="2024-07-19T18:20:09.832573" level="INFO">GET Response : url=https://randomuser.me/api 
 status=200, reason=OK 
 headers={'Date': 'Fri, 19 Jul 2024 18:20:09 GMT', 'Content-Type': 'application/json; charset=utf-8', 'Transfer-Encoding': 'chunked', 'Connection': 'keep-alive', 'X-Powered-By': 'Express', 'Access-Control-Allow-Origin': '*', 'Cache-Control': 'no-cache', 'ETag': 'W/"47d-O+weQ+9+H3VR7bNBzr11l5oooQM"', 'Vary': 'Accept-Encoding', 'Content-Encoding': 'gzip', 'CF-Cache-Status': 'DYNAMIC', 'Report-To': '{"endpoints":[{"url":"https:\\/\\/a.nel.cloudflare.com\\/report\\/v4?s=tfSGIQU8BEcvJSz6TKdPtdbqJgz8CFkWwuW5543VosmPZlA46%2Fa6qhJbzDNy0DrO6%2F5HBAAn%2FeAQryDj8KQsmh6QySRdNjBHL3X030w9x0cyLgagh2EwXt%2FKV8uHx6RE"}],"group":"cf-nel","max_age":604800}', 'NEL': '{"success_fraction":0,"report_to":"cf-nel","max_age":604800}', 'Server': 'cloudflare', 'CF-RAY': '8a5cb9511e4fe254-ORD', 'alt-svc': 'h3=":443"; ma=86400'} 
 body={"results":[{"gender":"female","name":{"title":"Miss","first":"Paulina","last":"Vieira"},"location":{"street":{"number":6973,"name":"Rua Três"},"city":"Bagé","state":"Rio de Janeiro","country":"Brazil","postcode":19880,"coordinates":{"latitude":"-76.1439","longitude":"90.2046"},"timezone":{"offset":"+4:30","description":"Kabul"}},"email":"paulina.vieira@example.com","login":{"uuid":"cf2abe1a-10ae-443f-9950-74590b95417c","username":"angryladybug353","password":"eileen","salt":"cO4to7LJ","md5":"e9d7f5942fd4bb556620fe83391e4c99","sha1":"a4fc5677b9a3a6112ff02c73c93d93f1931ccbf7","sha256":"1ba1421cd21927b3d155bc489e5be5d48da61d7b36d848c9590913d9583d41da"},"dob":{"date":"1964-01-07T16:01:20.064Z","age":60},"registered":{"date":"2014-09-15T21:00:18.054Z","age":9},"phone":"(75) 3204-7689","cell":"(02) 0256-7492","id":{"name":"CPF","value":"853.635.768-66"},"picture":{"large":"https://randomuser.me/api/portraits/women/0.jpg","medium":"https://randomuser.me/api/portraits/med/women/0.jpg","thumbnail":"https://randomuser.me/api/portraits/thumb/women/0.jpg"},"nat":"BR"}],"info":{"seed":"ef50a6105df394cd","results":1,"page":1,"version":"1.4"}} 
 </msg>
<msg time="2024-07-19T18:20:09.832661" level="INFO">/opt/hostedtoolcache/Python/3.12.4/x64/lib/python3.12/site-packages/urllib3/connectionpool.py:1099: InsecureRequestWarning: Unverified HTTPS request is being made to host 'randomuser.me'. Adding certificate verification is strongly advised. See: https://urllib3.readthedocs.io/en/latest/advanced-usage.html#tls-warnings
  warnings.warn(</msg>
<msg time="2024-07-19T18:20:09.832807" level="INFO">${response} = &lt;Response [200]&gt;</msg>
<var>${response}</var>
<arg>consultarAPI</arg>
<arg>/api</arg>
<doc>Sends a GET request on a previously created HTTP Session.</doc>
<status status="PASS" start="2024-07-19T18:20:09.637094" elapsed="0.195756"/>
</kw>
<kw name="Should Be Equal As Numbers" owner="BuiltIn">
<msg time="2024-07-19T18:20:09.834100" level="INFO">Argument types are:
&lt;class 'int'&gt;
&lt;class 'str'&gt;</msg>
<arg>${response.status_code}</arg>
<arg>200</arg>
<doc>Fails if objects are unequal after converting them to real numbers.</doc>
<status status="PASS" start="2024-07-19T18:20:09.833552" elapsed="0.000616"/>
</kw>
<kw name="Log" owner="BuiltIn">
<msg time="2024-07-19T18:20:09.834847" level="INFO">200</msg>
<arg>${response.status_code}</arg>
<doc>Logs the given message with the given level.</doc>
<status status="PASS" start="2024-07-19T18:20:09.834491" elapsed="0.000400"/>
</kw>
<kw name="Set Variable" owner="BuiltIn">
<msg time="2024-07-19T18:20:09.835635" level="INFO">${json_data} = {'results': [{'gender': 'female', 'name': {'title': 'Miss', 'first': 'Paulina', 'last': 'Vieira'}, 'location': {'street': {'number': 6973, 'name': 'Rua Três'}, 'city': 'Bagé', 'state': 'Rio de Janeiro...</msg>
<var>${json_data}</var>
<arg>${response.json()}</arg>
<doc>Returns the given values which can then be assigned to a variables.</doc>
<status status="PASS" start="2024-07-19T18:20:09.835199" elapsed="0.000468"/>
</kw>
<kw name="Dictionary Should Contain Key" owner="Collections">
<arg>${json_data}</arg>
<arg>results</arg>
<doc>Fails if ``key`` is not found from ``dictionary``.</doc>
<status status="PASS" start="2024-07-19T18:20:09.835996" elapsed="0.000335"/>
</kw>
<status status="PASS" start="2024-07-19T18:20:09.636841" elapsed="0.199645"/>
</kw>
<doc>Testa se a API responde corretamente e retorna um objeto JSON válido.</doc>
<tag>testeRequisicaoBasica</tag>
<status status="PASS" start="2024-07-19T18:20:09.636357" elapsed="0.200303"/>
</test>
<test id="s1-s1-t3" name="Validar estrutura de resposta" line="22">
<kw name="Teste de Estrutura de Resposta" owner="random-user-service">
<kw name="GET On Session" owner="RequestsLibrary">
<msg time="2024-07-19T18:20:09.940999" level="INFO">GET Request : url=https://randomuser.me/api 
 path_url=/api 
 headers={'User-Agent': 'python-requests/2.32.3', 'Accept-Encoding': 'gzip, deflate', 'Accept': '*/*', 'Connection': 'keep-alive'} 
 body=None 
 </msg>
<msg time="2024-07-19T18:20:09.941125" level="INFO">GET Response : url=https://randomuser.me/api 
 status=200, reason=OK 
 headers={'Date': 'Fri, 19 Jul 2024 18:20:09 GMT', 'Content-Type': 'application/json; charset=utf-8', 'Transfer-Encoding': 'chunked', 'Connection': 'keep-alive', 'X-Powered-By': 'Express', 'Access-Control-Allow-Origin': '*', 'Cache-Control': 'no-cache', 'ETag': 'W/"49a-PyAb/gn5oS90m4UfwsWnNoHO0to"', 'Vary': 'Accept-Encoding', 'Content-Encoding': 'gzip', 'CF-Cache-Status': 'DYNAMIC', 'Report-To': '{"endpoints":[{"url":"https:\\/\\/a.nel.cloudflare.com\\/report\\/v4?s=2kIyyw3imeXGKF29LiNCoc0B5DnqG%2BvzG20rIv6mDopg3vntOeinhIHtCT4ZDBrLByTtDK8Dvy%2FtLajUMa36I9jnPdNj5HiknSvXVTDbje6GXF6m1kLy2klFJ3spJPE8"}],"group":"cf-nel","max_age":604800}', 'NEL': '{"success_fraction":0,"report_to":"cf-nel","max_age":604800}', 'Server': 'cloudflare', 'CF-RAY': '8a5cb9518eb2e254-ORD', 'alt-svc': 'h3=":443"; ma=86400'} 
 body={"results":[{"gender":"female","name":{"title":"Miss","first":"Fátima","last":"Fernández"},"location":{"street":{"number":1640,"name":"Calle del Barquillo"},"city":"Orihuela","state":"Canarias","country":"Spain","postcode":58480,"coordinates":{"latitude":"-38.0221","longitude":"64.2161"},"timezone":{"offset":"-3:00","description":"Brazil, Buenos Aires, Georgetown"}},"email":"fatima.fernandez@example.com","login":{"uuid":"54152c92-8b4e-41ed-aa38-ee15e3230a5e","username":"orangeswan919","password":"chuo","salt":"Rs4h425P","md5":"a3abd1857cbf3c84935b479b6cea382f","sha1":"1aae4aace0a491ee23c75d6ad5caa1b0c52aebf6","sha256":"67933df5cabcce790d814df8a2fdb0a818d44fce4eaf1192cd61d09127393a28"},"dob":{"date":"1951-06-07T12:45:52.818Z","age":73},"registered":{"date":"2009-02-11T20:58:17.877Z","age":15},"phone":"921-206-392","cell":"651-198-824","id":{"name":"DNI","value":"64664038-R"},"picture":{"large":"https://randomuser.me/api/portraits/women/85.jpg","medium":"https://randomuser.me/api/portraits/med/women/85.jpg","thumbnail":"https://randomuser.me/api/portraits/thumb/women/85.jpg"},"nat":"ES"}],"info":{"seed":"6521dbd5dfe641b6","results":1,"page":1,"version":"1.4"}} 
 </msg>
<msg time="2024-07-19T18:20:09.941304" level="INFO">/opt/hostedtoolcache/Python/3.12.4/x64/lib/python3.12/site-packages/urllib3/connectionpool.py:1099: InsecureRequestWarning: Unverified HTTPS request is being made to host 'randomuser.me'. Adding certificate verification is strongly advised. See: https://urllib3.readthedocs.io/en/latest/advanced-usage.html#tls-warnings
  warnings.warn(</msg>
<msg time="2024-07-19T18:20:09.941465" level="INFO">${response} = &lt;Response [200]&gt;</msg>
<var>${response}</var>
<arg>consultarAPI</arg>
<arg>/api</arg>
<doc>Sends a GET request on a previously created HTTP Session.</doc>
<status status="PASS" start="2024-07-19T18:20:09.839377" elapsed="0.102133"/>
</kw>
<kw name="Set Variable" owner="BuiltIn">
<msg time="2024-07-19T18:20:09.942909" level="INFO">${json_data} = {'results': [{'gender': 'female', 'name': {'title': 'Miss', 'first': 'Fátima', 'last': 'Fernández'}, 'location': {'street': {'number': 1640, 'name': 'Calle del Barquillo'}, 'city': 'Orihuela', 'state'...</msg>
<var>${json_data}</var>
<arg>${response.json()}</arg>
<doc>Returns the given values which can then be assigned to a variables.</doc>
<status status="PASS" start="2024-07-19T18:20:09.942236" elapsed="0.000703"/>
</kw>
<kw name="Log" owner="BuiltIn">
<msg time="2024-07-19T18:20:09.943424" level="INFO">{'results': [{'gender': 'female', 'name': {'title': 'Miss', 'first': 'Fátima', 'last': 'Fernández'}, 'location': {'street': {'number': 1640, 'name': 'Calle del Barquillo'}, 'city': 'Orihuela', 'state': 'Canarias', 'country': 'Spain', 'postcode': 58480, 'coordinates': {'latitude': '-38.0221', 'longitude': '64.2161'}, 'timezone': {'offset': '-3:00', 'description': 'Brazil, Buenos Aires, Georgetown'}}, 'email': 'fatima.fernandez@example.com', 'login': {'uuid': '54152c92-8b4e-41ed-aa38-ee15e3230a5e', 'username': 'orangeswan919', 'password': 'chuo', 'salt': 'Rs4h425P', 'md5': 'a3abd1857cbf3c84935b479b6cea382f', 'sha1': '1aae4aace0a491ee23c75d6ad5caa1b0c52aebf6', 'sha256': '67933df5cabcce790d814df8a2fdb0a818d44fce4eaf1192cd61d09127393a28'}, 'dob': {'date': '1951-06-07T12:45:52.818Z', 'age': 73}, 'registered': {'date': '2009-02-11T20:58:17.877Z', 'age': 15}, 'phone': '921-206-392', 'cell': '651-198-824', 'id': {'name': 'DNI', 'value': '64664038-R'}, 'picture': {'large': 'https://randomuser.me/api/portraits/women/85.jpg', 'medium': 'https://randomuser.me/api/portraits/med/women/85.jpg', 'thumbnail': 'https://randomuser.me/api/portraits/thumb/women/85.jpg'}, 'nat': 'ES'}], 'info': {'seed': '6521dbd5dfe641b6', 'results': 1, 'page': 1, 'version': '1.4'}}</msg>
<arg>${json_data}</arg>
<doc>Logs the given message with the given level.</doc>
<status status="PASS" start="2024-07-19T18:20:09.943254" elapsed="0.000222"/>
</kw>
<kw name="Dictionary Should Contain Key" owner="Collections">
<arg>${json_data}</arg>
<arg>results</arg>
<doc>Fails if ``key`` is not found from ``dictionary``.</doc>
<status status="PASS" start="2024-07-19T18:20:09.943773" elapsed="0.000212"/>
</kw>
<kw name="Should Not Be Empty" owner="BuiltIn">
<msg time="2024-07-19T18:20:09.944309" level="INFO">Length is 2.</msg>
<arg>${json_data}</arg>
<doc>Verifies that the given item is not empty.</doc>
<status status="PASS" start="2024-07-19T18:20:09.944182" elapsed="0.000175"/>
</kw>
<kw name="Create List" owner="BuiltIn">
<msg time="2024-07-19T18:20:09.944799" level="INFO">${expected_keys} = ['gender', 'name', 'location', 'email', 'login']</msg>
<var>${expected_keys}</var>
<arg>gender</arg>
<arg>name</arg>
<arg>location</arg>
<arg>email</arg>
<arg>login</arg>
<doc>Returns a list containing given items.</doc>
<status status="PASS" start="2024-07-19T18:20:09.944647" elapsed="0.000177"/>
</kw>
<for flavor="IN">
<iter>
<kw name="Dictionary Should Contain Key" owner="Collections">
<arg>${json_data['results'][0]}</arg>
<arg>${key}</arg>
<doc>Fails if ``key`` is not found from ``dictionary``.</doc>
<status status="PASS" start="2024-07-19T18:20:09.945433" elapsed="0.000421"/>
</kw>
<kw name="Log" owner="BuiltIn">
<msg time="2024-07-19T18:20:09.946400" level="INFO">{'gender': 'female', 'name': {'title': 'Miss', 'first': 'Fátima', 'last': 'Fernández'}, 'location': {'street': {'number': 1640, 'name': 'Calle del Barquillo'}, 'city': 'Orihuela', 'state': 'Canarias', 'country': 'Spain', 'postcode': 58480, 'coordinates': {'latitude': '-38.0221', 'longitude': '64.2161'}, 'timezone': {'offset': '-3:00', 'description': 'Brazil, Buenos Aires, Georgetown'}}, 'email': 'fatima.fernandez@example.com', 'login': {'uuid': '54152c92-8b4e-41ed-aa38-ee15e3230a5e', 'username': 'orangeswan919', 'password': 'chuo', 'salt': 'Rs4h425P', 'md5': 'a3abd1857cbf3c84935b479b6cea382f', 'sha1': '1aae4aace0a491ee23c75d6ad5caa1b0c52aebf6', 'sha256': '67933df5cabcce790d814df8a2fdb0a818d44fce4eaf1192cd61d09127393a28'}, 'dob': {'date': '1951-06-07T12:45:52.818Z', 'age': 73}, 'registered': {'date': '2009-02-11T20:58:17.877Z', 'age': 15}, 'phone': '921-206-392', 'cell': '651-198-824', 'id': {'name': 'DNI', 'value': '64664038-R'}, 'picture': {'large': 'https://randomuser.me/api/portraits/women/85.jpg', 'medium': 'https://randomuser.me/api/portraits/med/women/85.jpg', 'thumbnail': 'https://randomuser.me/api/portraits/thumb/women/85.jpg'}, 'nat': 'ES'}</msg>
<arg>${json_data['results'][0]}</arg>
<doc>Logs the given message with the given level.</doc>
<status status="PASS" start="2024-07-19T18:20:09.946043" elapsed="0.000411"/>
</kw>
<kw name="Log" owner="BuiltIn">
<msg time="2024-07-19T18:20:09.946885" level="INFO">gender</msg>
<arg>${key}</arg>
<doc>Logs the given message with the given level.</doc>
<status status="PASS" start="2024-07-19T18:20:09.946757" elapsed="0.000166"/>
</kw>
<var name="${key}">gender</var>
<status status="PASS" start="2024-07-19T18:20:09.945302" elapsed="0.001835"/>
</iter>
<iter>
<kw name="Dictionary Should Contain Key" owner="Collections">
<arg>${json_data['results'][0]}</arg>
<arg>${key}</arg>
<doc>Fails if ``key`` is not found from ``dictionary``.</doc>
<status status="PASS" start="2024-07-19T18:20:09.947439" elapsed="0.000386"/>
</kw>
<kw name="Log" owner="BuiltIn">
<msg time="2024-07-19T18:20:09.948398" level="INFO">{'gender': 'female', 'name': {'title': 'Miss', 'first': 'Fátima', 'last': 'Fernández'}, 'location': {'street': {'number': 1640, 'name': 'Calle del Barquillo'}, 'city': 'Orihuela', 'state': 'Canarias', 'country': 'Spain', 'postcode': 58480, 'coordinates': {'latitude': '-38.0221', 'longitude': '64.2161'}, 'timezone': {'offset': '-3:00', 'description': 'Brazil, Buenos Aires, Georgetown'}}, 'email': 'fatima.fernandez@example.com', 'login': {'uuid': '54152c92-8b4e-41ed-aa38-ee15e3230a5e', 'username': 'orangeswan919', 'password': 'chuo', 'salt': 'Rs4h425P', 'md5': 'a3abd1857cbf3c84935b479b6cea382f', 'sha1': '1aae4aace0a491ee23c75d6ad5caa1b0c52aebf6', 'sha256': '67933df5cabcce790d814df8a2fdb0a818d44fce4eaf1192cd61d09127393a28'}, 'dob': {'date': '1951-06-07T12:45:52.818Z', 'age': 73}, 'registered': {'date': '2009-02-11T20:58:17.877Z', 'age': 15}, 'phone': '921-206-392', 'cell': '651-198-824', 'id': {'name': 'DNI', 'value': '64664038-R'}, 'picture': {'large': 'https://randomuser.me/api/portraits/women/85.jpg', 'medium': 'https://randomuser.me/api/portraits/med/women/85.jpg', 'thumbnail': 'https://randomuser.me/api/portraits/thumb/women/85.jpg'}, 'nat': 'ES'}</msg>
<arg>${json_data['results'][0]}</arg>
<doc>Logs the given message with the given level.</doc>
<status status="PASS" start="2024-07-19T18:20:09.948038" elapsed="0.000450"/>
</kw>
<kw name="Log" owner="BuiltIn">
<msg time="2024-07-19T18:20:09.948913" level="INFO">name</msg>
<arg>${key}</arg>
<doc>Logs the given message with the given level.</doc>
<status status="PASS" start="2024-07-19T18:20:09.948788" elapsed="0.000163"/>
</kw>
<var name="${key}">name</var>
<status status="PASS" start="2024-07-19T18:20:09.947327" elapsed="0.001839"/>
</iter>
<iter>
<kw name="Dictionary Should Contain Key" owner="Collections">
<arg>${json_data['results'][0]}</arg>
<arg>${key}</arg>
<doc>Fails if ``key`` is not found from ``dictionary``.</doc>
<status status="PASS" start="2024-07-19T18:20:09.949455" elapsed="0.000379"/>
</kw>
<kw name="Log" owner="BuiltIn">
<msg time="2024-07-19T18:20:09.950369" level="INFO">{'gender': 'female', 'name': {'title': 'Miss', 'first': 'Fátima', 'last': 'Fernández'}, 'location': {'street': {'number': 1640, 'name': 'Calle del Barquillo'}, 'city': 'Orihuela', 'state': 'Canarias', 'country': 'Spain', 'postcode': 58480, 'coordinates': {'latitude': '-38.0221', 'longitude': '64.2161'}, 'timezone': {'offset': '-3:00', 'description': 'Brazil, Buenos Aires, Georgetown'}}, 'email': 'fatima.fernandez@example.com', 'login': {'uuid': '54152c92-8b4e-41ed-aa38-ee15e3230a5e', 'username': 'orangeswan919', 'password': 'chuo', 'salt': 'Rs4h425P', 'md5': 'a3abd1857cbf3c84935b479b6cea382f', 'sha1': '1aae4aace0a491ee23c75d6ad5caa1b0c52aebf6', 'sha256': '67933df5cabcce790d814df8a2fdb0a818d44fce4eaf1192cd61d09127393a28'}, 'dob': {'date': '1951-06-07T12:45:52.818Z', 'age': 73}, 'registered': {'date': '2009-02-11T20:58:17.877Z', 'age': 15}, 'phone': '921-206-392', 'cell': '651-198-824', 'id': {'name': 'DNI', 'value': '64664038-R'}, 'picture': {'large': 'https://randomuser.me/api/portraits/women/85.jpg', 'medium': 'https://randomuser.me/api/portraits/med/women/85.jpg', 'thumbnail': 'https://randomuser.me/api/portraits/thumb/women/85.jpg'}, 'nat': 'ES'}</msg>
<arg>${json_data['results'][0]}</arg>
<doc>Logs the given message with the given level.</doc>
<status status="PASS" start="2024-07-19T18:20:09.950021" elapsed="0.000400"/>
</kw>
<kw name="Log" owner="BuiltIn">
<msg time="2024-07-19T18:20:09.950840" level="INFO">location</msg>
<arg>${key}</arg>
<doc>Logs the given message with the given level.</doc>
<status status="PASS" start="2024-07-19T18:20:09.950716" elapsed="0.000161"/>
</kw>
<var name="${key}">location</var>
<status status="PASS" start="2024-07-19T18:20:09.949346" elapsed="0.001746"/>
</iter>
<iter>
<kw name="Dictionary Should Contain Key" owner="Collections">
<arg>${json_data['results'][0]}</arg>
<arg>${key}</arg>
<doc>Fails if ``key`` is not found from ``dictionary``.</doc>
<status status="PASS" start="2024-07-19T18:20:09.951369" elapsed="0.000389"/>
</kw>
<kw name="Log" owner="BuiltIn">
<msg time="2024-07-19T18:20:09.952469" level="INFO">{'gender': 'female', 'name': {'title': 'Miss', 'first': 'Fátima', 'last': 'Fernández'}, 'location': {'street': {'number': 1640, 'name': 'Calle del Barquillo'}, 'city': 'Orihuela', 'state': 'Canarias', 'country': 'Spain', 'postcode': 58480, 'coordinates': {'latitude': '-38.0221', 'longitude': '64.2161'}, 'timezone': {'offset': '-3:00', 'description': 'Brazil, Buenos Aires, Georgetown'}}, 'email': 'fatima.fernandez@example.com', 'login': {'uuid': '54152c92-8b4e-41ed-aa38-ee15e3230a5e', 'username': 'orangeswan919', 'password': 'chuo', 'salt': 'Rs4h425P', 'md5': 'a3abd1857cbf3c84935b479b6cea382f', 'sha1': '1aae4aace0a491ee23c75d6ad5caa1b0c52aebf6', 'sha256': '67933df5cabcce790d814df8a2fdb0a818d44fce4eaf1192cd61d09127393a28'}, 'dob': {'date': '1951-06-07T12:45:52.818Z', 'age': 73}, 'registered': {'date': '2009-02-11T20:58:17.877Z', 'age': 15}, 'phone': '921-206-392', 'cell': '651-198-824', 'id': {'name': 'DNI', 'value': '64664038-R'}, 'picture': {'large': 'https://randomuser.me/api/portraits/women/85.jpg', 'medium': 'https://randomuser.me/api/portraits/med/women/85.jpg', 'thumbnail': 'https://randomuser.me/api/portraits/thumb/women/85.jpg'}, 'nat': 'ES'}</msg>
<arg>${json_data['results'][0]}</arg>
<doc>Logs the given message with the given level.</doc>
<status status="PASS" start="2024-07-19T18:20:09.952115" elapsed="0.000406"/>
</kw>
<kw name="Log" owner="BuiltIn">
<msg time="2024-07-19T18:20:09.952943" level="INFO">email</msg>
<arg>${key}</arg>
<doc>Logs the given message with the given level.</doc>
<status status="PASS" start="2024-07-19T18:20:09.952816" elapsed="0.000165"/>
</kw>
<var name="${key}">email</var>
<status status="PASS" start="2024-07-19T18:20:09.951263" elapsed="0.001930"/>
</iter>
<iter>
<kw name="Dictionary Should Contain Key" owner="Collections">
<arg>${json_data['results'][0]}</arg>
<arg>${key}</arg>
<doc>Fails if ``key`` is not found from ``dictionary``.</doc>
<status status="PASS" start="2024-07-19T18:20:09.953473" elapsed="0.000385"/>
</kw>
<kw name="Log" owner="BuiltIn">
<msg time="2024-07-19T18:20:09.954385" level="INFO">{'gender': 'female', 'name': {'title': 'Miss', 'first': 'Fátima', 'last': 'Fernández'}, 'location': {'street': {'number': 1640, 'name': 'Calle del Barquillo'}, 'city': 'Orihuela', 'state': 'Canarias', 'country': 'Spain', 'postcode': 58480, 'coordinates': {'latitude': '-38.0221', 'longitude': '64.2161'}, 'timezone': {'offset': '-3:00', 'description': 'Brazil, Buenos Aires, Georgetown'}}, 'email': 'fatima.fernandez@example.com', 'login': {'uuid': '54152c92-8b4e-41ed-aa38-ee15e3230a5e', 'username': 'orangeswan919', 'password': 'chuo', 'salt': 'Rs4h425P', 'md5': 'a3abd1857cbf3c84935b479b6cea382f', 'sha1': '1aae4aace0a491ee23c75d6ad5caa1b0c52aebf6', 'sha256': '67933df5cabcce790d814df8a2fdb0a818d44fce4eaf1192cd61d09127393a28'}, 'dob': {'date': '1951-06-07T12:45:52.818Z', 'age': 73}, 'registered': {'date': '2009-02-11T20:58:17.877Z', 'age': 15}, 'phone': '921-206-392', 'cell': '651-198-824', 'id': {'name': 'DNI', 'value': '64664038-R'}, 'picture': {'large': 'https://randomuser.me/api/portraits/women/85.jpg', 'medium': 'https://randomuser.me/api/portraits/med/women/85.jpg', 'thumbnail': 'https://randomuser.me/api/portraits/thumb/women/85.jpg'}, 'nat': 'ES'}</msg>
<arg>${json_data['results'][0]}</arg>
<doc>Logs the given message with the given level.</doc>
<status status="PASS" start="2024-07-19T18:20:09.954040" elapsed="0.000395"/>
</kw>
<kw name="Log" owner="BuiltIn">
<msg time="2024-07-19T18:20:09.954851" level="INFO">login</msg>
<arg>${key}</arg>
<doc>Logs the given message with the given level.</doc>
<status status="PASS" start="2024-07-19T18:20:09.954727" elapsed="0.000161"/>
</kw>
<var name="${key}">login</var>
<status status="PASS" start="2024-07-19T18:20:09.953366" elapsed="0.001739"/>
</iter>
<var>${key}</var>
<value>@{expected_keys}</value>
<status status="PASS" start="2024-07-19T18:20:09.945095" elapsed="0.010128"/>
</for>
<kw name="Create List" owner="BuiltIn">
<msg time="2024-07-19T18:20:09.955592" level="INFO">${expected_keysTwo} = ['username', 'password']</msg>
<var>${expected_keysTwo}</var>
<arg>username</arg>
<arg>password</arg>
<doc>Returns a list containing given items.</doc>
<status status="PASS" start="2024-07-19T18:20:09.955419" elapsed="0.000197"/>
</kw>
<for flavor="IN">
<iter>
<kw name="Dictionary Should Contain Key" owner="Collections">
<arg>${json_data['results'][0]['login']}</arg>
<arg>${keyTwo}</arg>
<doc>Fails if ``key`` is not found from ``dictionary``.</doc>
<status status="PASS" start="2024-07-19T18:20:09.956150" elapsed="0.000381"/>
</kw>
<kw name="Dictionary Should Contain Key" owner="Collections">
<arg>${json_data['results'][0]['login']}</arg>
<arg>${keyTwo}</arg>
<doc>Fails if ``key`` is not found from ``dictionary``.</doc>
<status status="PASS" start="2024-07-19T18:20:09.956714" elapsed="0.000377"/>
</kw>
<kw name="Log" owner="BuiltIn">
<msg time="2024-07-19T18:20:09.957387" level="INFO">username</msg>
<arg>${keyTwo}</arg>
<doc>Logs the given message with the given level.</doc>
<status status="PASS" start="2024-07-19T18:20:09.957270" elapsed="0.000155"/>
</kw>
<var name="${keyTwo}">username</var>
<status status="PASS" start="2024-07-19T18:20:09.956041" elapsed="0.001606"/>
</iter>
<iter>
<kw name="Dictionary Should Contain Key" owner="Collections">
<arg>${json_data['results'][0]['login']}</arg>
<arg>${keyTwo}</arg>
<doc>Fails if ``key`` is not found from ``dictionary``.</doc>
<status status="PASS" start="2024-07-19T18:20:09.957933" elapsed="0.000373"/>
</kw>
<kw name="Dictionary Should Contain Key" owner="Collections">
<arg>${json_data['results'][0]['login']}</arg>
<arg>${keyTwo}</arg>
<doc>Fails if ``key`` is not found from ``dictionary``.</doc>
<status status="PASS" start="2024-07-19T18:20:09.958483" elapsed="0.000373"/>
</kw>
<kw name="Log" owner="BuiltIn">
<msg time="2024-07-19T18:20:09.959158" level="INFO">password</msg>
<arg>${keyTwo}</arg>
<doc>Logs the given message with the given level.</doc>
<status status="PASS" start="2024-07-19T18:20:09.959031" elapsed="0.000188"/>
</kw>
<var name="${keyTwo}">password</var>
<status status="PASS" start="2024-07-19T18:20:09.957820" elapsed="0.001656"/>
</iter>
<var>${keyTwo}</var>
<value>@{expected_keysTwo}</value>
<status status="PASS" start="2024-07-19T18:20:09.955858" elapsed="0.003739"/>
</for>
<status status="PASS" start="2024-07-19T18:20:09.839136" elapsed="0.120605"/>
</kw>
<doc>Testa a estrutura da resposta da API.</doc>
<tag>testeEstruturaResposta</tag>
<status status="PASS" start="2024-07-19T18:20:09.838520" elapsed="0.121415"/>
</test>
<test id="s1-s1-t4" name="Validar tipos de dados" line="28">
<kw name="Teste de Tipos de Dados" owner="random-user-service">
<kw name="GET On Session" owner="RequestsLibrary">
<msg time="2024-07-19T18:20:10.080971" level="INFO">GET Request : url=https://randomuser.me/api 
 path_url=/api 
 headers={'User-Agent': 'python-requests/2.32.3', 'Accept-Encoding': 'gzip, deflate', 'Accept': '*/*', 'Connection': 'keep-alive'} 
 body=None 
 </msg>
<msg time="2024-07-19T18:20:10.081076" level="INFO">GET Response : url=https://randomuser.me/api 
 status=200, reason=OK 
 headers={'Date': 'Fri, 19 Jul 2024 18:20:10 GMT', 'Content-Type': 'application/json; charset=utf-8', 'Transfer-Encoding': 'chunked', 'Connection': 'keep-alive', 'X-Powered-By': 'Express', 'Access-Control-Allow-Origin': '*', 'Cache-Control': 'no-cache', 'ETag': 'W/"489-+ltmbKMztzt/X4gP+yXf+LKr8MU"', 'Vary': 'Accept-Encoding', 'Content-Encoding': 'gzip', 'CF-Cache-Status': 'DYNAMIC', 'Report-To': '{"endpoints":[{"url":"https:\\/\\/a.nel.cloudflare.com\\/report\\/v4?s=4Ji%2FkIjkpuYdd2AdK0f%2Fl8y61za8Fno9eruGd%2BJsQlCQApvuE2hNTHrLq3uZwc6%2B0aXBOzSYfc%2BwrAYFmtHcw2CdaBeSDAZYFOhSLTM4ELEOKI1%2Bq7Y5s0N21belF9r4"}],"group":"cf-nel","max_age":604800}', 'NEL': '{"success_fraction":0,"report_to":"cf-nel","max_age":604800}', 'Server': 'cloudflare', 'CF-RAY': '8a5cb9524fd4e254-ORD', 'alt-svc': 'h3=":443"; ma=86400'} 
 body={"results":[{"gender":"male","name":{"title":"Mr","first":"Riley","last":"Turner"},"location":{"street":{"number":7072,"name":"Atkinson Avenue"},"city":"Rotorua","state":"Gisborne","country":"New Zealand","postcode":16507,"coordinates":{"latitude":"47.1870","longitude":"-112.8266"},"timezone":{"offset":"+11:00","description":"Magadan, Solomon Islands, New Caledonia"}},"email":"riley.turner@example.com","login":{"uuid":"dcfb0b31-bbab-4289-a7ae-524076dde1cf","username":"redtiger397","password":"integra","salt":"TRPRkGKl","md5":"59798d151a8324627b8fb5bfbe22fb78","sha1":"d1c781c62ddcf750643d5731e5a3e949d2c7665a","sha256":"49e7340c99647d28bf869323158e12e1dac72f81639975ea7daa4e22d5c4fc40"},"dob":{"date":"1954-02-01T17:14:45.896Z","age":70},"registered":{"date":"2008-04-24T00:34:43.364Z","age":16},"phone":"(438)-880-7958","cell":"(312)-301-3729","id":{"name":"","value":null},"picture":{"large":"https://randomuser.me/api/portraits/men/1.jpg","medium":"https://randomuser.me/api/portraits/med/men/1.jpg","thumbnail":"https://randomuser.me/api/portraits/thumb/men/1.jpg"},"nat":"NZ"}],"info":{"seed":"0b84c9a6e02eabc9","results":1,"page":1,"version":"1.4"}} 
 </msg>
<msg time="2024-07-19T18:20:10.081155" level="INFO">/opt/hostedtoolcache/Python/3.12.4/x64/lib/python3.12/site-packages/urllib3/connectionpool.py:1099: InsecureRequestWarning: Unverified HTTPS request is being made to host 'randomuser.me'. Adding certificate verification is strongly advised. See: https://urllib3.readthedocs.io/en/latest/advanced-usage.html#tls-warnings
  warnings.warn(</msg>
<msg time="2024-07-19T18:20:10.081285" level="INFO">${response} = &lt;Response [200]&gt;</msg>
<var>${response}</var>
<arg>consultarAPI</arg>
<arg>/api</arg>
<doc>Sends a GET request on a previously created HTTP Session.</doc>
<status status="PASS" start="2024-07-19T18:20:09.962666" elapsed="0.118660"/>
</kw>
<kw name="Set Variable" owner="BuiltIn">
<msg time="2024-07-19T18:20:10.082611" level="INFO">${json_data} = {'results': [{'gender': 'male', 'name': {'title': 'Mr', 'first': 'Riley', 'last': 'Turner'}, 'location': {'street': {'number': 7072, 'name': 'Atkinson Avenue'}, 'city': 'Rotorua', 'state': 'Gisborne',...</msg>
<var>${json_data}</var>
<arg>${response.json()}</arg>
<doc>Returns the given values which can then be assigned to a variables.</doc>
<status status="PASS" start="2024-07-19T18:20:10.081997" elapsed="0.000643"/>
</kw>
<kw name="Log" owner="BuiltIn">
<msg time="2024-07-19T18:20:10.083115" level="INFO">{'results': [{'gender': 'male', 'name': {'title': 'Mr', 'first': 'Riley', 'last': 'Turner'}, 'location': {'street': {'number': 7072, 'name': 'Atkinson Avenue'}, 'city': 'Rotorua', 'state': 'Gisborne', 'country': 'New Zealand', 'postcode': 16507, 'coordinates': {'latitude': '47.1870', 'longitude': '-112.8266'}, 'timezone': {'offset': '+11:00', 'description': 'Magadan, Solomon Islands, New Caledonia'}}, 'email': 'riley.turner@example.com', 'login': {'uuid': 'dcfb0b31-bbab-4289-a7ae-524076dde1cf', 'username': 'redtiger397', 'password': 'integra', 'salt': 'TRPRkGKl', 'md5': '59798d151a8324627b8fb5bfbe22fb78', 'sha1': 'd1c781c62ddcf750643d5731e5a3e949d2c7665a', 'sha256': '49e7340c99647d28bf869323158e12e1dac72f81639975ea7daa4e22d5c4fc40'}, 'dob': {'date': '1954-02-01T17:14:45.896Z', 'age': 70}, 'registered': {'date': '2008-04-24T00:34:43.364Z', 'age': 16}, 'phone': '(438)-880-7958', 'cell': '(312)-301-3729', 'id': {'name': '', 'value': None}, 'picture': {'large': 'https://randomuser.me/api/portraits/men/1.jpg', 'medium': 'https://randomuser.me/api/portraits/med/men/1.jpg', 'thumbnail': 'https://randomuser.me/api/portraits/thumb/men/1.jpg'}, 'nat': 'NZ'}], 'info': {'seed': '0b84c9a6e02eabc9', 'results': 1, 'page': 1, 'version': '1.4'}}</msg>
<arg>${json_data}</arg>
<doc>Logs the given message with the given level.</doc>
<status status="PASS" start="2024-07-19T18:20:10.082958" elapsed="0.000206"/>
</kw>
<kw name="Should Be String" owner="String">
<arg>${json_data['results'][0]['gender']}</arg>
<doc>Fails if the given ``item`` is not a string.</doc>
<status status="PASS" start="2024-07-19T18:20:10.083464" elapsed="0.000371"/>
</kw>
<kw name="Should Match Regexp" owner="BuiltIn">
<arg>${json_data['results'][0]['email']}</arg>
<arg>^[a-zA-Z0-9._%+-]+@[a-zA-Z0-9.-]+\.[a-zA-Z]{2,}$</arg>
<doc>Fails if ``string`` does not match ``pattern`` as a regular expression.</doc>
<status status="PASS" start="2024-07-19T18:20:10.084074" elapsed="0.000578"/>
</kw>
<kw name="Should Match Regexp" owner="BuiltIn">
<arg>${json_data['results'][0]['dob']['date']}</arg>
<arg>\\d{4}-\\d{2}-\\d{2}T\\d{2}:\\d{2}:\\d{2}\\.\\d{3}Z</arg>
<doc>Fails if ``string`` does not match ``pattern`` as a regular expression.</doc>
<status status="PASS" start="2024-07-19T18:20:10.084853" elapsed="0.000643"/>
</kw>
<kw name="Should Match Regexp" owner="BuiltIn">
<arg>${json_data['results'][0]['registered']['date']}</arg>
<arg>\\d{4}-\\d{2}-\\d{2}T\\d{2}:\\d{2}:\\d{2}\\.\\d{3}Z</arg>
<doc>Fails if ``string`` does not match ``pattern`` as a regular expression.</doc>
<status status="PASS" start="2024-07-19T18:20:10.085690" elapsed="0.000373"/>
</kw>
<kw name="Should Match Regexp" owner="BuiltIn">
<arg>${json_data['results'][0]['picture']['large']}</arg>
<arg>^https?://.*\.(?:png|jpe?g|gif|bmp)$</arg>
<doc>Fails if ``string`` does not match ``pattern`` as a regular expression.</doc>
<status status="PASS" start="2024-07-19T18:20:10.086251" elapsed="0.000459"/>
</kw>
<kw name="Should Match Regexp" owner="BuiltIn">
<arg>${json_data['results'][0]['picture']['medium']}</arg>
<arg>^https?://.*\.(?:png|jpe?g|gif|bmp)$</arg>
<doc>Fails if ``string`` does not match ``pattern`` as a regular expression.</doc>
<status status="PASS" start="2024-07-19T18:20:10.086898" elapsed="0.000352"/>
</kw>
<kw name="Should Match Regexp" owner="BuiltIn">
<arg>${json_data['results'][0]['picture']['thumbnail']}</arg>
<arg>^https?://.*\.(?:png|jpe?g|gif|bmp)$</arg>
<doc>Fails if ``string`` does not match ``pattern`` as a regular expression.</doc>
<status status="PASS" start="2024-07-19T18:20:10.087437" elapsed="0.000361"/>
</kw>
<kw name="Log" owner="BuiltIn">
<msg time="2024-07-19T18:20:10.088352" level="INFO">{'large': 'https://randomuser.me/api/portraits/men/1.jpg', 'medium': 'https://randomuser.me/api/portraits/med/men/1.jpg', 'thumbnail': 'https://randomuser.me/api/portraits/thumb/men/1.jpg'}</msg>
<arg>${json_data['results'][0]['picture']}</arg>
<doc>Logs the given message with the given level.</doc>
<status status="PASS" start="2024-07-19T18:20:10.088016" elapsed="0.000379"/>
</kw>
<status status="PASS" start="2024-07-19T18:20:09.962422" elapsed="0.126235"/>
</kw>
<kw name="Teste de Tipos de Dados - Postcode" owner="random-user-service">
<kw name="GET On Session" owner="RequestsLibrary">
<msg time="2024-07-19T18:20:10.137865" level="INFO">GET Request : url=https://randomuser.me/api 
 path_url=/api 
 headers={'User-Agent': 'python-requests/2.32.3', 'Accept-Encoding': 'gzip, deflate', 'Accept': '*/*', 'Connection': 'keep-alive'} 
 body=None 
 </msg>
<msg time="2024-07-19T18:20:10.137965" level="INFO">GET Response : url=https://randomuser.me/api 
 status=200, reason=OK 
 headers={'Date': 'Fri, 19 Jul 2024 18:20:10 GMT', 'Content-Type': 'application/json; charset=utf-8', 'Transfer-Encoding': 'chunked', 'Connection': 'keep-alive', 'X-Powered-By': 'Express', 'Access-Control-Allow-Origin': '*', 'Cache-Control': 'no-cache', 'ETag': 'W/"499-sNfUh38GBJiIMcS1ioswl18SkGE"', 'Vary': 'Accept-Encoding', 'Content-Encoding': 'gzip', 'CF-Cache-Status': 'DYNAMIC', 'Report-To': '{"endpoints":[{"url":"https:\\/\\/a.nel.cloudflare.com\\/report\\/v4?s=lG3gr8f%2F%2F7Qa8sQdw0rOepO7O1OLATjv8wirLjzqnoqSN%2FdVxYgogrJ3XMjC3p%2Bg2IXvZjtN%2Fy%2BNW3yP4FOnk8CNW%2Bck5lNEvTOFxorE1hXNDb8tYXUoI0TZswlJ9ii0"}],"group":"cf-nel","max_age":604800}', 'NEL': '{"success_fraction":0,"report_to":"cf-nel","max_age":604800}', 'Server': 'cloudflare', 'CF-RAY': '8a5cb95318bce254-ORD', 'alt-svc': 'h3=":443"; ma=86400'} 
 body={"results":[{"gender":"male","name":{"title":"Mr","first":"Dhiraj","last":"Prajapati"},"location":{"street":{"number":3452,"name":"Dadabhai Naoroji Rd"},"city":"Phagwara","state":"Mizoram","country":"India","postcode":97274,"coordinates":{"latitude":"6.8452","longitude":"-6.4786"},"timezone":{"offset":"+9:00","description":"Tokyo, Seoul, Osaka, Sapporo, Yakutsk"}},"email":"dhiraj.prajapati@example.com","login":{"uuid":"5bd54baf-d4ed-4b36-a2db-1a1b2323a212","username":"ticklishpanda183","password":"blueblue","salt":"3q6YRpx5","md5":"6967af2b6cb31218a6c09fcad653b96d","sha1":"cbb313282d3a321b1f2e1ab8c8082db044775618","sha256":"b668109245dcc4f0fe05460aa8a22cebacc475364d54b88ee2e625ca61d5a015"},"dob":{"date":"1983-07-22T06:03:56.586Z","age":40},"registered":{"date":"2004-09-16T23:41:37.767Z","age":19},"phone":"7211610185","cell":"8128807645","id":{"name":"UIDAI","value":"656487382953"},"picture":{"large":"https://randomuser.me/api/portraits/men/71.jpg","medium":"https://randomuser.me/api/portraits/med/men/71.jpg","thumbnail":"https://randomuser.me/api/portraits/thumb/men/71.jpg"},"nat":"IN"}],"info":{"seed":"e13cb01dbce43abf","results":1,"page":1,"version":"1.4"}} 
 </msg>
<msg time="2024-07-19T18:20:10.138038" level="INFO">/opt/hostedtoolcache/Python/3.12.4/x64/lib/python3.12/site-packages/urllib3/connectionpool.py:1099: InsecureRequestWarning: Unverified HTTPS request is being made to host 'randomuser.me'. Adding certificate verification is strongly advised. See: https://urllib3.readthedocs.io/en/latest/advanced-usage.html#tls-warnings
  warnings.warn(</msg>
<msg time="2024-07-19T18:20:10.138160" level="INFO">${response} = &lt;Response [200]&gt;</msg>
<var>${response}</var>
<arg>consultarAPI</arg>
<arg>/api</arg>
<doc>Sends a GET request on a previously created HTTP Session.</doc>
<status status="PASS" start="2024-07-19T18:20:10.089119" elapsed="0.049082"/>
</kw>
<kw name="Set Variable" owner="BuiltIn">
<msg time="2024-07-19T18:20:10.139464" level="INFO">${json_data} = {'results': [{'gender': 'male', 'name': {'title': 'Mr', 'first': 'Dhiraj', 'last': 'Prajapati'}, 'location': {'street': {'number': 3452, 'name': 'Dadabhai Naoroji Rd'}, 'city': 'Phagwara', 'state': 'M...</msg>
<var>${json_data}</var>
<arg>${response.json()}</arg>
<doc>Returns the given values which can then be assigned to a variables.</doc>
<status status="PASS" start="2024-07-19T18:20:10.138854" elapsed="0.000639"/>
</kw>
<kw name="Log" owner="BuiltIn">
<msg time="2024-07-19T18:20:10.140002" level="INFO">{'results': [{'gender': 'male', 'name': {'title': 'Mr', 'first': 'Dhiraj', 'last': 'Prajapati'}, 'location': {'street': {'number': 3452, 'name': 'Dadabhai Naoroji Rd'}, 'city': 'Phagwara', 'state': 'Mizoram', 'country': 'India', 'postcode': 97274, 'coordinates': {'latitude': '6.8452', 'longitude': '-6.4786'}, 'timezone': {'offset': '+9:00', 'description': 'Tokyo, Seoul, Osaka, Sapporo, Yakutsk'}}, 'email': 'dhiraj.prajapati@example.com', 'login': {'uuid': '5bd54baf-d4ed-4b36-a2db-1a1b2323a212', 'username': 'ticklishpanda183', 'password': 'blueblue', 'salt': '3q6YRpx5', 'md5': '6967af2b6cb31218a6c09fcad653b96d', 'sha1': 'cbb313282d3a321b1f2e1ab8c8082db044775618', 'sha256': 'b668109245dcc4f0fe05460aa8a22cebacc475364d54b88ee2e625ca61d5a015'}, 'dob': {'date': '1983-07-22T06:03:56.586Z', 'age': 40}, 'registered': {'date': '2004-09-16T23:41:37.767Z', 'age': 19}, 'phone': '7211610185', 'cell': '8128807645', 'id': {'name': 'UIDAI', 'value': '656487382953'}, 'picture': {'large': 'https://randomuser.me/api/portraits/men/71.jpg', 'medium': 'https://randomuser.me/api/portraits/med/men/71.jpg', 'thumbnail': 'https://randomuser.me/api/portraits/thumb/men/71.jpg'}, 'nat': 'IN'}], 'info': {'seed': 'e13cb01dbce43abf', 'results': 1, 'page': 1, 'version': '1.4'}}</msg>
<arg>${json_data}</arg>
<doc>Logs the given message with the given level.</doc>
<status status="PASS" start="2024-07-19T18:20:10.139802" elapsed="0.000250"/>
</kw>
<kw name="Should Be Equal As Numbers" owner="BuiltIn">
<arg>${json_data['results'][0]['location']['postcode']}</arg>
<arg>${json_data['results'][0]['location']['postcode']}</arg>
<doc>Fails if objects are unequal after converting them to real numbers.</doc>
<status status="PASS" start="2024-07-19T18:20:10.140359" elapsed="0.000621"/>
</kw>
<kw name="Log" owner="BuiltIn">
<msg time="2024-07-19T18:20:10.141507" level="INFO">97274</msg>
<arg>${json_data['results'][0]['location']['postcode']}</arg>
<doc>Logs the given message with the given level.</doc>
<status status="PASS" start="2024-07-19T18:20:10.141175" elapsed="0.000409"/>
</kw>
<status status="PASS" start="2024-07-19T18:20:10.088887" elapsed="0.052955"/>
</kw>
<doc>Testa se os tipos de dados na resposta da API estão corretos.</doc>
<tag>testeTiposDados</tag>
<status status="PASS" start="2024-07-19T18:20:09.961813" elapsed="0.180203"/>
</test>
<test id="s1-s1-t5" name="Validar conteudo" line="35">
<kw name="Teste de Tipos de Conteudo" owner="random-user-service">
<kw name="GET On Session" owner="RequestsLibrary">
<msg time="2024-07-19T18:20:10.242468" level="INFO">GET Request : url=https://randomuser.me/api 
 path_url=/api 
 headers={'User-Agent': 'python-requests/2.32.3', 'Accept-Encoding': 'gzip, deflate', 'Accept': '*/*', 'Connection': 'keep-alive'} 
 body=None 
 </msg>
<msg time="2024-07-19T18:20:10.242584" level="INFO">GET Response : url=https://randomuser.me/api 
 status=200, reason=OK 
 headers={'Date': 'Fri, 19 Jul 2024 18:20:10 GMT', 'Content-Type': 'application/json; charset=utf-8', 'Transfer-Encoding': 'chunked', 'Connection': 'keep-alive', 'X-Powered-By': 'Express', 'Access-Control-Allow-Origin': '*', 'Cache-Control': 'no-cache', 'ETag': 'W/"48e-Q9IcTaT33h/FeKV54nWMONf5R2M"', 'Vary': 'Accept-Encoding', 'Content-Encoding': 'gzip', 'CF-Cache-Status': 'DYNAMIC', 'Report-To': '{"endpoints":[{"url":"https:\\/\\/a.nel.cloudflare.com\\/report\\/v4?s=9mdO5XI3v%2B0kvJ0WF40WeaiJUfj0TsfpKX1dLeRcmNHITD2d%2FccoDE1a0Xrsva%2FQmVfvC61W3vDeLKaSi7IzSImpTMZyru4IzpN0M1KQCdYeBUNEGOgCKrZqsXPm%2Fug2"}],"group":"cf-nel","max_age":604800}', 'NEL': '{"success_fraction":0,"report_to":"cf-nel","max_age":604800}', 'Server': 'cloudflare', 'CF-RAY': '8a5cb9536923e254-ORD', 'alt-svc': 'h3=":443"; ma=86400'} 
 body={"results":[{"gender":"male","name":{"title":"Mr","first":"Seger","last":"Waaijer"},"location":{"street":{"number":5399,"name":"Adjudant H.P. Kosterstraat"},"city":"Ijzerlo","state":"Drenthe","country":"Netherlands","postcode":"5323 TT","coordinates":{"latitude":"31.6888","longitude":"-167.8107"},"timezone":{"offset":"+6:00","description":"Almaty, Dhaka, Colombo"}},"email":"seger.waaijer@example.com","login":{"uuid":"dfc80617-6dbb-40c7-96ba-4089607dbf01","username":"redmouse339","password":"hand","salt":"AZTRdXBv","md5":"ecb1de8b912d4062ff7db82e5acb90df","sha1":"ca22ff40b0d3f2d4ff2fea2da6c5d0a3a43a2c71","sha256":"051db2c19da80b868f41316198bededc99d1e3810a545f9db29c0fbc29c2c155"},"dob":{"date":"1947-12-04T03:39:11.582Z","age":76},"registered":{"date":"2013-04-06T21:42:58.470Z","age":11},"phone":"(030) 4879015","cell":"(06) 04258537","id":{"name":"BSN","value":"65459379"},"picture":{"large":"https://randomuser.me/api/portraits/men/58.jpg","medium":"https://randomuser.me/api/portraits/med/men/58.jpg","thumbnail":"https://randomuser.me/api/portraits/thumb/men/58.jpg"},"nat":"NL"}],"info":{"seed":"d3f025e806cbba1a","results":1,"page":1,"version":"1.4"}} 
 </msg>
<msg time="2024-07-19T18:20:10.242672" level="INFO">/opt/hostedtoolcache/Python/3.12.4/x64/lib/python3.12/site-packages/urllib3/connectionpool.py:1099: InsecureRequestWarning: Unverified HTTPS request is being made to host 'randomuser.me'. Adding certificate verification is strongly advised. See: https://urllib3.readthedocs.io/en/latest/advanced-usage.html#tls-warnings
  warnings.warn(</msg>
<msg time="2024-07-19T18:20:10.242819" level="INFO">${response} = &lt;Response [200]&gt;</msg>
<var>${response}</var>
<arg>consultarAPI</arg>
<arg>/api</arg>
<doc>Sends a GET request on a previously created HTTP Session.</doc>
<status status="PASS" start="2024-07-19T18:20:10.144623" elapsed="0.098245"/>
</kw>
<kw name="Set Variable" owner="BuiltIn">
<msg time="2024-07-19T18:20:10.244282" level="INFO">${json_data} = {'results': [{'gender': 'male', 'name': {'title': 'Mr', 'first': 'Seger', 'last': 'Waaijer'}, 'location': {'street': {'number': 5399, 'name': 'Adjudant H.P. Kosterstraat'}, 'city': 'Ijzerlo', 'state':...</msg>
<var>${json_data}</var>
<arg>${response.json()}</arg>
<doc>Returns the given values which can then be assigned to a variables.</doc>
<status status="PASS" start="2024-07-19T18:20:10.243576" elapsed="0.000737"/>
</kw>
<kw name="Set Variable" owner="BuiltIn">
<msg time="2024-07-19T18:20:10.245031" level="INFO">${name_title} = Mr</msg>
<var>${name_title}</var>
<arg>${json_data["results"][0]["name"]["title"]}</arg>
<doc>Returns the given values which can then be assigned to a variables.</doc>
<status status="PASS" start="2024-07-19T18:20:10.244634" elapsed="0.000422"/>
</kw>
<kw name="Create List" owner="BuiltIn">
<msg time="2024-07-19T18:20:10.245502" level="INFO">${allowed_titles} = ['Mr', 'Ms', 'Miss', 'Mrs', 'Madame', 'Monsieur']</msg>
<var>${allowed_titles}</var>
<arg>Mr</arg>
<arg>Ms</arg>
<arg>Miss</arg>
<arg>Mrs</arg>
<arg>Madame</arg>
<arg>Monsieur</arg>
<doc>Returns a list containing given items.</doc>
<status status="PASS" start="2024-07-19T18:20:10.245356" elapsed="0.000170"/>
</kw>
<kw name="List Should Contain Value" owner="Collections">
<arg>${allowed_titles}</arg>
<arg>${name_title}</arg>
<doc>Fails if the ``value`` is not found from ``list``.</doc>
<status status="PASS" start="2024-07-19T18:20:10.245820" elapsed="0.000176"/>
</kw>
<kw name="Set Variable" owner="BuiltIn">
<msg time="2024-07-19T18:20:10.246556" level="INFO">${name_country} = NL</msg>
<var>${name_country}</var>
<arg>${json_data["results"][0]["nat"]}</arg>
<doc>Returns the given values which can then be assigned to a variables.</doc>
<status status="PASS" start="2024-07-19T18:20:10.246180" elapsed="0.000401"/>
</kw>
<kw name="Create List" owner="BuiltIn">
<msg time="2024-07-19T18:20:10.247457" level="INFO">${list_country} = ['AD', 'AE', 'AF', 'AG', 'AI', 'AL', 'AM', 'AO', 'AQ', 'AR', 'AS', 'AT', 'AU', 'AW', 'AX', 'AZ', 'BA', 'BB', 'BD', 'BE', 'BF', 'BG', 'BH', 'BI', 'BJ', 'BL', 'BM', 'BN', 'BO', 'BQ', 'BR', 'BS', 'BT', '...</msg>
<var>${list_country}</var>
<arg>AD</arg>
<arg>AE</arg>
<arg>AF</arg>
<arg>AG</arg>
<arg>AI</arg>
<arg>AL</arg>
<arg>AM</arg>
<arg>AO</arg>
<arg>AQ</arg>
<arg>AR</arg>
<arg>AS</arg>
<arg>AT</arg>
<arg>AU</arg>
<arg>AW</arg>
<arg>AX</arg>
<arg>AZ</arg>
<arg>BA</arg>
<arg>BB</arg>
<arg>BD</arg>
<arg>BE</arg>
<arg>BF</arg>
<arg>BG</arg>
<arg>BH</arg>
<arg>BI</arg>
<arg>BJ</arg>
<arg>BL</arg>
<arg>BM</arg>
<arg>BN</arg>
<arg>BO</arg>
<arg>BQ</arg>
<arg>BR</arg>
<arg>BS</arg>
<arg>BT</arg>
<arg>BV</arg>
<arg>BW</arg>
<arg>BY</arg>
<arg>BZ</arg>
<arg>CA</arg>
<arg>CC</arg>
<arg>CD</arg>
<arg>CF</arg>
<arg>CG</arg>
<arg>CH</arg>
<arg>CI</arg>
<arg>CK</arg>
<arg>CL</arg>
<arg>CM</arg>
<arg>CN</arg>
<arg>CO</arg>
<arg>CR</arg>
<arg>CU</arg>
<arg>CV</arg>
<arg>CW</arg>
<arg>CX</arg>
<arg>CY</arg>
<arg>CZ</arg>
<arg>DE</arg>
<arg>DJ</arg>
<arg>DK</arg>
<arg>DM</arg>
<arg>DO</arg>
<arg>DZ</arg>
<arg>EC</arg>
<arg>EE</arg>
<arg>EG</arg>
<arg>EH</arg>
<arg>ER</arg>
<arg>ES</arg>
<arg>ET</arg>
<arg>FI</arg>
<arg>FJ</arg>
<arg>FK</arg>
<arg>FM</arg>
<arg>FO</arg>
<arg>FR</arg>
<arg>GA</arg>
<arg>GB</arg>
<arg>GD</arg>
<arg>GE</arg>
<arg>GF</arg>
<arg>GG</arg>
<arg>GH</arg>
<arg>GI</arg>
<arg>GL</arg>
<arg>GM</arg>
<arg>GN</arg>
<arg>GP</arg>
<arg>GQ</arg>
<arg>GR</arg>
<arg>GS</arg>
<arg>GT</arg>
<arg>GU</arg>
<arg>GW</arg>
<arg>GY</arg>
<arg>HK</arg>
<arg>HM</arg>
<arg>HN</arg>
<arg>HR</arg>
<arg>HT</arg>
<arg>HU</arg>
<arg>ID</arg>
<arg>IE</arg>
<arg>IL</arg>
<arg>IM</arg>
<arg>IN</arg>
<arg>IO</arg>
<arg>IQ</arg>
<arg>IR</arg>
<arg>IS</arg>
<arg>IT</arg>
<arg>JE</arg>
<arg>JM</arg>
<arg>JO</arg>
<arg>JP</arg>
<arg>KE</arg>
<arg>KG</arg>
<arg>KH</arg>
<arg>KI</arg>
<arg>KM</arg>
<arg>KN</arg>
<arg>KP</arg>
<arg>KR</arg>
<arg>KW</arg>
<arg>KY</arg>
<arg>KZ</arg>
<arg>LA</arg>
<arg>LB</arg>
<arg>LC</arg>
<arg>LI</arg>
<arg>LK</arg>
<arg>LR</arg>
<arg>LS</arg>
<arg>LT</arg>
<arg>LU</arg>
<arg>LV</arg>
<arg>LY</arg>
<arg>MA</arg>
<arg>MC</arg>
<arg>MD</arg>
<arg>ME</arg>
<arg>MF</arg>
<arg>MG</arg>
<arg>MH</arg>
<arg>MK</arg>
<arg>ML</arg>
<arg>MM</arg>
<arg>MN</arg>
<arg>MO</arg>
<arg>MP</arg>
<arg>MQ</arg>
<arg>MR</arg>
<arg>MS</arg>
<arg>MT</arg>
<arg>MU</arg>
<arg>MV</arg>
<arg>MW</arg>
<arg>MX</arg>
<arg>MY</arg>
<arg>MZ</arg>
<arg>NA</arg>
<arg>NC</arg>
<arg>NE</arg>
<arg>NF</arg>
<arg>NG</arg>
<arg>NI</arg>
<arg>NL</arg>
<arg>NO</arg>
<arg>NP</arg>
<arg>NR</arg>
<arg>NU</arg>
<arg>NZ</arg>
<arg>OM</arg>
<arg>PA</arg>
<arg>PE</arg>
<arg>PF</arg>
<arg>PG</arg>
<arg>PH</arg>
<arg>PK</arg>
<arg>PL</arg>
<arg>PM</arg>
<arg>PN</arg>
<arg>PR</arg>
<arg>PS</arg>
<arg>PT</arg>
<arg>PW</arg>
<arg>PY</arg>
<arg>QA</arg>
<arg>RE</arg>
<arg>RO</arg>
<arg>RS</arg>
<arg>RU</arg>
<arg>RW</arg>
<arg>SA</arg>
<arg>SB</arg>
<arg>SC</arg>
<arg>SD</arg>
<arg>SE</arg>
<arg>SG</arg>
<arg>SH</arg>
<arg>SI</arg>
<arg>SJ</arg>
<arg>SK</arg>
<arg>SL</arg>
<arg>SM</arg>
<arg>SN</arg>
<arg>SO</arg>
<arg>SR</arg>
<arg>SS</arg>
<arg>ST</arg>
<arg>SV</arg>
<arg>SX</arg>
<arg>SY</arg>
<arg>SZ</arg>
<arg>TC</arg>
<arg>TD</arg>
<arg>TF</arg>
<arg>TG</arg>
<arg>TH</arg>
<arg>TJ</arg>
<arg>TK</arg>
<arg>TL</arg>
<arg>TM</arg>
<arg>TN</arg>
<arg>TO</arg>
<arg>TR</arg>
<arg>TT</arg>
<arg>TV</arg>
<arg>TW</arg>
<arg>TZ</arg>
<arg>UA</arg>
<arg>UG</arg>
<arg>UM</arg>
<arg>US</arg>
<arg>UY</arg>
<arg>UZ</arg>
<arg>VA</arg>
<arg>VC</arg>
<arg>VE</arg>
<arg>VG</arg>
<arg>VI</arg>
<arg>VN</arg>
<arg>VU</arg>
<arg>WF</arg>
<arg>WS</arg>
<arg>XK</arg>
<arg>YE</arg>
<arg>YT</arg>
<arg>ZA</arg>
<arg>ZM</arg>
<arg>ZW</arg>
<doc>Returns a list containing given items.</doc>
<status status="PASS" start="2024-07-19T18:20:10.246871" elapsed="0.000612"/>
</kw>
<kw name="List Should Contain Value" owner="Collections">
<arg>${list_country}</arg>
<arg>${name_country}</arg>
<doc>Fails if the ``value`` is not found from ``list``.</doc>
<status status="PASS" start="2024-07-19T18:20:10.248501" elapsed="0.000210"/>
</kw>
<kw name="Run Keyword If" owner="BuiltIn">
<kw name="Should Be True" owner="BuiltIn">
<arg>${True}</arg>
<doc>Fails if the given condition is not true.</doc>
<status status="PASS" start="2024-07-19T18:20:10.249651" elapsed="0.000141"/>
</kw>
<arg>${json_data["results"][0]["location"]["coordinates"]["latitude"]} &gt;= -90 and ${json_data["results"][0]["location"]["coordinates"]["latitude"]} &lt;= 90</arg>
<arg>Should Be True</arg>
<arg>${True}</arg>
<doc>Runs the given keyword with the given arguments, if ``condition`` is true.</doc>
<status status="PASS" start="2024-07-19T18:20:10.248914" elapsed="0.001002"/>
</kw>
<kw name="Run Keyword If" owner="BuiltIn">
<kw name="Should Be True" owner="BuiltIn">
<arg>${True}</arg>
<doc>Fails if the given condition is not true.</doc>
<status status="PASS" start="2024-07-19T18:20:10.250780" elapsed="0.000134"/>
</kw>
<arg>${json_data["results"][0]["location"]["coordinates"]["longitude"]} &gt;= -180 and ${json_data["results"][0]["location"]["coordinates"]["longitude"]} &lt;= 180</arg>
<arg>Should Be True</arg>
<arg>${True}</arg>
<doc>Runs the given keyword with the given arguments, if ``condition`` is true.</doc>
<status status="PASS" start="2024-07-19T18:20:10.250099" elapsed="0.000938"/>
</kw>
<status status="PASS" start="2024-07-19T18:20:10.144391" elapsed="0.106775"/>
</kw>
<doc>Testa o conteúdo específico dos campos retornados pela API.</doc>
<tag>testeConteudo</tag>
<status status="PASS" start="2024-07-19T18:20:10.143804" elapsed="0.107517"/>
</test>
<status status="PASS" start="2024-07-19T18:20:09.268252" elapsed="0.985107"/>
</suite>
<status status="PASS" start="2024-07-19T18:20:09.252331" elapsed="1.006104"/>
</suite>
<statistics>
<total>
<stat pass="5" fail="0" skip="0">All Tests</stat>
</total>
<tag>
<stat pass="1" fail="0" skip="0">testeConteudo</stat>
<stat pass="1" fail="0" skip="0">testeEstruturaResposta</stat>
<stat pass="1" fail="0" skip="0">testeRequisicaoBasica</stat>
<stat pass="1" fail="0" skip="0">testeTiposDados</stat>
</tag>
<suite>
<stat pass="5" fail="0" skip="0" id="s1" name="Tests">Tests</stat>
<stat pass="5" fail="0" skip="0" id="s1-s1" name="Random-User-Test">Tests.Random-User-Test</stat>
</suite>
</statistics>
<errors>
</errors>
</robot>
