<?xml version="1.0" encoding="UTF-8"?>
<robot generator="Robot 7.0 (Python 3.12.3 on linux)" generated="2024-04-28T04:15:49.838092" rpa="false" schemaversion="5">
<suite id="s1" name="Tests" source="/home/runner/work/DesafioQAItauRogerioJordao/DesafioQAItauRogerioJordao/RamdonUser/tests">
<suite id="s1-s1" name="Random-User-Test" source="/home/runner/work/DesafioQAItauRogerioJordao/DesafioQAItauRogerioJordao/RamdonUser/tests/random-user-test.robot">
<test id="s1-s1-t1" name="Conectar" line="13">
<kw name="Conectar API" owner="random-user-service">
<kw name="Create Session" owner="RequestsLibrary">
<msg time="2024-04-28T04:15:50.224935" level="INFO">Creating Session using : alias=consultarAPI, url=https://randomuser.me/, headers={},                     cookies={}, auth=None, timeout=None, proxies=None, verify=False,                     debug=0 </msg>
<arg>consultarAPI</arg>
<arg>${URL}</arg>
<doc>Create Session: create a HTTP session to a server</doc>
<status status="PASS" start="2024-04-28T04:15:50.224683" elapsed="0.000477"/>
</kw>
<status status="PASS" start="2024-04-28T04:15:50.223592" elapsed="0.002005"/>
</kw>
<status status="PASS" start="2024-04-28T04:15:50.222904" elapsed="0.002888"/>
</test>
<test id="s1-s1-t2" name="Validar retorno 200 e JSON Válido" line="16">
<kw name="Teste de Requisicao Basica" owner="random-user-service">
<kw name="GET On Session" owner="RequestsLibrary">
<msg time="2024-04-28T04:15:50.493000" level="INFO">GET Request : url=https://randomuser.me/api 
 path_url=/api 
 headers={'User-Agent': 'python-requests/2.31.0', 'Accept-Encoding': 'gzip, deflate', 'Accept': '*/*', 'Connection': 'keep-alive'} 
 body=None 
 </msg>
<msg time="2024-04-28T04:15:50.493157" level="INFO">GET Response : url=https://randomuser.me/api 
 status=200, reason=OK 
 headers={'Date': 'Sun, 28 Apr 2024 04:15:50 GMT', 'Content-Type': 'application/json; charset=utf-8', 'Transfer-Encoding': 'chunked', 'Connection': 'keep-alive', 'X-Powered-By': 'Express', 'Access-Control-Allow-Origin': '*', 'Cache-Control': 'no-cache', 'ETag': 'W/"497-Q3YglBiUP/ErPOUuq5uFR7yVkYg"', 'Vary': 'Accept-Encoding', 'Content-Encoding': 'gzip', 'CF-Cache-Status': 'DYNAMIC', 'Report-To': '{"endpoints":[{"url":"https:\\/\\/a.nel.cloudflare.com\\/report\\/v4?s=5K8z5SNwh5JnVBAUf8Qz%2Fu90zge%2Bi8hw8OmsD3XXhPcEMclbt%2BP1oV1cVzrV2JToldK%2B%2FJiYO5FFRq35WORzCd4GLN3%2FH8ppqSmQge2qyuY3QA2pfAKn4fyY5kMX3IQU"}],"group":"cf-nel","max_age":604800}', 'NEL': '{"success_fraction":0,"report_to":"cf-nel","max_age":604800}', 'Server': 'cloudflare', 'CF-RAY': '87b43bc43ae67317-ORD', 'alt-svc': 'h3=":443"; ma=86400'} 
 body={"results":[{"gender":"male","name":{"title":"Mr","first":"آرش","last":"نكو نظر"},"location":{"street":{"number":7134,"name":"بلال حبشی"},"city":"بوشهر","state":"خراسان رضوی","country":"Iran","postcode":27320,"coordinates":{"latitude":"20.9680","longitude":"-0.8848"},"timezone":{"offset":"+9:00","description":"Tokyo, Seoul, Osaka, Sapporo, Yakutsk"}},"email":"arsh.nkwnzr@example.com","login":{"uuid":"1beb2443-707e-4813-af6a-0ac7dcef0cd2","username":"happymouse153","password":"xxxxxx1","salt":"BaC5Gfmk","md5":"37a37c0732fcd80cd931f271b5452d43","sha1":"1b5e6e607ab88138732d5fe0c8519380f4a11431","sha256":"285b235b9c54ce34d95858bc573e02125d1999cdc866c2fc71b1381f22d5064c"},"dob":{"date":"1982-02-06T10:22:55.777Z","age":42},"registered":{"date":"2017-12-04T01:09:27.757Z","age":6},"phone":"087-99078190","cell":"0997-282-1655","id":{"name":"","value":null},"picture":{"large":"https://randomuser.me/api/portraits/men/47.jpg","medium":"https://randomuser.me/api/portraits/med/men/47.jpg","thumbnail":"https://randomuser.me/api/portraits/thumb/men/47.jpg"},"nat":"IR"}],"info":{"seed":"1da631d10b41f3c5","results":1,"page":1,"version":"1.4"}} 
 </msg>
<msg time="2024-04-28T04:15:50.493244" level="INFO">/opt/hostedtoolcache/Python/3.12.3/x64/lib/python3.12/site-packages/urllib3/connectionpool.py:1103: InsecureRequestWarning: Unverified HTTPS request is being made to host 'randomuser.me'. Adding certificate verification is strongly advised. See: https://urllib3.readthedocs.io/en/latest/advanced-usage.html#tls-warnings
  warnings.warn(</msg>
<msg time="2024-04-28T04:15:50.493417" level="INFO">${response} = &lt;Response [200]&gt;</msg>
<var>${response}</var>
<arg>consultarAPI</arg>
<arg>/api</arg>
<doc>Sends a GET request on a previously created HTTP Session.</doc>
<status status="PASS" start="2024-04-28T04:15:50.230067" elapsed="0.263387"/>
</kw>
<kw name="Should Be Equal As Numbers" owner="BuiltIn">
<msg time="2024-04-28T04:15:50.494456" level="INFO">Argument types are:
&lt;class 'int'&gt;
&lt;class 'str'&gt;</msg>
<arg>${response.status_code}</arg>
<arg>200</arg>
<doc>Fails if objects are unequal after converting them to real numbers.</doc>
<status status="PASS" start="2024-04-28T04:15:50.493997" elapsed="0.000525"/>
</kw>
<kw name="Log" owner="BuiltIn">
<msg time="2024-04-28T04:15:50.495215" level="INFO">200</msg>
<arg>${response.status_code}</arg>
<doc>Logs the given message with the given level.</doc>
<status status="PASS" start="2024-04-28T04:15:50.494871" elapsed="0.000387"/>
</kw>
<kw name="Set Variable" owner="BuiltIn">
<msg time="2024-04-28T04:15:50.496055" level="INFO">${json_data} = {'results': [{'gender': 'male', 'name': {'title': 'Mr', 'first': 'آرش', 'last': 'نكو نظر'}, 'location': {'street': {'number': 7134, 'name': 'بلال حبشی'}, 'city': 'بوشهر', 'state': 'خراسان رضوی', 'coun...</msg>
<var>${json_data}</var>
<arg>${response.json()}</arg>
<doc>Returns the given values which can then be assigned to a variables.</doc>
<status status="PASS" start="2024-04-28T04:15:50.495599" elapsed="0.000486"/>
</kw>
<kw name="Dictionary Should Contain Key" owner="Collections">
<msg time="2024-04-28T04:15:50.496571" level="INFO">False</msg>
<arg>${json_data}</arg>
<arg>results</arg>
<doc>Fails if ``key`` is not found from ``dictionary``.</doc>
<status status="PASS" start="2024-04-28T04:15:50.496393" elapsed="0.000219"/>
</kw>
<status status="PASS" start="2024-04-28T04:15:50.229641" elapsed="0.267232"/>
</kw>
<doc>Testa se a API responde corretamente e retorna um objeto JSON válido.</doc>
<tag>testeRequisicaoBasica</tag>
<status status="PASS" start="2024-04-28T04:15:50.228820" elapsed="0.268238"/>
</test>
<test id="s1-s1-t3" name="Validar estrutura de resposta" line="22">
<kw name="Teste de Estrutura de Resposta" owner="random-user-service">
<kw name="GET On Session" owner="RequestsLibrary">
<msg time="2024-04-28T04:15:50.599770" level="INFO">GET Request : url=https://randomuser.me/api 
 path_url=/api 
 headers={'User-Agent': 'python-requests/2.31.0', 'Accept-Encoding': 'gzip, deflate', 'Accept': '*/*', 'Connection': 'keep-alive'} 
 body=None 
 </msg>
<msg time="2024-04-28T04:15:50.599882" level="INFO">GET Response : url=https://randomuser.me/api 
 status=200, reason=OK 
 headers={'Date': 'Sun, 28 Apr 2024 04:15:50 GMT', 'Content-Type': 'application/json; charset=utf-8', 'Transfer-Encoding': 'chunked', 'Connection': 'keep-alive', 'X-Powered-By': 'Express', 'Access-Control-Allow-Origin': '*', 'Cache-Control': 'no-cache', 'ETag': 'W/"497-bRctQHl2LP82m9E8BOgWcx+lRfA"', 'Vary': 'Accept-Encoding', 'Content-Encoding': 'gzip', 'CF-Cache-Status': 'DYNAMIC', 'Report-To': '{"endpoints":[{"url":"https:\\/\\/a.nel.cloudflare.com\\/report\\/v4?s=Ai9L1HzDtWBUqRP2WN%2BTdxwvfwccX4ehn%2FTNQAPI99mkmYrgXQTyT%2B0kUmWqv%2FWlpGQGT0UasOPongs2m3kMJpQNuGDUdxngk73nRWnQrqxAGusKrQ7woWzDfEDlhL%2FH"}],"group":"cf-nel","max_age":604800}', 'NEL': '{"success_fraction":0,"report_to":"cf-nel","max_age":604800}', 'Server': 'cloudflare', 'CF-RAY': '87b43bc4ab5f7317-ORD', 'alt-svc': 'h3=":443"; ma=86400'} 
 body={"results":[{"gender":"male","name":{"title":"Mr","first":"Vitaliy","last":"Zhmurko"},"location":{"street":{"number":4740,"name":"Pidbirniy provulok"},"city":"Dublyani","state":"Ternopilska","country":"Ukraine","postcode":85441,"coordinates":{"latitude":"78.5740","longitude":"-100.1686"},"timezone":{"offset":"+3:00","description":"Baghdad, Riyadh, Moscow, St. Petersburg"}},"email":"vitaliy.zhmurko@example.com","login":{"uuid":"2587b4cd-5d44-423c-86c6-b5abb6859894","username":"silvergorilla741","password":"garner","salt":"u2rskoUY","md5":"f45480c622da2c1f82be4deea56a0b45","sha1":"b29ddf6ee6e2b322f85584acc460e5da56f727b4","sha256":"d81e4f6917c42616e04baf0fe55a332ae5e88adeb88de3283cf470cb037f87c2"},"dob":{"date":"1963-03-01T19:37:34.205Z","age":61},"registered":{"date":"2015-10-25T07:57:36.487Z","age":8},"phone":"(098) K53-5563","cell":"(099) O62-3845","id":{"name":"","value":null},"picture":{"large":"https://randomuser.me/api/portraits/men/74.jpg","medium":"https://randomuser.me/api/portraits/med/men/74.jpg","thumbnail":"https://randomuser.me/api/portraits/thumb/men/74.jpg"},"nat":"UA"}],"info":{"seed":"262e17dbb2b71af4","results":1,"page":1,"version":"1.4"}} 
 </msg>
<msg time="2024-04-28T04:15:50.600033" level="INFO">/opt/hostedtoolcache/Python/3.12.3/x64/lib/python3.12/site-packages/urllib3/connectionpool.py:1103: InsecureRequestWarning: Unverified HTTPS request is being made to host 'randomuser.me'. Adding certificate verification is strongly advised. See: https://urllib3.readthedocs.io/en/latest/advanced-usage.html#tls-warnings
  warnings.warn(</msg>
<msg time="2024-04-28T04:15:50.600197" level="INFO">${response} = &lt;Response [200]&gt;</msg>
<var>${response}</var>
<arg>consultarAPI</arg>
<arg>/api</arg>
<doc>Sends a GET request on a previously created HTTP Session.</doc>
<status status="PASS" start="2024-04-28T04:15:50.500208" elapsed="0.100030"/>
</kw>
<kw name="Set Variable" owner="BuiltIn">
<msg time="2024-04-28T04:15:50.601294" level="INFO">${json_data} = {'results': [{'gender': 'male', 'name': {'title': 'Mr', 'first': 'Vitaliy', 'last': 'Zhmurko'}, 'location': {'street': {'number': 4740, 'name': 'Pidbirniy provulok'}, 'city': 'Dublyani', 'state': 'Ter...</msg>
<var>${json_data}</var>
<arg>${response.json()}</arg>
<doc>Returns the given values which can then be assigned to a variables.</doc>
<status status="PASS" start="2024-04-28T04:15:50.600759" elapsed="0.000563"/>
</kw>
<kw name="Log" owner="BuiltIn">
<msg time="2024-04-28T04:15:50.601825" level="INFO">{'results': [{'gender': 'male', 'name': {'title': 'Mr', 'first': 'Vitaliy', 'last': 'Zhmurko'}, 'location': {'street': {'number': 4740, 'name': 'Pidbirniy provulok'}, 'city': 'Dublyani', 'state': 'Ternopilska', 'country': 'Ukraine', 'postcode': 85441, 'coordinates': {'latitude': '78.5740', 'longitude': '-100.1686'}, 'timezone': {'offset': '+3:00', 'description': 'Baghdad, Riyadh, Moscow, St. Petersburg'}}, 'email': 'vitaliy.zhmurko@example.com', 'login': {'uuid': '2587b4cd-5d44-423c-86c6-b5abb6859894', 'username': 'silvergorilla741', 'password': 'garner', 'salt': 'u2rskoUY', 'md5': 'f45480c622da2c1f82be4deea56a0b45', 'sha1': 'b29ddf6ee6e2b322f85584acc460e5da56f727b4', 'sha256': 'd81e4f6917c42616e04baf0fe55a332ae5e88adeb88de3283cf470cb037f87c2'}, 'dob': {'date': '1963-03-01T19:37:34.205Z', 'age': 61}, 'registered': {'date': '2015-10-25T07:57:36.487Z', 'age': 8}, 'phone': '(098) K53-5563', 'cell': '(099) O62-3845', 'id': {'name': '', 'value': None}, 'picture': {'large': 'https://randomuser.me/api/portraits/men/74.jpg', 'medium': 'https://randomuser.me/api/portraits/med/men/74.jpg', 'thumbnail': 'https://randomuser.me/api/portraits/thumb/men/74.jpg'}, 'nat': 'UA'}], 'info': {'seed': '262e17dbb2b71af4', 'results': 1, 'page': 1, 'version': '1.4'}}</msg>
<arg>${json_data}</arg>
<doc>Logs the given message with the given level.</doc>
<status status="PASS" start="2024-04-28T04:15:50.601657" elapsed="0.000217"/>
</kw>
<kw name="Dictionary Should Contain Key" owner="Collections">
<msg time="2024-04-28T04:15:50.602374" level="INFO">False</msg>
<arg>${json_data}</arg>
<arg>results</arg>
<doc>Fails if ``key`` is not found from ``dictionary``.</doc>
<status status="PASS" start="2024-04-28T04:15:50.602195" elapsed="0.000216"/>
</kw>
<kw name="Should Not Be Empty" owner="BuiltIn">
<msg time="2024-04-28T04:15:50.602872" level="INFO">Length is 2.</msg>
<arg>${json_data}</arg>
<doc>Verifies that the given item is not empty.</doc>
<status status="PASS" start="2024-04-28T04:15:50.602729" elapsed="0.000362"/>
</kw>
<kw name="Create List" owner="BuiltIn">
<msg time="2024-04-28T04:15:50.603637" level="INFO">${expected_keys} = ['gender', 'name', 'location', 'email', 'login']</msg>
<var>${expected_keys}</var>
<arg>gender</arg>
<arg>name</arg>
<arg>location</arg>
<arg>email</arg>
<arg>login</arg>
<doc>Returns a list containing given items.</doc>
<status status="PASS" start="2024-04-28T04:15:50.603419" elapsed="0.000243"/>
</kw>
<for flavor="IN">
<iter>
<kw name="Dictionary Should Contain Key" owner="Collections">
<msg time="2024-04-28T04:15:50.604742" level="INFO">False</msg>
<arg>${json_data['results'][0]}</arg>
<arg>${key}</arg>
<doc>Fails if ``key`` is not found from ``dictionary``.</doc>
<status status="PASS" start="2024-04-28T04:15:50.604314" elapsed="0.000467"/>
</kw>
<kw name="Log" owner="BuiltIn">
<msg time="2024-04-28T04:15:50.605487" level="INFO">{'gender': 'male', 'name': {'title': 'Mr', 'first': 'Vitaliy', 'last': 'Zhmurko'}, 'location': {'street': {'number': 4740, 'name': 'Pidbirniy provulok'}, 'city': 'Dublyani', 'state': 'Ternopilska', 'country': 'Ukraine', 'postcode': 85441, 'coordinates': {'latitude': '78.5740', 'longitude': '-100.1686'}, 'timezone': {'offset': '+3:00', 'description': 'Baghdad, Riyadh, Moscow, St. Petersburg'}}, 'email': 'vitaliy.zhmurko@example.com', 'login': {'uuid': '2587b4cd-5d44-423c-86c6-b5abb6859894', 'username': 'silvergorilla741', 'password': 'garner', 'salt': 'u2rskoUY', 'md5': 'f45480c622da2c1f82be4deea56a0b45', 'sha1': 'b29ddf6ee6e2b322f85584acc460e5da56f727b4', 'sha256': 'd81e4f6917c42616e04baf0fe55a332ae5e88adeb88de3283cf470cb037f87c2'}, 'dob': {'date': '1963-03-01T19:37:34.205Z', 'age': 61}, 'registered': {'date': '2015-10-25T07:57:36.487Z', 'age': 8}, 'phone': '(098) K53-5563', 'cell': '(099) O62-3845', 'id': {'name': '', 'value': None}, 'picture': {'large': 'https://randomuser.me/api/portraits/men/74.jpg', 'medium': 'https://randomuser.me/api/portraits/med/men/74.jpg', 'thumbnail': 'https://randomuser.me/api/portraits/thumb/men/74.jpg'}, 'nat': 'UA'}</msg>
<arg>${json_data['results'][0]}</arg>
<doc>Logs the given message with the given level.</doc>
<status status="PASS" start="2024-04-28T04:15:50.605111" elapsed="0.000423"/>
</kw>
<kw name="Log" owner="BuiltIn">
<msg time="2024-04-28T04:15:50.605984" level="INFO">gender</msg>
<arg>${key}</arg>
<doc>Logs the given message with the given level.</doc>
<status status="PASS" start="2024-04-28T04:15:50.605842" elapsed="0.000184"/>
</kw>
<var name="${key}">gender</var>
<status status="PASS" start="2024-04-28T04:15:50.604178" elapsed="0.002069"/>
</iter>
<iter>
<kw name="Dictionary Should Contain Key" owner="Collections">
<msg time="2024-04-28T04:15:50.606955" level="INFO">False</msg>
<arg>${json_data['results'][0]}</arg>
<arg>${key}</arg>
<doc>Fails if ``key`` is not found from ``dictionary``.</doc>
<status status="PASS" start="2024-04-28T04:15:50.606561" elapsed="0.000431"/>
</kw>
<kw name="Log" owner="BuiltIn">
<msg time="2024-04-28T04:15:50.607735" level="INFO">{'gender': 'male', 'name': {'title': 'Mr', 'first': 'Vitaliy', 'last': 'Zhmurko'}, 'location': {'street': {'number': 4740, 'name': 'Pidbirniy provulok'}, 'city': 'Dublyani', 'state': 'Ternopilska', 'country': 'Ukraine', 'postcode': 85441, 'coordinates': {'latitude': '78.5740', 'longitude': '-100.1686'}, 'timezone': {'offset': '+3:00', 'description': 'Baghdad, Riyadh, Moscow, St. Petersburg'}}, 'email': 'vitaliy.zhmurko@example.com', 'login': {'uuid': '2587b4cd-5d44-423c-86c6-b5abb6859894', 'username': 'silvergorilla741', 'password': 'garner', 'salt': 'u2rskoUY', 'md5': 'f45480c622da2c1f82be4deea56a0b45', 'sha1': 'b29ddf6ee6e2b322f85584acc460e5da56f727b4', 'sha256': 'd81e4f6917c42616e04baf0fe55a332ae5e88adeb88de3283cf470cb037f87c2'}, 'dob': {'date': '1963-03-01T19:37:34.205Z', 'age': 61}, 'registered': {'date': '2015-10-25T07:57:36.487Z', 'age': 8}, 'phone': '(098) K53-5563', 'cell': '(099) O62-3845', 'id': {'name': '', 'value': None}, 'picture': {'large': 'https://randomuser.me/api/portraits/men/74.jpg', 'medium': 'https://randomuser.me/api/portraits/med/men/74.jpg', 'thumbnail': 'https://randomuser.me/api/portraits/thumb/men/74.jpg'}, 'nat': 'UA'}</msg>
<arg>${json_data['results'][0]}</arg>
<doc>Logs the given message with the given level.</doc>
<status status="PASS" start="2024-04-28T04:15:50.607334" elapsed="0.000450"/>
</kw>
<kw name="Log" owner="BuiltIn">
<msg time="2024-04-28T04:15:50.608228" level="INFO">name</msg>
<arg>${key}</arg>
<doc>Logs the given message with the given level.</doc>
<status status="PASS" start="2024-04-28T04:15:50.608096" elapsed="0.000176"/>
</kw>
<var name="${key}">name</var>
<status status="PASS" start="2024-04-28T04:15:50.606437" elapsed="0.002057"/>
</iter>
<iter>
<kw name="Dictionary Should Contain Key" owner="Collections">
<msg time="2024-04-28T04:15:50.609208" level="INFO">False</msg>
<arg>${json_data['results'][0]}</arg>
<arg>${key}</arg>
<doc>Fails if ``key`` is not found from ``dictionary``.</doc>
<status status="PASS" start="2024-04-28T04:15:50.608798" elapsed="0.000450"/>
</kw>
<kw name="Log" owner="BuiltIn">
<msg time="2024-04-28T04:15:50.609955" level="INFO">{'gender': 'male', 'name': {'title': 'Mr', 'first': 'Vitaliy', 'last': 'Zhmurko'}, 'location': {'street': {'number': 4740, 'name': 'Pidbirniy provulok'}, 'city': 'Dublyani', 'state': 'Ternopilska', 'country': 'Ukraine', 'postcode': 85441, 'coordinates': {'latitude': '78.5740', 'longitude': '-100.1686'}, 'timezone': {'offset': '+3:00', 'description': 'Baghdad, Riyadh, Moscow, St. Petersburg'}}, 'email': 'vitaliy.zhmurko@example.com', 'login': {'uuid': '2587b4cd-5d44-423c-86c6-b5abb6859894', 'username': 'silvergorilla741', 'password': 'garner', 'salt': 'u2rskoUY', 'md5': 'f45480c622da2c1f82be4deea56a0b45', 'sha1': 'b29ddf6ee6e2b322f85584acc460e5da56f727b4', 'sha256': 'd81e4f6917c42616e04baf0fe55a332ae5e88adeb88de3283cf470cb037f87c2'}, 'dob': {'date': '1963-03-01T19:37:34.205Z', 'age': 61}, 'registered': {'date': '2015-10-25T07:57:36.487Z', 'age': 8}, 'phone': '(098) K53-5563', 'cell': '(099) O62-3845', 'id': {'name': '', 'value': None}, 'picture': {'large': 'https://randomuser.me/api/portraits/men/74.jpg', 'medium': 'https://randomuser.me/api/portraits/med/men/74.jpg', 'thumbnail': 'https://randomuser.me/api/portraits/thumb/men/74.jpg'}, 'nat': 'UA'}</msg>
<arg>${json_data['results'][0]}</arg>
<doc>Logs the given message with the given level.</doc>
<status status="PASS" start="2024-04-28T04:15:50.609570" elapsed="0.000439"/>
</kw>
<kw name="Log" owner="BuiltIn">
<msg time="2024-04-28T04:15:50.610457" level="INFO">location</msg>
<arg>${key}</arg>
<doc>Logs the given message with the given level.</doc>
<status status="PASS" start="2024-04-28T04:15:50.610322" elapsed="0.000177"/>
</kw>
<var name="${key}">location</var>
<status status="PASS" start="2024-04-28T04:15:50.608676" elapsed="0.002053"/>
</iter>
<iter>
<kw name="Dictionary Should Contain Key" owner="Collections">
<msg time="2024-04-28T04:15:50.611426" level="INFO">False</msg>
<arg>${json_data['results'][0]}</arg>
<arg>${key}</arg>
<doc>Fails if ``key`` is not found from ``dictionary``.</doc>
<status status="PASS" start="2024-04-28T04:15:50.611021" elapsed="0.000446"/>
</kw>
<kw name="Log" owner="BuiltIn">
<msg time="2024-04-28T04:15:50.612189" level="INFO">{'gender': 'male', 'name': {'title': 'Mr', 'first': 'Vitaliy', 'last': 'Zhmurko'}, 'location': {'street': {'number': 4740, 'name': 'Pidbirniy provulok'}, 'city': 'Dublyani', 'state': 'Ternopilska', 'country': 'Ukraine', 'postcode': 85441, 'coordinates': {'latitude': '78.5740', 'longitude': '-100.1686'}, 'timezone': {'offset': '+3:00', 'description': 'Baghdad, Riyadh, Moscow, St. Petersburg'}}, 'email': 'vitaliy.zhmurko@example.com', 'login': {'uuid': '2587b4cd-5d44-423c-86c6-b5abb6859894', 'username': 'silvergorilla741', 'password': 'garner', 'salt': 'u2rskoUY', 'md5': 'f45480c622da2c1f82be4deea56a0b45', 'sha1': 'b29ddf6ee6e2b322f85584acc460e5da56f727b4', 'sha256': 'd81e4f6917c42616e04baf0fe55a332ae5e88adeb88de3283cf470cb037f87c2'}, 'dob': {'date': '1963-03-01T19:37:34.205Z', 'age': 61}, 'registered': {'date': '2015-10-25T07:57:36.487Z', 'age': 8}, 'phone': '(098) K53-5563', 'cell': '(099) O62-3845', 'id': {'name': '', 'value': None}, 'picture': {'large': 'https://randomuser.me/api/portraits/men/74.jpg', 'medium': 'https://randomuser.me/api/portraits/med/men/74.jpg', 'thumbnail': 'https://randomuser.me/api/portraits/thumb/men/74.jpg'}, 'nat': 'UA'}</msg>
<arg>${json_data['results'][0]}</arg>
<doc>Logs the given message with the given level.</doc>
<status status="PASS" start="2024-04-28T04:15:50.611816" elapsed="0.000425"/>
</kw>
<kw name="Log" owner="BuiltIn">
<msg time="2024-04-28T04:15:50.612685" level="INFO">email</msg>
<arg>${key}</arg>
<doc>Logs the given message with the given level.</doc>
<status status="PASS" start="2024-04-28T04:15:50.612552" elapsed="0.000170"/>
</kw>
<var name="${key}">email</var>
<status status="PASS" start="2024-04-28T04:15:50.610908" elapsed="0.002033"/>
</iter>
<iter>
<kw name="Dictionary Should Contain Key" owner="Collections">
<msg time="2024-04-28T04:15:50.613625" level="INFO">False</msg>
<arg>${json_data['results'][0]}</arg>
<arg>${key}</arg>
<doc>Fails if ``key`` is not found from ``dictionary``.</doc>
<status status="PASS" start="2024-04-28T04:15:50.613234" elapsed="0.000429"/>
</kw>
<kw name="Log" owner="BuiltIn">
<msg time="2024-04-28T04:15:50.614345" level="INFO">{'gender': 'male', 'name': {'title': 'Mr', 'first': 'Vitaliy', 'last': 'Zhmurko'}, 'location': {'street': {'number': 4740, 'name': 'Pidbirniy provulok'}, 'city': 'Dublyani', 'state': 'Ternopilska', 'country': 'Ukraine', 'postcode': 85441, 'coordinates': {'latitude': '78.5740', 'longitude': '-100.1686'}, 'timezone': {'offset': '+3:00', 'description': 'Baghdad, Riyadh, Moscow, St. Petersburg'}}, 'email': 'vitaliy.zhmurko@example.com', 'login': {'uuid': '2587b4cd-5d44-423c-86c6-b5abb6859894', 'username': 'silvergorilla741', 'password': 'garner', 'salt': 'u2rskoUY', 'md5': 'f45480c622da2c1f82be4deea56a0b45', 'sha1': 'b29ddf6ee6e2b322f85584acc460e5da56f727b4', 'sha256': 'd81e4f6917c42616e04baf0fe55a332ae5e88adeb88de3283cf470cb037f87c2'}, 'dob': {'date': '1963-03-01T19:37:34.205Z', 'age': 61}, 'registered': {'date': '2015-10-25T07:57:36.487Z', 'age': 8}, 'phone': '(098) K53-5563', 'cell': '(099) O62-3845', 'id': {'name': '', 'value': None}, 'picture': {'large': 'https://randomuser.me/api/portraits/men/74.jpg', 'medium': 'https://randomuser.me/api/portraits/med/men/74.jpg', 'thumbnail': 'https://randomuser.me/api/portraits/thumb/men/74.jpg'}, 'nat': 'UA'}</msg>
<arg>${json_data['results'][0]}</arg>
<doc>Logs the given message with the given level.</doc>
<status status="PASS" start="2024-04-28T04:15:50.613969" elapsed="0.000427"/>
</kw>
<kw name="Log" owner="BuiltIn">
<msg time="2024-04-28T04:15:50.614834" level="INFO">login</msg>
<arg>${key}</arg>
<doc>Logs the given message with the given level.</doc>
<status status="PASS" start="2024-04-28T04:15:50.614702" elapsed="0.000172"/>
</kw>
<var name="${key}">login</var>
<status status="PASS" start="2024-04-28T04:15:50.613123" elapsed="0.002005"/>
</iter>
<var>${key}</var>
<value>@{expected_keys}</value>
<status status="PASS" start="2024-04-28T04:15:50.603952" elapsed="0.011300"/>
</for>
<kw name="Create List" owner="BuiltIn">
<msg time="2024-04-28T04:15:50.615655" level="INFO">${expected_keysTwo} = ['username', 'password']</msg>
<var>${expected_keysTwo}</var>
<arg>username</arg>
<arg>password</arg>
<doc>Returns a list containing given items.</doc>
<status status="PASS" start="2024-04-28T04:15:50.615474" elapsed="0.000205"/>
</kw>
<for flavor="IN">
<iter>
<kw name="Dictionary Should Contain Key" owner="Collections">
<msg time="2024-04-28T04:15:50.616612" level="INFO">False</msg>
<arg>${json_data['results'][0]['login']}</arg>
<arg>${keyTwo}</arg>
<doc>Fails if ``key`` is not found from ``dictionary``.</doc>
<status status="PASS" start="2024-04-28T04:15:50.616209" elapsed="0.000440"/>
</kw>
<kw name="Dictionary Should Contain Key" owner="Collections">
<msg time="2024-04-28T04:15:50.617343" level="INFO">False</msg>
<arg>${json_data['results'][0]['login']}</arg>
<arg>${keyTwo}</arg>
<doc>Fails if ``key`` is not found from ``dictionary``.</doc>
<status status="PASS" start="2024-04-28T04:15:50.616948" elapsed="0.000434"/>
</kw>
<kw name="Log" owner="BuiltIn">
<msg time="2024-04-28T04:15:50.617825" level="INFO">username</msg>
<arg>${keyTwo}</arg>
<doc>Logs the given message with the given level.</doc>
<status status="PASS" start="2024-04-28T04:15:50.617691" elapsed="0.000176"/>
</kw>
<var name="${keyTwo}">username</var>
<status status="PASS" start="2024-04-28T04:15:50.616098" elapsed="0.001998"/>
</iter>
<iter>
<kw name="Dictionary Should Contain Key" owner="Collections">
<msg time="2024-04-28T04:15:50.618864" level="INFO">False</msg>
<arg>${json_data['results'][0]['login']}</arg>
<arg>${keyTwo}</arg>
<doc>Fails if ``key`` is not found from ``dictionary``.</doc>
<status status="PASS" start="2024-04-28T04:15:50.618383" elapsed="0.000526"/>
</kw>
<kw name="Dictionary Should Contain Key" owner="Collections">
<msg time="2024-04-28T04:15:50.619712" level="INFO">False</msg>
<arg>${json_data['results'][0]['login']}</arg>
<arg>${keyTwo}</arg>
<doc>Fails if ``key`` is not found from ``dictionary``.</doc>
<status status="PASS" start="2024-04-28T04:15:50.619227" elapsed="0.000542"/>
</kw>
<kw name="Log" owner="BuiltIn">
<msg time="2024-04-28T04:15:50.620436" level="INFO">password</msg>
<arg>${keyTwo}</arg>
<doc>Logs the given message with the given level.</doc>
<status status="PASS" start="2024-04-28T04:15:50.620229" elapsed="0.000288"/>
</kw>
<var name="${keyTwo}">password</var>
<status status="PASS" start="2024-04-28T04:15:50.618268" elapsed="0.002611"/>
</iter>
<var>${keyTwo}</var>
<value>@{expected_keysTwo}</value>
<status status="PASS" start="2024-04-28T04:15:50.615938" elapsed="0.005146"/>
</for>
<status status="PASS" start="2024-04-28T04:15:50.499798" elapsed="0.121514"/>
</kw>
<doc>Testa a estrutura da resposta da API.</doc>
<tag>testeEstruturaResposta</tag>
<status status="PASS" start="2024-04-28T04:15:50.498909" elapsed="0.122648"/>
</test>
<test id="s1-s1-t4" name="Validar tipos de dados" line="28">
<kw name="Teste de Tipos de Dados" owner="random-user-service">
<kw name="GET On Session" owner="RequestsLibrary">
<msg time="2024-04-28T04:15:52.103701" level="INFO">GET Request : url=https://randomuser.me/api 
 path_url=/api 
 headers={'User-Agent': 'python-requests/2.31.0', 'Accept-Encoding': 'gzip, deflate', 'Accept': '*/*', 'Connection': 'keep-alive'} 
 body=None 
 </msg>
<msg time="2024-04-28T04:15:52.103813" level="INFO">GET Response : url=https://randomuser.me/api 
 status=200, reason=OK 
 headers={'Date': 'Sun, 28 Apr 2024 04:15:52 GMT', 'Content-Type': 'application/json; charset=utf-8', 'Transfer-Encoding': 'chunked', 'Connection': 'keep-alive', 'X-Powered-By': 'Express', 'Access-Control-Allow-Origin': '*', 'Cache-Control': 'no-cache', 'ETag': 'W/"472-7Z9x3I/QykWxfzWQPE6DhzsOVFk"', 'Vary': 'Accept-Encoding', 'Content-Encoding': 'gzip', 'CF-Cache-Status': 'DYNAMIC', 'Report-To': '{"endpoints":[{"url":"https:\\/\\/a.nel.cloudflare.com\\/report\\/v4?s=RtnHpEgOlBH8QCsVP2z0IOunJZuwxgX20B9MT77kIkloPSB9w5IKSaZaWLvBrSaWDK8L4Upe%2FUrj0tSWHxQYKSIN7FJcFGyTp0j4yyr8BENANaheZiynu0kVcey162Hd"}],"group":"cf-nel","max_age":604800}', 'NEL': '{"success_fraction":0,"report_to":"cf-nel","max_age":604800}', 'Server': 'cloudflare', 'CF-RAY': '87b43bc56c117317-ORD', 'alt-svc': 'h3=":443"; ma=86400'} 
 body={"results":[{"gender":"male","name":{"title":"Mr","first":"Ravn","last":"Solvang"},"location":{"street":{"number":3910,"name":"Kristian Bogneruds vei"},"city":"Trolla","state":"Trøndelag","country":"Norway","postcode":"4720","coordinates":{"latitude":"43.3286","longitude":"-54.9064"},"timezone":{"offset":"-3:30","description":"Newfoundland"}},"email":"ravn.solvang@example.com","login":{"uuid":"cc567de7-29b1-45f0-8d19-9ec13c619fba","username":"beautifullion639","password":"sponge","salt":"kMUet9dV","md5":"cf5b6165903e1739a58e767eff23e5a4","sha1":"c38c56340620252011a21c7dcbfd2affcbb60503","sha256":"7d1e4ecc02a2cc079aecd1d6c082226bd9971d63789d9c4c8a876a02f5d0a41d"},"dob":{"date":"1996-01-12T14:36:45.817Z","age":28},"registered":{"date":"2018-07-03T13:15:49.252Z","age":5},"phone":"37415976","cell":"41446917","id":{"name":"FN","value":"12019634351"},"picture":{"large":"https://randomuser.me/api/portraits/men/7.jpg","medium":"https://randomuser.me/api/portraits/med/men/7.jpg","thumbnail":"https://randomuser.me/api/portraits/thumb/men/7.jpg"},"nat":"NO"}],"info":{"seed":"2865cafdee03d722","results":1,"page":1,"version":"1.4"}} 
 </msg>
<msg time="2024-04-28T04:15:52.103896" level="INFO">/opt/hostedtoolcache/Python/3.12.3/x64/lib/python3.12/site-packages/urllib3/connectionpool.py:1103: InsecureRequestWarning: Unverified HTTPS request is being made to host 'randomuser.me'. Adding certificate verification is strongly advised. See: https://urllib3.readthedocs.io/en/latest/advanced-usage.html#tls-warnings
  warnings.warn(</msg>
<msg time="2024-04-28T04:15:52.104050" level="INFO">${response} = &lt;Response [200]&gt;</msg>
<var>${response}</var>
<arg>consultarAPI</arg>
<arg>/api</arg>
<doc>Sends a GET request on a previously created HTTP Session.</doc>
<status status="PASS" start="2024-04-28T04:15:50.624829" elapsed="1.479262"/>
</kw>
<kw name="Set Variable" owner="BuiltIn">
<msg time="2024-04-28T04:15:52.105130" level="INFO">${json_data} = {'results': [{'gender': 'male', 'name': {'title': 'Mr', 'first': 'Ravn', 'last': 'Solvang'}, 'location': {'street': {'number': 3910, 'name': 'Kristian Bogneruds vei'}, 'city': 'Trolla', 'state': 'Trøn...</msg>
<var>${json_data}</var>
<arg>${response.json()}</arg>
<doc>Returns the given values which can then be assigned to a variables.</doc>
<status status="PASS" start="2024-04-28T04:15:52.104605" elapsed="0.000555"/>
</kw>
<kw name="Log" owner="BuiltIn">
<msg time="2024-04-28T04:15:52.105638" level="INFO">{'results': [{'gender': 'male', 'name': {'title': 'Mr', 'first': 'Ravn', 'last': 'Solvang'}, 'location': {'street': {'number': 3910, 'name': 'Kristian Bogneruds vei'}, 'city': 'Trolla', 'state': 'Trøndelag', 'country': 'Norway', 'postcode': '4720', 'coordinates': {'latitude': '43.3286', 'longitude': '-54.9064'}, 'timezone': {'offset': '-3:30', 'description': 'Newfoundland'}}, 'email': 'ravn.solvang@example.com', 'login': {'uuid': 'cc567de7-29b1-45f0-8d19-9ec13c619fba', 'username': 'beautifullion639', 'password': 'sponge', 'salt': 'kMUet9dV', 'md5': 'cf5b6165903e1739a58e767eff23e5a4', 'sha1': 'c38c56340620252011a21c7dcbfd2affcbb60503', 'sha256': '7d1e4ecc02a2cc079aecd1d6c082226bd9971d63789d9c4c8a876a02f5d0a41d'}, 'dob': {'date': '1996-01-12T14:36:45.817Z', 'age': 28}, 'registered': {'date': '2018-07-03T13:15:49.252Z', 'age': 5}, 'phone': '37415976', 'cell': '41446917', 'id': {'name': 'FN', 'value': '12019634351'}, 'picture': {'large': 'https://randomuser.me/api/portraits/men/7.jpg', 'medium': 'https://randomuser.me/api/portraits/med/men/7.jpg', 'thumbnail': 'https://randomuser.me/api/portraits/thumb/men/7.jpg'}, 'nat': 'NO'}], 'info': {'seed': '2865cafdee03d722', 'results': 1, 'page': 1, 'version': '1.4'}}</msg>
<arg>${json_data}</arg>
<doc>Logs the given message with the given level.</doc>
<status status="PASS" start="2024-04-28T04:15:52.105468" elapsed="0.000255"/>
</kw>
<kw name="Should Be String" owner="String">
<arg>${json_data['results'][0]['gender']}</arg>
<doc>Fails if the given ``item`` is not a string.</doc>
<status status="PASS" start="2024-04-28T04:15:52.106022" elapsed="0.000366"/>
</kw>
<kw name="Should Match Regexp" owner="BuiltIn">
<arg>${json_data['results'][0]['email']}</arg>
<arg>^[a-zA-Z0-9._%+-]+@[a-zA-Z0-9.-]+\.[a-zA-Z]{2,}$</arg>
<doc>Fails if ``string`` does not match ``pattern`` as a regular expression.</doc>
<status status="PASS" start="2024-04-28T04:15:52.106581" elapsed="0.000521"/>
</kw>
<kw name="Should Match Regexp" owner="BuiltIn">
<arg>${json_data['results'][0]['dob']['date']}</arg>
<arg>\\d{4}-\\d{2}-\\d{2}T\\d{2}:\\d{2}:\\d{2}\\.\\d{3}Z</arg>
<doc>Fails if ``string`` does not match ``pattern`` as a regular expression.</doc>
<status status="PASS" start="2024-04-28T04:15:52.107299" elapsed="0.000515"/>
</kw>
<kw name="Should Match Regexp" owner="BuiltIn">
<arg>${json_data['results'][0]['registered']['date']}</arg>
<arg>\\d{4}-\\d{2}-\\d{2}T\\d{2}:\\d{2}:\\d{2}\\.\\d{3}Z</arg>
<doc>Fails if ``string`` does not match ``pattern`` as a regular expression.</doc>
<status status="PASS" start="2024-04-28T04:15:52.108006" elapsed="0.000370"/>
</kw>
<kw name="Should Match Regexp" owner="BuiltIn">
<arg>${json_data['results'][0]['picture']['large']}</arg>
<arg>^https?://.*\.(?:png|jpe?g|gif|bmp)$</arg>
<doc>Fails if ``string`` does not match ``pattern`` as a regular expression.</doc>
<status status="PASS" start="2024-04-28T04:15:52.108562" elapsed="0.000468"/>
</kw>
<kw name="Should Match Regexp" owner="BuiltIn">
<arg>${json_data['results'][0]['picture']['medium']}</arg>
<arg>^https?://.*\.(?:png|jpe?g|gif|bmp)$</arg>
<doc>Fails if ``string`` does not match ``pattern`` as a regular expression.</doc>
<status status="PASS" start="2024-04-28T04:15:52.109218" elapsed="0.000363"/>
</kw>
<kw name="Should Match Regexp" owner="BuiltIn">
<arg>${json_data['results'][0]['picture']['thumbnail']}</arg>
<arg>^https?://.*\.(?:png|jpe?g|gif|bmp)$</arg>
<doc>Fails if ``string`` does not match ``pattern`` as a regular expression.</doc>
<status status="PASS" start="2024-04-28T04:15:52.109786" elapsed="0.000347"/>
</kw>
<kw name="Log" owner="BuiltIn">
<msg time="2024-04-28T04:15:52.110635" level="INFO">{'large': 'https://randomuser.me/api/portraits/men/7.jpg', 'medium': 'https://randomuser.me/api/portraits/med/men/7.jpg', 'thumbnail': 'https://randomuser.me/api/portraits/thumb/men/7.jpg'}</msg>
<arg>${json_data['results'][0]['picture']}</arg>
<doc>Logs the given message with the given level.</doc>
<status status="PASS" start="2024-04-28T04:15:52.110313" elapsed="0.000364"/>
</kw>
<status status="PASS" start="2024-04-28T04:15:50.624590" elapsed="1.486351"/>
</kw>
<kw name="Teste de Tipos de Dados - Postcode" owner="random-user-service">
<kw name="GET On Session" owner="RequestsLibrary">
<msg time="2024-04-28T04:15:52.412784" level="INFO">GET Request : url=https://randomuser.me/api 
 path_url=/api 
 headers={'User-Agent': 'python-requests/2.31.0', 'Accept-Encoding': 'gzip, deflate', 'Accept': '*/*', 'Connection': 'keep-alive'} 
 body=None 
 </msg>
<msg time="2024-04-28T04:15:52.412882" level="INFO">GET Response : url=https://randomuser.me/api 
 status=200, reason=OK 
 headers={'Date': 'Sun, 28 Apr 2024 04:15:52 GMT', 'Content-Type': 'application/json; charset=utf-8', 'Transfer-Encoding': 'chunked', 'Connection': 'keep-alive', 'X-Powered-By': 'Express', 'Access-Control-Allow-Origin': '*', 'Cache-Control': 'no-cache', 'ETag': 'W/"4b3-mOVRgl1kyFrPoTAfdw0Rf32JIfU"', 'Vary': 'Accept-Encoding', 'Content-Encoding': 'gzip', 'CF-Cache-Status': 'DYNAMIC', 'Report-To': '{"endpoints":[{"url":"https:\\/\\/a.nel.cloudflare.com\\/report\\/v4?s=zGMN1OHPcwsexuoWwAokcn3sPtDvcL5hHZX9zHzuxUkPHoDJIaXBJaonDz%2Fw2xYpEJzMMsajnGchfDV9jgZldDFHEHpPrXZmrYswe0YGeHGAuuJnVTUJmeEo6hW4wMDi"}],"group":"cf-nel","max_age":604800}', 'NEL': '{"success_fraction":0,"report_to":"cf-nel","max_age":604800}', 'Server': 'cloudflare', 'CF-RAY': '87b43bcebd9c7317-ORD', 'alt-svc': 'h3=":443"; ma=86400'} 
 body={"results":[{"gender":"female","name":{"title":"Miss","first":"Cecilia","last":"Armas"},"location":{"street":{"number":5522,"name":"Prolongación Sonora"},"city":"Cofradía","state":"Veracruz","country":"Mexico","postcode":39662,"coordinates":{"latitude":"22.2494","longitude":"109.3685"},"timezone":{"offset":"0:00","description":"Western Europe Time, London, Lisbon, Casablanca"}},"email":"cecilia.armas@example.com","login":{"uuid":"31278e2e-5e3d-4e16-b454-b79cc57ca0cc","username":"crazypeacock507","password":"explorer","salt":"4n25hx7r","md5":"c90656407cd7e999d60758c1211214bf","sha1":"6022f22c8f915f0cba739b094b28dbeedae73d4b","sha256":"4ae0a068e05f165f3fbbef4e18dc7b90f68ef7d8f31fb95fc9d0dc9ba4fb3d74"},"dob":{"date":"1977-06-11T07:27:28.921Z","age":46},"registered":{"date":"2018-03-06T23:16:17.242Z","age":6},"phone":"(634) 760 7790","cell":"(673) 281 6738","id":{"name":"NSS","value":"71 07 83 0598 7"},"picture":{"large":"https://randomuser.me/api/portraits/women/75.jpg","medium":"https://randomuser.me/api/portraits/med/women/75.jpg","thumbnail":"https://randomuser.me/api/portraits/thumb/women/75.jpg"},"nat":"MX"}],"info":{"seed":"b459440507046296","results":1,"page":1,"version":"1.4"}} 
 </msg>
<msg time="2024-04-28T04:15:52.412956" level="INFO">/opt/hostedtoolcache/Python/3.12.3/x64/lib/python3.12/site-packages/urllib3/connectionpool.py:1103: InsecureRequestWarning: Unverified HTTPS request is being made to host 'randomuser.me'. Adding certificate verification is strongly advised. See: https://urllib3.readthedocs.io/en/latest/advanced-usage.html#tls-warnings
  warnings.warn(</msg>
<msg time="2024-04-28T04:15:52.413097" level="INFO">${response} = &lt;Response [200]&gt;</msg>
<var>${response}</var>
<arg>consultarAPI</arg>
<arg>/api</arg>
<doc>Sends a GET request on a previously created HTTP Session.</doc>
<status status="PASS" start="2024-04-28T04:15:52.111407" elapsed="0.301733"/>
</kw>
<kw name="Set Variable" owner="BuiltIn">
<msg time="2024-04-28T04:15:52.414206" level="INFO">${json_data} = {'results': [{'gender': 'female', 'name': {'title': 'Miss', 'first': 'Cecilia', 'last': 'Armas'}, 'location': {'street': {'number': 5522, 'name': 'Prolongación Sonora'}, 'city': 'Cofradía', 'state': '...</msg>
<var>${json_data}</var>
<arg>${response.json()}</arg>
<doc>Returns the given values which can then be assigned to a variables.</doc>
<status status="PASS" start="2024-04-28T04:15:52.413674" elapsed="0.000562"/>
</kw>
<kw name="Log" owner="BuiltIn">
<msg time="2024-04-28T04:15:52.414720" level="INFO">{'results': [{'gender': 'female', 'name': {'title': 'Miss', 'first': 'Cecilia', 'last': 'Armas'}, 'location': {'street': {'number': 5522, 'name': 'Prolongación Sonora'}, 'city': 'Cofradía', 'state': 'Veracruz', 'country': 'Mexico', 'postcode': 39662, 'coordinates': {'latitude': '22.2494', 'longitude': '109.3685'}, 'timezone': {'offset': '0:00', 'description': 'Western Europe Time, London, Lisbon, Casablanca'}}, 'email': 'cecilia.armas@example.com', 'login': {'uuid': '31278e2e-5e3d-4e16-b454-b79cc57ca0cc', 'username': 'crazypeacock507', 'password': 'explorer', 'salt': '4n25hx7r', 'md5': 'c90656407cd7e999d60758c1211214bf', 'sha1': '6022f22c8f915f0cba739b094b28dbeedae73d4b', 'sha256': '4ae0a068e05f165f3fbbef4e18dc7b90f68ef7d8f31fb95fc9d0dc9ba4fb3d74'}, 'dob': {'date': '1977-06-11T07:27:28.921Z', 'age': 46}, 'registered': {'date': '2018-03-06T23:16:17.242Z', 'age': 6}, 'phone': '(634) 760 7790', 'cell': '(673) 281 6738', 'id': {'name': 'NSS', 'value': '71 07 83 0598 7'}, 'picture': {'large': 'https://randomuser.me/api/portraits/women/75.jpg', 'medium': 'https://randomuser.me/api/portraits/med/women/75.jpg', 'thumbnail': 'https://randomuser.me/api/portraits/thumb/women/75.jpg'}, 'nat': 'MX'}], 'info': {'seed': 'b459440507046296', 'results': 1, 'page': 1, 'version': '1.4'}}</msg>
<arg>${json_data}</arg>
<doc>Logs the given message with the given level.</doc>
<status status="PASS" start="2024-04-28T04:15:52.414554" elapsed="0.000250"/>
</kw>
<kw name="Should Be Equal As Numbers" owner="BuiltIn">
<arg>${json_data['results'][0]['location']['postcode']}</arg>
<arg>${json_data['results'][0]['location']['postcode']}</arg>
<doc>Fails if objects are unequal after converting them to real numbers.</doc>
<status status="PASS" start="2024-04-28T04:15:52.415298" elapsed="0.000678"/>
</kw>
<kw name="Log" owner="BuiltIn">
<msg time="2024-04-28T04:15:52.416510" level="INFO">39662</msg>
<arg>${json_data['results'][0]['location']['postcode']}</arg>
<doc>Logs the given message with the given level.</doc>
<status status="PASS" start="2024-04-28T04:15:52.416170" elapsed="0.000383"/>
</kw>
<status status="PASS" start="2024-04-28T04:15:52.111167" elapsed="0.305648"/>
</kw>
<doc>Testa se os tipos de dados na resposta da API estão corretos.</doc>
<tag>testeTiposDados</tag>
<status status="PASS" start="2024-04-28T04:15:50.624121" elapsed="1.792862"/>
</test>
<test id="s1-s1-t5" name="Validar conteudo" line="35">
<kw name="Teste de Tipos de Conteudo" owner="random-user-service">
<kw name="GET On Session" owner="RequestsLibrary">
<msg time="2024-04-28T04:15:52.501736" level="INFO">GET Request : url=https://randomuser.me/api 
 path_url=/api 
 headers={'User-Agent': 'python-requests/2.31.0', 'Accept-Encoding': 'gzip, deflate', 'Accept': '*/*', 'Connection': 'keep-alive'} 
 body=None 
 </msg>
<msg time="2024-04-28T04:15:52.501839" level="INFO">GET Response : url=https://randomuser.me/api 
 status=200, reason=OK 
 headers={'Date': 'Sun, 28 Apr 2024 04:15:52 GMT', 'Content-Type': 'application/json; charset=utf-8', 'Transfer-Encoding': 'chunked', 'Connection': 'keep-alive', 'X-Powered-By': 'Express', 'Access-Control-Allow-Origin': '*', 'Cache-Control': 'no-cache', 'ETag': 'W/"485-ib3htCSG/ZT2m57hVxhsZQRwo5E"', 'Vary': 'Accept-Encoding', 'Content-Encoding': 'gzip', 'CF-Cache-Status': 'DYNAMIC', 'Report-To': '{"endpoints":[{"url":"https:\\/\\/a.nel.cloudflare.com\\/report\\/v4?s=GVWupRLKQ0tq4sAfRwI09T8GBrUtWAfdkMsQAD%2BvR8BG4EQFvBbyKE%2FnkF7%2FDHfWn8xfLS1PVjG0oTwkPN%2F5vJCS3TNmbqqwMN0Njs7tQFlHoPPbioEb6rgHUYxYptA%2B"}],"group":"cf-nel","max_age":604800}', 'NEL': '{"success_fraction":0,"report_to":"cf-nel","max_age":604800}', 'Server': 'cloudflare', 'CF-RAY': '87b43bd0af817317-ORD', 'alt-svc': 'h3=":443"; ma=86400'} 
 body={"results":[{"gender":"male","name":{"title":"Mr","first":"Afrânio","last":"da Costa"},"location":{"street":{"number":9407,"name":"Rua Piauí "},"city":"Camaçari","state":"Pernambuco","country":"Brazil","postcode":42779,"coordinates":{"latitude":"-76.4934","longitude":"-110.8186"},"timezone":{"offset":"-2:00","description":"Mid-Atlantic"}},"email":"afranio.dacosta@example.com","login":{"uuid":"035f8295-3b81-41ec-8d2c-135272965405","username":"blackpeacock198","password":"supra","salt":"mTFhg5YX","md5":"692fd06ef7368e935747d1d58d20f651","sha1":"f3b3d64e1c89c1d19f11443d4ba92e2dd2f1d171","sha256":"626f92551157b028218f055f461f157e94eb2f7791fac90b127618e6d7efcb1f"},"dob":{"date":"1957-06-11T21:00:14.136Z","age":66},"registered":{"date":"2008-07-16T18:35:36.077Z","age":15},"phone":"(41) 5432-0300","cell":"(23) 3717-3401","id":{"name":"CPF","value":"166.452.061-46"},"picture":{"large":"https://randomuser.me/api/portraits/men/17.jpg","medium":"https://randomuser.me/api/portraits/med/men/17.jpg","thumbnail":"https://randomuser.me/api/portraits/thumb/men/17.jpg"},"nat":"BR"}],"info":{"seed":"5223bf44554ffcb3","results":1,"page":1,"version":"1.4"}} 
 </msg>
<msg time="2024-04-28T04:15:52.501916" level="INFO">/opt/hostedtoolcache/Python/3.12.3/x64/lib/python3.12/site-packages/urllib3/connectionpool.py:1103: InsecureRequestWarning: Unverified HTTPS request is being made to host 'randomuser.me'. Adding certificate verification is strongly advised. See: https://urllib3.readthedocs.io/en/latest/advanced-usage.html#tls-warnings
  warnings.warn(</msg>
<msg time="2024-04-28T04:15:52.502065" level="INFO">${response} = &lt;Response [200]&gt;</msg>
<var>${response}</var>
<arg>consultarAPI</arg>
<arg>/api</arg>
<doc>Sends a GET request on a previously created HTTP Session.</doc>
<status status="PASS" start="2024-04-28T04:15:52.419605" elapsed="0.082503"/>
</kw>
<kw name="Set Variable" owner="BuiltIn">
<msg time="2024-04-28T04:15:52.503209" level="INFO">${json_data} = {'results': [{'gender': 'male', 'name': {'title': 'Mr', 'first': 'Afrânio', 'last': 'da Costa'}, 'location': {'street': {'number': 9407, 'name': 'Rua Piauí '}, 'city': 'Camaçari', 'state': 'Pernambuco...</msg>
<var>${json_data}</var>
<arg>${response.json()}</arg>
<doc>Returns the given values which can then be assigned to a variables.</doc>
<status status="PASS" start="2024-04-28T04:15:52.502669" elapsed="0.000569"/>
</kw>
<kw name="Set Variable" owner="BuiltIn">
<msg time="2024-04-28T04:15:52.504062" level="INFO">${name_title} = Mr</msg>
<var>${name_title}</var>
<arg>${json_data["results"][0]["name"]["title"]}</arg>
<doc>Returns the given values which can then be assigned to a variables.</doc>
<status status="PASS" start="2024-04-28T04:15:52.503634" elapsed="0.000455"/>
</kw>
<kw name="Create List" owner="BuiltIn">
<msg time="2024-04-28T04:15:52.504573" level="INFO">${allowed_titles} = ['Mr', 'Ms', 'Miss', 'Mrs', 'Madame', 'Monsieur']</msg>
<var>${allowed_titles}</var>
<arg>Mr</arg>
<arg>Ms</arg>
<arg>Miss</arg>
<arg>Mrs</arg>
<arg>Madame</arg>
<arg>Monsieur</arg>
<doc>Returns a list containing given items.</doc>
<status status="PASS" start="2024-04-28T04:15:52.504419" elapsed="0.000179"/>
</kw>
<kw name="List Should Contain Value" owner="Collections">
<msg time="2024-04-28T04:15:52.505086" level="INFO">False</msg>
<arg>${allowed_titles}</arg>
<arg>${name_title}</arg>
<doc>Fails if the ``value`` is not found from ``list``.</doc>
<status status="PASS" start="2024-04-28T04:15:52.504904" elapsed="0.000220"/>
</kw>
<kw name="Set Variable" owner="BuiltIn">
<msg time="2024-04-28T04:15:52.505828" level="INFO">${name_country} = BR</msg>
<var>${name_country}</var>
<arg>${json_data["results"][0]["nat"]}</arg>
<doc>Returns the given values which can then be assigned to a variables.</doc>
<status status="PASS" start="2024-04-28T04:15:52.505422" elapsed="0.000432"/>
</kw>
<kw name="Create List" owner="BuiltIn">
<msg time="2024-04-28T04:15:52.506768" level="INFO">${list_country} = ['AD', 'AE', 'AF', 'AG', 'AI', 'AL', 'AM', 'AO', 'AQ', 'AR', 'AS', 'AT', 'AU', 'AW', 'AX', 'AZ', 'BA', 'BB', 'BD', 'BE', 'BF', 'BG', 'BH', 'BI', 'BJ', 'BL', 'BM', 'BN', 'BO', 'BQ', 'BR', 'BS', 'BT', '...</msg>
<var>${list_country}</var>
<arg>AD</arg>
<arg>AE</arg>
<arg>AF</arg>
<arg>AG</arg>
<arg>AI</arg>
<arg>AL</arg>
<arg>AM</arg>
<arg>AO</arg>
<arg>AQ</arg>
<arg>AR</arg>
<arg>AS</arg>
<arg>AT</arg>
<arg>AU</arg>
<arg>AW</arg>
<arg>AX</arg>
<arg>AZ</arg>
<arg>BA</arg>
<arg>BB</arg>
<arg>BD</arg>
<arg>BE</arg>
<arg>BF</arg>
<arg>BG</arg>
<arg>BH</arg>
<arg>BI</arg>
<arg>BJ</arg>
<arg>BL</arg>
<arg>BM</arg>
<arg>BN</arg>
<arg>BO</arg>
<arg>BQ</arg>
<arg>BR</arg>
<arg>BS</arg>
<arg>BT</arg>
<arg>BV</arg>
<arg>BW</arg>
<arg>BY</arg>
<arg>BZ</arg>
<arg>CA</arg>
<arg>CC</arg>
<arg>CD</arg>
<arg>CF</arg>
<arg>CG</arg>
<arg>CH</arg>
<arg>CI</arg>
<arg>CK</arg>
<arg>CL</arg>
<arg>CM</arg>
<arg>CN</arg>
<arg>CO</arg>
<arg>CR</arg>
<arg>CU</arg>
<arg>CV</arg>
<arg>CW</arg>
<arg>CX</arg>
<arg>CY</arg>
<arg>CZ</arg>
<arg>DE</arg>
<arg>DJ</arg>
<arg>DK</arg>
<arg>DM</arg>
<arg>DO</arg>
<arg>DZ</arg>
<arg>EC</arg>
<arg>EE</arg>
<arg>EG</arg>
<arg>EH</arg>
<arg>ER</arg>
<arg>ES</arg>
<arg>ET</arg>
<arg>FI</arg>
<arg>FJ</arg>
<arg>FK</arg>
<arg>FM</arg>
<arg>FO</arg>
<arg>FR</arg>
<arg>GA</arg>
<arg>GB</arg>
<arg>GD</arg>
<arg>GE</arg>
<arg>GF</arg>
<arg>GG</arg>
<arg>GH</arg>
<arg>GI</arg>
<arg>GL</arg>
<arg>GM</arg>
<arg>GN</arg>
<arg>GP</arg>
<arg>GQ</arg>
<arg>GR</arg>
<arg>GS</arg>
<arg>GT</arg>
<arg>GU</arg>
<arg>GW</arg>
<arg>GY</arg>
<arg>HK</arg>
<arg>HM</arg>
<arg>HN</arg>
<arg>HR</arg>
<arg>HT</arg>
<arg>HU</arg>
<arg>ID</arg>
<arg>IE</arg>
<arg>IL</arg>
<arg>IM</arg>
<arg>IN</arg>
<arg>IO</arg>
<arg>IQ</arg>
<arg>IR</arg>
<arg>IS</arg>
<arg>IT</arg>
<arg>JE</arg>
<arg>JM</arg>
<arg>JO</arg>
<arg>JP</arg>
<arg>KE</arg>
<arg>KG</arg>
<arg>KH</arg>
<arg>KI</arg>
<arg>KM</arg>
<arg>KN</arg>
<arg>KP</arg>
<arg>KR</arg>
<arg>KW</arg>
<arg>KY</arg>
<arg>KZ</arg>
<arg>LA</arg>
<arg>LB</arg>
<arg>LC</arg>
<arg>LI</arg>
<arg>LK</arg>
<arg>LR</arg>
<arg>LS</arg>
<arg>LT</arg>
<arg>LU</arg>
<arg>LV</arg>
<arg>LY</arg>
<arg>MA</arg>
<arg>MC</arg>
<arg>MD</arg>
<arg>ME</arg>
<arg>MF</arg>
<arg>MG</arg>
<arg>MH</arg>
<arg>MK</arg>
<arg>ML</arg>
<arg>MM</arg>
<arg>MN</arg>
<arg>MO</arg>
<arg>MP</arg>
<arg>MQ</arg>
<arg>MR</arg>
<arg>MS</arg>
<arg>MT</arg>
<arg>MU</arg>
<arg>MV</arg>
<arg>MW</arg>
<arg>MX</arg>
<arg>MY</arg>
<arg>MZ</arg>
<arg>NA</arg>
<arg>NC</arg>
<arg>NE</arg>
<arg>NF</arg>
<arg>NG</arg>
<arg>NI</arg>
<arg>NL</arg>
<arg>NO</arg>
<arg>NP</arg>
<arg>NR</arg>
<arg>NU</arg>
<arg>NZ</arg>
<arg>OM</arg>
<arg>PA</arg>
<arg>PE</arg>
<arg>PF</arg>
<arg>PG</arg>
<arg>PH</arg>
<arg>PK</arg>
<arg>PL</arg>
<arg>PM</arg>
<arg>PN</arg>
<arg>PR</arg>
<arg>PS</arg>
<arg>PT</arg>
<arg>PW</arg>
<arg>PY</arg>
<arg>QA</arg>
<arg>RE</arg>
<arg>RO</arg>
<arg>RS</arg>
<arg>RU</arg>
<arg>RW</arg>
<arg>SA</arg>
<arg>SB</arg>
<arg>SC</arg>
<arg>SD</arg>
<arg>SE</arg>
<arg>SG</arg>
<arg>SH</arg>
<arg>SI</arg>
<arg>SJ</arg>
<arg>SK</arg>
<arg>SL</arg>
<arg>SM</arg>
<arg>SN</arg>
<arg>SO</arg>
<arg>SR</arg>
<arg>SS</arg>
<arg>ST</arg>
<arg>SV</arg>
<arg>SX</arg>
<arg>SY</arg>
<arg>SZ</arg>
<arg>TC</arg>
<arg>TD</arg>
<arg>TF</arg>
<arg>TG</arg>
<arg>TH</arg>
<arg>TJ</arg>
<arg>TK</arg>
<arg>TL</arg>
<arg>TM</arg>
<arg>TN</arg>
<arg>TO</arg>
<arg>TR</arg>
<arg>TT</arg>
<arg>TV</arg>
<arg>TW</arg>
<arg>TZ</arg>
<arg>UA</arg>
<arg>UG</arg>
<arg>UM</arg>
<arg>US</arg>
<arg>UY</arg>
<arg>UZ</arg>
<arg>VA</arg>
<arg>VC</arg>
<arg>VE</arg>
<arg>VG</arg>
<arg>VI</arg>
<arg>VN</arg>
<arg>VU</arg>
<arg>WF</arg>
<arg>WS</arg>
<arg>XK</arg>
<arg>YE</arg>
<arg>YT</arg>
<arg>ZA</arg>
<arg>ZM</arg>
<arg>ZW</arg>
<doc>Returns a list containing given items.</doc>
<status status="PASS" start="2024-04-28T04:15:52.506168" elapsed="0.000626"/>
</kw>
<kw name="List Should Contain Value" owner="Collections">
<msg time="2024-04-28T04:15:52.507854" level="INFO">False</msg>
<arg>${list_country}</arg>
<arg>${name_country}</arg>
<doc>Fails if the ``value`` is not found from ``list``.</doc>
<status status="PASS" start="2024-04-28T04:15:52.507637" elapsed="0.000258"/>
</kw>
<kw name="Run Keyword If" owner="BuiltIn">
<kw name="Should Be True" owner="BuiltIn">
<arg>${True}</arg>
<doc>Fails if the given condition is not true.</doc>
<status status="PASS" start="2024-04-28T04:15:52.509028" elapsed="0.000293"/>
</kw>
<arg>${json_data["results"][0]["location"]["coordinates"]["latitude"]} &gt;= -90 and ${json_data["results"][0]["location"]["coordinates"]["latitude"]} &lt;= 90</arg>
<arg>Should Be True</arg>
<arg>${True}</arg>
<doc>Runs the given keyword with the given arguments, if ``condition`` is true.</doc>
<status status="PASS" start="2024-04-28T04:15:52.508215" elapsed="0.001239"/>
</kw>
<kw name="Run Keyword If" owner="BuiltIn">
<kw name="Should Be True" owner="BuiltIn">
<arg>${True}</arg>
<doc>Fails if the given condition is not true.</doc>
<status status="PASS" start="2024-04-28T04:15:52.510397" elapsed="0.000141"/>
</kw>
<arg>${json_data["results"][0]["location"]["coordinates"]["longitude"]} &gt;= -180 and ${json_data["results"][0]["location"]["coordinates"]["longitude"]} &lt;= 180</arg>
<arg>Should Be True</arg>
<arg>${True}</arg>
<doc>Runs the given keyword with the given arguments, if ``condition`` is true.</doc>
<status status="PASS" start="2024-04-28T04:15:52.509646" elapsed="0.001024"/>
</kw>
<status status="PASS" start="2024-04-28T04:15:52.419327" elapsed="0.091477"/>
</kw>
<doc>Testa o conteúdo específico dos campos retornados pela API.</doc>
<tag>testeConteudo</tag>
<status status="PASS" start="2024-04-28T04:15:52.418754" elapsed="0.092208"/>
</test>
<status status="PASS" start="2024-04-28T04:15:49.895698" elapsed="2.617389"/>
</suite>
<status status="PASS" start="2024-04-28T04:15:49.881638" elapsed="2.637019"/>
</suite>
<statistics>
<total>
<stat pass="5" fail="0" skip="0">All Tests</stat>
</total>
<tag>
<stat pass="1" fail="0" skip="0">testeConteudo</stat>
<stat pass="1" fail="0" skip="0">testeEstruturaResposta</stat>
<stat pass="1" fail="0" skip="0">testeRequisicaoBasica</stat>
<stat pass="1" fail="0" skip="0">testeTiposDados</stat>
</tag>
<suite>
<stat pass="5" fail="0" skip="0" id="s1" name="Tests">Tests</stat>
<stat pass="5" fail="0" skip="0" id="s1-s1" name="Random-User-Test">Tests.Random-User-Test</stat>
</suite>
</statistics>
<errors>
</errors>
</robot>
