<?xml version="1.0" encoding="UTF-8"?>
<robot generator="Robot 7.0.1 (Python 3.12.4 on linux)" generated="2024-06-25T05:15:02.806680" rpa="false" schemaversion="5">
<suite id="s1" name="Tests" source="/home/runner/work/ApiRandomUser/ApiRandomUser/RamdonUser/tests">
<suite id="s1-s1" name="Random-User-Test" source="/home/runner/work/ApiRandomUser/ApiRandomUser/RamdonUser/tests/random-user-test.robot">
<test id="s1-s1-t1" name="Conectar" line="13">
<kw name="Conectar API" owner="random-user-service">
<kw name="Create Session" owner="RequestsLibrary">
<msg time="2024-06-25T05:15:03.194596" level="INFO">Creating Session using : alias=consultarAPI, url=https://randomuser.me/, headers={},                     cookies={}, auth=None, timeout=None, proxies=None, verify=False,                     debug=0 </msg>
<arg>consultarAPI</arg>
<arg>${URL}</arg>
<doc>Create Session: create a HTTP session to a server</doc>
<status status="PASS" start="2024-06-25T05:15:03.194392" elapsed="0.000371"/>
</kw>
<status status="PASS" start="2024-06-25T05:15:03.193441" elapsed="0.001671"/>
</kw>
<status status="PASS" start="2024-06-25T05:15:03.192910" elapsed="0.002392"/>
</test>
<test id="s1-s1-t2" name="Validar retorno 200 e JSON Válido" line="16">
<kw name="Teste de Requisicao Basica" owner="random-user-service">
<kw name="GET On Session" owner="RequestsLibrary">
<msg time="2024-06-25T05:15:03.917470" level="INFO">GET Request : url=https://randomuser.me/api 
 path_url=/api 
 headers={'User-Agent': 'python-requests/2.32.3', 'Accept-Encoding': 'gzip, deflate', 'Accept': '*/*', 'Connection': 'keep-alive'} 
 body=None 
 </msg>
<msg time="2024-06-25T05:15:03.917588" level="INFO">GET Response : url=https://randomuser.me/api 
 status=200, reason=OK 
 headers={'Date': 'Tue, 25 Jun 2024 05:15:03 GMT', 'Content-Type': 'application/json; charset=utf-8', 'Transfer-Encoding': 'chunked', 'Connection': 'keep-alive', 'X-Powered-By': 'Express', 'Access-Control-Allow-Origin': '*', 'Cache-Control': 'no-cache', 'ETag': 'W/"497-ohw2lezH8z8S7pOpXwCrBCaaeEU"', 'Vary': 'Accept-Encoding', 'Content-Encoding': 'gzip', 'CF-Cache-Status': 'DYNAMIC', 'Report-To': '{"endpoints":[{"url":"https:\\/\\/a.nel.cloudflare.com\\/report\\/v4?s=UkyiP0v550p6NgL4eIguHuPS4qAldZwQYI%2Beejw9pXkSRrRfGwJgt%2BmAhYkMX5HZMH22PXD15AZunYaPgdr2it3V55Ew1ISn5Wfo68Y%2FbvJ9ejG55b5thTiqN4kf7UXG"}],"group":"cf-nel","max_age":604800}', 'NEL': '{"success_fraction":0,"report_to":"cf-nel","max_age":604800}', 'Server': 'cloudflare', 'CF-RAY': '89927a439d997c3d-LAX', 'alt-svc': 'h3=":443"; ma=86400'} 
 body={"results":[{"gender":"female","name":{"title":"Mrs","first":"Brooklyn","last":"Patel"},"location":{"street":{"number":5936,"name":"Beach Road"},"city":"Masterton","state":"Hawke'S Bay","country":"New Zealand","postcode":59250,"coordinates":{"latitude":"53.8659","longitude":"161.7311"},"timezone":{"offset":"-6:00","description":"Central Time (US &amp; Canada), Mexico City"}},"email":"brooklyn.patel@example.com","login":{"uuid":"29739164-8d1c-4e31-bb49-c58f0f587ee4","username":"organicrabbit404","password":"dougie","salt":"1hV3lg9S","md5":"1cdaa0f75ef82286bc49dda2a0923d35","sha1":"02730f9a54a7df614b2f6970da5f99b5b69111ad","sha256":"388ede8cca00a75bff069db50d6bc858edeba6f856e5c5c4322f41ad5dc09c32"},"dob":{"date":"1973-09-01T15:00:35.479Z","age":50},"registered":{"date":"2022-03-09T12:35:01.066Z","age":2},"phone":"(935)-498-2084","cell":"(973)-738-2620","id":{"name":"","value":null},"picture":{"large":"https://randomuser.me/api/portraits/women/4.jpg","medium":"https://randomuser.me/api/portraits/med/women/4.jpg","thumbnail":"https://randomuser.me/api/portraits/thumb/women/4.jpg"},"nat":"NZ"}],"info":{"seed":"27d8248932b8d567","results":1,"page":1,"version":"1.4"}} 
 </msg>
<msg time="2024-06-25T05:15:03.917658" level="INFO">/opt/hostedtoolcache/Python/3.12.4/x64/lib/python3.12/site-packages/urllib3/connectionpool.py:1099: InsecureRequestWarning: Unverified HTTPS request is being made to host 'randomuser.me'. Adding certificate verification is strongly advised. See: https://urllib3.readthedocs.io/en/latest/advanced-usage.html#tls-warnings
  warnings.warn(</msg>
<msg time="2024-06-25T05:15:03.917771" level="INFO">${response} = &lt;Response [200]&gt;</msg>
<var>${response}</var>
<arg>consultarAPI</arg>
<arg>/api</arg>
<doc>Sends a GET request on a previously created HTTP Session.</doc>
<status status="PASS" start="2024-06-25T05:15:03.197840" elapsed="0.719970"/>
</kw>
<kw name="Should Be Equal As Numbers" owner="BuiltIn">
<msg time="2024-06-25T05:15:03.918671" level="INFO">Argument types are:
&lt;class 'int'&gt;
&lt;class 'str'&gt;</msg>
<arg>${response.status_code}</arg>
<arg>200</arg>
<doc>Fails if objects are unequal after converting them to real numbers.</doc>
<status status="PASS" start="2024-06-25T05:15:03.918255" elapsed="0.000484"/>
</kw>
<kw name="Log" owner="BuiltIn">
<msg time="2024-06-25T05:15:03.919387" level="INFO">200</msg>
<arg>${response.status_code}</arg>
<doc>Logs the given message with the given level.</doc>
<status status="PASS" start="2024-06-25T05:15:03.919047" elapsed="0.000382"/>
</kw>
<kw name="Set Variable" owner="BuiltIn">
<msg time="2024-06-25T05:15:03.920204" level="INFO">${json_data} = {'results': [{'gender': 'female', 'name': {'title': 'Mrs', 'first': 'Brooklyn', 'last': 'Patel'}, 'location': {'street': {'number': 5936, 'name': 'Beach Road'}, 'city': 'Masterton', 'state': "Hawke'S ...</msg>
<var>${json_data}</var>
<arg>${response.json()}</arg>
<doc>Returns the given values which can then be assigned to a variables.</doc>
<status status="PASS" start="2024-06-25T05:15:03.919781" elapsed="0.000452"/>
</kw>
<kw name="Dictionary Should Contain Key" owner="Collections">
<arg>${json_data}</arg>
<arg>results</arg>
<doc>Fails if ``key`` is not found from ``dictionary``.</doc>
<status status="PASS" start="2024-06-25T05:15:03.920530" elapsed="0.000166"/>
</kw>
<status status="PASS" start="2024-06-25T05:15:03.197591" elapsed="0.723250"/>
</kw>
<doc>Testa se a API responde corretamente e retorna um objeto JSON válido.</doc>
<tag>testeRequisicaoBasica</tag>
<status status="PASS" start="2024-06-25T05:15:03.197140" elapsed="0.723864"/>
</test>
<test id="s1-s1-t3" name="Validar estrutura de resposta" line="22">
<kw name="Teste de Estrutura de Resposta" owner="random-user-service">
<kw name="GET On Session" owner="RequestsLibrary">
<msg time="2024-06-25T05:15:04.089473" level="INFO">GET Request : url=https://randomuser.me/api 
 path_url=/api 
 headers={'User-Agent': 'python-requests/2.32.3', 'Accept-Encoding': 'gzip, deflate', 'Accept': '*/*', 'Connection': 'keep-alive'} 
 body=None 
 </msg>
<msg time="2024-06-25T05:15:04.089565" level="INFO">GET Response : url=https://randomuser.me/api 
 status=200, reason=OK 
 headers={'Date': 'Tue, 25 Jun 2024 05:15:04 GMT', 'Content-Type': 'application/json; charset=utf-8', 'Transfer-Encoding': 'chunked', 'Connection': 'keep-alive', 'X-Powered-By': 'Express', 'Access-Control-Allow-Origin': '*', 'Cache-Control': 'no-cache', 'ETag': 'W/"45f-tx6EOWOWwckhgmaxAcavoiJ9gPU"', 'Vary': 'Accept-Encoding', 'Content-Encoding': 'gzip', 'CF-Cache-Status': 'DYNAMIC', 'Report-To': '{"endpoints":[{"url":"https:\\/\\/a.nel.cloudflare.com\\/report\\/v4?s=5HOtPXEgM3MN%2BSiiRsND5N9ENfbLSL0oXw1WXLqxKTH5Gz4iK1s4eKHenZ%2B5rr0jqN0EYKqA9vjLpFTq%2BuC1UpvAi8D1pttmbxvHN9D5dXWt5Iep1olktu5bYcqhnHG%2B"}],"group":"cf-nel","max_age":604800}', 'NEL': '{"success_fraction":0,"report_to":"cf-nel","max_age":604800}', 'Server': 'cloudflare', 'CF-RAY': '89927a458f607c3d-LAX', 'alt-svc': 'h3=":443"; ma=86400'} 
 body={"results":[{"gender":"male","name":{"title":"Mr","first":"علی","last":"کوتی"},"location":{"street":{"number":1306,"name":"دماوند"},"city":"گرگان","state":"یزد","country":"Iran","postcode":56404,"coordinates":{"latitude":"21.1858","longitude":"-32.4556"},"timezone":{"offset":"+4:30","description":"Kabul"}},"email":"aaly.khwty@example.com","login":{"uuid":"9ea24ff8-a527-4e3b-ba7c-7db2c7e14143","username":"heavypeacock542","password":"oooooo","salt":"NwlD4pTS","md5":"0cf696addca7cecd2c64b0c546d510bb","sha1":"4021ba58b9c61c1638780c9fd0ff0e90f4a866bf","sha256":"c91f7212c9aeff516058ce0bf24fc38fe820df14bbb08f04187536c805cff16f"},"dob":{"date":"1992-08-07T02:50:29.126Z","age":31},"registered":{"date":"2016-12-11T17:38:18.841Z","age":7},"phone":"074-91202250","cell":"0932-955-4661","id":{"name":"","value":null},"picture":{"large":"https://randomuser.me/api/portraits/men/14.jpg","medium":"https://randomuser.me/api/portraits/med/men/14.jpg","thumbnail":"https://randomuser.me/api/portraits/thumb/men/14.jpg"},"nat":"IR"}],"info":{"seed":"e77de6210ef02074","results":1,"page":1,"version":"1.4"}} 
 </msg>
<msg time="2024-06-25T05:15:04.089668" level="INFO">/opt/hostedtoolcache/Python/3.12.4/x64/lib/python3.12/site-packages/urllib3/connectionpool.py:1099: InsecureRequestWarning: Unverified HTTPS request is being made to host 'randomuser.me'. Adding certificate verification is strongly advised. See: https://urllib3.readthedocs.io/en/latest/advanced-usage.html#tls-warnings
  warnings.warn(</msg>
<msg time="2024-06-25T05:15:04.089759" level="INFO">${response} = &lt;Response [200]&gt;</msg>
<var>${response}</var>
<arg>consultarAPI</arg>
<arg>/api</arg>
<doc>Sends a GET request on a previously created HTTP Session.</doc>
<status status="PASS" start="2024-06-25T05:15:03.923493" elapsed="0.166292"/>
</kw>
<kw name="Set Variable" owner="BuiltIn">
<msg time="2024-06-25T05:15:04.090618" level="INFO">${json_data} = {'results': [{'gender': 'male', 'name': {'title': 'Mr', 'first': 'علی', 'last': 'کوتی'}, 'location': {'street': {'number': 1306, 'name': 'دماوند'}, 'city': 'گرگان', 'state': 'یزد', 'country': 'Iran', ...</msg>
<var>${json_data}</var>
<arg>${response.json()}</arg>
<doc>Returns the given values which can then be assigned to a variables.</doc>
<status status="PASS" start="2024-06-25T05:15:04.090172" elapsed="0.000475"/>
</kw>
<kw name="Log" owner="BuiltIn">
<msg time="2024-06-25T05:15:04.091106" level="INFO">{'results': [{'gender': 'male', 'name': {'title': 'Mr', 'first': 'علی', 'last': 'کوتی'}, 'location': {'street': {'number': 1306, 'name': 'دماوند'}, 'city': 'گرگان', 'state': 'یزد', 'country': 'Iran', 'postcode': 56404, 'coordinates': {'latitude': '21.1858', 'longitude': '-32.4556'}, 'timezone': {'offset': '+4:30', 'description': 'Kabul'}}, 'email': 'aaly.khwty@example.com', 'login': {'uuid': '9ea24ff8-a527-4e3b-ba7c-7db2c7e14143', 'username': 'heavypeacock542', 'password': 'oooooo', 'salt': 'NwlD4pTS', 'md5': '0cf696addca7cecd2c64b0c546d510bb', 'sha1': '4021ba58b9c61c1638780c9fd0ff0e90f4a866bf', 'sha256': 'c91f7212c9aeff516058ce0bf24fc38fe820df14bbb08f04187536c805cff16f'}, 'dob': {'date': '1992-08-07T02:50:29.126Z', 'age': 31}, 'registered': {'date': '2016-12-11T17:38:18.841Z', 'age': 7}, 'phone': '074-91202250', 'cell': '0932-955-4661', 'id': {'name': '', 'value': None}, 'picture': {'large': 'https://randomuser.me/api/portraits/men/14.jpg', 'medium': 'https://randomuser.me/api/portraits/med/men/14.jpg', 'thumbnail': 'https://randomuser.me/api/portraits/thumb/men/14.jpg'}, 'nat': 'IR'}], 'info': {'seed': 'e77de6210ef02074', 'results': 1, 'page': 1, 'version': '1.4'}}</msg>
<arg>${json_data}</arg>
<doc>Logs the given message with the given level.</doc>
<status status="PASS" start="2024-06-25T05:15:04.090950" elapsed="0.000204"/>
</kw>
<kw name="Dictionary Should Contain Key" owner="Collections">
<arg>${json_data}</arg>
<arg>results</arg>
<doc>Fails if ``key`` is not found from ``dictionary``.</doc>
<status status="PASS" start="2024-06-25T05:15:04.091464" elapsed="0.000168"/>
</kw>
<kw name="Should Not Be Empty" owner="BuiltIn">
<msg time="2024-06-25T05:15:04.091937" level="INFO">Length is 2.</msg>
<arg>${json_data}</arg>
<doc>Verifies that the given item is not empty.</doc>
<status status="PASS" start="2024-06-25T05:15:04.091816" elapsed="0.000158"/>
</kw>
<kw name="Create List" owner="BuiltIn">
<msg time="2024-06-25T05:15:04.092520" level="INFO">${expected_keys} = ['gender', 'name', 'location', 'email', 'login']</msg>
<var>${expected_keys}</var>
<arg>gender</arg>
<arg>name</arg>
<arg>location</arg>
<arg>email</arg>
<arg>login</arg>
<doc>Returns a list containing given items.</doc>
<status status="PASS" start="2024-06-25T05:15:04.092255" elapsed="0.000289"/>
</kw>
<for flavor="IN">
<iter>
<kw name="Dictionary Should Contain Key" owner="Collections">
<arg>${json_data['results'][0]}</arg>
<arg>${key}</arg>
<doc>Fails if ``key`` is not found from ``dictionary``.</doc>
<status status="PASS" start="2024-06-25T05:15:04.093100" elapsed="0.000397"/>
</kw>
<kw name="Log" owner="BuiltIn">
<msg time="2024-06-25T05:15:04.094045" level="INFO">{'gender': 'male', 'name': {'title': 'Mr', 'first': 'علی', 'last': 'کوتی'}, 'location': {'street': {'number': 1306, 'name': 'دماوند'}, 'city': 'گرگان', 'state': 'یزد', 'country': 'Iran', 'postcode': 56404, 'coordinates': {'latitude': '21.1858', 'longitude': '-32.4556'}, 'timezone': {'offset': '+4:30', 'description': 'Kabul'}}, 'email': 'aaly.khwty@example.com', 'login': {'uuid': '9ea24ff8-a527-4e3b-ba7c-7db2c7e14143', 'username': 'heavypeacock542', 'password': 'oooooo', 'salt': 'NwlD4pTS', 'md5': '0cf696addca7cecd2c64b0c546d510bb', 'sha1': '4021ba58b9c61c1638780c9fd0ff0e90f4a866bf', 'sha256': 'c91f7212c9aeff516058ce0bf24fc38fe820df14bbb08f04187536c805cff16f'}, 'dob': {'date': '1992-08-07T02:50:29.126Z', 'age': 31}, 'registered': {'date': '2016-12-11T17:38:18.841Z', 'age': 7}, 'phone': '074-91202250', 'cell': '0932-955-4661', 'id': {'name': '', 'value': None}, 'picture': {'large': 'https://randomuser.me/api/portraits/men/14.jpg', 'medium': 'https://randomuser.me/api/portraits/med/men/14.jpg', 'thumbnail': 'https://randomuser.me/api/portraits/thumb/men/14.jpg'}, 'nat': 'IR'}</msg>
<arg>${json_data['results'][0]}</arg>
<doc>Logs the given message with the given level.</doc>
<status status="PASS" start="2024-06-25T05:15:04.093684" elapsed="0.000412"/>
</kw>
<kw name="Log" owner="BuiltIn">
<msg time="2024-06-25T05:15:04.094520" level="INFO">gender</msg>
<arg>${key}</arg>
<doc>Logs the given message with the given level.</doc>
<status status="PASS" start="2024-06-25T05:15:04.094393" elapsed="0.000166"/>
</kw>
<var name="${key}">gender</var>
<status status="PASS" start="2024-06-25T05:15:04.092980" elapsed="0.001791"/>
</iter>
<iter>
<kw name="Dictionary Should Contain Key" owner="Collections">
<arg>${json_data['results'][0]}</arg>
<arg>${key}</arg>
<doc>Fails if ``key`` is not found from ``dictionary``.</doc>
<status status="PASS" start="2024-06-25T05:15:04.095061" elapsed="0.000404"/>
</kw>
<kw name="Log" owner="BuiltIn">
<msg time="2024-06-25T05:15:04.096014" level="INFO">{'gender': 'male', 'name': {'title': 'Mr', 'first': 'علی', 'last': 'کوتی'}, 'location': {'street': {'number': 1306, 'name': 'دماوند'}, 'city': 'گرگان', 'state': 'یزد', 'country': 'Iran', 'postcode': 56404, 'coordinates': {'latitude': '21.1858', 'longitude': '-32.4556'}, 'timezone': {'offset': '+4:30', 'description': 'Kabul'}}, 'email': 'aaly.khwty@example.com', 'login': {'uuid': '9ea24ff8-a527-4e3b-ba7c-7db2c7e14143', 'username': 'heavypeacock542', 'password': 'oooooo', 'salt': 'NwlD4pTS', 'md5': '0cf696addca7cecd2c64b0c546d510bb', 'sha1': '4021ba58b9c61c1638780c9fd0ff0e90f4a866bf', 'sha256': 'c91f7212c9aeff516058ce0bf24fc38fe820df14bbb08f04187536c805cff16f'}, 'dob': {'date': '1992-08-07T02:50:29.126Z', 'age': 31}, 'registered': {'date': '2016-12-11T17:38:18.841Z', 'age': 7}, 'phone': '074-91202250', 'cell': '0932-955-4661', 'id': {'name': '', 'value': None}, 'picture': {'large': 'https://randomuser.me/api/portraits/men/14.jpg', 'medium': 'https://randomuser.me/api/portraits/med/men/14.jpg', 'thumbnail': 'https://randomuser.me/api/portraits/thumb/men/14.jpg'}, 'nat': 'IR'}</msg>
<arg>${json_data['results'][0]}</arg>
<doc>Logs the given message with the given level.</doc>
<status status="PASS" start="2024-06-25T05:15:04.095657" elapsed="0.000437"/>
</kw>
<kw name="Log" owner="BuiltIn">
<msg time="2024-06-25T05:15:04.096517" level="INFO">name</msg>
<arg>${key}</arg>
<doc>Logs the given message with the given level.</doc>
<status status="PASS" start="2024-06-25T05:15:04.096390" elapsed="0.000164"/>
</kw>
<var name="${key}">name</var>
<status status="PASS" start="2024-06-25T05:15:04.094952" elapsed="0.001813"/>
</iter>
<iter>
<kw name="Dictionary Should Contain Key" owner="Collections">
<arg>${json_data['results'][0]}</arg>
<arg>${key}</arg>
<doc>Fails if ``key`` is not found from ``dictionary``.</doc>
<status status="PASS" start="2024-06-25T05:15:04.097045" elapsed="0.000383"/>
</kw>
<kw name="Log" owner="BuiltIn">
<msg time="2024-06-25T05:15:04.097959" level="INFO">{'gender': 'male', 'name': {'title': 'Mr', 'first': 'علی', 'last': 'کوتی'}, 'location': {'street': {'number': 1306, 'name': 'دماوند'}, 'city': 'گرگان', 'state': 'یزد', 'country': 'Iran', 'postcode': 56404, 'coordinates': {'latitude': '21.1858', 'longitude': '-32.4556'}, 'timezone': {'offset': '+4:30', 'description': 'Kabul'}}, 'email': 'aaly.khwty@example.com', 'login': {'uuid': '9ea24ff8-a527-4e3b-ba7c-7db2c7e14143', 'username': 'heavypeacock542', 'password': 'oooooo', 'salt': 'NwlD4pTS', 'md5': '0cf696addca7cecd2c64b0c546d510bb', 'sha1': '4021ba58b9c61c1638780c9fd0ff0e90f4a866bf', 'sha256': 'c91f7212c9aeff516058ce0bf24fc38fe820df14bbb08f04187536c805cff16f'}, 'dob': {'date': '1992-08-07T02:50:29.126Z', 'age': 31}, 'registered': {'date': '2016-12-11T17:38:18.841Z', 'age': 7}, 'phone': '074-91202250', 'cell': '0932-955-4661', 'id': {'name': '', 'value': None}, 'picture': {'large': 'https://randomuser.me/api/portraits/men/14.jpg', 'medium': 'https://randomuser.me/api/portraits/med/men/14.jpg', 'thumbnail': 'https://randomuser.me/api/portraits/thumb/men/14.jpg'}, 'nat': 'IR'}</msg>
<arg>${json_data['results'][0]}</arg>
<doc>Logs the given message with the given level.</doc>
<status status="PASS" start="2024-06-25T05:15:04.097607" elapsed="0.000402"/>
</kw>
<kw name="Log" owner="BuiltIn">
<msg time="2024-06-25T05:15:04.098427" level="INFO">location</msg>
<arg>${key}</arg>
<doc>Logs the given message with the given level.</doc>
<status status="PASS" start="2024-06-25T05:15:04.098300" elapsed="0.000165"/>
</kw>
<var name="${key}">location</var>
<status status="PASS" start="2024-06-25T05:15:04.096938" elapsed="0.001740"/>
</iter>
<iter>
<kw name="Dictionary Should Contain Key" owner="Collections">
<arg>${json_data['results'][0]}</arg>
<arg>${key}</arg>
<doc>Fails if ``key`` is not found from ``dictionary``.</doc>
<status status="PASS" start="2024-06-25T05:15:04.098967" elapsed="0.000378"/>
</kw>
<kw name="Log" owner="BuiltIn">
<msg time="2024-06-25T05:15:04.099917" level="INFO">{'gender': 'male', 'name': {'title': 'Mr', 'first': 'علی', 'last': 'کوتی'}, 'location': {'street': {'number': 1306, 'name': 'دماوند'}, 'city': 'گرگان', 'state': 'یزد', 'country': 'Iran', 'postcode': 56404, 'coordinates': {'latitude': '21.1858', 'longitude': '-32.4556'}, 'timezone': {'offset': '+4:30', 'description': 'Kabul'}}, 'email': 'aaly.khwty@example.com', 'login': {'uuid': '9ea24ff8-a527-4e3b-ba7c-7db2c7e14143', 'username': 'heavypeacock542', 'password': 'oooooo', 'salt': 'NwlD4pTS', 'md5': '0cf696addca7cecd2c64b0c546d510bb', 'sha1': '4021ba58b9c61c1638780c9fd0ff0e90f4a866bf', 'sha256': 'c91f7212c9aeff516058ce0bf24fc38fe820df14bbb08f04187536c805cff16f'}, 'dob': {'date': '1992-08-07T02:50:29.126Z', 'age': 31}, 'registered': {'date': '2016-12-11T17:38:18.841Z', 'age': 7}, 'phone': '074-91202250', 'cell': '0932-955-4661', 'id': {'name': '', 'value': None}, 'picture': {'large': 'https://randomuser.me/api/portraits/men/14.jpg', 'medium': 'https://randomuser.me/api/portraits/med/men/14.jpg', 'thumbnail': 'https://randomuser.me/api/portraits/thumb/men/14.jpg'}, 'nat': 'IR'}</msg>
<arg>${json_data['results'][0]}</arg>
<doc>Logs the given message with the given level.</doc>
<status status="PASS" start="2024-06-25T05:15:04.099558" elapsed="0.000414"/>
</kw>
<kw name="Log" owner="BuiltIn">
<msg time="2024-06-25T05:15:04.100391" level="INFO">email</msg>
<arg>${key}</arg>
<doc>Logs the given message with the given level.</doc>
<status status="PASS" start="2024-06-25T05:15:04.100265" elapsed="0.000163"/>
</kw>
<var name="${key}">email</var>
<status status="PASS" start="2024-06-25T05:15:04.098860" elapsed="0.001779"/>
</iter>
<iter>
<kw name="Dictionary Should Contain Key" owner="Collections">
<arg>${json_data['results'][0]}</arg>
<arg>${key}</arg>
<doc>Fails if ``key`` is not found from ``dictionary``.</doc>
<status status="PASS" start="2024-06-25T05:15:04.100910" elapsed="0.000385"/>
</kw>
<kw name="Log" owner="BuiltIn">
<msg time="2024-06-25T05:15:04.101830" level="INFO">{'gender': 'male', 'name': {'title': 'Mr', 'first': 'علی', 'last': 'کوتی'}, 'location': {'street': {'number': 1306, 'name': 'دماوند'}, 'city': 'گرگان', 'state': 'یزد', 'country': 'Iran', 'postcode': 56404, 'coordinates': {'latitude': '21.1858', 'longitude': '-32.4556'}, 'timezone': {'offset': '+4:30', 'description': 'Kabul'}}, 'email': 'aaly.khwty@example.com', 'login': {'uuid': '9ea24ff8-a527-4e3b-ba7c-7db2c7e14143', 'username': 'heavypeacock542', 'password': 'oooooo', 'salt': 'NwlD4pTS', 'md5': '0cf696addca7cecd2c64b0c546d510bb', 'sha1': '4021ba58b9c61c1638780c9fd0ff0e90f4a866bf', 'sha256': 'c91f7212c9aeff516058ce0bf24fc38fe820df14bbb08f04187536c805cff16f'}, 'dob': {'date': '1992-08-07T02:50:29.126Z', 'age': 31}, 'registered': {'date': '2016-12-11T17:38:18.841Z', 'age': 7}, 'phone': '074-91202250', 'cell': '0932-955-4661', 'id': {'name': '', 'value': None}, 'picture': {'large': 'https://randomuser.me/api/portraits/men/14.jpg', 'medium': 'https://randomuser.me/api/portraits/med/men/14.jpg', 'thumbnail': 'https://randomuser.me/api/portraits/thumb/men/14.jpg'}, 'nat': 'IR'}</msg>
<arg>${json_data['results'][0]}</arg>
<doc>Logs the given message with the given level.</doc>
<status status="PASS" start="2024-06-25T05:15:04.101475" elapsed="0.000407"/>
</kw>
<kw name="Log" owner="BuiltIn">
<msg time="2024-06-25T05:15:04.102303" level="INFO">login</msg>
<arg>${key}</arg>
<doc>Logs the given message with the given level.</doc>
<status status="PASS" start="2024-06-25T05:15:04.102176" elapsed="0.000164"/>
</kw>
<var name="${key}">login</var>
<status status="PASS" start="2024-06-25T05:15:04.100804" elapsed="0.001749"/>
</iter>
<var>${key}</var>
<value>@{expected_keys}</value>
<status status="PASS" start="2024-06-25T05:15:04.092797" elapsed="0.009872"/>
</for>
<kw name="Create List" owner="BuiltIn">
<msg time="2024-06-25T05:15:04.102984" level="INFO">${expected_keysTwo} = ['username', 'password']</msg>
<var>${expected_keysTwo}</var>
<arg>username</arg>
<arg>password</arg>
<doc>Returns a list containing given items.</doc>
<status status="PASS" start="2024-06-25T05:15:04.102852" elapsed="0.000155"/>
</kw>
<for flavor="IN">
<iter>
<kw name="Dictionary Should Contain Key" owner="Collections">
<arg>${json_data['results'][0]['login']}</arg>
<arg>${keyTwo}</arg>
<doc>Fails if ``key`` is not found from ``dictionary``.</doc>
<status status="PASS" start="2024-06-25T05:15:04.103554" elapsed="0.000387"/>
</kw>
<kw name="Dictionary Should Contain Key" owner="Collections">
<arg>${json_data['results'][0]['login']}</arg>
<arg>${keyTwo}</arg>
<doc>Fails if ``key`` is not found from ``dictionary``.</doc>
<status status="PASS" start="2024-06-25T05:15:04.104128" elapsed="0.000371"/>
</kw>
<kw name="Log" owner="BuiltIn">
<msg time="2024-06-25T05:15:04.104793" level="INFO">username</msg>
<arg>${keyTwo}</arg>
<doc>Logs the given message with the given level.</doc>
<status status="PASS" start="2024-06-25T05:15:04.104675" elapsed="0.000155"/>
</kw>
<var name="${keyTwo}">username</var>
<status status="PASS" start="2024-06-25T05:15:04.103417" elapsed="0.001634"/>
</iter>
<iter>
<kw name="Dictionary Should Contain Key" owner="Collections">
<arg>${json_data['results'][0]['login']}</arg>
<arg>${keyTwo}</arg>
<doc>Fails if ``key`` is not found from ``dictionary``.</doc>
<status status="PASS" start="2024-06-25T05:15:04.105325" elapsed="0.000386"/>
</kw>
<kw name="Dictionary Should Contain Key" owner="Collections">
<arg>${json_data['results'][0]['login']}</arg>
<arg>${keyTwo}</arg>
<doc>Fails if ``key`` is not found from ``dictionary``.</doc>
<status status="PASS" start="2024-06-25T05:15:04.105892" elapsed="0.000377"/>
</kw>
<kw name="Log" owner="BuiltIn">
<msg time="2024-06-25T05:15:04.106560" level="INFO">password</msg>
<arg>${keyTwo}</arg>
<doc>Logs the given message with the given level.</doc>
<status status="PASS" start="2024-06-25T05:15:04.106443" elapsed="0.000153"/>
</kw>
<var name="${keyTwo}">password</var>
<status status="PASS" start="2024-06-25T05:15:04.105221" elapsed="0.001681"/>
</iter>
<var>${keyTwo}</var>
<value>@{expected_keysTwo}</value>
<status status="PASS" start="2024-06-25T05:15:04.103263" elapsed="0.003760"/>
</for>
<status status="PASS" start="2024-06-25T05:15:03.923249" elapsed="0.183909"/>
</kw>
<doc>Testa a estrutura da resposta da API.</doc>
<tag>testeEstruturaResposta</tag>
<status status="PASS" start="2024-06-25T05:15:03.922747" elapsed="0.184561"/>
</test>
<test id="s1-s1-t4" name="Validar tipos de dados" line="28">
<kw name="Teste de Tipos de Dados" owner="random-user-service">
<kw name="GET On Session" owner="RequestsLibrary">
<msg time="2024-06-25T05:15:04.256075" level="INFO">GET Request : url=https://randomuser.me/api 
 path_url=/api 
 headers={'User-Agent': 'python-requests/2.32.3', 'Accept-Encoding': 'gzip, deflate', 'Accept': '*/*', 'Connection': 'keep-alive'} 
 body=None 
 </msg>
<msg time="2024-06-25T05:15:04.256160" level="INFO">GET Response : url=https://randomuser.me/api 
 status=200, reason=OK 
 headers={'Date': 'Tue, 25 Jun 2024 05:15:04 GMT', 'Content-Type': 'application/json; charset=utf-8', 'Transfer-Encoding': 'chunked', 'Connection': 'keep-alive', 'X-Powered-By': 'Express', 'Access-Control-Allow-Origin': '*', 'Cache-Control': 'no-cache', 'ETag': 'W/"48c-IYtxh7V08xElcJ84v5DbPH9czf0"', 'Vary': 'Accept-Encoding', 'Content-Encoding': 'gzip', 'CF-Cache-Status': 'DYNAMIC', 'Report-To': '{"endpoints":[{"url":"https:\\/\\/a.nel.cloudflare.com\\/report\\/v4?s=FhKdue1C5I%2FOgfYGTZ6BaJBLHXteFGiGhiL3CLFTE4sRMRTttMsNve5Uj9F7k3mKFbXPSCIuvjJmE%2FWHwdyl%2FRoWE54TYacDw3XyjZV0QS%2Fgx9c%2BSH0NRzSS6UK31q3r"}],"group":"cf-nel","max_age":604800}', 'NEL': '{"success_fraction":0,"report_to":"cf-nel","max_age":604800}', 'Server': 'cloudflare', 'CF-RAY': '89927a46b8877c3d-LAX', 'alt-svc': 'h3=":443"; ma=86400'} 
 body={"results":[{"gender":"female","name":{"title":"Mrs","first":"آوینا","last":"نكو نظر"},"location":{"street":{"number":5182,"name":"نبرد"},"city":"اصفهان","state":"مازندران","country":"Iran","postcode":84110,"coordinates":{"latitude":"17.3609","longitude":"78.9879"},"timezone":{"offset":"-11:00","description":"Midway Island, Samoa"}},"email":"awyn.nkwnzr@example.com","login":{"uuid":"1c818d2a-dc24-4b86-883f-170a8a2dbec1","username":"yellowbutterfly523","password":"cbr600","salt":"WlqSHzrH","md5":"afd6fb8913656fa3602f8e3502303f34","sha1":"5754f6ac6f8cfd3b3fa9ad7476a256b145803216","sha256":"3bfe673753125d99dbc96c9febefe89bc52084908523d7b4fea1ed9dc9805443"},"dob":{"date":"1947-05-24T08:34:17.797Z","age":77},"registered":{"date":"2015-12-05T22:52:38.669Z","age":8},"phone":"061-87970786","cell":"0957-504-7962","id":{"name":"","value":null},"picture":{"large":"https://randomuser.me/api/portraits/women/52.jpg","medium":"https://randomuser.me/api/portraits/med/women/52.jpg","thumbnail":"https://randomuser.me/api/portraits/thumb/women/52.jpg"},"nat":"IR"}],"info":{"seed":"bd0e6fa02144cdb5","results":1,"page":1,"version":"1.4"}} 
 </msg>
<msg time="2024-06-25T05:15:04.256241" level="INFO">/opt/hostedtoolcache/Python/3.12.4/x64/lib/python3.12/site-packages/urllib3/connectionpool.py:1099: InsecureRequestWarning: Unverified HTTPS request is being made to host 'randomuser.me'. Adding certificate verification is strongly advised. See: https://urllib3.readthedocs.io/en/latest/advanced-usage.html#tls-warnings
  warnings.warn(</msg>
<msg time="2024-06-25T05:15:04.256354" level="INFO">${response} = &lt;Response [200]&gt;</msg>
<var>${response}</var>
<arg>consultarAPI</arg>
<arg>/api</arg>
<doc>Sends a GET request on a previously created HTTP Session.</doc>
<status status="PASS" start="2024-06-25T05:15:04.109713" elapsed="0.146683"/>
</kw>
<kw name="Set Variable" owner="BuiltIn">
<msg time="2024-06-25T05:15:04.257342" level="INFO">${json_data} = {'results': [{'gender': 'female', 'name': {'title': 'Mrs', 'first': 'آوینا', 'last': 'نكو نظر'}, 'location': {'street': {'number': 5182, 'name': 'نبرد'}, 'city': 'اصفهان', 'state': 'مازندران', 'countr...</msg>
<var>${json_data}</var>
<arg>${response.json()}</arg>
<doc>Returns the given values which can then be assigned to a variables.</doc>
<status status="PASS" start="2024-06-25T05:15:04.256888" elapsed="0.000485"/>
</kw>
<kw name="Log" owner="BuiltIn">
<msg time="2024-06-25T05:15:04.257834" level="INFO">{'results': [{'gender': 'female', 'name': {'title': 'Mrs', 'first': 'آوینا', 'last': 'نكو نظر'}, 'location': {'street': {'number': 5182, 'name': 'نبرد'}, 'city': 'اصفهان', 'state': 'مازندران', 'country': 'Iran', 'postcode': 84110, 'coordinates': {'latitude': '17.3609', 'longitude': '78.9879'}, 'timezone': {'offset': '-11:00', 'description': 'Midway Island, Samoa'}}, 'email': 'awyn.nkwnzr@example.com', 'login': {'uuid': '1c818d2a-dc24-4b86-883f-170a8a2dbec1', 'username': 'yellowbutterfly523', 'password': 'cbr600', 'salt': 'WlqSHzrH', 'md5': 'afd6fb8913656fa3602f8e3502303f34', 'sha1': '5754f6ac6f8cfd3b3fa9ad7476a256b145803216', 'sha256': '3bfe673753125d99dbc96c9febefe89bc52084908523d7b4fea1ed9dc9805443'}, 'dob': {'date': '1947-05-24T08:34:17.797Z', 'age': 77}, 'registered': {'date': '2015-12-05T22:52:38.669Z', 'age': 8}, 'phone': '061-87970786', 'cell': '0957-504-7962', 'id': {'name': '', 'value': None}, 'picture': {'large': 'https://randomuser.me/api/portraits/women/52.jpg', 'medium': 'https://randomuser.me/api/portraits/med/women/52.jpg', 'thumbnail': 'https://randomuser.me/api/portraits/thumb/women/52.jpg'}, 'nat': 'IR'}], 'info': {'seed': 'bd0e6fa02144cdb5', 'results': 1, 'page': 1, 'version': '1.4'}}</msg>
<arg>${json_data}</arg>
<doc>Logs the given message with the given level.</doc>
<status status="PASS" start="2024-06-25T05:15:04.257674" elapsed="0.000210"/>
</kw>
<kw name="Should Be String" owner="String">
<arg>${json_data['results'][0]['gender']}</arg>
<doc>Fails if the given ``item`` is not a string.</doc>
<status status="PASS" start="2024-06-25T05:15:04.258174" elapsed="0.000363"/>
</kw>
<kw name="Should Match Regexp" owner="BuiltIn">
<arg>${json_data['results'][0]['email']}</arg>
<arg>^[a-zA-Z0-9._%+-]+@[a-zA-Z0-9.-]+\.[a-zA-Z]{2,}$</arg>
<doc>Fails if ``string`` does not match ``pattern`` as a regular expression.</doc>
<status status="PASS" start="2024-06-25T05:15:04.258721" elapsed="0.000508"/>
</kw>
<kw name="Should Match Regexp" owner="BuiltIn">
<arg>${json_data['results'][0]['dob']['date']}</arg>
<arg>\\d{4}-\\d{2}-\\d{2}T\\d{2}:\\d{2}:\\d{2}\\.\\d{3}Z</arg>
<doc>Fails if ``string`` does not match ``pattern`` as a regular expression.</doc>
<status status="PASS" start="2024-06-25T05:15:04.259483" elapsed="0.000497"/>
</kw>
<kw name="Should Match Regexp" owner="BuiltIn">
<arg>${json_data['results'][0]['registered']['date']}</arg>
<arg>\\d{4}-\\d{2}-\\d{2}T\\d{2}:\\d{2}:\\d{2}\\.\\d{3}Z</arg>
<doc>Fails if ``string`` does not match ``pattern`` as a regular expression.</doc>
<status status="PASS" start="2024-06-25T05:15:04.260173" elapsed="0.000374"/>
</kw>
<kw name="Should Match Regexp" owner="BuiltIn">
<arg>${json_data['results'][0]['picture']['large']}</arg>
<arg>^https?://.*\.(?:png|jpe?g|gif|bmp)$</arg>
<doc>Fails if ``string`` does not match ``pattern`` as a regular expression.</doc>
<status status="PASS" start="2024-06-25T05:15:04.260731" elapsed="0.000453"/>
</kw>
<kw name="Should Match Regexp" owner="BuiltIn">
<arg>${json_data['results'][0]['picture']['medium']}</arg>
<arg>^https?://.*\.(?:png|jpe?g|gif|bmp)$</arg>
<doc>Fails if ``string`` does not match ``pattern`` as a regular expression.</doc>
<status status="PASS" start="2024-06-25T05:15:04.261368" elapsed="0.000346"/>
</kw>
<kw name="Should Match Regexp" owner="BuiltIn">
<arg>${json_data['results'][0]['picture']['thumbnail']}</arg>
<arg>^https?://.*\.(?:png|jpe?g|gif|bmp)$</arg>
<doc>Fails if ``string`` does not match ``pattern`` as a regular expression.</doc>
<status status="PASS" start="2024-06-25T05:15:04.261899" elapsed="0.000363"/>
</kw>
<kw name="Log" owner="BuiltIn">
<msg time="2024-06-25T05:15:04.262764" level="INFO">{'large': 'https://randomuser.me/api/portraits/women/52.jpg', 'medium': 'https://randomuser.me/api/portraits/med/women/52.jpg', 'thumbnail': 'https://randomuser.me/api/portraits/thumb/women/52.jpg'}</msg>
<arg>${json_data['results'][0]['picture']}</arg>
<doc>Logs the given message with the given level.</doc>
<status status="PASS" start="2024-06-25T05:15:04.262441" elapsed="0.000365"/>
</kw>
<status status="PASS" start="2024-06-25T05:15:04.109500" elapsed="0.153557"/>
</kw>
<kw name="Teste de Tipos de Dados - Postcode" owner="random-user-service">
<kw name="GET On Session" owner="RequestsLibrary">
<msg time="2024-06-25T05:15:04.368773" level="INFO">GET Request : url=https://randomuser.me/api 
 path_url=/api 
 headers={'User-Agent': 'python-requests/2.32.3', 'Accept-Encoding': 'gzip, deflate', 'Accept': '*/*', 'Connection': 'keep-alive'} 
 body=None 
 </msg>
<msg time="2024-06-25T05:15:04.368854" level="INFO">GET Response : url=https://randomuser.me/api 
 status=200, reason=OK 
 headers={'Date': 'Tue, 25 Jun 2024 05:15:04 GMT', 'Content-Type': 'application/json; charset=utf-8', 'Transfer-Encoding': 'chunked', 'Connection': 'keep-alive', 'X-Powered-By': 'Express', 'Access-Control-Allow-Origin': '*', 'Cache-Control': 'no-cache', 'ETag': 'W/"48b-UL1Wk4tuymwJixLhEHe9CHywnZM"', 'Vary': 'Accept-Encoding', 'Content-Encoding': 'gzip', 'CF-Cache-Status': 'DYNAMIC', 'Report-To': '{"endpoints":[{"url":"https:\\/\\/a.nel.cloudflare.com\\/report\\/v4?s=RUCqmlkWG3Ns3bnI2ewD%2FAUXRT82BS6wGb7JD79neKiB2FEQqillOt%2FTBR2VYcMTqEvPa4djen6kZKEQ68aEHp8lL5%2BkRmzs23e6UfoztGpjkJuVdWGv1nirRjpux8ob"}],"group":"cf-nel","max_age":604800}', 'NEL': '{"success_fraction":0,"report_to":"cf-nel","max_age":604800}', 'Server': 'cloudflare', 'CF-RAY': '89927a47a97c7c3d-LAX', 'alt-svc': 'h3=":443"; ma=86400'} 
 body={"results":[{"gender":"male","name":{"title":"Mr","first":"Dalemil","last":"Moroz"},"location":{"street":{"number":8413,"name":"Studentskiy bulvar"},"city":"Snovsk","state":"Mikolayivska","country":"Ukraine","postcode":33977,"coordinates":{"latitude":"73.3765","longitude":"-129.3155"},"timezone":{"offset":"-3:00","description":"Brazil, Buenos Aires, Georgetown"}},"email":"dalemil.moroz@example.com","login":{"uuid":"495ddc94-038e-4524-bbcd-ea6c19a4e863","username":"smallsnake891","password":"qazwsxed","salt":"coF6vkqT","md5":"3e1b3ef98a8cb58e0d8cd86c04950319","sha1":"a49755b090b2ceb2d53e2d0d779f5618a92baf25","sha256":"ce1ad08f96e63974e90693637702dc8ebe104e6acf99d1610770afe1f20202c6"},"dob":{"date":"1980-09-26T01:46:22.344Z","age":43},"registered":{"date":"2010-10-13T19:57:04.921Z","age":13},"phone":"(066) P62-8532","cell":"(099) H10-0351","id":{"name":"","value":null},"picture":{"large":"https://randomuser.me/api/portraits/men/75.jpg","medium":"https://randomuser.me/api/portraits/med/men/75.jpg","thumbnail":"https://randomuser.me/api/portraits/thumb/men/75.jpg"},"nat":"UA"}],"info":{"seed":"05f4459503c53c19","results":1,"page":1,"version":"1.4"}} 
 </msg>
<msg time="2024-06-25T05:15:04.368924" level="INFO">/opt/hostedtoolcache/Python/3.12.4/x64/lib/python3.12/site-packages/urllib3/connectionpool.py:1099: InsecureRequestWarning: Unverified HTTPS request is being made to host 'randomuser.me'. Adding certificate verification is strongly advised. See: https://urllib3.readthedocs.io/en/latest/advanced-usage.html#tls-warnings
  warnings.warn(</msg>
<msg time="2024-06-25T05:15:04.369034" level="INFO">${response} = &lt;Response [200]&gt;</msg>
<var>${response}</var>
<arg>consultarAPI</arg>
<arg>/api</arg>
<doc>Sends a GET request on a previously created HTTP Session.</doc>
<status status="PASS" start="2024-06-25T05:15:04.263495" elapsed="0.105578"/>
</kw>
<kw name="Set Variable" owner="BuiltIn">
<msg time="2024-06-25T05:15:04.369886" level="INFO">${json_data} = {'results': [{'gender': 'male', 'name': {'title': 'Mr', 'first': 'Dalemil', 'last': 'Moroz'}, 'location': {'street': {'number': 8413, 'name': 'Studentskiy bulvar'}, 'city': 'Snovsk', 'state': 'Mikolay...</msg>
<var>${json_data}</var>
<arg>${response.json()}</arg>
<doc>Returns the given values which can then be assigned to a variables.</doc>
<status status="PASS" start="2024-06-25T05:15:04.369446" elapsed="0.000471"/>
</kw>
<kw name="Log" owner="BuiltIn">
<msg time="2024-06-25T05:15:04.370365" level="INFO">{'results': [{'gender': 'male', 'name': {'title': 'Mr', 'first': 'Dalemil', 'last': 'Moroz'}, 'location': {'street': {'number': 8413, 'name': 'Studentskiy bulvar'}, 'city': 'Snovsk', 'state': 'Mikolayivska', 'country': 'Ukraine', 'postcode': 33977, 'coordinates': {'latitude': '73.3765', 'longitude': '-129.3155'}, 'timezone': {'offset': '-3:00', 'description': 'Brazil, Buenos Aires, Georgetown'}}, 'email': 'dalemil.moroz@example.com', 'login': {'uuid': '495ddc94-038e-4524-bbcd-ea6c19a4e863', 'username': 'smallsnake891', 'password': 'qazwsxed', 'salt': 'coF6vkqT', 'md5': '3e1b3ef98a8cb58e0d8cd86c04950319', 'sha1': 'a49755b090b2ceb2d53e2d0d779f5618a92baf25', 'sha256': 'ce1ad08f96e63974e90693637702dc8ebe104e6acf99d1610770afe1f20202c6'}, 'dob': {'date': '1980-09-26T01:46:22.344Z', 'age': 43}, 'registered': {'date': '2010-10-13T19:57:04.921Z', 'age': 13}, 'phone': '(066) P62-8532', 'cell': '(099) H10-0351', 'id': {'name': '', 'value': None}, 'picture': {'large': 'https://randomuser.me/api/portraits/men/75.jpg', 'medium': 'https://randomuser.me/api/portraits/med/men/75.jpg', 'thumbnail': 'https://randomuser.me/api/portraits/thumb/men/75.jpg'}, 'nat': 'UA'}], 'info': {'seed': '05f4459503c53c19', 'results': 1, 'page': 1, 'version': '1.4'}}</msg>
<arg>${json_data}</arg>
<doc>Logs the given message with the given level.</doc>
<status status="PASS" start="2024-06-25T05:15:04.370216" elapsed="0.000195"/>
</kw>
<kw name="Should Be Equal As Numbers" owner="BuiltIn">
<arg>${json_data['results'][0]['location']['postcode']}</arg>
<arg>${json_data['results'][0]['location']['postcode']}</arg>
<doc>Fails if objects are unequal after converting them to real numbers.</doc>
<status status="PASS" start="2024-06-25T05:15:04.370701" elapsed="0.000610"/>
</kw>
<kw name="Log" owner="BuiltIn">
<msg time="2024-06-25T05:15:04.371998" level="INFO">33977</msg>
<arg>${json_data['results'][0]['location']['postcode']}</arg>
<doc>Logs the given message with the given level.</doc>
<status status="PASS" start="2024-06-25T05:15:04.371542" elapsed="0.000497"/>
</kw>
<status status="PASS" start="2024-06-25T05:15:04.263260" elapsed="0.109028"/>
</kw>
<doc>Testa se os tipos de dados na resposta da API estão corretos.</doc>
<tag>testeTiposDados</tag>
<status status="PASS" start="2024-06-25T05:15:04.109084" elapsed="0.263390"/>
</test>
<test id="s1-s1-t5" name="Validar conteudo" line="35">
<kw name="Teste de Tipos de Conteudo" owner="random-user-service">
<kw name="GET On Session" owner="RequestsLibrary">
<msg time="2024-06-25T05:15:04.473420" level="INFO">GET Request : url=https://randomuser.me/api 
 path_url=/api 
 headers={'User-Agent': 'python-requests/2.32.3', 'Accept-Encoding': 'gzip, deflate', 'Accept': '*/*', 'Connection': 'keep-alive'} 
 body=None 
 </msg>
<msg time="2024-06-25T05:15:04.473504" level="INFO">GET Response : url=https://randomuser.me/api 
 status=200, reason=OK 
 headers={'Date': 'Tue, 25 Jun 2024 05:15:04 GMT', 'Content-Type': 'application/json; charset=utf-8', 'Transfer-Encoding': 'chunked', 'Connection': 'keep-alive', 'X-Powered-By': 'Express', 'Access-Control-Allow-Origin': '*', 'Cache-Control': 'no-cache', 'ETag': 'W/"49f-rHSwynfHDP8xkEF3bVA6RNrVGp8"', 'Vary': 'Accept-Encoding', 'Content-Encoding': 'gzip', 'CF-Cache-Status': 'DYNAMIC', 'Report-To': '{"endpoints":[{"url":"https:\\/\\/a.nel.cloudflare.com\\/report\\/v4?s=mZfffuSyAU0LWPKBEvTQIEhCbDVn54gG0%2FvAjLkqRux9%2FvXn9JHI%2Bvz3Shuxw6aeIkphlBojsmuXYE5sHZRv%2FvaV4ImKk%2F8qEUT4UYPGL%2Fak8kVqbizoYp13FIBkAmNW"}],"group":"cf-nel","max_age":604800}', 'NEL': '{"success_fraction":0,"report_to":"cf-nel","max_age":604800}', 'Server': 'cloudflare', 'CF-RAY': '89927a485a177c3d-LAX', 'alt-svc': 'h3=":443"; ma=86400'} 
 body={"results":[{"gender":"female","name":{"title":"Miss","first":"رونیکا","last":"زارعی"},"location":{"street":{"number":2263,"name":"پاتریس لومومبا"},"city":"بیرجند","state":"هرمزگان","country":"Iran","postcode":79124,"coordinates":{"latitude":"12.9564","longitude":"150.3427"},"timezone":{"offset":"+7:00","description":"Bangkok, Hanoi, Jakarta"}},"email":"rwnykh.zraay@example.com","login":{"uuid":"634c3e4a-c671-444a-830a-f3fba12e7d54","username":"purplezebra272","password":"12345678","salt":"yEgppPHn","md5":"84e0151e43cc55caa0b0090ec059f0da","sha1":"5c7938717e3832731b8f0275aabf9cb2021fa8d8","sha256":"2b2f726cef6febd5fefdaafd1d37bfd65fb5a5e9827b3b50e28a6710fdc6c0e8"},"dob":{"date":"2000-06-29T15:27:38.933Z","age":23},"registered":{"date":"2017-03-30T07:18:24.864Z","age":7},"phone":"011-94832195","cell":"0910-522-1372","id":{"name":"","value":null},"picture":{"large":"https://randomuser.me/api/portraits/women/63.jpg","medium":"https://randomuser.me/api/portraits/med/women/63.jpg","thumbnail":"https://randomuser.me/api/portraits/thumb/women/63.jpg"},"nat":"IR"}],"info":{"seed":"29bc1c0711101d96","results":1,"page":1,"version":"1.4"}} 
 </msg>
<msg time="2024-06-25T05:15:04.473581" level="INFO">/opt/hostedtoolcache/Python/3.12.4/x64/lib/python3.12/site-packages/urllib3/connectionpool.py:1099: InsecureRequestWarning: Unverified HTTPS request is being made to host 'randomuser.me'. Adding certificate verification is strongly advised. See: https://urllib3.readthedocs.io/en/latest/advanced-usage.html#tls-warnings
  warnings.warn(</msg>
<msg time="2024-06-25T05:15:04.473693" level="INFO">${response} = &lt;Response [200]&gt;</msg>
<var>${response}</var>
<arg>consultarAPI</arg>
<arg>/api</arg>
<doc>Sends a GET request on a previously created HTTP Session.</doc>
<status status="PASS" start="2024-06-25T05:15:04.374868" elapsed="0.098865"/>
</kw>
<kw name="Set Variable" owner="BuiltIn">
<msg time="2024-06-25T05:15:04.474680" level="INFO">${json_data} = {'results': [{'gender': 'female', 'name': {'title': 'Miss', 'first': 'رونیکا', 'last': 'زارعی'}, 'location': {'street': {'number': 2263, 'name': 'پاتریس لومومبا'}, 'city': 'بیرجند', 'state': 'هرمزگان'...</msg>
<var>${json_data}</var>
<arg>${response.json()}</arg>
<doc>Returns the given values which can then be assigned to a variables.</doc>
<status status="PASS" start="2024-06-25T05:15:04.474232" elapsed="0.000477"/>
</kw>
<kw name="Set Variable" owner="BuiltIn">
<msg time="2024-06-25T05:15:04.475375" level="INFO">${name_title} = Miss</msg>
<var>${name_title}</var>
<arg>${json_data["results"][0]["name"]["title"]}</arg>
<doc>Returns the given values which can then be assigned to a variables.</doc>
<status status="PASS" start="2024-06-25T05:15:04.475006" elapsed="0.000394"/>
</kw>
<kw name="Create List" owner="BuiltIn">
<msg time="2024-06-25T05:15:04.475873" level="INFO">${allowed_titles} = ['Mr', 'Ms', 'Miss', 'Mrs', 'Madame', 'Monsieur']</msg>
<var>${allowed_titles}</var>
<arg>Mr</arg>
<arg>Ms</arg>
<arg>Miss</arg>
<arg>Mrs</arg>
<arg>Madame</arg>
<arg>Monsieur</arg>
<doc>Returns a list containing given items.</doc>
<status status="PASS" start="2024-06-25T05:15:04.475728" elapsed="0.000169"/>
</kw>
<kw name="List Should Contain Value" owner="Collections">
<arg>${allowed_titles}</arg>
<arg>${name_title}</arg>
<doc>Fails if the ``value`` is not found from ``list``.</doc>
<status status="PASS" start="2024-06-25T05:15:04.476193" elapsed="0.000173"/>
</kw>
<kw name="Set Variable" owner="BuiltIn">
<msg time="2024-06-25T05:15:04.476979" level="INFO">${name_country} = IR</msg>
<var>${name_country}</var>
<arg>${json_data["results"][0]["nat"]}</arg>
<doc>Returns the given values which can then be assigned to a variables.</doc>
<status status="PASS" start="2024-06-25T05:15:04.476542" elapsed="0.000465"/>
</kw>
<kw name="Create List" owner="BuiltIn">
<msg time="2024-06-25T05:15:04.477994" level="INFO">${list_country} = ['AD', 'AE', 'AF', 'AG', 'AI', 'AL', 'AM', 'AO', 'AQ', 'AR', 'AS', 'AT', 'AU', 'AW', 'AX', 'AZ', 'BA', 'BB', 'BD', 'BE', 'BF', 'BG', 'BH', 'BI', 'BJ', 'BL', 'BM', 'BN', 'BO', 'BQ', 'BR', 'BS', 'BT', '...</msg>
<var>${list_country}</var>
<arg>AD</arg>
<arg>AE</arg>
<arg>AF</arg>
<arg>AG</arg>
<arg>AI</arg>
<arg>AL</arg>
<arg>AM</arg>
<arg>AO</arg>
<arg>AQ</arg>
<arg>AR</arg>
<arg>AS</arg>
<arg>AT</arg>
<arg>AU</arg>
<arg>AW</arg>
<arg>AX</arg>
<arg>AZ</arg>
<arg>BA</arg>
<arg>BB</arg>
<arg>BD</arg>
<arg>BE</arg>
<arg>BF</arg>
<arg>BG</arg>
<arg>BH</arg>
<arg>BI</arg>
<arg>BJ</arg>
<arg>BL</arg>
<arg>BM</arg>
<arg>BN</arg>
<arg>BO</arg>
<arg>BQ</arg>
<arg>BR</arg>
<arg>BS</arg>
<arg>BT</arg>
<arg>BV</arg>
<arg>BW</arg>
<arg>BY</arg>
<arg>BZ</arg>
<arg>CA</arg>
<arg>CC</arg>
<arg>CD</arg>
<arg>CF</arg>
<arg>CG</arg>
<arg>CH</arg>
<arg>CI</arg>
<arg>CK</arg>
<arg>CL</arg>
<arg>CM</arg>
<arg>CN</arg>
<arg>CO</arg>
<arg>CR</arg>
<arg>CU</arg>
<arg>CV</arg>
<arg>CW</arg>
<arg>CX</arg>
<arg>CY</arg>
<arg>CZ</arg>
<arg>DE</arg>
<arg>DJ</arg>
<arg>DK</arg>
<arg>DM</arg>
<arg>DO</arg>
<arg>DZ</arg>
<arg>EC</arg>
<arg>EE</arg>
<arg>EG</arg>
<arg>EH</arg>
<arg>ER</arg>
<arg>ES</arg>
<arg>ET</arg>
<arg>FI</arg>
<arg>FJ</arg>
<arg>FK</arg>
<arg>FM</arg>
<arg>FO</arg>
<arg>FR</arg>
<arg>GA</arg>
<arg>GB</arg>
<arg>GD</arg>
<arg>GE</arg>
<arg>GF</arg>
<arg>GG</arg>
<arg>GH</arg>
<arg>GI</arg>
<arg>GL</arg>
<arg>GM</arg>
<arg>GN</arg>
<arg>GP</arg>
<arg>GQ</arg>
<arg>GR</arg>
<arg>GS</arg>
<arg>GT</arg>
<arg>GU</arg>
<arg>GW</arg>
<arg>GY</arg>
<arg>HK</arg>
<arg>HM</arg>
<arg>HN</arg>
<arg>HR</arg>
<arg>HT</arg>
<arg>HU</arg>
<arg>ID</arg>
<arg>IE</arg>
<arg>IL</arg>
<arg>IM</arg>
<arg>IN</arg>
<arg>IO</arg>
<arg>IQ</arg>
<arg>IR</arg>
<arg>IS</arg>
<arg>IT</arg>
<arg>JE</arg>
<arg>JM</arg>
<arg>JO</arg>
<arg>JP</arg>
<arg>KE</arg>
<arg>KG</arg>
<arg>KH</arg>
<arg>KI</arg>
<arg>KM</arg>
<arg>KN</arg>
<arg>KP</arg>
<arg>KR</arg>
<arg>KW</arg>
<arg>KY</arg>
<arg>KZ</arg>
<arg>LA</arg>
<arg>LB</arg>
<arg>LC</arg>
<arg>LI</arg>
<arg>LK</arg>
<arg>LR</arg>
<arg>LS</arg>
<arg>LT</arg>
<arg>LU</arg>
<arg>LV</arg>
<arg>LY</arg>
<arg>MA</arg>
<arg>MC</arg>
<arg>MD</arg>
<arg>ME</arg>
<arg>MF</arg>
<arg>MG</arg>
<arg>MH</arg>
<arg>MK</arg>
<arg>ML</arg>
<arg>MM</arg>
<arg>MN</arg>
<arg>MO</arg>
<arg>MP</arg>
<arg>MQ</arg>
<arg>MR</arg>
<arg>MS</arg>
<arg>MT</arg>
<arg>MU</arg>
<arg>MV</arg>
<arg>MW</arg>
<arg>MX</arg>
<arg>MY</arg>
<arg>MZ</arg>
<arg>NA</arg>
<arg>NC</arg>
<arg>NE</arg>
<arg>NF</arg>
<arg>NG</arg>
<arg>NI</arg>
<arg>NL</arg>
<arg>NO</arg>
<arg>NP</arg>
<arg>NR</arg>
<arg>NU</arg>
<arg>NZ</arg>
<arg>OM</arg>
<arg>PA</arg>
<arg>PE</arg>
<arg>PF</arg>
<arg>PG</arg>
<arg>PH</arg>
<arg>PK</arg>
<arg>PL</arg>
<arg>PM</arg>
<arg>PN</arg>
<arg>PR</arg>
<arg>PS</arg>
<arg>PT</arg>
<arg>PW</arg>
<arg>PY</arg>
<arg>QA</arg>
<arg>RE</arg>
<arg>RO</arg>
<arg>RS</arg>
<arg>RU</arg>
<arg>RW</arg>
<arg>SA</arg>
<arg>SB</arg>
<arg>SC</arg>
<arg>SD</arg>
<arg>SE</arg>
<arg>SG</arg>
<arg>SH</arg>
<arg>SI</arg>
<arg>SJ</arg>
<arg>SK</arg>
<arg>SL</arg>
<arg>SM</arg>
<arg>SN</arg>
<arg>SO</arg>
<arg>SR</arg>
<arg>SS</arg>
<arg>ST</arg>
<arg>SV</arg>
<arg>SX</arg>
<arg>SY</arg>
<arg>SZ</arg>
<arg>TC</arg>
<arg>TD</arg>
<arg>TF</arg>
<arg>TG</arg>
<arg>TH</arg>
<arg>TJ</arg>
<arg>TK</arg>
<arg>TL</arg>
<arg>TM</arg>
<arg>TN</arg>
<arg>TO</arg>
<arg>TR</arg>
<arg>TT</arg>
<arg>TV</arg>
<arg>TW</arg>
<arg>TZ</arg>
<arg>UA</arg>
<arg>UG</arg>
<arg>UM</arg>
<arg>US</arg>
<arg>UY</arg>
<arg>UZ</arg>
<arg>VA</arg>
<arg>VC</arg>
<arg>VE</arg>
<arg>VG</arg>
<arg>VI</arg>
<arg>VN</arg>
<arg>VU</arg>
<arg>WF</arg>
<arg>WS</arg>
<arg>XK</arg>
<arg>YE</arg>
<arg>YT</arg>
<arg>ZA</arg>
<arg>ZM</arg>
<arg>ZW</arg>
<doc>Returns a list containing given items.</doc>
<status status="PASS" start="2024-06-25T05:15:04.477343" elapsed="0.000677"/>
</kw>
<kw name="List Should Contain Value" owner="Collections">
<arg>${list_country}</arg>
<arg>${name_country}</arg>
<doc>Fails if the ``value`` is not found from ``list``.</doc>
<status status="PASS" start="2024-06-25T05:15:04.478816" elapsed="0.000202"/>
</kw>
<kw name="Run Keyword If" owner="BuiltIn">
<kw name="Should Be True" owner="BuiltIn">
<arg>${True}</arg>
<doc>Fails if the given condition is not true.</doc>
<status status="PASS" start="2024-06-25T05:15:04.479912" elapsed="0.000127"/>
</kw>
<arg>${json_data["results"][0]["location"]["coordinates"]["latitude"]} &gt;= -90 and ${json_data["results"][0]["location"]["coordinates"]["latitude"]} &lt;= 90</arg>
<arg>Should Be True</arg>
<arg>${True}</arg>
<doc>Runs the given keyword with the given arguments, if ``condition`` is true.</doc>
<status status="PASS" start="2024-06-25T05:15:04.479214" elapsed="0.000936"/>
</kw>
<kw name="Run Keyword If" owner="BuiltIn">
<kw name="Should Be True" owner="BuiltIn">
<arg>${True}</arg>
<doc>Fails if the given condition is not true.</doc>
<status status="PASS" start="2024-06-25T05:15:04.480990" elapsed="0.000222"/>
</kw>
<arg>${json_data["results"][0]["location"]["coordinates"]["longitude"]} &gt;= -180 and ${json_data["results"][0]["location"]["coordinates"]["longitude"]} &lt;= 180</arg>
<arg>Should Be True</arg>
<arg>${True}</arg>
<doc>Runs the given keyword with the given arguments, if ``condition`` is true.</doc>
<status status="PASS" start="2024-06-25T05:15:04.480310" elapsed="0.001027"/>
</kw>
<status status="PASS" start="2024-06-25T05:15:04.374657" elapsed="0.106805"/>
</kw>
<doc>Testa o conteúdo específico dos campos retornados pela API.</doc>
<tag>testeConteudo</tag>
<status status="PASS" start="2024-06-25T05:15:04.374164" elapsed="0.107435"/>
</test>
<status status="PASS" start="2024-06-25T05:15:02.864626" elapsed="1.618803"/>
</suite>
<status status="PASS" start="2024-06-25T05:15:02.850441" elapsed="1.637873"/>
</suite>
<statistics>
<total>
<stat pass="5" fail="0" skip="0">All Tests</stat>
</total>
<tag>
<stat pass="1" fail="0" skip="0">testeConteudo</stat>
<stat pass="1" fail="0" skip="0">testeEstruturaResposta</stat>
<stat pass="1" fail="0" skip="0">testeRequisicaoBasica</stat>
<stat pass="1" fail="0" skip="0">testeTiposDados</stat>
</tag>
<suite>
<stat pass="5" fail="0" skip="0" id="s1" name="Tests">Tests</stat>
<stat pass="5" fail="0" skip="0" id="s1-s1" name="Random-User-Test">Tests.Random-User-Test</stat>
</suite>
</statistics>
<errors>
</errors>
</robot>
