<?xml version="1.0" encoding="UTF-8"?>
<robot generator="Robot 7.0 (Python 3.12.3 on linux)" generated="2024-05-01T03:18:46.615428" rpa="false" schemaversion="5">
<suite id="s1" name="Tests" source="/home/runner/work/DesafioQAItauRogerioJordao/DesafioQAItauRogerioJordao/RamdonUser/tests">
<suite id="s1-s1" name="Random-User-Test" source="/home/runner/work/DesafioQAItauRogerioJordao/DesafioQAItauRogerioJordao/RamdonUser/tests/random-user-test.robot">
<test id="s1-s1-t1" name="Conectar" line="13">
<kw name="Conectar API" owner="random-user-service">
<kw name="Create Session" owner="RequestsLibrary">
<msg time="2024-05-01T03:18:46.978071" level="INFO">Creating Session using : alias=consultarAPI, url=https://randomuser.me/, headers={},                     cookies={}, auth=None, timeout=None, proxies=None, verify=False,                     debug=0 </msg>
<arg>consultarAPI</arg>
<arg>${URL}</arg>
<doc>Create Session: create a HTTP session to a server</doc>
<status status="PASS" start="2024-05-01T03:18:46.977875" elapsed="0.000371"/>
</kw>
<status status="PASS" start="2024-05-01T03:18:46.976902" elapsed="0.001689"/>
</kw>
<status status="PASS" start="2024-05-01T03:18:46.976360" elapsed="0.002419"/>
</test>
<test id="s1-s1-t2" name="Validar retorno 200 e JSON Válido" line="16">
<kw name="Teste de Requisicao Basica" owner="random-user-service">
<kw name="GET On Session" owner="RequestsLibrary">
<msg time="2024-05-01T03:18:47.234950" level="INFO">GET Request : url=https://randomuser.me/api 
 path_url=/api 
 headers={'User-Agent': 'python-requests/2.31.0', 'Accept-Encoding': 'gzip, deflate', 'Accept': '*/*', 'Connection': 'keep-alive'} 
 body=None 
 </msg>
<msg time="2024-05-01T03:18:47.235122" level="INFO">GET Response : url=https://randomuser.me/api 
 status=200, reason=OK 
 headers={'Date': 'Wed, 01 May 2024 03:18:47 GMT', 'Content-Type': 'application/json; charset=utf-8', 'Transfer-Encoding': 'chunked', 'Connection': 'keep-alive', 'X-Powered-By': 'Express', 'Access-Control-Allow-Origin': '*', 'Cache-Control': 'no-cache', 'ETag': 'W/"4a0-4eoLKLojdhMeDmz1RLawBPxXvQ4"', 'Vary': 'Accept-Encoding', 'Content-Encoding': 'gzip', 'CF-Cache-Status': 'DYNAMIC', 'Report-To': '{"endpoints":[{"url":"https:\\/\\/a.nel.cloudflare.com\\/report\\/v4?s=zSy7b19sU0zyOdTlCsVnY2adzu2Tpng2XKczwtVrz%2FHpOiOEdvT7YNc0DxhCsXmPPoAegi11%2Fu4rdNIbIo35Jndjd51cT6hsvvbHqlqGtdmX%2FJVYbATERm8znirfihBe"}],"group":"cf-nel","max_age":604800}', 'NEL': '{"success_fraction":0,"report_to":"cf-nel","max_age":604800}', 'Server': 'cloudflare', 'CF-RAY': '87cca050edbf8266-IAD', 'alt-svc': 'h3=":443"; ma=86400'} 
 body={"results":[{"gender":"male","name":{"title":"Mr","first":"Clóvis","last":"Rezende"},"location":{"street":{"number":2128,"name":"Rua Dom Pedro Ii "},"city":"Garanhuns","state":"Santa Catarina","country":"Brazil","postcode":90865,"coordinates":{"latitude":"-78.5277","longitude":"-118.6469"},"timezone":{"offset":"+10:00","description":"Eastern Australia, Guam, Vladivostok"}},"email":"clovis.rezende@example.com","login":{"uuid":"3df345de-66e7-4d00-9971-a0feb7edd719","username":"heavybird683","password":"mimi","salt":"zx3CZcce","md5":"45c2508b1c8b57652c70b2801586c7dd","sha1":"e92e951d408c699c4519cbab2c6094c8bbc6812d","sha256":"9da32a84db641139cb083885dae2bcd102a85ad38bdfb377e2cda4e99c976c49"},"dob":{"date":"1946-08-04T20:53:44.883Z","age":77},"registered":{"date":"2021-12-12T14:42:53.885Z","age":2},"phone":"(64) 9884-1551","cell":"(30) 3128-7078","id":{"name":"CPF","value":"505.875.180-38"},"picture":{"large":"https://randomuser.me/api/portraits/men/93.jpg","medium":"https://randomuser.me/api/portraits/med/men/93.jpg","thumbnail":"https://randomuser.me/api/portraits/thumb/men/93.jpg"},"nat":"BR"}],"info":{"seed":"5e73fee17ac1af0a","results":1,"page":1,"version":"1.4"}} 
 </msg>
<msg time="2024-05-01T03:18:47.235218" level="INFO">/opt/hostedtoolcache/Python/3.12.3/x64/lib/python3.12/site-packages/urllib3/connectionpool.py:1103: InsecureRequestWarning: Unverified HTTPS request is being made to host 'randomuser.me'. Adding certificate verification is strongly advised. See: https://urllib3.readthedocs.io/en/latest/advanced-usage.html#tls-warnings
  warnings.warn(</msg>
<msg time="2024-05-01T03:18:47.235386" level="INFO">${response} = &lt;Response [200]&gt;</msg>
<var>${response}</var>
<arg>consultarAPI</arg>
<arg>/api</arg>
<doc>Sends a GET request on a previously created HTTP Session.</doc>
<status status="PASS" start="2024-05-01T03:18:46.981385" elapsed="0.254062"/>
</kw>
<kw name="Should Be Equal As Numbers" owner="BuiltIn">
<msg time="2024-05-01T03:18:47.236412" level="INFO">Argument types are:
&lt;class 'int'&gt;
&lt;class 'str'&gt;</msg>
<arg>${response.status_code}</arg>
<arg>200</arg>
<doc>Fails if objects are unequal after converting them to real numbers.</doc>
<status status="PASS" start="2024-05-01T03:18:47.235955" elapsed="0.000521"/>
</kw>
<kw name="Log" owner="BuiltIn">
<msg time="2024-05-01T03:18:47.237169" level="INFO">200</msg>
<arg>${response.status_code}</arg>
<doc>Logs the given message with the given level.</doc>
<status status="PASS" start="2024-05-01T03:18:47.236813" elapsed="0.000398"/>
</kw>
<kw name="Set Variable" owner="BuiltIn">
<msg time="2024-05-01T03:18:47.237989" level="INFO">${json_data} = {'results': [{'gender': 'male', 'name': {'title': 'Mr', 'first': 'Clóvis', 'last': 'Rezende'}, 'location': {'street': {'number': 2128, 'name': 'Rua Dom Pedro Ii '}, 'city': 'Garanhuns', 'state': 'Sant...</msg>
<var>${json_data}</var>
<arg>${response.json()}</arg>
<doc>Returns the given values which can then be assigned to a variables.</doc>
<status status="PASS" start="2024-05-01T03:18:47.237540" elapsed="0.000478"/>
</kw>
<kw name="Dictionary Should Contain Key" owner="Collections">
<msg time="2024-05-01T03:18:47.238487" level="INFO">False</msg>
<arg>${json_data}</arg>
<arg>results</arg>
<doc>Fails if ``key`` is not found from ``dictionary``.</doc>
<status status="PASS" start="2024-05-01T03:18:47.238320" elapsed="0.000206"/>
</kw>
<status status="PASS" start="2024-05-01T03:18:46.981146" elapsed="0.257645"/>
</kw>
<doc>Testa se a API responde corretamente e retorna um objeto JSON válido.</doc>
<tag>testeRequisicaoBasica</tag>
<status status="PASS" start="2024-05-01T03:18:46.980675" elapsed="0.258300"/>
</test>
<test id="s1-s1-t3" name="Validar estrutura de resposta" line="22">
<kw name="Teste de Estrutura de Resposta" owner="random-user-service">
<kw name="GET On Session" owner="RequestsLibrary">
<msg time="2024-05-01T03:18:47.337823" level="INFO">GET Request : url=https://randomuser.me/api 
 path_url=/api 
 headers={'User-Agent': 'python-requests/2.31.0', 'Accept-Encoding': 'gzip, deflate', 'Accept': '*/*', 'Connection': 'keep-alive'} 
 body=None 
 </msg>
<msg time="2024-05-01T03:18:47.337888" level="INFO">GET Response : url=https://randomuser.me/api 
 status=200, reason=OK 
 headers={'Date': 'Wed, 01 May 2024 03:18:47 GMT', 'Content-Type': 'application/json; charset=utf-8', 'Transfer-Encoding': 'chunked', 'Connection': 'keep-alive', 'X-Powered-By': 'Express', 'Access-Control-Allow-Origin': '*', 'Cache-Control': 'no-cache', 'ETag': 'W/"4bd-14FCl6GSmjEhwA/l+CFtIu7c4uY"', 'Vary': 'Accept-Encoding', 'Content-Encoding': 'gzip', 'CF-Cache-Status': 'DYNAMIC', 'Report-To': '{"endpoints":[{"url":"https:\\/\\/a.nel.cloudflare.com\\/report\\/v4?s=RwjqeFzzCK%2BvA2M2BqFOwhQA40KpA0L57O8wssA5xDppLAxwgWdcbVk%2BqlVulPzWIVFnKPSxETU%2BAflXUU4Qv05HTTO8tB4ZIQPEybFz%2F3S08SGt%2BiXxG6geK5dqpWNF"}],"group":"cf-nel","max_age":604800}', 'NEL': '{"success_fraction":0,"report_to":"cf-nel","max_age":604800}', 'Server': 'cloudflare', 'CF-RAY': '87cca0514e068266-IAD', 'alt-svc': 'h3=":443"; ma=86400'} 
 body={"results":[{"gender":"female","name":{"title":"Mademoiselle","first":"Margrit","last":"Carpentier"},"location":{"street":{"number":571,"name":"Rue Courbet"},"city":"Wallbach","state":"St. Gallen","country":"Switzerland","postcode":5054,"coordinates":{"latitude":"-56.0106","longitude":"129.9545"},"timezone":{"offset":"+5:00","description":"Ekaterinburg, Islamabad, Karachi, Tashkent"}},"email":"margrit.carpentier@example.com","login":{"uuid":"a2aa07fb-8144-4781-9185-3d0d57737c28","username":"greenelephant863","password":"longdong","salt":"ersCFfwf","md5":"5a8ade41392e2362458184b39ad1bcd1","sha1":"c36fe064d12259803db39f74cce873bdaf3d4a96","sha256":"456427dc311c711ea8431c819d0634051a1aa6b077a0f0a535bce1609deaf055"},"dob":{"date":"1945-05-01T21:26:11.620Z","age":78},"registered":{"date":"2019-05-01T19:25:47.084Z","age":4},"phone":"076 471 58 08","cell":"077 585 63 92","id":{"name":"AVS","value":"756.4479.0912.59"},"picture":{"large":"https://randomuser.me/api/portraits/women/35.jpg","medium":"https://randomuser.me/api/portraits/med/women/35.jpg","thumbnail":"https://randomuser.me/api/portraits/thumb/women/35.jpg"},"nat":"CH"}],"info":{"seed":"dfcb4825d2118421","results":1,"page":1,"version":"1.4"}} 
 </msg>
<msg time="2024-05-01T03:18:47.337981" level="INFO">/opt/hostedtoolcache/Python/3.12.3/x64/lib/python3.12/site-packages/urllib3/connectionpool.py:1103: InsecureRequestWarning: Unverified HTTPS request is being made to host 'randomuser.me'. Adding certificate verification is strongly advised. See: https://urllib3.readthedocs.io/en/latest/advanced-usage.html#tls-warnings
  warnings.warn(</msg>
<msg time="2024-05-01T03:18:47.338073" level="INFO">${response} = &lt;Response [200]&gt;</msg>
<var>${response}</var>
<arg>consultarAPI</arg>
<arg>/api</arg>
<doc>Sends a GET request on a previously created HTTP Session.</doc>
<status status="PASS" start="2024-05-01T03:18:47.241698" elapsed="0.096403"/>
</kw>
<kw name="Set Variable" owner="BuiltIn">
<msg time="2024-05-01T03:18:47.339009" level="INFO">${json_data} = {'results': [{'gender': 'female', 'name': {'title': 'Mademoiselle', 'first': 'Margrit', 'last': 'Carpentier'}, 'location': {'street': {'number': 571, 'name': 'Rue Courbet'}, 'city': 'Wallbach', 'state...</msg>
<var>${json_data}</var>
<arg>${response.json()}</arg>
<doc>Returns the given values which can then be assigned to a variables.</doc>
<status status="PASS" start="2024-05-01T03:18:47.338554" elapsed="0.000484"/>
</kw>
<kw name="Log" owner="BuiltIn">
<msg time="2024-05-01T03:18:47.339502" level="INFO">{'results': [{'gender': 'female', 'name': {'title': 'Mademoiselle', 'first': 'Margrit', 'last': 'Carpentier'}, 'location': {'street': {'number': 571, 'name': 'Rue Courbet'}, 'city': 'Wallbach', 'state': 'St. Gallen', 'country': 'Switzerland', 'postcode': 5054, 'coordinates': {'latitude': '-56.0106', 'longitude': '129.9545'}, 'timezone': {'offset': '+5:00', 'description': 'Ekaterinburg, Islamabad, Karachi, Tashkent'}}, 'email': 'margrit.carpentier@example.com', 'login': {'uuid': 'a2aa07fb-8144-4781-9185-3d0d57737c28', 'username': 'greenelephant863', 'password': 'longdong', 'salt': 'ersCFfwf', 'md5': '5a8ade41392e2362458184b39ad1bcd1', 'sha1': 'c36fe064d12259803db39f74cce873bdaf3d4a96', 'sha256': '456427dc311c711ea8431c819d0634051a1aa6b077a0f0a535bce1609deaf055'}, 'dob': {'date': '1945-05-01T21:26:11.620Z', 'age': 78}, 'registered': {'date': '2019-05-01T19:25:47.084Z', 'age': 4}, 'phone': '076 471 58 08', 'cell': '077 585 63 92', 'id': {'name': 'AVS', 'value': '756.4479.0912.59'}, 'picture': {'large': 'https://randomuser.me/api/portraits/women/35.jpg', 'medium': 'https://randomuser.me/api/portraits/med/women/35.jpg', 'thumbnail': 'https://randomuser.me/api/portraits/thumb/women/35.jpg'}, 'nat': 'CH'}], 'info': {'seed': 'dfcb4825d2118421', 'results': 1, 'page': 1, 'version': '1.4'}}</msg>
<arg>${json_data}</arg>
<doc>Logs the given message with the given level.</doc>
<status status="PASS" start="2024-05-01T03:18:47.339340" elapsed="0.000210"/>
</kw>
<kw name="Dictionary Should Contain Key" owner="Collections">
<msg time="2024-05-01T03:18:47.339997" level="INFO">False</msg>
<arg>${json_data}</arg>
<arg>results</arg>
<doc>Fails if ``key`` is not found from ``dictionary``.</doc>
<status status="PASS" start="2024-05-01T03:18:47.339847" elapsed="0.000187"/>
</kw>
<kw name="Should Not Be Empty" owner="BuiltIn">
<msg time="2024-05-01T03:18:47.340466" level="INFO">Length is 2.</msg>
<arg>${json_data}</arg>
<doc>Verifies that the given item is not empty.</doc>
<status status="PASS" start="2024-05-01T03:18:47.340332" elapsed="0.000174"/>
</kw>
<kw name="Create List" owner="BuiltIn">
<msg time="2024-05-01T03:18:47.341071" level="INFO">${expected_keys} = ['gender', 'name', 'location', 'email', 'login']</msg>
<var>${expected_keys}</var>
<arg>gender</arg>
<arg>name</arg>
<arg>location</arg>
<arg>email</arg>
<arg>login</arg>
<doc>Returns a list containing given items.</doc>
<status status="PASS" start="2024-05-01T03:18:47.340790" elapsed="0.000306"/>
</kw>
<for flavor="IN">
<iter>
<kw name="Dictionary Should Contain Key" owner="Collections">
<msg time="2024-05-01T03:18:47.342133" level="INFO">False</msg>
<arg>${json_data['results'][0]}</arg>
<arg>${key}</arg>
<doc>Fails if ``key`` is not found from ``dictionary``.</doc>
<status status="PASS" start="2024-05-01T03:18:47.341736" elapsed="0.000435"/>
</kw>
<kw name="Log" owner="BuiltIn">
<msg time="2024-05-01T03:18:47.342839" level="INFO">{'gender': 'female', 'name': {'title': 'Mademoiselle', 'first': 'Margrit', 'last': 'Carpentier'}, 'location': {'street': {'number': 571, 'name': 'Rue Courbet'}, 'city': 'Wallbach', 'state': 'St. Gallen', 'country': 'Switzerland', 'postcode': 5054, 'coordinates': {'latitude': '-56.0106', 'longitude': '129.9545'}, 'timezone': {'offset': '+5:00', 'description': 'Ekaterinburg, Islamabad, Karachi, Tashkent'}}, 'email': 'margrit.carpentier@example.com', 'login': {'uuid': 'a2aa07fb-8144-4781-9185-3d0d57737c28', 'username': 'greenelephant863', 'password': 'longdong', 'salt': 'ersCFfwf', 'md5': '5a8ade41392e2362458184b39ad1bcd1', 'sha1': 'c36fe064d12259803db39f74cce873bdaf3d4a96', 'sha256': '456427dc311c711ea8431c819d0634051a1aa6b077a0f0a535bce1609deaf055'}, 'dob': {'date': '1945-05-01T21:26:11.620Z', 'age': 78}, 'registered': {'date': '2019-05-01T19:25:47.084Z', 'age': 4}, 'phone': '076 471 58 08', 'cell': '077 585 63 92', 'id': {'name': 'AVS', 'value': '756.4479.0912.59'}, 'picture': {'large': 'https://randomuser.me/api/portraits/women/35.jpg', 'medium': 'https://randomuser.me/api/portraits/med/women/35.jpg', 'thumbnail': 'https://randomuser.me/api/portraits/thumb/women/35.jpg'}, 'nat': 'CH'}</msg>
<arg>${json_data['results'][0]}</arg>
<doc>Logs the given message with the given level.</doc>
<status status="PASS" start="2024-05-01T03:18:47.342469" elapsed="0.000418"/>
</kw>
<kw name="Log" owner="BuiltIn">
<msg time="2024-05-01T03:18:47.343308" level="INFO">gender</msg>
<arg>${key}</arg>
<doc>Logs the given message with the given level.</doc>
<status status="PASS" start="2024-05-01T03:18:47.343182" elapsed="0.000163"/>
</kw>
<var name="${key}">gender</var>
<status status="PASS" start="2024-05-01T03:18:47.341604" elapsed="0.001954"/>
</iter>
<iter>
<kw name="Dictionary Should Contain Key" owner="Collections">
<msg time="2024-05-01T03:18:47.344246" level="INFO">False</msg>
<arg>${json_data['results'][0]}</arg>
<arg>${key}</arg>
<doc>Fails if ``key`` is not found from ``dictionary``.</doc>
<status status="PASS" start="2024-05-01T03:18:47.343858" elapsed="0.000457"/>
</kw>
<kw name="Log" owner="BuiltIn">
<msg time="2024-05-01T03:18:47.344978" level="INFO">{'gender': 'female', 'name': {'title': 'Mademoiselle', 'first': 'Margrit', 'last': 'Carpentier'}, 'location': {'street': {'number': 571, 'name': 'Rue Courbet'}, 'city': 'Wallbach', 'state': 'St. Gallen', 'country': 'Switzerland', 'postcode': 5054, 'coordinates': {'latitude': '-56.0106', 'longitude': '129.9545'}, 'timezone': {'offset': '+5:00', 'description': 'Ekaterinburg, Islamabad, Karachi, Tashkent'}}, 'email': 'margrit.carpentier@example.com', 'login': {'uuid': 'a2aa07fb-8144-4781-9185-3d0d57737c28', 'username': 'greenelephant863', 'password': 'longdong', 'salt': 'ersCFfwf', 'md5': '5a8ade41392e2362458184b39ad1bcd1', 'sha1': 'c36fe064d12259803db39f74cce873bdaf3d4a96', 'sha256': '456427dc311c711ea8431c819d0634051a1aa6b077a0f0a535bce1609deaf055'}, 'dob': {'date': '1945-05-01T21:26:11.620Z', 'age': 78}, 'registered': {'date': '2019-05-01T19:25:47.084Z', 'age': 4}, 'phone': '076 471 58 08', 'cell': '077 585 63 92', 'id': {'name': 'AVS', 'value': '756.4479.0912.59'}, 'picture': {'large': 'https://randomuser.me/api/portraits/women/35.jpg', 'medium': 'https://randomuser.me/api/portraits/med/women/35.jpg', 'thumbnail': 'https://randomuser.me/api/portraits/thumb/women/35.jpg'}, 'nat': 'CH'}</msg>
<arg>${json_data['results'][0]}</arg>
<doc>Logs the given message with the given level.</doc>
<status status="PASS" start="2024-05-01T03:18:47.344610" elapsed="0.000417"/>
</kw>
<kw name="Log" owner="BuiltIn">
<msg time="2024-05-01T03:18:47.345471" level="INFO">name</msg>
<arg>${key}</arg>
<doc>Logs the given message with the given level.</doc>
<status status="PASS" start="2024-05-01T03:18:47.345318" elapsed="0.000199"/>
</kw>
<var name="${key}">name</var>
<status status="PASS" start="2024-05-01T03:18:47.343744" elapsed="0.001993"/>
</iter>
<iter>
<kw name="Dictionary Should Contain Key" owner="Collections">
<msg time="2024-05-01T03:18:47.346417" level="INFO">False</msg>
<arg>${json_data['results'][0]}</arg>
<arg>${key}</arg>
<doc>Fails if ``key`` is not found from ``dictionary``.</doc>
<status status="PASS" start="2024-05-01T03:18:47.346029" elapsed="0.000425"/>
</kw>
<kw name="Log" owner="BuiltIn">
<msg time="2024-05-01T03:18:47.347118" level="INFO">{'gender': 'female', 'name': {'title': 'Mademoiselle', 'first': 'Margrit', 'last': 'Carpentier'}, 'location': {'street': {'number': 571, 'name': 'Rue Courbet'}, 'city': 'Wallbach', 'state': 'St. Gallen', 'country': 'Switzerland', 'postcode': 5054, 'coordinates': {'latitude': '-56.0106', 'longitude': '129.9545'}, 'timezone': {'offset': '+5:00', 'description': 'Ekaterinburg, Islamabad, Karachi, Tashkent'}}, 'email': 'margrit.carpentier@example.com', 'login': {'uuid': 'a2aa07fb-8144-4781-9185-3d0d57737c28', 'username': 'greenelephant863', 'password': 'longdong', 'salt': 'ersCFfwf', 'md5': '5a8ade41392e2362458184b39ad1bcd1', 'sha1': 'c36fe064d12259803db39f74cce873bdaf3d4a96', 'sha256': '456427dc311c711ea8431c819d0634051a1aa6b077a0f0a535bce1609deaf055'}, 'dob': {'date': '1945-05-01T21:26:11.620Z', 'age': 78}, 'registered': {'date': '2019-05-01T19:25:47.084Z', 'age': 4}, 'phone': '076 471 58 08', 'cell': '077 585 63 92', 'id': {'name': 'AVS', 'value': '756.4479.0912.59'}, 'picture': {'large': 'https://randomuser.me/api/portraits/women/35.jpg', 'medium': 'https://randomuser.me/api/portraits/med/women/35.jpg', 'thumbnail': 'https://randomuser.me/api/portraits/thumb/women/35.jpg'}, 'nat': 'CH'}</msg>
<arg>${json_data['results'][0]}</arg>
<doc>Logs the given message with the given level.</doc>
<status status="PASS" start="2024-05-01T03:18:47.346753" elapsed="0.000415"/>
</kw>
<kw name="Log" owner="BuiltIn">
<msg time="2024-05-01T03:18:47.347581" level="INFO">location</msg>
<arg>${key}</arg>
<doc>Logs the given message with the given level.</doc>
<status status="PASS" start="2024-05-01T03:18:47.347458" elapsed="0.000161"/>
</kw>
<var name="${key}">location</var>
<status status="PASS" start="2024-05-01T03:18:47.345916" elapsed="0.001914"/>
</iter>
<iter>
<kw name="Dictionary Should Contain Key" owner="Collections">
<msg time="2024-05-01T03:18:47.348492" level="INFO">False</msg>
<arg>${json_data['results'][0]}</arg>
<arg>${key}</arg>
<doc>Fails if ``key`` is not found from ``dictionary``.</doc>
<status status="PASS" start="2024-05-01T03:18:47.348111" elapsed="0.000419"/>
</kw>
<kw name="Log" owner="BuiltIn">
<msg time="2024-05-01T03:18:47.349186" level="INFO">{'gender': 'female', 'name': {'title': 'Mademoiselle', 'first': 'Margrit', 'last': 'Carpentier'}, 'location': {'street': {'number': 571, 'name': 'Rue Courbet'}, 'city': 'Wallbach', 'state': 'St. Gallen', 'country': 'Switzerland', 'postcode': 5054, 'coordinates': {'latitude': '-56.0106', 'longitude': '129.9545'}, 'timezone': {'offset': '+5:00', 'description': 'Ekaterinburg, Islamabad, Karachi, Tashkent'}}, 'email': 'margrit.carpentier@example.com', 'login': {'uuid': 'a2aa07fb-8144-4781-9185-3d0d57737c28', 'username': 'greenelephant863', 'password': 'longdong', 'salt': 'ersCFfwf', 'md5': '5a8ade41392e2362458184b39ad1bcd1', 'sha1': 'c36fe064d12259803db39f74cce873bdaf3d4a96', 'sha256': '456427dc311c711ea8431c819d0634051a1aa6b077a0f0a535bce1609deaf055'}, 'dob': {'date': '1945-05-01T21:26:11.620Z', 'age': 78}, 'registered': {'date': '2019-05-01T19:25:47.084Z', 'age': 4}, 'phone': '076 471 58 08', 'cell': '077 585 63 92', 'id': {'name': 'AVS', 'value': '756.4479.0912.59'}, 'picture': {'large': 'https://randomuser.me/api/portraits/women/35.jpg', 'medium': 'https://randomuser.me/api/portraits/med/women/35.jpg', 'thumbnail': 'https://randomuser.me/api/portraits/thumb/women/35.jpg'}, 'nat': 'CH'}</msg>
<arg>${json_data['results'][0]}</arg>
<doc>Logs the given message with the given level.</doc>
<status status="PASS" start="2024-05-01T03:18:47.348825" elapsed="0.000408"/>
</kw>
<kw name="Log" owner="BuiltIn">
<msg time="2024-05-01T03:18:47.349678" level="INFO">email</msg>
<arg>${key}</arg>
<doc>Logs the given message with the given level.</doc>
<status status="PASS" start="2024-05-01T03:18:47.349551" elapsed="0.000165"/>
</kw>
<var name="${key}">email</var>
<status status="PASS" start="2024-05-01T03:18:47.348003" elapsed="0.001925"/>
</iter>
<iter>
<kw name="Dictionary Should Contain Key" owner="Collections">
<msg time="2024-05-01T03:18:47.350597" level="INFO">False</msg>
<arg>${json_data['results'][0]}</arg>
<arg>${key}</arg>
<doc>Fails if ``key`` is not found from ``dictionary``.</doc>
<status status="PASS" start="2024-05-01T03:18:47.350212" elapsed="0.000421"/>
</kw>
<kw name="Log" owner="BuiltIn">
<msg time="2024-05-01T03:18:47.351304" level="INFO">{'gender': 'female', 'name': {'title': 'Mademoiselle', 'first': 'Margrit', 'last': 'Carpentier'}, 'location': {'street': {'number': 571, 'name': 'Rue Courbet'}, 'city': 'Wallbach', 'state': 'St. Gallen', 'country': 'Switzerland', 'postcode': 5054, 'coordinates': {'latitude': '-56.0106', 'longitude': '129.9545'}, 'timezone': {'offset': '+5:00', 'description': 'Ekaterinburg, Islamabad, Karachi, Tashkent'}}, 'email': 'margrit.carpentier@example.com', 'login': {'uuid': 'a2aa07fb-8144-4781-9185-3d0d57737c28', 'username': 'greenelephant863', 'password': 'longdong', 'salt': 'ersCFfwf', 'md5': '5a8ade41392e2362458184b39ad1bcd1', 'sha1': 'c36fe064d12259803db39f74cce873bdaf3d4a96', 'sha256': '456427dc311c711ea8431c819d0634051a1aa6b077a0f0a535bce1609deaf055'}, 'dob': {'date': '1945-05-01T21:26:11.620Z', 'age': 78}, 'registered': {'date': '2019-05-01T19:25:47.084Z', 'age': 4}, 'phone': '076 471 58 08', 'cell': '077 585 63 92', 'id': {'name': 'AVS', 'value': '756.4479.0912.59'}, 'picture': {'large': 'https://randomuser.me/api/portraits/women/35.jpg', 'medium': 'https://randomuser.me/api/portraits/med/women/35.jpg', 'thumbnail': 'https://randomuser.me/api/portraits/thumb/women/35.jpg'}, 'nat': 'CH'}</msg>
<arg>${json_data['results'][0]}</arg>
<doc>Logs the given message with the given level.</doc>
<status status="PASS" start="2024-05-01T03:18:47.350931" elapsed="0.000421"/>
</kw>
<kw name="Log" owner="BuiltIn">
<msg time="2024-05-01T03:18:47.351819" level="INFO">login</msg>
<arg>${key}</arg>
<doc>Logs the given message with the given level.</doc>
<status status="PASS" start="2024-05-01T03:18:47.351690" elapsed="0.000166"/>
</kw>
<var name="${key}">login</var>
<status status="PASS" start="2024-05-01T03:18:47.350102" elapsed="0.001967"/>
</iter>
<var>${key}</var>
<value>@{expected_keys}</value>
<status status="PASS" start="2024-05-01T03:18:47.341364" elapsed="0.010827"/>
</for>
<kw name="Create List" owner="BuiltIn">
<msg time="2024-05-01T03:18:47.352517" level="INFO">${expected_keysTwo} = ['username', 'password']</msg>
<var>${expected_keysTwo}</var>
<arg>username</arg>
<arg>password</arg>
<doc>Returns a list containing given items.</doc>
<status status="PASS" start="2024-05-01T03:18:47.352380" elapsed="0.000160"/>
</kw>
<for flavor="IN">
<iter>
<kw name="Dictionary Should Contain Key" owner="Collections">
<msg time="2024-05-01T03:18:47.353426" level="INFO">False</msg>
<arg>${json_data['results'][0]['login']}</arg>
<arg>${keyTwo}</arg>
<doc>Fails if ``key`` is not found from ``dictionary``.</doc>
<status status="PASS" start="2024-05-01T03:18:47.353032" elapsed="0.000454"/>
</kw>
<kw name="Dictionary Should Contain Key" owner="Collections">
<msg time="2024-05-01T03:18:47.354161" level="INFO">False</msg>
<arg>${json_data['results'][0]['login']}</arg>
<arg>${keyTwo}</arg>
<doc>Fails if ``key`` is not found from ``dictionary``.</doc>
<status status="PASS" start="2024-05-01T03:18:47.353784" elapsed="0.000413"/>
</kw>
<kw name="Log" owner="BuiltIn">
<msg time="2024-05-01T03:18:47.354609" level="INFO">username</msg>
<arg>${keyTwo}</arg>
<doc>Logs the given message with the given level.</doc>
<status status="PASS" start="2024-05-01T03:18:47.354484" elapsed="0.000166"/>
</kw>
<var name="${keyTwo}">username</var>
<status status="PASS" start="2024-05-01T03:18:47.352923" elapsed="0.001940"/>
</iter>
<iter>
<kw name="Dictionary Should Contain Key" owner="Collections">
<msg time="2024-05-01T03:18:47.355525" level="INFO">False</msg>
<arg>${json_data['results'][0]['login']}</arg>
<arg>${keyTwo}</arg>
<doc>Fails if ``key`` is not found from ``dictionary``.</doc>
<status status="PASS" start="2024-05-01T03:18:47.355144" elapsed="0.000419"/>
</kw>
<kw name="Dictionary Should Contain Key" owner="Collections">
<msg time="2024-05-01T03:18:47.356335" level="INFO">False</msg>
<arg>${json_data['results'][0]['login']}</arg>
<arg>${keyTwo}</arg>
<doc>Fails if ``key`` is not found from ``dictionary``.</doc>
<status status="PASS" start="2024-05-01T03:18:47.355871" elapsed="0.000503"/>
</kw>
<kw name="Log" owner="BuiltIn">
<msg time="2024-05-01T03:18:47.356792" level="INFO">password</msg>
<arg>${keyTwo}</arg>
<doc>Logs the given message with the given level.</doc>
<status status="PASS" start="2024-05-01T03:18:47.356665" elapsed="0.000164"/>
</kw>
<var name="${keyTwo}">password</var>
<status status="PASS" start="2024-05-01T03:18:47.355034" elapsed="0.002009"/>
</iter>
<var>${keyTwo}</var>
<value>@{expected_keysTwo}</value>
<status status="PASS" start="2024-05-01T03:18:47.352774" elapsed="0.004391"/>
</for>
<status status="PASS" start="2024-05-01T03:18:47.241461" elapsed="0.115839"/>
</kw>
<doc>Testa a estrutura da resposta da API.</doc>
<tag>testeEstruturaResposta</tag>
<status status="PASS" start="2024-05-01T03:18:47.240863" elapsed="0.116606"/>
</test>
<test id="s1-s1-t4" name="Validar tipos de dados" line="28">
<kw name="Teste de Tipos de Dados" owner="random-user-service">
<kw name="GET On Session" owner="RequestsLibrary">
<msg time="2024-05-01T03:18:47.433460" level="INFO">GET Request : url=https://randomuser.me/api 
 path_url=/api 
 headers={'User-Agent': 'python-requests/2.31.0', 'Accept-Encoding': 'gzip, deflate', 'Accept': '*/*', 'Connection': 'keep-alive'} 
 body=None 
 </msg>
<msg time="2024-05-01T03:18:47.433541" level="INFO">GET Response : url=https://randomuser.me/api 
 status=200, reason=OK 
 headers={'Date': 'Wed, 01 May 2024 03:18:47 GMT', 'Content-Type': 'application/json; charset=utf-8', 'Transfer-Encoding': 'chunked', 'Connection': 'keep-alive', 'X-Powered-By': 'Express', 'Access-Control-Allow-Origin': '*', 'Cache-Control': 'no-cache', 'ETag': 'W/"4a5-y6EG9Aqq+V4/RFfx+jKmTlCQlmw"', 'Vary': 'Accept-Encoding', 'Content-Encoding': 'gzip', 'CF-Cache-Status': 'DYNAMIC', 'Report-To': '{"endpoints":[{"url":"https:\\/\\/a.nel.cloudflare.com\\/report\\/v4?s=jiS6iLpuK9cgjH3FmFzYBqMAWELg5R4QQHtgVLztnZAX0iP0tEE%2FxHQQL8A3y6d%2F61flTKqvIHIXxVsFqpXkhH7zPXPs0r1XbIquY3e9lBPE6k%2FxIMOYkqOBKQnIyfmP"}],"group":"cf-nel","max_age":604800}', 'NEL': '{"success_fraction":0,"report_to":"cf-nel","max_age":604800}', 'Server': 'cloudflare', 'CF-RAY': '87cca051fea28266-IAD', 'alt-svc': 'h3=":443"; ma=86400'} 
 body={"results":[{"gender":"female","name":{"title":"Ms","first":"Hailey","last":"Pearson"},"location":{"street":{"number":27,"name":"Harrison Ct"},"city":"Durham","state":"South Carolina","country":"United States","postcode":69593,"coordinates":{"latitude":"87.7305","longitude":"52.1479"},"timezone":{"offset":"+1:00","description":"Brussels, Copenhagen, Madrid, Paris"}},"email":"hailey.pearson@example.com","login":{"uuid":"6ac7054c-a867-4983-a7dd-bfdd41f3802c","username":"ticklishpeacock981","password":"stephane","salt":"HAEMGmkB","md5":"c43a6d3c33406b3992ddfe775eafedad","sha1":"74174546b1e8e5db2cd993b2835c19bd4bacf5e5","sha256":"3f343e44633934b8fb6b35e892b8b4e3a24d4c1ea43654da848f0adf2b15ed09"},"dob":{"date":"1992-10-12T14:20:25.793Z","age":31},"registered":{"date":"2019-03-21T02:27:29.411Z","age":5},"phone":"(292) 601-8699","cell":"(301) 628-3420","id":{"name":"SSN","value":"491-22-1945"},"picture":{"large":"https://randomuser.me/api/portraits/women/25.jpg","medium":"https://randomuser.me/api/portraits/med/women/25.jpg","thumbnail":"https://randomuser.me/api/portraits/thumb/women/25.jpg"},"nat":"US"}],"info":{"seed":"e52e1bd31381e6ce","results":1,"page":1,"version":"1.4"}} 
 </msg>
<msg time="2024-05-01T03:18:47.433610" level="INFO">/opt/hostedtoolcache/Python/3.12.3/x64/lib/python3.12/site-packages/urllib3/connectionpool.py:1103: InsecureRequestWarning: Unverified HTTPS request is being made to host 'randomuser.me'. Adding certificate verification is strongly advised. See: https://urllib3.readthedocs.io/en/latest/advanced-usage.html#tls-warnings
  warnings.warn(</msg>
<msg time="2024-05-01T03:18:47.433710" level="INFO">${response} = &lt;Response [200]&gt;</msg>
<var>${response}</var>
<arg>consultarAPI</arg>
<arg>/api</arg>
<doc>Sends a GET request on a previously created HTTP Session.</doc>
<status status="PASS" start="2024-05-01T03:18:47.359893" elapsed="0.073854"/>
</kw>
<kw name="Set Variable" owner="BuiltIn">
<msg time="2024-05-01T03:18:47.434606" level="INFO">${json_data} = {'results': [{'gender': 'female', 'name': {'title': 'Ms', 'first': 'Hailey', 'last': 'Pearson'}, 'location': {'street': {'number': 27, 'name': 'Harrison Ct'}, 'city': 'Durham', 'state': 'South Carolin...</msg>
<var>${json_data}</var>
<arg>${response.json()}</arg>
<doc>Returns the given values which can then be assigned to a variables.</doc>
<status status="PASS" start="2024-05-01T03:18:47.434134" elapsed="0.000499"/>
</kw>
<kw name="Log" owner="BuiltIn">
<msg time="2024-05-01T03:18:47.435089" level="INFO">{'results': [{'gender': 'female', 'name': {'title': 'Ms', 'first': 'Hailey', 'last': 'Pearson'}, 'location': {'street': {'number': 27, 'name': 'Harrison Ct'}, 'city': 'Durham', 'state': 'South Carolina', 'country': 'United States', 'postcode': 69593, 'coordinates': {'latitude': '87.7305', 'longitude': '52.1479'}, 'timezone': {'offset': '+1:00', 'description': 'Brussels, Copenhagen, Madrid, Paris'}}, 'email': 'hailey.pearson@example.com', 'login': {'uuid': '6ac7054c-a867-4983-a7dd-bfdd41f3802c', 'username': 'ticklishpeacock981', 'password': 'stephane', 'salt': 'HAEMGmkB', 'md5': 'c43a6d3c33406b3992ddfe775eafedad', 'sha1': '74174546b1e8e5db2cd993b2835c19bd4bacf5e5', 'sha256': '3f343e44633934b8fb6b35e892b8b4e3a24d4c1ea43654da848f0adf2b15ed09'}, 'dob': {'date': '1992-10-12T14:20:25.793Z', 'age': 31}, 'registered': {'date': '2019-03-21T02:27:29.411Z', 'age': 5}, 'phone': '(292) 601-8699', 'cell': '(301) 628-3420', 'id': {'name': 'SSN', 'value': '491-22-1945'}, 'picture': {'large': 'https://randomuser.me/api/portraits/women/25.jpg', 'medium': 'https://randomuser.me/api/portraits/med/women/25.jpg', 'thumbnail': 'https://randomuser.me/api/portraits/thumb/women/25.jpg'}, 'nat': 'US'}], 'info': {'seed': 'e52e1bd31381e6ce', 'results': 1, 'page': 1, 'version': '1.4'}}</msg>
<arg>${json_data}</arg>
<doc>Logs the given message with the given level.</doc>
<status status="PASS" start="2024-05-01T03:18:47.434939" elapsed="0.000230"/>
</kw>
<kw name="Should Be String" owner="String">
<arg>${json_data['results'][0]['gender']}</arg>
<doc>Fails if the given ``item`` is not a string.</doc>
<status status="PASS" start="2024-05-01T03:18:47.435470" elapsed="0.000364"/>
</kw>
<kw name="Should Match Regexp" owner="BuiltIn">
<arg>${json_data['results'][0]['email']}</arg>
<arg>^[a-zA-Z0-9._%+-]+@[a-zA-Z0-9.-]+\.[a-zA-Z]{2,}$</arg>
<doc>Fails if ``string`` does not match ``pattern`` as a regular expression.</doc>
<status status="PASS" start="2024-05-01T03:18:47.436025" elapsed="0.000507"/>
</kw>
<kw name="Should Match Regexp" owner="BuiltIn">
<arg>${json_data['results'][0]['dob']['date']}</arg>
<arg>\\d{4}-\\d{2}-\\d{2}T\\d{2}:\\d{2}:\\d{2}\\.\\d{3}Z</arg>
<doc>Fails if ``string`` does not match ``pattern`` as a regular expression.</doc>
<status status="PASS" start="2024-05-01T03:18:47.436724" elapsed="0.000491"/>
</kw>
<kw name="Should Match Regexp" owner="BuiltIn">
<arg>${json_data['results'][0]['registered']['date']}</arg>
<arg>\\d{4}-\\d{2}-\\d{2}T\\d{2}:\\d{2}:\\d{2}\\.\\d{3}Z</arg>
<doc>Fails if ``string`` does not match ``pattern`` as a regular expression.</doc>
<status status="PASS" start="2024-05-01T03:18:47.437405" elapsed="0.000411"/>
</kw>
<kw name="Should Match Regexp" owner="BuiltIn">
<arg>${json_data['results'][0]['picture']['large']}</arg>
<arg>^https?://.*\.(?:png|jpe?g|gif|bmp)$</arg>
<doc>Fails if ``string`` does not match ``pattern`` as a regular expression.</doc>
<status status="PASS" start="2024-05-01T03:18:47.438004" elapsed="0.000467"/>
</kw>
<kw name="Should Match Regexp" owner="BuiltIn">
<arg>${json_data['results'][0]['picture']['medium']}</arg>
<arg>^https?://.*\.(?:png|jpe?g|gif|bmp)$</arg>
<doc>Fails if ``string`` does not match ``pattern`` as a regular expression.</doc>
<status status="PASS" start="2024-05-01T03:18:47.438660" elapsed="0.000360"/>
</kw>
<kw name="Should Match Regexp" owner="BuiltIn">
<arg>${json_data['results'][0]['picture']['thumbnail']}</arg>
<arg>^https?://.*\.(?:png|jpe?g|gif|bmp)$</arg>
<doc>Fails if ``string`` does not match ``pattern`` as a regular expression.</doc>
<status status="PASS" start="2024-05-01T03:18:47.439208" elapsed="0.000354"/>
</kw>
<kw name="Log" owner="BuiltIn">
<msg time="2024-05-01T03:18:47.440071" level="INFO">{'large': 'https://randomuser.me/api/portraits/women/25.jpg', 'medium': 'https://randomuser.me/api/portraits/med/women/25.jpg', 'thumbnail': 'https://randomuser.me/api/portraits/thumb/women/25.jpg'}</msg>
<arg>${json_data['results'][0]['picture']}</arg>
<doc>Logs the given message with the given level.</doc>
<status status="PASS" start="2024-05-01T03:18:47.439750" elapsed="0.000362"/>
</kw>
<status status="PASS" start="2024-05-01T03:18:47.359674" elapsed="0.080688"/>
</kw>
<kw name="Teste de Tipos de Dados - Postcode" owner="random-user-service">
<kw name="GET On Session" owner="RequestsLibrary">
<msg time="2024-05-01T03:18:47.539037" level="INFO">GET Request : url=https://randomuser.me/api 
 path_url=/api 
 headers={'User-Agent': 'python-requests/2.31.0', 'Accept-Encoding': 'gzip, deflate', 'Accept': '*/*', 'Connection': 'keep-alive'} 
 body=None 
 </msg>
<msg time="2024-05-01T03:18:47.539099" level="INFO">GET Response : url=https://randomuser.me/api 
 status=200, reason=OK 
 headers={'Date': 'Wed, 01 May 2024 03:18:47 GMT', 'Content-Type': 'application/json; charset=utf-8', 'Transfer-Encoding': 'chunked', 'Connection': 'keep-alive', 'X-Powered-By': 'Express', 'Access-Control-Allow-Origin': '*', 'Cache-Control': 'no-cache', 'ETag': 'W/"4a9-1PwiFv3TFG/OufEilWzgosPFGfY"', 'Vary': 'Accept-Encoding', 'Content-Encoding': 'gzip', 'CF-Cache-Status': 'DYNAMIC', 'Report-To': '{"endpoints":[{"url":"https:\\/\\/a.nel.cloudflare.com\\/report\\/v4?s=u5NNzTVPaPjO1Ex0AmlYqgSUbnpFvSv9Ts5TurcFYFEyPRBgZTsWB2qn%2BBMiEOWYA%2Bheb%2BnVhkOAnNaZfmNtlt7Fn4rIBOWdIBkSDOJix3ItE%2FcugLNmOmYh2T62K%2FEB"}],"group":"cf-nel","max_age":604800}', 'NEL': '{"success_fraction":0,"report_to":"cf-nel","max_age":604800}', 'Server': 'cloudflare', 'CF-RAY': '87cca0528f118266-IAD', 'alt-svc': 'h3=":443"; ma=86400'} 
 body={"results":[{"gender":"female","name":{"title":"Ms","first":"Tess","last":"Aubert"},"location":{"street":{"number":2788,"name":"Rue Paul-Duvivier"},"city":"Pau","state":"Loire-Atlantique","country":"France","postcode":76980,"coordinates":{"latitude":"-20.1041","longitude":"130.7064"},"timezone":{"offset":"+9:00","description":"Tokyo, Seoul, Osaka, Sapporo, Yakutsk"}},"email":"tess.aubert@example.com","login":{"uuid":"f0bd4fa9-b742-4e73-915d-78c277b04f8d","username":"ticklishkoala590","password":"eastwood","salt":"Bqk4Eowf","md5":"26fe6c195f9336165e933b84b73d15a2","sha1":"a82b21cc7ac72a3bbe24aa783a6087fde89cd17f","sha256":"ac3f2d6c54243791a7f12bcd6ca9bf2a9f1ad3df0cffdf356780a1d8296788a3"},"dob":{"date":"1987-11-24T00:23:53.074Z","age":36},"registered":{"date":"2005-05-18T20:58:15.354Z","age":18},"phone":"03-70-29-58-58","cell":"06-84-31-88-39","id":{"name":"INSEE","value":"2871079192977 22"},"picture":{"large":"https://randomuser.me/api/portraits/women/43.jpg","medium":"https://randomuser.me/api/portraits/med/women/43.jpg","thumbnail":"https://randomuser.me/api/portraits/thumb/women/43.jpg"},"nat":"FR"}],"info":{"seed":"136d166474b11149","results":1,"page":1,"version":"1.4"}} 
 </msg>
<msg time="2024-05-01T03:18:47.539155" level="INFO">/opt/hostedtoolcache/Python/3.12.3/x64/lib/python3.12/site-packages/urllib3/connectionpool.py:1103: InsecureRequestWarning: Unverified HTTPS request is being made to host 'randomuser.me'. Adding certificate verification is strongly advised. See: https://urllib3.readthedocs.io/en/latest/advanced-usage.html#tls-warnings
  warnings.warn(</msg>
<msg time="2024-05-01T03:18:47.539239" level="INFO">${response} = &lt;Response [200]&gt;</msg>
<var>${response}</var>
<arg>consultarAPI</arg>
<arg>/api</arg>
<doc>Sends a GET request on a previously created HTTP Session.</doc>
<status status="PASS" start="2024-05-01T03:18:47.440795" elapsed="0.098468"/>
</kw>
<kw name="Set Variable" owner="BuiltIn">
<msg time="2024-05-01T03:18:47.540105" level="INFO">${json_data} = {'results': [{'gender': 'female', 'name': {'title': 'Ms', 'first': 'Tess', 'last': 'Aubert'}, 'location': {'street': {'number': 2788, 'name': 'Rue Paul-Duvivier'}, 'city': 'Pau', 'state': 'Loire-Atlan...</msg>
<var>${json_data}</var>
<arg>${response.json()}</arg>
<doc>Returns the given values which can then be assigned to a variables.</doc>
<status status="PASS" start="2024-05-01T03:18:47.539641" elapsed="0.000492"/>
</kw>
<kw name="Log" owner="BuiltIn">
<msg time="2024-05-01T03:18:47.540592" level="INFO">{'results': [{'gender': 'female', 'name': {'title': 'Ms', 'first': 'Tess', 'last': 'Aubert'}, 'location': {'street': {'number': 2788, 'name': 'Rue Paul-Duvivier'}, 'city': 'Pau', 'state': 'Loire-Atlantique', 'country': 'France', 'postcode': 76980, 'coordinates': {'latitude': '-20.1041', 'longitude': '130.7064'}, 'timezone': {'offset': '+9:00', 'description': 'Tokyo, Seoul, Osaka, Sapporo, Yakutsk'}}, 'email': 'tess.aubert@example.com', 'login': {'uuid': 'f0bd4fa9-b742-4e73-915d-78c277b04f8d', 'username': 'ticklishkoala590', 'password': 'eastwood', 'salt': 'Bqk4Eowf', 'md5': '26fe6c195f9336165e933b84b73d15a2', 'sha1': 'a82b21cc7ac72a3bbe24aa783a6087fde89cd17f', 'sha256': 'ac3f2d6c54243791a7f12bcd6ca9bf2a9f1ad3df0cffdf356780a1d8296788a3'}, 'dob': {'date': '1987-11-24T00:23:53.074Z', 'age': 36}, 'registered': {'date': '2005-05-18T20:58:15.354Z', 'age': 18}, 'phone': '03-70-29-58-58', 'cell': '06-84-31-88-39', 'id': {'name': 'INSEE', 'value': '2871079192977 22'}, 'picture': {'large': 'https://randomuser.me/api/portraits/women/43.jpg', 'medium': 'https://randomuser.me/api/portraits/med/women/43.jpg', 'thumbnail': 'https://randomuser.me/api/portraits/thumb/women/43.jpg'}, 'nat': 'FR'}], 'info': {'seed': '136d166474b11149', 'results': 1, 'page': 1, 'version': '1.4'}}</msg>
<arg>${json_data}</arg>
<doc>Logs the given message with the given level.</doc>
<status status="PASS" start="2024-05-01T03:18:47.540441" elapsed="0.000227"/>
</kw>
<kw name="Should Be Equal As Numbers" owner="BuiltIn">
<arg>${json_data['results'][0]['location']['postcode']}</arg>
<arg>${json_data['results'][0]['location']['postcode']}</arg>
<doc>Fails if objects are unequal after converting them to real numbers.</doc>
<status status="PASS" start="2024-05-01T03:18:47.540962" elapsed="0.000827"/>
</kw>
<kw name="Log" owner="BuiltIn">
<msg time="2024-05-01T03:18:47.542321" level="INFO">76980</msg>
<arg>${json_data['results'][0]['location']['postcode']}</arg>
<doc>Logs the given message with the given level.</doc>
<status status="PASS" start="2024-05-01T03:18:47.541985" elapsed="0.000376"/>
</kw>
<status status="PASS" start="2024-05-01T03:18:47.440575" elapsed="0.102036"/>
</kw>
<doc>Testa se os tipos de dados na resposta da API estão corretos.</doc>
<tag>testeTiposDados</tag>
<status status="PASS" start="2024-05-01T03:18:47.359240" elapsed="0.183528"/>
</test>
<test id="s1-s1-t5" name="Validar conteudo" line="35">
<kw name="Teste de Tipos de Conteudo" owner="random-user-service">
<kw name="GET On Session" owner="RequestsLibrary">
<msg time="2024-05-01T03:18:47.642580" level="INFO">GET Request : url=https://randomuser.me/api 
 path_url=/api 
 headers={'User-Agent': 'python-requests/2.31.0', 'Accept-Encoding': 'gzip, deflate', 'Accept': '*/*', 'Connection': 'keep-alive'} 
 body=None 
 </msg>
<msg time="2024-05-01T03:18:47.642662" level="INFO">GET Response : url=https://randomuser.me/api 
 status=200, reason=OK 
 headers={'Date': 'Wed, 01 May 2024 03:18:47 GMT', 'Content-Type': 'application/json; charset=utf-8', 'Transfer-Encoding': 'chunked', 'Connection': 'keep-alive', 'X-Powered-By': 'Express', 'Access-Control-Allow-Origin': '*', 'Cache-Control': 'no-cache', 'ETag': 'W/"49c-d+W36LVAU/eRjcTs/D3TObtHLrk"', 'Vary': 'Accept-Encoding', 'Content-Encoding': 'gzip', 'CF-Cache-Status': 'DYNAMIC', 'Report-To': '{"endpoints":[{"url":"https:\\/\\/a.nel.cloudflare.com\\/report\\/v4?s=Wdnnl2eMDcLHle5hz52ZAX0MHoJDHaeMo6k6UpzigXNGTq16YF6UbfY2qaGqbQ2Xs%2FXOWGyldeUyqPpMOTi6wmB8rdbZi%2FuAx4fW1Y0ZdoyPoUUnAhxhMdP4lrpdJcbw"}],"group":"cf-nel","max_age":604800}', 'NEL': '{"success_fraction":0,"report_to":"cf-nel","max_age":604800}', 'Server': 'cloudflare', 'CF-RAY': '87cca0532fde8266-IAD', 'alt-svc': 'h3=":443"; ma=86400'} 
 body={"results":[{"gender":"female","name":{"title":"Ms","first":"Alicia","last":"Howell"},"location":{"street":{"number":9592,"name":"E Pecan St"},"city":"Geraldton","state":"Queensland","country":"Australia","postcode":7819,"coordinates":{"latitude":"-88.8420","longitude":"162.0154"},"timezone":{"offset":"+11:00","description":"Magadan, Solomon Islands, New Caledonia"}},"email":"alicia.howell@example.com","login":{"uuid":"06eff366-bfc9-4252-a928-b1062bb359ec","username":"orangeostrich172","password":"black1","salt":"7WMktiQJ","md5":"c0070d4a750452a421fadf3f33eb5314","sha1":"76772b5b5678935d5e865c400b63f7321eed73f3","sha256":"ce804defc34d7a0891998f887bc739b8e419a2a4bbaf5581373c90f3059a811d"},"dob":{"date":"1946-07-21T11:42:10.912Z","age":77},"registered":{"date":"2010-01-03T09:14:16.406Z","age":14},"phone":"07-7236-8763","cell":"0409-109-474","id":{"name":"TFN","value":"932357148"},"picture":{"large":"https://randomuser.me/api/portraits/women/18.jpg","medium":"https://randomuser.me/api/portraits/med/women/18.jpg","thumbnail":"https://randomuser.me/api/portraits/thumb/women/18.jpg"},"nat":"AU"}],"info":{"seed":"3874f295b1aca098","results":1,"page":1,"version":"1.4"}} 
 </msg>
<msg time="2024-05-01T03:18:47.642731" level="INFO">/opt/hostedtoolcache/Python/3.12.3/x64/lib/python3.12/site-packages/urllib3/connectionpool.py:1103: InsecureRequestWarning: Unverified HTTPS request is being made to host 'randomuser.me'. Adding certificate verification is strongly advised. See: https://urllib3.readthedocs.io/en/latest/advanced-usage.html#tls-warnings
  warnings.warn(</msg>
<msg time="2024-05-01T03:18:47.642839" level="INFO">${response} = &lt;Response [200]&gt;</msg>
<var>${response}</var>
<arg>consultarAPI</arg>
<arg>/api</arg>
<doc>Sends a GET request on a previously created HTTP Session.</doc>
<status status="PASS" start="2024-05-01T03:18:47.545161" elapsed="0.097720"/>
</kw>
<kw name="Set Variable" owner="BuiltIn">
<msg time="2024-05-01T03:18:47.643786" level="INFO">${json_data} = {'results': [{'gender': 'female', 'name': {'title': 'Ms', 'first': 'Alicia', 'last': 'Howell'}, 'location': {'street': {'number': 9592, 'name': 'E Pecan St'}, 'city': 'Geraldton', 'state': 'Queensland...</msg>
<var>${json_data}</var>
<arg>${response.json()}</arg>
<doc>Returns the given values which can then be assigned to a variables.</doc>
<status status="PASS" start="2024-05-01T03:18:47.643334" elapsed="0.000480"/>
</kw>
<kw name="Set Variable" owner="BuiltIn">
<msg time="2024-05-01T03:18:47.644504" level="INFO">${name_title} = Ms</msg>
<var>${name_title}</var>
<arg>${json_data["results"][0]["name"]["title"]}</arg>
<doc>Returns the given values which can then be assigned to a variables.</doc>
<status status="PASS" start="2024-05-01T03:18:47.644117" elapsed="0.000411"/>
</kw>
<kw name="Create List" owner="BuiltIn">
<msg time="2024-05-01T03:18:47.644972" level="INFO">${allowed_titles} = ['Mr', 'Ms', 'Miss', 'Mrs', 'Madame', 'Monsieur']</msg>
<var>${allowed_titles}</var>
<arg>Mr</arg>
<arg>Ms</arg>
<arg>Miss</arg>
<arg>Mrs</arg>
<arg>Madame</arg>
<arg>Monsieur</arg>
<doc>Returns a list containing given items.</doc>
<status status="PASS" start="2024-05-01T03:18:47.644823" elapsed="0.000173"/>
</kw>
<kw name="List Should Contain Value" owner="Collections">
<msg time="2024-05-01T03:18:47.645493" level="INFO">False</msg>
<arg>${allowed_titles}</arg>
<arg>${name_title}</arg>
<doc>Fails if the ``value`` is not found from ``list``.</doc>
<status status="PASS" start="2024-05-01T03:18:47.645291" elapsed="0.000250"/>
</kw>
<kw name="Set Variable" owner="BuiltIn">
<msg time="2024-05-01T03:18:47.646223" level="INFO">${name_country} = AU</msg>
<var>${name_country}</var>
<arg>${json_data["results"][0]["nat"]}</arg>
<doc>Returns the given values which can then be assigned to a variables.</doc>
<status status="PASS" start="2024-05-01T03:18:47.645838" elapsed="0.000410"/>
</kw>
<kw name="Create List" owner="BuiltIn">
<msg time="2024-05-01T03:18:47.647147" level="INFO">${list_country} = ['AD', 'AE', 'AF', 'AG', 'AI', 'AL', 'AM', 'AO', 'AQ', 'AR', 'AS', 'AT', 'AU', 'AW', 'AX', 'AZ', 'BA', 'BB', 'BD', 'BE', 'BF', 'BG', 'BH', 'BI', 'BJ', 'BL', 'BM', 'BN', 'BO', 'BQ', 'BR', 'BS', 'BT', '...</msg>
<var>${list_country}</var>
<arg>AD</arg>
<arg>AE</arg>
<arg>AF</arg>
<arg>AG</arg>
<arg>AI</arg>
<arg>AL</arg>
<arg>AM</arg>
<arg>AO</arg>
<arg>AQ</arg>
<arg>AR</arg>
<arg>AS</arg>
<arg>AT</arg>
<arg>AU</arg>
<arg>AW</arg>
<arg>AX</arg>
<arg>AZ</arg>
<arg>BA</arg>
<arg>BB</arg>
<arg>BD</arg>
<arg>BE</arg>
<arg>BF</arg>
<arg>BG</arg>
<arg>BH</arg>
<arg>BI</arg>
<arg>BJ</arg>
<arg>BL</arg>
<arg>BM</arg>
<arg>BN</arg>
<arg>BO</arg>
<arg>BQ</arg>
<arg>BR</arg>
<arg>BS</arg>
<arg>BT</arg>
<arg>BV</arg>
<arg>BW</arg>
<arg>BY</arg>
<arg>BZ</arg>
<arg>CA</arg>
<arg>CC</arg>
<arg>CD</arg>
<arg>CF</arg>
<arg>CG</arg>
<arg>CH</arg>
<arg>CI</arg>
<arg>CK</arg>
<arg>CL</arg>
<arg>CM</arg>
<arg>CN</arg>
<arg>CO</arg>
<arg>CR</arg>
<arg>CU</arg>
<arg>CV</arg>
<arg>CW</arg>
<arg>CX</arg>
<arg>CY</arg>
<arg>CZ</arg>
<arg>DE</arg>
<arg>DJ</arg>
<arg>DK</arg>
<arg>DM</arg>
<arg>DO</arg>
<arg>DZ</arg>
<arg>EC</arg>
<arg>EE</arg>
<arg>EG</arg>
<arg>EH</arg>
<arg>ER</arg>
<arg>ES</arg>
<arg>ET</arg>
<arg>FI</arg>
<arg>FJ</arg>
<arg>FK</arg>
<arg>FM</arg>
<arg>FO</arg>
<arg>FR</arg>
<arg>GA</arg>
<arg>GB</arg>
<arg>GD</arg>
<arg>GE</arg>
<arg>GF</arg>
<arg>GG</arg>
<arg>GH</arg>
<arg>GI</arg>
<arg>GL</arg>
<arg>GM</arg>
<arg>GN</arg>
<arg>GP</arg>
<arg>GQ</arg>
<arg>GR</arg>
<arg>GS</arg>
<arg>GT</arg>
<arg>GU</arg>
<arg>GW</arg>
<arg>GY</arg>
<arg>HK</arg>
<arg>HM</arg>
<arg>HN</arg>
<arg>HR</arg>
<arg>HT</arg>
<arg>HU</arg>
<arg>ID</arg>
<arg>IE</arg>
<arg>IL</arg>
<arg>IM</arg>
<arg>IN</arg>
<arg>IO</arg>
<arg>IQ</arg>
<arg>IR</arg>
<arg>IS</arg>
<arg>IT</arg>
<arg>JE</arg>
<arg>JM</arg>
<arg>JO</arg>
<arg>JP</arg>
<arg>KE</arg>
<arg>KG</arg>
<arg>KH</arg>
<arg>KI</arg>
<arg>KM</arg>
<arg>KN</arg>
<arg>KP</arg>
<arg>KR</arg>
<arg>KW</arg>
<arg>KY</arg>
<arg>KZ</arg>
<arg>LA</arg>
<arg>LB</arg>
<arg>LC</arg>
<arg>LI</arg>
<arg>LK</arg>
<arg>LR</arg>
<arg>LS</arg>
<arg>LT</arg>
<arg>LU</arg>
<arg>LV</arg>
<arg>LY</arg>
<arg>MA</arg>
<arg>MC</arg>
<arg>MD</arg>
<arg>ME</arg>
<arg>MF</arg>
<arg>MG</arg>
<arg>MH</arg>
<arg>MK</arg>
<arg>ML</arg>
<arg>MM</arg>
<arg>MN</arg>
<arg>MO</arg>
<arg>MP</arg>
<arg>MQ</arg>
<arg>MR</arg>
<arg>MS</arg>
<arg>MT</arg>
<arg>MU</arg>
<arg>MV</arg>
<arg>MW</arg>
<arg>MX</arg>
<arg>MY</arg>
<arg>MZ</arg>
<arg>NA</arg>
<arg>NC</arg>
<arg>NE</arg>
<arg>NF</arg>
<arg>NG</arg>
<arg>NI</arg>
<arg>NL</arg>
<arg>NO</arg>
<arg>NP</arg>
<arg>NR</arg>
<arg>NU</arg>
<arg>NZ</arg>
<arg>OM</arg>
<arg>PA</arg>
<arg>PE</arg>
<arg>PF</arg>
<arg>PG</arg>
<arg>PH</arg>
<arg>PK</arg>
<arg>PL</arg>
<arg>PM</arg>
<arg>PN</arg>
<arg>PR</arg>
<arg>PS</arg>
<arg>PT</arg>
<arg>PW</arg>
<arg>PY</arg>
<arg>QA</arg>
<arg>RE</arg>
<arg>RO</arg>
<arg>RS</arg>
<arg>RU</arg>
<arg>RW</arg>
<arg>SA</arg>
<arg>SB</arg>
<arg>SC</arg>
<arg>SD</arg>
<arg>SE</arg>
<arg>SG</arg>
<arg>SH</arg>
<arg>SI</arg>
<arg>SJ</arg>
<arg>SK</arg>
<arg>SL</arg>
<arg>SM</arg>
<arg>SN</arg>
<arg>SO</arg>
<arg>SR</arg>
<arg>SS</arg>
<arg>ST</arg>
<arg>SV</arg>
<arg>SX</arg>
<arg>SY</arg>
<arg>SZ</arg>
<arg>TC</arg>
<arg>TD</arg>
<arg>TF</arg>
<arg>TG</arg>
<arg>TH</arg>
<arg>TJ</arg>
<arg>TK</arg>
<arg>TL</arg>
<arg>TM</arg>
<arg>TN</arg>
<arg>TO</arg>
<arg>TR</arg>
<arg>TT</arg>
<arg>TV</arg>
<arg>TW</arg>
<arg>TZ</arg>
<arg>UA</arg>
<arg>UG</arg>
<arg>UM</arg>
<arg>US</arg>
<arg>UY</arg>
<arg>UZ</arg>
<arg>VA</arg>
<arg>VC</arg>
<arg>VE</arg>
<arg>VG</arg>
<arg>VI</arg>
<arg>VN</arg>
<arg>VU</arg>
<arg>WF</arg>
<arg>WS</arg>
<arg>XK</arg>
<arg>YE</arg>
<arg>YT</arg>
<arg>ZA</arg>
<arg>ZM</arg>
<arg>ZW</arg>
<doc>Returns a list containing given items.</doc>
<status status="PASS" start="2024-05-01T03:18:47.646547" elapsed="0.000626"/>
</kw>
<kw name="List Should Contain Value" owner="Collections">
<msg time="2024-05-01T03:18:47.648171" level="INFO">False</msg>
<arg>${list_country}</arg>
<arg>${name_country}</arg>
<doc>Fails if the ``value`` is not found from ``list``.</doc>
<status status="PASS" start="2024-05-01T03:18:47.647970" elapsed="0.000238"/>
</kw>
<kw name="Run Keyword If" owner="BuiltIn">
<kw name="Should Be True" owner="BuiltIn">
<arg>${True}</arg>
<doc>Fails if the given condition is not true.</doc>
<status status="PASS" start="2024-05-01T03:18:47.649267" elapsed="0.000143"/>
</kw>
<arg>${json_data["results"][0]["location"]["coordinates"]["latitude"]} &gt;= -90 and ${json_data["results"][0]["location"]["coordinates"]["latitude"]} &lt;= 90</arg>
<arg>Should Be True</arg>
<arg>${True}</arg>
<doc>Runs the given keyword with the given arguments, if ``condition`` is true.</doc>
<status status="PASS" start="2024-05-01T03:18:47.648512" elapsed="0.001058"/>
</kw>
<kw name="Run Keyword If" owner="BuiltIn">
<kw name="Should Be True" owner="BuiltIn">
<arg>${True}</arg>
<doc>Fails if the given condition is not true.</doc>
<status status="PASS" start="2024-05-01T03:18:47.650457" elapsed="0.000243"/>
</kw>
<arg>${json_data["results"][0]["location"]["coordinates"]["longitude"]} &gt;= -180 and ${json_data["results"][0]["location"]["coordinates"]["longitude"]} &lt;= 180</arg>
<arg>Should Be True</arg>
<arg>${True}</arg>
<doc>Runs the given keyword with the given arguments, if ``condition`` is true.</doc>
<status status="PASS" start="2024-05-01T03:18:47.649756" elapsed="0.001071"/>
</kw>
<status status="PASS" start="2024-05-01T03:18:47.544940" elapsed="0.106018"/>
</kw>
<doc>Testa o conteúdo específico dos campos retornados pela API.</doc>
<tag>testeConteudo</tag>
<status status="PASS" start="2024-05-01T03:18:47.544508" elapsed="0.106595"/>
</test>
<status status="PASS" start="2024-05-01T03:18:46.672871" elapsed="0.980193"/>
</suite>
<status status="PASS" start="2024-05-01T03:18:46.659221" elapsed="0.998931"/>
</suite>
<statistics>
<total>
<stat pass="5" fail="0" skip="0">All Tests</stat>
</total>
<tag>
<stat pass="1" fail="0" skip="0">testeConteudo</stat>
<stat pass="1" fail="0" skip="0">testeEstruturaResposta</stat>
<stat pass="1" fail="0" skip="0">testeRequisicaoBasica</stat>
<stat pass="1" fail="0" skip="0">testeTiposDados</stat>
</tag>
<suite>
<stat pass="5" fail="0" skip="0" id="s1" name="Tests">Tests</stat>
<stat pass="5" fail="0" skip="0" id="s1-s1" name="Random-User-Test">Tests.Random-User-Test</stat>
</suite>
</statistics>
<errors>
</errors>
</robot>
