<?xml version="1.0" encoding="UTF-8"?>
<robot generator="Robot 7.0 (Python 3.12.3 on linux)" generated="2024-04-20T23:12:59.498152" rpa="false" schemaversion="5">
<suite id="s1" name="Tests" source="/home/runner/work/DesafioQAItauRogerioJordao/DesafioQAItauRogerioJordao/RamdonUser/tests">
<suite id="s1-s1" name="Random-User-Test" source="/home/runner/work/DesafioQAItauRogerioJordao/DesafioQAItauRogerioJordao/RamdonUser/tests/random-user-test.robot">
<test id="s1-s1-t1" name="Conectar" line="13">
<kw name="Conectar API" owner="random-user-service">
<kw name="Create Session" owner="RequestsLibrary">
<msg time="2024-04-20T23:12:59.872897" level="INFO">Creating Session using : alias=consultarAPI, url=https://randomuser.me/, headers={},                     cookies={}, auth=None, timeout=None, proxies=None, verify=False,                     debug=0 </msg>
<arg>consultarAPI</arg>
<arg>${URL}</arg>
<doc>Create Session: create a HTTP session to a server</doc>
<status status="PASS" start="2024-04-20T23:12:59.872688" elapsed="0.000430"/>
</kw>
<status status="PASS" start="2024-04-20T23:12:59.871693" elapsed="0.001804"/>
</kw>
<status status="PASS" start="2024-04-20T23:12:59.871080" elapsed="0.002610"/>
</test>
<test id="s1-s1-t2" name="Validar retorno 200 e JSON Válido" line="16">
<kw name="Teste de Requisicao Basica" owner="random-user-service">
<kw name="GET On Session" owner="RequestsLibrary">
<msg time="2024-04-20T23:12:59.991437" level="INFO">GET Request : url=https://randomuser.me/api 
 path_url=/api 
 headers={'User-Agent': 'python-requests/2.31.0', 'Accept-Encoding': 'gzip, deflate', 'Accept': '*/*', 'Connection': 'keep-alive'} 
 body=None 
 </msg>
<msg time="2024-04-20T23:12:59.991595" level="INFO">GET Response : url=https://randomuser.me/api 
 status=200, reason=OK 
 headers={'Date': 'Sat, 20 Apr 2024 23:12:59 GMT', 'Content-Type': 'application/json; charset=utf-8', 'Transfer-Encoding': 'chunked', 'Connection': 'keep-alive', 'X-Powered-By': 'Express', 'Access-Control-Allow-Origin': '*', 'Cache-Control': 'no-cache', 'ETag': 'W/"4a4-9l/017nAPclmnkiYhGdlB2uU/1Q"', 'Vary': 'Accept-Encoding', 'Content-Encoding': 'gzip', 'CF-Cache-Status': 'DYNAMIC', 'Report-To': '{"endpoints":[{"url":"https:\\/\\/a.nel.cloudflare.com\\/report\\/v4?s=QdFmeOFtFScyApVHFn5BLNcdgOCu2b7pPeioY%2ByUNgY1yIhIt88PBE6pHN3KmZ%2Bj8GRcss44Zb7XDIplzBeVGLAAhIxudD46YadEuVQZmh3D0MWoWbWVDsdydXLbYxrD"}],"group":"cf-nel","max_age":604800}', 'NEL': '{"success_fraction":0,"report_to":"cf-nel","max_age":604800}', 'Server': 'cloudflare', 'CF-RAY': '8778d2866ab6faca-SJC', 'alt-svc': 'h3=":443"; ma=86400'} 
 body={"results":[{"gender":"female","name":{"title":"Miss","first":"Justine","last":"Clement"},"location":{"street":{"number":8844,"name":"Rue du Dauphiné"},"city":"Villeurbanne","state":"Loire-Atlantique","country":"France","postcode":92754,"coordinates":{"latitude":"-13.5701","longitude":"122.1706"},"timezone":{"offset":"-12:00","description":"Eniwetok, Kwajalein"}},"email":"justine.clement@example.com","login":{"uuid":"7210ecf9-ebe8-4fd1-bc8f-d060de76888a","username":"yellowsnake124","password":"lost","salt":"R5I7ZhUU","md5":"b41128ab67ec39406900aff79a5a4fe6","sha1":"fc565e72d7ee11741947d51928a8e449f025fca1","sha256":"e9d669c8f9875911a07ddcac5c6af68f0168c9aee201e7571ad2b5f7e6527c4e"},"dob":{"date":"1968-09-27T07:58:11.831Z","age":55},"registered":{"date":"2002-05-05T09:04:29.345Z","age":21},"phone":"05-44-55-56-75","cell":"06-99-51-43-69","id":{"name":"INSEE","value":"2680896304502 02"},"picture":{"large":"https://randomuser.me/api/portraits/women/83.jpg","medium":"https://randomuser.me/api/portraits/med/women/83.jpg","thumbnail":"https://randomuser.me/api/portraits/thumb/women/83.jpg"},"nat":"FR"}],"info":{"seed":"9df2420286c38159","results":1,"page":1,"version":"1.4"}} 
 </msg>
<msg time="2024-04-20T23:12:59.991681" level="INFO">/opt/hostedtoolcache/Python/3.12.3/x64/lib/python3.12/site-packages/urllib3/connectionpool.py:1103: InsecureRequestWarning: Unverified HTTPS request is being made to host 'randomuser.me'. Adding certificate verification is strongly advised. See: https://urllib3.readthedocs.io/en/latest/advanced-usage.html#tls-warnings
  warnings.warn(</msg>
<msg time="2024-04-20T23:12:59.991830" level="INFO">${response} = &lt;Response [200]&gt;</msg>
<var>${response}</var>
<arg>consultarAPI</arg>
<arg>/api</arg>
<doc>Sends a GET request on a previously created HTTP Session.</doc>
<status status="PASS" start="2024-04-20T23:12:59.876334" elapsed="0.115538"/>
</kw>
<kw name="Should Be Equal As Numbers" owner="BuiltIn">
<msg time="2024-04-20T23:12:59.992902" level="INFO">Argument types are:
&lt;class 'int'&gt;
&lt;class 'str'&gt;</msg>
<arg>${response.status_code}</arg>
<arg>200</arg>
<doc>Fails if objects are unequal after converting them to real numbers.</doc>
<status status="PASS" start="2024-04-20T23:12:59.992429" elapsed="0.000539"/>
</kw>
<kw name="Log" owner="BuiltIn">
<msg time="2024-04-20T23:12:59.993710" level="INFO">200</msg>
<arg>${response.status_code}</arg>
<doc>Logs the given message with the given level.</doc>
<status status="PASS" start="2024-04-20T23:12:59.993355" elapsed="0.000399"/>
</kw>
<kw name="Set Variable" owner="BuiltIn">
<msg time="2024-04-20T23:12:59.994508" level="INFO">${json_data} = {'results': [{'gender': 'female', 'name': {'title': 'Miss', 'first': 'Justine', 'last': 'Clement'}, 'location': {'street': {'number': 8844, 'name': 'Rue du Dauphiné'}, 'city': 'Villeurbanne', 'state':...</msg>
<var>${json_data}</var>
<arg>${response.json()}</arg>
<doc>Returns the given values which can then be assigned to a variables.</doc>
<status status="PASS" start="2024-04-20T23:12:59.994060" elapsed="0.000477"/>
</kw>
<kw name="Dictionary Should Contain Key" owner="Collections">
<msg time="2024-04-20T23:12:59.995023" level="INFO">False</msg>
<arg>${json_data}</arg>
<arg>results</arg>
<doc>Fails if ``key`` is not found from ``dictionary``.</doc>
<status status="PASS" start="2024-04-20T23:12:59.994849" elapsed="0.000214"/>
</kw>
<status status="PASS" start="2024-04-20T23:12:59.876095" elapsed="0.119233"/>
</kw>
<doc>Testa se a API responde corretamente e retorna um objeto JSON válido.</doc>
<tag>testeRequisicaoBasica</tag>
<status status="PASS" start="2024-04-20T23:12:59.875570" elapsed="0.119949"/>
</test>
<test id="s1-s1-t3" name="Validar estrutura de resposta" line="22">
<kw name="Teste de Estrutura de Resposta" owner="random-user-service">
<kw name="GET On Session" owner="RequestsLibrary">
<msg time="2024-04-20T23:13:00.105003" level="INFO">GET Request : url=https://randomuser.me/api 
 path_url=/api 
 headers={'User-Agent': 'python-requests/2.31.0', 'Accept-Encoding': 'gzip, deflate', 'Accept': '*/*', 'Connection': 'keep-alive'} 
 body=None 
 </msg>
<msg time="2024-04-20T23:13:00.105151" level="INFO">GET Response : url=https://randomuser.me/api 
 status=200, reason=OK 
 headers={'Date': 'Sat, 20 Apr 2024 23:13:00 GMT', 'Content-Type': 'application/json; charset=utf-8', 'Transfer-Encoding': 'chunked', 'Connection': 'keep-alive', 'X-Powered-By': 'Express', 'Access-Control-Allow-Origin': '*', 'Cache-Control': 'no-cache', 'ETag': 'W/"491-fssy8XF8cGYt/TJEfl2SOth70xo"', 'Vary': 'Accept-Encoding', 'Content-Encoding': 'gzip', 'CF-Cache-Status': 'DYNAMIC', 'Report-To': '{"endpoints":[{"url":"https:\\/\\/a.nel.cloudflare.com\\/report\\/v4?s=DkAU5Ed8z1r1ul70pPJv317AeE5wqcMuiUMimJ5RsQ0b0gm5OtRvP0sW5IXhUms36aFMMTTDRKlzUC3%2F45MDxtlgWlnTuDm22fDRyDeBH5i7ERpjCSv72gpNXq%2BighzY"}],"group":"cf-nel","max_age":604800}', 'NEL': '{"success_fraction":0,"report_to":"cf-nel","max_age":604800}', 'Server': 'cloudflare', 'CF-RAY': '8778d2870b22faca-SJC', 'alt-svc': 'h3=":443"; ma=86400'} 
 body={"results":[{"gender":"female","name":{"title":"Ms","first":"Ananya","last":"Andrade"},"location":{"street":{"number":4649,"name":"Gandhi Maidan Marg"},"city":"Navi Mumbai","state":"Chhattisgarh","country":"India","postcode":60386,"coordinates":{"latitude":"7.5653","longitude":"111.5909"},"timezone":{"offset":"+7:00","description":"Bangkok, Hanoi, Jakarta"}},"email":"ananya.andrade@example.com","login":{"uuid":"11ac75a2-8f74-45dc-9954-588cc1eff629","username":"crazyfrog567","password":"falcons","salt":"0Bst2X2K","md5":"eee70c6d2bf43555a84097d5f0af7da6","sha1":"c48a3c41329f8948e7b7779637e30df8b057e6f3","sha256":"325cd100b7d179aabb65571e8be6f1291de326a873a38428f36348670989aca3"},"dob":{"date":"1975-10-02T06:57:23.173Z","age":48},"registered":{"date":"2017-08-18T03:20:59.737Z","age":6},"phone":"7899416256","cell":"7761380552","id":{"name":"UIDAI","value":"546316510185"},"picture":{"large":"https://randomuser.me/api/portraits/women/76.jpg","medium":"https://randomuser.me/api/portraits/med/women/76.jpg","thumbnail":"https://randomuser.me/api/portraits/thumb/women/76.jpg"},"nat":"IN"}],"info":{"seed":"5a5d9c11bacb0baf","results":1,"page":1,"version":"1.4"}} 
 </msg>
<msg time="2024-04-20T23:13:00.105296" level="INFO">/opt/hostedtoolcache/Python/3.12.3/x64/lib/python3.12/site-packages/urllib3/connectionpool.py:1103: InsecureRequestWarning: Unverified HTTPS request is being made to host 'randomuser.me'. Adding certificate verification is strongly advised. See: https://urllib3.readthedocs.io/en/latest/advanced-usage.html#tls-warnings
  warnings.warn(</msg>
<msg time="2024-04-20T23:13:00.105449" level="INFO">${response} = &lt;Response [200]&gt;</msg>
<var>${response}</var>
<arg>consultarAPI</arg>
<arg>/api</arg>
<doc>Sends a GET request on a previously created HTTP Session.</doc>
<status status="PASS" start="2024-04-20T23:12:59.998592" elapsed="0.106905"/>
</kw>
<kw name="Set Variable" owner="BuiltIn">
<msg time="2024-04-20T23:13:00.106568" level="INFO">${json_data} = {'results': [{'gender': 'female', 'name': {'title': 'Ms', 'first': 'Ananya', 'last': 'Andrade'}, 'location': {'street': {'number': 4649, 'name': 'Gandhi Maidan Marg'}, 'city': 'Navi Mumbai', 'state': ...</msg>
<var>${json_data}</var>
<arg>${response.json()}</arg>
<doc>Returns the given values which can then be assigned to a variables.</doc>
<status status="PASS" start="2024-04-20T23:13:00.106023" elapsed="0.000575"/>
</kw>
<kw name="Log" owner="BuiltIn">
<msg time="2024-04-20T23:13:00.107072" level="INFO">{'results': [{'gender': 'female', 'name': {'title': 'Ms', 'first': 'Ananya', 'last': 'Andrade'}, 'location': {'street': {'number': 4649, 'name': 'Gandhi Maidan Marg'}, 'city': 'Navi Mumbai', 'state': 'Chhattisgarh', 'country': 'India', 'postcode': 60386, 'coordinates': {'latitude': '7.5653', 'longitude': '111.5909'}, 'timezone': {'offset': '+7:00', 'description': 'Bangkok, Hanoi, Jakarta'}}, 'email': 'ananya.andrade@example.com', 'login': {'uuid': '11ac75a2-8f74-45dc-9954-588cc1eff629', 'username': 'crazyfrog567', 'password': 'falcons', 'salt': '0Bst2X2K', 'md5': 'eee70c6d2bf43555a84097d5f0af7da6', 'sha1': 'c48a3c41329f8948e7b7779637e30df8b057e6f3', 'sha256': '325cd100b7d179aabb65571e8be6f1291de326a873a38428f36348670989aca3'}, 'dob': {'date': '1975-10-02T06:57:23.173Z', 'age': 48}, 'registered': {'date': '2017-08-18T03:20:59.737Z', 'age': 6}, 'phone': '7899416256', 'cell': '7761380552', 'id': {'name': 'UIDAI', 'value': '546316510185'}, 'picture': {'large': 'https://randomuser.me/api/portraits/women/76.jpg', 'medium': 'https://randomuser.me/api/portraits/med/women/76.jpg', 'thumbnail': 'https://randomuser.me/api/portraits/thumb/women/76.jpg'}, 'nat': 'IN'}], 'info': {'seed': '5a5d9c11bacb0baf', 'results': 1, 'page': 1, 'version': '1.4'}}</msg>
<arg>${json_data}</arg>
<doc>Logs the given message with the given level.</doc>
<status status="PASS" start="2024-04-20T23:13:00.106907" elapsed="0.000214"/>
</kw>
<kw name="Dictionary Should Contain Key" owner="Collections">
<msg time="2024-04-20T23:13:00.107587" level="INFO">False</msg>
<arg>${json_data}</arg>
<arg>results</arg>
<doc>Fails if ``key`` is not found from ``dictionary``.</doc>
<status status="PASS" start="2024-04-20T23:13:00.107422" elapsed="0.000202"/>
</kw>
<kw name="Should Not Be Empty" owner="BuiltIn">
<msg time="2024-04-20T23:13:00.108057" level="INFO">Length is 2.</msg>
<arg>${json_data}</arg>
<doc>Verifies that the given item is not empty.</doc>
<status status="PASS" start="2024-04-20T23:13:00.107919" elapsed="0.000343"/>
</kw>
<kw name="Create List" owner="BuiltIn">
<msg time="2024-04-20T23:13:00.108708" level="INFO">${expected_keys} = ['gender', 'name', 'location', 'email', 'login']</msg>
<var>${expected_keys}</var>
<arg>gender</arg>
<arg>name</arg>
<arg>location</arg>
<arg>email</arg>
<arg>login</arg>
<doc>Returns a list containing given items.</doc>
<status status="PASS" start="2024-04-20T23:13:00.108556" elapsed="0.000177"/>
</kw>
<for flavor="IN">
<iter>
<kw name="Dictionary Should Contain Key" owner="Collections">
<msg time="2024-04-20T23:13:00.109780" level="INFO">False</msg>
<arg>${json_data['results'][0]}</arg>
<arg>${key}</arg>
<doc>Fails if ``key`` is not found from ``dictionary``.</doc>
<status status="PASS" start="2024-04-20T23:13:00.109376" elapsed="0.000443"/>
</kw>
<kw name="Log" owner="BuiltIn">
<msg time="2024-04-20T23:13:00.110498" level="INFO">{'gender': 'female', 'name': {'title': 'Ms', 'first': 'Ananya', 'last': 'Andrade'}, 'location': {'street': {'number': 4649, 'name': 'Gandhi Maidan Marg'}, 'city': 'Navi Mumbai', 'state': 'Chhattisgarh', 'country': 'India', 'postcode': 60386, 'coordinates': {'latitude': '7.5653', 'longitude': '111.5909'}, 'timezone': {'offset': '+7:00', 'description': 'Bangkok, Hanoi, Jakarta'}}, 'email': 'ananya.andrade@example.com', 'login': {'uuid': '11ac75a2-8f74-45dc-9954-588cc1eff629', 'username': 'crazyfrog567', 'password': 'falcons', 'salt': '0Bst2X2K', 'md5': 'eee70c6d2bf43555a84097d5f0af7da6', 'sha1': 'c48a3c41329f8948e7b7779637e30df8b057e6f3', 'sha256': '325cd100b7d179aabb65571e8be6f1291de326a873a38428f36348670989aca3'}, 'dob': {'date': '1975-10-02T06:57:23.173Z', 'age': 48}, 'registered': {'date': '2017-08-18T03:20:59.737Z', 'age': 6}, 'phone': '7899416256', 'cell': '7761380552', 'id': {'name': 'UIDAI', 'value': '546316510185'}, 'picture': {'large': 'https://randomuser.me/api/portraits/women/76.jpg', 'medium': 'https://randomuser.me/api/portraits/med/women/76.jpg', 'thumbnail': 'https://randomuser.me/api/portraits/thumb/women/76.jpg'}, 'nat': 'IN'}</msg>
<arg>${json_data['results'][0]}</arg>
<doc>Logs the given message with the given level.</doc>
<status status="PASS" start="2024-04-20T23:13:00.110123" elapsed="0.000424"/>
</kw>
<kw name="Log" owner="BuiltIn">
<msg time="2024-04-20T23:13:00.110967" level="INFO">gender</msg>
<arg>${key}</arg>
<doc>Logs the given message with the given level.</doc>
<status status="PASS" start="2024-04-20T23:13:00.110840" elapsed="0.000164"/>
</kw>
<var name="${key}">gender</var>
<status status="PASS" start="2024-04-20T23:13:00.109246" elapsed="0.001974"/>
</iter>
<iter>
<kw name="Dictionary Should Contain Key" owner="Collections">
<msg time="2024-04-20T23:13:00.111900" level="INFO">False</msg>
<arg>${json_data['results'][0]}</arg>
<arg>${key}</arg>
<doc>Fails if ``key`` is not found from ``dictionary``.</doc>
<status status="PASS" start="2024-04-20T23:13:00.111520" elapsed="0.000417"/>
</kw>
<kw name="Log" owner="BuiltIn">
<msg time="2024-04-20T23:13:00.112625" level="INFO">{'gender': 'female', 'name': {'title': 'Ms', 'first': 'Ananya', 'last': 'Andrade'}, 'location': {'street': {'number': 4649, 'name': 'Gandhi Maidan Marg'}, 'city': 'Navi Mumbai', 'state': 'Chhattisgarh', 'country': 'India', 'postcode': 60386, 'coordinates': {'latitude': '7.5653', 'longitude': '111.5909'}, 'timezone': {'offset': '+7:00', 'description': 'Bangkok, Hanoi, Jakarta'}}, 'email': 'ananya.andrade@example.com', 'login': {'uuid': '11ac75a2-8f74-45dc-9954-588cc1eff629', 'username': 'crazyfrog567', 'password': 'falcons', 'salt': '0Bst2X2K', 'md5': 'eee70c6d2bf43555a84097d5f0af7da6', 'sha1': 'c48a3c41329f8948e7b7779637e30df8b057e6f3', 'sha256': '325cd100b7d179aabb65571e8be6f1291de326a873a38428f36348670989aca3'}, 'dob': {'date': '1975-10-02T06:57:23.173Z', 'age': 48}, 'registered': {'date': '2017-08-18T03:20:59.737Z', 'age': 6}, 'phone': '7899416256', 'cell': '7761380552', 'id': {'name': 'UIDAI', 'value': '546316510185'}, 'picture': {'large': 'https://randomuser.me/api/portraits/women/76.jpg', 'medium': 'https://randomuser.me/api/portraits/med/women/76.jpg', 'thumbnail': 'https://randomuser.me/api/portraits/thumb/women/76.jpg'}, 'nat': 'IN'}</msg>
<arg>${json_data['results'][0]}</arg>
<doc>Logs the given message with the given level.</doc>
<status status="PASS" start="2024-04-20T23:13:00.112257" elapsed="0.000416"/>
</kw>
<kw name="Log" owner="BuiltIn">
<msg time="2024-04-20T23:13:00.113125" level="INFO">name</msg>
<arg>${key}</arg>
<doc>Logs the given message with the given level.</doc>
<status status="PASS" start="2024-04-20T23:13:00.112969" elapsed="0.000195"/>
</kw>
<var name="${key}">name</var>
<status status="PASS" start="2024-04-20T23:13:00.111407" elapsed="0.001975"/>
</iter>
<iter>
<kw name="Dictionary Should Contain Key" owner="Collections">
<msg time="2024-04-20T23:13:00.114059" level="INFO">False</msg>
<arg>${json_data['results'][0]}</arg>
<arg>${key}</arg>
<doc>Fails if ``key`` is not found from ``dictionary``.</doc>
<status status="PASS" start="2024-04-20T23:13:00.113675" elapsed="0.000421"/>
</kw>
<kw name="Log" owner="BuiltIn">
<msg time="2024-04-20T23:13:00.114761" level="INFO">{'gender': 'female', 'name': {'title': 'Ms', 'first': 'Ananya', 'last': 'Andrade'}, 'location': {'street': {'number': 4649, 'name': 'Gandhi Maidan Marg'}, 'city': 'Navi Mumbai', 'state': 'Chhattisgarh', 'country': 'India', 'postcode': 60386, 'coordinates': {'latitude': '7.5653', 'longitude': '111.5909'}, 'timezone': {'offset': '+7:00', 'description': 'Bangkok, Hanoi, Jakarta'}}, 'email': 'ananya.andrade@example.com', 'login': {'uuid': '11ac75a2-8f74-45dc-9954-588cc1eff629', 'username': 'crazyfrog567', 'password': 'falcons', 'salt': '0Bst2X2K', 'md5': 'eee70c6d2bf43555a84097d5f0af7da6', 'sha1': 'c48a3c41329f8948e7b7779637e30df8b057e6f3', 'sha256': '325cd100b7d179aabb65571e8be6f1291de326a873a38428f36348670989aca3'}, 'dob': {'date': '1975-10-02T06:57:23.173Z', 'age': 48}, 'registered': {'date': '2017-08-18T03:20:59.737Z', 'age': 6}, 'phone': '7899416256', 'cell': '7761380552', 'id': {'name': 'UIDAI', 'value': '546316510185'}, 'picture': {'large': 'https://randomuser.me/api/portraits/women/76.jpg', 'medium': 'https://randomuser.me/api/portraits/med/women/76.jpg', 'thumbnail': 'https://randomuser.me/api/portraits/thumb/women/76.jpg'}, 'nat': 'IN'}</msg>
<arg>${json_data['results'][0]}</arg>
<doc>Logs the given message with the given level.</doc>
<status status="PASS" start="2024-04-20T23:13:00.114395" elapsed="0.000422"/>
</kw>
<kw name="Log" owner="BuiltIn">
<msg time="2024-04-20T23:13:00.115234" level="INFO">location</msg>
<arg>${key}</arg>
<doc>Logs the given message with the given level.</doc>
<status status="PASS" start="2024-04-20T23:13:00.115111" elapsed="0.000162"/>
</kw>
<var name="${key}">location</var>
<status status="PASS" start="2024-04-20T23:13:00.113563" elapsed="0.001923"/>
</iter>
<iter>
<kw name="Dictionary Should Contain Key" owner="Collections">
<msg time="2024-04-20T23:13:00.116154" level="INFO">False</msg>
<arg>${json_data['results'][0]}</arg>
<arg>${key}</arg>
<doc>Fails if ``key`` is not found from ``dictionary``.</doc>
<status status="PASS" start="2024-04-20T23:13:00.115769" elapsed="0.000423"/>
</kw>
<kw name="Log" owner="BuiltIn">
<msg time="2024-04-20T23:13:00.116843" level="INFO">{'gender': 'female', 'name': {'title': 'Ms', 'first': 'Ananya', 'last': 'Andrade'}, 'location': {'street': {'number': 4649, 'name': 'Gandhi Maidan Marg'}, 'city': 'Navi Mumbai', 'state': 'Chhattisgarh', 'country': 'India', 'postcode': 60386, 'coordinates': {'latitude': '7.5653', 'longitude': '111.5909'}, 'timezone': {'offset': '+7:00', 'description': 'Bangkok, Hanoi, Jakarta'}}, 'email': 'ananya.andrade@example.com', 'login': {'uuid': '11ac75a2-8f74-45dc-9954-588cc1eff629', 'username': 'crazyfrog567', 'password': 'falcons', 'salt': '0Bst2X2K', 'md5': 'eee70c6d2bf43555a84097d5f0af7da6', 'sha1': 'c48a3c41329f8948e7b7779637e30df8b057e6f3', 'sha256': '325cd100b7d179aabb65571e8be6f1291de326a873a38428f36348670989aca3'}, 'dob': {'date': '1975-10-02T06:57:23.173Z', 'age': 48}, 'registered': {'date': '2017-08-18T03:20:59.737Z', 'age': 6}, 'phone': '7899416256', 'cell': '7761380552', 'id': {'name': 'UIDAI', 'value': '546316510185'}, 'picture': {'large': 'https://randomuser.me/api/portraits/women/76.jpg', 'medium': 'https://randomuser.me/api/portraits/med/women/76.jpg', 'thumbnail': 'https://randomuser.me/api/portraits/thumb/women/76.jpg'}, 'nat': 'IN'}</msg>
<arg>${json_data['results'][0]}</arg>
<doc>Logs the given message with the given level.</doc>
<status status="PASS" start="2024-04-20T23:13:00.116486" elapsed="0.000405"/>
</kw>
<kw name="Log" owner="BuiltIn">
<msg time="2024-04-20T23:13:00.117357" level="INFO">email</msg>
<arg>${key}</arg>
<doc>Logs the given message with the given level.</doc>
<status status="PASS" start="2024-04-20T23:13:00.117224" elapsed="0.000173"/>
</kw>
<var name="${key}">email</var>
<status status="PASS" start="2024-04-20T23:13:00.115659" elapsed="0.001955"/>
</iter>
<iter>
<kw name="Dictionary Should Contain Key" owner="Collections">
<msg time="2024-04-20T23:13:00.118286" level="INFO">False</msg>
<arg>${json_data['results'][0]}</arg>
<arg>${key}</arg>
<doc>Fails if ``key`` is not found from ``dictionary``.</doc>
<status status="PASS" start="2024-04-20T23:13:00.117896" elapsed="0.000429"/>
</kw>
<kw name="Log" owner="BuiltIn">
<msg time="2024-04-20T23:13:00.118988" level="INFO">{'gender': 'female', 'name': {'title': 'Ms', 'first': 'Ananya', 'last': 'Andrade'}, 'location': {'street': {'number': 4649, 'name': 'Gandhi Maidan Marg'}, 'city': 'Navi Mumbai', 'state': 'Chhattisgarh', 'country': 'India', 'postcode': 60386, 'coordinates': {'latitude': '7.5653', 'longitude': '111.5909'}, 'timezone': {'offset': '+7:00', 'description': 'Bangkok, Hanoi, Jakarta'}}, 'email': 'ananya.andrade@example.com', 'login': {'uuid': '11ac75a2-8f74-45dc-9954-588cc1eff629', 'username': 'crazyfrog567', 'password': 'falcons', 'salt': '0Bst2X2K', 'md5': 'eee70c6d2bf43555a84097d5f0af7da6', 'sha1': 'c48a3c41329f8948e7b7779637e30df8b057e6f3', 'sha256': '325cd100b7d179aabb65571e8be6f1291de326a873a38428f36348670989aca3'}, 'dob': {'date': '1975-10-02T06:57:23.173Z', 'age': 48}, 'registered': {'date': '2017-08-18T03:20:59.737Z', 'age': 6}, 'phone': '7899416256', 'cell': '7761380552', 'id': {'name': 'UIDAI', 'value': '546316510185'}, 'picture': {'large': 'https://randomuser.me/api/portraits/women/76.jpg', 'medium': 'https://randomuser.me/api/portraits/med/women/76.jpg', 'thumbnail': 'https://randomuser.me/api/portraits/thumb/women/76.jpg'}, 'nat': 'IN'}</msg>
<arg>${json_data['results'][0]}</arg>
<doc>Logs the given message with the given level.</doc>
<status status="PASS" start="2024-04-20T23:13:00.118620" elapsed="0.000416"/>
</kw>
<kw name="Log" owner="BuiltIn">
<msg time="2024-04-20T23:13:00.119456" level="INFO">login</msg>
<arg>${key}</arg>
<doc>Logs the given message with the given level.</doc>
<status status="PASS" start="2024-04-20T23:13:00.119330" elapsed="0.000164"/>
</kw>
<var name="${key}">login</var>
<status status="PASS" start="2024-04-20T23:13:00.117787" elapsed="0.001943"/>
</iter>
<var>${key}</var>
<value>@{expected_keys}</value>
<status status="PASS" start="2024-04-20T23:13:00.108997" elapsed="0.010858"/>
</for>
<kw name="Create List" owner="BuiltIn">
<msg time="2024-04-20T23:13:00.120185" level="INFO">${expected_keysTwo} = ['username', 'password']</msg>
<var>${expected_keysTwo}</var>
<arg>username</arg>
<arg>password</arg>
<doc>Returns a list containing given items.</doc>
<status status="PASS" start="2024-04-20T23:13:00.120049" elapsed="0.000160"/>
</kw>
<for flavor="IN">
<iter>
<kw name="Dictionary Should Contain Key" owner="Collections">
<msg time="2024-04-20T23:13:00.121131" level="INFO">False</msg>
<arg>${json_data['results'][0]['login']}</arg>
<arg>${keyTwo}</arg>
<doc>Fails if ``key`` is not found from ``dictionary``.</doc>
<status status="PASS" start="2024-04-20T23:13:00.120706" elapsed="0.000463"/>
</kw>
<kw name="Dictionary Should Contain Key" owner="Collections">
<msg time="2024-04-20T23:13:00.121849" level="INFO">False</msg>
<arg>${json_data['results'][0]['login']}</arg>
<arg>${keyTwo}</arg>
<doc>Fails if ``key`` is not found from ``dictionary``.</doc>
<status status="PASS" start="2024-04-20T23:13:00.121464" elapsed="0.000422"/>
</kw>
<kw name="Log" owner="BuiltIn">
<msg time="2024-04-20T23:13:00.122302" level="INFO">username</msg>
<arg>${keyTwo}</arg>
<doc>Logs the given message with the given level.</doc>
<status status="PASS" start="2024-04-20T23:13:00.122176" elapsed="0.000168"/>
</kw>
<var name="${keyTwo}">username</var>
<status status="PASS" start="2024-04-20T23:13:00.120597" elapsed="0.001961"/>
</iter>
<iter>
<kw name="Dictionary Should Contain Key" owner="Collections">
<msg time="2024-04-20T23:13:00.123299" level="INFO">False</msg>
<arg>${json_data['results'][0]['login']}</arg>
<arg>${keyTwo}</arg>
<doc>Fails if ``key`` is not found from ``dictionary``.</doc>
<status status="PASS" start="2024-04-20T23:13:00.122842" elapsed="0.000513"/>
</kw>
<kw name="Dictionary Should Contain Key" owner="Collections">
<msg time="2024-04-20T23:13:00.124060" level="INFO">False</msg>
<arg>${json_data['results'][0]['login']}</arg>
<arg>${keyTwo}</arg>
<doc>Fails if ``key`` is not found from ``dictionary``.</doc>
<status status="PASS" start="2024-04-20T23:13:00.123652" elapsed="0.000447"/>
</kw>
<kw name="Log" owner="BuiltIn">
<msg time="2024-04-20T23:13:00.124528" level="INFO">password</msg>
<arg>${keyTwo}</arg>
<doc>Logs the given message with the given level.</doc>
<status status="PASS" start="2024-04-20T23:13:00.124402" elapsed="0.000163"/>
</kw>
<var name="${keyTwo}">password</var>
<status status="PASS" start="2024-04-20T23:13:00.122730" elapsed="0.002055"/>
</iter>
<var>${keyTwo}</var>
<value>@{expected_keysTwo}</value>
<status status="PASS" start="2024-04-20T23:13:00.120444" elapsed="0.004460"/>
</for>
<status status="PASS" start="2024-04-20T23:12:59.998206" elapsed="0.126860"/>
</kw>
<doc>Testa a estrutura da resposta da API.</doc>
<tag>testeEstruturaResposta</tag>
<status status="PASS" start="2024-04-20T23:12:59.997419" elapsed="0.127821"/>
</test>
<test id="s1-s1-t4" name="Validar tipos de dados" line="28">
<kw name="Teste de Tipos de Dados" owner="random-user-service">
<kw name="GET On Session" owner="RequestsLibrary">
<msg time="2024-04-20T23:13:00.226882" level="INFO">GET Request : url=https://randomuser.me/api 
 path_url=/api 
 headers={'User-Agent': 'python-requests/2.31.0', 'Accept-Encoding': 'gzip, deflate', 'Accept': '*/*', 'Connection': 'keep-alive'} 
 body=None 
 </msg>
<msg time="2024-04-20T23:13:00.226970" level="INFO">GET Response : url=https://randomuser.me/api 
 status=200, reason=OK 
 headers={'Date': 'Sat, 20 Apr 2024 23:13:00 GMT', 'Content-Type': 'application/json; charset=utf-8', 'Transfer-Encoding': 'chunked', 'Connection': 'keep-alive', 'X-Powered-By': 'Express', 'Access-Control-Allow-Origin': '*', 'Cache-Control': 'no-cache', 'ETag': 'W/"48b-PCFmQIeoKbXCbP0bHEsWo/uM7HI"', 'Vary': 'Accept-Encoding', 'Content-Encoding': 'gzip', 'CF-Cache-Status': 'DYNAMIC', 'Report-To': '{"endpoints":[{"url":"https:\\/\\/a.nel.cloudflare.com\\/report\\/v4?s=PkhLFtAmeNPPV5SOQYpSlhwPRAgCedOclvxcdXfwZelKeV7%2F2qzHLRzhfjkD2ZgW2M%2FCUXnOFU%2Btb0KLUhshOwDyfp9yxQOoKxGhOKoVThZg003otr%2BHormHHe8EM29%2B"}],"group":"cf-nel","max_age":604800}', 'NEL': '{"success_fraction":0,"report_to":"cf-nel","max_age":604800}', 'Server': 'cloudflare', 'CF-RAY': '8778d287dbbafaca-SJC', 'alt-svc': 'h3=":443"; ma=86400'} 
 body={"results":[{"gender":"female","name":{"title":"Miss","first":"Thea","last":"Sørensen"},"location":{"street":{"number":9315,"name":"Sydtoften"},"city":"Samsø","state":"Danmark","country":"Denmark","postcode":32068,"coordinates":{"latitude":"-44.8002","longitude":"59.8995"},"timezone":{"offset":"-6:00","description":"Central Time (US &amp; Canada), Mexico City"}},"email":"thea.sorensen@example.com","login":{"uuid":"fe53edb0-3afa-4787-9c0a-04bc51c876b4","username":"purplebird379","password":"989898","salt":"P8PEHDZW","md5":"dab38671e44783e0075dcbf564b54bfa","sha1":"96722efc3cb1f0e6d07116c8d894a5184521f072","sha256":"366d3255cef6cf28273b863419b172e1e0bc8259a7f27ece29ea37fb2ff730a0"},"dob":{"date":"1986-08-17T01:22:29.809Z","age":37},"registered":{"date":"2018-04-27T11:24:36.502Z","age":5},"phone":"07543732","cell":"28530475","id":{"name":"CPR","value":"160886-3160"},"picture":{"large":"https://randomuser.me/api/portraits/women/36.jpg","medium":"https://randomuser.me/api/portraits/med/women/36.jpg","thumbnail":"https://randomuser.me/api/portraits/thumb/women/36.jpg"},"nat":"DK"}],"info":{"seed":"eef4af00c7b34334","results":1,"page":1,"version":"1.4"}} 
 </msg>
<msg time="2024-04-20T23:13:00.227052" level="INFO">/opt/hostedtoolcache/Python/3.12.3/x64/lib/python3.12/site-packages/urllib3/connectionpool.py:1103: InsecureRequestWarning: Unverified HTTPS request is being made to host 'randomuser.me'. Adding certificate verification is strongly advised. See: https://urllib3.readthedocs.io/en/latest/advanced-usage.html#tls-warnings
  warnings.warn(</msg>
<msg time="2024-04-20T23:13:00.227165" level="INFO">${response} = &lt;Response [200]&gt;</msg>
<var>${response}</var>
<arg>consultarAPI</arg>
<arg>/api</arg>
<doc>Sends a GET request on a previously created HTTP Session.</doc>
<status status="PASS" start="2024-04-20T23:13:00.127692" elapsed="0.099516"/>
</kw>
<kw name="Set Variable" owner="BuiltIn">
<msg time="2024-04-20T23:13:00.228093" level="INFO">${json_data} = {'results': [{'gender': 'female', 'name': {'title': 'Miss', 'first': 'Thea', 'last': 'Sørensen'}, 'location': {'street': {'number': 9315, 'name': 'Sydtoften'}, 'city': 'Samsø', 'state': 'Danmark', 'co...</msg>
<var>${json_data}</var>
<arg>${response.json()}</arg>
<doc>Returns the given values which can then be assigned to a variables.</doc>
<status status="PASS" start="2024-04-20T23:13:00.227629" elapsed="0.000493"/>
</kw>
<kw name="Log" owner="BuiltIn">
<msg time="2024-04-20T23:13:00.228575" level="INFO">{'results': [{'gender': 'female', 'name': {'title': 'Miss', 'first': 'Thea', 'last': 'Sørensen'}, 'location': {'street': {'number': 9315, 'name': 'Sydtoften'}, 'city': 'Samsø', 'state': 'Danmark', 'country': 'Denmark', 'postcode': 32068, 'coordinates': {'latitude': '-44.8002', 'longitude': '59.8995'}, 'timezone': {'offset': '-6:00', 'description': 'Central Time (US &amp; Canada), Mexico City'}}, 'email': 'thea.sorensen@example.com', 'login': {'uuid': 'fe53edb0-3afa-4787-9c0a-04bc51c876b4', 'username': 'purplebird379', 'password': '989898', 'salt': 'P8PEHDZW', 'md5': 'dab38671e44783e0075dcbf564b54bfa', 'sha1': '96722efc3cb1f0e6d07116c8d894a5184521f072', 'sha256': '366d3255cef6cf28273b863419b172e1e0bc8259a7f27ece29ea37fb2ff730a0'}, 'dob': {'date': '1986-08-17T01:22:29.809Z', 'age': 37}, 'registered': {'date': '2018-04-27T11:24:36.502Z', 'age': 5}, 'phone': '07543732', 'cell': '28530475', 'id': {'name': 'CPR', 'value': '160886-3160'}, 'picture': {'large': 'https://randomuser.me/api/portraits/women/36.jpg', 'medium': 'https://randomuser.me/api/portraits/med/women/36.jpg', 'thumbnail': 'https://randomuser.me/api/portraits/thumb/women/36.jpg'}, 'nat': 'DK'}], 'info': {'seed': 'eef4af00c7b34334', 'results': 1, 'page': 1, 'version': '1.4'}}</msg>
<arg>${json_data}</arg>
<doc>Logs the given message with the given level.</doc>
<status status="PASS" start="2024-04-20T23:13:00.228422" elapsed="0.000233"/>
</kw>
<kw name="Should Be String" owner="String">
<arg>${json_data['results'][0]['gender']}</arg>
<doc>Fails if the given ``item`` is not a string.</doc>
<status status="PASS" start="2024-04-20T23:13:00.228949" elapsed="0.000399"/>
</kw>
<kw name="Should Match Regexp" owner="BuiltIn">
<arg>${json_data['results'][0]['email']}</arg>
<arg>^[a-zA-Z0-9._%+-]+@[a-zA-Z0-9.-]+\.[a-zA-Z]{2,}$</arg>
<doc>Fails if ``string`` does not match ``pattern`` as a regular expression.</doc>
<status status="PASS" start="2024-04-20T23:13:00.229544" elapsed="0.000506"/>
</kw>
<kw name="Should Match Regexp" owner="BuiltIn">
<arg>${json_data['results'][0]['dob']['date']}</arg>
<arg>\\d{4}-\\d{2}-\\d{2}T\\d{2}:\\d{2}:\\d{2}\\.\\d{3}Z</arg>
<doc>Fails if ``string`` does not match ``pattern`` as a regular expression.</doc>
<status status="PASS" start="2024-04-20T23:13:00.230262" elapsed="0.000579"/>
</kw>
<kw name="Should Match Regexp" owner="BuiltIn">
<arg>${json_data['results'][0]['registered']['date']}</arg>
<arg>\\d{4}-\\d{2}-\\d{2}T\\d{2}:\\d{2}:\\d{2}\\.\\d{3}Z</arg>
<doc>Fails if ``string`` does not match ``pattern`` as a regular expression.</doc>
<status status="PASS" start="2024-04-20T23:13:00.231037" elapsed="0.000369"/>
</kw>
<kw name="Should Match Regexp" owner="BuiltIn">
<arg>${json_data['results'][0]['picture']['large']}</arg>
<arg>^https?://.*\.(?:png|jpe?g|gif|bmp)$</arg>
<doc>Fails if ``string`` does not match ``pattern`` as a regular expression.</doc>
<status status="PASS" start="2024-04-20T23:13:00.231592" elapsed="0.000464"/>
</kw>
<kw name="Should Match Regexp" owner="BuiltIn">
<arg>${json_data['results'][0]['picture']['medium']}</arg>
<arg>^https?://.*\.(?:png|jpe?g|gif|bmp)$</arg>
<doc>Fails if ``string`` does not match ``pattern`` as a regular expression.</doc>
<status status="PASS" start="2024-04-20T23:13:00.232243" elapsed="0.000363"/>
</kw>
<kw name="Should Match Regexp" owner="BuiltIn">
<arg>${json_data['results'][0]['picture']['thumbnail']}</arg>
<arg>^https?://.*\.(?:png|jpe?g|gif|bmp)$</arg>
<doc>Fails if ``string`` does not match ``pattern`` as a regular expression.</doc>
<status status="PASS" start="2024-04-20T23:13:00.232794" elapsed="0.000387"/>
</kw>
<kw name="Log" owner="BuiltIn">
<msg time="2024-04-20T23:13:00.233686" level="INFO">{'large': 'https://randomuser.me/api/portraits/women/36.jpg', 'medium': 'https://randomuser.me/api/portraits/med/women/36.jpg', 'thumbnail': 'https://randomuser.me/api/portraits/thumb/women/36.jpg'}</msg>
<arg>${json_data['results'][0]['picture']}</arg>
<doc>Logs the given message with the given level.</doc>
<status status="PASS" start="2024-04-20T23:13:00.233362" elapsed="0.000365"/>
</kw>
<status status="PASS" start="2024-04-20T23:13:00.127469" elapsed="0.106514"/>
</kw>
<kw name="Teste de Tipos de Dados - Postcode" owner="random-user-service">
<kw name="GET On Session" owner="RequestsLibrary">
<msg time="2024-04-20T23:13:00.344924" level="INFO">GET Request : url=https://randomuser.me/api 
 path_url=/api 
 headers={'User-Agent': 'python-requests/2.31.0', 'Accept-Encoding': 'gzip, deflate', 'Accept': '*/*', 'Connection': 'keep-alive'} 
 body=None 
 </msg>
<msg time="2024-04-20T23:13:00.345016" level="INFO">GET Response : url=https://randomuser.me/api 
 status=200, reason=OK 
 headers={'Date': 'Sat, 20 Apr 2024 23:13:00 GMT', 'Content-Type': 'application/json; charset=utf-8', 'Transfer-Encoding': 'chunked', 'Connection': 'keep-alive', 'X-Powered-By': 'Express', 'Access-Control-Allow-Origin': '*', 'Cache-Control': 'no-cache', 'ETag': 'W/"4a2-TaNnLUYGql+SOaoqBIioBQHWL88"', 'Vary': 'Accept-Encoding', 'Content-Encoding': 'gzip', 'CF-Cache-Status': 'DYNAMIC', 'Report-To': '{"endpoints":[{"url":"https:\\/\\/a.nel.cloudflare.com\\/report\\/v4?s=Ow9p0GRpP8w3XJ4vk1K3NO2260AoZwc1IqosnUJD%2BCDgFO9OJvT40FkmnG4pmwvXRgvzwLuMImabEfJCR24lp%2Bp5tf3T1aiId1hT01dTIS%2BG95DvMa1MP5yFSmYvAQjq"}],"group":"cf-nel","max_age":604800}', 'NEL': '{"success_fraction":0,"report_to":"cf-nel","max_age":604800}', 'Server': 'cloudflare', 'CF-RAY': '8778d2887c41faca-SJC', 'alt-svc': 'h3=":443"; ma=86400'} 
 body={"results":[{"gender":"female","name":{"title":"Ms","first":"Emilia","last":"Caraballo"},"location":{"street":{"number":3340,"name":"Circuito Malasia"},"city":"Tepetlaoxtoc","state":"Puebla","country":"Mexico","postcode":53402,"coordinates":{"latitude":"24.5121","longitude":"128.5857"},"timezone":{"offset":"+4:00","description":"Abu Dhabi, Muscat, Baku, Tbilisi"}},"email":"emilia.caraballo@example.com","login":{"uuid":"52c955da-718e-46db-8ed8-ed355e035a9a","username":"lazywolf859","password":"surfing","salt":"eH6z1Ra6","md5":"11bceca63b69c3d46413d66bb61f56a2","sha1":"7fd8dba78b1a62e45508df95363293a02258ecff","sha256":"f94f8fd29f11975a5ae8aa518d2da59f582342622d6c11afab8071cad3976ed8"},"dob":{"date":"1956-02-04T14:36:45.388Z","age":68},"registered":{"date":"2008-07-19T19:59:14.367Z","age":15},"phone":"(690) 236 5642","cell":"(695) 448 1769","id":{"name":"NSS","value":"75 34 71 3618 4"},"picture":{"large":"https://randomuser.me/api/portraits/women/31.jpg","medium":"https://randomuser.me/api/portraits/med/women/31.jpg","thumbnail":"https://randomuser.me/api/portraits/thumb/women/31.jpg"},"nat":"MX"}],"info":{"seed":"a71cd30c40a41bcc","results":1,"page":1,"version":"1.4"}} 
 </msg>
<msg time="2024-04-20T23:13:00.345112" level="INFO">/opt/hostedtoolcache/Python/3.12.3/x64/lib/python3.12/site-packages/urllib3/connectionpool.py:1103: InsecureRequestWarning: Unverified HTTPS request is being made to host 'randomuser.me'. Adding certificate verification is strongly advised. See: https://urllib3.readthedocs.io/en/latest/advanced-usage.html#tls-warnings
  warnings.warn(</msg>
<msg time="2024-04-20T23:13:00.345213" level="INFO">${response} = &lt;Response [200]&gt;</msg>
<var>${response}</var>
<arg>consultarAPI</arg>
<arg>/api</arg>
<doc>Sends a GET request on a previously created HTTP Session.</doc>
<status status="PASS" start="2024-04-20T23:13:00.234430" elapsed="0.110823"/>
</kw>
<kw name="Set Variable" owner="BuiltIn">
<msg time="2024-04-20T23:13:00.346130" level="INFO">${json_data} = {'results': [{'gender': 'female', 'name': {'title': 'Ms', 'first': 'Emilia', 'last': 'Caraballo'}, 'location': {'street': {'number': 3340, 'name': 'Circuito Malasia'}, 'city': 'Tepetlaoxtoc', 'state':...</msg>
<var>${json_data}</var>
<arg>${response.json()}</arg>
<doc>Returns the given values which can then be assigned to a variables.</doc>
<status status="PASS" start="2024-04-20T23:13:00.345662" elapsed="0.000507"/>
</kw>
<kw name="Log" owner="BuiltIn">
<msg time="2024-04-20T23:13:00.346619" level="INFO">{'results': [{'gender': 'female', 'name': {'title': 'Ms', 'first': 'Emilia', 'last': 'Caraballo'}, 'location': {'street': {'number': 3340, 'name': 'Circuito Malasia'}, 'city': 'Tepetlaoxtoc', 'state': 'Puebla', 'country': 'Mexico', 'postcode': 53402, 'coordinates': {'latitude': '24.5121', 'longitude': '128.5857'}, 'timezone': {'offset': '+4:00', 'description': 'Abu Dhabi, Muscat, Baku, Tbilisi'}}, 'email': 'emilia.caraballo@example.com', 'login': {'uuid': '52c955da-718e-46db-8ed8-ed355e035a9a', 'username': 'lazywolf859', 'password': 'surfing', 'salt': 'eH6z1Ra6', 'md5': '11bceca63b69c3d46413d66bb61f56a2', 'sha1': '7fd8dba78b1a62e45508df95363293a02258ecff', 'sha256': 'f94f8fd29f11975a5ae8aa518d2da59f582342622d6c11afab8071cad3976ed8'}, 'dob': {'date': '1956-02-04T14:36:45.388Z', 'age': 68}, 'registered': {'date': '2008-07-19T19:59:14.367Z', 'age': 15}, 'phone': '(690) 236 5642', 'cell': '(695) 448 1769', 'id': {'name': 'NSS', 'value': '75 34 71 3618 4'}, 'picture': {'large': 'https://randomuser.me/api/portraits/women/31.jpg', 'medium': 'https://randomuser.me/api/portraits/med/women/31.jpg', 'thumbnail': 'https://randomuser.me/api/portraits/thumb/women/31.jpg'}, 'nat': 'MX'}], 'info': {'seed': 'a71cd30c40a41bcc', 'results': 1, 'page': 1, 'version': '1.4'}}</msg>
<arg>${json_data}</arg>
<doc>Logs the given message with the given level.</doc>
<status status="PASS" start="2024-04-20T23:13:00.346467" elapsed="0.000234"/>
</kw>
<kw name="Should Be Equal As Numbers" owner="BuiltIn">
<arg>${json_data['results'][0]['location']['postcode']}</arg>
<arg>${json_data['results'][0]['location']['postcode']}</arg>
<doc>Fails if objects are unequal after converting them to real numbers.</doc>
<status status="PASS" start="2024-04-20T23:13:00.347152" elapsed="0.000620"/>
</kw>
<kw name="Log" owner="BuiltIn">
<msg time="2024-04-20T23:13:00.348309" level="INFO">53402</msg>
<arg>${json_data['results'][0]['location']['postcode']}</arg>
<doc>Logs the given message with the given level.</doc>
<status status="PASS" start="2024-04-20T23:13:00.347961" elapsed="0.000387"/>
</kw>
<status status="PASS" start="2024-04-20T23:13:00.234203" elapsed="0.114397"/>
</kw>
<doc>Testa se os tipos de dados na resposta da API estão corretos.</doc>
<tag>testeTiposDados</tag>
<status status="PASS" start="2024-04-20T23:13:00.126999" elapsed="0.221766"/>
</test>
<test id="s1-s1-t5" name="Validar conteudo" line="35">
<kw name="Teste de Tipos de Conteudo" owner="random-user-service">
<kw name="GET On Session" owner="RequestsLibrary">
<msg time="2024-04-20T23:13:00.436898" level="INFO">GET Request : url=https://randomuser.me/api 
 path_url=/api 
 headers={'User-Agent': 'python-requests/2.31.0', 'Accept-Encoding': 'gzip, deflate', 'Accept': '*/*', 'Connection': 'keep-alive'} 
 body=None 
 </msg>
<msg time="2024-04-20T23:13:00.436977" level="INFO">GET Response : url=https://randomuser.me/api 
 status=200, reason=OK 
 headers={'Date': 'Sat, 20 Apr 2024 23:13:00 GMT', 'Content-Type': 'application/json; charset=utf-8', 'Transfer-Encoding': 'chunked', 'Connection': 'keep-alive', 'X-Powered-By': 'Express', 'Access-Control-Allow-Origin': '*', 'Cache-Control': 'no-cache', 'ETag': 'W/"498-E+gXhgP8P3zzcosA/HnxyTNdr8E"', 'Vary': 'Accept-Encoding', 'Content-Encoding': 'gzip', 'CF-Cache-Status': 'DYNAMIC', 'Report-To': '{"endpoints":[{"url":"https:\\/\\/a.nel.cloudflare.com\\/report\\/v4?s=0r2%2F5sVYprTVq2Cmrb1rFz2Q1yaPeugaBlw50vqtNUCK%2FiqwLG48kPl%2BaxEVxR09JnahqSSEUXc13a38UcOSjdN9BtGdkHoyK8I%2F7l8NLP8TmQ3SqCbMIsa1%2BNwjv2ZZ"}],"group":"cf-nel","max_age":604800}', 'NEL': '{"success_fraction":0,"report_to":"cf-nel","max_age":604800}', 'Server': 'cloudflare', 'CF-RAY': '8778d2893cb7faca-SJC', 'alt-svc': 'h3=":443"; ma=86400'} 
 body={"results":[{"gender":"male","name":{"title":"Mr","first":"Salvador","last":"Kelly"},"location":{"street":{"number":5620,"name":"Country Club Rd"},"city":"Darwin","state":"Tasmania","country":"Australia","postcode":2711,"coordinates":{"latitude":"-82.2437","longitude":"-127.9701"},"timezone":{"offset":"+5:00","description":"Ekaterinburg, Islamabad, Karachi, Tashkent"}},"email":"salvador.kelly@example.com","login":{"uuid":"d7b824b3-ee36-4548-bdf5-1998d8f19a49","username":"yellowgoose184","password":"spankme","salt":"55mytqG7","md5":"e48a49162196c8299779fed9ac78559b","sha1":"5611d1dc393578669852625e06e7e0509a44951b","sha256":"e50bf1cf93ebe6f22334d6240902b85b90fe0810bd31e9c81cdc7c101cc0947e"},"dob":{"date":"1980-01-20T03:14:49.807Z","age":44},"registered":{"date":"2013-11-20T20:45:14.935Z","age":10},"phone":"08-5915-6253","cell":"0427-401-360","id":{"name":"TFN","value":"776814109"},"picture":{"large":"https://randomuser.me/api/portraits/men/53.jpg","medium":"https://randomuser.me/api/portraits/med/men/53.jpg","thumbnail":"https://randomuser.me/api/portraits/thumb/men/53.jpg"},"nat":"AU"}],"info":{"seed":"d85f374ca495f50e","results":1,"page":1,"version":"1.4"}} 
 </msg>
<msg time="2024-04-20T23:13:00.437072" level="INFO">/opt/hostedtoolcache/Python/3.12.3/x64/lib/python3.12/site-packages/urllib3/connectionpool.py:1103: InsecureRequestWarning: Unverified HTTPS request is being made to host 'randomuser.me'. Adding certificate verification is strongly advised. See: https://urllib3.readthedocs.io/en/latest/advanced-usage.html#tls-warnings
  warnings.warn(</msg>
<msg time="2024-04-20T23:13:00.437176" level="INFO">${response} = &lt;Response [200]&gt;</msg>
<var>${response}</var>
<arg>consultarAPI</arg>
<arg>/api</arg>
<doc>Sends a GET request on a previously created HTTP Session.</doc>
<status status="PASS" start="2024-04-20T23:13:00.351312" elapsed="0.085903"/>
</kw>
<kw name="Set Variable" owner="BuiltIn">
<msg time="2024-04-20T23:13:00.438033" level="INFO">${json_data} = {'results': [{'gender': 'male', 'name': {'title': 'Mr', 'first': 'Salvador', 'last': 'Kelly'}, 'location': {'street': {'number': 5620, 'name': 'Country Club Rd'}, 'city': 'Darwin', 'state': 'Tasmania'...</msg>
<var>${json_data}</var>
<arg>${response.json()}</arg>
<doc>Returns the given values which can then be assigned to a variables.</doc>
<status status="PASS" start="2024-04-20T23:13:00.437584" elapsed="0.000478"/>
</kw>
<kw name="Set Variable" owner="BuiltIn">
<msg time="2024-04-20T23:13:00.438736" level="INFO">${name_title} = Mr</msg>
<var>${name_title}</var>
<arg>${json_data["results"][0]["name"]["title"]}</arg>
<doc>Returns the given values which can then be assigned to a variables.</doc>
<status status="PASS" start="2024-04-20T23:13:00.438359" elapsed="0.000401"/>
</kw>
<kw name="Create List" owner="BuiltIn">
<msg time="2024-04-20T23:13:00.439198" level="INFO">${allowed_titles} = ['Mr', 'Ms', 'Miss', 'Mrs', 'Madame', 'Monsieur']</msg>
<var>${allowed_titles}</var>
<arg>Mr</arg>
<arg>Ms</arg>
<arg>Miss</arg>
<arg>Mrs</arg>
<arg>Madame</arg>
<arg>Monsieur</arg>
<doc>Returns a list containing given items.</doc>
<status status="PASS" start="2024-04-20T23:13:00.439051" elapsed="0.000171"/>
</kw>
<kw name="List Should Contain Value" owner="Collections">
<msg time="2024-04-20T23:13:00.439685" level="INFO">False</msg>
<arg>${allowed_titles}</arg>
<arg>${name_title}</arg>
<doc>Fails if the ``value`` is not found from ``list``.</doc>
<status status="PASS" start="2024-04-20T23:13:00.439515" elapsed="0.000206"/>
</kw>
<kw name="Set Variable" owner="BuiltIn">
<msg time="2024-04-20T23:13:00.440384" level="INFO">${name_country} = AU</msg>
<var>${name_country}</var>
<arg>${json_data["results"][0]["nat"]}</arg>
<doc>Returns the given values which can then be assigned to a variables.</doc>
<status status="PASS" start="2024-04-20T23:13:00.440003" elapsed="0.000406"/>
</kw>
<kw name="Create List" owner="BuiltIn">
<msg time="2024-04-20T23:13:00.441344" level="INFO">${list_country} = ['AD', 'AE', 'AF', 'AG', 'AI', 'AL', 'AM', 'AO', 'AQ', 'AR', 'AS', 'AT', 'AU', 'AW', 'AX', 'AZ', 'BA', 'BB', 'BD', 'BE', 'BF', 'BG', 'BH', 'BI', 'BJ', 'BL', 'BM', 'BN', 'BO', 'BQ', 'BR', 'BS', 'BT', '...</msg>
<var>${list_country}</var>
<arg>AD</arg>
<arg>AE</arg>
<arg>AF</arg>
<arg>AG</arg>
<arg>AI</arg>
<arg>AL</arg>
<arg>AM</arg>
<arg>AO</arg>
<arg>AQ</arg>
<arg>AR</arg>
<arg>AS</arg>
<arg>AT</arg>
<arg>AU</arg>
<arg>AW</arg>
<arg>AX</arg>
<arg>AZ</arg>
<arg>BA</arg>
<arg>BB</arg>
<arg>BD</arg>
<arg>BE</arg>
<arg>BF</arg>
<arg>BG</arg>
<arg>BH</arg>
<arg>BI</arg>
<arg>BJ</arg>
<arg>BL</arg>
<arg>BM</arg>
<arg>BN</arg>
<arg>BO</arg>
<arg>BQ</arg>
<arg>BR</arg>
<arg>BS</arg>
<arg>BT</arg>
<arg>BV</arg>
<arg>BW</arg>
<arg>BY</arg>
<arg>BZ</arg>
<arg>CA</arg>
<arg>CC</arg>
<arg>CD</arg>
<arg>CF</arg>
<arg>CG</arg>
<arg>CH</arg>
<arg>CI</arg>
<arg>CK</arg>
<arg>CL</arg>
<arg>CM</arg>
<arg>CN</arg>
<arg>CO</arg>
<arg>CR</arg>
<arg>CU</arg>
<arg>CV</arg>
<arg>CW</arg>
<arg>CX</arg>
<arg>CY</arg>
<arg>CZ</arg>
<arg>DE</arg>
<arg>DJ</arg>
<arg>DK</arg>
<arg>DM</arg>
<arg>DO</arg>
<arg>DZ</arg>
<arg>EC</arg>
<arg>EE</arg>
<arg>EG</arg>
<arg>EH</arg>
<arg>ER</arg>
<arg>ES</arg>
<arg>ET</arg>
<arg>FI</arg>
<arg>FJ</arg>
<arg>FK</arg>
<arg>FM</arg>
<arg>FO</arg>
<arg>FR</arg>
<arg>GA</arg>
<arg>GB</arg>
<arg>GD</arg>
<arg>GE</arg>
<arg>GF</arg>
<arg>GG</arg>
<arg>GH</arg>
<arg>GI</arg>
<arg>GL</arg>
<arg>GM</arg>
<arg>GN</arg>
<arg>GP</arg>
<arg>GQ</arg>
<arg>GR</arg>
<arg>GS</arg>
<arg>GT</arg>
<arg>GU</arg>
<arg>GW</arg>
<arg>GY</arg>
<arg>HK</arg>
<arg>HM</arg>
<arg>HN</arg>
<arg>HR</arg>
<arg>HT</arg>
<arg>HU</arg>
<arg>ID</arg>
<arg>IE</arg>
<arg>IL</arg>
<arg>IM</arg>
<arg>IN</arg>
<arg>IO</arg>
<arg>IQ</arg>
<arg>IR</arg>
<arg>IS</arg>
<arg>IT</arg>
<arg>JE</arg>
<arg>JM</arg>
<arg>JO</arg>
<arg>JP</arg>
<arg>KE</arg>
<arg>KG</arg>
<arg>KH</arg>
<arg>KI</arg>
<arg>KM</arg>
<arg>KN</arg>
<arg>KP</arg>
<arg>KR</arg>
<arg>KW</arg>
<arg>KY</arg>
<arg>KZ</arg>
<arg>LA</arg>
<arg>LB</arg>
<arg>LC</arg>
<arg>LI</arg>
<arg>LK</arg>
<arg>LR</arg>
<arg>LS</arg>
<arg>LT</arg>
<arg>LU</arg>
<arg>LV</arg>
<arg>LY</arg>
<arg>MA</arg>
<arg>MC</arg>
<arg>MD</arg>
<arg>ME</arg>
<arg>MF</arg>
<arg>MG</arg>
<arg>MH</arg>
<arg>MK</arg>
<arg>ML</arg>
<arg>MM</arg>
<arg>MN</arg>
<arg>MO</arg>
<arg>MP</arg>
<arg>MQ</arg>
<arg>MR</arg>
<arg>MS</arg>
<arg>MT</arg>
<arg>MU</arg>
<arg>MV</arg>
<arg>MW</arg>
<arg>MX</arg>
<arg>MY</arg>
<arg>MZ</arg>
<arg>NA</arg>
<arg>NC</arg>
<arg>NE</arg>
<arg>NF</arg>
<arg>NG</arg>
<arg>NI</arg>
<arg>NL</arg>
<arg>NO</arg>
<arg>NP</arg>
<arg>NR</arg>
<arg>NU</arg>
<arg>NZ</arg>
<arg>OM</arg>
<arg>PA</arg>
<arg>PE</arg>
<arg>PF</arg>
<arg>PG</arg>
<arg>PH</arg>
<arg>PK</arg>
<arg>PL</arg>
<arg>PM</arg>
<arg>PN</arg>
<arg>PR</arg>
<arg>PS</arg>
<arg>PT</arg>
<arg>PW</arg>
<arg>PY</arg>
<arg>QA</arg>
<arg>RE</arg>
<arg>RO</arg>
<arg>RS</arg>
<arg>RU</arg>
<arg>RW</arg>
<arg>SA</arg>
<arg>SB</arg>
<arg>SC</arg>
<arg>SD</arg>
<arg>SE</arg>
<arg>SG</arg>
<arg>SH</arg>
<arg>SI</arg>
<arg>SJ</arg>
<arg>SK</arg>
<arg>SL</arg>
<arg>SM</arg>
<arg>SN</arg>
<arg>SO</arg>
<arg>SR</arg>
<arg>SS</arg>
<arg>ST</arg>
<arg>SV</arg>
<arg>SX</arg>
<arg>SY</arg>
<arg>SZ</arg>
<arg>TC</arg>
<arg>TD</arg>
<arg>TF</arg>
<arg>TG</arg>
<arg>TH</arg>
<arg>TJ</arg>
<arg>TK</arg>
<arg>TL</arg>
<arg>TM</arg>
<arg>TN</arg>
<arg>TO</arg>
<arg>TR</arg>
<arg>TT</arg>
<arg>TV</arg>
<arg>TW</arg>
<arg>TZ</arg>
<arg>UA</arg>
<arg>UG</arg>
<arg>UM</arg>
<arg>US</arg>
<arg>UY</arg>
<arg>UZ</arg>
<arg>VA</arg>
<arg>VC</arg>
<arg>VE</arg>
<arg>VG</arg>
<arg>VI</arg>
<arg>VN</arg>
<arg>VU</arg>
<arg>WF</arg>
<arg>WS</arg>
<arg>XK</arg>
<arg>YE</arg>
<arg>YT</arg>
<arg>ZA</arg>
<arg>ZM</arg>
<arg>ZW</arg>
<doc>Returns a list containing given items.</doc>
<status status="PASS" start="2024-04-20T23:13:00.440709" elapsed="0.000661"/>
</kw>
<kw name="List Should Contain Value" owner="Collections">
<msg time="2024-04-20T23:13:00.442357" level="INFO">False</msg>
<arg>${list_country}</arg>
<arg>${name_country}</arg>
<doc>Fails if the ``value`` is not found from ``list``.</doc>
<status status="PASS" start="2024-04-20T23:13:00.442159" elapsed="0.000234"/>
</kw>
<kw name="Run Keyword If" owner="BuiltIn">
<kw name="Should Be True" owner="BuiltIn">
<arg>${True}</arg>
<doc>Fails if the given condition is not true.</doc>
<status status="PASS" start="2024-04-20T23:13:00.443445" elapsed="0.000242"/>
</kw>
<arg>${json_data["results"][0]["location"]["coordinates"]["latitude"]} &gt;= -90 and ${json_data["results"][0]["location"]["coordinates"]["latitude"]} &lt;= 90</arg>
<arg>Should Be True</arg>
<arg>${True}</arg>
<doc>Runs the given keyword with the given arguments, if ``condition`` is true.</doc>
<status status="PASS" start="2024-04-20T23:13:00.442704" elapsed="0.001114"/>
</kw>
<kw name="Run Keyword If" owner="BuiltIn">
<kw name="Should Be True" owner="BuiltIn">
<arg>${True}</arg>
<doc>Fails if the given condition is not true.</doc>
<status status="PASS" start="2024-04-20T23:13:00.444716" elapsed="0.000136"/>
</kw>
<arg>${json_data["results"][0]["location"]["coordinates"]["longitude"]} &gt;= -180 and ${json_data["results"][0]["location"]["coordinates"]["longitude"]} &lt;= 180</arg>
<arg>Should Be True</arg>
<arg>${True}</arg>
<doc>Runs the given keyword with the given arguments, if ``condition`` is true.</doc>
<status status="PASS" start="2024-04-20T23:13:00.444001" elapsed="0.000973"/>
</kw>
<status status="PASS" start="2024-04-20T23:13:00.351086" elapsed="0.094044"/>
</kw>
<doc>Testa o conteúdo específico dos campos retornados pela API.</doc>
<tag>testeConteudo</tag>
<status status="PASS" start="2024-04-20T23:13:00.350654" elapsed="0.094620"/>
</test>
<status status="PASS" start="2024-04-20T23:12:59.556604" elapsed="0.890561"/>
</suite>
<status status="PASS" start="2024-04-20T23:12:59.542882" elapsed="0.909428"/>
</suite>
<statistics>
<total>
<stat pass="5" fail="0" skip="0">All Tests</stat>
</total>
<tag>
<stat pass="1" fail="0" skip="0">testeConteudo</stat>
<stat pass="1" fail="0" skip="0">testeEstruturaResposta</stat>
<stat pass="1" fail="0" skip="0">testeRequisicaoBasica</stat>
<stat pass="1" fail="0" skip="0">testeTiposDados</stat>
</tag>
<suite>
<stat pass="5" fail="0" skip="0" id="s1" name="Tests">Tests</stat>
<stat pass="5" fail="0" skip="0" id="s1-s1" name="Random-User-Test">Tests.Random-User-Test</stat>
</suite>
</statistics>
<errors>
</errors>
</robot>
