<?xml version="1.0" encoding="UTF-8"?>
<robot generator="Robot 7.0.1 (Python 3.12.4 on linux)" generated="2024-08-05T19:15:05.637993" rpa="false" schemaversion="5">
<suite id="s1" name="Tests" source="/home/runner/work/ApiRandomUser/ApiRandomUser/RamdonUser/tests">
<suite id="s1-s1" name="Random-User-Test" source="/home/runner/work/ApiRandomUser/ApiRandomUser/RamdonUser/tests/random-user-test.robot">
<test id="s1-s1-t1" name="Conectar" line="13">
<kw name="Conectar API" owner="random-user-service">
<kw name="Create Session" owner="RequestsLibrary">
<msg time="2024-08-05T19:15:06.075625" level="INFO">Creating Session using : alias=consultarAPI, url=https://randomuser.me/, headers={},                     cookies={}, auth=None, timeout=None, proxies=None, verify=False,                     debug=0 </msg>
<arg>consultarAPI</arg>
<arg>${URL}</arg>
<doc>Create Session: create a HTTP session to a server</doc>
<status status="PASS" start="2024-08-05T19:15:06.075427" elapsed="0.000406"/>
</kw>
<status status="PASS" start="2024-08-05T19:15:06.074402" elapsed="0.001787"/>
</kw>
<status status="PASS" start="2024-08-05T19:15:06.073868" elapsed="0.002519"/>
</test>
<test id="s1-s1-t2" name="Validar retorno 200 e JSON Válido" line="16">
<kw name="Teste de Requisicao Basica" owner="random-user-service">
<kw name="GET On Session" owner="RequestsLibrary">
<msg time="2024-08-05T19:15:06.404621" level="INFO">GET Request : url=https://randomuser.me/api 
 path_url=/api 
 headers={'User-Agent': 'python-requests/2.32.3', 'Accept-Encoding': 'gzip, deflate', 'Accept': '*/*', 'Connection': 'keep-alive'} 
 body=None 
 </msg>
<msg time="2024-08-05T19:15:06.404747" level="INFO">GET Response : url=https://randomuser.me/api 
 status=200, reason=OK 
 headers={'Date': 'Mon, 05 Aug 2024 19:15:06 GMT', 'Content-Type': 'application/json; charset=utf-8', 'Transfer-Encoding': 'chunked', 'Connection': 'keep-alive', 'X-Powered-By': 'Express', 'Access-Control-Allow-Origin': '*', 'Cache-Control': 'no-cache', 'ETag': 'W/"46c-kFxD7t0WuyfbRgAqkO1MQdudI+Y"', 'Vary': 'Accept-Encoding', 'Content-Encoding': 'gzip', 'CF-Cache-Status': 'DYNAMIC', 'Report-To': '{"endpoints":[{"url":"https:\\/\\/a.nel.cloudflare.com\\/report\\/v4?s=OI2JdDZFyUfyazZfAeryN9ktECauf7toK7h%2F9NGDokqGu3VbWIB2n8UTiyEopvDQolex%2BFmfLHjEtFfyH2fX%2BnhCH3Kqw1m6fuZVBVT04HjEAqrlfhB3V21DVGjpH7nJ"}],"group":"cf-nel","max_age":604800}', 'NEL': '{"success_fraction":0,"report_to":"cf-nel","max_age":604800}', 'Server': 'cloudflare', 'CF-RAY': '8ae91d2c4d3628fa-LAX', 'alt-svc': 'h3=":443"; ma=86400'} 
 body={"results":[{"gender":"male","name":{"title":"Mr","first":"Hassan","last":"Hovden"},"location":{"street":{"number":6883,"name":"Sommerrogata"},"city":"Svarstad","state":"Vestfold","country":"Norway","postcode":"4613","coordinates":{"latitude":"46.5863","longitude":"-86.3636"},"timezone":{"offset":"-3:30","description":"Newfoundland"}},"email":"hassan.hovden@example.com","login":{"uuid":"555bccfa-2acd-468a-a2ae-cb39aef1153e","username":"purpletiger787","password":"bigmac","salt":"jOU3AIM6","md5":"7fc30c47bcc2cd1eea6fefd29be8f74c","sha1":"d5e96e14d1f0269543c429a31acac7cdfb359cf3","sha256":"210a39e7e4e0314fc57d41acf312450884cd079eddaebdb11cd8d99a91990243"},"dob":{"date":"1986-07-11T18:28:14.661Z","age":38},"registered":{"date":"2006-03-09T17:50:21.170Z","age":18},"phone":"69901319","cell":"42377045","id":{"name":"FN","value":"11078640547"},"picture":{"large":"https://randomuser.me/api/portraits/men/60.jpg","medium":"https://randomuser.me/api/portraits/med/men/60.jpg","thumbnail":"https://randomuser.me/api/portraits/thumb/men/60.jpg"},"nat":"NO"}],"info":{"seed":"4952deced26bd95e","results":1,"page":1,"version":"1.4"}} 
 </msg>
<msg time="2024-08-05T19:15:06.404818" level="INFO">/opt/hostedtoolcache/Python/3.12.4/x64/lib/python3.12/site-packages/urllib3/connectionpool.py:1099: InsecureRequestWarning: Unverified HTTPS request is being made to host 'randomuser.me'. Adding certificate verification is strongly advised. See: https://urllib3.readthedocs.io/en/latest/advanced-usage.html#tls-warnings
  warnings.warn(</msg>
<msg time="2024-08-05T19:15:06.404933" level="INFO">${response} = &lt;Response [200]&gt;</msg>
<var>${response}</var>
<arg>consultarAPI</arg>
<arg>/api</arg>
<doc>Sends a GET request on a previously created HTTP Session.</doc>
<status status="PASS" start="2024-08-05T19:15:06.078949" elapsed="0.326026"/>
</kw>
<kw name="Should Be Equal As Numbers" owner="BuiltIn">
<msg time="2024-08-05T19:15:06.405834" level="INFO">Argument types are:
&lt;class 'int'&gt;
&lt;class 'str'&gt;</msg>
<arg>${response.status_code}</arg>
<arg>200</arg>
<doc>Fails if objects are unequal after converting them to real numbers.</doc>
<status status="PASS" start="2024-08-05T19:15:06.405412" elapsed="0.000486"/>
</kw>
<kw name="Log" owner="BuiltIn">
<msg time="2024-08-05T19:15:06.406552" level="INFO">200</msg>
<arg>${response.status_code}</arg>
<doc>Logs the given message with the given level.</doc>
<status status="PASS" start="2024-08-05T19:15:06.406211" elapsed="0.000382"/>
</kw>
<kw name="Set Variable" owner="BuiltIn">
<msg time="2024-08-05T19:15:06.407327" level="INFO">${json_data} = {'results': [{'gender': 'male', 'name': {'title': 'Mr', 'first': 'Hassan', 'last': 'Hovden'}, 'location': {'street': {'number': 6883, 'name': 'Sommerrogata'}, 'city': 'Svarstad', 'state': 'Vestfold', ...</msg>
<var>${json_data}</var>
<arg>${response.json()}</arg>
<doc>Returns the given values which can then be assigned to a variables.</doc>
<status status="PASS" start="2024-08-05T19:15:06.406893" elapsed="0.000462"/>
</kw>
<kw name="Dictionary Should Contain Key" owner="Collections">
<arg>${json_data}</arg>
<arg>results</arg>
<doc>Fails if ``key`` is not found from ``dictionary``.</doc>
<status status="PASS" start="2024-08-05T19:15:06.407650" elapsed="0.000360"/>
</kw>
<status status="PASS" start="2024-08-05T19:15:06.078704" elapsed="0.329459"/>
</kw>
<doc>Testa se a API responde corretamente e retorna um objeto JSON válido.</doc>
<tag>testeRequisicaoBasica</tag>
<status status="PASS" start="2024-08-05T19:15:06.078218" elapsed="0.330111"/>
</test>
<test id="s1-s1-t3" name="Validar estrutura de resposta" line="22">
<kw name="Teste de Estrutura de Resposta" owner="random-user-service">
<kw name="GET On Session" owner="RequestsLibrary">
<msg time="2024-08-05T19:15:06.509684" level="INFO">GET Request : url=https://randomuser.me/api 
 path_url=/api 
 headers={'User-Agent': 'python-requests/2.32.3', 'Accept-Encoding': 'gzip, deflate', 'Accept': '*/*', 'Connection': 'keep-alive'} 
 body=None 
 </msg>
<msg time="2024-08-05T19:15:06.509775" level="INFO">GET Response : url=https://randomuser.me/api 
 status=200, reason=OK 
 headers={'Date': 'Mon, 05 Aug 2024 19:15:06 GMT', 'Content-Type': 'application/json; charset=utf-8', 'Transfer-Encoding': 'chunked', 'Connection': 'keep-alive', 'X-Powered-By': 'Express', 'Access-Control-Allow-Origin': '*', 'Cache-Control': 'no-cache', 'ETag': 'W/"48f-GkhH/zlBcBi4QB87R32JZ4OiJdg"', 'Vary': 'Accept-Encoding', 'Content-Encoding': 'gzip', 'CF-Cache-Status': 'DYNAMIC', 'Report-To': '{"endpoints":[{"url":"https:\\/\\/a.nel.cloudflare.com\\/report\\/v4?s=5F7QnN75%2Fn%2Fl5wM7HWOqroEmBs38o0SGiNzneLZF01wVEbGNpPoTI%2Bu7NPAG87bvv8nBy5aD0TeR8xmJU0UvCavtUo8%2F3KYMu9Hn83lErYBGowVOYXsQDzB93XaXyqVQ"}],"group":"cf-nel","max_age":604800}', 'NEL': '{"success_fraction":0,"report_to":"cf-nel","max_age":604800}', 'Server': 'cloudflare', 'CF-RAY': '8ae91d2d1e2d28fa-LAX', 'alt-svc': 'h3=":443"; ma=86400'} 
 body={"results":[{"gender":"male","name":{"title":"Mr","first":"Radivoje","last":"Kitić"},"location":{"street":{"number":116,"name":"Desanke Dese Đorđević"},"city":"Leskovac","state":"Srem","country":"Serbia","postcode":80240,"coordinates":{"latitude":"56.1015","longitude":"-88.9957"},"timezone":{"offset":"+1:00","description":"Brussels, Copenhagen, Madrid, Paris"}},"email":"radivoje.kitic@example.com","login":{"uuid":"a57026dc-106a-4d69-8b89-6df11e396195","username":"orangemouse443","password":"powell","salt":"gdAOZAKI","md5":"b3882b4e2cc4f597b45f2922298ca1b1","sha1":"053347e76f950077e450b4832d6f1eb292a23818","sha256":"97ffc0e3b102a261f260fa4d8bd214f6fb6abd0f54de79ecc2fa74174b8305bf"},"dob":{"date":"1991-03-25T09:12:34.572Z","age":33},"registered":{"date":"2021-04-03T05:56:11.390Z","age":3},"phone":"018-2540-535","cell":"065-6632-437","id":{"name":"SID","value":"359966636"},"picture":{"large":"https://randomuser.me/api/portraits/men/6.jpg","medium":"https://randomuser.me/api/portraits/med/men/6.jpg","thumbnail":"https://randomuser.me/api/portraits/thumb/men/6.jpg"},"nat":"RS"}],"info":{"seed":"c0f79196b5f07cc6","results":1,"page":1,"version":"1.4"}} 
 </msg>
<msg time="2024-08-05T19:15:06.509908" level="INFO">/opt/hostedtoolcache/Python/3.12.4/x64/lib/python3.12/site-packages/urllib3/connectionpool.py:1099: InsecureRequestWarning: Unverified HTTPS request is being made to host 'randomuser.me'. Adding certificate verification is strongly advised. See: https://urllib3.readthedocs.io/en/latest/advanced-usage.html#tls-warnings
  warnings.warn(</msg>
<msg time="2024-08-05T19:15:06.510007" level="INFO">${response} = &lt;Response [200]&gt;</msg>
<var>${response}</var>
<arg>consultarAPI</arg>
<arg>/api</arg>
<doc>Sends a GET request on a previously created HTTP Session.</doc>
<status status="PASS" start="2024-08-05T19:15:06.411240" elapsed="0.098799"/>
</kw>
<kw name="Set Variable" owner="BuiltIn">
<msg time="2024-08-05T19:15:06.510870" level="INFO">${json_data} = {'results': [{'gender': 'male', 'name': {'title': 'Mr', 'first': 'Radivoje', 'last': 'Kitić'}, 'location': {'street': {'number': 116, 'name': 'Desanke Dese Đorđević'}, 'city': 'Leskovac', 'state': 'Sr...</msg>
<var>${json_data}</var>
<arg>${response.json()}</arg>
<doc>Returns the given values which can then be assigned to a variables.</doc>
<status status="PASS" start="2024-08-05T19:15:06.510417" elapsed="0.000483"/>
</kw>
<kw name="Log" owner="BuiltIn">
<msg time="2024-08-05T19:15:06.511361" level="INFO">{'results': [{'gender': 'male', 'name': {'title': 'Mr', 'first': 'Radivoje', 'last': 'Kitić'}, 'location': {'street': {'number': 116, 'name': 'Desanke Dese Đorđević'}, 'city': 'Leskovac', 'state': 'Srem', 'country': 'Serbia', 'postcode': 80240, 'coordinates': {'latitude': '56.1015', 'longitude': '-88.9957'}, 'timezone': {'offset': '+1:00', 'description': 'Brussels, Copenhagen, Madrid, Paris'}}, 'email': 'radivoje.kitic@example.com', 'login': {'uuid': 'a57026dc-106a-4d69-8b89-6df11e396195', 'username': 'orangemouse443', 'password': 'powell', 'salt': 'gdAOZAKI', 'md5': 'b3882b4e2cc4f597b45f2922298ca1b1', 'sha1': '053347e76f950077e450b4832d6f1eb292a23818', 'sha256': '97ffc0e3b102a261f260fa4d8bd214f6fb6abd0f54de79ecc2fa74174b8305bf'}, 'dob': {'date': '1991-03-25T09:12:34.572Z', 'age': 33}, 'registered': {'date': '2021-04-03T05:56:11.390Z', 'age': 3}, 'phone': '018-2540-535', 'cell': '065-6632-437', 'id': {'name': 'SID', 'value': '359966636'}, 'picture': {'large': 'https://randomuser.me/api/portraits/men/6.jpg', 'medium': 'https://randomuser.me/api/portraits/med/men/6.jpg', 'thumbnail': 'https://randomuser.me/api/portraits/thumb/men/6.jpg'}, 'nat': 'RS'}], 'info': {'seed': 'c0f79196b5f07cc6', 'results': 1, 'page': 1, 'version': '1.4'}}</msg>
<arg>${json_data}</arg>
<doc>Logs the given message with the given level.</doc>
<status status="PASS" start="2024-08-05T19:15:06.511202" elapsed="0.000208"/>
</kw>
<kw name="Dictionary Should Contain Key" owner="Collections">
<arg>${json_data}</arg>
<arg>results</arg>
<doc>Fails if ``key`` is not found from ``dictionary``.</doc>
<status status="PASS" start="2024-08-05T19:15:06.511700" elapsed="0.000209"/>
</kw>
<kw name="Should Not Be Empty" owner="BuiltIn">
<msg time="2024-08-05T19:15:06.512221" level="INFO">Length is 2.</msg>
<arg>${json_data}</arg>
<doc>Verifies that the given item is not empty.</doc>
<status status="PASS" start="2024-08-05T19:15:06.512096" elapsed="0.000162"/>
</kw>
<kw name="Create List" owner="BuiltIn">
<msg time="2024-08-05T19:15:06.512693" level="INFO">${expected_keys} = ['gender', 'name', 'location', 'email', 'login']</msg>
<var>${expected_keys}</var>
<arg>gender</arg>
<arg>name</arg>
<arg>location</arg>
<arg>email</arg>
<arg>login</arg>
<doc>Returns a list containing given items.</doc>
<status status="PASS" start="2024-08-05T19:15:06.512542" elapsed="0.000175"/>
</kw>
<for flavor="IN">
<iter>
<kw name="Dictionary Should Contain Key" owner="Collections">
<arg>${json_data['results'][0]}</arg>
<arg>${key}</arg>
<doc>Fails if ``key`` is not found from ``dictionary``.</doc>
<status status="PASS" start="2024-08-05T19:15:06.513279" elapsed="0.000399"/>
</kw>
<kw name="Log" owner="BuiltIn">
<msg time="2024-08-05T19:15:06.514232" level="INFO">{'gender': 'male', 'name': {'title': 'Mr', 'first': 'Radivoje', 'last': 'Kitić'}, 'location': {'street': {'number': 116, 'name': 'Desanke Dese Đorđević'}, 'city': 'Leskovac', 'state': 'Srem', 'country': 'Serbia', 'postcode': 80240, 'coordinates': {'latitude': '56.1015', 'longitude': '-88.9957'}, 'timezone': {'offset': '+1:00', 'description': 'Brussels, Copenhagen, Madrid, Paris'}}, 'email': 'radivoje.kitic@example.com', 'login': {'uuid': 'a57026dc-106a-4d69-8b89-6df11e396195', 'username': 'orangemouse443', 'password': 'powell', 'salt': 'gdAOZAKI', 'md5': 'b3882b4e2cc4f597b45f2922298ca1b1', 'sha1': '053347e76f950077e450b4832d6f1eb292a23818', 'sha256': '97ffc0e3b102a261f260fa4d8bd214f6fb6abd0f54de79ecc2fa74174b8305bf'}, 'dob': {'date': '1991-03-25T09:12:34.572Z', 'age': 33}, 'registered': {'date': '2021-04-03T05:56:11.390Z', 'age': 3}, 'phone': '018-2540-535', 'cell': '065-6632-437', 'id': {'name': 'SID', 'value': '359966636'}, 'picture': {'large': 'https://randomuser.me/api/portraits/men/6.jpg', 'medium': 'https://randomuser.me/api/portraits/med/men/6.jpg', 'thumbnail': 'https://randomuser.me/api/portraits/thumb/men/6.jpg'}, 'nat': 'RS'}</msg>
<arg>${json_data['results'][0]}</arg>
<doc>Logs the given message with the given level.</doc>
<status status="PASS" start="2024-08-05T19:15:06.513870" elapsed="0.000413"/>
</kw>
<kw name="Log" owner="BuiltIn">
<msg time="2024-08-05T19:15:06.514717" level="INFO">gender</msg>
<arg>${key}</arg>
<doc>Logs the given message with the given level.</doc>
<status status="PASS" start="2024-08-05T19:15:06.514586" elapsed="0.000169"/>
</kw>
<var name="${key}">gender</var>
<status status="PASS" start="2024-08-05T19:15:06.513157" elapsed="0.001815"/>
</iter>
<iter>
<kw name="Dictionary Should Contain Key" owner="Collections">
<arg>${json_data['results'][0]}</arg>
<arg>${key}</arg>
<doc>Fails if ``key`` is not found from ``dictionary``.</doc>
<status status="PASS" start="2024-08-05T19:15:06.515273" elapsed="0.000397"/>
</kw>
<kw name="Log" owner="BuiltIn">
<msg time="2024-08-05T19:15:06.516235" level="INFO">{'gender': 'male', 'name': {'title': 'Mr', 'first': 'Radivoje', 'last': 'Kitić'}, 'location': {'street': {'number': 116, 'name': 'Desanke Dese Đorđević'}, 'city': 'Leskovac', 'state': 'Srem', 'country': 'Serbia', 'postcode': 80240, 'coordinates': {'latitude': '56.1015', 'longitude': '-88.9957'}, 'timezone': {'offset': '+1:00', 'description': 'Brussels, Copenhagen, Madrid, Paris'}}, 'email': 'radivoje.kitic@example.com', 'login': {'uuid': 'a57026dc-106a-4d69-8b89-6df11e396195', 'username': 'orangemouse443', 'password': 'powell', 'salt': 'gdAOZAKI', 'md5': 'b3882b4e2cc4f597b45f2922298ca1b1', 'sha1': '053347e76f950077e450b4832d6f1eb292a23818', 'sha256': '97ffc0e3b102a261f260fa4d8bd214f6fb6abd0f54de79ecc2fa74174b8305bf'}, 'dob': {'date': '1991-03-25T09:12:34.572Z', 'age': 33}, 'registered': {'date': '2021-04-03T05:56:11.390Z', 'age': 3}, 'phone': '018-2540-535', 'cell': '065-6632-437', 'id': {'name': 'SID', 'value': '359966636'}, 'picture': {'large': 'https://randomuser.me/api/portraits/men/6.jpg', 'medium': 'https://randomuser.me/api/portraits/med/men/6.jpg', 'thumbnail': 'https://randomuser.me/api/portraits/thumb/men/6.jpg'}, 'nat': 'RS'}</msg>
<arg>${json_data['results'][0]}</arg>
<doc>Logs the given message with the given level.</doc>
<status status="PASS" start="2024-08-05T19:15:06.515876" elapsed="0.000441"/>
</kw>
<kw name="Log" owner="BuiltIn">
<msg time="2024-08-05T19:15:06.516746" level="INFO">name</msg>
<arg>${key}</arg>
<doc>Logs the given message with the given level.</doc>
<status status="PASS" start="2024-08-05T19:15:06.516617" elapsed="0.000166"/>
</kw>
<var name="${key}">name</var>
<status status="PASS" start="2024-08-05T19:15:06.515159" elapsed="0.001840"/>
</iter>
<iter>
<kw name="Dictionary Should Contain Key" owner="Collections">
<arg>${json_data['results'][0]}</arg>
<arg>${key}</arg>
<doc>Fails if ``key`` is not found from ``dictionary``.</doc>
<status status="PASS" start="2024-08-05T19:15:06.517288" elapsed="0.000377"/>
</kw>
<kw name="Log" owner="BuiltIn">
<msg time="2024-08-05T19:15:06.518201" level="INFO">{'gender': 'male', 'name': {'title': 'Mr', 'first': 'Radivoje', 'last': 'Kitić'}, 'location': {'street': {'number': 116, 'name': 'Desanke Dese Đorđević'}, 'city': 'Leskovac', 'state': 'Srem', 'country': 'Serbia', 'postcode': 80240, 'coordinates': {'latitude': '56.1015', 'longitude': '-88.9957'}, 'timezone': {'offset': '+1:00', 'description': 'Brussels, Copenhagen, Madrid, Paris'}}, 'email': 'radivoje.kitic@example.com', 'login': {'uuid': 'a57026dc-106a-4d69-8b89-6df11e396195', 'username': 'orangemouse443', 'password': 'powell', 'salt': 'gdAOZAKI', 'md5': 'b3882b4e2cc4f597b45f2922298ca1b1', 'sha1': '053347e76f950077e450b4832d6f1eb292a23818', 'sha256': '97ffc0e3b102a261f260fa4d8bd214f6fb6abd0f54de79ecc2fa74174b8305bf'}, 'dob': {'date': '1991-03-25T09:12:34.572Z', 'age': 33}, 'registered': {'date': '2021-04-03T05:56:11.390Z', 'age': 3}, 'phone': '018-2540-535', 'cell': '065-6632-437', 'id': {'name': 'SID', 'value': '359966636'}, 'picture': {'large': 'https://randomuser.me/api/portraits/men/6.jpg', 'medium': 'https://randomuser.me/api/portraits/med/men/6.jpg', 'thumbnail': 'https://randomuser.me/api/portraits/thumb/men/6.jpg'}, 'nat': 'RS'}</msg>
<arg>${json_data['results'][0]}</arg>
<doc>Logs the given message with the given level.</doc>
<status status="PASS" start="2024-08-05T19:15:06.517850" elapsed="0.000401"/>
</kw>
<kw name="Log" owner="BuiltIn">
<msg time="2024-08-05T19:15:06.518750" level="INFO">location</msg>
<arg>${key}</arg>
<doc>Logs the given message with the given level.</doc>
<status status="PASS" start="2024-08-05T19:15:06.518620" elapsed="0.000168"/>
</kw>
<var name="${key}">location</var>
<status status="PASS" start="2024-08-05T19:15:06.517177" elapsed="0.001838"/>
</iter>
<iter>
<kw name="Dictionary Should Contain Key" owner="Collections">
<arg>${json_data['results'][0]}</arg>
<arg>${key}</arg>
<doc>Fails if ``key`` is not found from ``dictionary``.</doc>
<status status="PASS" start="2024-08-05T19:15:06.519300" elapsed="0.000390"/>
</kw>
<kw name="Log" owner="BuiltIn">
<msg time="2024-08-05T19:15:06.520412" level="INFO">{'gender': 'male', 'name': {'title': 'Mr', 'first': 'Radivoje', 'last': 'Kitić'}, 'location': {'street': {'number': 116, 'name': 'Desanke Dese Đorđević'}, 'city': 'Leskovac', 'state': 'Srem', 'country': 'Serbia', 'postcode': 80240, 'coordinates': {'latitude': '56.1015', 'longitude': '-88.9957'}, 'timezone': {'offset': '+1:00', 'description': 'Brussels, Copenhagen, Madrid, Paris'}}, 'email': 'radivoje.kitic@example.com', 'login': {'uuid': 'a57026dc-106a-4d69-8b89-6df11e396195', 'username': 'orangemouse443', 'password': 'powell', 'salt': 'gdAOZAKI', 'md5': 'b3882b4e2cc4f597b45f2922298ca1b1', 'sha1': '053347e76f950077e450b4832d6f1eb292a23818', 'sha256': '97ffc0e3b102a261f260fa4d8bd214f6fb6abd0f54de79ecc2fa74174b8305bf'}, 'dob': {'date': '1991-03-25T09:12:34.572Z', 'age': 33}, 'registered': {'date': '2021-04-03T05:56:11.390Z', 'age': 3}, 'phone': '018-2540-535', 'cell': '065-6632-437', 'id': {'name': 'SID', 'value': '359966636'}, 'picture': {'large': 'https://randomuser.me/api/portraits/men/6.jpg', 'medium': 'https://randomuser.me/api/portraits/med/men/6.jpg', 'thumbnail': 'https://randomuser.me/api/portraits/thumb/men/6.jpg'}, 'nat': 'RS'}</msg>
<arg>${json_data['results'][0]}</arg>
<doc>Logs the given message with the given level.</doc>
<status status="PASS" start="2024-08-05T19:15:06.520046" elapsed="0.000417"/>
</kw>
<kw name="Log" owner="BuiltIn">
<msg time="2024-08-05T19:15:06.520895" level="INFO">email</msg>
<arg>${key}</arg>
<doc>Logs the given message with the given level.</doc>
<status status="PASS" start="2024-08-05T19:15:06.520765" elapsed="0.000169"/>
</kw>
<var name="${key}">email</var>
<status status="PASS" start="2024-08-05T19:15:06.519191" elapsed="0.001958"/>
</iter>
<iter>
<kw name="Dictionary Should Contain Key" owner="Collections">
<arg>${json_data['results'][0]}</arg>
<arg>${key}</arg>
<doc>Fails if ``key`` is not found from ``dictionary``.</doc>
<status status="PASS" start="2024-08-05T19:15:06.521437" elapsed="0.000377"/>
</kw>
<kw name="Log" owner="BuiltIn">
<msg time="2024-08-05T19:15:06.522353" level="INFO">{'gender': 'male', 'name': {'title': 'Mr', 'first': 'Radivoje', 'last': 'Kitić'}, 'location': {'street': {'number': 116, 'name': 'Desanke Dese Đorđević'}, 'city': 'Leskovac', 'state': 'Srem', 'country': 'Serbia', 'postcode': 80240, 'coordinates': {'latitude': '56.1015', 'longitude': '-88.9957'}, 'timezone': {'offset': '+1:00', 'description': 'Brussels, Copenhagen, Madrid, Paris'}}, 'email': 'radivoje.kitic@example.com', 'login': {'uuid': 'a57026dc-106a-4d69-8b89-6df11e396195', 'username': 'orangemouse443', 'password': 'powell', 'salt': 'gdAOZAKI', 'md5': 'b3882b4e2cc4f597b45f2922298ca1b1', 'sha1': '053347e76f950077e450b4832d6f1eb292a23818', 'sha256': '97ffc0e3b102a261f260fa4d8bd214f6fb6abd0f54de79ecc2fa74174b8305bf'}, 'dob': {'date': '1991-03-25T09:12:34.572Z', 'age': 33}, 'registered': {'date': '2021-04-03T05:56:11.390Z', 'age': 3}, 'phone': '018-2540-535', 'cell': '065-6632-437', 'id': {'name': 'SID', 'value': '359966636'}, 'picture': {'large': 'https://randomuser.me/api/portraits/men/6.jpg', 'medium': 'https://randomuser.me/api/portraits/med/men/6.jpg', 'thumbnail': 'https://randomuser.me/api/portraits/thumb/men/6.jpg'}, 'nat': 'RS'}</msg>
<arg>${json_data['results'][0]}</arg>
<doc>Logs the given message with the given level.</doc>
<status status="PASS" start="2024-08-05T19:15:06.521999" elapsed="0.000404"/>
</kw>
<kw name="Log" owner="BuiltIn">
<msg time="2024-08-05T19:15:06.522824" level="INFO">login</msg>
<arg>${key}</arg>
<doc>Logs the given message with the given level.</doc>
<status status="PASS" start="2024-08-05T19:15:06.522696" elapsed="0.000166"/>
</kw>
<var name="${key}">login</var>
<status status="PASS" start="2024-08-05T19:15:06.521327" elapsed="0.001747"/>
</iter>
<var>${key}</var>
<value>@{expected_keys}</value>
<status status="PASS" start="2024-08-05T19:15:06.512971" elapsed="0.010225"/>
</for>
<kw name="Create List" owner="BuiltIn">
<msg time="2024-08-05T19:15:06.523519" level="INFO">${expected_keysTwo} = ['username', 'password']</msg>
<var>${expected_keysTwo}</var>
<arg>username</arg>
<arg>password</arg>
<doc>Returns a list containing given items.</doc>
<status status="PASS" start="2024-08-05T19:15:06.523383" elapsed="0.000188"/>
</kw>
<for flavor="IN">
<iter>
<kw name="Dictionary Should Contain Key" owner="Collections">
<arg>${json_data['results'][0]['login']}</arg>
<arg>${keyTwo}</arg>
<doc>Fails if ``key`` is not found from ``dictionary``.</doc>
<status status="PASS" start="2024-08-05T19:15:06.524097" elapsed="0.000382"/>
</kw>
<kw name="Dictionary Should Contain Key" owner="Collections">
<arg>${json_data['results'][0]['login']}</arg>
<arg>${keyTwo}</arg>
<doc>Fails if ``key`` is not found from ``dictionary``.</doc>
<status status="PASS" start="2024-08-05T19:15:06.524659" elapsed="0.000380"/>
</kw>
<kw name="Log" owner="BuiltIn">
<msg time="2024-08-05T19:15:06.525340" level="INFO">username</msg>
<arg>${keyTwo}</arg>
<doc>Logs the given message with the given level.</doc>
<status status="PASS" start="2024-08-05T19:15:06.525219" elapsed="0.000158"/>
</kw>
<var name="${keyTwo}">username</var>
<status status="PASS" start="2024-08-05T19:15:06.523988" elapsed="0.001612"/>
</iter>
<iter>
<kw name="Dictionary Should Contain Key" owner="Collections">
<arg>${json_data['results'][0]['login']}</arg>
<arg>${keyTwo}</arg>
<doc>Fails if ``key`` is not found from ``dictionary``.</doc>
<status status="PASS" start="2024-08-05T19:15:06.525885" elapsed="0.000384"/>
</kw>
<kw name="Dictionary Should Contain Key" owner="Collections">
<arg>${json_data['results'][0]['login']}</arg>
<arg>${keyTwo}</arg>
<doc>Fails if ``key`` is not found from ``dictionary``.</doc>
<status status="PASS" start="2024-08-05T19:15:06.526449" elapsed="0.000367"/>
</kw>
<kw name="Log" owner="BuiltIn">
<msg time="2024-08-05T19:15:06.527113" level="INFO">password</msg>
<arg>${keyTwo}</arg>
<doc>Logs the given message with the given level.</doc>
<status status="PASS" start="2024-08-05T19:15:06.526992" elapsed="0.000157"/>
</kw>
<var name="${keyTwo}">password</var>
<status status="PASS" start="2024-08-05T19:15:06.525777" elapsed="0.001590"/>
</iter>
<var>${keyTwo}</var>
<value>@{expected_keysTwo}</value>
<status status="PASS" start="2024-08-05T19:15:06.523834" elapsed="0.003655"/>
</for>
<status status="PASS" start="2024-08-05T19:15:06.410860" elapsed="0.116769"/>
</kw>
<doc>Testa a estrutura da resposta da API.</doc>
<tag>testeEstruturaResposta</tag>
<status status="PASS" start="2024-08-05T19:15:06.410114" elapsed="0.117685"/>
</test>
<test id="s1-s1-t4" name="Validar tipos de dados" line="28">
<kw name="Teste de Tipos de Dados" owner="random-user-service">
<kw name="GET On Session" owner="RequestsLibrary">
<msg time="2024-08-05T19:15:06.636672" level="INFO">GET Request : url=https://randomuser.me/api 
 path_url=/api 
 headers={'User-Agent': 'python-requests/2.32.3', 'Accept-Encoding': 'gzip, deflate', 'Accept': '*/*', 'Connection': 'keep-alive'} 
 body=None 
 </msg>
<msg time="2024-08-05T19:15:06.636739" level="INFO">GET Response : url=https://randomuser.me/api 
 status=200, reason=OK 
 headers={'Date': 'Mon, 05 Aug 2024 19:15:06 GMT', 'Content-Type': 'application/json; charset=utf-8', 'Transfer-Encoding': 'chunked', 'Connection': 'keep-alive', 'X-Powered-By': 'Express', 'Access-Control-Allow-Origin': '*', 'Cache-Control': 'no-cache', 'ETag': 'W/"496-2smsT4uBd0e4fVR31cxdfffumMU"', 'Vary': 'Accept-Encoding', 'Content-Encoding': 'gzip', 'CF-Cache-Status': 'DYNAMIC', 'Report-To': '{"endpoints":[{"url":"https:\\/\\/a.nel.cloudflare.com\\/report\\/v4?s=pyjcdb9vV4JAPdhnYfCidcHofzOyzyqA9GX3Flb5gogioiyTPE2aBS8cRmlqbN3dP3Xbq9eIgiGjRXUiZbLnC7x3cxFE%2BoRbNca%2BYydOFI3m6HXAlVRh6N79iV%2BFeygt"}],"group":"cf-nel","max_age":604800}', 'NEL': '{"success_fraction":0,"report_to":"cf-nel","max_age":604800}', 'Server': 'cloudflare', 'CF-RAY': '8ae91d2ddf0a28fa-LAX', 'alt-svc': 'h3=":443"; ma=86400'} 
 body={"results":[{"gender":"female","name":{"title":"Ms","first":"مارال","last":"جعفری"},"location":{"street":{"number":3081,"name":"خاوران"},"city":"خمینی‌شهر","state":"ایلام","country":"Iran","postcode":27786,"coordinates":{"latitude":"19.1660","longitude":"24.2981"},"timezone":{"offset":"-4:00","description":"Atlantic Time (Canada), Caracas, La Paz"}},"email":"mrl.jaafry@example.com","login":{"uuid":"91e44362-3381-495a-91a3-22b6f0f75025","username":"browncat225","password":"nong","salt":"mFgKvOwf","md5":"ea30255a1cd82f4cb858e2a372e9a8a3","sha1":"aee37b033901797ba8608659425aefd66a8edd41","sha256":"64fd8e0ad5e49284bdbe258fa283387960e63ec83a2fa5d75494b11c8062bfb8"},"dob":{"date":"1984-10-31T10:09:43.001Z","age":39},"registered":{"date":"2010-06-01T17:27:24.290Z","age":14},"phone":"009-43013990","cell":"0949-231-4511","id":{"name":"","value":null},"picture":{"large":"https://randomuser.me/api/portraits/women/92.jpg","medium":"https://randomuser.me/api/portraits/med/women/92.jpg","thumbnail":"https://randomuser.me/api/portraits/thumb/women/92.jpg"},"nat":"IR"}],"info":{"seed":"c88ad490a2d534b1","results":1,"page":1,"version":"1.4"}} 
 </msg>
<msg time="2024-08-05T19:15:06.636799" level="INFO">/opt/hostedtoolcache/Python/3.12.4/x64/lib/python3.12/site-packages/urllib3/connectionpool.py:1099: InsecureRequestWarning: Unverified HTTPS request is being made to host 'randomuser.me'. Adding certificate verification is strongly advised. See: https://urllib3.readthedocs.io/en/latest/advanced-usage.html#tls-warnings
  warnings.warn(</msg>
<msg time="2024-08-05T19:15:06.636885" level="INFO">${response} = &lt;Response [200]&gt;</msg>
<var>${response}</var>
<arg>consultarAPI</arg>
<arg>/api</arg>
<doc>Sends a GET request on a previously created HTTP Session.</doc>
<status status="PASS" start="2024-08-05T19:15:06.530152" elapsed="0.106772"/>
</kw>
<kw name="Set Variable" owner="BuiltIn">
<msg time="2024-08-05T19:15:06.637837" level="INFO">${json_data} = {'results': [{'gender': 'female', 'name': {'title': 'Ms', 'first': 'مارال', 'last': 'جعفری'}, 'location': {'street': {'number': 3081, 'name': 'خاوران'}, 'city': 'خمینی\u200cشهر', 'state': 'ایلام', 'co...</msg>
<var>${json_data}</var>
<arg>${response.json()}</arg>
<doc>Returns the given values which can then be assigned to a variables.</doc>
<status status="PASS" start="2024-08-05T19:15:06.637356" elapsed="0.000512"/>
</kw>
<kw name="Log" owner="BuiltIn">
<msg time="2024-08-05T19:15:06.638341" level="INFO">{'results': [{'gender': 'female', 'name': {'title': 'Ms', 'first': 'مارال', 'last': 'جعفری'}, 'location': {'street': {'number': 3081, 'name': 'خاوران'}, 'city': 'خمینی\u200cشهر', 'state': 'ایلام', 'country': 'Iran', 'postcode': 27786, 'coordinates': {'latitude': '19.1660', 'longitude': '24.2981'}, 'timezone': {'offset': '-4:00', 'description': 'Atlantic Time (Canada), Caracas, La Paz'}}, 'email': 'mrl.jaafry@example.com', 'login': {'uuid': '91e44362-3381-495a-91a3-22b6f0f75025', 'username': 'browncat225', 'password': 'nong', 'salt': 'mFgKvOwf', 'md5': 'ea30255a1cd82f4cb858e2a372e9a8a3', 'sha1': 'aee37b033901797ba8608659425aefd66a8edd41', 'sha256': '64fd8e0ad5e49284bdbe258fa283387960e63ec83a2fa5d75494b11c8062bfb8'}, 'dob': {'date': '1984-10-31T10:09:43.001Z', 'age': 39}, 'registered': {'date': '2010-06-01T17:27:24.290Z', 'age': 14}, 'phone': '009-43013990', 'cell': '0949-231-4511', 'id': {'name': '', 'value': None}, 'picture': {'large': 'https://randomuser.me/api/portraits/women/92.jpg', 'medium': 'https://randomuser.me/api/portraits/med/women/92.jpg', 'thumbnail': 'https://randomuser.me/api/portraits/thumb/women/92.jpg'}, 'nat': 'IR'}], 'info': {'seed': 'c88ad490a2d534b1', 'results': 1, 'page': 1, 'version': '1.4'}}</msg>
<arg>${json_data}</arg>
<doc>Logs the given message with the given level.</doc>
<status status="PASS" start="2024-08-05T19:15:06.638180" elapsed="0.000212"/>
</kw>
<kw name="Should Be String" owner="String">
<arg>${json_data['results'][0]['gender']}</arg>
<doc>Fails if the given ``item`` is not a string.</doc>
<status status="PASS" start="2024-08-05T19:15:06.638687" elapsed="0.000370"/>
</kw>
<kw name="Should Match Regexp" owner="BuiltIn">
<arg>${json_data['results'][0]['email']}</arg>
<arg>^[a-zA-Z0-9._%+-]+@[a-zA-Z0-9.-]+\.[a-zA-Z]{2,}$</arg>
<doc>Fails if ``string`` does not match ``pattern`` as a regular expression.</doc>
<status status="PASS" start="2024-08-05T19:15:06.639260" elapsed="0.000596"/>
</kw>
<kw name="Should Match Regexp" owner="BuiltIn">
<arg>${json_data['results'][0]['dob']['date']}</arg>
<arg>\\d{4}-\\d{2}-\\d{2}T\\d{2}:\\d{2}:\\d{2}\\.\\d{3}Z</arg>
<doc>Fails if ``string`` does not match ``pattern`` as a regular expression.</doc>
<status status="PASS" start="2024-08-05T19:15:06.640061" elapsed="0.000646"/>
</kw>
<kw name="Should Match Regexp" owner="BuiltIn">
<arg>${json_data['results'][0]['registered']['date']}</arg>
<arg>\\d{4}-\\d{2}-\\d{2}T\\d{2}:\\d{2}:\\d{2}\\.\\d{3}Z</arg>
<doc>Fails if ``string`` does not match ``pattern`` as a regular expression.</doc>
<status status="PASS" start="2024-08-05T19:15:06.640906" elapsed="0.000380"/>
</kw>
<kw name="Should Match Regexp" owner="BuiltIn">
<arg>${json_data['results'][0]['picture']['large']}</arg>
<arg>^https?://.*\.(?:png|jpe?g|gif|bmp)$</arg>
<doc>Fails if ``string`` does not match ``pattern`` as a regular expression.</doc>
<status status="PASS" start="2024-08-05T19:15:06.641478" elapsed="0.000462"/>
</kw>
<kw name="Should Match Regexp" owner="BuiltIn">
<arg>${json_data['results'][0]['picture']['medium']}</arg>
<arg>^https?://.*\.(?:png|jpe?g|gif|bmp)$</arg>
<doc>Fails if ``string`` does not match ``pattern`` as a regular expression.</doc>
<status status="PASS" start="2024-08-05T19:15:06.642130" elapsed="0.000355"/>
</kw>
<kw name="Should Match Regexp" owner="BuiltIn">
<arg>${json_data['results'][0]['picture']['thumbnail']}</arg>
<arg>^https?://.*\.(?:png|jpe?g|gif|bmp)$</arg>
<doc>Fails if ``string`` does not match ``pattern`` as a regular expression.</doc>
<status status="PASS" start="2024-08-05T19:15:06.642672" elapsed="0.000364"/>
</kw>
<kw name="Log" owner="BuiltIn">
<msg time="2024-08-05T19:15:06.643544" level="INFO">{'large': 'https://randomuser.me/api/portraits/women/92.jpg', 'medium': 'https://randomuser.me/api/portraits/med/women/92.jpg', 'thumbnail': 'https://randomuser.me/api/portraits/thumb/women/92.jpg'}</msg>
<arg>${json_data['results'][0]['picture']}</arg>
<doc>Logs the given message with the given level.</doc>
<status status="PASS" start="2024-08-05T19:15:06.643219" elapsed="0.000368"/>
</kw>
<status status="PASS" start="2024-08-05T19:15:06.529934" elapsed="0.113930"/>
</kw>
<kw name="Teste de Tipos de Dados - Postcode" owner="random-user-service">
<kw name="GET On Session" owner="RequestsLibrary">
<msg time="2024-08-05T19:15:06.774903" level="INFO">GET Request : url=https://randomuser.me/api 
 path_url=/api 
 headers={'User-Agent': 'python-requests/2.32.3', 'Accept-Encoding': 'gzip, deflate', 'Accept': '*/*', 'Connection': 'keep-alive'} 
 body=None 
 </msg>
<msg time="2024-08-05T19:15:06.774986" level="INFO">GET Response : url=https://randomuser.me/api 
 status=200, reason=OK 
 headers={'Date': 'Mon, 05 Aug 2024 19:15:06 GMT', 'Content-Type': 'application/json; charset=utf-8', 'Transfer-Encoding': 'chunked', 'Connection': 'keep-alive', 'X-Powered-By': 'Express', 'Access-Control-Allow-Origin': '*', 'Cache-Control': 'no-cache', 'ETag': 'W/"49e-LKCTqq0qQi+PPcdHxp5l0VaTVWs"', 'Vary': 'Accept-Encoding', 'Content-Encoding': 'gzip', 'CF-Cache-Status': 'DYNAMIC', 'Report-To': '{"endpoints":[{"url":"https:\\/\\/a.nel.cloudflare.com\\/report\\/v4?s=2LloY4bIcGZyd55YoBHqY8zwjGZNOBYAiHNXsU1mMQe%2BAToHjcn5sEdjItF52zoWBpH5Ny6W%2Bt5879R60O9C41yL0Y43HeJcntb%2BoOIeX5dW1wkO%2Fr2jJlJfX0jhGGT0"}],"group":"cf-nel","max_age":604800}', 'NEL': '{"success_fraction":0,"report_to":"cf-nel","max_age":604800}', 'Server': 'cloudflare', 'CF-RAY': '8ae91d2e8fd628fa-LAX', 'alt-svc': 'h3=":443"; ma=86400'} 
 body={"results":[{"gender":"male","name":{"title":"Mr","first":"Nikolaos","last":"Stich"},"location":{"street":{"number":8115,"name":"Hauptstraße"},"city":"Offenbach","state":"Baden-Württemberg","country":"Germany","postcode":81105,"coordinates":{"latitude":"-51.9423","longitude":"-164.7464"},"timezone":{"offset":"+10:00","description":"Eastern Australia, Guam, Vladivostok"}},"email":"nikolaos.stich@example.com","login":{"uuid":"bdfc6a0c-188a-40a5-b6bb-12f97e1d34b2","username":"sadpeacock202","password":"gary","salt":"fFINaOvT","md5":"83583d153b28234ab6dfbeb640ec995a","sha1":"82d60704cff6b97256f9b645766c4169f76332e2","sha256":"3567d4ac5d2c970fc8998eb48178f6a2828f081bc900971fd2cfd4b00081895e"},"dob":{"date":"1951-11-14T13:27:21.564Z","age":72},"registered":{"date":"2022-01-01T21:06:35.920Z","age":2},"phone":"0490-8127152","cell":"0172-9955335","id":{"name":"SVNR","value":"21 141151 S 052"},"picture":{"large":"https://randomuser.me/api/portraits/men/58.jpg","medium":"https://randomuser.me/api/portraits/med/men/58.jpg","thumbnail":"https://randomuser.me/api/portraits/thumb/men/58.jpg"},"nat":"DE"}],"info":{"seed":"67c96290d1c45263","results":1,"page":1,"version":"1.4"}} 
 </msg>
<msg time="2024-08-05T19:15:06.775060" level="INFO">/opt/hostedtoolcache/Python/3.12.4/x64/lib/python3.12/site-packages/urllib3/connectionpool.py:1099: InsecureRequestWarning: Unverified HTTPS request is being made to host 'randomuser.me'. Adding certificate verification is strongly advised. See: https://urllib3.readthedocs.io/en/latest/advanced-usage.html#tls-warnings
  warnings.warn(</msg>
<msg time="2024-08-05T19:15:06.775176" level="INFO">${response} = &lt;Response [200]&gt;</msg>
<var>${response}</var>
<arg>consultarAPI</arg>
<arg>/api</arg>
<doc>Sends a GET request on a previously created HTTP Session.</doc>
<status status="PASS" start="2024-08-05T19:15:06.644294" elapsed="0.130931"/>
</kw>
<kw name="Set Variable" owner="BuiltIn">
<msg time="2024-08-05T19:15:06.776110" level="INFO">${json_data} = {'results': [{'gender': 'male', 'name': {'title': 'Mr', 'first': 'Nikolaos', 'last': 'Stich'}, 'location': {'street': {'number': 8115, 'name': 'Hauptstraße'}, 'city': 'Offenbach', 'state': 'Baden-Würt...</msg>
<var>${json_data}</var>
<arg>${response.json()}</arg>
<doc>Returns the given values which can then be assigned to a variables.</doc>
<status status="PASS" start="2024-08-05T19:15:06.775637" elapsed="0.000502"/>
</kw>
<kw name="Log" owner="BuiltIn">
<msg time="2024-08-05T19:15:06.776600" level="INFO">{'results': [{'gender': 'male', 'name': {'title': 'Mr', 'first': 'Nikolaos', 'last': 'Stich'}, 'location': {'street': {'number': 8115, 'name': 'Hauptstraße'}, 'city': 'Offenbach', 'state': 'Baden-Württemberg', 'country': 'Germany', 'postcode': 81105, 'coordinates': {'latitude': '-51.9423', 'longitude': '-164.7464'}, 'timezone': {'offset': '+10:00', 'description': 'Eastern Australia, Guam, Vladivostok'}}, 'email': 'nikolaos.stich@example.com', 'login': {'uuid': 'bdfc6a0c-188a-40a5-b6bb-12f97e1d34b2', 'username': 'sadpeacock202', 'password': 'gary', 'salt': 'fFINaOvT', 'md5': '83583d153b28234ab6dfbeb640ec995a', 'sha1': '82d60704cff6b97256f9b645766c4169f76332e2', 'sha256': '3567d4ac5d2c970fc8998eb48178f6a2828f081bc900971fd2cfd4b00081895e'}, 'dob': {'date': '1951-11-14T13:27:21.564Z', 'age': 72}, 'registered': {'date': '2022-01-01T21:06:35.920Z', 'age': 2}, 'phone': '0490-8127152', 'cell': '0172-9955335', 'id': {'name': 'SVNR', 'value': '21 141151 S 052'}, 'picture': {'large': 'https://randomuser.me/api/portraits/men/58.jpg', 'medium': 'https://randomuser.me/api/portraits/med/men/58.jpg', 'thumbnail': 'https://randomuser.me/api/portraits/thumb/men/58.jpg'}, 'nat': 'DE'}], 'info': {'seed': '67c96290d1c45263', 'results': 1, 'page': 1, 'version': '1.4'}}</msg>
<arg>${json_data}</arg>
<doc>Logs the given message with the given level.</doc>
<status status="PASS" start="2024-08-05T19:15:06.776438" elapsed="0.000210"/>
</kw>
<kw name="Should Be Equal As Numbers" owner="BuiltIn">
<arg>${json_data['results'][0]['location']['postcode']}</arg>
<arg>${json_data['results'][0]['location']['postcode']}</arg>
<doc>Fails if objects are unequal after converting them to real numbers.</doc>
<status status="PASS" start="2024-08-05T19:15:06.776945" elapsed="0.000612"/>
</kw>
<kw name="Log" owner="BuiltIn">
<msg time="2024-08-05T19:15:06.778074" level="INFO">81105</msg>
<arg>${json_data['results'][0]['location']['postcode']}</arg>
<doc>Logs the given message with the given level.</doc>
<status status="PASS" start="2024-08-05T19:15:06.777743" elapsed="0.000405"/>
</kw>
<status status="PASS" start="2024-08-05T19:15:06.644077" elapsed="0.134327"/>
</kw>
<doc>Testa se os tipos de dados na resposta da API estão corretos.</doc>
<tag>testeTiposDados</tag>
<status status="PASS" start="2024-08-05T19:15:06.529512" elapsed="0.249050"/>
</test>
<test id="s1-s1-t5" name="Validar conteudo" line="35">
<kw name="Teste de Tipos de Conteudo" owner="random-user-service">
<kw name="GET On Session" owner="RequestsLibrary">
<msg time="2024-08-05T19:15:06.894890" level="INFO">GET Request : url=https://randomuser.me/api 
 path_url=/api 
 headers={'User-Agent': 'python-requests/2.32.3', 'Accept-Encoding': 'gzip, deflate', 'Accept': '*/*', 'Connection': 'keep-alive'} 
 body=None 
 </msg>
<msg time="2024-08-05T19:15:06.894967" level="INFO">GET Response : url=https://randomuser.me/api 
 status=200, reason=OK 
 headers={'Date': 'Mon, 05 Aug 2024 19:15:06 GMT', 'Content-Type': 'application/json; charset=utf-8', 'Transfer-Encoding': 'chunked', 'Connection': 'keep-alive', 'X-Powered-By': 'Express', 'Access-Control-Allow-Origin': '*', 'Cache-Control': 'no-cache', 'ETag': 'W/"4a2-dOXLDUib0dRLHfzCJ47BMi7DtBo"', 'Vary': 'Accept-Encoding', 'Content-Encoding': 'gzip', 'CF-Cache-Status': 'DYNAMIC', 'Report-To': '{"endpoints":[{"url":"https:\\/\\/a.nel.cloudflare.com\\/report\\/v4?s=IVVMlKmy0hsyj4XHvd6d1AzDmC0lwsX9gTjxNWBuFS1BYkooc%2FAKlSFByl8S%2BFMuwzQH1jv2rYVYkNkSW8yBWgd%2BanNflBgavXGWvuWvaFLoDtkgMueNnNo0XVhY9Nzi"}],"group":"cf-nel","max_age":604800}', 'NEL': '{"success_fraction":0,"report_to":"cf-nel","max_age":604800}', 'Server': 'cloudflare', 'CF-RAY': '8ae91d2f68db28fa-LAX', 'alt-svc': 'h3=":443"; ma=86400'} 
 body={"results":[{"gender":"female","name":{"title":"Ms","first":"Deeksha","last":"Shah"},"location":{"street":{"number":6905,"name":"Kasba Peth"},"city":"Panchkula","state":"Himachal Pradesh","country":"India","postcode":87447,"coordinates":{"latitude":"7.0253","longitude":"115.0653"},"timezone":{"offset":"0:00","description":"Western Europe Time, London, Lisbon, Casablanca"}},"email":"deeksha.shah@example.com","login":{"uuid":"2df7b6b6-dd5a-40ac-896f-7701c254e62d","username":"yellowladybug509","password":"galary","salt":"YuQbNUUJ","md5":"c8740e58e855d4834aad0bef1ef60f05","sha1":"688c414ecf370bdf41273e7f280b2e4a56cbbf32","sha256":"0e81cb598243be575fdad35e146b6a647c395223b6a4db66374734d015257649"},"dob":{"date":"1945-03-11T13:40:46.371Z","age":79},"registered":{"date":"2003-08-14T01:52:23.983Z","age":20},"phone":"7329318184","cell":"9293757974","id":{"name":"UIDAI","value":"643027179321"},"picture":{"large":"https://randomuser.me/api/portraits/women/75.jpg","medium":"https://randomuser.me/api/portraits/med/women/75.jpg","thumbnail":"https://randomuser.me/api/portraits/thumb/women/75.jpg"},"nat":"IN"}],"info":{"seed":"ab4970c0f4d8caec","results":1,"page":1,"version":"1.4"}} 
 </msg>
<msg time="2024-08-05T19:15:06.895032" level="INFO">/opt/hostedtoolcache/Python/3.12.4/x64/lib/python3.12/site-packages/urllib3/connectionpool.py:1099: InsecureRequestWarning: Unverified HTTPS request is being made to host 'randomuser.me'. Adding certificate verification is strongly advised. See: https://urllib3.readthedocs.io/en/latest/advanced-usage.html#tls-warnings
  warnings.warn(</msg>
<msg time="2024-08-05T19:15:06.895134" level="INFO">${response} = &lt;Response [200]&gt;</msg>
<var>${response}</var>
<arg>consultarAPI</arg>
<arg>/api</arg>
<doc>Sends a GET request on a previously created HTTP Session.</doc>
<status status="PASS" start="2024-08-05T19:15:06.780907" elapsed="0.114269"/>
</kw>
<kw name="Set Variable" owner="BuiltIn">
<msg time="2024-08-05T19:15:06.896101" level="INFO">${json_data} = {'results': [{'gender': 'female', 'name': {'title': 'Ms', 'first': 'Deeksha', 'last': 'Shah'}, 'location': {'street': {'number': 6905, 'name': 'Kasba Peth'}, 'city': 'Panchkula', 'state': 'Himachal Pr...</msg>
<var>${json_data}</var>
<arg>${response.json()}</arg>
<doc>Returns the given values which can then be assigned to a variables.</doc>
<status status="PASS" start="2024-08-05T19:15:06.895619" elapsed="0.000510"/>
</kw>
<kw name="Set Variable" owner="BuiltIn">
<msg time="2024-08-05T19:15:06.896817" level="INFO">${name_title} = Ms</msg>
<var>${name_title}</var>
<arg>${json_data["results"][0]["name"]["title"]}</arg>
<doc>Returns the given values which can then be assigned to a variables.</doc>
<status status="PASS" start="2024-08-05T19:15:06.896430" elapsed="0.000413"/>
</kw>
<kw name="Create List" owner="BuiltIn">
<msg time="2024-08-05T19:15:06.897288" level="INFO">${allowed_titles} = ['Mr', 'Ms', 'Miss', 'Mrs', 'Madame', 'Monsieur']</msg>
<var>${allowed_titles}</var>
<arg>Mr</arg>
<arg>Ms</arg>
<arg>Miss</arg>
<arg>Mrs</arg>
<arg>Madame</arg>
<arg>Monsieur</arg>
<doc>Returns a list containing given items.</doc>
<status status="PASS" start="2024-08-05T19:15:06.897137" elapsed="0.000175"/>
</kw>
<kw name="List Should Contain Value" owner="Collections">
<arg>${allowed_titles}</arg>
<arg>${name_title}</arg>
<doc>Fails if the ``value`` is not found from ``list``.</doc>
<status status="PASS" start="2024-08-05T19:15:06.897606" elapsed="0.000181"/>
</kw>
<kw name="Set Variable" owner="BuiltIn">
<msg time="2024-08-05T19:15:06.898336" level="INFO">${name_country} = IN</msg>
<var>${name_country}</var>
<arg>${json_data["results"][0]["nat"]}</arg>
<doc>Returns the given values which can then be assigned to a variables.</doc>
<status status="PASS" start="2024-08-05T19:15:06.897966" elapsed="0.000395"/>
</kw>
<kw name="Create List" owner="BuiltIn">
<msg time="2024-08-05T19:15:06.899245" level="INFO">${list_country} = ['AD', 'AE', 'AF', 'AG', 'AI', 'AL', 'AM', 'AO', 'AQ', 'AR', 'AS', 'AT', 'AU', 'AW', 'AX', 'AZ', 'BA', 'BB', 'BD', 'BE', 'BF', 'BG', 'BH', 'BI', 'BJ', 'BL', 'BM', 'BN', 'BO', 'BQ', 'BR', 'BS', 'BT', '...</msg>
<var>${list_country}</var>
<arg>AD</arg>
<arg>AE</arg>
<arg>AF</arg>
<arg>AG</arg>
<arg>AI</arg>
<arg>AL</arg>
<arg>AM</arg>
<arg>AO</arg>
<arg>AQ</arg>
<arg>AR</arg>
<arg>AS</arg>
<arg>AT</arg>
<arg>AU</arg>
<arg>AW</arg>
<arg>AX</arg>
<arg>AZ</arg>
<arg>BA</arg>
<arg>BB</arg>
<arg>BD</arg>
<arg>BE</arg>
<arg>BF</arg>
<arg>BG</arg>
<arg>BH</arg>
<arg>BI</arg>
<arg>BJ</arg>
<arg>BL</arg>
<arg>BM</arg>
<arg>BN</arg>
<arg>BO</arg>
<arg>BQ</arg>
<arg>BR</arg>
<arg>BS</arg>
<arg>BT</arg>
<arg>BV</arg>
<arg>BW</arg>
<arg>BY</arg>
<arg>BZ</arg>
<arg>CA</arg>
<arg>CC</arg>
<arg>CD</arg>
<arg>CF</arg>
<arg>CG</arg>
<arg>CH</arg>
<arg>CI</arg>
<arg>CK</arg>
<arg>CL</arg>
<arg>CM</arg>
<arg>CN</arg>
<arg>CO</arg>
<arg>CR</arg>
<arg>CU</arg>
<arg>CV</arg>
<arg>CW</arg>
<arg>CX</arg>
<arg>CY</arg>
<arg>CZ</arg>
<arg>DE</arg>
<arg>DJ</arg>
<arg>DK</arg>
<arg>DM</arg>
<arg>DO</arg>
<arg>DZ</arg>
<arg>EC</arg>
<arg>EE</arg>
<arg>EG</arg>
<arg>EH</arg>
<arg>ER</arg>
<arg>ES</arg>
<arg>ET</arg>
<arg>FI</arg>
<arg>FJ</arg>
<arg>FK</arg>
<arg>FM</arg>
<arg>FO</arg>
<arg>FR</arg>
<arg>GA</arg>
<arg>GB</arg>
<arg>GD</arg>
<arg>GE</arg>
<arg>GF</arg>
<arg>GG</arg>
<arg>GH</arg>
<arg>GI</arg>
<arg>GL</arg>
<arg>GM</arg>
<arg>GN</arg>
<arg>GP</arg>
<arg>GQ</arg>
<arg>GR</arg>
<arg>GS</arg>
<arg>GT</arg>
<arg>GU</arg>
<arg>GW</arg>
<arg>GY</arg>
<arg>HK</arg>
<arg>HM</arg>
<arg>HN</arg>
<arg>HR</arg>
<arg>HT</arg>
<arg>HU</arg>
<arg>ID</arg>
<arg>IE</arg>
<arg>IL</arg>
<arg>IM</arg>
<arg>IN</arg>
<arg>IO</arg>
<arg>IQ</arg>
<arg>IR</arg>
<arg>IS</arg>
<arg>IT</arg>
<arg>JE</arg>
<arg>JM</arg>
<arg>JO</arg>
<arg>JP</arg>
<arg>KE</arg>
<arg>KG</arg>
<arg>KH</arg>
<arg>KI</arg>
<arg>KM</arg>
<arg>KN</arg>
<arg>KP</arg>
<arg>KR</arg>
<arg>KW</arg>
<arg>KY</arg>
<arg>KZ</arg>
<arg>LA</arg>
<arg>LB</arg>
<arg>LC</arg>
<arg>LI</arg>
<arg>LK</arg>
<arg>LR</arg>
<arg>LS</arg>
<arg>LT</arg>
<arg>LU</arg>
<arg>LV</arg>
<arg>LY</arg>
<arg>MA</arg>
<arg>MC</arg>
<arg>MD</arg>
<arg>ME</arg>
<arg>MF</arg>
<arg>MG</arg>
<arg>MH</arg>
<arg>MK</arg>
<arg>ML</arg>
<arg>MM</arg>
<arg>MN</arg>
<arg>MO</arg>
<arg>MP</arg>
<arg>MQ</arg>
<arg>MR</arg>
<arg>MS</arg>
<arg>MT</arg>
<arg>MU</arg>
<arg>MV</arg>
<arg>MW</arg>
<arg>MX</arg>
<arg>MY</arg>
<arg>MZ</arg>
<arg>NA</arg>
<arg>NC</arg>
<arg>NE</arg>
<arg>NF</arg>
<arg>NG</arg>
<arg>NI</arg>
<arg>NL</arg>
<arg>NO</arg>
<arg>NP</arg>
<arg>NR</arg>
<arg>NU</arg>
<arg>NZ</arg>
<arg>OM</arg>
<arg>PA</arg>
<arg>PE</arg>
<arg>PF</arg>
<arg>PG</arg>
<arg>PH</arg>
<arg>PK</arg>
<arg>PL</arg>
<arg>PM</arg>
<arg>PN</arg>
<arg>PR</arg>
<arg>PS</arg>
<arg>PT</arg>
<arg>PW</arg>
<arg>PY</arg>
<arg>QA</arg>
<arg>RE</arg>
<arg>RO</arg>
<arg>RS</arg>
<arg>RU</arg>
<arg>RW</arg>
<arg>SA</arg>
<arg>SB</arg>
<arg>SC</arg>
<arg>SD</arg>
<arg>SE</arg>
<arg>SG</arg>
<arg>SH</arg>
<arg>SI</arg>
<arg>SJ</arg>
<arg>SK</arg>
<arg>SL</arg>
<arg>SM</arg>
<arg>SN</arg>
<arg>SO</arg>
<arg>SR</arg>
<arg>SS</arg>
<arg>ST</arg>
<arg>SV</arg>
<arg>SX</arg>
<arg>SY</arg>
<arg>SZ</arg>
<arg>TC</arg>
<arg>TD</arg>
<arg>TF</arg>
<arg>TG</arg>
<arg>TH</arg>
<arg>TJ</arg>
<arg>TK</arg>
<arg>TL</arg>
<arg>TM</arg>
<arg>TN</arg>
<arg>TO</arg>
<arg>TR</arg>
<arg>TT</arg>
<arg>TV</arg>
<arg>TW</arg>
<arg>TZ</arg>
<arg>UA</arg>
<arg>UG</arg>
<arg>UM</arg>
<arg>US</arg>
<arg>UY</arg>
<arg>UZ</arg>
<arg>VA</arg>
<arg>VC</arg>
<arg>VE</arg>
<arg>VG</arg>
<arg>VI</arg>
<arg>VN</arg>
<arg>VU</arg>
<arg>WF</arg>
<arg>WS</arg>
<arg>XK</arg>
<arg>YE</arg>
<arg>YT</arg>
<arg>ZA</arg>
<arg>ZM</arg>
<arg>ZW</arg>
<doc>Returns a list containing given items.</doc>
<status status="PASS" start="2024-08-05T19:15:06.898649" elapsed="0.000621"/>
</kw>
<kw name="List Should Contain Value" owner="Collections">
<arg>${list_country}</arg>
<arg>${name_country}</arg>
<doc>Fails if the ``value`` is not found from ``list``.</doc>
<status status="PASS" start="2024-08-05T19:15:06.900217" elapsed="0.000211"/>
</kw>
<kw name="Run Keyword If" owner="BuiltIn">
<kw name="Should Be True" owner="BuiltIn">
<arg>${True}</arg>
<doc>Fails if the given condition is not true.</doc>
<status status="PASS" start="2024-08-05T19:15:06.901371" elapsed="0.000144"/>
</kw>
<arg>${json_data["results"][0]["location"]["coordinates"]["latitude"]} &gt;= -90 and ${json_data["results"][0]["location"]["coordinates"]["latitude"]} &lt;= 90</arg>
<arg>Should Be True</arg>
<arg>${True}</arg>
<doc>Runs the given keyword with the given arguments, if ``condition`` is true.</doc>
<status status="PASS" start="2024-08-05T19:15:06.900628" elapsed="0.001013"/>
</kw>
<kw name="Run Keyword If" owner="BuiltIn">
<kw name="Should Be True" owner="BuiltIn">
<arg>${True}</arg>
<doc>Fails if the given condition is not true.</doc>
<status status="PASS" start="2024-08-05T19:15:06.902514" elapsed="0.000138"/>
</kw>
<arg>${json_data["results"][0]["location"]["coordinates"]["longitude"]} &gt;= -180 and ${json_data["results"][0]["location"]["coordinates"]["longitude"]} &lt;= 180</arg>
<arg>Should Be True</arg>
<arg>${True}</arg>
<doc>Runs the given keyword with the given arguments, if ``condition`` is true.</doc>
<status status="PASS" start="2024-08-05T19:15:06.901825" elapsed="0.000951"/>
</kw>
<status status="PASS" start="2024-08-05T19:15:06.780691" elapsed="0.122211"/>
</kw>
<doc>Testa o conteúdo específico dos campos retornados pela API.</doc>
<tag>testeConteudo</tag>
<status status="PASS" start="2024-08-05T19:15:06.780285" elapsed="0.122760"/>
</test>
<status status="PASS" start="2024-08-05T19:15:05.699316" elapsed="1.205610"/>
</suite>
<status status="PASS" start="2024-08-05T19:15:05.684195" elapsed="1.225705"/>
</suite>
<statistics>
<total>
<stat pass="5" fail="0" skip="0">All Tests</stat>
</total>
<tag>
<stat pass="1" fail="0" skip="0">testeConteudo</stat>
<stat pass="1" fail="0" skip="0">testeEstruturaResposta</stat>
<stat pass="1" fail="0" skip="0">testeRequisicaoBasica</stat>
<stat pass="1" fail="0" skip="0">testeTiposDados</stat>
</tag>
<suite>
<stat pass="5" fail="0" skip="0" id="s1" name="Tests">Tests</stat>
<stat pass="5" fail="0" skip="0" id="s1-s1" name="Random-User-Test">Tests.Random-User-Test</stat>
</suite>
</statistics>
<errors>
</errors>
</robot>
