<?xml version="1.0" encoding="UTF-8"?>
<robot generator="Robot 7.0 (Python 3.12.2 on linux)" generated="2024-04-08T03:15:17.575259" rpa="false" schemaversion="5">
<suite id="s1" name="Tests" source="/home/runner/work/DesafioQAItauRogerioJordao/DesafioQAItauRogerioJordao/RamdonUser/tests">
<suite id="s1-s1" name="Random-User-Test" source="/home/runner/work/DesafioQAItauRogerioJordao/DesafioQAItauRogerioJordao/RamdonUser/tests/random-user-test.robot">
<test id="s1-s1-t1" name="Conectar" line="13">
<kw name="Conectar API" owner="random-user-service">
<kw name="Create Session" owner="RequestsLibrary">
<msg time="2024-04-08T03:15:17.925686" level="INFO">Creating Session using : alias=consultarAPI, url=https://randomuser.me/, headers={},                     cookies={}, auth=None, timeout=None, proxies=None, verify=False,                     debug=0 </msg>
<arg>consultarAPI</arg>
<arg>${URL}</arg>
<doc>Create Session: create a HTTP session to a server</doc>
<status status="PASS" start="2024-04-08T03:15:17.925491" elapsed="0.000348"/>
</kw>
<status status="PASS" start="2024-04-08T03:15:17.924516" elapsed="0.001673"/>
</kw>
<status status="PASS" start="2024-04-08T03:15:17.924004" elapsed="0.002419"/>
</test>
<test id="s1-s1-t2" name="Validar retorno 200 e JSON Válido" line="16">
<kw name="Teste de Requisicao Basica" owner="random-user-service">
<kw name="GET On Session" owner="RequestsLibrary">
<msg time="2024-04-08T03:15:18.152109" level="INFO">GET Request : url=https://randomuser.me/api 
 path_url=/api 
 headers={'User-Agent': 'python-requests/2.31.0', 'Accept-Encoding': 'gzip, deflate', 'Accept': '*/*', 'Connection': 'keep-alive'} 
 body=None 
 </msg>
<msg time="2024-04-08T03:15:18.152239" level="INFO">GET Response : url=https://randomuser.me/api 
 status=200, reason=OK 
 headers={'Date': 'Mon, 08 Apr 2024 03:15:18 GMT', 'Content-Type': 'application/json; charset=utf-8', 'Transfer-Encoding': 'chunked', 'Connection': 'keep-alive', 'X-Powered-By': 'Express', 'Access-Control-Allow-Origin': '*', 'Cache-Control': 'no-cache', 'ETag': 'W/"4a1-m7hDdh3vw9NL8AMBDxqIG1YH8H4"', 'Vary': 'Accept-Encoding', 'Content-Encoding': 'gzip', 'CF-Cache-Status': 'DYNAMIC', 'Report-To': '{"endpoints":[{"url":"https:\\/\\/a.nel.cloudflare.com\\/report\\/v4?s=5drl7bEncitQ4fyiqaCkQ5jk4Zx6Xd46GqpR1h3ZVWHbJ3rOFpS07J54rx77ElqeDvfQJHzQrHmEBGmABbEoAFOa8epConAhblFIRFxcMPGb9rYQmEJFspqklvOC%2FWhM"}],"group":"cf-nel","max_age":604800}', 'NEL': '{"success_fraction":0,"report_to":"cf-nel","max_age":604800}', 'Server': 'cloudflare', 'CF-RAY': '870f1795fc4328f8-ORD', 'alt-svc': 'h3=":443"; ma=86400'} 
 body={"results":[{"gender":"female","name":{"title":"Ms","first":"Valeska","last":"Jeschke"},"location":{"street":{"number":5790,"name":"Rosenweg"},"city":"Ochsenfurt","state":"Nordrhein-Westfalen","country":"Germany","postcode":80801,"coordinates":{"latitude":"-53.3874","longitude":"131.9190"},"timezone":{"offset":"+2:00","description":"Kaliningrad, South Africa"}},"email":"valeska.jeschke@example.com","login":{"uuid":"f6b89ca9-cb57-40a8-9011-72fc4582f599","username":"beautifulladybug235","password":"ariana","salt":"UvEbOG1a","md5":"dc4d230af7ca150b5f354ba9a268289d","sha1":"84a2313af4024f8e0cf372ba721e8190b33cec65","sha256":"50ed483dbf4c9a8f619bcde942e14b033721a7d6f6d9b01a7fd6132a22415040"},"dob":{"date":"1999-05-08T16:10:14.345Z","age":24},"registered":{"date":"2017-12-23T09:35:11.952Z","age":6},"phone":"0351-9355424","cell":"0177-7905934","id":{"name":"SVNR","value":"81 080599 J 609"},"picture":{"large":"https://randomuser.me/api/portraits/women/25.jpg","medium":"https://randomuser.me/api/portraits/med/women/25.jpg","thumbnail":"https://randomuser.me/api/portraits/thumb/women/25.jpg"},"nat":"DE"}],"info":{"seed":"b48d9ec5311e869f","results":1,"page":1,"version":"1.4"}} 
 </msg>
<msg time="2024-04-08T03:15:18.152322" level="INFO">/opt/hostedtoolcache/Python/3.12.2/x64/lib/python3.12/site-packages/urllib3/connectionpool.py:1103: InsecureRequestWarning: Unverified HTTPS request is being made to host 'randomuser.me'. Adding certificate verification is strongly advised. See: https://urllib3.readthedocs.io/en/latest/advanced-usage.html#tls-warnings
  warnings.warn(</msg>
<msg time="2024-04-08T03:15:18.152467" level="INFO">${response} = &lt;Response [200]&gt;</msg>
<var>${response}</var>
<arg>consultarAPI</arg>
<arg>/api</arg>
<doc>Sends a GET request on a previously created HTTP Session.</doc>
<status status="PASS" start="2024-04-08T03:15:17.928990" elapsed="0.223527"/>
</kw>
<kw name="Should Be Equal As Numbers" owner="BuiltIn">
<msg time="2024-04-08T03:15:18.153545" level="INFO">Argument types are:
&lt;class 'int'&gt;
&lt;class 'str'&gt;</msg>
<arg>${response.status_code}</arg>
<arg>200</arg>
<doc>Fails if objects are unequal after converting them to real numbers.</doc>
<status status="PASS" start="2024-04-08T03:15:18.153064" elapsed="0.000546"/>
</kw>
<kw name="Log" owner="BuiltIn">
<msg time="2024-04-08T03:15:18.154311" level="INFO">200</msg>
<arg>${response.status_code}</arg>
<doc>Logs the given message with the given level.</doc>
<status status="PASS" start="2024-04-08T03:15:18.153947" elapsed="0.000441"/>
</kw>
<kw name="Set Variable" owner="BuiltIn">
<msg time="2024-04-08T03:15:18.155185" level="INFO">${json_data} = {'results': [{'gender': 'female', 'name': {'title': 'Ms', 'first': 'Valeska', 'last': 'Jeschke'}, 'location': {'street': {'number': 5790, 'name': 'Rosenweg'}, 'city': 'Ochsenfurt', 'state': 'Nordrhein...</msg>
<var>${json_data}</var>
<arg>${response.json()}</arg>
<doc>Returns the given values which can then be assigned to a variables.</doc>
<status status="PASS" start="2024-04-08T03:15:18.154743" elapsed="0.000470"/>
</kw>
<kw name="Dictionary Should Contain Key" owner="Collections">
<msg time="2024-04-08T03:15:18.155697" level="INFO">False</msg>
<arg>${json_data}</arg>
<arg>results</arg>
<doc>Fails if ``key`` is not found from ``dictionary``.</doc>
<status status="PASS" start="2024-04-08T03:15:18.155521" elapsed="0.000216"/>
</kw>
<status status="PASS" start="2024-04-08T03:15:17.928738" elapsed="0.227252"/>
</kw>
<doc>Testa se a API responde corretamente e retorna um objeto JSON válido.</doc>
<tag>testeRequisicaoBasica</tag>
<status status="PASS" start="2024-04-08T03:15:17.928265" elapsed="0.227902"/>
</test>
<test id="s1-s1-t3" name="Validar estrutura de resposta" line="22">
<kw name="Teste de Estrutura de Resposta" owner="random-user-service">
<kw name="GET On Session" owner="RequestsLibrary">
<msg time="2024-04-08T03:15:18.216153" level="INFO">GET Request : url=https://randomuser.me/api 
 path_url=/api 
 headers={'User-Agent': 'python-requests/2.31.0', 'Accept-Encoding': 'gzip, deflate', 'Accept': '*/*', 'Connection': 'keep-alive'} 
 body=None 
 </msg>
<msg time="2024-04-08T03:15:18.216220" level="INFO">GET Response : url=https://randomuser.me/api 
 status=200, reason=OK 
 headers={'Date': 'Mon, 08 Apr 2024 03:15:18 GMT', 'Content-Type': 'application/json; charset=utf-8', 'Transfer-Encoding': 'chunked', 'Connection': 'keep-alive', 'X-Powered-By': 'Express', 'Access-Control-Allow-Origin': '*', 'Cache-Control': 'no-cache', 'ETag': 'W/"4a6-UCbww0Wooxq0kM4bvEKHnRzOfSQ"', 'Vary': 'Accept-Encoding', 'Content-Encoding': 'gzip', 'CF-Cache-Status': 'DYNAMIC', 'Report-To': '{"endpoints":[{"url":"https:\\/\\/a.nel.cloudflare.com\\/report\\/v4?s=y8gN7WVsEi%2BTMuT0FSgW3QTnudGXIiXQPyDkxgtVdPOrpXhizMLWudSUcRxhFvGNR4JWu%2FfqNSsq5XoYsgJOfZ7rhDotv%2BhKASBb0kFEFrlR1AxdCVE9WhvMsaiFUfZ4"}],"group":"cf-nel","max_age":604800}', 'NEL': '{"success_fraction":0,"report_to":"cf-nel","max_age":604800}', 'Server': 'cloudflare', 'CF-RAY': '870f17968cda28f8-ORD', 'alt-svc': 'h3=":443"; ma=86400'} 
 body={"results":[{"gender":"female","name":{"title":"Mrs","first":"Agnieszka","last":"Bolten"},"location":{"street":{"number":2638,"name":"Galgerwaard"},"city":"Rustenburg","state":"Drenthe","country":"Netherlands","postcode":"4132 LE","coordinates":{"latitude":"31.3561","longitude":"174.6844"},"timezone":{"offset":"+8:00","description":"Beijing, Perth, Singapore, Hong Kong"}},"email":"agnieszka.bolten@example.com","login":{"uuid":"015d49b0-a4b7-4274-bb60-570857c1d903","username":"beautifulgoose524","password":"heyyou","salt":"rTBlCrEU","md5":"6f542073598fb89c59df0d2789f3640d","sha1":"871a4b97d9ac25c536b277197c9b1afcef77d333","sha256":"91a0728c05cdd12c8549dfa5073210c9df8435816e659e9eed9d86badda24e31"},"dob":{"date":"1946-05-24T14:52:25.016Z","age":77},"registered":{"date":"2013-03-09T02:13:51.171Z","age":11},"phone":"(0670) 984452","cell":"(06) 83129024","id":{"name":"BSN","value":"60898399"},"picture":{"large":"https://randomuser.me/api/portraits/women/35.jpg","medium":"https://randomuser.me/api/portraits/med/women/35.jpg","thumbnail":"https://randomuser.me/api/portraits/thumb/women/35.jpg"},"nat":"NL"}],"info":{"seed":"a200c3c93679641c","results":1,"page":1,"version":"1.4"}} 
 </msg>
<msg time="2024-04-08T03:15:18.216325" level="INFO">/opt/hostedtoolcache/Python/3.12.2/x64/lib/python3.12/site-packages/urllib3/connectionpool.py:1103: InsecureRequestWarning: Unverified HTTPS request is being made to host 'randomuser.me'. Adding certificate verification is strongly advised. See: https://urllib3.readthedocs.io/en/latest/advanced-usage.html#tls-warnings
  warnings.warn(</msg>
<msg time="2024-04-08T03:15:18.216439" level="INFO">${response} = &lt;Response [200]&gt;</msg>
<var>${response}</var>
<arg>consultarAPI</arg>
<arg>/api</arg>
<doc>Sends a GET request on a previously created HTTP Session.</doc>
<status status="PASS" start="2024-04-08T03:15:18.158897" elapsed="0.057585"/>
</kw>
<kw name="Set Variable" owner="BuiltIn">
<msg time="2024-04-08T03:15:18.217387" level="INFO">${json_data} = {'results': [{'gender': 'female', 'name': {'title': 'Mrs', 'first': 'Agnieszka', 'last': 'Bolten'}, 'location': {'street': {'number': 2638, 'name': 'Galgerwaard'}, 'city': 'Rustenburg', 'state': 'Dren...</msg>
<var>${json_data}</var>
<arg>${response.json()}</arg>
<doc>Returns the given values which can then be assigned to a variables.</doc>
<status status="PASS" start="2024-04-08T03:15:18.216938" elapsed="0.000477"/>
</kw>
<kw name="Log" owner="BuiltIn">
<msg time="2024-04-08T03:15:18.217881" level="INFO">{'results': [{'gender': 'female', 'name': {'title': 'Mrs', 'first': 'Agnieszka', 'last': 'Bolten'}, 'location': {'street': {'number': 2638, 'name': 'Galgerwaard'}, 'city': 'Rustenburg', 'state': 'Drenthe', 'country': 'Netherlands', 'postcode': '4132 LE', 'coordinates': {'latitude': '31.3561', 'longitude': '174.6844'}, 'timezone': {'offset': '+8:00', 'description': 'Beijing, Perth, Singapore, Hong Kong'}}, 'email': 'agnieszka.bolten@example.com', 'login': {'uuid': '015d49b0-a4b7-4274-bb60-570857c1d903', 'username': 'beautifulgoose524', 'password': 'heyyou', 'salt': 'rTBlCrEU', 'md5': '6f542073598fb89c59df0d2789f3640d', 'sha1': '871a4b97d9ac25c536b277197c9b1afcef77d333', 'sha256': '91a0728c05cdd12c8549dfa5073210c9df8435816e659e9eed9d86badda24e31'}, 'dob': {'date': '1946-05-24T14:52:25.016Z', 'age': 77}, 'registered': {'date': '2013-03-09T02:13:51.171Z', 'age': 11}, 'phone': '(0670) 984452', 'cell': '(06) 83129024', 'id': {'name': 'BSN', 'value': '60898399'}, 'picture': {'large': 'https://randomuser.me/api/portraits/women/35.jpg', 'medium': 'https://randomuser.me/api/portraits/med/women/35.jpg', 'thumbnail': 'https://randomuser.me/api/portraits/thumb/women/35.jpg'}, 'nat': 'NL'}], 'info': {'seed': 'a200c3c93679641c', 'results': 1, 'page': 1, 'version': '1.4'}}</msg>
<arg>${json_data}</arg>
<doc>Logs the given message with the given level.</doc>
<status status="PASS" start="2024-04-08T03:15:18.217721" elapsed="0.000216"/>
</kw>
<kw name="Dictionary Should Contain Key" owner="Collections">
<msg time="2024-04-08T03:15:18.218438" level="INFO">False</msg>
<arg>${json_data}</arg>
<arg>results</arg>
<doc>Fails if ``key`` is not found from ``dictionary``.</doc>
<status status="PASS" start="2024-04-08T03:15:18.218253" elapsed="0.000224"/>
</kw>
<kw name="Should Not Be Empty" owner="BuiltIn">
<msg time="2024-04-08T03:15:18.218908" level="INFO">Length is 2.</msg>
<arg>${json_data}</arg>
<doc>Verifies that the given item is not empty.</doc>
<status status="PASS" start="2024-04-08T03:15:18.218775" elapsed="0.000171"/>
</kw>
<kw name="Create List" owner="BuiltIn">
<msg time="2024-04-08T03:15:18.219386" level="INFO">${expected_keys} = ['gender', 'name', 'location', 'email', 'login']</msg>
<var>${expected_keys}</var>
<arg>gender</arg>
<arg>name</arg>
<arg>location</arg>
<arg>email</arg>
<arg>login</arg>
<doc>Returns a list containing given items.</doc>
<status status="PASS" start="2024-04-08T03:15:18.219235" elapsed="0.000175"/>
</kw>
<for flavor="IN">
<iter>
<kw name="Dictionary Should Contain Key" owner="Collections">
<msg time="2024-04-08T03:15:18.220370" level="INFO">False</msg>
<arg>${json_data['results'][0]}</arg>
<arg>${key}</arg>
<doc>Fails if ``key`` is not found from ``dictionary``.</doc>
<status status="PASS" start="2024-04-08T03:15:18.219962" elapsed="0.000447"/>
</kw>
<kw name="Log" owner="BuiltIn">
<msg time="2024-04-08T03:15:18.221087" level="INFO">{'gender': 'female', 'name': {'title': 'Mrs', 'first': 'Agnieszka', 'last': 'Bolten'}, 'location': {'street': {'number': 2638, 'name': 'Galgerwaard'}, 'city': 'Rustenburg', 'state': 'Drenthe', 'country': 'Netherlands', 'postcode': '4132 LE', 'coordinates': {'latitude': '31.3561', 'longitude': '174.6844'}, 'timezone': {'offset': '+8:00', 'description': 'Beijing, Perth, Singapore, Hong Kong'}}, 'email': 'agnieszka.bolten@example.com', 'login': {'uuid': '015d49b0-a4b7-4274-bb60-570857c1d903', 'username': 'beautifulgoose524', 'password': 'heyyou', 'salt': 'rTBlCrEU', 'md5': '6f542073598fb89c59df0d2789f3640d', 'sha1': '871a4b97d9ac25c536b277197c9b1afcef77d333', 'sha256': '91a0728c05cdd12c8549dfa5073210c9df8435816e659e9eed9d86badda24e31'}, 'dob': {'date': '1946-05-24T14:52:25.016Z', 'age': 77}, 'registered': {'date': '2013-03-09T02:13:51.171Z', 'age': 11}, 'phone': '(0670) 984452', 'cell': '(06) 83129024', 'id': {'name': 'BSN', 'value': '60898399'}, 'picture': {'large': 'https://randomuser.me/api/portraits/women/35.jpg', 'medium': 'https://randomuser.me/api/portraits/med/women/35.jpg', 'thumbnail': 'https://randomuser.me/api/portraits/thumb/women/35.jpg'}, 'nat': 'NL'}</msg>
<arg>${json_data['results'][0]}</arg>
<doc>Logs the given message with the given level.</doc>
<status status="PASS" start="2024-04-08T03:15:18.220718" elapsed="0.000421"/>
</kw>
<kw name="Log" owner="BuiltIn">
<msg time="2024-04-08T03:15:18.221573" level="INFO">gender</msg>
<arg>${key}</arg>
<doc>Logs the given message with the given level.</doc>
<status status="PASS" start="2024-04-08T03:15:18.221443" elapsed="0.000168"/>
</kw>
<var name="${key}">gender</var>
<status status="PASS" start="2024-04-08T03:15:18.219840" elapsed="0.001992"/>
</iter>
<iter>
<kw name="Dictionary Should Contain Key" owner="Collections">
<msg time="2024-04-08T03:15:18.222558" level="INFO">False</msg>
<arg>${json_data['results'][0]}</arg>
<arg>${key}</arg>
<doc>Fails if ``key`` is not found from ``dictionary``.</doc>
<status status="PASS" start="2024-04-08T03:15:18.222129" elapsed="0.000467"/>
</kw>
<kw name="Log" owner="BuiltIn">
<msg time="2024-04-08T03:15:18.223275" level="INFO">{'gender': 'female', 'name': {'title': 'Mrs', 'first': 'Agnieszka', 'last': 'Bolten'}, 'location': {'street': {'number': 2638, 'name': 'Galgerwaard'}, 'city': 'Rustenburg', 'state': 'Drenthe', 'country': 'Netherlands', 'postcode': '4132 LE', 'coordinates': {'latitude': '31.3561', 'longitude': '174.6844'}, 'timezone': {'offset': '+8:00', 'description': 'Beijing, Perth, Singapore, Hong Kong'}}, 'email': 'agnieszka.bolten@example.com', 'login': {'uuid': '015d49b0-a4b7-4274-bb60-570857c1d903', 'username': 'beautifulgoose524', 'password': 'heyyou', 'salt': 'rTBlCrEU', 'md5': '6f542073598fb89c59df0d2789f3640d', 'sha1': '871a4b97d9ac25c536b277197c9b1afcef77d333', 'sha256': '91a0728c05cdd12c8549dfa5073210c9df8435816e659e9eed9d86badda24e31'}, 'dob': {'date': '1946-05-24T14:52:25.016Z', 'age': 77}, 'registered': {'date': '2013-03-09T02:13:51.171Z', 'age': 11}, 'phone': '(0670) 984452', 'cell': '(06) 83129024', 'id': {'name': 'BSN', 'value': '60898399'}, 'picture': {'large': 'https://randomuser.me/api/portraits/women/35.jpg', 'medium': 'https://randomuser.me/api/portraits/med/women/35.jpg', 'thumbnail': 'https://randomuser.me/api/portraits/thumb/women/35.jpg'}, 'nat': 'NL'}</msg>
<arg>${json_data['results'][0]}</arg>
<doc>Logs the given message with the given level.</doc>
<status status="PASS" start="2024-04-08T03:15:18.222919" elapsed="0.000404"/>
</kw>
<kw name="Log" owner="BuiltIn">
<msg time="2024-04-08T03:15:18.223750" level="INFO">name</msg>
<arg>${key}</arg>
<doc>Logs the given message with the given level.</doc>
<status status="PASS" start="2024-04-08T03:15:18.223621" elapsed="0.000167"/>
</kw>
<var name="${key}">name</var>
<status status="PASS" start="2024-04-08T03:15:18.222016" elapsed="0.001988"/>
</iter>
<iter>
<kw name="Dictionary Should Contain Key" owner="Collections">
<msg time="2024-04-08T03:15:18.224669" level="INFO">False</msg>
<arg>${json_data['results'][0]}</arg>
<arg>${key}</arg>
<doc>Fails if ``key`` is not found from ``dictionary``.</doc>
<status status="PASS" start="2024-04-08T03:15:18.224294" elapsed="0.000412"/>
</kw>
<kw name="Log" owner="BuiltIn">
<msg time="2024-04-08T03:15:18.225370" level="INFO">{'gender': 'female', 'name': {'title': 'Mrs', 'first': 'Agnieszka', 'last': 'Bolten'}, 'location': {'street': {'number': 2638, 'name': 'Galgerwaard'}, 'city': 'Rustenburg', 'state': 'Drenthe', 'country': 'Netherlands', 'postcode': '4132 LE', 'coordinates': {'latitude': '31.3561', 'longitude': '174.6844'}, 'timezone': {'offset': '+8:00', 'description': 'Beijing, Perth, Singapore, Hong Kong'}}, 'email': 'agnieszka.bolten@example.com', 'login': {'uuid': '015d49b0-a4b7-4274-bb60-570857c1d903', 'username': 'beautifulgoose524', 'password': 'heyyou', 'salt': 'rTBlCrEU', 'md5': '6f542073598fb89c59df0d2789f3640d', 'sha1': '871a4b97d9ac25c536b277197c9b1afcef77d333', 'sha256': '91a0728c05cdd12c8549dfa5073210c9df8435816e659e9eed9d86badda24e31'}, 'dob': {'date': '1946-05-24T14:52:25.016Z', 'age': 77}, 'registered': {'date': '2013-03-09T02:13:51.171Z', 'age': 11}, 'phone': '(0670) 984452', 'cell': '(06) 83129024', 'id': {'name': 'BSN', 'value': '60898399'}, 'picture': {'large': 'https://randomuser.me/api/portraits/women/35.jpg', 'medium': 'https://randomuser.me/api/portraits/med/women/35.jpg', 'thumbnail': 'https://randomuser.me/api/portraits/thumb/women/35.jpg'}, 'nat': 'NL'}</msg>
<arg>${json_data['results'][0]}</arg>
<doc>Logs the given message with the given level.</doc>
<status status="PASS" start="2024-04-08T03:15:18.225005" elapsed="0.000417"/>
</kw>
<kw name="Log" owner="BuiltIn">
<msg time="2024-04-08T03:15:18.225847" level="INFO">location</msg>
<arg>${key}</arg>
<doc>Logs the given message with the given level.</doc>
<status status="PASS" start="2024-04-08T03:15:18.225718" elapsed="0.000167"/>
</kw>
<var name="${key}">location</var>
<status status="PASS" start="2024-04-08T03:15:18.224183" elapsed="0.001916"/>
</iter>
<iter>
<kw name="Dictionary Should Contain Key" owner="Collections">
<msg time="2024-04-08T03:15:18.226785" level="INFO">False</msg>
<arg>${json_data['results'][0]}</arg>
<arg>${key}</arg>
<doc>Fails if ``key`` is not found from ``dictionary``.</doc>
<status status="PASS" start="2024-04-08T03:15:18.226404" elapsed="0.000418"/>
</kw>
<kw name="Log" owner="BuiltIn">
<msg time="2024-04-08T03:15:18.227488" level="INFO">{'gender': 'female', 'name': {'title': 'Mrs', 'first': 'Agnieszka', 'last': 'Bolten'}, 'location': {'street': {'number': 2638, 'name': 'Galgerwaard'}, 'city': 'Rustenburg', 'state': 'Drenthe', 'country': 'Netherlands', 'postcode': '4132 LE', 'coordinates': {'latitude': '31.3561', 'longitude': '174.6844'}, 'timezone': {'offset': '+8:00', 'description': 'Beijing, Perth, Singapore, Hong Kong'}}, 'email': 'agnieszka.bolten@example.com', 'login': {'uuid': '015d49b0-a4b7-4274-bb60-570857c1d903', 'username': 'beautifulgoose524', 'password': 'heyyou', 'salt': 'rTBlCrEU', 'md5': '6f542073598fb89c59df0d2789f3640d', 'sha1': '871a4b97d9ac25c536b277197c9b1afcef77d333', 'sha256': '91a0728c05cdd12c8549dfa5073210c9df8435816e659e9eed9d86badda24e31'}, 'dob': {'date': '1946-05-24T14:52:25.016Z', 'age': 77}, 'registered': {'date': '2013-03-09T02:13:51.171Z', 'age': 11}, 'phone': '(0670) 984452', 'cell': '(06) 83129024', 'id': {'name': 'BSN', 'value': '60898399'}, 'picture': {'large': 'https://randomuser.me/api/portraits/women/35.jpg', 'medium': 'https://randomuser.me/api/portraits/med/women/35.jpg', 'thumbnail': 'https://randomuser.me/api/portraits/thumb/women/35.jpg'}, 'nat': 'NL'}</msg>
<arg>${json_data['results'][0]}</arg>
<doc>Logs the given message with the given level.</doc>
<status status="PASS" start="2024-04-08T03:15:18.227122" elapsed="0.000414"/>
</kw>
<kw name="Log" owner="BuiltIn">
<msg time="2024-04-08T03:15:18.227962" level="INFO">email</msg>
<arg>${key}</arg>
<doc>Logs the given message with the given level.</doc>
<status status="PASS" start="2024-04-08T03:15:18.227835" elapsed="0.000165"/>
</kw>
<var name="${key}">email</var>
<status status="PASS" start="2024-04-08T03:15:18.226269" elapsed="0.001947"/>
</iter>
<iter>
<kw name="Dictionary Should Contain Key" owner="Collections">
<msg time="2024-04-08T03:15:18.228875" level="INFO">False</msg>
<arg>${json_data['results'][0]}</arg>
<arg>${key}</arg>
<doc>Fails if ``key`` is not found from ``dictionary``.</doc>
<status status="PASS" start="2024-04-08T03:15:18.228496" elapsed="0.000417"/>
</kw>
<kw name="Log" owner="BuiltIn">
<msg time="2024-04-08T03:15:18.229565" level="INFO">{'gender': 'female', 'name': {'title': 'Mrs', 'first': 'Agnieszka', 'last': 'Bolten'}, 'location': {'street': {'number': 2638, 'name': 'Galgerwaard'}, 'city': 'Rustenburg', 'state': 'Drenthe', 'country': 'Netherlands', 'postcode': '4132 LE', 'coordinates': {'latitude': '31.3561', 'longitude': '174.6844'}, 'timezone': {'offset': '+8:00', 'description': 'Beijing, Perth, Singapore, Hong Kong'}}, 'email': 'agnieszka.bolten@example.com', 'login': {'uuid': '015d49b0-a4b7-4274-bb60-570857c1d903', 'username': 'beautifulgoose524', 'password': 'heyyou', 'salt': 'rTBlCrEU', 'md5': '6f542073598fb89c59df0d2789f3640d', 'sha1': '871a4b97d9ac25c536b277197c9b1afcef77d333', 'sha256': '91a0728c05cdd12c8549dfa5073210c9df8435816e659e9eed9d86badda24e31'}, 'dob': {'date': '1946-05-24T14:52:25.016Z', 'age': 77}, 'registered': {'date': '2013-03-09T02:13:51.171Z', 'age': 11}, 'phone': '(0670) 984452', 'cell': '(06) 83129024', 'id': {'name': 'BSN', 'value': '60898399'}, 'picture': {'large': 'https://randomuser.me/api/portraits/women/35.jpg', 'medium': 'https://randomuser.me/api/portraits/med/women/35.jpg', 'thumbnail': 'https://randomuser.me/api/portraits/thumb/women/35.jpg'}, 'nat': 'NL'}</msg>
<arg>${json_data['results'][0]}</arg>
<doc>Logs the given message with the given level.</doc>
<status status="PASS" start="2024-04-08T03:15:18.229204" elapsed="0.000406"/>
</kw>
<kw name="Log" owner="BuiltIn">
<msg time="2024-04-08T03:15:18.230027" level="INFO">login</msg>
<arg>${key}</arg>
<doc>Logs the given message with the given level.</doc>
<status status="PASS" start="2024-04-08T03:15:18.229901" elapsed="0.000196"/>
</kw>
<var name="${key}">login</var>
<status status="PASS" start="2024-04-08T03:15:18.228386" elapsed="0.001935"/>
</iter>
<var>${key}</var>
<value>@{expected_keys}</value>
<status status="PASS" start="2024-04-08T03:15:18.219663" elapsed="0.010812"/>
</for>
<kw name="Create List" owner="BuiltIn">
<msg time="2024-04-08T03:15:18.230804" level="INFO">${expected_keysTwo} = ['username', 'password']</msg>
<var>${expected_keysTwo}</var>
<arg>username</arg>
<arg>password</arg>
<doc>Returns a list containing given items.</doc>
<status status="PASS" start="2024-04-08T03:15:18.230667" elapsed="0.000161"/>
</kw>
<for flavor="IN">
<iter>
<kw name="Dictionary Should Contain Key" owner="Collections">
<msg time="2024-04-08T03:15:18.231813" level="INFO">False</msg>
<arg>${json_data['results'][0]['login']}</arg>
<arg>${keyTwo}</arg>
<doc>Fails if ``key`` is not found from ``dictionary``.</doc>
<status status="PASS" start="2024-04-08T03:15:18.231429" elapsed="0.000421"/>
</kw>
<kw name="Dictionary Should Contain Key" owner="Collections">
<msg time="2024-04-08T03:15:18.232527" level="INFO">False</msg>
<arg>${json_data['results'][0]['login']}</arg>
<arg>${keyTwo}</arg>
<doc>Fails if ``key`` is not found from ``dictionary``.</doc>
<status status="PASS" start="2024-04-08T03:15:18.232151" elapsed="0.000413"/>
</kw>
<kw name="Log" owner="BuiltIn">
<msg time="2024-04-08T03:15:18.232989" level="INFO">username</msg>
<arg>${keyTwo}</arg>
<doc>Logs the given message with the given level.</doc>
<status status="PASS" start="2024-04-08T03:15:18.232861" elapsed="0.000164"/>
</kw>
<var name="${keyTwo}">username</var>
<status status="PASS" start="2024-04-08T03:15:18.231317" elapsed="0.001922"/>
</iter>
<iter>
<kw name="Dictionary Should Contain Key" owner="Collections">
<msg time="2024-04-08T03:15:18.233889" level="INFO">False</msg>
<arg>${json_data['results'][0]['login']}</arg>
<arg>${keyTwo}</arg>
<doc>Fails if ``key`` is not found from ``dictionary``.</doc>
<status status="PASS" start="2024-04-08T03:15:18.233517" elapsed="0.000408"/>
</kw>
<kw name="Dictionary Should Contain Key" owner="Collections">
<msg time="2024-04-08T03:15:18.234630" level="INFO">False</msg>
<arg>${json_data['results'][0]['login']}</arg>
<arg>${keyTwo}</arg>
<doc>Fails if ``key`` is not found from ``dictionary``.</doc>
<status status="PASS" start="2024-04-08T03:15:18.234213" elapsed="0.000453"/>
</kw>
<kw name="Log" owner="BuiltIn">
<msg time="2024-04-08T03:15:18.235086" level="INFO">password</msg>
<arg>${keyTwo}</arg>
<doc>Logs the given message with the given level.</doc>
<status status="PASS" start="2024-04-08T03:15:18.234958" elapsed="0.000165"/>
</kw>
<var name="${keyTwo}">password</var>
<status status="PASS" start="2024-04-08T03:15:18.233409" elapsed="0.001930"/>
</iter>
<var>${keyTwo}</var>
<value>@{expected_keysTwo}</value>
<status status="PASS" start="2024-04-08T03:15:18.231065" elapsed="0.004395"/>
</for>
<status status="PASS" start="2024-04-08T03:15:18.158659" elapsed="0.076942"/>
</kw>
<doc>Testa a estrutura da resposta da API.</doc>
<tag>testeEstruturaResposta</tag>
<status status="PASS" start="2024-04-08T03:15:18.158006" elapsed="0.077745"/>
</test>
<test id="s1-s1-t4" name="Validar tipos de dados" line="28">
<kw name="Teste de Tipos de Dados" owner="random-user-service">
<kw name="GET On Session" owner="RequestsLibrary">
<msg time="2024-04-08T03:15:18.536123" level="INFO">GET Request : url=https://randomuser.me/api 
 path_url=/api 
 headers={'User-Agent': 'python-requests/2.31.0', 'Accept-Encoding': 'gzip, deflate', 'Accept': '*/*', 'Connection': 'keep-alive'} 
 body=None 
 </msg>
<msg time="2024-04-08T03:15:18.536210" level="INFO">GET Response : url=https://randomuser.me/api 
 status=200, reason=OK 
 headers={'Date': 'Mon, 08 Apr 2024 03:15:18 GMT', 'Content-Type': 'application/json; charset=utf-8', 'Transfer-Encoding': 'chunked', 'Connection': 'keep-alive', 'X-Powered-By': 'Express', 'Access-Control-Allow-Origin': '*', 'Cache-Control': 'no-cache', 'ETag': 'W/"47a-gXTyIqm908WacPt6RGOUe9e3ZmQ"', 'Vary': 'Accept-Encoding', 'Content-Encoding': 'gzip', 'CF-Cache-Status': 'DYNAMIC', 'Report-To': '{"endpoints":[{"url":"https:\\/\\/a.nel.cloudflare.com\\/report\\/v4?s=vMcO%2F6zwsCAV6gKEKN2CNLJHJRzLTk0siAR0Tjc9XLa7W%2F23H3gAyLA5KL6KKmDSvXzhxzzY%2Bn3%2F0AiJB0WvYOyI%2FbfkDN1jhB5rkjXKL1%2BaA0JRW0ZqKpWlxUho5LUm"}],"group":"cf-nel","max_age":604800}', 'NEL': '{"success_fraction":0,"report_to":"cf-nel","max_age":604800}', 'Server': 'cloudflare', 'CF-RAY': '870f1796fd4e28f8-ORD', 'alt-svc': 'h3=":443"; ma=86400'} 
 body={"results":[{"gender":"male","name":{"title":"Mr","first":"Sebastian","last":"Wright"},"location":{"street":{"number":5003,"name":"Crawford Street"},"city":"Upper Hutt","state":"Hawke'S Bay","country":"New Zealand","postcode":23031,"coordinates":{"latitude":"55.0705","longitude":"-59.6510"},"timezone":{"offset":"+3:30","description":"Tehran"}},"email":"sebastian.wright@example.com","login":{"uuid":"ef982d42-123c-40fd-b393-9fd6518c7681","username":"organicduck656","password":"carolina","salt":"fhpWa72n","md5":"aae0468d6428483884144b5298fbd98a","sha1":"29348498a222487cf9ba8c4eb0bc65c79b8b0a5e","sha256":"183e8d5ecb7d3e71cdc47c63022f2a76769a9bf14db97a0f47e98fc494089f17"},"dob":{"date":"1998-01-28T12:05:26.146Z","age":26},"registered":{"date":"2018-11-11T10:50:10.696Z","age":5},"phone":"(305)-744-5186","cell":"(078)-508-9167","id":{"name":"","value":null},"picture":{"large":"https://randomuser.me/api/portraits/men/40.jpg","medium":"https://randomuser.me/api/portraits/med/men/40.jpg","thumbnail":"https://randomuser.me/api/portraits/thumb/men/40.jpg"},"nat":"NZ"}],"info":{"seed":"0e43a5383a2c49e7","results":1,"page":1,"version":"1.4"}} 
 </msg>
<msg time="2024-04-08T03:15:18.536282" level="INFO">/opt/hostedtoolcache/Python/3.12.2/x64/lib/python3.12/site-packages/urllib3/connectionpool.py:1103: InsecureRequestWarning: Unverified HTTPS request is being made to host 'randomuser.me'. Adding certificate verification is strongly advised. See: https://urllib3.readthedocs.io/en/latest/advanced-usage.html#tls-warnings
  warnings.warn(</msg>
<msg time="2024-04-08T03:15:18.536422" level="INFO">${response} = &lt;Response [200]&gt;</msg>
<var>${response}</var>
<arg>consultarAPI</arg>
<arg>/api</arg>
<doc>Sends a GET request on a previously created HTTP Session.</doc>
<status status="PASS" start="2024-04-08T03:15:18.238225" elapsed="0.298238"/>
</kw>
<kw name="Set Variable" owner="BuiltIn">
<msg time="2024-04-08T03:15:18.537275" level="INFO">${json_data} = {'results': [{'gender': 'male', 'name': {'title': 'Mr', 'first': 'Sebastian', 'last': 'Wright'}, 'location': {'street': {'number': 5003, 'name': 'Crawford Street'}, 'city': 'Upper Hutt', 'state': "Haw...</msg>
<var>${json_data}</var>
<arg>${response.json()}</arg>
<doc>Returns the given values which can then be assigned to a variables.</doc>
<status status="PASS" start="2024-04-08T03:15:18.536822" elapsed="0.000480"/>
</kw>
<kw name="Log" owner="BuiltIn">
<msg time="2024-04-08T03:15:18.537768" level="INFO">{'results': [{'gender': 'male', 'name': {'title': 'Mr', 'first': 'Sebastian', 'last': 'Wright'}, 'location': {'street': {'number': 5003, 'name': 'Crawford Street'}, 'city': 'Upper Hutt', 'state': "Hawke'S Bay", 'country': 'New Zealand', 'postcode': 23031, 'coordinates': {'latitude': '55.0705', 'longitude': '-59.6510'}, 'timezone': {'offset': '+3:30', 'description': 'Tehran'}}, 'email': 'sebastian.wright@example.com', 'login': {'uuid': 'ef982d42-123c-40fd-b393-9fd6518c7681', 'username': 'organicduck656', 'password': 'carolina', 'salt': 'fhpWa72n', 'md5': 'aae0468d6428483884144b5298fbd98a', 'sha1': '29348498a222487cf9ba8c4eb0bc65c79b8b0a5e', 'sha256': '183e8d5ecb7d3e71cdc47c63022f2a76769a9bf14db97a0f47e98fc494089f17'}, 'dob': {'date': '1998-01-28T12:05:26.146Z', 'age': 26}, 'registered': {'date': '2018-11-11T10:50:10.696Z', 'age': 5}, 'phone': '(305)-744-5186', 'cell': '(078)-508-9167', 'id': {'name': '', 'value': None}, 'picture': {'large': 'https://randomuser.me/api/portraits/men/40.jpg', 'medium': 'https://randomuser.me/api/portraits/med/men/40.jpg', 'thumbnail': 'https://randomuser.me/api/portraits/thumb/men/40.jpg'}, 'nat': 'NZ'}], 'info': {'seed': '0e43a5383a2c49e7', 'results': 1, 'page': 1, 'version': '1.4'}}</msg>
<arg>${json_data}</arg>
<doc>Logs the given message with the given level.</doc>
<status status="PASS" start="2024-04-08T03:15:18.537609" elapsed="0.000237"/>
</kw>
<kw name="Should Be String" owner="String">
<arg>${json_data['results'][0]['gender']}</arg>
<doc>Fails if the given ``item`` is not a string.</doc>
<status status="PASS" start="2024-04-08T03:15:18.538142" elapsed="0.000406"/>
</kw>
<kw name="Should Match Regexp" owner="BuiltIn">
<arg>${json_data['results'][0]['email']}</arg>
<arg>^[a-zA-Z0-9._%+-]+@[a-zA-Z0-9.-]+\.[a-zA-Z]{2,}$</arg>
<doc>Fails if ``string`` does not match ``pattern`` as a regular expression.</doc>
<status status="PASS" start="2024-04-08T03:15:18.538741" elapsed="0.000497"/>
</kw>
<kw name="Should Match Regexp" owner="BuiltIn">
<arg>${json_data['results'][0]['dob']['date']}</arg>
<arg>\\d{4}-\\d{2}-\\d{2}T\\d{2}:\\d{2}:\\d{2}\\.\\d{3}Z</arg>
<doc>Fails if ``string`` does not match ``pattern`` as a regular expression.</doc>
<status status="PASS" start="2024-04-08T03:15:18.539433" elapsed="0.000497"/>
</kw>
<kw name="Should Match Regexp" owner="BuiltIn">
<arg>${json_data['results'][0]['registered']['date']}</arg>
<arg>\\d{4}-\\d{2}-\\d{2}T\\d{2}:\\d{2}:\\d{2}\\.\\d{3}Z</arg>
<doc>Fails if ``string`` does not match ``pattern`` as a regular expression.</doc>
<status status="PASS" start="2024-04-08T03:15:18.540125" elapsed="0.000370"/>
</kw>
<kw name="Should Match Regexp" owner="BuiltIn">
<arg>${json_data['results'][0]['picture']['large']}</arg>
<arg>^https?://.*\.(?:png|jpe?g|gif|bmp)$</arg>
<doc>Fails if ``string`` does not match ``pattern`` as a regular expression.</doc>
<status status="PASS" start="2024-04-08T03:15:18.540680" elapsed="0.000448"/>
</kw>
<kw name="Should Match Regexp" owner="BuiltIn">
<arg>${json_data['results'][0]['picture']['medium']}</arg>
<arg>^https?://.*\.(?:png|jpe?g|gif|bmp)$</arg>
<doc>Fails if ``string`` does not match ``pattern`` as a regular expression.</doc>
<status status="PASS" start="2024-04-08T03:15:18.541315" elapsed="0.000353"/>
</kw>
<kw name="Should Match Regexp" owner="BuiltIn">
<arg>${json_data['results'][0]['picture']['thumbnail']}</arg>
<arg>^https?://.*\.(?:png|jpe?g|gif|bmp)$</arg>
<doc>Fails if ``string`` does not match ``pattern`` as a regular expression.</doc>
<status status="PASS" start="2024-04-08T03:15:18.541851" elapsed="0.000355"/>
</kw>
<kw name="Log" owner="BuiltIn">
<msg time="2024-04-08T03:15:18.542754" level="INFO">{'large': 'https://randomuser.me/api/portraits/men/40.jpg', 'medium': 'https://randomuser.me/api/portraits/med/men/40.jpg', 'thumbnail': 'https://randomuser.me/api/portraits/thumb/men/40.jpg'}</msg>
<arg>${json_data['results'][0]['picture']}</arg>
<doc>Logs the given message with the given level.</doc>
<status status="PASS" start="2024-04-08T03:15:18.542413" elapsed="0.000382"/>
</kw>
<status status="PASS" start="2024-04-08T03:15:18.237998" elapsed="0.305049"/>
</kw>
<kw name="Teste de Tipos de Dados - Postcode" owner="random-user-service">
<kw name="GET On Session" owner="RequestsLibrary">
<msg time="2024-04-08T03:15:18.594230" level="INFO">GET Request : url=https://randomuser.me/api 
 path_url=/api 
 headers={'User-Agent': 'python-requests/2.31.0', 'Accept-Encoding': 'gzip, deflate', 'Accept': '*/*', 'Connection': 'keep-alive'} 
 body=None 
 </msg>
<msg time="2024-04-08T03:15:18.594315" level="INFO">GET Response : url=https://randomuser.me/api 
 status=200, reason=OK 
 headers={'Date': 'Mon, 08 Apr 2024 03:15:18 GMT', 'Content-Type': 'application/json; charset=utf-8', 'Transfer-Encoding': 'chunked', 'Connection': 'keep-alive', 'X-Powered-By': 'Express', 'Access-Control-Allow-Origin': '*', 'Cache-Control': 'no-cache', 'ETag': 'W/"47d-Y97EFlRdHK6JpSxL9FLTHA+ytqc"', 'Vary': 'Accept-Encoding', 'Content-Encoding': 'gzip', 'CF-Cache-Status': 'DYNAMIC', 'Report-To': '{"endpoints":[{"url":"https:\\/\\/a.nel.cloudflare.com\\/report\\/v4?s=X%2F%2Blb%2BNbtHLTMPSwzXL7psezzF5mQxeLzRQLWULJP7hQRG2k59pAtNYVrzoBgD%2BUR0R2iWOX8t8tT9AcCPQ6BdyrKShGQE6fGtElaimnW5LrPCKAv%2FxCWZZuqTIJsEEA"}],"group":"cf-nel","max_age":604800}', 'NEL': '{"success_fraction":0,"report_to":"cf-nel","max_age":604800}', 'Server': 'cloudflare', 'CF-RAY': '870f1798eede28f8-ORD', 'alt-svc': 'h3=":443"; ma=86400'} 
 body={"results":[{"gender":"female","name":{"title":"Ms","first":"Sara","last":"Lepisto"},"location":{"street":{"number":7803,"name":"Hermiankatu"},"city":"Köyliö","state":"Central Finland","country":"Finland","postcode":22197,"coordinates":{"latitude":"-24.2207","longitude":"40.0258"},"timezone":{"offset":"+5:45","description":"Kathmandu"}},"email":"sara.lepisto@example.com","login":{"uuid":"d8ecc360-270a-4e1a-b98e-b6ec0c87a4e1","username":"whitepanda474","password":"luis","salt":"DaQ3gOSJ","md5":"81f64871178f6928bf7f57efeb149892","sha1":"119fab74960e0e54f3053ac9d4597a8d508a565f","sha256":"82e801b7fdcfca24ced8034a822a2f4536689437e46bac58e998cb89196a8ab9"},"dob":{"date":"1997-06-24T19:03:37.292Z","age":26},"registered":{"date":"2018-08-03T18:37:21.389Z","age":5},"phone":"08-546-290","cell":"041-671-82-00","id":{"name":"HETU","value":"NaNNA828undefined"},"picture":{"large":"https://randomuser.me/api/portraits/women/0.jpg","medium":"https://randomuser.me/api/portraits/med/women/0.jpg","thumbnail":"https://randomuser.me/api/portraits/thumb/women/0.jpg"},"nat":"FI"}],"info":{"seed":"7f68c34d97892f83","results":1,"page":1,"version":"1.4"}} 
 </msg>
<msg time="2024-04-08T03:15:18.594435" level="INFO">/opt/hostedtoolcache/Python/3.12.2/x64/lib/python3.12/site-packages/urllib3/connectionpool.py:1103: InsecureRequestWarning: Unverified HTTPS request is being made to host 'randomuser.me'. Adding certificate verification is strongly advised. See: https://urllib3.readthedocs.io/en/latest/advanced-usage.html#tls-warnings
  warnings.warn(</msg>
<msg time="2024-04-08T03:15:18.594555" level="INFO">${response} = &lt;Response [200]&gt;</msg>
<var>${response}</var>
<arg>consultarAPI</arg>
<arg>/api</arg>
<doc>Sends a GET request on a previously created HTTP Session.</doc>
<status status="PASS" start="2024-04-08T03:15:18.543481" elapsed="0.051103"/>
</kw>
<kw name="Set Variable" owner="BuiltIn">
<msg time="2024-04-08T03:15:18.595407" level="INFO">${json_data} = {'results': [{'gender': 'female', 'name': {'title': 'Ms', 'first': 'Sara', 'last': 'Lepisto'}, 'location': {'street': {'number': 7803, 'name': 'Hermiankatu'}, 'city': 'Köyliö', 'state': 'Central Finla...</msg>
<var>${json_data}</var>
<arg>${response.json()}</arg>
<doc>Returns the given values which can then be assigned to a variables.</doc>
<status status="PASS" start="2024-04-08T03:15:18.594954" elapsed="0.000482"/>
</kw>
<kw name="Log" owner="BuiltIn">
<msg time="2024-04-08T03:15:18.595889" level="INFO">{'results': [{'gender': 'female', 'name': {'title': 'Ms', 'first': 'Sara', 'last': 'Lepisto'}, 'location': {'street': {'number': 7803, 'name': 'Hermiankatu'}, 'city': 'Köyliö', 'state': 'Central Finland', 'country': 'Finland', 'postcode': 22197, 'coordinates': {'latitude': '-24.2207', 'longitude': '40.0258'}, 'timezone': {'offset': '+5:45', 'description': 'Kathmandu'}}, 'email': 'sara.lepisto@example.com', 'login': {'uuid': 'd8ecc360-270a-4e1a-b98e-b6ec0c87a4e1', 'username': 'whitepanda474', 'password': 'luis', 'salt': 'DaQ3gOSJ', 'md5': '81f64871178f6928bf7f57efeb149892', 'sha1': '119fab74960e0e54f3053ac9d4597a8d508a565f', 'sha256': '82e801b7fdcfca24ced8034a822a2f4536689437e46bac58e998cb89196a8ab9'}, 'dob': {'date': '1997-06-24T19:03:37.292Z', 'age': 26}, 'registered': {'date': '2018-08-03T18:37:21.389Z', 'age': 5}, 'phone': '08-546-290', 'cell': '041-671-82-00', 'id': {'name': 'HETU', 'value': 'NaNNA828undefined'}, 'picture': {'large': 'https://randomuser.me/api/portraits/women/0.jpg', 'medium': 'https://randomuser.me/api/portraits/med/women/0.jpg', 'thumbnail': 'https://randomuser.me/api/portraits/thumb/women/0.jpg'}, 'nat': 'FI'}], 'info': {'seed': '7f68c34d97892f83', 'results': 1, 'page': 1, 'version': '1.4'}}</msg>
<arg>${json_data}</arg>
<doc>Logs the given message with the given level.</doc>
<status status="PASS" start="2024-04-08T03:15:18.595736" elapsed="0.000229"/>
</kw>
<kw name="Should Be Equal As Numbers" owner="BuiltIn">
<arg>${json_data['results'][0]['location']['postcode']}</arg>
<arg>${json_data['results'][0]['location']['postcode']}</arg>
<doc>Fails if objects are unequal after converting them to real numbers.</doc>
<status status="PASS" start="2024-04-08T03:15:18.596264" elapsed="0.000613"/>
</kw>
<kw name="Log" owner="BuiltIn">
<msg time="2024-04-08T03:15:18.597399" level="INFO">22197</msg>
<arg>${json_data['results'][0]['location']['postcode']}</arg>
<doc>Logs the given message with the given level.</doc>
<status status="PASS" start="2024-04-08T03:15:18.597067" elapsed="0.000371"/>
</kw>
<status status="PASS" start="2024-04-08T03:15:18.543256" elapsed="0.054432"/>
</kw>
<doc>Testa se os tipos de dados na resposta da API estão corretos.</doc>
<tag>testeTiposDados</tag>
<status status="PASS" start="2024-04-08T03:15:18.237484" elapsed="0.360362"/>
</test>
<test id="s1-s1-t5" name="Validar conteudo" line="35">
<kw name="Teste de Tipos de Conteudo" owner="random-user-service">
<kw name="GET On Session" owner="RequestsLibrary">
<msg time="2024-04-08T03:15:18.694326" level="INFO">GET Request : url=https://randomuser.me/api 
 path_url=/api 
 headers={'User-Agent': 'python-requests/2.31.0', 'Accept-Encoding': 'gzip, deflate', 'Accept': '*/*', 'Connection': 'keep-alive'} 
 body=None 
 </msg>
<msg time="2024-04-08T03:15:18.694445" level="INFO">GET Response : url=https://randomuser.me/api 
 status=200, reason=OK 
 headers={'Date': 'Mon, 08 Apr 2024 03:15:18 GMT', 'Content-Type': 'application/json; charset=utf-8', 'Transfer-Encoding': 'chunked', 'Connection': 'keep-alive', 'X-Powered-By': 'Express', 'Access-Control-Allow-Origin': '*', 'Cache-Control': 'no-cache', 'ETag': 'W/"488-w1d45hZ7r2cDHb82+0+UJo9hgeY"', 'Vary': 'Accept-Encoding', 'Content-Encoding': 'gzip', 'CF-Cache-Status': 'DYNAMIC', 'Report-To': '{"endpoints":[{"url":"https:\\/\\/a.nel.cloudflare.com\\/report\\/v4?s=Z%2FDlSBcngeaMxhWTxgv%2Fqb%2F55uCrl7UUSgrU%2BruV6NzSy2Fzksy%2ByG0tmAouqjkGOId9OEnlFll%2FQQZMuXZbffOcnxLOGS7x1gRwpl%2B374khq%2B3w5NPlII4HgkRI44NF"}],"group":"cf-nel","max_age":604800}', 'NEL': '{"success_fraction":0,"report_to":"cf-nel","max_age":604800}', 'Server': 'cloudflare', 'CF-RAY': '870f17994f2228f8-ORD', 'alt-svc': 'h3=":443"; ma=86400'} 
 body={"results":[{"gender":"male","name":{"title":"Mr","first":"Beau","last":"Anderson"},"location":{"street":{"number":1491,"name":"Wairau Road"},"city":"Porirua","state":"Southland","country":"New Zealand","postcode":36750,"coordinates":{"latitude":"51.6796","longitude":"-176.2866"},"timezone":{"offset":"+4:00","description":"Abu Dhabi, Muscat, Baku, Tbilisi"}},"email":"beau.anderson@example.com","login":{"uuid":"20a2faa4-63a8-4e82-85e3-43180d1deecb","username":"whiteelephant372","password":"forrest","salt":"xoPI5HlW","md5":"905707392a1bc4987578e471ad6c1d28","sha1":"ea3edb6c7a72535101777e0683305928a3caf750","sha256":"061f07e845b6ee00400d888ab1cffea5bd5c68c7afdc360e5c531a05dc79d8ae"},"dob":{"date":"1957-02-02T20:02:59.915Z","age":67},"registered":{"date":"2004-07-08T16:49:13.482Z","age":19},"phone":"(081)-898-8799","cell":"(208)-371-1577","id":{"name":"","value":null},"picture":{"large":"https://randomuser.me/api/portraits/men/53.jpg","medium":"https://randomuser.me/api/portraits/med/men/53.jpg","thumbnail":"https://randomuser.me/api/portraits/thumb/men/53.jpg"},"nat":"NZ"}],"info":{"seed":"9f4154d0f497d182","results":1,"page":1,"version":"1.4"}} 
 </msg>
<msg time="2024-04-08T03:15:18.694525" level="INFO">/opt/hostedtoolcache/Python/3.12.2/x64/lib/python3.12/site-packages/urllib3/connectionpool.py:1103: InsecureRequestWarning: Unverified HTTPS request is being made to host 'randomuser.me'. Adding certificate verification is strongly advised. See: https://urllib3.readthedocs.io/en/latest/advanced-usage.html#tls-warnings
  warnings.warn(</msg>
<msg time="2024-04-08T03:15:18.694642" level="INFO">${response} = &lt;Response [200]&gt;</msg>
<var>${response}</var>
<arg>consultarAPI</arg>
<arg>/api</arg>
<doc>Sends a GET request on a previously created HTTP Session.</doc>
<status status="PASS" start="2024-04-08T03:15:18.600456" elapsed="0.094241"/>
</kw>
<kw name="Set Variable" owner="BuiltIn">
<msg time="2024-04-08T03:15:18.695698" level="INFO">${json_data} = {'results': [{'gender': 'male', 'name': {'title': 'Mr', 'first': 'Beau', 'last': 'Anderson'}, 'location': {'street': {'number': 1491, 'name': 'Wairau Road'}, 'city': 'Porirua', 'state': 'Southland', '...</msg>
<var>${json_data}</var>
<arg>${response.json()}</arg>
<doc>Returns the given values which can then be assigned to a variables.</doc>
<status status="PASS" start="2024-04-08T03:15:18.695151" elapsed="0.000575"/>
</kw>
<kw name="Set Variable" owner="BuiltIn">
<msg time="2024-04-08T03:15:18.696417" level="INFO">${name_title} = Mr</msg>
<var>${name_title}</var>
<arg>${json_data["results"][0]["name"]["title"]}</arg>
<doc>Returns the given values which can then be assigned to a variables.</doc>
<status status="PASS" start="2024-04-08T03:15:18.696032" elapsed="0.000410"/>
</kw>
<kw name="Create List" owner="BuiltIn">
<msg time="2024-04-08T03:15:18.696887" level="INFO">${allowed_titles} = ['Mr', 'Ms', 'Miss', 'Mrs', 'Madame', 'Monsieur']</msg>
<var>${allowed_titles}</var>
<arg>Mr</arg>
<arg>Ms</arg>
<arg>Miss</arg>
<arg>Mrs</arg>
<arg>Madame</arg>
<arg>Monsieur</arg>
<doc>Returns a list containing given items.</doc>
<status status="PASS" start="2024-04-08T03:15:18.696737" elapsed="0.000174"/>
</kw>
<kw name="List Should Contain Value" owner="Collections">
<msg time="2024-04-08T03:15:18.697382" level="INFO">False</msg>
<arg>${allowed_titles}</arg>
<arg>${name_title}</arg>
<doc>Fails if the ``value`` is not found from ``list``.</doc>
<status status="PASS" start="2024-04-08T03:15:18.697213" elapsed="0.000207"/>
</kw>
<kw name="Set Variable" owner="BuiltIn">
<msg time="2024-04-08T03:15:18.698074" level="INFO">${name_country} = NZ</msg>
<var>${name_country}</var>
<arg>${json_data["results"][0]["nat"]}</arg>
<doc>Returns the given values which can then be assigned to a variables.</doc>
<status status="PASS" start="2024-04-08T03:15:18.697705" elapsed="0.000393"/>
</kw>
<kw name="Create List" owner="BuiltIn">
<msg time="2024-04-08T03:15:18.699048" level="INFO">${list_country} = ['AD', 'AE', 'AF', 'AG', 'AI', 'AL', 'AM', 'AO', 'AQ', 'AR', 'AS', 'AT', 'AU', 'AW', 'AX', 'AZ', 'BA', 'BB', 'BD', 'BE', 'BF', 'BG', 'BH', 'BI', 'BJ', 'BL', 'BM', 'BN', 'BO', 'BQ', 'BR', 'BS', 'BT', '...</msg>
<var>${list_country}</var>
<arg>AD</arg>
<arg>AE</arg>
<arg>AF</arg>
<arg>AG</arg>
<arg>AI</arg>
<arg>AL</arg>
<arg>AM</arg>
<arg>AO</arg>
<arg>AQ</arg>
<arg>AR</arg>
<arg>AS</arg>
<arg>AT</arg>
<arg>AU</arg>
<arg>AW</arg>
<arg>AX</arg>
<arg>AZ</arg>
<arg>BA</arg>
<arg>BB</arg>
<arg>BD</arg>
<arg>BE</arg>
<arg>BF</arg>
<arg>BG</arg>
<arg>BH</arg>
<arg>BI</arg>
<arg>BJ</arg>
<arg>BL</arg>
<arg>BM</arg>
<arg>BN</arg>
<arg>BO</arg>
<arg>BQ</arg>
<arg>BR</arg>
<arg>BS</arg>
<arg>BT</arg>
<arg>BV</arg>
<arg>BW</arg>
<arg>BY</arg>
<arg>BZ</arg>
<arg>CA</arg>
<arg>CC</arg>
<arg>CD</arg>
<arg>CF</arg>
<arg>CG</arg>
<arg>CH</arg>
<arg>CI</arg>
<arg>CK</arg>
<arg>CL</arg>
<arg>CM</arg>
<arg>CN</arg>
<arg>CO</arg>
<arg>CR</arg>
<arg>CU</arg>
<arg>CV</arg>
<arg>CW</arg>
<arg>CX</arg>
<arg>CY</arg>
<arg>CZ</arg>
<arg>DE</arg>
<arg>DJ</arg>
<arg>DK</arg>
<arg>DM</arg>
<arg>DO</arg>
<arg>DZ</arg>
<arg>EC</arg>
<arg>EE</arg>
<arg>EG</arg>
<arg>EH</arg>
<arg>ER</arg>
<arg>ES</arg>
<arg>ET</arg>
<arg>FI</arg>
<arg>FJ</arg>
<arg>FK</arg>
<arg>FM</arg>
<arg>FO</arg>
<arg>FR</arg>
<arg>GA</arg>
<arg>GB</arg>
<arg>GD</arg>
<arg>GE</arg>
<arg>GF</arg>
<arg>GG</arg>
<arg>GH</arg>
<arg>GI</arg>
<arg>GL</arg>
<arg>GM</arg>
<arg>GN</arg>
<arg>GP</arg>
<arg>GQ</arg>
<arg>GR</arg>
<arg>GS</arg>
<arg>GT</arg>
<arg>GU</arg>
<arg>GW</arg>
<arg>GY</arg>
<arg>HK</arg>
<arg>HM</arg>
<arg>HN</arg>
<arg>HR</arg>
<arg>HT</arg>
<arg>HU</arg>
<arg>ID</arg>
<arg>IE</arg>
<arg>IL</arg>
<arg>IM</arg>
<arg>IN</arg>
<arg>IO</arg>
<arg>IQ</arg>
<arg>IR</arg>
<arg>IS</arg>
<arg>IT</arg>
<arg>JE</arg>
<arg>JM</arg>
<arg>JO</arg>
<arg>JP</arg>
<arg>KE</arg>
<arg>KG</arg>
<arg>KH</arg>
<arg>KI</arg>
<arg>KM</arg>
<arg>KN</arg>
<arg>KP</arg>
<arg>KR</arg>
<arg>KW</arg>
<arg>KY</arg>
<arg>KZ</arg>
<arg>LA</arg>
<arg>LB</arg>
<arg>LC</arg>
<arg>LI</arg>
<arg>LK</arg>
<arg>LR</arg>
<arg>LS</arg>
<arg>LT</arg>
<arg>LU</arg>
<arg>LV</arg>
<arg>LY</arg>
<arg>MA</arg>
<arg>MC</arg>
<arg>MD</arg>
<arg>ME</arg>
<arg>MF</arg>
<arg>MG</arg>
<arg>MH</arg>
<arg>MK</arg>
<arg>ML</arg>
<arg>MM</arg>
<arg>MN</arg>
<arg>MO</arg>
<arg>MP</arg>
<arg>MQ</arg>
<arg>MR</arg>
<arg>MS</arg>
<arg>MT</arg>
<arg>MU</arg>
<arg>MV</arg>
<arg>MW</arg>
<arg>MX</arg>
<arg>MY</arg>
<arg>MZ</arg>
<arg>NA</arg>
<arg>NC</arg>
<arg>NE</arg>
<arg>NF</arg>
<arg>NG</arg>
<arg>NI</arg>
<arg>NL</arg>
<arg>NO</arg>
<arg>NP</arg>
<arg>NR</arg>
<arg>NU</arg>
<arg>NZ</arg>
<arg>OM</arg>
<arg>PA</arg>
<arg>PE</arg>
<arg>PF</arg>
<arg>PG</arg>
<arg>PH</arg>
<arg>PK</arg>
<arg>PL</arg>
<arg>PM</arg>
<arg>PN</arg>
<arg>PR</arg>
<arg>PS</arg>
<arg>PT</arg>
<arg>PW</arg>
<arg>PY</arg>
<arg>QA</arg>
<arg>RE</arg>
<arg>RO</arg>
<arg>RS</arg>
<arg>RU</arg>
<arg>RW</arg>
<arg>SA</arg>
<arg>SB</arg>
<arg>SC</arg>
<arg>SD</arg>
<arg>SE</arg>
<arg>SG</arg>
<arg>SH</arg>
<arg>SI</arg>
<arg>SJ</arg>
<arg>SK</arg>
<arg>SL</arg>
<arg>SM</arg>
<arg>SN</arg>
<arg>SO</arg>
<arg>SR</arg>
<arg>SS</arg>
<arg>ST</arg>
<arg>SV</arg>
<arg>SX</arg>
<arg>SY</arg>
<arg>SZ</arg>
<arg>TC</arg>
<arg>TD</arg>
<arg>TF</arg>
<arg>TG</arg>
<arg>TH</arg>
<arg>TJ</arg>
<arg>TK</arg>
<arg>TL</arg>
<arg>TM</arg>
<arg>TN</arg>
<arg>TO</arg>
<arg>TR</arg>
<arg>TT</arg>
<arg>TV</arg>
<arg>TW</arg>
<arg>TZ</arg>
<arg>UA</arg>
<arg>UG</arg>
<arg>UM</arg>
<arg>US</arg>
<arg>UY</arg>
<arg>UZ</arg>
<arg>VA</arg>
<arg>VC</arg>
<arg>VE</arg>
<arg>VG</arg>
<arg>VI</arg>
<arg>VN</arg>
<arg>VU</arg>
<arg>WF</arg>
<arg>WS</arg>
<arg>XK</arg>
<arg>YE</arg>
<arg>YT</arg>
<arg>ZA</arg>
<arg>ZM</arg>
<arg>ZW</arg>
<doc>Returns a list containing given items.</doc>
<status status="PASS" start="2024-04-08T03:15:18.698444" elapsed="0.000629"/>
</kw>
<kw name="List Should Contain Value" owner="Collections">
<msg time="2024-04-08T03:15:18.700056" level="INFO">False</msg>
<arg>${list_country}</arg>
<arg>${name_country}</arg>
<doc>Fails if the ``value`` is not found from ``list``.</doc>
<status status="PASS" start="2024-04-08T03:15:18.699855" elapsed="0.000238"/>
</kw>
<kw name="Run Keyword If" owner="BuiltIn">
<kw name="Should Be True" owner="BuiltIn">
<arg>${True}</arg>
<doc>Fails if the given condition is not true.</doc>
<status status="PASS" start="2024-04-08T03:15:18.701251" elapsed="0.000146"/>
</kw>
<arg>${json_data["results"][0]["location"]["coordinates"]["latitude"]} &gt;= -90 and ${json_data["results"][0]["location"]["coordinates"]["latitude"]} &lt;= 90</arg>
<arg>Should Be True</arg>
<arg>${True}</arg>
<doc>Runs the given keyword with the given arguments, if ``condition`` is true.</doc>
<status status="PASS" start="2024-04-08T03:15:18.700397" elapsed="0.001129"/>
</kw>
<kw name="Run Keyword If" owner="BuiltIn">
<kw name="Should Be True" owner="BuiltIn">
<arg>${True}</arg>
<doc>Fails if the given condition is not true.</doc>
<status status="PASS" start="2024-04-08T03:15:18.702434" elapsed="0.000141"/>
</kw>
<arg>${json_data["results"][0]["location"]["coordinates"]["longitude"]} &gt;= -180 and ${json_data["results"][0]["location"]["coordinates"]["longitude"]} &lt;= 180</arg>
<arg>Should Be True</arg>
<arg>${True}</arg>
<doc>Runs the given keyword with the given arguments, if ``condition`` is true.</doc>
<status status="PASS" start="2024-04-08T03:15:18.701711" elapsed="0.000989"/>
</kw>
<status status="PASS" start="2024-04-08T03:15:18.600155" elapsed="0.102674"/>
</kw>
<doc>Testa o conteúdo específico dos campos retornados pela API.</doc>
<tag>testeConteudo</tag>
<status status="PASS" start="2024-04-08T03:15:18.599606" elapsed="0.103370"/>
</test>
<status status="PASS" start="2024-04-08T03:15:17.627678" elapsed="1.077211"/>
</suite>
<status status="PASS" start="2024-04-08T03:15:17.613872" elapsed="1.096285"/>
</suite>
<statistics>
<total>
<stat pass="5" fail="0" skip="0">All Tests</stat>
</total>
<tag>
<stat pass="1" fail="0" skip="0">testeConteudo</stat>
<stat pass="1" fail="0" skip="0">testeEstruturaResposta</stat>
<stat pass="1" fail="0" skip="0">testeRequisicaoBasica</stat>
<stat pass="1" fail="0" skip="0">testeTiposDados</stat>
</tag>
<suite>
<stat pass="5" fail="0" skip="0" id="s1" name="Tests">Tests</stat>
<stat pass="5" fail="0" skip="0" id="s1-s1" name="Random-User-Test">Tests.Random-User-Test</stat>
</suite>
</statistics>
<errors>
</errors>
</robot>
