<?xml version="1.0" encoding="UTF-8"?>
<robot generator="Robot 7.0.1 (Python 3.12.4 on linux)" generated="2024-07-28T19:11:32.920814" rpa="false" schemaversion="5">
<suite id="s1" name="Tests" source="/home/runner/work/ApiRandomUser/ApiRandomUser/RamdonUser/tests">
<suite id="s1-s1" name="Random-User-Test" source="/home/runner/work/ApiRandomUser/ApiRandomUser/RamdonUser/tests/random-user-test.robot">
<test id="s1-s1-t1" name="Conectar" line="13">
<kw name="Conectar API" owner="random-user-service">
<kw name="Create Session" owner="RequestsLibrary">
<msg time="2024-07-28T19:11:33.320072" level="INFO">Creating Session using : alias=consultarAPI, url=https://randomuser.me/, headers={},                     cookies={}, auth=None, timeout=None, proxies=None, verify=False,                     debug=0 </msg>
<arg>consultarAPI</arg>
<arg>${URL}</arg>
<doc>Create Session: create a HTTP session to a server</doc>
<status status="PASS" start="2024-07-28T19:11:33.319871" elapsed="0.000376"/>
</kw>
<status status="PASS" start="2024-07-28T19:11:33.318849" elapsed="0.001755"/>
</kw>
<status status="PASS" start="2024-07-28T19:11:33.318203" elapsed="0.002599"/>
</test>
<test id="s1-s1-t2" name="Validar retorno 200 e JSON Válido" line="16">
<kw name="Teste de Requisicao Basica" owner="random-user-service">
<kw name="GET On Session" owner="RequestsLibrary">
<msg time="2024-07-28T19:11:33.549977" level="INFO">GET Request : url=https://randomuser.me/api 
 path_url=/api 
 headers={'User-Agent': 'python-requests/2.32.3', 'Accept-Encoding': 'gzip, deflate', 'Accept': '*/*', 'Connection': 'keep-alive'} 
 body=None 
 </msg>
<msg time="2024-07-28T19:11:33.550204" level="INFO">GET Response : url=https://randomuser.me/api 
 status=200, reason=OK 
 headers={'Date': 'Sun, 28 Jul 2024 19:11:33 GMT', 'Content-Type': 'application/json; charset=utf-8', 'Transfer-Encoding': 'chunked', 'Connection': 'keep-alive', 'X-Powered-By': 'Express', 'Access-Control-Allow-Origin': '*', 'Cache-Control': 'no-cache', 'ETag': 'W/"48e-kO4XDQXYFZNZbgGfzHcOXMSOQXo"', 'Vary': 'Accept-Encoding', 'Content-Encoding': 'gzip', 'CF-Cache-Status': 'DYNAMIC', 'Report-To': '{"endpoints":[{"url":"https:\\/\\/a.nel.cloudflare.com\\/report\\/v4?s=3QeHitB0pbEea7ErCxMTSpVH2oT3IgkI1a8CYiEsl0Q8SPf2tAWLDBtzN3wNXxqg0qlzMQ9pbaP%2BJiwVa73vBUXEBUQjZpE0q0cAIJxh1OtB5aYPrnTqzNjwS%2BRqZ0sL"}],"group":"cf-nel","max_age":604800}', 'NEL': '{"success_fraction":0,"report_to":"cf-nel","max_age":604800}', 'Server': 'cloudflare', 'CF-RAY': '8aa72cfa6bcd3b6b-IAD', 'alt-svc': 'h3=":443"; ma=86400'} 
 body={"results":[{"gender":"male","name":{"title":"Mr","first":"Hudson","last":"Knight"},"location":{"street":{"number":1925,"name":"Stanley Way"},"city":"Stratford","state":"Ontario","country":"Canada","postcode":"M0B 7S8","coordinates":{"latitude":"-69.9732","longitude":"-101.4622"},"timezone":{"offset":"+8:00","description":"Beijing, Perth, Singapore, Hong Kong"}},"email":"hudson.knight@example.com","login":{"uuid":"67d3edad-42c7-429a-bf4a-63a660ce9f70","username":"crazymouse485","password":"windsor","salt":"skVDiJQ0","md5":"a0d723cd39d3ce72bb40ad8e1ea52e5f","sha1":"ded8f7e017ede2eaf341350407748e90a0df2b12","sha256":"e6f95a04b45ef0c6e32709bc0662bf275b8c1c0344a930eb8d2b631d166fed75"},"dob":{"date":"1957-10-09T14:43:07.013Z","age":66},"registered":{"date":"2015-04-13T23:16:25.405Z","age":9},"phone":"K07 W69-4065","cell":"Z72 Q02-3941","id":{"name":"SIN","value":"768818254"},"picture":{"large":"https://randomuser.me/api/portraits/men/37.jpg","medium":"https://randomuser.me/api/portraits/med/men/37.jpg","thumbnail":"https://randomuser.me/api/portraits/thumb/men/37.jpg"},"nat":"CA"}],"info":{"seed":"5e9ff38c1edd5938","results":1,"page":1,"version":"1.4"}} 
 </msg>
<msg time="2024-07-28T19:11:33.550324" level="INFO">/opt/hostedtoolcache/Python/3.12.4/x64/lib/python3.12/site-packages/urllib3/connectionpool.py:1099: InsecureRequestWarning: Unverified HTTPS request is being made to host 'randomuser.me'. Adding certificate verification is strongly advised. See: https://urllib3.readthedocs.io/en/latest/advanced-usage.html#tls-warnings
  warnings.warn(</msg>
<msg time="2024-07-28T19:11:33.550492" level="INFO">${response} = &lt;Response [200]&gt;</msg>
<var>${response}</var>
<arg>consultarAPI</arg>
<arg>/api</arg>
<doc>Sends a GET request on a previously created HTTP Session.</doc>
<status status="PASS" start="2024-07-28T19:11:33.323495" elapsed="0.227038"/>
</kw>
<kw name="Should Be Equal As Numbers" owner="BuiltIn">
<msg time="2024-07-28T19:11:33.551481" level="INFO">Argument types are:
&lt;class 'int'&gt;
&lt;class 'str'&gt;</msg>
<arg>${response.status_code}</arg>
<arg>200</arg>
<doc>Fails if objects are unequal after converting them to real numbers.</doc>
<status status="PASS" start="2024-07-28T19:11:33.551033" elapsed="0.000512"/>
</kw>
<kw name="Log" owner="BuiltIn">
<msg time="2024-07-28T19:11:33.552229" level="INFO">200</msg>
<arg>${response.status_code}</arg>
<doc>Logs the given message with the given level.</doc>
<status status="PASS" start="2024-07-28T19:11:33.551870" elapsed="0.000401"/>
</kw>
<kw name="Set Variable" owner="BuiltIn">
<msg time="2024-07-28T19:11:33.553007" level="INFO">${json_data} = {'results': [{'gender': 'male', 'name': {'title': 'Mr', 'first': 'Hudson', 'last': 'Knight'}, 'location': {'street': {'number': 1925, 'name': 'Stanley Way'}, 'city': 'Stratford', 'state': 'Ontario', '...</msg>
<var>${json_data}</var>
<arg>${response.json()}</arg>
<doc>Returns the given values which can then be assigned to a variables.</doc>
<status status="PASS" start="2024-07-28T19:11:33.552576" elapsed="0.000459"/>
</kw>
<kw name="Dictionary Should Contain Key" owner="Collections">
<arg>${json_data}</arg>
<arg>results</arg>
<doc>Fails if ``key`` is not found from ``dictionary``.</doc>
<status status="PASS" start="2024-07-28T19:11:33.553339" elapsed="0.000315"/>
</kw>
<status status="PASS" start="2024-07-28T19:11:33.323246" elapsed="0.230565"/>
</kw>
<doc>Testa se a API responde corretamente e retorna um objeto JSON válido.</doc>
<tag>testeRequisicaoBasica</tag>
<status status="PASS" start="2024-07-28T19:11:33.322674" elapsed="0.231310"/>
</test>
<test id="s1-s1-t3" name="Validar estrutura de resposta" line="22">
<kw name="Teste de Estrutura de Resposta" owner="random-user-service">
<kw name="GET On Session" owner="RequestsLibrary">
<msg time="2024-07-28T19:11:33.647595" level="INFO">GET Request : url=https://randomuser.me/api 
 path_url=/api 
 headers={'User-Agent': 'python-requests/2.32.3', 'Accept-Encoding': 'gzip, deflate', 'Accept': '*/*', 'Connection': 'keep-alive'} 
 body=None 
 </msg>
<msg time="2024-07-28T19:11:33.647661" level="INFO">GET Response : url=https://randomuser.me/api 
 status=200, reason=OK 
 headers={'Date': 'Sun, 28 Jul 2024 19:11:33 GMT', 'Content-Type': 'application/json; charset=utf-8', 'Transfer-Encoding': 'chunked', 'Connection': 'keep-alive', 'X-Powered-By': 'Express', 'Access-Control-Allow-Origin': '*', 'Cache-Control': 'no-cache', 'ETag': 'W/"48c-WFUnZsm7il4ExBLWnPk5MpHtlaY"', 'Vary': 'Accept-Encoding', 'Content-Encoding': 'gzip', 'CF-Cache-Status': 'DYNAMIC', 'Report-To': '{"endpoints":[{"url":"https:\\/\\/a.nel.cloudflare.com\\/report\\/v4?s=L0M9fbuXK2DO2Jsn8LStTzWIuePK6PUdKIqNewvhZ2MLnIhk2g7%2Fl8lEbBk2mVkDKnmEQsbL05bUMSptezZy47CDeZrokcDVhwbMkeyNH4Ks7qaKYbuR5kJp5Y4phffe"}],"group":"cf-nel","max_age":604800}', 'NEL': '{"success_fraction":0,"report_to":"cf-nel","max_age":604800}', 'Server': 'cloudflare', 'CF-RAY': '8aa72cfabc373b6b-IAD', 'alt-svc': 'h3=":443"; ma=86400'} 
 body={"results":[{"gender":"female","name":{"title":"Ms","first":"Zoya","last":"Gornostay"},"location":{"street":{"number":2297,"name":"Turivskiy provulok"},"city":"Kerch","state":"Kiyivska","country":"Ukraine","postcode":21285,"coordinates":{"latitude":"74.3075","longitude":"102.5098"},"timezone":{"offset":"+1:00","description":"Brussels, Copenhagen, Madrid, Paris"}},"email":"zoya.gornostay@example.com","login":{"uuid":"53e73e66-2f99-4c16-8977-04ba829a716d","username":"heavybird351","password":"jeep","salt":"0KLUgAXL","md5":"ac6e58b99f0d0d898b3760c65c71a094","sha1":"779d9f5bfae1073161d90bb8e9dd708193eb9fd7","sha256":"6c4ee27810cdc9c0010197777424ae91e47d07363553c3639393f0a58de76dad"},"dob":{"date":"1986-05-28T01:12:54.420Z","age":38},"registered":{"date":"2015-12-29T03:35:36.664Z","age":8},"phone":"(067) O64-0483","cell":"(066) C38-2385","id":{"name":"","value":null},"picture":{"large":"https://randomuser.me/api/portraits/women/52.jpg","medium":"https://randomuser.me/api/portraits/med/women/52.jpg","thumbnail":"https://randomuser.me/api/portraits/thumb/women/52.jpg"},"nat":"UA"}],"info":{"seed":"dd034ad24352a4d7","results":1,"page":1,"version":"1.4"}} 
 </msg>
<msg time="2024-07-28T19:11:33.647758" level="INFO">/opt/hostedtoolcache/Python/3.12.4/x64/lib/python3.12/site-packages/urllib3/connectionpool.py:1099: InsecureRequestWarning: Unverified HTTPS request is being made to host 'randomuser.me'. Adding certificate verification is strongly advised. See: https://urllib3.readthedocs.io/en/latest/advanced-usage.html#tls-warnings
  warnings.warn(</msg>
<msg time="2024-07-28T19:11:33.647851" level="INFO">${response} = &lt;Response [200]&gt;</msg>
<var>${response}</var>
<arg>consultarAPI</arg>
<arg>/api</arg>
<doc>Sends a GET request on a previously created HTTP Session.</doc>
<status status="PASS" start="2024-07-28T19:11:33.556996" elapsed="0.090897"/>
</kw>
<kw name="Set Variable" owner="BuiltIn">
<msg time="2024-07-28T19:11:33.648956" level="INFO">${json_data} = {'results': [{'gender': 'female', 'name': {'title': 'Ms', 'first': 'Zoya', 'last': 'Gornostay'}, 'location': {'street': {'number': 2297, 'name': 'Turivskiy provulok'}, 'city': 'Kerch', 'state': 'Kiyiv...</msg>
<var>${json_data}</var>
<arg>${response.json()}</arg>
<doc>Returns the given values which can then be assigned to a variables.</doc>
<status status="PASS" start="2024-07-28T19:11:33.648378" elapsed="0.000607"/>
</kw>
<kw name="Log" owner="BuiltIn">
<msg time="2024-07-28T19:11:33.649447" level="INFO">{'results': [{'gender': 'female', 'name': {'title': 'Ms', 'first': 'Zoya', 'last': 'Gornostay'}, 'location': {'street': {'number': 2297, 'name': 'Turivskiy provulok'}, 'city': 'Kerch', 'state': 'Kiyivska', 'country': 'Ukraine', 'postcode': 21285, 'coordinates': {'latitude': '74.3075', 'longitude': '102.5098'}, 'timezone': {'offset': '+1:00', 'description': 'Brussels, Copenhagen, Madrid, Paris'}}, 'email': 'zoya.gornostay@example.com', 'login': {'uuid': '53e73e66-2f99-4c16-8977-04ba829a716d', 'username': 'heavybird351', 'password': 'jeep', 'salt': '0KLUgAXL', 'md5': 'ac6e58b99f0d0d898b3760c65c71a094', 'sha1': '779d9f5bfae1073161d90bb8e9dd708193eb9fd7', 'sha256': '6c4ee27810cdc9c0010197777424ae91e47d07363553c3639393f0a58de76dad'}, 'dob': {'date': '1986-05-28T01:12:54.420Z', 'age': 38}, 'registered': {'date': '2015-12-29T03:35:36.664Z', 'age': 8}, 'phone': '(067) O64-0483', 'cell': '(066) C38-2385', 'id': {'name': '', 'value': None}, 'picture': {'large': 'https://randomuser.me/api/portraits/women/52.jpg', 'medium': 'https://randomuser.me/api/portraits/med/women/52.jpg', 'thumbnail': 'https://randomuser.me/api/portraits/thumb/women/52.jpg'}, 'nat': 'UA'}], 'info': {'seed': 'dd034ad24352a4d7', 'results': 1, 'page': 1, 'version': '1.4'}}</msg>
<arg>${json_data}</arg>
<doc>Logs the given message with the given level.</doc>
<status status="PASS" start="2024-07-28T19:11:33.649291" elapsed="0.000208"/>
</kw>
<kw name="Dictionary Should Contain Key" owner="Collections">
<arg>${json_data}</arg>
<arg>results</arg>
<doc>Fails if ``key`` is not found from ``dictionary``.</doc>
<status status="PASS" start="2024-07-28T19:11:33.649789" elapsed="0.000156"/>
</kw>
<kw name="Should Not Be Empty" owner="BuiltIn">
<msg time="2024-07-28T19:11:33.650258" level="INFO">Length is 2.</msg>
<arg>${json_data}</arg>
<doc>Verifies that the given item is not empty.</doc>
<status status="PASS" start="2024-07-28T19:11:33.650130" elapsed="0.000170"/>
</kw>
<kw name="Create List" owner="BuiltIn">
<msg time="2024-07-28T19:11:33.650770" level="INFO">${expected_keys} = ['gender', 'name', 'location', 'email', 'login']</msg>
<var>${expected_keys}</var>
<arg>gender</arg>
<arg>name</arg>
<arg>location</arg>
<arg>email</arg>
<arg>login</arg>
<doc>Returns a list containing given items.</doc>
<status status="PASS" start="2024-07-28T19:11:33.650587" elapsed="0.000216"/>
</kw>
<for flavor="IN">
<iter>
<kw name="Dictionary Should Contain Key" owner="Collections">
<arg>${json_data['results'][0]}</arg>
<arg>${key}</arg>
<doc>Fails if ``key`` is not found from ``dictionary``.</doc>
<status status="PASS" start="2024-07-28T19:11:33.651379" elapsed="0.000412"/>
</kw>
<kw name="Log" owner="BuiltIn">
<msg time="2024-07-28T19:11:33.652332" level="INFO">{'gender': 'female', 'name': {'title': 'Ms', 'first': 'Zoya', 'last': 'Gornostay'}, 'location': {'street': {'number': 2297, 'name': 'Turivskiy provulok'}, 'city': 'Kerch', 'state': 'Kiyivska', 'country': 'Ukraine', 'postcode': 21285, 'coordinates': {'latitude': '74.3075', 'longitude': '102.5098'}, 'timezone': {'offset': '+1:00', 'description': 'Brussels, Copenhagen, Madrid, Paris'}}, 'email': 'zoya.gornostay@example.com', 'login': {'uuid': '53e73e66-2f99-4c16-8977-04ba829a716d', 'username': 'heavybird351', 'password': 'jeep', 'salt': '0KLUgAXL', 'md5': 'ac6e58b99f0d0d898b3760c65c71a094', 'sha1': '779d9f5bfae1073161d90bb8e9dd708193eb9fd7', 'sha256': '6c4ee27810cdc9c0010197777424ae91e47d07363553c3639393f0a58de76dad'}, 'dob': {'date': '1986-05-28T01:12:54.420Z', 'age': 38}, 'registered': {'date': '2015-12-29T03:35:36.664Z', 'age': 8}, 'phone': '(067) O64-0483', 'cell': '(066) C38-2385', 'id': {'name': '', 'value': None}, 'picture': {'large': 'https://randomuser.me/api/portraits/women/52.jpg', 'medium': 'https://randomuser.me/api/portraits/med/women/52.jpg', 'thumbnail': 'https://randomuser.me/api/portraits/thumb/women/52.jpg'}, 'nat': 'UA'}</msg>
<arg>${json_data['results'][0]}</arg>
<doc>Logs the given message with the given level.</doc>
<status status="PASS" start="2024-07-28T19:11:33.651978" elapsed="0.000404"/>
</kw>
<kw name="Log" owner="BuiltIn">
<msg time="2024-07-28T19:11:33.652826" level="INFO">gender</msg>
<arg>${key}</arg>
<doc>Logs the given message with the given level.</doc>
<status status="PASS" start="2024-07-28T19:11:33.652681" elapsed="0.000184"/>
</kw>
<var name="${key}">gender</var>
<status status="PASS" start="2024-07-28T19:11:33.651254" elapsed="0.001844"/>
</iter>
<iter>
<kw name="Dictionary Should Contain Key" owner="Collections">
<arg>${json_data['results'][0]}</arg>
<arg>${key}</arg>
<doc>Fails if ``key`` is not found from ``dictionary``.</doc>
<status status="PASS" start="2024-07-28T19:11:33.653396" elapsed="0.000385"/>
</kw>
<kw name="Log" owner="BuiltIn">
<msg time="2024-07-28T19:11:33.654322" level="INFO">{'gender': 'female', 'name': {'title': 'Ms', 'first': 'Zoya', 'last': 'Gornostay'}, 'location': {'street': {'number': 2297, 'name': 'Turivskiy provulok'}, 'city': 'Kerch', 'state': 'Kiyivska', 'country': 'Ukraine', 'postcode': 21285, 'coordinates': {'latitude': '74.3075', 'longitude': '102.5098'}, 'timezone': {'offset': '+1:00', 'description': 'Brussels, Copenhagen, Madrid, Paris'}}, 'email': 'zoya.gornostay@example.com', 'login': {'uuid': '53e73e66-2f99-4c16-8977-04ba829a716d', 'username': 'heavybird351', 'password': 'jeep', 'salt': '0KLUgAXL', 'md5': 'ac6e58b99f0d0d898b3760c65c71a094', 'sha1': '779d9f5bfae1073161d90bb8e9dd708193eb9fd7', 'sha256': '6c4ee27810cdc9c0010197777424ae91e47d07363553c3639393f0a58de76dad'}, 'dob': {'date': '1986-05-28T01:12:54.420Z', 'age': 38}, 'registered': {'date': '2015-12-29T03:35:36.664Z', 'age': 8}, 'phone': '(067) O64-0483', 'cell': '(066) C38-2385', 'id': {'name': '', 'value': None}, 'picture': {'large': 'https://randomuser.me/api/portraits/women/52.jpg', 'medium': 'https://randomuser.me/api/portraits/med/women/52.jpg', 'thumbnail': 'https://randomuser.me/api/portraits/thumb/women/52.jpg'}, 'nat': 'UA'}</msg>
<arg>${json_data['results'][0]}</arg>
<doc>Logs the given message with the given level.</doc>
<status status="PASS" start="2024-07-28T19:11:33.653966" elapsed="0.000438"/>
</kw>
<kw name="Log" owner="BuiltIn">
<msg time="2024-07-28T19:11:33.654848" level="INFO">name</msg>
<arg>${key}</arg>
<doc>Logs the given message with the given level.</doc>
<status status="PASS" start="2024-07-28T19:11:33.654701" elapsed="0.000185"/>
</kw>
<var name="${key}">name</var>
<status status="PASS" start="2024-07-28T19:11:33.653286" elapsed="0.001818"/>
</iter>
<iter>
<kw name="Dictionary Should Contain Key" owner="Collections">
<arg>${json_data['results'][0]}</arg>
<arg>${key}</arg>
<doc>Fails if ``key`` is not found from ``dictionary``.</doc>
<status status="PASS" start="2024-07-28T19:11:33.655386" elapsed="0.000380"/>
</kw>
<kw name="Log" owner="BuiltIn">
<msg time="2024-07-28T19:11:33.656302" level="INFO">{'gender': 'female', 'name': {'title': 'Ms', 'first': 'Zoya', 'last': 'Gornostay'}, 'location': {'street': {'number': 2297, 'name': 'Turivskiy provulok'}, 'city': 'Kerch', 'state': 'Kiyivska', 'country': 'Ukraine', 'postcode': 21285, 'coordinates': {'latitude': '74.3075', 'longitude': '102.5098'}, 'timezone': {'offset': '+1:00', 'description': 'Brussels, Copenhagen, Madrid, Paris'}}, 'email': 'zoya.gornostay@example.com', 'login': {'uuid': '53e73e66-2f99-4c16-8977-04ba829a716d', 'username': 'heavybird351', 'password': 'jeep', 'salt': '0KLUgAXL', 'md5': 'ac6e58b99f0d0d898b3760c65c71a094', 'sha1': '779d9f5bfae1073161d90bb8e9dd708193eb9fd7', 'sha256': '6c4ee27810cdc9c0010197777424ae91e47d07363553c3639393f0a58de76dad'}, 'dob': {'date': '1986-05-28T01:12:54.420Z', 'age': 38}, 'registered': {'date': '2015-12-29T03:35:36.664Z', 'age': 8}, 'phone': '(067) O64-0483', 'cell': '(066) C38-2385', 'id': {'name': '', 'value': None}, 'picture': {'large': 'https://randomuser.me/api/portraits/women/52.jpg', 'medium': 'https://randomuser.me/api/portraits/med/women/52.jpg', 'thumbnail': 'https://randomuser.me/api/portraits/thumb/women/52.jpg'}, 'nat': 'UA'}</msg>
<arg>${json_data['results'][0]}</arg>
<doc>Logs the given message with the given level.</doc>
<status status="PASS" start="2024-07-28T19:11:33.655954" elapsed="0.000405"/>
</kw>
<kw name="Log" owner="BuiltIn">
<msg time="2024-07-28T19:11:33.656798" level="INFO">location</msg>
<arg>${key}</arg>
<doc>Logs the given message with the given level.</doc>
<status status="PASS" start="2024-07-28T19:11:33.656651" elapsed="0.000186"/>
</kw>
<var name="${key}">location</var>
<status status="PASS" start="2024-07-28T19:11:33.655280" elapsed="0.001783"/>
</iter>
<iter>
<kw name="Dictionary Should Contain Key" owner="Collections">
<arg>${json_data['results'][0]}</arg>
<arg>${key}</arg>
<doc>Fails if ``key`` is not found from ``dictionary``.</doc>
<status status="PASS" start="2024-07-28T19:11:33.657341" elapsed="0.000390"/>
</kw>
<kw name="Log" owner="BuiltIn">
<msg time="2024-07-28T19:11:33.658379" level="INFO">{'gender': 'female', 'name': {'title': 'Ms', 'first': 'Zoya', 'last': 'Gornostay'}, 'location': {'street': {'number': 2297, 'name': 'Turivskiy provulok'}, 'city': 'Kerch', 'state': 'Kiyivska', 'country': 'Ukraine', 'postcode': 21285, 'coordinates': {'latitude': '74.3075', 'longitude': '102.5098'}, 'timezone': {'offset': '+1:00', 'description': 'Brussels, Copenhagen, Madrid, Paris'}}, 'email': 'zoya.gornostay@example.com', 'login': {'uuid': '53e73e66-2f99-4c16-8977-04ba829a716d', 'username': 'heavybird351', 'password': 'jeep', 'salt': '0KLUgAXL', 'md5': 'ac6e58b99f0d0d898b3760c65c71a094', 'sha1': '779d9f5bfae1073161d90bb8e9dd708193eb9fd7', 'sha256': '6c4ee27810cdc9c0010197777424ae91e47d07363553c3639393f0a58de76dad'}, 'dob': {'date': '1986-05-28T01:12:54.420Z', 'age': 38}, 'registered': {'date': '2015-12-29T03:35:36.664Z', 'age': 8}, 'phone': '(067) O64-0483', 'cell': '(066) C38-2385', 'id': {'name': '', 'value': None}, 'picture': {'large': 'https://randomuser.me/api/portraits/women/52.jpg', 'medium': 'https://randomuser.me/api/portraits/med/women/52.jpg', 'thumbnail': 'https://randomuser.me/api/portraits/thumb/women/52.jpg'}, 'nat': 'UA'}</msg>
<arg>${json_data['results'][0]}</arg>
<doc>Logs the given message with the given level.</doc>
<status status="PASS" start="2024-07-28T19:11:33.658025" elapsed="0.000400"/>
</kw>
<kw name="Log" owner="BuiltIn">
<msg time="2024-07-28T19:11:33.658882" level="INFO">email</msg>
<arg>${key}</arg>
<doc>Logs the given message with the given level.</doc>
<status status="PASS" start="2024-07-28T19:11:33.658718" elapsed="0.000203"/>
</kw>
<var name="${key}">email</var>
<status status="PASS" start="2024-07-28T19:11:33.657235" elapsed="0.001902"/>
</iter>
<iter>
<kw name="Dictionary Should Contain Key" owner="Collections">
<arg>${json_data['results'][0]}</arg>
<arg>${key}</arg>
<doc>Fails if ``key`` is not found from ``dictionary``.</doc>
<status status="PASS" start="2024-07-28T19:11:33.659417" elapsed="0.000375"/>
</kw>
<kw name="Log" owner="BuiltIn">
<msg time="2024-07-28T19:11:33.660316" level="INFO">{'gender': 'female', 'name': {'title': 'Ms', 'first': 'Zoya', 'last': 'Gornostay'}, 'location': {'street': {'number': 2297, 'name': 'Turivskiy provulok'}, 'city': 'Kerch', 'state': 'Kiyivska', 'country': 'Ukraine', 'postcode': 21285, 'coordinates': {'latitude': '74.3075', 'longitude': '102.5098'}, 'timezone': {'offset': '+1:00', 'description': 'Brussels, Copenhagen, Madrid, Paris'}}, 'email': 'zoya.gornostay@example.com', 'login': {'uuid': '53e73e66-2f99-4c16-8977-04ba829a716d', 'username': 'heavybird351', 'password': 'jeep', 'salt': '0KLUgAXL', 'md5': 'ac6e58b99f0d0d898b3760c65c71a094', 'sha1': '779d9f5bfae1073161d90bb8e9dd708193eb9fd7', 'sha256': '6c4ee27810cdc9c0010197777424ae91e47d07363553c3639393f0a58de76dad'}, 'dob': {'date': '1986-05-28T01:12:54.420Z', 'age': 38}, 'registered': {'date': '2015-12-29T03:35:36.664Z', 'age': 8}, 'phone': '(067) O64-0483', 'cell': '(066) C38-2385', 'id': {'name': '', 'value': None}, 'picture': {'large': 'https://randomuser.me/api/portraits/women/52.jpg', 'medium': 'https://randomuser.me/api/portraits/med/women/52.jpg', 'thumbnail': 'https://randomuser.me/api/portraits/thumb/women/52.jpg'}, 'nat': 'UA'}</msg>
<arg>${json_data['results'][0]}</arg>
<doc>Logs the given message with the given level.</doc>
<status status="PASS" start="2024-07-28T19:11:33.659974" elapsed="0.000396"/>
</kw>
<kw name="Log" owner="BuiltIn">
<msg time="2024-07-28T19:11:33.660808" level="INFO">login</msg>
<arg>${key}</arg>
<doc>Logs the given message with the given level.</doc>
<status status="PASS" start="2024-07-28T19:11:33.660660" elapsed="0.000193"/>
</kw>
<var name="${key}">login</var>
<status status="PASS" start="2024-07-28T19:11:33.659310" elapsed="0.001788"/>
</iter>
<var>${key}</var>
<value>@{expected_keys}</value>
<status status="PASS" start="2024-07-28T19:11:33.651073" elapsed="0.010147"/>
</for>
<kw name="Create List" owner="BuiltIn">
<msg time="2024-07-28T19:11:33.661553" level="INFO">${expected_keysTwo} = ['username', 'password']</msg>
<var>${expected_keysTwo}</var>
<arg>username</arg>
<arg>password</arg>
<doc>Returns a list containing given items.</doc>
<status status="PASS" start="2024-07-28T19:11:33.661411" elapsed="0.000192"/>
</kw>
<for flavor="IN">
<iter>
<kw name="Dictionary Should Contain Key" owner="Collections">
<arg>${json_data['results'][0]['login']}</arg>
<arg>${keyTwo}</arg>
<doc>Fails if ``key`` is not found from ``dictionary``.</doc>
<status status="PASS" start="2024-07-28T19:11:33.662111" elapsed="0.000380"/>
</kw>
<kw name="Dictionary Should Contain Key" owner="Collections">
<arg>${json_data['results'][0]['login']}</arg>
<arg>${keyTwo}</arg>
<doc>Fails if ``key`` is not found from ``dictionary``.</doc>
<status status="PASS" start="2024-07-28T19:11:33.662672" elapsed="0.000397"/>
</kw>
<kw name="Log" owner="BuiltIn">
<msg time="2024-07-28T19:11:33.663365" level="INFO">username</msg>
<arg>${keyTwo}</arg>
<doc>Logs the given message with the given level.</doc>
<status status="PASS" start="2024-07-28T19:11:33.663247" elapsed="0.000155"/>
</kw>
<var name="${keyTwo}">username</var>
<status status="PASS" start="2024-07-28T19:11:33.662004" elapsed="0.001621"/>
</iter>
<iter>
<kw name="Dictionary Should Contain Key" owner="Collections">
<arg>${json_data['results'][0]['login']}</arg>
<arg>${keyTwo}</arg>
<doc>Fails if ``key`` is not found from ``dictionary``.</doc>
<status status="PASS" start="2024-07-28T19:11:33.663905" elapsed="0.000371"/>
</kw>
<kw name="Dictionary Should Contain Key" owner="Collections">
<arg>${json_data['results'][0]['login']}</arg>
<arg>${keyTwo}</arg>
<doc>Fails if ``key`` is not found from ``dictionary``.</doc>
<status status="PASS" start="2024-07-28T19:11:33.664452" elapsed="0.000365"/>
</kw>
<kw name="Log" owner="BuiltIn">
<msg time="2024-07-28T19:11:33.665114" level="INFO">password</msg>
<arg>${keyTwo}</arg>
<doc>Logs the given message with the given level.</doc>
<status status="PASS" start="2024-07-28T19:11:33.664990" elapsed="0.000161"/>
</kw>
<var name="${keyTwo}">password</var>
<status status="PASS" start="2024-07-28T19:11:33.663797" elapsed="0.001574"/>
</iter>
<var>${keyTwo}</var>
<value>@{expected_keysTwo}</value>
<status status="PASS" start="2024-07-28T19:11:33.661851" elapsed="0.003643"/>
</for>
<status status="PASS" start="2024-07-28T19:11:33.556657" elapsed="0.108975"/>
</kw>
<doc>Testa a estrutura da resposta da API.</doc>
<tag>testeEstruturaResposta</tag>
<status status="PASS" start="2024-07-28T19:11:33.555879" elapsed="0.109899"/>
</test>
<test id="s1-s1-t4" name="Validar tipos de dados" line="28">
<kw name="Teste de Tipos de Dados" owner="random-user-service">
<kw name="GET On Session" owner="RequestsLibrary">
<msg time="2024-07-28T19:11:33.744215" level="INFO">GET Request : url=https://randomuser.me/api 
 path_url=/api 
 headers={'User-Agent': 'python-requests/2.32.3', 'Accept-Encoding': 'gzip, deflate', 'Accept': '*/*', 'Connection': 'keep-alive'} 
 body=None 
 </msg>
<msg time="2024-07-28T19:11:33.744300" level="INFO">GET Response : url=https://randomuser.me/api 
 status=200, reason=OK 
 headers={'Date': 'Sun, 28 Jul 2024 19:11:33 GMT', 'Content-Type': 'application/json; charset=utf-8', 'Transfer-Encoding': 'chunked', 'Connection': 'keep-alive', 'X-Powered-By': 'Express', 'Access-Control-Allow-Origin': '*', 'Cache-Control': 'no-cache', 'ETag': 'W/"471-nyvg9frQ6UK3q7MfvkqJh2CLgGI"', 'Vary': 'Accept-Encoding', 'Content-Encoding': 'gzip', 'CF-Cache-Status': 'DYNAMIC', 'Report-To': '{"endpoints":[{"url":"https:\\/\\/a.nel.cloudflare.com\\/report\\/v4?s=2%2FZZbxPlFX%2Br0uh1x9A%2B673o%2Bg39OQcKb9zjczj%2BVveS0pfmwgKOumVwExZ98WnLYPY5CF8cNn%2BiEB%2Fc1YKeX41SRvb%2BDifQYhctuv4%2FuyZZ6hZ2Hi3YazXlvwWk3v9b"}],"group":"cf-nel","max_age":604800}', 'NEL': '{"success_fraction":0,"report_to":"cf-nel","max_age":604800}', 'Server': 'cloudflare', 'CF-RAY': '8aa72cfb6d183b6b-IAD', 'alt-svc': 'h3=":443"; ma=86400'} 
 body={"results":[{"gender":"male","name":{"title":"Mr","first":"آرش","last":"قاسمی"},"location":{"street":{"number":6773,"name":"کارگر"},"city":"یزد","state":"مازندران","country":"Iran","postcode":37722,"coordinates":{"latitude":"21.1510","longitude":"-19.6516"},"timezone":{"offset":"-1:00","description":"Azores, Cape Verde Islands"}},"email":"arsh.qsmy@example.com","login":{"uuid":"186aff94-e640-40ee-9bd4-21f121bffe70","username":"tinyfish230","password":"poppy","salt":"4Araa64J","md5":"d06aa893adfd67e545e5e41054776c1a","sha1":"cd4e40cc135e96eefd41be471f4fa82fe09533e3","sha256":"843dece4dc9f6b4ca6943997c304b3225e2b468d42338f138c2d260cbb695198"},"dob":{"date":"1950-06-23T20:30:16.839Z","age":74},"registered":{"date":"2022-05-21T11:15:13.354Z","age":2},"phone":"010-79994020","cell":"0910-168-8661","id":{"name":"","value":null},"picture":{"large":"https://randomuser.me/api/portraits/men/7.jpg","medium":"https://randomuser.me/api/portraits/med/men/7.jpg","thumbnail":"https://randomuser.me/api/portraits/thumb/men/7.jpg"},"nat":"IR"}],"info":{"seed":"99f1833a0370b853","results":1,"page":1,"version":"1.4"}} 
 </msg>
<msg time="2024-07-28T19:11:33.744379" level="INFO">/opt/hostedtoolcache/Python/3.12.4/x64/lib/python3.12/site-packages/urllib3/connectionpool.py:1099: InsecureRequestWarning: Unverified HTTPS request is being made to host 'randomuser.me'. Adding certificate verification is strongly advised. See: https://urllib3.readthedocs.io/en/latest/advanced-usage.html#tls-warnings
  warnings.warn(</msg>
<msg time="2024-07-28T19:11:33.744495" level="INFO">${response} = &lt;Response [200]&gt;</msg>
<var>${response}</var>
<arg>consultarAPI</arg>
<arg>/api</arg>
<doc>Sends a GET request on a previously created HTTP Session.</doc>
<status status="PASS" start="2024-07-28T19:11:33.668168" elapsed="0.076390"/>
</kw>
<kw name="Set Variable" owner="BuiltIn">
<msg time="2024-07-28T19:11:33.745704" level="INFO">${json_data} = {'results': [{'gender': 'male', 'name': {'title': 'Mr', 'first': 'آرش', 'last': 'قاسمی'}, 'location': {'street': {'number': 6773, 'name': 'کارگر'}, 'city': 'یزد', 'state': 'مازندران', 'country': 'Iran...</msg>
<var>${json_data}</var>
<arg>${response.json()}</arg>
<doc>Returns the given values which can then be assigned to a variables.</doc>
<status status="PASS" start="2024-07-28T19:11:33.745067" elapsed="0.000667"/>
</kw>
<kw name="Log" owner="BuiltIn">
<msg time="2024-07-28T19:11:33.746196" level="INFO">{'results': [{'gender': 'male', 'name': {'title': 'Mr', 'first': 'آرش', 'last': 'قاسمی'}, 'location': {'street': {'number': 6773, 'name': 'کارگر'}, 'city': 'یزد', 'state': 'مازندران', 'country': 'Iran', 'postcode': 37722, 'coordinates': {'latitude': '21.1510', 'longitude': '-19.6516'}, 'timezone': {'offset': '-1:00', 'description': 'Azores, Cape Verde Islands'}}, 'email': 'arsh.qsmy@example.com', 'login': {'uuid': '186aff94-e640-40ee-9bd4-21f121bffe70', 'username': 'tinyfish230', 'password': 'poppy', 'salt': '4Araa64J', 'md5': 'd06aa893adfd67e545e5e41054776c1a', 'sha1': 'cd4e40cc135e96eefd41be471f4fa82fe09533e3', 'sha256': '843dece4dc9f6b4ca6943997c304b3225e2b468d42338f138c2d260cbb695198'}, 'dob': {'date': '1950-06-23T20:30:16.839Z', 'age': 74}, 'registered': {'date': '2022-05-21T11:15:13.354Z', 'age': 2}, 'phone': '010-79994020', 'cell': '0910-168-8661', 'id': {'name': '', 'value': None}, 'picture': {'large': 'https://randomuser.me/api/portraits/men/7.jpg', 'medium': 'https://randomuser.me/api/portraits/med/men/7.jpg', 'thumbnail': 'https://randomuser.me/api/portraits/thumb/men/7.jpg'}, 'nat': 'IR'}], 'info': {'seed': '99f1833a0370b853', 'results': 1, 'page': 1, 'version': '1.4'}}</msg>
<arg>${json_data}</arg>
<doc>Logs the given message with the given level.</doc>
<status status="PASS" start="2024-07-28T19:11:33.746039" elapsed="0.000207"/>
</kw>
<kw name="Should Be String" owner="String">
<arg>${json_data['results'][0]['gender']}</arg>
<doc>Fails if the given ``item`` is not a string.</doc>
<status status="PASS" start="2024-07-28T19:11:33.746561" elapsed="0.000447"/>
</kw>
<kw name="Should Match Regexp" owner="BuiltIn">
<arg>${json_data['results'][0]['email']}</arg>
<arg>^[a-zA-Z0-9._%+-]+@[a-zA-Z0-9.-]+\.[a-zA-Z]{2,}$</arg>
<doc>Fails if ``string`` does not match ``pattern`` as a regular expression.</doc>
<status status="PASS" start="2024-07-28T19:11:33.747199" elapsed="0.000507"/>
</kw>
<kw name="Should Match Regexp" owner="BuiltIn">
<arg>${json_data['results'][0]['dob']['date']}</arg>
<arg>\\d{4}-\\d{2}-\\d{2}T\\d{2}:\\d{2}:\\d{2}\\.\\d{3}Z</arg>
<doc>Fails if ``string`` does not match ``pattern`` as a regular expression.</doc>
<status status="PASS" start="2024-07-28T19:11:33.747934" elapsed="0.000592"/>
</kw>
<kw name="Should Match Regexp" owner="BuiltIn">
<arg>${json_data['results'][0]['registered']['date']}</arg>
<arg>\\d{4}-\\d{2}-\\d{2}T\\d{2}:\\d{2}:\\d{2}\\.\\d{3}Z</arg>
<doc>Fails if ``string`` does not match ``pattern`` as a regular expression.</doc>
<status status="PASS" start="2024-07-28T19:11:33.748719" elapsed="0.000370"/>
</kw>
<kw name="Should Match Regexp" owner="BuiltIn">
<arg>${json_data['results'][0]['picture']['large']}</arg>
<arg>^https?://.*\.(?:png|jpe?g|gif|bmp)$</arg>
<doc>Fails if ``string`` does not match ``pattern`` as a regular expression.</doc>
<status status="PASS" start="2024-07-28T19:11:33.749272" elapsed="0.000454"/>
</kw>
<kw name="Should Match Regexp" owner="BuiltIn">
<arg>${json_data['results'][0]['picture']['medium']}</arg>
<arg>^https?://.*\.(?:png|jpe?g|gif|bmp)$</arg>
<doc>Fails if ``string`` does not match ``pattern`` as a regular expression.</doc>
<status status="PASS" start="2024-07-28T19:11:33.749913" elapsed="0.000347"/>
</kw>
<kw name="Should Match Regexp" owner="BuiltIn">
<arg>${json_data['results'][0]['picture']['thumbnail']}</arg>
<arg>^https?://.*\.(?:png|jpe?g|gif|bmp)$</arg>
<doc>Fails if ``string`` does not match ``pattern`` as a regular expression.</doc>
<status status="PASS" start="2024-07-28T19:11:33.750440" elapsed="0.000378"/>
</kw>
<kw name="Log" owner="BuiltIn">
<msg time="2024-07-28T19:11:33.751336" level="INFO">{'large': 'https://randomuser.me/api/portraits/men/7.jpg', 'medium': 'https://randomuser.me/api/portraits/med/men/7.jpg', 'thumbnail': 'https://randomuser.me/api/portraits/thumb/men/7.jpg'}</msg>
<arg>${json_data['results'][0]['picture']}</arg>
<doc>Logs the given message with the given level.</doc>
<status status="PASS" start="2024-07-28T19:11:33.751010" elapsed="0.000368"/>
</kw>
<status status="PASS" start="2024-07-28T19:11:33.667944" elapsed="0.083692"/>
</kw>
<kw name="Teste de Tipos de Dados - Postcode" owner="random-user-service">
<kw name="GET On Session" owner="RequestsLibrary">
<msg time="2024-07-28T19:11:33.864011" level="INFO">GET Request : url=https://randomuser.me/api 
 path_url=/api 
 headers={'User-Agent': 'python-requests/2.32.3', 'Accept-Encoding': 'gzip, deflate', 'Accept': '*/*', 'Connection': 'keep-alive'} 
 body=None 
 </msg>
<msg time="2024-07-28T19:11:33.864086" level="INFO">GET Response : url=https://randomuser.me/api 
 status=200, reason=OK 
 headers={'Date': 'Sun, 28 Jul 2024 19:11:33 GMT', 'Content-Type': 'application/json; charset=utf-8', 'Transfer-Encoding': 'chunked', 'Connection': 'keep-alive', 'X-Powered-By': 'Express', 'Access-Control-Allow-Origin': '*', 'Cache-Control': 'no-cache', 'ETag': 'W/"45d-tC712sSmxw24yKP+OuqtiwfGcYc"', 'Vary': 'Accept-Encoding', 'Content-Encoding': 'gzip', 'CF-Cache-Status': 'DYNAMIC', 'Report-To': '{"endpoints":[{"url":"https:\\/\\/a.nel.cloudflare.com\\/report\\/v4?s=4kN%2BQ3L8W5xuBcDZpWFlD7RChwh4nYXfCy5cDGPb6IWw8vQsb2ljRC6EjBWQPH5pnd7Qs6U5QkRhpzO1MZm90LS3ESxvvNH2%2FagYM9CAmBIk0wiLlDkVenHSxh89EMsJ"}],"group":"cf-nel","max_age":604800}', 'NEL': '{"success_fraction":0,"report_to":"cf-nel","max_age":604800}', 'Server': 'cloudflare', 'CF-RAY': '8aa72cfbfdc73b6b-IAD', 'alt-svc': 'h3=":443"; ma=86400'} 
 body={"results":[{"gender":"male","name":{"title":"Mr","first":"Joey","last":"Ellis"},"location":{"street":{"number":958,"name":"Manor Road"},"city":"Kells","state":"Wexford","country":"Ireland","postcode":90390,"coordinates":{"latitude":"2.7357","longitude":"-52.7802"},"timezone":{"offset":"+5:45","description":"Kathmandu"}},"email":"joey.ellis@example.com","login":{"uuid":"83b167fe-94ab-4d71-84ad-e6ee18f85a7e","username":"purpleswan929","password":"dean","salt":"LrQT1CgY","md5":"4a1248b3bb29038db44f0da4c63384bf","sha1":"f98e76cd7a4e13decdc024d09a987a54be81ddcc","sha256":"7a44a64bd15e977f32d9ef9fb587121bf4cb9209390125af03af0f7b93270d78"},"dob":{"date":"1968-06-11T16:27:38.015Z","age":56},"registered":{"date":"2020-02-05T07:00:39.347Z","age":4},"phone":"011-595-3649","cell":"081-682-8190","id":{"name":"PPS","value":"4585776T"},"picture":{"large":"https://randomuser.me/api/portraits/men/89.jpg","medium":"https://randomuser.me/api/portraits/med/men/89.jpg","thumbnail":"https://randomuser.me/api/portraits/thumb/men/89.jpg"},"nat":"IE"}],"info":{"seed":"284df06da56bbc05","results":1,"page":1,"version":"1.4"}} 
 </msg>
<msg time="2024-07-28T19:11:33.864154" level="INFO">/opt/hostedtoolcache/Python/3.12.4/x64/lib/python3.12/site-packages/urllib3/connectionpool.py:1099: InsecureRequestWarning: Unverified HTTPS request is being made to host 'randomuser.me'. Adding certificate verification is strongly advised. See: https://urllib3.readthedocs.io/en/latest/advanced-usage.html#tls-warnings
  warnings.warn(</msg>
<msg time="2024-07-28T19:11:33.864262" level="INFO">${response} = &lt;Response [200]&gt;</msg>
<var>${response}</var>
<arg>consultarAPI</arg>
<arg>/api</arg>
<doc>Sends a GET request on a previously created HTTP Session.</doc>
<status status="PASS" start="2024-07-28T19:11:33.752067" elapsed="0.112244"/>
</kw>
<kw name="Set Variable" owner="BuiltIn">
<msg time="2024-07-28T19:11:33.865456" level="INFO">${json_data} = {'results': [{'gender': 'male', 'name': {'title': 'Mr', 'first': 'Joey', 'last': 'Ellis'}, 'location': {'street': {'number': 958, 'name': 'Manor Road'}, 'city': 'Kells', 'state': 'Wexford', 'country':...</msg>
<var>${json_data}</var>
<arg>${response.json()}</arg>
<doc>Returns the given values which can then be assigned to a variables.</doc>
<status status="PASS" start="2024-07-28T19:11:33.864871" elapsed="0.000614"/>
</kw>
<kw name="Log" owner="BuiltIn">
<msg time="2024-07-28T19:11:33.865943" level="INFO">{'results': [{'gender': 'male', 'name': {'title': 'Mr', 'first': 'Joey', 'last': 'Ellis'}, 'location': {'street': {'number': 958, 'name': 'Manor Road'}, 'city': 'Kells', 'state': 'Wexford', 'country': 'Ireland', 'postcode': 90390, 'coordinates': {'latitude': '2.7357', 'longitude': '-52.7802'}, 'timezone': {'offset': '+5:45', 'description': 'Kathmandu'}}, 'email': 'joey.ellis@example.com', 'login': {'uuid': '83b167fe-94ab-4d71-84ad-e6ee18f85a7e', 'username': 'purpleswan929', 'password': 'dean', 'salt': 'LrQT1CgY', 'md5': '4a1248b3bb29038db44f0da4c63384bf', 'sha1': 'f98e76cd7a4e13decdc024d09a987a54be81ddcc', 'sha256': '7a44a64bd15e977f32d9ef9fb587121bf4cb9209390125af03af0f7b93270d78'}, 'dob': {'date': '1968-06-11T16:27:38.015Z', 'age': 56}, 'registered': {'date': '2020-02-05T07:00:39.347Z', 'age': 4}, 'phone': '011-595-3649', 'cell': '081-682-8190', 'id': {'name': 'PPS', 'value': '4585776T'}, 'picture': {'large': 'https://randomuser.me/api/portraits/men/89.jpg', 'medium': 'https://randomuser.me/api/portraits/med/men/89.jpg', 'thumbnail': 'https://randomuser.me/api/portraits/thumb/men/89.jpg'}, 'nat': 'IE'}], 'info': {'seed': '284df06da56bbc05', 'results': 1, 'page': 1, 'version': '1.4'}}</msg>
<arg>${json_data}</arg>
<doc>Logs the given message with the given level.</doc>
<status status="PASS" start="2024-07-28T19:11:33.865790" elapsed="0.000198"/>
</kw>
<kw name="Should Be Equal As Numbers" owner="BuiltIn">
<arg>${json_data['results'][0]['location']['postcode']}</arg>
<arg>${json_data['results'][0]['location']['postcode']}</arg>
<doc>Fails if objects are unequal after converting them to real numbers.</doc>
<status status="PASS" start="2024-07-28T19:11:33.866277" elapsed="0.000677"/>
</kw>
<kw name="Log" owner="BuiltIn">
<msg time="2024-07-28T19:11:33.867478" level="INFO">90390</msg>
<arg>${json_data['results'][0]['location']['postcode']}</arg>
<doc>Logs the given message with the given level.</doc>
<status status="PASS" start="2024-07-28T19:11:33.867148" elapsed="0.000371"/>
</kw>
<status status="PASS" start="2024-07-28T19:11:33.751844" elapsed="0.115921"/>
</kw>
<doc>Testa se os tipos de dados na resposta da API estão corretos.</doc>
<tag>testeTiposDados</tag>
<status status="PASS" start="2024-07-28T19:11:33.667532" elapsed="0.200422"/>
</test>
<test id="s1-s1-t5" name="Validar conteudo" line="35">
<kw name="Teste de Tipos de Conteudo" owner="random-user-service">
<kw name="GET On Session" owner="RequestsLibrary">
<msg time="2024-07-28T19:11:33.959686" level="INFO">GET Request : url=https://randomuser.me/api 
 path_url=/api 
 headers={'User-Agent': 'python-requests/2.32.3', 'Accept-Encoding': 'gzip, deflate', 'Accept': '*/*', 'Connection': 'keep-alive'} 
 body=None 
 </msg>
<msg time="2024-07-28T19:11:33.959772" level="INFO">GET Response : url=https://randomuser.me/api 
 status=200, reason=OK 
 headers={'Date': 'Sun, 28 Jul 2024 19:11:33 GMT', 'Content-Type': 'application/json; charset=utf-8', 'Transfer-Encoding': 'chunked', 'Connection': 'keep-alive', 'X-Powered-By': 'Express', 'Access-Control-Allow-Origin': '*', 'Cache-Control': 'no-cache', 'ETag': 'W/"4a2-VszBAQdme1NkGowl+iiuAj/SZCA"', 'Vary': 'Accept-Encoding', 'Content-Encoding': 'gzip', 'CF-Cache-Status': 'DYNAMIC', 'Report-To': '{"endpoints":[{"url":"https:\\/\\/a.nel.cloudflare.com\\/report\\/v4?s=SVa56pkmCq07WjXwZSFr%2FxzFDC1Fn9YBhDlcgu54Ez4gzg3AeHkotYzHCHZqwGUUUfVGWttCbX0eUyfYCFwp1HOEIAwvvd7t869q7XWtvJCKBNAlQwGYkVHjEG7VyHXR"}],"group":"cf-nel","max_age":604800}', 'NEL': '{"success_fraction":0,"report_to":"cf-nel","max_age":604800}', 'Server': 'cloudflare', 'CF-RAY': '8aa72cfcbeca3b6b-IAD', 'alt-svc': 'h3=":443"; ma=86400'} 
 body={"results":[{"gender":"female","name":{"title":"Madame","first":"Christiane","last":"Lemaire"},"location":{"street":{"number":4566,"name":"Avenue Jean-Jaurès"},"city":"Schlieren","state":"Nidwalden","country":"Switzerland","postcode":1068,"coordinates":{"latitude":"-60.6506","longitude":"16.0595"},"timezone":{"offset":"-12:00","description":"Eniwetok, Kwajalein"}},"email":"christiane.lemaire@example.com","login":{"uuid":"383071c8-1e0d-45f8-a5f3-b28aa9031e79","username":"brownpanda243","password":"vbnm","salt":"5a3v0I7w","md5":"2cbc72391b4fcb3594af67117d7d0bea","sha1":"d8e38695f6c5100ebfe5e3c12b73524dd91d5896","sha256":"d952e44d466433891ed35fb4bec00357994176908d36d58f59fe772d7dcc4ca8"},"dob":{"date":"1974-09-23T13:23:06.948Z","age":49},"registered":{"date":"2015-09-30T17:31:20.291Z","age":8},"phone":"076 184 51 36","cell":"079 287 67 20","id":{"name":"AVS","value":"756.8203.7951.89"},"picture":{"large":"https://randomuser.me/api/portraits/women/62.jpg","medium":"https://randomuser.me/api/portraits/med/women/62.jpg","thumbnail":"https://randomuser.me/api/portraits/thumb/women/62.jpg"},"nat":"CH"}],"info":{"seed":"51c588c798d95274","results":1,"page":1,"version":"1.4"}} 
 </msg>
<msg time="2024-07-28T19:11:33.959851" level="INFO">/opt/hostedtoolcache/Python/3.12.4/x64/lib/python3.12/site-packages/urllib3/connectionpool.py:1099: InsecureRequestWarning: Unverified HTTPS request is being made to host 'randomuser.me'. Adding certificate verification is strongly advised. See: https://urllib3.readthedocs.io/en/latest/advanced-usage.html#tls-warnings
  warnings.warn(</msg>
<msg time="2024-07-28T19:11:33.959966" level="INFO">${response} = &lt;Response [200]&gt;</msg>
<var>${response}</var>
<arg>consultarAPI</arg>
<arg>/api</arg>
<doc>Sends a GET request on a previously created HTTP Session.</doc>
<status status="PASS" start="2024-07-28T19:11:33.871125" elapsed="0.088882"/>
</kw>
<kw name="Set Variable" owner="BuiltIn">
<msg time="2024-07-28T19:11:33.960832" level="INFO">${json_data} = {'results': [{'gender': 'female', 'name': {'title': 'Madame', 'first': 'Christiane', 'last': 'Lemaire'}, 'location': {'street': {'number': 4566, 'name': 'Avenue Jean-Jaurès'}, 'city': 'Schlieren', 'st...</msg>
<var>${json_data}</var>
<arg>${response.json()}</arg>
<doc>Returns the given values which can then be assigned to a variables.</doc>
<status status="PASS" start="2024-07-28T19:11:33.960380" elapsed="0.000482"/>
</kw>
<kw name="Set Variable" owner="BuiltIn">
<msg time="2024-07-28T19:11:33.961546" level="INFO">${name_title} = Madame</msg>
<var>${name_title}</var>
<arg>${json_data["results"][0]["name"]["title"]}</arg>
<doc>Returns the given values which can then be assigned to a variables.</doc>
<status status="PASS" start="2024-07-28T19:11:33.961170" elapsed="0.000401"/>
</kw>
<kw name="Create List" owner="BuiltIn">
<msg time="2024-07-28T19:11:33.962014" level="INFO">${allowed_titles} = ['Mr', 'Ms', 'Miss', 'Mrs', 'Madame', 'Monsieur']</msg>
<var>${allowed_titles}</var>
<arg>Mr</arg>
<arg>Ms</arg>
<arg>Miss</arg>
<arg>Mrs</arg>
<arg>Madame</arg>
<arg>Monsieur</arg>
<doc>Returns a list containing given items.</doc>
<status status="PASS" start="2024-07-28T19:11:33.961867" elapsed="0.000171"/>
</kw>
<kw name="List Should Contain Value" owner="Collections">
<arg>${allowed_titles}</arg>
<arg>${name_title}</arg>
<doc>Fails if the ``value`` is not found from ``list``.</doc>
<status status="PASS" start="2024-07-28T19:11:33.962328" elapsed="0.000169"/>
</kw>
<kw name="Set Variable" owner="BuiltIn">
<msg time="2024-07-28T19:11:33.963095" level="INFO">${name_country} = CH</msg>
<var>${name_country}</var>
<arg>${json_data["results"][0]["nat"]}</arg>
<doc>Returns the given values which can then be assigned to a variables.</doc>
<status status="PASS" start="2024-07-28T19:11:33.962682" elapsed="0.000438"/>
</kw>
<kw name="Create List" owner="BuiltIn">
<msg time="2024-07-28T19:11:33.963998" level="INFO">${list_country} = ['AD', 'AE', 'AF', 'AG', 'AI', 'AL', 'AM', 'AO', 'AQ', 'AR', 'AS', 'AT', 'AU', 'AW', 'AX', 'AZ', 'BA', 'BB', 'BD', 'BE', 'BF', 'BG', 'BH', 'BI', 'BJ', 'BL', 'BM', 'BN', 'BO', 'BQ', 'BR', 'BS', 'BT', '...</msg>
<var>${list_country}</var>
<arg>AD</arg>
<arg>AE</arg>
<arg>AF</arg>
<arg>AG</arg>
<arg>AI</arg>
<arg>AL</arg>
<arg>AM</arg>
<arg>AO</arg>
<arg>AQ</arg>
<arg>AR</arg>
<arg>AS</arg>
<arg>AT</arg>
<arg>AU</arg>
<arg>AW</arg>
<arg>AX</arg>
<arg>AZ</arg>
<arg>BA</arg>
<arg>BB</arg>
<arg>BD</arg>
<arg>BE</arg>
<arg>BF</arg>
<arg>BG</arg>
<arg>BH</arg>
<arg>BI</arg>
<arg>BJ</arg>
<arg>BL</arg>
<arg>BM</arg>
<arg>BN</arg>
<arg>BO</arg>
<arg>BQ</arg>
<arg>BR</arg>
<arg>BS</arg>
<arg>BT</arg>
<arg>BV</arg>
<arg>BW</arg>
<arg>BY</arg>
<arg>BZ</arg>
<arg>CA</arg>
<arg>CC</arg>
<arg>CD</arg>
<arg>CF</arg>
<arg>CG</arg>
<arg>CH</arg>
<arg>CI</arg>
<arg>CK</arg>
<arg>CL</arg>
<arg>CM</arg>
<arg>CN</arg>
<arg>CO</arg>
<arg>CR</arg>
<arg>CU</arg>
<arg>CV</arg>
<arg>CW</arg>
<arg>CX</arg>
<arg>CY</arg>
<arg>CZ</arg>
<arg>DE</arg>
<arg>DJ</arg>
<arg>DK</arg>
<arg>DM</arg>
<arg>DO</arg>
<arg>DZ</arg>
<arg>EC</arg>
<arg>EE</arg>
<arg>EG</arg>
<arg>EH</arg>
<arg>ER</arg>
<arg>ES</arg>
<arg>ET</arg>
<arg>FI</arg>
<arg>FJ</arg>
<arg>FK</arg>
<arg>FM</arg>
<arg>FO</arg>
<arg>FR</arg>
<arg>GA</arg>
<arg>GB</arg>
<arg>GD</arg>
<arg>GE</arg>
<arg>GF</arg>
<arg>GG</arg>
<arg>GH</arg>
<arg>GI</arg>
<arg>GL</arg>
<arg>GM</arg>
<arg>GN</arg>
<arg>GP</arg>
<arg>GQ</arg>
<arg>GR</arg>
<arg>GS</arg>
<arg>GT</arg>
<arg>GU</arg>
<arg>GW</arg>
<arg>GY</arg>
<arg>HK</arg>
<arg>HM</arg>
<arg>HN</arg>
<arg>HR</arg>
<arg>HT</arg>
<arg>HU</arg>
<arg>ID</arg>
<arg>IE</arg>
<arg>IL</arg>
<arg>IM</arg>
<arg>IN</arg>
<arg>IO</arg>
<arg>IQ</arg>
<arg>IR</arg>
<arg>IS</arg>
<arg>IT</arg>
<arg>JE</arg>
<arg>JM</arg>
<arg>JO</arg>
<arg>JP</arg>
<arg>KE</arg>
<arg>KG</arg>
<arg>KH</arg>
<arg>KI</arg>
<arg>KM</arg>
<arg>KN</arg>
<arg>KP</arg>
<arg>KR</arg>
<arg>KW</arg>
<arg>KY</arg>
<arg>KZ</arg>
<arg>LA</arg>
<arg>LB</arg>
<arg>LC</arg>
<arg>LI</arg>
<arg>LK</arg>
<arg>LR</arg>
<arg>LS</arg>
<arg>LT</arg>
<arg>LU</arg>
<arg>LV</arg>
<arg>LY</arg>
<arg>MA</arg>
<arg>MC</arg>
<arg>MD</arg>
<arg>ME</arg>
<arg>MF</arg>
<arg>MG</arg>
<arg>MH</arg>
<arg>MK</arg>
<arg>ML</arg>
<arg>MM</arg>
<arg>MN</arg>
<arg>MO</arg>
<arg>MP</arg>
<arg>MQ</arg>
<arg>MR</arg>
<arg>MS</arg>
<arg>MT</arg>
<arg>MU</arg>
<arg>MV</arg>
<arg>MW</arg>
<arg>MX</arg>
<arg>MY</arg>
<arg>MZ</arg>
<arg>NA</arg>
<arg>NC</arg>
<arg>NE</arg>
<arg>NF</arg>
<arg>NG</arg>
<arg>NI</arg>
<arg>NL</arg>
<arg>NO</arg>
<arg>NP</arg>
<arg>NR</arg>
<arg>NU</arg>
<arg>NZ</arg>
<arg>OM</arg>
<arg>PA</arg>
<arg>PE</arg>
<arg>PF</arg>
<arg>PG</arg>
<arg>PH</arg>
<arg>PK</arg>
<arg>PL</arg>
<arg>PM</arg>
<arg>PN</arg>
<arg>PR</arg>
<arg>PS</arg>
<arg>PT</arg>
<arg>PW</arg>
<arg>PY</arg>
<arg>QA</arg>
<arg>RE</arg>
<arg>RO</arg>
<arg>RS</arg>
<arg>RU</arg>
<arg>RW</arg>
<arg>SA</arg>
<arg>SB</arg>
<arg>SC</arg>
<arg>SD</arg>
<arg>SE</arg>
<arg>SG</arg>
<arg>SH</arg>
<arg>SI</arg>
<arg>SJ</arg>
<arg>SK</arg>
<arg>SL</arg>
<arg>SM</arg>
<arg>SN</arg>
<arg>SO</arg>
<arg>SR</arg>
<arg>SS</arg>
<arg>ST</arg>
<arg>SV</arg>
<arg>SX</arg>
<arg>SY</arg>
<arg>SZ</arg>
<arg>TC</arg>
<arg>TD</arg>
<arg>TF</arg>
<arg>TG</arg>
<arg>TH</arg>
<arg>TJ</arg>
<arg>TK</arg>
<arg>TL</arg>
<arg>TM</arg>
<arg>TN</arg>
<arg>TO</arg>
<arg>TR</arg>
<arg>TT</arg>
<arg>TV</arg>
<arg>TW</arg>
<arg>TZ</arg>
<arg>UA</arg>
<arg>UG</arg>
<arg>UM</arg>
<arg>US</arg>
<arg>UY</arg>
<arg>UZ</arg>
<arg>VA</arg>
<arg>VC</arg>
<arg>VE</arg>
<arg>VG</arg>
<arg>VI</arg>
<arg>VN</arg>
<arg>VU</arg>
<arg>WF</arg>
<arg>WS</arg>
<arg>XK</arg>
<arg>YE</arg>
<arg>YT</arg>
<arg>ZA</arg>
<arg>ZM</arg>
<arg>ZW</arg>
<doc>Returns a list containing given items.</doc>
<status status="PASS" start="2024-07-28T19:11:33.963408" elapsed="0.000616"/>
</kw>
<kw name="List Should Contain Value" owner="Collections">
<arg>${list_country}</arg>
<arg>${name_country}</arg>
<doc>Fails if the ``value`` is not found from ``list``.</doc>
<status status="PASS" start="2024-07-28T19:11:33.964963" elapsed="0.000225"/>
</kw>
<kw name="Run Keyword If" owner="BuiltIn">
<kw name="Should Be True" owner="BuiltIn">
<arg>${True}</arg>
<doc>Fails if the given condition is not true.</doc>
<status status="PASS" start="2024-07-28T19:11:33.966117" elapsed="0.000141"/>
</kw>
<arg>${json_data["results"][0]["location"]["coordinates"]["latitude"]} &gt;= -90 and ${json_data["results"][0]["location"]["coordinates"]["latitude"]} &lt;= 90</arg>
<arg>Should Be True</arg>
<arg>${True}</arg>
<doc>Runs the given keyword with the given arguments, if ``condition`` is true.</doc>
<status status="PASS" start="2024-07-28T19:11:33.965395" elapsed="0.000988"/>
</kw>
<kw name="Run Keyword If" owner="BuiltIn">
<kw name="Should Be True" owner="BuiltIn">
<arg>${True}</arg>
<doc>Fails if the given condition is not true.</doc>
<status status="PASS" start="2024-07-28T19:11:33.967283" elapsed="0.000137"/>
</kw>
<arg>${json_data["results"][0]["location"]["coordinates"]["longitude"]} &gt;= -180 and ${json_data["results"][0]["location"]["coordinates"]["longitude"]} &lt;= 180</arg>
<arg>Should Be True</arg>
<arg>${True}</arg>
<doc>Runs the given keyword with the given arguments, if ``condition`` is true.</doc>
<status status="PASS" start="2024-07-28T19:11:33.966563" elapsed="0.000980"/>
</kw>
<status status="PASS" start="2024-07-28T19:11:33.870731" elapsed="0.096940"/>
</kw>
<doc>Testa o conteúdo específico dos campos retornados pela API.</doc>
<tag>testeConteudo</tag>
<status status="PASS" start="2024-07-28T19:11:33.870063" elapsed="0.097749"/>
</test>
<status status="PASS" start="2024-07-28T19:11:32.979276" elapsed="0.990400"/>
</suite>
<status status="PASS" start="2024-07-28T19:11:32.965015" elapsed="1.009752"/>
</suite>
<statistics>
<total>
<stat pass="5" fail="0" skip="0">All Tests</stat>
</total>
<tag>
<stat pass="1" fail="0" skip="0">testeConteudo</stat>
<stat pass="1" fail="0" skip="0">testeEstruturaResposta</stat>
<stat pass="1" fail="0" skip="0">testeRequisicaoBasica</stat>
<stat pass="1" fail="0" skip="0">testeTiposDados</stat>
</tag>
<suite>
<stat pass="5" fail="0" skip="0" id="s1" name="Tests">Tests</stat>
<stat pass="5" fail="0" skip="0" id="s1-s1" name="Random-User-Test">Tests.Random-User-Test</stat>
</suite>
</statistics>
<errors>
</errors>
</robot>
