<?xml version="1.0" encoding="UTF-8"?>
<robot generator="Robot 7.0.1 (Python 3.12.4 on linux)" generated="2024-07-11T21:16:26.127961" rpa="false" schemaversion="5">
<suite id="s1" name="Tests" source="/home/runner/work/ApiRandomUser/ApiRandomUser/RamdonUser/tests">
<suite id="s1-s1" name="Random-User-Test" source="/home/runner/work/ApiRandomUser/ApiRandomUser/RamdonUser/tests/random-user-test.robot">
<test id="s1-s1-t1" name="Conectar" line="13">
<kw name="Conectar API" owner="random-user-service">
<kw name="Create Session" owner="RequestsLibrary">
<msg time="2024-07-11T21:16:26.553358" level="INFO">Creating Session using : alias=consultarAPI, url=https://randomuser.me/, headers={},                     cookies={}, auth=None, timeout=None, proxies=None, verify=False,                     debug=0 </msg>
<arg>consultarAPI</arg>
<arg>${URL}</arg>
<doc>Create Session: create a HTTP session to a server</doc>
<status status="PASS" start="2024-07-11T21:16:26.553140" elapsed="0.000416"/>
</kw>
<status status="PASS" start="2024-07-11T21:16:26.552082" elapsed="0.001847"/>
</kw>
<status status="PASS" start="2024-07-11T21:16:26.551475" elapsed="0.002653"/>
</test>
<test id="s1-s1-t2" name="Validar retorno 200 e JSON Válido" line="16">
<kw name="Teste de Requisicao Basica" owner="random-user-service">
<kw name="GET On Session" owner="RequestsLibrary">
<msg time="2024-07-11T21:16:26.693751" level="INFO">GET Request : url=https://randomuser.me/api 
 path_url=/api 
 headers={'User-Agent': 'python-requests/2.32.3', 'Accept-Encoding': 'gzip, deflate', 'Accept': '*/*', 'Connection': 'keep-alive'} 
 body=None 
 </msg>
<msg time="2024-07-11T21:16:26.693912" level="INFO">GET Response : url=https://randomuser.me/api 
 status=200, reason=OK 
 headers={'Date': 'Thu, 11 Jul 2024 21:16:26 GMT', 'Content-Type': 'application/json; charset=utf-8', 'Transfer-Encoding': 'chunked', 'Connection': 'keep-alive', 'X-Powered-By': 'Express', 'Access-Control-Allow-Origin': '*', 'Cache-Control': 'no-cache', 'ETag': 'W/"466-K6nQIlP39+3Z/v+Uetmj8LJ04zM"', 'Vary': 'Accept-Encoding', 'Content-Encoding': 'gzip', 'CF-Cache-Status': 'DYNAMIC', 'Report-To': '{"endpoints":[{"url":"https:\\/\\/a.nel.cloudflare.com\\/report\\/v4?s=RLJPfLzD5oLKkbHU7eEUcDvIVXXSP4N6XM%2BEnDNdIQzB321Rd5C%2FyNF3FDPXFkFHf2Dm%2Fel5hw1%2BuL9HWy5z9MJV1CfmPuhwHHnTK13lSsebA00PIvXZMVE41Gamn%2BkS"}],"group":"cf-nel","max_age":604800}', 'NEL': '{"success_fraction":0,"report_to":"cf-nel","max_age":604800}', 'Server': 'cloudflare', 'CF-RAY': '8a1bd08a490f20ba-IAD', 'alt-svc': 'h3=":443"; ma=86400'} 
 body={"results":[{"gender":"female","name":{"title":"Ms","first":"Gül","last":"Aşıkoğlu"},"location":{"street":{"number":2964,"name":"Filistin Cd"},"city":"Bursa","state":"Ordu","country":"Turkey","postcode":86176,"coordinates":{"latitude":"66.8650","longitude":"37.7071"},"timezone":{"offset":"-9:00","description":"Alaska"}},"email":"gul.asikoglu@example.com","login":{"uuid":"82e1493a-d511-476d-8340-72ad0f01a41a","username":"beautifulladybug267","password":"dani","salt":"ugfDxYqp","md5":"988b28abfd05d4d95ba60d8fe7f42536","sha1":"6c627987f3be57ecb3db7aff37de603ab2d1054b","sha256":"5a72330f94382c2ae5499c36fff9127ad6dd48709bcb16e53f4368ef0127a406"},"dob":{"date":"1980-07-23T15:49:07.726Z","age":43},"registered":{"date":"2019-03-06T18:13:25.832Z","age":5},"phone":"(901)-620-6491","cell":"(178)-583-2428","id":{"name":"","value":null},"picture":{"large":"https://randomuser.me/api/portraits/women/2.jpg","medium":"https://randomuser.me/api/portraits/med/women/2.jpg","thumbnail":"https://randomuser.me/api/portraits/thumb/women/2.jpg"},"nat":"TR"}],"info":{"seed":"4d70756dbe655f75","results":1,"page":1,"version":"1.4"}} 
 </msg>
<msg time="2024-07-11T21:16:26.694006" level="INFO">/opt/hostedtoolcache/Python/3.12.4/x64/lib/python3.12/site-packages/urllib3/connectionpool.py:1099: InsecureRequestWarning: Unverified HTTPS request is being made to host 'randomuser.me'. Adding certificate verification is strongly advised. See: https://urllib3.readthedocs.io/en/latest/advanced-usage.html#tls-warnings
  warnings.warn(</msg>
<msg time="2024-07-11T21:16:26.694164" level="INFO">${response} = &lt;Response [200]&gt;</msg>
<var>${response}</var>
<arg>consultarAPI</arg>
<arg>/api</arg>
<doc>Sends a GET request on a previously created HTTP Session.</doc>
<status status="PASS" start="2024-07-11T21:16:26.556782" elapsed="0.137427"/>
</kw>
<kw name="Should Be Equal As Numbers" owner="BuiltIn">
<msg time="2024-07-11T21:16:26.695467" level="INFO">Argument types are:
&lt;class 'int'&gt;
&lt;class 'str'&gt;</msg>
<arg>${response.status_code}</arg>
<arg>200</arg>
<doc>Fails if objects are unequal after converting them to real numbers.</doc>
<status status="PASS" start="2024-07-11T21:16:26.694942" elapsed="0.000595"/>
</kw>
<kw name="Log" owner="BuiltIn">
<msg time="2024-07-11T21:16:26.696314" level="INFO">200</msg>
<arg>${response.status_code}</arg>
<doc>Logs the given message with the given level.</doc>
<status status="PASS" start="2024-07-11T21:16:26.695898" elapsed="0.000468"/>
</kw>
<kw name="Set Variable" owner="BuiltIn">
<msg time="2024-07-11T21:16:26.697185" level="INFO">${json_data} = {'results': [{'gender': 'female', 'name': {'title': 'Ms', 'first': 'Gül', 'last': 'Aşıkoğlu'}, 'location': {'street': {'number': 2964, 'name': 'Filistin Cd'}, 'city': 'Bursa', 'state': 'Ordu', 'countr...</msg>
<var>${json_data}</var>
<arg>${response.json()}</arg>
<doc>Returns the given values which can then be assigned to a variables.</doc>
<status status="PASS" start="2024-07-11T21:16:26.696710" elapsed="0.000506"/>
</kw>
<kw name="Dictionary Should Contain Key" owner="Collections">
<arg>${json_data}</arg>
<arg>results</arg>
<doc>Fails if ``key`` is not found from ``dictionary``.</doc>
<status status="PASS" start="2024-07-11T21:16:26.697550" elapsed="0.000173"/>
</kw>
<status status="PASS" start="2024-07-11T21:16:26.556515" elapsed="0.141365"/>
</kw>
<doc>Testa se a API responde corretamente e retorna um objeto JSON válido.</doc>
<tag>testeRequisicaoBasica</tag>
<status status="PASS" start="2024-07-11T21:16:26.556009" elapsed="0.142060"/>
</test>
<test id="s1-s1-t3" name="Validar estrutura de resposta" line="22">
<kw name="Teste de Estrutura de Resposta" owner="random-user-service">
<kw name="GET On Session" owner="RequestsLibrary">
<msg time="2024-07-11T21:16:26.756662" level="INFO">GET Request : url=https://randomuser.me/api 
 path_url=/api 
 headers={'User-Agent': 'python-requests/2.32.3', 'Accept-Encoding': 'gzip, deflate', 'Accept': '*/*', 'Connection': 'keep-alive'} 
 body=None 
 </msg>
<msg time="2024-07-11T21:16:26.756770" level="INFO">GET Response : url=https://randomuser.me/api 
 status=200, reason=OK 
 headers={'Date': 'Thu, 11 Jul 2024 21:16:26 GMT', 'Content-Type': 'application/json; charset=utf-8', 'Transfer-Encoding': 'chunked', 'Connection': 'keep-alive', 'X-Powered-By': 'Express', 'Access-Control-Allow-Origin': '*', 'Cache-Control': 'no-cache', 'ETag': 'W/"471-CQROHFuYYZkm4ckpnvx8WGrJrhw"', 'Vary': 'Accept-Encoding', 'Content-Encoding': 'gzip', 'CF-Cache-Status': 'DYNAMIC', 'Report-To': '{"endpoints":[{"url":"https:\\/\\/a.nel.cloudflare.com\\/report\\/v4?s=qKu02UJ3S5ZD5Fjgg12dOHwe9nlHAVVa4Ayjlba0WnmVezvSTmGIdNXcAy6G%2BWUN%2F9BJG%2FJ%2FJaFq4rq%2FejRFW%2FCuUGARlP217msrCQV8e7ydXU0wGiq4UAS7LXnRZHC1"}],"group":"cf-nel","max_age":604800}', 'NEL': '{"success_fraction":0,"report_to":"cf-nel","max_age":604800}', 'Server': 'cloudflare', 'CF-RAY': '8a1bd08ae9bd20ba-IAD', 'alt-svc': 'h3=":443"; ma=86400'} 
 body={"results":[{"gender":"male","name":{"title":"Mr","first":"Deniz","last":"Çetin"},"location":{"street":{"number":1589,"name":"Talak Göktepe Cd"},"city":"Bolu","state":"Burdur","country":"Turkey","postcode":19242,"coordinates":{"latitude":"68.4228","longitude":"-120.7789"},"timezone":{"offset":"+7:00","description":"Bangkok, Hanoi, Jakarta"}},"email":"deniz.cetin@example.com","login":{"uuid":"3ed24221-03fb-4c2c-b2d2-334433deb394","username":"smalldog290","password":"bird33","salt":"do8SYjUB","md5":"e1d999586655bceaed1d429a7ffa449c","sha1":"a3a5e0b9a1fd5ad1ade6f0822af248632045ea59","sha256":"8232697ecb0a51370f93038d54fe2e9a80183c9708a9631f487d41cae772ecd7"},"dob":{"date":"1957-01-14T17:15:42.576Z","age":67},"registered":{"date":"2007-10-09T20:09:24.315Z","age":16},"phone":"(228)-971-5201","cell":"(108)-515-3897","id":{"name":"","value":null},"picture":{"large":"https://randomuser.me/api/portraits/men/25.jpg","medium":"https://randomuser.me/api/portraits/med/men/25.jpg","thumbnail":"https://randomuser.me/api/portraits/thumb/men/25.jpg"},"nat":"TR"}],"info":{"seed":"57d446a321050bd2","results":1,"page":1,"version":"1.4"}} 
 </msg>
<msg time="2024-07-11T21:16:26.756915" level="INFO">/opt/hostedtoolcache/Python/3.12.4/x64/lib/python3.12/site-packages/urllib3/connectionpool.py:1099: InsecureRequestWarning: Unverified HTTPS request is being made to host 'randomuser.me'. Adding certificate verification is strongly advised. See: https://urllib3.readthedocs.io/en/latest/advanced-usage.html#tls-warnings
  warnings.warn(</msg>
<msg time="2024-07-11T21:16:26.757056" level="INFO">${response} = &lt;Response [200]&gt;</msg>
<var>${response}</var>
<arg>consultarAPI</arg>
<arg>/api</arg>
<doc>Sends a GET request on a previously created HTTP Session.</doc>
<status status="PASS" start="2024-07-11T21:16:26.700883" elapsed="0.056219"/>
</kw>
<kw name="Set Variable" owner="BuiltIn">
<msg time="2024-07-11T21:16:26.758348" level="INFO">${json_data} = {'results': [{'gender': 'male', 'name': {'title': 'Mr', 'first': 'Deniz', 'last': 'Çetin'}, 'location': {'street': {'number': 1589, 'name': 'Talak Göktepe Cd'}, 'city': 'Bolu', 'state': 'Burdur', 'cou...</msg>
<var>${json_data}</var>
<arg>${response.json()}</arg>
<doc>Returns the given values which can then be assigned to a variables.</doc>
<status status="PASS" start="2024-07-11T21:16:26.757763" elapsed="0.000616"/>
</kw>
<kw name="Log" owner="BuiltIn">
<msg time="2024-07-11T21:16:26.758915" level="INFO">{'results': [{'gender': 'male', 'name': {'title': 'Mr', 'first': 'Deniz', 'last': 'Çetin'}, 'location': {'street': {'number': 1589, 'name': 'Talak Göktepe Cd'}, 'city': 'Bolu', 'state': 'Burdur', 'country': 'Turkey', 'postcode': 19242, 'coordinates': {'latitude': '68.4228', 'longitude': '-120.7789'}, 'timezone': {'offset': '+7:00', 'description': 'Bangkok, Hanoi, Jakarta'}}, 'email': 'deniz.cetin@example.com', 'login': {'uuid': '3ed24221-03fb-4c2c-b2d2-334433deb394', 'username': 'smalldog290', 'password': 'bird33', 'salt': 'do8SYjUB', 'md5': 'e1d999586655bceaed1d429a7ffa449c', 'sha1': 'a3a5e0b9a1fd5ad1ade6f0822af248632045ea59', 'sha256': '8232697ecb0a51370f93038d54fe2e9a80183c9708a9631f487d41cae772ecd7'}, 'dob': {'date': '1957-01-14T17:15:42.576Z', 'age': 67}, 'registered': {'date': '2007-10-09T20:09:24.315Z', 'age': 16}, 'phone': '(228)-971-5201', 'cell': '(108)-515-3897', 'id': {'name': '', 'value': None}, 'picture': {'large': 'https://randomuser.me/api/portraits/men/25.jpg', 'medium': 'https://randomuser.me/api/portraits/med/men/25.jpg', 'thumbnail': 'https://randomuser.me/api/portraits/thumb/men/25.jpg'}, 'nat': 'TR'}], 'info': {'seed': '57d446a321050bd2', 'results': 1, 'page': 1, 'version': '1.4'}}</msg>
<arg>${json_data}</arg>
<doc>Logs the given message with the given level.</doc>
<status status="PASS" start="2024-07-11T21:16:26.758732" elapsed="0.000238"/>
</kw>
<kw name="Dictionary Should Contain Key" owner="Collections">
<arg>${json_data}</arg>
<arg>results</arg>
<doc>Fails if ``key`` is not found from ``dictionary``.</doc>
<status status="PASS" start="2024-07-11T21:16:26.759286" elapsed="0.000171"/>
</kw>
<kw name="Should Not Be Empty" owner="BuiltIn">
<msg time="2024-07-11T21:16:26.759785" level="INFO">Length is 2.</msg>
<arg>${json_data}</arg>
<doc>Verifies that the given item is not empty.</doc>
<status status="PASS" start="2024-07-11T21:16:26.759650" elapsed="0.000174"/>
</kw>
<kw name="Create List" owner="BuiltIn">
<msg time="2024-07-11T21:16:26.760327" level="INFO">${expected_keys} = ['gender', 'name', 'location', 'email', 'login']</msg>
<var>${expected_keys}</var>
<arg>gender</arg>
<arg>name</arg>
<arg>location</arg>
<arg>email</arg>
<arg>login</arg>
<doc>Returns a list containing given items.</doc>
<status status="PASS" start="2024-07-11T21:16:26.760131" elapsed="0.000224"/>
</kw>
<for flavor="IN">
<iter>
<kw name="Dictionary Should Contain Key" owner="Collections">
<arg>${json_data['results'][0]}</arg>
<arg>${key}</arg>
<doc>Fails if ``key`` is not found from ``dictionary``.</doc>
<status status="PASS" start="2024-07-11T21:16:26.761134" elapsed="0.000421"/>
</kw>
<kw name="Log" owner="BuiltIn">
<msg time="2024-07-11T21:16:26.762135" level="INFO">{'gender': 'male', 'name': {'title': 'Mr', 'first': 'Deniz', 'last': 'Çetin'}, 'location': {'street': {'number': 1589, 'name': 'Talak Göktepe Cd'}, 'city': 'Bolu', 'state': 'Burdur', 'country': 'Turkey', 'postcode': 19242, 'coordinates': {'latitude': '68.4228', 'longitude': '-120.7789'}, 'timezone': {'offset': '+7:00', 'description': 'Bangkok, Hanoi, Jakarta'}}, 'email': 'deniz.cetin@example.com', 'login': {'uuid': '3ed24221-03fb-4c2c-b2d2-334433deb394', 'username': 'smalldog290', 'password': 'bird33', 'salt': 'do8SYjUB', 'md5': 'e1d999586655bceaed1d429a7ffa449c', 'sha1': 'a3a5e0b9a1fd5ad1ade6f0822af248632045ea59', 'sha256': '8232697ecb0a51370f93038d54fe2e9a80183c9708a9631f487d41cae772ecd7'}, 'dob': {'date': '1957-01-14T17:15:42.576Z', 'age': 67}, 'registered': {'date': '2007-10-09T20:09:24.315Z', 'age': 16}, 'phone': '(228)-971-5201', 'cell': '(108)-515-3897', 'id': {'name': '', 'value': None}, 'picture': {'large': 'https://randomuser.me/api/portraits/men/25.jpg', 'medium': 'https://randomuser.me/api/portraits/med/men/25.jpg', 'thumbnail': 'https://randomuser.me/api/portraits/thumb/men/25.jpg'}, 'nat': 'TR'}</msg>
<arg>${json_data['results'][0]}</arg>
<doc>Logs the given message with the given level.</doc>
<status status="PASS" start="2024-07-11T21:16:26.761748" elapsed="0.000441"/>
</kw>
<kw name="Log" owner="BuiltIn">
<msg time="2024-07-11T21:16:26.762626" level="INFO">gender</msg>
<arg>${key}</arg>
<doc>Logs the given message with the given level.</doc>
<status status="PASS" start="2024-07-11T21:16:26.762494" elapsed="0.000171"/>
</kw>
<var name="${key}">gender</var>
<status status="PASS" start="2024-07-11T21:16:26.761008" elapsed="0.001877"/>
</iter>
<iter>
<kw name="Dictionary Should Contain Key" owner="Collections">
<arg>${json_data['results'][0]}</arg>
<arg>${key}</arg>
<doc>Fails if ``key`` is not found from ``dictionary``.</doc>
<status status="PASS" start="2024-07-11T21:16:26.763193" elapsed="0.000406"/>
</kw>
<kw name="Log" owner="BuiltIn">
<msg time="2024-07-11T21:16:26.764139" level="INFO">{'gender': 'male', 'name': {'title': 'Mr', 'first': 'Deniz', 'last': 'Çetin'}, 'location': {'street': {'number': 1589, 'name': 'Talak Göktepe Cd'}, 'city': 'Bolu', 'state': 'Burdur', 'country': 'Turkey', 'postcode': 19242, 'coordinates': {'latitude': '68.4228', 'longitude': '-120.7789'}, 'timezone': {'offset': '+7:00', 'description': 'Bangkok, Hanoi, Jakarta'}}, 'email': 'deniz.cetin@example.com', 'login': {'uuid': '3ed24221-03fb-4c2c-b2d2-334433deb394', 'username': 'smalldog290', 'password': 'bird33', 'salt': 'do8SYjUB', 'md5': 'e1d999586655bceaed1d429a7ffa449c', 'sha1': 'a3a5e0b9a1fd5ad1ade6f0822af248632045ea59', 'sha256': '8232697ecb0a51370f93038d54fe2e9a80183c9708a9631f487d41cae772ecd7'}, 'dob': {'date': '1957-01-14T17:15:42.576Z', 'age': 67}, 'registered': {'date': '2007-10-09T20:09:24.315Z', 'age': 16}, 'phone': '(228)-971-5201', 'cell': '(108)-515-3897', 'id': {'name': '', 'value': None}, 'picture': {'large': 'https://randomuser.me/api/portraits/men/25.jpg', 'medium': 'https://randomuser.me/api/portraits/med/men/25.jpg', 'thumbnail': 'https://randomuser.me/api/portraits/thumb/men/25.jpg'}, 'nat': 'TR'}</msg>
<arg>${json_data['results'][0]}</arg>
<doc>Logs the given message with the given level.</doc>
<status status="PASS" start="2024-07-11T21:16:26.763786" elapsed="0.000437"/>
</kw>
<kw name="Log" owner="BuiltIn">
<msg time="2024-07-11T21:16:26.764706" level="INFO">name</msg>
<arg>${key}</arg>
<doc>Logs the given message with the given level.</doc>
<status status="PASS" start="2024-07-11T21:16:26.764574" elapsed="0.000170"/>
</kw>
<var name="${key}">name</var>
<status status="PASS" start="2024-07-11T21:16:26.763082" elapsed="0.001879"/>
</iter>
<iter>
<kw name="Dictionary Should Contain Key" owner="Collections">
<arg>${json_data['results'][0]}</arg>
<arg>${key}</arg>
<doc>Fails if ``key`` is not found from ``dictionary``.</doc>
<status status="PASS" start="2024-07-11T21:16:26.765248" elapsed="0.000385"/>
</kw>
<kw name="Log" owner="BuiltIn">
<msg time="2024-07-11T21:16:26.766162" level="INFO">{'gender': 'male', 'name': {'title': 'Mr', 'first': 'Deniz', 'last': 'Çetin'}, 'location': {'street': {'number': 1589, 'name': 'Talak Göktepe Cd'}, 'city': 'Bolu', 'state': 'Burdur', 'country': 'Turkey', 'postcode': 19242, 'coordinates': {'latitude': '68.4228', 'longitude': '-120.7789'}, 'timezone': {'offset': '+7:00', 'description': 'Bangkok, Hanoi, Jakarta'}}, 'email': 'deniz.cetin@example.com', 'login': {'uuid': '3ed24221-03fb-4c2c-b2d2-334433deb394', 'username': 'smalldog290', 'password': 'bird33', 'salt': 'do8SYjUB', 'md5': 'e1d999586655bceaed1d429a7ffa449c', 'sha1': 'a3a5e0b9a1fd5ad1ade6f0822af248632045ea59', 'sha256': '8232697ecb0a51370f93038d54fe2e9a80183c9708a9631f487d41cae772ecd7'}, 'dob': {'date': '1957-01-14T17:15:42.576Z', 'age': 67}, 'registered': {'date': '2007-10-09T20:09:24.315Z', 'age': 16}, 'phone': '(228)-971-5201', 'cell': '(108)-515-3897', 'id': {'name': '', 'value': None}, 'picture': {'large': 'https://randomuser.me/api/portraits/men/25.jpg', 'medium': 'https://randomuser.me/api/portraits/med/men/25.jpg', 'thumbnail': 'https://randomuser.me/api/portraits/thumb/men/25.jpg'}, 'nat': 'TR'}</msg>
<arg>${json_data['results'][0]}</arg>
<doc>Logs the given message with the given level.</doc>
<status status="PASS" start="2024-07-11T21:16:26.765814" elapsed="0.000400"/>
</kw>
<kw name="Log" owner="BuiltIn">
<msg time="2024-07-11T21:16:26.766650" level="INFO">location</msg>
<arg>${key}</arg>
<doc>Logs the given message with the given level.</doc>
<status status="PASS" start="2024-07-11T21:16:26.766517" elapsed="0.000171"/>
</kw>
<var name="${key}">location</var>
<status status="PASS" start="2024-07-11T21:16:26.765140" elapsed="0.001766"/>
</iter>
<iter>
<kw name="Dictionary Should Contain Key" owner="Collections">
<arg>${json_data['results'][0]}</arg>
<arg>${key}</arg>
<doc>Fails if ``key`` is not found from ``dictionary``.</doc>
<status status="PASS" start="2024-07-11T21:16:26.767183" elapsed="0.000383"/>
</kw>
<kw name="Log" owner="BuiltIn">
<msg time="2024-07-11T21:16:26.768103" level="INFO">{'gender': 'male', 'name': {'title': 'Mr', 'first': 'Deniz', 'last': 'Çetin'}, 'location': {'street': {'number': 1589, 'name': 'Talak Göktepe Cd'}, 'city': 'Bolu', 'state': 'Burdur', 'country': 'Turkey', 'postcode': 19242, 'coordinates': {'latitude': '68.4228', 'longitude': '-120.7789'}, 'timezone': {'offset': '+7:00', 'description': 'Bangkok, Hanoi, Jakarta'}}, 'email': 'deniz.cetin@example.com', 'login': {'uuid': '3ed24221-03fb-4c2c-b2d2-334433deb394', 'username': 'smalldog290', 'password': 'bird33', 'salt': 'do8SYjUB', 'md5': 'e1d999586655bceaed1d429a7ffa449c', 'sha1': 'a3a5e0b9a1fd5ad1ade6f0822af248632045ea59', 'sha256': '8232697ecb0a51370f93038d54fe2e9a80183c9708a9631f487d41cae772ecd7'}, 'dob': {'date': '1957-01-14T17:15:42.576Z', 'age': 67}, 'registered': {'date': '2007-10-09T20:09:24.315Z', 'age': 16}, 'phone': '(228)-971-5201', 'cell': '(108)-515-3897', 'id': {'name': '', 'value': None}, 'picture': {'large': 'https://randomuser.me/api/portraits/men/25.jpg', 'medium': 'https://randomuser.me/api/portraits/med/men/25.jpg', 'thumbnail': 'https://randomuser.me/api/portraits/thumb/men/25.jpg'}, 'nat': 'TR'}</msg>
<arg>${json_data['results'][0]}</arg>
<doc>Logs the given message with the given level.</doc>
<status status="PASS" start="2024-07-11T21:16:26.767749" elapsed="0.000405"/>
</kw>
<kw name="Log" owner="BuiltIn">
<msg time="2024-07-11T21:16:26.768623" level="INFO">email</msg>
<arg>${key}</arg>
<doc>Logs the given message with the given level.</doc>
<status status="PASS" start="2024-07-11T21:16:26.768494" elapsed="0.000168"/>
</kw>
<var name="${key}">email</var>
<status status="PASS" start="2024-07-11T21:16:26.767077" elapsed="0.001802"/>
</iter>
<iter>
<kw name="Dictionary Should Contain Key" owner="Collections">
<arg>${json_data['results'][0]}</arg>
<arg>${key}</arg>
<doc>Fails if ``key`` is not found from ``dictionary``.</doc>
<status status="PASS" start="2024-07-11T21:16:26.769162" elapsed="0.000385"/>
</kw>
<kw name="Log" owner="BuiltIn">
<msg time="2024-07-11T21:16:26.770086" level="INFO">{'gender': 'male', 'name': {'title': 'Mr', 'first': 'Deniz', 'last': 'Çetin'}, 'location': {'street': {'number': 1589, 'name': 'Talak Göktepe Cd'}, 'city': 'Bolu', 'state': 'Burdur', 'country': 'Turkey', 'postcode': 19242, 'coordinates': {'latitude': '68.4228', 'longitude': '-120.7789'}, 'timezone': {'offset': '+7:00', 'description': 'Bangkok, Hanoi, Jakarta'}}, 'email': 'deniz.cetin@example.com', 'login': {'uuid': '3ed24221-03fb-4c2c-b2d2-334433deb394', 'username': 'smalldog290', 'password': 'bird33', 'salt': 'do8SYjUB', 'md5': 'e1d999586655bceaed1d429a7ffa449c', 'sha1': 'a3a5e0b9a1fd5ad1ade6f0822af248632045ea59', 'sha256': '8232697ecb0a51370f93038d54fe2e9a80183c9708a9631f487d41cae772ecd7'}, 'dob': {'date': '1957-01-14T17:15:42.576Z', 'age': 67}, 'registered': {'date': '2007-10-09T20:09:24.315Z', 'age': 16}, 'phone': '(228)-971-5201', 'cell': '(108)-515-3897', 'id': {'name': '', 'value': None}, 'picture': {'large': 'https://randomuser.me/api/portraits/men/25.jpg', 'medium': 'https://randomuser.me/api/portraits/med/men/25.jpg', 'thumbnail': 'https://randomuser.me/api/portraits/thumb/men/25.jpg'}, 'nat': 'TR'}</msg>
<arg>${json_data['results'][0]}</arg>
<doc>Logs the given message with the given level.</doc>
<status status="PASS" start="2024-07-11T21:16:26.769728" elapsed="0.000411"/>
</kw>
<kw name="Log" owner="BuiltIn">
<msg time="2024-07-11T21:16:26.770564" level="INFO">login</msg>
<arg>${key}</arg>
<doc>Logs the given message with the given level.</doc>
<status status="PASS" start="2024-07-11T21:16:26.770435" elapsed="0.000168"/>
</kw>
<var name="${key}">login</var>
<status status="PASS" start="2024-07-11T21:16:26.769050" elapsed="0.001774"/>
</iter>
<var>${key}</var>
<value>@{expected_keys}</value>
<status status="PASS" start="2024-07-11T21:16:26.760806" elapsed="0.010138"/>
</for>
<kw name="Create List" owner="BuiltIn">
<msg time="2024-07-11T21:16:26.771270" level="INFO">${expected_keysTwo} = ['username', 'password']</msg>
<var>${expected_keysTwo}</var>
<arg>username</arg>
<arg>password</arg>
<doc>Returns a list containing given items.</doc>
<status status="PASS" start="2024-07-11T21:16:26.771135" elapsed="0.000160"/>
</kw>
<for flavor="IN">
<iter>
<kw name="Dictionary Should Contain Key" owner="Collections">
<arg>${json_data['results'][0]['login']}</arg>
<arg>${keyTwo}</arg>
<doc>Fails if ``key`` is not found from ``dictionary``.</doc>
<status status="PASS" start="2024-07-11T21:16:26.771826" elapsed="0.000377"/>
</kw>
<kw name="Dictionary Should Contain Key" owner="Collections">
<arg>${json_data['results'][0]['login']}</arg>
<arg>${keyTwo}</arg>
<doc>Fails if ``key`` is not found from ``dictionary``.</doc>
<status status="PASS" start="2024-07-11T21:16:26.772410" elapsed="0.000380"/>
</kw>
<kw name="Log" owner="BuiltIn">
<msg time="2024-07-11T21:16:26.773105" level="INFO">username</msg>
<arg>${keyTwo}</arg>
<doc>Logs the given message with the given level.</doc>
<status status="PASS" start="2024-07-11T21:16:26.772984" elapsed="0.000160"/>
</kw>
<var name="${keyTwo}">username</var>
<status status="PASS" start="2024-07-11T21:16:26.771719" elapsed="0.001659"/>
</iter>
<iter>
<kw name="Dictionary Should Contain Key" owner="Collections">
<arg>${json_data['results'][0]['login']}</arg>
<arg>${keyTwo}</arg>
<doc>Fails if ``key`` is not found from ``dictionary``.</doc>
<status status="PASS" start="2024-07-11T21:16:26.773656" elapsed="0.000381"/>
</kw>
<kw name="Dictionary Should Contain Key" owner="Collections">
<arg>${json_data['results'][0]['login']}</arg>
<arg>${keyTwo}</arg>
<doc>Fails if ``key`` is not found from ``dictionary``.</doc>
<status status="PASS" start="2024-07-11T21:16:26.774218" elapsed="0.000371"/>
</kw>
<kw name="Log" owner="BuiltIn">
<msg time="2024-07-11T21:16:26.774894" level="INFO">password</msg>
<arg>${keyTwo}</arg>
<doc>Logs the given message with the given level.</doc>
<status status="PASS" start="2024-07-11T21:16:26.774775" elapsed="0.000161"/>
</kw>
<var name="${keyTwo}">password</var>
<status status="PASS" start="2024-07-11T21:16:26.773551" elapsed="0.001604"/>
</iter>
<var>${keyTwo}</var>
<value>@{expected_keysTwo}</value>
<status status="PASS" start="2024-07-11T21:16:26.771564" elapsed="0.003714"/>
</for>
<status status="PASS" start="2024-07-11T21:16:26.700636" elapsed="0.074786"/>
</kw>
<doc>Testa a estrutura da resposta da API.</doc>
<tag>testeEstruturaResposta</tag>
<status status="PASS" start="2024-07-11T21:16:26.699983" elapsed="0.075601"/>
</test>
<test id="s1-s1-t4" name="Validar tipos de dados" line="28">
<kw name="Teste de Tipos de Dados" owner="random-user-service">
<kw name="GET On Session" owner="RequestsLibrary">
<msg time="2024-07-11T21:16:26.860086" level="INFO">GET Request : url=https://randomuser.me/api 
 path_url=/api 
 headers={'User-Agent': 'python-requests/2.32.3', 'Accept-Encoding': 'gzip, deflate', 'Accept': '*/*', 'Connection': 'keep-alive'} 
 body=None 
 </msg>
<msg time="2024-07-11T21:16:26.860190" level="INFO">GET Response : url=https://randomuser.me/api 
 status=200, reason=OK 
 headers={'Date': 'Thu, 11 Jul 2024 21:16:26 GMT', 'Content-Type': 'application/json; charset=utf-8', 'Transfer-Encoding': 'chunked', 'Connection': 'keep-alive', 'X-Powered-By': 'Express', 'Access-Control-Allow-Origin': '*', 'Cache-Control': 'no-cache', 'ETag': 'W/"49b-4dDZkDxpdlqnGLYl3xsjuF4YIAE"', 'Vary': 'Accept-Encoding', 'Content-Encoding': 'gzip', 'CF-Cache-Status': 'DYNAMIC', 'Report-To': '{"endpoints":[{"url":"https:\\/\\/a.nel.cloudflare.com\\/report\\/v4?s=auis%2Bi6sRvQtHRIH41iA8uMRzLdMBpOyUezomSdsvlvDIgXpnRem%2Bth3cwkBx2I%2Bh7V8Q9JQXiefVwslgRyW7miF5bkMJZpdcdaBLtD%2BK8wu5L0D6Ug3MeIgoQQjViVU"}],"group":"cf-nel","max_age":604800}', 'NEL': '{"success_fraction":0,"report_to":"cf-nel","max_age":604800}', 'Server': 'cloudflare', 'CF-RAY': '8a1bd08b6a3f20ba-IAD', 'alt-svc': 'h3=":443"; ma=86400'} 
 body={"results":[{"gender":"female","name":{"title":"Ms","first":"Tooske","last":"Verstraten"},"location":{"street":{"number":8188,"name":"Eldenstraat"},"city":"Oudega Sudwest-Fryslan","state":"Noord-Brabant","country":"Netherlands","postcode":"8949 HD","coordinates":{"latitude":"38.3688","longitude":"26.4937"},"timezone":{"offset":"-3:30","description":"Newfoundland"}},"email":"tooske.verstraten@example.com","login":{"uuid":"eec4d8a8-bb50-4160-959e-dc634cffd7a2","username":"tinysnake796","password":"manila","salt":"UtchxcMt","md5":"f470b4ef8a080fe79edf30c6086f29aa","sha1":"293415ce3cc3076393fa8fbf1e038255b0d2b312","sha256":"d9339e5ce83025a69d6b3ef4f343ece4e6a263f6e6cb72fe85676dca1909797e"},"dob":{"date":"1968-03-11T12:13:32.357Z","age":56},"registered":{"date":"2006-04-28T05:59:41.742Z","age":18},"phone":"(079) 9846110","cell":"(06) 26862214","id":{"name":"BSN","value":"05161723"},"picture":{"large":"https://randomuser.me/api/portraits/women/27.jpg","medium":"https://randomuser.me/api/portraits/med/women/27.jpg","thumbnail":"https://randomuser.me/api/portraits/thumb/women/27.jpg"},"nat":"NL"}],"info":{"seed":"b59b8bba9ad4e098","results":1,"page":1,"version":"1.4"}} 
 </msg>
<msg time="2024-07-11T21:16:26.860298" level="INFO">/opt/hostedtoolcache/Python/3.12.4/x64/lib/python3.12/site-packages/urllib3/connectionpool.py:1099: InsecureRequestWarning: Unverified HTTPS request is being made to host 'randomuser.me'. Adding certificate verification is strongly advised. See: https://urllib3.readthedocs.io/en/latest/advanced-usage.html#tls-warnings
  warnings.warn(</msg>
<msg time="2024-07-11T21:16:26.860437" level="INFO">${response} = &lt;Response [200]&gt;</msg>
<var>${response}</var>
<arg>consultarAPI</arg>
<arg>/api</arg>
<doc>Sends a GET request on a previously created HTTP Session.</doc>
<status status="PASS" start="2024-07-11T21:16:26.778317" elapsed="0.082162"/>
</kw>
<kw name="Set Variable" owner="BuiltIn">
<msg time="2024-07-11T21:16:26.861760" level="INFO">${json_data} = {'results': [{'gender': 'female', 'name': {'title': 'Ms', 'first': 'Tooske', 'last': 'Verstraten'}, 'location': {'street': {'number': 8188, 'name': 'Eldenstraat'}, 'city': 'Oudega Sudwest-Fryslan', 's...</msg>
<var>${json_data}</var>
<arg>${response.json()}</arg>
<doc>Returns the given values which can then be assigned to a variables.</doc>
<status status="PASS" start="2024-07-11T21:16:26.861155" elapsed="0.000637"/>
</kw>
<kw name="Log" owner="BuiltIn">
<msg time="2024-07-11T21:16:26.862269" level="INFO">{'results': [{'gender': 'female', 'name': {'title': 'Ms', 'first': 'Tooske', 'last': 'Verstraten'}, 'location': {'street': {'number': 8188, 'name': 'Eldenstraat'}, 'city': 'Oudega Sudwest-Fryslan', 'state': 'Noord-Brabant', 'country': 'Netherlands', 'postcode': '8949 HD', 'coordinates': {'latitude': '38.3688', 'longitude': '26.4937'}, 'timezone': {'offset': '-3:30', 'description': 'Newfoundland'}}, 'email': 'tooske.verstraten@example.com', 'login': {'uuid': 'eec4d8a8-bb50-4160-959e-dc634cffd7a2', 'username': 'tinysnake796', 'password': 'manila', 'salt': 'UtchxcMt', 'md5': 'f470b4ef8a080fe79edf30c6086f29aa', 'sha1': '293415ce3cc3076393fa8fbf1e038255b0d2b312', 'sha256': 'd9339e5ce83025a69d6b3ef4f343ece4e6a263f6e6cb72fe85676dca1909797e'}, 'dob': {'date': '1968-03-11T12:13:32.357Z', 'age': 56}, 'registered': {'date': '2006-04-28T05:59:41.742Z', 'age': 18}, 'phone': '(079) 9846110', 'cell': '(06) 26862214', 'id': {'name': 'BSN', 'value': '05161723'}, 'picture': {'large': 'https://randomuser.me/api/portraits/women/27.jpg', 'medium': 'https://randomuser.me/api/portraits/med/women/27.jpg', 'thumbnail': 'https://randomuser.me/api/portraits/thumb/women/27.jpg'}, 'nat': 'NL'}], 'info': {'seed': 'b59b8bba9ad4e098', 'results': 1, 'page': 1, 'version': '1.4'}}</msg>
<arg>${json_data}</arg>
<doc>Logs the given message with the given level.</doc>
<status status="PASS" start="2024-07-11T21:16:26.862109" elapsed="0.000212"/>
</kw>
<kw name="Should Be String" owner="String">
<arg>${json_data['results'][0]['gender']}</arg>
<doc>Fails if the given ``item`` is not a string.</doc>
<status status="PASS" start="2024-07-11T21:16:26.862619" elapsed="0.000370"/>
</kw>
<kw name="Should Match Regexp" owner="BuiltIn">
<arg>${json_data['results'][0]['email']}</arg>
<arg>^[a-zA-Z0-9._%+-]+@[a-zA-Z0-9.-]+\.[a-zA-Z]{2,}$</arg>
<doc>Fails if ``string`` does not match ``pattern`` as a regular expression.</doc>
<status status="PASS" start="2024-07-11T21:16:26.863185" elapsed="0.000531"/>
</kw>
<kw name="Should Match Regexp" owner="BuiltIn">
<arg>${json_data['results'][0]['dob']['date']}</arg>
<arg>\\d{4}-\\d{2}-\\d{2}T\\d{2}:\\d{2}:\\d{2}\\.\\d{3}Z</arg>
<doc>Fails if ``string`` does not match ``pattern`` as a regular expression.</doc>
<status status="PASS" start="2024-07-11T21:16:26.863950" elapsed="0.000544"/>
</kw>
<kw name="Should Match Regexp" owner="BuiltIn">
<arg>${json_data['results'][0]['registered']['date']}</arg>
<arg>\\d{4}-\\d{2}-\\d{2}T\\d{2}:\\d{2}:\\d{2}\\.\\d{3}Z</arg>
<doc>Fails if ``string`` does not match ``pattern`` as a regular expression.</doc>
<status status="PASS" start="2024-07-11T21:16:26.864693" elapsed="0.000372"/>
</kw>
<kw name="Should Match Regexp" owner="BuiltIn">
<arg>${json_data['results'][0]['picture']['large']}</arg>
<arg>^https?://.*\.(?:png|jpe?g|gif|bmp)$</arg>
<doc>Fails if ``string`` does not match ``pattern`` as a regular expression.</doc>
<status status="PASS" start="2024-07-11T21:16:26.865254" elapsed="0.000464"/>
</kw>
<kw name="Should Match Regexp" owner="BuiltIn">
<arg>${json_data['results'][0]['picture']['medium']}</arg>
<arg>^https?://.*\.(?:png|jpe?g|gif|bmp)$</arg>
<doc>Fails if ``string`` does not match ``pattern`` as a regular expression.</doc>
<status status="PASS" start="2024-07-11T21:16:26.865907" elapsed="0.000360"/>
</kw>
<kw name="Should Match Regexp" owner="BuiltIn">
<arg>${json_data['results'][0]['picture']['thumbnail']}</arg>
<arg>^https?://.*\.(?:png|jpe?g|gif|bmp)$</arg>
<doc>Fails if ``string`` does not match ``pattern`` as a regular expression.</doc>
<status status="PASS" start="2024-07-11T21:16:26.866452" elapsed="0.000359"/>
</kw>
<kw name="Log" owner="BuiltIn">
<msg time="2024-07-11T21:16:26.867327" level="INFO">{'large': 'https://randomuser.me/api/portraits/women/27.jpg', 'medium': 'https://randomuser.me/api/portraits/med/women/27.jpg', 'thumbnail': 'https://randomuser.me/api/portraits/thumb/women/27.jpg'}</msg>
<arg>${json_data['results'][0]['picture']}</arg>
<doc>Logs the given message with the given level.</doc>
<status status="PASS" start="2024-07-11T21:16:26.866996" elapsed="0.000374"/>
</kw>
<status status="PASS" start="2024-07-11T21:16:26.778082" elapsed="0.089548"/>
</kw>
<kw name="Teste de Tipos de Dados - Postcode" owner="random-user-service">
<kw name="GET On Session" owner="RequestsLibrary">
<msg time="2024-07-11T21:16:26.968912" level="INFO">GET Request : url=https://randomuser.me/api 
 path_url=/api 
 headers={'User-Agent': 'python-requests/2.32.3', 'Accept-Encoding': 'gzip, deflate', 'Accept': '*/*', 'Connection': 'keep-alive'} 
 body=None 
 </msg>
<msg time="2024-07-11T21:16:26.969029" level="INFO">GET Response : url=https://randomuser.me/api 
 status=200, reason=OK 
 headers={'Date': 'Thu, 11 Jul 2024 21:16:26 GMT', 'Content-Type': 'application/json; charset=utf-8', 'Transfer-Encoding': 'chunked', 'Connection': 'keep-alive', 'X-Powered-By': 'Express', 'Access-Control-Allow-Origin': '*', 'Cache-Control': 'no-cache', 'ETag': 'W/"474-LMdj3iN658TV4RdflbNxQemtaWU"', 'Vary': 'Accept-Encoding', 'Content-Encoding': 'gzip', 'CF-Cache-Status': 'DYNAMIC', 'Report-To': '{"endpoints":[{"url":"https:\\/\\/a.nel.cloudflare.com\\/report\\/v4?s=LZNS1DSjkZw8ygO03vaZeZIr3Kg07m5JLRAV3SYVJ%2BxiXgffb37WV1kO7%2FUqYlEFzG9l908E73o4%2Bu8%2BR2xUzdzuFAr%2BJodtOz9pIsWggQu8ODgo0lVHvhdmXHX7cCl0"}],"group":"cf-nel","max_age":604800}', 'NEL': '{"success_fraction":0,"report_to":"cf-nel","max_age":604800}', 'Server': 'cloudflare', 'CF-RAY': '8a1bd08bfaf720ba-IAD', 'alt-svc': 'h3=":443"; ma=86400'} 
 body={"results":[{"gender":"male","name":{"title":"Mr","first":"Bruno","last":"Hermann"},"location":{"street":{"number":5774,"name":"Lerdalsgrenda"},"city":"Skatval","state":"Oppland","country":"Norway","postcode":"8854","coordinates":{"latitude":"42.4605","longitude":"-116.3654"},"timezone":{"offset":"-12:00","description":"Eniwetok, Kwajalein"}},"email":"bruno.hermann@example.com","login":{"uuid":"25097b8d-fae7-4ed2-9dc7-40eb296c2856","username":"smallladybug337","password":"stevie","salt":"8N4B52lY","md5":"3d073f23e83a1c19978b8179a06bd382","sha1":"8ebee04d3e15e793411099e7e4bbc8454c9be9ad","sha256":"438b7611c2452a2d80771d80fa205061907aa1081c82ae99bfdf08fd78562c87"},"dob":{"date":"1945-12-18T03:17:36.119Z","age":78},"registered":{"date":"2020-10-21T21:40:47.330Z","age":3},"phone":"35371534","cell":"98328723","id":{"name":"FN","value":"18124524551"},"picture":{"large":"https://randomuser.me/api/portraits/men/69.jpg","medium":"https://randomuser.me/api/portraits/med/men/69.jpg","thumbnail":"https://randomuser.me/api/portraits/thumb/men/69.jpg"},"nat":"NO"}],"info":{"seed":"8cdecd7a781825d6","results":1,"page":1,"version":"1.4"}} 
 </msg>
<msg time="2024-07-11T21:16:26.969110" level="INFO">/opt/hostedtoolcache/Python/3.12.4/x64/lib/python3.12/site-packages/urllib3/connectionpool.py:1099: InsecureRequestWarning: Unverified HTTPS request is being made to host 'randomuser.me'. Adding certificate verification is strongly advised. See: https://urllib3.readthedocs.io/en/latest/advanced-usage.html#tls-warnings
  warnings.warn(</msg>
<msg time="2024-07-11T21:16:26.969236" level="INFO">${response} = &lt;Response [200]&gt;</msg>
<var>${response}</var>
<arg>consultarAPI</arg>
<arg>/api</arg>
<doc>Sends a GET request on a previously created HTTP Session.</doc>
<status status="PASS" start="2024-07-11T21:16:26.868093" elapsed="0.101185"/>
</kw>
<kw name="Set Variable" owner="BuiltIn">
<msg time="2024-07-11T21:16:26.970616" level="INFO">${json_data} = {'results': [{'gender': 'male', 'name': {'title': 'Mr', 'first': 'Bruno', 'last': 'Hermann'}, 'location': {'street': {'number': 5774, 'name': 'Lerdalsgrenda'}, 'city': 'Skatval', 'state': 'Oppland', '...</msg>
<var>${json_data}</var>
<arg>${response.json()}</arg>
<doc>Returns the given values which can then be assigned to a variables.</doc>
<status status="PASS" start="2024-07-11T21:16:26.969981" elapsed="0.000665"/>
</kw>
<kw name="Log" owner="BuiltIn">
<msg time="2024-07-11T21:16:26.971181" level="INFO">{'results': [{'gender': 'male', 'name': {'title': 'Mr', 'first': 'Bruno', 'last': 'Hermann'}, 'location': {'street': {'number': 5774, 'name': 'Lerdalsgrenda'}, 'city': 'Skatval', 'state': 'Oppland', 'country': 'Norway', 'postcode': '8854', 'coordinates': {'latitude': '42.4605', 'longitude': '-116.3654'}, 'timezone': {'offset': '-12:00', 'description': 'Eniwetok, Kwajalein'}}, 'email': 'bruno.hermann@example.com', 'login': {'uuid': '25097b8d-fae7-4ed2-9dc7-40eb296c2856', 'username': 'smallladybug337', 'password': 'stevie', 'salt': '8N4B52lY', 'md5': '3d073f23e83a1c19978b8179a06bd382', 'sha1': '8ebee04d3e15e793411099e7e4bbc8454c9be9ad', 'sha256': '438b7611c2452a2d80771d80fa205061907aa1081c82ae99bfdf08fd78562c87'}, 'dob': {'date': '1945-12-18T03:17:36.119Z', 'age': 78}, 'registered': {'date': '2020-10-21T21:40:47.330Z', 'age': 3}, 'phone': '35371534', 'cell': '98328723', 'id': {'name': 'FN', 'value': '18124524551'}, 'picture': {'large': 'https://randomuser.me/api/portraits/men/69.jpg', 'medium': 'https://randomuser.me/api/portraits/med/men/69.jpg', 'thumbnail': 'https://randomuser.me/api/portraits/thumb/men/69.jpg'}, 'nat': 'NO'}], 'info': {'seed': '8cdecd7a781825d6', 'results': 1, 'page': 1, 'version': '1.4'}}</msg>
<arg>${json_data}</arg>
<doc>Logs the given message with the given level.</doc>
<status status="PASS" start="2024-07-11T21:16:26.971005" elapsed="0.000227"/>
</kw>
<kw name="Should Be Equal As Numbers" owner="BuiltIn">
<arg>${json_data['results'][0]['location']['postcode']}</arg>
<arg>${json_data['results'][0]['location']['postcode']}</arg>
<doc>Fails if objects are unequal after converting them to real numbers.</doc>
<status status="PASS" start="2024-07-11T21:16:26.971541" elapsed="0.000666"/>
</kw>
<kw name="Log" owner="BuiltIn">
<msg time="2024-07-11T21:16:26.972784" level="INFO">8854</msg>
<arg>${json_data['results'][0]['location']['postcode']}</arg>
<doc>Logs the given message with the given level.</doc>
<status status="PASS" start="2024-07-11T21:16:26.972444" elapsed="0.000382"/>
</kw>
<status status="PASS" start="2024-07-11T21:16:26.867862" elapsed="0.105261"/>
</kw>
<doc>Testa se os tipos de dados na resposta da API estão corretos.</doc>
<tag>testeTiposDados</tag>
<status status="PASS" start="2024-07-11T21:16:26.777424" elapsed="0.195879"/>
</test>
<test id="s1-s1-t5" name="Validar conteudo" line="35">
<kw name="Teste de Tipos de Conteudo" owner="random-user-service">
<kw name="GET On Session" owner="RequestsLibrary">
<msg time="2024-07-11T21:16:27.059589" level="INFO">GET Request : url=https://randomuser.me/api 
 path_url=/api 
 headers={'User-Agent': 'python-requests/2.32.3', 'Accept-Encoding': 'gzip, deflate', 'Accept': '*/*', 'Connection': 'keep-alive'} 
 body=None 
 </msg>
<msg time="2024-07-11T21:16:27.059695" level="INFO">GET Response : url=https://randomuser.me/api 
 status=200, reason=OK 
 headers={'Date': 'Thu, 11 Jul 2024 21:16:27 GMT', 'Content-Type': 'application/json; charset=utf-8', 'Transfer-Encoding': 'chunked', 'Connection': 'keep-alive', 'X-Powered-By': 'Express', 'Access-Control-Allow-Origin': '*', 'Cache-Control': 'no-cache', 'ETag': 'W/"492-xo9mHbV9G/vkw9zFjbuWz/XNJcs"', 'Vary': 'Accept-Encoding', 'Content-Encoding': 'gzip', 'CF-Cache-Status': 'DYNAMIC', 'Report-To': '{"endpoints":[{"url":"https:\\/\\/a.nel.cloudflare.com\\/report\\/v4?s=2ssObxbFT%2Bira3tz8JKFZVdlHL%2FvIaarwSMo8pJiZIw1T5dp4apo0tPI7yCPbxIhmOUqdjjeFSaDGHx4WDKEH4Id0e2510vrLU7T1CSuhE85VQdPR6x%2BDgLcFHXCcAx8"}],"group":"cf-nel","max_age":604800}', 'NEL': '{"success_fraction":0,"report_to":"cf-nel","max_age":604800}', 'Server': 'cloudflare', 'CF-RAY': '8a1bd08c9bb020ba-IAD', 'alt-svc': 'h3=":443"; ma=86400'} 
 body={"results":[{"gender":"male","name":{"title":"Mr","first":"Victor","last":"Johnson"},"location":{"street":{"number":6374,"name":"Dalhousie Ave"},"city":"Cumberland","state":"Manitoba","country":"Canada","postcode":"L7A 2L0","coordinates":{"latitude":"-70.1547","longitude":"-34.1706"},"timezone":{"offset":"-4:00","description":"Atlantic Time (Canada), Caracas, La Paz"}},"email":"victor.johnson@example.com","login":{"uuid":"e64a5333-34cc-4874-80b4-0cd32c32e255","username":"redfish145","password":"102030","salt":"msYWFDpX","md5":"b707fbb8e718aee64095a939552064ec","sha1":"81d3fc3564a4927ba8916fe7e0ec4abd02158bc4","sha256":"cad2eee3df9688a6594d6a770766d7f8d61cfcabb61768caddae053b3e640126"},"dob":{"date":"1989-11-27T04:19:49.605Z","age":34},"registered":{"date":"2019-10-22T01:23:50.861Z","age":4},"phone":"E71 D91-3394","cell":"U57 D92-8026","id":{"name":"SIN","value":"945648723"},"picture":{"large":"https://randomuser.me/api/portraits/men/20.jpg","medium":"https://randomuser.me/api/portraits/med/men/20.jpg","thumbnail":"https://randomuser.me/api/portraits/thumb/men/20.jpg"},"nat":"CA"}],"info":{"seed":"df28a7b4a5aea582","results":1,"page":1,"version":"1.4"}} 
 </msg>
<msg time="2024-07-11T21:16:27.059793" level="INFO">/opt/hostedtoolcache/Python/3.12.4/x64/lib/python3.12/site-packages/urllib3/connectionpool.py:1099: InsecureRequestWarning: Unverified HTTPS request is being made to host 'randomuser.me'. Adding certificate verification is strongly advised. See: https://urllib3.readthedocs.io/en/latest/advanced-usage.html#tls-warnings
  warnings.warn(</msg>
<msg time="2024-07-11T21:16:27.059927" level="INFO">${response} = &lt;Response [200]&gt;</msg>
<var>${response}</var>
<arg>consultarAPI</arg>
<arg>/api</arg>
<doc>Sends a GET request on a previously created HTTP Session.</doc>
<status status="PASS" start="2024-07-11T21:16:26.976084" elapsed="0.083886"/>
</kw>
<kw name="Set Variable" owner="BuiltIn">
<msg time="2024-07-11T21:16:27.061290" level="INFO">${json_data} = {'results': [{'gender': 'male', 'name': {'title': 'Mr', 'first': 'Victor', 'last': 'Johnson'}, 'location': {'street': {'number': 6374, 'name': 'Dalhousie Ave'}, 'city': 'Cumberland', 'state': 'Manitob...</msg>
<var>${json_data}</var>
<arg>${response.json()}</arg>
<doc>Returns the given values which can then be assigned to a variables.</doc>
<status status="PASS" start="2024-07-11T21:16:27.060689" elapsed="0.000639"/>
</kw>
<kw name="Set Variable" owner="BuiltIn">
<msg time="2024-07-11T21:16:27.062161" level="INFO">${name_title} = Mr</msg>
<var>${name_title}</var>
<arg>${json_data["results"][0]["name"]["title"]}</arg>
<doc>Returns the given values which can then be assigned to a variables.</doc>
<status status="PASS" start="2024-07-11T21:16:27.061750" elapsed="0.000437"/>
</kw>
<kw name="Create List" owner="BuiltIn">
<msg time="2024-07-11T21:16:27.062666" level="INFO">${allowed_titles} = ['Mr', 'Ms', 'Miss', 'Mrs', 'Madame', 'Monsieur']</msg>
<var>${allowed_titles}</var>
<arg>Mr</arg>
<arg>Ms</arg>
<arg>Miss</arg>
<arg>Mrs</arg>
<arg>Madame</arg>
<arg>Monsieur</arg>
<doc>Returns a list containing given items.</doc>
<status status="PASS" start="2024-07-11T21:16:27.062509" elapsed="0.000184"/>
</kw>
<kw name="List Should Contain Value" owner="Collections">
<arg>${allowed_titles}</arg>
<arg>${name_title}</arg>
<doc>Fails if the ``value`` is not found from ``list``.</doc>
<status status="PASS" start="2024-07-11T21:16:27.063000" elapsed="0.000186"/>
</kw>
<kw name="Set Variable" owner="BuiltIn">
<msg time="2024-07-11T21:16:27.063750" level="INFO">${name_country} = CA</msg>
<var>${name_country}</var>
<arg>${json_data["results"][0]["nat"]}</arg>
<doc>Returns the given values which can then be assigned to a variables.</doc>
<status status="PASS" start="2024-07-11T21:16:27.063369" elapsed="0.000407"/>
</kw>
<kw name="Create List" owner="BuiltIn">
<msg time="2024-07-11T21:16:27.064722" level="INFO">${list_country} = ['AD', 'AE', 'AF', 'AG', 'AI', 'AL', 'AM', 'AO', 'AQ', 'AR', 'AS', 'AT', 'AU', 'AW', 'AX', 'AZ', 'BA', 'BB', 'BD', 'BE', 'BF', 'BG', 'BH', 'BI', 'BJ', 'BL', 'BM', 'BN', 'BO', 'BQ', 'BR', 'BS', 'BT', '...</msg>
<var>${list_country}</var>
<arg>AD</arg>
<arg>AE</arg>
<arg>AF</arg>
<arg>AG</arg>
<arg>AI</arg>
<arg>AL</arg>
<arg>AM</arg>
<arg>AO</arg>
<arg>AQ</arg>
<arg>AR</arg>
<arg>AS</arg>
<arg>AT</arg>
<arg>AU</arg>
<arg>AW</arg>
<arg>AX</arg>
<arg>AZ</arg>
<arg>BA</arg>
<arg>BB</arg>
<arg>BD</arg>
<arg>BE</arg>
<arg>BF</arg>
<arg>BG</arg>
<arg>BH</arg>
<arg>BI</arg>
<arg>BJ</arg>
<arg>BL</arg>
<arg>BM</arg>
<arg>BN</arg>
<arg>BO</arg>
<arg>BQ</arg>
<arg>BR</arg>
<arg>BS</arg>
<arg>BT</arg>
<arg>BV</arg>
<arg>BW</arg>
<arg>BY</arg>
<arg>BZ</arg>
<arg>CA</arg>
<arg>CC</arg>
<arg>CD</arg>
<arg>CF</arg>
<arg>CG</arg>
<arg>CH</arg>
<arg>CI</arg>
<arg>CK</arg>
<arg>CL</arg>
<arg>CM</arg>
<arg>CN</arg>
<arg>CO</arg>
<arg>CR</arg>
<arg>CU</arg>
<arg>CV</arg>
<arg>CW</arg>
<arg>CX</arg>
<arg>CY</arg>
<arg>CZ</arg>
<arg>DE</arg>
<arg>DJ</arg>
<arg>DK</arg>
<arg>DM</arg>
<arg>DO</arg>
<arg>DZ</arg>
<arg>EC</arg>
<arg>EE</arg>
<arg>EG</arg>
<arg>EH</arg>
<arg>ER</arg>
<arg>ES</arg>
<arg>ET</arg>
<arg>FI</arg>
<arg>FJ</arg>
<arg>FK</arg>
<arg>FM</arg>
<arg>FO</arg>
<arg>FR</arg>
<arg>GA</arg>
<arg>GB</arg>
<arg>GD</arg>
<arg>GE</arg>
<arg>GF</arg>
<arg>GG</arg>
<arg>GH</arg>
<arg>GI</arg>
<arg>GL</arg>
<arg>GM</arg>
<arg>GN</arg>
<arg>GP</arg>
<arg>GQ</arg>
<arg>GR</arg>
<arg>GS</arg>
<arg>GT</arg>
<arg>GU</arg>
<arg>GW</arg>
<arg>GY</arg>
<arg>HK</arg>
<arg>HM</arg>
<arg>HN</arg>
<arg>HR</arg>
<arg>HT</arg>
<arg>HU</arg>
<arg>ID</arg>
<arg>IE</arg>
<arg>IL</arg>
<arg>IM</arg>
<arg>IN</arg>
<arg>IO</arg>
<arg>IQ</arg>
<arg>IR</arg>
<arg>IS</arg>
<arg>IT</arg>
<arg>JE</arg>
<arg>JM</arg>
<arg>JO</arg>
<arg>JP</arg>
<arg>KE</arg>
<arg>KG</arg>
<arg>KH</arg>
<arg>KI</arg>
<arg>KM</arg>
<arg>KN</arg>
<arg>KP</arg>
<arg>KR</arg>
<arg>KW</arg>
<arg>KY</arg>
<arg>KZ</arg>
<arg>LA</arg>
<arg>LB</arg>
<arg>LC</arg>
<arg>LI</arg>
<arg>LK</arg>
<arg>LR</arg>
<arg>LS</arg>
<arg>LT</arg>
<arg>LU</arg>
<arg>LV</arg>
<arg>LY</arg>
<arg>MA</arg>
<arg>MC</arg>
<arg>MD</arg>
<arg>ME</arg>
<arg>MF</arg>
<arg>MG</arg>
<arg>MH</arg>
<arg>MK</arg>
<arg>ML</arg>
<arg>MM</arg>
<arg>MN</arg>
<arg>MO</arg>
<arg>MP</arg>
<arg>MQ</arg>
<arg>MR</arg>
<arg>MS</arg>
<arg>MT</arg>
<arg>MU</arg>
<arg>MV</arg>
<arg>MW</arg>
<arg>MX</arg>
<arg>MY</arg>
<arg>MZ</arg>
<arg>NA</arg>
<arg>NC</arg>
<arg>NE</arg>
<arg>NF</arg>
<arg>NG</arg>
<arg>NI</arg>
<arg>NL</arg>
<arg>NO</arg>
<arg>NP</arg>
<arg>NR</arg>
<arg>NU</arg>
<arg>NZ</arg>
<arg>OM</arg>
<arg>PA</arg>
<arg>PE</arg>
<arg>PF</arg>
<arg>PG</arg>
<arg>PH</arg>
<arg>PK</arg>
<arg>PL</arg>
<arg>PM</arg>
<arg>PN</arg>
<arg>PR</arg>
<arg>PS</arg>
<arg>PT</arg>
<arg>PW</arg>
<arg>PY</arg>
<arg>QA</arg>
<arg>RE</arg>
<arg>RO</arg>
<arg>RS</arg>
<arg>RU</arg>
<arg>RW</arg>
<arg>SA</arg>
<arg>SB</arg>
<arg>SC</arg>
<arg>SD</arg>
<arg>SE</arg>
<arg>SG</arg>
<arg>SH</arg>
<arg>SI</arg>
<arg>SJ</arg>
<arg>SK</arg>
<arg>SL</arg>
<arg>SM</arg>
<arg>SN</arg>
<arg>SO</arg>
<arg>SR</arg>
<arg>SS</arg>
<arg>ST</arg>
<arg>SV</arg>
<arg>SX</arg>
<arg>SY</arg>
<arg>SZ</arg>
<arg>TC</arg>
<arg>TD</arg>
<arg>TF</arg>
<arg>TG</arg>
<arg>TH</arg>
<arg>TJ</arg>
<arg>TK</arg>
<arg>TL</arg>
<arg>TM</arg>
<arg>TN</arg>
<arg>TO</arg>
<arg>TR</arg>
<arg>TT</arg>
<arg>TV</arg>
<arg>TW</arg>
<arg>TZ</arg>
<arg>UA</arg>
<arg>UG</arg>
<arg>UM</arg>
<arg>US</arg>
<arg>UY</arg>
<arg>UZ</arg>
<arg>VA</arg>
<arg>VC</arg>
<arg>VE</arg>
<arg>VG</arg>
<arg>VI</arg>
<arg>VN</arg>
<arg>VU</arg>
<arg>WF</arg>
<arg>WS</arg>
<arg>XK</arg>
<arg>YE</arg>
<arg>YT</arg>
<arg>ZA</arg>
<arg>ZM</arg>
<arg>ZW</arg>
<doc>Returns a list containing given items.</doc>
<status status="PASS" start="2024-07-11T21:16:27.064080" elapsed="0.000670"/>
</kw>
<kw name="List Should Contain Value" owner="Collections">
<arg>${list_country}</arg>
<arg>${name_country}</arg>
<doc>Fails if the ``value`` is not found from ``list``.</doc>
<status status="PASS" start="2024-07-11T21:16:27.065548" elapsed="0.000208"/>
</kw>
<kw name="Run Keyword If" owner="BuiltIn">
<kw name="Should Be True" owner="BuiltIn">
<arg>${True}</arg>
<doc>Fails if the given condition is not true.</doc>
<status status="PASS" start="2024-07-11T21:16:27.066704" elapsed="0.000144"/>
</kw>
<arg>${json_data["results"][0]["location"]["coordinates"]["latitude"]} &gt;= -90 and ${json_data["results"][0]["location"]["coordinates"]["latitude"]} &lt;= 90</arg>
<arg>Should Be True</arg>
<arg>${True}</arg>
<doc>Runs the given keyword with the given arguments, if ``condition`` is true.</doc>
<status status="PASS" start="2024-07-11T21:16:27.065956" elapsed="0.001019"/>
</kw>
<kw name="Run Keyword If" owner="BuiltIn">
<kw name="Should Be True" owner="BuiltIn">
<arg>${True}</arg>
<doc>Fails if the given condition is not true.</doc>
<status status="PASS" start="2024-07-11T21:16:27.067855" elapsed="0.000138"/>
</kw>
<arg>${json_data["results"][0]["location"]["coordinates"]["longitude"]} &gt;= -180 and ${json_data["results"][0]["location"]["coordinates"]["longitude"]} &lt;= 180</arg>
<arg>Should Be True</arg>
<arg>${True}</arg>
<doc>Runs the given keyword with the given arguments, if ``condition`` is true.</doc>
<status status="PASS" start="2024-07-11T21:16:27.067157" elapsed="0.000959"/>
</kw>
<status status="PASS" start="2024-07-11T21:16:26.975665" elapsed="0.092587"/>
</kw>
<doc>Testa o conteúdo específico dos campos retornados pela API.</doc>
<tag>testeConteudo</tag>
<status status="PASS" start="2024-07-11T21:16:26.975099" elapsed="0.093366"/>
</test>
<status status="PASS" start="2024-07-11T21:16:26.189904" elapsed="0.880603"/>
</suite>
<status status="PASS" start="2024-07-11T21:16:26.174677" elapsed="0.901138"/>
</suite>
<statistics>
<total>
<stat pass="5" fail="0" skip="0">All Tests</stat>
</total>
<tag>
<stat pass="1" fail="0" skip="0">testeConteudo</stat>
<stat pass="1" fail="0" skip="0">testeEstruturaResposta</stat>
<stat pass="1" fail="0" skip="0">testeRequisicaoBasica</stat>
<stat pass="1" fail="0" skip="0">testeTiposDados</stat>
</tag>
<suite>
<stat pass="5" fail="0" skip="0" id="s1" name="Tests">Tests</stat>
<stat pass="5" fail="0" skip="0" id="s1-s1" name="Random-User-Test">Tests.Random-User-Test</stat>
</suite>
</statistics>
<errors>
</errors>
</robot>
