<?xml version="1.0" encoding="UTF-8"?>
<robot generator="Robot 7.0 (Python 3.12.3 on linux)" generated="2024-05-05T02:26:33.744878" rpa="false" schemaversion="5">
<suite id="s1" name="Tests" source="/home/runner/work/DesafioQAItauRogerioJordao/DesafioQAItauRogerioJordao/RamdonUser/tests">
<suite id="s1-s1" name="Random-User-Test" source="/home/runner/work/DesafioQAItauRogerioJordao/DesafioQAItauRogerioJordao/RamdonUser/tests/random-user-test.robot">
<test id="s1-s1-t1" name="Conectar" line="13">
<kw name="Conectar API" owner="random-user-service">
<kw name="Create Session" owner="RequestsLibrary">
<msg time="2024-05-05T02:26:34.103055" level="INFO">Creating Session using : alias=consultarAPI, url=https://randomuser.me/, headers={},                     cookies={}, auth=None, timeout=None, proxies=None, verify=False,                     debug=0 </msg>
<arg>consultarAPI</arg>
<arg>${URL}</arg>
<doc>Create Session: create a HTTP session to a server</doc>
<status status="PASS" start="2024-05-05T02:26:34.102850" elapsed="0.000385"/>
</kw>
<status status="PASS" start="2024-05-05T02:26:34.101829" elapsed="0.001765"/>
</kw>
<status status="PASS" start="2024-05-05T02:26:34.101276" elapsed="0.002513"/>
</test>
<test id="s1-s1-t2" name="Validar retorno 200 e JSON Válido" line="16">
<kw name="Teste de Requisicao Basica" owner="random-user-service">
<kw name="GET On Session" owner="RequestsLibrary">
<msg time="2024-05-05T02:26:34.352691" level="INFO">GET Request : url=https://randomuser.me/api 
 path_url=/api 
 headers={'User-Agent': 'python-requests/2.31.0', 'Accept-Encoding': 'gzip, deflate', 'Accept': '*/*', 'Connection': 'keep-alive'} 
 body=None 
 </msg>
<msg time="2024-05-05T02:26:34.352871" level="INFO">GET Response : url=https://randomuser.me/api 
 status=200, reason=OK 
 headers={'Date': 'Sun, 05 May 2024 02:26:34 GMT', 'Content-Type': 'application/json; charset=utf-8', 'Transfer-Encoding': 'chunked', 'Connection': 'keep-alive', 'X-Powered-By': 'Express', 'Access-Control-Allow-Origin': '*', 'Cache-Control': 'no-cache', 'ETag': 'W/"48d-RmvFRTbbrTw5gnVBkQfEEH9QhBI"', 'Vary': 'Accept-Encoding', 'Content-Encoding': 'gzip', 'CF-Cache-Status': 'DYNAMIC', 'Report-To': '{"endpoints":[{"url":"https:\\/\\/a.nel.cloudflare.com\\/report\\/v4?s=AEAPWtxO6hH0MeD0MaRq6gj2hIHz%2BuT0X1Fgv4SHuMj41RWaqAbycFmHCOn1XcIZyYEZj90eToDknjvSM882Sq6Qk5qeBXu%2FyDziLu2zHFAd%2BVsNb%2BRggOPGqfls4Iav"}],"group":"cf-nel","max_age":604800}', 'NEL': '{"success_fraction":0,"report_to":"cf-nel","max_age":604800}', 'Server': 'cloudflare', 'CF-RAY': '87ed49547dee58a8-IAD', 'alt-svc': 'h3=":443"; ma=86400'} 
 body={"results":[{"gender":"male","name":{"title":"Mr","first":"Georgije","last":"Vrhovac"},"location":{"street":{"number":1109,"name":"Vlade Aksentijevića"},"city":"Krupanj","state":"Braničevo","country":"Serbia","postcode":20334,"coordinates":{"latitude":"62.3530","longitude":"-108.0192"},"timezone":{"offset":"+7:00","description":"Bangkok, Hanoi, Jakarta"}},"email":"georgije.vrhovac@example.com","login":{"uuid":"4ec1e501-a20e-4d9d-adb1-33b8b9dd94c1","username":"sadbutterfly321","password":"smokes","salt":"Mkb5YL1M","md5":"081377abda76e85d7ca10e9421f66419","sha1":"1125f363c0bc5e2f58dbd7411f57e62eba5ef974","sha256":"c1d2b0df39d381baabc4033161078b456e9adc44e0ca5afc5b2f8f34bb0952e6"},"dob":{"date":"1957-01-12T21:29:18.976Z","age":67},"registered":{"date":"2016-12-03T07:49:49.820Z","age":7},"phone":"035-8862-713","cell":"069-0543-069","id":{"name":"SID","value":"096341852"},"picture":{"large":"https://randomuser.me/api/portraits/men/52.jpg","medium":"https://randomuser.me/api/portraits/med/men/52.jpg","thumbnail":"https://randomuser.me/api/portraits/thumb/men/52.jpg"},"nat":"RS"}],"info":{"seed":"2fc9f855ecf50fdb","results":1,"page":1,"version":"1.4"}} 
 </msg>
<msg time="2024-05-05T02:26:34.352961" level="INFO">/opt/hostedtoolcache/Python/3.12.3/x64/lib/python3.12/site-packages/urllib3/connectionpool.py:1103: InsecureRequestWarning: Unverified HTTPS request is being made to host 'randomuser.me'. Adding certificate verification is strongly advised. See: https://urllib3.readthedocs.io/en/latest/advanced-usage.html#tls-warnings
  warnings.warn(</msg>
<msg time="2024-05-05T02:26:34.353104" level="INFO">${response} = &lt;Response [200]&gt;</msg>
<var>${response}</var>
<arg>consultarAPI</arg>
<arg>/api</arg>
<doc>Sends a GET request on a previously created HTTP Session.</doc>
<status status="PASS" start="2024-05-05T02:26:34.106414" elapsed="0.246733"/>
</kw>
<kw name="Should Be Equal As Numbers" owner="BuiltIn">
<msg time="2024-05-05T02:26:34.354145" level="INFO">Argument types are:
&lt;class 'int'&gt;
&lt;class 'str'&gt;</msg>
<arg>${response.status_code}</arg>
<arg>200</arg>
<doc>Fails if objects are unequal after converting them to real numbers.</doc>
<status status="PASS" start="2024-05-05T02:26:34.353687" elapsed="0.000523"/>
</kw>
<kw name="Log" owner="BuiltIn">
<msg time="2024-05-05T02:26:34.354951" level="INFO">200</msg>
<arg>${response.status_code}</arg>
<doc>Logs the given message with the given level.</doc>
<status status="PASS" start="2024-05-05T02:26:34.354566" elapsed="0.000446"/>
</kw>
<kw name="Set Variable" owner="BuiltIn">
<msg time="2024-05-05T02:26:34.355791" level="INFO">${json_data} = {'results': [{'gender': 'male', 'name': {'title': 'Mr', 'first': 'Georgije', 'last': 'Vrhovac'}, 'location': {'street': {'number': 1109, 'name': 'Vlade Aksentijevića'}, 'city': 'Krupanj', 'state': 'Br...</msg>
<var>${json_data}</var>
<arg>${response.json()}</arg>
<doc>Returns the given values which can then be assigned to a variables.</doc>
<status status="PASS" start="2024-05-05T02:26:34.355339" elapsed="0.000482"/>
</kw>
<kw name="Dictionary Should Contain Key" owner="Collections">
<msg time="2024-05-05T02:26:34.356301" level="INFO">False</msg>
<arg>${json_data}</arg>
<arg>results</arg>
<doc>Fails if ``key`` is not found from ``dictionary``.</doc>
<status status="PASS" start="2024-05-05T02:26:34.356129" elapsed="0.000215"/>
</kw>
<status status="PASS" start="2024-05-05T02:26:34.106168" elapsed="0.250439"/>
</kw>
<doc>Testa se a API responde corretamente e retorna um objeto JSON válido.</doc>
<tag>testeRequisicaoBasica</tag>
<status status="PASS" start="2024-05-05T02:26:34.105706" elapsed="0.251091"/>
</test>
<test id="s1-s1-t3" name="Validar estrutura de resposta" line="22">
<kw name="Teste de Estrutura de Resposta" owner="random-user-service">
<kw name="GET On Session" owner="RequestsLibrary">
<msg time="2024-05-05T02:26:34.448100" level="INFO">GET Request : url=https://randomuser.me/api 
 path_url=/api 
 headers={'User-Agent': 'python-requests/2.31.0', 'Accept-Encoding': 'gzip, deflate', 'Accept': '*/*', 'Connection': 'keep-alive'} 
 body=None 
 </msg>
<msg time="2024-05-05T02:26:34.448185" level="INFO">GET Response : url=https://randomuser.me/api 
 status=200, reason=OK 
 headers={'Date': 'Sun, 05 May 2024 02:26:34 GMT', 'Content-Type': 'application/json; charset=utf-8', 'Transfer-Encoding': 'chunked', 'Connection': 'keep-alive', 'X-Powered-By': 'Express', 'Access-Control-Allow-Origin': '*', 'Cache-Control': 'no-cache', 'ETag': 'W/"4af-rdgl8HfKNHIOClrMwGseF67moDo"', 'Vary': 'Accept-Encoding', 'Content-Encoding': 'gzip', 'CF-Cache-Status': 'DYNAMIC', 'Report-To': '{"endpoints":[{"url":"https:\\/\\/a.nel.cloudflare.com\\/report\\/v4?s=W1GV00BwlgNjwA0xHZ7%2BwC%2BM2Q1aIASj%2FWowe2F2HjKXrtQ2aKLj3vC14LdU0loVEU7ePpbqWu1PHCpqc35sfRKbaHGsMHmCokgCGvVJPyWC%2BRxKTO%2FaWhGlTf3ucjkI"}],"group":"cf-nel","max_age":604800}', 'NEL': '{"success_fraction":0,"report_to":"cf-nel","max_age":604800}', 'Server': 'cloudflare', 'CF-RAY': '87ed4954ce3558a8-IAD', 'alt-svc': 'h3=":443"; ma=86400'} 
 body={"results":[{"gender":"female","name":{"title":"Ms","first":"Eleanor","last":"Curtis"},"location":{"street":{"number":2460,"name":"Cackson St"},"city":"Lancaster","state":"Pennsylvania","country":"United States","postcode":32181,"coordinates":{"latitude":"82.2015","longitude":"92.6593"},"timezone":{"offset":"0:00","description":"Western Europe Time, London, Lisbon, Casablanca"}},"email":"eleanor.curtis@example.com","login":{"uuid":"42c7317c-3a76-435d-b47d-4fcfb334995f","username":"smallelephant987","password":"iiiiiii","salt":"NDzmuYms","md5":"1be6214aae7699b999c24abe253c74b5","sha1":"c3a4f97cbabd8c05add26bdbb537fb927c203ef3","sha256":"25991bbeb04098e3317c308ee8d5c45e36e812be657c631e73b6c9b7be96f48c"},"dob":{"date":"1988-08-02T12:43:52.168Z","age":35},"registered":{"date":"2021-05-24T07:47:28.134Z","age":2},"phone":"(322) 663-9131","cell":"(375) 715-5923","id":{"name":"SSN","value":"601-15-6961"},"picture":{"large":"https://randomuser.me/api/portraits/women/70.jpg","medium":"https://randomuser.me/api/portraits/med/women/70.jpg","thumbnail":"https://randomuser.me/api/portraits/thumb/women/70.jpg"},"nat":"US"}],"info":{"seed":"1ca858d5fb4fae1f","results":1,"page":1,"version":"1.4"}} 
 </msg>
<msg time="2024-05-05T02:26:34.448301" level="INFO">/opt/hostedtoolcache/Python/3.12.3/x64/lib/python3.12/site-packages/urllib3/connectionpool.py:1103: InsecureRequestWarning: Unverified HTTPS request is being made to host 'randomuser.me'. Adding certificate verification is strongly advised. See: https://urllib3.readthedocs.io/en/latest/advanced-usage.html#tls-warnings
  warnings.warn(</msg>
<msg time="2024-05-05T02:26:34.448414" level="INFO">${response} = &lt;Response [200]&gt;</msg>
<var>${response}</var>
<arg>consultarAPI</arg>
<arg>/api</arg>
<doc>Sends a GET request on a previously created HTTP Session.</doc>
<status status="PASS" start="2024-05-05T02:26:34.359845" elapsed="0.088612"/>
</kw>
<kw name="Set Variable" owner="BuiltIn">
<msg time="2024-05-05T02:26:34.449385" level="INFO">${json_data} = {'results': [{'gender': 'female', 'name': {'title': 'Ms', 'first': 'Eleanor', 'last': 'Curtis'}, 'location': {'street': {'number': 2460, 'name': 'Cackson St'}, 'city': 'Lancaster', 'state': 'Pennsylva...</msg>
<var>${json_data}</var>
<arg>${response.json()}</arg>
<doc>Returns the given values which can then be assigned to a variables.</doc>
<status status="PASS" start="2024-05-05T02:26:34.448915" elapsed="0.000538"/>
</kw>
<kw name="Log" owner="BuiltIn">
<msg time="2024-05-05T02:26:34.449938" level="INFO">{'results': [{'gender': 'female', 'name': {'title': 'Ms', 'first': 'Eleanor', 'last': 'Curtis'}, 'location': {'street': {'number': 2460, 'name': 'Cackson St'}, 'city': 'Lancaster', 'state': 'Pennsylvania', 'country': 'United States', 'postcode': 32181, 'coordinates': {'latitude': '82.2015', 'longitude': '92.6593'}, 'timezone': {'offset': '0:00', 'description': 'Western Europe Time, London, Lisbon, Casablanca'}}, 'email': 'eleanor.curtis@example.com', 'login': {'uuid': '42c7317c-3a76-435d-b47d-4fcfb334995f', 'username': 'smallelephant987', 'password': 'iiiiiii', 'salt': 'NDzmuYms', 'md5': '1be6214aae7699b999c24abe253c74b5', 'sha1': 'c3a4f97cbabd8c05add26bdbb537fb927c203ef3', 'sha256': '25991bbeb04098e3317c308ee8d5c45e36e812be657c631e73b6c9b7be96f48c'}, 'dob': {'date': '1988-08-02T12:43:52.168Z', 'age': 35}, 'registered': {'date': '2021-05-24T07:47:28.134Z', 'age': 2}, 'phone': '(322) 663-9131', 'cell': '(375) 715-5923', 'id': {'name': 'SSN', 'value': '601-15-6961'}, 'picture': {'large': 'https://randomuser.me/api/portraits/women/70.jpg', 'medium': 'https://randomuser.me/api/portraits/med/women/70.jpg', 'thumbnail': 'https://randomuser.me/api/portraits/thumb/women/70.jpg'}, 'nat': 'US'}], 'info': {'seed': '1ca858d5fb4fae1f', 'results': 1, 'page': 1, 'version': '1.4'}}</msg>
<arg>${json_data}</arg>
<doc>Logs the given message with the given level.</doc>
<status status="PASS" start="2024-05-05T02:26:34.449779" elapsed="0.000208"/>
</kw>
<kw name="Dictionary Should Contain Key" owner="Collections">
<msg time="2024-05-05T02:26:34.450443" level="INFO">False</msg>
<arg>${json_data}</arg>
<arg>results</arg>
<doc>Fails if ``key`` is not found from ``dictionary``.</doc>
<status status="PASS" start="2024-05-05T02:26:34.450284" elapsed="0.000198"/>
</kw>
<kw name="Should Not Be Empty" owner="BuiltIn">
<msg time="2024-05-05T02:26:34.450911" level="INFO">Length is 2.</msg>
<arg>${json_data}</arg>
<doc>Verifies that the given item is not empty.</doc>
<status status="PASS" start="2024-05-05T02:26:34.450779" elapsed="0.000309"/>
</kw>
<kw name="Create List" owner="BuiltIn">
<msg time="2024-05-05T02:26:34.451544" level="INFO">${expected_keys} = ['gender', 'name', 'location', 'email', 'login']</msg>
<var>${expected_keys}</var>
<arg>gender</arg>
<arg>name</arg>
<arg>location</arg>
<arg>email</arg>
<arg>login</arg>
<doc>Returns a list containing given items.</doc>
<status status="PASS" start="2024-05-05T02:26:34.451388" elapsed="0.000182"/>
</kw>
<for flavor="IN">
<iter>
<kw name="Dictionary Should Contain Key" owner="Collections">
<msg time="2024-05-05T02:26:34.452557" level="INFO">False</msg>
<arg>${json_data['results'][0]}</arg>
<arg>${key}</arg>
<doc>Fails if ``key`` is not found from ``dictionary``.</doc>
<status status="PASS" start="2024-05-05T02:26:34.452151" elapsed="0.000446"/>
</kw>
<kw name="Log" owner="BuiltIn">
<msg time="2024-05-05T02:26:34.453268" level="INFO">{'gender': 'female', 'name': {'title': 'Ms', 'first': 'Eleanor', 'last': 'Curtis'}, 'location': {'street': {'number': 2460, 'name': 'Cackson St'}, 'city': 'Lancaster', 'state': 'Pennsylvania', 'country': 'United States', 'postcode': 32181, 'coordinates': {'latitude': '82.2015', 'longitude': '92.6593'}, 'timezone': {'offset': '0:00', 'description': 'Western Europe Time, London, Lisbon, Casablanca'}}, 'email': 'eleanor.curtis@example.com', 'login': {'uuid': '42c7317c-3a76-435d-b47d-4fcfb334995f', 'username': 'smallelephant987', 'password': 'iiiiiii', 'salt': 'NDzmuYms', 'md5': '1be6214aae7699b999c24abe253c74b5', 'sha1': 'c3a4f97cbabd8c05add26bdbb537fb927c203ef3', 'sha256': '25991bbeb04098e3317c308ee8d5c45e36e812be657c631e73b6c9b7be96f48c'}, 'dob': {'date': '1988-08-02T12:43:52.168Z', 'age': 35}, 'registered': {'date': '2021-05-24T07:47:28.134Z', 'age': 2}, 'phone': '(322) 663-9131', 'cell': '(375) 715-5923', 'id': {'name': 'SSN', 'value': '601-15-6961'}, 'picture': {'large': 'https://randomuser.me/api/portraits/women/70.jpg', 'medium': 'https://randomuser.me/api/portraits/med/women/70.jpg', 'thumbnail': 'https://randomuser.me/api/portraits/thumb/women/70.jpg'}, 'nat': 'US'}</msg>
<arg>${json_data['results'][0]}</arg>
<doc>Logs the given message with the given level.</doc>
<status status="PASS" start="2024-05-05T02:26:34.452900" elapsed="0.000418"/>
</kw>
<kw name="Log" owner="BuiltIn">
<msg time="2024-05-05T02:26:34.453780" level="INFO">gender</msg>
<arg>${key}</arg>
<doc>Logs the given message with the given level.</doc>
<status status="PASS" start="2024-05-05T02:26:34.453649" elapsed="0.000169"/>
</kw>
<var name="${key}">gender</var>
<status status="PASS" start="2024-05-05T02:26:34.452024" elapsed="0.002010"/>
</iter>
<iter>
<kw name="Dictionary Should Contain Key" owner="Collections">
<msg time="2024-05-05T02:26:34.454733" level="INFO">False</msg>
<arg>${json_data['results'][0]}</arg>
<arg>${key}</arg>
<doc>Fails if ``key`` is not found from ``dictionary``.</doc>
<status status="PASS" start="2024-05-05T02:26:34.454337" elapsed="0.000464"/>
</kw>
<kw name="Log" owner="BuiltIn">
<msg time="2024-05-05T02:26:34.455462" level="INFO">{'gender': 'female', 'name': {'title': 'Ms', 'first': 'Eleanor', 'last': 'Curtis'}, 'location': {'street': {'number': 2460, 'name': 'Cackson St'}, 'city': 'Lancaster', 'state': 'Pennsylvania', 'country': 'United States', 'postcode': 32181, 'coordinates': {'latitude': '82.2015', 'longitude': '92.6593'}, 'timezone': {'offset': '0:00', 'description': 'Western Europe Time, London, Lisbon, Casablanca'}}, 'email': 'eleanor.curtis@example.com', 'login': {'uuid': '42c7317c-3a76-435d-b47d-4fcfb334995f', 'username': 'smallelephant987', 'password': 'iiiiiii', 'salt': 'NDzmuYms', 'md5': '1be6214aae7699b999c24abe253c74b5', 'sha1': 'c3a4f97cbabd8c05add26bdbb537fb927c203ef3', 'sha256': '25991bbeb04098e3317c308ee8d5c45e36e812be657c631e73b6c9b7be96f48c'}, 'dob': {'date': '1988-08-02T12:43:52.168Z', 'age': 35}, 'registered': {'date': '2021-05-24T07:47:28.134Z', 'age': 2}, 'phone': '(322) 663-9131', 'cell': '(375) 715-5923', 'id': {'name': 'SSN', 'value': '601-15-6961'}, 'picture': {'large': 'https://randomuser.me/api/portraits/women/70.jpg', 'medium': 'https://randomuser.me/api/portraits/med/women/70.jpg', 'thumbnail': 'https://randomuser.me/api/portraits/thumb/women/70.jpg'}, 'nat': 'US'}</msg>
<arg>${json_data['results'][0]}</arg>
<doc>Logs the given message with the given level.</doc>
<status status="PASS" start="2024-05-05T02:26:34.455101" elapsed="0.000409"/>
</kw>
<kw name="Log" owner="BuiltIn">
<msg time="2024-05-05T02:26:34.455935" level="INFO">name</msg>
<arg>${key}</arg>
<doc>Logs the given message with the given level.</doc>
<status status="PASS" start="2024-05-05T02:26:34.455807" elapsed="0.000167"/>
</kw>
<var name="${key}">name</var>
<status status="PASS" start="2024-05-05T02:26:34.454221" elapsed="0.001971"/>
</iter>
<iter>
<kw name="Dictionary Should Contain Key" owner="Collections">
<msg time="2024-05-05T02:26:34.456885" level="INFO">False</msg>
<arg>${json_data['results'][0]}</arg>
<arg>${key}</arg>
<doc>Fails if ``key`` is not found from ``dictionary``.</doc>
<status status="PASS" start="2024-05-05T02:26:34.456487" elapsed="0.000438"/>
</kw>
<kw name="Log" owner="BuiltIn">
<msg time="2024-05-05T02:26:34.457622" level="INFO">{'gender': 'female', 'name': {'title': 'Ms', 'first': 'Eleanor', 'last': 'Curtis'}, 'location': {'street': {'number': 2460, 'name': 'Cackson St'}, 'city': 'Lancaster', 'state': 'Pennsylvania', 'country': 'United States', 'postcode': 32181, 'coordinates': {'latitude': '82.2015', 'longitude': '92.6593'}, 'timezone': {'offset': '0:00', 'description': 'Western Europe Time, London, Lisbon, Casablanca'}}, 'email': 'eleanor.curtis@example.com', 'login': {'uuid': '42c7317c-3a76-435d-b47d-4fcfb334995f', 'username': 'smallelephant987', 'password': 'iiiiiii', 'salt': 'NDzmuYms', 'md5': '1be6214aae7699b999c24abe253c74b5', 'sha1': 'c3a4f97cbabd8c05add26bdbb537fb927c203ef3', 'sha256': '25991bbeb04098e3317c308ee8d5c45e36e812be657c631e73b6c9b7be96f48c'}, 'dob': {'date': '1988-08-02T12:43:52.168Z', 'age': 35}, 'registered': {'date': '2021-05-24T07:47:28.134Z', 'age': 2}, 'phone': '(322) 663-9131', 'cell': '(375) 715-5923', 'id': {'name': 'SSN', 'value': '601-15-6961'}, 'picture': {'large': 'https://randomuser.me/api/portraits/women/70.jpg', 'medium': 'https://randomuser.me/api/portraits/med/women/70.jpg', 'thumbnail': 'https://randomuser.me/api/portraits/thumb/women/70.jpg'}, 'nat': 'US'}</msg>
<arg>${json_data['results'][0]}</arg>
<doc>Logs the given message with the given level.</doc>
<status status="PASS" start="2024-05-05T02:26:34.457228" elapsed="0.000443"/>
</kw>
<kw name="Log" owner="BuiltIn">
<msg time="2024-05-05T02:26:34.458089" level="INFO">location</msg>
<arg>${key}</arg>
<doc>Logs the given message with the given level.</doc>
<status status="PASS" start="2024-05-05T02:26:34.457963" elapsed="0.000165"/>
</kw>
<var name="${key}">location</var>
<status status="PASS" start="2024-05-05T02:26:34.456374" elapsed="0.001968"/>
</iter>
<iter>
<kw name="Dictionary Should Contain Key" owner="Collections">
<msg time="2024-05-05T02:26:34.459013" level="INFO">False</msg>
<arg>${json_data['results'][0]}</arg>
<arg>${key}</arg>
<doc>Fails if ``key`` is not found from ``dictionary``.</doc>
<status status="PASS" start="2024-05-05T02:26:34.458626" elapsed="0.000424"/>
</kw>
<kw name="Log" owner="BuiltIn">
<msg time="2024-05-05T02:26:34.459710" level="INFO">{'gender': 'female', 'name': {'title': 'Ms', 'first': 'Eleanor', 'last': 'Curtis'}, 'location': {'street': {'number': 2460, 'name': 'Cackson St'}, 'city': 'Lancaster', 'state': 'Pennsylvania', 'country': 'United States', 'postcode': 32181, 'coordinates': {'latitude': '82.2015', 'longitude': '92.6593'}, 'timezone': {'offset': '0:00', 'description': 'Western Europe Time, London, Lisbon, Casablanca'}}, 'email': 'eleanor.curtis@example.com', 'login': {'uuid': '42c7317c-3a76-435d-b47d-4fcfb334995f', 'username': 'smallelephant987', 'password': 'iiiiiii', 'salt': 'NDzmuYms', 'md5': '1be6214aae7699b999c24abe253c74b5', 'sha1': 'c3a4f97cbabd8c05add26bdbb537fb927c203ef3', 'sha256': '25991bbeb04098e3317c308ee8d5c45e36e812be657c631e73b6c9b7be96f48c'}, 'dob': {'date': '1988-08-02T12:43:52.168Z', 'age': 35}, 'registered': {'date': '2021-05-24T07:47:28.134Z', 'age': 2}, 'phone': '(322) 663-9131', 'cell': '(375) 715-5923', 'id': {'name': 'SSN', 'value': '601-15-6961'}, 'picture': {'large': 'https://randomuser.me/api/portraits/women/70.jpg', 'medium': 'https://randomuser.me/api/portraits/med/women/70.jpg', 'thumbnail': 'https://randomuser.me/api/portraits/thumb/women/70.jpg'}, 'nat': 'US'}</msg>
<arg>${json_data['results'][0]}</arg>
<doc>Logs the given message with the given level.</doc>
<status status="PASS" start="2024-05-05T02:26:34.459347" elapsed="0.000413"/>
</kw>
<kw name="Log" owner="BuiltIn">
<msg time="2024-05-05T02:26:34.460176" level="INFO">email</msg>
<arg>${key}</arg>
<doc>Logs the given message with the given level.</doc>
<status status="PASS" start="2024-05-05T02:26:34.460050" elapsed="0.000163"/>
</kw>
<var name="${key}">email</var>
<status status="PASS" start="2024-05-05T02:26:34.458515" elapsed="0.001908"/>
</iter>
<iter>
<kw name="Dictionary Should Contain Key" owner="Collections">
<msg time="2024-05-05T02:26:34.461089" level="INFO">False</msg>
<arg>${json_data['results'][0]}</arg>
<arg>${key}</arg>
<doc>Fails if ``key`` is not found from ``dictionary``.</doc>
<status status="PASS" start="2024-05-05T02:26:34.460707" elapsed="0.000419"/>
</kw>
<kw name="Log" owner="BuiltIn">
<msg time="2024-05-05T02:26:34.461820" level="INFO">{'gender': 'female', 'name': {'title': 'Ms', 'first': 'Eleanor', 'last': 'Curtis'}, 'location': {'street': {'number': 2460, 'name': 'Cackson St'}, 'city': 'Lancaster', 'state': 'Pennsylvania', 'country': 'United States', 'postcode': 32181, 'coordinates': {'latitude': '82.2015', 'longitude': '92.6593'}, 'timezone': {'offset': '0:00', 'description': 'Western Europe Time, London, Lisbon, Casablanca'}}, 'email': 'eleanor.curtis@example.com', 'login': {'uuid': '42c7317c-3a76-435d-b47d-4fcfb334995f', 'username': 'smallelephant987', 'password': 'iiiiiii', 'salt': 'NDzmuYms', 'md5': '1be6214aae7699b999c24abe253c74b5', 'sha1': 'c3a4f97cbabd8c05add26bdbb537fb927c203ef3', 'sha256': '25991bbeb04098e3317c308ee8d5c45e36e812be657c631e73b6c9b7be96f48c'}, 'dob': {'date': '1988-08-02T12:43:52.168Z', 'age': 35}, 'registered': {'date': '2021-05-24T07:47:28.134Z', 'age': 2}, 'phone': '(322) 663-9131', 'cell': '(375) 715-5923', 'id': {'name': 'SSN', 'value': '601-15-6961'}, 'picture': {'large': 'https://randomuser.me/api/portraits/women/70.jpg', 'medium': 'https://randomuser.me/api/portraits/med/women/70.jpg', 'thumbnail': 'https://randomuser.me/api/portraits/thumb/women/70.jpg'}, 'nat': 'US'}</msg>
<arg>${json_data['results'][0]}</arg>
<doc>Logs the given message with the given level.</doc>
<status status="PASS" start="2024-05-05T02:26:34.461449" elapsed="0.000419"/>
</kw>
<kw name="Log" owner="BuiltIn">
<msg time="2024-05-05T02:26:34.462314" level="INFO">login</msg>
<arg>${key}</arg>
<doc>Logs the given message with the given level.</doc>
<status status="PASS" start="2024-05-05T02:26:34.462184" elapsed="0.000168"/>
</kw>
<var name="${key}">login</var>
<status status="PASS" start="2024-05-05T02:26:34.460597" elapsed="0.001974"/>
</iter>
<var>${key}</var>
<value>@{expected_keys}</value>
<status status="PASS" start="2024-05-05T02:26:34.451832" elapsed="0.010863"/>
</for>
<kw name="Create List" owner="BuiltIn">
<msg time="2024-05-05T02:26:34.463027" level="INFO">${expected_keysTwo} = ['username', 'password']</msg>
<var>${expected_keysTwo}</var>
<arg>username</arg>
<arg>password</arg>
<doc>Returns a list containing given items.</doc>
<status status="PASS" start="2024-05-05T02:26:34.462890" elapsed="0.000161"/>
</kw>
<for flavor="IN">
<iter>
<kw name="Dictionary Should Contain Key" owner="Collections">
<msg time="2024-05-05T02:26:34.463942" level="INFO">False</msg>
<arg>${json_data['results'][0]['login']}</arg>
<arg>${keyTwo}</arg>
<doc>Fails if ``key`` is not found from ``dictionary``.</doc>
<status status="PASS" start="2024-05-05T02:26:34.463550" elapsed="0.000429"/>
</kw>
<kw name="Dictionary Should Contain Key" owner="Collections">
<msg time="2024-05-05T02:26:34.464646" level="INFO">False</msg>
<arg>${json_data['results'][0]['login']}</arg>
<arg>${keyTwo}</arg>
<doc>Fails if ``key`` is not found from ``dictionary``.</doc>
<status status="PASS" start="2024-05-05T02:26:34.464270" elapsed="0.000414"/>
</kw>
<kw name="Log" owner="BuiltIn">
<msg time="2024-05-05T02:26:34.465104" level="INFO">username</msg>
<arg>${keyTwo}</arg>
<doc>Logs the given message with the given level.</doc>
<status status="PASS" start="2024-05-05T02:26:34.464976" elapsed="0.000170"/>
</kw>
<var name="${keyTwo}">username</var>
<status status="PASS" start="2024-05-05T02:26:34.463441" elapsed="0.001920"/>
</iter>
<iter>
<kw name="Dictionary Should Contain Key" owner="Collections">
<msg time="2024-05-05T02:26:34.466150" level="INFO">False</msg>
<arg>${json_data['results'][0]['login']}</arg>
<arg>${keyTwo}</arg>
<doc>Fails if ``key`` is not found from ``dictionary``.</doc>
<status status="PASS" start="2024-05-05T02:26:34.465679" elapsed="0.000512"/>
</kw>
<kw name="Dictionary Should Contain Key" owner="Collections">
<msg time="2024-05-05T02:26:34.466873" level="INFO">False</msg>
<arg>${json_data['results'][0]['login']}</arg>
<arg>${keyTwo}</arg>
<doc>Fails if ``key`` is not found from ``dictionary``.</doc>
<status status="PASS" start="2024-05-05T02:26:34.466486" elapsed="0.000424"/>
</kw>
<kw name="Log" owner="BuiltIn">
<msg time="2024-05-05T02:26:34.467327" level="INFO">password</msg>
<arg>${keyTwo}</arg>
<doc>Logs the given message with the given level.</doc>
<status status="PASS" start="2024-05-05T02:26:34.467202" elapsed="0.000163"/>
</kw>
<var name="${keyTwo}">password</var>
<status status="PASS" start="2024-05-05T02:26:34.465568" elapsed="0.002013"/>
</iter>
<var>${keyTwo}</var>
<value>@{expected_keysTwo}</value>
<status status="PASS" start="2024-05-05T02:26:34.463288" elapsed="0.004414"/>
</for>
<status status="PASS" start="2024-05-05T02:26:34.359503" elapsed="0.108337"/>
</kw>
<doc>Testa a estrutura da resposta da API.</doc>
<tag>testeEstruturaResposta</tag>
<status status="PASS" start="2024-05-05T02:26:34.358711" elapsed="0.109279"/>
</test>
<test id="s1-s1-t4" name="Validar tipos de dados" line="28">
<kw name="Teste de Tipos de Dados" owner="random-user-service">
<kw name="GET On Session" owner="RequestsLibrary">
<msg time="2024-05-05T02:26:34.550056" level="INFO">GET Request : url=https://randomuser.me/api 
 path_url=/api 
 headers={'User-Agent': 'python-requests/2.31.0', 'Accept-Encoding': 'gzip, deflate', 'Accept': '*/*', 'Connection': 'keep-alive'} 
 body=None 
 </msg>
<msg time="2024-05-05T02:26:34.550120" level="INFO">GET Response : url=https://randomuser.me/api 
 status=200, reason=OK 
 headers={'Date': 'Sun, 05 May 2024 02:26:34 GMT', 'Content-Type': 'application/json; charset=utf-8', 'Transfer-Encoding': 'chunked', 'Connection': 'keep-alive', 'X-Powered-By': 'Express', 'Access-Control-Allow-Origin': '*', 'Cache-Control': 'no-cache', 'ETag': 'W/"471-XQCj8pJ8BAENM/MFsw/BpPNYEW8"', 'Vary': 'Accept-Encoding', 'Content-Encoding': 'gzip', 'CF-Cache-Status': 'DYNAMIC', 'Report-To': '{"endpoints":[{"url":"https:\\/\\/a.nel.cloudflare.com\\/report\\/v4?s=fq8UQBPIRcZoLRnV9RGh16cNppWkTbZegSxFIHC5yIGTATSo5rLRsYAfl7HlQeSis2rCkDzW7kApxSOU96Q3wnOiv6ficcH6MYTMDomErlk7arfEPP1aSv%2Bs%2BKl1aZyT"}],"group":"cf-nel","max_age":604800}', 'NEL': '{"success_fraction":0,"report_to":"cf-nel","max_age":604800}', 'Server': 'cloudflare', 'CF-RAY': '87ed49557f3d58a8-IAD', 'alt-svc': 'h3=":443"; ma=86400'} 
 body={"results":[{"gender":"male","name":{"title":"Mr","first":"Isaac","last":"López"},"location":{"street":{"number":2716,"name":"Avenida de La Albufera"},"city":"Albacete","state":"Canarias","country":"Spain","postcode":89745,"coordinates":{"latitude":"-31.8465","longitude":"-36.7800"},"timezone":{"offset":"+4:30","description":"Kabul"}},"email":"isaac.lopez@example.com","login":{"uuid":"87a4202e-8a93-4546-905d-a02bd8f88b10","username":"goldensnake688","password":"134679","salt":"HOJmwpyv","md5":"284cbb148143790655354c477c2758a6","sha1":"936567d58d4079892bbe2605e0aed4829486f78a","sha256":"d8621906c64e30fd589bed7cdd7c24c879357054aa3a05713f9d7579a350c3d4"},"dob":{"date":"1944-11-23T19:48:18.253Z","age":79},"registered":{"date":"2005-06-19T21:34:05.637Z","age":18},"phone":"985-955-700","cell":"677-714-370","id":{"name":"DNI","value":"84817782-X"},"picture":{"large":"https://randomuser.me/api/portraits/men/69.jpg","medium":"https://randomuser.me/api/portraits/med/men/69.jpg","thumbnail":"https://randomuser.me/api/portraits/thumb/men/69.jpg"},"nat":"ES"}],"info":{"seed":"5adfe0d4820b43e1","results":1,"page":1,"version":"1.4"}} 
 </msg>
<msg time="2024-05-05T02:26:34.550177" level="INFO">/opt/hostedtoolcache/Python/3.12.3/x64/lib/python3.12/site-packages/urllib3/connectionpool.py:1103: InsecureRequestWarning: Unverified HTTPS request is being made to host 'randomuser.me'. Adding certificate verification is strongly advised. See: https://urllib3.readthedocs.io/en/latest/advanced-usage.html#tls-warnings
  warnings.warn(</msg>
<msg time="2024-05-05T02:26:34.550260" level="INFO">${response} = &lt;Response [200]&gt;</msg>
<var>${response}</var>
<arg>consultarAPI</arg>
<arg>/api</arg>
<doc>Sends a GET request on a previously created HTTP Session.</doc>
<status status="PASS" start="2024-05-05T02:26:34.470446" elapsed="0.079840"/>
</kw>
<kw name="Set Variable" owner="BuiltIn">
<msg time="2024-05-05T02:26:34.551133" level="INFO">${json_data} = {'results': [{'gender': 'male', 'name': {'title': 'Mr', 'first': 'Isaac', 'last': 'López'}, 'location': {'street': {'number': 2716, 'name': 'Avenida de La Albufera'}, 'city': 'Albacete', 'state': 'Can...</msg>
<var>${json_data}</var>
<arg>${response.json()}</arg>
<doc>Returns the given values which can then be assigned to a variables.</doc>
<status status="PASS" start="2024-05-05T02:26:34.550669" elapsed="0.000501"/>
</kw>
<kw name="Log" owner="BuiltIn">
<msg time="2024-05-05T02:26:34.551631" level="INFO">{'results': [{'gender': 'male', 'name': {'title': 'Mr', 'first': 'Isaac', 'last': 'López'}, 'location': {'street': {'number': 2716, 'name': 'Avenida de La Albufera'}, 'city': 'Albacete', 'state': 'Canarias', 'country': 'Spain', 'postcode': 89745, 'coordinates': {'latitude': '-31.8465', 'longitude': '-36.7800'}, 'timezone': {'offset': '+4:30', 'description': 'Kabul'}}, 'email': 'isaac.lopez@example.com', 'login': {'uuid': '87a4202e-8a93-4546-905d-a02bd8f88b10', 'username': 'goldensnake688', 'password': '134679', 'salt': 'HOJmwpyv', 'md5': '284cbb148143790655354c477c2758a6', 'sha1': '936567d58d4079892bbe2605e0aed4829486f78a', 'sha256': 'd8621906c64e30fd589bed7cdd7c24c879357054aa3a05713f9d7579a350c3d4'}, 'dob': {'date': '1944-11-23T19:48:18.253Z', 'age': 79}, 'registered': {'date': '2005-06-19T21:34:05.637Z', 'age': 18}, 'phone': '985-955-700', 'cell': '677-714-370', 'id': {'name': 'DNI', 'value': '84817782-X'}, 'picture': {'large': 'https://randomuser.me/api/portraits/men/69.jpg', 'medium': 'https://randomuser.me/api/portraits/med/men/69.jpg', 'thumbnail': 'https://randomuser.me/api/portraits/thumb/men/69.jpg'}, 'nat': 'ES'}], 'info': {'seed': '5adfe0d4820b43e1', 'results': 1, 'page': 1, 'version': '1.4'}}</msg>
<arg>${json_data}</arg>
<doc>Logs the given message with the given level.</doc>
<status status="PASS" start="2024-05-05T02:26:34.551476" elapsed="0.000235"/>
</kw>
<kw name="Should Be String" owner="String">
<arg>${json_data['results'][0]['gender']}</arg>
<doc>Fails if the given ``item`` is not a string.</doc>
<status status="PASS" start="2024-05-05T02:26:34.552014" elapsed="0.000365"/>
</kw>
<kw name="Should Match Regexp" owner="BuiltIn">
<arg>${json_data['results'][0]['email']}</arg>
<arg>^[a-zA-Z0-9._%+-]+@[a-zA-Z0-9.-]+\.[a-zA-Z]{2,}$</arg>
<doc>Fails if ``string`` does not match ``pattern`` as a regular expression.</doc>
<status status="PASS" start="2024-05-05T02:26:34.552571" elapsed="0.000512"/>
</kw>
<kw name="Should Match Regexp" owner="BuiltIn">
<arg>${json_data['results'][0]['dob']['date']}</arg>
<arg>\\d{4}-\\d{2}-\\d{2}T\\d{2}:\\d{2}:\\d{2}\\.\\d{3}Z</arg>
<doc>Fails if ``string`` does not match ``pattern`` as a regular expression.</doc>
<status status="PASS" start="2024-05-05T02:26:34.553278" elapsed="0.000530"/>
</kw>
<kw name="Should Match Regexp" owner="BuiltIn">
<arg>${json_data['results'][0]['registered']['date']}</arg>
<arg>\\d{4}-\\d{2}-\\d{2}T\\d{2}:\\d{2}:\\d{2}\\.\\d{3}Z</arg>
<doc>Fails if ``string`` does not match ``pattern`` as a regular expression.</doc>
<status status="PASS" start="2024-05-05T02:26:34.554000" elapsed="0.000374"/>
</kw>
<kw name="Should Match Regexp" owner="BuiltIn">
<arg>${json_data['results'][0]['picture']['large']}</arg>
<arg>^https?://.*\.(?:png|jpe?g|gif|bmp)$</arg>
<doc>Fails if ``string`` does not match ``pattern`` as a regular expression.</doc>
<status status="PASS" start="2024-05-05T02:26:34.554565" elapsed="0.000464"/>
</kw>
<kw name="Should Match Regexp" owner="BuiltIn">
<arg>${json_data['results'][0]['picture']['medium']}</arg>
<arg>^https?://.*\.(?:png|jpe?g|gif|bmp)$</arg>
<doc>Fails if ``string`` does not match ``pattern`` as a regular expression.</doc>
<status status="PASS" start="2024-05-05T02:26:34.555220" elapsed="0.000357"/>
</kw>
<kw name="Should Match Regexp" owner="BuiltIn">
<arg>${json_data['results'][0]['picture']['thumbnail']}</arg>
<arg>^https?://.*\.(?:png|jpe?g|gif|bmp)$</arg>
<doc>Fails if ``string`` does not match ``pattern`` as a regular expression.</doc>
<status status="PASS" start="2024-05-05T02:26:34.555767" elapsed="0.000348"/>
</kw>
<kw name="Log" owner="BuiltIn">
<msg time="2024-05-05T02:26:34.556616" level="INFO">{'large': 'https://randomuser.me/api/portraits/men/69.jpg', 'medium': 'https://randomuser.me/api/portraits/med/men/69.jpg', 'thumbnail': 'https://randomuser.me/api/portraits/thumb/men/69.jpg'}</msg>
<arg>${json_data['results'][0]['picture']}</arg>
<doc>Logs the given message with the given level.</doc>
<status status="PASS" start="2024-05-05T02:26:34.556294" elapsed="0.000363"/>
</kw>
<status status="PASS" start="2024-05-05T02:26:34.470219" elapsed="0.086691"/>
</kw>
<kw name="Teste de Tipos de Dados - Postcode" owner="random-user-service">
<kw name="GET On Session" owner="RequestsLibrary">
<msg time="2024-05-05T02:26:34.668087" level="INFO">GET Request : url=https://randomuser.me/api 
 path_url=/api 
 headers={'User-Agent': 'python-requests/2.31.0', 'Accept-Encoding': 'gzip, deflate', 'Accept': '*/*', 'Connection': 'keep-alive'} 
 body=None 
 </msg>
<msg time="2024-05-05T02:26:34.668173" level="INFO">GET Response : url=https://randomuser.me/api 
 status=200, reason=OK 
 headers={'Date': 'Sun, 05 May 2024 02:26:34 GMT', 'Content-Type': 'application/json; charset=utf-8', 'Transfer-Encoding': 'chunked', 'Connection': 'keep-alive', 'X-Powered-By': 'Express', 'Access-Control-Allow-Origin': '*', 'Cache-Control': 'no-cache', 'ETag': 'W/"49f-zwMpr/oFurdB0i4IiKyuTzEgdUM"', 'Vary': 'Accept-Encoding', 'Content-Encoding': 'gzip', 'CF-Cache-Status': 'DYNAMIC', 'Report-To': '{"endpoints":[{"url":"https:\\/\\/a.nel.cloudflare.com\\/report\\/v4?s=vucI9SgVYfmclsDR0NBkSEB0hSgHisq6GftGNZNa65n%2FiDeJEHzsHTIAjZ8taJiuVZQBjMb2uK%2BlXFxICdjP%2BgWA9DSL0%2FJc1PQSdYb6H00VK%2BK5InaHvHV2yTEh%2Fj7V"}],"group":"cf-nel","max_age":604800}', 'NEL': '{"success_fraction":0,"report_to":"cf-nel","max_age":604800}', 'Server': 'cloudflare', 'CF-RAY': '87ed49560fa658a8-IAD', 'alt-svc': 'h3=":443"; ma=86400'} 
 body={"results":[{"gender":"female","name":{"title":"Ms","first":"Ina","last":"Christiansen"},"location":{"street":{"number":38,"name":"Kapellenweg"},"city":"Lunzenau","state":"Rheinland-Pfalz","country":"Germany","postcode":70286,"coordinates":{"latitude":"-51.5328","longitude":"58.2233"},"timezone":{"offset":"+5:30","description":"Bombay, Calcutta, Madras, New Delhi"}},"email":"ina.christiansen@example.com","login":{"uuid":"71bb078a-a902-4f0c-89c1-b34c3a7f8124","username":"bigpanda293","password":"santos","salt":"Kck8aVHM","md5":"506145bdedd397cd57d89fa41264a4d1","sha1":"9da624ba2c54a6b33555d91a3cc59852ebc9a526","sha256":"08629c5b5429205373248b36fa3197cd2fe88f5a26cb783cbeca5e96eeb1ebef"},"dob":{"date":"1959-01-02T09:31:26.074Z","age":65},"registered":{"date":"2017-10-23T09:18:57.596Z","age":6},"phone":"0649-5012325","cell":"0174-7092711","id":{"name":"SVNR","value":"44 020159 C 944"},"picture":{"large":"https://randomuser.me/api/portraits/women/24.jpg","medium":"https://randomuser.me/api/portraits/med/women/24.jpg","thumbnail":"https://randomuser.me/api/portraits/thumb/women/24.jpg"},"nat":"DE"}],"info":{"seed":"5bf61b3fd344d2a0","results":1,"page":1,"version":"1.4"}} 
 </msg>
<msg time="2024-05-05T02:26:34.668246" level="INFO">/opt/hostedtoolcache/Python/3.12.3/x64/lib/python3.12/site-packages/urllib3/connectionpool.py:1103: InsecureRequestWarning: Unverified HTTPS request is being made to host 'randomuser.me'. Adding certificate verification is strongly advised. See: https://urllib3.readthedocs.io/en/latest/advanced-usage.html#tls-warnings
  warnings.warn(</msg>
<msg time="2024-05-05T02:26:34.668332" level="INFO">${response} = &lt;Response [200]&gt;</msg>
<var>${response}</var>
<arg>consultarAPI</arg>
<arg>/api</arg>
<doc>Sends a GET request on a previously created HTTP Session.</doc>
<status status="PASS" start="2024-05-05T02:26:34.557346" elapsed="0.111024"/>
</kw>
<kw name="Set Variable" owner="BuiltIn">
<msg time="2024-05-05T02:26:34.669162" level="INFO">${json_data} = {'results': [{'gender': 'female', 'name': {'title': 'Ms', 'first': 'Ina', 'last': 'Christiansen'}, 'location': {'street': {'number': 38, 'name': 'Kapellenweg'}, 'city': 'Lunzenau', 'state': 'Rheinland...</msg>
<var>${json_data}</var>
<arg>${response.json()}</arg>
<doc>Returns the given values which can then be assigned to a variables.</doc>
<status status="PASS" start="2024-05-05T02:26:34.668722" elapsed="0.000467"/>
</kw>
<kw name="Log" owner="BuiltIn">
<msg time="2024-05-05T02:26:34.669677" level="INFO">{'results': [{'gender': 'female', 'name': {'title': 'Ms', 'first': 'Ina', 'last': 'Christiansen'}, 'location': {'street': {'number': 38, 'name': 'Kapellenweg'}, 'city': 'Lunzenau', 'state': 'Rheinland-Pfalz', 'country': 'Germany', 'postcode': 70286, 'coordinates': {'latitude': '-51.5328', 'longitude': '58.2233'}, 'timezone': {'offset': '+5:30', 'description': 'Bombay, Calcutta, Madras, New Delhi'}}, 'email': 'ina.christiansen@example.com', 'login': {'uuid': '71bb078a-a902-4f0c-89c1-b34c3a7f8124', 'username': 'bigpanda293', 'password': 'santos', 'salt': 'Kck8aVHM', 'md5': '506145bdedd397cd57d89fa41264a4d1', 'sha1': '9da624ba2c54a6b33555d91a3cc59852ebc9a526', 'sha256': '08629c5b5429205373248b36fa3197cd2fe88f5a26cb783cbeca5e96eeb1ebef'}, 'dob': {'date': '1959-01-02T09:31:26.074Z', 'age': 65}, 'registered': {'date': '2017-10-23T09:18:57.596Z', 'age': 6}, 'phone': '0649-5012325', 'cell': '0174-7092711', 'id': {'name': 'SVNR', 'value': '44 020159 C 944'}, 'picture': {'large': 'https://randomuser.me/api/portraits/women/24.jpg', 'medium': 'https://randomuser.me/api/portraits/med/women/24.jpg', 'thumbnail': 'https://randomuser.me/api/portraits/thumb/women/24.jpg'}, 'nat': 'DE'}], 'info': {'seed': '5bf61b3fd344d2a0', 'results': 1, 'page': 1, 'version': '1.4'}}</msg>
<arg>${json_data}</arg>
<doc>Logs the given message with the given level.</doc>
<status status="PASS" start="2024-05-05T02:26:34.669523" elapsed="0.000230"/>
</kw>
<kw name="Should Be Equal As Numbers" owner="BuiltIn">
<arg>${json_data['results'][0]['location']['postcode']}</arg>
<arg>${json_data['results'][0]['location']['postcode']}</arg>
<doc>Fails if objects are unequal after converting them to real numbers.</doc>
<status status="PASS" start="2024-05-05T02:26:34.670182" elapsed="0.000614"/>
</kw>
<kw name="Log" owner="BuiltIn">
<msg time="2024-05-05T02:26:34.671322" level="INFO">70286</msg>
<arg>${json_data['results'][0]['location']['postcode']}</arg>
<doc>Logs the given message with the given level.</doc>
<status status="PASS" start="2024-05-05T02:26:34.670985" elapsed="0.000376"/>
</kw>
<status status="PASS" start="2024-05-05T02:26:34.557126" elapsed="0.114486"/>
</kw>
<doc>Testa se os tipos de dados na resposta da API estão corretos.</doc>
<tag>testeTiposDados</tag>
<status status="PASS" start="2024-05-05T02:26:34.469772" elapsed="0.201997"/>
</test>
<test id="s1-s1-t5" name="Validar conteudo" line="35">
<kw name="Teste de Tipos de Conteudo" owner="random-user-service">
<kw name="GET On Session" owner="RequestsLibrary">
<msg time="2024-05-05T02:26:34.748188" level="INFO">GET Request : url=https://randomuser.me/api 
 path_url=/api 
 headers={'User-Agent': 'python-requests/2.31.0', 'Accept-Encoding': 'gzip, deflate', 'Accept': '*/*', 'Connection': 'keep-alive'} 
 body=None 
 </msg>
<msg time="2024-05-05T02:26:34.748269" level="INFO">GET Response : url=https://randomuser.me/api 
 status=200, reason=OK 
 headers={'Date': 'Sun, 05 May 2024 02:26:34 GMT', 'Content-Type': 'application/json; charset=utf-8', 'Transfer-Encoding': 'chunked', 'Connection': 'keep-alive', 'X-Powered-By': 'Express', 'Access-Control-Allow-Origin': '*', 'Cache-Control': 'no-cache', 'ETag': 'W/"486-hzBEkSQUIbe4bCpmJWmAr4fXXJA"', 'Vary': 'Accept-Encoding', 'Content-Encoding': 'gzip', 'CF-Cache-Status': 'DYNAMIC', 'Report-To': '{"endpoints":[{"url":"https:\\/\\/a.nel.cloudflare.com\\/report\\/v4?s=Kx6eT3mJKSP7E0hCK3oQ7iyLzagyUHCZiCKoupKiuM32%2BP3J6Ycd8zbERHR0I%2FhXjD6fXJ4KWdfTa3oPSMWN2C6lcvt2syE%2F5DnvoPqYOfsS7%2FhRl7D6i%2FaQlacKV7Ni"}],"group":"cf-nel","max_age":604800}', 'NEL': '{"success_fraction":0,"report_to":"cf-nel","max_age":604800}', 'Server': 'cloudflare', 'CF-RAY': '87ed4956b82858a8-IAD', 'alt-svc': 'h3=":443"; ma=86400'} 
 body={"results":[{"gender":"female","name":{"title":"Miss","first":"Inés","last":"Ortiz"},"location":{"street":{"number":2408,"name":"Calle del Barquillo"},"city":"Guadalajara","state":"Galicia","country":"Spain","postcode":75770,"coordinates":{"latitude":"-34.5220","longitude":"146.9615"},"timezone":{"offset":"-12:00","description":"Eniwetok, Kwajalein"}},"email":"ines.ortiz@example.com","login":{"uuid":"6a303c5a-b040-4773-9a4a-693c4a4ff1f3","username":"redgorilla642","password":"corndog","salt":"araCBlYP","md5":"67c13c677ab0f2b9b23039d087d87c23","sha1":"e1c566fbe1b85a1a6c4132455e06bf7ea23e4900","sha256":"b101bf8bfbfe12907a6448fe450eea0f4b36de76a86ab3bc82279dc733475f86"},"dob":{"date":"1957-10-27T10:50:40.769Z","age":66},"registered":{"date":"2018-03-18T22:00:49.509Z","age":6},"phone":"962-991-926","cell":"646-108-403","id":{"name":"DNI","value":"02351366-A"},"picture":{"large":"https://randomuser.me/api/portraits/women/29.jpg","medium":"https://randomuser.me/api/portraits/med/women/29.jpg","thumbnail":"https://randomuser.me/api/portraits/thumb/women/29.jpg"},"nat":"ES"}],"info":{"seed":"9758420a65dc0447","results":1,"page":1,"version":"1.4"}} 
 </msg>
<msg time="2024-05-05T02:26:34.748339" level="INFO">/opt/hostedtoolcache/Python/3.12.3/x64/lib/python3.12/site-packages/urllib3/connectionpool.py:1103: InsecureRequestWarning: Unverified HTTPS request is being made to host 'randomuser.me'. Adding certificate verification is strongly advised. See: https://urllib3.readthedocs.io/en/latest/advanced-usage.html#tls-warnings
  warnings.warn(</msg>
<msg time="2024-05-05T02:26:34.748435" level="INFO">${response} = &lt;Response [200]&gt;</msg>
<var>${response}</var>
<arg>consultarAPI</arg>
<arg>/api</arg>
<doc>Sends a GET request on a previously created HTTP Session.</doc>
<status status="PASS" start="2024-05-05T02:26:34.674264" elapsed="0.074197"/>
</kw>
<kw name="Set Variable" owner="BuiltIn">
<msg time="2024-05-05T02:26:34.749302" level="INFO">${json_data} = {'results': [{'gender': 'female', 'name': {'title': 'Miss', 'first': 'Inés', 'last': 'Ortiz'}, 'location': {'street': {'number': 2408, 'name': 'Calle del Barquillo'}, 'city': 'Guadalajara', 'state': '...</msg>
<var>${json_data}</var>
<arg>${response.json()}</arg>
<doc>Returns the given values which can then be assigned to a variables.</doc>
<status status="PASS" start="2024-05-05T02:26:34.748847" elapsed="0.000483"/>
</kw>
<kw name="Set Variable" owner="BuiltIn">
<msg time="2024-05-05T02:26:34.750053" level="INFO">${name_title} = Miss</msg>
<var>${name_title}</var>
<arg>${json_data["results"][0]["name"]["title"]}</arg>
<doc>Returns the given values which can then be assigned to a variables.</doc>
<status status="PASS" start="2024-05-05T02:26:34.749669" elapsed="0.000409"/>
</kw>
<kw name="Create List" owner="BuiltIn">
<msg time="2024-05-05T02:26:34.750518" level="INFO">${allowed_titles} = ['Mr', 'Ms', 'Miss', 'Mrs', 'Madame', 'Monsieur']</msg>
<var>${allowed_titles}</var>
<arg>Mr</arg>
<arg>Ms</arg>
<arg>Miss</arg>
<arg>Mrs</arg>
<arg>Madame</arg>
<arg>Monsieur</arg>
<doc>Returns a list containing given items.</doc>
<status status="PASS" start="2024-05-05T02:26:34.750372" elapsed="0.000170"/>
</kw>
<kw name="List Should Contain Value" owner="Collections">
<msg time="2024-05-05T02:26:34.751003" level="INFO">False</msg>
<arg>${allowed_titles}</arg>
<arg>${name_title}</arg>
<doc>Fails if the ``value`` is not found from ``list``.</doc>
<status status="PASS" start="2024-05-05T02:26:34.750837" elapsed="0.000202"/>
</kw>
<kw name="Set Variable" owner="BuiltIn">
<msg time="2024-05-05T02:26:34.751698" level="INFO">${name_country} = ES</msg>
<var>${name_country}</var>
<arg>${json_data["results"][0]["nat"]}</arg>
<doc>Returns the given values which can then be assigned to a variables.</doc>
<status status="PASS" start="2024-05-05T02:26:34.751325" elapsed="0.000398"/>
</kw>
<kw name="Create List" owner="BuiltIn">
<msg time="2024-05-05T02:26:34.752607" level="INFO">${list_country} = ['AD', 'AE', 'AF', 'AG', 'AI', 'AL', 'AM', 'AO', 'AQ', 'AR', 'AS', 'AT', 'AU', 'AW', 'AX', 'AZ', 'BA', 'BB', 'BD', 'BE', 'BF', 'BG', 'BH', 'BI', 'BJ', 'BL', 'BM', 'BN', 'BO', 'BQ', 'BR', 'BS', 'BT', '...</msg>
<var>${list_country}</var>
<arg>AD</arg>
<arg>AE</arg>
<arg>AF</arg>
<arg>AG</arg>
<arg>AI</arg>
<arg>AL</arg>
<arg>AM</arg>
<arg>AO</arg>
<arg>AQ</arg>
<arg>AR</arg>
<arg>AS</arg>
<arg>AT</arg>
<arg>AU</arg>
<arg>AW</arg>
<arg>AX</arg>
<arg>AZ</arg>
<arg>BA</arg>
<arg>BB</arg>
<arg>BD</arg>
<arg>BE</arg>
<arg>BF</arg>
<arg>BG</arg>
<arg>BH</arg>
<arg>BI</arg>
<arg>BJ</arg>
<arg>BL</arg>
<arg>BM</arg>
<arg>BN</arg>
<arg>BO</arg>
<arg>BQ</arg>
<arg>BR</arg>
<arg>BS</arg>
<arg>BT</arg>
<arg>BV</arg>
<arg>BW</arg>
<arg>BY</arg>
<arg>BZ</arg>
<arg>CA</arg>
<arg>CC</arg>
<arg>CD</arg>
<arg>CF</arg>
<arg>CG</arg>
<arg>CH</arg>
<arg>CI</arg>
<arg>CK</arg>
<arg>CL</arg>
<arg>CM</arg>
<arg>CN</arg>
<arg>CO</arg>
<arg>CR</arg>
<arg>CU</arg>
<arg>CV</arg>
<arg>CW</arg>
<arg>CX</arg>
<arg>CY</arg>
<arg>CZ</arg>
<arg>DE</arg>
<arg>DJ</arg>
<arg>DK</arg>
<arg>DM</arg>
<arg>DO</arg>
<arg>DZ</arg>
<arg>EC</arg>
<arg>EE</arg>
<arg>EG</arg>
<arg>EH</arg>
<arg>ER</arg>
<arg>ES</arg>
<arg>ET</arg>
<arg>FI</arg>
<arg>FJ</arg>
<arg>FK</arg>
<arg>FM</arg>
<arg>FO</arg>
<arg>FR</arg>
<arg>GA</arg>
<arg>GB</arg>
<arg>GD</arg>
<arg>GE</arg>
<arg>GF</arg>
<arg>GG</arg>
<arg>GH</arg>
<arg>GI</arg>
<arg>GL</arg>
<arg>GM</arg>
<arg>GN</arg>
<arg>GP</arg>
<arg>GQ</arg>
<arg>GR</arg>
<arg>GS</arg>
<arg>GT</arg>
<arg>GU</arg>
<arg>GW</arg>
<arg>GY</arg>
<arg>HK</arg>
<arg>HM</arg>
<arg>HN</arg>
<arg>HR</arg>
<arg>HT</arg>
<arg>HU</arg>
<arg>ID</arg>
<arg>IE</arg>
<arg>IL</arg>
<arg>IM</arg>
<arg>IN</arg>
<arg>IO</arg>
<arg>IQ</arg>
<arg>IR</arg>
<arg>IS</arg>
<arg>IT</arg>
<arg>JE</arg>
<arg>JM</arg>
<arg>JO</arg>
<arg>JP</arg>
<arg>KE</arg>
<arg>KG</arg>
<arg>KH</arg>
<arg>KI</arg>
<arg>KM</arg>
<arg>KN</arg>
<arg>KP</arg>
<arg>KR</arg>
<arg>KW</arg>
<arg>KY</arg>
<arg>KZ</arg>
<arg>LA</arg>
<arg>LB</arg>
<arg>LC</arg>
<arg>LI</arg>
<arg>LK</arg>
<arg>LR</arg>
<arg>LS</arg>
<arg>LT</arg>
<arg>LU</arg>
<arg>LV</arg>
<arg>LY</arg>
<arg>MA</arg>
<arg>MC</arg>
<arg>MD</arg>
<arg>ME</arg>
<arg>MF</arg>
<arg>MG</arg>
<arg>MH</arg>
<arg>MK</arg>
<arg>ML</arg>
<arg>MM</arg>
<arg>MN</arg>
<arg>MO</arg>
<arg>MP</arg>
<arg>MQ</arg>
<arg>MR</arg>
<arg>MS</arg>
<arg>MT</arg>
<arg>MU</arg>
<arg>MV</arg>
<arg>MW</arg>
<arg>MX</arg>
<arg>MY</arg>
<arg>MZ</arg>
<arg>NA</arg>
<arg>NC</arg>
<arg>NE</arg>
<arg>NF</arg>
<arg>NG</arg>
<arg>NI</arg>
<arg>NL</arg>
<arg>NO</arg>
<arg>NP</arg>
<arg>NR</arg>
<arg>NU</arg>
<arg>NZ</arg>
<arg>OM</arg>
<arg>PA</arg>
<arg>PE</arg>
<arg>PF</arg>
<arg>PG</arg>
<arg>PH</arg>
<arg>PK</arg>
<arg>PL</arg>
<arg>PM</arg>
<arg>PN</arg>
<arg>PR</arg>
<arg>PS</arg>
<arg>PT</arg>
<arg>PW</arg>
<arg>PY</arg>
<arg>QA</arg>
<arg>RE</arg>
<arg>RO</arg>
<arg>RS</arg>
<arg>RU</arg>
<arg>RW</arg>
<arg>SA</arg>
<arg>SB</arg>
<arg>SC</arg>
<arg>SD</arg>
<arg>SE</arg>
<arg>SG</arg>
<arg>SH</arg>
<arg>SI</arg>
<arg>SJ</arg>
<arg>SK</arg>
<arg>SL</arg>
<arg>SM</arg>
<arg>SN</arg>
<arg>SO</arg>
<arg>SR</arg>
<arg>SS</arg>
<arg>ST</arg>
<arg>SV</arg>
<arg>SX</arg>
<arg>SY</arg>
<arg>SZ</arg>
<arg>TC</arg>
<arg>TD</arg>
<arg>TF</arg>
<arg>TG</arg>
<arg>TH</arg>
<arg>TJ</arg>
<arg>TK</arg>
<arg>TL</arg>
<arg>TM</arg>
<arg>TN</arg>
<arg>TO</arg>
<arg>TR</arg>
<arg>TT</arg>
<arg>TV</arg>
<arg>TW</arg>
<arg>TZ</arg>
<arg>UA</arg>
<arg>UG</arg>
<arg>UM</arg>
<arg>US</arg>
<arg>UY</arg>
<arg>UZ</arg>
<arg>VA</arg>
<arg>VC</arg>
<arg>VE</arg>
<arg>VG</arg>
<arg>VI</arg>
<arg>VN</arg>
<arg>VU</arg>
<arg>WF</arg>
<arg>WS</arg>
<arg>XK</arg>
<arg>YE</arg>
<arg>YT</arg>
<arg>ZA</arg>
<arg>ZM</arg>
<arg>ZW</arg>
<doc>Returns a list containing given items.</doc>
<status status="PASS" start="2024-05-05T02:26:34.752021" elapsed="0.000612"/>
</kw>
<kw name="List Should Contain Value" owner="Collections">
<msg time="2024-05-05T02:26:34.753643" level="INFO">False</msg>
<arg>${list_country}</arg>
<arg>${name_country}</arg>
<doc>Fails if the ``value`` is not found from ``list``.</doc>
<status status="PASS" start="2024-05-05T02:26:34.753438" elapsed="0.000241"/>
</kw>
<kw name="Run Keyword If" owner="BuiltIn">
<kw name="Should Be True" owner="BuiltIn">
<arg>${True}</arg>
<doc>Fails if the given condition is not true.</doc>
<status status="PASS" start="2024-05-05T02:26:34.754733" elapsed="0.000245"/>
</kw>
<arg>${json_data["results"][0]["location"]["coordinates"]["latitude"]} &gt;= -90 and ${json_data["results"][0]["location"]["coordinates"]["latitude"]} &lt;= 90</arg>
<arg>Should Be True</arg>
<arg>${True}</arg>
<doc>Runs the given keyword with the given arguments, if ``condition`` is true.</doc>
<status status="PASS" start="2024-05-05T02:26:34.753986" elapsed="0.001124"/>
</kw>
<kw name="Run Keyword If" owner="BuiltIn">
<kw name="Should Be True" owner="BuiltIn">
<arg>${True}</arg>
<doc>Fails if the given condition is not true.</doc>
<status status="PASS" start="2024-05-05T02:26:34.755998" elapsed="0.000138"/>
</kw>
<arg>${json_data["results"][0]["location"]["coordinates"]["longitude"]} &gt;= -180 and ${json_data["results"][0]["location"]["coordinates"]["longitude"]} &lt;= 180</arg>
<arg>Should Be True</arg>
<arg>${True}</arg>
<doc>Runs the given keyword with the given arguments, if ``condition`` is true.</doc>
<status status="PASS" start="2024-05-05T02:26:34.755297" elapsed="0.000961"/>
</kw>
<status status="PASS" start="2024-05-05T02:26:34.674038" elapsed="0.082348"/>
</kw>
<doc>Testa o conteúdo específico dos campos retornados pela API.</doc>
<tag>testeConteudo</tag>
<status status="PASS" start="2024-05-05T02:26:34.673490" elapsed="0.083037"/>
</test>
<status status="PASS" start="2024-05-05T02:26:33.801761" elapsed="0.956702"/>
</suite>
<status status="PASS" start="2024-05-05T02:26:33.788369" elapsed="0.975115"/>
</suite>
<statistics>
<total>
<stat pass="5" fail="0" skip="0">All Tests</stat>
</total>
<tag>
<stat pass="1" fail="0" skip="0">testeConteudo</stat>
<stat pass="1" fail="0" skip="0">testeEstruturaResposta</stat>
<stat pass="1" fail="0" skip="0">testeRequisicaoBasica</stat>
<stat pass="1" fail="0" skip="0">testeTiposDados</stat>
</tag>
<suite>
<stat pass="5" fail="0" skip="0" id="s1" name="Tests">Tests</stat>
<stat pass="5" fail="0" skip="0" id="s1-s1" name="Random-User-Test">Tests.Random-User-Test</stat>
</suite>
</statistics>
<errors>
</errors>
</robot>
