<?xml version="1.0" encoding="UTF-8"?>
<robot generator="Robot 7.0.1 (Python 3.12.4 on linux)" generated="2024-07-10T19:15:03.182210" rpa="false" schemaversion="5">
<suite id="s1" name="Tests" source="/home/runner/work/ApiRandomUser/ApiRandomUser/RamdonUser/tests">
<suite id="s1-s1" name="Random-User-Test" source="/home/runner/work/ApiRandomUser/ApiRandomUser/RamdonUser/tests/random-user-test.robot">
<test id="s1-s1-t1" name="Conectar" line="13">
<kw name="Conectar API" owner="random-user-service">
<kw name="Create Session" owner="RequestsLibrary">
<msg time="2024-07-10T19:15:03.582555" level="INFO">Creating Session using : alias=consultarAPI, url=https://randomuser.me/, headers={},                     cookies={}, auth=None, timeout=None, proxies=None, verify=False,                     debug=0 </msg>
<arg>consultarAPI</arg>
<arg>${URL}</arg>
<doc>Create Session: create a HTTP session to a server</doc>
<status status="PASS" start="2024-07-10T19:15:03.582326" elapsed="0.000430"/>
</kw>
<status status="PASS" start="2024-07-10T19:15:03.581277" elapsed="0.001861"/>
</kw>
<status status="PASS" start="2024-07-10T19:15:03.580642" elapsed="0.002701"/>
</test>
<test id="s1-s1-t2" name="Validar retorno 200 e JSON Válido" line="16">
<kw name="Teste de Requisicao Basica" owner="random-user-service">
<kw name="GET On Session" owner="RequestsLibrary">
<msg time="2024-07-10T19:15:03.854965" level="INFO">GET Request : url=https://randomuser.me/api 
 path_url=/api 
 headers={'User-Agent': 'python-requests/2.32.3', 'Accept-Encoding': 'gzip, deflate', 'Accept': '*/*', 'Connection': 'keep-alive'} 
 body=None 
 </msg>
<msg time="2024-07-10T19:15:03.855118" level="INFO">GET Response : url=https://randomuser.me/api 
 status=200, reason=OK 
 headers={'Date': 'Wed, 10 Jul 2024 19:15:03 GMT', 'Content-Type': 'application/json; charset=utf-8', 'Transfer-Encoding': 'chunked', 'Connection': 'keep-alive', 'X-Powered-By': 'Express', 'Access-Control-Allow-Origin': '*', 'Cache-Control': 'no-cache', 'ETag': 'W/"473-Omdyv3HgP+XOx8Wtq4FPmELrYIY"', 'Vary': 'Accept-Encoding', 'Content-Encoding': 'gzip', 'CF-Cache-Status': 'DYNAMIC', 'Report-To': '{"endpoints":[{"url":"https:\\/\\/a.nel.cloudflare.com\\/report\\/v4?s=XjnqLX77kD7UjBzRXRmEC1FDiZ4nuBMHtF59%2Fk0%2FHW8J%2B8vffIKqhNICkPLUeogwMCnB3vRqHXccC5ES0auXeex183uI5767e3Fo2DAYS1uFqe5OwnX0isjEDJS%2F8BP0"}],"group":"cf-nel","max_age":604800}', 'NEL': '{"success_fraction":0,"report_to":"cf-nel","max_age":604800}', 'Server': 'cloudflare', 'CF-RAY': '8a12e15bc91956da-IAD', 'alt-svc': 'h3=":443"; ma=86400'} 
 body={"results":[{"gender":"male","name":{"title":"Mr","first":"Albert","last":"Johansen"},"location":{"street":{"number":5144,"name":"Næstvedvej"},"city":"Hornbæk","state":"Midtjylland","country":"Denmark","postcode":62669,"coordinates":{"latitude":"-38.5734","longitude":"-96.8513"},"timezone":{"offset":"-2:00","description":"Mid-Atlantic"}},"email":"albert.johansen@example.com","login":{"uuid":"04689469-db9b-430b-84f8-2fc4cb86a650","username":"whiteleopard241","password":"dima","salt":"2SMTmbRG","md5":"acb6571fe373579e0fdb68c049fda2c8","sha1":"3231e36a67e34da754231de338a3caf32d17454a","sha256":"38ea0ce7bd490ef6ffe90c476f306b5f42e359bfea249570be162f567ea0dd54"},"dob":{"date":"2000-12-22T02:41:14.831Z","age":23},"registered":{"date":"2017-11-25T08:48:50.162Z","age":6},"phone":"87536330","cell":"66337333","id":{"name":"CPR","value":"2112100-4034"},"picture":{"large":"https://randomuser.me/api/portraits/men/28.jpg","medium":"https://randomuser.me/api/portraits/med/men/28.jpg","thumbnail":"https://randomuser.me/api/portraits/thumb/men/28.jpg"},"nat":"DK"}],"info":{"seed":"d3b9979a0de320b5","results":1,"page":1,"version":"1.4"}} 
 </msg>
<msg time="2024-07-10T19:15:03.855202" level="INFO">/opt/hostedtoolcache/Python/3.12.4/x64/lib/python3.12/site-packages/urllib3/connectionpool.py:1099: InsecureRequestWarning: Unverified HTTPS request is being made to host 'randomuser.me'. Adding certificate verification is strongly advised. See: https://urllib3.readthedocs.io/en/latest/advanced-usage.html#tls-warnings
  warnings.warn(</msg>
<msg time="2024-07-10T19:15:03.855349" level="INFO">${response} = &lt;Response [200]&gt;</msg>
<var>${response}</var>
<arg>consultarAPI</arg>
<arg>/api</arg>
<doc>Sends a GET request on a previously created HTTP Session.</doc>
<status status="PASS" start="2024-07-10T19:15:03.586082" elapsed="0.269335"/>
</kw>
<kw name="Should Be Equal As Numbers" owner="BuiltIn">
<msg time="2024-07-10T19:15:03.856552" level="INFO">Argument types are:
&lt;class 'int'&gt;
&lt;class 'str'&gt;</msg>
<arg>${response.status_code}</arg>
<arg>200</arg>
<doc>Fails if objects are unequal after converting them to real numbers.</doc>
<status status="PASS" start="2024-07-10T19:15:03.856064" elapsed="0.000552"/>
</kw>
<kw name="Log" owner="BuiltIn">
<msg time="2024-07-10T19:15:03.857284" level="INFO">200</msg>
<arg>${response.status_code}</arg>
<doc>Logs the given message with the given level.</doc>
<status status="PASS" start="2024-07-10T19:15:03.856940" elapsed="0.000386"/>
</kw>
<kw name="Set Variable" owner="BuiltIn">
<msg time="2024-07-10T19:15:03.858104" level="INFO">${json_data} = {'results': [{'gender': 'male', 'name': {'title': 'Mr', 'first': 'Albert', 'last': 'Johansen'}, 'location': {'street': {'number': 5144, 'name': 'Næstvedvej'}, 'city': 'Hornbæk', 'state': 'Midtjylland'...</msg>
<var>${json_data}</var>
<arg>${response.json()}</arg>
<doc>Returns the given values which can then be assigned to a variables.</doc>
<status status="PASS" start="2024-07-10T19:15:03.857627" elapsed="0.000507"/>
</kw>
<kw name="Dictionary Should Contain Key" owner="Collections">
<arg>${json_data}</arg>
<arg>results</arg>
<doc>Fails if ``key`` is not found from ``dictionary``.</doc>
<status status="PASS" start="2024-07-10T19:15:03.858433" elapsed="0.000169"/>
</kw>
<status status="PASS" start="2024-07-10T19:15:03.585811" elapsed="0.272941"/>
</kw>
<doc>Testa se a API responde corretamente e retorna um objeto JSON válido.</doc>
<tag>testeRequisicaoBasica</tag>
<status status="PASS" start="2024-07-10T19:15:03.585238" elapsed="0.273690"/>
</test>
<test id="s1-s1-t3" name="Validar estrutura de resposta" line="22">
<kw name="Teste de Estrutura de Resposta" owner="random-user-service">
<kw name="GET On Session" owner="RequestsLibrary">
<msg time="2024-07-10T19:15:03.941701" level="INFO">GET Request : url=https://randomuser.me/api 
 path_url=/api 
 headers={'User-Agent': 'python-requests/2.32.3', 'Accept-Encoding': 'gzip, deflate', 'Accept': '*/*', 'Connection': 'keep-alive'} 
 body=None 
 </msg>
<msg time="2024-07-10T19:15:03.941814" level="INFO">GET Response : url=https://randomuser.me/api 
 status=200, reason=OK 
 headers={'Date': 'Wed, 10 Jul 2024 19:15:03 GMT', 'Content-Type': 'application/json; charset=utf-8', 'Transfer-Encoding': 'chunked', 'Connection': 'keep-alive', 'X-Powered-By': 'Express', 'Access-Control-Allow-Origin': '*', 'Cache-Control': 'no-cache', 'ETag': 'W/"480-uTa5tSY7pWKX/z50D8y287DsNSg"', 'Vary': 'Accept-Encoding', 'Content-Encoding': 'gzip', 'CF-Cache-Status': 'DYNAMIC', 'Report-To': '{"endpoints":[{"url":"https:\\/\\/a.nel.cloudflare.com\\/report\\/v4?s=WFvDMsiI70IXUbMw9Zf1wTzKW1kyzG7Q9OWLrZLg2G9XtaTv2w%2BAfZ7ojgpH9TtzTlzE85DrqNrlTCOsWvvMgIHNxUoQLs8VFq3vyf6IgrFckhQTgh549Quts3UNwr0r"}],"group":"cf-nel","max_age":604800}', 'NEL': '{"success_fraction":0,"report_to":"cf-nel","max_age":604800}', 'Server': 'cloudflare', 'CF-RAY': '8a12e15d2ae656da-IAD', 'alt-svc': 'h3=":443"; ma=86400'} 
 body={"results":[{"gender":"female","name":{"title":"Madame","first":"Jeanne","last":"Andre"},"location":{"street":{"number":1830,"name":"Rue de la Barre"},"city":"Muhen","state":"Aargau","country":"Switzerland","postcode":5080,"coordinates":{"latitude":"-59.5499","longitude":"151.2121"},"timezone":{"offset":"-10:00","description":"Hawaii"}},"email":"jeanne.andre@example.com","login":{"uuid":"70e12a90-f679-4744-96c3-a3dd78700df9","username":"brownmouse297","password":"ricky","salt":"zDIDrqJA","md5":"4183ddb55039e6f2173d50f9ea3976d2","sha1":"af80cf35416b9c6c2ff583cd0e195d44072ec41d","sha256":"7c931487703259f5fb5b1f6e7aeeee815f6155055d85dc578dff5fa1992a91cf"},"dob":{"date":"1991-01-19T10:35:05.866Z","age":33},"registered":{"date":"2019-09-16T11:23:58.001Z","age":4},"phone":"075 089 60 70","cell":"076 605 08 70","id":{"name":"AVS","value":"756.5175.9400.14"},"picture":{"large":"https://randomuser.me/api/portraits/women/43.jpg","medium":"https://randomuser.me/api/portraits/med/women/43.jpg","thumbnail":"https://randomuser.me/api/portraits/thumb/women/43.jpg"},"nat":"CH"}],"info":{"seed":"2677946db82667aa","results":1,"page":1,"version":"1.4"}} 
 </msg>
<msg time="2024-07-10T19:15:03.941957" level="INFO">/opt/hostedtoolcache/Python/3.12.4/x64/lib/python3.12/site-packages/urllib3/connectionpool.py:1099: InsecureRequestWarning: Unverified HTTPS request is being made to host 'randomuser.me'. Adding certificate verification is strongly advised. See: https://urllib3.readthedocs.io/en/latest/advanced-usage.html#tls-warnings
  warnings.warn(</msg>
<msg time="2024-07-10T19:15:03.942087" level="INFO">${response} = &lt;Response [200]&gt;</msg>
<var>${response}</var>
<arg>consultarAPI</arg>
<arg>/api</arg>
<doc>Sends a GET request on a previously created HTTP Session.</doc>
<status status="PASS" start="2024-07-10T19:15:03.861496" elapsed="0.080633"/>
</kw>
<kw name="Set Variable" owner="BuiltIn">
<msg time="2024-07-10T19:15:03.943290" level="INFO">${json_data} = {'results': [{'gender': 'female', 'name': {'title': 'Madame', 'first': 'Jeanne', 'last': 'Andre'}, 'location': {'street': {'number': 1830, 'name': 'Rue de la Barre'}, 'city': 'Muhen', 'state': 'Aargau...</msg>
<var>${json_data}</var>
<arg>${response.json()}</arg>
<doc>Returns the given values which can then be assigned to a variables.</doc>
<status status="PASS" start="2024-07-10T19:15:03.942718" elapsed="0.000600"/>
</kw>
<kw name="Log" owner="BuiltIn">
<msg time="2024-07-10T19:15:03.943790" level="INFO">{'results': [{'gender': 'female', 'name': {'title': 'Madame', 'first': 'Jeanne', 'last': 'Andre'}, 'location': {'street': {'number': 1830, 'name': 'Rue de la Barre'}, 'city': 'Muhen', 'state': 'Aargau', 'country': 'Switzerland', 'postcode': 5080, 'coordinates': {'latitude': '-59.5499', 'longitude': '151.2121'}, 'timezone': {'offset': '-10:00', 'description': 'Hawaii'}}, 'email': 'jeanne.andre@example.com', 'login': {'uuid': '70e12a90-f679-4744-96c3-a3dd78700df9', 'username': 'brownmouse297', 'password': 'ricky', 'salt': 'zDIDrqJA', 'md5': '4183ddb55039e6f2173d50f9ea3976d2', 'sha1': 'af80cf35416b9c6c2ff583cd0e195d44072ec41d', 'sha256': '7c931487703259f5fb5b1f6e7aeeee815f6155055d85dc578dff5fa1992a91cf'}, 'dob': {'date': '1991-01-19T10:35:05.866Z', 'age': 33}, 'registered': {'date': '2019-09-16T11:23:58.001Z', 'age': 4}, 'phone': '075 089 60 70', 'cell': '076 605 08 70', 'id': {'name': 'AVS', 'value': '756.5175.9400.14'}, 'picture': {'large': 'https://randomuser.me/api/portraits/women/43.jpg', 'medium': 'https://randomuser.me/api/portraits/med/women/43.jpg', 'thumbnail': 'https://randomuser.me/api/portraits/thumb/women/43.jpg'}, 'nat': 'CH'}], 'info': {'seed': '2677946db82667aa', 'results': 1, 'page': 1, 'version': '1.4'}}</msg>
<arg>${json_data}</arg>
<doc>Logs the given message with the given level.</doc>
<status status="PASS" start="2024-07-10T19:15:03.943631" elapsed="0.000206"/>
</kw>
<kw name="Dictionary Should Contain Key" owner="Collections">
<arg>${json_data}</arg>
<arg>results</arg>
<doc>Fails if ``key`` is not found from ``dictionary``.</doc>
<status status="PASS" start="2024-07-10T19:15:03.944125" elapsed="0.000164"/>
</kw>
<kw name="Should Not Be Empty" owner="BuiltIn">
<msg time="2024-07-10T19:15:03.944600" level="INFO">Length is 2.</msg>
<arg>${json_data}</arg>
<doc>Verifies that the given item is not empty.</doc>
<status status="PASS" start="2024-07-10T19:15:03.944472" elapsed="0.000166"/>
</kw>
<kw name="Create List" owner="BuiltIn">
<msg time="2024-07-10T19:15:03.945244" level="INFO">${expected_keys} = ['gender', 'name', 'location', 'email', 'login']</msg>
<var>${expected_keys}</var>
<arg>gender</arg>
<arg>name</arg>
<arg>location</arg>
<arg>email</arg>
<arg>login</arg>
<doc>Returns a list containing given items.</doc>
<status status="PASS" start="2024-07-10T19:15:03.944937" elapsed="0.000332"/>
</kw>
<for flavor="IN">
<iter>
<kw name="Dictionary Should Contain Key" owner="Collections">
<arg>${json_data['results'][0]}</arg>
<arg>${key}</arg>
<doc>Fails if ``key`` is not found from ``dictionary``.</doc>
<status status="PASS" start="2024-07-10T19:15:03.945895" elapsed="0.000408"/>
</kw>
<kw name="Log" owner="BuiltIn">
<msg time="2024-07-10T19:15:03.946846" level="INFO">{'gender': 'female', 'name': {'title': 'Madame', 'first': 'Jeanne', 'last': 'Andre'}, 'location': {'street': {'number': 1830, 'name': 'Rue de la Barre'}, 'city': 'Muhen', 'state': 'Aargau', 'country': 'Switzerland', 'postcode': 5080, 'coordinates': {'latitude': '-59.5499', 'longitude': '151.2121'}, 'timezone': {'offset': '-10:00', 'description': 'Hawaii'}}, 'email': 'jeanne.andre@example.com', 'login': {'uuid': '70e12a90-f679-4744-96c3-a3dd78700df9', 'username': 'brownmouse297', 'password': 'ricky', 'salt': 'zDIDrqJA', 'md5': '4183ddb55039e6f2173d50f9ea3976d2', 'sha1': 'af80cf35416b9c6c2ff583cd0e195d44072ec41d', 'sha256': '7c931487703259f5fb5b1f6e7aeeee815f6155055d85dc578dff5fa1992a91cf'}, 'dob': {'date': '1991-01-19T10:35:05.866Z', 'age': 33}, 'registered': {'date': '2019-09-16T11:23:58.001Z', 'age': 4}, 'phone': '075 089 60 70', 'cell': '076 605 08 70', 'id': {'name': 'AVS', 'value': '756.5175.9400.14'}, 'picture': {'large': 'https://randomuser.me/api/portraits/women/43.jpg', 'medium': 'https://randomuser.me/api/portraits/med/women/43.jpg', 'thumbnail': 'https://randomuser.me/api/portraits/thumb/women/43.jpg'}, 'nat': 'CH'}</msg>
<arg>${json_data['results'][0]}</arg>
<doc>Logs the given message with the given level.</doc>
<status status="PASS" start="2024-07-10T19:15:03.946491" elapsed="0.000403"/>
</kw>
<kw name="Log" owner="BuiltIn">
<msg time="2024-07-10T19:15:03.947325" level="INFO">gender</msg>
<arg>${key}</arg>
<doc>Logs the given message with the given level.</doc>
<status status="PASS" start="2024-07-10T19:15:03.947194" elapsed="0.000169"/>
</kw>
<var name="${key}">gender</var>
<status status="PASS" start="2024-07-10T19:15:03.945763" elapsed="0.001814"/>
</iter>
<iter>
<kw name="Dictionary Should Contain Key" owner="Collections">
<arg>${json_data['results'][0]}</arg>
<arg>${key}</arg>
<doc>Fails if ``key`` is not found from ``dictionary``.</doc>
<status status="PASS" start="2024-07-10T19:15:03.947902" elapsed="0.000391"/>
</kw>
<kw name="Log" owner="BuiltIn">
<msg time="2024-07-10T19:15:03.948832" level="INFO">{'gender': 'female', 'name': {'title': 'Madame', 'first': 'Jeanne', 'last': 'Andre'}, 'location': {'street': {'number': 1830, 'name': 'Rue de la Barre'}, 'city': 'Muhen', 'state': 'Aargau', 'country': 'Switzerland', 'postcode': 5080, 'coordinates': {'latitude': '-59.5499', 'longitude': '151.2121'}, 'timezone': {'offset': '-10:00', 'description': 'Hawaii'}}, 'email': 'jeanne.andre@example.com', 'login': {'uuid': '70e12a90-f679-4744-96c3-a3dd78700df9', 'username': 'brownmouse297', 'password': 'ricky', 'salt': 'zDIDrqJA', 'md5': '4183ddb55039e6f2173d50f9ea3976d2', 'sha1': 'af80cf35416b9c6c2ff583cd0e195d44072ec41d', 'sha256': '7c931487703259f5fb5b1f6e7aeeee815f6155055d85dc578dff5fa1992a91cf'}, 'dob': {'date': '1991-01-19T10:35:05.866Z', 'age': 33}, 'registered': {'date': '2019-09-16T11:23:58.001Z', 'age': 4}, 'phone': '075 089 60 70', 'cell': '076 605 08 70', 'id': {'name': 'AVS', 'value': '756.5175.9400.14'}, 'picture': {'large': 'https://randomuser.me/api/portraits/women/43.jpg', 'medium': 'https://randomuser.me/api/portraits/med/women/43.jpg', 'thumbnail': 'https://randomuser.me/api/portraits/thumb/women/43.jpg'}, 'nat': 'CH'}</msg>
<arg>${json_data['results'][0]}</arg>
<doc>Logs the given message with the given level.</doc>
<status status="PASS" start="2024-07-10T19:15:03.948477" elapsed="0.000435"/>
</kw>
<kw name="Log" owner="BuiltIn">
<msg time="2024-07-10T19:15:03.949340" level="INFO">name</msg>
<arg>${key}</arg>
<doc>Logs the given message with the given level.</doc>
<status status="PASS" start="2024-07-10T19:15:03.949210" elapsed="0.000168"/>
</kw>
<var name="${key}">name</var>
<status status="PASS" start="2024-07-10T19:15:03.947789" elapsed="0.001806"/>
</iter>
<iter>
<kw name="Dictionary Should Contain Key" owner="Collections">
<arg>${json_data['results'][0]}</arg>
<arg>${key}</arg>
<doc>Fails if ``key`` is not found from ``dictionary``.</doc>
<status status="PASS" start="2024-07-10T19:15:03.949905" elapsed="0.000376"/>
</kw>
<kw name="Log" owner="BuiltIn">
<msg time="2024-07-10T19:15:03.950811" level="INFO">{'gender': 'female', 'name': {'title': 'Madame', 'first': 'Jeanne', 'last': 'Andre'}, 'location': {'street': {'number': 1830, 'name': 'Rue de la Barre'}, 'city': 'Muhen', 'state': 'Aargau', 'country': 'Switzerland', 'postcode': 5080, 'coordinates': {'latitude': '-59.5499', 'longitude': '151.2121'}, 'timezone': {'offset': '-10:00', 'description': 'Hawaii'}}, 'email': 'jeanne.andre@example.com', 'login': {'uuid': '70e12a90-f679-4744-96c3-a3dd78700df9', 'username': 'brownmouse297', 'password': 'ricky', 'salt': 'zDIDrqJA', 'md5': '4183ddb55039e6f2173d50f9ea3976d2', 'sha1': 'af80cf35416b9c6c2ff583cd0e195d44072ec41d', 'sha256': '7c931487703259f5fb5b1f6e7aeeee815f6155055d85dc578dff5fa1992a91cf'}, 'dob': {'date': '1991-01-19T10:35:05.866Z', 'age': 33}, 'registered': {'date': '2019-09-16T11:23:58.001Z', 'age': 4}, 'phone': '075 089 60 70', 'cell': '076 605 08 70', 'id': {'name': 'AVS', 'value': '756.5175.9400.14'}, 'picture': {'large': 'https://randomuser.me/api/portraits/women/43.jpg', 'medium': 'https://randomuser.me/api/portraits/med/women/43.jpg', 'thumbnail': 'https://randomuser.me/api/portraits/thumb/women/43.jpg'}, 'nat': 'CH'}</msg>
<arg>${json_data['results'][0]}</arg>
<doc>Logs the given message with the given level.</doc>
<status status="PASS" start="2024-07-10T19:15:03.950462" elapsed="0.000406"/>
</kw>
<kw name="Log" owner="BuiltIn">
<msg time="2024-07-10T19:15:03.951296" level="INFO">location</msg>
<arg>${key}</arg>
<doc>Logs the given message with the given level.</doc>
<status status="PASS" start="2024-07-10T19:15:03.951167" elapsed="0.000166"/>
</kw>
<var name="${key}">location</var>
<status status="PASS" start="2024-07-10T19:15:03.949794" elapsed="0.001752"/>
</iter>
<iter>
<kw name="Dictionary Should Contain Key" owner="Collections">
<arg>${json_data['results'][0]}</arg>
<arg>${key}</arg>
<doc>Fails if ``key`` is not found from ``dictionary``.</doc>
<status status="PASS" start="2024-07-10T19:15:03.951821" elapsed="0.000381"/>
</kw>
<kw name="Log" owner="BuiltIn">
<msg time="2024-07-10T19:15:03.952726" level="INFO">{'gender': 'female', 'name': {'title': 'Madame', 'first': 'Jeanne', 'last': 'Andre'}, 'location': {'street': {'number': 1830, 'name': 'Rue de la Barre'}, 'city': 'Muhen', 'state': 'Aargau', 'country': 'Switzerland', 'postcode': 5080, 'coordinates': {'latitude': '-59.5499', 'longitude': '151.2121'}, 'timezone': {'offset': '-10:00', 'description': 'Hawaii'}}, 'email': 'jeanne.andre@example.com', 'login': {'uuid': '70e12a90-f679-4744-96c3-a3dd78700df9', 'username': 'brownmouse297', 'password': 'ricky', 'salt': 'zDIDrqJA', 'md5': '4183ddb55039e6f2173d50f9ea3976d2', 'sha1': 'af80cf35416b9c6c2ff583cd0e195d44072ec41d', 'sha256': '7c931487703259f5fb5b1f6e7aeeee815f6155055d85dc578dff5fa1992a91cf'}, 'dob': {'date': '1991-01-19T10:35:05.866Z', 'age': 33}, 'registered': {'date': '2019-09-16T11:23:58.001Z', 'age': 4}, 'phone': '075 089 60 70', 'cell': '076 605 08 70', 'id': {'name': 'AVS', 'value': '756.5175.9400.14'}, 'picture': {'large': 'https://randomuser.me/api/portraits/women/43.jpg', 'medium': 'https://randomuser.me/api/portraits/med/women/43.jpg', 'thumbnail': 'https://randomuser.me/api/portraits/thumb/women/43.jpg'}, 'nat': 'CH'}</msg>
<arg>${json_data['results'][0]}</arg>
<doc>Logs the given message with the given level.</doc>
<status status="PASS" start="2024-07-10T19:15:03.952382" elapsed="0.000391"/>
</kw>
<kw name="Log" owner="BuiltIn">
<msg time="2024-07-10T19:15:03.953198" level="INFO">email</msg>
<arg>${key}</arg>
<doc>Logs the given message with the given level.</doc>
<status status="PASS" start="2024-07-10T19:15:03.953069" elapsed="0.000167"/>
</kw>
<var name="${key}">email</var>
<status status="PASS" start="2024-07-10T19:15:03.951714" elapsed="0.001731"/>
</iter>
<iter>
<kw name="Dictionary Should Contain Key" owner="Collections">
<arg>${json_data['results'][0]}</arg>
<arg>${key}</arg>
<doc>Fails if ``key`` is not found from ``dictionary``.</doc>
<status status="PASS" start="2024-07-10T19:15:03.953758" elapsed="0.000394"/>
</kw>
<kw name="Log" owner="BuiltIn">
<msg time="2024-07-10T19:15:03.954675" level="INFO">{'gender': 'female', 'name': {'title': 'Madame', 'first': 'Jeanne', 'last': 'Andre'}, 'location': {'street': {'number': 1830, 'name': 'Rue de la Barre'}, 'city': 'Muhen', 'state': 'Aargau', 'country': 'Switzerland', 'postcode': 5080, 'coordinates': {'latitude': '-59.5499', 'longitude': '151.2121'}, 'timezone': {'offset': '-10:00', 'description': 'Hawaii'}}, 'email': 'jeanne.andre@example.com', 'login': {'uuid': '70e12a90-f679-4744-96c3-a3dd78700df9', 'username': 'brownmouse297', 'password': 'ricky', 'salt': 'zDIDrqJA', 'md5': '4183ddb55039e6f2173d50f9ea3976d2', 'sha1': 'af80cf35416b9c6c2ff583cd0e195d44072ec41d', 'sha256': '7c931487703259f5fb5b1f6e7aeeee815f6155055d85dc578dff5fa1992a91cf'}, 'dob': {'date': '1991-01-19T10:35:05.866Z', 'age': 33}, 'registered': {'date': '2019-09-16T11:23:58.001Z', 'age': 4}, 'phone': '075 089 60 70', 'cell': '076 605 08 70', 'id': {'name': 'AVS', 'value': '756.5175.9400.14'}, 'picture': {'large': 'https://randomuser.me/api/portraits/women/43.jpg', 'medium': 'https://randomuser.me/api/portraits/med/women/43.jpg', 'thumbnail': 'https://randomuser.me/api/portraits/thumb/women/43.jpg'}, 'nat': 'CH'}</msg>
<arg>${json_data['results'][0]}</arg>
<doc>Logs the given message with the given level.</doc>
<status status="PASS" start="2024-07-10T19:15:03.954332" elapsed="0.000391"/>
</kw>
<kw name="Log" owner="BuiltIn">
<msg time="2024-07-10T19:15:03.955143" level="INFO">login</msg>
<arg>${key}</arg>
<doc>Logs the given message with the given level.</doc>
<status status="PASS" start="2024-07-10T19:15:03.955018" elapsed="0.000162"/>
</kw>
<var name="${key}">login</var>
<status status="PASS" start="2024-07-10T19:15:03.953613" elapsed="0.001781"/>
</iter>
<var>${key}</var>
<value>@{expected_keys}</value>
<status status="PASS" start="2024-07-10T19:15:03.945532" elapsed="0.009982"/>
</for>
<kw name="Create List" owner="BuiltIn">
<msg time="2024-07-10T19:15:03.955839" level="INFO">${expected_keysTwo} = ['username', 'password']</msg>
<var>${expected_keysTwo}</var>
<arg>username</arg>
<arg>password</arg>
<doc>Returns a list containing given items.</doc>
<status status="PASS" start="2024-07-10T19:15:03.955703" elapsed="0.000160"/>
</kw>
<for flavor="IN">
<iter>
<kw name="Dictionary Should Contain Key" owner="Collections">
<arg>${json_data['results'][0]['login']}</arg>
<arg>${keyTwo}</arg>
<doc>Fails if ``key`` is not found from ``dictionary``.</doc>
<status status="PASS" start="2024-07-10T19:15:03.956385" elapsed="0.000382"/>
</kw>
<kw name="Dictionary Should Contain Key" owner="Collections">
<arg>${json_data['results'][0]['login']}</arg>
<arg>${keyTwo}</arg>
<doc>Fails if ``key`` is not found from ``dictionary``.</doc>
<status status="PASS" start="2024-07-10T19:15:03.956946" elapsed="0.000369"/>
</kw>
<kw name="Log" owner="BuiltIn">
<msg time="2024-07-10T19:15:03.957614" level="INFO">username</msg>
<arg>${keyTwo}</arg>
<doc>Logs the given message with the given level.</doc>
<status status="PASS" start="2024-07-10T19:15:03.957494" elapsed="0.000197"/>
</kw>
<var name="${keyTwo}">username</var>
<status status="PASS" start="2024-07-10T19:15:03.956278" elapsed="0.001652"/>
</iter>
<iter>
<kw name="Dictionary Should Contain Key" owner="Collections">
<arg>${json_data['results'][0]['login']}</arg>
<arg>${keyTwo}</arg>
<doc>Fails if ``key`` is not found from ``dictionary``.</doc>
<status status="PASS" start="2024-07-10T19:15:03.958211" elapsed="0.000407"/>
</kw>
<kw name="Dictionary Should Contain Key" owner="Collections">
<arg>${json_data['results'][0]['login']}</arg>
<arg>${keyTwo}</arg>
<doc>Fails if ``key`` is not found from ``dictionary``.</doc>
<status status="PASS" start="2024-07-10T19:15:03.958796" elapsed="0.000406"/>
</kw>
<kw name="Log" owner="BuiltIn">
<msg time="2024-07-10T19:15:03.959530" level="INFO">password</msg>
<arg>${keyTwo}</arg>
<doc>Logs the given message with the given level.</doc>
<status status="PASS" start="2024-07-10T19:15:03.959402" elapsed="0.000171"/>
</kw>
<var name="${keyTwo}">password</var>
<status status="PASS" start="2024-07-10T19:15:03.958103" elapsed="0.001784"/>
</iter>
<var>${keyTwo}</var>
<value>@{expected_keysTwo}</value>
<status status="PASS" start="2024-07-10T19:15:03.956126" elapsed="0.003884"/>
</for>
<status status="PASS" start="2024-07-10T19:15:03.861259" elapsed="0.098895"/>
</kw>
<doc>Testa a estrutura da resposta da API.</doc>
<tag>testeEstruturaResposta</tag>
<status status="PASS" start="2024-07-10T19:15:03.860752" elapsed="0.099557"/>
</test>
<test id="s1-s1-t4" name="Validar tipos de dados" line="28">
<kw name="Teste de Tipos de Dados" owner="random-user-service">
<kw name="GET On Session" owner="RequestsLibrary">
<msg time="2024-07-10T19:15:04.004101" level="INFO">GET Request : url=https://randomuser.me/api 
 path_url=/api 
 headers={'User-Agent': 'python-requests/2.32.3', 'Accept-Encoding': 'gzip, deflate', 'Accept': '*/*', 'Connection': 'keep-alive'} 
 body=None 
 </msg>
<msg time="2024-07-10T19:15:04.004193" level="INFO">GET Response : url=https://randomuser.me/api 
 status=200, reason=OK 
 headers={'Date': 'Wed, 10 Jul 2024 19:15:04 GMT', 'Content-Type': 'application/json; charset=utf-8', 'Transfer-Encoding': 'chunked', 'Connection': 'keep-alive', 'X-Powered-By': 'Express', 'Access-Control-Allow-Origin': '*', 'Cache-Control': 'no-cache', 'ETag': 'W/"4a0-leF/zgixkhWWQwthF+HdgnWTkoM"', 'Vary': 'Accept-Encoding', 'Content-Encoding': 'gzip', 'CF-Cache-Status': 'DYNAMIC', 'Report-To': '{"endpoints":[{"url":"https:\\/\\/a.nel.cloudflare.com\\/report\\/v4?s=CTwTbnwnNZNPCmJIXAebkKSzW5OnCECfuDJPMDDKwy5qGeeO6xIKjnIQNhqfV8ap%2FjUVn7vyf4Wr2iBIO7VZ4JEc29Razc4MeRI9GNK7ThUfdYA8G2Y4HABa8Y0Q2V5R"}],"group":"cf-nel","max_age":604800}', 'NEL': '{"success_fraction":0,"report_to":"cf-nel","max_age":604800}', 'Server': 'cloudflare', 'CF-RAY': '8a12e15dcbae56da-IAD', 'alt-svc': 'h3=":443"; ma=86400'} 
 body={"results":[{"gender":"female","name":{"title":"Mrs","first":"Natalia","last":"Diez"},"location":{"street":{"number":3165,"name":"Avenida de La Albufera"},"city":"Pontevedra","state":"La Rioja","country":"Spain","postcode":79257,"coordinates":{"latitude":"-36.5236","longitude":"170.1581"},"timezone":{"offset":"-5:00","description":"Eastern Time (US &amp; Canada), Bogota, Lima"}},"email":"natalia.diez@example.com","login":{"uuid":"b3a352bc-c88c-4900-a35d-4bc272ab073b","username":"ticklishfish751","password":"ernie","salt":"IHWKbckl","md5":"d6be0b9874a07d314113e208094e2bbe","sha1":"b957b46683028c07471aaed9230560d2bee35355","sha256":"9b9e2b0a9ce0f0d3f194c668bede9bd2637c1c1c5b24dd3013d0df06ce80de08"},"dob":{"date":"1989-06-16T09:16:20.052Z","age":35},"registered":{"date":"2005-02-09T08:03:01.376Z","age":19},"phone":"916-704-273","cell":"691-496-704","id":{"name":"DNI","value":"70378608-Q"},"picture":{"large":"https://randomuser.me/api/portraits/women/45.jpg","medium":"https://randomuser.me/api/portraits/med/women/45.jpg","thumbnail":"https://randomuser.me/api/portraits/thumb/women/45.jpg"},"nat":"ES"}],"info":{"seed":"6740de5b3d5817bb","results":1,"page":1,"version":"1.4"}} 
 </msg>
<msg time="2024-07-10T19:15:04.004261" level="INFO">/opt/hostedtoolcache/Python/3.12.4/x64/lib/python3.12/site-packages/urllib3/connectionpool.py:1099: InsecureRequestWarning: Unverified HTTPS request is being made to host 'randomuser.me'. Adding certificate verification is strongly advised. See: https://urllib3.readthedocs.io/en/latest/advanced-usage.html#tls-warnings
  warnings.warn(</msg>
<msg time="2024-07-10T19:15:04.004374" level="INFO">${response} = &lt;Response [200]&gt;</msg>
<var>${response}</var>
<arg>consultarAPI</arg>
<arg>/api</arg>
<doc>Sends a GET request on a previously created HTTP Session.</doc>
<status status="PASS" start="2024-07-10T19:15:03.962788" elapsed="0.041630"/>
</kw>
<kw name="Set Variable" owner="BuiltIn">
<msg time="2024-07-10T19:15:04.005421" level="INFO">${json_data} = {'results': [{'gender': 'female', 'name': {'title': 'Mrs', 'first': 'Natalia', 'last': 'Diez'}, 'location': {'street': {'number': 3165, 'name': 'Avenida de La Albufera'}, 'city': 'Pontevedra', 'state'...</msg>
<var>${json_data}</var>
<arg>${response.json()}</arg>
<doc>Returns the given values which can then be assigned to a variables.</doc>
<status status="PASS" start="2024-07-10T19:15:04.004911" elapsed="0.000540"/>
</kw>
<kw name="Log" owner="BuiltIn">
<msg time="2024-07-10T19:15:04.005965" level="INFO">{'results': [{'gender': 'female', 'name': {'title': 'Mrs', 'first': 'Natalia', 'last': 'Diez'}, 'location': {'street': {'number': 3165, 'name': 'Avenida de La Albufera'}, 'city': 'Pontevedra', 'state': 'La Rioja', 'country': 'Spain', 'postcode': 79257, 'coordinates': {'latitude': '-36.5236', 'longitude': '170.1581'}, 'timezone': {'offset': '-5:00', 'description': 'Eastern Time (US &amp; Canada), Bogota, Lima'}}, 'email': 'natalia.diez@example.com', 'login': {'uuid': 'b3a352bc-c88c-4900-a35d-4bc272ab073b', 'username': 'ticklishfish751', 'password': 'ernie', 'salt': 'IHWKbckl', 'md5': 'd6be0b9874a07d314113e208094e2bbe', 'sha1': 'b957b46683028c07471aaed9230560d2bee35355', 'sha256': '9b9e2b0a9ce0f0d3f194c668bede9bd2637c1c1c5b24dd3013d0df06ce80de08'}, 'dob': {'date': '1989-06-16T09:16:20.052Z', 'age': 35}, 'registered': {'date': '2005-02-09T08:03:01.376Z', 'age': 19}, 'phone': '916-704-273', 'cell': '691-496-704', 'id': {'name': 'DNI', 'value': '70378608-Q'}, 'picture': {'large': 'https://randomuser.me/api/portraits/women/45.jpg', 'medium': 'https://randomuser.me/api/portraits/med/women/45.jpg', 'thumbnail': 'https://randomuser.me/api/portraits/thumb/women/45.jpg'}, 'nat': 'ES'}], 'info': {'seed': '6740de5b3d5817bb', 'results': 1, 'page': 1, 'version': '1.4'}}</msg>
<arg>${json_data}</arg>
<doc>Logs the given message with the given level.</doc>
<status status="PASS" start="2024-07-10T19:15:04.005804" elapsed="0.000211"/>
</kw>
<kw name="Should Be String" owner="String">
<arg>${json_data['results'][0]['gender']}</arg>
<doc>Fails if the given ``item`` is not a string.</doc>
<status status="PASS" start="2024-07-10T19:15:04.006308" elapsed="0.000358"/>
</kw>
<kw name="Should Match Regexp" owner="BuiltIn">
<arg>${json_data['results'][0]['email']}</arg>
<arg>^[a-zA-Z0-9._%+-]+@[a-zA-Z0-9.-]+\.[a-zA-Z]{2,}$</arg>
<doc>Fails if ``string`` does not match ``pattern`` as a regular expression.</doc>
<status status="PASS" start="2024-07-10T19:15:04.006850" elapsed="0.000513"/>
</kw>
<kw name="Should Match Regexp" owner="BuiltIn">
<arg>${json_data['results'][0]['dob']['date']}</arg>
<arg>\\d{4}-\\d{2}-\\d{2}T\\d{2}:\\d{2}:\\d{2}\\.\\d{3}Z</arg>
<doc>Fails if ``string`` does not match ``pattern`` as a regular expression.</doc>
<status status="PASS" start="2024-07-10T19:15:04.007594" elapsed="0.000491"/>
</kw>
<kw name="Should Match Regexp" owner="BuiltIn">
<arg>${json_data['results'][0]['registered']['date']}</arg>
<arg>\\d{4}-\\d{2}-\\d{2}T\\d{2}:\\d{2}:\\d{2}\\.\\d{3}Z</arg>
<doc>Fails if ``string`` does not match ``pattern`` as a regular expression.</doc>
<status status="PASS" start="2024-07-10T19:15:04.008278" elapsed="0.000371"/>
</kw>
<kw name="Should Match Regexp" owner="BuiltIn">
<arg>${json_data['results'][0]['picture']['large']}</arg>
<arg>^https?://.*\.(?:png|jpe?g|gif|bmp)$</arg>
<doc>Fails if ``string`` does not match ``pattern`` as a regular expression.</doc>
<status status="PASS" start="2024-07-10T19:15:04.008834" elapsed="0.000458"/>
</kw>
<kw name="Should Match Regexp" owner="BuiltIn">
<arg>${json_data['results'][0]['picture']['medium']}</arg>
<arg>^https?://.*\.(?:png|jpe?g|gif|bmp)$</arg>
<doc>Fails if ``string`` does not match ``pattern`` as a regular expression.</doc>
<status status="PASS" start="2024-07-10T19:15:04.009481" elapsed="0.000377"/>
</kw>
<kw name="Should Match Regexp" owner="BuiltIn">
<arg>${json_data['results'][0]['picture']['thumbnail']}</arg>
<arg>^https?://.*\.(?:png|jpe?g|gif|bmp)$</arg>
<doc>Fails if ``string`` does not match ``pattern`` as a regular expression.</doc>
<status status="PASS" start="2024-07-10T19:15:04.010042" elapsed="0.000358"/>
</kw>
<kw name="Log" owner="BuiltIn">
<msg time="2024-07-10T19:15:04.010913" level="INFO">{'large': 'https://randomuser.me/api/portraits/women/45.jpg', 'medium': 'https://randomuser.me/api/portraits/med/women/45.jpg', 'thumbnail': 'https://randomuser.me/api/portraits/thumb/women/45.jpg'}</msg>
<arg>${json_data['results'][0]['picture']}</arg>
<doc>Logs the given message with the given level.</doc>
<status status="PASS" start="2024-07-10T19:15:04.010588" elapsed="0.000368"/>
</kw>
<status status="PASS" start="2024-07-10T19:15:03.962561" elapsed="0.048658"/>
</kw>
<kw name="Teste de Tipos de Dados - Postcode" owner="random-user-service">
<kw name="GET On Session" owner="RequestsLibrary">
<msg time="2024-07-10T19:15:04.100011" level="INFO">GET Request : url=https://randomuser.me/api 
 path_url=/api 
 headers={'User-Agent': 'python-requests/2.32.3', 'Accept-Encoding': 'gzip, deflate', 'Accept': '*/*', 'Connection': 'keep-alive'} 
 body=None 
 </msg>
<msg time="2024-07-10T19:15:04.100127" level="INFO">GET Response : url=https://randomuser.me/api 
 status=200, reason=OK 
 headers={'Date': 'Wed, 10 Jul 2024 19:15:04 GMT', 'Content-Type': 'application/json; charset=utf-8', 'Transfer-Encoding': 'chunked', 'Connection': 'keep-alive', 'X-Powered-By': 'Express', 'Access-Control-Allow-Origin': '*', 'Cache-Control': 'no-cache', 'ETag': 'W/"496-fZZ4IA9KzL15AXBbez3c7pfahDo"', 'Vary': 'Accept-Encoding', 'Content-Encoding': 'gzip', 'CF-Cache-Status': 'DYNAMIC', 'Report-To': '{"endpoints":[{"url":"https:\\/\\/a.nel.cloudflare.com\\/report\\/v4?s=jx8qItmeQgjR2AFkeU09DtFju1nkAOX4TOnPUEqJ8hfAvG7pzN%2FFGTox6J7d8duJ9CQu%2FWZ%2FRbrfN%2BwFfth7%2BikiUnXEia%2B4oRbmk%2BtbrBCDbTK0g3gQ7pphEZ7bh3N1"}],"group":"cf-nel","max_age":604800}', 'NEL': '{"success_fraction":0,"report_to":"cf-nel","max_age":604800}', 'Server': 'cloudflare', 'CF-RAY': '8a12e15e1c1756da-IAD', 'alt-svc': 'h3=":443"; ma=86400'} 
 body={"results":[{"gender":"female","name":{"title":"Mrs","first":"باران","last":"نكو نظر"},"location":{"street":{"number":1839,"name":"دستغیب"},"city":"بیرجند","state":"گیلان","country":"Iran","postcode":98392,"coordinates":{"latitude":"13.5151","longitude":"5.7581"},"timezone":{"offset":"-5:00","description":"Eastern Time (US &amp; Canada), Bogota, Lima"}},"email":"brn.nkwnzr@example.com","login":{"uuid":"3c84244f-f57d-48e2-9b1a-f07d952f8c30","username":"purplewolf145","password":"around","salt":"uE2H6lKS","md5":"f2459d1a053f076924a52d70160c865b","sha1":"b5d5cb7a1ccfb9555ac892191b36eaff411c1efc","sha256":"a1c5fa50ac45f2b96b5b6f93d4b63d495dc0c8a45cf52858428c626f1e03dd1c"},"dob":{"date":"1970-10-05T13:08:20.135Z","age":53},"registered":{"date":"2018-09-23T13:47:18.132Z","age":5},"phone":"031-95710198","cell":"0940-989-6319","id":{"name":"","value":null},"picture":{"large":"https://randomuser.me/api/portraits/women/55.jpg","medium":"https://randomuser.me/api/portraits/med/women/55.jpg","thumbnail":"https://randomuser.me/api/portraits/thumb/women/55.jpg"},"nat":"IR"}],"info":{"seed":"b29b9eec0651db0a","results":1,"page":1,"version":"1.4"}} 
 </msg>
<msg time="2024-07-10T19:15:04.100216" level="INFO">/opt/hostedtoolcache/Python/3.12.4/x64/lib/python3.12/site-packages/urllib3/connectionpool.py:1099: InsecureRequestWarning: Unverified HTTPS request is being made to host 'randomuser.me'. Adding certificate verification is strongly advised. See: https://urllib3.readthedocs.io/en/latest/advanced-usage.html#tls-warnings
  warnings.warn(</msg>
<msg time="2024-07-10T19:15:04.100332" level="INFO">${response} = &lt;Response [200]&gt;</msg>
<var>${response}</var>
<arg>consultarAPI</arg>
<arg>/api</arg>
<doc>Sends a GET request on a previously created HTTP Session.</doc>
<status status="PASS" start="2024-07-10T19:15:04.011678" elapsed="0.088690"/>
</kw>
<kw name="Set Variable" owner="BuiltIn">
<msg time="2024-07-10T19:15:04.101429" level="INFO">${json_data} = {'results': [{'gender': 'female', 'name': {'title': 'Mrs', 'first': 'باران', 'last': 'نكو نظر'}, 'location': {'street': {'number': 1839, 'name': 'دستغیب'}, 'city': 'بیرجند', 'state': 'گیلان', 'country...</msg>
<var>${json_data}</var>
<arg>${response.json()}</arg>
<doc>Returns the given values which can then be assigned to a variables.</doc>
<status status="PASS" start="2024-07-10T19:15:04.100896" elapsed="0.000564"/>
</kw>
<kw name="Log" owner="BuiltIn">
<msg time="2024-07-10T19:15:04.101992" level="INFO">{'results': [{'gender': 'female', 'name': {'title': 'Mrs', 'first': 'باران', 'last': 'نكو نظر'}, 'location': {'street': {'number': 1839, 'name': 'دستغیب'}, 'city': 'بیرجند', 'state': 'گیلان', 'country': 'Iran', 'postcode': 98392, 'coordinates': {'latitude': '13.5151', 'longitude': '5.7581'}, 'timezone': {'offset': '-5:00', 'description': 'Eastern Time (US &amp; Canada), Bogota, Lima'}}, 'email': 'brn.nkwnzr@example.com', 'login': {'uuid': '3c84244f-f57d-48e2-9b1a-f07d952f8c30', 'username': 'purplewolf145', 'password': 'around', 'salt': 'uE2H6lKS', 'md5': 'f2459d1a053f076924a52d70160c865b', 'sha1': 'b5d5cb7a1ccfb9555ac892191b36eaff411c1efc', 'sha256': 'a1c5fa50ac45f2b96b5b6f93d4b63d495dc0c8a45cf52858428c626f1e03dd1c'}, 'dob': {'date': '1970-10-05T13:08:20.135Z', 'age': 53}, 'registered': {'date': '2018-09-23T13:47:18.132Z', 'age': 5}, 'phone': '031-95710198', 'cell': '0940-989-6319', 'id': {'name': '', 'value': None}, 'picture': {'large': 'https://randomuser.me/api/portraits/women/55.jpg', 'medium': 'https://randomuser.me/api/portraits/med/women/55.jpg', 'thumbnail': 'https://randomuser.me/api/portraits/thumb/women/55.jpg'}, 'nat': 'IR'}], 'info': {'seed': 'b29b9eec0651db0a', 'results': 1, 'page': 1, 'version': '1.4'}}</msg>
<arg>${json_data}</arg>
<doc>Logs the given message with the given level.</doc>
<status status="PASS" start="2024-07-10T19:15:04.101823" elapsed="0.000222"/>
</kw>
<kw name="Should Be Equal As Numbers" owner="BuiltIn">
<arg>${json_data['results'][0]['location']['postcode']}</arg>
<arg>${json_data['results'][0]['location']['postcode']}</arg>
<doc>Fails if objects are unequal after converting them to real numbers.</doc>
<status status="PASS" start="2024-07-10T19:15:04.102346" elapsed="0.000634"/>
</kw>
<kw name="Log" owner="BuiltIn">
<msg time="2024-07-10T19:15:04.103686" level="INFO">98392</msg>
<arg>${json_data['results'][0]['location']['postcode']}</arg>
<doc>Logs the given message with the given level.</doc>
<status status="PASS" start="2024-07-10T19:15:04.103170" elapsed="0.000559"/>
</kw>
<status status="PASS" start="2024-07-10T19:15:04.011450" elapsed="0.092561"/>
</kw>
<doc>Testa se os tipos de dados na resposta da API estão corretos.</doc>
<tag>testeTiposDados</tag>
<status status="PASS" start="2024-07-10T19:15:03.962113" elapsed="0.142066"/>
</test>
<test id="s1-s1-t5" name="Validar conteudo" line="35">
<kw name="Teste de Tipos de Conteudo" owner="random-user-service">
<kw name="GET On Session" owner="RequestsLibrary">
<msg time="2024-07-10T19:15:04.219716" level="INFO">GET Request : url=https://randomuser.me/api 
 path_url=/api 
 headers={'User-Agent': 'python-requests/2.32.3', 'Accept-Encoding': 'gzip, deflate', 'Accept': '*/*', 'Connection': 'keep-alive'} 
 body=None 
 </msg>
<msg time="2024-07-10T19:15:04.219815" level="INFO">GET Response : url=https://randomuser.me/api 
 status=200, reason=OK 
 headers={'Date': 'Wed, 10 Jul 2024 19:15:04 GMT', 'Content-Type': 'application/json; charset=utf-8', 'Transfer-Encoding': 'chunked', 'Connection': 'keep-alive', 'X-Powered-By': 'Express', 'Access-Control-Allow-Origin': '*', 'Cache-Control': 'no-cache', 'ETag': 'W/"499-kanlSWjJ4iJN3g9H3hdbwNK+kRA"', 'Vary': 'Accept-Encoding', 'Content-Encoding': 'gzip', 'CF-Cache-Status': 'DYNAMIC', 'Report-To': '{"endpoints":[{"url":"https:\\/\\/a.nel.cloudflare.com\\/report\\/v4?s=Lfmd%2FfJjZErAgTae6K4sPOu1JSx9%2FMHV3fVTLo4TxECGgEa6CFpi6%2FCbdaeErFcavw%2FtffsarB0moCHNY%2FT7WozwVC%2FwyiXSbhATZJvjqiUMIQs6zOhMk%2Fc66mHoPmw%2B"}],"group":"cf-nel","max_age":604800}', 'NEL': '{"success_fraction":0,"report_to":"cf-nel","max_age":604800}', 'Server': 'cloudflare', 'CF-RAY': '8a12e15ebcda56da-IAD', 'alt-svc': 'h3=":443"; ma=86400'} 
 body={"results":[{"gender":"female","name":{"title":"Ms","first":"زهرا","last":"مرادی"},"location":{"street":{"number":653,"name":"جلال آل احمد"},"city":"خوی","state":"سیستان و بلوچستان","country":"Iran","postcode":22256,"coordinates":{"latitude":"19.6796","longitude":"103.8124"},"timezone":{"offset":"-11:00","description":"Midway Island, Samoa"}},"email":"zhr.mrdy@example.com","login":{"uuid":"6ac01267-2a7f-4d8f-b451-4ae30870445c","username":"beautifulfish703","password":"freeporn","salt":"PE02H9Ts","md5":"8fc77a552854b956ac2b088a4666110e","sha1":"251ae7cfa0170d2b02cb2dedc69bb7b93df8eb80","sha256":"6fcae5694e27aa83bc27b50fdf90e8a547fdc43ba7599369fbf6f07c5ea68442"},"dob":{"date":"1994-07-16T15:12:54.425Z","age":29},"registered":{"date":"2007-02-14T08:49:34.942Z","age":17},"phone":"054-02237539","cell":"0980-204-7101","id":{"name":"","value":null},"picture":{"large":"https://randomuser.me/api/portraits/women/2.jpg","medium":"https://randomuser.me/api/portraits/med/women/2.jpg","thumbnail":"https://randomuser.me/api/portraits/thumb/women/2.jpg"},"nat":"IR"}],"info":{"seed":"3e4c2ef0c9c0ac51","results":1,"page":1,"version":"1.4"}} 
 </msg>
<msg time="2024-07-10T19:15:04.219886" level="INFO">/opt/hostedtoolcache/Python/3.12.4/x64/lib/python3.12/site-packages/urllib3/connectionpool.py:1099: InsecureRequestWarning: Unverified HTTPS request is being made to host 'randomuser.me'. Adding certificate verification is strongly advised. See: https://urllib3.readthedocs.io/en/latest/advanced-usage.html#tls-warnings
  warnings.warn(</msg>
<msg time="2024-07-10T19:15:04.220002" level="INFO">${response} = &lt;Response [200]&gt;</msg>
<var>${response}</var>
<arg>consultarAPI</arg>
<arg>/api</arg>
<doc>Sends a GET request on a previously created HTTP Session.</doc>
<status status="PASS" start="2024-07-10T19:15:04.106736" elapsed="0.113292"/>
</kw>
<kw name="Set Variable" owner="BuiltIn">
<msg time="2024-07-10T19:15:04.221128" level="INFO">${json_data} = {'results': [{'gender': 'female', 'name': {'title': 'Ms', 'first': 'زهرا', 'last': 'مرادی'}, 'location': {'street': {'number': 653, 'name': 'جلال آل احمد'}, 'city': 'خوی', 'state': 'سیستان و بلوچستان'...</msg>
<var>${json_data}</var>
<arg>${response.json()}</arg>
<doc>Returns the given values which can then be assigned to a variables.</doc>
<status status="PASS" start="2024-07-10T19:15:04.220603" elapsed="0.000555"/>
</kw>
<kw name="Set Variable" owner="BuiltIn">
<msg time="2024-07-10T19:15:04.221921" level="INFO">${name_title} = Ms</msg>
<var>${name_title}</var>
<arg>${json_data["results"][0]["name"]["title"]}</arg>
<doc>Returns the given values which can then be assigned to a variables.</doc>
<status status="PASS" start="2024-07-10T19:15:04.221478" elapsed="0.000469"/>
</kw>
<kw name="Create List" owner="BuiltIn">
<msg time="2024-07-10T19:15:04.222396" level="INFO">${allowed_titles} = ['Mr', 'Ms', 'Miss', 'Mrs', 'Madame', 'Monsieur']</msg>
<var>${allowed_titles}</var>
<arg>Mr</arg>
<arg>Ms</arg>
<arg>Miss</arg>
<arg>Mrs</arg>
<arg>Madame</arg>
<arg>Monsieur</arg>
<doc>Returns a list containing given items.</doc>
<status status="PASS" start="2024-07-10T19:15:04.222250" elapsed="0.000170"/>
</kw>
<kw name="List Should Contain Value" owner="Collections">
<arg>${allowed_titles}</arg>
<arg>${name_title}</arg>
<doc>Fails if the ``value`` is not found from ``list``.</doc>
<status status="PASS" start="2024-07-10T19:15:04.222720" elapsed="0.000178"/>
</kw>
<kw name="Set Variable" owner="BuiltIn">
<msg time="2024-07-10T19:15:04.223444" level="INFO">${name_country} = IR</msg>
<var>${name_country}</var>
<arg>${json_data["results"][0]["nat"]}</arg>
<doc>Returns the given values which can then be assigned to a variables.</doc>
<status status="PASS" start="2024-07-10T19:15:04.223076" elapsed="0.000393"/>
</kw>
<kw name="Create List" owner="BuiltIn">
<msg time="2024-07-10T19:15:04.224343" level="INFO">${list_country} = ['AD', 'AE', 'AF', 'AG', 'AI', 'AL', 'AM', 'AO', 'AQ', 'AR', 'AS', 'AT', 'AU', 'AW', 'AX', 'AZ', 'BA', 'BB', 'BD', 'BE', 'BF', 'BG', 'BH', 'BI', 'BJ', 'BL', 'BM', 'BN', 'BO', 'BQ', 'BR', 'BS', 'BT', '...</msg>
<var>${list_country}</var>
<arg>AD</arg>
<arg>AE</arg>
<arg>AF</arg>
<arg>AG</arg>
<arg>AI</arg>
<arg>AL</arg>
<arg>AM</arg>
<arg>AO</arg>
<arg>AQ</arg>
<arg>AR</arg>
<arg>AS</arg>
<arg>AT</arg>
<arg>AU</arg>
<arg>AW</arg>
<arg>AX</arg>
<arg>AZ</arg>
<arg>BA</arg>
<arg>BB</arg>
<arg>BD</arg>
<arg>BE</arg>
<arg>BF</arg>
<arg>BG</arg>
<arg>BH</arg>
<arg>BI</arg>
<arg>BJ</arg>
<arg>BL</arg>
<arg>BM</arg>
<arg>BN</arg>
<arg>BO</arg>
<arg>BQ</arg>
<arg>BR</arg>
<arg>BS</arg>
<arg>BT</arg>
<arg>BV</arg>
<arg>BW</arg>
<arg>BY</arg>
<arg>BZ</arg>
<arg>CA</arg>
<arg>CC</arg>
<arg>CD</arg>
<arg>CF</arg>
<arg>CG</arg>
<arg>CH</arg>
<arg>CI</arg>
<arg>CK</arg>
<arg>CL</arg>
<arg>CM</arg>
<arg>CN</arg>
<arg>CO</arg>
<arg>CR</arg>
<arg>CU</arg>
<arg>CV</arg>
<arg>CW</arg>
<arg>CX</arg>
<arg>CY</arg>
<arg>CZ</arg>
<arg>DE</arg>
<arg>DJ</arg>
<arg>DK</arg>
<arg>DM</arg>
<arg>DO</arg>
<arg>DZ</arg>
<arg>EC</arg>
<arg>EE</arg>
<arg>EG</arg>
<arg>EH</arg>
<arg>ER</arg>
<arg>ES</arg>
<arg>ET</arg>
<arg>FI</arg>
<arg>FJ</arg>
<arg>FK</arg>
<arg>FM</arg>
<arg>FO</arg>
<arg>FR</arg>
<arg>GA</arg>
<arg>GB</arg>
<arg>GD</arg>
<arg>GE</arg>
<arg>GF</arg>
<arg>GG</arg>
<arg>GH</arg>
<arg>GI</arg>
<arg>GL</arg>
<arg>GM</arg>
<arg>GN</arg>
<arg>GP</arg>
<arg>GQ</arg>
<arg>GR</arg>
<arg>GS</arg>
<arg>GT</arg>
<arg>GU</arg>
<arg>GW</arg>
<arg>GY</arg>
<arg>HK</arg>
<arg>HM</arg>
<arg>HN</arg>
<arg>HR</arg>
<arg>HT</arg>
<arg>HU</arg>
<arg>ID</arg>
<arg>IE</arg>
<arg>IL</arg>
<arg>IM</arg>
<arg>IN</arg>
<arg>IO</arg>
<arg>IQ</arg>
<arg>IR</arg>
<arg>IS</arg>
<arg>IT</arg>
<arg>JE</arg>
<arg>JM</arg>
<arg>JO</arg>
<arg>JP</arg>
<arg>KE</arg>
<arg>KG</arg>
<arg>KH</arg>
<arg>KI</arg>
<arg>KM</arg>
<arg>KN</arg>
<arg>KP</arg>
<arg>KR</arg>
<arg>KW</arg>
<arg>KY</arg>
<arg>KZ</arg>
<arg>LA</arg>
<arg>LB</arg>
<arg>LC</arg>
<arg>LI</arg>
<arg>LK</arg>
<arg>LR</arg>
<arg>LS</arg>
<arg>LT</arg>
<arg>LU</arg>
<arg>LV</arg>
<arg>LY</arg>
<arg>MA</arg>
<arg>MC</arg>
<arg>MD</arg>
<arg>ME</arg>
<arg>MF</arg>
<arg>MG</arg>
<arg>MH</arg>
<arg>MK</arg>
<arg>ML</arg>
<arg>MM</arg>
<arg>MN</arg>
<arg>MO</arg>
<arg>MP</arg>
<arg>MQ</arg>
<arg>MR</arg>
<arg>MS</arg>
<arg>MT</arg>
<arg>MU</arg>
<arg>MV</arg>
<arg>MW</arg>
<arg>MX</arg>
<arg>MY</arg>
<arg>MZ</arg>
<arg>NA</arg>
<arg>NC</arg>
<arg>NE</arg>
<arg>NF</arg>
<arg>NG</arg>
<arg>NI</arg>
<arg>NL</arg>
<arg>NO</arg>
<arg>NP</arg>
<arg>NR</arg>
<arg>NU</arg>
<arg>NZ</arg>
<arg>OM</arg>
<arg>PA</arg>
<arg>PE</arg>
<arg>PF</arg>
<arg>PG</arg>
<arg>PH</arg>
<arg>PK</arg>
<arg>PL</arg>
<arg>PM</arg>
<arg>PN</arg>
<arg>PR</arg>
<arg>PS</arg>
<arg>PT</arg>
<arg>PW</arg>
<arg>PY</arg>
<arg>QA</arg>
<arg>RE</arg>
<arg>RO</arg>
<arg>RS</arg>
<arg>RU</arg>
<arg>RW</arg>
<arg>SA</arg>
<arg>SB</arg>
<arg>SC</arg>
<arg>SD</arg>
<arg>SE</arg>
<arg>SG</arg>
<arg>SH</arg>
<arg>SI</arg>
<arg>SJ</arg>
<arg>SK</arg>
<arg>SL</arg>
<arg>SM</arg>
<arg>SN</arg>
<arg>SO</arg>
<arg>SR</arg>
<arg>SS</arg>
<arg>ST</arg>
<arg>SV</arg>
<arg>SX</arg>
<arg>SY</arg>
<arg>SZ</arg>
<arg>TC</arg>
<arg>TD</arg>
<arg>TF</arg>
<arg>TG</arg>
<arg>TH</arg>
<arg>TJ</arg>
<arg>TK</arg>
<arg>TL</arg>
<arg>TM</arg>
<arg>TN</arg>
<arg>TO</arg>
<arg>TR</arg>
<arg>TT</arg>
<arg>TV</arg>
<arg>TW</arg>
<arg>TZ</arg>
<arg>UA</arg>
<arg>UG</arg>
<arg>UM</arg>
<arg>US</arg>
<arg>UY</arg>
<arg>UZ</arg>
<arg>VA</arg>
<arg>VC</arg>
<arg>VE</arg>
<arg>VG</arg>
<arg>VI</arg>
<arg>VN</arg>
<arg>VU</arg>
<arg>WF</arg>
<arg>WS</arg>
<arg>XK</arg>
<arg>YE</arg>
<arg>YT</arg>
<arg>ZA</arg>
<arg>ZM</arg>
<arg>ZW</arg>
<doc>Returns a list containing given items.</doc>
<status status="PASS" start="2024-07-10T19:15:04.223757" elapsed="0.000613"/>
</kw>
<kw name="List Should Contain Value" owner="Collections">
<arg>${list_country}</arg>
<arg>${name_country}</arg>
<doc>Fails if the ``value`` is not found from ``list``.</doc>
<status status="PASS" start="2024-07-10T19:15:04.225157" elapsed="0.000199"/>
</kw>
<kw name="Run Keyword If" owner="BuiltIn">
<kw name="Should Be True" owner="BuiltIn">
<arg>${True}</arg>
<doc>Fails if the given condition is not true.</doc>
<status status="PASS" start="2024-07-10T19:15:04.226313" elapsed="0.000140"/>
</kw>
<arg>${json_data["results"][0]["location"]["coordinates"]["latitude"]} &gt;= -90 and ${json_data["results"][0]["location"]["coordinates"]["latitude"]} &lt;= 90</arg>
<arg>Should Be True</arg>
<arg>${True}</arg>
<doc>Runs the given keyword with the given arguments, if ``condition`` is true.</doc>
<status status="PASS" start="2024-07-10T19:15:04.225556" elapsed="0.001020"/>
</kw>
<kw name="Run Keyword If" owner="BuiltIn">
<kw name="Should Be True" owner="BuiltIn">
<arg>${True}</arg>
<doc>Fails if the given condition is not true.</doc>
<status status="PASS" start="2024-07-10T19:15:04.227432" elapsed="0.000238"/>
</kw>
<arg>${json_data["results"][0]["location"]["coordinates"]["longitude"]} &gt;= -180 and ${json_data["results"][0]["location"]["coordinates"]["longitude"]} &lt;= 180</arg>
<arg>Should Be True</arg>
<arg>${True}</arg>
<doc>Runs the given keyword with the given arguments, if ``condition`` is true.</doc>
<status status="PASS" start="2024-07-10T19:15:04.226751" elapsed="0.001048"/>
</kw>
<status status="PASS" start="2024-07-10T19:15:04.106511" elapsed="0.121419"/>
</kw>
<doc>Testa o conteúdo específico dos campos retornados pela API.</doc>
<tag>testeConteudo</tag>
<status status="PASS" start="2024-07-10T19:15:04.106053" elapsed="0.122028"/>
</test>
<status status="PASS" start="2024-07-10T19:15:03.241758" elapsed="0.988310"/>
</suite>
<status status="PASS" start="2024-07-10T19:15:03.227133" elapsed="1.007891"/>
</suite>
<statistics>
<total>
<stat pass="5" fail="0" skip="0">All Tests</stat>
</total>
<tag>
<stat pass="1" fail="0" skip="0">testeConteudo</stat>
<stat pass="1" fail="0" skip="0">testeEstruturaResposta</stat>
<stat pass="1" fail="0" skip="0">testeRequisicaoBasica</stat>
<stat pass="1" fail="0" skip="0">testeTiposDados</stat>
</tag>
<suite>
<stat pass="5" fail="0" skip="0" id="s1" name="Tests">Tests</stat>
<stat pass="5" fail="0" skip="0" id="s1-s1" name="Random-User-Test">Tests.Random-User-Test</stat>
</suite>
</statistics>
<errors>
</errors>
</robot>
