<?xml version="1.0" encoding="UTF-8"?>
<robot generator="Robot 7.0.1 (Python 3.12.4 on linux)" generated="2024-08-01T13:18:45.578205" rpa="false" schemaversion="5">
<suite id="s1" name="Tests" source="/home/runner/work/ApiRandomUser/ApiRandomUser/RamdonUser/tests">
<suite id="s1-s1" name="Random-User-Test" source="/home/runner/work/ApiRandomUser/ApiRandomUser/RamdonUser/tests/random-user-test.robot">
<test id="s1-s1-t1" name="Conectar" line="13">
<kw name="Conectar API" owner="random-user-service">
<kw name="Create Session" owner="RequestsLibrary">
<msg time="2024-08-01T13:18:45.991515" level="INFO">Creating Session using : alias=consultarAPI, url=https://randomuser.me/, headers={},                     cookies={}, auth=None, timeout=None, proxies=None, verify=False,                     debug=0 </msg>
<arg>consultarAPI</arg>
<arg>${URL}</arg>
<doc>Create Session: create a HTTP session to a server</doc>
<status status="PASS" start="2024-08-01T13:18:45.991298" elapsed="0.000424"/>
</kw>
<status status="PASS" start="2024-08-01T13:18:45.990207" elapsed="0.001901"/>
</kw>
<status status="PASS" start="2024-08-01T13:18:45.989593" elapsed="0.002712"/>
</test>
<test id="s1-s1-t2" name="Validar retorno 200 e JSON Válido" line="16">
<kw name="Teste de Requisicao Basica" owner="random-user-service">
<kw name="GET On Session" owner="RequestsLibrary">
<msg time="2024-08-01T13:18:46.227727" level="INFO">GET Request : url=https://randomuser.me/api 
 path_url=/api 
 headers={'User-Agent': 'python-requests/2.32.3', 'Accept-Encoding': 'gzip, deflate', 'Accept': '*/*', 'Connection': 'keep-alive'} 
 body=None 
 </msg>
<msg time="2024-08-01T13:18:46.227904" level="INFO">GET Response : url=https://randomuser.me/api 
 status=200, reason=OK 
 headers={'Date': 'Thu, 01 Aug 2024 13:18:46 GMT', 'Content-Type': 'application/json; charset=utf-8', 'Transfer-Encoding': 'chunked', 'Connection': 'keep-alive', 'X-Powered-By': 'Express', 'Access-Control-Allow-Origin': '*', 'Cache-Control': 'no-cache', 'ETag': 'W/"4a2-yRUamx1oyTUCwxvL6AhzO6Ax7q0"', 'Vary': 'Accept-Encoding', 'Content-Encoding': 'gzip', 'CF-Cache-Status': 'DYNAMIC', 'Report-To': '{"endpoints":[{"url":"https:\\/\\/a.nel.cloudflare.com\\/report\\/v4?s=U4abVc0BrikFb5oQ%2Fxre1132OXhfz8NccLlrkpS3bO%2FkXlT1eGdTwzJjs%2B8MsgYK2XteW5hDbM%2BRLRtNk%2FmD4gLMJpweqRN%2FFqC7IpB9NG0BB5VdDc47emQwYRkvNcaD"}],"group":"cf-nel","max_age":604800}', 'NEL': '{"success_fraction":0,"report_to":"cf-nel","max_age":604800}', 'Server': 'cloudflare', 'CF-RAY': '8ac61db1dc7b7ea8-LAX', 'alt-svc': 'h3=":443"; ma=86400'} 
 body={"results":[{"gender":"female","name":{"title":"Miss","first":"Ellen","last":"Kämpf"},"location":{"street":{"number":7327,"name":"Uhlandstraße"},"city":"Oer-Erkenschwick","state":"Bremen","country":"Germany","postcode":44382,"coordinates":{"latitude":"-47.3038","longitude":"159.1011"},"timezone":{"offset":"-4:00","description":"Atlantic Time (Canada), Caracas, La Paz"}},"email":"ellen.kampf@example.com","login":{"uuid":"4744bfa4-668c-4ee2-b557-53855b752b19","username":"heavygoose324","password":"fruit","salt":"zIU45kUw","md5":"12b22fdfbb2274dedf40a3034348c2bc","sha1":"4d85668362f1869d927293fa8b30acce389215d1","sha256":"1786f8230ae9b49082736440df8d7c59e9aaf0b2898103280f673229100a3d70"},"dob":{"date":"1974-08-25T03:20:19.124Z","age":49},"registered":{"date":"2008-08-13T00:28:23.396Z","age":15},"phone":"0743-1716406","cell":"0179-6620515","id":{"name":"SVNR","value":"58 240874 K 911"},"picture":{"large":"https://randomuser.me/api/portraits/women/34.jpg","medium":"https://randomuser.me/api/portraits/med/women/34.jpg","thumbnail":"https://randomuser.me/api/portraits/thumb/women/34.jpg"},"nat":"DE"}],"info":{"seed":"758f76874e163627","results":1,"page":1,"version":"1.4"}} 
 </msg>
<msg time="2024-08-01T13:18:46.228005" level="INFO">/opt/hostedtoolcache/Python/3.12.4/x64/lib/python3.12/site-packages/urllib3/connectionpool.py:1099: InsecureRequestWarning: Unverified HTTPS request is being made to host 'randomuser.me'. Adding certificate verification is strongly advised. See: https://urllib3.readthedocs.io/en/latest/advanced-usage.html#tls-warnings
  warnings.warn(</msg>
<msg time="2024-08-01T13:18:46.228175" level="INFO">${response} = &lt;Response [200]&gt;</msg>
<var>${response}</var>
<arg>consultarAPI</arg>
<arg>/api</arg>
<doc>Sends a GET request on a previously created HTTP Session.</doc>
<status status="PASS" start="2024-08-01T13:18:45.994966" elapsed="0.233258"/>
</kw>
<kw name="Should Be Equal As Numbers" owner="BuiltIn">
<msg time="2024-08-01T13:18:46.229344" level="INFO">Argument types are:
&lt;class 'int'&gt;
&lt;class 'str'&gt;</msg>
<arg>${response.status_code}</arg>
<arg>200</arg>
<doc>Fails if objects are unequal after converting them to real numbers.</doc>
<status status="PASS" start="2024-08-01T13:18:46.228844" elapsed="0.000575"/>
</kw>
<kw name="Log" owner="BuiltIn">
<msg time="2024-08-01T13:18:46.230194" level="INFO">200</msg>
<arg>${response.status_code}</arg>
<doc>Logs the given message with the given level.</doc>
<status status="PASS" start="2024-08-01T13:18:46.229805" elapsed="0.000436"/>
</kw>
<kw name="Set Variable" owner="BuiltIn">
<msg time="2024-08-01T13:18:46.231044" level="INFO">${json_data} = {'results': [{'gender': 'female', 'name': {'title': 'Miss', 'first': 'Ellen', 'last': 'Kämpf'}, 'location': {'street': {'number': 7327, 'name': 'Uhlandstraße'}, 'city': 'Oer-Erkenschwick', 'state': 'B...</msg>
<var>${json_data}</var>
<arg>${response.json()}</arg>
<doc>Returns the given values which can then be assigned to a variables.</doc>
<status status="PASS" start="2024-08-01T13:18:46.230575" elapsed="0.000499"/>
</kw>
<kw name="Dictionary Should Contain Key" owner="Collections">
<arg>${json_data}</arg>
<arg>results</arg>
<doc>Fails if ``key`` is not found from ``dictionary``.</doc>
<status status="PASS" start="2024-08-01T13:18:46.231398" elapsed="0.000355"/>
</kw>
<status status="PASS" start="2024-08-01T13:18:45.994711" elapsed="0.237202"/>
</kw>
<doc>Testa se a API responde corretamente e retorna um objeto JSON válido.</doc>
<tag>testeRequisicaoBasica</tag>
<status status="PASS" start="2024-08-01T13:18:45.994232" elapsed="0.237863"/>
</test>
<test id="s1-s1-t3" name="Validar estrutura de resposta" line="22">
<kw name="Teste de Estrutura de Resposta" owner="random-user-service">
<kw name="GET On Session" owner="RequestsLibrary">
<msg time="2024-08-01T13:18:46.354090" level="INFO">GET Request : url=https://randomuser.me/api 
 path_url=/api 
 headers={'User-Agent': 'python-requests/2.32.3', 'Accept-Encoding': 'gzip, deflate', 'Accept': '*/*', 'Connection': 'keep-alive'} 
 body=None 
 </msg>
<msg time="2024-08-01T13:18:46.354198" level="INFO">GET Response : url=https://randomuser.me/api 
 status=200, reason=OK 
 headers={'Date': 'Thu, 01 Aug 2024 13:18:46 GMT', 'Content-Type': 'application/json; charset=utf-8', 'Transfer-Encoding': 'chunked', 'Connection': 'keep-alive', 'X-Powered-By': 'Express', 'Access-Control-Allow-Origin': '*', 'Cache-Control': 'no-cache', 'ETag': 'W/"47e-EBoCg9+6gVjCvaU4XhFgmpbv2yQ"', 'Vary': 'Accept-Encoding', 'Content-Encoding': 'gzip', 'CF-Cache-Status': 'DYNAMIC', 'Report-To': '{"endpoints":[{"url":"https:\\/\\/a.nel.cloudflare.com\\/report\\/v4?s=cPkUdxNg%2BgvWBK6NwJTr6DKcQa1v3WDGXSzpa4t6SDjc8s4eCBKKpjF1d%2BeRrlUY9a8WTCL%2B9wcEI%2FZ7SHlyg3Q3fAK209PZTNSGFW3Opa4dj6issGGnu1wmRnmd3drV"}],"group":"cf-nel","max_age":604800}', 'NEL': '{"success_fraction":0,"report_to":"cf-nel","max_age":604800}', 'Server': 'cloudflare', 'CF-RAY': '8ac61db2fd5c7ea8-LAX', 'alt-svc': 'h3=":443"; ma=86400'} 
 body={"results":[{"gender":"female","name":{"title":"Ms","first":"Zeferina","last":"da Luz"},"location":{"street":{"number":8903,"name":"Rua Piauí "},"city":"Apucarana","state":"Paraná","country":"Brazil","postcode":62360,"coordinates":{"latitude":"-77.0509","longitude":"135.4124"},"timezone":{"offset":"-9:00","description":"Alaska"}},"email":"zeferina.daluz@example.com","login":{"uuid":"f4b1e807-94bf-4853-b663-702cba00705b","username":"bluekoala120","password":"gryphon","salt":"sR8Fup7A","md5":"cba15839123896caf84d79ed6508f075","sha1":"e11a944d2d7570feceff588355d7e9cd2857fffe","sha256":"aefa12f72978d0672ae9be58e7c854bfe00d55648da22a18aa6cd0c3dbcb5b5a"},"dob":{"date":"1954-06-16T06:41:36.580Z","age":70},"registered":{"date":"2017-08-07T01:14:27.452Z","age":6},"phone":"(60) 0403-7848","cell":"(83) 5679-4915","id":{"name":"CPF","value":"263.219.100-32"},"picture":{"large":"https://randomuser.me/api/portraits/women/70.jpg","medium":"https://randomuser.me/api/portraits/med/women/70.jpg","thumbnail":"https://randomuser.me/api/portraits/thumb/women/70.jpg"},"nat":"BR"}],"info":{"seed":"a1d85ed1526eb8aa","results":1,"page":1,"version":"1.4"}} 
 </msg>
<msg time="2024-08-01T13:18:46.354340" level="INFO">/opt/hostedtoolcache/Python/3.12.4/x64/lib/python3.12/site-packages/urllib3/connectionpool.py:1099: InsecureRequestWarning: Unverified HTTPS request is being made to host 'randomuser.me'. Adding certificate verification is strongly advised. See: https://urllib3.readthedocs.io/en/latest/advanced-usage.html#tls-warnings
  warnings.warn(</msg>
<msg time="2024-08-01T13:18:46.354492" level="INFO">${response} = &lt;Response [200]&gt;</msg>
<var>${response}</var>
<arg>consultarAPI</arg>
<arg>/api</arg>
<doc>Sends a GET request on a previously created HTTP Session.</doc>
<status status="PASS" start="2024-08-01T13:18:46.234778" elapsed="0.119757"/>
</kw>
<kw name="Set Variable" owner="BuiltIn">
<msg time="2024-08-01T13:18:46.355575" level="INFO">${json_data} = {'results': [{'gender': 'female', 'name': {'title': 'Ms', 'first': 'Zeferina', 'last': 'da Luz'}, 'location': {'street': {'number': 8903, 'name': 'Rua Piauí '}, 'city': 'Apucarana', 'state': 'Paraná',...</msg>
<var>${json_data}</var>
<arg>${response.json()}</arg>
<doc>Returns the given values which can then be assigned to a variables.</doc>
<status status="PASS" start="2024-08-01T13:18:46.355052" elapsed="0.000553"/>
</kw>
<kw name="Log" owner="BuiltIn">
<msg time="2024-08-01T13:18:46.356080" level="INFO">{'results': [{'gender': 'female', 'name': {'title': 'Ms', 'first': 'Zeferina', 'last': 'da Luz'}, 'location': {'street': {'number': 8903, 'name': 'Rua Piauí '}, 'city': 'Apucarana', 'state': 'Paraná', 'country': 'Brazil', 'postcode': 62360, 'coordinates': {'latitude': '-77.0509', 'longitude': '135.4124'}, 'timezone': {'offset': '-9:00', 'description': 'Alaska'}}, 'email': 'zeferina.daluz@example.com', 'login': {'uuid': 'f4b1e807-94bf-4853-b663-702cba00705b', 'username': 'bluekoala120', 'password': 'gryphon', 'salt': 'sR8Fup7A', 'md5': 'cba15839123896caf84d79ed6508f075', 'sha1': 'e11a944d2d7570feceff588355d7e9cd2857fffe', 'sha256': 'aefa12f72978d0672ae9be58e7c854bfe00d55648da22a18aa6cd0c3dbcb5b5a'}, 'dob': {'date': '1954-06-16T06:41:36.580Z', 'age': 70}, 'registered': {'date': '2017-08-07T01:14:27.452Z', 'age': 6}, 'phone': '(60) 0403-7848', 'cell': '(83) 5679-4915', 'id': {'name': 'CPF', 'value': '263.219.100-32'}, 'picture': {'large': 'https://randomuser.me/api/portraits/women/70.jpg', 'medium': 'https://randomuser.me/api/portraits/med/women/70.jpg', 'thumbnail': 'https://randomuser.me/api/portraits/thumb/women/70.jpg'}, 'nat': 'BR'}], 'info': {'seed': 'a1d85ed1526eb8aa', 'results': 1, 'page': 1, 'version': '1.4'}}</msg>
<arg>${json_data}</arg>
<doc>Logs the given message with the given level.</doc>
<status status="PASS" start="2024-08-01T13:18:46.355911" elapsed="0.000219"/>
</kw>
<kw name="Dictionary Should Contain Key" owner="Collections">
<arg>${json_data}</arg>
<arg>results</arg>
<doc>Fails if ``key`` is not found from ``dictionary``.</doc>
<status status="PASS" start="2024-08-01T13:18:46.356421" elapsed="0.000167"/>
</kw>
<kw name="Should Not Be Empty" owner="BuiltIn">
<msg time="2024-08-01T13:18:46.356955" level="INFO">Length is 2.</msg>
<arg>${json_data}</arg>
<doc>Verifies that the given item is not empty.</doc>
<status status="PASS" start="2024-08-01T13:18:46.356806" elapsed="0.000188"/>
</kw>
<kw name="Create List" owner="BuiltIn">
<msg time="2024-08-01T13:18:46.357432" level="INFO">${expected_keys} = ['gender', 'name', 'location', 'email', 'login']</msg>
<var>${expected_keys}</var>
<arg>gender</arg>
<arg>name</arg>
<arg>location</arg>
<arg>email</arg>
<arg>login</arg>
<doc>Returns a list containing given items.</doc>
<status status="PASS" start="2024-08-01T13:18:46.357281" elapsed="0.000175"/>
</kw>
<for flavor="IN">
<iter>
<kw name="Dictionary Should Contain Key" owner="Collections">
<arg>${json_data['results'][0]}</arg>
<arg>${key}</arg>
<doc>Fails if ``key`` is not found from ``dictionary``.</doc>
<status status="PASS" start="2024-08-01T13:18:46.358041" elapsed="0.000403"/>
</kw>
<kw name="Log" owner="BuiltIn">
<msg time="2024-08-01T13:18:46.358986" level="INFO">{'gender': 'female', 'name': {'title': 'Ms', 'first': 'Zeferina', 'last': 'da Luz'}, 'location': {'street': {'number': 8903, 'name': 'Rua Piauí '}, 'city': 'Apucarana', 'state': 'Paraná', 'country': 'Brazil', 'postcode': 62360, 'coordinates': {'latitude': '-77.0509', 'longitude': '135.4124'}, 'timezone': {'offset': '-9:00', 'description': 'Alaska'}}, 'email': 'zeferina.daluz@example.com', 'login': {'uuid': 'f4b1e807-94bf-4853-b663-702cba00705b', 'username': 'bluekoala120', 'password': 'gryphon', 'salt': 'sR8Fup7A', 'md5': 'cba15839123896caf84d79ed6508f075', 'sha1': 'e11a944d2d7570feceff588355d7e9cd2857fffe', 'sha256': 'aefa12f72978d0672ae9be58e7c854bfe00d55648da22a18aa6cd0c3dbcb5b5a'}, 'dob': {'date': '1954-06-16T06:41:36.580Z', 'age': 70}, 'registered': {'date': '2017-08-07T01:14:27.452Z', 'age': 6}, 'phone': '(60) 0403-7848', 'cell': '(83) 5679-4915', 'id': {'name': 'CPF', 'value': '263.219.100-32'}, 'picture': {'large': 'https://randomuser.me/api/portraits/women/70.jpg', 'medium': 'https://randomuser.me/api/portraits/med/women/70.jpg', 'thumbnail': 'https://randomuser.me/api/portraits/thumb/women/70.jpg'}, 'nat': 'BR'}</msg>
<arg>${json_data['results'][0]}</arg>
<doc>Logs the given message with the given level.</doc>
<status status="PASS" start="2024-08-01T13:18:46.358632" elapsed="0.000402"/>
</kw>
<kw name="Log" owner="BuiltIn">
<msg time="2024-08-01T13:18:46.359458" level="INFO">gender</msg>
<arg>${key}</arg>
<doc>Logs the given message with the given level.</doc>
<status status="PASS" start="2024-08-01T13:18:46.359328" elapsed="0.000169"/>
</kw>
<var name="${key}">gender</var>
<status status="PASS" start="2024-08-01T13:18:46.357917" elapsed="0.001795"/>
</iter>
<iter>
<kw name="Dictionary Should Contain Key" owner="Collections">
<arg>${json_data['results'][0]}</arg>
<arg>${key}</arg>
<doc>Fails if ``key`` is not found from ``dictionary``.</doc>
<status status="PASS" start="2024-08-01T13:18:46.360001" elapsed="0.000389"/>
</kw>
<kw name="Log" owner="BuiltIn">
<msg time="2024-08-01T13:18:46.360948" level="INFO">{'gender': 'female', 'name': {'title': 'Ms', 'first': 'Zeferina', 'last': 'da Luz'}, 'location': {'street': {'number': 8903, 'name': 'Rua Piauí '}, 'city': 'Apucarana', 'state': 'Paraná', 'country': 'Brazil', 'postcode': 62360, 'coordinates': {'latitude': '-77.0509', 'longitude': '135.4124'}, 'timezone': {'offset': '-9:00', 'description': 'Alaska'}}, 'email': 'zeferina.daluz@example.com', 'login': {'uuid': 'f4b1e807-94bf-4853-b663-702cba00705b', 'username': 'bluekoala120', 'password': 'gryphon', 'salt': 'sR8Fup7A', 'md5': 'cba15839123896caf84d79ed6508f075', 'sha1': 'e11a944d2d7570feceff588355d7e9cd2857fffe', 'sha256': 'aefa12f72978d0672ae9be58e7c854bfe00d55648da22a18aa6cd0c3dbcb5b5a'}, 'dob': {'date': '1954-06-16T06:41:36.580Z', 'age': 70}, 'registered': {'date': '2017-08-07T01:14:27.452Z', 'age': 6}, 'phone': '(60) 0403-7848', 'cell': '(83) 5679-4915', 'id': {'name': 'CPF', 'value': '263.219.100-32'}, 'picture': {'large': 'https://randomuser.me/api/portraits/women/70.jpg', 'medium': 'https://randomuser.me/api/portraits/med/women/70.jpg', 'thumbnail': 'https://randomuser.me/api/portraits/thumb/women/70.jpg'}, 'nat': 'BR'}</msg>
<arg>${json_data['results'][0]}</arg>
<doc>Logs the given message with the given level.</doc>
<status status="PASS" start="2024-08-01T13:18:46.360570" elapsed="0.000460"/>
</kw>
<kw name="Log" owner="BuiltIn">
<msg time="2024-08-01T13:18:46.361460" level="INFO">name</msg>
<arg>${key}</arg>
<doc>Logs the given message with the given level.</doc>
<status status="PASS" start="2024-08-01T13:18:46.361332" elapsed="0.000166"/>
</kw>
<var name="${key}">name</var>
<status status="PASS" start="2024-08-01T13:18:46.359893" elapsed="0.001831"/>
</iter>
<iter>
<kw name="Dictionary Should Contain Key" owner="Collections">
<arg>${json_data['results'][0]}</arg>
<arg>${key}</arg>
<doc>Fails if ``key`` is not found from ``dictionary``.</doc>
<status status="PASS" start="2024-08-01T13:18:46.362005" elapsed="0.000376"/>
</kw>
<kw name="Log" owner="BuiltIn">
<msg time="2024-08-01T13:18:46.362914" level="INFO">{'gender': 'female', 'name': {'title': 'Ms', 'first': 'Zeferina', 'last': 'da Luz'}, 'location': {'street': {'number': 8903, 'name': 'Rua Piauí '}, 'city': 'Apucarana', 'state': 'Paraná', 'country': 'Brazil', 'postcode': 62360, 'coordinates': {'latitude': '-77.0509', 'longitude': '135.4124'}, 'timezone': {'offset': '-9:00', 'description': 'Alaska'}}, 'email': 'zeferina.daluz@example.com', 'login': {'uuid': 'f4b1e807-94bf-4853-b663-702cba00705b', 'username': 'bluekoala120', 'password': 'gryphon', 'salt': 'sR8Fup7A', 'md5': 'cba15839123896caf84d79ed6508f075', 'sha1': 'e11a944d2d7570feceff588355d7e9cd2857fffe', 'sha256': 'aefa12f72978d0672ae9be58e7c854bfe00d55648da22a18aa6cd0c3dbcb5b5a'}, 'dob': {'date': '1954-06-16T06:41:36.580Z', 'age': 70}, 'registered': {'date': '2017-08-07T01:14:27.452Z', 'age': 6}, 'phone': '(60) 0403-7848', 'cell': '(83) 5679-4915', 'id': {'name': 'CPF', 'value': '263.219.100-32'}, 'picture': {'large': 'https://randomuser.me/api/portraits/women/70.jpg', 'medium': 'https://randomuser.me/api/portraits/med/women/70.jpg', 'thumbnail': 'https://randomuser.me/api/portraits/thumb/women/70.jpg'}, 'nat': 'BR'}</msg>
<arg>${json_data['results'][0]}</arg>
<doc>Logs the given message with the given level.</doc>
<status status="PASS" start="2024-08-01T13:18:46.362566" elapsed="0.000397"/>
</kw>
<kw name="Log" owner="BuiltIn">
<msg time="2024-08-01T13:18:46.363380" level="INFO">location</msg>
<arg>${key}</arg>
<doc>Logs the given message with the given level.</doc>
<status status="PASS" start="2024-08-01T13:18:46.363252" elapsed="0.000164"/>
</kw>
<var name="${key}">location</var>
<status status="PASS" start="2024-08-01T13:18:46.361899" elapsed="0.001738"/>
</iter>
<iter>
<kw name="Dictionary Should Contain Key" owner="Collections">
<arg>${json_data['results'][0]}</arg>
<arg>${key}</arg>
<doc>Fails if ``key`` is not found from ``dictionary``.</doc>
<status status="PASS" start="2024-08-01T13:18:46.363910" elapsed="0.000380"/>
</kw>
<kw name="Log" owner="BuiltIn">
<msg time="2024-08-01T13:18:46.364981" level="INFO">{'gender': 'female', 'name': {'title': 'Ms', 'first': 'Zeferina', 'last': 'da Luz'}, 'location': {'street': {'number': 8903, 'name': 'Rua Piauí '}, 'city': 'Apucarana', 'state': 'Paraná', 'country': 'Brazil', 'postcode': 62360, 'coordinates': {'latitude': '-77.0509', 'longitude': '135.4124'}, 'timezone': {'offset': '-9:00', 'description': 'Alaska'}}, 'email': 'zeferina.daluz@example.com', 'login': {'uuid': 'f4b1e807-94bf-4853-b663-702cba00705b', 'username': 'bluekoala120', 'password': 'gryphon', 'salt': 'sR8Fup7A', 'md5': 'cba15839123896caf84d79ed6508f075', 'sha1': 'e11a944d2d7570feceff588355d7e9cd2857fffe', 'sha256': 'aefa12f72978d0672ae9be58e7c854bfe00d55648da22a18aa6cd0c3dbcb5b5a'}, 'dob': {'date': '1954-06-16T06:41:36.580Z', 'age': 70}, 'registered': {'date': '2017-08-07T01:14:27.452Z', 'age': 6}, 'phone': '(60) 0403-7848', 'cell': '(83) 5679-4915', 'id': {'name': 'CPF', 'value': '263.219.100-32'}, 'picture': {'large': 'https://randomuser.me/api/portraits/women/70.jpg', 'medium': 'https://randomuser.me/api/portraits/med/women/70.jpg', 'thumbnail': 'https://randomuser.me/api/portraits/thumb/women/70.jpg'}, 'nat': 'BR'}</msg>
<arg>${json_data['results'][0]}</arg>
<doc>Logs the given message with the given level.</doc>
<status status="PASS" start="2024-08-01T13:18:46.364594" elapsed="0.000439"/>
</kw>
<kw name="Log" owner="BuiltIn">
<msg time="2024-08-01T13:18:46.365461" level="INFO">email</msg>
<arg>${key}</arg>
<doc>Logs the given message with the given level.</doc>
<status status="PASS" start="2024-08-01T13:18:46.365331" elapsed="0.000168"/>
</kw>
<var name="${key}">email</var>
<status status="PASS" start="2024-08-01T13:18:46.363806" elapsed="0.001906"/>
</iter>
<iter>
<kw name="Dictionary Should Contain Key" owner="Collections">
<arg>${json_data['results'][0]}</arg>
<arg>${key}</arg>
<doc>Fails if ``key`` is not found from ``dictionary``.</doc>
<status status="PASS" start="2024-08-01T13:18:46.365989" elapsed="0.000372"/>
</kw>
<kw name="Log" owner="BuiltIn">
<msg time="2024-08-01T13:18:46.366891" level="INFO">{'gender': 'female', 'name': {'title': 'Ms', 'first': 'Zeferina', 'last': 'da Luz'}, 'location': {'street': {'number': 8903, 'name': 'Rua Piauí '}, 'city': 'Apucarana', 'state': 'Paraná', 'country': 'Brazil', 'postcode': 62360, 'coordinates': {'latitude': '-77.0509', 'longitude': '135.4124'}, 'timezone': {'offset': '-9:00', 'description': 'Alaska'}}, 'email': 'zeferina.daluz@example.com', 'login': {'uuid': 'f4b1e807-94bf-4853-b663-702cba00705b', 'username': 'bluekoala120', 'password': 'gryphon', 'salt': 'sR8Fup7A', 'md5': 'cba15839123896caf84d79ed6508f075', 'sha1': 'e11a944d2d7570feceff588355d7e9cd2857fffe', 'sha256': 'aefa12f72978d0672ae9be58e7c854bfe00d55648da22a18aa6cd0c3dbcb5b5a'}, 'dob': {'date': '1954-06-16T06:41:36.580Z', 'age': 70}, 'registered': {'date': '2017-08-07T01:14:27.452Z', 'age': 6}, 'phone': '(60) 0403-7848', 'cell': '(83) 5679-4915', 'id': {'name': 'CPF', 'value': '263.219.100-32'}, 'picture': {'large': 'https://randomuser.me/api/portraits/women/70.jpg', 'medium': 'https://randomuser.me/api/portraits/med/women/70.jpg', 'thumbnail': 'https://randomuser.me/api/portraits/thumb/women/70.jpg'}, 'nat': 'BR'}</msg>
<arg>${json_data['results'][0]}</arg>
<doc>Logs the given message with the given level.</doc>
<status status="PASS" start="2024-08-01T13:18:46.366540" elapsed="0.000405"/>
</kw>
<kw name="Log" owner="BuiltIn">
<msg time="2024-08-01T13:18:46.367356" level="INFO">login</msg>
<arg>${key}</arg>
<doc>Logs the given message with the given level.</doc>
<status status="PASS" start="2024-08-01T13:18:46.367232" elapsed="0.000160"/>
</kw>
<var name="${key}">login</var>
<status status="PASS" start="2024-08-01T13:18:46.365884" elapsed="0.001718"/>
</iter>
<var>${key}</var>
<value>@{expected_keys}</value>
<status status="PASS" start="2024-08-01T13:18:46.357719" elapsed="0.010001"/>
</for>
<kw name="Create List" owner="BuiltIn">
<msg time="2024-08-01T13:18:46.368042" level="INFO">${expected_keysTwo} = ['username', 'password']</msg>
<var>${expected_keysTwo}</var>
<arg>username</arg>
<arg>password</arg>
<doc>Returns a list containing given items.</doc>
<status status="PASS" start="2024-08-01T13:18:46.367909" elapsed="0.000158"/>
</kw>
<for flavor="IN">
<iter>
<kw name="Dictionary Should Contain Key" owner="Collections">
<arg>${json_data['results'][0]['login']}</arg>
<arg>${keyTwo}</arg>
<doc>Fails if ``key`` is not found from ``dictionary``.</doc>
<status status="PASS" start="2024-08-01T13:18:46.368586" elapsed="0.000404"/>
</kw>
<kw name="Dictionary Should Contain Key" owner="Collections">
<arg>${json_data['results'][0]['login']}</arg>
<arg>${keyTwo}</arg>
<doc>Fails if ``key`` is not found from ``dictionary``.</doc>
<status status="PASS" start="2024-08-01T13:18:46.369167" elapsed="0.000373"/>
</kw>
<kw name="Log" owner="BuiltIn">
<msg time="2024-08-01T13:18:46.369834" level="INFO">username</msg>
<arg>${keyTwo}</arg>
<doc>Logs the given message with the given level.</doc>
<status status="PASS" start="2024-08-01T13:18:46.369715" elapsed="0.000155"/>
</kw>
<var name="${keyTwo}">username</var>
<status status="PASS" start="2024-08-01T13:18:46.368480" elapsed="0.001605"/>
</iter>
<iter>
<kw name="Dictionary Should Contain Key" owner="Collections">
<arg>${json_data['results'][0]['login']}</arg>
<arg>${keyTwo}</arg>
<doc>Fails if ``key`` is not found from ``dictionary``.</doc>
<status status="PASS" start="2024-08-01T13:18:46.370362" elapsed="0.000370"/>
</kw>
<kw name="Dictionary Should Contain Key" owner="Collections">
<arg>${json_data['results'][0]['login']}</arg>
<arg>${keyTwo}</arg>
<doc>Fails if ``key`` is not found from ``dictionary``.</doc>
<status status="PASS" start="2024-08-01T13:18:46.370906" elapsed="0.000376"/>
</kw>
<kw name="Log" owner="BuiltIn">
<msg time="2024-08-01T13:18:46.371576" level="INFO">password</msg>
<arg>${keyTwo}</arg>
<doc>Logs the given message with the given level.</doc>
<status status="PASS" start="2024-08-01T13:18:46.371453" elapsed="0.000159"/>
</kw>
<var name="${keyTwo}">password</var>
<status status="PASS" start="2024-08-01T13:18:46.370254" elapsed="0.001575"/>
</iter>
<var>${keyTwo}</var>
<value>@{expected_keysTwo}</value>
<status status="PASS" start="2024-08-01T13:18:46.368327" elapsed="0.003620"/>
</for>
<status status="PASS" start="2024-08-01T13:18:46.234531" elapsed="0.137556"/>
</kw>
<doc>Testa a estrutura da resposta da API.</doc>
<tag>testeEstruturaResposta</tag>
<status status="PASS" start="2024-08-01T13:18:46.233987" elapsed="0.138261"/>
</test>
<test id="s1-s1-t4" name="Validar tipos de dados" line="28">
<kw name="Teste de Tipos de Dados" owner="random-user-service">
<kw name="GET On Session" owner="RequestsLibrary">
<msg time="2024-08-01T13:18:46.488605" level="INFO">GET Request : url=https://randomuser.me/api 
 path_url=/api 
 headers={'User-Agent': 'python-requests/2.32.3', 'Accept-Encoding': 'gzip, deflate', 'Accept': '*/*', 'Connection': 'keep-alive'} 
 body=None 
 </msg>
<msg time="2024-08-01T13:18:46.488720" level="INFO">GET Response : url=https://randomuser.me/api 
 status=200, reason=OK 
 headers={'Date': 'Thu, 01 Aug 2024 13:18:46 GMT', 'Content-Type': 'application/json; charset=utf-8', 'Transfer-Encoding': 'chunked', 'Connection': 'keep-alive', 'X-Powered-By': 'Express', 'Access-Control-Allow-Origin': '*', 'Cache-Control': 'no-cache', 'ETag': 'W/"493-2eLDkEo0dxAjJXOclM7eH6KqhYM"', 'Vary': 'Accept-Encoding', 'Content-Encoding': 'gzip', 'CF-Cache-Status': 'DYNAMIC', 'Report-To': '{"endpoints":[{"url":"https:\\/\\/a.nel.cloudflare.com\\/report\\/v4?s=keC%2Fmbxyb978jFncUHM4LDEhhUp9tRPV3RgZZ5uJ1ZwtrGglJddrNEZmaKAdC%2B70wBMoVxM3WQ9%2Bihetc4tfjUtsh5%2BSaz5%2Blb%2FGK8LGUzINQO03kvVcZSeZS34fONv6"}],"group":"cf-nel","max_age":604800}', 'NEL': '{"success_fraction":0,"report_to":"cf-nel","max_age":604800}', 'Server': 'cloudflare', 'CF-RAY': '8ac61db3de007ea8-LAX', 'alt-svc': 'h3=":443"; ma=86400'} 
 body={"results":[{"gender":"male","name":{"title":"Mr","first":"Grayson","last":"Wright"},"location":{"street":{"number":5920,"name":"Main Street West"},"city":"Palmerston North","state":"Tasman","country":"New Zealand","postcode":22847,"coordinates":{"latitude":"52.8517","longitude":"-100.6818"},"timezone":{"offset":"+8:00","description":"Beijing, Perth, Singapore, Hong Kong"}},"email":"grayson.wright@example.com","login":{"uuid":"6fd989c2-fbe6-48a5-be6d-99d8e7fdd9ec","username":"greenswan612","password":"temple","salt":"9R3AHQxp","md5":"a7c0ade0d35f585e98a7d96e24db89de","sha1":"35cbdd2cc9f711e7127e48c7c8ebe3fde2d07927","sha256":"ebea71260fe68bf1af7791ee1eebe3f5ae74cd946ea68439ac0ccac115cf3338"},"dob":{"date":"1979-06-23T16:50:24.334Z","age":45},"registered":{"date":"2019-08-06T11:37:08.775Z","age":4},"phone":"(949)-885-9748","cell":"(990)-931-5038","id":{"name":"","value":null},"picture":{"large":"https://randomuser.me/api/portraits/men/53.jpg","medium":"https://randomuser.me/api/portraits/med/men/53.jpg","thumbnail":"https://randomuser.me/api/portraits/thumb/men/53.jpg"},"nat":"NZ"}],"info":{"seed":"fbc54828f5997139","results":1,"page":1,"version":"1.4"}} 
 </msg>
<msg time="2024-08-01T13:18:46.488849" level="INFO">/opt/hostedtoolcache/Python/3.12.4/x64/lib/python3.12/site-packages/urllib3/connectionpool.py:1099: InsecureRequestWarning: Unverified HTTPS request is being made to host 'randomuser.me'. Adding certificate verification is strongly advised. See: https://urllib3.readthedocs.io/en/latest/advanced-usage.html#tls-warnings
  warnings.warn(</msg>
<msg time="2024-08-01T13:18:46.489014" level="INFO">${response} = &lt;Response [200]&gt;</msg>
<var>${response}</var>
<arg>consultarAPI</arg>
<arg>/api</arg>
<doc>Sends a GET request on a previously created HTTP Session.</doc>
<status status="PASS" start="2024-08-01T13:18:46.374801" elapsed="0.114267"/>
</kw>
<kw name="Set Variable" owner="BuiltIn">
<msg time="2024-08-01T13:18:46.490206" level="INFO">${json_data} = {'results': [{'gender': 'male', 'name': {'title': 'Mr', 'first': 'Grayson', 'last': 'Wright'}, 'location': {'street': {'number': 5920, 'name': 'Main Street West'}, 'city': 'Palmerston North', 'state':...</msg>
<var>${json_data}</var>
<arg>${response.json()}</arg>
<doc>Returns the given values which can then be assigned to a variables.</doc>
<status status="PASS" start="2024-08-01T13:18:46.489662" elapsed="0.000572"/>
</kw>
<kw name="Log" owner="BuiltIn">
<msg time="2024-08-01T13:18:46.490695" level="INFO">{'results': [{'gender': 'male', 'name': {'title': 'Mr', 'first': 'Grayson', 'last': 'Wright'}, 'location': {'street': {'number': 5920, 'name': 'Main Street West'}, 'city': 'Palmerston North', 'state': 'Tasman', 'country': 'New Zealand', 'postcode': 22847, 'coordinates': {'latitude': '52.8517', 'longitude': '-100.6818'}, 'timezone': {'offset': '+8:00', 'description': 'Beijing, Perth, Singapore, Hong Kong'}}, 'email': 'grayson.wright@example.com', 'login': {'uuid': '6fd989c2-fbe6-48a5-be6d-99d8e7fdd9ec', 'username': 'greenswan612', 'password': 'temple', 'salt': '9R3AHQxp', 'md5': 'a7c0ade0d35f585e98a7d96e24db89de', 'sha1': '35cbdd2cc9f711e7127e48c7c8ebe3fde2d07927', 'sha256': 'ebea71260fe68bf1af7791ee1eebe3f5ae74cd946ea68439ac0ccac115cf3338'}, 'dob': {'date': '1979-06-23T16:50:24.334Z', 'age': 45}, 'registered': {'date': '2019-08-06T11:37:08.775Z', 'age': 4}, 'phone': '(949)-885-9748', 'cell': '(990)-931-5038', 'id': {'name': '', 'value': None}, 'picture': {'large': 'https://randomuser.me/api/portraits/men/53.jpg', 'medium': 'https://randomuser.me/api/portraits/med/men/53.jpg', 'thumbnail': 'https://randomuser.me/api/portraits/thumb/men/53.jpg'}, 'nat': 'NZ'}], 'info': {'seed': 'fbc54828f5997139', 'results': 1, 'page': 1, 'version': '1.4'}}</msg>
<arg>${json_data}</arg>
<doc>Logs the given message with the given level.</doc>
<status status="PASS" start="2024-08-01T13:18:46.490540" elapsed="0.000200"/>
</kw>
<kw name="Should Be String" owner="String">
<arg>${json_data['results'][0]['gender']}</arg>
<doc>Fails if the given ``item`` is not a string.</doc>
<status status="PASS" start="2024-08-01T13:18:46.491034" elapsed="0.000358"/>
</kw>
<kw name="Should Match Regexp" owner="BuiltIn">
<arg>${json_data['results'][0]['email']}</arg>
<arg>^[a-zA-Z0-9._%+-]+@[a-zA-Z0-9.-]+\.[a-zA-Z]{2,}$</arg>
<doc>Fails if ``string`` does not match ``pattern`` as a regular expression.</doc>
<status status="PASS" start="2024-08-01T13:18:46.491576" elapsed="0.000512"/>
</kw>
<kw name="Should Match Regexp" owner="BuiltIn">
<arg>${json_data['results'][0]['dob']['date']}</arg>
<arg>\\d{4}-\\d{2}-\\d{2}T\\d{2}:\\d{2}:\\d{2}\\.\\d{3}Z</arg>
<doc>Fails if ``string`` does not match ``pattern`` as a regular expression.</doc>
<status status="PASS" start="2024-08-01T13:18:46.492315" elapsed="0.000678"/>
</kw>
<kw name="Should Match Regexp" owner="BuiltIn">
<arg>${json_data['results'][0]['registered']['date']}</arg>
<arg>\\d{4}-\\d{2}-\\d{2}T\\d{2}:\\d{2}:\\d{2}\\.\\d{3}Z</arg>
<doc>Fails if ``string`` does not match ``pattern`` as a regular expression.</doc>
<status status="PASS" start="2024-08-01T13:18:46.493194" elapsed="0.000378"/>
</kw>
<kw name="Should Match Regexp" owner="BuiltIn">
<arg>${json_data['results'][0]['picture']['large']}</arg>
<arg>^https?://.*\.(?:png|jpe?g|gif|bmp)$</arg>
<doc>Fails if ``string`` does not match ``pattern`` as a regular expression.</doc>
<status status="PASS" start="2024-08-01T13:18:46.493759" elapsed="0.000456"/>
</kw>
<kw name="Should Match Regexp" owner="BuiltIn">
<arg>${json_data['results'][0]['picture']['medium']}</arg>
<arg>^https?://.*\.(?:png|jpe?g|gif|bmp)$</arg>
<doc>Fails if ``string`` does not match ``pattern`` as a regular expression.</doc>
<status status="PASS" start="2024-08-01T13:18:46.494400" elapsed="0.000353"/>
</kw>
<kw name="Should Match Regexp" owner="BuiltIn">
<arg>${json_data['results'][0]['picture']['thumbnail']}</arg>
<arg>^https?://.*\.(?:png|jpe?g|gif|bmp)$</arg>
<doc>Fails if ``string`` does not match ``pattern`` as a regular expression.</doc>
<status status="PASS" start="2024-08-01T13:18:46.494933" elapsed="0.000347"/>
</kw>
<kw name="Log" owner="BuiltIn">
<msg time="2024-08-01T13:18:46.495775" level="INFO">{'large': 'https://randomuser.me/api/portraits/men/53.jpg', 'medium': 'https://randomuser.me/api/portraits/med/men/53.jpg', 'thumbnail': 'https://randomuser.me/api/portraits/thumb/men/53.jpg'}</msg>
<arg>${json_data['results'][0]['picture']}</arg>
<doc>Logs the given message with the given level.</doc>
<status status="PASS" start="2024-08-01T13:18:46.495457" elapsed="0.000360"/>
</kw>
<status status="PASS" start="2024-08-01T13:18:46.374577" elapsed="0.121505"/>
</kw>
<kw name="Teste de Tipos de Dados - Postcode" owner="random-user-service">
<kw name="GET On Session" owner="RequestsLibrary">
<msg time="2024-08-01T13:18:46.592502" level="INFO">GET Request : url=https://randomuser.me/api 
 path_url=/api 
 headers={'User-Agent': 'python-requests/2.32.3', 'Accept-Encoding': 'gzip, deflate', 'Accept': '*/*', 'Connection': 'keep-alive'} 
 body=None 
 </msg>
<msg time="2024-08-01T13:18:46.592608" level="INFO">GET Response : url=https://randomuser.me/api 
 status=200, reason=OK 
 headers={'Date': 'Thu, 01 Aug 2024 13:18:46 GMT', 'Content-Type': 'application/json; charset=utf-8', 'Transfer-Encoding': 'chunked', 'Connection': 'keep-alive', 'X-Powered-By': 'Express', 'Access-Control-Allow-Origin': '*', 'Cache-Control': 'no-cache', 'ETag': 'W/"49a-2DzKK+YvbFOROFL/gMOgk7/KHuM"', 'Vary': 'Accept-Encoding', 'Content-Encoding': 'gzip', 'CF-Cache-Status': 'DYNAMIC', 'Report-To': '{"endpoints":[{"url":"https:\\/\\/a.nel.cloudflare.com\\/report\\/v4?s=UVmjf1SocSs3woV90LoBrOMxhOMH6z1A6tJLwfprGiGtCI9STC4CDKQH7ZzZo8uAS5TsXAeJzBPjywd%2BeSJ0qAxqiMim4kTcN4NPVLqGN%2BYbXBhY5syTrIZ92KpFoHv3"}],"group":"cf-nel","max_age":604800}', 'NEL': '{"success_fraction":0,"report_to":"cf-nel","max_age":604800}', 'Server': 'cloudflare', 'CF-RAY': '8ac61db49e8a7ea8-LAX', 'alt-svc': 'h3=":443"; ma=86400'} 
 body={"results":[{"gender":"female","name":{"title":"Ms","first":"Milica","last":"Đokanović"},"location":{"street":{"number":5703,"name":"Lukarska"},"city":"Sečanj","state":"West Bačka","country":"Serbia","postcode":39450,"coordinates":{"latitude":"58.6520","longitude":"59.1922"},"timezone":{"offset":"-4:00","description":"Atlantic Time (Canada), Caracas, La Paz"}},"email":"milica.dokanovic@example.com","login":{"uuid":"82f497bf-5736-49f0-9b99-c99bdc1a505b","username":"purplerabbit638","password":"magnet","salt":"CoAJ7cZR","md5":"e9131d342e44d412e619284355c4c096","sha1":"3d39f5e75f69e486d799c9f221f02e882680e174","sha256":"777c999c218710c04d8f155f7d2d7bd10af8f1e179904ebf601894c2ff8c564a"},"dob":{"date":"1978-03-18T22:31:06.084Z","age":46},"registered":{"date":"2017-04-17T14:42:29.804Z","age":7},"phone":"030-6303-725","cell":"069-4490-878","id":{"name":"SID","value":"526943292"},"picture":{"large":"https://randomuser.me/api/portraits/women/79.jpg","medium":"https://randomuser.me/api/portraits/med/women/79.jpg","thumbnail":"https://randomuser.me/api/portraits/thumb/women/79.jpg"},"nat":"RS"}],"info":{"seed":"54e814237b075301","results":1,"page":1,"version":"1.4"}} 
 </msg>
<msg time="2024-08-01T13:18:46.592687" level="INFO">/opt/hostedtoolcache/Python/3.12.4/x64/lib/python3.12/site-packages/urllib3/connectionpool.py:1099: InsecureRequestWarning: Unverified HTTPS request is being made to host 'randomuser.me'. Adding certificate verification is strongly advised. See: https://urllib3.readthedocs.io/en/latest/advanced-usage.html#tls-warnings
  warnings.warn(</msg>
<msg time="2024-08-01T13:18:46.592840" level="INFO">${response} = &lt;Response [200]&gt;</msg>
<var>${response}</var>
<arg>consultarAPI</arg>
<arg>/api</arg>
<doc>Sends a GET request on a previously created HTTP Session.</doc>
<status status="PASS" start="2024-08-01T13:18:46.496542" elapsed="0.096343"/>
</kw>
<kw name="Set Variable" owner="BuiltIn">
<msg time="2024-08-01T13:18:46.593949" level="INFO">${json_data} = {'results': [{'gender': 'female', 'name': {'title': 'Ms', 'first': 'Milica', 'last': 'Đokanović'}, 'location': {'street': {'number': 5703, 'name': 'Lukarska'}, 'city': 'Sečanj', 'state': 'West Bačka',...</msg>
<var>${json_data}</var>
<arg>${response.json()}</arg>
<doc>Returns the given values which can then be assigned to a variables.</doc>
<status status="PASS" start="2024-08-01T13:18:46.593427" elapsed="0.000553"/>
</kw>
<kw name="Log" owner="BuiltIn">
<msg time="2024-08-01T13:18:46.594457" level="INFO">{'results': [{'gender': 'female', 'name': {'title': 'Ms', 'first': 'Milica', 'last': 'Đokanović'}, 'location': {'street': {'number': 5703, 'name': 'Lukarska'}, 'city': 'Sečanj', 'state': 'West Bačka', 'country': 'Serbia', 'postcode': 39450, 'coordinates': {'latitude': '58.6520', 'longitude': '59.1922'}, 'timezone': {'offset': '-4:00', 'description': 'Atlantic Time (Canada), Caracas, La Paz'}}, 'email': 'milica.dokanovic@example.com', 'login': {'uuid': '82f497bf-5736-49f0-9b99-c99bdc1a505b', 'username': 'purplerabbit638', 'password': 'magnet', 'salt': 'CoAJ7cZR', 'md5': 'e9131d342e44d412e619284355c4c096', 'sha1': '3d39f5e75f69e486d799c9f221f02e882680e174', 'sha256': '777c999c218710c04d8f155f7d2d7bd10af8f1e179904ebf601894c2ff8c564a'}, 'dob': {'date': '1978-03-18T22:31:06.084Z', 'age': 46}, 'registered': {'date': '2017-04-17T14:42:29.804Z', 'age': 7}, 'phone': '030-6303-725', 'cell': '069-4490-878', 'id': {'name': 'SID', 'value': '526943292'}, 'picture': {'large': 'https://randomuser.me/api/portraits/women/79.jpg', 'medium': 'https://randomuser.me/api/portraits/med/women/79.jpg', 'thumbnail': 'https://randomuser.me/api/portraits/thumb/women/79.jpg'}, 'nat': 'RS'}], 'info': {'seed': '54e814237b075301', 'results': 1, 'page': 1, 'version': '1.4'}}</msg>
<arg>${json_data}</arg>
<doc>Logs the given message with the given level.</doc>
<status status="PASS" start="2024-08-01T13:18:46.594290" elapsed="0.000216"/>
</kw>
<kw name="Should Be Equal As Numbers" owner="BuiltIn">
<arg>${json_data['results'][0]['location']['postcode']}</arg>
<arg>${json_data['results'][0]['location']['postcode']}</arg>
<doc>Fails if objects are unequal after converting them to real numbers.</doc>
<status status="PASS" start="2024-08-01T13:18:46.594806" elapsed="0.000628"/>
</kw>
<kw name="Log" owner="BuiltIn">
<msg time="2024-08-01T13:18:46.595960" level="INFO">39450</msg>
<arg>${json_data['results'][0]['location']['postcode']}</arg>
<doc>Logs the given message with the given level.</doc>
<status status="PASS" start="2024-08-01T13:18:46.595626" elapsed="0.000375"/>
</kw>
<status status="PASS" start="2024-08-01T13:18:46.496307" elapsed="0.099979"/>
</kw>
<doc>Testa se os tipos de dados na resposta da API estão corretos.</doc>
<tag>testeTiposDados</tag>
<status status="PASS" start="2024-08-01T13:18:46.374026" elapsed="0.222435"/>
</test>
<test id="s1-s1-t5" name="Validar conteudo" line="35">
<kw name="Teste de Tipos de Conteudo" owner="random-user-service">
<kw name="GET On Session" owner="RequestsLibrary">
<msg time="2024-08-01T13:18:46.737955" level="INFO">GET Request : url=https://randomuser.me/api 
 path_url=/api 
 headers={'User-Agent': 'python-requests/2.32.3', 'Accept-Encoding': 'gzip, deflate', 'Accept': '*/*', 'Connection': 'keep-alive'} 
 body=None 
 </msg>
<msg time="2024-08-01T13:18:46.738080" level="INFO">GET Response : url=https://randomuser.me/api 
 status=200, reason=OK 
 headers={'Date': 'Thu, 01 Aug 2024 13:18:46 GMT', 'Content-Type': 'application/json; charset=utf-8', 'Transfer-Encoding': 'chunked', 'Connection': 'keep-alive', 'X-Powered-By': 'Express', 'Access-Control-Allow-Origin': '*', 'Cache-Control': 'no-cache', 'ETag': 'W/"463-qkNSKhWIqtw7HBn9FGr9GFE+kQw"', 'Vary': 'Accept-Encoding', 'Content-Encoding': 'gzip', 'CF-Cache-Status': 'DYNAMIC', 'Report-To': '{"endpoints":[{"url":"https:\\/\\/a.nel.cloudflare.com\\/report\\/v4?s=GxM0lyXrNoqd47V74TSvTNE39zFokUVuVCxDWWnawAdw2W9szcVvDDEpnlje%2BM%2F%2FBicuqj1F6uh%2BqhxcAonvQ4u7BHsMGkXnmK4iCjwbnoKMHQSo9pJH7EoAPEHaJbJy"}],"group":"cf-nel","max_age":604800}', 'NEL': '{"success_fraction":0,"report_to":"cf-nel","max_age":604800}', 'Server': 'cloudflare', 'CF-RAY': '8ac61db54f167ea8-LAX', 'alt-svc': 'h3=":443"; ma=86400'} 
 body={"results":[{"gender":"male","name":{"title":"Mr","first":"Theo","last":"Roberts"},"location":{"street":{"number":1596,"name":"Taupo Quay"},"city":"Porirua","state":"Waikato","country":"New Zealand","postcode":60247,"coordinates":{"latitude":"52.3005","longitude":"-44.7130"},"timezone":{"offset":"+3:30","description":"Tehran"}},"email":"theo.roberts@example.com","login":{"uuid":"e992dad8-2ef4-49cc-b433-589dafe2de0e","username":"blueduck389","password":"creative","salt":"k59qLXX8","md5":"c3aeeba31e689286a5dda866c034ffc7","sha1":"8a66c268bc261af71723425edb00e386dee56f8c","sha256":"189f8e20e44aac2b0c3cf13ecdc0bb209b878ffc5afcc47b1b3936a43263a016"},"dob":{"date":"1974-06-14T08:07:43.507Z","age":50},"registered":{"date":"2014-08-18T00:58:50.979Z","age":9},"phone":"(699)-188-0839","cell":"(927)-675-2366","id":{"name":"","value":null},"picture":{"large":"https://randomuser.me/api/portraits/men/86.jpg","medium":"https://randomuser.me/api/portraits/med/men/86.jpg","thumbnail":"https://randomuser.me/api/portraits/thumb/men/86.jpg"},"nat":"NZ"}],"info":{"seed":"a6fef1a29555d490","results":1,"page":1,"version":"1.4"}} 
 </msg>
<msg time="2024-08-01T13:18:46.738168" level="INFO">/opt/hostedtoolcache/Python/3.12.4/x64/lib/python3.12/site-packages/urllib3/connectionpool.py:1099: InsecureRequestWarning: Unverified HTTPS request is being made to host 'randomuser.me'. Adding certificate verification is strongly advised. See: https://urllib3.readthedocs.io/en/latest/advanced-usage.html#tls-warnings
  warnings.warn(</msg>
<msg time="2024-08-01T13:18:46.738311" level="INFO">${response} = &lt;Response [200]&gt;</msg>
<var>${response}</var>
<arg>consultarAPI</arg>
<arg>/api</arg>
<doc>Sends a GET request on a previously created HTTP Session.</doc>
<status status="PASS" start="2024-08-01T13:18:46.598958" elapsed="0.139401"/>
</kw>
<kw name="Set Variable" owner="BuiltIn">
<msg time="2024-08-01T13:18:46.739433" level="INFO">${json_data} = {'results': [{'gender': 'male', 'name': {'title': 'Mr', 'first': 'Theo', 'last': 'Roberts'}, 'location': {'street': {'number': 1596, 'name': 'Taupo Quay'}, 'city': 'Porirua', 'state': 'Waikato', 'coun...</msg>
<var>${json_data}</var>
<arg>${response.json()}</arg>
<doc>Returns the given values which can then be assigned to a variables.</doc>
<status status="PASS" start="2024-08-01T13:18:46.738901" elapsed="0.000561"/>
</kw>
<kw name="Set Variable" owner="BuiltIn">
<msg time="2024-08-01T13:18:46.740156" level="INFO">${name_title} = Mr</msg>
<var>${name_title}</var>
<arg>${json_data["results"][0]["name"]["title"]}</arg>
<doc>Returns the given values which can then be assigned to a variables.</doc>
<status status="PASS" start="2024-08-01T13:18:46.739774" elapsed="0.000407"/>
</kw>
<kw name="Create List" owner="BuiltIn">
<msg time="2024-08-01T13:18:46.740623" level="INFO">${allowed_titles} = ['Mr', 'Ms', 'Miss', 'Mrs', 'Madame', 'Monsieur']</msg>
<var>${allowed_titles}</var>
<arg>Mr</arg>
<arg>Ms</arg>
<arg>Miss</arg>
<arg>Mrs</arg>
<arg>Madame</arg>
<arg>Monsieur</arg>
<doc>Returns a list containing given items.</doc>
<status status="PASS" start="2024-08-01T13:18:46.740474" elapsed="0.000175"/>
</kw>
<kw name="List Should Contain Value" owner="Collections">
<arg>${allowed_titles}</arg>
<arg>${name_title}</arg>
<doc>Fails if the ``value`` is not found from ``list``.</doc>
<status status="PASS" start="2024-08-01T13:18:46.740998" elapsed="0.000188"/>
</kw>
<kw name="Set Variable" owner="BuiltIn">
<msg time="2024-08-01T13:18:46.741731" level="INFO">${name_country} = NZ</msg>
<var>${name_country}</var>
<arg>${json_data["results"][0]["nat"]}</arg>
<doc>Returns the given values which can then be assigned to a variables.</doc>
<status status="PASS" start="2024-08-01T13:18:46.741363" elapsed="0.000393"/>
</kw>
<kw name="Create List" owner="BuiltIn">
<msg time="2024-08-01T13:18:46.742628" level="INFO">${list_country} = ['AD', 'AE', 'AF', 'AG', 'AI', 'AL', 'AM', 'AO', 'AQ', 'AR', 'AS', 'AT', 'AU', 'AW', 'AX', 'AZ', 'BA', 'BB', 'BD', 'BE', 'BF', 'BG', 'BH', 'BI', 'BJ', 'BL', 'BM', 'BN', 'BO', 'BQ', 'BR', 'BS', 'BT', '...</msg>
<var>${list_country}</var>
<arg>AD</arg>
<arg>AE</arg>
<arg>AF</arg>
<arg>AG</arg>
<arg>AI</arg>
<arg>AL</arg>
<arg>AM</arg>
<arg>AO</arg>
<arg>AQ</arg>
<arg>AR</arg>
<arg>AS</arg>
<arg>AT</arg>
<arg>AU</arg>
<arg>AW</arg>
<arg>AX</arg>
<arg>AZ</arg>
<arg>BA</arg>
<arg>BB</arg>
<arg>BD</arg>
<arg>BE</arg>
<arg>BF</arg>
<arg>BG</arg>
<arg>BH</arg>
<arg>BI</arg>
<arg>BJ</arg>
<arg>BL</arg>
<arg>BM</arg>
<arg>BN</arg>
<arg>BO</arg>
<arg>BQ</arg>
<arg>BR</arg>
<arg>BS</arg>
<arg>BT</arg>
<arg>BV</arg>
<arg>BW</arg>
<arg>BY</arg>
<arg>BZ</arg>
<arg>CA</arg>
<arg>CC</arg>
<arg>CD</arg>
<arg>CF</arg>
<arg>CG</arg>
<arg>CH</arg>
<arg>CI</arg>
<arg>CK</arg>
<arg>CL</arg>
<arg>CM</arg>
<arg>CN</arg>
<arg>CO</arg>
<arg>CR</arg>
<arg>CU</arg>
<arg>CV</arg>
<arg>CW</arg>
<arg>CX</arg>
<arg>CY</arg>
<arg>CZ</arg>
<arg>DE</arg>
<arg>DJ</arg>
<arg>DK</arg>
<arg>DM</arg>
<arg>DO</arg>
<arg>DZ</arg>
<arg>EC</arg>
<arg>EE</arg>
<arg>EG</arg>
<arg>EH</arg>
<arg>ER</arg>
<arg>ES</arg>
<arg>ET</arg>
<arg>FI</arg>
<arg>FJ</arg>
<arg>FK</arg>
<arg>FM</arg>
<arg>FO</arg>
<arg>FR</arg>
<arg>GA</arg>
<arg>GB</arg>
<arg>GD</arg>
<arg>GE</arg>
<arg>GF</arg>
<arg>GG</arg>
<arg>GH</arg>
<arg>GI</arg>
<arg>GL</arg>
<arg>GM</arg>
<arg>GN</arg>
<arg>GP</arg>
<arg>GQ</arg>
<arg>GR</arg>
<arg>GS</arg>
<arg>GT</arg>
<arg>GU</arg>
<arg>GW</arg>
<arg>GY</arg>
<arg>HK</arg>
<arg>HM</arg>
<arg>HN</arg>
<arg>HR</arg>
<arg>HT</arg>
<arg>HU</arg>
<arg>ID</arg>
<arg>IE</arg>
<arg>IL</arg>
<arg>IM</arg>
<arg>IN</arg>
<arg>IO</arg>
<arg>IQ</arg>
<arg>IR</arg>
<arg>IS</arg>
<arg>IT</arg>
<arg>JE</arg>
<arg>JM</arg>
<arg>JO</arg>
<arg>JP</arg>
<arg>KE</arg>
<arg>KG</arg>
<arg>KH</arg>
<arg>KI</arg>
<arg>KM</arg>
<arg>KN</arg>
<arg>KP</arg>
<arg>KR</arg>
<arg>KW</arg>
<arg>KY</arg>
<arg>KZ</arg>
<arg>LA</arg>
<arg>LB</arg>
<arg>LC</arg>
<arg>LI</arg>
<arg>LK</arg>
<arg>LR</arg>
<arg>LS</arg>
<arg>LT</arg>
<arg>LU</arg>
<arg>LV</arg>
<arg>LY</arg>
<arg>MA</arg>
<arg>MC</arg>
<arg>MD</arg>
<arg>ME</arg>
<arg>MF</arg>
<arg>MG</arg>
<arg>MH</arg>
<arg>MK</arg>
<arg>ML</arg>
<arg>MM</arg>
<arg>MN</arg>
<arg>MO</arg>
<arg>MP</arg>
<arg>MQ</arg>
<arg>MR</arg>
<arg>MS</arg>
<arg>MT</arg>
<arg>MU</arg>
<arg>MV</arg>
<arg>MW</arg>
<arg>MX</arg>
<arg>MY</arg>
<arg>MZ</arg>
<arg>NA</arg>
<arg>NC</arg>
<arg>NE</arg>
<arg>NF</arg>
<arg>NG</arg>
<arg>NI</arg>
<arg>NL</arg>
<arg>NO</arg>
<arg>NP</arg>
<arg>NR</arg>
<arg>NU</arg>
<arg>NZ</arg>
<arg>OM</arg>
<arg>PA</arg>
<arg>PE</arg>
<arg>PF</arg>
<arg>PG</arg>
<arg>PH</arg>
<arg>PK</arg>
<arg>PL</arg>
<arg>PM</arg>
<arg>PN</arg>
<arg>PR</arg>
<arg>PS</arg>
<arg>PT</arg>
<arg>PW</arg>
<arg>PY</arg>
<arg>QA</arg>
<arg>RE</arg>
<arg>RO</arg>
<arg>RS</arg>
<arg>RU</arg>
<arg>RW</arg>
<arg>SA</arg>
<arg>SB</arg>
<arg>SC</arg>
<arg>SD</arg>
<arg>SE</arg>
<arg>SG</arg>
<arg>SH</arg>
<arg>SI</arg>
<arg>SJ</arg>
<arg>SK</arg>
<arg>SL</arg>
<arg>SM</arg>
<arg>SN</arg>
<arg>SO</arg>
<arg>SR</arg>
<arg>SS</arg>
<arg>ST</arg>
<arg>SV</arg>
<arg>SX</arg>
<arg>SY</arg>
<arg>SZ</arg>
<arg>TC</arg>
<arg>TD</arg>
<arg>TF</arg>
<arg>TG</arg>
<arg>TH</arg>
<arg>TJ</arg>
<arg>TK</arg>
<arg>TL</arg>
<arg>TM</arg>
<arg>TN</arg>
<arg>TO</arg>
<arg>TR</arg>
<arg>TT</arg>
<arg>TV</arg>
<arg>TW</arg>
<arg>TZ</arg>
<arg>UA</arg>
<arg>UG</arg>
<arg>UM</arg>
<arg>US</arg>
<arg>UY</arg>
<arg>UZ</arg>
<arg>VA</arg>
<arg>VC</arg>
<arg>VE</arg>
<arg>VG</arg>
<arg>VI</arg>
<arg>VN</arg>
<arg>VU</arg>
<arg>WF</arg>
<arg>WS</arg>
<arg>XK</arg>
<arg>YE</arg>
<arg>YT</arg>
<arg>ZA</arg>
<arg>ZM</arg>
<arg>ZW</arg>
<doc>Returns a list containing given items.</doc>
<status status="PASS" start="2024-08-01T13:18:46.742042" elapsed="0.000612"/>
</kw>
<kw name="List Should Contain Value" owner="Collections">
<arg>${list_country}</arg>
<arg>${name_country}</arg>
<doc>Fails if the ``value`` is not found from ``list``.</doc>
<status status="PASS" start="2024-08-01T13:18:46.743632" elapsed="0.000210"/>
</kw>
<kw name="Run Keyword If" owner="BuiltIn">
<kw name="Should Be True" owner="BuiltIn">
<arg>${True}</arg>
<doc>Fails if the given condition is not true.</doc>
<status status="PASS" start="2024-08-01T13:18:46.744815" elapsed="0.000144"/>
</kw>
<arg>${json_data["results"][0]["location"]["coordinates"]["latitude"]} &gt;= -90 and ${json_data["results"][0]["location"]["coordinates"]["latitude"]} &lt;= 90</arg>
<arg>Should Be True</arg>
<arg>${True}</arg>
<doc>Runs the given keyword with the given arguments, if ``condition`` is true.</doc>
<status status="PASS" start="2024-08-01T13:18:46.744041" elapsed="0.001044"/>
</kw>
<kw name="Run Keyword If" owner="BuiltIn">
<kw name="Should Be True" owner="BuiltIn">
<arg>${True}</arg>
<doc>Fails if the given condition is not true.</doc>
<status status="PASS" start="2024-08-01T13:18:46.745948" elapsed="0.000136"/>
</kw>
<arg>${json_data["results"][0]["location"]["coordinates"]["longitude"]} &gt;= -180 and ${json_data["results"][0]["location"]["coordinates"]["longitude"]} &lt;= 180</arg>
<arg>Should Be True</arg>
<arg>${True}</arg>
<doc>Runs the given keyword with the given arguments, if ``condition`` is true.</doc>
<status status="PASS" start="2024-08-01T13:18:46.745264" elapsed="0.000943"/>
</kw>
<status status="PASS" start="2024-08-01T13:18:46.598734" elapsed="0.147604"/>
</kw>
<doc>Testa o conteúdo específico dos campos retornados pela API.</doc>
<tag>testeConteudo</tag>
<status status="PASS" start="2024-08-01T13:18:46.598273" elapsed="0.148218"/>
</test>
<status status="PASS" start="2024-08-01T13:18:45.637883" elapsed="1.110519"/>
</suite>
<status status="PASS" start="2024-08-01T13:18:45.623394" elapsed="1.130058"/>
</suite>
<statistics>
<total>
<stat pass="5" fail="0" skip="0">All Tests</stat>
</total>
<tag>
<stat pass="1" fail="0" skip="0">testeConteudo</stat>
<stat pass="1" fail="0" skip="0">testeEstruturaResposta</stat>
<stat pass="1" fail="0" skip="0">testeRequisicaoBasica</stat>
<stat pass="1" fail="0" skip="0">testeTiposDados</stat>
</tag>
<suite>
<stat pass="5" fail="0" skip="0" id="s1" name="Tests">Tests</stat>
<stat pass="5" fail="0" skip="0" id="s1-s1" name="Random-User-Test">Tests.Random-User-Test</stat>
</suite>
</statistics>
<errors>
</errors>
</robot>
