<?xml version="1.0" encoding="UTF-8"?>
<robot generator="Robot 7.0 (Python 3.12.3 on linux)" generated="2024-05-22T16:19:41.379783" rpa="false" schemaversion="5">
<suite id="s1" name="Tests" source="/home/runner/work/DesafioQAItauRogerioJordao/DesafioQAItauRogerioJordao/RamdonUser/tests">
<suite id="s1-s1" name="Random-User-Test" source="/home/runner/work/DesafioQAItauRogerioJordao/DesafioQAItauRogerioJordao/RamdonUser/tests/random-user-test.robot">
<test id="s1-s1-t1" name="Conectar" line="13">
<kw name="Conectar API" owner="random-user-service">
<kw name="Create Session" owner="RequestsLibrary">
<msg time="2024-05-22T16:19:41.762657" level="INFO">Creating Session using : alias=consultarAPI, url=https://randomuser.me/, headers={},                     cookies={}, auth=None, timeout=None, proxies=None, verify=False,                     debug=0 </msg>
<arg>consultarAPI</arg>
<arg>${URL}</arg>
<doc>Create Session: create a HTTP session to a server</doc>
<status status="PASS" start="2024-05-22T16:19:41.762462" elapsed="0.000358"/>
</kw>
<status status="PASS" start="2024-05-22T16:19:41.761427" elapsed="0.001736"/>
</kw>
<status status="PASS" start="2024-05-22T16:19:41.760909" elapsed="0.002449"/>
</test>
<test id="s1-s1-t2" name="Validar retorno 200 e JSON Válido" line="16">
<kw name="Teste de Requisicao Basica" owner="random-user-service">
<kw name="GET On Session" owner="RequestsLibrary">
<msg time="2024-05-22T16:19:41.898589" level="INFO">GET Request : url=https://randomuser.me/api 
 path_url=/api 
 headers={'User-Agent': 'python-requests/2.32.2', 'Accept-Encoding': 'gzip, deflate', 'Accept': '*/*', 'Connection': 'keep-alive'} 
 body=None 
 </msg>
<msg time="2024-05-22T16:19:41.898725" level="INFO">GET Response : url=https://randomuser.me/api 
 status=200, reason=OK 
 headers={'Date': 'Wed, 22 May 2024 16:19:41 GMT', 'Content-Type': 'application/json; charset=utf-8', 'Transfer-Encoding': 'chunked', 'Connection': 'keep-alive', 'X-Powered-By': 'Express', 'Access-Control-Allow-Origin': '*', 'Cache-Control': 'no-cache', 'ETag': 'W/"477-8+Dg9kVPsFIcACRkIiWndg5nGFs"', 'Vary': 'Accept-Encoding', 'Content-Encoding': 'gzip', 'CF-Cache-Status': 'DYNAMIC', 'Report-To': '{"endpoints":[{"url":"https:\\/\\/a.nel.cloudflare.com\\/report\\/v4?s=pEn6YmWmpEOjn1yAGMRDN5Bqa93yd82AwUKD9uUS9pus6xgewKz4w76VDhDumMthmCs9zIFeD2Pc%2FzWMC8fbmUslaQdeMICya1ozmp8CHtU1BK568f6oOch51C0b5ZBT"}],"group":"cf-nel","max_age":604800}', 'NEL': '{"success_fraction":0,"report_to":"cf-nel","max_age":604800}', 'Server': 'cloudflare', 'CF-RAY': '887e211a39ddf9ed-SJC', 'alt-svc': 'h3=":443"; ma=86400'} 
 body={"results":[{"gender":"male","name":{"title":"Mr","first":"Jaber","last":"Stalenhoef"},"location":{"street":{"number":6770,"name":"Bosviool"},"city":"Oldenzijl","state":"Gelderland","country":"Netherlands","postcode":"2420 JO","coordinates":{"latitude":"30.6485","longitude":"-64.2448"},"timezone":{"offset":"+3:30","description":"Tehran"}},"email":"jaber.stalenhoef@example.com","login":{"uuid":"6a9a3a49-aa1e-486a-b179-eea093880d4f","username":"heavymeercat935","password":"alive","salt":"ONe4FxOD","md5":"099bec9305af8643635b8797712d874f","sha1":"e3487e24b66cfbcf3da64157651bea6270eac075","sha256":"5ed1bc5c5a5774e5ebfaf5b65373d877b4eac61f2dfa10646eb0aadb7a4150c3"},"dob":{"date":"1995-07-23T17:23:21.658Z","age":28},"registered":{"date":"2014-12-05T16:23:38.476Z","age":9},"phone":"(052) 5508293","cell":"(06) 35193727","id":{"name":"BSN","value":"74923169"},"picture":{"large":"https://randomuser.me/api/portraits/men/0.jpg","medium":"https://randomuser.me/api/portraits/med/men/0.jpg","thumbnail":"https://randomuser.me/api/portraits/thumb/men/0.jpg"},"nat":"NL"}],"info":{"seed":"87d245f47db0e1b0","results":1,"page":1,"version":"1.4"}} 
 </msg>
<msg time="2024-05-22T16:19:41.898814" level="INFO">/opt/hostedtoolcache/Python/3.12.3/x64/lib/python3.12/site-packages/urllib3/connectionpool.py:1103: InsecureRequestWarning: Unverified HTTPS request is being made to host 'randomuser.me'. Adding certificate verification is strongly advised. See: https://urllib3.readthedocs.io/en/latest/advanced-usage.html#tls-warnings
  warnings.warn(</msg>
<msg time="2024-05-22T16:19:41.898945" level="INFO">${response} = &lt;Response [200]&gt;</msg>
<var>${response}</var>
<arg>consultarAPI</arg>
<arg>/api</arg>
<doc>Sends a GET request on a previously created HTTP Session.</doc>
<status status="PASS" start="2024-05-22T16:19:41.765948" elapsed="0.133051"/>
</kw>
<kw name="Should Be Equal As Numbers" owner="BuiltIn">
<msg time="2024-05-22T16:19:41.899797" level="INFO">Argument types are:
&lt;class 'int'&gt;
&lt;class 'str'&gt;</msg>
<arg>${response.status_code}</arg>
<arg>200</arg>
<doc>Fails if objects are unequal after converting them to real numbers.</doc>
<status status="PASS" start="2024-05-22T16:19:41.899404" elapsed="0.000456"/>
</kw>
<kw name="Log" owner="BuiltIn">
<msg time="2024-05-22T16:19:41.900555" level="INFO">200</msg>
<arg>${response.status_code}</arg>
<doc>Logs the given message with the given level.</doc>
<status status="PASS" start="2024-05-22T16:19:41.900212" elapsed="0.000391"/>
</kw>
<kw name="Set Variable" owner="BuiltIn">
<msg time="2024-05-22T16:19:41.901342" level="INFO">${json_data} = {'results': [{'gender': 'male', 'name': {'title': 'Mr', 'first': 'Jaber', 'last': 'Stalenhoef'}, 'location': {'street': {'number': 6770, 'name': 'Bosviool'}, 'city': 'Oldenzijl', 'state': 'Gelderland'...</msg>
<var>${json_data}</var>
<arg>${response.json()}</arg>
<doc>Returns the given values which can then be assigned to a variables.</doc>
<status status="PASS" start="2024-05-22T16:19:41.900911" elapsed="0.000458"/>
</kw>
<kw name="Dictionary Should Contain Key" owner="Collections">
<msg time="2024-05-22T16:19:41.901836" level="INFO">False</msg>
<arg>${json_data}</arg>
<arg>results</arg>
<doc>Fails if ``key`` is not found from ``dictionary``.</doc>
<status status="PASS" start="2024-05-22T16:19:41.901672" elapsed="0.000327"/>
</kw>
<status status="PASS" start="2024-05-22T16:19:41.765701" elapsed="0.136596"/>
</kw>
<doc>Testa se a API responde corretamente e retorna um objeto JSON válido.</doc>
<tag>testeRequisicaoBasica</tag>
<status status="PASS" start="2024-05-22T16:19:41.765231" elapsed="0.137239"/>
</test>
<test id="s1-s1-t3" name="Validar estrutura de resposta" line="22">
<kw name="Teste de Estrutura de Resposta" owner="random-user-service">
<kw name="GET On Session" owner="RequestsLibrary">
<msg time="2024-05-22T16:19:42.041265" level="INFO">GET Request : url=https://randomuser.me/api 
 path_url=/api 
 headers={'User-Agent': 'python-requests/2.32.2', 'Accept-Encoding': 'gzip, deflate', 'Accept': '*/*', 'Connection': 'keep-alive'} 
 body=None 
 </msg>
<msg time="2024-05-22T16:19:42.041336" level="INFO">GET Response : url=https://randomuser.me/api 
 status=200, reason=OK 
 headers={'Date': 'Wed, 22 May 2024 16:19:42 GMT', 'Content-Type': 'application/json; charset=utf-8', 'Transfer-Encoding': 'chunked', 'Connection': 'keep-alive', 'X-Powered-By': 'Express', 'Access-Control-Allow-Origin': '*', 'Cache-Control': 'no-cache', 'ETag': 'W/"49d-WBztXJGkQw7O6g1QwWkP20trvHE"', 'Vary': 'Accept-Encoding', 'Content-Encoding': 'gzip', 'CF-Cache-Status': 'DYNAMIC', 'Report-To': '{"endpoints":[{"url":"https:\\/\\/a.nel.cloudflare.com\\/report\\/v4?s=Onzn7fh1vYxfZtIVddogCVth2K75RXxy%2BmVMS8Tzj1DK4AuWSL2LL2DYNxjdG2PoGcgdgHqyMXpk4BsRs0Q59WJ3P%2B%2FvABcnDYSdFucJPaYdvb9pyUQJf39SgcbYn%2FSK"}],"group":"cf-nel","max_age":604800}', 'NEL': '{"success_fraction":0,"report_to":"cf-nel","max_age":604800}', 'Server': 'cloudflare', 'CF-RAY': '887e211aea98f9ed-SJC', 'alt-svc': 'h3=":443"; ma=86400'} 
 body={"results":[{"gender":"female","name":{"title":"Ms","first":"Genesis","last":"Kelly"},"location":{"street":{"number":2051,"name":"Parker Rd"},"city":"Townsville","state":"Western Australia","country":"Australia","postcode":9518,"coordinates":{"latitude":"-87.0860","longitude":"25.0563"},"timezone":{"offset":"+10:00","description":"Eastern Australia, Guam, Vladivostok"}},"email":"genesis.kelly@example.com","login":{"uuid":"57ff39df-810b-4bef-aad3-cfb5ca8e8168","username":"brownpeacock980","password":"steph","salt":"gbSS595O","md5":"340ee1fe25bac48a160fe501dc5f1b26","sha1":"28b475bb1558dbd4e4df891db03ff454ad2eeee7","sha256":"6a6e4191ca5d46a2499c8cd28b1050ef463a4a1b82817e9a7db7c0fad721455d"},"dob":{"date":"1987-01-01T01:18:42.341Z","age":37},"registered":{"date":"2009-05-15T16:27:01.934Z","age":15},"phone":"06-5950-4504","cell":"0461-972-625","id":{"name":"TFN","value":"582088959"},"picture":{"large":"https://randomuser.me/api/portraits/women/75.jpg","medium":"https://randomuser.me/api/portraits/med/women/75.jpg","thumbnail":"https://randomuser.me/api/portraits/thumb/women/75.jpg"},"nat":"AU"}],"info":{"seed":"19388de7f9662d9c","results":1,"page":1,"version":"1.4"}} 
 </msg>
<msg time="2024-05-22T16:19:42.041433" level="INFO">/opt/hostedtoolcache/Python/3.12.3/x64/lib/python3.12/site-packages/urllib3/connectionpool.py:1103: InsecureRequestWarning: Unverified HTTPS request is being made to host 'randomuser.me'. Adding certificate verification is strongly advised. See: https://urllib3.readthedocs.io/en/latest/advanced-usage.html#tls-warnings
  warnings.warn(</msg>
<msg time="2024-05-22T16:19:42.041543" level="INFO">${response} = &lt;Response [200]&gt;</msg>
<var>${response}</var>
<arg>consultarAPI</arg>
<arg>/api</arg>
<doc>Sends a GET request on a previously created HTTP Session.</doc>
<status status="PASS" start="2024-05-22T16:19:41.904951" elapsed="0.136634"/>
</kw>
<kw name="Set Variable" owner="BuiltIn">
<msg time="2024-05-22T16:19:42.042684" level="INFO">${json_data} = {'results': [{'gender': 'female', 'name': {'title': 'Ms', 'first': 'Genesis', 'last': 'Kelly'}, 'location': {'street': {'number': 2051, 'name': 'Parker Rd'}, 'city': 'Townsville', 'state': 'Western Au...</msg>
<var>${json_data}</var>
<arg>${response.json()}</arg>
<doc>Returns the given values which can then be assigned to a variables.</doc>
<status status="PASS" start="2024-05-22T16:19:42.042061" elapsed="0.000652"/>
</kw>
<kw name="Log" owner="BuiltIn">
<msg time="2024-05-22T16:19:42.043185" level="INFO">{'results': [{'gender': 'female', 'name': {'title': 'Ms', 'first': 'Genesis', 'last': 'Kelly'}, 'location': {'street': {'number': 2051, 'name': 'Parker Rd'}, 'city': 'Townsville', 'state': 'Western Australia', 'country': 'Australia', 'postcode': 9518, 'coordinates': {'latitude': '-87.0860', 'longitude': '25.0563'}, 'timezone': {'offset': '+10:00', 'description': 'Eastern Australia, Guam, Vladivostok'}}, 'email': 'genesis.kelly@example.com', 'login': {'uuid': '57ff39df-810b-4bef-aad3-cfb5ca8e8168', 'username': 'brownpeacock980', 'password': 'steph', 'salt': 'gbSS595O', 'md5': '340ee1fe25bac48a160fe501dc5f1b26', 'sha1': '28b475bb1558dbd4e4df891db03ff454ad2eeee7', 'sha256': '6a6e4191ca5d46a2499c8cd28b1050ef463a4a1b82817e9a7db7c0fad721455d'}, 'dob': {'date': '1987-01-01T01:18:42.341Z', 'age': 37}, 'registered': {'date': '2009-05-15T16:27:01.934Z', 'age': 15}, 'phone': '06-5950-4504', 'cell': '0461-972-625', 'id': {'name': 'TFN', 'value': '582088959'}, 'picture': {'large': 'https://randomuser.me/api/portraits/women/75.jpg', 'medium': 'https://randomuser.me/api/portraits/med/women/75.jpg', 'thumbnail': 'https://randomuser.me/api/portraits/thumb/women/75.jpg'}, 'nat': 'AU'}], 'info': {'seed': '19388de7f9662d9c', 'results': 1, 'page': 1, 'version': '1.4'}}</msg>
<arg>${json_data}</arg>
<doc>Logs the given message with the given level.</doc>
<status status="PASS" start="2024-05-22T16:19:42.043028" elapsed="0.000205"/>
</kw>
<kw name="Dictionary Should Contain Key" owner="Collections">
<msg time="2024-05-22T16:19:42.043692" level="INFO">False</msg>
<arg>${json_data}</arg>
<arg>results</arg>
<doc>Fails if ``key`` is not found from ``dictionary``.</doc>
<status status="PASS" start="2024-05-22T16:19:42.043530" elapsed="0.000200"/>
</kw>
<kw name="Should Not Be Empty" owner="BuiltIn">
<msg time="2024-05-22T16:19:42.044170" level="INFO">Length is 2.</msg>
<arg>${json_data}</arg>
<doc>Verifies that the given item is not empty.</doc>
<status status="PASS" start="2024-05-22T16:19:42.044035" elapsed="0.000174"/>
</kw>
<kw name="Create List" owner="BuiltIn">
<msg time="2024-05-22T16:19:42.044671" level="INFO">${expected_keys} = ['gender', 'name', 'location', 'email', 'login']</msg>
<var>${expected_keys}</var>
<arg>gender</arg>
<arg>name</arg>
<arg>location</arg>
<arg>email</arg>
<arg>login</arg>
<doc>Returns a list containing given items.</doc>
<status status="PASS" start="2024-05-22T16:19:42.044512" elapsed="0.000183"/>
</kw>
<for flavor="IN">
<iter>
<kw name="Dictionary Should Contain Key" owner="Collections">
<msg time="2024-05-22T16:19:42.045684" level="INFO">False</msg>
<arg>${json_data['results'][0]}</arg>
<arg>${key}</arg>
<doc>Fails if ``key`` is not found from ``dictionary``.</doc>
<status status="PASS" start="2024-05-22T16:19:42.045274" elapsed="0.000454"/>
</kw>
<kw name="Log" owner="BuiltIn">
<msg time="2024-05-22T16:19:42.046428" level="INFO">{'gender': 'female', 'name': {'title': 'Ms', 'first': 'Genesis', 'last': 'Kelly'}, 'location': {'street': {'number': 2051, 'name': 'Parker Rd'}, 'city': 'Townsville', 'state': 'Western Australia', 'country': 'Australia', 'postcode': 9518, 'coordinates': {'latitude': '-87.0860', 'longitude': '25.0563'}, 'timezone': {'offset': '+10:00', 'description': 'Eastern Australia, Guam, Vladivostok'}}, 'email': 'genesis.kelly@example.com', 'login': {'uuid': '57ff39df-810b-4bef-aad3-cfb5ca8e8168', 'username': 'brownpeacock980', 'password': 'steph', 'salt': 'gbSS595O', 'md5': '340ee1fe25bac48a160fe501dc5f1b26', 'sha1': '28b475bb1558dbd4e4df891db03ff454ad2eeee7', 'sha256': '6a6e4191ca5d46a2499c8cd28b1050ef463a4a1b82817e9a7db7c0fad721455d'}, 'dob': {'date': '1987-01-01T01:18:42.341Z', 'age': 37}, 'registered': {'date': '2009-05-15T16:27:01.934Z', 'age': 15}, 'phone': '06-5950-4504', 'cell': '0461-972-625', 'id': {'name': 'TFN', 'value': '582088959'}, 'picture': {'large': 'https://randomuser.me/api/portraits/women/75.jpg', 'medium': 'https://randomuser.me/api/portraits/med/women/75.jpg', 'thumbnail': 'https://randomuser.me/api/portraits/thumb/women/75.jpg'}, 'nat': 'AU'}</msg>
<arg>${json_data['results'][0]}</arg>
<doc>Logs the given message with the given level.</doc>
<status status="PASS" start="2024-05-22T16:19:42.046034" elapsed="0.000445"/>
</kw>
<kw name="Log" owner="BuiltIn">
<msg time="2024-05-22T16:19:42.046913" level="INFO">gender</msg>
<arg>${key}</arg>
<doc>Logs the given message with the given level.</doc>
<status status="PASS" start="2024-05-22T16:19:42.046785" elapsed="0.000166"/>
</kw>
<var name="${key}">gender</var>
<status status="PASS" start="2024-05-22T16:19:42.045149" elapsed="0.002016"/>
</iter>
<iter>
<kw name="Dictionary Should Contain Key" owner="Collections">
<msg time="2024-05-22T16:19:42.047865" level="INFO">False</msg>
<arg>${json_data['results'][0]}</arg>
<arg>${key}</arg>
<doc>Fails if ``key`` is not found from ``dictionary``.</doc>
<status status="PASS" start="2024-05-22T16:19:42.047479" elapsed="0.000424"/>
</kw>
<kw name="Log" owner="BuiltIn">
<msg time="2024-05-22T16:19:42.048672" level="INFO">{'gender': 'female', 'name': {'title': 'Ms', 'first': 'Genesis', 'last': 'Kelly'}, 'location': {'street': {'number': 2051, 'name': 'Parker Rd'}, 'city': 'Townsville', 'state': 'Western Australia', 'country': 'Australia', 'postcode': 9518, 'coordinates': {'latitude': '-87.0860', 'longitude': '25.0563'}, 'timezone': {'offset': '+10:00', 'description': 'Eastern Australia, Guam, Vladivostok'}}, 'email': 'genesis.kelly@example.com', 'login': {'uuid': '57ff39df-810b-4bef-aad3-cfb5ca8e8168', 'username': 'brownpeacock980', 'password': 'steph', 'salt': 'gbSS595O', 'md5': '340ee1fe25bac48a160fe501dc5f1b26', 'sha1': '28b475bb1558dbd4e4df891db03ff454ad2eeee7', 'sha256': '6a6e4191ca5d46a2499c8cd28b1050ef463a4a1b82817e9a7db7c0fad721455d'}, 'dob': {'date': '1987-01-01T01:18:42.341Z', 'age': 37}, 'registered': {'date': '2009-05-15T16:27:01.934Z', 'age': 15}, 'phone': '06-5950-4504', 'cell': '0461-972-625', 'id': {'name': 'TFN', 'value': '582088959'}, 'picture': {'large': 'https://randomuser.me/api/portraits/women/75.jpg', 'medium': 'https://randomuser.me/api/portraits/med/women/75.jpg', 'thumbnail': 'https://randomuser.me/api/portraits/thumb/women/75.jpg'}, 'nat': 'AU'}</msg>
<arg>${json_data['results'][0]}</arg>
<doc>Logs the given message with the given level.</doc>
<status status="PASS" start="2024-05-22T16:19:42.048241" elapsed="0.000480"/>
</kw>
<kw name="Log" owner="BuiltIn">
<msg time="2024-05-22T16:19:42.049157" level="INFO">name</msg>
<arg>${key}</arg>
<doc>Logs the given message with the given level.</doc>
<status status="PASS" start="2024-05-22T16:19:42.049029" elapsed="0.000165"/>
</kw>
<var name="${key}">name</var>
<status status="PASS" start="2024-05-22T16:19:42.047362" elapsed="0.002047"/>
</iter>
<iter>
<kw name="Dictionary Should Contain Key" owner="Collections">
<msg time="2024-05-22T16:19:42.050085" level="INFO">False</msg>
<arg>${json_data['results'][0]}</arg>
<arg>${key}</arg>
<doc>Fails if ``key`` is not found from ``dictionary``.</doc>
<status status="PASS" start="2024-05-22T16:19:42.049707" elapsed="0.000415"/>
</kw>
<kw name="Log" owner="BuiltIn">
<msg time="2024-05-22T16:19:42.050820" level="INFO">{'gender': 'female', 'name': {'title': 'Ms', 'first': 'Genesis', 'last': 'Kelly'}, 'location': {'street': {'number': 2051, 'name': 'Parker Rd'}, 'city': 'Townsville', 'state': 'Western Australia', 'country': 'Australia', 'postcode': 9518, 'coordinates': {'latitude': '-87.0860', 'longitude': '25.0563'}, 'timezone': {'offset': '+10:00', 'description': 'Eastern Australia, Guam, Vladivostok'}}, 'email': 'genesis.kelly@example.com', 'login': {'uuid': '57ff39df-810b-4bef-aad3-cfb5ca8e8168', 'username': 'brownpeacock980', 'password': 'steph', 'salt': 'gbSS595O', 'md5': '340ee1fe25bac48a160fe501dc5f1b26', 'sha1': '28b475bb1558dbd4e4df891db03ff454ad2eeee7', 'sha256': '6a6e4191ca5d46a2499c8cd28b1050ef463a4a1b82817e9a7db7c0fad721455d'}, 'dob': {'date': '1987-01-01T01:18:42.341Z', 'age': 37}, 'registered': {'date': '2009-05-15T16:27:01.934Z', 'age': 15}, 'phone': '06-5950-4504', 'cell': '0461-972-625', 'id': {'name': 'TFN', 'value': '582088959'}, 'picture': {'large': 'https://randomuser.me/api/portraits/women/75.jpg', 'medium': 'https://randomuser.me/api/portraits/med/women/75.jpg', 'thumbnail': 'https://randomuser.me/api/portraits/thumb/women/75.jpg'}, 'nat': 'AU'}</msg>
<arg>${json_data['results'][0]}</arg>
<doc>Logs the given message with the given level.</doc>
<status status="PASS" start="2024-05-22T16:19:42.050457" elapsed="0.000413"/>
</kw>
<kw name="Log" owner="BuiltIn">
<msg time="2024-05-22T16:19:42.051293" level="INFO">location</msg>
<arg>${key}</arg>
<doc>Logs the given message with the given level.</doc>
<status status="PASS" start="2024-05-22T16:19:42.051166" elapsed="0.000164"/>
</kw>
<var name="${key}">location</var>
<status status="PASS" start="2024-05-22T16:19:42.049592" elapsed="0.001957"/>
</iter>
<iter>
<kw name="Dictionary Should Contain Key" owner="Collections">
<msg time="2024-05-22T16:19:42.052324" level="INFO">False</msg>
<arg>${json_data['results'][0]}</arg>
<arg>${key}</arg>
<doc>Fails if ``key`` is not found from ``dictionary``.</doc>
<status status="PASS" start="2024-05-22T16:19:42.051839" elapsed="0.000523"/>
</kw>
<kw name="Log" owner="BuiltIn">
<msg time="2024-05-22T16:19:42.053029" level="INFO">{'gender': 'female', 'name': {'title': 'Ms', 'first': 'Genesis', 'last': 'Kelly'}, 'location': {'street': {'number': 2051, 'name': 'Parker Rd'}, 'city': 'Townsville', 'state': 'Western Australia', 'country': 'Australia', 'postcode': 9518, 'coordinates': {'latitude': '-87.0860', 'longitude': '25.0563'}, 'timezone': {'offset': '+10:00', 'description': 'Eastern Australia, Guam, Vladivostok'}}, 'email': 'genesis.kelly@example.com', 'login': {'uuid': '57ff39df-810b-4bef-aad3-cfb5ca8e8168', 'username': 'brownpeacock980', 'password': 'steph', 'salt': 'gbSS595O', 'md5': '340ee1fe25bac48a160fe501dc5f1b26', 'sha1': '28b475bb1558dbd4e4df891db03ff454ad2eeee7', 'sha256': '6a6e4191ca5d46a2499c8cd28b1050ef463a4a1b82817e9a7db7c0fad721455d'}, 'dob': {'date': '1987-01-01T01:18:42.341Z', 'age': 37}, 'registered': {'date': '2009-05-15T16:27:01.934Z', 'age': 15}, 'phone': '06-5950-4504', 'cell': '0461-972-625', 'id': {'name': 'TFN', 'value': '582088959'}, 'picture': {'large': 'https://randomuser.me/api/portraits/women/75.jpg', 'medium': 'https://randomuser.me/api/portraits/med/women/75.jpg', 'thumbnail': 'https://randomuser.me/api/portraits/thumb/women/75.jpg'}, 'nat': 'AU'}</msg>
<arg>${json_data['results'][0]}</arg>
<doc>Logs the given message with the given level.</doc>
<status status="PASS" start="2024-05-22T16:19:42.052664" elapsed="0.000413"/>
</kw>
<kw name="Log" owner="BuiltIn">
<msg time="2024-05-22T16:19:42.053501" level="INFO">email</msg>
<arg>${key}</arg>
<doc>Logs the given message with the given level.</doc>
<status status="PASS" start="2024-05-22T16:19:42.053372" elapsed="0.000167"/>
</kw>
<var name="${key}">email</var>
<status status="PASS" start="2024-05-22T16:19:42.051724" elapsed="0.002028"/>
</iter>
<iter>
<kw name="Dictionary Should Contain Key" owner="Collections">
<msg time="2024-05-22T16:19:42.054459" level="INFO">False</msg>
<arg>${json_data['results'][0]}</arg>
<arg>${key}</arg>
<doc>Fails if ``key`` is not found from ``dictionary``.</doc>
<status status="PASS" start="2024-05-22T16:19:42.054041" elapsed="0.000457"/>
</kw>
<kw name="Log" owner="BuiltIn">
<msg time="2024-05-22T16:19:42.055164" level="INFO">{'gender': 'female', 'name': {'title': 'Ms', 'first': 'Genesis', 'last': 'Kelly'}, 'location': {'street': {'number': 2051, 'name': 'Parker Rd'}, 'city': 'Townsville', 'state': 'Western Australia', 'country': 'Australia', 'postcode': 9518, 'coordinates': {'latitude': '-87.0860', 'longitude': '25.0563'}, 'timezone': {'offset': '+10:00', 'description': 'Eastern Australia, Guam, Vladivostok'}}, 'email': 'genesis.kelly@example.com', 'login': {'uuid': '57ff39df-810b-4bef-aad3-cfb5ca8e8168', 'username': 'brownpeacock980', 'password': 'steph', 'salt': 'gbSS595O', 'md5': '340ee1fe25bac48a160fe501dc5f1b26', 'sha1': '28b475bb1558dbd4e4df891db03ff454ad2eeee7', 'sha256': '6a6e4191ca5d46a2499c8cd28b1050ef463a4a1b82817e9a7db7c0fad721455d'}, 'dob': {'date': '1987-01-01T01:18:42.341Z', 'age': 37}, 'registered': {'date': '2009-05-15T16:27:01.934Z', 'age': 15}, 'phone': '06-5950-4504', 'cell': '0461-972-625', 'id': {'name': 'TFN', 'value': '582088959'}, 'picture': {'large': 'https://randomuser.me/api/portraits/women/75.jpg', 'medium': 'https://randomuser.me/api/portraits/med/women/75.jpg', 'thumbnail': 'https://randomuser.me/api/portraits/thumb/women/75.jpg'}, 'nat': 'AU'}</msg>
<arg>${json_data['results'][0]}</arg>
<doc>Logs the given message with the given level.</doc>
<status status="PASS" start="2024-05-22T16:19:42.054810" elapsed="0.000402"/>
</kw>
<kw name="Log" owner="BuiltIn">
<msg time="2024-05-22T16:19:42.055639" level="INFO">login</msg>
<arg>${key}</arg>
<doc>Logs the given message with the given level.</doc>
<status status="PASS" start="2024-05-22T16:19:42.055504" elapsed="0.000172"/>
</kw>
<var name="${key}">login</var>
<status status="PASS" start="2024-05-22T16:19:42.053928" elapsed="0.001986"/>
</iter>
<var>${key}</var>
<value>@{expected_keys}</value>
<status status="PASS" start="2024-05-22T16:19:42.044956" elapsed="0.011084"/>
</for>
<kw name="Create List" owner="BuiltIn">
<msg time="2024-05-22T16:19:42.056373" level="INFO">${expected_keysTwo} = ['username', 'password']</msg>
<var>${expected_keysTwo}</var>
<arg>username</arg>
<arg>password</arg>
<doc>Returns a list containing given items.</doc>
<status status="PASS" start="2024-05-22T16:19:42.056236" elapsed="0.000161"/>
</kw>
<for flavor="IN">
<iter>
<kw name="Dictionary Should Contain Key" owner="Collections">
<msg time="2024-05-22T16:19:42.057288" level="INFO">False</msg>
<arg>${json_data['results'][0]['login']}</arg>
<arg>${keyTwo}</arg>
<doc>Fails if ``key`` is not found from ``dictionary``.</doc>
<status status="PASS" start="2024-05-22T16:19:42.056896" elapsed="0.000429"/>
</kw>
<kw name="Dictionary Should Contain Key" owner="Collections">
<msg time="2024-05-22T16:19:42.057996" level="INFO">False</msg>
<arg>${json_data['results'][0]['login']}</arg>
<arg>${keyTwo}</arg>
<doc>Fails if ``key`` is not found from ``dictionary``.</doc>
<status status="PASS" start="2024-05-22T16:19:42.057619" elapsed="0.000413"/>
</kw>
<kw name="Log" owner="BuiltIn">
<msg time="2024-05-22T16:19:42.058487" level="INFO">username</msg>
<arg>${keyTwo}</arg>
<doc>Logs the given message with the given level.</doc>
<status status="PASS" start="2024-05-22T16:19:42.058356" elapsed="0.000169"/>
</kw>
<var name="${keyTwo}">username</var>
<status status="PASS" start="2024-05-22T16:19:42.056787" elapsed="0.001954"/>
</iter>
<iter>
<kw name="Dictionary Should Contain Key" owner="Collections">
<msg time="2024-05-22T16:19:42.059407" level="INFO">False</msg>
<arg>${json_data['results'][0]['login']}</arg>
<arg>${keyTwo}</arg>
<doc>Fails if ``key`` is not found from ``dictionary``.</doc>
<status status="PASS" start="2024-05-22T16:19:42.059026" elapsed="0.000419"/>
</kw>
<kw name="Dictionary Should Contain Key" owner="Collections">
<msg time="2024-05-22T16:19:42.060107" level="INFO">False</msg>
<arg>${json_data['results'][0]['login']}</arg>
<arg>${keyTwo}</arg>
<doc>Fails if ``key`` is not found from ``dictionary``.</doc>
<status status="PASS" start="2024-05-22T16:19:42.059737" elapsed="0.000407"/>
</kw>
<kw name="Log" owner="BuiltIn">
<msg time="2024-05-22T16:19:42.060593" level="INFO">password</msg>
<arg>${keyTwo}</arg>
<doc>Logs the given message with the given level.</doc>
<status status="PASS" start="2024-05-22T16:19:42.060436" elapsed="0.000216"/>
</kw>
<var name="${keyTwo}">password</var>
<status status="PASS" start="2024-05-22T16:19:42.058914" elapsed="0.002040"/>
</iter>
<var>${keyTwo}</var>
<value>@{expected_keysTwo}</value>
<status status="PASS" start="2024-05-22T16:19:42.056634" elapsed="0.004507"/>
</for>
<status status="PASS" start="2024-05-22T16:19:41.904717" elapsed="0.156630"/>
</kw>
<doc>Testa a estrutura da resposta da API.</doc>
<tag>testeEstruturaResposta</tag>
<status status="PASS" start="2024-05-22T16:19:41.904249" elapsed="0.157255"/>
</test>
<test id="s1-s1-t4" name="Validar tipos de dados" line="28">
<kw name="Teste de Tipos de Dados" owner="random-user-service">
<kw name="GET On Session" owner="RequestsLibrary">
<msg time="2024-05-22T16:19:42.152924" level="INFO">GET Request : url=https://randomuser.me/api 
 path_url=/api 
 headers={'User-Agent': 'python-requests/2.32.2', 'Accept-Encoding': 'gzip, deflate', 'Accept': '*/*', 'Connection': 'keep-alive'} 
 body=None 
 </msg>
<msg time="2024-05-22T16:19:42.153002" level="INFO">GET Response : url=https://randomuser.me/api 
 status=200, reason=OK 
 headers={'Date': 'Wed, 22 May 2024 16:19:42 GMT', 'Content-Type': 'application/json; charset=utf-8', 'Transfer-Encoding': 'chunked', 'Connection': 'keep-alive', 'X-Powered-By': 'Express', 'Access-Control-Allow-Origin': '*', 'Cache-Control': 'no-cache', 'ETag': 'W/"495-ZTyRR40HSjCo4g9oIz0rCR8/21M"', 'Vary': 'Accept-Encoding', 'Content-Encoding': 'gzip', 'CF-Cache-Status': 'DYNAMIC', 'Report-To': '{"endpoints":[{"url":"https:\\/\\/a.nel.cloudflare.com\\/report\\/v4?s=z6UxIDOqCxvH%2FUeipc3d%2BzFeFFwINw%2BaAjtHY2G1us0A4ivD9xd6w4o452QikjesKJKzbt3vvqNx4NTQ6AqeG4IBSVEmhhAJj0XKznTkHvzhTsC6C8Iub4bGpqvC%2B31F"}],"group":"cf-nel","max_age":604800}', 'NEL': '{"success_fraction":0,"report_to":"cf-nel","max_age":604800}', 'Server': 'cloudflare', 'CF-RAY': '887e211beb76f9ed-SJC', 'alt-svc': 'h3=":443"; ma=86400'} 
 body={"results":[{"gender":"male","name":{"title":"Mr","first":"کوروش","last":"سهيلي راد"},"location":{"street":{"number":4155,"name":"شهید کشواد"},"city":"ملارد","state":"خراسان جنوبی","country":"Iran","postcode":70744,"coordinates":{"latitude":"15.9247","longitude":"-101.3129"},"timezone":{"offset":"+9:30","description":"Adelaide, Darwin"}},"email":"khwrwsh.shylyrd@example.com","login":{"uuid":"f6e68c4a-0dd9-495c-a071-3489ae17ca7f","username":"heavybird282","password":"151nxjmt","salt":"c2ZJKwVN","md5":"f31f58fa9b17a3b14080eee4083b4a9f","sha1":"4e4178686b34490f232fe6d5ac2ec3132907bfba","sha256":"b91b4f4063d3384496df14fa34c6297d4a080b5fd0ac2d2a3afe8c130707f89f"},"dob":{"date":"1960-02-23T22:51:17.349Z","age":64},"registered":{"date":"2013-04-05T15:51:36.972Z","age":11},"phone":"069-04864971","cell":"0922-760-3351","id":{"name":"","value":null},"picture":{"large":"https://randomuser.me/api/portraits/men/56.jpg","medium":"https://randomuser.me/api/portraits/med/men/56.jpg","thumbnail":"https://randomuser.me/api/portraits/thumb/men/56.jpg"},"nat":"IR"}],"info":{"seed":"89462595285cbdf8","results":1,"page":1,"version":"1.4"}} 
 </msg>
<msg time="2024-05-22T16:19:42.153074" level="INFO">/opt/hostedtoolcache/Python/3.12.3/x64/lib/python3.12/site-packages/urllib3/connectionpool.py:1103: InsecureRequestWarning: Unverified HTTPS request is being made to host 'randomuser.me'. Adding certificate verification is strongly advised. See: https://urllib3.readthedocs.io/en/latest/advanced-usage.html#tls-warnings
  warnings.warn(</msg>
<msg time="2024-05-22T16:19:42.153188" level="INFO">${response} = &lt;Response [200]&gt;</msg>
<var>${response}</var>
<arg>consultarAPI</arg>
<arg>/api</arg>
<doc>Sends a GET request on a previously created HTTP Session.</doc>
<status status="PASS" start="2024-05-22T16:19:42.064114" elapsed="0.089119"/>
</kw>
<kw name="Set Variable" owner="BuiltIn">
<msg time="2024-05-22T16:19:42.154397" level="INFO">${json_data} = {'results': [{'gender': 'male', 'name': {'title': 'Mr', 'first': 'کوروش', 'last': 'سهيلي راد'}, 'location': {'street': {'number': 4155, 'name': 'شهید کشواد'}, 'city': 'ملارد', 'state': 'خراسان جنوبی',...</msg>
<var>${json_data}</var>
<arg>${response.json()}</arg>
<doc>Returns the given values which can then be assigned to a variables.</doc>
<status status="PASS" start="2024-05-22T16:19:42.153740" elapsed="0.000689"/>
</kw>
<kw name="Log" owner="BuiltIn">
<msg time="2024-05-22T16:19:42.154898" level="INFO">{'results': [{'gender': 'male', 'name': {'title': 'Mr', 'first': 'کوروش', 'last': 'سهيلي راد'}, 'location': {'street': {'number': 4155, 'name': 'شهید کشواد'}, 'city': 'ملارد', 'state': 'خراسان جنوبی', 'country': 'Iran', 'postcode': 70744, 'coordinates': {'latitude': '15.9247', 'longitude': '-101.3129'}, 'timezone': {'offset': '+9:30', 'description': 'Adelaide, Darwin'}}, 'email': 'khwrwsh.shylyrd@example.com', 'login': {'uuid': 'f6e68c4a-0dd9-495c-a071-3489ae17ca7f', 'username': 'heavybird282', 'password': '151nxjmt', 'salt': 'c2ZJKwVN', 'md5': 'f31f58fa9b17a3b14080eee4083b4a9f', 'sha1': '4e4178686b34490f232fe6d5ac2ec3132907bfba', 'sha256': 'b91b4f4063d3384496df14fa34c6297d4a080b5fd0ac2d2a3afe8c130707f89f'}, 'dob': {'date': '1960-02-23T22:51:17.349Z', 'age': 64}, 'registered': {'date': '2013-04-05T15:51:36.972Z', 'age': 11}, 'phone': '069-04864971', 'cell': '0922-760-3351', 'id': {'name': '', 'value': None}, 'picture': {'large': 'https://randomuser.me/api/portraits/men/56.jpg', 'medium': 'https://randomuser.me/api/portraits/med/men/56.jpg', 'thumbnail': 'https://randomuser.me/api/portraits/thumb/men/56.jpg'}, 'nat': 'IR'}], 'info': {'seed': '89462595285cbdf8', 'results': 1, 'page': 1, 'version': '1.4'}}</msg>
<arg>${json_data}</arg>
<doc>Logs the given message with the given level.</doc>
<status status="PASS" start="2024-05-22T16:19:42.154740" elapsed="0.000242"/>
</kw>
<kw name="Should Be String" owner="String">
<arg>${json_data['results'][0]['gender']}</arg>
<doc>Fails if the given ``item`` is not a string.</doc>
<status status="PASS" start="2024-05-22T16:19:42.155292" elapsed="0.000367"/>
</kw>
<kw name="Should Match Regexp" owner="BuiltIn">
<arg>${json_data['results'][0]['email']}</arg>
<arg>^[a-zA-Z0-9._%+-]+@[a-zA-Z0-9.-]+\.[a-zA-Z]{2,}$</arg>
<doc>Fails if ``string`` does not match ``pattern`` as a regular expression.</doc>
<status status="PASS" start="2024-05-22T16:19:42.155853" elapsed="0.000640"/>
</kw>
<kw name="Should Match Regexp" owner="BuiltIn">
<arg>${json_data['results'][0]['dob']['date']}</arg>
<arg>\\d{4}-\\d{2}-\\d{2}T\\d{2}:\\d{2}:\\d{2}\\.\\d{3}Z</arg>
<doc>Fails if ``string`` does not match ``pattern`` as a regular expression.</doc>
<status status="PASS" start="2024-05-22T16:19:42.156697" elapsed="0.000489"/>
</kw>
<kw name="Should Match Regexp" owner="BuiltIn">
<arg>${json_data['results'][0]['registered']['date']}</arg>
<arg>\\d{4}-\\d{2}-\\d{2}T\\d{2}:\\d{2}:\\d{2}\\.\\d{3}Z</arg>
<doc>Fails if ``string`` does not match ``pattern`` as a regular expression.</doc>
<status status="PASS" start="2024-05-22T16:19:42.157381" elapsed="0.000361"/>
</kw>
<kw name="Should Match Regexp" owner="BuiltIn">
<arg>${json_data['results'][0]['picture']['large']}</arg>
<arg>^https?://.*\.(?:png|jpe?g|gif|bmp)$</arg>
<doc>Fails if ``string`` does not match ``pattern`` as a regular expression.</doc>
<status status="PASS" start="2024-05-22T16:19:42.157929" elapsed="0.000492"/>
</kw>
<kw name="Should Match Regexp" owner="BuiltIn">
<arg>${json_data['results'][0]['picture']['medium']}</arg>
<arg>^https?://.*\.(?:png|jpe?g|gif|bmp)$</arg>
<doc>Fails if ``string`` does not match ``pattern`` as a regular expression.</doc>
<status status="PASS" start="2024-05-22T16:19:42.158619" elapsed="0.000353"/>
</kw>
<kw name="Should Match Regexp" owner="BuiltIn">
<arg>${json_data['results'][0]['picture']['thumbnail']}</arg>
<arg>^https?://.*\.(?:png|jpe?g|gif|bmp)$</arg>
<doc>Fails if ``string`` does not match ``pattern`` as a regular expression.</doc>
<status status="PASS" start="2024-05-22T16:19:42.159161" elapsed="0.000346"/>
</kw>
<kw name="Log" owner="BuiltIn">
<msg time="2024-05-22T16:19:42.160021" level="INFO">{'large': 'https://randomuser.me/api/portraits/men/56.jpg', 'medium': 'https://randomuser.me/api/portraits/med/men/56.jpg', 'thumbnail': 'https://randomuser.me/api/portraits/thumb/men/56.jpg'}</msg>
<arg>${json_data['results'][0]['picture']}</arg>
<doc>Logs the given message with the given level.</doc>
<status status="PASS" start="2024-05-22T16:19:42.159690" elapsed="0.000373"/>
</kw>
<status status="PASS" start="2024-05-22T16:19:42.063880" elapsed="0.096436"/>
</kw>
<kw name="Teste de Tipos de Dados - Postcode" owner="random-user-service">
<kw name="GET On Session" owner="RequestsLibrary">
<msg time="2024-05-22T16:19:42.278664" level="INFO">GET Request : url=https://randomuser.me/api 
 path_url=/api 
 headers={'User-Agent': 'python-requests/2.32.2', 'Accept-Encoding': 'gzip, deflate', 'Accept': '*/*', 'Connection': 'keep-alive'} 
 body=None 
 </msg>
<msg time="2024-05-22T16:19:42.278744" level="INFO">GET Response : url=https://randomuser.me/api 
 status=200, reason=OK 
 headers={'Date': 'Wed, 22 May 2024 16:19:42 GMT', 'Content-Type': 'application/json; charset=utf-8', 'Transfer-Encoding': 'chunked', 'Connection': 'keep-alive', 'X-Powered-By': 'Express', 'Access-Control-Allow-Origin': '*', 'Cache-Control': 'no-cache', 'ETag': 'W/"48f-46OGJBVqqjKoMK6DaC9s8PXuUik"', 'Vary': 'Accept-Encoding', 'Content-Encoding': 'gzip', 'CF-Cache-Status': 'DYNAMIC', 'Report-To': '{"endpoints":[{"url":"https:\\/\\/a.nel.cloudflare.com\\/report\\/v4?s=zXLr6dPXFUBJmX1WSPp%2Fig%2BgSuYFP2Iu2JvRkbidgFKar%2BGNJUC3QLgP8XPqWyNDYqEqtWfTz%2B81BFfxF6dc57biqL%2BDYTJdVgIkK6%2BXi2yAc1gTgbeE9ljjzDA6%2FF%2Fy"}],"group":"cf-nel","max_age":604800}', 'NEL': '{"success_fraction":0,"report_to":"cf-nel","max_age":604800}', 'Server': 'cloudflare', 'CF-RAY': '887e211c8c0ef9ed-SJC', 'alt-svc': 'h3=":443"; ma=86400'} 
 body={"results":[{"gender":"female","name":{"title":"Ms","first":"Sine","last":"Frøland"},"location":{"street":{"number":554,"name":"Pastor Blaauws vei"},"city":"Bergsåsen","state":"Rogaland","country":"Norway","postcode":"9169","coordinates":{"latitude":"39.4666","longitude":"94.2505"},"timezone":{"offset":"+8:00","description":"Beijing, Perth, Singapore, Hong Kong"}},"email":"sine.froland@example.com","login":{"uuid":"d3ad0a0a-145c-4e08-acc2-d07b27421309","username":"blacksnake143","password":"scania","salt":"suW4bF3V","md5":"7474da61c3d4ec4e95d3c3f7a615fed5","sha1":"ad75382ff6ec6a037050be65fe0cd0c4ba51c5bb","sha256":"563d889bb1785d76a8944eaae79580bf6a984d14af38edca261d1232c9841742"},"dob":{"date":"1971-07-19T05:47:41.249Z","age":52},"registered":{"date":"2017-02-10T06:32:18.961Z","age":7},"phone":"52102062","cell":"97135610","id":{"name":"FN","value":"19077137613"},"picture":{"large":"https://randomuser.me/api/portraits/women/15.jpg","medium":"https://randomuser.me/api/portraits/med/women/15.jpg","thumbnail":"https://randomuser.me/api/portraits/thumb/women/15.jpg"},"nat":"NO"}],"info":{"seed":"5c9e404c3b03bea4","results":1,"page":1,"version":"1.4"}} 
 </msg>
<msg time="2024-05-22T16:19:42.278801" level="INFO">/opt/hostedtoolcache/Python/3.12.3/x64/lib/python3.12/site-packages/urllib3/connectionpool.py:1103: InsecureRequestWarning: Unverified HTTPS request is being made to host 'randomuser.me'. Adding certificate verification is strongly advised. See: https://urllib3.readthedocs.io/en/latest/advanced-usage.html#tls-warnings
  warnings.warn(</msg>
<msg time="2024-05-22T16:19:42.278884" level="INFO">${response} = &lt;Response [200]&gt;</msg>
<var>${response}</var>
<arg>consultarAPI</arg>
<arg>/api</arg>
<doc>Sends a GET request on a previously created HTTP Session.</doc>
<status status="PASS" start="2024-05-22T16:19:42.160753" elapsed="0.118162"/>
</kw>
<kw name="Set Variable" owner="BuiltIn">
<msg time="2024-05-22T16:19:42.279753" level="INFO">${json_data} = {'results': [{'gender': 'female', 'name': {'title': 'Ms', 'first': 'Sine', 'last': 'Frøland'}, 'location': {'street': {'number': 554, 'name': 'Pastor Blaauws vei'}, 'city': 'Bergsåsen', 'state': 'Roga...</msg>
<var>${json_data}</var>
<arg>${response.json()}</arg>
<doc>Returns the given values which can then be assigned to a variables.</doc>
<status status="PASS" start="2024-05-22T16:19:42.279294" elapsed="0.000488"/>
</kw>
<kw name="Log" owner="BuiltIn">
<msg time="2024-05-22T16:19:42.280260" level="INFO">{'results': [{'gender': 'female', 'name': {'title': 'Ms', 'first': 'Sine', 'last': 'Frøland'}, 'location': {'street': {'number': 554, 'name': 'Pastor Blaauws vei'}, 'city': 'Bergsåsen', 'state': 'Rogaland', 'country': 'Norway', 'postcode': '9169', 'coordinates': {'latitude': '39.4666', 'longitude': '94.2505'}, 'timezone': {'offset': '+8:00', 'description': 'Beijing, Perth, Singapore, Hong Kong'}}, 'email': 'sine.froland@example.com', 'login': {'uuid': 'd3ad0a0a-145c-4e08-acc2-d07b27421309', 'username': 'blacksnake143', 'password': 'scania', 'salt': 'suW4bF3V', 'md5': '7474da61c3d4ec4e95d3c3f7a615fed5', 'sha1': 'ad75382ff6ec6a037050be65fe0cd0c4ba51c5bb', 'sha256': '563d889bb1785d76a8944eaae79580bf6a984d14af38edca261d1232c9841742'}, 'dob': {'date': '1971-07-19T05:47:41.249Z', 'age': 52}, 'registered': {'date': '2017-02-10T06:32:18.961Z', 'age': 7}, 'phone': '52102062', 'cell': '97135610', 'id': {'name': 'FN', 'value': '19077137613'}, 'picture': {'large': 'https://randomuser.me/api/portraits/women/15.jpg', 'medium': 'https://randomuser.me/api/portraits/med/women/15.jpg', 'thumbnail': 'https://randomuser.me/api/portraits/thumb/women/15.jpg'}, 'nat': 'NO'}], 'info': {'seed': '5c9e404c3b03bea4', 'results': 1, 'page': 1, 'version': '1.4'}}</msg>
<arg>${json_data}</arg>
<doc>Logs the given message with the given level.</doc>
<status status="PASS" start="2024-05-22T16:19:42.280097" elapsed="0.000241"/>
</kw>
<kw name="Should Be Equal As Numbers" owner="BuiltIn">
<arg>${json_data['results'][0]['location']['postcode']}</arg>
<arg>${json_data['results'][0]['location']['postcode']}</arg>
<doc>Fails if objects are unequal after converting them to real numbers.</doc>
<status status="PASS" start="2024-05-22T16:19:42.280640" elapsed="0.000640"/>
</kw>
<kw name="Log" owner="BuiltIn">
<msg time="2024-05-22T16:19:42.281817" level="INFO">9169</msg>
<arg>${json_data['results'][0]['location']['postcode']}</arg>
<doc>Logs the given message with the given level.</doc>
<status status="PASS" start="2024-05-22T16:19:42.281474" elapsed="0.000383"/>
</kw>
<status status="PASS" start="2024-05-22T16:19:42.160531" elapsed="0.121579"/>
</kw>
<doc>Testa se os tipos de dados na resposta da API estão corretos.</doc>
<tag>testeTiposDados</tag>
<status status="PASS" start="2024-05-22T16:19:42.063315" elapsed="0.218983"/>
</test>
<test id="s1-s1-t5" name="Validar conteudo" line="35">
<kw name="Teste de Tipos de Conteudo" owner="random-user-service">
<kw name="GET On Session" owner="RequestsLibrary">
<msg time="2024-05-22T16:19:42.383729" level="INFO">GET Request : url=https://randomuser.me/api 
 path_url=/api 
 headers={'User-Agent': 'python-requests/2.32.2', 'Accept-Encoding': 'gzip, deflate', 'Accept': '*/*', 'Connection': 'keep-alive'} 
 body=None 
 </msg>
<msg time="2024-05-22T16:19:42.383804" level="INFO">GET Response : url=https://randomuser.me/api 
 status=200, reason=OK 
 headers={'Date': 'Wed, 22 May 2024 16:19:42 GMT', 'Content-Type': 'application/json; charset=utf-8', 'Transfer-Encoding': 'chunked', 'Connection': 'keep-alive', 'X-Powered-By': 'Express', 'Access-Control-Allow-Origin': '*', 'Cache-Control': 'no-cache', 'ETag': 'W/"4a2-zlugMJPPbZf/jMXSn1JmiHyb3OQ"', 'Vary': 'Accept-Encoding', 'Content-Encoding': 'gzip', 'CF-Cache-Status': 'DYNAMIC', 'Report-To': '{"endpoints":[{"url":"https:\\/\\/a.nel.cloudflare.com\\/report\\/v4?s=X0I5H4BNXL7CjD9VbkWHiXpvDLSi5UslHGaeDuIb8YgSiR7Nn4INojvNjtaQEQICWpVDx6ZN%2FmlvOK4uaHY61gJPAYyy1vcOv2jFOD5XAk81aadvR799i4HRFD5wzabT"}],"group":"cf-nel","max_age":604800}', 'NEL': '{"success_fraction":0,"report_to":"cf-nel","max_age":604800}', 'Server': 'cloudflare', 'CF-RAY': '887e211d4cd1f9ed-SJC', 'alt-svc': 'h3=":443"; ma=86400'} 
 body={"results":[{"gender":"female","name":{"title":"Ms","first":"Julie","last":"Castro"},"location":{"street":{"number":358,"name":"Lakeshore Rd"},"city":"Pompano Beach","state":"Tennessee","country":"United States","postcode":19059,"coordinates":{"latitude":"85.7258","longitude":"160.2354"},"timezone":{"offset":"-5:00","description":"Eastern Time (US &amp; Canada), Bogota, Lima"}},"email":"julie.castro@example.com","login":{"uuid":"72b406bd-1bc2-4168-8f6b-2a744dcf8deb","username":"saddog718","password":"gobears","salt":"TYiezII8","md5":"6ce666b236310380fbf3db359f0f2f9a","sha1":"62983aa917f8390c870c5bf7a37a018e115c0bae","sha256":"de190a9c744ed55f79c770db27e953a4a7990475a7b282e722d82debbdb06eca"},"dob":{"date":"1972-12-01T17:29:47.620Z","age":51},"registered":{"date":"2008-01-30T18:50:12.124Z","age":16},"phone":"(889) 689-7405","cell":"(610) 650-1173","id":{"name":"SSN","value":"861-28-9328"},"picture":{"large":"https://randomuser.me/api/portraits/women/29.jpg","medium":"https://randomuser.me/api/portraits/med/women/29.jpg","thumbnail":"https://randomuser.me/api/portraits/thumb/women/29.jpg"},"nat":"US"}],"info":{"seed":"0ea4cb6a94b32e23","results":1,"page":1,"version":"1.4"}} 
 </msg>
<msg time="2024-05-22T16:19:42.383873" level="INFO">/opt/hostedtoolcache/Python/3.12.3/x64/lib/python3.12/site-packages/urllib3/connectionpool.py:1103: InsecureRequestWarning: Unverified HTTPS request is being made to host 'randomuser.me'. Adding certificate verification is strongly advised. See: https://urllib3.readthedocs.io/en/latest/advanced-usage.html#tls-warnings
  warnings.warn(</msg>
<msg time="2024-05-22T16:19:42.383966" level="INFO">${response} = &lt;Response [200]&gt;</msg>
<var>${response}</var>
<arg>consultarAPI</arg>
<arg>/api</arg>
<doc>Sends a GET request on a previously created HTTP Session.</doc>
<status status="PASS" start="2024-05-22T16:19:42.284761" elapsed="0.099236"/>
</kw>
<kw name="Set Variable" owner="BuiltIn">
<msg time="2024-05-22T16:19:42.384798" level="INFO">${json_data} = {'results': [{'gender': 'female', 'name': {'title': 'Ms', 'first': 'Julie', 'last': 'Castro'}, 'location': {'street': {'number': 358, 'name': 'Lakeshore Rd'}, 'city': 'Pompano Beach', 'state': 'Tennes...</msg>
<var>${json_data}</var>
<arg>${response.json()}</arg>
<doc>Returns the given values which can then be assigned to a variables.</doc>
<status status="PASS" start="2024-05-22T16:19:42.384363" elapsed="0.000463"/>
</kw>
<kw name="Set Variable" owner="BuiltIn">
<msg time="2024-05-22T16:19:42.385506" level="INFO">${name_title} = Ms</msg>
<var>${name_title}</var>
<arg>${json_data["results"][0]["name"]["title"]}</arg>
<doc>Returns the given values which can then be assigned to a variables.</doc>
<status status="PASS" start="2024-05-22T16:19:42.385128" elapsed="0.000404"/>
</kw>
<kw name="Create List" owner="BuiltIn">
<msg time="2024-05-22T16:19:42.385980" level="INFO">${allowed_titles} = ['Mr', 'Ms', 'Miss', 'Mrs', 'Madame', 'Monsieur']</msg>
<var>${allowed_titles}</var>
<arg>Mr</arg>
<arg>Ms</arg>
<arg>Miss</arg>
<arg>Mrs</arg>
<arg>Madame</arg>
<arg>Monsieur</arg>
<doc>Returns a list containing given items.</doc>
<status status="PASS" start="2024-05-22T16:19:42.385830" elapsed="0.000175"/>
</kw>
<kw name="List Should Contain Value" owner="Collections">
<msg time="2024-05-22T16:19:42.386516" level="INFO">False</msg>
<arg>${allowed_titles}</arg>
<arg>${name_title}</arg>
<doc>Fails if the ``value`` is not found from ``list``.</doc>
<status status="PASS" start="2024-05-22T16:19:42.386338" elapsed="0.000215"/>
</kw>
<kw name="Set Variable" owner="BuiltIn">
<msg time="2024-05-22T16:19:42.387357" level="INFO">${name_country} = US</msg>
<var>${name_country}</var>
<arg>${json_data["results"][0]["nat"]}</arg>
<doc>Returns the given values which can then be assigned to a variables.</doc>
<status status="PASS" start="2024-05-22T16:19:42.386847" elapsed="0.000536"/>
</kw>
<kw name="Create List" owner="BuiltIn">
<msg time="2024-05-22T16:19:42.388306" level="INFO">${list_country} = ['AD', 'AE', 'AF', 'AG', 'AI', 'AL', 'AM', 'AO', 'AQ', 'AR', 'AS', 'AT', 'AU', 'AW', 'AX', 'AZ', 'BA', 'BB', 'BD', 'BE', 'BF', 'BG', 'BH', 'BI', 'BJ', 'BL', 'BM', 'BN', 'BO', 'BQ', 'BR', 'BS', 'BT', '...</msg>
<var>${list_country}</var>
<arg>AD</arg>
<arg>AE</arg>
<arg>AF</arg>
<arg>AG</arg>
<arg>AI</arg>
<arg>AL</arg>
<arg>AM</arg>
<arg>AO</arg>
<arg>AQ</arg>
<arg>AR</arg>
<arg>AS</arg>
<arg>AT</arg>
<arg>AU</arg>
<arg>AW</arg>
<arg>AX</arg>
<arg>AZ</arg>
<arg>BA</arg>
<arg>BB</arg>
<arg>BD</arg>
<arg>BE</arg>
<arg>BF</arg>
<arg>BG</arg>
<arg>BH</arg>
<arg>BI</arg>
<arg>BJ</arg>
<arg>BL</arg>
<arg>BM</arg>
<arg>BN</arg>
<arg>BO</arg>
<arg>BQ</arg>
<arg>BR</arg>
<arg>BS</arg>
<arg>BT</arg>
<arg>BV</arg>
<arg>BW</arg>
<arg>BY</arg>
<arg>BZ</arg>
<arg>CA</arg>
<arg>CC</arg>
<arg>CD</arg>
<arg>CF</arg>
<arg>CG</arg>
<arg>CH</arg>
<arg>CI</arg>
<arg>CK</arg>
<arg>CL</arg>
<arg>CM</arg>
<arg>CN</arg>
<arg>CO</arg>
<arg>CR</arg>
<arg>CU</arg>
<arg>CV</arg>
<arg>CW</arg>
<arg>CX</arg>
<arg>CY</arg>
<arg>CZ</arg>
<arg>DE</arg>
<arg>DJ</arg>
<arg>DK</arg>
<arg>DM</arg>
<arg>DO</arg>
<arg>DZ</arg>
<arg>EC</arg>
<arg>EE</arg>
<arg>EG</arg>
<arg>EH</arg>
<arg>ER</arg>
<arg>ES</arg>
<arg>ET</arg>
<arg>FI</arg>
<arg>FJ</arg>
<arg>FK</arg>
<arg>FM</arg>
<arg>FO</arg>
<arg>FR</arg>
<arg>GA</arg>
<arg>GB</arg>
<arg>GD</arg>
<arg>GE</arg>
<arg>GF</arg>
<arg>GG</arg>
<arg>GH</arg>
<arg>GI</arg>
<arg>GL</arg>
<arg>GM</arg>
<arg>GN</arg>
<arg>GP</arg>
<arg>GQ</arg>
<arg>GR</arg>
<arg>GS</arg>
<arg>GT</arg>
<arg>GU</arg>
<arg>GW</arg>
<arg>GY</arg>
<arg>HK</arg>
<arg>HM</arg>
<arg>HN</arg>
<arg>HR</arg>
<arg>HT</arg>
<arg>HU</arg>
<arg>ID</arg>
<arg>IE</arg>
<arg>IL</arg>
<arg>IM</arg>
<arg>IN</arg>
<arg>IO</arg>
<arg>IQ</arg>
<arg>IR</arg>
<arg>IS</arg>
<arg>IT</arg>
<arg>JE</arg>
<arg>JM</arg>
<arg>JO</arg>
<arg>JP</arg>
<arg>KE</arg>
<arg>KG</arg>
<arg>KH</arg>
<arg>KI</arg>
<arg>KM</arg>
<arg>KN</arg>
<arg>KP</arg>
<arg>KR</arg>
<arg>KW</arg>
<arg>KY</arg>
<arg>KZ</arg>
<arg>LA</arg>
<arg>LB</arg>
<arg>LC</arg>
<arg>LI</arg>
<arg>LK</arg>
<arg>LR</arg>
<arg>LS</arg>
<arg>LT</arg>
<arg>LU</arg>
<arg>LV</arg>
<arg>LY</arg>
<arg>MA</arg>
<arg>MC</arg>
<arg>MD</arg>
<arg>ME</arg>
<arg>MF</arg>
<arg>MG</arg>
<arg>MH</arg>
<arg>MK</arg>
<arg>ML</arg>
<arg>MM</arg>
<arg>MN</arg>
<arg>MO</arg>
<arg>MP</arg>
<arg>MQ</arg>
<arg>MR</arg>
<arg>MS</arg>
<arg>MT</arg>
<arg>MU</arg>
<arg>MV</arg>
<arg>MW</arg>
<arg>MX</arg>
<arg>MY</arg>
<arg>MZ</arg>
<arg>NA</arg>
<arg>NC</arg>
<arg>NE</arg>
<arg>NF</arg>
<arg>NG</arg>
<arg>NI</arg>
<arg>NL</arg>
<arg>NO</arg>
<arg>NP</arg>
<arg>NR</arg>
<arg>NU</arg>
<arg>NZ</arg>
<arg>OM</arg>
<arg>PA</arg>
<arg>PE</arg>
<arg>PF</arg>
<arg>PG</arg>
<arg>PH</arg>
<arg>PK</arg>
<arg>PL</arg>
<arg>PM</arg>
<arg>PN</arg>
<arg>PR</arg>
<arg>PS</arg>
<arg>PT</arg>
<arg>PW</arg>
<arg>PY</arg>
<arg>QA</arg>
<arg>RE</arg>
<arg>RO</arg>
<arg>RS</arg>
<arg>RU</arg>
<arg>RW</arg>
<arg>SA</arg>
<arg>SB</arg>
<arg>SC</arg>
<arg>SD</arg>
<arg>SE</arg>
<arg>SG</arg>
<arg>SH</arg>
<arg>SI</arg>
<arg>SJ</arg>
<arg>SK</arg>
<arg>SL</arg>
<arg>SM</arg>
<arg>SN</arg>
<arg>SO</arg>
<arg>SR</arg>
<arg>SS</arg>
<arg>ST</arg>
<arg>SV</arg>
<arg>SX</arg>
<arg>SY</arg>
<arg>SZ</arg>
<arg>TC</arg>
<arg>TD</arg>
<arg>TF</arg>
<arg>TG</arg>
<arg>TH</arg>
<arg>TJ</arg>
<arg>TK</arg>
<arg>TL</arg>
<arg>TM</arg>
<arg>TN</arg>
<arg>TO</arg>
<arg>TR</arg>
<arg>TT</arg>
<arg>TV</arg>
<arg>TW</arg>
<arg>TZ</arg>
<arg>UA</arg>
<arg>UG</arg>
<arg>UM</arg>
<arg>US</arg>
<arg>UY</arg>
<arg>UZ</arg>
<arg>VA</arg>
<arg>VC</arg>
<arg>VE</arg>
<arg>VG</arg>
<arg>VI</arg>
<arg>VN</arg>
<arg>VU</arg>
<arg>WF</arg>
<arg>WS</arg>
<arg>XK</arg>
<arg>YE</arg>
<arg>YT</arg>
<arg>ZA</arg>
<arg>ZM</arg>
<arg>ZW</arg>
<doc>Returns a list containing given items.</doc>
<status status="PASS" start="2024-05-22T16:19:42.387698" elapsed="0.000633"/>
</kw>
<kw name="List Should Contain Value" owner="Collections">
<msg time="2024-05-22T16:19:42.389337" level="INFO">False</msg>
<arg>${list_country}</arg>
<arg>${name_country}</arg>
<doc>Fails if the ``value`` is not found from ``list``.</doc>
<status status="PASS" start="2024-05-22T16:19:42.389128" elapsed="0.000246"/>
</kw>
<kw name="Run Keyword If" owner="BuiltIn">
<kw name="Should Be True" owner="BuiltIn">
<arg>${True}</arg>
<doc>Fails if the given condition is not true.</doc>
<status status="PASS" start="2024-05-22T16:19:42.390476" elapsed="0.000144"/>
</kw>
<arg>${json_data["results"][0]["location"]["coordinates"]["latitude"]} &gt;= -90 and ${json_data["results"][0]["location"]["coordinates"]["latitude"]} &lt;= 90</arg>
<arg>Should Be True</arg>
<arg>${True}</arg>
<doc>Runs the given keyword with the given arguments, if ``condition`` is true.</doc>
<status status="PASS" start="2024-05-22T16:19:42.389687" elapsed="0.001060"/>
</kw>
<kw name="Run Keyword If" owner="BuiltIn">
<kw name="Should Be True" owner="BuiltIn">
<arg>${True}</arg>
<doc>Fails if the given condition is not true.</doc>
<status status="PASS" start="2024-05-22T16:19:42.391632" elapsed="0.000135"/>
</kw>
<arg>${json_data["results"][0]["location"]["coordinates"]["longitude"]} &gt;= -180 and ${json_data["results"][0]["location"]["coordinates"]["longitude"]} &lt;= 180</arg>
<arg>Should Be True</arg>
<arg>${True}</arg>
<doc>Runs the given keyword with the given arguments, if ``condition`` is true.</doc>
<status status="PASS" start="2024-05-22T16:19:42.390943" elapsed="0.000946"/>
</kw>
<status status="PASS" start="2024-05-22T16:19:42.284540" elapsed="0.107476"/>
</kw>
<doc>Testa o conteúdo específico dos campos retornados pela API.</doc>
<tag>testeConteudo</tag>
<status status="PASS" start="2024-05-22T16:19:42.284041" elapsed="0.108115"/>
</test>
<status status="PASS" start="2024-05-22T16:19:41.436554" elapsed="0.957529"/>
</suite>
<status status="PASS" start="2024-05-22T16:19:41.423143" elapsed="0.976174"/>
</suite>
<statistics>
<total>
<stat pass="5" fail="0" skip="0">All Tests</stat>
</total>
<tag>
<stat pass="1" fail="0" skip="0">testeConteudo</stat>
<stat pass="1" fail="0" skip="0">testeEstruturaResposta</stat>
<stat pass="1" fail="0" skip="0">testeRequisicaoBasica</stat>
<stat pass="1" fail="0" skip="0">testeTiposDados</stat>
</tag>
<suite>
<stat pass="5" fail="0" skip="0" id="s1" name="Tests">Tests</stat>
<stat pass="5" fail="0" skip="0" id="s1-s1" name="Random-User-Test">Tests.Random-User-Test</stat>
</suite>
</statistics>
<errors>
</errors>
</robot>
