<?xml version="1.0" encoding="UTF-8"?>
<robot generator="Robot 7.0 (Python 3.12.2 on linux)" generated="2024-03-26T20:14:23.294844" rpa="false" schemaversion="5">
<suite id="s1" name="Tests" source="/home/runner/work/DesafioQAItauRogerioJordao/DesafioQAItauRogerioJordao/RamdonUser/tests">
<suite id="s1-s1" name="Random-User-Test" source="/home/runner/work/DesafioQAItauRogerioJordao/DesafioQAItauRogerioJordao/RamdonUser/tests/random-user-test.robot">
<test id="s1-s1-t1" name="Conectar" line="13">
<kw name="Conectar API" owner="random-user-service">
<kw name="Create Session" owner="RequestsLibrary">
<msg time="2024-03-26T20:14:23.677553" level="INFO">Creating Session using : alias=consultarAPI, url=https://randomuser.me/, headers={},                     cookies={}, auth=None, timeout=None, proxies=None, verify=False,                     debug=0 </msg>
<arg>consultarAPI</arg>
<arg>${URL}</arg>
<doc>Create Session: create a HTTP session to a server</doc>
<status status="PASS" start="2024-03-26T20:14:23.677352" elapsed="0.000360"/>
</kw>
<status status="PASS" start="2024-03-26T20:14:23.676358" elapsed="0.001698"/>
</kw>
<status status="PASS" start="2024-03-26T20:14:23.675779" elapsed="0.002477"/>
</test>
<test id="s1-s1-t2" name="Validar retorno 200 e JSON Válido" line="16">
<kw name="Teste de Requisicao Basica" owner="random-user-service">
<kw name="GET On Session" owner="RequestsLibrary">
<msg time="2024-03-26T20:14:24.460624" level="INFO">GET Request : url=https://randomuser.me/api 
 path_url=/api 
 headers={'User-Agent': 'python-requests/2.31.0', 'Accept-Encoding': 'gzip, deflate', 'Accept': '*/*', 'Connection': 'keep-alive'} 
 body=None 
 </msg>
<msg time="2024-03-26T20:14:24.460731" level="INFO">GET Response : url=https://randomuser.me/api 
 status=200, reason=OK 
 headers={'Date': 'Tue, 26 Mar 2024 20:14:24 GMT', 'Content-Type': 'application/json; charset=utf-8', 'Transfer-Encoding': 'chunked', 'Connection': 'keep-alive', 'X-Powered-By': 'Express', 'Access-Control-Allow-Origin': '*', 'Cache-Control': 'no-cache', 'ETag': 'W/"487-xjztTGTdI18P18JaNtFaeHD9cFo"', 'Vary': 'Accept-Encoding', 'Content-Encoding': 'gzip', 'CF-Cache-Status': 'DYNAMIC', 'Report-To': '{"endpoints":[{"url":"https:\\/\\/a.nel.cloudflare.com\\/report\\/v4?s=IZNg%2Fv5rOg5480k5a41IDLRRLwn1qhqWetm%2F3BF7yPWlJzJU1KrSPQesUrf792yzfRd3lJTJKbGNG6jqJ3Mn%2FLGnISy6v5zafR9NFBZTTO8mLRk2D4BemFJfLJus2cvl"}],"group":"cf-nel","max_age":604800}', 'NEL': '{"success_fraction":0,"report_to":"cf-nel","max_age":604800}', 'Server': 'cloudflare', 'CF-RAY': '86a9ce868c2282d2-IAD', 'alt-svc': 'h3=":443"; ma=86400'} 
 body={"results":[{"gender":"female","name":{"title":"Miss","first":"Sharon","last":"Freeman"},"location":{"street":{"number":3897,"name":"Station Road"},"city":"Swansea","state":"Devon","country":"United Kingdom","postcode":"YV2 6YB","coordinates":{"latitude":"-7.7998","longitude":"91.4420"},"timezone":{"offset":"-10:00","description":"Hawaii"}},"email":"sharon.freeman@example.com","login":{"uuid":"d4516cd4-a690-4fbb-b49d-34a68a854fb2","username":"ticklishelephant348","password":"mama","salt":"zKb7RTDq","md5":"e132e86bcb12ac011fc05b9cddd0715a","sha1":"d3a757b2b7bdaaec4900bd6181fe7b97f53600b2","sha256":"f9943da2d61fe19ca204139a80f4964cda4871aa97dac797269a64709f6ff4c0"},"dob":{"date":"1982-03-17T01:50:58.144Z","age":42},"registered":{"date":"2009-11-24T10:19:22.844Z","age":14},"phone":"01653 29711","cell":"07328 141607","id":{"name":"NINO","value":"KM 23 48 60 S"},"picture":{"large":"https://randomuser.me/api/portraits/women/54.jpg","medium":"https://randomuser.me/api/portraits/med/women/54.jpg","thumbnail":"https://randomuser.me/api/portraits/thumb/women/54.jpg"},"nat":"GB"}],"info":{"seed":"8b50f20b72d39336","results":1,"page":1,"version":"1.4"}} 
 </msg>
<msg time="2024-03-26T20:14:24.460819" level="INFO">/opt/hostedtoolcache/Python/3.12.2/x64/lib/python3.12/site-packages/urllib3/connectionpool.py:1103: InsecureRequestWarning: Unverified HTTPS request is being made to host 'randomuser.me'. Adding certificate verification is strongly advised. See: https://urllib3.readthedocs.io/en/latest/advanced-usage.html#tls-warnings
  warnings.warn(</msg>
<msg time="2024-03-26T20:14:24.460922" level="INFO">${response} = &lt;Response [200]&gt;</msg>
<var>${response}</var>
<arg>consultarAPI</arg>
<arg>/api</arg>
<doc>Sends a GET request on a previously created HTTP Session.</doc>
<status status="PASS" start="2024-03-26T20:14:23.680878" elapsed="0.780084"/>
</kw>
<kw name="Should Be Equal As Numbers" owner="BuiltIn">
<msg time="2024-03-26T20:14:24.461792" level="INFO">Argument types are:
&lt;class 'int'&gt;
&lt;class 'str'&gt;</msg>
<arg>${response.status_code}</arg>
<arg>200</arg>
<doc>Fails if objects are unequal after converting them to real numbers.</doc>
<status status="PASS" start="2024-03-26T20:14:24.461392" elapsed="0.000462"/>
</kw>
<kw name="Log" owner="BuiltIn">
<msg time="2024-03-26T20:14:24.462516" level="INFO">200</msg>
<arg>${response.status_code}</arg>
<doc>Logs the given message with the given level.</doc>
<status status="PASS" start="2024-03-26T20:14:24.462166" elapsed="0.000393"/>
</kw>
<kw name="Set Variable" owner="BuiltIn">
<msg time="2024-03-26T20:14:24.463312" level="INFO">${json_data} = {'results': [{'gender': 'female', 'name': {'title': 'Miss', 'first': 'Sharon', 'last': 'Freeman'}, 'location': {'street': {'number': 3897, 'name': 'Station Road'}, 'city': 'Swansea', 'state': 'Devon',...</msg>
<var>${json_data}</var>
<arg>${response.json()}</arg>
<doc>Returns the given values which can then be assigned to a variables.</doc>
<status status="PASS" start="2024-03-26T20:14:24.462881" elapsed="0.000459"/>
</kw>
<kw name="Dictionary Should Contain Key" owner="Collections">
<msg time="2024-03-26T20:14:24.463797" level="INFO">False</msg>
<arg>${json_data}</arg>
<arg>results</arg>
<doc>Fails if ``key`` is not found from ``dictionary``.</doc>
<status status="PASS" start="2024-03-26T20:14:24.463634" elapsed="0.000201"/>
</kw>
<status status="PASS" start="2024-03-26T20:14:23.680631" elapsed="0.783453"/>
</kw>
<doc>Testa se a API responde corretamente e retorna um objeto JSON válido.</doc>
<tag>testeRequisicaoBasica</tag>
<status status="PASS" start="2024-03-26T20:14:23.680079" elapsed="0.784171"/>
</test>
<test id="s1-s1-t3" name="Validar estrutura de resposta" line="22">
<kw name="Teste de Estrutura de Resposta" owner="random-user-service">
<kw name="GET On Session" owner="RequestsLibrary">
<msg time="2024-03-26T20:14:24.577026" level="INFO">GET Request : url=https://randomuser.me/api 
 path_url=/api 
 headers={'User-Agent': 'python-requests/2.31.0', 'Accept-Encoding': 'gzip, deflate', 'Accept': '*/*', 'Connection': 'keep-alive'} 
 body=None 
 </msg>
<msg time="2024-03-26T20:14:24.577111" level="INFO">GET Response : url=https://randomuser.me/api 
 status=200, reason=OK 
 headers={'Date': 'Tue, 26 Mar 2024 20:14:24 GMT', 'Content-Type': 'application/json; charset=utf-8', 'Transfer-Encoding': 'chunked', 'Connection': 'keep-alive', 'X-Powered-By': 'Express', 'Access-Control-Allow-Origin': '*', 'Cache-Control': 'no-cache', 'ETag': 'W/"46f-ql3/CxbA4O9TGHtVMa3AwzS6BpE"', 'Vary': 'Accept-Encoding', 'Content-Encoding': 'gzip', 'CF-Cache-Status': 'DYNAMIC', 'Report-To': '{"endpoints":[{"url":"https:\\/\\/a.nel.cloudflare.com\\/report\\/v4?s=ARbovF%2F9Lgxlg%2FmIpSXhOgdFpJvl7XnunINd8camGLq6AMDr73G5EC83Zk14ZmoA0z3MIzHlsKSVyn7BUDeLJVfMuncC78YPjxkYjtR0gPYAMJ6xeBHS%2FFgd0keyS9v0"}],"group":"cf-nel","max_age":604800}', 'NEL': '{"success_fraction":0,"report_to":"cf-nel","max_age":604800}', 'Server': 'cloudflare', 'CF-RAY': '86a9ce8af9dd82d2-IAD', 'alt-svc': 'h3=":443"; ma=86400'} 
 body={"results":[{"gender":"male","name":{"title":"Mr","first":"Mir","last":"Pushkaruk"},"location":{"street":{"number":966,"name":"Shishkinskiy provulok"},"city":"Sievierodoneck","state":"Cherkaska","country":"Ukraine","postcode":95815,"coordinates":{"latitude":"73.8582","longitude":"-49.3535"},"timezone":{"offset":"+3:30","description":"Tehran"}},"email":"mir.pushkaruk@example.com","login":{"uuid":"9b91fcef-6c6e-49f0-abbf-4fa5416c8b97","username":"sadwolf368","password":"polo","salt":"zUA4L9d6","md5":"105ecf25888cc66c68ea1dc1d76b74f9","sha1":"4e6da355393dda983ce12ec8264ee217bc62d184","sha256":"9c0abc932a26c5fb0678fad78100af6349d8806f0215d001da9093ac6f5220dc"},"dob":{"date":"2000-11-13T17:20:21.140Z","age":23},"registered":{"date":"2015-04-21T02:39:01.077Z","age":8},"phone":"(067) C37-5754","cell":"(068) B76-8315","id":{"name":"","value":null},"picture":{"large":"https://randomuser.me/api/portraits/men/37.jpg","medium":"https://randomuser.me/api/portraits/med/men/37.jpg","thumbnail":"https://randomuser.me/api/portraits/thumb/men/37.jpg"},"nat":"UA"}],"info":{"seed":"f89dcf600230836a","results":1,"page":1,"version":"1.4"}} 
 </msg>
<msg time="2024-03-26T20:14:24.577242" level="INFO">/opt/hostedtoolcache/Python/3.12.2/x64/lib/python3.12/site-packages/urllib3/connectionpool.py:1103: InsecureRequestWarning: Unverified HTTPS request is being made to host 'randomuser.me'. Adding certificate verification is strongly advised. See: https://urllib3.readthedocs.io/en/latest/advanced-usage.html#tls-warnings
  warnings.warn(</msg>
<msg time="2024-03-26T20:14:24.577396" level="INFO">${response} = &lt;Response [200]&gt;</msg>
<var>${response}</var>
<arg>consultarAPI</arg>
<arg>/api</arg>
<doc>Sends a GET request on a previously created HTTP Session.</doc>
<status status="PASS" start="2024-03-26T20:14:24.466931" elapsed="0.110519"/>
</kw>
<kw name="Set Variable" owner="BuiltIn">
<msg time="2024-03-26T20:14:24.578407" level="INFO">${json_data} = {'results': [{'gender': 'male', 'name': {'title': 'Mr', 'first': 'Mir', 'last': 'Pushkaruk'}, 'location': {'street': {'number': 966, 'name': 'Shishkinskiy provulok'}, 'city': 'Sievierodoneck', 'state'...</msg>
<var>${json_data}</var>
<arg>${response.json()}</arg>
<doc>Returns the given values which can then be assigned to a variables.</doc>
<status status="PASS" start="2024-03-26T20:14:24.577956" elapsed="0.000479"/>
</kw>
<kw name="Log" owner="BuiltIn">
<msg time="2024-03-26T20:14:24.578897" level="INFO">{'results': [{'gender': 'male', 'name': {'title': 'Mr', 'first': 'Mir', 'last': 'Pushkaruk'}, 'location': {'street': {'number': 966, 'name': 'Shishkinskiy provulok'}, 'city': 'Sievierodoneck', 'state': 'Cherkaska', 'country': 'Ukraine', 'postcode': 95815, 'coordinates': {'latitude': '73.8582', 'longitude': '-49.3535'}, 'timezone': {'offset': '+3:30', 'description': 'Tehran'}}, 'email': 'mir.pushkaruk@example.com', 'login': {'uuid': '9b91fcef-6c6e-49f0-abbf-4fa5416c8b97', 'username': 'sadwolf368', 'password': 'polo', 'salt': 'zUA4L9d6', 'md5': '105ecf25888cc66c68ea1dc1d76b74f9', 'sha1': '4e6da355393dda983ce12ec8264ee217bc62d184', 'sha256': '9c0abc932a26c5fb0678fad78100af6349d8806f0215d001da9093ac6f5220dc'}, 'dob': {'date': '2000-11-13T17:20:21.140Z', 'age': 23}, 'registered': {'date': '2015-04-21T02:39:01.077Z', 'age': 8}, 'phone': '(067) C37-5754', 'cell': '(068) B76-8315', 'id': {'name': '', 'value': None}, 'picture': {'large': 'https://randomuser.me/api/portraits/men/37.jpg', 'medium': 'https://randomuser.me/api/portraits/med/men/37.jpg', 'thumbnail': 'https://randomuser.me/api/portraits/thumb/men/37.jpg'}, 'nat': 'UA'}], 'info': {'seed': 'f89dcf600230836a', 'results': 1, 'page': 1, 'version': '1.4'}}</msg>
<arg>${json_data}</arg>
<doc>Logs the given message with the given level.</doc>
<status status="PASS" start="2024-03-26T20:14:24.578739" elapsed="0.000204"/>
</kw>
<kw name="Dictionary Should Contain Key" owner="Collections">
<msg time="2024-03-26T20:14:24.579387" level="INFO">False</msg>
<arg>${json_data}</arg>
<arg>results</arg>
<doc>Fails if ``key`` is not found from ``dictionary``.</doc>
<status status="PASS" start="2024-03-26T20:14:24.579231" elapsed="0.000192"/>
</kw>
<kw name="Should Not Be Empty" owner="BuiltIn">
<msg time="2024-03-26T20:14:24.579843" level="INFO">Length is 2.</msg>
<arg>${json_data}</arg>
<doc>Verifies that the given item is not empty.</doc>
<status status="PASS" start="2024-03-26T20:14:24.579711" elapsed="0.000170"/>
</kw>
<kw name="Create List" owner="BuiltIn">
<msg time="2024-03-26T20:14:24.580316" level="INFO">${expected_keys} = ['gender', 'name', 'location', 'email', 'login']</msg>
<var>${expected_keys}</var>
<arg>gender</arg>
<arg>name</arg>
<arg>location</arg>
<arg>email</arg>
<arg>login</arg>
<doc>Returns a list containing given items.</doc>
<status status="PASS" start="2024-03-26T20:14:24.580168" elapsed="0.000172"/>
</kw>
<for flavor="IN">
<iter>
<kw name="Dictionary Should Contain Key" owner="Collections">
<msg time="2024-03-26T20:14:24.581406" level="INFO">False</msg>
<arg>${json_data['results'][0]}</arg>
<arg>${key}</arg>
<doc>Fails if ``key`` is not found from ``dictionary``.</doc>
<status status="PASS" start="2024-03-26T20:14:24.580886" elapsed="0.000560"/>
</kw>
<kw name="Log" owner="BuiltIn">
<msg time="2024-03-26T20:14:24.582132" level="INFO">{'gender': 'male', 'name': {'title': 'Mr', 'first': 'Mir', 'last': 'Pushkaruk'}, 'location': {'street': {'number': 966, 'name': 'Shishkinskiy provulok'}, 'city': 'Sievierodoneck', 'state': 'Cherkaska', 'country': 'Ukraine', 'postcode': 95815, 'coordinates': {'latitude': '73.8582', 'longitude': '-49.3535'}, 'timezone': {'offset': '+3:30', 'description': 'Tehran'}}, 'email': 'mir.pushkaruk@example.com', 'login': {'uuid': '9b91fcef-6c6e-49f0-abbf-4fa5416c8b97', 'username': 'sadwolf368', 'password': 'polo', 'salt': 'zUA4L9d6', 'md5': '105ecf25888cc66c68ea1dc1d76b74f9', 'sha1': '4e6da355393dda983ce12ec8264ee217bc62d184', 'sha256': '9c0abc932a26c5fb0678fad78100af6349d8806f0215d001da9093ac6f5220dc'}, 'dob': {'date': '2000-11-13T17:20:21.140Z', 'age': 23}, 'registered': {'date': '2015-04-21T02:39:01.077Z', 'age': 8}, 'phone': '(067) C37-5754', 'cell': '(068) B76-8315', 'id': {'name': '', 'value': None}, 'picture': {'large': 'https://randomuser.me/api/portraits/men/37.jpg', 'medium': 'https://randomuser.me/api/portraits/med/men/37.jpg', 'thumbnail': 'https://randomuser.me/api/portraits/thumb/men/37.jpg'}, 'nat': 'UA'}</msg>
<arg>${json_data['results'][0]}</arg>
<doc>Logs the given message with the given level.</doc>
<status status="PASS" start="2024-03-26T20:14:24.581750" elapsed="0.000437"/>
</kw>
<kw name="Log" owner="BuiltIn">
<msg time="2024-03-26T20:14:24.582618" level="INFO">gender</msg>
<arg>${key}</arg>
<doc>Logs the given message with the given level.</doc>
<status status="PASS" start="2024-03-26T20:14:24.582489" elapsed="0.000167"/>
</kw>
<var name="${key}">gender</var>
<status status="PASS" start="2024-03-26T20:14:24.580763" elapsed="0.002111"/>
</iter>
<iter>
<kw name="Dictionary Should Contain Key" owner="Collections">
<msg time="2024-03-26T20:14:24.583554" level="INFO">False</msg>
<arg>${json_data['results'][0]}</arg>
<arg>${key}</arg>
<doc>Fails if ``key`` is not found from ``dictionary``.</doc>
<status status="PASS" start="2024-03-26T20:14:24.583172" elapsed="0.000419"/>
</kw>
<kw name="Log" owner="BuiltIn">
<msg time="2024-03-26T20:14:24.584276" level="INFO">{'gender': 'male', 'name': {'title': 'Mr', 'first': 'Mir', 'last': 'Pushkaruk'}, 'location': {'street': {'number': 966, 'name': 'Shishkinskiy provulok'}, 'city': 'Sievierodoneck', 'state': 'Cherkaska', 'country': 'Ukraine', 'postcode': 95815, 'coordinates': {'latitude': '73.8582', 'longitude': '-49.3535'}, 'timezone': {'offset': '+3:30', 'description': 'Tehran'}}, 'email': 'mir.pushkaruk@example.com', 'login': {'uuid': '9b91fcef-6c6e-49f0-abbf-4fa5416c8b97', 'username': 'sadwolf368', 'password': 'polo', 'salt': 'zUA4L9d6', 'md5': '105ecf25888cc66c68ea1dc1d76b74f9', 'sha1': '4e6da355393dda983ce12ec8264ee217bc62d184', 'sha256': '9c0abc932a26c5fb0678fad78100af6349d8806f0215d001da9093ac6f5220dc'}, 'dob': {'date': '2000-11-13T17:20:21.140Z', 'age': 23}, 'registered': {'date': '2015-04-21T02:39:01.077Z', 'age': 8}, 'phone': '(067) C37-5754', 'cell': '(068) B76-8315', 'id': {'name': '', 'value': None}, 'picture': {'large': 'https://randomuser.me/api/portraits/men/37.jpg', 'medium': 'https://randomuser.me/api/portraits/med/men/37.jpg', 'thumbnail': 'https://randomuser.me/api/portraits/thumb/men/37.jpg'}, 'nat': 'UA'}</msg>
<arg>${json_data['results'][0]}</arg>
<doc>Logs the given message with the given level.</doc>
<status status="PASS" start="2024-03-26T20:14:24.583917" elapsed="0.000406"/>
</kw>
<kw name="Log" owner="BuiltIn">
<msg time="2024-03-26T20:14:24.584745" level="INFO">name</msg>
<arg>${key}</arg>
<doc>Logs the given message with the given level.</doc>
<status status="PASS" start="2024-03-26T20:14:24.584617" elapsed="0.000165"/>
</kw>
<var name="${key}">name</var>
<status status="PASS" start="2024-03-26T20:14:24.583060" elapsed="0.001935"/>
</iter>
<iter>
<kw name="Dictionary Should Contain Key" owner="Collections">
<msg time="2024-03-26T20:14:24.585687" level="INFO">False</msg>
<arg>${json_data['results'][0]}</arg>
<arg>${key}</arg>
<doc>Fails if ``key`` is not found from ``dictionary``.</doc>
<status status="PASS" start="2024-03-26T20:14:24.585304" elapsed="0.000420"/>
</kw>
<kw name="Log" owner="BuiltIn">
<msg time="2024-03-26T20:14:24.586375" level="INFO">{'gender': 'male', 'name': {'title': 'Mr', 'first': 'Mir', 'last': 'Pushkaruk'}, 'location': {'street': {'number': 966, 'name': 'Shishkinskiy provulok'}, 'city': 'Sievierodoneck', 'state': 'Cherkaska', 'country': 'Ukraine', 'postcode': 95815, 'coordinates': {'latitude': '73.8582', 'longitude': '-49.3535'}, 'timezone': {'offset': '+3:30', 'description': 'Tehran'}}, 'email': 'mir.pushkaruk@example.com', 'login': {'uuid': '9b91fcef-6c6e-49f0-abbf-4fa5416c8b97', 'username': 'sadwolf368', 'password': 'polo', 'salt': 'zUA4L9d6', 'md5': '105ecf25888cc66c68ea1dc1d76b74f9', 'sha1': '4e6da355393dda983ce12ec8264ee217bc62d184', 'sha256': '9c0abc932a26c5fb0678fad78100af6349d8806f0215d001da9093ac6f5220dc'}, 'dob': {'date': '2000-11-13T17:20:21.140Z', 'age': 23}, 'registered': {'date': '2015-04-21T02:39:01.077Z', 'age': 8}, 'phone': '(067) C37-5754', 'cell': '(068) B76-8315', 'id': {'name': '', 'value': None}, 'picture': {'large': 'https://randomuser.me/api/portraits/men/37.jpg', 'medium': 'https://randomuser.me/api/portraits/med/men/37.jpg', 'thumbnail': 'https://randomuser.me/api/portraits/thumb/men/37.jpg'}, 'nat': 'UA'}</msg>
<arg>${json_data['results'][0]}</arg>
<doc>Logs the given message with the given level.</doc>
<status status="PASS" start="2024-03-26T20:14:24.586019" elapsed="0.000408"/>
</kw>
<kw name="Log" owner="BuiltIn">
<msg time="2024-03-26T20:14:24.586841" level="INFO">location</msg>
<arg>${key}</arg>
<doc>Logs the given message with the given level.</doc>
<status status="PASS" start="2024-03-26T20:14:24.586714" elapsed="0.000166"/>
</kw>
<var name="${key}">location</var>
<status status="PASS" start="2024-03-26T20:14:24.585172" elapsed="0.001922"/>
</iter>
<iter>
<kw name="Dictionary Should Contain Key" owner="Collections">
<msg time="2024-03-26T20:14:24.587755" level="INFO">False</msg>
<arg>${json_data['results'][0]}</arg>
<arg>${key}</arg>
<doc>Fails if ``key`` is not found from ``dictionary``.</doc>
<status status="PASS" start="2024-03-26T20:14:24.587376" elapsed="0.000416"/>
</kw>
<kw name="Log" owner="BuiltIn">
<msg time="2024-03-26T20:14:24.588442" level="INFO">{'gender': 'male', 'name': {'title': 'Mr', 'first': 'Mir', 'last': 'Pushkaruk'}, 'location': {'street': {'number': 966, 'name': 'Shishkinskiy provulok'}, 'city': 'Sievierodoneck', 'state': 'Cherkaska', 'country': 'Ukraine', 'postcode': 95815, 'coordinates': {'latitude': '73.8582', 'longitude': '-49.3535'}, 'timezone': {'offset': '+3:30', 'description': 'Tehran'}}, 'email': 'mir.pushkaruk@example.com', 'login': {'uuid': '9b91fcef-6c6e-49f0-abbf-4fa5416c8b97', 'username': 'sadwolf368', 'password': 'polo', 'salt': 'zUA4L9d6', 'md5': '105ecf25888cc66c68ea1dc1d76b74f9', 'sha1': '4e6da355393dda983ce12ec8264ee217bc62d184', 'sha256': '9c0abc932a26c5fb0678fad78100af6349d8806f0215d001da9093ac6f5220dc'}, 'dob': {'date': '2000-11-13T17:20:21.140Z', 'age': 23}, 'registered': {'date': '2015-04-21T02:39:01.077Z', 'age': 8}, 'phone': '(067) C37-5754', 'cell': '(068) B76-8315', 'id': {'name': '', 'value': None}, 'picture': {'large': 'https://randomuser.me/api/portraits/men/37.jpg', 'medium': 'https://randomuser.me/api/portraits/med/men/37.jpg', 'thumbnail': 'https://randomuser.me/api/portraits/thumb/men/37.jpg'}, 'nat': 'UA'}</msg>
<arg>${json_data['results'][0]}</arg>
<doc>Logs the given message with the given level.</doc>
<status status="PASS" start="2024-03-26T20:14:24.588085" elapsed="0.000404"/>
</kw>
<kw name="Log" owner="BuiltIn">
<msg time="2024-03-26T20:14:24.588909" level="INFO">email</msg>
<arg>${key}</arg>
<doc>Logs the given message with the given level.</doc>
<status status="PASS" start="2024-03-26T20:14:24.588782" elapsed="0.000165"/>
</kw>
<var name="${key}">email</var>
<status status="PASS" start="2024-03-26T20:14:24.587266" elapsed="0.001893"/>
</iter>
<iter>
<kw name="Dictionary Should Contain Key" owner="Collections">
<msg time="2024-03-26T20:14:24.589883" level="INFO">False</msg>
<arg>${json_data['results'][0]}</arg>
<arg>${key}</arg>
<doc>Fails if ``key`` is not found from ``dictionary``.</doc>
<status status="PASS" start="2024-03-26T20:14:24.589493" elapsed="0.000427"/>
</kw>
<kw name="Log" owner="BuiltIn">
<msg time="2024-03-26T20:14:24.590568" level="INFO">{'gender': 'male', 'name': {'title': 'Mr', 'first': 'Mir', 'last': 'Pushkaruk'}, 'location': {'street': {'number': 966, 'name': 'Shishkinskiy provulok'}, 'city': 'Sievierodoneck', 'state': 'Cherkaska', 'country': 'Ukraine', 'postcode': 95815, 'coordinates': {'latitude': '73.8582', 'longitude': '-49.3535'}, 'timezone': {'offset': '+3:30', 'description': 'Tehran'}}, 'email': 'mir.pushkaruk@example.com', 'login': {'uuid': '9b91fcef-6c6e-49f0-abbf-4fa5416c8b97', 'username': 'sadwolf368', 'password': 'polo', 'salt': 'zUA4L9d6', 'md5': '105ecf25888cc66c68ea1dc1d76b74f9', 'sha1': '4e6da355393dda983ce12ec8264ee217bc62d184', 'sha256': '9c0abc932a26c5fb0678fad78100af6349d8806f0215d001da9093ac6f5220dc'}, 'dob': {'date': '2000-11-13T17:20:21.140Z', 'age': 23}, 'registered': {'date': '2015-04-21T02:39:01.077Z', 'age': 8}, 'phone': '(067) C37-5754', 'cell': '(068) B76-8315', 'id': {'name': '', 'value': None}, 'picture': {'large': 'https://randomuser.me/api/portraits/men/37.jpg', 'medium': 'https://randomuser.me/api/portraits/med/men/37.jpg', 'thumbnail': 'https://randomuser.me/api/portraits/thumb/men/37.jpg'}, 'nat': 'UA'}</msg>
<arg>${json_data['results'][0]}</arg>
<doc>Logs the given message with the given level.</doc>
<status status="PASS" start="2024-03-26T20:14:24.590208" elapsed="0.000406"/>
</kw>
<kw name="Log" owner="BuiltIn">
<msg time="2024-03-26T20:14:24.591029" level="INFO">login</msg>
<arg>${key}</arg>
<doc>Logs the given message with the given level.</doc>
<status status="PASS" start="2024-03-26T20:14:24.590903" elapsed="0.000263"/>
</kw>
<var name="${key}">login</var>
<status status="PASS" start="2024-03-26T20:14:24.589374" elapsed="0.002014"/>
</iter>
<var>${key}</var>
<value>@{expected_keys}</value>
<status status="PASS" start="2024-03-26T20:14:24.580588" elapsed="0.010922"/>
</for>
<kw name="Create List" owner="BuiltIn">
<msg time="2024-03-26T20:14:24.591872" level="INFO">${expected_keysTwo} = ['username', 'password']</msg>
<var>${expected_keysTwo}</var>
<arg>username</arg>
<arg>password</arg>
<doc>Returns a list containing given items.</doc>
<status status="PASS" start="2024-03-26T20:14:24.591732" elapsed="0.000164"/>
</kw>
<for flavor="IN">
<iter>
<kw name="Dictionary Should Contain Key" owner="Collections">
<msg time="2024-03-26T20:14:24.592776" level="INFO">False</msg>
<arg>${json_data['results'][0]['login']}</arg>
<arg>${keyTwo}</arg>
<doc>Fails if ``key`` is not found from ``dictionary``.</doc>
<status status="PASS" start="2024-03-26T20:14:24.592391" elapsed="0.000422"/>
</kw>
<kw name="Dictionary Should Contain Key" owner="Collections">
<msg time="2024-03-26T20:14:24.593509" level="INFO">False</msg>
<arg>${json_data['results'][0]['login']}</arg>
<arg>${keyTwo}</arg>
<doc>Fails if ``key`` is not found from ``dictionary``.</doc>
<status status="PASS" start="2024-03-26T20:14:24.593104" elapsed="0.000443"/>
</kw>
<kw name="Log" owner="BuiltIn">
<msg time="2024-03-26T20:14:24.593967" level="INFO">username</msg>
<arg>${keyTwo}</arg>
<doc>Logs the given message with the given level.</doc>
<status status="PASS" start="2024-03-26T20:14:24.593839" elapsed="0.000165"/>
</kw>
<var name="${keyTwo}">username</var>
<status status="PASS" start="2024-03-26T20:14:24.592282" elapsed="0.001934"/>
</iter>
<iter>
<kw name="Dictionary Should Contain Key" owner="Collections">
<msg time="2024-03-26T20:14:24.594882" level="INFO">False</msg>
<arg>${json_data['results'][0]['login']}</arg>
<arg>${keyTwo}</arg>
<doc>Fails if ``key`` is not found from ``dictionary``.</doc>
<status status="PASS" start="2024-03-26T20:14:24.594498" elapsed="0.000421"/>
</kw>
<kw name="Dictionary Should Contain Key" owner="Collections">
<msg time="2024-03-26T20:14:24.595583" level="INFO">False</msg>
<arg>${json_data['results'][0]['login']}</arg>
<arg>${keyTwo}</arg>
<doc>Fails if ``key`` is not found from ``dictionary``.</doc>
<status status="PASS" start="2024-03-26T20:14:24.595210" elapsed="0.000410"/>
</kw>
<kw name="Log" owner="BuiltIn">
<msg time="2024-03-26T20:14:24.596034" level="INFO">password</msg>
<arg>${keyTwo}</arg>
<doc>Logs the given message with the given level.</doc>
<status status="PASS" start="2024-03-26T20:14:24.595907" elapsed="0.000164"/>
</kw>
<var name="${keyTwo}">password</var>
<status status="PASS" start="2024-03-26T20:14:24.594388" elapsed="0.001896"/>
</iter>
<var>${keyTwo}</var>
<value>@{expected_keysTwo}</value>
<status status="PASS" start="2024-03-26T20:14:24.592131" elapsed="0.004272"/>
</for>
<status status="PASS" start="2024-03-26T20:14:24.466702" elapsed="0.129836"/>
</kw>
<doc>Testa a estrutura da resposta da API.</doc>
<tag>testeEstruturaResposta</tag>
<status status="PASS" start="2024-03-26T20:14:24.466041" elapsed="0.130646"/>
</test>
<test id="s1-s1-t4" name="Validar tipos de dados" line="28">
<kw name="Teste de Tipos de Dados" owner="random-user-service">
<kw name="GET On Session" owner="RequestsLibrary">
<msg time="2024-03-26T20:14:24.629377" level="INFO">GET Request : url=https://randomuser.me/api 
 path_url=/api 
 headers={'User-Agent': 'python-requests/2.31.0', 'Accept-Encoding': 'gzip, deflate', 'Accept': '*/*', 'Connection': 'keep-alive'} 
 body=None 
 </msg>
<msg time="2024-03-26T20:14:24.629453" level="INFO">GET Response : url=https://randomuser.me/api 
 status=200, reason=OK 
 headers={'Date': 'Tue, 26 Mar 2024 20:14:24 GMT', 'Content-Type': 'application/json; charset=utf-8', 'Transfer-Encoding': 'chunked', 'Connection': 'keep-alive', 'X-Powered-By': 'Express', 'Access-Control-Allow-Origin': '*', 'Cache-Control': 'no-cache', 'ETag': 'W/"47c-gN4WfI7b2/YIGUc15ol9q/oRJcg"', 'Vary': 'Accept-Encoding', 'Content-Encoding': 'gzip', 'CF-Cache-Status': 'DYNAMIC', 'Report-To': '{"endpoints":[{"url":"https:\\/\\/a.nel.cloudflare.com\\/report\\/v4?s=rwBDYv%2Fs3cqi88QdC9gGsWBgWw7Ow5cEEm%2F8Z923RzGha%2BCVoSdGckVkVg0roIJqYPNsIYsRg9G91JeN98UkCMQi4h4bTwAakdtbOuv1WviT1IvDqJ3qpv%2BdUvC32180"}],"group":"cf-nel","max_age":604800}', 'NEL': '{"success_fraction":0,"report_to":"cf-nel","max_age":604800}', 'Server': 'cloudflare', 'CF-RAY': '86a9ce8bcb1882d2-IAD', 'alt-svc': 'h3=":443"; ma=86400'} 
 body={"results":[{"gender":"female","name":{"title":"Mrs","first":"Sneha","last":"Nagane"},"location":{"street":{"number":8256,"name":"Mirza Ismail Rd"},"city":"Thoothukudi","state":"Andhra Pradesh","country":"India","postcode":39636,"coordinates":{"latitude":"9.7887","longitude":"37.2931"},"timezone":{"offset":"+3:30","description":"Tehran"}},"email":"sneha.nagane@example.com","login":{"uuid":"d899d9e0-57e8-4d0e-afb3-c66e2d6bdc5a","username":"bluerabbit474","password":"redline","salt":"E5I1b539","md5":"05fcdb9ae9530f29724866cf5ecaed3f","sha1":"ce807978bb1edea3779c3fec428cf90e68d0eff0","sha256":"f76055ddf0a8a3cfd30528a6e7f798b194ce92915ddb6fd2366b672954b7a015"},"dob":{"date":"1967-04-29T11:11:18.584Z","age":56},"registered":{"date":"2020-01-18T06:16:43.700Z","age":4},"phone":"9378836947","cell":"8344224189","id":{"name":"UIDAI","value":"141929725391"},"picture":{"large":"https://randomuser.me/api/portraits/women/12.jpg","medium":"https://randomuser.me/api/portraits/med/women/12.jpg","thumbnail":"https://randomuser.me/api/portraits/thumb/women/12.jpg"},"nat":"IN"}],"info":{"seed":"06421c2a28d23a82","results":1,"page":1,"version":"1.4"}} 
 </msg>
<msg time="2024-03-26T20:14:24.629517" level="INFO">/opt/hostedtoolcache/Python/3.12.2/x64/lib/python3.12/site-packages/urllib3/connectionpool.py:1103: InsecureRequestWarning: Unverified HTTPS request is being made to host 'randomuser.me'. Adding certificate verification is strongly advised. See: https://urllib3.readthedocs.io/en/latest/advanced-usage.html#tls-warnings
  warnings.warn(</msg>
<msg time="2024-03-26T20:14:24.629623" level="INFO">${response} = &lt;Response [200]&gt;</msg>
<var>${response}</var>
<arg>consultarAPI</arg>
<arg>/api</arg>
<doc>Sends a GET request on a previously created HTTP Session.</doc>
<status status="PASS" start="2024-03-26T20:14:24.599099" elapsed="0.030568"/>
</kw>
<kw name="Set Variable" owner="BuiltIn">
<msg time="2024-03-26T20:14:24.630477" level="INFO">${json_data} = {'results': [{'gender': 'female', 'name': {'title': 'Mrs', 'first': 'Sneha', 'last': 'Nagane'}, 'location': {'street': {'number': 8256, 'name': 'Mirza Ismail Rd'}, 'city': 'Thoothukudi', 'state': 'And...</msg>
<var>${json_data}</var>
<arg>${response.json()}</arg>
<doc>Returns the given values which can then be assigned to a variables.</doc>
<status status="PASS" start="2024-03-26T20:14:24.630045" elapsed="0.000460"/>
</kw>
<kw name="Log" owner="BuiltIn">
<msg time="2024-03-26T20:14:24.630961" level="INFO">{'results': [{'gender': 'female', 'name': {'title': 'Mrs', 'first': 'Sneha', 'last': 'Nagane'}, 'location': {'street': {'number': 8256, 'name': 'Mirza Ismail Rd'}, 'city': 'Thoothukudi', 'state': 'Andhra Pradesh', 'country': 'India', 'postcode': 39636, 'coordinates': {'latitude': '9.7887', 'longitude': '37.2931'}, 'timezone': {'offset': '+3:30', 'description': 'Tehran'}}, 'email': 'sneha.nagane@example.com', 'login': {'uuid': 'd899d9e0-57e8-4d0e-afb3-c66e2d6bdc5a', 'username': 'bluerabbit474', 'password': 'redline', 'salt': 'E5I1b539', 'md5': '05fcdb9ae9530f29724866cf5ecaed3f', 'sha1': 'ce807978bb1edea3779c3fec428cf90e68d0eff0', 'sha256': 'f76055ddf0a8a3cfd30528a6e7f798b194ce92915ddb6fd2366b672954b7a015'}, 'dob': {'date': '1967-04-29T11:11:18.584Z', 'age': 56}, 'registered': {'date': '2020-01-18T06:16:43.700Z', 'age': 4}, 'phone': '9378836947', 'cell': '8344224189', 'id': {'name': 'UIDAI', 'value': '141929725391'}, 'picture': {'large': 'https://randomuser.me/api/portraits/women/12.jpg', 'medium': 'https://randomuser.me/api/portraits/med/women/12.jpg', 'thumbnail': 'https://randomuser.me/api/portraits/thumb/women/12.jpg'}, 'nat': 'IN'}], 'info': {'seed': '06421c2a28d23a82', 'results': 1, 'page': 1, 'version': '1.4'}}</msg>
<arg>${json_data}</arg>
<doc>Logs the given message with the given level.</doc>
<status status="PASS" start="2024-03-26T20:14:24.630810" elapsed="0.000198"/>
</kw>
<kw name="Should Be String" owner="String">
<arg>${json_data['results'][0]['gender']}</arg>
<doc>Fails if the given ``item`` is not a string.</doc>
<status status="PASS" start="2024-03-26T20:14:24.631333" elapsed="0.000363"/>
</kw>
<kw name="Should Match Regexp" owner="BuiltIn">
<arg>${json_data['results'][0]['email']}</arg>
<arg>^[a-zA-Z0-9._%+-]+@[a-zA-Z0-9.-]+\.[a-zA-Z]{2,}$</arg>
<doc>Fails if ``string`` does not match ``pattern`` as a regular expression.</doc>
<status status="PASS" start="2024-03-26T20:14:24.631888" elapsed="0.000498"/>
</kw>
<kw name="Should Match Regexp" owner="BuiltIn">
<arg>${json_data['results'][0]['dob']['date']}</arg>
<arg>\\d{4}-\\d{2}-\\d{2}T\\d{2}:\\d{2}:\\d{2}\\.\\d{3}Z</arg>
<doc>Fails if ``string`` does not match ``pattern`` as a regular expression.</doc>
<status status="PASS" start="2024-03-26T20:14:24.632580" elapsed="0.000488"/>
</kw>
<kw name="Should Match Regexp" owner="BuiltIn">
<arg>${json_data['results'][0]['registered']['date']}</arg>
<arg>\\d{4}-\\d{2}-\\d{2}T\\d{2}:\\d{2}:\\d{2}\\.\\d{3}Z</arg>
<doc>Fails if ``string`` does not match ``pattern`` as a regular expression.</doc>
<status status="PASS" start="2024-03-26T20:14:24.633260" elapsed="0.000391"/>
</kw>
<kw name="Should Match Regexp" owner="BuiltIn">
<arg>${json_data['results'][0]['picture']['large']}</arg>
<arg>^https?://.*\.(?:png|jpe?g|gif|bmp)$</arg>
<doc>Fails if ``string`` does not match ``pattern`` as a regular expression.</doc>
<status status="PASS" start="2024-03-26T20:14:24.633839" elapsed="0.000456"/>
</kw>
<kw name="Should Match Regexp" owner="BuiltIn">
<arg>${json_data['results'][0]['picture']['medium']}</arg>
<arg>^https?://.*\.(?:png|jpe?g|gif|bmp)$</arg>
<doc>Fails if ``string`` does not match ``pattern`` as a regular expression.</doc>
<status status="PASS" start="2024-03-26T20:14:24.634485" elapsed="0.000358"/>
</kw>
<kw name="Should Match Regexp" owner="BuiltIn">
<arg>${json_data['results'][0]['picture']['thumbnail']}</arg>
<arg>^https?://.*\.(?:png|jpe?g|gif|bmp)$</arg>
<doc>Fails if ``string`` does not match ``pattern`` as a regular expression.</doc>
<status status="PASS" start="2024-03-26T20:14:24.635027" elapsed="0.000347"/>
</kw>
<kw name="Log" owner="BuiltIn">
<msg time="2024-03-26T20:14:24.635889" level="INFO">{'large': 'https://randomuser.me/api/portraits/women/12.jpg', 'medium': 'https://randomuser.me/api/portraits/med/women/12.jpg', 'thumbnail': 'https://randomuser.me/api/portraits/thumb/women/12.jpg'}</msg>
<arg>${json_data['results'][0]['picture']}</arg>
<doc>Logs the given message with the given level.</doc>
<status status="PASS" start="2024-03-26T20:14:24.635551" elapsed="0.000384"/>
</kw>
<status status="PASS" start="2024-03-26T20:14:24.598876" elapsed="0.037309"/>
</kw>
<kw name="Teste de Tipos de Dados - Postcode" owner="random-user-service">
<kw name="GET On Session" owner="RequestsLibrary">
<msg time="2024-03-26T20:14:24.730480" level="INFO">GET Request : url=https://randomuser.me/api 
 path_url=/api 
 headers={'User-Agent': 'python-requests/2.31.0', 'Accept-Encoding': 'gzip, deflate', 'Accept': '*/*', 'Connection': 'keep-alive'} 
 body=None 
 </msg>
<msg time="2024-03-26T20:14:24.730542" level="INFO">GET Response : url=https://randomuser.me/api 
 status=200, reason=OK 
 headers={'Date': 'Tue, 26 Mar 2024 20:14:24 GMT', 'Content-Type': 'application/json; charset=utf-8', 'Transfer-Encoding': 'chunked', 'Connection': 'keep-alive', 'X-Powered-By': 'Express', 'Access-Control-Allow-Origin': '*', 'Cache-Control': 'no-cache', 'ETag': 'W/"495-lleyoGH1SomjbYjIPio5pAF4G84"', 'Vary': 'Accept-Encoding', 'Content-Encoding': 'gzip', 'CF-Cache-Status': 'DYNAMIC', 'Report-To': '{"endpoints":[{"url":"https:\\/\\/a.nel.cloudflare.com\\/report\\/v4?s=GcYEyw0bPNLXLRugEuRU3o%2BsOF%2FuTCL%2F4GlOxT2SQnb4qP2wWMsmCblNtMpdnzOpmqRw4Z6caO9Lw062Fs0hxsGO%2F1ZlevCEt0OUgvRGblyfQSpwvU3uMbtktlP%2FblU3"}],"group":"cf-nel","max_age":604800}', 'NEL': '{"success_fraction":0,"report_to":"cf-nel","max_age":604800}', 'Server': 'cloudflare', 'CF-RAY': '86a9ce8c0b7682d2-IAD', 'alt-svc': 'h3=":443"; ma=86400'} 
 body={"results":[{"gender":"female","name":{"title":"Ms","first":"Mirza","last":"Vieira"},"location":{"street":{"number":1642,"name":"Rua Tiradentes "},"city":"Belford Roxo","state":"Rio de Janeiro","country":"Brazil","postcode":11455,"coordinates":{"latitude":"-75.8220","longitude":"21.7485"},"timezone":{"offset":"+7:00","description":"Bangkok, Hanoi, Jakarta"}},"email":"mirza.vieira@example.com","login":{"uuid":"bfed2d1a-0c70-4eab-a5c2-0fa95d2b4dd4","username":"bluebear968","password":"shell","salt":"XBa6PTjw","md5":"a7796aad41c4920cd12d1eba96482b1c","sha1":"a0d67d5bb7b39292475e6100cb7638308dc0436a","sha256":"28d220020181fe741a7b68a63981e88f8c6db7ede0dcce579f74ec9f36587654"},"dob":{"date":"1981-01-04T14:00:15.073Z","age":43},"registered":{"date":"2013-11-30T19:23:36.118Z","age":10},"phone":"(81) 7288-3182","cell":"(48) 8088-2579","id":{"name":"CPF","value":"693.000.529-31"},"picture":{"large":"https://randomuser.me/api/portraits/women/32.jpg","medium":"https://randomuser.me/api/portraits/med/women/32.jpg","thumbnail":"https://randomuser.me/api/portraits/thumb/women/32.jpg"},"nat":"BR"}],"info":{"seed":"aaafd2873b69ff25","results":1,"page":1,"version":"1.4"}} 
 </msg>
<msg time="2024-03-26T20:14:24.730604" level="INFO">/opt/hostedtoolcache/Python/3.12.2/x64/lib/python3.12/site-packages/urllib3/connectionpool.py:1103: InsecureRequestWarning: Unverified HTTPS request is being made to host 'randomuser.me'. Adding certificate verification is strongly advised. See: https://urllib3.readthedocs.io/en/latest/advanced-usage.html#tls-warnings
  warnings.warn(</msg>
<msg time="2024-03-26T20:14:24.730688" level="INFO">${response} = &lt;Response [200]&gt;</msg>
<var>${response}</var>
<arg>consultarAPI</arg>
<arg>/api</arg>
<doc>Sends a GET request on a previously created HTTP Session.</doc>
<status status="PASS" start="2024-03-26T20:14:24.636730" elapsed="0.093982"/>
</kw>
<kw name="Set Variable" owner="BuiltIn">
<msg time="2024-03-26T20:14:24.731590" level="INFO">${json_data} = {'results': [{'gender': 'female', 'name': {'title': 'Ms', 'first': 'Mirza', 'last': 'Vieira'}, 'location': {'street': {'number': 1642, 'name': 'Rua Tiradentes '}, 'city': 'Belford Roxo', 'state': 'Rio...</msg>
<var>${json_data}</var>
<arg>${response.json()}</arg>
<doc>Returns the given values which can then be assigned to a variables.</doc>
<status status="PASS" start="2024-03-26T20:14:24.731153" elapsed="0.000465"/>
</kw>
<kw name="Log" owner="BuiltIn">
<msg time="2024-03-26T20:14:24.732072" level="INFO">{'results': [{'gender': 'female', 'name': {'title': 'Ms', 'first': 'Mirza', 'last': 'Vieira'}, 'location': {'street': {'number': 1642, 'name': 'Rua Tiradentes '}, 'city': 'Belford Roxo', 'state': 'Rio de Janeiro', 'country': 'Brazil', 'postcode': 11455, 'coordinates': {'latitude': '-75.8220', 'longitude': '21.7485'}, 'timezone': {'offset': '+7:00', 'description': 'Bangkok, Hanoi, Jakarta'}}, 'email': 'mirza.vieira@example.com', 'login': {'uuid': 'bfed2d1a-0c70-4eab-a5c2-0fa95d2b4dd4', 'username': 'bluebear968', 'password': 'shell', 'salt': 'XBa6PTjw', 'md5': 'a7796aad41c4920cd12d1eba96482b1c', 'sha1': 'a0d67d5bb7b39292475e6100cb7638308dc0436a', 'sha256': '28d220020181fe741a7b68a63981e88f8c6db7ede0dcce579f74ec9f36587654'}, 'dob': {'date': '1981-01-04T14:00:15.073Z', 'age': 43}, 'registered': {'date': '2013-11-30T19:23:36.118Z', 'age': 10}, 'phone': '(81) 7288-3182', 'cell': '(48) 8088-2579', 'id': {'name': 'CPF', 'value': '693.000.529-31'}, 'picture': {'large': 'https://randomuser.me/api/portraits/women/32.jpg', 'medium': 'https://randomuser.me/api/portraits/med/women/32.jpg', 'thumbnail': 'https://randomuser.me/api/portraits/thumb/women/32.jpg'}, 'nat': 'BR'}], 'info': {'seed': 'aaafd2873b69ff25', 'results': 1, 'page': 1, 'version': '1.4'}}</msg>
<arg>${json_data}</arg>
<doc>Logs the given message with the given level.</doc>
<status status="PASS" start="2024-03-26T20:14:24.731918" elapsed="0.000200"/>
</kw>
<kw name="Should Be Equal As Numbers" owner="BuiltIn">
<arg>${json_data['results'][0]['location']['postcode']}</arg>
<arg>${json_data['results'][0]['location']['postcode']}</arg>
<doc>Fails if objects are unequal after converting them to real numbers.</doc>
<status status="PASS" start="2024-03-26T20:14:24.732411" elapsed="0.000611"/>
</kw>
<kw name="Log" owner="BuiltIn">
<msg time="2024-03-26T20:14:24.733632" level="INFO">11455</msg>
<arg>${json_data['results'][0]['location']['postcode']}</arg>
<doc>Logs the given message with the given level.</doc>
<status status="PASS" start="2024-03-26T20:14:24.733244" elapsed="0.000430"/>
</kw>
<status status="PASS" start="2024-03-26T20:14:24.636396" elapsed="0.097532"/>
</kw>
<doc>Testa se os tipos de dados na resposta da API estão corretos.</doc>
<tag>testeTiposDados</tag>
<status status="PASS" start="2024-03-26T20:14:24.598465" elapsed="0.135622"/>
</test>
<test id="s1-s1-t5" name="Validar conteudo" line="35">
<kw name="Teste de Tipos de Conteudo" owner="random-user-service">
<kw name="GET On Session" owner="RequestsLibrary">
<msg time="2024-03-26T20:14:24.832078" level="INFO">GET Request : url=https://randomuser.me/api 
 path_url=/api 
 headers={'User-Agent': 'python-requests/2.31.0', 'Accept-Encoding': 'gzip, deflate', 'Accept': '*/*', 'Connection': 'keep-alive'} 
 body=None 
 </msg>
<msg time="2024-03-26T20:14:24.832161" level="INFO">GET Response : url=https://randomuser.me/api 
 status=200, reason=OK 
 headers={'Date': 'Tue, 26 Mar 2024 20:14:24 GMT', 'Content-Type': 'application/json; charset=utf-8', 'Transfer-Encoding': 'chunked', 'Connection': 'keep-alive', 'X-Powered-By': 'Express', 'Access-Control-Allow-Origin': '*', 'Cache-Control': 'no-cache', 'ETag': 'W/"498-mffrdLcM7HrQWOlwcNjQi6s+d0Y"', 'Vary': 'Accept-Encoding', 'Content-Encoding': 'gzip', 'CF-Cache-Status': 'DYNAMIC', 'Report-To': '{"endpoints":[{"url":"https:\\/\\/a.nel.cloudflare.com\\/report\\/v4?s=FvZ4yvK%2FeOoqc2HksEtHP85gfoPQBRL2k0ttF2o8Xwup90jxraKn2pYBAyjnXp0MQqJTT2WBiNhZONSxMOPmKkIcgv4d5YbRcWg95eTuJvBE0quyKNJOXwQ1FwocH2%2BM"}],"group":"cf-nel","max_age":604800}', 'NEL': '{"success_fraction":0,"report_to":"cf-nel","max_age":604800}', 'Server': 'cloudflare', 'CF-RAY': '86a9ce8cac6682d2-IAD', 'alt-svc': 'h3=":443"; ma=86400'} 
 body={"results":[{"gender":"male","name":{"title":"Mr","first":"Youness","last":"Van der Sangen"},"location":{"street":{"number":1683,"name":"De Grote Akker"},"city":"Zandpol","state":"Gelderland","country":"Netherlands","postcode":"5419 BP","coordinates":{"latitude":"38.5687","longitude":"-57.7968"},"timezone":{"offset":"-12:00","description":"Eniwetok, Kwajalein"}},"email":"youness.vandersangen@example.com","login":{"uuid":"fc025f51-15c2-4a70-a811-eb3770a55015","username":"bigbutterfly902","password":"longer","salt":"huWiNCaA","md5":"9cba7ccbd27ad778f40c60084c7dc13c","sha1":"850134215921970497f98999dfa65259fe1f43ec","sha256":"d2da4bff857669abb97f759df650a4057b32d1ef57076c1ffc45c5a962b55f77"},"dob":{"date":"1985-02-06T08:16:27.805Z","age":39},"registered":{"date":"2007-02-11T00:06:12.667Z","age":17},"phone":"(0862) 112370","cell":"(06) 40457534","id":{"name":"BSN","value":"68512973"},"picture":{"large":"https://randomuser.me/api/portraits/men/44.jpg","medium":"https://randomuser.me/api/portraits/med/men/44.jpg","thumbnail":"https://randomuser.me/api/portraits/thumb/men/44.jpg"},"nat":"NL"}],"info":{"seed":"c318840c79f7e678","results":1,"page":1,"version":"1.4"}} 
 </msg>
<msg time="2024-03-26T20:14:24.832232" level="INFO">/opt/hostedtoolcache/Python/3.12.2/x64/lib/python3.12/site-packages/urllib3/connectionpool.py:1103: InsecureRequestWarning: Unverified HTTPS request is being made to host 'randomuser.me'. Adding certificate verification is strongly advised. See: https://urllib3.readthedocs.io/en/latest/advanced-usage.html#tls-warnings
  warnings.warn(</msg>
<msg time="2024-03-26T20:14:24.832321" level="INFO">${response} = &lt;Response [200]&gt;</msg>
<var>${response}</var>
<arg>consultarAPI</arg>
<arg>/api</arg>
<doc>Sends a GET request on a previously created HTTP Session.</doc>
<status status="PASS" start="2024-03-26T20:14:24.736495" elapsed="0.095856"/>
</kw>
<kw name="Set Variable" owner="BuiltIn">
<msg time="2024-03-26T20:14:24.833226" level="INFO">${json_data} = {'results': [{'gender': 'male', 'name': {'title': 'Mr', 'first': 'Youness', 'last': 'Van der Sangen'}, 'location': {'street': {'number': 1683, 'name': 'De Grote Akker'}, 'city': 'Zandpol', 'state': 'G...</msg>
<var>${json_data}</var>
<arg>${response.json()}</arg>
<doc>Returns the given values which can then be assigned to a variables.</doc>
<status status="PASS" start="2024-03-26T20:14:24.832781" elapsed="0.000474"/>
</kw>
<kw name="Set Variable" owner="BuiltIn">
<msg time="2024-03-26T20:14:24.833977" level="INFO">${name_title} = Mr</msg>
<var>${name_title}</var>
<arg>${json_data["results"][0]["name"]["title"]}</arg>
<doc>Returns the given values which can then be assigned to a variables.</doc>
<status status="PASS" start="2024-03-26T20:14:24.833605" elapsed="0.000397"/>
</kw>
<kw name="Create List" owner="BuiltIn">
<msg time="2024-03-26T20:14:24.834446" level="INFO">${allowed_titles} = ['Mr', 'Ms', 'Miss', 'Mrs', 'Madame', 'Monsieur']</msg>
<var>${allowed_titles}</var>
<arg>Mr</arg>
<arg>Ms</arg>
<arg>Miss</arg>
<arg>Mrs</arg>
<arg>Madame</arg>
<arg>Monsieur</arg>
<doc>Returns a list containing given items.</doc>
<status status="PASS" start="2024-03-26T20:14:24.834296" elapsed="0.000174"/>
</kw>
<kw name="List Should Contain Value" owner="Collections">
<msg time="2024-03-26T20:14:24.834950" level="INFO">False</msg>
<arg>${allowed_titles}</arg>
<arg>${name_title}</arg>
<doc>Fails if the ``value`` is not found from ``list``.</doc>
<status status="PASS" start="2024-03-26T20:14:24.834772" elapsed="0.000215"/>
</kw>
<kw name="Set Variable" owner="BuiltIn">
<msg time="2024-03-26T20:14:24.835650" level="INFO">${name_country} = NL</msg>
<var>${name_country}</var>
<arg>${json_data["results"][0]["nat"]}</arg>
<doc>Returns the given values which can then be assigned to a variables.</doc>
<status status="PASS" start="2024-03-26T20:14:24.835274" elapsed="0.000401"/>
</kw>
<kw name="Create List" owner="BuiltIn">
<msg time="2024-03-26T20:14:24.836580" level="INFO">${list_country} = ['AD', 'AE', 'AF', 'AG', 'AI', 'AL', 'AM', 'AO', 'AQ', 'AR', 'AS', 'AT', 'AU', 'AW', 'AX', 'AZ', 'BA', 'BB', 'BD', 'BE', 'BF', 'BG', 'BH', 'BI', 'BJ', 'BL', 'BM', 'BN', 'BO', 'BQ', 'BR', 'BS', 'BT', '...</msg>
<var>${list_country}</var>
<arg>AD</arg>
<arg>AE</arg>
<arg>AF</arg>
<arg>AG</arg>
<arg>AI</arg>
<arg>AL</arg>
<arg>AM</arg>
<arg>AO</arg>
<arg>AQ</arg>
<arg>AR</arg>
<arg>AS</arg>
<arg>AT</arg>
<arg>AU</arg>
<arg>AW</arg>
<arg>AX</arg>
<arg>AZ</arg>
<arg>BA</arg>
<arg>BB</arg>
<arg>BD</arg>
<arg>BE</arg>
<arg>BF</arg>
<arg>BG</arg>
<arg>BH</arg>
<arg>BI</arg>
<arg>BJ</arg>
<arg>BL</arg>
<arg>BM</arg>
<arg>BN</arg>
<arg>BO</arg>
<arg>BQ</arg>
<arg>BR</arg>
<arg>BS</arg>
<arg>BT</arg>
<arg>BV</arg>
<arg>BW</arg>
<arg>BY</arg>
<arg>BZ</arg>
<arg>CA</arg>
<arg>CC</arg>
<arg>CD</arg>
<arg>CF</arg>
<arg>CG</arg>
<arg>CH</arg>
<arg>CI</arg>
<arg>CK</arg>
<arg>CL</arg>
<arg>CM</arg>
<arg>CN</arg>
<arg>CO</arg>
<arg>CR</arg>
<arg>CU</arg>
<arg>CV</arg>
<arg>CW</arg>
<arg>CX</arg>
<arg>CY</arg>
<arg>CZ</arg>
<arg>DE</arg>
<arg>DJ</arg>
<arg>DK</arg>
<arg>DM</arg>
<arg>DO</arg>
<arg>DZ</arg>
<arg>EC</arg>
<arg>EE</arg>
<arg>EG</arg>
<arg>EH</arg>
<arg>ER</arg>
<arg>ES</arg>
<arg>ET</arg>
<arg>FI</arg>
<arg>FJ</arg>
<arg>FK</arg>
<arg>FM</arg>
<arg>FO</arg>
<arg>FR</arg>
<arg>GA</arg>
<arg>GB</arg>
<arg>GD</arg>
<arg>GE</arg>
<arg>GF</arg>
<arg>GG</arg>
<arg>GH</arg>
<arg>GI</arg>
<arg>GL</arg>
<arg>GM</arg>
<arg>GN</arg>
<arg>GP</arg>
<arg>GQ</arg>
<arg>GR</arg>
<arg>GS</arg>
<arg>GT</arg>
<arg>GU</arg>
<arg>GW</arg>
<arg>GY</arg>
<arg>HK</arg>
<arg>HM</arg>
<arg>HN</arg>
<arg>HR</arg>
<arg>HT</arg>
<arg>HU</arg>
<arg>ID</arg>
<arg>IE</arg>
<arg>IL</arg>
<arg>IM</arg>
<arg>IN</arg>
<arg>IO</arg>
<arg>IQ</arg>
<arg>IR</arg>
<arg>IS</arg>
<arg>IT</arg>
<arg>JE</arg>
<arg>JM</arg>
<arg>JO</arg>
<arg>JP</arg>
<arg>KE</arg>
<arg>KG</arg>
<arg>KH</arg>
<arg>KI</arg>
<arg>KM</arg>
<arg>KN</arg>
<arg>KP</arg>
<arg>KR</arg>
<arg>KW</arg>
<arg>KY</arg>
<arg>KZ</arg>
<arg>LA</arg>
<arg>LB</arg>
<arg>LC</arg>
<arg>LI</arg>
<arg>LK</arg>
<arg>LR</arg>
<arg>LS</arg>
<arg>LT</arg>
<arg>LU</arg>
<arg>LV</arg>
<arg>LY</arg>
<arg>MA</arg>
<arg>MC</arg>
<arg>MD</arg>
<arg>ME</arg>
<arg>MF</arg>
<arg>MG</arg>
<arg>MH</arg>
<arg>MK</arg>
<arg>ML</arg>
<arg>MM</arg>
<arg>MN</arg>
<arg>MO</arg>
<arg>MP</arg>
<arg>MQ</arg>
<arg>MR</arg>
<arg>MS</arg>
<arg>MT</arg>
<arg>MU</arg>
<arg>MV</arg>
<arg>MW</arg>
<arg>MX</arg>
<arg>MY</arg>
<arg>MZ</arg>
<arg>NA</arg>
<arg>NC</arg>
<arg>NE</arg>
<arg>NF</arg>
<arg>NG</arg>
<arg>NI</arg>
<arg>NL</arg>
<arg>NO</arg>
<arg>NP</arg>
<arg>NR</arg>
<arg>NU</arg>
<arg>NZ</arg>
<arg>OM</arg>
<arg>PA</arg>
<arg>PE</arg>
<arg>PF</arg>
<arg>PG</arg>
<arg>PH</arg>
<arg>PK</arg>
<arg>PL</arg>
<arg>PM</arg>
<arg>PN</arg>
<arg>PR</arg>
<arg>PS</arg>
<arg>PT</arg>
<arg>PW</arg>
<arg>PY</arg>
<arg>QA</arg>
<arg>RE</arg>
<arg>RO</arg>
<arg>RS</arg>
<arg>RU</arg>
<arg>RW</arg>
<arg>SA</arg>
<arg>SB</arg>
<arg>SC</arg>
<arg>SD</arg>
<arg>SE</arg>
<arg>SG</arg>
<arg>SH</arg>
<arg>SI</arg>
<arg>SJ</arg>
<arg>SK</arg>
<arg>SL</arg>
<arg>SM</arg>
<arg>SN</arg>
<arg>SO</arg>
<arg>SR</arg>
<arg>SS</arg>
<arg>ST</arg>
<arg>SV</arg>
<arg>SX</arg>
<arg>SY</arg>
<arg>SZ</arg>
<arg>TC</arg>
<arg>TD</arg>
<arg>TF</arg>
<arg>TG</arg>
<arg>TH</arg>
<arg>TJ</arg>
<arg>TK</arg>
<arg>TL</arg>
<arg>TM</arg>
<arg>TN</arg>
<arg>TO</arg>
<arg>TR</arg>
<arg>TT</arg>
<arg>TV</arg>
<arg>TW</arg>
<arg>TZ</arg>
<arg>UA</arg>
<arg>UG</arg>
<arg>UM</arg>
<arg>US</arg>
<arg>UY</arg>
<arg>UZ</arg>
<arg>VA</arg>
<arg>VC</arg>
<arg>VE</arg>
<arg>VG</arg>
<arg>VI</arg>
<arg>VN</arg>
<arg>VU</arg>
<arg>WF</arg>
<arg>WS</arg>
<arg>XK</arg>
<arg>YE</arg>
<arg>YT</arg>
<arg>ZA</arg>
<arg>ZM</arg>
<arg>ZW</arg>
<doc>Returns a list containing given items.</doc>
<status status="PASS" start="2024-03-26T20:14:24.835980" elapsed="0.000626"/>
</kw>
<kw name="List Should Contain Value" owner="Collections">
<msg time="2024-03-26T20:14:24.837711" level="INFO">False</msg>
<arg>${list_country}</arg>
<arg>${name_country}</arg>
<doc>Fails if the ``value`` is not found from ``list``.</doc>
<status status="PASS" start="2024-03-26T20:14:24.837505" elapsed="0.000243"/>
</kw>
<kw name="Run Keyword If" owner="BuiltIn">
<kw name="Should Be True" owner="BuiltIn">
<arg>${True}</arg>
<doc>Fails if the given condition is not true.</doc>
<status status="PASS" start="2024-03-26T20:14:24.838796" elapsed="0.000143"/>
</kw>
<arg>${json_data["results"][0]["location"]["coordinates"]["latitude"]} &gt;= -90 and ${json_data["results"][0]["location"]["coordinates"]["latitude"]} &lt;= 90</arg>
<arg>Should Be True</arg>
<arg>${True}</arg>
<doc>Runs the given keyword with the given arguments, if ``condition`` is true.</doc>
<status status="PASS" start="2024-03-26T20:14:24.838057" elapsed="0.001008"/>
</kw>
<kw name="Run Keyword If" owner="BuiltIn">
<kw name="Should Be True" owner="BuiltIn">
<arg>${True}</arg>
<doc>Fails if the given condition is not true.</doc>
<status status="PASS" start="2024-03-26T20:14:24.839946" elapsed="0.000137"/>
</kw>
<arg>${json_data["results"][0]["location"]["coordinates"]["longitude"]} &gt;= -180 and ${json_data["results"][0]["location"]["coordinates"]["longitude"]} &lt;= 180</arg>
<arg>Should Be True</arg>
<arg>${True}</arg>
<doc>Runs the given keyword with the given arguments, if ``condition`` is true.</doc>
<status status="PASS" start="2024-03-26T20:14:24.839249" elapsed="0.000957"/>
</kw>
<status status="PASS" start="2024-03-26T20:14:24.736278" elapsed="0.104057"/>
</kw>
<doc>Testa o conteúdo específico dos campos retornados pela API.</doc>
<tag>testeConteudo</tag>
<status status="PASS" start="2024-03-26T20:14:24.735777" elapsed="0.104704"/>
</test>
<status status="PASS" start="2024-03-26T20:14:23.347769" elapsed="1.494582"/>
</suite>
<status status="PASS" start="2024-03-26T20:14:23.333509" elapsed="1.514102"/>
</suite>
<statistics>
<total>
<stat pass="5" fail="0" skip="0">All Tests</stat>
</total>
<tag>
<stat pass="1" fail="0" skip="0">testeConteudo</stat>
<stat pass="1" fail="0" skip="0">testeEstruturaResposta</stat>
<stat pass="1" fail="0" skip="0">testeRequisicaoBasica</stat>
<stat pass="1" fail="0" skip="0">testeTiposDados</stat>
</tag>
<suite>
<stat pass="5" fail="0" skip="0" id="s1" name="Tests">Tests</stat>
<stat pass="5" fail="0" skip="0" id="s1-s1" name="Random-User-Test">Tests.Random-User-Test</stat>
</suite>
</statistics>
<errors>
</errors>
</robot>
