<?xml version="1.0" encoding="UTF-8"?>
<robot generator="Robot 7.0.1 (Python 3.12.3 on linux)" generated="2024-06-11T09:17:30.259272" rpa="false" schemaversion="5">
<suite id="s1" name="Tests" source="/home/runner/work/ApiRandomUser/ApiRandomUser/RamdonUser/tests">
<suite id="s1-s1" name="Random-User-Test" source="/home/runner/work/ApiRandomUser/ApiRandomUser/RamdonUser/tests/random-user-test.robot">
<test id="s1-s1-t1" name="Conectar" line="13">
<kw name="Conectar API" owner="random-user-service">
<kw name="Create Session" owner="RequestsLibrary">
<msg time="2024-06-11T09:17:30.684837" level="INFO">Creating Session using : alias=consultarAPI, url=https://randomuser.me/, headers={},                     cookies={}, auth=None, timeout=None, proxies=None, verify=False,                     debug=0 </msg>
<arg>consultarAPI</arg>
<arg>${URL}</arg>
<doc>Create Session: create a HTTP session to a server</doc>
<status status="PASS" start="2024-06-11T09:17:30.684621" elapsed="0.000418"/>
</kw>
<status status="PASS" start="2024-06-11T09:17:30.683523" elapsed="0.001892"/>
</kw>
<status status="PASS" start="2024-06-11T09:17:30.682859" elapsed="0.002750"/>
</test>
<test id="s1-s1-t2" name="Validar retorno 200 e JSON Válido" line="16">
<kw name="Teste de Requisicao Basica" owner="random-user-service">
<kw name="GET On Session" owner="RequestsLibrary">
<msg time="2024-06-11T09:17:30.765784" level="INFO">GET Request : url=https://randomuser.me/api 
 path_url=/api 
 headers={'User-Agent': 'python-requests/2.32.3', 'Accept-Encoding': 'gzip, deflate', 'Accept': '*/*', 'Connection': 'keep-alive'} 
 body=None 
 </msg>
<msg time="2024-06-11T09:17:30.765964" level="INFO">GET Response : url=https://randomuser.me/api 
 status=200, reason=OK 
 headers={'Date': 'Tue, 11 Jun 2024 09:17:30 GMT', 'Content-Type': 'application/json; charset=utf-8', 'Transfer-Encoding': 'chunked', 'Connection': 'keep-alive', 'X-Powered-By': 'Express', 'Access-Control-Allow-Origin': '*', 'Cache-Control': 'no-cache', 'ETag': 'W/"499-sUkkTuwCv9hKUr6t+3BhoktGMjI"', 'Vary': 'Accept-Encoding', 'Content-Encoding': 'gzip', 'CF-Cache-Status': 'DYNAMIC', 'Report-To': '{"endpoints":[{"url":"https:\\/\\/a.nel.cloudflare.com\\/report\\/v4?s=%2BUwr67WkgmQc9Bon5ohYWWR4p2SKdh0B%2FchmBU9PO3wRXgizh3pxHjKDrsvjJTufjzH2UNE%2BEWMZKB5MpX9Ym8QENSUjpg6Hqc2r%2FHOpQyejl4%2B3c9xbHwBIBFspSdUU"}],"group":"cf-nel","max_age":604800}', 'NEL': '{"success_fraction":0,"report_to":"cf-nel","max_age":604800}', 'Server': 'cloudflare', 'CF-RAY': '8920822b0c0122dc-ORD', 'alt-svc': 'h3=":443"; ma=86400'} 
 body={"results":[{"gender":"female","name":{"title":"Miss","first":"Queija","last":"Cardoso"},"location":{"street":{"number":7018,"name":"Rua da Saudade"},"city":"Paço do Lumiar","state":"Paraíba","country":"Brazil","postcode":98850,"coordinates":{"latitude":"-76.7146","longitude":"137.6868"},"timezone":{"offset":"-12:00","description":"Eniwetok, Kwajalein"}},"email":"queija.cardoso@example.com","login":{"uuid":"c210b3a8-f3ab-4027-9e49-dd998b0f90ac","username":"organicswan849","password":"delete","salt":"nOTckBw5","md5":"cf5e625bc5c6df2fefa8c3f1d7535e0b","sha1":"9482523387d854721181896c4a9ba291824e29af","sha256":"f0da08dcd525ec6a254f60042a9dea9291684e4ce94a0c6ca98f28795ed586bd"},"dob":{"date":"1978-09-08T16:47:56.179Z","age":45},"registered":{"date":"2014-02-19T13:08:33.755Z","age":10},"phone":"(60) 9506-7177","cell":"(00) 2143-4662","id":{"name":"CPF","value":"205.523.172-43"},"picture":{"large":"https://randomuser.me/api/portraits/women/51.jpg","medium":"https://randomuser.me/api/portraits/med/women/51.jpg","thumbnail":"https://randomuser.me/api/portraits/thumb/women/51.jpg"},"nat":"BR"}],"info":{"seed":"8383e48b4ab8f546","results":1,"page":1,"version":"1.4"}} 
 </msg>
<msg time="2024-06-11T09:17:30.766054" level="INFO">/opt/hostedtoolcache/Python/3.12.3/x64/lib/python3.12/site-packages/urllib3/connectionpool.py:1103: InsecureRequestWarning: Unverified HTTPS request is being made to host 'randomuser.me'. Adding certificate verification is strongly advised. See: https://urllib3.readthedocs.io/en/latest/advanced-usage.html#tls-warnings
  warnings.warn(</msg>
<msg time="2024-06-11T09:17:30.766209" level="INFO">${response} = &lt;Response [200]&gt;</msg>
<var>${response}</var>
<arg>consultarAPI</arg>
<arg>/api</arg>
<doc>Sends a GET request on a previously created HTTP Session.</doc>
<status status="PASS" start="2024-06-11T09:17:30.688401" elapsed="0.077840"/>
</kw>
<kw name="Should Be Equal As Numbers" owner="BuiltIn">
<msg time="2024-06-11T09:17:30.767272" level="INFO">Argument types are:
&lt;class 'int'&gt;
&lt;class 'str'&gt;</msg>
<arg>${response.status_code}</arg>
<arg>200</arg>
<doc>Fails if objects are unequal after converting them to real numbers.</doc>
<status status="PASS" start="2024-06-11T09:17:30.766799" elapsed="0.000542"/>
</kw>
<kw name="Log" owner="BuiltIn">
<msg time="2024-06-11T09:17:30.768040" level="INFO">200</msg>
<arg>${response.status_code}</arg>
<doc>Logs the given message with the given level.</doc>
<status status="PASS" start="2024-06-11T09:17:30.767689" elapsed="0.000400"/>
</kw>
<kw name="Set Variable" owner="BuiltIn">
<msg time="2024-06-11T09:17:30.768849" level="INFO">${json_data} = {'results': [{'gender': 'female', 'name': {'title': 'Miss', 'first': 'Queija', 'last': 'Cardoso'}, 'location': {'street': {'number': 7018, 'name': 'Rua da Saudade'}, 'city': 'Paço do Lumiar', 'state':...</msg>
<var>${json_data}</var>
<arg>${response.json()}</arg>
<doc>Returns the given values which can then be assigned to a variables.</doc>
<status status="PASS" start="2024-06-11T09:17:30.768398" elapsed="0.000482"/>
</kw>
<kw name="Dictionary Should Contain Key" owner="Collections">
<arg>${json_data}</arg>
<arg>results</arg>
<doc>Fails if ``key`` is not found from ``dictionary``.</doc>
<status status="PASS" start="2024-06-11T09:17:30.769185" elapsed="0.000167"/>
</kw>
<status status="PASS" start="2024-06-11T09:17:30.688136" elapsed="0.081371"/>
</kw>
<doc>Testa se a API responde corretamente e retorna um objeto JSON válido.</doc>
<tag>testeRequisicaoBasica</tag>
<status status="PASS" start="2024-06-11T09:17:30.687557" elapsed="0.082130"/>
</test>
<test id="s1-s1-t3" name="Validar estrutura de resposta" line="22">
<kw name="Teste de Estrutura de Resposta" owner="random-user-service">
<kw name="GET On Session" owner="RequestsLibrary">
<msg time="2024-06-11T09:17:30.873906" level="INFO">GET Request : url=https://randomuser.me/api 
 path_url=/api 
 headers={'User-Agent': 'python-requests/2.32.3', 'Accept-Encoding': 'gzip, deflate', 'Accept': '*/*', 'Connection': 'keep-alive'} 
 body=None 
 </msg>
<msg time="2024-06-11T09:17:30.874024" level="INFO">GET Response : url=https://randomuser.me/api 
 status=200, reason=OK 
 headers={'Date': 'Tue, 11 Jun 2024 09:17:30 GMT', 'Content-Type': 'application/json; charset=utf-8', 'Transfer-Encoding': 'chunked', 'Connection': 'keep-alive', 'X-Powered-By': 'Express', 'Access-Control-Allow-Origin': '*', 'Cache-Control': 'no-cache', 'ETag': 'W/"47f-ogTzIkvvgSsmirRFfimQmRSU5wE"', 'Vary': 'Accept-Encoding', 'Content-Encoding': 'gzip', 'CF-Cache-Status': 'DYNAMIC', 'Report-To': '{"endpoints":[{"url":"https:\\/\\/a.nel.cloudflare.com\\/report\\/v4?s=4YfdVTl27aZg5pZTvNRibal6GBTnJyVPu%2FWuLCl8uaSKTJEOPDl8exAisxm8sKDuOlUoLDlPseEJbz%2By%2B2TDDiptwRS8DXuC6ujvk0onpAzggVCGWYiLqcV%2BcQ7eI2Mn"}],"group":"cf-nel","max_age":604800}', 'NEL': '{"success_fraction":0,"report_to":"cf-nel","max_age":604800}', 'Server': 'cloudflare', 'CF-RAY': '8920822b5c4622dc-ORD', 'alt-svc': 'h3=":443"; ma=86400'} 
 body={"results":[{"gender":"male","name":{"title":"Mr","first":"Dominic","last":"Claire"},"location":{"street":{"number":9765,"name":"Dufferin St"},"city":"Cochrane","state":"Alberta","country":"Canada","postcode":"A8T 6V2","coordinates":{"latitude":"-66.3469","longitude":"-166.9345"},"timezone":{"offset":"-11:00","description":"Midway Island, Samoa"}},"email":"dominic.claire@example.com","login":{"uuid":"431f6311-a019-4331-ba29-6c4af3e76128","username":"bluelion489","password":"mystery","salt":"NagKnpg8","md5":"704d8ab1e9473339cb84de10c9db8703","sha1":"bf4edb684e3be06ac6a62f8acaf35aa512f4be24","sha256":"f754aac20e525e65296cb99ec6f596f88eb4338ead728313578aed1e5aa22126"},"dob":{"date":"1989-12-08T00:53:40.283Z","age":34},"registered":{"date":"2008-05-19T15:30:00.955Z","age":16},"phone":"Z29 M30-1507","cell":"D89 N07-6106","id":{"name":"SIN","value":"726423247"},"picture":{"large":"https://randomuser.me/api/portraits/men/64.jpg","medium":"https://randomuser.me/api/portraits/med/men/64.jpg","thumbnail":"https://randomuser.me/api/portraits/thumb/men/64.jpg"},"nat":"CA"}],"info":{"seed":"35e90295d3357dfa","results":1,"page":1,"version":"1.4"}} 
 </msg>
<msg time="2024-06-11T09:17:30.874194" level="INFO">/opt/hostedtoolcache/Python/3.12.3/x64/lib/python3.12/site-packages/urllib3/connectionpool.py:1103: InsecureRequestWarning: Unverified HTTPS request is being made to host 'randomuser.me'. Adding certificate verification is strongly advised. See: https://urllib3.readthedocs.io/en/latest/advanced-usage.html#tls-warnings
  warnings.warn(</msg>
<msg time="2024-06-11T09:17:30.874339" level="INFO">${response} = &lt;Response [200]&gt;</msg>
<var>${response}</var>
<arg>consultarAPI</arg>
<arg>/api</arg>
<doc>Sends a GET request on a previously created HTTP Session.</doc>
<status status="PASS" start="2024-06-11T09:17:30.772501" elapsed="0.101878"/>
</kw>
<kw name="Set Variable" owner="BuiltIn">
<msg time="2024-06-11T09:17:30.875425" level="INFO">${json_data} = {'results': [{'gender': 'male', 'name': {'title': 'Mr', 'first': 'Dominic', 'last': 'Claire'}, 'location': {'street': {'number': 9765, 'name': 'Dufferin St'}, 'city': 'Cochrane', 'state': 'Alberta', '...</msg>
<var>${json_data}</var>
<arg>${response.json()}</arg>
<doc>Returns the given values which can then be assigned to a variables.</doc>
<status status="PASS" start="2024-06-11T09:17:30.874909" elapsed="0.000545"/>
</kw>
<kw name="Log" owner="BuiltIn">
<msg time="2024-06-11T09:17:30.875924" level="INFO">{'results': [{'gender': 'male', 'name': {'title': 'Mr', 'first': 'Dominic', 'last': 'Claire'}, 'location': {'street': {'number': 9765, 'name': 'Dufferin St'}, 'city': 'Cochrane', 'state': 'Alberta', 'country': 'Canada', 'postcode': 'A8T 6V2', 'coordinates': {'latitude': '-66.3469', 'longitude': '-166.9345'}, 'timezone': {'offset': '-11:00', 'description': 'Midway Island, Samoa'}}, 'email': 'dominic.claire@example.com', 'login': {'uuid': '431f6311-a019-4331-ba29-6c4af3e76128', 'username': 'bluelion489', 'password': 'mystery', 'salt': 'NagKnpg8', 'md5': '704d8ab1e9473339cb84de10c9db8703', 'sha1': 'bf4edb684e3be06ac6a62f8acaf35aa512f4be24', 'sha256': 'f754aac20e525e65296cb99ec6f596f88eb4338ead728313578aed1e5aa22126'}, 'dob': {'date': '1989-12-08T00:53:40.283Z', 'age': 34}, 'registered': {'date': '2008-05-19T15:30:00.955Z', 'age': 16}, 'phone': 'Z29 M30-1507', 'cell': 'D89 N07-6106', 'id': {'name': 'SIN', 'value': '726423247'}, 'picture': {'large': 'https://randomuser.me/api/portraits/men/64.jpg', 'medium': 'https://randomuser.me/api/portraits/med/men/64.jpg', 'thumbnail': 'https://randomuser.me/api/portraits/thumb/men/64.jpg'}, 'nat': 'CA'}], 'info': {'seed': '35e90295d3357dfa', 'results': 1, 'page': 1, 'version': '1.4'}}</msg>
<arg>${json_data}</arg>
<doc>Logs the given message with the given level.</doc>
<status status="PASS" start="2024-06-11T09:17:30.875765" elapsed="0.000207"/>
</kw>
<kw name="Dictionary Should Contain Key" owner="Collections">
<arg>${json_data}</arg>
<arg>results</arg>
<doc>Fails if ``key`` is not found from ``dictionary``.</doc>
<status status="PASS" start="2024-06-11T09:17:30.876266" elapsed="0.000165"/>
</kw>
<kw name="Should Not Be Empty" owner="BuiltIn">
<msg time="2024-06-11T09:17:30.876739" level="INFO">Length is 2.</msg>
<arg>${json_data}</arg>
<doc>Verifies that the given item is not empty.</doc>
<status status="PASS" start="2024-06-11T09:17:30.876615" elapsed="0.000162"/>
</kw>
<kw name="Create List" owner="BuiltIn">
<msg time="2024-06-11T09:17:30.877214" level="INFO">${expected_keys} = ['gender', 'name', 'location', 'email', 'login']</msg>
<var>${expected_keys}</var>
<arg>gender</arg>
<arg>name</arg>
<arg>location</arg>
<arg>email</arg>
<arg>login</arg>
<doc>Returns a list containing given items.</doc>
<status status="PASS" start="2024-06-11T09:17:30.877066" elapsed="0.000172"/>
</kw>
<for flavor="IN">
<iter>
<kw name="Dictionary Should Contain Key" owner="Collections">
<arg>${json_data['results'][0]}</arg>
<arg>${key}</arg>
<doc>Fails if ``key`` is not found from ``dictionary``.</doc>
<status status="PASS" start="2024-06-11T09:17:30.877826" elapsed="0.000397"/>
</kw>
<kw name="Log" owner="BuiltIn">
<msg time="2024-06-11T09:17:30.878816" level="INFO">{'gender': 'male', 'name': {'title': 'Mr', 'first': 'Dominic', 'last': 'Claire'}, 'location': {'street': {'number': 9765, 'name': 'Dufferin St'}, 'city': 'Cochrane', 'state': 'Alberta', 'country': 'Canada', 'postcode': 'A8T 6V2', 'coordinates': {'latitude': '-66.3469', 'longitude': '-166.9345'}, 'timezone': {'offset': '-11:00', 'description': 'Midway Island, Samoa'}}, 'email': 'dominic.claire@example.com', 'login': {'uuid': '431f6311-a019-4331-ba29-6c4af3e76128', 'username': 'bluelion489', 'password': 'mystery', 'salt': 'NagKnpg8', 'md5': '704d8ab1e9473339cb84de10c9db8703', 'sha1': 'bf4edb684e3be06ac6a62f8acaf35aa512f4be24', 'sha256': 'f754aac20e525e65296cb99ec6f596f88eb4338ead728313578aed1e5aa22126'}, 'dob': {'date': '1989-12-08T00:53:40.283Z', 'age': 34}, 'registered': {'date': '2008-05-19T15:30:00.955Z', 'age': 16}, 'phone': 'Z29 M30-1507', 'cell': 'D89 N07-6106', 'id': {'name': 'SIN', 'value': '726423247'}, 'picture': {'large': 'https://randomuser.me/api/portraits/men/64.jpg', 'medium': 'https://randomuser.me/api/portraits/med/men/64.jpg', 'thumbnail': 'https://randomuser.me/api/portraits/thumb/men/64.jpg'}, 'nat': 'CA'}</msg>
<arg>${json_data['results'][0]}</arg>
<doc>Logs the given message with the given level.</doc>
<status status="PASS" start="2024-06-11T09:17:30.878416" elapsed="0.000449"/>
</kw>
<kw name="Log" owner="BuiltIn">
<msg time="2024-06-11T09:17:30.879291" level="INFO">gender</msg>
<arg>${key}</arg>
<doc>Logs the given message with the given level.</doc>
<status status="PASS" start="2024-06-11T09:17:30.879163" elapsed="0.000167"/>
</kw>
<var name="${key}">gender</var>
<status status="PASS" start="2024-06-11T09:17:30.877701" elapsed="0.001851"/>
</iter>
<iter>
<kw name="Dictionary Should Contain Key" owner="Collections">
<arg>${json_data['results'][0]}</arg>
<arg>${key}</arg>
<doc>Fails if ``key`` is not found from ``dictionary``.</doc>
<status status="PASS" start="2024-06-11T09:17:30.879850" elapsed="0.000381"/>
</kw>
<kw name="Log" owner="BuiltIn">
<msg time="2024-06-11T09:17:30.880756" level="INFO">{'gender': 'male', 'name': {'title': 'Mr', 'first': 'Dominic', 'last': 'Claire'}, 'location': {'street': {'number': 9765, 'name': 'Dufferin St'}, 'city': 'Cochrane', 'state': 'Alberta', 'country': 'Canada', 'postcode': 'A8T 6V2', 'coordinates': {'latitude': '-66.3469', 'longitude': '-166.9345'}, 'timezone': {'offset': '-11:00', 'description': 'Midway Island, Samoa'}}, 'email': 'dominic.claire@example.com', 'login': {'uuid': '431f6311-a019-4331-ba29-6c4af3e76128', 'username': 'bluelion489', 'password': 'mystery', 'salt': 'NagKnpg8', 'md5': '704d8ab1e9473339cb84de10c9db8703', 'sha1': 'bf4edb684e3be06ac6a62f8acaf35aa512f4be24', 'sha256': 'f754aac20e525e65296cb99ec6f596f88eb4338ead728313578aed1e5aa22126'}, 'dob': {'date': '1989-12-08T00:53:40.283Z', 'age': 34}, 'registered': {'date': '2008-05-19T15:30:00.955Z', 'age': 16}, 'phone': 'Z29 M30-1507', 'cell': 'D89 N07-6106', 'id': {'name': 'SIN', 'value': '726423247'}, 'picture': {'large': 'https://randomuser.me/api/portraits/men/64.jpg', 'medium': 'https://randomuser.me/api/portraits/med/men/64.jpg', 'thumbnail': 'https://randomuser.me/api/portraits/thumb/men/64.jpg'}, 'nat': 'CA'}</msg>
<arg>${json_data['results'][0]}</arg>
<doc>Logs the given message with the given level.</doc>
<status status="PASS" start="2024-06-11T09:17:30.880411" elapsed="0.000425"/>
</kw>
<kw name="Log" owner="BuiltIn">
<msg time="2024-06-11T09:17:30.881263" level="INFO">name</msg>
<arg>${key}</arg>
<doc>Logs the given message with the given level.</doc>
<status status="PASS" start="2024-06-11T09:17:30.881133" elapsed="0.000168"/>
</kw>
<var name="${key}">name</var>
<status status="PASS" start="2024-06-11T09:17:30.879739" elapsed="0.001785"/>
</iter>
<iter>
<kw name="Dictionary Should Contain Key" owner="Collections">
<arg>${json_data['results'][0]}</arg>
<arg>${key}</arg>
<doc>Fails if ``key`` is not found from ``dictionary``.</doc>
<status status="PASS" start="2024-06-11T09:17:30.881813" elapsed="0.000377"/>
</kw>
<kw name="Log" owner="BuiltIn">
<msg time="2024-06-11T09:17:30.882756" level="INFO">{'gender': 'male', 'name': {'title': 'Mr', 'first': 'Dominic', 'last': 'Claire'}, 'location': {'street': {'number': 9765, 'name': 'Dufferin St'}, 'city': 'Cochrane', 'state': 'Alberta', 'country': 'Canada', 'postcode': 'A8T 6V2', 'coordinates': {'latitude': '-66.3469', 'longitude': '-166.9345'}, 'timezone': {'offset': '-11:00', 'description': 'Midway Island, Samoa'}}, 'email': 'dominic.claire@example.com', 'login': {'uuid': '431f6311-a019-4331-ba29-6c4af3e76128', 'username': 'bluelion489', 'password': 'mystery', 'salt': 'NagKnpg8', 'md5': '704d8ab1e9473339cb84de10c9db8703', 'sha1': 'bf4edb684e3be06ac6a62f8acaf35aa512f4be24', 'sha256': 'f754aac20e525e65296cb99ec6f596f88eb4338ead728313578aed1e5aa22126'}, 'dob': {'date': '1989-12-08T00:53:40.283Z', 'age': 34}, 'registered': {'date': '2008-05-19T15:30:00.955Z', 'age': 16}, 'phone': 'Z29 M30-1507', 'cell': 'D89 N07-6106', 'id': {'name': 'SIN', 'value': '726423247'}, 'picture': {'large': 'https://randomuser.me/api/portraits/men/64.jpg', 'medium': 'https://randomuser.me/api/portraits/med/men/64.jpg', 'thumbnail': 'https://randomuser.me/api/portraits/thumb/men/64.jpg'}, 'nat': 'CA'}</msg>
<arg>${json_data['results'][0]}</arg>
<doc>Logs the given message with the given level.</doc>
<status status="PASS" start="2024-06-11T09:17:30.882378" elapsed="0.000426"/>
</kw>
<kw name="Log" owner="BuiltIn">
<msg time="2024-06-11T09:17:30.883220" level="INFO">location</msg>
<arg>${key}</arg>
<doc>Logs the given message with the given level.</doc>
<status status="PASS" start="2024-06-11T09:17:30.883095" elapsed="0.000162"/>
</kw>
<var name="${key}">location</var>
<status status="PASS" start="2024-06-11T09:17:30.881703" elapsed="0.001775"/>
</iter>
<iter>
<kw name="Dictionary Should Contain Key" owner="Collections">
<arg>${json_data['results'][0]}</arg>
<arg>${key}</arg>
<doc>Fails if ``key`` is not found from ``dictionary``.</doc>
<status status="PASS" start="2024-06-11T09:17:30.883755" elapsed="0.000378"/>
</kw>
<kw name="Log" owner="BuiltIn">
<msg time="2024-06-11T09:17:30.884663" level="INFO">{'gender': 'male', 'name': {'title': 'Mr', 'first': 'Dominic', 'last': 'Claire'}, 'location': {'street': {'number': 9765, 'name': 'Dufferin St'}, 'city': 'Cochrane', 'state': 'Alberta', 'country': 'Canada', 'postcode': 'A8T 6V2', 'coordinates': {'latitude': '-66.3469', 'longitude': '-166.9345'}, 'timezone': {'offset': '-11:00', 'description': 'Midway Island, Samoa'}}, 'email': 'dominic.claire@example.com', 'login': {'uuid': '431f6311-a019-4331-ba29-6c4af3e76128', 'username': 'bluelion489', 'password': 'mystery', 'salt': 'NagKnpg8', 'md5': '704d8ab1e9473339cb84de10c9db8703', 'sha1': 'bf4edb684e3be06ac6a62f8acaf35aa512f4be24', 'sha256': 'f754aac20e525e65296cb99ec6f596f88eb4338ead728313578aed1e5aa22126'}, 'dob': {'date': '1989-12-08T00:53:40.283Z', 'age': 34}, 'registered': {'date': '2008-05-19T15:30:00.955Z', 'age': 16}, 'phone': 'Z29 M30-1507', 'cell': 'D89 N07-6106', 'id': {'name': 'SIN', 'value': '726423247'}, 'picture': {'large': 'https://randomuser.me/api/portraits/men/64.jpg', 'medium': 'https://randomuser.me/api/portraits/med/men/64.jpg', 'thumbnail': 'https://randomuser.me/api/portraits/thumb/men/64.jpg'}, 'nat': 'CA'}</msg>
<arg>${json_data['results'][0]}</arg>
<doc>Logs the given message with the given level.</doc>
<status status="PASS" start="2024-06-11T09:17:30.884316" elapsed="0.000395"/>
</kw>
<kw name="Log" owner="BuiltIn">
<msg time="2024-06-11T09:17:30.885132" level="INFO">email</msg>
<arg>${key}</arg>
<doc>Logs the given message with the given level.</doc>
<status status="PASS" start="2024-06-11T09:17:30.885007" elapsed="0.000162"/>
</kw>
<var name="${key}">email</var>
<status status="PASS" start="2024-06-11T09:17:30.883649" elapsed="0.001733"/>
</iter>
<iter>
<kw name="Dictionary Should Contain Key" owner="Collections">
<arg>${json_data['results'][0]}</arg>
<arg>${key}</arg>
<doc>Fails if ``key`` is not found from ``dictionary``.</doc>
<status status="PASS" start="2024-06-11T09:17:30.885658" elapsed="0.000371"/>
</kw>
<kw name="Log" owner="BuiltIn">
<msg time="2024-06-11T09:17:30.886613" level="INFO">{'gender': 'male', 'name': {'title': 'Mr', 'first': 'Dominic', 'last': 'Claire'}, 'location': {'street': {'number': 9765, 'name': 'Dufferin St'}, 'city': 'Cochrane', 'state': 'Alberta', 'country': 'Canada', 'postcode': 'A8T 6V2', 'coordinates': {'latitude': '-66.3469', 'longitude': '-166.9345'}, 'timezone': {'offset': '-11:00', 'description': 'Midway Island, Samoa'}}, 'email': 'dominic.claire@example.com', 'login': {'uuid': '431f6311-a019-4331-ba29-6c4af3e76128', 'username': 'bluelion489', 'password': 'mystery', 'salt': 'NagKnpg8', 'md5': '704d8ab1e9473339cb84de10c9db8703', 'sha1': 'bf4edb684e3be06ac6a62f8acaf35aa512f4be24', 'sha256': 'f754aac20e525e65296cb99ec6f596f88eb4338ead728313578aed1e5aa22126'}, 'dob': {'date': '1989-12-08T00:53:40.283Z', 'age': 34}, 'registered': {'date': '2008-05-19T15:30:00.955Z', 'age': 16}, 'phone': 'Z29 M30-1507', 'cell': 'D89 N07-6106', 'id': {'name': 'SIN', 'value': '726423247'}, 'picture': {'large': 'https://randomuser.me/api/portraits/men/64.jpg', 'medium': 'https://randomuser.me/api/portraits/med/men/64.jpg', 'thumbnail': 'https://randomuser.me/api/portraits/thumb/men/64.jpg'}, 'nat': 'CA'}</msg>
<arg>${json_data['results'][0]}</arg>
<doc>Logs the given message with the given level.</doc>
<status status="PASS" start="2024-06-11T09:17:30.886214" elapsed="0.000458"/>
</kw>
<kw name="Log" owner="BuiltIn">
<msg time="2024-06-11T09:17:30.887205" level="INFO">login</msg>
<arg>${key}</arg>
<doc>Logs the given message with the given level.</doc>
<status status="PASS" start="2024-06-11T09:17:30.886966" elapsed="0.000277"/>
</kw>
<var name="${key}">login</var>
<status status="PASS" start="2024-06-11T09:17:30.885552" elapsed="0.001910"/>
</iter>
<var>${key}</var>
<value>@{expected_keys}</value>
<status status="PASS" start="2024-06-11T09:17:30.877505" elapsed="0.010080"/>
</for>
<kw name="Create List" owner="BuiltIn">
<msg time="2024-06-11T09:17:30.887909" level="INFO">${expected_keysTwo} = ['username', 'password']</msg>
<var>${expected_keysTwo}</var>
<arg>username</arg>
<arg>password</arg>
<doc>Returns a list containing given items.</doc>
<status status="PASS" start="2024-06-11T09:17:30.887775" elapsed="0.000157"/>
</kw>
<for flavor="IN">
<iter>
<kw name="Dictionary Should Contain Key" owner="Collections">
<arg>${json_data['results'][0]['login']}</arg>
<arg>${keyTwo}</arg>
<doc>Fails if ``key`` is not found from ``dictionary``.</doc>
<status status="PASS" start="2024-06-11T09:17:30.888453" elapsed="0.000375"/>
</kw>
<kw name="Dictionary Should Contain Key" owner="Collections">
<arg>${json_data['results'][0]['login']}</arg>
<arg>${keyTwo}</arg>
<doc>Fails if ``key`` is not found from ``dictionary``.</doc>
<status status="PASS" start="2024-06-11T09:17:30.889009" elapsed="0.000377"/>
</kw>
<kw name="Log" owner="BuiltIn">
<msg time="2024-06-11T09:17:30.889685" level="INFO">username</msg>
<arg>${keyTwo}</arg>
<doc>Logs the given message with the given level.</doc>
<status status="PASS" start="2024-06-11T09:17:30.889568" elapsed="0.000154"/>
</kw>
<var name="${keyTwo}">username</var>
<status status="PASS" start="2024-06-11T09:17:30.888348" elapsed="0.001594"/>
</iter>
<iter>
<kw name="Dictionary Should Contain Key" owner="Collections">
<arg>${json_data['results'][0]['login']}</arg>
<arg>${keyTwo}</arg>
<doc>Fails if ``key`` is not found from ``dictionary``.</doc>
<status status="PASS" start="2024-06-11T09:17:30.890230" elapsed="0.000411"/>
</kw>
<kw name="Dictionary Should Contain Key" owner="Collections">
<arg>${json_data['results'][0]['login']}</arg>
<arg>${keyTwo}</arg>
<doc>Fails if ``key`` is not found from ``dictionary``.</doc>
<status status="PASS" start="2024-06-11T09:17:30.890823" elapsed="0.000364"/>
</kw>
<kw name="Log" owner="BuiltIn">
<msg time="2024-06-11T09:17:30.891484" level="INFO">password</msg>
<arg>${keyTwo}</arg>
<doc>Logs the given message with the given level.</doc>
<status status="PASS" start="2024-06-11T09:17:30.891365" elapsed="0.000156"/>
</kw>
<var name="${keyTwo}">password</var>
<status status="PASS" start="2024-06-11T09:17:30.890123" elapsed="0.001624"/>
</iter>
<var>${keyTwo}</var>
<value>@{expected_keysTwo}</value>
<status status="PASS" start="2024-06-11T09:17:30.888195" elapsed="0.003674"/>
</for>
<status status="PASS" start="2024-06-11T09:17:30.772266" elapsed="0.119746"/>
</kw>
<doc>Testa a estrutura da resposta da API.</doc>
<tag>testeEstruturaResposta</tag>
<status status="PASS" start="2024-06-11T09:17:30.771588" elapsed="0.120582"/>
</test>
<test id="s1-s1-t4" name="Validar tipos de dados" line="28">
<kw name="Teste de Tipos de Dados" owner="random-user-service">
<kw name="GET On Session" owner="RequestsLibrary">
<msg time="2024-06-11T09:17:30.966710" level="INFO">GET Request : url=https://randomuser.me/api 
 path_url=/api 
 headers={'User-Agent': 'python-requests/2.32.3', 'Accept-Encoding': 'gzip, deflate', 'Accept': '*/*', 'Connection': 'keep-alive'} 
 body=None 
 </msg>
<msg time="2024-06-11T09:17:30.966842" level="INFO">GET Response : url=https://randomuser.me/api 
 status=200, reason=OK 
 headers={'Date': 'Tue, 11 Jun 2024 09:17:30 GMT', 'Content-Type': 'application/json; charset=utf-8', 'Transfer-Encoding': 'chunked', 'Connection': 'keep-alive', 'X-Powered-By': 'Express', 'Access-Control-Allow-Origin': '*', 'Cache-Control': 'no-cache', 'ETag': 'W/"4b6-bSGguQwoRYVIjMERYmEc+eXuXzo"', 'Vary': 'Accept-Encoding', 'Content-Encoding': 'gzip', 'CF-Cache-Status': 'DYNAMIC', 'Report-To': '{"endpoints":[{"url":"https:\\/\\/a.nel.cloudflare.com\\/report\\/v4?s=CQgZsbbPG5aKrUwKcOE0ClcbndKW0uwJ5yyfUQXkd0sZE%2BfO7xreN4tL%2F9INouApXqrgOPUaiBepsJKxlI7EljIaMq8CSYTEGuE7geqMtMiFfn51o0c9Dd0oGZvvCL1O"}],"group":"cf-nel","max_age":604800}', 'NEL': '{"success_fraction":0,"report_to":"cf-nel","max_age":604800}', 'Server': 'cloudflare', 'CF-RAY': '8920822c1cc522dc-ORD', 'alt-svc': 'h3=":443"; ma=86400'} 
 body={"results":[{"gender":"female","name":{"title":"Miss","first":"Rebekka","last":"Kistyakivskiy"},"location":{"street":{"number":5961,"name":"Ploshcha Leonida Telyatnikova"},"city":"Alupka","state":"Harkivska","country":"Ukraine","postcode":65529,"coordinates":{"latitude":"78.6151","longitude":"102.6521"},"timezone":{"offset":"+5:00","description":"Ekaterinburg, Islamabad, Karachi, Tashkent"}},"email":"rebekka.kistyakivskiy@example.com","login":{"uuid":"b61a9e0d-95d5-4375-b0a1-05e69669dbff","username":"beautifulbear420","password":"party","salt":"x1tnDuEa","md5":"a178e30a49653e75443b9a00a41955d8","sha1":"6312455e9f1dc5cac52d49d636af547bd331656c","sha256":"ba6d41ce56acd185ad3b806d5921925dd9297ac37c10eb0011a45b64c5390532"},"dob":{"date":"1997-02-11T00:19:05.365Z","age":27},"registered":{"date":"2010-02-17T02:03:56.313Z","age":14},"phone":"(068) K58-6994","cell":"(067) V26-6498","id":{"name":"","value":null},"picture":{"large":"https://randomuser.me/api/portraits/women/56.jpg","medium":"https://randomuser.me/api/portraits/med/women/56.jpg","thumbnail":"https://randomuser.me/api/portraits/thumb/women/56.jpg"},"nat":"UA"}],"info":{"seed":"4905925576dcea7b","results":1,"page":1,"version":"1.4"}} 
 </msg>
<msg time="2024-06-11T09:17:30.966951" level="INFO">/opt/hostedtoolcache/Python/3.12.3/x64/lib/python3.12/site-packages/urllib3/connectionpool.py:1103: InsecureRequestWarning: Unverified HTTPS request is being made to host 'randomuser.me'. Adding certificate verification is strongly advised. See: https://urllib3.readthedocs.io/en/latest/advanced-usage.html#tls-warnings
  warnings.warn(</msg>
<msg time="2024-06-11T09:17:30.967134" level="INFO">${response} = &lt;Response [200]&gt;</msg>
<var>${response}</var>
<arg>consultarAPI</arg>
<arg>/api</arg>
<doc>Sends a GET request on a previously created HTTP Session.</doc>
<status status="PASS" start="2024-06-11T09:17:30.894739" elapsed="0.072444"/>
</kw>
<kw name="Set Variable" owner="BuiltIn">
<msg time="2024-06-11T09:17:30.968366" level="INFO">${json_data} = {'results': [{'gender': 'female', 'name': {'title': 'Miss', 'first': 'Rebekka', 'last': 'Kistyakivskiy'}, 'location': {'street': {'number': 5961, 'name': 'Ploshcha Leonida Telyatnikova'}, 'city': 'Alu...</msg>
<var>${json_data}</var>
<arg>${response.json()}</arg>
<doc>Returns the given values which can then be assigned to a variables.</doc>
<status status="PASS" start="2024-06-11T09:17:30.967814" elapsed="0.000581"/>
</kw>
<kw name="Log" owner="BuiltIn">
<msg time="2024-06-11T09:17:30.968874" level="INFO">{'results': [{'gender': 'female', 'name': {'title': 'Miss', 'first': 'Rebekka', 'last': 'Kistyakivskiy'}, 'location': {'street': {'number': 5961, 'name': 'Ploshcha Leonida Telyatnikova'}, 'city': 'Alupka', 'state': 'Harkivska', 'country': 'Ukraine', 'postcode': 65529, 'coordinates': {'latitude': '78.6151', 'longitude': '102.6521'}, 'timezone': {'offset': '+5:00', 'description': 'Ekaterinburg, Islamabad, Karachi, Tashkent'}}, 'email': 'rebekka.kistyakivskiy@example.com', 'login': {'uuid': 'b61a9e0d-95d5-4375-b0a1-05e69669dbff', 'username': 'beautifulbear420', 'password': 'party', 'salt': 'x1tnDuEa', 'md5': 'a178e30a49653e75443b9a00a41955d8', 'sha1': '6312455e9f1dc5cac52d49d636af547bd331656c', 'sha256': 'ba6d41ce56acd185ad3b806d5921925dd9297ac37c10eb0011a45b64c5390532'}, 'dob': {'date': '1997-02-11T00:19:05.365Z', 'age': 27}, 'registered': {'date': '2010-02-17T02:03:56.313Z', 'age': 14}, 'phone': '(068) K58-6994', 'cell': '(067) V26-6498', 'id': {'name': '', 'value': None}, 'picture': {'large': 'https://randomuser.me/api/portraits/women/56.jpg', 'medium': 'https://randomuser.me/api/portraits/med/women/56.jpg', 'thumbnail': 'https://randomuser.me/api/portraits/thumb/women/56.jpg'}, 'nat': 'UA'}], 'info': {'seed': '4905925576dcea7b', 'results': 1, 'page': 1, 'version': '1.4'}}</msg>
<arg>${json_data}</arg>
<doc>Logs the given message with the given level.</doc>
<status status="PASS" start="2024-06-11T09:17:30.968716" elapsed="0.000205"/>
</kw>
<kw name="Should Be String" owner="String">
<arg>${json_data['results'][0]['gender']}</arg>
<doc>Fails if the given ``item`` is not a string.</doc>
<status status="PASS" start="2024-06-11T09:17:30.969215" elapsed="0.000361"/>
</kw>
<kw name="Should Match Regexp" owner="BuiltIn">
<arg>${json_data['results'][0]['email']}</arg>
<arg>^[a-zA-Z0-9._%+-]+@[a-zA-Z0-9.-]+\.[a-zA-Z]{2,}$</arg>
<doc>Fails if ``string`` does not match ``pattern`` as a regular expression.</doc>
<status status="PASS" start="2024-06-11T09:17:30.969769" elapsed="0.000516"/>
</kw>
<kw name="Should Match Regexp" owner="BuiltIn">
<arg>${json_data['results'][0]['dob']['date']}</arg>
<arg>\\d{4}-\\d{2}-\\d{2}T\\d{2}:\\d{2}:\\d{2}\\.\\d{3}Z</arg>
<doc>Fails if ``string`` does not match ``pattern`` as a regular expression.</doc>
<status status="PASS" start="2024-06-11T09:17:30.970555" elapsed="0.000505"/>
</kw>
<kw name="Should Match Regexp" owner="BuiltIn">
<arg>${json_data['results'][0]['registered']['date']}</arg>
<arg>\\d{4}-\\d{2}-\\d{2}T\\d{2}:\\d{2}:\\d{2}\\.\\d{3}Z</arg>
<doc>Fails if ``string`` does not match ``pattern`` as a regular expression.</doc>
<status status="PASS" start="2024-06-11T09:17:30.971256" elapsed="0.000371"/>
</kw>
<kw name="Should Match Regexp" owner="BuiltIn">
<arg>${json_data['results'][0]['picture']['large']}</arg>
<arg>^https?://.*\.(?:png|jpe?g|gif|bmp)$</arg>
<doc>Fails if ``string`` does not match ``pattern`` as a regular expression.</doc>
<status status="PASS" start="2024-06-11T09:17:30.971817" elapsed="0.000465"/>
</kw>
<kw name="Should Match Regexp" owner="BuiltIn">
<arg>${json_data['results'][0]['picture']['medium']}</arg>
<arg>^https?://.*\.(?:png|jpe?g|gif|bmp)$</arg>
<doc>Fails if ``string`` does not match ``pattern`` as a regular expression.</doc>
<status status="PASS" start="2024-06-11T09:17:30.972477" elapsed="0.000351"/>
</kw>
<kw name="Should Match Regexp" owner="BuiltIn">
<arg>${json_data['results'][0]['picture']['thumbnail']}</arg>
<arg>^https?://.*\.(?:png|jpe?g|gif|bmp)$</arg>
<doc>Fails if ``string`` does not match ``pattern`` as a regular expression.</doc>
<status status="PASS" start="2024-06-11T09:17:30.973018" elapsed="0.000346"/>
</kw>
<kw name="Log" owner="BuiltIn">
<msg time="2024-06-11T09:17:30.973878" level="INFO">{'large': 'https://randomuser.me/api/portraits/women/56.jpg', 'medium': 'https://randomuser.me/api/portraits/med/women/56.jpg', 'thumbnail': 'https://randomuser.me/api/portraits/thumb/women/56.jpg'}</msg>
<arg>${json_data['results'][0]['picture']}</arg>
<doc>Logs the given message with the given level.</doc>
<status status="PASS" start="2024-06-11T09:17:30.973548" elapsed="0.000372"/>
</kw>
<status status="PASS" start="2024-06-11T09:17:30.894487" elapsed="0.079702"/>
</kw>
<kw name="Teste de Tipos de Dados - Postcode" owner="random-user-service">
<kw name="GET On Session" owner="RequestsLibrary">
<msg time="2024-06-11T09:17:31.076078" level="INFO">GET Request : url=https://randomuser.me/api 
 path_url=/api 
 headers={'User-Agent': 'python-requests/2.32.3', 'Accept-Encoding': 'gzip, deflate', 'Accept': '*/*', 'Connection': 'keep-alive'} 
 body=None 
 </msg>
<msg time="2024-06-11T09:17:31.076198" level="INFO">GET Response : url=https://randomuser.me/api 
 status=200, reason=OK 
 headers={'Date': 'Tue, 11 Jun 2024 09:17:31 GMT', 'Content-Type': 'application/json; charset=utf-8', 'Transfer-Encoding': 'chunked', 'Connection': 'keep-alive', 'X-Powered-By': 'Express', 'Access-Control-Allow-Origin': '*', 'Cache-Control': 'no-cache', 'ETag': 'W/"48a-Qnju5nfyLsBcDG3fSdaH9hAYKcE"', 'Vary': 'Accept-Encoding', 'Content-Encoding': 'gzip', 'CF-Cache-Status': 'DYNAMIC', 'Report-To': '{"endpoints":[{"url":"https:\\/\\/a.nel.cloudflare.com\\/report\\/v4?s=FXdeD5SQgDJ2tJrvLzVNY7bvVvCXN0D1JxjxG2AZBV12bVHO2lYTOgGpDocqlRT07rLrSca6KUpa7ede2%2FHEM%2FQE2HDBfO48hpmsXYx4QBRF0Ly9gko73MGslnoMMJT7"}],"group":"cf-nel","max_age":604800}', 'NEL': '{"success_fraction":0,"report_to":"cf-nel","max_age":604800}', 'Server': 'cloudflare', 'CF-RAY': '8920822c9d2022dc-ORD', 'alt-svc': 'h3=":443"; ma=86400'} 
 body={"results":[{"gender":"male","name":{"title":"Mr","first":"Kirk","last":"Perry"},"location":{"street":{"number":8524,"name":"Park Avenue"},"city":"Sallins","state":"Galway City","country":"Ireland","postcode":73042,"coordinates":{"latitude":"-1.0914","longitude":"-12.9028"},"timezone":{"offset":"-5:00","description":"Eastern Time (US &amp; Canada), Bogota, Lima"}},"email":"kirk.perry@example.com","login":{"uuid":"9b4d9d5b-b676-41ed-ae3b-540e2c37cbe2","username":"brownpanda436","password":"vacation","salt":"RzEzg316","md5":"09cd7a6983139ebcc85bf1f10b89f3d7","sha1":"e1b579099c07653730a6c603c7fc2706e3bda42d","sha256":"be3f6da76e8f7a062fcc43cbafb16e260286da668ab0895c9cf70afa61ee3b71"},"dob":{"date":"1959-11-12T08:36:10.788Z","age":64},"registered":{"date":"2003-05-01T14:26:07.853Z","age":21},"phone":"011-724-7691","cell":"081-295-9905","id":{"name":"PPS","value":"0618250T"},"picture":{"large":"https://randomuser.me/api/portraits/men/89.jpg","medium":"https://randomuser.me/api/portraits/med/men/89.jpg","thumbnail":"https://randomuser.me/api/portraits/thumb/men/89.jpg"},"nat":"IE"}],"info":{"seed":"1fa6793949ec4f7a","results":1,"page":1,"version":"1.4"}} 
 </msg>
<msg time="2024-06-11T09:17:31.076317" level="INFO">/opt/hostedtoolcache/Python/3.12.3/x64/lib/python3.12/site-packages/urllib3/connectionpool.py:1103: InsecureRequestWarning: Unverified HTTPS request is being made to host 'randomuser.me'. Adding certificate verification is strongly advised. See: https://urllib3.readthedocs.io/en/latest/advanced-usage.html#tls-warnings
  warnings.warn(</msg>
<msg time="2024-06-11T09:17:31.076461" level="INFO">${response} = &lt;Response [200]&gt;</msg>
<var>${response}</var>
<arg>consultarAPI</arg>
<arg>/api</arg>
<doc>Sends a GET request on a previously created HTTP Session.</doc>
<status status="PASS" start="2024-06-11T09:17:30.974692" elapsed="0.101815"/>
</kw>
<kw name="Set Variable" owner="BuiltIn">
<msg time="2024-06-11T09:17:31.077580" level="INFO">${json_data} = {'results': [{'gender': 'male', 'name': {'title': 'Mr', 'first': 'Kirk', 'last': 'Perry'}, 'location': {'street': {'number': 8524, 'name': 'Park Avenue'}, 'city': 'Sallins', 'state': 'Galway City', 'c...</msg>
<var>${json_data}</var>
<arg>${response.json()}</arg>
<doc>Returns the given values which can then be assigned to a variables.</doc>
<status status="PASS" start="2024-06-11T09:17:31.077049" elapsed="0.000560"/>
</kw>
<kw name="Log" owner="BuiltIn">
<msg time="2024-06-11T09:17:31.078080" level="INFO">{'results': [{'gender': 'male', 'name': {'title': 'Mr', 'first': 'Kirk', 'last': 'Perry'}, 'location': {'street': {'number': 8524, 'name': 'Park Avenue'}, 'city': 'Sallins', 'state': 'Galway City', 'country': 'Ireland', 'postcode': 73042, 'coordinates': {'latitude': '-1.0914', 'longitude': '-12.9028'}, 'timezone': {'offset': '-5:00', 'description': 'Eastern Time (US &amp; Canada), Bogota, Lima'}}, 'email': 'kirk.perry@example.com', 'login': {'uuid': '9b4d9d5b-b676-41ed-ae3b-540e2c37cbe2', 'username': 'brownpanda436', 'password': 'vacation', 'salt': 'RzEzg316', 'md5': '09cd7a6983139ebcc85bf1f10b89f3d7', 'sha1': 'e1b579099c07653730a6c603c7fc2706e3bda42d', 'sha256': 'be3f6da76e8f7a062fcc43cbafb16e260286da668ab0895c9cf70afa61ee3b71'}, 'dob': {'date': '1959-11-12T08:36:10.788Z', 'age': 64}, 'registered': {'date': '2003-05-01T14:26:07.853Z', 'age': 21}, 'phone': '011-724-7691', 'cell': '081-295-9905', 'id': {'name': 'PPS', 'value': '0618250T'}, 'picture': {'large': 'https://randomuser.me/api/portraits/men/89.jpg', 'medium': 'https://randomuser.me/api/portraits/med/men/89.jpg', 'thumbnail': 'https://randomuser.me/api/portraits/thumb/men/89.jpg'}, 'nat': 'IE'}], 'info': {'seed': '1fa6793949ec4f7a', 'results': 1, 'page': 1, 'version': '1.4'}}</msg>
<arg>${json_data}</arg>
<doc>Logs the given message with the given level.</doc>
<status status="PASS" start="2024-06-11T09:17:31.077924" elapsed="0.000206"/>
</kw>
<kw name="Should Be Equal As Numbers" owner="BuiltIn">
<arg>${json_data['results'][0]['location']['postcode']}</arg>
<arg>${json_data['results'][0]['location']['postcode']}</arg>
<doc>Fails if objects are unequal after converting them to real numbers.</doc>
<status status="PASS" start="2024-06-11T09:17:31.078428" elapsed="0.000680"/>
</kw>
<kw name="Log" owner="BuiltIn">
<msg time="2024-06-11T09:17:31.079631" level="INFO">73042</msg>
<arg>${json_data['results'][0]['location']['postcode']}</arg>
<doc>Logs the given message with the given level.</doc>
<status status="PASS" start="2024-06-11T09:17:31.079299" elapsed="0.000372"/>
</kw>
<status status="PASS" start="2024-06-11T09:17:30.974420" elapsed="0.105539"/>
</kw>
<doc>Testa se os tipos de dados na resposta da API estão corretos.</doc>
<tag>testeTiposDados</tag>
<status status="PASS" start="2024-06-11T09:17:30.893971" elapsed="0.186162"/>
</test>
<test id="s1-s1-t5" name="Validar conteudo" line="35">
<kw name="Teste de Tipos de Conteudo" owner="random-user-service">
<kw name="GET On Session" owner="RequestsLibrary">
<msg time="2024-06-11T09:17:31.160996" level="INFO">GET Request : url=https://randomuser.me/api 
 path_url=/api 
 headers={'User-Agent': 'python-requests/2.32.3', 'Accept-Encoding': 'gzip, deflate', 'Accept': '*/*', 'Connection': 'keep-alive'} 
 body=None 
 </msg>
<msg time="2024-06-11T09:17:31.161099" level="INFO">GET Response : url=https://randomuser.me/api 
 status=200, reason=OK 
 headers={'Date': 'Tue, 11 Jun 2024 09:17:31 GMT', 'Content-Type': 'application/json; charset=utf-8', 'Transfer-Encoding': 'chunked', 'Connection': 'keep-alive', 'X-Powered-By': 'Express', 'Access-Control-Allow-Origin': '*', 'Cache-Control': 'no-cache', 'ETag': 'W/"47a-T6v0nlimrtal4wXq0iPOB7E7DlA"', 'Vary': 'Accept-Encoding', 'Content-Encoding': 'gzip', 'CF-Cache-Status': 'DYNAMIC', 'Report-To': '{"endpoints":[{"url":"https:\\/\\/a.nel.cloudflare.com\\/report\\/v4?s=dYNaG4LhDNS65U7iPO2JFP4PS%2FGcE6TIO0axG%2FOx7zvQCX%2FzFo0w1lGPI0w9Ps3F0EqiMjiReB8a03YMwn%2F8Rk7OUqF8ziR6sp2wGuEpglR%2FIpSdbLeVRzWLVheOTB5l"}],"group":"cf-nel","max_age":604800}', 'NEL': '{"success_fraction":0,"report_to":"cf-nel","max_age":604800}', 'Server': 'cloudflare', 'CF-RAY': '8920822d4d9222dc-ORD', 'alt-svc': 'h3=":443"; ma=86400'} 
 body={"results":[{"gender":"male","name":{"title":"Mr","first":"Leo","last":"Kalm"},"location":{"street":{"number":4095,"name":"Rotuaari"},"city":"Kannus","state":"Kymenlaakso","country":"Finland","postcode":99153,"coordinates":{"latitude":"-24.5142","longitude":"-15.3835"},"timezone":{"offset":"+6:00","description":"Almaty, Dhaka, Colombo"}},"email":"leo.kalm@example.com","login":{"uuid":"83c6b33f-114a-45b8-afd6-c5f5acf3c187","username":"ticklishgoose780","password":"xtreme","salt":"eerOwRIy","md5":"f1846140fa7a2d5f71c2df67fd469949","sha1":"7b02ebc0a0f7935865501bcf701a90387c3b311a","sha256":"db5be99d90d0fe98f2b909090a3cffadacabe066d7d6facd88bf7654354fb262"},"dob":{"date":"1963-12-26T01:48:15.589Z","age":60},"registered":{"date":"2022-02-09T19:34:40.459Z","age":2},"phone":"07-792-715","cell":"044-070-70-04","id":{"name":"HETU","value":"NaNNA161undefined"},"picture":{"large":"https://randomuser.me/api/portraits/men/34.jpg","medium":"https://randomuser.me/api/portraits/med/men/34.jpg","thumbnail":"https://randomuser.me/api/portraits/thumb/men/34.jpg"},"nat":"FI"}],"info":{"seed":"3ed5b9004d77a876","results":1,"page":1,"version":"1.4"}} 
 </msg>
<msg time="2024-06-11T09:17:31.161171" level="INFO">/opt/hostedtoolcache/Python/3.12.3/x64/lib/python3.12/site-packages/urllib3/connectionpool.py:1103: InsecureRequestWarning: Unverified HTTPS request is being made to host 'randomuser.me'. Adding certificate verification is strongly advised. See: https://urllib3.readthedocs.io/en/latest/advanced-usage.html#tls-warnings
  warnings.warn(</msg>
<msg time="2024-06-11T09:17:31.161290" level="INFO">${response} = &lt;Response [200]&gt;</msg>
<var>${response}</var>
<arg>consultarAPI</arg>
<arg>/api</arg>
<doc>Sends a GET request on a previously created HTTP Session.</doc>
<status status="PASS" start="2024-06-11T09:17:31.082689" elapsed="0.078627"/>
</kw>
<kw name="Set Variable" owner="BuiltIn">
<msg time="2024-06-11T09:17:31.162358" level="INFO">${json_data} = {'results': [{'gender': 'male', 'name': {'title': 'Mr', 'first': 'Leo', 'last': 'Kalm'}, 'location': {'street': {'number': 4095, 'name': 'Rotuaari'}, 'city': 'Kannus', 'state': 'Kymenlaakso', 'country...</msg>
<var>${json_data}</var>
<arg>${response.json()}</arg>
<doc>Returns the given values which can then be assigned to a variables.</doc>
<status status="PASS" start="2024-06-11T09:17:31.161854" elapsed="0.000534"/>
</kw>
<kw name="Set Variable" owner="BuiltIn">
<msg time="2024-06-11T09:17:31.163130" level="INFO">${name_title} = Mr</msg>
<var>${name_title}</var>
<arg>${json_data["results"][0]["name"]["title"]}</arg>
<doc>Returns the given values which can then be assigned to a variables.</doc>
<status status="PASS" start="2024-06-11T09:17:31.162750" elapsed="0.000405"/>
</kw>
<kw name="Create List" owner="BuiltIn">
<msg time="2024-06-11T09:17:31.163598" level="INFO">${allowed_titles} = ['Mr', 'Ms', 'Miss', 'Mrs', 'Madame', 'Monsieur']</msg>
<var>${allowed_titles}</var>
<arg>Mr</arg>
<arg>Ms</arg>
<arg>Miss</arg>
<arg>Mrs</arg>
<arg>Madame</arg>
<arg>Monsieur</arg>
<doc>Returns a list containing given items.</doc>
<status status="PASS" start="2024-06-11T09:17:31.163451" elapsed="0.000171"/>
</kw>
<kw name="List Should Contain Value" owner="Collections">
<arg>${allowed_titles}</arg>
<arg>${name_title}</arg>
<doc>Fails if the ``value`` is not found from ``list``.</doc>
<status status="PASS" start="2024-06-11T09:17:31.163915" elapsed="0.000173"/>
</kw>
<kw name="Set Variable" owner="BuiltIn">
<msg time="2024-06-11T09:17:31.164624" level="INFO">${name_country} = FI</msg>
<var>${name_country}</var>
<arg>${json_data["results"][0]["nat"]}</arg>
<doc>Returns the given values which can then be assigned to a variables.</doc>
<status status="PASS" start="2024-06-11T09:17:31.164262" elapsed="0.000387"/>
</kw>
<kw name="Create List" owner="BuiltIn">
<msg time="2024-06-11T09:17:31.165536" level="INFO">${list_country} = ['AD', 'AE', 'AF', 'AG', 'AI', 'AL', 'AM', 'AO', 'AQ', 'AR', 'AS', 'AT', 'AU', 'AW', 'AX', 'AZ', 'BA', 'BB', 'BD', 'BE', 'BF', 'BG', 'BH', 'BI', 'BJ', 'BL', 'BM', 'BN', 'BO', 'BQ', 'BR', 'BS', 'BT', '...</msg>
<var>${list_country}</var>
<arg>AD</arg>
<arg>AE</arg>
<arg>AF</arg>
<arg>AG</arg>
<arg>AI</arg>
<arg>AL</arg>
<arg>AM</arg>
<arg>AO</arg>
<arg>AQ</arg>
<arg>AR</arg>
<arg>AS</arg>
<arg>AT</arg>
<arg>AU</arg>
<arg>AW</arg>
<arg>AX</arg>
<arg>AZ</arg>
<arg>BA</arg>
<arg>BB</arg>
<arg>BD</arg>
<arg>BE</arg>
<arg>BF</arg>
<arg>BG</arg>
<arg>BH</arg>
<arg>BI</arg>
<arg>BJ</arg>
<arg>BL</arg>
<arg>BM</arg>
<arg>BN</arg>
<arg>BO</arg>
<arg>BQ</arg>
<arg>BR</arg>
<arg>BS</arg>
<arg>BT</arg>
<arg>BV</arg>
<arg>BW</arg>
<arg>BY</arg>
<arg>BZ</arg>
<arg>CA</arg>
<arg>CC</arg>
<arg>CD</arg>
<arg>CF</arg>
<arg>CG</arg>
<arg>CH</arg>
<arg>CI</arg>
<arg>CK</arg>
<arg>CL</arg>
<arg>CM</arg>
<arg>CN</arg>
<arg>CO</arg>
<arg>CR</arg>
<arg>CU</arg>
<arg>CV</arg>
<arg>CW</arg>
<arg>CX</arg>
<arg>CY</arg>
<arg>CZ</arg>
<arg>DE</arg>
<arg>DJ</arg>
<arg>DK</arg>
<arg>DM</arg>
<arg>DO</arg>
<arg>DZ</arg>
<arg>EC</arg>
<arg>EE</arg>
<arg>EG</arg>
<arg>EH</arg>
<arg>ER</arg>
<arg>ES</arg>
<arg>ET</arg>
<arg>FI</arg>
<arg>FJ</arg>
<arg>FK</arg>
<arg>FM</arg>
<arg>FO</arg>
<arg>FR</arg>
<arg>GA</arg>
<arg>GB</arg>
<arg>GD</arg>
<arg>GE</arg>
<arg>GF</arg>
<arg>GG</arg>
<arg>GH</arg>
<arg>GI</arg>
<arg>GL</arg>
<arg>GM</arg>
<arg>GN</arg>
<arg>GP</arg>
<arg>GQ</arg>
<arg>GR</arg>
<arg>GS</arg>
<arg>GT</arg>
<arg>GU</arg>
<arg>GW</arg>
<arg>GY</arg>
<arg>HK</arg>
<arg>HM</arg>
<arg>HN</arg>
<arg>HR</arg>
<arg>HT</arg>
<arg>HU</arg>
<arg>ID</arg>
<arg>IE</arg>
<arg>IL</arg>
<arg>IM</arg>
<arg>IN</arg>
<arg>IO</arg>
<arg>IQ</arg>
<arg>IR</arg>
<arg>IS</arg>
<arg>IT</arg>
<arg>JE</arg>
<arg>JM</arg>
<arg>JO</arg>
<arg>JP</arg>
<arg>KE</arg>
<arg>KG</arg>
<arg>KH</arg>
<arg>KI</arg>
<arg>KM</arg>
<arg>KN</arg>
<arg>KP</arg>
<arg>KR</arg>
<arg>KW</arg>
<arg>KY</arg>
<arg>KZ</arg>
<arg>LA</arg>
<arg>LB</arg>
<arg>LC</arg>
<arg>LI</arg>
<arg>LK</arg>
<arg>LR</arg>
<arg>LS</arg>
<arg>LT</arg>
<arg>LU</arg>
<arg>LV</arg>
<arg>LY</arg>
<arg>MA</arg>
<arg>MC</arg>
<arg>MD</arg>
<arg>ME</arg>
<arg>MF</arg>
<arg>MG</arg>
<arg>MH</arg>
<arg>MK</arg>
<arg>ML</arg>
<arg>MM</arg>
<arg>MN</arg>
<arg>MO</arg>
<arg>MP</arg>
<arg>MQ</arg>
<arg>MR</arg>
<arg>MS</arg>
<arg>MT</arg>
<arg>MU</arg>
<arg>MV</arg>
<arg>MW</arg>
<arg>MX</arg>
<arg>MY</arg>
<arg>MZ</arg>
<arg>NA</arg>
<arg>NC</arg>
<arg>NE</arg>
<arg>NF</arg>
<arg>NG</arg>
<arg>NI</arg>
<arg>NL</arg>
<arg>NO</arg>
<arg>NP</arg>
<arg>NR</arg>
<arg>NU</arg>
<arg>NZ</arg>
<arg>OM</arg>
<arg>PA</arg>
<arg>PE</arg>
<arg>PF</arg>
<arg>PG</arg>
<arg>PH</arg>
<arg>PK</arg>
<arg>PL</arg>
<arg>PM</arg>
<arg>PN</arg>
<arg>PR</arg>
<arg>PS</arg>
<arg>PT</arg>
<arg>PW</arg>
<arg>PY</arg>
<arg>QA</arg>
<arg>RE</arg>
<arg>RO</arg>
<arg>RS</arg>
<arg>RU</arg>
<arg>RW</arg>
<arg>SA</arg>
<arg>SB</arg>
<arg>SC</arg>
<arg>SD</arg>
<arg>SE</arg>
<arg>SG</arg>
<arg>SH</arg>
<arg>SI</arg>
<arg>SJ</arg>
<arg>SK</arg>
<arg>SL</arg>
<arg>SM</arg>
<arg>SN</arg>
<arg>SO</arg>
<arg>SR</arg>
<arg>SS</arg>
<arg>ST</arg>
<arg>SV</arg>
<arg>SX</arg>
<arg>SY</arg>
<arg>SZ</arg>
<arg>TC</arg>
<arg>TD</arg>
<arg>TF</arg>
<arg>TG</arg>
<arg>TH</arg>
<arg>TJ</arg>
<arg>TK</arg>
<arg>TL</arg>
<arg>TM</arg>
<arg>TN</arg>
<arg>TO</arg>
<arg>TR</arg>
<arg>TT</arg>
<arg>TV</arg>
<arg>TW</arg>
<arg>TZ</arg>
<arg>UA</arg>
<arg>UG</arg>
<arg>UM</arg>
<arg>US</arg>
<arg>UY</arg>
<arg>UZ</arg>
<arg>VA</arg>
<arg>VC</arg>
<arg>VE</arg>
<arg>VG</arg>
<arg>VI</arg>
<arg>VN</arg>
<arg>VU</arg>
<arg>WF</arg>
<arg>WS</arg>
<arg>XK</arg>
<arg>YE</arg>
<arg>YT</arg>
<arg>ZA</arg>
<arg>ZM</arg>
<arg>ZW</arg>
<doc>Returns a list containing given items.</doc>
<status status="PASS" start="2024-06-11T09:17:31.164940" elapsed="0.000621"/>
</kw>
<kw name="List Should Contain Value" owner="Collections">
<arg>${list_country}</arg>
<arg>${name_country}</arg>
<doc>Fails if the ``value`` is not found from ``list``.</doc>
<status status="PASS" start="2024-06-11T09:17:31.166353" elapsed="0.000251"/>
</kw>
<kw name="Run Keyword If" owner="BuiltIn">
<kw name="Should Be True" owner="BuiltIn">
<arg>${True}</arg>
<doc>Fails if the given condition is not true.</doc>
<status status="PASS" start="2024-06-11T09:17:31.167671" elapsed="0.000148"/>
</kw>
<arg>${json_data["results"][0]["location"]["coordinates"]["latitude"]} &gt;= -90 and ${json_data["results"][0]["location"]["coordinates"]["latitude"]} &lt;= 90</arg>
<arg>Should Be True</arg>
<arg>${True}</arg>
<doc>Runs the given keyword with the given arguments, if ``condition`` is true.</doc>
<status status="PASS" start="2024-06-11T09:17:31.166809" elapsed="0.001135"/>
</kw>
<kw name="Run Keyword If" owner="BuiltIn">
<kw name="Should Be True" owner="BuiltIn">
<arg>${True}</arg>
<doc>Fails if the given condition is not true.</doc>
<status status="PASS" start="2024-06-11T09:17:31.168799" elapsed="0.000135"/>
</kw>
<arg>${json_data["results"][0]["location"]["coordinates"]["longitude"]} &gt;= -180 and ${json_data["results"][0]["location"]["coordinates"]["longitude"]} &lt;= 180</arg>
<arg>Should Be True</arg>
<arg>${True}</arg>
<doc>Runs the given keyword with the given arguments, if ``condition`` is true.</doc>
<status status="PASS" start="2024-06-11T09:17:31.168121" elapsed="0.000933"/>
</kw>
<status status="PASS" start="2024-06-11T09:17:31.082447" elapsed="0.086735"/>
</kw>
<doc>Testa o conteúdo específico dos campos retornados pela API.</doc>
<tag>testeConteudo</tag>
<status status="PASS" start="2024-06-11T09:17:31.081915" elapsed="0.087418"/>
</test>
<status status="PASS" start="2024-06-11T09:17:30.319252" elapsed="0.852014"/>
</suite>
<status status="PASS" start="2024-06-11T09:17:30.304599" elapsed="0.871656"/>
</suite>
<statistics>
<total>
<stat pass="5" fail="0" skip="0">All Tests</stat>
</total>
<tag>
<stat pass="1" fail="0" skip="0">testeConteudo</stat>
<stat pass="1" fail="0" skip="0">testeEstruturaResposta</stat>
<stat pass="1" fail="0" skip="0">testeRequisicaoBasica</stat>
<stat pass="1" fail="0" skip="0">testeTiposDados</stat>
</tag>
<suite>
<stat pass="5" fail="0" skip="0" id="s1" name="Tests">Tests</stat>
<stat pass="5" fail="0" skip="0" id="s1-s1" name="Random-User-Test">Tests.Random-User-Test</stat>
</suite>
</statistics>
<errors>
</errors>
</robot>
