<?xml version="1.0" encoding="UTF-8"?>
<robot generator="Robot 7.0 (Python 3.12.3 on linux)" generated="2024-05-14T23:13:47.764751" rpa="false" schemaversion="5">
<suite id="s1" name="Tests" source="/home/runner/work/DesafioQAItauRogerioJordao/DesafioQAItauRogerioJordao/RamdonUser/tests">
<suite id="s1-s1" name="Random-User-Test" source="/home/runner/work/DesafioQAItauRogerioJordao/DesafioQAItauRogerioJordao/RamdonUser/tests/random-user-test.robot">
<test id="s1-s1-t1" name="Conectar" line="13">
<kw name="Conectar API" owner="random-user-service">
<kw name="Create Session" owner="RequestsLibrary">
<msg time="2024-05-14T23:13:48.135578" level="INFO">Creating Session using : alias=consultarAPI, url=https://randomuser.me/, headers={},                     cookies={}, auth=None, timeout=None, proxies=None, verify=False,                     debug=0 </msg>
<arg>consultarAPI</arg>
<arg>${URL}</arg>
<doc>Create Session: create a HTTP session to a server</doc>
<status status="PASS" start="2024-05-14T23:13:48.135369" elapsed="0.000401"/>
</kw>
<status status="PASS" start="2024-05-14T23:13:48.134366" elapsed="0.001776"/>
</kw>
<status status="PASS" start="2024-05-14T23:13:48.133741" elapsed="0.002601"/>
</test>
<test id="s1-s1-t2" name="Validar retorno 200 e JSON Válido" line="16">
<kw name="Teste de Requisicao Basica" owner="random-user-service">
<kw name="GET On Session" owner="RequestsLibrary">
<msg time="2024-05-14T23:13:48.313847" level="INFO">GET Request : url=https://randomuser.me/api 
 path_url=/api 
 headers={'User-Agent': 'python-requests/2.31.0', 'Accept-Encoding': 'gzip, deflate', 'Accept': '*/*', 'Connection': 'keep-alive'} 
 body=None 
 </msg>
<msg time="2024-05-14T23:13:48.313992" level="INFO">GET Response : url=https://randomuser.me/api 
 status=200, reason=OK 
 headers={'Date': 'Tue, 14 May 2024 23:13:48 GMT', 'Content-Type': 'application/json; charset=utf-8', 'Transfer-Encoding': 'chunked', 'Connection': 'keep-alive', 'X-Powered-By': 'Express', 'Access-Control-Allow-Origin': '*', 'Cache-Control': 'no-cache', 'ETag': 'W/"4a6-qTqyWBv0z/ZeLR30w3cUkIyPxCk"', 'Vary': 'Accept-Encoding', 'Content-Encoding': 'gzip', 'CF-Cache-Status': 'DYNAMIC', 'Report-To': '{"endpoints":[{"url":"https:\\/\\/a.nel.cloudflare.com\\/report\\/v4?s=Q6Lmk45kCDAZCP%2FxUKf1ksklVk84QvQHS%2FBcIGJYGvOBQEHuP%2BdA%2BJxJaxXHa1CX4YPWRVlalJ3gE5aXOG%2FWjH3NxTvRWKxw2Hjo7%2FC1k4Xzj2eK%2FxktNT3%2B8Cpw6Stu"}],"group":"cf-nel","max_age":604800}', 'NEL': '{"success_fraction":0,"report_to":"cf-nel","max_age":604800}', 'Server': 'cloudflare', 'CF-RAY': '883e94b4cfca2087-IAD', 'alt-svc': 'h3=":443"; ma=86400'} 
 body={"results":[{"gender":"male","name":{"title":"Mr","first":"Franklin","last":"Gonzales"},"location":{"street":{"number":6181,"name":"E Center St"},"city":"Bernalillo","state":"Kentucky","country":"United States","postcode":30832,"coordinates":{"latitude":"82.9693","longitude":"-11.9131"},"timezone":{"offset":"-6:00","description":"Central Time (US &amp; Canada), Mexico City"}},"email":"franklin.gonzales@example.com","login":{"uuid":"54392153-b91d-46d4-a3fb-887a35d91f0d","username":"yellowpeacock578","password":"citroen","salt":"RKf2B2q4","md5":"4353c3e448e56d90e7ff7cc5f4b691d1","sha1":"dfdae06290535b06d4faf6c7d3805df2a82059ad","sha256":"4451d042e767cbf3c145c22411c1fd2de0f9e7463e68a74bb6711606b01128d2"},"dob":{"date":"1973-02-20T13:17:33.024Z","age":51},"registered":{"date":"2011-03-05T11:17:24.531Z","age":13},"phone":"(338) 609-0864","cell":"(759) 658-0661","id":{"name":"SSN","value":"324-34-2172"},"picture":{"large":"https://randomuser.me/api/portraits/men/65.jpg","medium":"https://randomuser.me/api/portraits/med/men/65.jpg","thumbnail":"https://randomuser.me/api/portraits/thumb/men/65.jpg"},"nat":"US"}],"info":{"seed":"c90969bea782272f","results":1,"page":1,"version":"1.4"}} 
 </msg>
<msg time="2024-05-14T23:13:48.314076" level="INFO">/opt/hostedtoolcache/Python/3.12.3/x64/lib/python3.12/site-packages/urllib3/connectionpool.py:1103: InsecureRequestWarning: Unverified HTTPS request is being made to host 'randomuser.me'. Adding certificate verification is strongly advised. See: https://urllib3.readthedocs.io/en/latest/advanced-usage.html#tls-warnings
  warnings.warn(</msg>
<msg time="2024-05-14T23:13:48.314226" level="INFO">${response} = &lt;Response [200]&gt;</msg>
<var>${response}</var>
<arg>consultarAPI</arg>
<arg>/api</arg>
<doc>Sends a GET request on a previously created HTTP Session.</doc>
<status status="PASS" start="2024-05-14T23:13:48.139096" elapsed="0.175170"/>
</kw>
<kw name="Should Be Equal As Numbers" owner="BuiltIn">
<msg time="2024-05-14T23:13:48.315255" level="INFO">Argument types are:
&lt;class 'int'&gt;
&lt;class 'str'&gt;</msg>
<arg>${response.status_code}</arg>
<arg>200</arg>
<doc>Fails if objects are unequal after converting them to real numbers.</doc>
<status status="PASS" start="2024-05-14T23:13:48.314796" elapsed="0.000526"/>
</kw>
<kw name="Log" owner="BuiltIn">
<msg time="2024-05-14T23:13:48.316064" level="INFO">200</msg>
<arg>${response.status_code}</arg>
<doc>Logs the given message with the given level.</doc>
<status status="PASS" start="2024-05-14T23:13:48.315689" elapsed="0.000419"/>
</kw>
<kw name="Set Variable" owner="BuiltIn">
<msg time="2024-05-14T23:13:48.316887" level="INFO">${json_data} = {'results': [{'gender': 'male', 'name': {'title': 'Mr', 'first': 'Franklin', 'last': 'Gonzales'}, 'location': {'street': {'number': 6181, 'name': 'E Center St'}, 'city': 'Bernalillo', 'state': 'Kentuc...</msg>
<var>${json_data}</var>
<arg>${response.json()}</arg>
<doc>Returns the given values which can then be assigned to a variables.</doc>
<status status="PASS" start="2024-05-14T23:13:48.316433" elapsed="0.000482"/>
</kw>
<kw name="Dictionary Should Contain Key" owner="Collections">
<msg time="2024-05-14T23:13:48.317429" level="INFO">False</msg>
<arg>${json_data}</arg>
<arg>results</arg>
<doc>Fails if ``key`` is not found from ``dictionary``.</doc>
<status status="PASS" start="2024-05-14T23:13:48.317256" elapsed="0.000213"/>
</kw>
<status status="PASS" start="2024-05-14T23:13:48.138849" elapsed="0.178882"/>
</kw>
<doc>Testa se a API responde corretamente e retorna um objeto JSON válido.</doc>
<tag>testeRequisicaoBasica</tag>
<status status="PASS" start="2024-05-14T23:13:48.138300" elapsed="0.179615"/>
</test>
<test id="s1-s1-t3" name="Validar estrutura de resposta" line="22">
<kw name="Teste de Estrutura de Resposta" owner="random-user-service">
<kw name="GET On Session" owner="RequestsLibrary">
<msg time="2024-05-14T23:13:48.416916" level="INFO">GET Request : url=https://randomuser.me/api 
 path_url=/api 
 headers={'User-Agent': 'python-requests/2.31.0', 'Accept-Encoding': 'gzip, deflate', 'Accept': '*/*', 'Connection': 'keep-alive'} 
 body=None 
 </msg>
<msg time="2024-05-14T23:13:48.417022" level="INFO">GET Response : url=https://randomuser.me/api 
 status=200, reason=OK 
 headers={'Date': 'Tue, 14 May 2024 23:13:48 GMT', 'Content-Type': 'application/json; charset=utf-8', 'Transfer-Encoding': 'chunked', 'Connection': 'keep-alive', 'X-Powered-By': 'Express', 'Access-Control-Allow-Origin': '*', 'Cache-Control': 'no-cache', 'ETag': 'W/"47b-flBYIA86r28cBlzTQUgwRiiWX1k"', 'Vary': 'Accept-Encoding', 'Content-Encoding': 'gzip', 'CF-Cache-Status': 'DYNAMIC', 'Report-To': '{"endpoints":[{"url":"https:\\/\\/a.nel.cloudflare.com\\/report\\/v4?s=17sd1GDDDxBmIgJn%2BF84%2BdVqH1TB%2BLJ7yPoZ7c7U%2FiaEOMnF1zoingMY%2BLRx4nElYTCcWrolSv2lH5LhPoPol7TbJ%2BgCkameSZGjln6BZxfheAxaD2b1NXQppOTTCwMT"}],"group":"cf-nel","max_age":604800}', 'NEL': '{"success_fraction":0,"report_to":"cf-nel","max_age":604800}', 'Server': 'cloudflare', 'CF-RAY': '883e94b508322087-IAD', 'alt-svc': 'h3=":443"; ma=86400'} 
 body={"results":[{"gender":"male","name":{"title":"Mr","first":"Benjamin","last":"Larsen"},"location":{"street":{"number":1350,"name":"Frejasvej"},"city":"Nørrebro","state":"Nordjylland","country":"Denmark","postcode":95320,"coordinates":{"latitude":"-39.1930","longitude":"-12.2594"},"timezone":{"offset":"-12:00","description":"Eniwetok, Kwajalein"}},"email":"benjamin.larsen@example.com","login":{"uuid":"260239af-01b0-4d66-aa5e-5c4c3dd711e7","username":"greentiger436","password":"oakland","salt":"ahRc1AyQ","md5":"caabc6ac1510b1db77072f18f59221df","sha1":"c409de8e724a34fa9ab0672ed5cc626da12ca10c","sha256":"37361abce66466f5a6409a4ab5fc39a961bcd54e15a1244d665b1565548397b2"},"dob":{"date":"1988-08-09T11:34:15.543Z","age":35},"registered":{"date":"2008-05-13T03:03:35.753Z","age":16},"phone":"28841094","cell":"14600469","id":{"name":"CPR","value":"090888-7596"},"picture":{"large":"https://randomuser.me/api/portraits/men/78.jpg","medium":"https://randomuser.me/api/portraits/med/men/78.jpg","thumbnail":"https://randomuser.me/api/portraits/thumb/men/78.jpg"},"nat":"DK"}],"info":{"seed":"26b0f38bb6824bf7","results":1,"page":1,"version":"1.4"}} 
 </msg>
<msg time="2024-05-14T23:13:48.417208" level="INFO">/opt/hostedtoolcache/Python/3.12.3/x64/lib/python3.12/site-packages/urllib3/connectionpool.py:1103: InsecureRequestWarning: Unverified HTTPS request is being made to host 'randomuser.me'. Adding certificate verification is strongly advised. See: https://urllib3.readthedocs.io/en/latest/advanced-usage.html#tls-warnings
  warnings.warn(</msg>
<msg time="2024-05-14T23:13:48.417344" level="INFO">${response} = &lt;Response [200]&gt;</msg>
<var>${response}</var>
<arg>consultarAPI</arg>
<arg>/api</arg>
<doc>Sends a GET request on a previously created HTTP Session.</doc>
<status status="PASS" start="2024-05-14T23:13:48.320588" elapsed="0.096795"/>
</kw>
<kw name="Set Variable" owner="BuiltIn">
<msg time="2024-05-14T23:13:48.418450" level="INFO">${json_data} = {'results': [{'gender': 'male', 'name': {'title': 'Mr', 'first': 'Benjamin', 'last': 'Larsen'}, 'location': {'street': {'number': 1350, 'name': 'Frejasvej'}, 'city': 'Nørrebro', 'state': 'Nordjylland'...</msg>
<var>${json_data}</var>
<arg>${response.json()}</arg>
<doc>Returns the given values which can then be assigned to a variables.</doc>
<status status="PASS" start="2024-05-14T23:13:48.417901" elapsed="0.000579"/>
</kw>
<kw name="Log" owner="BuiltIn">
<msg time="2024-05-14T23:13:48.419010" level="INFO">{'results': [{'gender': 'male', 'name': {'title': 'Mr', 'first': 'Benjamin', 'last': 'Larsen'}, 'location': {'street': {'number': 1350, 'name': 'Frejasvej'}, 'city': 'Nørrebro', 'state': 'Nordjylland', 'country': 'Denmark', 'postcode': 95320, 'coordinates': {'latitude': '-39.1930', 'longitude': '-12.2594'}, 'timezone': {'offset': '-12:00', 'description': 'Eniwetok, Kwajalein'}}, 'email': 'benjamin.larsen@example.com', 'login': {'uuid': '260239af-01b0-4d66-aa5e-5c4c3dd711e7', 'username': 'greentiger436', 'password': 'oakland', 'salt': 'ahRc1AyQ', 'md5': 'caabc6ac1510b1db77072f18f59221df', 'sha1': 'c409de8e724a34fa9ab0672ed5cc626da12ca10c', 'sha256': '37361abce66466f5a6409a4ab5fc39a961bcd54e15a1244d665b1565548397b2'}, 'dob': {'date': '1988-08-09T11:34:15.543Z', 'age': 35}, 'registered': {'date': '2008-05-13T03:03:35.753Z', 'age': 16}, 'phone': '28841094', 'cell': '14600469', 'id': {'name': 'CPR', 'value': '090888-7596'}, 'picture': {'large': 'https://randomuser.me/api/portraits/men/78.jpg', 'medium': 'https://randomuser.me/api/portraits/med/men/78.jpg', 'thumbnail': 'https://randomuser.me/api/portraits/thumb/men/78.jpg'}, 'nat': 'DK'}], 'info': {'seed': '26b0f38bb6824bf7', 'results': 1, 'page': 1, 'version': '1.4'}}</msg>
<arg>${json_data}</arg>
<doc>Logs the given message with the given level.</doc>
<status status="PASS" start="2024-05-14T23:13:48.418831" elapsed="0.000233"/>
</kw>
<kw name="Dictionary Should Contain Key" owner="Collections">
<msg time="2024-05-14T23:13:48.419541" level="INFO">False</msg>
<arg>${json_data}</arg>
<arg>results</arg>
<doc>Fails if ``key`` is not found from ``dictionary``.</doc>
<status status="PASS" start="2024-05-14T23:13:48.419378" elapsed="0.000201"/>
</kw>
<kw name="Should Not Be Empty" owner="BuiltIn">
<msg time="2024-05-14T23:13:48.420009" level="INFO">Length is 2.</msg>
<arg>${json_data}</arg>
<doc>Verifies that the given item is not empty.</doc>
<status status="PASS" start="2024-05-14T23:13:48.419875" elapsed="0.000174"/>
</kw>
<kw name="Create List" owner="BuiltIn">
<msg time="2024-05-14T23:13:48.420659" level="INFO">${expected_keys} = ['gender', 'name', 'location', 'email', 'login']</msg>
<var>${expected_keys}</var>
<arg>gender</arg>
<arg>name</arg>
<arg>location</arg>
<arg>email</arg>
<arg>login</arg>
<doc>Returns a list containing given items.</doc>
<status status="PASS" start="2024-05-14T23:13:48.420340" elapsed="0.000344"/>
</kw>
<for flavor="IN">
<iter>
<kw name="Dictionary Should Contain Key" owner="Collections">
<msg time="2024-05-14T23:13:48.421748" level="INFO">False</msg>
<arg>${json_data['results'][0]}</arg>
<arg>${key}</arg>
<doc>Fails if ``key`` is not found from ``dictionary``.</doc>
<status status="PASS" start="2024-05-14T23:13:48.421334" elapsed="0.000452"/>
</kw>
<kw name="Log" owner="BuiltIn">
<msg time="2024-05-14T23:13:48.422457" level="INFO">{'gender': 'male', 'name': {'title': 'Mr', 'first': 'Benjamin', 'last': 'Larsen'}, 'location': {'street': {'number': 1350, 'name': 'Frejasvej'}, 'city': 'Nørrebro', 'state': 'Nordjylland', 'country': 'Denmark', 'postcode': 95320, 'coordinates': {'latitude': '-39.1930', 'longitude': '-12.2594'}, 'timezone': {'offset': '-12:00', 'description': 'Eniwetok, Kwajalein'}}, 'email': 'benjamin.larsen@example.com', 'login': {'uuid': '260239af-01b0-4d66-aa5e-5c4c3dd711e7', 'username': 'greentiger436', 'password': 'oakland', 'salt': 'ahRc1AyQ', 'md5': 'caabc6ac1510b1db77072f18f59221df', 'sha1': 'c409de8e724a34fa9ab0672ed5cc626da12ca10c', 'sha256': '37361abce66466f5a6409a4ab5fc39a961bcd54e15a1244d665b1565548397b2'}, 'dob': {'date': '1988-08-09T11:34:15.543Z', 'age': 35}, 'registered': {'date': '2008-05-13T03:03:35.753Z', 'age': 16}, 'phone': '28841094', 'cell': '14600469', 'id': {'name': 'CPR', 'value': '090888-7596'}, 'picture': {'large': 'https://randomuser.me/api/portraits/men/78.jpg', 'medium': 'https://randomuser.me/api/portraits/med/men/78.jpg', 'thumbnail': 'https://randomuser.me/api/portraits/thumb/men/78.jpg'}, 'nat': 'DK'}</msg>
<arg>${json_data['results'][0]}</arg>
<doc>Logs the given message with the given level.</doc>
<status status="PASS" start="2024-05-14T23:13:48.422088" elapsed="0.000420"/>
</kw>
<kw name="Log" owner="BuiltIn">
<msg time="2024-05-14T23:13:48.422944" level="INFO">gender</msg>
<arg>${key}</arg>
<doc>Logs the given message with the given level.</doc>
<status status="PASS" start="2024-05-14T23:13:48.422809" elapsed="0.000173"/>
</kw>
<var name="${key}">gender</var>
<status status="PASS" start="2024-05-14T23:13:48.421197" elapsed="0.001999"/>
</iter>
<iter>
<kw name="Dictionary Should Contain Key" owner="Collections">
<msg time="2024-05-14T23:13:48.423897" level="INFO">False</msg>
<arg>${json_data['results'][0]}</arg>
<arg>${key}</arg>
<doc>Fails if ``key`` is not found from ``dictionary``.</doc>
<status status="PASS" start="2024-05-14T23:13:48.423505" elapsed="0.000430"/>
</kw>
<kw name="Log" owner="BuiltIn">
<msg time="2024-05-14T23:13:48.424627" level="INFO">{'gender': 'male', 'name': {'title': 'Mr', 'first': 'Benjamin', 'last': 'Larsen'}, 'location': {'street': {'number': 1350, 'name': 'Frejasvej'}, 'city': 'Nørrebro', 'state': 'Nordjylland', 'country': 'Denmark', 'postcode': 95320, 'coordinates': {'latitude': '-39.1930', 'longitude': '-12.2594'}, 'timezone': {'offset': '-12:00', 'description': 'Eniwetok, Kwajalein'}}, 'email': 'benjamin.larsen@example.com', 'login': {'uuid': '260239af-01b0-4d66-aa5e-5c4c3dd711e7', 'username': 'greentiger436', 'password': 'oakland', 'salt': 'ahRc1AyQ', 'md5': 'caabc6ac1510b1db77072f18f59221df', 'sha1': 'c409de8e724a34fa9ab0672ed5cc626da12ca10c', 'sha256': '37361abce66466f5a6409a4ab5fc39a961bcd54e15a1244d665b1565548397b2'}, 'dob': {'date': '1988-08-09T11:34:15.543Z', 'age': 35}, 'registered': {'date': '2008-05-13T03:03:35.753Z', 'age': 16}, 'phone': '28841094', 'cell': '14600469', 'id': {'name': 'CPR', 'value': '090888-7596'}, 'picture': {'large': 'https://randomuser.me/api/portraits/men/78.jpg', 'medium': 'https://randomuser.me/api/portraits/med/men/78.jpg', 'thumbnail': 'https://randomuser.me/api/portraits/thumb/men/78.jpg'}, 'nat': 'DK'}</msg>
<arg>${json_data['results'][0]}</arg>
<doc>Logs the given message with the given level.</doc>
<status status="PASS" start="2024-05-14T23:13:48.424261" elapsed="0.000417"/>
</kw>
<kw name="Log" owner="BuiltIn">
<msg time="2024-05-14T23:13:48.425104" level="INFO">name</msg>
<arg>${key}</arg>
<doc>Logs the given message with the given level.</doc>
<status status="PASS" start="2024-05-14T23:13:48.424976" elapsed="0.000207"/>
</kw>
<var name="${key}">name</var>
<status status="PASS" start="2024-05-14T23:13:48.423391" elapsed="0.002027"/>
</iter>
<iter>
<kw name="Dictionary Should Contain Key" owner="Collections">
<msg time="2024-05-14T23:13:48.426110" level="INFO">False</msg>
<arg>${json_data['results'][0]}</arg>
<arg>${key}</arg>
<doc>Fails if ``key`` is not found from ``dictionary``.</doc>
<status status="PASS" start="2024-05-14T23:13:48.425725" elapsed="0.000423"/>
</kw>
<kw name="Log" owner="BuiltIn">
<msg time="2024-05-14T23:13:48.426853" level="INFO">{'gender': 'male', 'name': {'title': 'Mr', 'first': 'Benjamin', 'last': 'Larsen'}, 'location': {'street': {'number': 1350, 'name': 'Frejasvej'}, 'city': 'Nørrebro', 'state': 'Nordjylland', 'country': 'Denmark', 'postcode': 95320, 'coordinates': {'latitude': '-39.1930', 'longitude': '-12.2594'}, 'timezone': {'offset': '-12:00', 'description': 'Eniwetok, Kwajalein'}}, 'email': 'benjamin.larsen@example.com', 'login': {'uuid': '260239af-01b0-4d66-aa5e-5c4c3dd711e7', 'username': 'greentiger436', 'password': 'oakland', 'salt': 'ahRc1AyQ', 'md5': 'caabc6ac1510b1db77072f18f59221df', 'sha1': 'c409de8e724a34fa9ab0672ed5cc626da12ca10c', 'sha256': '37361abce66466f5a6409a4ab5fc39a961bcd54e15a1244d665b1565548397b2'}, 'dob': {'date': '1988-08-09T11:34:15.543Z', 'age': 35}, 'registered': {'date': '2008-05-13T03:03:35.753Z', 'age': 16}, 'phone': '28841094', 'cell': '14600469', 'id': {'name': 'CPR', 'value': '090888-7596'}, 'picture': {'large': 'https://randomuser.me/api/portraits/men/78.jpg', 'medium': 'https://randomuser.me/api/portraits/med/men/78.jpg', 'thumbnail': 'https://randomuser.me/api/portraits/thumb/men/78.jpg'}, 'nat': 'DK'}</msg>
<arg>${json_data['results'][0]}</arg>
<doc>Logs the given message with the given level.</doc>
<status status="PASS" start="2024-05-14T23:13:48.426486" elapsed="0.000418"/>
</kw>
<kw name="Log" owner="BuiltIn">
<msg time="2024-05-14T23:13:48.427328" level="INFO">location</msg>
<arg>${key}</arg>
<doc>Logs the given message with the given level.</doc>
<status status="PASS" start="2024-05-14T23:13:48.427203" elapsed="0.000163"/>
</kw>
<var name="${key}">location</var>
<status status="PASS" start="2024-05-14T23:13:48.425612" elapsed="0.001970"/>
</iter>
<iter>
<kw name="Dictionary Should Contain Key" owner="Collections">
<msg time="2024-05-14T23:13:48.428258" level="INFO">False</msg>
<arg>${json_data['results'][0]}</arg>
<arg>${key}</arg>
<doc>Fails if ``key`` is not found from ``dictionary``.</doc>
<status status="PASS" start="2024-05-14T23:13:48.427868" elapsed="0.000427"/>
</kw>
<kw name="Log" owner="BuiltIn">
<msg time="2024-05-14T23:13:48.428961" level="INFO">{'gender': 'male', 'name': {'title': 'Mr', 'first': 'Benjamin', 'last': 'Larsen'}, 'location': {'street': {'number': 1350, 'name': 'Frejasvej'}, 'city': 'Nørrebro', 'state': 'Nordjylland', 'country': 'Denmark', 'postcode': 95320, 'coordinates': {'latitude': '-39.1930', 'longitude': '-12.2594'}, 'timezone': {'offset': '-12:00', 'description': 'Eniwetok, Kwajalein'}}, 'email': 'benjamin.larsen@example.com', 'login': {'uuid': '260239af-01b0-4d66-aa5e-5c4c3dd711e7', 'username': 'greentiger436', 'password': 'oakland', 'salt': 'ahRc1AyQ', 'md5': 'caabc6ac1510b1db77072f18f59221df', 'sha1': 'c409de8e724a34fa9ab0672ed5cc626da12ca10c', 'sha256': '37361abce66466f5a6409a4ab5fc39a961bcd54e15a1244d665b1565548397b2'}, 'dob': {'date': '1988-08-09T11:34:15.543Z', 'age': 35}, 'registered': {'date': '2008-05-13T03:03:35.753Z', 'age': 16}, 'phone': '28841094', 'cell': '14600469', 'id': {'name': 'CPR', 'value': '090888-7596'}, 'picture': {'large': 'https://randomuser.me/api/portraits/men/78.jpg', 'medium': 'https://randomuser.me/api/portraits/med/men/78.jpg', 'thumbnail': 'https://randomuser.me/api/portraits/thumb/men/78.jpg'}, 'nat': 'DK'}</msg>
<arg>${json_data['results'][0]}</arg>
<doc>Logs the given message with the given level.</doc>
<status status="PASS" start="2024-05-14T23:13:48.428593" elapsed="0.000417"/>
</kw>
<kw name="Log" owner="BuiltIn">
<msg time="2024-05-14T23:13:48.429481" level="INFO">email</msg>
<arg>${key}</arg>
<doc>Logs the given message with the given level.</doc>
<status status="PASS" start="2024-05-14T23:13:48.429339" elapsed="0.000181"/>
</kw>
<var name="${key}">email</var>
<status status="PASS" start="2024-05-14T23:13:48.427757" elapsed="0.001989"/>
</iter>
<iter>
<kw name="Dictionary Should Contain Key" owner="Collections">
<msg time="2024-05-14T23:13:48.430422" level="INFO">False</msg>
<arg>${json_data['results'][0]}</arg>
<arg>${key}</arg>
<doc>Fails if ``key`` is not found from ``dictionary``.</doc>
<status status="PASS" start="2024-05-14T23:13:48.430034" elapsed="0.000425"/>
</kw>
<kw name="Log" owner="BuiltIn">
<msg time="2024-05-14T23:13:48.431121" level="INFO">{'gender': 'male', 'name': {'title': 'Mr', 'first': 'Benjamin', 'last': 'Larsen'}, 'location': {'street': {'number': 1350, 'name': 'Frejasvej'}, 'city': 'Nørrebro', 'state': 'Nordjylland', 'country': 'Denmark', 'postcode': 95320, 'coordinates': {'latitude': '-39.1930', 'longitude': '-12.2594'}, 'timezone': {'offset': '-12:00', 'description': 'Eniwetok, Kwajalein'}}, 'email': 'benjamin.larsen@example.com', 'login': {'uuid': '260239af-01b0-4d66-aa5e-5c4c3dd711e7', 'username': 'greentiger436', 'password': 'oakland', 'salt': 'ahRc1AyQ', 'md5': 'caabc6ac1510b1db77072f18f59221df', 'sha1': 'c409de8e724a34fa9ab0672ed5cc626da12ca10c', 'sha256': '37361abce66466f5a6409a4ab5fc39a961bcd54e15a1244d665b1565548397b2'}, 'dob': {'date': '1988-08-09T11:34:15.543Z', 'age': 35}, 'registered': {'date': '2008-05-13T03:03:35.753Z', 'age': 16}, 'phone': '28841094', 'cell': '14600469', 'id': {'name': 'CPR', 'value': '090888-7596'}, 'picture': {'large': 'https://randomuser.me/api/portraits/men/78.jpg', 'medium': 'https://randomuser.me/api/portraits/med/men/78.jpg', 'thumbnail': 'https://randomuser.me/api/portraits/thumb/men/78.jpg'}, 'nat': 'DK'}</msg>
<arg>${json_data['results'][0]}</arg>
<doc>Logs the given message with the given level.</doc>
<status status="PASS" start="2024-05-14T23:13:48.430756" elapsed="0.000415"/>
</kw>
<kw name="Log" owner="BuiltIn">
<msg time="2024-05-14T23:13:48.431598" level="INFO">login</msg>
<arg>${key}</arg>
<doc>Logs the given message with the given level.</doc>
<status status="PASS" start="2024-05-14T23:13:48.431472" elapsed="0.000164"/>
</kw>
<var name="${key}">login</var>
<status status="PASS" start="2024-05-14T23:13:48.429923" elapsed="0.001926"/>
</iter>
<var>${key}</var>
<value>@{expected_keys}</value>
<status status="PASS" start="2024-05-14T23:13:48.420961" elapsed="0.011043"/>
</for>
<kw name="Create List" owner="BuiltIn">
<msg time="2024-05-14T23:13:48.432345" level="INFO">${expected_keysTwo} = ['username', 'password']</msg>
<var>${expected_keysTwo}</var>
<arg>username</arg>
<arg>password</arg>
<doc>Returns a list containing given items.</doc>
<status status="PASS" start="2024-05-14T23:13:48.432208" elapsed="0.000161"/>
</kw>
<for flavor="IN">
<iter>
<kw name="Dictionary Should Contain Key" owner="Collections">
<msg time="2024-05-14T23:13:48.433300" level="INFO">False</msg>
<arg>${json_data['results'][0]['login']}</arg>
<arg>${keyTwo}</arg>
<doc>Fails if ``key`` is not found from ``dictionary``.</doc>
<status status="PASS" start="2024-05-14T23:13:48.432884" elapsed="0.000454"/>
</kw>
<kw name="Dictionary Should Contain Key" owner="Collections">
<msg time="2024-05-14T23:13:48.434018" level="INFO">False</msg>
<arg>${json_data['results'][0]['login']}</arg>
<arg>${keyTwo}</arg>
<doc>Fails if ``key`` is not found from ``dictionary``.</doc>
<status status="PASS" start="2024-05-14T23:13:48.433635" elapsed="0.000421"/>
</kw>
<kw name="Log" owner="BuiltIn">
<msg time="2024-05-14T23:13:48.434470" level="INFO">username</msg>
<arg>${keyTwo}</arg>
<doc>Logs the given message with the given level.</doc>
<status status="PASS" start="2024-05-14T23:13:48.434346" elapsed="0.000168"/>
</kw>
<var name="${keyTwo}">username</var>
<status status="PASS" start="2024-05-14T23:13:48.432758" elapsed="0.001968"/>
</iter>
<iter>
<kw name="Dictionary Should Contain Key" owner="Collections">
<msg time="2024-05-14T23:13:48.435382" level="INFO">False</msg>
<arg>${json_data['results'][0]['login']}</arg>
<arg>${keyTwo}</arg>
<doc>Fails if ``key`` is not found from ``dictionary``.</doc>
<status status="PASS" start="2024-05-14T23:13:48.435005" elapsed="0.000414"/>
</kw>
<kw name="Dictionary Should Contain Key" owner="Collections">
<msg time="2024-05-14T23:13:48.436192" level="INFO">False</msg>
<arg>${json_data['results'][0]['login']}</arg>
<arg>${keyTwo}</arg>
<doc>Fails if ``key`` is not found from ``dictionary``.</doc>
<status status="PASS" start="2024-05-14T23:13:48.435734" elapsed="0.000496"/>
</kw>
<kw name="Log" owner="BuiltIn">
<msg time="2024-05-14T23:13:48.436651" level="INFO">password</msg>
<arg>${keyTwo}</arg>
<doc>Logs the given message with the given level.</doc>
<status status="PASS" start="2024-05-14T23:13:48.436525" elapsed="0.000163"/>
</kw>
<var name="${keyTwo}">password</var>
<status status="PASS" start="2024-05-14T23:13:48.434896" elapsed="0.002007"/>
</iter>
<var>${keyTwo}</var>
<value>@{expected_keysTwo}</value>
<status status="PASS" start="2024-05-14T23:13:48.432605" elapsed="0.004419"/>
</for>
<status status="PASS" start="2024-05-14T23:13:48.320343" elapsed="0.116843"/>
</kw>
<doc>Testa a estrutura da resposta da API.</doc>
<tag>testeEstruturaResposta</tag>
<status status="PASS" start="2024-05-14T23:13:48.319801" elapsed="0.117548"/>
</test>
<test id="s1-s1-t4" name="Validar tipos de dados" line="28">
<kw name="Teste de Tipos de Dados" owner="random-user-service">
<kw name="GET On Session" owner="RequestsLibrary">
<msg time="2024-05-14T23:13:48.519398" level="INFO">GET Request : url=https://randomuser.me/api 
 path_url=/api 
 headers={'User-Agent': 'python-requests/2.31.0', 'Accept-Encoding': 'gzip, deflate', 'Accept': '*/*', 'Connection': 'keep-alive'} 
 body=None 
 </msg>
<msg time="2024-05-14T23:13:48.519502" level="INFO">GET Response : url=https://randomuser.me/api 
 status=200, reason=OK 
 headers={'Date': 'Tue, 14 May 2024 23:13:48 GMT', 'Content-Type': 'application/json; charset=utf-8', 'Transfer-Encoding': 'chunked', 'Connection': 'keep-alive', 'X-Powered-By': 'Express', 'Access-Control-Allow-Origin': '*', 'Cache-Control': 'no-cache', 'ETag': 'W/"479-0kWabqNY9HLVHJzPKx/qX9YwLK8"', 'Vary': 'Accept-Encoding', 'Content-Encoding': 'gzip', 'CF-Cache-Status': 'DYNAMIC', 'Report-To': '{"endpoints":[{"url":"https:\\/\\/a.nel.cloudflare.com\\/report\\/v4?s=YjDcpNwd0cwLDkvnFxesPQMxblsKiktoV3Jdhau3ctIm%2FVw064rPQ5hriDFMTUbigGzO60sPYRUPt6BFTiFTxeezjaU7TuvncxxQpFaPFAaZzQZsR9VLt7Fll4JHYBs0"}],"group":"cf-nel","max_age":604800}', 'NEL': '{"success_fraction":0,"report_to":"cf-nel","max_age":604800}', 'Server': 'cloudflare', 'CF-RAY': '883e94b5c94e2087-IAD', 'alt-svc': 'h3=":443"; ma=86400'} 
 body={"results":[{"gender":"male","name":{"title":"Mr","first":"Gradislav","last":"Andriyivskiy"},"location":{"street":{"number":8752,"name":"Bogushevska"},"city":"Pereyaslav","state":"Kiyivska","country":"Ukraine","postcode":47888,"coordinates":{"latitude":"75.2807","longitude":"-85.9640"},"timezone":{"offset":"-10:00","description":"Hawaii"}},"email":"gradislav.andriyivskiy@example.com","login":{"uuid":"401e1a66-360d-49b9-a342-94658dcf781a","username":"crazydog656","password":"cartoon","salt":"pyb2KRLx","md5":"ed23a0ae42925f3f15970912cb231c86","sha1":"ca93743145bed5f33dc257fdccd572b90a5d3462","sha256":"63d297ae32a8710ab931a60d1eaeec274cf687fb463a0330989751c7d2f6d140"},"dob":{"date":"1961-09-02T19:05:15.998Z","age":62},"registered":{"date":"2010-03-11T01:31:12.552Z","age":14},"phone":"(096) W79-4506","cell":"(066) C37-8394","id":{"name":"","value":null},"picture":{"large":"https://randomuser.me/api/portraits/men/33.jpg","medium":"https://randomuser.me/api/portraits/med/men/33.jpg","thumbnail":"https://randomuser.me/api/portraits/thumb/men/33.jpg"},"nat":"UA"}],"info":{"seed":"223d778a78a346bc","results":1,"page":1,"version":"1.4"}} 
 </msg>
<msg time="2024-05-14T23:13:48.519581" level="INFO">/opt/hostedtoolcache/Python/3.12.3/x64/lib/python3.12/site-packages/urllib3/connectionpool.py:1103: InsecureRequestWarning: Unverified HTTPS request is being made to host 'randomuser.me'. Adding certificate verification is strongly advised. See: https://urllib3.readthedocs.io/en/latest/advanced-usage.html#tls-warnings
  warnings.warn(</msg>
<msg time="2024-05-14T23:13:48.519710" level="INFO">${response} = &lt;Response [200]&gt;</msg>
<var>${response}</var>
<arg>consultarAPI</arg>
<arg>/api</arg>
<doc>Sends a GET request on a previously created HTTP Session.</doc>
<status status="PASS" start="2024-05-14T23:13:48.439793" elapsed="0.079968"/>
</kw>
<kw name="Set Variable" owner="BuiltIn">
<msg time="2024-05-14T23:13:48.520841" level="INFO">${json_data} = {'results': [{'gender': 'male', 'name': {'title': 'Mr', 'first': 'Gradislav', 'last': 'Andriyivskiy'}, 'location': {'street': {'number': 8752, 'name': 'Bogushevska'}, 'city': 'Pereyaslav', 'state': 'K...</msg>
<var>${json_data}</var>
<arg>${response.json()}</arg>
<doc>Returns the given values which can then be assigned to a variables.</doc>
<status status="PASS" start="2024-05-14T23:13:48.520309" elapsed="0.000560"/>
</kw>
<kw name="Log" owner="BuiltIn">
<msg time="2024-05-14T23:13:48.521452" level="INFO">{'results': [{'gender': 'male', 'name': {'title': 'Mr', 'first': 'Gradislav', 'last': 'Andriyivskiy'}, 'location': {'street': {'number': 8752, 'name': 'Bogushevska'}, 'city': 'Pereyaslav', 'state': 'Kiyivska', 'country': 'Ukraine', 'postcode': 47888, 'coordinates': {'latitude': '75.2807', 'longitude': '-85.9640'}, 'timezone': {'offset': '-10:00', 'description': 'Hawaii'}}, 'email': 'gradislav.andriyivskiy@example.com', 'login': {'uuid': '401e1a66-360d-49b9-a342-94658dcf781a', 'username': 'crazydog656', 'password': 'cartoon', 'salt': 'pyb2KRLx', 'md5': 'ed23a0ae42925f3f15970912cb231c86', 'sha1': 'ca93743145bed5f33dc257fdccd572b90a5d3462', 'sha256': '63d297ae32a8710ab931a60d1eaeec274cf687fb463a0330989751c7d2f6d140'}, 'dob': {'date': '1961-09-02T19:05:15.998Z', 'age': 62}, 'registered': {'date': '2010-03-11T01:31:12.552Z', 'age': 14}, 'phone': '(096) W79-4506', 'cell': '(066) C37-8394', 'id': {'name': '', 'value': None}, 'picture': {'large': 'https://randomuser.me/api/portraits/men/33.jpg', 'medium': 'https://randomuser.me/api/portraits/med/men/33.jpg', 'thumbnail': 'https://randomuser.me/api/portraits/thumb/men/33.jpg'}, 'nat': 'UA'}], 'info': {'seed': '223d778a78a346bc', 'results': 1, 'page': 1, 'version': '1.4'}}</msg>
<arg>${json_data}</arg>
<doc>Logs the given message with the given level.</doc>
<status status="PASS" start="2024-05-14T23:13:48.521282" elapsed="0.000255"/>
</kw>
<kw name="Should Be String" owner="String">
<arg>${json_data['results'][0]['gender']}</arg>
<doc>Fails if the given ``item`` is not a string.</doc>
<status status="PASS" start="2024-05-14T23:13:48.521846" elapsed="0.000366"/>
</kw>
<kw name="Should Match Regexp" owner="BuiltIn">
<arg>${json_data['results'][0]['email']}</arg>
<arg>^[a-zA-Z0-9._%+-]+@[a-zA-Z0-9.-]+\.[a-zA-Z]{2,}$</arg>
<doc>Fails if ``string`` does not match ``pattern`` as a regular expression.</doc>
<status status="PASS" start="2024-05-14T23:13:48.522408" elapsed="0.000518"/>
</kw>
<kw name="Should Match Regexp" owner="BuiltIn">
<arg>${json_data['results'][0]['dob']['date']}</arg>
<arg>\\d{4}-\\d{2}-\\d{2}T\\d{2}:\\d{2}:\\d{2}\\.\\d{3}Z</arg>
<doc>Fails if ``string`` does not match ``pattern`` as a regular expression.</doc>
<status status="PASS" start="2024-05-14T23:13:48.523121" elapsed="0.000483"/>
</kw>
<kw name="Should Match Regexp" owner="BuiltIn">
<arg>${json_data['results'][0]['registered']['date']}</arg>
<arg>\\d{4}-\\d{2}-\\d{2}T\\d{2}:\\d{2}:\\d{2}\\.\\d{3}Z</arg>
<doc>Fails if ``string`` does not match ``pattern`` as a regular expression.</doc>
<status status="PASS" start="2024-05-14T23:13:48.523796" elapsed="0.000377"/>
</kw>
<kw name="Should Match Regexp" owner="BuiltIn">
<arg>${json_data['results'][0]['picture']['large']}</arg>
<arg>^https?://.*\.(?:png|jpe?g|gif|bmp)$</arg>
<doc>Fails if ``string`` does not match ``pattern`` as a regular expression.</doc>
<status status="PASS" start="2024-05-14T23:13:48.524358" elapsed="0.000460"/>
</kw>
<kw name="Should Match Regexp" owner="BuiltIn">
<arg>${json_data['results'][0]['picture']['medium']}</arg>
<arg>^https?://.*\.(?:png|jpe?g|gif|bmp)$</arg>
<doc>Fails if ``string`` does not match ``pattern`` as a regular expression.</doc>
<status status="PASS" start="2024-05-14T23:13:48.525014" elapsed="0.000389"/>
</kw>
<kw name="Should Match Regexp" owner="BuiltIn">
<arg>${json_data['results'][0]['picture']['thumbnail']}</arg>
<arg>^https?://.*\.(?:png|jpe?g|gif|bmp)$</arg>
<doc>Fails if ``string`` does not match ``pattern`` as a regular expression.</doc>
<status status="PASS" start="2024-05-14T23:13:48.525592" elapsed="0.000347"/>
</kw>
<kw name="Log" owner="BuiltIn">
<msg time="2024-05-14T23:13:48.526438" level="INFO">{'large': 'https://randomuser.me/api/portraits/men/33.jpg', 'medium': 'https://randomuser.me/api/portraits/med/men/33.jpg', 'thumbnail': 'https://randomuser.me/api/portraits/thumb/men/33.jpg'}</msg>
<arg>${json_data['results'][0]['picture']}</arg>
<doc>Logs the given message with the given level.</doc>
<status status="PASS" start="2024-05-14T23:13:48.526117" elapsed="0.000362"/>
</kw>
<status status="PASS" start="2024-05-14T23:13:48.439565" elapsed="0.087172"/>
</kw>
<kw name="Teste de Tipos de Dados - Postcode" owner="random-user-service">
<kw name="GET On Session" owner="RequestsLibrary">
<msg time="2024-05-14T23:13:48.629199" level="INFO">GET Request : url=https://randomuser.me/api 
 path_url=/api 
 headers={'User-Agent': 'python-requests/2.31.0', 'Accept-Encoding': 'gzip, deflate', 'Accept': '*/*', 'Connection': 'keep-alive'} 
 body=None 
 </msg>
<msg time="2024-05-14T23:13:48.629308" level="INFO">GET Response : url=https://randomuser.me/api 
 status=200, reason=OK 
 headers={'Date': 'Tue, 14 May 2024 23:13:48 GMT', 'Content-Type': 'application/json; charset=utf-8', 'Transfer-Encoding': 'chunked', 'Connection': 'keep-alive', 'X-Powered-By': 'Express', 'Access-Control-Allow-Origin': '*', 'Cache-Control': 'no-cache', 'ETag': 'W/"48d-gjFNc9whFXAen2kjCKNi8D0RGJM"', 'Vary': 'Accept-Encoding', 'Content-Encoding': 'gzip', 'CF-Cache-Status': 'DYNAMIC', 'Report-To': '{"endpoints":[{"url":"https:\\/\\/a.nel.cloudflare.com\\/report\\/v4?s=dtF%2FI2TNRFQi4%2Fw8oqz5vNvYk7axG%2BJ8D4%2BAjqk2QYPK%2BFipZTtCbo8qmTEmSN1V%2FL23uQ%2FJxpH7%2FxWlyRnJX39txJ13S1Ahf%2F27FHiKW8fB0TH0KYN%2BDS8y7r359Vn4"}],"group":"cf-nel","max_age":604800}', 'NEL': '{"success_fraction":0,"report_to":"cf-nel","max_age":604800}', 'Server': 'cloudflare', 'CF-RAY': '883e94b64a642087-IAD', 'alt-svc': 'h3=":443"; ma=86400'} 
 body={"results":[{"gender":"male","name":{"title":"Mr","first":"Wojciech","last":"Kilian"},"location":{"street":{"number":6268,"name":"Kapellenweg"},"city":"Fürstenau","state":"Sachsen","country":"Germany","postcode":66925,"coordinates":{"latitude":"-49.6441","longitude":"-45.9177"},"timezone":{"offset":"-7:00","description":"Mountain Time (US &amp; Canada)"}},"email":"wojciech.kilian@example.com","login":{"uuid":"f63a74ca-ed0f-4cf5-a88e-89f47998af98","username":"orangetiger570","password":"konyor","salt":"4Zc9Y9v5","md5":"409827f6b6749fa42e86462b84d304c2","sha1":"b63e5bd688623312344343f4994d3ccb4a2abdda","sha256":"14326efcf681da4004e8b42a1b81e8aadaeb585f1220b799f068c43faf437974"},"dob":{"date":"1979-05-01T00:29:05.092Z","age":45},"registered":{"date":"2021-09-06T15:18:25.473Z","age":2},"phone":"0465-5696533","cell":"0170-3872865","id":{"name":"SVNR","value":"49 300479 K 480"},"picture":{"large":"https://randomuser.me/api/portraits/men/26.jpg","medium":"https://randomuser.me/api/portraits/med/men/26.jpg","thumbnail":"https://randomuser.me/api/portraits/thumb/men/26.jpg"},"nat":"DE"}],"info":{"seed":"6c519d6bab1f2e16","results":1,"page":1,"version":"1.4"}} 
 </msg>
<msg time="2024-05-14T23:13:48.629394" level="INFO">/opt/hostedtoolcache/Python/3.12.3/x64/lib/python3.12/site-packages/urllib3/connectionpool.py:1103: InsecureRequestWarning: Unverified HTTPS request is being made to host 'randomuser.me'. Adding certificate verification is strongly advised. See: https://urllib3.readthedocs.io/en/latest/advanced-usage.html#tls-warnings
  warnings.warn(</msg>
<msg time="2024-05-14T23:13:48.629524" level="INFO">${response} = &lt;Response [200]&gt;</msg>
<var>${response}</var>
<arg>consultarAPI</arg>
<arg>/api</arg>
<doc>Sends a GET request on a previously created HTTP Session.</doc>
<status status="PASS" start="2024-05-14T23:13:48.527198" elapsed="0.102362"/>
</kw>
<kw name="Set Variable" owner="BuiltIn">
<msg time="2024-05-14T23:13:48.630581" level="INFO">${json_data} = {'results': [{'gender': 'male', 'name': {'title': 'Mr', 'first': 'Wojciech', 'last': 'Kilian'}, 'location': {'street': {'number': 6268, 'name': 'Kapellenweg'}, 'city': 'Fürstenau', 'state': 'Sachsen',...</msg>
<var>${json_data}</var>
<arg>${response.json()}</arg>
<doc>Returns the given values which can then be assigned to a variables.</doc>
<status status="PASS" start="2024-05-14T23:13:48.630070" elapsed="0.000539"/>
</kw>
<kw name="Log" owner="BuiltIn">
<msg time="2024-05-14T23:13:48.631079" level="INFO">{'results': [{'gender': 'male', 'name': {'title': 'Mr', 'first': 'Wojciech', 'last': 'Kilian'}, 'location': {'street': {'number': 6268, 'name': 'Kapellenweg'}, 'city': 'Fürstenau', 'state': 'Sachsen', 'country': 'Germany', 'postcode': 66925, 'coordinates': {'latitude': '-49.6441', 'longitude': '-45.9177'}, 'timezone': {'offset': '-7:00', 'description': 'Mountain Time (US &amp; Canada)'}}, 'email': 'wojciech.kilian@example.com', 'login': {'uuid': 'f63a74ca-ed0f-4cf5-a88e-89f47998af98', 'username': 'orangetiger570', 'password': 'konyor', 'salt': '4Zc9Y9v5', 'md5': '409827f6b6749fa42e86462b84d304c2', 'sha1': 'b63e5bd688623312344343f4994d3ccb4a2abdda', 'sha256': '14326efcf681da4004e8b42a1b81e8aadaeb585f1220b799f068c43faf437974'}, 'dob': {'date': '1979-05-01T00:29:05.092Z', 'age': 45}, 'registered': {'date': '2021-09-06T15:18:25.473Z', 'age': 2}, 'phone': '0465-5696533', 'cell': '0170-3872865', 'id': {'name': 'SVNR', 'value': '49 300479 K 480'}, 'picture': {'large': 'https://randomuser.me/api/portraits/men/26.jpg', 'medium': 'https://randomuser.me/api/portraits/med/men/26.jpg', 'thumbnail': 'https://randomuser.me/api/portraits/thumb/men/26.jpg'}, 'nat': 'DE'}], 'info': {'seed': '6c519d6bab1f2e16', 'results': 1, 'page': 1, 'version': '1.4'}}</msg>
<arg>${json_data}</arg>
<doc>Logs the given message with the given level.</doc>
<status status="PASS" start="2024-05-14T23:13:48.630915" elapsed="0.000251"/>
</kw>
<kw name="Should Be Equal As Numbers" owner="BuiltIn">
<arg>${json_data['results'][0]['location']['postcode']}</arg>
<arg>${json_data['results'][0]['location']['postcode']}</arg>
<doc>Fails if objects are unequal after converting them to real numbers.</doc>
<status status="PASS" start="2024-05-14T23:13:48.631475" elapsed="0.000813"/>
</kw>
<kw name="Log" owner="BuiltIn">
<msg time="2024-05-14T23:13:48.632810" level="INFO">66925</msg>
<arg>${json_data['results'][0]['location']['postcode']}</arg>
<doc>Logs the given message with the given level.</doc>
<status status="PASS" start="2024-05-14T23:13:48.632480" elapsed="0.000369"/>
</kw>
<status status="PASS" start="2024-05-14T23:13:48.526968" elapsed="0.106132"/>
</kw>
<doc>Testa se os tipos de dados na resposta da API estão corretos.</doc>
<tag>testeTiposDados</tag>
<status status="PASS" start="2024-05-14T23:13:48.439111" elapsed="0.194197"/>
</test>
<test id="s1-s1-t5" name="Validar conteudo" line="35">
<kw name="Teste de Tipos de Conteudo" owner="random-user-service">
<kw name="GET On Session" owner="RequestsLibrary">
<msg time="2024-05-14T23:13:48.722859" level="INFO">GET Request : url=https://randomuser.me/api 
 path_url=/api 
 headers={'User-Agent': 'python-requests/2.31.0', 'Accept-Encoding': 'gzip, deflate', 'Accept': '*/*', 'Connection': 'keep-alive'} 
 body=None 
 </msg>
<msg time="2024-05-14T23:13:48.722964" level="INFO">GET Response : url=https://randomuser.me/api 
 status=200, reason=OK 
 headers={'Date': 'Tue, 14 May 2024 23:13:48 GMT', 'Content-Type': 'application/json; charset=utf-8', 'Transfer-Encoding': 'chunked', 'Connection': 'keep-alive', 'X-Powered-By': 'Express', 'Access-Control-Allow-Origin': '*', 'Cache-Control': 'no-cache', 'ETag': 'W/"4b2-d0BRtvfrDJAs8AIccQhpqtIFVag"', 'Vary': 'Accept-Encoding', 'Content-Encoding': 'gzip', 'CF-Cache-Status': 'DYNAMIC', 'Report-To': '{"endpoints":[{"url":"https:\\/\\/a.nel.cloudflare.com\\/report\\/v4?s=a7IBla%2B%2B49L3jPvOKJQnSZH4PYYmhJCtl9sytGmVCOZJTfvdx2jsGsVZX6zNMqlhs3qoB2CUXfu3EsPu6a1eoFCvef3zksnObSTRLnu8nwiAOPk3L1GEuH1wJXEjBr8H"}],"group":"cf-nel","max_age":604800}', 'NEL': '{"success_fraction":0,"report_to":"cf-nel","max_age":604800}', 'Server': 'cloudflare', 'CF-RAY': '883e94b6fb162087-IAD', 'alt-svc': 'h3=":443"; ma=86400'} 
 body={"results":[{"gender":"female","name":{"title":"Mrs","first":"Elcke","last":"Van den Wildenberg"},"location":{"street":{"number":9028,"name":"5e Binnenvestgracht"},"city":"Den Hoorn Zh","state":"Flevoland","country":"Netherlands","postcode":"8318 JR","coordinates":{"latitude":"30.2222","longitude":"121.4444"},"timezone":{"offset":"-12:00","description":"Eniwetok, Kwajalein"}},"email":"elcke.vandenwildenberg@example.com","login":{"uuid":"3c70e021-2b6d-4695-baec-39f091c570c2","username":"silverelephant629","password":"swingers","salt":"Ty2yLvCP","md5":"5a96a75bbf578bac7bb8fb2e52397070","sha1":"7f1b83eb95799a6bcdbd8c34668c7e908fee651f","sha256":"d1f68e1ee693185368c17026ec8cb7559752cbe4eebc5418ff82a2dd8d51ad25"},"dob":{"date":"2000-07-20T07:43:09.802Z","age":23},"registered":{"date":"2002-10-20T17:24:52.310Z","age":21},"phone":"(007) 3407147","cell":"(06) 78573416","id":{"name":"BSN","value":"37508268"},"picture":{"large":"https://randomuser.me/api/portraits/women/55.jpg","medium":"https://randomuser.me/api/portraits/med/women/55.jpg","thumbnail":"https://randomuser.me/api/portraits/thumb/women/55.jpg"},"nat":"NL"}],"info":{"seed":"5cb974d18072a27d","results":1,"page":1,"version":"1.4"}} 
 </msg>
<msg time="2024-05-14T23:13:48.723045" level="INFO">/opt/hostedtoolcache/Python/3.12.3/x64/lib/python3.12/site-packages/urllib3/connectionpool.py:1103: InsecureRequestWarning: Unverified HTTPS request is being made to host 'randomuser.me'. Adding certificate verification is strongly advised. See: https://urllib3.readthedocs.io/en/latest/advanced-usage.html#tls-warnings
  warnings.warn(</msg>
<msg time="2024-05-14T23:13:48.723173" level="INFO">${response} = &lt;Response [200]&gt;</msg>
<var>${response}</var>
<arg>consultarAPI</arg>
<arg>/api</arg>
<doc>Sends a GET request on a previously created HTTP Session.</doc>
<status status="PASS" start="2024-05-14T23:13:48.635720" elapsed="0.087501"/>
</kw>
<kw name="Set Variable" owner="BuiltIn">
<msg time="2024-05-14T23:13:48.724274" level="INFO">${json_data} = {'results': [{'gender': 'female', 'name': {'title': 'Mrs', 'first': 'Elcke', 'last': 'Van den Wildenberg'}, 'location': {'street': {'number': 9028, 'name': '5e Binnenvestgracht'}, 'city': 'Den Hoorn Z...</msg>
<var>${json_data}</var>
<arg>${response.json()}</arg>
<doc>Returns the given values which can then be assigned to a variables.</doc>
<status status="PASS" start="2024-05-14T23:13:48.723766" elapsed="0.000535"/>
</kw>
<kw name="Set Variable" owner="BuiltIn">
<msg time="2024-05-14T23:13:48.724987" level="INFO">${name_title} = Mrs</msg>
<var>${name_title}</var>
<arg>${json_data["results"][0]["name"]["title"]}</arg>
<doc>Returns the given values which can then be assigned to a variables.</doc>
<status status="PASS" start="2024-05-14T23:13:48.724605" elapsed="0.000407"/>
</kw>
<kw name="Create List" owner="BuiltIn">
<msg time="2024-05-14T23:13:48.725505" level="INFO">${allowed_titles} = ['Mr', 'Ms', 'Miss', 'Mrs', 'Madame', 'Monsieur']</msg>
<var>${allowed_titles}</var>
<arg>Mr</arg>
<arg>Ms</arg>
<arg>Miss</arg>
<arg>Mrs</arg>
<arg>Madame</arg>
<arg>Monsieur</arg>
<doc>Returns a list containing given items.</doc>
<status status="PASS" start="2024-05-14T23:13:48.725355" elapsed="0.000175"/>
</kw>
<kw name="List Should Contain Value" owner="Collections">
<msg time="2024-05-14T23:13:48.726002" level="INFO">False</msg>
<arg>${allowed_titles}</arg>
<arg>${name_title}</arg>
<doc>Fails if the ``value`` is not found from ``list``.</doc>
<status status="PASS" start="2024-05-14T23:13:48.725828" elapsed="0.000210"/>
</kw>
<kw name="Set Variable" owner="BuiltIn">
<msg time="2024-05-14T23:13:48.726720" level="INFO">${name_country} = NL</msg>
<var>${name_country}</var>
<arg>${json_data["results"][0]["nat"]}</arg>
<doc>Returns the given values which can then be assigned to a variables.</doc>
<status status="PASS" start="2024-05-14T23:13:48.726327" elapsed="0.000417"/>
</kw>
<kw name="Create List" owner="BuiltIn">
<msg time="2024-05-14T23:13:48.727627" level="INFO">${list_country} = ['AD', 'AE', 'AF', 'AG', 'AI', 'AL', 'AM', 'AO', 'AQ', 'AR', 'AS', 'AT', 'AU', 'AW', 'AX', 'AZ', 'BA', 'BB', 'BD', 'BE', 'BF', 'BG', 'BH', 'BI', 'BJ', 'BL', 'BM', 'BN', 'BO', 'BQ', 'BR', 'BS', 'BT', '...</msg>
<var>${list_country}</var>
<arg>AD</arg>
<arg>AE</arg>
<arg>AF</arg>
<arg>AG</arg>
<arg>AI</arg>
<arg>AL</arg>
<arg>AM</arg>
<arg>AO</arg>
<arg>AQ</arg>
<arg>AR</arg>
<arg>AS</arg>
<arg>AT</arg>
<arg>AU</arg>
<arg>AW</arg>
<arg>AX</arg>
<arg>AZ</arg>
<arg>BA</arg>
<arg>BB</arg>
<arg>BD</arg>
<arg>BE</arg>
<arg>BF</arg>
<arg>BG</arg>
<arg>BH</arg>
<arg>BI</arg>
<arg>BJ</arg>
<arg>BL</arg>
<arg>BM</arg>
<arg>BN</arg>
<arg>BO</arg>
<arg>BQ</arg>
<arg>BR</arg>
<arg>BS</arg>
<arg>BT</arg>
<arg>BV</arg>
<arg>BW</arg>
<arg>BY</arg>
<arg>BZ</arg>
<arg>CA</arg>
<arg>CC</arg>
<arg>CD</arg>
<arg>CF</arg>
<arg>CG</arg>
<arg>CH</arg>
<arg>CI</arg>
<arg>CK</arg>
<arg>CL</arg>
<arg>CM</arg>
<arg>CN</arg>
<arg>CO</arg>
<arg>CR</arg>
<arg>CU</arg>
<arg>CV</arg>
<arg>CW</arg>
<arg>CX</arg>
<arg>CY</arg>
<arg>CZ</arg>
<arg>DE</arg>
<arg>DJ</arg>
<arg>DK</arg>
<arg>DM</arg>
<arg>DO</arg>
<arg>DZ</arg>
<arg>EC</arg>
<arg>EE</arg>
<arg>EG</arg>
<arg>EH</arg>
<arg>ER</arg>
<arg>ES</arg>
<arg>ET</arg>
<arg>FI</arg>
<arg>FJ</arg>
<arg>FK</arg>
<arg>FM</arg>
<arg>FO</arg>
<arg>FR</arg>
<arg>GA</arg>
<arg>GB</arg>
<arg>GD</arg>
<arg>GE</arg>
<arg>GF</arg>
<arg>GG</arg>
<arg>GH</arg>
<arg>GI</arg>
<arg>GL</arg>
<arg>GM</arg>
<arg>GN</arg>
<arg>GP</arg>
<arg>GQ</arg>
<arg>GR</arg>
<arg>GS</arg>
<arg>GT</arg>
<arg>GU</arg>
<arg>GW</arg>
<arg>GY</arg>
<arg>HK</arg>
<arg>HM</arg>
<arg>HN</arg>
<arg>HR</arg>
<arg>HT</arg>
<arg>HU</arg>
<arg>ID</arg>
<arg>IE</arg>
<arg>IL</arg>
<arg>IM</arg>
<arg>IN</arg>
<arg>IO</arg>
<arg>IQ</arg>
<arg>IR</arg>
<arg>IS</arg>
<arg>IT</arg>
<arg>JE</arg>
<arg>JM</arg>
<arg>JO</arg>
<arg>JP</arg>
<arg>KE</arg>
<arg>KG</arg>
<arg>KH</arg>
<arg>KI</arg>
<arg>KM</arg>
<arg>KN</arg>
<arg>KP</arg>
<arg>KR</arg>
<arg>KW</arg>
<arg>KY</arg>
<arg>KZ</arg>
<arg>LA</arg>
<arg>LB</arg>
<arg>LC</arg>
<arg>LI</arg>
<arg>LK</arg>
<arg>LR</arg>
<arg>LS</arg>
<arg>LT</arg>
<arg>LU</arg>
<arg>LV</arg>
<arg>LY</arg>
<arg>MA</arg>
<arg>MC</arg>
<arg>MD</arg>
<arg>ME</arg>
<arg>MF</arg>
<arg>MG</arg>
<arg>MH</arg>
<arg>MK</arg>
<arg>ML</arg>
<arg>MM</arg>
<arg>MN</arg>
<arg>MO</arg>
<arg>MP</arg>
<arg>MQ</arg>
<arg>MR</arg>
<arg>MS</arg>
<arg>MT</arg>
<arg>MU</arg>
<arg>MV</arg>
<arg>MW</arg>
<arg>MX</arg>
<arg>MY</arg>
<arg>MZ</arg>
<arg>NA</arg>
<arg>NC</arg>
<arg>NE</arg>
<arg>NF</arg>
<arg>NG</arg>
<arg>NI</arg>
<arg>NL</arg>
<arg>NO</arg>
<arg>NP</arg>
<arg>NR</arg>
<arg>NU</arg>
<arg>NZ</arg>
<arg>OM</arg>
<arg>PA</arg>
<arg>PE</arg>
<arg>PF</arg>
<arg>PG</arg>
<arg>PH</arg>
<arg>PK</arg>
<arg>PL</arg>
<arg>PM</arg>
<arg>PN</arg>
<arg>PR</arg>
<arg>PS</arg>
<arg>PT</arg>
<arg>PW</arg>
<arg>PY</arg>
<arg>QA</arg>
<arg>RE</arg>
<arg>RO</arg>
<arg>RS</arg>
<arg>RU</arg>
<arg>RW</arg>
<arg>SA</arg>
<arg>SB</arg>
<arg>SC</arg>
<arg>SD</arg>
<arg>SE</arg>
<arg>SG</arg>
<arg>SH</arg>
<arg>SI</arg>
<arg>SJ</arg>
<arg>SK</arg>
<arg>SL</arg>
<arg>SM</arg>
<arg>SN</arg>
<arg>SO</arg>
<arg>SR</arg>
<arg>SS</arg>
<arg>ST</arg>
<arg>SV</arg>
<arg>SX</arg>
<arg>SY</arg>
<arg>SZ</arg>
<arg>TC</arg>
<arg>TD</arg>
<arg>TF</arg>
<arg>TG</arg>
<arg>TH</arg>
<arg>TJ</arg>
<arg>TK</arg>
<arg>TL</arg>
<arg>TM</arg>
<arg>TN</arg>
<arg>TO</arg>
<arg>TR</arg>
<arg>TT</arg>
<arg>TV</arg>
<arg>TW</arg>
<arg>TZ</arg>
<arg>UA</arg>
<arg>UG</arg>
<arg>UM</arg>
<arg>US</arg>
<arg>UY</arg>
<arg>UZ</arg>
<arg>VA</arg>
<arg>VC</arg>
<arg>VE</arg>
<arg>VG</arg>
<arg>VI</arg>
<arg>VN</arg>
<arg>VU</arg>
<arg>WF</arg>
<arg>WS</arg>
<arg>XK</arg>
<arg>YE</arg>
<arg>YT</arg>
<arg>ZA</arg>
<arg>ZM</arg>
<arg>ZW</arg>
<doc>Returns a list containing given items.</doc>
<status status="PASS" start="2024-05-14T23:13:48.727042" elapsed="0.000610"/>
</kw>
<kw name="List Should Contain Value" owner="Collections">
<msg time="2024-05-14T23:13:48.728638" level="INFO">False</msg>
<arg>${list_country}</arg>
<arg>${name_country}</arg>
<doc>Fails if the ``value`` is not found from ``list``.</doc>
<status status="PASS" start="2024-05-14T23:13:48.728441" elapsed="0.000233"/>
</kw>
<kw name="Run Keyword If" owner="BuiltIn">
<kw name="Should Be True" owner="BuiltIn">
<arg>${True}</arg>
<doc>Fails if the given condition is not true.</doc>
<status status="PASS" start="2024-05-14T23:13:48.729770" elapsed="0.000141"/>
</kw>
<arg>${json_data["results"][0]["location"]["coordinates"]["latitude"]} &gt;= -90 and ${json_data["results"][0]["location"]["coordinates"]["latitude"]} &lt;= 90</arg>
<arg>Should Be True</arg>
<arg>${True}</arg>
<doc>Runs the given keyword with the given arguments, if ``condition`` is true.</doc>
<status status="PASS" start="2024-05-14T23:13:48.728981" elapsed="0.001055"/>
</kw>
<kw name="Run Keyword If" owner="BuiltIn">
<kw name="Should Be True" owner="BuiltIn">
<arg>${True}</arg>
<doc>Fails if the given condition is not true.</doc>
<status status="PASS" start="2024-05-14T23:13:48.730904" elapsed="0.000253"/>
</kw>
<arg>${json_data["results"][0]["location"]["coordinates"]["longitude"]} &gt;= -180 and ${json_data["results"][0]["location"]["coordinates"]["longitude"]} &lt;= 180</arg>
<arg>Should Be True</arg>
<arg>${True}</arg>
<doc>Runs the given keyword with the given arguments, if ``condition`` is true.</doc>
<status status="PASS" start="2024-05-14T23:13:48.730217" elapsed="0.001064"/>
</kw>
<status status="PASS" start="2024-05-14T23:13:48.635496" elapsed="0.095914"/>
</kw>
<doc>Testa o conteúdo específico dos campos retornados pela API.</doc>
<tag>testeConteudo</tag>
<status status="PASS" start="2024-05-14T23:13:48.635059" elapsed="0.096499"/>
</test>
<status status="PASS" start="2024-05-14T23:13:47.822934" elapsed="0.910579"/>
</suite>
<status status="PASS" start="2024-05-14T23:13:47.809256" elapsed="0.929337"/>
</suite>
<statistics>
<total>
<stat pass="5" fail="0" skip="0">All Tests</stat>
</total>
<tag>
<stat pass="1" fail="0" skip="0">testeConteudo</stat>
<stat pass="1" fail="0" skip="0">testeEstruturaResposta</stat>
<stat pass="1" fail="0" skip="0">testeRequisicaoBasica</stat>
<stat pass="1" fail="0" skip="0">testeTiposDados</stat>
</tag>
<suite>
<stat pass="5" fail="0" skip="0" id="s1" name="Tests">Tests</stat>
<stat pass="5" fail="0" skip="0" id="s1-s1" name="Random-User-Test">Tests.Random-User-Test</stat>
</suite>
</statistics>
<errors>
</errors>
</robot>
