<?xml version="1.0" encoding="UTF-8"?>
<robot generator="Robot 7.0.1 (Python 3.12.3 on linux)" generated="2024-06-14T16:17:43.218569" rpa="false" schemaversion="5">
<suite id="s1" name="Tests" source="/home/runner/work/ApiRandomUser/ApiRandomUser/RamdonUser/tests">
<suite id="s1-s1" name="Random-User-Test" source="/home/runner/work/ApiRandomUser/ApiRandomUser/RamdonUser/tests/random-user-test.robot">
<test id="s1-s1-t1" name="Conectar" line="13">
<kw name="Conectar API" owner="random-user-service">
<kw name="Create Session" owner="RequestsLibrary">
<msg time="2024-06-14T16:17:43.604373" level="INFO">Creating Session using : alias=consultarAPI, url=https://randomuser.me/, headers={},                     cookies={}, auth=None, timeout=None, proxies=None, verify=False,                     debug=0 </msg>
<arg>consultarAPI</arg>
<arg>${URL}</arg>
<doc>Create Session: create a HTTP session to a server</doc>
<status status="PASS" start="2024-06-14T16:17:43.604172" elapsed="0.000390"/>
</kw>
<status status="PASS" start="2024-06-14T16:17:43.603115" elapsed="0.001833"/>
</kw>
<status status="PASS" start="2024-06-14T16:17:43.602510" elapsed="0.002636"/>
</test>
<test id="s1-s1-t2" name="Validar retorno 200 e JSON Válido" line="16">
<kw name="Teste de Requisicao Basica" owner="random-user-service">
<kw name="GET On Session" owner="RequestsLibrary">
<msg time="2024-06-14T16:17:44.022644" level="INFO">GET Request : url=https://randomuser.me/api 
 path_url=/api 
 headers={'User-Agent': 'python-requests/2.32.3', 'Accept-Encoding': 'gzip, deflate', 'Accept': '*/*', 'Connection': 'keep-alive'} 
 body=None 
 </msg>
<msg time="2024-06-14T16:17:44.022798" level="INFO">GET Response : url=https://randomuser.me/api 
 status=200, reason=OK 
 headers={'Date': 'Fri, 14 Jun 2024 16:17:44 GMT', 'Content-Type': 'application/json; charset=utf-8', 'Transfer-Encoding': 'chunked', 'Connection': 'keep-alive', 'X-Powered-By': 'Express', 'Access-Control-Allow-Origin': '*', 'Cache-Control': 'no-cache', 'ETag': 'W/"4b7-cEjAXoRJU7cQpfCKshTOFUvw6+s"', 'Vary': 'Accept-Encoding', 'Content-Encoding': 'gzip', 'CF-Cache-Status': 'DYNAMIC', 'Report-To': '{"endpoints":[{"url":"https:\\/\\/a.nel.cloudflare.com\\/report\\/v4?s=Ujl%2F62hgQzOvBXLoJlTpvgq%2Bse6KLR1yT2bNxD3qdZnCFF%2BtctWp%2FN0XLwzkheiYwl0ISMz8HxwzlCUmP5oLo0%2BZ%2Fo3yuquaX%2FmTfueyD1LY%2F%2Bwlm5GuVEOrhCyuxA5r"}],"group":"cf-nel","max_age":604800}', 'NEL': '{"success_fraction":0,"report_to":"cf-nel","max_age":604800}', 'Server': 'cloudflare', 'CF-RAY': '893ba1d87b450850-IAD', 'alt-svc': 'h3=":443"; ma=86400'} 
 body={"results":[{"gender":"female","name":{"title":"Miss","first":"Rosa","last":"Bravo"},"location":{"street":{"number":7730,"name":"Continuación Mares"},"city":"Gral. J. Ma. Morelos y Pavón","state":"Tamaulipas","country":"Mexico","postcode":76639,"coordinates":{"latitude":"23.5963","longitude":"107.1994"},"timezone":{"offset":"+3:00","description":"Baghdad, Riyadh, Moscow, St. Petersburg"}},"email":"rosa.bravo@example.com","login":{"uuid":"d139c75d-b91e-49df-9113-826ffcd40604","username":"brownleopard240","password":"alex","salt":"Me3L17wg","md5":"b823e27daa9501a8277043ad81118704","sha1":"85df75f240d7006eac170bb47303fa93e2e8411b","sha256":"6a72befea9e0f4c24d79084ffe5550906809842fcf1d4537a76ab6f1608cbc5a"},"dob":{"date":"1966-02-05T13:31:41.476Z","age":58},"registered":{"date":"2021-12-02T18:04:24.224Z","age":2},"phone":"(678) 203 0258","cell":"(677) 416 1662","id":{"name":"NSS","value":"54 40 98 6105 9"},"picture":{"large":"https://randomuser.me/api/portraits/women/91.jpg","medium":"https://randomuser.me/api/portraits/med/women/91.jpg","thumbnail":"https://randomuser.me/api/portraits/thumb/women/91.jpg"},"nat":"MX"}],"info":{"seed":"0e07997c2782c5a6","results":1,"page":1,"version":"1.4"}} 
 </msg>
<msg time="2024-06-14T16:17:44.022882" level="INFO">/opt/hostedtoolcache/Python/3.12.3/x64/lib/python3.12/site-packages/urllib3/connectionpool.py:1103: InsecureRequestWarning: Unverified HTTPS request is being made to host 'randomuser.me'. Adding certificate verification is strongly advised. See: https://urllib3.readthedocs.io/en/latest/advanced-usage.html#tls-warnings
  warnings.warn(</msg>
<msg time="2024-06-14T16:17:44.023045" level="INFO">${response} = &lt;Response [200]&gt;</msg>
<var>${response}</var>
<arg>consultarAPI</arg>
<arg>/api</arg>
<doc>Sends a GET request on a previously created HTTP Session.</doc>
<status status="PASS" start="2024-06-14T16:17:43.607848" elapsed="0.415236"/>
</kw>
<kw name="Should Be Equal As Numbers" owner="BuiltIn">
<msg time="2024-06-14T16:17:44.024056" level="INFO">Argument types are:
&lt;class 'int'&gt;
&lt;class 'str'&gt;</msg>
<arg>${response.status_code}</arg>
<arg>200</arg>
<doc>Fails if objects are unequal after converting them to real numbers.</doc>
<status status="PASS" start="2024-06-14T16:17:44.023602" elapsed="0.000517"/>
</kw>
<kw name="Log" owner="BuiltIn">
<msg time="2024-06-14T16:17:44.024817" level="INFO">200</msg>
<arg>${response.status_code}</arg>
<doc>Logs the given message with the given level.</doc>
<status status="PASS" start="2024-06-14T16:17:44.024462" elapsed="0.000404"/>
</kw>
<kw name="Set Variable" owner="BuiltIn">
<msg time="2024-06-14T16:17:44.025611" level="INFO">${json_data} = {'results': [{'gender': 'female', 'name': {'title': 'Miss', 'first': 'Rosa', 'last': 'Bravo'}, 'location': {'street': {'number': 7730, 'name': 'Continuación Mares'}, 'city': 'Gral. J. Ma. Morelos y Pa...</msg>
<var>${json_data}</var>
<arg>${response.json()}</arg>
<doc>Returns the given values which can then be assigned to a variables.</doc>
<status status="PASS" start="2024-06-14T16:17:44.025173" elapsed="0.000467"/>
</kw>
<kw name="Dictionary Should Contain Key" owner="Collections">
<arg>${json_data}</arg>
<arg>results</arg>
<doc>Fails if ``key`` is not found from ``dictionary``.</doc>
<status status="PASS" start="2024-06-14T16:17:44.025977" elapsed="0.000163"/>
</kw>
<status status="PASS" start="2024-06-14T16:17:43.607598" elapsed="0.418693"/>
</kw>
<doc>Testa se a API responde corretamente e retorna um objeto JSON válido.</doc>
<tag>testeRequisicaoBasica</tag>
<status status="PASS" start="2024-06-14T16:17:43.607064" elapsed="0.419404"/>
</test>
<test id="s1-s1-t3" name="Validar estrutura de resposta" line="22">
<kw name="Teste de Estrutura de Resposta" owner="random-user-service">
<kw name="GET On Session" owner="RequestsLibrary">
<msg time="2024-06-14T16:17:44.077189" level="INFO">GET Request : url=https://randomuser.me/api 
 path_url=/api 
 headers={'User-Agent': 'python-requests/2.32.3', 'Accept-Encoding': 'gzip, deflate', 'Accept': '*/*', 'Connection': 'keep-alive'} 
 body=None 
 </msg>
<msg time="2024-06-14T16:17:44.077258" level="INFO">GET Response : url=https://randomuser.me/api 
 status=200, reason=OK 
 headers={'Date': 'Fri, 14 Jun 2024 16:17:44 GMT', 'Content-Type': 'application/json; charset=utf-8', 'Transfer-Encoding': 'chunked', 'Connection': 'keep-alive', 'X-Powered-By': 'Express', 'Access-Control-Allow-Origin': '*', 'Cache-Control': 'no-cache', 'ETag': 'W/"484-HYUiWBDibewMxrcMfLOqDSluYJ8"', 'Vary': 'Accept-Encoding', 'Content-Encoding': 'gzip', 'CF-Cache-Status': 'DYNAMIC', 'Report-To': '{"endpoints":[{"url":"https:\\/\\/a.nel.cloudflare.com\\/report\\/v4?s=5pZlRREI0fHT9zY43eUsQLJqyVOrisZ7sSkZ23jF9bexcaUao2AwdJPvjMy3VBZvbZ6TixjIBtkAgHfX0SE1sluvI315MIeq0fOftR9Gan1qaTjrvo1fP6GVb%2BNtvWoP"}],"group":"cf-nel","max_age":604800}', 'NEL': '{"success_fraction":0,"report_to":"cf-nel","max_age":604800}', 'Server': 'cloudflare', 'CF-RAY': '893ba1da3e570850-IAD', 'alt-svc': 'h3=":443"; ma=86400'} 
 body={"results":[{"gender":"female","name":{"title":"Miss","first":"Gertruida","last":"Boonen"},"location":{"street":{"number":8900,"name":"Kampenhof"},"city":"Genemuiden","state":"Friesland","country":"Netherlands","postcode":"7174 AW","coordinates":{"latitude":"37.7374","longitude":"79.9325"},"timezone":{"offset":"-9:00","description":"Alaska"}},"email":"gertruida.boonen@example.com","login":{"uuid":"5132ed42-2d5d-4464-9275-f5cdb51f131d","username":"goldenzebra434","password":"jayjay","salt":"Yu1txsfh","md5":"3b308dc7a878bdf7909c3fde331b27b0","sha1":"375fb65e42aebb0974432db63a2dbb78d8c1cd40","sha256":"3ca1ed5390ff6e3917c13f8e987198b08db4b042f97070a9c2c12f84dac80b5c"},"dob":{"date":"1989-02-23T18:49:30.729Z","age":35},"registered":{"date":"2019-08-09T04:47:30.872Z","age":4},"phone":"(0077) 215029","cell":"(06) 50143901","id":{"name":"BSN","value":"20762342"},"picture":{"large":"https://randomuser.me/api/portraits/women/71.jpg","medium":"https://randomuser.me/api/portraits/med/women/71.jpg","thumbnail":"https://randomuser.me/api/portraits/thumb/women/71.jpg"},"nat":"NL"}],"info":{"seed":"dbd382497f035b76","results":1,"page":1,"version":"1.4"}} 
 </msg>
<msg time="2024-06-14T16:17:44.077380" level="INFO">/opt/hostedtoolcache/Python/3.12.3/x64/lib/python3.12/site-packages/urllib3/connectionpool.py:1103: InsecureRequestWarning: Unverified HTTPS request is being made to host 'randomuser.me'. Adding certificate verification is strongly advised. See: https://urllib3.readthedocs.io/en/latest/advanced-usage.html#tls-warnings
  warnings.warn(</msg>
<msg time="2024-06-14T16:17:44.077497" level="INFO">${response} = &lt;Response [200]&gt;</msg>
<var>${response}</var>
<arg>consultarAPI</arg>
<arg>/api</arg>
<doc>Sends a GET request on a previously created HTTP Session.</doc>
<status status="PASS" start="2024-06-14T16:17:44.029290" elapsed="0.048252"/>
</kw>
<kw name="Set Variable" owner="BuiltIn">
<msg time="2024-06-14T16:17:44.078459" level="INFO">${json_data} = {'results': [{'gender': 'female', 'name': {'title': 'Miss', 'first': 'Gertruida', 'last': 'Boonen'}, 'location': {'street': {'number': 8900, 'name': 'Kampenhof'}, 'city': 'Genemuiden', 'state': 'Fries...</msg>
<var>${json_data}</var>
<arg>${response.json()}</arg>
<doc>Returns the given values which can then be assigned to a variables.</doc>
<status status="PASS" start="2024-06-14T16:17:44.077986" elapsed="0.000503"/>
</kw>
<kw name="Log" owner="BuiltIn">
<msg time="2024-06-14T16:17:44.078954" level="INFO">{'results': [{'gender': 'female', 'name': {'title': 'Miss', 'first': 'Gertruida', 'last': 'Boonen'}, 'location': {'street': {'number': 8900, 'name': 'Kampenhof'}, 'city': 'Genemuiden', 'state': 'Friesland', 'country': 'Netherlands', 'postcode': '7174 AW', 'coordinates': {'latitude': '37.7374', 'longitude': '79.9325'}, 'timezone': {'offset': '-9:00', 'description': 'Alaska'}}, 'email': 'gertruida.boonen@example.com', 'login': {'uuid': '5132ed42-2d5d-4464-9275-f5cdb51f131d', 'username': 'goldenzebra434', 'password': 'jayjay', 'salt': 'Yu1txsfh', 'md5': '3b308dc7a878bdf7909c3fde331b27b0', 'sha1': '375fb65e42aebb0974432db63a2dbb78d8c1cd40', 'sha256': '3ca1ed5390ff6e3917c13f8e987198b08db4b042f97070a9c2c12f84dac80b5c'}, 'dob': {'date': '1989-02-23T18:49:30.729Z', 'age': 35}, 'registered': {'date': '2019-08-09T04:47:30.872Z', 'age': 4}, 'phone': '(0077) 215029', 'cell': '(06) 50143901', 'id': {'name': 'BSN', 'value': '20762342'}, 'picture': {'large': 'https://randomuser.me/api/portraits/women/71.jpg', 'medium': 'https://randomuser.me/api/portraits/med/women/71.jpg', 'thumbnail': 'https://randomuser.me/api/portraits/thumb/women/71.jpg'}, 'nat': 'NL'}], 'info': {'seed': 'dbd382497f035b76', 'results': 1, 'page': 1, 'version': '1.4'}}</msg>
<arg>${json_data}</arg>
<doc>Logs the given message with the given level.</doc>
<status status="PASS" start="2024-06-14T16:17:44.078798" elapsed="0.000203"/>
</kw>
<kw name="Dictionary Should Contain Key" owner="Collections">
<arg>${json_data}</arg>
<arg>results</arg>
<doc>Fails if ``key`` is not found from ``dictionary``.</doc>
<status status="PASS" start="2024-06-14T16:17:44.079306" elapsed="0.000155"/>
</kw>
<kw name="Should Not Be Empty" owner="BuiltIn">
<msg time="2024-06-14T16:17:44.079767" level="INFO">Length is 2.</msg>
<arg>${json_data}</arg>
<doc>Verifies that the given item is not empty.</doc>
<status status="PASS" start="2024-06-14T16:17:44.079646" elapsed="0.000159"/>
</kw>
<kw name="Create List" owner="BuiltIn">
<msg time="2024-06-14T16:17:44.080239" level="INFO">${expected_keys} = ['gender', 'name', 'location', 'email', 'login']</msg>
<var>${expected_keys}</var>
<arg>gender</arg>
<arg>name</arg>
<arg>location</arg>
<arg>email</arg>
<arg>login</arg>
<doc>Returns a list containing given items.</doc>
<status status="PASS" start="2024-06-14T16:17:44.080094" elapsed="0.000169"/>
</kw>
<for flavor="IN">
<iter>
<kw name="Dictionary Should Contain Key" owner="Collections">
<arg>${json_data['results'][0]}</arg>
<arg>${key}</arg>
<doc>Fails if ``key`` is not found from ``dictionary``.</doc>
<status status="PASS" start="2024-06-14T16:17:44.080832" elapsed="0.000400"/>
</kw>
<kw name="Log" owner="BuiltIn">
<msg time="2024-06-14T16:17:44.081808" level="INFO">{'gender': 'female', 'name': {'title': 'Miss', 'first': 'Gertruida', 'last': 'Boonen'}, 'location': {'street': {'number': 8900, 'name': 'Kampenhof'}, 'city': 'Genemuiden', 'state': 'Friesland', 'country': 'Netherlands', 'postcode': '7174 AW', 'coordinates': {'latitude': '37.7374', 'longitude': '79.9325'}, 'timezone': {'offset': '-9:00', 'description': 'Alaska'}}, 'email': 'gertruida.boonen@example.com', 'login': {'uuid': '5132ed42-2d5d-4464-9275-f5cdb51f131d', 'username': 'goldenzebra434', 'password': 'jayjay', 'salt': 'Yu1txsfh', 'md5': '3b308dc7a878bdf7909c3fde331b27b0', 'sha1': '375fb65e42aebb0974432db63a2dbb78d8c1cd40', 'sha256': '3ca1ed5390ff6e3917c13f8e987198b08db4b042f97070a9c2c12f84dac80b5c'}, 'dob': {'date': '1989-02-23T18:49:30.729Z', 'age': 35}, 'registered': {'date': '2019-08-09T04:47:30.872Z', 'age': 4}, 'phone': '(0077) 215029', 'cell': '(06) 50143901', 'id': {'name': 'BSN', 'value': '20762342'}, 'picture': {'large': 'https://randomuser.me/api/portraits/women/71.jpg', 'medium': 'https://randomuser.me/api/portraits/med/women/71.jpg', 'thumbnail': 'https://randomuser.me/api/portraits/thumb/women/71.jpg'}, 'nat': 'NL'}</msg>
<arg>${json_data['results'][0]}</arg>
<doc>Logs the given message with the given level.</doc>
<status status="PASS" start="2024-06-14T16:17:44.081423" elapsed="0.000436"/>
</kw>
<kw name="Log" owner="BuiltIn">
<msg time="2024-06-14T16:17:44.082315" level="INFO">gender</msg>
<arg>${key}</arg>
<doc>Logs the given message with the given level.</doc>
<status status="PASS" start="2024-06-14T16:17:44.082181" elapsed="0.000173"/>
</kw>
<var name="${key}">gender</var>
<status status="PASS" start="2024-06-14T16:17:44.080709" elapsed="0.001869"/>
</iter>
<iter>
<kw name="Dictionary Should Contain Key" owner="Collections">
<arg>${json_data['results'][0]}</arg>
<arg>${key}</arg>
<doc>Fails if ``key`` is not found from ``dictionary``.</doc>
<status status="PASS" start="2024-06-14T16:17:44.082878" elapsed="0.000381"/>
</kw>
<kw name="Log" owner="BuiltIn">
<msg time="2024-06-14T16:17:44.083788" level="INFO">{'gender': 'female', 'name': {'title': 'Miss', 'first': 'Gertruida', 'last': 'Boonen'}, 'location': {'street': {'number': 8900, 'name': 'Kampenhof'}, 'city': 'Genemuiden', 'state': 'Friesland', 'country': 'Netherlands', 'postcode': '7174 AW', 'coordinates': {'latitude': '37.7374', 'longitude': '79.9325'}, 'timezone': {'offset': '-9:00', 'description': 'Alaska'}}, 'email': 'gertruida.boonen@example.com', 'login': {'uuid': '5132ed42-2d5d-4464-9275-f5cdb51f131d', 'username': 'goldenzebra434', 'password': 'jayjay', 'salt': 'Yu1txsfh', 'md5': '3b308dc7a878bdf7909c3fde331b27b0', 'sha1': '375fb65e42aebb0974432db63a2dbb78d8c1cd40', 'sha256': '3ca1ed5390ff6e3917c13f8e987198b08db4b042f97070a9c2c12f84dac80b5c'}, 'dob': {'date': '1989-02-23T18:49:30.729Z', 'age': 35}, 'registered': {'date': '2019-08-09T04:47:30.872Z', 'age': 4}, 'phone': '(0077) 215029', 'cell': '(06) 50143901', 'id': {'name': 'BSN', 'value': '20762342'}, 'picture': {'large': 'https://randomuser.me/api/portraits/women/71.jpg', 'medium': 'https://randomuser.me/api/portraits/med/women/71.jpg', 'thumbnail': 'https://randomuser.me/api/portraits/thumb/women/71.jpg'}, 'nat': 'NL'}</msg>
<arg>${json_data['results'][0]}</arg>
<doc>Logs the given message with the given level.</doc>
<status status="PASS" start="2024-06-14T16:17:44.083443" elapsed="0.000427"/>
</kw>
<kw name="Log" owner="BuiltIn">
<msg time="2024-06-14T16:17:44.084310" level="INFO">name</msg>
<arg>${key}</arg>
<doc>Logs the given message with the given level.</doc>
<status status="PASS" start="2024-06-14T16:17:44.084177" elapsed="0.000173"/>
</kw>
<var name="${key}">name</var>
<status status="PASS" start="2024-06-14T16:17:44.082765" elapsed="0.001807"/>
</iter>
<iter>
<kw name="Dictionary Should Contain Key" owner="Collections">
<arg>${json_data['results'][0]}</arg>
<arg>${key}</arg>
<doc>Fails if ``key`` is not found from ``dictionary``.</doc>
<status status="PASS" start="2024-06-14T16:17:44.084859" elapsed="0.000382"/>
</kw>
<kw name="Log" owner="BuiltIn">
<msg time="2024-06-14T16:17:44.085798" level="INFO">{'gender': 'female', 'name': {'title': 'Miss', 'first': 'Gertruida', 'last': 'Boonen'}, 'location': {'street': {'number': 8900, 'name': 'Kampenhof'}, 'city': 'Genemuiden', 'state': 'Friesland', 'country': 'Netherlands', 'postcode': '7174 AW', 'coordinates': {'latitude': '37.7374', 'longitude': '79.9325'}, 'timezone': {'offset': '-9:00', 'description': 'Alaska'}}, 'email': 'gertruida.boonen@example.com', 'login': {'uuid': '5132ed42-2d5d-4464-9275-f5cdb51f131d', 'username': 'goldenzebra434', 'password': 'jayjay', 'salt': 'Yu1txsfh', 'md5': '3b308dc7a878bdf7909c3fde331b27b0', 'sha1': '375fb65e42aebb0974432db63a2dbb78d8c1cd40', 'sha256': '3ca1ed5390ff6e3917c13f8e987198b08db4b042f97070a9c2c12f84dac80b5c'}, 'dob': {'date': '1989-02-23T18:49:30.729Z', 'age': 35}, 'registered': {'date': '2019-08-09T04:47:30.872Z', 'age': 4}, 'phone': '(0077) 215029', 'cell': '(06) 50143901', 'id': {'name': 'BSN', 'value': '20762342'}, 'picture': {'large': 'https://randomuser.me/api/portraits/women/71.jpg', 'medium': 'https://randomuser.me/api/portraits/med/women/71.jpg', 'thumbnail': 'https://randomuser.me/api/portraits/thumb/women/71.jpg'}, 'nat': 'NL'}</msg>
<arg>${json_data['results'][0]}</arg>
<doc>Logs the given message with the given level.</doc>
<status status="PASS" start="2024-06-14T16:17:44.085429" elapsed="0.000423"/>
</kw>
<kw name="Log" owner="BuiltIn">
<msg time="2024-06-14T16:17:44.086277" level="INFO">location</msg>
<arg>${key}</arg>
<doc>Logs the given message with the given level.</doc>
<status status="PASS" start="2024-06-14T16:17:44.086152" elapsed="0.000163"/>
</kw>
<var name="${key}">location</var>
<status status="PASS" start="2024-06-14T16:17:44.084751" elapsed="0.001787"/>
</iter>
<iter>
<kw name="Dictionary Should Contain Key" owner="Collections">
<arg>${json_data['results'][0]}</arg>
<arg>${key}</arg>
<doc>Fails if ``key`` is not found from ``dictionary``.</doc>
<status status="PASS" start="2024-06-14T16:17:44.086829" elapsed="0.000377"/>
</kw>
<kw name="Log" owner="BuiltIn">
<msg time="2024-06-14T16:17:44.087744" level="INFO">{'gender': 'female', 'name': {'title': 'Miss', 'first': 'Gertruida', 'last': 'Boonen'}, 'location': {'street': {'number': 8900, 'name': 'Kampenhof'}, 'city': 'Genemuiden', 'state': 'Friesland', 'country': 'Netherlands', 'postcode': '7174 AW', 'coordinates': {'latitude': '37.7374', 'longitude': '79.9325'}, 'timezone': {'offset': '-9:00', 'description': 'Alaska'}}, 'email': 'gertruida.boonen@example.com', 'login': {'uuid': '5132ed42-2d5d-4464-9275-f5cdb51f131d', 'username': 'goldenzebra434', 'password': 'jayjay', 'salt': 'Yu1txsfh', 'md5': '3b308dc7a878bdf7909c3fde331b27b0', 'sha1': '375fb65e42aebb0974432db63a2dbb78d8c1cd40', 'sha256': '3ca1ed5390ff6e3917c13f8e987198b08db4b042f97070a9c2c12f84dac80b5c'}, 'dob': {'date': '1989-02-23T18:49:30.729Z', 'age': 35}, 'registered': {'date': '2019-08-09T04:47:30.872Z', 'age': 4}, 'phone': '(0077) 215029', 'cell': '(06) 50143901', 'id': {'name': 'BSN', 'value': '20762342'}, 'picture': {'large': 'https://randomuser.me/api/portraits/women/71.jpg', 'medium': 'https://randomuser.me/api/portraits/med/women/71.jpg', 'thumbnail': 'https://randomuser.me/api/portraits/thumb/women/71.jpg'}, 'nat': 'NL'}</msg>
<arg>${json_data['results'][0]}</arg>
<doc>Logs the given message with the given level.</doc>
<status status="PASS" start="2024-06-14T16:17:44.087386" elapsed="0.000416"/>
</kw>
<kw name="Log" owner="BuiltIn">
<msg time="2024-06-14T16:17:44.088247" level="INFO">email</msg>
<arg>${key}</arg>
<doc>Logs the given message with the given level.</doc>
<status status="PASS" start="2024-06-14T16:17:44.088103" elapsed="0.000182"/>
</kw>
<var name="${key}">email</var>
<status status="PASS" start="2024-06-14T16:17:44.086721" elapsed="0.001777"/>
</iter>
<iter>
<kw name="Dictionary Should Contain Key" owner="Collections">
<arg>${json_data['results'][0]}</arg>
<arg>${key}</arg>
<doc>Fails if ``key`` is not found from ``dictionary``.</doc>
<status status="PASS" start="2024-06-14T16:17:44.088779" elapsed="0.000388"/>
</kw>
<kw name="Log" owner="BuiltIn">
<msg time="2024-06-14T16:17:44.089698" level="INFO">{'gender': 'female', 'name': {'title': 'Miss', 'first': 'Gertruida', 'last': 'Boonen'}, 'location': {'street': {'number': 8900, 'name': 'Kampenhof'}, 'city': 'Genemuiden', 'state': 'Friesland', 'country': 'Netherlands', 'postcode': '7174 AW', 'coordinates': {'latitude': '37.7374', 'longitude': '79.9325'}, 'timezone': {'offset': '-9:00', 'description': 'Alaska'}}, 'email': 'gertruida.boonen@example.com', 'login': {'uuid': '5132ed42-2d5d-4464-9275-f5cdb51f131d', 'username': 'goldenzebra434', 'password': 'jayjay', 'salt': 'Yu1txsfh', 'md5': '3b308dc7a878bdf7909c3fde331b27b0', 'sha1': '375fb65e42aebb0974432db63a2dbb78d8c1cd40', 'sha256': '3ca1ed5390ff6e3917c13f8e987198b08db4b042f97070a9c2c12f84dac80b5c'}, 'dob': {'date': '1989-02-23T18:49:30.729Z', 'age': 35}, 'registered': {'date': '2019-08-09T04:47:30.872Z', 'age': 4}, 'phone': '(0077) 215029', 'cell': '(06) 50143901', 'id': {'name': 'BSN', 'value': '20762342'}, 'picture': {'large': 'https://randomuser.me/api/portraits/women/71.jpg', 'medium': 'https://randomuser.me/api/portraits/med/women/71.jpg', 'thumbnail': 'https://randomuser.me/api/portraits/thumb/women/71.jpg'}, 'nat': 'NL'}</msg>
<arg>${json_data['results'][0]}</arg>
<doc>Logs the given message with the given level.</doc>
<status status="PASS" start="2024-06-14T16:17:44.089354" elapsed="0.000425"/>
</kw>
<kw name="Log" owner="BuiltIn">
<msg time="2024-06-14T16:17:44.090317" level="INFO">login</msg>
<arg>${key}</arg>
<doc>Logs the given message with the given level.</doc>
<status status="PASS" start="2024-06-14T16:17:44.090087" elapsed="0.000269"/>
</kw>
<var name="${key}">login</var>
<status status="PASS" start="2024-06-14T16:17:44.088671" elapsed="0.001987"/>
</iter>
<var>${key}</var>
<value>@{expected_keys}</value>
<status status="PASS" start="2024-06-14T16:17:44.080523" elapsed="0.010323"/>
</for>
<kw name="Create List" owner="BuiltIn">
<msg time="2024-06-14T16:17:44.091239" level="INFO">${expected_keysTwo} = ['username', 'password']</msg>
<var>${expected_keysTwo}</var>
<arg>username</arg>
<arg>password</arg>
<doc>Returns a list containing given items.</doc>
<status status="PASS" start="2024-06-14T16:17:44.091099" elapsed="0.000165"/>
</kw>
<for flavor="IN">
<iter>
<kw name="Dictionary Should Contain Key" owner="Collections">
<arg>${json_data['results'][0]['login']}</arg>
<arg>${keyTwo}</arg>
<doc>Fails if ``key`` is not found from ``dictionary``.</doc>
<status status="PASS" start="2024-06-14T16:17:44.091805" elapsed="0.000381"/>
</kw>
<kw name="Dictionary Should Contain Key" owner="Collections">
<arg>${json_data['results'][0]['login']}</arg>
<arg>${keyTwo}</arg>
<doc>Fails if ``key`` is not found from ``dictionary``.</doc>
<status status="PASS" start="2024-06-14T16:17:44.092369" elapsed="0.000383"/>
</kw>
<kw name="Log" owner="BuiltIn">
<msg time="2024-06-14T16:17:44.093052" level="INFO">username</msg>
<arg>${keyTwo}</arg>
<doc>Logs the given message with the given level.</doc>
<status status="PASS" start="2024-06-14T16:17:44.092933" elapsed="0.000156"/>
</kw>
<var name="${keyTwo}">username</var>
<status status="PASS" start="2024-06-14T16:17:44.091697" elapsed="0.001614"/>
</iter>
<iter>
<kw name="Dictionary Should Contain Key" owner="Collections">
<arg>${json_data['results'][0]['login']}</arg>
<arg>${keyTwo}</arg>
<doc>Fails if ``key`` is not found from ``dictionary``.</doc>
<status status="PASS" start="2024-06-14T16:17:44.093597" elapsed="0.000421"/>
</kw>
<kw name="Dictionary Should Contain Key" owner="Collections">
<arg>${json_data['results'][0]['login']}</arg>
<arg>${keyTwo}</arg>
<doc>Fails if ``key`` is not found from ``dictionary``.</doc>
<status status="PASS" start="2024-06-14T16:17:44.094202" elapsed="0.000365"/>
</kw>
<kw name="Log" owner="BuiltIn">
<msg time="2024-06-14T16:17:44.094862" level="INFO">password</msg>
<arg>${keyTwo}</arg>
<doc>Logs the given message with the given level.</doc>
<status status="PASS" start="2024-06-14T16:17:44.094746" elapsed="0.000153"/>
</kw>
<var name="${keyTwo}">password</var>
<status status="PASS" start="2024-06-14T16:17:44.093487" elapsed="0.001632"/>
</iter>
<var>${keyTwo}</var>
<value>@{expected_keysTwo}</value>
<status status="PASS" start="2024-06-14T16:17:44.091543" elapsed="0.003699"/>
</for>
<status status="PASS" start="2024-06-14T16:17:44.029054" elapsed="0.066328"/>
</kw>
<doc>Testa a estrutura da resposta da API.</doc>
<tag>testeEstruturaResposta</tag>
<status status="PASS" start="2024-06-14T16:17:44.028270" elapsed="0.067266"/>
</test>
<test id="s1-s1-t4" name="Validar tipos de dados" line="28">
<kw name="Teste de Tipos de Dados" owner="random-user-service">
<kw name="GET On Session" owner="RequestsLibrary">
<msg time="2024-06-14T16:17:44.171006" level="INFO">GET Request : url=https://randomuser.me/api 
 path_url=/api 
 headers={'User-Agent': 'python-requests/2.32.3', 'Accept-Encoding': 'gzip, deflate', 'Accept': '*/*', 'Connection': 'keep-alive'} 
 body=None 
 </msg>
<msg time="2024-06-14T16:17:44.171070" level="INFO">GET Response : url=https://randomuser.me/api 
 status=200, reason=OK 
 headers={'Date': 'Fri, 14 Jun 2024 16:17:44 GMT', 'Content-Type': 'application/json; charset=utf-8', 'Transfer-Encoding': 'chunked', 'Connection': 'keep-alive', 'X-Powered-By': 'Express', 'Access-Control-Allow-Origin': '*', 'Cache-Control': 'no-cache', 'ETag': 'W/"487-pNjeTMcya54GxY3qqJ7s/HKTiIk"', 'Vary': 'Accept-Encoding', 'Content-Encoding': 'gzip', 'CF-Cache-Status': 'DYNAMIC', 'Report-To': '{"endpoints":[{"url":"https:\\/\\/a.nel.cloudflare.com\\/report\\/v4?s=fvAhopTo%2BxU9IlUT8ZGXfRcI5gFhULTDxMFfO1mCu%2BOwUtAWfsW3Y36G4X288yifTgBFJ61tPhKwxJ0TbZ4y5hiCKfDZXHl9PtzevyyxzU5%2Bff4UccrAYLE7AS%2FJlmJc"}],"group":"cf-nel","max_age":604800}', 'NEL': '{"success_fraction":0,"report_to":"cf-nel","max_age":604800}', 'Server': 'cloudflare', 'CF-RAY': '893ba1daaf390850-IAD', 'alt-svc': 'h3=":443"; ma=86400'} 
 body={"results":[{"gender":"female","name":{"title":"Ms","first":"Svyatoslava","last":"Pavliv"},"location":{"street":{"number":9021,"name":"Kiyivskiy maydan"},"city":"Krasnogorivka","state":"Ivano-Frankivska","country":"Ukraine","postcode":92507,"coordinates":{"latitude":"73.7638","longitude":"108.6510"},"timezone":{"offset":"+4:30","description":"Kabul"}},"email":"svyatoslava.pavliv@example.com","login":{"uuid":"caaae675-ee61-43f3-b0b4-ebf1fc0bec74","username":"crazywolf766","password":"porno1","salt":"7Ago7nCb","md5":"680274c4e5e99c6f0fe51d6652472243","sha1":"74427ab77f21fe8f11f5cf36019d3a82d7919ba7","sha256":"f72154328592e10653055a825b770a81bdb82f7f2c01c80b23b2812f5cb57d5d"},"dob":{"date":"1999-06-14T09:11:57.894Z","age":25},"registered":{"date":"2004-04-08T06:45:30.553Z","age":20},"phone":"(098) A79-8428","cell":"(067) B45-8688","id":{"name":"","value":null},"picture":{"large":"https://randomuser.me/api/portraits/women/94.jpg","medium":"https://randomuser.me/api/portraits/med/women/94.jpg","thumbnail":"https://randomuser.me/api/portraits/thumb/women/94.jpg"},"nat":"UA"}],"info":{"seed":"57e99c9621ede46e","results":1,"page":1,"version":"1.4"}} 
 </msg>
<msg time="2024-06-14T16:17:44.171129" level="INFO">/opt/hostedtoolcache/Python/3.12.3/x64/lib/python3.12/site-packages/urllib3/connectionpool.py:1103: InsecureRequestWarning: Unverified HTTPS request is being made to host 'randomuser.me'. Adding certificate verification is strongly advised. See: https://urllib3.readthedocs.io/en/latest/advanced-usage.html#tls-warnings
  warnings.warn(</msg>
<msg time="2024-06-14T16:17:44.171215" level="INFO">${response} = &lt;Response [200]&gt;</msg>
<var>${response}</var>
<arg>consultarAPI</arg>
<arg>/api</arg>
<doc>Sends a GET request on a previously created HTTP Session.</doc>
<status status="PASS" start="2024-06-14T16:17:44.098087" elapsed="0.073167"/>
</kw>
<kw name="Set Variable" owner="BuiltIn">
<msg time="2024-06-14T16:17:44.172326" level="INFO">${json_data} = {'results': [{'gender': 'female', 'name': {'title': 'Ms', 'first': 'Svyatoslava', 'last': 'Pavliv'}, 'location': {'street': {'number': 9021, 'name': 'Kiyivskiy maydan'}, 'city': 'Krasnogorivka', 'stat...</msg>
<var>${json_data}</var>
<arg>${response.json()}</arg>
<doc>Returns the given values which can then be assigned to a variables.</doc>
<status status="PASS" start="2024-06-14T16:17:44.171729" elapsed="0.000626"/>
</kw>
<kw name="Log" owner="BuiltIn">
<msg time="2024-06-14T16:17:44.172807" level="INFO">{'results': [{'gender': 'female', 'name': {'title': 'Ms', 'first': 'Svyatoslava', 'last': 'Pavliv'}, 'location': {'street': {'number': 9021, 'name': 'Kiyivskiy maydan'}, 'city': 'Krasnogorivka', 'state': 'Ivano-Frankivska', 'country': 'Ukraine', 'postcode': 92507, 'coordinates': {'latitude': '73.7638', 'longitude': '108.6510'}, 'timezone': {'offset': '+4:30', 'description': 'Kabul'}}, 'email': 'svyatoslava.pavliv@example.com', 'login': {'uuid': 'caaae675-ee61-43f3-b0b4-ebf1fc0bec74', 'username': 'crazywolf766', 'password': 'porno1', 'salt': '7Ago7nCb', 'md5': '680274c4e5e99c6f0fe51d6652472243', 'sha1': '74427ab77f21fe8f11f5cf36019d3a82d7919ba7', 'sha256': 'f72154328592e10653055a825b770a81bdb82f7f2c01c80b23b2812f5cb57d5d'}, 'dob': {'date': '1999-06-14T09:11:57.894Z', 'age': 25}, 'registered': {'date': '2004-04-08T06:45:30.553Z', 'age': 20}, 'phone': '(098) A79-8428', 'cell': '(067) B45-8688', 'id': {'name': '', 'value': None}, 'picture': {'large': 'https://randomuser.me/api/portraits/women/94.jpg', 'medium': 'https://randomuser.me/api/portraits/med/women/94.jpg', 'thumbnail': 'https://randomuser.me/api/portraits/thumb/women/94.jpg'}, 'nat': 'UA'}], 'info': {'seed': '57e99c9621ede46e', 'results': 1, 'page': 1, 'version': '1.4'}}</msg>
<arg>${json_data}</arg>
<doc>Logs the given message with the given level.</doc>
<status status="PASS" start="2024-06-14T16:17:44.172656" elapsed="0.000196"/>
</kw>
<kw name="Should Be String" owner="String">
<arg>${json_data['results'][0]['gender']}</arg>
<doc>Fails if the given ``item`` is not a string.</doc>
<status status="PASS" start="2024-06-14T16:17:44.173155" elapsed="0.000354"/>
</kw>
<kw name="Should Match Regexp" owner="BuiltIn">
<arg>${json_data['results'][0]['email']}</arg>
<arg>^[a-zA-Z0-9._%+-]+@[a-zA-Z0-9.-]+\.[a-zA-Z]{2,}$</arg>
<doc>Fails if ``string`` does not match ``pattern`` as a regular expression.</doc>
<status status="PASS" start="2024-06-14T16:17:44.173696" elapsed="0.000540"/>
</kw>
<kw name="Should Match Regexp" owner="BuiltIn">
<arg>${json_data['results'][0]['dob']['date']}</arg>
<arg>\\d{4}-\\d{2}-\\d{2}T\\d{2}:\\d{2}:\\d{2}\\.\\d{3}Z</arg>
<doc>Fails if ``string`` does not match ``pattern`` as a regular expression.</doc>
<status status="PASS" start="2024-06-14T16:17:44.174464" elapsed="0.000505"/>
</kw>
<kw name="Should Match Regexp" owner="BuiltIn">
<arg>${json_data['results'][0]['registered']['date']}</arg>
<arg>\\d{4}-\\d{2}-\\d{2}T\\d{2}:\\d{2}:\\d{2}\\.\\d{3}Z</arg>
<doc>Fails if ``string`` does not match ``pattern`` as a regular expression.</doc>
<status status="PASS" start="2024-06-14T16:17:44.175161" elapsed="0.000366"/>
</kw>
<kw name="Should Match Regexp" owner="BuiltIn">
<arg>${json_data['results'][0]['picture']['large']}</arg>
<arg>^https?://.*\.(?:png|jpe?g|gif|bmp)$</arg>
<doc>Fails if ``string`` does not match ``pattern`` as a regular expression.</doc>
<status status="PASS" start="2024-06-14T16:17:44.175724" elapsed="0.000479"/>
</kw>
<kw name="Should Match Regexp" owner="BuiltIn">
<arg>${json_data['results'][0]['picture']['medium']}</arg>
<arg>^https?://.*\.(?:png|jpe?g|gif|bmp)$</arg>
<doc>Fails if ``string`` does not match ``pattern`` as a regular expression.</doc>
<status status="PASS" start="2024-06-14T16:17:44.176398" elapsed="0.000352"/>
</kw>
<kw name="Should Match Regexp" owner="BuiltIn">
<arg>${json_data['results'][0]['picture']['thumbnail']}</arg>
<arg>^https?://.*\.(?:png|jpe?g|gif|bmp)$</arg>
<doc>Fails if ``string`` does not match ``pattern`` as a regular expression.</doc>
<status status="PASS" start="2024-06-14T16:17:44.176940" elapsed="0.000352"/>
</kw>
<kw name="Log" owner="BuiltIn">
<msg time="2024-06-14T16:17:44.177845" level="INFO">{'large': 'https://randomuser.me/api/portraits/women/94.jpg', 'medium': 'https://randomuser.me/api/portraits/med/women/94.jpg', 'thumbnail': 'https://randomuser.me/api/portraits/thumb/women/94.jpg'}</msg>
<arg>${json_data['results'][0]['picture']}</arg>
<doc>Logs the given message with the given level.</doc>
<status status="PASS" start="2024-06-14T16:17:44.177482" elapsed="0.000407"/>
</kw>
<status status="PASS" start="2024-06-14T16:17:44.097852" elapsed="0.080308"/>
</kw>
<kw name="Teste de Tipos de Dados - Postcode" owner="random-user-service">
<kw name="GET On Session" owner="RequestsLibrary">
<msg time="2024-06-14T16:17:44.290091" level="INFO">GET Request : url=https://randomuser.me/api 
 path_url=/api 
 headers={'User-Agent': 'python-requests/2.32.3', 'Accept-Encoding': 'gzip, deflate', 'Accept': '*/*', 'Connection': 'keep-alive'} 
 body=None 
 </msg>
<msg time="2024-06-14T16:17:44.290155" level="INFO">GET Response : url=https://randomuser.me/api 
 status=200, reason=OK 
 headers={'Date': 'Fri, 14 Jun 2024 16:17:44 GMT', 'Content-Type': 'application/json; charset=utf-8', 'Transfer-Encoding': 'chunked', 'Connection': 'keep-alive', 'X-Powered-By': 'Express', 'Access-Control-Allow-Origin': '*', 'Cache-Control': 'no-cache', 'ETag': 'W/"49e-FnalZomKlMqJcslkRppSFKy2VG4"', 'Vary': 'Accept-Encoding', 'Content-Encoding': 'gzip', 'CF-Cache-Status': 'DYNAMIC', 'Report-To': '{"endpoints":[{"url":"https:\\/\\/a.nel.cloudflare.com\\/report\\/v4?s=UATIUDrAuGqNR6DIwZ0zGuzsIej%2B%2F66s9n2l2FBoyw%2FWoAgGMjkLLMY4WZQfwFn5r4r1KyQAMZPqkhri7LN6B1o8IEYxOHy6Ssw4vNYcc001SsfCvpk5cMCUD87YVdZQ"}],"group":"cf-nel","max_age":604800}', 'NEL': '{"success_fraction":0,"report_to":"cf-nel","max_age":604800}', 'Server': 'cloudflare', 'CF-RAY': '893ba1db28110850-IAD', 'alt-svc': 'h3=":443"; ma=86400'} 
 body={"results":[{"gender":"male","name":{"title":"Mr","first":"Ron","last":"Weniger"},"location":{"street":{"number":752,"name":"Birkenweg"},"city":"Garching Bei München","state":"Sachsen-Anhalt","country":"Germany","postcode":81135,"coordinates":{"latitude":"-52.8155","longitude":"-23.2292"},"timezone":{"offset":"+8:00","description":"Beijing, Perth, Singapore, Hong Kong"}},"email":"ron.weniger@example.com","login":{"uuid":"dfd124dc-e237-443c-ae6e-d099ef76f16e","username":"happytiger841","password":"tarheel","salt":"6knEslX3","md5":"a571fe210fd3ec49982b3aab35783c72","sha1":"e5ab10fd1633aca7f987faf781626c160ba0429f","sha256":"364fc275e21a7b98d3a609ade38555662e710eec4962b95224146311daae5afa"},"dob":{"date":"1945-07-12T19:20:02.939Z","age":78},"registered":{"date":"2013-09-19T04:18:32.048Z","age":10},"phone":"0894-3903937","cell":"0179-2292578","id":{"name":"SVNR","value":"26 120745 W 218"},"picture":{"large":"https://randomuser.me/api/portraits/men/56.jpg","medium":"https://randomuser.me/api/portraits/med/men/56.jpg","thumbnail":"https://randomuser.me/api/portraits/thumb/men/56.jpg"},"nat":"DE"}],"info":{"seed":"ac245920e9b76577","results":1,"page":1,"version":"1.4"}} 
 </msg>
<msg time="2024-06-14T16:17:44.290227" level="INFO">/opt/hostedtoolcache/Python/3.12.3/x64/lib/python3.12/site-packages/urllib3/connectionpool.py:1103: InsecureRequestWarning: Unverified HTTPS request is being made to host 'randomuser.me'. Adding certificate verification is strongly advised. See: https://urllib3.readthedocs.io/en/latest/advanced-usage.html#tls-warnings
  warnings.warn(</msg>
<msg time="2024-06-14T16:17:44.290324" level="INFO">${response} = &lt;Response [200]&gt;</msg>
<var>${response}</var>
<arg>consultarAPI</arg>
<arg>/api</arg>
<doc>Sends a GET request on a previously created HTTP Session.</doc>
<status status="PASS" start="2024-06-14T16:17:44.178675" elapsed="0.111690"/>
</kw>
<kw name="Set Variable" owner="BuiltIn">
<msg time="2024-06-14T16:17:44.291448" level="INFO">${json_data} = {'results': [{'gender': 'male', 'name': {'title': 'Mr', 'first': 'Ron', 'last': 'Weniger'}, 'location': {'street': {'number': 752, 'name': 'Birkenweg'}, 'city': 'Garching Bei München', 'state': 'Sachs...</msg>
<var>${json_data}</var>
<arg>${response.json()}</arg>
<doc>Returns the given values which can then be assigned to a variables.</doc>
<status status="PASS" start="2024-06-14T16:17:44.290845" elapsed="0.000634"/>
</kw>
<kw name="Log" owner="BuiltIn">
<msg time="2024-06-14T16:17:44.291939" level="INFO">{'results': [{'gender': 'male', 'name': {'title': 'Mr', 'first': 'Ron', 'last': 'Weniger'}, 'location': {'street': {'number': 752, 'name': 'Birkenweg'}, 'city': 'Garching Bei München', 'state': 'Sachsen-Anhalt', 'country': 'Germany', 'postcode': 81135, 'coordinates': {'latitude': '-52.8155', 'longitude': '-23.2292'}, 'timezone': {'offset': '+8:00', 'description': 'Beijing, Perth, Singapore, Hong Kong'}}, 'email': 'ron.weniger@example.com', 'login': {'uuid': 'dfd124dc-e237-443c-ae6e-d099ef76f16e', 'username': 'happytiger841', 'password': 'tarheel', 'salt': '6knEslX3', 'md5': 'a571fe210fd3ec49982b3aab35783c72', 'sha1': 'e5ab10fd1633aca7f987faf781626c160ba0429f', 'sha256': '364fc275e21a7b98d3a609ade38555662e710eec4962b95224146311daae5afa'}, 'dob': {'date': '1945-07-12T19:20:02.939Z', 'age': 78}, 'registered': {'date': '2013-09-19T04:18:32.048Z', 'age': 10}, 'phone': '0894-3903937', 'cell': '0179-2292578', 'id': {'name': 'SVNR', 'value': '26 120745 W 218'}, 'picture': {'large': 'https://randomuser.me/api/portraits/men/56.jpg', 'medium': 'https://randomuser.me/api/portraits/med/men/56.jpg', 'thumbnail': 'https://randomuser.me/api/portraits/thumb/men/56.jpg'}, 'nat': 'DE'}], 'info': {'seed': 'ac245920e9b76577', 'results': 1, 'page': 1, 'version': '1.4'}}</msg>
<arg>${json_data}</arg>
<doc>Logs the given message with the given level.</doc>
<status status="PASS" start="2024-06-14T16:17:44.291785" elapsed="0.000204"/>
</kw>
<kw name="Should Be Equal As Numbers" owner="BuiltIn">
<arg>${json_data['results'][0]['location']['postcode']}</arg>
<arg>${json_data['results'][0]['location']['postcode']}</arg>
<doc>Fails if objects are unequal after converting them to real numbers.</doc>
<status status="PASS" start="2024-06-14T16:17:44.292298" elapsed="0.000608"/>
</kw>
<kw name="Log" owner="BuiltIn">
<msg time="2024-06-14T16:17:44.293422" level="INFO">81135</msg>
<arg>${json_data['results'][0]['location']['postcode']}</arg>
<doc>Logs the given message with the given level.</doc>
<status status="PASS" start="2024-06-14T16:17:44.293096" elapsed="0.000366"/>
</kw>
<status status="PASS" start="2024-06-14T16:17:44.178429" elapsed="0.115333"/>
</kw>
<doc>Testa se os tipos de dados na resposta da API estão corretos.</doc>
<tag>testeTiposDados</tag>
<status status="PASS" start="2024-06-14T16:17:44.097263" elapsed="0.196663"/>
</test>
<test id="s1-s1-t5" name="Validar conteudo" line="35">
<kw name="Teste de Tipos de Conteudo" owner="random-user-service">
<kw name="GET On Session" owner="RequestsLibrary">
<msg time="2024-06-14T16:17:44.377072" level="INFO">GET Request : url=https://randomuser.me/api 
 path_url=/api 
 headers={'User-Agent': 'python-requests/2.32.3', 'Accept-Encoding': 'gzip, deflate', 'Accept': '*/*', 'Connection': 'keep-alive'} 
 body=None 
 </msg>
<msg time="2024-06-14T16:17:44.377157" level="INFO">GET Response : url=https://randomuser.me/api 
 status=200, reason=OK 
 headers={'Date': 'Fri, 14 Jun 2024 16:17:44 GMT', 'Content-Type': 'application/json; charset=utf-8', 'Transfer-Encoding': 'chunked', 'Connection': 'keep-alive', 'X-Powered-By': 'Express', 'Access-Control-Allow-Origin': '*', 'Cache-Control': 'no-cache', 'ETag': 'W/"489-QqkwXUudYKQ+YtTrM2Dr8msoqqA"', 'Vary': 'Accept-Encoding', 'Content-Encoding': 'gzip', 'CF-Cache-Status': 'DYNAMIC', 'Report-To': '{"endpoints":[{"url":"https:\\/\\/a.nel.cloudflare.com\\/report\\/v4?s=OhwRQt45oyHhOlO3H1k2HqC2aCu5yaPWkqGyMsfDYD%2BE7Em2%2FMmroFFaGai%2ButZWtI7QDnWqRwMVE6XR%2F5NNr9bxyMWI6p2caqv3OLRQ6ml1%2BVUHu2GDd6v4VcqpkpqG"}],"group":"cf-nel","max_age":604800}', 'NEL': '{"success_fraction":0,"report_to":"cf-nel","max_age":604800}', 'Server': 'cloudflare', 'CF-RAY': '893ba1dbe94a0850-IAD', 'alt-svc': 'h3=":443"; ma=86400'} 
 body={"results":[{"gender":"female","name":{"title":"Ms","first":"Maria","last":"Gray"},"location":{"street":{"number":270,"name":"Manor Road"},"city":"York","state":"Rutland","country":"United Kingdom","postcode":"DD6A 9ZD","coordinates":{"latitude":"-10.7232","longitude":"167.1875"},"timezone":{"offset":"+6:00","description":"Almaty, Dhaka, Colombo"}},"email":"maria.gray@example.com","login":{"uuid":"a5cc06fc-604f-40bf-8adb-ad367590cdac","username":"silverostrich853","password":"simon","salt":"dq9dQ8VO","md5":"ee3787a90a53a187eae185166408df38","sha1":"002c04c171ed56ca0888184c5a82908a0ba124b2","sha256":"b7503e420134b5dbc8ba3bfcca036f497dfd86ba2f9a176b1eef6434ff4dd98f"},"dob":{"date":"1958-07-27T03:02:12.888Z","age":65},"registered":{"date":"2010-05-18T10:24:29.078Z","age":14},"phone":"01350 88674","cell":"07713 857865","id":{"name":"NINO","value":"PP 58 84 51 Y"},"picture":{"large":"https://randomuser.me/api/portraits/women/46.jpg","medium":"https://randomuser.me/api/portraits/med/women/46.jpg","thumbnail":"https://randomuser.me/api/portraits/thumb/women/46.jpg"},"nat":"GB"}],"info":{"seed":"d64ce2a9c0e20052","results":1,"page":1,"version":"1.4"}} 
 </msg>
<msg time="2024-06-14T16:17:44.377229" level="INFO">/opt/hostedtoolcache/Python/3.12.3/x64/lib/python3.12/site-packages/urllib3/connectionpool.py:1103: InsecureRequestWarning: Unverified HTTPS request is being made to host 'randomuser.me'. Adding certificate verification is strongly advised. See: https://urllib3.readthedocs.io/en/latest/advanced-usage.html#tls-warnings
  warnings.warn(</msg>
<msg time="2024-06-14T16:17:44.377345" level="INFO">${response} = &lt;Response [200]&gt;</msg>
<var>${response}</var>
<arg>consultarAPI</arg>
<arg>/api</arg>
<doc>Sends a GET request on a previously created HTTP Session.</doc>
<status status="PASS" start="2024-06-14T16:17:44.296351" elapsed="0.081049"/>
</kw>
<kw name="Set Variable" owner="BuiltIn">
<msg time="2024-06-14T16:17:44.378603" level="INFO">${json_data} = {'results': [{'gender': 'female', 'name': {'title': 'Ms', 'first': 'Maria', 'last': 'Gray'}, 'location': {'street': {'number': 270, 'name': 'Manor Road'}, 'city': 'York', 'state': 'Rutland', 'country'...</msg>
<var>${json_data}</var>
<arg>${response.json()}</arg>
<doc>Returns the given values which can then be assigned to a variables.</doc>
<status status="PASS" start="2024-06-14T16:17:44.378008" elapsed="0.000622"/>
</kw>
<kw name="Set Variable" owner="BuiltIn">
<msg time="2024-06-14T16:17:44.379332" level="INFO">${name_title} = Ms</msg>
<var>${name_title}</var>
<arg>${json_data["results"][0]["name"]["title"]}</arg>
<doc>Returns the given values which can then be assigned to a variables.</doc>
<status status="PASS" start="2024-06-14T16:17:44.378947" elapsed="0.000412"/>
</kw>
<kw name="Create List" owner="BuiltIn">
<msg time="2024-06-14T16:17:44.379835" level="INFO">${allowed_titles} = ['Mr', 'Ms', 'Miss', 'Mrs', 'Madame', 'Monsieur']</msg>
<var>${allowed_titles}</var>
<arg>Mr</arg>
<arg>Ms</arg>
<arg>Miss</arg>
<arg>Mrs</arg>
<arg>Madame</arg>
<arg>Monsieur</arg>
<doc>Returns a list containing given items.</doc>
<status status="PASS" start="2024-06-14T16:17:44.379686" elapsed="0.000173"/>
</kw>
<kw name="List Should Contain Value" owner="Collections">
<arg>${allowed_titles}</arg>
<arg>${name_title}</arg>
<doc>Fails if the ``value`` is not found from ``list``.</doc>
<status status="PASS" start="2024-06-14T16:17:44.380159" elapsed="0.000173"/>
</kw>
<kw name="Set Variable" owner="BuiltIn">
<msg time="2024-06-14T16:17:44.380882" level="INFO">${name_country} = GB</msg>
<var>${name_country}</var>
<arg>${json_data["results"][0]["nat"]}</arg>
<doc>Returns the given values which can then be assigned to a variables.</doc>
<status status="PASS" start="2024-06-14T16:17:44.380512" elapsed="0.000395"/>
</kw>
<kw name="Create List" owner="BuiltIn">
<msg time="2024-06-14T16:17:44.381824" level="INFO">${list_country} = ['AD', 'AE', 'AF', 'AG', 'AI', 'AL', 'AM', 'AO', 'AQ', 'AR', 'AS', 'AT', 'AU', 'AW', 'AX', 'AZ', 'BA', 'BB', 'BD', 'BE', 'BF', 'BG', 'BH', 'BI', 'BJ', 'BL', 'BM', 'BN', 'BO', 'BQ', 'BR', 'BS', 'BT', '...</msg>
<var>${list_country}</var>
<arg>AD</arg>
<arg>AE</arg>
<arg>AF</arg>
<arg>AG</arg>
<arg>AI</arg>
<arg>AL</arg>
<arg>AM</arg>
<arg>AO</arg>
<arg>AQ</arg>
<arg>AR</arg>
<arg>AS</arg>
<arg>AT</arg>
<arg>AU</arg>
<arg>AW</arg>
<arg>AX</arg>
<arg>AZ</arg>
<arg>BA</arg>
<arg>BB</arg>
<arg>BD</arg>
<arg>BE</arg>
<arg>BF</arg>
<arg>BG</arg>
<arg>BH</arg>
<arg>BI</arg>
<arg>BJ</arg>
<arg>BL</arg>
<arg>BM</arg>
<arg>BN</arg>
<arg>BO</arg>
<arg>BQ</arg>
<arg>BR</arg>
<arg>BS</arg>
<arg>BT</arg>
<arg>BV</arg>
<arg>BW</arg>
<arg>BY</arg>
<arg>BZ</arg>
<arg>CA</arg>
<arg>CC</arg>
<arg>CD</arg>
<arg>CF</arg>
<arg>CG</arg>
<arg>CH</arg>
<arg>CI</arg>
<arg>CK</arg>
<arg>CL</arg>
<arg>CM</arg>
<arg>CN</arg>
<arg>CO</arg>
<arg>CR</arg>
<arg>CU</arg>
<arg>CV</arg>
<arg>CW</arg>
<arg>CX</arg>
<arg>CY</arg>
<arg>CZ</arg>
<arg>DE</arg>
<arg>DJ</arg>
<arg>DK</arg>
<arg>DM</arg>
<arg>DO</arg>
<arg>DZ</arg>
<arg>EC</arg>
<arg>EE</arg>
<arg>EG</arg>
<arg>EH</arg>
<arg>ER</arg>
<arg>ES</arg>
<arg>ET</arg>
<arg>FI</arg>
<arg>FJ</arg>
<arg>FK</arg>
<arg>FM</arg>
<arg>FO</arg>
<arg>FR</arg>
<arg>GA</arg>
<arg>GB</arg>
<arg>GD</arg>
<arg>GE</arg>
<arg>GF</arg>
<arg>GG</arg>
<arg>GH</arg>
<arg>GI</arg>
<arg>GL</arg>
<arg>GM</arg>
<arg>GN</arg>
<arg>GP</arg>
<arg>GQ</arg>
<arg>GR</arg>
<arg>GS</arg>
<arg>GT</arg>
<arg>GU</arg>
<arg>GW</arg>
<arg>GY</arg>
<arg>HK</arg>
<arg>HM</arg>
<arg>HN</arg>
<arg>HR</arg>
<arg>HT</arg>
<arg>HU</arg>
<arg>ID</arg>
<arg>IE</arg>
<arg>IL</arg>
<arg>IM</arg>
<arg>IN</arg>
<arg>IO</arg>
<arg>IQ</arg>
<arg>IR</arg>
<arg>IS</arg>
<arg>IT</arg>
<arg>JE</arg>
<arg>JM</arg>
<arg>JO</arg>
<arg>JP</arg>
<arg>KE</arg>
<arg>KG</arg>
<arg>KH</arg>
<arg>KI</arg>
<arg>KM</arg>
<arg>KN</arg>
<arg>KP</arg>
<arg>KR</arg>
<arg>KW</arg>
<arg>KY</arg>
<arg>KZ</arg>
<arg>LA</arg>
<arg>LB</arg>
<arg>LC</arg>
<arg>LI</arg>
<arg>LK</arg>
<arg>LR</arg>
<arg>LS</arg>
<arg>LT</arg>
<arg>LU</arg>
<arg>LV</arg>
<arg>LY</arg>
<arg>MA</arg>
<arg>MC</arg>
<arg>MD</arg>
<arg>ME</arg>
<arg>MF</arg>
<arg>MG</arg>
<arg>MH</arg>
<arg>MK</arg>
<arg>ML</arg>
<arg>MM</arg>
<arg>MN</arg>
<arg>MO</arg>
<arg>MP</arg>
<arg>MQ</arg>
<arg>MR</arg>
<arg>MS</arg>
<arg>MT</arg>
<arg>MU</arg>
<arg>MV</arg>
<arg>MW</arg>
<arg>MX</arg>
<arg>MY</arg>
<arg>MZ</arg>
<arg>NA</arg>
<arg>NC</arg>
<arg>NE</arg>
<arg>NF</arg>
<arg>NG</arg>
<arg>NI</arg>
<arg>NL</arg>
<arg>NO</arg>
<arg>NP</arg>
<arg>NR</arg>
<arg>NU</arg>
<arg>NZ</arg>
<arg>OM</arg>
<arg>PA</arg>
<arg>PE</arg>
<arg>PF</arg>
<arg>PG</arg>
<arg>PH</arg>
<arg>PK</arg>
<arg>PL</arg>
<arg>PM</arg>
<arg>PN</arg>
<arg>PR</arg>
<arg>PS</arg>
<arg>PT</arg>
<arg>PW</arg>
<arg>PY</arg>
<arg>QA</arg>
<arg>RE</arg>
<arg>RO</arg>
<arg>RS</arg>
<arg>RU</arg>
<arg>RW</arg>
<arg>SA</arg>
<arg>SB</arg>
<arg>SC</arg>
<arg>SD</arg>
<arg>SE</arg>
<arg>SG</arg>
<arg>SH</arg>
<arg>SI</arg>
<arg>SJ</arg>
<arg>SK</arg>
<arg>SL</arg>
<arg>SM</arg>
<arg>SN</arg>
<arg>SO</arg>
<arg>SR</arg>
<arg>SS</arg>
<arg>ST</arg>
<arg>SV</arg>
<arg>SX</arg>
<arg>SY</arg>
<arg>SZ</arg>
<arg>TC</arg>
<arg>TD</arg>
<arg>TF</arg>
<arg>TG</arg>
<arg>TH</arg>
<arg>TJ</arg>
<arg>TK</arg>
<arg>TL</arg>
<arg>TM</arg>
<arg>TN</arg>
<arg>TO</arg>
<arg>TR</arg>
<arg>TT</arg>
<arg>TV</arg>
<arg>TW</arg>
<arg>TZ</arg>
<arg>UA</arg>
<arg>UG</arg>
<arg>UM</arg>
<arg>US</arg>
<arg>UY</arg>
<arg>UZ</arg>
<arg>VA</arg>
<arg>VC</arg>
<arg>VE</arg>
<arg>VG</arg>
<arg>VI</arg>
<arg>VN</arg>
<arg>VU</arg>
<arg>WF</arg>
<arg>WS</arg>
<arg>XK</arg>
<arg>YE</arg>
<arg>YT</arg>
<arg>ZA</arg>
<arg>ZM</arg>
<arg>ZW</arg>
<doc>Returns a list containing given items.</doc>
<status status="PASS" start="2024-06-14T16:17:44.381198" elapsed="0.000659"/>
</kw>
<kw name="List Should Contain Value" owner="Collections">
<arg>${list_country}</arg>
<arg>${name_country}</arg>
<doc>Fails if the ``value`` is not found from ``list``.</doc>
<status status="PASS" start="2024-06-14T16:17:44.382659" elapsed="0.000207"/>
</kw>
<kw name="Run Keyword If" owner="BuiltIn">
<kw name="Should Be True" owner="BuiltIn">
<arg>${True}</arg>
<doc>Fails if the given condition is not true.</doc>
<status status="PASS" start="2024-06-14T16:17:44.384005" elapsed="0.000145"/>
</kw>
<arg>${json_data["results"][0]["location"]["coordinates"]["latitude"]} &gt;= -90 and ${json_data["results"][0]["location"]["coordinates"]["latitude"]} &lt;= 90</arg>
<arg>Should Be True</arg>
<arg>${True}</arg>
<doc>Runs the given keyword with the given arguments, if ``condition`` is true.</doc>
<status status="PASS" start="2024-06-14T16:17:44.383061" elapsed="0.001216"/>
</kw>
<kw name="Run Keyword If" owner="BuiltIn">
<kw name="Should Be True" owner="BuiltIn">
<arg>${True}</arg>
<doc>Fails if the given condition is not true.</doc>
<status status="PASS" start="2024-06-14T16:17:44.385148" elapsed="0.000138"/>
</kw>
<arg>${json_data["results"][0]["location"]["coordinates"]["longitude"]} &gt;= -180 and ${json_data["results"][0]["location"]["coordinates"]["longitude"]} &lt;= 180</arg>
<arg>Should Be True</arg>
<arg>${True}</arg>
<doc>Runs the given keyword with the given arguments, if ``condition`` is true.</doc>
<status status="PASS" start="2024-06-14T16:17:44.384459" elapsed="0.000950"/>
</kw>
<status status="PASS" start="2024-06-14T16:17:44.296136" elapsed="0.089401"/>
</kw>
<doc>Testa o conteúdo específico dos campos retornados pela API.</doc>
<tag>testeConteudo</tag>
<status status="PASS" start="2024-06-14T16:17:44.295648" elapsed="0.090032"/>
</test>
<status status="PASS" start="2024-06-14T16:17:43.276217" elapsed="1.111439"/>
</suite>
<status status="PASS" start="2024-06-14T16:17:43.262796" elapsed="1.129934"/>
</suite>
<statistics>
<total>
<stat pass="5" fail="0" skip="0">All Tests</stat>
</total>
<tag>
<stat pass="1" fail="0" skip="0">testeConteudo</stat>
<stat pass="1" fail="0" skip="0">testeEstruturaResposta</stat>
<stat pass="1" fail="0" skip="0">testeRequisicaoBasica</stat>
<stat pass="1" fail="0" skip="0">testeTiposDados</stat>
</tag>
<suite>
<stat pass="5" fail="0" skip="0" id="s1" name="Tests">Tests</stat>
<stat pass="5" fail="0" skip="0" id="s1-s1" name="Random-User-Test">Tests.Random-User-Test</stat>
</suite>
</statistics>
<errors>
</errors>
</robot>
