<?xml version="1.0" encoding="UTF-8"?>
<robot generator="Robot 7.0 (Python 3.12.3 on linux)" generated="2024-05-10T12:26:02.877408" rpa="false" schemaversion="5">
<suite id="s1" name="Tests" source="/home/runner/work/DesafioQAItauRogerioJordao/DesafioQAItauRogerioJordao/RamdonUser/tests">
<suite id="s1-s1" name="Random-User-Test" source="/home/runner/work/DesafioQAItauRogerioJordao/DesafioQAItauRogerioJordao/RamdonUser/tests/random-user-test.robot">
<test id="s1-s1-t1" name="Conectar" line="13">
<kw name="Conectar API" owner="random-user-service">
<kw name="Create Session" owner="RequestsLibrary">
<msg time="2024-05-10T12:26:03.237953" level="INFO">Creating Session using : alias=consultarAPI, url=https://randomuser.me/, headers={},                     cookies={}, auth=None, timeout=None, proxies=None, verify=False,                     debug=0 </msg>
<arg>consultarAPI</arg>
<arg>${URL}</arg>
<doc>Create Session: create a HTTP session to a server</doc>
<status status="PASS" start="2024-05-10T12:26:03.237751" elapsed="0.000375"/>
</kw>
<status status="PASS" start="2024-05-10T12:26:03.236820" elapsed="0.001645"/>
</kw>
<status status="PASS" start="2024-05-10T12:26:03.236214" elapsed="0.002443"/>
</test>
<test id="s1-s1-t2" name="Validar retorno 200 e JSON Válido" line="16">
<kw name="Teste de Requisicao Basica" owner="random-user-service">
<kw name="GET On Session" owner="RequestsLibrary">
<msg time="2024-05-10T12:26:03.347154" level="INFO">GET Request : url=https://randomuser.me/api 
 path_url=/api 
 headers={'User-Agent': 'python-requests/2.31.0', 'Accept-Encoding': 'gzip, deflate', 'Accept': '*/*', 'Connection': 'keep-alive'} 
 body=None 
 </msg>
<msg time="2024-05-10T12:26:03.347347" level="INFO">GET Response : url=https://randomuser.me/api 
 status=200, reason=OK 
 headers={'Date': 'Fri, 10 May 2024 12:26:03 GMT', 'Content-Type': 'application/json; charset=utf-8', 'Transfer-Encoding': 'chunked', 'Connection': 'keep-alive', 'X-Powered-By': 'Express', 'Access-Control-Allow-Origin': '*', 'Cache-Control': 'no-cache', 'ETag': 'W/"499-pT4wDFNfigQguLb/UOyPkm+o4jA"', 'Vary': 'Accept-Encoding', 'Content-Encoding': 'gzip', 'CF-Cache-Status': 'DYNAMIC', 'Report-To': '{"endpoints":[{"url":"https:\\/\\/a.nel.cloudflare.com\\/report\\/v4?s=ZKy%2Bgv8AtvRqtVYNarmcarWQjMlqaV4asgnB2cD4KuxPiJ3yNAeljNQrlvpXW076Hke99zDm2LJ3piC12PI9J0GS1G8jAf0R9hAv5aC9LxRtdzGscBjsQsWcDxioB8uR"}],"group":"cf-nel","max_age":604800}', 'NEL': '{"success_fraction":0,"report_to":"cf-nel","max_age":604800}', 'Server': 'cloudflare', 'CF-RAY': '8819ea5a6c462509-SJC', 'alt-svc': 'h3=":443"; ma=86400'} 
 body={"results":[{"gender":"female","name":{"title":"Miss","first":"Lea","last":"Martin"},"location":{"street":{"number":1765,"name":"Dalhousie Ave"},"city":"Keswick","state":"Northwest Territories","country":"Canada","postcode":"E3V 7R9","coordinates":{"latitude":"-70.5191","longitude":"53.9290"},"timezone":{"offset":"-3:00","description":"Brazil, Buenos Aires, Georgetown"}},"email":"lea.martin@example.com","login":{"uuid":"aa352576-a69e-42ed-a9db-7bbd284f04ba","username":"sadladybug766","password":"submit","salt":"yJ6l6YAK","md5":"aae1f2401a0e2af08f19cafe8fad440e","sha1":"c843ae4ad81ab246597c85ce29040e7b783e9563","sha256":"94aa05164d87a8cf7b3424b5ec3d69aab47371071cc2bd676150cc16fd80772a"},"dob":{"date":"1987-01-17T05:41:56.895Z","age":37},"registered":{"date":"2018-12-31T03:45:41.241Z","age":5},"phone":"N29 B26-6737","cell":"J28 P01-0271","id":{"name":"SIN","value":"885728121"},"picture":{"large":"https://randomuser.me/api/portraits/women/13.jpg","medium":"https://randomuser.me/api/portraits/med/women/13.jpg","thumbnail":"https://randomuser.me/api/portraits/thumb/women/13.jpg"},"nat":"CA"}],"info":{"seed":"d27eb992078841f3","results":1,"page":1,"version":"1.4"}} 
 </msg>
<msg time="2024-05-10T12:26:03.347463" level="INFO">/opt/hostedtoolcache/Python/3.12.3/x64/lib/python3.12/site-packages/urllib3/connectionpool.py:1103: InsecureRequestWarning: Unverified HTTPS request is being made to host 'randomuser.me'. Adding certificate verification is strongly advised. See: https://urllib3.readthedocs.io/en/latest/advanced-usage.html#tls-warnings
  warnings.warn(</msg>
<msg time="2024-05-10T12:26:03.347641" level="INFO">${response} = &lt;Response [200]&gt;</msg>
<var>${response}</var>
<arg>consultarAPI</arg>
<arg>/api</arg>
<doc>Sends a GET request on a previously created HTTP Session.</doc>
<status status="PASS" start="2024-05-10T12:26:03.241391" elapsed="0.106292"/>
</kw>
<kw name="Should Be Equal As Numbers" owner="BuiltIn">
<msg time="2024-05-10T12:26:03.349122" level="INFO">Argument types are:
&lt;class 'int'&gt;
&lt;class 'str'&gt;</msg>
<arg>${response.status_code}</arg>
<arg>200</arg>
<doc>Fails if objects are unequal after converting them to real numbers.</doc>
<status status="PASS" start="2024-05-10T12:26:03.348423" elapsed="0.000801"/>
</kw>
<kw name="Log" owner="BuiltIn">
<msg time="2024-05-10T12:26:03.350351" level="INFO">200</msg>
<arg>${response.status_code}</arg>
<doc>Logs the given message with the given level.</doc>
<status status="PASS" start="2024-05-10T12:26:03.349770" elapsed="0.000654"/>
</kw>
<kw name="Set Variable" owner="BuiltIn">
<msg time="2024-05-10T12:26:03.351608" level="INFO">${json_data} = {'results': [{'gender': 'female', 'name': {'title': 'Miss', 'first': 'Lea', 'last': 'Martin'}, 'location': {'street': {'number': 1765, 'name': 'Dalhousie Ave'}, 'city': 'Keswick', 'state': 'Northwest ...</msg>
<var>${json_data}</var>
<arg>${response.json()}</arg>
<doc>Returns the given values which can then be assigned to a variables.</doc>
<status status="PASS" start="2024-05-10T12:26:03.350885" elapsed="0.000766"/>
</kw>
<kw name="Dictionary Should Contain Key" owner="Collections">
<msg time="2024-05-10T12:26:03.352374" level="INFO">False</msg>
<arg>${json_data}</arg>
<arg>results</arg>
<doc>Fails if ``key`` is not found from ``dictionary``.</doc>
<status status="PASS" start="2024-05-10T12:26:03.352128" elapsed="0.000315"/>
</kw>
<status status="PASS" start="2024-05-10T12:26:03.241149" elapsed="0.111701"/>
</kw>
<doc>Testa se a API responde corretamente e retorna um objeto JSON válido.</doc>
<tag>testeRequisicaoBasica</tag>
<status status="PASS" start="2024-05-10T12:26:03.240604" elapsed="0.112519"/>
</test>
<test id="s1-s1-t3" name="Validar estrutura de resposta" line="22">
<kw name="Teste de Estrutura de Resposta" owner="random-user-service">
<kw name="GET On Session" owner="RequestsLibrary">
<msg time="2024-05-10T12:26:03.446995" level="INFO">GET Request : url=https://randomuser.me/api 
 path_url=/api 
 headers={'User-Agent': 'python-requests/2.31.0', 'Accept-Encoding': 'gzip, deflate', 'Accept': '*/*', 'Connection': 'keep-alive'} 
 body=None 
 </msg>
<msg time="2024-05-10T12:26:03.447084" level="INFO">GET Response : url=https://randomuser.me/api 
 status=200, reason=OK 
 headers={'Date': 'Fri, 10 May 2024 12:26:03 GMT', 'Content-Type': 'application/json; charset=utf-8', 'Transfer-Encoding': 'chunked', 'Connection': 'keep-alive', 'X-Powered-By': 'Express', 'Access-Control-Allow-Origin': '*', 'Cache-Control': 'no-cache', 'ETag': 'W/"492-DJs0zxmFTH+LG3l/5RQprlrvDok"', 'Vary': 'Accept-Encoding', 'Content-Encoding': 'gzip', 'CF-Cache-Status': 'DYNAMIC', 'Report-To': '{"endpoints":[{"url":"https:\\/\\/a.nel.cloudflare.com\\/report\\/v4?s=IJdvzt5jR4Mu%2BV6zhv5tsdJD3BNcgA1oQx%2FTtMtG8GAzlCyGbw6BAb5X2MFidNsBtegIUL7SPPqM4zWeLeJuER97y8MhCs4kE5jbeQXM3pQFWiCNReXC2FBpQTZ4Ip3R"}],"group":"cf-nel","max_age":604800}', 'NEL': '{"success_fraction":0,"report_to":"cf-nel","max_age":604800}', 'Server': 'cloudflare', 'CF-RAY': '8819ea5b0c9b2509-SJC', 'alt-svc': 'h3=":443"; ma=86400'} 
 body={"results":[{"gender":"female","name":{"title":"Madame","first":"Audrey","last":"Leclerc"},"location":{"street":{"number":8547,"name":"Rue de L'Abbé-Groult"},"city":"Pfaffnau","state":"Graubünden","country":"Switzerland","postcode":7859,"coordinates":{"latitude":"-61.9076","longitude":"76.7480"},"timezone":{"offset":"-9:00","description":"Alaska"}},"email":"audrey.leclerc@example.com","login":{"uuid":"1831d8a6-0ed7-4e7d-96f6-e83e2bc4ae43","username":"greentiger583","password":"yyyyyyy","salt":"61E3EZYA","md5":"14861f48e5496a78403a32eebd32ba45","sha1":"7448b33406f723ce77ff18d75e9aea761d8fd085","sha256":"88c05744b30deffdc8f06e89a6e393c43220015908d31e8ab34a69c7cc6bf447"},"dob":{"date":"1957-05-15T19:28:03.785Z","age":66},"registered":{"date":"2020-04-16T19:54:27.697Z","age":4},"phone":"076 693 27 37","cell":"077 503 85 55","id":{"name":"AVS","value":"756.6247.8561.23"},"picture":{"large":"https://randomuser.me/api/portraits/women/18.jpg","medium":"https://randomuser.me/api/portraits/med/women/18.jpg","thumbnail":"https://randomuser.me/api/portraits/thumb/women/18.jpg"},"nat":"CH"}],"info":{"seed":"ebd6954ff3e9575e","results":1,"page":1,"version":"1.4"}} 
 </msg>
<msg time="2024-05-10T12:26:03.447214" level="INFO">/opt/hostedtoolcache/Python/3.12.3/x64/lib/python3.12/site-packages/urllib3/connectionpool.py:1103: InsecureRequestWarning: Unverified HTTPS request is being made to host 'randomuser.me'. Adding certificate verification is strongly advised. See: https://urllib3.readthedocs.io/en/latest/advanced-usage.html#tls-warnings
  warnings.warn(</msg>
<msg time="2024-05-10T12:26:03.447339" level="INFO">${response} = &lt;Response [200]&gt;</msg>
<var>${response}</var>
<arg>consultarAPI</arg>
<arg>/api</arg>
<doc>Sends a GET request on a previously created HTTP Session.</doc>
<status status="PASS" start="2024-05-10T12:26:03.357546" elapsed="0.089833"/>
</kw>
<kw name="Set Variable" owner="BuiltIn">
<msg time="2024-05-10T12:26:03.448301" level="INFO">${json_data} = {'results': [{'gender': 'female', 'name': {'title': 'Madame', 'first': 'Audrey', 'last': 'Leclerc'}, 'location': {'street': {'number': 8547, 'name': "Rue de L'Abbé-Groult"}, 'city': 'Pfaffnau', 'state...</msg>
<var>${json_data}</var>
<arg>${response.json()}</arg>
<doc>Returns the given values which can then be assigned to a variables.</doc>
<status status="PASS" start="2024-05-10T12:26:03.447810" elapsed="0.000522"/>
</kw>
<kw name="Log" owner="BuiltIn">
<msg time="2024-05-10T12:26:03.448813" level="INFO">{'results': [{'gender': 'female', 'name': {'title': 'Madame', 'first': 'Audrey', 'last': 'Leclerc'}, 'location': {'street': {'number': 8547, 'name': "Rue de L'Abbé-Groult"}, 'city': 'Pfaffnau', 'state': 'Graubünden', 'country': 'Switzerland', 'postcode': 7859, 'coordinates': {'latitude': '-61.9076', 'longitude': '76.7480'}, 'timezone': {'offset': '-9:00', 'description': 'Alaska'}}, 'email': 'audrey.leclerc@example.com', 'login': {'uuid': '1831d8a6-0ed7-4e7d-96f6-e83e2bc4ae43', 'username': 'greentiger583', 'password': 'yyyyyyy', 'salt': '61E3EZYA', 'md5': '14861f48e5496a78403a32eebd32ba45', 'sha1': '7448b33406f723ce77ff18d75e9aea761d8fd085', 'sha256': '88c05744b30deffdc8f06e89a6e393c43220015908d31e8ab34a69c7cc6bf447'}, 'dob': {'date': '1957-05-15T19:28:03.785Z', 'age': 66}, 'registered': {'date': '2020-04-16T19:54:27.697Z', 'age': 4}, 'phone': '076 693 27 37', 'cell': '077 503 85 55', 'id': {'name': 'AVS', 'value': '756.6247.8561.23'}, 'picture': {'large': 'https://randomuser.me/api/portraits/women/18.jpg', 'medium': 'https://randomuser.me/api/portraits/med/women/18.jpg', 'thumbnail': 'https://randomuser.me/api/portraits/thumb/women/18.jpg'}, 'nat': 'CH'}], 'info': {'seed': 'ebd6954ff3e9575e', 'results': 1, 'page': 1, 'version': '1.4'}}</msg>
<arg>${json_data}</arg>
<doc>Logs the given message with the given level.</doc>
<status status="PASS" start="2024-05-10T12:26:03.448646" elapsed="0.000219"/>
</kw>
<kw name="Dictionary Should Contain Key" owner="Collections">
<msg time="2024-05-10T12:26:03.449326" level="INFO">False</msg>
<arg>${json_data}</arg>
<arg>results</arg>
<doc>Fails if ``key`` is not found from ``dictionary``.</doc>
<status status="PASS" start="2024-05-10T12:26:03.449169" elapsed="0.000195"/>
</kw>
<kw name="Should Not Be Empty" owner="BuiltIn">
<msg time="2024-05-10T12:26:03.449792" level="INFO">Length is 2.</msg>
<arg>${json_data}</arg>
<doc>Verifies that the given item is not empty.</doc>
<status status="PASS" start="2024-05-10T12:26:03.449656" elapsed="0.000179"/>
</kw>
<kw name="Create List" owner="BuiltIn">
<msg time="2024-05-10T12:26:03.450415" level="INFO">${expected_keys} = ['gender', 'name', 'location', 'email', 'login']</msg>
<var>${expected_keys}</var>
<arg>gender</arg>
<arg>name</arg>
<arg>location</arg>
<arg>email</arg>
<arg>login</arg>
<doc>Returns a list containing given items.</doc>
<status status="PASS" start="2024-05-10T12:26:03.450126" elapsed="0.000314"/>
</kw>
<for flavor="IN">
<iter>
<kw name="Dictionary Should Contain Key" owner="Collections">
<msg time="2024-05-10T12:26:03.451420" level="INFO">False</msg>
<arg>${json_data['results'][0]}</arg>
<arg>${key}</arg>
<doc>Fails if ``key`` is not found from ``dictionary``.</doc>
<status status="PASS" start="2024-05-10T12:26:03.451021" elapsed="0.000438"/>
</kw>
<kw name="Log" owner="BuiltIn">
<msg time="2024-05-10T12:26:03.452170" level="INFO">{'gender': 'female', 'name': {'title': 'Madame', 'first': 'Audrey', 'last': 'Leclerc'}, 'location': {'street': {'number': 8547, 'name': "Rue de L'Abbé-Groult"}, 'city': 'Pfaffnau', 'state': 'Graubünden', 'country': 'Switzerland', 'postcode': 7859, 'coordinates': {'latitude': '-61.9076', 'longitude': '76.7480'}, 'timezone': {'offset': '-9:00', 'description': 'Alaska'}}, 'email': 'audrey.leclerc@example.com', 'login': {'uuid': '1831d8a6-0ed7-4e7d-96f6-e83e2bc4ae43', 'username': 'greentiger583', 'password': 'yyyyyyy', 'salt': '61E3EZYA', 'md5': '14861f48e5496a78403a32eebd32ba45', 'sha1': '7448b33406f723ce77ff18d75e9aea761d8fd085', 'sha256': '88c05744b30deffdc8f06e89a6e393c43220015908d31e8ab34a69c7cc6bf447'}, 'dob': {'date': '1957-05-15T19:28:03.785Z', 'age': 66}, 'registered': {'date': '2020-04-16T19:54:27.697Z', 'age': 4}, 'phone': '076 693 27 37', 'cell': '077 503 85 55', 'id': {'name': 'AVS', 'value': '756.6247.8561.23'}, 'picture': {'large': 'https://randomuser.me/api/portraits/women/18.jpg', 'medium': 'https://randomuser.me/api/portraits/med/women/18.jpg', 'thumbnail': 'https://randomuser.me/api/portraits/thumb/women/18.jpg'}, 'nat': 'CH'}</msg>
<arg>${json_data['results'][0]}</arg>
<doc>Logs the given message with the given level.</doc>
<status status="PASS" start="2024-05-10T12:26:03.451791" elapsed="0.000430"/>
</kw>
<kw name="Log" owner="BuiltIn">
<msg time="2024-05-10T12:26:03.452676" level="INFO">gender</msg>
<arg>${key}</arg>
<doc>Logs the given message with the given level.</doc>
<status status="PASS" start="2024-05-10T12:26:03.452547" elapsed="0.000173"/>
</kw>
<var name="${key}">gender</var>
<status status="PASS" start="2024-05-10T12:26:03.450895" elapsed="0.002041"/>
</iter>
<iter>
<kw name="Dictionary Should Contain Key" owner="Collections">
<msg time="2024-05-10T12:26:03.453624" level="INFO">False</msg>
<arg>${json_data['results'][0]}</arg>
<arg>${key}</arg>
<doc>Fails if ``key`` is not found from ``dictionary``.</doc>
<status status="PASS" start="2024-05-10T12:26:03.453236" elapsed="0.000426"/>
</kw>
<kw name="Log" owner="BuiltIn">
<msg time="2024-05-10T12:26:03.454351" level="INFO">{'gender': 'female', 'name': {'title': 'Madame', 'first': 'Audrey', 'last': 'Leclerc'}, 'location': {'street': {'number': 8547, 'name': "Rue de L'Abbé-Groult"}, 'city': 'Pfaffnau', 'state': 'Graubünden', 'country': 'Switzerland', 'postcode': 7859, 'coordinates': {'latitude': '-61.9076', 'longitude': '76.7480'}, 'timezone': {'offset': '-9:00', 'description': 'Alaska'}}, 'email': 'audrey.leclerc@example.com', 'login': {'uuid': '1831d8a6-0ed7-4e7d-96f6-e83e2bc4ae43', 'username': 'greentiger583', 'password': 'yyyyyyy', 'salt': '61E3EZYA', 'md5': '14861f48e5496a78403a32eebd32ba45', 'sha1': '7448b33406f723ce77ff18d75e9aea761d8fd085', 'sha256': '88c05744b30deffdc8f06e89a6e393c43220015908d31e8ab34a69c7cc6bf447'}, 'dob': {'date': '1957-05-15T19:28:03.785Z', 'age': 66}, 'registered': {'date': '2020-04-16T19:54:27.697Z', 'age': 4}, 'phone': '076 693 27 37', 'cell': '077 503 85 55', 'id': {'name': 'AVS', 'value': '756.6247.8561.23'}, 'picture': {'large': 'https://randomuser.me/api/portraits/women/18.jpg', 'medium': 'https://randomuser.me/api/portraits/med/women/18.jpg', 'thumbnail': 'https://randomuser.me/api/portraits/thumb/women/18.jpg'}, 'nat': 'CH'}</msg>
<arg>${json_data['results'][0]}</arg>
<doc>Logs the given message with the given level.</doc>
<status status="PASS" start="2024-05-10T12:26:03.453985" elapsed="0.000416"/>
</kw>
<kw name="Log" owner="BuiltIn">
<msg time="2024-05-10T12:26:03.454822" level="INFO">name</msg>
<arg>${key}</arg>
<doc>Logs the given message with the given level.</doc>
<status status="PASS" start="2024-05-10T12:26:03.454697" elapsed="0.000163"/>
</kw>
<var name="${key}">name</var>
<status status="PASS" start="2024-05-10T12:26:03.453121" elapsed="0.001952"/>
</iter>
<iter>
<kw name="Dictionary Should Contain Key" owner="Collections">
<msg time="2024-05-10T12:26:03.455780" level="INFO">False</msg>
<arg>${json_data['results'][0]}</arg>
<arg>${key}</arg>
<doc>Fails if ``key`` is not found from ``dictionary``.</doc>
<status status="PASS" start="2024-05-10T12:26:03.455370" elapsed="0.000451"/>
</kw>
<kw name="Log" owner="BuiltIn">
<msg time="2024-05-10T12:26:03.456490" level="INFO">{'gender': 'female', 'name': {'title': 'Madame', 'first': 'Audrey', 'last': 'Leclerc'}, 'location': {'street': {'number': 8547, 'name': "Rue de L'Abbé-Groult"}, 'city': 'Pfaffnau', 'state': 'Graubünden', 'country': 'Switzerland', 'postcode': 7859, 'coordinates': {'latitude': '-61.9076', 'longitude': '76.7480'}, 'timezone': {'offset': '-9:00', 'description': 'Alaska'}}, 'email': 'audrey.leclerc@example.com', 'login': {'uuid': '1831d8a6-0ed7-4e7d-96f6-e83e2bc4ae43', 'username': 'greentiger583', 'password': 'yyyyyyy', 'salt': '61E3EZYA', 'md5': '14861f48e5496a78403a32eebd32ba45', 'sha1': '7448b33406f723ce77ff18d75e9aea761d8fd085', 'sha256': '88c05744b30deffdc8f06e89a6e393c43220015908d31e8ab34a69c7cc6bf447'}, 'dob': {'date': '1957-05-15T19:28:03.785Z', 'age': 66}, 'registered': {'date': '2020-04-16T19:54:27.697Z', 'age': 4}, 'phone': '076 693 27 37', 'cell': '077 503 85 55', 'id': {'name': 'AVS', 'value': '756.6247.8561.23'}, 'picture': {'large': 'https://randomuser.me/api/portraits/women/18.jpg', 'medium': 'https://randomuser.me/api/portraits/med/women/18.jpg', 'thumbnail': 'https://randomuser.me/api/portraits/thumb/women/18.jpg'}, 'nat': 'CH'}</msg>
<arg>${json_data['results'][0]}</arg>
<doc>Logs the given message with the given level.</doc>
<status status="PASS" start="2024-05-10T12:26:03.456122" elapsed="0.000418"/>
</kw>
<kw name="Log" owner="BuiltIn">
<msg time="2024-05-10T12:26:03.456962" level="INFO">location</msg>
<arg>${key}</arg>
<doc>Logs the given message with the given level.</doc>
<status status="PASS" start="2024-05-10T12:26:03.456837" elapsed="0.000163"/>
</kw>
<var name="${key}">location</var>
<status status="PASS" start="2024-05-10T12:26:03.455256" elapsed="0.001957"/>
</iter>
<iter>
<kw name="Dictionary Should Contain Key" owner="Collections">
<msg time="2024-05-10T12:26:03.457879" level="INFO">False</msg>
<arg>${json_data['results'][0]}</arg>
<arg>${key}</arg>
<doc>Fails if ``key`` is not found from ``dictionary``.</doc>
<status status="PASS" start="2024-05-10T12:26:03.457495" elapsed="0.000421"/>
</kw>
<kw name="Log" owner="BuiltIn">
<msg time="2024-05-10T12:26:03.458580" level="INFO">{'gender': 'female', 'name': {'title': 'Madame', 'first': 'Audrey', 'last': 'Leclerc'}, 'location': {'street': {'number': 8547, 'name': "Rue de L'Abbé-Groult"}, 'city': 'Pfaffnau', 'state': 'Graubünden', 'country': 'Switzerland', 'postcode': 7859, 'coordinates': {'latitude': '-61.9076', 'longitude': '76.7480'}, 'timezone': {'offset': '-9:00', 'description': 'Alaska'}}, 'email': 'audrey.leclerc@example.com', 'login': {'uuid': '1831d8a6-0ed7-4e7d-96f6-e83e2bc4ae43', 'username': 'greentiger583', 'password': 'yyyyyyy', 'salt': '61E3EZYA', 'md5': '14861f48e5496a78403a32eebd32ba45', 'sha1': '7448b33406f723ce77ff18d75e9aea761d8fd085', 'sha256': '88c05744b30deffdc8f06e89a6e393c43220015908d31e8ab34a69c7cc6bf447'}, 'dob': {'date': '1957-05-15T19:28:03.785Z', 'age': 66}, 'registered': {'date': '2020-04-16T19:54:27.697Z', 'age': 4}, 'phone': '076 693 27 37', 'cell': '077 503 85 55', 'id': {'name': 'AVS', 'value': '756.6247.8561.23'}, 'picture': {'large': 'https://randomuser.me/api/portraits/women/18.jpg', 'medium': 'https://randomuser.me/api/portraits/med/women/18.jpg', 'thumbnail': 'https://randomuser.me/api/portraits/thumb/women/18.jpg'}, 'nat': 'CH'}</msg>
<arg>${json_data['results'][0]}</arg>
<doc>Logs the given message with the given level.</doc>
<status status="PASS" start="2024-05-10T12:26:03.458215" elapsed="0.000415"/>
</kw>
<kw name="Log" owner="BuiltIn">
<msg time="2024-05-10T12:26:03.459049" level="INFO">email</msg>
<arg>${key}</arg>
<doc>Logs the given message with the given level.</doc>
<status status="PASS" start="2024-05-10T12:26:03.458922" elapsed="0.000165"/>
</kw>
<var name="${key}">email</var>
<status status="PASS" start="2024-05-10T12:26:03.457385" elapsed="0.001938"/>
</iter>
<iter>
<kw name="Dictionary Should Contain Key" owner="Collections">
<msg time="2024-05-10T12:26:03.460032" level="INFO">False</msg>
<arg>${json_data['results'][0]}</arg>
<arg>${key}</arg>
<doc>Fails if ``key`` is not found from ``dictionary``.</doc>
<status status="PASS" start="2024-05-10T12:26:03.459611" elapsed="0.000459"/>
</kw>
<kw name="Log" owner="BuiltIn">
<msg time="2024-05-10T12:26:03.460739" level="INFO">{'gender': 'female', 'name': {'title': 'Madame', 'first': 'Audrey', 'last': 'Leclerc'}, 'location': {'street': {'number': 8547, 'name': "Rue de L'Abbé-Groult"}, 'city': 'Pfaffnau', 'state': 'Graubünden', 'country': 'Switzerland', 'postcode': 7859, 'coordinates': {'latitude': '-61.9076', 'longitude': '76.7480'}, 'timezone': {'offset': '-9:00', 'description': 'Alaska'}}, 'email': 'audrey.leclerc@example.com', 'login': {'uuid': '1831d8a6-0ed7-4e7d-96f6-e83e2bc4ae43', 'username': 'greentiger583', 'password': 'yyyyyyy', 'salt': '61E3EZYA', 'md5': '14861f48e5496a78403a32eebd32ba45', 'sha1': '7448b33406f723ce77ff18d75e9aea761d8fd085', 'sha256': '88c05744b30deffdc8f06e89a6e393c43220015908d31e8ab34a69c7cc6bf447'}, 'dob': {'date': '1957-05-15T19:28:03.785Z', 'age': 66}, 'registered': {'date': '2020-04-16T19:54:27.697Z', 'age': 4}, 'phone': '076 693 27 37', 'cell': '077 503 85 55', 'id': {'name': 'AVS', 'value': '756.6247.8561.23'}, 'picture': {'large': 'https://randomuser.me/api/portraits/women/18.jpg', 'medium': 'https://randomuser.me/api/portraits/med/women/18.jpg', 'thumbnail': 'https://randomuser.me/api/portraits/thumb/women/18.jpg'}, 'nat': 'CH'}</msg>
<arg>${json_data['results'][0]}</arg>
<doc>Logs the given message with the given level.</doc>
<status status="PASS" start="2024-05-10T12:26:03.460369" elapsed="0.000418"/>
</kw>
<kw name="Log" owner="BuiltIn">
<msg time="2024-05-10T12:26:03.461216" level="INFO">login</msg>
<arg>${key}</arg>
<doc>Logs the given message with the given level.</doc>
<status status="PASS" start="2024-05-10T12:26:03.461088" elapsed="0.000166"/>
</kw>
<var name="${key}">login</var>
<status status="PASS" start="2024-05-10T12:26:03.459498" elapsed="0.001994"/>
</iter>
<var>${key}</var>
<value>@{expected_keys}</value>
<status status="PASS" start="2024-05-10T12:26:03.450705" elapsed="0.010912"/>
</for>
<kw name="Create List" owner="BuiltIn">
<msg time="2024-05-10T12:26:03.461947" level="INFO">${expected_keysTwo} = ['username', 'password']</msg>
<var>${expected_keysTwo}</var>
<arg>username</arg>
<arg>password</arg>
<doc>Returns a list containing given items.</doc>
<status status="PASS" start="2024-05-10T12:26:03.461808" elapsed="0.000163"/>
</kw>
<for flavor="IN">
<iter>
<kw name="Dictionary Should Contain Key" owner="Collections">
<msg time="2024-05-10T12:26:03.462859" level="INFO">False</msg>
<arg>${json_data['results'][0]['login']}</arg>
<arg>${keyTwo}</arg>
<doc>Fails if ``key`` is not found from ``dictionary``.</doc>
<status status="PASS" start="2024-05-10T12:26:03.462470" elapsed="0.000426"/>
</kw>
<kw name="Dictionary Should Contain Key" owner="Collections">
<msg time="2024-05-10T12:26:03.463569" level="INFO">False</msg>
<arg>${json_data['results'][0]['login']}</arg>
<arg>${keyTwo}</arg>
<doc>Fails if ``key`` is not found from ``dictionary``.</doc>
<status status="PASS" start="2024-05-10T12:26:03.463189" elapsed="0.000417"/>
</kw>
<kw name="Log" owner="BuiltIn">
<msg time="2024-05-10T12:26:03.464053" level="INFO">username</msg>
<arg>${keyTwo}</arg>
<doc>Logs the given message with the given level.</doc>
<status status="PASS" start="2024-05-10T12:26:03.463926" elapsed="0.000170"/>
</kw>
<var name="${keyTwo}">username</var>
<status status="PASS" start="2024-05-10T12:26:03.462361" elapsed="0.001946"/>
</iter>
<iter>
<kw name="Dictionary Should Contain Key" owner="Collections">
<msg time="2024-05-10T12:26:03.464971" level="INFO">False</msg>
<arg>${json_data['results'][0]['login']}</arg>
<arg>${keyTwo}</arg>
<doc>Fails if ``key`` is not found from ``dictionary``.</doc>
<status status="PASS" start="2024-05-10T12:26:03.464589" elapsed="0.000420"/>
</kw>
<kw name="Dictionary Should Contain Key" owner="Collections">
<msg time="2024-05-10T12:26:03.465776" level="INFO">False</msg>
<arg>${json_data['results'][0]['login']}</arg>
<arg>${keyTwo}</arg>
<doc>Fails if ``key`` is not found from ``dictionary``.</doc>
<status status="PASS" start="2024-05-10T12:26:03.465306" elapsed="0.000509"/>
</kw>
<kw name="Log" owner="BuiltIn">
<msg time="2024-05-10T12:26:03.466243" level="INFO">password</msg>
<arg>${keyTwo}</arg>
<doc>Logs the given message with the given level.</doc>
<status status="PASS" start="2024-05-10T12:26:03.466114" elapsed="0.000166"/>
</kw>
<var name="${keyTwo}">password</var>
<status status="PASS" start="2024-05-10T12:26:03.464478" elapsed="0.002017"/>
</iter>
<var>${keyTwo}</var>
<value>@{expected_keysTwo}</value>
<status status="PASS" start="2024-05-10T12:26:03.462210" elapsed="0.004404"/>
</for>
<status status="PASS" start="2024-05-10T12:26:03.357184" elapsed="0.109568"/>
</kw>
<doc>Testa a estrutura da resposta da API.</doc>
<tag>testeEstruturaResposta</tag>
<status status="PASS" start="2024-05-10T12:26:03.356414" elapsed="0.110483"/>
</test>
<test id="s1-s1-t4" name="Validar tipos de dados" line="28">
<kw name="Teste de Tipos de Dados" owner="random-user-service">
<kw name="GET On Session" owner="RequestsLibrary">
<msg time="2024-05-10T12:26:03.557264" level="INFO">GET Request : url=https://randomuser.me/api 
 path_url=/api 
 headers={'User-Agent': 'python-requests/2.31.0', 'Accept-Encoding': 'gzip, deflate', 'Accept': '*/*', 'Connection': 'keep-alive'} 
 body=None 
 </msg>
<msg time="2024-05-10T12:26:03.557360" level="INFO">GET Response : url=https://randomuser.me/api 
 status=200, reason=OK 
 headers={'Date': 'Fri, 10 May 2024 12:26:03 GMT', 'Content-Type': 'application/json; charset=utf-8', 'Transfer-Encoding': 'chunked', 'Connection': 'keep-alive', 'X-Powered-By': 'Express', 'Access-Control-Allow-Origin': '*', 'Cache-Control': 'no-cache', 'ETag': 'W/"489-LPtOxUrKbTgHl+AR3VGRrLlVn+Y"', 'Vary': 'Accept-Encoding', 'Content-Encoding': 'gzip', 'CF-Cache-Status': 'DYNAMIC', 'Report-To': '{"endpoints":[{"url":"https:\\/\\/a.nel.cloudflare.com\\/report\\/v4?s=7vveDTVVYsqGtHvJZ%2FUcs8LgXUlu%2BzvMpyDp3mk4cVPzE8pg3g8k2IfKk3Uoqvz3PogzVgMI9UK8t0eV2iyFTw2%2BRlx0EdF%2BLupAQUttNzlXSxqJt3ffwWypX%2BF3CfUL"}],"group":"cf-nel","max_age":604800}', 'NEL': '{"success_fraction":0,"report_to":"cf-nel","max_age":604800}', 'Server': 'cloudflare', 'CF-RAY': '8819ea5bbcf12509-SJC', 'alt-svc': 'h3=":443"; ma=86400'} 
 body={"results":[{"gender":"female","name":{"title":"Miss","first":"Madhura","last":"Chiplunkar"},"location":{"street":{"number":540,"name":"Mint St"},"city":"Morena","state":"Chhattisgarh","country":"India","postcode":92957,"coordinates":{"latitude":"9.2687","longitude":"48.8766"},"timezone":{"offset":"+6:00","description":"Almaty, Dhaka, Colombo"}},"email":"madhura.chiplunkar@example.com","login":{"uuid":"534c0892-e3b7-4bc1-902a-e5c4ae3bc44f","username":"purpletiger406","password":"blink","salt":"nTDUXhgc","md5":"a80a76a26229641e9d4f1829cc9daadb","sha1":"c45e58a6c2595b93ec0f77ef522d9fb1c82d1230","sha256":"1c43fd6f271faf1ce5ca8b3a94107e58c20aef89a71a0c5ab09f290078383fbe"},"dob":{"date":"1987-06-18T19:48:59.787Z","age":36},"registered":{"date":"2007-10-26T10:06:33.211Z","age":16},"phone":"9267229823","cell":"7731855268","id":{"name":"UIDAI","value":"699106280063"},"picture":{"large":"https://randomuser.me/api/portraits/women/62.jpg","medium":"https://randomuser.me/api/portraits/med/women/62.jpg","thumbnail":"https://randomuser.me/api/portraits/thumb/women/62.jpg"},"nat":"IN"}],"info":{"seed":"e5129ad984bd71a8","results":1,"page":1,"version":"1.4"}} 
 </msg>
<msg time="2024-05-10T12:26:03.557440" level="INFO">/opt/hostedtoolcache/Python/3.12.3/x64/lib/python3.12/site-packages/urllib3/connectionpool.py:1103: InsecureRequestWarning: Unverified HTTPS request is being made to host 'randomuser.me'. Adding certificate verification is strongly advised. See: https://urllib3.readthedocs.io/en/latest/advanced-usage.html#tls-warnings
  warnings.warn(</msg>
<msg time="2024-05-10T12:26:03.557578" level="INFO">${response} = &lt;Response [200]&gt;</msg>
<var>${response}</var>
<arg>consultarAPI</arg>
<arg>/api</arg>
<doc>Sends a GET request on a previously created HTTP Session.</doc>
<status status="PASS" start="2024-05-10T12:26:03.469460" elapsed="0.088171"/>
</kw>
<kw name="Set Variable" owner="BuiltIn">
<msg time="2024-05-10T12:26:03.558794" level="INFO">${json_data} = {'results': [{'gender': 'female', 'name': {'title': 'Miss', 'first': 'Madhura', 'last': 'Chiplunkar'}, 'location': {'street': {'number': 540, 'name': 'Mint St'}, 'city': 'Morena', 'state': 'Chhattisga...</msg>
<var>${json_data}</var>
<arg>${response.json()}</arg>
<doc>Returns the given values which can then be assigned to a variables.</doc>
<status status="PASS" start="2024-05-10T12:26:03.558216" elapsed="0.000608"/>
</kw>
<kw name="Log" owner="BuiltIn">
<msg time="2024-05-10T12:26:03.559294" level="INFO">{'results': [{'gender': 'female', 'name': {'title': 'Miss', 'first': 'Madhura', 'last': 'Chiplunkar'}, 'location': {'street': {'number': 540, 'name': 'Mint St'}, 'city': 'Morena', 'state': 'Chhattisgarh', 'country': 'India', 'postcode': 92957, 'coordinates': {'latitude': '9.2687', 'longitude': '48.8766'}, 'timezone': {'offset': '+6:00', 'description': 'Almaty, Dhaka, Colombo'}}, 'email': 'madhura.chiplunkar@example.com', 'login': {'uuid': '534c0892-e3b7-4bc1-902a-e5c4ae3bc44f', 'username': 'purpletiger406', 'password': 'blink', 'salt': 'nTDUXhgc', 'md5': 'a80a76a26229641e9d4f1829cc9daadb', 'sha1': 'c45e58a6c2595b93ec0f77ef522d9fb1c82d1230', 'sha256': '1c43fd6f271faf1ce5ca8b3a94107e58c20aef89a71a0c5ab09f290078383fbe'}, 'dob': {'date': '1987-06-18T19:48:59.787Z', 'age': 36}, 'registered': {'date': '2007-10-26T10:06:33.211Z', 'age': 16}, 'phone': '9267229823', 'cell': '7731855268', 'id': {'name': 'UIDAI', 'value': '699106280063'}, 'picture': {'large': 'https://randomuser.me/api/portraits/women/62.jpg', 'medium': 'https://randomuser.me/api/portraits/med/women/62.jpg', 'thumbnail': 'https://randomuser.me/api/portraits/thumb/women/62.jpg'}, 'nat': 'IN'}], 'info': {'seed': 'e5129ad984bd71a8', 'results': 1, 'page': 1, 'version': '1.4'}}</msg>
<arg>${json_data}</arg>
<doc>Logs the given message with the given level.</doc>
<status status="PASS" start="2024-05-10T12:26:03.559137" elapsed="0.000241"/>
</kw>
<kw name="Should Be String" owner="String">
<arg>${json_data['results'][0]['gender']}</arg>
<doc>Fails if the given ``item`` is not a string.</doc>
<status status="PASS" start="2024-05-10T12:26:03.559679" elapsed="0.000421"/>
</kw>
<kw name="Should Match Regexp" owner="BuiltIn">
<arg>${json_data['results'][0]['email']}</arg>
<arg>^[a-zA-Z0-9._%+-]+@[a-zA-Z0-9.-]+\.[a-zA-Z]{2,}$</arg>
<doc>Fails if ``string`` does not match ``pattern`` as a regular expression.</doc>
<status status="PASS" start="2024-05-10T12:26:03.560297" elapsed="0.000525"/>
</kw>
<kw name="Should Match Regexp" owner="BuiltIn">
<arg>${json_data['results'][0]['dob']['date']}</arg>
<arg>\\d{4}-\\d{2}-\\d{2}T\\d{2}:\\d{2}:\\d{2}\\.\\d{3}Z</arg>
<doc>Fails if ``string`` does not match ``pattern`` as a regular expression.</doc>
<status status="PASS" start="2024-05-10T12:26:03.561020" elapsed="0.000505"/>
</kw>
<kw name="Should Match Regexp" owner="BuiltIn">
<arg>${json_data['results'][0]['registered']['date']}</arg>
<arg>\\d{4}-\\d{2}-\\d{2}T\\d{2}:\\d{2}:\\d{2}\\.\\d{3}Z</arg>
<doc>Fails if ``string`` does not match ``pattern`` as a regular expression.</doc>
<status status="PASS" start="2024-05-10T12:26:03.561719" elapsed="0.000371"/>
</kw>
<kw name="Should Match Regexp" owner="BuiltIn">
<arg>${json_data['results'][0]['picture']['large']}</arg>
<arg>^https?://.*\.(?:png|jpe?g|gif|bmp)$</arg>
<doc>Fails if ``string`` does not match ``pattern`` as a regular expression.</doc>
<status status="PASS" start="2024-05-10T12:26:03.562277" elapsed="0.000461"/>
</kw>
<kw name="Should Match Regexp" owner="BuiltIn">
<arg>${json_data['results'][0]['picture']['medium']}</arg>
<arg>^https?://.*\.(?:png|jpe?g|gif|bmp)$</arg>
<doc>Fails if ``string`` does not match ``pattern`` as a regular expression.</doc>
<status status="PASS" start="2024-05-10T12:26:03.562926" elapsed="0.000361"/>
</kw>
<kw name="Should Match Regexp" owner="BuiltIn">
<arg>${json_data['results'][0]['picture']['thumbnail']}</arg>
<arg>^https?://.*\.(?:png|jpe?g|gif|bmp)$</arg>
<doc>Fails if ``string`` does not match ``pattern`` as a regular expression.</doc>
<status status="PASS" start="2024-05-10T12:26:03.563477" elapsed="0.000393"/>
</kw>
<kw name="Log" owner="BuiltIn">
<msg time="2024-05-10T12:26:03.564385" level="INFO">{'large': 'https://randomuser.me/api/portraits/women/62.jpg', 'medium': 'https://randomuser.me/api/portraits/med/women/62.jpg', 'thumbnail': 'https://randomuser.me/api/portraits/thumb/women/62.jpg'}</msg>
<arg>${json_data['results'][0]['picture']}</arg>
<doc>Logs the given message with the given level.</doc>
<status status="PASS" start="2024-05-10T12:26:03.564058" elapsed="0.000370"/>
</kw>
<status status="PASS" start="2024-05-10T12:26:03.469220" elapsed="0.095467"/>
</kw>
<kw name="Teste de Tipos de Dados - Postcode" owner="random-user-service">
<kw name="GET On Session" owner="RequestsLibrary">
<msg time="2024-05-10T12:26:03.703954" level="INFO">GET Request : url=https://randomuser.me/api 
 path_url=/api 
 headers={'User-Agent': 'python-requests/2.31.0', 'Accept-Encoding': 'gzip, deflate', 'Accept': '*/*', 'Connection': 'keep-alive'} 
 body=None 
 </msg>
<msg time="2024-05-10T12:26:03.704028" level="INFO">GET Response : url=https://randomuser.me/api 
 status=200, reason=OK 
 headers={'Date': 'Fri, 10 May 2024 12:26:03 GMT', 'Content-Type': 'application/json; charset=utf-8', 'Transfer-Encoding': 'chunked', 'Connection': 'keep-alive', 'X-Powered-By': 'Express', 'Access-Control-Allow-Origin': '*', 'Cache-Control': 'no-cache', 'ETag': 'W/"4a9-w/MY0KSuOadkGGeCmw+mWCb5RAM"', 'Vary': 'Accept-Encoding', 'Content-Encoding': 'gzip', 'CF-Cache-Status': 'DYNAMIC', 'Report-To': '{"endpoints":[{"url":"https:\\/\\/a.nel.cloudflare.com\\/report\\/v4?s=VpQWZtNgT6maT9rYRSacrGqE1VvvblWSg6wMpGJmMYXwaLYaEOags349RSfmkCSXH0mmZs9jeOowIaSRm0iNNscsMZOCpOB993T6FectilESJU0uDyliKfgWujp%2FWcFr"}],"group":"cf-nel","max_age":604800}', 'NEL': '{"success_fraction":0,"report_to":"cf-nel","max_age":604800}', 'Server': 'cloudflare', 'CF-RAY': '8819ea5c5d3a2509-SJC', 'alt-svc': 'h3=":443"; ma=86400'} 
 body={"results":[{"gender":"male","name":{"title":"Mr","first":"امیر","last":"کریمی"},"location":{"street":{"number":7825,"name":"شهید استاد حسن بنا"},"city":"قائم‌شهر","state":"چهارمحال و بختیاری","country":"Iran","postcode":29486,"coordinates":{"latitude":"16.2350","longitude":"-135.9939"},"timezone":{"offset":"+6:00","description":"Almaty, Dhaka, Colombo"}},"email":"myr.khrymy@example.com","login":{"uuid":"3dcc6ab3-ba04-4488-bb03-d1b7dcf0ed43","username":"angryduck842","password":"place","salt":"RMcspGG8","md5":"9abad7f39de2fd66c1de4ddbe848aa7d","sha1":"786d3068005353b28e3348e84eb1e783c7e996fc","sha256":"c90be43e28869682ba40b2252d3fb0bc0ded742588b7af95aa983e36f14fcc8d"},"dob":{"date":"1951-09-18T15:14:19.683Z","age":72},"registered":{"date":"2016-02-18T22:31:41.033Z","age":8},"phone":"087-90982145","cell":"0976-098-9556","id":{"name":"","value":null},"picture":{"large":"https://randomuser.me/api/portraits/men/46.jpg","medium":"https://randomuser.me/api/portraits/med/men/46.jpg","thumbnail":"https://randomuser.me/api/portraits/thumb/men/46.jpg"},"nat":"IR"}],"info":{"seed":"69ffaaab29010d0e","results":1,"page":1,"version":"1.4"}} 
 </msg>
<msg time="2024-05-10T12:26:03.704093" level="INFO">/opt/hostedtoolcache/Python/3.12.3/x64/lib/python3.12/site-packages/urllib3/connectionpool.py:1103: InsecureRequestWarning: Unverified HTTPS request is being made to host 'randomuser.me'. Adding certificate verification is strongly advised. See: https://urllib3.readthedocs.io/en/latest/advanced-usage.html#tls-warnings
  warnings.warn(</msg>
<msg time="2024-05-10T12:26:03.704192" level="INFO">${response} = &lt;Response [200]&gt;</msg>
<var>${response}</var>
<arg>consultarAPI</arg>
<arg>/api</arg>
<doc>Sends a GET request on a previously created HTTP Session.</doc>
<status status="PASS" start="2024-05-10T12:26:03.565144" elapsed="0.139088"/>
</kw>
<kw name="Set Variable" owner="BuiltIn">
<msg time="2024-05-10T12:26:03.705199" level="INFO">${json_data} = {'results': [{'gender': 'male', 'name': {'title': 'Mr', 'first': 'امیر', 'last': 'کریمی'}, 'location': {'street': {'number': 7825, 'name': 'شهید استاد حسن بنا'}, 'city': 'قائم\u200cشهر', 'state': 'چها...</msg>
<var>${json_data}</var>
<arg>${response.json()}</arg>
<doc>Returns the given values which can then be assigned to a variables.</doc>
<status status="PASS" start="2024-05-10T12:26:03.704709" elapsed="0.000520"/>
</kw>
<kw name="Log" owner="BuiltIn">
<msg time="2024-05-10T12:26:03.705692" level="INFO">{'results': [{'gender': 'male', 'name': {'title': 'Mr', 'first': 'امیر', 'last': 'کریمی'}, 'location': {'street': {'number': 7825, 'name': 'شهید استاد حسن بنا'}, 'city': 'قائم\u200cشهر', 'state': 'چهارمحال و بختیاری', 'country': 'Iran', 'postcode': 29486, 'coordinates': {'latitude': '16.2350', 'longitude': '-135.9939'}, 'timezone': {'offset': '+6:00', 'description': 'Almaty, Dhaka, Colombo'}}, 'email': 'myr.khrymy@example.com', 'login': {'uuid': '3dcc6ab3-ba04-4488-bb03-d1b7dcf0ed43', 'username': 'angryduck842', 'password': 'place', 'salt': 'RMcspGG8', 'md5': '9abad7f39de2fd66c1de4ddbe848aa7d', 'sha1': '786d3068005353b28e3348e84eb1e783c7e996fc', 'sha256': 'c90be43e28869682ba40b2252d3fb0bc0ded742588b7af95aa983e36f14fcc8d'}, 'dob': {'date': '1951-09-18T15:14:19.683Z', 'age': 72}, 'registered': {'date': '2016-02-18T22:31:41.033Z', 'age': 8}, 'phone': '087-90982145', 'cell': '0976-098-9556', 'id': {'name': '', 'value': None}, 'picture': {'large': 'https://randomuser.me/api/portraits/men/46.jpg', 'medium': 'https://randomuser.me/api/portraits/med/men/46.jpg', 'thumbnail': 'https://randomuser.me/api/portraits/thumb/men/46.jpg'}, 'nat': 'IR'}], 'info': {'seed': '69ffaaab29010d0e', 'results': 1, 'page': 1, 'version': '1.4'}}</msg>
<arg>${json_data}</arg>
<doc>Logs the given message with the given level.</doc>
<status status="PASS" start="2024-05-10T12:26:03.705531" elapsed="0.000242"/>
</kw>
<kw name="Should Be Equal As Numbers" owner="BuiltIn">
<arg>${json_data['results'][0]['location']['postcode']}</arg>
<arg>${json_data['results'][0]['location']['postcode']}</arg>
<doc>Fails if objects are unequal after converting them to real numbers.</doc>
<status status="PASS" start="2024-05-10T12:26:03.706074" elapsed="0.000769"/>
</kw>
<kw name="Log" owner="BuiltIn">
<msg time="2024-05-10T12:26:03.707368" level="INFO">29486</msg>
<arg>${json_data['results'][0]['location']['postcode']}</arg>
<doc>Logs the given message with the given level.</doc>
<status status="PASS" start="2024-05-10T12:26:03.707035" elapsed="0.000383"/>
</kw>
<status status="PASS" start="2024-05-10T12:26:03.564913" elapsed="0.142769"/>
</kw>
<doc>Testa se os tipos de dados na resposta da API estão corretos.</doc>
<tag>testeTiposDados</tag>
<status status="PASS" start="2024-05-10T12:26:03.468704" elapsed="0.239168"/>
</test>
<test id="s1-s1-t5" name="Validar conteudo" line="35">
<kw name="Teste de Tipos de Conteudo" owner="random-user-service">
<kw name="GET On Session" owner="RequestsLibrary">
<msg time="2024-05-10T12:26:03.807714" level="INFO">GET Request : url=https://randomuser.me/api 
 path_url=/api 
 headers={'User-Agent': 'python-requests/2.31.0', 'Accept-Encoding': 'gzip, deflate', 'Accept': '*/*', 'Connection': 'keep-alive'} 
 body=None 
 </msg>
<msg time="2024-05-10T12:26:03.807848" level="INFO">GET Response : url=https://randomuser.me/api 
 status=200, reason=OK 
 headers={'Date': 'Fri, 10 May 2024 12:26:03 GMT', 'Content-Type': 'application/json; charset=utf-8', 'Transfer-Encoding': 'chunked', 'Connection': 'keep-alive', 'X-Powered-By': 'Express', 'Access-Control-Allow-Origin': '*', 'Cache-Control': 'no-cache', 'ETag': 'W/"493-BRvwqC7wbkqFtKv5QWfcTi31kMY"', 'Vary': 'Accept-Encoding', 'Content-Encoding': 'gzip', 'CF-Cache-Status': 'DYNAMIC', 'Report-To': '{"endpoints":[{"url":"https:\\/\\/a.nel.cloudflare.com\\/report\\/v4?s=KI7Eu%2B6QDwbktVsnhjlUJatinYPYk7ELFEP1zsa6YFPyaqMkz0Mr4foBcSCEXD5HhkXy70Nk9keOxBjuEo0BZcvTrS%2FqO6LWPE%2B%2FQBg4NLGpE3Qsp0iCEL4CxjSPrNmt"}],"group":"cf-nel","max_age":604800}', 'NEL': '{"success_fraction":0,"report_to":"cf-nel","max_age":604800}', 'Server': 'cloudflare', 'CF-RAY': '8819ea5d3d992509-SJC', 'alt-svc': 'h3=":443"; ma=86400'} 
 body={"results":[{"gender":"male","name":{"title":"Mr","first":"Gligorije","last":"Vlahović"},"location":{"street":{"number":7184,"name":"Četvrtog Jula"},"city":"Ljig","state":"Jablanica","country":"Serbia","postcode":47999,"coordinates":{"latitude":"63.5541","longitude":"-10.9718"},"timezone":{"offset":"+4:00","description":"Abu Dhabi, Muscat, Baku, Tbilisi"}},"email":"gligorije.vlahovic@example.com","login":{"uuid":"4e9b2616-3c8f-474e-9458-d3dd8b4331fa","username":"goldenleopard876","password":"dddddddd","salt":"mXH9Br6d","md5":"1af29c7d519843dbb6cb84da94a27f91","sha1":"93aced0609ba8e937f37dabe4bb5f1cbfb4382e4","sha256":"9c34fcd93d2d4468865af5fb23d68649e8a58a59af61eeda7415285bbf520130"},"dob":{"date":"1956-05-19T05:20:30.406Z","age":67},"registered":{"date":"2019-01-16T02:47:17.911Z","age":5},"phone":"027-2210-960","cell":"065-9029-950","id":{"name":"SID","value":"507610063"},"picture":{"large":"https://randomuser.me/api/portraits/men/84.jpg","medium":"https://randomuser.me/api/portraits/med/men/84.jpg","thumbnail":"https://randomuser.me/api/portraits/thumb/men/84.jpg"},"nat":"RS"}],"info":{"seed":"a9c38f781ef1632e","results":1,"page":1,"version":"1.4"}} 
 </msg>
<msg time="2024-05-10T12:26:03.807931" level="INFO">/opt/hostedtoolcache/Python/3.12.3/x64/lib/python3.12/site-packages/urllib3/connectionpool.py:1103: InsecureRequestWarning: Unverified HTTPS request is being made to host 'randomuser.me'. Adding certificate verification is strongly advised. See: https://urllib3.readthedocs.io/en/latest/advanced-usage.html#tls-warnings
  warnings.warn(</msg>
<msg time="2024-05-10T12:26:03.808048" level="INFO">${response} = &lt;Response [200]&gt;</msg>
<var>${response}</var>
<arg>consultarAPI</arg>
<arg>/api</arg>
<doc>Sends a GET request on a previously created HTTP Session.</doc>
<status status="PASS" start="2024-05-10T12:26:03.711095" elapsed="0.096988"/>
</kw>
<kw name="Set Variable" owner="BuiltIn">
<msg time="2024-05-10T12:26:03.808962" level="INFO">${json_data} = {'results': [{'gender': 'male', 'name': {'title': 'Mr', 'first': 'Gligorije', 'last': 'Vlahović'}, 'location': {'street': {'number': 7184, 'name': 'Četvrtog Jula'}, 'city': 'Ljig', 'state': 'Jablanica...</msg>
<var>${json_data}</var>
<arg>${response.json()}</arg>
<doc>Returns the given values which can then be assigned to a variables.</doc>
<status status="PASS" start="2024-05-10T12:26:03.808493" elapsed="0.000500"/>
</kw>
<kw name="Set Variable" owner="BuiltIn">
<msg time="2024-05-10T12:26:03.809687" level="INFO">${name_title} = Mr</msg>
<var>${name_title}</var>
<arg>${json_data["results"][0]["name"]["title"]}</arg>
<doc>Returns the given values which can then be assigned to a variables.</doc>
<status status="PASS" start="2024-05-10T12:26:03.809298" elapsed="0.000414"/>
</kw>
<kw name="Create List" owner="BuiltIn">
<msg time="2024-05-10T12:26:03.810159" level="INFO">${allowed_titles} = ['Mr', 'Ms', 'Miss', 'Mrs', 'Madame', 'Monsieur']</msg>
<var>${allowed_titles}</var>
<arg>Mr</arg>
<arg>Ms</arg>
<arg>Miss</arg>
<arg>Mrs</arg>
<arg>Madame</arg>
<arg>Monsieur</arg>
<doc>Returns a list containing given items.</doc>
<status status="PASS" start="2024-05-10T12:26:03.810011" elapsed="0.000172"/>
</kw>
<kw name="List Should Contain Value" owner="Collections">
<msg time="2024-05-10T12:26:03.810650" level="INFO">False</msg>
<arg>${allowed_titles}</arg>
<arg>${name_title}</arg>
<doc>Fails if the ``value`` is not found from ``list``.</doc>
<status status="PASS" start="2024-05-10T12:26:03.810479" elapsed="0.000207"/>
</kw>
<kw name="Set Variable" owner="BuiltIn">
<msg time="2024-05-10T12:26:03.811360" level="INFO">${name_country} = RS</msg>
<var>${name_country}</var>
<arg>${json_data["results"][0]["nat"]}</arg>
<doc>Returns the given values which can then be assigned to a variables.</doc>
<status status="PASS" start="2024-05-10T12:26:03.810978" elapsed="0.000406"/>
</kw>
<kw name="Create List" owner="BuiltIn">
<msg time="2024-05-10T12:26:03.812301" level="INFO">${list_country} = ['AD', 'AE', 'AF', 'AG', 'AI', 'AL', 'AM', 'AO', 'AQ', 'AR', 'AS', 'AT', 'AU', 'AW', 'AX', 'AZ', 'BA', 'BB', 'BD', 'BE', 'BF', 'BG', 'BH', 'BI', 'BJ', 'BL', 'BM', 'BN', 'BO', 'BQ', 'BR', 'BS', 'BT', '...</msg>
<var>${list_country}</var>
<arg>AD</arg>
<arg>AE</arg>
<arg>AF</arg>
<arg>AG</arg>
<arg>AI</arg>
<arg>AL</arg>
<arg>AM</arg>
<arg>AO</arg>
<arg>AQ</arg>
<arg>AR</arg>
<arg>AS</arg>
<arg>AT</arg>
<arg>AU</arg>
<arg>AW</arg>
<arg>AX</arg>
<arg>AZ</arg>
<arg>BA</arg>
<arg>BB</arg>
<arg>BD</arg>
<arg>BE</arg>
<arg>BF</arg>
<arg>BG</arg>
<arg>BH</arg>
<arg>BI</arg>
<arg>BJ</arg>
<arg>BL</arg>
<arg>BM</arg>
<arg>BN</arg>
<arg>BO</arg>
<arg>BQ</arg>
<arg>BR</arg>
<arg>BS</arg>
<arg>BT</arg>
<arg>BV</arg>
<arg>BW</arg>
<arg>BY</arg>
<arg>BZ</arg>
<arg>CA</arg>
<arg>CC</arg>
<arg>CD</arg>
<arg>CF</arg>
<arg>CG</arg>
<arg>CH</arg>
<arg>CI</arg>
<arg>CK</arg>
<arg>CL</arg>
<arg>CM</arg>
<arg>CN</arg>
<arg>CO</arg>
<arg>CR</arg>
<arg>CU</arg>
<arg>CV</arg>
<arg>CW</arg>
<arg>CX</arg>
<arg>CY</arg>
<arg>CZ</arg>
<arg>DE</arg>
<arg>DJ</arg>
<arg>DK</arg>
<arg>DM</arg>
<arg>DO</arg>
<arg>DZ</arg>
<arg>EC</arg>
<arg>EE</arg>
<arg>EG</arg>
<arg>EH</arg>
<arg>ER</arg>
<arg>ES</arg>
<arg>ET</arg>
<arg>FI</arg>
<arg>FJ</arg>
<arg>FK</arg>
<arg>FM</arg>
<arg>FO</arg>
<arg>FR</arg>
<arg>GA</arg>
<arg>GB</arg>
<arg>GD</arg>
<arg>GE</arg>
<arg>GF</arg>
<arg>GG</arg>
<arg>GH</arg>
<arg>GI</arg>
<arg>GL</arg>
<arg>GM</arg>
<arg>GN</arg>
<arg>GP</arg>
<arg>GQ</arg>
<arg>GR</arg>
<arg>GS</arg>
<arg>GT</arg>
<arg>GU</arg>
<arg>GW</arg>
<arg>GY</arg>
<arg>HK</arg>
<arg>HM</arg>
<arg>HN</arg>
<arg>HR</arg>
<arg>HT</arg>
<arg>HU</arg>
<arg>ID</arg>
<arg>IE</arg>
<arg>IL</arg>
<arg>IM</arg>
<arg>IN</arg>
<arg>IO</arg>
<arg>IQ</arg>
<arg>IR</arg>
<arg>IS</arg>
<arg>IT</arg>
<arg>JE</arg>
<arg>JM</arg>
<arg>JO</arg>
<arg>JP</arg>
<arg>KE</arg>
<arg>KG</arg>
<arg>KH</arg>
<arg>KI</arg>
<arg>KM</arg>
<arg>KN</arg>
<arg>KP</arg>
<arg>KR</arg>
<arg>KW</arg>
<arg>KY</arg>
<arg>KZ</arg>
<arg>LA</arg>
<arg>LB</arg>
<arg>LC</arg>
<arg>LI</arg>
<arg>LK</arg>
<arg>LR</arg>
<arg>LS</arg>
<arg>LT</arg>
<arg>LU</arg>
<arg>LV</arg>
<arg>LY</arg>
<arg>MA</arg>
<arg>MC</arg>
<arg>MD</arg>
<arg>ME</arg>
<arg>MF</arg>
<arg>MG</arg>
<arg>MH</arg>
<arg>MK</arg>
<arg>ML</arg>
<arg>MM</arg>
<arg>MN</arg>
<arg>MO</arg>
<arg>MP</arg>
<arg>MQ</arg>
<arg>MR</arg>
<arg>MS</arg>
<arg>MT</arg>
<arg>MU</arg>
<arg>MV</arg>
<arg>MW</arg>
<arg>MX</arg>
<arg>MY</arg>
<arg>MZ</arg>
<arg>NA</arg>
<arg>NC</arg>
<arg>NE</arg>
<arg>NF</arg>
<arg>NG</arg>
<arg>NI</arg>
<arg>NL</arg>
<arg>NO</arg>
<arg>NP</arg>
<arg>NR</arg>
<arg>NU</arg>
<arg>NZ</arg>
<arg>OM</arg>
<arg>PA</arg>
<arg>PE</arg>
<arg>PF</arg>
<arg>PG</arg>
<arg>PH</arg>
<arg>PK</arg>
<arg>PL</arg>
<arg>PM</arg>
<arg>PN</arg>
<arg>PR</arg>
<arg>PS</arg>
<arg>PT</arg>
<arg>PW</arg>
<arg>PY</arg>
<arg>QA</arg>
<arg>RE</arg>
<arg>RO</arg>
<arg>RS</arg>
<arg>RU</arg>
<arg>RW</arg>
<arg>SA</arg>
<arg>SB</arg>
<arg>SC</arg>
<arg>SD</arg>
<arg>SE</arg>
<arg>SG</arg>
<arg>SH</arg>
<arg>SI</arg>
<arg>SJ</arg>
<arg>SK</arg>
<arg>SL</arg>
<arg>SM</arg>
<arg>SN</arg>
<arg>SO</arg>
<arg>SR</arg>
<arg>SS</arg>
<arg>ST</arg>
<arg>SV</arg>
<arg>SX</arg>
<arg>SY</arg>
<arg>SZ</arg>
<arg>TC</arg>
<arg>TD</arg>
<arg>TF</arg>
<arg>TG</arg>
<arg>TH</arg>
<arg>TJ</arg>
<arg>TK</arg>
<arg>TL</arg>
<arg>TM</arg>
<arg>TN</arg>
<arg>TO</arg>
<arg>TR</arg>
<arg>TT</arg>
<arg>TV</arg>
<arg>TW</arg>
<arg>TZ</arg>
<arg>UA</arg>
<arg>UG</arg>
<arg>UM</arg>
<arg>US</arg>
<arg>UY</arg>
<arg>UZ</arg>
<arg>VA</arg>
<arg>VC</arg>
<arg>VE</arg>
<arg>VG</arg>
<arg>VI</arg>
<arg>VN</arg>
<arg>VU</arg>
<arg>WF</arg>
<arg>WS</arg>
<arg>XK</arg>
<arg>YE</arg>
<arg>YT</arg>
<arg>ZA</arg>
<arg>ZM</arg>
<arg>ZW</arg>
<doc>Returns a list containing given items.</doc>
<status status="PASS" start="2024-05-10T12:26:03.811684" elapsed="0.000644"/>
</kw>
<kw name="List Should Contain Value" owner="Collections">
<msg time="2024-05-10T12:26:03.813314" level="INFO">False</msg>
<arg>${list_country}</arg>
<arg>${name_country}</arg>
<doc>Fails if the ``value`` is not found from ``list``.</doc>
<status status="PASS" start="2024-05-10T12:26:03.813114" elapsed="0.000237"/>
</kw>
<kw name="Run Keyword If" owner="BuiltIn">
<kw name="Should Be True" owner="BuiltIn">
<arg>${True}</arg>
<doc>Fails if the given condition is not true.</doc>
<status status="PASS" start="2024-05-10T12:26:03.814417" elapsed="0.000145"/>
</kw>
<arg>${json_data["results"][0]["location"]["coordinates"]["latitude"]} &gt;= -90 and ${json_data["results"][0]["location"]["coordinates"]["latitude"]} &lt;= 90</arg>
<arg>Should Be True</arg>
<arg>${True}</arg>
<doc>Runs the given keyword with the given arguments, if ``condition`` is true.</doc>
<status status="PASS" start="2024-05-10T12:26:03.813663" elapsed="0.001024"/>
</kw>
<kw name="Run Keyword If" owner="BuiltIn">
<kw name="Should Be True" owner="BuiltIn">
<arg>${True}</arg>
<doc>Fails if the given condition is not true.</doc>
<status status="PASS" start="2024-05-10T12:26:03.815569" elapsed="0.000265"/>
</kw>
<arg>${json_data["results"][0]["location"]["coordinates"]["longitude"]} &gt;= -180 and ${json_data["results"][0]["location"]["coordinates"]["longitude"]} &lt;= 180</arg>
<arg>Should Be True</arg>
<arg>${True}</arg>
<doc>Runs the given keyword with the given arguments, if ``condition`` is true.</doc>
<status status="PASS" start="2024-05-10T12:26:03.814870" elapsed="0.001093"/>
</kw>
<status status="PASS" start="2024-05-10T12:26:03.710725" elapsed="0.105367"/>
</kw>
<doc>Testa o conteúdo específico dos campos retornados pela API.</doc>
<tag>testeConteudo</tag>
<status status="PASS" start="2024-05-10T12:26:03.710034" elapsed="0.106205"/>
</test>
<status status="PASS" start="2024-05-10T12:26:02.935023" elapsed="0.883111"/>
</suite>
<status status="PASS" start="2024-05-10T12:26:02.921560" elapsed="0.901649"/>
</suite>
<statistics>
<total>
<stat pass="5" fail="0" skip="0">All Tests</stat>
</total>
<tag>
<stat pass="1" fail="0" skip="0">testeConteudo</stat>
<stat pass="1" fail="0" skip="0">testeEstruturaResposta</stat>
<stat pass="1" fail="0" skip="0">testeRequisicaoBasica</stat>
<stat pass="1" fail="0" skip="0">testeTiposDados</stat>
</tag>
<suite>
<stat pass="5" fail="0" skip="0" id="s1" name="Tests">Tests</stat>
<stat pass="5" fail="0" skip="0" id="s1-s1" name="Random-User-Test">Tests.Random-User-Test</stat>
</suite>
</statistics>
<errors>
</errors>
</robot>
