<?xml version="1.0" encoding="UTF-8"?>
<robot generator="Robot 7.0 (Python 3.12.3 on linux)" generated="2024-06-08T09:16:23.266146" rpa="false" schemaversion="5">
<suite id="s1" name="Tests" source="/home/runner/work/ApiRandomUser/ApiRandomUser/RamdonUser/tests">
<suite id="s1-s1" name="Random-User-Test" source="/home/runner/work/ApiRandomUser/ApiRandomUser/RamdonUser/tests/random-user-test.robot">
<test id="s1-s1-t1" name="Conectar" line="13">
<kw name="Conectar API" owner="random-user-service">
<kw name="Create Session" owner="RequestsLibrary">
<msg time="2024-06-08T09:16:23.708702" level="INFO">Creating Session using : alias=consultarAPI, url=https://randomuser.me/, headers={},                     cookies={}, auth=None, timeout=None, proxies=None, verify=False,                     debug=0 </msg>
<arg>consultarAPI</arg>
<arg>${URL}</arg>
<doc>Create Session: create a HTTP session to a server</doc>
<status status="PASS" start="2024-06-08T09:16:23.708470" elapsed="0.000495"/>
</kw>
<status status="PASS" start="2024-06-08T09:16:23.707367" elapsed="0.002018"/>
</kw>
<status status="PASS" start="2024-06-08T09:16:23.706742" elapsed="0.002851"/>
</test>
<test id="s1-s1-t2" name="Validar retorno 200 e JSON Válido" line="16">
<kw name="Teste de Requisicao Basica" owner="random-user-service">
<kw name="GET On Session" owner="RequestsLibrary">
<msg time="2024-06-08T09:16:24.014771" level="INFO">GET Request : url=https://randomuser.me/api 
 path_url=/api 
 headers={'User-Agent': 'python-requests/2.32.3', 'Accept-Encoding': 'gzip, deflate', 'Accept': '*/*', 'Connection': 'keep-alive'} 
 body=None 
 </msg>
<msg time="2024-06-08T09:16:24.015026" level="INFO">GET Response : url=https://randomuser.me/api 
 status=200, reason=OK 
 headers={'Date': 'Sat, 08 Jun 2024 09:16:24 GMT', 'Content-Type': 'application/json; charset=utf-8', 'Transfer-Encoding': 'chunked', 'Connection': 'keep-alive', 'X-Powered-By': 'Express', 'Access-Control-Allow-Origin': '*', 'Cache-Control': 'no-cache', 'ETag': 'W/"48f-kIfjHTi8uIaW28x2jXSmlphayI0"', 'Vary': 'Accept-Encoding', 'Content-Encoding': 'gzip', 'CF-Cache-Status': 'DYNAMIC', 'Report-To': '{"endpoints":[{"url":"https:\\/\\/a.nel.cloudflare.com\\/report\\/v4?s=cLKOaVRk%2BHyizrXmbxJ9XvDFivUXwdF4zC6HJo7wL2H3vpLsGMqmvYnNGjcZhXIacdSASuzvUBTw8G6hxlTevcQxaL496DZwQm7Jr7wKnRAcJ%2BO6F3XZ9Qu6anokkYoj"}],"group":"cf-nel","max_age":604800}', 'NEL': '{"success_fraction":0,"report_to":"cf-nel","max_age":604800}', 'Server': 'cloudflare', 'CF-RAY': '8907c869df1b81a0-IAD', 'alt-svc': 'h3=":443"; ma=86400'} 
 body={"results":[{"gender":"female","name":{"title":"Mrs","first":"Kripa","last":"Rai"},"location":{"street":{"number":5969,"name":"Dwaraka Nagar"},"city":"Tadipatri","state":"Delhi","country":"India","postcode":86473,"coordinates":{"latitude":"6.9230","longitude":"4.5672"},"timezone":{"offset":"+5:00","description":"Ekaterinburg, Islamabad, Karachi, Tashkent"}},"email":"kripa.rai@example.com","login":{"uuid":"5b8a94e4-d8da-4b2c-ad65-aef6a38e67df","username":"goldenostrich906","password":"helium","salt":"GYNUhVAZ","md5":"b74adb09c48ee397296ac63fb595a8fc","sha1":"598628922286521e28a024993622f283deb7dde1","sha256":"408bb49fc02cf9657e956a43632783d8a9b1d0eff3663700c3dee9c362b51bd2"},"dob":{"date":"1998-09-29T18:42:49.731Z","age":25},"registered":{"date":"2011-01-13T10:41:04.434Z","age":13},"phone":"7584489836","cell":"8577348552","id":{"name":"UIDAI","value":"377086129076"},"picture":{"large":"https://randomuser.me/api/portraits/women/64.jpg","medium":"https://randomuser.me/api/portraits/med/women/64.jpg","thumbnail":"https://randomuser.me/api/portraits/thumb/women/64.jpg"},"nat":"IN"}],"info":{"seed":"e4bf8259dac3c49c","results":1,"page":1,"version":"1.4"}} 
 </msg>
<msg time="2024-06-08T09:16:24.015173" level="INFO">/opt/hostedtoolcache/Python/3.12.3/x64/lib/python3.12/site-packages/urllib3/connectionpool.py:1103: InsecureRequestWarning: Unverified HTTPS request is being made to host 'randomuser.me'. Adding certificate verification is strongly advised. See: https://urllib3.readthedocs.io/en/latest/advanced-usage.html#tls-warnings
  warnings.warn(</msg>
<msg time="2024-06-08T09:16:24.015426" level="INFO">${response} = &lt;Response [200]&gt;</msg>
<var>${response}</var>
<arg>consultarAPI</arg>
<arg>/api</arg>
<doc>Sends a GET request on a previously created HTTP Session.</doc>
<status status="PASS" start="2024-06-08T09:16:23.712369" elapsed="0.303123"/>
</kw>
<kw name="Should Be Equal As Numbers" owner="BuiltIn">
<msg time="2024-06-08T09:16:24.017158" level="INFO">Argument types are:
&lt;class 'int'&gt;
&lt;class 'str'&gt;</msg>
<arg>${response.status_code}</arg>
<arg>200</arg>
<doc>Fails if objects are unequal after converting them to real numbers.</doc>
<status status="PASS" start="2024-06-08T09:16:24.016282" elapsed="0.000992"/>
</kw>
<kw name="Log" owner="BuiltIn">
<msg time="2024-06-08T09:16:24.018572" level="INFO">200</msg>
<arg>${response.status_code}</arg>
<doc>Logs the given message with the given level.</doc>
<status status="PASS" start="2024-06-08T09:16:24.017856" elapsed="0.000800"/>
</kw>
<kw name="Set Variable" owner="BuiltIn">
<msg time="2024-06-08T09:16:24.020073" level="INFO">${json_data} = {'results': [{'gender': 'female', 'name': {'title': 'Mrs', 'first': 'Kripa', 'last': 'Rai'}, 'location': {'street': {'number': 5969, 'name': 'Dwaraka Nagar'}, 'city': 'Tadipatri', 'state': 'Delhi', 'c...</msg>
<var>${json_data}</var>
<arg>${response.json()}</arg>
<doc>Returns the given values which can then be assigned to a variables.</doc>
<status status="PASS" start="2024-06-08T09:16:24.019202" elapsed="0.000925"/>
</kw>
<kw name="Dictionary Should Contain Key" owner="Collections">
<msg time="2024-06-08T09:16:24.020989" level="INFO">False</msg>
<arg>${json_data}</arg>
<arg>results</arg>
<doc>Fails if ``key`` is not found from ``dictionary``.</doc>
<status status="PASS" start="2024-06-08T09:16:24.020666" elapsed="0.000389"/>
</kw>
<status status="PASS" start="2024-06-08T09:16:23.712115" elapsed="0.309338"/>
</kw>
<doc>Testa se a API responde corretamente e retorna um objeto JSON válido.</doc>
<tag>testeRequisicaoBasica</tag>
<status status="PASS" start="2024-06-08T09:16:23.711552" elapsed="0.310194"/>
</test>
<test id="s1-s1-t3" name="Validar estrutura de resposta" line="22">
<kw name="Teste de Estrutura de Resposta" owner="random-user-service">
<kw name="GET On Session" owner="RequestsLibrary">
<msg time="2024-06-08T09:16:24.114756" level="INFO">GET Request : url=https://randomuser.me/api 
 path_url=/api 
 headers={'User-Agent': 'python-requests/2.32.3', 'Accept-Encoding': 'gzip, deflate', 'Accept': '*/*', 'Connection': 'keep-alive'} 
 body=None 
 </msg>
<msg time="2024-06-08T09:16:24.114906" level="INFO">GET Response : url=https://randomuser.me/api 
 status=200, reason=OK 
 headers={'Date': 'Sat, 08 Jun 2024 09:16:24 GMT', 'Content-Type': 'application/json; charset=utf-8', 'Transfer-Encoding': 'chunked', 'Connection': 'keep-alive', 'X-Powered-By': 'Express', 'Access-Control-Allow-Origin': '*', 'Cache-Control': 'no-cache', 'ETag': 'W/"48c-oU74lkWOP1QNWdx5RKtsEq/X5X8"', 'Vary': 'Accept-Encoding', 'Content-Encoding': 'gzip', 'CF-Cache-Status': 'DYNAMIC', 'Report-To': '{"endpoints":[{"url":"https:\\/\\/a.nel.cloudflare.com\\/report\\/v4?s=RDAs1YM7rPLVGZZ8FQdSAM42Jcqgy0r3McxnTCX4gKJjwN9yq3KWVhCeYlQWrrLxJegTbCfD%2B1563Yfrl%2F0cg%2FZeUu0qWjUzz%2B97FiKvbKsns4yPsegIX170yNoyS7yW"}],"group":"cf-nel","max_age":604800}', 'NEL': '{"success_fraction":0,"report_to":"cf-nel","max_age":604800}', 'Server': 'cloudflare', 'CF-RAY': '8907c86a3f5881a0-IAD', 'alt-svc': 'h3=":443"; ma=86400'} 
 body={"results":[{"gender":"male","name":{"title":"Mr","first":"Nero","last":"Moreira"},"location":{"street":{"number":7293,"name":"Rua Tiradentes "},"city":"Bragança Paulista","state":"Amazonas","country":"Brazil","postcode":76422,"coordinates":{"latitude":"-74.4835","longitude":"-169.1316"},"timezone":{"offset":"+9:30","description":"Adelaide, Darwin"}},"email":"nero.moreira@example.com","login":{"uuid":"baebd22b-9395-4863-b43f-0537bf1b7eb8","username":"brownzebra138","password":"dracula","salt":"KmMuGAmR","md5":"544cd5d0301ace72c1072a2132abe7eb","sha1":"48a0634946b004b6da159ceabab756303d38be8a","sha256":"66b1ffd01115143c975465521a0ffbadf7e26db6bf6161c37ef0deb3ed81298a"},"dob":{"date":"1964-07-30T00:19:37.122Z","age":59},"registered":{"date":"2006-11-11T04:57:00.049Z","age":17},"phone":"(79) 0749-7563","cell":"(88) 4006-3148","id":{"name":"CPF","value":"265.133.285-45"},"picture":{"large":"https://randomuser.me/api/portraits/men/44.jpg","medium":"https://randomuser.me/api/portraits/med/men/44.jpg","thumbnail":"https://randomuser.me/api/portraits/thumb/men/44.jpg"},"nat":"BR"}],"info":{"seed":"c4a4666535eaf733","results":1,"page":1,"version":"1.4"}} 
 </msg>
<msg time="2024-06-08T09:16:24.115095" level="INFO">/opt/hostedtoolcache/Python/3.12.3/x64/lib/python3.12/site-packages/urllib3/connectionpool.py:1103: InsecureRequestWarning: Unverified HTTPS request is being made to host 'randomuser.me'. Adding certificate verification is strongly advised. See: https://urllib3.readthedocs.io/en/latest/advanced-usage.html#tls-warnings
  warnings.warn(</msg>
<msg time="2024-06-08T09:16:24.115273" level="INFO">${response} = &lt;Response [200]&gt;</msg>
<var>${response}</var>
<arg>consultarAPI</arg>
<arg>/api</arg>
<doc>Sends a GET request on a previously created HTTP Session.</doc>
<status status="PASS" start="2024-06-08T09:16:24.026909" elapsed="0.088419"/>
</kw>
<kw name="Set Variable" owner="BuiltIn">
<msg time="2024-06-08T09:16:24.116676" level="INFO">${json_data} = {'results': [{'gender': 'male', 'name': {'title': 'Mr', 'first': 'Nero', 'last': 'Moreira'}, 'location': {'street': {'number': 7293, 'name': 'Rua Tiradentes '}, 'city': 'Bragança Paulista', 'state': '...</msg>
<var>${json_data}</var>
<arg>${response.json()}</arg>
<doc>Returns the given values which can then be assigned to a variables.</doc>
<status status="PASS" start="2024-06-08T09:16:24.116016" elapsed="0.000692"/>
</kw>
<kw name="Log" owner="BuiltIn">
<msg time="2024-06-08T09:16:24.117372" level="INFO">{'results': [{'gender': 'male', 'name': {'title': 'Mr', 'first': 'Nero', 'last': 'Moreira'}, 'location': {'street': {'number': 7293, 'name': 'Rua Tiradentes '}, 'city': 'Bragança Paulista', 'state': 'Amazonas', 'country': 'Brazil', 'postcode': 76422, 'coordinates': {'latitude': '-74.4835', 'longitude': '-169.1316'}, 'timezone': {'offset': '+9:30', 'description': 'Adelaide, Darwin'}}, 'email': 'nero.moreira@example.com', 'login': {'uuid': 'baebd22b-9395-4863-b43f-0537bf1b7eb8', 'username': 'brownzebra138', 'password': 'dracula', 'salt': 'KmMuGAmR', 'md5': '544cd5d0301ace72c1072a2132abe7eb', 'sha1': '48a0634946b004b6da159ceabab756303d38be8a', 'sha256': '66b1ffd01115143c975465521a0ffbadf7e26db6bf6161c37ef0deb3ed81298a'}, 'dob': {'date': '1964-07-30T00:19:37.122Z', 'age': 59}, 'registered': {'date': '2006-11-11T04:57:00.049Z', 'age': 17}, 'phone': '(79) 0749-7563', 'cell': '(88) 4006-3148', 'id': {'name': 'CPF', 'value': '265.133.285-45'}, 'picture': {'large': 'https://randomuser.me/api/portraits/men/44.jpg', 'medium': 'https://randomuser.me/api/portraits/med/men/44.jpg', 'thumbnail': 'https://randomuser.me/api/portraits/thumb/men/44.jpg'}, 'nat': 'BR'}], 'info': {'seed': 'c4a4666535eaf733', 'results': 1, 'page': 1, 'version': '1.4'}}</msg>
<arg>${json_data}</arg>
<doc>Logs the given message with the given level.</doc>
<status status="PASS" start="2024-06-08T09:16:24.117162" elapsed="0.000281"/>
</kw>
<kw name="Dictionary Should Contain Key" owner="Collections">
<msg time="2024-06-08T09:16:24.118001" level="INFO">False</msg>
<arg>${json_data}</arg>
<arg>results</arg>
<doc>Fails if ``key`` is not found from ``dictionary``.</doc>
<status status="PASS" start="2024-06-08T09:16:24.117803" elapsed="0.000242"/>
</kw>
<kw name="Should Not Be Empty" owner="BuiltIn">
<msg time="2024-06-08T09:16:24.118558" level="INFO">Length is 2.</msg>
<arg>${json_data}</arg>
<doc>Verifies that the given item is not empty.</doc>
<status status="PASS" start="2024-06-08T09:16:24.118395" elapsed="0.000208"/>
</kw>
<kw name="Create List" owner="BuiltIn">
<msg time="2024-06-08T09:16:24.119363" level="INFO">${expected_keys} = ['gender', 'name', 'location', 'email', 'login']</msg>
<var>${expected_keys}</var>
<arg>gender</arg>
<arg>name</arg>
<arg>location</arg>
<arg>email</arg>
<arg>login</arg>
<doc>Returns a list containing given items.</doc>
<status status="PASS" start="2024-06-08T09:16:24.118953" elapsed="0.000437"/>
</kw>
<for flavor="IN">
<iter>
<kw name="Dictionary Should Contain Key" owner="Collections">
<msg time="2024-06-08T09:16:24.120554" level="INFO">False</msg>
<arg>${json_data['results'][0]}</arg>
<arg>${key}</arg>
<doc>Fails if ``key`` is not found from ``dictionary``.</doc>
<status status="PASS" start="2024-06-08T09:16:24.120089" elapsed="0.000506"/>
</kw>
<kw name="Log" owner="BuiltIn">
<msg time="2024-06-08T09:16:24.121352" level="INFO">{'gender': 'male', 'name': {'title': 'Mr', 'first': 'Nero', 'last': 'Moreira'}, 'location': {'street': {'number': 7293, 'name': 'Rua Tiradentes '}, 'city': 'Bragança Paulista', 'state': 'Amazonas', 'country': 'Brazil', 'postcode': 76422, 'coordinates': {'latitude': '-74.4835', 'longitude': '-169.1316'}, 'timezone': {'offset': '+9:30', 'description': 'Adelaide, Darwin'}}, 'email': 'nero.moreira@example.com', 'login': {'uuid': 'baebd22b-9395-4863-b43f-0537bf1b7eb8', 'username': 'brownzebra138', 'password': 'dracula', 'salt': 'KmMuGAmR', 'md5': '544cd5d0301ace72c1072a2132abe7eb', 'sha1': '48a0634946b004b6da159ceabab756303d38be8a', 'sha256': '66b1ffd01115143c975465521a0ffbadf7e26db6bf6161c37ef0deb3ed81298a'}, 'dob': {'date': '1964-07-30T00:19:37.122Z', 'age': 59}, 'registered': {'date': '2006-11-11T04:57:00.049Z', 'age': 17}, 'phone': '(79) 0749-7563', 'cell': '(88) 4006-3148', 'id': {'name': 'CPF', 'value': '265.133.285-45'}, 'picture': {'large': 'https://randomuser.me/api/portraits/men/44.jpg', 'medium': 'https://randomuser.me/api/portraits/med/men/44.jpg', 'thumbnail': 'https://randomuser.me/api/portraits/thumb/men/44.jpg'}, 'nat': 'BR'}</msg>
<arg>${json_data['results'][0]}</arg>
<doc>Logs the given message with the given level.</doc>
<status status="PASS" start="2024-06-08T09:16:24.120950" elapsed="0.000456"/>
</kw>
<kw name="Log" owner="BuiltIn">
<msg time="2024-06-08T09:16:24.121856" level="INFO">gender</msg>
<arg>${key}</arg>
<doc>Logs the given message with the given level.</doc>
<status status="PASS" start="2024-06-08T09:16:24.121717" elapsed="0.000179"/>
</kw>
<var name="${key}">gender</var>
<status status="PASS" start="2024-06-08T09:16:24.119945" elapsed="0.002179"/>
</iter>
<iter>
<kw name="Dictionary Should Contain Key" owner="Collections">
<msg time="2024-06-08T09:16:24.122894" level="INFO">False</msg>
<arg>${json_data['results'][0]}</arg>
<arg>${key}</arg>
<doc>Fails if ``key`` is not found from ``dictionary``.</doc>
<status status="PASS" start="2024-06-08T09:16:24.122460" elapsed="0.000474"/>
</kw>
<kw name="Log" owner="BuiltIn">
<msg time="2024-06-08T09:16:24.123660" level="INFO">{'gender': 'male', 'name': {'title': 'Mr', 'first': 'Nero', 'last': 'Moreira'}, 'location': {'street': {'number': 7293, 'name': 'Rua Tiradentes '}, 'city': 'Bragança Paulista', 'state': 'Amazonas', 'country': 'Brazil', 'postcode': 76422, 'coordinates': {'latitude': '-74.4835', 'longitude': '-169.1316'}, 'timezone': {'offset': '+9:30', 'description': 'Adelaide, Darwin'}}, 'email': 'nero.moreira@example.com', 'login': {'uuid': 'baebd22b-9395-4863-b43f-0537bf1b7eb8', 'username': 'brownzebra138', 'password': 'dracula', 'salt': 'KmMuGAmR', 'md5': '544cd5d0301ace72c1072a2132abe7eb', 'sha1': '48a0634946b004b6da159ceabab756303d38be8a', 'sha256': '66b1ffd01115143c975465521a0ffbadf7e26db6bf6161c37ef0deb3ed81298a'}, 'dob': {'date': '1964-07-30T00:19:37.122Z', 'age': 59}, 'registered': {'date': '2006-11-11T04:57:00.049Z', 'age': 17}, 'phone': '(79) 0749-7563', 'cell': '(88) 4006-3148', 'id': {'name': 'CPF', 'value': '265.133.285-45'}, 'picture': {'large': 'https://randomuser.me/api/portraits/men/44.jpg', 'medium': 'https://randomuser.me/api/portraits/med/men/44.jpg', 'thumbnail': 'https://randomuser.me/api/portraits/thumb/men/44.jpg'}, 'nat': 'BR'}</msg>
<arg>${json_data['results'][0]}</arg>
<doc>Logs the given message with the given level.</doc>
<status status="PASS" start="2024-06-08T09:16:24.123279" elapsed="0.000435"/>
</kw>
<kw name="Log" owner="BuiltIn">
<msg time="2024-06-08T09:16:24.124156" level="INFO">name</msg>
<arg>${key}</arg>
<doc>Logs the given message with the given level.</doc>
<status status="PASS" start="2024-06-08T09:16:24.124023" elapsed="0.000173"/>
</kw>
<var name="${key}">name</var>
<status status="PASS" start="2024-06-08T09:16:24.122336" elapsed="0.002088"/>
</iter>
<iter>
<kw name="Dictionary Should Contain Key" owner="Collections">
<msg time="2024-06-08T09:16:24.125218" level="INFO">False</msg>
<arg>${json_data['results'][0]}</arg>
<arg>${key}</arg>
<doc>Fails if ``key`` is not found from ``dictionary``.</doc>
<status status="PASS" start="2024-06-08T09:16:24.124738" elapsed="0.000518"/>
</kw>
<kw name="Log" owner="BuiltIn">
<msg time="2024-06-08T09:16:24.125946" level="INFO">{'gender': 'male', 'name': {'title': 'Mr', 'first': 'Nero', 'last': 'Moreira'}, 'location': {'street': {'number': 7293, 'name': 'Rua Tiradentes '}, 'city': 'Bragança Paulista', 'state': 'Amazonas', 'country': 'Brazil', 'postcode': 76422, 'coordinates': {'latitude': '-74.4835', 'longitude': '-169.1316'}, 'timezone': {'offset': '+9:30', 'description': 'Adelaide, Darwin'}}, 'email': 'nero.moreira@example.com', 'login': {'uuid': 'baebd22b-9395-4863-b43f-0537bf1b7eb8', 'username': 'brownzebra138', 'password': 'dracula', 'salt': 'KmMuGAmR', 'md5': '544cd5d0301ace72c1072a2132abe7eb', 'sha1': '48a0634946b004b6da159ceabab756303d38be8a', 'sha256': '66b1ffd01115143c975465521a0ffbadf7e26db6bf6161c37ef0deb3ed81298a'}, 'dob': {'date': '1964-07-30T00:19:37.122Z', 'age': 59}, 'registered': {'date': '2006-11-11T04:57:00.049Z', 'age': 17}, 'phone': '(79) 0749-7563', 'cell': '(88) 4006-3148', 'id': {'name': 'CPF', 'value': '265.133.285-45'}, 'picture': {'large': 'https://randomuser.me/api/portraits/men/44.jpg', 'medium': 'https://randomuser.me/api/portraits/med/men/44.jpg', 'thumbnail': 'https://randomuser.me/api/portraits/thumb/men/44.jpg'}, 'nat': 'BR'}</msg>
<arg>${json_data['results'][0]}</arg>
<doc>Logs the given message with the given level.</doc>
<status status="PASS" start="2024-06-08T09:16:24.125564" elapsed="0.000434"/>
</kw>
<kw name="Log" owner="BuiltIn">
<msg time="2024-06-08T09:16:24.126447" level="INFO">location</msg>
<arg>${key}</arg>
<doc>Logs the given message with the given level.</doc>
<status status="PASS" start="2024-06-08T09:16:24.126317" elapsed="0.000168"/>
</kw>
<var name="${key}">location</var>
<status status="PASS" start="2024-06-08T09:16:24.124616" elapsed="0.002096"/>
</iter>
<iter>
<kw name="Dictionary Should Contain Key" owner="Collections">
<msg time="2024-06-08T09:16:24.127430" level="INFO">False</msg>
<arg>${json_data['results'][0]}</arg>
<arg>${key}</arg>
<doc>Fails if ``key`` is not found from ``dictionary``.</doc>
<status status="PASS" start="2024-06-08T09:16:24.127020" elapsed="0.000447"/>
</kw>
<kw name="Log" owner="BuiltIn">
<msg time="2024-06-08T09:16:24.128158" level="INFO">{'gender': 'male', 'name': {'title': 'Mr', 'first': 'Nero', 'last': 'Moreira'}, 'location': {'street': {'number': 7293, 'name': 'Rua Tiradentes '}, 'city': 'Bragança Paulista', 'state': 'Amazonas', 'country': 'Brazil', 'postcode': 76422, 'coordinates': {'latitude': '-74.4835', 'longitude': '-169.1316'}, 'timezone': {'offset': '+9:30', 'description': 'Adelaide, Darwin'}}, 'email': 'nero.moreira@example.com', 'login': {'uuid': 'baebd22b-9395-4863-b43f-0537bf1b7eb8', 'username': 'brownzebra138', 'password': 'dracula', 'salt': 'KmMuGAmR', 'md5': '544cd5d0301ace72c1072a2132abe7eb', 'sha1': '48a0634946b004b6da159ceabab756303d38be8a', 'sha256': '66b1ffd01115143c975465521a0ffbadf7e26db6bf6161c37ef0deb3ed81298a'}, 'dob': {'date': '1964-07-30T00:19:37.122Z', 'age': 59}, 'registered': {'date': '2006-11-11T04:57:00.049Z', 'age': 17}, 'phone': '(79) 0749-7563', 'cell': '(88) 4006-3148', 'id': {'name': 'CPF', 'value': '265.133.285-45'}, 'picture': {'large': 'https://randomuser.me/api/portraits/men/44.jpg', 'medium': 'https://randomuser.me/api/portraits/med/men/44.jpg', 'thumbnail': 'https://randomuser.me/api/portraits/thumb/men/44.jpg'}, 'nat': 'BR'}</msg>
<arg>${json_data['results'][0]}</arg>
<doc>Logs the given message with the given level.</doc>
<status status="PASS" start="2024-06-08T09:16:24.127771" elapsed="0.000442"/>
</kw>
<kw name="Log" owner="BuiltIn">
<msg time="2024-06-08T09:16:24.128657" level="INFO">email</msg>
<arg>${key}</arg>
<doc>Logs the given message with the given level.</doc>
<status status="PASS" start="2024-06-08T09:16:24.128525" elapsed="0.000171"/>
</kw>
<var name="${key}">email</var>
<status status="PASS" start="2024-06-08T09:16:24.126896" elapsed="0.002059"/>
</iter>
<iter>
<kw name="Dictionary Should Contain Key" owner="Collections">
<msg time="2024-06-08T09:16:24.129692" level="INFO">False</msg>
<arg>${json_data['results'][0]}</arg>
<arg>${key}</arg>
<doc>Fails if ``key`` is not found from ``dictionary``.</doc>
<status status="PASS" start="2024-06-08T09:16:24.129253" elapsed="0.000479"/>
</kw>
<kw name="Log" owner="BuiltIn">
<msg time="2024-06-08T09:16:24.130439" level="INFO">{'gender': 'male', 'name': {'title': 'Mr', 'first': 'Nero', 'last': 'Moreira'}, 'location': {'street': {'number': 7293, 'name': 'Rua Tiradentes '}, 'city': 'Bragança Paulista', 'state': 'Amazonas', 'country': 'Brazil', 'postcode': 76422, 'coordinates': {'latitude': '-74.4835', 'longitude': '-169.1316'}, 'timezone': {'offset': '+9:30', 'description': 'Adelaide, Darwin'}}, 'email': 'nero.moreira@example.com', 'login': {'uuid': 'baebd22b-9395-4863-b43f-0537bf1b7eb8', 'username': 'brownzebra138', 'password': 'dracula', 'salt': 'KmMuGAmR', 'md5': '544cd5d0301ace72c1072a2132abe7eb', 'sha1': '48a0634946b004b6da159ceabab756303d38be8a', 'sha256': '66b1ffd01115143c975465521a0ffbadf7e26db6bf6161c37ef0deb3ed81298a'}, 'dob': {'date': '1964-07-30T00:19:37.122Z', 'age': 59}, 'registered': {'date': '2006-11-11T04:57:00.049Z', 'age': 17}, 'phone': '(79) 0749-7563', 'cell': '(88) 4006-3148', 'id': {'name': 'CPF', 'value': '265.133.285-45'}, 'picture': {'large': 'https://randomuser.me/api/portraits/men/44.jpg', 'medium': 'https://randomuser.me/api/portraits/med/men/44.jpg', 'thumbnail': 'https://randomuser.me/api/portraits/thumb/men/44.jpg'}, 'nat': 'BR'}</msg>
<arg>${json_data['results'][0]}</arg>
<doc>Logs the given message with the given level.</doc>
<status status="PASS" start="2024-06-08T09:16:24.130034" elapsed="0.000460"/>
</kw>
<kw name="Log" owner="BuiltIn">
<msg time="2024-06-08T09:16:24.130933" level="INFO">login</msg>
<arg>${key}</arg>
<doc>Logs the given message with the given level.</doc>
<status status="PASS" start="2024-06-08T09:16:24.130804" elapsed="0.000168"/>
</kw>
<var name="${key}">login</var>
<status status="PASS" start="2024-06-08T09:16:24.129138" elapsed="0.002090"/>
</iter>
<var>${key}</var>
<value>@{expected_keys}</value>
<status status="PASS" start="2024-06-08T09:16:24.119698" elapsed="0.011664"/>
</for>
<kw name="Create List" owner="BuiltIn">
<msg time="2024-06-08T09:16:24.131735" level="INFO">${expected_keysTwo} = ['username', 'password']</msg>
<var>${expected_keysTwo}</var>
<arg>username</arg>
<arg>password</arg>
<doc>Returns a list containing given items.</doc>
<status status="PASS" start="2024-06-08T09:16:24.131590" elapsed="0.000170"/>
</kw>
<for flavor="IN">
<iter>
<kw name="Dictionary Should Contain Key" owner="Collections">
<msg time="2024-06-08T09:16:24.132732" level="INFO">False</msg>
<arg>${json_data['results'][0]['login']}</arg>
<arg>${keyTwo}</arg>
<doc>Fails if ``key`` is not found from ``dictionary``.</doc>
<status status="PASS" start="2024-06-08T09:16:24.132304" elapsed="0.000500"/>
</kw>
<kw name="Dictionary Should Contain Key" owner="Collections">
<msg time="2024-06-08T09:16:24.133562" level="INFO">False</msg>
<arg>${json_data['results'][0]['login']}</arg>
<arg>${keyTwo}</arg>
<doc>Fails if ``key`` is not found from ``dictionary``.</doc>
<status status="PASS" start="2024-06-08T09:16:24.133129" elapsed="0.000472"/>
</kw>
<kw name="Log" owner="BuiltIn">
<msg time="2024-06-08T09:16:24.134047" level="INFO">username</msg>
<arg>${keyTwo}</arg>
<doc>Logs the given message with the given level.</doc>
<status status="PASS" start="2024-06-08T09:16:24.133915" elapsed="0.000171"/>
</kw>
<var name="${keyTwo}">username</var>
<status status="PASS" start="2024-06-08T09:16:24.132187" elapsed="0.002126"/>
</iter>
<iter>
<kw name="Dictionary Should Contain Key" owner="Collections">
<msg time="2024-06-08T09:16:24.135027" level="INFO">False</msg>
<arg>${json_data['results'][0]['login']}</arg>
<arg>${keyTwo}</arg>
<doc>Fails if ``key`` is not found from ``dictionary``.</doc>
<status status="PASS" start="2024-06-08T09:16:24.134614" elapsed="0.000452"/>
</kw>
<kw name="Dictionary Should Contain Key" owner="Collections">
<msg time="2024-06-08T09:16:24.135898" level="INFO">False</msg>
<arg>${json_data['results'][0]['login']}</arg>
<arg>${keyTwo}</arg>
<doc>Fails if ``key`` is not found from ``dictionary``.</doc>
<status status="PASS" start="2024-06-08T09:16:24.135375" elapsed="0.000564"/>
</kw>
<kw name="Log" owner="BuiltIn">
<msg time="2024-06-08T09:16:24.136386" level="INFO">password</msg>
<arg>${keyTwo}</arg>
<doc>Logs the given message with the given level.</doc>
<status status="PASS" start="2024-06-08T09:16:24.136254" elapsed="0.000171"/>
</kw>
<var name="${keyTwo}">password</var>
<status status="PASS" start="2024-06-08T09:16:24.134493" elapsed="0.002159"/>
</iter>
<var>${keyTwo}</var>
<value>@{expected_keysTwo}</value>
<status status="PASS" start="2024-06-08T09:16:24.132018" elapsed="0.004798"/>
</for>
<status status="PASS" start="2024-06-08T09:16:24.026513" elapsed="0.110477"/>
</kw>
<doc>Testa a estrutura da resposta da API.</doc>
<tag>testeEstruturaResposta</tag>
<status status="PASS" start="2024-06-08T09:16:24.025678" elapsed="0.111514"/>
</test>
<test id="s1-s1-t4" name="Validar tipos de dados" line="28">
<kw name="Teste de Tipos de Dados" owner="random-user-service">
<kw name="GET On Session" owner="RequestsLibrary">
<msg time="2024-06-08T09:16:24.209185" level="INFO">GET Request : url=https://randomuser.me/api 
 path_url=/api 
 headers={'User-Agent': 'python-requests/2.32.3', 'Accept-Encoding': 'gzip, deflate', 'Accept': '*/*', 'Connection': 'keep-alive'} 
 body=None 
 </msg>
<msg time="2024-06-08T09:16:24.209289" level="INFO">GET Response : url=https://randomuser.me/api 
 status=200, reason=OK 
 headers={'Date': 'Sat, 08 Jun 2024 09:16:24 GMT', 'Content-Type': 'application/json; charset=utf-8', 'Transfer-Encoding': 'chunked', 'Connection': 'keep-alive', 'X-Powered-By': 'Express', 'Access-Control-Allow-Origin': '*', 'Cache-Control': 'no-cache', 'ETag': 'W/"4ab-KThj2V9KllNUjLL2YpfR/JdL4cM"', 'Vary': 'Accept-Encoding', 'Content-Encoding': 'gzip', 'CF-Cache-Status': 'DYNAMIC', 'Report-To': '{"endpoints":[{"url":"https:\\/\\/a.nel.cloudflare.com\\/report\\/v4?s=SOrjCxW5%2BfS9Ecv3qBB1SbM4%2FrTMvdb6xEMp%2FaCuba%2B4AEZFnyVx9KcxgXLGzIEYPkE8SmE5nl7E1M2Z5SD2YnDeLm56EGM5srlhg2YssdzD4xbdTd7ddVf1%2FwjS1%2Flx"}],"group":"cf-nel","max_age":604800}', 'NEL': '{"success_fraction":0,"report_to":"cf-nel","max_age":604800}', 'Server': 'cloudflare', 'CF-RAY': '8907c86aefc681a0-IAD', 'alt-svc': 'h3=":443"; ma=86400'} 
 body={"results":[{"gender":"female","name":{"title":"Mademoiselle","first":"Adelina","last":"Roche"},"location":{"street":{"number":1012,"name":"Avenue du Fort-Caire"},"city":"Breitenbach","state":"Basel-Stadt","country":"Switzerland","postcode":6562,"coordinates":{"latitude":"-62.4592","longitude":"23.5475"},"timezone":{"offset":"-8:00","description":"Pacific Time (US &amp; Canada)"}},"email":"adelina.roche@example.com","login":{"uuid":"0eb21112-e643-4a74-a8c2-e1e2c791afc2","username":"blacktiger165","password":"sandy","salt":"yqnNDskI","md5":"181524c63c6005553f389d207be04638","sha1":"5ee5256ff6c0df88600032821a64ca2d8cc8a0bb","sha256":"c93985c5e6efb20696da0185f1fb2a223061869f1d4d0accd555d9bdf79b7203"},"dob":{"date":"1996-05-15T04:20:51.631Z","age":28},"registered":{"date":"2005-09-16T23:25:52.509Z","age":18},"phone":"075 698 13 91","cell":"075 825 46 68","id":{"name":"AVS","value":"756.6514.1100.46"},"picture":{"large":"https://randomuser.me/api/portraits/women/74.jpg","medium":"https://randomuser.me/api/portraits/med/women/74.jpg","thumbnail":"https://randomuser.me/api/portraits/thumb/women/74.jpg"},"nat":"CH"}],"info":{"seed":"20bf872def982591","results":1,"page":1,"version":"1.4"}} 
 </msg>
<msg time="2024-06-08T09:16:24.209368" level="INFO">/opt/hostedtoolcache/Python/3.12.3/x64/lib/python3.12/site-packages/urllib3/connectionpool.py:1103: InsecureRequestWarning: Unverified HTTPS request is being made to host 'randomuser.me'. Adding certificate verification is strongly advised. See: https://urllib3.readthedocs.io/en/latest/advanced-usage.html#tls-warnings
  warnings.warn(</msg>
<msg time="2024-06-08T09:16:24.209501" level="INFO">${response} = &lt;Response [200]&gt;</msg>
<var>${response}</var>
<arg>consultarAPI</arg>
<arg>/api</arg>
<doc>Sends a GET request on a previously created HTTP Session.</doc>
<status status="PASS" start="2024-06-08T09:16:24.140720" elapsed="0.068825"/>
</kw>
<kw name="Set Variable" owner="BuiltIn">
<msg time="2024-06-08T09:16:24.210620" level="INFO">${json_data} = {'results': [{'gender': 'female', 'name': {'title': 'Mademoiselle', 'first': 'Adelina', 'last': 'Roche'}, 'location': {'street': {'number': 1012, 'name': 'Avenue du Fort-Caire'}, 'city': 'Breitenbach'...</msg>
<var>${json_data}</var>
<arg>${response.json()}</arg>
<doc>Returns the given values which can then be assigned to a variables.</doc>
<status status="PASS" start="2024-06-08T09:16:24.210048" elapsed="0.000605"/>
</kw>
<kw name="Log" owner="BuiltIn">
<msg time="2024-06-08T09:16:24.211209" level="INFO">{'results': [{'gender': 'female', 'name': {'title': 'Mademoiselle', 'first': 'Adelina', 'last': 'Roche'}, 'location': {'street': {'number': 1012, 'name': 'Avenue du Fort-Caire'}, 'city': 'Breitenbach', 'state': 'Basel-Stadt', 'country': 'Switzerland', 'postcode': 6562, 'coordinates': {'latitude': '-62.4592', 'longitude': '23.5475'}, 'timezone': {'offset': '-8:00', 'description': 'Pacific Time (US &amp; Canada)'}}, 'email': 'adelina.roche@example.com', 'login': {'uuid': '0eb21112-e643-4a74-a8c2-e1e2c791afc2', 'username': 'blacktiger165', 'password': 'sandy', 'salt': 'yqnNDskI', 'md5': '181524c63c6005553f389d207be04638', 'sha1': '5ee5256ff6c0df88600032821a64ca2d8cc8a0bb', 'sha256': 'c93985c5e6efb20696da0185f1fb2a223061869f1d4d0accd555d9bdf79b7203'}, 'dob': {'date': '1996-05-15T04:20:51.631Z', 'age': 28}, 'registered': {'date': '2005-09-16T23:25:52.509Z', 'age': 18}, 'phone': '075 698 13 91', 'cell': '075 825 46 68', 'id': {'name': 'AVS', 'value': '756.6514.1100.46'}, 'picture': {'large': 'https://randomuser.me/api/portraits/women/74.jpg', 'medium': 'https://randomuser.me/api/portraits/med/women/74.jpg', 'thumbnail': 'https://randomuser.me/api/portraits/thumb/women/74.jpg'}, 'nat': 'CH'}], 'info': {'seed': '20bf872def982591', 'results': 1, 'page': 1, 'version': '1.4'}}</msg>
<arg>${json_data}</arg>
<doc>Logs the given message with the given level.</doc>
<status status="PASS" start="2024-06-08T09:16:24.211019" elapsed="0.000292"/>
</kw>
<kw name="Should Be String" owner="String">
<arg>${json_data['results'][0]['gender']}</arg>
<doc>Fails if the given ``item`` is not a string.</doc>
<status status="PASS" start="2024-06-08T09:16:24.211651" elapsed="0.000424"/>
</kw>
<kw name="Should Match Regexp" owner="BuiltIn">
<arg>${json_data['results'][0]['email']}</arg>
<arg>^[a-zA-Z0-9._%+-]+@[a-zA-Z0-9.-]+\.[a-zA-Z]{2,}$</arg>
<doc>Fails if ``string`` does not match ``pattern`` as a regular expression.</doc>
<status status="PASS" start="2024-06-08T09:16:24.212292" elapsed="0.000654"/>
</kw>
<kw name="Should Match Regexp" owner="BuiltIn">
<arg>${json_data['results'][0]['dob']['date']}</arg>
<arg>\\d{4}-\\d{2}-\\d{2}T\\d{2}:\\d{2}:\\d{2}\\.\\d{3}Z</arg>
<doc>Fails if ``string`` does not match ``pattern`` as a regular expression.</doc>
<status status="PASS" start="2024-06-08T09:16:24.213172" elapsed="0.000555"/>
</kw>
<kw name="Should Match Regexp" owner="BuiltIn">
<arg>${json_data['results'][0]['registered']['date']}</arg>
<arg>\\d{4}-\\d{2}-\\d{2}T\\d{2}:\\d{2}:\\d{2}\\.\\d{3}Z</arg>
<doc>Fails if ``string`` does not match ``pattern`` as a regular expression.</doc>
<status status="PASS" start="2024-06-08T09:16:24.213944" elapsed="0.000414"/>
</kw>
<kw name="Should Match Regexp" owner="BuiltIn">
<arg>${json_data['results'][0]['picture']['large']}</arg>
<arg>^https?://.*\.(?:png|jpe?g|gif|bmp)$</arg>
<doc>Fails if ``string`` does not match ``pattern`` as a regular expression.</doc>
<status status="PASS" start="2024-06-08T09:16:24.214572" elapsed="0.000523"/>
</kw>
<kw name="Should Match Regexp" owner="BuiltIn">
<arg>${json_data['results'][0]['picture']['medium']}</arg>
<arg>^https?://.*\.(?:png|jpe?g|gif|bmp)$</arg>
<doc>Fails if ``string`` does not match ``pattern`` as a regular expression.</doc>
<status status="PASS" start="2024-06-08T09:16:24.215308" elapsed="0.000387"/>
</kw>
<kw name="Should Match Regexp" owner="BuiltIn">
<arg>${json_data['results'][0]['picture']['thumbnail']}</arg>
<arg>^https?://.*\.(?:png|jpe?g|gif|bmp)$</arg>
<doc>Fails if ``string`` does not match ``pattern`` as a regular expression.</doc>
<status status="PASS" start="2024-06-08T09:16:24.215904" elapsed="0.000389"/>
</kw>
<kw name="Log" owner="BuiltIn">
<msg time="2024-06-08T09:16:24.216906" level="INFO">{'large': 'https://randomuser.me/api/portraits/women/74.jpg', 'medium': 'https://randomuser.me/api/portraits/med/women/74.jpg', 'thumbnail': 'https://randomuser.me/api/portraits/thumb/women/74.jpg'}</msg>
<arg>${json_data['results'][0]['picture']}</arg>
<doc>Logs the given message with the given level.</doc>
<status status="PASS" start="2024-06-08T09:16:24.216510" elapsed="0.000444"/>
</kw>
<status status="PASS" start="2024-06-08T09:16:24.140391" elapsed="0.076858"/>
</kw>
<kw name="Teste de Tipos de Dados - Postcode" owner="random-user-service">
<kw name="GET On Session" owner="RequestsLibrary">
<msg time="2024-06-08T09:16:24.311168" level="INFO">GET Request : url=https://randomuser.me/api 
 path_url=/api 
 headers={'User-Agent': 'python-requests/2.32.3', 'Accept-Encoding': 'gzip, deflate', 'Accept': '*/*', 'Connection': 'keep-alive'} 
 body=None 
 </msg>
<msg time="2024-06-08T09:16:24.311274" level="INFO">GET Response : url=https://randomuser.me/api 
 status=200, reason=OK 
 headers={'Date': 'Sat, 08 Jun 2024 09:16:24 GMT', 'Content-Type': 'application/json; charset=utf-8', 'Transfer-Encoding': 'chunked', 'Connection': 'keep-alive', 'X-Powered-By': 'Express', 'Access-Control-Allow-Origin': '*', 'Cache-Control': 'no-cache', 'ETag': 'W/"47a-NGdl5BnA+0vkLDTHcBMxH0RE3dY"', 'Vary': 'Accept-Encoding', 'Content-Encoding': 'gzip', 'CF-Cache-Status': 'DYNAMIC', 'Report-To': '{"endpoints":[{"url":"https:\\/\\/a.nel.cloudflare.com\\/report\\/v4?s=BaaYpIDx9cbIVdWA7X8G50kJewDbE%2FxMPh9woRe93NFSXzvUU7Nk%2Be7xi30Rgj06yt9fLJjgr7vu1ZVmWE2lH4JiYXWJa1Fc452ij7JbmQ90KBCZLvgAmAPnAQUCsSXn"}],"group":"cf-nel","max_age":604800}', 'NEL': '{"success_fraction":0,"report_to":"cf-nel","max_age":604800}', 'Server': 'cloudflare', 'CF-RAY': '8907c86b680281a0-IAD', 'alt-svc': 'h3=":443"; ma=86400'} 
 body={"results":[{"gender":"male","name":{"title":"Mr","first":"Ali","last":"Çetiner"},"location":{"street":{"number":7201,"name":"Maçka Cd"},"city":"Tokat","state":"Karaman","country":"Turkey","postcode":15074,"coordinates":{"latitude":"66.1778","longitude":"-130.4232"},"timezone":{"offset":"+1:00","description":"Brussels, Copenhagen, Madrid, Paris"}},"email":"ali.cetiner@example.com","login":{"uuid":"0e7bbbd0-ea53-47f5-9dc6-2e6a52f8ca89","username":"silvergoose248","password":"spooky","salt":"3NtlD8u1","md5":"c03a23366bddb2ac19a8d1768e39e5ab","sha1":"52041b81c21209e0a2fe9e348c486ca500735474","sha256":"cb3c13b6ad3571d5a12a8f959a355819f6061d9143ee79c595087658d0d22790"},"dob":{"date":"1997-08-02T00:00:45.483Z","age":26},"registered":{"date":"2010-09-28T20:50:36.482Z","age":13},"phone":"(319)-586-5667","cell":"(987)-932-6564","id":{"name":"","value":null},"picture":{"large":"https://randomuser.me/api/portraits/men/67.jpg","medium":"https://randomuser.me/api/portraits/med/men/67.jpg","thumbnail":"https://randomuser.me/api/portraits/thumb/men/67.jpg"},"nat":"TR"}],"info":{"seed":"d0474d9b3cb7115a","results":1,"page":1,"version":"1.4"}} 
 </msg>
<msg time="2024-06-08T09:16:24.311367" level="INFO">/opt/hostedtoolcache/Python/3.12.3/x64/lib/python3.12/site-packages/urllib3/connectionpool.py:1103: InsecureRequestWarning: Unverified HTTPS request is being made to host 'randomuser.me'. Adding certificate verification is strongly advised. See: https://urllib3.readthedocs.io/en/latest/advanced-usage.html#tls-warnings
  warnings.warn(</msg>
<msg time="2024-06-08T09:16:24.311533" level="INFO">${response} = &lt;Response [200]&gt;</msg>
<var>${response}</var>
<arg>consultarAPI</arg>
<arg>/api</arg>
<doc>Sends a GET request on a previously created HTTP Session.</doc>
<status status="PASS" start="2024-06-08T09:16:24.217777" elapsed="0.093806"/>
</kw>
<kw name="Set Variable" owner="BuiltIn">
<msg time="2024-06-08T09:16:24.312829" level="INFO">${json_data} = {'results': [{'gender': 'male', 'name': {'title': 'Mr', 'first': 'Ali', 'last': 'Çetiner'}, 'location': {'street': {'number': 7201, 'name': 'Maçka Cd'}, 'city': 'Tokat', 'state': 'Karaman', 'country':...</msg>
<var>${json_data}</var>
<arg>${response.json()}</arg>
<doc>Returns the given values which can then be assigned to a variables.</doc>
<status status="PASS" start="2024-06-08T09:16:24.312093" elapsed="0.000782"/>
</kw>
<kw name="Log" owner="BuiltIn">
<msg time="2024-06-08T09:16:24.313533" level="INFO">{'results': [{'gender': 'male', 'name': {'title': 'Mr', 'first': 'Ali', 'last': 'Çetiner'}, 'location': {'street': {'number': 7201, 'name': 'Maçka Cd'}, 'city': 'Tokat', 'state': 'Karaman', 'country': 'Turkey', 'postcode': 15074, 'coordinates': {'latitude': '66.1778', 'longitude': '-130.4232'}, 'timezone': {'offset': '+1:00', 'description': 'Brussels, Copenhagen, Madrid, Paris'}}, 'email': 'ali.cetiner@example.com', 'login': {'uuid': '0e7bbbd0-ea53-47f5-9dc6-2e6a52f8ca89', 'username': 'silvergoose248', 'password': 'spooky', 'salt': '3NtlD8u1', 'md5': 'c03a23366bddb2ac19a8d1768e39e5ab', 'sha1': '52041b81c21209e0a2fe9e348c486ca500735474', 'sha256': 'cb3c13b6ad3571d5a12a8f959a355819f6061d9143ee79c595087658d0d22790'}, 'dob': {'date': '1997-08-02T00:00:45.483Z', 'age': 26}, 'registered': {'date': '2010-09-28T20:50:36.482Z', 'age': 13}, 'phone': '(319)-586-5667', 'cell': '(987)-932-6564', 'id': {'name': '', 'value': None}, 'picture': {'large': 'https://randomuser.me/api/portraits/men/67.jpg', 'medium': 'https://randomuser.me/api/portraits/med/men/67.jpg', 'thumbnail': 'https://randomuser.me/api/portraits/thumb/men/67.jpg'}, 'nat': 'TR'}], 'info': {'seed': 'd0474d9b3cb7115a', 'results': 1, 'page': 1, 'version': '1.4'}}</msg>
<arg>${json_data}</arg>
<doc>Logs the given message with the given level.</doc>
<status status="PASS" start="2024-06-08T09:16:24.313310" elapsed="0.000335"/>
</kw>
<kw name="Should Be Equal As Numbers" owner="BuiltIn">
<arg>${json_data['results'][0]['location']['postcode']}</arg>
<arg>${json_data['results'][0]['location']['postcode']}</arg>
<doc>Fails if objects are unequal after converting them to real numbers.</doc>
<status status="PASS" start="2024-06-08T09:16:24.314058" elapsed="0.001178"/>
</kw>
<kw name="Log" owner="BuiltIn">
<msg time="2024-06-08T09:16:24.316023" level="INFO">15074</msg>
<arg>${json_data['results'][0]['location']['postcode']}</arg>
<doc>Logs the given message with the given level.</doc>
<status status="PASS" start="2024-06-08T09:16:24.315519" elapsed="0.000561"/>
</kw>
<status status="PASS" start="2024-06-08T09:16:24.217514" elapsed="0.098904"/>
</kw>
<doc>Testa se os tipos de dados na resposta da API estão corretos.</doc>
<tag>testeTiposDados</tag>
<status status="PASS" start="2024-06-08T09:16:24.139749" elapsed="0.176889"/>
</test>
<test id="s1-s1-t5" name="Validar conteudo" line="35">
<kw name="Teste de Tipos de Conteudo" owner="random-user-service">
<kw name="GET On Session" owner="RequestsLibrary">
<msg time="2024-06-08T09:16:24.415740" level="INFO">GET Request : url=https://randomuser.me/api 
 path_url=/api 
 headers={'User-Agent': 'python-requests/2.32.3', 'Accept-Encoding': 'gzip, deflate', 'Accept': '*/*', 'Connection': 'keep-alive'} 
 body=None 
 </msg>
<msg time="2024-06-08T09:16:24.415851" level="INFO">GET Response : url=https://randomuser.me/api 
 status=200, reason=OK 
 headers={'Date': 'Sat, 08 Jun 2024 09:16:24 GMT', 'Content-Type': 'application/json; charset=utf-8', 'Transfer-Encoding': 'chunked', 'Connection': 'keep-alive', 'X-Powered-By': 'Express', 'Access-Control-Allow-Origin': '*', 'Cache-Control': 'no-cache', 'ETag': 'W/"462-6NMoHWDxQelGNukEL2CLEjQPTvY"', 'Vary': 'Accept-Encoding', 'Content-Encoding': 'gzip', 'CF-Cache-Status': 'DYNAMIC', 'Report-To': '{"endpoints":[{"url":"https:\\/\\/a.nel.cloudflare.com\\/report\\/v4?s=A%2BTeQulIt62hvCZIJTmDMcd54KlemQhIWqZ6yyCltZTsDSMc0Fz4kIvI4GeZ1%2FRFmRK7JWlvGKgchRehZ5TaRB2fDlG6R2h2dQIyYSphiwGzmH6irS762UEyfiEwzXiN"}],"group":"cf-nel","max_age":604800}', 'NEL': '{"success_fraction":0,"report_to":"cf-nel","max_age":604800}', 'Server': 'cloudflare', 'CF-RAY': '8907c86c085b81a0-IAD', 'alt-svc': 'h3=":443"; ma=86400'} 
 body={"results":[{"gender":"male","name":{"title":"Mr","first":"مانی","last":"حیدری"},"location":{"street":{"number":5184,"name":"فلسطین"},"city":"زنجان","state":"یزد","country":"Iran","postcode":53616,"coordinates":{"latitude":"19.8332","longitude":"-97.1144"},"timezone":{"offset":"-10:00","description":"Hawaii"}},"email":"mny.hydry@example.com","login":{"uuid":"b21897f7-cee9-4d57-8000-09169db75427","username":"angrybear143","password":"212121","salt":"Y73J1uCH","md5":"801f6ced6642f1902fb6e95efed25085","sha1":"458d3028f708b2a89b3c57fd0812f35562b27b9d","sha256":"c848c6506498f82e594f089cd7f6ed8e9083368e64cd90ea64deeb93eb4c73d8"},"dob":{"date":"1977-05-04T00:38:31.709Z","age":47},"registered":{"date":"2004-09-23T12:32:51.376Z","age":19},"phone":"068-64321441","cell":"0959-709-5789","id":{"name":"","value":null},"picture":{"large":"https://randomuser.me/api/portraits/men/41.jpg","medium":"https://randomuser.me/api/portraits/med/men/41.jpg","thumbnail":"https://randomuser.me/api/portraits/thumb/men/41.jpg"},"nat":"IR"}],"info":{"seed":"dc58adb693e19c85","results":1,"page":1,"version":"1.4"}} 
 </msg>
<msg time="2024-06-08T09:16:24.415960" level="INFO">/opt/hostedtoolcache/Python/3.12.3/x64/lib/python3.12/site-packages/urllib3/connectionpool.py:1103: InsecureRequestWarning: Unverified HTTPS request is being made to host 'randomuser.me'. Adding certificate verification is strongly advised. See: https://urllib3.readthedocs.io/en/latest/advanced-usage.html#tls-warnings
  warnings.warn(</msg>
<msg time="2024-06-08T09:16:24.416097" level="INFO">${response} = &lt;Response [200]&gt;</msg>
<var>${response}</var>
<arg>consultarAPI</arg>
<arg>/api</arg>
<doc>Sends a GET request on a previously created HTTP Session.</doc>
<status status="PASS" start="2024-06-08T09:16:24.320552" elapsed="0.095770"/>
</kw>
<kw name="Set Variable" owner="BuiltIn">
<msg time="2024-06-08T09:16:24.417600" level="INFO">${json_data} = {'results': [{'gender': 'male', 'name': {'title': 'Mr', 'first': 'مانی', 'last': 'حیدری'}, 'location': {'street': {'number': 5184, 'name': 'فلسطین'}, 'city': 'زنجان', 'state': 'یزد', 'country': 'Iran'...</msg>
<var>${json_data}</var>
<arg>${response.json()}</arg>
<doc>Returns the given values which can then be assigned to a variables.</doc>
<status status="PASS" start="2024-06-08T09:16:24.416918" elapsed="0.000724"/>
</kw>
<kw name="Set Variable" owner="BuiltIn">
<msg time="2024-06-08T09:16:24.418614" level="INFO">${name_title} = Mr</msg>
<var>${name_title}</var>
<arg>${json_data["results"][0]["name"]["title"]}</arg>
<doc>Returns the given values which can then be assigned to a variables.</doc>
<status status="PASS" start="2024-06-08T09:16:24.418056" elapsed="0.000593"/>
</kw>
<kw name="Create List" owner="BuiltIn">
<msg time="2024-06-08T09:16:24.419262" level="INFO">${allowed_titles} = ['Mr', 'Ms', 'Miss', 'Mrs', 'Madame', 'Monsieur']</msg>
<var>${allowed_titles}</var>
<arg>Mr</arg>
<arg>Ms</arg>
<arg>Miss</arg>
<arg>Mrs</arg>
<arg>Madame</arg>
<arg>Monsieur</arg>
<doc>Returns a list containing given items.</doc>
<status status="PASS" start="2024-06-08T09:16:24.419057" elapsed="0.000239"/>
</kw>
<kw name="List Should Contain Value" owner="Collections">
<msg time="2024-06-08T09:16:24.419950" level="INFO">False</msg>
<arg>${allowed_titles}</arg>
<arg>${name_title}</arg>
<doc>Fails if the ``value`` is not found from ``list``.</doc>
<status status="PASS" start="2024-06-08T09:16:24.419705" elapsed="0.000298"/>
</kw>
<kw name="Set Variable" owner="BuiltIn">
<msg time="2024-06-08T09:16:24.420979" level="INFO">${name_country} = IR</msg>
<var>${name_country}</var>
<arg>${json_data["results"][0]["nat"]}</arg>
<doc>Returns the given values which can then be assigned to a variables.</doc>
<status status="PASS" start="2024-06-08T09:16:24.420397" elapsed="0.000617"/>
</kw>
<kw name="Create List" owner="BuiltIn">
<msg time="2024-06-08T09:16:24.422477" level="INFO">${list_country} = ['AD', 'AE', 'AF', 'AG', 'AI', 'AL', 'AM', 'AO', 'AQ', 'AR', 'AS', 'AT', 'AU', 'AW', 'AX', 'AZ', 'BA', 'BB', 'BD', 'BE', 'BF', 'BG', 'BH', 'BI', 'BJ', 'BL', 'BM', 'BN', 'BO', 'BQ', 'BR', 'BS', 'BT', '...</msg>
<var>${list_country}</var>
<arg>AD</arg>
<arg>AE</arg>
<arg>AF</arg>
<arg>AG</arg>
<arg>AI</arg>
<arg>AL</arg>
<arg>AM</arg>
<arg>AO</arg>
<arg>AQ</arg>
<arg>AR</arg>
<arg>AS</arg>
<arg>AT</arg>
<arg>AU</arg>
<arg>AW</arg>
<arg>AX</arg>
<arg>AZ</arg>
<arg>BA</arg>
<arg>BB</arg>
<arg>BD</arg>
<arg>BE</arg>
<arg>BF</arg>
<arg>BG</arg>
<arg>BH</arg>
<arg>BI</arg>
<arg>BJ</arg>
<arg>BL</arg>
<arg>BM</arg>
<arg>BN</arg>
<arg>BO</arg>
<arg>BQ</arg>
<arg>BR</arg>
<arg>BS</arg>
<arg>BT</arg>
<arg>BV</arg>
<arg>BW</arg>
<arg>BY</arg>
<arg>BZ</arg>
<arg>CA</arg>
<arg>CC</arg>
<arg>CD</arg>
<arg>CF</arg>
<arg>CG</arg>
<arg>CH</arg>
<arg>CI</arg>
<arg>CK</arg>
<arg>CL</arg>
<arg>CM</arg>
<arg>CN</arg>
<arg>CO</arg>
<arg>CR</arg>
<arg>CU</arg>
<arg>CV</arg>
<arg>CW</arg>
<arg>CX</arg>
<arg>CY</arg>
<arg>CZ</arg>
<arg>DE</arg>
<arg>DJ</arg>
<arg>DK</arg>
<arg>DM</arg>
<arg>DO</arg>
<arg>DZ</arg>
<arg>EC</arg>
<arg>EE</arg>
<arg>EG</arg>
<arg>EH</arg>
<arg>ER</arg>
<arg>ES</arg>
<arg>ET</arg>
<arg>FI</arg>
<arg>FJ</arg>
<arg>FK</arg>
<arg>FM</arg>
<arg>FO</arg>
<arg>FR</arg>
<arg>GA</arg>
<arg>GB</arg>
<arg>GD</arg>
<arg>GE</arg>
<arg>GF</arg>
<arg>GG</arg>
<arg>GH</arg>
<arg>GI</arg>
<arg>GL</arg>
<arg>GM</arg>
<arg>GN</arg>
<arg>GP</arg>
<arg>GQ</arg>
<arg>GR</arg>
<arg>GS</arg>
<arg>GT</arg>
<arg>GU</arg>
<arg>GW</arg>
<arg>GY</arg>
<arg>HK</arg>
<arg>HM</arg>
<arg>HN</arg>
<arg>HR</arg>
<arg>HT</arg>
<arg>HU</arg>
<arg>ID</arg>
<arg>IE</arg>
<arg>IL</arg>
<arg>IM</arg>
<arg>IN</arg>
<arg>IO</arg>
<arg>IQ</arg>
<arg>IR</arg>
<arg>IS</arg>
<arg>IT</arg>
<arg>JE</arg>
<arg>JM</arg>
<arg>JO</arg>
<arg>JP</arg>
<arg>KE</arg>
<arg>KG</arg>
<arg>KH</arg>
<arg>KI</arg>
<arg>KM</arg>
<arg>KN</arg>
<arg>KP</arg>
<arg>KR</arg>
<arg>KW</arg>
<arg>KY</arg>
<arg>KZ</arg>
<arg>LA</arg>
<arg>LB</arg>
<arg>LC</arg>
<arg>LI</arg>
<arg>LK</arg>
<arg>LR</arg>
<arg>LS</arg>
<arg>LT</arg>
<arg>LU</arg>
<arg>LV</arg>
<arg>LY</arg>
<arg>MA</arg>
<arg>MC</arg>
<arg>MD</arg>
<arg>ME</arg>
<arg>MF</arg>
<arg>MG</arg>
<arg>MH</arg>
<arg>MK</arg>
<arg>ML</arg>
<arg>MM</arg>
<arg>MN</arg>
<arg>MO</arg>
<arg>MP</arg>
<arg>MQ</arg>
<arg>MR</arg>
<arg>MS</arg>
<arg>MT</arg>
<arg>MU</arg>
<arg>MV</arg>
<arg>MW</arg>
<arg>MX</arg>
<arg>MY</arg>
<arg>MZ</arg>
<arg>NA</arg>
<arg>NC</arg>
<arg>NE</arg>
<arg>NF</arg>
<arg>NG</arg>
<arg>NI</arg>
<arg>NL</arg>
<arg>NO</arg>
<arg>NP</arg>
<arg>NR</arg>
<arg>NU</arg>
<arg>NZ</arg>
<arg>OM</arg>
<arg>PA</arg>
<arg>PE</arg>
<arg>PF</arg>
<arg>PG</arg>
<arg>PH</arg>
<arg>PK</arg>
<arg>PL</arg>
<arg>PM</arg>
<arg>PN</arg>
<arg>PR</arg>
<arg>PS</arg>
<arg>PT</arg>
<arg>PW</arg>
<arg>PY</arg>
<arg>QA</arg>
<arg>RE</arg>
<arg>RO</arg>
<arg>RS</arg>
<arg>RU</arg>
<arg>RW</arg>
<arg>SA</arg>
<arg>SB</arg>
<arg>SC</arg>
<arg>SD</arg>
<arg>SE</arg>
<arg>SG</arg>
<arg>SH</arg>
<arg>SI</arg>
<arg>SJ</arg>
<arg>SK</arg>
<arg>SL</arg>
<arg>SM</arg>
<arg>SN</arg>
<arg>SO</arg>
<arg>SR</arg>
<arg>SS</arg>
<arg>ST</arg>
<arg>SV</arg>
<arg>SX</arg>
<arg>SY</arg>
<arg>SZ</arg>
<arg>TC</arg>
<arg>TD</arg>
<arg>TF</arg>
<arg>TG</arg>
<arg>TH</arg>
<arg>TJ</arg>
<arg>TK</arg>
<arg>TL</arg>
<arg>TM</arg>
<arg>TN</arg>
<arg>TO</arg>
<arg>TR</arg>
<arg>TT</arg>
<arg>TV</arg>
<arg>TW</arg>
<arg>TZ</arg>
<arg>UA</arg>
<arg>UG</arg>
<arg>UM</arg>
<arg>US</arg>
<arg>UY</arg>
<arg>UZ</arg>
<arg>VA</arg>
<arg>VC</arg>
<arg>VE</arg>
<arg>VG</arg>
<arg>VI</arg>
<arg>VN</arg>
<arg>VU</arg>
<arg>WF</arg>
<arg>WS</arg>
<arg>XK</arg>
<arg>YE</arg>
<arg>YT</arg>
<arg>ZA</arg>
<arg>ZM</arg>
<arg>ZW</arg>
<doc>Returns a list containing given items.</doc>
<status status="PASS" start="2024-06-08T09:16:24.421430" elapsed="0.001084"/>
</kw>
<kw name="List Should Contain Value" owner="Collections">
<msg time="2024-06-08T09:16:24.424097" level="INFO">False</msg>
<arg>${list_country}</arg>
<arg>${name_country}</arg>
<doc>Fails if the ``value`` is not found from ``list``.</doc>
<status status="PASS" start="2024-06-08T09:16:24.423787" elapsed="0.000362"/>
</kw>
<kw name="Run Keyword If" owner="BuiltIn">
<kw name="Should Be True" owner="BuiltIn">
<arg>${True}</arg>
<doc>Fails if the given condition is not true.</doc>
<status status="PASS" start="2024-06-08T09:16:24.425941" elapsed="0.000197"/>
</kw>
<arg>${json_data["results"][0]["location"]["coordinates"]["latitude"]} &gt;= -90 and ${json_data["results"][0]["location"]["coordinates"]["latitude"]} &lt;= 90</arg>
<arg>Should Be True</arg>
<arg>${True}</arg>
<doc>Runs the given keyword with the given arguments, if ``condition`` is true.</doc>
<status status="PASS" start="2024-06-08T09:16:24.424582" elapsed="0.001738"/>
</kw>
<kw name="Run Keyword If" owner="BuiltIn">
<kw name="Should Be True" owner="BuiltIn">
<arg>${True}</arg>
<doc>Fails if the given condition is not true.</doc>
<status status="PASS" start="2024-06-08T09:16:24.427664" elapsed="0.000380"/>
</kw>
<arg>${json_data["results"][0]["location"]["coordinates"]["longitude"]} &gt;= -180 and ${json_data["results"][0]["location"]["coordinates"]["longitude"]} &lt;= 180</arg>
<arg>Should Be True</arg>
<arg>${True}</arg>
<doc>Runs the given keyword with the given arguments, if ``condition`` is true.</doc>
<status status="PASS" start="2024-06-08T09:16:24.426601" elapsed="0.001624"/>
</kw>
<status status="PASS" start="2024-06-08T09:16:24.320052" elapsed="0.108365"/>
</kw>
<doc>Testa o conteúdo específico dos campos retornados pela API.</doc>
<tag>testeConteudo</tag>
<status status="PASS" start="2024-06-08T09:16:24.319162" elapsed="0.109470"/>
</test>
<status status="PASS" start="2024-06-08T09:16:23.324443" elapsed="1.106895"/>
</suite>
<status status="PASS" start="2024-06-08T09:16:23.311126" elapsed="1.129343"/>
</suite>
<statistics>
<total>
<stat pass="5" fail="0" skip="0">All Tests</stat>
</total>
<tag>
<stat pass="1" fail="0" skip="0">testeConteudo</stat>
<stat pass="1" fail="0" skip="0">testeEstruturaResposta</stat>
<stat pass="1" fail="0" skip="0">testeRequisicaoBasica</stat>
<stat pass="1" fail="0" skip="0">testeTiposDados</stat>
</tag>
<suite>
<stat pass="5" fail="0" skip="0" id="s1" name="Tests">Tests</stat>
<stat pass="5" fail="0" skip="0" id="s1-s1" name="Random-User-Test">Tests.Random-User-Test</stat>
</suite>
</statistics>
<errors>
</errors>
</robot>
