<?xml version="1.0" encoding="UTF-8"?>
<robot generator="Robot 7.0 (Python 3.12.3 on linux)" generated="2024-06-08T12:25:37.038608" rpa="false" schemaversion="5">
<suite id="s1" name="Tests" source="/home/runner/work/ApiRandomUser/ApiRandomUser/RamdonUser/tests">
<suite id="s1-s1" name="Random-User-Test" source="/home/runner/work/ApiRandomUser/ApiRandomUser/RamdonUser/tests/random-user-test.robot">
<test id="s1-s1-t1" name="Conectar" line="13">
<kw name="Conectar API" owner="random-user-service">
<kw name="Create Session" owner="RequestsLibrary">
<msg time="2024-06-08T12:25:37.486379" level="INFO">Creating Session using : alias=consultarAPI, url=https://randomuser.me/, headers={},                     cookies={}, auth=None, timeout=None, proxies=None, verify=False,                     debug=0 </msg>
<arg>consultarAPI</arg>
<arg>${URL}</arg>
<doc>Create Session: create a HTTP session to a server</doc>
<status status="PASS" start="2024-06-08T12:25:37.486156" elapsed="0.000415"/>
</kw>
<status status="PASS" start="2024-06-08T12:25:37.485071" elapsed="0.001912"/>
</kw>
<status status="PASS" start="2024-06-08T12:25:37.484408" elapsed="0.002780"/>
</test>
<test id="s1-s1-t2" name="Validar retorno 200 e JSON Válido" line="16">
<kw name="Teste de Requisicao Basica" owner="random-user-service">
<kw name="GET On Session" owner="RequestsLibrary">
<msg time="2024-06-08T12:25:37.579895" level="INFO">GET Request : url=https://randomuser.me/api 
 path_url=/api 
 headers={'User-Agent': 'python-requests/2.32.3', 'Accept-Encoding': 'gzip, deflate', 'Accept': '*/*', 'Connection': 'keep-alive'} 
 body=None 
 </msg>
<msg time="2024-06-08T12:25:37.580047" level="INFO">GET Response : url=https://randomuser.me/api 
 status=200, reason=OK 
 headers={'Date': 'Sat, 08 Jun 2024 12:25:37 GMT', 'Content-Type': 'application/json; charset=utf-8', 'Transfer-Encoding': 'chunked', 'Connection': 'keep-alive', 'X-Powered-By': 'Express', 'Access-Control-Allow-Origin': '*', 'Cache-Control': 'no-cache', 'ETag': 'W/"46c-tXxorSoVpBigjqFSHBT6Xtb67PQ"', 'Vary': 'Accept-Encoding', 'Content-Encoding': 'gzip', 'CF-Cache-Status': 'DYNAMIC', 'Report-To': '{"endpoints":[{"url":"https:\\/\\/a.nel.cloudflare.com\\/report\\/v4?s=RFL9lcEgcZEQf%2FAG4vVndh1zaA5g2oa0I3AmXTMPb2YWcmsrmydVo5LujAElECeSaq3Z63KnOZ%2BrGpDkcT7lOpOgGStQldgxWtQUJGYNFD2rgxp1DtXDJ1G1XYtG8ekI"}],"group":"cf-nel","max_age":604800}', 'NEL': '{"success_fraction":0,"report_to":"cf-nel","max_age":604800}', 'Server': 'cloudflare', 'CF-RAY': '8908dd999fa91137-ORD', 'alt-svc': 'h3=":443"; ma=86400'} 
 body={"results":[{"gender":"female","name":{"title":"Mrs","first":"Özsu","last":"Çamdalı"},"location":{"street":{"number":1456,"name":"Atatürk Sk"},"city":"Hakkâri","state":"Bolu","country":"Turkey","postcode":32662,"coordinates":{"latitude":"67.3499","longitude":"16.1570"},"timezone":{"offset":"-10:00","description":"Hawaii"}},"email":"ozsu.camdali@example.com","login":{"uuid":"de612052-47fa-46c3-939f-ba114888ce07","username":"yellowpanda709","password":"mildred","salt":"D8PyVnum","md5":"85c6af791052d75a78010f8d802a65bb","sha1":"5515aaaeb10dbd2f285ce1774fc7aaf2685c8d0e","sha256":"3950c4c5e629ec452c671e19d931f57d3796c2346140bcfbfab90594e08d4a89"},"dob":{"date":"1949-11-19T10:18:56.699Z","age":74},"registered":{"date":"2003-07-03T09:54:30.013Z","age":20},"phone":"(555)-790-4426","cell":"(958)-182-9049","id":{"name":"","value":null},"picture":{"large":"https://randomuser.me/api/portraits/women/25.jpg","medium":"https://randomuser.me/api/portraits/med/women/25.jpg","thumbnail":"https://randomuser.me/api/portraits/thumb/women/25.jpg"},"nat":"TR"}],"info":{"seed":"0865f7a3aa053e7c","results":1,"page":1,"version":"1.4"}} 
 </msg>
<msg time="2024-06-08T12:25:37.580136" level="INFO">/opt/hostedtoolcache/Python/3.12.3/x64/lib/python3.12/site-packages/urllib3/connectionpool.py:1103: InsecureRequestWarning: Unverified HTTPS request is being made to host 'randomuser.me'. Adding certificate verification is strongly advised. See: https://urllib3.readthedocs.io/en/latest/advanced-usage.html#tls-warnings
  warnings.warn(</msg>
<msg time="2024-06-08T12:25:37.580283" level="INFO">${response} = &lt;Response [200]&gt;</msg>
<var>${response}</var>
<arg>consultarAPI</arg>
<arg>/api</arg>
<doc>Sends a GET request on a previously created HTTP Session.</doc>
<status status="PASS" start="2024-06-08T12:25:37.489858" elapsed="0.090465"/>
</kw>
<kw name="Should Be Equal As Numbers" owner="BuiltIn">
<msg time="2024-06-08T12:25:37.581303" level="INFO">Argument types are:
&lt;class 'int'&gt;
&lt;class 'str'&gt;</msg>
<arg>${response.status_code}</arg>
<arg>200</arg>
<doc>Fails if objects are unequal after converting them to real numbers.</doc>
<status status="PASS" start="2024-06-08T12:25:37.580840" elapsed="0.000532"/>
</kw>
<kw name="Log" owner="BuiltIn">
<msg time="2024-06-08T12:25:37.582084" level="INFO">200</msg>
<arg>${response.status_code}</arg>
<doc>Logs the given message with the given level.</doc>
<status status="PASS" start="2024-06-08T12:25:37.581724" elapsed="0.000409"/>
</kw>
<kw name="Set Variable" owner="BuiltIn">
<msg time="2024-06-08T12:25:37.582949" level="INFO">${json_data} = {'results': [{'gender': 'female', 'name': {'title': 'Mrs', 'first': 'Özsu', 'last': 'Çamdalı'}, 'location': {'street': {'number': 1456, 'name': 'Atatürk Sk'}, 'city': 'Hakkâri', 'state': 'Bolu', 'coun...</msg>
<var>${json_data}</var>
<arg>${response.json()}</arg>
<doc>Returns the given values which can then be assigned to a variables.</doc>
<status status="PASS" start="2024-06-08T12:25:37.582453" elapsed="0.000528"/>
</kw>
<kw name="Dictionary Should Contain Key" owner="Collections">
<msg time="2024-06-08T12:25:37.583464" level="INFO">False</msg>
<arg>${json_data}</arg>
<arg>results</arg>
<doc>Fails if ``key`` is not found from ``dictionary``.</doc>
<status status="PASS" start="2024-06-08T12:25:37.583293" elapsed="0.000375"/>
</kw>
<status status="PASS" start="2024-06-08T12:25:37.489601" elapsed="0.094336"/>
</kw>
<doc>Testa se a API responde corretamente e retorna um objeto JSON válido.</doc>
<tag>testeRequisicaoBasica</tag>
<status status="PASS" start="2024-06-08T12:25:37.489087" elapsed="0.095035"/>
</test>
<test id="s1-s1-t3" name="Validar estrutura de resposta" line="22">
<kw name="Teste de Estrutura de Resposta" owner="random-user-service">
<kw name="GET On Session" owner="RequestsLibrary">
<msg time="2024-06-08T12:25:37.734022" level="INFO">GET Request : url=https://randomuser.me/api 
 path_url=/api 
 headers={'User-Agent': 'python-requests/2.32.3', 'Accept-Encoding': 'gzip, deflate', 'Accept': '*/*', 'Connection': 'keep-alive'} 
 body=None 
 </msg>
<msg time="2024-06-08T12:25:37.734098" level="INFO">GET Response : url=https://randomuser.me/api 
 status=200, reason=OK 
 headers={'Date': 'Sat, 08 Jun 2024 12:25:37 GMT', 'Content-Type': 'application/json; charset=utf-8', 'Transfer-Encoding': 'chunked', 'Connection': 'keep-alive', 'X-Powered-By': 'Express', 'Access-Control-Allow-Origin': '*', 'Cache-Control': 'no-cache', 'ETag': 'W/"47e-cPWXQZlGbZbnxFF9UxHkXgok2yQ"', 'Vary': 'Accept-Encoding', 'Content-Encoding': 'gzip', 'CF-Cache-Status': 'DYNAMIC', 'Report-To': '{"endpoints":[{"url":"https:\\/\\/a.nel.cloudflare.com\\/report\\/v4?s=YNL%2Bc5vvKk5effKAGBFE1OnzNCKKTlE2znA2RDmbs3f59WdeFw0dcpgpYIooF9rDtK7Nu%2F4EZQpu5dWQmxcku%2Fw55TswFm3E1VtZi%2F5e1l6AgVfa6KCBwYPDb6kEKoif"}],"group":"cf-nel","max_age":604800}', 'NEL': '{"success_fraction":0,"report_to":"cf-nel","max_age":604800}', 'Server': 'cloudflare', 'CF-RAY': '8908dd99e81a1137-ORD', 'alt-svc': 'h3=":443"; ma=86400'} 
 body={"results":[{"gender":"female","name":{"title":"Mrs","first":"Raquel","last":"Arias"},"location":{"street":{"number":6458,"name":"Calle del Arenal"},"city":"Vitoria","state":"La Rioja","country":"Spain","postcode":55808,"coordinates":{"latitude":"-38.0082","longitude":"102.3584"},"timezone":{"offset":"-12:00","description":"Eniwetok, Kwajalein"}},"email":"raquel.arias@example.com","login":{"uuid":"c080acfc-8318-49f8-b423-0e51e03b7ca5","username":"bluebird907","password":"boys","salt":"pgGM0G9s","md5":"497e2b1b84998c488add19d8f31292b0","sha1":"bf5c468ffdfebfdb38535051f4942e3862d4f0ee","sha256":"fdda364669e3911fefc7af776a99890f1140858ea71a6a192586a9bb5be613d4"},"dob":{"date":"1963-02-13T02:31:18.755Z","age":61},"registered":{"date":"2003-11-29T00:40:00.301Z","age":20},"phone":"902-647-633","cell":"669-215-181","id":{"name":"DNI","value":"51997398-R"},"picture":{"large":"https://randomuser.me/api/portraits/women/87.jpg","medium":"https://randomuser.me/api/portraits/med/women/87.jpg","thumbnail":"https://randomuser.me/api/portraits/thumb/women/87.jpg"},"nat":"ES"}],"info":{"seed":"cbdeaa3a1ed28f49","results":1,"page":1,"version":"1.4"}} 
 </msg>
<msg time="2024-06-08T12:25:37.734200" level="INFO">/opt/hostedtoolcache/Python/3.12.3/x64/lib/python3.12/site-packages/urllib3/connectionpool.py:1103: InsecureRequestWarning: Unverified HTTPS request is being made to host 'randomuser.me'. Adding certificate verification is strongly advised. See: https://urllib3.readthedocs.io/en/latest/advanced-usage.html#tls-warnings
  warnings.warn(</msg>
<msg time="2024-06-08T12:25:37.734303" level="INFO">${response} = &lt;Response [200]&gt;</msg>
<var>${response}</var>
<arg>consultarAPI</arg>
<arg>/api</arg>
<doc>Sends a GET request on a previously created HTTP Session.</doc>
<status status="PASS" start="2024-06-08T12:25:37.586831" elapsed="0.147508"/>
</kw>
<kw name="Set Variable" owner="BuiltIn">
<msg time="2024-06-08T12:25:37.735262" level="INFO">${json_data} = {'results': [{'gender': 'female', 'name': {'title': 'Mrs', 'first': 'Raquel', 'last': 'Arias'}, 'location': {'street': {'number': 6458, 'name': 'Calle del Arenal'}, 'city': 'Vitoria', 'state': 'La Rio...</msg>
<var>${json_data}</var>
<arg>${response.json()}</arg>
<doc>Returns the given values which can then be assigned to a variables.</doc>
<status status="PASS" start="2024-06-08T12:25:37.734755" elapsed="0.000537"/>
</kw>
<kw name="Log" owner="BuiltIn">
<msg time="2024-06-08T12:25:37.735770" level="INFO">{'results': [{'gender': 'female', 'name': {'title': 'Mrs', 'first': 'Raquel', 'last': 'Arias'}, 'location': {'street': {'number': 6458, 'name': 'Calle del Arenal'}, 'city': 'Vitoria', 'state': 'La Rioja', 'country': 'Spain', 'postcode': 55808, 'coordinates': {'latitude': '-38.0082', 'longitude': '102.3584'}, 'timezone': {'offset': '-12:00', 'description': 'Eniwetok, Kwajalein'}}, 'email': 'raquel.arias@example.com', 'login': {'uuid': 'c080acfc-8318-49f8-b423-0e51e03b7ca5', 'username': 'bluebird907', 'password': 'boys', 'salt': 'pgGM0G9s', 'md5': '497e2b1b84998c488add19d8f31292b0', 'sha1': 'bf5c468ffdfebfdb38535051f4942e3862d4f0ee', 'sha256': 'fdda364669e3911fefc7af776a99890f1140858ea71a6a192586a9bb5be613d4'}, 'dob': {'date': '1963-02-13T02:31:18.755Z', 'age': 61}, 'registered': {'date': '2003-11-29T00:40:00.301Z', 'age': 20}, 'phone': '902-647-633', 'cell': '669-215-181', 'id': {'name': 'DNI', 'value': '51997398-R'}, 'picture': {'large': 'https://randomuser.me/api/portraits/women/87.jpg', 'medium': 'https://randomuser.me/api/portraits/med/women/87.jpg', 'thumbnail': 'https://randomuser.me/api/portraits/thumb/women/87.jpg'}, 'nat': 'ES'}], 'info': {'seed': 'cbdeaa3a1ed28f49', 'results': 1, 'page': 1, 'version': '1.4'}}</msg>
<arg>${json_data}</arg>
<doc>Logs the given message with the given level.</doc>
<status status="PASS" start="2024-06-08T12:25:37.735610" elapsed="0.000208"/>
</kw>
<kw name="Dictionary Should Contain Key" owner="Collections">
<msg time="2024-06-08T12:25:37.736279" level="INFO">False</msg>
<arg>${json_data}</arg>
<arg>results</arg>
<doc>Fails if ``key`` is not found from ``dictionary``.</doc>
<status status="PASS" start="2024-06-08T12:25:37.736115" elapsed="0.000201"/>
</kw>
<kw name="Should Not Be Empty" owner="BuiltIn">
<msg time="2024-06-08T12:25:37.736744" level="INFO">Length is 2.</msg>
<arg>${json_data}</arg>
<doc>Verifies that the given item is not empty.</doc>
<status status="PASS" start="2024-06-08T12:25:37.736612" elapsed="0.000171"/>
</kw>
<kw name="Create List" owner="BuiltIn">
<msg time="2024-06-08T12:25:37.737230" level="INFO">${expected_keys} = ['gender', 'name', 'location', 'email', 'login']</msg>
<var>${expected_keys}</var>
<arg>gender</arg>
<arg>name</arg>
<arg>location</arg>
<arg>email</arg>
<arg>login</arg>
<doc>Returns a list containing given items.</doc>
<status status="PASS" start="2024-06-08T12:25:37.737080" elapsed="0.000174"/>
</kw>
<for flavor="IN">
<iter>
<kw name="Dictionary Should Contain Key" owner="Collections">
<msg time="2024-06-08T12:25:37.738249" level="INFO">False</msg>
<arg>${json_data['results'][0]}</arg>
<arg>${key}</arg>
<doc>Fails if ``key`` is not found from ``dictionary``.</doc>
<status status="PASS" start="2024-06-08T12:25:37.737839" elapsed="0.000455"/>
</kw>
<kw name="Log" owner="BuiltIn">
<msg time="2024-06-08T12:25:37.738994" level="INFO">{'gender': 'female', 'name': {'title': 'Mrs', 'first': 'Raquel', 'last': 'Arias'}, 'location': {'street': {'number': 6458, 'name': 'Calle del Arenal'}, 'city': 'Vitoria', 'state': 'La Rioja', 'country': 'Spain', 'postcode': 55808, 'coordinates': {'latitude': '-38.0082', 'longitude': '102.3584'}, 'timezone': {'offset': '-12:00', 'description': 'Eniwetok, Kwajalein'}}, 'email': 'raquel.arias@example.com', 'login': {'uuid': 'c080acfc-8318-49f8-b423-0e51e03b7ca5', 'username': 'bluebird907', 'password': 'boys', 'salt': 'pgGM0G9s', 'md5': '497e2b1b84998c488add19d8f31292b0', 'sha1': 'bf5c468ffdfebfdb38535051f4942e3862d4f0ee', 'sha256': 'fdda364669e3911fefc7af776a99890f1140858ea71a6a192586a9bb5be613d4'}, 'dob': {'date': '1963-02-13T02:31:18.755Z', 'age': 61}, 'registered': {'date': '2003-11-29T00:40:00.301Z', 'age': 20}, 'phone': '902-647-633', 'cell': '669-215-181', 'id': {'name': 'DNI', 'value': '51997398-R'}, 'picture': {'large': 'https://randomuser.me/api/portraits/women/87.jpg', 'medium': 'https://randomuser.me/api/portraits/med/women/87.jpg', 'thumbnail': 'https://randomuser.me/api/portraits/thumb/women/87.jpg'}, 'nat': 'ES'}</msg>
<arg>${json_data['results'][0]}</arg>
<doc>Logs the given message with the given level.</doc>
<status status="PASS" start="2024-06-08T12:25:37.738595" elapsed="0.000449"/>
</kw>
<kw name="Log" owner="BuiltIn">
<msg time="2024-06-08T12:25:37.739474" level="INFO">gender</msg>
<arg>${key}</arg>
<doc>Logs the given message with the given level.</doc>
<status status="PASS" start="2024-06-08T12:25:37.739344" elapsed="0.000169"/>
</kw>
<var name="${key}">gender</var>
<status status="PASS" start="2024-06-08T12:25:37.737712" elapsed="0.002017"/>
</iter>
<iter>
<kw name="Dictionary Should Contain Key" owner="Collections">
<msg time="2024-06-08T12:25:37.740423" level="INFO">False</msg>
<arg>${json_data['results'][0]}</arg>
<arg>${key}</arg>
<doc>Fails if ``key`` is not found from ``dictionary``.</doc>
<status status="PASS" start="2024-06-08T12:25:37.740038" elapsed="0.000423"/>
</kw>
<kw name="Log" owner="BuiltIn">
<msg time="2024-06-08T12:25:37.741156" level="INFO">{'gender': 'female', 'name': {'title': 'Mrs', 'first': 'Raquel', 'last': 'Arias'}, 'location': {'street': {'number': 6458, 'name': 'Calle del Arenal'}, 'city': 'Vitoria', 'state': 'La Rioja', 'country': 'Spain', 'postcode': 55808, 'coordinates': {'latitude': '-38.0082', 'longitude': '102.3584'}, 'timezone': {'offset': '-12:00', 'description': 'Eniwetok, Kwajalein'}}, 'email': 'raquel.arias@example.com', 'login': {'uuid': 'c080acfc-8318-49f8-b423-0e51e03b7ca5', 'username': 'bluebird907', 'password': 'boys', 'salt': 'pgGM0G9s', 'md5': '497e2b1b84998c488add19d8f31292b0', 'sha1': 'bf5c468ffdfebfdb38535051f4942e3862d4f0ee', 'sha256': 'fdda364669e3911fefc7af776a99890f1140858ea71a6a192586a9bb5be613d4'}, 'dob': {'date': '1963-02-13T02:31:18.755Z', 'age': 61}, 'registered': {'date': '2003-11-29T00:40:00.301Z', 'age': 20}, 'phone': '902-647-633', 'cell': '669-215-181', 'id': {'name': 'DNI', 'value': '51997398-R'}, 'picture': {'large': 'https://randomuser.me/api/portraits/women/87.jpg', 'medium': 'https://randomuser.me/api/portraits/med/women/87.jpg', 'thumbnail': 'https://randomuser.me/api/portraits/thumb/women/87.jpg'}, 'nat': 'ES'}</msg>
<arg>${json_data['results'][0]}</arg>
<doc>Logs the given message with the given level.</doc>
<status status="PASS" start="2024-06-08T12:25:37.740785" elapsed="0.000420"/>
</kw>
<kw name="Log" owner="BuiltIn">
<msg time="2024-06-08T12:25:37.741647" level="INFO">name</msg>
<arg>${key}</arg>
<doc>Logs the given message with the given level.</doc>
<status status="PASS" start="2024-06-08T12:25:37.741504" elapsed="0.000183"/>
</kw>
<var name="${key}">name</var>
<status status="PASS" start="2024-06-08T12:25:37.739921" elapsed="0.001983"/>
</iter>
<iter>
<kw name="Dictionary Should Contain Key" owner="Collections">
<msg time="2024-06-08T12:25:37.742585" level="INFO">False</msg>
<arg>${json_data['results'][0]}</arg>
<arg>${key}</arg>
<doc>Fails if ``key`` is not found from ``dictionary``.</doc>
<status status="PASS" start="2024-06-08T12:25:37.742206" elapsed="0.000418"/>
</kw>
<kw name="Log" owner="BuiltIn">
<msg time="2024-06-08T12:25:37.743379" level="INFO">{'gender': 'female', 'name': {'title': 'Mrs', 'first': 'Raquel', 'last': 'Arias'}, 'location': {'street': {'number': 6458, 'name': 'Calle del Arenal'}, 'city': 'Vitoria', 'state': 'La Rioja', 'country': 'Spain', 'postcode': 55808, 'coordinates': {'latitude': '-38.0082', 'longitude': '102.3584'}, 'timezone': {'offset': '-12:00', 'description': 'Eniwetok, Kwajalein'}}, 'email': 'raquel.arias@example.com', 'login': {'uuid': 'c080acfc-8318-49f8-b423-0e51e03b7ca5', 'username': 'bluebird907', 'password': 'boys', 'salt': 'pgGM0G9s', 'md5': '497e2b1b84998c488add19d8f31292b0', 'sha1': 'bf5c468ffdfebfdb38535051f4942e3862d4f0ee', 'sha256': 'fdda364669e3911fefc7af776a99890f1140858ea71a6a192586a9bb5be613d4'}, 'dob': {'date': '1963-02-13T02:31:18.755Z', 'age': 61}, 'registered': {'date': '2003-11-29T00:40:00.301Z', 'age': 20}, 'phone': '902-647-633', 'cell': '669-215-181', 'id': {'name': 'DNI', 'value': '51997398-R'}, 'picture': {'large': 'https://randomuser.me/api/portraits/women/87.jpg', 'medium': 'https://randomuser.me/api/portraits/med/women/87.jpg', 'thumbnail': 'https://randomuser.me/api/portraits/thumb/women/87.jpg'}, 'nat': 'ES'}</msg>
<arg>${json_data['results'][0]}</arg>
<doc>Logs the given message with the given level.</doc>
<status status="PASS" start="2024-06-08T12:25:37.742998" elapsed="0.000432"/>
</kw>
<kw name="Log" owner="BuiltIn">
<msg time="2024-06-08T12:25:37.743878" level="INFO">location</msg>
<arg>${key}</arg>
<doc>Logs the given message with the given level.</doc>
<status status="PASS" start="2024-06-08T12:25:37.743749" elapsed="0.000169"/>
</kw>
<var name="${key}">location</var>
<status status="PASS" start="2024-06-08T12:25:37.742090" elapsed="0.002048"/>
</iter>
<iter>
<kw name="Dictionary Should Contain Key" owner="Collections">
<msg time="2024-06-08T12:25:37.744933" level="INFO">False</msg>
<arg>${json_data['results'][0]}</arg>
<arg>${key}</arg>
<doc>Fails if ``key`` is not found from ``dictionary``.</doc>
<status status="PASS" start="2024-06-08T12:25:37.744430" elapsed="0.000542"/>
</kw>
<kw name="Log" owner="BuiltIn">
<msg time="2024-06-08T12:25:37.745632" level="INFO">{'gender': 'female', 'name': {'title': 'Mrs', 'first': 'Raquel', 'last': 'Arias'}, 'location': {'street': {'number': 6458, 'name': 'Calle del Arenal'}, 'city': 'Vitoria', 'state': 'La Rioja', 'country': 'Spain', 'postcode': 55808, 'coordinates': {'latitude': '-38.0082', 'longitude': '102.3584'}, 'timezone': {'offset': '-12:00', 'description': 'Eniwetok, Kwajalein'}}, 'email': 'raquel.arias@example.com', 'login': {'uuid': 'c080acfc-8318-49f8-b423-0e51e03b7ca5', 'username': 'bluebird907', 'password': 'boys', 'salt': 'pgGM0G9s', 'md5': '497e2b1b84998c488add19d8f31292b0', 'sha1': 'bf5c468ffdfebfdb38535051f4942e3862d4f0ee', 'sha256': 'fdda364669e3911fefc7af776a99890f1140858ea71a6a192586a9bb5be613d4'}, 'dob': {'date': '1963-02-13T02:31:18.755Z', 'age': 61}, 'registered': {'date': '2003-11-29T00:40:00.301Z', 'age': 20}, 'phone': '902-647-633', 'cell': '669-215-181', 'id': {'name': 'DNI', 'value': '51997398-R'}, 'picture': {'large': 'https://randomuser.me/api/portraits/women/87.jpg', 'medium': 'https://randomuser.me/api/portraits/med/women/87.jpg', 'thumbnail': 'https://randomuser.me/api/portraits/thumb/women/87.jpg'}, 'nat': 'ES'}</msg>
<arg>${json_data['results'][0]}</arg>
<doc>Logs the given message with the given level.</doc>
<status status="PASS" start="2024-06-08T12:25:37.745273" elapsed="0.000409"/>
</kw>
<kw name="Log" owner="BuiltIn">
<msg time="2024-06-08T12:25:37.746107" level="INFO">email</msg>
<arg>${key}</arg>
<doc>Logs the given message with the given level.</doc>
<status status="PASS" start="2024-06-08T12:25:37.745979" elapsed="0.000168"/>
</kw>
<var name="${key}">email</var>
<status status="PASS" start="2024-06-08T12:25:37.744316" elapsed="0.002050"/>
</iter>
<iter>
<kw name="Dictionary Should Contain Key" owner="Collections">
<msg time="2024-06-08T12:25:37.747081" level="INFO">False</msg>
<arg>${json_data['results'][0]}</arg>
<arg>${key}</arg>
<doc>Fails if ``key`` is not found from ``dictionary``.</doc>
<status status="PASS" start="2024-06-08T12:25:37.746659" elapsed="0.000460"/>
</kw>
<kw name="Log" owner="BuiltIn">
<msg time="2024-06-08T12:25:37.747775" level="INFO">{'gender': 'female', 'name': {'title': 'Mrs', 'first': 'Raquel', 'last': 'Arias'}, 'location': {'street': {'number': 6458, 'name': 'Calle del Arenal'}, 'city': 'Vitoria', 'state': 'La Rioja', 'country': 'Spain', 'postcode': 55808, 'coordinates': {'latitude': '-38.0082', 'longitude': '102.3584'}, 'timezone': {'offset': '-12:00', 'description': 'Eniwetok, Kwajalein'}}, 'email': 'raquel.arias@example.com', 'login': {'uuid': 'c080acfc-8318-49f8-b423-0e51e03b7ca5', 'username': 'bluebird907', 'password': 'boys', 'salt': 'pgGM0G9s', 'md5': '497e2b1b84998c488add19d8f31292b0', 'sha1': 'bf5c468ffdfebfdb38535051f4942e3862d4f0ee', 'sha256': 'fdda364669e3911fefc7af776a99890f1140858ea71a6a192586a9bb5be613d4'}, 'dob': {'date': '1963-02-13T02:31:18.755Z', 'age': 61}, 'registered': {'date': '2003-11-29T00:40:00.301Z', 'age': 20}, 'phone': '902-647-633', 'cell': '669-215-181', 'id': {'name': 'DNI', 'value': '51997398-R'}, 'picture': {'large': 'https://randomuser.me/api/portraits/women/87.jpg', 'medium': 'https://randomuser.me/api/portraits/med/women/87.jpg', 'thumbnail': 'https://randomuser.me/api/portraits/thumb/women/87.jpg'}, 'nat': 'ES'}</msg>
<arg>${json_data['results'][0]}</arg>
<doc>Logs the given message with the given level.</doc>
<status status="PASS" start="2024-06-08T12:25:37.747416" elapsed="0.000408"/>
</kw>
<kw name="Log" owner="BuiltIn">
<msg time="2024-06-08T12:25:37.748243" level="INFO">login</msg>
<arg>${key}</arg>
<doc>Logs the given message with the given level.</doc>
<status status="PASS" start="2024-06-08T12:25:37.748117" elapsed="0.000163"/>
</kw>
<var name="${key}">login</var>
<status status="PASS" start="2024-06-08T12:25:37.746546" elapsed="0.001946"/>
</iter>
<var>${key}</var>
<value>@{expected_keys}</value>
<status status="PASS" start="2024-06-08T12:25:37.737518" elapsed="0.011126"/>
</for>
<kw name="Create List" owner="BuiltIn">
<msg time="2024-06-08T12:25:37.748995" level="INFO">${expected_keysTwo} = ['username', 'password']</msg>
<var>${expected_keysTwo}</var>
<arg>username</arg>
<arg>password</arg>
<doc>Returns a list containing given items.</doc>
<status status="PASS" start="2024-06-08T12:25:37.748857" elapsed="0.000162"/>
</kw>
<for flavor="IN">
<iter>
<kw name="Dictionary Should Contain Key" owner="Collections">
<msg time="2024-06-08T12:25:37.749919" level="INFO">False</msg>
<arg>${json_data['results'][0]['login']}</arg>
<arg>${keyTwo}</arg>
<doc>Fails if ``key`` is not found from ``dictionary``.</doc>
<status status="PASS" start="2024-06-08T12:25:37.749527" elapsed="0.000430"/>
</kw>
<kw name="Dictionary Should Contain Key" owner="Collections">
<msg time="2024-06-08T12:25:37.750640" level="INFO">False</msg>
<arg>${json_data['results'][0]['login']}</arg>
<arg>${keyTwo}</arg>
<doc>Fails if ``key`` is not found from ``dictionary``.</doc>
<status status="PASS" start="2024-06-08T12:25:37.750253" elapsed="0.000425"/>
</kw>
<kw name="Log" owner="BuiltIn">
<msg time="2024-06-08T12:25:37.751148" level="INFO">username</msg>
<arg>${keyTwo}</arg>
<doc>Logs the given message with the given level.</doc>
<status status="PASS" start="2024-06-08T12:25:37.751013" elapsed="0.000174"/>
</kw>
<var name="${keyTwo}">username</var>
<status status="PASS" start="2024-06-08T12:25:37.749418" elapsed="0.001986"/>
</iter>
<iter>
<kw name="Dictionary Should Contain Key" owner="Collections">
<msg time="2024-06-08T12:25:37.752071" level="INFO">False</msg>
<arg>${json_data['results'][0]['login']}</arg>
<arg>${keyTwo}</arg>
<doc>Fails if ``key`` is not found from ``dictionary``.</doc>
<status status="PASS" start="2024-06-08T12:25:37.751689" elapsed="0.000419"/>
</kw>
<kw name="Dictionary Should Contain Key" owner="Collections">
<msg time="2024-06-08T12:25:37.752777" level="INFO">False</msg>
<arg>${json_data['results'][0]['login']}</arg>
<arg>${keyTwo}</arg>
<doc>Fails if ``key`` is not found from ``dictionary``.</doc>
<status status="PASS" start="2024-06-08T12:25:37.752399" elapsed="0.000415"/>
</kw>
<kw name="Log" owner="BuiltIn">
<msg time="2024-06-08T12:25:37.753232" level="INFO">password</msg>
<arg>${keyTwo}</arg>
<doc>Logs the given message with the given level.</doc>
<status status="PASS" start="2024-06-08T12:25:37.753105" elapsed="0.000164"/>
</kw>
<var name="${keyTwo}">password</var>
<status status="PASS" start="2024-06-08T12:25:37.751578" elapsed="0.001904"/>
</iter>
<var>${keyTwo}</var>
<value>@{expected_keysTwo}</value>
<status status="PASS" start="2024-06-08T12:25:37.749259" elapsed="0.004346"/>
</for>
<status status="PASS" start="2024-06-08T12:25:37.586556" elapsed="0.167193"/>
</kw>
<doc>Testa a estrutura da resposta da API.</doc>
<tag>testeEstruturaResposta</tag>
<status status="PASS" start="2024-06-08T12:25:37.585947" elapsed="0.167966"/>
</test>
<test id="s1-s1-t4" name="Validar tipos de dados" line="28">
<kw name="Teste de Tipos de Dados" owner="random-user-service">
<kw name="GET On Session" owner="RequestsLibrary">
<msg time="2024-06-08T12:25:38.069824" level="INFO">GET Request : url=https://randomuser.me/api 
 path_url=/api 
 headers={'User-Agent': 'python-requests/2.32.3', 'Accept-Encoding': 'gzip, deflate', 'Accept': '*/*', 'Connection': 'keep-alive'} 
 body=None 
 </msg>
<msg time="2024-06-08T12:25:38.069928" level="INFO">GET Response : url=https://randomuser.me/api 
 status=200, reason=OK 
 headers={'Date': 'Sat, 08 Jun 2024 12:25:38 GMT', 'Content-Type': 'application/json; charset=utf-8', 'Transfer-Encoding': 'chunked', 'Connection': 'keep-alive', 'X-Powered-By': 'Express', 'Access-Control-Allow-Origin': '*', 'Cache-Control': 'no-cache', 'ETag': 'W/"479-i256U902OvQmpfB2WucOmZdy6OI"', 'Vary': 'Accept-Encoding', 'Content-Encoding': 'gzip', 'CF-Cache-Status': 'DYNAMIC', 'Report-To': '{"endpoints":[{"url":"https:\\/\\/a.nel.cloudflare.com\\/report\\/v4?s=4dmZ32YK1bcdPq6BE4idemJEhH9RWtTPAKXC6%2Bbm5ThGdOIrlNtOTFfm2bc%2F%2FwU0eF8UvsGVK1WzhudHzzO3l18LR%2BPZvRneedEVUiPRteUvKYHAg0tV1ehEiLJoE%2FF9"}],"group":"cf-nel","max_age":604800}', 'NEL': '{"success_fraction":0,"report_to":"cf-nel","max_age":604800}', 'Server': 'cloudflare', 'CF-RAY': '8908dd9af9101137-ORD', 'alt-svc': 'h3=":443"; ma=86400'} 
 body={"results":[{"gender":"female","name":{"title":"Mrs","first":"Erin","last":"Carroll"},"location":{"street":{"number":1918,"name":"Pecan Acres Ln"},"city":"Darwin","state":"South Australia","country":"Australia","postcode":6569,"coordinates":{"latitude":"-86.4283","longitude":"20.8897"},"timezone":{"offset":"-9:00","description":"Alaska"}},"email":"erin.carroll@example.com","login":{"uuid":"52913959-f988-419b-80e1-493a03c7cb8c","username":"bigelephant647","password":"tatiana","salt":"KFFhKRac","md5":"d99b886ac8ab4db415bb76280b0b4f6e","sha1":"7ef95a70b551b64955d18e33a5c8c18dc433fe31","sha256":"8dceb68853e5646b5f6b27dd26efba024e6c57750736651b569ae0431eb0700a"},"dob":{"date":"1957-05-24T15:07:23.107Z","age":67},"registered":{"date":"2014-10-31T04:14:58.916Z","age":9},"phone":"02-7477-5851","cell":"0428-051-665","id":{"name":"TFN","value":"141604469"},"picture":{"large":"https://randomuser.me/api/portraits/women/4.jpg","medium":"https://randomuser.me/api/portraits/med/women/4.jpg","thumbnail":"https://randomuser.me/api/portraits/thumb/women/4.jpg"},"nat":"AU"}],"info":{"seed":"af5e2d4fc1bb84d5","results":1,"page":1,"version":"1.4"}} 
 </msg>
<msg time="2024-06-08T12:25:38.070010" level="INFO">/opt/hostedtoolcache/Python/3.12.3/x64/lib/python3.12/site-packages/urllib3/connectionpool.py:1103: InsecureRequestWarning: Unverified HTTPS request is being made to host 'randomuser.me'. Adding certificate verification is strongly advised. See: https://urllib3.readthedocs.io/en/latest/advanced-usage.html#tls-warnings
  warnings.warn(</msg>
<msg time="2024-06-08T12:25:38.070137" level="INFO">${response} = &lt;Response [200]&gt;</msg>
<var>${response}</var>
<arg>consultarAPI</arg>
<arg>/api</arg>
<doc>Sends a GET request on a previously created HTTP Session.</doc>
<status status="PASS" start="2024-06-08T12:25:37.756488" elapsed="0.313687"/>
</kw>
<kw name="Set Variable" owner="BuiltIn">
<msg time="2024-06-08T12:25:38.071311" level="INFO">${json_data} = {'results': [{'gender': 'female', 'name': {'title': 'Mrs', 'first': 'Erin', 'last': 'Carroll'}, 'location': {'street': {'number': 1918, 'name': 'Pecan Acres Ln'}, 'city': 'Darwin', 'state': 'South Aus...</msg>
<var>${json_data}</var>
<arg>${response.json()}</arg>
<doc>Returns the given values which can then be assigned to a variables.</doc>
<status status="PASS" start="2024-06-08T12:25:38.070738" elapsed="0.000605"/>
</kw>
<kw name="Log" owner="BuiltIn">
<msg time="2024-06-08T12:25:38.071826" level="INFO">{'results': [{'gender': 'female', 'name': {'title': 'Mrs', 'first': 'Erin', 'last': 'Carroll'}, 'location': {'street': {'number': 1918, 'name': 'Pecan Acres Ln'}, 'city': 'Darwin', 'state': 'South Australia', 'country': 'Australia', 'postcode': 6569, 'coordinates': {'latitude': '-86.4283', 'longitude': '20.8897'}, 'timezone': {'offset': '-9:00', 'description': 'Alaska'}}, 'email': 'erin.carroll@example.com', 'login': {'uuid': '52913959-f988-419b-80e1-493a03c7cb8c', 'username': 'bigelephant647', 'password': 'tatiana', 'salt': 'KFFhKRac', 'md5': 'd99b886ac8ab4db415bb76280b0b4f6e', 'sha1': '7ef95a70b551b64955d18e33a5c8c18dc433fe31', 'sha256': '8dceb68853e5646b5f6b27dd26efba024e6c57750736651b569ae0431eb0700a'}, 'dob': {'date': '1957-05-24T15:07:23.107Z', 'age': 67}, 'registered': {'date': '2014-10-31T04:14:58.916Z', 'age': 9}, 'phone': '02-7477-5851', 'cell': '0428-051-665', 'id': {'name': 'TFN', 'value': '141604469'}, 'picture': {'large': 'https://randomuser.me/api/portraits/women/4.jpg', 'medium': 'https://randomuser.me/api/portraits/med/women/4.jpg', 'thumbnail': 'https://randomuser.me/api/portraits/thumb/women/4.jpg'}, 'nat': 'AU'}], 'info': {'seed': 'af5e2d4fc1bb84d5', 'results': 1, 'page': 1, 'version': '1.4'}}</msg>
<arg>${json_data}</arg>
<doc>Logs the given message with the given level.</doc>
<status status="PASS" start="2024-06-08T12:25:38.071667" elapsed="0.000262"/>
</kw>
<kw name="Should Be String" owner="String">
<arg>${json_data['results'][0]['gender']}</arg>
<doc>Fails if the given ``item`` is not a string.</doc>
<status status="PASS" start="2024-06-08T12:25:38.072228" elapsed="0.000428"/>
</kw>
<kw name="Should Match Regexp" owner="BuiltIn">
<arg>${json_data['results'][0]['email']}</arg>
<arg>^[a-zA-Z0-9._%+-]+@[a-zA-Z0-9.-]+\.[a-zA-Z]{2,}$</arg>
<doc>Fails if ``string`` does not match ``pattern`` as a regular expression.</doc>
<status status="PASS" start="2024-06-08T12:25:38.072855" elapsed="0.000686"/>
</kw>
<kw name="Should Match Regexp" owner="BuiltIn">
<arg>${json_data['results'][0]['dob']['date']}</arg>
<arg>\\d{4}-\\d{2}-\\d{2}T\\d{2}:\\d{2}:\\d{2}\\.\\d{3}Z</arg>
<doc>Fails if ``string`` does not match ``pattern`` as a regular expression.</doc>
<status status="PASS" start="2024-06-08T12:25:38.073740" elapsed="0.000480"/>
</kw>
<kw name="Should Match Regexp" owner="BuiltIn">
<arg>${json_data['results'][0]['registered']['date']}</arg>
<arg>\\d{4}-\\d{2}-\\d{2}T\\d{2}:\\d{2}:\\d{2}\\.\\d{3}Z</arg>
<doc>Fails if ``string`` does not match ``pattern`` as a regular expression.</doc>
<status status="PASS" start="2024-06-08T12:25:38.074413" elapsed="0.000362"/>
</kw>
<kw name="Should Match Regexp" owner="BuiltIn">
<arg>${json_data['results'][0]['picture']['large']}</arg>
<arg>^https?://.*\.(?:png|jpe?g|gif|bmp)$</arg>
<doc>Fails if ``string`` does not match ``pattern`` as a regular expression.</doc>
<status status="PASS" start="2024-06-08T12:25:38.074993" elapsed="0.000459"/>
</kw>
<kw name="Should Match Regexp" owner="BuiltIn">
<arg>${json_data['results'][0]['picture']['medium']}</arg>
<arg>^https?://.*\.(?:png|jpe?g|gif|bmp)$</arg>
<doc>Fails if ``string`` does not match ``pattern`` as a regular expression.</doc>
<status status="PASS" start="2024-06-08T12:25:38.075640" elapsed="0.000346"/>
</kw>
<kw name="Should Match Regexp" owner="BuiltIn">
<arg>${json_data['results'][0]['picture']['thumbnail']}</arg>
<arg>^https?://.*\.(?:png|jpe?g|gif|bmp)$</arg>
<doc>Fails if ``string`` does not match ``pattern`` as a regular expression.</doc>
<status status="PASS" start="2024-06-08T12:25:38.076172" elapsed="0.000345"/>
</kw>
<kw name="Log" owner="BuiltIn">
<msg time="2024-06-08T12:25:38.077020" level="INFO">{'large': 'https://randomuser.me/api/portraits/women/4.jpg', 'medium': 'https://randomuser.me/api/portraits/med/women/4.jpg', 'thumbnail': 'https://randomuser.me/api/portraits/thumb/women/4.jpg'}</msg>
<arg>${json_data['results'][0]['picture']}</arg>
<doc>Logs the given message with the given level.</doc>
<status status="PASS" start="2024-06-08T12:25:38.076698" elapsed="0.000364"/>
</kw>
<status status="PASS" start="2024-06-08T12:25:37.756246" elapsed="0.321074"/>
</kw>
<kw name="Teste de Tipos de Dados - Postcode" owner="random-user-service">
<kw name="GET On Session" owner="RequestsLibrary">
<msg time="2024-06-08T12:25:38.183792" level="INFO">GET Request : url=https://randomuser.me/api 
 path_url=/api 
 headers={'User-Agent': 'python-requests/2.32.3', 'Accept-Encoding': 'gzip, deflate', 'Accept': '*/*', 'Connection': 'keep-alive'} 
 body=None 
 </msg>
<msg time="2024-06-08T12:25:38.183891" level="INFO">GET Response : url=https://randomuser.me/api 
 status=200, reason=OK 
 headers={'Date': 'Sat, 08 Jun 2024 12:25:38 GMT', 'Content-Type': 'application/json; charset=utf-8', 'Transfer-Encoding': 'chunked', 'Connection': 'keep-alive', 'X-Powered-By': 'Express', 'Access-Control-Allow-Origin': '*', 'Cache-Control': 'no-cache', 'ETag': 'W/"47b-qmu4+0PMi2yWjRKdpwxe7EUX2lM"', 'Vary': 'Accept-Encoding', 'Content-Encoding': 'gzip', 'CF-Cache-Status': 'DYNAMIC', 'Report-To': '{"endpoints":[{"url":"https:\\/\\/a.nel.cloudflare.com\\/report\\/v4?s=WprPFe%2FNLlmS6hlqqBzlc8vNvC%2F9KfQg87GIF0SFZeOd0nSZcbv%2Bn9CEgkkEfT3cEqfb0M4cQ7xuXXhgsqYptt%2B%2FOIHRTPGqKeD%2Bflgs7E0m9kxnDiLXR%2B0JdrpkLHmo"}],"group":"cf-nel","max_age":604800}', 'NEL': '{"success_fraction":0,"report_to":"cf-nel","max_age":604800}', 'Server': 'cloudflare', 'CF-RAY': '8908dd9cfb041137-ORD', 'alt-svc': 'h3=":443"; ma=86400'} 
 body={"results":[{"gender":"female","name":{"title":"Ms","first":"Olja","last":"Jelačić"},"location":{"street":{"number":1450,"name":"Ðorđa Milovanovića"},"city":"Bogatić","state":"Bor","country":"Serbia","postcode":17251,"coordinates":{"latitude":"58.2661","longitude":"59.2809"},"timezone":{"offset":"+5:45","description":"Kathmandu"}},"email":"olja.jelacic@example.com","login":{"uuid":"a4ab2320-1d3b-432a-8c38-ec32b0974d0a","username":"orangetiger793","password":"camille","salt":"3oRnlNqU","md5":"0c35e2edacf0d8386538d4c62494e541","sha1":"b4f8bb69013c86e9ac0e6143efc3695e78b2f207","sha256":"8374af6347d6359f4d135148aee7ce8a302f6a8f2b7233a54d6ea862d558a32c"},"dob":{"date":"1957-10-06T14:24:44.245Z","age":66},"registered":{"date":"2004-12-07T23:56:26.372Z","age":19},"phone":"015-4280-626","cell":"061-4036-963","id":{"name":"SID","value":"910282041"},"picture":{"large":"https://randomuser.me/api/portraits/women/68.jpg","medium":"https://randomuser.me/api/portraits/med/women/68.jpg","thumbnail":"https://randomuser.me/api/portraits/thumb/women/68.jpg"},"nat":"RS"}],"info":{"seed":"2499c0965bf18377","results":1,"page":1,"version":"1.4"}} 
 </msg>
<msg time="2024-06-08T12:25:38.183965" level="INFO">/opt/hostedtoolcache/Python/3.12.3/x64/lib/python3.12/site-packages/urllib3/connectionpool.py:1103: InsecureRequestWarning: Unverified HTTPS request is being made to host 'randomuser.me'. Adding certificate verification is strongly advised. See: https://urllib3.readthedocs.io/en/latest/advanced-usage.html#tls-warnings
  warnings.warn(</msg>
<msg time="2024-06-08T12:25:38.184081" level="INFO">${response} = &lt;Response [200]&gt;</msg>
<var>${response}</var>
<arg>consultarAPI</arg>
<arg>/api</arg>
<doc>Sends a GET request on a previously created HTTP Session.</doc>
<status status="PASS" start="2024-06-08T12:25:38.077781" elapsed="0.106338"/>
</kw>
<kw name="Set Variable" owner="BuiltIn">
<msg time="2024-06-08T12:25:38.185418" level="INFO">${json_data} = {'results': [{'gender': 'female', 'name': {'title': 'Ms', 'first': 'Olja', 'last': 'Jelačić'}, 'location': {'street': {'number': 1450, 'name': 'Ðorđa Milovanovića'}, 'city': 'Bogatić', 'state': 'Bor',...</msg>
<var>${json_data}</var>
<arg>${response.json()}</arg>
<doc>Returns the given values which can then be assigned to a variables.</doc>
<status status="PASS" start="2024-06-08T12:25:38.184790" elapsed="0.000660"/>
</kw>
<kw name="Log" owner="BuiltIn">
<msg time="2024-06-08T12:25:38.185931" level="INFO">{'results': [{'gender': 'female', 'name': {'title': 'Ms', 'first': 'Olja', 'last': 'Jelačić'}, 'location': {'street': {'number': 1450, 'name': 'Ðorđa Milovanovića'}, 'city': 'Bogatić', 'state': 'Bor', 'country': 'Serbia', 'postcode': 17251, 'coordinates': {'latitude': '58.2661', 'longitude': '59.2809'}, 'timezone': {'offset': '+5:45', 'description': 'Kathmandu'}}, 'email': 'olja.jelacic@example.com', 'login': {'uuid': 'a4ab2320-1d3b-432a-8c38-ec32b0974d0a', 'username': 'orangetiger793', 'password': 'camille', 'salt': '3oRnlNqU', 'md5': '0c35e2edacf0d8386538d4c62494e541', 'sha1': 'b4f8bb69013c86e9ac0e6143efc3695e78b2f207', 'sha256': '8374af6347d6359f4d135148aee7ce8a302f6a8f2b7233a54d6ea862d558a32c'}, 'dob': {'date': '1957-10-06T14:24:44.245Z', 'age': 66}, 'registered': {'date': '2004-12-07T23:56:26.372Z', 'age': 19}, 'phone': '015-4280-626', 'cell': '061-4036-963', 'id': {'name': 'SID', 'value': '910282041'}, 'picture': {'large': 'https://randomuser.me/api/portraits/women/68.jpg', 'medium': 'https://randomuser.me/api/portraits/med/women/68.jpg', 'thumbnail': 'https://randomuser.me/api/portraits/thumb/women/68.jpg'}, 'nat': 'RS'}], 'info': {'seed': '2499c0965bf18377', 'results': 1, 'page': 1, 'version': '1.4'}}</msg>
<arg>${json_data}</arg>
<doc>Logs the given message with the given level.</doc>
<status status="PASS" start="2024-06-08T12:25:38.185768" elapsed="0.000249"/>
</kw>
<kw name="Should Be Equal As Numbers" owner="BuiltIn">
<arg>${json_data['results'][0]['location']['postcode']}</arg>
<arg>${json_data['results'][0]['location']['postcode']}</arg>
<doc>Fails if objects are unequal after converting them to real numbers.</doc>
<status status="PASS" start="2024-06-08T12:25:38.186321" elapsed="0.000687"/>
</kw>
<kw name="Log" owner="BuiltIn">
<msg time="2024-06-08T12:25:38.187563" level="INFO">17251</msg>
<arg>${json_data['results'][0]['location']['postcode']}</arg>
<doc>Logs the given message with the given level.</doc>
<status status="PASS" start="2024-06-08T12:25:38.187207" elapsed="0.000397"/>
</kw>
<status status="PASS" start="2024-06-08T12:25:38.077548" elapsed="0.110313"/>
</kw>
<doc>Testa se os tipos de dados na resposta da API estão corretos.</doc>
<tag>testeTiposDados</tag>
<status status="PASS" start="2024-06-08T12:25:37.755756" elapsed="0.432284"/>
</test>
<test id="s1-s1-t5" name="Validar conteudo" line="35">
<kw name="Teste de Tipos de Conteudo" owner="random-user-service">
<kw name="GET On Session" owner="RequestsLibrary">
<msg time="2024-06-08T12:25:38.239409" level="INFO">GET Request : url=https://randomuser.me/api 
 path_url=/api 
 headers={'User-Agent': 'python-requests/2.32.3', 'Accept-Encoding': 'gzip, deflate', 'Accept': '*/*', 'Connection': 'keep-alive'} 
 body=None 
 </msg>
<msg time="2024-06-08T12:25:38.239521" level="INFO">GET Response : url=https://randomuser.me/api 
 status=200, reason=OK 
 headers={'Date': 'Sat, 08 Jun 2024 12:25:38 GMT', 'Content-Type': 'application/json; charset=utf-8', 'Transfer-Encoding': 'chunked', 'Connection': 'keep-alive', 'X-Powered-By': 'Express', 'Access-Control-Allow-Origin': '*', 'Cache-Control': 'no-cache', 'ETag': 'W/"481-9IfdzLAKv8BuiGsiAQ0xAeglu5Y"', 'Vary': 'Accept-Encoding', 'Content-Encoding': 'gzip', 'CF-Cache-Status': 'DYNAMIC', 'Report-To': '{"endpoints":[{"url":"https:\\/\\/a.nel.cloudflare.com\\/report\\/v4?s=QlWwO43vEfmXPbAH3asOwxSxQ6r%2Fc5dHUIcs8UgD2Q04DqWAV%2BjtH5cdT0Nzh08LuUQY1pBJoaxwj48aWN5eJkSL7%2FEPo4slk4ipMFREvQcyIV0XHkPeypvJv48pY3GG"}],"group":"cf-nel","max_age":604800}', 'NEL': '{"success_fraction":0,"report_to":"cf-nel","max_age":604800}', 'Server': 'cloudflare', 'CF-RAY': '8908dd9dbbcf1137-ORD', 'alt-svc': 'h3=":443"; ma=86400'} 
 body={"results":[{"gender":"female","name":{"title":"Mrs","first":"Leslie","last":"Carr"},"location":{"street":{"number":161,"name":"E Little York Rd"},"city":"West Jordan","state":"Arkansas","country":"United States","postcode":61929,"coordinates":{"latitude":"89.2139","longitude":"85.4268"},"timezone":{"offset":"+3:30","description":"Tehran"}},"email":"leslie.carr@example.com","login":{"uuid":"92a903f1-9cdb-474c-b832-95942c4361e9","username":"blacklion415","password":"chewie","salt":"W1TErWmF","md5":"412eab7d91f893b9bc657967bd62e947","sha1":"0037b2768d64ba2581629c8c47c733b1225eb1cb","sha256":"821b81f3fce4a3948a6f04a2fbbb8eb6789b901e0fa34f7e306c500190b04272"},"dob":{"date":"1977-03-03T23:28:31.160Z","age":47},"registered":{"date":"2007-12-19T11:11:03.471Z","age":16},"phone":"(822) 519-6508","cell":"(502) 662-3801","id":{"name":"SSN","value":"503-41-2294"},"picture":{"large":"https://randomuser.me/api/portraits/women/15.jpg","medium":"https://randomuser.me/api/portraits/med/women/15.jpg","thumbnail":"https://randomuser.me/api/portraits/thumb/women/15.jpg"},"nat":"US"}],"info":{"seed":"d7a3a617b72300a5","results":1,"page":1,"version":"1.4"}} 
 </msg>
<msg time="2024-06-08T12:25:38.239605" level="INFO">/opt/hostedtoolcache/Python/3.12.3/x64/lib/python3.12/site-packages/urllib3/connectionpool.py:1103: InsecureRequestWarning: Unverified HTTPS request is being made to host 'randomuser.me'. Adding certificate verification is strongly advised. See: https://urllib3.readthedocs.io/en/latest/advanced-usage.html#tls-warnings
  warnings.warn(</msg>
<msg time="2024-06-08T12:25:38.239753" level="INFO">${response} = &lt;Response [200]&gt;</msg>
<var>${response}</var>
<arg>consultarAPI</arg>
<arg>/api</arg>
<doc>Sends a GET request on a previously created HTTP Session.</doc>
<status status="PASS" start="2024-06-08T12:25:38.190510" elapsed="0.049294"/>
</kw>
<kw name="Set Variable" owner="BuiltIn">
<msg time="2024-06-08T12:25:38.241194" level="INFO">${json_data} = {'results': [{'gender': 'female', 'name': {'title': 'Mrs', 'first': 'Leslie', 'last': 'Carr'}, 'location': {'street': {'number': 161, 'name': 'E Little York Rd'}, 'city': 'West Jordan', 'state': 'Arka...</msg>
<var>${json_data}</var>
<arg>${response.json()}</arg>
<doc>Returns the given values which can then be assigned to a variables.</doc>
<status status="PASS" start="2024-06-08T12:25:38.240535" elapsed="0.000688"/>
</kw>
<kw name="Set Variable" owner="BuiltIn">
<msg time="2024-06-08T12:25:38.241925" level="INFO">${name_title} = Mrs</msg>
<var>${name_title}</var>
<arg>${json_data["results"][0]["name"]["title"]}</arg>
<doc>Returns the given values which can then be assigned to a variables.</doc>
<status status="PASS" start="2024-06-08T12:25:38.241537" elapsed="0.000413"/>
</kw>
<kw name="Create List" owner="BuiltIn">
<msg time="2024-06-08T12:25:38.242413" level="INFO">${allowed_titles} = ['Mr', 'Ms', 'Miss', 'Mrs', 'Madame', 'Monsieur']</msg>
<var>${allowed_titles}</var>
<arg>Mr</arg>
<arg>Ms</arg>
<arg>Miss</arg>
<arg>Mrs</arg>
<arg>Madame</arg>
<arg>Monsieur</arg>
<doc>Returns a list containing given items.</doc>
<status status="PASS" start="2024-06-08T12:25:38.242252" elapsed="0.000185"/>
</kw>
<kw name="List Should Contain Value" owner="Collections">
<msg time="2024-06-08T12:25:38.242952" level="INFO">False</msg>
<arg>${allowed_titles}</arg>
<arg>${name_title}</arg>
<doc>Fails if the ``value`` is not found from ``list``.</doc>
<status status="PASS" start="2024-06-08T12:25:38.242747" elapsed="0.000248"/>
</kw>
<kw name="Set Variable" owner="BuiltIn">
<msg time="2024-06-08T12:25:38.243864" level="INFO">${name_country} = US</msg>
<var>${name_country}</var>
<arg>${json_data["results"][0]["nat"]}</arg>
<doc>Returns the given values which can then be assigned to a variables.</doc>
<status status="PASS" start="2024-06-08T12:25:38.243291" elapsed="0.000599"/>
</kw>
<kw name="Create List" owner="BuiltIn">
<msg time="2024-06-08T12:25:38.244812" level="INFO">${list_country} = ['AD', 'AE', 'AF', 'AG', 'AI', 'AL', 'AM', 'AO', 'AQ', 'AR', 'AS', 'AT', 'AU', 'AW', 'AX', 'AZ', 'BA', 'BB', 'BD', 'BE', 'BF', 'BG', 'BH', 'BI', 'BJ', 'BL', 'BM', 'BN', 'BO', 'BQ', 'BR', 'BS', 'BT', '...</msg>
<var>${list_country}</var>
<arg>AD</arg>
<arg>AE</arg>
<arg>AF</arg>
<arg>AG</arg>
<arg>AI</arg>
<arg>AL</arg>
<arg>AM</arg>
<arg>AO</arg>
<arg>AQ</arg>
<arg>AR</arg>
<arg>AS</arg>
<arg>AT</arg>
<arg>AU</arg>
<arg>AW</arg>
<arg>AX</arg>
<arg>AZ</arg>
<arg>BA</arg>
<arg>BB</arg>
<arg>BD</arg>
<arg>BE</arg>
<arg>BF</arg>
<arg>BG</arg>
<arg>BH</arg>
<arg>BI</arg>
<arg>BJ</arg>
<arg>BL</arg>
<arg>BM</arg>
<arg>BN</arg>
<arg>BO</arg>
<arg>BQ</arg>
<arg>BR</arg>
<arg>BS</arg>
<arg>BT</arg>
<arg>BV</arg>
<arg>BW</arg>
<arg>BY</arg>
<arg>BZ</arg>
<arg>CA</arg>
<arg>CC</arg>
<arg>CD</arg>
<arg>CF</arg>
<arg>CG</arg>
<arg>CH</arg>
<arg>CI</arg>
<arg>CK</arg>
<arg>CL</arg>
<arg>CM</arg>
<arg>CN</arg>
<arg>CO</arg>
<arg>CR</arg>
<arg>CU</arg>
<arg>CV</arg>
<arg>CW</arg>
<arg>CX</arg>
<arg>CY</arg>
<arg>CZ</arg>
<arg>DE</arg>
<arg>DJ</arg>
<arg>DK</arg>
<arg>DM</arg>
<arg>DO</arg>
<arg>DZ</arg>
<arg>EC</arg>
<arg>EE</arg>
<arg>EG</arg>
<arg>EH</arg>
<arg>ER</arg>
<arg>ES</arg>
<arg>ET</arg>
<arg>FI</arg>
<arg>FJ</arg>
<arg>FK</arg>
<arg>FM</arg>
<arg>FO</arg>
<arg>FR</arg>
<arg>GA</arg>
<arg>GB</arg>
<arg>GD</arg>
<arg>GE</arg>
<arg>GF</arg>
<arg>GG</arg>
<arg>GH</arg>
<arg>GI</arg>
<arg>GL</arg>
<arg>GM</arg>
<arg>GN</arg>
<arg>GP</arg>
<arg>GQ</arg>
<arg>GR</arg>
<arg>GS</arg>
<arg>GT</arg>
<arg>GU</arg>
<arg>GW</arg>
<arg>GY</arg>
<arg>HK</arg>
<arg>HM</arg>
<arg>HN</arg>
<arg>HR</arg>
<arg>HT</arg>
<arg>HU</arg>
<arg>ID</arg>
<arg>IE</arg>
<arg>IL</arg>
<arg>IM</arg>
<arg>IN</arg>
<arg>IO</arg>
<arg>IQ</arg>
<arg>IR</arg>
<arg>IS</arg>
<arg>IT</arg>
<arg>JE</arg>
<arg>JM</arg>
<arg>JO</arg>
<arg>JP</arg>
<arg>KE</arg>
<arg>KG</arg>
<arg>KH</arg>
<arg>KI</arg>
<arg>KM</arg>
<arg>KN</arg>
<arg>KP</arg>
<arg>KR</arg>
<arg>KW</arg>
<arg>KY</arg>
<arg>KZ</arg>
<arg>LA</arg>
<arg>LB</arg>
<arg>LC</arg>
<arg>LI</arg>
<arg>LK</arg>
<arg>LR</arg>
<arg>LS</arg>
<arg>LT</arg>
<arg>LU</arg>
<arg>LV</arg>
<arg>LY</arg>
<arg>MA</arg>
<arg>MC</arg>
<arg>MD</arg>
<arg>ME</arg>
<arg>MF</arg>
<arg>MG</arg>
<arg>MH</arg>
<arg>MK</arg>
<arg>ML</arg>
<arg>MM</arg>
<arg>MN</arg>
<arg>MO</arg>
<arg>MP</arg>
<arg>MQ</arg>
<arg>MR</arg>
<arg>MS</arg>
<arg>MT</arg>
<arg>MU</arg>
<arg>MV</arg>
<arg>MW</arg>
<arg>MX</arg>
<arg>MY</arg>
<arg>MZ</arg>
<arg>NA</arg>
<arg>NC</arg>
<arg>NE</arg>
<arg>NF</arg>
<arg>NG</arg>
<arg>NI</arg>
<arg>NL</arg>
<arg>NO</arg>
<arg>NP</arg>
<arg>NR</arg>
<arg>NU</arg>
<arg>NZ</arg>
<arg>OM</arg>
<arg>PA</arg>
<arg>PE</arg>
<arg>PF</arg>
<arg>PG</arg>
<arg>PH</arg>
<arg>PK</arg>
<arg>PL</arg>
<arg>PM</arg>
<arg>PN</arg>
<arg>PR</arg>
<arg>PS</arg>
<arg>PT</arg>
<arg>PW</arg>
<arg>PY</arg>
<arg>QA</arg>
<arg>RE</arg>
<arg>RO</arg>
<arg>RS</arg>
<arg>RU</arg>
<arg>RW</arg>
<arg>SA</arg>
<arg>SB</arg>
<arg>SC</arg>
<arg>SD</arg>
<arg>SE</arg>
<arg>SG</arg>
<arg>SH</arg>
<arg>SI</arg>
<arg>SJ</arg>
<arg>SK</arg>
<arg>SL</arg>
<arg>SM</arg>
<arg>SN</arg>
<arg>SO</arg>
<arg>SR</arg>
<arg>SS</arg>
<arg>ST</arg>
<arg>SV</arg>
<arg>SX</arg>
<arg>SY</arg>
<arg>SZ</arg>
<arg>TC</arg>
<arg>TD</arg>
<arg>TF</arg>
<arg>TG</arg>
<arg>TH</arg>
<arg>TJ</arg>
<arg>TK</arg>
<arg>TL</arg>
<arg>TM</arg>
<arg>TN</arg>
<arg>TO</arg>
<arg>TR</arg>
<arg>TT</arg>
<arg>TV</arg>
<arg>TW</arg>
<arg>TZ</arg>
<arg>UA</arg>
<arg>UG</arg>
<arg>UM</arg>
<arg>US</arg>
<arg>UY</arg>
<arg>UZ</arg>
<arg>VA</arg>
<arg>VC</arg>
<arg>VE</arg>
<arg>VG</arg>
<arg>VI</arg>
<arg>VN</arg>
<arg>VU</arg>
<arg>WF</arg>
<arg>WS</arg>
<arg>XK</arg>
<arg>YE</arg>
<arg>YT</arg>
<arg>ZA</arg>
<arg>ZM</arg>
<arg>ZW</arg>
<doc>Returns a list containing given items.</doc>
<status status="PASS" start="2024-06-08T12:25:38.244203" elapsed="0.000635"/>
</kw>
<kw name="List Should Contain Value" owner="Collections">
<msg time="2024-06-08T12:25:38.245825" level="INFO">False</msg>
<arg>${list_country}</arg>
<arg>${name_country}</arg>
<doc>Fails if the ``value`` is not found from ``list``.</doc>
<status status="PASS" start="2024-06-08T12:25:38.245619" elapsed="0.000242"/>
</kw>
<kw name="Run Keyword If" owner="BuiltIn">
<kw name="Should Be True" owner="BuiltIn">
<arg>${True}</arg>
<doc>Fails if the given condition is not true.</doc>
<status status="PASS" start="2024-06-08T12:25:38.246943" elapsed="0.000145"/>
</kw>
<arg>${json_data["results"][0]["location"]["coordinates"]["latitude"]} &gt;= -90 and ${json_data["results"][0]["location"]["coordinates"]["latitude"]} &lt;= 90</arg>
<arg>Should Be True</arg>
<arg>${True}</arg>
<doc>Runs the given keyword with the given arguments, if ``condition`` is true.</doc>
<status status="PASS" start="2024-06-08T12:25:38.246175" elapsed="0.001039"/>
</kw>
<kw name="Run Keyword If" owner="BuiltIn">
<kw name="Should Be True" owner="BuiltIn">
<arg>${True}</arg>
<doc>Fails if the given condition is not true.</doc>
<status status="PASS" start="2024-06-08T12:25:38.248109" elapsed="0.000141"/>
</kw>
<arg>${json_data["results"][0]["location"]["coordinates"]["longitude"]} &gt;= -180 and ${json_data["results"][0]["location"]["coordinates"]["longitude"]} &lt;= 180</arg>
<arg>Should Be True</arg>
<arg>${True}</arg>
<doc>Runs the given keyword with the given arguments, if ``condition`` is true.</doc>
<status status="PASS" start="2024-06-08T12:25:38.247406" elapsed="0.000968"/>
</kw>
<status status="PASS" start="2024-06-08T12:25:38.190273" elapsed="0.058233"/>
</kw>
<doc>Testa o conteúdo específico dos campos retornados pela API.</doc>
<tag>testeConteudo</tag>
<status status="PASS" start="2024-06-08T12:25:38.189805" elapsed="0.058853"/>
</test>
<status status="PASS" start="2024-06-08T12:25:37.097127" elapsed="1.153475"/>
</suite>
<status status="PASS" start="2024-06-08T12:25:37.083345" elapsed="1.172464"/>
</suite>
<statistics>
<total>
<stat pass="5" fail="0" skip="0">All Tests</stat>
</total>
<tag>
<stat pass="1" fail="0" skip="0">testeConteudo</stat>
<stat pass="1" fail="0" skip="0">testeEstruturaResposta</stat>
<stat pass="1" fail="0" skip="0">testeRequisicaoBasica</stat>
<stat pass="1" fail="0" skip="0">testeTiposDados</stat>
</tag>
<suite>
<stat pass="5" fail="0" skip="0" id="s1" name="Tests">Tests</stat>
<stat pass="5" fail="0" skip="0" id="s1-s1" name="Random-User-Test">Tests.Random-User-Test</stat>
</suite>
</statistics>
<errors>
</errors>
</robot>
