<?xml version="1.0" encoding="UTF-8"?>
<robot generator="Robot 7.0.1 (Python 3.12.4 on linux)" generated="2024-07-16T15:13:41.249968" rpa="false" schemaversion="5">
<suite id="s1" name="Tests" source="/home/runner/work/ApiRandomUser/ApiRandomUser/RamdonUser/tests">
<suite id="s1-s1" name="Random-User-Test" source="/home/runner/work/ApiRandomUser/ApiRandomUser/RamdonUser/tests/random-user-test.robot">
<test id="s1-s1-t1" name="Conectar" line="13">
<kw name="Conectar API" owner="random-user-service">
<kw name="Create Session" owner="RequestsLibrary">
<msg time="2024-07-16T15:13:41.658941" level="INFO">Creating Session using : alias=consultarAPI, url=https://randomuser.me/, headers={},                     cookies={}, auth=None, timeout=None, proxies=None, verify=False,                     debug=0 </msg>
<arg>consultarAPI</arg>
<arg>${URL}</arg>
<doc>Create Session: create a HTTP session to a server</doc>
<status status="PASS" start="2024-07-16T15:13:41.658700" elapsed="0.000439"/>
</kw>
<status status="PASS" start="2024-07-16T15:13:41.657701" elapsed="0.001802"/>
</kw>
<status status="PASS" start="2024-07-16T15:13:41.657110" elapsed="0.002583"/>
</test>
<test id="s1-s1-t2" name="Validar retorno 200 e JSON Válido" line="16">
<kw name="Teste de Requisicao Basica" owner="random-user-service">
<kw name="GET On Session" owner="RequestsLibrary">
<msg time="2024-07-16T15:13:42.401300" level="INFO">GET Request : url=https://randomuser.me/api 
 path_url=/api 
 headers={'User-Agent': 'python-requests/2.32.3', 'Accept-Encoding': 'gzip, deflate', 'Accept': '*/*', 'Connection': 'keep-alive'} 
 body=None 
 </msg>
<msg time="2024-07-16T15:13:42.401450" level="INFO">GET Response : url=https://randomuser.me/api 
 status=200, reason=OK 
 headers={'Date': 'Tue, 16 Jul 2024 15:13:42 GMT', 'Content-Type': 'application/json; charset=utf-8', 'Transfer-Encoding': 'chunked', 'Connection': 'keep-alive', 'X-Powered-By': 'Express', 'Access-Control-Allow-Origin': '*', 'Cache-Control': 'no-cache', 'ETag': 'W/"48c-jitQXK5O7ci5d6YXGoUyI+lCl4w"', 'Vary': 'Accept-Encoding', 'Content-Encoding': 'gzip', 'CF-Cache-Status': 'DYNAMIC', 'Report-To': '{"endpoints":[{"url":"https:\\/\\/a.nel.cloudflare.com\\/report\\/v4?s=gyFW0bmk8a1OrZJfdROEnsu2tLPsghq3Axjwxf9nL2qYpCprYpc8i9jV0nSBzdsIvcUDJG8J1aAlcg5apqfSenWD16Ewa2b%2Bt%2BzHDTkVcza%2BSfasZP6mmQK2jEYnAmjf"}],"group":"cf-nel","max_age":604800}', 'NEL': '{"success_fraction":0,"report_to":"cf-nel","max_age":604800}', 'Server': 'cloudflare', 'CF-RAY': '8a42f00c99a32dbe-ORD', 'alt-svc': 'h3=":443"; ma=86400'} 
 body={"results":[{"gender":"male","name":{"title":"Mr","first":"اميرمحمد","last":"نجاتی"},"location":{"street":{"number":5924,"name":"17 شهریور"},"city":"قرچک","state":"اردبیل","country":"Iran","postcode":12230,"coordinates":{"latitude":"14.6262","longitude":"-76.2140"},"timezone":{"offset":"-8:00","description":"Pacific Time (US &amp; Canada)"}},"email":"myrmhmd.njty@example.com","login":{"uuid":"3b290a10-6bc0-4c2c-9512-0f994c082066","username":"beautifulcat137","password":"evolutio","salt":"xUWaVkUK","md5":"0b85779097ccb74948c6f310aa9cc51a","sha1":"77b9112aa51580210987f853aa00ee01ff441796","sha256":"357e96a51d762725a68830c190169da855a7ce6dea5ba42a31b5e4df79e245f9"},"dob":{"date":"2000-07-12T21:45:11.219Z","age":24},"registered":{"date":"2014-01-11T23:31:26.555Z","age":10},"phone":"027-05104431","cell":"0932-575-2191","id":{"name":"","value":null},"picture":{"large":"https://randomuser.me/api/portraits/men/57.jpg","medium":"https://randomuser.me/api/portraits/med/men/57.jpg","thumbnail":"https://randomuser.me/api/portraits/thumb/men/57.jpg"},"nat":"IR"}],"info":{"seed":"4a0d171de4bf3932","results":1,"page":1,"version":"1.4"}} 
 </msg>
<msg time="2024-07-16T15:13:42.401539" level="INFO">/opt/hostedtoolcache/Python/3.12.4/x64/lib/python3.12/site-packages/urllib3/connectionpool.py:1099: InsecureRequestWarning: Unverified HTTPS request is being made to host 'randomuser.me'. Adding certificate verification is strongly advised. See: https://urllib3.readthedocs.io/en/latest/advanced-usage.html#tls-warnings
  warnings.warn(</msg>
<msg time="2024-07-16T15:13:42.401677" level="INFO">${response} = &lt;Response [200]&gt;</msg>
<var>${response}</var>
<arg>consultarAPI</arg>
<arg>/api</arg>
<doc>Sends a GET request on a previously created HTTP Session.</doc>
<status status="PASS" start="2024-07-16T15:13:41.662283" elapsed="0.739437"/>
</kw>
<kw name="Should Be Equal As Numbers" owner="BuiltIn">
<msg time="2024-07-16T15:13:42.402724" level="INFO">Argument types are:
&lt;class 'int'&gt;
&lt;class 'str'&gt;</msg>
<arg>${response.status_code}</arg>
<arg>200</arg>
<doc>Fails if objects are unequal after converting them to real numbers.</doc>
<status status="PASS" start="2024-07-16T15:13:42.402264" elapsed="0.000523"/>
</kw>
<kw name="Log" owner="BuiltIn">
<msg time="2024-07-16T15:13:42.403494" level="INFO">200</msg>
<arg>${response.status_code}</arg>
<doc>Logs the given message with the given level.</doc>
<status status="PASS" start="2024-07-16T15:13:42.403153" elapsed="0.000383"/>
</kw>
<kw name="Set Variable" owner="BuiltIn">
<msg time="2024-07-16T15:13:42.404277" level="INFO">${json_data} = {'results': [{'gender': 'male', 'name': {'title': 'Mr', 'first': 'اميرمحمد', 'last': 'نجاتی'}, 'location': {'street': {'number': 5924, 'name': '17 شهریور'}, 'city': 'قرچک', 'state': 'اردبیل', 'country...</msg>
<var>${json_data}</var>
<arg>${response.json()}</arg>
<doc>Returns the given values which can then be assigned to a variables.</doc>
<status status="PASS" start="2024-07-16T15:13:42.403838" elapsed="0.000470"/>
</kw>
<kw name="Dictionary Should Contain Key" owner="Collections">
<arg>${json_data}</arg>
<arg>results</arg>
<doc>Fails if ``key`` is not found from ``dictionary``.</doc>
<status status="PASS" start="2024-07-16T15:13:42.404604" elapsed="0.000170"/>
</kw>
<status status="PASS" start="2024-07-16T15:13:41.662037" elapsed="0.742888"/>
</kw>
<doc>Testa se a API responde corretamente e retorna um objeto JSON válido.</doc>
<tag>testeRequisicaoBasica</tag>
<status status="PASS" start="2024-07-16T15:13:41.661570" elapsed="0.743539"/>
</test>
<test id="s1-s1-t3" name="Validar estrutura de resposta" line="22">
<kw name="Teste de Estrutura de Resposta" owner="random-user-service">
<kw name="GET On Session" owner="RequestsLibrary">
<msg time="2024-07-16T15:13:42.702294" level="INFO">GET Request : url=https://randomuser.me/api 
 path_url=/api 
 headers={'User-Agent': 'python-requests/2.32.3', 'Accept-Encoding': 'gzip, deflate', 'Accept': '*/*', 'Connection': 'keep-alive'} 
 body=None 
 </msg>
<msg time="2024-07-16T15:13:42.702409" level="INFO">GET Response : url=https://randomuser.me/api 
 status=200, reason=OK 
 headers={'Date': 'Tue, 16 Jul 2024 15:13:42 GMT', 'Content-Type': 'application/json; charset=utf-8', 'Transfer-Encoding': 'chunked', 'Connection': 'keep-alive', 'X-Powered-By': 'Express', 'Access-Control-Allow-Origin': '*', 'Cache-Control': 'no-cache', 'ETag': 'W/"48a-2XtFt/KBksGlvDcp6Pw0UKKofuM"', 'Vary': 'Accept-Encoding', 'Content-Encoding': 'gzip', 'CF-Cache-Status': 'DYNAMIC', 'Report-To': '{"endpoints":[{"url":"https:\\/\\/a.nel.cloudflare.com\\/report\\/v4?s=t2OuVWmnGtXvc3q2WRsKYo6XZfxH1kt3ekwYHtXjFOeIGqyFUIF%2BSKS%2BGLsvn76WboNTdhiNXd4r17OU3hTVJ6S5XJxpFA4WNasN3e3xL8S2C8kyrIcKQerwwcdtnRQn"}],"group":"cf-nel","max_age":604800}', 'NEL': '{"success_fraction":0,"report_to":"cf-nel","max_age":604800}', 'Server': 'cloudflare', 'CF-RAY': '8a42f0100e532dbe-ORD', 'alt-svc': 'h3=":443"; ma=86400'} 
 body={"results":[{"gender":"male","name":{"title":"Mr","first":"Julius","last":"Latvala"},"location":{"street":{"number":492,"name":"Suvantokatu"},"city":"Porvoo","state":"Finland Proper","country":"Finland","postcode":73102,"coordinates":{"latitude":"-28.0869","longitude":"-10.7485"},"timezone":{"offset":"+6:00","description":"Almaty, Dhaka, Colombo"}},"email":"julius.latvala@example.com","login":{"uuid":"67c0da1b-fff8-449f-9098-1aa81e2a0f0f","username":"organicleopard197","password":"1016","salt":"080FrJ8v","md5":"dbedb3a51a88046bd3718d0e1eece7a7","sha1":"672e772e139c799f84372b3c99cca9243c9610f9","sha256":"a7acd5f5e268e5e87d2f15f725e521601060b37c6efb60d6ca1232d4e03b33c8"},"dob":{"date":"1983-05-26T16:30:30.302Z","age":41},"registered":{"date":"2015-08-08T16:01:56.390Z","age":8},"phone":"02-916-090","cell":"049-521-61-25","id":{"name":"HETU","value":"NaNNA157undefined"},"picture":{"large":"https://randomuser.me/api/portraits/men/54.jpg","medium":"https://randomuser.me/api/portraits/med/men/54.jpg","thumbnail":"https://randomuser.me/api/portraits/thumb/men/54.jpg"},"nat":"FI"}],"info":{"seed":"3e1194f69e06fc68","results":1,"page":1,"version":"1.4"}} 
 </msg>
<msg time="2024-07-16T15:13:42.702549" level="INFO">/opt/hostedtoolcache/Python/3.12.4/x64/lib/python3.12/site-packages/urllib3/connectionpool.py:1099: InsecureRequestWarning: Unverified HTTPS request is being made to host 'randomuser.me'. Adding certificate verification is strongly advised. See: https://urllib3.readthedocs.io/en/latest/advanced-usage.html#tls-warnings
  warnings.warn(</msg>
<msg time="2024-07-16T15:13:42.702675" level="INFO">${response} = &lt;Response [200]&gt;</msg>
<var>${response}</var>
<arg>consultarAPI</arg>
<arg>/api</arg>
<doc>Sends a GET request on a previously created HTTP Session.</doc>
<status status="PASS" start="2024-07-16T15:13:42.407706" elapsed="0.294996"/>
</kw>
<kw name="Set Variable" owner="BuiltIn">
<msg time="2024-07-16T15:13:42.703756" level="INFO">${json_data} = {'results': [{'gender': 'male', 'name': {'title': 'Mr', 'first': 'Julius', 'last': 'Latvala'}, 'location': {'street': {'number': 492, 'name': 'Suvantokatu'}, 'city': 'Porvoo', 'state': 'Finland Proper...</msg>
<var>${json_data}</var>
<arg>${response.json()}</arg>
<doc>Returns the given values which can then be assigned to a variables.</doc>
<status status="PASS" start="2024-07-16T15:13:42.703256" elapsed="0.000529"/>
</kw>
<kw name="Log" owner="BuiltIn">
<msg time="2024-07-16T15:13:42.704245" level="INFO">{'results': [{'gender': 'male', 'name': {'title': 'Mr', 'first': 'Julius', 'last': 'Latvala'}, 'location': {'street': {'number': 492, 'name': 'Suvantokatu'}, 'city': 'Porvoo', 'state': 'Finland Proper', 'country': 'Finland', 'postcode': 73102, 'coordinates': {'latitude': '-28.0869', 'longitude': '-10.7485'}, 'timezone': {'offset': '+6:00', 'description': 'Almaty, Dhaka, Colombo'}}, 'email': 'julius.latvala@example.com', 'login': {'uuid': '67c0da1b-fff8-449f-9098-1aa81e2a0f0f', 'username': 'organicleopard197', 'password': '1016', 'salt': '080FrJ8v', 'md5': 'dbedb3a51a88046bd3718d0e1eece7a7', 'sha1': '672e772e139c799f84372b3c99cca9243c9610f9', 'sha256': 'a7acd5f5e268e5e87d2f15f725e521601060b37c6efb60d6ca1232d4e03b33c8'}, 'dob': {'date': '1983-05-26T16:30:30.302Z', 'age': 41}, 'registered': {'date': '2015-08-08T16:01:56.390Z', 'age': 8}, 'phone': '02-916-090', 'cell': '049-521-61-25', 'id': {'name': 'HETU', 'value': 'NaNNA157undefined'}, 'picture': {'large': 'https://randomuser.me/api/portraits/men/54.jpg', 'medium': 'https://randomuser.me/api/portraits/med/men/54.jpg', 'thumbnail': 'https://randomuser.me/api/portraits/thumb/men/54.jpg'}, 'nat': 'FI'}], 'info': {'seed': '3e1194f69e06fc68', 'results': 1, 'page': 1, 'version': '1.4'}}</msg>
<arg>${json_data}</arg>
<doc>Logs the given message with the given level.</doc>
<status status="PASS" start="2024-07-16T15:13:42.704089" elapsed="0.000204"/>
</kw>
<kw name="Dictionary Should Contain Key" owner="Collections">
<arg>${json_data}</arg>
<arg>results</arg>
<doc>Fails if ``key`` is not found from ``dictionary``.</doc>
<status status="PASS" start="2024-07-16T15:13:42.704581" elapsed="0.000159"/>
</kw>
<kw name="Should Not Be Empty" owner="BuiltIn">
<msg time="2024-07-16T15:13:42.705047" level="INFO">Length is 2.</msg>
<arg>${json_data}</arg>
<doc>Verifies that the given item is not empty.</doc>
<status status="PASS" start="2024-07-16T15:13:42.704921" elapsed="0.000167"/>
</kw>
<kw name="Create List" owner="BuiltIn">
<msg time="2024-07-16T15:13:42.705674" level="INFO">${expected_keys} = ['gender', 'name', 'location', 'email', 'login']</msg>
<var>${expected_keys}</var>
<arg>gender</arg>
<arg>name</arg>
<arg>location</arg>
<arg>email</arg>
<arg>login</arg>
<doc>Returns a list containing given items.</doc>
<status status="PASS" start="2024-07-16T15:13:42.705375" elapsed="0.000323"/>
</kw>
<for flavor="IN">
<iter>
<kw name="Dictionary Should Contain Key" owner="Collections">
<arg>${json_data['results'][0]}</arg>
<arg>${key}</arg>
<doc>Fails if ``key`` is not found from ``dictionary``.</doc>
<status status="PASS" start="2024-07-16T15:13:42.706283" elapsed="0.000394"/>
</kw>
<kw name="Log" owner="BuiltIn">
<msg time="2024-07-16T15:13:42.707257" level="INFO">{'gender': 'male', 'name': {'title': 'Mr', 'first': 'Julius', 'last': 'Latvala'}, 'location': {'street': {'number': 492, 'name': 'Suvantokatu'}, 'city': 'Porvoo', 'state': 'Finland Proper', 'country': 'Finland', 'postcode': 73102, 'coordinates': {'latitude': '-28.0869', 'longitude': '-10.7485'}, 'timezone': {'offset': '+6:00', 'description': 'Almaty, Dhaka, Colombo'}}, 'email': 'julius.latvala@example.com', 'login': {'uuid': '67c0da1b-fff8-449f-9098-1aa81e2a0f0f', 'username': 'organicleopard197', 'password': '1016', 'salt': '080FrJ8v', 'md5': 'dbedb3a51a88046bd3718d0e1eece7a7', 'sha1': '672e772e139c799f84372b3c99cca9243c9610f9', 'sha256': 'a7acd5f5e268e5e87d2f15f725e521601060b37c6efb60d6ca1232d4e03b33c8'}, 'dob': {'date': '1983-05-26T16:30:30.302Z', 'age': 41}, 'registered': {'date': '2015-08-08T16:01:56.390Z', 'age': 8}, 'phone': '02-916-090', 'cell': '049-521-61-25', 'id': {'name': 'HETU', 'value': 'NaNNA157undefined'}, 'picture': {'large': 'https://randomuser.me/api/portraits/men/54.jpg', 'medium': 'https://randomuser.me/api/portraits/med/men/54.jpg', 'thumbnail': 'https://randomuser.me/api/portraits/thumb/men/54.jpg'}, 'nat': 'FI'}</msg>
<arg>${json_data['results'][0]}</arg>
<doc>Logs the given message with the given level.</doc>
<status status="PASS" start="2024-07-16T15:13:42.706897" elapsed="0.000409"/>
</kw>
<kw name="Log" owner="BuiltIn">
<msg time="2024-07-16T15:13:42.707734" level="INFO">gender</msg>
<arg>${key}</arg>
<doc>Logs the given message with the given level.</doc>
<status status="PASS" start="2024-07-16T15:13:42.707606" elapsed="0.000166"/>
</kw>
<var name="${key}">gender</var>
<status status="PASS" start="2024-07-16T15:13:42.706152" elapsed="0.001834"/>
</iter>
<iter>
<kw name="Dictionary Should Contain Key" owner="Collections">
<arg>${json_data['results'][0]}</arg>
<arg>${key}</arg>
<doc>Fails if ``key`` is not found from ``dictionary``.</doc>
<status status="PASS" start="2024-07-16T15:13:42.708280" elapsed="0.000383"/>
</kw>
<kw name="Log" owner="BuiltIn">
<msg time="2024-07-16T15:13:42.709194" level="INFO">{'gender': 'male', 'name': {'title': 'Mr', 'first': 'Julius', 'last': 'Latvala'}, 'location': {'street': {'number': 492, 'name': 'Suvantokatu'}, 'city': 'Porvoo', 'state': 'Finland Proper', 'country': 'Finland', 'postcode': 73102, 'coordinates': {'latitude': '-28.0869', 'longitude': '-10.7485'}, 'timezone': {'offset': '+6:00', 'description': 'Almaty, Dhaka, Colombo'}}, 'email': 'julius.latvala@example.com', 'login': {'uuid': '67c0da1b-fff8-449f-9098-1aa81e2a0f0f', 'username': 'organicleopard197', 'password': '1016', 'salt': '080FrJ8v', 'md5': 'dbedb3a51a88046bd3718d0e1eece7a7', 'sha1': '672e772e139c799f84372b3c99cca9243c9610f9', 'sha256': 'a7acd5f5e268e5e87d2f15f725e521601060b37c6efb60d6ca1232d4e03b33c8'}, 'dob': {'date': '1983-05-26T16:30:30.302Z', 'age': 41}, 'registered': {'date': '2015-08-08T16:01:56.390Z', 'age': 8}, 'phone': '02-916-090', 'cell': '049-521-61-25', 'id': {'name': 'HETU', 'value': 'NaNNA157undefined'}, 'picture': {'large': 'https://randomuser.me/api/portraits/men/54.jpg', 'medium': 'https://randomuser.me/api/portraits/med/men/54.jpg', 'thumbnail': 'https://randomuser.me/api/portraits/thumb/men/54.jpg'}, 'nat': 'FI'}</msg>
<arg>${json_data['results'][0]}</arg>
<doc>Logs the given message with the given level.</doc>
<status status="PASS" start="2024-07-16T15:13:42.708843" elapsed="0.000430"/>
</kw>
<kw name="Log" owner="BuiltIn">
<msg time="2024-07-16T15:13:42.709692" level="INFO">name</msg>
<arg>${key}</arg>
<doc>Logs the given message with the given level.</doc>
<status status="PASS" start="2024-07-16T15:13:42.709568" elapsed="0.000160"/>
</kw>
<var name="${key}">name</var>
<status status="PASS" start="2024-07-16T15:13:42.708167" elapsed="0.001778"/>
</iter>
<iter>
<kw name="Dictionary Should Contain Key" owner="Collections">
<arg>${json_data['results'][0]}</arg>
<arg>${key}</arg>
<doc>Fails if ``key`` is not found from ``dictionary``.</doc>
<status status="PASS" start="2024-07-16T15:13:42.710228" elapsed="0.000381"/>
</kw>
<kw name="Log" owner="BuiltIn">
<msg time="2024-07-16T15:13:42.711189" level="INFO">{'gender': 'male', 'name': {'title': 'Mr', 'first': 'Julius', 'last': 'Latvala'}, 'location': {'street': {'number': 492, 'name': 'Suvantokatu'}, 'city': 'Porvoo', 'state': 'Finland Proper', 'country': 'Finland', 'postcode': 73102, 'coordinates': {'latitude': '-28.0869', 'longitude': '-10.7485'}, 'timezone': {'offset': '+6:00', 'description': 'Almaty, Dhaka, Colombo'}}, 'email': 'julius.latvala@example.com', 'login': {'uuid': '67c0da1b-fff8-449f-9098-1aa81e2a0f0f', 'username': 'organicleopard197', 'password': '1016', 'salt': '080FrJ8v', 'md5': 'dbedb3a51a88046bd3718d0e1eece7a7', 'sha1': '672e772e139c799f84372b3c99cca9243c9610f9', 'sha256': 'a7acd5f5e268e5e87d2f15f725e521601060b37c6efb60d6ca1232d4e03b33c8'}, 'dob': {'date': '1983-05-26T16:30:30.302Z', 'age': 41}, 'registered': {'date': '2015-08-08T16:01:56.390Z', 'age': 8}, 'phone': '02-916-090', 'cell': '049-521-61-25', 'id': {'name': 'HETU', 'value': 'NaNNA157undefined'}, 'picture': {'large': 'https://randomuser.me/api/portraits/men/54.jpg', 'medium': 'https://randomuser.me/api/portraits/med/men/54.jpg', 'thumbnail': 'https://randomuser.me/api/portraits/thumb/men/54.jpg'}, 'nat': 'FI'}</msg>
<arg>${json_data['results'][0]}</arg>
<doc>Logs the given message with the given level.</doc>
<status status="PASS" start="2024-07-16T15:13:42.710789" elapsed="0.000449"/>
</kw>
<kw name="Log" owner="BuiltIn">
<msg time="2024-07-16T15:13:42.711672" level="INFO">location</msg>
<arg>${key}</arg>
<doc>Logs the given message with the given level.</doc>
<status status="PASS" start="2024-07-16T15:13:42.711538" elapsed="0.000171"/>
</kw>
<var name="${key}">location</var>
<status status="PASS" start="2024-07-16T15:13:42.710120" elapsed="0.001803"/>
</iter>
<iter>
<kw name="Dictionary Should Contain Key" owner="Collections">
<arg>${json_data['results'][0]}</arg>
<arg>${key}</arg>
<doc>Fails if ``key`` is not found from ``dictionary``.</doc>
<status status="PASS" start="2024-07-16T15:13:42.712201" elapsed="0.000382"/>
</kw>
<kw name="Log" owner="BuiltIn">
<msg time="2024-07-16T15:13:42.713114" level="INFO">{'gender': 'male', 'name': {'title': 'Mr', 'first': 'Julius', 'last': 'Latvala'}, 'location': {'street': {'number': 492, 'name': 'Suvantokatu'}, 'city': 'Porvoo', 'state': 'Finland Proper', 'country': 'Finland', 'postcode': 73102, 'coordinates': {'latitude': '-28.0869', 'longitude': '-10.7485'}, 'timezone': {'offset': '+6:00', 'description': 'Almaty, Dhaka, Colombo'}}, 'email': 'julius.latvala@example.com', 'login': {'uuid': '67c0da1b-fff8-449f-9098-1aa81e2a0f0f', 'username': 'organicleopard197', 'password': '1016', 'salt': '080FrJ8v', 'md5': 'dbedb3a51a88046bd3718d0e1eece7a7', 'sha1': '672e772e139c799f84372b3c99cca9243c9610f9', 'sha256': 'a7acd5f5e268e5e87d2f15f725e521601060b37c6efb60d6ca1232d4e03b33c8'}, 'dob': {'date': '1983-05-26T16:30:30.302Z', 'age': 41}, 'registered': {'date': '2015-08-08T16:01:56.390Z', 'age': 8}, 'phone': '02-916-090', 'cell': '049-521-61-25', 'id': {'name': 'HETU', 'value': 'NaNNA157undefined'}, 'picture': {'large': 'https://randomuser.me/api/portraits/men/54.jpg', 'medium': 'https://randomuser.me/api/portraits/med/men/54.jpg', 'thumbnail': 'https://randomuser.me/api/portraits/thumb/men/54.jpg'}, 'nat': 'FI'}</msg>
<arg>${json_data['results'][0]}</arg>
<doc>Logs the given message with the given level.</doc>
<status status="PASS" start="2024-07-16T15:13:42.712767" elapsed="0.000396"/>
</kw>
<kw name="Log" owner="BuiltIn">
<msg time="2024-07-16T15:13:42.713607" level="INFO">email</msg>
<arg>${key}</arg>
<doc>Logs the given message with the given level.</doc>
<status status="PASS" start="2024-07-16T15:13:42.713476" elapsed="0.000169"/>
</kw>
<var name="${key}">email</var>
<status status="PASS" start="2024-07-16T15:13:42.712094" elapsed="0.001766"/>
</iter>
<iter>
<kw name="Dictionary Should Contain Key" owner="Collections">
<arg>${json_data['results'][0]}</arg>
<arg>${key}</arg>
<doc>Fails if ``key`` is not found from ``dictionary``.</doc>
<status status="PASS" start="2024-07-16T15:13:42.714143" elapsed="0.000383"/>
</kw>
<kw name="Log" owner="BuiltIn">
<msg time="2024-07-16T15:13:42.715076" level="INFO">{'gender': 'male', 'name': {'title': 'Mr', 'first': 'Julius', 'last': 'Latvala'}, 'location': {'street': {'number': 492, 'name': 'Suvantokatu'}, 'city': 'Porvoo', 'state': 'Finland Proper', 'country': 'Finland', 'postcode': 73102, 'coordinates': {'latitude': '-28.0869', 'longitude': '-10.7485'}, 'timezone': {'offset': '+6:00', 'description': 'Almaty, Dhaka, Colombo'}}, 'email': 'julius.latvala@example.com', 'login': {'uuid': '67c0da1b-fff8-449f-9098-1aa81e2a0f0f', 'username': 'organicleopard197', 'password': '1016', 'salt': '080FrJ8v', 'md5': 'dbedb3a51a88046bd3718d0e1eece7a7', 'sha1': '672e772e139c799f84372b3c99cca9243c9610f9', 'sha256': 'a7acd5f5e268e5e87d2f15f725e521601060b37c6efb60d6ca1232d4e03b33c8'}, 'dob': {'date': '1983-05-26T16:30:30.302Z', 'age': 41}, 'registered': {'date': '2015-08-08T16:01:56.390Z', 'age': 8}, 'phone': '02-916-090', 'cell': '049-521-61-25', 'id': {'name': 'HETU', 'value': 'NaNNA157undefined'}, 'picture': {'large': 'https://randomuser.me/api/portraits/men/54.jpg', 'medium': 'https://randomuser.me/api/portraits/med/men/54.jpg', 'thumbnail': 'https://randomuser.me/api/portraits/thumb/men/54.jpg'}, 'nat': 'FI'}</msg>
<arg>${json_data['results'][0]}</arg>
<doc>Logs the given message with the given level.</doc>
<status status="PASS" start="2024-07-16T15:13:42.714707" elapsed="0.000416"/>
</kw>
<kw name="Log" owner="BuiltIn">
<msg time="2024-07-16T15:13:42.715539" level="INFO">login</msg>
<arg>${key}</arg>
<doc>Logs the given message with the given level.</doc>
<status status="PASS" start="2024-07-16T15:13:42.715413" elapsed="0.000163"/>
</kw>
<var name="${key}">login</var>
<status status="PASS" start="2024-07-16T15:13:42.714030" elapsed="0.001757"/>
</iter>
<var>${key}</var>
<value>@{expected_keys}</value>
<status status="PASS" start="2024-07-16T15:13:42.705961" elapsed="0.009954"/>
</for>
<kw name="Create List" owner="BuiltIn">
<msg time="2024-07-16T15:13:42.716275" level="INFO">${expected_keysTwo} = ['username', 'password']</msg>
<var>${expected_keysTwo}</var>
<arg>username</arg>
<arg>password</arg>
<doc>Returns a list containing given items.</doc>
<status status="PASS" start="2024-07-16T15:13:42.716134" elapsed="0.000165"/>
</kw>
<for flavor="IN">
<iter>
<kw name="Dictionary Should Contain Key" owner="Collections">
<arg>${json_data['results'][0]['login']}</arg>
<arg>${keyTwo}</arg>
<doc>Fails if ``key`` is not found from ``dictionary``.</doc>
<status status="PASS" start="2024-07-16T15:13:42.716822" elapsed="0.000390"/>
</kw>
<kw name="Dictionary Should Contain Key" owner="Collections">
<arg>${json_data['results'][0]['login']}</arg>
<arg>${keyTwo}</arg>
<doc>Fails if ``key`` is not found from ``dictionary``.</doc>
<status status="PASS" start="2024-07-16T15:13:42.717393" elapsed="0.000369"/>
</kw>
<kw name="Log" owner="BuiltIn">
<msg time="2024-07-16T15:13:42.718061" level="INFO">username</msg>
<arg>${keyTwo}</arg>
<doc>Logs the given message with the given level.</doc>
<status status="PASS" start="2024-07-16T15:13:42.717941" elapsed="0.000157"/>
</kw>
<var name="${keyTwo}">username</var>
<status status="PASS" start="2024-07-16T15:13:42.716716" elapsed="0.001600"/>
</iter>
<iter>
<kw name="Dictionary Should Contain Key" owner="Collections">
<arg>${json_data['results'][0]['login']}</arg>
<arg>${keyTwo}</arg>
<doc>Fails if ``key`` is not found from ``dictionary``.</doc>
<status status="PASS" start="2024-07-16T15:13:42.718593" elapsed="0.000431"/>
</kw>
<kw name="Dictionary Should Contain Key" owner="Collections">
<arg>${json_data['results'][0]['login']}</arg>
<arg>${keyTwo}</arg>
<doc>Fails if ``key`` is not found from ``dictionary``.</doc>
<status status="PASS" start="2024-07-16T15:13:42.719207" elapsed="0.000373"/>
</kw>
<kw name="Log" owner="BuiltIn">
<msg time="2024-07-16T15:13:42.719874" level="INFO">password</msg>
<arg>${keyTwo}</arg>
<doc>Logs the given message with the given level.</doc>
<status status="PASS" start="2024-07-16T15:13:42.719756" elapsed="0.000160"/>
</kw>
<var name="${keyTwo}">password</var>
<status status="PASS" start="2024-07-16T15:13:42.718488" elapsed="0.001741"/>
</iter>
<var>${keyTwo}</var>
<value>@{expected_keysTwo}</value>
<status status="PASS" start="2024-07-16T15:13:42.716563" elapsed="0.003793"/>
</for>
<status status="PASS" start="2024-07-16T15:13:42.407475" elapsed="0.313022"/>
</kw>
<doc>Testa a estrutura da resposta da API.</doc>
<tag>testeEstruturaResposta</tag>
<status status="PASS" start="2024-07-16T15:13:42.406956" elapsed="0.313698"/>
</test>
<test id="s1-s1-t4" name="Validar tipos de dados" line="28">
<kw name="Teste de Tipos de Dados" owner="random-user-service">
<kw name="GET On Session" owner="RequestsLibrary">
<msg time="2024-07-16T15:13:42.886874" level="INFO">GET Request : url=https://randomuser.me/api 
 path_url=/api 
 headers={'User-Agent': 'python-requests/2.32.3', 'Accept-Encoding': 'gzip, deflate', 'Accept': '*/*', 'Connection': 'keep-alive'} 
 body=None 
 </msg>
<msg time="2024-07-16T15:13:42.886974" level="INFO">GET Response : url=https://randomuser.me/api 
 status=200, reason=OK 
 headers={'Date': 'Tue, 16 Jul 2024 15:13:42 GMT', 'Content-Type': 'application/json; charset=utf-8', 'Transfer-Encoding': 'chunked', 'Connection': 'keep-alive', 'X-Powered-By': 'Express', 'Access-Control-Allow-Origin': '*', 'Cache-Control': 'no-cache', 'ETag': 'W/"480-OSxnBdujHRbbRv/ZTrxnGwT56m0"', 'Vary': 'Accept-Encoding', 'Content-Encoding': 'gzip', 'CF-Cache-Status': 'DYNAMIC', 'Report-To': '{"endpoints":[{"url":"https:\\/\\/a.nel.cloudflare.com\\/report\\/v4?s=0PnMdxagLbPYlRkJwI0wUYH%2FcPqTFlhGH6HscNFkFCNac9jaVXW15YBJIn0HpPy3gABbWHhe01cQ1UhhxhxdJS1aXq15X43VQZbxotUq3kEnoEzLHdoGR%2BtMnrQSQvZK"}],"group":"cf-nel","max_age":604800}', 'NEL': '{"success_fraction":0,"report_to":"cf-nel","max_age":604800}', 'Server': 'cloudflare', 'CF-RAY': '8a42f01208fb2dbe-ORD', 'alt-svc': 'h3=":443"; ma=86400'} 
 body={"results":[{"gender":"female","name":{"title":"Mrs","first":"Jackie","last":"Morales"},"location":{"street":{"number":631,"name":"Depaul Dr"},"city":"Bathurst","state":"New South Wales","country":"Australia","postcode":864,"coordinates":{"latitude":"-83.9549","longitude":"59.2270"},"timezone":{"offset":"+5:45","description":"Kathmandu"}},"email":"jackie.morales@example.com","login":{"uuid":"696b1223-ece0-4393-9280-926a30734101","username":"beautifulmouse259","password":"lickit","salt":"W4doLngk","md5":"6053281d3b9eaabbaae072f91114d9fa","sha1":"82d3f8dbf12998d3d3ac73d3a42d4a5c7bc3dbc8","sha256":"38185b32c584995301f965d24dd55b9f871534d76a968f1dbad6dae0b1d96da6"},"dob":{"date":"1967-12-03T20:30:27.569Z","age":56},"registered":{"date":"2015-01-03T00:09:04.876Z","age":9},"phone":"00-4220-0032","cell":"0450-957-249","id":{"name":"TFN","value":"465791040"},"picture":{"large":"https://randomuser.me/api/portraits/women/19.jpg","medium":"https://randomuser.me/api/portraits/med/women/19.jpg","thumbnail":"https://randomuser.me/api/portraits/thumb/women/19.jpg"},"nat":"AU"}],"info":{"seed":"ebc0271e9958ce15","results":1,"page":1,"version":"1.4"}} 
 </msg>
<msg time="2024-07-16T15:13:42.887040" level="INFO">/opt/hostedtoolcache/Python/3.12.4/x64/lib/python3.12/site-packages/urllib3/connectionpool.py:1099: InsecureRequestWarning: Unverified HTTPS request is being made to host 'randomuser.me'. Adding certificate verification is strongly advised. See: https://urllib3.readthedocs.io/en/latest/advanced-usage.html#tls-warnings
  warnings.warn(</msg>
<msg time="2024-07-16T15:13:42.887161" level="INFO">${response} = &lt;Response [200]&gt;</msg>
<var>${response}</var>
<arg>consultarAPI</arg>
<arg>/api</arg>
<doc>Sends a GET request on a previously created HTTP Session.</doc>
<status status="PASS" start="2024-07-16T15:13:42.723171" elapsed="0.164029"/>
</kw>
<kw name="Set Variable" owner="BuiltIn">
<msg time="2024-07-16T15:13:42.888406" level="INFO">${json_data} = {'results': [{'gender': 'female', 'name': {'title': 'Mrs', 'first': 'Jackie', 'last': 'Morales'}, 'location': {'street': {'number': 631, 'name': 'Depaul Dr'}, 'city': 'Bathurst', 'state': 'New South W...</msg>
<var>${json_data}</var>
<arg>${response.json()}</arg>
<doc>Returns the given values which can then be assigned to a variables.</doc>
<status status="PASS" start="2024-07-16T15:13:42.887826" elapsed="0.000609"/>
</kw>
<kw name="Log" owner="BuiltIn">
<msg time="2024-07-16T15:13:42.888902" level="INFO">{'results': [{'gender': 'female', 'name': {'title': 'Mrs', 'first': 'Jackie', 'last': 'Morales'}, 'location': {'street': {'number': 631, 'name': 'Depaul Dr'}, 'city': 'Bathurst', 'state': 'New South Wales', 'country': 'Australia', 'postcode': 864, 'coordinates': {'latitude': '-83.9549', 'longitude': '59.2270'}, 'timezone': {'offset': '+5:45', 'description': 'Kathmandu'}}, 'email': 'jackie.morales@example.com', 'login': {'uuid': '696b1223-ece0-4393-9280-926a30734101', 'username': 'beautifulmouse259', 'password': 'lickit', 'salt': 'W4doLngk', 'md5': '6053281d3b9eaabbaae072f91114d9fa', 'sha1': '82d3f8dbf12998d3d3ac73d3a42d4a5c7bc3dbc8', 'sha256': '38185b32c584995301f965d24dd55b9f871534d76a968f1dbad6dae0b1d96da6'}, 'dob': {'date': '1967-12-03T20:30:27.569Z', 'age': 56}, 'registered': {'date': '2015-01-03T00:09:04.876Z', 'age': 9}, 'phone': '00-4220-0032', 'cell': '0450-957-249', 'id': {'name': 'TFN', 'value': '465791040'}, 'picture': {'large': 'https://randomuser.me/api/portraits/women/19.jpg', 'medium': 'https://randomuser.me/api/portraits/med/women/19.jpg', 'thumbnail': 'https://randomuser.me/api/portraits/thumb/women/19.jpg'}, 'nat': 'AU'}], 'info': {'seed': 'ebc0271e9958ce15', 'results': 1, 'page': 1, 'version': '1.4'}}</msg>
<arg>${json_data}</arg>
<doc>Logs the given message with the given level.</doc>
<status status="PASS" start="2024-07-16T15:13:42.888747" elapsed="0.000203"/>
</kw>
<kw name="Should Be String" owner="String">
<arg>${json_data['results'][0]['gender']}</arg>
<doc>Fails if the given ``item`` is not a string.</doc>
<status status="PASS" start="2024-07-16T15:13:42.889239" elapsed="0.000354"/>
</kw>
<kw name="Should Match Regexp" owner="BuiltIn">
<arg>${json_data['results'][0]['email']}</arg>
<arg>^[a-zA-Z0-9._%+-]+@[a-zA-Z0-9.-]+\.[a-zA-Z]{2,}$</arg>
<doc>Fails if ``string`` does not match ``pattern`` as a regular expression.</doc>
<status status="PASS" start="2024-07-16T15:13:42.889777" elapsed="0.000506"/>
</kw>
<kw name="Should Match Regexp" owner="BuiltIn">
<arg>${json_data['results'][0]['dob']['date']}</arg>
<arg>\\d{4}-\\d{2}-\\d{2}T\\d{2}:\\d{2}:\\d{2}\\.\\d{3}Z</arg>
<doc>Fails if ``string`` does not match ``pattern`` as a regular expression.</doc>
<status status="PASS" start="2024-07-16T15:13:42.890513" elapsed="0.000525"/>
</kw>
<kw name="Should Match Regexp" owner="BuiltIn">
<arg>${json_data['results'][0]['registered']['date']}</arg>
<arg>\\d{4}-\\d{2}-\\d{2}T\\d{2}:\\d{2}:\\d{2}\\.\\d{3}Z</arg>
<doc>Fails if ``string`` does not match ``pattern`` as a regular expression.</doc>
<status status="PASS" start="2024-07-16T15:13:42.891231" elapsed="0.000372"/>
</kw>
<kw name="Should Match Regexp" owner="BuiltIn">
<arg>${json_data['results'][0]['picture']['large']}</arg>
<arg>^https?://.*\.(?:png|jpe?g|gif|bmp)$</arg>
<doc>Fails if ``string`` does not match ``pattern`` as a regular expression.</doc>
<status status="PASS" start="2024-07-16T15:13:42.891790" elapsed="0.000453"/>
</kw>
<kw name="Should Match Regexp" owner="BuiltIn">
<arg>${json_data['results'][0]['picture']['medium']}</arg>
<arg>^https?://.*\.(?:png|jpe?g|gif|bmp)$</arg>
<doc>Fails if ``string`` does not match ``pattern`` as a regular expression.</doc>
<status status="PASS" start="2024-07-16T15:13:42.892425" elapsed="0.000346"/>
</kw>
<kw name="Should Match Regexp" owner="BuiltIn">
<arg>${json_data['results'][0]['picture']['thumbnail']}</arg>
<arg>^https?://.*\.(?:png|jpe?g|gif|bmp)$</arg>
<doc>Fails if ``string`` does not match ``pattern`` as a regular expression.</doc>
<status status="PASS" start="2024-07-16T15:13:42.892953" elapsed="0.000342"/>
</kw>
<kw name="Log" owner="BuiltIn">
<msg time="2024-07-16T15:13:42.893806" level="INFO">{'large': 'https://randomuser.me/api/portraits/women/19.jpg', 'medium': 'https://randomuser.me/api/portraits/med/women/19.jpg', 'thumbnail': 'https://randomuser.me/api/portraits/thumb/women/19.jpg'}</msg>
<arg>${json_data['results'][0]['picture']}</arg>
<doc>Logs the given message with the given level.</doc>
<status status="PASS" start="2024-07-16T15:13:42.893477" elapsed="0.000372"/>
</kw>
<status status="PASS" start="2024-07-16T15:13:42.722945" elapsed="0.171160"/>
</kw>
<kw name="Teste de Tipos de Dados - Postcode" owner="random-user-service">
<kw name="GET On Session" owner="RequestsLibrary">
<msg time="2024-07-16T15:13:43.064746" level="INFO">GET Request : url=https://randomuser.me/api 
 path_url=/api 
 headers={'User-Agent': 'python-requests/2.32.3', 'Accept-Encoding': 'gzip, deflate', 'Accept': '*/*', 'Connection': 'keep-alive'} 
 body=None 
 </msg>
<msg time="2024-07-16T15:13:43.064848" level="INFO">GET Response : url=https://randomuser.me/api 
 status=200, reason=OK 
 headers={'Date': 'Tue, 16 Jul 2024 15:13:43 GMT', 'Content-Type': 'application/json; charset=utf-8', 'Transfer-Encoding': 'chunked', 'Connection': 'keep-alive', 'X-Powered-By': 'Express', 'Access-Control-Allow-Origin': '*', 'Cache-Control': 'no-cache', 'ETag': 'W/"49f-Yzt2GqHxTuqlB4fPNeOULZAv5Ro"', 'Vary': 'Accept-Encoding', 'Content-Encoding': 'gzip', 'CF-Cache-Status': 'DYNAMIC', 'Report-To': '{"endpoints":[{"url":"https:\\/\\/a.nel.cloudflare.com\\/report\\/v4?s=gNfDS0j%2F%2FB7G8xdbEKS2%2BSAmvw8jqCfaExMffZq6C8fvbXCjIYbh3hhfAOZ5Yf3k8b7B%2BEsTSaFFuS2vo4yUjQlGyU1CdL4WcOZo%2B445Ob%2Fu902KEne53%2FiZzkpN%2FrAV"}],"group":"cf-nel","max_age":604800}', 'NEL': '{"success_fraction":0,"report_to":"cf-nel","max_age":604800}', 'Server': 'cloudflare', 'CF-RAY': '8a42f0131a4c2dbe-ORD', 'alt-svc': 'h3=":443"; ma=86400'} 
 body={"results":[{"gender":"female","name":{"title":"Ms","first":"Michelle","last":"Santos"},"location":{"street":{"number":1583,"name":"Rua Quinze de Novembro "},"city":"Itapevi","state":"São Paulo","country":"Brazil","postcode":67031,"coordinates":{"latitude":"-78.2077","longitude":"26.4469"},"timezone":{"offset":"-1:00","description":"Azores, Cape Verde Islands"}},"email":"michelle.santos@example.com","login":{"uuid":"beb6296f-a6d9-4721-ac43-25b3f70f227f","username":"bluedog423","password":"doomsday","salt":"A2LEieBV","md5":"e175bdd445a193b13ba7d7e33e6d6d61","sha1":"f717499b0c812f584b80bbbed1a5a5ab1914a0da","sha256":"eaf7cfeb989c9b0f0e55e095347d88b748058beb0f9896ec58b15e69d2ccf777"},"dob":{"date":"1986-02-28T22:38:01.391Z","age":38},"registered":{"date":"2006-10-12T22:24:09.669Z","age":17},"phone":"(40) 9114-9810","cell":"(07) 3957-6029","id":{"name":"CPF","value":"802.588.809-48"},"picture":{"large":"https://randomuser.me/api/portraits/women/94.jpg","medium":"https://randomuser.me/api/portraits/med/women/94.jpg","thumbnail":"https://randomuser.me/api/portraits/thumb/women/94.jpg"},"nat":"BR"}],"info":{"seed":"c4edecafe918a0c7","results":1,"page":1,"version":"1.4"}} 
 </msg>
<msg time="2024-07-16T15:13:43.064920" level="INFO">/opt/hostedtoolcache/Python/3.12.4/x64/lib/python3.12/site-packages/urllib3/connectionpool.py:1099: InsecureRequestWarning: Unverified HTTPS request is being made to host 'randomuser.me'. Adding certificate verification is strongly advised. See: https://urllib3.readthedocs.io/en/latest/advanced-usage.html#tls-warnings
  warnings.warn(</msg>
<msg time="2024-07-16T15:13:43.065044" level="INFO">${response} = &lt;Response [200]&gt;</msg>
<var>${response}</var>
<arg>consultarAPI</arg>
<arg>/api</arg>
<doc>Sends a GET request on a previously created HTTP Session.</doc>
<status status="PASS" start="2024-07-16T15:13:42.894557" elapsed="0.170528"/>
</kw>
<kw name="Set Variable" owner="BuiltIn">
<msg time="2024-07-16T15:13:43.066331" level="INFO">${json_data} = {'results': [{'gender': 'female', 'name': {'title': 'Ms', 'first': 'Michelle', 'last': 'Santos'}, 'location': {'street': {'number': 1583, 'name': 'Rua Quinze de Novembro '}, 'city': 'Itapevi', 'state'...</msg>
<var>${json_data}</var>
<arg>${response.json()}</arg>
<doc>Returns the given values which can then be assigned to a variables.</doc>
<status status="PASS" start="2024-07-16T15:13:43.065744" elapsed="0.000615"/>
</kw>
<kw name="Log" owner="BuiltIn">
<msg time="2024-07-16T15:13:43.066877" level="INFO">{'results': [{'gender': 'female', 'name': {'title': 'Ms', 'first': 'Michelle', 'last': 'Santos'}, 'location': {'street': {'number': 1583, 'name': 'Rua Quinze de Novembro '}, 'city': 'Itapevi', 'state': 'São Paulo', 'country': 'Brazil', 'postcode': 67031, 'coordinates': {'latitude': '-78.2077', 'longitude': '26.4469'}, 'timezone': {'offset': '-1:00', 'description': 'Azores, Cape Verde Islands'}}, 'email': 'michelle.santos@example.com', 'login': {'uuid': 'beb6296f-a6d9-4721-ac43-25b3f70f227f', 'username': 'bluedog423', 'password': 'doomsday', 'salt': 'A2LEieBV', 'md5': 'e175bdd445a193b13ba7d7e33e6d6d61', 'sha1': 'f717499b0c812f584b80bbbed1a5a5ab1914a0da', 'sha256': 'eaf7cfeb989c9b0f0e55e095347d88b748058beb0f9896ec58b15e69d2ccf777'}, 'dob': {'date': '1986-02-28T22:38:01.391Z', 'age': 38}, 'registered': {'date': '2006-10-12T22:24:09.669Z', 'age': 17}, 'phone': '(40) 9114-9810', 'cell': '(07) 3957-6029', 'id': {'name': 'CPF', 'value': '802.588.809-48'}, 'picture': {'large': 'https://randomuser.me/api/portraits/women/94.jpg', 'medium': 'https://randomuser.me/api/portraits/med/women/94.jpg', 'thumbnail': 'https://randomuser.me/api/portraits/thumb/women/94.jpg'}, 'nat': 'BR'}], 'info': {'seed': 'c4edecafe918a0c7', 'results': 1, 'page': 1, 'version': '1.4'}}</msg>
<arg>${json_data}</arg>
<doc>Logs the given message with the given level.</doc>
<status status="PASS" start="2024-07-16T15:13:43.066674" elapsed="0.000268"/>
</kw>
<kw name="Should Be Equal As Numbers" owner="BuiltIn">
<arg>${json_data['results'][0]['location']['postcode']}</arg>
<arg>${json_data['results'][0]['location']['postcode']}</arg>
<doc>Fails if objects are unequal after converting them to real numbers.</doc>
<status status="PASS" start="2024-07-16T15:13:43.067252" elapsed="0.000624"/>
</kw>
<kw name="Log" owner="BuiltIn">
<msg time="2024-07-16T15:13:43.068579" level="INFO">67031</msg>
<arg>${json_data['results'][0]['location']['postcode']}</arg>
<doc>Logs the given message with the given level.</doc>
<status status="PASS" start="2024-07-16T15:13:43.068066" elapsed="0.000554"/>
</kw>
<status status="PASS" start="2024-07-16T15:13:42.894332" elapsed="0.174573"/>
</kw>
<doc>Testa se os tipos de dados na resposta da API estão corretos.</doc>
<tag>testeTiposDados</tag>
<status status="PASS" start="2024-07-16T15:13:42.722450" elapsed="0.346625"/>
</test>
<test id="s1-s1-t5" name="Validar conteudo" line="35">
<kw name="Teste de Tipos de Conteudo" owner="random-user-service">
<kw name="GET On Session" owner="RequestsLibrary">
<msg time="2024-07-16T15:13:43.139761" level="INFO">GET Request : url=https://randomuser.me/api 
 path_url=/api 
 headers={'User-Agent': 'python-requests/2.32.3', 'Accept-Encoding': 'gzip, deflate', 'Accept': '*/*', 'Connection': 'keep-alive'} 
 body=None 
 </msg>
<msg time="2024-07-16T15:13:43.139866" level="INFO">GET Response : url=https://randomuser.me/api 
 status=200, reason=OK 
 headers={'Date': 'Tue, 16 Jul 2024 15:13:43 GMT', 'Content-Type': 'application/json; charset=utf-8', 'Transfer-Encoding': 'chunked', 'Connection': 'keep-alive', 'X-Powered-By': 'Express', 'Access-Control-Allow-Origin': '*', 'Cache-Control': 'no-cache', 'ETag': 'W/"48b-2H8Hr54i7e1p88/2HE84mkuwHDQ"', 'Vary': 'Accept-Encoding', 'Content-Encoding': 'gzip', 'CF-Cache-Status': 'DYNAMIC', 'Report-To': '{"endpoints":[{"url":"https:\\/\\/a.nel.cloudflare.com\\/report\\/v4?s=H0%2B8nHMtWg%2Fq3xOBl4iEsYwn9M4J0vYhvnEFnsaNfHI%2FqsQFRotkKj4BFmT9z1c%2Bv7Z%2BhuFDCx017RV7qDzv%2BDigAPcCG3CDCMaVO20gLzA9DJmTOMMSCeuFQdgSJii9"}],"group":"cf-nel","max_age":604800}', 'NEL': '{"success_fraction":0,"report_to":"cf-nel","max_age":604800}', 'Server': 'cloudflare', 'CF-RAY': '8a42f0143ba02dbe-ORD', 'alt-svc': 'h3=":443"; ma=86400'} 
 body={"results":[{"gender":"male","name":{"title":"Mr","first":"Charlie","last":"Lyngvær"},"location":{"street":{"number":9672,"name":"Pans vei"},"city":"Roverud","state":"Oslo","country":"Norway","postcode":"2717","coordinates":{"latitude":"42.9311","longitude":"-61.8372"},"timezone":{"offset":"-5:00","description":"Eastern Time (US &amp; Canada), Bogota, Lima"}},"email":"charlie.lyngvaer@example.com","login":{"uuid":"283faa93-68b5-496b-9e06-02e2eed85ef3","username":"beautifulgorilla142","password":"temppass","salt":"AGSvLATM","md5":"ac2d9d24c9860c2455874cb807c46c9e","sha1":"833369857ebc32a4686e1a4b08fc5e7eec1d3937","sha256":"71f25db588040d1c79f6809def8cd8a4757303b26c6e26449ec3e8152bf3477b"},"dob":{"date":"1954-08-27T22:35:45.769Z","age":69},"registered":{"date":"2020-03-08T04:25:37.892Z","age":4},"phone":"88853892","cell":"96796500","id":{"name":"FN","value":"27085426341"},"picture":{"large":"https://randomuser.me/api/portraits/men/16.jpg","medium":"https://randomuser.me/api/portraits/med/men/16.jpg","thumbnail":"https://randomuser.me/api/portraits/thumb/men/16.jpg"},"nat":"NO"}],"info":{"seed":"963e12f909ab47bf","results":1,"page":1,"version":"1.4"}} 
 </msg>
<msg time="2024-07-16T15:13:43.139949" level="INFO">/opt/hostedtoolcache/Python/3.12.4/x64/lib/python3.12/site-packages/urllib3/connectionpool.py:1099: InsecureRequestWarning: Unverified HTTPS request is being made to host 'randomuser.me'. Adding certificate verification is strongly advised. See: https://urllib3.readthedocs.io/en/latest/advanced-usage.html#tls-warnings
  warnings.warn(</msg>
<msg time="2024-07-16T15:13:43.140080" level="INFO">${response} = &lt;Response [200]&gt;</msg>
<var>${response}</var>
<arg>consultarAPI</arg>
<arg>/api</arg>
<doc>Sends a GET request on a previously created HTTP Session.</doc>
<status status="PASS" start="2024-07-16T15:13:43.071705" elapsed="0.068414"/>
</kw>
<kw name="Set Variable" owner="BuiltIn">
<msg time="2024-07-16T15:13:43.141209" level="INFO">${json_data} = {'results': [{'gender': 'male', 'name': {'title': 'Mr', 'first': 'Charlie', 'last': 'Lyngvær'}, 'location': {'street': {'number': 9672, 'name': 'Pans vei'}, 'city': 'Roverud', 'state': 'Oslo', 'countr...</msg>
<var>${json_data}</var>
<arg>${response.json()}</arg>
<doc>Returns the given values which can then be assigned to a variables.</doc>
<status status="PASS" start="2024-07-16T15:13:43.140700" elapsed="0.000538"/>
</kw>
<kw name="Set Variable" owner="BuiltIn">
<msg time="2024-07-16T15:13:43.141928" level="INFO">${name_title} = Mr</msg>
<var>${name_title}</var>
<arg>${json_data["results"][0]["name"]["title"]}</arg>
<doc>Returns the given values which can then be assigned to a variables.</doc>
<status status="PASS" start="2024-07-16T15:13:43.141542" elapsed="0.000412"/>
</kw>
<kw name="Create List" owner="BuiltIn">
<msg time="2024-07-16T15:13:43.142397" level="INFO">${allowed_titles} = ['Mr', 'Ms', 'Miss', 'Mrs', 'Madame', 'Monsieur']</msg>
<var>${allowed_titles}</var>
<arg>Mr</arg>
<arg>Ms</arg>
<arg>Miss</arg>
<arg>Mrs</arg>
<arg>Madame</arg>
<arg>Monsieur</arg>
<doc>Returns a list containing given items.</doc>
<status status="PASS" start="2024-07-16T15:13:43.142251" elapsed="0.000170"/>
</kw>
<kw name="List Should Contain Value" owner="Collections">
<arg>${allowed_titles}</arg>
<arg>${name_title}</arg>
<doc>Fails if the ``value`` is not found from ``list``.</doc>
<status status="PASS" start="2024-07-16T15:13:43.142718" elapsed="0.000227"/>
</kw>
<kw name="Set Variable" owner="BuiltIn">
<msg time="2024-07-16T15:13:43.143501" level="INFO">${name_country} = NO</msg>
<var>${name_country}</var>
<arg>${json_data["results"][0]["nat"]}</arg>
<doc>Returns the given values which can then be assigned to a variables.</doc>
<status status="PASS" start="2024-07-16T15:13:43.143132" elapsed="0.000395"/>
</kw>
<kw name="Create List" owner="BuiltIn">
<msg time="2024-07-16T15:13:43.144414" level="INFO">${list_country} = ['AD', 'AE', 'AF', 'AG', 'AI', 'AL', 'AM', 'AO', 'AQ', 'AR', 'AS', 'AT', 'AU', 'AW', 'AX', 'AZ', 'BA', 'BB', 'BD', 'BE', 'BF', 'BG', 'BH', 'BI', 'BJ', 'BL', 'BM', 'BN', 'BO', 'BQ', 'BR', 'BS', 'BT', '...</msg>
<var>${list_country}</var>
<arg>AD</arg>
<arg>AE</arg>
<arg>AF</arg>
<arg>AG</arg>
<arg>AI</arg>
<arg>AL</arg>
<arg>AM</arg>
<arg>AO</arg>
<arg>AQ</arg>
<arg>AR</arg>
<arg>AS</arg>
<arg>AT</arg>
<arg>AU</arg>
<arg>AW</arg>
<arg>AX</arg>
<arg>AZ</arg>
<arg>BA</arg>
<arg>BB</arg>
<arg>BD</arg>
<arg>BE</arg>
<arg>BF</arg>
<arg>BG</arg>
<arg>BH</arg>
<arg>BI</arg>
<arg>BJ</arg>
<arg>BL</arg>
<arg>BM</arg>
<arg>BN</arg>
<arg>BO</arg>
<arg>BQ</arg>
<arg>BR</arg>
<arg>BS</arg>
<arg>BT</arg>
<arg>BV</arg>
<arg>BW</arg>
<arg>BY</arg>
<arg>BZ</arg>
<arg>CA</arg>
<arg>CC</arg>
<arg>CD</arg>
<arg>CF</arg>
<arg>CG</arg>
<arg>CH</arg>
<arg>CI</arg>
<arg>CK</arg>
<arg>CL</arg>
<arg>CM</arg>
<arg>CN</arg>
<arg>CO</arg>
<arg>CR</arg>
<arg>CU</arg>
<arg>CV</arg>
<arg>CW</arg>
<arg>CX</arg>
<arg>CY</arg>
<arg>CZ</arg>
<arg>DE</arg>
<arg>DJ</arg>
<arg>DK</arg>
<arg>DM</arg>
<arg>DO</arg>
<arg>DZ</arg>
<arg>EC</arg>
<arg>EE</arg>
<arg>EG</arg>
<arg>EH</arg>
<arg>ER</arg>
<arg>ES</arg>
<arg>ET</arg>
<arg>FI</arg>
<arg>FJ</arg>
<arg>FK</arg>
<arg>FM</arg>
<arg>FO</arg>
<arg>FR</arg>
<arg>GA</arg>
<arg>GB</arg>
<arg>GD</arg>
<arg>GE</arg>
<arg>GF</arg>
<arg>GG</arg>
<arg>GH</arg>
<arg>GI</arg>
<arg>GL</arg>
<arg>GM</arg>
<arg>GN</arg>
<arg>GP</arg>
<arg>GQ</arg>
<arg>GR</arg>
<arg>GS</arg>
<arg>GT</arg>
<arg>GU</arg>
<arg>GW</arg>
<arg>GY</arg>
<arg>HK</arg>
<arg>HM</arg>
<arg>HN</arg>
<arg>HR</arg>
<arg>HT</arg>
<arg>HU</arg>
<arg>ID</arg>
<arg>IE</arg>
<arg>IL</arg>
<arg>IM</arg>
<arg>IN</arg>
<arg>IO</arg>
<arg>IQ</arg>
<arg>IR</arg>
<arg>IS</arg>
<arg>IT</arg>
<arg>JE</arg>
<arg>JM</arg>
<arg>JO</arg>
<arg>JP</arg>
<arg>KE</arg>
<arg>KG</arg>
<arg>KH</arg>
<arg>KI</arg>
<arg>KM</arg>
<arg>KN</arg>
<arg>KP</arg>
<arg>KR</arg>
<arg>KW</arg>
<arg>KY</arg>
<arg>KZ</arg>
<arg>LA</arg>
<arg>LB</arg>
<arg>LC</arg>
<arg>LI</arg>
<arg>LK</arg>
<arg>LR</arg>
<arg>LS</arg>
<arg>LT</arg>
<arg>LU</arg>
<arg>LV</arg>
<arg>LY</arg>
<arg>MA</arg>
<arg>MC</arg>
<arg>MD</arg>
<arg>ME</arg>
<arg>MF</arg>
<arg>MG</arg>
<arg>MH</arg>
<arg>MK</arg>
<arg>ML</arg>
<arg>MM</arg>
<arg>MN</arg>
<arg>MO</arg>
<arg>MP</arg>
<arg>MQ</arg>
<arg>MR</arg>
<arg>MS</arg>
<arg>MT</arg>
<arg>MU</arg>
<arg>MV</arg>
<arg>MW</arg>
<arg>MX</arg>
<arg>MY</arg>
<arg>MZ</arg>
<arg>NA</arg>
<arg>NC</arg>
<arg>NE</arg>
<arg>NF</arg>
<arg>NG</arg>
<arg>NI</arg>
<arg>NL</arg>
<arg>NO</arg>
<arg>NP</arg>
<arg>NR</arg>
<arg>NU</arg>
<arg>NZ</arg>
<arg>OM</arg>
<arg>PA</arg>
<arg>PE</arg>
<arg>PF</arg>
<arg>PG</arg>
<arg>PH</arg>
<arg>PK</arg>
<arg>PL</arg>
<arg>PM</arg>
<arg>PN</arg>
<arg>PR</arg>
<arg>PS</arg>
<arg>PT</arg>
<arg>PW</arg>
<arg>PY</arg>
<arg>QA</arg>
<arg>RE</arg>
<arg>RO</arg>
<arg>RS</arg>
<arg>RU</arg>
<arg>RW</arg>
<arg>SA</arg>
<arg>SB</arg>
<arg>SC</arg>
<arg>SD</arg>
<arg>SE</arg>
<arg>SG</arg>
<arg>SH</arg>
<arg>SI</arg>
<arg>SJ</arg>
<arg>SK</arg>
<arg>SL</arg>
<arg>SM</arg>
<arg>SN</arg>
<arg>SO</arg>
<arg>SR</arg>
<arg>SS</arg>
<arg>ST</arg>
<arg>SV</arg>
<arg>SX</arg>
<arg>SY</arg>
<arg>SZ</arg>
<arg>TC</arg>
<arg>TD</arg>
<arg>TF</arg>
<arg>TG</arg>
<arg>TH</arg>
<arg>TJ</arg>
<arg>TK</arg>
<arg>TL</arg>
<arg>TM</arg>
<arg>TN</arg>
<arg>TO</arg>
<arg>TR</arg>
<arg>TT</arg>
<arg>TV</arg>
<arg>TW</arg>
<arg>TZ</arg>
<arg>UA</arg>
<arg>UG</arg>
<arg>UM</arg>
<arg>US</arg>
<arg>UY</arg>
<arg>UZ</arg>
<arg>VA</arg>
<arg>VC</arg>
<arg>VE</arg>
<arg>VG</arg>
<arg>VI</arg>
<arg>VN</arg>
<arg>VU</arg>
<arg>WF</arg>
<arg>WS</arg>
<arg>XK</arg>
<arg>YE</arg>
<arg>YT</arg>
<arg>ZA</arg>
<arg>ZM</arg>
<arg>ZW</arg>
<doc>Returns a list containing given items.</doc>
<status status="PASS" start="2024-07-16T15:13:43.143816" elapsed="0.000623"/>
</kw>
<kw name="List Should Contain Value" owner="Collections">
<arg>${list_country}</arg>
<arg>${name_country}</arg>
<doc>Fails if the ``value`` is not found from ``list``.</doc>
<status status="PASS" start="2024-07-16T15:13:43.145228" elapsed="0.000203"/>
</kw>
<kw name="Run Keyword If" owner="BuiltIn">
<kw name="Should Be True" owner="BuiltIn">
<arg>${True}</arg>
<doc>Fails if the given condition is not true.</doc>
<status status="PASS" start="2024-07-16T15:13:43.146362" elapsed="0.000139"/>
</kw>
<arg>${json_data["results"][0]["location"]["coordinates"]["latitude"]} &gt;= -90 and ${json_data["results"][0]["location"]["coordinates"]["latitude"]} &lt;= 90</arg>
<arg>Should Be True</arg>
<arg>${True}</arg>
<doc>Runs the given keyword with the given arguments, if ``condition`` is true.</doc>
<status status="PASS" start="2024-07-16T15:13:43.145625" elapsed="0.001001"/>
</kw>
<kw name="Run Keyword If" owner="BuiltIn">
<kw name="Should Be True" owner="BuiltIn">
<arg>${True}</arg>
<doc>Fails if the given condition is not true.</doc>
<status status="PASS" start="2024-07-16T15:13:43.147551" elapsed="0.000243"/>
</kw>
<arg>${json_data["results"][0]["location"]["coordinates"]["longitude"]} &gt;= -180 and ${json_data["results"][0]["location"]["coordinates"]["longitude"]} &lt;= 180</arg>
<arg>Should Be True</arg>
<arg>${True}</arg>
<doc>Runs the given keyword with the given arguments, if ``condition`` is true.</doc>
<status status="PASS" start="2024-07-16T15:13:43.146815" elapsed="0.001107"/>
</kw>
<status status="PASS" start="2024-07-16T15:13:43.071481" elapsed="0.076586"/>
</kw>
<doc>Testa o conteúdo específico dos campos retornados pela API.</doc>
<tag>testeConteudo</tag>
<status status="PASS" start="2024-07-16T15:13:43.070927" elapsed="0.077293"/>
</test>
<status status="PASS" start="2024-07-16T15:13:41.309363" elapsed="1.840838"/>
</suite>
<status status="PASS" start="2024-07-16T15:13:41.294897" elapsed="1.860331"/>
</suite>
<statistics>
<total>
<stat pass="5" fail="0" skip="0">All Tests</stat>
</total>
<tag>
<stat pass="1" fail="0" skip="0">testeConteudo</stat>
<stat pass="1" fail="0" skip="0">testeEstruturaResposta</stat>
<stat pass="1" fail="0" skip="0">testeRequisicaoBasica</stat>
<stat pass="1" fail="0" skip="0">testeTiposDados</stat>
</tag>
<suite>
<stat pass="5" fail="0" skip="0" id="s1" name="Tests">Tests</stat>
<stat pass="5" fail="0" skip="0" id="s1-s1" name="Random-User-Test">Tests.Random-User-Test</stat>
</suite>
</statistics>
<errors>
</errors>
</robot>
