<?xml version="1.0" encoding="UTF-8"?>
<robot generator="Robot 7.0 (Python 3.12.3 on linux)" generated="2024-05-19T16:17:34.445774" rpa="false" schemaversion="5">
<suite id="s1" name="Tests" source="/home/runner/work/DesafioQAItauRogerioJordao/DesafioQAItauRogerioJordao/RamdonUser/tests">
<suite id="s1-s1" name="Random-User-Test" source="/home/runner/work/DesafioQAItauRogerioJordao/DesafioQAItauRogerioJordao/RamdonUser/tests/random-user-test.robot">
<test id="s1-s1-t1" name="Conectar" line="13">
<kw name="Conectar API" owner="random-user-service">
<kw name="Create Session" owner="RequestsLibrary">
<msg time="2024-05-19T16:17:34.872049" level="INFO">Creating Session using : alias=consultarAPI, url=https://randomuser.me/, headers={},                     cookies={}, auth=None, timeout=None, proxies=None, verify=False,                     debug=0 </msg>
<arg>consultarAPI</arg>
<arg>${URL}</arg>
<doc>Create Session: create a HTTP session to a server</doc>
<status status="PASS" start="2024-05-19T16:17:34.871833" elapsed="0.000408"/>
</kw>
<status status="PASS" start="2024-05-19T16:17:34.870816" elapsed="0.001806"/>
</kw>
<status status="PASS" start="2024-05-19T16:17:34.870216" elapsed="0.002608"/>
</test>
<test id="s1-s1-t2" name="Validar retorno 200 e JSON Válido" line="16">
<kw name="Teste de Requisicao Basica" owner="random-user-service">
<kw name="GET On Session" owner="RequestsLibrary">
<msg time="2024-05-19T16:17:34.992060" level="INFO">GET Request : url=https://randomuser.me/api 
 path_url=/api 
 headers={'User-Agent': 'python-requests/2.31.0', 'Accept-Encoding': 'gzip, deflate', 'Accept': '*/*', 'Connection': 'keep-alive'} 
 body=None 
 </msg>
<msg time="2024-05-19T16:17:34.992216" level="INFO">GET Response : url=https://randomuser.me/api 
 status=200, reason=OK 
 headers={'Date': 'Sun, 19 May 2024 16:17:34 GMT', 'Content-Type': 'application/json; charset=utf-8', 'Transfer-Encoding': 'chunked', 'Connection': 'keep-alive', 'X-Powered-By': 'Express', 'Access-Control-Allow-Origin': '*', 'Cache-Control': 'no-cache', 'ETag': 'W/"49b-YboM0g4Gejez9JLxpYRdVdo8a9s"', 'Vary': 'Accept-Encoding', 'Content-Encoding': 'gzip', 'CF-Cache-Status': 'DYNAMIC', 'Report-To': '{"endpoints":[{"url":"https:\\/\\/a.nel.cloudflare.com\\/report\\/v4?s=fQbHxqm3j6cuAQZ%2FrryxHhstQkuL4hFejp8OFqD0tYC473kxlU8iDaBx2D7oG2q9avYrlGACtUoxayMF7kRbSFjOYRIPFJNmRCQaDZOFlAgIGe%2F7ihyUGJD6m%2FP1yd6b"}],"group":"cf-nel","max_age":604800}', 'NEL': '{"success_fraction":0,"report_to":"cf-nel","max_age":604800}', 'Server': 'cloudflare', 'CF-RAY': '886565e12ff19444-SJC', 'alt-svc': 'h3=":443"; ma=86400'} 
 body={"results":[{"gender":"female","name":{"title":"Mrs","first":"Clara","last":"Vincent"},"location":{"street":{"number":2804,"name":"Avenue du Fort-Caire"},"city":"Nantes","state":"Indre","country":"France","postcode":96403,"coordinates":{"latitude":"-20.6420","longitude":"115.4805"},"timezone":{"offset":"+6:00","description":"Almaty, Dhaka, Colombo"}},"email":"clara.vincent@example.com","login":{"uuid":"3f5c4197-f8f9-4ecc-a911-80b7d4a8334b","username":"beautifulleopard154","password":"beagle","salt":"G0M6VWPK","md5":"c4228062a39664e713643c845492cb04","sha1":"5d6b9a75d45d362ecf2c0c737bc295bd70ff802e","sha256":"87ef71afa12b09ff3501d47e6375cdc06efe22ca1a36e990d693dd2090e8f79f"},"dob":{"date":"1986-07-21T19:25:07.969Z","age":37},"registered":{"date":"2011-09-02T06:56:22.094Z","age":12},"phone":"02-65-22-26-47","cell":"06-08-92-49-37","id":{"name":"INSEE","value":"2860609552417 96"},"picture":{"large":"https://randomuser.me/api/portraits/women/80.jpg","medium":"https://randomuser.me/api/portraits/med/women/80.jpg","thumbnail":"https://randomuser.me/api/portraits/thumb/women/80.jpg"},"nat":"FR"}],"info":{"seed":"70804c8fd9f3095a","results":1,"page":1,"version":"1.4"}} 
 </msg>
<msg time="2024-05-19T16:17:34.992301" level="INFO">/opt/hostedtoolcache/Python/3.12.3/x64/lib/python3.12/site-packages/urllib3/connectionpool.py:1103: InsecureRequestWarning: Unverified HTTPS request is being made to host 'randomuser.me'. Adding certificate verification is strongly advised. See: https://urllib3.readthedocs.io/en/latest/advanced-usage.html#tls-warnings
  warnings.warn(</msg>
<msg time="2024-05-19T16:17:34.992451" level="INFO">${response} = &lt;Response [200]&gt;</msg>
<var>${response}</var>
<arg>consultarAPI</arg>
<arg>/api</arg>
<doc>Sends a GET request on a previously created HTTP Session.</doc>
<status status="PASS" start="2024-05-19T16:17:34.875543" elapsed="0.116952"/>
</kw>
<kw name="Should Be Equal As Numbers" owner="BuiltIn">
<msg time="2024-05-19T16:17:34.993742" level="INFO">Argument types are:
&lt;class 'int'&gt;
&lt;class 'str'&gt;</msg>
<arg>${response.status_code}</arg>
<arg>200</arg>
<doc>Fails if objects are unequal after converting them to real numbers.</doc>
<status status="PASS" start="2024-05-19T16:17:34.993232" elapsed="0.000582"/>
</kw>
<kw name="Log" owner="BuiltIn">
<msg time="2024-05-19T16:17:34.994581" level="INFO">200</msg>
<arg>${response.status_code}</arg>
<doc>Logs the given message with the given level.</doc>
<status status="PASS" start="2024-05-19T16:17:34.994199" elapsed="0.000427"/>
</kw>
<kw name="Set Variable" owner="BuiltIn">
<msg time="2024-05-19T16:17:34.995414" level="INFO">${json_data} = {'results': [{'gender': 'female', 'name': {'title': 'Mrs', 'first': 'Clara', 'last': 'Vincent'}, 'location': {'street': {'number': 2804, 'name': 'Avenue du Fort-Caire'}, 'city': 'Nantes', 'state': 'In...</msg>
<var>${json_data}</var>
<arg>${response.json()}</arg>
<doc>Returns the given values which can then be assigned to a variables.</doc>
<status status="PASS" start="2024-05-19T16:17:34.994958" elapsed="0.000486"/>
</kw>
<kw name="Dictionary Should Contain Key" owner="Collections">
<msg time="2024-05-19T16:17:34.995933" level="INFO">False</msg>
<arg>${json_data}</arg>
<arg>results</arg>
<doc>Fails if ``key`` is not found from ``dictionary``.</doc>
<status status="PASS" start="2024-05-19T16:17:34.995756" elapsed="0.000219"/>
</kw>
<status status="PASS" start="2024-05-19T16:17:34.875283" elapsed="0.120955"/>
</kw>
<doc>Testa se a API responde corretamente e retorna um objeto JSON válido.</doc>
<tag>testeRequisicaoBasica</tag>
<status status="PASS" start="2024-05-19T16:17:34.874785" elapsed="0.121641"/>
</test>
<test id="s1-s1-t3" name="Validar estrutura de resposta" line="22">
<kw name="Teste de Estrutura de Resposta" owner="random-user-service">
<kw name="GET On Session" owner="RequestsLibrary">
<msg time="2024-05-19T16:17:35.095823" level="INFO">GET Request : url=https://randomuser.me/api 
 path_url=/api 
 headers={'User-Agent': 'python-requests/2.31.0', 'Accept-Encoding': 'gzip, deflate', 'Accept': '*/*', 'Connection': 'keep-alive'} 
 body=None 
 </msg>
<msg time="2024-05-19T16:17:35.095941" level="INFO">GET Response : url=https://randomuser.me/api 
 status=200, reason=OK 
 headers={'Date': 'Sun, 19 May 2024 16:17:35 GMT', 'Content-Type': 'application/json; charset=utf-8', 'Transfer-Encoding': 'chunked', 'Connection': 'keep-alive', 'X-Powered-By': 'Express', 'Access-Control-Allow-Origin': '*', 'Cache-Control': 'no-cache', 'ETag': 'W/"488-3Fdy+88LwbhtHXcRBXTSX+SP7PM"', 'Vary': 'Accept-Encoding', 'Content-Encoding': 'gzip', 'CF-Cache-Status': 'DYNAMIC', 'Report-To': '{"endpoints":[{"url":"https:\\/\\/a.nel.cloudflare.com\\/report\\/v4?s=ChqvJ8UmN8NuWTDyaxLAfO%2BJNXH6Mg4jqbNaNP26e2hOsmvvd4VUF8NdHyl0XFVPQoGQHczuR%2F36dJTU7VkpeEmHgvGxKnWFi2faNran%2FBkWlDlKNU2G9pqcaWoe%2BoPf"}],"group":"cf-nel","max_age":604800}', 'NEL': '{"success_fraction":0,"report_to":"cf-nel","max_age":604800}', 'Server': 'cloudflare', 'CF-RAY': '886565e1c8439444-SJC', 'alt-svc': 'h3=":443"; ma=86400'} 
 body={"results":[{"gender":"female","name":{"title":"Ms","first":"Lucy","last":"Adams"},"location":{"street":{"number":8313,"name":"Jones Road"},"city":"Naas","state":"Wicklow","country":"Ireland","postcode":39510,"coordinates":{"latitude":"0.0602","longitude":"27.2778"},"timezone":{"offset":"0:00","description":"Western Europe Time, London, Lisbon, Casablanca"}},"email":"lucy.adams@example.com","login":{"uuid":"a0a7d5af-54f8-4a76-9100-00ddc18c66c7","username":"angrybear150","password":"1024","salt":"r7HPDx2g","md5":"ee28a46a4e1c0ac6dd05eb6f2d3dfb4e","sha1":"af008c8c40d45896fd28a899027437de5e3b84f9","sha256":"a8af082bf05fd9ca9b145423157a8ec29cca86754ea2b0d94a7cf81cad8a26f1"},"dob":{"date":"1993-10-31T04:46:37.449Z","age":30},"registered":{"date":"2018-09-28T05:30:35.221Z","age":5},"phone":"011-584-3745","cell":"081-578-6383","id":{"name":"PPS","value":"4489633T"},"picture":{"large":"https://randomuser.me/api/portraits/women/78.jpg","medium":"https://randomuser.me/api/portraits/med/women/78.jpg","thumbnail":"https://randomuser.me/api/portraits/thumb/women/78.jpg"},"nat":"IE"}],"info":{"seed":"5da19b50f9445cd4","results":1,"page":1,"version":"1.4"}} 
 </msg>
<msg time="2024-05-19T16:17:35.096082" level="INFO">/opt/hostedtoolcache/Python/3.12.3/x64/lib/python3.12/site-packages/urllib3/connectionpool.py:1103: InsecureRequestWarning: Unverified HTTPS request is being made to host 'randomuser.me'. Adding certificate verification is strongly advised. See: https://urllib3.readthedocs.io/en/latest/advanced-usage.html#tls-warnings
  warnings.warn(</msg>
<msg time="2024-05-19T16:17:35.096215" level="INFO">${response} = &lt;Response [200]&gt;</msg>
<var>${response}</var>
<arg>consultarAPI</arg>
<arg>/api</arg>
<doc>Sends a GET request on a previously created HTTP Session.</doc>
<status status="PASS" start="2024-05-19T16:17:34.999109" elapsed="0.097148"/>
</kw>
<kw name="Set Variable" owner="BuiltIn">
<msg time="2024-05-19T16:17:35.097526" level="INFO">${json_data} = {'results': [{'gender': 'female', 'name': {'title': 'Ms', 'first': 'Lucy', 'last': 'Adams'}, 'location': {'street': {'number': 8313, 'name': 'Jones Road'}, 'city': 'Naas', 'state': 'Wicklow', 'country...</msg>
<var>${json_data}</var>
<arg>${response.json()}</arg>
<doc>Returns the given values which can then be assigned to a variables.</doc>
<status status="PASS" start="2024-05-19T16:17:35.096897" elapsed="0.000659"/>
</kw>
<kw name="Log" owner="BuiltIn">
<msg time="2024-05-19T16:17:35.098079" level="INFO">{'results': [{'gender': 'female', 'name': {'title': 'Ms', 'first': 'Lucy', 'last': 'Adams'}, 'location': {'street': {'number': 8313, 'name': 'Jones Road'}, 'city': 'Naas', 'state': 'Wicklow', 'country': 'Ireland', 'postcode': 39510, 'coordinates': {'latitude': '0.0602', 'longitude': '27.2778'}, 'timezone': {'offset': '0:00', 'description': 'Western Europe Time, London, Lisbon, Casablanca'}}, 'email': 'lucy.adams@example.com', 'login': {'uuid': 'a0a7d5af-54f8-4a76-9100-00ddc18c66c7', 'username': 'angrybear150', 'password': '1024', 'salt': 'r7HPDx2g', 'md5': 'ee28a46a4e1c0ac6dd05eb6f2d3dfb4e', 'sha1': 'af008c8c40d45896fd28a899027437de5e3b84f9', 'sha256': 'a8af082bf05fd9ca9b145423157a8ec29cca86754ea2b0d94a7cf81cad8a26f1'}, 'dob': {'date': '1993-10-31T04:46:37.449Z', 'age': 30}, 'registered': {'date': '2018-09-28T05:30:35.221Z', 'age': 5}, 'phone': '011-584-3745', 'cell': '081-578-6383', 'id': {'name': 'PPS', 'value': '4489633T'}, 'picture': {'large': 'https://randomuser.me/api/portraits/women/78.jpg', 'medium': 'https://randomuser.me/api/portraits/med/women/78.jpg', 'thumbnail': 'https://randomuser.me/api/portraits/thumb/women/78.jpg'}, 'nat': 'IE'}], 'info': {'seed': '5da19b50f9445cd4', 'results': 1, 'page': 1, 'version': '1.4'}}</msg>
<arg>${json_data}</arg>
<doc>Logs the given message with the given level.</doc>
<status status="PASS" start="2024-05-19T16:17:35.097909" elapsed="0.000219"/>
</kw>
<kw name="Dictionary Should Contain Key" owner="Collections">
<msg time="2024-05-19T16:17:35.098612" level="INFO">False</msg>
<arg>${json_data}</arg>
<arg>results</arg>
<doc>Fails if ``key`` is not found from ``dictionary``.</doc>
<status status="PASS" start="2024-05-19T16:17:35.098442" elapsed="0.000209"/>
</kw>
<kw name="Should Not Be Empty" owner="BuiltIn">
<msg time="2024-05-19T16:17:35.099087" level="INFO">Length is 2.</msg>
<arg>${json_data}</arg>
<doc>Verifies that the given item is not empty.</doc>
<status status="PASS" start="2024-05-19T16:17:35.098953" elapsed="0.000352"/>
</kw>
<kw name="Create List" owner="BuiltIn">
<msg time="2024-05-19T16:17:35.099764" level="INFO">${expected_keys} = ['gender', 'name', 'location', 'email', 'login']</msg>
<var>${expected_keys}</var>
<arg>gender</arg>
<arg>name</arg>
<arg>location</arg>
<arg>email</arg>
<arg>login</arg>
<doc>Returns a list containing given items.</doc>
<status status="PASS" start="2024-05-19T16:17:35.099607" elapsed="0.000181"/>
</kw>
<for flavor="IN">
<iter>
<kw name="Dictionary Should Contain Key" owner="Collections">
<msg time="2024-05-19T16:17:35.100805" level="INFO">False</msg>
<arg>${json_data['results'][0]}</arg>
<arg>${key}</arg>
<doc>Fails if ``key`` is not found from ``dictionary``.</doc>
<status status="PASS" start="2024-05-19T16:17:35.100388" elapsed="0.000455"/>
</kw>
<kw name="Log" owner="BuiltIn">
<msg time="2024-05-19T16:17:35.101543" level="INFO">{'gender': 'female', 'name': {'title': 'Ms', 'first': 'Lucy', 'last': 'Adams'}, 'location': {'street': {'number': 8313, 'name': 'Jones Road'}, 'city': 'Naas', 'state': 'Wicklow', 'country': 'Ireland', 'postcode': 39510, 'coordinates': {'latitude': '0.0602', 'longitude': '27.2778'}, 'timezone': {'offset': '0:00', 'description': 'Western Europe Time, London, Lisbon, Casablanca'}}, 'email': 'lucy.adams@example.com', 'login': {'uuid': 'a0a7d5af-54f8-4a76-9100-00ddc18c66c7', 'username': 'angrybear150', 'password': '1024', 'salt': 'r7HPDx2g', 'md5': 'ee28a46a4e1c0ac6dd05eb6f2d3dfb4e', 'sha1': 'af008c8c40d45896fd28a899027437de5e3b84f9', 'sha256': 'a8af082bf05fd9ca9b145423157a8ec29cca86754ea2b0d94a7cf81cad8a26f1'}, 'dob': {'date': '1993-10-31T04:46:37.449Z', 'age': 30}, 'registered': {'date': '2018-09-28T05:30:35.221Z', 'age': 5}, 'phone': '011-584-3745', 'cell': '081-578-6383', 'id': {'name': 'PPS', 'value': '4489633T'}, 'picture': {'large': 'https://randomuser.me/api/portraits/women/78.jpg', 'medium': 'https://randomuser.me/api/portraits/med/women/78.jpg', 'thumbnail': 'https://randomuser.me/api/portraits/thumb/women/78.jpg'}, 'nat': 'IE'}</msg>
<arg>${json_data['results'][0]}</arg>
<doc>Logs the given message with the given level.</doc>
<status status="PASS" start="2024-05-19T16:17:35.101147" elapsed="0.000444"/>
</kw>
<kw name="Log" owner="BuiltIn">
<msg time="2024-05-19T16:17:35.102021" level="INFO">gender</msg>
<arg>${key}</arg>
<doc>Logs the given message with the given level.</doc>
<status status="PASS" start="2024-05-19T16:17:35.101894" elapsed="0.000164"/>
</kw>
<var name="${key}">gender</var>
<status status="PASS" start="2024-05-19T16:17:35.100251" elapsed="0.002023"/>
</iter>
<iter>
<kw name="Dictionary Should Contain Key" owner="Collections">
<msg time="2024-05-19T16:17:35.102968" level="INFO">False</msg>
<arg>${json_data['results'][0]}</arg>
<arg>${key}</arg>
<doc>Fails if ``key`` is not found from ``dictionary``.</doc>
<status status="PASS" start="2024-05-19T16:17:35.102585" elapsed="0.000425"/>
</kw>
<kw name="Log" owner="BuiltIn">
<msg time="2024-05-19T16:17:35.103697" level="INFO">{'gender': 'female', 'name': {'title': 'Ms', 'first': 'Lucy', 'last': 'Adams'}, 'location': {'street': {'number': 8313, 'name': 'Jones Road'}, 'city': 'Naas', 'state': 'Wicklow', 'country': 'Ireland', 'postcode': 39510, 'coordinates': {'latitude': '0.0602', 'longitude': '27.2778'}, 'timezone': {'offset': '0:00', 'description': 'Western Europe Time, London, Lisbon, Casablanca'}}, 'email': 'lucy.adams@example.com', 'login': {'uuid': 'a0a7d5af-54f8-4a76-9100-00ddc18c66c7', 'username': 'angrybear150', 'password': '1024', 'salt': 'r7HPDx2g', 'md5': 'ee28a46a4e1c0ac6dd05eb6f2d3dfb4e', 'sha1': 'af008c8c40d45896fd28a899027437de5e3b84f9', 'sha256': 'a8af082bf05fd9ca9b145423157a8ec29cca86754ea2b0d94a7cf81cad8a26f1'}, 'dob': {'date': '1993-10-31T04:46:37.449Z', 'age': 30}, 'registered': {'date': '2018-09-28T05:30:35.221Z', 'age': 5}, 'phone': '011-584-3745', 'cell': '081-578-6383', 'id': {'name': 'PPS', 'value': '4489633T'}, 'picture': {'large': 'https://randomuser.me/api/portraits/women/78.jpg', 'medium': 'https://randomuser.me/api/portraits/med/women/78.jpg', 'thumbnail': 'https://randomuser.me/api/portraits/thumb/women/78.jpg'}, 'nat': 'IE'}</msg>
<arg>${json_data['results'][0]}</arg>
<doc>Logs the given message with the given level.</doc>
<status status="PASS" start="2024-05-19T16:17:35.103337" elapsed="0.000407"/>
</kw>
<kw name="Log" owner="BuiltIn">
<msg time="2024-05-19T16:17:35.104166" level="INFO">name</msg>
<arg>${key}</arg>
<doc>Logs the given message with the given level.</doc>
<status status="PASS" start="2024-05-19T16:17:35.104041" elapsed="0.000162"/>
</kw>
<var name="${key}">name</var>
<status status="PASS" start="2024-05-19T16:17:35.102468" elapsed="0.001950"/>
</iter>
<iter>
<kw name="Dictionary Should Contain Key" owner="Collections">
<msg time="2024-05-19T16:17:35.105096" level="INFO">False</msg>
<arg>${json_data['results'][0]}</arg>
<arg>${key}</arg>
<doc>Fails if ``key`` is not found from ``dictionary``.</doc>
<status status="PASS" start="2024-05-19T16:17:35.104711" elapsed="0.000421"/>
</kw>
<kw name="Log" owner="BuiltIn">
<msg time="2024-05-19T16:17:35.105818" level="INFO">{'gender': 'female', 'name': {'title': 'Ms', 'first': 'Lucy', 'last': 'Adams'}, 'location': {'street': {'number': 8313, 'name': 'Jones Road'}, 'city': 'Naas', 'state': 'Wicklow', 'country': 'Ireland', 'postcode': 39510, 'coordinates': {'latitude': '0.0602', 'longitude': '27.2778'}, 'timezone': {'offset': '0:00', 'description': 'Western Europe Time, London, Lisbon, Casablanca'}}, 'email': 'lucy.adams@example.com', 'login': {'uuid': 'a0a7d5af-54f8-4a76-9100-00ddc18c66c7', 'username': 'angrybear150', 'password': '1024', 'salt': 'r7HPDx2g', 'md5': 'ee28a46a4e1c0ac6dd05eb6f2d3dfb4e', 'sha1': 'af008c8c40d45896fd28a899027437de5e3b84f9', 'sha256': 'a8af082bf05fd9ca9b145423157a8ec29cca86754ea2b0d94a7cf81cad8a26f1'}, 'dob': {'date': '1993-10-31T04:46:37.449Z', 'age': 30}, 'registered': {'date': '2018-09-28T05:30:35.221Z', 'age': 5}, 'phone': '011-584-3745', 'cell': '081-578-6383', 'id': {'name': 'PPS', 'value': '4489633T'}, 'picture': {'large': 'https://randomuser.me/api/portraits/women/78.jpg', 'medium': 'https://randomuser.me/api/portraits/med/women/78.jpg', 'thumbnail': 'https://randomuser.me/api/portraits/thumb/women/78.jpg'}, 'nat': 'IE'}</msg>
<arg>${json_data['results'][0]}</arg>
<doc>Logs the given message with the given level.</doc>
<status status="PASS" start="2024-05-19T16:17:35.105463" elapsed="0.000402"/>
</kw>
<kw name="Log" owner="BuiltIn">
<msg time="2024-05-19T16:17:35.106285" level="INFO">location</msg>
<arg>${key}</arg>
<doc>Logs the given message with the given level.</doc>
<status status="PASS" start="2024-05-19T16:17:35.106161" elapsed="0.000161"/>
</kw>
<var name="${key}">location</var>
<status status="PASS" start="2024-05-19T16:17:35.104598" elapsed="0.001938"/>
</iter>
<iter>
<kw name="Dictionary Should Contain Key" owner="Collections">
<msg time="2024-05-19T16:17:35.107198" level="INFO">False</msg>
<arg>${json_data['results'][0]}</arg>
<arg>${key}</arg>
<doc>Fails if ``key`` is not found from ``dictionary``.</doc>
<status status="PASS" start="2024-05-19T16:17:35.106821" elapsed="0.000413"/>
</kw>
<kw name="Log" owner="BuiltIn">
<msg time="2024-05-19T16:17:35.107895" level="INFO">{'gender': 'female', 'name': {'title': 'Ms', 'first': 'Lucy', 'last': 'Adams'}, 'location': {'street': {'number': 8313, 'name': 'Jones Road'}, 'city': 'Naas', 'state': 'Wicklow', 'country': 'Ireland', 'postcode': 39510, 'coordinates': {'latitude': '0.0602', 'longitude': '27.2778'}, 'timezone': {'offset': '0:00', 'description': 'Western Europe Time, London, Lisbon, Casablanca'}}, 'email': 'lucy.adams@example.com', 'login': {'uuid': 'a0a7d5af-54f8-4a76-9100-00ddc18c66c7', 'username': 'angrybear150', 'password': '1024', 'salt': 'r7HPDx2g', 'md5': 'ee28a46a4e1c0ac6dd05eb6f2d3dfb4e', 'sha1': 'af008c8c40d45896fd28a899027437de5e3b84f9', 'sha256': 'a8af082bf05fd9ca9b145423157a8ec29cca86754ea2b0d94a7cf81cad8a26f1'}, 'dob': {'date': '1993-10-31T04:46:37.449Z', 'age': 30}, 'registered': {'date': '2018-09-28T05:30:35.221Z', 'age': 5}, 'phone': '011-584-3745', 'cell': '081-578-6383', 'id': {'name': 'PPS', 'value': '4489633T'}, 'picture': {'large': 'https://randomuser.me/api/portraits/women/78.jpg', 'medium': 'https://randomuser.me/api/portraits/med/women/78.jpg', 'thumbnail': 'https://randomuser.me/api/portraits/thumb/women/78.jpg'}, 'nat': 'IE'}</msg>
<arg>${json_data['results'][0]}</arg>
<doc>Logs the given message with the given level.</doc>
<status status="PASS" start="2024-05-19T16:17:35.107533" elapsed="0.000420"/>
</kw>
<kw name="Log" owner="BuiltIn">
<msg time="2024-05-19T16:17:35.108373" level="INFO">email</msg>
<arg>${key}</arg>
<doc>Logs the given message with the given level.</doc>
<status status="PASS" start="2024-05-19T16:17:35.108247" elapsed="0.000163"/>
</kw>
<var name="${key}">email</var>
<status status="PASS" start="2024-05-19T16:17:35.106710" elapsed="0.001915"/>
</iter>
<iter>
<kw name="Dictionary Should Contain Key" owner="Collections">
<msg time="2024-05-19T16:17:35.109320" level="INFO">False</msg>
<arg>${json_data['results'][0]}</arg>
<arg>${key}</arg>
<doc>Fails if ``key`` is not found from ``dictionary``.</doc>
<status status="PASS" start="2024-05-19T16:17:35.108910" elapsed="0.000449"/>
</kw>
<kw name="Log" owner="BuiltIn">
<msg time="2024-05-19T16:17:35.110017" level="INFO">{'gender': 'female', 'name': {'title': 'Ms', 'first': 'Lucy', 'last': 'Adams'}, 'location': {'street': {'number': 8313, 'name': 'Jones Road'}, 'city': 'Naas', 'state': 'Wicklow', 'country': 'Ireland', 'postcode': 39510, 'coordinates': {'latitude': '0.0602', 'longitude': '27.2778'}, 'timezone': {'offset': '0:00', 'description': 'Western Europe Time, London, Lisbon, Casablanca'}}, 'email': 'lucy.adams@example.com', 'login': {'uuid': 'a0a7d5af-54f8-4a76-9100-00ddc18c66c7', 'username': 'angrybear150', 'password': '1024', 'salt': 'r7HPDx2g', 'md5': 'ee28a46a4e1c0ac6dd05eb6f2d3dfb4e', 'sha1': 'af008c8c40d45896fd28a899027437de5e3b84f9', 'sha256': 'a8af082bf05fd9ca9b145423157a8ec29cca86754ea2b0d94a7cf81cad8a26f1'}, 'dob': {'date': '1993-10-31T04:46:37.449Z', 'age': 30}, 'registered': {'date': '2018-09-28T05:30:35.221Z', 'age': 5}, 'phone': '011-584-3745', 'cell': '081-578-6383', 'id': {'name': 'PPS', 'value': '4489633T'}, 'picture': {'large': 'https://randomuser.me/api/portraits/women/78.jpg', 'medium': 'https://randomuser.me/api/portraits/med/women/78.jpg', 'thumbnail': 'https://randomuser.me/api/portraits/thumb/women/78.jpg'}, 'nat': 'IE'}</msg>
<arg>${json_data['results'][0]}</arg>
<doc>Logs the given message with the given level.</doc>
<status status="PASS" start="2024-05-19T16:17:35.109656" elapsed="0.000409"/>
</kw>
<kw name="Log" owner="BuiltIn">
<msg time="2024-05-19T16:17:35.110490" level="INFO">login</msg>
<arg>${key}</arg>
<doc>Logs the given message with the given level.</doc>
<status status="PASS" start="2024-05-19T16:17:35.110363" elapsed="0.000164"/>
</kw>
<var name="${key}">login</var>
<status status="PASS" start="2024-05-19T16:17:35.108798" elapsed="0.001972"/>
</iter>
<var>${key}</var>
<value>@{expected_keys}</value>
<status status="PASS" start="2024-05-19T16:17:35.100054" elapsed="0.010841"/>
</for>
<kw name="Create List" owner="BuiltIn">
<msg time="2024-05-19T16:17:35.111226" level="INFO">${expected_keysTwo} = ['username', 'password']</msg>
<var>${expected_keysTwo}</var>
<arg>username</arg>
<arg>password</arg>
<doc>Returns a list containing given items.</doc>
<status status="PASS" start="2024-05-19T16:17:35.111089" elapsed="0.000161"/>
</kw>
<for flavor="IN">
<iter>
<kw name="Dictionary Should Contain Key" owner="Collections">
<msg time="2024-05-19T16:17:35.112135" level="INFO">False</msg>
<arg>${json_data['results'][0]['login']}</arg>
<arg>${keyTwo}</arg>
<doc>Fails if ``key`` is not found from ``dictionary``.</doc>
<status status="PASS" start="2024-05-19T16:17:35.111751" elapsed="0.000421"/>
</kw>
<kw name="Dictionary Should Contain Key" owner="Collections">
<msg time="2024-05-19T16:17:35.112836" level="INFO">False</msg>
<arg>${json_data['results'][0]['login']}</arg>
<arg>${keyTwo}</arg>
<doc>Fails if ``key`` is not found from ``dictionary``.</doc>
<status status="PASS" start="2024-05-19T16:17:35.112464" elapsed="0.000409"/>
</kw>
<kw name="Log" owner="BuiltIn">
<msg time="2024-05-19T16:17:35.113330" level="INFO">username</msg>
<arg>${keyTwo}</arg>
<doc>Logs the given message with the given level.</doc>
<status status="PASS" start="2024-05-19T16:17:35.113192" elapsed="0.000180"/>
</kw>
<var name="${keyTwo}">username</var>
<status status="PASS" start="2024-05-19T16:17:35.111644" elapsed="0.001946"/>
</iter>
<iter>
<kw name="Dictionary Should Contain Key" owner="Collections">
<msg time="2024-05-19T16:17:35.114371" level="INFO">False</msg>
<arg>${json_data['results'][0]['login']}</arg>
<arg>${keyTwo}</arg>
<doc>Fails if ``key`` is not found from ``dictionary``.</doc>
<status status="PASS" start="2024-05-19T16:17:35.113867" elapsed="0.000548"/>
</kw>
<kw name="Dictionary Should Contain Key" owner="Collections">
<msg time="2024-05-19T16:17:35.115099" level="INFO">False</msg>
<arg>${json_data['results'][0]['login']}</arg>
<arg>${keyTwo}</arg>
<doc>Fails if ``key`` is not found from ``dictionary``.</doc>
<status status="PASS" start="2024-05-19T16:17:35.114722" elapsed="0.000415"/>
</kw>
<kw name="Log" owner="BuiltIn">
<msg time="2024-05-19T16:17:35.115557" level="INFO">password</msg>
<arg>${keyTwo}</arg>
<doc>Logs the given message with the given level.</doc>
<status status="PASS" start="2024-05-19T16:17:35.115431" elapsed="0.000163"/>
</kw>
<var name="${keyTwo}">password</var>
<status status="PASS" start="2024-05-19T16:17:35.113759" elapsed="0.002050"/>
</iter>
<var>${keyTwo}</var>
<value>@{expected_keysTwo}</value>
<status status="PASS" start="2024-05-19T16:17:35.111490" elapsed="0.004440"/>
</for>
<status status="PASS" start="2024-05-19T16:17:34.998867" elapsed="0.117205"/>
</kw>
<doc>Testa a estrutura da resposta da API.</doc>
<tag>testeEstruturaResposta</tag>
<status status="PASS" start="2024-05-19T16:17:34.998349" elapsed="0.117886"/>
</test>
<test id="s1-s1-t4" name="Validar tipos de dados" line="28">
<kw name="Teste de Tipos de Dados" owner="random-user-service">
<kw name="GET On Session" owner="RequestsLibrary">
<msg time="2024-05-19T16:17:35.205221" level="INFO">GET Request : url=https://randomuser.me/api 
 path_url=/api 
 headers={'User-Agent': 'python-requests/2.31.0', 'Accept-Encoding': 'gzip, deflate', 'Accept': '*/*', 'Connection': 'keep-alive'} 
 body=None 
 </msg>
<msg time="2024-05-19T16:17:35.205330" level="INFO">GET Response : url=https://randomuser.me/api 
 status=200, reason=OK 
 headers={'Date': 'Sun, 19 May 2024 16:17:35 GMT', 'Content-Type': 'application/json; charset=utf-8', 'Transfer-Encoding': 'chunked', 'Connection': 'keep-alive', 'X-Powered-By': 'Express', 'Access-Control-Allow-Origin': '*', 'Cache-Control': 'no-cache', 'ETag': 'W/"47f-eI+KV6+pdSJZQecXTl1eoBDefLc"', 'Vary': 'Accept-Encoding', 'Content-Encoding': 'gzip', 'CF-Cache-Status': 'DYNAMIC', 'Report-To': '{"endpoints":[{"url":"https:\\/\\/a.nel.cloudflare.com\\/report\\/v4?s=oCpQaXcgC3eNqsVfga0O%2FdD0BS0FRXESib650esDt48lSglpa4QrGLaafXLhAbo4CV1rjw2ckKCDaB0eZ6hCscueM4605IHfgXsfT3lUKc8606GEYdeg%2FODrugytmt8D"}],"group":"cf-nel","max_age":604800}', 'NEL': '{"success_fraction":0,"report_to":"cf-nel","max_age":604800}', 'Server': 'cloudflare', 'CF-RAY': '886565e288c19444-SJC', 'alt-svc': 'h3=":443"; ma=86400'} 
 body={"results":[{"gender":"male","name":{"title":"Mr","first":"Daniel","last":"Moore"},"location":{"street":{"number":636,"name":"High Street"},"city":"Palmerston North","state":"Waikato","country":"New Zealand","postcode":12602,"coordinates":{"latitude":"52.6457","longitude":"-147.0576"},"timezone":{"offset":"+7:00","description":"Bangkok, Hanoi, Jakarta"}},"email":"daniel.moore@example.com","login":{"uuid":"48d169d0-67da-4064-b5fb-4392782c1efa","username":"whitepanda376","password":"firefly","salt":"BEYPdyqB","md5":"ad853ce9fb7f6652b63733dc9e1d2bd4","sha1":"ed14a6612a0f2201d4c4be1115c33b055fe1bcd5","sha256":"c7c87be870e8bec5e7a4a565470c94279174df19ac46bbb779fbf3d417bbe866"},"dob":{"date":"1957-06-04T06:42:45.269Z","age":66},"registered":{"date":"2014-08-14T09:55:07.795Z","age":9},"phone":"(451)-709-9670","cell":"(670)-524-3248","id":{"name":"","value":null},"picture":{"large":"https://randomuser.me/api/portraits/men/13.jpg","medium":"https://randomuser.me/api/portraits/med/men/13.jpg","thumbnail":"https://randomuser.me/api/portraits/thumb/men/13.jpg"},"nat":"NZ"}],"info":{"seed":"5a723edeea44b562","results":1,"page":1,"version":"1.4"}} 
 </msg>
<msg time="2024-05-19T16:17:35.205403" level="INFO">/opt/hostedtoolcache/Python/3.12.3/x64/lib/python3.12/site-packages/urllib3/connectionpool.py:1103: InsecureRequestWarning: Unverified HTTPS request is being made to host 'randomuser.me'. Adding certificate verification is strongly advised. See: https://urllib3.readthedocs.io/en/latest/advanced-usage.html#tls-warnings
  warnings.warn(</msg>
<msg time="2024-05-19T16:17:35.205526" level="INFO">${response} = &lt;Response [200]&gt;</msg>
<var>${response}</var>
<arg>consultarAPI</arg>
<arg>/api</arg>
<doc>Sends a GET request on a previously created HTTP Session.</doc>
<status status="PASS" start="2024-05-19T16:17:35.119093" elapsed="0.086476"/>
</kw>
<kw name="Set Variable" owner="BuiltIn">
<msg time="2024-05-19T16:17:35.206678" level="INFO">${json_data} = {'results': [{'gender': 'male', 'name': {'title': 'Mr', 'first': 'Daniel', 'last': 'Moore'}, 'location': {'street': {'number': 636, 'name': 'High Street'}, 'city': 'Palmerston North', 'state': 'Waikat...</msg>
<var>${json_data}</var>
<arg>${response.json()}</arg>
<doc>Returns the given values which can then be assigned to a variables.</doc>
<status status="PASS" start="2024-05-19T16:17:35.206116" elapsed="0.000592"/>
</kw>
<kw name="Log" owner="BuiltIn">
<msg time="2024-05-19T16:17:35.207286" level="INFO">{'results': [{'gender': 'male', 'name': {'title': 'Mr', 'first': 'Daniel', 'last': 'Moore'}, 'location': {'street': {'number': 636, 'name': 'High Street'}, 'city': 'Palmerston North', 'state': 'Waikato', 'country': 'New Zealand', 'postcode': 12602, 'coordinates': {'latitude': '52.6457', 'longitude': '-147.0576'}, 'timezone': {'offset': '+7:00', 'description': 'Bangkok, Hanoi, Jakarta'}}, 'email': 'daniel.moore@example.com', 'login': {'uuid': '48d169d0-67da-4064-b5fb-4392782c1efa', 'username': 'whitepanda376', 'password': 'firefly', 'salt': 'BEYPdyqB', 'md5': 'ad853ce9fb7f6652b63733dc9e1d2bd4', 'sha1': 'ed14a6612a0f2201d4c4be1115c33b055fe1bcd5', 'sha256': 'c7c87be870e8bec5e7a4a565470c94279174df19ac46bbb779fbf3d417bbe866'}, 'dob': {'date': '1957-06-04T06:42:45.269Z', 'age': 66}, 'registered': {'date': '2014-08-14T09:55:07.795Z', 'age': 9}, 'phone': '(451)-709-9670', 'cell': '(670)-524-3248', 'id': {'name': '', 'value': None}, 'picture': {'large': 'https://randomuser.me/api/portraits/men/13.jpg', 'medium': 'https://randomuser.me/api/portraits/med/men/13.jpg', 'thumbnail': 'https://randomuser.me/api/portraits/thumb/men/13.jpg'}, 'nat': 'NZ'}], 'info': {'seed': '5a723edeea44b562', 'results': 1, 'page': 1, 'version': '1.4'}}</msg>
<arg>${json_data}</arg>
<doc>Logs the given message with the given level.</doc>
<status status="PASS" start="2024-05-19T16:17:35.207088" elapsed="0.000291"/>
</kw>
<kw name="Should Be String" owner="String">
<arg>${json_data['results'][0]['gender']}</arg>
<doc>Fails if the given ``item`` is not a string.</doc>
<status status="PASS" start="2024-05-19T16:17:35.207726" elapsed="0.000402"/>
</kw>
<kw name="Should Match Regexp" owner="BuiltIn">
<arg>${json_data['results'][0]['email']}</arg>
<arg>^[a-zA-Z0-9._%+-]+@[a-zA-Z0-9.-]+\.[a-zA-Z]{2,}$</arg>
<doc>Fails if ``string`` does not match ``pattern`` as a regular expression.</doc>
<status status="PASS" start="2024-05-19T16:17:35.208338" elapsed="0.000538"/>
</kw>
<kw name="Should Match Regexp" owner="BuiltIn">
<arg>${json_data['results'][0]['dob']['date']}</arg>
<arg>\\d{4}-\\d{2}-\\d{2}T\\d{2}:\\d{2}:\\d{2}\\.\\d{3}Z</arg>
<doc>Fails if ``string`` does not match ``pattern`` as a regular expression.</doc>
<status status="PASS" start="2024-05-19T16:17:35.209084" elapsed="0.000557"/>
</kw>
<kw name="Should Match Regexp" owner="BuiltIn">
<arg>${json_data['results'][0]['registered']['date']}</arg>
<arg>\\d{4}-\\d{2}-\\d{2}T\\d{2}:\\d{2}:\\d{2}\\.\\d{3}Z</arg>
<doc>Fails if ``string`` does not match ``pattern`` as a regular expression.</doc>
<status status="PASS" start="2024-05-19T16:17:35.209842" elapsed="0.000372"/>
</kw>
<kw name="Should Match Regexp" owner="BuiltIn">
<arg>${json_data['results'][0]['picture']['large']}</arg>
<arg>^https?://.*\.(?:png|jpe?g|gif|bmp)$</arg>
<doc>Fails if ``string`` does not match ``pattern`` as a regular expression.</doc>
<status status="PASS" start="2024-05-19T16:17:35.210414" elapsed="0.000475"/>
</kw>
<kw name="Should Match Regexp" owner="BuiltIn">
<arg>${json_data['results'][0]['picture']['medium']}</arg>
<arg>^https?://.*\.(?:png|jpe?g|gif|bmp)$</arg>
<doc>Fails if ``string`` does not match ``pattern`` as a regular expression.</doc>
<status status="PASS" start="2024-05-19T16:17:35.211080" elapsed="0.000358"/>
</kw>
<kw name="Should Match Regexp" owner="BuiltIn">
<arg>${json_data['results'][0]['picture']['thumbnail']}</arg>
<arg>^https?://.*\.(?:png|jpe?g|gif|bmp)$</arg>
<doc>Fails if ``string`` does not match ``pattern`` as a regular expression.</doc>
<status status="PASS" start="2024-05-19T16:17:35.211627" elapsed="0.000347"/>
</kw>
<kw name="Log" owner="BuiltIn">
<msg time="2024-05-19T16:17:35.212473" level="INFO">{'large': 'https://randomuser.me/api/portraits/men/13.jpg', 'medium': 'https://randomuser.me/api/portraits/med/men/13.jpg', 'thumbnail': 'https://randomuser.me/api/portraits/thumb/men/13.jpg'}</msg>
<arg>${json_data['results'][0]['picture']}</arg>
<doc>Logs the given message with the given level.</doc>
<status status="PASS" start="2024-05-19T16:17:35.212155" elapsed="0.000360"/>
</kw>
<status status="PASS" start="2024-05-19T16:17:35.118736" elapsed="0.094049"/>
</kw>
<kw name="Teste de Tipos de Dados - Postcode" owner="random-user-service">
<kw name="GET On Session" owner="RequestsLibrary">
<msg time="2024-05-19T16:17:35.309695" level="INFO">GET Request : url=https://randomuser.me/api 
 path_url=/api 
 headers={'User-Agent': 'python-requests/2.31.0', 'Accept-Encoding': 'gzip, deflate', 'Accept': '*/*', 'Connection': 'keep-alive'} 
 body=None 
 </msg>
<msg time="2024-05-19T16:17:35.309796" level="INFO">GET Response : url=https://randomuser.me/api 
 status=200, reason=OK 
 headers={'Date': 'Sun, 19 May 2024 16:17:35 GMT', 'Content-Type': 'application/json; charset=utf-8', 'Transfer-Encoding': 'chunked', 'Connection': 'keep-alive', 'X-Powered-By': 'Express', 'Access-Control-Allow-Origin': '*', 'Cache-Control': 'no-cache', 'ETag': 'W/"487-JHbLLD3FcmSxy4KG0K3D1cxMJmM"', 'Vary': 'Accept-Encoding', 'Content-Encoding': 'gzip', 'CF-Cache-Status': 'DYNAMIC', 'Report-To': '{"endpoints":[{"url":"https:\\/\\/a.nel.cloudflare.com\\/report\\/v4?s=%2BEGmTLUypdii3l%2BtY5%2FuoJOaxApqr63y8xlTtz2LLyYaXPFVd47ufc06AbUiTG7nvwXU6%2FVCylu6qNdn0M2Vqt%2BzAfbelyLLOd1mycMPIariZCtUUPg1tR8j8RMxVPNY"}],"group":"cf-nel","max_age":604800}', 'NEL': '{"success_fraction":0,"report_to":"cf-nel","max_age":604800}', 'Server': 'cloudflare', 'CF-RAY': '886565e319269444-SJC', 'alt-svc': 'h3=":443"; ma=86400'} 
 body={"results":[{"gender":"female","name":{"title":"Miss","first":"Özsu","last":"Kutlay"},"location":{"street":{"number":5206,"name":"Bağdat Cd"},"city":"Gaziantep","state":"Karaman","country":"Turkey","postcode":48733,"coordinates":{"latitude":"70.5056","longitude":"44.2216"},"timezone":{"offset":"+3:00","description":"Baghdad, Riyadh, Moscow, St. Petersburg"}},"email":"ozsu.kutlay@example.com","login":{"uuid":"c9188d5d-6d2c-4695-8e4c-0bfb469ac59d","username":"silverbird731","password":"dale","salt":"1iXAKvV4","md5":"a611aa39196875dff84c8d5d71f0c475","sha1":"e5029ef6f87bdee879fcf877357318cc492868b8","sha256":"bb9d2f8639d86ee578c5e7b95f574d050578692eb734ca087f06ea4d12d4f7d7"},"dob":{"date":"1998-12-09T05:44:08.358Z","age":25},"registered":{"date":"2016-10-30T17:31:11.038Z","age":7},"phone":"(366)-736-8086","cell":"(469)-289-0613","id":{"name":"","value":null},"picture":{"large":"https://randomuser.me/api/portraits/women/28.jpg","medium":"https://randomuser.me/api/portraits/med/women/28.jpg","thumbnail":"https://randomuser.me/api/portraits/thumb/women/28.jpg"},"nat":"TR"}],"info":{"seed":"0cccd4300d082c1d","results":1,"page":1,"version":"1.4"}} 
 </msg>
<msg time="2024-05-19T16:17:35.309874" level="INFO">/opt/hostedtoolcache/Python/3.12.3/x64/lib/python3.12/site-packages/urllib3/connectionpool.py:1103: InsecureRequestWarning: Unverified HTTPS request is being made to host 'randomuser.me'. Adding certificate verification is strongly advised. See: https://urllib3.readthedocs.io/en/latest/advanced-usage.html#tls-warnings
  warnings.warn(</msg>
<msg time="2024-05-19T16:17:35.309991" level="INFO">${response} = &lt;Response [200]&gt;</msg>
<var>${response}</var>
<arg>consultarAPI</arg>
<arg>/api</arg>
<doc>Sends a GET request on a previously created HTTP Session.</doc>
<status status="PASS" start="2024-05-19T16:17:35.213287" elapsed="0.096735"/>
</kw>
<kw name="Set Variable" owner="BuiltIn">
<msg time="2024-05-19T16:17:35.311133" level="INFO">${json_data} = {'results': [{'gender': 'female', 'name': {'title': 'Miss', 'first': 'Özsu', 'last': 'Kutlay'}, 'location': {'street': {'number': 5206, 'name': 'Bağdat Cd'}, 'city': 'Gaziantep', 'state': 'Karaman', '...</msg>
<var>${json_data}</var>
<arg>${response.json()}</arg>
<doc>Returns the given values which can then be assigned to a variables.</doc>
<status status="PASS" start="2024-05-19T16:17:35.310578" elapsed="0.000587"/>
</kw>
<kw name="Log" owner="BuiltIn">
<msg time="2024-05-19T16:17:35.311693" level="INFO">{'results': [{'gender': 'female', 'name': {'title': 'Miss', 'first': 'Özsu', 'last': 'Kutlay'}, 'location': {'street': {'number': 5206, 'name': 'Bağdat Cd'}, 'city': 'Gaziantep', 'state': 'Karaman', 'country': 'Turkey', 'postcode': 48733, 'coordinates': {'latitude': '70.5056', 'longitude': '44.2216'}, 'timezone': {'offset': '+3:00', 'description': 'Baghdad, Riyadh, Moscow, St. Petersburg'}}, 'email': 'ozsu.kutlay@example.com', 'login': {'uuid': 'c9188d5d-6d2c-4695-8e4c-0bfb469ac59d', 'username': 'silverbird731', 'password': 'dale', 'salt': '1iXAKvV4', 'md5': 'a611aa39196875dff84c8d5d71f0c475', 'sha1': 'e5029ef6f87bdee879fcf877357318cc492868b8', 'sha256': 'bb9d2f8639d86ee578c5e7b95f574d050578692eb734ca087f06ea4d12d4f7d7'}, 'dob': {'date': '1998-12-09T05:44:08.358Z', 'age': 25}, 'registered': {'date': '2016-10-30T17:31:11.038Z', 'age': 7}, 'phone': '(366)-736-8086', 'cell': '(469)-289-0613', 'id': {'name': '', 'value': None}, 'picture': {'large': 'https://randomuser.me/api/portraits/women/28.jpg', 'medium': 'https://randomuser.me/api/portraits/med/women/28.jpg', 'thumbnail': 'https://randomuser.me/api/portraits/thumb/women/28.jpg'}, 'nat': 'TR'}], 'info': {'seed': '0cccd4300d082c1d', 'results': 1, 'page': 1, 'version': '1.4'}}</msg>
<arg>${json_data}</arg>
<doc>Logs the given message with the given level.</doc>
<status status="PASS" start="2024-05-19T16:17:35.311524" elapsed="0.000269"/>
</kw>
<kw name="Should Be Equal As Numbers" owner="BuiltIn">
<arg>${json_data['results'][0]['location']['postcode']}</arg>
<arg>${json_data['results'][0]['location']['postcode']}</arg>
<doc>Fails if objects are unequal after converting them to real numbers.</doc>
<status status="PASS" start="2024-05-19T16:17:35.312294" elapsed="0.000631"/>
</kw>
<kw name="Log" owner="BuiltIn">
<msg time="2024-05-19T16:17:35.313504" level="INFO">48733</msg>
<arg>${json_data['results'][0]['location']['postcode']}</arg>
<doc>Logs the given message with the given level.</doc>
<status status="PASS" start="2024-05-19T16:17:35.313122" elapsed="0.000425"/>
</kw>
<status status="PASS" start="2024-05-19T16:17:35.213015" elapsed="0.100794"/>
</kw>
<doc>Testa se os tipos de dados na resposta da API estão corretos.</doc>
<tag>testeTiposDados</tag>
<status status="PASS" start="2024-05-19T16:17:35.118050" elapsed="0.195932"/>
</test>
<test id="s1-s1-t5" name="Validar conteudo" line="35">
<kw name="Teste de Tipos de Conteudo" owner="random-user-service">
<kw name="GET On Session" owner="RequestsLibrary">
<msg time="2024-05-19T16:17:35.409028" level="INFO">GET Request : url=https://randomuser.me/api 
 path_url=/api 
 headers={'User-Agent': 'python-requests/2.31.0', 'Accept-Encoding': 'gzip, deflate', 'Accept': '*/*', 'Connection': 'keep-alive'} 
 body=None 
 </msg>
<msg time="2024-05-19T16:17:35.409145" level="INFO">GET Response : url=https://randomuser.me/api 
 status=200, reason=OK 
 headers={'Date': 'Sun, 19 May 2024 16:17:35 GMT', 'Content-Type': 'application/json; charset=utf-8', 'Transfer-Encoding': 'chunked', 'Connection': 'keep-alive', 'X-Powered-By': 'Express', 'Access-Control-Allow-Origin': '*', 'Cache-Control': 'no-cache', 'ETag': 'W/"4a6-+E40NWtMOpLDzjvFfREDyn3wKYg"', 'Vary': 'Accept-Encoding', 'Content-Encoding': 'gzip', 'CF-Cache-Status': 'DYNAMIC', 'Report-To': '{"endpoints":[{"url":"https:\\/\\/a.nel.cloudflare.com\\/report\\/v4?s=WxuwFJfRPbqPcxYQibby6bC15gHhS7PSsrjsyCkP0PAc165yct4YsIAOE5Lgq5nl9bLY0RowxJCtKoiO4ludLC57MXBdyJB%2FwAv13v10iacTdGf46OhOwEVXmtSkmUDU"}],"group":"cf-nel","max_age":604800}', 'NEL': '{"success_fraction":0,"report_to":"cf-nel","max_age":604800}', 'Server': 'cloudflare', 'CF-RAY': '886565e3c99d9444-SJC', 'alt-svc': 'h3=":443"; ma=86400'} 
 body={"results":[{"gender":"male","name":{"title":"Mr","first":"Gabriel","last":"Davies"},"location":{"street":{"number":7839,"name":"Brick Kiln Road"},"city":"St Davids","state":"Northumberland","country":"United Kingdom","postcode":"H2 6QW","coordinates":{"latitude":"-6.8566","longitude":"-34.8728"},"timezone":{"offset":"-3:00","description":"Brazil, Buenos Aires, Georgetown"}},"email":"gabriel.davies@example.com","login":{"uuid":"535c1cbe-38bd-49c2-8ea6-013cf9efd826","username":"purplegorilla125","password":"thedoors","salt":"mHU1MXjG","md5":"fd2246217f2be1d4d65062ec455a1274","sha1":"4cdd147e5c11570cfdba90f94c0c88a08f1547e5","sha256":"1c3c6a12524387de129aa8da5a72b049af5c58b741edf681abf4578c48bf745d"},"dob":{"date":"1950-01-12T03:46:07.207Z","age":74},"registered":{"date":"2007-03-24T18:20:44.810Z","age":17},"phone":"016974 73991","cell":"07608 021151","id":{"name":"NINO","value":"XH 66 85 38 A"},"picture":{"large":"https://randomuser.me/api/portraits/men/76.jpg","medium":"https://randomuser.me/api/portraits/med/men/76.jpg","thumbnail":"https://randomuser.me/api/portraits/thumb/men/76.jpg"},"nat":"GB"}],"info":{"seed":"d56af3c62d5027dc","results":1,"page":1,"version":"1.4"}} 
 </msg>
<msg time="2024-05-19T16:17:35.409301" level="INFO">/opt/hostedtoolcache/Python/3.12.3/x64/lib/python3.12/site-packages/urllib3/connectionpool.py:1103: InsecureRequestWarning: Unverified HTTPS request is being made to host 'randomuser.me'. Adding certificate verification is strongly advised. See: https://urllib3.readthedocs.io/en/latest/advanced-usage.html#tls-warnings
  warnings.warn(</msg>
<msg time="2024-05-19T16:17:35.409451" level="INFO">${response} = &lt;Response [200]&gt;</msg>
<var>${response}</var>
<arg>consultarAPI</arg>
<arg>/api</arg>
<doc>Sends a GET request on a previously created HTTP Session.</doc>
<status status="PASS" start="2024-05-19T16:17:35.316876" elapsed="0.092619"/>
</kw>
<kw name="Set Variable" owner="BuiltIn">
<msg time="2024-05-19T16:17:35.410592" level="INFO">${json_data} = {'results': [{'gender': 'male', 'name': {'title': 'Mr', 'first': 'Gabriel', 'last': 'Davies'}, 'location': {'street': {'number': 7839, 'name': 'Brick Kiln Road'}, 'city': 'St Davids', 'state': 'Northu...</msg>
<var>${json_data}</var>
<arg>${response.json()}</arg>
<doc>Returns the given values which can then be assigned to a variables.</doc>
<status status="PASS" start="2024-05-19T16:17:35.410052" elapsed="0.000570"/>
</kw>
<kw name="Set Variable" owner="BuiltIn">
<msg time="2024-05-19T16:17:35.411385" level="INFO">${name_title} = Mr</msg>
<var>${name_title}</var>
<arg>${json_data["results"][0]["name"]["title"]}</arg>
<doc>Returns the given values which can then be assigned to a variables.</doc>
<status status="PASS" start="2024-05-19T16:17:35.410974" elapsed="0.000438"/>
</kw>
<kw name="Create List" owner="BuiltIn">
<msg time="2024-05-19T16:17:35.411886" level="INFO">${allowed_titles} = ['Mr', 'Ms', 'Miss', 'Mrs', 'Madame', 'Monsieur']</msg>
<var>${allowed_titles}</var>
<arg>Mr</arg>
<arg>Ms</arg>
<arg>Miss</arg>
<arg>Mrs</arg>
<arg>Madame</arg>
<arg>Monsieur</arg>
<doc>Returns a list containing given items.</doc>
<status status="PASS" start="2024-05-19T16:17:35.411731" elapsed="0.000179"/>
</kw>
<kw name="List Should Contain Value" owner="Collections">
<msg time="2024-05-19T16:17:35.412403" level="INFO">False</msg>
<arg>${allowed_titles}</arg>
<arg>${name_title}</arg>
<doc>Fails if the ``value`` is not found from ``list``.</doc>
<status status="PASS" start="2024-05-19T16:17:35.412222" elapsed="0.000218"/>
</kw>
<kw name="Set Variable" owner="BuiltIn">
<msg time="2024-05-19T16:17:35.413131" level="INFO">${name_country} = GB</msg>
<var>${name_country}</var>
<arg>${json_data["results"][0]["nat"]}</arg>
<doc>Returns the given values which can then be assigned to a variables.</doc>
<status status="PASS" start="2024-05-19T16:17:35.412745" elapsed="0.000436"/>
</kw>
<kw name="Create List" owner="BuiltIn">
<msg time="2024-05-19T16:17:35.414106" level="INFO">${list_country} = ['AD', 'AE', 'AF', 'AG', 'AI', 'AL', 'AM', 'AO', 'AQ', 'AR', 'AS', 'AT', 'AU', 'AW', 'AX', 'AZ', 'BA', 'BB', 'BD', 'BE', 'BF', 'BG', 'BH', 'BI', 'BJ', 'BL', 'BM', 'BN', 'BO', 'BQ', 'BR', 'BS', 'BT', '...</msg>
<var>${list_country}</var>
<arg>AD</arg>
<arg>AE</arg>
<arg>AF</arg>
<arg>AG</arg>
<arg>AI</arg>
<arg>AL</arg>
<arg>AM</arg>
<arg>AO</arg>
<arg>AQ</arg>
<arg>AR</arg>
<arg>AS</arg>
<arg>AT</arg>
<arg>AU</arg>
<arg>AW</arg>
<arg>AX</arg>
<arg>AZ</arg>
<arg>BA</arg>
<arg>BB</arg>
<arg>BD</arg>
<arg>BE</arg>
<arg>BF</arg>
<arg>BG</arg>
<arg>BH</arg>
<arg>BI</arg>
<arg>BJ</arg>
<arg>BL</arg>
<arg>BM</arg>
<arg>BN</arg>
<arg>BO</arg>
<arg>BQ</arg>
<arg>BR</arg>
<arg>BS</arg>
<arg>BT</arg>
<arg>BV</arg>
<arg>BW</arg>
<arg>BY</arg>
<arg>BZ</arg>
<arg>CA</arg>
<arg>CC</arg>
<arg>CD</arg>
<arg>CF</arg>
<arg>CG</arg>
<arg>CH</arg>
<arg>CI</arg>
<arg>CK</arg>
<arg>CL</arg>
<arg>CM</arg>
<arg>CN</arg>
<arg>CO</arg>
<arg>CR</arg>
<arg>CU</arg>
<arg>CV</arg>
<arg>CW</arg>
<arg>CX</arg>
<arg>CY</arg>
<arg>CZ</arg>
<arg>DE</arg>
<arg>DJ</arg>
<arg>DK</arg>
<arg>DM</arg>
<arg>DO</arg>
<arg>DZ</arg>
<arg>EC</arg>
<arg>EE</arg>
<arg>EG</arg>
<arg>EH</arg>
<arg>ER</arg>
<arg>ES</arg>
<arg>ET</arg>
<arg>FI</arg>
<arg>FJ</arg>
<arg>FK</arg>
<arg>FM</arg>
<arg>FO</arg>
<arg>FR</arg>
<arg>GA</arg>
<arg>GB</arg>
<arg>GD</arg>
<arg>GE</arg>
<arg>GF</arg>
<arg>GG</arg>
<arg>GH</arg>
<arg>GI</arg>
<arg>GL</arg>
<arg>GM</arg>
<arg>GN</arg>
<arg>GP</arg>
<arg>GQ</arg>
<arg>GR</arg>
<arg>GS</arg>
<arg>GT</arg>
<arg>GU</arg>
<arg>GW</arg>
<arg>GY</arg>
<arg>HK</arg>
<arg>HM</arg>
<arg>HN</arg>
<arg>HR</arg>
<arg>HT</arg>
<arg>HU</arg>
<arg>ID</arg>
<arg>IE</arg>
<arg>IL</arg>
<arg>IM</arg>
<arg>IN</arg>
<arg>IO</arg>
<arg>IQ</arg>
<arg>IR</arg>
<arg>IS</arg>
<arg>IT</arg>
<arg>JE</arg>
<arg>JM</arg>
<arg>JO</arg>
<arg>JP</arg>
<arg>KE</arg>
<arg>KG</arg>
<arg>KH</arg>
<arg>KI</arg>
<arg>KM</arg>
<arg>KN</arg>
<arg>KP</arg>
<arg>KR</arg>
<arg>KW</arg>
<arg>KY</arg>
<arg>KZ</arg>
<arg>LA</arg>
<arg>LB</arg>
<arg>LC</arg>
<arg>LI</arg>
<arg>LK</arg>
<arg>LR</arg>
<arg>LS</arg>
<arg>LT</arg>
<arg>LU</arg>
<arg>LV</arg>
<arg>LY</arg>
<arg>MA</arg>
<arg>MC</arg>
<arg>MD</arg>
<arg>ME</arg>
<arg>MF</arg>
<arg>MG</arg>
<arg>MH</arg>
<arg>MK</arg>
<arg>ML</arg>
<arg>MM</arg>
<arg>MN</arg>
<arg>MO</arg>
<arg>MP</arg>
<arg>MQ</arg>
<arg>MR</arg>
<arg>MS</arg>
<arg>MT</arg>
<arg>MU</arg>
<arg>MV</arg>
<arg>MW</arg>
<arg>MX</arg>
<arg>MY</arg>
<arg>MZ</arg>
<arg>NA</arg>
<arg>NC</arg>
<arg>NE</arg>
<arg>NF</arg>
<arg>NG</arg>
<arg>NI</arg>
<arg>NL</arg>
<arg>NO</arg>
<arg>NP</arg>
<arg>NR</arg>
<arg>NU</arg>
<arg>NZ</arg>
<arg>OM</arg>
<arg>PA</arg>
<arg>PE</arg>
<arg>PF</arg>
<arg>PG</arg>
<arg>PH</arg>
<arg>PK</arg>
<arg>PL</arg>
<arg>PM</arg>
<arg>PN</arg>
<arg>PR</arg>
<arg>PS</arg>
<arg>PT</arg>
<arg>PW</arg>
<arg>PY</arg>
<arg>QA</arg>
<arg>RE</arg>
<arg>RO</arg>
<arg>RS</arg>
<arg>RU</arg>
<arg>RW</arg>
<arg>SA</arg>
<arg>SB</arg>
<arg>SC</arg>
<arg>SD</arg>
<arg>SE</arg>
<arg>SG</arg>
<arg>SH</arg>
<arg>SI</arg>
<arg>SJ</arg>
<arg>SK</arg>
<arg>SL</arg>
<arg>SM</arg>
<arg>SN</arg>
<arg>SO</arg>
<arg>SR</arg>
<arg>SS</arg>
<arg>ST</arg>
<arg>SV</arg>
<arg>SX</arg>
<arg>SY</arg>
<arg>SZ</arg>
<arg>TC</arg>
<arg>TD</arg>
<arg>TF</arg>
<arg>TG</arg>
<arg>TH</arg>
<arg>TJ</arg>
<arg>TK</arg>
<arg>TL</arg>
<arg>TM</arg>
<arg>TN</arg>
<arg>TO</arg>
<arg>TR</arg>
<arg>TT</arg>
<arg>TV</arg>
<arg>TW</arg>
<arg>TZ</arg>
<arg>UA</arg>
<arg>UG</arg>
<arg>UM</arg>
<arg>US</arg>
<arg>UY</arg>
<arg>UZ</arg>
<arg>VA</arg>
<arg>VC</arg>
<arg>VE</arg>
<arg>VG</arg>
<arg>VI</arg>
<arg>VN</arg>
<arg>VU</arg>
<arg>WF</arg>
<arg>WS</arg>
<arg>XK</arg>
<arg>YE</arg>
<arg>YT</arg>
<arg>ZA</arg>
<arg>ZM</arg>
<arg>ZW</arg>
<doc>Returns a list containing given items.</doc>
<status status="PASS" start="2024-05-19T16:17:35.413509" elapsed="0.000622"/>
</kw>
<kw name="List Should Contain Value" owner="Collections">
<msg time="2024-05-19T16:17:35.415129" level="INFO">False</msg>
<arg>${list_country}</arg>
<arg>${name_country}</arg>
<doc>Fails if the ``value`` is not found from ``list``.</doc>
<status status="PASS" start="2024-05-19T16:17:35.414922" elapsed="0.000245"/>
</kw>
<kw name="Run Keyword If" owner="BuiltIn">
<kw name="Should Be True" owner="BuiltIn">
<arg>${True}</arg>
<doc>Fails if the given condition is not true.</doc>
<status status="PASS" start="2024-05-19T16:17:35.416242" elapsed="0.000280"/>
</kw>
<arg>${json_data["results"][0]["location"]["coordinates"]["latitude"]} &gt;= -90 and ${json_data["results"][0]["location"]["coordinates"]["latitude"]} &lt;= 90</arg>
<arg>Should Be True</arg>
<arg>${True}</arg>
<doc>Runs the given keyword with the given arguments, if ``condition`` is true.</doc>
<status status="PASS" start="2024-05-19T16:17:35.415487" elapsed="0.001170"/>
</kw>
<kw name="Run Keyword If" owner="BuiltIn">
<kw name="Should Be True" owner="BuiltIn">
<arg>${True}</arg>
<doc>Fails if the given condition is not true.</doc>
<status status="PASS" start="2024-05-19T16:17:35.417602" elapsed="0.000143"/>
</kw>
<arg>${json_data["results"][0]["location"]["coordinates"]["longitude"]} &gt;= -180 and ${json_data["results"][0]["location"]["coordinates"]["longitude"]} &lt;= 180</arg>
<arg>Should Be True</arg>
<arg>${True}</arg>
<doc>Runs the given keyword with the given arguments, if ``condition`` is true.</doc>
<status status="PASS" start="2024-05-19T16:17:35.416856" elapsed="0.001015"/>
</kw>
<status status="PASS" start="2024-05-19T16:17:35.316493" elapsed="0.101510"/>
</kw>
<doc>Testa o conteúdo específico dos campos retornados pela API.</doc>
<tag>testeConteudo</tag>
<status status="PASS" start="2024-05-19T16:17:35.315825" elapsed="0.102334"/>
</test>
<status status="PASS" start="2024-05-19T16:17:34.505577" elapsed="0.914519"/>
</suite>
<status status="PASS" start="2024-05-19T16:17:34.491643" elapsed="0.933721"/>
</suite>
<statistics>
<total>
<stat pass="5" fail="0" skip="0">All Tests</stat>
</total>
<tag>
<stat pass="1" fail="0" skip="0">testeConteudo</stat>
<stat pass="1" fail="0" skip="0">testeEstruturaResposta</stat>
<stat pass="1" fail="0" skip="0">testeRequisicaoBasica</stat>
<stat pass="1" fail="0" skip="0">testeTiposDados</stat>
</tag>
<suite>
<stat pass="5" fail="0" skip="0" id="s1" name="Tests">Tests</stat>
<stat pass="5" fail="0" skip="0" id="s1-s1" name="Random-User-Test">Tests.Random-User-Test</stat>
</suite>
</statistics>
<errors>
</errors>
</robot>
