<?xml version="1.0" encoding="UTF-8"?>
<robot generator="Robot 7.0.1 (Python 3.12.4 on linux)" generated="2024-08-10T02:35:02.577047" rpa="false" schemaversion="5">
<suite id="s1" name="Tests" source="/home/runner/work/ApiRandomUser/ApiRandomUser/RamdonUser/tests">
<suite id="s1-s1" name="Random-User-Test" source="/home/runner/work/ApiRandomUser/ApiRandomUser/RamdonUser/tests/random-user-test.robot">
<test id="s1-s1-t1" name="Conectar" line="13">
<kw name="Conectar API" owner="random-user-service">
<kw name="Create Session" owner="RequestsLibrary">
<msg time="2024-08-10T02:35:02.986815" level="INFO">Creating Session using : alias=consultarAPI, url=https://randomuser.me/, headers={},                     cookies={}, auth=None, timeout=None, proxies=None, verify=False,                     debug=0 </msg>
<arg>consultarAPI</arg>
<arg>${URL}</arg>
<doc>Create Session: create a HTTP session to a server</doc>
<status status="PASS" start="2024-08-10T02:35:02.986610" elapsed="0.000392"/>
</kw>
<status status="PASS" start="2024-08-10T02:35:02.985537" elapsed="0.001842"/>
</kw>
<status status="PASS" start="2024-08-10T02:35:02.984914" elapsed="0.002657"/>
</test>
<test id="s1-s1-t2" name="Validar retorno 200 e JSON Válido" line="16">
<kw name="Teste de Requisicao Basica" owner="random-user-service">
<kw name="GET On Session" owner="RequestsLibrary">
<msg time="2024-08-10T02:35:03.288355" level="INFO">GET Request : url=https://randomuser.me/api 
 path_url=/api 
 headers={'User-Agent': 'python-requests/2.32.3', 'Accept-Encoding': 'gzip, deflate', 'Accept': '*/*', 'Connection': 'keep-alive'} 
 body=None 
 </msg>
<msg time="2024-08-10T02:35:03.288505" level="INFO">GET Response : url=https://randomuser.me/api 
 status=200, reason=OK 
 headers={'Date': 'Sat, 10 Aug 2024 02:35:03 GMT', 'Content-Type': 'application/json; charset=utf-8', 'Transfer-Encoding': 'chunked', 'Connection': 'keep-alive', 'X-Powered-By': 'Express', 'Access-Control-Allow-Origin': '*', 'Cache-Control': 'no-cache', 'ETag': 'W/"480-a7ysgA8/ZJjP8EAiBspWEY6X0xE"', 'Vary': 'Accept-Encoding', 'Content-Encoding': 'gzip', 'CF-Cache-Status': 'DYNAMIC', 'Report-To': '{"endpoints":[{"url":"https:\\/\\/a.nel.cloudflare.com\\/report\\/v4?s=IRf2hjq8jvg7mR8cpdzpOj5w1jS2vljMsEochQamr29bqcAaAG6rVWoeknmuo0kEbflZOWneNIcB9M2216Jy%2BopYOv2LiuaD0uAd%2FZsDiqIlwIIRfU2YcIjO0E4nPhB1"}],"group":"cf-nel","max_age":604800}', 'NEL': '{"success_fraction":0,"report_to":"cf-nel","max_age":604800}', 'Server': 'cloudflare', 'CF-RAY': '8b0c97200c432b82-LAX', 'alt-svc': 'h3=":443"; ma=86400'} 
 body={"results":[{"gender":"male","name":{"title":"Mr","first":"John","last":"Mora"},"location":{"street":{"number":2406,"name":"Calle Nebrija"},"city":"Parla","state":"Cantabria","country":"Spain","postcode":63403,"coordinates":{"latitude":"-33.0461","longitude":"-153.7092"},"timezone":{"offset":"-5:00","description":"Eastern Time (US &amp; Canada), Bogota, Lima"}},"email":"john.mora@example.com","login":{"uuid":"9933ea39-b339-49ab-8f98-8bc0fb172fa5","username":"purplelion568","password":"worthy","salt":"RmpKMOQb","md5":"0559ef8d02f57f1e57901f69cdc7f423","sha1":"d9378c35d626058b06760522f8725809dde9c237","sha256":"1195a5ea8f8e91b7fd25fb539a6a204c30a34853cc2a20c88ceda4b3d92754b7"},"dob":{"date":"1985-07-31T06:19:55.594Z","age":39},"registered":{"date":"2018-02-11T01:29:54.780Z","age":6},"phone":"996-141-963","cell":"603-669-368","id":{"name":"DNI","value":"88110980-M"},"picture":{"large":"https://randomuser.me/api/portraits/men/1.jpg","medium":"https://randomuser.me/api/portraits/med/men/1.jpg","thumbnail":"https://randomuser.me/api/portraits/thumb/men/1.jpg"},"nat":"ES"}],"info":{"seed":"3327a884eaaf820c","results":1,"page":1,"version":"1.4"}} 
 </msg>
<msg time="2024-08-10T02:35:03.288585" level="INFO">/opt/hostedtoolcache/Python/3.12.4/x64/lib/python3.12/site-packages/urllib3/connectionpool.py:1099: InsecureRequestWarning: Unverified HTTPS request is being made to host 'randomuser.me'. Adding certificate verification is strongly advised. See: https://urllib3.readthedocs.io/en/latest/advanced-usage.html#tls-warnings
  warnings.warn(</msg>
<msg time="2024-08-10T02:35:03.288739" level="INFO">${response} = &lt;Response [200]&gt;</msg>
<var>${response}</var>
<arg>consultarAPI</arg>
<arg>/api</arg>
<doc>Sends a GET request on a previously created HTTP Session.</doc>
<status status="PASS" start="2024-08-10T02:35:02.990176" elapsed="0.298604"/>
</kw>
<kw name="Should Be Equal As Numbers" owner="BuiltIn">
<msg time="2024-08-10T02:35:03.289744" level="INFO">Argument types are:
&lt;class 'int'&gt;
&lt;class 'str'&gt;</msg>
<arg>${response.status_code}</arg>
<arg>200</arg>
<doc>Fails if objects are unequal after converting them to real numbers.</doc>
<status status="PASS" start="2024-08-10T02:35:03.289291" elapsed="0.000546"/>
</kw>
<kw name="Log" owner="BuiltIn">
<msg time="2024-08-10T02:35:03.290517" level="INFO">200</msg>
<arg>${response.status_code}</arg>
<doc>Logs the given message with the given level.</doc>
<status status="PASS" start="2024-08-10T02:35:03.290158" elapsed="0.000400"/>
</kw>
<kw name="Set Variable" owner="BuiltIn">
<msg time="2024-08-10T02:35:03.291354" level="INFO">${json_data} = {'results': [{'gender': 'male', 'name': {'title': 'Mr', 'first': 'John', 'last': 'Mora'}, 'location': {'street': {'number': 2406, 'name': 'Calle Nebrija'}, 'city': 'Parla', 'state': 'Cantabria', 'coun...</msg>
<var>${json_data}</var>
<arg>${response.json()}</arg>
<doc>Returns the given values which can then be assigned to a variables.</doc>
<status status="PASS" start="2024-08-10T02:35:03.290860" elapsed="0.000523"/>
</kw>
<kw name="Dictionary Should Contain Key" owner="Collections">
<arg>${json_data}</arg>
<arg>results</arg>
<doc>Fails if ``key`` is not found from ``dictionary``.</doc>
<status status="PASS" start="2024-08-10T02:35:03.291692" elapsed="0.000324"/>
</kw>
<status status="PASS" start="2024-08-10T02:35:02.989927" elapsed="0.302245"/>
</kw>
<doc>Testa se a API responde corretamente e retorna um objeto JSON válido.</doc>
<tag>testeRequisicaoBasica</tag>
<status status="PASS" start="2024-08-10T02:35:02.989417" elapsed="0.302929"/>
</test>
<test id="s1-s1-t3" name="Validar estrutura de resposta" line="22">
<kw name="Teste de Estrutura de Resposta" owner="random-user-service">
<kw name="GET On Session" owner="RequestsLibrary">
<msg time="2024-08-10T02:35:03.576347" level="INFO">GET Request : url=https://randomuser.me/api 
 path_url=/api 
 headers={'User-Agent': 'python-requests/2.32.3', 'Accept-Encoding': 'gzip, deflate', 'Accept': '*/*', 'Connection': 'keep-alive'} 
 body=None 
 </msg>
<msg time="2024-08-10T02:35:03.576461" level="INFO">GET Response : url=https://randomuser.me/api 
 status=200, reason=OK 
 headers={'Date': 'Sat, 10 Aug 2024 02:35:03 GMT', 'Content-Type': 'application/json; charset=utf-8', 'Transfer-Encoding': 'chunked', 'Connection': 'keep-alive', 'X-Powered-By': 'Express', 'Access-Control-Allow-Origin': '*', 'Cache-Control': 'no-cache', 'ETag': 'W/"475-Eg3ogHfZ37VGimG134ZTRmzoTmg"', 'Vary': 'Accept-Encoding', 'Content-Encoding': 'gzip', 'CF-Cache-Status': 'DYNAMIC', 'Report-To': '{"endpoints":[{"url":"https:\\/\\/a.nel.cloudflare.com\\/report\\/v4?s=2MjBbUurOA14HD6oIk8PkJjngkjhcC%2F7nSr3c6sOqtl3oyTjVDxtA8ml%2BmwtQKdgDGzqqe5OxbN%2FsQ4Ygz2j9sB4I94ANKDFvKQrqmcQbj2XLG9Jx7lFcTZ7pphHzSnh"}],"group":"cf-nel","max_age":604800}', 'NEL': '{"success_fraction":0,"report_to":"cf-nel","max_age":604800}', 'Server': 'cloudflare', 'CF-RAY': '8b0c97219df22b82-LAX', 'alt-svc': 'h3=":443"; ma=86400'} 
 body={"results":[{"gender":"male","name":{"title":"Mr","first":"Miloduh","last":"Martinec"},"location":{"street":{"number":6193,"name":"Demiyivska"},"city":"Novodnistrovsk","state":"Ternopilska","country":"Ukraine","postcode":11540,"coordinates":{"latitude":"79.6239","longitude":"-134.5597"},"timezone":{"offset":"+4:30","description":"Kabul"}},"email":"miloduh.martinec@example.com","login":{"uuid":"88a949c0-b288-4610-802c-eed84907c805","username":"blackrabbit893","password":"1michael","salt":"SkHIyebH","md5":"47cbcb4845806e5e5c51a9309696d092","sha1":"0e8b0498ebc3d11e0025b3e92206cb7cc85aef4d","sha256":"20699d7b5f8b27ad8566a188f3bfd78c795a28eb89c4cb1b800c64ea5e0f692f"},"dob":{"date":"1995-07-19T17:47:12.371Z","age":29},"registered":{"date":"2018-11-04T03:40:30.340Z","age":5},"phone":"(067) P04-7503","cell":"(098) P81-4091","id":{"name":"","value":null},"picture":{"large":"https://randomuser.me/api/portraits/men/54.jpg","medium":"https://randomuser.me/api/portraits/med/men/54.jpg","thumbnail":"https://randomuser.me/api/portraits/thumb/men/54.jpg"},"nat":"UA"}],"info":{"seed":"ed82db587be3bdab","results":1,"page":1,"version":"1.4"}} 
 </msg>
<msg time="2024-08-10T02:35:03.576601" level="INFO">/opt/hostedtoolcache/Python/3.12.4/x64/lib/python3.12/site-packages/urllib3/connectionpool.py:1099: InsecureRequestWarning: Unverified HTTPS request is being made to host 'randomuser.me'. Adding certificate verification is strongly advised. See: https://urllib3.readthedocs.io/en/latest/advanced-usage.html#tls-warnings
  warnings.warn(</msg>
<msg time="2024-08-10T02:35:03.576749" level="INFO">${response} = &lt;Response [200]&gt;</msg>
<var>${response}</var>
<arg>consultarAPI</arg>
<arg>/api</arg>
<doc>Sends a GET request on a previously created HTTP Session.</doc>
<status status="PASS" start="2024-08-10T02:35:03.294940" elapsed="0.281851"/>
</kw>
<kw name="Set Variable" owner="BuiltIn">
<msg time="2024-08-10T02:35:03.577963" level="INFO">${json_data} = {'results': [{'gender': 'male', 'name': {'title': 'Mr', 'first': 'Miloduh', 'last': 'Martinec'}, 'location': {'street': {'number': 6193, 'name': 'Demiyivska'}, 'city': 'Novodnistrovsk', 'state': 'Tern...</msg>
<var>${json_data}</var>
<arg>${response.json()}</arg>
<doc>Returns the given values which can then be assigned to a variables.</doc>
<status status="PASS" start="2024-08-10T02:35:03.577391" elapsed="0.000601"/>
</kw>
<kw name="Log" owner="BuiltIn">
<msg time="2024-08-10T02:35:03.578456" level="INFO">{'results': [{'gender': 'male', 'name': {'title': 'Mr', 'first': 'Miloduh', 'last': 'Martinec'}, 'location': {'street': {'number': 6193, 'name': 'Demiyivska'}, 'city': 'Novodnistrovsk', 'state': 'Ternopilska', 'country': 'Ukraine', 'postcode': 11540, 'coordinates': {'latitude': '79.6239', 'longitude': '-134.5597'}, 'timezone': {'offset': '+4:30', 'description': 'Kabul'}}, 'email': 'miloduh.martinec@example.com', 'login': {'uuid': '88a949c0-b288-4610-802c-eed84907c805', 'username': 'blackrabbit893', 'password': '1michael', 'salt': 'SkHIyebH', 'md5': '47cbcb4845806e5e5c51a9309696d092', 'sha1': '0e8b0498ebc3d11e0025b3e92206cb7cc85aef4d', 'sha256': '20699d7b5f8b27ad8566a188f3bfd78c795a28eb89c4cb1b800c64ea5e0f692f'}, 'dob': {'date': '1995-07-19T17:47:12.371Z', 'age': 29}, 'registered': {'date': '2018-11-04T03:40:30.340Z', 'age': 5}, 'phone': '(067) P04-7503', 'cell': '(098) P81-4091', 'id': {'name': '', 'value': None}, 'picture': {'large': 'https://randomuser.me/api/portraits/men/54.jpg', 'medium': 'https://randomuser.me/api/portraits/med/men/54.jpg', 'thumbnail': 'https://randomuser.me/api/portraits/thumb/men/54.jpg'}, 'nat': 'UA'}], 'info': {'seed': 'ed82db587be3bdab', 'results': 1, 'page': 1, 'version': '1.4'}}</msg>
<arg>${json_data}</arg>
<doc>Logs the given message with the given level.</doc>
<status status="PASS" start="2024-08-10T02:35:03.578298" elapsed="0.000205"/>
</kw>
<kw name="Dictionary Should Contain Key" owner="Collections">
<arg>${json_data}</arg>
<arg>results</arg>
<doc>Fails if ``key`` is not found from ``dictionary``.</doc>
<status status="PASS" start="2024-08-10T02:35:03.578805" elapsed="0.000171"/>
</kw>
<kw name="Should Not Be Empty" owner="BuiltIn">
<msg time="2024-08-10T02:35:03.579284" level="INFO">Length is 2.</msg>
<arg>${json_data}</arg>
<doc>Verifies that the given item is not empty.</doc>
<status status="PASS" start="2024-08-10T02:35:03.579158" elapsed="0.000164"/>
</kw>
<kw name="Create List" owner="BuiltIn">
<msg time="2024-08-10T02:35:03.579757" level="INFO">${expected_keys} = ['gender', 'name', 'location', 'email', 'login']</msg>
<var>${expected_keys}</var>
<arg>gender</arg>
<arg>name</arg>
<arg>location</arg>
<arg>email</arg>
<arg>login</arg>
<doc>Returns a list containing given items.</doc>
<status status="PASS" start="2024-08-10T02:35:03.579610" elapsed="0.000182"/>
</kw>
<for flavor="IN">
<iter>
<kw name="Dictionary Should Contain Key" owner="Collections">
<arg>${json_data['results'][0]}</arg>
<arg>${key}</arg>
<doc>Fails if ``key`` is not found from ``dictionary``.</doc>
<status status="PASS" start="2024-08-10T02:35:03.580400" elapsed="0.000404"/>
</kw>
<kw name="Log" owner="BuiltIn">
<msg time="2024-08-10T02:35:03.581373" level="INFO">{'gender': 'male', 'name': {'title': 'Mr', 'first': 'Miloduh', 'last': 'Martinec'}, 'location': {'street': {'number': 6193, 'name': 'Demiyivska'}, 'city': 'Novodnistrovsk', 'state': 'Ternopilska', 'country': 'Ukraine', 'postcode': 11540, 'coordinates': {'latitude': '79.6239', 'longitude': '-134.5597'}, 'timezone': {'offset': '+4:30', 'description': 'Kabul'}}, 'email': 'miloduh.martinec@example.com', 'login': {'uuid': '88a949c0-b288-4610-802c-eed84907c805', 'username': 'blackrabbit893', 'password': '1michael', 'salt': 'SkHIyebH', 'md5': '47cbcb4845806e5e5c51a9309696d092', 'sha1': '0e8b0498ebc3d11e0025b3e92206cb7cc85aef4d', 'sha256': '20699d7b5f8b27ad8566a188f3bfd78c795a28eb89c4cb1b800c64ea5e0f692f'}, 'dob': {'date': '1995-07-19T17:47:12.371Z', 'age': 29}, 'registered': {'date': '2018-11-04T03:40:30.340Z', 'age': 5}, 'phone': '(067) P04-7503', 'cell': '(098) P81-4091', 'id': {'name': '', 'value': None}, 'picture': {'large': 'https://randomuser.me/api/portraits/men/54.jpg', 'medium': 'https://randomuser.me/api/portraits/med/men/54.jpg', 'thumbnail': 'https://randomuser.me/api/portraits/thumb/men/54.jpg'}, 'nat': 'UA'}</msg>
<arg>${json_data['results'][0]}</arg>
<doc>Logs the given message with the given level.</doc>
<status status="PASS" start="2024-08-10T02:35:03.580998" elapsed="0.000433"/>
</kw>
<kw name="Log" owner="BuiltIn">
<msg time="2024-08-10T02:35:03.581886" level="INFO">gender</msg>
<arg>${key}</arg>
<doc>Logs the given message with the given level.</doc>
<status status="PASS" start="2024-08-10T02:35:03.581736" elapsed="0.000189"/>
</kw>
<var name="${key}">gender</var>
<status status="PASS" start="2024-08-10T02:35:03.580275" elapsed="0.001873"/>
</iter>
<iter>
<kw name="Dictionary Should Contain Key" owner="Collections">
<arg>${json_data['results'][0]}</arg>
<arg>${key}</arg>
<doc>Fails if ``key`` is not found from ``dictionary``.</doc>
<status status="PASS" start="2024-08-10T02:35:03.582448" elapsed="0.000395"/>
</kw>
<kw name="Log" owner="BuiltIn">
<msg time="2024-08-10T02:35:03.583375" level="INFO">{'gender': 'male', 'name': {'title': 'Mr', 'first': 'Miloduh', 'last': 'Martinec'}, 'location': {'street': {'number': 6193, 'name': 'Demiyivska'}, 'city': 'Novodnistrovsk', 'state': 'Ternopilska', 'country': 'Ukraine', 'postcode': 11540, 'coordinates': {'latitude': '79.6239', 'longitude': '-134.5597'}, 'timezone': {'offset': '+4:30', 'description': 'Kabul'}}, 'email': 'miloduh.martinec@example.com', 'login': {'uuid': '88a949c0-b288-4610-802c-eed84907c805', 'username': 'blackrabbit893', 'password': '1michael', 'salt': 'SkHIyebH', 'md5': '47cbcb4845806e5e5c51a9309696d092', 'sha1': '0e8b0498ebc3d11e0025b3e92206cb7cc85aef4d', 'sha256': '20699d7b5f8b27ad8566a188f3bfd78c795a28eb89c4cb1b800c64ea5e0f692f'}, 'dob': {'date': '1995-07-19T17:47:12.371Z', 'age': 29}, 'registered': {'date': '2018-11-04T03:40:30.340Z', 'age': 5}, 'phone': '(067) P04-7503', 'cell': '(098) P81-4091', 'id': {'name': '', 'value': None}, 'picture': {'large': 'https://randomuser.me/api/portraits/men/54.jpg', 'medium': 'https://randomuser.me/api/portraits/med/men/54.jpg', 'thumbnail': 'https://randomuser.me/api/portraits/thumb/men/54.jpg'}, 'nat': 'UA'}</msg>
<arg>${json_data['results'][0]}</arg>
<doc>Logs the given message with the given level.</doc>
<status status="PASS" start="2024-08-10T02:35:03.583028" elapsed="0.000436"/>
</kw>
<kw name="Log" owner="BuiltIn">
<msg time="2024-08-10T02:35:03.583894" level="INFO">name</msg>
<arg>${key}</arg>
<doc>Logs the given message with the given level.</doc>
<status status="PASS" start="2024-08-10T02:35:03.583765" elapsed="0.000167"/>
</kw>
<var name="${key}">name</var>
<status status="PASS" start="2024-08-10T02:35:03.582332" elapsed="0.001817"/>
</iter>
<iter>
<kw name="Dictionary Should Contain Key" owner="Collections">
<arg>${json_data['results'][0]}</arg>
<arg>${key}</arg>
<doc>Fails if ``key`` is not found from ``dictionary``.</doc>
<status status="PASS" start="2024-08-10T02:35:03.584438" elapsed="0.000379"/>
</kw>
<kw name="Log" owner="BuiltIn">
<msg time="2024-08-10T02:35:03.585346" level="INFO">{'gender': 'male', 'name': {'title': 'Mr', 'first': 'Miloduh', 'last': 'Martinec'}, 'location': {'street': {'number': 6193, 'name': 'Demiyivska'}, 'city': 'Novodnistrovsk', 'state': 'Ternopilska', 'country': 'Ukraine', 'postcode': 11540, 'coordinates': {'latitude': '79.6239', 'longitude': '-134.5597'}, 'timezone': {'offset': '+4:30', 'description': 'Kabul'}}, 'email': 'miloduh.martinec@example.com', 'login': {'uuid': '88a949c0-b288-4610-802c-eed84907c805', 'username': 'blackrabbit893', 'password': '1michael', 'salt': 'SkHIyebH', 'md5': '47cbcb4845806e5e5c51a9309696d092', 'sha1': '0e8b0498ebc3d11e0025b3e92206cb7cc85aef4d', 'sha256': '20699d7b5f8b27ad8566a188f3bfd78c795a28eb89c4cb1b800c64ea5e0f692f'}, 'dob': {'date': '1995-07-19T17:47:12.371Z', 'age': 29}, 'registered': {'date': '2018-11-04T03:40:30.340Z', 'age': 5}, 'phone': '(067) P04-7503', 'cell': '(098) P81-4091', 'id': {'name': '', 'value': None}, 'picture': {'large': 'https://randomuser.me/api/portraits/men/54.jpg', 'medium': 'https://randomuser.me/api/portraits/med/men/54.jpg', 'thumbnail': 'https://randomuser.me/api/portraits/thumb/men/54.jpg'}, 'nat': 'UA'}</msg>
<arg>${json_data['results'][0]}</arg>
<doc>Logs the given message with the given level.</doc>
<status status="PASS" start="2024-08-10T02:35:03.585001" elapsed="0.000404"/>
</kw>
<kw name="Log" owner="BuiltIn">
<msg time="2024-08-10T02:35:03.585859" level="INFO">location</msg>
<arg>${key}</arg>
<doc>Logs the given message with the given level.</doc>
<status status="PASS" start="2024-08-10T02:35:03.585706" elapsed="0.000204"/>
</kw>
<var name="${key}">location</var>
<status status="PASS" start="2024-08-10T02:35:03.584327" elapsed="0.001804"/>
</iter>
<iter>
<kw name="Dictionary Should Contain Key" owner="Collections">
<arg>${json_data['results'][0]}</arg>
<arg>${key}</arg>
<doc>Fails if ``key`` is not found from ``dictionary``.</doc>
<status status="PASS" start="2024-08-10T02:35:03.586414" elapsed="0.000392"/>
</kw>
<kw name="Log" owner="BuiltIn">
<msg time="2024-08-10T02:35:03.587464" level="INFO">{'gender': 'male', 'name': {'title': 'Mr', 'first': 'Miloduh', 'last': 'Martinec'}, 'location': {'street': {'number': 6193, 'name': 'Demiyivska'}, 'city': 'Novodnistrovsk', 'state': 'Ternopilska', 'country': 'Ukraine', 'postcode': 11540, 'coordinates': {'latitude': '79.6239', 'longitude': '-134.5597'}, 'timezone': {'offset': '+4:30', 'description': 'Kabul'}}, 'email': 'miloduh.martinec@example.com', 'login': {'uuid': '88a949c0-b288-4610-802c-eed84907c805', 'username': 'blackrabbit893', 'password': '1michael', 'salt': 'SkHIyebH', 'md5': '47cbcb4845806e5e5c51a9309696d092', 'sha1': '0e8b0498ebc3d11e0025b3e92206cb7cc85aef4d', 'sha256': '20699d7b5f8b27ad8566a188f3bfd78c795a28eb89c4cb1b800c64ea5e0f692f'}, 'dob': {'date': '1995-07-19T17:47:12.371Z', 'age': 29}, 'registered': {'date': '2018-11-04T03:40:30.340Z', 'age': 5}, 'phone': '(067) P04-7503', 'cell': '(098) P81-4091', 'id': {'name': '', 'value': None}, 'picture': {'large': 'https://randomuser.me/api/portraits/men/54.jpg', 'medium': 'https://randomuser.me/api/portraits/med/men/54.jpg', 'thumbnail': 'https://randomuser.me/api/portraits/thumb/men/54.jpg'}, 'nat': 'UA'}</msg>
<arg>${json_data['results'][0]}</arg>
<doc>Logs the given message with the given level.</doc>
<status status="PASS" start="2024-08-10T02:35:03.587110" elapsed="0.000404"/>
</kw>
<kw name="Log" owner="BuiltIn">
<msg time="2024-08-10T02:35:03.587940" level="INFO">email</msg>
<arg>${key}</arg>
<doc>Logs the given message with the given level.</doc>
<status status="PASS" start="2024-08-10T02:35:03.587811" elapsed="0.000168"/>
</kw>
<var name="${key}">email</var>
<status status="PASS" start="2024-08-10T02:35:03.586305" elapsed="0.001891"/>
</iter>
<iter>
<kw name="Dictionary Should Contain Key" owner="Collections">
<arg>${json_data['results'][0]}</arg>
<arg>${key}</arg>
<doc>Fails if ``key`` is not found from ``dictionary``.</doc>
<status status="PASS" start="2024-08-10T02:35:03.588481" elapsed="0.000376"/>
</kw>
<kw name="Log" owner="BuiltIn">
<msg time="2024-08-10T02:35:03.589385" level="INFO">{'gender': 'male', 'name': {'title': 'Mr', 'first': 'Miloduh', 'last': 'Martinec'}, 'location': {'street': {'number': 6193, 'name': 'Demiyivska'}, 'city': 'Novodnistrovsk', 'state': 'Ternopilska', 'country': 'Ukraine', 'postcode': 11540, 'coordinates': {'latitude': '79.6239', 'longitude': '-134.5597'}, 'timezone': {'offset': '+4:30', 'description': 'Kabul'}}, 'email': 'miloduh.martinec@example.com', 'login': {'uuid': '88a949c0-b288-4610-802c-eed84907c805', 'username': 'blackrabbit893', 'password': '1michael', 'salt': 'SkHIyebH', 'md5': '47cbcb4845806e5e5c51a9309696d092', 'sha1': '0e8b0498ebc3d11e0025b3e92206cb7cc85aef4d', 'sha256': '20699d7b5f8b27ad8566a188f3bfd78c795a28eb89c4cb1b800c64ea5e0f692f'}, 'dob': {'date': '1995-07-19T17:47:12.371Z', 'age': 29}, 'registered': {'date': '2018-11-04T03:40:30.340Z', 'age': 5}, 'phone': '(067) P04-7503', 'cell': '(098) P81-4091', 'id': {'name': '', 'value': None}, 'picture': {'large': 'https://randomuser.me/api/portraits/men/54.jpg', 'medium': 'https://randomuser.me/api/portraits/med/men/54.jpg', 'thumbnail': 'https://randomuser.me/api/portraits/thumb/men/54.jpg'}, 'nat': 'UA'}</msg>
<arg>${json_data['results'][0]}</arg>
<doc>Logs the given message with the given level.</doc>
<status status="PASS" start="2024-08-10T02:35:03.589039" elapsed="0.000394"/>
</kw>
<kw name="Log" owner="BuiltIn">
<msg time="2024-08-10T02:35:03.589875" level="INFO">login</msg>
<arg>${key}</arg>
<doc>Logs the given message with the given level.</doc>
<status status="PASS" start="2024-08-10T02:35:03.589725" elapsed="0.000188"/>
</kw>
<var name="${key}">login</var>
<status status="PASS" start="2024-08-10T02:35:03.588372" elapsed="0.001759"/>
</iter>
<var>${key}</var>
<value>@{expected_keys}</value>
<status status="PASS" start="2024-08-10T02:35:03.580078" elapsed="0.010174"/>
</for>
<kw name="Create List" owner="BuiltIn">
<msg time="2024-08-10T02:35:03.590577" level="INFO">${expected_keysTwo} = ['username', 'password']</msg>
<var>${expected_keysTwo}</var>
<arg>username</arg>
<arg>password</arg>
<doc>Returns a list containing given items.</doc>
<status status="PASS" start="2024-08-10T02:35:03.590441" elapsed="0.000161"/>
</kw>
<for flavor="IN">
<iter>
<kw name="Dictionary Should Contain Key" owner="Collections">
<arg>${json_data['results'][0]['login']}</arg>
<arg>${keyTwo}</arg>
<doc>Fails if ``key`` is not found from ``dictionary``.</doc>
<status status="PASS" start="2024-08-10T02:35:03.591135" elapsed="0.000400"/>
</kw>
<kw name="Dictionary Should Contain Key" owner="Collections">
<arg>${json_data['results'][0]['login']}</arg>
<arg>${keyTwo}</arg>
<doc>Fails if ``key`` is not found from ``dictionary``.</doc>
<status status="PASS" start="2024-08-10T02:35:03.591717" elapsed="0.000372"/>
</kw>
<kw name="Log" owner="BuiltIn">
<msg time="2024-08-10T02:35:03.592387" level="INFO">username</msg>
<arg>${keyTwo}</arg>
<doc>Logs the given message with the given level.</doc>
<status status="PASS" start="2024-08-10T02:35:03.592268" elapsed="0.000157"/>
</kw>
<var name="${keyTwo}">username</var>
<status status="PASS" start="2024-08-10T02:35:03.591027" elapsed="0.001618"/>
</iter>
<iter>
<kw name="Dictionary Should Contain Key" owner="Collections">
<arg>${json_data['results'][0]['login']}</arg>
<arg>${keyTwo}</arg>
<doc>Fails if ``key`` is not found from ``dictionary``.</doc>
<status status="PASS" start="2024-08-10T02:35:03.592930" elapsed="0.000391"/>
</kw>
<kw name="Dictionary Should Contain Key" owner="Collections">
<arg>${json_data['results'][0]['login']}</arg>
<arg>${keyTwo}</arg>
<doc>Fails if ``key`` is not found from ``dictionary``.</doc>
<status status="PASS" start="2024-08-10T02:35:03.593512" elapsed="0.000408"/>
</kw>
<kw name="Log" owner="BuiltIn">
<msg time="2024-08-10T02:35:03.594224" level="INFO">password</msg>
<arg>${keyTwo}</arg>
<doc>Logs the given message with the given level.</doc>
<status status="PASS" start="2024-08-10T02:35:03.594102" elapsed="0.000159"/>
</kw>
<var name="${keyTwo}">password</var>
<status status="PASS" start="2024-08-10T02:35:03.592823" elapsed="0.001671"/>
</iter>
<var>${keyTwo}</var>
<value>@{expected_keysTwo}</value>
<status status="PASS" start="2024-08-10T02:35:03.590872" elapsed="0.003745"/>
</for>
<status status="PASS" start="2024-08-10T02:35:03.294714" elapsed="0.300047"/>
</kw>
<doc>Testa a estrutura da resposta da API.</doc>
<tag>testeEstruturaResposta</tag>
<status status="PASS" start="2024-08-10T02:35:03.294203" elapsed="0.300719"/>
</test>
<test id="s1-s1-t4" name="Validar tipos de dados" line="28">
<kw name="Teste de Tipos de Dados" owner="random-user-service">
<kw name="GET On Session" owner="RequestsLibrary">
<msg time="2024-08-10T02:35:03.698371" level="INFO">GET Request : url=https://randomuser.me/api 
 path_url=/api 
 headers={'User-Agent': 'python-requests/2.32.3', 'Accept-Encoding': 'gzip, deflate', 'Accept': '*/*', 'Connection': 'keep-alive'} 
 body=None 
 </msg>
<msg time="2024-08-10T02:35:03.698474" level="INFO">GET Response : url=https://randomuser.me/api 
 status=200, reason=OK 
 headers={'Date': 'Sat, 10 Aug 2024 02:35:03 GMT', 'Content-Type': 'application/json; charset=utf-8', 'Transfer-Encoding': 'chunked', 'Connection': 'keep-alive', 'X-Powered-By': 'Express', 'Access-Control-Allow-Origin': '*', 'Cache-Control': 'no-cache', 'ETag': 'W/"498-eRJCPJ7bon6Rpt90XvXe0LKlY/U"', 'Vary': 'Accept-Encoding', 'Content-Encoding': 'gzip', 'CF-Cache-Status': 'DYNAMIC', 'Report-To': '{"endpoints":[{"url":"https:\\/\\/a.nel.cloudflare.com\\/report\\/v4?s=DsUR3Xkhb10OHm5HEMLM9sqEaloCiw%2FBpy8MCc4AKmRmrXKHbGjPjBhrGf%2B8dptEbbejGnnJ5V%2FC79fTBSjUP7hbntbP8xr%2B97LqVO2S3BLrbglue8647DIQPf1wYmjH"}],"group":"cf-nel","max_age":604800}', 'NEL': '{"success_fraction":0,"report_to":"cf-nel","max_age":604800}', 'Server': 'cloudflare', 'CF-RAY': '8b0c972388592b82-LAX', 'alt-svc': 'h3=":443"; ma=86400'} 
 body={"results":[{"gender":"female","name":{"title":"Mrs","first":"Conchita","last":"Barrios"},"location":{"street":{"number":24,"name":"Andador Sur Urbina"},"city":"Sánchez Celis","state":"Baja California Sur","country":"Mexico","postcode":69620,"coordinates":{"latitude":"23.7446","longitude":"81.7204"},"timezone":{"offset":"-2:00","description":"Mid-Atlantic"}},"email":"conchita.barrios@example.com","login":{"uuid":"317501c1-aaec-4a09-a0e1-968607ff89cb","username":"biglion459","password":"trance","salt":"O3YQcIzb","md5":"bc2b6a9ad10e7993507c76e3c39ccc1d","sha1":"4c1d57b64d8ea5a1410928937021ce52555630b4","sha256":"dc64f3ae815559b87b9f4eed995a6a4d07348204dfebf6520c92c76929a2b771"},"dob":{"date":"1975-10-01T04:42:11.797Z","age":48},"registered":{"date":"2010-09-11T00:33:32.812Z","age":13},"phone":"(649) 955 7606","cell":"(624) 769 9623","id":{"name":"NSS","value":"36 67 40 5566 2"},"picture":{"large":"https://randomuser.me/api/portraits/women/0.jpg","medium":"https://randomuser.me/api/portraits/med/women/0.jpg","thumbnail":"https://randomuser.me/api/portraits/thumb/women/0.jpg"},"nat":"MX"}],"info":{"seed":"a04d629d88810570","results":1,"page":1,"version":"1.4"}} 
 </msg>
<msg time="2024-08-10T02:35:03.698554" level="INFO">/opt/hostedtoolcache/Python/3.12.4/x64/lib/python3.12/site-packages/urllib3/connectionpool.py:1099: InsecureRequestWarning: Unverified HTTPS request is being made to host 'randomuser.me'. Adding certificate verification is strongly advised. See: https://urllib3.readthedocs.io/en/latest/advanced-usage.html#tls-warnings
  warnings.warn(</msg>
<msg time="2024-08-10T02:35:03.698686" level="INFO">${response} = &lt;Response [200]&gt;</msg>
<var>${response}</var>
<arg>consultarAPI</arg>
<arg>/api</arg>
<doc>Sends a GET request on a previously created HTTP Session.</doc>
<status status="PASS" start="2024-08-10T02:35:03.597437" elapsed="0.101301"/>
</kw>
<kw name="Set Variable" owner="BuiltIn">
<msg time="2024-08-10T02:35:03.699930" level="INFO">${json_data} = {'results': [{'gender': 'female', 'name': {'title': 'Mrs', 'first': 'Conchita', 'last': 'Barrios'}, 'location': {'street': {'number': 24, 'name': 'Andador Sur Urbina'}, 'city': 'Sánchez Celis', 'state...</msg>
<var>${json_data}</var>
<arg>${response.json()}</arg>
<doc>Returns the given values which can then be assigned to a variables.</doc>
<status status="PASS" start="2024-08-10T02:35:03.699362" elapsed="0.000599"/>
</kw>
<kw name="Log" owner="BuiltIn">
<msg time="2024-08-10T02:35:03.700445" level="INFO">{'results': [{'gender': 'female', 'name': {'title': 'Mrs', 'first': 'Conchita', 'last': 'Barrios'}, 'location': {'street': {'number': 24, 'name': 'Andador Sur Urbina'}, 'city': 'Sánchez Celis', 'state': 'Baja California Sur', 'country': 'Mexico', 'postcode': 69620, 'coordinates': {'latitude': '23.7446', 'longitude': '81.7204'}, 'timezone': {'offset': '-2:00', 'description': 'Mid-Atlantic'}}, 'email': 'conchita.barrios@example.com', 'login': {'uuid': '317501c1-aaec-4a09-a0e1-968607ff89cb', 'username': 'biglion459', 'password': 'trance', 'salt': 'O3YQcIzb', 'md5': 'bc2b6a9ad10e7993507c76e3c39ccc1d', 'sha1': '4c1d57b64d8ea5a1410928937021ce52555630b4', 'sha256': 'dc64f3ae815559b87b9f4eed995a6a4d07348204dfebf6520c92c76929a2b771'}, 'dob': {'date': '1975-10-01T04:42:11.797Z', 'age': 48}, 'registered': {'date': '2010-09-11T00:33:32.812Z', 'age': 13}, 'phone': '(649) 955 7606', 'cell': '(624) 769 9623', 'id': {'name': 'NSS', 'value': '36 67 40 5566 2'}, 'picture': {'large': 'https://randomuser.me/api/portraits/women/0.jpg', 'medium': 'https://randomuser.me/api/portraits/med/women/0.jpg', 'thumbnail': 'https://randomuser.me/api/portraits/thumb/women/0.jpg'}, 'nat': 'MX'}], 'info': {'seed': 'a04d629d88810570', 'results': 1, 'page': 1, 'version': '1.4'}}</msg>
<arg>${json_data}</arg>
<doc>Logs the given message with the given level.</doc>
<status status="PASS" start="2024-08-10T02:35:03.700278" elapsed="0.000216"/>
</kw>
<kw name="Should Be String" owner="String">
<arg>${json_data['results'][0]['gender']}</arg>
<doc>Fails if the given ``item`` is not a string.</doc>
<status status="PASS" start="2024-08-10T02:35:03.700976" elapsed="0.000532"/>
</kw>
<kw name="Should Match Regexp" owner="BuiltIn">
<arg>${json_data['results'][0]['email']}</arg>
<arg>^[a-zA-Z0-9._%+-]+@[a-zA-Z0-9.-]+\.[a-zA-Z]{2,}$</arg>
<doc>Fails if ``string`` does not match ``pattern`` as a regular expression.</doc>
<status status="PASS" start="2024-08-10T02:35:03.701708" elapsed="0.000569"/>
</kw>
<kw name="Should Match Regexp" owner="BuiltIn">
<arg>${json_data['results'][0]['dob']['date']}</arg>
<arg>\\d{4}-\\d{2}-\\d{2}T\\d{2}:\\d{2}:\\d{2}\\.\\d{3}Z</arg>
<doc>Fails if ``string`` does not match ``pattern`` as a regular expression.</doc>
<status status="PASS" start="2024-08-10T02:35:03.702517" elapsed="0.000640"/>
</kw>
<kw name="Should Match Regexp" owner="BuiltIn">
<arg>${json_data['results'][0]['registered']['date']}</arg>
<arg>\\d{4}-\\d{2}-\\d{2}T\\d{2}:\\d{2}:\\d{2}\\.\\d{3}Z</arg>
<doc>Fails if ``string`` does not match ``pattern`` as a regular expression.</doc>
<status status="PASS" start="2024-08-10T02:35:03.703355" elapsed="0.000374"/>
</kw>
<kw name="Should Match Regexp" owner="BuiltIn">
<arg>${json_data['results'][0]['picture']['large']}</arg>
<arg>^https?://.*\.(?:png|jpe?g|gif|bmp)$</arg>
<doc>Fails if ``string`` does not match ``pattern`` as a regular expression.</doc>
<status status="PASS" start="2024-08-10T02:35:03.703919" elapsed="0.000472"/>
</kw>
<kw name="Should Match Regexp" owner="BuiltIn">
<arg>${json_data['results'][0]['picture']['medium']}</arg>
<arg>^https?://.*\.(?:png|jpe?g|gif|bmp)$</arg>
<doc>Fails if ``string`` does not match ``pattern`` as a regular expression.</doc>
<status status="PASS" start="2024-08-10T02:35:03.704580" elapsed="0.000356"/>
</kw>
<kw name="Should Match Regexp" owner="BuiltIn">
<arg>${json_data['results'][0]['picture']['thumbnail']}</arg>
<arg>^https?://.*\.(?:png|jpe?g|gif|bmp)$</arg>
<doc>Fails if ``string`` does not match ``pattern`` as a regular expression.</doc>
<status status="PASS" start="2024-08-10T02:35:03.705122" elapsed="0.000358"/>
</kw>
<kw name="Log" owner="BuiltIn">
<msg time="2024-08-10T02:35:03.706030" level="INFO">{'large': 'https://randomuser.me/api/portraits/women/0.jpg', 'medium': 'https://randomuser.me/api/portraits/med/women/0.jpg', 'thumbnail': 'https://randomuser.me/api/portraits/thumb/women/0.jpg'}</msg>
<arg>${json_data['results'][0]['picture']}</arg>
<doc>Logs the given message with the given level.</doc>
<status status="PASS" start="2024-08-10T02:35:03.705669" elapsed="0.000408"/>
</kw>
<status status="PASS" start="2024-08-10T02:35:03.597205" elapsed="0.109151"/>
</kw>
<kw name="Teste de Tipos de Dados - Postcode" owner="random-user-service">
<kw name="GET On Session" owner="RequestsLibrary">
<msg time="2024-08-10T02:35:03.809157" level="INFO">GET Request : url=https://randomuser.me/api 
 path_url=/api 
 headers={'User-Agent': 'python-requests/2.32.3', 'Accept-Encoding': 'gzip, deflate', 'Accept': '*/*', 'Connection': 'keep-alive'} 
 body=None 
 </msg>
<msg time="2024-08-10T02:35:03.809236" level="INFO">GET Response : url=https://randomuser.me/api 
 status=200, reason=OK 
 headers={'Date': 'Sat, 10 Aug 2024 02:35:03 GMT', 'Content-Type': 'application/json; charset=utf-8', 'Transfer-Encoding': 'chunked', 'Connection': 'keep-alive', 'X-Powered-By': 'Express', 'Access-Control-Allow-Origin': '*', 'Cache-Control': 'no-cache', 'ETag': 'W/"47f-SSq8U6ZSzZQOIcdKJ8Qkth+90zU"', 'Vary': 'Accept-Encoding', 'Content-Encoding': 'gzip', 'CF-Cache-Status': 'DYNAMIC', 'Report-To': '{"endpoints":[{"url":"https:\\/\\/a.nel.cloudflare.com\\/report\\/v4?s=KIK6aRx74EezF4ROzWRBzv%2BEI6uBFuOsNddH%2Bl8tzd1mQWj4t%2BszqjKJr6z79EmA3rKuM8dVVYLjCnir%2BX2xFwA6FwJBnJUXJF1ILvPaFfivAPcbkTWJPJwc2ft5BNuh"}],"group":"cf-nel","max_age":604800}', 'NEL': '{"success_fraction":0,"report_to":"cf-nel","max_age":604800}', 'Server': 'cloudflare', 'CF-RAY': '8b0c972439142b82-LAX', 'alt-svc': 'h3=":443"; ma=86400'} 
 body={"results":[{"gender":"female","name":{"title":"Miss","first":"Emmeli","last":"Linnerud"},"location":{"street":{"number":2799,"name":"Smedgata"},"city":"Forland","state":"Rogaland","country":"Norway","postcode":"0586","coordinates":{"latitude":"46.1401","longitude":"15.0232"},"timezone":{"offset":"-11:00","description":"Midway Island, Samoa"}},"email":"emmeli.linnerud@example.com","login":{"uuid":"47014c2a-e73f-40f5-949d-ad5d23ad8373","username":"ticklishmouse875","password":"miranda","salt":"Co8a8xLt","md5":"6adb50934ffb9c08006b7b16a4d44a87","sha1":"1de2a64902591619e7cdada4f324d2a256f57b2b","sha256":"23b4ef325fd0bb1f6f10d4c3d3135ca303d6c33cf0a8daef6fd59b49e341e68e"},"dob":{"date":"1965-09-24T02:40:24.538Z","age":58},"registered":{"date":"2018-10-07T23:31:51.189Z","age":5},"phone":"36852423","cell":"90638575","id":{"name":"FN","value":"24096535461"},"picture":{"large":"https://randomuser.me/api/portraits/women/13.jpg","medium":"https://randomuser.me/api/portraits/med/women/13.jpg","thumbnail":"https://randomuser.me/api/portraits/thumb/women/13.jpg"},"nat":"NO"}],"info":{"seed":"81624ddda5412d1b","results":1,"page":1,"version":"1.4"}} 
 </msg>
<msg time="2024-08-10T02:35:03.809296" level="INFO">/opt/hostedtoolcache/Python/3.12.4/x64/lib/python3.12/site-packages/urllib3/connectionpool.py:1099: InsecureRequestWarning: Unverified HTTPS request is being made to host 'randomuser.me'. Adding certificate verification is strongly advised. See: https://urllib3.readthedocs.io/en/latest/advanced-usage.html#tls-warnings
  warnings.warn(</msg>
<msg time="2024-08-10T02:35:03.809400" level="INFO">${response} = &lt;Response [200]&gt;</msg>
<var>${response}</var>
<arg>consultarAPI</arg>
<arg>/api</arg>
<doc>Sends a GET request on a previously created HTTP Session.</doc>
<status status="PASS" start="2024-08-10T02:35:03.706813" elapsed="0.102624"/>
</kw>
<kw name="Set Variable" owner="BuiltIn">
<msg time="2024-08-10T02:35:03.810398" level="INFO">${json_data} = {'results': [{'gender': 'female', 'name': {'title': 'Miss', 'first': 'Emmeli', 'last': 'Linnerud'}, 'location': {'street': {'number': 2799, 'name': 'Smedgata'}, 'city': 'Forland', 'state': 'Rogaland',...</msg>
<var>${json_data}</var>
<arg>${response.json()}</arg>
<doc>Returns the given values which can then be assigned to a variables.</doc>
<status status="PASS" start="2024-08-10T02:35:03.809909" elapsed="0.000518"/>
</kw>
<kw name="Log" owner="BuiltIn">
<msg time="2024-08-10T02:35:03.810884" level="INFO">{'results': [{'gender': 'female', 'name': {'title': 'Miss', 'first': 'Emmeli', 'last': 'Linnerud'}, 'location': {'street': {'number': 2799, 'name': 'Smedgata'}, 'city': 'Forland', 'state': 'Rogaland', 'country': 'Norway', 'postcode': '0586', 'coordinates': {'latitude': '46.1401', 'longitude': '15.0232'}, 'timezone': {'offset': '-11:00', 'description': 'Midway Island, Samoa'}}, 'email': 'emmeli.linnerud@example.com', 'login': {'uuid': '47014c2a-e73f-40f5-949d-ad5d23ad8373', 'username': 'ticklishmouse875', 'password': 'miranda', 'salt': 'Co8a8xLt', 'md5': '6adb50934ffb9c08006b7b16a4d44a87', 'sha1': '1de2a64902591619e7cdada4f324d2a256f57b2b', 'sha256': '23b4ef325fd0bb1f6f10d4c3d3135ca303d6c33cf0a8daef6fd59b49e341e68e'}, 'dob': {'date': '1965-09-24T02:40:24.538Z', 'age': 58}, 'registered': {'date': '2018-10-07T23:31:51.189Z', 'age': 5}, 'phone': '36852423', 'cell': '90638575', 'id': {'name': 'FN', 'value': '24096535461'}, 'picture': {'large': 'https://randomuser.me/api/portraits/women/13.jpg', 'medium': 'https://randomuser.me/api/portraits/med/women/13.jpg', 'thumbnail': 'https://randomuser.me/api/portraits/thumb/women/13.jpg'}, 'nat': 'NO'}], 'info': {'seed': '81624ddda5412d1b', 'results': 1, 'page': 1, 'version': '1.4'}}</msg>
<arg>${json_data}</arg>
<doc>Logs the given message with the given level.</doc>
<status status="PASS" start="2024-08-10T02:35:03.810730" elapsed="0.000202"/>
</kw>
<kw name="Should Be Equal As Numbers" owner="BuiltIn">
<arg>${json_data['results'][0]['location']['postcode']}</arg>
<arg>${json_data['results'][0]['location']['postcode']}</arg>
<doc>Fails if objects are unequal after converting them to real numbers.</doc>
<status status="PASS" start="2024-08-10T02:35:03.811222" elapsed="0.000623"/>
</kw>
<kw name="Log" owner="BuiltIn">
<msg time="2024-08-10T02:35:03.812367" level="INFO">0586</msg>
<arg>${json_data['results'][0]['location']['postcode']}</arg>
<doc>Logs the given message with the given level.</doc>
<status status="PASS" start="2024-08-10T02:35:03.812032" elapsed="0.000375"/>
</kw>
<status status="PASS" start="2024-08-10T02:35:03.706584" elapsed="0.106106"/>
</kw>
<doc>Testa se os tipos de dados na resposta da API estão corretos.</doc>
<tag>testeTiposDados</tag>
<status status="PASS" start="2024-08-10T02:35:03.596735" elapsed="0.216126"/>
</test>
<test id="s1-s1-t5" name="Validar conteudo" line="35">
<kw name="Teste de Tipos de Conteudo" owner="random-user-service">
<kw name="GET On Session" owner="RequestsLibrary">
<msg time="2024-08-10T02:35:03.917377" level="INFO">GET Request : url=https://randomuser.me/api 
 path_url=/api 
 headers={'User-Agent': 'python-requests/2.32.3', 'Accept-Encoding': 'gzip, deflate', 'Accept': '*/*', 'Connection': 'keep-alive'} 
 body=None 
 </msg>
<msg time="2024-08-10T02:35:03.917459" level="INFO">GET Response : url=https://randomuser.me/api 
 status=200, reason=OK 
 headers={'Date': 'Sat, 10 Aug 2024 02:35:03 GMT', 'Content-Type': 'application/json; charset=utf-8', 'Transfer-Encoding': 'chunked', 'Connection': 'keep-alive', 'X-Powered-By': 'Express', 'Access-Control-Allow-Origin': '*', 'Cache-Control': 'no-cache', 'ETag': 'W/"482-A1RHP/c+l4kqWAdSdXY5fSMvWf4"', 'Vary': 'Accept-Encoding', 'Content-Encoding': 'gzip', 'CF-Cache-Status': 'DYNAMIC', 'Report-To': '{"endpoints":[{"url":"https:\\/\\/a.nel.cloudflare.com\\/report\\/v4?s=EWdCBVf8WqfeW4gUULeMRrzdwl0OGxO3xy1LIvYn18faKOaavtphHoAN0pUylGAe9dJRUEc86e8fYB4xNknZbrDUrTUORZhNWsjL%2BX0SsUNJ431XR1wSbF5juxHWBAdF"}],"group":"cf-nel","max_age":604800}', 'NEL': '{"success_fraction":0,"report_to":"cf-nel","max_age":604800}', 'Server': 'cloudflare', 'CF-RAY': '8b0c9724e9eb2b82-LAX', 'alt-svc': 'h3=":443"; ma=86400'} 
 body={"results":[{"gender":"female","name":{"title":"Ms","first":"Hazel","last":"Bailey"},"location":{"street":{"number":6296,"name":"Washington Ave"},"city":"Hayward","state":"Oregon","country":"United States","postcode":40566,"coordinates":{"latitude":"87.8201","longitude":"133.7806"},"timezone":{"offset":"-2:00","description":"Mid-Atlantic"}},"email":"hazel.bailey@example.com","login":{"uuid":"60a6af6b-54b1-4903-aa09-975140b0becf","username":"organiclion525","password":"2121","salt":"pTdLbnPP","md5":"b9148d7392dc16c6eb444248afa9e171","sha1":"51a2dfb662ffc16eb178fef37251f990ca267a06","sha256":"ecb1953d8f8465b4bdfa0880cc20867d2f99146090494278865ce82e5be6529c"},"dob":{"date":"1963-10-23T13:57:32.614Z","age":60},"registered":{"date":"2004-07-19T17:39:51.605Z","age":20},"phone":"(270) 787-9318","cell":"(621) 534-5661","id":{"name":"SSN","value":"627-05-9289"},"picture":{"large":"https://randomuser.me/api/portraits/women/30.jpg","medium":"https://randomuser.me/api/portraits/med/women/30.jpg","thumbnail":"https://randomuser.me/api/portraits/thumb/women/30.jpg"},"nat":"US"}],"info":{"seed":"b0b02a6b0b805b15","results":1,"page":1,"version":"1.4"}} 
 </msg>
<msg time="2024-08-10T02:35:03.917521" level="INFO">/opt/hostedtoolcache/Python/3.12.4/x64/lib/python3.12/site-packages/urllib3/connectionpool.py:1099: InsecureRequestWarning: Unverified HTTPS request is being made to host 'randomuser.me'. Adding certificate verification is strongly advised. See: https://urllib3.readthedocs.io/en/latest/advanced-usage.html#tls-warnings
  warnings.warn(</msg>
<msg time="2024-08-10T02:35:03.917619" level="INFO">${response} = &lt;Response [200]&gt;</msg>
<var>${response}</var>
<arg>consultarAPI</arg>
<arg>/api</arg>
<doc>Sends a GET request on a previously created HTTP Session.</doc>
<status status="PASS" start="2024-08-10T02:35:03.815728" elapsed="0.101923"/>
</kw>
<kw name="Set Variable" owner="BuiltIn">
<msg time="2024-08-10T02:35:03.918613" level="INFO">${json_data} = {'results': [{'gender': 'female', 'name': {'title': 'Ms', 'first': 'Hazel', 'last': 'Bailey'}, 'location': {'street': {'number': 6296, 'name': 'Washington Ave'}, 'city': 'Hayward', 'state': 'Oregon', ...</msg>
<var>${json_data}</var>
<arg>${response.json()}</arg>
<doc>Returns the given values which can then be assigned to a variables.</doc>
<status status="PASS" start="2024-08-10T02:35:03.918120" elapsed="0.000521"/>
</kw>
<kw name="Set Variable" owner="BuiltIn">
<msg time="2024-08-10T02:35:03.919328" level="INFO">${name_title} = Ms</msg>
<var>${name_title}</var>
<arg>${json_data["results"][0]["name"]["title"]}</arg>
<doc>Returns the given values which can then be assigned to a variables.</doc>
<status status="PASS" start="2024-08-10T02:35:03.918942" elapsed="0.000412"/>
</kw>
<kw name="Create List" owner="BuiltIn">
<msg time="2024-08-10T02:35:03.919804" level="INFO">${allowed_titles} = ['Mr', 'Ms', 'Miss', 'Mrs', 'Madame', 'Monsieur']</msg>
<var>${allowed_titles}</var>
<arg>Mr</arg>
<arg>Ms</arg>
<arg>Miss</arg>
<arg>Mrs</arg>
<arg>Madame</arg>
<arg>Monsieur</arg>
<doc>Returns a list containing given items.</doc>
<status status="PASS" start="2024-08-10T02:35:03.919653" elapsed="0.000177"/>
</kw>
<kw name="List Should Contain Value" owner="Collections">
<arg>${allowed_titles}</arg>
<arg>${name_title}</arg>
<doc>Fails if the ``value`` is not found from ``list``.</doc>
<status status="PASS" start="2024-08-10T02:35:03.920129" elapsed="0.000177"/>
</kw>
<kw name="Set Variable" owner="BuiltIn">
<msg time="2024-08-10T02:35:03.920868" level="INFO">${name_country} = US</msg>
<var>${name_country}</var>
<arg>${json_data["results"][0]["nat"]}</arg>
<doc>Returns the given values which can then be assigned to a variables.</doc>
<status status="PASS" start="2024-08-10T02:35:03.920494" elapsed="0.000400"/>
</kw>
<kw name="Create List" owner="BuiltIn">
<msg time="2024-08-10T02:35:03.921782" level="INFO">${list_country} = ['AD', 'AE', 'AF', 'AG', 'AI', 'AL', 'AM', 'AO', 'AQ', 'AR', 'AS', 'AT', 'AU', 'AW', 'AX', 'AZ', 'BA', 'BB', 'BD', 'BE', 'BF', 'BG', 'BH', 'BI', 'BJ', 'BL', 'BM', 'BN', 'BO', 'BQ', 'BR', 'BS', 'BT', '...</msg>
<var>${list_country}</var>
<arg>AD</arg>
<arg>AE</arg>
<arg>AF</arg>
<arg>AG</arg>
<arg>AI</arg>
<arg>AL</arg>
<arg>AM</arg>
<arg>AO</arg>
<arg>AQ</arg>
<arg>AR</arg>
<arg>AS</arg>
<arg>AT</arg>
<arg>AU</arg>
<arg>AW</arg>
<arg>AX</arg>
<arg>AZ</arg>
<arg>BA</arg>
<arg>BB</arg>
<arg>BD</arg>
<arg>BE</arg>
<arg>BF</arg>
<arg>BG</arg>
<arg>BH</arg>
<arg>BI</arg>
<arg>BJ</arg>
<arg>BL</arg>
<arg>BM</arg>
<arg>BN</arg>
<arg>BO</arg>
<arg>BQ</arg>
<arg>BR</arg>
<arg>BS</arg>
<arg>BT</arg>
<arg>BV</arg>
<arg>BW</arg>
<arg>BY</arg>
<arg>BZ</arg>
<arg>CA</arg>
<arg>CC</arg>
<arg>CD</arg>
<arg>CF</arg>
<arg>CG</arg>
<arg>CH</arg>
<arg>CI</arg>
<arg>CK</arg>
<arg>CL</arg>
<arg>CM</arg>
<arg>CN</arg>
<arg>CO</arg>
<arg>CR</arg>
<arg>CU</arg>
<arg>CV</arg>
<arg>CW</arg>
<arg>CX</arg>
<arg>CY</arg>
<arg>CZ</arg>
<arg>DE</arg>
<arg>DJ</arg>
<arg>DK</arg>
<arg>DM</arg>
<arg>DO</arg>
<arg>DZ</arg>
<arg>EC</arg>
<arg>EE</arg>
<arg>EG</arg>
<arg>EH</arg>
<arg>ER</arg>
<arg>ES</arg>
<arg>ET</arg>
<arg>FI</arg>
<arg>FJ</arg>
<arg>FK</arg>
<arg>FM</arg>
<arg>FO</arg>
<arg>FR</arg>
<arg>GA</arg>
<arg>GB</arg>
<arg>GD</arg>
<arg>GE</arg>
<arg>GF</arg>
<arg>GG</arg>
<arg>GH</arg>
<arg>GI</arg>
<arg>GL</arg>
<arg>GM</arg>
<arg>GN</arg>
<arg>GP</arg>
<arg>GQ</arg>
<arg>GR</arg>
<arg>GS</arg>
<arg>GT</arg>
<arg>GU</arg>
<arg>GW</arg>
<arg>GY</arg>
<arg>HK</arg>
<arg>HM</arg>
<arg>HN</arg>
<arg>HR</arg>
<arg>HT</arg>
<arg>HU</arg>
<arg>ID</arg>
<arg>IE</arg>
<arg>IL</arg>
<arg>IM</arg>
<arg>IN</arg>
<arg>IO</arg>
<arg>IQ</arg>
<arg>IR</arg>
<arg>IS</arg>
<arg>IT</arg>
<arg>JE</arg>
<arg>JM</arg>
<arg>JO</arg>
<arg>JP</arg>
<arg>KE</arg>
<arg>KG</arg>
<arg>KH</arg>
<arg>KI</arg>
<arg>KM</arg>
<arg>KN</arg>
<arg>KP</arg>
<arg>KR</arg>
<arg>KW</arg>
<arg>KY</arg>
<arg>KZ</arg>
<arg>LA</arg>
<arg>LB</arg>
<arg>LC</arg>
<arg>LI</arg>
<arg>LK</arg>
<arg>LR</arg>
<arg>LS</arg>
<arg>LT</arg>
<arg>LU</arg>
<arg>LV</arg>
<arg>LY</arg>
<arg>MA</arg>
<arg>MC</arg>
<arg>MD</arg>
<arg>ME</arg>
<arg>MF</arg>
<arg>MG</arg>
<arg>MH</arg>
<arg>MK</arg>
<arg>ML</arg>
<arg>MM</arg>
<arg>MN</arg>
<arg>MO</arg>
<arg>MP</arg>
<arg>MQ</arg>
<arg>MR</arg>
<arg>MS</arg>
<arg>MT</arg>
<arg>MU</arg>
<arg>MV</arg>
<arg>MW</arg>
<arg>MX</arg>
<arg>MY</arg>
<arg>MZ</arg>
<arg>NA</arg>
<arg>NC</arg>
<arg>NE</arg>
<arg>NF</arg>
<arg>NG</arg>
<arg>NI</arg>
<arg>NL</arg>
<arg>NO</arg>
<arg>NP</arg>
<arg>NR</arg>
<arg>NU</arg>
<arg>NZ</arg>
<arg>OM</arg>
<arg>PA</arg>
<arg>PE</arg>
<arg>PF</arg>
<arg>PG</arg>
<arg>PH</arg>
<arg>PK</arg>
<arg>PL</arg>
<arg>PM</arg>
<arg>PN</arg>
<arg>PR</arg>
<arg>PS</arg>
<arg>PT</arg>
<arg>PW</arg>
<arg>PY</arg>
<arg>QA</arg>
<arg>RE</arg>
<arg>RO</arg>
<arg>RS</arg>
<arg>RU</arg>
<arg>RW</arg>
<arg>SA</arg>
<arg>SB</arg>
<arg>SC</arg>
<arg>SD</arg>
<arg>SE</arg>
<arg>SG</arg>
<arg>SH</arg>
<arg>SI</arg>
<arg>SJ</arg>
<arg>SK</arg>
<arg>SL</arg>
<arg>SM</arg>
<arg>SN</arg>
<arg>SO</arg>
<arg>SR</arg>
<arg>SS</arg>
<arg>ST</arg>
<arg>SV</arg>
<arg>SX</arg>
<arg>SY</arg>
<arg>SZ</arg>
<arg>TC</arg>
<arg>TD</arg>
<arg>TF</arg>
<arg>TG</arg>
<arg>TH</arg>
<arg>TJ</arg>
<arg>TK</arg>
<arg>TL</arg>
<arg>TM</arg>
<arg>TN</arg>
<arg>TO</arg>
<arg>TR</arg>
<arg>TT</arg>
<arg>TV</arg>
<arg>TW</arg>
<arg>TZ</arg>
<arg>UA</arg>
<arg>UG</arg>
<arg>UM</arg>
<arg>US</arg>
<arg>UY</arg>
<arg>UZ</arg>
<arg>VA</arg>
<arg>VC</arg>
<arg>VE</arg>
<arg>VG</arg>
<arg>VI</arg>
<arg>VN</arg>
<arg>VU</arg>
<arg>WF</arg>
<arg>WS</arg>
<arg>XK</arg>
<arg>YE</arg>
<arg>YT</arg>
<arg>ZA</arg>
<arg>ZM</arg>
<arg>ZW</arg>
<doc>Returns a list containing given items.</doc>
<status status="PASS" start="2024-08-10T02:35:03.921188" elapsed="0.000655"/>
</kw>
<kw name="List Should Contain Value" owner="Collections">
<arg>${list_country}</arg>
<arg>${name_country}</arg>
<doc>Fails if the ``value`` is not found from ``list``.</doc>
<status status="PASS" start="2024-08-10T02:35:03.922827" elapsed="0.000212"/>
</kw>
<kw name="Run Keyword If" owner="BuiltIn">
<kw name="Should Be True" owner="BuiltIn">
<arg>${True}</arg>
<doc>Fails if the given condition is not true.</doc>
<status status="PASS" start="2024-08-10T02:35:03.923979" elapsed="0.000149"/>
</kw>
<arg>${json_data["results"][0]["location"]["coordinates"]["latitude"]} &gt;= -90 and ${json_data["results"][0]["location"]["coordinates"]["latitude"]} &lt;= 90</arg>
<arg>Should Be True</arg>
<arg>${True}</arg>
<doc>Runs the given keyword with the given arguments, if ``condition`` is true.</doc>
<status status="PASS" start="2024-08-10T02:35:03.923238" elapsed="0.001016"/>
</kw>
<kw name="Run Keyword If" owner="BuiltIn">
<kw name="Should Be True" owner="BuiltIn">
<arg>${True}</arg>
<doc>Fails if the given condition is not true.</doc>
<status status="PASS" start="2024-08-10T02:35:03.925148" elapsed="0.000139"/>
</kw>
<arg>${json_data["results"][0]["location"]["coordinates"]["longitude"]} &gt;= -180 and ${json_data["results"][0]["location"]["coordinates"]["longitude"]} &lt;= 180</arg>
<arg>Should Be True</arg>
<arg>${True}</arg>
<doc>Runs the given keyword with the given arguments, if ``condition`` is true.</doc>
<status status="PASS" start="2024-08-10T02:35:03.924434" elapsed="0.000978"/>
</kw>
<status status="PASS" start="2024-08-10T02:35:03.815338" elapsed="0.110206"/>
</kw>
<doc>Testa o conteúdo específico dos campos retornados pela API.</doc>
<tag>testeConteudo</tag>
<status status="PASS" start="2024-08-10T02:35:03.814659" elapsed="0.111035"/>
</test>
<status status="PASS" start="2024-08-10T02:35:02.636977" elapsed="1.290629"/>
</suite>
<status status="PASS" start="2024-08-10T02:35:02.622272" elapsed="1.310386"/>
</suite>
<statistics>
<total>
<stat pass="5" fail="0" skip="0">All Tests</stat>
</total>
<tag>
<stat pass="1" fail="0" skip="0">testeConteudo</stat>
<stat pass="1" fail="0" skip="0">testeEstruturaResposta</stat>
<stat pass="1" fail="0" skip="0">testeRequisicaoBasica</stat>
<stat pass="1" fail="0" skip="0">testeTiposDados</stat>
</tag>
<suite>
<stat pass="5" fail="0" skip="0" id="s1" name="Tests">Tests</stat>
<stat pass="5" fail="0" skip="0" id="s1-s1" name="Random-User-Test">Tests.Random-User-Test</stat>
</suite>
</statistics>
<errors>
</errors>
</robot>
