<?xml version="1.0" encoding="UTF-8"?>
<robot generator="Robot 7.0 (Python 3.12.2 on linux)" generated="2024-03-22T05:15:10.893492" rpa="false" schemaversion="5">
<suite id="s1" name="Tests" source="/home/runner/work/DesafioQAItauRogerioJordao/DesafioQAItauRogerioJordao/RamdonUser/tests">
<suite id="s1-s1" name="Random-User-Test" source="/home/runner/work/DesafioQAItauRogerioJordao/DesafioQAItauRogerioJordao/RamdonUser/tests/random-user-test.robot">
<test id="s1-s1-t1" name="Conectar" line="13">
<kw name="Conectar API" owner="random-user-service">
<kw name="Create Session" owner="RequestsLibrary">
<msg time="2024-03-22T05:15:11.243022" level="INFO">Creating Session using : alias=consultarAPI, url=https://randomuser.me/, headers={},                     cookies={}, auth=None, timeout=None, proxies=None, verify=False,                     debug=0 </msg>
<arg>consultarAPI</arg>
<arg>${URL}</arg>
<doc>Create Session: create a HTTP session to a server</doc>
<status status="PASS" start="2024-03-22T05:15:11.242831" elapsed="0.000347"/>
</kw>
<status status="PASS" start="2024-03-22T05:15:11.241864" elapsed="0.001657"/>
</kw>
<status status="PASS" start="2024-03-22T05:15:11.241350" elapsed="0.002374"/>
</test>
<test id="s1-s1-t2" name="Validar retorno 200 e JSON Válido" line="16">
<kw name="Teste de Requisicao Basica" owner="random-user-service">
<kw name="GET On Session" owner="RequestsLibrary">
<msg time="2024-03-22T05:15:11.293646" level="INFO">GET Request : url=https://randomuser.me/api 
 path_url=/api 
 headers={'User-Agent': 'python-requests/2.31.0', 'Accept-Encoding': 'gzip, deflate', 'Accept': '*/*', 'Connection': 'keep-alive'} 
 body=None 
 </msg>
<msg time="2024-03-22T05:15:11.293780" level="INFO">GET Response : url=https://randomuser.me/api 
 status=200, reason=OK 
 headers={'Date': 'Fri, 22 Mar 2024 05:15:11 GMT', 'Content-Type': 'application/json; charset=utf-8', 'Transfer-Encoding': 'chunked', 'Connection': 'keep-alive', 'X-Powered-By': 'Express', 'Access-Control-Allow-Origin': '*', 'Cache-Control': 'no-cache', 'ETag': 'W/"4a9-0dA+b8EFMz3OixEQTCPcppxVBhc"', 'Vary': 'Accept-Encoding', 'Content-Encoding': 'gzip', 'CF-Cache-Status': 'DYNAMIC', 'Report-To': '{"endpoints":[{"url":"https:\\/\\/a.nel.cloudflare.com\\/report\\/v4?s=qakAasT9001lBKjYL2SpqVG7xbbWFVYyt81HD6PXPf%2BBfKtndpzmqofPRFrrxi6zhUHyFHTYYbWI38wTz0Z8CT7txn3xePrHXbzrk%2Fd770d3S8K8D4heWjRR0fQQyQSu"}],"group":"cf-nel","max_age":604800}', 'NEL': '{"success_fraction":0,"report_to":"cf-nel","max_age":604800}', 'Server': 'cloudflare', 'CF-RAY': '8683b3d36aac07b5-IAD', 'alt-svc': 'h3=":443"; ma=86400'} 
 body={"results":[{"gender":"male","name":{"title":"Mr","first":"شایان","last":"احمدی"},"location":{"street":{"number":2537,"name":"شهید علی باستانی"},"city":"شهریار","state":"خراسان رضوی","country":"Iran","postcode":68908,"coordinates":{"latitude":"19.9158","longitude":"-53.6303"},"timezone":{"offset":"+10:00","description":"Eastern Australia, Guam, Vladivostok"}},"email":"shyn.hmdy@example.com","login":{"uuid":"80f4794a-ceea-4931-b30a-12550db7ae87","username":"angryostrich208","password":"colonel","salt":"W36OMmeT","md5":"a9cf65f147be436310e7984e8d6f0cc3","sha1":"cc49ea2e7f2933fb323bbb22726fc9b70c146b1d","sha256":"3621b04b6015ac5299beb1541da80467b9bfeb4ba06b6abb24a1828f96666a90"},"dob":{"date":"1953-12-31T08:30:01.460Z","age":70},"registered":{"date":"2009-02-16T22:32:33.032Z","age":15},"phone":"008-74685471","cell":"0934-034-9901","id":{"name":"","value":null},"picture":{"large":"https://randomuser.me/api/portraits/men/34.jpg","medium":"https://randomuser.me/api/portraits/med/men/34.jpg","thumbnail":"https://randomuser.me/api/portraits/thumb/men/34.jpg"},"nat":"IR"}],"info":{"seed":"a2e7cf4c2fb19750","results":1,"page":1,"version":"1.4"}} 
 </msg>
<msg time="2024-03-22T05:15:11.293916" level="INFO">/opt/hostedtoolcache/Python/3.12.2/x64/lib/python3.12/site-packages/urllib3/connectionpool.py:1103: InsecureRequestWarning: Unverified HTTPS request is being made to host 'randomuser.me'. Adding certificate verification is strongly advised. See: https://urllib3.readthedocs.io/en/latest/advanced-usage.html#tls-warnings
  warnings.warn(</msg>
<msg time="2024-03-22T05:15:11.294104" level="INFO">${response} = &lt;Response [200]&gt;</msg>
<var>${response}</var>
<arg>consultarAPI</arg>
<arg>/api</arg>
<doc>Sends a GET request on a previously created HTTP Session.</doc>
<status status="PASS" start="2024-03-22T05:15:11.246264" elapsed="0.047878"/>
</kw>
<kw name="Should Be Equal As Numbers" owner="BuiltIn">
<msg time="2024-03-22T05:15:11.295227" level="INFO">Argument types are:
&lt;class 'int'&gt;
&lt;class 'str'&gt;</msg>
<arg>${response.status_code}</arg>
<arg>200</arg>
<doc>Fails if objects are unequal after converting them to real numbers.</doc>
<status status="PASS" start="2024-03-22T05:15:11.294650" elapsed="0.000670"/>
</kw>
<kw name="Log" owner="BuiltIn">
<msg time="2024-03-22T05:15:11.296053" level="INFO">200</msg>
<arg>${response.status_code}</arg>
<doc>Logs the given message with the given level.</doc>
<status status="PASS" start="2024-03-22T05:15:11.295691" elapsed="0.000405"/>
</kw>
<kw name="Set Variable" owner="BuiltIn">
<msg time="2024-03-22T05:15:11.296870" level="INFO">${json_data} = {'results': [{'gender': 'male', 'name': {'title': 'Mr', 'first': 'شایان', 'last': 'احمدی'}, 'location': {'street': {'number': 2537, 'name': 'شهید علی باستانی'}, 'city': 'شهریار', 'state': 'خراسان رضوی...</msg>
<var>${json_data}</var>
<arg>${response.json()}</arg>
<doc>Returns the given values which can then be assigned to a variables.</doc>
<status status="PASS" start="2024-03-22T05:15:11.296421" elapsed="0.000480"/>
</kw>
<kw name="Dictionary Should Contain Key" owner="Collections">
<msg time="2024-03-22T05:15:11.297406" level="INFO">False</msg>
<arg>${json_data}</arg>
<arg>results</arg>
<doc>Fails if ``key`` is not found from ``dictionary``.</doc>
<status status="PASS" start="2024-03-22T05:15:11.297208" elapsed="0.000238"/>
</kw>
<status status="PASS" start="2024-03-22T05:15:11.246015" elapsed="0.051694"/>
</kw>
<doc>Testa se a API responde corretamente e retorna um objeto JSON válido.</doc>
<tag>testeRequisicaoBasica</tag>
<status status="PASS" start="2024-03-22T05:15:11.245550" elapsed="0.052336"/>
</test>
<test id="s1-s1-t3" name="Validar estrutura de resposta" line="22">
<kw name="Teste de Estrutura de Resposta" owner="random-user-service">
<kw name="GET On Session" owner="RequestsLibrary">
<msg time="2024-03-22T05:15:11.391604" level="INFO">GET Request : url=https://randomuser.me/api 
 path_url=/api 
 headers={'User-Agent': 'python-requests/2.31.0', 'Accept-Encoding': 'gzip, deflate', 'Accept': '*/*', 'Connection': 'keep-alive'} 
 body=None 
 </msg>
<msg time="2024-03-22T05:15:11.391692" level="INFO">GET Response : url=https://randomuser.me/api 
 status=200, reason=OK 
 headers={'Date': 'Fri, 22 Mar 2024 05:15:11 GMT', 'Content-Type': 'application/json; charset=utf-8', 'Transfer-Encoding': 'chunked', 'Connection': 'keep-alive', 'X-Powered-By': 'Express', 'Access-Control-Allow-Origin': '*', 'Cache-Control': 'no-cache', 'ETag': 'W/"46e-6+0/y6A1p7PQZMNddkVz1G+WkM8"', 'Vary': 'Accept-Encoding', 'Content-Encoding': 'gzip', 'CF-Cache-Status': 'DYNAMIC', 'Report-To': '{"endpoints":[{"url":"https:\\/\\/a.nel.cloudflare.com\\/report\\/v4?s=XRTKLO%2Fs87zhDwB7jnovVr0goIHpxgsYvzeZ%2BnF84WOczM7WxyVIVfub35gUG6FLs1zw70EFD%2BezX6nOjrDHcJqhFj0pxoY4VrOHjT6PrqAMmexdJfd8GC1LNL9mNWSW"}],"group":"cf-nel","max_age":604800}', 'NEL': '{"success_fraction":0,"report_to":"cf-nel","max_age":604800}', 'Server': 'cloudflare', 'CF-RAY': '8683b3d3aae507b5-IAD', 'alt-svc': 'h3=":443"; ma=86400'} 
 body={"results":[{"gender":"male","name":{"title":"Mr","first":"علی رضا","last":"سهيلي راد"},"location":{"street":{"number":1750,"name":"هویزه"},"city":"کاشان","state":"قم","country":"Iran","postcode":87529,"coordinates":{"latitude":"19.7007","longitude":"-161.1545"},"timezone":{"offset":"+3:30","description":"Tehran"}},"email":"aalyrd.shylyrd@example.com","login":{"uuid":"a692dd9d-29be-4e94-9feb-2fd40819043b","username":"tinypanda267","password":"yoyoma","salt":"iLS44Jsf","md5":"d237aab1b1d50b1bb1551225084a8a61","sha1":"5630063f779c41862d9a4bdfe8895c9c91bab294","sha256":"01fe02d7f8d108e7e24ec3f6bcd9c5933612fec604e945bc904dde3919f99f49"},"dob":{"date":"1999-06-02T06:59:46.756Z","age":24},"registered":{"date":"2019-01-28T12:50:51.415Z","age":5},"phone":"005-05022765","cell":"0929-057-7393","id":{"name":"","value":null},"picture":{"large":"https://randomuser.me/api/portraits/men/30.jpg","medium":"https://randomuser.me/api/portraits/med/men/30.jpg","thumbnail":"https://randomuser.me/api/portraits/thumb/men/30.jpg"},"nat":"IR"}],"info":{"seed":"c2af61c59a403447","results":1,"page":1,"version":"1.4"}} 
 </msg>
<msg time="2024-03-22T05:15:11.391800" level="INFO">/opt/hostedtoolcache/Python/3.12.2/x64/lib/python3.12/site-packages/urllib3/connectionpool.py:1103: InsecureRequestWarning: Unverified HTTPS request is being made to host 'randomuser.me'. Adding certificate verification is strongly advised. See: https://urllib3.readthedocs.io/en/latest/advanced-usage.html#tls-warnings
  warnings.warn(</msg>
<msg time="2024-03-22T05:15:11.391905" level="INFO">${response} = &lt;Response [200]&gt;</msg>
<var>${response}</var>
<arg>consultarAPI</arg>
<arg>/api</arg>
<doc>Sends a GET request on a previously created HTTP Session.</doc>
<status status="PASS" start="2024-03-22T05:15:11.300610" elapsed="0.091334"/>
</kw>
<kw name="Set Variable" owner="BuiltIn">
<msg time="2024-03-22T05:15:11.392939" level="INFO">${json_data} = {'results': [{'gender': 'male', 'name': {'title': 'Mr', 'first': 'علی رضا', 'last': 'سهيلي راد'}, 'location': {'street': {'number': 1750, 'name': 'هویزه'}, 'city': 'کاشان', 'state': 'قم', 'country': '...</msg>
<var>${json_data}</var>
<arg>${response.json()}</arg>
<doc>Returns the given values which can then be assigned to a variables.</doc>
<status status="PASS" start="2024-03-22T05:15:11.392393" elapsed="0.000577"/>
</kw>
<kw name="Log" owner="BuiltIn">
<msg time="2024-03-22T05:15:11.393480" level="INFO">{'results': [{'gender': 'male', 'name': {'title': 'Mr', 'first': 'علی رضا', 'last': 'سهيلي راد'}, 'location': {'street': {'number': 1750, 'name': 'هویزه'}, 'city': 'کاشان', 'state': 'قم', 'country': 'Iran', 'postcode': 87529, 'coordinates': {'latitude': '19.7007', 'longitude': '-161.1545'}, 'timezone': {'offset': '+3:30', 'description': 'Tehran'}}, 'email': 'aalyrd.shylyrd@example.com', 'login': {'uuid': 'a692dd9d-29be-4e94-9feb-2fd40819043b', 'username': 'tinypanda267', 'password': 'yoyoma', 'salt': 'iLS44Jsf', 'md5': 'd237aab1b1d50b1bb1551225084a8a61', 'sha1': '5630063f779c41862d9a4bdfe8895c9c91bab294', 'sha256': '01fe02d7f8d108e7e24ec3f6bcd9c5933612fec604e945bc904dde3919f99f49'}, 'dob': {'date': '1999-06-02T06:59:46.756Z', 'age': 24}, 'registered': {'date': '2019-01-28T12:50:51.415Z', 'age': 5}, 'phone': '005-05022765', 'cell': '0929-057-7393', 'id': {'name': '', 'value': None}, 'picture': {'large': 'https://randomuser.me/api/portraits/men/30.jpg', 'medium': 'https://randomuser.me/api/portraits/med/men/30.jpg', 'thumbnail': 'https://randomuser.me/api/portraits/thumb/men/30.jpg'}, 'nat': 'IR'}], 'info': {'seed': 'c2af61c59a403447', 'results': 1, 'page': 1, 'version': '1.4'}}</msg>
<arg>${json_data}</arg>
<doc>Logs the given message with the given level.</doc>
<status status="PASS" start="2024-03-22T05:15:11.393313" elapsed="0.000219"/>
</kw>
<kw name="Dictionary Should Contain Key" owner="Collections">
<msg time="2024-03-22T05:15:11.393986" level="INFO">False</msg>
<arg>${json_data}</arg>
<arg>results</arg>
<doc>Fails if ``key`` is not found from ``dictionary``.</doc>
<status status="PASS" start="2024-03-22T05:15:11.393834" elapsed="0.000189"/>
</kw>
<kw name="Should Not Be Empty" owner="BuiltIn">
<msg time="2024-03-22T05:15:11.394452" level="INFO">Length is 2.</msg>
<arg>${json_data}</arg>
<doc>Verifies that the given item is not empty.</doc>
<status status="PASS" start="2024-03-22T05:15:11.394319" elapsed="0.000172"/>
</kw>
<kw name="Create List" owner="BuiltIn">
<msg time="2024-03-22T05:15:11.394939" level="INFO">${expected_keys} = ['gender', 'name', 'location', 'email', 'login']</msg>
<var>${expected_keys}</var>
<arg>gender</arg>
<arg>name</arg>
<arg>location</arg>
<arg>email</arg>
<arg>login</arg>
<doc>Returns a list containing given items.</doc>
<status status="PASS" start="2024-03-22T05:15:11.394783" elapsed="0.000180"/>
</kw>
<for flavor="IN">
<iter>
<kw name="Dictionary Should Contain Key" owner="Collections">
<msg time="2024-03-22T05:15:11.395938" level="INFO">False</msg>
<arg>${json_data['results'][0]}</arg>
<arg>${key}</arg>
<doc>Fails if ``key`` is not found from ``dictionary``.</doc>
<status status="PASS" start="2024-03-22T05:15:11.395527" elapsed="0.000451"/>
</kw>
<kw name="Log" owner="BuiltIn">
<msg time="2024-03-22T05:15:11.396660" level="INFO">{'gender': 'male', 'name': {'title': 'Mr', 'first': 'علی رضا', 'last': 'سهيلي راد'}, 'location': {'street': {'number': 1750, 'name': 'هویزه'}, 'city': 'کاشان', 'state': 'قم', 'country': 'Iran', 'postcode': 87529, 'coordinates': {'latitude': '19.7007', 'longitude': '-161.1545'}, 'timezone': {'offset': '+3:30', 'description': 'Tehran'}}, 'email': 'aalyrd.shylyrd@example.com', 'login': {'uuid': 'a692dd9d-29be-4e94-9feb-2fd40819043b', 'username': 'tinypanda267', 'password': 'yoyoma', 'salt': 'iLS44Jsf', 'md5': 'd237aab1b1d50b1bb1551225084a8a61', 'sha1': '5630063f779c41862d9a4bdfe8895c9c91bab294', 'sha256': '01fe02d7f8d108e7e24ec3f6bcd9c5933612fec604e945bc904dde3919f99f49'}, 'dob': {'date': '1999-06-02T06:59:46.756Z', 'age': 24}, 'registered': {'date': '2019-01-28T12:50:51.415Z', 'age': 5}, 'phone': '005-05022765', 'cell': '0929-057-7393', 'id': {'name': '', 'value': None}, 'picture': {'large': 'https://randomuser.me/api/portraits/men/30.jpg', 'medium': 'https://randomuser.me/api/portraits/med/men/30.jpg', 'thumbnail': 'https://randomuser.me/api/portraits/thumb/men/30.jpg'}, 'nat': 'IR'}</msg>
<arg>${json_data['results'][0]}</arg>
<doc>Logs the given message with the given level.</doc>
<status status="PASS" start="2024-03-22T05:15:11.396286" elapsed="0.000431"/>
</kw>
<kw name="Log" owner="BuiltIn">
<msg time="2024-03-22T05:15:11.397162" level="INFO">gender</msg>
<arg>${key}</arg>
<doc>Logs the given message with the given level.</doc>
<status status="PASS" start="2024-03-22T05:15:11.397028" elapsed="0.000173"/>
</kw>
<var name="${key}">gender</var>
<status status="PASS" start="2024-03-22T05:15:11.395397" elapsed="0.002091"/>
</iter>
<iter>
<kw name="Dictionary Should Contain Key" owner="Collections">
<msg time="2024-03-22T05:15:11.398188" level="INFO">False</msg>
<arg>${json_data['results'][0]}</arg>
<arg>${key}</arg>
<doc>Fails if ``key`` is not found from ``dictionary``.</doc>
<status status="PASS" start="2024-03-22T05:15:11.397799" elapsed="0.000427"/>
</kw>
<kw name="Log" owner="BuiltIn">
<msg time="2024-03-22T05:15:11.398934" level="INFO">{'gender': 'male', 'name': {'title': 'Mr', 'first': 'علی رضا', 'last': 'سهيلي راد'}, 'location': {'street': {'number': 1750, 'name': 'هویزه'}, 'city': 'کاشان', 'state': 'قم', 'country': 'Iran', 'postcode': 87529, 'coordinates': {'latitude': '19.7007', 'longitude': '-161.1545'}, 'timezone': {'offset': '+3:30', 'description': 'Tehran'}}, 'email': 'aalyrd.shylyrd@example.com', 'login': {'uuid': 'a692dd9d-29be-4e94-9feb-2fd40819043b', 'username': 'tinypanda267', 'password': 'yoyoma', 'salt': 'iLS44Jsf', 'md5': 'd237aab1b1d50b1bb1551225084a8a61', 'sha1': '5630063f779c41862d9a4bdfe8895c9c91bab294', 'sha256': '01fe02d7f8d108e7e24ec3f6bcd9c5933612fec604e945bc904dde3919f99f49'}, 'dob': {'date': '1999-06-02T06:59:46.756Z', 'age': 24}, 'registered': {'date': '2019-01-28T12:50:51.415Z', 'age': 5}, 'phone': '005-05022765', 'cell': '0929-057-7393', 'id': {'name': '', 'value': None}, 'picture': {'large': 'https://randomuser.me/api/portraits/men/30.jpg', 'medium': 'https://randomuser.me/api/portraits/med/men/30.jpg', 'thumbnail': 'https://randomuser.me/api/portraits/thumb/men/30.jpg'}, 'nat': 'IR'}</msg>
<arg>${json_data['results'][0]}</arg>
<doc>Logs the given message with the given level.</doc>
<status status="PASS" start="2024-03-22T05:15:11.398560" elapsed="0.000425"/>
</kw>
<kw name="Log" owner="BuiltIn">
<msg time="2024-03-22T05:15:11.399419" level="INFO">name</msg>
<arg>${key}</arg>
<doc>Logs the given message with the given level.</doc>
<status status="PASS" start="2024-03-22T05:15:11.399288" elapsed="0.000169"/>
</kw>
<var name="${key}">name</var>
<status status="PASS" start="2024-03-22T05:15:11.397681" elapsed="0.001994"/>
</iter>
<iter>
<kw name="Dictionary Should Contain Key" owner="Collections">
<msg time="2024-03-22T05:15:11.400350" level="INFO">False</msg>
<arg>${json_data['results'][0]}</arg>
<arg>${key}</arg>
<doc>Fails if ``key`` is not found from ``dictionary``.</doc>
<status status="PASS" start="2024-03-22T05:15:11.399970" elapsed="0.000418"/>
</kw>
<kw name="Log" owner="BuiltIn">
<msg time="2024-03-22T05:15:11.401053" level="INFO">{'gender': 'male', 'name': {'title': 'Mr', 'first': 'علی رضا', 'last': 'سهيلي راد'}, 'location': {'street': {'number': 1750, 'name': 'هویزه'}, 'city': 'کاشان', 'state': 'قم', 'country': 'Iran', 'postcode': 87529, 'coordinates': {'latitude': '19.7007', 'longitude': '-161.1545'}, 'timezone': {'offset': '+3:30', 'description': 'Tehran'}}, 'email': 'aalyrd.shylyrd@example.com', 'login': {'uuid': 'a692dd9d-29be-4e94-9feb-2fd40819043b', 'username': 'tinypanda267', 'password': 'yoyoma', 'salt': 'iLS44Jsf', 'md5': 'd237aab1b1d50b1bb1551225084a8a61', 'sha1': '5630063f779c41862d9a4bdfe8895c9c91bab294', 'sha256': '01fe02d7f8d108e7e24ec3f6bcd9c5933612fec604e945bc904dde3919f99f49'}, 'dob': {'date': '1999-06-02T06:59:46.756Z', 'age': 24}, 'registered': {'date': '2019-01-28T12:50:51.415Z', 'age': 5}, 'phone': '005-05022765', 'cell': '0929-057-7393', 'id': {'name': '', 'value': None}, 'picture': {'large': 'https://randomuser.me/api/portraits/men/30.jpg', 'medium': 'https://randomuser.me/api/portraits/med/men/30.jpg', 'thumbnail': 'https://randomuser.me/api/portraits/thumb/men/30.jpg'}, 'nat': 'IR'}</msg>
<arg>${json_data['results'][0]}</arg>
<doc>Logs the given message with the given level.</doc>
<status status="PASS" start="2024-03-22T05:15:11.400689" elapsed="0.000420"/>
</kw>
<kw name="Log" owner="BuiltIn">
<msg time="2024-03-22T05:15:11.401572" level="INFO">location</msg>
<arg>${key}</arg>
<doc>Logs the given message with the given level.</doc>
<status status="PASS" start="2024-03-22T05:15:11.401440" elapsed="0.000171"/>
</kw>
<var name="${key}">location</var>
<status status="PASS" start="2024-03-22T05:15:11.399857" elapsed="0.001971"/>
</iter>
<iter>
<kw name="Dictionary Should Contain Key" owner="Collections">
<msg time="2024-03-22T05:15:11.402505" level="INFO">False</msg>
<arg>${json_data['results'][0]}</arg>
<arg>${key}</arg>
<doc>Fails if ``key`` is not found from ``dictionary``.</doc>
<status status="PASS" start="2024-03-22T05:15:11.402123" elapsed="0.000420"/>
</kw>
<kw name="Log" owner="BuiltIn">
<msg time="2024-03-22T05:15:11.403201" level="INFO">{'gender': 'male', 'name': {'title': 'Mr', 'first': 'علی رضا', 'last': 'سهيلي راد'}, 'location': {'street': {'number': 1750, 'name': 'هویزه'}, 'city': 'کاشان', 'state': 'قم', 'country': 'Iran', 'postcode': 87529, 'coordinates': {'latitude': '19.7007', 'longitude': '-161.1545'}, 'timezone': {'offset': '+3:30', 'description': 'Tehran'}}, 'email': 'aalyrd.shylyrd@example.com', 'login': {'uuid': 'a692dd9d-29be-4e94-9feb-2fd40819043b', 'username': 'tinypanda267', 'password': 'yoyoma', 'salt': 'iLS44Jsf', 'md5': 'd237aab1b1d50b1bb1551225084a8a61', 'sha1': '5630063f779c41862d9a4bdfe8895c9c91bab294', 'sha256': '01fe02d7f8d108e7e24ec3f6bcd9c5933612fec604e945bc904dde3919f99f49'}, 'dob': {'date': '1999-06-02T06:59:46.756Z', 'age': 24}, 'registered': {'date': '2019-01-28T12:50:51.415Z', 'age': 5}, 'phone': '005-05022765', 'cell': '0929-057-7393', 'id': {'name': '', 'value': None}, 'picture': {'large': 'https://randomuser.me/api/portraits/men/30.jpg', 'medium': 'https://randomuser.me/api/portraits/med/men/30.jpg', 'thumbnail': 'https://randomuser.me/api/portraits/thumb/men/30.jpg'}, 'nat': 'IR'}</msg>
<arg>${json_data['results'][0]}</arg>
<doc>Logs the given message with the given level.</doc>
<status status="PASS" start="2024-03-22T05:15:11.402841" elapsed="0.000411"/>
</kw>
<kw name="Log" owner="BuiltIn">
<msg time="2024-03-22T05:15:11.403680" level="INFO">email</msg>
<arg>${key}</arg>
<doc>Logs the given message with the given level.</doc>
<status status="PASS" start="2024-03-22T05:15:11.403550" elapsed="0.000167"/>
</kw>
<var name="${key}">email</var>
<status status="PASS" start="2024-03-22T05:15:11.402005" elapsed="0.001927"/>
</iter>
<iter>
<kw name="Dictionary Should Contain Key" owner="Collections">
<msg time="2024-03-22T05:15:11.404615" level="INFO">False</msg>
<arg>${json_data['results'][0]}</arg>
<arg>${key}</arg>
<doc>Fails if ``key`` is not found from ``dictionary``.</doc>
<status status="PASS" start="2024-03-22T05:15:11.404229" elapsed="0.000424"/>
</kw>
<kw name="Log" owner="BuiltIn">
<msg time="2024-03-22T05:15:11.405337" level="INFO">{'gender': 'male', 'name': {'title': 'Mr', 'first': 'علی رضا', 'last': 'سهيلي راد'}, 'location': {'street': {'number': 1750, 'name': 'هویزه'}, 'city': 'کاشان', 'state': 'قم', 'country': 'Iran', 'postcode': 87529, 'coordinates': {'latitude': '19.7007', 'longitude': '-161.1545'}, 'timezone': {'offset': '+3:30', 'description': 'Tehran'}}, 'email': 'aalyrd.shylyrd@example.com', 'login': {'uuid': 'a692dd9d-29be-4e94-9feb-2fd40819043b', 'username': 'tinypanda267', 'password': 'yoyoma', 'salt': 'iLS44Jsf', 'md5': 'd237aab1b1d50b1bb1551225084a8a61', 'sha1': '5630063f779c41862d9a4bdfe8895c9c91bab294', 'sha256': '01fe02d7f8d108e7e24ec3f6bcd9c5933612fec604e945bc904dde3919f99f49'}, 'dob': {'date': '1999-06-02T06:59:46.756Z', 'age': 24}, 'registered': {'date': '2019-01-28T12:50:51.415Z', 'age': 5}, 'phone': '005-05022765', 'cell': '0929-057-7393', 'id': {'name': '', 'value': None}, 'picture': {'large': 'https://randomuser.me/api/portraits/men/30.jpg', 'medium': 'https://randomuser.me/api/portraits/med/men/30.jpg', 'thumbnail': 'https://randomuser.me/api/portraits/thumb/men/30.jpg'}, 'nat': 'IR'}</msg>
<arg>${json_data['results'][0]}</arg>
<doc>Logs the given message with the given level.</doc>
<status status="PASS" start="2024-03-22T05:15:11.404948" elapsed="0.000440"/>
</kw>
<kw name="Log" owner="BuiltIn">
<msg time="2024-03-22T05:15:11.405814" level="INFO">login</msg>
<arg>${key}</arg>
<doc>Logs the given message with the given level.</doc>
<status status="PASS" start="2024-03-22T05:15:11.405686" elapsed="0.000268"/>
</kw>
<var name="${key}">login</var>
<status status="PASS" start="2024-03-22T05:15:11.404107" elapsed="0.002070"/>
</iter>
<var>${key}</var>
<value>@{expected_keys}</value>
<status status="PASS" start="2024-03-22T05:15:11.395216" elapsed="0.011084"/>
</for>
<kw name="Create List" owner="BuiltIn">
<msg time="2024-03-22T05:15:11.406667" level="INFO">${expected_keysTwo} = ['username', 'password']</msg>
<var>${expected_keysTwo}</var>
<arg>username</arg>
<arg>password</arg>
<doc>Returns a list containing given items.</doc>
<status status="PASS" start="2024-03-22T05:15:11.406525" elapsed="0.000166"/>
</kw>
<for flavor="IN">
<iter>
<kw name="Dictionary Should Contain Key" owner="Collections">
<msg time="2024-03-22T05:15:11.407592" level="INFO">False</msg>
<arg>${json_data['results'][0]['login']}</arg>
<arg>${keyTwo}</arg>
<doc>Fails if ``key`` is not found from ``dictionary``.</doc>
<status status="PASS" start="2024-03-22T05:15:11.407195" elapsed="0.000434"/>
</kw>
<kw name="Dictionary Should Contain Key" owner="Collections">
<msg time="2024-03-22T05:15:11.408308" level="INFO">False</msg>
<arg>${json_data['results'][0]['login']}</arg>
<arg>${keyTwo}</arg>
<doc>Fails if ``key`` is not found from ``dictionary``.</doc>
<status status="PASS" start="2024-03-22T05:15:11.407926" elapsed="0.000419"/>
</kw>
<kw name="Log" owner="BuiltIn">
<msg time="2024-03-22T05:15:11.408770" level="INFO">username</msg>
<arg>${keyTwo}</arg>
<doc>Logs the given message with the given level.</doc>
<status status="PASS" start="2024-03-22T05:15:11.408640" elapsed="0.000168"/>
</kw>
<var name="${keyTwo}">username</var>
<status status="PASS" start="2024-03-22T05:15:11.407083" elapsed="0.001938"/>
</iter>
<iter>
<kw name="Dictionary Should Contain Key" owner="Collections">
<msg time="2024-03-22T05:15:11.409711" level="INFO">False</msg>
<arg>${json_data['results'][0]['login']}</arg>
<arg>${keyTwo}</arg>
<doc>Fails if ``key`` is not found from ``dictionary``.</doc>
<status status="PASS" start="2024-03-22T05:15:11.409330" elapsed="0.000419"/>
</kw>
<kw name="Dictionary Should Contain Key" owner="Collections">
<msg time="2024-03-22T05:15:11.410426" level="INFO">False</msg>
<arg>${json_data['results'][0]['login']}</arg>
<arg>${keyTwo}</arg>
<doc>Fails if ``key`` is not found from ``dictionary``.</doc>
<status status="PASS" start="2024-03-22T05:15:11.410042" elapsed="0.000420"/>
</kw>
<kw name="Log" owner="BuiltIn">
<msg time="2024-03-22T05:15:11.410883" level="INFO">password</msg>
<arg>${keyTwo}</arg>
<doc>Logs the given message with the given level.</doc>
<status status="PASS" start="2024-03-22T05:15:11.410755" elapsed="0.000165"/>
</kw>
<var name="${keyTwo}">password</var>
<status status="PASS" start="2024-03-22T05:15:11.409195" elapsed="0.001940"/>
</iter>
<var>${keyTwo}</var>
<value>@{expected_keysTwo}</value>
<status status="PASS" start="2024-03-22T05:15:11.406929" elapsed="0.004329"/>
</for>
<status status="PASS" start="2024-03-22T05:15:11.300375" elapsed="0.111023"/>
</kw>
<doc>Testa a estrutura da resposta da API.</doc>
<tag>testeEstruturaResposta</tag>
<status status="PASS" start="2024-03-22T05:15:11.299684" elapsed="0.111864"/>
</test>
<test id="s1-s1-t4" name="Validar tipos de dados" line="28">
<kw name="Teste de Tipos de Dados" owner="random-user-service">
<kw name="GET On Session" owner="RequestsLibrary">
<msg time="2024-03-22T05:15:11.496028" level="INFO">GET Request : url=https://randomuser.me/api 
 path_url=/api 
 headers={'User-Agent': 'python-requests/2.31.0', 'Accept-Encoding': 'gzip, deflate', 'Accept': '*/*', 'Connection': 'keep-alive'} 
 body=None 
 </msg>
<msg time="2024-03-22T05:15:11.496111" level="INFO">GET Response : url=https://randomuser.me/api 
 status=200, reason=OK 
 headers={'Date': 'Fri, 22 Mar 2024 05:15:11 GMT', 'Content-Type': 'application/json; charset=utf-8', 'Transfer-Encoding': 'chunked', 'Connection': 'keep-alive', 'X-Powered-By': 'Express', 'Access-Control-Allow-Origin': '*', 'Cache-Control': 'no-cache', 'ETag': 'W/"4a1-T5/pPW/I1hoPiX3IcQlUoiUht94"', 'Vary': 'Accept-Encoding', 'Content-Encoding': 'gzip', 'CF-Cache-Status': 'DYNAMIC', 'Report-To': '{"endpoints":[{"url":"https:\\/\\/a.nel.cloudflare.com\\/report\\/v4?s=ZzOFk8J8qxV%2FC%2B4w%2BGItR3Fv0LWQ5g1uuauAsqc8A3k2ro1vnrZB%2BxGMD%2FgJ3sAZ%2BuIdsM8AVfFW8Pqzjb5DzctwPCRTi1r%2FUMyJlGTI9WCeW87lg9Ba1MLCBENWYNvl"}],"group":"cf-nel","max_age":604800}', 'NEL': '{"success_fraction":0,"report_to":"cf-nel","max_age":604800}', 'Server': 'cloudflare', 'CF-RAY': '8683b3d45b7807b5-IAD', 'alt-svc': 'h3=":443"; ma=86400'} 
 body={"results":[{"gender":"female","name":{"title":"Mrs","first":"Josephine","last":"Aarnes"},"location":{"street":{"number":9663,"name":"Holmlia Senter vei"},"city":"Kåfjordbotn","state":"Telemark","country":"Norway","postcode":"2555","coordinates":{"latitude":"39.3492","longitude":"47.0954"},"timezone":{"offset":"-5:00","description":"Eastern Time (US &amp; Canada), Bogota, Lima"}},"email":"josephine.aarnes@example.com","login":{"uuid":"7f93f56c-8f55-47f2-bdd9-f3e9a4493f8b","username":"organiczebra324","password":"suzuki","salt":"8uvC0kn1","md5":"06be1d81f408c5207b94eddd4f46b46b","sha1":"2e3cd0ddd8e0a2a4706a72fd3389a843e21f8f65","sha256":"b9654ad25f9892f1d6f8301ea8d344e3cafa942f0ea54573cf017e33c0857161"},"dob":{"date":"1996-01-06T09:06:34.939Z","age":28},"registered":{"date":"2013-10-28T01:07:45.638Z","age":10},"phone":"32629575","cell":"92086456","id":{"name":"FN","value":"06019639485"},"picture":{"large":"https://randomuser.me/api/portraits/women/65.jpg","medium":"https://randomuser.me/api/portraits/med/women/65.jpg","thumbnail":"https://randomuser.me/api/portraits/thumb/women/65.jpg"},"nat":"NO"}],"info":{"seed":"62620778585a13cd","results":1,"page":1,"version":"1.4"}} 
 </msg>
<msg time="2024-03-22T05:15:11.496186" level="INFO">/opt/hostedtoolcache/Python/3.12.2/x64/lib/python3.12/site-packages/urllib3/connectionpool.py:1103: InsecureRequestWarning: Unverified HTTPS request is being made to host 'randomuser.me'. Adding certificate verification is strongly advised. See: https://urllib3.readthedocs.io/en/latest/advanced-usage.html#tls-warnings
  warnings.warn(</msg>
<msg time="2024-03-22T05:15:11.496301" level="INFO">${response} = &lt;Response [200]&gt;</msg>
<var>${response}</var>
<arg>consultarAPI</arg>
<arg>/api</arg>
<doc>Sends a GET request on a previously created HTTP Session.</doc>
<status status="PASS" start="2024-03-22T05:15:11.413925" elapsed="0.082429"/>
</kw>
<kw name="Set Variable" owner="BuiltIn">
<msg time="2024-03-22T05:15:11.497293" level="INFO">${json_data} = {'results': [{'gender': 'female', 'name': {'title': 'Mrs', 'first': 'Josephine', 'last': 'Aarnes'}, 'location': {'street': {'number': 9663, 'name': 'Holmlia Senter vei'}, 'city': 'Kåfjordbotn', 'state...</msg>
<var>${json_data}</var>
<arg>${response.json()}</arg>
<doc>Returns the given values which can then be assigned to a variables.</doc>
<status status="PASS" start="2024-03-22T05:15:11.496812" elapsed="0.000512"/>
</kw>
<kw name="Log" owner="BuiltIn">
<msg time="2024-03-22T05:15:11.497793" level="INFO">{'results': [{'gender': 'female', 'name': {'title': 'Mrs', 'first': 'Josephine', 'last': 'Aarnes'}, 'location': {'street': {'number': 9663, 'name': 'Holmlia Senter vei'}, 'city': 'Kåfjordbotn', 'state': 'Telemark', 'country': 'Norway', 'postcode': '2555', 'coordinates': {'latitude': '39.3492', 'longitude': '47.0954'}, 'timezone': {'offset': '-5:00', 'description': 'Eastern Time (US &amp; Canada), Bogota, Lima'}}, 'email': 'josephine.aarnes@example.com', 'login': {'uuid': '7f93f56c-8f55-47f2-bdd9-f3e9a4493f8b', 'username': 'organiczebra324', 'password': 'suzuki', 'salt': '8uvC0kn1', 'md5': '06be1d81f408c5207b94eddd4f46b46b', 'sha1': '2e3cd0ddd8e0a2a4706a72fd3389a843e21f8f65', 'sha256': 'b9654ad25f9892f1d6f8301ea8d344e3cafa942f0ea54573cf017e33c0857161'}, 'dob': {'date': '1996-01-06T09:06:34.939Z', 'age': 28}, 'registered': {'date': '2013-10-28T01:07:45.638Z', 'age': 10}, 'phone': '32629575', 'cell': '92086456', 'id': {'name': 'FN', 'value': '06019639485'}, 'picture': {'large': 'https://randomuser.me/api/portraits/women/65.jpg', 'medium': 'https://randomuser.me/api/portraits/med/women/65.jpg', 'thumbnail': 'https://randomuser.me/api/portraits/thumb/women/65.jpg'}, 'nat': 'NO'}], 'info': {'seed': '62620778585a13cd', 'results': 1, 'page': 1, 'version': '1.4'}}</msg>
<arg>${json_data}</arg>
<doc>Logs the given message with the given level.</doc>
<status status="PASS" start="2024-03-22T05:15:11.497636" elapsed="0.000239"/>
</kw>
<kw name="Should Be String" owner="String">
<arg>${json_data['results'][0]['gender']}</arg>
<doc>Fails if the given ``item`` is not a string.</doc>
<status status="PASS" start="2024-03-22T05:15:11.498181" elapsed="0.000369"/>
</kw>
<kw name="Should Match Regexp" owner="BuiltIn">
<arg>${json_data['results'][0]['email']}</arg>
<arg>^[a-zA-Z0-9._%+-]+@[a-zA-Z0-9.-]+\.[a-zA-Z]{2,}$</arg>
<doc>Fails if ``string`` does not match ``pattern`` as a regular expression.</doc>
<status status="PASS" start="2024-03-22T05:15:11.498743" elapsed="0.000503"/>
</kw>
<kw name="Should Match Regexp" owner="BuiltIn">
<arg>${json_data['results'][0]['dob']['date']}</arg>
<arg>\\d{4}-\\d{2}-\\d{2}T\\d{2}:\\d{2}:\\d{2}\\.\\d{3}Z</arg>
<doc>Fails if ``string`` does not match ``pattern`` as a regular expression.</doc>
<status status="PASS" start="2024-03-22T05:15:11.499445" elapsed="0.000491"/>
</kw>
<kw name="Should Match Regexp" owner="BuiltIn">
<arg>${json_data['results'][0]['registered']['date']}</arg>
<arg>\\d{4}-\\d{2}-\\d{2}T\\d{2}:\\d{2}:\\d{2}\\.\\d{3}Z</arg>
<doc>Fails if ``string`` does not match ``pattern`` as a regular expression.</doc>
<status status="PASS" start="2024-03-22T05:15:11.500131" elapsed="0.000369"/>
</kw>
<kw name="Should Match Regexp" owner="BuiltIn">
<arg>${json_data['results'][0]['picture']['large']}</arg>
<arg>^https?://.*\.(?:png|jpe?g|gif|bmp)$</arg>
<doc>Fails if ``string`` does not match ``pattern`` as a regular expression.</doc>
<status status="PASS" start="2024-03-22T05:15:11.500691" elapsed="0.000459"/>
</kw>
<kw name="Should Match Regexp" owner="BuiltIn">
<arg>${json_data['results'][0]['picture']['medium']}</arg>
<arg>^https?://.*\.(?:png|jpe?g|gif|bmp)$</arg>
<doc>Fails if ``string`` does not match ``pattern`` as a regular expression.</doc>
<status status="PASS" start="2024-03-22T05:15:11.501362" elapsed="0.000357"/>
</kw>
<kw name="Should Match Regexp" owner="BuiltIn">
<arg>${json_data['results'][0]['picture']['thumbnail']}</arg>
<arg>^https?://.*\.(?:png|jpe?g|gif|bmp)$</arg>
<doc>Fails if ``string`` does not match ``pattern`` as a regular expression.</doc>
<status status="PASS" start="2024-03-22T05:15:11.501906" elapsed="0.000350"/>
</kw>
<kw name="Log" owner="BuiltIn">
<msg time="2024-03-22T05:15:11.502767" level="INFO">{'large': 'https://randomuser.me/api/portraits/women/65.jpg', 'medium': 'https://randomuser.me/api/portraits/med/women/65.jpg', 'thumbnail': 'https://randomuser.me/api/portraits/thumb/women/65.jpg'}</msg>
<arg>${json_data['results'][0]['picture']}</arg>
<doc>Logs the given message with the given level.</doc>
<status status="PASS" start="2024-03-22T05:15:11.502439" elapsed="0.000375"/>
</kw>
<status status="PASS" start="2024-03-22T05:15:11.413702" elapsed="0.089368"/>
</kw>
<kw name="Teste de Tipos de Dados - Postcode" owner="random-user-service">
<kw name="GET On Session" owner="RequestsLibrary">
<msg time="2024-03-22T05:15:11.596377" level="INFO">GET Request : url=https://randomuser.me/api 
 path_url=/api 
 headers={'User-Agent': 'python-requests/2.31.0', 'Accept-Encoding': 'gzip, deflate', 'Accept': '*/*', 'Connection': 'keep-alive'} 
 body=None 
 </msg>
<msg time="2024-03-22T05:15:11.596460" level="INFO">GET Response : url=https://randomuser.me/api 
 status=200, reason=OK 
 headers={'Date': 'Fri, 22 Mar 2024 05:15:11 GMT', 'Content-Type': 'application/json; charset=utf-8', 'Transfer-Encoding': 'chunked', 'Connection': 'keep-alive', 'X-Powered-By': 'Express', 'Access-Control-Allow-Origin': '*', 'Cache-Control': 'no-cache', 'ETag': 'W/"487-+/OAstJlCdiarMhXuaffUbPxbwU"', 'Vary': 'Accept-Encoding', 'Content-Encoding': 'gzip', 'CF-Cache-Status': 'DYNAMIC', 'Report-To': '{"endpoints":[{"url":"https:\\/\\/a.nel.cloudflare.com\\/report\\/v4?s=%2FSHezqZfNiVAGLH0qEaJ6ZqdVDOuhP56cTtm6XlJP9URdW5n%2FpfGOnHU%2BpzU0kO8v4ypDGtTupzFrBPN2wIcKKl9OfCdCqJUXEAs4fNz1C7Hi6Kj0RBKsvs9yKfhltqE"}],"group":"cf-nel","max_age":604800}', 'NEL': '{"success_fraction":0,"report_to":"cf-nel","max_age":604800}', 'Server': 'cloudflare', 'CF-RAY': '8683b3d4ec0607b5-IAD', 'alt-svc': 'h3=":443"; ma=86400'} 
 body={"results":[{"gender":"male","name":{"title":"Mr","first":"Tristan","last":"Poulsen"},"location":{"street":{"number":2630,"name":"Haderslevvej"},"city":"Roskilde","state":"Sjælland","country":"Denmark","postcode":63129,"coordinates":{"latitude":"-44.1173","longitude":"-149.1675"},"timezone":{"offset":"+5:30","description":"Bombay, Calcutta, Madras, New Delhi"}},"email":"tristan.poulsen@example.com","login":{"uuid":"ecb44ac9-b488-493d-aa5e-82e00226a916","username":"goldentiger574","password":"newbie","salt":"RsIHJl1P","md5":"06ecb5956f0e8ed47157d25572de1b88","sha1":"c41f25057af6b48ddc34215f8ad1ee44a211501a","sha256":"5b323a5966239f5e9bd7d1f4bee2847596081182dbc8a14b6c28d8190e1187af"},"dob":{"date":"1954-09-01T15:38:00.768Z","age":69},"registered":{"date":"2020-02-11T08:16:09.812Z","age":4},"phone":"01146513","cell":"35559171","id":{"name":"CPR","value":"010954-9342"},"picture":{"large":"https://randomuser.me/api/portraits/men/2.jpg","medium":"https://randomuser.me/api/portraits/med/men/2.jpg","thumbnail":"https://randomuser.me/api/portraits/thumb/men/2.jpg"},"nat":"DK"}],"info":{"seed":"a8e20ab6bde23613","results":1,"page":1,"version":"1.4"}} 
 </msg>
<msg time="2024-03-22T05:15:11.596547" level="INFO">/opt/hostedtoolcache/Python/3.12.2/x64/lib/python3.12/site-packages/urllib3/connectionpool.py:1103: InsecureRequestWarning: Unverified HTTPS request is being made to host 'randomuser.me'. Adding certificate verification is strongly advised. See: https://urllib3.readthedocs.io/en/latest/advanced-usage.html#tls-warnings
  warnings.warn(</msg>
<msg time="2024-03-22T05:15:11.596667" level="INFO">${response} = &lt;Response [200]&gt;</msg>
<var>${response}</var>
<arg>consultarAPI</arg>
<arg>/api</arg>
<doc>Sends a GET request on a previously created HTTP Session.</doc>
<status status="PASS" start="2024-03-22T05:15:11.503620" elapsed="0.093101"/>
</kw>
<kw name="Set Variable" owner="BuiltIn">
<msg time="2024-03-22T05:15:11.597829" level="INFO">${json_data} = {'results': [{'gender': 'male', 'name': {'title': 'Mr', 'first': 'Tristan', 'last': 'Poulsen'}, 'location': {'street': {'number': 2630, 'name': 'Haderslevvej'}, 'city': 'Roskilde', 'state': 'Sjælland'...</msg>
<var>${json_data}</var>
<arg>${response.json()}</arg>
<doc>Returns the given values which can then be assigned to a variables.</doc>
<status status="PASS" start="2024-03-22T05:15:11.597246" elapsed="0.000613"/>
</kw>
<kw name="Log" owner="BuiltIn">
<msg time="2024-03-22T05:15:11.598324" level="INFO">{'results': [{'gender': 'male', 'name': {'title': 'Mr', 'first': 'Tristan', 'last': 'Poulsen'}, 'location': {'street': {'number': 2630, 'name': 'Haderslevvej'}, 'city': 'Roskilde', 'state': 'Sjælland', 'country': 'Denmark', 'postcode': 63129, 'coordinates': {'latitude': '-44.1173', 'longitude': '-149.1675'}, 'timezone': {'offset': '+5:30', 'description': 'Bombay, Calcutta, Madras, New Delhi'}}, 'email': 'tristan.poulsen@example.com', 'login': {'uuid': 'ecb44ac9-b488-493d-aa5e-82e00226a916', 'username': 'goldentiger574', 'password': 'newbie', 'salt': 'RsIHJl1P', 'md5': '06ecb5956f0e8ed47157d25572de1b88', 'sha1': 'c41f25057af6b48ddc34215f8ad1ee44a211501a', 'sha256': '5b323a5966239f5e9bd7d1f4bee2847596081182dbc8a14b6c28d8190e1187af'}, 'dob': {'date': '1954-09-01T15:38:00.768Z', 'age': 69}, 'registered': {'date': '2020-02-11T08:16:09.812Z', 'age': 4}, 'phone': '01146513', 'cell': '35559171', 'id': {'name': 'CPR', 'value': '010954-9342'}, 'picture': {'large': 'https://randomuser.me/api/portraits/men/2.jpg', 'medium': 'https://randomuser.me/api/portraits/med/men/2.jpg', 'thumbnail': 'https://randomuser.me/api/portraits/thumb/men/2.jpg'}, 'nat': 'DK'}], 'info': {'seed': 'a8e20ab6bde23613', 'results': 1, 'page': 1, 'version': '1.4'}}</msg>
<arg>${json_data}</arg>
<doc>Logs the given message with the given level.</doc>
<status status="PASS" start="2024-03-22T05:15:11.598167" elapsed="0.000236"/>
</kw>
<kw name="Should Be Equal As Numbers" owner="BuiltIn">
<arg>${json_data['results'][0]['location']['postcode']}</arg>
<arg>${json_data['results'][0]['location']['postcode']}</arg>
<doc>Fails if objects are unequal after converting them to real numbers.</doc>
<status status="PASS" start="2024-03-22T05:15:11.598709" elapsed="0.000633"/>
</kw>
<kw name="Log" owner="BuiltIn">
<msg time="2024-03-22T05:15:11.599872" level="INFO">63129</msg>
<arg>${json_data['results'][0]['location']['postcode']}</arg>
<doc>Logs the given message with the given level.</doc>
<status status="PASS" start="2024-03-22T05:15:11.599537" elapsed="0.000375"/>
</kw>
<status status="PASS" start="2024-03-22T05:15:11.503281" elapsed="0.096884"/>
</kw>
<doc>Testa se os tipos de dados na resposta da API estão corretos.</doc>
<tag>testeTiposDados</tag>
<status status="PASS" start="2024-03-22T05:15:11.413277" elapsed="0.187047"/>
</test>
<test id="s1-s1-t5" name="Validar conteudo" line="35">
<kw name="Teste de Tipos de Conteudo" owner="random-user-service">
<kw name="GET On Session" owner="RequestsLibrary">
<msg time="2024-03-22T05:15:11.695003" level="INFO">GET Request : url=https://randomuser.me/api 
 path_url=/api 
 headers={'User-Agent': 'python-requests/2.31.0', 'Accept-Encoding': 'gzip, deflate', 'Accept': '*/*', 'Connection': 'keep-alive'} 
 body=None 
 </msg>
<msg time="2024-03-22T05:15:11.695065" level="INFO">GET Response : url=https://randomuser.me/api 
 status=200, reason=OK 
 headers={'Date': 'Fri, 22 Mar 2024 05:15:11 GMT', 'Content-Type': 'application/json; charset=utf-8', 'Transfer-Encoding': 'chunked', 'Connection': 'keep-alive', 'X-Powered-By': 'Express', 'Access-Control-Allow-Origin': '*', 'Cache-Control': 'no-cache', 'ETag': 'W/"47b-3KZjrFr39eGsjLqHAWtWPjq+cUM"', 'Vary': 'Accept-Encoding', 'Content-Encoding': 'gzip', 'CF-Cache-Status': 'DYNAMIC', 'Report-To': '{"endpoints":[{"url":"https:\\/\\/a.nel.cloudflare.com\\/report\\/v4?s=3Hb3XzAgTRsW5aY6QQzmZu%2FHfWFMterPhKVherpuDB%2FyJqTOA%2BQb%2Fm%2FMyBZavniRvUwRWwnOa4eJmCvhfoQSovUWvPtTldCPErGH%2BHW21L5ue3lViVadSPJ90DnqVyPj"}],"group":"cf-nel","max_age":604800}', 'NEL': '{"success_fraction":0,"report_to":"cf-nel","max_age":604800}', 'Server': 'cloudflare', 'CF-RAY': '8683b3d58ca607b5-IAD', 'alt-svc': 'h3=":443"; ma=86400'} 
 body={"results":[{"gender":"male","name":{"title":"Mr","first":"Joshua","last":"Simmmons"},"location":{"street":{"number":9949,"name":"Railroad St"},"city":"Queanbeyan","state":"South Australia","country":"Australia","postcode":9640,"coordinates":{"latitude":"-89.6075","longitude":"-85.4089"},"timezone":{"offset":"-9:00","description":"Alaska"}},"email":"joshua.simmmons@example.com","login":{"uuid":"8d1fab96-a9a2-4388-9f10-af5d976ecf8a","username":"beautifulbird679","password":"zhai","salt":"NJNjlIGf","md5":"250ec3c2858524c396faf8d660799b81","sha1":"cea471af09047a29fc15ef4a04663b674dac213c","sha256":"3f26a2e5026ef6d8812eae19115de0b699fafd58bf5eee1406fe623a8ea62a5a"},"dob":{"date":"1999-11-11T05:00:36.747Z","age":24},"registered":{"date":"2008-09-10T08:38:59.697Z","age":15},"phone":"05-4387-9562","cell":"0455-593-448","id":{"name":"TFN","value":"785985467"},"picture":{"large":"https://randomuser.me/api/portraits/men/86.jpg","medium":"https://randomuser.me/api/portraits/med/men/86.jpg","thumbnail":"https://randomuser.me/api/portraits/thumb/men/86.jpg"},"nat":"AU"}],"info":{"seed":"a9ba03c4797749cb","results":1,"page":1,"version":"1.4"}} 
 </msg>
<msg time="2024-03-22T05:15:11.695117" level="INFO">/opt/hostedtoolcache/Python/3.12.2/x64/lib/python3.12/site-packages/urllib3/connectionpool.py:1103: InsecureRequestWarning: Unverified HTTPS request is being made to host 'randomuser.me'. Adding certificate verification is strongly advised. See: https://urllib3.readthedocs.io/en/latest/advanced-usage.html#tls-warnings
  warnings.warn(</msg>
<msg time="2024-03-22T05:15:11.695207" level="INFO">${response} = &lt;Response [200]&gt;</msg>
<var>${response}</var>
<arg>consultarAPI</arg>
<arg>/api</arg>
<doc>Sends a GET request on a previously created HTTP Session.</doc>
<status status="PASS" start="2024-03-22T05:15:11.602694" elapsed="0.092550"/>
</kw>
<kw name="Set Variable" owner="BuiltIn">
<msg time="2024-03-22T05:15:11.696025" level="INFO">${json_data} = {'results': [{'gender': 'male', 'name': {'title': 'Mr', 'first': 'Joshua', 'last': 'Simmmons'}, 'location': {'street': {'number': 9949, 'name': 'Railroad St'}, 'city': 'Queanbeyan', 'state': 'South Au...</msg>
<var>${json_data}</var>
<arg>${response.json()}</arg>
<doc>Returns the given values which can then be assigned to a variables.</doc>
<status status="PASS" start="2024-03-22T05:15:11.695603" elapsed="0.000450"/>
</kw>
<kw name="Set Variable" owner="BuiltIn">
<msg time="2024-03-22T05:15:11.696731" level="INFO">${name_title} = Mr</msg>
<var>${name_title}</var>
<arg>${json_data["results"][0]["name"]["title"]}</arg>
<doc>Returns the given values which can then be assigned to a variables.</doc>
<status status="PASS" start="2024-03-22T05:15:11.696354" elapsed="0.000402"/>
</kw>
<kw name="Create List" owner="BuiltIn">
<msg time="2024-03-22T05:15:11.697203" level="INFO">${allowed_titles} = ['Mr', 'Ms', 'Miss', 'Mrs', 'Madame', 'Monsieur']</msg>
<var>${allowed_titles}</var>
<arg>Mr</arg>
<arg>Ms</arg>
<arg>Miss</arg>
<arg>Mrs</arg>
<arg>Madame</arg>
<arg>Monsieur</arg>
<doc>Returns a list containing given items.</doc>
<status status="PASS" start="2024-03-22T05:15:11.697053" elapsed="0.000174"/>
</kw>
<kw name="List Should Contain Value" owner="Collections">
<msg time="2024-03-22T05:15:11.697742" level="INFO">False</msg>
<arg>${allowed_titles}</arg>
<arg>${name_title}</arg>
<doc>Fails if the ``value`` is not found from ``list``.</doc>
<status status="PASS" start="2024-03-22T05:15:11.697571" elapsed="0.000208"/>
</kw>
<kw name="Set Variable" owner="BuiltIn">
<msg time="2024-03-22T05:15:11.698449" level="INFO">${name_country} = AU</msg>
<var>${name_country}</var>
<arg>${json_data["results"][0]["nat"]}</arg>
<doc>Returns the given values which can then be assigned to a variables.</doc>
<status status="PASS" start="2024-03-22T05:15:11.698073" elapsed="0.000401"/>
</kw>
<kw name="Create List" owner="BuiltIn">
<msg time="2024-03-22T05:15:11.699380" level="INFO">${list_country} = ['AD', 'AE', 'AF', 'AG', 'AI', 'AL', 'AM', 'AO', 'AQ', 'AR', 'AS', 'AT', 'AU', 'AW', 'AX', 'AZ', 'BA', 'BB', 'BD', 'BE', 'BF', 'BG', 'BH', 'BI', 'BJ', 'BL', 'BM', 'BN', 'BO', 'BQ', 'BR', 'BS', 'BT', '...</msg>
<var>${list_country}</var>
<arg>AD</arg>
<arg>AE</arg>
<arg>AF</arg>
<arg>AG</arg>
<arg>AI</arg>
<arg>AL</arg>
<arg>AM</arg>
<arg>AO</arg>
<arg>AQ</arg>
<arg>AR</arg>
<arg>AS</arg>
<arg>AT</arg>
<arg>AU</arg>
<arg>AW</arg>
<arg>AX</arg>
<arg>AZ</arg>
<arg>BA</arg>
<arg>BB</arg>
<arg>BD</arg>
<arg>BE</arg>
<arg>BF</arg>
<arg>BG</arg>
<arg>BH</arg>
<arg>BI</arg>
<arg>BJ</arg>
<arg>BL</arg>
<arg>BM</arg>
<arg>BN</arg>
<arg>BO</arg>
<arg>BQ</arg>
<arg>BR</arg>
<arg>BS</arg>
<arg>BT</arg>
<arg>BV</arg>
<arg>BW</arg>
<arg>BY</arg>
<arg>BZ</arg>
<arg>CA</arg>
<arg>CC</arg>
<arg>CD</arg>
<arg>CF</arg>
<arg>CG</arg>
<arg>CH</arg>
<arg>CI</arg>
<arg>CK</arg>
<arg>CL</arg>
<arg>CM</arg>
<arg>CN</arg>
<arg>CO</arg>
<arg>CR</arg>
<arg>CU</arg>
<arg>CV</arg>
<arg>CW</arg>
<arg>CX</arg>
<arg>CY</arg>
<arg>CZ</arg>
<arg>DE</arg>
<arg>DJ</arg>
<arg>DK</arg>
<arg>DM</arg>
<arg>DO</arg>
<arg>DZ</arg>
<arg>EC</arg>
<arg>EE</arg>
<arg>EG</arg>
<arg>EH</arg>
<arg>ER</arg>
<arg>ES</arg>
<arg>ET</arg>
<arg>FI</arg>
<arg>FJ</arg>
<arg>FK</arg>
<arg>FM</arg>
<arg>FO</arg>
<arg>FR</arg>
<arg>GA</arg>
<arg>GB</arg>
<arg>GD</arg>
<arg>GE</arg>
<arg>GF</arg>
<arg>GG</arg>
<arg>GH</arg>
<arg>GI</arg>
<arg>GL</arg>
<arg>GM</arg>
<arg>GN</arg>
<arg>GP</arg>
<arg>GQ</arg>
<arg>GR</arg>
<arg>GS</arg>
<arg>GT</arg>
<arg>GU</arg>
<arg>GW</arg>
<arg>GY</arg>
<arg>HK</arg>
<arg>HM</arg>
<arg>HN</arg>
<arg>HR</arg>
<arg>HT</arg>
<arg>HU</arg>
<arg>ID</arg>
<arg>IE</arg>
<arg>IL</arg>
<arg>IM</arg>
<arg>IN</arg>
<arg>IO</arg>
<arg>IQ</arg>
<arg>IR</arg>
<arg>IS</arg>
<arg>IT</arg>
<arg>JE</arg>
<arg>JM</arg>
<arg>JO</arg>
<arg>JP</arg>
<arg>KE</arg>
<arg>KG</arg>
<arg>KH</arg>
<arg>KI</arg>
<arg>KM</arg>
<arg>KN</arg>
<arg>KP</arg>
<arg>KR</arg>
<arg>KW</arg>
<arg>KY</arg>
<arg>KZ</arg>
<arg>LA</arg>
<arg>LB</arg>
<arg>LC</arg>
<arg>LI</arg>
<arg>LK</arg>
<arg>LR</arg>
<arg>LS</arg>
<arg>LT</arg>
<arg>LU</arg>
<arg>LV</arg>
<arg>LY</arg>
<arg>MA</arg>
<arg>MC</arg>
<arg>MD</arg>
<arg>ME</arg>
<arg>MF</arg>
<arg>MG</arg>
<arg>MH</arg>
<arg>MK</arg>
<arg>ML</arg>
<arg>MM</arg>
<arg>MN</arg>
<arg>MO</arg>
<arg>MP</arg>
<arg>MQ</arg>
<arg>MR</arg>
<arg>MS</arg>
<arg>MT</arg>
<arg>MU</arg>
<arg>MV</arg>
<arg>MW</arg>
<arg>MX</arg>
<arg>MY</arg>
<arg>MZ</arg>
<arg>NA</arg>
<arg>NC</arg>
<arg>NE</arg>
<arg>NF</arg>
<arg>NG</arg>
<arg>NI</arg>
<arg>NL</arg>
<arg>NO</arg>
<arg>NP</arg>
<arg>NR</arg>
<arg>NU</arg>
<arg>NZ</arg>
<arg>OM</arg>
<arg>PA</arg>
<arg>PE</arg>
<arg>PF</arg>
<arg>PG</arg>
<arg>PH</arg>
<arg>PK</arg>
<arg>PL</arg>
<arg>PM</arg>
<arg>PN</arg>
<arg>PR</arg>
<arg>PS</arg>
<arg>PT</arg>
<arg>PW</arg>
<arg>PY</arg>
<arg>QA</arg>
<arg>RE</arg>
<arg>RO</arg>
<arg>RS</arg>
<arg>RU</arg>
<arg>RW</arg>
<arg>SA</arg>
<arg>SB</arg>
<arg>SC</arg>
<arg>SD</arg>
<arg>SE</arg>
<arg>SG</arg>
<arg>SH</arg>
<arg>SI</arg>
<arg>SJ</arg>
<arg>SK</arg>
<arg>SL</arg>
<arg>SM</arg>
<arg>SN</arg>
<arg>SO</arg>
<arg>SR</arg>
<arg>SS</arg>
<arg>ST</arg>
<arg>SV</arg>
<arg>SX</arg>
<arg>SY</arg>
<arg>SZ</arg>
<arg>TC</arg>
<arg>TD</arg>
<arg>TF</arg>
<arg>TG</arg>
<arg>TH</arg>
<arg>TJ</arg>
<arg>TK</arg>
<arg>TL</arg>
<arg>TM</arg>
<arg>TN</arg>
<arg>TO</arg>
<arg>TR</arg>
<arg>TT</arg>
<arg>TV</arg>
<arg>TW</arg>
<arg>TZ</arg>
<arg>UA</arg>
<arg>UG</arg>
<arg>UM</arg>
<arg>US</arg>
<arg>UY</arg>
<arg>UZ</arg>
<arg>VA</arg>
<arg>VC</arg>
<arg>VE</arg>
<arg>VG</arg>
<arg>VI</arg>
<arg>VN</arg>
<arg>VU</arg>
<arg>WF</arg>
<arg>WS</arg>
<arg>XK</arg>
<arg>YE</arg>
<arg>YT</arg>
<arg>ZA</arg>
<arg>ZM</arg>
<arg>ZW</arg>
<doc>Returns a list containing given items.</doc>
<status status="PASS" start="2024-03-22T05:15:11.698783" elapsed="0.000622"/>
</kw>
<kw name="List Should Contain Value" owner="Collections">
<msg time="2024-03-22T05:15:11.700503" level="INFO">False</msg>
<arg>${list_country}</arg>
<arg>${name_country}</arg>
<doc>Fails if the ``value`` is not found from ``list``.</doc>
<status status="PASS" start="2024-03-22T05:15:11.700298" elapsed="0.000242"/>
</kw>
<kw name="Run Keyword If" owner="BuiltIn">
<kw name="Should Be True" owner="BuiltIn">
<arg>${True}</arg>
<doc>Fails if the given condition is not true.</doc>
<status status="PASS" start="2024-03-22T05:15:11.701639" elapsed="0.000146"/>
</kw>
<arg>${json_data["results"][0]["location"]["coordinates"]["latitude"]} &gt;= -90 and ${json_data["results"][0]["location"]["coordinates"]["latitude"]} &lt;= 90</arg>
<arg>Should Be True</arg>
<arg>${True}</arg>
<doc>Runs the given keyword with the given arguments, if ``condition`` is true.</doc>
<status status="PASS" start="2024-03-22T05:15:11.700850" elapsed="0.001064"/>
</kw>
<kw name="Run Keyword If" owner="BuiltIn">
<kw name="Should Be True" owner="BuiltIn">
<arg>${True}</arg>
<doc>Fails if the given condition is not true.</doc>
<status status="PASS" start="2024-03-22T05:15:11.702792" elapsed="0.000140"/>
</kw>
<arg>${json_data["results"][0]["location"]["coordinates"]["longitude"]} &gt;= -180 and ${json_data["results"][0]["location"]["coordinates"]["longitude"]} &lt;= 180</arg>
<arg>Should Be True</arg>
<arg>${True}</arg>
<doc>Runs the given keyword with the given arguments, if ``condition`` is true.</doc>
<status status="PASS" start="2024-03-22T05:15:11.702099" elapsed="0.000960"/>
</kw>
<status status="PASS" start="2024-03-22T05:15:11.602475" elapsed="0.100711"/>
</kw>
<doc>Testa o conteúdo específico dos campos retornados pela API.</doc>
<tag>testeConteudo</tag>
<status status="PASS" start="2024-03-22T05:15:11.602071" elapsed="0.101259"/>
</test>
<status status="PASS" start="2024-03-22T05:15:10.945073" elapsed="0.760073"/>
</suite>
<status status="PASS" start="2024-03-22T05:15:10.931606" elapsed="0.778795"/>
</suite>
<statistics>
<total>
<stat pass="5" fail="0" skip="0">All Tests</stat>
</total>
<tag>
<stat pass="1" fail="0" skip="0">testeConteudo</stat>
<stat pass="1" fail="0" skip="0">testeEstruturaResposta</stat>
<stat pass="1" fail="0" skip="0">testeRequisicaoBasica</stat>
<stat pass="1" fail="0" skip="0">testeTiposDados</stat>
</tag>
<suite>
<stat pass="5" fail="0" skip="0" id="s1" name="Tests">Tests</stat>
<stat pass="5" fail="0" skip="0" id="s1-s1" name="Random-User-Test">Tests.Random-User-Test</stat>
</suite>
</statistics>
<errors>
</errors>
</robot>
