<?xml version="1.0" encoding="UTF-8"?>
<robot generator="Robot 7.0.1 (Python 3.12.4 on linux)" generated="2024-07-17T01:08:17.763362" rpa="false" schemaversion="5">
<suite id="s1" name="Tests" source="/home/runner/work/ApiRandomUser/ApiRandomUser/RamdonUser/tests">
<suite id="s1-s1" name="Random-User-Test" source="/home/runner/work/ApiRandomUser/ApiRandomUser/RamdonUser/tests/random-user-test.robot">
<test id="s1-s1-t1" name="Conectar" line="13">
<kw name="Conectar API" owner="random-user-service">
<kw name="Create Session" owner="RequestsLibrary">
<msg time="2024-07-17T01:08:18.181067" level="INFO">Creating Session using : alias=consultarAPI, url=https://randomuser.me/, headers={},                     cookies={}, auth=None, timeout=None, proxies=None, verify=False,                     debug=0 </msg>
<arg>consultarAPI</arg>
<arg>${URL}</arg>
<doc>Create Session: create a HTTP session to a server</doc>
<status status="PASS" start="2024-07-17T01:08:18.180869" elapsed="0.000371"/>
</kw>
<status status="PASS" start="2024-07-17T01:08:18.179887" elapsed="0.001701"/>
</kw>
<status status="PASS" start="2024-07-17T01:08:18.179213" elapsed="0.002566"/>
</test>
<test id="s1-s1-t2" name="Validar retorno 200 e JSON Válido" line="16">
<kw name="Teste de Requisicao Basica" owner="random-user-service">
<kw name="GET On Session" owner="RequestsLibrary">
<msg time="2024-07-17T01:08:18.377787" level="INFO">GET Request : url=https://randomuser.me/api 
 path_url=/api 
 headers={'User-Agent': 'python-requests/2.32.3', 'Accept-Encoding': 'gzip, deflate', 'Accept': '*/*', 'Connection': 'keep-alive'} 
 body=None 
 </msg>
<msg time="2024-07-17T01:08:18.377941" level="INFO">GET Response : url=https://randomuser.me/api 
 status=200, reason=OK 
 headers={'Date': 'Wed, 17 Jul 2024 01:08:18 GMT', 'Content-Type': 'application/json; charset=utf-8', 'Transfer-Encoding': 'chunked', 'Connection': 'keep-alive', 'X-Powered-By': 'Express', 'Access-Control-Allow-Origin': '*', 'Cache-Control': 'no-cache', 'ETag': 'W/"4ae-Eg7pApCaikOLoMwx/1hqi1y3IM0"', 'Vary': 'Accept-Encoding', 'Content-Encoding': 'gzip', 'CF-Cache-Status': 'DYNAMIC', 'Report-To': '{"endpoints":[{"url":"https:\\/\\/a.nel.cloudflare.com\\/report\\/v4?s=Ni5JSJzcz3ranUCfEyto4zeGMv6TtjsJi5KkEAfpoZ4zAx4mIyH2bQ2hO%2F2%2FFBrNFJ7i1J6HBtuQstezbao9K7sQIInvc9u6lK%2FUnD7CkSb5xqtU0VJNJkO48B%2BtLTMP"}],"group":"cf-nel","max_age":604800}', 'NEL': '{"success_fraction":0,"report_to":"cf-nel","max_age":604800}', 'Server': 'cloudflare', 'CF-RAY': '8a46570dfdb50ffd-LAX', 'alt-svc': 'h3=":443"; ma=86400'} 
 body={"results":[{"gender":"female","name":{"title":"Mrs","first":"Savannah","last":"Stephens"},"location":{"street":{"number":7309,"name":"Saddle Dr"},"city":"North Las Vegas","state":"North Carolina","country":"United States","postcode":71625,"coordinates":{"latitude":"84.3611","longitude":"88.0012"},"timezone":{"offset":"+5:30","description":"Bombay, Calcutta, Madras, New Delhi"}},"email":"savannah.stephens@example.com","login":{"uuid":"dd9bbb9a-ae28-494d-a2b1-d9952b67c396","username":"bigsnake637","password":"presley","salt":"4kIMr14j","md5":"7db9585267dd9c35adee5f8c668a39e2","sha1":"73fa38b8a771df534326bc28d27062d5c179ca61","sha256":"a03ef5e1bbdd0d2f4399de6e76cae1b25a58bea9ea3058cd1f1f47727838a1fa"},"dob":{"date":"1977-09-16T05:54:28.589Z","age":46},"registered":{"date":"2009-01-16T07:22:39.955Z","age":15},"phone":"(734) 825-3283","cell":"(765) 346-6646","id":{"name":"SSN","value":"533-64-4951"},"picture":{"large":"https://randomuser.me/api/portraits/women/16.jpg","medium":"https://randomuser.me/api/portraits/med/women/16.jpg","thumbnail":"https://randomuser.me/api/portraits/thumb/women/16.jpg"},"nat":"US"}],"info":{"seed":"26de330277841b3c","results":1,"page":1,"version":"1.4"}} 
 </msg>
<msg time="2024-07-17T01:08:18.378030" level="INFO">/opt/hostedtoolcache/Python/3.12.4/x64/lib/python3.12/site-packages/urllib3/connectionpool.py:1099: InsecureRequestWarning: Unverified HTTPS request is being made to host 'randomuser.me'. Adding certificate verification is strongly advised. See: https://urllib3.readthedocs.io/en/latest/advanced-usage.html#tls-warnings
  warnings.warn(</msg>
<msg time="2024-07-17T01:08:18.378206" level="INFO">${response} = &lt;Response [200]&gt;</msg>
<var>${response}</var>
<arg>consultarAPI</arg>
<arg>/api</arg>
<doc>Sends a GET request on a previously created HTTP Session.</doc>
<status status="PASS" start="2024-07-17T01:08:18.184424" elapsed="0.193836"/>
</kw>
<kw name="Should Be Equal As Numbers" owner="BuiltIn">
<msg time="2024-07-17T01:08:18.379354" level="INFO">Argument types are:
&lt;class 'int'&gt;
&lt;class 'str'&gt;</msg>
<arg>${response.status_code}</arg>
<arg>200</arg>
<doc>Fails if objects are unequal after converting them to real numbers.</doc>
<status status="PASS" start="2024-07-17T01:08:18.378861" elapsed="0.000559"/>
</kw>
<kw name="Log" owner="BuiltIn">
<msg time="2024-07-17T01:08:18.380098" level="INFO">200</msg>
<arg>${response.status_code}</arg>
<doc>Logs the given message with the given level.</doc>
<status status="PASS" start="2024-07-17T01:08:18.379746" elapsed="0.000395"/>
</kw>
<kw name="Set Variable" owner="BuiltIn">
<msg time="2024-07-17T01:08:18.380925" level="INFO">${json_data} = {'results': [{'gender': 'female', 'name': {'title': 'Mrs', 'first': 'Savannah', 'last': 'Stephens'}, 'location': {'street': {'number': 7309, 'name': 'Saddle Dr'}, 'city': 'North Las Vegas', 'state': '...</msg>
<var>${json_data}</var>
<arg>${response.json()}</arg>
<doc>Returns the given values which can then be assigned to a variables.</doc>
<status status="PASS" start="2024-07-17T01:08:18.380496" elapsed="0.000457"/>
</kw>
<kw name="Dictionary Should Contain Key" owner="Collections">
<arg>${json_data}</arg>
<arg>results</arg>
<doc>Fails if ``key`` is not found from ``dictionary``.</doc>
<status status="PASS" start="2024-07-17T01:08:18.381249" elapsed="0.000169"/>
</kw>
<status status="PASS" start="2024-07-17T01:08:18.184143" elapsed="0.197428"/>
</kw>
<doc>Testa se a API responde corretamente e retorna um objeto JSON válido.</doc>
<tag>testeRequisicaoBasica</tag>
<status status="PASS" start="2024-07-17T01:08:18.183619" elapsed="0.198134"/>
</test>
<test id="s1-s1-t3" name="Validar estrutura de resposta" line="22">
<kw name="Teste de Estrutura de Resposta" owner="random-user-service">
<kw name="GET On Session" owner="RequestsLibrary">
<msg time="2024-07-17T01:08:18.480547" level="INFO">GET Request : url=https://randomuser.me/api 
 path_url=/api 
 headers={'User-Agent': 'python-requests/2.32.3', 'Accept-Encoding': 'gzip, deflate', 'Accept': '*/*', 'Connection': 'keep-alive'} 
 body=None 
 </msg>
<msg time="2024-07-17T01:08:18.480616" level="INFO">GET Response : url=https://randomuser.me/api 
 status=200, reason=OK 
 headers={'Date': 'Wed, 17 Jul 2024 01:08:18 GMT', 'Content-Type': 'application/json; charset=utf-8', 'Transfer-Encoding': 'chunked', 'Connection': 'keep-alive', 'X-Powered-By': 'Express', 'Access-Control-Allow-Origin': '*', 'Cache-Control': 'no-cache', 'ETag': 'W/"473-nXi80VIv2d7kVeUJEWDsP7JaJG0"', 'Vary': 'Accept-Encoding', 'Content-Encoding': 'gzip', 'CF-Cache-Status': 'DYNAMIC', 'Report-To': '{"endpoints":[{"url":"https:\\/\\/a.nel.cloudflare.com\\/report\\/v4?s=IzoSBoijOlR5hiBZXcl%2BN%2Bo5oIZflv%2FklPqJpaeU9dhr7l9Zq223MbNc%2FpBM5mCqwSAsijTK5qrTzgam7%2F3v14m34KtlHRv7y1obPlQ8ZPjf50QSNdBPaXxz6hbwBfxo"}],"group":"cf-nel","max_age":604800}', 'NEL': '{"success_fraction":0,"report_to":"cf-nel","max_age":604800}', 'Server': 'cloudflare', 'CF-RAY': '8a46570eef900ffd-LAX', 'alt-svc': 'h3=":443"; ma=86400'} 
 body={"results":[{"gender":"female","name":{"title":"Miss","first":"Fatma","last":"Önür"},"location":{"street":{"number":8599,"name":"Talak Göktepe Cd"},"city":"Muş","state":"Muş","country":"Turkey","postcode":94255,"coordinates":{"latitude":"69.9925","longitude":"175.0688"},"timezone":{"offset":"-12:00","description":"Eniwetok, Kwajalein"}},"email":"fatma.onur@example.com","login":{"uuid":"6e00d499-e990-44c8-b662-cb9d014e8d2b","username":"blackrabbit738","password":"helium","salt":"LKbpVInz","md5":"5949be6789024f6fce0b50c1ee64bc1a","sha1":"4b2d4119dfc28e9efb0480cf7e5223b34379764a","sha256":"abc92a40134a9fe45ea24ef6a4c92189af885409fbd681bfb2015443eaa3f982"},"dob":{"date":"1976-10-23T22:06:23.340Z","age":47},"registered":{"date":"2019-07-25T12:48:08.058Z","age":4},"phone":"(038)-581-7386","cell":"(084)-140-8153","id":{"name":"","value":null},"picture":{"large":"https://randomuser.me/api/portraits/women/5.jpg","medium":"https://randomuser.me/api/portraits/med/women/5.jpg","thumbnail":"https://randomuser.me/api/portraits/thumb/women/5.jpg"},"nat":"TR"}],"info":{"seed":"95742bf25b59415a","results":1,"page":1,"version":"1.4"}} 
 </msg>
<msg time="2024-07-17T01:08:18.480716" level="INFO">/opt/hostedtoolcache/Python/3.12.4/x64/lib/python3.12/site-packages/urllib3/connectionpool.py:1099: InsecureRequestWarning: Unverified HTTPS request is being made to host 'randomuser.me'. Adding certificate verification is strongly advised. See: https://urllib3.readthedocs.io/en/latest/advanced-usage.html#tls-warnings
  warnings.warn(</msg>
<msg time="2024-07-17T01:08:18.480808" level="INFO">${response} = &lt;Response [200]&gt;</msg>
<var>${response}</var>
<arg>consultarAPI</arg>
<arg>/api</arg>
<doc>Sends a GET request on a previously created HTTP Session.</doc>
<status status="PASS" start="2024-07-17T01:08:18.384467" elapsed="0.096374"/>
</kw>
<kw name="Set Variable" owner="BuiltIn">
<msg time="2024-07-17T01:08:18.481693" level="INFO">${json_data} = {'results': [{'gender': 'female', 'name': {'title': 'Miss', 'first': 'Fatma', 'last': 'Önür'}, 'location': {'street': {'number': 8599, 'name': 'Talak Göktepe Cd'}, 'city': 'Muş', 'state': 'Muş', 'coun...</msg>
<var>${json_data}</var>
<arg>${response.json()}</arg>
<doc>Returns the given values which can then be assigned to a variables.</doc>
<status status="PASS" start="2024-07-17T01:08:18.481228" elapsed="0.000496"/>
</kw>
<kw name="Log" owner="BuiltIn">
<msg time="2024-07-17T01:08:18.482194" level="INFO">{'results': [{'gender': 'female', 'name': {'title': 'Miss', 'first': 'Fatma', 'last': 'Önür'}, 'location': {'street': {'number': 8599, 'name': 'Talak Göktepe Cd'}, 'city': 'Muş', 'state': 'Muş', 'country': 'Turkey', 'postcode': 94255, 'coordinates': {'latitude': '69.9925', 'longitude': '175.0688'}, 'timezone': {'offset': '-12:00', 'description': 'Eniwetok, Kwajalein'}}, 'email': 'fatma.onur@example.com', 'login': {'uuid': '6e00d499-e990-44c8-b662-cb9d014e8d2b', 'username': 'blackrabbit738', 'password': 'helium', 'salt': 'LKbpVInz', 'md5': '5949be6789024f6fce0b50c1ee64bc1a', 'sha1': '4b2d4119dfc28e9efb0480cf7e5223b34379764a', 'sha256': 'abc92a40134a9fe45ea24ef6a4c92189af885409fbd681bfb2015443eaa3f982'}, 'dob': {'date': '1976-10-23T22:06:23.340Z', 'age': 47}, 'registered': {'date': '2019-07-25T12:48:08.058Z', 'age': 4}, 'phone': '(038)-581-7386', 'cell': '(084)-140-8153', 'id': {'name': '', 'value': None}, 'picture': {'large': 'https://randomuser.me/api/portraits/women/5.jpg', 'medium': 'https://randomuser.me/api/portraits/med/women/5.jpg', 'thumbnail': 'https://randomuser.me/api/portraits/thumb/women/5.jpg'}, 'nat': 'TR'}], 'info': {'seed': '95742bf25b59415a', 'results': 1, 'page': 1, 'version': '1.4'}}</msg>
<arg>${json_data}</arg>
<doc>Logs the given message with the given level.</doc>
<status status="PASS" start="2024-07-17T01:08:18.482033" elapsed="0.000212"/>
</kw>
<kw name="Dictionary Should Contain Key" owner="Collections">
<arg>${json_data}</arg>
<arg>results</arg>
<doc>Fails if ``key`` is not found from ``dictionary``.</doc>
<status status="PASS" start="2024-07-17T01:08:18.482536" elapsed="0.000161"/>
</kw>
<kw name="Should Not Be Empty" owner="BuiltIn">
<msg time="2024-07-17T01:08:18.483008" level="INFO">Length is 2.</msg>
<arg>${json_data}</arg>
<doc>Verifies that the given item is not empty.</doc>
<status status="PASS" start="2024-07-17T01:08:18.482883" elapsed="0.000163"/>
</kw>
<kw name="Create List" owner="BuiltIn">
<msg time="2024-07-17T01:08:18.483486" level="INFO">${expected_keys} = ['gender', 'name', 'location', 'email', 'login']</msg>
<var>${expected_keys}</var>
<arg>gender</arg>
<arg>name</arg>
<arg>location</arg>
<arg>email</arg>
<arg>login</arg>
<doc>Returns a list containing given items.</doc>
<status status="PASS" start="2024-07-17T01:08:18.483340" elapsed="0.000170"/>
</kw>
<for flavor="IN">
<iter>
<kw name="Dictionary Should Contain Key" owner="Collections">
<arg>${json_data['results'][0]}</arg>
<arg>${key}</arg>
<doc>Fails if ``key`` is not found from ``dictionary``.</doc>
<status status="PASS" start="2024-07-17T01:08:18.484249" elapsed="0.000427"/>
</kw>
<kw name="Log" owner="BuiltIn">
<msg time="2024-07-17T01:08:18.485228" level="INFO">{'gender': 'female', 'name': {'title': 'Miss', 'first': 'Fatma', 'last': 'Önür'}, 'location': {'street': {'number': 8599, 'name': 'Talak Göktepe Cd'}, 'city': 'Muş', 'state': 'Muş', 'country': 'Turkey', 'postcode': 94255, 'coordinates': {'latitude': '69.9925', 'longitude': '175.0688'}, 'timezone': {'offset': '-12:00', 'description': 'Eniwetok, Kwajalein'}}, 'email': 'fatma.onur@example.com', 'login': {'uuid': '6e00d499-e990-44c8-b662-cb9d014e8d2b', 'username': 'blackrabbit738', 'password': 'helium', 'salt': 'LKbpVInz', 'md5': '5949be6789024f6fce0b50c1ee64bc1a', 'sha1': '4b2d4119dfc28e9efb0480cf7e5223b34379764a', 'sha256': 'abc92a40134a9fe45ea24ef6a4c92189af885409fbd681bfb2015443eaa3f982'}, 'dob': {'date': '1976-10-23T22:06:23.340Z', 'age': 47}, 'registered': {'date': '2019-07-25T12:48:08.058Z', 'age': 4}, 'phone': '(038)-581-7386', 'cell': '(084)-140-8153', 'id': {'name': '', 'value': None}, 'picture': {'large': 'https://randomuser.me/api/portraits/women/5.jpg', 'medium': 'https://randomuser.me/api/portraits/med/women/5.jpg', 'thumbnail': 'https://randomuser.me/api/portraits/thumb/women/5.jpg'}, 'nat': 'TR'}</msg>
<arg>${json_data['results'][0]}</arg>
<doc>Logs the given message with the given level.</doc>
<status status="PASS" start="2024-07-17T01:08:18.484869" elapsed="0.000412"/>
</kw>
<kw name="Log" owner="BuiltIn">
<msg time="2024-07-17T01:08:18.485719" level="INFO">gender</msg>
<arg>${key}</arg>
<doc>Logs the given message with the given level.</doc>
<status status="PASS" start="2024-07-17T01:08:18.485589" elapsed="0.000168"/>
</kw>
<var name="${key}">gender</var>
<status status="PASS" start="2024-07-17T01:08:18.484091" elapsed="0.001883"/>
</iter>
<iter>
<kw name="Dictionary Should Contain Key" owner="Collections">
<arg>${json_data['results'][0]}</arg>
<arg>${key}</arg>
<doc>Fails if ``key`` is not found from ``dictionary``.</doc>
<status status="PASS" start="2024-07-17T01:08:18.486283" elapsed="0.000394"/>
</kw>
<kw name="Log" owner="BuiltIn">
<msg time="2024-07-17T01:08:18.487222" level="INFO">{'gender': 'female', 'name': {'title': 'Miss', 'first': 'Fatma', 'last': 'Önür'}, 'location': {'street': {'number': 8599, 'name': 'Talak Göktepe Cd'}, 'city': 'Muş', 'state': 'Muş', 'country': 'Turkey', 'postcode': 94255, 'coordinates': {'latitude': '69.9925', 'longitude': '175.0688'}, 'timezone': {'offset': '-12:00', 'description': 'Eniwetok, Kwajalein'}}, 'email': 'fatma.onur@example.com', 'login': {'uuid': '6e00d499-e990-44c8-b662-cb9d014e8d2b', 'username': 'blackrabbit738', 'password': 'helium', 'salt': 'LKbpVInz', 'md5': '5949be6789024f6fce0b50c1ee64bc1a', 'sha1': '4b2d4119dfc28e9efb0480cf7e5223b34379764a', 'sha256': 'abc92a40134a9fe45ea24ef6a4c92189af885409fbd681bfb2015443eaa3f982'}, 'dob': {'date': '1976-10-23T22:06:23.340Z', 'age': 47}, 'registered': {'date': '2019-07-25T12:48:08.058Z', 'age': 4}, 'phone': '(038)-581-7386', 'cell': '(084)-140-8153', 'id': {'name': '', 'value': None}, 'picture': {'large': 'https://randomuser.me/api/portraits/women/5.jpg', 'medium': 'https://randomuser.me/api/portraits/med/women/5.jpg', 'thumbnail': 'https://randomuser.me/api/portraits/thumb/women/5.jpg'}, 'nat': 'TR'}</msg>
<arg>${json_data['results'][0]}</arg>
<doc>Logs the given message with the given level.</doc>
<status status="PASS" start="2024-07-17T01:08:18.486860" elapsed="0.000446"/>
</kw>
<kw name="Log" owner="BuiltIn">
<msg time="2024-07-17T01:08:18.487736" level="INFO">name</msg>
<arg>${key}</arg>
<doc>Logs the given message with the given level.</doc>
<status status="PASS" start="2024-07-17T01:08:18.487607" elapsed="0.000167"/>
</kw>
<var name="${key}">name</var>
<status status="PASS" start="2024-07-17T01:08:18.486159" elapsed="0.001832"/>
</iter>
<iter>
<kw name="Dictionary Should Contain Key" owner="Collections">
<arg>${json_data['results'][0]}</arg>
<arg>${key}</arg>
<doc>Fails if ``key`` is not found from ``dictionary``.</doc>
<status status="PASS" start="2024-07-17T01:08:18.488313" elapsed="0.000382"/>
</kw>
<kw name="Log" owner="BuiltIn">
<msg time="2024-07-17T01:08:18.489227" level="INFO">{'gender': 'female', 'name': {'title': 'Miss', 'first': 'Fatma', 'last': 'Önür'}, 'location': {'street': {'number': 8599, 'name': 'Talak Göktepe Cd'}, 'city': 'Muş', 'state': 'Muş', 'country': 'Turkey', 'postcode': 94255, 'coordinates': {'latitude': '69.9925', 'longitude': '175.0688'}, 'timezone': {'offset': '-12:00', 'description': 'Eniwetok, Kwajalein'}}, 'email': 'fatma.onur@example.com', 'login': {'uuid': '6e00d499-e990-44c8-b662-cb9d014e8d2b', 'username': 'blackrabbit738', 'password': 'helium', 'salt': 'LKbpVInz', 'md5': '5949be6789024f6fce0b50c1ee64bc1a', 'sha1': '4b2d4119dfc28e9efb0480cf7e5223b34379764a', 'sha256': 'abc92a40134a9fe45ea24ef6a4c92189af885409fbd681bfb2015443eaa3f982'}, 'dob': {'date': '1976-10-23T22:06:23.340Z', 'age': 47}, 'registered': {'date': '2019-07-25T12:48:08.058Z', 'age': 4}, 'phone': '(038)-581-7386', 'cell': '(084)-140-8153', 'id': {'name': '', 'value': None}, 'picture': {'large': 'https://randomuser.me/api/portraits/women/5.jpg', 'medium': 'https://randomuser.me/api/portraits/med/women/5.jpg', 'thumbnail': 'https://randomuser.me/api/portraits/thumb/women/5.jpg'}, 'nat': 'TR'}</msg>
<arg>${json_data['results'][0]}</arg>
<doc>Logs the given message with the given level.</doc>
<status status="PASS" start="2024-07-17T01:08:18.488877" elapsed="0.000403"/>
</kw>
<kw name="Log" owner="BuiltIn">
<msg time="2024-07-17T01:08:18.489710" level="INFO">location</msg>
<arg>${key}</arg>
<doc>Logs the given message with the given level.</doc>
<status status="PASS" start="2024-07-17T01:08:18.489583" elapsed="0.000172"/>
</kw>
<var name="${key}">location</var>
<status status="PASS" start="2024-07-17T01:08:18.488191" elapsed="0.001781"/>
</iter>
<iter>
<kw name="Dictionary Should Contain Key" owner="Collections">
<arg>${json_data['results'][0]}</arg>
<arg>${key}</arg>
<doc>Fails if ``key`` is not found from ``dictionary``.</doc>
<status status="PASS" start="2024-07-17T01:08:18.490248" elapsed="0.000381"/>
</kw>
<kw name="Log" owner="BuiltIn">
<msg time="2024-07-17T01:08:18.491160" level="INFO">{'gender': 'female', 'name': {'title': 'Miss', 'first': 'Fatma', 'last': 'Önür'}, 'location': {'street': {'number': 8599, 'name': 'Talak Göktepe Cd'}, 'city': 'Muş', 'state': 'Muş', 'country': 'Turkey', 'postcode': 94255, 'coordinates': {'latitude': '69.9925', 'longitude': '175.0688'}, 'timezone': {'offset': '-12:00', 'description': 'Eniwetok, Kwajalein'}}, 'email': 'fatma.onur@example.com', 'login': {'uuid': '6e00d499-e990-44c8-b662-cb9d014e8d2b', 'username': 'blackrabbit738', 'password': 'helium', 'salt': 'LKbpVInz', 'md5': '5949be6789024f6fce0b50c1ee64bc1a', 'sha1': '4b2d4119dfc28e9efb0480cf7e5223b34379764a', 'sha256': 'abc92a40134a9fe45ea24ef6a4c92189af885409fbd681bfb2015443eaa3f982'}, 'dob': {'date': '1976-10-23T22:06:23.340Z', 'age': 47}, 'registered': {'date': '2019-07-25T12:48:08.058Z', 'age': 4}, 'phone': '(038)-581-7386', 'cell': '(084)-140-8153', 'id': {'name': '', 'value': None}, 'picture': {'large': 'https://randomuser.me/api/portraits/women/5.jpg', 'medium': 'https://randomuser.me/api/portraits/med/women/5.jpg', 'thumbnail': 'https://randomuser.me/api/portraits/thumb/women/5.jpg'}, 'nat': 'TR'}</msg>
<arg>${json_data['results'][0]}</arg>
<doc>Logs the given message with the given level.</doc>
<status status="PASS" start="2024-07-17T01:08:18.490810" elapsed="0.000404"/>
</kw>
<kw name="Log" owner="BuiltIn">
<msg time="2024-07-17T01:08:18.491637" level="INFO">email</msg>
<arg>${key}</arg>
<doc>Logs the given message with the given level.</doc>
<status status="PASS" start="2024-07-17T01:08:18.491511" elapsed="0.000165"/>
</kw>
<var name="${key}">email</var>
<status status="PASS" start="2024-07-17T01:08:18.490142" elapsed="0.001751"/>
</iter>
<iter>
<kw name="Dictionary Should Contain Key" owner="Collections">
<arg>${json_data['results'][0]}</arg>
<arg>${key}</arg>
<doc>Fails if ``key`` is not found from ``dictionary``.</doc>
<status status="PASS" start="2024-07-17T01:08:18.492194" elapsed="0.000407"/>
</kw>
<kw name="Log" owner="BuiltIn">
<msg time="2024-07-17T01:08:18.493245" level="INFO">{'gender': 'female', 'name': {'title': 'Miss', 'first': 'Fatma', 'last': 'Önür'}, 'location': {'street': {'number': 8599, 'name': 'Talak Göktepe Cd'}, 'city': 'Muş', 'state': 'Muş', 'country': 'Turkey', 'postcode': 94255, 'coordinates': {'latitude': '69.9925', 'longitude': '175.0688'}, 'timezone': {'offset': '-12:00', 'description': 'Eniwetok, Kwajalein'}}, 'email': 'fatma.onur@example.com', 'login': {'uuid': '6e00d499-e990-44c8-b662-cb9d014e8d2b', 'username': 'blackrabbit738', 'password': 'helium', 'salt': 'LKbpVInz', 'md5': '5949be6789024f6fce0b50c1ee64bc1a', 'sha1': '4b2d4119dfc28e9efb0480cf7e5223b34379764a', 'sha256': 'abc92a40134a9fe45ea24ef6a4c92189af885409fbd681bfb2015443eaa3f982'}, 'dob': {'date': '1976-10-23T22:06:23.340Z', 'age': 47}, 'registered': {'date': '2019-07-25T12:48:08.058Z', 'age': 4}, 'phone': '(038)-581-7386', 'cell': '(084)-140-8153', 'id': {'name': '', 'value': None}, 'picture': {'large': 'https://randomuser.me/api/portraits/women/5.jpg', 'medium': 'https://randomuser.me/api/portraits/med/women/5.jpg', 'thumbnail': 'https://randomuser.me/api/portraits/thumb/women/5.jpg'}, 'nat': 'TR'}</msg>
<arg>${json_data['results'][0]}</arg>
<doc>Logs the given message with the given level.</doc>
<status status="PASS" start="2024-07-17T01:08:18.492832" elapsed="0.000467"/>
</kw>
<kw name="Log" owner="BuiltIn">
<msg time="2024-07-17T01:08:18.493729" level="INFO">login</msg>
<arg>${key}</arg>
<doc>Logs the given message with the given level.</doc>
<status status="PASS" start="2024-07-17T01:08:18.493601" elapsed="0.000166"/>
</kw>
<var name="${key}">login</var>
<status status="PASS" start="2024-07-17T01:08:18.492063" elapsed="0.001924"/>
</iter>
<var>${key}</var>
<value>@{expected_keys}</value>
<status status="PASS" start="2024-07-17T01:08:18.483904" elapsed="0.010204"/>
</for>
<kw name="Create List" owner="BuiltIn">
<msg time="2024-07-17T01:08:18.494434" level="INFO">${expected_keysTwo} = ['username', 'password']</msg>
<var>${expected_keysTwo}</var>
<arg>username</arg>
<arg>password</arg>
<doc>Returns a list containing given items.</doc>
<status status="PASS" start="2024-07-17T01:08:18.494300" elapsed="0.000158"/>
</kw>
<for flavor="IN">
<iter>
<kw name="Dictionary Should Contain Key" owner="Collections">
<arg>${json_data['results'][0]['login']}</arg>
<arg>${keyTwo}</arg>
<doc>Fails if ``key`` is not found from ``dictionary``.</doc>
<status status="PASS" start="2024-07-17T01:08:18.494980" elapsed="0.000389"/>
</kw>
<kw name="Dictionary Should Contain Key" owner="Collections">
<arg>${json_data['results'][0]['login']}</arg>
<arg>${keyTwo}</arg>
<doc>Fails if ``key`` is not found from ``dictionary``.</doc>
<status status="PASS" start="2024-07-17T01:08:18.495553" elapsed="0.000371"/>
</kw>
<kw name="Log" owner="BuiltIn">
<msg time="2024-07-17T01:08:18.496251" level="INFO">username</msg>
<arg>${keyTwo}</arg>
<doc>Logs the given message with the given level.</doc>
<status status="PASS" start="2024-07-17T01:08:18.496107" elapsed="0.000192"/>
</kw>
<var name="${keyTwo}">username</var>
<status status="PASS" start="2024-07-17T01:08:18.494872" elapsed="0.001652"/>
</iter>
<iter>
<kw name="Dictionary Should Contain Key" owner="Collections">
<arg>${json_data['results'][0]['login']}</arg>
<arg>${keyTwo}</arg>
<doc>Fails if ``key`` is not found from ``dictionary``.</doc>
<status status="PASS" start="2024-07-17T01:08:18.496802" elapsed="0.000390"/>
</kw>
<kw name="Dictionary Should Contain Key" owner="Collections">
<arg>${json_data['results'][0]['login']}</arg>
<arg>${keyTwo}</arg>
<doc>Fails if ``key`` is not found from ``dictionary``.</doc>
<status status="PASS" start="2024-07-17T01:08:18.497373" elapsed="0.000368"/>
</kw>
<kw name="Log" owner="BuiltIn">
<msg time="2024-07-17T01:08:18.498038" level="INFO">password</msg>
<arg>${keyTwo}</arg>
<doc>Logs the given message with the given level.</doc>
<status status="PASS" start="2024-07-17T01:08:18.497919" elapsed="0.000162"/>
</kw>
<var name="${keyTwo}">password</var>
<status status="PASS" start="2024-07-17T01:08:18.496695" elapsed="0.001607"/>
</iter>
<var>${keyTwo}</var>
<value>@{expected_keysTwo}</value>
<status status="PASS" start="2024-07-17T01:08:18.494719" elapsed="0.003704"/>
</for>
<status status="PASS" start="2024-07-17T01:08:18.384227" elapsed="0.114335"/>
</kw>
<doc>Testa a estrutura da resposta da API.</doc>
<tag>testeEstruturaResposta</tag>
<status status="PASS" start="2024-07-17T01:08:18.383587" elapsed="0.115123"/>
</test>
<test id="s1-s1-t4" name="Validar tipos de dados" line="28">
<kw name="Teste de Tipos de Dados" owner="random-user-service">
<kw name="GET On Session" owner="RequestsLibrary">
<msg time="2024-07-17T01:08:18.601312" level="INFO">GET Request : url=https://randomuser.me/api 
 path_url=/api 
 headers={'User-Agent': 'python-requests/2.32.3', 'Accept-Encoding': 'gzip, deflate', 'Accept': '*/*', 'Connection': 'keep-alive'} 
 body=None 
 </msg>
<msg time="2024-07-17T01:08:18.601390" level="INFO">GET Response : url=https://randomuser.me/api 
 status=200, reason=OK 
 headers={'Date': 'Wed, 17 Jul 2024 01:08:18 GMT', 'Content-Type': 'application/json; charset=utf-8', 'Transfer-Encoding': 'chunked', 'Connection': 'keep-alive', 'X-Powered-By': 'Express', 'Access-Control-Allow-Origin': '*', 'Cache-Control': 'no-cache', 'ETag': 'W/"46e-kTVSLoAJ6qQOu5wfMG6ia1cK308"', 'Vary': 'Accept-Encoding', 'Content-Encoding': 'gzip', 'CF-Cache-Status': 'DYNAMIC', 'Report-To': '{"endpoints":[{"url":"https:\\/\\/a.nel.cloudflare.com\\/report\\/v4?s=KokOkbzDNuiJu1ruWqDfwYf%2BPIU2FaFMMFqDExg7iB4xAFbf2ZzY6v2hdhY%2Frk9qFhC94OO53eF%2F2%2FnzknHArZiN8PwimuHEoy%2BBV0y2kk8S1f0BR46SHB9aWG0dOJgR"}],"group":"cf-nel","max_age":604800}', 'NEL': '{"success_fraction":0,"report_to":"cf-nel","max_age":604800}', 'Server': 'cloudflare', 'CF-RAY': '8a46570fa8b70ffd-LAX', 'alt-svc': 'h3=":443"; ma=86400'} 
 body={"results":[{"gender":"female","name":{"title":"Miss","first":"Tilje","last":"Sundal"},"location":{"street":{"number":551,"name":"Neuberggata"},"city":"Mo I Rana","state":"Buskerud","country":"Norway","postcode":"8021","coordinates":{"latitude":"46.3902","longitude":"63.3196"},"timezone":{"offset":"-9:00","description":"Alaska"}},"email":"tilje.sundal@example.com","login":{"uuid":"ed310982-0cbb-4c9a-abaa-cba5cf148f40","username":"purplerabbit773","password":"oicu812","salt":"VSRYJPzQ","md5":"a6e90b5b573493bd4364c9d85c7c5498","sha1":"5291dfa8ee5f6aac937be5f0c83a5b122f946e5e","sha256":"adfcb4d13ec035e6bc8dd36d50a4b9aaa2cff57b0215d13284f2af676c8504a6"},"dob":{"date":"1982-08-13T13:34:23.147Z","age":41},"registered":{"date":"2008-12-13T16:31:12.641Z","age":15},"phone":"80259200","cell":"45679818","id":{"name":"FN","value":"13088220859"},"picture":{"large":"https://randomuser.me/api/portraits/women/78.jpg","medium":"https://randomuser.me/api/portraits/med/women/78.jpg","thumbnail":"https://randomuser.me/api/portraits/thumb/women/78.jpg"},"nat":"NO"}],"info":{"seed":"e7a4fe6a99d7ebf1","results":1,"page":1,"version":"1.4"}} 
 </msg>
<msg time="2024-07-17T01:08:18.601457" level="INFO">/opt/hostedtoolcache/Python/3.12.4/x64/lib/python3.12/site-packages/urllib3/connectionpool.py:1099: InsecureRequestWarning: Unverified HTTPS request is being made to host 'randomuser.me'. Adding certificate verification is strongly advised. See: https://urllib3.readthedocs.io/en/latest/advanced-usage.html#tls-warnings
  warnings.warn(</msg>
<msg time="2024-07-17T01:08:18.601567" level="INFO">${response} = &lt;Response [200]&gt;</msg>
<var>${response}</var>
<arg>consultarAPI</arg>
<arg>/api</arg>
<doc>Sends a GET request on a previously created HTTP Session.</doc>
<status status="PASS" start="2024-07-17T01:08:18.501302" elapsed="0.100317"/>
</kw>
<kw name="Set Variable" owner="BuiltIn">
<msg time="2024-07-17T01:08:18.602638" level="INFO">${json_data} = {'results': [{'gender': 'female', 'name': {'title': 'Miss', 'first': 'Tilje', 'last': 'Sundal'}, 'location': {'street': {'number': 551, 'name': 'Neuberggata'}, 'city': 'Mo I Rana', 'state': 'Buskerud'...</msg>
<var>${json_data}</var>
<arg>${response.json()}</arg>
<doc>Returns the given values which can then be assigned to a variables.</doc>
<status status="PASS" start="2024-07-17T01:08:18.602093" elapsed="0.000573"/>
</kw>
<kw name="Log" owner="BuiltIn">
<msg time="2024-07-17T01:08:18.603134" level="INFO">{'results': [{'gender': 'female', 'name': {'title': 'Miss', 'first': 'Tilje', 'last': 'Sundal'}, 'location': {'street': {'number': 551, 'name': 'Neuberggata'}, 'city': 'Mo I Rana', 'state': 'Buskerud', 'country': 'Norway', 'postcode': '8021', 'coordinates': {'latitude': '46.3902', 'longitude': '63.3196'}, 'timezone': {'offset': '-9:00', 'description': 'Alaska'}}, 'email': 'tilje.sundal@example.com', 'login': {'uuid': 'ed310982-0cbb-4c9a-abaa-cba5cf148f40', 'username': 'purplerabbit773', 'password': 'oicu812', 'salt': 'VSRYJPzQ', 'md5': 'a6e90b5b573493bd4364c9d85c7c5498', 'sha1': '5291dfa8ee5f6aac937be5f0c83a5b122f946e5e', 'sha256': 'adfcb4d13ec035e6bc8dd36d50a4b9aaa2cff57b0215d13284f2af676c8504a6'}, 'dob': {'date': '1982-08-13T13:34:23.147Z', 'age': 41}, 'registered': {'date': '2008-12-13T16:31:12.641Z', 'age': 15}, 'phone': '80259200', 'cell': '45679818', 'id': {'name': 'FN', 'value': '13088220859'}, 'picture': {'large': 'https://randomuser.me/api/portraits/women/78.jpg', 'medium': 'https://randomuser.me/api/portraits/med/women/78.jpg', 'thumbnail': 'https://randomuser.me/api/portraits/thumb/women/78.jpg'}, 'nat': 'NO'}], 'info': {'seed': 'e7a4fe6a99d7ebf1', 'results': 1, 'page': 1, 'version': '1.4'}}</msg>
<arg>${json_data}</arg>
<doc>Logs the given message with the given level.</doc>
<status status="PASS" start="2024-07-17T01:08:18.602977" elapsed="0.000205"/>
</kw>
<kw name="Should Be String" owner="String">
<arg>${json_data['results'][0]['gender']}</arg>
<doc>Fails if the given ``item`` is not a string.</doc>
<status status="PASS" start="2024-07-17T01:08:18.603474" elapsed="0.000375"/>
</kw>
<kw name="Should Match Regexp" owner="BuiltIn">
<arg>${json_data['results'][0]['email']}</arg>
<arg>^[a-zA-Z0-9._%+-]+@[a-zA-Z0-9.-]+\.[a-zA-Z]{2,}$</arg>
<doc>Fails if ``string`` does not match ``pattern`` as a regular expression.</doc>
<status status="PASS" start="2024-07-17T01:08:18.604040" elapsed="0.000558"/>
</kw>
<kw name="Should Match Regexp" owner="BuiltIn">
<arg>${json_data['results'][0]['dob']['date']}</arg>
<arg>\\d{4}-\\d{2}-\\d{2}T\\d{2}:\\d{2}:\\d{2}\\.\\d{3}Z</arg>
<doc>Fails if ``string`` does not match ``pattern`` as a regular expression.</doc>
<status status="PASS" start="2024-07-17T01:08:18.604830" elapsed="0.000500"/>
</kw>
<kw name="Should Match Regexp" owner="BuiltIn">
<arg>${json_data['results'][0]['registered']['date']}</arg>
<arg>\\d{4}-\\d{2}-\\d{2}T\\d{2}:\\d{2}:\\d{2}\\.\\d{3}Z</arg>
<doc>Fails if ``string`` does not match ``pattern`` as a regular expression.</doc>
<status status="PASS" start="2024-07-17T01:08:18.605524" elapsed="0.000369"/>
</kw>
<kw name="Should Match Regexp" owner="BuiltIn">
<arg>${json_data['results'][0]['picture']['large']}</arg>
<arg>^https?://.*\.(?:png|jpe?g|gif|bmp)$</arg>
<doc>Fails if ``string`` does not match ``pattern`` as a regular expression.</doc>
<status status="PASS" start="2024-07-17T01:08:18.606078" elapsed="0.000458"/>
</kw>
<kw name="Should Match Regexp" owner="BuiltIn">
<arg>${json_data['results'][0]['picture']['medium']}</arg>
<arg>^https?://.*\.(?:png|jpe?g|gif|bmp)$</arg>
<doc>Fails if ``string`` does not match ``pattern`` as a regular expression.</doc>
<status status="PASS" start="2024-07-17T01:08:18.606720" elapsed="0.000360"/>
</kw>
<kw name="Should Match Regexp" owner="BuiltIn">
<arg>${json_data['results'][0]['picture']['thumbnail']}</arg>
<arg>^https?://.*\.(?:png|jpe?g|gif|bmp)$</arg>
<doc>Fails if ``string`` does not match ``pattern`` as a regular expression.</doc>
<status status="PASS" start="2024-07-17T01:08:18.607262" elapsed="0.000354"/>
</kw>
<kw name="Log" owner="BuiltIn">
<msg time="2024-07-17T01:08:18.608127" level="INFO">{'large': 'https://randomuser.me/api/portraits/women/78.jpg', 'medium': 'https://randomuser.me/api/portraits/med/women/78.jpg', 'thumbnail': 'https://randomuser.me/api/portraits/thumb/women/78.jpg'}</msg>
<arg>${json_data['results'][0]['picture']}</arg>
<doc>Logs the given message with the given level.</doc>
<status status="PASS" start="2024-07-17T01:08:18.607799" elapsed="0.000397"/>
</kw>
<status status="PASS" start="2024-07-17T01:08:18.501079" elapsed="0.107379"/>
</kw>
<kw name="Teste de Tipos de Dados - Postcode" owner="random-user-service">
<kw name="GET On Session" owner="RequestsLibrary">
<msg time="2024-07-17T01:08:18.709225" level="INFO">GET Request : url=https://randomuser.me/api 
 path_url=/api 
 headers={'User-Agent': 'python-requests/2.32.3', 'Accept-Encoding': 'gzip, deflate', 'Accept': '*/*', 'Connection': 'keep-alive'} 
 body=None 
 </msg>
<msg time="2024-07-17T01:08:18.709311" level="INFO">GET Response : url=https://randomuser.me/api 
 status=200, reason=OK 
 headers={'Date': 'Wed, 17 Jul 2024 01:08:18 GMT', 'Content-Type': 'application/json; charset=utf-8', 'Transfer-Encoding': 'chunked', 'Connection': 'keep-alive', 'X-Powered-By': 'Express', 'Access-Control-Allow-Origin': '*', 'Cache-Control': 'no-cache', 'ETag': 'W/"488-0rtL0w4f+kTUkZQ31uKSneBtFB0"', 'Vary': 'Accept-Encoding', 'Content-Encoding': 'gzip', 'CF-Cache-Status': 'DYNAMIC', 'Report-To': '{"endpoints":[{"url":"https:\\/\\/a.nel.cloudflare.com\\/report\\/v4?s=rJoDYoXp54oHvG5J42NrCwSgNmIMNPkV9n0uQhirBrdm5agkB4195UsPIM62O%2BQg7sIJmccYBPtXqkWXrByzgZg%2BwThKJL1zhqONDf9Ml2%2FB6VJC4yqWBOm1ZasMXVed"}],"group":"cf-nel","max_age":604800}', 'NEL': '{"success_fraction":0,"report_to":"cf-nel","max_age":604800}', 'Server': 'cloudflare', 'CF-RAY': '8a46571059630ffd-LAX', 'alt-svc': 'h3=":443"; ma=86400'} 
 body={"results":[{"gender":"male","name":{"title":"Mr","first":"Joel","last":"Keto"},"location":{"street":{"number":6464,"name":"Hatanpään Valtatie"},"city":"Outokumpu","state":"Northern Ostrobothnia","country":"Finland","postcode":29537,"coordinates":{"latitude":"-21.5535","longitude":"-32.5535"},"timezone":{"offset":"+5:45","description":"Kathmandu"}},"email":"joel.keto@example.com","login":{"uuid":"54ba2963-3b9a-4eee-92fb-ce1c433eac28","username":"whitepeacock826","password":"boiler","salt":"mUKQ466M","md5":"768b5d1d840805cd4a4e01c1ce4f26e1","sha1":"c34cce1c9eadfe14405f28cd5248d8eb9576a306","sha256":"554c25cea7e20516e493598d1dc3fdee79ea040ec8df63991def4722a56c80e0"},"dob":{"date":"1996-03-07T16:28:18.147Z","age":28},"registered":{"date":"2004-08-16T20:27:35.340Z","age":19},"phone":"04-229-671","cell":"045-696-04-65","id":{"name":"HETU","value":"NaNNA845undefined"},"picture":{"large":"https://randomuser.me/api/portraits/men/79.jpg","medium":"https://randomuser.me/api/portraits/med/men/79.jpg","thumbnail":"https://randomuser.me/api/portraits/thumb/men/79.jpg"},"nat":"FI"}],"info":{"seed":"c0938aef3c6ea02d","results":1,"page":1,"version":"1.4"}} 
 </msg>
<msg time="2024-07-17T01:08:18.709384" level="INFO">/opt/hostedtoolcache/Python/3.12.4/x64/lib/python3.12/site-packages/urllib3/connectionpool.py:1099: InsecureRequestWarning: Unverified HTTPS request is being made to host 'randomuser.me'. Adding certificate verification is strongly advised. See: https://urllib3.readthedocs.io/en/latest/advanced-usage.html#tls-warnings
  warnings.warn(</msg>
<msg time="2024-07-17T01:08:18.709498" level="INFO">${response} = &lt;Response [200]&gt;</msg>
<var>${response}</var>
<arg>consultarAPI</arg>
<arg>/api</arg>
<doc>Sends a GET request on a previously created HTTP Session.</doc>
<status status="PASS" start="2024-07-17T01:08:18.608886" elapsed="0.100666"/>
</kw>
<kw name="Set Variable" owner="BuiltIn">
<msg time="2024-07-17T01:08:18.710663" level="INFO">${json_data} = {'results': [{'gender': 'male', 'name': {'title': 'Mr', 'first': 'Joel', 'last': 'Keto'}, 'location': {'street': {'number': 6464, 'name': 'Hatanpään Valtatie'}, 'city': 'Outokumpu', 'state': 'Northern...</msg>
<var>${json_data}</var>
<arg>${response.json()}</arg>
<doc>Returns the given values which can then be assigned to a variables.</doc>
<status status="PASS" start="2024-07-17T01:08:18.710103" elapsed="0.000589"/>
</kw>
<kw name="Log" owner="BuiltIn">
<msg time="2024-07-17T01:08:18.711152" level="INFO">{'results': [{'gender': 'male', 'name': {'title': 'Mr', 'first': 'Joel', 'last': 'Keto'}, 'location': {'street': {'number': 6464, 'name': 'Hatanpään Valtatie'}, 'city': 'Outokumpu', 'state': 'Northern Ostrobothnia', 'country': 'Finland', 'postcode': 29537, 'coordinates': {'latitude': '-21.5535', 'longitude': '-32.5535'}, 'timezone': {'offset': '+5:45', 'description': 'Kathmandu'}}, 'email': 'joel.keto@example.com', 'login': {'uuid': '54ba2963-3b9a-4eee-92fb-ce1c433eac28', 'username': 'whitepeacock826', 'password': 'boiler', 'salt': 'mUKQ466M', 'md5': '768b5d1d840805cd4a4e01c1ce4f26e1', 'sha1': 'c34cce1c9eadfe14405f28cd5248d8eb9576a306', 'sha256': '554c25cea7e20516e493598d1dc3fdee79ea040ec8df63991def4722a56c80e0'}, 'dob': {'date': '1996-03-07T16:28:18.147Z', 'age': 28}, 'registered': {'date': '2004-08-16T20:27:35.340Z', 'age': 19}, 'phone': '04-229-671', 'cell': '045-696-04-65', 'id': {'name': 'HETU', 'value': 'NaNNA845undefined'}, 'picture': {'large': 'https://randomuser.me/api/portraits/men/79.jpg', 'medium': 'https://randomuser.me/api/portraits/med/men/79.jpg', 'thumbnail': 'https://randomuser.me/api/portraits/thumb/men/79.jpg'}, 'nat': 'FI'}], 'info': {'seed': 'c0938aef3c6ea02d', 'results': 1, 'page': 1, 'version': '1.4'}}</msg>
<arg>${json_data}</arg>
<doc>Logs the given message with the given level.</doc>
<status status="PASS" start="2024-07-17T01:08:18.710995" elapsed="0.000205"/>
</kw>
<kw name="Should Be Equal As Numbers" owner="BuiltIn">
<arg>${json_data['results'][0]['location']['postcode']}</arg>
<arg>${json_data['results'][0]['location']['postcode']}</arg>
<doc>Fails if objects are unequal after converting them to real numbers.</doc>
<status status="PASS" start="2024-07-17T01:08:18.711488" elapsed="0.000612"/>
</kw>
<kw name="Log" owner="BuiltIn">
<msg time="2024-07-17T01:08:18.712710" level="INFO">29537</msg>
<arg>${json_data['results'][0]['location']['postcode']}</arg>
<doc>Logs the given message with the given level.</doc>
<status status="PASS" start="2024-07-17T01:08:18.712362" elapsed="0.000389"/>
</kw>
<status status="PASS" start="2024-07-17T01:08:18.608669" elapsed="0.104332"/>
</kw>
<doc>Testa se os tipos de dados na resposta da API estão corretos.</doc>
<tag>testeTiposDados</tag>
<status status="PASS" start="2024-07-17T01:08:18.500460" elapsed="0.212728"/>
</test>
<test id="s1-s1-t5" name="Validar conteudo" line="35">
<kw name="Teste de Tipos de Conteudo" owner="random-user-service">
<kw name="GET On Session" owner="RequestsLibrary">
<msg time="2024-07-17T01:08:18.815051" level="INFO">GET Request : url=https://randomuser.me/api 
 path_url=/api 
 headers={'User-Agent': 'python-requests/2.32.3', 'Accept-Encoding': 'gzip, deflate', 'Accept': '*/*', 'Connection': 'keep-alive'} 
 body=None 
 </msg>
<msg time="2024-07-17T01:08:18.815128" level="INFO">GET Response : url=https://randomuser.me/api 
 status=200, reason=OK 
 headers={'Date': 'Wed, 17 Jul 2024 01:08:18 GMT', 'Content-Type': 'application/json; charset=utf-8', 'Transfer-Encoding': 'chunked', 'Connection': 'keep-alive', 'X-Powered-By': 'Express', 'Access-Control-Allow-Origin': '*', 'Cache-Control': 'no-cache', 'ETag': 'W/"488-PnJiODPNhmwkUEbtOS2fhKLK6uw"', 'Vary': 'Accept-Encoding', 'Content-Encoding': 'gzip', 'CF-Cache-Status': 'DYNAMIC', 'Report-To': '{"endpoints":[{"url":"https:\\/\\/a.nel.cloudflare.com\\/report\\/v4?s=twKzwRwTOHe%2B39OFhblrN4jROzNqIuefaW03RVAij5eBX6aFeQ2OpcTL8dnpaNbkEqr7cUzdQJ1mpl6S05QQVsJuo65unTUSE%2BFWqne%2Fv%2BbqYBv74o1xiDqGHVDc2ArY"}],"group":"cf-nel","max_age":604800}', 'NEL': '{"success_fraction":0,"report_to":"cf-nel","max_age":604800}', 'Server': 'cloudflare', 'CF-RAY': '8a4657110a620ffd-LAX', 'alt-svc': 'h3=":443"; ma=86400'} 
 body={"results":[{"gender":"female","name":{"title":"Mrs","first":"Amparo","last":"Rojas"},"location":{"street":{"number":4478,"name":"Calle de Arturo Soria"},"city":"La Coruña","state":"Aragón","country":"Spain","postcode":74583,"coordinates":{"latitude":"-36.3082","longitude":"171.7048"},"timezone":{"offset":"+9:30","description":"Adelaide, Darwin"}},"email":"amparo.rojas@example.com","login":{"uuid":"0c6e7661-b906-4594-841c-4b89209090c3","username":"smallelephant763","password":"bayern","salt":"JczwLpGs","md5":"b0d430f401cbad77909f64433a43cf9d","sha1":"f8e9615345a5377088f3965736b3b861cf17d2ac","sha256":"b7e8f3fb116fa65b262564c0edb6bec8e40900f72946c2ca10483744fef84340"},"dob":{"date":"1976-06-06T20:37:59.202Z","age":48},"registered":{"date":"2014-06-06T22:12:24.266Z","age":10},"phone":"905-050-725","cell":"670-633-710","id":{"name":"DNI","value":"76222696-N"},"picture":{"large":"https://randomuser.me/api/portraits/women/18.jpg","medium":"https://randomuser.me/api/portraits/med/women/18.jpg","thumbnail":"https://randomuser.me/api/portraits/thumb/women/18.jpg"},"nat":"ES"}],"info":{"seed":"bda7d7d29ca52142","results":1,"page":1,"version":"1.4"}} 
 </msg>
<msg time="2024-07-17T01:08:18.815238" level="INFO">/opt/hostedtoolcache/Python/3.12.4/x64/lib/python3.12/site-packages/urllib3/connectionpool.py:1099: InsecureRequestWarning: Unverified HTTPS request is being made to host 'randomuser.me'. Adding certificate verification is strongly advised. See: https://urllib3.readthedocs.io/en/latest/advanced-usage.html#tls-warnings
  warnings.warn(</msg>
<msg time="2024-07-17T01:08:18.815381" level="INFO">${response} = &lt;Response [200]&gt;</msg>
<var>${response}</var>
<arg>consultarAPI</arg>
<arg>/api</arg>
<doc>Sends a GET request on a previously created HTTP Session.</doc>
<status status="PASS" start="2024-07-17T01:08:18.715735" elapsed="0.099682"/>
</kw>
<kw name="Set Variable" owner="BuiltIn">
<msg time="2024-07-17T01:08:18.816271" level="INFO">${json_data} = {'results': [{'gender': 'female', 'name': {'title': 'Mrs', 'first': 'Amparo', 'last': 'Rojas'}, 'location': {'street': {'number': 4478, 'name': 'Calle de Arturo Soria'}, 'city': 'La Coruña', 'state': ...</msg>
<var>${json_data}</var>
<arg>${response.json()}</arg>
<doc>Returns the given values which can then be assigned to a variables.</doc>
<status status="PASS" start="2024-07-17T01:08:18.815800" elapsed="0.000500"/>
</kw>
<kw name="Set Variable" owner="BuiltIn">
<msg time="2024-07-17T01:08:18.816977" level="INFO">${name_title} = Mrs</msg>
<var>${name_title}</var>
<arg>${json_data["results"][0]["name"]["title"]}</arg>
<doc>Returns the given values which can then be assigned to a variables.</doc>
<status status="PASS" start="2024-07-17T01:08:18.816604" elapsed="0.000399"/>
</kw>
<kw name="Create List" owner="BuiltIn">
<msg time="2024-07-17T01:08:18.817443" level="INFO">${allowed_titles} = ['Mr', 'Ms', 'Miss', 'Mrs', 'Madame', 'Monsieur']</msg>
<var>${allowed_titles}</var>
<arg>Mr</arg>
<arg>Ms</arg>
<arg>Miss</arg>
<arg>Mrs</arg>
<arg>Madame</arg>
<arg>Monsieur</arg>
<doc>Returns a list containing given items.</doc>
<status status="PASS" start="2024-07-17T01:08:18.817296" elapsed="0.000171"/>
</kw>
<kw name="List Should Contain Value" owner="Collections">
<arg>${allowed_titles}</arg>
<arg>${name_title}</arg>
<doc>Fails if the ``value`` is not found from ``list``.</doc>
<status status="PASS" start="2024-07-17T01:08:18.817763" elapsed="0.000172"/>
</kw>
<kw name="Set Variable" owner="BuiltIn">
<msg time="2024-07-17T01:08:18.818473" level="INFO">${name_country} = ES</msg>
<var>${name_country}</var>
<arg>${json_data["results"][0]["nat"]}</arg>
<doc>Returns the given values which can then be assigned to a variables.</doc>
<status status="PASS" start="2024-07-17T01:08:18.818113" elapsed="0.000385"/>
</kw>
<kw name="Create List" owner="BuiltIn">
<msg time="2024-07-17T01:08:18.819379" level="INFO">${list_country} = ['AD', 'AE', 'AF', 'AG', 'AI', 'AL', 'AM', 'AO', 'AQ', 'AR', 'AS', 'AT', 'AU', 'AW', 'AX', 'AZ', 'BA', 'BB', 'BD', 'BE', 'BF', 'BG', 'BH', 'BI', 'BJ', 'BL', 'BM', 'BN', 'BO', 'BQ', 'BR', 'BS', 'BT', '...</msg>
<var>${list_country}</var>
<arg>AD</arg>
<arg>AE</arg>
<arg>AF</arg>
<arg>AG</arg>
<arg>AI</arg>
<arg>AL</arg>
<arg>AM</arg>
<arg>AO</arg>
<arg>AQ</arg>
<arg>AR</arg>
<arg>AS</arg>
<arg>AT</arg>
<arg>AU</arg>
<arg>AW</arg>
<arg>AX</arg>
<arg>AZ</arg>
<arg>BA</arg>
<arg>BB</arg>
<arg>BD</arg>
<arg>BE</arg>
<arg>BF</arg>
<arg>BG</arg>
<arg>BH</arg>
<arg>BI</arg>
<arg>BJ</arg>
<arg>BL</arg>
<arg>BM</arg>
<arg>BN</arg>
<arg>BO</arg>
<arg>BQ</arg>
<arg>BR</arg>
<arg>BS</arg>
<arg>BT</arg>
<arg>BV</arg>
<arg>BW</arg>
<arg>BY</arg>
<arg>BZ</arg>
<arg>CA</arg>
<arg>CC</arg>
<arg>CD</arg>
<arg>CF</arg>
<arg>CG</arg>
<arg>CH</arg>
<arg>CI</arg>
<arg>CK</arg>
<arg>CL</arg>
<arg>CM</arg>
<arg>CN</arg>
<arg>CO</arg>
<arg>CR</arg>
<arg>CU</arg>
<arg>CV</arg>
<arg>CW</arg>
<arg>CX</arg>
<arg>CY</arg>
<arg>CZ</arg>
<arg>DE</arg>
<arg>DJ</arg>
<arg>DK</arg>
<arg>DM</arg>
<arg>DO</arg>
<arg>DZ</arg>
<arg>EC</arg>
<arg>EE</arg>
<arg>EG</arg>
<arg>EH</arg>
<arg>ER</arg>
<arg>ES</arg>
<arg>ET</arg>
<arg>FI</arg>
<arg>FJ</arg>
<arg>FK</arg>
<arg>FM</arg>
<arg>FO</arg>
<arg>FR</arg>
<arg>GA</arg>
<arg>GB</arg>
<arg>GD</arg>
<arg>GE</arg>
<arg>GF</arg>
<arg>GG</arg>
<arg>GH</arg>
<arg>GI</arg>
<arg>GL</arg>
<arg>GM</arg>
<arg>GN</arg>
<arg>GP</arg>
<arg>GQ</arg>
<arg>GR</arg>
<arg>GS</arg>
<arg>GT</arg>
<arg>GU</arg>
<arg>GW</arg>
<arg>GY</arg>
<arg>HK</arg>
<arg>HM</arg>
<arg>HN</arg>
<arg>HR</arg>
<arg>HT</arg>
<arg>HU</arg>
<arg>ID</arg>
<arg>IE</arg>
<arg>IL</arg>
<arg>IM</arg>
<arg>IN</arg>
<arg>IO</arg>
<arg>IQ</arg>
<arg>IR</arg>
<arg>IS</arg>
<arg>IT</arg>
<arg>JE</arg>
<arg>JM</arg>
<arg>JO</arg>
<arg>JP</arg>
<arg>KE</arg>
<arg>KG</arg>
<arg>KH</arg>
<arg>KI</arg>
<arg>KM</arg>
<arg>KN</arg>
<arg>KP</arg>
<arg>KR</arg>
<arg>KW</arg>
<arg>KY</arg>
<arg>KZ</arg>
<arg>LA</arg>
<arg>LB</arg>
<arg>LC</arg>
<arg>LI</arg>
<arg>LK</arg>
<arg>LR</arg>
<arg>LS</arg>
<arg>LT</arg>
<arg>LU</arg>
<arg>LV</arg>
<arg>LY</arg>
<arg>MA</arg>
<arg>MC</arg>
<arg>MD</arg>
<arg>ME</arg>
<arg>MF</arg>
<arg>MG</arg>
<arg>MH</arg>
<arg>MK</arg>
<arg>ML</arg>
<arg>MM</arg>
<arg>MN</arg>
<arg>MO</arg>
<arg>MP</arg>
<arg>MQ</arg>
<arg>MR</arg>
<arg>MS</arg>
<arg>MT</arg>
<arg>MU</arg>
<arg>MV</arg>
<arg>MW</arg>
<arg>MX</arg>
<arg>MY</arg>
<arg>MZ</arg>
<arg>NA</arg>
<arg>NC</arg>
<arg>NE</arg>
<arg>NF</arg>
<arg>NG</arg>
<arg>NI</arg>
<arg>NL</arg>
<arg>NO</arg>
<arg>NP</arg>
<arg>NR</arg>
<arg>NU</arg>
<arg>NZ</arg>
<arg>OM</arg>
<arg>PA</arg>
<arg>PE</arg>
<arg>PF</arg>
<arg>PG</arg>
<arg>PH</arg>
<arg>PK</arg>
<arg>PL</arg>
<arg>PM</arg>
<arg>PN</arg>
<arg>PR</arg>
<arg>PS</arg>
<arg>PT</arg>
<arg>PW</arg>
<arg>PY</arg>
<arg>QA</arg>
<arg>RE</arg>
<arg>RO</arg>
<arg>RS</arg>
<arg>RU</arg>
<arg>RW</arg>
<arg>SA</arg>
<arg>SB</arg>
<arg>SC</arg>
<arg>SD</arg>
<arg>SE</arg>
<arg>SG</arg>
<arg>SH</arg>
<arg>SI</arg>
<arg>SJ</arg>
<arg>SK</arg>
<arg>SL</arg>
<arg>SM</arg>
<arg>SN</arg>
<arg>SO</arg>
<arg>SR</arg>
<arg>SS</arg>
<arg>ST</arg>
<arg>SV</arg>
<arg>SX</arg>
<arg>SY</arg>
<arg>SZ</arg>
<arg>TC</arg>
<arg>TD</arg>
<arg>TF</arg>
<arg>TG</arg>
<arg>TH</arg>
<arg>TJ</arg>
<arg>TK</arg>
<arg>TL</arg>
<arg>TM</arg>
<arg>TN</arg>
<arg>TO</arg>
<arg>TR</arg>
<arg>TT</arg>
<arg>TV</arg>
<arg>TW</arg>
<arg>TZ</arg>
<arg>UA</arg>
<arg>UG</arg>
<arg>UM</arg>
<arg>US</arg>
<arg>UY</arg>
<arg>UZ</arg>
<arg>VA</arg>
<arg>VC</arg>
<arg>VE</arg>
<arg>VG</arg>
<arg>VI</arg>
<arg>VN</arg>
<arg>VU</arg>
<arg>WF</arg>
<arg>WS</arg>
<arg>XK</arg>
<arg>YE</arg>
<arg>YT</arg>
<arg>ZA</arg>
<arg>ZM</arg>
<arg>ZW</arg>
<doc>Returns a list containing given items.</doc>
<status status="PASS" start="2024-07-17T01:08:18.818789" elapsed="0.000615"/>
</kw>
<kw name="List Should Contain Value" owner="Collections">
<arg>${list_country}</arg>
<arg>${name_country}</arg>
<doc>Fails if the ``value`` is not found from ``list``.</doc>
<status status="PASS" start="2024-07-17T01:08:18.820206" elapsed="0.000203"/>
</kw>
<kw name="Run Keyword If" owner="BuiltIn">
<kw name="Should Be True" owner="BuiltIn">
<arg>${True}</arg>
<doc>Fails if the given condition is not true.</doc>
<status status="PASS" start="2024-07-17T01:08:18.821322" elapsed="0.000140"/>
</kw>
<arg>${json_data["results"][0]["location"]["coordinates"]["latitude"]} &gt;= -90 and ${json_data["results"][0]["location"]["coordinates"]["latitude"]} &lt;= 90</arg>
<arg>Should Be True</arg>
<arg>${True}</arg>
<doc>Runs the given keyword with the given arguments, if ``condition`` is true.</doc>
<status status="PASS" start="2024-07-17T01:08:18.820600" elapsed="0.000984"/>
</kw>
<kw name="Run Keyword If" owner="BuiltIn">
<kw name="Should Be True" owner="BuiltIn">
<arg>${True}</arg>
<doc>Fails if the given condition is not true.</doc>
<status status="PASS" start="2024-07-17T01:08:18.822451" elapsed="0.000135"/>
</kw>
<arg>${json_data["results"][0]["location"]["coordinates"]["longitude"]} &gt;= -180 and ${json_data["results"][0]["location"]["coordinates"]["longitude"]} &lt;= 180</arg>
<arg>Should Be True</arg>
<arg>${True}</arg>
<doc>Runs the given keyword with the given arguments, if ``condition`` is true.</doc>
<status status="PASS" start="2024-07-17T01:08:18.821765" elapsed="0.000943"/>
</kw>
<status status="PASS" start="2024-07-17T01:08:18.715395" elapsed="0.107440"/>
</kw>
<doc>Testa o conteúdo específico dos campos retornados pela API.</doc>
<tag>testeConteudo</tag>
<status status="PASS" start="2024-07-17T01:08:18.714875" elapsed="0.108099"/>
</test>
<status status="PASS" start="2024-07-17T01:08:17.821402" elapsed="1.003445"/>
</suite>
<status status="PASS" start="2024-07-17T01:08:17.807127" elapsed="1.022703"/>
</suite>
<statistics>
<total>
<stat pass="5" fail="0" skip="0">All Tests</stat>
</total>
<tag>
<stat pass="1" fail="0" skip="0">testeConteudo</stat>
<stat pass="1" fail="0" skip="0">testeEstruturaResposta</stat>
<stat pass="1" fail="0" skip="0">testeRequisicaoBasica</stat>
<stat pass="1" fail="0" skip="0">testeTiposDados</stat>
</tag>
<suite>
<stat pass="5" fail="0" skip="0" id="s1" name="Tests">Tests</stat>
<stat pass="5" fail="0" skip="0" id="s1-s1" name="Random-User-Test">Tests.Random-User-Test</stat>
</suite>
</statistics>
<errors>
</errors>
</robot>
