<?xml version="1.0" encoding="UTF-8"?>
<robot generator="Robot 7.0.1 (Python 3.12.4 on linux)" generated="2024-08-03T13:15:38.294805" rpa="false" schemaversion="5">
<suite id="s1" name="Tests" source="/home/runner/work/ApiRandomUser/ApiRandomUser/RamdonUser/tests">
<suite id="s1-s1" name="Random-User-Test" source="/home/runner/work/ApiRandomUser/ApiRandomUser/RamdonUser/tests/random-user-test.robot">
<test id="s1-s1-t1" name="Conectar" line="13">
<kw name="Conectar API" owner="random-user-service">
<kw name="Create Session" owner="RequestsLibrary">
<msg time="2024-08-03T13:15:38.693420" level="INFO">Creating Session using : alias=consultarAPI, url=https://randomuser.me/, headers={},                     cookies={}, auth=None, timeout=None, proxies=None, verify=False,                     debug=0 </msg>
<arg>consultarAPI</arg>
<arg>${URL}</arg>
<doc>Create Session: create a HTTP session to a server</doc>
<status status="PASS" start="2024-08-03T13:15:38.693221" elapsed="0.000388"/>
</kw>
<status status="PASS" start="2024-08-03T13:15:38.692168" elapsed="0.001826"/>
</kw>
<status status="PASS" start="2024-08-03T13:15:38.691621" elapsed="0.002569"/>
</test>
<test id="s1-s1-t2" name="Validar retorno 200 e JSON Válido" line="16">
<kw name="Teste de Requisicao Basica" owner="random-user-service">
<kw name="GET On Session" owner="RequestsLibrary">
<msg time="2024-08-03T13:15:38.786421" level="INFO">GET Request : url=https://randomuser.me/api 
 path_url=/api 
 headers={'User-Agent': 'python-requests/2.32.3', 'Accept-Encoding': 'gzip, deflate', 'Accept': '*/*', 'Connection': 'keep-alive'} 
 body=None 
 </msg>
<msg time="2024-08-03T13:15:38.786560" level="INFO">GET Response : url=https://randomuser.me/api 
 status=200, reason=OK 
 headers={'Date': 'Sat, 03 Aug 2024 13:15:38 GMT', 'Content-Type': 'application/json; charset=utf-8', 'Transfer-Encoding': 'chunked', 'Connection': 'keep-alive', 'X-Powered-By': 'Express', 'Access-Control-Allow-Origin': '*', 'Cache-Control': 'no-cache', 'ETag': 'W/"499-/b8avzcRbjVWCIZy2IoOiCWcyMI"', 'Vary': 'Accept-Encoding', 'Content-Encoding': 'gzip', 'CF-Cache-Status': 'DYNAMIC', 'Report-To': '{"endpoints":[{"url":"https:\\/\\/a.nel.cloudflare.com\\/report\\/v4?s=DoDLEuJeCyX8SJwGO%2FsA%2Fj2EpIQwObmLyc8wPglhPIjfxkxlaNR%2B8AZcsn7x%2BYfpE8mGGvzrXKsSmicyVzobmIgTGcJUml66jQ3nJWAAedTakNz70NIJIS4Awz8ZtgOo"}],"group":"cf-nel","max_age":604800}', 'NEL': '{"success_fraction":0,"report_to":"cf-nel","max_age":604800}', 'Server': 'cloudflare', 'CF-RAY': '8ad693deff16205d-IAD', 'alt-svc': 'h3=":443"; ma=86400'} 
 body={"results":[{"gender":"female","name":{"title":"Mrs","first":"Wera","last":"Mücke"},"location":{"street":{"number":3767,"name":"Schlossstraße"},"city":"Marienmünster","state":"Hessen","country":"Germany","postcode":97812,"coordinates":{"latitude":"-54.5104","longitude":"56.5178"},"timezone":{"offset":"+8:00","description":"Beijing, Perth, Singapore, Hong Kong"}},"email":"wera.mucke@example.com","login":{"uuid":"f99d6d86-fa1a-4707-993e-445b234d4d85","username":"tinyfish355","password":"cheetah","salt":"OgQDcBeL","md5":"373630760856bc24cac36dc609bbb97e","sha1":"1f378ea63ae136548e839c15f1155b1e3deb39f4","sha256":"3b6bbae97e7abd93095738419129e7702126fe06e159a1c835665d6a9f5303a9"},"dob":{"date":"1965-09-08T07:56:55.725Z","age":58},"registered":{"date":"2016-08-12T13:34:34.237Z","age":7},"phone":"0228-2853134","cell":"0179-4131589","id":{"name":"SVNR","value":"89 080965 M 978"},"picture":{"large":"https://randomuser.me/api/portraits/women/15.jpg","medium":"https://randomuser.me/api/portraits/med/women/15.jpg","thumbnail":"https://randomuser.me/api/portraits/thumb/women/15.jpg"},"nat":"DE"}],"info":{"seed":"61f549bcfccaecb8","results":1,"page":1,"version":"1.4"}} 
 </msg>
<msg time="2024-08-03T13:15:38.786633" level="INFO">/opt/hostedtoolcache/Python/3.12.4/x64/lib/python3.12/site-packages/urllib3/connectionpool.py:1099: InsecureRequestWarning: Unverified HTTPS request is being made to host 'randomuser.me'. Adding certificate verification is strongly advised. See: https://urllib3.readthedocs.io/en/latest/advanced-usage.html#tls-warnings
  warnings.warn(</msg>
<msg time="2024-08-03T13:15:38.786759" level="INFO">${response} = &lt;Response [200]&gt;</msg>
<var>${response}</var>
<arg>consultarAPI</arg>
<arg>/api</arg>
<doc>Sends a GET request on a previously created HTTP Session.</doc>
<status status="PASS" start="2024-08-03T13:15:38.696860" elapsed="0.089940"/>
</kw>
<kw name="Should Be Equal As Numbers" owner="BuiltIn">
<msg time="2024-08-03T13:15:38.787813" level="INFO">Argument types are:
&lt;class 'int'&gt;
&lt;class 'str'&gt;</msg>
<arg>${response.status_code}</arg>
<arg>200</arg>
<doc>Fails if objects are unequal after converting them to real numbers.</doc>
<status status="PASS" start="2024-08-03T13:15:38.787319" elapsed="0.000558"/>
</kw>
<kw name="Log" owner="BuiltIn">
<msg time="2024-08-03T13:15:38.788550" level="INFO">200</msg>
<arg>${response.status_code}</arg>
<doc>Logs the given message with the given level.</doc>
<status status="PASS" start="2024-08-03T13:15:38.788198" elapsed="0.000395"/>
</kw>
<kw name="Set Variable" owner="BuiltIn">
<msg time="2024-08-03T13:15:38.789343" level="INFO">${json_data} = {'results': [{'gender': 'female', 'name': {'title': 'Mrs', 'first': 'Wera', 'last': 'Mücke'}, 'location': {'street': {'number': 3767, 'name': 'Schlossstraße'}, 'city': 'Marienmünster', 'state': 'Hesse...</msg>
<var>${json_data}</var>
<arg>${response.json()}</arg>
<doc>Returns the given values which can then be assigned to a variables.</doc>
<status status="PASS" start="2024-08-03T13:15:38.788896" elapsed="0.000478"/>
</kw>
<kw name="Dictionary Should Contain Key" owner="Collections">
<arg>${json_data}</arg>
<arg>results</arg>
<doc>Fails if ``key`` is not found from ``dictionary``.</doc>
<status status="PASS" start="2024-08-03T13:15:38.789687" elapsed="0.000330"/>
</kw>
<status status="PASS" start="2024-08-03T13:15:38.696615" elapsed="0.093556"/>
</kw>
<doc>Testa se a API responde corretamente e retorna um objeto JSON válido.</doc>
<tag>testeRequisicaoBasica</tag>
<status status="PASS" start="2024-08-03T13:15:38.696067" elapsed="0.094273"/>
</test>
<test id="s1-s1-t3" name="Validar estrutura de resposta" line="22">
<kw name="Teste de Estrutura de Resposta" owner="random-user-service">
<kw name="GET On Session" owner="RequestsLibrary">
<msg time="2024-08-03T13:15:38.898762" level="INFO">GET Request : url=https://randomuser.me/api 
 path_url=/api 
 headers={'User-Agent': 'python-requests/2.32.3', 'Accept-Encoding': 'gzip, deflate', 'Accept': '*/*', 'Connection': 'keep-alive'} 
 body=None 
 </msg>
<msg time="2024-08-03T13:15:38.898851" level="INFO">GET Response : url=https://randomuser.me/api 
 status=200, reason=OK 
 headers={'Date': 'Sat, 03 Aug 2024 13:15:38 GMT', 'Content-Type': 'application/json; charset=utf-8', 'Transfer-Encoding': 'chunked', 'Connection': 'keep-alive', 'X-Powered-By': 'Express', 'Access-Control-Allow-Origin': '*', 'Cache-Control': 'no-cache', 'ETag': 'W/"483-j5grl6qq3MUbV+9T1EXeFoG958I"', 'Vary': 'Accept-Encoding', 'Content-Encoding': 'gzip', 'CF-Cache-Status': 'DYNAMIC', 'Report-To': '{"endpoints":[{"url":"https:\\/\\/a.nel.cloudflare.com\\/report\\/v4?s=eodxfdq6oLgVZm2R0u5W6Z%2F%2Fj8IIdNnmuYtMM1GdLhLWvzZbnrkDswsOTmY7ZK1LrMqUsr81SfB6Q4N9wCOHhYmXxbnlMMzY8foSlHv99w2CmZY%2Bbes7kiVII8jz5qSH"}],"group":"cf-nel","max_age":604800}', 'NEL': '{"success_fraction":0,"report_to":"cf-nel","max_age":604800}', 'Server': 'cloudflare', 'CF-RAY': '8ad693df7f86205d-IAD', 'alt-svc': 'h3=":443"; ma=86400'} 
 body={"results":[{"gender":"male","name":{"title":"Mr","first":"Mathias","last":"Pedersen"},"location":{"street":{"number":9952,"name":"H.C. Andersens Vej"},"city":"Snertinge","state":"Danmark","country":"Denmark","postcode":81638,"coordinates":{"latitude":"-46.0895","longitude":"-66.7381"},"timezone":{"offset":"-12:00","description":"Eniwetok, Kwajalein"}},"email":"mathias.pedersen@example.com","login":{"uuid":"9b0f4c1c-37e1-4d1d-96a1-926f053773fa","username":"redbutterfly611","password":"green1","salt":"nB6eYfZf","md5":"94106ddf79ac91279a9ef2943fd80842","sha1":"2f046c001138a1fd8982ab07e01919c03b8b00eb","sha256":"e0eb404b2ffdb56ef5ef45f666ef0f81d70f1ab0655b9d9009adf111e4927d7a"},"dob":{"date":"1952-01-15T00:03:19.653Z","age":72},"registered":{"date":"2010-11-27T22:19:48.500Z","age":13},"phone":"03144296","cell":"27142533","id":{"name":"CPR","value":"140152-1913"},"picture":{"large":"https://randomuser.me/api/portraits/men/94.jpg","medium":"https://randomuser.me/api/portraits/med/men/94.jpg","thumbnail":"https://randomuser.me/api/portraits/thumb/men/94.jpg"},"nat":"DK"}],"info":{"seed":"2ea6de386a5228ef","results":1,"page":1,"version":"1.4"}} 
 </msg>
<msg time="2024-08-03T13:15:38.898967" level="INFO">/opt/hostedtoolcache/Python/3.12.4/x64/lib/python3.12/site-packages/urllib3/connectionpool.py:1099: InsecureRequestWarning: Unverified HTTPS request is being made to host 'randomuser.me'. Adding certificate verification is strongly advised. See: https://urllib3.readthedocs.io/en/latest/advanced-usage.html#tls-warnings
  warnings.warn(</msg>
<msg time="2024-08-03T13:15:38.899093" level="INFO">${response} = &lt;Response [200]&gt;</msg>
<var>${response}</var>
<arg>consultarAPI</arg>
<arg>/api</arg>
<doc>Sends a GET request on a previously created HTTP Session.</doc>
<status status="PASS" start="2024-08-03T13:15:38.792984" elapsed="0.106151"/>
</kw>
<kw name="Set Variable" owner="BuiltIn">
<msg time="2024-08-03T13:15:38.900254" level="INFO">${json_data} = {'results': [{'gender': 'male', 'name': {'title': 'Mr', 'first': 'Mathias', 'last': 'Pedersen'}, 'location': {'street': {'number': 9952, 'name': 'H.C. Andersens Vej'}, 'city': 'Snertinge', 'state': 'D...</msg>
<var>${json_data}</var>
<arg>${response.json()}</arg>
<doc>Returns the given values which can then be assigned to a variables.</doc>
<status status="PASS" start="2024-08-03T13:15:38.899708" elapsed="0.000576"/>
</kw>
<kw name="Log" owner="BuiltIn">
<msg time="2024-08-03T13:15:38.900762" level="INFO">{'results': [{'gender': 'male', 'name': {'title': 'Mr', 'first': 'Mathias', 'last': 'Pedersen'}, 'location': {'street': {'number': 9952, 'name': 'H.C. Andersens Vej'}, 'city': 'Snertinge', 'state': 'Danmark', 'country': 'Denmark', 'postcode': 81638, 'coordinates': {'latitude': '-46.0895', 'longitude': '-66.7381'}, 'timezone': {'offset': '-12:00', 'description': 'Eniwetok, Kwajalein'}}, 'email': 'mathias.pedersen@example.com', 'login': {'uuid': '9b0f4c1c-37e1-4d1d-96a1-926f053773fa', 'username': 'redbutterfly611', 'password': 'green1', 'salt': 'nB6eYfZf', 'md5': '94106ddf79ac91279a9ef2943fd80842', 'sha1': '2f046c001138a1fd8982ab07e01919c03b8b00eb', 'sha256': 'e0eb404b2ffdb56ef5ef45f666ef0f81d70f1ab0655b9d9009adf111e4927d7a'}, 'dob': {'date': '1952-01-15T00:03:19.653Z', 'age': 72}, 'registered': {'date': '2010-11-27T22:19:48.500Z', 'age': 13}, 'phone': '03144296', 'cell': '27142533', 'id': {'name': 'CPR', 'value': '140152-1913'}, 'picture': {'large': 'https://randomuser.me/api/portraits/men/94.jpg', 'medium': 'https://randomuser.me/api/portraits/med/men/94.jpg', 'thumbnail': 'https://randomuser.me/api/portraits/thumb/men/94.jpg'}, 'nat': 'DK'}], 'info': {'seed': '2ea6de386a5228ef', 'results': 1, 'page': 1, 'version': '1.4'}}</msg>
<arg>${json_data}</arg>
<doc>Logs the given message with the given level.</doc>
<status status="PASS" start="2024-08-03T13:15:38.900593" elapsed="0.000218"/>
</kw>
<kw name="Dictionary Should Contain Key" owner="Collections">
<arg>${json_data}</arg>
<arg>results</arg>
<doc>Fails if ``key`` is not found from ``dictionary``.</doc>
<status status="PASS" start="2024-08-03T13:15:38.901108" elapsed="0.000168"/>
</kw>
<kw name="Should Not Be Empty" owner="BuiltIn">
<msg time="2024-08-03T13:15:38.901597" level="INFO">Length is 2.</msg>
<arg>${json_data}</arg>
<doc>Verifies that the given item is not empty.</doc>
<status status="PASS" start="2024-08-03T13:15:38.901470" elapsed="0.000171"/>
</kw>
<kw name="Create List" owner="BuiltIn">
<msg time="2024-08-03T13:15:38.902139" level="INFO">${expected_keys} = ['gender', 'name', 'location', 'email', 'login']</msg>
<var>${expected_keys}</var>
<arg>gender</arg>
<arg>name</arg>
<arg>location</arg>
<arg>email</arg>
<arg>login</arg>
<doc>Returns a list containing given items.</doc>
<status status="PASS" start="2024-08-03T13:15:38.901982" elapsed="0.000182"/>
</kw>
<for flavor="IN">
<iter>
<kw name="Dictionary Should Contain Key" owner="Collections">
<arg>${json_data['results'][0]}</arg>
<arg>${key}</arg>
<doc>Fails if ``key`` is not found from ``dictionary``.</doc>
<status status="PASS" start="2024-08-03T13:15:38.902762" elapsed="0.000410"/>
</kw>
<kw name="Log" owner="BuiltIn">
<msg time="2024-08-03T13:15:38.903726" level="INFO">{'gender': 'male', 'name': {'title': 'Mr', 'first': 'Mathias', 'last': 'Pedersen'}, 'location': {'street': {'number': 9952, 'name': 'H.C. Andersens Vej'}, 'city': 'Snertinge', 'state': 'Danmark', 'country': 'Denmark', 'postcode': 81638, 'coordinates': {'latitude': '-46.0895', 'longitude': '-66.7381'}, 'timezone': {'offset': '-12:00', 'description': 'Eniwetok, Kwajalein'}}, 'email': 'mathias.pedersen@example.com', 'login': {'uuid': '9b0f4c1c-37e1-4d1d-96a1-926f053773fa', 'username': 'redbutterfly611', 'password': 'green1', 'salt': 'nB6eYfZf', 'md5': '94106ddf79ac91279a9ef2943fd80842', 'sha1': '2f046c001138a1fd8982ab07e01919c03b8b00eb', 'sha256': 'e0eb404b2ffdb56ef5ef45f666ef0f81d70f1ab0655b9d9009adf111e4927d7a'}, 'dob': {'date': '1952-01-15T00:03:19.653Z', 'age': 72}, 'registered': {'date': '2010-11-27T22:19:48.500Z', 'age': 13}, 'phone': '03144296', 'cell': '27142533', 'id': {'name': 'CPR', 'value': '140152-1913'}, 'picture': {'large': 'https://randomuser.me/api/portraits/men/94.jpg', 'medium': 'https://randomuser.me/api/portraits/med/men/94.jpg', 'thumbnail': 'https://randomuser.me/api/portraits/thumb/men/94.jpg'}, 'nat': 'DK'}</msg>
<arg>${json_data['results'][0]}</arg>
<doc>Logs the given message with the given level.</doc>
<status status="PASS" start="2024-08-03T13:15:38.903369" elapsed="0.000406"/>
</kw>
<kw name="Log" owner="BuiltIn">
<msg time="2024-08-03T13:15:38.904210" level="INFO">gender</msg>
<arg>${key}</arg>
<doc>Logs the given message with the given level.</doc>
<status status="PASS" start="2024-08-03T13:15:38.904080" elapsed="0.000170"/>
</kw>
<var name="${key}">gender</var>
<status status="PASS" start="2024-08-03T13:15:38.902632" elapsed="0.001836"/>
</iter>
<iter>
<kw name="Dictionary Should Contain Key" owner="Collections">
<arg>${json_data['results'][0]}</arg>
<arg>${key}</arg>
<doc>Fails if ``key`` is not found from ``dictionary``.</doc>
<status status="PASS" start="2024-08-03T13:15:38.904765" elapsed="0.000390"/>
</kw>
<kw name="Log" owner="BuiltIn">
<msg time="2024-08-03T13:15:38.905700" level="INFO">{'gender': 'male', 'name': {'title': 'Mr', 'first': 'Mathias', 'last': 'Pedersen'}, 'location': {'street': {'number': 9952, 'name': 'H.C. Andersens Vej'}, 'city': 'Snertinge', 'state': 'Danmark', 'country': 'Denmark', 'postcode': 81638, 'coordinates': {'latitude': '-46.0895', 'longitude': '-66.7381'}, 'timezone': {'offset': '-12:00', 'description': 'Eniwetok, Kwajalein'}}, 'email': 'mathias.pedersen@example.com', 'login': {'uuid': '9b0f4c1c-37e1-4d1d-96a1-926f053773fa', 'username': 'redbutterfly611', 'password': 'green1', 'salt': 'nB6eYfZf', 'md5': '94106ddf79ac91279a9ef2943fd80842', 'sha1': '2f046c001138a1fd8982ab07e01919c03b8b00eb', 'sha256': 'e0eb404b2ffdb56ef5ef45f666ef0f81d70f1ab0655b9d9009adf111e4927d7a'}, 'dob': {'date': '1952-01-15T00:03:19.653Z', 'age': 72}, 'registered': {'date': '2010-11-27T22:19:48.500Z', 'age': 13}, 'phone': '03144296', 'cell': '27142533', 'id': {'name': 'CPR', 'value': '140152-1913'}, 'picture': {'large': 'https://randomuser.me/api/portraits/men/94.jpg', 'medium': 'https://randomuser.me/api/portraits/med/men/94.jpg', 'thumbnail': 'https://randomuser.me/api/portraits/thumb/men/94.jpg'}, 'nat': 'DK'}</msg>
<arg>${json_data['results'][0]}</arg>
<doc>Logs the given message with the given level.</doc>
<status status="PASS" start="2024-08-03T13:15:38.905340" elapsed="0.000442"/>
</kw>
<kw name="Log" owner="BuiltIn">
<msg time="2024-08-03T13:15:38.906241" level="INFO">name</msg>
<arg>${key}</arg>
<doc>Logs the given message with the given level.</doc>
<status status="PASS" start="2024-08-03T13:15:38.906111" elapsed="0.000168"/>
</kw>
<var name="${key}">name</var>
<status status="PASS" start="2024-08-03T13:15:38.904654" elapsed="0.001843"/>
</iter>
<iter>
<kw name="Dictionary Should Contain Key" owner="Collections">
<arg>${json_data['results'][0]}</arg>
<arg>${key}</arg>
<doc>Fails if ``key`` is not found from ``dictionary``.</doc>
<status status="PASS" start="2024-08-03T13:15:38.906781" elapsed="0.000386"/>
</kw>
<kw name="Log" owner="BuiltIn">
<msg time="2024-08-03T13:15:38.907704" level="INFO">{'gender': 'male', 'name': {'title': 'Mr', 'first': 'Mathias', 'last': 'Pedersen'}, 'location': {'street': {'number': 9952, 'name': 'H.C. Andersens Vej'}, 'city': 'Snertinge', 'state': 'Danmark', 'country': 'Denmark', 'postcode': 81638, 'coordinates': {'latitude': '-46.0895', 'longitude': '-66.7381'}, 'timezone': {'offset': '-12:00', 'description': 'Eniwetok, Kwajalein'}}, 'email': 'mathias.pedersen@example.com', 'login': {'uuid': '9b0f4c1c-37e1-4d1d-96a1-926f053773fa', 'username': 'redbutterfly611', 'password': 'green1', 'salt': 'nB6eYfZf', 'md5': '94106ddf79ac91279a9ef2943fd80842', 'sha1': '2f046c001138a1fd8982ab07e01919c03b8b00eb', 'sha256': 'e0eb404b2ffdb56ef5ef45f666ef0f81d70f1ab0655b9d9009adf111e4927d7a'}, 'dob': {'date': '1952-01-15T00:03:19.653Z', 'age': 72}, 'registered': {'date': '2010-11-27T22:19:48.500Z', 'age': 13}, 'phone': '03144296', 'cell': '27142533', 'id': {'name': 'CPR', 'value': '140152-1913'}, 'picture': {'large': 'https://randomuser.me/api/portraits/men/94.jpg', 'medium': 'https://randomuser.me/api/portraits/med/men/94.jpg', 'thumbnail': 'https://randomuser.me/api/portraits/thumb/men/94.jpg'}, 'nat': 'DK'}</msg>
<arg>${json_data['results'][0]}</arg>
<doc>Logs the given message with the given level.</doc>
<status status="PASS" start="2024-08-03T13:15:38.907356" elapsed="0.000397"/>
</kw>
<kw name="Log" owner="BuiltIn">
<msg time="2024-08-03T13:15:38.908172" level="INFO">location</msg>
<arg>${key}</arg>
<doc>Logs the given message with the given level.</doc>
<status status="PASS" start="2024-08-03T13:15:38.908046" elapsed="0.000164"/>
</kw>
<var name="${key}">location</var>
<status status="PASS" start="2024-08-03T13:15:38.906674" elapsed="0.001756"/>
</iter>
<iter>
<kw name="Dictionary Should Contain Key" owner="Collections">
<arg>${json_data['results'][0]}</arg>
<arg>${key}</arg>
<doc>Fails if ``key`` is not found from ``dictionary``.</doc>
<status status="PASS" start="2024-08-03T13:15:38.908709" elapsed="0.000388"/>
</kw>
<kw name="Log" owner="BuiltIn">
<msg time="2024-08-03T13:15:38.909758" level="INFO">{'gender': 'male', 'name': {'title': 'Mr', 'first': 'Mathias', 'last': 'Pedersen'}, 'location': {'street': {'number': 9952, 'name': 'H.C. Andersens Vej'}, 'city': 'Snertinge', 'state': 'Danmark', 'country': 'Denmark', 'postcode': 81638, 'coordinates': {'latitude': '-46.0895', 'longitude': '-66.7381'}, 'timezone': {'offset': '-12:00', 'description': 'Eniwetok, Kwajalein'}}, 'email': 'mathias.pedersen@example.com', 'login': {'uuid': '9b0f4c1c-37e1-4d1d-96a1-926f053773fa', 'username': 'redbutterfly611', 'password': 'green1', 'salt': 'nB6eYfZf', 'md5': '94106ddf79ac91279a9ef2943fd80842', 'sha1': '2f046c001138a1fd8982ab07e01919c03b8b00eb', 'sha256': 'e0eb404b2ffdb56ef5ef45f666ef0f81d70f1ab0655b9d9009adf111e4927d7a'}, 'dob': {'date': '1952-01-15T00:03:19.653Z', 'age': 72}, 'registered': {'date': '2010-11-27T22:19:48.500Z', 'age': 13}, 'phone': '03144296', 'cell': '27142533', 'id': {'name': 'CPR', 'value': '140152-1913'}, 'picture': {'large': 'https://randomuser.me/api/portraits/men/94.jpg', 'medium': 'https://randomuser.me/api/portraits/med/men/94.jpg', 'thumbnail': 'https://randomuser.me/api/portraits/thumb/men/94.jpg'}, 'nat': 'DK'}</msg>
<arg>${json_data['results'][0]}</arg>
<doc>Logs the given message with the given level.</doc>
<status status="PASS" start="2024-08-03T13:15:38.909406" elapsed="0.000401"/>
</kw>
<kw name="Log" owner="BuiltIn">
<msg time="2024-08-03T13:15:38.910284" level="INFO">email</msg>
<arg>${key}</arg>
<doc>Logs the given message with the given level.</doc>
<status status="PASS" start="2024-08-03T13:15:38.910152" elapsed="0.000172"/>
</kw>
<var name="${key}">email</var>
<status status="PASS" start="2024-08-03T13:15:38.908602" elapsed="0.001938"/>
</iter>
<iter>
<kw name="Dictionary Should Contain Key" owner="Collections">
<arg>${json_data['results'][0]}</arg>
<arg>${key}</arg>
<doc>Fails if ``key`` is not found from ``dictionary``.</doc>
<status status="PASS" start="2024-08-03T13:15:38.910825" elapsed="0.000381"/>
</kw>
<kw name="Log" owner="BuiltIn">
<msg time="2024-08-03T13:15:38.911746" level="INFO">{'gender': 'male', 'name': {'title': 'Mr', 'first': 'Mathias', 'last': 'Pedersen'}, 'location': {'street': {'number': 9952, 'name': 'H.C. Andersens Vej'}, 'city': 'Snertinge', 'state': 'Danmark', 'country': 'Denmark', 'postcode': 81638, 'coordinates': {'latitude': '-46.0895', 'longitude': '-66.7381'}, 'timezone': {'offset': '-12:00', 'description': 'Eniwetok, Kwajalein'}}, 'email': 'mathias.pedersen@example.com', 'login': {'uuid': '9b0f4c1c-37e1-4d1d-96a1-926f053773fa', 'username': 'redbutterfly611', 'password': 'green1', 'salt': 'nB6eYfZf', 'md5': '94106ddf79ac91279a9ef2943fd80842', 'sha1': '2f046c001138a1fd8982ab07e01919c03b8b00eb', 'sha256': 'e0eb404b2ffdb56ef5ef45f666ef0f81d70f1ab0655b9d9009adf111e4927d7a'}, 'dob': {'date': '1952-01-15T00:03:19.653Z', 'age': 72}, 'registered': {'date': '2010-11-27T22:19:48.500Z', 'age': 13}, 'phone': '03144296', 'cell': '27142533', 'id': {'name': 'CPR', 'value': '140152-1913'}, 'picture': {'large': 'https://randomuser.me/api/portraits/men/94.jpg', 'medium': 'https://randomuser.me/api/portraits/med/men/94.jpg', 'thumbnail': 'https://randomuser.me/api/portraits/thumb/men/94.jpg'}, 'nat': 'DK'}</msg>
<arg>${json_data['results'][0]}</arg>
<doc>Logs the given message with the given level.</doc>
<status status="PASS" start="2024-08-03T13:15:38.911390" elapsed="0.000413"/>
</kw>
<kw name="Log" owner="BuiltIn">
<msg time="2024-08-03T13:15:38.912227" level="INFO">login</msg>
<arg>${key}</arg>
<doc>Logs the given message with the given level.</doc>
<status status="PASS" start="2024-08-03T13:15:38.912097" elapsed="0.000169"/>
</kw>
<var name="${key}">login</var>
<status status="PASS" start="2024-08-03T13:15:38.910717" elapsed="0.001769"/>
</iter>
<var>${key}</var>
<value>@{expected_keys}</value>
<status status="PASS" start="2024-08-03T13:15:38.902431" elapsed="0.010185"/>
</for>
<kw name="Create List" owner="BuiltIn">
<msg time="2024-08-03T13:15:38.912946" level="INFO">${expected_keysTwo} = ['username', 'password']</msg>
<var>${expected_keysTwo}</var>
<arg>username</arg>
<arg>password</arg>
<doc>Returns a list containing given items.</doc>
<status status="PASS" start="2024-08-03T13:15:38.912809" elapsed="0.000161"/>
</kw>
<for flavor="IN">
<iter>
<kw name="Dictionary Should Contain Key" owner="Collections">
<arg>${json_data['results'][0]['login']}</arg>
<arg>${keyTwo}</arg>
<doc>Fails if ``key`` is not found from ``dictionary``.</doc>
<status status="PASS" start="2024-08-03T13:15:38.913496" elapsed="0.000414"/>
</kw>
<kw name="Dictionary Should Contain Key" owner="Collections">
<arg>${json_data['results'][0]['login']}</arg>
<arg>${keyTwo}</arg>
<doc>Fails if ``key`` is not found from ``dictionary``.</doc>
<status status="PASS" start="2024-08-03T13:15:38.914101" elapsed="0.000382"/>
</kw>
<kw name="Log" owner="BuiltIn">
<msg time="2024-08-03T13:15:38.914782" level="INFO">username</msg>
<arg>${keyTwo}</arg>
<doc>Logs the given message with the given level.</doc>
<status status="PASS" start="2024-08-03T13:15:38.914662" elapsed="0.000158"/>
</kw>
<var name="${keyTwo}">username</var>
<status status="PASS" start="2024-08-03T13:15:38.913391" elapsed="0.001653"/>
</iter>
<iter>
<kw name="Dictionary Should Contain Key" owner="Collections">
<arg>${json_data['results'][0]['login']}</arg>
<arg>${keyTwo}</arg>
<doc>Fails if ``key`` is not found from ``dictionary``.</doc>
<status status="PASS" start="2024-08-03T13:15:38.915331" elapsed="0.000383"/>
</kw>
<kw name="Dictionary Should Contain Key" owner="Collections">
<arg>${json_data['results'][0]['login']}</arg>
<arg>${keyTwo}</arg>
<doc>Fails if ``key`` is not found from ``dictionary``.</doc>
<status status="PASS" start="2024-08-03T13:15:38.915893" elapsed="0.000375"/>
</kw>
<kw name="Log" owner="BuiltIn">
<msg time="2024-08-03T13:15:38.916571" level="INFO">password</msg>
<arg>${keyTwo}</arg>
<doc>Logs the given message with the given level.</doc>
<status status="PASS" start="2024-08-03T13:15:38.916446" elapsed="0.000164"/>
</kw>
<var name="${keyTwo}">password</var>
<status status="PASS" start="2024-08-03T13:15:38.915220" elapsed="0.001610"/>
</iter>
<var>${keyTwo}</var>
<value>@{expected_keysTwo}</value>
<status status="PASS" start="2024-08-03T13:15:38.913236" elapsed="0.003715"/>
</for>
<status status="PASS" start="2024-08-03T13:15:38.792747" elapsed="0.124353"/>
</kw>
<doc>Testa a estrutura da resposta da API.</doc>
<tag>testeEstruturaResposta</tag>
<status status="PASS" start="2024-08-03T13:15:38.792167" elapsed="0.125096"/>
</test>
<test id="s1-s1-t4" name="Validar tipos de dados" line="28">
<kw name="Teste de Tipos de Dados" owner="random-user-service">
<kw name="GET On Session" owner="RequestsLibrary">
<msg time="2024-08-03T13:15:39.014405" level="INFO">GET Request : url=https://randomuser.me/api 
 path_url=/api 
 headers={'User-Agent': 'python-requests/2.32.3', 'Accept-Encoding': 'gzip, deflate', 'Accept': '*/*', 'Connection': 'keep-alive'} 
 body=None 
 </msg>
<msg time="2024-08-03T13:15:39.014515" level="INFO">GET Response : url=https://randomuser.me/api 
 status=200, reason=OK 
 headers={'Date': 'Sat, 03 Aug 2024 13:15:39 GMT', 'Content-Type': 'application/json; charset=utf-8', 'Transfer-Encoding': 'chunked', 'Connection': 'keep-alive', 'X-Powered-By': 'Express', 'Access-Control-Allow-Origin': '*', 'Cache-Control': 'no-cache', 'ETag': 'W/"49e-imJFzIAkQQhfkgLmOwuy8+sVcs0"', 'Vary': 'Accept-Encoding', 'Content-Encoding': 'gzip', 'CF-Cache-Status': 'DYNAMIC', 'Report-To': '{"endpoints":[{"url":"https:\\/\\/a.nel.cloudflare.com\\/report\\/v4?s=UpHHaHwQeJChgTQ7OqxcmzOkayuiVGJ60tAkoBhmQTlh8LP2sBLWyXTUfKVR2IpVlaZBVQKfdPB9CY3gksUSc6Wj1IFrzJYmB7GY0yDoUJIJDY7fodMMwmGjkHM0LLfn"}],"group":"cf-nel","max_age":604800}', 'NEL': '{"success_fraction":0,"report_to":"cf-nel","max_age":604800}', 'Server': 'cloudflare', 'CF-RAY': '8ad693e04856205d-IAD', 'alt-svc': 'h3=":443"; ma=86400'} 
 body={"results":[{"gender":"female","name":{"title":"Miss","first":"Umbelina","last":"Rodrigues"},"location":{"street":{"number":6370,"name":"Rua Vinte E Um"},"city":"Porto Alegre","state":"Amapá","country":"Brazil","postcode":46926,"coordinates":{"latitude":"-75.4887","longitude":"9.8826"},"timezone":{"offset":"-1:00","description":"Azores, Cape Verde Islands"}},"email":"umbelina.rodrigues@example.com","login":{"uuid":"ed06afa1-6c81-4ae6-aac8-4baf23a25c69","username":"orangefish734","password":"shonuf","salt":"UIfO6x3O","md5":"3c87da7b19aeacc158ca985276509dff","sha1":"c7f9e42d21d0dbc10cf2fbc9c5f8727d864e413f","sha256":"33c0592b91b776e6b1b090e4a6cd763ba1fbafb3c945727a5667983f61f33865"},"dob":{"date":"1983-08-11T02:00:54.220Z","age":40},"registered":{"date":"2021-05-24T12:21:38.732Z","age":3},"phone":"(26) 1383-6484","cell":"(85) 6595-9760","id":{"name":"CPF","value":"630.171.398-44"},"picture":{"large":"https://randomuser.me/api/portraits/women/16.jpg","medium":"https://randomuser.me/api/portraits/med/women/16.jpg","thumbnail":"https://randomuser.me/api/portraits/thumb/women/16.jpg"},"nat":"BR"}],"info":{"seed":"48648228e48c49f7","results":1,"page":1,"version":"1.4"}} 
 </msg>
<msg time="2024-08-03T13:15:39.014600" level="INFO">/opt/hostedtoolcache/Python/3.12.4/x64/lib/python3.12/site-packages/urllib3/connectionpool.py:1099: InsecureRequestWarning: Unverified HTTPS request is being made to host 'randomuser.me'. Adding certificate verification is strongly advised. See: https://urllib3.readthedocs.io/en/latest/advanced-usage.html#tls-warnings
  warnings.warn(</msg>
<msg time="2024-08-03T13:15:39.014733" level="INFO">${response} = &lt;Response [200]&gt;</msg>
<var>${response}</var>
<arg>consultarAPI</arg>
<arg>/api</arg>
<doc>Sends a GET request on a previously created HTTP Session.</doc>
<status status="PASS" start="2024-08-03T13:15:38.920040" elapsed="0.094760"/>
</kw>
<kw name="Set Variable" owner="BuiltIn">
<msg time="2024-08-03T13:15:39.015869" level="INFO">${json_data} = {'results': [{'gender': 'female', 'name': {'title': 'Miss', 'first': 'Umbelina', 'last': 'Rodrigues'}, 'location': {'street': {'number': 6370, 'name': 'Rua Vinte E Um'}, 'city': 'Porto Alegre', 'state...</msg>
<var>${json_data}</var>
<arg>${response.json()}</arg>
<doc>Returns the given values which can then be assigned to a variables.</doc>
<status status="PASS" start="2024-08-03T13:15:39.015340" elapsed="0.000561"/>
</kw>
<kw name="Log" owner="BuiltIn">
<msg time="2024-08-03T13:15:39.016373" level="INFO">{'results': [{'gender': 'female', 'name': {'title': 'Miss', 'first': 'Umbelina', 'last': 'Rodrigues'}, 'location': {'street': {'number': 6370, 'name': 'Rua Vinte E Um'}, 'city': 'Porto Alegre', 'state': 'Amapá', 'country': 'Brazil', 'postcode': 46926, 'coordinates': {'latitude': '-75.4887', 'longitude': '9.8826'}, 'timezone': {'offset': '-1:00', 'description': 'Azores, Cape Verde Islands'}}, 'email': 'umbelina.rodrigues@example.com', 'login': {'uuid': 'ed06afa1-6c81-4ae6-aac8-4baf23a25c69', 'username': 'orangefish734', 'password': 'shonuf', 'salt': 'UIfO6x3O', 'md5': '3c87da7b19aeacc158ca985276509dff', 'sha1': 'c7f9e42d21d0dbc10cf2fbc9c5f8727d864e413f', 'sha256': '33c0592b91b776e6b1b090e4a6cd763ba1fbafb3c945727a5667983f61f33865'}, 'dob': {'date': '1983-08-11T02:00:54.220Z', 'age': 40}, 'registered': {'date': '2021-05-24T12:21:38.732Z', 'age': 3}, 'phone': '(26) 1383-6484', 'cell': '(85) 6595-9760', 'id': {'name': 'CPF', 'value': '630.171.398-44'}, 'picture': {'large': 'https://randomuser.me/api/portraits/women/16.jpg', 'medium': 'https://randomuser.me/api/portraits/med/women/16.jpg', 'thumbnail': 'https://randomuser.me/api/portraits/thumb/women/16.jpg'}, 'nat': 'BR'}], 'info': {'seed': '48648228e48c49f7', 'results': 1, 'page': 1, 'version': '1.4'}}</msg>
<arg>${json_data}</arg>
<doc>Logs the given message with the given level.</doc>
<status status="PASS" start="2024-08-03T13:15:39.016211" elapsed="0.000214"/>
</kw>
<kw name="Should Be String" owner="String">
<arg>${json_data['results'][0]['gender']}</arg>
<doc>Fails if the given ``item`` is not a string.</doc>
<status status="PASS" start="2024-08-03T13:15:39.016719" elapsed="0.000372"/>
</kw>
<kw name="Should Match Regexp" owner="BuiltIn">
<arg>${json_data['results'][0]['email']}</arg>
<arg>^[a-zA-Z0-9._%+-]+@[a-zA-Z0-9.-]+\.[a-zA-Z]{2,}$</arg>
<doc>Fails if ``string`` does not match ``pattern`` as a regular expression.</doc>
<status status="PASS" start="2024-08-03T13:15:39.017282" elapsed="0.000518"/>
</kw>
<kw name="Should Match Regexp" owner="BuiltIn">
<arg>${json_data['results'][0]['dob']['date']}</arg>
<arg>\\d{4}-\\d{2}-\\d{2}T\\d{2}:\\d{2}:\\d{2}\\.\\d{3}Z</arg>
<doc>Fails if ``string`` does not match ``pattern`` as a regular expression.</doc>
<status status="PASS" start="2024-08-03T13:15:39.018070" elapsed="0.000653"/>
</kw>
<kw name="Should Match Regexp" owner="BuiltIn">
<arg>${json_data['results'][0]['registered']['date']}</arg>
<arg>\\d{4}-\\d{2}-\\d{2}T\\d{2}:\\d{2}:\\d{2}\\.\\d{3}Z</arg>
<doc>Fails if ``string`` does not match ``pattern`` as a regular expression.</doc>
<status status="PASS" start="2024-08-03T13:15:39.018919" elapsed="0.000374"/>
</kw>
<kw name="Should Match Regexp" owner="BuiltIn">
<arg>${json_data['results'][0]['picture']['large']}</arg>
<arg>^https?://.*\.(?:png|jpe?g|gif|bmp)$</arg>
<doc>Fails if ``string`` does not match ``pattern`` as a regular expression.</doc>
<status status="PASS" start="2024-08-03T13:15:39.019480" elapsed="0.000463"/>
</kw>
<kw name="Should Match Regexp" owner="BuiltIn">
<arg>${json_data['results'][0]['picture']['medium']}</arg>
<arg>^https?://.*\.(?:png|jpe?g|gif|bmp)$</arg>
<doc>Fails if ``string`` does not match ``pattern`` as a regular expression.</doc>
<status status="PASS" start="2024-08-03T13:15:39.020134" elapsed="0.000354"/>
</kw>
<kw name="Should Match Regexp" owner="BuiltIn">
<arg>${json_data['results'][0]['picture']['thumbnail']}</arg>
<arg>^https?://.*\.(?:png|jpe?g|gif|bmp)$</arg>
<doc>Fails if ``string`` does not match ``pattern`` as a regular expression.</doc>
<status status="PASS" start="2024-08-03T13:15:39.020673" elapsed="0.000362"/>
</kw>
<kw name="Log" owner="BuiltIn">
<msg time="2024-08-03T13:15:39.021543" level="INFO">{'large': 'https://randomuser.me/api/portraits/women/16.jpg', 'medium': 'https://randomuser.me/api/portraits/med/women/16.jpg', 'thumbnail': 'https://randomuser.me/api/portraits/thumb/women/16.jpg'}</msg>
<arg>${json_data['results'][0]['picture']}</arg>
<doc>Logs the given message with the given level.</doc>
<status status="PASS" start="2024-08-03T13:15:39.021219" elapsed="0.000367"/>
</kw>
<status status="PASS" start="2024-08-03T13:15:38.919720" elapsed="0.102147"/>
</kw>
<kw name="Teste de Tipos de Dados - Postcode" owner="random-user-service">
<kw name="GET On Session" owner="RequestsLibrary">
<msg time="2024-08-03T13:15:39.089946" level="INFO">GET Request : url=https://randomuser.me/api 
 path_url=/api 
 headers={'User-Agent': 'python-requests/2.32.3', 'Accept-Encoding': 'gzip, deflate', 'Accept': '*/*', 'Connection': 'keep-alive'} 
 body=None 
 </msg>
<msg time="2024-08-03T13:15:39.090059" level="INFO">GET Response : url=https://randomuser.me/api 
 status=200, reason=OK 
 headers={'Date': 'Sat, 03 Aug 2024 13:15:39 GMT', 'Content-Type': 'application/json; charset=utf-8', 'Transfer-Encoding': 'chunked', 'Connection': 'keep-alive', 'X-Powered-By': 'Express', 'Access-Control-Allow-Origin': '*', 'Cache-Control': 'no-cache', 'ETag': 'W/"49e-jPCdvSk3D+0YNEtqWj/D6S4Qiec"', 'Vary': 'Accept-Encoding', 'Content-Encoding': 'gzip', 'CF-Cache-Status': 'DYNAMIC', 'Report-To': '{"endpoints":[{"url":"https:\\/\\/a.nel.cloudflare.com\\/report\\/v4?s=xjjuAZjTQa3lBU9w0G6MKTKqUrg9JsUHXV4Tr7VpLpInHq82Uy6eC%2BRUqGxLg7TlAeSxEuSO888TLxoRBBscIORjRN1oOjdJp7btytD0vlVXPJXgNEMQRPwi198v4iwG"}],"group":"cf-nel","max_age":604800}', 'NEL': '{"success_fraction":0,"report_to":"cf-nel","max_age":604800}', 'Server': 'cloudflare', 'CF-RAY': '8ad693e0e8e6205d-IAD', 'alt-svc': 'h3=":443"; ma=86400'} 
 body={"results":[{"gender":"female","name":{"title":"Mrs","first":"Valentina","last":"Noel"},"location":{"street":{"number":3138,"name":"Place de L'Abbé-Basset"},"city":"Clermont-Ferrand","state":"Oise","country":"France","postcode":63373,"coordinates":{"latitude":"-17.7783","longitude":"170.3286"},"timezone":{"offset":"+9:30","description":"Adelaide, Darwin"}},"email":"valentina.noel@example.com","login":{"uuid":"fc8e533b-9c37-4f12-b0e2-bcd763fc4c3b","username":"bluepanda823","password":"underdog","salt":"VmD9el9b","md5":"b72951c1eb0e5010f03fb203ebfc24cf","sha1":"4a64b31cb26fef6494c23c7a8ac8bbba589c4196","sha256":"bfa1b3ff5a4f0fdd863739b54cb4ae9dcfb9d7e19927f4e981401c90545f191a"},"dob":{"date":"1992-11-16T00:52:50.956Z","age":31},"registered":{"date":"2012-02-24T09:42:06.436Z","age":12},"phone":"01-97-27-27-37","cell":"06-45-24-23-04","id":{"name":"INSEE","value":"2921038994854 33"},"picture":{"large":"https://randomuser.me/api/portraits/women/42.jpg","medium":"https://randomuser.me/api/portraits/med/women/42.jpg","thumbnail":"https://randomuser.me/api/portraits/thumb/women/42.jpg"},"nat":"FR"}],"info":{"seed":"f72783b4669f23c8","results":1,"page":1,"version":"1.4"}} 
 </msg>
<msg time="2024-08-03T13:15:39.090143" level="INFO">/opt/hostedtoolcache/Python/3.12.4/x64/lib/python3.12/site-packages/urllib3/connectionpool.py:1099: InsecureRequestWarning: Unverified HTTPS request is being made to host 'randomuser.me'. Adding certificate verification is strongly advised. See: https://urllib3.readthedocs.io/en/latest/advanced-usage.html#tls-warnings
  warnings.warn(</msg>
<msg time="2024-08-03T13:15:39.090287" level="INFO">${response} = &lt;Response [200]&gt;</msg>
<var>${response}</var>
<arg>consultarAPI</arg>
<arg>/api</arg>
<doc>Sends a GET request on a previously created HTTP Session.</doc>
<status status="PASS" start="2024-08-03T13:15:39.022356" elapsed="0.067978"/>
</kw>
<kw name="Set Variable" owner="BuiltIn">
<msg time="2024-08-03T13:15:39.091456" level="INFO">${json_data} = {'results': [{'gender': 'female', 'name': {'title': 'Mrs', 'first': 'Valentina', 'last': 'Noel'}, 'location': {'street': {'number': 3138, 'name': "Place de L'Abbé-Basset"}, 'city': 'Clermont-Ferrand',...</msg>
<var>${json_data}</var>
<arg>${response.json()}</arg>
<doc>Returns the given values which can then be assigned to a variables.</doc>
<status status="PASS" start="2024-08-03T13:15:39.090905" elapsed="0.000582"/>
</kw>
<kw name="Log" owner="BuiltIn">
<msg time="2024-08-03T13:15:39.092042" level="INFO">{'results': [{'gender': 'female', 'name': {'title': 'Mrs', 'first': 'Valentina', 'last': 'Noel'}, 'location': {'street': {'number': 3138, 'name': "Place de L'Abbé-Basset"}, 'city': 'Clermont-Ferrand', 'state': 'Oise', 'country': 'France', 'postcode': 63373, 'coordinates': {'latitude': '-17.7783', 'longitude': '170.3286'}, 'timezone': {'offset': '+9:30', 'description': 'Adelaide, Darwin'}}, 'email': 'valentina.noel@example.com', 'login': {'uuid': 'fc8e533b-9c37-4f12-b0e2-bcd763fc4c3b', 'username': 'bluepanda823', 'password': 'underdog', 'salt': 'VmD9el9b', 'md5': 'b72951c1eb0e5010f03fb203ebfc24cf', 'sha1': '4a64b31cb26fef6494c23c7a8ac8bbba589c4196', 'sha256': 'bfa1b3ff5a4f0fdd863739b54cb4ae9dcfb9d7e19927f4e981401c90545f191a'}, 'dob': {'date': '1992-11-16T00:52:50.956Z', 'age': 31}, 'registered': {'date': '2012-02-24T09:42:06.436Z', 'age': 12}, 'phone': '01-97-27-27-37', 'cell': '06-45-24-23-04', 'id': {'name': 'INSEE', 'value': '2921038994854 33'}, 'picture': {'large': 'https://randomuser.me/api/portraits/women/42.jpg', 'medium': 'https://randomuser.me/api/portraits/med/women/42.jpg', 'thumbnail': 'https://randomuser.me/api/portraits/thumb/women/42.jpg'}, 'nat': 'FR'}], 'info': {'seed': 'f72783b4669f23c8', 'results': 1, 'page': 1, 'version': '1.4'}}</msg>
<arg>${json_data}</arg>
<doc>Logs the given message with the given level.</doc>
<status status="PASS" start="2024-08-03T13:15:39.091859" elapsed="0.000247"/>
</kw>
<kw name="Should Be Equal As Numbers" owner="BuiltIn">
<arg>${json_data['results'][0]['location']['postcode']}</arg>
<arg>${json_data['results'][0]['location']['postcode']}</arg>
<doc>Fails if objects are unequal after converting them to real numbers.</doc>
<status status="PASS" start="2024-08-03T13:15:39.092438" elapsed="0.000665"/>
</kw>
<kw name="Log" owner="BuiltIn">
<msg time="2024-08-03T13:15:39.093659" level="INFO">63373</msg>
<arg>${json_data['results'][0]['location']['postcode']}</arg>
<doc>Logs the given message with the given level.</doc>
<status status="PASS" start="2024-08-03T13:15:39.093310" elapsed="0.000391"/>
</kw>
<status status="PASS" start="2024-08-03T13:15:39.022112" elapsed="0.071921"/>
</kw>
<doc>Testa se os tipos de dados na resposta da API estão corretos.</doc>
<tag>testeTiposDados</tag>
<status status="PASS" start="2024-08-03T13:15:38.919053" elapsed="0.175164"/>
</test>
<test id="s1-s1-t5" name="Validar conteudo" line="35">
<kw name="Teste de Tipos de Conteudo" owner="random-user-service">
<kw name="GET On Session" owner="RequestsLibrary">
<msg time="2024-08-03T13:15:39.236844" level="INFO">GET Request : url=https://randomuser.me/api 
 path_url=/api 
 headers={'User-Agent': 'python-requests/2.32.3', 'Accept-Encoding': 'gzip, deflate', 'Accept': '*/*', 'Connection': 'keep-alive'} 
 body=None 
 </msg>
<msg time="2024-08-03T13:15:39.236953" level="INFO">GET Response : url=https://randomuser.me/api 
 status=200, reason=OK 
 headers={'Date': 'Sat, 03 Aug 2024 13:15:39 GMT', 'Content-Type': 'application/json; charset=utf-8', 'Transfer-Encoding': 'chunked', 'Connection': 'keep-alive', 'X-Powered-By': 'Express', 'Access-Control-Allow-Origin': '*', 'Cache-Control': 'no-cache', 'ETag': 'W/"48c-LY1ONmopR/1QUUikwiGvRmcG1J4"', 'Vary': 'Accept-Encoding', 'Content-Encoding': 'gzip', 'CF-Cache-Status': 'DYNAMIC', 'Report-To': '{"endpoints":[{"url":"https:\\/\\/a.nel.cloudflare.com\\/report\\/v4?s=t2SlGIE6Y%2FrFybeYAI0Bc66db3HwIKKtH%2FiganapSif%2BR4aUEi6VWF%2FFUh8rYv7fFKKjE3lF2cJ5B4zt8icl%2FD8%2F0w1DCMzgx9QnkvVc0ZZpjMR0wEyZQBTfeHt2q3s6"}],"group":"cf-nel","max_age":604800}', 'NEL': '{"success_fraction":0,"report_to":"cf-nel","max_age":604800}', 'Server': 'cloudflare', 'CF-RAY': '8ad693e15948205d-IAD', 'alt-svc': 'h3=":443"; ma=86400'} 
 body={"results":[{"gender":"female","name":{"title":"Mrs","first":"Emma","last":"Pedersen"},"location":{"street":{"number":2614,"name":"Skovvænget"},"city":"Stoevring","state":"Sjælland","country":"Denmark","postcode":15417,"coordinates":{"latitude":"-46.4613","longitude":"163.2269"},"timezone":{"offset":"+1:00","description":"Brussels, Copenhagen, Madrid, Paris"}},"email":"emma.pedersen@example.com","login":{"uuid":"4b774bcc-03ba-4ce0-833e-62cc6b962bec","username":"whitekoala244","password":"chico","salt":"nSPX5ban","md5":"855642fa41b663534b23b44497dc4b44","sha1":"fa79fb7d0035288bb65f29dfdf04d0ae42933527","sha256":"6f8457935a7ae078e4e52f706355afca1f004c5ab861b59ce879be38da46aea4"},"dob":{"date":"1989-06-26T00:37:56.597Z","age":35},"registered":{"date":"2018-06-16T00:07:30.078Z","age":6},"phone":"75417875","cell":"28775607","id":{"name":"CPR","value":"250689-7070"},"picture":{"large":"https://randomuser.me/api/portraits/women/36.jpg","medium":"https://randomuser.me/api/portraits/med/women/36.jpg","thumbnail":"https://randomuser.me/api/portraits/thumb/women/36.jpg"},"nat":"DK"}],"info":{"seed":"1655961d35ccd963","results":1,"page":1,"version":"1.4"}} 
 </msg>
<msg time="2024-08-03T13:15:39.237035" level="INFO">/opt/hostedtoolcache/Python/3.12.4/x64/lib/python3.12/site-packages/urllib3/connectionpool.py:1099: InsecureRequestWarning: Unverified HTTPS request is being made to host 'randomuser.me'. Adding certificate verification is strongly advised. See: https://urllib3.readthedocs.io/en/latest/advanced-usage.html#tls-warnings
  warnings.warn(</msg>
<msg time="2024-08-03T13:15:39.237177" level="INFO">${response} = &lt;Response [200]&gt;</msg>
<var>${response}</var>
<arg>consultarAPI</arg>
<arg>/api</arg>
<doc>Sends a GET request on a previously created HTTP Session.</doc>
<status status="PASS" start="2024-08-03T13:15:39.096894" elapsed="0.140332"/>
</kw>
<kw name="Set Variable" owner="BuiltIn">
<msg time="2024-08-03T13:15:39.238451" level="INFO">${json_data} = {'results': [{'gender': 'female', 'name': {'title': 'Mrs', 'first': 'Emma', 'last': 'Pedersen'}, 'location': {'street': {'number': 2614, 'name': 'Skovvænget'}, 'city': 'Stoevring', 'state': 'Sjælland'...</msg>
<var>${json_data}</var>
<arg>${response.json()}</arg>
<doc>Returns the given values which can then be assigned to a variables.</doc>
<status status="PASS" start="2024-08-03T13:15:39.237880" elapsed="0.000602"/>
</kw>
<kw name="Set Variable" owner="BuiltIn">
<msg time="2024-08-03T13:15:39.239187" level="INFO">${name_title} = Mrs</msg>
<var>${name_title}</var>
<arg>${json_data["results"][0]["name"]["title"]}</arg>
<doc>Returns the given values which can then be assigned to a variables.</doc>
<status status="PASS" start="2024-08-03T13:15:39.238798" elapsed="0.000415"/>
</kw>
<kw name="Create List" owner="BuiltIn">
<msg time="2024-08-03T13:15:39.239659" level="INFO">${allowed_titles} = ['Mr', 'Ms', 'Miss', 'Mrs', 'Madame', 'Monsieur']</msg>
<var>${allowed_titles}</var>
<arg>Mr</arg>
<arg>Ms</arg>
<arg>Miss</arg>
<arg>Mrs</arg>
<arg>Madame</arg>
<arg>Monsieur</arg>
<doc>Returns a list containing given items.</doc>
<status status="PASS" start="2024-08-03T13:15:39.239509" elapsed="0.000174"/>
</kw>
<kw name="List Should Contain Value" owner="Collections">
<arg>${allowed_titles}</arg>
<arg>${name_title}</arg>
<doc>Fails if the ``value`` is not found from ``list``.</doc>
<status status="PASS" start="2024-08-03T13:15:39.239984" elapsed="0.000178"/>
</kw>
<kw name="Set Variable" owner="BuiltIn">
<msg time="2024-08-03T13:15:39.240712" level="INFO">${name_country} = DK</msg>
<var>${name_country}</var>
<arg>${json_data["results"][0]["nat"]}</arg>
<doc>Returns the given values which can then be assigned to a variables.</doc>
<status status="PASS" start="2024-08-03T13:15:39.240345" elapsed="0.000392"/>
</kw>
<kw name="Create List" owner="BuiltIn">
<msg time="2024-08-03T13:15:39.241619" level="INFO">${list_country} = ['AD', 'AE', 'AF', 'AG', 'AI', 'AL', 'AM', 'AO', 'AQ', 'AR', 'AS', 'AT', 'AU', 'AW', 'AX', 'AZ', 'BA', 'BB', 'BD', 'BE', 'BF', 'BG', 'BH', 'BI', 'BJ', 'BL', 'BM', 'BN', 'BO', 'BQ', 'BR', 'BS', 'BT', '...</msg>
<var>${list_country}</var>
<arg>AD</arg>
<arg>AE</arg>
<arg>AF</arg>
<arg>AG</arg>
<arg>AI</arg>
<arg>AL</arg>
<arg>AM</arg>
<arg>AO</arg>
<arg>AQ</arg>
<arg>AR</arg>
<arg>AS</arg>
<arg>AT</arg>
<arg>AU</arg>
<arg>AW</arg>
<arg>AX</arg>
<arg>AZ</arg>
<arg>BA</arg>
<arg>BB</arg>
<arg>BD</arg>
<arg>BE</arg>
<arg>BF</arg>
<arg>BG</arg>
<arg>BH</arg>
<arg>BI</arg>
<arg>BJ</arg>
<arg>BL</arg>
<arg>BM</arg>
<arg>BN</arg>
<arg>BO</arg>
<arg>BQ</arg>
<arg>BR</arg>
<arg>BS</arg>
<arg>BT</arg>
<arg>BV</arg>
<arg>BW</arg>
<arg>BY</arg>
<arg>BZ</arg>
<arg>CA</arg>
<arg>CC</arg>
<arg>CD</arg>
<arg>CF</arg>
<arg>CG</arg>
<arg>CH</arg>
<arg>CI</arg>
<arg>CK</arg>
<arg>CL</arg>
<arg>CM</arg>
<arg>CN</arg>
<arg>CO</arg>
<arg>CR</arg>
<arg>CU</arg>
<arg>CV</arg>
<arg>CW</arg>
<arg>CX</arg>
<arg>CY</arg>
<arg>CZ</arg>
<arg>DE</arg>
<arg>DJ</arg>
<arg>DK</arg>
<arg>DM</arg>
<arg>DO</arg>
<arg>DZ</arg>
<arg>EC</arg>
<arg>EE</arg>
<arg>EG</arg>
<arg>EH</arg>
<arg>ER</arg>
<arg>ES</arg>
<arg>ET</arg>
<arg>FI</arg>
<arg>FJ</arg>
<arg>FK</arg>
<arg>FM</arg>
<arg>FO</arg>
<arg>FR</arg>
<arg>GA</arg>
<arg>GB</arg>
<arg>GD</arg>
<arg>GE</arg>
<arg>GF</arg>
<arg>GG</arg>
<arg>GH</arg>
<arg>GI</arg>
<arg>GL</arg>
<arg>GM</arg>
<arg>GN</arg>
<arg>GP</arg>
<arg>GQ</arg>
<arg>GR</arg>
<arg>GS</arg>
<arg>GT</arg>
<arg>GU</arg>
<arg>GW</arg>
<arg>GY</arg>
<arg>HK</arg>
<arg>HM</arg>
<arg>HN</arg>
<arg>HR</arg>
<arg>HT</arg>
<arg>HU</arg>
<arg>ID</arg>
<arg>IE</arg>
<arg>IL</arg>
<arg>IM</arg>
<arg>IN</arg>
<arg>IO</arg>
<arg>IQ</arg>
<arg>IR</arg>
<arg>IS</arg>
<arg>IT</arg>
<arg>JE</arg>
<arg>JM</arg>
<arg>JO</arg>
<arg>JP</arg>
<arg>KE</arg>
<arg>KG</arg>
<arg>KH</arg>
<arg>KI</arg>
<arg>KM</arg>
<arg>KN</arg>
<arg>KP</arg>
<arg>KR</arg>
<arg>KW</arg>
<arg>KY</arg>
<arg>KZ</arg>
<arg>LA</arg>
<arg>LB</arg>
<arg>LC</arg>
<arg>LI</arg>
<arg>LK</arg>
<arg>LR</arg>
<arg>LS</arg>
<arg>LT</arg>
<arg>LU</arg>
<arg>LV</arg>
<arg>LY</arg>
<arg>MA</arg>
<arg>MC</arg>
<arg>MD</arg>
<arg>ME</arg>
<arg>MF</arg>
<arg>MG</arg>
<arg>MH</arg>
<arg>MK</arg>
<arg>ML</arg>
<arg>MM</arg>
<arg>MN</arg>
<arg>MO</arg>
<arg>MP</arg>
<arg>MQ</arg>
<arg>MR</arg>
<arg>MS</arg>
<arg>MT</arg>
<arg>MU</arg>
<arg>MV</arg>
<arg>MW</arg>
<arg>MX</arg>
<arg>MY</arg>
<arg>MZ</arg>
<arg>NA</arg>
<arg>NC</arg>
<arg>NE</arg>
<arg>NF</arg>
<arg>NG</arg>
<arg>NI</arg>
<arg>NL</arg>
<arg>NO</arg>
<arg>NP</arg>
<arg>NR</arg>
<arg>NU</arg>
<arg>NZ</arg>
<arg>OM</arg>
<arg>PA</arg>
<arg>PE</arg>
<arg>PF</arg>
<arg>PG</arg>
<arg>PH</arg>
<arg>PK</arg>
<arg>PL</arg>
<arg>PM</arg>
<arg>PN</arg>
<arg>PR</arg>
<arg>PS</arg>
<arg>PT</arg>
<arg>PW</arg>
<arg>PY</arg>
<arg>QA</arg>
<arg>RE</arg>
<arg>RO</arg>
<arg>RS</arg>
<arg>RU</arg>
<arg>RW</arg>
<arg>SA</arg>
<arg>SB</arg>
<arg>SC</arg>
<arg>SD</arg>
<arg>SE</arg>
<arg>SG</arg>
<arg>SH</arg>
<arg>SI</arg>
<arg>SJ</arg>
<arg>SK</arg>
<arg>SL</arg>
<arg>SM</arg>
<arg>SN</arg>
<arg>SO</arg>
<arg>SR</arg>
<arg>SS</arg>
<arg>ST</arg>
<arg>SV</arg>
<arg>SX</arg>
<arg>SY</arg>
<arg>SZ</arg>
<arg>TC</arg>
<arg>TD</arg>
<arg>TF</arg>
<arg>TG</arg>
<arg>TH</arg>
<arg>TJ</arg>
<arg>TK</arg>
<arg>TL</arg>
<arg>TM</arg>
<arg>TN</arg>
<arg>TO</arg>
<arg>TR</arg>
<arg>TT</arg>
<arg>TV</arg>
<arg>TW</arg>
<arg>TZ</arg>
<arg>UA</arg>
<arg>UG</arg>
<arg>UM</arg>
<arg>US</arg>
<arg>UY</arg>
<arg>UZ</arg>
<arg>VA</arg>
<arg>VC</arg>
<arg>VE</arg>
<arg>VG</arg>
<arg>VI</arg>
<arg>VN</arg>
<arg>VU</arg>
<arg>WF</arg>
<arg>WS</arg>
<arg>XK</arg>
<arg>YE</arg>
<arg>YT</arg>
<arg>ZA</arg>
<arg>ZM</arg>
<arg>ZW</arg>
<doc>Returns a list containing given items.</doc>
<status status="PASS" start="2024-08-03T13:15:39.241027" elapsed="0.000618"/>
</kw>
<kw name="List Should Contain Value" owner="Collections">
<arg>${list_country}</arg>
<arg>${name_country}</arg>
<doc>Fails if the ``value`` is not found from ``list``.</doc>
<status status="PASS" start="2024-08-03T13:15:39.242660" elapsed="0.000213"/>
</kw>
<kw name="Run Keyword If" owner="BuiltIn">
<kw name="Should Be True" owner="BuiltIn">
<arg>${True}</arg>
<doc>Fails if the given condition is not true.</doc>
<status status="PASS" start="2024-08-03T13:15:39.243823" elapsed="0.000143"/>
</kw>
<arg>${json_data["results"][0]["location"]["coordinates"]["latitude"]} &gt;= -90 and ${json_data["results"][0]["location"]["coordinates"]["latitude"]} &lt;= 90</arg>
<arg>Should Be True</arg>
<arg>${True}</arg>
<doc>Runs the given keyword with the given arguments, if ``condition`` is true.</doc>
<status status="PASS" start="2024-08-03T13:15:39.243076" elapsed="0.001015"/>
</kw>
<kw name="Run Keyword If" owner="BuiltIn">
<kw name="Should Be True" owner="BuiltIn">
<arg>${True}</arg>
<doc>Fails if the given condition is not true.</doc>
<status status="PASS" start="2024-08-03T13:15:39.244961" elapsed="0.000136"/>
</kw>
<arg>${json_data["results"][0]["location"]["coordinates"]["longitude"]} &gt;= -180 and ${json_data["results"][0]["location"]["coordinates"]["longitude"]} &lt;= 180</arg>
<arg>Should Be True</arg>
<arg>${True}</arg>
<doc>Runs the given keyword with the given arguments, if ``condition`` is true.</doc>
<status status="PASS" start="2024-08-03T13:15:39.244273" elapsed="0.000946"/>
</kw>
<status status="PASS" start="2024-08-03T13:15:39.096653" elapsed="0.148696"/>
</kw>
<doc>Testa o conteúdo específico dos campos retornados pela API.</doc>
<tag>testeConteudo</tag>
<status status="PASS" start="2024-08-03T13:15:39.096088" elapsed="0.149413"/>
</test>
<status status="PASS" start="2024-08-03T13:15:38.353673" elapsed="0.893842"/>
</suite>
<status status="PASS" start="2024-08-03T13:15:38.339174" elapsed="0.913532"/>
</suite>
<statistics>
<total>
<stat pass="5" fail="0" skip="0">All Tests</stat>
</total>
<tag>
<stat pass="1" fail="0" skip="0">testeConteudo</stat>
<stat pass="1" fail="0" skip="0">testeEstruturaResposta</stat>
<stat pass="1" fail="0" skip="0">testeRequisicaoBasica</stat>
<stat pass="1" fail="0" skip="0">testeTiposDados</stat>
</tag>
<suite>
<stat pass="5" fail="0" skip="0" id="s1" name="Tests">Tests</stat>
<stat pass="5" fail="0" skip="0" id="s1-s1" name="Random-User-Test">Tests.Random-User-Test</stat>
</suite>
</statistics>
<errors>
</errors>
</robot>
