<?xml version="1.0" encoding="UTF-8"?>
<robot generator="Robot 7.0.1 (Python 3.12.4 on linux)" generated="2024-07-26T14:14:00.216257" rpa="false" schemaversion="5">
<suite id="s1" name="Tests" source="/home/runner/work/ApiRandomUser/ApiRandomUser/RamdonUser/tests">
<suite id="s1-s1" name="Random-User-Test" source="/home/runner/work/ApiRandomUser/ApiRandomUser/RamdonUser/tests/random-user-test.robot">
<test id="s1-s1-t1" name="Conectar" line="13">
<kw name="Conectar API" owner="random-user-service">
<kw name="Create Session" owner="RequestsLibrary">
<msg time="2024-07-26T14:14:00.606727" level="INFO">Creating Session using : alias=consultarAPI, url=https://randomuser.me/, headers={},                     cookies={}, auth=None, timeout=None, proxies=None, verify=False,                     debug=0 </msg>
<arg>consultarAPI</arg>
<arg>${URL}</arg>
<doc>Create Session: create a HTTP session to a server</doc>
<status status="PASS" start="2024-07-26T14:14:00.606531" elapsed="0.000377"/>
</kw>
<status status="PASS" start="2024-07-26T14:14:00.605490" elapsed="0.001816"/>
</kw>
<status status="PASS" start="2024-07-26T14:14:00.604958" elapsed="0.002545"/>
</test>
<test id="s1-s1-t2" name="Validar retorno 200 e JSON Válido" line="16">
<kw name="Teste de Requisicao Basica" owner="random-user-service">
<kw name="GET On Session" owner="RequestsLibrary">
<msg time="2024-07-26T14:14:00.986560" level="INFO">GET Request : url=https://randomuser.me/api 
 path_url=/api 
 headers={'User-Agent': 'python-requests/2.32.3', 'Accept-Encoding': 'gzip, deflate', 'Accept': '*/*', 'Connection': 'keep-alive'} 
 body=None 
 </msg>
<msg time="2024-07-26T14:14:00.986709" level="INFO">GET Response : url=https://randomuser.me/api 
 status=200, reason=OK 
 headers={'Date': 'Fri, 26 Jul 2024 14:14:00 GMT', 'Content-Type': 'application/json; charset=utf-8', 'Transfer-Encoding': 'chunked', 'Connection': 'keep-alive', 'X-Powered-By': 'Express', 'Access-Control-Allow-Origin': '*', 'Cache-Control': 'no-cache', 'ETag': 'W/"480-b5Q1rMmCa48bwLM5FvUwJhO6EiQ"', 'Vary': 'Accept-Encoding', 'Content-Encoding': 'gzip', 'CF-Cache-Status': 'DYNAMIC', 'Report-To': '{"endpoints":[{"url":"https:\\/\\/a.nel.cloudflare.com\\/report\\/v4?s=ZMfk23oG9BMGzOV9nPzzc7cREZO0M6kQ5sGRVyrt5%2FOvbzRQ6Bbm2LnYP6%2BHJR%2FmbV1iZkLYMePAD8sNImQDvPDdUcrSM6w2ySZb1EObAB%2FkUGxw6j7SCOMxDf%2FYPom9"}],"group":"cf-nel","max_age":604800}', 'NEL': '{"success_fraction":0,"report_to":"cf-nel","max_age":604800}', 'Server': 'cloudflare', 'CF-RAY': '8a94fe5f7ea52b50-LAX', 'alt-svc': 'h3=":443"; ma=86400'} 
 body={"results":[{"gender":"male","name":{"title":"Mr","first":"Eeli","last":"Walli"},"location":{"street":{"number":2488,"name":"Mechelininkatu"},"city":"Asikkala","state":"Tavastia Proper","country":"Finland","postcode":40733,"coordinates":{"latitude":"-27.8842","longitude":"-91.1826"},"timezone":{"offset":"-3:30","description":"Newfoundland"}},"email":"eeli.walli@example.com","login":{"uuid":"2f4360e5-047d-4bab-98d5-4c825659d480","username":"ticklishfrog325","password":"knicks","salt":"arCZROSe","md5":"230c1cb4b65b3e33a80d00ecc5f81eb2","sha1":"1e74594df3754e9ce2bd55d81df831c98fe39eb7","sha256":"d99ed2ade8ff28dbf14405c7a20f33dd481fa4a31b452eac299af668e3f3917c"},"dob":{"date":"1988-07-14T19:02:55.954Z","age":36},"registered":{"date":"2013-05-12T00:25:52.385Z","age":11},"phone":"04-436-825","cell":"040-870-10-47","id":{"name":"HETU","value":"NaNNA863undefined"},"picture":{"large":"https://randomuser.me/api/portraits/men/13.jpg","medium":"https://randomuser.me/api/portraits/med/men/13.jpg","thumbnail":"https://randomuser.me/api/portraits/thumb/men/13.jpg"},"nat":"FI"}],"info":{"seed":"ee7e00cb357de4b1","results":1,"page":1,"version":"1.4"}} 
 </msg>
<msg time="2024-07-26T14:14:00.986788" level="INFO">/opt/hostedtoolcache/Python/3.12.4/x64/lib/python3.12/site-packages/urllib3/connectionpool.py:1099: InsecureRequestWarning: Unverified HTTPS request is being made to host 'randomuser.me'. Adding certificate verification is strongly advised. See: https://urllib3.readthedocs.io/en/latest/advanced-usage.html#tls-warnings
  warnings.warn(</msg>
<msg time="2024-07-26T14:14:00.986921" level="INFO">${response} = &lt;Response [200]&gt;</msg>
<var>${response}</var>
<arg>consultarAPI</arg>
<arg>/api</arg>
<doc>Sends a GET request on a previously created HTTP Session.</doc>
<status status="PASS" start="2024-07-26T14:14:00.610058" elapsed="0.376905"/>
</kw>
<kw name="Should Be Equal As Numbers" owner="BuiltIn">
<msg time="2024-07-26T14:14:00.987947" level="INFO">Argument types are:
&lt;class 'int'&gt;
&lt;class 'str'&gt;</msg>
<arg>${response.status_code}</arg>
<arg>200</arg>
<doc>Fails if objects are unequal after converting them to real numbers.</doc>
<status status="PASS" start="2024-07-26T14:14:00.987501" elapsed="0.000508"/>
</kw>
<kw name="Log" owner="BuiltIn">
<msg time="2024-07-26T14:14:00.988680" level="INFO">200</msg>
<arg>${response.status_code}</arg>
<doc>Logs the given message with the given level.</doc>
<status status="PASS" start="2024-07-26T14:14:00.988322" elapsed="0.000399"/>
</kw>
<kw name="Set Variable" owner="BuiltIn">
<msg time="2024-07-26T14:14:00.989453" level="INFO">${json_data} = {'results': [{'gender': 'male', 'name': {'title': 'Mr', 'first': 'Eeli', 'last': 'Walli'}, 'location': {'street': {'number': 2488, 'name': 'Mechelininkatu'}, 'city': 'Asikkala', 'state': 'Tavastia Pro...</msg>
<var>${json_data}</var>
<arg>${response.json()}</arg>
<doc>Returns the given values which can then be assigned to a variables.</doc>
<status status="PASS" start="2024-07-26T14:14:00.989024" elapsed="0.000456"/>
</kw>
<kw name="Dictionary Should Contain Key" owner="Collections">
<arg>${json_data}</arg>
<arg>results</arg>
<doc>Fails if ``key`` is not found from ``dictionary``.</doc>
<status status="PASS" start="2024-07-26T14:14:00.989782" elapsed="0.000327"/>
</kw>
<status status="PASS" start="2024-07-26T14:14:00.609814" elapsed="0.380447"/>
</kw>
<doc>Testa se a API responde corretamente e retorna um objeto JSON válido.</doc>
<tag>testeRequisicaoBasica</tag>
<status status="PASS" start="2024-07-26T14:14:00.609358" elapsed="0.381079"/>
</test>
<test id="s1-s1-t3" name="Validar estrutura de resposta" line="22">
<kw name="Teste de Estrutura de Resposta" owner="random-user-service">
<kw name="GET On Session" owner="RequestsLibrary">
<msg time="2024-07-26T14:14:01.101692" level="INFO">GET Request : url=https://randomuser.me/api 
 path_url=/api 
 headers={'User-Agent': 'python-requests/2.32.3', 'Accept-Encoding': 'gzip, deflate', 'Accept': '*/*', 'Connection': 'keep-alive'} 
 body=None 
 </msg>
<msg time="2024-07-26T14:14:01.101770" level="INFO">GET Response : url=https://randomuser.me/api 
 status=200, reason=OK 
 headers={'Date': 'Fri, 26 Jul 2024 14:14:01 GMT', 'Content-Type': 'application/json; charset=utf-8', 'Transfer-Encoding': 'chunked', 'Connection': 'keep-alive', 'X-Powered-By': 'Express', 'Access-Control-Allow-Origin': '*', 'Cache-Control': 'no-cache', 'ETag': 'W/"47c-cqNSNPJRtvXnsZaiqNoVhguaPZY"', 'Vary': 'Accept-Encoding', 'Content-Encoding': 'gzip', 'CF-Cache-Status': 'DYNAMIC', 'Report-To': '{"endpoints":[{"url":"https:\\/\\/a.nel.cloudflare.com\\/report\\/v4?s=WDOu8DcxazDsfPTJRP2s2AOsc6oZ24klKYxtCZ%2B0X4Y2h6Y0HEtz%2BpK4yv7pYnV7NOaNCs8zzDJg8Mj%2BAtdtZER1D%2FyhfMS50q4ivSLjVqvZsJ0A3MsCGQqFiJONACKk"}],"group":"cf-nel","max_age":604800}', 'NEL': '{"success_fraction":0,"report_to":"cf-nel","max_age":604800}', 'Server': 'cloudflare', 'CF-RAY': '8a94fe603f402b50-LAX', 'alt-svc': 'h3=":443"; ma=86400'} 
 body={"results":[{"gender":"male","name":{"title":"Mr","first":"Volkan","last":"Abacı"},"location":{"street":{"number":4403,"name":"Mevlana Cd"},"city":"Hakkâri","state":"Sinop","country":"Turkey","postcode":89708,"coordinates":{"latitude":"66.6454","longitude":"-35.3456"},"timezone":{"offset":"+5:30","description":"Bombay, Calcutta, Madras, New Delhi"}},"email":"volkan.abaci@example.com","login":{"uuid":"f0b7e5be-29da-467d-b7e9-7fcd847c8c7b","username":"tinymeercat510","password":"jojojo","salt":"lM1NyB1U","md5":"44a776653f0f778684d4fbcd42eea320","sha1":"70a62a81ee63476890df81f6ee8954550ae5ea1d","sha256":"159a3d26e3e7f4a281985107024352cbf8198641224362c45e4e0172f50e334c"},"dob":{"date":"2000-02-12T18:21:44.732Z","age":24},"registered":{"date":"2018-08-01T17:39:18.302Z","age":5},"phone":"(524)-757-4728","cell":"(619)-441-8093","id":{"name":"","value":null},"picture":{"large":"https://randomuser.me/api/portraits/men/81.jpg","medium":"https://randomuser.me/api/portraits/med/men/81.jpg","thumbnail":"https://randomuser.me/api/portraits/thumb/men/81.jpg"},"nat":"TR"}],"info":{"seed":"899749fa56444943","results":1,"page":1,"version":"1.4"}} 
 </msg>
<msg time="2024-07-26T14:14:01.101872" level="INFO">/opt/hostedtoolcache/Python/3.12.4/x64/lib/python3.12/site-packages/urllib3/connectionpool.py:1099: InsecureRequestWarning: Unverified HTTPS request is being made to host 'randomuser.me'. Adding certificate verification is strongly advised. See: https://urllib3.readthedocs.io/en/latest/advanced-usage.html#tls-warnings
  warnings.warn(</msg>
<msg time="2024-07-26T14:14:01.101969" level="INFO">${response} = &lt;Response [200]&gt;</msg>
<var>${response}</var>
<arg>consultarAPI</arg>
<arg>/api</arg>
<doc>Sends a GET request on a previously created HTTP Session.</doc>
<status status="PASS" start="2024-07-26T14:14:00.993080" elapsed="0.108930"/>
</kw>
<kw name="Set Variable" owner="BuiltIn">
<msg time="2024-07-26T14:14:01.103056" level="INFO">${json_data} = {'results': [{'gender': 'male', 'name': {'title': 'Mr', 'first': 'Volkan', 'last': 'Abacı'}, 'location': {'street': {'number': 4403, 'name': 'Mevlana Cd'}, 'city': 'Hakkâri', 'state': 'Sinop', 'countr...</msg>
<var>${json_data}</var>
<arg>${response.json()}</arg>
<doc>Returns the given values which can then be assigned to a variables.</doc>
<status status="PASS" start="2024-07-26T14:14:01.102484" elapsed="0.000602"/>
</kw>
<kw name="Log" owner="BuiltIn">
<msg time="2024-07-26T14:14:01.103608" level="INFO">{'results': [{'gender': 'male', 'name': {'title': 'Mr', 'first': 'Volkan', 'last': 'Abacı'}, 'location': {'street': {'number': 4403, 'name': 'Mevlana Cd'}, 'city': 'Hakkâri', 'state': 'Sinop', 'country': 'Turkey', 'postcode': 89708, 'coordinates': {'latitude': '66.6454', 'longitude': '-35.3456'}, 'timezone': {'offset': '+5:30', 'description': 'Bombay, Calcutta, Madras, New Delhi'}}, 'email': 'volkan.abaci@example.com', 'login': {'uuid': 'f0b7e5be-29da-467d-b7e9-7fcd847c8c7b', 'username': 'tinymeercat510', 'password': 'jojojo', 'salt': 'lM1NyB1U', 'md5': '44a776653f0f778684d4fbcd42eea320', 'sha1': '70a62a81ee63476890df81f6ee8954550ae5ea1d', 'sha256': '159a3d26e3e7f4a281985107024352cbf8198641224362c45e4e0172f50e334c'}, 'dob': {'date': '2000-02-12T18:21:44.732Z', 'age': 24}, 'registered': {'date': '2018-08-01T17:39:18.302Z', 'age': 5}, 'phone': '(524)-757-4728', 'cell': '(619)-441-8093', 'id': {'name': '', 'value': None}, 'picture': {'large': 'https://randomuser.me/api/portraits/men/81.jpg', 'medium': 'https://randomuser.me/api/portraits/med/men/81.jpg', 'thumbnail': 'https://randomuser.me/api/portraits/thumb/men/81.jpg'}, 'nat': 'TR'}], 'info': {'seed': '899749fa56444943', 'results': 1, 'page': 1, 'version': '1.4'}}</msg>
<arg>${json_data}</arg>
<doc>Logs the given message with the given level.</doc>
<status status="PASS" start="2024-07-26T14:14:01.103443" elapsed="0.000215"/>
</kw>
<kw name="Dictionary Should Contain Key" owner="Collections">
<arg>${json_data}</arg>
<arg>results</arg>
<doc>Fails if ``key`` is not found from ``dictionary``.</doc>
<status status="PASS" start="2024-07-26T14:14:01.103953" elapsed="0.000160"/>
</kw>
<kw name="Should Not Be Empty" owner="BuiltIn">
<msg time="2024-07-26T14:14:01.104429" level="INFO">Length is 2.</msg>
<arg>${json_data}</arg>
<doc>Verifies that the given item is not empty.</doc>
<status status="PASS" start="2024-07-26T14:14:01.104298" elapsed="0.000169"/>
</kw>
<kw name="Create List" owner="BuiltIn">
<msg time="2024-07-26T14:14:01.104902" level="INFO">${expected_keys} = ['gender', 'name', 'location', 'email', 'login']</msg>
<var>${expected_keys}</var>
<arg>gender</arg>
<arg>name</arg>
<arg>location</arg>
<arg>email</arg>
<arg>login</arg>
<doc>Returns a list containing given items.</doc>
<status status="PASS" start="2024-07-26T14:14:01.104752" elapsed="0.000173"/>
</kw>
<for flavor="IN">
<iter>
<kw name="Dictionary Should Contain Key" owner="Collections">
<arg>${json_data['results'][0]}</arg>
<arg>${key}</arg>
<doc>Fails if ``key`` is not found from ``dictionary``.</doc>
<status status="PASS" start="2024-07-26T14:14:01.105490" elapsed="0.000406"/>
</kw>
<kw name="Log" owner="BuiltIn">
<msg time="2024-07-26T14:14:01.106449" level="INFO">{'gender': 'male', 'name': {'title': 'Mr', 'first': 'Volkan', 'last': 'Abacı'}, 'location': {'street': {'number': 4403, 'name': 'Mevlana Cd'}, 'city': 'Hakkâri', 'state': 'Sinop', 'country': 'Turkey', 'postcode': 89708, 'coordinates': {'latitude': '66.6454', 'longitude': '-35.3456'}, 'timezone': {'offset': '+5:30', 'description': 'Bombay, Calcutta, Madras, New Delhi'}}, 'email': 'volkan.abaci@example.com', 'login': {'uuid': 'f0b7e5be-29da-467d-b7e9-7fcd847c8c7b', 'username': 'tinymeercat510', 'password': 'jojojo', 'salt': 'lM1NyB1U', 'md5': '44a776653f0f778684d4fbcd42eea320', 'sha1': '70a62a81ee63476890df81f6ee8954550ae5ea1d', 'sha256': '159a3d26e3e7f4a281985107024352cbf8198641224362c45e4e0172f50e334c'}, 'dob': {'date': '2000-02-12T18:21:44.732Z', 'age': 24}, 'registered': {'date': '2018-08-01T17:39:18.302Z', 'age': 5}, 'phone': '(524)-757-4728', 'cell': '(619)-441-8093', 'id': {'name': '', 'value': None}, 'picture': {'large': 'https://randomuser.me/api/portraits/men/81.jpg', 'medium': 'https://randomuser.me/api/portraits/med/men/81.jpg', 'thumbnail': 'https://randomuser.me/api/portraits/thumb/men/81.jpg'}, 'nat': 'TR'}</msg>
<arg>${json_data['results'][0]}</arg>
<doc>Logs the given message with the given level.</doc>
<status status="PASS" start="2024-07-26T14:14:01.106082" elapsed="0.000419"/>
</kw>
<kw name="Log" owner="BuiltIn">
<msg time="2024-07-26T14:14:01.106944" level="INFO">gender</msg>
<arg>${key}</arg>
<doc>Logs the given message with the given level.</doc>
<status status="PASS" start="2024-07-26T14:14:01.106816" elapsed="0.000165"/>
</kw>
<var name="${key}">gender</var>
<status status="PASS" start="2024-07-26T14:14:01.105364" elapsed="0.001856"/>
</iter>
<iter>
<kw name="Dictionary Should Contain Key" owner="Collections">
<arg>${json_data['results'][0]}</arg>
<arg>${key}</arg>
<doc>Fails if ``key`` is not found from ``dictionary``.</doc>
<status status="PASS" start="2024-07-26T14:14:01.107515" elapsed="0.000474"/>
</kw>
<kw name="Log" owner="BuiltIn">
<msg time="2024-07-26T14:14:01.108541" level="INFO">{'gender': 'male', 'name': {'title': 'Mr', 'first': 'Volkan', 'last': 'Abacı'}, 'location': {'street': {'number': 4403, 'name': 'Mevlana Cd'}, 'city': 'Hakkâri', 'state': 'Sinop', 'country': 'Turkey', 'postcode': 89708, 'coordinates': {'latitude': '66.6454', 'longitude': '-35.3456'}, 'timezone': {'offset': '+5:30', 'description': 'Bombay, Calcutta, Madras, New Delhi'}}, 'email': 'volkan.abaci@example.com', 'login': {'uuid': 'f0b7e5be-29da-467d-b7e9-7fcd847c8c7b', 'username': 'tinymeercat510', 'password': 'jojojo', 'salt': 'lM1NyB1U', 'md5': '44a776653f0f778684d4fbcd42eea320', 'sha1': '70a62a81ee63476890df81f6ee8954550ae5ea1d', 'sha256': '159a3d26e3e7f4a281985107024352cbf8198641224362c45e4e0172f50e334c'}, 'dob': {'date': '2000-02-12T18:21:44.732Z', 'age': 24}, 'registered': {'date': '2018-08-01T17:39:18.302Z', 'age': 5}, 'phone': '(524)-757-4728', 'cell': '(619)-441-8093', 'id': {'name': '', 'value': None}, 'picture': {'large': 'https://randomuser.me/api/portraits/men/81.jpg', 'medium': 'https://randomuser.me/api/portraits/med/men/81.jpg', 'thumbnail': 'https://randomuser.me/api/portraits/thumb/men/81.jpg'}, 'nat': 'TR'}</msg>
<arg>${json_data['results'][0]}</arg>
<doc>Logs the given message with the given level.</doc>
<status status="PASS" start="2024-07-26T14:14:01.108172" elapsed="0.000452"/>
</kw>
<kw name="Log" owner="BuiltIn">
<msg time="2024-07-26T14:14:01.109050" level="INFO">name</msg>
<arg>${key}</arg>
<doc>Logs the given message with the given level.</doc>
<status status="PASS" start="2024-07-26T14:14:01.108923" elapsed="0.000164"/>
</kw>
<var name="${key}">name</var>
<status status="PASS" start="2024-07-26T14:14:01.107405" elapsed="0.001897"/>
</iter>
<iter>
<kw name="Dictionary Should Contain Key" owner="Collections">
<arg>${json_data['results'][0]}</arg>
<arg>${key}</arg>
<doc>Fails if ``key`` is not found from ``dictionary``.</doc>
<status status="PASS" start="2024-07-26T14:14:01.109586" elapsed="0.000387"/>
</kw>
<kw name="Log" owner="BuiltIn">
<msg time="2024-07-26T14:14:01.110514" level="INFO">{'gender': 'male', 'name': {'title': 'Mr', 'first': 'Volkan', 'last': 'Abacı'}, 'location': {'street': {'number': 4403, 'name': 'Mevlana Cd'}, 'city': 'Hakkâri', 'state': 'Sinop', 'country': 'Turkey', 'postcode': 89708, 'coordinates': {'latitude': '66.6454', 'longitude': '-35.3456'}, 'timezone': {'offset': '+5:30', 'description': 'Bombay, Calcutta, Madras, New Delhi'}}, 'email': 'volkan.abaci@example.com', 'login': {'uuid': 'f0b7e5be-29da-467d-b7e9-7fcd847c8c7b', 'username': 'tinymeercat510', 'password': 'jojojo', 'salt': 'lM1NyB1U', 'md5': '44a776653f0f778684d4fbcd42eea320', 'sha1': '70a62a81ee63476890df81f6ee8954550ae5ea1d', 'sha256': '159a3d26e3e7f4a281985107024352cbf8198641224362c45e4e0172f50e334c'}, 'dob': {'date': '2000-02-12T18:21:44.732Z', 'age': 24}, 'registered': {'date': '2018-08-01T17:39:18.302Z', 'age': 5}, 'phone': '(524)-757-4728', 'cell': '(619)-441-8093', 'id': {'name': '', 'value': None}, 'picture': {'large': 'https://randomuser.me/api/portraits/men/81.jpg', 'medium': 'https://randomuser.me/api/portraits/med/men/81.jpg', 'thumbnail': 'https://randomuser.me/api/portraits/thumb/men/81.jpg'}, 'nat': 'TR'}</msg>
<arg>${json_data['results'][0]}</arg>
<doc>Logs the given message with the given level.</doc>
<status status="PASS" start="2024-07-26T14:14:01.110161" elapsed="0.000403"/>
</kw>
<kw name="Log" owner="BuiltIn">
<msg time="2024-07-26T14:14:01.110980" level="INFO">location</msg>
<arg>${key}</arg>
<doc>Logs the given message with the given level.</doc>
<status status="PASS" start="2024-07-26T14:14:01.110854" elapsed="0.000163"/>
</kw>
<var name="${key}">location</var>
<status status="PASS" start="2024-07-26T14:14:01.109477" elapsed="0.001786"/>
</iter>
<iter>
<kw name="Dictionary Should Contain Key" owner="Collections">
<arg>${json_data['results'][0]}</arg>
<arg>${key}</arg>
<doc>Fails if ``key`` is not found from ``dictionary``.</doc>
<status status="PASS" start="2024-07-26T14:14:01.111552" elapsed="0.000394"/>
</kw>
<kw name="Log" owner="BuiltIn">
<msg time="2024-07-26T14:14:01.112594" level="INFO">{'gender': 'male', 'name': {'title': 'Mr', 'first': 'Volkan', 'last': 'Abacı'}, 'location': {'street': {'number': 4403, 'name': 'Mevlana Cd'}, 'city': 'Hakkâri', 'state': 'Sinop', 'country': 'Turkey', 'postcode': 89708, 'coordinates': {'latitude': '66.6454', 'longitude': '-35.3456'}, 'timezone': {'offset': '+5:30', 'description': 'Bombay, Calcutta, Madras, New Delhi'}}, 'email': 'volkan.abaci@example.com', 'login': {'uuid': 'f0b7e5be-29da-467d-b7e9-7fcd847c8c7b', 'username': 'tinymeercat510', 'password': 'jojojo', 'salt': 'lM1NyB1U', 'md5': '44a776653f0f778684d4fbcd42eea320', 'sha1': '70a62a81ee63476890df81f6ee8954550ae5ea1d', 'sha256': '159a3d26e3e7f4a281985107024352cbf8198641224362c45e4e0172f50e334c'}, 'dob': {'date': '2000-02-12T18:21:44.732Z', 'age': 24}, 'registered': {'date': '2018-08-01T17:39:18.302Z', 'age': 5}, 'phone': '(524)-757-4728', 'cell': '(619)-441-8093', 'id': {'name': '', 'value': None}, 'picture': {'large': 'https://randomuser.me/api/portraits/men/81.jpg', 'medium': 'https://randomuser.me/api/portraits/med/men/81.jpg', 'thumbnail': 'https://randomuser.me/api/portraits/thumb/men/81.jpg'}, 'nat': 'TR'}</msg>
<arg>${json_data['results'][0]}</arg>
<doc>Logs the given message with the given level.</doc>
<status status="PASS" start="2024-07-26T14:14:01.112240" elapsed="0.000404"/>
</kw>
<kw name="Log" owner="BuiltIn">
<msg time="2024-07-26T14:14:01.113066" level="INFO">email</msg>
<arg>${key}</arg>
<doc>Logs the given message with the given level.</doc>
<status status="PASS" start="2024-07-26T14:14:01.112938" elapsed="0.000165"/>
</kw>
<var name="${key}">email</var>
<status status="PASS" start="2024-07-26T14:14:01.111445" elapsed="0.001875"/>
</iter>
<iter>
<kw name="Dictionary Should Contain Key" owner="Collections">
<arg>${json_data['results'][0]}</arg>
<arg>${key}</arg>
<doc>Fails if ``key`` is not found from ``dictionary``.</doc>
<status status="PASS" start="2024-07-26T14:14:01.113598" elapsed="0.000394"/>
</kw>
<kw name="Log" owner="BuiltIn">
<msg time="2024-07-26T14:14:01.114520" level="INFO">{'gender': 'male', 'name': {'title': 'Mr', 'first': 'Volkan', 'last': 'Abacı'}, 'location': {'street': {'number': 4403, 'name': 'Mevlana Cd'}, 'city': 'Hakkâri', 'state': 'Sinop', 'country': 'Turkey', 'postcode': 89708, 'coordinates': {'latitude': '66.6454', 'longitude': '-35.3456'}, 'timezone': {'offset': '+5:30', 'description': 'Bombay, Calcutta, Madras, New Delhi'}}, 'email': 'volkan.abaci@example.com', 'login': {'uuid': 'f0b7e5be-29da-467d-b7e9-7fcd847c8c7b', 'username': 'tinymeercat510', 'password': 'jojojo', 'salt': 'lM1NyB1U', 'md5': '44a776653f0f778684d4fbcd42eea320', 'sha1': '70a62a81ee63476890df81f6ee8954550ae5ea1d', 'sha256': '159a3d26e3e7f4a281985107024352cbf8198641224362c45e4e0172f50e334c'}, 'dob': {'date': '2000-02-12T18:21:44.732Z', 'age': 24}, 'registered': {'date': '2018-08-01T17:39:18.302Z', 'age': 5}, 'phone': '(524)-757-4728', 'cell': '(619)-441-8093', 'id': {'name': '', 'value': None}, 'picture': {'large': 'https://randomuser.me/api/portraits/men/81.jpg', 'medium': 'https://randomuser.me/api/portraits/med/men/81.jpg', 'thumbnail': 'https://randomuser.me/api/portraits/thumb/men/81.jpg'}, 'nat': 'TR'}</msg>
<arg>${json_data['results'][0]}</arg>
<doc>Logs the given message with the given level.</doc>
<status status="PASS" start="2024-07-26T14:14:01.114174" elapsed="0.000395"/>
</kw>
<kw name="Log" owner="BuiltIn">
<msg time="2024-07-26T14:14:01.114998" level="INFO">login</msg>
<arg>${key}</arg>
<doc>Logs the given message with the given level.</doc>
<status status="PASS" start="2024-07-26T14:14:01.114872" elapsed="0.000161"/>
</kw>
<var name="${key}">login</var>
<status status="PASS" start="2024-07-26T14:14:01.113491" elapsed="0.001789"/>
</iter>
<var>${key}</var>
<value>@{expected_keys}</value>
<status status="PASS" start="2024-07-26T14:14:01.105177" elapsed="0.010226"/>
</for>
<kw name="Create List" owner="BuiltIn">
<msg time="2024-07-26T14:14:01.115753" level="INFO">${expected_keysTwo} = ['username', 'password']</msg>
<var>${expected_keysTwo}</var>
<arg>username</arg>
<arg>password</arg>
<doc>Returns a list containing given items.</doc>
<status status="PASS" start="2024-07-26T14:14:01.115592" elapsed="0.000191"/>
</kw>
<for flavor="IN">
<iter>
<kw name="Dictionary Should Contain Key" owner="Collections">
<arg>${json_data['results'][0]['login']}</arg>
<arg>${keyTwo}</arg>
<doc>Fails if ``key`` is not found from ``dictionary``.</doc>
<status status="PASS" start="2024-07-26T14:14:01.116366" elapsed="0.000391"/>
</kw>
<kw name="Dictionary Should Contain Key" owner="Collections">
<arg>${json_data['results'][0]['login']}</arg>
<arg>${keyTwo}</arg>
<doc>Fails if ``key`` is not found from ``dictionary``.</doc>
<status status="PASS" start="2024-07-26T14:14:01.116937" elapsed="0.000367"/>
</kw>
<kw name="Log" owner="BuiltIn">
<msg time="2024-07-26T14:14:01.117599" level="INFO">username</msg>
<arg>${keyTwo}</arg>
<doc>Logs the given message with the given level.</doc>
<status status="PASS" start="2024-07-26T14:14:01.117480" elapsed="0.000156"/>
</kw>
<var name="${keyTwo}">username</var>
<status status="PASS" start="2024-07-26T14:14:01.116254" elapsed="0.001599"/>
</iter>
<iter>
<kw name="Dictionary Should Contain Key" owner="Collections">
<arg>${json_data['results'][0]['login']}</arg>
<arg>${keyTwo}</arg>
<doc>Fails if ``key`` is not found from ``dictionary``.</doc>
<status status="PASS" start="2024-07-26T14:14:01.118135" elapsed="0.000390"/>
</kw>
<kw name="Dictionary Should Contain Key" owner="Collections">
<arg>${json_data['results'][0]['login']}</arg>
<arg>${keyTwo}</arg>
<doc>Fails if ``key`` is not found from ``dictionary``.</doc>
<status status="PASS" start="2024-07-26T14:14:01.118701" elapsed="0.000368"/>
</kw>
<kw name="Log" owner="BuiltIn">
<msg time="2024-07-26T14:14:01.119426" level="INFO">password</msg>
<arg>${keyTwo}</arg>
<doc>Logs the given message with the given level.</doc>
<status status="PASS" start="2024-07-26T14:14:01.119293" elapsed="0.000170"/>
</kw>
<var name="${keyTwo}">password</var>
<status status="PASS" start="2024-07-26T14:14:01.118024" elapsed="0.001659"/>
</iter>
<var>${keyTwo}</var>
<value>@{expected_keysTwo}</value>
<status status="PASS" start="2024-07-26T14:14:01.116090" elapsed="0.003711"/>
</for>
<status status="PASS" start="2024-07-26T14:14:00.992845" elapsed="0.127093"/>
</kw>
<doc>Testa a estrutura da resposta da API.</doc>
<tag>testeEstruturaResposta</tag>
<status status="PASS" start="2024-07-26T14:14:00.992342" elapsed="0.127742"/>
</test>
<test id="s1-s1-t4" name="Validar tipos de dados" line="28">
<kw name="Teste de Tipos de Dados" owner="random-user-service">
<kw name="GET On Session" owner="RequestsLibrary">
<msg time="2024-07-26T14:14:01.222102" level="INFO">GET Request : url=https://randomuser.me/api 
 path_url=/api 
 headers={'User-Agent': 'python-requests/2.32.3', 'Accept-Encoding': 'gzip, deflate', 'Accept': '*/*', 'Connection': 'keep-alive'} 
 body=None 
 </msg>
<msg time="2024-07-26T14:14:01.222191" level="INFO">GET Response : url=https://randomuser.me/api 
 status=200, reason=OK 
 headers={'Date': 'Fri, 26 Jul 2024 14:14:01 GMT', 'Content-Type': 'application/json; charset=utf-8', 'Transfer-Encoding': 'chunked', 'Connection': 'keep-alive', 'X-Powered-By': 'Express', 'Access-Control-Allow-Origin': '*', 'Cache-Control': 'no-cache', 'ETag': 'W/"49b-LzSEITEvE9ODLCN5RjkEBGP5clE"', 'Vary': 'Accept-Encoding', 'Content-Encoding': 'gzip', 'CF-Cache-Status': 'DYNAMIC', 'Report-To': '{"endpoints":[{"url":"https:\\/\\/a.nel.cloudflare.com\\/report\\/v4?s=hUW3Tn4mND21%2BLVBGLE8TamUf2fPvuOP8Ui1SGMVrBMOz%2B%2BHBNzMDdKY5rapD%2Bami4iYq%2Bqlf%2F5b5TEr9bH6LWqEhIoJDJvSVNYK2rpr9Ovm%2Bm%2FJnqawMs2l25QvZvkI"}],"group":"cf-nel","max_age":604800}', 'NEL': '{"success_fraction":0,"report_to":"cf-nel","max_age":604800}', 'Server': 'cloudflare', 'CF-RAY': '8a94fe6108202b50-LAX', 'alt-svc': 'h3=":443"; ma=86400'} 
 body={"results":[{"gender":"male","name":{"title":"Mr","first":"Željko","last":"Teodosić"},"location":{"street":{"number":4716,"name":"Labljanska"},"city":"Odžaci","state":"South Bačka","country":"Serbia","postcode":51129,"coordinates":{"latitude":"63.5990","longitude":"-72.8219"},"timezone":{"offset":"0:00","description":"Western Europe Time, London, Lisbon, Casablanca"}},"email":"zeljko.teodosic@example.com","login":{"uuid":"fd7769c7-442b-4304-bc90-1556eff8e349","username":"organicbear166","password":"search","salt":"qqiUmcs9","md5":"caf60857bea431c69aa059d075b3bb84","sha1":"8a70852b8f8730fe27a1ee3806208a3b44b07b88","sha256":"120723043a3dc1fdd508a52699533ab239d71ddbf0ecddfc05f31494e7324e62"},"dob":{"date":"1963-06-08T02:23:19.160Z","age":61},"registered":{"date":"2009-02-15T23:11:27.154Z","age":15},"phone":"039-9582-359","cell":"066-9176-593","id":{"name":"SID","value":"044447990"},"picture":{"large":"https://randomuser.me/api/portraits/men/37.jpg","medium":"https://randomuser.me/api/portraits/med/men/37.jpg","thumbnail":"https://randomuser.me/api/portraits/thumb/men/37.jpg"},"nat":"RS"}],"info":{"seed":"09eb73753065814d","results":1,"page":1,"version":"1.4"}} 
 </msg>
<msg time="2024-07-26T14:14:01.222279" level="INFO">/opt/hostedtoolcache/Python/3.12.4/x64/lib/python3.12/site-packages/urllib3/connectionpool.py:1099: InsecureRequestWarning: Unverified HTTPS request is being made to host 'randomuser.me'. Adding certificate verification is strongly advised. See: https://urllib3.readthedocs.io/en/latest/advanced-usage.html#tls-warnings
  warnings.warn(</msg>
<msg time="2024-07-26T14:14:01.222404" level="INFO">${response} = &lt;Response [200]&gt;</msg>
<var>${response}</var>
<arg>consultarAPI</arg>
<arg>/api</arg>
<doc>Sends a GET request on a previously created HTTP Session.</doc>
<status status="PASS" start="2024-07-26T14:14:01.122548" elapsed="0.099918"/>
</kw>
<kw name="Set Variable" owner="BuiltIn">
<msg time="2024-07-26T14:14:01.223618" level="INFO">${json_data} = {'results': [{'gender': 'male', 'name': {'title': 'Mr', 'first': 'Željko', 'last': 'Teodosić'}, 'location': {'street': {'number': 4716, 'name': 'Labljanska'}, 'city': 'Odžaci', 'state': 'South Bačka',...</msg>
<var>${json_data}</var>
<arg>${response.json()}</arg>
<doc>Returns the given values which can then be assigned to a variables.</doc>
<status status="PASS" start="2024-07-26T14:14:01.223007" elapsed="0.000642"/>
</kw>
<kw name="Log" owner="BuiltIn">
<msg time="2024-07-26T14:14:01.224115" level="INFO">{'results': [{'gender': 'male', 'name': {'title': 'Mr', 'first': 'Željko', 'last': 'Teodosić'}, 'location': {'street': {'number': 4716, 'name': 'Labljanska'}, 'city': 'Odžaci', 'state': 'South Bačka', 'country': 'Serbia', 'postcode': 51129, 'coordinates': {'latitude': '63.5990', 'longitude': '-72.8219'}, 'timezone': {'offset': '0:00', 'description': 'Western Europe Time, London, Lisbon, Casablanca'}}, 'email': 'zeljko.teodosic@example.com', 'login': {'uuid': 'fd7769c7-442b-4304-bc90-1556eff8e349', 'username': 'organicbear166', 'password': 'search', 'salt': 'qqiUmcs9', 'md5': 'caf60857bea431c69aa059d075b3bb84', 'sha1': '8a70852b8f8730fe27a1ee3806208a3b44b07b88', 'sha256': '120723043a3dc1fdd508a52699533ab239d71ddbf0ecddfc05f31494e7324e62'}, 'dob': {'date': '1963-06-08T02:23:19.160Z', 'age': 61}, 'registered': {'date': '2009-02-15T23:11:27.154Z', 'age': 15}, 'phone': '039-9582-359', 'cell': '066-9176-593', 'id': {'name': 'SID', 'value': '044447990'}, 'picture': {'large': 'https://randomuser.me/api/portraits/men/37.jpg', 'medium': 'https://randomuser.me/api/portraits/med/men/37.jpg', 'thumbnail': 'https://randomuser.me/api/portraits/thumb/men/37.jpg'}, 'nat': 'RS'}], 'info': {'seed': '09eb73753065814d', 'results': 1, 'page': 1, 'version': '1.4'}}</msg>
<arg>${json_data}</arg>
<doc>Logs the given message with the given level.</doc>
<status status="PASS" start="2024-07-26T14:14:01.223956" elapsed="0.000208"/>
</kw>
<kw name="Should Be String" owner="String">
<arg>${json_data['results'][0]['gender']}</arg>
<doc>Fails if the given ``item`` is not a string.</doc>
<status status="PASS" start="2024-07-26T14:14:01.224466" elapsed="0.000365"/>
</kw>
<kw name="Should Match Regexp" owner="BuiltIn">
<arg>${json_data['results'][0]['email']}</arg>
<arg>^[a-zA-Z0-9._%+-]+@[a-zA-Z0-9.-]+\.[a-zA-Z]{2,}$</arg>
<doc>Fails if ``string`` does not match ``pattern`` as a regular expression.</doc>
<status status="PASS" start="2024-07-26T14:14:01.225016" elapsed="0.000507"/>
</kw>
<kw name="Should Match Regexp" owner="BuiltIn">
<arg>${json_data['results'][0]['dob']['date']}</arg>
<arg>\\d{4}-\\d{2}-\\d{2}T\\d{2}:\\d{2}:\\d{2}\\.\\d{3}Z</arg>
<doc>Fails if ``string`` does not match ``pattern`` as a regular expression.</doc>
<status status="PASS" start="2024-07-26T14:14:01.225752" elapsed="0.000603"/>
</kw>
<kw name="Should Match Regexp" owner="BuiltIn">
<arg>${json_data['results'][0]['registered']['date']}</arg>
<arg>\\d{4}-\\d{2}-\\d{2}T\\d{2}:\\d{2}:\\d{2}\\.\\d{3}Z</arg>
<doc>Fails if ``string`` does not match ``pattern`` as a regular expression.</doc>
<status status="PASS" start="2024-07-26T14:14:01.226557" elapsed="0.000368"/>
</kw>
<kw name="Should Match Regexp" owner="BuiltIn">
<arg>${json_data['results'][0]['picture']['large']}</arg>
<arg>^https?://.*\.(?:png|jpe?g|gif|bmp)$</arg>
<doc>Fails if ``string`` does not match ``pattern`` as a regular expression.</doc>
<status status="PASS" start="2024-07-26T14:14:01.227109" elapsed="0.000499"/>
</kw>
<kw name="Should Match Regexp" owner="BuiltIn">
<arg>${json_data['results'][0]['picture']['medium']}</arg>
<arg>^https?://.*\.(?:png|jpe?g|gif|bmp)$</arg>
<doc>Fails if ``string`` does not match ``pattern`` as a regular expression.</doc>
<status status="PASS" start="2024-07-26T14:14:01.227815" elapsed="0.000356"/>
</kw>
<kw name="Should Match Regexp" owner="BuiltIn">
<arg>${json_data['results'][0]['picture']['thumbnail']}</arg>
<arg>^https?://.*\.(?:png|jpe?g|gif|bmp)$</arg>
<doc>Fails if ``string`` does not match ``pattern`` as a regular expression.</doc>
<status status="PASS" start="2024-07-26T14:14:01.228354" elapsed="0.000348"/>
</kw>
<kw name="Log" owner="BuiltIn">
<msg time="2024-07-26T14:14:01.229200" level="INFO">{'large': 'https://randomuser.me/api/portraits/men/37.jpg', 'medium': 'https://randomuser.me/api/portraits/med/men/37.jpg', 'thumbnail': 'https://randomuser.me/api/portraits/thumb/men/37.jpg'}</msg>
<arg>${json_data['results'][0]['picture']}</arg>
<doc>Logs the given message with the given level.</doc>
<status status="PASS" start="2024-07-26T14:14:01.228879" elapsed="0.000363"/>
</kw>
<status status="PASS" start="2024-07-26T14:14:01.122331" elapsed="0.107165"/>
</kw>
<kw name="Teste de Tipos de Dados - Postcode" owner="random-user-service">
<kw name="GET On Session" owner="RequestsLibrary">
<msg time="2024-07-26T14:14:01.345787" level="INFO">GET Request : url=https://randomuser.me/api 
 path_url=/api 
 headers={'User-Agent': 'python-requests/2.32.3', 'Accept-Encoding': 'gzip, deflate', 'Accept': '*/*', 'Connection': 'keep-alive'} 
 body=None 
 </msg>
<msg time="2024-07-26T14:14:01.345900" level="INFO">GET Response : url=https://randomuser.me/api 
 status=200, reason=OK 
 headers={'Date': 'Fri, 26 Jul 2024 14:14:01 GMT', 'Content-Type': 'application/json; charset=utf-8', 'Transfer-Encoding': 'chunked', 'Connection': 'keep-alive', 'X-Powered-By': 'Express', 'Access-Control-Allow-Origin': '*', 'Cache-Control': 'no-cache', 'ETag': 'W/"473-ZgjLLCzzLOQEIbTtrEOIEENFVw8"', 'Vary': 'Accept-Encoding', 'Content-Encoding': 'gzip', 'CF-Cache-Status': 'DYNAMIC', 'Report-To': '{"endpoints":[{"url":"https:\\/\\/a.nel.cloudflare.com\\/report\\/v4?s=2NYHuECYNMqOPJkaCo4P%2BWjtmJ%2B3Bx0bUJUFeV8CrxsfxpbLQGiuVYVPTjfSRyI%2FBTkLgo72JrNSDrNaMGelLWqyk7L%2B6lZdpqn7SN59dYDGEnutxMMaDb1NrwSZjvm1"}],"group":"cf-nel","max_age":604800}', 'NEL': '{"success_fraction":0,"report_to":"cf-nel","max_age":604800}', 'Server': 'cloudflare', 'CF-RAY': '8a94fe61b8df2b50-LAX', 'alt-svc': 'h3=":443"; ma=86400'} 
 body={"results":[{"gender":"male","name":{"title":"Mr","first":"كيان","last":"مرادی"},"location":{"street":{"number":2916,"name":"میدان حر"},"city":"اسلام‌شهر","state":"کرمان","country":"Iran","postcode":67241,"coordinates":{"latitude":"20.1949","longitude":"-156.2337"},"timezone":{"offset":"+4:30","description":"Kabul"}},"email":"kyn.mrdy@example.com","login":{"uuid":"aaa4b1ca-01f2-4665-b365-f90e52919e86","username":"greengoose994","password":"chelsea1","salt":"cg9lzAt9","md5":"2bce5ed037e17e058d46496078f08fe2","sha1":"93b29c8c4a2affb811c395dba7a5168afe013c1c","sha256":"86a14e29229415fb5578e2d216654b0ea784b62500a0808c3cb5e645d28ed13f"},"dob":{"date":"1977-07-02T23:58:23.406Z","age":47},"registered":{"date":"2003-05-27T11:45:43.971Z","age":21},"phone":"031-51595492","cell":"0920-439-5308","id":{"name":"","value":null},"picture":{"large":"https://randomuser.me/api/portraits/men/92.jpg","medium":"https://randomuser.me/api/portraits/med/men/92.jpg","thumbnail":"https://randomuser.me/api/portraits/thumb/men/92.jpg"},"nat":"IR"}],"info":{"seed":"4a91f11ef93d18f3","results":1,"page":1,"version":"1.4"}} 
 </msg>
<msg time="2024-07-26T14:14:01.345984" level="INFO">/opt/hostedtoolcache/Python/3.12.4/x64/lib/python3.12/site-packages/urllib3/connectionpool.py:1099: InsecureRequestWarning: Unverified HTTPS request is being made to host 'randomuser.me'. Adding certificate verification is strongly advised. See: https://urllib3.readthedocs.io/en/latest/advanced-usage.html#tls-warnings
  warnings.warn(</msg>
<msg time="2024-07-26T14:14:01.346099" level="INFO">${response} = &lt;Response [200]&gt;</msg>
<var>${response}</var>
<arg>consultarAPI</arg>
<arg>/api</arg>
<doc>Sends a GET request on a previously created HTTP Session.</doc>
<status status="PASS" start="2024-07-26T14:14:01.229931" elapsed="0.116206"/>
</kw>
<kw name="Set Variable" owner="BuiltIn">
<msg time="2024-07-26T14:14:01.347291" level="INFO">${json_data} = {'results': [{'gender': 'male', 'name': {'title': 'Mr', 'first': 'كيان', 'last': 'مرادی'}, 'location': {'street': {'number': 2916, 'name': 'میدان حر'}, 'city': 'اسلام\u200cشهر', 'state': 'کرمان', 'cou...</msg>
<var>${json_data}</var>
<arg>${response.json()}</arg>
<doc>Returns the given values which can then be assigned to a variables.</doc>
<status status="PASS" start="2024-07-26T14:14:01.346695" elapsed="0.000628"/>
</kw>
<kw name="Log" owner="BuiltIn">
<msg time="2024-07-26T14:14:01.347850" level="INFO">{'results': [{'gender': 'male', 'name': {'title': 'Mr', 'first': 'كيان', 'last': 'مرادی'}, 'location': {'street': {'number': 2916, 'name': 'میدان حر'}, 'city': 'اسلام\u200cشهر', 'state': 'کرمان', 'country': 'Iran', 'postcode': 67241, 'coordinates': {'latitude': '20.1949', 'longitude': '-156.2337'}, 'timezone': {'offset': '+4:30', 'description': 'Kabul'}}, 'email': 'kyn.mrdy@example.com', 'login': {'uuid': 'aaa4b1ca-01f2-4665-b365-f90e52919e86', 'username': 'greengoose994', 'password': 'chelsea1', 'salt': 'cg9lzAt9', 'md5': '2bce5ed037e17e058d46496078f08fe2', 'sha1': '93b29c8c4a2affb811c395dba7a5168afe013c1c', 'sha256': '86a14e29229415fb5578e2d216654b0ea784b62500a0808c3cb5e645d28ed13f'}, 'dob': {'date': '1977-07-02T23:58:23.406Z', 'age': 47}, 'registered': {'date': '2003-05-27T11:45:43.971Z', 'age': 21}, 'phone': '031-51595492', 'cell': '0920-439-5308', 'id': {'name': '', 'value': None}, 'picture': {'large': 'https://randomuser.me/api/portraits/men/92.jpg', 'medium': 'https://randomuser.me/api/portraits/med/men/92.jpg', 'thumbnail': 'https://randomuser.me/api/portraits/thumb/men/92.jpg'}, 'nat': 'IR'}], 'info': {'seed': '4a91f11ef93d18f3', 'results': 1, 'page': 1, 'version': '1.4'}}</msg>
<arg>${json_data}</arg>
<doc>Logs the given message with the given level.</doc>
<status status="PASS" start="2024-07-26T14:14:01.347675" elapsed="0.000226"/>
</kw>
<kw name="Should Be Equal As Numbers" owner="BuiltIn">
<arg>${json_data['results'][0]['location']['postcode']}</arg>
<arg>${json_data['results'][0]['location']['postcode']}</arg>
<doc>Fails if objects are unequal after converting them to real numbers.</doc>
<status status="PASS" start="2024-07-26T14:14:01.348210" elapsed="0.000660"/>
</kw>
<kw name="Log" owner="BuiltIn">
<msg time="2024-07-26T14:14:01.349414" level="INFO">67241</msg>
<arg>${json_data['results'][0]['location']['postcode']}</arg>
<doc>Logs the given message with the given level.</doc>
<status status="PASS" start="2024-07-26T14:14:01.349073" elapsed="0.000382"/>
</kw>
<status status="PASS" start="2024-07-26T14:14:01.229707" elapsed="0.120070"/>
</kw>
<doc>Testa se os tipos de dados na resposta da API estão corretos.</doc>
<tag>testeTiposDados</tag>
<status status="PASS" start="2024-07-26T14:14:01.121787" elapsed="0.228263"/>
</test>
<test id="s1-s1-t5" name="Validar conteudo" line="35">
<kw name="Teste de Tipos de Conteudo" owner="random-user-service">
<kw name="GET On Session" owner="RequestsLibrary">
<msg time="2024-07-26T14:14:01.462914" level="INFO">GET Request : url=https://randomuser.me/api 
 path_url=/api 
 headers={'User-Agent': 'python-requests/2.32.3', 'Accept-Encoding': 'gzip, deflate', 'Accept': '*/*', 'Connection': 'keep-alive'} 
 body=None 
 </msg>
<msg time="2024-07-26T14:14:01.463021" level="INFO">GET Response : url=https://randomuser.me/api 
 status=200, reason=OK 
 headers={'Date': 'Fri, 26 Jul 2024 14:14:01 GMT', 'Content-Type': 'application/json; charset=utf-8', 'Transfer-Encoding': 'chunked', 'Connection': 'keep-alive', 'X-Powered-By': 'Express', 'Access-Control-Allow-Origin': '*', 'Cache-Control': 'no-cache', 'ETag': 'W/"483-AzLZoKmx1xPc7LH4CzOXK4CGlo0"', 'Vary': 'Accept-Encoding', 'Content-Encoding': 'gzip', 'CF-Cache-Status': 'DYNAMIC', 'Report-To': '{"endpoints":[{"url":"https:\\/\\/a.nel.cloudflare.com\\/report\\/v4?s=a8WsDlakpc24phqhZS1dJQVW23Y2Uc%2Fuzzt2BqJclVEun2IikN%2Bi%2FTMpSbRVfiGOAXxXmdOE0v6ZeDggDviVkRnPGApCdQ0JiN7GO6GJVUlCkOKUnSJYhV6BUDYRJzMO"}],"group":"cf-nel","max_age":604800}', 'NEL': '{"success_fraction":0,"report_to":"cf-nel","max_age":604800}', 'Server': 'cloudflare', 'CF-RAY': '8a94fe6279842b50-LAX', 'alt-svc': 'h3=":443"; ma=86400'} 
 body={"results":[{"gender":"female","name":{"title":"Miss","first":"Karla","last":"Larsen"},"location":{"street":{"number":6376,"name":"Udbyhøjvej"},"city":"Kongsvinger","state":"Nordjylland","country":"Denmark","postcode":82488,"coordinates":{"latitude":"-45.1095","longitude":"46.9092"},"timezone":{"offset":"+6:00","description":"Almaty, Dhaka, Colombo"}},"email":"karla.larsen@example.com","login":{"uuid":"772cae69-c060-400f-98a6-6c9d7d6bf2cd","username":"happygorilla810","password":"nikki","salt":"bzdad8uI","md5":"177cdd8759d3ddb0c60063f15c49d5d7","sha1":"58b848f3adcc13263662311d5e171eace26d35c7","sha256":"40b8cbdf5be0dd91384807bc23f0816efdff393347b7d7d952d4d6add8427cd7"},"dob":{"date":"1979-02-06T17:38:09.872Z","age":45},"registered":{"date":"2019-07-15T04:01:59.935Z","age":5},"phone":"84791781","cell":"78436843","id":{"name":"CPR","value":"060279-0325"},"picture":{"large":"https://randomuser.me/api/portraits/women/43.jpg","medium":"https://randomuser.me/api/portraits/med/women/43.jpg","thumbnail":"https://randomuser.me/api/portraits/thumb/women/43.jpg"},"nat":"DK"}],"info":{"seed":"f4c77864938b0927","results":1,"page":1,"version":"1.4"}} 
 </msg>
<msg time="2024-07-26T14:14:01.463102" level="INFO">/opt/hostedtoolcache/Python/3.12.4/x64/lib/python3.12/site-packages/urllib3/connectionpool.py:1099: InsecureRequestWarning: Unverified HTTPS request is being made to host 'randomuser.me'. Adding certificate verification is strongly advised. See: https://urllib3.readthedocs.io/en/latest/advanced-usage.html#tls-warnings
  warnings.warn(</msg>
<msg time="2024-07-26T14:14:01.463262" level="INFO">${response} = &lt;Response [200]&gt;</msg>
<var>${response}</var>
<arg>consultarAPI</arg>
<arg>/api</arg>
<doc>Sends a GET request on a previously created HTTP Session.</doc>
<status status="PASS" start="2024-07-26T14:14:01.354327" elapsed="0.108975"/>
</kw>
<kw name="Set Variable" owner="BuiltIn">
<msg time="2024-07-26T14:14:01.464305" level="INFO">${json_data} = {'results': [{'gender': 'female', 'name': {'title': 'Miss', 'first': 'Karla', 'last': 'Larsen'}, 'location': {'street': {'number': 6376, 'name': 'Udbyhøjvej'}, 'city': 'Kongsvinger', 'state': 'Nordjyl...</msg>
<var>${json_data}</var>
<arg>${response.json()}</arg>
<doc>Returns the given values which can then be assigned to a variables.</doc>
<status status="PASS" start="2024-07-26T14:14:01.463783" elapsed="0.000553"/>
</kw>
<kw name="Set Variable" owner="BuiltIn">
<msg time="2024-07-26T14:14:01.465030" level="INFO">${name_title} = Miss</msg>
<var>${name_title}</var>
<arg>${json_data["results"][0]["name"]["title"]}</arg>
<doc>Returns the given values which can then be assigned to a variables.</doc>
<status status="PASS" start="2024-07-26T14:14:01.464647" elapsed="0.000408"/>
</kw>
<kw name="Create List" owner="BuiltIn">
<msg time="2024-07-26T14:14:01.465498" level="INFO">${allowed_titles} = ['Mr', 'Ms', 'Miss', 'Mrs', 'Madame', 'Monsieur']</msg>
<var>${allowed_titles}</var>
<arg>Mr</arg>
<arg>Ms</arg>
<arg>Miss</arg>
<arg>Mrs</arg>
<arg>Madame</arg>
<arg>Monsieur</arg>
<doc>Returns a list containing given items.</doc>
<status status="PASS" start="2024-07-26T14:14:01.465349" elapsed="0.000173"/>
</kw>
<kw name="List Should Contain Value" owner="Collections">
<arg>${allowed_titles}</arg>
<arg>${name_title}</arg>
<doc>Fails if the ``value`` is not found from ``list``.</doc>
<status status="PASS" start="2024-07-26T14:14:01.465816" elapsed="0.000179"/>
</kw>
<kw name="Set Variable" owner="BuiltIn">
<msg time="2024-07-26T14:14:01.466567" level="INFO">${name_country} = DK</msg>
<var>${name_country}</var>
<arg>${json_data["results"][0]["nat"]}</arg>
<doc>Returns the given values which can then be assigned to a variables.</doc>
<status status="PASS" start="2024-07-26T14:14:01.466174" elapsed="0.000424"/>
</kw>
<kw name="Create List" owner="BuiltIn">
<msg time="2024-07-26T14:14:01.467504" level="INFO">${list_country} = ['AD', 'AE', 'AF', 'AG', 'AI', 'AL', 'AM', 'AO', 'AQ', 'AR', 'AS', 'AT', 'AU', 'AW', 'AX', 'AZ', 'BA', 'BB', 'BD', 'BE', 'BF', 'BG', 'BH', 'BI', 'BJ', 'BL', 'BM', 'BN', 'BO', 'BQ', 'BR', 'BS', 'BT', '...</msg>
<var>${list_country}</var>
<arg>AD</arg>
<arg>AE</arg>
<arg>AF</arg>
<arg>AG</arg>
<arg>AI</arg>
<arg>AL</arg>
<arg>AM</arg>
<arg>AO</arg>
<arg>AQ</arg>
<arg>AR</arg>
<arg>AS</arg>
<arg>AT</arg>
<arg>AU</arg>
<arg>AW</arg>
<arg>AX</arg>
<arg>AZ</arg>
<arg>BA</arg>
<arg>BB</arg>
<arg>BD</arg>
<arg>BE</arg>
<arg>BF</arg>
<arg>BG</arg>
<arg>BH</arg>
<arg>BI</arg>
<arg>BJ</arg>
<arg>BL</arg>
<arg>BM</arg>
<arg>BN</arg>
<arg>BO</arg>
<arg>BQ</arg>
<arg>BR</arg>
<arg>BS</arg>
<arg>BT</arg>
<arg>BV</arg>
<arg>BW</arg>
<arg>BY</arg>
<arg>BZ</arg>
<arg>CA</arg>
<arg>CC</arg>
<arg>CD</arg>
<arg>CF</arg>
<arg>CG</arg>
<arg>CH</arg>
<arg>CI</arg>
<arg>CK</arg>
<arg>CL</arg>
<arg>CM</arg>
<arg>CN</arg>
<arg>CO</arg>
<arg>CR</arg>
<arg>CU</arg>
<arg>CV</arg>
<arg>CW</arg>
<arg>CX</arg>
<arg>CY</arg>
<arg>CZ</arg>
<arg>DE</arg>
<arg>DJ</arg>
<arg>DK</arg>
<arg>DM</arg>
<arg>DO</arg>
<arg>DZ</arg>
<arg>EC</arg>
<arg>EE</arg>
<arg>EG</arg>
<arg>EH</arg>
<arg>ER</arg>
<arg>ES</arg>
<arg>ET</arg>
<arg>FI</arg>
<arg>FJ</arg>
<arg>FK</arg>
<arg>FM</arg>
<arg>FO</arg>
<arg>FR</arg>
<arg>GA</arg>
<arg>GB</arg>
<arg>GD</arg>
<arg>GE</arg>
<arg>GF</arg>
<arg>GG</arg>
<arg>GH</arg>
<arg>GI</arg>
<arg>GL</arg>
<arg>GM</arg>
<arg>GN</arg>
<arg>GP</arg>
<arg>GQ</arg>
<arg>GR</arg>
<arg>GS</arg>
<arg>GT</arg>
<arg>GU</arg>
<arg>GW</arg>
<arg>GY</arg>
<arg>HK</arg>
<arg>HM</arg>
<arg>HN</arg>
<arg>HR</arg>
<arg>HT</arg>
<arg>HU</arg>
<arg>ID</arg>
<arg>IE</arg>
<arg>IL</arg>
<arg>IM</arg>
<arg>IN</arg>
<arg>IO</arg>
<arg>IQ</arg>
<arg>IR</arg>
<arg>IS</arg>
<arg>IT</arg>
<arg>JE</arg>
<arg>JM</arg>
<arg>JO</arg>
<arg>JP</arg>
<arg>KE</arg>
<arg>KG</arg>
<arg>KH</arg>
<arg>KI</arg>
<arg>KM</arg>
<arg>KN</arg>
<arg>KP</arg>
<arg>KR</arg>
<arg>KW</arg>
<arg>KY</arg>
<arg>KZ</arg>
<arg>LA</arg>
<arg>LB</arg>
<arg>LC</arg>
<arg>LI</arg>
<arg>LK</arg>
<arg>LR</arg>
<arg>LS</arg>
<arg>LT</arg>
<arg>LU</arg>
<arg>LV</arg>
<arg>LY</arg>
<arg>MA</arg>
<arg>MC</arg>
<arg>MD</arg>
<arg>ME</arg>
<arg>MF</arg>
<arg>MG</arg>
<arg>MH</arg>
<arg>MK</arg>
<arg>ML</arg>
<arg>MM</arg>
<arg>MN</arg>
<arg>MO</arg>
<arg>MP</arg>
<arg>MQ</arg>
<arg>MR</arg>
<arg>MS</arg>
<arg>MT</arg>
<arg>MU</arg>
<arg>MV</arg>
<arg>MW</arg>
<arg>MX</arg>
<arg>MY</arg>
<arg>MZ</arg>
<arg>NA</arg>
<arg>NC</arg>
<arg>NE</arg>
<arg>NF</arg>
<arg>NG</arg>
<arg>NI</arg>
<arg>NL</arg>
<arg>NO</arg>
<arg>NP</arg>
<arg>NR</arg>
<arg>NU</arg>
<arg>NZ</arg>
<arg>OM</arg>
<arg>PA</arg>
<arg>PE</arg>
<arg>PF</arg>
<arg>PG</arg>
<arg>PH</arg>
<arg>PK</arg>
<arg>PL</arg>
<arg>PM</arg>
<arg>PN</arg>
<arg>PR</arg>
<arg>PS</arg>
<arg>PT</arg>
<arg>PW</arg>
<arg>PY</arg>
<arg>QA</arg>
<arg>RE</arg>
<arg>RO</arg>
<arg>RS</arg>
<arg>RU</arg>
<arg>RW</arg>
<arg>SA</arg>
<arg>SB</arg>
<arg>SC</arg>
<arg>SD</arg>
<arg>SE</arg>
<arg>SG</arg>
<arg>SH</arg>
<arg>SI</arg>
<arg>SJ</arg>
<arg>SK</arg>
<arg>SL</arg>
<arg>SM</arg>
<arg>SN</arg>
<arg>SO</arg>
<arg>SR</arg>
<arg>SS</arg>
<arg>ST</arg>
<arg>SV</arg>
<arg>SX</arg>
<arg>SY</arg>
<arg>SZ</arg>
<arg>TC</arg>
<arg>TD</arg>
<arg>TF</arg>
<arg>TG</arg>
<arg>TH</arg>
<arg>TJ</arg>
<arg>TK</arg>
<arg>TL</arg>
<arg>TM</arg>
<arg>TN</arg>
<arg>TO</arg>
<arg>TR</arg>
<arg>TT</arg>
<arg>TV</arg>
<arg>TW</arg>
<arg>TZ</arg>
<arg>UA</arg>
<arg>UG</arg>
<arg>UM</arg>
<arg>US</arg>
<arg>UY</arg>
<arg>UZ</arg>
<arg>VA</arg>
<arg>VC</arg>
<arg>VE</arg>
<arg>VG</arg>
<arg>VI</arg>
<arg>VN</arg>
<arg>VU</arg>
<arg>WF</arg>
<arg>WS</arg>
<arg>XK</arg>
<arg>YE</arg>
<arg>YT</arg>
<arg>ZA</arg>
<arg>ZM</arg>
<arg>ZW</arg>
<doc>Returns a list containing given items.</doc>
<status status="PASS" start="2024-07-26T14:14:01.466886" elapsed="0.000644"/>
</kw>
<kw name="List Should Contain Value" owner="Collections">
<arg>${list_country}</arg>
<arg>${name_country}</arg>
<doc>Fails if the ``value`` is not found from ``list``.</doc>
<status status="PASS" start="2024-07-26T14:14:01.468510" elapsed="0.000210"/>
</kw>
<kw name="Run Keyword If" owner="BuiltIn">
<kw name="Should Be True" owner="BuiltIn">
<arg>${True}</arg>
<doc>Fails if the given condition is not true.</doc>
<status status="PASS" start="2024-07-26T14:14:01.469669" elapsed="0.000142"/>
</kw>
<arg>${json_data["results"][0]["location"]["coordinates"]["latitude"]} &gt;= -90 and ${json_data["results"][0]["location"]["coordinates"]["latitude"]} &lt;= 90</arg>
<arg>Should Be True</arg>
<arg>${True}</arg>
<doc>Runs the given keyword with the given arguments, if ``condition`` is true.</doc>
<status status="PASS" start="2024-07-26T14:14:01.468920" elapsed="0.001013"/>
</kw>
<kw name="Run Keyword If" owner="BuiltIn">
<kw name="Should Be True" owner="BuiltIn">
<arg>${True}</arg>
<doc>Fails if the given condition is not true.</doc>
<status status="PASS" start="2024-07-26T14:14:01.470803" elapsed="0.000137"/>
</kw>
<arg>${json_data["results"][0]["location"]["coordinates"]["longitude"]} &gt;= -180 and ${json_data["results"][0]["location"]["coordinates"]["longitude"]} &lt;= 180</arg>
<arg>Should Be True</arg>
<arg>${True}</arg>
<doc>Runs the given keyword with the given arguments, if ``condition`` is true.</doc>
<status status="PASS" start="2024-07-26T14:14:01.470114" elapsed="0.000948"/>
</kw>
<status status="PASS" start="2024-07-26T14:14:01.353955" elapsed="0.117258"/>
</kw>
<doc>Testa o conteúdo específico dos campos retornados pela API.</doc>
<tag>testeConteudo</tag>
<status status="PASS" start="2024-07-26T14:14:01.353269" elapsed="0.118106"/>
</test>
<status status="PASS" start="2024-07-26T14:14:00.274426" elapsed="1.198888"/>
</suite>
<status status="PASS" start="2024-07-26T14:14:00.260049" elapsed="1.218356"/>
</suite>
<statistics>
<total>
<stat pass="5" fail="0" skip="0">All Tests</stat>
</total>
<tag>
<stat pass="1" fail="0" skip="0">testeConteudo</stat>
<stat pass="1" fail="0" skip="0">testeEstruturaResposta</stat>
<stat pass="1" fail="0" skip="0">testeRequisicaoBasica</stat>
<stat pass="1" fail="0" skip="0">testeTiposDados</stat>
</tag>
<suite>
<stat pass="5" fail="0" skip="0" id="s1" name="Tests">Tests</stat>
<stat pass="5" fail="0" skip="0" id="s1-s1" name="Random-User-Test">Tests.Random-User-Test</stat>
</suite>
</statistics>
<errors>
</errors>
</robot>
