<?xml version="1.0" encoding="UTF-8"?>
<robot generator="Robot 7.0.1 (Python 3.12.4 on linux)" generated="2024-07-09T05:15:05.211344" rpa="false" schemaversion="5">
<suite id="s1" name="Tests" source="/home/runner/work/ApiRandomUser/ApiRandomUser/RamdonUser/tests">
<suite id="s1-s1" name="Random-User-Test" source="/home/runner/work/ApiRandomUser/ApiRandomUser/RamdonUser/tests/random-user-test.robot">
<test id="s1-s1-t1" name="Conectar" line="13">
<kw name="Conectar API" owner="random-user-service">
<kw name="Create Session" owner="RequestsLibrary">
<msg time="2024-07-09T05:15:05.622870" level="INFO">Creating Session using : alias=consultarAPI, url=https://randomuser.me/, headers={},                     cookies={}, auth=None, timeout=None, proxies=None, verify=False,                     debug=0 </msg>
<arg>consultarAPI</arg>
<arg>${URL}</arg>
<doc>Create Session: create a HTTP session to a server</doc>
<status status="PASS" start="2024-07-09T05:15:05.622659" elapsed="0.000380"/>
</kw>
<status status="PASS" start="2024-07-09T05:15:05.621690" elapsed="0.001715"/>
</kw>
<status status="PASS" start="2024-07-09T05:15:05.621090" elapsed="0.002512"/>
</test>
<test id="s1-s1-t2" name="Validar retorno 200 e JSON Válido" line="16">
<kw name="Teste de Requisicao Basica" owner="random-user-service">
<kw name="GET On Session" owner="RequestsLibrary">
<msg time="2024-07-09T05:15:05.709068" level="INFO">GET Request : url=https://randomuser.me/api 
 path_url=/api 
 headers={'User-Agent': 'python-requests/2.32.3', 'Accept-Encoding': 'gzip, deflate', 'Accept': '*/*', 'Connection': 'keep-alive'} 
 body=None 
 </msg>
<msg time="2024-07-09T05:15:05.709173" level="INFO">GET Response : url=https://randomuser.me/api 
 status=200, reason=OK 
 headers={'Date': 'Tue, 09 Jul 2024 05:15:05 GMT', 'Content-Type': 'application/json; charset=utf-8', 'Transfer-Encoding': 'chunked', 'Connection': 'keep-alive', 'X-Powered-By': 'Express', 'Access-Control-Allow-Origin': '*', 'Cache-Control': 'no-cache', 'ETag': 'W/"49e-cSGD8A0ui/guQLYpx/K42x0zNuI"', 'Vary': 'Accept-Encoding', 'Content-Encoding': 'gzip', 'CF-Cache-Status': 'DYNAMIC', 'Report-To': '{"endpoints":[{"url":"https:\\/\\/a.nel.cloudflare.com\\/report\\/v4?s=LwcQ0v7X%2F1Kz%2F4Uqp%2FwZG4BSaS2WHXL9rYqBT8i%2Bc3UeHA6Q2sw4lVImWM%2B3%2FcHlAmSya9UTwxDdJ%2BqQ6zP0eDGqVONSSEvuZSachqgwXM47bNzVetiCZz%2Bk42I6uLqB"}],"group":"cf-nel","max_age":604800}', 'NEL': '{"success_fraction":0,"report_to":"cf-nel","max_age":604800}', 'Server': 'cloudflare', 'CF-RAY': '8a05d59059a8011d-ORD', 'alt-svc': 'h3=":443"; ma=86400'} 
 body={"results":[{"gender":"male","name":{"title":"Mr","first":"Stanoje","last":"Paunović"},"location":{"street":{"number":9681,"name":"Janjevska"},"city":"Bela Palanka","state":"Kosovo-Pomoravlje","country":"Serbia","postcode":99148,"coordinates":{"latitude":"58.4622","longitude":"-30.3905"},"timezone":{"offset":"+11:00","description":"Magadan, Solomon Islands, New Caledonia"}},"email":"stanoje.paunovic@example.com","login":{"uuid":"c8ff413f-f8a4-4924-a224-fa29e825eb9a","username":"blackfish958","password":"bettina","salt":"7FQpLlr4","md5":"68073bda1b698f8f1e38738af5afe378","sha1":"8d3da7c64c0af0efc31e6ef640b89b462ee84aaf","sha256":"071d094a0bad2a8ae877820f7d0ea25e0321a3fa810bf2496f3c5da8a7956c35"},"dob":{"date":"1982-08-22T17:34:47.541Z","age":41},"registered":{"date":"2005-08-21T13:35:24.689Z","age":18},"phone":"035-1397-661","cell":"064-7864-640","id":{"name":"SID","value":"325922535"},"picture":{"large":"https://randomuser.me/api/portraits/men/60.jpg","medium":"https://randomuser.me/api/portraits/med/men/60.jpg","thumbnail":"https://randomuser.me/api/portraits/thumb/men/60.jpg"},"nat":"RS"}],"info":{"seed":"51c82509e74b84b4","results":1,"page":1,"version":"1.4"}} 
 </msg>
<msg time="2024-07-09T05:15:05.709251" level="INFO">/opt/hostedtoolcache/Python/3.12.4/x64/lib/python3.12/site-packages/urllib3/connectionpool.py:1099: InsecureRequestWarning: Unverified HTTPS request is being made to host 'randomuser.me'. Adding certificate verification is strongly advised. See: https://urllib3.readthedocs.io/en/latest/advanced-usage.html#tls-warnings
  warnings.warn(</msg>
<msg time="2024-07-09T05:15:05.709364" level="INFO">${response} = &lt;Response [200]&gt;</msg>
<var>${response}</var>
<arg>consultarAPI</arg>
<arg>/api</arg>
<doc>Sends a GET request on a previously created HTTP Session.</doc>
<status status="PASS" start="2024-07-09T05:15:05.626170" elapsed="0.083237"/>
</kw>
<kw name="Should Be Equal As Numbers" owner="BuiltIn">
<msg time="2024-07-09T05:15:05.710230" level="INFO">Argument types are:
&lt;class 'int'&gt;
&lt;class 'str'&gt;</msg>
<arg>${response.status_code}</arg>
<arg>200</arg>
<doc>Fails if objects are unequal after converting them to real numbers.</doc>
<status status="PASS" start="2024-07-09T05:15:05.709819" elapsed="0.000474"/>
</kw>
<kw name="Log" owner="BuiltIn">
<msg time="2024-07-09T05:15:05.711000" level="INFO">200</msg>
<arg>${response.status_code}</arg>
<doc>Logs the given message with the given level.</doc>
<status status="PASS" start="2024-07-09T05:15:05.710648" elapsed="0.000396"/>
</kw>
<kw name="Set Variable" owner="BuiltIn">
<msg time="2024-07-09T05:15:05.711792" level="INFO">${json_data} = {'results': [{'gender': 'male', 'name': {'title': 'Mr', 'first': 'Stanoje', 'last': 'Paunović'}, 'location': {'street': {'number': 9681, 'name': 'Janjevska'}, 'city': 'Bela Palanka', 'state': 'Kosovo-...</msg>
<var>${json_data}</var>
<arg>${response.json()}</arg>
<doc>Returns the given values which can then be assigned to a variables.</doc>
<status status="PASS" start="2024-07-09T05:15:05.711351" elapsed="0.000471"/>
</kw>
<kw name="Dictionary Should Contain Key" owner="Collections">
<arg>${json_data}</arg>
<arg>results</arg>
<doc>Fails if ``key`` is not found from ``dictionary``.</doc>
<status status="PASS" start="2024-07-09T05:15:05.712127" elapsed="0.000162"/>
</kw>
<status status="PASS" start="2024-07-09T05:15:05.625916" elapsed="0.086518"/>
</kw>
<doc>Testa se a API responde corretamente e retorna um objeto JSON válido.</doc>
<tag>testeRequisicaoBasica</tag>
<status status="PASS" start="2024-07-09T05:15:05.625455" elapsed="0.087153"/>
</test>
<test id="s1-s1-t3" name="Validar estrutura de resposta" line="22">
<kw name="Teste de Estrutura de Resposta" owner="random-user-service">
<kw name="GET On Session" owner="RequestsLibrary">
<msg time="2024-07-09T05:15:05.798919" level="INFO">GET Request : url=https://randomuser.me/api 
 path_url=/api 
 headers={'User-Agent': 'python-requests/2.32.3', 'Accept-Encoding': 'gzip, deflate', 'Accept': '*/*', 'Connection': 'keep-alive'} 
 body=None 
 </msg>
<msg time="2024-07-09T05:15:05.799008" level="INFO">GET Response : url=https://randomuser.me/api 
 status=200, reason=OK 
 headers={'Date': 'Tue, 09 Jul 2024 05:15:05 GMT', 'Content-Type': 'application/json; charset=utf-8', 'Transfer-Encoding': 'chunked', 'Connection': 'keep-alive', 'X-Powered-By': 'Express', 'Access-Control-Allow-Origin': '*', 'Cache-Control': 'no-cache', 'ETag': 'W/"49a-cnKveJ/s6jmyFyO79/uwsG/tr/A"', 'Vary': 'Accept-Encoding', 'Content-Encoding': 'gzip', 'CF-Cache-Status': 'DYNAMIC', 'Report-To': '{"endpoints":[{"url":"https:\\/\\/a.nel.cloudflare.com\\/report\\/v4?s=myDIFQT7xg6BT3ABCvkjmi1Rh9cfwu751EjRBTzTLFQqimzVvY4lVaLx7sof1goQmfEFpDdrcrZPGMuRqbmob36UCcL38C2OEk%2Fo4oZXXnzPDbU8klnbxhGvnTyZwzFK"}],"group":"cf-nel","max_age":604800}', 'NEL': '{"success_fraction":0,"report_to":"cf-nel","max_age":604800}', 'Server': 'cloudflare', 'CF-RAY': '8a05d590ba06011d-ORD', 'alt-svc': 'h3=":443"; ma=86400'} 
 body={"results":[{"gender":"female","name":{"title":"Ms","first":"Tâmara","last":"Campos"},"location":{"street":{"number":1417,"name":"Rua Treze de Maio "},"city":"Guarujá","state":"Amazonas","country":"Brazil","postcode":69129,"coordinates":{"latitude":"-75.9134","longitude":"114.7653"},"timezone":{"offset":"-7:00","description":"Mountain Time (US &amp; Canada)"}},"email":"tamara.campos@example.com","login":{"uuid":"e1c22d51-a8bc-4947-8f92-ad59e97db823","username":"blackmouse856","password":"maestro","salt":"ITWMtCs0","md5":"644b927ec7b41109c09e7f204b06677b","sha1":"6ab7c504f167c5fe36bb50744b8e4a1d1941d600","sha256":"a5863915dcb7d5bcc48fdc029b3de7c499f727094a6a6f604366b51ced4bba31"},"dob":{"date":"1964-11-09T16:59:54.069Z","age":59},"registered":{"date":"2014-05-31T19:43:39.434Z","age":10},"phone":"(64) 8751-2391","cell":"(51) 0254-2389","id":{"name":"CPF","value":"258.532.175-75"},"picture":{"large":"https://randomuser.me/api/portraits/women/85.jpg","medium":"https://randomuser.me/api/portraits/med/women/85.jpg","thumbnail":"https://randomuser.me/api/portraits/thumb/women/85.jpg"},"nat":"BR"}],"info":{"seed":"2745b66221a5b4c5","results":1,"page":1,"version":"1.4"}} 
 </msg>
<msg time="2024-07-09T05:15:05.799142" level="INFO">/opt/hostedtoolcache/Python/3.12.4/x64/lib/python3.12/site-packages/urllib3/connectionpool.py:1099: InsecureRequestWarning: Unverified HTTPS request is being made to host 'randomuser.me'. Adding certificate verification is strongly advised. See: https://urllib3.readthedocs.io/en/latest/advanced-usage.html#tls-warnings
  warnings.warn(</msg>
<msg time="2024-07-09T05:15:05.799251" level="INFO">${response} = &lt;Response [200]&gt;</msg>
<var>${response}</var>
<arg>consultarAPI</arg>
<arg>/api</arg>
<doc>Sends a GET request on a previously created HTTP Session.</doc>
<status status="PASS" start="2024-07-09T05:15:05.715164" elapsed="0.084119"/>
</kw>
<kw name="Set Variable" owner="BuiltIn">
<msg time="2024-07-09T05:15:05.800126" level="INFO">${json_data} = {'results': [{'gender': 'female', 'name': {'title': 'Ms', 'first': 'Tâmara', 'last': 'Campos'}, 'location': {'street': {'number': 1417, 'name': 'Rua Treze de Maio '}, 'city': 'Guarujá', 'state': 'Amaz...</msg>
<var>${json_data}</var>
<arg>${response.json()}</arg>
<doc>Returns the given values which can then be assigned to a variables.</doc>
<status status="PASS" start="2024-07-09T05:15:05.799680" elapsed="0.000476"/>
</kw>
<kw name="Log" owner="BuiltIn">
<msg time="2024-07-09T05:15:05.800626" level="INFO">{'results': [{'gender': 'female', 'name': {'title': 'Ms', 'first': 'Tâmara', 'last': 'Campos'}, 'location': {'street': {'number': 1417, 'name': 'Rua Treze de Maio '}, 'city': 'Guarujá', 'state': 'Amazonas', 'country': 'Brazil', 'postcode': 69129, 'coordinates': {'latitude': '-75.9134', 'longitude': '114.7653'}, 'timezone': {'offset': '-7:00', 'description': 'Mountain Time (US &amp; Canada)'}}, 'email': 'tamara.campos@example.com', 'login': {'uuid': 'e1c22d51-a8bc-4947-8f92-ad59e97db823', 'username': 'blackmouse856', 'password': 'maestro', 'salt': 'ITWMtCs0', 'md5': '644b927ec7b41109c09e7f204b06677b', 'sha1': '6ab7c504f167c5fe36bb50744b8e4a1d1941d600', 'sha256': 'a5863915dcb7d5bcc48fdc029b3de7c499f727094a6a6f604366b51ced4bba31'}, 'dob': {'date': '1964-11-09T16:59:54.069Z', 'age': 59}, 'registered': {'date': '2014-05-31T19:43:39.434Z', 'age': 10}, 'phone': '(64) 8751-2391', 'cell': '(51) 0254-2389', 'id': {'name': 'CPF', 'value': '258.532.175-75'}, 'picture': {'large': 'https://randomuser.me/api/portraits/women/85.jpg', 'medium': 'https://randomuser.me/api/portraits/med/women/85.jpg', 'thumbnail': 'https://randomuser.me/api/portraits/thumb/women/85.jpg'}, 'nat': 'BR'}], 'info': {'seed': '2745b66221a5b4c5', 'results': 1, 'page': 1, 'version': '1.4'}}</msg>
<arg>${json_data}</arg>
<doc>Logs the given message with the given level.</doc>
<status status="PASS" start="2024-07-09T05:15:05.800466" elapsed="0.000211"/>
</kw>
<kw name="Dictionary Should Contain Key" owner="Collections">
<arg>${json_data}</arg>
<arg>results</arg>
<doc>Fails if ``key`` is not found from ``dictionary``.</doc>
<status status="PASS" start="2024-07-09T05:15:05.800980" elapsed="0.000164"/>
</kw>
<kw name="Should Not Be Empty" owner="BuiltIn">
<msg time="2024-07-09T05:15:05.801465" level="INFO">Length is 2.</msg>
<arg>${json_data}</arg>
<doc>Verifies that the given item is not empty.</doc>
<status status="PASS" start="2024-07-09T05:15:05.801331" elapsed="0.000173"/>
</kw>
<kw name="Create List" owner="BuiltIn">
<msg time="2024-07-09T05:15:05.801953" level="INFO">${expected_keys} = ['gender', 'name', 'location', 'email', 'login']</msg>
<var>${expected_keys}</var>
<arg>gender</arg>
<arg>name</arg>
<arg>location</arg>
<arg>email</arg>
<arg>login</arg>
<doc>Returns a list containing given items.</doc>
<status status="PASS" start="2024-07-09T05:15:05.801804" elapsed="0.000173"/>
</kw>
<for flavor="IN">
<iter>
<kw name="Dictionary Should Contain Key" owner="Collections">
<arg>${json_data['results'][0]}</arg>
<arg>${key}</arg>
<doc>Fails if ``key`` is not found from ``dictionary``.</doc>
<status status="PASS" start="2024-07-09T05:15:05.802721" elapsed="0.000396"/>
</kw>
<kw name="Log" owner="BuiltIn">
<msg time="2024-07-09T05:15:05.803674" level="INFO">{'gender': 'female', 'name': {'title': 'Ms', 'first': 'Tâmara', 'last': 'Campos'}, 'location': {'street': {'number': 1417, 'name': 'Rua Treze de Maio '}, 'city': 'Guarujá', 'state': 'Amazonas', 'country': 'Brazil', 'postcode': 69129, 'coordinates': {'latitude': '-75.9134', 'longitude': '114.7653'}, 'timezone': {'offset': '-7:00', 'description': 'Mountain Time (US &amp; Canada)'}}, 'email': 'tamara.campos@example.com', 'login': {'uuid': 'e1c22d51-a8bc-4947-8f92-ad59e97db823', 'username': 'blackmouse856', 'password': 'maestro', 'salt': 'ITWMtCs0', 'md5': '644b927ec7b41109c09e7f204b06677b', 'sha1': '6ab7c504f167c5fe36bb50744b8e4a1d1941d600', 'sha256': 'a5863915dcb7d5bcc48fdc029b3de7c499f727094a6a6f604366b51ced4bba31'}, 'dob': {'date': '1964-11-09T16:59:54.069Z', 'age': 59}, 'registered': {'date': '2014-05-31T19:43:39.434Z', 'age': 10}, 'phone': '(64) 8751-2391', 'cell': '(51) 0254-2389', 'id': {'name': 'CPF', 'value': '258.532.175-75'}, 'picture': {'large': 'https://randomuser.me/api/portraits/women/85.jpg', 'medium': 'https://randomuser.me/api/portraits/med/women/85.jpg', 'thumbnail': 'https://randomuser.me/api/portraits/thumb/women/85.jpg'}, 'nat': 'BR'}</msg>
<arg>${json_data['results'][0]}</arg>
<doc>Logs the given message with the given level.</doc>
<status status="PASS" start="2024-07-09T05:15:05.803311" elapsed="0.000416"/>
</kw>
<kw name="Log" owner="BuiltIn">
<msg time="2024-07-09T05:15:05.804160" level="INFO">gender</msg>
<arg>${key}</arg>
<doc>Logs the given message with the given level.</doc>
<status status="PASS" start="2024-07-09T05:15:05.804030" elapsed="0.000169"/>
</kw>
<var name="${key}">gender</var>
<status status="PASS" start="2024-07-09T05:15:05.802590" elapsed="0.001827"/>
</iter>
<iter>
<kw name="Dictionary Should Contain Key" owner="Collections">
<arg>${json_data['results'][0]}</arg>
<arg>${key}</arg>
<doc>Fails if ``key`` is not found from ``dictionary``.</doc>
<status status="PASS" start="2024-07-09T05:15:05.804716" elapsed="0.000391"/>
</kw>
<kw name="Log" owner="BuiltIn">
<msg time="2024-07-09T05:15:05.805684" level="INFO">{'gender': 'female', 'name': {'title': 'Ms', 'first': 'Tâmara', 'last': 'Campos'}, 'location': {'street': {'number': 1417, 'name': 'Rua Treze de Maio '}, 'city': 'Guarujá', 'state': 'Amazonas', 'country': 'Brazil', 'postcode': 69129, 'coordinates': {'latitude': '-75.9134', 'longitude': '114.7653'}, 'timezone': {'offset': '-7:00', 'description': 'Mountain Time (US &amp; Canada)'}}, 'email': 'tamara.campos@example.com', 'login': {'uuid': 'e1c22d51-a8bc-4947-8f92-ad59e97db823', 'username': 'blackmouse856', 'password': 'maestro', 'salt': 'ITWMtCs0', 'md5': '644b927ec7b41109c09e7f204b06677b', 'sha1': '6ab7c504f167c5fe36bb50744b8e4a1d1941d600', 'sha256': 'a5863915dcb7d5bcc48fdc029b3de7c499f727094a6a6f604366b51ced4bba31'}, 'dob': {'date': '1964-11-09T16:59:54.069Z', 'age': 59}, 'registered': {'date': '2014-05-31T19:43:39.434Z', 'age': 10}, 'phone': '(64) 8751-2391', 'cell': '(51) 0254-2389', 'id': {'name': 'CPF', 'value': '258.532.175-75'}, 'picture': {'large': 'https://randomuser.me/api/portraits/women/85.jpg', 'medium': 'https://randomuser.me/api/portraits/med/women/85.jpg', 'thumbnail': 'https://randomuser.me/api/portraits/thumb/women/85.jpg'}, 'nat': 'BR'}</msg>
<arg>${json_data['results'][0]}</arg>
<doc>Logs the given message with the given level.</doc>
<status status="PASS" start="2024-07-09T05:15:05.805293" elapsed="0.000445"/>
</kw>
<kw name="Log" owner="BuiltIn">
<msg time="2024-07-09T05:15:05.806171" level="INFO">name</msg>
<arg>${key}</arg>
<doc>Logs the given message with the given level.</doc>
<status status="PASS" start="2024-07-09T05:15:05.806041" elapsed="0.000168"/>
</kw>
<var name="${key}">name</var>
<status status="PASS" start="2024-07-09T05:15:05.804602" elapsed="0.001827"/>
</iter>
<iter>
<kw name="Dictionary Should Contain Key" owner="Collections">
<arg>${json_data['results'][0]}</arg>
<arg>${key}</arg>
<doc>Fails if ``key`` is not found from ``dictionary``.</doc>
<status status="PASS" start="2024-07-09T05:15:05.806753" elapsed="0.000382"/>
</kw>
<kw name="Log" owner="BuiltIn">
<msg time="2024-07-09T05:15:05.807671" level="INFO">{'gender': 'female', 'name': {'title': 'Ms', 'first': 'Tâmara', 'last': 'Campos'}, 'location': {'street': {'number': 1417, 'name': 'Rua Treze de Maio '}, 'city': 'Guarujá', 'state': 'Amazonas', 'country': 'Brazil', 'postcode': 69129, 'coordinates': {'latitude': '-75.9134', 'longitude': '114.7653'}, 'timezone': {'offset': '-7:00', 'description': 'Mountain Time (US &amp; Canada)'}}, 'email': 'tamara.campos@example.com', 'login': {'uuid': 'e1c22d51-a8bc-4947-8f92-ad59e97db823', 'username': 'blackmouse856', 'password': 'maestro', 'salt': 'ITWMtCs0', 'md5': '644b927ec7b41109c09e7f204b06677b', 'sha1': '6ab7c504f167c5fe36bb50744b8e4a1d1941d600', 'sha256': 'a5863915dcb7d5bcc48fdc029b3de7c499f727094a6a6f604366b51ced4bba31'}, 'dob': {'date': '1964-11-09T16:59:54.069Z', 'age': 59}, 'registered': {'date': '2014-05-31T19:43:39.434Z', 'age': 10}, 'phone': '(64) 8751-2391', 'cell': '(51) 0254-2389', 'id': {'name': 'CPF', 'value': '258.532.175-75'}, 'picture': {'large': 'https://randomuser.me/api/portraits/women/85.jpg', 'medium': 'https://randomuser.me/api/portraits/med/women/85.jpg', 'thumbnail': 'https://randomuser.me/api/portraits/thumb/women/85.jpg'}, 'nat': 'BR'}</msg>
<arg>${json_data['results'][0]}</arg>
<doc>Logs the given message with the given level.</doc>
<status status="PASS" start="2024-07-09T05:15:05.807319" elapsed="0.000408"/>
</kw>
<kw name="Log" owner="BuiltIn">
<msg time="2024-07-09T05:15:05.808158" level="INFO">location</msg>
<arg>${key}</arg>
<doc>Logs the given message with the given level.</doc>
<status status="PASS" start="2024-07-09T05:15:05.808030" elapsed="0.000165"/>
</kw>
<var name="${key}">location</var>
<status status="PASS" start="2024-07-09T05:15:05.806645" elapsed="0.001768"/>
</iter>
<iter>
<kw name="Dictionary Should Contain Key" owner="Collections">
<arg>${json_data['results'][0]}</arg>
<arg>${key}</arg>
<doc>Fails if ``key`` is not found from ``dictionary``.</doc>
<status status="PASS" start="2024-07-09T05:15:05.808704" elapsed="0.000391"/>
</kw>
<kw name="Log" owner="BuiltIn">
<msg time="2024-07-09T05:15:05.809630" level="INFO">{'gender': 'female', 'name': {'title': 'Ms', 'first': 'Tâmara', 'last': 'Campos'}, 'location': {'street': {'number': 1417, 'name': 'Rua Treze de Maio '}, 'city': 'Guarujá', 'state': 'Amazonas', 'country': 'Brazil', 'postcode': 69129, 'coordinates': {'latitude': '-75.9134', 'longitude': '114.7653'}, 'timezone': {'offset': '-7:00', 'description': 'Mountain Time (US &amp; Canada)'}}, 'email': 'tamara.campos@example.com', 'login': {'uuid': 'e1c22d51-a8bc-4947-8f92-ad59e97db823', 'username': 'blackmouse856', 'password': 'maestro', 'salt': 'ITWMtCs0', 'md5': '644b927ec7b41109c09e7f204b06677b', 'sha1': '6ab7c504f167c5fe36bb50744b8e4a1d1941d600', 'sha256': 'a5863915dcb7d5bcc48fdc029b3de7c499f727094a6a6f604366b51ced4bba31'}, 'dob': {'date': '1964-11-09T16:59:54.069Z', 'age': 59}, 'registered': {'date': '2014-05-31T19:43:39.434Z', 'age': 10}, 'phone': '(64) 8751-2391', 'cell': '(51) 0254-2389', 'id': {'name': 'CPF', 'value': '258.532.175-75'}, 'picture': {'large': 'https://randomuser.me/api/portraits/women/85.jpg', 'medium': 'https://randomuser.me/api/portraits/med/women/85.jpg', 'thumbnail': 'https://randomuser.me/api/portraits/thumb/women/85.jpg'}, 'nat': 'BR'}</msg>
<arg>${json_data['results'][0]}</arg>
<doc>Logs the given message with the given level.</doc>
<status status="PASS" start="2024-07-09T05:15:05.809278" elapsed="0.000404"/>
</kw>
<kw name="Log" owner="BuiltIn">
<msg time="2024-07-09T05:15:05.810118" level="INFO">email</msg>
<arg>${key}</arg>
<doc>Logs the given message with the given level.</doc>
<status status="PASS" start="2024-07-09T05:15:05.809990" elapsed="0.000166"/>
</kw>
<var name="${key}">email</var>
<status status="PASS" start="2024-07-09T05:15:05.808591" elapsed="0.001781"/>
</iter>
<iter>
<kw name="Dictionary Should Contain Key" owner="Collections">
<arg>${json_data['results'][0]}</arg>
<arg>${key}</arg>
<doc>Fails if ``key`` is not found from ``dictionary``.</doc>
<status status="PASS" start="2024-07-09T05:15:05.810706" elapsed="0.000403"/>
</kw>
<kw name="Log" owner="BuiltIn">
<msg time="2024-07-09T05:15:05.811661" level="INFO">{'gender': 'female', 'name': {'title': 'Ms', 'first': 'Tâmara', 'last': 'Campos'}, 'location': {'street': {'number': 1417, 'name': 'Rua Treze de Maio '}, 'city': 'Guarujá', 'state': 'Amazonas', 'country': 'Brazil', 'postcode': 69129, 'coordinates': {'latitude': '-75.9134', 'longitude': '114.7653'}, 'timezone': {'offset': '-7:00', 'description': 'Mountain Time (US &amp; Canada)'}}, 'email': 'tamara.campos@example.com', 'login': {'uuid': 'e1c22d51-a8bc-4947-8f92-ad59e97db823', 'username': 'blackmouse856', 'password': 'maestro', 'salt': 'ITWMtCs0', 'md5': '644b927ec7b41109c09e7f204b06677b', 'sha1': '6ab7c504f167c5fe36bb50744b8e4a1d1941d600', 'sha256': 'a5863915dcb7d5bcc48fdc029b3de7c499f727094a6a6f604366b51ced4bba31'}, 'dob': {'date': '1964-11-09T16:59:54.069Z', 'age': 59}, 'registered': {'date': '2014-05-31T19:43:39.434Z', 'age': 10}, 'phone': '(64) 8751-2391', 'cell': '(51) 0254-2389', 'id': {'name': 'CPF', 'value': '258.532.175-75'}, 'picture': {'large': 'https://randomuser.me/api/portraits/women/85.jpg', 'medium': 'https://randomuser.me/api/portraits/med/women/85.jpg', 'thumbnail': 'https://randomuser.me/api/portraits/thumb/women/85.jpg'}, 'nat': 'BR'}</msg>
<arg>${json_data['results'][0]}</arg>
<doc>Logs the given message with the given level.</doc>
<status status="PASS" start="2024-07-09T05:15:05.811293" elapsed="0.000427"/>
</kw>
<kw name="Log" owner="BuiltIn">
<msg time="2024-07-09T05:15:05.812147" level="INFO">login</msg>
<arg>${key}</arg>
<doc>Logs the given message with the given level.</doc>
<status status="PASS" start="2024-07-09T05:15:05.812020" elapsed="0.000170"/>
</kw>
<var name="${key}">login</var>
<status status="PASS" start="2024-07-09T05:15:05.810588" elapsed="0.001825"/>
</iter>
<var>${key}</var>
<value>@{expected_keys}</value>
<status status="PASS" start="2024-07-09T05:15:05.802362" elapsed="0.010175"/>
</for>
<kw name="Create List" owner="BuiltIn">
<msg time="2024-07-09T05:15:05.812898" level="INFO">${expected_keysTwo} = ['username', 'password']</msg>
<var>${expected_keysTwo}</var>
<arg>username</arg>
<arg>password</arg>
<doc>Returns a list containing given items.</doc>
<status status="PASS" start="2024-07-09T05:15:05.812760" elapsed="0.000162"/>
</kw>
<for flavor="IN">
<iter>
<kw name="Dictionary Should Contain Key" owner="Collections">
<arg>${json_data['results'][0]['login']}</arg>
<arg>${keyTwo}</arg>
<doc>Fails if ``key`` is not found from ``dictionary``.</doc>
<status status="PASS" start="2024-07-09T05:15:05.813421" elapsed="0.000384"/>
</kw>
<kw name="Dictionary Should Contain Key" owner="Collections">
<arg>${json_data['results'][0]['login']}</arg>
<arg>${keyTwo}</arg>
<doc>Fails if ``key`` is not found from ``dictionary``.</doc>
<status status="PASS" start="2024-07-09T05:15:05.813987" elapsed="0.000385"/>
</kw>
<kw name="Log" owner="BuiltIn">
<msg time="2024-07-09T05:15:05.814717" level="INFO">username</msg>
<arg>${keyTwo}</arg>
<doc>Logs the given message with the given level.</doc>
<status status="PASS" start="2024-07-09T05:15:05.814592" elapsed="0.000163"/>
</kw>
<var name="${keyTwo}">username</var>
<status status="PASS" start="2024-07-09T05:15:05.813314" elapsed="0.001669"/>
</iter>
<iter>
<kw name="Dictionary Should Contain Key" owner="Collections">
<arg>${json_data['results'][0]['login']}</arg>
<arg>${keyTwo}</arg>
<doc>Fails if ``key`` is not found from ``dictionary``.</doc>
<status status="PASS" start="2024-07-09T05:15:05.815261" elapsed="0.000383"/>
</kw>
<kw name="Dictionary Should Contain Key" owner="Collections">
<arg>${json_data['results'][0]['login']}</arg>
<arg>${keyTwo}</arg>
<doc>Fails if ``key`` is not found from ``dictionary``.</doc>
<status status="PASS" start="2024-07-09T05:15:05.815831" elapsed="0.000368"/>
</kw>
<kw name="Log" owner="BuiltIn">
<msg time="2024-07-09T05:15:05.816502" level="INFO">password</msg>
<arg>${keyTwo}</arg>
<doc>Logs the given message with the given level.</doc>
<status status="PASS" start="2024-07-09T05:15:05.816384" elapsed="0.000154"/>
</kw>
<var name="${keyTwo}">password</var>
<status status="PASS" start="2024-07-09T05:15:05.815156" elapsed="0.001602"/>
</iter>
<var>${keyTwo}</var>
<value>@{expected_keysTwo}</value>
<status status="PASS" start="2024-07-09T05:15:05.813161" elapsed="0.003718"/>
</for>
<status status="PASS" start="2024-07-09T05:15:05.714934" elapsed="0.102085"/>
</kw>
<doc>Testa a estrutura da resposta da API.</doc>
<tag>testeEstruturaResposta</tag>
<status status="PASS" start="2024-07-09T05:15:05.714422" elapsed="0.102745"/>
</test>
<test id="s1-s1-t4" name="Validar tipos de dados" line="28">
<kw name="Teste de Tipos de Dados" owner="random-user-service">
<kw name="GET On Session" owner="RequestsLibrary">
<msg time="2024-07-09T05:15:05.908497" level="INFO">GET Request : url=https://randomuser.me/api 
 path_url=/api 
 headers={'User-Agent': 'python-requests/2.32.3', 'Accept-Encoding': 'gzip, deflate', 'Accept': '*/*', 'Connection': 'keep-alive'} 
 body=None 
 </msg>
<msg time="2024-07-09T05:15:05.908569" level="INFO">GET Response : url=https://randomuser.me/api 
 status=200, reason=OK 
 headers={'Date': 'Tue, 09 Jul 2024 05:15:05 GMT', 'Content-Type': 'application/json; charset=utf-8', 'Transfer-Encoding': 'chunked', 'Connection': 'keep-alive', 'X-Powered-By': 'Express', 'Access-Control-Allow-Origin': '*', 'Cache-Control': 'no-cache', 'ETag': 'W/"4a4-cyR4jCtVy7gofk+Pb6V9pN4wmI0"', 'Vary': 'Accept-Encoding', 'Content-Encoding': 'gzip', 'CF-Cache-Status': 'DYNAMIC', 'Report-To': '{"endpoints":[{"url":"https:\\/\\/a.nel.cloudflare.com\\/report\\/v4?s=IcObZWz%2FQ0T%2F1%2FRSYvZ6v%2BYIRhlmJeh66VeMdwmh4CW9sycANGAHz2i2f1RycZ3R6ewu7tEz8cQZURdQvitNsch%2B%2F7wDuHjkJpeomU7BEBgoN0itm6Du2kSPIDg02N2x"}],"group":"cf-nel","max_age":604800}', 'NEL': '{"success_fraction":0,"report_to":"cf-nel","max_age":604800}', 'Server': 'cloudflare', 'CF-RAY': '8a05d5915abb011d-ORD', 'alt-svc': 'h3=":443"; ma=86400'} 
 body={"results":[{"gender":"female","name":{"title":"Mrs","first":"Brianna","last":"Frazier"},"location":{"street":{"number":8747,"name":"Westheimer Rd"},"city":"Bendigo","state":"Victoria","country":"Australia","postcode":9715,"coordinates":{"latitude":"-81.8539","longitude":"91.1579"},"timezone":{"offset":"0:00","description":"Western Europe Time, London, Lisbon, Casablanca"}},"email":"brianna.frazier@example.com","login":{"uuid":"2477df2c-7914-4702-86b4-f705fb06f494","username":"crazyzebra524","password":"pitchers","salt":"KhpEahrA","md5":"c82274625bc2107a12c9cff41f1c515e","sha1":"50741e1d9b144b17729fcc08889be289f7a8eedd","sha256":"c2b4802de2a7883acd98986d187b881bed98dabbdff6e221b664bcb4e44961ab"},"dob":{"date":"1946-08-08T17:32:16.801Z","age":77},"registered":{"date":"2008-12-09T08:17:18.535Z","age":15},"phone":"06-0392-5264","cell":"0437-966-833","id":{"name":"TFN","value":"092512911"},"picture":{"large":"https://randomuser.me/api/portraits/women/93.jpg","medium":"https://randomuser.me/api/portraits/med/women/93.jpg","thumbnail":"https://randomuser.me/api/portraits/thumb/women/93.jpg"},"nat":"AU"}],"info":{"seed":"5742310d1a1acd62","results":1,"page":1,"version":"1.4"}} 
 </msg>
<msg time="2024-07-09T05:15:05.908631" level="INFO">/opt/hostedtoolcache/Python/3.12.4/x64/lib/python3.12/site-packages/urllib3/connectionpool.py:1099: InsecureRequestWarning: Unverified HTTPS request is being made to host 'randomuser.me'. Adding certificate verification is strongly advised. See: https://urllib3.readthedocs.io/en/latest/advanced-usage.html#tls-warnings
  warnings.warn(</msg>
<msg time="2024-07-09T05:15:05.908729" level="INFO">${response} = &lt;Response [200]&gt;</msg>
<var>${response}</var>
<arg>consultarAPI</arg>
<arg>/api</arg>
<doc>Sends a GET request on a previously created HTTP Session.</doc>
<status status="PASS" start="2024-07-09T05:15:05.819701" elapsed="0.089066"/>
</kw>
<kw name="Set Variable" owner="BuiltIn">
<msg time="2024-07-09T05:15:05.909640" level="INFO">${json_data} = {'results': [{'gender': 'female', 'name': {'title': 'Mrs', 'first': 'Brianna', 'last': 'Frazier'}, 'location': {'street': {'number': 8747, 'name': 'Westheimer Rd'}, 'city': 'Bendigo', 'state': 'Victor...</msg>
<var>${json_data}</var>
<arg>${response.json()}</arg>
<doc>Returns the given values which can then be assigned to a variables.</doc>
<status status="PASS" start="2024-07-09T05:15:05.909167" elapsed="0.000502"/>
</kw>
<kw name="Log" owner="BuiltIn">
<msg time="2024-07-09T05:15:05.910139" level="INFO">{'results': [{'gender': 'female', 'name': {'title': 'Mrs', 'first': 'Brianna', 'last': 'Frazier'}, 'location': {'street': {'number': 8747, 'name': 'Westheimer Rd'}, 'city': 'Bendigo', 'state': 'Victoria', 'country': 'Australia', 'postcode': 9715, 'coordinates': {'latitude': '-81.8539', 'longitude': '91.1579'}, 'timezone': {'offset': '0:00', 'description': 'Western Europe Time, London, Lisbon, Casablanca'}}, 'email': 'brianna.frazier@example.com', 'login': {'uuid': '2477df2c-7914-4702-86b4-f705fb06f494', 'username': 'crazyzebra524', 'password': 'pitchers', 'salt': 'KhpEahrA', 'md5': 'c82274625bc2107a12c9cff41f1c515e', 'sha1': '50741e1d9b144b17729fcc08889be289f7a8eedd', 'sha256': 'c2b4802de2a7883acd98986d187b881bed98dabbdff6e221b664bcb4e44961ab'}, 'dob': {'date': '1946-08-08T17:32:16.801Z', 'age': 77}, 'registered': {'date': '2008-12-09T08:17:18.535Z', 'age': 15}, 'phone': '06-0392-5264', 'cell': '0437-966-833', 'id': {'name': 'TFN', 'value': '092512911'}, 'picture': {'large': 'https://randomuser.me/api/portraits/women/93.jpg', 'medium': 'https://randomuser.me/api/portraits/med/women/93.jpg', 'thumbnail': 'https://randomuser.me/api/portraits/thumb/women/93.jpg'}, 'nat': 'AU'}], 'info': {'seed': '5742310d1a1acd62', 'results': 1, 'page': 1, 'version': '1.4'}}</msg>
<arg>${json_data}</arg>
<doc>Logs the given message with the given level.</doc>
<status status="PASS" start="2024-07-09T05:15:05.909984" elapsed="0.000205"/>
</kw>
<kw name="Should Be String" owner="String">
<arg>${json_data['results'][0]['gender']}</arg>
<doc>Fails if the given ``item`` is not a string.</doc>
<status status="PASS" start="2024-07-09T05:15:05.910515" elapsed="0.000376"/>
</kw>
<kw name="Should Match Regexp" owner="BuiltIn">
<arg>${json_data['results'][0]['email']}</arg>
<arg>^[a-zA-Z0-9._%+-]+@[a-zA-Z0-9.-]+\.[a-zA-Z]{2,}$</arg>
<doc>Fails if ``string`` does not match ``pattern`` as a regular expression.</doc>
<status status="PASS" start="2024-07-09T05:15:05.911117" elapsed="0.000533"/>
</kw>
<kw name="Should Match Regexp" owner="BuiltIn">
<arg>${json_data['results'][0]['dob']['date']}</arg>
<arg>\\d{4}-\\d{2}-\\d{2}T\\d{2}:\\d{2}:\\d{2}\\.\\d{3}Z</arg>
<doc>Fails if ``string`` does not match ``pattern`` as a regular expression.</doc>
<status status="PASS" start="2024-07-09T05:15:05.911847" elapsed="0.000481"/>
</kw>
<kw name="Should Match Regexp" owner="BuiltIn">
<arg>${json_data['results'][0]['registered']['date']}</arg>
<arg>\\d{4}-\\d{2}-\\d{2}T\\d{2}:\\d{2}:\\d{2}\\.\\d{3}Z</arg>
<doc>Fails if ``string`` does not match ``pattern`` as a regular expression.</doc>
<status status="PASS" start="2024-07-09T05:15:05.912524" elapsed="0.000369"/>
</kw>
<kw name="Should Match Regexp" owner="BuiltIn">
<arg>${json_data['results'][0]['picture']['large']}</arg>
<arg>^https?://.*\.(?:png|jpe?g|gif|bmp)$</arg>
<doc>Fails if ``string`` does not match ``pattern`` as a regular expression.</doc>
<status status="PASS" start="2024-07-09T05:15:05.913079" elapsed="0.000472"/>
</kw>
<kw name="Should Match Regexp" owner="BuiltIn">
<arg>${json_data['results'][0]['picture']['medium']}</arg>
<arg>^https?://.*\.(?:png|jpe?g|gif|bmp)$</arg>
<doc>Fails if ``string`` does not match ``pattern`` as a regular expression.</doc>
<status status="PASS" start="2024-07-09T05:15:05.913759" elapsed="0.000359"/>
</kw>
<kw name="Should Match Regexp" owner="BuiltIn">
<arg>${json_data['results'][0]['picture']['thumbnail']}</arg>
<arg>^https?://.*\.(?:png|jpe?g|gif|bmp)$</arg>
<doc>Fails if ``string`` does not match ``pattern`` as a regular expression.</doc>
<status status="PASS" start="2024-07-09T05:15:05.914316" elapsed="0.000381"/>
</kw>
<kw name="Log" owner="BuiltIn">
<msg time="2024-07-09T05:15:05.915229" level="INFO">{'large': 'https://randomuser.me/api/portraits/women/93.jpg', 'medium': 'https://randomuser.me/api/portraits/med/women/93.jpg', 'thumbnail': 'https://randomuser.me/api/portraits/thumb/women/93.jpg'}</msg>
<arg>${json_data['results'][0]['picture']}</arg>
<doc>Logs the given message with the given level.</doc>
<status status="PASS" start="2024-07-09T05:15:05.914889" elapsed="0.000383"/>
</kw>
<status status="PASS" start="2024-07-09T05:15:05.819479" elapsed="0.096063"/>
</kw>
<kw name="Teste de Tipos de Dados - Postcode" owner="random-user-service">
<kw name="GET On Session" owner="RequestsLibrary">
<msg time="2024-07-09T05:15:06.002580" level="INFO">GET Request : url=https://randomuser.me/api 
 path_url=/api 
 headers={'User-Agent': 'python-requests/2.32.3', 'Accept-Encoding': 'gzip, deflate', 'Accept': '*/*', 'Connection': 'keep-alive'} 
 body=None 
 </msg>
<msg time="2024-07-09T05:15:06.002690" level="INFO">GET Response : url=https://randomuser.me/api 
 status=200, reason=OK 
 headers={'Date': 'Tue, 09 Jul 2024 05:15:05 GMT', 'Content-Type': 'application/json; charset=utf-8', 'Transfer-Encoding': 'chunked', 'Connection': 'keep-alive', 'X-Powered-By': 'Express', 'Access-Control-Allow-Origin': '*', 'Cache-Control': 'no-cache', 'ETag': 'W/"47b-N6GRtLuWRDRvR1zeBkAmEIsT/Ho"', 'Vary': 'Accept-Encoding', 'Content-Encoding': 'gzip', 'CF-Cache-Status': 'DYNAMIC', 'Report-To': '{"endpoints":[{"url":"https:\\/\\/a.nel.cloudflare.com\\/report\\/v4?s=xIBO%2FZ4S9RPsti4kXfrEmD%2F1Am8%2FNtHZiY4C2RCOmNwweY6UrAg%2FfZYtfRx6X%2Fvin0remWkhhYskBkI77LszPxNS3BbK3CkOqhjdVQUjToywTG%2Fs2RpPKECAjFUiqgMQ"}],"group":"cf-nel","max_age":604800}', 'NEL': '{"success_fraction":0,"report_to":"cf-nel","max_age":604800}', 'Server': 'cloudflare', 'CF-RAY': '8a05d591fb43011d-ORD', 'alt-svc': 'h3=":443"; ma=86400'} 
 body={"results":[{"gender":"female","name":{"title":"Ms","first":"Tamara","last":"Živojinović"},"location":{"street":{"number":4444,"name":"Kvantaška"},"city":"Ražanj","state":"Podunavlje","country":"Serbia","postcode":98975,"coordinates":{"latitude":"61.0128","longitude":"162.3641"},"timezone":{"offset":"+3:30","description":"Tehran"}},"email":"tamara.zivojinovic@example.com","login":{"uuid":"dfc976b9-f818-4943-940e-e7b2b0c6c663","username":"tinywolf504","password":"98765","salt":"GfIJsmLq","md5":"6f96c07be75f17b23e02f268d793430a","sha1":"d06b9745086c85d2d041842b547e5cc03cd45cb4","sha256":"c2b574b943b4d061170f6a52854f06b745d210586ea36d9f6e668804f3b8e69c"},"dob":{"date":"1985-12-08T14:42:29.884Z","age":38},"registered":{"date":"2005-01-25T16:41:26.676Z","age":19},"phone":"018-3844-205","cell":"060-9742-651","id":{"name":"SID","value":"327034919"},"picture":{"large":"https://randomuser.me/api/portraits/women/72.jpg","medium":"https://randomuser.me/api/portraits/med/women/72.jpg","thumbnail":"https://randomuser.me/api/portraits/thumb/women/72.jpg"},"nat":"RS"}],"info":{"seed":"b82465d06be9e2a8","results":1,"page":1,"version":"1.4"}} 
 </msg>
<msg time="2024-07-09T05:15:06.002759" level="INFO">/opt/hostedtoolcache/Python/3.12.4/x64/lib/python3.12/site-packages/urllib3/connectionpool.py:1099: InsecureRequestWarning: Unverified HTTPS request is being made to host 'randomuser.me'. Adding certificate verification is strongly advised. See: https://urllib3.readthedocs.io/en/latest/advanced-usage.html#tls-warnings
  warnings.warn(</msg>
<msg time="2024-07-09T05:15:06.002873" level="INFO">${response} = &lt;Response [200]&gt;</msg>
<var>${response}</var>
<arg>consultarAPI</arg>
<arg>/api</arg>
<doc>Sends a GET request on a previously created HTTP Session.</doc>
<status status="PASS" start="2024-07-09T05:15:05.916027" elapsed="0.086888"/>
</kw>
<kw name="Set Variable" owner="BuiltIn">
<msg time="2024-07-09T05:15:06.003974" level="INFO">${json_data} = {'results': [{'gender': 'female', 'name': {'title': 'Ms', 'first': 'Tamara', 'last': 'Živojinović'}, 'location': {'street': {'number': 4444, 'name': 'Kvantaška'}, 'city': 'Ražanj', 'state': 'Podunavlj...</msg>
<var>${json_data}</var>
<arg>${response.json()}</arg>
<doc>Returns the given values which can then be assigned to a variables.</doc>
<status status="PASS" start="2024-07-09T05:15:06.003441" elapsed="0.000564"/>
</kw>
<kw name="Log" owner="BuiltIn">
<msg time="2024-07-09T05:15:06.004521" level="INFO">{'results': [{'gender': 'female', 'name': {'title': 'Ms', 'first': 'Tamara', 'last': 'Živojinović'}, 'location': {'street': {'number': 4444, 'name': 'Kvantaška'}, 'city': 'Ražanj', 'state': 'Podunavlje', 'country': 'Serbia', 'postcode': 98975, 'coordinates': {'latitude': '61.0128', 'longitude': '162.3641'}, 'timezone': {'offset': '+3:30', 'description': 'Tehran'}}, 'email': 'tamara.zivojinovic@example.com', 'login': {'uuid': 'dfc976b9-f818-4943-940e-e7b2b0c6c663', 'username': 'tinywolf504', 'password': '98765', 'salt': 'GfIJsmLq', 'md5': '6f96c07be75f17b23e02f268d793430a', 'sha1': 'd06b9745086c85d2d041842b547e5cc03cd45cb4', 'sha256': 'c2b574b943b4d061170f6a52854f06b745d210586ea36d9f6e668804f3b8e69c'}, 'dob': {'date': '1985-12-08T14:42:29.884Z', 'age': 38}, 'registered': {'date': '2005-01-25T16:41:26.676Z', 'age': 19}, 'phone': '018-3844-205', 'cell': '060-9742-651', 'id': {'name': 'SID', 'value': '327034919'}, 'picture': {'large': 'https://randomuser.me/api/portraits/women/72.jpg', 'medium': 'https://randomuser.me/api/portraits/med/women/72.jpg', 'thumbnail': 'https://randomuser.me/api/portraits/thumb/women/72.jpg'}, 'nat': 'RS'}], 'info': {'seed': 'b82465d06be9e2a8', 'results': 1, 'page': 1, 'version': '1.4'}}</msg>
<arg>${json_data}</arg>
<doc>Logs the given message with the given level.</doc>
<status status="PASS" start="2024-07-09T05:15:06.004347" elapsed="0.000225"/>
</kw>
<kw name="Should Be Equal As Numbers" owner="BuiltIn">
<arg>${json_data['results'][0]['location']['postcode']}</arg>
<arg>${json_data['results'][0]['location']['postcode']}</arg>
<doc>Fails if objects are unequal after converting them to real numbers.</doc>
<status status="PASS" start="2024-07-09T05:15:06.004885" elapsed="0.000641"/>
</kw>
<kw name="Log" owner="BuiltIn">
<msg time="2024-07-09T05:15:06.006095" level="INFO">98975</msg>
<arg>${json_data['results'][0]['location']['postcode']}</arg>
<doc>Logs the given message with the given level.</doc>
<status status="PASS" start="2024-07-09T05:15:06.005753" elapsed="0.000384"/>
</kw>
<status status="PASS" start="2024-07-09T05:15:05.915799" elapsed="0.090603"/>
</kw>
<doc>Testa se os tipos de dados na resposta da API estão corretos.</doc>
<tag>testeTiposDados</tag>
<status status="PASS" start="2024-07-09T05:15:05.818964" elapsed="0.187666"/>
</test>
<test id="s1-s1-t5" name="Validar conteudo" line="35">
<kw name="Teste de Tipos de Conteudo" owner="random-user-service">
<kw name="GET On Session" owner="RequestsLibrary">
<msg time="2024-07-09T05:15:06.100371" level="INFO">GET Request : url=https://randomuser.me/api 
 path_url=/api 
 headers={'User-Agent': 'python-requests/2.32.3', 'Accept-Encoding': 'gzip, deflate', 'Accept': '*/*', 'Connection': 'keep-alive'} 
 body=None 
 </msg>
<msg time="2024-07-09T05:15:06.100443" level="INFO">GET Response : url=https://randomuser.me/api 
 status=200, reason=OK 
 headers={'Date': 'Tue, 09 Jul 2024 05:15:06 GMT', 'Content-Type': 'application/json; charset=utf-8', 'Transfer-Encoding': 'chunked', 'Connection': 'keep-alive', 'X-Powered-By': 'Express', 'Access-Control-Allow-Origin': '*', 'Cache-Control': 'no-cache', 'ETag': 'W/"4b8-hqWkDgBb7N4A8rxtS/AxFKgknDY"', 'Vary': 'Accept-Encoding', 'Content-Encoding': 'gzip', 'CF-Cache-Status': 'DYNAMIC', 'Report-To': '{"endpoints":[{"url":"https:\\/\\/a.nel.cloudflare.com\\/report\\/v4?s=wVPhFxlSUkBaeVbBFIip3jyg8%2FpsWt7LRf3vUlwdkJZbNrkmKCQXI%2BmFfdF9S7ft%2Bw0H5Cdf%2FqG6iz2RoXraanX%2FLdN5oOJZRiELvr%2BJS2KQ70k1wEdGsZQEC7GyjNJh"}],"group":"cf-nel","max_age":604800}', 'NEL': '{"success_fraction":0,"report_to":"cf-nel","max_age":604800}', 'Server': 'cloudflare', 'CF-RAY': '8a05d5928bd1011d-ORD', 'alt-svc': 'h3=":443"; ma=86400'} 
 body={"results":[{"gender":"male","name":{"title":"Monsieur","first":"Massimiliano","last":"Gaillard"},"location":{"street":{"number":4753,"name":"Rue des Écoles"},"city":"Prévondavaux","state":"Schwyz","country":"Switzerland","postcode":5260,"coordinates":{"latitude":"-63.2989","longitude":"-143.7751"},"timezone":{"offset":"-5:00","description":"Eastern Time (US &amp; Canada), Bogota, Lima"}},"email":"massimiliano.gaillard@example.com","login":{"uuid":"a537baa2-55ed-4d5c-bcea-b3717b883088","username":"whiteostrich764","password":"scottie","salt":"wv3Z3wUD","md5":"261ee8995127ef09426486aaecea9ba5","sha1":"9b667d5e268c850170a2eb48f93c085541e11ed9","sha256":"bd8628717dfec97e5aa7182e279a88c912fd0f7d4f8cdd146ba045e3a1f4b06a"},"dob":{"date":"1956-06-30T08:36:43.129Z","age":68},"registered":{"date":"2011-02-01T12:27:13.578Z","age":13},"phone":"078 552 05 50","cell":"078 471 18 00","id":{"name":"AVS","value":"756.8652.0712.80"},"picture":{"large":"https://randomuser.me/api/portraits/men/8.jpg","medium":"https://randomuser.me/api/portraits/med/men/8.jpg","thumbnail":"https://randomuser.me/api/portraits/thumb/men/8.jpg"},"nat":"CH"}],"info":{"seed":"8a7d2307686f58e8","results":1,"page":1,"version":"1.4"}} 
 </msg>
<msg time="2024-07-09T05:15:06.100522" level="INFO">/opt/hostedtoolcache/Python/3.12.4/x64/lib/python3.12/site-packages/urllib3/connectionpool.py:1099: InsecureRequestWarning: Unverified HTTPS request is being made to host 'randomuser.me'. Adding certificate verification is strongly advised. See: https://urllib3.readthedocs.io/en/latest/advanced-usage.html#tls-warnings
  warnings.warn(</msg>
<msg time="2024-07-09T05:15:06.100626" level="INFO">${response} = &lt;Response [200]&gt;</msg>
<var>${response}</var>
<arg>consultarAPI</arg>
<arg>/api</arg>
<doc>Sends a GET request on a previously created HTTP Session.</doc>
<status status="PASS" start="2024-07-09T05:15:06.009401" elapsed="0.091266"/>
</kw>
<kw name="Set Variable" owner="BuiltIn">
<msg time="2024-07-09T05:15:06.101744" level="INFO">${json_data} = {'results': [{'gender': 'male', 'name': {'title': 'Monsieur', 'first': 'Massimiliano', 'last': 'Gaillard'}, 'location': {'street': {'number': 4753, 'name': 'Rue des Écoles'}, 'city': 'Prévondavaux', '...</msg>
<var>${json_data}</var>
<arg>${response.json()}</arg>
<doc>Returns the given values which can then be assigned to a variables.</doc>
<status status="PASS" start="2024-07-09T05:15:06.101171" elapsed="0.000603"/>
</kw>
<kw name="Set Variable" owner="BuiltIn">
<msg time="2024-07-09T05:15:06.102467" level="INFO">${name_title} = Monsieur</msg>
<var>${name_title}</var>
<arg>${json_data["results"][0]["name"]["title"]}</arg>
<doc>Returns the given values which can then be assigned to a variables.</doc>
<status status="PASS" start="2024-07-09T05:15:06.102082" elapsed="0.000451"/>
</kw>
<kw name="Create List" owner="BuiltIn">
<msg time="2024-07-09T05:15:06.102996" level="INFO">${allowed_titles} = ['Mr', 'Ms', 'Miss', 'Mrs', 'Madame', 'Monsieur']</msg>
<var>${allowed_titles}</var>
<arg>Mr</arg>
<arg>Ms</arg>
<arg>Miss</arg>
<arg>Mrs</arg>
<arg>Madame</arg>
<arg>Monsieur</arg>
<doc>Returns a list containing given items.</doc>
<status status="PASS" start="2024-07-09T05:15:06.102844" elapsed="0.000176"/>
</kw>
<kw name="List Should Contain Value" owner="Collections">
<arg>${allowed_titles}</arg>
<arg>${name_title}</arg>
<doc>Fails if the ``value`` is not found from ``list``.</doc>
<status status="PASS" start="2024-07-09T05:15:06.103320" elapsed="0.000180"/>
</kw>
<kw name="Set Variable" owner="BuiltIn">
<msg time="2024-07-09T05:15:06.104046" level="INFO">${name_country} = CH</msg>
<var>${name_country}</var>
<arg>${json_data["results"][0]["nat"]}</arg>
<doc>Returns the given values which can then be assigned to a variables.</doc>
<status status="PASS" start="2024-07-09T05:15:06.103681" elapsed="0.000391"/>
</kw>
<kw name="Create List" owner="BuiltIn">
<msg time="2024-07-09T05:15:06.104966" level="INFO">${list_country} = ['AD', 'AE', 'AF', 'AG', 'AI', 'AL', 'AM', 'AO', 'AQ', 'AR', 'AS', 'AT', 'AU', 'AW', 'AX', 'AZ', 'BA', 'BB', 'BD', 'BE', 'BF', 'BG', 'BH', 'BI', 'BJ', 'BL', 'BM', 'BN', 'BO', 'BQ', 'BR', 'BS', 'BT', '...</msg>
<var>${list_country}</var>
<arg>AD</arg>
<arg>AE</arg>
<arg>AF</arg>
<arg>AG</arg>
<arg>AI</arg>
<arg>AL</arg>
<arg>AM</arg>
<arg>AO</arg>
<arg>AQ</arg>
<arg>AR</arg>
<arg>AS</arg>
<arg>AT</arg>
<arg>AU</arg>
<arg>AW</arg>
<arg>AX</arg>
<arg>AZ</arg>
<arg>BA</arg>
<arg>BB</arg>
<arg>BD</arg>
<arg>BE</arg>
<arg>BF</arg>
<arg>BG</arg>
<arg>BH</arg>
<arg>BI</arg>
<arg>BJ</arg>
<arg>BL</arg>
<arg>BM</arg>
<arg>BN</arg>
<arg>BO</arg>
<arg>BQ</arg>
<arg>BR</arg>
<arg>BS</arg>
<arg>BT</arg>
<arg>BV</arg>
<arg>BW</arg>
<arg>BY</arg>
<arg>BZ</arg>
<arg>CA</arg>
<arg>CC</arg>
<arg>CD</arg>
<arg>CF</arg>
<arg>CG</arg>
<arg>CH</arg>
<arg>CI</arg>
<arg>CK</arg>
<arg>CL</arg>
<arg>CM</arg>
<arg>CN</arg>
<arg>CO</arg>
<arg>CR</arg>
<arg>CU</arg>
<arg>CV</arg>
<arg>CW</arg>
<arg>CX</arg>
<arg>CY</arg>
<arg>CZ</arg>
<arg>DE</arg>
<arg>DJ</arg>
<arg>DK</arg>
<arg>DM</arg>
<arg>DO</arg>
<arg>DZ</arg>
<arg>EC</arg>
<arg>EE</arg>
<arg>EG</arg>
<arg>EH</arg>
<arg>ER</arg>
<arg>ES</arg>
<arg>ET</arg>
<arg>FI</arg>
<arg>FJ</arg>
<arg>FK</arg>
<arg>FM</arg>
<arg>FO</arg>
<arg>FR</arg>
<arg>GA</arg>
<arg>GB</arg>
<arg>GD</arg>
<arg>GE</arg>
<arg>GF</arg>
<arg>GG</arg>
<arg>GH</arg>
<arg>GI</arg>
<arg>GL</arg>
<arg>GM</arg>
<arg>GN</arg>
<arg>GP</arg>
<arg>GQ</arg>
<arg>GR</arg>
<arg>GS</arg>
<arg>GT</arg>
<arg>GU</arg>
<arg>GW</arg>
<arg>GY</arg>
<arg>HK</arg>
<arg>HM</arg>
<arg>HN</arg>
<arg>HR</arg>
<arg>HT</arg>
<arg>HU</arg>
<arg>ID</arg>
<arg>IE</arg>
<arg>IL</arg>
<arg>IM</arg>
<arg>IN</arg>
<arg>IO</arg>
<arg>IQ</arg>
<arg>IR</arg>
<arg>IS</arg>
<arg>IT</arg>
<arg>JE</arg>
<arg>JM</arg>
<arg>JO</arg>
<arg>JP</arg>
<arg>KE</arg>
<arg>KG</arg>
<arg>KH</arg>
<arg>KI</arg>
<arg>KM</arg>
<arg>KN</arg>
<arg>KP</arg>
<arg>KR</arg>
<arg>KW</arg>
<arg>KY</arg>
<arg>KZ</arg>
<arg>LA</arg>
<arg>LB</arg>
<arg>LC</arg>
<arg>LI</arg>
<arg>LK</arg>
<arg>LR</arg>
<arg>LS</arg>
<arg>LT</arg>
<arg>LU</arg>
<arg>LV</arg>
<arg>LY</arg>
<arg>MA</arg>
<arg>MC</arg>
<arg>MD</arg>
<arg>ME</arg>
<arg>MF</arg>
<arg>MG</arg>
<arg>MH</arg>
<arg>MK</arg>
<arg>ML</arg>
<arg>MM</arg>
<arg>MN</arg>
<arg>MO</arg>
<arg>MP</arg>
<arg>MQ</arg>
<arg>MR</arg>
<arg>MS</arg>
<arg>MT</arg>
<arg>MU</arg>
<arg>MV</arg>
<arg>MW</arg>
<arg>MX</arg>
<arg>MY</arg>
<arg>MZ</arg>
<arg>NA</arg>
<arg>NC</arg>
<arg>NE</arg>
<arg>NF</arg>
<arg>NG</arg>
<arg>NI</arg>
<arg>NL</arg>
<arg>NO</arg>
<arg>NP</arg>
<arg>NR</arg>
<arg>NU</arg>
<arg>NZ</arg>
<arg>OM</arg>
<arg>PA</arg>
<arg>PE</arg>
<arg>PF</arg>
<arg>PG</arg>
<arg>PH</arg>
<arg>PK</arg>
<arg>PL</arg>
<arg>PM</arg>
<arg>PN</arg>
<arg>PR</arg>
<arg>PS</arg>
<arg>PT</arg>
<arg>PW</arg>
<arg>PY</arg>
<arg>QA</arg>
<arg>RE</arg>
<arg>RO</arg>
<arg>RS</arg>
<arg>RU</arg>
<arg>RW</arg>
<arg>SA</arg>
<arg>SB</arg>
<arg>SC</arg>
<arg>SD</arg>
<arg>SE</arg>
<arg>SG</arg>
<arg>SH</arg>
<arg>SI</arg>
<arg>SJ</arg>
<arg>SK</arg>
<arg>SL</arg>
<arg>SM</arg>
<arg>SN</arg>
<arg>SO</arg>
<arg>SR</arg>
<arg>SS</arg>
<arg>ST</arg>
<arg>SV</arg>
<arg>SX</arg>
<arg>SY</arg>
<arg>SZ</arg>
<arg>TC</arg>
<arg>TD</arg>
<arg>TF</arg>
<arg>TG</arg>
<arg>TH</arg>
<arg>TJ</arg>
<arg>TK</arg>
<arg>TL</arg>
<arg>TM</arg>
<arg>TN</arg>
<arg>TO</arg>
<arg>TR</arg>
<arg>TT</arg>
<arg>TV</arg>
<arg>TW</arg>
<arg>TZ</arg>
<arg>UA</arg>
<arg>UG</arg>
<arg>UM</arg>
<arg>US</arg>
<arg>UY</arg>
<arg>UZ</arg>
<arg>VA</arg>
<arg>VC</arg>
<arg>VE</arg>
<arg>VG</arg>
<arg>VI</arg>
<arg>VN</arg>
<arg>VU</arg>
<arg>WF</arg>
<arg>WS</arg>
<arg>XK</arg>
<arg>YE</arg>
<arg>YT</arg>
<arg>ZA</arg>
<arg>ZM</arg>
<arg>ZW</arg>
<doc>Returns a list containing given items.</doc>
<status status="PASS" start="2024-07-09T05:15:06.104371" elapsed="0.000622"/>
</kw>
<kw name="List Should Contain Value" owner="Collections">
<arg>${list_country}</arg>
<arg>${name_country}</arg>
<doc>Fails if the ``value`` is not found from ``list``.</doc>
<status status="PASS" start="2024-07-09T05:15:06.105791" elapsed="0.000200"/>
</kw>
<kw name="Run Keyword If" owner="BuiltIn">
<kw name="Should Be True" owner="BuiltIn">
<arg>${True}</arg>
<doc>Fails if the given condition is not true.</doc>
<status status="PASS" start="2024-07-09T05:15:06.106976" elapsed="0.000146"/>
</kw>
<arg>${json_data["results"][0]["location"]["coordinates"]["latitude"]} &gt;= -90 and ${json_data["results"][0]["location"]["coordinates"]["latitude"]} &lt;= 90</arg>
<arg>Should Be True</arg>
<arg>${True}</arg>
<doc>Runs the given keyword with the given arguments, if ``condition`` is true.</doc>
<status status="PASS" start="2024-07-09T05:15:06.106196" elapsed="0.001054"/>
</kw>
<kw name="Run Keyword If" owner="BuiltIn">
<kw name="Should Be True" owner="BuiltIn">
<arg>${True}</arg>
<doc>Fails if the given condition is not true.</doc>
<status status="PASS" start="2024-07-09T05:15:06.108143" elapsed="0.000139"/>
</kw>
<arg>${json_data["results"][0]["location"]["coordinates"]["longitude"]} &gt;= -180 and ${json_data["results"][0]["location"]["coordinates"]["longitude"]} &lt;= 180</arg>
<arg>Should Be True</arg>
<arg>${True}</arg>
<doc>Runs the given keyword with the given arguments, if ``condition`` is true.</doc>
<status status="PASS" start="2024-07-09T05:15:06.107434" elapsed="0.000973"/>
</kw>
<status status="PASS" start="2024-07-09T05:15:06.008972" elapsed="0.099568"/>
</kw>
<doc>Testa o conteúdo específico dos campos retornados pela API.</doc>
<tag>testeConteudo</tag>
<status status="PASS" start="2024-07-09T05:15:06.008434" elapsed="0.100260"/>
</test>
<status status="PASS" start="2024-07-09T05:15:05.269422" elapsed="0.841290"/>
</suite>
<status status="PASS" start="2024-07-09T05:15:05.255061" elapsed="0.860904"/>
</suite>
<statistics>
<total>
<stat pass="5" fail="0" skip="0">All Tests</stat>
</total>
<tag>
<stat pass="1" fail="0" skip="0">testeConteudo</stat>
<stat pass="1" fail="0" skip="0">testeEstruturaResposta</stat>
<stat pass="1" fail="0" skip="0">testeRequisicaoBasica</stat>
<stat pass="1" fail="0" skip="0">testeTiposDados</stat>
</tag>
<suite>
<stat pass="5" fail="0" skip="0" id="s1" name="Tests">Tests</stat>
<stat pass="5" fail="0" skip="0" id="s1-s1" name="Random-User-Test">Tests.Random-User-Test</stat>
</suite>
</statistics>
<errors>
</errors>
</robot>
